<?xml version="1.0" encoding="UTF-8"?>
<testsuite xmlns:xsi="http://www.w3.org/2001/XMLSchema-instance" xsi:noNamespaceSchemaLocation="https://maven.apache.org/surefire/maven-surefire-plugin/xsd/surefire-test-report.xsd" name="org.apache.hadoop.ozone.om.TestOzoneManagerHAWithData" time="370.052" tests="12" errors="0" skipped="1" failures="1">
  <properties>
    <property name="awt.toolkit" value="sun.awt.X11.XToolkit"/>
    <property name="file.encoding.pkg" value="sun.io"/>
    <property name="java.specification.version" value="1.8"/>
    <property name="sun.cpu.isalist" value=""/>
    <property name="sun.jnu.encoding" value="ANSI_X3.4-1968"/>
    <property name="java.class.path" value="/github/workspace/mnt/ozone/hadoop-ozone/integration-test/target/test-classes:/github/workspace/mnt/ozone/hadoop-ozone/integration-test/target/classes:/home/user/.m2/repository/org/apache/hadoop/hadoop-ozone-common/1.1.0-SNAPSHOT/hadoop-ozone-common-1.1.0-SNAPSHOT.jar:/home/user/.m2/repository/org/apache/commons/commons-compress/1.4.1/commons-compress-1.4.1.jar:/home/user/.m2/repository/org/tukaani/xz/1.0/xz-1.0.jar:/home/user/.m2/repository/org/apache/hadoop/hadoop-hdds-common/1.1.0-SNAPSHOT/hadoop-hdds-common-1.1.0-SNAPSHOT.jar:/home/user/.m2/repository/org/apache/hadoop/hadoop-hdds-client/1.1.0-SNAPSHOT/hadoop-hdds-client-1.1.0-SNAPSHOT.jar:/home/user/.m2/repository/org/apache/hadoop/hadoop-ozone-interface-client/1.1.0-SNAPSHOT/hadoop-ozone-interface-client-1.1.0-SNAPSHOT.jar:/home/user/.m2/repository/org/apache/hadoop/hadoop-hdds-test-utils/1.1.0-SNAPSHOT/hadoop-hdds-test-utils-1.1.0-SNAPSHOT.jar:/home/user/.m2/repository/com/google/guava/guava/28.2-jre/guava-28.2-jre.jar:/home/user/.m2/repository/com/google/guava/failureaccess/1.0.1/failureaccess-1.0.1.jar:/home/user/.m2/repository/com/google/guava/listenablefuture/9999.0-empty-to-avoid-conflict-with-guava/listenablefuture-9999.0-empty-to-avoid-conflict-with-guava.jar:/home/user/.m2/repository/com/google/code/findbugs/jsr305/3.0.0/jsr305-3.0.0.jar:/home/user/.m2/repository/org/checkerframework/checker-qual/2.10.0/checker-qual-2.10.0.jar:/home/user/.m2/repository/com/google/errorprone/error_prone_annotations/2.2.0/error_prone_annotations-2.2.0.jar:/home/user/.m2/repository/com/google/j2objc/j2objc-annotations/1.3/j2objc-annotations-1.3.jar:/home/user/.m2/repository/commons-io/commons-io/2.5/commons-io-2.5.jar:/home/user/.m2/repository/commons-logging/commons-logging/1.2/commons-logging-1.2.jar:/home/user/.m2/repository/log4j/log4j/1.2.17/log4j-1.2.17.jar:/home/user/.m2/repository/org/slf4j/slf4j-api/1.7.30/slf4j-api-1.7.30.jar:/home/user/.m2/repository/org/apache/hadoop/hadoop-hdds-server-scm/1.1.0-SNAPSHOT/hadoop-hdds-server-scm-1.1.0-SNAPSHOT.jar:/home/user/.m2/repository/org/apache/hadoop/hadoop-hdds-container-service/1.1.0-SNAPSHOT/hadoop-hdds-container-service-1.1.0-SNAPSHOT.jar:/home/user/.m2/repository/org/apache/hadoop/hadoop-hdds-hadoop-dependency-server/1.1.0-SNAPSHOT/hadoop-hdds-hadoop-dependency-server-1.1.0-SNAPSHOT.jar:/home/user/.m2/repository/org/apache/hadoop/hadoop-hdfs/3.2.1/hadoop-hdfs-3.2.1.jar:/home/user/.m2/repository/org/apache/hadoop/hadoop-hdds-server-framework/1.1.0-SNAPSHOT/hadoop-hdds-server-framework-1.1.0-SNAPSHOT.jar:/home/user/.m2/repository/org/apache/hadoop/hadoop-hdds-interface-server/1.1.0-SNAPSHOT/hadoop-hdds-interface-server-1.1.0-SNAPSHOT.jar:/home/user/.m2/repository/org/apache/hadoop/hadoop-hdds-interface-admin/1.1.0-SNAPSHOT/hadoop-hdds-interface-admin-1.1.0-SNAPSHOT.jar:/home/user/.m2/repository/org/eclipse/jetty/jetty-servlet/9.4.34.v20201102/jetty-servlet-9.4.34.v20201102.jar:/home/user/.m2/repository/org/eclipse/jetty/jetty-security/9.4.34.v20201102/jetty-security-9.4.34.v20201102.jar:/home/user/.m2/repository/org/rocksdb/rocksdbjni/6.8.1/rocksdbjni-6.8.1.jar:/home/user/.m2/repository/io/prometheus/simpleclient_dropwizard/0.7.0/simpleclient_dropwizard-0.7.0.jar:/home/user/.m2/repository/io/prometheus/simpleclient/0.7.0/simpleclient-0.7.0.jar:/home/user/.m2/repository/io/prometheus/simpleclient_common/0.7.0/simpleclient_common-0.7.0.jar:/home/user/.m2/repository/com/fasterxml/jackson/datatype/jackson-datatype-jsr310/2.10.3/jackson-datatype-jsr310-2.10.3.jar:/home/user/.m2/repository/io/dropwizard/metrics/metrics-core/3.2.4/metrics-core-3.2.4.jar:/home/user/.m2/repository/org/apache/hadoop/hadoop-hdfs-client/3.2.1/hadoop-hdfs-client-3.2.1.jar:/home/user/.m2/repository/org/bouncycastle/bcprov-jdk15on/1.67/bcprov-jdk15on-1.67.jar:/home/user/.m2/repository/org/apache/hadoop/hadoop-ozone-ozone-manager/1.1.0-SNAPSHOT/hadoop-ozone-ozone-manager-1.1.0-SNAPSHOT.jar:/home/user/.m2/repository/org/apache/hadoop/hadoop-hdds-interface-client/1.1.0-SNAPSHOT/hadoop-hdds-interface-client-1.1.0-SNAPSHOT.jar:/home/user/.m2/repository/org/apache/ratis/ratis-thirdparty-misc/0.6.0-SNAPSHOT/ratis-thirdparty-misc-0.6.0-SNAPSHOT.jar:/home/user/.m2/repository/org/apache/hadoop/hadoop-ozone-interface-storage/1.1.0-SNAPSHOT/hadoop-ozone-interface-storage-1.1.0-SNAPSHOT.jar:/home/user/.m2/repository/org/apache/hadoop/hadoop-minikdc/3.2.1/hadoop-minikdc-3.2.1.jar:/home/user/.m2/repository/org/apache/kerby/kerb-simplekdc/1.0.1/kerb-simplekdc-1.0.1.jar:/home/user/.m2/repository/org/apache/kerby/kerb-client/1.0.1/kerb-client-1.0.1.jar:/home/user/.m2/repository/org/apache/kerby/kerby-config/1.0.1/kerby-config-1.0.1.jar:/home/user/.m2/repository/org/apache/kerby/kerb-core/1.0.1/kerb-core-1.0.1.jar:/home/user/.m2/repository/org/apache/kerby/kerby-pkix/1.0.1/kerby-pkix-1.0.1.jar:/home/user/.m2/repository/org/apache/kerby/kerby-asn1/1.0.1/kerby-asn1-1.0.1.jar:/home/user/.m2/repository/org/apache/kerby/kerby-util/1.0.1/kerby-util-1.0.1.jar:/home/user/.m2/repository/org/apache/kerby/kerb-common/1.0.1/kerb-common-1.0.1.jar:/home/user/.m2/repository/org/apache/kerby/kerb-crypto/1.0.1/kerb-crypto-1.0.1.jar:/home/user/.m2/repository/org/apache/kerby/kerb-util/1.0.1/kerb-util-1.0.1.jar:/home/user/.m2/repository/org/apache/kerby/token-provider/1.0.1/token-provider-1.0.1.jar:/home/user/.m2/repository/org/apache/kerby/kerb-admin/1.0.1/kerb-admin-1.0.1.jar:/home/user/.m2/repository/org/apache/kerby/kerb-server/1.0.1/kerb-server-1.0.1.jar:/home/user/.m2/repository/org/apache/kerby/kerb-identity/1.0.1/kerb-identity-1.0.1.jar:/home/user/.m2/repository/org/apache/kerby/kerby-xdr/1.0.1/kerby-xdr-1.0.1.jar:/home/user/.m2/repository/org/slf4j/slf4j-log4j12/1.7.30/slf4j-log4j12-1.7.30.jar:/home/user/.m2/repository/org/apache/hadoop/hadoop-ozone-s3gateway/1.1.0-SNAPSHOT/hadoop-ozone-s3gateway-1.1.0-SNAPSHOT.jar:/home/user/.m2/repository/org/jboss/weld/servlet/weld-servlet/2.4.7.Final/weld-servlet-2.4.7.Final.jar:/home/user/.m2/repository/org/glassfish/jersey/containers/jersey-container-servlet-core/2.27/jersey-container-servlet-core-2.27.jar:/home/user/.m2/repository/org/glassfish/hk2/external/javax.inject/2.5.0-b42/javax.inject-2.5.0-b42.jar:/home/user/.m2/repository/org/glassfish/jersey/core/jersey-common/2.27/jersey-common-2.27.jar:/home/user/.m2/repository/org/glassfish/hk2/osgi-resource-locator/1.0.1/osgi-resource-locator-1.0.1.jar:/home/user/.m2/repository/javax/ws/rs/javax.ws.rs-api/2.1/javax.ws.rs-api-2.1.jar:/home/user/.m2/repository/org/glassfish/jersey/ext/cdi/jersey-cdi1x/2.27/jersey-cdi1x-2.27.jar:/home/user/.m2/repository/org/glassfish/jersey/inject/jersey-hk2/2.27/jersey-hk2-2.27.jar:/home/user/.m2/repository/org/glassfish/hk2/hk2-locator/2.5.0-b42/hk2-locator-2.5.0-b42.jar:/home/user/.m2/repository/org/javassist/javassist/3.22.0-CR2/javassist-3.22.0-CR2.jar:/home/user/.m2/repository/org/glassfish/hk2/hk2-api/2.5.0/hk2-api-2.5.0.jar:/home/user/.m2/repository/org/glassfish/hk2/external/jakarta.inject/2.5.0/jakarta.inject-2.5.0.jar:/home/user/.m2/repository/org/glassfish/hk2/hk2-utils/2.5.0/hk2-utils-2.5.0.jar:/home/user/.m2/repository/jakarta/annotation/jakarta.annotation-api/1.3.4/jakarta.annotation-api-1.3.4.jar:/home/user/.m2/repository/org/glassfish/hk2/external/aopalliance-repackaged/2.5.0/aopalliance-repackaged-2.5.0.jar:/home/user/.m2/repository/com/fasterxml/jackson/dataformat/jackson-dataformat-xml/2.10.3/jackson-dataformat-xml-2.10.3.jar:/home/user/.m2/repository/com/fasterxml/jackson/core/jackson-core/2.10.3/jackson-core-2.10.3.jar:/home/user/.m2/repository/com/fasterxml/jackson/module/jackson-module-jaxb-annotations/2.10.3/jackson-module-jaxb-annotations-2.10.3.jar:/home/user/.m2/repository/jakarta/xml/bind/jakarta.xml.bind-api/2.3.2/jakarta.xml.bind-api-2.3.2.jar:/home/user/.m2/repository/jakarta/activation/jakarta.activation-api/1.2.1/jakarta.activation-api-1.2.1.jar:/home/user/.m2/repository/org/codehaus/woodstox/stax2-api/3.1.4/stax2-api-3.1.4.jar:/home/user/.m2/repository/com/fasterxml/woodstox/woodstox-core/5.0.3/woodstox-core-5.0.3.jar:/home/user/.m2/repository/javax/enterprise/cdi-api/1.2/cdi-api-1.2.jar:/home/user/.m2/repository/javax/el/javax.el-api/3.0.0/javax.el-api-3.0.0.jar:/home/user/.m2/repository/javax/interceptor/javax.interceptor-api/1.2/javax.interceptor-api-1.2.jar:/home/user/.m2/repository/javax/inject/javax.inject/1/javax.inject-1.jar:/home/user/.m2/repository/com/sun/xml/bind/jaxb-impl/2.3.0.1/jaxb-impl-2.3.0.1.jar:/home/user/.m2/repository/com/sun/xml/bind/jaxb-core/2.3.0.1/jaxb-core-2.3.0.1.jar:/home/user/.m2/repository/javax/xml/bind/jaxb-api/2.3.0/jaxb-api-2.3.0.jar:/home/user/.m2/repository/javax/activation/activation/1.1.1/activation-1.1.1.jar:/home/user/.m2/repository/org/apache/hadoop/hadoop-ozone-csi/1.1.0-SNAPSHOT/hadoop-ozone-csi-1.1.0-SNAPSHOT.jar:/home/user/.m2/repository/com/google/protobuf/protobuf-java-util/3.11.0/protobuf-java-util-3.11.0.jar:/home/user/.m2/repository/com/google/code/gson/gson/2.2.4/gson-2.2.4.jar:/home/user/.m2/repository/org/apache/hadoop/hadoop-hdds-config/1.1.0-SNAPSHOT/hadoop-hdds-config-1.1.0-SNAPSHOT.jar:/home/user/.m2/repository/com/google/protobuf/protobuf-java/2.5.0/protobuf-java-2.5.0.jar:/home/user/.m2/repository/io/grpc/grpc-netty/1.29.0/grpc-netty-1.29.0.jar:/home/user/.m2/repository/io/grpc/grpc-core/1.29.0/grpc-core-1.29.0.jar:/home/user/.m2/repository/com/google/android/annotations/4.1.1.4/annotations-4.1.1.4.jar:/home/user/.m2/repository/io/perfmark/perfmark-api/0.19.0/perfmark-api-0.19.0.jar:/home/user/.m2/repository/io/netty/netty-codec-http2/4.1.48.Final/netty-codec-http2-4.1.48.Final.jar:/home/user/.m2/repository/io/netty/netty-codec/4.1.48.Final/netty-codec-4.1.48.Final.jar:/home/user/.m2/repository/io/netty/netty-handler/4.1.48.Final/netty-handler-4.1.48.Final.jar:/home/user/.m2/repository/io/netty/netty-codec-http/4.1.48.Final/netty-codec-http-4.1.48.Final.jar:/home/user/.m2/repository/io/netty/netty-handler-proxy/4.1.48.Final/netty-handler-proxy-4.1.48.Final.jar:/home/user/.m2/repository/io/netty/netty-codec-socks/4.1.48.Final/netty-codec-socks-4.1.48.Final.jar:/home/user/.m2/repository/io/netty/netty-transport-native-epoll/4.1.48.Final/netty-transport-native-epoll-4.1.48.Final.jar:/home/user/.m2/repository/io/netty/netty-common/4.1.48.Final/netty-common-4.1.48.Final.jar:/home/user/.m2/repository/io/netty/netty-buffer/4.1.48.Final/netty-buffer-4.1.48.Final.jar:/home/user/.m2/repository/io/netty/netty-transport/4.1.48.Final/netty-transport-4.1.48.Final.jar:/home/user/.m2/repository/io/netty/netty-resolver/4.1.48.Final/netty-resolver-4.1.48.Final.jar:/home/user/.m2/repository/io/netty/netty-transport-native-unix-common/4.1.48.Final/netty-transport-native-unix-common-4.1.48.Final.jar:/home/user/.m2/repository/io/grpc/grpc-protobuf/1.29.0/grpc-protobuf-1.29.0.jar:/home/user/.m2/repository/io/grpc/grpc-api/1.29.0/grpc-api-1.29.0.jar:/home/user/.m2/repository/io/grpc/grpc-context/1.29.0/grpc-context-1.29.0.jar:/home/user/.m2/repository/org/codehaus/mojo/animal-sniffer-annotations/1.18/animal-sniffer-annotations-1.18.jar:/home/user/.m2/repository/com/google/api/grpc/proto-google-common-protos/1.17.0/proto-google-common-protos-1.17.0.jar:/home/user/.m2/repository/io/grpc/grpc-protobuf-lite/1.29.0/grpc-protobuf-lite-1.29.0.jar:/home/user/.m2/repository/io/grpc/grpc-stub/1.29.0/grpc-stub-1.29.0.jar:/home/user/.m2/repository/org/apache/hadoop/hadoop-ozone-recon/1.1.0-SNAPSHOT/hadoop-ozone-recon-1.1.0-SNAPSHOT.jar:/home/user/.m2/repository/org/apache/hadoop/hadoop-ozone-reconcodegen/1.1.0-SNAPSHOT/hadoop-ozone-reconcodegen-1.1.0-SNAPSHOT.jar:/home/user/.m2/repository/com/google/inject/extensions/guice-multibindings/4.0/guice-multibindings-4.0.jar:/home/user/.m2/repository/com/google/inject/guice/4.0/guice-4.0.jar:/home/user/.m2/repository/aopalliance/aopalliance/1.0/aopalliance-1.0.jar:/home/user/.m2/repository/com/google/inject/extensions/guice-assistedinject/4.0/guice-assistedinject-4.0.jar:/home/user/.m2/repository/com/google/inject/extensions/guice-servlet/4.0/guice-servlet-4.0.jar:/home/user/.m2/repository/org/glassfish/jersey/containers/jersey-container-servlet/2.27/jersey-container-servlet-2.27.jar:/home/user/.m2/repository/org/glassfish/hk2/guice-bridge/2.5.0/guice-bridge-2.5.0.jar:/home/user/.m2/repository/org/glassfish/jersey/core/jersey-server/2.27/jersey-server-2.27.jar:/home/user/.m2/repository/org/glassfish/jersey/core/jersey-client/2.27/jersey-client-2.27.jar:/home/user/.m2/repository/org/glassfish/jersey/media/jersey-media-jaxb/2.27/jersey-media-jaxb-2.27.jar:/home/user/.m2/repository/javax/validation/validation-api/1.1.0.Final/validation-api-1.1.0.Final.jar:/home/user/.m2/repository/org/glassfish/jersey/media/jersey-media-json-jackson/2.27/jersey-media-json-jackson-2.27.jar:/home/user/.m2/repository/org/glassfish/jersey/ext/jersey-entity-filtering/2.27/jersey-entity-filtering-2.27.jar:/home/user/.m2/repository/org/jooq/jooq/3.11.10/jooq-3.11.10.jar:/home/user/.m2/repository/org/jooq/jooq-meta/3.11.10/jooq-meta-3.11.10.jar:/home/user/.m2/repository/org/jooq/jooq-codegen/3.11.10/jooq-codegen-3.11.10.jar:/home/user/.m2/repository/com/jolbox/bonecp/0.8.0.RELEASE/bonecp-0.8.0.RELEASE.jar:/home/user/.m2/repository/org/apache/derby/derby/10.14.2.0/derby-10.14.2.0.jar:/home/user/.m2/repository/org/xerial/sqlite-jdbc/3.25.2/sqlite-jdbc-3.25.2.jar:/home/user/.m2/repository/org/springframework/spring-jdbc/5.2.11.RELEASE/spring-jdbc-5.2.11.RELEASE.jar:/home/user/.m2/repository/org/springframework/spring-beans/5.2.11.RELEASE/spring-beans-5.2.11.RELEASE.jar:/home/user/.m2/repository/org/springframework/spring-core/5.2.11.RELEASE/spring-core-5.2.11.RELEASE.jar:/home/user/.m2/repository/org/springframework/spring-jcl/5.2.11.RELEASE/spring-jcl-5.2.11.RELEASE.jar:/home/user/.m2/repository/org/springframework/spring-tx/5.2.11.RELEASE/spring-tx-5.2.11.RELEASE.jar:/home/user/.m2/repository/org/apache/hadoop/hadoop-ozone-client/1.1.0-SNAPSHOT/hadoop-ozone-client-1.1.0-SNAPSHOT.jar:/home/user/.m2/repository/org/apache/hadoop/hadoop-ozone-filesystem/1.1.0-SNAPSHOT/hadoop-ozone-filesystem-1.1.0-SNAPSHOT.jar:/home/user/.m2/repository/org/apache/hadoop/hadoop-ozone-filesystem-common/1.1.0-SNAPSHOT/hadoop-ozone-filesystem-common-1.1.0-SNAPSHOT.jar:/home/user/.m2/repository/org/apache/hadoop/hadoop-ozone-tools/1.1.0-SNAPSHOT/hadoop-ozone-tools-1.1.0-SNAPSHOT.jar:/home/user/.m2/repository/org/apache/ratis/ratis-tools/1.1.0-35f17fa-SNAPSHOT/ratis-tools-1.1.0-35f17fa-SNAPSHOT.jar:/home/user/.m2/repository/org/apache/ratis/ratis-proto/1.1.0-35f17fa-SNAPSHOT/ratis-proto-1.1.0-35f17fa-SNAPSHOT.jar:/home/user/.m2/repository/org/apache/ratis/ratis-common/1.1.0-35f17fa-SNAPSHOT/ratis-common-1.1.0-35f17fa-SNAPSHOT.jar:/home/user/.m2/repository/com/amazonaws/aws-java-sdk-core/1.11.901/aws-java-sdk-core-1.11.901.jar:/home/user/.m2/repository/org/apache/httpcomponents/httpclient/4.5.13/httpclient-4.5.13.jar:/home/user/.m2/repository/org/apache/httpcomponents/httpcore/4.4.13/httpcore-4.4.13.jar:/home/user/.m2/repository/software/amazon/ion/ion-java/1.0.2/ion-java-1.0.2.jar:/home/user/.m2/repository/com/fasterxml/jackson/dataformat/jackson-dataformat-cbor/2.10.3/jackson-dataformat-cbor-2.10.3.jar:/home/user/.m2/repository/joda-time/joda-time/2.8.1/joda-time-2.8.1.jar:/home/user/.m2/repository/com/amazonaws/aws-java-sdk-s3/1.11.901/aws-java-sdk-s3-1.11.901.jar:/home/user/.m2/repository/com/amazonaws/aws-java-sdk-kms/1.11.901/aws-java-sdk-kms-1.11.901.jar:/home/user/.m2/repository/com/amazonaws/jmespath-java/1.11.901/jmespath-java-1.11.901.jar:/home/user/.m2/repository/org/kohsuke/metainf-services/metainf-services/1.8/metainf-services-1.8.jar:/home/user/.m2/repository/org/apache/hadoop/hadoop-hdds-tools/1.1.0-SNAPSHOT/hadoop-hdds-tools-1.1.0-SNAPSHOT.jar:/home/user/.m2/repository/commons-cli/commons-cli/1.2/commons-cli-1.2.jar:/home/user/.m2/repository/org/apache/commons/commons-lang3/3.7/commons-lang3-3.7.jar:/home/user/.m2/repository/org/apache/hadoop/hadoop-ozone-ozone-manager/1.1.0-SNAPSHOT/hadoop-ozone-ozone-manager-1.1.0-SNAPSHOT-tests.jar:/home/user/.m2/repository/org/apache/hadoop/hadoop-hdds-common/1.1.0-SNAPSHOT/hadoop-hdds-common-1.1.0-SNAPSHOT-tests.jar:/home/user/.m2/repository/org/apache/hadoop/hadoop-hdds-hadoop-dependency-client/1.1.0-SNAPSHOT/hadoop-hdds-hadoop-dependency-client-1.1.0-SNAPSHOT.jar:/home/user/.m2/repository/info/picocli/picocli/4.4.0/picocli-4.4.0.jar:/home/user/.m2/repository/com/fasterxml/jackson/core/jackson-annotations/2.10.3/jackson-annotations-2.10.3.jar:/home/user/.m2/repository/javax/annotation/javax.annotation-api/1.2/javax.annotation-api-1.2.jar:/home/user/.m2/repository/org/fusesource/leveldbjni/leveldbjni-all/1.8/leveldbjni-all-1.8.jar:/home/user/.m2/repository/org/apache/ratis/ratis-server/1.1.0-35f17fa-SNAPSHOT/ratis-server-1.1.0-35f17fa-SNAPSHOT.jar:/home/user/.m2/repository/org/apache/ratis/ratis-client/1.1.0-35f17fa-SNAPSHOT/ratis-client-1.1.0-35f17fa-SNAPSHOT.jar:/home/user/.m2/repository/org/apache/ratis/ratis-server-api/1.1.0-35f17fa-SNAPSHOT/ratis-server-api-1.1.0-35f17fa-SNAPSHOT.jar:/home/user/.m2/repository/org/apache/ratis/ratis-metrics/1.1.0-35f17fa-SNAPSHOT/ratis-metrics-1.1.0-35f17fa-SNAPSHOT.jar:/home/user/.m2/repository/org/apache/ratis/ratis-netty/1.1.0-35f17fa-SNAPSHOT/ratis-netty-1.1.0-35f17fa-SNAPSHOT.jar:/home/user/.m2/repository/org/apache/ratis/ratis-grpc/1.1.0-35f17fa-SNAPSHOT/ratis-grpc-1.1.0-35f17fa-SNAPSHOT.jar:/home/user/.m2/repository/org/apache/logging/log4j/log4j-api/2.13.3/log4j-api-2.13.3.jar:/home/user/.m2/repository/org/apache/logging/log4j/log4j-core/2.13.3/log4j-core-2.13.3.jar:/home/user/.m2/repository/com/lmax/disruptor/3.4.2/disruptor-3.4.2.jar:/home/user/.m2/repository/org/apache/commons/commons-pool2/2.6.0/commons-pool2-2.6.0.jar:/home/user/.m2/repository/org/bouncycastle/bcpkix-jdk15on/1.67/bcpkix-jdk15on-1.67.jar:/home/user/.m2/repository/commons-validator/commons-validator/1.6/commons-validator-1.6.jar:/home/user/.m2/repository/commons-beanutils/commons-beanutils/1.9.4/commons-beanutils-1.9.4.jar:/home/user/.m2/repository/commons-digester/commons-digester/1.8.1/commons-digester-1.8.1.jar:/home/user/.m2/repository/commons-collections/commons-collections/3.2.2/commons-collections-3.2.2.jar:/home/user/.m2/repository/io/jaegertracing/jaeger-client/1.2.0/jaeger-client-1.2.0.jar:/home/user/.m2/repository/io/jaegertracing/jaeger-thrift/1.2.0/jaeger-thrift-1.2.0.jar:/home/user/.m2/repository/org/apache/thrift/libthrift/0.13.0/libthrift-0.13.0.jar:/home/user/.m2/repository/com/squareup/okhttp3/okhttp/4.2.2/okhttp-4.2.2.jar:/home/user/.m2/repository/com/squareup/okio/okio/2.2.2/okio-2.2.2.jar:/home/user/.m2/repository/org/jetbrains/kotlin/kotlin-stdlib/1.3.50/kotlin-stdlib-1.3.50.jar:/home/user/.m2/repository/org/jetbrains/kotlin/kotlin-stdlib-common/1.3.50/kotlin-stdlib-common-1.3.50.jar:/home/user/.m2/repository/org/jetbrains/annotations/13.0/annotations-13.0.jar:/home/user/.m2/repository/io/jaegertracing/jaeger-core/1.2.0/jaeger-core-1.2.0.jar:/home/user/.m2/repository/io/jaegertracing/jaeger-tracerresolver/1.2.0/jaeger-tracerresolver-1.2.0.jar:/home/user/.m2/repository/io/opentracing/contrib/opentracing-tracerresolver/0.1.8/opentracing-tracerresolver-0.1.8.jar:/home/user/.m2/repository/io/opentracing/opentracing-util/0.33.0/opentracing-util-0.33.0.jar:/home/user/.m2/repository/io/opentracing/opentracing-api/0.33.0/opentracing-api-0.33.0.jar:/home/user/.m2/repository/io/opentracing/opentracing-noop/0.33.0/opentracing-noop-0.33.0.jar:/home/user/.m2/repository/org/yaml/snakeyaml/1.26/snakeyaml-1.26.jar:/home/user/.m2/repository/junit/junit/4.11/junit-4.11.jar:/home/user/.m2/repository/org/hamcrest/hamcrest-core/1.3/hamcrest-core-1.3.jar:/home/user/.m2/repository/org/openjdk/jmh/jmh-core/1.19/jmh-core-1.19.jar:/home/user/.m2/repository/net/sf/jopt-simple/jopt-simple/4.6/jopt-simple-4.6.jar:/home/user/.m2/repository/org/apache/commons/commons-math3/3.1.1/commons-math3-3.1.1.jar:/home/user/.m2/repository/org/openjdk/jmh/jmh-generator-annprocess/1.19/jmh-generator-annprocess-1.19.jar:/home/user/.m2/repository/org/mockito/mockito-all/1.8.5/mockito-all-1.8.5.jar:/home/user/.m2/repository/org/apache/hadoop/hadoop-kms/3.2.1/hadoop-kms-3.2.1.jar:/home/user/.m2/repository/org/apache/hadoop/hadoop-auth/3.2.1/hadoop-auth-3.2.1.jar:/home/user/.m2/repository/com/nimbusds/nimbus-jose-jwt/7.9/nimbus-jose-jwt-7.9.jar:/home/user/.m2/repository/com/github/stephenc/jcip/jcip-annotations/1.0-1/jcip-annotations-1.0-1.jar:/home/user/.m2/repository/net/minidev/json-smart/2.3/json-smart-2.3.jar:/home/user/.m2/repository/net/minidev/accessors-smart/1.2/accessors-smart-1.2.jar:/home/user/.m2/repository/org/ow2/asm/asm/5.0.4/asm-5.0.4.jar:/home/user/.m2/repository/org/apache/zookeeper/zookeeper/3.4.13/zookeeper-3.4.13.jar:/home/user/.m2/repository/org/apache/yetus/audience-annotations/0.5.0/audience-annotations-0.5.0.jar:/home/user/.m2/repository/org/apache/curator/curator-framework/2.13.0/curator-framework-2.13.0.jar:/home/user/.m2/repository/com/sun/jersey/jersey-core/1.19/jersey-core-1.19.jar:/home/user/.m2/repository/javax/ws/rs/jsr311-api/1.1.1/jsr311-api-1.1.1.jar:/home/user/.m2/repository/com/sun/jersey/jersey-server/1.19/jersey-server-1.19.jar:/home/user/.m2/repository/javax/servlet/javax.servlet-api/3.1.0/javax.servlet-api-3.1.0.jar:/home/user/.m2/repository/org/eclipse/jetty/jetty-server/9.4.34.v20201102/jetty-server-9.4.34.v20201102.jar:/home/user/.m2/repository/org/eclipse/jetty/jetty-http/9.4.34.v20201102/jetty-http-9.4.34.v20201102.jar:/home/user/.m2/repository/org/eclipse/jetty/jetty-io/9.4.34.v20201102/jetty-io-9.4.34.v20201102.jar:/home/user/.m2/repository/org/eclipse/jetty/jetty-webapp/9.4.34.v20201102/jetty-webapp-9.4.34.v20201102.jar:/home/user/.m2/repository/org/eclipse/jetty/jetty-xml/9.4.34.v20201102/jetty-xml-9.4.34.v20201102.jar:/home/user/.m2/repository/org/apache/hadoop/hadoop-common/3.2.1/hadoop-common-3.2.1.jar:/home/user/.m2/repository/commons-net/commons-net/3.6/commons-net-3.6.jar:/home/user/.m2/repository/com/sun/jersey/jersey-servlet/1.19/jersey-servlet-1.19.jar:/home/user/.m2/repository/com/sun/jersey/jersey-json/1.19/jersey-json-1.19.jar:/home/user/.m2/repository/org/codehaus/jettison/jettison/1.1/jettison-1.1.jar:/home/user/.m2/repository/org/codehaus/jackson/jackson-jaxrs/1.9.2/jackson-jaxrs-1.9.2.jar:/home/user/.m2/repository/org/codehaus/jackson/jackson-xc/1.9.2/jackson-xc-1.9.2.jar:/home/user/.m2/repository/org/apache/commons/commons-configuration2/2.1.1/commons-configuration2-2.1.1.jar:/home/user/.m2/repository/org/apache/commons/commons-text/1.4/commons-text-1.4.jar:/home/user/.m2/repository/com/google/re2j/re2j/1.1/re2j-1.1.jar:/home/user/.m2/repository/com/jcraft/jsch/0.1.54/jsch-0.1.54.jar:/home/user/.m2/repository/org/apache/curator/curator-client/2.13.0/curator-client-2.13.0.jar:/home/user/.m2/repository/org/apache/curator/curator-recipes/2.13.0/curator-recipes-2.13.0.jar:/home/user/.m2/repository/dnsjava/dnsjava/2.1.7/dnsjava-2.1.7.jar:/home/user/.m2/repository/org/slf4j/jul-to-slf4j/1.7.30/jul-to-slf4j-1.7.30.jar:/home/user/.m2/repository/org/eclipse/jetty/jetty-util/9.4.34.v20201102/jetty-util-9.4.34.v20201102.jar:/home/user/.m2/repository/com/fasterxml/jackson/core/jackson-databind/2.10.3/jackson-databind-2.10.3.jar:/home/user/.m2/repository/org/apache/hadoop/hadoop-kms/3.2.1/hadoop-kms-3.2.1-tests.jar:/home/user/.m2/repository/org/apache/hadoop/hadoop-hdds-server-scm/1.1.0-SNAPSHOT/hadoop-hdds-server-scm-1.1.0-SNAPSHOT-tests.jar:/home/user/.m2/repository/org/apache/hadoop/hadoop-hdds-container-service/1.1.0-SNAPSHOT/hadoop-hdds-container-service-1.1.0-SNAPSHOT-tests.jar:/home/user/.m2/repository/commons-codec/commons-codec/1.11/commons-codec-1.11.jar:/home/user/.m2/repository/org/apache/hadoop/hadoop-hdds-hadoop-dependency-test/1.1.0-SNAPSHOT/hadoop-hdds-hadoop-dependency-test-1.1.0-SNAPSHOT.jar:/home/user/.m2/repository/org/apache/hadoop/hadoop-common/3.2.1/hadoop-common-3.2.1-tests.jar:/home/user/.m2/repository/org/apache/hadoop/hadoop-hdfs/3.2.1/hadoop-hdfs-3.2.1-tests.jar:/home/user/.m2/repository/org/eclipse/jetty/jetty-util-ajax/9.4.34.v20201102/jetty-util-ajax-9.4.34.v20201102.jar:/home/user/.m2/repository/commons-daemon/commons-daemon/1.0.13/commons-daemon-1.0.13.jar:/home/user/.m2/repository/io/netty/netty/3.10.5.Final/netty-3.10.5.Final.jar:/home/user/.m2/repository/io/netty/netty-all/4.1.48.Final/netty-all-4.1.48.Final.jar:/home/user/.m2/repository/org/apache/htrace/htrace-core4/4.1.0-incubating/htrace-core4-4.1.0-incubating.jar:/home/user/.m2/repository/org/apache/hadoop/hadoop-distcp/3.2.1/hadoop-distcp-3.2.1.jar:/home/user/.m2/repository/org/apache/hadoop/hadoop-mapreduce-client-jobclient/3.2.1/hadoop-mapreduce-client-jobclient-3.2.1.jar:/home/user/.m2/repository/org/apache/hadoop/hadoop-mapreduce-client-common/3.2.1/hadoop-mapreduce-client-common-3.2.1.jar:/home/user/.m2/repository/org/apache/hadoop/hadoop-yarn-common/3.2.1/hadoop-yarn-common-3.2.1.jar:/home/user/.m2/repository/org/apache/hadoop/hadoop-yarn-api/3.2.1/hadoop-yarn-api-3.2.1.jar:/home/user/.m2/repository/com/sun/jersey/jersey-client/1.19/jersey-client-1.19.jar:/home/user/.m2/repository/com/sun/jersey/contribs/jersey-guice/1.19/jersey-guice-1.19.jar:/home/user/.m2/repository/com/fasterxml/jackson/jaxrs/jackson-jaxrs-json-provider/2.10.3/jackson-jaxrs-json-provider-2.10.3.jar:/home/user/.m2/repository/com/fasterxml/jackson/jaxrs/jackson-jaxrs-base/2.10.3/jackson-jaxrs-base-2.10.3.jar:/home/user/.m2/repository/org/apache/hadoop/hadoop-yarn-client/3.2.1/hadoop-yarn-client-3.2.1.jar:/home/user/.m2/repository/org/apache/hadoop/hadoop-mapreduce-client-core/3.2.1/hadoop-mapreduce-client-core-3.2.1.jar:/home/user/.m2/repository/org/apache/avro/avro/1.7.7/avro-1.7.7.jar:/home/user/.m2/repository/org/codehaus/jackson/jackson-core-asl/1.9.13/jackson-core-asl-1.9.13.jar:/home/user/.m2/repository/org/codehaus/jackson/jackson-mapper-asl/1.9.13/jackson-mapper-asl-1.9.13.jar:/home/user/.m2/repository/com/thoughtworks/paranamer/paranamer/2.3/paranamer-2.3.jar:/home/user/.m2/repository/org/xerial/snappy/snappy-java/1.0.5/snappy-java-1.0.5.jar:/home/user/.m2/repository/org/apache/hadoop/hadoop-annotations/3.2.1/hadoop-annotations-3.2.1.jar:/usr/lib/jvm/java-1.8.0-openjdk-1.8.0.232.b09-0.el7_7.x86_64/jre/../lib/tools.jar:/home/user/.m2/repository/org/apache/hadoop/hadoop-distcp/3.2.1/hadoop-distcp-3.2.1-tests.jar:"/>
    <property name="java.vm.vendor" value="Oracle Corporation"/>
    <property name="sun.arch.data.model" value="64"/>
    <property name="test.build.dir" value="/github/workspace/mnt/ozone/hadoop-ozone/integration-test/target/test-dir"/>
    <property name="test.cache.data" value=""/>
    <property name="java.vendor.url" value="http://java.oracle.com/"/>
    <property name="user.timezone" value=""/>
    <property name="java.vm.specification.version" value="1.8"/>
    <property name="os.name" value="Linux"/>
    <property name="test.build.data" value="/github/workspace/mnt/ozone/hadoop-ozone/integration-test/target/test-dir"/>
    <property name="user.country" value="US"/>
    <property name="sun.java.launcher" value="SUN_STANDARD"/>
    <property name="sun.boot.library.path" value="/usr/lib/jvm/java-1.8.0-openjdk-1.8.0.232.b09-0.el7_7.x86_64/jre/lib/amd64"/>
    <property name="sun.java.command" value="/github/workspace/mnt/ozone/hadoop-ozone/integration-test/target/surefire/surefirebooter7435899817905881743.jar /github/workspace/mnt/ozone/hadoop-ozone/integration-test/target/surefire 2021-01-11T13-34-30_334-jvmRun1 surefire3761217389487857436tmp surefire_246200579675141156908tmp"/>
    <property name="surefire.test.class.path" value="/github/workspace/mnt/ozone/hadoop-ozone/integration-test/target/test-classes:/github/workspace/mnt/ozone/hadoop-ozone/integration-test/target/classes:/home/user/.m2/repository/org/apache/hadoop/hadoop-ozone-common/1.1.0-SNAPSHOT/hadoop-ozone-common-1.1.0-SNAPSHOT.jar:/home/user/.m2/repository/org/apache/commons/commons-compress/1.4.1/commons-compress-1.4.1.jar:/home/user/.m2/repository/org/tukaani/xz/1.0/xz-1.0.jar:/home/user/.m2/repository/org/apache/hadoop/hadoop-hdds-common/1.1.0-SNAPSHOT/hadoop-hdds-common-1.1.0-SNAPSHOT.jar:/home/user/.m2/repository/org/apache/hadoop/hadoop-hdds-client/1.1.0-SNAPSHOT/hadoop-hdds-client-1.1.0-SNAPSHOT.jar:/home/user/.m2/repository/org/apache/hadoop/hadoop-ozone-interface-client/1.1.0-SNAPSHOT/hadoop-ozone-interface-client-1.1.0-SNAPSHOT.jar:/home/user/.m2/repository/org/apache/hadoop/hadoop-hdds-test-utils/1.1.0-SNAPSHOT/hadoop-hdds-test-utils-1.1.0-SNAPSHOT.jar:/home/user/.m2/repository/com/google/guava/guava/28.2-jre/guava-28.2-jre.jar:/home/user/.m2/repository/com/google/guava/failureaccess/1.0.1/failureaccess-1.0.1.jar:/home/user/.m2/repository/com/google/guava/listenablefuture/9999.0-empty-to-avoid-conflict-with-guava/listenablefuture-9999.0-empty-to-avoid-conflict-with-guava.jar:/home/user/.m2/repository/com/google/code/findbugs/jsr305/3.0.0/jsr305-3.0.0.jar:/home/user/.m2/repository/org/checkerframework/checker-qual/2.10.0/checker-qual-2.10.0.jar:/home/user/.m2/repository/com/google/errorprone/error_prone_annotations/2.2.0/error_prone_annotations-2.2.0.jar:/home/user/.m2/repository/com/google/j2objc/j2objc-annotations/1.3/j2objc-annotations-1.3.jar:/home/user/.m2/repository/commons-io/commons-io/2.5/commons-io-2.5.jar:/home/user/.m2/repository/commons-logging/commons-logging/1.2/commons-logging-1.2.jar:/home/user/.m2/repository/log4j/log4j/1.2.17/log4j-1.2.17.jar:/home/user/.m2/repository/org/slf4j/slf4j-api/1.7.30/slf4j-api-1.7.30.jar:/home/user/.m2/repository/org/apache/hadoop/hadoop-hdds-server-scm/1.1.0-SNAPSHOT/hadoop-hdds-server-scm-1.1.0-SNAPSHOT.jar:/home/user/.m2/repository/org/apache/hadoop/hadoop-hdds-container-service/1.1.0-SNAPSHOT/hadoop-hdds-container-service-1.1.0-SNAPSHOT.jar:/home/user/.m2/repository/org/apache/hadoop/hadoop-hdds-hadoop-dependency-server/1.1.0-SNAPSHOT/hadoop-hdds-hadoop-dependency-server-1.1.0-SNAPSHOT.jar:/home/user/.m2/repository/org/apache/hadoop/hadoop-hdfs/3.2.1/hadoop-hdfs-3.2.1.jar:/home/user/.m2/repository/org/apache/hadoop/hadoop-hdds-server-framework/1.1.0-SNAPSHOT/hadoop-hdds-server-framework-1.1.0-SNAPSHOT.jar:/home/user/.m2/repository/org/apache/hadoop/hadoop-hdds-interface-server/1.1.0-SNAPSHOT/hadoop-hdds-interface-server-1.1.0-SNAPSHOT.jar:/home/user/.m2/repository/org/apache/hadoop/hadoop-hdds-interface-admin/1.1.0-SNAPSHOT/hadoop-hdds-interface-admin-1.1.0-SNAPSHOT.jar:/home/user/.m2/repository/org/eclipse/jetty/jetty-servlet/9.4.34.v20201102/jetty-servlet-9.4.34.v20201102.jar:/home/user/.m2/repository/org/eclipse/jetty/jetty-security/9.4.34.v20201102/jetty-security-9.4.34.v20201102.jar:/home/user/.m2/repository/org/rocksdb/rocksdbjni/6.8.1/rocksdbjni-6.8.1.jar:/home/user/.m2/repository/io/prometheus/simpleclient_dropwizard/0.7.0/simpleclient_dropwizard-0.7.0.jar:/home/user/.m2/repository/io/prometheus/simpleclient/0.7.0/simpleclient-0.7.0.jar:/home/user/.m2/repository/io/prometheus/simpleclient_common/0.7.0/simpleclient_common-0.7.0.jar:/home/user/.m2/repository/com/fasterxml/jackson/datatype/jackson-datatype-jsr310/2.10.3/jackson-datatype-jsr310-2.10.3.jar:/home/user/.m2/repository/io/dropwizard/metrics/metrics-core/3.2.4/metrics-core-3.2.4.jar:/home/user/.m2/repository/org/apache/hadoop/hadoop-hdfs-client/3.2.1/hadoop-hdfs-client-3.2.1.jar:/home/user/.m2/repository/org/bouncycastle/bcprov-jdk15on/1.67/bcprov-jdk15on-1.67.jar:/home/user/.m2/repository/org/apache/hadoop/hadoop-ozone-ozone-manager/1.1.0-SNAPSHOT/hadoop-ozone-ozone-manager-1.1.0-SNAPSHOT.jar:/home/user/.m2/repository/org/apache/hadoop/hadoop-hdds-interface-client/1.1.0-SNAPSHOT/hadoop-hdds-interface-client-1.1.0-SNAPSHOT.jar:/home/user/.m2/repository/org/apache/ratis/ratis-thirdparty-misc/0.6.0-SNAPSHOT/ratis-thirdparty-misc-0.6.0-SNAPSHOT.jar:/home/user/.m2/repository/org/apache/hadoop/hadoop-ozone-interface-storage/1.1.0-SNAPSHOT/hadoop-ozone-interface-storage-1.1.0-SNAPSHOT.jar:/home/user/.m2/repository/org/apache/hadoop/hadoop-minikdc/3.2.1/hadoop-minikdc-3.2.1.jar:/home/user/.m2/repository/org/apache/kerby/kerb-simplekdc/1.0.1/kerb-simplekdc-1.0.1.jar:/home/user/.m2/repository/org/apache/kerby/kerb-client/1.0.1/kerb-client-1.0.1.jar:/home/user/.m2/repository/org/apache/kerby/kerby-config/1.0.1/kerby-config-1.0.1.jar:/home/user/.m2/repository/org/apache/kerby/kerb-core/1.0.1/kerb-core-1.0.1.jar:/home/user/.m2/repository/org/apache/kerby/kerby-pkix/1.0.1/kerby-pkix-1.0.1.jar:/home/user/.m2/repository/org/apache/kerby/kerby-asn1/1.0.1/kerby-asn1-1.0.1.jar:/home/user/.m2/repository/org/apache/kerby/kerby-util/1.0.1/kerby-util-1.0.1.jar:/home/user/.m2/repository/org/apache/kerby/kerb-common/1.0.1/kerb-common-1.0.1.jar:/home/user/.m2/repository/org/apache/kerby/kerb-crypto/1.0.1/kerb-crypto-1.0.1.jar:/home/user/.m2/repository/org/apache/kerby/kerb-util/1.0.1/kerb-util-1.0.1.jar:/home/user/.m2/repository/org/apache/kerby/token-provider/1.0.1/token-provider-1.0.1.jar:/home/user/.m2/repository/org/apache/kerby/kerb-admin/1.0.1/kerb-admin-1.0.1.jar:/home/user/.m2/repository/org/apache/kerby/kerb-server/1.0.1/kerb-server-1.0.1.jar:/home/user/.m2/repository/org/apache/kerby/kerb-identity/1.0.1/kerb-identity-1.0.1.jar:/home/user/.m2/repository/org/apache/kerby/kerby-xdr/1.0.1/kerby-xdr-1.0.1.jar:/home/user/.m2/repository/org/slf4j/slf4j-log4j12/1.7.30/slf4j-log4j12-1.7.30.jar:/home/user/.m2/repository/org/apache/hadoop/hadoop-ozone-s3gateway/1.1.0-SNAPSHOT/hadoop-ozone-s3gateway-1.1.0-SNAPSHOT.jar:/home/user/.m2/repository/org/jboss/weld/servlet/weld-servlet/2.4.7.Final/weld-servlet-2.4.7.Final.jar:/home/user/.m2/repository/org/glassfish/jersey/containers/jersey-container-servlet-core/2.27/jersey-container-servlet-core-2.27.jar:/home/user/.m2/repository/org/glassfish/hk2/external/javax.inject/2.5.0-b42/javax.inject-2.5.0-b42.jar:/home/user/.m2/repository/org/glassfish/jersey/core/jersey-common/2.27/jersey-common-2.27.jar:/home/user/.m2/repository/org/glassfish/hk2/osgi-resource-locator/1.0.1/osgi-resource-locator-1.0.1.jar:/home/user/.m2/repository/javax/ws/rs/javax.ws.rs-api/2.1/javax.ws.rs-api-2.1.jar:/home/user/.m2/repository/org/glassfish/jersey/ext/cdi/jersey-cdi1x/2.27/jersey-cdi1x-2.27.jar:/home/user/.m2/repository/org/glassfish/jersey/inject/jersey-hk2/2.27/jersey-hk2-2.27.jar:/home/user/.m2/repository/org/glassfish/hk2/hk2-locator/2.5.0-b42/hk2-locator-2.5.0-b42.jar:/home/user/.m2/repository/org/javassist/javassist/3.22.0-CR2/javassist-3.22.0-CR2.jar:/home/user/.m2/repository/org/glassfish/hk2/hk2-api/2.5.0/hk2-api-2.5.0.jar:/home/user/.m2/repository/org/glassfish/hk2/external/jakarta.inject/2.5.0/jakarta.inject-2.5.0.jar:/home/user/.m2/repository/org/glassfish/hk2/hk2-utils/2.5.0/hk2-utils-2.5.0.jar:/home/user/.m2/repository/jakarta/annotation/jakarta.annotation-api/1.3.4/jakarta.annotation-api-1.3.4.jar:/home/user/.m2/repository/org/glassfish/hk2/external/aopalliance-repackaged/2.5.0/aopalliance-repackaged-2.5.0.jar:/home/user/.m2/repository/com/fasterxml/jackson/dataformat/jackson-dataformat-xml/2.10.3/jackson-dataformat-xml-2.10.3.jar:/home/user/.m2/repository/com/fasterxml/jackson/core/jackson-core/2.10.3/jackson-core-2.10.3.jar:/home/user/.m2/repository/com/fasterxml/jackson/module/jackson-module-jaxb-annotations/2.10.3/jackson-module-jaxb-annotations-2.10.3.jar:/home/user/.m2/repository/jakarta/xml/bind/jakarta.xml.bind-api/2.3.2/jakarta.xml.bind-api-2.3.2.jar:/home/user/.m2/repository/jakarta/activation/jakarta.activation-api/1.2.1/jakarta.activation-api-1.2.1.jar:/home/user/.m2/repository/org/codehaus/woodstox/stax2-api/3.1.4/stax2-api-3.1.4.jar:/home/user/.m2/repository/com/fasterxml/woodstox/woodstox-core/5.0.3/woodstox-core-5.0.3.jar:/home/user/.m2/repository/javax/enterprise/cdi-api/1.2/cdi-api-1.2.jar:/home/user/.m2/repository/javax/el/javax.el-api/3.0.0/javax.el-api-3.0.0.jar:/home/user/.m2/repository/javax/interceptor/javax.interceptor-api/1.2/javax.interceptor-api-1.2.jar:/home/user/.m2/repository/javax/inject/javax.inject/1/javax.inject-1.jar:/home/user/.m2/repository/com/sun/xml/bind/jaxb-impl/2.3.0.1/jaxb-impl-2.3.0.1.jar:/home/user/.m2/repository/com/sun/xml/bind/jaxb-core/2.3.0.1/jaxb-core-2.3.0.1.jar:/home/user/.m2/repository/javax/xml/bind/jaxb-api/2.3.0/jaxb-api-2.3.0.jar:/home/user/.m2/repository/javax/activation/activation/1.1.1/activation-1.1.1.jar:/home/user/.m2/repository/org/apache/hadoop/hadoop-ozone-csi/1.1.0-SNAPSHOT/hadoop-ozone-csi-1.1.0-SNAPSHOT.jar:/home/user/.m2/repository/com/google/protobuf/protobuf-java-util/3.11.0/protobuf-java-util-3.11.0.jar:/home/user/.m2/repository/com/google/code/gson/gson/2.2.4/gson-2.2.4.jar:/home/user/.m2/repository/org/apache/hadoop/hadoop-hdds-config/1.1.0-SNAPSHOT/hadoop-hdds-config-1.1.0-SNAPSHOT.jar:/home/user/.m2/repository/com/google/protobuf/protobuf-java/2.5.0/protobuf-java-2.5.0.jar:/home/user/.m2/repository/io/grpc/grpc-netty/1.29.0/grpc-netty-1.29.0.jar:/home/user/.m2/repository/io/grpc/grpc-core/1.29.0/grpc-core-1.29.0.jar:/home/user/.m2/repository/com/google/android/annotations/4.1.1.4/annotations-4.1.1.4.jar:/home/user/.m2/repository/io/perfmark/perfmark-api/0.19.0/perfmark-api-0.19.0.jar:/home/user/.m2/repository/io/netty/netty-codec-http2/4.1.48.Final/netty-codec-http2-4.1.48.Final.jar:/home/user/.m2/repository/io/netty/netty-codec/4.1.48.Final/netty-codec-4.1.48.Final.jar:/home/user/.m2/repository/io/netty/netty-handler/4.1.48.Final/netty-handler-4.1.48.Final.jar:/home/user/.m2/repository/io/netty/netty-codec-http/4.1.48.Final/netty-codec-http-4.1.48.Final.jar:/home/user/.m2/repository/io/netty/netty-handler-proxy/4.1.48.Final/netty-handler-proxy-4.1.48.Final.jar:/home/user/.m2/repository/io/netty/netty-codec-socks/4.1.48.Final/netty-codec-socks-4.1.48.Final.jar:/home/user/.m2/repository/io/netty/netty-transport-native-epoll/4.1.48.Final/netty-transport-native-epoll-4.1.48.Final.jar:/home/user/.m2/repository/io/netty/netty-common/4.1.48.Final/netty-common-4.1.48.Final.jar:/home/user/.m2/repository/io/netty/netty-buffer/4.1.48.Final/netty-buffer-4.1.48.Final.jar:/home/user/.m2/repository/io/netty/netty-transport/4.1.48.Final/netty-transport-4.1.48.Final.jar:/home/user/.m2/repository/io/netty/netty-resolver/4.1.48.Final/netty-resolver-4.1.48.Final.jar:/home/user/.m2/repository/io/netty/netty-transport-native-unix-common/4.1.48.Final/netty-transport-native-unix-common-4.1.48.Final.jar:/home/user/.m2/repository/io/grpc/grpc-protobuf/1.29.0/grpc-protobuf-1.29.0.jar:/home/user/.m2/repository/io/grpc/grpc-api/1.29.0/grpc-api-1.29.0.jar:/home/user/.m2/repository/io/grpc/grpc-context/1.29.0/grpc-context-1.29.0.jar:/home/user/.m2/repository/org/codehaus/mojo/animal-sniffer-annotations/1.18/animal-sniffer-annotations-1.18.jar:/home/user/.m2/repository/com/google/api/grpc/proto-google-common-protos/1.17.0/proto-google-common-protos-1.17.0.jar:/home/user/.m2/repository/io/grpc/grpc-protobuf-lite/1.29.0/grpc-protobuf-lite-1.29.0.jar:/home/user/.m2/repository/io/grpc/grpc-stub/1.29.0/grpc-stub-1.29.0.jar:/home/user/.m2/repository/org/apache/hadoop/hadoop-ozone-recon/1.1.0-SNAPSHOT/hadoop-ozone-recon-1.1.0-SNAPSHOT.jar:/home/user/.m2/repository/org/apache/hadoop/hadoop-ozone-reconcodegen/1.1.0-SNAPSHOT/hadoop-ozone-reconcodegen-1.1.0-SNAPSHOT.jar:/home/user/.m2/repository/com/google/inject/extensions/guice-multibindings/4.0/guice-multibindings-4.0.jar:/home/user/.m2/repository/com/google/inject/guice/4.0/guice-4.0.jar:/home/user/.m2/repository/aopalliance/aopalliance/1.0/aopalliance-1.0.jar:/home/user/.m2/repository/com/google/inject/extensions/guice-assistedinject/4.0/guice-assistedinject-4.0.jar:/home/user/.m2/repository/com/google/inject/extensions/guice-servlet/4.0/guice-servlet-4.0.jar:/home/user/.m2/repository/org/glassfish/jersey/containers/jersey-container-servlet/2.27/jersey-container-servlet-2.27.jar:/home/user/.m2/repository/org/glassfish/hk2/guice-bridge/2.5.0/guice-bridge-2.5.0.jar:/home/user/.m2/repository/org/glassfish/jersey/core/jersey-server/2.27/jersey-server-2.27.jar:/home/user/.m2/repository/org/glassfish/jersey/core/jersey-client/2.27/jersey-client-2.27.jar:/home/user/.m2/repository/org/glassfish/jersey/media/jersey-media-jaxb/2.27/jersey-media-jaxb-2.27.jar:/home/user/.m2/repository/javax/validation/validation-api/1.1.0.Final/validation-api-1.1.0.Final.jar:/home/user/.m2/repository/org/glassfish/jersey/media/jersey-media-json-jackson/2.27/jersey-media-json-jackson-2.27.jar:/home/user/.m2/repository/org/glassfish/jersey/ext/jersey-entity-filtering/2.27/jersey-entity-filtering-2.27.jar:/home/user/.m2/repository/org/jooq/jooq/3.11.10/jooq-3.11.10.jar:/home/user/.m2/repository/org/jooq/jooq-meta/3.11.10/jooq-meta-3.11.10.jar:/home/user/.m2/repository/org/jooq/jooq-codegen/3.11.10/jooq-codegen-3.11.10.jar:/home/user/.m2/repository/com/jolbox/bonecp/0.8.0.RELEASE/bonecp-0.8.0.RELEASE.jar:/home/user/.m2/repository/org/apache/derby/derby/10.14.2.0/derby-10.14.2.0.jar:/home/user/.m2/repository/org/xerial/sqlite-jdbc/3.25.2/sqlite-jdbc-3.25.2.jar:/home/user/.m2/repository/org/springframework/spring-jdbc/5.2.11.RELEASE/spring-jdbc-5.2.11.RELEASE.jar:/home/user/.m2/repository/org/springframework/spring-beans/5.2.11.RELEASE/spring-beans-5.2.11.RELEASE.jar:/home/user/.m2/repository/org/springframework/spring-core/5.2.11.RELEASE/spring-core-5.2.11.RELEASE.jar:/home/user/.m2/repository/org/springframework/spring-jcl/5.2.11.RELEASE/spring-jcl-5.2.11.RELEASE.jar:/home/user/.m2/repository/org/springframework/spring-tx/5.2.11.RELEASE/spring-tx-5.2.11.RELEASE.jar:/home/user/.m2/repository/org/apache/hadoop/hadoop-ozone-client/1.1.0-SNAPSHOT/hadoop-ozone-client-1.1.0-SNAPSHOT.jar:/home/user/.m2/repository/org/apache/hadoop/hadoop-ozone-filesystem/1.1.0-SNAPSHOT/hadoop-ozone-filesystem-1.1.0-SNAPSHOT.jar:/home/user/.m2/repository/org/apache/hadoop/hadoop-ozone-filesystem-common/1.1.0-SNAPSHOT/hadoop-ozone-filesystem-common-1.1.0-SNAPSHOT.jar:/home/user/.m2/repository/org/apache/hadoop/hadoop-ozone-tools/1.1.0-SNAPSHOT/hadoop-ozone-tools-1.1.0-SNAPSHOT.jar:/home/user/.m2/repository/org/apache/ratis/ratis-tools/1.1.0-35f17fa-SNAPSHOT/ratis-tools-1.1.0-35f17fa-SNAPSHOT.jar:/home/user/.m2/repository/org/apache/ratis/ratis-proto/1.1.0-35f17fa-SNAPSHOT/ratis-proto-1.1.0-35f17fa-SNAPSHOT.jar:/home/user/.m2/repository/org/apache/ratis/ratis-common/1.1.0-35f17fa-SNAPSHOT/ratis-common-1.1.0-35f17fa-SNAPSHOT.jar:/home/user/.m2/repository/com/amazonaws/aws-java-sdk-core/1.11.901/aws-java-sdk-core-1.11.901.jar:/home/user/.m2/repository/org/apache/httpcomponents/httpclient/4.5.13/httpclient-4.5.13.jar:/home/user/.m2/repository/org/apache/httpcomponents/httpcore/4.4.13/httpcore-4.4.13.jar:/home/user/.m2/repository/software/amazon/ion/ion-java/1.0.2/ion-java-1.0.2.jar:/home/user/.m2/repository/com/fasterxml/jackson/dataformat/jackson-dataformat-cbor/2.10.3/jackson-dataformat-cbor-2.10.3.jar:/home/user/.m2/repository/joda-time/joda-time/2.8.1/joda-time-2.8.1.jar:/home/user/.m2/repository/com/amazonaws/aws-java-sdk-s3/1.11.901/aws-java-sdk-s3-1.11.901.jar:/home/user/.m2/repository/com/amazonaws/aws-java-sdk-kms/1.11.901/aws-java-sdk-kms-1.11.901.jar:/home/user/.m2/repository/com/amazonaws/jmespath-java/1.11.901/jmespath-java-1.11.901.jar:/home/user/.m2/repository/org/kohsuke/metainf-services/metainf-services/1.8/metainf-services-1.8.jar:/home/user/.m2/repository/org/apache/hadoop/hadoop-hdds-tools/1.1.0-SNAPSHOT/hadoop-hdds-tools-1.1.0-SNAPSHOT.jar:/home/user/.m2/repository/commons-cli/commons-cli/1.2/commons-cli-1.2.jar:/home/user/.m2/repository/org/apache/commons/commons-lang3/3.7/commons-lang3-3.7.jar:/home/user/.m2/repository/org/apache/hadoop/hadoop-ozone-ozone-manager/1.1.0-SNAPSHOT/hadoop-ozone-ozone-manager-1.1.0-SNAPSHOT-tests.jar:/home/user/.m2/repository/org/apache/hadoop/hadoop-hdds-common/1.1.0-SNAPSHOT/hadoop-hdds-common-1.1.0-SNAPSHOT-tests.jar:/home/user/.m2/repository/org/apache/hadoop/hadoop-hdds-hadoop-dependency-client/1.1.0-SNAPSHOT/hadoop-hdds-hadoop-dependency-client-1.1.0-SNAPSHOT.jar:/home/user/.m2/repository/info/picocli/picocli/4.4.0/picocli-4.4.0.jar:/home/user/.m2/repository/com/fasterxml/jackson/core/jackson-annotations/2.10.3/jackson-annotations-2.10.3.jar:/home/user/.m2/repository/javax/annotation/javax.annotation-api/1.2/javax.annotation-api-1.2.jar:/home/user/.m2/repository/org/fusesource/leveldbjni/leveldbjni-all/1.8/leveldbjni-all-1.8.jar:/home/user/.m2/repository/org/apache/ratis/ratis-server/1.1.0-35f17fa-SNAPSHOT/ratis-server-1.1.0-35f17fa-SNAPSHOT.jar:/home/user/.m2/repository/org/apache/ratis/ratis-client/1.1.0-35f17fa-SNAPSHOT/ratis-client-1.1.0-35f17fa-SNAPSHOT.jar:/home/user/.m2/repository/org/apache/ratis/ratis-server-api/1.1.0-35f17fa-SNAPSHOT/ratis-server-api-1.1.0-35f17fa-SNAPSHOT.jar:/home/user/.m2/repository/org/apache/ratis/ratis-metrics/1.1.0-35f17fa-SNAPSHOT/ratis-metrics-1.1.0-35f17fa-SNAPSHOT.jar:/home/user/.m2/repository/org/apache/ratis/ratis-netty/1.1.0-35f17fa-SNAPSHOT/ratis-netty-1.1.0-35f17fa-SNAPSHOT.jar:/home/user/.m2/repository/org/apache/ratis/ratis-grpc/1.1.0-35f17fa-SNAPSHOT/ratis-grpc-1.1.0-35f17fa-SNAPSHOT.jar:/home/user/.m2/repository/org/apache/logging/log4j/log4j-api/2.13.3/log4j-api-2.13.3.jar:/home/user/.m2/repository/org/apache/logging/log4j/log4j-core/2.13.3/log4j-core-2.13.3.jar:/home/user/.m2/repository/com/lmax/disruptor/3.4.2/disruptor-3.4.2.jar:/home/user/.m2/repository/org/apache/commons/commons-pool2/2.6.0/commons-pool2-2.6.0.jar:/home/user/.m2/repository/org/bouncycastle/bcpkix-jdk15on/1.67/bcpkix-jdk15on-1.67.jar:/home/user/.m2/repository/commons-validator/commons-validator/1.6/commons-validator-1.6.jar:/home/user/.m2/repository/commons-beanutils/commons-beanutils/1.9.4/commons-beanutils-1.9.4.jar:/home/user/.m2/repository/commons-digester/commons-digester/1.8.1/commons-digester-1.8.1.jar:/home/user/.m2/repository/commons-collections/commons-collections/3.2.2/commons-collections-3.2.2.jar:/home/user/.m2/repository/io/jaegertracing/jaeger-client/1.2.0/jaeger-client-1.2.0.jar:/home/user/.m2/repository/io/jaegertracing/jaeger-thrift/1.2.0/jaeger-thrift-1.2.0.jar:/home/user/.m2/repository/org/apache/thrift/libthrift/0.13.0/libthrift-0.13.0.jar:/home/user/.m2/repository/com/squareup/okhttp3/okhttp/4.2.2/okhttp-4.2.2.jar:/home/user/.m2/repository/com/squareup/okio/okio/2.2.2/okio-2.2.2.jar:/home/user/.m2/repository/org/jetbrains/kotlin/kotlin-stdlib/1.3.50/kotlin-stdlib-1.3.50.jar:/home/user/.m2/repository/org/jetbrains/kotlin/kotlin-stdlib-common/1.3.50/kotlin-stdlib-common-1.3.50.jar:/home/user/.m2/repository/org/jetbrains/annotations/13.0/annotations-13.0.jar:/home/user/.m2/repository/io/jaegertracing/jaeger-core/1.2.0/jaeger-core-1.2.0.jar:/home/user/.m2/repository/io/jaegertracing/jaeger-tracerresolver/1.2.0/jaeger-tracerresolver-1.2.0.jar:/home/user/.m2/repository/io/opentracing/contrib/opentracing-tracerresolver/0.1.8/opentracing-tracerresolver-0.1.8.jar:/home/user/.m2/repository/io/opentracing/opentracing-util/0.33.0/opentracing-util-0.33.0.jar:/home/user/.m2/repository/io/opentracing/opentracing-api/0.33.0/opentracing-api-0.33.0.jar:/home/user/.m2/repository/io/opentracing/opentracing-noop/0.33.0/opentracing-noop-0.33.0.jar:/home/user/.m2/repository/org/yaml/snakeyaml/1.26/snakeyaml-1.26.jar:/home/user/.m2/repository/junit/junit/4.11/junit-4.11.jar:/home/user/.m2/repository/org/hamcrest/hamcrest-core/1.3/hamcrest-core-1.3.jar:/home/user/.m2/repository/org/openjdk/jmh/jmh-core/1.19/jmh-core-1.19.jar:/home/user/.m2/repository/net/sf/jopt-simple/jopt-simple/4.6/jopt-simple-4.6.jar:/home/user/.m2/repository/org/apache/commons/commons-math3/3.1.1/commons-math3-3.1.1.jar:/home/user/.m2/repository/org/openjdk/jmh/jmh-generator-annprocess/1.19/jmh-generator-annprocess-1.19.jar:/home/user/.m2/repository/org/mockito/mockito-all/1.8.5/mockito-all-1.8.5.jar:/home/user/.m2/repository/org/apache/hadoop/hadoop-kms/3.2.1/hadoop-kms-3.2.1.jar:/home/user/.m2/repository/org/apache/hadoop/hadoop-auth/3.2.1/hadoop-auth-3.2.1.jar:/home/user/.m2/repository/com/nimbusds/nimbus-jose-jwt/7.9/nimbus-jose-jwt-7.9.jar:/home/user/.m2/repository/com/github/stephenc/jcip/jcip-annotations/1.0-1/jcip-annotations-1.0-1.jar:/home/user/.m2/repository/net/minidev/json-smart/2.3/json-smart-2.3.jar:/home/user/.m2/repository/net/minidev/accessors-smart/1.2/accessors-smart-1.2.jar:/home/user/.m2/repository/org/ow2/asm/asm/5.0.4/asm-5.0.4.jar:/home/user/.m2/repository/org/apache/zookeeper/zookeeper/3.4.13/zookeeper-3.4.13.jar:/home/user/.m2/repository/org/apache/yetus/audience-annotations/0.5.0/audience-annotations-0.5.0.jar:/home/user/.m2/repository/org/apache/curator/curator-framework/2.13.0/curator-framework-2.13.0.jar:/home/user/.m2/repository/com/sun/jersey/jersey-core/1.19/jersey-core-1.19.jar:/home/user/.m2/repository/javax/ws/rs/jsr311-api/1.1.1/jsr311-api-1.1.1.jar:/home/user/.m2/repository/com/sun/jersey/jersey-server/1.19/jersey-server-1.19.jar:/home/user/.m2/repository/javax/servlet/javax.servlet-api/3.1.0/javax.servlet-api-3.1.0.jar:/home/user/.m2/repository/org/eclipse/jetty/jetty-server/9.4.34.v20201102/jetty-server-9.4.34.v20201102.jar:/home/user/.m2/repository/org/eclipse/jetty/jetty-http/9.4.34.v20201102/jetty-http-9.4.34.v20201102.jar:/home/user/.m2/repository/org/eclipse/jetty/jetty-io/9.4.34.v20201102/jetty-io-9.4.34.v20201102.jar:/home/user/.m2/repository/org/eclipse/jetty/jetty-webapp/9.4.34.v20201102/jetty-webapp-9.4.34.v20201102.jar:/home/user/.m2/repository/org/eclipse/jetty/jetty-xml/9.4.34.v20201102/jetty-xml-9.4.34.v20201102.jar:/home/user/.m2/repository/org/apache/hadoop/hadoop-common/3.2.1/hadoop-common-3.2.1.jar:/home/user/.m2/repository/commons-net/commons-net/3.6/commons-net-3.6.jar:/home/user/.m2/repository/com/sun/jersey/jersey-servlet/1.19/jersey-servlet-1.19.jar:/home/user/.m2/repository/com/sun/jersey/jersey-json/1.19/jersey-json-1.19.jar:/home/user/.m2/repository/org/codehaus/jettison/jettison/1.1/jettison-1.1.jar:/home/user/.m2/repository/org/codehaus/jackson/jackson-jaxrs/1.9.2/jackson-jaxrs-1.9.2.jar:/home/user/.m2/repository/org/codehaus/jackson/jackson-xc/1.9.2/jackson-xc-1.9.2.jar:/home/user/.m2/repository/org/apache/commons/commons-configuration2/2.1.1/commons-configuration2-2.1.1.jar:/home/user/.m2/repository/org/apache/commons/commons-text/1.4/commons-text-1.4.jar:/home/user/.m2/repository/com/google/re2j/re2j/1.1/re2j-1.1.jar:/home/user/.m2/repository/com/jcraft/jsch/0.1.54/jsch-0.1.54.jar:/home/user/.m2/repository/org/apache/curator/curator-client/2.13.0/curator-client-2.13.0.jar:/home/user/.m2/repository/org/apache/curator/curator-recipes/2.13.0/curator-recipes-2.13.0.jar:/home/user/.m2/repository/dnsjava/dnsjava/2.1.7/dnsjava-2.1.7.jar:/home/user/.m2/repository/org/slf4j/jul-to-slf4j/1.7.30/jul-to-slf4j-1.7.30.jar:/home/user/.m2/repository/org/eclipse/jetty/jetty-util/9.4.34.v20201102/jetty-util-9.4.34.v20201102.jar:/home/user/.m2/repository/com/fasterxml/jackson/core/jackson-databind/2.10.3/jackson-databind-2.10.3.jar:/home/user/.m2/repository/org/apache/hadoop/hadoop-kms/3.2.1/hadoop-kms-3.2.1-tests.jar:/home/user/.m2/repository/org/apache/hadoop/hadoop-hdds-server-scm/1.1.0-SNAPSHOT/hadoop-hdds-server-scm-1.1.0-SNAPSHOT-tests.jar:/home/user/.m2/repository/org/apache/hadoop/hadoop-hdds-container-service/1.1.0-SNAPSHOT/hadoop-hdds-container-service-1.1.0-SNAPSHOT-tests.jar:/home/user/.m2/repository/commons-codec/commons-codec/1.11/commons-codec-1.11.jar:/home/user/.m2/repository/org/apache/hadoop/hadoop-hdds-hadoop-dependency-test/1.1.0-SNAPSHOT/hadoop-hdds-hadoop-dependency-test-1.1.0-SNAPSHOT.jar:/home/user/.m2/repository/org/apache/hadoop/hadoop-common/3.2.1/hadoop-common-3.2.1-tests.jar:/home/user/.m2/repository/org/apache/hadoop/hadoop-hdfs/3.2.1/hadoop-hdfs-3.2.1-tests.jar:/home/user/.m2/repository/org/eclipse/jetty/jetty-util-ajax/9.4.34.v20201102/jetty-util-ajax-9.4.34.v20201102.jar:/home/user/.m2/repository/commons-daemon/commons-daemon/1.0.13/commons-daemon-1.0.13.jar:/home/user/.m2/repository/io/netty/netty/3.10.5.Final/netty-3.10.5.Final.jar:/home/user/.m2/repository/io/netty/netty-all/4.1.48.Final/netty-all-4.1.48.Final.jar:/home/user/.m2/repository/org/apache/htrace/htrace-core4/4.1.0-incubating/htrace-core4-4.1.0-incubating.jar:/home/user/.m2/repository/org/apache/hadoop/hadoop-distcp/3.2.1/hadoop-distcp-3.2.1.jar:/home/user/.m2/repository/org/apache/hadoop/hadoop-mapreduce-client-jobclient/3.2.1/hadoop-mapreduce-client-jobclient-3.2.1.jar:/home/user/.m2/repository/org/apache/hadoop/hadoop-mapreduce-client-common/3.2.1/hadoop-mapreduce-client-common-3.2.1.jar:/home/user/.m2/repository/org/apache/hadoop/hadoop-yarn-common/3.2.1/hadoop-yarn-common-3.2.1.jar:/home/user/.m2/repository/org/apache/hadoop/hadoop-yarn-api/3.2.1/hadoop-yarn-api-3.2.1.jar:/home/user/.m2/repository/com/sun/jersey/jersey-client/1.19/jersey-client-1.19.jar:/home/user/.m2/repository/com/sun/jersey/contribs/jersey-guice/1.19/jersey-guice-1.19.jar:/home/user/.m2/repository/com/fasterxml/jackson/jaxrs/jackson-jaxrs-json-provider/2.10.3/jackson-jaxrs-json-provider-2.10.3.jar:/home/user/.m2/repository/com/fasterxml/jackson/jaxrs/jackson-jaxrs-base/2.10.3/jackson-jaxrs-base-2.10.3.jar:/home/user/.m2/repository/org/apache/hadoop/hadoop-yarn-client/3.2.1/hadoop-yarn-client-3.2.1.jar:/home/user/.m2/repository/org/apache/hadoop/hadoop-mapreduce-client-core/3.2.1/hadoop-mapreduce-client-core-3.2.1.jar:/home/user/.m2/repository/org/apache/avro/avro/1.7.7/avro-1.7.7.jar:/home/user/.m2/repository/org/codehaus/jackson/jackson-core-asl/1.9.13/jackson-core-asl-1.9.13.jar:/home/user/.m2/repository/org/codehaus/jackson/jackson-mapper-asl/1.9.13/jackson-mapper-asl-1.9.13.jar:/home/user/.m2/repository/com/thoughtworks/paranamer/paranamer/2.3/paranamer-2.3.jar:/home/user/.m2/repository/org/xerial/snappy/snappy-java/1.0.5/snappy-java-1.0.5.jar:/home/user/.m2/repository/org/apache/hadoop/hadoop-annotations/3.2.1/hadoop-annotations-3.2.1.jar:/usr/lib/jvm/java-1.8.0-openjdk-1.8.0.232.b09-0.el7_7.x86_64/jre/../lib/tools.jar:/home/user/.m2/repository/org/apache/hadoop/hadoop-distcp/3.2.1/hadoop-distcp-3.2.1-tests.jar:"/>
    <property name="sun.cpu.endian" value="little"/>
    <property name="user.home" value="/home/user"/>
    <property name="user.language" value="en"/>
    <property name="java.specification.vendor" value="Oracle Corporation"/>
    <property name="java.home" value="/usr/lib/jvm/java-1.8.0-openjdk-1.8.0.232.b09-0.el7_7.x86_64/jre"/>
    <property name="java.security.krb5.conf" value="/github/workspace/mnt/ozone/hadoop-ozone/integration-test/target/test-classes/krb5.conf"/>
    <property name="basedir" value="/github/workspace/mnt/ozone/hadoop-ozone/integration-test"/>
    <property name="file.separator" value="/"/>
    <property name="line.separator" value="&#10;"/>
    <property name="java.vm.specification.vendor" value="Oracle Corporation"/>
    <property name="java.specification.name" value="Java Platform API Specification"/>
    <property name="java.awt.graphicsenv" value="sun.awt.X11GraphicsEnvironment"/>
    <property name="skip.installnpx" value="true"/>
    <property name="surefire.real.class.path" value="/github/workspace/mnt/ozone/hadoop-ozone/integration-test/target/surefire/surefirebooter7435899817905881743.jar:/home/user/.m2/repository/org/jacoco/org.jacoco.agent/0.8.5/org.jacoco.agent-0.8.5-runtime.jar"/>
    <property name="hadoop.log.dir" value="/github/workspace/mnt/ozone/hadoop-ozone/integration-test/target/log"/>
    <property name="sun.boot.class.path" value="/usr/lib/jvm/java-1.8.0-openjdk-1.8.0.232.b09-0.el7_7.x86_64/jre/lib/resources.jar:/usr/lib/jvm/java-1.8.0-openjdk-1.8.0.232.b09-0.el7_7.x86_64/jre/lib/rt.jar:/usr/lib/jvm/java-1.8.0-openjdk-1.8.0.232.b09-0.el7_7.x86_64/jre/lib/sunrsasign.jar:/usr/lib/jvm/java-1.8.0-openjdk-1.8.0.232.b09-0.el7_7.x86_64/jre/lib/jsse.jar:/usr/lib/jvm/java-1.8.0-openjdk-1.8.0.232.b09-0.el7_7.x86_64/jre/lib/jce.jar:/usr/lib/jvm/java-1.8.0-openjdk-1.8.0.232.b09-0.el7_7.x86_64/jre/lib/charsets.jar:/usr/lib/jvm/java-1.8.0-openjdk-1.8.0.232.b09-0.el7_7.x86_64/jre/lib/jfr.jar:/usr/lib/jvm/java-1.8.0-openjdk-1.8.0.232.b09-0.el7_7.x86_64/jre/classes"/>
    <property name="sun.management.compiler" value="HotSpot 64-Bit Tiered Compilers"/>
    <property name="skip.npx" value="true"/>
    <property name="java.runtime.version" value="1.8.0_232-b09"/>
    <property name="java.net.preferIPv4Stack" value="true"/>
    <property name="user.name" value="jenkins1001"/>
    <property name="path.separator" value=":"/>
    <property name="java.security.egd" value="file:///dev/urandom"/>
    <property name="os.version" value="5.4.0-1032-azure"/>
    <property name="java.endorsed.dirs" value="/usr/lib/jvm/java-1.8.0-openjdk-1.8.0.232.b09-0.el7_7.x86_64/jre/lib/endorsed"/>
    <property name="java.runtime.name" value="OpenJDK Runtime Environment"/>
    <property name="file.encoding" value="ANSI_X3.4-1968"/>
    <property name="java.vm.name" value="OpenJDK 64-Bit Server VM"/>
    <property name="test.build.webapps" value=""/>
    <property name="localRepository" value="/home/user/.m2/repository"/>
    <property name="java.vendor.url.bug" value="http://bugreport.sun.com/bugreport/"/>
    <property name="java.io.tmpdir" value="/tmp"/>
    <property name="require.test.libhadoop" value=""/>
    <property name="java.version" value="1.8.0_232"/>
    <property name="user.dir" value="/github/workspace/mnt/ozone/hadoop-ozone/integration-test"/>
    <property name="os.arch" value="amd64"/>
    <property name="java.vm.specification.name" value="Java Virtual Machine Specification"/>
    <property name="test.build.classes" value="/github/workspace/mnt/ozone/hadoop-ozone/integration-test/target/test-classes"/>
    <property name="java.awt.printerjob" value="sun.print.PSPrinterJob"/>
    <property name="sun.os.patch.level" value="unknown"/>
    <property name="hadoop.tmp.dir" value="/github/workspace/mnt/ozone/hadoop-ozone/integration-test/target/tmp"/>
    <property name="java.library.path" value="/usr/lib:/usr/java/packages/lib/amd64:/usr/lib64:/lib64:/lib:/usr/lib"/>
    <property name="java.vm.info" value="mixed mode"/>
    <property name="java.vendor" value="Oracle Corporation"/>
    <property name="java.vm.version" value="25.232-b09"/>
    <property name="java.ext.dirs" value="/usr/lib/jvm/java-1.8.0-openjdk-1.8.0.232.b09-0.el7_7.x86_64/jre/lib/ext:/usr/java/packages/lib/ext"/>
    <property name="sun.io.unicode.encoding" value="UnicodeLittle"/>
    <property name="java.class.version" value="52.0"/>
  </properties>
  <testcase name="testMultipartUpload" classname="org.apache.hadoop.ozone.om.TestOzoneManagerHAWithData" time="35.242"/>
  <testcase name="testOMRatisSnapshot" classname="org.apache.hadoop.ozone.om.TestOzoneManagerHAWithData" time="34.689"/>
  <testcase name="testFileOperationsWithRecursive" classname="org.apache.hadoop.ozone.om.TestOzoneManagerHAWithData" time="35.821"/>
  <testcase name="testMultipartUploadWithOneOmNodeDown" classname="org.apache.hadoop.ozone.om.TestOzoneManagerHAWithData" time="32.882"/>
  <testcase name="testKeysDelete" classname="org.apache.hadoop.ozone.om.TestOzoneManagerHAWithData" time="29.044"/>
  <testcase name="testAllOMNodesRunning" classname="org.apache.hadoop.ozone.om.TestOzoneManagerHAWithData" time="28.836"/>
  <testcase name="testIncrementalWaitTimeWithSameNodeFailover" classname="org.apache.hadoop.ozone.om.TestOzoneManagerHAWithData" time="32.845"/>
  <testcase name="testListParts" classname="org.apache.hadoop.ozone.om.TestOzoneManagerHAWithData" time="41.052"/>
  <testcase name="testFileOperationsWithNonRecursive" classname="org.apache.hadoop.ozone.om.TestOzoneManagerHAWithData" time="29.267"/>
  <testcase name="testOneOMNodeDown" classname="org.apache.hadoop.ozone.om.TestOzoneManagerHAWithData" time="32.848"/>
  <testcase name="testTwoOMNodesDown" classname="org.apache.hadoop.ozone.om.TestOzoneManagerHAWithData" time="0">
    <skipped message="This test is failing randomly. It will be enabled after fixing it."/>
  </testcase>
  <testcase name="testOMRestart" classname="org.apache.hadoop.ozone.om.TestOzoneManagerHAWithData" time="37.343">
    <failure type="java.lang.AssertionError">java.lang.AssertionError
	at org.junit.Assert.fail(Assert.java:86)
	at org.junit.Assert.assertTrue(Assert.java:41)
	at org.junit.Assert.assertTrue(Assert.java:52)
	at org.apache.hadoop.ozone.om.TestOzoneManagerHAWithData.testOMRestart(TestOzoneManagerHAWithData.java:563)
	at sun.reflect.NativeMethodAccessorImpl.invoke0(Native Method)
	at sun.reflect.NativeMethodAccessorImpl.invoke(NativeMethodAccessorImpl.java:62)
	at sun.reflect.DelegatingMethodAccessorImpl.invoke(DelegatingMethodAccessorImpl.java:43)
	at java.lang.reflect.Method.invoke(Method.java:498)
	at org.junit.runners.model.FrameworkMethod$1.runReflectiveCall(FrameworkMethod.java:47)
	at org.junit.internal.runners.model.ReflectiveCallable.run(ReflectiveCallable.java:12)
	at org.junit.runners.model.FrameworkMethod.invokeExplosively(FrameworkMethod.java:44)
	at org.junit.internal.runners.statements.InvokeMethod.evaluate(InvokeMethod.java:17)
	at org.junit.internal.runners.statements.RunBefores.evaluate(RunBefores.java:26)
	at org.junit.internal.runners.statements.RunAfters.evaluate(RunAfters.java:27)
	at org.junit.rules.ExpectedException$ExpectedExceptionStatement.evaluate(ExpectedException.java:168)
	at org.junit.internal.runners.statements.FailOnTimeout$StatementThread.run(FailOnTimeout.java:74)
</failure>
    <system-out><![CDATA[2021-01-11 13:55:33,502 [Thread-4897] WARN  server.ServerUtils (ServerUtils.java:getScmDbDir(148)) - ozone.scm.db.dirs is not configured. We recommend adding this setting. Falling back to ozone.metadata.dirs instead.
2021-01-11 13:55:33,504 [Thread-4897] WARN  server.ServerUtils (ServerUtils.java:getScmDbDir(148)) - ozone.scm.db.dirs is not configured. We recommend adding this setting. Falling back to ozone.metadata.dirs instead.
2021-01-11 13:55:33,504 [Thread-4897] WARN  db.DBStoreBuilder (DBStoreBuilder.java:applyDBDefinition(145)) - ozone.scm.db.dirs is not configured. We recommend adding this setting. Falling back to ozone.metadata.dirs instead.
2021-01-11 13:55:33,529 [Thread-4897] INFO  net.NodeSchemaLoader (NodeSchemaLoader.java:loadSchemaFromFile(126)) - Loading file from sun.misc.CompoundEnumeration@5cf55cf7
2021-01-11 13:55:33,529 [Thread-4897] INFO  net.NodeSchemaLoader (NodeSchemaLoader.java:loadSchema(172)) - Loading network topology layer schema file
2021-01-11 13:55:33,534 [Thread-4897] WARN  server.ServerUtils (ServerUtils.java:sanitizeUserArgs(73)) - ozone.scm.stale.node.interval value = 300000 is larger than max = 100000 based on the key value of ozone.scm.heartbeat.thread.interval, reset to the max value 100000.
2021-01-11 13:55:33,534 [Thread-4897] WARN  server.ServerUtils (ServerUtils.java:sanitizeUserArgs(73)) - ozone.scm.stale.node.interval value = 300000 is larger than max = 100000 based on the key value of ozone.scm.heartbeat.thread.interval, reset to the max value 100000.
2021-01-11 13:55:33,534 [Thread-4897] INFO  node.SCMNodeManager (SCMNodeManager.java:<init>(123)) - Entering startup safe mode.
2021-01-11 13:55:33,534 [Thread-4897] INFO  algorithms.ContainerPlacementPolicyFactory (ContainerPlacementPolicyFactory.java:getPolicy(60)) - Create container placement policy of type org.apache.hadoop.hdds.scm.container.placement.algorithms.SCMContainerPlacementRandom
2021-01-11 13:55:33,534 [Thread-4897] INFO  algorithms.LeaderChoosePolicyFactory (LeaderChoosePolicyFactory.java:getPolicy(57)) - Create leader choose policy of type org.apache.hadoop.hdds.scm.pipeline.leader.choose.algorithms.MinLeaderCountChoosePolicy
2021-01-11 13:55:33,535 [Thread-4897] INFO  pipeline.SCMPipelineManager (SCMPipelineManager.java:initializePipelineState(161)) - No pipeline exists in current db
2021-01-11 13:55:33,535 [Thread-4897] INFO  algorithms.PipelineChoosePolicyFactory (PipelineChoosePolicyFactory.java:createPipelineChoosePolicyFromClass(75)) - Create pipeline choose policy of type org.apache.hadoop.hdds.scm.pipeline.choose.algorithms.RandomPipelineChoosePolicy
2021-01-11 13:55:33,536 [Thread-4897] INFO  safemode.HealthyPipelineSafeModeRule (HealthyPipelineSafeModeRule.java:<init>(89)) - Total pipeline count is 0, healthy pipeline threshold count is 0
2021-01-11 13:55:33,536 [Thread-4897] INFO  safemode.OneReplicaPipelineSafeModeRule (OneReplicaPipelineSafeModeRule.java:<init>(85)) - Total pipeline count is 0, pipeline's with at least one datanode reported threshold count is 0
2021-01-11 13:55:33,537 [Thread-4897] INFO  ipc.CallQueueManager (CallQueueManager.java:<init>(84)) - Using callQueue: class java.util.concurrent.LinkedBlockingQueue, queueCapacity: 2000, scheduler: class org.apache.hadoop.ipc.DefaultRpcScheduler, ipcBackoff: false.
2021-01-11 13:55:33,540 [Socket Reader #1 for port 0] INFO  ipc.Server (Server.java:run(1219)) - Starting Socket Reader #1 for port 0
2021-01-11 13:55:33,541 [Listener at 0.0.0.0/42811] INFO  ipc.CallQueueManager (CallQueueManager.java:<init>(84)) - Using callQueue: class java.util.concurrent.LinkedBlockingQueue, queueCapacity: 2000, scheduler: class org.apache.hadoop.ipc.DefaultRpcScheduler, ipcBackoff: false.
2021-01-11 13:55:33,541 [Socket Reader #1 for port 0] INFO  ipc.Server (Server.java:run(1219)) - Starting Socket Reader #1 for port 0
2021-01-11 13:55:33,544 [Listener at 0.0.0.0/34355] INFO  ipc.CallQueueManager (CallQueueManager.java:<init>(84)) - Using callQueue: class java.util.concurrent.LinkedBlockingQueue, queueCapacity: 2000, scheduler: class org.apache.hadoop.ipc.DefaultRpcScheduler, ipcBackoff: false.
2021-01-11 13:55:33,544 [Socket Reader #1 for port 0] INFO  ipc.Server (Server.java:run(1219)) - Starting Socket Reader #1 for port 0
2021-01-11 13:55:33,548 [Listener at 0.0.0.0/39775] INFO  http.BaseHttpServer (BaseHttpServer.java:newHttpServer2BuilderForOzone(207)) - Starting Web-server for scm at: http://0.0.0.0:0
2021-01-11 13:55:33,548 [Listener at 0.0.0.0/39775] INFO  http.BaseHttpServer (BaseHttpServer.java:<init>(106)) - Hadoop Security Enabled: false Ozone Security Enabled: false Ozone HTTP Security Enabled: false 
2021-01-11 13:55:33,549 [Listener at 0.0.0.0/39775] INFO  server.AuthenticationFilter (AuthenticationFilter.java:constructSecretProvider(240)) - Unable to initialize FileSignerSecretProvider, falling back to use random secrets.
2021-01-11 13:55:33,555 [Listener at 0.0.0.0/39775] WARN  http.HttpRequestLog (HttpRequestLog.java:getRequestLog(103)) - Jetty request log can only be enabled using Log4j
2021-01-11 13:55:33,555 [Listener at 0.0.0.0/39775] INFO  http.HttpServer2 (HttpServer2.java:addGlobalFilter(1020)) - Added global filter 'safety' (class=org.apache.hadoop.hdds.server.http.HttpServer2$QuotingInputFilter)
2021-01-11 13:55:33,556 [Listener at 0.0.0.0/39775] INFO  http.HttpServer2 (HttpServer2.java:addFilter(996)) - Added filter static_user_filter (class=org.apache.hadoop.http.lib.StaticUserWebFilter$StaticUserFilter) to context scm
2021-01-11 13:55:33,556 [Listener at 0.0.0.0/39775] INFO  http.HttpServer2 (HttpServer2.java:addFilter(1004)) - Added filter static_user_filter (class=org.apache.hadoop.http.lib.StaticUserWebFilter$StaticUserFilter) to context logs
2021-01-11 13:55:33,556 [Listener at 0.0.0.0/39775] INFO  http.HttpServer2 (HttpServer2.java:addFilter(1004)) - Added filter static_user_filter (class=org.apache.hadoop.http.lib.StaticUserWebFilter$StaticUserFilter) to context static
2021-01-11 13:55:33,557 [Listener at 0.0.0.0/39775] INFO  server.StorageContainerManager (StorageContainerManager.java:start(789)) - StorageContainerLocationProtocol RPC server is listening at /0.0.0.0:39775
2021-01-11 13:55:33,559 [Listener at 0.0.0.0/39775] WARN  impl.MetricsConfig (MetricsConfig.java:loadFirst(134)) - Cannot locate configuration: tried hadoop-metrics2-storagecontainermanager.properties,hadoop-metrics2.properties
2021-01-11 13:55:33,559 [Listener at 0.0.0.0/39775] INFO  impl.MetricsSystemImpl (MetricsSystemImpl.java:startTimer(374)) - Scheduled Metric snapshot period at 10 second(s).
2021-01-11 13:55:33,559 [Listener at 0.0.0.0/39775] INFO  impl.MetricsSystemImpl (MetricsSystemImpl.java:start(191)) - StorageContainerManager metrics system started
2021-01-11 13:55:33,586 [Listener at 0.0.0.0/39775] WARN  impl.MetricsSystemImpl (MetricsSystemImpl.java:register(276)) - Sink prometheus already exists!
2021-01-11 13:55:33,637 [Listener at 0.0.0.0/39775] INFO  server.SCMClientProtocolServer (SCMClientProtocolServer.java:start(159)) - RPC server for Client  is listening at /0.0.0.0:39775
2021-01-11 13:55:33,637 [IPC Server Responder] INFO  ipc.Server (Server.java:run(1460)) - IPC Server Responder: starting
2021-01-11 13:55:33,638 [IPC Server listener on 0] INFO  ipc.Server (Server.java:run(1298)) - IPC Server listener on 0: starting
2021-01-11 13:55:33,639 [Listener at 0.0.0.0/39775] INFO  server.StorageContainerManager (StorageContainerManager.java:start(801)) - ScmBlockLocationProtocol RPC server is listening at /0.0.0.0:34355
2021-01-11 13:55:33,639 [Listener at 0.0.0.0/39775] INFO  server.SCMBlockProtocolServer (SCMBlockProtocolServer.java:start(150)) - RPC server for Block Protocol is listening at /0.0.0.0:34355
2021-01-11 13:55:33,640 [IPC Server Responder] INFO  ipc.Server (Server.java:run(1460)) - IPC Server Responder: starting
2021-01-11 13:55:33,640 [IPC Server listener on 0] INFO  ipc.Server (Server.java:run(1298)) - IPC Server listener on 0: starting
2021-01-11 13:55:33,652 [Listener at 0.0.0.0/39775] INFO  server.StorageContainerManager (StorageContainerManager.java:start(807)) - ScmDatanodeProtocl RPC server is listening at /0.0.0.0:42811
2021-01-11 13:55:33,652 [Listener at 0.0.0.0/39775] INFO  server.SCMDatanodeProtocolServer (SCMDatanodeProtocolServer.java:start(174)) - RPC server for DataNodes is listening at /0.0.0.0:42811
2021-01-11 13:55:33,652 [IPC Server Responder] INFO  ipc.Server (Server.java:run(1460)) - IPC Server Responder: starting
2021-01-11 13:55:33,652 [IPC Server listener on 0] INFO  ipc.Server (Server.java:run(1298)) - IPC Server listener on 0: starting
2021-01-11 13:55:33,656 [Listener at 0.0.0.0/39775] INFO  http.HttpServer2 (HttpServer2.java:bindListener(1238)) - Jetty bound to port 36205
2021-01-11 13:55:33,656 [Listener at 0.0.0.0/39775] INFO  server.Server (Server.java:doStart(375)) - jetty-9.4.34.v20201102; built: 2020-11-02T14:15:39.302Z; git: e46af88704a893fc12cb0e3bf46e2c7b48a009e7; jvm 1.8.0_232-b09
2021-01-11 13:55:33,663 [Listener at 0.0.0.0/39775] INFO  server.session (DefaultSessionIdManager.java:doStart(334)) - DefaultSessionIdManager workerName=node0
2021-01-11 13:55:33,663 [Listener at 0.0.0.0/39775] INFO  server.session (DefaultSessionIdManager.java:doStart(339)) - No SessionScavenger set, using defaults
2021-01-11 13:55:33,664 [Listener at 0.0.0.0/39775] INFO  server.session (HouseKeeper.java:startScavenging(132)) - node0 Scavenging every 600000ms
2021-01-11 13:55:33,664 [Listener at 0.0.0.0/39775] INFO  handler.ContextHandler (ContextHandler.java:doStart(916)) - Started o.e.j.s.ServletContextHandler@53a71aa4{logs,/logs,file:///github/workspace/mnt/ozone/hadoop-ozone/integration-test/target/log,AVAILABLE}
2021-01-11 13:55:33,664 [Listener at 0.0.0.0/39775] INFO  handler.ContextHandler (ContextHandler.java:doStart(916)) - Started o.e.j.s.ServletContextHandler@333f7fe8{static,/static,file:///github/workspace/mnt/ozone/hadoop-ozone/integration-test/target/test-classes/webapps/static,AVAILABLE}
2021-01-11 13:55:33,666 [Listener at 0.0.0.0/39775] INFO  handler.ContextHandler (ContextHandler.java:doStart(916)) - Started o.e.j.w.WebAppContext@52a52637{scm,/,file:///github/workspace/mnt/ozone/hadoop-ozone/integration-test/target/test-classes/webapps/scm/,AVAILABLE}{file:/github/workspace/mnt/ozone/hadoop-ozone/integration-test/target/test-classes/webapps/scm}
2021-01-11 13:55:33,671 [Listener at 0.0.0.0/39775] INFO  server.AbstractConnector (AbstractConnector.java:doStart(331)) - Started ServerConnector@1a8c8f30{HTTP/1.1, (http/1.1)}{0.0.0.0:36205}
2021-01-11 13:55:33,671 [Listener at 0.0.0.0/39775] INFO  server.Server (Server.java:doStart(415)) - Started @333537ms
2021-01-11 13:55:33,671 [Listener at 0.0.0.0/39775] WARN  impl.MetricsSystemImpl (MetricsSystemImpl.java:register(276)) - Sink prometheus already exists!
2021-01-11 13:55:33,674 [Listener at 0.0.0.0/39775] INFO  http.BaseHttpServer (BaseHttpServer.java:updateConnectorAddress(327)) - HTTP server of scm listening at http://0.0.0.0:36205
2021-01-11 13:55:33,675 [Listener at 0.0.0.0/39775] WARN  server.ServerUtils (ServerUtils.java:getDBPath(225)) - ozone.om.db.dirs is not configured. We recommend adding this setting. Falling back to ozone.metadata.dirs instead.
2021-01-11 13:55:33,676 [org.apache.hadoop.util.JvmPauseMonitor$Monitor@51586dc2] INFO  util.JvmPauseMonitor (JvmPauseMonitor.java:run(188)) - Starting JVM pause monitor
2021-01-11 13:55:33,677 [Listener at 0.0.0.0/39775] INFO  ha.OMHANodeDetails (OMHANodeDetails.java:loadOMHAConfig(110)) - ServiceID for OzoneManager is om-service-test1
2021-01-11 13:55:33,677 [Listener at 0.0.0.0/39775] INFO  ha.OMHANodeDetails (OMHANodeDetails.java:loadOMHAConfig(186)) - Found matching OM address with OMServiceId: om-service-test1, OMNodeId: omNode-1, RPC Address: localhost:13832 and Ratis port: 13836
2021-01-11 13:55:33,677 [Listener at 0.0.0.0/39775] INFO  ha.OMHANodeDetails (OMHANodeDetails.java:setOMNodeSpecificConfigs(311)) - Setting configuration key ozone.om.http-address with value of key ozone.om.http-address.omNode-1: 127.0.0.1:13834
2021-01-11 13:55:33,677 [Listener at 0.0.0.0/39775] INFO  ha.OMHANodeDetails (OMHANodeDetails.java:setOMNodeSpecificConfigs(311)) - Setting configuration key ozone.om.https-address with value of key ozone.om.https-address.omNode-1: 127.0.0.1:13835
2021-01-11 13:55:33,677 [Listener at 0.0.0.0/39775] INFO  ha.OMHANodeDetails (OMHANodeDetails.java:setOMNodeSpecificConfigs(311)) - Setting configuration key ozone.om.address with value of key ozone.om.address.omNode-1: 127.0.0.1:13832
2021-01-11 13:55:33,677 [Listener at 0.0.0.0/39775] WARN  server.ServerUtils (ServerUtils.java:getDBPath(225)) - ozone.om.db.dirs is not configured. We recommend adding this setting. Falling back to ozone.metadata.dirs instead.
2021-01-11 13:55:33,678 [Listener at 0.0.0.0/39775] WARN  server.ServerUtils (ServerUtils.java:getDBPath(225)) - ozone.om.db.dirs is not configured. We recommend adding this setting. Falling back to ozone.metadata.dirs instead.
2021-01-11 13:55:33,688 [Listener at 0.0.0.0/39775] WARN  server.ServerUtils (ServerUtils.java:getDBPath(225)) - ozone.om.db.dirs is not configured. We recommend adding this setting. Falling back to ozone.metadata.dirs instead.
2021-01-11 13:55:33,689 [Listener at 0.0.0.0/39775] INFO  codec.OmKeyInfoCodec (OmKeyInfoCodec.java:<init>(41)) - OmKeyInfoCodec ignorePipeline = true
2021-01-11 13:55:33,689 [Listener at 0.0.0.0/39775] INFO  codec.RepeatedOmKeyInfoCodec (RepeatedOmKeyInfoCodec.java:<init>(40)) - RepeatedOmKeyInfoCodec ignorePipeline = true
2021-01-11 13:55:33,735 [Listener at 0.0.0.0/39775] INFO  om.OzoneManager (OzoneManager.java:addS3GVolumeToDB(3738)) - Created Volume s3v With Owner jenkins1001 required for S3Gateway operations.
2021-01-11 13:55:33,736 [Listener at 0.0.0.0/39775] WARN  server.ServerUtils (ServerUtils.java:getDefaultRatisDirectory(237)) - Storage directory for Ratis is not configured. It is a good idea to map this to an SSD disk. Falling back to ozone.metadata.dirs
2021-01-11 13:55:33,736 [Listener at 0.0.0.0/39775] WARN  ratis.OzoneManagerRatisServer (OzoneManagerRatisServer.java:getOMRatisSnapshotDirectory(638)) - ozone.om.ratis.snapshot.dir is not configured. Falling back to ozone.metadata.dirs config
2021-01-11 13:55:33,736 [Listener at 0.0.0.0/39775] INFO  snapshot.OzoneManagerSnapshotProvider (OzoneManagerSnapshotProvider.java:<init>(77)) - Initializing OM Snapshot Provider
2021-01-11 13:55:33,737 [Listener at 0.0.0.0/39775] WARN  server.ServerUtils (ServerUtils.java:getDefaultRatisDirectory(237)) - Storage directory for Ratis is not configured. It is a good idea to map this to an SSD disk. Falling back to ozone.metadata.dirs
2021-01-11 13:55:33,737 [Listener at 0.0.0.0/39775] INFO  ratis.OzoneManagerRatisServer (OzoneManagerRatisServer.java:<init>(280)) - Instantiating OM Ratis server with GroupID: om-service-test1 and Raft Peers: localhost:13836, localhost:13842, localhost:13848
2021-01-11 13:55:33,738 [Listener at 0.0.0.0/39775] INFO  ratis.OzoneManagerStateMachine (OzoneManagerStateMachine.java:loadSnapshotInfoFromDB(518)) - LastAppliedIndex is set from TransactionInfo from OM DB as (t:0, i:~)
2021-01-11 13:55:33,739 [Listener at 0.0.0.0/39775] INFO  server.RaftServer (ConfUtils.java:logGet(44)) - raft.rpc.type = GRPC (default)
2021-01-11 13:55:33,739 [Listener at 0.0.0.0/39775] INFO  grpc.GrpcFactory (GrpcFactory.java:checkPooledByteBufAllocatorUseCacheForAllThreads(48)) - PERFORMANCE WARNING: useCacheForAllThreads is true that may cause Netty to create a lot garbage objects and, as a result, trigger GC.
	It is recommended to disable useCacheForAllThreads by setting -Dorg.apache.ratis.thirdparty.io.netty.allocator.useCacheForAllThreads=false in command line.
2021-01-11 13:55:33,739 [Listener at 0.0.0.0/39775] INFO  grpc.GrpcConfigKeys (ConfUtils.java:logGet(44)) - raft.grpc.server.port = 13836 (custom)
2021-01-11 13:55:33,740 [Listener at 0.0.0.0/39775] INFO  server.GrpcService (ConfUtils.java:logGet(44)) - raft.grpc.message.size.max = 33554432 (custom)
2021-01-11 13:55:33,740 [Listener at 0.0.0.0/39775] INFO  server.RaftServerConfigKeys (ConfUtils.java:logGet(44)) - raft.server.log.appender.buffer.byte-limit = 33554432 (custom)
2021-01-11 13:55:33,740 [Listener at 0.0.0.0/39775] INFO  server.GrpcService (ConfUtils.java:logGet(44)) - raft.grpc.flow.control.window = 1MB (=1048576) (default)
2021-01-11 13:55:33,740 [Listener at 0.0.0.0/39775] INFO  server.RaftServerConfigKeys (ConfUtils.java:logGet(44)) - raft.server.rpc.request.timeout = 3000ms (default)
2021-01-11 13:55:33,741 [Listener at 0.0.0.0/39775] INFO  impl.DataStreamServerImpl (ConfUtils.java:logGet(44)) - raft.datastream.type = DISABLED (default)
2021-01-11 13:55:33,741 [Listener at 0.0.0.0/39775] INFO  server.RaftServerConfigKeys (ConfUtils.java:logGet(44)) - raft.server.rpc.slowness.timeout = 2s (custom)
2021-01-11 13:55:33,741 [Listener at 0.0.0.0/39775] INFO  server.RaftServerConfigKeys (ConfUtils.java:logGet(44)) - raft.server.leaderelection.leader.step-down.wait-time = 10s (default)
2021-01-11 13:55:33,741 [Listener at 0.0.0.0/39775] INFO  server.RaftServerConfigKeys (ConfUtils.java:logGet(44)) - raft.server.storage.dir = [/github/workspace/mnt/ozone/hadoop-ozone/integration-test/target/test-dir/MiniOzoneClusterImpl-250075fd-7b22-4ad4-b8fe-1c364b7bd722/omNode-1/ratis] (custom)
2021-01-11 13:55:33,742 [Listener at 0.0.0.0/39775] INFO  server.RaftServer (RaftServerProxy.java:addNew(95)) - omNode-1: addNew group-523986131536:[omNode-3|rpc:localhost:13848|priority:0, omNode-1|rpc:localhost:13836|priority:0, omNode-2|rpc:localhost:13842|priority:0] returns group-523986131536:java.util.concurrent.CompletableFuture@3bf98943[Not completed]
2021-01-11 13:55:33,742 [Listener at 0.0.0.0/39775] INFO  om.OzoneManager (OzoneManager.java:initializeRatisServer(1332)) - OzoneManager Ratis server initialized at port 13836
2021-01-11 13:55:33,742 [Listener at 0.0.0.0/39775] INFO  ipc.CallQueueManager (CallQueueManager.java:<init>(84)) - Using callQueue: class java.util.concurrent.LinkedBlockingQueue, queueCapacity: 2000, scheduler: class org.apache.hadoop.ipc.DefaultRpcScheduler, ipcBackoff: false.
2021-01-11 13:55:33,744 [pool-1181-thread-1] INFO  server.RaftServer$Division (RaftServerImpl.java:<init>(179)) - omNode-1: new RaftServerImpl for group-523986131536:[omNode-3|rpc:localhost:13848|priority:0, omNode-1|rpc:localhost:13836|priority:0, omNode-2|rpc:localhost:13842|priority:0] with OzoneManagerStateMachine:uninitialized
2021-01-11 13:55:33,744 [Socket Reader #1 for port 13832] INFO  ipc.Server (Server.java:run(1219)) - Starting Socket Reader #1 for port 13832
2021-01-11 13:55:33,757 [pool-1181-thread-1] INFO  server.RaftServerConfigKeys (ConfUtils.java:logGet(44)) - raft.server.rpc.timeout.min = 1s (custom)
2021-01-11 13:55:33,757 [pool-1181-thread-1] INFO  server.RaftServerConfigKeys (ConfUtils.java:logGet(44)) - raft.server.rpc.timeout.max = 1200ms (custom)
2021-01-11 13:55:33,757 [pool-1181-thread-1] INFO  server.RaftServerConfigKeys (ConfUtils.java:logGet(44)) - raft.server.rpc.sleep.time = 25ms (default)
2021-01-11 13:55:33,757 [pool-1181-thread-1] INFO  server.RaftServerConfigKeys (ConfUtils.java:logGet(44)) - raft.server.rpc.slowness.timeout = 2s (custom)
2021-01-11 13:55:33,757 [pool-1181-thread-1] INFO  server.RaftServerConfigKeys (ConfUtils.java:logGet(44)) - raft.server.leaderelection.leader.step-down.wait-time = 10s (default)
2021-01-11 13:55:33,757 [pool-1181-thread-1] INFO  server.RaftServerConfigKeys (ConfUtils.java:logGet(44)) - raft.server.sleep.deviation.threshold = 300ms (default)
2021-01-11 13:55:33,757 [pool-1181-thread-1] INFO  server.RaftServerConfigKeys (ConfUtils.java:logGet(44)) - raft.server.log.appender.install.snapshot.enabled = false (custom)
2021-01-11 13:55:33,757 [pool-1181-thread-1] INFO  server.RaftServer$Division (ServerState.java:<init>(103)) - omNode-1@group-523986131536: ConfigurationManager, init=-1: [omNode-3|rpc:localhost:13848|priority:0, omNode-1|rpc:localhost:13836|priority:0, omNode-2|rpc:localhost:13842|priority:0], old=null, confs=<EMPTY_MAP>
2021-01-11 13:55:33,757 [pool-1181-thread-1] INFO  server.RaftServerConfigKeys (ConfUtils.java:logGet(44)) - raft.server.storage.dir = [/github/workspace/mnt/ozone/hadoop-ozone/integration-test/target/test-dir/MiniOzoneClusterImpl-250075fd-7b22-4ad4-b8fe-1c364b7bd722/omNode-1/ratis] (custom)
2021-01-11 13:55:33,757 [pool-1181-thread-1] INFO  server.RaftServerConfigKeys (ConfUtils.java:logGet(44)) - raft.server.log.corruption.policy = EXCEPTION (default)
2021-01-11 13:55:33,757 [pool-1181-thread-1] INFO  storage.RaftStorageDirectory (RaftStorageDirectoryImpl.java:analyzeStorage(132)) - The storage directory /github/workspace/mnt/ozone/hadoop-ozone/integration-test/target/test-dir/MiniOzoneClusterImpl-250075fd-7b22-4ad4-b8fe-1c364b7bd722/omNode-1/ratis/c9bc4cf4-3bc3-3c60-a66b-523986131536 does not exist. Creating ...
2021-01-11 13:55:33,760 [pool-1181-thread-1] INFO  storage.RaftStorageDirectory (RaftStorageDirectoryImpl.java:tryLock(215)) - Lock on /github/workspace/mnt/ozone/hadoop-ozone/integration-test/target/test-dir/MiniOzoneClusterImpl-250075fd-7b22-4ad4-b8fe-1c364b7bd722/omNode-1/ratis/c9bc4cf4-3bc3-3c60-a66b-523986131536/in_use.lock acquired by nodename 17557@f5cef6452a00
2021-01-11 13:55:33,761 [pool-1181-thread-1] INFO  storage.RaftStorage (RaftStorageImpl.java:format(87)) - Storage directory /github/workspace/mnt/ozone/hadoop-ozone/integration-test/target/test-dir/MiniOzoneClusterImpl-250075fd-7b22-4ad4-b8fe-1c364b7bd722/omNode-1/ratis/c9bc4cf4-3bc3-3c60-a66b-523986131536 has been successfully formatted.
2021-01-11 13:55:33,762 [pool-1181-thread-1] ERROR storage.RaftStorage (RaftStorageImpl.java:readRaftConfiguration(147)) - Failed reading configuration from file:/github/workspace/mnt/ozone/hadoop-ozone/integration-test/target/test-dir/MiniOzoneClusterImpl-250075fd-7b22-4ad4-b8fe-1c364b7bd722/omNode-1/ratis/c9bc4cf4-3bc3-3c60-a66b-523986131536/current/raft-meta.conf
java.io.FileNotFoundException: /github/workspace/mnt/ozone/hadoop-ozone/integration-test/target/test-dir/MiniOzoneClusterImpl-250075fd-7b22-4ad4-b8fe-1c364b7bd722/omNode-1/ratis/c9bc4cf4-3bc3-3c60-a66b-523986131536/current/raft-meta.conf (No such file or directory)
	at java.io.FileInputStream.open0(Native Method)
	at java.io.FileInputStream.open(FileInputStream.java:195)
	at java.io.FileInputStream.<init>(FileInputStream.java:138)
	at org.apache.ratis.server.storage.RaftStorageImpl.readRaftConfiguration(RaftStorageImpl.java:143)
	at org.apache.ratis.server.impl.ServerState.<init>(ServerState.java:113)
	at org.apache.ratis.server.impl.RaftServerImpl.<init>(RaftServerImpl.java:192)
	at org.apache.ratis.server.impl.RaftServerProxy.lambda$newRaftServerImpl$4(RaftServerProxy.java:266)
	at java.util.concurrent.CompletableFuture$AsyncSupply.run(CompletableFuture.java:1604)
	at java.util.concurrent.ThreadPoolExecutor.runWorker(ThreadPoolExecutor.java:1149)
	at java.util.concurrent.ThreadPoolExecutor$Worker.run(ThreadPoolExecutor.java:624)
	at java.lang.Thread.run(Thread.java:748)
2021-01-11 13:55:33,762 [pool-1181-thread-1] INFO  server.RaftServerConfigKeys (ConfUtils.java:logGet(44)) - raft.server.notification.no-leader.timeout = 2s (custom)
2021-01-11 13:55:33,762 [pool-1181-thread-1] INFO  server.RaftServerConfigKeys (ConfUtils.java:logGet(44)) - raft.server.log.use.memory = false (default)
2021-01-11 13:55:33,762 [pool-1181-thread-1] INFO  server.RaftServerConfigKeys (ConfUtils.java:logGet(44)) - raft.server.log.purge.gap = 50 (custom)
2021-01-11 13:55:33,762 [pool-1181-thread-1] INFO  server.RaftServerConfigKeys (ConfUtils.java:logGet(44)) - raft.server.log.appender.buffer.byte-limit = 33554432 (custom)
2021-01-11 13:55:33,762 [pool-1181-thread-1] INFO  metrics.RatisMetrics (RatisMetrics.java:lambda$create$0(36)) - Creating Metrics Registry : ratis.log_worker.omNode-1@group-523986131536
2021-01-11 13:55:33,762 [pool-1181-thread-1] INFO  server.RaftServerConfigKeys (ConfUtils.java:logGet(44)) - raft.server.log.segment.size.max = 4194304 (custom)
2021-01-11 13:55:33,763 [pool-1181-thread-1] INFO  server.RaftServerConfigKeys (ConfUtils.java:logGet(44)) - raft.server.log.segment.cache.num.max = 2 (custom)
2021-01-11 13:55:33,763 [pool-1181-thread-1] INFO  server.RaftServerConfigKeys (ConfUtils.java:logGet(44)) - raft.server.log.segment.cache.size.max = 200MB (=209715200) (default)
2021-01-11 13:55:33,763 [pool-1181-thread-1] INFO  segmented.SegmentedRaftLogWorker (SegmentedRaftLogWorker.java:<init>(181)) - new omNode-1@group-523986131536-SegmentedRaftLogWorker for RaftStorageImpl:Storage Directory /github/workspace/mnt/ozone/hadoop-ozone/integration-test/target/test-dir/MiniOzoneClusterImpl-250075fd-7b22-4ad4-b8fe-1c364b7bd722/omNode-1/ratis/c9bc4cf4-3bc3-3c60-a66b-523986131536
2021-01-11 13:55:33,763 [pool-1181-thread-1] INFO  server.RaftServerConfigKeys (ConfUtils.java:logGet(44)) - raft.server.log.queue.byte-limit = 64MB (=67108864) (default)
2021-01-11 13:55:33,763 [pool-1181-thread-1] INFO  server.RaftServerConfigKeys (ConfUtils.java:logGet(44)) - raft.server.log.queue.element-limit = 4096 (default)
2021-01-11 13:55:33,763 [pool-1181-thread-1] INFO  server.RaftServerConfigKeys (ConfUtils.java:logGet(44)) - raft.server.log.segment.size.max = 4194304 (custom)
2021-01-11 13:55:33,764 [pool-1181-thread-1] INFO  server.RaftServerConfigKeys (ConfUtils.java:logGet(44)) - raft.server.log.preallocated.size = 4194304 (custom)
2021-01-11 13:55:33,764 [pool-1181-thread-1] INFO  server.RaftServerConfigKeys (ConfUtils.java:logGet(44)) - raft.server.log.force.sync.num = 128 (default)
2021-01-11 13:55:33,764 [pool-1181-thread-1] INFO  server.RaftServerConfigKeys (ConfUtils.java:logGet(44)) - raft.server.log.statemachine.data.sync = true (default)
2021-01-11 13:55:33,764 [pool-1181-thread-1] INFO  server.RaftServerConfigKeys (ConfUtils.java:logGet(44)) - raft.server.log.statemachine.data.sync.timeout = 10s (default)
2021-01-11 13:55:33,764 [pool-1181-thread-1] INFO  server.RaftServerConfigKeys (ConfUtils.java:logGet(44)) - raft.server.log.statemachine.data.sync.timeout.retry = -1 (default)
2021-01-11 13:55:33,766 [pool-1181-thread-1] INFO  server.RaftServerConfigKeys (ConfUtils.java:logGet(44)) - raft.server.log.write.buffer.size = 64KB (=65536) (default)
2021-01-11 13:55:33,766 [pool-1181-thread-1] INFO  server.RaftServerConfigKeys (ConfUtils.java:logGet(44)) - raft.server.log.statemachine.data.caching.enabled = false (default)
2021-01-11 13:55:33,767 [pool-1181-thread-1] INFO  segmented.SegmentedRaftLogWorker (SegmentedRaftLogWorker.java:lambda$new$0(132)) - omNode-1@group-523986131536-SegmentedRaftLogWorker: flushIndex: setUnconditionally 0 -> -1
2021-01-11 13:55:33,771 [pool-1181-thread-1] INFO  segmented.SegmentedRaftLogWorker (SegmentedRaftLogWorker.java:lambda$new$0(132)) - omNode-1@group-523986131536-SegmentedRaftLogWorker: safeCacheEvictIndex: setUnconditionally 0 -> -1
2021-01-11 13:55:33,770 [Listener at 127.0.0.1/13832] INFO  impl.MetricsSystemImpl (MetricsSystemImpl.java:init(158)) - OzoneManager metrics system started (again)
2021-01-11 13:55:33,771 [pool-1181-thread-1] INFO  server.RaftServerConfigKeys (ConfUtils.java:logGet(44)) - raft.server.snapshot.auto.trigger.enabled = true (custom)
2021-01-11 13:55:33,772 [pool-1181-thread-1] INFO  server.RaftServerConfigKeys (ConfUtils.java:logGet(44)) - raft.server.snapshot.auto.trigger.threshold = 50 (custom)
2021-01-11 13:55:33,772 [pool-1181-thread-1] INFO  server.RaftServerConfigKeys (ConfUtils.java:logGet(44)) - raft.server.snapshot.retention.file.num = -1 (default)
2021-01-11 13:55:33,772 [pool-1181-thread-1] INFO  server.RaftServerConfigKeys (ConfUtils.java:logGet(44)) - raft.server.log.purge.upto.snapshot.index = true (custom)
2021-01-11 13:55:33,772 [pool-1181-thread-1] INFO  server.RaftServerConfigKeys (ConfUtils.java:logGet(44)) - raft.server.retrycache.expirytime = 30000ms (custom)
2021-01-11 13:55:33,772 [pool-1181-thread-1] INFO  server.RaftServerConfigKeys (ConfUtils.java:logGet(44)) - raft.server.retrycache.statistics.expirytime = 100?s (default)
2021-01-11 13:55:33,773 [pool-1181-thread-1] INFO  metrics.RatisMetrics (RatisMetrics.java:lambda$create$0(36)) - Creating Metrics Registry : ratis.leader_election.omNode-1@group-523986131536
2021-01-11 13:55:33,773 [pool-1181-thread-1] INFO  metrics.RatisMetrics (RatisMetrics.java:lambda$create$0(36)) - Creating Metrics Registry : ratis.server.omNode-1@group-523986131536
2021-01-11 13:55:33,772 [Listener at 127.0.0.1/13832] INFO  om.OzoneManager (OzoneManager.java:start(1160)) - OzoneManager RPC server is listening at localhost/127.0.0.1:13832
2021-01-11 13:55:33,775 [Listener at 127.0.0.1/13832] INFO  ratis.OzoneManagerRatisServer (OzoneManagerRatisServer.java:start(377)) - Starting OzoneManagerRatisServer omNode-1 at port 13836
2021-01-11 13:55:33,776 [Listener at 127.0.0.1/13832] INFO  server.RaftServer$Division (RaftServerImpl.java:start(294)) - omNode-1@group-523986131536: start as a follower, conf=-1: [omNode-3|rpc:localhost:13848|priority:0, omNode-1|rpc:localhost:13836|priority:0, omNode-2|rpc:localhost:13842|priority:0], old=null
2021-01-11 13:55:33,776 [Listener at 127.0.0.1/13832] INFO  server.RaftServer$Division (RaftServerImpl.java:setRole(283)) - omNode-1@group-523986131536: changes role from      null to FOLLOWER at term 0 for startAsFollower
2021-01-11 13:55:33,776 [Listener at 127.0.0.1/13832] INFO  impl.RoleInfo (RoleInfo.java:updateAndGet(130)) - omNode-1: start omNode-1@group-523986131536-FollowerState
2021-01-11 13:55:33,779 [Listener at 127.0.0.1/13832] INFO  util.JmxRegister (JmxRegister.java:tryRegister(44)) - Successfully registered JMX Bean with object name Ratis:service=RaftServer,group=group-523986131536,id=omNode-1
2021-01-11 13:55:33,779 [Listener at 127.0.0.1/13832] INFO  metrics.RatisMetrics (RatisMetrics.java:lambda$create$0(36)) - Creating Metrics Registry : ratis.state_machine.omNode-1@group-523986131536
2021-01-11 13:55:33,783 [Listener at 127.0.0.1/13832] INFO  server.RaftServer (RaftServerProxy.java:lambda$start$5(372)) - omNode-1: start RPC server
2021-01-11 13:55:33,790 [Listener at 127.0.0.1/13832] INFO  server.GrpcService (GrpcService.java:startImpl(176)) - omNode-1: GrpcService started, listening on 0.0.0.0/0.0.0.0:13836
2021-01-11 13:55:33,797 [org.apache.ratis.util.JvmPauseMonitor$$Lambda$305/41066485@44e04acf] INFO  util.JvmPauseMonitor (JvmPauseMonitor.java:run(103)) - JvmPauseMonitor-omNode-1: Started
2021-01-11 13:55:33,804 [Listener at 127.0.0.1/13832] INFO  http.BaseHttpServer (BaseHttpServer.java:newHttpServer2BuilderForOzone(207)) - Starting Web-server for ozoneManager at: http://0.0.0.0:13834
2021-01-11 13:55:33,804 [Listener at 127.0.0.1/13832] INFO  http.BaseHttpServer (BaseHttpServer.java:<init>(106)) - Hadoop Security Enabled: false Ozone Security Enabled: false Ozone HTTP Security Enabled: false 
2021-01-11 13:55:33,805 [Listener at 127.0.0.1/13832] INFO  server.AuthenticationFilter (AuthenticationFilter.java:constructSecretProvider(240)) - Unable to initialize FileSignerSecretProvider, falling back to use random secrets.
2021-01-11 13:55:33,805 [Listener at 127.0.0.1/13832] WARN  http.HttpRequestLog (HttpRequestLog.java:getRequestLog(103)) - Jetty request log can only be enabled using Log4j
2021-01-11 13:55:33,806 [Listener at 127.0.0.1/13832] INFO  http.HttpServer2 (HttpServer2.java:addGlobalFilter(1020)) - Added global filter 'safety' (class=org.apache.hadoop.hdds.server.http.HttpServer2$QuotingInputFilter)
2021-01-11 13:55:33,806 [Listener at 127.0.0.1/13832] INFO  http.HttpServer2 (HttpServer2.java:addFilter(996)) - Added filter static_user_filter (class=org.apache.hadoop.http.lib.StaticUserWebFilter$StaticUserFilter) to context ozoneManager
2021-01-11 13:55:33,806 [Listener at 127.0.0.1/13832] INFO  http.HttpServer2 (HttpServer2.java:addFilter(1004)) - Added filter static_user_filter (class=org.apache.hadoop.http.lib.StaticUserWebFilter$StaticUserFilter) to context logs
2021-01-11 13:55:33,806 [Listener at 127.0.0.1/13832] INFO  http.HttpServer2 (HttpServer2.java:addFilter(1004)) - Added filter static_user_filter (class=org.apache.hadoop.http.lib.StaticUserWebFilter$StaticUserFilter) to context static
2021-01-11 13:55:33,807 [Listener at 127.0.0.1/13832] INFO  http.HttpServer2 (HttpServer2.java:bindListener(1238)) - Jetty bound to port 13834
2021-01-11 13:55:33,807 [Listener at 127.0.0.1/13832] INFO  server.Server (Server.java:doStart(375)) - jetty-9.4.34.v20201102; built: 2020-11-02T14:15:39.302Z; git: e46af88704a893fc12cb0e3bf46e2c7b48a009e7; jvm 1.8.0_232-b09
2021-01-11 13:55:33,808 [Listener at 127.0.0.1/13832] INFO  server.session (DefaultSessionIdManager.java:doStart(334)) - DefaultSessionIdManager workerName=node0
2021-01-11 13:55:33,808 [Listener at 127.0.0.1/13832] INFO  server.session (DefaultSessionIdManager.java:doStart(339)) - No SessionScavenger set, using defaults
2021-01-11 13:55:33,808 [Listener at 127.0.0.1/13832] INFO  server.session (HouseKeeper.java:startScavenging(132)) - node0 Scavenging every 660000ms
2021-01-11 13:55:33,809 [Listener at 127.0.0.1/13832] INFO  handler.ContextHandler (ContextHandler.java:doStart(916)) - Started o.e.j.s.ServletContextHandler@374b2fe5{logs,/logs,file:///github/workspace/mnt/ozone/hadoop-ozone/integration-test/target/log,AVAILABLE}
2021-01-11 13:55:33,809 [Listener at 127.0.0.1/13832] INFO  handler.ContextHandler (ContextHandler.java:doStart(916)) - Started o.e.j.s.ServletContextHandler@75e42a1a{static,/static,file:///github/workspace/mnt/ozone/hadoop-ozone/integration-test/target/test-classes/webapps/static,AVAILABLE}
2021-01-11 13:55:33,811 [Listener at 127.0.0.1/13832] INFO  handler.ContextHandler (ContextHandler.java:doStart(916)) - Started o.e.j.w.WebAppContext@626d45f{ozoneManager,/,file:///github/workspace/mnt/ozone/hadoop-ozone/integration-test/target/test-classes/webapps/ozoneManager/,AVAILABLE}{file:/github/workspace/mnt/ozone/hadoop-ozone/integration-test/target/test-classes/webapps/ozoneManager}
2021-01-11 13:55:33,818 [Listener at 127.0.0.1/13832] INFO  server.AbstractConnector (AbstractConnector.java:doStart(331)) - Started ServerConnector@26dabd06{HTTP/1.1, (http/1.1)}{0.0.0.0:13834}
2021-01-11 13:55:33,818 [Listener at 127.0.0.1/13832] INFO  server.Server (Server.java:doStart(415)) - Started @333684ms
2021-01-11 13:55:33,818 [Listener at 127.0.0.1/13832] WARN  impl.MetricsSystemImpl (MetricsSystemImpl.java:register(276)) - Sink prometheus already exists!
2021-01-11 13:55:34,842 [Thread-4990] INFO  impl.FollowerState (FollowerState.java:run(133)) - omNode-1@group-523986131536-FollowerState: change to CANDIDATE, lastRpcElapsedTime:1066191819ns, electionTimeout:1062ms
2021-01-11 13:55:34,843 [Thread-4990] INFO  impl.RoleInfo (RoleInfo.java:shutdownFollowerState(108)) - omNode-1: shutdown omNode-1@group-523986131536-FollowerState
2021-01-11 13:55:34,843 [Thread-4990] INFO  server.RaftServer$Division (RaftServerImpl.java:setRole(283)) - omNode-1@group-523986131536: changes role from  FOLLOWER to CANDIDATE at term 0 for changeToCandidate
2021-01-11 13:55:34,843 [Thread-4990] INFO  impl.RoleInfo (RoleInfo.java:updateAndGet(130)) - omNode-1: start omNode-1@group-523986131536-LeaderElection85
2021-01-11 13:55:34,845 [omNode-1@group-523986131536-LeaderElection85] INFO  impl.LeaderElection (LeaderElection.java:askForPreVotes(259)) - omNode-1@group-523986131536-LeaderElection85: begin a pre-vote at term 0 for -1: [omNode-3|rpc:localhost:13848|priority:0, omNode-1|rpc:localhost:13836|priority:0, omNode-2|rpc:localhost:13842|priority:0], old=null
2021-01-11 13:55:34,848 [omNode-1@group-523986131536-LeaderElection85] INFO  impl.LeaderElection (LogUtils.java:infoOrTrace(137)) - omNode-1@group-523986131536-LeaderElection85 got exception when requesting votes: java.util.concurrent.ExecutionException: org.apache.ratis.thirdparty.io.grpc.StatusRuntimeException: UNAVAILABLE: io exception
2021-01-11 13:55:34,849 [omNode-1@group-523986131536-LeaderElection85] INFO  impl.LeaderElection (LogUtils.java:infoOrTrace(137)) - omNode-1@group-523986131536-LeaderElection85 got exception when requesting votes: java.util.concurrent.ExecutionException: org.apache.ratis.thirdparty.io.grpc.StatusRuntimeException: UNAVAILABLE: io exception
2021-01-11 13:55:34,849 [omNode-1@group-523986131536-LeaderElection85] INFO  impl.LeaderElection (LeaderElection.java:logAndReturn(68)) - omNode-1@group-523986131536-LeaderElection85: Pre-vote  REJECTED received 0 response(s):[]
2021-01-11 13:55:34,849 [omNode-1@group-523986131536-LeaderElection85] INFO  impl.LeaderElection (LogUtils.java:infoOrTrace(137)) -   Exception 0: java.util.concurrent.ExecutionException: org.apache.ratis.thirdparty.io.grpc.StatusRuntimeException: UNAVAILABLE: io exception
2021-01-11 13:55:34,849 [omNode-1@group-523986131536-LeaderElection85] INFO  impl.LeaderElection (LogUtils.java:infoOrTrace(137)) -   Exception 1: java.util.concurrent.ExecutionException: org.apache.ratis.thirdparty.io.grpc.StatusRuntimeException: UNAVAILABLE: io exception
2021-01-11 13:55:34,849 [omNode-1@group-523986131536-LeaderElection85] INFO  impl.LeaderElection (LeaderElection.java:askForPreVotes(261)) - omNode-1@group-523986131536-LeaderElection85 pre-vote result is REJECTED.
2021-01-11 13:55:34,849 [omNode-1@group-523986131536-LeaderElection85] INFO  server.RaftServer$Division (RaftServerImpl.java:setRole(283)) - omNode-1@group-523986131536: changes role from CANDIDATE to FOLLOWER at term 0 for REJECTED
2021-01-11 13:55:34,849 [omNode-1@group-523986131536-LeaderElection85] INFO  impl.RoleInfo (RoleInfo.java:shutdownLeaderElection(121)) - omNode-1: shutdown omNode-1@group-523986131536-LeaderElection85
2021-01-11 13:55:34,849 [omNode-1@group-523986131536-LeaderElection85] INFO  impl.RoleInfo (RoleInfo.java:updateAndGet(130)) - omNode-1: start omNode-1@group-523986131536-FollowerState
2021-01-11 13:55:35,916 [Thread-5005] INFO  impl.FollowerState (FollowerState.java:run(133)) - omNode-1@group-523986131536-FollowerState: change to CANDIDATE, lastRpcElapsedTime:1067437518ns, electionTimeout:1067ms
2021-01-11 13:55:35,917 [Thread-5005] INFO  impl.RoleInfo (RoleInfo.java:shutdownFollowerState(108)) - omNode-1: shutdown omNode-1@group-523986131536-FollowerState
2021-01-11 13:55:35,917 [Thread-5005] INFO  server.RaftServer$Division (RaftServerImpl.java:setRole(283)) - omNode-1@group-523986131536: changes role from  FOLLOWER to CANDIDATE at term 0 for changeToCandidate
2021-01-11 13:55:35,920 [Thread-5005] INFO  impl.RoleInfo (RoleInfo.java:updateAndGet(130)) - omNode-1: start omNode-1@group-523986131536-LeaderElection86
2021-01-11 13:55:35,921 [omNode-1@group-523986131536-LeaderElection86] INFO  impl.LeaderElection (LeaderElection.java:askForPreVotes(259)) - omNode-1@group-523986131536-LeaderElection86: begin a pre-vote at term 0 for -1: [omNode-3|rpc:localhost:13848|priority:0, omNode-1|rpc:localhost:13836|priority:0, omNode-2|rpc:localhost:13842|priority:0], old=null
2021-01-11 13:55:35,922 [omNode-1@group-523986131536-LeaderElection86] INFO  impl.LeaderElection (LogUtils.java:infoOrTrace(137)) - omNode-1@group-523986131536-LeaderElection86 got exception when requesting votes: java.util.concurrent.ExecutionException: org.apache.ratis.thirdparty.io.grpc.StatusRuntimeException: UNAVAILABLE: io exception
2021-01-11 13:55:35,922 [omNode-1@group-523986131536-LeaderElection86] INFO  impl.LeaderElection (LogUtils.java:infoOrTrace(137)) - omNode-1@group-523986131536-LeaderElection86 got exception when requesting votes: java.util.concurrent.ExecutionException: org.apache.ratis.thirdparty.io.grpc.StatusRuntimeException: UNAVAILABLE: io exception
2021-01-11 13:55:35,922 [omNode-1@group-523986131536-LeaderElection86] INFO  impl.LeaderElection (LeaderElection.java:logAndReturn(68)) - omNode-1@group-523986131536-LeaderElection86: Pre-vote  REJECTED received 0 response(s):[]
2021-01-11 13:55:35,922 [omNode-1@group-523986131536-LeaderElection86] INFO  impl.LeaderElection (LogUtils.java:infoOrTrace(137)) -   Exception 0: java.util.concurrent.ExecutionException: org.apache.ratis.thirdparty.io.grpc.StatusRuntimeException: UNAVAILABLE: io exception
2021-01-11 13:55:35,922 [omNode-1@group-523986131536-LeaderElection86] INFO  impl.LeaderElection (LogUtils.java:infoOrTrace(137)) -   Exception 1: java.util.concurrent.ExecutionException: org.apache.ratis.thirdparty.io.grpc.StatusRuntimeException: UNAVAILABLE: io exception
2021-01-11 13:55:35,922 [omNode-1@group-523986131536-LeaderElection86] INFO  impl.LeaderElection (LeaderElection.java:askForPreVotes(261)) - omNode-1@group-523986131536-LeaderElection86 pre-vote result is REJECTED.
2021-01-11 13:55:35,922 [omNode-1@group-523986131536-LeaderElection86] INFO  server.RaftServer$Division (RaftServerImpl.java:setRole(283)) - omNode-1@group-523986131536: changes role from CANDIDATE to FOLLOWER at term 0 for REJECTED
2021-01-11 13:55:35,922 [omNode-1@group-523986131536-LeaderElection86] INFO  impl.RoleInfo (RoleInfo.java:shutdownLeaderElection(121)) - omNode-1: shutdown omNode-1@group-523986131536-LeaderElection86
2021-01-11 13:55:35,923 [omNode-1@group-523986131536-LeaderElection86] INFO  impl.RoleInfo (RoleInfo.java:updateAndGet(130)) - omNode-1: start omNode-1@group-523986131536-FollowerState
2021-01-11 13:55:37,016 [Thread-5009] INFO  impl.FollowerState (FollowerState.java:run(133)) - omNode-1@group-523986131536-FollowerState: change to CANDIDATE, lastRpcElapsedTime:1093437681ns, electionTimeout:1093ms
2021-01-11 13:55:37,016 [Thread-5009] INFO  impl.RoleInfo (RoleInfo.java:shutdownFollowerState(108)) - omNode-1: shutdown omNode-1@group-523986131536-FollowerState
2021-01-11 13:55:37,016 [Thread-5009] INFO  server.RaftServer$Division (RaftServerImpl.java:setRole(283)) - omNode-1@group-523986131536: changes role from  FOLLOWER to CANDIDATE at term 0 for changeToCandidate
2021-01-11 13:55:37,016 [Thread-5009] INFO  impl.RoleInfo (RoleInfo.java:updateAndGet(130)) - omNode-1: start omNode-1@group-523986131536-LeaderElection87
2021-01-11 13:55:37,017 [omNode-1@group-523986131536-LeaderElection87] INFO  impl.LeaderElection (LeaderElection.java:askForPreVotes(259)) - omNode-1@group-523986131536-LeaderElection87: begin a pre-vote at term 0 for -1: [omNode-3|rpc:localhost:13848|priority:0, omNode-1|rpc:localhost:13836|priority:0, omNode-2|rpc:localhost:13842|priority:0], old=null
2021-01-11 13:55:37,018 [omNode-1@group-523986131536-LeaderElection87] INFO  impl.LeaderElection (LogUtils.java:infoOrTrace(137)) - omNode-1@group-523986131536-LeaderElection87 got exception when requesting votes: java.util.concurrent.ExecutionException: org.apache.ratis.thirdparty.io.grpc.StatusRuntimeException: UNAVAILABLE: io exception
2021-01-11 13:55:37,018 [omNode-1@group-523986131536-LeaderElection87] INFO  impl.LeaderElection (LogUtils.java:infoOrTrace(137)) - omNode-1@group-523986131536-LeaderElection87 got exception when requesting votes: java.util.concurrent.ExecutionException: org.apache.ratis.thirdparty.io.grpc.StatusRuntimeException: UNAVAILABLE: io exception
2021-01-11 13:55:37,018 [omNode-1@group-523986131536-LeaderElection87] INFO  impl.LeaderElection (LeaderElection.java:logAndReturn(68)) - omNode-1@group-523986131536-LeaderElection87: Pre-vote  REJECTED received 0 response(s):[]
2021-01-11 13:55:37,018 [omNode-1@group-523986131536-LeaderElection87] INFO  impl.LeaderElection (LogUtils.java:infoOrTrace(137)) -   Exception 0: java.util.concurrent.ExecutionException: org.apache.ratis.thirdparty.io.grpc.StatusRuntimeException: UNAVAILABLE: io exception
2021-01-11 13:55:37,018 [omNode-1@group-523986131536-LeaderElection87] INFO  impl.LeaderElection (LogUtils.java:infoOrTrace(137)) -   Exception 1: java.util.concurrent.ExecutionException: org.apache.ratis.thirdparty.io.grpc.StatusRuntimeException: UNAVAILABLE: io exception
2021-01-11 13:55:37,018 [omNode-1@group-523986131536-LeaderElection87] INFO  impl.LeaderElection (LeaderElection.java:askForPreVotes(261)) - omNode-1@group-523986131536-LeaderElection87 pre-vote result is REJECTED.
2021-01-11 13:55:37,018 [omNode-1@group-523986131536-LeaderElection87] INFO  server.RaftServer$Division (RaftServerImpl.java:setRole(283)) - omNode-1@group-523986131536: changes role from CANDIDATE to FOLLOWER at term 0 for REJECTED
2021-01-11 13:55:37,018 [omNode-1@group-523986131536-LeaderElection87] INFO  impl.RoleInfo (RoleInfo.java:shutdownLeaderElection(121)) - omNode-1: shutdown omNode-1@group-523986131536-LeaderElection87
2021-01-11 13:55:37,018 [omNode-1@group-523986131536-LeaderElection87] INFO  impl.RoleInfo (RoleInfo.java:updateAndGet(130)) - omNode-1: start omNode-1@group-523986131536-FollowerState
2021-01-11 13:55:38,123 [Thread-5013] INFO  impl.FollowerState (FollowerState.java:run(133)) - omNode-1@group-523986131536-FollowerState: change to CANDIDATE, lastRpcElapsedTime:1104407565ns, electionTimeout:1104ms
2021-01-11 13:55:38,123 [Thread-5013] INFO  impl.RoleInfo (RoleInfo.java:shutdownFollowerState(108)) - omNode-1: shutdown omNode-1@group-523986131536-FollowerState
2021-01-11 13:55:38,123 [Thread-5013] INFO  server.RaftServer$Division (RaftServerImpl.java:setRole(283)) - omNode-1@group-523986131536: changes role from  FOLLOWER to CANDIDATE at term 0 for changeToCandidate
2021-01-11 13:55:38,123 [Thread-5013] INFO  impl.RoleInfo (RoleInfo.java:updateAndGet(130)) - omNode-1: start omNode-1@group-523986131536-LeaderElection88
2021-01-11 13:55:38,124 [omNode-1@group-523986131536-LeaderElection88] INFO  impl.LeaderElection (LeaderElection.java:askForPreVotes(259)) - omNode-1@group-523986131536-LeaderElection88: begin a pre-vote at term 0 for -1: [omNode-3|rpc:localhost:13848|priority:0, omNode-1|rpc:localhost:13836|priority:0, omNode-2|rpc:localhost:13842|priority:0], old=null
2021-01-11 13:55:38,125 [omNode-1@group-523986131536-LeaderElection88] INFO  impl.LeaderElection (LogUtils.java:infoOrTrace(137)) - omNode-1@group-523986131536-LeaderElection88 got exception when requesting votes: java.util.concurrent.ExecutionException: org.apache.ratis.thirdparty.io.grpc.StatusRuntimeException: UNAVAILABLE: io exception
2021-01-11 13:55:38,125 [omNode-1@group-523986131536-LeaderElection88] INFO  impl.LeaderElection (LogUtils.java:infoOrTrace(137)) - omNode-1@group-523986131536-LeaderElection88 got exception when requesting votes: java.util.concurrent.ExecutionException: org.apache.ratis.thirdparty.io.grpc.StatusRuntimeException: UNAVAILABLE: io exception
2021-01-11 13:55:38,125 [omNode-1@group-523986131536-LeaderElection88] INFO  impl.LeaderElection (LeaderElection.java:logAndReturn(68)) - omNode-1@group-523986131536-LeaderElection88: Pre-vote  REJECTED received 0 response(s):[]
2021-01-11 13:55:38,125 [omNode-1@group-523986131536-LeaderElection88] INFO  impl.LeaderElection (LogUtils.java:infoOrTrace(137)) -   Exception 0: java.util.concurrent.ExecutionException: org.apache.ratis.thirdparty.io.grpc.StatusRuntimeException: UNAVAILABLE: io exception
2021-01-11 13:55:38,125 [omNode-1@group-523986131536-LeaderElection88] INFO  impl.LeaderElection (LogUtils.java:infoOrTrace(137)) -   Exception 1: java.util.concurrent.ExecutionException: org.apache.ratis.thirdparty.io.grpc.StatusRuntimeException: UNAVAILABLE: io exception
2021-01-11 13:55:38,125 [omNode-1@group-523986131536-LeaderElection88] INFO  impl.LeaderElection (LeaderElection.java:askForPreVotes(261)) - omNode-1@group-523986131536-LeaderElection88 pre-vote result is REJECTED.
2021-01-11 13:55:38,125 [omNode-1@group-523986131536-LeaderElection88] INFO  server.RaftServer$Division (RaftServerImpl.java:setRole(283)) - omNode-1@group-523986131536: changes role from CANDIDATE to FOLLOWER at term 0 for REJECTED
2021-01-11 13:55:38,125 [omNode-1@group-523986131536-LeaderElection88] INFO  impl.RoleInfo (RoleInfo.java:shutdownLeaderElection(121)) - omNode-1: shutdown omNode-1@group-523986131536-LeaderElection88
2021-01-11 13:55:38,125 [omNode-1@group-523986131536-LeaderElection88] INFO  impl.RoleInfo (RoleInfo.java:updateAndGet(130)) - omNode-1: start omNode-1@group-523986131536-FollowerState
2021-01-11 13:55:38,825 [Listener at 127.0.0.1/13832] INFO  http.BaseHttpServer (BaseHttpServer.java:updateConnectorAddress(327)) - HTTP server of ozoneManager listening at http://0.0.0.0:13834
2021-01-11 13:55:38,826 [IPC Server Responder] INFO  ipc.Server (Server.java:run(1460)) - IPC Server Responder: starting
2021-01-11 13:55:38,826 [IPC Server listener on 13832] INFO  ipc.Server (Server.java:run(1298)) - IPC Server listener on 13832: starting
2021-01-11 13:55:38,832 [Listener at 127.0.0.1/13832] INFO  om.OzoneManager (OzoneManager.java:startTrashEmptier(1281)) - Trash Interval set to 0. Files deleted will not move to trash
2021-01-11 13:55:38,833 [Listener at 127.0.0.1/13832] INFO  ozone.MiniOzoneHAClusterImpl (MiniOzoneHAClusterImpl.java:createOMService(380)) - Started OzoneManager RPC server at localhost/127.0.0.1:13832
2021-01-11 13:55:38,833 [org.apache.hadoop.util.JvmPauseMonitor$Monitor@4b18809a] INFO  util.JvmPauseMonitor (JvmPauseMonitor.java:run(188)) - Starting JVM pause monitor
2021-01-11 13:55:38,833 [Listener at 127.0.0.1/13832] WARN  server.ServerUtils (ServerUtils.java:getDBPath(225)) - ozone.om.db.dirs is not configured. We recommend adding this setting. Falling back to ozone.metadata.dirs instead.
2021-01-11 13:55:38,834 [Listener at 127.0.0.1/13832] INFO  ha.OMHANodeDetails (OMHANodeDetails.java:loadOMHAConfig(110)) - ServiceID for OzoneManager is om-service-test1
2021-01-11 13:55:38,835 [Listener at 127.0.0.1/13832] INFO  ha.OMHANodeDetails (OMHANodeDetails.java:loadOMHAConfig(186)) - Found matching OM address with OMServiceId: om-service-test1, OMNodeId: omNode-2, RPC Address: localhost:13838 and Ratis port: 13842
2021-01-11 13:55:38,835 [Listener at 127.0.0.1/13832] INFO  ha.OMHANodeDetails (OMHANodeDetails.java:setOMNodeSpecificConfigs(311)) - Setting configuration key ozone.om.http-address with value of key ozone.om.http-address.omNode-2: 127.0.0.1:13840
2021-01-11 13:55:38,835 [Listener at 127.0.0.1/13832] INFO  ha.OMHANodeDetails (OMHANodeDetails.java:setOMNodeSpecificConfigs(311)) - Setting configuration key ozone.om.https-address with value of key ozone.om.https-address.omNode-2: 127.0.0.1:13841
2021-01-11 13:55:38,835 [Listener at 127.0.0.1/13832] INFO  ha.OMHANodeDetails (OMHANodeDetails.java:setOMNodeSpecificConfigs(311)) - Setting configuration key ozone.om.address with value of key ozone.om.address.omNode-2: 127.0.0.1:13838
2021-01-11 13:55:38,835 [Listener at 127.0.0.1/13832] WARN  server.ServerUtils (ServerUtils.java:getDBPath(225)) - ozone.om.db.dirs is not configured. We recommend adding this setting. Falling back to ozone.metadata.dirs instead.
2021-01-11 13:55:38,835 [Listener at 127.0.0.1/13832] WARN  server.ServerUtils (ServerUtils.java:getDBPath(225)) - ozone.om.db.dirs is not configured. We recommend adding this setting. Falling back to ozone.metadata.dirs instead.
2021-01-11 13:55:38,839 [Listener at 127.0.0.1/13832] WARN  server.ServerUtils (ServerUtils.java:getDBPath(225)) - ozone.om.db.dirs is not configured. We recommend adding this setting. Falling back to ozone.metadata.dirs instead.
2021-01-11 13:55:38,839 [Listener at 127.0.0.1/13832] INFO  codec.OmKeyInfoCodec (OmKeyInfoCodec.java:<init>(41)) - OmKeyInfoCodec ignorePipeline = true
2021-01-11 13:55:38,839 [Listener at 127.0.0.1/13832] INFO  codec.RepeatedOmKeyInfoCodec (RepeatedOmKeyInfoCodec.java:<init>(40)) - RepeatedOmKeyInfoCodec ignorePipeline = true
2021-01-11 13:55:38,893 [Listener at 127.0.0.1/13832] INFO  om.OzoneManager (OzoneManager.java:addS3GVolumeToDB(3738)) - Created Volume s3v With Owner jenkins1001 required for S3Gateway operations.
2021-01-11 13:55:38,893 [Listener at 127.0.0.1/13832] WARN  server.ServerUtils (ServerUtils.java:getDefaultRatisDirectory(237)) - Storage directory for Ratis is not configured. It is a good idea to map this to an SSD disk. Falling back to ozone.metadata.dirs
2021-01-11 13:55:38,893 [Listener at 127.0.0.1/13832] WARN  ratis.OzoneManagerRatisServer (OzoneManagerRatisServer.java:getOMRatisSnapshotDirectory(638)) - ozone.om.ratis.snapshot.dir is not configured. Falling back to ozone.metadata.dirs config
2021-01-11 13:55:38,893 [Listener at 127.0.0.1/13832] INFO  snapshot.OzoneManagerSnapshotProvider (OzoneManagerSnapshotProvider.java:<init>(77)) - Initializing OM Snapshot Provider
2021-01-11 13:55:38,894 [Listener at 127.0.0.1/13832] WARN  server.ServerUtils (ServerUtils.java:getDefaultRatisDirectory(237)) - Storage directory for Ratis is not configured. It is a good idea to map this to an SSD disk. Falling back to ozone.metadata.dirs
2021-01-11 13:55:38,895 [Listener at 127.0.0.1/13832] INFO  ratis.OzoneManagerRatisServer (OzoneManagerRatisServer.java:<init>(280)) - Instantiating OM Ratis server with GroupID: om-service-test1 and Raft Peers: localhost:13842, localhost:13836, localhost:13848
2021-01-11 13:55:38,895 [Listener at 127.0.0.1/13832] INFO  ratis.OzoneManagerStateMachine (OzoneManagerStateMachine.java:loadSnapshotInfoFromDB(518)) - LastAppliedIndex is set from TransactionInfo from OM DB as (t:0, i:~)
2021-01-11 13:55:38,895 [Listener at 127.0.0.1/13832] INFO  server.RaftServer (ConfUtils.java:logGet(44)) - raft.rpc.type = GRPC (default)
2021-01-11 13:55:38,895 [Listener at 127.0.0.1/13832] INFO  grpc.GrpcFactory (GrpcFactory.java:checkPooledByteBufAllocatorUseCacheForAllThreads(48)) - PERFORMANCE WARNING: useCacheForAllThreads is true that may cause Netty to create a lot garbage objects and, as a result, trigger GC.
	It is recommended to disable useCacheForAllThreads by setting -Dorg.apache.ratis.thirdparty.io.netty.allocator.useCacheForAllThreads=false in command line.
2021-01-11 13:55:38,895 [Listener at 127.0.0.1/13832] INFO  grpc.GrpcConfigKeys (ConfUtils.java:logGet(44)) - raft.grpc.server.port = 13842 (custom)
2021-01-11 13:55:38,895 [Listener at 127.0.0.1/13832] INFO  server.GrpcService (ConfUtils.java:logGet(44)) - raft.grpc.message.size.max = 33554432 (custom)
2021-01-11 13:55:38,895 [Listener at 127.0.0.1/13832] INFO  server.RaftServerConfigKeys (ConfUtils.java:logGet(44)) - raft.server.log.appender.buffer.byte-limit = 33554432 (custom)
2021-01-11 13:55:38,896 [Listener at 127.0.0.1/13832] INFO  server.GrpcService (ConfUtils.java:logGet(44)) - raft.grpc.flow.control.window = 1MB (=1048576) (default)
2021-01-11 13:55:38,896 [Listener at 127.0.0.1/13832] INFO  server.RaftServerConfigKeys (ConfUtils.java:logGet(44)) - raft.server.rpc.request.timeout = 3000ms (default)
2021-01-11 13:55:38,897 [Listener at 127.0.0.1/13832] INFO  impl.DataStreamServerImpl (ConfUtils.java:logGet(44)) - raft.datastream.type = DISABLED (default)
2021-01-11 13:55:38,897 [Listener at 127.0.0.1/13832] INFO  server.RaftServerConfigKeys (ConfUtils.java:logGet(44)) - raft.server.rpc.slowness.timeout = 2s (custom)
2021-01-11 13:55:38,897 [Listener at 127.0.0.1/13832] INFO  server.RaftServerConfigKeys (ConfUtils.java:logGet(44)) - raft.server.leaderelection.leader.step-down.wait-time = 10s (default)
2021-01-11 13:55:38,897 [Listener at 127.0.0.1/13832] INFO  server.RaftServerConfigKeys (ConfUtils.java:logGet(44)) - raft.server.storage.dir = [/github/workspace/mnt/ozone/hadoop-ozone/integration-test/target/test-dir/MiniOzoneClusterImpl-250075fd-7b22-4ad4-b8fe-1c364b7bd722/omNode-2/ratis] (custom)
2021-01-11 13:55:38,897 [Listener at 127.0.0.1/13832] INFO  server.RaftServer (RaftServerProxy.java:addNew(95)) - omNode-2: addNew group-523986131536:[omNode-3|rpc:localhost:13848|priority:0, omNode-1|rpc:localhost:13836|priority:0, omNode-2|rpc:localhost:13842|priority:0] returns group-523986131536:java.util.concurrent.CompletableFuture@19ab6df8[Not completed]
2021-01-11 13:55:38,897 [Listener at 127.0.0.1/13832] INFO  om.OzoneManager (OzoneManager.java:initializeRatisServer(1332)) - OzoneManager Ratis server initialized at port 13842
2021-01-11 13:55:38,897 [pool-1196-thread-1] INFO  server.RaftServer$Division (RaftServerImpl.java:<init>(179)) - omNode-2: new RaftServerImpl for group-523986131536:[omNode-3|rpc:localhost:13848|priority:0, omNode-1|rpc:localhost:13836|priority:0, omNode-2|rpc:localhost:13842|priority:0] with OzoneManagerStateMachine:uninitialized
2021-01-11 13:55:38,900 [Listener at 127.0.0.1/13832] INFO  ipc.CallQueueManager (CallQueueManager.java:<init>(84)) - Using callQueue: class java.util.concurrent.LinkedBlockingQueue, queueCapacity: 2000, scheduler: class org.apache.hadoop.ipc.DefaultRpcScheduler, ipcBackoff: false.
2021-01-11 13:55:38,900 [pool-1196-thread-1] INFO  server.RaftServerConfigKeys (ConfUtils.java:logGet(44)) - raft.server.rpc.timeout.min = 1s (custom)
2021-01-11 13:55:38,900 [Socket Reader #1 for port 13838] INFO  ipc.Server (Server.java:run(1219)) - Starting Socket Reader #1 for port 13838
2021-01-11 13:55:38,900 [pool-1196-thread-1] INFO  server.RaftServerConfigKeys (ConfUtils.java:logGet(44)) - raft.server.rpc.timeout.max = 1200ms (custom)
2021-01-11 13:55:38,905 [pool-1196-thread-1] INFO  server.RaftServerConfigKeys (ConfUtils.java:logGet(44)) - raft.server.rpc.sleep.time = 25ms (default)
2021-01-11 13:55:38,905 [pool-1196-thread-1] INFO  server.RaftServerConfigKeys (ConfUtils.java:logGet(44)) - raft.server.rpc.slowness.timeout = 2s (custom)
2021-01-11 13:55:38,905 [pool-1196-thread-1] INFO  server.RaftServerConfigKeys (ConfUtils.java:logGet(44)) - raft.server.leaderelection.leader.step-down.wait-time = 10s (default)
2021-01-11 13:55:38,905 [pool-1196-thread-1] INFO  server.RaftServerConfigKeys (ConfUtils.java:logGet(44)) - raft.server.sleep.deviation.threshold = 300ms (default)
2021-01-11 13:55:38,905 [pool-1196-thread-1] INFO  server.RaftServerConfigKeys (ConfUtils.java:logGet(44)) - raft.server.log.appender.install.snapshot.enabled = false (custom)
2021-01-11 13:55:38,905 [pool-1196-thread-1] INFO  server.RaftServer$Division (ServerState.java:<init>(103)) - omNode-2@group-523986131536: ConfigurationManager, init=-1: [omNode-3|rpc:localhost:13848|priority:0, omNode-1|rpc:localhost:13836|priority:0, omNode-2|rpc:localhost:13842|priority:0], old=null, confs=<EMPTY_MAP>
2021-01-11 13:55:38,906 [pool-1196-thread-1] INFO  server.RaftServerConfigKeys (ConfUtils.java:logGet(44)) - raft.server.storage.dir = [/github/workspace/mnt/ozone/hadoop-ozone/integration-test/target/test-dir/MiniOzoneClusterImpl-250075fd-7b22-4ad4-b8fe-1c364b7bd722/omNode-2/ratis] (custom)
2021-01-11 13:55:38,906 [pool-1196-thread-1] INFO  server.RaftServerConfigKeys (ConfUtils.java:logGet(44)) - raft.server.log.corruption.policy = EXCEPTION (default)
2021-01-11 13:55:38,906 [pool-1196-thread-1] INFO  storage.RaftStorageDirectory (RaftStorageDirectoryImpl.java:analyzeStorage(132)) - The storage directory /github/workspace/mnt/ozone/hadoop-ozone/integration-test/target/test-dir/MiniOzoneClusterImpl-250075fd-7b22-4ad4-b8fe-1c364b7bd722/omNode-2/ratis/c9bc4cf4-3bc3-3c60-a66b-523986131536 does not exist. Creating ...
2021-01-11 13:55:38,908 [pool-1196-thread-1] INFO  storage.RaftStorageDirectory (RaftStorageDirectoryImpl.java:tryLock(215)) - Lock on /github/workspace/mnt/ozone/hadoop-ozone/integration-test/target/test-dir/MiniOzoneClusterImpl-250075fd-7b22-4ad4-b8fe-1c364b7bd722/omNode-2/ratis/c9bc4cf4-3bc3-3c60-a66b-523986131536/in_use.lock acquired by nodename 17557@f5cef6452a00
2021-01-11 13:55:38,908 [pool-1196-thread-1] INFO  storage.RaftStorage (RaftStorageImpl.java:format(87)) - Storage directory /github/workspace/mnt/ozone/hadoop-ozone/integration-test/target/test-dir/MiniOzoneClusterImpl-250075fd-7b22-4ad4-b8fe-1c364b7bd722/omNode-2/ratis/c9bc4cf4-3bc3-3c60-a66b-523986131536 has been successfully formatted.
2021-01-11 13:55:38,909 [pool-1196-thread-1] ERROR storage.RaftStorage (RaftStorageImpl.java:readRaftConfiguration(147)) - Failed reading configuration from file:/github/workspace/mnt/ozone/hadoop-ozone/integration-test/target/test-dir/MiniOzoneClusterImpl-250075fd-7b22-4ad4-b8fe-1c364b7bd722/omNode-2/ratis/c9bc4cf4-3bc3-3c60-a66b-523986131536/current/raft-meta.conf
java.io.FileNotFoundException: /github/workspace/mnt/ozone/hadoop-ozone/integration-test/target/test-dir/MiniOzoneClusterImpl-250075fd-7b22-4ad4-b8fe-1c364b7bd722/omNode-2/ratis/c9bc4cf4-3bc3-3c60-a66b-523986131536/current/raft-meta.conf (No such file or directory)
	at java.io.FileInputStream.open0(Native Method)
	at java.io.FileInputStream.open(FileInputStream.java:195)
	at java.io.FileInputStream.<init>(FileInputStream.java:138)
	at org.apache.ratis.server.storage.RaftStorageImpl.readRaftConfiguration(RaftStorageImpl.java:143)
	at org.apache.ratis.server.impl.ServerState.<init>(ServerState.java:113)
	at org.apache.ratis.server.impl.RaftServerImpl.<init>(RaftServerImpl.java:192)
	at org.apache.ratis.server.impl.RaftServerProxy.lambda$newRaftServerImpl$4(RaftServerProxy.java:266)
	at java.util.concurrent.CompletableFuture$AsyncSupply.run(CompletableFuture.java:1604)
	at java.util.concurrent.ThreadPoolExecutor.runWorker(ThreadPoolExecutor.java:1149)
	at java.util.concurrent.ThreadPoolExecutor$Worker.run(ThreadPoolExecutor.java:624)
	at java.lang.Thread.run(Thread.java:748)
2021-01-11 13:55:38,909 [pool-1196-thread-1] INFO  server.RaftServerConfigKeys (ConfUtils.java:logGet(44)) - raft.server.notification.no-leader.timeout = 2s (custom)
2021-01-11 13:55:38,909 [pool-1196-thread-1] INFO  server.RaftServerConfigKeys (ConfUtils.java:logGet(44)) - raft.server.log.use.memory = false (default)
2021-01-11 13:55:38,909 [pool-1196-thread-1] INFO  server.RaftServerConfigKeys (ConfUtils.java:logGet(44)) - raft.server.log.purge.gap = 50 (custom)
2021-01-11 13:55:38,909 [pool-1196-thread-1] INFO  server.RaftServerConfigKeys (ConfUtils.java:logGet(44)) - raft.server.log.appender.buffer.byte-limit = 33554432 (custom)
2021-01-11 13:55:38,909 [pool-1196-thread-1] INFO  metrics.RatisMetrics (RatisMetrics.java:lambda$create$0(36)) - Creating Metrics Registry : ratis.log_worker.omNode-2@group-523986131536
2021-01-11 13:55:38,909 [pool-1196-thread-1] INFO  server.RaftServerConfigKeys (ConfUtils.java:logGet(44)) - raft.server.log.segment.size.max = 4194304 (custom)
2021-01-11 13:55:38,911 [pool-1196-thread-1] INFO  server.RaftServerConfigKeys (ConfUtils.java:logGet(44)) - raft.server.log.segment.cache.num.max = 2 (custom)
2021-01-11 13:55:38,911 [pool-1196-thread-1] INFO  server.RaftServerConfigKeys (ConfUtils.java:logGet(44)) - raft.server.log.segment.cache.size.max = 200MB (=209715200) (default)
2021-01-11 13:55:38,911 [pool-1196-thread-1] INFO  segmented.SegmentedRaftLogWorker (SegmentedRaftLogWorker.java:<init>(181)) - new omNode-2@group-523986131536-SegmentedRaftLogWorker for RaftStorageImpl:Storage Directory /github/workspace/mnt/ozone/hadoop-ozone/integration-test/target/test-dir/MiniOzoneClusterImpl-250075fd-7b22-4ad4-b8fe-1c364b7bd722/omNode-2/ratis/c9bc4cf4-3bc3-3c60-a66b-523986131536
2021-01-11 13:55:38,911 [pool-1196-thread-1] INFO  server.RaftServerConfigKeys (ConfUtils.java:logGet(44)) - raft.server.log.queue.byte-limit = 64MB (=67108864) (default)
2021-01-11 13:55:38,911 [pool-1196-thread-1] INFO  server.RaftServerConfigKeys (ConfUtils.java:logGet(44)) - raft.server.log.queue.element-limit = 4096 (default)
2021-01-11 13:55:38,911 [pool-1196-thread-1] INFO  server.RaftServerConfigKeys (ConfUtils.java:logGet(44)) - raft.server.log.segment.size.max = 4194304 (custom)
2021-01-11 13:55:38,911 [pool-1196-thread-1] INFO  server.RaftServerConfigKeys (ConfUtils.java:logGet(44)) - raft.server.log.preallocated.size = 4194304 (custom)
2021-01-11 13:55:38,911 [pool-1196-thread-1] INFO  server.RaftServerConfigKeys (ConfUtils.java:logGet(44)) - raft.server.log.force.sync.num = 128 (default)
2021-01-11 13:55:38,911 [pool-1196-thread-1] INFO  server.RaftServerConfigKeys (ConfUtils.java:logGet(44)) - raft.server.log.statemachine.data.sync = true (default)
2021-01-11 13:55:38,911 [pool-1196-thread-1] INFO  server.RaftServerConfigKeys (ConfUtils.java:logGet(44)) - raft.server.log.statemachine.data.sync.timeout = 10s (default)
2021-01-11 13:55:38,911 [pool-1196-thread-1] INFO  server.RaftServerConfigKeys (ConfUtils.java:logGet(44)) - raft.server.log.statemachine.data.sync.timeout.retry = -1 (default)
2021-01-11 13:55:38,914 [pool-1196-thread-1] INFO  server.RaftServerConfigKeys (ConfUtils.java:logGet(44)) - raft.server.log.write.buffer.size = 64KB (=65536) (default)
2021-01-11 13:55:38,914 [pool-1196-thread-1] INFO  server.RaftServerConfigKeys (ConfUtils.java:logGet(44)) - raft.server.log.statemachine.data.caching.enabled = false (default)
2021-01-11 13:55:38,914 [pool-1196-thread-1] INFO  segmented.SegmentedRaftLogWorker (SegmentedRaftLogWorker.java:lambda$new$0(132)) - omNode-2@group-523986131536-SegmentedRaftLogWorker: flushIndex: setUnconditionally 0 -> -1
2021-01-11 13:55:38,914 [pool-1196-thread-1] INFO  segmented.SegmentedRaftLogWorker (SegmentedRaftLogWorker.java:lambda$new$0(132)) - omNode-2@group-523986131536-SegmentedRaftLogWorker: safeCacheEvictIndex: setUnconditionally 0 -> -1
2021-01-11 13:55:38,914 [pool-1196-thread-1] INFO  server.RaftServerConfigKeys (ConfUtils.java:logGet(44)) - raft.server.snapshot.auto.trigger.enabled = true (custom)
2021-01-11 13:55:38,914 [pool-1196-thread-1] INFO  server.RaftServerConfigKeys (ConfUtils.java:logGet(44)) - raft.server.snapshot.auto.trigger.threshold = 50 (custom)
2021-01-11 13:55:38,914 [pool-1196-thread-1] INFO  server.RaftServerConfigKeys (ConfUtils.java:logGet(44)) - raft.server.snapshot.retention.file.num = -1 (default)
2021-01-11 13:55:38,914 [pool-1196-thread-1] INFO  server.RaftServerConfigKeys (ConfUtils.java:logGet(44)) - raft.server.log.purge.upto.snapshot.index = true (custom)
2021-01-11 13:55:38,914 [pool-1196-thread-1] INFO  server.RaftServerConfigKeys (ConfUtils.java:logGet(44)) - raft.server.retrycache.expirytime = 30000ms (custom)
2021-01-11 13:55:38,915 [pool-1196-thread-1] INFO  server.RaftServerConfigKeys (ConfUtils.java:logGet(44)) - raft.server.retrycache.statistics.expirytime = 100?s (default)
2021-01-11 13:55:38,915 [pool-1196-thread-1] INFO  metrics.RatisMetrics (RatisMetrics.java:lambda$create$0(36)) - Creating Metrics Registry : ratis.leader_election.omNode-2@group-523986131536
2021-01-11 13:55:38,916 [pool-1196-thread-1] INFO  metrics.RatisMetrics (RatisMetrics.java:lambda$create$0(36)) - Creating Metrics Registry : ratis.server.omNode-2@group-523986131536
2021-01-11 13:55:38,919 [Listener at 127.0.0.1/13838] INFO  impl.MetricsSystemImpl (MetricsSystemImpl.java:init(158)) - OzoneManager metrics system started (again)
2021-01-11 13:55:38,920 [Listener at 127.0.0.1/13838] INFO  om.OzoneManager (OzoneManager.java:start(1160)) - OzoneManager RPC server is listening at localhost/127.0.0.1:13838
2021-01-11 13:55:38,920 [Listener at 127.0.0.1/13838] INFO  ratis.OzoneManagerRatisServer (OzoneManagerRatisServer.java:start(377)) - Starting OzoneManagerRatisServer omNode-2 at port 13842
2021-01-11 13:55:38,920 [Listener at 127.0.0.1/13838] INFO  server.RaftServer$Division (RaftServerImpl.java:start(294)) - omNode-2@group-523986131536: start as a follower, conf=-1: [omNode-3|rpc:localhost:13848|priority:0, omNode-1|rpc:localhost:13836|priority:0, omNode-2|rpc:localhost:13842|priority:0], old=null
2021-01-11 13:55:38,920 [Listener at 127.0.0.1/13838] INFO  server.RaftServer$Division (RaftServerImpl.java:setRole(283)) - omNode-2@group-523986131536: changes role from      null to FOLLOWER at term 0 for startAsFollower
2021-01-11 13:55:38,920 [Listener at 127.0.0.1/13838] INFO  impl.RoleInfo (RoleInfo.java:updateAndGet(130)) - omNode-2: start omNode-2@group-523986131536-FollowerState
2021-01-11 13:55:38,921 [Listener at 127.0.0.1/13838] INFO  util.JmxRegister (JmxRegister.java:tryRegister(44)) - Successfully registered JMX Bean with object name Ratis:service=RaftServer,group=group-523986131536,id=omNode-2
2021-01-11 13:55:38,921 [Listener at 127.0.0.1/13838] INFO  metrics.RatisMetrics (RatisMetrics.java:lambda$create$0(36)) - Creating Metrics Registry : ratis.state_machine.omNode-2@group-523986131536
2021-01-11 13:55:38,922 [Listener at 127.0.0.1/13838] INFO  server.RaftServer (RaftServerProxy.java:lambda$start$5(372)) - omNode-2: start RPC server
2021-01-11 13:55:38,923 [Listener at 127.0.0.1/13838] INFO  server.GrpcService (GrpcService.java:startImpl(176)) - omNode-2: GrpcService started, listening on 0.0.0.0/0.0.0.0:13842
2021-01-11 13:55:38,923 [org.apache.ratis.util.JvmPauseMonitor$$Lambda$305/41066485@4418144d] INFO  util.JvmPauseMonitor (JvmPauseMonitor.java:run(103)) - JvmPauseMonitor-omNode-2: Started
2021-01-11 13:55:39,000 [Listener at 127.0.0.1/13838] INFO  http.BaseHttpServer (BaseHttpServer.java:newHttpServer2BuilderForOzone(207)) - Starting Web-server for ozoneManager at: http://0.0.0.0:13840
2021-01-11 13:55:39,000 [Listener at 127.0.0.1/13838] INFO  http.BaseHttpServer (BaseHttpServer.java:<init>(106)) - Hadoop Security Enabled: false Ozone Security Enabled: false Ozone HTTP Security Enabled: false 
2021-01-11 13:55:39,001 [Listener at 127.0.0.1/13838] INFO  server.AuthenticationFilter (AuthenticationFilter.java:constructSecretProvider(240)) - Unable to initialize FileSignerSecretProvider, falling back to use random secrets.
2021-01-11 13:55:39,001 [Listener at 127.0.0.1/13838] WARN  http.HttpRequestLog (HttpRequestLog.java:getRequestLog(103)) - Jetty request log can only be enabled using Log4j
2021-01-11 13:55:39,002 [Listener at 127.0.0.1/13838] INFO  http.HttpServer2 (HttpServer2.java:addGlobalFilter(1020)) - Added global filter 'safety' (class=org.apache.hadoop.hdds.server.http.HttpServer2$QuotingInputFilter)
2021-01-11 13:55:39,003 [Listener at 127.0.0.1/13838] INFO  http.HttpServer2 (HttpServer2.java:addFilter(996)) - Added filter static_user_filter (class=org.apache.hadoop.http.lib.StaticUserWebFilter$StaticUserFilter) to context ozoneManager
2021-01-11 13:55:39,003 [Listener at 127.0.0.1/13838] INFO  http.HttpServer2 (HttpServer2.java:addFilter(1004)) - Added filter static_user_filter (class=org.apache.hadoop.http.lib.StaticUserWebFilter$StaticUserFilter) to context logs
2021-01-11 13:55:39,003 [Listener at 127.0.0.1/13838] INFO  http.HttpServer2 (HttpServer2.java:addFilter(1004)) - Added filter static_user_filter (class=org.apache.hadoop.http.lib.StaticUserWebFilter$StaticUserFilter) to context static
2021-01-11 13:55:39,003 [Listener at 127.0.0.1/13838] INFO  http.HttpServer2 (HttpServer2.java:bindListener(1238)) - Jetty bound to port 13840
2021-01-11 13:55:39,003 [Listener at 127.0.0.1/13838] INFO  server.Server (Server.java:doStart(375)) - jetty-9.4.34.v20201102; built: 2020-11-02T14:15:39.302Z; git: e46af88704a893fc12cb0e3bf46e2c7b48a009e7; jvm 1.8.0_232-b09
2021-01-11 13:55:39,004 [Listener at 127.0.0.1/13838] INFO  server.session (DefaultSessionIdManager.java:doStart(334)) - DefaultSessionIdManager workerName=node0
2021-01-11 13:55:39,005 [Listener at 127.0.0.1/13838] INFO  server.session (DefaultSessionIdManager.java:doStart(339)) - No SessionScavenger set, using defaults
2021-01-11 13:55:39,005 [Listener at 127.0.0.1/13838] INFO  server.session (HouseKeeper.java:startScavenging(132)) - node0 Scavenging every 600000ms
2021-01-11 13:55:39,005 [Listener at 127.0.0.1/13838] INFO  handler.ContextHandler (ContextHandler.java:doStart(916)) - Started o.e.j.s.ServletContextHandler@49068fe6{logs,/logs,file:///github/workspace/mnt/ozone/hadoop-ozone/integration-test/target/log,AVAILABLE}
2021-01-11 13:55:39,006 [Listener at 127.0.0.1/13838] INFO  handler.ContextHandler (ContextHandler.java:doStart(916)) - Started o.e.j.s.ServletContextHandler@3bcd9aac{static,/static,file:///github/workspace/mnt/ozone/hadoop-ozone/integration-test/target/test-classes/webapps/static,AVAILABLE}
2021-01-11 13:55:39,008 [Listener at 127.0.0.1/13838] INFO  handler.ContextHandler (ContextHandler.java:doStart(916)) - Started o.e.j.w.WebAppContext@18784afa{ozoneManager,/,file:///github/workspace/mnt/ozone/hadoop-ozone/integration-test/target/test-classes/webapps/ozoneManager/,AVAILABLE}{file:/github/workspace/mnt/ozone/hadoop-ozone/integration-test/target/test-classes/webapps/ozoneManager}
2021-01-11 13:55:39,009 [Listener at 127.0.0.1/13838] INFO  server.AbstractConnector (AbstractConnector.java:doStart(331)) - Started ServerConnector@57f72747{HTTP/1.1, (http/1.1)}{0.0.0.0:13840}
2021-01-11 13:55:39,009 [Listener at 127.0.0.1/13838] INFO  server.Server (Server.java:doStart(415)) - Started @338875ms
2021-01-11 13:55:39,009 [Listener at 127.0.0.1/13838] WARN  impl.MetricsSystemImpl (MetricsSystemImpl.java:register(276)) - Sink prometheus already exists!
2021-01-11 13:55:39,013 [Listener at 127.0.0.1/13838] INFO  http.BaseHttpServer (BaseHttpServer.java:updateConnectorAddress(327)) - HTTP server of ozoneManager listening at http://0.0.0.0:13840
2021-01-11 13:55:39,013 [IPC Server Responder] INFO  ipc.Server (Server.java:run(1460)) - IPC Server Responder: starting
2021-01-11 13:55:39,014 [IPC Server listener on 13838] INFO  ipc.Server (Server.java:run(1298)) - IPC Server listener on 13838: starting
2021-01-11 13:55:39,020 [Listener at 127.0.0.1/13838] INFO  om.OzoneManager (OzoneManager.java:startTrashEmptier(1281)) - Trash Interval set to 0. Files deleted will not move to trash
2021-01-11 13:55:39,021 [Listener at 127.0.0.1/13838] INFO  ozone.MiniOzoneHAClusterImpl (MiniOzoneHAClusterImpl.java:createOMService(380)) - Started OzoneManager RPC server at localhost/127.0.0.1:13838
2021-01-11 13:55:39,021 [org.apache.hadoop.util.JvmPauseMonitor$Monitor@7e8e48a3] INFO  util.JvmPauseMonitor (JvmPauseMonitor.java:run(188)) - Starting JVM pause monitor
2021-01-11 13:55:39,021 [Listener at 127.0.0.1/13838] WARN  server.ServerUtils (ServerUtils.java:getDBPath(225)) - ozone.om.db.dirs is not configured. We recommend adding this setting. Falling back to ozone.metadata.dirs instead.
2021-01-11 13:55:39,022 [Listener at 127.0.0.1/13838] INFO  ha.OMHANodeDetails (OMHANodeDetails.java:loadOMHAConfig(110)) - ServiceID for OzoneManager is om-service-test1
2021-01-11 13:55:39,022 [Listener at 127.0.0.1/13838] INFO  ha.OMHANodeDetails (OMHANodeDetails.java:loadOMHAConfig(186)) - Found matching OM address with OMServiceId: om-service-test1, OMNodeId: omNode-3, RPC Address: localhost:13844 and Ratis port: 13848
2021-01-11 13:55:39,023 [Listener at 127.0.0.1/13838] INFO  ha.OMHANodeDetails (OMHANodeDetails.java:setOMNodeSpecificConfigs(311)) - Setting configuration key ozone.om.http-address with value of key ozone.om.http-address.omNode-3: 127.0.0.1:13846
2021-01-11 13:55:39,023 [Listener at 127.0.0.1/13838] INFO  ha.OMHANodeDetails (OMHANodeDetails.java:setOMNodeSpecificConfigs(311)) - Setting configuration key ozone.om.https-address with value of key ozone.om.https-address.omNode-3: 127.0.0.1:13847
2021-01-11 13:55:39,023 [Listener at 127.0.0.1/13838] INFO  ha.OMHANodeDetails (OMHANodeDetails.java:setOMNodeSpecificConfigs(311)) - Setting configuration key ozone.om.address with value of key ozone.om.address.omNode-3: 127.0.0.1:13844
2021-01-11 13:55:39,023 [Listener at 127.0.0.1/13838] WARN  server.ServerUtils (ServerUtils.java:getDBPath(225)) - ozone.om.db.dirs is not configured. We recommend adding this setting. Falling back to ozone.metadata.dirs instead.
2021-01-11 13:55:39,023 [Listener at 127.0.0.1/13838] WARN  server.ServerUtils (ServerUtils.java:getDBPath(225)) - ozone.om.db.dirs is not configured. We recommend adding this setting. Falling back to ozone.metadata.dirs instead.
2021-01-11 13:55:39,031 [Listener at 127.0.0.1/13838] WARN  server.ServerUtils (ServerUtils.java:getDBPath(225)) - ozone.om.db.dirs is not configured. We recommend adding this setting. Falling back to ozone.metadata.dirs instead.
2021-01-11 13:55:39,031 [Listener at 127.0.0.1/13838] INFO  codec.OmKeyInfoCodec (OmKeyInfoCodec.java:<init>(41)) - OmKeyInfoCodec ignorePipeline = true
2021-01-11 13:55:39,032 [Listener at 127.0.0.1/13838] INFO  codec.RepeatedOmKeyInfoCodec (RepeatedOmKeyInfoCodec.java:<init>(40)) - RepeatedOmKeyInfoCodec ignorePipeline = true
2021-01-11 13:55:39,080 [Listener at 127.0.0.1/13838] INFO  om.OzoneManager (OzoneManager.java:addS3GVolumeToDB(3738)) - Created Volume s3v With Owner jenkins1001 required for S3Gateway operations.
2021-01-11 13:55:39,080 [Listener at 127.0.0.1/13838] WARN  server.ServerUtils (ServerUtils.java:getDefaultRatisDirectory(237)) - Storage directory for Ratis is not configured. It is a good idea to map this to an SSD disk. Falling back to ozone.metadata.dirs
2021-01-11 13:55:39,080 [Listener at 127.0.0.1/13838] WARN  ratis.OzoneManagerRatisServer (OzoneManagerRatisServer.java:getOMRatisSnapshotDirectory(638)) - ozone.om.ratis.snapshot.dir is not configured. Falling back to ozone.metadata.dirs config
2021-01-11 13:55:39,080 [Listener at 127.0.0.1/13838] INFO  snapshot.OzoneManagerSnapshotProvider (OzoneManagerSnapshotProvider.java:<init>(77)) - Initializing OM Snapshot Provider
2021-01-11 13:55:39,081 [Listener at 127.0.0.1/13838] WARN  server.ServerUtils (ServerUtils.java:getDefaultRatisDirectory(237)) - Storage directory for Ratis is not configured. It is a good idea to map this to an SSD disk. Falling back to ozone.metadata.dirs
2021-01-11 13:55:39,083 [Listener at 127.0.0.1/13838] INFO  ratis.OzoneManagerRatisServer (OzoneManagerRatisServer.java:<init>(280)) - Instantiating OM Ratis server with GroupID: om-service-test1 and Raft Peers: localhost:13848, localhost:13836, localhost:13842
2021-01-11 13:55:39,083 [Listener at 127.0.0.1/13838] INFO  ratis.OzoneManagerStateMachine (OzoneManagerStateMachine.java:loadSnapshotInfoFromDB(518)) - LastAppliedIndex is set from TransactionInfo from OM DB as (t:0, i:~)
2021-01-11 13:55:39,087 [Listener at 127.0.0.1/13838] INFO  server.RaftServer (ConfUtils.java:logGet(44)) - raft.rpc.type = GRPC (default)
2021-01-11 13:55:39,087 [Listener at 127.0.0.1/13838] INFO  grpc.GrpcFactory (GrpcFactory.java:checkPooledByteBufAllocatorUseCacheForAllThreads(48)) - PERFORMANCE WARNING: useCacheForAllThreads is true that may cause Netty to create a lot garbage objects and, as a result, trigger GC.
	It is recommended to disable useCacheForAllThreads by setting -Dorg.apache.ratis.thirdparty.io.netty.allocator.useCacheForAllThreads=false in command line.
2021-01-11 13:55:39,087 [Listener at 127.0.0.1/13838] INFO  grpc.GrpcConfigKeys (ConfUtils.java:logGet(44)) - raft.grpc.server.port = 13848 (custom)
2021-01-11 13:55:39,087 [Listener at 127.0.0.1/13838] INFO  server.GrpcService (ConfUtils.java:logGet(44)) - raft.grpc.message.size.max = 33554432 (custom)
2021-01-11 13:55:39,087 [Listener at 127.0.0.1/13838] INFO  server.RaftServerConfigKeys (ConfUtils.java:logGet(44)) - raft.server.log.appender.buffer.byte-limit = 33554432 (custom)
2021-01-11 13:55:39,087 [Listener at 127.0.0.1/13838] INFO  server.GrpcService (ConfUtils.java:logGet(44)) - raft.grpc.flow.control.window = 1MB (=1048576) (default)
2021-01-11 13:55:39,087 [Listener at 127.0.0.1/13838] INFO  server.RaftServerConfigKeys (ConfUtils.java:logGet(44)) - raft.server.rpc.request.timeout = 3000ms (default)
2021-01-11 13:55:39,088 [Listener at 127.0.0.1/13838] INFO  impl.DataStreamServerImpl (ConfUtils.java:logGet(44)) - raft.datastream.type = DISABLED (default)
2021-01-11 13:55:39,088 [Listener at 127.0.0.1/13838] INFO  server.RaftServerConfigKeys (ConfUtils.java:logGet(44)) - raft.server.rpc.slowness.timeout = 2s (custom)
2021-01-11 13:55:39,088 [Listener at 127.0.0.1/13838] INFO  server.RaftServerConfigKeys (ConfUtils.java:logGet(44)) - raft.server.leaderelection.leader.step-down.wait-time = 10s (default)
2021-01-11 13:55:39,088 [Listener at 127.0.0.1/13838] INFO  server.RaftServerConfigKeys (ConfUtils.java:logGet(44)) - raft.server.storage.dir = [/github/workspace/mnt/ozone/hadoop-ozone/integration-test/target/test-dir/MiniOzoneClusterImpl-250075fd-7b22-4ad4-b8fe-1c364b7bd722/omNode-3/ratis] (custom)
2021-01-11 13:55:39,089 [Listener at 127.0.0.1/13838] INFO  server.RaftServer (RaftServerProxy.java:addNew(95)) - omNode-3: addNew group-523986131536:[omNode-3|rpc:localhost:13848|priority:0, omNode-1|rpc:localhost:13836|priority:0, omNode-2|rpc:localhost:13842|priority:0] returns group-523986131536:java.util.concurrent.CompletableFuture@7e6ddb76[Not completed]
2021-01-11 13:55:39,089 [Listener at 127.0.0.1/13838] INFO  om.OzoneManager (OzoneManager.java:initializeRatisServer(1332)) - OzoneManager Ratis server initialized at port 13848
2021-01-11 13:55:39,089 [Listener at 127.0.0.1/13838] INFO  ipc.CallQueueManager (CallQueueManager.java:<init>(84)) - Using callQueue: class java.util.concurrent.LinkedBlockingQueue, queueCapacity: 2000, scheduler: class org.apache.hadoop.ipc.DefaultRpcScheduler, ipcBackoff: false.
2021-01-11 13:55:39,089 [pool-1211-thread-1] INFO  server.RaftServer$Division (RaftServerImpl.java:<init>(179)) - omNode-3: new RaftServerImpl for group-523986131536:[omNode-3|rpc:localhost:13848|priority:0, omNode-1|rpc:localhost:13836|priority:0, omNode-2|rpc:localhost:13842|priority:0] with OzoneManagerStateMachine:uninitialized
2021-01-11 13:55:39,091 [Socket Reader #1 for port 13844] INFO  ipc.Server (Server.java:run(1219)) - Starting Socket Reader #1 for port 13844
2021-01-11 13:55:39,095 [pool-1211-thread-1] INFO  server.RaftServerConfigKeys (ConfUtils.java:logGet(44)) - raft.server.rpc.timeout.min = 1s (custom)
2021-01-11 13:55:39,095 [pool-1211-thread-1] INFO  server.RaftServerConfigKeys (ConfUtils.java:logGet(44)) - raft.server.rpc.timeout.max = 1200ms (custom)
2021-01-11 13:55:39,095 [pool-1211-thread-1] INFO  server.RaftServerConfigKeys (ConfUtils.java:logGet(44)) - raft.server.rpc.sleep.time = 25ms (default)
2021-01-11 13:55:39,095 [pool-1211-thread-1] INFO  server.RaftServerConfigKeys (ConfUtils.java:logGet(44)) - raft.server.rpc.slowness.timeout = 2s (custom)
2021-01-11 13:55:39,095 [pool-1211-thread-1] INFO  server.RaftServerConfigKeys (ConfUtils.java:logGet(44)) - raft.server.leaderelection.leader.step-down.wait-time = 10s (default)
2021-01-11 13:55:39,095 [pool-1211-thread-1] INFO  server.RaftServerConfigKeys (ConfUtils.java:logGet(44)) - raft.server.sleep.deviation.threshold = 300ms (default)
2021-01-11 13:55:39,095 [pool-1211-thread-1] INFO  server.RaftServerConfigKeys (ConfUtils.java:logGet(44)) - raft.server.log.appender.install.snapshot.enabled = false (custom)
2021-01-11 13:55:39,095 [pool-1211-thread-1] INFO  server.RaftServer$Division (ServerState.java:<init>(103)) - omNode-3@group-523986131536: ConfigurationManager, init=-1: [omNode-3|rpc:localhost:13848|priority:0, omNode-1|rpc:localhost:13836|priority:0, omNode-2|rpc:localhost:13842|priority:0], old=null, confs=<EMPTY_MAP>
2021-01-11 13:55:39,095 [pool-1211-thread-1] INFO  server.RaftServerConfigKeys (ConfUtils.java:logGet(44)) - raft.server.storage.dir = [/github/workspace/mnt/ozone/hadoop-ozone/integration-test/target/test-dir/MiniOzoneClusterImpl-250075fd-7b22-4ad4-b8fe-1c364b7bd722/omNode-3/ratis] (custom)
2021-01-11 13:55:39,095 [pool-1211-thread-1] INFO  server.RaftServerConfigKeys (ConfUtils.java:logGet(44)) - raft.server.log.corruption.policy = EXCEPTION (default)
2021-01-11 13:55:39,096 [pool-1211-thread-1] INFO  storage.RaftStorageDirectory (RaftStorageDirectoryImpl.java:analyzeStorage(132)) - The storage directory /github/workspace/mnt/ozone/hadoop-ozone/integration-test/target/test-dir/MiniOzoneClusterImpl-250075fd-7b22-4ad4-b8fe-1c364b7bd722/omNode-3/ratis/c9bc4cf4-3bc3-3c60-a66b-523986131536 does not exist. Creating ...
2021-01-11 13:55:39,097 [pool-1211-thread-1] INFO  storage.RaftStorageDirectory (RaftStorageDirectoryImpl.java:tryLock(215)) - Lock on /github/workspace/mnt/ozone/hadoop-ozone/integration-test/target/test-dir/MiniOzoneClusterImpl-250075fd-7b22-4ad4-b8fe-1c364b7bd722/omNode-3/ratis/c9bc4cf4-3bc3-3c60-a66b-523986131536/in_use.lock acquired by nodename 17557@f5cef6452a00
2021-01-11 13:55:39,098 [pool-1211-thread-1] INFO  storage.RaftStorage (RaftStorageImpl.java:format(87)) - Storage directory /github/workspace/mnt/ozone/hadoop-ozone/integration-test/target/test-dir/MiniOzoneClusterImpl-250075fd-7b22-4ad4-b8fe-1c364b7bd722/omNode-3/ratis/c9bc4cf4-3bc3-3c60-a66b-523986131536 has been successfully formatted.
2021-01-11 13:55:39,098 [pool-1211-thread-1] ERROR storage.RaftStorage (RaftStorageImpl.java:readRaftConfiguration(147)) - Failed reading configuration from file:/github/workspace/mnt/ozone/hadoop-ozone/integration-test/target/test-dir/MiniOzoneClusterImpl-250075fd-7b22-4ad4-b8fe-1c364b7bd722/omNode-3/ratis/c9bc4cf4-3bc3-3c60-a66b-523986131536/current/raft-meta.conf
java.io.FileNotFoundException: /github/workspace/mnt/ozone/hadoop-ozone/integration-test/target/test-dir/MiniOzoneClusterImpl-250075fd-7b22-4ad4-b8fe-1c364b7bd722/omNode-3/ratis/c9bc4cf4-3bc3-3c60-a66b-523986131536/current/raft-meta.conf (No such file or directory)
	at java.io.FileInputStream.open0(Native Method)
	at java.io.FileInputStream.open(FileInputStream.java:195)
	at java.io.FileInputStream.<init>(FileInputStream.java:138)
	at org.apache.ratis.server.storage.RaftStorageImpl.readRaftConfiguration(RaftStorageImpl.java:143)
	at org.apache.ratis.server.impl.ServerState.<init>(ServerState.java:113)
	at org.apache.ratis.server.impl.RaftServerImpl.<init>(RaftServerImpl.java:192)
	at org.apache.ratis.server.impl.RaftServerProxy.lambda$newRaftServerImpl$4(RaftServerProxy.java:266)
	at java.util.concurrent.CompletableFuture$AsyncSupply.run(CompletableFuture.java:1604)
	at java.util.concurrent.ThreadPoolExecutor.runWorker(ThreadPoolExecutor.java:1149)
	at java.util.concurrent.ThreadPoolExecutor$Worker.run(ThreadPoolExecutor.java:624)
	at java.lang.Thread.run(Thread.java:748)
2021-01-11 13:55:39,098 [pool-1211-thread-1] INFO  server.RaftServerConfigKeys (ConfUtils.java:logGet(44)) - raft.server.notification.no-leader.timeout = 2s (custom)
2021-01-11 13:55:39,098 [pool-1211-thread-1] INFO  server.RaftServerConfigKeys (ConfUtils.java:logGet(44)) - raft.server.log.use.memory = false (default)
2021-01-11 13:55:39,098 [pool-1211-thread-1] INFO  server.RaftServerConfigKeys (ConfUtils.java:logGet(44)) - raft.server.log.purge.gap = 50 (custom)
2021-01-11 13:55:39,098 [pool-1211-thread-1] INFO  server.RaftServerConfigKeys (ConfUtils.java:logGet(44)) - raft.server.log.appender.buffer.byte-limit = 33554432 (custom)
2021-01-11 13:55:39,098 [pool-1211-thread-1] INFO  metrics.RatisMetrics (RatisMetrics.java:lambda$create$0(36)) - Creating Metrics Registry : ratis.log_worker.omNode-3@group-523986131536
2021-01-11 13:55:39,099 [pool-1211-thread-1] INFO  server.RaftServerConfigKeys (ConfUtils.java:logGet(44)) - raft.server.log.segment.size.max = 4194304 (custom)
2021-01-11 13:55:39,100 [pool-1211-thread-1] INFO  server.RaftServerConfigKeys (ConfUtils.java:logGet(44)) - raft.server.log.segment.cache.num.max = 2 (custom)
2021-01-11 13:55:39,100 [pool-1211-thread-1] INFO  server.RaftServerConfigKeys (ConfUtils.java:logGet(44)) - raft.server.log.segment.cache.size.max = 200MB (=209715200) (default)
2021-01-11 13:55:39,100 [pool-1211-thread-1] INFO  segmented.SegmentedRaftLogWorker (SegmentedRaftLogWorker.java:<init>(181)) - new omNode-3@group-523986131536-SegmentedRaftLogWorker for RaftStorageImpl:Storage Directory /github/workspace/mnt/ozone/hadoop-ozone/integration-test/target/test-dir/MiniOzoneClusterImpl-250075fd-7b22-4ad4-b8fe-1c364b7bd722/omNode-3/ratis/c9bc4cf4-3bc3-3c60-a66b-523986131536
2021-01-11 13:55:39,100 [pool-1211-thread-1] INFO  server.RaftServerConfigKeys (ConfUtils.java:logGet(44)) - raft.server.log.queue.byte-limit = 64MB (=67108864) (default)
2021-01-11 13:55:39,100 [pool-1211-thread-1] INFO  server.RaftServerConfigKeys (ConfUtils.java:logGet(44)) - raft.server.log.queue.element-limit = 4096 (default)
2021-01-11 13:55:39,100 [pool-1211-thread-1] INFO  server.RaftServerConfigKeys (ConfUtils.java:logGet(44)) - raft.server.log.segment.size.max = 4194304 (custom)
2021-01-11 13:55:39,100 [pool-1211-thread-1] INFO  server.RaftServerConfigKeys (ConfUtils.java:logGet(44)) - raft.server.log.preallocated.size = 4194304 (custom)
2021-01-11 13:55:39,100 [pool-1211-thread-1] INFO  server.RaftServerConfigKeys (ConfUtils.java:logGet(44)) - raft.server.log.force.sync.num = 128 (default)
2021-01-11 13:55:39,100 [pool-1211-thread-1] INFO  server.RaftServerConfigKeys (ConfUtils.java:logGet(44)) - raft.server.log.statemachine.data.sync = true (default)
2021-01-11 13:55:39,101 [pool-1211-thread-1] INFO  server.RaftServerConfigKeys (ConfUtils.java:logGet(44)) - raft.server.log.statemachine.data.sync.timeout = 10s (default)
2021-01-11 13:55:39,101 [pool-1211-thread-1] INFO  server.RaftServerConfigKeys (ConfUtils.java:logGet(44)) - raft.server.log.statemachine.data.sync.timeout.retry = -1 (default)
2021-01-11 13:55:39,103 [pool-1211-thread-1] INFO  server.RaftServerConfigKeys (ConfUtils.java:logGet(44)) - raft.server.log.write.buffer.size = 64KB (=65536) (default)
2021-01-11 13:55:39,103 [pool-1211-thread-1] INFO  server.RaftServerConfigKeys (ConfUtils.java:logGet(44)) - raft.server.log.statemachine.data.caching.enabled = false (default)
2021-01-11 13:55:39,103 [pool-1211-thread-1] INFO  segmented.SegmentedRaftLogWorker (SegmentedRaftLogWorker.java:lambda$new$0(132)) - omNode-3@group-523986131536-SegmentedRaftLogWorker: flushIndex: setUnconditionally 0 -> -1
2021-01-11 13:55:39,103 [pool-1211-thread-1] INFO  segmented.SegmentedRaftLogWorker (SegmentedRaftLogWorker.java:lambda$new$0(132)) - omNode-3@group-523986131536-SegmentedRaftLogWorker: safeCacheEvictIndex: setUnconditionally 0 -> -1
2021-01-11 13:55:39,104 [pool-1211-thread-1] INFO  server.RaftServerConfigKeys (ConfUtils.java:logGet(44)) - raft.server.snapshot.auto.trigger.enabled = true (custom)
2021-01-11 13:55:39,104 [pool-1211-thread-1] INFO  server.RaftServerConfigKeys (ConfUtils.java:logGet(44)) - raft.server.snapshot.auto.trigger.threshold = 50 (custom)
2021-01-11 13:55:39,104 [pool-1211-thread-1] INFO  server.RaftServerConfigKeys (ConfUtils.java:logGet(44)) - raft.server.snapshot.retention.file.num = -1 (default)
2021-01-11 13:55:39,104 [pool-1211-thread-1] INFO  server.RaftServerConfigKeys (ConfUtils.java:logGet(44)) - raft.server.log.purge.upto.snapshot.index = true (custom)
2021-01-11 13:55:39,104 [pool-1211-thread-1] INFO  server.RaftServerConfigKeys (ConfUtils.java:logGet(44)) - raft.server.retrycache.expirytime = 30000ms (custom)
2021-01-11 13:55:39,104 [pool-1211-thread-1] INFO  server.RaftServerConfigKeys (ConfUtils.java:logGet(44)) - raft.server.retrycache.statistics.expirytime = 100?s (default)
2021-01-11 13:55:39,104 [pool-1211-thread-1] INFO  metrics.RatisMetrics (RatisMetrics.java:lambda$create$0(36)) - Creating Metrics Registry : ratis.leader_election.omNode-3@group-523986131536
2021-01-11 13:55:39,105 [Listener at 127.0.0.1/13844] INFO  impl.MetricsSystemImpl (MetricsSystemImpl.java:init(158)) - OzoneManager metrics system started (again)
2021-01-11 13:55:39,105 [pool-1211-thread-1] INFO  metrics.RatisMetrics (RatisMetrics.java:lambda$create$0(36)) - Creating Metrics Registry : ratis.server.omNode-3@group-523986131536
2021-01-11 13:55:39,106 [Listener at 127.0.0.1/13844] INFO  om.OzoneManager (OzoneManager.java:start(1160)) - OzoneManager RPC server is listening at localhost/127.0.0.1:13844
2021-01-11 13:55:39,106 [Listener at 127.0.0.1/13844] INFO  ratis.OzoneManagerRatisServer (OzoneManagerRatisServer.java:start(377)) - Starting OzoneManagerRatisServer omNode-3 at port 13848
2021-01-11 13:55:39,107 [Listener at 127.0.0.1/13844] INFO  server.RaftServer$Division (RaftServerImpl.java:start(294)) - omNode-3@group-523986131536: start as a follower, conf=-1: [omNode-3|rpc:localhost:13848|priority:0, omNode-1|rpc:localhost:13836|priority:0, omNode-2|rpc:localhost:13842|priority:0], old=null
2021-01-11 13:55:39,107 [Listener at 127.0.0.1/13844] INFO  server.RaftServer$Division (RaftServerImpl.java:setRole(283)) - omNode-3@group-523986131536: changes role from      null to FOLLOWER at term 0 for startAsFollower
2021-01-11 13:55:39,108 [Listener at 127.0.0.1/13844] INFO  impl.RoleInfo (RoleInfo.java:updateAndGet(130)) - omNode-3: start omNode-3@group-523986131536-FollowerState
2021-01-11 13:55:39,108 [Listener at 127.0.0.1/13844] INFO  util.JmxRegister (JmxRegister.java:tryRegister(44)) - Successfully registered JMX Bean with object name Ratis:service=RaftServer,group=group-523986131536,id=omNode-3
2021-01-11 13:55:39,108 [Listener at 127.0.0.1/13844] INFO  metrics.RatisMetrics (RatisMetrics.java:lambda$create$0(36)) - Creating Metrics Registry : ratis.state_machine.omNode-3@group-523986131536
2021-01-11 13:55:39,109 [Listener at 127.0.0.1/13844] INFO  server.RaftServer (RaftServerProxy.java:lambda$start$5(372)) - omNode-3: start RPC server
2021-01-11 13:55:39,110 [Listener at 127.0.0.1/13844] INFO  server.GrpcService (GrpcService.java:startImpl(176)) - omNode-3: GrpcService started, listening on 0.0.0.0/0.0.0.0:13848
2021-01-11 13:55:39,110 [org.apache.ratis.util.JvmPauseMonitor$$Lambda$305/41066485@d37d5b3] INFO  util.JvmPauseMonitor (JvmPauseMonitor.java:run(103)) - JvmPauseMonitor-omNode-3: Started
2021-01-11 13:55:39,116 [Listener at 127.0.0.1/13844] INFO  http.BaseHttpServer (BaseHttpServer.java:newHttpServer2BuilderForOzone(207)) - Starting Web-server for ozoneManager at: http://0.0.0.0:13846
2021-01-11 13:55:39,116 [Listener at 127.0.0.1/13844] INFO  http.BaseHttpServer (BaseHttpServer.java:<init>(106)) - Hadoop Security Enabled: false Ozone Security Enabled: false Ozone HTTP Security Enabled: false 
2021-01-11 13:55:39,116 [Listener at 127.0.0.1/13844] INFO  server.AuthenticationFilter (AuthenticationFilter.java:constructSecretProvider(240)) - Unable to initialize FileSignerSecretProvider, falling back to use random secrets.
2021-01-11 13:55:39,117 [Listener at 127.0.0.1/13844] WARN  http.HttpRequestLog (HttpRequestLog.java:getRequestLog(103)) - Jetty request log can only be enabled using Log4j
2021-01-11 13:55:39,117 [Listener at 127.0.0.1/13844] INFO  http.HttpServer2 (HttpServer2.java:addGlobalFilter(1020)) - Added global filter 'safety' (class=org.apache.hadoop.hdds.server.http.HttpServer2$QuotingInputFilter)
2021-01-11 13:55:39,118 [Listener at 127.0.0.1/13844] INFO  http.HttpServer2 (HttpServer2.java:addFilter(996)) - Added filter static_user_filter (class=org.apache.hadoop.http.lib.StaticUserWebFilter$StaticUserFilter) to context ozoneManager
2021-01-11 13:55:39,118 [Listener at 127.0.0.1/13844] INFO  http.HttpServer2 (HttpServer2.java:addFilter(1004)) - Added filter static_user_filter (class=org.apache.hadoop.http.lib.StaticUserWebFilter$StaticUserFilter) to context static
2021-01-11 13:55:39,118 [Listener at 127.0.0.1/13844] INFO  http.HttpServer2 (HttpServer2.java:addFilter(1004)) - Added filter static_user_filter (class=org.apache.hadoop.http.lib.StaticUserWebFilter$StaticUserFilter) to context logs
2021-01-11 13:55:39,121 [Listener at 127.0.0.1/13844] INFO  http.HttpServer2 (HttpServer2.java:bindListener(1238)) - Jetty bound to port 13846
2021-01-11 13:55:39,121 [Listener at 127.0.0.1/13844] INFO  server.Server (Server.java:doStart(375)) - jetty-9.4.34.v20201102; built: 2020-11-02T14:15:39.302Z; git: e46af88704a893fc12cb0e3bf46e2c7b48a009e7; jvm 1.8.0_232-b09
2021-01-11 13:55:39,127 [Listener at 127.0.0.1/13844] INFO  server.session (DefaultSessionIdManager.java:doStart(334)) - DefaultSessionIdManager workerName=node0
2021-01-11 13:55:39,127 [Listener at 127.0.0.1/13844] INFO  server.session (DefaultSessionIdManager.java:doStart(339)) - No SessionScavenger set, using defaults
2021-01-11 13:55:39,127 [Listener at 127.0.0.1/13844] INFO  server.session (HouseKeeper.java:startScavenging(132)) - node0 Scavenging every 600000ms
2021-01-11 13:55:39,128 [Listener at 127.0.0.1/13844] INFO  handler.ContextHandler (ContextHandler.java:doStart(916)) - Started o.e.j.s.ServletContextHandler@30f54161{logs,/logs,file:///github/workspace/mnt/ozone/hadoop-ozone/integration-test/target/log,AVAILABLE}
2021-01-11 13:55:39,128 [Listener at 127.0.0.1/13844] INFO  handler.ContextHandler (ContextHandler.java:doStart(916)) - Started o.e.j.s.ServletContextHandler@4dc0aac0{static,/static,file:///github/workspace/mnt/ozone/hadoop-ozone/integration-test/target/test-classes/webapps/static,AVAILABLE}
2021-01-11 13:55:39,130 [Listener at 127.0.0.1/13844] INFO  handler.ContextHandler (ContextHandler.java:doStart(916)) - Started o.e.j.w.WebAppContext@2c2f54d6{ozoneManager,/,file:///github/workspace/mnt/ozone/hadoop-ozone/integration-test/target/test-classes/webapps/ozoneManager/,AVAILABLE}{file:/github/workspace/mnt/ozone/hadoop-ozone/integration-test/target/test-classes/webapps/ozoneManager}
2021-01-11 13:55:39,131 [Listener at 127.0.0.1/13844] INFO  server.AbstractConnector (AbstractConnector.java:doStart(331)) - Started ServerConnector@796033f0{HTTP/1.1, (http/1.1)}{0.0.0.0:13846}
2021-01-11 13:55:39,131 [Listener at 127.0.0.1/13844] INFO  server.Server (Server.java:doStart(415)) - Started @338998ms
2021-01-11 13:55:39,131 [Listener at 127.0.0.1/13844] WARN  impl.MetricsSystemImpl (MetricsSystemImpl.java:register(276)) - Sink prometheus already exists!
2021-01-11 13:55:39,135 [Listener at 127.0.0.1/13844] INFO  http.BaseHttpServer (BaseHttpServer.java:updateConnectorAddress(327)) - HTTP server of ozoneManager listening at http://0.0.0.0:13846
2021-01-11 13:55:39,135 [IPC Server Responder] INFO  ipc.Server (Server.java:run(1460)) - IPC Server Responder: starting
2021-01-11 13:55:39,136 [IPC Server listener on 13844] INFO  ipc.Server (Server.java:run(1298)) - IPC Server listener on 13844: starting
2021-01-11 13:55:39,139 [Listener at 127.0.0.1/13844] INFO  om.OzoneManager (OzoneManager.java:startTrashEmptier(1281)) - Trash Interval set to 0. Files deleted will not move to trash
2021-01-11 13:55:39,139 [Listener at 127.0.0.1/13844] INFO  ozone.MiniOzoneHAClusterImpl (MiniOzoneHAClusterImpl.java:createOMService(380)) - Started OzoneManager RPC server at localhost/127.0.0.1:13844
2021-01-11 13:55:39,144 [org.apache.hadoop.util.JvmPauseMonitor$Monitor@66a637ea] INFO  util.JvmPauseMonitor (JvmPauseMonitor.java:run(188)) - Starting JVM pause monitor
2021-01-11 13:55:39,147 [Listener at 127.0.0.1/13844] INFO  impl.MetricsSystemImpl (MetricsSystemImpl.java:init(158)) - HddsDatanode metrics system started (again)
2021-01-11 13:55:39,150 [Listener at 127.0.0.1/13844] INFO  ozone.HddsDatanodeService (HddsDatanodeService.java:start(215)) - HddsDatanodeService host:f5cef6452a00 ip:172.17.0.2
2021-01-11 13:55:39,152 [Listener at 127.0.0.1/13844] INFO  volume.HddsVolume (HddsVolume.java:<init>(176)) - Creating Volume: /github/workspace/mnt/ozone/hadoop-ozone/integration-test/target/test-dir/MiniOzoneClusterImpl-250075fd-7b22-4ad4-b8fe-1c364b7bd722/datanode-0/data-0/containers/hdds of storage type : DISK and capacity : 9223372036854775807
2021-01-11 13:55:39,152 [Listener at 127.0.0.1/13844] INFO  volume.MutableVolumeSet (MutableVolumeSet.java:initializeVolumeSet(179)) - Added Volume : /github/workspace/mnt/ozone/hadoop-ozone/integration-test/target/test-dir/MiniOzoneClusterImpl-250075fd-7b22-4ad4-b8fe-1c364b7bd722/datanode-0/data-0/containers/hdds to VolumeSet
2021-01-11 13:55:39,152 [Listener at 127.0.0.1/13844] INFO  volume.ThrottledAsyncChecker (ThrottledAsyncChecker.java:schedule(141)) - Scheduling a check for /github/workspace/mnt/ozone/hadoop-ozone/integration-test/target/test-dir/MiniOzoneClusterImpl-250075fd-7b22-4ad4-b8fe-1c364b7bd722/datanode-0/data-0/containers/hdds
2021-01-11 13:55:39,153 [Listener at 127.0.0.1/13844] INFO  volume.HddsVolumeChecker (HddsVolumeChecker.java:checkAllVolumes(200)) - Scheduled health check for volume /github/workspace/mnt/ozone/hadoop-ozone/integration-test/target/test-dir/MiniOzoneClusterImpl-250075fd-7b22-4ad4-b8fe-1c364b7bd722/datanode-0/data-0/containers/hdds
2021-01-11 13:55:39,165 [Thread-5115] INFO  ozoneimpl.ContainerReader (ContainerReader.java:readVolume(123)) - Start to verify containers on volume /github/workspace/mnt/ozone/hadoop-ozone/integration-test/target/test-dir/MiniOzoneClusterImpl-250075fd-7b22-4ad4-b8fe-1c364b7bd722/datanode-0/data-0/containers/hdds
2021-01-11 13:55:39,165 [Thread-5115] INFO  ozoneimpl.ContainerReader (ContainerReader.java:readVolume(148)) - Finish verifying containers on volume /github/workspace/mnt/ozone/hadoop-ozone/integration-test/target/test-dir/MiniOzoneClusterImpl-250075fd-7b22-4ad4-b8fe-1c364b7bd722/datanode-0/data-0/containers/hdds
2021-01-11 13:55:39,165 [Listener at 127.0.0.1/13844] INFO  ozoneimpl.OzoneContainer (OzoneContainer.java:buildContainerSet(206)) - Build ContainerSet costs 0s
2021-01-11 13:55:39,167 [Listener at 127.0.0.1/13844] INFO  server.RaftServer (ConfUtils.java:logGet(44)) - raft.rpc.type = GRPC (default)
2021-01-11 13:55:39,168 [Listener at 127.0.0.1/13844] INFO  grpc.GrpcFactory (GrpcFactory.java:checkPooledByteBufAllocatorUseCacheForAllThreads(48)) - PERFORMANCE WARNING: useCacheForAllThreads is true that may cause Netty to create a lot garbage objects and, as a result, trigger GC.
	It is recommended to disable useCacheForAllThreads by setting -Dorg.apache.ratis.thirdparty.io.netty.allocator.useCacheForAllThreads=false in command line.
2021-01-11 13:55:39,168 [Listener at 127.0.0.1/13844] INFO  grpc.GrpcConfigKeys (ConfUtils.java:logGet(44)) - raft.grpc.server.port = 0 (default)
2021-01-11 13:55:39,169 [Listener at 127.0.0.1/13844] INFO  server.GrpcService (ConfUtils.java:logGet(44)) - raft.grpc.message.size.max = 32MB (=33554432) (custom)
2021-01-11 13:55:39,169 [Listener at 127.0.0.1/13844] INFO  server.RaftServerConfigKeys (ConfUtils.java:logGet(44)) - raft.server.log.appender.buffer.byte-limit = 33554432 (custom)
2021-01-11 13:55:39,169 [Listener at 127.0.0.1/13844] INFO  server.GrpcService (ConfUtils.java:logGet(44)) - raft.grpc.flow.control.window = 5MB (=5242880) (custom)
2021-01-11 13:55:39,169 [Listener at 127.0.0.1/13844] INFO  server.RaftServerConfigKeys (ConfUtils.java:logGet(44)) - raft.server.rpc.request.timeout = 60s (custom)
2021-01-11 13:55:39,170 [Listener at 127.0.0.1/13844] INFO  impl.DataStreamServerImpl (ConfUtils.java:logGet(44)) - raft.datastream.type = DISABLED (default)
2021-01-11 13:55:39,171 [Listener at 127.0.0.1/13844] INFO  server.RaftServerConfigKeys (ConfUtils.java:logGet(44)) - raft.server.rpc.slowness.timeout = 300s (custom)
2021-01-11 13:55:39,171 [Listener at 127.0.0.1/13844] INFO  server.RaftServerConfigKeys (ConfUtils.java:logGet(44)) - raft.server.leaderelection.leader.step-down.wait-time = 10s (default)
2021-01-11 13:55:39,171 [Listener at 127.0.0.1/13844] INFO  server.RaftServerConfigKeys (ConfUtils.java:logGet(44)) - raft.server.storage.dir = [/github/workspace/mnt/ozone/hadoop-ozone/integration-test/target/test-dir/MiniOzoneClusterImpl-250075fd-7b22-4ad4-b8fe-1c364b7bd722/datanode-0/data/ratis] (custom)
2021-01-11 13:55:39,176 [Listener at 127.0.0.1/13844] INFO  http.BaseHttpServer (BaseHttpServer.java:newHttpServer2BuilderForOzone(207)) - Starting Web-server for hddsDatanode at: http://0.0.0.0:0
2021-01-11 13:55:39,176 [Listener at 127.0.0.1/13844] INFO  http.BaseHttpServer (BaseHttpServer.java:<init>(106)) - Hadoop Security Enabled: false Ozone Security Enabled: false Ozone HTTP Security Enabled: false 
2021-01-11 13:55:39,177 [Listener at 127.0.0.1/13844] INFO  server.AuthenticationFilter (AuthenticationFilter.java:constructSecretProvider(240)) - Unable to initialize FileSignerSecretProvider, falling back to use random secrets.
2021-01-11 13:55:39,177 [Listener at 127.0.0.1/13844] WARN  http.HttpRequestLog (HttpRequestLog.java:getRequestLog(103)) - Jetty request log can only be enabled using Log4j
2021-01-11 13:55:39,178 [Listener at 127.0.0.1/13844] INFO  http.HttpServer2 (HttpServer2.java:addGlobalFilter(1020)) - Added global filter 'safety' (class=org.apache.hadoop.hdds.server.http.HttpServer2$QuotingInputFilter)
2021-01-11 13:55:39,178 [Listener at 127.0.0.1/13844] INFO  http.HttpServer2 (HttpServer2.java:addFilter(996)) - Added filter static_user_filter (class=org.apache.hadoop.http.lib.StaticUserWebFilter$StaticUserFilter) to context hddsDatanode
2021-01-11 13:55:39,178 [Listener at 127.0.0.1/13844] INFO  http.HttpServer2 (HttpServer2.java:addFilter(1004)) - Added filter static_user_filter (class=org.apache.hadoop.http.lib.StaticUserWebFilter$StaticUserFilter) to context static
2021-01-11 13:55:39,178 [Listener at 127.0.0.1/13844] INFO  http.HttpServer2 (HttpServer2.java:addFilter(1004)) - Added filter static_user_filter (class=org.apache.hadoop.http.lib.StaticUserWebFilter$StaticUserFilter) to context logs
2021-01-11 13:55:39,179 [Listener at 127.0.0.1/13844] INFO  http.HttpServer2 (HttpServer2.java:bindListener(1238)) - Jetty bound to port 45901
2021-01-11 13:55:39,179 [Listener at 127.0.0.1/13844] INFO  server.Server (Server.java:doStart(375)) - jetty-9.4.34.v20201102; built: 2020-11-02T14:15:39.302Z; git: e46af88704a893fc12cb0e3bf46e2c7b48a009e7; jvm 1.8.0_232-b09
2021-01-11 13:55:39,180 [Listener at 127.0.0.1/13844] INFO  server.session (DefaultSessionIdManager.java:doStart(334)) - DefaultSessionIdManager workerName=node0
2021-01-11 13:55:39,180 [Listener at 127.0.0.1/13844] INFO  server.session (DefaultSessionIdManager.java:doStart(339)) - No SessionScavenger set, using defaults
2021-01-11 13:55:39,180 [Listener at 127.0.0.1/13844] INFO  server.session (HouseKeeper.java:startScavenging(132)) - node0 Scavenging every 660000ms
2021-01-11 13:55:39,181 [Listener at 127.0.0.1/13844] INFO  handler.ContextHandler (ContextHandler.java:doStart(916)) - Started o.e.j.s.ServletContextHandler@52794e0e{logs,/logs,file:///github/workspace/mnt/ozone/hadoop-ozone/integration-test/target/log,AVAILABLE}
2021-01-11 13:55:39,181 [Listener at 127.0.0.1/13844] INFO  handler.ContextHandler (ContextHandler.java:doStart(916)) - Started o.e.j.s.ServletContextHandler@432ff57{static,/static,jar:file:/home/user/.m2/repository/org/apache/hadoop/hadoop-hdds-container-service/1.1.0-SNAPSHOT/hadoop-hdds-container-service-1.1.0-SNAPSHOT.jar!/webapps/static,AVAILABLE}
2021-01-11 13:55:39,209 [Thread-5017] INFO  impl.FollowerState (FollowerState.java:run(133)) - omNode-1@group-523986131536-FollowerState: change to CANDIDATE, lastRpcElapsedTime:1083405495ns, electionTimeout:1083ms
2021-01-11 13:55:39,209 [Thread-5017] INFO  impl.RoleInfo (RoleInfo.java:shutdownFollowerState(108)) - omNode-1: shutdown omNode-1@group-523986131536-FollowerState
2021-01-11 13:55:39,209 [Thread-5017] INFO  server.RaftServer$Division (RaftServerImpl.java:setRole(283)) - omNode-1@group-523986131536: changes role from  FOLLOWER to CANDIDATE at term 0 for changeToCandidate
2021-01-11 13:55:39,209 [Thread-5017] INFO  impl.RoleInfo (RoleInfo.java:updateAndGet(130)) - omNode-1: start omNode-1@group-523986131536-LeaderElection89
2021-01-11 13:55:39,219 [omNode-1@group-523986131536-LeaderElection89] INFO  impl.LeaderElection (LeaderElection.java:askForPreVotes(259)) - omNode-1@group-523986131536-LeaderElection89: begin a pre-vote at term 0 for -1: [omNode-3|rpc:localhost:13848|priority:0, omNode-1|rpc:localhost:13836|priority:0, omNode-2|rpc:localhost:13842|priority:0], old=null
2021-01-11 13:55:39,220 [omNode-1@group-523986131536-LeaderElection89] INFO  impl.LeaderElection (LogUtils.java:infoOrTrace(137)) - omNode-1@group-523986131536-LeaderElection89 got exception when requesting votes: java.util.concurrent.ExecutionException: org.apache.ratis.thirdparty.io.grpc.StatusRuntimeException: UNAVAILABLE: io exception
2021-01-11 13:55:39,220 [omNode-1@group-523986131536-LeaderElection89] INFO  impl.LeaderElection (LogUtils.java:infoOrTrace(137)) - omNode-1@group-523986131536-LeaderElection89 got exception when requesting votes: java.util.concurrent.ExecutionException: org.apache.ratis.thirdparty.io.grpc.StatusRuntimeException: UNAVAILABLE: io exception
2021-01-11 13:55:39,220 [omNode-1@group-523986131536-LeaderElection89] INFO  impl.LeaderElection (LeaderElection.java:logAndReturn(68)) - omNode-1@group-523986131536-LeaderElection89: Pre-vote  REJECTED received 0 response(s):[]
2021-01-11 13:55:39,220 [omNode-1@group-523986131536-LeaderElection89] INFO  impl.LeaderElection (LogUtils.java:infoOrTrace(137)) -   Exception 0: java.util.concurrent.ExecutionException: org.apache.ratis.thirdparty.io.grpc.StatusRuntimeException: UNAVAILABLE: io exception
2021-01-11 13:55:39,220 [omNode-1@group-523986131536-LeaderElection89] INFO  impl.LeaderElection (LogUtils.java:infoOrTrace(137)) -   Exception 1: java.util.concurrent.ExecutionException: org.apache.ratis.thirdparty.io.grpc.StatusRuntimeException: UNAVAILABLE: io exception
2021-01-11 13:55:39,220 [omNode-1@group-523986131536-LeaderElection89] INFO  impl.LeaderElection (LeaderElection.java:askForPreVotes(261)) - omNode-1@group-523986131536-LeaderElection89 pre-vote result is REJECTED.
2021-01-11 13:55:39,221 [omNode-1@group-523986131536-LeaderElection89] INFO  server.RaftServer$Division (RaftServerImpl.java:setRole(283)) - omNode-1@group-523986131536: changes role from CANDIDATE to FOLLOWER at term 0 for REJECTED
2021-01-11 13:55:39,221 [omNode-1@group-523986131536-LeaderElection89] INFO  impl.RoleInfo (RoleInfo.java:shutdownLeaderElection(121)) - omNode-1: shutdown omNode-1@group-523986131536-LeaderElection89
2021-01-11 13:55:39,221 [omNode-1@group-523986131536-LeaderElection89] INFO  impl.RoleInfo (RoleInfo.java:updateAndGet(130)) - omNode-1: start omNode-1@group-523986131536-FollowerState
2021-01-11 13:55:39,342 [Listener at 127.0.0.1/13844] INFO  handler.ContextHandler (ContextHandler.java:doStart(916)) - Started o.e.j.w.WebAppContext@74a7e68b{hddsDatanode,/,file:///tmp/jetty-0_0_0_0-45901-hadoop-hdds-container-service-1_1_0-SNAPSHOT_jar-_-any-8934041656141470797/webapp/,AVAILABLE}{jar:file:/home/user/.m2/repository/org/apache/hadoop/hadoop-hdds-container-service/1.1.0-SNAPSHOT/hadoop-hdds-container-service-1.1.0-SNAPSHOT.jar!/webapps/hddsDatanode}
2021-01-11 13:55:39,343 [Listener at 127.0.0.1/13844] INFO  server.AbstractConnector (AbstractConnector.java:doStart(331)) - Started ServerConnector@68bb53b{HTTP/1.1, (http/1.1)}{0.0.0.0:45901}
2021-01-11 13:55:39,343 [Listener at 127.0.0.1/13844] INFO  server.Server (Server.java:doStart(415)) - Started @339210ms
2021-01-11 13:55:39,343 [Listener at 127.0.0.1/13844] WARN  impl.MetricsSystemImpl (MetricsSystemImpl.java:register(276)) - Sink prometheus already exists!
2021-01-11 13:55:39,347 [Listener at 127.0.0.1/13844] INFO  http.BaseHttpServer (BaseHttpServer.java:updateConnectorAddress(327)) - HTTP server of hddsDatanode listening at http://0.0.0.0:45901
2021-01-11 13:55:39,347 [Listener at 127.0.0.1/13844] INFO  impl.MetricsSystemImpl (MetricsSystemImpl.java:init(158)) - HddsDatanode metrics system started (again)
2021-01-11 13:55:39,350 [Listener at 127.0.0.1/13844] INFO  ozone.HddsDatanodeService (HddsDatanodeService.java:start(215)) - HddsDatanodeService host:f5cef6452a00 ip:172.17.0.2
2021-01-11 13:55:39,351 [Listener at 127.0.0.1/13844] INFO  volume.HddsVolume (HddsVolume.java:<init>(176)) - Creating Volume: /github/workspace/mnt/ozone/hadoop-ozone/integration-test/target/test-dir/MiniOzoneClusterImpl-250075fd-7b22-4ad4-b8fe-1c364b7bd722/datanode-1/data-0/containers/hdds of storage type : DISK and capacity : 9223372036854775807
2021-01-11 13:55:39,351 [Listener at 127.0.0.1/13844] INFO  volume.MutableVolumeSet (MutableVolumeSet.java:initializeVolumeSet(179)) - Added Volume : /github/workspace/mnt/ozone/hadoop-ozone/integration-test/target/test-dir/MiniOzoneClusterImpl-250075fd-7b22-4ad4-b8fe-1c364b7bd722/datanode-1/data-0/containers/hdds to VolumeSet
2021-01-11 13:55:39,352 [Listener at 127.0.0.1/13844] INFO  volume.ThrottledAsyncChecker (ThrottledAsyncChecker.java:schedule(141)) - Scheduling a check for /github/workspace/mnt/ozone/hadoop-ozone/integration-test/target/test-dir/MiniOzoneClusterImpl-250075fd-7b22-4ad4-b8fe-1c364b7bd722/datanode-1/data-0/containers/hdds
2021-01-11 13:55:39,352 [org.apache.hadoop.util.JvmPauseMonitor$Monitor@f102a0b] INFO  util.JvmPauseMonitor (JvmPauseMonitor.java:run(188)) - Starting JVM pause monitor
2021-01-11 13:55:39,352 [Listener at 127.0.0.1/13844] INFO  volume.HddsVolumeChecker (HddsVolumeChecker.java:checkAllVolumes(200)) - Scheduled health check for volume /github/workspace/mnt/ozone/hadoop-ozone/integration-test/target/test-dir/MiniOzoneClusterImpl-250075fd-7b22-4ad4-b8fe-1c364b7bd722/datanode-1/data-0/containers/hdds
2021-01-11 13:55:39,353 [Datanode State Machine Task Thread - 0] INFO  datanode.InitDatanodeState (InitDatanodeState.java:persistContainerDatanodeDetails(145)) - DatanodeDetails is persisted to /github/workspace/mnt/ozone/hadoop-ozone/integration-test/target/test-dir/MiniOzoneClusterImpl-250075fd-7b22-4ad4-b8fe-1c364b7bd722/datanode-0/meta/datanode.id
2021-01-11 13:55:39,365 [Thread-5130] INFO  ozoneimpl.ContainerReader (ContainerReader.java:readVolume(123)) - Start to verify containers on volume /github/workspace/mnt/ozone/hadoop-ozone/integration-test/target/test-dir/MiniOzoneClusterImpl-250075fd-7b22-4ad4-b8fe-1c364b7bd722/datanode-1/data-0/containers/hdds
2021-01-11 13:55:39,365 [Thread-5130] INFO  ozoneimpl.ContainerReader (ContainerReader.java:readVolume(148)) - Finish verifying containers on volume /github/workspace/mnt/ozone/hadoop-ozone/integration-test/target/test-dir/MiniOzoneClusterImpl-250075fd-7b22-4ad4-b8fe-1c364b7bd722/datanode-1/data-0/containers/hdds
2021-01-11 13:55:39,365 [Listener at 127.0.0.1/13844] INFO  ozoneimpl.OzoneContainer (OzoneContainer.java:buildContainerSet(206)) - Build ContainerSet costs 0s
2021-01-11 13:55:39,366 [Listener at 127.0.0.1/13844] INFO  server.RaftServer (ConfUtils.java:logGet(44)) - raft.rpc.type = GRPC (default)
2021-01-11 13:55:39,366 [Listener at 127.0.0.1/13844] INFO  grpc.GrpcFactory (GrpcFactory.java:checkPooledByteBufAllocatorUseCacheForAllThreads(48)) - PERFORMANCE WARNING: useCacheForAllThreads is true that may cause Netty to create a lot garbage objects and, as a result, trigger GC.
	It is recommended to disable useCacheForAllThreads by setting -Dorg.apache.ratis.thirdparty.io.netty.allocator.useCacheForAllThreads=false in command line.
2021-01-11 13:55:39,366 [Listener at 127.0.0.1/13844] INFO  grpc.GrpcConfigKeys (ConfUtils.java:logGet(44)) - raft.grpc.server.port = 0 (default)
2021-01-11 13:55:39,366 [Listener at 127.0.0.1/13844] INFO  server.GrpcService (ConfUtils.java:logGet(44)) - raft.grpc.message.size.max = 32MB (=33554432) (custom)
2021-01-11 13:55:39,367 [Listener at 127.0.0.1/13844] INFO  server.RaftServerConfigKeys (ConfUtils.java:logGet(44)) - raft.server.log.appender.buffer.byte-limit = 33554432 (custom)
2021-01-11 13:55:39,367 [Listener at 127.0.0.1/13844] INFO  server.GrpcService (ConfUtils.java:logGet(44)) - raft.grpc.flow.control.window = 5MB (=5242880) (custom)
2021-01-11 13:55:39,367 [Listener at 127.0.0.1/13844] INFO  server.RaftServerConfigKeys (ConfUtils.java:logGet(44)) - raft.server.rpc.request.timeout = 60s (custom)
2021-01-11 13:55:39,368 [Listener at 127.0.0.1/13844] INFO  impl.DataStreamServerImpl (ConfUtils.java:logGet(44)) - raft.datastream.type = DISABLED (default)
2021-01-11 13:55:39,368 [Listener at 127.0.0.1/13844] INFO  server.RaftServerConfigKeys (ConfUtils.java:logGet(44)) - raft.server.rpc.slowness.timeout = 300s (custom)
2021-01-11 13:55:39,368 [Listener at 127.0.0.1/13844] INFO  server.RaftServerConfigKeys (ConfUtils.java:logGet(44)) - raft.server.leaderelection.leader.step-down.wait-time = 10s (default)
2021-01-11 13:55:39,368 [Listener at 127.0.0.1/13844] INFO  server.RaftServerConfigKeys (ConfUtils.java:logGet(44)) - raft.server.storage.dir = [/github/workspace/mnt/ozone/hadoop-ozone/integration-test/target/test-dir/MiniOzoneClusterImpl-250075fd-7b22-4ad4-b8fe-1c364b7bd722/datanode-1/data/ratis] (custom)
2021-01-11 13:55:39,373 [Listener at 127.0.0.1/13844] INFO  http.BaseHttpServer (BaseHttpServer.java:newHttpServer2BuilderForOzone(207)) - Starting Web-server for hddsDatanode at: http://0.0.0.0:0
2021-01-11 13:55:39,373 [Listener at 127.0.0.1/13844] INFO  http.BaseHttpServer (BaseHttpServer.java:<init>(106)) - Hadoop Security Enabled: false Ozone Security Enabled: false Ozone HTTP Security Enabled: false 
2021-01-11 13:55:39,374 [Listener at 127.0.0.1/13844] INFO  server.AuthenticationFilter (AuthenticationFilter.java:constructSecretProvider(240)) - Unable to initialize FileSignerSecretProvider, falling back to use random secrets.
2021-01-11 13:55:39,374 [Listener at 127.0.0.1/13844] WARN  http.HttpRequestLog (HttpRequestLog.java:getRequestLog(103)) - Jetty request log can only be enabled using Log4j
2021-01-11 13:55:39,375 [Listener at 127.0.0.1/13844] INFO  http.HttpServer2 (HttpServer2.java:addGlobalFilter(1020)) - Added global filter 'safety' (class=org.apache.hadoop.hdds.server.http.HttpServer2$QuotingInputFilter)
2021-01-11 13:55:39,375 [Listener at 127.0.0.1/13844] INFO  http.HttpServer2 (HttpServer2.java:addFilter(996)) - Added filter static_user_filter (class=org.apache.hadoop.http.lib.StaticUserWebFilter$StaticUserFilter) to context hddsDatanode
2021-01-11 13:55:39,375 [Listener at 127.0.0.1/13844] INFO  http.HttpServer2 (HttpServer2.java:addFilter(1004)) - Added filter static_user_filter (class=org.apache.hadoop.http.lib.StaticUserWebFilter$StaticUserFilter) to context static
2021-01-11 13:55:39,375 [Listener at 127.0.0.1/13844] INFO  http.HttpServer2 (HttpServer2.java:addFilter(1004)) - Added filter static_user_filter (class=org.apache.hadoop.http.lib.StaticUserWebFilter$StaticUserFilter) to context logs
2021-01-11 13:55:39,375 [Listener at 127.0.0.1/13844] INFO  http.HttpServer2 (HttpServer2.java:bindListener(1238)) - Jetty bound to port 36493
2021-01-11 13:55:39,376 [Listener at 127.0.0.1/13844] INFO  server.Server (Server.java:doStart(375)) - jetty-9.4.34.v20201102; built: 2020-11-02T14:15:39.302Z; git: e46af88704a893fc12cb0e3bf46e2c7b48a009e7; jvm 1.8.0_232-b09
2021-01-11 13:55:39,378 [Listener at 127.0.0.1/13844] INFO  server.session (DefaultSessionIdManager.java:doStart(334)) - DefaultSessionIdManager workerName=node0
2021-01-11 13:55:39,378 [Listener at 127.0.0.1/13844] INFO  server.session (DefaultSessionIdManager.java:doStart(339)) - No SessionScavenger set, using defaults
2021-01-11 13:55:39,378 [Listener at 127.0.0.1/13844] INFO  server.session (HouseKeeper.java:startScavenging(132)) - node0 Scavenging every 660000ms
2021-01-11 13:55:39,379 [Listener at 127.0.0.1/13844] INFO  handler.ContextHandler (ContextHandler.java:doStart(916)) - Started o.e.j.s.ServletContextHandler@6b679acb{logs,/logs,file:///github/workspace/mnt/ozone/hadoop-ozone/integration-test/target/log,AVAILABLE}
2021-01-11 13:55:39,379 [Listener at 127.0.0.1/13844] INFO  handler.ContextHandler (ContextHandler.java:doStart(916)) - Started o.e.j.s.ServletContextHandler@687e2fe6{static,/static,jar:file:/home/user/.m2/repository/org/apache/hadoop/hadoop-hdds-container-service/1.1.0-SNAPSHOT/hadoop-hdds-container-service-1.1.0-SNAPSHOT.jar!/webapps/static,AVAILABLE}
2021-01-11 13:55:39,528 [Listener at 127.0.0.1/13844] INFO  handler.ContextHandler (ContextHandler.java:doStart(916)) - Started o.e.j.w.WebAppContext@7999ab2{hddsDatanode,/,file:///tmp/jetty-0_0_0_0-36493-hadoop-hdds-container-service-1_1_0-SNAPSHOT_jar-_-any-7116868985493403089/webapp/,AVAILABLE}{jar:file:/home/user/.m2/repository/org/apache/hadoop/hadoop-hdds-container-service/1.1.0-SNAPSHOT/hadoop-hdds-container-service-1.1.0-SNAPSHOT.jar!/webapps/hddsDatanode}
2021-01-11 13:55:39,529 [Listener at 127.0.0.1/13844] INFO  server.AbstractConnector (AbstractConnector.java:doStart(331)) - Started ServerConnector@14d1ff7a{HTTP/1.1, (http/1.1)}{0.0.0.0:36493}
2021-01-11 13:55:39,529 [Listener at 127.0.0.1/13844] INFO  server.Server (Server.java:doStart(415)) - Started @339396ms
2021-01-11 13:55:39,530 [Listener at 127.0.0.1/13844] WARN  impl.MetricsSystemImpl (MetricsSystemImpl.java:register(276)) - Sink prometheus already exists!
2021-01-11 13:55:39,533 [Listener at 127.0.0.1/13844] INFO  http.BaseHttpServer (BaseHttpServer.java:updateConnectorAddress(327)) - HTTP server of hddsDatanode listening at http://0.0.0.0:36493
2021-01-11 13:55:39,533 [Listener at 127.0.0.1/13844] INFO  impl.MetricsSystemImpl (MetricsSystemImpl.java:init(158)) - HddsDatanode metrics system started (again)
2021-01-11 13:55:39,537 [Listener at 127.0.0.1/13844] INFO  ozone.HddsDatanodeService (HddsDatanodeService.java:start(215)) - HddsDatanodeService host:f5cef6452a00 ip:172.17.0.2
2021-01-11 13:55:39,538 [Listener at 127.0.0.1/13844] INFO  volume.HddsVolume (HddsVolume.java:<init>(176)) - Creating Volume: /github/workspace/mnt/ozone/hadoop-ozone/integration-test/target/test-dir/MiniOzoneClusterImpl-250075fd-7b22-4ad4-b8fe-1c364b7bd722/datanode-2/data-0/containers/hdds of storage type : DISK and capacity : 9223372036854775807
2021-01-11 13:55:39,538 [Listener at 127.0.0.1/13844] INFO  volume.MutableVolumeSet (MutableVolumeSet.java:initializeVolumeSet(179)) - Added Volume : /github/workspace/mnt/ozone/hadoop-ozone/integration-test/target/test-dir/MiniOzoneClusterImpl-250075fd-7b22-4ad4-b8fe-1c364b7bd722/datanode-2/data-0/containers/hdds to VolumeSet
2021-01-11 13:55:39,538 [Listener at 127.0.0.1/13844] INFO  volume.ThrottledAsyncChecker (ThrottledAsyncChecker.java:schedule(141)) - Scheduling a check for /github/workspace/mnt/ozone/hadoop-ozone/integration-test/target/test-dir/MiniOzoneClusterImpl-250075fd-7b22-4ad4-b8fe-1c364b7bd722/datanode-2/data-0/containers/hdds
2021-01-11 13:55:39,539 [Listener at 127.0.0.1/13844] INFO  volume.HddsVolumeChecker (HddsVolumeChecker.java:checkAllVolumes(200)) - Scheduled health check for volume /github/workspace/mnt/ozone/hadoop-ozone/integration-test/target/test-dir/MiniOzoneClusterImpl-250075fd-7b22-4ad4-b8fe-1c364b7bd722/datanode-2/data-0/containers/hdds
2021-01-11 13:55:39,552 [org.apache.hadoop.util.JvmPauseMonitor$Monitor@b042e91] INFO  util.JvmPauseMonitor (JvmPauseMonitor.java:run(188)) - Starting JVM pause monitor
2021-01-11 13:55:39,553 [Datanode State Machine Task Thread - 0] INFO  datanode.InitDatanodeState (InitDatanodeState.java:persistContainerDatanodeDetails(145)) - DatanodeDetails is persisted to /github/workspace/mnt/ozone/hadoop-ozone/integration-test/target/test-dir/MiniOzoneClusterImpl-250075fd-7b22-4ad4-b8fe-1c364b7bd722/datanode-1/meta/datanode.id
2021-01-11 13:55:39,553 [Thread-5141] INFO  ozoneimpl.ContainerReader (ContainerReader.java:readVolume(123)) - Start to verify containers on volume /github/workspace/mnt/ozone/hadoop-ozone/integration-test/target/test-dir/MiniOzoneClusterImpl-250075fd-7b22-4ad4-b8fe-1c364b7bd722/datanode-2/data-0/containers/hdds
2021-01-11 13:55:39,553 [Thread-5141] INFO  ozoneimpl.ContainerReader (ContainerReader.java:readVolume(148)) - Finish verifying containers on volume /github/workspace/mnt/ozone/hadoop-ozone/integration-test/target/test-dir/MiniOzoneClusterImpl-250075fd-7b22-4ad4-b8fe-1c364b7bd722/datanode-2/data-0/containers/hdds
2021-01-11 13:55:39,553 [Listener at 127.0.0.1/13844] INFO  ozoneimpl.OzoneContainer (OzoneContainer.java:buildContainerSet(206)) - Build ContainerSet costs 0s
2021-01-11 13:55:39,554 [Listener at 127.0.0.1/13844] INFO  server.RaftServer (ConfUtils.java:logGet(44)) - raft.rpc.type = GRPC (default)
2021-01-11 13:55:39,555 [Listener at 127.0.0.1/13844] INFO  grpc.GrpcFactory (GrpcFactory.java:checkPooledByteBufAllocatorUseCacheForAllThreads(48)) - PERFORMANCE WARNING: useCacheForAllThreads is true that may cause Netty to create a lot garbage objects and, as a result, trigger GC.
	It is recommended to disable useCacheForAllThreads by setting -Dorg.apache.ratis.thirdparty.io.netty.allocator.useCacheForAllThreads=false in command line.
2021-01-11 13:55:39,555 [Listener at 127.0.0.1/13844] INFO  grpc.GrpcConfigKeys (ConfUtils.java:logGet(44)) - raft.grpc.server.port = 0 (default)
2021-01-11 13:55:39,555 [Listener at 127.0.0.1/13844] INFO  server.GrpcService (ConfUtils.java:logGet(44)) - raft.grpc.message.size.max = 32MB (=33554432) (custom)
2021-01-11 13:55:39,555 [Listener at 127.0.0.1/13844] INFO  server.RaftServerConfigKeys (ConfUtils.java:logGet(44)) - raft.server.log.appender.buffer.byte-limit = 33554432 (custom)
2021-01-11 13:55:39,555 [Listener at 127.0.0.1/13844] INFO  server.GrpcService (ConfUtils.java:logGet(44)) - raft.grpc.flow.control.window = 5MB (=5242880) (custom)
2021-01-11 13:55:39,555 [Listener at 127.0.0.1/13844] INFO  server.RaftServerConfigKeys (ConfUtils.java:logGet(44)) - raft.server.rpc.request.timeout = 60s (custom)
2021-01-11 13:55:39,556 [Listener at 127.0.0.1/13844] INFO  impl.DataStreamServerImpl (ConfUtils.java:logGet(44)) - raft.datastream.type = DISABLED (default)
2021-01-11 13:55:39,556 [Listener at 127.0.0.1/13844] INFO  server.RaftServerConfigKeys (ConfUtils.java:logGet(44)) - raft.server.rpc.slowness.timeout = 300s (custom)
2021-01-11 13:55:39,556 [Listener at 127.0.0.1/13844] INFO  server.RaftServerConfigKeys (ConfUtils.java:logGet(44)) - raft.server.leaderelection.leader.step-down.wait-time = 10s (default)
2021-01-11 13:55:39,556 [Listener at 127.0.0.1/13844] INFO  server.RaftServerConfigKeys (ConfUtils.java:logGet(44)) - raft.server.storage.dir = [/github/workspace/mnt/ozone/hadoop-ozone/integration-test/target/test-dir/MiniOzoneClusterImpl-250075fd-7b22-4ad4-b8fe-1c364b7bd722/datanode-2/data/ratis] (custom)
2021-01-11 13:55:39,561 [Listener at 127.0.0.1/13844] INFO  http.BaseHttpServer (BaseHttpServer.java:newHttpServer2BuilderForOzone(207)) - Starting Web-server for hddsDatanode at: http://0.0.0.0:0
2021-01-11 13:55:39,561 [Listener at 127.0.0.1/13844] INFO  http.BaseHttpServer (BaseHttpServer.java:<init>(106)) - Hadoop Security Enabled: false Ozone Security Enabled: false Ozone HTTP Security Enabled: false 
2021-01-11 13:55:39,562 [Listener at 127.0.0.1/13844] INFO  server.AuthenticationFilter (AuthenticationFilter.java:constructSecretProvider(240)) - Unable to initialize FileSignerSecretProvider, falling back to use random secrets.
2021-01-11 13:55:39,562 [Listener at 127.0.0.1/13844] WARN  http.HttpRequestLog (HttpRequestLog.java:getRequestLog(103)) - Jetty request log can only be enabled using Log4j
2021-01-11 13:55:39,563 [Listener at 127.0.0.1/13844] INFO  http.HttpServer2 (HttpServer2.java:addGlobalFilter(1020)) - Added global filter 'safety' (class=org.apache.hadoop.hdds.server.http.HttpServer2$QuotingInputFilter)
2021-01-11 13:55:39,564 [Listener at 127.0.0.1/13844] INFO  http.HttpServer2 (HttpServer2.java:addFilter(996)) - Added filter static_user_filter (class=org.apache.hadoop.http.lib.StaticUserWebFilter$StaticUserFilter) to context hddsDatanode
2021-01-11 13:55:39,564 [Listener at 127.0.0.1/13844] INFO  http.HttpServer2 (HttpServer2.java:addFilter(1004)) - Added filter static_user_filter (class=org.apache.hadoop.http.lib.StaticUserWebFilter$StaticUserFilter) to context static
2021-01-11 13:55:39,564 [Listener at 127.0.0.1/13844] INFO  http.HttpServer2 (HttpServer2.java:addFilter(1004)) - Added filter static_user_filter (class=org.apache.hadoop.http.lib.StaticUserWebFilter$StaticUserFilter) to context logs
2021-01-11 13:55:39,564 [Listener at 127.0.0.1/13844] INFO  http.HttpServer2 (HttpServer2.java:bindListener(1238)) - Jetty bound to port 41199
2021-01-11 13:55:39,564 [Listener at 127.0.0.1/13844] INFO  server.Server (Server.java:doStart(375)) - jetty-9.4.34.v20201102; built: 2020-11-02T14:15:39.302Z; git: e46af88704a893fc12cb0e3bf46e2c7b48a009e7; jvm 1.8.0_232-b09
2021-01-11 13:55:39,565 [Listener at 127.0.0.1/13844] INFO  server.session (DefaultSessionIdManager.java:doStart(334)) - DefaultSessionIdManager workerName=node0
2021-01-11 13:55:39,565 [Listener at 127.0.0.1/13844] INFO  server.session (DefaultSessionIdManager.java:doStart(339)) - No SessionScavenger set, using defaults
2021-01-11 13:55:39,565 [Listener at 127.0.0.1/13844] INFO  server.session (HouseKeeper.java:startScavenging(132)) - node0 Scavenging every 600000ms
2021-01-11 13:55:39,566 [Listener at 127.0.0.1/13844] INFO  handler.ContextHandler (ContextHandler.java:doStart(916)) - Started o.e.j.s.ServletContextHandler@3af64feb{logs,/logs,file:///github/workspace/mnt/ozone/hadoop-ozone/integration-test/target/log,AVAILABLE}
2021-01-11 13:55:39,566 [Listener at 127.0.0.1/13844] INFO  handler.ContextHandler (ContextHandler.java:doStart(916)) - Started o.e.j.s.ServletContextHandler@d31e4f3{static,/static,jar:file:/home/user/.m2/repository/org/apache/hadoop/hadoop-hdds-container-service/1.1.0-SNAPSHOT/hadoop-hdds-container-service-1.1.0-SNAPSHOT.jar!/webapps/static,AVAILABLE}
2021-01-11 13:55:39,720 [Listener at 127.0.0.1/13844] INFO  handler.ContextHandler (ContextHandler.java:doStart(916)) - Started o.e.j.w.WebAppContext@d6c5860{hddsDatanode,/,file:///tmp/jetty-0_0_0_0-41199-hadoop-hdds-container-service-1_1_0-SNAPSHOT_jar-_-any-8284274384596819640/webapp/,AVAILABLE}{jar:file:/home/user/.m2/repository/org/apache/hadoop/hadoop-hdds-container-service/1.1.0-SNAPSHOT/hadoop-hdds-container-service-1.1.0-SNAPSHOT.jar!/webapps/hddsDatanode}
2021-01-11 13:55:39,721 [Listener at 127.0.0.1/13844] INFO  server.AbstractConnector (AbstractConnector.java:doStart(331)) - Started ServerConnector@565a4d55{HTTP/1.1, (http/1.1)}{0.0.0.0:41199}
2021-01-11 13:55:39,722 [Listener at 127.0.0.1/13844] INFO  server.Server (Server.java:doStart(415)) - Started @339588ms
2021-01-11 13:55:39,722 [Listener at 127.0.0.1/13844] WARN  impl.MetricsSystemImpl (MetricsSystemImpl.java:register(276)) - Sink prometheus already exists!
2021-01-11 13:55:39,725 [Listener at 127.0.0.1/13844] INFO  http.BaseHttpServer (BaseHttpServer.java:updateConnectorAddress(327)) - HTTP server of hddsDatanode listening at http://0.0.0.0:41199
2021-01-11 13:55:39,725 [Listener at 127.0.0.1/13844] INFO  ozone.MiniOzoneClusterImpl (MiniOzoneClusterImpl.java:lambda$waitForClusterToBeReady$0(179)) - Waiting for nodes to be ready. Got 0 of 3 DN Heartbeats.
2021-01-11 13:55:39,728 [Listener at 127.0.0.1/13844] INFO  ozone.MiniOzoneClusterImpl (MiniOzoneClusterImpl.java:lambda$waitForClusterToBeReady$0(182)) - Waiting for cluster to exit safe mode
2021-01-11 13:55:39,735 [org.apache.hadoop.util.JvmPauseMonitor$Monitor@32b9e509] INFO  util.JvmPauseMonitor (JvmPauseMonitor.java:run(188)) - Starting JVM pause monitor
2021-01-11 13:55:39,736 [Datanode State Machine Task Thread - 0] INFO  datanode.InitDatanodeState (InitDatanodeState.java:persistContainerDatanodeDetails(145)) - DatanodeDetails is persisted to /github/workspace/mnt/ozone/hadoop-ozone/integration-test/target/test-dir/MiniOzoneClusterImpl-250075fd-7b22-4ad4-b8fe-1c364b7bd722/datanode-2/meta/datanode.id
2021-01-11 13:55:39,940 [Thread-5044] INFO  impl.FollowerState (FollowerState.java:run(133)) - omNode-2@group-523986131536-FollowerState: change to CANDIDATE, lastRpcElapsedTime:1019402483ns, electionTimeout:1019ms
2021-01-11 13:55:39,940 [Thread-5044] INFO  impl.RoleInfo (RoleInfo.java:shutdownFollowerState(108)) - omNode-2: shutdown omNode-2@group-523986131536-FollowerState
2021-01-11 13:55:39,940 [Thread-5044] INFO  server.RaftServer$Division (RaftServerImpl.java:setRole(283)) - omNode-2@group-523986131536: changes role from  FOLLOWER to CANDIDATE at term 0 for changeToCandidate
2021-01-11 13:55:39,941 [Thread-5044] INFO  impl.RoleInfo (RoleInfo.java:updateAndGet(130)) - omNode-2: start omNode-2@group-523986131536-LeaderElection90
2021-01-11 13:55:39,943 [omNode-2@group-523986131536-LeaderElection90] INFO  impl.LeaderElection (LeaderElection.java:askForPreVotes(259)) - omNode-2@group-523986131536-LeaderElection90: begin a pre-vote at term 0 for -1: [omNode-3|rpc:localhost:13848|priority:0, omNode-1|rpc:localhost:13836|priority:0, omNode-2|rpc:localhost:13842|priority:0], old=null
2021-01-11 13:55:39,950 [grpc-default-executor-1] INFO  server.RaftServer$Division (RaftServerImpl.java:requestPreVote(1060)) - omNode-1@group-523986131536: receive preVote(omNode-2, group-523986131536, 0, (t:0, i:~))
2021-01-11 13:55:39,950 [grpc-default-executor-1] INFO  server.RaftServer$Division (RaftServerImpl.java:requestPreVote(1081)) - omNode-1@group-523986131536 role: FOLLOWER allow pre-vote from:omNode-2
2021-01-11 13:55:39,950 [grpc-default-executor-1] INFO  server.RaftServer$Division (RaftServerImpl.java:requestPreVote(1099)) - omNode-1@group-523986131536 replies to pre-vote request: omNode-2<-omNode-1#0:OK-t0. Peer's state: omNode-1@group-523986131536:t0, leader=null, voted=, raftlog=omNode-1@group-523986131536-SegmentedRaftLog:OPENED:c-1,f-1,i0, conf=-1: [omNode-3|rpc:localhost:13848|priority:0, omNode-1|rpc:localhost:13836|priority:0, omNode-2|rpc:localhost:13842|priority:0], old=null
2021-01-11 13:55:39,955 [omNode-2@group-523986131536-LeaderElection90] INFO  impl.LeaderElection (LeaderElection.java:logAndReturn(68)) - omNode-2@group-523986131536-LeaderElection90: Pre-vote  PASSED received 1 response(s):[omNode-2<-omNode-1#0:OK-t0]
2021-01-11 13:55:39,955 [omNode-2@group-523986131536-LeaderElection90] INFO  impl.LeaderElection (LeaderElection.java:askForPreVotes(261)) - omNode-2@group-523986131536-LeaderElection90 pre-vote result is PASSED.
2021-01-11 13:55:39,956 [grpc-default-executor-1] INFO  server.RaftServer$Division (RaftServerImpl.java:requestPreVote(1060)) - omNode-3@group-523986131536: receive preVote(omNode-2, group-523986131536, 0, (t:0, i:~))
2021-01-11 13:55:39,957 [grpc-default-executor-1] INFO  server.RaftServer$Division (RaftServerImpl.java:requestPreVote(1081)) - omNode-3@group-523986131536 role: FOLLOWER allow pre-vote from:omNode-2
2021-01-11 13:55:39,957 [grpc-default-executor-1] INFO  server.RaftServer$Division (RaftServerImpl.java:requestPreVote(1099)) - omNode-3@group-523986131536 replies to pre-vote request: omNode-2<-omNode-3#0:OK-t0. Peer's state: omNode-3@group-523986131536:t0, leader=null, voted=, raftlog=omNode-3@group-523986131536-SegmentedRaftLog:OPENED:c-1,f-1,i0, conf=-1: [omNode-3|rpc:localhost:13848|priority:0, omNode-1|rpc:localhost:13836|priority:0, omNode-2|rpc:localhost:13842|priority:0], old=null
2021-01-11 13:55:39,957 [omNode-2@group-523986131536-LeaderElection90] INFO  impl.LeaderElection (LeaderElection.java:askForVotes(308)) - omNode-2@group-523986131536-LeaderElection90: begin an election at term 1 for -1: [omNode-3|rpc:localhost:13848|priority:0, omNode-1|rpc:localhost:13836|priority:0, omNode-2|rpc:localhost:13842|priority:0], old=null
2021-01-11 13:55:39,959 [grpc-default-executor-1] INFO  server.RaftServer$Division (RaftServerImpl.java:setRole(283)) - omNode-1@group-523986131536: changes role from  FOLLOWER to FOLLOWER at term 1 for recognizeCandidate:omNode-2
2021-01-11 13:55:39,959 [grpc-default-executor-1] INFO  impl.RoleInfo (RoleInfo.java:shutdownFollowerState(108)) - omNode-1: shutdown omNode-1@group-523986131536-FollowerState
2021-01-11 13:55:39,959 [grpc-default-executor-1] INFO  impl.RoleInfo (RoleInfo.java:updateAndGet(130)) - omNode-1: start omNode-1@group-523986131536-FollowerState
2021-01-11 13:55:39,959 [Thread-5127] INFO  impl.FollowerState (FollowerState.java:run(142)) - omNode-1@group-523986131536-FollowerState was interrupted: {}
java.lang.InterruptedException: sleep interrupted
	at java.lang.Thread.sleep(Native Method)
	at java.lang.Thread.sleep(Thread.java:340)
	at java.util.concurrent.TimeUnit.sleep(TimeUnit.java:386)
	at org.apache.ratis.util.TimeDuration.sleep(TimeDuration.java:324)
	at org.apache.ratis.util.TimeDuration.sleep(TimeDuration.java:309)
	at org.apache.ratis.server.impl.FollowerState.run(FollowerState.java:117)
2021-01-11 13:55:39,960 [grpc-default-executor-1] INFO  server.RaftServer$Division (RaftServerImpl.java:requestVote(1137)) -  FOLLOWER omNode-1@group-523986131536:t1, leader=null, voted=null, raftlog=omNode-1@group-523986131536-SegmentedRaftLog:OPENED:c-1,f-1,i0, conf=-1: [omNode-3|rpc:localhost:13848|priority:0, omNode-1|rpc:localhost:13836|priority:0, omNode-2|rpc:localhost:13842|priority:0], old=null RUNNING priority:0 candidate:omNode-2|rpc:localhost:13842|priority:0 candidatePriority:0 compare:0
2021-01-11 13:55:39,962 [omNode-2@group-523986131536-LeaderElection90] INFO  impl.LeaderElection (LeaderElection.java:logAndReturn(68)) - omNode-2@group-523986131536-LeaderElection90: Election  PASSED received 1 response(s):[omNode-2<-omNode-1#0:OK-t1]
2021-01-11 13:55:39,962 [omNode-2@group-523986131536-LeaderElection90] INFO  impl.RoleInfo (RoleInfo.java:shutdownLeaderElection(121)) - omNode-2: shutdown omNode-2@group-523986131536-LeaderElection90
2021-01-11 13:55:39,962 [omNode-2@group-523986131536-LeaderElection90] INFO  server.RaftServer$Division (RaftServerImpl.java:setRole(283)) - omNode-2@group-523986131536: changes role from CANDIDATE to LEADER at term 1 for changeToLeader
2021-01-11 13:55:39,962 [omNode-2@group-523986131536-LeaderElection90] INFO  server.RaftServer$Division (ServerState.java:setLeader(249)) - omNode-2@group-523986131536: change Leader from null to omNode-2 at term 1 for becomeLeader, leader elected after 1053ms
2021-01-11 13:55:39,962 [omNode-2@group-523986131536-LeaderElection90] INFO  server.RaftServerConfigKeys (ConfUtils.java:logGet(44)) - raft.server.staging.catchup.gap = 1000 (default)
2021-01-11 13:55:39,962 [omNode-2@group-523986131536-LeaderElection90] INFO  metrics.RatisMetrics (RatisMetrics.java:lambda$create$0(36)) - Creating Metrics Registry : ratis.log_appender.omNode-2@group-523986131536
2021-01-11 13:55:39,963 [grpc-default-executor-8] INFO  server.RaftServer$Division (RaftServerImpl.java:setRole(283)) - omNode-3@group-523986131536: changes role from  FOLLOWER to FOLLOWER at term 1 for recognizeCandidate:omNode-2
2021-01-11 13:55:39,963 [grpc-default-executor-8] INFO  impl.RoleInfo (RoleInfo.java:shutdownFollowerState(108)) - omNode-3: shutdown omNode-3@group-523986131536-FollowerState
2021-01-11 13:55:39,963 [omNode-2@group-523986131536-LeaderElection90] INFO  server.RaftServerConfigKeys (ConfUtils.java:logGet(44)) - raft.server.write.element-limit = 4096 (default)
2021-01-11 13:55:39,963 [grpc-default-executor-8] INFO  impl.RoleInfo (RoleInfo.java:updateAndGet(130)) - omNode-3: start omNode-3@group-523986131536-FollowerState
2021-01-11 13:55:39,963 [omNode-2@group-523986131536-LeaderElection90] INFO  server.RaftServerConfigKeys (ConfUtils.java:logGet(44)) - raft.server.write.byte-limit = 64MB (=67108864) (default)
2021-01-11 13:55:39,963 [Thread-5082] INFO  impl.FollowerState (FollowerState.java:run(142)) - omNode-3@group-523986131536-FollowerState was interrupted: {}
java.lang.InterruptedException: sleep interrupted
	at java.lang.Thread.sleep(Native Method)
	at java.lang.Thread.sleep(Thread.java:340)
	at java.util.concurrent.TimeUnit.sleep(TimeUnit.java:386)
	at org.apache.ratis.util.TimeDuration.sleep(TimeDuration.java:324)
	at org.apache.ratis.util.TimeDuration.sleep(TimeDuration.java:309)
	at org.apache.ratis.server.impl.FollowerState.run(FollowerState.java:117)
2021-01-11 13:55:39,964 [omNode-2@group-523986131536-LeaderElection90] INFO  server.RaftServerConfigKeys (ConfUtils.java:logGet(44)) - raft.server.watch.timeout = 10s (default)
2021-01-11 13:55:39,964 [omNode-2@group-523986131536-LeaderElection90] INFO  server.RaftServerConfigKeys (ConfUtils.java:logGet(44)) - raft.server.watch.timeout.denomination = 1s (default)
2021-01-11 13:55:39,964 [omNode-2@group-523986131536-LeaderElection90] INFO  server.RaftServerConfigKeys (ConfUtils.java:logGet(44)) - raft.server.watch.element-limit = 65536 (default)
2021-01-11 13:55:39,964 [omNode-2@group-523986131536-LeaderElection90] INFO  server.RaftServerConfigKeys (ConfUtils.java:logGet(44)) - raft.server.log.appender.snapshot.chunk.size.max = 16MB (=16777216) (default)
2021-01-11 13:55:39,964 [omNode-2@group-523986131536-LeaderElection90] INFO  server.RaftServerConfigKeys (ConfUtils.java:logGet(44)) - raft.server.log.appender.buffer.byte-limit = 33554432 (custom)
2021-01-11 13:55:39,964 [omNode-2@group-523986131536-LeaderElection90] INFO  server.RaftServerConfigKeys (ConfUtils.java:logGet(44)) - raft.server.log.appender.buffer.element-limit = 1024 (custom)
2021-01-11 13:55:39,975 [omNode-2@group-523986131536-LeaderElection90] INFO  grpc.GrpcConfigKeys (ConfUtils.java:logGet(44)) - raft.grpc.server.leader.outstanding.appends.max = 128 (default)
2021-01-11 13:55:39,975 [grpc-default-executor-8] INFO  server.RaftServer$Division (RaftServerImpl.java:requestVote(1137)) -  FOLLOWER omNode-3@group-523986131536:t1, leader=null, voted=null, raftlog=omNode-3@group-523986131536-SegmentedRaftLog:OPENED:c-1,f-1,i0, conf=-1: [omNode-3|rpc:localhost:13848|priority:0, omNode-1|rpc:localhost:13836|priority:0, omNode-2|rpc:localhost:13842|priority:0], old=null RUNNING priority:0 candidate:omNode-2|rpc:localhost:13842|priority:0 candidatePriority:0 compare:0
2021-01-11 13:55:39,975 [omNode-2@group-523986131536-LeaderElection90] INFO  server.RaftServerConfigKeys (ConfUtils.java:logGet(44)) - raft.server.rpc.request.timeout = 3000ms (default)
2021-01-11 13:55:39,975 [omNode-2@group-523986131536-LeaderElection90] INFO  server.RaftServerConfigKeys (ConfUtils.java:logGet(44)) - raft.server.log.appender.install.snapshot.enabled = false (custom)
2021-01-11 13:55:39,975 [omNode-2@group-523986131536-LeaderElection90] INFO  metrics.RatisMetrics (RatisMetrics.java:lambda$create$0(36)) - Creating Metrics Registry : ratis_grpc.log_appender.omNode-2@group-523986131536
2021-01-11 13:55:39,978 [omNode-2@group-523986131536-LeaderElection90] INFO  server.RaftServerConfigKeys (ConfUtils.java:logGet(44)) - raft.server.log.appender.snapshot.chunk.size.max = 16MB (=16777216) (default)
2021-01-11 13:55:39,978 [omNode-2@group-523986131536-LeaderElection90] INFO  server.RaftServerConfigKeys (ConfUtils.java:logGet(44)) - raft.server.log.appender.buffer.byte-limit = 33554432 (custom)
2021-01-11 13:55:39,978 [omNode-2@group-523986131536-LeaderElection90] INFO  server.RaftServerConfigKeys (ConfUtils.java:logGet(44)) - raft.server.log.appender.buffer.element-limit = 1024 (custom)
2021-01-11 13:55:39,978 [omNode-2@group-523986131536-LeaderElection90] INFO  grpc.GrpcConfigKeys (ConfUtils.java:logGet(44)) - raft.grpc.server.leader.outstanding.appends.max = 128 (default)
2021-01-11 13:55:39,979 [omNode-2@group-523986131536-LeaderElection90] INFO  server.RaftServerConfigKeys (ConfUtils.java:logGet(44)) - raft.server.rpc.request.timeout = 3000ms (default)
2021-01-11 13:55:39,979 [omNode-2@group-523986131536-LeaderElection90] INFO  server.RaftServerConfigKeys (ConfUtils.java:logGet(44)) - raft.server.log.appender.install.snapshot.enabled = false (custom)
2021-01-11 13:55:39,981 [omNode-2@group-523986131536-LeaderElection90] INFO  impl.RoleInfo (RoleInfo.java:updateAndGet(130)) - omNode-2: start omNode-2@group-523986131536-LeaderStateImpl
2021-01-11 13:55:39,982 [omNode-2@group-523986131536-LeaderElection90] INFO  segmented.SegmentedRaftLogWorker (SegmentedRaftLogWorker.java:startLogSegment(392)) - omNode-2@group-523986131536-SegmentedRaftLogWorker: Starting segment from index:0
2021-01-11 13:55:39,991 [omNode-2@group-523986131536-LeaderElection90] INFO  server.RaftServer$Division (ServerState.java:setRaftConf(368)) - omNode-2@group-523986131536: set configuration 0: [omNode-3|rpc:localhost:13848|dataStream:|priority:0, omNode-1|rpc:localhost:13836|dataStream:|priority:0, omNode-2|rpc:localhost:13842|dataStream:|priority:0], old=null
2021-01-11 13:55:39,997 [grpc-default-executor-1] INFO  server.RaftServer$Division (ServerState.java:setLeader(249)) - omNode-3@group-523986131536: change Leader from null to omNode-2 at term 1 for appendEntries, leader elected after 898ms
2021-01-11 13:55:40,000 [omNode-2@group-523986131536-SegmentedRaftLogWorker] INFO  segmented.SegmentedRaftLogWorker (SegmentedRaftLogWorker.java:execute(599)) - omNode-2@group-523986131536-SegmentedRaftLogWorker: created new log segment /github/workspace/mnt/ozone/hadoop-ozone/integration-test/target/test-dir/MiniOzoneClusterImpl-250075fd-7b22-4ad4-b8fe-1c364b7bd722/omNode-2/ratis/c9bc4cf4-3bc3-3c60-a66b-523986131536/current/log_inprogress_0
2021-01-11 13:55:40,004 [grpc-default-executor-4] INFO  server.RaftServer$Division (ServerState.java:setLeader(249)) - omNode-1@group-523986131536: change Leader from null to omNode-2 at term 1 for appendEntries, leader elected after 6242ms
2021-01-11 13:55:40,011 [grpc-default-executor-1] INFO  server.RaftServer$Division (ServerState.java:setRaftConf(368)) - omNode-3@group-523986131536: set configuration 0: [omNode-3|rpc:localhost:13848|dataStream:|priority:0, omNode-1|rpc:localhost:13836|dataStream:|priority:0, omNode-2|rpc:localhost:13842|dataStream:|priority:0], old=null
2021-01-11 13:55:40,018 [grpc-default-executor-1] INFO  segmented.SegmentedRaftLogWorker (SegmentedRaftLogWorker.java:startLogSegment(392)) - omNode-3@group-523986131536-SegmentedRaftLogWorker: Starting segment from index:0
2021-01-11 13:55:40,025 [grpc-default-executor-11] INFO  server.RaftServer$Division (ServerState.java:setRaftConf(368)) - omNode-1@group-523986131536: set configuration 0: [omNode-3|rpc:localhost:13848|dataStream:|priority:0, omNode-1|rpc:localhost:13836|dataStream:|priority:0, omNode-2|rpc:localhost:13842|dataStream:|priority:0], old=null
2021-01-11 13:55:40,026 [grpc-default-executor-11] INFO  segmented.SegmentedRaftLogWorker (SegmentedRaftLogWorker.java:startLogSegment(392)) - omNode-1@group-523986131536-SegmentedRaftLogWorker: Starting segment from index:0
2021-01-11 13:55:40,110 [omNode-1@group-523986131536-SegmentedRaftLogWorker] INFO  segmented.SegmentedRaftLogWorker (SegmentedRaftLogWorker.java:execute(599)) - omNode-1@group-523986131536-SegmentedRaftLogWorker: created new log segment /github/workspace/mnt/ozone/hadoop-ozone/integration-test/target/test-dir/MiniOzoneClusterImpl-250075fd-7b22-4ad4-b8fe-1c364b7bd722/omNode-1/ratis/c9bc4cf4-3bc3-3c60-a66b-523986131536/current/log_inprogress_0
2021-01-11 13:55:40,111 [omNode-3@group-523986131536-SegmentedRaftLogWorker] INFO  segmented.SegmentedRaftLogWorker (SegmentedRaftLogWorker.java:execute(599)) - omNode-3@group-523986131536-SegmentedRaftLogWorker: created new log segment /github/workspace/mnt/ozone/hadoop-ozone/integration-test/target/test-dir/MiniOzoneClusterImpl-250075fd-7b22-4ad4-b8fe-1c364b7bd722/omNode-3/ratis/c9bc4cf4-3bc3-3c60-a66b-523986131536/current/log_inprogress_0
2021-01-11 13:55:40,728 [Listener at 127.0.0.1/13844] INFO  ozone.MiniOzoneClusterImpl (MiniOzoneClusterImpl.java:lambda$waitForClusterToBeReady$0(179)) - Waiting for nodes to be ready. Got 0 of 3 DN Heartbeats.
2021-01-11 13:55:40,729 [Listener at 127.0.0.1/13844] INFO  ozone.MiniOzoneClusterImpl (MiniOzoneClusterImpl.java:lambda$waitForClusterToBeReady$0(182)) - Waiting for cluster to exit safe mode
2021-01-11 13:55:41,360 [EndpointStateMachine task thread for /0.0.0.0:42811 - 0 ] INFO  ozoneimpl.OzoneContainer (OzoneContainer.java:start(255)) - Attempting to start container services.
2021-01-11 13:55:41,360 [EndpointStateMachine task thread for /0.0.0.0:42811 - 0 ] INFO  ozoneimpl.OzoneContainer (OzoneContainer.java:startContainerScrub(219)) - Background container scanner has been disabled.
2021-01-11 13:55:41,363 [EndpointStateMachine task thread for /0.0.0.0:42811 - 0 ] INFO  replication.ReplicationServer (ReplicationServer.java:start(111)) - ReplicationServer is started using port 40147
2021-01-11 13:55:41,363 [EndpointStateMachine task thread for /0.0.0.0:42811 - 0 ] INFO  ratis.XceiverServerRatis (XceiverServerRatis.java:start(455)) - Starting XceiverServerRatis 54c5675f-ba62-45ed-9220-9f8a0729676f at port 0
2021-01-11 13:55:41,364 [EndpointStateMachine task thread for /0.0.0.0:42811 - 0 ] INFO  server.RaftServer (RaftServerProxy.java:lambda$start$5(372)) - 54c5675f-ba62-45ed-9220-9f8a0729676f: start RPC server
2021-01-11 13:55:41,364 [EndpointStateMachine task thread for /0.0.0.0:42811 - 0 ] INFO  server.GrpcService (GrpcService.java:startImpl(176)) - 54c5675f-ba62-45ed-9220-9f8a0729676f: GrpcService started, listening on 0.0.0.0/0.0.0.0:37175
2021-01-11 13:55:41,364 [EndpointStateMachine task thread for /0.0.0.0:42811 - 0 ] INFO  ratis.XceiverServerRatis (XceiverServerRatis.java:start(467)) - XceiverServerRatis 54c5675f-ba62-45ed-9220-9f8a0729676f is started using port 37175
2021-01-11 13:55:41,365 [EndpointStateMachine task thread for /0.0.0.0:42811 - 0 ] INFO  server.XceiverServerGrpc (XceiverServerGrpc.java:start(139)) - XceiverServerGrpc 54c5675f-ba62-45ed-9220-9f8a0729676f is started using port 35235
2021-01-11 13:55:41,365 [org.apache.ratis.util.JvmPauseMonitor$$Lambda$305/41066485@3feb76cd] INFO  util.JvmPauseMonitor (JvmPauseMonitor.java:run(103)) - JvmPauseMonitor-54c5675f-ba62-45ed-9220-9f8a0729676f: Started
2021-01-11 13:55:41,562 [EndpointStateMachine task thread for /0.0.0.0:42811 - 0 ] INFO  ozoneimpl.OzoneContainer (OzoneContainer.java:start(255)) - Attempting to start container services.
2021-01-11 13:55:41,562 [EndpointStateMachine task thread for /0.0.0.0:42811 - 0 ] INFO  ozoneimpl.OzoneContainer (OzoneContainer.java:startContainerScrub(219)) - Background container scanner has been disabled.
2021-01-11 13:55:41,563 [EndpointStateMachine task thread for /0.0.0.0:42811 - 0 ] INFO  replication.ReplicationServer (ReplicationServer.java:start(111)) - ReplicationServer is started using port 35835
2021-01-11 13:55:41,563 [EndpointStateMachine task thread for /0.0.0.0:42811 - 0 ] INFO  ratis.XceiverServerRatis (XceiverServerRatis.java:start(455)) - Starting XceiverServerRatis dd50be5a-5af1-4aec-ba2d-21cfbf161371 at port 0
2021-01-11 13:55:41,564 [EndpointStateMachine task thread for /0.0.0.0:42811 - 0 ] INFO  server.RaftServer (RaftServerProxy.java:lambda$start$5(372)) - dd50be5a-5af1-4aec-ba2d-21cfbf161371: start RPC server
2021-01-11 13:55:41,564 [EndpointStateMachine task thread for /0.0.0.0:42811 - 0 ] INFO  server.GrpcService (GrpcService.java:startImpl(176)) - dd50be5a-5af1-4aec-ba2d-21cfbf161371: GrpcService started, listening on 0.0.0.0/0.0.0.0:37613
2021-01-11 13:55:41,570 [EndpointStateMachine task thread for /0.0.0.0:42811 - 0 ] INFO  ratis.XceiverServerRatis (XceiverServerRatis.java:start(467)) - XceiverServerRatis dd50be5a-5af1-4aec-ba2d-21cfbf161371 is started using port 37613
2021-01-11 13:55:41,570 [EndpointStateMachine task thread for /0.0.0.0:42811 - 0 ] INFO  server.XceiverServerGrpc (XceiverServerGrpc.java:start(139)) - XceiverServerGrpc dd50be5a-5af1-4aec-ba2d-21cfbf161371 is started using port 38769
2021-01-11 13:55:41,570 [org.apache.ratis.util.JvmPauseMonitor$$Lambda$305/41066485@27e3504e] INFO  util.JvmPauseMonitor (JvmPauseMonitor.java:run(103)) - JvmPauseMonitor-dd50be5a-5af1-4aec-ba2d-21cfbf161371: Started
2021-01-11 13:55:41,729 [Listener at 127.0.0.1/13844] INFO  ozone.MiniOzoneClusterImpl (MiniOzoneClusterImpl.java:lambda$waitForClusterToBeReady$0(179)) - Waiting for nodes to be ready. Got 0 of 3 DN Heartbeats.
2021-01-11 13:55:41,729 [Listener at 127.0.0.1/13844] INFO  ozone.MiniOzoneClusterImpl (MiniOzoneClusterImpl.java:lambda$waitForClusterToBeReady$0(182)) - Waiting for cluster to exit safe mode
2021-01-11 13:55:41,736 [EndpointStateMachine task thread for /0.0.0.0:42811 - 0 ] INFO  ozoneimpl.OzoneContainer (OzoneContainer.java:start(255)) - Attempting to start container services.
2021-01-11 13:55:41,737 [EndpointStateMachine task thread for /0.0.0.0:42811 - 0 ] INFO  ozoneimpl.OzoneContainer (OzoneContainer.java:startContainerScrub(219)) - Background container scanner has been disabled.
2021-01-11 13:55:41,737 [EndpointStateMachine task thread for /0.0.0.0:42811 - 0 ] INFO  replication.ReplicationServer (ReplicationServer.java:start(111)) - ReplicationServer is started using port 40855
2021-01-11 13:55:41,737 [EndpointStateMachine task thread for /0.0.0.0:42811 - 0 ] INFO  ratis.XceiverServerRatis (XceiverServerRatis.java:start(455)) - Starting XceiverServerRatis 515d1186-b946-4ae1-b8cc-4f597259d7e8 at port 0
2021-01-11 13:55:41,738 [EndpointStateMachine task thread for /0.0.0.0:42811 - 0 ] INFO  server.RaftServer (RaftServerProxy.java:lambda$start$5(372)) - 515d1186-b946-4ae1-b8cc-4f597259d7e8: start RPC server
2021-01-11 13:55:41,738 [EndpointStateMachine task thread for /0.0.0.0:42811 - 0 ] INFO  server.GrpcService (GrpcService.java:startImpl(176)) - 515d1186-b946-4ae1-b8cc-4f597259d7e8: GrpcService started, listening on 0.0.0.0/0.0.0.0:38339
2021-01-11 13:55:41,738 [EndpointStateMachine task thread for /0.0.0.0:42811 - 0 ] INFO  ratis.XceiverServerRatis (XceiverServerRatis.java:start(467)) - XceiverServerRatis 515d1186-b946-4ae1-b8cc-4f597259d7e8 is started using port 38339
2021-01-11 13:55:41,738 [org.apache.ratis.util.JvmPauseMonitor$$Lambda$305/41066485@437c00d6] INFO  util.JvmPauseMonitor (JvmPauseMonitor.java:run(103)) - JvmPauseMonitor-515d1186-b946-4ae1-b8cc-4f597259d7e8: Started
2021-01-11 13:55:41,741 [EndpointStateMachine task thread for /0.0.0.0:42811 - 0 ] INFO  server.XceiverServerGrpc (XceiverServerGrpc.java:start(139)) - XceiverServerGrpc 515d1186-b946-4ae1-b8cc-4f597259d7e8 is started using port 41841
2021-01-11 13:55:42,729 [Listener at 127.0.0.1/13844] INFO  ozone.MiniOzoneClusterImpl (MiniOzoneClusterImpl.java:lambda$waitForClusterToBeReady$0(179)) - Waiting for nodes to be ready. Got 0 of 3 DN Heartbeats.
2021-01-11 13:55:42,730 [Listener at 127.0.0.1/13844] INFO  ozone.MiniOzoneClusterImpl (MiniOzoneClusterImpl.java:lambda$waitForClusterToBeReady$0(182)) - Waiting for cluster to exit safe mode
2021-01-11 13:55:43,354 [IPC Server handler 1 on default port 42811] INFO  net.NetworkTopologyImpl (NetworkTopologyImpl.java:add(111)) - Added a new node: /default-rack/54c5675f-ba62-45ed-9220-9f8a0729676f
2021-01-11 13:55:43,355 [IPC Server handler 1 on default port 42811] INFO  node.SCMNodeManager (SCMNodeManager.java:register(341)) - Registered Data node : 54c5675f-ba62-45ed-9220-9f8a0729676f{ip: 172.17.0.2, host: f5cef6452a00, networkLocation: /default-rack, certSerialId: null, persistedOpState: IN_SERVICE, persistedOpStateExpiryEpochSec: 0}
2021-01-11 13:55:43,355 [RatisPipelineUtilsThread] INFO  pipeline.RatisPipelineProvider (RatisPipelineProvider.java:lambda$create$0(161)) - Sending CreatePipelineCommand for pipeline:PipelineID=b00ba1ee-2a13-4faf-abad-4958b964f04c to datanode:54c5675f-ba62-45ed-9220-9f8a0729676f
2021-01-11 13:55:43,356 [EventQueue-NodeRegistrationContainerReportForContainerSafeModeRule] INFO  safemode.SCMSafeModeManager (SCMSafeModeManager.java:validateSafeModeExitRules(214)) - ContainerSafeModeRule rule is successfully validated
2021-01-11 13:55:43,356 [RatisPipelineUtilsThread] INFO  pipeline.PipelineStateManager (PipelineStateManager.java:addPipeline(54)) - Created pipeline Pipeline[ Id: b00ba1ee-2a13-4faf-abad-4958b964f04c, Nodes: 54c5675f-ba62-45ed-9220-9f8a0729676f{ip: 172.17.0.2, host: f5cef6452a00, networkLocation: /default-rack, certSerialId: null, persistedOpState: IN_SERVICE, persistedOpStateExpiryEpochSec: 0}, Type:RATIS, Factor:ONE, State:ALLOCATED, leaderId:, CreationTimestamp2021-01-11T13:55:43.355Z]
2021-01-11 13:55:43,356 [EventQueue-NodeRegistrationContainerReportForDataNodeSafeModeRule] INFO  safemode.SCMSafeModeManager (DataNodeSafeModeRule.java:process(71)) - SCM in safe mode. 1 DataNodes registered, 1 required.
2021-01-11 13:55:43,359 [EventQueue-NodeRegistrationContainerReportForDataNodeSafeModeRule] INFO  safemode.SCMSafeModeManager (SCMSafeModeManager.java:validateSafeModeExitRules(214)) - DataNodeSafeModeRule rule is successfully validated
2021-01-11 13:55:43,360 [EventQueue-NodeRegistrationContainerReportForDataNodeSafeModeRule] INFO  safemode.SCMSafeModeManager (SCMSafeModeManager.java:completePreCheck(242)) - All SCM safe mode pre check rules have passed
2021-01-11 13:55:43,360 [RatisPipelineUtilsThread] WARN  pipeline.PipelinePlacementPolicy (PipelinePlacementPolicy.java:filterViableNodes(142)) - Pipeline creation failed due to no sufficient healthy datanodes. Required 3. Found 1.
2021-01-11 13:55:43,360 [EventQueue-PipelineReportForOneReplicaPipelineSafeModeRule] INFO  safemode.SCMSafeModeManager (SCMSafeModeManager.java:validateSafeModeExitRules(214)) - AtleastOneDatanodeReportedRule rule is successfully validated
2021-01-11 13:55:43,553 [IPC Server handler 2 on default port 42811] INFO  net.NetworkTopologyImpl (NetworkTopologyImpl.java:add(111)) - Added a new node: /default-rack/dd50be5a-5af1-4aec-ba2d-21cfbf161371
2021-01-11 13:55:43,553 [IPC Server handler 2 on default port 42811] INFO  node.SCMNodeManager (SCMNodeManager.java:register(341)) - Registered Data node : dd50be5a-5af1-4aec-ba2d-21cfbf161371{ip: 172.17.0.2, host: f5cef6452a00, networkLocation: /default-rack, certSerialId: null, persistedOpState: IN_SERVICE, persistedOpStateExpiryEpochSec: 0}
2021-01-11 13:55:43,553 [EventQueue-NodeRegistrationContainerReportForContainerSafeModeRule] INFO  safemode.SCMSafeModeManager (SCMSafeModeManager.java:validateSafeModeExitRules(214)) - ContainerSafeModeRule rule is successfully validated
2021-01-11 13:55:43,554 [EventQueue-NodeRegistrationContainerReportForDataNodeSafeModeRule] INFO  safemode.SCMSafeModeManager (SCMSafeModeManager.java:validateSafeModeExitRules(214)) - DataNodeSafeModeRule rule is successfully validated
2021-01-11 13:55:43,554 [EventQueue-PipelineReportForOneReplicaPipelineSafeModeRule] INFO  safemode.SCMSafeModeManager (SCMSafeModeManager.java:validateSafeModeExitRules(214)) - AtleastOneDatanodeReportedRule rule is successfully validated
2021-01-11 13:55:43,554 [RatisPipelineUtilsThread] INFO  pipeline.RatisPipelineProvider (RatisPipelineProvider.java:lambda$create$0(161)) - Sending CreatePipelineCommand for pipeline:PipelineID=e57ef660-f39a-4109-9da4-d389669cdfeb to datanode:dd50be5a-5af1-4aec-ba2d-21cfbf161371
2021-01-11 13:55:43,554 [RatisPipelineUtilsThread] INFO  pipeline.PipelineStateManager (PipelineStateManager.java:addPipeline(54)) - Created pipeline Pipeline[ Id: e57ef660-f39a-4109-9da4-d389669cdfeb, Nodes: dd50be5a-5af1-4aec-ba2d-21cfbf161371{ip: 172.17.0.2, host: f5cef6452a00, networkLocation: /default-rack, certSerialId: null, persistedOpState: IN_SERVICE, persistedOpStateExpiryEpochSec: 0}, Type:RATIS, Factor:ONE, State:ALLOCATED, leaderId:, CreationTimestamp2021-01-11T13:55:43.554Z]
2021-01-11 13:55:43,555 [RatisPipelineUtilsThread] WARN  pipeline.PipelinePlacementPolicy (PipelinePlacementPolicy.java:filterViableNodes(142)) - Pipeline creation failed due to no sufficient healthy datanodes. Required 3. Found 2.
2021-01-11 13:55:43,730 [Listener at 127.0.0.1/13844] INFO  ozone.MiniOzoneClusterImpl (MiniOzoneClusterImpl.java:lambda$waitForClusterToBeReady$0(179)) - Waiting for nodes to be ready. Got 2 of 3 DN Heartbeats.
2021-01-11 13:55:43,730 [Listener at 127.0.0.1/13844] INFO  ozone.MiniOzoneClusterImpl (MiniOzoneClusterImpl.java:lambda$waitForClusterToBeReady$0(182)) - Waiting for cluster to exit safe mode
2021-01-11 13:55:43,736 [IPC Server handler 1 on default port 42811] INFO  net.NetworkTopologyImpl (NetworkTopologyImpl.java:add(111)) - Added a new node: /default-rack/515d1186-b946-4ae1-b8cc-4f597259d7e8
2021-01-11 13:55:43,736 [IPC Server handler 1 on default port 42811] INFO  node.SCMNodeManager (SCMNodeManager.java:register(341)) - Registered Data node : 515d1186-b946-4ae1-b8cc-4f597259d7e8{ip: 172.17.0.2, host: f5cef6452a00, networkLocation: /default-rack, certSerialId: null, persistedOpState: IN_SERVICE, persistedOpStateExpiryEpochSec: 0}
2021-01-11 13:55:43,736 [RatisPipelineUtilsThread] INFO  pipeline.RatisPipelineProvider (RatisPipelineProvider.java:lambda$create$0(161)) - Sending CreatePipelineCommand for pipeline:PipelineID=3bcb2728-adbb-42b9-9d09-8340c0919b77 to datanode:515d1186-b946-4ae1-b8cc-4f597259d7e8
2021-01-11 13:55:43,736 [EventQueue-PipelineReportForOneReplicaPipelineSafeModeRule] INFO  safemode.SCMSafeModeManager (SCMSafeModeManager.java:validateSafeModeExitRules(214)) - AtleastOneDatanodeReportedRule rule is successfully validated
2021-01-11 13:55:43,737 [EventQueue-NodeRegistrationContainerReportForContainerSafeModeRule] INFO  safemode.SCMSafeModeManager (SCMSafeModeManager.java:validateSafeModeExitRules(214)) - ContainerSafeModeRule rule is successfully validated
2021-01-11 13:55:43,737 [RatisPipelineUtilsThread] INFO  pipeline.PipelineStateManager (PipelineStateManager.java:addPipeline(54)) - Created pipeline Pipeline[ Id: 3bcb2728-adbb-42b9-9d09-8340c0919b77, Nodes: 515d1186-b946-4ae1-b8cc-4f597259d7e8{ip: 172.17.0.2, host: f5cef6452a00, networkLocation: /default-rack, certSerialId: null, persistedOpState: IN_SERVICE, persistedOpStateExpiryEpochSec: 0}, Type:RATIS, Factor:ONE, State:ALLOCATED, leaderId:, CreationTimestamp2021-01-11T13:55:43.736Z]
2021-01-11 13:55:43,737 [EventQueue-NodeRegistrationContainerReportForDataNodeSafeModeRule] INFO  safemode.SCMSafeModeManager (SCMSafeModeManager.java:validateSafeModeExitRules(214)) - DataNodeSafeModeRule rule is successfully validated
2021-01-11 13:55:43,737 [RatisPipelineUtilsThread] INFO  pipeline.RatisPipelineProvider (RatisPipelineProvider.java:lambda$create$0(161)) - Sending CreatePipelineCommand for pipeline:PipelineID=0a72c7b7-1fb4-4068-8e61-9865ff3c7469 to datanode:dd50be5a-5af1-4aec-ba2d-21cfbf161371
2021-01-11 13:55:43,737 [RatisPipelineUtilsThread] INFO  pipeline.RatisPipelineProvider (RatisPipelineProvider.java:lambda$create$0(161)) - Sending CreatePipelineCommand for pipeline:PipelineID=0a72c7b7-1fb4-4068-8e61-9865ff3c7469 to datanode:515d1186-b946-4ae1-b8cc-4f597259d7e8
2021-01-11 13:55:43,737 [RatisPipelineUtilsThread] INFO  pipeline.RatisPipelineProvider (RatisPipelineProvider.java:lambda$create$0(161)) - Sending CreatePipelineCommand for pipeline:PipelineID=0a72c7b7-1fb4-4068-8e61-9865ff3c7469 to datanode:54c5675f-ba62-45ed-9220-9f8a0729676f
2021-01-11 13:55:43,737 [RatisPipelineUtilsThread] INFO  pipeline.PipelineStateManager (PipelineStateManager.java:addPipeline(54)) - Created pipeline Pipeline[ Id: 0a72c7b7-1fb4-4068-8e61-9865ff3c7469, Nodes: dd50be5a-5af1-4aec-ba2d-21cfbf161371{ip: 172.17.0.2, host: f5cef6452a00, networkLocation: /default-rack, certSerialId: null, persistedOpState: IN_SERVICE, persistedOpStateExpiryEpochSec: 0}515d1186-b946-4ae1-b8cc-4f597259d7e8{ip: 172.17.0.2, host: f5cef6452a00, networkLocation: /default-rack, certSerialId: null, persistedOpState: IN_SERVICE, persistedOpStateExpiryEpochSec: 0}54c5675f-ba62-45ed-9220-9f8a0729676f{ip: 172.17.0.2, host: f5cef6452a00, networkLocation: /default-rack, certSerialId: null, persistedOpState: IN_SERVICE, persistedOpStateExpiryEpochSec: 0}, Type:RATIS, Factor:THREE, State:ALLOCATED, leaderId:, CreationTimestamp2021-01-11T13:55:43.737Z]
2021-01-11 13:55:43,738 [RatisPipelineUtilsThread] INFO  pipeline.RatisPipelineProvider (RatisPipelineProvider.java:lambda$create$0(161)) - Sending CreatePipelineCommand for pipeline:PipelineID=e6a7b656-1719-4d75-8bba-2cc5247b8f08 to datanode:dd50be5a-5af1-4aec-ba2d-21cfbf161371
2021-01-11 13:55:43,738 [RatisPipelineUtilsThread] INFO  pipeline.RatisPipelineProvider (RatisPipelineProvider.java:lambda$create$0(161)) - Sending CreatePipelineCommand for pipeline:PipelineID=e6a7b656-1719-4d75-8bba-2cc5247b8f08 to datanode:515d1186-b946-4ae1-b8cc-4f597259d7e8
2021-01-11 13:55:43,738 [RatisPipelineUtilsThread] INFO  pipeline.RatisPipelineProvider (RatisPipelineProvider.java:lambda$create$0(161)) - Sending CreatePipelineCommand for pipeline:PipelineID=e6a7b656-1719-4d75-8bba-2cc5247b8f08 to datanode:54c5675f-ba62-45ed-9220-9f8a0729676f
2021-01-11 13:55:43,738 [RatisPipelineUtilsThread] INFO  pipeline.PipelineStateManager (PipelineStateManager.java:addPipeline(54)) - Created pipeline Pipeline[ Id: e6a7b656-1719-4d75-8bba-2cc5247b8f08, Nodes: dd50be5a-5af1-4aec-ba2d-21cfbf161371{ip: 172.17.0.2, host: f5cef6452a00, networkLocation: /default-rack, certSerialId: null, persistedOpState: IN_SERVICE, persistedOpStateExpiryEpochSec: 0}515d1186-b946-4ae1-b8cc-4f597259d7e8{ip: 172.17.0.2, host: f5cef6452a00, networkLocation: /default-rack, certSerialId: null, persistedOpState: IN_SERVICE, persistedOpStateExpiryEpochSec: 0}54c5675f-ba62-45ed-9220-9f8a0729676f{ip: 172.17.0.2, host: f5cef6452a00, networkLocation: /default-rack, certSerialId: null, persistedOpState: IN_SERVICE, persistedOpStateExpiryEpochSec: 0}, Type:RATIS, Factor:THREE, State:ALLOCATED, leaderId:, CreationTimestamp2021-01-11T13:55:43.738Z]
2021-01-11 13:55:43,738 [RatisPipelineUtilsThread] INFO  pipeline.SCMPipelineManager (SCMPipelineManager.java:recordMetricsForPipeline(243)) - Pipeline: PipelineID=e6a7b656-1719-4d75-8bba-2cc5247b8f08 contains same datanodes as previous pipelines: PipelineID=0a72c7b7-1fb4-4068-8e61-9865ff3c7469 nodeIds: dd50be5a-5af1-4aec-ba2d-21cfbf161371, 515d1186-b946-4ae1-b8cc-4f597259d7e8, 54c5675f-ba62-45ed-9220-9f8a0729676f
2021-01-11 13:55:44,730 [Listener at 127.0.0.1/13844] INFO  ozone.MiniOzoneClusterImpl (MiniOzoneClusterImpl.java:lambda$waitForClusterToBeReady$0(179)) - Nodes are ready. Got 3 of 3 DN Heartbeats.
2021-01-11 13:55:44,730 [Listener at 127.0.0.1/13844] INFO  ozone.MiniOzoneClusterImpl (MiniOzoneClusterImpl.java:lambda$waitForClusterToBeReady$0(182)) - Waiting for cluster to exit safe mode
2021-01-11 13:55:45,730 [Listener at 127.0.0.1/13844] INFO  ozone.MiniOzoneClusterImpl (MiniOzoneClusterImpl.java:lambda$waitForClusterToBeReady$0(179)) - Nodes are ready. Got 3 of 3 DN Heartbeats.
2021-01-11 13:55:45,731 [Listener at 127.0.0.1/13844] INFO  ozone.MiniOzoneClusterImpl (MiniOzoneClusterImpl.java:lambda$waitForClusterToBeReady$0(182)) - Waiting for cluster to exit safe mode
2021-01-11 13:55:46,354 [Command processor thread] INFO  server.RaftServer (RaftServerProxy.java:addNew(95)) - 54c5675f-ba62-45ed-9220-9f8a0729676f: addNew group-4958B964F04C:[54c5675f-ba62-45ed-9220-9f8a0729676f|rpc:172.17.0.2:37175|priority:1] returns group-4958B964F04C:java.util.concurrent.CompletableFuture@208c1c20[Not completed]
2021-01-11 13:55:46,355 [pool-1222-thread-1] INFO  server.RaftServer$Division (RaftServerImpl.java:<init>(179)) - 54c5675f-ba62-45ed-9220-9f8a0729676f: new RaftServerImpl for group-4958B964F04C:[54c5675f-ba62-45ed-9220-9f8a0729676f|rpc:172.17.0.2:37175|priority:1] with ContainerStateMachine:uninitialized
2021-01-11 13:55:46,356 [pool-1222-thread-1] INFO  server.RaftServerConfigKeys (ConfUtils.java:logGet(44)) - raft.server.rpc.timeout.min = 5s (custom)
2021-01-11 13:55:46,356 [pool-1222-thread-1] INFO  server.RaftServerConfigKeys (ConfUtils.java:logGet(44)) - raft.server.rpc.timeout.max = 5200ms (custom)
2021-01-11 13:55:46,357 [pool-1222-thread-1] INFO  server.RaftServerConfigKeys (ConfUtils.java:logGet(44)) - raft.server.rpc.sleep.time = 25ms (default)
2021-01-11 13:55:46,357 [pool-1222-thread-1] INFO  server.RaftServerConfigKeys (ConfUtils.java:logGet(44)) - raft.server.rpc.slowness.timeout = 300s (custom)
2021-01-11 13:55:46,357 [pool-1222-thread-1] INFO  server.RaftServerConfigKeys (ConfUtils.java:logGet(44)) - raft.server.leaderelection.leader.step-down.wait-time = 10s (default)
2021-01-11 13:55:46,357 [pool-1222-thread-1] INFO  server.RaftServerConfigKeys (ConfUtils.java:logGet(44)) - raft.server.sleep.deviation.threshold = 300ms (default)
2021-01-11 13:55:46,357 [pool-1222-thread-1] INFO  server.RaftServerConfigKeys (ConfUtils.java:logGet(44)) - raft.server.log.appender.install.snapshot.enabled = false (custom)
2021-01-11 13:55:46,357 [pool-1222-thread-1] INFO  server.RaftServer$Division (ServerState.java:<init>(103)) - 54c5675f-ba62-45ed-9220-9f8a0729676f@group-4958B964F04C: ConfigurationManager, init=-1: [54c5675f-ba62-45ed-9220-9f8a0729676f|rpc:172.17.0.2:37175|priority:1], old=null, confs=<EMPTY_MAP>
2021-01-11 13:55:46,357 [pool-1222-thread-1] INFO  server.RaftServerConfigKeys (ConfUtils.java:logGet(44)) - raft.server.storage.dir = [/github/workspace/mnt/ozone/hadoop-ozone/integration-test/target/test-dir/MiniOzoneClusterImpl-250075fd-7b22-4ad4-b8fe-1c364b7bd722/datanode-0/data/ratis] (custom)
2021-01-11 13:55:46,357 [pool-1222-thread-1] INFO  server.RaftServerConfigKeys (ConfUtils.java:logGet(44)) - raft.server.log.corruption.policy = EXCEPTION (default)
2021-01-11 13:55:46,357 [pool-1222-thread-1] INFO  storage.RaftStorageDirectory (RaftStorageDirectoryImpl.java:analyzeStorage(132)) - The storage directory /github/workspace/mnt/ozone/hadoop-ozone/integration-test/target/test-dir/MiniOzoneClusterImpl-250075fd-7b22-4ad4-b8fe-1c364b7bd722/datanode-0/data/ratis/b00ba1ee-2a13-4faf-abad-4958b964f04c does not exist. Creating ...
2021-01-11 13:55:46,359 [pool-1222-thread-1] INFO  storage.RaftStorageDirectory (RaftStorageDirectoryImpl.java:tryLock(215)) - Lock on /github/workspace/mnt/ozone/hadoop-ozone/integration-test/target/test-dir/MiniOzoneClusterImpl-250075fd-7b22-4ad4-b8fe-1c364b7bd722/datanode-0/data/ratis/b00ba1ee-2a13-4faf-abad-4958b964f04c/in_use.lock acquired by nodename 17557@f5cef6452a00
2021-01-11 13:55:46,360 [pool-1222-thread-1] INFO  storage.RaftStorage (RaftStorageImpl.java:format(87)) - Storage directory /github/workspace/mnt/ozone/hadoop-ozone/integration-test/target/test-dir/MiniOzoneClusterImpl-250075fd-7b22-4ad4-b8fe-1c364b7bd722/datanode-0/data/ratis/b00ba1ee-2a13-4faf-abad-4958b964f04c has been successfully formatted.
2021-01-11 13:55:46,360 [pool-1222-thread-1] INFO  ratis.ContainerStateMachine (ContainerStateMachine.java:loadSnapshot(223)) - group-4958B964F04C: The snapshot info is null. Setting the last applied indexto:(t:0, i:~)
2021-01-11 13:55:46,360 [pool-1222-thread-1] ERROR storage.RaftStorage (RaftStorageImpl.java:readRaftConfiguration(147)) - Failed reading configuration from file:/github/workspace/mnt/ozone/hadoop-ozone/integration-test/target/test-dir/MiniOzoneClusterImpl-250075fd-7b22-4ad4-b8fe-1c364b7bd722/datanode-0/data/ratis/b00ba1ee-2a13-4faf-abad-4958b964f04c/current/raft-meta.conf
java.io.FileNotFoundException: /github/workspace/mnt/ozone/hadoop-ozone/integration-test/target/test-dir/MiniOzoneClusterImpl-250075fd-7b22-4ad4-b8fe-1c364b7bd722/datanode-0/data/ratis/b00ba1ee-2a13-4faf-abad-4958b964f04c/current/raft-meta.conf (No such file or directory)
	at java.io.FileInputStream.open0(Native Method)
	at java.io.FileInputStream.open(FileInputStream.java:195)
	at java.io.FileInputStream.<init>(FileInputStream.java:138)
	at org.apache.ratis.server.storage.RaftStorageImpl.readRaftConfiguration(RaftStorageImpl.java:143)
	at org.apache.ratis.server.impl.ServerState.<init>(ServerState.java:113)
	at org.apache.ratis.server.impl.RaftServerImpl.<init>(RaftServerImpl.java:192)
	at org.apache.ratis.server.impl.RaftServerProxy.lambda$newRaftServerImpl$4(RaftServerProxy.java:266)
	at java.util.concurrent.CompletableFuture$AsyncSupply.run(CompletableFuture.java:1604)
	at java.util.concurrent.ThreadPoolExecutor.runWorker(ThreadPoolExecutor.java:1149)
	at java.util.concurrent.ThreadPoolExecutor$Worker.run(ThreadPoolExecutor.java:624)
	at java.lang.Thread.run(Thread.java:748)
2021-01-11 13:55:46,361 [pool-1222-thread-1] INFO  server.RaftServerConfigKeys (ConfUtils.java:logGet(44)) - raft.server.notification.no-leader.timeout = 300s (custom)
2021-01-11 13:55:46,361 [EventQueue-PipelineReportForOneReplicaPipelineSafeModeRule] INFO  safemode.SCMSafeModeManager (SCMSafeModeManager.java:validateSafeModeExitRules(214)) - AtleastOneDatanodeReportedRule rule is successfully validated
2021-01-11 13:55:46,361 [pool-1222-thread-1] INFO  server.RaftServerConfigKeys (ConfUtils.java:logGet(44)) - raft.server.log.use.memory = false (default)
2021-01-11 13:55:46,362 [pool-1222-thread-1] INFO  server.RaftServerConfigKeys (ConfUtils.java:logGet(44)) - raft.server.log.purge.gap = 1000000 (custom)
2021-01-11 13:55:46,362 [pool-1222-thread-1] INFO  server.RaftServerConfigKeys (ConfUtils.java:logGet(44)) - raft.server.log.appender.buffer.byte-limit = 33554432 (custom)
2021-01-11 13:55:46,362 [pool-1222-thread-1] INFO  metrics.RatisMetrics (RatisMetrics.java:lambda$create$0(36)) - Creating Metrics Registry : ratis.log_worker.54c5675f-ba62-45ed-9220-9f8a0729676f@group-4958B964F04C
2021-01-11 13:55:46,362 [EventQueue-PipelineReportForPipelineReportHandler] INFO  pipeline.PipelineStateManager (PipelineStateManager.java:openPipeline(132)) - Pipeline Pipeline[ Id: b00ba1ee-2a13-4faf-abad-4958b964f04c, Nodes: 54c5675f-ba62-45ed-9220-9f8a0729676f{ip: 172.17.0.2, host: f5cef6452a00, networkLocation: /default-rack, certSerialId: null, persistedOpState: IN_SERVICE, persistedOpStateExpiryEpochSec: 0}, Type:RATIS, Factor:ONE, State:ALLOCATED, leaderId:54c5675f-ba62-45ed-9220-9f8a0729676f, CreationTimestamp2021-01-11T13:55:43.355Z] moved to OPEN state
2021-01-11 13:55:46,362 [pool-1222-thread-1] INFO  server.RaftServerConfigKeys (ConfUtils.java:logGet(44)) - raft.server.log.segment.size.max = 1048576 (custom)
2021-01-11 13:55:46,366 [pool-1222-thread-1] INFO  server.RaftServerConfigKeys (ConfUtils.java:logGet(44)) - raft.server.log.segment.cache.num.max = 2 (custom)
2021-01-11 13:55:46,366 [pool-1222-thread-1] INFO  server.RaftServerConfigKeys (ConfUtils.java:logGet(44)) - raft.server.log.segment.cache.size.max = 200MB (=209715200) (default)
2021-01-11 13:55:46,366 [EventQueue-OpenPipelineForHealthyPipelineSafeModeRule] INFO  safemode.SCMSafeModeManager (HealthyPipelineSafeModeRule.java:process(128)) - SCM in safe mode. Healthy pipelines reported count is 0, required healthy pipeline reported count is 1
2021-01-11 13:55:46,366 [pool-1222-thread-1] INFO  segmented.SegmentedRaftLogWorker (SegmentedRaftLogWorker.java:<init>(181)) - new 54c5675f-ba62-45ed-9220-9f8a0729676f@group-4958B964F04C-SegmentedRaftLogWorker for RaftStorageImpl:Storage Directory /github/workspace/mnt/ozone/hadoop-ozone/integration-test/target/test-dir/MiniOzoneClusterImpl-250075fd-7b22-4ad4-b8fe-1c364b7bd722/datanode-0/data/ratis/b00ba1ee-2a13-4faf-abad-4958b964f04c
2021-01-11 13:55:46,366 [pool-1222-thread-1] INFO  server.RaftServerConfigKeys (ConfUtils.java:logGet(44)) - raft.server.log.queue.byte-limit = 2147483647 (custom)
2021-01-11 13:55:46,366 [pool-1222-thread-1] INFO  server.RaftServerConfigKeys (ConfUtils.java:logGet(44)) - raft.server.log.queue.element-limit = 1024 (custom)
2021-01-11 13:55:46,366 [pool-1222-thread-1] INFO  server.RaftServerConfigKeys (ConfUtils.java:logGet(44)) - raft.server.log.segment.size.max = 1048576 (custom)
2021-01-11 13:55:46,366 [pool-1222-thread-1] INFO  server.RaftServerConfigKeys (ConfUtils.java:logGet(44)) - raft.server.log.preallocated.size = 16384 (custom)
2021-01-11 13:55:46,366 [pool-1222-thread-1] INFO  server.RaftServerConfigKeys (ConfUtils.java:logGet(44)) - raft.server.log.force.sync.num = 128 (default)
2021-01-11 13:55:46,367 [pool-1222-thread-1] INFO  server.RaftServerConfigKeys (ConfUtils.java:logGet(44)) - raft.server.log.statemachine.data.sync = true (default)
2021-01-11 13:55:46,367 [pool-1222-thread-1] INFO  server.RaftServerConfigKeys (ConfUtils.java:logGet(44)) - raft.server.log.statemachine.data.sync.timeout = 10s (default)
2021-01-11 13:55:46,367 [pool-1222-thread-1] INFO  server.RaftServerConfigKeys (ConfUtils.java:logGet(44)) - raft.server.log.statemachine.data.sync.timeout.retry = -1 (default)
2021-01-11 13:55:46,370 [pool-1222-thread-1] INFO  server.RaftServerConfigKeys (ConfUtils.java:logGet(44)) - raft.server.log.write.buffer.size = 1048576 (custom)
2021-01-11 13:55:46,370 [pool-1222-thread-1] INFO  server.RaftServerConfigKeys (ConfUtils.java:logGet(44)) - raft.server.log.statemachine.data.caching.enabled = true (custom)
2021-01-11 13:55:46,370 [pool-1222-thread-1] INFO  segmented.SegmentedRaftLogWorker (SegmentedRaftLogWorker.java:lambda$new$0(132)) - 54c5675f-ba62-45ed-9220-9f8a0729676f@group-4958B964F04C-SegmentedRaftLogWorker: flushIndex: setUnconditionally 0 -> -1
2021-01-11 13:55:46,370 [pool-1222-thread-1] INFO  segmented.SegmentedRaftLogWorker (SegmentedRaftLogWorker.java:lambda$new$0(132)) - 54c5675f-ba62-45ed-9220-9f8a0729676f@group-4958B964F04C-SegmentedRaftLogWorker: safeCacheEvictIndex: setUnconditionally 0 -> -1
2021-01-11 13:55:46,370 [pool-1222-thread-1] INFO  server.RaftServerConfigKeys (ConfUtils.java:logGet(44)) - raft.server.snapshot.auto.trigger.enabled = true (custom)
2021-01-11 13:55:46,370 [pool-1222-thread-1] INFO  server.RaftServerConfigKeys (ConfUtils.java:logGet(44)) - raft.server.snapshot.auto.trigger.threshold = 10000 (custom)
2021-01-11 13:55:46,370 [pool-1222-thread-1] INFO  server.RaftServerConfigKeys (ConfUtils.java:logGet(44)) - raft.server.snapshot.retention.file.num = 5 (custom)
2021-01-11 13:55:46,370 [pool-1222-thread-1] INFO  server.RaftServerConfigKeys (ConfUtils.java:logGet(44)) - raft.server.log.purge.upto.snapshot.index = false (default)
2021-01-11 13:55:46,371 [pool-1222-thread-1] INFO  server.RaftServerConfigKeys (ConfUtils.java:logGet(44)) - raft.server.retrycache.expirytime = 600000ms (custom)
2021-01-11 13:55:46,371 [pool-1222-thread-1] INFO  server.RaftServerConfigKeys (ConfUtils.java:logGet(44)) - raft.server.retrycache.statistics.expirytime = 100?s (default)
2021-01-11 13:55:46,371 [pool-1222-thread-1] INFO  metrics.RatisMetrics (RatisMetrics.java:lambda$create$0(36)) - Creating Metrics Registry : ratis.leader_election.54c5675f-ba62-45ed-9220-9f8a0729676f@group-4958B964F04C
2021-01-11 13:55:46,372 [pool-1222-thread-1] INFO  metrics.RatisMetrics (RatisMetrics.java:lambda$create$0(36)) - Creating Metrics Registry : ratis.server.54c5675f-ba62-45ed-9220-9f8a0729676f@group-4958B964F04C
2021-01-11 13:55:46,375 [pool-1222-thread-1] INFO  server.RaftServer$Division (RaftServerImpl.java:start(294)) - 54c5675f-ba62-45ed-9220-9f8a0729676f@group-4958B964F04C: start as a follower, conf=-1: [54c5675f-ba62-45ed-9220-9f8a0729676f|rpc:172.17.0.2:37175|priority:1], old=null
2021-01-11 13:55:46,375 [pool-1222-thread-1] INFO  server.RaftServer$Division (RaftServerImpl.java:setRole(283)) - 54c5675f-ba62-45ed-9220-9f8a0729676f@group-4958B964F04C: changes role from      null to FOLLOWER at term 0 for startAsFollower
2021-01-11 13:55:46,375 [pool-1222-thread-1] INFO  impl.RoleInfo (RoleInfo.java:updateAndGet(130)) - 54c5675f-ba62-45ed-9220-9f8a0729676f: start 54c5675f-ba62-45ed-9220-9f8a0729676f@group-4958B964F04C-FollowerState
2021-01-11 13:55:46,375 [pool-1222-thread-1] INFO  util.JmxRegister (JmxRegister.java:tryRegister(44)) - Successfully registered JMX Bean with object name Ratis:service=RaftServer,group=group-4958B964F04C,id=54c5675f-ba62-45ed-9220-9f8a0729676f
2021-01-11 13:55:46,375 [pool-1222-thread-1] INFO  metrics.RatisMetrics (RatisMetrics.java:lambda$create$0(36)) - Creating Metrics Registry : ratis.state_machine.54c5675f-ba62-45ed-9220-9f8a0729676f@group-4958B964F04C
2021-01-11 13:55:46,376 [Command processor thread] INFO  commandhandler.CreatePipelineCommandHandler (CreatePipelineCommandHandler.java:handle(106)) - Created Pipeline RATIS ONE PipelineID=b00ba1ee-2a13-4faf-abad-4958b964f04c.
2021-01-11 13:55:46,376 [Command processor thread] INFO  server.RaftServer (RaftServerProxy.java:addNew(95)) - 54c5675f-ba62-45ed-9220-9f8a0729676f: addNew group-9865FF3C7469:[515d1186-b946-4ae1-b8cc-4f597259d7e8|rpc:172.17.0.2:38339|priority:0, 54c5675f-ba62-45ed-9220-9f8a0729676f|rpc:172.17.0.2:37175|priority:0, dd50be5a-5af1-4aec-ba2d-21cfbf161371|rpc:172.17.0.2:37613|priority:1] returns group-9865FF3C7469:java.util.concurrent.CompletableFuture@24b38ce9[Not completed]
2021-01-11 13:55:46,377 [pool-1222-thread-1] INFO  server.RaftServer$Division (RaftServerImpl.java:<init>(179)) - 54c5675f-ba62-45ed-9220-9f8a0729676f: new RaftServerImpl for group-9865FF3C7469:[515d1186-b946-4ae1-b8cc-4f597259d7e8|rpc:172.17.0.2:38339|priority:0, 54c5675f-ba62-45ed-9220-9f8a0729676f|rpc:172.17.0.2:37175|priority:0, dd50be5a-5af1-4aec-ba2d-21cfbf161371|rpc:172.17.0.2:37613|priority:1] with ContainerStateMachine:uninitialized
2021-01-11 13:55:46,377 [pool-1222-thread-1] INFO  server.RaftServerConfigKeys (ConfUtils.java:logGet(44)) - raft.server.rpc.timeout.min = 5s (custom)
2021-01-11 13:55:46,377 [pool-1222-thread-1] INFO  server.RaftServerConfigKeys (ConfUtils.java:logGet(44)) - raft.server.rpc.timeout.max = 5200ms (custom)
2021-01-11 13:55:46,377 [pool-1222-thread-1] INFO  server.RaftServerConfigKeys (ConfUtils.java:logGet(44)) - raft.server.rpc.sleep.time = 25ms (default)
2021-01-11 13:55:46,377 [pool-1222-thread-1] INFO  server.RaftServerConfigKeys (ConfUtils.java:logGet(44)) - raft.server.rpc.slowness.timeout = 300s (custom)
2021-01-11 13:55:46,377 [pool-1222-thread-1] INFO  server.RaftServerConfigKeys (ConfUtils.java:logGet(44)) - raft.server.leaderelection.leader.step-down.wait-time = 10s (default)
2021-01-11 13:55:46,377 [pool-1222-thread-1] INFO  server.RaftServerConfigKeys (ConfUtils.java:logGet(44)) - raft.server.sleep.deviation.threshold = 300ms (default)
2021-01-11 13:55:46,377 [pool-1222-thread-1] INFO  server.RaftServerConfigKeys (ConfUtils.java:logGet(44)) - raft.server.log.appender.install.snapshot.enabled = false (custom)
2021-01-11 13:55:46,377 [pool-1222-thread-1] INFO  server.RaftServer$Division (ServerState.java:<init>(103)) - 54c5675f-ba62-45ed-9220-9f8a0729676f@group-9865FF3C7469: ConfigurationManager, init=-1: [515d1186-b946-4ae1-b8cc-4f597259d7e8|rpc:172.17.0.2:38339|priority:0, 54c5675f-ba62-45ed-9220-9f8a0729676f|rpc:172.17.0.2:37175|priority:0, dd50be5a-5af1-4aec-ba2d-21cfbf161371|rpc:172.17.0.2:37613|priority:1], old=null, confs=<EMPTY_MAP>
2021-01-11 13:55:46,377 [pool-1222-thread-1] INFO  server.RaftServerConfigKeys (ConfUtils.java:logGet(44)) - raft.server.storage.dir = [/github/workspace/mnt/ozone/hadoop-ozone/integration-test/target/test-dir/MiniOzoneClusterImpl-250075fd-7b22-4ad4-b8fe-1c364b7bd722/datanode-0/data/ratis] (custom)
2021-01-11 13:55:46,377 [pool-1222-thread-1] INFO  server.RaftServerConfigKeys (ConfUtils.java:logGet(44)) - raft.server.log.corruption.policy = EXCEPTION (default)
2021-01-11 13:55:46,378 [pool-1222-thread-1] INFO  storage.RaftStorageDirectory (RaftStorageDirectoryImpl.java:analyzeStorage(132)) - The storage directory /github/workspace/mnt/ozone/hadoop-ozone/integration-test/target/test-dir/MiniOzoneClusterImpl-250075fd-7b22-4ad4-b8fe-1c364b7bd722/datanode-0/data/ratis/0a72c7b7-1fb4-4068-8e61-9865ff3c7469 does not exist. Creating ...
2021-01-11 13:55:46,379 [pool-1222-thread-1] INFO  storage.RaftStorageDirectory (RaftStorageDirectoryImpl.java:tryLock(215)) - Lock on /github/workspace/mnt/ozone/hadoop-ozone/integration-test/target/test-dir/MiniOzoneClusterImpl-250075fd-7b22-4ad4-b8fe-1c364b7bd722/datanode-0/data/ratis/0a72c7b7-1fb4-4068-8e61-9865ff3c7469/in_use.lock acquired by nodename 17557@f5cef6452a00
2021-01-11 13:55:46,380 [pool-1222-thread-1] INFO  storage.RaftStorage (RaftStorageImpl.java:format(87)) - Storage directory /github/workspace/mnt/ozone/hadoop-ozone/integration-test/target/test-dir/MiniOzoneClusterImpl-250075fd-7b22-4ad4-b8fe-1c364b7bd722/datanode-0/data/ratis/0a72c7b7-1fb4-4068-8e61-9865ff3c7469 has been successfully formatted.
2021-01-11 13:55:46,380 [pool-1222-thread-1] INFO  ratis.ContainerStateMachine (ContainerStateMachine.java:loadSnapshot(223)) - group-9865FF3C7469: The snapshot info is null. Setting the last applied indexto:(t:0, i:~)
2021-01-11 13:55:46,380 [pool-1222-thread-1] ERROR storage.RaftStorage (RaftStorageImpl.java:readRaftConfiguration(147)) - Failed reading configuration from file:/github/workspace/mnt/ozone/hadoop-ozone/integration-test/target/test-dir/MiniOzoneClusterImpl-250075fd-7b22-4ad4-b8fe-1c364b7bd722/datanode-0/data/ratis/0a72c7b7-1fb4-4068-8e61-9865ff3c7469/current/raft-meta.conf
java.io.FileNotFoundException: /github/workspace/mnt/ozone/hadoop-ozone/integration-test/target/test-dir/MiniOzoneClusterImpl-250075fd-7b22-4ad4-b8fe-1c364b7bd722/datanode-0/data/ratis/0a72c7b7-1fb4-4068-8e61-9865ff3c7469/current/raft-meta.conf (No such file or directory)
	at java.io.FileInputStream.open0(Native Method)
	at java.io.FileInputStream.open(FileInputStream.java:195)
	at java.io.FileInputStream.<init>(FileInputStream.java:138)
	at org.apache.ratis.server.storage.RaftStorageImpl.readRaftConfiguration(RaftStorageImpl.java:143)
	at org.apache.ratis.server.impl.ServerState.<init>(ServerState.java:113)
	at org.apache.ratis.server.impl.RaftServerImpl.<init>(RaftServerImpl.java:192)
	at org.apache.ratis.server.impl.RaftServerProxy.lambda$newRaftServerImpl$4(RaftServerProxy.java:266)
	at java.util.concurrent.CompletableFuture$AsyncSupply.run(CompletableFuture.java:1604)
	at java.util.concurrent.ThreadPoolExecutor.runWorker(ThreadPoolExecutor.java:1149)
	at java.util.concurrent.ThreadPoolExecutor$Worker.run(ThreadPoolExecutor.java:624)
	at java.lang.Thread.run(Thread.java:748)
2021-01-11 13:55:46,381 [pool-1222-thread-1] INFO  server.RaftServerConfigKeys (ConfUtils.java:logGet(44)) - raft.server.notification.no-leader.timeout = 300s (custom)
2021-01-11 13:55:46,382 [pool-1222-thread-1] INFO  server.RaftServerConfigKeys (ConfUtils.java:logGet(44)) - raft.server.log.use.memory = false (default)
2021-01-11 13:55:46,382 [EventQueue-OpenPipelineForHealthyPipelineSafeModeRule] INFO  safemode.SCMSafeModeManager (HealthyPipelineSafeModeRule.java:process(128)) - SCM in safe mode. Healthy pipelines reported count is 0, required healthy pipeline reported count is 1
2021-01-11 13:55:46,382 [EventQueue-PipelineReportForOneReplicaPipelineSafeModeRule] INFO  safemode.SCMSafeModeManager (SCMSafeModeManager.java:validateSafeModeExitRules(214)) - AtleastOneDatanodeReportedRule rule is successfully validated
2021-01-11 13:55:46,382 [pool-1222-thread-1] INFO  server.RaftServerConfigKeys (ConfUtils.java:logGet(44)) - raft.server.log.purge.gap = 1000000 (custom)
2021-01-11 13:55:46,382 [pool-1222-thread-1] INFO  server.RaftServerConfigKeys (ConfUtils.java:logGet(44)) - raft.server.log.appender.buffer.byte-limit = 33554432 (custom)
2021-01-11 13:55:46,382 [pool-1222-thread-1] INFO  metrics.RatisMetrics (RatisMetrics.java:lambda$create$0(36)) - Creating Metrics Registry : ratis.log_worker.54c5675f-ba62-45ed-9220-9f8a0729676f@group-9865FF3C7469
2021-01-11 13:55:46,382 [pool-1222-thread-1] INFO  server.RaftServerConfigKeys (ConfUtils.java:logGet(44)) - raft.server.log.segment.size.max = 1048576 (custom)
2021-01-11 13:55:46,384 [pool-1222-thread-1] INFO  server.RaftServerConfigKeys (ConfUtils.java:logGet(44)) - raft.server.log.segment.cache.num.max = 2 (custom)
2021-01-11 13:55:46,384 [pool-1222-thread-1] INFO  server.RaftServerConfigKeys (ConfUtils.java:logGet(44)) - raft.server.log.segment.cache.size.max = 200MB (=209715200) (default)
2021-01-11 13:55:46,384 [pool-1222-thread-1] INFO  segmented.SegmentedRaftLogWorker (SegmentedRaftLogWorker.java:<init>(181)) - new 54c5675f-ba62-45ed-9220-9f8a0729676f@group-9865FF3C7469-SegmentedRaftLogWorker for RaftStorageImpl:Storage Directory /github/workspace/mnt/ozone/hadoop-ozone/integration-test/target/test-dir/MiniOzoneClusterImpl-250075fd-7b22-4ad4-b8fe-1c364b7bd722/datanode-0/data/ratis/0a72c7b7-1fb4-4068-8e61-9865ff3c7469
2021-01-11 13:55:46,384 [pool-1222-thread-1] INFO  server.RaftServerConfigKeys (ConfUtils.java:logGet(44)) - raft.server.log.queue.byte-limit = 2147483647 (custom)
2021-01-11 13:55:46,384 [pool-1222-thread-1] INFO  server.RaftServerConfigKeys (ConfUtils.java:logGet(44)) - raft.server.log.queue.element-limit = 1024 (custom)
2021-01-11 13:55:46,384 [pool-1222-thread-1] INFO  server.RaftServerConfigKeys (ConfUtils.java:logGet(44)) - raft.server.log.segment.size.max = 1048576 (custom)
2021-01-11 13:55:46,384 [pool-1222-thread-1] INFO  server.RaftServerConfigKeys (ConfUtils.java:logGet(44)) - raft.server.log.preallocated.size = 16384 (custom)
2021-01-11 13:55:46,384 [pool-1222-thread-1] INFO  server.RaftServerConfigKeys (ConfUtils.java:logGet(44)) - raft.server.log.force.sync.num = 128 (default)
2021-01-11 13:55:46,384 [pool-1222-thread-1] INFO  server.RaftServerConfigKeys (ConfUtils.java:logGet(44)) - raft.server.log.statemachine.data.sync = true (default)
2021-01-11 13:55:46,384 [pool-1222-thread-1] INFO  server.RaftServerConfigKeys (ConfUtils.java:logGet(44)) - raft.server.log.statemachine.data.sync.timeout = 10s (default)
2021-01-11 13:55:46,384 [pool-1222-thread-1] INFO  server.RaftServerConfigKeys (ConfUtils.java:logGet(44)) - raft.server.log.statemachine.data.sync.timeout.retry = -1 (default)
2021-01-11 13:55:46,387 [pool-1222-thread-1] INFO  server.RaftServerConfigKeys (ConfUtils.java:logGet(44)) - raft.server.log.write.buffer.size = 1048576 (custom)
2021-01-11 13:55:46,387 [pool-1222-thread-1] INFO  server.RaftServerConfigKeys (ConfUtils.java:logGet(44)) - raft.server.log.statemachine.data.caching.enabled = true (custom)
2021-01-11 13:55:46,388 [pool-1222-thread-1] INFO  segmented.SegmentedRaftLogWorker (SegmentedRaftLogWorker.java:lambda$new$0(132)) - 54c5675f-ba62-45ed-9220-9f8a0729676f@group-9865FF3C7469-SegmentedRaftLogWorker: flushIndex: setUnconditionally 0 -> -1
2021-01-11 13:55:46,388 [pool-1222-thread-1] INFO  segmented.SegmentedRaftLogWorker (SegmentedRaftLogWorker.java:lambda$new$0(132)) - 54c5675f-ba62-45ed-9220-9f8a0729676f@group-9865FF3C7469-SegmentedRaftLogWorker: safeCacheEvictIndex: setUnconditionally 0 -> -1
2021-01-11 13:55:46,388 [pool-1222-thread-1] INFO  server.RaftServerConfigKeys (ConfUtils.java:logGet(44)) - raft.server.snapshot.auto.trigger.enabled = true (custom)
2021-01-11 13:55:46,388 [pool-1222-thread-1] INFO  server.RaftServerConfigKeys (ConfUtils.java:logGet(44)) - raft.server.snapshot.auto.trigger.threshold = 10000 (custom)
2021-01-11 13:55:46,388 [pool-1222-thread-1] INFO  server.RaftServerConfigKeys (ConfUtils.java:logGet(44)) - raft.server.snapshot.retention.file.num = 5 (custom)
2021-01-11 13:55:46,388 [pool-1222-thread-1] INFO  server.RaftServerConfigKeys (ConfUtils.java:logGet(44)) - raft.server.log.purge.upto.snapshot.index = false (default)
2021-01-11 13:55:46,388 [pool-1222-thread-1] INFO  server.RaftServerConfigKeys (ConfUtils.java:logGet(44)) - raft.server.retrycache.expirytime = 600000ms (custom)
2021-01-11 13:55:46,388 [pool-1222-thread-1] INFO  server.RaftServerConfigKeys (ConfUtils.java:logGet(44)) - raft.server.retrycache.statistics.expirytime = 100?s (default)
2021-01-11 13:55:46,388 [pool-1222-thread-1] INFO  metrics.RatisMetrics (RatisMetrics.java:lambda$create$0(36)) - Creating Metrics Registry : ratis.leader_election.54c5675f-ba62-45ed-9220-9f8a0729676f@group-9865FF3C7469
2021-01-11 13:55:46,389 [pool-1222-thread-1] INFO  metrics.RatisMetrics (RatisMetrics.java:lambda$create$0(36)) - Creating Metrics Registry : ratis.server.54c5675f-ba62-45ed-9220-9f8a0729676f@group-9865FF3C7469
2021-01-11 13:55:46,392 [pool-1222-thread-1] INFO  server.RaftServer$Division (RaftServerImpl.java:start(294)) - 54c5675f-ba62-45ed-9220-9f8a0729676f@group-9865FF3C7469: start as a follower, conf=-1: [515d1186-b946-4ae1-b8cc-4f597259d7e8|rpc:172.17.0.2:38339|priority:0, 54c5675f-ba62-45ed-9220-9f8a0729676f|rpc:172.17.0.2:37175|priority:0, dd50be5a-5af1-4aec-ba2d-21cfbf161371|rpc:172.17.0.2:37613|priority:1], old=null
2021-01-11 13:55:46,392 [pool-1222-thread-1] INFO  server.RaftServer$Division (RaftServerImpl.java:setRole(283)) - 54c5675f-ba62-45ed-9220-9f8a0729676f@group-9865FF3C7469: changes role from      null to FOLLOWER at term 0 for startAsFollower
2021-01-11 13:55:46,392 [pool-1222-thread-1] INFO  impl.RoleInfo (RoleInfo.java:updateAndGet(130)) - 54c5675f-ba62-45ed-9220-9f8a0729676f: start 54c5675f-ba62-45ed-9220-9f8a0729676f@group-9865FF3C7469-FollowerState
2021-01-11 13:55:46,392 [pool-1222-thread-1] INFO  util.JmxRegister (JmxRegister.java:tryRegister(44)) - Successfully registered JMX Bean with object name Ratis:service=RaftServer,group=group-9865FF3C7469,id=54c5675f-ba62-45ed-9220-9f8a0729676f
2021-01-11 13:55:46,392 [pool-1222-thread-1] INFO  metrics.RatisMetrics (RatisMetrics.java:lambda$create$0(36)) - Creating Metrics Registry : ratis.state_machine.54c5675f-ba62-45ed-9220-9f8a0729676f@group-9865FF3C7469
2021-01-11 13:55:46,394 [Command processor thread] INFO  metrics.RatisMetrics (RatisMetrics.java:lambda$create$0(36)) - Creating Metrics Registry : ratis.client_message_metrics.client-8A73F13F7AC2->dd50be5a-5af1-4aec-ba2d-21cfbf161371
2021-01-11 13:55:46,400 [grpc-default-executor-11] INFO  metrics.RatisMetrics (RatisMetrics.java:lambda$create$0(36)) - Creating Metrics Registry : ratis.server_message_metrics.dd50be5a-5af1-4aec-ba2d-21cfbf161371
2021-01-11 13:55:46,402 [grpc-default-executor-11] INFO  server.RaftServer (RaftServerProxy.java:addNew(95)) - dd50be5a-5af1-4aec-ba2d-21cfbf161371: addNew group-9865FF3C7469:[515d1186-b946-4ae1-b8cc-4f597259d7e8|rpc:172.17.0.2:38339|dataStream:|priority:0, 54c5675f-ba62-45ed-9220-9f8a0729676f|rpc:172.17.0.2:37175|dataStream:|priority:0, dd50be5a-5af1-4aec-ba2d-21cfbf161371|rpc:172.17.0.2:37613|dataStream:|priority:1] returns group-9865FF3C7469:java.util.concurrent.CompletableFuture@5315d969[Not completed]
2021-01-11 13:55:46,403 [pool-1238-thread-1] INFO  server.RaftServer$Division (RaftServerImpl.java:<init>(179)) - dd50be5a-5af1-4aec-ba2d-21cfbf161371: new RaftServerImpl for group-9865FF3C7469:[515d1186-b946-4ae1-b8cc-4f597259d7e8|rpc:172.17.0.2:38339|dataStream:|priority:0, 54c5675f-ba62-45ed-9220-9f8a0729676f|rpc:172.17.0.2:37175|dataStream:|priority:0, dd50be5a-5af1-4aec-ba2d-21cfbf161371|rpc:172.17.0.2:37613|dataStream:|priority:1] with ContainerStateMachine:uninitialized
2021-01-11 13:55:46,404 [pool-1238-thread-1] INFO  server.RaftServerConfigKeys (ConfUtils.java:logGet(44)) - raft.server.rpc.timeout.min = 5s (custom)
2021-01-11 13:55:46,404 [pool-1238-thread-1] INFO  server.RaftServerConfigKeys (ConfUtils.java:logGet(44)) - raft.server.rpc.timeout.max = 5200ms (custom)
2021-01-11 13:55:46,404 [pool-1238-thread-1] INFO  server.RaftServerConfigKeys (ConfUtils.java:logGet(44)) - raft.server.rpc.sleep.time = 25ms (default)
2021-01-11 13:55:46,404 [pool-1238-thread-1] INFO  server.RaftServerConfigKeys (ConfUtils.java:logGet(44)) - raft.server.rpc.slowness.timeout = 300s (custom)
2021-01-11 13:55:46,404 [pool-1238-thread-1] INFO  server.RaftServerConfigKeys (ConfUtils.java:logGet(44)) - raft.server.leaderelection.leader.step-down.wait-time = 10s (default)
2021-01-11 13:55:46,404 [pool-1238-thread-1] INFO  server.RaftServerConfigKeys (ConfUtils.java:logGet(44)) - raft.server.sleep.deviation.threshold = 300ms (default)
2021-01-11 13:55:46,404 [pool-1238-thread-1] INFO  server.RaftServerConfigKeys (ConfUtils.java:logGet(44)) - raft.server.log.appender.install.snapshot.enabled = false (custom)
2021-01-11 13:55:46,404 [pool-1238-thread-1] INFO  server.RaftServer$Division (ServerState.java:<init>(103)) - dd50be5a-5af1-4aec-ba2d-21cfbf161371@group-9865FF3C7469: ConfigurationManager, init=-1: [515d1186-b946-4ae1-b8cc-4f597259d7e8|rpc:172.17.0.2:38339|dataStream:|priority:0, 54c5675f-ba62-45ed-9220-9f8a0729676f|rpc:172.17.0.2:37175|dataStream:|priority:0, dd50be5a-5af1-4aec-ba2d-21cfbf161371|rpc:172.17.0.2:37613|dataStream:|priority:1], old=null, confs=<EMPTY_MAP>
2021-01-11 13:55:46,404 [pool-1238-thread-1] INFO  server.RaftServerConfigKeys (ConfUtils.java:logGet(44)) - raft.server.storage.dir = [/github/workspace/mnt/ozone/hadoop-ozone/integration-test/target/test-dir/MiniOzoneClusterImpl-250075fd-7b22-4ad4-b8fe-1c364b7bd722/datanode-1/data/ratis] (custom)
2021-01-11 13:55:46,404 [pool-1238-thread-1] INFO  server.RaftServerConfigKeys (ConfUtils.java:logGet(44)) - raft.server.log.corruption.policy = EXCEPTION (default)
2021-01-11 13:55:46,404 [pool-1238-thread-1] INFO  storage.RaftStorageDirectory (RaftStorageDirectoryImpl.java:analyzeStorage(132)) - The storage directory /github/workspace/mnt/ozone/hadoop-ozone/integration-test/target/test-dir/MiniOzoneClusterImpl-250075fd-7b22-4ad4-b8fe-1c364b7bd722/datanode-1/data/ratis/0a72c7b7-1fb4-4068-8e61-9865ff3c7469 does not exist. Creating ...
2021-01-11 13:55:46,405 [pool-1238-thread-1] INFO  storage.RaftStorageDirectory (RaftStorageDirectoryImpl.java:tryLock(215)) - Lock on /github/workspace/mnt/ozone/hadoop-ozone/integration-test/target/test-dir/MiniOzoneClusterImpl-250075fd-7b22-4ad4-b8fe-1c364b7bd722/datanode-1/data/ratis/0a72c7b7-1fb4-4068-8e61-9865ff3c7469/in_use.lock acquired by nodename 17557@f5cef6452a00
2021-01-11 13:55:46,406 [pool-1238-thread-1] INFO  storage.RaftStorage (RaftStorageImpl.java:format(87)) - Storage directory /github/workspace/mnt/ozone/hadoop-ozone/integration-test/target/test-dir/MiniOzoneClusterImpl-250075fd-7b22-4ad4-b8fe-1c364b7bd722/datanode-1/data/ratis/0a72c7b7-1fb4-4068-8e61-9865ff3c7469 has been successfully formatted.
2021-01-11 13:55:46,406 [pool-1238-thread-1] INFO  ratis.ContainerStateMachine (ContainerStateMachine.java:loadSnapshot(223)) - group-9865FF3C7469: The snapshot info is null. Setting the last applied indexto:(t:0, i:~)
2021-01-11 13:55:46,406 [pool-1238-thread-1] ERROR storage.RaftStorage (RaftStorageImpl.java:readRaftConfiguration(147)) - Failed reading configuration from file:/github/workspace/mnt/ozone/hadoop-ozone/integration-test/target/test-dir/MiniOzoneClusterImpl-250075fd-7b22-4ad4-b8fe-1c364b7bd722/datanode-1/data/ratis/0a72c7b7-1fb4-4068-8e61-9865ff3c7469/current/raft-meta.conf
java.io.FileNotFoundException: /github/workspace/mnt/ozone/hadoop-ozone/integration-test/target/test-dir/MiniOzoneClusterImpl-250075fd-7b22-4ad4-b8fe-1c364b7bd722/datanode-1/data/ratis/0a72c7b7-1fb4-4068-8e61-9865ff3c7469/current/raft-meta.conf (No such file or directory)
	at java.io.FileInputStream.open0(Native Method)
	at java.io.FileInputStream.open(FileInputStream.java:195)
	at java.io.FileInputStream.<init>(FileInputStream.java:138)
	at org.apache.ratis.server.storage.RaftStorageImpl.readRaftConfiguration(RaftStorageImpl.java:143)
	at org.apache.ratis.server.impl.ServerState.<init>(ServerState.java:113)
	at org.apache.ratis.server.impl.RaftServerImpl.<init>(RaftServerImpl.java:192)
	at org.apache.ratis.server.impl.RaftServerProxy.lambda$newRaftServerImpl$4(RaftServerProxy.java:266)
	at java.util.concurrent.CompletableFuture$AsyncSupply.run(CompletableFuture.java:1604)
	at java.util.concurrent.ThreadPoolExecutor.runWorker(ThreadPoolExecutor.java:1149)
	at java.util.concurrent.ThreadPoolExecutor$Worker.run(ThreadPoolExecutor.java:624)
	at java.lang.Thread.run(Thread.java:748)
2021-01-11 13:55:46,407 [pool-1238-thread-1] INFO  server.RaftServerConfigKeys (ConfUtils.java:logGet(44)) - raft.server.notification.no-leader.timeout = 300s (custom)
2021-01-11 13:55:46,407 [pool-1238-thread-1] INFO  server.RaftServerConfigKeys (ConfUtils.java:logGet(44)) - raft.server.log.use.memory = false (default)
2021-01-11 13:55:46,407 [EventQueue-PipelineReportForOneReplicaPipelineSafeModeRule] INFO  safemode.SCMSafeModeManager (SCMSafeModeManager.java:validateSafeModeExitRules(214)) - AtleastOneDatanodeReportedRule rule is successfully validated
2021-01-11 13:55:46,407 [pool-1238-thread-1] INFO  server.RaftServerConfigKeys (ConfUtils.java:logGet(44)) - raft.server.log.purge.gap = 1000000 (custom)
2021-01-11 13:55:46,407 [pool-1238-thread-1] INFO  server.RaftServerConfigKeys (ConfUtils.java:logGet(44)) - raft.server.log.appender.buffer.byte-limit = 33554432 (custom)
2021-01-11 13:55:46,407 [pool-1238-thread-1] INFO  metrics.RatisMetrics (RatisMetrics.java:lambda$create$0(36)) - Creating Metrics Registry : ratis.log_worker.dd50be5a-5af1-4aec-ba2d-21cfbf161371@group-9865FF3C7469
2021-01-11 13:55:46,408 [pool-1238-thread-1] INFO  server.RaftServerConfigKeys (ConfUtils.java:logGet(44)) - raft.server.log.segment.size.max = 1048576 (custom)
2021-01-11 13:55:46,409 [pool-1238-thread-1] INFO  server.RaftServerConfigKeys (ConfUtils.java:logGet(44)) - raft.server.log.segment.cache.num.max = 2 (custom)
2021-01-11 13:55:46,409 [pool-1238-thread-1] INFO  server.RaftServerConfigKeys (ConfUtils.java:logGet(44)) - raft.server.log.segment.cache.size.max = 200MB (=209715200) (default)
2021-01-11 13:55:46,409 [pool-1238-thread-1] INFO  segmented.SegmentedRaftLogWorker (SegmentedRaftLogWorker.java:<init>(181)) - new dd50be5a-5af1-4aec-ba2d-21cfbf161371@group-9865FF3C7469-SegmentedRaftLogWorker for RaftStorageImpl:Storage Directory /github/workspace/mnt/ozone/hadoop-ozone/integration-test/target/test-dir/MiniOzoneClusterImpl-250075fd-7b22-4ad4-b8fe-1c364b7bd722/datanode-1/data/ratis/0a72c7b7-1fb4-4068-8e61-9865ff3c7469
2021-01-11 13:55:46,409 [pool-1238-thread-1] INFO  server.RaftServerConfigKeys (ConfUtils.java:logGet(44)) - raft.server.log.queue.byte-limit = 2147483647 (custom)
2021-01-11 13:55:46,409 [pool-1238-thread-1] INFO  server.RaftServerConfigKeys (ConfUtils.java:logGet(44)) - raft.server.log.queue.element-limit = 1024 (custom)
2021-01-11 13:55:46,409 [pool-1238-thread-1] INFO  server.RaftServerConfigKeys (ConfUtils.java:logGet(44)) - raft.server.log.segment.size.max = 1048576 (custom)
2021-01-11 13:55:46,409 [pool-1238-thread-1] INFO  server.RaftServerConfigKeys (ConfUtils.java:logGet(44)) - raft.server.log.preallocated.size = 16384 (custom)
2021-01-11 13:55:46,409 [pool-1238-thread-1] INFO  server.RaftServerConfigKeys (ConfUtils.java:logGet(44)) - raft.server.log.force.sync.num = 128 (default)
2021-01-11 13:55:46,409 [pool-1238-thread-1] INFO  server.RaftServerConfigKeys (ConfUtils.java:logGet(44)) - raft.server.log.statemachine.data.sync = true (default)
2021-01-11 13:55:46,409 [pool-1238-thread-1] INFO  server.RaftServerConfigKeys (ConfUtils.java:logGet(44)) - raft.server.log.statemachine.data.sync.timeout = 10s (default)
2021-01-11 13:55:46,409 [pool-1238-thread-1] INFO  server.RaftServerConfigKeys (ConfUtils.java:logGet(44)) - raft.server.log.statemachine.data.sync.timeout.retry = -1 (default)
2021-01-11 13:55:46,412 [pool-1238-thread-1] INFO  server.RaftServerConfigKeys (ConfUtils.java:logGet(44)) - raft.server.log.write.buffer.size = 1048576 (custom)
2021-01-11 13:55:46,413 [pool-1238-thread-1] INFO  server.RaftServerConfigKeys (ConfUtils.java:logGet(44)) - raft.server.log.statemachine.data.caching.enabled = true (custom)
2021-01-11 13:55:46,413 [pool-1238-thread-1] INFO  segmented.SegmentedRaftLogWorker (SegmentedRaftLogWorker.java:lambda$new$0(132)) - dd50be5a-5af1-4aec-ba2d-21cfbf161371@group-9865FF3C7469-SegmentedRaftLogWorker: flushIndex: setUnconditionally 0 -> -1
2021-01-11 13:55:46,413 [pool-1238-thread-1] INFO  segmented.SegmentedRaftLogWorker (SegmentedRaftLogWorker.java:lambda$new$0(132)) - dd50be5a-5af1-4aec-ba2d-21cfbf161371@group-9865FF3C7469-SegmentedRaftLogWorker: safeCacheEvictIndex: setUnconditionally 0 -> -1
2021-01-11 13:55:46,413 [pool-1238-thread-1] INFO  server.RaftServerConfigKeys (ConfUtils.java:logGet(44)) - raft.server.snapshot.auto.trigger.enabled = true (custom)
2021-01-11 13:55:46,413 [pool-1238-thread-1] INFO  server.RaftServerConfigKeys (ConfUtils.java:logGet(44)) - raft.server.snapshot.auto.trigger.threshold = 10000 (custom)
2021-01-11 13:55:46,413 [pool-1238-thread-1] INFO  server.RaftServerConfigKeys (ConfUtils.java:logGet(44)) - raft.server.snapshot.retention.file.num = 5 (custom)
2021-01-11 13:55:46,414 [pool-1238-thread-1] INFO  server.RaftServerConfigKeys (ConfUtils.java:logGet(44)) - raft.server.log.purge.upto.snapshot.index = false (default)
2021-01-11 13:55:46,414 [pool-1238-thread-1] INFO  server.RaftServerConfigKeys (ConfUtils.java:logGet(44)) - raft.server.retrycache.expirytime = 600000ms (custom)
2021-01-11 13:55:46,414 [pool-1238-thread-1] INFO  server.RaftServerConfigKeys (ConfUtils.java:logGet(44)) - raft.server.retrycache.statistics.expirytime = 100?s (default)
2021-01-11 13:55:46,414 [pool-1238-thread-1] INFO  metrics.RatisMetrics (RatisMetrics.java:lambda$create$0(36)) - Creating Metrics Registry : ratis.leader_election.dd50be5a-5af1-4aec-ba2d-21cfbf161371@group-9865FF3C7469
2021-01-11 13:55:46,415 [pool-1238-thread-1] INFO  metrics.RatisMetrics (RatisMetrics.java:lambda$create$0(36)) - Creating Metrics Registry : ratis.server.dd50be5a-5af1-4aec-ba2d-21cfbf161371@group-9865FF3C7469
2021-01-11 13:55:46,417 [pool-1238-thread-1] INFO  server.RaftServer$Division (RaftServerImpl.java:start(294)) - dd50be5a-5af1-4aec-ba2d-21cfbf161371@group-9865FF3C7469: start as a follower, conf=-1: [515d1186-b946-4ae1-b8cc-4f597259d7e8|rpc:172.17.0.2:38339|dataStream:|priority:0, 54c5675f-ba62-45ed-9220-9f8a0729676f|rpc:172.17.0.2:37175|dataStream:|priority:0, dd50be5a-5af1-4aec-ba2d-21cfbf161371|rpc:172.17.0.2:37613|dataStream:|priority:1], old=null
2021-01-11 13:55:46,417 [pool-1238-thread-1] INFO  server.RaftServer$Division (RaftServerImpl.java:setRole(283)) - dd50be5a-5af1-4aec-ba2d-21cfbf161371@group-9865FF3C7469: changes role from      null to FOLLOWER at term 0 for startAsFollower
2021-01-11 13:55:46,417 [pool-1238-thread-1] INFO  impl.RoleInfo (RoleInfo.java:updateAndGet(130)) - dd50be5a-5af1-4aec-ba2d-21cfbf161371: start dd50be5a-5af1-4aec-ba2d-21cfbf161371@group-9865FF3C7469-FollowerState
2021-01-11 13:55:46,418 [pool-1238-thread-1] INFO  util.JmxRegister (JmxRegister.java:tryRegister(44)) - Successfully registered JMX Bean with object name Ratis:service=RaftServer,group=group-9865FF3C7469,id=dd50be5a-5af1-4aec-ba2d-21cfbf161371
2021-01-11 13:55:46,418 [pool-1238-thread-1] INFO  metrics.RatisMetrics (RatisMetrics.java:lambda$create$0(36)) - Creating Metrics Registry : ratis.state_machine.dd50be5a-5af1-4aec-ba2d-21cfbf161371@group-9865FF3C7469
2021-01-11 13:55:46,423 [Command processor thread] INFO  metrics.RatisMetrics (RatisMetrics.java:lambda$create$0(36)) - Creating Metrics Registry : ratis.client_message_metrics.client-E44C7EDA38C7->515d1186-b946-4ae1-b8cc-4f597259d7e8
2021-01-11 13:55:46,429 [grpc-default-executor-11] INFO  metrics.RatisMetrics (RatisMetrics.java:lambda$create$0(36)) - Creating Metrics Registry : ratis.server_message_metrics.515d1186-b946-4ae1-b8cc-4f597259d7e8
2021-01-11 13:55:46,431 [grpc-default-executor-11] INFO  server.RaftServer (RaftServerProxy.java:addNew(95)) - 515d1186-b946-4ae1-b8cc-4f597259d7e8: addNew group-9865FF3C7469:[515d1186-b946-4ae1-b8cc-4f597259d7e8|rpc:172.17.0.2:38339|dataStream:|priority:0, 54c5675f-ba62-45ed-9220-9f8a0729676f|rpc:172.17.0.2:37175|dataStream:|priority:0, dd50be5a-5af1-4aec-ba2d-21cfbf161371|rpc:172.17.0.2:37613|dataStream:|priority:1] returns group-9865FF3C7469:java.util.concurrent.CompletableFuture@6870a128[Not completed]
2021-01-11 13:55:46,432 [pool-1254-thread-1] INFO  server.RaftServer$Division (RaftServerImpl.java:<init>(179)) - 515d1186-b946-4ae1-b8cc-4f597259d7e8: new RaftServerImpl for group-9865FF3C7469:[515d1186-b946-4ae1-b8cc-4f597259d7e8|rpc:172.17.0.2:38339|dataStream:|priority:0, 54c5675f-ba62-45ed-9220-9f8a0729676f|rpc:172.17.0.2:37175|dataStream:|priority:0, dd50be5a-5af1-4aec-ba2d-21cfbf161371|rpc:172.17.0.2:37613|dataStream:|priority:1] with ContainerStateMachine:uninitialized
2021-01-11 13:55:46,432 [pool-1254-thread-1] INFO  server.RaftServerConfigKeys (ConfUtils.java:logGet(44)) - raft.server.rpc.timeout.min = 5s (custom)
2021-01-11 13:55:46,433 [pool-1254-thread-1] INFO  server.RaftServerConfigKeys (ConfUtils.java:logGet(44)) - raft.server.rpc.timeout.max = 5200ms (custom)
2021-01-11 13:55:46,433 [pool-1254-thread-1] INFO  server.RaftServerConfigKeys (ConfUtils.java:logGet(44)) - raft.server.rpc.sleep.time = 25ms (default)
2021-01-11 13:55:46,433 [pool-1254-thread-1] INFO  server.RaftServerConfigKeys (ConfUtils.java:logGet(44)) - raft.server.rpc.slowness.timeout = 300s (custom)
2021-01-11 13:55:46,433 [pool-1254-thread-1] INFO  server.RaftServerConfigKeys (ConfUtils.java:logGet(44)) - raft.server.leaderelection.leader.step-down.wait-time = 10s (default)
2021-01-11 13:55:46,433 [pool-1254-thread-1] INFO  server.RaftServerConfigKeys (ConfUtils.java:logGet(44)) - raft.server.sleep.deviation.threshold = 300ms (default)
2021-01-11 13:55:46,433 [pool-1254-thread-1] INFO  server.RaftServerConfigKeys (ConfUtils.java:logGet(44)) - raft.server.log.appender.install.snapshot.enabled = false (custom)
2021-01-11 13:55:46,433 [pool-1254-thread-1] INFO  server.RaftServer$Division (ServerState.java:<init>(103)) - 515d1186-b946-4ae1-b8cc-4f597259d7e8@group-9865FF3C7469: ConfigurationManager, init=-1: [515d1186-b946-4ae1-b8cc-4f597259d7e8|rpc:172.17.0.2:38339|dataStream:|priority:0, 54c5675f-ba62-45ed-9220-9f8a0729676f|rpc:172.17.0.2:37175|dataStream:|priority:0, dd50be5a-5af1-4aec-ba2d-21cfbf161371|rpc:172.17.0.2:37613|dataStream:|priority:1], old=null, confs=<EMPTY_MAP>
2021-01-11 13:55:46,433 [pool-1254-thread-1] INFO  server.RaftServerConfigKeys (ConfUtils.java:logGet(44)) - raft.server.storage.dir = [/github/workspace/mnt/ozone/hadoop-ozone/integration-test/target/test-dir/MiniOzoneClusterImpl-250075fd-7b22-4ad4-b8fe-1c364b7bd722/datanode-2/data/ratis] (custom)
2021-01-11 13:55:46,433 [pool-1254-thread-1] INFO  server.RaftServerConfigKeys (ConfUtils.java:logGet(44)) - raft.server.log.corruption.policy = EXCEPTION (default)
2021-01-11 13:55:46,433 [pool-1254-thread-1] INFO  storage.RaftStorageDirectory (RaftStorageDirectoryImpl.java:analyzeStorage(132)) - The storage directory /github/workspace/mnt/ozone/hadoop-ozone/integration-test/target/test-dir/MiniOzoneClusterImpl-250075fd-7b22-4ad4-b8fe-1c364b7bd722/datanode-2/data/ratis/0a72c7b7-1fb4-4068-8e61-9865ff3c7469 does not exist. Creating ...
2021-01-11 13:55:46,434 [pool-1254-thread-1] INFO  storage.RaftStorageDirectory (RaftStorageDirectoryImpl.java:tryLock(215)) - Lock on /github/workspace/mnt/ozone/hadoop-ozone/integration-test/target/test-dir/MiniOzoneClusterImpl-250075fd-7b22-4ad4-b8fe-1c364b7bd722/datanode-2/data/ratis/0a72c7b7-1fb4-4068-8e61-9865ff3c7469/in_use.lock acquired by nodename 17557@f5cef6452a00
2021-01-11 13:55:46,435 [pool-1254-thread-1] INFO  storage.RaftStorage (RaftStorageImpl.java:format(87)) - Storage directory /github/workspace/mnt/ozone/hadoop-ozone/integration-test/target/test-dir/MiniOzoneClusterImpl-250075fd-7b22-4ad4-b8fe-1c364b7bd722/datanode-2/data/ratis/0a72c7b7-1fb4-4068-8e61-9865ff3c7469 has been successfully formatted.
2021-01-11 13:55:46,435 [pool-1254-thread-1] INFO  ratis.ContainerStateMachine (ContainerStateMachine.java:loadSnapshot(223)) - group-9865FF3C7469: The snapshot info is null. Setting the last applied indexto:(t:0, i:~)
2021-01-11 13:55:46,435 [pool-1254-thread-1] ERROR storage.RaftStorage (RaftStorageImpl.java:readRaftConfiguration(147)) - Failed reading configuration from file:/github/workspace/mnt/ozone/hadoop-ozone/integration-test/target/test-dir/MiniOzoneClusterImpl-250075fd-7b22-4ad4-b8fe-1c364b7bd722/datanode-2/data/ratis/0a72c7b7-1fb4-4068-8e61-9865ff3c7469/current/raft-meta.conf
java.io.FileNotFoundException: /github/workspace/mnt/ozone/hadoop-ozone/integration-test/target/test-dir/MiniOzoneClusterImpl-250075fd-7b22-4ad4-b8fe-1c364b7bd722/datanode-2/data/ratis/0a72c7b7-1fb4-4068-8e61-9865ff3c7469/current/raft-meta.conf (No such file or directory)
	at java.io.FileInputStream.open0(Native Method)
	at java.io.FileInputStream.open(FileInputStream.java:195)
	at java.io.FileInputStream.<init>(FileInputStream.java:138)
	at org.apache.ratis.server.storage.RaftStorageImpl.readRaftConfiguration(RaftStorageImpl.java:143)
	at org.apache.ratis.server.impl.ServerState.<init>(ServerState.java:113)
	at org.apache.ratis.server.impl.RaftServerImpl.<init>(RaftServerImpl.java:192)
	at org.apache.ratis.server.impl.RaftServerProxy.lambda$newRaftServerImpl$4(RaftServerProxy.java:266)
	at java.util.concurrent.CompletableFuture$AsyncSupply.run(CompletableFuture.java:1604)
	at java.util.concurrent.ThreadPoolExecutor.runWorker(ThreadPoolExecutor.java:1149)
	at java.util.concurrent.ThreadPoolExecutor$Worker.run(ThreadPoolExecutor.java:624)
	at java.lang.Thread.run(Thread.java:748)
2021-01-11 13:55:46,436 [EventQueue-PipelineReportForOneReplicaPipelineSafeModeRule] INFO  safemode.SCMSafeModeManager (SCMSafeModeManager.java:validateSafeModeExitRules(214)) - AtleastOneDatanodeReportedRule rule is successfully validated
2021-01-11 13:55:46,436 [pool-1254-thread-1] INFO  server.RaftServerConfigKeys (ConfUtils.java:logGet(44)) - raft.server.notification.no-leader.timeout = 300s (custom)
2021-01-11 13:55:46,436 [pool-1254-thread-1] INFO  server.RaftServerConfigKeys (ConfUtils.java:logGet(44)) - raft.server.log.use.memory = false (default)
2021-01-11 13:55:46,436 [pool-1254-thread-1] INFO  server.RaftServerConfigKeys (ConfUtils.java:logGet(44)) - raft.server.log.purge.gap = 1000000 (custom)
2021-01-11 13:55:46,436 [pool-1254-thread-1] INFO  server.RaftServerConfigKeys (ConfUtils.java:logGet(44)) - raft.server.log.appender.buffer.byte-limit = 33554432 (custom)
2021-01-11 13:55:46,436 [pool-1254-thread-1] INFO  metrics.RatisMetrics (RatisMetrics.java:lambda$create$0(36)) - Creating Metrics Registry : ratis.log_worker.515d1186-b946-4ae1-b8cc-4f597259d7e8@group-9865FF3C7469
2021-01-11 13:55:46,437 [pool-1254-thread-1] INFO  server.RaftServerConfigKeys (ConfUtils.java:logGet(44)) - raft.server.log.segment.size.max = 1048576 (custom)
2021-01-11 13:55:46,438 [pool-1254-thread-1] INFO  server.RaftServerConfigKeys (ConfUtils.java:logGet(44)) - raft.server.log.segment.cache.num.max = 2 (custom)
2021-01-11 13:55:46,438 [pool-1254-thread-1] INFO  server.RaftServerConfigKeys (ConfUtils.java:logGet(44)) - raft.server.log.segment.cache.size.max = 200MB (=209715200) (default)
2021-01-11 13:55:46,438 [pool-1254-thread-1] INFO  segmented.SegmentedRaftLogWorker (SegmentedRaftLogWorker.java:<init>(181)) - new 515d1186-b946-4ae1-b8cc-4f597259d7e8@group-9865FF3C7469-SegmentedRaftLogWorker for RaftStorageImpl:Storage Directory /github/workspace/mnt/ozone/hadoop-ozone/integration-test/target/test-dir/MiniOzoneClusterImpl-250075fd-7b22-4ad4-b8fe-1c364b7bd722/datanode-2/data/ratis/0a72c7b7-1fb4-4068-8e61-9865ff3c7469
2021-01-11 13:55:46,438 [pool-1254-thread-1] INFO  server.RaftServerConfigKeys (ConfUtils.java:logGet(44)) - raft.server.log.queue.byte-limit = 2147483647 (custom)
2021-01-11 13:55:46,438 [pool-1254-thread-1] INFO  server.RaftServerConfigKeys (ConfUtils.java:logGet(44)) - raft.server.log.queue.element-limit = 1024 (custom)
2021-01-11 13:55:46,438 [pool-1254-thread-1] INFO  server.RaftServerConfigKeys (ConfUtils.java:logGet(44)) - raft.server.log.segment.size.max = 1048576 (custom)
2021-01-11 13:55:46,438 [pool-1254-thread-1] INFO  server.RaftServerConfigKeys (ConfUtils.java:logGet(44)) - raft.server.log.preallocated.size = 16384 (custom)
2021-01-11 13:55:46,438 [pool-1254-thread-1] INFO  server.RaftServerConfigKeys (ConfUtils.java:logGet(44)) - raft.server.log.force.sync.num = 128 (default)
2021-01-11 13:55:46,438 [pool-1254-thread-1] INFO  server.RaftServerConfigKeys (ConfUtils.java:logGet(44)) - raft.server.log.statemachine.data.sync = true (default)
2021-01-11 13:55:46,438 [pool-1254-thread-1] INFO  server.RaftServerConfigKeys (ConfUtils.java:logGet(44)) - raft.server.log.statemachine.data.sync.timeout = 10s (default)
2021-01-11 13:55:46,438 [pool-1254-thread-1] INFO  server.RaftServerConfigKeys (ConfUtils.java:logGet(44)) - raft.server.log.statemachine.data.sync.timeout.retry = -1 (default)
2021-01-11 13:55:46,441 [pool-1254-thread-1] INFO  server.RaftServerConfigKeys (ConfUtils.java:logGet(44)) - raft.server.log.write.buffer.size = 1048576 (custom)
2021-01-11 13:55:46,441 [pool-1254-thread-1] INFO  server.RaftServerConfigKeys (ConfUtils.java:logGet(44)) - raft.server.log.statemachine.data.caching.enabled = true (custom)
2021-01-11 13:55:46,442 [pool-1254-thread-1] INFO  segmented.SegmentedRaftLogWorker (SegmentedRaftLogWorker.java:lambda$new$0(132)) - 515d1186-b946-4ae1-b8cc-4f597259d7e8@group-9865FF3C7469-SegmentedRaftLogWorker: flushIndex: setUnconditionally 0 -> -1
2021-01-11 13:55:46,442 [pool-1254-thread-1] INFO  segmented.SegmentedRaftLogWorker (SegmentedRaftLogWorker.java:lambda$new$0(132)) - 515d1186-b946-4ae1-b8cc-4f597259d7e8@group-9865FF3C7469-SegmentedRaftLogWorker: safeCacheEvictIndex: setUnconditionally 0 -> -1
2021-01-11 13:55:46,442 [pool-1254-thread-1] INFO  server.RaftServerConfigKeys (ConfUtils.java:logGet(44)) - raft.server.snapshot.auto.trigger.enabled = true (custom)
2021-01-11 13:55:46,442 [pool-1254-thread-1] INFO  server.RaftServerConfigKeys (ConfUtils.java:logGet(44)) - raft.server.snapshot.auto.trigger.threshold = 10000 (custom)
2021-01-11 13:55:46,442 [pool-1254-thread-1] INFO  server.RaftServerConfigKeys (ConfUtils.java:logGet(44)) - raft.server.snapshot.retention.file.num = 5 (custom)
2021-01-11 13:55:46,442 [pool-1254-thread-1] INFO  server.RaftServerConfigKeys (ConfUtils.java:logGet(44)) - raft.server.log.purge.upto.snapshot.index = false (default)
2021-01-11 13:55:46,442 [pool-1254-thread-1] INFO  server.RaftServerConfigKeys (ConfUtils.java:logGet(44)) - raft.server.retrycache.expirytime = 600000ms (custom)
2021-01-11 13:55:46,442 [pool-1254-thread-1] INFO  server.RaftServerConfigKeys (ConfUtils.java:logGet(44)) - raft.server.retrycache.statistics.expirytime = 100?s (default)
2021-01-11 13:55:46,442 [pool-1254-thread-1] INFO  metrics.RatisMetrics (RatisMetrics.java:lambda$create$0(36)) - Creating Metrics Registry : ratis.leader_election.515d1186-b946-4ae1-b8cc-4f597259d7e8@group-9865FF3C7469
2021-01-11 13:55:46,443 [pool-1254-thread-1] INFO  metrics.RatisMetrics (RatisMetrics.java:lambda$create$0(36)) - Creating Metrics Registry : ratis.server.515d1186-b946-4ae1-b8cc-4f597259d7e8@group-9865FF3C7469
2021-01-11 13:55:46,446 [pool-1254-thread-1] INFO  server.RaftServer$Division (RaftServerImpl.java:start(294)) - 515d1186-b946-4ae1-b8cc-4f597259d7e8@group-9865FF3C7469: start as a follower, conf=-1: [515d1186-b946-4ae1-b8cc-4f597259d7e8|rpc:172.17.0.2:38339|dataStream:|priority:0, 54c5675f-ba62-45ed-9220-9f8a0729676f|rpc:172.17.0.2:37175|dataStream:|priority:0, dd50be5a-5af1-4aec-ba2d-21cfbf161371|rpc:172.17.0.2:37613|dataStream:|priority:1], old=null
2021-01-11 13:55:46,446 [pool-1254-thread-1] INFO  server.RaftServer$Division (RaftServerImpl.java:setRole(283)) - 515d1186-b946-4ae1-b8cc-4f597259d7e8@group-9865FF3C7469: changes role from      null to FOLLOWER at term 0 for startAsFollower
2021-01-11 13:55:46,446 [pool-1254-thread-1] INFO  impl.RoleInfo (RoleInfo.java:updateAndGet(130)) - 515d1186-b946-4ae1-b8cc-4f597259d7e8: start 515d1186-b946-4ae1-b8cc-4f597259d7e8@group-9865FF3C7469-FollowerState
2021-01-11 13:55:46,446 [pool-1254-thread-1] INFO  util.JmxRegister (JmxRegister.java:tryRegister(44)) - Successfully registered JMX Bean with object name Ratis:service=RaftServer,group=group-9865FF3C7469,id=515d1186-b946-4ae1-b8cc-4f597259d7e8
2021-01-11 13:55:46,446 [pool-1254-thread-1] INFO  metrics.RatisMetrics (RatisMetrics.java:lambda$create$0(36)) - Creating Metrics Registry : ratis.state_machine.515d1186-b946-4ae1-b8cc-4f597259d7e8@group-9865FF3C7469
2021-01-11 13:55:46,451 [Command processor thread] INFO  commandhandler.CreatePipelineCommandHandler (CreatePipelineCommandHandler.java:handle(106)) - Created Pipeline RATIS THREE PipelineID=0a72c7b7-1fb4-4068-8e61-9865ff3c7469.
2021-01-11 13:55:46,451 [Command processor thread] INFO  server.RaftServer (RaftServerProxy.java:addNew(95)) - 54c5675f-ba62-45ed-9220-9f8a0729676f: addNew group-2CC5247B8F08:[515d1186-b946-4ae1-b8cc-4f597259d7e8|rpc:172.17.0.2:38339|priority:1, 54c5675f-ba62-45ed-9220-9f8a0729676f|rpc:172.17.0.2:37175|priority:0, dd50be5a-5af1-4aec-ba2d-21cfbf161371|rpc:172.17.0.2:37613|priority:0] returns group-2CC5247B8F08:java.util.concurrent.CompletableFuture@3c0454cb[Not completed]
2021-01-11 13:55:46,452 [pool-1222-thread-1] INFO  server.RaftServer$Division (RaftServerImpl.java:<init>(179)) - 54c5675f-ba62-45ed-9220-9f8a0729676f: new RaftServerImpl for group-2CC5247B8F08:[515d1186-b946-4ae1-b8cc-4f597259d7e8|rpc:172.17.0.2:38339|priority:1, 54c5675f-ba62-45ed-9220-9f8a0729676f|rpc:172.17.0.2:37175|priority:0, dd50be5a-5af1-4aec-ba2d-21cfbf161371|rpc:172.17.0.2:37613|priority:0] with ContainerStateMachine:uninitialized
2021-01-11 13:55:46,452 [pool-1222-thread-1] INFO  server.RaftServerConfigKeys (ConfUtils.java:logGet(44)) - raft.server.rpc.timeout.min = 5s (custom)
2021-01-11 13:55:46,452 [pool-1222-thread-1] INFO  server.RaftServerConfigKeys (ConfUtils.java:logGet(44)) - raft.server.rpc.timeout.max = 5200ms (custom)
2021-01-11 13:55:46,452 [pool-1222-thread-1] INFO  server.RaftServerConfigKeys (ConfUtils.java:logGet(44)) - raft.server.rpc.sleep.time = 25ms (default)
2021-01-11 13:55:46,452 [pool-1222-thread-1] INFO  server.RaftServerConfigKeys (ConfUtils.java:logGet(44)) - raft.server.rpc.slowness.timeout = 300s (custom)
2021-01-11 13:55:46,452 [pool-1222-thread-1] INFO  server.RaftServerConfigKeys (ConfUtils.java:logGet(44)) - raft.server.leaderelection.leader.step-down.wait-time = 10s (default)
2021-01-11 13:55:46,452 [pool-1222-thread-1] INFO  server.RaftServerConfigKeys (ConfUtils.java:logGet(44)) - raft.server.sleep.deviation.threshold = 300ms (default)
2021-01-11 13:55:46,452 [pool-1222-thread-1] INFO  server.RaftServerConfigKeys (ConfUtils.java:logGet(44)) - raft.server.log.appender.install.snapshot.enabled = false (custom)
2021-01-11 13:55:46,452 [pool-1222-thread-1] INFO  server.RaftServer$Division (ServerState.java:<init>(103)) - 54c5675f-ba62-45ed-9220-9f8a0729676f@group-2CC5247B8F08: ConfigurationManager, init=-1: [515d1186-b946-4ae1-b8cc-4f597259d7e8|rpc:172.17.0.2:38339|priority:1, 54c5675f-ba62-45ed-9220-9f8a0729676f|rpc:172.17.0.2:37175|priority:0, dd50be5a-5af1-4aec-ba2d-21cfbf161371|rpc:172.17.0.2:37613|priority:0], old=null, confs=<EMPTY_MAP>
2021-01-11 13:55:46,452 [pool-1222-thread-1] INFO  server.RaftServerConfigKeys (ConfUtils.java:logGet(44)) - raft.server.storage.dir = [/github/workspace/mnt/ozone/hadoop-ozone/integration-test/target/test-dir/MiniOzoneClusterImpl-250075fd-7b22-4ad4-b8fe-1c364b7bd722/datanode-0/data/ratis] (custom)
2021-01-11 13:55:46,452 [pool-1222-thread-1] INFO  server.RaftServerConfigKeys (ConfUtils.java:logGet(44)) - raft.server.log.corruption.policy = EXCEPTION (default)
2021-01-11 13:55:46,452 [pool-1222-thread-1] INFO  storage.RaftStorageDirectory (RaftStorageDirectoryImpl.java:analyzeStorage(132)) - The storage directory /github/workspace/mnt/ozone/hadoop-ozone/integration-test/target/test-dir/MiniOzoneClusterImpl-250075fd-7b22-4ad4-b8fe-1c364b7bd722/datanode-0/data/ratis/e6a7b656-1719-4d75-8bba-2cc5247b8f08 does not exist. Creating ...
2021-01-11 13:55:46,454 [pool-1222-thread-1] INFO  storage.RaftStorageDirectory (RaftStorageDirectoryImpl.java:tryLock(215)) - Lock on /github/workspace/mnt/ozone/hadoop-ozone/integration-test/target/test-dir/MiniOzoneClusterImpl-250075fd-7b22-4ad4-b8fe-1c364b7bd722/datanode-0/data/ratis/e6a7b656-1719-4d75-8bba-2cc5247b8f08/in_use.lock acquired by nodename 17557@f5cef6452a00
2021-01-11 13:55:46,455 [pool-1222-thread-1] INFO  storage.RaftStorage (RaftStorageImpl.java:format(87)) - Storage directory /github/workspace/mnt/ozone/hadoop-ozone/integration-test/target/test-dir/MiniOzoneClusterImpl-250075fd-7b22-4ad4-b8fe-1c364b7bd722/datanode-0/data/ratis/e6a7b656-1719-4d75-8bba-2cc5247b8f08 has been successfully formatted.
2021-01-11 13:55:46,455 [pool-1222-thread-1] INFO  ratis.ContainerStateMachine (ContainerStateMachine.java:loadSnapshot(223)) - group-2CC5247B8F08: The snapshot info is null. Setting the last applied indexto:(t:0, i:~)
2021-01-11 13:55:46,455 [pool-1222-thread-1] ERROR storage.RaftStorage (RaftStorageImpl.java:readRaftConfiguration(147)) - Failed reading configuration from file:/github/workspace/mnt/ozone/hadoop-ozone/integration-test/target/test-dir/MiniOzoneClusterImpl-250075fd-7b22-4ad4-b8fe-1c364b7bd722/datanode-0/data/ratis/e6a7b656-1719-4d75-8bba-2cc5247b8f08/current/raft-meta.conf
java.io.FileNotFoundException: /github/workspace/mnt/ozone/hadoop-ozone/integration-test/target/test-dir/MiniOzoneClusterImpl-250075fd-7b22-4ad4-b8fe-1c364b7bd722/datanode-0/data/ratis/e6a7b656-1719-4d75-8bba-2cc5247b8f08/current/raft-meta.conf (No such file or directory)
	at java.io.FileInputStream.open0(Native Method)
	at java.io.FileInputStream.open(FileInputStream.java:195)
	at java.io.FileInputStream.<init>(FileInputStream.java:138)
	at org.apache.ratis.server.storage.RaftStorageImpl.readRaftConfiguration(RaftStorageImpl.java:143)
	at org.apache.ratis.server.impl.ServerState.<init>(ServerState.java:113)
	at org.apache.ratis.server.impl.RaftServerImpl.<init>(RaftServerImpl.java:192)
	at org.apache.ratis.server.impl.RaftServerProxy.lambda$newRaftServerImpl$4(RaftServerProxy.java:266)
	at java.util.concurrent.CompletableFuture$AsyncSupply.run(CompletableFuture.java:1604)
	at java.util.concurrent.ThreadPoolExecutor.runWorker(ThreadPoolExecutor.java:1149)
	at java.util.concurrent.ThreadPoolExecutor$Worker.run(ThreadPoolExecutor.java:624)
	at java.lang.Thread.run(Thread.java:748)
2021-01-11 13:55:46,456 [EventQueue-OpenPipelineForHealthyPipelineSafeModeRule] INFO  safemode.SCMSafeModeManager (HealthyPipelineSafeModeRule.java:process(128)) - SCM in safe mode. Healthy pipelines reported count is 0, required healthy pipeline reported count is 1
2021-01-11 13:55:46,456 [EventQueue-PipelineReportForOneReplicaPipelineSafeModeRule] INFO  safemode.SCMSafeModeManager (SCMSafeModeManager.java:validateSafeModeExitRules(214)) - AtleastOneDatanodeReportedRule rule is successfully validated
2021-01-11 13:55:46,456 [pool-1222-thread-1] INFO  server.RaftServerConfigKeys (ConfUtils.java:logGet(44)) - raft.server.notification.no-leader.timeout = 300s (custom)
2021-01-11 13:55:46,456 [pool-1222-thread-1] INFO  server.RaftServerConfigKeys (ConfUtils.java:logGet(44)) - raft.server.log.use.memory = false (default)
2021-01-11 13:55:46,456 [pool-1222-thread-1] INFO  server.RaftServerConfigKeys (ConfUtils.java:logGet(44)) - raft.server.log.purge.gap = 1000000 (custom)
2021-01-11 13:55:46,456 [pool-1222-thread-1] INFO  server.RaftServerConfigKeys (ConfUtils.java:logGet(44)) - raft.server.log.appender.buffer.byte-limit = 33554432 (custom)
2021-01-11 13:55:46,456 [pool-1222-thread-1] INFO  metrics.RatisMetrics (RatisMetrics.java:lambda$create$0(36)) - Creating Metrics Registry : ratis.log_worker.54c5675f-ba62-45ed-9220-9f8a0729676f@group-2CC5247B8F08
2021-01-11 13:55:46,456 [pool-1222-thread-1] INFO  server.RaftServerConfigKeys (ConfUtils.java:logGet(44)) - raft.server.log.segment.size.max = 1048576 (custom)
2021-01-11 13:55:46,458 [pool-1222-thread-1] INFO  server.RaftServerConfigKeys (ConfUtils.java:logGet(44)) - raft.server.log.segment.cache.num.max = 2 (custom)
2021-01-11 13:55:46,458 [pool-1222-thread-1] INFO  server.RaftServerConfigKeys (ConfUtils.java:logGet(44)) - raft.server.log.segment.cache.size.max = 200MB (=209715200) (default)
2021-01-11 13:55:46,458 [pool-1222-thread-1] INFO  segmented.SegmentedRaftLogWorker (SegmentedRaftLogWorker.java:<init>(181)) - new 54c5675f-ba62-45ed-9220-9f8a0729676f@group-2CC5247B8F08-SegmentedRaftLogWorker for RaftStorageImpl:Storage Directory /github/workspace/mnt/ozone/hadoop-ozone/integration-test/target/test-dir/MiniOzoneClusterImpl-250075fd-7b22-4ad4-b8fe-1c364b7bd722/datanode-0/data/ratis/e6a7b656-1719-4d75-8bba-2cc5247b8f08
2021-01-11 13:55:46,458 [pool-1222-thread-1] INFO  server.RaftServerConfigKeys (ConfUtils.java:logGet(44)) - raft.server.log.queue.byte-limit = 2147483647 (custom)
2021-01-11 13:55:46,458 [pool-1222-thread-1] INFO  server.RaftServerConfigKeys (ConfUtils.java:logGet(44)) - raft.server.log.queue.element-limit = 1024 (custom)
2021-01-11 13:55:46,458 [pool-1222-thread-1] INFO  server.RaftServerConfigKeys (ConfUtils.java:logGet(44)) - raft.server.log.segment.size.max = 1048576 (custom)
2021-01-11 13:55:46,458 [pool-1222-thread-1] INFO  server.RaftServerConfigKeys (ConfUtils.java:logGet(44)) - raft.server.log.preallocated.size = 16384 (custom)
2021-01-11 13:55:46,458 [pool-1222-thread-1] INFO  server.RaftServerConfigKeys (ConfUtils.java:logGet(44)) - raft.server.log.force.sync.num = 128 (default)
2021-01-11 13:55:46,458 [pool-1222-thread-1] INFO  server.RaftServerConfigKeys (ConfUtils.java:logGet(44)) - raft.server.log.statemachine.data.sync = true (default)
2021-01-11 13:55:46,458 [pool-1222-thread-1] INFO  server.RaftServerConfigKeys (ConfUtils.java:logGet(44)) - raft.server.log.statemachine.data.sync.timeout = 10s (default)
2021-01-11 13:55:46,458 [pool-1222-thread-1] INFO  server.RaftServerConfigKeys (ConfUtils.java:logGet(44)) - raft.server.log.statemachine.data.sync.timeout.retry = -1 (default)
2021-01-11 13:55:46,461 [pool-1222-thread-1] INFO  server.RaftServerConfigKeys (ConfUtils.java:logGet(44)) - raft.server.log.write.buffer.size = 1048576 (custom)
2021-01-11 13:55:46,462 [pool-1222-thread-1] INFO  server.RaftServerConfigKeys (ConfUtils.java:logGet(44)) - raft.server.log.statemachine.data.caching.enabled = true (custom)
2021-01-11 13:55:46,462 [pool-1222-thread-1] INFO  segmented.SegmentedRaftLogWorker (SegmentedRaftLogWorker.java:lambda$new$0(132)) - 54c5675f-ba62-45ed-9220-9f8a0729676f@group-2CC5247B8F08-SegmentedRaftLogWorker: flushIndex: setUnconditionally 0 -> -1
2021-01-11 13:55:46,462 [pool-1222-thread-1] INFO  segmented.SegmentedRaftLogWorker (SegmentedRaftLogWorker.java:lambda$new$0(132)) - 54c5675f-ba62-45ed-9220-9f8a0729676f@group-2CC5247B8F08-SegmentedRaftLogWorker: safeCacheEvictIndex: setUnconditionally 0 -> -1
2021-01-11 13:55:46,462 [pool-1222-thread-1] INFO  server.RaftServerConfigKeys (ConfUtils.java:logGet(44)) - raft.server.snapshot.auto.trigger.enabled = true (custom)
2021-01-11 13:55:46,462 [pool-1222-thread-1] INFO  server.RaftServerConfigKeys (ConfUtils.java:logGet(44)) - raft.server.snapshot.auto.trigger.threshold = 10000 (custom)
2021-01-11 13:55:46,462 [pool-1222-thread-1] INFO  server.RaftServerConfigKeys (ConfUtils.java:logGet(44)) - raft.server.snapshot.retention.file.num = 5 (custom)
2021-01-11 13:55:46,462 [pool-1222-thread-1] INFO  server.RaftServerConfigKeys (ConfUtils.java:logGet(44)) - raft.server.log.purge.upto.snapshot.index = false (default)
2021-01-11 13:55:46,462 [pool-1222-thread-1] INFO  server.RaftServerConfigKeys (ConfUtils.java:logGet(44)) - raft.server.retrycache.expirytime = 600000ms (custom)
2021-01-11 13:55:46,462 [pool-1222-thread-1] INFO  server.RaftServerConfigKeys (ConfUtils.java:logGet(44)) - raft.server.retrycache.statistics.expirytime = 100?s (default)
2021-01-11 13:55:46,463 [pool-1222-thread-1] INFO  metrics.RatisMetrics (RatisMetrics.java:lambda$create$0(36)) - Creating Metrics Registry : ratis.leader_election.54c5675f-ba62-45ed-9220-9f8a0729676f@group-2CC5247B8F08
2021-01-11 13:55:46,464 [pool-1222-thread-1] INFO  metrics.RatisMetrics (RatisMetrics.java:lambda$create$0(36)) - Creating Metrics Registry : ratis.server.54c5675f-ba62-45ed-9220-9f8a0729676f@group-2CC5247B8F08
2021-01-11 13:55:46,466 [pool-1222-thread-1] INFO  server.RaftServer$Division (RaftServerImpl.java:start(294)) - 54c5675f-ba62-45ed-9220-9f8a0729676f@group-2CC5247B8F08: start as a follower, conf=-1: [515d1186-b946-4ae1-b8cc-4f597259d7e8|rpc:172.17.0.2:38339|priority:1, 54c5675f-ba62-45ed-9220-9f8a0729676f|rpc:172.17.0.2:37175|priority:0, dd50be5a-5af1-4aec-ba2d-21cfbf161371|rpc:172.17.0.2:37613|priority:0], old=null
2021-01-11 13:55:46,466 [pool-1222-thread-1] INFO  server.RaftServer$Division (RaftServerImpl.java:setRole(283)) - 54c5675f-ba62-45ed-9220-9f8a0729676f@group-2CC5247B8F08: changes role from      null to FOLLOWER at term 0 for startAsFollower
2021-01-11 13:55:46,466 [pool-1222-thread-1] INFO  impl.RoleInfo (RoleInfo.java:updateAndGet(130)) - 54c5675f-ba62-45ed-9220-9f8a0729676f: start 54c5675f-ba62-45ed-9220-9f8a0729676f@group-2CC5247B8F08-FollowerState
2021-01-11 13:55:46,467 [pool-1222-thread-1] INFO  util.JmxRegister (JmxRegister.java:tryRegister(44)) - Successfully registered JMX Bean with object name Ratis:service=RaftServer,group=group-2CC5247B8F08,id=54c5675f-ba62-45ed-9220-9f8a0729676f
2021-01-11 13:55:46,467 [pool-1222-thread-1] INFO  metrics.RatisMetrics (RatisMetrics.java:lambda$create$0(36)) - Creating Metrics Registry : ratis.state_machine.54c5675f-ba62-45ed-9220-9f8a0729676f@group-2CC5247B8F08
2021-01-11 13:55:46,469 [Command processor thread] INFO  metrics.RatisMetrics (RatisMetrics.java:lambda$create$0(36)) - Creating Metrics Registry : ratis.client_message_metrics.client-C714A228F266->dd50be5a-5af1-4aec-ba2d-21cfbf161371
2021-01-11 13:55:46,474 [grpc-default-executor-11] INFO  server.RaftServer (RaftServerProxy.java:addNew(95)) - dd50be5a-5af1-4aec-ba2d-21cfbf161371: addNew group-2CC5247B8F08:[515d1186-b946-4ae1-b8cc-4f597259d7e8|rpc:172.17.0.2:38339|dataStream:|priority:1, 54c5675f-ba62-45ed-9220-9f8a0729676f|rpc:172.17.0.2:37175|dataStream:|priority:0, dd50be5a-5af1-4aec-ba2d-21cfbf161371|rpc:172.17.0.2:37613|dataStream:|priority:0] returns group-2CC5247B8F08:java.util.concurrent.CompletableFuture@abf1c74[Not completed]
2021-01-11 13:55:46,474 [pool-1238-thread-1] INFO  server.RaftServer$Division (RaftServerImpl.java:<init>(179)) - dd50be5a-5af1-4aec-ba2d-21cfbf161371: new RaftServerImpl for group-2CC5247B8F08:[515d1186-b946-4ae1-b8cc-4f597259d7e8|rpc:172.17.0.2:38339|dataStream:|priority:1, 54c5675f-ba62-45ed-9220-9f8a0729676f|rpc:172.17.0.2:37175|dataStream:|priority:0, dd50be5a-5af1-4aec-ba2d-21cfbf161371|rpc:172.17.0.2:37613|dataStream:|priority:0] with ContainerStateMachine:uninitialized
2021-01-11 13:55:46,474 [pool-1238-thread-1] INFO  server.RaftServerConfigKeys (ConfUtils.java:logGet(44)) - raft.server.rpc.timeout.min = 5s (custom)
2021-01-11 13:55:46,474 [pool-1238-thread-1] INFO  server.RaftServerConfigKeys (ConfUtils.java:logGet(44)) - raft.server.rpc.timeout.max = 5200ms (custom)
2021-01-11 13:55:46,474 [pool-1238-thread-1] INFO  server.RaftServerConfigKeys (ConfUtils.java:logGet(44)) - raft.server.rpc.sleep.time = 25ms (default)
2021-01-11 13:55:46,474 [pool-1238-thread-1] INFO  server.RaftServerConfigKeys (ConfUtils.java:logGet(44)) - raft.server.rpc.slowness.timeout = 300s (custom)
2021-01-11 13:55:46,474 [pool-1238-thread-1] INFO  server.RaftServerConfigKeys (ConfUtils.java:logGet(44)) - raft.server.leaderelection.leader.step-down.wait-time = 10s (default)
2021-01-11 13:55:46,475 [pool-1238-thread-1] INFO  server.RaftServerConfigKeys (ConfUtils.java:logGet(44)) - raft.server.sleep.deviation.threshold = 300ms (default)
2021-01-11 13:55:46,475 [pool-1238-thread-1] INFO  server.RaftServerConfigKeys (ConfUtils.java:logGet(44)) - raft.server.log.appender.install.snapshot.enabled = false (custom)
2021-01-11 13:55:46,475 [pool-1238-thread-1] INFO  server.RaftServer$Division (ServerState.java:<init>(103)) - dd50be5a-5af1-4aec-ba2d-21cfbf161371@group-2CC5247B8F08: ConfigurationManager, init=-1: [515d1186-b946-4ae1-b8cc-4f597259d7e8|rpc:172.17.0.2:38339|dataStream:|priority:1, 54c5675f-ba62-45ed-9220-9f8a0729676f|rpc:172.17.0.2:37175|dataStream:|priority:0, dd50be5a-5af1-4aec-ba2d-21cfbf161371|rpc:172.17.0.2:37613|dataStream:|priority:0], old=null, confs=<EMPTY_MAP>
2021-01-11 13:55:46,475 [pool-1238-thread-1] INFO  server.RaftServerConfigKeys (ConfUtils.java:logGet(44)) - raft.server.storage.dir = [/github/workspace/mnt/ozone/hadoop-ozone/integration-test/target/test-dir/MiniOzoneClusterImpl-250075fd-7b22-4ad4-b8fe-1c364b7bd722/datanode-1/data/ratis] (custom)
2021-01-11 13:55:46,475 [pool-1238-thread-1] INFO  server.RaftServerConfigKeys (ConfUtils.java:logGet(44)) - raft.server.log.corruption.policy = EXCEPTION (default)
2021-01-11 13:55:46,475 [pool-1238-thread-1] INFO  storage.RaftStorageDirectory (RaftStorageDirectoryImpl.java:analyzeStorage(132)) - The storage directory /github/workspace/mnt/ozone/hadoop-ozone/integration-test/target/test-dir/MiniOzoneClusterImpl-250075fd-7b22-4ad4-b8fe-1c364b7bd722/datanode-1/data/ratis/e6a7b656-1719-4d75-8bba-2cc5247b8f08 does not exist. Creating ...
2021-01-11 13:55:46,476 [pool-1238-thread-1] INFO  storage.RaftStorageDirectory (RaftStorageDirectoryImpl.java:tryLock(215)) - Lock on /github/workspace/mnt/ozone/hadoop-ozone/integration-test/target/test-dir/MiniOzoneClusterImpl-250075fd-7b22-4ad4-b8fe-1c364b7bd722/datanode-1/data/ratis/e6a7b656-1719-4d75-8bba-2cc5247b8f08/in_use.lock acquired by nodename 17557@f5cef6452a00
2021-01-11 13:55:46,477 [pool-1238-thread-1] INFO  storage.RaftStorage (RaftStorageImpl.java:format(87)) - Storage directory /github/workspace/mnt/ozone/hadoop-ozone/integration-test/target/test-dir/MiniOzoneClusterImpl-250075fd-7b22-4ad4-b8fe-1c364b7bd722/datanode-1/data/ratis/e6a7b656-1719-4d75-8bba-2cc5247b8f08 has been successfully formatted.
2021-01-11 13:55:46,478 [pool-1238-thread-1] INFO  ratis.ContainerStateMachine (ContainerStateMachine.java:loadSnapshot(223)) - group-2CC5247B8F08: The snapshot info is null. Setting the last applied indexto:(t:0, i:~)
2021-01-11 13:55:46,478 [EventQueue-PipelineReportForOneReplicaPipelineSafeModeRule] INFO  safemode.SCMSafeModeManager (SCMSafeModeManager.java:validateSafeModeExitRules(214)) - AtleastOneDatanodeReportedRule rule is successfully validated
2021-01-11 13:55:46,478 [pool-1238-thread-1] ERROR storage.RaftStorage (RaftStorageImpl.java:readRaftConfiguration(147)) - Failed reading configuration from file:/github/workspace/mnt/ozone/hadoop-ozone/integration-test/target/test-dir/MiniOzoneClusterImpl-250075fd-7b22-4ad4-b8fe-1c364b7bd722/datanode-1/data/ratis/e6a7b656-1719-4d75-8bba-2cc5247b8f08/current/raft-meta.conf
java.io.FileNotFoundException: /github/workspace/mnt/ozone/hadoop-ozone/integration-test/target/test-dir/MiniOzoneClusterImpl-250075fd-7b22-4ad4-b8fe-1c364b7bd722/datanode-1/data/ratis/e6a7b656-1719-4d75-8bba-2cc5247b8f08/current/raft-meta.conf (No such file or directory)
	at java.io.FileInputStream.open0(Native Method)
	at java.io.FileInputStream.open(FileInputStream.java:195)
	at java.io.FileInputStream.<init>(FileInputStream.java:138)
	at org.apache.ratis.server.storage.RaftStorageImpl.readRaftConfiguration(RaftStorageImpl.java:143)
	at org.apache.ratis.server.impl.ServerState.<init>(ServerState.java:113)
	at org.apache.ratis.server.impl.RaftServerImpl.<init>(RaftServerImpl.java:192)
	at org.apache.ratis.server.impl.RaftServerProxy.lambda$newRaftServerImpl$4(RaftServerProxy.java:266)
	at java.util.concurrent.CompletableFuture$AsyncSupply.run(CompletableFuture.java:1604)
	at java.util.concurrent.ThreadPoolExecutor.runWorker(ThreadPoolExecutor.java:1149)
	at java.util.concurrent.ThreadPoolExecutor$Worker.run(ThreadPoolExecutor.java:624)
	at java.lang.Thread.run(Thread.java:748)
2021-01-11 13:55:46,479 [pool-1238-thread-1] INFO  server.RaftServerConfigKeys (ConfUtils.java:logGet(44)) - raft.server.notification.no-leader.timeout = 300s (custom)
2021-01-11 13:55:46,479 [pool-1238-thread-1] INFO  server.RaftServerConfigKeys (ConfUtils.java:logGet(44)) - raft.server.log.use.memory = false (default)
2021-01-11 13:55:46,479 [pool-1238-thread-1] INFO  server.RaftServerConfigKeys (ConfUtils.java:logGet(44)) - raft.server.log.purge.gap = 1000000 (custom)
2021-01-11 13:55:46,479 [pool-1238-thread-1] INFO  server.RaftServerConfigKeys (ConfUtils.java:logGet(44)) - raft.server.log.appender.buffer.byte-limit = 33554432 (custom)
2021-01-11 13:55:46,479 [pool-1238-thread-1] INFO  metrics.RatisMetrics (RatisMetrics.java:lambda$create$0(36)) - Creating Metrics Registry : ratis.log_worker.dd50be5a-5af1-4aec-ba2d-21cfbf161371@group-2CC5247B8F08
2021-01-11 13:55:46,479 [pool-1238-thread-1] INFO  server.RaftServerConfigKeys (ConfUtils.java:logGet(44)) - raft.server.log.segment.size.max = 1048576 (custom)
2021-01-11 13:55:46,481 [pool-1238-thread-1] INFO  server.RaftServerConfigKeys (ConfUtils.java:logGet(44)) - raft.server.log.segment.cache.num.max = 2 (custom)
2021-01-11 13:55:46,481 [pool-1238-thread-1] INFO  server.RaftServerConfigKeys (ConfUtils.java:logGet(44)) - raft.server.log.segment.cache.size.max = 200MB (=209715200) (default)
2021-01-11 13:55:46,481 [pool-1238-thread-1] INFO  segmented.SegmentedRaftLogWorker (SegmentedRaftLogWorker.java:<init>(181)) - new dd50be5a-5af1-4aec-ba2d-21cfbf161371@group-2CC5247B8F08-SegmentedRaftLogWorker for RaftStorageImpl:Storage Directory /github/workspace/mnt/ozone/hadoop-ozone/integration-test/target/test-dir/MiniOzoneClusterImpl-250075fd-7b22-4ad4-b8fe-1c364b7bd722/datanode-1/data/ratis/e6a7b656-1719-4d75-8bba-2cc5247b8f08
2021-01-11 13:55:46,481 [pool-1238-thread-1] INFO  server.RaftServerConfigKeys (ConfUtils.java:logGet(44)) - raft.server.log.queue.byte-limit = 2147483647 (custom)
2021-01-11 13:55:46,481 [pool-1238-thread-1] INFO  server.RaftServerConfigKeys (ConfUtils.java:logGet(44)) - raft.server.log.queue.element-limit = 1024 (custom)
2021-01-11 13:55:46,481 [pool-1238-thread-1] INFO  server.RaftServerConfigKeys (ConfUtils.java:logGet(44)) - raft.server.log.segment.size.max = 1048576 (custom)
2021-01-11 13:55:46,481 [pool-1238-thread-1] INFO  server.RaftServerConfigKeys (ConfUtils.java:logGet(44)) - raft.server.log.preallocated.size = 16384 (custom)
2021-01-11 13:55:46,481 [pool-1238-thread-1] INFO  server.RaftServerConfigKeys (ConfUtils.java:logGet(44)) - raft.server.log.force.sync.num = 128 (default)
2021-01-11 13:55:46,481 [pool-1238-thread-1] INFO  server.RaftServerConfigKeys (ConfUtils.java:logGet(44)) - raft.server.log.statemachine.data.sync = true (default)
2021-01-11 13:55:46,481 [pool-1238-thread-1] INFO  server.RaftServerConfigKeys (ConfUtils.java:logGet(44)) - raft.server.log.statemachine.data.sync.timeout = 10s (default)
2021-01-11 13:55:46,481 [pool-1238-thread-1] INFO  server.RaftServerConfigKeys (ConfUtils.java:logGet(44)) - raft.server.log.statemachine.data.sync.timeout.retry = -1 (default)
2021-01-11 13:55:46,484 [pool-1238-thread-1] INFO  server.RaftServerConfigKeys (ConfUtils.java:logGet(44)) - raft.server.log.write.buffer.size = 1048576 (custom)
2021-01-11 13:55:46,485 [pool-1238-thread-1] INFO  server.RaftServerConfigKeys (ConfUtils.java:logGet(44)) - raft.server.log.statemachine.data.caching.enabled = true (custom)
2021-01-11 13:55:46,485 [pool-1238-thread-1] INFO  segmented.SegmentedRaftLogWorker (SegmentedRaftLogWorker.java:lambda$new$0(132)) - dd50be5a-5af1-4aec-ba2d-21cfbf161371@group-2CC5247B8F08-SegmentedRaftLogWorker: flushIndex: setUnconditionally 0 -> -1
2021-01-11 13:55:46,485 [pool-1238-thread-1] INFO  segmented.SegmentedRaftLogWorker (SegmentedRaftLogWorker.java:lambda$new$0(132)) - dd50be5a-5af1-4aec-ba2d-21cfbf161371@group-2CC5247B8F08-SegmentedRaftLogWorker: safeCacheEvictIndex: setUnconditionally 0 -> -1
2021-01-11 13:55:46,485 [pool-1238-thread-1] INFO  server.RaftServerConfigKeys (ConfUtils.java:logGet(44)) - raft.server.snapshot.auto.trigger.enabled = true (custom)
2021-01-11 13:55:46,485 [pool-1238-thread-1] INFO  server.RaftServerConfigKeys (ConfUtils.java:logGet(44)) - raft.server.snapshot.auto.trigger.threshold = 10000 (custom)
2021-01-11 13:55:46,486 [pool-1238-thread-1] INFO  server.RaftServerConfigKeys (ConfUtils.java:logGet(44)) - raft.server.snapshot.retention.file.num = 5 (custom)
2021-01-11 13:55:46,486 [pool-1238-thread-1] INFO  server.RaftServerConfigKeys (ConfUtils.java:logGet(44)) - raft.server.log.purge.upto.snapshot.index = false (default)
2021-01-11 13:55:46,486 [pool-1238-thread-1] INFO  server.RaftServerConfigKeys (ConfUtils.java:logGet(44)) - raft.server.retrycache.expirytime = 600000ms (custom)
2021-01-11 13:55:46,486 [pool-1238-thread-1] INFO  server.RaftServerConfigKeys (ConfUtils.java:logGet(44)) - raft.server.retrycache.statistics.expirytime = 100?s (default)
2021-01-11 13:55:46,486 [pool-1238-thread-1] INFO  metrics.RatisMetrics (RatisMetrics.java:lambda$create$0(36)) - Creating Metrics Registry : ratis.leader_election.dd50be5a-5af1-4aec-ba2d-21cfbf161371@group-2CC5247B8F08
2021-01-11 13:55:46,487 [pool-1238-thread-1] INFO  metrics.RatisMetrics (RatisMetrics.java:lambda$create$0(36)) - Creating Metrics Registry : ratis.server.dd50be5a-5af1-4aec-ba2d-21cfbf161371@group-2CC5247B8F08
2021-01-11 13:55:46,490 [pool-1238-thread-1] INFO  server.RaftServer$Division (RaftServerImpl.java:start(294)) - dd50be5a-5af1-4aec-ba2d-21cfbf161371@group-2CC5247B8F08: start as a follower, conf=-1: [515d1186-b946-4ae1-b8cc-4f597259d7e8|rpc:172.17.0.2:38339|dataStream:|priority:1, 54c5675f-ba62-45ed-9220-9f8a0729676f|rpc:172.17.0.2:37175|dataStream:|priority:0, dd50be5a-5af1-4aec-ba2d-21cfbf161371|rpc:172.17.0.2:37613|dataStream:|priority:0], old=null
2021-01-11 13:55:46,490 [pool-1238-thread-1] INFO  server.RaftServer$Division (RaftServerImpl.java:setRole(283)) - dd50be5a-5af1-4aec-ba2d-21cfbf161371@group-2CC5247B8F08: changes role from      null to FOLLOWER at term 0 for startAsFollower
2021-01-11 13:55:46,490 [pool-1238-thread-1] INFO  impl.RoleInfo (RoleInfo.java:updateAndGet(130)) - dd50be5a-5af1-4aec-ba2d-21cfbf161371: start dd50be5a-5af1-4aec-ba2d-21cfbf161371@group-2CC5247B8F08-FollowerState
2021-01-11 13:55:46,490 [pool-1238-thread-1] INFO  util.JmxRegister (JmxRegister.java:tryRegister(44)) - Successfully registered JMX Bean with object name Ratis:service=RaftServer,group=group-2CC5247B8F08,id=dd50be5a-5af1-4aec-ba2d-21cfbf161371
2021-01-11 13:55:46,490 [pool-1238-thread-1] INFO  metrics.RatisMetrics (RatisMetrics.java:lambda$create$0(36)) - Creating Metrics Registry : ratis.state_machine.dd50be5a-5af1-4aec-ba2d-21cfbf161371@group-2CC5247B8F08
2021-01-11 13:55:46,494 [Command processor thread] INFO  metrics.RatisMetrics (RatisMetrics.java:lambda$create$0(36)) - Creating Metrics Registry : ratis.client_message_metrics.client-66EC17620693->515d1186-b946-4ae1-b8cc-4f597259d7e8
2021-01-11 13:55:46,498 [grpc-default-executor-11] INFO  server.RaftServer (RaftServerProxy.java:addNew(95)) - 515d1186-b946-4ae1-b8cc-4f597259d7e8: addNew group-2CC5247B8F08:[515d1186-b946-4ae1-b8cc-4f597259d7e8|rpc:172.17.0.2:38339|dataStream:|priority:1, 54c5675f-ba62-45ed-9220-9f8a0729676f|rpc:172.17.0.2:37175|dataStream:|priority:0, dd50be5a-5af1-4aec-ba2d-21cfbf161371|rpc:172.17.0.2:37613|dataStream:|priority:0] returns group-2CC5247B8F08:java.util.concurrent.CompletableFuture@48e82945[Not completed]
2021-01-11 13:55:46,499 [pool-1254-thread-1] INFO  server.RaftServer$Division (RaftServerImpl.java:<init>(179)) - 515d1186-b946-4ae1-b8cc-4f597259d7e8: new RaftServerImpl for group-2CC5247B8F08:[515d1186-b946-4ae1-b8cc-4f597259d7e8|rpc:172.17.0.2:38339|dataStream:|priority:1, 54c5675f-ba62-45ed-9220-9f8a0729676f|rpc:172.17.0.2:37175|dataStream:|priority:0, dd50be5a-5af1-4aec-ba2d-21cfbf161371|rpc:172.17.0.2:37613|dataStream:|priority:0] with ContainerStateMachine:uninitialized
2021-01-11 13:55:46,499 [pool-1254-thread-1] INFO  server.RaftServerConfigKeys (ConfUtils.java:logGet(44)) - raft.server.rpc.timeout.min = 5s (custom)
2021-01-11 13:55:46,499 [pool-1254-thread-1] INFO  server.RaftServerConfigKeys (ConfUtils.java:logGet(44)) - raft.server.rpc.timeout.max = 5200ms (custom)
2021-01-11 13:55:46,499 [pool-1254-thread-1] INFO  server.RaftServerConfigKeys (ConfUtils.java:logGet(44)) - raft.server.rpc.sleep.time = 25ms (default)
2021-01-11 13:55:46,499 [pool-1254-thread-1] INFO  server.RaftServerConfigKeys (ConfUtils.java:logGet(44)) - raft.server.rpc.slowness.timeout = 300s (custom)
2021-01-11 13:55:46,499 [pool-1254-thread-1] INFO  server.RaftServerConfigKeys (ConfUtils.java:logGet(44)) - raft.server.leaderelection.leader.step-down.wait-time = 10s (default)
2021-01-11 13:55:46,499 [pool-1254-thread-1] INFO  server.RaftServerConfigKeys (ConfUtils.java:logGet(44)) - raft.server.sleep.deviation.threshold = 300ms (default)
2021-01-11 13:55:46,499 [pool-1254-thread-1] INFO  server.RaftServerConfigKeys (ConfUtils.java:logGet(44)) - raft.server.log.appender.install.snapshot.enabled = false (custom)
2021-01-11 13:55:46,499 [pool-1254-thread-1] INFO  server.RaftServer$Division (ServerState.java:<init>(103)) - 515d1186-b946-4ae1-b8cc-4f597259d7e8@group-2CC5247B8F08: ConfigurationManager, init=-1: [515d1186-b946-4ae1-b8cc-4f597259d7e8|rpc:172.17.0.2:38339|dataStream:|priority:1, 54c5675f-ba62-45ed-9220-9f8a0729676f|rpc:172.17.0.2:37175|dataStream:|priority:0, dd50be5a-5af1-4aec-ba2d-21cfbf161371|rpc:172.17.0.2:37613|dataStream:|priority:0], old=null, confs=<EMPTY_MAP>
2021-01-11 13:55:46,499 [pool-1254-thread-1] INFO  server.RaftServerConfigKeys (ConfUtils.java:logGet(44)) - raft.server.storage.dir = [/github/workspace/mnt/ozone/hadoop-ozone/integration-test/target/test-dir/MiniOzoneClusterImpl-250075fd-7b22-4ad4-b8fe-1c364b7bd722/datanode-2/data/ratis] (custom)
2021-01-11 13:55:46,500 [pool-1254-thread-1] INFO  server.RaftServerConfigKeys (ConfUtils.java:logGet(44)) - raft.server.log.corruption.policy = EXCEPTION (default)
2021-01-11 13:55:46,500 [pool-1254-thread-1] INFO  storage.RaftStorageDirectory (RaftStorageDirectoryImpl.java:analyzeStorage(132)) - The storage directory /github/workspace/mnt/ozone/hadoop-ozone/integration-test/target/test-dir/MiniOzoneClusterImpl-250075fd-7b22-4ad4-b8fe-1c364b7bd722/datanode-2/data/ratis/e6a7b656-1719-4d75-8bba-2cc5247b8f08 does not exist. Creating ...
2021-01-11 13:55:46,501 [pool-1254-thread-1] INFO  storage.RaftStorageDirectory (RaftStorageDirectoryImpl.java:tryLock(215)) - Lock on /github/workspace/mnt/ozone/hadoop-ozone/integration-test/target/test-dir/MiniOzoneClusterImpl-250075fd-7b22-4ad4-b8fe-1c364b7bd722/datanode-2/data/ratis/e6a7b656-1719-4d75-8bba-2cc5247b8f08/in_use.lock acquired by nodename 17557@f5cef6452a00
2021-01-11 13:55:46,504 [pool-1254-thread-1] INFO  storage.RaftStorage (RaftStorageImpl.java:format(87)) - Storage directory /github/workspace/mnt/ozone/hadoop-ozone/integration-test/target/test-dir/MiniOzoneClusterImpl-250075fd-7b22-4ad4-b8fe-1c364b7bd722/datanode-2/data/ratis/e6a7b656-1719-4d75-8bba-2cc5247b8f08 has been successfully formatted.
2021-01-11 13:55:46,504 [pool-1254-thread-1] INFO  ratis.ContainerStateMachine (ContainerStateMachine.java:loadSnapshot(223)) - group-2CC5247B8F08: The snapshot info is null. Setting the last applied indexto:(t:0, i:~)
2021-01-11 13:55:46,504 [pool-1254-thread-1] ERROR storage.RaftStorage (RaftStorageImpl.java:readRaftConfiguration(147)) - Failed reading configuration from file:/github/workspace/mnt/ozone/hadoop-ozone/integration-test/target/test-dir/MiniOzoneClusterImpl-250075fd-7b22-4ad4-b8fe-1c364b7bd722/datanode-2/data/ratis/e6a7b656-1719-4d75-8bba-2cc5247b8f08/current/raft-meta.conf
java.io.FileNotFoundException: /github/workspace/mnt/ozone/hadoop-ozone/integration-test/target/test-dir/MiniOzoneClusterImpl-250075fd-7b22-4ad4-b8fe-1c364b7bd722/datanode-2/data/ratis/e6a7b656-1719-4d75-8bba-2cc5247b8f08/current/raft-meta.conf (No such file or directory)
	at java.io.FileInputStream.open0(Native Method)
	at java.io.FileInputStream.open(FileInputStream.java:195)
	at java.io.FileInputStream.<init>(FileInputStream.java:138)
	at org.apache.ratis.server.storage.RaftStorageImpl.readRaftConfiguration(RaftStorageImpl.java:143)
	at org.apache.ratis.server.impl.ServerState.<init>(ServerState.java:113)
	at org.apache.ratis.server.impl.RaftServerImpl.<init>(RaftServerImpl.java:192)
	at org.apache.ratis.server.impl.RaftServerProxy.lambda$newRaftServerImpl$4(RaftServerProxy.java:266)
	at java.util.concurrent.CompletableFuture$AsyncSupply.run(CompletableFuture.java:1604)
	at java.util.concurrent.ThreadPoolExecutor.runWorker(ThreadPoolExecutor.java:1149)
	at java.util.concurrent.ThreadPoolExecutor$Worker.run(ThreadPoolExecutor.java:624)
	at java.lang.Thread.run(Thread.java:748)
2021-01-11 13:55:46,505 [pool-1254-thread-1] INFO  server.RaftServerConfigKeys (ConfUtils.java:logGet(44)) - raft.server.notification.no-leader.timeout = 300s (custom)
2021-01-11 13:55:46,505 [pool-1254-thread-1] INFO  server.RaftServerConfigKeys (ConfUtils.java:logGet(44)) - raft.server.log.use.memory = false (default)
2021-01-11 13:55:46,505 [pool-1254-thread-1] INFO  server.RaftServerConfigKeys (ConfUtils.java:logGet(44)) - raft.server.log.purge.gap = 1000000 (custom)
2021-01-11 13:55:46,505 [EventQueue-PipelineReportForOneReplicaPipelineSafeModeRule] INFO  safemode.SCMSafeModeManager (SCMSafeModeManager.java:validateSafeModeExitRules(214)) - AtleastOneDatanodeReportedRule rule is successfully validated
2021-01-11 13:55:46,505 [pool-1254-thread-1] INFO  server.RaftServerConfigKeys (ConfUtils.java:logGet(44)) - raft.server.log.appender.buffer.byte-limit = 33554432 (custom)
2021-01-11 13:55:46,505 [pool-1254-thread-1] INFO  metrics.RatisMetrics (RatisMetrics.java:lambda$create$0(36)) - Creating Metrics Registry : ratis.log_worker.515d1186-b946-4ae1-b8cc-4f597259d7e8@group-2CC5247B8F08
2021-01-11 13:55:46,505 [pool-1254-thread-1] INFO  server.RaftServerConfigKeys (ConfUtils.java:logGet(44)) - raft.server.log.segment.size.max = 1048576 (custom)
2021-01-11 13:55:46,507 [pool-1254-thread-1] INFO  server.RaftServerConfigKeys (ConfUtils.java:logGet(44)) - raft.server.log.segment.cache.num.max = 2 (custom)
2021-01-11 13:55:46,507 [pool-1254-thread-1] INFO  server.RaftServerConfigKeys (ConfUtils.java:logGet(44)) - raft.server.log.segment.cache.size.max = 200MB (=209715200) (default)
2021-01-11 13:55:46,507 [pool-1254-thread-1] INFO  segmented.SegmentedRaftLogWorker (SegmentedRaftLogWorker.java:<init>(181)) - new 515d1186-b946-4ae1-b8cc-4f597259d7e8@group-2CC5247B8F08-SegmentedRaftLogWorker for RaftStorageImpl:Storage Directory /github/workspace/mnt/ozone/hadoop-ozone/integration-test/target/test-dir/MiniOzoneClusterImpl-250075fd-7b22-4ad4-b8fe-1c364b7bd722/datanode-2/data/ratis/e6a7b656-1719-4d75-8bba-2cc5247b8f08
2021-01-11 13:55:46,507 [pool-1254-thread-1] INFO  server.RaftServerConfigKeys (ConfUtils.java:logGet(44)) - raft.server.log.queue.byte-limit = 2147483647 (custom)
2021-01-11 13:55:46,507 [pool-1254-thread-1] INFO  server.RaftServerConfigKeys (ConfUtils.java:logGet(44)) - raft.server.log.queue.element-limit = 1024 (custom)
2021-01-11 13:55:46,507 [pool-1254-thread-1] INFO  server.RaftServerConfigKeys (ConfUtils.java:logGet(44)) - raft.server.log.segment.size.max = 1048576 (custom)
2021-01-11 13:55:46,507 [pool-1254-thread-1] INFO  server.RaftServerConfigKeys (ConfUtils.java:logGet(44)) - raft.server.log.preallocated.size = 16384 (custom)
2021-01-11 13:55:46,507 [pool-1254-thread-1] INFO  server.RaftServerConfigKeys (ConfUtils.java:logGet(44)) - raft.server.log.force.sync.num = 128 (default)
2021-01-11 13:55:46,507 [pool-1254-thread-1] INFO  server.RaftServerConfigKeys (ConfUtils.java:logGet(44)) - raft.server.log.statemachine.data.sync = true (default)
2021-01-11 13:55:46,507 [pool-1254-thread-1] INFO  server.RaftServerConfigKeys (ConfUtils.java:logGet(44)) - raft.server.log.statemachine.data.sync.timeout = 10s (default)
2021-01-11 13:55:46,507 [pool-1254-thread-1] INFO  server.RaftServerConfigKeys (ConfUtils.java:logGet(44)) - raft.server.log.statemachine.data.sync.timeout.retry = -1 (default)
2021-01-11 13:55:46,510 [pool-1254-thread-1] INFO  server.RaftServerConfigKeys (ConfUtils.java:logGet(44)) - raft.server.log.write.buffer.size = 1048576 (custom)
2021-01-11 13:55:46,510 [pool-1254-thread-1] INFO  server.RaftServerConfigKeys (ConfUtils.java:logGet(44)) - raft.server.log.statemachine.data.caching.enabled = true (custom)
2021-01-11 13:55:46,511 [pool-1254-thread-1] INFO  segmented.SegmentedRaftLogWorker (SegmentedRaftLogWorker.java:lambda$new$0(132)) - 515d1186-b946-4ae1-b8cc-4f597259d7e8@group-2CC5247B8F08-SegmentedRaftLogWorker: flushIndex: setUnconditionally 0 -> -1
2021-01-11 13:55:46,511 [pool-1254-thread-1] INFO  segmented.SegmentedRaftLogWorker (SegmentedRaftLogWorker.java:lambda$new$0(132)) - 515d1186-b946-4ae1-b8cc-4f597259d7e8@group-2CC5247B8F08-SegmentedRaftLogWorker: safeCacheEvictIndex: setUnconditionally 0 -> -1
2021-01-11 13:55:46,511 [pool-1254-thread-1] INFO  server.RaftServerConfigKeys (ConfUtils.java:logGet(44)) - raft.server.snapshot.auto.trigger.enabled = true (custom)
2021-01-11 13:55:46,511 [pool-1254-thread-1] INFO  server.RaftServerConfigKeys (ConfUtils.java:logGet(44)) - raft.server.snapshot.auto.trigger.threshold = 10000 (custom)
2021-01-11 13:55:46,511 [pool-1254-thread-1] INFO  server.RaftServerConfigKeys (ConfUtils.java:logGet(44)) - raft.server.snapshot.retention.file.num = 5 (custom)
2021-01-11 13:55:46,511 [pool-1254-thread-1] INFO  server.RaftServerConfigKeys (ConfUtils.java:logGet(44)) - raft.server.log.purge.upto.snapshot.index = false (default)
2021-01-11 13:55:46,511 [pool-1254-thread-1] INFO  server.RaftServerConfigKeys (ConfUtils.java:logGet(44)) - raft.server.retrycache.expirytime = 600000ms (custom)
2021-01-11 13:55:46,511 [pool-1254-thread-1] INFO  server.RaftServerConfigKeys (ConfUtils.java:logGet(44)) - raft.server.retrycache.statistics.expirytime = 100?s (default)
2021-01-11 13:55:46,511 [pool-1254-thread-1] INFO  metrics.RatisMetrics (RatisMetrics.java:lambda$create$0(36)) - Creating Metrics Registry : ratis.leader_election.515d1186-b946-4ae1-b8cc-4f597259d7e8@group-2CC5247B8F08
2021-01-11 13:55:46,512 [pool-1254-thread-1] INFO  metrics.RatisMetrics (RatisMetrics.java:lambda$create$0(36)) - Creating Metrics Registry : ratis.server.515d1186-b946-4ae1-b8cc-4f597259d7e8@group-2CC5247B8F08
2021-01-11 13:55:46,515 [pool-1254-thread-1] INFO  server.RaftServer$Division (RaftServerImpl.java:start(294)) - 515d1186-b946-4ae1-b8cc-4f597259d7e8@group-2CC5247B8F08: start as a follower, conf=-1: [515d1186-b946-4ae1-b8cc-4f597259d7e8|rpc:172.17.0.2:38339|dataStream:|priority:1, 54c5675f-ba62-45ed-9220-9f8a0729676f|rpc:172.17.0.2:37175|dataStream:|priority:0, dd50be5a-5af1-4aec-ba2d-21cfbf161371|rpc:172.17.0.2:37613|dataStream:|priority:0], old=null
2021-01-11 13:55:46,515 [pool-1254-thread-1] INFO  server.RaftServer$Division (RaftServerImpl.java:setRole(283)) - 515d1186-b946-4ae1-b8cc-4f597259d7e8@group-2CC5247B8F08: changes role from      null to FOLLOWER at term 0 for startAsFollower
2021-01-11 13:55:46,515 [pool-1254-thread-1] INFO  impl.RoleInfo (RoleInfo.java:updateAndGet(130)) - 515d1186-b946-4ae1-b8cc-4f597259d7e8: start 515d1186-b946-4ae1-b8cc-4f597259d7e8@group-2CC5247B8F08-FollowerState
2021-01-11 13:55:46,515 [pool-1254-thread-1] INFO  util.JmxRegister (JmxRegister.java:tryRegister(44)) - Successfully registered JMX Bean with object name Ratis:service=RaftServer,group=group-2CC5247B8F08,id=515d1186-b946-4ae1-b8cc-4f597259d7e8
2021-01-11 13:55:46,515 [pool-1254-thread-1] INFO  metrics.RatisMetrics (RatisMetrics.java:lambda$create$0(36)) - Creating Metrics Registry : ratis.state_machine.515d1186-b946-4ae1-b8cc-4f597259d7e8@group-2CC5247B8F08
2021-01-11 13:55:46,523 [Command processor thread] INFO  commandhandler.CreatePipelineCommandHandler (CreatePipelineCommandHandler.java:handle(106)) - Created Pipeline RATIS THREE PipelineID=e6a7b656-1719-4d75-8bba-2cc5247b8f08.
2021-01-11 13:55:46,551 [Command processor thread] INFO  server.RaftServer (RaftServerProxy.java:addNew(95)) - dd50be5a-5af1-4aec-ba2d-21cfbf161371: addNew group-D389669CDFEB:[dd50be5a-5af1-4aec-ba2d-21cfbf161371|rpc:172.17.0.2:37613|priority:1] returns group-D389669CDFEB:java.util.concurrent.CompletableFuture@514f98a[Not completed]
2021-01-11 13:55:46,552 [pool-1238-thread-1] INFO  server.RaftServer$Division (RaftServerImpl.java:<init>(179)) - dd50be5a-5af1-4aec-ba2d-21cfbf161371: new RaftServerImpl for group-D389669CDFEB:[dd50be5a-5af1-4aec-ba2d-21cfbf161371|rpc:172.17.0.2:37613|priority:1] with ContainerStateMachine:uninitialized
2021-01-11 13:55:46,552 [pool-1238-thread-1] INFO  server.RaftServerConfigKeys (ConfUtils.java:logGet(44)) - raft.server.rpc.timeout.min = 5s (custom)
2021-01-11 13:55:46,552 [pool-1238-thread-1] INFO  server.RaftServerConfigKeys (ConfUtils.java:logGet(44)) - raft.server.rpc.timeout.max = 5200ms (custom)
2021-01-11 13:55:46,552 [pool-1238-thread-1] INFO  server.RaftServerConfigKeys (ConfUtils.java:logGet(44)) - raft.server.rpc.sleep.time = 25ms (default)
2021-01-11 13:55:46,552 [pool-1238-thread-1] INFO  server.RaftServerConfigKeys (ConfUtils.java:logGet(44)) - raft.server.rpc.slowness.timeout = 300s (custom)
2021-01-11 13:55:46,552 [pool-1238-thread-1] INFO  server.RaftServerConfigKeys (ConfUtils.java:logGet(44)) - raft.server.leaderelection.leader.step-down.wait-time = 10s (default)
2021-01-11 13:55:46,552 [pool-1238-thread-1] INFO  server.RaftServerConfigKeys (ConfUtils.java:logGet(44)) - raft.server.sleep.deviation.threshold = 300ms (default)
2021-01-11 13:55:46,552 [pool-1238-thread-1] INFO  server.RaftServerConfigKeys (ConfUtils.java:logGet(44)) - raft.server.log.appender.install.snapshot.enabled = false (custom)
2021-01-11 13:55:46,553 [pool-1238-thread-1] INFO  server.RaftServer$Division (ServerState.java:<init>(103)) - dd50be5a-5af1-4aec-ba2d-21cfbf161371@group-D389669CDFEB: ConfigurationManager, init=-1: [dd50be5a-5af1-4aec-ba2d-21cfbf161371|rpc:172.17.0.2:37613|priority:1], old=null, confs=<EMPTY_MAP>
2021-01-11 13:55:46,553 [pool-1238-thread-1] INFO  server.RaftServerConfigKeys (ConfUtils.java:logGet(44)) - raft.server.storage.dir = [/github/workspace/mnt/ozone/hadoop-ozone/integration-test/target/test-dir/MiniOzoneClusterImpl-250075fd-7b22-4ad4-b8fe-1c364b7bd722/datanode-1/data/ratis] (custom)
2021-01-11 13:55:46,553 [pool-1238-thread-1] INFO  server.RaftServerConfigKeys (ConfUtils.java:logGet(44)) - raft.server.log.corruption.policy = EXCEPTION (default)
2021-01-11 13:55:46,553 [pool-1238-thread-1] INFO  storage.RaftStorageDirectory (RaftStorageDirectoryImpl.java:analyzeStorage(132)) - The storage directory /github/workspace/mnt/ozone/hadoop-ozone/integration-test/target/test-dir/MiniOzoneClusterImpl-250075fd-7b22-4ad4-b8fe-1c364b7bd722/datanode-1/data/ratis/e57ef660-f39a-4109-9da4-d389669cdfeb does not exist. Creating ...
2021-01-11 13:55:46,554 [pool-1238-thread-1] INFO  storage.RaftStorageDirectory (RaftStorageDirectoryImpl.java:tryLock(215)) - Lock on /github/workspace/mnt/ozone/hadoop-ozone/integration-test/target/test-dir/MiniOzoneClusterImpl-250075fd-7b22-4ad4-b8fe-1c364b7bd722/datanode-1/data/ratis/e57ef660-f39a-4109-9da4-d389669cdfeb/in_use.lock acquired by nodename 17557@f5cef6452a00
2021-01-11 13:55:46,555 [pool-1238-thread-1] INFO  storage.RaftStorage (RaftStorageImpl.java:format(87)) - Storage directory /github/workspace/mnt/ozone/hadoop-ozone/integration-test/target/test-dir/MiniOzoneClusterImpl-250075fd-7b22-4ad4-b8fe-1c364b7bd722/datanode-1/data/ratis/e57ef660-f39a-4109-9da4-d389669cdfeb has been successfully formatted.
2021-01-11 13:55:46,556 [pool-1238-thread-1] INFO  ratis.ContainerStateMachine (ContainerStateMachine.java:loadSnapshot(223)) - group-D389669CDFEB: The snapshot info is null. Setting the last applied indexto:(t:0, i:~)
2021-01-11 13:55:46,556 [pool-1238-thread-1] ERROR storage.RaftStorage (RaftStorageImpl.java:readRaftConfiguration(147)) - Failed reading configuration from file:/github/workspace/mnt/ozone/hadoop-ozone/integration-test/target/test-dir/MiniOzoneClusterImpl-250075fd-7b22-4ad4-b8fe-1c364b7bd722/datanode-1/data/ratis/e57ef660-f39a-4109-9da4-d389669cdfeb/current/raft-meta.conf
java.io.FileNotFoundException: /github/workspace/mnt/ozone/hadoop-ozone/integration-test/target/test-dir/MiniOzoneClusterImpl-250075fd-7b22-4ad4-b8fe-1c364b7bd722/datanode-1/data/ratis/e57ef660-f39a-4109-9da4-d389669cdfeb/current/raft-meta.conf (No such file or directory)
	at java.io.FileInputStream.open0(Native Method)
	at java.io.FileInputStream.open(FileInputStream.java:195)
	at java.io.FileInputStream.<init>(FileInputStream.java:138)
	at org.apache.ratis.server.storage.RaftStorageImpl.readRaftConfiguration(RaftStorageImpl.java:143)
	at org.apache.ratis.server.impl.ServerState.<init>(ServerState.java:113)
	at org.apache.ratis.server.impl.RaftServerImpl.<init>(RaftServerImpl.java:192)
	at org.apache.ratis.server.impl.RaftServerProxy.lambda$newRaftServerImpl$4(RaftServerProxy.java:266)
	at java.util.concurrent.CompletableFuture$AsyncSupply.run(CompletableFuture.java:1604)
	at java.util.concurrent.ThreadPoolExecutor.runWorker(ThreadPoolExecutor.java:1149)
	at java.util.concurrent.ThreadPoolExecutor$Worker.run(ThreadPoolExecutor.java:624)
	at java.lang.Thread.run(Thread.java:748)
2021-01-11 13:55:46,556 [pool-1238-thread-1] INFO  server.RaftServerConfigKeys (ConfUtils.java:logGet(44)) - raft.server.notification.no-leader.timeout = 300s (custom)
2021-01-11 13:55:46,556 [pool-1238-thread-1] INFO  server.RaftServerConfigKeys (ConfUtils.java:logGet(44)) - raft.server.log.use.memory = false (default)
2021-01-11 13:55:46,556 [pool-1238-thread-1] INFO  server.RaftServerConfigKeys (ConfUtils.java:logGet(44)) - raft.server.log.purge.gap = 1000000 (custom)
2021-01-11 13:55:46,556 [EventQueue-PipelineReportForOneReplicaPipelineSafeModeRule] INFO  safemode.SCMSafeModeManager (SCMSafeModeManager.java:validateSafeModeExitRules(214)) - AtleastOneDatanodeReportedRule rule is successfully validated
2021-01-11 13:55:46,556 [pool-1238-thread-1] INFO  server.RaftServerConfigKeys (ConfUtils.java:logGet(44)) - raft.server.log.appender.buffer.byte-limit = 33554432 (custom)
2021-01-11 13:55:46,556 [EventQueue-PipelineReportForPipelineReportHandler] INFO  pipeline.PipelineStateManager (PipelineStateManager.java:openPipeline(132)) - Pipeline Pipeline[ Id: e57ef660-f39a-4109-9da4-d389669cdfeb, Nodes: dd50be5a-5af1-4aec-ba2d-21cfbf161371{ip: 172.17.0.2, host: f5cef6452a00, networkLocation: /default-rack, certSerialId: null, persistedOpState: IN_SERVICE, persistedOpStateExpiryEpochSec: 0}, Type:RATIS, Factor:ONE, State:ALLOCATED, leaderId:dd50be5a-5af1-4aec-ba2d-21cfbf161371, CreationTimestamp2021-01-11T13:55:43.554Z] moved to OPEN state
2021-01-11 13:55:46,557 [EventQueue-OpenPipelineForHealthyPipelineSafeModeRule] INFO  safemode.SCMSafeModeManager (HealthyPipelineSafeModeRule.java:process(128)) - SCM in safe mode. Healthy pipelines reported count is 0, required healthy pipeline reported count is 1
2021-01-11 13:55:46,557 [pool-1238-thread-1] INFO  metrics.RatisMetrics (RatisMetrics.java:lambda$create$0(36)) - Creating Metrics Registry : ratis.log_worker.dd50be5a-5af1-4aec-ba2d-21cfbf161371@group-D389669CDFEB
2021-01-11 13:55:46,558 [pool-1238-thread-1] INFO  server.RaftServerConfigKeys (ConfUtils.java:logGet(44)) - raft.server.log.segment.size.max = 1048576 (custom)
2021-01-11 13:55:46,559 [pool-1238-thread-1] INFO  server.RaftServerConfigKeys (ConfUtils.java:logGet(44)) - raft.server.log.segment.cache.num.max = 2 (custom)
2021-01-11 13:55:46,559 [pool-1238-thread-1] INFO  server.RaftServerConfigKeys (ConfUtils.java:logGet(44)) - raft.server.log.segment.cache.size.max = 200MB (=209715200) (default)
2021-01-11 13:55:46,559 [pool-1238-thread-1] INFO  segmented.SegmentedRaftLogWorker (SegmentedRaftLogWorker.java:<init>(181)) - new dd50be5a-5af1-4aec-ba2d-21cfbf161371@group-D389669CDFEB-SegmentedRaftLogWorker for RaftStorageImpl:Storage Directory /github/workspace/mnt/ozone/hadoop-ozone/integration-test/target/test-dir/MiniOzoneClusterImpl-250075fd-7b22-4ad4-b8fe-1c364b7bd722/datanode-1/data/ratis/e57ef660-f39a-4109-9da4-d389669cdfeb
2021-01-11 13:55:46,559 [pool-1238-thread-1] INFO  server.RaftServerConfigKeys (ConfUtils.java:logGet(44)) - raft.server.log.queue.byte-limit = 2147483647 (custom)
2021-01-11 13:55:46,559 [pool-1238-thread-1] INFO  server.RaftServerConfigKeys (ConfUtils.java:logGet(44)) - raft.server.log.queue.element-limit = 1024 (custom)
2021-01-11 13:55:46,559 [pool-1238-thread-1] INFO  server.RaftServerConfigKeys (ConfUtils.java:logGet(44)) - raft.server.log.segment.size.max = 1048576 (custom)
2021-01-11 13:55:46,559 [pool-1238-thread-1] INFO  server.RaftServerConfigKeys (ConfUtils.java:logGet(44)) - raft.server.log.preallocated.size = 16384 (custom)
2021-01-11 13:55:46,559 [pool-1238-thread-1] INFO  server.RaftServerConfigKeys (ConfUtils.java:logGet(44)) - raft.server.log.force.sync.num = 128 (default)
2021-01-11 13:55:46,559 [pool-1238-thread-1] INFO  server.RaftServerConfigKeys (ConfUtils.java:logGet(44)) - raft.server.log.statemachine.data.sync = true (default)
2021-01-11 13:55:46,559 [pool-1238-thread-1] INFO  server.RaftServerConfigKeys (ConfUtils.java:logGet(44)) - raft.server.log.statemachine.data.sync.timeout = 10s (default)
2021-01-11 13:55:46,559 [pool-1238-thread-1] INFO  server.RaftServerConfigKeys (ConfUtils.java:logGet(44)) - raft.server.log.statemachine.data.sync.timeout.retry = -1 (default)
2021-01-11 13:55:46,562 [pool-1238-thread-1] INFO  server.RaftServerConfigKeys (ConfUtils.java:logGet(44)) - raft.server.log.write.buffer.size = 1048576 (custom)
2021-01-11 13:55:46,563 [pool-1238-thread-1] INFO  server.RaftServerConfigKeys (ConfUtils.java:logGet(44)) - raft.server.log.statemachine.data.caching.enabled = true (custom)
2021-01-11 13:55:46,563 [pool-1238-thread-1] INFO  segmented.SegmentedRaftLogWorker (SegmentedRaftLogWorker.java:lambda$new$0(132)) - dd50be5a-5af1-4aec-ba2d-21cfbf161371@group-D389669CDFEB-SegmentedRaftLogWorker: flushIndex: setUnconditionally 0 -> -1
2021-01-11 13:55:46,563 [pool-1238-thread-1] INFO  segmented.SegmentedRaftLogWorker (SegmentedRaftLogWorker.java:lambda$new$0(132)) - dd50be5a-5af1-4aec-ba2d-21cfbf161371@group-D389669CDFEB-SegmentedRaftLogWorker: safeCacheEvictIndex: setUnconditionally 0 -> -1
2021-01-11 13:55:46,563 [pool-1238-thread-1] INFO  server.RaftServerConfigKeys (ConfUtils.java:logGet(44)) - raft.server.snapshot.auto.trigger.enabled = true (custom)
2021-01-11 13:55:46,564 [pool-1238-thread-1] INFO  server.RaftServerConfigKeys (ConfUtils.java:logGet(44)) - raft.server.snapshot.auto.trigger.threshold = 10000 (custom)
2021-01-11 13:55:46,564 [pool-1238-thread-1] INFO  server.RaftServerConfigKeys (ConfUtils.java:logGet(44)) - raft.server.snapshot.retention.file.num = 5 (custom)
2021-01-11 13:55:46,564 [pool-1238-thread-1] INFO  server.RaftServerConfigKeys (ConfUtils.java:logGet(44)) - raft.server.log.purge.upto.snapshot.index = false (default)
2021-01-11 13:55:46,564 [pool-1238-thread-1] INFO  server.RaftServerConfigKeys (ConfUtils.java:logGet(44)) - raft.server.retrycache.expirytime = 600000ms (custom)
2021-01-11 13:55:46,564 [pool-1238-thread-1] INFO  server.RaftServerConfigKeys (ConfUtils.java:logGet(44)) - raft.server.retrycache.statistics.expirytime = 100?s (default)
2021-01-11 13:55:46,564 [pool-1238-thread-1] INFO  metrics.RatisMetrics (RatisMetrics.java:lambda$create$0(36)) - Creating Metrics Registry : ratis.leader_election.dd50be5a-5af1-4aec-ba2d-21cfbf161371@group-D389669CDFEB
2021-01-11 13:55:46,565 [pool-1238-thread-1] INFO  metrics.RatisMetrics (RatisMetrics.java:lambda$create$0(36)) - Creating Metrics Registry : ratis.server.dd50be5a-5af1-4aec-ba2d-21cfbf161371@group-D389669CDFEB
2021-01-11 13:55:46,568 [pool-1238-thread-1] INFO  server.RaftServer$Division (RaftServerImpl.java:start(294)) - dd50be5a-5af1-4aec-ba2d-21cfbf161371@group-D389669CDFEB: start as a follower, conf=-1: [dd50be5a-5af1-4aec-ba2d-21cfbf161371|rpc:172.17.0.2:37613|priority:1], old=null
2021-01-11 13:55:46,568 [pool-1238-thread-1] INFO  server.RaftServer$Division (RaftServerImpl.java:setRole(283)) - dd50be5a-5af1-4aec-ba2d-21cfbf161371@group-D389669CDFEB: changes role from      null to FOLLOWER at term 0 for startAsFollower
2021-01-11 13:55:46,568 [pool-1238-thread-1] INFO  impl.RoleInfo (RoleInfo.java:updateAndGet(130)) - dd50be5a-5af1-4aec-ba2d-21cfbf161371: start dd50be5a-5af1-4aec-ba2d-21cfbf161371@group-D389669CDFEB-FollowerState
2021-01-11 13:55:46,568 [pool-1238-thread-1] INFO  util.JmxRegister (JmxRegister.java:tryRegister(44)) - Successfully registered JMX Bean with object name Ratis:service=RaftServer,group=group-D389669CDFEB,id=dd50be5a-5af1-4aec-ba2d-21cfbf161371
2021-01-11 13:55:46,569 [pool-1238-thread-1] INFO  metrics.RatisMetrics (RatisMetrics.java:lambda$create$0(36)) - Creating Metrics Registry : ratis.state_machine.dd50be5a-5af1-4aec-ba2d-21cfbf161371@group-D389669CDFEB
2021-01-11 13:55:46,570 [Command processor thread] INFO  commandhandler.CreatePipelineCommandHandler (CreatePipelineCommandHandler.java:handle(106)) - Created Pipeline RATIS ONE PipelineID=e57ef660-f39a-4109-9da4-d389669cdfeb.
2021-01-11 13:55:46,731 [Listener at 127.0.0.1/13844] INFO  ozone.MiniOzoneClusterImpl (MiniOzoneClusterImpl.java:lambda$waitForClusterToBeReady$0(179)) - Nodes are ready. Got 3 of 3 DN Heartbeats.
2021-01-11 13:55:46,731 [Listener at 127.0.0.1/13844] INFO  ozone.MiniOzoneClusterImpl (MiniOzoneClusterImpl.java:lambda$waitForClusterToBeReady$0(182)) - Waiting for cluster to exit safe mode
2021-01-11 13:55:46,735 [Command processor thread] INFO  server.RaftServer (RaftServerProxy.java:addNew(95)) - 515d1186-b946-4ae1-b8cc-4f597259d7e8: addNew group-8340C0919B77:[515d1186-b946-4ae1-b8cc-4f597259d7e8|rpc:172.17.0.2:38339|priority:1] returns group-8340C0919B77:java.util.concurrent.CompletableFuture@3fa804e5[Not completed]
2021-01-11 13:55:46,736 [pool-1254-thread-1] INFO  server.RaftServer$Division (RaftServerImpl.java:<init>(179)) - 515d1186-b946-4ae1-b8cc-4f597259d7e8: new RaftServerImpl for group-8340C0919B77:[515d1186-b946-4ae1-b8cc-4f597259d7e8|rpc:172.17.0.2:38339|priority:1] with ContainerStateMachine:uninitialized
2021-01-11 13:55:46,736 [pool-1254-thread-1] INFO  server.RaftServerConfigKeys (ConfUtils.java:logGet(44)) - raft.server.rpc.timeout.min = 5s (custom)
2021-01-11 13:55:46,736 [pool-1254-thread-1] INFO  server.RaftServerConfigKeys (ConfUtils.java:logGet(44)) - raft.server.rpc.timeout.max = 5200ms (custom)
2021-01-11 13:55:46,736 [pool-1254-thread-1] INFO  server.RaftServerConfigKeys (ConfUtils.java:logGet(44)) - raft.server.rpc.sleep.time = 25ms (default)
2021-01-11 13:55:46,736 [pool-1254-thread-1] INFO  server.RaftServerConfigKeys (ConfUtils.java:logGet(44)) - raft.server.rpc.slowness.timeout = 300s (custom)
2021-01-11 13:55:46,736 [pool-1254-thread-1] INFO  server.RaftServerConfigKeys (ConfUtils.java:logGet(44)) - raft.server.leaderelection.leader.step-down.wait-time = 10s (default)
2021-01-11 13:55:46,736 [pool-1254-thread-1] INFO  server.RaftServerConfigKeys (ConfUtils.java:logGet(44)) - raft.server.sleep.deviation.threshold = 300ms (default)
2021-01-11 13:55:46,736 [pool-1254-thread-1] INFO  server.RaftServerConfigKeys (ConfUtils.java:logGet(44)) - raft.server.log.appender.install.snapshot.enabled = false (custom)
2021-01-11 13:55:46,736 [pool-1254-thread-1] INFO  server.RaftServer$Division (ServerState.java:<init>(103)) - 515d1186-b946-4ae1-b8cc-4f597259d7e8@group-8340C0919B77: ConfigurationManager, init=-1: [515d1186-b946-4ae1-b8cc-4f597259d7e8|rpc:172.17.0.2:38339|priority:1], old=null, confs=<EMPTY_MAP>
2021-01-11 13:55:46,736 [pool-1254-thread-1] INFO  server.RaftServerConfigKeys (ConfUtils.java:logGet(44)) - raft.server.storage.dir = [/github/workspace/mnt/ozone/hadoop-ozone/integration-test/target/test-dir/MiniOzoneClusterImpl-250075fd-7b22-4ad4-b8fe-1c364b7bd722/datanode-2/data/ratis] (custom)
2021-01-11 13:55:46,736 [pool-1254-thread-1] INFO  server.RaftServerConfigKeys (ConfUtils.java:logGet(44)) - raft.server.log.corruption.policy = EXCEPTION (default)
2021-01-11 13:55:46,736 [pool-1254-thread-1] INFO  storage.RaftStorageDirectory (RaftStorageDirectoryImpl.java:analyzeStorage(132)) - The storage directory /github/workspace/mnt/ozone/hadoop-ozone/integration-test/target/test-dir/MiniOzoneClusterImpl-250075fd-7b22-4ad4-b8fe-1c364b7bd722/datanode-2/data/ratis/3bcb2728-adbb-42b9-9d09-8340c0919b77 does not exist. Creating ...
2021-01-11 13:55:46,750 [pool-1254-thread-1] INFO  storage.RaftStorageDirectory (RaftStorageDirectoryImpl.java:tryLock(215)) - Lock on /github/workspace/mnt/ozone/hadoop-ozone/integration-test/target/test-dir/MiniOzoneClusterImpl-250075fd-7b22-4ad4-b8fe-1c364b7bd722/datanode-2/data/ratis/3bcb2728-adbb-42b9-9d09-8340c0919b77/in_use.lock acquired by nodename 17557@f5cef6452a00
2021-01-11 13:55:46,751 [pool-1254-thread-1] INFO  storage.RaftStorage (RaftStorageImpl.java:format(87)) - Storage directory /github/workspace/mnt/ozone/hadoop-ozone/integration-test/target/test-dir/MiniOzoneClusterImpl-250075fd-7b22-4ad4-b8fe-1c364b7bd722/datanode-2/data/ratis/3bcb2728-adbb-42b9-9d09-8340c0919b77 has been successfully formatted.
2021-01-11 13:55:46,752 [pool-1254-thread-1] INFO  ratis.ContainerStateMachine (ContainerStateMachine.java:loadSnapshot(223)) - group-8340C0919B77: The snapshot info is null. Setting the last applied indexto:(t:0, i:~)
2021-01-11 13:55:46,752 [pool-1254-thread-1] ERROR storage.RaftStorage (RaftStorageImpl.java:readRaftConfiguration(147)) - Failed reading configuration from file:/github/workspace/mnt/ozone/hadoop-ozone/integration-test/target/test-dir/MiniOzoneClusterImpl-250075fd-7b22-4ad4-b8fe-1c364b7bd722/datanode-2/data/ratis/3bcb2728-adbb-42b9-9d09-8340c0919b77/current/raft-meta.conf
java.io.FileNotFoundException: /github/workspace/mnt/ozone/hadoop-ozone/integration-test/target/test-dir/MiniOzoneClusterImpl-250075fd-7b22-4ad4-b8fe-1c364b7bd722/datanode-2/data/ratis/3bcb2728-adbb-42b9-9d09-8340c0919b77/current/raft-meta.conf (No such file or directory)
	at java.io.FileInputStream.open0(Native Method)
	at java.io.FileInputStream.open(FileInputStream.java:195)
	at java.io.FileInputStream.<init>(FileInputStream.java:138)
	at org.apache.ratis.server.storage.RaftStorageImpl.readRaftConfiguration(RaftStorageImpl.java:143)
	at org.apache.ratis.server.impl.ServerState.<init>(ServerState.java:113)
	at org.apache.ratis.server.impl.RaftServerImpl.<init>(RaftServerImpl.java:192)
	at org.apache.ratis.server.impl.RaftServerProxy.lambda$newRaftServerImpl$4(RaftServerProxy.java:266)
	at java.util.concurrent.CompletableFuture$AsyncSupply.run(CompletableFuture.java:1604)
	at java.util.concurrent.ThreadPoolExecutor.runWorker(ThreadPoolExecutor.java:1149)
	at java.util.concurrent.ThreadPoolExecutor$Worker.run(ThreadPoolExecutor.java:624)
	at java.lang.Thread.run(Thread.java:748)
2021-01-11 13:55:46,753 [pool-1254-thread-1] INFO  server.RaftServerConfigKeys (ConfUtils.java:logGet(44)) - raft.server.notification.no-leader.timeout = 300s (custom)
2021-01-11 13:55:46,753 [pool-1254-thread-1] INFO  server.RaftServerConfigKeys (ConfUtils.java:logGet(44)) - raft.server.log.use.memory = false (default)
2021-01-11 13:55:46,754 [EventQueue-PipelineReportForOneReplicaPipelineSafeModeRule] INFO  safemode.SCMSafeModeManager (SCMSafeModeManager.java:validateSafeModeExitRules(214)) - AtleastOneDatanodeReportedRule rule is successfully validated
2021-01-11 13:55:46,754 [pool-1254-thread-1] INFO  server.RaftServerConfigKeys (ConfUtils.java:logGet(44)) - raft.server.log.purge.gap = 1000000 (custom)
2021-01-11 13:55:46,754 [pool-1254-thread-1] INFO  server.RaftServerConfigKeys (ConfUtils.java:logGet(44)) - raft.server.log.appender.buffer.byte-limit = 33554432 (custom)
2021-01-11 13:55:46,754 [pool-1254-thread-1] INFO  metrics.RatisMetrics (RatisMetrics.java:lambda$create$0(36)) - Creating Metrics Registry : ratis.log_worker.515d1186-b946-4ae1-b8cc-4f597259d7e8@group-8340C0919B77
2021-01-11 13:55:46,754 [EventQueue-PipelineReportForPipelineReportHandler] INFO  pipeline.PipelineStateManager (PipelineStateManager.java:openPipeline(132)) - Pipeline Pipeline[ Id: 3bcb2728-adbb-42b9-9d09-8340c0919b77, Nodes: 515d1186-b946-4ae1-b8cc-4f597259d7e8{ip: 172.17.0.2, host: f5cef6452a00, networkLocation: /default-rack, certSerialId: null, persistedOpState: IN_SERVICE, persistedOpStateExpiryEpochSec: 0}, Type:RATIS, Factor:ONE, State:ALLOCATED, leaderId:515d1186-b946-4ae1-b8cc-4f597259d7e8, CreationTimestamp2021-01-11T13:55:43.736Z] moved to OPEN state
2021-01-11 13:55:46,754 [EventQueue-OpenPipelineForHealthyPipelineSafeModeRule] INFO  safemode.SCMSafeModeManager (HealthyPipelineSafeModeRule.java:process(128)) - SCM in safe mode. Healthy pipelines reported count is 0, required healthy pipeline reported count is 1
2021-01-11 13:55:46,754 [pool-1254-thread-1] INFO  server.RaftServerConfigKeys (ConfUtils.java:logGet(44)) - raft.server.log.segment.size.max = 1048576 (custom)
2021-01-11 13:55:46,756 [pool-1254-thread-1] INFO  server.RaftServerConfigKeys (ConfUtils.java:logGet(44)) - raft.server.log.segment.cache.num.max = 2 (custom)
2021-01-11 13:55:46,756 [pool-1254-thread-1] INFO  server.RaftServerConfigKeys (ConfUtils.java:logGet(44)) - raft.server.log.segment.cache.size.max = 200MB (=209715200) (default)
2021-01-11 13:55:46,756 [pool-1254-thread-1] INFO  segmented.SegmentedRaftLogWorker (SegmentedRaftLogWorker.java:<init>(181)) - new 515d1186-b946-4ae1-b8cc-4f597259d7e8@group-8340C0919B77-SegmentedRaftLogWorker for RaftStorageImpl:Storage Directory /github/workspace/mnt/ozone/hadoop-ozone/integration-test/target/test-dir/MiniOzoneClusterImpl-250075fd-7b22-4ad4-b8fe-1c364b7bd722/datanode-2/data/ratis/3bcb2728-adbb-42b9-9d09-8340c0919b77
2021-01-11 13:55:46,756 [pool-1254-thread-1] INFO  server.RaftServerConfigKeys (ConfUtils.java:logGet(44)) - raft.server.log.queue.byte-limit = 2147483647 (custom)
2021-01-11 13:55:46,756 [pool-1254-thread-1] INFO  server.RaftServerConfigKeys (ConfUtils.java:logGet(44)) - raft.server.log.queue.element-limit = 1024 (custom)
2021-01-11 13:55:46,756 [pool-1254-thread-1] INFO  server.RaftServerConfigKeys (ConfUtils.java:logGet(44)) - raft.server.log.segment.size.max = 1048576 (custom)
2021-01-11 13:55:46,756 [pool-1254-thread-1] INFO  server.RaftServerConfigKeys (ConfUtils.java:logGet(44)) - raft.server.log.preallocated.size = 16384 (custom)
2021-01-11 13:55:46,756 [pool-1254-thread-1] INFO  server.RaftServerConfigKeys (ConfUtils.java:logGet(44)) - raft.server.log.force.sync.num = 128 (default)
2021-01-11 13:55:46,756 [pool-1254-thread-1] INFO  server.RaftServerConfigKeys (ConfUtils.java:logGet(44)) - raft.server.log.statemachine.data.sync = true (default)
2021-01-11 13:55:46,757 [pool-1254-thread-1] INFO  server.RaftServerConfigKeys (ConfUtils.java:logGet(44)) - raft.server.log.statemachine.data.sync.timeout = 10s (default)
2021-01-11 13:55:46,757 [pool-1254-thread-1] INFO  server.RaftServerConfigKeys (ConfUtils.java:logGet(44)) - raft.server.log.statemachine.data.sync.timeout.retry = -1 (default)
2021-01-11 13:55:46,760 [pool-1254-thread-1] INFO  server.RaftServerConfigKeys (ConfUtils.java:logGet(44)) - raft.server.log.write.buffer.size = 1048576 (custom)
2021-01-11 13:55:46,760 [pool-1254-thread-1] INFO  server.RaftServerConfigKeys (ConfUtils.java:logGet(44)) - raft.server.log.statemachine.data.caching.enabled = true (custom)
2021-01-11 13:55:46,761 [pool-1254-thread-1] INFO  segmented.SegmentedRaftLogWorker (SegmentedRaftLogWorker.java:lambda$new$0(132)) - 515d1186-b946-4ae1-b8cc-4f597259d7e8@group-8340C0919B77-SegmentedRaftLogWorker: flushIndex: setUnconditionally 0 -> -1
2021-01-11 13:55:46,761 [pool-1254-thread-1] INFO  segmented.SegmentedRaftLogWorker (SegmentedRaftLogWorker.java:lambda$new$0(132)) - 515d1186-b946-4ae1-b8cc-4f597259d7e8@group-8340C0919B77-SegmentedRaftLogWorker: safeCacheEvictIndex: setUnconditionally 0 -> -1
2021-01-11 13:55:46,761 [pool-1254-thread-1] INFO  server.RaftServerConfigKeys (ConfUtils.java:logGet(44)) - raft.server.snapshot.auto.trigger.enabled = true (custom)
2021-01-11 13:55:46,761 [pool-1254-thread-1] INFO  server.RaftServerConfigKeys (ConfUtils.java:logGet(44)) - raft.server.snapshot.auto.trigger.threshold = 10000 (custom)
2021-01-11 13:55:46,761 [pool-1254-thread-1] INFO  server.RaftServerConfigKeys (ConfUtils.java:logGet(44)) - raft.server.snapshot.retention.file.num = 5 (custom)
2021-01-11 13:55:46,761 [pool-1254-thread-1] INFO  server.RaftServerConfigKeys (ConfUtils.java:logGet(44)) - raft.server.log.purge.upto.snapshot.index = false (default)
2021-01-11 13:55:46,761 [pool-1254-thread-1] INFO  server.RaftServerConfigKeys (ConfUtils.java:logGet(44)) - raft.server.retrycache.expirytime = 600000ms (custom)
2021-01-11 13:55:46,761 [pool-1254-thread-1] INFO  server.RaftServerConfigKeys (ConfUtils.java:logGet(44)) - raft.server.retrycache.statistics.expirytime = 100?s (default)
2021-01-11 13:55:46,761 [pool-1254-thread-1] INFO  metrics.RatisMetrics (RatisMetrics.java:lambda$create$0(36)) - Creating Metrics Registry : ratis.leader_election.515d1186-b946-4ae1-b8cc-4f597259d7e8@group-8340C0919B77
2021-01-11 13:55:46,762 [pool-1254-thread-1] INFO  metrics.RatisMetrics (RatisMetrics.java:lambda$create$0(36)) - Creating Metrics Registry : ratis.server.515d1186-b946-4ae1-b8cc-4f597259d7e8@group-8340C0919B77
2021-01-11 13:55:46,765 [pool-1254-thread-1] INFO  server.RaftServer$Division (RaftServerImpl.java:start(294)) - 515d1186-b946-4ae1-b8cc-4f597259d7e8@group-8340C0919B77: start as a follower, conf=-1: [515d1186-b946-4ae1-b8cc-4f597259d7e8|rpc:172.17.0.2:38339|priority:1], old=null
2021-01-11 13:55:46,765 [pool-1254-thread-1] INFO  server.RaftServer$Division (RaftServerImpl.java:setRole(283)) - 515d1186-b946-4ae1-b8cc-4f597259d7e8@group-8340C0919B77: changes role from      null to FOLLOWER at term 0 for startAsFollower
2021-01-11 13:55:46,765 [pool-1254-thread-1] INFO  impl.RoleInfo (RoleInfo.java:updateAndGet(130)) - 515d1186-b946-4ae1-b8cc-4f597259d7e8: start 515d1186-b946-4ae1-b8cc-4f597259d7e8@group-8340C0919B77-FollowerState
2021-01-11 13:55:46,765 [pool-1254-thread-1] INFO  util.JmxRegister (JmxRegister.java:tryRegister(44)) - Successfully registered JMX Bean with object name Ratis:service=RaftServer,group=group-8340C0919B77,id=515d1186-b946-4ae1-b8cc-4f597259d7e8
2021-01-11 13:55:46,765 [pool-1254-thread-1] INFO  metrics.RatisMetrics (RatisMetrics.java:lambda$create$0(36)) - Creating Metrics Registry : ratis.state_machine.515d1186-b946-4ae1-b8cc-4f597259d7e8@group-8340C0919B77
2021-01-11 13:55:46,767 [Command processor thread] INFO  commandhandler.CreatePipelineCommandHandler (CreatePipelineCommandHandler.java:handle(106)) - Created Pipeline RATIS ONE PipelineID=3bcb2728-adbb-42b9-9d09-8340c0919b77.
2021-01-11 13:55:47,456 [EventQueue-PipelineReportForOneReplicaPipelineSafeModeRule] INFO  safemode.SCMSafeModeManager (SCMSafeModeManager.java:validateSafeModeExitRules(214)) - AtleastOneDatanodeReportedRule rule is successfully validated
2021-01-11 13:55:47,456 [EventQueue-OpenPipelineForHealthyPipelineSafeModeRule] INFO  safemode.SCMSafeModeManager (HealthyPipelineSafeModeRule.java:process(128)) - SCM in safe mode. Healthy pipelines reported count is 0, required healthy pipeline reported count is 1
2021-01-11 13:55:47,557 [EventQueue-OpenPipelineForHealthyPipelineSafeModeRule] INFO  safemode.SCMSafeModeManager (HealthyPipelineSafeModeRule.java:process(128)) - SCM in safe mode. Healthy pipelines reported count is 0, required healthy pipeline reported count is 1
2021-01-11 13:55:47,557 [EventQueue-PipelineReportForOneReplicaPipelineSafeModeRule] INFO  safemode.SCMSafeModeManager (SCMSafeModeManager.java:validateSafeModeExitRules(214)) - AtleastOneDatanodeReportedRule rule is successfully validated
2021-01-11 13:55:47,731 [Listener at 127.0.0.1/13844] INFO  ozone.MiniOzoneClusterImpl (MiniOzoneClusterImpl.java:lambda$waitForClusterToBeReady$0(179)) - Nodes are ready. Got 3 of 3 DN Heartbeats.
2021-01-11 13:55:47,731 [Listener at 127.0.0.1/13844] INFO  ozone.MiniOzoneClusterImpl (MiniOzoneClusterImpl.java:lambda$waitForClusterToBeReady$0(182)) - Waiting for cluster to exit safe mode
2021-01-11 13:55:47,752 [EventQueue-PipelineReportForOneReplicaPipelineSafeModeRule] INFO  safemode.SCMSafeModeManager (SCMSafeModeManager.java:validateSafeModeExitRules(214)) - AtleastOneDatanodeReportedRule rule is successfully validated
2021-01-11 13:55:47,752 [EventQueue-OpenPipelineForHealthyPipelineSafeModeRule] INFO  safemode.SCMSafeModeManager (HealthyPipelineSafeModeRule.java:process(128)) - SCM in safe mode. Healthy pipelines reported count is 0, required healthy pipeline reported count is 1
2021-01-11 13:55:48,456 [EventQueue-PipelineReportForOneReplicaPipelineSafeModeRule] INFO  safemode.SCMSafeModeManager (SCMSafeModeManager.java:validateSafeModeExitRules(214)) - AtleastOneDatanodeReportedRule rule is successfully validated
2021-01-11 13:55:48,456 [EventQueue-OpenPipelineForHealthyPipelineSafeModeRule] INFO  safemode.SCMSafeModeManager (HealthyPipelineSafeModeRule.java:process(128)) - SCM in safe mode. Healthy pipelines reported count is 0, required healthy pipeline reported count is 1
2021-01-11 13:55:48,557 [EventQueue-PipelineReportForOneReplicaPipelineSafeModeRule] INFO  safemode.SCMSafeModeManager (SCMSafeModeManager.java:validateSafeModeExitRules(214)) - AtleastOneDatanodeReportedRule rule is successfully validated
2021-01-11 13:55:48,557 [EventQueue-OpenPipelineForHealthyPipelineSafeModeRule] INFO  safemode.SCMSafeModeManager (HealthyPipelineSafeModeRule.java:process(128)) - SCM in safe mode. Healthy pipelines reported count is 0, required healthy pipeline reported count is 1
2021-01-11 13:55:48,732 [Listener at 127.0.0.1/13844] INFO  ozone.MiniOzoneClusterImpl (MiniOzoneClusterImpl.java:lambda$waitForClusterToBeReady$0(179)) - Nodes are ready. Got 3 of 3 DN Heartbeats.
2021-01-11 13:55:48,732 [Listener at 127.0.0.1/13844] INFO  ozone.MiniOzoneClusterImpl (MiniOzoneClusterImpl.java:lambda$waitForClusterToBeReady$0(182)) - Waiting for cluster to exit safe mode
2021-01-11 13:55:48,752 [EventQueue-PipelineReportForOneReplicaPipelineSafeModeRule] INFO  safemode.SCMSafeModeManager (SCMSafeModeManager.java:validateSafeModeExitRules(214)) - AtleastOneDatanodeReportedRule rule is successfully validated
2021-01-11 13:55:48,752 [EventQueue-OpenPipelineForHealthyPipelineSafeModeRule] INFO  safemode.SCMSafeModeManager (HealthyPipelineSafeModeRule.java:process(128)) - SCM in safe mode. Healthy pipelines reported count is 0, required healthy pipeline reported count is 1
2021-01-11 13:55:49,456 [EventQueue-PipelineReportForOneReplicaPipelineSafeModeRule] INFO  safemode.SCMSafeModeManager (SCMSafeModeManager.java:validateSafeModeExitRules(214)) - AtleastOneDatanodeReportedRule rule is successfully validated
2021-01-11 13:55:49,456 [EventQueue-OpenPipelineForHealthyPipelineSafeModeRule] INFO  safemode.SCMSafeModeManager (HealthyPipelineSafeModeRule.java:process(128)) - SCM in safe mode. Healthy pipelines reported count is 0, required healthy pipeline reported count is 1
2021-01-11 13:55:49,557 [EventQueue-OpenPipelineForHealthyPipelineSafeModeRule] INFO  safemode.SCMSafeModeManager (HealthyPipelineSafeModeRule.java:process(128)) - SCM in safe mode. Healthy pipelines reported count is 0, required healthy pipeline reported count is 1
2021-01-11 13:55:49,557 [EventQueue-PipelineReportForOneReplicaPipelineSafeModeRule] INFO  safemode.SCMSafeModeManager (SCMSafeModeManager.java:validateSafeModeExitRules(214)) - AtleastOneDatanodeReportedRule rule is successfully validated
2021-01-11 13:55:49,732 [Listener at 127.0.0.1/13844] INFO  ozone.MiniOzoneClusterImpl (MiniOzoneClusterImpl.java:lambda$waitForClusterToBeReady$0(179)) - Nodes are ready. Got 3 of 3 DN Heartbeats.
2021-01-11 13:55:49,732 [Listener at 127.0.0.1/13844] INFO  ozone.MiniOzoneClusterImpl (MiniOzoneClusterImpl.java:lambda$waitForClusterToBeReady$0(182)) - Waiting for cluster to exit safe mode
2021-01-11 13:55:49,752 [EventQueue-PipelineReportForOneReplicaPipelineSafeModeRule] INFO  safemode.SCMSafeModeManager (SCMSafeModeManager.java:validateSafeModeExitRules(214)) - AtleastOneDatanodeReportedRule rule is successfully validated
2021-01-11 13:55:49,753 [EventQueue-OpenPipelineForHealthyPipelineSafeModeRule] INFO  safemode.SCMSafeModeManager (HealthyPipelineSafeModeRule.java:process(128)) - SCM in safe mode. Healthy pipelines reported count is 0, required healthy pipeline reported count is 1
2021-01-11 13:55:50,456 [EventQueue-PipelineReportForOneReplicaPipelineSafeModeRule] INFO  safemode.SCMSafeModeManager (SCMSafeModeManager.java:validateSafeModeExitRules(214)) - AtleastOneDatanodeReportedRule rule is successfully validated
2021-01-11 13:55:50,456 [EventQueue-OpenPipelineForHealthyPipelineSafeModeRule] INFO  safemode.SCMSafeModeManager (HealthyPipelineSafeModeRule.java:process(128)) - SCM in safe mode. Healthy pipelines reported count is 0, required healthy pipeline reported count is 1
2021-01-11 13:55:50,557 [EventQueue-OpenPipelineForHealthyPipelineSafeModeRule] INFO  safemode.SCMSafeModeManager (HealthyPipelineSafeModeRule.java:process(128)) - SCM in safe mode. Healthy pipelines reported count is 0, required healthy pipeline reported count is 1
2021-01-11 13:55:50,557 [EventQueue-PipelineReportForOneReplicaPipelineSafeModeRule] INFO  safemode.SCMSafeModeManager (SCMSafeModeManager.java:validateSafeModeExitRules(214)) - AtleastOneDatanodeReportedRule rule is successfully validated
2021-01-11 13:55:50,732 [Listener at 127.0.0.1/13844] INFO  ozone.MiniOzoneClusterImpl (MiniOzoneClusterImpl.java:lambda$waitForClusterToBeReady$0(179)) - Nodes are ready. Got 3 of 3 DN Heartbeats.
2021-01-11 13:55:50,732 [Listener at 127.0.0.1/13844] INFO  ozone.MiniOzoneClusterImpl (MiniOzoneClusterImpl.java:lambda$waitForClusterToBeReady$0(182)) - Waiting for cluster to exit safe mode
2021-01-11 13:55:50,753 [EventQueue-PipelineReportForOneReplicaPipelineSafeModeRule] INFO  safemode.SCMSafeModeManager (SCMSafeModeManager.java:validateSafeModeExitRules(214)) - AtleastOneDatanodeReportedRule rule is successfully validated
2021-01-11 13:55:50,753 [EventQueue-OpenPipelineForHealthyPipelineSafeModeRule] INFO  safemode.SCMSafeModeManager (HealthyPipelineSafeModeRule.java:process(128)) - SCM in safe mode. Healthy pipelines reported count is 0, required healthy pipeline reported count is 1
2021-01-11 13:55:51,420 [Thread-5209] INFO  impl.FollowerState (FollowerState.java:run(133)) - 54c5675f-ba62-45ed-9220-9f8a0729676f@group-4958B964F04C-FollowerState: change to CANDIDATE, lastRpcElapsedTime:5045422479ns, electionTimeout:5045ms
2021-01-11 13:55:51,421 [Thread-5209] INFO  impl.RoleInfo (RoleInfo.java:shutdownFollowerState(108)) - 54c5675f-ba62-45ed-9220-9f8a0729676f: shutdown 54c5675f-ba62-45ed-9220-9f8a0729676f@group-4958B964F04C-FollowerState
2021-01-11 13:55:51,421 [Thread-5209] INFO  server.RaftServer$Division (RaftServerImpl.java:setRole(283)) - 54c5675f-ba62-45ed-9220-9f8a0729676f@group-4958B964F04C: changes role from  FOLLOWER to CANDIDATE at term 0 for changeToCandidate
2021-01-11 13:55:51,421 [Thread-5209] INFO  impl.RoleInfo (RoleInfo.java:updateAndGet(130)) - 54c5675f-ba62-45ed-9220-9f8a0729676f: start 54c5675f-ba62-45ed-9220-9f8a0729676f@group-4958B964F04C-LeaderElection91
2021-01-11 13:55:51,424 [54c5675f-ba62-45ed-9220-9f8a0729676f@group-4958B964F04C-LeaderElection91] INFO  impl.LeaderElection (LeaderElection.java:askForPreVotes(259)) - 54c5675f-ba62-45ed-9220-9f8a0729676f@group-4958B964F04C-LeaderElection91: begin a pre-vote at term 0 for -1: [54c5675f-ba62-45ed-9220-9f8a0729676f|rpc:172.17.0.2:37175|priority:1], old=null
2021-01-11 13:55:51,424 [54c5675f-ba62-45ed-9220-9f8a0729676f@group-4958B964F04C-LeaderElection91] INFO  impl.LeaderElection (LeaderElection.java:askForPreVotes(261)) - 54c5675f-ba62-45ed-9220-9f8a0729676f@group-4958B964F04C-LeaderElection91 pre-vote result is PASSED.
2021-01-11 13:55:51,425 [54c5675f-ba62-45ed-9220-9f8a0729676f@group-4958B964F04C-LeaderElection91] INFO  impl.LeaderElection (LeaderElection.java:askForVotes(308)) - 54c5675f-ba62-45ed-9220-9f8a0729676f@group-4958B964F04C-LeaderElection91: begin an election at term 1 for -1: [54c5675f-ba62-45ed-9220-9f8a0729676f|rpc:172.17.0.2:37175|priority:1], old=null
2021-01-11 13:55:51,426 [54c5675f-ba62-45ed-9220-9f8a0729676f@group-4958B964F04C-LeaderElection91] INFO  impl.RoleInfo (RoleInfo.java:shutdownLeaderElection(121)) - 54c5675f-ba62-45ed-9220-9f8a0729676f: shutdown 54c5675f-ba62-45ed-9220-9f8a0729676f@group-4958B964F04C-LeaderElection91
2021-01-11 13:55:51,426 [54c5675f-ba62-45ed-9220-9f8a0729676f@group-4958B964F04C-LeaderElection91] INFO  server.RaftServer$Division (RaftServerImpl.java:setRole(283)) - 54c5675f-ba62-45ed-9220-9f8a0729676f@group-4958B964F04C: changes role from CANDIDATE to LEADER at term 1 for changeToLeader
2021-01-11 13:55:51,426 [54c5675f-ba62-45ed-9220-9f8a0729676f@group-4958B964F04C-LeaderElection91] INFO  ratis.XceiverServerRatis (XceiverServerRatis.java:handleLeaderChangedNotification(868)) - Leader change notification received for group: group-4958B964F04C with new leaderId: 54c5675f-ba62-45ed-9220-9f8a0729676f
2021-01-11 13:55:51,426 [54c5675f-ba62-45ed-9220-9f8a0729676f@group-4958B964F04C-LeaderElection91] INFO  server.RaftServer$Division (ServerState.java:setLeader(249)) - 54c5675f-ba62-45ed-9220-9f8a0729676f@group-4958B964F04C: change Leader from null to 54c5675f-ba62-45ed-9220-9f8a0729676f at term 1 for becomeLeader, leader elected after 5065ms
2021-01-11 13:55:51,427 [54c5675f-ba62-45ed-9220-9f8a0729676f@group-4958B964F04C-LeaderElection91] INFO  server.RaftServerConfigKeys (ConfUtils.java:logGet(44)) - raft.server.staging.catchup.gap = 1000 (default)
2021-01-11 13:55:51,427 [EventQueue-OpenPipelineForHealthyPipelineSafeModeRule] INFO  safemode.SCMSafeModeManager (HealthyPipelineSafeModeRule.java:process(128)) - SCM in safe mode. Healthy pipelines reported count is 0, required healthy pipeline reported count is 1
2021-01-11 13:55:51,431 [EventQueue-PipelineReportForOneReplicaPipelineSafeModeRule] INFO  safemode.SCMSafeModeManager (SCMSafeModeManager.java:validateSafeModeExitRules(214)) - AtleastOneDatanodeReportedRule rule is successfully validated
2021-01-11 13:55:51,431 [54c5675f-ba62-45ed-9220-9f8a0729676f@group-4958B964F04C-LeaderElection91] INFO  metrics.RatisMetrics (RatisMetrics.java:lambda$create$0(36)) - Creating Metrics Registry : ratis.log_appender.54c5675f-ba62-45ed-9220-9f8a0729676f@group-4958B964F04C
2021-01-11 13:55:51,431 [54c5675f-ba62-45ed-9220-9f8a0729676f@group-4958B964F04C-LeaderElection91] INFO  server.RaftServerConfigKeys (ConfUtils.java:logGet(44)) - raft.server.write.element-limit = 1024 (custom)
2021-01-11 13:55:51,431 [54c5675f-ba62-45ed-9220-9f8a0729676f@group-4958B964F04C-LeaderElection91] INFO  server.RaftServerConfigKeys (ConfUtils.java:logGet(44)) - raft.server.write.byte-limit = 1073741824 (custom)
2021-01-11 13:55:51,432 [54c5675f-ba62-45ed-9220-9f8a0729676f@group-4958B964F04C-LeaderElection91] INFO  server.RaftServerConfigKeys (ConfUtils.java:logGet(44)) - raft.server.watch.timeout = 180s (custom)
2021-01-11 13:55:51,432 [54c5675f-ba62-45ed-9220-9f8a0729676f@group-4958B964F04C-LeaderElection91] INFO  server.RaftServerConfigKeys (ConfUtils.java:logGet(44)) - raft.server.watch.timeout.denomination = 1s (default)
2021-01-11 13:55:51,432 [54c5675f-ba62-45ed-9220-9f8a0729676f@group-4958B964F04C-LeaderElection91] INFO  server.RaftServerConfigKeys (ConfUtils.java:logGet(44)) - raft.server.watch.element-limit = 65536 (default)
2021-01-11 13:55:51,432 [54c5675f-ba62-45ed-9220-9f8a0729676f@group-4958B964F04C-LeaderElection91] INFO  impl.RoleInfo (RoleInfo.java:updateAndGet(130)) - 54c5675f-ba62-45ed-9220-9f8a0729676f: start 54c5675f-ba62-45ed-9220-9f8a0729676f@group-4958B964F04C-LeaderStateImpl
2021-01-11 13:55:51,433 [54c5675f-ba62-45ed-9220-9f8a0729676f@group-4958B964F04C-LeaderElection91] INFO  segmented.SegmentedRaftLogWorker (SegmentedRaftLogWorker.java:startLogSegment(392)) - 54c5675f-ba62-45ed-9220-9f8a0729676f@group-4958B964F04C-SegmentedRaftLogWorker: Starting segment from index:0
2021-01-11 13:55:51,435 [54c5675f-ba62-45ed-9220-9f8a0729676f@group-4958B964F04C-SegmentedRaftLogWorker] INFO  segmented.SegmentedRaftLogWorker (SegmentedRaftLogWorker.java:execute(599)) - 54c5675f-ba62-45ed-9220-9f8a0729676f@group-4958B964F04C-SegmentedRaftLogWorker: created new log segment /github/workspace/mnt/ozone/hadoop-ozone/integration-test/target/test-dir/MiniOzoneClusterImpl-250075fd-7b22-4ad4-b8fe-1c364b7bd722/datanode-0/data/ratis/b00ba1ee-2a13-4faf-abad-4958b964f04c/current/log_inprogress_0
2021-01-11 13:55:51,435 [54c5675f-ba62-45ed-9220-9f8a0729676f@group-4958B964F04C-LeaderElection91] INFO  server.RaftServer$Division (ServerState.java:setRaftConf(368)) - 54c5675f-ba62-45ed-9220-9f8a0729676f@group-4958B964F04C: set configuration 0: [54c5675f-ba62-45ed-9220-9f8a0729676f|rpc:172.17.0.2:37175|dataStream:|priority:1], old=null
2021-01-11 13:55:51,455 [Thread-5216] INFO  impl.FollowerState (FollowerState.java:run(133)) - 515d1186-b946-4ae1-b8cc-4f597259d7e8@group-9865FF3C7469-FollowerState: change to CANDIDATE, lastRpcElapsedTime:5009315329ns, electionTimeout:5009ms
2021-01-11 13:55:51,456 [Thread-5216] INFO  impl.RoleInfo (RoleInfo.java:shutdownFollowerState(108)) - 515d1186-b946-4ae1-b8cc-4f597259d7e8: shutdown 515d1186-b946-4ae1-b8cc-4f597259d7e8@group-9865FF3C7469-FollowerState
2021-01-11 13:55:51,456 [Thread-5216] INFO  server.RaftServer$Division (RaftServerImpl.java:setRole(283)) - 515d1186-b946-4ae1-b8cc-4f597259d7e8@group-9865FF3C7469: changes role from  FOLLOWER to CANDIDATE at term 0 for changeToCandidate
2021-01-11 13:55:51,456 [Thread-5216] INFO  impl.RoleInfo (RoleInfo.java:updateAndGet(130)) - 515d1186-b946-4ae1-b8cc-4f597259d7e8: start 515d1186-b946-4ae1-b8cc-4f597259d7e8@group-9865FF3C7469-LeaderElection92
2021-01-11 13:55:51,458 [515d1186-b946-4ae1-b8cc-4f597259d7e8@group-9865FF3C7469-LeaderElection92] INFO  impl.LeaderElection (LeaderElection.java:askForPreVotes(259)) - 515d1186-b946-4ae1-b8cc-4f597259d7e8@group-9865FF3C7469-LeaderElection92: begin a pre-vote at term 0 for -1: [515d1186-b946-4ae1-b8cc-4f597259d7e8|rpc:172.17.0.2:38339|dataStream:|priority:0, 54c5675f-ba62-45ed-9220-9f8a0729676f|rpc:172.17.0.2:37175|dataStream:|priority:0, dd50be5a-5af1-4aec-ba2d-21cfbf161371|rpc:172.17.0.2:37613|dataStream:|priority:1], old=null
2021-01-11 13:55:51,464 [grpc-default-executor-11] INFO  metrics.RatisMetrics (RatisMetrics.java:lambda$create$0(36)) - Creating Metrics Registry : ratis.server_message_metrics.54c5675f-ba62-45ed-9220-9f8a0729676f
2021-01-11 13:55:51,464 [grpc-default-executor-4] INFO  server.RaftServer$Division (RaftServerImpl.java:requestPreVote(1060)) - dd50be5a-5af1-4aec-ba2d-21cfbf161371@group-9865FF3C7469: receive preVote(515d1186-b946-4ae1-b8cc-4f597259d7e8, group-9865FF3C7469, 0, (t:0, i:0))
2021-01-11 13:55:51,464 [grpc-default-executor-4] INFO  server.RaftServer$Division (RaftServerImpl.java:requestPreVote(1083)) - dd50be5a-5af1-4aec-ba2d-21cfbf161371@group-9865FF3C7469 role: FOLLOWER reject pre-vote from:515d1186-b946-4ae1-b8cc-4f597259d7e8 because compare:0 isCurrentLeaderValid:false
2021-01-11 13:55:51,464 [grpc-default-executor-4] INFO  server.RaftServer$Division (RaftServerImpl.java:requestPreVote(1099)) - dd50be5a-5af1-4aec-ba2d-21cfbf161371@group-9865FF3C7469 replies to pre-vote request: 515d1186-b946-4ae1-b8cc-4f597259d7e8<-dd50be5a-5af1-4aec-ba2d-21cfbf161371#0:FAIL-t0. Peer's state: dd50be5a-5af1-4aec-ba2d-21cfbf161371@group-9865FF3C7469:t0, leader=null, voted=, raftlog=dd50be5a-5af1-4aec-ba2d-21cfbf161371@group-9865FF3C7469-SegmentedRaftLog:OPENED:c-1,f-1,i0, conf=-1: [515d1186-b946-4ae1-b8cc-4f597259d7e8|rpc:172.17.0.2:38339|dataStream:|priority:0, 54c5675f-ba62-45ed-9220-9f8a0729676f|rpc:172.17.0.2:37175|dataStream:|priority:0, dd50be5a-5af1-4aec-ba2d-21cfbf161371|rpc:172.17.0.2:37613|dataStream:|priority:1], old=null
2021-01-11 13:55:51,467 [grpc-default-executor-11] INFO  server.RaftServer$Division (RaftServerImpl.java:requestPreVote(1060)) - 54c5675f-ba62-45ed-9220-9f8a0729676f@group-9865FF3C7469: receive preVote(515d1186-b946-4ae1-b8cc-4f597259d7e8, group-9865FF3C7469, 0, (t:0, i:0))
2021-01-11 13:55:51,467 [grpc-default-executor-11] INFO  server.RaftServer$Division (RaftServerImpl.java:requestPreVote(1081)) - 54c5675f-ba62-45ed-9220-9f8a0729676f@group-9865FF3C7469 role: FOLLOWER allow pre-vote from:515d1186-b946-4ae1-b8cc-4f597259d7e8
2021-01-11 13:55:51,467 [grpc-default-executor-11] INFO  server.RaftServer$Division (RaftServerImpl.java:requestPreVote(1099)) - 54c5675f-ba62-45ed-9220-9f8a0729676f@group-9865FF3C7469 replies to pre-vote request: 515d1186-b946-4ae1-b8cc-4f597259d7e8<-54c5675f-ba62-45ed-9220-9f8a0729676f#0:OK-t0. Peer's state: 54c5675f-ba62-45ed-9220-9f8a0729676f@group-9865FF3C7469:t0, leader=null, voted=, raftlog=54c5675f-ba62-45ed-9220-9f8a0729676f@group-9865FF3C7469-SegmentedRaftLog:OPENED:c-1,f-1,i0, conf=-1: [515d1186-b946-4ae1-b8cc-4f597259d7e8|rpc:172.17.0.2:38339|priority:0, 54c5675f-ba62-45ed-9220-9f8a0729676f|rpc:172.17.0.2:37175|priority:0, dd50be5a-5af1-4aec-ba2d-21cfbf161371|rpc:172.17.0.2:37613|priority:1], old=null
2021-01-11 13:55:51,468 [515d1186-b946-4ae1-b8cc-4f597259d7e8@group-9865FF3C7469-LeaderElection92] INFO  impl.LeaderElection (LeaderElection.java:logAndReturn(68)) - 515d1186-b946-4ae1-b8cc-4f597259d7e8@group-9865FF3C7469-LeaderElection92: Pre-vote  REJECTED received 1 response(s):[515d1186-b946-4ae1-b8cc-4f597259d7e8<-dd50be5a-5af1-4aec-ba2d-21cfbf161371#0:FAIL-t0]
2021-01-11 13:55:51,468 [515d1186-b946-4ae1-b8cc-4f597259d7e8@group-9865FF3C7469-LeaderElection92] INFO  impl.LeaderElection (LeaderElection.java:askForPreVotes(261)) - 515d1186-b946-4ae1-b8cc-4f597259d7e8@group-9865FF3C7469-LeaderElection92 pre-vote result is REJECTED.
2021-01-11 13:55:51,468 [515d1186-b946-4ae1-b8cc-4f597259d7e8@group-9865FF3C7469-LeaderElection92] INFO  server.RaftServer$Division (RaftServerImpl.java:setRole(283)) - 515d1186-b946-4ae1-b8cc-4f597259d7e8@group-9865FF3C7469: changes role from CANDIDATE to FOLLOWER at term 0 for REJECTED
2021-01-11 13:55:51,468 [515d1186-b946-4ae1-b8cc-4f597259d7e8@group-9865FF3C7469-LeaderElection92] INFO  impl.RoleInfo (RoleInfo.java:shutdownLeaderElection(121)) - 515d1186-b946-4ae1-b8cc-4f597259d7e8: shutdown 515d1186-b946-4ae1-b8cc-4f597259d7e8@group-9865FF3C7469-LeaderElection92
2021-01-11 13:55:51,468 [515d1186-b946-4ae1-b8cc-4f597259d7e8@group-9865FF3C7469-LeaderElection92] INFO  impl.RoleInfo (RoleInfo.java:updateAndGet(130)) - 515d1186-b946-4ae1-b8cc-4f597259d7e8: start 515d1186-b946-4ae1-b8cc-4f597259d7e8@group-9865FF3C7469-FollowerState
2021-01-11 13:55:51,479 [Thread-5213] INFO  impl.FollowerState (FollowerState.java:run(133)) - dd50be5a-5af1-4aec-ba2d-21cfbf161371@group-9865FF3C7469-FollowerState: change to CANDIDATE, lastRpcElapsedTime:5061927455ns, electionTimeout:5061ms
2021-01-11 13:55:51,480 [Thread-5213] INFO  impl.RoleInfo (RoleInfo.java:shutdownFollowerState(108)) - dd50be5a-5af1-4aec-ba2d-21cfbf161371: shutdown dd50be5a-5af1-4aec-ba2d-21cfbf161371@group-9865FF3C7469-FollowerState
2021-01-11 13:55:51,480 [Thread-5213] INFO  server.RaftServer$Division (RaftServerImpl.java:setRole(283)) - dd50be5a-5af1-4aec-ba2d-21cfbf161371@group-9865FF3C7469: changes role from  FOLLOWER to CANDIDATE at term 0 for changeToCandidate
2021-01-11 13:55:51,480 [Thread-5213] INFO  impl.RoleInfo (RoleInfo.java:updateAndGet(130)) - dd50be5a-5af1-4aec-ba2d-21cfbf161371: start dd50be5a-5af1-4aec-ba2d-21cfbf161371@group-9865FF3C7469-LeaderElection93
2021-01-11 13:55:51,481 [dd50be5a-5af1-4aec-ba2d-21cfbf161371@group-9865FF3C7469-LeaderElection93] INFO  impl.LeaderElection (LeaderElection.java:askForPreVotes(259)) - dd50be5a-5af1-4aec-ba2d-21cfbf161371@group-9865FF3C7469-LeaderElection93: begin a pre-vote at term 0 for -1: [515d1186-b946-4ae1-b8cc-4f597259d7e8|rpc:172.17.0.2:38339|dataStream:|priority:0, 54c5675f-ba62-45ed-9220-9f8a0729676f|rpc:172.17.0.2:37175|dataStream:|priority:0, dd50be5a-5af1-4aec-ba2d-21cfbf161371|rpc:172.17.0.2:37613|dataStream:|priority:1], old=null
2021-01-11 13:55:51,485 [grpc-default-executor-11] INFO  server.RaftServer$Division (RaftServerImpl.java:requestPreVote(1060)) - 515d1186-b946-4ae1-b8cc-4f597259d7e8@group-9865FF3C7469: receive preVote(dd50be5a-5af1-4aec-ba2d-21cfbf161371, group-9865FF3C7469, 0, (t:0, i:0))
2021-01-11 13:55:51,485 [grpc-default-executor-11] INFO  server.RaftServer$Division (RaftServerImpl.java:requestPreVote(1081)) - 515d1186-b946-4ae1-b8cc-4f597259d7e8@group-9865FF3C7469 role: FOLLOWER allow pre-vote from:dd50be5a-5af1-4aec-ba2d-21cfbf161371
2021-01-11 13:55:51,485 [grpc-default-executor-11] INFO  server.RaftServer$Division (RaftServerImpl.java:requestPreVote(1099)) - 515d1186-b946-4ae1-b8cc-4f597259d7e8@group-9865FF3C7469 replies to pre-vote request: dd50be5a-5af1-4aec-ba2d-21cfbf161371<-515d1186-b946-4ae1-b8cc-4f597259d7e8#0:OK-t0. Peer's state: 515d1186-b946-4ae1-b8cc-4f597259d7e8@group-9865FF3C7469:t0, leader=null, voted=, raftlog=515d1186-b946-4ae1-b8cc-4f597259d7e8@group-9865FF3C7469-SegmentedRaftLog:OPENED:c-1,f-1,i0, conf=-1: [515d1186-b946-4ae1-b8cc-4f597259d7e8|rpc:172.17.0.2:38339|dataStream:|priority:0, 54c5675f-ba62-45ed-9220-9f8a0729676f|rpc:172.17.0.2:37175|dataStream:|priority:0, dd50be5a-5af1-4aec-ba2d-21cfbf161371|rpc:172.17.0.2:37613|dataStream:|priority:1], old=null
2021-01-11 13:55:51,488 [dd50be5a-5af1-4aec-ba2d-21cfbf161371@group-9865FF3C7469-LeaderElection93] INFO  impl.LeaderElection (LeaderElection.java:logAndReturn(68)) - dd50be5a-5af1-4aec-ba2d-21cfbf161371@group-9865FF3C7469-LeaderElection93: Pre-vote  PASSED received 1 response(s):[dd50be5a-5af1-4aec-ba2d-21cfbf161371<-515d1186-b946-4ae1-b8cc-4f597259d7e8#0:OK-t0]
2021-01-11 13:55:51,488 [dd50be5a-5af1-4aec-ba2d-21cfbf161371@group-9865FF3C7469-LeaderElection93] INFO  impl.LeaderElection (LeaderElection.java:askForPreVotes(261)) - dd50be5a-5af1-4aec-ba2d-21cfbf161371@group-9865FF3C7469-LeaderElection93 pre-vote result is PASSED.
2021-01-11 13:55:51,489 [grpc-default-executor-11] INFO  server.RaftServer$Division (RaftServerImpl.java:requestPreVote(1060)) - 54c5675f-ba62-45ed-9220-9f8a0729676f@group-9865FF3C7469: receive preVote(dd50be5a-5af1-4aec-ba2d-21cfbf161371, group-9865FF3C7469, 0, (t:0, i:0))
2021-01-11 13:55:51,489 [grpc-default-executor-11] INFO  server.RaftServer$Division (RaftServerImpl.java:requestPreVote(1081)) - 54c5675f-ba62-45ed-9220-9f8a0729676f@group-9865FF3C7469 role: FOLLOWER allow pre-vote from:dd50be5a-5af1-4aec-ba2d-21cfbf161371
2021-01-11 13:55:51,489 [grpc-default-executor-11] INFO  server.RaftServer$Division (RaftServerImpl.java:requestPreVote(1099)) - 54c5675f-ba62-45ed-9220-9f8a0729676f@group-9865FF3C7469 replies to pre-vote request: dd50be5a-5af1-4aec-ba2d-21cfbf161371<-54c5675f-ba62-45ed-9220-9f8a0729676f#0:OK-t0. Peer's state: 54c5675f-ba62-45ed-9220-9f8a0729676f@group-9865FF3C7469:t0, leader=null, voted=, raftlog=54c5675f-ba62-45ed-9220-9f8a0729676f@group-9865FF3C7469-SegmentedRaftLog:OPENED:c-1,f-1,i0, conf=-1: [515d1186-b946-4ae1-b8cc-4f597259d7e8|rpc:172.17.0.2:38339|priority:0, 54c5675f-ba62-45ed-9220-9f8a0729676f|rpc:172.17.0.2:37175|priority:0, dd50be5a-5af1-4aec-ba2d-21cfbf161371|rpc:172.17.0.2:37613|priority:1], old=null
2021-01-11 13:55:51,490 [dd50be5a-5af1-4aec-ba2d-21cfbf161371@group-9865FF3C7469-LeaderElection93] INFO  impl.LeaderElection (LeaderElection.java:askForVotes(308)) - dd50be5a-5af1-4aec-ba2d-21cfbf161371@group-9865FF3C7469-LeaderElection93: begin an election at term 1 for -1: [515d1186-b946-4ae1-b8cc-4f597259d7e8|rpc:172.17.0.2:38339|dataStream:|priority:0, 54c5675f-ba62-45ed-9220-9f8a0729676f|rpc:172.17.0.2:37175|dataStream:|priority:0, dd50be5a-5af1-4aec-ba2d-21cfbf161371|rpc:172.17.0.2:37613|dataStream:|priority:1], old=null
2021-01-11 13:55:51,494 [grpc-default-executor-11] INFO  server.RaftServer$Division (RaftServerImpl.java:setRole(283)) - 54c5675f-ba62-45ed-9220-9f8a0729676f@group-9865FF3C7469: changes role from  FOLLOWER to FOLLOWER at term 1 for recognizeCandidate:dd50be5a-5af1-4aec-ba2d-21cfbf161371
2021-01-11 13:55:51,494 [grpc-default-executor-11] INFO  impl.RoleInfo (RoleInfo.java:shutdownFollowerState(108)) - 54c5675f-ba62-45ed-9220-9f8a0729676f: shutdown 54c5675f-ba62-45ed-9220-9f8a0729676f@group-9865FF3C7469-FollowerState
2021-01-11 13:55:51,494 [grpc-default-executor-11] INFO  impl.RoleInfo (RoleInfo.java:updateAndGet(130)) - 54c5675f-ba62-45ed-9220-9f8a0729676f: start 54c5675f-ba62-45ed-9220-9f8a0729676f@group-9865FF3C7469-FollowerState
2021-01-11 13:55:51,494 [Thread-5211] INFO  impl.FollowerState (FollowerState.java:run(142)) - 54c5675f-ba62-45ed-9220-9f8a0729676f@group-9865FF3C7469-FollowerState was interrupted: {}
java.lang.InterruptedException: sleep interrupted
	at java.lang.Thread.sleep(Native Method)
	at java.lang.Thread.sleep(Thread.java:340)
	at java.util.concurrent.TimeUnit.sleep(TimeUnit.java:386)
	at org.apache.ratis.util.TimeDuration.sleep(TimeDuration.java:324)
	at org.apache.ratis.util.TimeDuration.sleep(TimeDuration.java:309)
	at org.apache.ratis.server.impl.FollowerState.run(FollowerState.java:117)
2021-01-11 13:55:51,495 [grpc-default-executor-11] INFO  server.RaftServer$Division (RaftServerImpl.java:requestVote(1137)) -  FOLLOWER 54c5675f-ba62-45ed-9220-9f8a0729676f@group-9865FF3C7469:t1, leader=null, voted=null, raftlog=54c5675f-ba62-45ed-9220-9f8a0729676f@group-9865FF3C7469-SegmentedRaftLog:OPENED:c-1,f-1,i0, conf=-1: [515d1186-b946-4ae1-b8cc-4f597259d7e8|rpc:172.17.0.2:38339|priority:0, 54c5675f-ba62-45ed-9220-9f8a0729676f|rpc:172.17.0.2:37175|priority:0, dd50be5a-5af1-4aec-ba2d-21cfbf161371|rpc:172.17.0.2:37613|priority:1], old=null RUNNING priority:0 candidate:dd50be5a-5af1-4aec-ba2d-21cfbf161371|rpc:172.17.0.2:37613|priority:1 candidatePriority:1 compare:0
2021-01-11 13:55:51,495 [grpc-default-executor-4] INFO  server.RaftServer$Division (RaftServerImpl.java:setRole(283)) - 515d1186-b946-4ae1-b8cc-4f597259d7e8@group-9865FF3C7469: changes role from  FOLLOWER to FOLLOWER at term 1 for recognizeCandidate:dd50be5a-5af1-4aec-ba2d-21cfbf161371
2021-01-11 13:55:51,495 [grpc-default-executor-4] INFO  impl.RoleInfo (RoleInfo.java:shutdownFollowerState(108)) - 515d1186-b946-4ae1-b8cc-4f597259d7e8: shutdown 515d1186-b946-4ae1-b8cc-4f597259d7e8@group-9865FF3C7469-FollowerState
2021-01-11 13:55:51,495 [grpc-default-executor-4] INFO  impl.RoleInfo (RoleInfo.java:updateAndGet(130)) - 515d1186-b946-4ae1-b8cc-4f597259d7e8: start 515d1186-b946-4ae1-b8cc-4f597259d7e8@group-9865FF3C7469-FollowerState
2021-01-11 13:55:51,495 [Thread-5256] INFO  impl.FollowerState (FollowerState.java:run(142)) - 515d1186-b946-4ae1-b8cc-4f597259d7e8@group-9865FF3C7469-FollowerState was interrupted: {}
java.lang.InterruptedException: sleep interrupted
	at java.lang.Thread.sleep(Native Method)
	at java.lang.Thread.sleep(Thread.java:340)
	at java.util.concurrent.TimeUnit.sleep(TimeUnit.java:386)
	at org.apache.ratis.util.TimeDuration.sleep(TimeDuration.java:324)
	at org.apache.ratis.util.TimeDuration.sleep(TimeDuration.java:309)
	at org.apache.ratis.server.impl.FollowerState.run(FollowerState.java:117)
2021-01-11 13:55:51,495 [grpc-default-executor-4] INFO  server.RaftServer$Division (RaftServerImpl.java:requestVote(1137)) -  FOLLOWER 515d1186-b946-4ae1-b8cc-4f597259d7e8@group-9865FF3C7469:t1, leader=null, voted=null, raftlog=515d1186-b946-4ae1-b8cc-4f597259d7e8@group-9865FF3C7469-SegmentedRaftLog:OPENED:c-1,f-1,i0, conf=-1: [515d1186-b946-4ae1-b8cc-4f597259d7e8|rpc:172.17.0.2:38339|dataStream:|priority:0, 54c5675f-ba62-45ed-9220-9f8a0729676f|rpc:172.17.0.2:37175|dataStream:|priority:0, dd50be5a-5af1-4aec-ba2d-21cfbf161371|rpc:172.17.0.2:37613|dataStream:|priority:1], old=null RUNNING priority:0 candidate:dd50be5a-5af1-4aec-ba2d-21cfbf161371|rpc:172.17.0.2:37613|dataStream:|priority:1 candidatePriority:1 compare:0
2021-01-11 13:55:51,497 [dd50be5a-5af1-4aec-ba2d-21cfbf161371@group-9865FF3C7469-LeaderElection93] INFO  impl.LeaderElection (LeaderElection.java:logAndReturn(68)) - dd50be5a-5af1-4aec-ba2d-21cfbf161371@group-9865FF3C7469-LeaderElection93: Election  PASSED received 1 response(s):[dd50be5a-5af1-4aec-ba2d-21cfbf161371<-54c5675f-ba62-45ed-9220-9f8a0729676f#0:OK-t1]
2021-01-11 13:55:51,497 [dd50be5a-5af1-4aec-ba2d-21cfbf161371@group-9865FF3C7469-LeaderElection93] INFO  impl.RoleInfo (RoleInfo.java:shutdownLeaderElection(121)) - dd50be5a-5af1-4aec-ba2d-21cfbf161371: shutdown dd50be5a-5af1-4aec-ba2d-21cfbf161371@group-9865FF3C7469-LeaderElection93
2021-01-11 13:55:51,497 [dd50be5a-5af1-4aec-ba2d-21cfbf161371@group-9865FF3C7469-LeaderElection93] INFO  server.RaftServer$Division (RaftServerImpl.java:setRole(283)) - dd50be5a-5af1-4aec-ba2d-21cfbf161371@group-9865FF3C7469: changes role from CANDIDATE to LEADER at term 1 for changeToLeader
2021-01-11 13:55:51,497 [dd50be5a-5af1-4aec-ba2d-21cfbf161371@group-9865FF3C7469-LeaderElection93] INFO  ratis.XceiverServerRatis (XceiverServerRatis.java:handleLeaderChangedNotification(868)) - Leader change notification received for group: group-9865FF3C7469 with new leaderId: dd50be5a-5af1-4aec-ba2d-21cfbf161371
2021-01-11 13:55:51,497 [dd50be5a-5af1-4aec-ba2d-21cfbf161371@group-9865FF3C7469-LeaderElection93] INFO  server.RaftServer$Division (ServerState.java:setLeader(249)) - dd50be5a-5af1-4aec-ba2d-21cfbf161371@group-9865FF3C7469: change Leader from null to dd50be5a-5af1-4aec-ba2d-21cfbf161371 at term 1 for becomeLeader, leader elected after 5089ms
2021-01-11 13:55:51,497 [dd50be5a-5af1-4aec-ba2d-21cfbf161371@group-9865FF3C7469-LeaderElection93] INFO  server.RaftServerConfigKeys (ConfUtils.java:logGet(44)) - raft.server.staging.catchup.gap = 1000 (default)
2021-01-11 13:55:51,498 [dd50be5a-5af1-4aec-ba2d-21cfbf161371@group-9865FF3C7469-LeaderElection93] INFO  metrics.RatisMetrics (RatisMetrics.java:lambda$create$0(36)) - Creating Metrics Registry : ratis.log_appender.dd50be5a-5af1-4aec-ba2d-21cfbf161371@group-9865FF3C7469
2021-01-11 13:55:51,498 [dd50be5a-5af1-4aec-ba2d-21cfbf161371@group-9865FF3C7469-LeaderElection93] INFO  server.RaftServerConfigKeys (ConfUtils.java:logGet(44)) - raft.server.write.element-limit = 1024 (custom)
2021-01-11 13:55:51,498 [dd50be5a-5af1-4aec-ba2d-21cfbf161371@group-9865FF3C7469-LeaderElection93] INFO  server.RaftServerConfigKeys (ConfUtils.java:logGet(44)) - raft.server.write.byte-limit = 1073741824 (custom)
2021-01-11 13:55:51,499 [dd50be5a-5af1-4aec-ba2d-21cfbf161371@group-9865FF3C7469-LeaderElection93] INFO  server.RaftServerConfigKeys (ConfUtils.java:logGet(44)) - raft.server.watch.timeout = 180s (custom)
2021-01-11 13:55:51,499 [dd50be5a-5af1-4aec-ba2d-21cfbf161371@group-9865FF3C7469-LeaderElection93] INFO  server.RaftServerConfigKeys (ConfUtils.java:logGet(44)) - raft.server.watch.timeout.denomination = 1s (default)
2021-01-11 13:55:51,499 [dd50be5a-5af1-4aec-ba2d-21cfbf161371@group-9865FF3C7469-LeaderElection93] INFO  server.RaftServerConfigKeys (ConfUtils.java:logGet(44)) - raft.server.watch.element-limit = 65536 (default)
2021-01-11 13:55:51,499 [dd50be5a-5af1-4aec-ba2d-21cfbf161371@group-9865FF3C7469-LeaderElection93] INFO  server.RaftServerConfigKeys (ConfUtils.java:logGet(44)) - raft.server.log.appender.snapshot.chunk.size.max = 16MB (=16777216) (default)
2021-01-11 13:55:51,499 [dd50be5a-5af1-4aec-ba2d-21cfbf161371@group-9865FF3C7469-LeaderElection93] INFO  server.RaftServerConfigKeys (ConfUtils.java:logGet(44)) - raft.server.log.appender.buffer.byte-limit = 33554432 (custom)
2021-01-11 13:55:51,499 [dd50be5a-5af1-4aec-ba2d-21cfbf161371@group-9865FF3C7469-LeaderElection93] INFO  server.RaftServerConfigKeys (ConfUtils.java:logGet(44)) - raft.server.log.appender.buffer.element-limit = 1 (custom)
2021-01-11 13:55:51,500 [dd50be5a-5af1-4aec-ba2d-21cfbf161371@group-9865FF3C7469-LeaderElection93] INFO  grpc.GrpcConfigKeys (ConfUtils.java:logGet(44)) - raft.grpc.server.leader.outstanding.appends.max = 128 (default)
2021-01-11 13:55:51,500 [dd50be5a-5af1-4aec-ba2d-21cfbf161371@group-9865FF3C7469-LeaderElection93] INFO  server.RaftServerConfigKeys (ConfUtils.java:logGet(44)) - raft.server.rpc.request.timeout = 60s (custom)
2021-01-11 13:55:51,500 [dd50be5a-5af1-4aec-ba2d-21cfbf161371@group-9865FF3C7469-LeaderElection93] INFO  server.RaftServerConfigKeys (ConfUtils.java:logGet(44)) - raft.server.log.appender.install.snapshot.enabled = false (custom)
2021-01-11 13:55:51,500 [dd50be5a-5af1-4aec-ba2d-21cfbf161371@group-9865FF3C7469-LeaderElection93] INFO  metrics.RatisMetrics (RatisMetrics.java:lambda$create$0(36)) - Creating Metrics Registry : ratis_grpc.log_appender.dd50be5a-5af1-4aec-ba2d-21cfbf161371@group-9865FF3C7469
2021-01-11 13:55:51,503 [EventQueue-PipelineReportForOneReplicaPipelineSafeModeRule] INFO  safemode.SCMSafeModeManager (SCMSafeModeManager.java:validateSafeModeExitRules(214)) - AtleastOneDatanodeReportedRule rule is successfully validated
2021-01-11 13:55:51,503 [EventQueue-PipelineReportForPipelineReportHandler] INFO  pipeline.PipelineStateManager (PipelineStateManager.java:openPipeline(132)) - Pipeline Pipeline[ Id: 0a72c7b7-1fb4-4068-8e61-9865ff3c7469, Nodes: dd50be5a-5af1-4aec-ba2d-21cfbf161371{ip: 172.17.0.2, host: f5cef6452a00, networkLocation: /default-rack, certSerialId: null, persistedOpState: IN_SERVICE, persistedOpStateExpiryEpochSec: 0}515d1186-b946-4ae1-b8cc-4f597259d7e8{ip: 172.17.0.2, host: f5cef6452a00, networkLocation: /default-rack, certSerialId: null, persistedOpState: IN_SERVICE, persistedOpStateExpiryEpochSec: 0}54c5675f-ba62-45ed-9220-9f8a0729676f{ip: 172.17.0.2, host: f5cef6452a00, networkLocation: /default-rack, certSerialId: null, persistedOpState: IN_SERVICE, persistedOpStateExpiryEpochSec: 0}, Type:RATIS, Factor:THREE, State:ALLOCATED, leaderId:dd50be5a-5af1-4aec-ba2d-21cfbf161371, CreationTimestamp2021-01-11T13:55:43.737Z] moved to OPEN state
2021-01-11 13:55:51,503 [dd50be5a-5af1-4aec-ba2d-21cfbf161371@group-9865FF3C7469-LeaderElection93] INFO  server.RaftServerConfigKeys (ConfUtils.java:logGet(44)) - raft.server.log.appender.snapshot.chunk.size.max = 16MB (=16777216) (default)
2021-01-11 13:55:51,503 [dd50be5a-5af1-4aec-ba2d-21cfbf161371@group-9865FF3C7469-LeaderElection93] INFO  server.RaftServerConfigKeys (ConfUtils.java:logGet(44)) - raft.server.log.appender.buffer.byte-limit = 33554432 (custom)
2021-01-11 13:55:51,503 [dd50be5a-5af1-4aec-ba2d-21cfbf161371@group-9865FF3C7469-LeaderElection93] INFO  server.RaftServerConfigKeys (ConfUtils.java:logGet(44)) - raft.server.log.appender.buffer.element-limit = 1 (custom)
2021-01-11 13:55:51,503 [dd50be5a-5af1-4aec-ba2d-21cfbf161371@group-9865FF3C7469-LeaderElection93] INFO  grpc.GrpcConfigKeys (ConfUtils.java:logGet(44)) - raft.grpc.server.leader.outstanding.appends.max = 128 (default)
2021-01-11 13:55:51,503 [dd50be5a-5af1-4aec-ba2d-21cfbf161371@group-9865FF3C7469-LeaderElection93] INFO  server.RaftServerConfigKeys (ConfUtils.java:logGet(44)) - raft.server.rpc.request.timeout = 60s (custom)
2021-01-11 13:55:51,503 [dd50be5a-5af1-4aec-ba2d-21cfbf161371@group-9865FF3C7469-LeaderElection93] INFO  server.RaftServerConfigKeys (ConfUtils.java:logGet(44)) - raft.server.log.appender.install.snapshot.enabled = false (custom)
2021-01-11 13:55:51,503 [EventQueue-OpenPipelineForHealthyPipelineSafeModeRule] INFO  safemode.SCMSafeModeManager (HealthyPipelineSafeModeRule.java:process(128)) - SCM in safe mode. Healthy pipelines reported count is 0, required healthy pipeline reported count is 1
2021-01-11 13:55:51,503 [EventQueue-OpenPipelineForHealthyPipelineSafeModeRule] INFO  safemode.SCMSafeModeManager (HealthyPipelineSafeModeRule.java:process(128)) - SCM in safe mode. Healthy pipelines reported count is 1, required healthy pipeline reported count is 1
2021-01-11 13:55:51,503 [EventQueue-OpenPipelineForHealthyPipelineSafeModeRule] INFO  safemode.SCMSafeModeManager (SCMSafeModeManager.java:validateSafeModeExitRules(214)) - HealthyPipelineSafeModeRule rule is successfully validated
2021-01-11 13:55:51,503 [EventQueue-OpenPipelineForHealthyPipelineSafeModeRule] INFO  safemode.SCMSafeModeManager (SCMSafeModeManager.java:validateSafeModeExitRules(228)) - ScmSafeModeManager, all rules are successfully validated
2021-01-11 13:55:51,503 [EventQueue-OpenPipelineForHealthyPipelineSafeModeRule] INFO  safemode.SCMSafeModeManager (SCMSafeModeManager.java:exitSafeMode(257)) - SCM exiting safe mode.
2021-01-11 13:55:51,506 [dd50be5a-5af1-4aec-ba2d-21cfbf161371@group-9865FF3C7469-LeaderElection93] INFO  impl.RoleInfo (RoleInfo.java:updateAndGet(130)) - dd50be5a-5af1-4aec-ba2d-21cfbf161371: start dd50be5a-5af1-4aec-ba2d-21cfbf161371@group-9865FF3C7469-LeaderStateImpl
2021-01-11 13:55:51,507 [dd50be5a-5af1-4aec-ba2d-21cfbf161371@group-9865FF3C7469-LeaderElection93] INFO  segmented.SegmentedRaftLogWorker (SegmentedRaftLogWorker.java:startLogSegment(392)) - dd50be5a-5af1-4aec-ba2d-21cfbf161371@group-9865FF3C7469-SegmentedRaftLogWorker: Starting segment from index:0
2021-01-11 13:55:51,508 [dd50be5a-5af1-4aec-ba2d-21cfbf161371@group-9865FF3C7469-SegmentedRaftLogWorker] INFO  segmented.SegmentedRaftLogWorker (SegmentedRaftLogWorker.java:execute(599)) - dd50be5a-5af1-4aec-ba2d-21cfbf161371@group-9865FF3C7469-SegmentedRaftLogWorker: created new log segment /github/workspace/mnt/ozone/hadoop-ozone/integration-test/target/test-dir/MiniOzoneClusterImpl-250075fd-7b22-4ad4-b8fe-1c364b7bd722/datanode-1/data/ratis/0a72c7b7-1fb4-4068-8e61-9865ff3c7469/current/log_inprogress_0
2021-01-11 13:55:51,515 [dd50be5a-5af1-4aec-ba2d-21cfbf161371@group-9865FF3C7469-LeaderElection93] INFO  server.RaftServer$Division (ServerState.java:setRaftConf(368)) - dd50be5a-5af1-4aec-ba2d-21cfbf161371@group-9865FF3C7469: set configuration 0: [515d1186-b946-4ae1-b8cc-4f597259d7e8|rpc:172.17.0.2:38339|dataStream:|priority:0, 54c5675f-ba62-45ed-9220-9f8a0729676f|rpc:172.17.0.2:37175|dataStream:|priority:0, dd50be5a-5af1-4aec-ba2d-21cfbf161371|rpc:172.17.0.2:37613|dataStream:|priority:1], old=null
2021-01-11 13:55:51,539 [grpc-default-executor-4] INFO  ratis.XceiverServerRatis (XceiverServerRatis.java:handleLeaderChangedNotification(868)) - Leader change notification received for group: group-9865FF3C7469 with new leaderId: dd50be5a-5af1-4aec-ba2d-21cfbf161371
2021-01-11 13:55:51,539 [grpc-default-executor-4] INFO  server.RaftServer$Division (ServerState.java:setLeader(249)) - 54c5675f-ba62-45ed-9220-9f8a0729676f@group-9865FF3C7469: change Leader from null to dd50be5a-5af1-4aec-ba2d-21cfbf161371 at term 1 for appendEntries, leader elected after 5157ms
2021-01-11 13:55:51,542 [Thread-5221] INFO  impl.FollowerState (FollowerState.java:run(133)) - dd50be5a-5af1-4aec-ba2d-21cfbf161371@group-2CC5247B8F08-FollowerState: change to CANDIDATE, lastRpcElapsedTime:5052306469ns, electionTimeout:5052ms
2021-01-11 13:55:51,542 [grpc-default-executor-11] INFO  ratis.XceiverServerRatis (XceiverServerRatis.java:handleLeaderChangedNotification(868)) - Leader change notification received for group: group-9865FF3C7469 with new leaderId: dd50be5a-5af1-4aec-ba2d-21cfbf161371
2021-01-11 13:55:51,544 [grpc-default-executor-11] INFO  server.RaftServer$Division (ServerState.java:setLeader(249)) - 515d1186-b946-4ae1-b8cc-4f597259d7e8@group-9865FF3C7469: change Leader from null to dd50be5a-5af1-4aec-ba2d-21cfbf161371 at term 1 for appendEntries, leader elected after 5106ms
2021-01-11 13:55:51,544 [Thread-5221] INFO  impl.RoleInfo (RoleInfo.java:shutdownFollowerState(108)) - dd50be5a-5af1-4aec-ba2d-21cfbf161371: shutdown dd50be5a-5af1-4aec-ba2d-21cfbf161371@group-2CC5247B8F08-FollowerState
2021-01-11 13:55:51,545 [Thread-5221] INFO  server.RaftServer$Division (RaftServerImpl.java:setRole(283)) - dd50be5a-5af1-4aec-ba2d-21cfbf161371@group-2CC5247B8F08: changes role from  FOLLOWER to CANDIDATE at term 0 for changeToCandidate
2021-01-11 13:55:51,547 [Thread-5221] INFO  impl.RoleInfo (RoleInfo.java:updateAndGet(130)) - dd50be5a-5af1-4aec-ba2d-21cfbf161371: start dd50be5a-5af1-4aec-ba2d-21cfbf161371@group-2CC5247B8F08-LeaderElection94
2021-01-11 13:55:51,547 [grpc-default-executor-1] INFO  server.RaftServer$Division (ServerState.java:setRaftConf(368)) - 54c5675f-ba62-45ed-9220-9f8a0729676f@group-9865FF3C7469: set configuration 0: [515d1186-b946-4ae1-b8cc-4f597259d7e8|rpc:172.17.0.2:38339|dataStream:|priority:0, 54c5675f-ba62-45ed-9220-9f8a0729676f|rpc:172.17.0.2:37175|dataStream:|priority:0, dd50be5a-5af1-4aec-ba2d-21cfbf161371|rpc:172.17.0.2:37613|dataStream:|priority:1], old=null
2021-01-11 13:55:51,548 [grpc-default-executor-1] INFO  segmented.SegmentedRaftLogWorker (SegmentedRaftLogWorker.java:startLogSegment(392)) - 54c5675f-ba62-45ed-9220-9f8a0729676f@group-9865FF3C7469-SegmentedRaftLogWorker: Starting segment from index:0
2021-01-11 13:55:51,548 [grpc-default-executor-11] INFO  server.RaftServer$Division (ServerState.java:setRaftConf(368)) - 515d1186-b946-4ae1-b8cc-4f597259d7e8@group-9865FF3C7469: set configuration 0: [515d1186-b946-4ae1-b8cc-4f597259d7e8|rpc:172.17.0.2:38339|dataStream:|priority:0, 54c5675f-ba62-45ed-9220-9f8a0729676f|rpc:172.17.0.2:37175|dataStream:|priority:0, dd50be5a-5af1-4aec-ba2d-21cfbf161371|rpc:172.17.0.2:37613|dataStream:|priority:1], old=null
2021-01-11 13:55:51,549 [grpc-default-executor-11] INFO  segmented.SegmentedRaftLogWorker (SegmentedRaftLogWorker.java:startLogSegment(392)) - 515d1186-b946-4ae1-b8cc-4f597259d7e8@group-9865FF3C7469-SegmentedRaftLogWorker: Starting segment from index:0
2021-01-11 13:55:51,556 [Thread-5224] INFO  impl.FollowerState (FollowerState.java:run(133)) - 515d1186-b946-4ae1-b8cc-4f597259d7e8@group-2CC5247B8F08-FollowerState: change to CANDIDATE, lastRpcElapsedTime:5040526685ns, electionTimeout:5034ms
2021-01-11 13:55:51,563 [Thread-5224] INFO  impl.RoleInfo (RoleInfo.java:shutdownFollowerState(108)) - 515d1186-b946-4ae1-b8cc-4f597259d7e8: shutdown 515d1186-b946-4ae1-b8cc-4f597259d7e8@group-2CC5247B8F08-FollowerState
2021-01-11 13:55:51,563 [dd50be5a-5af1-4aec-ba2d-21cfbf161371@group-2CC5247B8F08-LeaderElection94] INFO  impl.LeaderElection (LeaderElection.java:askForPreVotes(259)) - dd50be5a-5af1-4aec-ba2d-21cfbf161371@group-2CC5247B8F08-LeaderElection94: begin a pre-vote at term 0 for -1: [515d1186-b946-4ae1-b8cc-4f597259d7e8|rpc:172.17.0.2:38339|dataStream:|priority:1, 54c5675f-ba62-45ed-9220-9f8a0729676f|rpc:172.17.0.2:37175|dataStream:|priority:0, dd50be5a-5af1-4aec-ba2d-21cfbf161371|rpc:172.17.0.2:37613|dataStream:|priority:0], old=null
2021-01-11 13:55:51,563 [Thread-5224] INFO  server.RaftServer$Division (RaftServerImpl.java:setRole(283)) - 515d1186-b946-4ae1-b8cc-4f597259d7e8@group-2CC5247B8F08: changes role from  FOLLOWER to CANDIDATE at term 0 for changeToCandidate
2021-01-11 13:55:51,563 [Thread-5224] INFO  impl.RoleInfo (RoleInfo.java:updateAndGet(130)) - 515d1186-b946-4ae1-b8cc-4f597259d7e8: start 515d1186-b946-4ae1-b8cc-4f597259d7e8@group-2CC5247B8F08-LeaderElection95
2021-01-11 13:55:51,564 [grpc-default-executor-11] INFO  server.RaftServer$Division (RaftServerImpl.java:requestPreVote(1060)) - 515d1186-b946-4ae1-b8cc-4f597259d7e8@group-2CC5247B8F08: receive preVote(dd50be5a-5af1-4aec-ba2d-21cfbf161371, group-2CC5247B8F08, 0, (t:0, i:0))
2021-01-11 13:55:51,565 [grpc-default-executor-11] INFO  server.RaftServer$Division (RaftServerImpl.java:requestPreVote(1083)) - 515d1186-b946-4ae1-b8cc-4f597259d7e8@group-2CC5247B8F08 role:CANDIDATE reject pre-vote from:dd50be5a-5af1-4aec-ba2d-21cfbf161371 because compare:0 isCurrentLeaderValid:false
2021-01-11 13:55:51,565 [grpc-default-executor-11] INFO  server.RaftServer$Division (RaftServerImpl.java:requestPreVote(1099)) - 515d1186-b946-4ae1-b8cc-4f597259d7e8@group-2CC5247B8F08 replies to pre-vote request: dd50be5a-5af1-4aec-ba2d-21cfbf161371<-515d1186-b946-4ae1-b8cc-4f597259d7e8#0:FAIL-t0. Peer's state: 515d1186-b946-4ae1-b8cc-4f597259d7e8@group-2CC5247B8F08:t0, leader=null, voted=, raftlog=515d1186-b946-4ae1-b8cc-4f597259d7e8@group-2CC5247B8F08-SegmentedRaftLog:OPENED:c-1,f-1,i0, conf=-1: [515d1186-b946-4ae1-b8cc-4f597259d7e8|rpc:172.17.0.2:38339|dataStream:|priority:1, 54c5675f-ba62-45ed-9220-9f8a0729676f|rpc:172.17.0.2:37175|dataStream:|priority:0, dd50be5a-5af1-4aec-ba2d-21cfbf161371|rpc:172.17.0.2:37613|dataStream:|priority:0], old=null
2021-01-11 13:55:51,565 [dd50be5a-5af1-4aec-ba2d-21cfbf161371@group-2CC5247B8F08-LeaderElection94] INFO  impl.LeaderElection (LeaderElection.java:logAndReturn(68)) - dd50be5a-5af1-4aec-ba2d-21cfbf161371@group-2CC5247B8F08-LeaderElection94: Pre-vote  REJECTED received 1 response(s):[dd50be5a-5af1-4aec-ba2d-21cfbf161371<-515d1186-b946-4ae1-b8cc-4f597259d7e8#0:FAIL-t0]
2021-01-11 13:55:51,566 [dd50be5a-5af1-4aec-ba2d-21cfbf161371@group-2CC5247B8F08-LeaderElection94] INFO  impl.LeaderElection (LeaderElection.java:askForPreVotes(261)) - dd50be5a-5af1-4aec-ba2d-21cfbf161371@group-2CC5247B8F08-LeaderElection94 pre-vote result is REJECTED.
2021-01-11 13:55:51,566 [dd50be5a-5af1-4aec-ba2d-21cfbf161371@group-2CC5247B8F08-LeaderElection94] INFO  server.RaftServer$Division (RaftServerImpl.java:setRole(283)) - dd50be5a-5af1-4aec-ba2d-21cfbf161371@group-2CC5247B8F08: changes role from CANDIDATE to FOLLOWER at term 0 for REJECTED
2021-01-11 13:55:51,566 [dd50be5a-5af1-4aec-ba2d-21cfbf161371@group-2CC5247B8F08-LeaderElection94] INFO  impl.RoleInfo (RoleInfo.java:shutdownLeaderElection(121)) - dd50be5a-5af1-4aec-ba2d-21cfbf161371: shutdown dd50be5a-5af1-4aec-ba2d-21cfbf161371@group-2CC5247B8F08-LeaderElection94
2021-01-11 13:55:51,566 [dd50be5a-5af1-4aec-ba2d-21cfbf161371@group-2CC5247B8F08-LeaderElection94] INFO  impl.RoleInfo (RoleInfo.java:updateAndGet(130)) - dd50be5a-5af1-4aec-ba2d-21cfbf161371: start dd50be5a-5af1-4aec-ba2d-21cfbf161371@group-2CC5247B8F08-FollowerState
2021-01-11 13:55:51,566 [515d1186-b946-4ae1-b8cc-4f597259d7e8@group-2CC5247B8F08-LeaderElection95] INFO  impl.LeaderElection (LeaderElection.java:askForPreVotes(259)) - 515d1186-b946-4ae1-b8cc-4f597259d7e8@group-2CC5247B8F08-LeaderElection95: begin a pre-vote at term 0 for -1: [515d1186-b946-4ae1-b8cc-4f597259d7e8|rpc:172.17.0.2:38339|dataStream:|priority:1, 54c5675f-ba62-45ed-9220-9f8a0729676f|rpc:172.17.0.2:37175|dataStream:|priority:0, dd50be5a-5af1-4aec-ba2d-21cfbf161371|rpc:172.17.0.2:37613|dataStream:|priority:0], old=null
2021-01-11 13:55:51,567 [515d1186-b946-4ae1-b8cc-4f597259d7e8@group-9865FF3C7469-SegmentedRaftLogWorker] INFO  segmented.SegmentedRaftLogWorker (SegmentedRaftLogWorker.java:execute(599)) - 515d1186-b946-4ae1-b8cc-4f597259d7e8@group-9865FF3C7469-SegmentedRaftLogWorker: created new log segment /github/workspace/mnt/ozone/hadoop-ozone/integration-test/target/test-dir/MiniOzoneClusterImpl-250075fd-7b22-4ad4-b8fe-1c364b7bd722/datanode-2/data/ratis/0a72c7b7-1fb4-4068-8e61-9865ff3c7469/current/log_inprogress_0
2021-01-11 13:55:51,567 [54c5675f-ba62-45ed-9220-9f8a0729676f@group-9865FF3C7469-SegmentedRaftLogWorker] INFO  segmented.SegmentedRaftLogWorker (SegmentedRaftLogWorker.java:execute(599)) - 54c5675f-ba62-45ed-9220-9f8a0729676f@group-9865FF3C7469-SegmentedRaftLogWorker: created new log segment /github/workspace/mnt/ozone/hadoop-ozone/integration-test/target/test-dir/MiniOzoneClusterImpl-250075fd-7b22-4ad4-b8fe-1c364b7bd722/datanode-0/data/ratis/0a72c7b7-1fb4-4068-8e61-9865ff3c7469/current/log_inprogress_0
2021-01-11 13:55:51,567 [grpc-default-executor-11] INFO  server.RaftServer$Division (RaftServerImpl.java:requestPreVote(1060)) - 54c5675f-ba62-45ed-9220-9f8a0729676f@group-2CC5247B8F08: receive preVote(dd50be5a-5af1-4aec-ba2d-21cfbf161371, group-2CC5247B8F08, 0, (t:0, i:0))
2021-01-11 13:55:51,567 [grpc-default-executor-11] INFO  server.RaftServer$Division (RaftServerImpl.java:requestPreVote(1081)) - 54c5675f-ba62-45ed-9220-9f8a0729676f@group-2CC5247B8F08 role: FOLLOWER allow pre-vote from:dd50be5a-5af1-4aec-ba2d-21cfbf161371
2021-01-11 13:55:51,567 [grpc-default-executor-11] INFO  server.RaftServer$Division (RaftServerImpl.java:requestPreVote(1099)) - 54c5675f-ba62-45ed-9220-9f8a0729676f@group-2CC5247B8F08 replies to pre-vote request: dd50be5a-5af1-4aec-ba2d-21cfbf161371<-54c5675f-ba62-45ed-9220-9f8a0729676f#0:OK-t0. Peer's state: 54c5675f-ba62-45ed-9220-9f8a0729676f@group-2CC5247B8F08:t0, leader=null, voted=, raftlog=54c5675f-ba62-45ed-9220-9f8a0729676f@group-2CC5247B8F08-SegmentedRaftLog:OPENED:c-1,f-1,i0, conf=-1: [515d1186-b946-4ae1-b8cc-4f597259d7e8|rpc:172.17.0.2:38339|priority:1, 54c5675f-ba62-45ed-9220-9f8a0729676f|rpc:172.17.0.2:37175|priority:0, dd50be5a-5af1-4aec-ba2d-21cfbf161371|rpc:172.17.0.2:37613|priority:0], old=null
2021-01-11 13:55:51,569 [grpc-default-executor-1] INFO  server.RaftServer$Division (RaftServerImpl.java:requestPreVote(1060)) - dd50be5a-5af1-4aec-ba2d-21cfbf161371@group-2CC5247B8F08: receive preVote(515d1186-b946-4ae1-b8cc-4f597259d7e8, group-2CC5247B8F08, 0, (t:0, i:0))
2021-01-11 13:55:51,569 [grpc-default-executor-1] INFO  server.RaftServer$Division (RaftServerImpl.java:requestPreVote(1081)) - dd50be5a-5af1-4aec-ba2d-21cfbf161371@group-2CC5247B8F08 role: FOLLOWER allow pre-vote from:515d1186-b946-4ae1-b8cc-4f597259d7e8
2021-01-11 13:55:51,569 [grpc-default-executor-1] INFO  server.RaftServer$Division (RaftServerImpl.java:requestPreVote(1099)) - dd50be5a-5af1-4aec-ba2d-21cfbf161371@group-2CC5247B8F08 replies to pre-vote request: 515d1186-b946-4ae1-b8cc-4f597259d7e8<-dd50be5a-5af1-4aec-ba2d-21cfbf161371#0:OK-t0. Peer's state: dd50be5a-5af1-4aec-ba2d-21cfbf161371@group-2CC5247B8F08:t0, leader=null, voted=, raftlog=dd50be5a-5af1-4aec-ba2d-21cfbf161371@group-2CC5247B8F08-SegmentedRaftLog:OPENED:c-1,f-1,i0, conf=-1: [515d1186-b946-4ae1-b8cc-4f597259d7e8|rpc:172.17.0.2:38339|dataStream:|priority:1, 54c5675f-ba62-45ed-9220-9f8a0729676f|rpc:172.17.0.2:37175|dataStream:|priority:0, dd50be5a-5af1-4aec-ba2d-21cfbf161371|rpc:172.17.0.2:37613|dataStream:|priority:0], old=null
2021-01-11 13:55:51,570 [515d1186-b946-4ae1-b8cc-4f597259d7e8@group-2CC5247B8F08-LeaderElection95] INFO  impl.LeaderElection (LeaderElection.java:logAndReturn(68)) - 515d1186-b946-4ae1-b8cc-4f597259d7e8@group-2CC5247B8F08-LeaderElection95: Pre-vote  PASSED received 1 response(s):[515d1186-b946-4ae1-b8cc-4f597259d7e8<-dd50be5a-5af1-4aec-ba2d-21cfbf161371#0:OK-t0]
2021-01-11 13:55:51,570 [515d1186-b946-4ae1-b8cc-4f597259d7e8@group-2CC5247B8F08-LeaderElection95] INFO  impl.LeaderElection (LeaderElection.java:askForPreVotes(261)) - 515d1186-b946-4ae1-b8cc-4f597259d7e8@group-2CC5247B8F08-LeaderElection95 pre-vote result is PASSED.
2021-01-11 13:55:51,571 [grpc-default-executor-11] INFO  server.RaftServer$Division (RaftServerImpl.java:requestPreVote(1060)) - 54c5675f-ba62-45ed-9220-9f8a0729676f@group-2CC5247B8F08: receive preVote(515d1186-b946-4ae1-b8cc-4f597259d7e8, group-2CC5247B8F08, 0, (t:0, i:0))
2021-01-11 13:55:51,571 [grpc-default-executor-11] INFO  server.RaftServer$Division (RaftServerImpl.java:requestPreVote(1081)) - 54c5675f-ba62-45ed-9220-9f8a0729676f@group-2CC5247B8F08 role: FOLLOWER allow pre-vote from:515d1186-b946-4ae1-b8cc-4f597259d7e8
2021-01-11 13:55:51,571 [grpc-default-executor-11] INFO  server.RaftServer$Division (RaftServerImpl.java:requestPreVote(1099)) - 54c5675f-ba62-45ed-9220-9f8a0729676f@group-2CC5247B8F08 replies to pre-vote request: 515d1186-b946-4ae1-b8cc-4f597259d7e8<-54c5675f-ba62-45ed-9220-9f8a0729676f#0:OK-t0. Peer's state: 54c5675f-ba62-45ed-9220-9f8a0729676f@group-2CC5247B8F08:t0, leader=null, voted=, raftlog=54c5675f-ba62-45ed-9220-9f8a0729676f@group-2CC5247B8F08-SegmentedRaftLog:OPENED:c-1,f-1,i0, conf=-1: [515d1186-b946-4ae1-b8cc-4f597259d7e8|rpc:172.17.0.2:38339|priority:1, 54c5675f-ba62-45ed-9220-9f8a0729676f|rpc:172.17.0.2:37175|priority:0, dd50be5a-5af1-4aec-ba2d-21cfbf161371|rpc:172.17.0.2:37613|priority:0], old=null
2021-01-11 13:55:51,571 [515d1186-b946-4ae1-b8cc-4f597259d7e8@group-2CC5247B8F08-LeaderElection95] INFO  impl.LeaderElection (LeaderElection.java:askForVotes(308)) - 515d1186-b946-4ae1-b8cc-4f597259d7e8@group-2CC5247B8F08-LeaderElection95: begin an election at term 1 for -1: [515d1186-b946-4ae1-b8cc-4f597259d7e8|rpc:172.17.0.2:38339|dataStream:|priority:1, 54c5675f-ba62-45ed-9220-9f8a0729676f|rpc:172.17.0.2:37175|dataStream:|priority:0, dd50be5a-5af1-4aec-ba2d-21cfbf161371|rpc:172.17.0.2:37613|dataStream:|priority:0], old=null
2021-01-11 13:55:51,574 [grpc-default-executor-11] INFO  server.RaftServer$Division (RaftServerImpl.java:setRole(283)) - dd50be5a-5af1-4aec-ba2d-21cfbf161371@group-2CC5247B8F08: changes role from  FOLLOWER to FOLLOWER at term 1 for recognizeCandidate:515d1186-b946-4ae1-b8cc-4f597259d7e8
2021-01-11 13:55:51,574 [grpc-default-executor-11] INFO  impl.RoleInfo (RoleInfo.java:shutdownFollowerState(108)) - dd50be5a-5af1-4aec-ba2d-21cfbf161371: shutdown dd50be5a-5af1-4aec-ba2d-21cfbf161371@group-2CC5247B8F08-FollowerState
2021-01-11 13:55:51,574 [grpc-default-executor-11] INFO  impl.RoleInfo (RoleInfo.java:updateAndGet(130)) - dd50be5a-5af1-4aec-ba2d-21cfbf161371: start dd50be5a-5af1-4aec-ba2d-21cfbf161371@group-2CC5247B8F08-FollowerState
2021-01-11 13:55:51,574 [Thread-5275] INFO  impl.FollowerState (FollowerState.java:run(142)) - dd50be5a-5af1-4aec-ba2d-21cfbf161371@group-2CC5247B8F08-FollowerState was interrupted: {}
java.lang.InterruptedException: sleep interrupted
	at java.lang.Thread.sleep(Native Method)
	at java.lang.Thread.sleep(Thread.java:340)
	at java.util.concurrent.TimeUnit.sleep(TimeUnit.java:386)
	at org.apache.ratis.util.TimeDuration.sleep(TimeDuration.java:324)
	at org.apache.ratis.util.TimeDuration.sleep(TimeDuration.java:309)
	at org.apache.ratis.server.impl.FollowerState.run(FollowerState.java:117)
2021-01-11 13:55:51,586 [grpc-default-executor-11] INFO  server.RaftServer$Division (RaftServerImpl.java:requestVote(1137)) -  FOLLOWER dd50be5a-5af1-4aec-ba2d-21cfbf161371@group-2CC5247B8F08:t1, leader=null, voted=null, raftlog=dd50be5a-5af1-4aec-ba2d-21cfbf161371@group-2CC5247B8F08-SegmentedRaftLog:OPENED:c-1,f-1,i0, conf=-1: [515d1186-b946-4ae1-b8cc-4f597259d7e8|rpc:172.17.0.2:38339|dataStream:|priority:1, 54c5675f-ba62-45ed-9220-9f8a0729676f|rpc:172.17.0.2:37175|dataStream:|priority:0, dd50be5a-5af1-4aec-ba2d-21cfbf161371|rpc:172.17.0.2:37613|dataStream:|priority:0], old=null RUNNING priority:0 candidate:515d1186-b946-4ae1-b8cc-4f597259d7e8|rpc:172.17.0.2:38339|dataStream:|priority:1 candidatePriority:1 compare:0
2021-01-11 13:55:51,601 [grpc-default-executor-1] INFO  server.RaftServer$Division (RaftServerImpl.java:setRole(283)) - 54c5675f-ba62-45ed-9220-9f8a0729676f@group-2CC5247B8F08: changes role from  FOLLOWER to FOLLOWER at term 1 for recognizeCandidate:515d1186-b946-4ae1-b8cc-4f597259d7e8
2021-01-11 13:55:51,601 [grpc-default-executor-1] INFO  impl.RoleInfo (RoleInfo.java:shutdownFollowerState(108)) - 54c5675f-ba62-45ed-9220-9f8a0729676f: shutdown 54c5675f-ba62-45ed-9220-9f8a0729676f@group-2CC5247B8F08-FollowerState
2021-01-11 13:55:51,602 [grpc-default-executor-1] INFO  impl.RoleInfo (RoleInfo.java:updateAndGet(130)) - 54c5675f-ba62-45ed-9220-9f8a0729676f: start 54c5675f-ba62-45ed-9220-9f8a0729676f@group-2CC5247B8F08-FollowerState
2021-01-11 13:55:51,602 [Thread-5219] INFO  impl.FollowerState (FollowerState.java:run(142)) - 54c5675f-ba62-45ed-9220-9f8a0729676f@group-2CC5247B8F08-FollowerState was interrupted: {}
java.lang.InterruptedException: sleep interrupted
	at java.lang.Thread.sleep(Native Method)
	at java.lang.Thread.sleep(Thread.java:340)
	at java.util.concurrent.TimeUnit.sleep(TimeUnit.java:386)
	at org.apache.ratis.util.TimeDuration.sleep(TimeDuration.java:324)
	at org.apache.ratis.util.TimeDuration.sleep(TimeDuration.java:309)
	at org.apache.ratis.server.impl.FollowerState.run(FollowerState.java:117)
2021-01-11 13:55:51,602 [grpc-default-executor-1] INFO  server.RaftServer$Division (RaftServerImpl.java:requestVote(1137)) -  FOLLOWER 54c5675f-ba62-45ed-9220-9f8a0729676f@group-2CC5247B8F08:t1, leader=null, voted=null, raftlog=54c5675f-ba62-45ed-9220-9f8a0729676f@group-2CC5247B8F08-SegmentedRaftLog:OPENED:c-1,f-1,i0, conf=-1: [515d1186-b946-4ae1-b8cc-4f597259d7e8|rpc:172.17.0.2:38339|priority:1, 54c5675f-ba62-45ed-9220-9f8a0729676f|rpc:172.17.0.2:37175|priority:0, dd50be5a-5af1-4aec-ba2d-21cfbf161371|rpc:172.17.0.2:37613|priority:0], old=null RUNNING priority:0 candidate:515d1186-b946-4ae1-b8cc-4f597259d7e8|rpc:172.17.0.2:38339|priority:1 candidatePriority:1 compare:0
2021-01-11 13:55:51,603 [515d1186-b946-4ae1-b8cc-4f597259d7e8@group-2CC5247B8F08-LeaderElection95] INFO  impl.LeaderElection (LeaderElection.java:logAndReturn(68)) - 515d1186-b946-4ae1-b8cc-4f597259d7e8@group-2CC5247B8F08-LeaderElection95: Election  PASSED received 1 response(s):[515d1186-b946-4ae1-b8cc-4f597259d7e8<-dd50be5a-5af1-4aec-ba2d-21cfbf161371#0:OK-t1]
2021-01-11 13:55:51,603 [515d1186-b946-4ae1-b8cc-4f597259d7e8@group-2CC5247B8F08-LeaderElection95] INFO  impl.RoleInfo (RoleInfo.java:shutdownLeaderElection(121)) - 515d1186-b946-4ae1-b8cc-4f597259d7e8: shutdown 515d1186-b946-4ae1-b8cc-4f597259d7e8@group-2CC5247B8F08-LeaderElection95
2021-01-11 13:55:51,603 [515d1186-b946-4ae1-b8cc-4f597259d7e8@group-2CC5247B8F08-LeaderElection95] INFO  server.RaftServer$Division (RaftServerImpl.java:setRole(283)) - 515d1186-b946-4ae1-b8cc-4f597259d7e8@group-2CC5247B8F08: changes role from CANDIDATE to LEADER at term 1 for changeToLeader
2021-01-11 13:55:51,603 [515d1186-b946-4ae1-b8cc-4f597259d7e8@group-2CC5247B8F08-LeaderElection95] INFO  ratis.XceiverServerRatis (XceiverServerRatis.java:handleLeaderChangedNotification(868)) - Leader change notification received for group: group-2CC5247B8F08 with new leaderId: 515d1186-b946-4ae1-b8cc-4f597259d7e8
2021-01-11 13:55:51,603 [515d1186-b946-4ae1-b8cc-4f597259d7e8@group-2CC5247B8F08-LeaderElection95] INFO  server.RaftServer$Division (ServerState.java:setLeader(249)) - 515d1186-b946-4ae1-b8cc-4f597259d7e8@group-2CC5247B8F08: change Leader from null to 515d1186-b946-4ae1-b8cc-4f597259d7e8 at term 1 for becomeLeader, leader elected after 5098ms
2021-01-11 13:55:51,603 [515d1186-b946-4ae1-b8cc-4f597259d7e8@group-2CC5247B8F08-LeaderElection95] INFO  server.RaftServerConfigKeys (ConfUtils.java:logGet(44)) - raft.server.staging.catchup.gap = 1000 (default)
2021-01-11 13:55:51,603 [515d1186-b946-4ae1-b8cc-4f597259d7e8@group-2CC5247B8F08-LeaderElection95] INFO  metrics.RatisMetrics (RatisMetrics.java:lambda$create$0(36)) - Creating Metrics Registry : ratis.log_appender.515d1186-b946-4ae1-b8cc-4f597259d7e8@group-2CC5247B8F08
2021-01-11 13:55:51,603 [515d1186-b946-4ae1-b8cc-4f597259d7e8@group-2CC5247B8F08-LeaderElection95] INFO  server.RaftServerConfigKeys (ConfUtils.java:logGet(44)) - raft.server.write.element-limit = 1024 (custom)
2021-01-11 13:55:51,603 [515d1186-b946-4ae1-b8cc-4f597259d7e8@group-2CC5247B8F08-LeaderElection95] INFO  server.RaftServerConfigKeys (ConfUtils.java:logGet(44)) - raft.server.write.byte-limit = 1073741824 (custom)
2021-01-11 13:55:51,604 [515d1186-b946-4ae1-b8cc-4f597259d7e8@group-2CC5247B8F08-LeaderElection95] INFO  server.RaftServerConfigKeys (ConfUtils.java:logGet(44)) - raft.server.watch.timeout = 180s (custom)
2021-01-11 13:55:51,604 [515d1186-b946-4ae1-b8cc-4f597259d7e8@group-2CC5247B8F08-LeaderElection95] INFO  server.RaftServerConfigKeys (ConfUtils.java:logGet(44)) - raft.server.watch.timeout.denomination = 1s (default)
2021-01-11 13:55:51,604 [515d1186-b946-4ae1-b8cc-4f597259d7e8@group-2CC5247B8F08-LeaderElection95] INFO  server.RaftServerConfigKeys (ConfUtils.java:logGet(44)) - raft.server.watch.element-limit = 65536 (default)
2021-01-11 13:55:51,604 [515d1186-b946-4ae1-b8cc-4f597259d7e8@group-2CC5247B8F08-LeaderElection95] INFO  server.RaftServerConfigKeys (ConfUtils.java:logGet(44)) - raft.server.log.appender.snapshot.chunk.size.max = 16MB (=16777216) (default)
2021-01-11 13:55:51,604 [515d1186-b946-4ae1-b8cc-4f597259d7e8@group-2CC5247B8F08-LeaderElection95] INFO  server.RaftServerConfigKeys (ConfUtils.java:logGet(44)) - raft.server.log.appender.buffer.byte-limit = 33554432 (custom)
2021-01-11 13:55:51,605 [515d1186-b946-4ae1-b8cc-4f597259d7e8@group-2CC5247B8F08-LeaderElection95] INFO  server.RaftServerConfigKeys (ConfUtils.java:logGet(44)) - raft.server.log.appender.buffer.element-limit = 1 (custom)
2021-01-11 13:55:51,605 [515d1186-b946-4ae1-b8cc-4f597259d7e8@group-2CC5247B8F08-LeaderElection95] INFO  grpc.GrpcConfigKeys (ConfUtils.java:logGet(44)) - raft.grpc.server.leader.outstanding.appends.max = 128 (default)
2021-01-11 13:55:51,605 [515d1186-b946-4ae1-b8cc-4f597259d7e8@group-2CC5247B8F08-LeaderElection95] INFO  server.RaftServerConfigKeys (ConfUtils.java:logGet(44)) - raft.server.rpc.request.timeout = 60s (custom)
2021-01-11 13:55:51,605 [515d1186-b946-4ae1-b8cc-4f597259d7e8@group-2CC5247B8F08-LeaderElection95] INFO  server.RaftServerConfigKeys (ConfUtils.java:logGet(44)) - raft.server.log.appender.install.snapshot.enabled = false (custom)
2021-01-11 13:55:51,605 [515d1186-b946-4ae1-b8cc-4f597259d7e8@group-2CC5247B8F08-LeaderElection95] INFO  metrics.RatisMetrics (RatisMetrics.java:lambda$create$0(36)) - Creating Metrics Registry : ratis_grpc.log_appender.515d1186-b946-4ae1-b8cc-4f597259d7e8@group-2CC5247B8F08
2021-01-11 13:55:51,607 [EventQueue-PipelineReportForPipelineReportHandler] INFO  pipeline.PipelineStateManager (PipelineStateManager.java:openPipeline(132)) - Pipeline Pipeline[ Id: e6a7b656-1719-4d75-8bba-2cc5247b8f08, Nodes: dd50be5a-5af1-4aec-ba2d-21cfbf161371{ip: 172.17.0.2, host: f5cef6452a00, networkLocation: /default-rack, certSerialId: null, persistedOpState: IN_SERVICE, persistedOpStateExpiryEpochSec: 0}515d1186-b946-4ae1-b8cc-4f597259d7e8{ip: 172.17.0.2, host: f5cef6452a00, networkLocation: /default-rack, certSerialId: null, persistedOpState: IN_SERVICE, persistedOpStateExpiryEpochSec: 0}54c5675f-ba62-45ed-9220-9f8a0729676f{ip: 172.17.0.2, host: f5cef6452a00, networkLocation: /default-rack, certSerialId: null, persistedOpState: IN_SERVICE, persistedOpStateExpiryEpochSec: 0}, Type:RATIS, Factor:THREE, State:ALLOCATED, leaderId:515d1186-b946-4ae1-b8cc-4f597259d7e8, CreationTimestamp2021-01-11T13:55:43.738Z] moved to OPEN state
2021-01-11 13:55:51,611 [Thread-5227] INFO  impl.FollowerState (FollowerState.java:run(133)) - dd50be5a-5af1-4aec-ba2d-21cfbf161371@group-D389669CDFEB-FollowerState: change to CANDIDATE, lastRpcElapsedTime:5042883482ns, electionTimeout:5041ms
2021-01-11 13:55:51,612 [Thread-5227] INFO  impl.RoleInfo (RoleInfo.java:shutdownFollowerState(108)) - dd50be5a-5af1-4aec-ba2d-21cfbf161371: shutdown dd50be5a-5af1-4aec-ba2d-21cfbf161371@group-D389669CDFEB-FollowerState
2021-01-11 13:55:51,612 [Thread-5227] INFO  server.RaftServer$Division (RaftServerImpl.java:setRole(283)) - dd50be5a-5af1-4aec-ba2d-21cfbf161371@group-D389669CDFEB: changes role from  FOLLOWER to CANDIDATE at term 0 for changeToCandidate
2021-01-11 13:55:51,612 [Thread-5227] INFO  impl.RoleInfo (RoleInfo.java:updateAndGet(130)) - dd50be5a-5af1-4aec-ba2d-21cfbf161371: start dd50be5a-5af1-4aec-ba2d-21cfbf161371@group-D389669CDFEB-LeaderElection96
2021-01-11 13:55:51,613 [515d1186-b946-4ae1-b8cc-4f597259d7e8@group-2CC5247B8F08-LeaderElection95] INFO  server.RaftServerConfigKeys (ConfUtils.java:logGet(44)) - raft.server.log.appender.snapshot.chunk.size.max = 16MB (=16777216) (default)
2021-01-11 13:55:51,614 [dd50be5a-5af1-4aec-ba2d-21cfbf161371@group-D389669CDFEB-LeaderElection96] INFO  impl.LeaderElection (LeaderElection.java:askForPreVotes(259)) - dd50be5a-5af1-4aec-ba2d-21cfbf161371@group-D389669CDFEB-LeaderElection96: begin a pre-vote at term 0 for -1: [dd50be5a-5af1-4aec-ba2d-21cfbf161371|rpc:172.17.0.2:37613|priority:1], old=null
2021-01-11 13:55:51,614 [dd50be5a-5af1-4aec-ba2d-21cfbf161371@group-D389669CDFEB-LeaderElection96] INFO  impl.LeaderElection (LeaderElection.java:askForPreVotes(261)) - dd50be5a-5af1-4aec-ba2d-21cfbf161371@group-D389669CDFEB-LeaderElection96 pre-vote result is PASSED.
2021-01-11 13:55:51,614 [515d1186-b946-4ae1-b8cc-4f597259d7e8@group-2CC5247B8F08-LeaderElection95] INFO  server.RaftServerConfigKeys (ConfUtils.java:logGet(44)) - raft.server.log.appender.buffer.byte-limit = 33554432 (custom)
2021-01-11 13:55:51,615 [515d1186-b946-4ae1-b8cc-4f597259d7e8@group-2CC5247B8F08-LeaderElection95] INFO  server.RaftServerConfigKeys (ConfUtils.java:logGet(44)) - raft.server.log.appender.buffer.element-limit = 1 (custom)
2021-01-11 13:55:51,615 [515d1186-b946-4ae1-b8cc-4f597259d7e8@group-2CC5247B8F08-LeaderElection95] INFO  grpc.GrpcConfigKeys (ConfUtils.java:logGet(44)) - raft.grpc.server.leader.outstanding.appends.max = 128 (default)
2021-01-11 13:55:51,615 [515d1186-b946-4ae1-b8cc-4f597259d7e8@group-2CC5247B8F08-LeaderElection95] INFO  server.RaftServerConfigKeys (ConfUtils.java:logGet(44)) - raft.server.rpc.request.timeout = 60s (custom)
2021-01-11 13:55:51,615 [515d1186-b946-4ae1-b8cc-4f597259d7e8@group-2CC5247B8F08-LeaderElection95] INFO  server.RaftServerConfigKeys (ConfUtils.java:logGet(44)) - raft.server.log.appender.install.snapshot.enabled = false (custom)
2021-01-11 13:55:51,615 [dd50be5a-5af1-4aec-ba2d-21cfbf161371@group-D389669CDFEB-LeaderElection96] INFO  impl.LeaderElection (LeaderElection.java:askForVotes(308)) - dd50be5a-5af1-4aec-ba2d-21cfbf161371@group-D389669CDFEB-LeaderElection96: begin an election at term 1 for -1: [dd50be5a-5af1-4aec-ba2d-21cfbf161371|rpc:172.17.0.2:37613|priority:1], old=null
2021-01-11 13:55:51,615 [dd50be5a-5af1-4aec-ba2d-21cfbf161371@group-D389669CDFEB-LeaderElection96] INFO  impl.RoleInfo (RoleInfo.java:shutdownLeaderElection(121)) - dd50be5a-5af1-4aec-ba2d-21cfbf161371: shutdown dd50be5a-5af1-4aec-ba2d-21cfbf161371@group-D389669CDFEB-LeaderElection96
2021-01-11 13:55:51,615 [dd50be5a-5af1-4aec-ba2d-21cfbf161371@group-D389669CDFEB-LeaderElection96] INFO  server.RaftServer$Division (RaftServerImpl.java:setRole(283)) - dd50be5a-5af1-4aec-ba2d-21cfbf161371@group-D389669CDFEB: changes role from CANDIDATE to LEADER at term 1 for changeToLeader
2021-01-11 13:55:51,616 [dd50be5a-5af1-4aec-ba2d-21cfbf161371@group-D389669CDFEB-LeaderElection96] INFO  ratis.XceiverServerRatis (XceiverServerRatis.java:handleLeaderChangedNotification(868)) - Leader change notification received for group: group-D389669CDFEB with new leaderId: dd50be5a-5af1-4aec-ba2d-21cfbf161371
2021-01-11 13:55:51,616 [dd50be5a-5af1-4aec-ba2d-21cfbf161371@group-D389669CDFEB-LeaderElection96] INFO  server.RaftServer$Division (ServerState.java:setLeader(249)) - dd50be5a-5af1-4aec-ba2d-21cfbf161371@group-D389669CDFEB: change Leader from null to dd50be5a-5af1-4aec-ba2d-21cfbf161371 at term 1 for becomeLeader, leader elected after 5059ms
2021-01-11 13:55:51,616 [dd50be5a-5af1-4aec-ba2d-21cfbf161371@group-D389669CDFEB-LeaderElection96] INFO  server.RaftServerConfigKeys (ConfUtils.java:logGet(44)) - raft.server.staging.catchup.gap = 1000 (default)
2021-01-11 13:55:51,623 [dd50be5a-5af1-4aec-ba2d-21cfbf161371@group-D389669CDFEB-LeaderElection96] INFO  metrics.RatisMetrics (RatisMetrics.java:lambda$create$0(36)) - Creating Metrics Registry : ratis.log_appender.dd50be5a-5af1-4aec-ba2d-21cfbf161371@group-D389669CDFEB
2021-01-11 13:55:51,623 [dd50be5a-5af1-4aec-ba2d-21cfbf161371@group-D389669CDFEB-LeaderElection96] INFO  server.RaftServerConfigKeys (ConfUtils.java:logGet(44)) - raft.server.write.element-limit = 1024 (custom)
2021-01-11 13:55:51,623 [dd50be5a-5af1-4aec-ba2d-21cfbf161371@group-D389669CDFEB-LeaderElection96] INFO  server.RaftServerConfigKeys (ConfUtils.java:logGet(44)) - raft.server.write.byte-limit = 1073741824 (custom)
2021-01-11 13:55:51,624 [dd50be5a-5af1-4aec-ba2d-21cfbf161371@group-D389669CDFEB-LeaderElection96] INFO  server.RaftServerConfigKeys (ConfUtils.java:logGet(44)) - raft.server.watch.timeout = 180s (custom)
2021-01-11 13:55:51,624 [dd50be5a-5af1-4aec-ba2d-21cfbf161371@group-D389669CDFEB-LeaderElection96] INFO  server.RaftServerConfigKeys (ConfUtils.java:logGet(44)) - raft.server.watch.timeout.denomination = 1s (default)
2021-01-11 13:55:51,624 [dd50be5a-5af1-4aec-ba2d-21cfbf161371@group-D389669CDFEB-LeaderElection96] INFO  server.RaftServerConfigKeys (ConfUtils.java:logGet(44)) - raft.server.watch.element-limit = 65536 (default)
2021-01-11 13:55:51,624 [dd50be5a-5af1-4aec-ba2d-21cfbf161371@group-D389669CDFEB-LeaderElection96] INFO  impl.RoleInfo (RoleInfo.java:updateAndGet(130)) - dd50be5a-5af1-4aec-ba2d-21cfbf161371: start dd50be5a-5af1-4aec-ba2d-21cfbf161371@group-D389669CDFEB-LeaderStateImpl
2021-01-11 13:55:51,625 [dd50be5a-5af1-4aec-ba2d-21cfbf161371@group-D389669CDFEB-LeaderElection96] INFO  segmented.SegmentedRaftLogWorker (SegmentedRaftLogWorker.java:startLogSegment(392)) - dd50be5a-5af1-4aec-ba2d-21cfbf161371@group-D389669CDFEB-SegmentedRaftLogWorker: Starting segment from index:0
2021-01-11 13:55:51,619 [515d1186-b946-4ae1-b8cc-4f597259d7e8@group-2CC5247B8F08-LeaderElection95] INFO  impl.RoleInfo (RoleInfo.java:updateAndGet(130)) - 515d1186-b946-4ae1-b8cc-4f597259d7e8: start 515d1186-b946-4ae1-b8cc-4f597259d7e8@group-2CC5247B8F08-LeaderStateImpl
2021-01-11 13:55:51,626 [515d1186-b946-4ae1-b8cc-4f597259d7e8@group-2CC5247B8F08-LeaderElection95] INFO  segmented.SegmentedRaftLogWorker (SegmentedRaftLogWorker.java:startLogSegment(392)) - 515d1186-b946-4ae1-b8cc-4f597259d7e8@group-2CC5247B8F08-SegmentedRaftLogWorker: Starting segment from index:0
2021-01-11 13:55:51,627 [515d1186-b946-4ae1-b8cc-4f597259d7e8@group-2CC5247B8F08-SegmentedRaftLogWorker] INFO  segmented.SegmentedRaftLogWorker (SegmentedRaftLogWorker.java:execute(599)) - 515d1186-b946-4ae1-b8cc-4f597259d7e8@group-2CC5247B8F08-SegmentedRaftLogWorker: created new log segment /github/workspace/mnt/ozone/hadoop-ozone/integration-test/target/test-dir/MiniOzoneClusterImpl-250075fd-7b22-4ad4-b8fe-1c364b7bd722/datanode-2/data/ratis/e6a7b656-1719-4d75-8bba-2cc5247b8f08/current/log_inprogress_0
2021-01-11 13:55:51,631 [grpc-default-executor-1] INFO  ratis.XceiverServerRatis (XceiverServerRatis.java:handleLeaderChangedNotification(868)) - Leader change notification received for group: group-2CC5247B8F08 with new leaderId: 515d1186-b946-4ae1-b8cc-4f597259d7e8
2021-01-11 13:55:51,631 [grpc-default-executor-1] INFO  server.RaftServer$Division (ServerState.java:setLeader(249)) - 54c5675f-ba62-45ed-9220-9f8a0729676f@group-2CC5247B8F08: change Leader from null to 515d1186-b946-4ae1-b8cc-4f597259d7e8 at term 1 for appendEntries, leader elected after 5175ms
2021-01-11 13:55:51,639 [515d1186-b946-4ae1-b8cc-4f597259d7e8@group-2CC5247B8F08-LeaderElection95] INFO  server.RaftServer$Division (ServerState.java:setRaftConf(368)) - 515d1186-b946-4ae1-b8cc-4f597259d7e8@group-2CC5247B8F08: set configuration 0: [515d1186-b946-4ae1-b8cc-4f597259d7e8|rpc:172.17.0.2:38339|dataStream:|priority:1, 54c5675f-ba62-45ed-9220-9f8a0729676f|rpc:172.17.0.2:37175|dataStream:|priority:0, dd50be5a-5af1-4aec-ba2d-21cfbf161371|rpc:172.17.0.2:37613|dataStream:|priority:0], old=null
2021-01-11 13:55:51,642 [dd50be5a-5af1-4aec-ba2d-21cfbf161371@group-D389669CDFEB-LeaderElection96] INFO  server.RaftServer$Division (ServerState.java:setRaftConf(368)) - dd50be5a-5af1-4aec-ba2d-21cfbf161371@group-D389669CDFEB: set configuration 0: [dd50be5a-5af1-4aec-ba2d-21cfbf161371|rpc:172.17.0.2:37613|dataStream:|priority:1], old=null
2021-01-11 13:55:51,647 [dd50be5a-5af1-4aec-ba2d-21cfbf161371@group-D389669CDFEB-SegmentedRaftLogWorker] INFO  segmented.SegmentedRaftLogWorker (SegmentedRaftLogWorker.java:execute(599)) - dd50be5a-5af1-4aec-ba2d-21cfbf161371@group-D389669CDFEB-SegmentedRaftLogWorker: created new log segment /github/workspace/mnt/ozone/hadoop-ozone/integration-test/target/test-dir/MiniOzoneClusterImpl-250075fd-7b22-4ad4-b8fe-1c364b7bd722/datanode-1/data/ratis/e57ef660-f39a-4109-9da4-d389669cdfeb/current/log_inprogress_0
2021-01-11 13:55:51,663 [grpc-default-executor-11] INFO  ratis.XceiverServerRatis (XceiverServerRatis.java:handleLeaderChangedNotification(868)) - Leader change notification received for group: group-2CC5247B8F08 with new leaderId: 515d1186-b946-4ae1-b8cc-4f597259d7e8
2021-01-11 13:55:51,665 [grpc-default-executor-11] INFO  server.RaftServer$Division (ServerState.java:setLeader(249)) - dd50be5a-5af1-4aec-ba2d-21cfbf161371@group-2CC5247B8F08: change Leader from null to 515d1186-b946-4ae1-b8cc-4f597259d7e8 at term 1 for appendEntries, leader elected after 5184ms
2021-01-11 13:55:51,665 [grpc-default-executor-1] INFO  server.RaftServer$Division (ServerState.java:setRaftConf(368)) - 54c5675f-ba62-45ed-9220-9f8a0729676f@group-2CC5247B8F08: set configuration 0: [515d1186-b946-4ae1-b8cc-4f597259d7e8|rpc:172.17.0.2:38339|dataStream:|priority:1, 54c5675f-ba62-45ed-9220-9f8a0729676f|rpc:172.17.0.2:37175|dataStream:|priority:0, dd50be5a-5af1-4aec-ba2d-21cfbf161371|rpc:172.17.0.2:37613|dataStream:|priority:0], old=null
2021-01-11 13:55:51,666 [grpc-default-executor-1] INFO  segmented.SegmentedRaftLogWorker (SegmentedRaftLogWorker.java:startLogSegment(392)) - 54c5675f-ba62-45ed-9220-9f8a0729676f@group-2CC5247B8F08-SegmentedRaftLogWorker: Starting segment from index:0
2021-01-11 13:55:51,670 [54c5675f-ba62-45ed-9220-9f8a0729676f@group-2CC5247B8F08-SegmentedRaftLogWorker] INFO  segmented.SegmentedRaftLogWorker (SegmentedRaftLogWorker.java:execute(599)) - 54c5675f-ba62-45ed-9220-9f8a0729676f@group-2CC5247B8F08-SegmentedRaftLogWorker: created new log segment /github/workspace/mnt/ozone/hadoop-ozone/integration-test/target/test-dir/MiniOzoneClusterImpl-250075fd-7b22-4ad4-b8fe-1c364b7bd722/datanode-0/data/ratis/e6a7b656-1719-4d75-8bba-2cc5247b8f08/current/log_inprogress_0
2021-01-11 13:55:51,673 [grpc-default-executor-11] INFO  server.RaftServer$Division (ServerState.java:setRaftConf(368)) - dd50be5a-5af1-4aec-ba2d-21cfbf161371@group-2CC5247B8F08: set configuration 0: [515d1186-b946-4ae1-b8cc-4f597259d7e8|rpc:172.17.0.2:38339|dataStream:|priority:1, 54c5675f-ba62-45ed-9220-9f8a0729676f|rpc:172.17.0.2:37175|dataStream:|priority:0, dd50be5a-5af1-4aec-ba2d-21cfbf161371|rpc:172.17.0.2:37613|dataStream:|priority:0], old=null
2021-01-11 13:55:51,674 [grpc-default-executor-11] INFO  segmented.SegmentedRaftLogWorker (SegmentedRaftLogWorker.java:startLogSegment(392)) - dd50be5a-5af1-4aec-ba2d-21cfbf161371@group-2CC5247B8F08-SegmentedRaftLogWorker: Starting segment from index:0
2021-01-11 13:55:51,676 [dd50be5a-5af1-4aec-ba2d-21cfbf161371@group-2CC5247B8F08-SegmentedRaftLogWorker] INFO  segmented.SegmentedRaftLogWorker (SegmentedRaftLogWorker.java:execute(599)) - dd50be5a-5af1-4aec-ba2d-21cfbf161371@group-2CC5247B8F08-SegmentedRaftLogWorker: created new log segment /github/workspace/mnt/ozone/hadoop-ozone/integration-test/target/test-dir/MiniOzoneClusterImpl-250075fd-7b22-4ad4-b8fe-1c364b7bd722/datanode-1/data/ratis/e6a7b656-1719-4d75-8bba-2cc5247b8f08/current/log_inprogress_0
2021-01-11 13:55:51,733 [Listener at 127.0.0.1/13844] INFO  ozone.MiniOzoneClusterImpl (MiniOzoneClusterImpl.java:lambda$waitForClusterToBeReady$0(179)) - Nodes are ready. Got 3 of 3 DN Heartbeats.
2021-01-11 13:55:51,733 [Listener at 127.0.0.1/13844] INFO  ozone.MiniOzoneClusterImpl (MiniOzoneClusterImpl.java:lambda$waitForClusterToBeReady$0(182)) - Cluster exits safe mode
2021-01-11 13:55:51,737 [IPC Server handler 0 on default port 13832] INFO  ipc.Server (Server.java:logException(2976)) - IPC Server handler 0 on default port 13832, call Call#929 Retry#0 org.apache.hadoop.ozone.om.protocol.OzoneManagerProtocol.submitRequest from 127.0.0.1:44108
org.apache.hadoop.ozone.om.exceptions.OMNotLeaderException: OM:omNode-1 is not the leader. Could not determine the leader node.
	at org.apache.hadoop.ozone.protocolPB.OzoneManagerProtocolServerSideTranslatorPB.createNotLeaderException(OzoneManagerProtocolServerSideTranslatorPB.java:202)
	at org.apache.hadoop.ozone.protocolPB.OzoneManagerProtocolServerSideTranslatorPB.createLeaderErrorException(OzoneManagerProtocolServerSideTranslatorPB.java:215)
	at org.apache.hadoop.ozone.protocolPB.OzoneManagerProtocolServerSideTranslatorPB.submitReadRequestToOM(OzoneManagerProtocolServerSideTranslatorPB.java:192)
	at org.apache.hadoop.ozone.protocolPB.OzoneManagerProtocolServerSideTranslatorPB.processRequest(OzoneManagerProtocolServerSideTranslatorPB.java:132)
	at org.apache.hadoop.hdds.server.OzoneProtocolMessageDispatcher.processRequest(OzoneProtocolMessageDispatcher.java:87)
	at org.apache.hadoop.ozone.protocolPB.OzoneManagerProtocolServerSideTranslatorPB.submitRequest(OzoneManagerProtocolServerSideTranslatorPB.java:122)
	at org.apache.hadoop.ozone.protocol.proto.OzoneManagerProtocolProtos$OzoneManagerService$2.callBlockingMethod(OzoneManagerProtocolProtos.java)
	at org.apache.hadoop.ipc.ProtobufRpcEngine$Server$ProtoBufRpcInvoker.call(ProtobufRpcEngine.java:528)
	at org.apache.hadoop.ipc.RPC$Server.call(RPC.java:1070)
	at org.apache.hadoop.ipc.Server$RpcCall.run(Server.java:999)
	at org.apache.hadoop.ipc.Server$RpcCall.run(Server.java:927)
	at java.security.AccessController.doPrivileged(Native Method)
	at javax.security.auth.Subject.doAs(Subject.java:422)
	at org.apache.hadoop.security.UserGroupInformation.doAs(UserGroupInformation.java:1730)
	at org.apache.hadoop.ipc.Server$Handler.run(Server.java:2915)
2021-01-11 13:55:51,764 [Listener at 127.0.0.1/13844] INFO  rpc.RpcClient (RpcClient.java:createVolume(273)) - Creating Volume: volume41171, with user66787 as owner.
2021-01-11 13:55:51,775 [OM StateMachine ApplyTransaction Thread - 0] INFO  volume.OMVolumeCreateRequest (OMVolumeCreateRequest.java:validateAndUpdateCache(196)) - created volume:volume41171 for user:user66787
2021-01-11 13:55:51,789 [OM StateMachine ApplyTransaction Thread - 0] INFO  volume.OMVolumeCreateRequest (OMVolumeCreateRequest.java:validateAndUpdateCache(196)) - created volume:volume41171 for user:user66787
2021-01-11 13:55:51,793 [Listener at 127.0.0.1/13844] INFO  rpc.RpcClient (RpcClient.java:createBucket(429)) - Creating Bucket: volume41171/bucket25165, with Versioning false and Storage Type set to DISK and Encryption set to false 
2021-01-11 13:55:51,794 [OM StateMachine ApplyTransaction Thread - 0] INFO  volume.OMVolumeCreateRequest (OMVolumeCreateRequest.java:validateAndUpdateCache(196)) - created volume:volume41171 for user:user66787
2021-01-11 13:55:51,794 [Thread-5232] INFO  impl.FollowerState (FollowerState.java:run(133)) - 515d1186-b946-4ae1-b8cc-4f597259d7e8@group-8340C0919B77-FollowerState: change to CANDIDATE, lastRpcElapsedTime:5029350000ns, electionTimeout:5029ms
2021-01-11 13:55:51,795 [Thread-5232] INFO  impl.RoleInfo (RoleInfo.java:shutdownFollowerState(108)) - 515d1186-b946-4ae1-b8cc-4f597259d7e8: shutdown 515d1186-b946-4ae1-b8cc-4f597259d7e8@group-8340C0919B77-FollowerState
2021-01-11 13:55:51,795 [Thread-5232] INFO  server.RaftServer$Division (RaftServerImpl.java:setRole(283)) - 515d1186-b946-4ae1-b8cc-4f597259d7e8@group-8340C0919B77: changes role from  FOLLOWER to CANDIDATE at term 0 for changeToCandidate
2021-01-11 13:55:51,805 [Thread-5232] INFO  impl.RoleInfo (RoleInfo.java:updateAndGet(130)) - 515d1186-b946-4ae1-b8cc-4f597259d7e8: start 515d1186-b946-4ae1-b8cc-4f597259d7e8@group-8340C0919B77-LeaderElection97
2021-01-11 13:55:51,819 [515d1186-b946-4ae1-b8cc-4f597259d7e8@group-8340C0919B77-LeaderElection97] INFO  impl.LeaderElection (LeaderElection.java:askForPreVotes(259)) - 515d1186-b946-4ae1-b8cc-4f597259d7e8@group-8340C0919B77-LeaderElection97: begin a pre-vote at term 0 for -1: [515d1186-b946-4ae1-b8cc-4f597259d7e8|rpc:172.17.0.2:38339|priority:1], old=null
2021-01-11 13:55:51,819 [515d1186-b946-4ae1-b8cc-4f597259d7e8@group-8340C0919B77-LeaderElection97] INFO  impl.LeaderElection (LeaderElection.java:askForPreVotes(261)) - 515d1186-b946-4ae1-b8cc-4f597259d7e8@group-8340C0919B77-LeaderElection97 pre-vote result is PASSED.
2021-01-11 13:55:51,829 [515d1186-b946-4ae1-b8cc-4f597259d7e8@group-8340C0919B77-LeaderElection97] INFO  impl.LeaderElection (LeaderElection.java:askForVotes(308)) - 515d1186-b946-4ae1-b8cc-4f597259d7e8@group-8340C0919B77-LeaderElection97: begin an election at term 1 for -1: [515d1186-b946-4ae1-b8cc-4f597259d7e8|rpc:172.17.0.2:38339|priority:1], old=null
2021-01-11 13:55:51,829 [515d1186-b946-4ae1-b8cc-4f597259d7e8@group-8340C0919B77-LeaderElection97] INFO  impl.RoleInfo (RoleInfo.java:shutdownLeaderElection(121)) - 515d1186-b946-4ae1-b8cc-4f597259d7e8: shutdown 515d1186-b946-4ae1-b8cc-4f597259d7e8@group-8340C0919B77-LeaderElection97
2021-01-11 13:55:51,829 [515d1186-b946-4ae1-b8cc-4f597259d7e8@group-8340C0919B77-LeaderElection97] INFO  server.RaftServer$Division (RaftServerImpl.java:setRole(283)) - 515d1186-b946-4ae1-b8cc-4f597259d7e8@group-8340C0919B77: changes role from CANDIDATE to LEADER at term 1 for changeToLeader
2021-01-11 13:55:51,829 [515d1186-b946-4ae1-b8cc-4f597259d7e8@group-8340C0919B77-LeaderElection97] INFO  ratis.XceiverServerRatis (XceiverServerRatis.java:handleLeaderChangedNotification(868)) - Leader change notification received for group: group-8340C0919B77 with new leaderId: 515d1186-b946-4ae1-b8cc-4f597259d7e8
2021-01-11 13:55:51,829 [515d1186-b946-4ae1-b8cc-4f597259d7e8@group-8340C0919B77-LeaderElection97] INFO  server.RaftServer$Division (ServerState.java:setLeader(249)) - 515d1186-b946-4ae1-b8cc-4f597259d7e8@group-8340C0919B77: change Leader from null to 515d1186-b946-4ae1-b8cc-4f597259d7e8 at term 1 for becomeLeader, leader elected after 5075ms
2021-01-11 13:55:51,829 [515d1186-b946-4ae1-b8cc-4f597259d7e8@group-8340C0919B77-LeaderElection97] INFO  server.RaftServerConfigKeys (ConfUtils.java:logGet(44)) - raft.server.staging.catchup.gap = 1000 (default)
2021-01-11 13:55:51,829 [515d1186-b946-4ae1-b8cc-4f597259d7e8@group-8340C0919B77-LeaderElection97] INFO  metrics.RatisMetrics (RatisMetrics.java:lambda$create$0(36)) - Creating Metrics Registry : ratis.log_appender.515d1186-b946-4ae1-b8cc-4f597259d7e8@group-8340C0919B77
2021-01-11 13:55:51,830 [515d1186-b946-4ae1-b8cc-4f597259d7e8@group-8340C0919B77-LeaderElection97] INFO  server.RaftServerConfigKeys (ConfUtils.java:logGet(44)) - raft.server.write.element-limit = 1024 (custom)
2021-01-11 13:55:51,830 [515d1186-b946-4ae1-b8cc-4f597259d7e8@group-8340C0919B77-LeaderElection97] INFO  server.RaftServerConfigKeys (ConfUtils.java:logGet(44)) - raft.server.write.byte-limit = 1073741824 (custom)
2021-01-11 13:55:51,831 [515d1186-b946-4ae1-b8cc-4f597259d7e8@group-8340C0919B77-LeaderElection97] INFO  server.RaftServerConfigKeys (ConfUtils.java:logGet(44)) - raft.server.watch.timeout = 180s (custom)
2021-01-11 13:55:51,831 [515d1186-b946-4ae1-b8cc-4f597259d7e8@group-8340C0919B77-LeaderElection97] INFO  server.RaftServerConfigKeys (ConfUtils.java:logGet(44)) - raft.server.watch.timeout.denomination = 1s (default)
2021-01-11 13:55:51,831 [515d1186-b946-4ae1-b8cc-4f597259d7e8@group-8340C0919B77-LeaderElection97] INFO  server.RaftServerConfigKeys (ConfUtils.java:logGet(44)) - raft.server.watch.element-limit = 65536 (default)
2021-01-11 13:55:51,831 [IPC Server handler 1 on default port 34355] INFO  pipeline.PipelineStateManager (PipelineStateManager.java:addPipeline(54)) - Created pipeline Pipeline[ Id: 51c83196-4c83-4ac1-b2dd-befadac23ea9, Nodes: dd50be5a-5af1-4aec-ba2d-21cfbf161371{ip: 172.17.0.2, host: f5cef6452a00, networkLocation: /default-rack, certSerialId: null, persistedOpState: IN_SERVICE, persistedOpStateExpiryEpochSec: 0}, Type:STAND_ALONE, Factor:ONE, State:OPEN, leaderId:, CreationTimestamp2021-01-11T13:55:51.831Z]
2021-01-11 13:55:51,831 [515d1186-b946-4ae1-b8cc-4f597259d7e8@group-8340C0919B77-LeaderElection97] INFO  impl.RoleInfo (RoleInfo.java:updateAndGet(130)) - 515d1186-b946-4ae1-b8cc-4f597259d7e8: start 515d1186-b946-4ae1-b8cc-4f597259d7e8@group-8340C0919B77-LeaderStateImpl
2021-01-11 13:55:51,844 [515d1186-b946-4ae1-b8cc-4f597259d7e8@group-8340C0919B77-LeaderElection97] INFO  segmented.SegmentedRaftLogWorker (SegmentedRaftLogWorker.java:startLogSegment(392)) - 515d1186-b946-4ae1-b8cc-4f597259d7e8@group-8340C0919B77-SegmentedRaftLogWorker: Starting segment from index:0
2021-01-11 13:55:51,865 [515d1186-b946-4ae1-b8cc-4f597259d7e8@group-8340C0919B77-SegmentedRaftLogWorker] INFO  segmented.SegmentedRaftLogWorker (SegmentedRaftLogWorker.java:execute(599)) - 515d1186-b946-4ae1-b8cc-4f597259d7e8@group-8340C0919B77-SegmentedRaftLogWorker: created new log segment /github/workspace/mnt/ozone/hadoop-ozone/integration-test/target/test-dir/MiniOzoneClusterImpl-250075fd-7b22-4ad4-b8fe-1c364b7bd722/datanode-2/data/ratis/3bcb2728-adbb-42b9-9d09-8340c0919b77/current/log_inprogress_0
2021-01-11 13:55:51,874 [515d1186-b946-4ae1-b8cc-4f597259d7e8@group-8340C0919B77-LeaderElection97] INFO  server.RaftServer$Division (ServerState.java:setRaftConf(368)) - 515d1186-b946-4ae1-b8cc-4f597259d7e8@group-8340C0919B77: set configuration 0: [515d1186-b946-4ae1-b8cc-4f597259d7e8|rpc:172.17.0.2:38339|dataStream:|priority:1], old=null
2021-01-11 13:55:52,129 [Listener at 127.0.0.1/13844] INFO  ipc.Server (Server.java:stop(3359)) - Stopping server on 13832
2021-01-11 13:55:52,140 [IPC Server Responder] INFO  ipc.Server (Server.java:run(1465)) - Stopping IPC Server Responder
2021-01-11 13:55:52,140 [IPC Server listener on 13832] INFO  ipc.Server (Server.java:run(1330)) - Stopping IPC Server listener on 13832
2021-01-11 13:55:52,141 [Listener at 127.0.0.1/13844] INFO  server.RaftServer (RaftServerProxy.java:lambda$close$6(389)) - omNode-1: close
2021-01-11 13:55:52,142 [Listener at 127.0.0.1/13844] INFO  server.RaftServer$Division (RaftServerImpl.java:lambda$close$4(405)) - omNode-1@group-523986131536: shutdown
2021-01-11 13:55:52,142 [Listener at 127.0.0.1/13844] INFO  util.JmxRegister (JmxRegister.java:unregister(73)) - Successfully un-registered JMX Bean with object name Ratis:service=RaftServer,group=group-523986131536,id=omNode-1
2021-01-11 13:55:52,142 [Listener at 127.0.0.1/13844] INFO  impl.RoleInfo (RoleInfo.java:shutdownFollowerState(108)) - omNode-1: shutdown omNode-1@group-523986131536-FollowerState
2021-01-11 13:55:52,142 [Listener at 127.0.0.1/13844] INFO  impl.StateMachineUpdater (StateMachineUpdater.java:stopAndJoin(148)) - omNode-1@group-523986131536-StateMachineUpdater: set stopIndex = 43
2021-01-11 13:55:52,142 [Thread-5157] INFO  impl.FollowerState (FollowerState.java:run(142)) - omNode-1@group-523986131536-FollowerState was interrupted: {}
java.lang.InterruptedException: sleep interrupted
	at java.lang.Thread.sleep(Native Method)
	at java.lang.Thread.sleep(Thread.java:340)
	at java.util.concurrent.TimeUnit.sleep(TimeUnit.java:386)
	at org.apache.ratis.util.TimeDuration.sleep(TimeDuration.java:324)
	at org.apache.ratis.util.TimeDuration.sleep(TimeDuration.java:309)
	at org.apache.ratis.server.impl.FollowerState.run(FollowerState.java:117)
2021-01-11 13:55:52,143 [omNode-1@group-523986131536-StateMachineUpdater] INFO  ratis.OzoneManagerStateMachine (OzoneManagerStateMachine.java:takeSnapshot(345)) - Current Snapshot Index (t:1, i:43)
2021-01-11 13:55:52,143 [omNode-1@group-523986131536-StateMachineUpdater] INFO  impl.StateMachineUpdater (StateMachineUpdater.java:takeSnapshot(279)) - omNode-1@group-523986131536-StateMachineUpdater: Took a snapshot at index 43
2021-01-11 13:55:52,143 [omNode-1@group-523986131536-StateMachineUpdater] INFO  impl.StateMachineUpdater (StateMachineUpdater.java:lambda$new$0(88)) - omNode-1@group-523986131536-StateMachineUpdater: snapshotIndex: updateIncreasingly -1 -> 43
2021-01-11 13:55:52,143 [omNode-1@group-523986131536-StateMachineUpdater] INFO  metrics.RatisMetrics (RatisMetrics.java:unregister(43)) - Unregistering Metrics Registry : ratis.state_machine.omNode-1@group-523986131536
2021-01-11 13:55:52,143 [Listener at 127.0.0.1/13844] INFO  server.RaftServer$Division (ServerState.java:close(400)) - omNode-1@group-523986131536: closes. applyIndex: 43
2021-01-11 13:55:52,144 [omNode-1@group-523986131536-SegmentedRaftLogWorker] INFO  segmented.SegmentedRaftLogWorker (SegmentedRaftLogWorker.java:run(326)) - omNode-1@group-523986131536-SegmentedRaftLogWorker was interrupted, exiting. There are 0 tasks remaining in the queue.
2021-01-11 13:55:52,144 [Listener at 127.0.0.1/13844] INFO  segmented.SegmentedRaftLogWorker (SegmentedRaftLogWorker.java:close(236)) - omNode-1@group-523986131536-SegmentedRaftLogWorker close()
2021-01-11 13:55:52,147 [Listener at 127.0.0.1/13844] INFO  metrics.RatisMetrics (RatisMetrics.java:unregister(43)) - Unregistering Metrics Registry : ratis.log_worker.omNode-1@group-523986131536
2021-01-11 13:55:52,147 [Listener at 127.0.0.1/13844] INFO  metrics.RatisMetrics (RatisMetrics.java:unregister(43)) - Unregistering Metrics Registry : ratis.leader_election.omNode-1@group-523986131536
2021-01-11 13:55:52,147 [Listener at 127.0.0.1/13844] INFO  metrics.RatisMetrics (RatisMetrics.java:unregister(43)) - Unregistering Metrics Registry : ratis.server.omNode-1@group-523986131536
2021-01-11 13:55:52,148 [Listener at 127.0.0.1/13844] INFO  server.GrpcService (GrpcService.java:closeImpl(183)) - omNode-1: shutdown server with port 13836 now
2021-01-11 13:55:52,150 [grpc-default-executor-1] WARN  server.GrpcLogAppender (LogUtils.java:warn(122)) - omNode-2@group-523986131536->omNode-1-AppendLogResponseHandler: Failed appendEntries: org.apache.ratis.thirdparty.io.grpc.StatusRuntimeException: CANCELLED: HTTP/2 error code: CANCEL
Received Rst Stream
2021-01-11 13:55:52,150 [grpc-default-executor-11] WARN  server.GrpcServerProtocolService (LogUtils.java:warn(122)) - omNode-1: installSnapshot onError, lastRequest: omNode-2->omNode-1#201-t1,previous=(t:1, i:43),leaderCommit=43,initializing? true,entries: size=1, first=(t:1, i:44), METADATAENTRY(c:43): org.apache.ratis.thirdparty.io.grpc.StatusRuntimeException: CANCELLED: cancelled before receiving half close
2021-01-11 13:55:52,151 [grpc-default-executor-1] INFO  leader.FollowerInfo (FollowerInfoImpl.java:lambda$new$0(46)) - omNode-2@group-523986131536->omNode-1: nextIndex: updateUnconditionally 45 -> 44
2021-01-11 13:55:52,155 [grpc-default-executor-4] WARN  server.GrpcLogAppender (LogUtils.java:warn(122)) - omNode-2@group-523986131536->omNode-1-AppendLogResponseHandler: Failed appendEntries: org.apache.ratis.thirdparty.io.grpc.StatusRuntimeException: UNAVAILABLE: io exception
2021-01-11 13:55:52,155 [grpc-default-executor-4] INFO  leader.FollowerInfo (FollowerInfoImpl.java:lambda$new$0(46)) - omNode-2@group-523986131536->omNode-1: nextIndex: updateUnconditionally 45 -> 44
2021-01-11 13:55:52,158 [Listener at 127.0.0.1/13844] INFO  server.GrpcService (GrpcService.java:closeImpl(192)) - omNode-1: shutdown server with port 13836 successfully
2021-01-11 13:55:52,158 [org.apache.ratis.util.JvmPauseMonitor$$Lambda$305/41066485@44e04acf] INFO  util.JvmPauseMonitor (JvmPauseMonitor.java:run(109)) - JvmPauseMonitor-omNode-1: Stopped
2021-01-11 13:55:52,158 [Listener at 127.0.0.1/13844] INFO  ratis.OzoneManagerDoubleBuffer (OzoneManagerDoubleBuffer.java:stop(425)) - Stopping OMDoubleBuffer flush thread
2021-01-11 13:55:52,158 [OMDoubleBufferFlushThread] INFO  ratis.OzoneManagerDoubleBuffer (OzoneManagerDoubleBuffer.java:flushTransactions(352)) - OMDoubleBuffer flush thread OMDoubleBufferFlushThread is interrupted and will exit. OMDoubleBufferFlushThread
2021-01-11 13:55:52,159 [Listener at 127.0.0.1/13844] INFO  ratis.OzoneManagerStateMachine (HadoopExecutors.java:shutdown(118)) - Gracefully shutting down executor service. Waiting max 5 SECONDS
2021-01-11 13:55:52,159 [Listener at 127.0.0.1/13844] INFO  ratis.OzoneManagerStateMachine (HadoopExecutors.java:shutdown(129)) - Succesfully shutdown executor service
2021-01-11 13:55:52,159 [Listener at 127.0.0.1/13844] INFO  ratis.OzoneManagerStateMachine (HadoopExecutors.java:shutdown(118)) - Gracefully shutting down executor service. Waiting max 5 SECONDS
2021-01-11 13:55:52,159 [Listener at 127.0.0.1/13844] INFO  ratis.OzoneManagerStateMachine (HadoopExecutors.java:shutdown(129)) - Succesfully shutdown executor service
2021-01-11 13:55:52,159 [Listener at 127.0.0.1/13844] INFO  utils.BackgroundService (BackgroundService.java:shutdown(132)) - Shutting down service KeyDeletingService
2021-01-11 13:55:52,160 [Listener at 127.0.0.1/13844] INFO  handler.ContextHandler (ContextHandler.java:doStop(1154)) - Stopped o.e.j.w.WebAppContext@626d45f{ozoneManager,/,null,STOPPED}{file:/github/workspace/mnt/ozone/hadoop-ozone/integration-test/target/test-classes/webapps/ozoneManager}
2021-01-11 13:55:52,160 [Listener at 127.0.0.1/13844] INFO  server.AbstractConnector (AbstractConnector.java:doStop(381)) - Stopped ServerConnector@26dabd06{HTTP/1.1, (http/1.1)}{0.0.0.0:13834}
2021-01-11 13:55:52,160 [Listener at 127.0.0.1/13844] INFO  server.session (HouseKeeper.java:stopScavenging(149)) - node0 Stopped scavenging
2021-01-11 13:55:52,160 [Listener at 127.0.0.1/13844] INFO  handler.ContextHandler (ContextHandler.java:doStop(1154)) - Stopped o.e.j.s.ServletContextHandler@75e42a1a{static,/static,file:///github/workspace/mnt/ozone/hadoop-ozone/integration-test/target/test-classes/webapps/static,STOPPED}
2021-01-11 13:55:52,161 [Listener at 127.0.0.1/13844] INFO  handler.ContextHandler (ContextHandler.java:doStop(1154)) - Stopped o.e.j.s.ServletContextHandler@374b2fe5{logs,/logs,file:///github/workspace/mnt/ozone/hadoop-ozone/integration-test/target/log,STOPPED}
2021-01-11 13:55:52,165 [grpc-default-executor-4] WARN  server.GrpcLogAppender (LogUtils.java:warn(122)) - omNode-2@group-523986131536->omNode-1-AppendLogResponseHandler: Failed appendEntries: org.apache.ratis.thirdparty.io.grpc.StatusRuntimeException: UNAVAILABLE: io exception
2021-01-11 13:55:52,165 [grpc-default-executor-4] INFO  leader.FollowerInfo (FollowerInfoImpl.java:lambda$new$0(46)) - omNode-2@group-523986131536->omNode-1: nextIndex: updateUnconditionally 46 -> 45
2021-01-11 13:55:52,167 [grpc-default-executor-4] WARN  server.GrpcLogAppender (LogUtils.java:warn(122)) - omNode-2@group-523986131536->omNode-1-AppendLogResponseHandler: Failed appendEntries: org.apache.ratis.thirdparty.io.grpc.StatusRuntimeException: UNAVAILABLE: io exception
2021-01-11 13:55:52,167 [grpc-default-executor-4] INFO  leader.FollowerInfo (FollowerInfoImpl.java:lambda$new$0(46)) - omNode-2@group-523986131536->omNode-1: nextIndex: updateUnconditionally 46 -> 45
2021-01-11 13:55:52,168 [grpc-default-executor-11] WARN  server.GrpcLogAppender (LogUtils.java:warn(122)) - omNode-2@group-523986131536->omNode-1-AppendLogResponseHandler: Failed appendEntries: org.apache.ratis.thirdparty.io.grpc.StatusRuntimeException: UNAVAILABLE: io exception
2021-01-11 13:55:52,168 [grpc-default-executor-11] INFO  leader.FollowerInfo (FollowerInfoImpl.java:lambda$new$0(46)) - omNode-2@group-523986131536->omNode-1: nextIndex: updateUnconditionally 47 -> 45
2021-01-11 13:55:52,175 [grpc-default-executor-11] WARN  server.GrpcLogAppender (LogUtils.java:warn(122)) - omNode-2@group-523986131536->omNode-1-AppendLogResponseHandler: Failed appendEntries: org.apache.ratis.thirdparty.io.grpc.StatusRuntimeException: UNAVAILABLE: io exception
2021-01-11 13:55:52,175 [grpc-default-executor-11] INFO  leader.FollowerInfo (FollowerInfoImpl.java:lambda$new$0(46)) - omNode-2@group-523986131536->omNode-1: nextIndex: updateUnconditionally 47 -> 45
2021-01-11 13:55:52,177 [grpc-default-executor-4] WARN  server.GrpcLogAppender (LogUtils.java:warn(122)) - omNode-2@group-523986131536->omNode-1-AppendLogResponseHandler: Failed appendEntries: org.apache.ratis.thirdparty.io.grpc.StatusRuntimeException: UNAVAILABLE: io exception
2021-01-11 13:55:52,177 [grpc-default-executor-4] INFO  leader.FollowerInfo (FollowerInfoImpl.java:lambda$new$0(46)) - omNode-2@group-523986131536->omNode-1: nextIndex: updateUnconditionally 48 -> 45
2021-01-11 13:55:52,179 [grpc-default-executor-4] WARN  server.GrpcLogAppender (LogUtils.java:warn(122)) - omNode-2@group-523986131536->omNode-1-AppendLogResponseHandler: Failed appendEntries: org.apache.ratis.thirdparty.io.grpc.StatusRuntimeException: UNAVAILABLE: io exception
2021-01-11 13:55:52,180 [grpc-default-executor-4] INFO  leader.FollowerInfo (FollowerInfoImpl.java:lambda$new$0(46)) - omNode-2@group-523986131536->omNode-1: nextIndex: updateUnconditionally 48 -> 45
2021-01-11 13:55:52,188 [grpc-default-executor-4] WARN  server.GrpcLogAppender (LogUtils.java:warn(122)) - omNode-2@group-523986131536->omNode-1-AppendLogResponseHandler: Failed appendEntries: org.apache.ratis.thirdparty.io.grpc.StatusRuntimeException: UNAVAILABLE: io exception
2021-01-11 13:55:52,188 [grpc-default-executor-4] INFO  leader.FollowerInfo (FollowerInfoImpl.java:lambda$new$0(46)) - omNode-2@group-523986131536->omNode-1: nextIndex: updateUnconditionally 50 -> 45
2021-01-11 13:55:52,189 [grpc-default-executor-11] WARN  server.GrpcLogAppender (LogUtils.java:warn(122)) - omNode-2@group-523986131536->omNode-1-AppendLogResponseHandler: Failed appendEntries: org.apache.ratis.thirdparty.io.grpc.StatusRuntimeException: UNAVAILABLE: io exception
2021-01-11 13:55:52,189 [grpc-default-executor-11] INFO  leader.FollowerInfo (FollowerInfoImpl.java:lambda$new$0(46)) - omNode-2@group-523986131536->omNode-1: nextIndex: updateUnconditionally 50 -> 45
2021-01-11 13:55:52,191 [grpc-default-executor-4] WARN  server.GrpcLogAppender (LogUtils.java:warn(122)) - omNode-2@group-523986131536->omNode-1-AppendLogResponseHandler: Failed appendEntries: org.apache.ratis.thirdparty.io.grpc.StatusRuntimeException: UNAVAILABLE: io exception
2021-01-11 13:55:52,191 [grpc-default-executor-4] INFO  leader.FollowerInfo (FollowerInfoImpl.java:lambda$new$0(46)) - omNode-2@group-523986131536->omNode-1: nextIndex: updateUnconditionally 51 -> 45
2021-01-11 13:55:52,193 [omNode-2@group-523986131536-StateMachineUpdater] INFO  ratis.OzoneManagerStateMachine (OzoneManagerStateMachine.java:takeSnapshot(345)) - Current Snapshot Index (t:1, i:49)
2021-01-11 13:55:52,193 [omNode-2@group-523986131536-StateMachineUpdater] INFO  impl.StateMachineUpdater (StateMachineUpdater.java:takeSnapshot(279)) - omNode-2@group-523986131536-StateMachineUpdater: Took a snapshot at index 49
2021-01-11 13:55:52,193 [omNode-2@group-523986131536-StateMachineUpdater] INFO  impl.StateMachineUpdater (StateMachineUpdater.java:lambda$new$0(88)) - omNode-2@group-523986131536-StateMachineUpdater: snapshotIndex: updateIncreasingly -1 -> 49
2021-01-11 13:55:52,193 [omNode-2@group-523986131536-StateMachineUpdater] INFO  raftlog.RaftLog (RaftLogBase.java:purge(306)) - omNode-2@group-523986131536-SegmentedRaftLog: purge 49
2021-01-11 13:55:52,193 [omNode-2@group-523986131536-StateMachineUpdater] INFO  raftlog.RaftLog (RaftLogBase.java:lambda$new$0(53)) - omNode-2@group-523986131536-SegmentedRaftLog: snapshotIndex: updateIncreasingly -1 -> 49
2021-01-11 13:55:52,193 [omNode-2@group-523986131536-StateMachineUpdater] INFO  raftlog.RaftLog (RaftLogBase.java:lambda$new$0(53)) - omNode-2@group-523986131536-SegmentedRaftLog: purgeIndex: updateToMax old=-1, new=49, updated? true
2021-01-11 13:55:52,195 [grpc-default-executor-4] WARN  server.GrpcLogAppender (LogUtils.java:warn(122)) - omNode-2@group-523986131536->omNode-1-AppendLogResponseHandler: Failed appendEntries: org.apache.ratis.thirdparty.io.grpc.StatusRuntimeException: UNAVAILABLE: io exception
2021-01-11 13:55:52,195 [grpc-default-executor-4] INFO  leader.FollowerInfo (FollowerInfoImpl.java:lambda$new$0(46)) - omNode-2@group-523986131536->omNode-1: nextIndex: updateUnconditionally 51 -> 45
2021-01-11 13:55:52,196 [omNode-3@group-523986131536-StateMachineUpdater] INFO  ratis.OzoneManagerStateMachine (OzoneManagerStateMachine.java:takeSnapshot(345)) - Current Snapshot Index (t:1, i:49)
2021-01-11 13:55:52,196 [omNode-3@group-523986131536-StateMachineUpdater] INFO  impl.StateMachineUpdater (StateMachineUpdater.java:takeSnapshot(279)) - omNode-3@group-523986131536-StateMachineUpdater: Took a snapshot at index 49
2021-01-11 13:55:52,196 [omNode-3@group-523986131536-StateMachineUpdater] INFO  impl.StateMachineUpdater (StateMachineUpdater.java:lambda$new$0(88)) - omNode-3@group-523986131536-StateMachineUpdater: snapshotIndex: updateIncreasingly -1 -> 49
2021-01-11 13:55:52,196 [omNode-3@group-523986131536-StateMachineUpdater] INFO  raftlog.RaftLog (RaftLogBase.java:purge(306)) - omNode-3@group-523986131536-SegmentedRaftLog: purge 49
2021-01-11 13:55:52,196 [omNode-3@group-523986131536-StateMachineUpdater] INFO  raftlog.RaftLog (RaftLogBase.java:lambda$new$0(53)) - omNode-3@group-523986131536-SegmentedRaftLog: snapshotIndex: updateIncreasingly -1 -> 49
2021-01-11 13:55:52,196 [omNode-3@group-523986131536-StateMachineUpdater] INFO  raftlog.RaftLog (RaftLogBase.java:lambda$new$0(53)) - omNode-3@group-523986131536-SegmentedRaftLog: purgeIndex: updateToMax old=-1, new=49, updated? true
2021-01-11 13:55:52,196 [grpc-default-executor-11] WARN  server.GrpcLogAppender (LogUtils.java:warn(122)) - omNode-2@group-523986131536->omNode-1-AppendLogResponseHandler: Failed appendEntries: org.apache.ratis.thirdparty.io.grpc.StatusRuntimeException: UNAVAILABLE: io exception
2021-01-11 13:55:52,197 [grpc-default-executor-11] INFO  leader.FollowerInfo (FollowerInfoImpl.java:lambda$new$0(46)) - omNode-2@group-523986131536->omNode-1: nextIndex: updateUnconditionally 51 -> 45
2021-01-11 13:55:52,198 [grpc-default-executor-11] WARN  server.GrpcLogAppender (LogUtils.java:warn(122)) - omNode-2@group-523986131536->omNode-1-AppendLogResponseHandler: Failed appendEntries: org.apache.ratis.thirdparty.io.grpc.StatusRuntimeException: UNAVAILABLE: io exception
2021-01-11 13:55:52,199 [grpc-default-executor-11] INFO  leader.FollowerInfo (FollowerInfoImpl.java:lambda$new$0(46)) - omNode-2@group-523986131536->omNode-1: nextIndex: updateUnconditionally 52 -> 45
2021-01-11 13:55:52,200 [grpc-default-executor-11] WARN  server.GrpcLogAppender (LogUtils.java:warn(122)) - omNode-2@group-523986131536->omNode-1-AppendLogResponseHandler: Failed appendEntries: org.apache.ratis.thirdparty.io.grpc.StatusRuntimeException: UNAVAILABLE: io exception
2021-01-11 13:55:52,200 [grpc-default-executor-11] INFO  leader.FollowerInfo (FollowerInfoImpl.java:lambda$new$0(46)) - omNode-2@group-523986131536->omNode-1: nextIndex: updateUnconditionally 52 -> 45
2021-01-11 13:55:52,203 [grpc-default-executor-11] WARN  server.GrpcLogAppender (LogUtils.java:warn(122)) - omNode-2@group-523986131536->omNode-1-AppendLogResponseHandler: Failed appendEntries: org.apache.ratis.thirdparty.io.grpc.StatusRuntimeException: UNAVAILABLE: io exception
2021-01-11 13:55:52,204 [grpc-default-executor-11] INFO  leader.FollowerInfo (FollowerInfoImpl.java:lambda$new$0(46)) - omNode-2@group-523986131536->omNode-1: nextIndex: updateUnconditionally 54 -> 45
2021-01-11 13:55:52,205 [grpc-default-executor-11] WARN  server.GrpcLogAppender (LogUtils.java:warn(122)) - omNode-2@group-523986131536->omNode-1-AppendLogResponseHandler: Failed appendEntries: org.apache.ratis.thirdparty.io.grpc.StatusRuntimeException: UNAVAILABLE: io exception
2021-01-11 13:55:52,205 [grpc-default-executor-11] INFO  leader.FollowerInfo (FollowerInfoImpl.java:lambda$new$0(46)) - omNode-2@group-523986131536->omNode-1: nextIndex: updateUnconditionally 54 -> 45
2021-01-11 13:55:52,207 [grpc-default-executor-11] WARN  server.GrpcLogAppender (LogUtils.java:warn(122)) - omNode-2@group-523986131536->omNode-1-AppendLogResponseHandler: Failed appendEntries: org.apache.ratis.thirdparty.io.grpc.StatusRuntimeException: UNAVAILABLE: io exception
2021-01-11 13:55:52,207 [grpc-default-executor-11] INFO  leader.FollowerInfo (FollowerInfoImpl.java:lambda$new$0(46)) - omNode-2@group-523986131536->omNode-1: nextIndex: updateUnconditionally 55 -> 45
2021-01-11 13:55:52,209 [grpc-default-executor-11] WARN  server.GrpcLogAppender (LogUtils.java:warn(122)) - omNode-2@group-523986131536->omNode-1-AppendLogResponseHandler: Failed appendEntries: org.apache.ratis.thirdparty.io.grpc.StatusRuntimeException: UNAVAILABLE: io exception
2021-01-11 13:55:52,210 [grpc-default-executor-11] INFO  leader.FollowerInfo (FollowerInfoImpl.java:lambda$new$0(46)) - omNode-2@group-523986131536->omNode-1: nextIndex: updateUnconditionally 55 -> 45
2021-01-11 13:55:52,213 [grpc-default-executor-1] WARN  server.GrpcLogAppender (LogUtils.java:warn(122)) - omNode-2@group-523986131536->omNode-1-AppendLogResponseHandler: Failed appendEntries: org.apache.ratis.thirdparty.io.grpc.StatusRuntimeException: UNAVAILABLE: io exception
2021-01-11 13:55:52,213 [grpc-default-executor-1] INFO  leader.FollowerInfo (FollowerInfoImpl.java:lambda$new$0(46)) - omNode-2@group-523986131536->omNode-1: nextIndex: updateUnconditionally 56 -> 45
2021-01-11 13:55:52,216 [grpc-default-executor-1] WARN  server.GrpcLogAppender (LogUtils.java:warn(122)) - omNode-2@group-523986131536->omNode-1-AppendLogResponseHandler: Failed appendEntries: org.apache.ratis.thirdparty.io.grpc.StatusRuntimeException: UNAVAILABLE: io exception
2021-01-11 13:55:52,216 [grpc-default-executor-1] INFO  leader.FollowerInfo (FollowerInfoImpl.java:lambda$new$0(46)) - omNode-2@group-523986131536->omNode-1: nextIndex: updateUnconditionally 56 -> 45
2021-01-11 13:55:52,217 [grpc-default-executor-11] WARN  server.GrpcLogAppender (LogUtils.java:warn(122)) - omNode-2@group-523986131536->omNode-1-AppendLogResponseHandler: Failed appendEntries: org.apache.ratis.thirdparty.io.grpc.StatusRuntimeException: UNAVAILABLE: io exception
2021-01-11 13:55:52,218 [grpc-default-executor-11] INFO  leader.FollowerInfo (FollowerInfoImpl.java:lambda$new$0(46)) - omNode-2@group-523986131536->omNode-1: nextIndex: updateUnconditionally 57 -> 45
2021-01-11 13:55:52,220 [grpc-default-executor-1] WARN  server.GrpcLogAppender (LogUtils.java:warn(122)) - omNode-2@group-523986131536->omNode-1-AppendLogResponseHandler: Failed appendEntries: org.apache.ratis.thirdparty.io.grpc.StatusRuntimeException: UNAVAILABLE: io exception
2021-01-11 13:55:52,221 [grpc-default-executor-1] INFO  leader.FollowerInfo (FollowerInfoImpl.java:lambda$new$0(46)) - omNode-2@group-523986131536->omNode-1: nextIndex: updateUnconditionally 57 -> 45
2021-01-11 13:55:52,221 [grpc-default-executor-1] WARN  server.GrpcLogAppender (LogUtils.java:warn(122)) - omNode-2@group-523986131536->omNode-1-AppendLogResponseHandler: Failed appendEntries: org.apache.ratis.thirdparty.io.grpc.StatusRuntimeException: UNAVAILABLE: io exception
2021-01-11 13:55:52,222 [grpc-default-executor-1] INFO  leader.FollowerInfo (FollowerInfoImpl.java:lambda$new$0(46)) - omNode-2@group-523986131536->omNode-1: nextIndex: updateUnconditionally 57 -> 45
2021-01-11 13:55:52,223 [grpc-default-executor-1] WARN  server.GrpcLogAppender (LogUtils.java:warn(122)) - omNode-2@group-523986131536->omNode-1-AppendLogResponseHandler: Failed appendEntries: org.apache.ratis.thirdparty.io.grpc.StatusRuntimeException: UNAVAILABLE: io exception
2021-01-11 13:55:52,223 [grpc-default-executor-1] INFO  leader.FollowerInfo (FollowerInfoImpl.java:lambda$new$0(46)) - omNode-2@group-523986131536->omNode-1: nextIndex: updateUnconditionally 58 -> 45
2021-01-11 13:55:52,227 [grpc-default-executor-1] WARN  server.GrpcLogAppender (LogUtils.java:warn(122)) - omNode-2@group-523986131536->omNode-1-AppendLogResponseHandler: Failed appendEntries: org.apache.ratis.thirdparty.io.grpc.StatusRuntimeException: UNAVAILABLE: io exception
2021-01-11 13:55:52,227 [grpc-default-executor-1] INFO  leader.FollowerInfo (FollowerInfoImpl.java:lambda$new$0(46)) - omNode-2@group-523986131536->omNode-1: nextIndex: updateUnconditionally 58 -> 45
2021-01-11 13:55:52,228 [grpc-default-executor-4] WARN  server.GrpcLogAppender (LogUtils.java:warn(122)) - omNode-2@group-523986131536->omNode-1-AppendLogResponseHandler: Failed appendEntries: org.apache.ratis.thirdparty.io.grpc.StatusRuntimeException: UNAVAILABLE: io exception
2021-01-11 13:55:52,228 [grpc-default-executor-4] INFO  leader.FollowerInfo (FollowerInfoImpl.java:lambda$new$0(46)) - omNode-2@group-523986131536->omNode-1: nextIndex: updateUnconditionally 59 -> 45
2021-01-11 13:55:52,232 [grpc-default-executor-4] WARN  server.GrpcLogAppender (LogUtils.java:warn(122)) - omNode-2@group-523986131536->omNode-1-AppendLogResponseHandler: Failed appendEntries: org.apache.ratis.thirdparty.io.grpc.StatusRuntimeException: UNAVAILABLE: io exception
2021-01-11 13:55:52,233 [grpc-default-executor-4] INFO  leader.FollowerInfo (FollowerInfoImpl.java:lambda$new$0(46)) - omNode-2@group-523986131536->omNode-1: nextIndex: updateUnconditionally 59 -> 45
2021-01-11 13:55:52,236 [grpc-default-executor-8] WARN  server.GrpcLogAppender (LogUtils.java:warn(122)) - omNode-2@group-523986131536->omNode-1-AppendLogResponseHandler: Failed appendEntries: org.apache.ratis.thirdparty.io.grpc.StatusRuntimeException: UNAVAILABLE: io exception
2021-01-11 13:55:52,237 [grpc-default-executor-8] INFO  leader.FollowerInfo (FollowerInfoImpl.java:lambda$new$0(46)) - omNode-2@group-523986131536->omNode-1: nextIndex: updateUnconditionally 60 -> 45
2021-01-11 13:55:52,237 [grpc-default-executor-8] WARN  server.GrpcLogAppender (LogUtils.java:warn(122)) - omNode-2@group-523986131536->omNode-1-AppendLogResponseHandler: Failed appendEntries: org.apache.ratis.thirdparty.io.grpc.StatusRuntimeException: UNAVAILABLE: io exception
2021-01-11 13:55:52,238 [grpc-default-executor-8] INFO  leader.FollowerInfo (FollowerInfoImpl.java:lambda$new$0(46)) - omNode-2@group-523986131536->omNode-1: nextIndex: updateUnconditionally 60 -> 45
2021-01-11 13:55:52,242 [grpc-default-executor-4] WARN  server.GrpcLogAppender (LogUtils.java:warn(122)) - omNode-2@group-523986131536->omNode-1-AppendLogResponseHandler: Failed appendEntries: org.apache.ratis.thirdparty.io.grpc.StatusRuntimeException: UNAVAILABLE: io exception
2021-01-11 13:55:52,242 [grpc-default-executor-4] INFO  leader.FollowerInfo (FollowerInfoImpl.java:lambda$new$0(46)) - omNode-2@group-523986131536->omNode-1: nextIndex: updateUnconditionally 62 -> 45
2021-01-11 13:55:52,244 [grpc-default-executor-8] WARN  server.GrpcLogAppender (LogUtils.java:warn(122)) - omNode-2@group-523986131536->omNode-1-AppendLogResponseHandler: Failed appendEntries: org.apache.ratis.thirdparty.io.grpc.StatusRuntimeException: UNAVAILABLE: io exception
2021-01-11 13:55:52,245 [grpc-default-executor-8] INFO  leader.FollowerInfo (FollowerInfoImpl.java:lambda$new$0(46)) - omNode-2@group-523986131536->omNode-1: nextIndex: updateUnconditionally 62 -> 45
2021-01-11 13:55:52,251 [grpc-default-executor-8] WARN  server.GrpcLogAppender (LogUtils.java:warn(122)) - omNode-2@group-523986131536->omNode-1-AppendLogResponseHandler: Failed appendEntries: org.apache.ratis.thirdparty.io.grpc.StatusRuntimeException: UNAVAILABLE: io exception
2021-01-11 13:55:52,251 [grpc-default-executor-8] INFO  leader.FollowerInfo (FollowerInfoImpl.java:lambda$new$0(46)) - omNode-2@group-523986131536->omNode-1: nextIndex: updateUnconditionally 63 -> 45
2021-01-11 13:55:52,258 [grpc-default-executor-4] WARN  server.GrpcLogAppender (LogUtils.java:warn(122)) - omNode-2@group-523986131536->omNode-1-AppendLogResponseHandler: Failed appendEntries: org.apache.ratis.thirdparty.io.grpc.StatusRuntimeException: UNAVAILABLE: io exception
2021-01-11 13:55:52,259 [grpc-default-executor-4] INFO  leader.FollowerInfo (FollowerInfoImpl.java:lambda$new$0(46)) - omNode-2@group-523986131536->omNode-1: nextIndex: updateUnconditionally 64 -> 45
2021-01-11 13:55:52,263 [grpc-default-executor-4] WARN  server.GrpcLogAppender (LogUtils.java:warn(122)) - omNode-2@group-523986131536->omNode-1-AppendLogResponseHandler: Failed appendEntries: org.apache.ratis.thirdparty.io.grpc.StatusRuntimeException: UNAVAILABLE: io exception
2021-01-11 13:55:52,263 [grpc-default-executor-4] INFO  leader.FollowerInfo (FollowerInfoImpl.java:lambda$new$0(46)) - omNode-2@group-523986131536->omNode-1: nextIndex: updateUnconditionally 64 -> 45
2021-01-11 13:55:52,265 [grpc-default-executor-4] WARN  server.GrpcLogAppender (LogUtils.java:warn(122)) - omNode-2@group-523986131536->omNode-1-AppendLogResponseHandler: Failed appendEntries: org.apache.ratis.thirdparty.io.grpc.StatusRuntimeException: UNAVAILABLE: io exception
2021-01-11 13:55:52,265 [grpc-default-executor-4] INFO  leader.FollowerInfo (FollowerInfoImpl.java:lambda$new$0(46)) - omNode-2@group-523986131536->omNode-1: nextIndex: updateUnconditionally 65 -> 45
2021-01-11 13:55:52,267 [grpc-default-executor-4] WARN  server.GrpcLogAppender (LogUtils.java:warn(122)) - omNode-2@group-523986131536->omNode-1-AppendLogResponseHandler: Failed appendEntries: org.apache.ratis.thirdparty.io.grpc.StatusRuntimeException: UNAVAILABLE: io exception
2021-01-11 13:55:52,268 [grpc-default-executor-4] INFO  leader.FollowerInfo (FollowerInfoImpl.java:lambda$new$0(46)) - omNode-2@group-523986131536->omNode-1: nextIndex: updateUnconditionally 66 -> 45
2021-01-11 13:55:52,270 [grpc-default-executor-4] WARN  server.GrpcLogAppender (LogUtils.java:warn(122)) - omNode-2@group-523986131536->omNode-1-AppendLogResponseHandler: Failed appendEntries: org.apache.ratis.thirdparty.io.grpc.StatusRuntimeException: UNAVAILABLE: io exception
2021-01-11 13:55:52,270 [grpc-default-executor-4] INFO  leader.FollowerInfo (FollowerInfoImpl.java:lambda$new$0(46)) - omNode-2@group-523986131536->omNode-1: nextIndex: updateUnconditionally 66 -> 45
2021-01-11 13:55:52,273 [grpc-default-executor-8] WARN  server.GrpcLogAppender (LogUtils.java:warn(122)) - omNode-2@group-523986131536->omNode-1-AppendLogResponseHandler: Failed appendEntries: org.apache.ratis.thirdparty.io.grpc.StatusRuntimeException: UNAVAILABLE: io exception
2021-01-11 13:55:52,273 [grpc-default-executor-8] INFO  leader.FollowerInfo (FollowerInfoImpl.java:lambda$new$0(46)) - omNode-2@group-523986131536->omNode-1: nextIndex: updateUnconditionally 67 -> 45
2021-01-11 13:55:52,275 [grpc-default-executor-8] WARN  server.GrpcLogAppender (LogUtils.java:warn(122)) - omNode-2@group-523986131536->omNode-1-AppendLogResponseHandler: Failed appendEntries: org.apache.ratis.thirdparty.io.grpc.StatusRuntimeException: UNAVAILABLE: io exception
2021-01-11 13:55:52,275 [grpc-default-executor-8] INFO  leader.FollowerInfo (FollowerInfoImpl.java:lambda$new$0(46)) - omNode-2@group-523986131536->omNode-1: nextIndex: updateUnconditionally 67 -> 45
2021-01-11 13:55:52,282 [grpc-default-executor-8] WARN  server.GrpcLogAppender (LogUtils.java:warn(122)) - omNode-2@group-523986131536->omNode-1-AppendLogResponseHandler: Failed appendEntries: org.apache.ratis.thirdparty.io.grpc.StatusRuntimeException: UNAVAILABLE: io exception
2021-01-11 13:55:52,282 [grpc-default-executor-8] INFO  leader.FollowerInfo (FollowerInfoImpl.java:lambda$new$0(46)) - omNode-2@group-523986131536->omNode-1: nextIndex: updateUnconditionally 68 -> 45
2021-01-11 13:55:52,283 [grpc-default-executor-8] WARN  server.GrpcLogAppender (LogUtils.java:warn(122)) - omNode-2@group-523986131536->omNode-1-AppendLogResponseHandler: Failed appendEntries: org.apache.ratis.thirdparty.io.grpc.StatusRuntimeException: UNAVAILABLE: io exception
2021-01-11 13:55:52,283 [grpc-default-executor-8] INFO  leader.FollowerInfo (FollowerInfoImpl.java:lambda$new$0(46)) - omNode-2@group-523986131536->omNode-1: nextIndex: updateUnconditionally 69 -> 45
2021-01-11 13:55:52,290 [grpc-default-executor-8] WARN  server.GrpcLogAppender (LogUtils.java:warn(122)) - omNode-2@group-523986131536->omNode-1-AppendLogResponseHandler: Failed appendEntries: org.apache.ratis.thirdparty.io.grpc.StatusRuntimeException: UNAVAILABLE: io exception
2021-01-11 13:55:52,291 [grpc-default-executor-8] INFO  leader.FollowerInfo (FollowerInfoImpl.java:lambda$new$0(46)) - omNode-2@group-523986131536->omNode-1: nextIndex: updateUnconditionally 70 -> 45
2021-01-11 13:55:52,293 [grpc-default-executor-4] WARN  server.GrpcLogAppender (LogUtils.java:warn(122)) - omNode-2@group-523986131536->omNode-1-AppendLogResponseHandler: Failed appendEntries: org.apache.ratis.thirdparty.io.grpc.StatusRuntimeException: UNAVAILABLE: io exception
2021-01-11 13:55:52,293 [grpc-default-executor-4] INFO  leader.FollowerInfo (FollowerInfoImpl.java:lambda$new$0(46)) - omNode-2@group-523986131536->omNode-1: nextIndex: updateUnconditionally 70 -> 45
2021-01-11 13:55:52,295 [grpc-default-executor-4] WARN  server.GrpcLogAppender (LogUtils.java:warn(122)) - omNode-2@group-523986131536->omNode-1-AppendLogResponseHandler: Failed appendEntries: org.apache.ratis.thirdparty.io.grpc.StatusRuntimeException: UNAVAILABLE: io exception
2021-01-11 13:55:52,296 [grpc-default-executor-4] INFO  leader.FollowerInfo (FollowerInfoImpl.java:lambda$new$0(46)) - omNode-2@group-523986131536->omNode-1: nextIndex: updateUnconditionally 71 -> 45
2021-01-11 13:55:52,303 [grpc-default-executor-8] WARN  server.GrpcLogAppender (LogUtils.java:warn(122)) - omNode-2@group-523986131536->omNode-1-AppendLogResponseHandler: Failed appendEntries: org.apache.ratis.thirdparty.io.grpc.StatusRuntimeException: UNAVAILABLE: io exception
2021-01-11 13:55:52,304 [grpc-default-executor-8] INFO  leader.FollowerInfo (FollowerInfoImpl.java:lambda$new$0(46)) - omNode-2@group-523986131536->omNode-1: nextIndex: updateUnconditionally 72 -> 45
2021-01-11 13:55:52,304 [grpc-default-executor-11] WARN  server.GrpcLogAppender (LogUtils.java:warn(122)) - omNode-2@group-523986131536->omNode-1-AppendLogResponseHandler: Failed appendEntries: org.apache.ratis.thirdparty.io.grpc.StatusRuntimeException: UNAVAILABLE: io exception
2021-01-11 13:55:52,305 [grpc-default-executor-11] INFO  leader.FollowerInfo (FollowerInfoImpl.java:lambda$new$0(46)) - omNode-2@group-523986131536->omNode-1: nextIndex: updateUnconditionally 72 -> 45
2021-01-11 13:55:52,305 [grpc-default-executor-4] WARN  server.GrpcLogAppender (LogUtils.java:warn(122)) - omNode-2@group-523986131536->omNode-1-AppendLogResponseHandler: Failed appendEntries: org.apache.ratis.thirdparty.io.grpc.StatusRuntimeException: UNAVAILABLE: io exception
2021-01-11 13:55:52,306 [grpc-default-executor-4] INFO  leader.FollowerInfo (FollowerInfoImpl.java:lambda$new$0(46)) - omNode-2@group-523986131536->omNode-1: nextIndex: updateUnconditionally 72 -> 45
2021-01-11 13:55:52,308 [grpc-default-executor-4] WARN  server.GrpcLogAppender (LogUtils.java:warn(122)) - omNode-2@group-523986131536->omNode-1-AppendLogResponseHandler: Failed appendEntries: org.apache.ratis.thirdparty.io.grpc.StatusRuntimeException: UNAVAILABLE: io exception
2021-01-11 13:55:52,308 [grpc-default-executor-4] INFO  leader.FollowerInfo (FollowerInfoImpl.java:lambda$new$0(46)) - omNode-2@group-523986131536->omNode-1: nextIndex: updateUnconditionally 73 -> 45
2021-01-11 13:55:52,313 [grpc-default-executor-4] WARN  server.GrpcLogAppender (LogUtils.java:warn(122)) - omNode-2@group-523986131536->omNode-1-AppendLogResponseHandler: Failed appendEntries: org.apache.ratis.thirdparty.io.grpc.StatusRuntimeException: UNAVAILABLE: io exception
2021-01-11 13:55:52,313 [grpc-default-executor-4] INFO  leader.FollowerInfo (FollowerInfoImpl.java:lambda$new$0(46)) - omNode-2@group-523986131536->omNode-1: nextIndex: updateUnconditionally 74 -> 45
2021-01-11 13:55:52,316 [grpc-default-executor-4] WARN  server.GrpcLogAppender (LogUtils.java:warn(122)) - omNode-2@group-523986131536->omNode-1-AppendLogResponseHandler: Failed appendEntries: org.apache.ratis.thirdparty.io.grpc.StatusRuntimeException: UNAVAILABLE: io exception
2021-01-11 13:55:52,316 [grpc-default-executor-4] INFO  leader.FollowerInfo (FollowerInfoImpl.java:lambda$new$0(46)) - omNode-2@group-523986131536->omNode-1: nextIndex: updateUnconditionally 74 -> 45
2021-01-11 13:55:52,317 [grpc-default-executor-4] WARN  server.GrpcLogAppender (LogUtils.java:warn(122)) - omNode-2@group-523986131536->omNode-1-AppendLogResponseHandler: Failed appendEntries: org.apache.ratis.thirdparty.io.grpc.StatusRuntimeException: UNAVAILABLE: io exception
2021-01-11 13:55:52,318 [grpc-default-executor-4] INFO  leader.FollowerInfo (FollowerInfoImpl.java:lambda$new$0(46)) - omNode-2@group-523986131536->omNode-1: nextIndex: updateUnconditionally 75 -> 45
2021-01-11 13:55:52,320 [grpc-default-executor-4] WARN  server.GrpcLogAppender (LogUtils.java:warn(122)) - omNode-2@group-523986131536->omNode-1-AppendLogResponseHandler: Failed appendEntries: org.apache.ratis.thirdparty.io.grpc.StatusRuntimeException: UNAVAILABLE: io exception
2021-01-11 13:55:52,320 [grpc-default-executor-4] INFO  leader.FollowerInfo (FollowerInfoImpl.java:lambda$new$0(46)) - omNode-2@group-523986131536->omNode-1: nextIndex: updateUnconditionally 75 -> 45
2021-01-11 13:55:52,324 [grpc-default-executor-4] WARN  server.GrpcLogAppender (LogUtils.java:warn(122)) - omNode-2@group-523986131536->omNode-1-AppendLogResponseHandler: Failed appendEntries: org.apache.ratis.thirdparty.io.grpc.StatusRuntimeException: UNAVAILABLE: io exception
2021-01-11 13:55:52,325 [grpc-default-executor-4] INFO  leader.FollowerInfo (FollowerInfoImpl.java:lambda$new$0(46)) - omNode-2@group-523986131536->omNode-1: nextIndex: updateUnconditionally 76 -> 45
2021-01-11 13:55:52,327 [grpc-default-executor-4] WARN  server.GrpcLogAppender (LogUtils.java:warn(122)) - omNode-2@group-523986131536->omNode-1-AppendLogResponseHandler: Failed appendEntries: org.apache.ratis.thirdparty.io.grpc.StatusRuntimeException: UNAVAILABLE: io exception
2021-01-11 13:55:52,332 [grpc-default-executor-4] INFO  leader.FollowerInfo (FollowerInfoImpl.java:lambda$new$0(46)) - omNode-2@group-523986131536->omNode-1: nextIndex: updateUnconditionally 76 -> 45
2021-01-11 13:55:52,332 [grpc-default-executor-11] WARN  server.GrpcLogAppender (LogUtils.java:warn(122)) - omNode-2@group-523986131536->omNode-1-AppendLogResponseHandler: Failed appendEntries: org.apache.ratis.thirdparty.io.grpc.StatusRuntimeException: UNAVAILABLE: io exception
2021-01-11 13:55:52,333 [grpc-default-executor-11] INFO  leader.FollowerInfo (FollowerInfoImpl.java:lambda$new$0(46)) - omNode-2@group-523986131536->omNode-1: nextIndex: updateUnconditionally 78 -> 45
2021-01-11 13:55:52,333 [grpc-default-executor-11] WARN  server.GrpcLogAppender (LogUtils.java:warn(122)) - omNode-2@group-523986131536->omNode-1-AppendLogResponseHandler: Failed appendEntries: org.apache.ratis.thirdparty.io.grpc.StatusRuntimeException: UNAVAILABLE: io exception
2021-01-11 13:55:52,333 [grpc-default-executor-11] INFO  leader.FollowerInfo (FollowerInfoImpl.java:lambda$new$0(46)) - omNode-2@group-523986131536->omNode-1: nextIndex: updateUnconditionally 79 -> 45
2021-01-11 13:55:52,338 [grpc-default-executor-8] WARN  server.GrpcLogAppender (LogUtils.java:warn(122)) - omNode-2@group-523986131536->omNode-1-AppendLogResponseHandler: Failed appendEntries: org.apache.ratis.thirdparty.io.grpc.StatusRuntimeException: UNAVAILABLE: io exception
2021-01-11 13:55:52,338 [grpc-default-executor-8] INFO  leader.FollowerInfo (FollowerInfoImpl.java:lambda$new$0(46)) - omNode-2@group-523986131536->omNode-1: nextIndex: updateUnconditionally 79 -> 45
2021-01-11 13:55:52,346 [grpc-default-executor-8] WARN  server.GrpcLogAppender (LogUtils.java:warn(122)) - omNode-2@group-523986131536->omNode-1-AppendLogResponseHandler: Failed appendEntries: org.apache.ratis.thirdparty.io.grpc.StatusRuntimeException: UNAVAILABLE: io exception
2021-01-11 13:55:52,347 [grpc-default-executor-8] INFO  leader.FollowerInfo (FollowerInfoImpl.java:lambda$new$0(46)) - omNode-2@group-523986131536->omNode-1: nextIndex: updateUnconditionally 80 -> 45
2021-01-11 13:55:52,352 [grpc-default-executor-8] WARN  server.GrpcLogAppender (LogUtils.java:warn(122)) - omNode-2@group-523986131536->omNode-1-AppendLogResponseHandler: Failed appendEntries: org.apache.ratis.thirdparty.io.grpc.StatusRuntimeException: UNAVAILABLE: io exception
2021-01-11 13:55:52,352 [grpc-default-executor-8] INFO  leader.FollowerInfo (FollowerInfoImpl.java:lambda$new$0(46)) - omNode-2@group-523986131536->omNode-1: nextIndex: updateUnconditionally 80 -> 45
2021-01-11 13:55:52,353 [grpc-default-executor-8] WARN  server.GrpcLogAppender (LogUtils.java:warn(122)) - omNode-2@group-523986131536->omNode-1-AppendLogResponseHandler: Failed appendEntries: org.apache.ratis.thirdparty.io.grpc.StatusRuntimeException: UNAVAILABLE: io exception
2021-01-11 13:55:52,353 [grpc-default-executor-8] INFO  leader.FollowerInfo (FollowerInfoImpl.java:lambda$new$0(46)) - omNode-2@group-523986131536->omNode-1: nextIndex: updateUnconditionally 81 -> 45
2021-01-11 13:55:52,355 [grpc-default-executor-8] WARN  server.GrpcLogAppender (LogUtils.java:warn(122)) - omNode-2@group-523986131536->omNode-1-AppendLogResponseHandler: Failed appendEntries: org.apache.ratis.thirdparty.io.grpc.StatusRuntimeException: UNAVAILABLE: io exception
2021-01-11 13:55:52,355 [grpc-default-executor-8] INFO  leader.FollowerInfo (FollowerInfoImpl.java:lambda$new$0(46)) - omNode-2@group-523986131536->omNode-1: nextIndex: updateUnconditionally 82 -> 45
2021-01-11 13:55:52,359 [grpc-default-executor-8] WARN  server.GrpcLogAppender (LogUtils.java:warn(122)) - omNode-2@group-523986131536->omNode-1-AppendLogResponseHandler: Failed appendEntries: org.apache.ratis.thirdparty.io.grpc.StatusRuntimeException: UNAVAILABLE: io exception
2021-01-11 13:55:52,359 [grpc-default-executor-8] INFO  leader.FollowerInfo (FollowerInfoImpl.java:lambda$new$0(46)) - omNode-2@group-523986131536->omNode-1: nextIndex: updateUnconditionally 82 -> 45
2021-01-11 13:55:52,360 [grpc-default-executor-8] WARN  server.GrpcLogAppender (LogUtils.java:warn(122)) - omNode-2@group-523986131536->omNode-1-AppendLogResponseHandler: Failed appendEntries: org.apache.ratis.thirdparty.io.grpc.StatusRuntimeException: UNAVAILABLE: io exception
2021-01-11 13:55:52,360 [grpc-default-executor-8] INFO  leader.FollowerInfo (FollowerInfoImpl.java:lambda$new$0(46)) - omNode-2@group-523986131536->omNode-1: nextIndex: updateUnconditionally 82 -> 45
2021-01-11 13:55:52,363 [grpc-default-executor-8] WARN  server.GrpcLogAppender (LogUtils.java:warn(122)) - omNode-2@group-523986131536->omNode-1-AppendLogResponseHandler: Failed appendEntries: org.apache.ratis.thirdparty.io.grpc.StatusRuntimeException: UNAVAILABLE: io exception
2021-01-11 13:55:52,364 [grpc-default-executor-8] INFO  leader.FollowerInfo (FollowerInfoImpl.java:lambda$new$0(46)) - omNode-2@group-523986131536->omNode-1: nextIndex: updateUnconditionally 83 -> 45
2021-01-11 13:55:52,369 [grpc-default-executor-4] WARN  server.GrpcLogAppender (LogUtils.java:warn(122)) - omNode-2@group-523986131536->omNode-1-AppendLogResponseHandler: Failed appendEntries: org.apache.ratis.thirdparty.io.grpc.StatusRuntimeException: UNAVAILABLE: io exception
2021-01-11 13:55:52,370 [grpc-default-executor-4] INFO  leader.FollowerInfo (FollowerInfoImpl.java:lambda$new$0(46)) - omNode-2@group-523986131536->omNode-1: nextIndex: updateUnconditionally 83 -> 45
2021-01-11 13:55:52,370 [grpc-default-executor-8] WARN  server.GrpcLogAppender (LogUtils.java:warn(122)) - omNode-2@group-523986131536->omNode-1-AppendLogResponseHandler: Failed appendEntries: org.apache.ratis.thirdparty.io.grpc.StatusRuntimeException: UNAVAILABLE: io exception
2021-01-11 13:55:52,370 [grpc-default-executor-8] INFO  leader.FollowerInfo (FollowerInfoImpl.java:lambda$new$0(46)) - omNode-2@group-523986131536->omNode-1: nextIndex: updateUnconditionally 83 -> 45
2021-01-11 13:55:52,374 [grpc-default-executor-4] WARN  server.GrpcLogAppender (LogUtils.java:warn(122)) - omNode-2@group-523986131536->omNode-1-AppendLogResponseHandler: Failed appendEntries: org.apache.ratis.thirdparty.io.grpc.StatusRuntimeException: UNAVAILABLE: io exception
2021-01-11 13:55:52,374 [grpc-default-executor-4] INFO  leader.FollowerInfo (FollowerInfoImpl.java:lambda$new$0(46)) - omNode-2@group-523986131536->omNode-1: nextIndex: updateUnconditionally 84 -> 45
2021-01-11 13:55:52,376 [grpc-default-executor-8] WARN  server.GrpcLogAppender (LogUtils.java:warn(122)) - omNode-2@group-523986131536->omNode-1-AppendLogResponseHandler: Failed appendEntries: org.apache.ratis.thirdparty.io.grpc.StatusRuntimeException: UNAVAILABLE: io exception
2021-01-11 13:55:52,376 [grpc-default-executor-8] INFO  leader.FollowerInfo (FollowerInfoImpl.java:lambda$new$0(46)) - omNode-2@group-523986131536->omNode-1: nextIndex: updateUnconditionally 84 -> 45
2021-01-11 13:55:52,377 [grpc-default-executor-4] WARN  server.GrpcLogAppender (LogUtils.java:warn(122)) - omNode-2@group-523986131536->omNode-1-AppendLogResponseHandler: Failed appendEntries: org.apache.ratis.thirdparty.io.grpc.StatusRuntimeException: UNAVAILABLE: io exception
2021-01-11 13:55:52,377 [grpc-default-executor-4] INFO  leader.FollowerInfo (FollowerInfoImpl.java:lambda$new$0(46)) - omNode-2@group-523986131536->omNode-1: nextIndex: updateUnconditionally 85 -> 45
2021-01-11 13:55:52,380 [grpc-default-executor-4] WARN  server.GrpcLogAppender (LogUtils.java:warn(122)) - omNode-2@group-523986131536->omNode-1-AppendLogResponseHandler: Failed appendEntries: org.apache.ratis.thirdparty.io.grpc.StatusRuntimeException: UNAVAILABLE: io exception
2021-01-11 13:55:52,380 [grpc-default-executor-4] INFO  leader.FollowerInfo (FollowerInfoImpl.java:lambda$new$0(46)) - omNode-2@group-523986131536->omNode-1: nextIndex: updateUnconditionally 86 -> 45
2021-01-11 13:55:52,384 [grpc-default-executor-4] WARN  server.GrpcLogAppender (LogUtils.java:warn(122)) - omNode-2@group-523986131536->omNode-1-AppendLogResponseHandler: Failed appendEntries: org.apache.ratis.thirdparty.io.grpc.StatusRuntimeException: UNAVAILABLE: io exception
2021-01-11 13:55:52,384 [grpc-default-executor-4] INFO  leader.FollowerInfo (FollowerInfoImpl.java:lambda$new$0(46)) - omNode-2@group-523986131536->omNode-1: nextIndex: updateUnconditionally 86 -> 45
2021-01-11 13:55:52,388 [grpc-default-executor-4] WARN  server.GrpcLogAppender (LogUtils.java:warn(122)) - omNode-2@group-523986131536->omNode-1-AppendLogResponseHandler: Failed appendEntries: org.apache.ratis.thirdparty.io.grpc.StatusRuntimeException: UNAVAILABLE: io exception
2021-01-11 13:55:52,389 [grpc-default-executor-4] INFO  leader.FollowerInfo (FollowerInfoImpl.java:lambda$new$0(46)) - omNode-2@group-523986131536->omNode-1: nextIndex: updateUnconditionally 87 -> 45
2021-01-11 13:55:52,397 [grpc-default-executor-4] WARN  server.GrpcLogAppender (LogUtils.java:warn(122)) - omNode-2@group-523986131536->omNode-1-AppendLogResponseHandler: Failed appendEntries: org.apache.ratis.thirdparty.io.grpc.StatusRuntimeException: UNAVAILABLE: io exception
2021-01-11 13:55:52,397 [grpc-default-executor-4] INFO  leader.FollowerInfo (FollowerInfoImpl.java:lambda$new$0(46)) - omNode-2@group-523986131536->omNode-1: nextIndex: updateUnconditionally 87 -> 45
2021-01-11 13:55:52,400 [grpc-default-executor-4] WARN  server.GrpcLogAppender (LogUtils.java:warn(122)) - omNode-2@group-523986131536->omNode-1-AppendLogResponseHandler: Failed appendEntries: org.apache.ratis.thirdparty.io.grpc.StatusRuntimeException: UNAVAILABLE: io exception
2021-01-11 13:55:52,401 [grpc-default-executor-4] INFO  leader.FollowerInfo (FollowerInfoImpl.java:lambda$new$0(46)) - omNode-2@group-523986131536->omNode-1: nextIndex: updateUnconditionally 88 -> 45
2021-01-11 13:55:52,404 [grpc-default-executor-4] WARN  server.GrpcLogAppender (LogUtils.java:warn(122)) - omNode-2@group-523986131536->omNode-1-AppendLogResponseHandler: Failed appendEntries: org.apache.ratis.thirdparty.io.grpc.StatusRuntimeException: UNAVAILABLE: io exception
2021-01-11 13:55:52,405 [grpc-default-executor-4] INFO  leader.FollowerInfo (FollowerInfoImpl.java:lambda$new$0(46)) - omNode-2@group-523986131536->omNode-1: nextIndex: updateUnconditionally 88 -> 45
2021-01-11 13:55:52,405 [grpc-default-executor-8] WARN  server.GrpcLogAppender (LogUtils.java:warn(122)) - omNode-2@group-523986131536->omNode-1-AppendLogResponseHandler: Failed appendEntries: org.apache.ratis.thirdparty.io.grpc.StatusRuntimeException: UNAVAILABLE: io exception
2021-01-11 13:55:52,406 [grpc-default-executor-8] INFO  leader.FollowerInfo (FollowerInfoImpl.java:lambda$new$0(46)) - omNode-2@group-523986131536->omNode-1: nextIndex: updateUnconditionally 89 -> 45
2021-01-11 13:55:52,407 [grpc-default-executor-8] WARN  server.GrpcLogAppender (LogUtils.java:warn(122)) - omNode-2@group-523986131536->omNode-1-AppendLogResponseHandler: Failed appendEntries: org.apache.ratis.thirdparty.io.grpc.StatusRuntimeException: UNAVAILABLE: io exception
2021-01-11 13:55:52,407 [grpc-default-executor-8] INFO  leader.FollowerInfo (FollowerInfoImpl.java:lambda$new$0(46)) - omNode-2@group-523986131536->omNode-1: nextIndex: updateUnconditionally 89 -> 45
2021-01-11 13:55:52,410 [grpc-default-executor-8] WARN  server.GrpcLogAppender (LogUtils.java:warn(122)) - omNode-2@group-523986131536->omNode-1-AppendLogResponseHandler: Failed appendEntries: org.apache.ratis.thirdparty.io.grpc.StatusRuntimeException: UNAVAILABLE: io exception
2021-01-11 13:55:52,411 [grpc-default-executor-8] INFO  leader.FollowerInfo (FollowerInfoImpl.java:lambda$new$0(46)) - omNode-2@group-523986131536->omNode-1: nextIndex: updateUnconditionally 89 -> 45
2021-01-11 13:55:52,412 [grpc-default-executor-8] WARN  server.GrpcLogAppender (LogUtils.java:warn(122)) - omNode-2@group-523986131536->omNode-1-AppendLogResponseHandler: Failed appendEntries: org.apache.ratis.thirdparty.io.grpc.StatusRuntimeException: UNAVAILABLE: io exception
2021-01-11 13:55:52,412 [grpc-default-executor-8] INFO  leader.FollowerInfo (FollowerInfoImpl.java:lambda$new$0(46)) - omNode-2@group-523986131536->omNode-1: nextIndex: updateUnconditionally 90 -> 45
2021-01-11 13:55:52,416 [grpc-default-executor-4] WARN  server.GrpcLogAppender (LogUtils.java:warn(122)) - omNode-2@group-523986131536->omNode-1-AppendLogResponseHandler: Failed appendEntries: org.apache.ratis.thirdparty.io.grpc.StatusRuntimeException: UNAVAILABLE: io exception
2021-01-11 13:55:52,416 [grpc-default-executor-4] INFO  leader.FollowerInfo (FollowerInfoImpl.java:lambda$new$0(46)) - omNode-2@group-523986131536->omNode-1: nextIndex: updateUnconditionally 91 -> 45
2021-01-11 13:55:52,419 [grpc-default-executor-8] WARN  server.GrpcLogAppender (LogUtils.java:warn(122)) - omNode-2@group-523986131536->omNode-1-AppendLogResponseHandler: Failed appendEntries: org.apache.ratis.thirdparty.io.grpc.StatusRuntimeException: UNAVAILABLE: io exception
2021-01-11 13:55:52,419 [grpc-default-executor-8] INFO  leader.FollowerInfo (FollowerInfoImpl.java:lambda$new$0(46)) - omNode-2@group-523986131536->omNode-1: nextIndex: updateUnconditionally 92 -> 45
2021-01-11 13:55:52,426 [grpc-default-executor-8] WARN  server.GrpcLogAppender (LogUtils.java:warn(122)) - omNode-2@group-523986131536->omNode-1-AppendLogResponseHandler: Failed appendEntries: org.apache.ratis.thirdparty.io.grpc.StatusRuntimeException: UNAVAILABLE: io exception
2021-01-11 13:55:52,426 [grpc-default-executor-8] INFO  leader.FollowerInfo (FollowerInfoImpl.java:lambda$new$0(46)) - omNode-2@group-523986131536->omNode-1: nextIndex: updateUnconditionally 92 -> 45
2021-01-11 13:55:52,427 [grpc-default-executor-4] WARN  server.GrpcLogAppender (LogUtils.java:warn(122)) - omNode-2@group-523986131536->omNode-1-AppendLogResponseHandler: Failed appendEntries: org.apache.ratis.thirdparty.io.grpc.StatusRuntimeException: UNAVAILABLE: io exception
2021-01-11 13:55:52,427 [grpc-default-executor-4] INFO  leader.FollowerInfo (FollowerInfoImpl.java:lambda$new$0(46)) - omNode-2@group-523986131536->omNode-1: nextIndex: updateUnconditionally 93 -> 45
2021-01-11 13:55:52,430 [grpc-default-executor-8] WARN  server.GrpcLogAppender (LogUtils.java:warn(122)) - omNode-2@group-523986131536->omNode-1-AppendLogResponseHandler: Failed appendEntries: org.apache.ratis.thirdparty.io.grpc.StatusRuntimeException: UNAVAILABLE: io exception
2021-01-11 13:55:52,430 [grpc-default-executor-8] INFO  leader.FollowerInfo (FollowerInfoImpl.java:lambda$new$0(46)) - omNode-2@group-523986131536->omNode-1: nextIndex: updateUnconditionally 94 -> 45
2021-01-11 13:55:52,432 [grpc-default-executor-8] WARN  server.GrpcLogAppender (LogUtils.java:warn(122)) - omNode-2@group-523986131536->omNode-1-AppendLogResponseHandler: Failed appendEntries: org.apache.ratis.thirdparty.io.grpc.StatusRuntimeException: UNAVAILABLE: io exception
2021-01-11 13:55:52,432 [grpc-default-executor-8] INFO  leader.FollowerInfo (FollowerInfoImpl.java:lambda$new$0(46)) - omNode-2@group-523986131536->omNode-1: nextIndex: updateUnconditionally 94 -> 45
2021-01-11 13:55:52,433 [grpc-default-executor-8] WARN  server.GrpcLogAppender (LogUtils.java:warn(122)) - omNode-2@group-523986131536->omNode-1-AppendLogResponseHandler: Failed appendEntries: org.apache.ratis.thirdparty.io.grpc.StatusRuntimeException: UNAVAILABLE: io exception
2021-01-11 13:55:52,433 [grpc-default-executor-8] INFO  leader.FollowerInfo (FollowerInfoImpl.java:lambda$new$0(46)) - omNode-2@group-523986131536->omNode-1: nextIndex: updateUnconditionally 94 -> 45
2021-01-11 13:55:52,435 [grpc-default-executor-4] WARN  server.GrpcLogAppender (LogUtils.java:warn(122)) - omNode-2@group-523986131536->omNode-1-AppendLogResponseHandler: Failed appendEntries: org.apache.ratis.thirdparty.io.grpc.StatusRuntimeException: UNAVAILABLE: io exception
2021-01-11 13:55:52,435 [grpc-default-executor-4] INFO  leader.FollowerInfo (FollowerInfoImpl.java:lambda$new$0(46)) - omNode-2@group-523986131536->omNode-1: nextIndex: updateUnconditionally 95 -> 45
2021-01-11 13:55:52,438 [grpc-default-executor-8] WARN  server.GrpcLogAppender (LogUtils.java:warn(122)) - omNode-2@group-523986131536->omNode-1-AppendLogResponseHandler: Failed appendEntries: org.apache.ratis.thirdparty.io.grpc.StatusRuntimeException: UNAVAILABLE: io exception
2021-01-11 13:55:52,439 [grpc-default-executor-8] INFO  leader.FollowerInfo (FollowerInfoImpl.java:lambda$new$0(46)) - omNode-2@group-523986131536->omNode-1: nextIndex: updateUnconditionally 95 -> 45
2021-01-11 13:55:52,440 [grpc-default-executor-8] WARN  server.GrpcLogAppender (LogUtils.java:warn(122)) - omNode-2@group-523986131536->omNode-1-AppendLogResponseHandler: Failed appendEntries: org.apache.ratis.thirdparty.io.grpc.StatusRuntimeException: UNAVAILABLE: io exception
2021-01-11 13:55:52,440 [grpc-default-executor-8] INFO  leader.FollowerInfo (FollowerInfoImpl.java:lambda$new$0(46)) - omNode-2@group-523986131536->omNode-1: nextIndex: updateUnconditionally 95 -> 45
2021-01-11 13:55:52,443 [grpc-default-executor-4] WARN  server.GrpcLogAppender (LogUtils.java:warn(122)) - omNode-2@group-523986131536->omNode-1-AppendLogResponseHandler: Failed appendEntries: org.apache.ratis.thirdparty.io.grpc.StatusRuntimeException: UNAVAILABLE: io exception
2021-01-11 13:55:52,443 [grpc-default-executor-4] INFO  leader.FollowerInfo (FollowerInfoImpl.java:lambda$new$0(46)) - omNode-2@group-523986131536->omNode-1: nextIndex: updateUnconditionally 96 -> 45
2021-01-11 13:55:52,451 [grpc-default-executor-4] WARN  server.GrpcLogAppender (LogUtils.java:warn(122)) - omNode-2@group-523986131536->omNode-1-AppendLogResponseHandler: Failed appendEntries: org.apache.ratis.thirdparty.io.grpc.StatusRuntimeException: UNAVAILABLE: io exception
2021-01-11 13:55:52,451 [grpc-default-executor-4] INFO  leader.FollowerInfo (FollowerInfoImpl.java:lambda$new$0(46)) - omNode-2@group-523986131536->omNode-1: nextIndex: updateUnconditionally 96 -> 45
2021-01-11 13:55:52,452 [grpc-default-executor-8] WARN  server.GrpcLogAppender (LogUtils.java:warn(122)) - omNode-2@group-523986131536->omNode-1-AppendLogResponseHandler: Failed appendEntries: org.apache.ratis.thirdparty.io.grpc.StatusRuntimeException: UNAVAILABLE: io exception
2021-01-11 13:55:52,452 [grpc-default-executor-8] INFO  leader.FollowerInfo (FollowerInfoImpl.java:lambda$new$0(46)) - omNode-2@group-523986131536->omNode-1: nextIndex: updateUnconditionally 97 -> 45
2021-01-11 13:55:52,455 [grpc-default-executor-8] WARN  server.GrpcLogAppender (LogUtils.java:warn(122)) - omNode-2@group-523986131536->omNode-1-AppendLogResponseHandler: Failed appendEntries: org.apache.ratis.thirdparty.io.grpc.StatusRuntimeException: UNAVAILABLE: io exception
2021-01-11 13:55:52,455 [grpc-default-executor-8] INFO  leader.FollowerInfo (FollowerInfoImpl.java:lambda$new$0(46)) - omNode-2@group-523986131536->omNode-1: nextIndex: updateUnconditionally 98 -> 45
2021-01-11 13:55:52,460 [grpc-default-executor-8] WARN  server.GrpcLogAppender (LogUtils.java:warn(122)) - omNode-2@group-523986131536->omNode-1-AppendLogResponseHandler: Failed appendEntries: org.apache.ratis.thirdparty.io.grpc.StatusRuntimeException: UNAVAILABLE: io exception
2021-01-11 13:55:52,461 [grpc-default-executor-8] INFO  leader.FollowerInfo (FollowerInfoImpl.java:lambda$new$0(46)) - omNode-2@group-523986131536->omNode-1: nextIndex: updateUnconditionally 98 -> 45
2021-01-11 13:55:52,464 [grpc-default-executor-4] WARN  server.GrpcLogAppender (LogUtils.java:warn(122)) - omNode-2@group-523986131536->omNode-1-AppendLogResponseHandler: Failed appendEntries: org.apache.ratis.thirdparty.io.grpc.StatusRuntimeException: UNAVAILABLE: io exception
2021-01-11 13:55:52,464 [grpc-default-executor-4] INFO  leader.FollowerInfo (FollowerInfoImpl.java:lambda$new$0(46)) - omNode-2@group-523986131536->omNode-1: nextIndex: updateUnconditionally 99 -> 45
2021-01-11 13:55:52,467 [grpc-default-executor-8] WARN  server.GrpcLogAppender (LogUtils.java:warn(122)) - omNode-2@group-523986131536->omNode-1-AppendLogResponseHandler: Failed appendEntries: org.apache.ratis.thirdparty.io.grpc.StatusRuntimeException: UNAVAILABLE: io exception
2021-01-11 13:55:52,468 [grpc-default-executor-8] INFO  leader.FollowerInfo (FollowerInfoImpl.java:lambda$new$0(46)) - omNode-2@group-523986131536->omNode-1: nextIndex: updateUnconditionally 100 -> 45
2021-01-11 13:55:52,470 [grpc-default-executor-8] WARN  server.GrpcLogAppender (LogUtils.java:warn(122)) - omNode-2@group-523986131536->omNode-1-AppendLogResponseHandler: Failed appendEntries: org.apache.ratis.thirdparty.io.grpc.StatusRuntimeException: UNAVAILABLE: io exception
2021-01-11 13:55:52,470 [grpc-default-executor-8] INFO  leader.FollowerInfo (FollowerInfoImpl.java:lambda$new$0(46)) - omNode-2@group-523986131536->omNode-1: nextIndex: updateUnconditionally 100 -> 45
2021-01-11 13:55:52,471 [omNode-2@group-523986131536-StateMachineUpdater] INFO  ratis.OzoneManagerStateMachine (OzoneManagerStateMachine.java:takeSnapshot(345)) - Current Snapshot Index (t:1, i:99)
2021-01-11 13:55:52,471 [omNode-2@group-523986131536-StateMachineUpdater] INFO  impl.StateMachineUpdater (StateMachineUpdater.java:takeSnapshot(279)) - omNode-2@group-523986131536-StateMachineUpdater: Took a snapshot at index 99
2021-01-11 13:55:52,471 [omNode-2@group-523986131536-StateMachineUpdater] INFO  impl.StateMachineUpdater (StateMachineUpdater.java:lambda$new$0(88)) - omNode-2@group-523986131536-StateMachineUpdater: snapshotIndex: updateIncreasingly 49 -> 99
2021-01-11 13:55:52,471 [omNode-2@group-523986131536-StateMachineUpdater] INFO  raftlog.RaftLog (RaftLogBase.java:purge(306)) - omNode-2@group-523986131536-SegmentedRaftLog: purge 99
2021-01-11 13:55:52,471 [omNode-2@group-523986131536-StateMachineUpdater] INFO  raftlog.RaftLog (RaftLogBase.java:lambda$new$0(53)) - omNode-2@group-523986131536-SegmentedRaftLog: snapshotIndex: updateIncreasingly 49 -> 99
2021-01-11 13:55:52,471 [omNode-2@group-523986131536-StateMachineUpdater] INFO  raftlog.RaftLog (RaftLogBase.java:lambda$new$0(53)) - omNode-2@group-523986131536-SegmentedRaftLog: purgeIndex: updateToMax old=49, new=99, updated? true
2021-01-11 13:55:52,472 [grpc-default-executor-11] WARN  server.GrpcLogAppender (LogUtils.java:warn(122)) - omNode-2@group-523986131536->omNode-1-AppendLogResponseHandler: Failed appendEntries: org.apache.ratis.thirdparty.io.grpc.StatusRuntimeException: UNAVAILABLE: io exception
2021-01-11 13:55:52,472 [grpc-default-executor-11] INFO  leader.FollowerInfo (FollowerInfoImpl.java:lambda$new$0(46)) - omNode-2@group-523986131536->omNode-1: nextIndex: updateUnconditionally 101 -> 45
2021-01-11 13:55:52,474 [grpc-default-executor-11] WARN  server.GrpcLogAppender (LogUtils.java:warn(122)) - omNode-2@group-523986131536->omNode-1-AppendLogResponseHandler: Failed appendEntries: org.apache.ratis.thirdparty.io.grpc.StatusRuntimeException: UNAVAILABLE: io exception
2021-01-11 13:55:52,474 [grpc-default-executor-11] INFO  leader.FollowerInfo (FollowerInfoImpl.java:lambda$new$0(46)) - omNode-2@group-523986131536->omNode-1: nextIndex: updateUnconditionally 102 -> 45
2021-01-11 13:55:52,475 [omNode-3@group-523986131536-StateMachineUpdater] INFO  ratis.OzoneManagerStateMachine (OzoneManagerStateMachine.java:takeSnapshot(345)) - Current Snapshot Index (t:1, i:99)
2021-01-11 13:55:52,475 [omNode-3@group-523986131536-StateMachineUpdater] INFO  impl.StateMachineUpdater (StateMachineUpdater.java:takeSnapshot(279)) - omNode-3@group-523986131536-StateMachineUpdater: Took a snapshot at index 99
2021-01-11 13:55:52,475 [omNode-3@group-523986131536-StateMachineUpdater] INFO  impl.StateMachineUpdater (StateMachineUpdater.java:lambda$new$0(88)) - omNode-3@group-523986131536-StateMachineUpdater: snapshotIndex: updateIncreasingly 49 -> 99
2021-01-11 13:55:52,475 [omNode-3@group-523986131536-StateMachineUpdater] INFO  raftlog.RaftLog (RaftLogBase.java:purge(306)) - omNode-3@group-523986131536-SegmentedRaftLog: purge 99
2021-01-11 13:55:52,476 [omNode-3@group-523986131536-StateMachineUpdater] INFO  raftlog.RaftLog (RaftLogBase.java:lambda$new$0(53)) - omNode-3@group-523986131536-SegmentedRaftLog: snapshotIndex: updateIncreasingly 49 -> 99
2021-01-11 13:55:52,476 [omNode-3@group-523986131536-StateMachineUpdater] INFO  raftlog.RaftLog (RaftLogBase.java:lambda$new$0(53)) - omNode-3@group-523986131536-SegmentedRaftLog: purgeIndex: updateToMax old=49, new=99, updated? true
2021-01-11 13:55:52,476 [grpc-default-executor-11] WARN  server.GrpcLogAppender (LogUtils.java:warn(122)) - omNode-2@group-523986131536->omNode-1-AppendLogResponseHandler: Failed appendEntries: org.apache.ratis.thirdparty.io.grpc.StatusRuntimeException: UNAVAILABLE: io exception
2021-01-11 13:55:52,476 [grpc-default-executor-11] INFO  leader.FollowerInfo (FollowerInfoImpl.java:lambda$new$0(46)) - omNode-2@group-523986131536->omNode-1: nextIndex: updateUnconditionally 102 -> 45
2021-01-11 13:55:52,478 [grpc-default-executor-11] WARN  server.GrpcLogAppender (LogUtils.java:warn(122)) - omNode-2@group-523986131536->omNode-1-AppendLogResponseHandler: Failed appendEntries: org.apache.ratis.thirdparty.io.grpc.StatusRuntimeException: UNAVAILABLE: io exception
2021-01-11 13:55:52,478 [grpc-default-executor-11] INFO  leader.FollowerInfo (FollowerInfoImpl.java:lambda$new$0(46)) - omNode-2@group-523986131536->omNode-1: nextIndex: updateUnconditionally 103 -> 45
2021-01-11 13:55:52,484 [grpc-default-executor-8] WARN  server.GrpcLogAppender (LogUtils.java:warn(122)) - omNode-2@group-523986131536->omNode-1-AppendLogResponseHandler: Failed appendEntries: org.apache.ratis.thirdparty.io.grpc.StatusRuntimeException: UNAVAILABLE: io exception
2021-01-11 13:55:52,485 [grpc-default-executor-8] INFO  leader.FollowerInfo (FollowerInfoImpl.java:lambda$new$0(46)) - omNode-2@group-523986131536->omNode-1: nextIndex: updateUnconditionally 104 -> 45
2021-01-11 13:55:52,487 [grpc-default-executor-11] WARN  server.GrpcLogAppender (LogUtils.java:warn(122)) - omNode-2@group-523986131536->omNode-1-AppendLogResponseHandler: Failed appendEntries: org.apache.ratis.thirdparty.io.grpc.StatusRuntimeException: UNAVAILABLE: io exception
2021-01-11 13:55:52,487 [grpc-default-executor-11] INFO  leader.FollowerInfo (FollowerInfoImpl.java:lambda$new$0(46)) - omNode-2@group-523986131536->omNode-1: nextIndex: updateUnconditionally 104 -> 45
2021-01-11 13:55:52,488 [grpc-default-executor-8] WARN  server.GrpcLogAppender (LogUtils.java:warn(122)) - omNode-2@group-523986131536->omNode-1-AppendLogResponseHandler: Failed appendEntries: org.apache.ratis.thirdparty.io.grpc.StatusRuntimeException: UNAVAILABLE: io exception
2021-01-11 13:55:52,488 [grpc-default-executor-8] INFO  leader.FollowerInfo (FollowerInfoImpl.java:lambda$new$0(46)) - omNode-2@group-523986131536->omNode-1: nextIndex: updateUnconditionally 104 -> 45
2021-01-11 13:55:52,490 [grpc-default-executor-8] WARN  server.GrpcLogAppender (LogUtils.java:warn(122)) - omNode-2@group-523986131536->omNode-1-AppendLogResponseHandler: Failed appendEntries: org.apache.ratis.thirdparty.io.grpc.StatusRuntimeException: UNAVAILABLE: io exception
2021-01-11 13:55:52,490 [grpc-default-executor-8] INFO  leader.FollowerInfo (FollowerInfoImpl.java:lambda$new$0(46)) - omNode-2@group-523986131536->omNode-1: nextIndex: updateUnconditionally 105 -> 45
2021-01-11 13:55:52,493 [grpc-default-executor-8] WARN  server.GrpcLogAppender (LogUtils.java:warn(122)) - omNode-2@group-523986131536->omNode-1-AppendLogResponseHandler: Failed appendEntries: org.apache.ratis.thirdparty.io.grpc.StatusRuntimeException: UNAVAILABLE: io exception
2021-01-11 13:55:52,493 [grpc-default-executor-8] INFO  leader.FollowerInfo (FollowerInfoImpl.java:lambda$new$0(46)) - omNode-2@group-523986131536->omNode-1: nextIndex: updateUnconditionally 105 -> 45
2021-01-11 13:55:52,493 [grpc-default-executor-8] WARN  server.GrpcLogAppender (LogUtils.java:warn(122)) - omNode-2@group-523986131536->omNode-1-AppendLogResponseHandler: Failed appendEntries: org.apache.ratis.thirdparty.io.grpc.StatusRuntimeException: UNAVAILABLE: io exception
2021-01-11 13:55:52,494 [grpc-default-executor-8] INFO  leader.FollowerInfo (FollowerInfoImpl.java:lambda$new$0(46)) - omNode-2@group-523986131536->omNode-1: nextIndex: updateUnconditionally 105 -> 45
2021-01-11 13:55:52,495 [grpc-default-executor-8] WARN  server.GrpcLogAppender (LogUtils.java:warn(122)) - omNode-2@group-523986131536->omNode-1-AppendLogResponseHandler: Failed appendEntries: org.apache.ratis.thirdparty.io.grpc.StatusRuntimeException: UNAVAILABLE: io exception
2021-01-11 13:55:52,495 [grpc-default-executor-8] INFO  leader.FollowerInfo (FollowerInfoImpl.java:lambda$new$0(46)) - omNode-2@group-523986131536->omNode-1: nextIndex: updateUnconditionally 106 -> 45
2021-01-11 13:55:52,500 [grpc-default-executor-11] WARN  server.GrpcLogAppender (LogUtils.java:warn(122)) - omNode-2@group-523986131536->omNode-1-AppendLogResponseHandler: Failed appendEntries: org.apache.ratis.thirdparty.io.grpc.StatusRuntimeException: UNAVAILABLE: io exception
2021-01-11 13:55:52,501 [grpc-default-executor-11] INFO  leader.FollowerInfo (FollowerInfoImpl.java:lambda$new$0(46)) - omNode-2@group-523986131536->omNode-1: nextIndex: updateUnconditionally 106 -> 45
2021-01-11 13:55:52,507 [grpc-default-executor-11] WARN  server.GrpcLogAppender (LogUtils.java:warn(122)) - omNode-2@group-523986131536->omNode-1-AppendLogResponseHandler: Failed appendEntries: org.apache.ratis.thirdparty.io.grpc.StatusRuntimeException: UNAVAILABLE: io exception
2021-01-11 13:55:52,507 [grpc-default-executor-11] INFO  leader.FollowerInfo (FollowerInfoImpl.java:lambda$new$0(46)) - omNode-2@group-523986131536->omNode-1: nextIndex: updateUnconditionally 107 -> 45
2021-01-11 13:55:52,508 [grpc-default-executor-8] WARN  server.GrpcLogAppender (LogUtils.java:warn(122)) - omNode-2@group-523986131536->omNode-1-AppendLogResponseHandler: Failed appendEntries: org.apache.ratis.thirdparty.io.grpc.StatusRuntimeException: UNAVAILABLE: io exception
2021-01-11 13:55:52,508 [grpc-default-executor-8] INFO  leader.FollowerInfo (FollowerInfoImpl.java:lambda$new$0(46)) - omNode-2@group-523986131536->omNode-1: nextIndex: updateUnconditionally 107 -> 45
2021-01-11 13:55:52,512 [grpc-default-executor-8] WARN  server.GrpcLogAppender (LogUtils.java:warn(122)) - omNode-2@group-523986131536->omNode-1-AppendLogResponseHandler: Failed appendEntries: org.apache.ratis.thirdparty.io.grpc.StatusRuntimeException: UNAVAILABLE: io exception
2021-01-11 13:55:52,512 [grpc-default-executor-8] INFO  leader.FollowerInfo (FollowerInfoImpl.java:lambda$new$0(46)) - omNode-2@group-523986131536->omNode-1: nextIndex: updateUnconditionally 108 -> 45
2021-01-11 13:55:52,517 [grpc-default-executor-8] WARN  server.GrpcLogAppender (LogUtils.java:warn(122)) - omNode-2@group-523986131536->omNode-1-AppendLogResponseHandler: Failed appendEntries: org.apache.ratis.thirdparty.io.grpc.StatusRuntimeException: UNAVAILABLE: io exception
2021-01-11 13:55:52,521 [grpc-default-executor-8] INFO  leader.FollowerInfo (FollowerInfoImpl.java:lambda$new$0(46)) - omNode-2@group-523986131536->omNode-1: nextIndex: updateUnconditionally 108 -> 45
2021-01-11 13:55:52,529 [grpc-default-executor-8] WARN  server.GrpcLogAppender (LogUtils.java:warn(122)) - omNode-2@group-523986131536->omNode-1-AppendLogResponseHandler: Failed appendEntries: org.apache.ratis.thirdparty.io.grpc.StatusRuntimeException: UNAVAILABLE: io exception
2021-01-11 13:55:52,529 [grpc-default-executor-8] INFO  leader.FollowerInfo (FollowerInfoImpl.java:lambda$new$0(46)) - omNode-2@group-523986131536->omNode-1: nextIndex: updateUnconditionally 110 -> 45
2021-01-11 13:55:52,532 [grpc-default-executor-11] WARN  server.GrpcLogAppender (LogUtils.java:warn(122)) - omNode-2@group-523986131536->omNode-1-AppendLogResponseHandler: Failed appendEntries: org.apache.ratis.thirdparty.io.grpc.StatusRuntimeException: UNAVAILABLE: io exception
2021-01-11 13:55:52,533 [grpc-default-executor-11] INFO  leader.FollowerInfo (FollowerInfoImpl.java:lambda$new$0(46)) - omNode-2@group-523986131536->omNode-1: nextIndex: updateUnconditionally 110 -> 45
2021-01-11 13:55:52,535 [grpc-default-executor-11] WARN  server.GrpcLogAppender (LogUtils.java:warn(122)) - omNode-2@group-523986131536->omNode-1-AppendLogResponseHandler: Failed appendEntries: org.apache.ratis.thirdparty.io.grpc.StatusRuntimeException: UNAVAILABLE: io exception
2021-01-11 13:55:52,536 [grpc-default-executor-11] INFO  leader.FollowerInfo (FollowerInfoImpl.java:lambda$new$0(46)) - omNode-2@group-523986131536->omNode-1: nextIndex: updateUnconditionally 111 -> 45
2021-01-11 13:55:52,542 [grpc-default-executor-11] WARN  server.GrpcLogAppender (LogUtils.java:warn(122)) - omNode-2@group-523986131536->omNode-1-AppendLogResponseHandler: Failed appendEntries: org.apache.ratis.thirdparty.io.grpc.StatusRuntimeException: UNAVAILABLE: io exception
2021-01-11 13:55:52,544 [grpc-default-executor-11] INFO  leader.FollowerInfo (FollowerInfoImpl.java:lambda$new$0(46)) - omNode-2@group-523986131536->omNode-1: nextIndex: updateUnconditionally 111 -> 45
2021-01-11 13:55:52,547 [grpc-default-executor-11] WARN  server.GrpcLogAppender (LogUtils.java:warn(122)) - omNode-2@group-523986131536->omNode-1-AppendLogResponseHandler: Failed appendEntries: org.apache.ratis.thirdparty.io.grpc.StatusRuntimeException: UNAVAILABLE: io exception
2021-01-11 13:55:52,547 [grpc-default-executor-11] INFO  leader.FollowerInfo (FollowerInfoImpl.java:lambda$new$0(46)) - omNode-2@group-523986131536->omNode-1: nextIndex: updateUnconditionally 112 -> 45
2021-01-11 13:55:52,548 [grpc-default-executor-11] WARN  server.GrpcLogAppender (LogUtils.java:warn(122)) - omNode-2@group-523986131536->omNode-1-AppendLogResponseHandler: Failed appendEntries: org.apache.ratis.thirdparty.io.grpc.StatusRuntimeException: UNAVAILABLE: io exception
2021-01-11 13:55:52,548 [grpc-default-executor-11] INFO  leader.FollowerInfo (FollowerInfoImpl.java:lambda$new$0(46)) - omNode-2@group-523986131536->omNode-1: nextIndex: updateUnconditionally 112 -> 45
2021-01-11 13:55:52,553 [grpc-default-executor-4] WARN  server.GrpcLogAppender (LogUtils.java:warn(122)) - omNode-2@group-523986131536->omNode-1-AppendLogResponseHandler: Failed appendEntries: org.apache.ratis.thirdparty.io.grpc.StatusRuntimeException: UNAVAILABLE: io exception
2021-01-11 13:55:52,553 [grpc-default-executor-4] INFO  leader.FollowerInfo (FollowerInfoImpl.java:lambda$new$0(46)) - omNode-2@group-523986131536->omNode-1: nextIndex: updateUnconditionally 113 -> 45
2021-01-11 13:55:52,555 [grpc-default-executor-4] WARN  server.GrpcLogAppender (LogUtils.java:warn(122)) - omNode-2@group-523986131536->omNode-1-AppendLogResponseHandler: Failed appendEntries: org.apache.ratis.thirdparty.io.grpc.StatusRuntimeException: UNAVAILABLE: io exception
2021-01-11 13:55:52,555 [grpc-default-executor-4] INFO  leader.FollowerInfo (FollowerInfoImpl.java:lambda$new$0(46)) - omNode-2@group-523986131536->omNode-1: nextIndex: updateUnconditionally 114 -> 45
2021-01-11 13:55:52,558 [grpc-default-executor-4] WARN  server.GrpcLogAppender (LogUtils.java:warn(122)) - omNode-2@group-523986131536->omNode-1-AppendLogResponseHandler: Failed appendEntries: org.apache.ratis.thirdparty.io.grpc.StatusRuntimeException: UNAVAILABLE: io exception
2021-01-11 13:55:52,558 [grpc-default-executor-4] INFO  leader.FollowerInfo (FollowerInfoImpl.java:lambda$new$0(46)) - omNode-2@group-523986131536->omNode-1: nextIndex: updateUnconditionally 115 -> 45
2021-01-11 13:55:52,562 [grpc-default-executor-8] WARN  server.GrpcLogAppender (LogUtils.java:warn(122)) - omNode-2@group-523986131536->omNode-1-AppendLogResponseHandler: Failed appendEntries: org.apache.ratis.thirdparty.io.grpc.StatusRuntimeException: UNAVAILABLE: io exception
2021-01-11 13:55:52,562 [grpc-default-executor-8] INFO  leader.FollowerInfo (FollowerInfoImpl.java:lambda$new$0(46)) - omNode-2@group-523986131536->omNode-1: nextIndex: updateUnconditionally 115 -> 45
2021-01-11 13:55:52,564 [grpc-default-executor-8] WARN  server.GrpcLogAppender (LogUtils.java:warn(122)) - omNode-2@group-523986131536->omNode-1-AppendLogResponseHandler: Failed appendEntries: org.apache.ratis.thirdparty.io.grpc.StatusRuntimeException: UNAVAILABLE: io exception
2021-01-11 13:55:52,565 [grpc-default-executor-8] INFO  leader.FollowerInfo (FollowerInfoImpl.java:lambda$new$0(46)) - omNode-2@group-523986131536->omNode-1: nextIndex: updateUnconditionally 115 -> 45
2021-01-11 13:55:52,565 [grpc-default-executor-4] WARN  server.GrpcLogAppender (LogUtils.java:warn(122)) - omNode-2@group-523986131536->omNode-1-AppendLogResponseHandler: Failed appendEntries: org.apache.ratis.thirdparty.io.grpc.StatusRuntimeException: UNAVAILABLE: io exception
2021-01-11 13:55:52,566 [grpc-default-executor-4] INFO  leader.FollowerInfo (FollowerInfoImpl.java:lambda$new$0(46)) - omNode-2@group-523986131536->omNode-1: nextIndex: updateUnconditionally 116 -> 45
2021-01-11 13:55:52,568 [grpc-default-executor-4] WARN  server.GrpcLogAppender (LogUtils.java:warn(122)) - omNode-2@group-523986131536->omNode-1-AppendLogResponseHandler: Failed appendEntries: org.apache.ratis.thirdparty.io.grpc.StatusRuntimeException: UNAVAILABLE: io exception
2021-01-11 13:55:52,569 [grpc-default-executor-4] INFO  leader.FollowerInfo (FollowerInfoImpl.java:lambda$new$0(46)) - omNode-2@group-523986131536->omNode-1: nextIndex: updateUnconditionally 117 -> 45
2021-01-11 13:55:52,571 [grpc-default-executor-4] WARN  server.GrpcLogAppender (LogUtils.java:warn(122)) - omNode-2@group-523986131536->omNode-1-AppendLogResponseHandler: Failed appendEntries: org.apache.ratis.thirdparty.io.grpc.StatusRuntimeException: UNAVAILABLE: io exception
2021-01-11 13:55:52,571 [grpc-default-executor-4] INFO  leader.FollowerInfo (FollowerInfoImpl.java:lambda$new$0(46)) - omNode-2@group-523986131536->omNode-1: nextIndex: updateUnconditionally 117 -> 45
2021-01-11 13:55:52,572 [grpc-default-executor-4] WARN  server.GrpcLogAppender (LogUtils.java:warn(122)) - omNode-2@group-523986131536->omNode-1-AppendLogResponseHandler: Failed appendEntries: org.apache.ratis.thirdparty.io.grpc.StatusRuntimeException: UNAVAILABLE: io exception
2021-01-11 13:55:52,572 [grpc-default-executor-4] INFO  leader.FollowerInfo (FollowerInfoImpl.java:lambda$new$0(46)) - omNode-2@group-523986131536->omNode-1: nextIndex: updateUnconditionally 118 -> 45
2021-01-11 13:55:52,576 [grpc-default-executor-4] WARN  server.GrpcLogAppender (LogUtils.java:warn(122)) - omNode-2@group-523986131536->omNode-1-AppendLogResponseHandler: Failed appendEntries: org.apache.ratis.thirdparty.io.grpc.StatusRuntimeException: UNAVAILABLE: io exception
2021-01-11 13:55:52,576 [grpc-default-executor-4] INFO  leader.FollowerInfo (FollowerInfoImpl.java:lambda$new$0(46)) - omNode-2@group-523986131536->omNode-1: nextIndex: updateUnconditionally 118 -> 45
2021-01-11 13:55:52,577 [grpc-default-executor-8] WARN  server.GrpcLogAppender (LogUtils.java:warn(122)) - omNode-2@group-523986131536->omNode-1-AppendLogResponseHandler: Failed appendEntries: org.apache.ratis.thirdparty.io.grpc.StatusRuntimeException: UNAVAILABLE: io exception
2021-01-11 13:55:52,577 [grpc-default-executor-8] INFO  leader.FollowerInfo (FollowerInfoImpl.java:lambda$new$0(46)) - omNode-2@group-523986131536->omNode-1: nextIndex: updateUnconditionally 119 -> 45
2021-01-11 13:55:52,579 [grpc-default-executor-4] WARN  server.GrpcLogAppender (LogUtils.java:warn(122)) - omNode-2@group-523986131536->omNode-1-AppendLogResponseHandler: Failed appendEntries: org.apache.ratis.thirdparty.io.grpc.StatusRuntimeException: UNAVAILABLE: io exception
2021-01-11 13:55:52,579 [grpc-default-executor-4] INFO  leader.FollowerInfo (FollowerInfoImpl.java:lambda$new$0(46)) - omNode-2@group-523986131536->omNode-1: nextIndex: updateUnconditionally 119 -> 45
2021-01-11 13:55:52,581 [grpc-default-executor-8] WARN  server.GrpcLogAppender (LogUtils.java:warn(122)) - omNode-2@group-523986131536->omNode-1-AppendLogResponseHandler: Failed appendEntries: org.apache.ratis.thirdparty.io.grpc.StatusRuntimeException: UNAVAILABLE: io exception
2021-01-11 13:55:52,581 [grpc-default-executor-8] INFO  leader.FollowerInfo (FollowerInfoImpl.java:lambda$new$0(46)) - omNode-2@group-523986131536->omNode-1: nextIndex: updateUnconditionally 119 -> 45
2021-01-11 13:55:52,586 [grpc-default-executor-4] WARN  server.GrpcLogAppender (LogUtils.java:warn(122)) - omNode-2@group-523986131536->omNode-1-AppendLogResponseHandler: Failed appendEntries: org.apache.ratis.thirdparty.io.grpc.StatusRuntimeException: UNAVAILABLE: io exception
2021-01-11 13:55:52,586 [grpc-default-executor-4] INFO  leader.FollowerInfo (FollowerInfoImpl.java:lambda$new$0(46)) - omNode-2@group-523986131536->omNode-1: nextIndex: updateUnconditionally 120 -> 45
2021-01-11 13:55:52,592 [grpc-default-executor-4] WARN  server.GrpcLogAppender (LogUtils.java:warn(122)) - omNode-2@group-523986131536->omNode-1-AppendLogResponseHandler: Failed appendEntries: org.apache.ratis.thirdparty.io.grpc.StatusRuntimeException: UNAVAILABLE: io exception
2021-01-11 13:55:52,593 [grpc-default-executor-4] INFO  leader.FollowerInfo (FollowerInfoImpl.java:lambda$new$0(46)) - omNode-2@group-523986131536->omNode-1: nextIndex: updateUnconditionally 120 -> 45
2021-01-11 13:55:52,595 [grpc-default-executor-11] WARN  server.GrpcLogAppender (LogUtils.java:warn(122)) - omNode-2@group-523986131536->omNode-1-AppendLogResponseHandler: Failed appendEntries: org.apache.ratis.thirdparty.io.grpc.StatusRuntimeException: UNAVAILABLE: io exception
2021-01-11 13:55:52,595 [grpc-default-executor-11] INFO  leader.FollowerInfo (FollowerInfoImpl.java:lambda$new$0(46)) - omNode-2@group-523986131536->omNode-1: nextIndex: updateUnconditionally 121 -> 45
2021-01-11 13:55:52,597 [grpc-default-executor-11] WARN  server.GrpcLogAppender (LogUtils.java:warn(122)) - omNode-2@group-523986131536->omNode-1-AppendLogResponseHandler: Failed appendEntries: org.apache.ratis.thirdparty.io.grpc.StatusRuntimeException: UNAVAILABLE: io exception
2021-01-11 13:55:52,597 [grpc-default-executor-11] INFO  leader.FollowerInfo (FollowerInfoImpl.java:lambda$new$0(46)) - omNode-2@group-523986131536->omNode-1: nextIndex: updateUnconditionally 122 -> 45
2021-01-11 13:55:52,600 [grpc-default-executor-11] WARN  server.GrpcLogAppender (LogUtils.java:warn(122)) - omNode-2@group-523986131536->omNode-1-AppendLogResponseHandler: Failed appendEntries: org.apache.ratis.thirdparty.io.grpc.StatusRuntimeException: UNAVAILABLE: io exception
2021-01-11 13:55:52,600 [grpc-default-executor-11] INFO  leader.FollowerInfo (FollowerInfoImpl.java:lambda$new$0(46)) - omNode-2@group-523986131536->omNode-1: nextIndex: updateUnconditionally 122 -> 45
2021-01-11 13:55:52,601 [grpc-default-executor-4] WARN  server.GrpcLogAppender (LogUtils.java:warn(122)) - omNode-2@group-523986131536->omNode-1-AppendLogResponseHandler: Failed appendEntries: org.apache.ratis.thirdparty.io.grpc.StatusRuntimeException: UNAVAILABLE: io exception
2021-01-11 13:55:52,602 [grpc-default-executor-4] INFO  leader.FollowerInfo (FollowerInfoImpl.java:lambda$new$0(46)) - omNode-2@group-523986131536->omNode-1: nextIndex: updateUnconditionally 123 -> 45
2021-01-11 13:55:52,602 [grpc-default-executor-4] WARN  server.GrpcLogAppender (LogUtils.java:warn(122)) - omNode-2@group-523986131536->omNode-1-AppendLogResponseHandler: Failed appendEntries: org.apache.ratis.thirdparty.io.grpc.StatusRuntimeException: UNAVAILABLE: io exception
2021-01-11 13:55:52,602 [grpc-default-executor-4] INFO  leader.FollowerInfo (FollowerInfoImpl.java:lambda$new$0(46)) - omNode-2@group-523986131536->omNode-1: nextIndex: updateUnconditionally 123 -> 45
2021-01-11 13:55:52,605 [grpc-default-executor-11] WARN  server.GrpcLogAppender (LogUtils.java:warn(122)) - omNode-2@group-523986131536->omNode-1-AppendLogResponseHandler: Failed appendEntries: org.apache.ratis.thirdparty.io.grpc.StatusRuntimeException: UNAVAILABLE: io exception
2021-01-11 13:55:52,605 [grpc-default-executor-11] INFO  leader.FollowerInfo (FollowerInfoImpl.java:lambda$new$0(46)) - omNode-2@group-523986131536->omNode-1: nextIndex: updateUnconditionally 123 -> 45
2021-01-11 13:55:52,612 [grpc-default-executor-11] WARN  server.GrpcLogAppender (LogUtils.java:warn(122)) - omNode-2@group-523986131536->omNode-1-AppendLogResponseHandler: Failed appendEntries: org.apache.ratis.thirdparty.io.grpc.StatusRuntimeException: UNAVAILABLE: io exception
2021-01-11 13:55:52,612 [grpc-default-executor-11] INFO  leader.FollowerInfo (FollowerInfoImpl.java:lambda$new$0(46)) - omNode-2@group-523986131536->omNode-1: nextIndex: updateUnconditionally 124 -> 45
2021-01-11 13:55:52,614 [grpc-default-executor-11] WARN  server.GrpcLogAppender (LogUtils.java:warn(122)) - omNode-2@group-523986131536->omNode-1-AppendLogResponseHandler: Failed appendEntries: org.apache.ratis.thirdparty.io.grpc.StatusRuntimeException: UNAVAILABLE: io exception
2021-01-11 13:55:52,614 [grpc-default-executor-11] INFO  leader.FollowerInfo (FollowerInfoImpl.java:lambda$new$0(46)) - omNode-2@group-523986131536->omNode-1: nextIndex: updateUnconditionally 124 -> 45
2021-01-11 13:55:52,615 [grpc-default-executor-11] WARN  server.GrpcLogAppender (LogUtils.java:warn(122)) - omNode-2@group-523986131536->omNode-1-AppendLogResponseHandler: Failed appendEntries: org.apache.ratis.thirdparty.io.grpc.StatusRuntimeException: UNAVAILABLE: io exception
2021-01-11 13:55:52,615 [grpc-default-executor-11] INFO  leader.FollowerInfo (FollowerInfoImpl.java:lambda$new$0(46)) - omNode-2@group-523986131536->omNode-1: nextIndex: updateUnconditionally 125 -> 45
2021-01-11 13:55:52,618 [grpc-default-executor-11] WARN  server.GrpcLogAppender (LogUtils.java:warn(122)) - omNode-2@group-523986131536->omNode-1-AppendLogResponseHandler: Failed appendEntries: org.apache.ratis.thirdparty.io.grpc.StatusRuntimeException: UNAVAILABLE: io exception
2021-01-11 13:55:52,618 [grpc-default-executor-11] INFO  leader.FollowerInfo (FollowerInfoImpl.java:lambda$new$0(46)) - omNode-2@group-523986131536->omNode-1: nextIndex: updateUnconditionally 126 -> 45
2021-01-11 13:55:52,620 [grpc-default-executor-11] WARN  server.GrpcLogAppender (LogUtils.java:warn(122)) - omNode-2@group-523986131536->omNode-1-AppendLogResponseHandler: Failed appendEntries: org.apache.ratis.thirdparty.io.grpc.StatusRuntimeException: UNAVAILABLE: io exception
2021-01-11 13:55:52,620 [grpc-default-executor-11] INFO  leader.FollowerInfo (FollowerInfoImpl.java:lambda$new$0(46)) - omNode-2@group-523986131536->omNode-1: nextIndex: updateUnconditionally 126 -> 45
2021-01-11 13:55:52,623 [grpc-default-executor-11] WARN  server.GrpcLogAppender (LogUtils.java:warn(122)) - omNode-2@group-523986131536->omNode-1-AppendLogResponseHandler: Failed appendEntries: org.apache.ratis.thirdparty.io.grpc.StatusRuntimeException: UNAVAILABLE: io exception
2021-01-11 13:55:52,623 [grpc-default-executor-11] INFO  leader.FollowerInfo (FollowerInfoImpl.java:lambda$new$0(46)) - omNode-2@group-523986131536->omNode-1: nextIndex: updateUnconditionally 127 -> 45
2021-01-11 13:55:52,624 [grpc-default-executor-8] WARN  server.GrpcLogAppender (LogUtils.java:warn(122)) - omNode-2@group-523986131536->omNode-1-AppendLogResponseHandler: Failed appendEntries: org.apache.ratis.thirdparty.io.grpc.StatusRuntimeException: UNAVAILABLE: io exception
2021-01-11 13:55:52,624 [grpc-default-executor-8] INFO  leader.FollowerInfo (FollowerInfoImpl.java:lambda$new$0(46)) - omNode-2@group-523986131536->omNode-1: nextIndex: updateUnconditionally 127 -> 45
2021-01-11 13:55:52,626 [grpc-default-executor-1] WARN  server.GrpcLogAppender (LogUtils.java:warn(122)) - omNode-2@group-523986131536->omNode-1-AppendLogResponseHandler: Failed appendEntries: org.apache.ratis.thirdparty.io.grpc.StatusRuntimeException: UNAVAILABLE: io exception
2021-01-11 13:55:52,626 [grpc-default-executor-1] INFO  leader.FollowerInfo (FollowerInfoImpl.java:lambda$new$0(46)) - omNode-2@group-523986131536->omNode-1: nextIndex: updateUnconditionally 127 -> 45
2021-01-11 13:55:52,630 [grpc-default-executor-1] WARN  server.GrpcLogAppender (LogUtils.java:warn(122)) - omNode-2@group-523986131536->omNode-1-AppendLogResponseHandler: Failed appendEntries: org.apache.ratis.thirdparty.io.grpc.StatusRuntimeException: UNAVAILABLE: io exception
2021-01-11 13:55:52,630 [grpc-default-executor-1] INFO  leader.FollowerInfo (FollowerInfoImpl.java:lambda$new$0(46)) - omNode-2@group-523986131536->omNode-1: nextIndex: updateUnconditionally 128 -> 45
2021-01-11 13:55:52,635 [grpc-default-executor-1] WARN  server.GrpcLogAppender (LogUtils.java:warn(122)) - omNode-2@group-523986131536->omNode-1-AppendLogResponseHandler: Failed appendEntries: org.apache.ratis.thirdparty.io.grpc.StatusRuntimeException: UNAVAILABLE: io exception
2021-01-11 13:55:52,636 [grpc-default-executor-1] INFO  leader.FollowerInfo (FollowerInfoImpl.java:lambda$new$0(46)) - omNode-2@group-523986131536->omNode-1: nextIndex: updateUnconditionally 128 -> 45
2021-01-11 13:55:52,639 [grpc-default-executor-1] WARN  server.GrpcLogAppender (LogUtils.java:warn(122)) - omNode-2@group-523986131536->omNode-1-AppendLogResponseHandler: Failed appendEntries: org.apache.ratis.thirdparty.io.grpc.StatusRuntimeException: UNAVAILABLE: io exception
2021-01-11 13:55:52,639 [grpc-default-executor-1] INFO  leader.FollowerInfo (FollowerInfoImpl.java:lambda$new$0(46)) - omNode-2@group-523986131536->omNode-1: nextIndex: updateUnconditionally 129 -> 45
2021-01-11 13:55:52,643 [grpc-default-executor-8] WARN  server.GrpcLogAppender (LogUtils.java:warn(122)) - omNode-2@group-523986131536->omNode-1-AppendLogResponseHandler: Failed appendEntries: org.apache.ratis.thirdparty.io.grpc.StatusRuntimeException: UNAVAILABLE: io exception
2021-01-11 13:55:52,644 [grpc-default-executor-8] INFO  leader.FollowerInfo (FollowerInfoImpl.java:lambda$new$0(46)) - omNode-2@group-523986131536->omNode-1: nextIndex: updateUnconditionally 130 -> 45
2021-01-11 13:55:52,644 [grpc-default-executor-8] WARN  server.GrpcLogAppender (LogUtils.java:warn(122)) - omNode-2@group-523986131536->omNode-1-AppendLogResponseHandler: Failed appendEntries: org.apache.ratis.thirdparty.io.grpc.StatusRuntimeException: UNAVAILABLE: io exception
2021-01-11 13:55:52,644 [grpc-default-executor-8] INFO  leader.FollowerInfo (FollowerInfoImpl.java:lambda$new$0(46)) - omNode-2@group-523986131536->omNode-1: nextIndex: updateUnconditionally 131 -> 45
2021-01-11 13:55:52,652 [grpc-default-executor-8] WARN  server.GrpcLogAppender (LogUtils.java:warn(122)) - omNode-2@group-523986131536->omNode-1-AppendLogResponseHandler: Failed appendEntries: org.apache.ratis.thirdparty.io.grpc.StatusRuntimeException: UNAVAILABLE: io exception
2021-01-11 13:55:52,652 [grpc-default-executor-8] INFO  leader.FollowerInfo (FollowerInfoImpl.java:lambda$new$0(46)) - omNode-2@group-523986131536->omNode-1: nextIndex: updateUnconditionally 131 -> 45
2021-01-11 13:55:52,653 [grpc-default-executor-8] WARN  server.GrpcLogAppender (LogUtils.java:warn(122)) - omNode-2@group-523986131536->omNode-1-AppendLogResponseHandler: Failed appendEntries: org.apache.ratis.thirdparty.io.grpc.StatusRuntimeException: UNAVAILABLE: io exception
2021-01-11 13:55:52,653 [grpc-default-executor-8] INFO  leader.FollowerInfo (FollowerInfoImpl.java:lambda$new$0(46)) - omNode-2@group-523986131536->omNode-1: nextIndex: updateUnconditionally 131 -> 45
2021-01-11 13:55:52,657 [grpc-default-executor-1] WARN  server.GrpcLogAppender (LogUtils.java:warn(122)) - omNode-2@group-523986131536->omNode-1-AppendLogResponseHandler: Failed appendEntries: org.apache.ratis.thirdparty.io.grpc.StatusRuntimeException: UNAVAILABLE: io exception
2021-01-11 13:55:52,657 [grpc-default-executor-1] INFO  leader.FollowerInfo (FollowerInfoImpl.java:lambda$new$0(46)) - omNode-2@group-523986131536->omNode-1: nextIndex: updateUnconditionally 132 -> 45
2021-01-11 13:55:52,658 [grpc-default-executor-1] WARN  server.GrpcLogAppender (LogUtils.java:warn(122)) - omNode-2@group-523986131536->omNode-1-AppendLogResponseHandler: Failed appendEntries: org.apache.ratis.thirdparty.io.grpc.StatusRuntimeException: UNAVAILABLE: io exception
2021-01-11 13:55:52,658 [grpc-default-executor-1] INFO  leader.FollowerInfo (FollowerInfoImpl.java:lambda$new$0(46)) - omNode-2@group-523986131536->omNode-1: nextIndex: updateUnconditionally 132 -> 45
2021-01-11 13:55:52,659 [grpc-default-executor-8] WARN  server.GrpcLogAppender (LogUtils.java:warn(122)) - omNode-2@group-523986131536->omNode-1-AppendLogResponseHandler: Failed appendEntries: org.apache.ratis.thirdparty.io.grpc.StatusRuntimeException: UNAVAILABLE: io exception
2021-01-11 13:55:52,660 [grpc-default-executor-8] INFO  leader.FollowerInfo (FollowerInfoImpl.java:lambda$new$0(46)) - omNode-2@group-523986131536->omNode-1: nextIndex: updateUnconditionally 133 -> 45
2021-01-11 13:55:52,663 [grpc-default-executor-8] WARN  server.GrpcLogAppender (LogUtils.java:warn(122)) - omNode-2@group-523986131536->omNode-1-AppendLogResponseHandler: Failed appendEntries: org.apache.ratis.thirdparty.io.grpc.StatusRuntimeException: UNAVAILABLE: io exception
2021-01-11 13:55:52,663 [grpc-default-executor-8] INFO  leader.FollowerInfo (FollowerInfoImpl.java:lambda$new$0(46)) - omNode-2@group-523986131536->omNode-1: nextIndex: updateUnconditionally 133 -> 45
2021-01-11 13:55:52,663 [grpc-default-executor-8] WARN  server.GrpcLogAppender (LogUtils.java:warn(122)) - omNode-2@group-523986131536->omNode-1-AppendLogResponseHandler: Failed appendEntries: org.apache.ratis.thirdparty.io.grpc.StatusRuntimeException: UNAVAILABLE: io exception
2021-01-11 13:55:52,664 [grpc-default-executor-8] INFO  leader.FollowerInfo (FollowerInfoImpl.java:lambda$new$0(46)) - omNode-2@group-523986131536->omNode-1: nextIndex: updateUnconditionally 134 -> 45
2021-01-11 13:55:52,666 [grpc-default-executor-1] WARN  server.GrpcLogAppender (LogUtils.java:warn(122)) - omNode-2@group-523986131536->omNode-1-AppendLogResponseHandler: Failed appendEntries: org.apache.ratis.thirdparty.io.grpc.StatusRuntimeException: UNAVAILABLE: io exception
2021-01-11 13:55:52,666 [grpc-default-executor-1] INFO  leader.FollowerInfo (FollowerInfoImpl.java:lambda$new$0(46)) - omNode-2@group-523986131536->omNode-1: nextIndex: updateUnconditionally 134 -> 45
2021-01-11 13:55:52,667 [grpc-default-executor-8] WARN  server.GrpcLogAppender (LogUtils.java:warn(122)) - omNode-2@group-523986131536->omNode-1-AppendLogResponseHandler: Failed appendEntries: org.apache.ratis.thirdparty.io.grpc.StatusRuntimeException: UNAVAILABLE: io exception
2021-01-11 13:55:52,667 [grpc-default-executor-8] INFO  leader.FollowerInfo (FollowerInfoImpl.java:lambda$new$0(46)) - omNode-2@group-523986131536->omNode-1: nextIndex: updateUnconditionally 135 -> 45
2021-01-11 13:55:52,672 [grpc-default-executor-8] WARN  server.GrpcLogAppender (LogUtils.java:warn(122)) - omNode-2@group-523986131536->omNode-1-AppendLogResponseHandler: Failed appendEntries: org.apache.ratis.thirdparty.io.grpc.StatusRuntimeException: UNAVAILABLE: io exception
2021-01-11 13:55:52,673 [grpc-default-executor-8] INFO  leader.FollowerInfo (FollowerInfoImpl.java:lambda$new$0(46)) - omNode-2@group-523986131536->omNode-1: nextIndex: updateUnconditionally 136 -> 45
2021-01-11 13:55:52,674 [grpc-default-executor-8] WARN  server.GrpcLogAppender (LogUtils.java:warn(122)) - omNode-2@group-523986131536->omNode-1-AppendLogResponseHandler: Failed appendEntries: org.apache.ratis.thirdparty.io.grpc.StatusRuntimeException: UNAVAILABLE: io exception
2021-01-11 13:55:52,674 [grpc-default-executor-8] INFO  leader.FollowerInfo (FollowerInfoImpl.java:lambda$new$0(46)) - omNode-2@group-523986131536->omNode-1: nextIndex: updateUnconditionally 136 -> 45
2021-01-11 13:55:52,675 [grpc-default-executor-8] WARN  server.GrpcLogAppender (LogUtils.java:warn(122)) - omNode-2@group-523986131536->omNode-1-AppendLogResponseHandler: Failed appendEntries: org.apache.ratis.thirdparty.io.grpc.StatusRuntimeException: UNAVAILABLE: io exception
2021-01-11 13:55:52,675 [grpc-default-executor-8] INFO  leader.FollowerInfo (FollowerInfoImpl.java:lambda$new$0(46)) - omNode-2@group-523986131536->omNode-1: nextIndex: updateUnconditionally 137 -> 45
2021-01-11 13:55:52,680 [grpc-default-executor-8] WARN  server.GrpcLogAppender (LogUtils.java:warn(122)) - omNode-2@group-523986131536->omNode-1-AppendLogResponseHandler: Failed appendEntries: org.apache.ratis.thirdparty.io.grpc.StatusRuntimeException: UNAVAILABLE: io exception
2021-01-11 13:55:52,680 [grpc-default-executor-8] INFO  leader.FollowerInfo (FollowerInfoImpl.java:lambda$new$0(46)) - omNode-2@group-523986131536->omNode-1: nextIndex: updateUnconditionally 138 -> 45
2021-01-11 13:55:52,684 [grpc-default-executor-8] WARN  server.GrpcLogAppender (LogUtils.java:warn(122)) - omNode-2@group-523986131536->omNode-1-AppendLogResponseHandler: Failed appendEntries: org.apache.ratis.thirdparty.io.grpc.StatusRuntimeException: UNAVAILABLE: io exception
2021-01-11 13:55:52,684 [grpc-default-executor-8] INFO  leader.FollowerInfo (FollowerInfoImpl.java:lambda$new$0(46)) - omNode-2@group-523986131536->omNode-1: nextIndex: updateUnconditionally 138 -> 45
2021-01-11 13:55:52,686 [grpc-default-executor-11] WARN  server.GrpcLogAppender (LogUtils.java:warn(122)) - omNode-2@group-523986131536->omNode-1-AppendLogResponseHandler: Failed appendEntries: org.apache.ratis.thirdparty.io.grpc.StatusRuntimeException: UNAVAILABLE: io exception
2021-01-11 13:55:52,686 [grpc-default-executor-11] INFO  leader.FollowerInfo (FollowerInfoImpl.java:lambda$new$0(46)) - omNode-2@group-523986131536->omNode-1: nextIndex: updateUnconditionally 139 -> 45
2021-01-11 13:55:52,689 [grpc-default-executor-8] WARN  server.GrpcLogAppender (LogUtils.java:warn(122)) - omNode-2@group-523986131536->omNode-1-AppendLogResponseHandler: Failed appendEntries: org.apache.ratis.thirdparty.io.grpc.StatusRuntimeException: UNAVAILABLE: io exception
2021-01-11 13:55:52,689 [grpc-default-executor-8] INFO  leader.FollowerInfo (FollowerInfoImpl.java:lambda$new$0(46)) - omNode-2@group-523986131536->omNode-1: nextIndex: updateUnconditionally 139 -> 45
2021-01-11 13:55:52,689 [grpc-default-executor-1] WARN  server.GrpcLogAppender (LogUtils.java:warn(122)) - omNode-2@group-523986131536->omNode-1-AppendLogResponseHandler: Failed appendEntries: org.apache.ratis.thirdparty.io.grpc.StatusRuntimeException: UNAVAILABLE: io exception
2021-01-11 13:55:52,690 [grpc-default-executor-1] INFO  leader.FollowerInfo (FollowerInfoImpl.java:lambda$new$0(46)) - omNode-2@group-523986131536->omNode-1: nextIndex: updateUnconditionally 139 -> 45
2021-01-11 13:55:52,693 [grpc-default-executor-1] WARN  server.GrpcLogAppender (LogUtils.java:warn(122)) - omNode-2@group-523986131536->omNode-1-AppendLogResponseHandler: Failed appendEntries: org.apache.ratis.thirdparty.io.grpc.StatusRuntimeException: UNAVAILABLE: io exception
2021-01-11 13:55:52,693 [grpc-default-executor-1] INFO  leader.FollowerInfo (FollowerInfoImpl.java:lambda$new$0(46)) - omNode-2@group-523986131536->omNode-1: nextIndex: updateUnconditionally 140 -> 45
2021-01-11 13:55:52,695 [grpc-default-executor-8] WARN  server.GrpcLogAppender (LogUtils.java:warn(122)) - omNode-2@group-523986131536->omNode-1-AppendLogResponseHandler: Failed appendEntries: org.apache.ratis.thirdparty.io.grpc.StatusRuntimeException: UNAVAILABLE: io exception
2021-01-11 13:55:52,696 [grpc-default-executor-8] INFO  leader.FollowerInfo (FollowerInfoImpl.java:lambda$new$0(46)) - omNode-2@group-523986131536->omNode-1: nextIndex: updateUnconditionally 140 -> 45
2021-01-11 13:55:52,696 [grpc-default-executor-11] WARN  server.GrpcLogAppender (LogUtils.java:warn(122)) - omNode-2@group-523986131536->omNode-1-AppendLogResponseHandler: Failed appendEntries: org.apache.ratis.thirdparty.io.grpc.StatusRuntimeException: UNAVAILABLE: io exception
2021-01-11 13:55:52,697 [grpc-default-executor-11] INFO  leader.FollowerInfo (FollowerInfoImpl.java:lambda$new$0(46)) - omNode-2@group-523986131536->omNode-1: nextIndex: updateUnconditionally 141 -> 45
2021-01-11 13:55:52,700 [grpc-default-executor-8] WARN  server.GrpcLogAppender (LogUtils.java:warn(122)) - omNode-2@group-523986131536->omNode-1-AppendLogResponseHandler: Failed appendEntries: org.apache.ratis.thirdparty.io.grpc.StatusRuntimeException: UNAVAILABLE: io exception
2021-01-11 13:55:52,701 [grpc-default-executor-8] INFO  leader.FollowerInfo (FollowerInfoImpl.java:lambda$new$0(46)) - omNode-2@group-523986131536->omNode-1: nextIndex: updateUnconditionally 141 -> 45
2021-01-11 13:55:52,701 [grpc-default-executor-8] WARN  server.GrpcLogAppender (LogUtils.java:warn(122)) - omNode-2@group-523986131536->omNode-1-AppendLogResponseHandler: Failed appendEntries: org.apache.ratis.thirdparty.io.grpc.StatusRuntimeException: UNAVAILABLE: io exception
2021-01-11 13:55:52,702 [grpc-default-executor-8] INFO  leader.FollowerInfo (FollowerInfoImpl.java:lambda$new$0(46)) - omNode-2@group-523986131536->omNode-1: nextIndex: updateUnconditionally 142 -> 45
2021-01-11 13:55:52,703 [grpc-default-executor-8] WARN  server.GrpcLogAppender (LogUtils.java:warn(122)) - omNode-2@group-523986131536->omNode-1-AppendLogResponseHandler: Failed appendEntries: org.apache.ratis.thirdparty.io.grpc.StatusRuntimeException: UNAVAILABLE: io exception
2021-01-11 13:55:52,704 [grpc-default-executor-8] INFO  leader.FollowerInfo (FollowerInfoImpl.java:lambda$new$0(46)) - omNode-2@group-523986131536->omNode-1: nextIndex: updateUnconditionally 142 -> 45
2021-01-11 13:55:52,715 [grpc-default-executor-8] WARN  server.GrpcLogAppender (LogUtils.java:warn(122)) - omNode-2@group-523986131536->omNode-1-AppendLogResponseHandler: Failed appendEntries: org.apache.ratis.thirdparty.io.grpc.StatusRuntimeException: UNAVAILABLE: io exception
2021-01-11 13:55:52,715 [grpc-default-executor-8] INFO  leader.FollowerInfo (FollowerInfoImpl.java:lambda$new$0(46)) - omNode-2@group-523986131536->omNode-1: nextIndex: updateUnconditionally 143 -> 45
2021-01-11 13:55:52,717 [grpc-default-executor-8] WARN  server.GrpcLogAppender (LogUtils.java:warn(122)) - omNode-2@group-523986131536->omNode-1-AppendLogResponseHandler: Failed appendEntries: org.apache.ratis.thirdparty.io.grpc.StatusRuntimeException: UNAVAILABLE: io exception
2021-01-11 13:55:52,717 [grpc-default-executor-8] INFO  leader.FollowerInfo (FollowerInfoImpl.java:lambda$new$0(46)) - omNode-2@group-523986131536->omNode-1: nextIndex: updateUnconditionally 144 -> 45
2021-01-11 13:55:52,721 [grpc-default-executor-8] WARN  server.GrpcLogAppender (LogUtils.java:warn(122)) - omNode-2@group-523986131536->omNode-1-AppendLogResponseHandler: Failed appendEntries: org.apache.ratis.thirdparty.io.grpc.StatusRuntimeException: UNAVAILABLE: io exception
2021-01-11 13:55:52,721 [grpc-default-executor-8] INFO  leader.FollowerInfo (FollowerInfoImpl.java:lambda$new$0(46)) - omNode-2@group-523986131536->omNode-1: nextIndex: updateUnconditionally 144 -> 45
2021-01-11 13:55:52,722 [grpc-default-executor-11] WARN  server.GrpcLogAppender (LogUtils.java:warn(122)) - omNode-2@group-523986131536->omNode-1-AppendLogResponseHandler: Failed appendEntries: org.apache.ratis.thirdparty.io.grpc.StatusRuntimeException: UNAVAILABLE: io exception
2021-01-11 13:55:52,722 [grpc-default-executor-11] INFO  leader.FollowerInfo (FollowerInfoImpl.java:lambda$new$0(46)) - omNode-2@group-523986131536->omNode-1: nextIndex: updateUnconditionally 145 -> 45
2021-01-11 13:55:52,724 [grpc-default-executor-11] WARN  server.GrpcLogAppender (LogUtils.java:warn(122)) - omNode-2@group-523986131536->omNode-1-AppendLogResponseHandler: Failed appendEntries: org.apache.ratis.thirdparty.io.grpc.StatusRuntimeException: UNAVAILABLE: io exception
2021-01-11 13:55:52,724 [grpc-default-executor-11] INFO  leader.FollowerInfo (FollowerInfoImpl.java:lambda$new$0(46)) - omNode-2@group-523986131536->omNode-1: nextIndex: updateUnconditionally 146 -> 45
2021-01-11 13:55:52,725 [grpc-default-executor-8] WARN  server.GrpcLogAppender (LogUtils.java:warn(122)) - omNode-2@group-523986131536->omNode-1-AppendLogResponseHandler: Failed appendEntries: org.apache.ratis.thirdparty.io.grpc.StatusRuntimeException: UNAVAILABLE: io exception
2021-01-11 13:55:52,726 [grpc-default-executor-8] INFO  leader.FollowerInfo (FollowerInfoImpl.java:lambda$new$0(46)) - omNode-2@group-523986131536->omNode-1: nextIndex: updateUnconditionally 146 -> 45
2021-01-11 13:55:52,726 [grpc-default-executor-11] WARN  server.GrpcLogAppender (LogUtils.java:warn(122)) - omNode-2@group-523986131536->omNode-1-AppendLogResponseHandler: Failed appendEntries: org.apache.ratis.thirdparty.io.grpc.StatusRuntimeException: UNAVAILABLE: io exception
2021-01-11 13:55:52,726 [grpc-default-executor-11] INFO  leader.FollowerInfo (FollowerInfoImpl.java:lambda$new$0(46)) - omNode-2@group-523986131536->omNode-1: nextIndex: updateUnconditionally 146 -> 45
2021-01-11 13:55:52,733 [grpc-default-executor-11] WARN  server.GrpcLogAppender (LogUtils.java:warn(122)) - omNode-2@group-523986131536->omNode-1-AppendLogResponseHandler: Failed appendEntries: org.apache.ratis.thirdparty.io.grpc.StatusRuntimeException: UNAVAILABLE: io exception
2021-01-11 13:55:52,733 [grpc-default-executor-11] INFO  leader.FollowerInfo (FollowerInfoImpl.java:lambda$new$0(46)) - omNode-2@group-523986131536->omNode-1: nextIndex: updateUnconditionally 147 -> 45
2021-01-11 13:55:52,741 [grpc-default-executor-8] WARN  server.GrpcLogAppender (LogUtils.java:warn(122)) - omNode-2@group-523986131536->omNode-1-AppendLogResponseHandler: Failed appendEntries: org.apache.ratis.thirdparty.io.grpc.StatusRuntimeException: UNAVAILABLE: io exception
2021-01-11 13:55:52,741 [grpc-default-executor-8] INFO  leader.FollowerInfo (FollowerInfoImpl.java:lambda$new$0(46)) - omNode-2@group-523986131536->omNode-1: nextIndex: updateUnconditionally 147 -> 45
2021-01-11 13:55:52,742 [grpc-default-executor-8] WARN  server.GrpcLogAppender (LogUtils.java:warn(122)) - omNode-2@group-523986131536->omNode-1-AppendLogResponseHandler: Failed appendEntries: org.apache.ratis.thirdparty.io.grpc.StatusRuntimeException: UNAVAILABLE: io exception
2021-01-11 13:55:52,742 [grpc-default-executor-8] INFO  leader.FollowerInfo (FollowerInfoImpl.java:lambda$new$0(46)) - omNode-2@group-523986131536->omNode-1: nextIndex: updateUnconditionally 147 -> 45
2021-01-11 13:55:52,745 [grpc-default-executor-8] WARN  server.GrpcLogAppender (LogUtils.java:warn(122)) - omNode-2@group-523986131536->omNode-1-AppendLogResponseHandler: Failed appendEntries: org.apache.ratis.thirdparty.io.grpc.StatusRuntimeException: UNAVAILABLE: io exception
2021-01-11 13:55:52,746 [grpc-default-executor-8] INFO  leader.FollowerInfo (FollowerInfoImpl.java:lambda$new$0(46)) - omNode-2@group-523986131536->omNode-1: nextIndex: updateUnconditionally 148 -> 45
2021-01-11 13:55:52,747 [grpc-default-executor-8] WARN  server.GrpcLogAppender (LogUtils.java:warn(122)) - omNode-2@group-523986131536->omNode-1-AppendLogResponseHandler: Failed appendEntries: org.apache.ratis.thirdparty.io.grpc.StatusRuntimeException: UNAVAILABLE: io exception
2021-01-11 13:55:52,748 [grpc-default-executor-8] INFO  leader.FollowerInfo (FollowerInfoImpl.java:lambda$new$0(46)) - omNode-2@group-523986131536->omNode-1: nextIndex: updateUnconditionally 148 -> 45
2021-01-11 13:55:52,750 [grpc-default-executor-11] WARN  server.GrpcLogAppender (LogUtils.java:warn(122)) - omNode-2@group-523986131536->omNode-1-AppendLogResponseHandler: Failed appendEntries: org.apache.ratis.thirdparty.io.grpc.StatusRuntimeException: UNAVAILABLE: io exception
2021-01-11 13:55:52,751 [grpc-default-executor-11] INFO  leader.FollowerInfo (FollowerInfoImpl.java:lambda$new$0(46)) - omNode-2@group-523986131536->omNode-1: nextIndex: updateUnconditionally 150 -> 45
2021-01-11 13:55:52,753 [grpc-default-executor-8] WARN  server.GrpcLogAppender (LogUtils.java:warn(122)) - omNode-2@group-523986131536->omNode-1-AppendLogResponseHandler: Failed appendEntries: org.apache.ratis.thirdparty.io.grpc.StatusRuntimeException: UNAVAILABLE: io exception
2021-01-11 13:55:52,753 [grpc-default-executor-8] INFO  leader.FollowerInfo (FollowerInfoImpl.java:lambda$new$0(46)) - omNode-2@group-523986131536->omNode-1: nextIndex: updateUnconditionally 150 -> 45
2021-01-11 13:55:52,753 [grpc-default-executor-8] WARN  server.GrpcLogAppender (LogUtils.java:warn(122)) - omNode-2@group-523986131536->omNode-1-AppendLogResponseHandler: Failed appendEntries: org.apache.ratis.thirdparty.io.grpc.StatusRuntimeException: UNAVAILABLE: io exception
2021-01-11 13:55:52,753 [grpc-default-executor-8] INFO  leader.FollowerInfo (FollowerInfoImpl.java:lambda$new$0(46)) - omNode-2@group-523986131536->omNode-1: nextIndex: updateUnconditionally 150 -> 45
2021-01-11 13:55:52,756 [omNode-2@group-523986131536-StateMachineUpdater] INFO  ratis.OzoneManagerStateMachine (OzoneManagerStateMachine.java:takeSnapshot(345)) - Current Snapshot Index (t:1, i:149)
2021-01-11 13:55:52,756 [omNode-2@group-523986131536-StateMachineUpdater] INFO  impl.StateMachineUpdater (StateMachineUpdater.java:takeSnapshot(279)) - omNode-2@group-523986131536-StateMachineUpdater: Took a snapshot at index 149
2021-01-11 13:55:52,756 [omNode-2@group-523986131536-StateMachineUpdater] INFO  impl.StateMachineUpdater (StateMachineUpdater.java:lambda$new$0(88)) - omNode-2@group-523986131536-StateMachineUpdater: snapshotIndex: updateIncreasingly 99 -> 149
2021-01-11 13:55:52,756 [omNode-2@group-523986131536-StateMachineUpdater] INFO  raftlog.RaftLog (RaftLogBase.java:purge(306)) - omNode-2@group-523986131536-SegmentedRaftLog: purge 149
2021-01-11 13:55:52,756 [omNode-2@group-523986131536-StateMachineUpdater] INFO  raftlog.RaftLog (RaftLogBase.java:lambda$new$0(53)) - omNode-2@group-523986131536-SegmentedRaftLog: snapshotIndex: updateIncreasingly 99 -> 149
2021-01-11 13:55:52,756 [omNode-2@group-523986131536-StateMachineUpdater] INFO  raftlog.RaftLog (RaftLogBase.java:lambda$new$0(53)) - omNode-2@group-523986131536-SegmentedRaftLog: purgeIndex: updateToMax old=99, new=149, updated? true
2021-01-11 13:55:52,756 [grpc-default-executor-8] WARN  server.GrpcLogAppender (LogUtils.java:warn(122)) - omNode-2@group-523986131536->omNode-1-AppendLogResponseHandler: Failed appendEntries: org.apache.ratis.thirdparty.io.grpc.StatusRuntimeException: UNAVAILABLE: io exception
2021-01-11 13:55:52,757 [grpc-default-executor-8] INFO  leader.FollowerInfo (FollowerInfoImpl.java:lambda$new$0(46)) - omNode-2@group-523986131536->omNode-1: nextIndex: updateUnconditionally 151 -> 45
2021-01-11 13:55:52,763 [omNode-3@group-523986131536-StateMachineUpdater] INFO  ratis.OzoneManagerStateMachine (OzoneManagerStateMachine.java:takeSnapshot(345)) - Current Snapshot Index (t:1, i:149)
2021-01-11 13:55:52,764 [omNode-3@group-523986131536-StateMachineUpdater] INFO  impl.StateMachineUpdater (StateMachineUpdater.java:takeSnapshot(279)) - omNode-3@group-523986131536-StateMachineUpdater: Took a snapshot at index 149
2021-01-11 13:55:52,764 [omNode-3@group-523986131536-StateMachineUpdater] INFO  impl.StateMachineUpdater (StateMachineUpdater.java:lambda$new$0(88)) - omNode-3@group-523986131536-StateMachineUpdater: snapshotIndex: updateIncreasingly 99 -> 149
2021-01-11 13:55:52,764 [omNode-3@group-523986131536-StateMachineUpdater] INFO  raftlog.RaftLog (RaftLogBase.java:purge(306)) - omNode-3@group-523986131536-SegmentedRaftLog: purge 149
2021-01-11 13:55:52,764 [omNode-3@group-523986131536-StateMachineUpdater] INFO  raftlog.RaftLog (RaftLogBase.java:lambda$new$0(53)) - omNode-3@group-523986131536-SegmentedRaftLog: snapshotIndex: updateIncreasingly 99 -> 149
2021-01-11 13:55:52,764 [omNode-3@group-523986131536-StateMachineUpdater] INFO  raftlog.RaftLog (RaftLogBase.java:lambda$new$0(53)) - omNode-3@group-523986131536-SegmentedRaftLog: purgeIndex: updateToMax old=99, new=149, updated? true
2021-01-11 13:55:52,764 [grpc-default-executor-8] WARN  server.GrpcLogAppender (LogUtils.java:warn(122)) - omNode-2@group-523986131536->omNode-1-AppendLogResponseHandler: Failed appendEntries: org.apache.ratis.thirdparty.io.grpc.StatusRuntimeException: UNAVAILABLE: io exception
2021-01-11 13:55:52,765 [grpc-default-executor-8] INFO  leader.FollowerInfo (FollowerInfoImpl.java:lambda$new$0(46)) - omNode-2@group-523986131536->omNode-1: nextIndex: updateUnconditionally 151 -> 45
2021-01-11 13:55:52,765 [grpc-default-executor-8] WARN  server.GrpcLogAppender (LogUtils.java:warn(122)) - omNode-2@group-523986131536->omNode-1-AppendLogResponseHandler: Failed appendEntries: org.apache.ratis.thirdparty.io.grpc.StatusRuntimeException: UNAVAILABLE: io exception
2021-01-11 13:55:52,766 [grpc-default-executor-8] INFO  leader.FollowerInfo (FollowerInfoImpl.java:lambda$new$0(46)) - omNode-2@group-523986131536->omNode-1: nextIndex: updateUnconditionally 151 -> 45
2021-01-11 13:55:52,770 [grpc-default-executor-11] WARN  server.GrpcLogAppender (LogUtils.java:warn(122)) - omNode-2@group-523986131536->omNode-1-AppendLogResponseHandler: Failed appendEntries: org.apache.ratis.thirdparty.io.grpc.StatusRuntimeException: UNAVAILABLE: io exception
2021-01-11 13:55:52,770 [grpc-default-executor-11] INFO  leader.FollowerInfo (FollowerInfoImpl.java:lambda$new$0(46)) - omNode-2@group-523986131536->omNode-1: nextIndex: updateUnconditionally 152 -> 45
2021-01-11 13:55:52,778 [grpc-default-executor-11] WARN  server.GrpcLogAppender (LogUtils.java:warn(122)) - omNode-2@group-523986131536->omNode-1-AppendLogResponseHandler: Failed appendEntries: org.apache.ratis.thirdparty.io.grpc.StatusRuntimeException: UNAVAILABLE: io exception
2021-01-11 13:55:52,778 [grpc-default-executor-11] INFO  leader.FollowerInfo (FollowerInfoImpl.java:lambda$new$0(46)) - omNode-2@group-523986131536->omNode-1: nextIndex: updateUnconditionally 152 -> 45
2021-01-11 13:55:52,779 [grpc-default-executor-11] WARN  server.GrpcLogAppender (LogUtils.java:warn(122)) - omNode-2@group-523986131536->omNode-1-AppendLogResponseHandler: Failed appendEntries: org.apache.ratis.thirdparty.io.grpc.StatusRuntimeException: UNAVAILABLE: io exception
2021-01-11 13:55:52,779 [grpc-default-executor-11] INFO  leader.FollowerInfo (FollowerInfoImpl.java:lambda$new$0(46)) - omNode-2@group-523986131536->omNode-1: nextIndex: updateUnconditionally 153 -> 45
2021-01-11 13:55:52,780 [grpc-default-executor-8] WARN  server.GrpcLogAppender (LogUtils.java:warn(122)) - omNode-2@group-523986131536->omNode-1-AppendLogResponseHandler: Failed appendEntries: org.apache.ratis.thirdparty.io.grpc.StatusRuntimeException: UNAVAILABLE: io exception
2021-01-11 13:55:52,780 [grpc-default-executor-8] INFO  leader.FollowerInfo (FollowerInfoImpl.java:lambda$new$0(46)) - omNode-2@group-523986131536->omNode-1: nextIndex: updateUnconditionally 154 -> 45
2021-01-11 13:55:52,781 [grpc-default-executor-8] WARN  server.GrpcLogAppender (LogUtils.java:warn(122)) - omNode-2@group-523986131536->omNode-1-AppendLogResponseHandler: Failed appendEntries: org.apache.ratis.thirdparty.io.grpc.StatusRuntimeException: UNAVAILABLE: io exception
2021-01-11 13:55:52,782 [grpc-default-executor-8] INFO  leader.FollowerInfo (FollowerInfoImpl.java:lambda$new$0(46)) - omNode-2@group-523986131536->omNode-1: nextIndex: updateUnconditionally 154 -> 45
2021-01-11 13:55:52,783 [grpc-default-executor-8] WARN  server.GrpcLogAppender (LogUtils.java:warn(122)) - omNode-2@group-523986131536->omNode-1-AppendLogResponseHandler: Failed appendEntries: org.apache.ratis.thirdparty.io.grpc.StatusRuntimeException: UNAVAILABLE: io exception
2021-01-11 13:55:52,783 [grpc-default-executor-8] INFO  leader.FollowerInfo (FollowerInfoImpl.java:lambda$new$0(46)) - omNode-2@group-523986131536->omNode-1: nextIndex: updateUnconditionally 155 -> 45
2021-01-11 13:55:52,785 [grpc-default-executor-8] WARN  server.GrpcLogAppender (LogUtils.java:warn(122)) - omNode-2@group-523986131536->omNode-1-AppendLogResponseHandler: Failed appendEntries: org.apache.ratis.thirdparty.io.grpc.StatusRuntimeException: UNAVAILABLE: io exception
2021-01-11 13:55:52,785 [grpc-default-executor-8] INFO  leader.FollowerInfo (FollowerInfoImpl.java:lambda$new$0(46)) - omNode-2@group-523986131536->omNode-1: nextIndex: updateUnconditionally 155 -> 45
2021-01-11 13:55:52,786 [grpc-default-executor-8] WARN  server.GrpcLogAppender (LogUtils.java:warn(122)) - omNode-2@group-523986131536->omNode-1-AppendLogResponseHandler: Failed appendEntries: org.apache.ratis.thirdparty.io.grpc.StatusRuntimeException: UNAVAILABLE: io exception
2021-01-11 13:55:52,786 [grpc-default-executor-8] INFO  leader.FollowerInfo (FollowerInfoImpl.java:lambda$new$0(46)) - omNode-2@group-523986131536->omNode-1: nextIndex: updateUnconditionally 155 -> 45
2021-01-11 13:55:52,789 [grpc-default-executor-11] WARN  server.GrpcLogAppender (LogUtils.java:warn(122)) - omNode-2@group-523986131536->omNode-1-AppendLogResponseHandler: Failed appendEntries: org.apache.ratis.thirdparty.io.grpc.StatusRuntimeException: UNAVAILABLE: io exception
2021-01-11 13:55:52,790 [grpc-default-executor-11] INFO  leader.FollowerInfo (FollowerInfoImpl.java:lambda$new$0(46)) - omNode-2@group-523986131536->omNode-1: nextIndex: updateUnconditionally 156 -> 45
2021-01-11 13:55:52,792 [grpc-default-executor-11] WARN  server.GrpcLogAppender (LogUtils.java:warn(122)) - omNode-2@group-523986131536->omNode-1-AppendLogResponseHandler: Failed appendEntries: org.apache.ratis.thirdparty.io.grpc.StatusRuntimeException: UNAVAILABLE: io exception
2021-01-11 13:55:52,792 [grpc-default-executor-11] INFO  leader.FollowerInfo (FollowerInfoImpl.java:lambda$new$0(46)) - omNode-2@group-523986131536->omNode-1: nextIndex: updateUnconditionally 156 -> 45
2021-01-11 13:55:52,795 [grpc-default-executor-11] WARN  server.GrpcLogAppender (LogUtils.java:warn(122)) - omNode-2@group-523986131536->omNode-1-AppendLogResponseHandler: Failed appendEntries: org.apache.ratis.thirdparty.io.grpc.StatusRuntimeException: UNAVAILABLE: io exception
2021-01-11 13:55:52,795 [grpc-default-executor-11] INFO  leader.FollowerInfo (FollowerInfoImpl.java:lambda$new$0(46)) - omNode-2@group-523986131536->omNode-1: nextIndex: updateUnconditionally 157 -> 45
2021-01-11 13:55:52,798 [grpc-default-executor-8] WARN  server.GrpcLogAppender (LogUtils.java:warn(122)) - omNode-2@group-523986131536->omNode-1-AppendLogResponseHandler: Failed appendEntries: org.apache.ratis.thirdparty.io.grpc.StatusRuntimeException: UNAVAILABLE: io exception
2021-01-11 13:55:52,798 [grpc-default-executor-8] INFO  leader.FollowerInfo (FollowerInfoImpl.java:lambda$new$0(46)) - omNode-2@group-523986131536->omNode-1: nextIndex: updateUnconditionally 158 -> 45
2021-01-11 13:55:52,800 [grpc-default-executor-8] WARN  server.GrpcLogAppender (LogUtils.java:warn(122)) - omNode-2@group-523986131536->omNode-1-AppendLogResponseHandler: Failed appendEntries: org.apache.ratis.thirdparty.io.grpc.StatusRuntimeException: UNAVAILABLE: io exception
2021-01-11 13:55:52,800 [grpc-default-executor-8] INFO  leader.FollowerInfo (FollowerInfoImpl.java:lambda$new$0(46)) - omNode-2@group-523986131536->omNode-1: nextIndex: updateUnconditionally 159 -> 45
2021-01-11 13:55:52,801 [grpc-default-executor-8] WARN  server.GrpcLogAppender (LogUtils.java:warn(122)) - omNode-2@group-523986131536->omNode-1-AppendLogResponseHandler: Failed appendEntries: org.apache.ratis.thirdparty.io.grpc.StatusRuntimeException: UNAVAILABLE: io exception
2021-01-11 13:55:52,801 [grpc-default-executor-8] INFO  leader.FollowerInfo (FollowerInfoImpl.java:lambda$new$0(46)) - omNode-2@group-523986131536->omNode-1: nextIndex: updateUnconditionally 159 -> 45
2021-01-11 13:55:52,805 [grpc-default-executor-8] WARN  server.GrpcLogAppender (LogUtils.java:warn(122)) - omNode-2@group-523986131536->omNode-1-AppendLogResponseHandler: Failed appendEntries: org.apache.ratis.thirdparty.io.grpc.StatusRuntimeException: UNAVAILABLE: io exception
2021-01-11 13:55:52,805 [grpc-default-executor-8] INFO  leader.FollowerInfo (FollowerInfoImpl.java:lambda$new$0(46)) - omNode-2@group-523986131536->omNode-1: nextIndex: updateUnconditionally 159 -> 45
2021-01-11 13:55:52,810 [grpc-default-executor-11] WARN  server.GrpcLogAppender (LogUtils.java:warn(122)) - omNode-2@group-523986131536->omNode-1-AppendLogResponseHandler: Failed appendEntries: org.apache.ratis.thirdparty.io.grpc.StatusRuntimeException: UNAVAILABLE: io exception
2021-01-11 13:55:52,810 [grpc-default-executor-11] INFO  leader.FollowerInfo (FollowerInfoImpl.java:lambda$new$0(46)) - omNode-2@group-523986131536->omNode-1: nextIndex: updateUnconditionally 160 -> 45
2021-01-11 13:55:52,812 [grpc-default-executor-8] WARN  server.GrpcLogAppender (LogUtils.java:warn(122)) - omNode-2@group-523986131536->omNode-1-AppendLogResponseHandler: Failed appendEntries: org.apache.ratis.thirdparty.io.grpc.StatusRuntimeException: UNAVAILABLE: io exception
2021-01-11 13:55:52,812 [grpc-default-executor-8] INFO  leader.FollowerInfo (FollowerInfoImpl.java:lambda$new$0(46)) - omNode-2@group-523986131536->omNode-1: nextIndex: updateUnconditionally 160 -> 45
2021-01-11 13:55:52,813 [grpc-default-executor-8] WARN  server.GrpcLogAppender (LogUtils.java:warn(122)) - omNode-2@group-523986131536->omNode-1-AppendLogResponseHandler: Failed appendEntries: org.apache.ratis.thirdparty.io.grpc.StatusRuntimeException: UNAVAILABLE: io exception
2021-01-11 13:55:52,813 [grpc-default-executor-8] INFO  leader.FollowerInfo (FollowerInfoImpl.java:lambda$new$0(46)) - omNode-2@group-523986131536->omNode-1: nextIndex: updateUnconditionally 161 -> 45
2021-01-11 13:55:52,815 [grpc-default-executor-11] WARN  server.GrpcLogAppender (LogUtils.java:warn(122)) - omNode-2@group-523986131536->omNode-1-AppendLogResponseHandler: Failed appendEntries: org.apache.ratis.thirdparty.io.grpc.StatusRuntimeException: UNAVAILABLE: io exception
2021-01-11 13:55:52,815 [grpc-default-executor-11] INFO  leader.FollowerInfo (FollowerInfoImpl.java:lambda$new$0(46)) - omNode-2@group-523986131536->omNode-1: nextIndex: updateUnconditionally 162 -> 45
2021-01-11 13:55:52,816 [grpc-default-executor-11] WARN  server.GrpcLogAppender (LogUtils.java:warn(122)) - omNode-2@group-523986131536->omNode-1-AppendLogResponseHandler: Failed appendEntries: org.apache.ratis.thirdparty.io.grpc.StatusRuntimeException: UNAVAILABLE: io exception
2021-01-11 13:55:52,816 [grpc-default-executor-11] INFO  leader.FollowerInfo (FollowerInfoImpl.java:lambda$new$0(46)) - omNode-2@group-523986131536->omNode-1: nextIndex: updateUnconditionally 162 -> 45
2021-01-11 13:55:52,817 [grpc-default-executor-11] WARN  server.GrpcLogAppender (LogUtils.java:warn(122)) - omNode-2@group-523986131536->omNode-1-AppendLogResponseHandler: Failed appendEntries: org.apache.ratis.thirdparty.io.grpc.StatusRuntimeException: UNAVAILABLE: io exception
2021-01-11 13:55:52,817 [grpc-default-executor-11] INFO  leader.FollowerInfo (FollowerInfoImpl.java:lambda$new$0(46)) - omNode-2@group-523986131536->omNode-1: nextIndex: updateUnconditionally 163 -> 45
2021-01-11 13:55:52,820 [grpc-default-executor-11] WARN  server.GrpcLogAppender (LogUtils.java:warn(122)) - omNode-2@group-523986131536->omNode-1-AppendLogResponseHandler: Failed appendEntries: org.apache.ratis.thirdparty.io.grpc.StatusRuntimeException: UNAVAILABLE: io exception
2021-01-11 13:55:52,820 [grpc-default-executor-11] INFO  leader.FollowerInfo (FollowerInfoImpl.java:lambda$new$0(46)) - omNode-2@group-523986131536->omNode-1: nextIndex: updateUnconditionally 163 -> 45
2021-01-11 13:55:52,823 [grpc-default-executor-8] WARN  server.GrpcLogAppender (LogUtils.java:warn(122)) - omNode-2@group-523986131536->omNode-1-AppendLogResponseHandler: Failed appendEntries: org.apache.ratis.thirdparty.io.grpc.StatusRuntimeException: UNAVAILABLE: io exception
2021-01-11 13:55:52,823 [grpc-default-executor-8] INFO  leader.FollowerInfo (FollowerInfoImpl.java:lambda$new$0(46)) - omNode-2@group-523986131536->omNode-1: nextIndex: updateUnconditionally 164 -> 45
2021-01-11 13:55:52,824 [grpc-default-executor-8] WARN  server.GrpcLogAppender (LogUtils.java:warn(122)) - omNode-2@group-523986131536->omNode-1-AppendLogResponseHandler: Failed appendEntries: org.apache.ratis.thirdparty.io.grpc.StatusRuntimeException: UNAVAILABLE: io exception
2021-01-11 13:55:52,825 [grpc-default-executor-8] INFO  leader.FollowerInfo (FollowerInfoImpl.java:lambda$new$0(46)) - omNode-2@group-523986131536->omNode-1: nextIndex: updateUnconditionally 164 -> 45
2021-01-11 13:55:52,825 [grpc-default-executor-8] WARN  server.GrpcLogAppender (LogUtils.java:warn(122)) - omNode-2@group-523986131536->omNode-1-AppendLogResponseHandler: Failed appendEntries: org.apache.ratis.thirdparty.io.grpc.StatusRuntimeException: UNAVAILABLE: io exception
2021-01-11 13:55:52,826 [grpc-default-executor-8] INFO  leader.FollowerInfo (FollowerInfoImpl.java:lambda$new$0(46)) - omNode-2@group-523986131536->omNode-1: nextIndex: updateUnconditionally 165 -> 45
2021-01-11 13:55:52,827 [grpc-default-executor-8] WARN  server.GrpcLogAppender (LogUtils.java:warn(122)) - omNode-2@group-523986131536->omNode-1-AppendLogResponseHandler: Failed appendEntries: org.apache.ratis.thirdparty.io.grpc.StatusRuntimeException: UNAVAILABLE: io exception
2021-01-11 13:55:52,827 [grpc-default-executor-8] INFO  leader.FollowerInfo (FollowerInfoImpl.java:lambda$new$0(46)) - omNode-2@group-523986131536->omNode-1: nextIndex: updateUnconditionally 166 -> 45
2021-01-11 13:55:52,829 [grpc-default-executor-8] WARN  server.GrpcLogAppender (LogUtils.java:warn(122)) - omNode-2@group-523986131536->omNode-1-AppendLogResponseHandler: Failed appendEntries: org.apache.ratis.thirdparty.io.grpc.StatusRuntimeException: UNAVAILABLE: io exception
2021-01-11 13:55:52,829 [grpc-default-executor-8] INFO  leader.FollowerInfo (FollowerInfoImpl.java:lambda$new$0(46)) - omNode-2@group-523986131536->omNode-1: nextIndex: updateUnconditionally 166 -> 45
2021-01-11 13:55:52,830 [grpc-default-executor-8] WARN  server.GrpcLogAppender (LogUtils.java:warn(122)) - omNode-2@group-523986131536->omNode-1-AppendLogResponseHandler: Failed appendEntries: org.apache.ratis.thirdparty.io.grpc.StatusRuntimeException: UNAVAILABLE: io exception
2021-01-11 13:55:52,830 [grpc-default-executor-8] INFO  leader.FollowerInfo (FollowerInfoImpl.java:lambda$new$0(46)) - omNode-2@group-523986131536->omNode-1: nextIndex: updateUnconditionally 166 -> 45
2021-01-11 13:55:52,835 [grpc-default-executor-8] WARN  server.GrpcLogAppender (LogUtils.java:warn(122)) - omNode-2@group-523986131536->omNode-1-AppendLogResponseHandler: Failed appendEntries: org.apache.ratis.thirdparty.io.grpc.StatusRuntimeException: UNAVAILABLE: io exception
2021-01-11 13:55:52,836 [grpc-default-executor-8] INFO  leader.FollowerInfo (FollowerInfoImpl.java:lambda$new$0(46)) - omNode-2@group-523986131536->omNode-1: nextIndex: updateUnconditionally 167 -> 45
2021-01-11 13:55:52,838 [grpc-default-executor-8] WARN  server.GrpcLogAppender (LogUtils.java:warn(122)) - omNode-2@group-523986131536->omNode-1-AppendLogResponseHandler: Failed appendEntries: org.apache.ratis.thirdparty.io.grpc.StatusRuntimeException: UNAVAILABLE: io exception
2021-01-11 13:55:52,838 [grpc-default-executor-8] INFO  leader.FollowerInfo (FollowerInfoImpl.java:lambda$new$0(46)) - omNode-2@group-523986131536->omNode-1: nextIndex: updateUnconditionally 167 -> 45
2021-01-11 13:55:52,839 [grpc-default-executor-11] WARN  server.GrpcLogAppender (LogUtils.java:warn(122)) - omNode-2@group-523986131536->omNode-1-AppendLogResponseHandler: Failed appendEntries: org.apache.ratis.thirdparty.io.grpc.StatusRuntimeException: UNAVAILABLE: io exception
2021-01-11 13:55:52,839 [grpc-default-executor-11] INFO  leader.FollowerInfo (FollowerInfoImpl.java:lambda$new$0(46)) - omNode-2@group-523986131536->omNode-1: nextIndex: updateUnconditionally 167 -> 45
2021-01-11 13:55:52,843 [grpc-default-executor-11] WARN  server.GrpcLogAppender (LogUtils.java:warn(122)) - omNode-2@group-523986131536->omNode-1-AppendLogResponseHandler: Failed appendEntries: org.apache.ratis.thirdparty.io.grpc.StatusRuntimeException: UNAVAILABLE: io exception
2021-01-11 13:55:52,843 [grpc-default-executor-11] INFO  leader.FollowerInfo (FollowerInfoImpl.java:lambda$new$0(46)) - omNode-2@group-523986131536->omNode-1: nextIndex: updateUnconditionally 168 -> 45
2021-01-11 13:55:52,848 [grpc-default-executor-11] WARN  server.GrpcLogAppender (LogUtils.java:warn(122)) - omNode-2@group-523986131536->omNode-1-AppendLogResponseHandler: Failed appendEntries: org.apache.ratis.thirdparty.io.grpc.StatusRuntimeException: UNAVAILABLE: io exception
2021-01-11 13:55:52,848 [grpc-default-executor-11] INFO  leader.FollowerInfo (FollowerInfoImpl.java:lambda$new$0(46)) - omNode-2@group-523986131536->omNode-1: nextIndex: updateUnconditionally 168 -> 45
2021-01-11 13:55:52,849 [grpc-default-executor-8] WARN  server.GrpcLogAppender (LogUtils.java:warn(122)) - omNode-2@group-523986131536->omNode-1-AppendLogResponseHandler: Failed appendEntries: org.apache.ratis.thirdparty.io.grpc.StatusRuntimeException: UNAVAILABLE: io exception
2021-01-11 13:55:52,849 [grpc-default-executor-8] INFO  leader.FollowerInfo (FollowerInfoImpl.java:lambda$new$0(46)) - omNode-2@group-523986131536->omNode-1: nextIndex: updateUnconditionally 169 -> 45
2021-01-11 13:55:52,851 [grpc-default-executor-11] WARN  server.GrpcLogAppender (LogUtils.java:warn(122)) - omNode-2@group-523986131536->omNode-1-AppendLogResponseHandler: Failed appendEntries: org.apache.ratis.thirdparty.io.grpc.StatusRuntimeException: UNAVAILABLE: io exception
2021-01-11 13:55:52,851 [grpc-default-executor-11] INFO  leader.FollowerInfo (FollowerInfoImpl.java:lambda$new$0(46)) - omNode-2@group-523986131536->omNode-1: nextIndex: updateUnconditionally 170 -> 45
2021-01-11 13:55:52,852 [grpc-default-executor-11] WARN  server.GrpcLogAppender (LogUtils.java:warn(122)) - omNode-2@group-523986131536->omNode-1-AppendLogResponseHandler: Failed appendEntries: org.apache.ratis.thirdparty.io.grpc.StatusRuntimeException: UNAVAILABLE: io exception
2021-01-11 13:55:52,852 [grpc-default-executor-11] INFO  leader.FollowerInfo (FollowerInfoImpl.java:lambda$new$0(46)) - omNode-2@group-523986131536->omNode-1: nextIndex: updateUnconditionally 170 -> 45
2021-01-11 13:55:52,854 [grpc-default-executor-11] WARN  server.GrpcLogAppender (LogUtils.java:warn(122)) - omNode-2@group-523986131536->omNode-1-AppendLogResponseHandler: Failed appendEntries: org.apache.ratis.thirdparty.io.grpc.StatusRuntimeException: UNAVAILABLE: io exception
2021-01-11 13:55:52,854 [grpc-default-executor-11] INFO  leader.FollowerInfo (FollowerInfoImpl.java:lambda$new$0(46)) - omNode-2@group-523986131536->omNode-1: nextIndex: updateUnconditionally 171 -> 45
2021-01-11 13:55:52,858 [grpc-default-executor-8] WARN  server.GrpcLogAppender (LogUtils.java:warn(122)) - omNode-2@group-523986131536->omNode-1-AppendLogResponseHandler: Failed appendEntries: org.apache.ratis.thirdparty.io.grpc.StatusRuntimeException: UNAVAILABLE: io exception
2021-01-11 13:55:52,858 [grpc-default-executor-8] INFO  leader.FollowerInfo (FollowerInfoImpl.java:lambda$new$0(46)) - omNode-2@group-523986131536->omNode-1: nextIndex: updateUnconditionally 171 -> 45
2021-01-11 13:55:52,859 [grpc-default-executor-8] WARN  server.GrpcLogAppender (LogUtils.java:warn(122)) - omNode-2@group-523986131536->omNode-1-AppendLogResponseHandler: Failed appendEntries: org.apache.ratis.thirdparty.io.grpc.StatusRuntimeException: UNAVAILABLE: io exception
2021-01-11 13:55:52,859 [grpc-default-executor-8] INFO  leader.FollowerInfo (FollowerInfoImpl.java:lambda$new$0(46)) - omNode-2@group-523986131536->omNode-1: nextIndex: updateUnconditionally 171 -> 45
2021-01-11 13:55:52,866 [grpc-default-executor-11] WARN  server.GrpcLogAppender (LogUtils.java:warn(122)) - omNode-2@group-523986131536->omNode-1-AppendLogResponseHandler: Failed appendEntries: org.apache.ratis.thirdparty.io.grpc.StatusRuntimeException: UNAVAILABLE: io exception
2021-01-11 13:55:52,866 [grpc-default-executor-11] INFO  leader.FollowerInfo (FollowerInfoImpl.java:lambda$new$0(46)) - omNode-2@group-523986131536->omNode-1: nextIndex: updateUnconditionally 172 -> 45
2021-01-11 13:55:52,870 [grpc-default-executor-11] WARN  server.GrpcLogAppender (LogUtils.java:warn(122)) - omNode-2@group-523986131536->omNode-1-AppendLogResponseHandler: Failed appendEntries: org.apache.ratis.thirdparty.io.grpc.StatusRuntimeException: UNAVAILABLE: io exception
2021-01-11 13:55:52,870 [grpc-default-executor-11] INFO  leader.FollowerInfo (FollowerInfoImpl.java:lambda$new$0(46)) - omNode-2@group-523986131536->omNode-1: nextIndex: updateUnconditionally 173 -> 45
2021-01-11 13:55:52,876 [grpc-default-executor-11] WARN  server.GrpcLogAppender (LogUtils.java:warn(122)) - omNode-2@group-523986131536->omNode-1-AppendLogResponseHandler: Failed appendEntries: org.apache.ratis.thirdparty.io.grpc.StatusRuntimeException: UNAVAILABLE: io exception
2021-01-11 13:55:52,877 [grpc-default-executor-11] INFO  leader.FollowerInfo (FollowerInfoImpl.java:lambda$new$0(46)) - omNode-2@group-523986131536->omNode-1: nextIndex: updateUnconditionally 174 -> 45
2021-01-11 13:55:52,877 [grpc-default-executor-11] WARN  server.GrpcLogAppender (LogUtils.java:warn(122)) - omNode-2@group-523986131536->omNode-1-AppendLogResponseHandler: Failed appendEntries: org.apache.ratis.thirdparty.io.grpc.StatusRuntimeException: UNAVAILABLE: io exception
2021-01-11 13:55:52,878 [grpc-default-executor-11] INFO  leader.FollowerInfo (FollowerInfoImpl.java:lambda$new$0(46)) - omNode-2@group-523986131536->omNode-1: nextIndex: updateUnconditionally 174 -> 45
2021-01-11 13:55:52,880 [grpc-default-executor-11] WARN  server.GrpcLogAppender (LogUtils.java:warn(122)) - omNode-2@group-523986131536->omNode-1-AppendLogResponseHandler: Failed appendEntries: org.apache.ratis.thirdparty.io.grpc.StatusRuntimeException: UNAVAILABLE: io exception
2021-01-11 13:55:52,880 [grpc-default-executor-11] INFO  leader.FollowerInfo (FollowerInfoImpl.java:lambda$new$0(46)) - omNode-2@group-523986131536->omNode-1: nextIndex: updateUnconditionally 175 -> 45
2021-01-11 13:55:52,887 [grpc-default-executor-11] WARN  server.GrpcLogAppender (LogUtils.java:warn(122)) - omNode-2@group-523986131536->omNode-1-AppendLogResponseHandler: Failed appendEntries: org.apache.ratis.thirdparty.io.grpc.StatusRuntimeException: UNAVAILABLE: io exception
2021-01-11 13:55:52,888 [grpc-default-executor-11] INFO  leader.FollowerInfo (FollowerInfoImpl.java:lambda$new$0(46)) - omNode-2@group-523986131536->omNode-1: nextIndex: updateUnconditionally 175 -> 45
2021-01-11 13:55:52,895 [grpc-default-executor-8] WARN  server.GrpcLogAppender (LogUtils.java:warn(122)) - omNode-2@group-523986131536->omNode-1-AppendLogResponseHandler: Failed appendEntries: org.apache.ratis.thirdparty.io.grpc.StatusRuntimeException: UNAVAILABLE: io exception
2021-01-11 13:55:52,895 [grpc-default-executor-8] INFO  leader.FollowerInfo (FollowerInfoImpl.java:lambda$new$0(46)) - omNode-2@group-523986131536->omNode-1: nextIndex: updateUnconditionally 176 -> 45
2021-01-11 13:55:52,902 [grpc-default-executor-8] WARN  server.GrpcLogAppender (LogUtils.java:warn(122)) - omNode-2@group-523986131536->omNode-1-AppendLogResponseHandler: Failed appendEntries: org.apache.ratis.thirdparty.io.grpc.StatusRuntimeException: UNAVAILABLE: io exception
2021-01-11 13:55:52,902 [grpc-default-executor-8] INFO  leader.FollowerInfo (FollowerInfoImpl.java:lambda$new$0(46)) - omNode-2@group-523986131536->omNode-1: nextIndex: updateUnconditionally 177 -> 45
2021-01-11 13:55:52,902 [grpc-default-executor-11] WARN  server.GrpcLogAppender (LogUtils.java:warn(122)) - omNode-2@group-523986131536->omNode-1-AppendLogResponseHandler: Failed appendEntries: org.apache.ratis.thirdparty.io.grpc.StatusRuntimeException: UNAVAILABLE: io exception
2021-01-11 13:55:52,903 [grpc-default-executor-11] INFO  leader.FollowerInfo (FollowerInfoImpl.java:lambda$new$0(46)) - omNode-2@group-523986131536->omNode-1: nextIndex: updateUnconditionally 178 -> 45
2021-01-11 13:55:52,907 [grpc-default-executor-11] WARN  server.GrpcLogAppender (LogUtils.java:warn(122)) - omNode-2@group-523986131536->omNode-1-AppendLogResponseHandler: Failed appendEntries: org.apache.ratis.thirdparty.io.grpc.StatusRuntimeException: UNAVAILABLE: io exception
2021-01-11 13:55:52,907 [grpc-default-executor-11] INFO  leader.FollowerInfo (FollowerInfoImpl.java:lambda$new$0(46)) - omNode-2@group-523986131536->omNode-1: nextIndex: updateUnconditionally 178 -> 45
2021-01-11 13:55:52,908 [grpc-default-executor-11] WARN  server.GrpcLogAppender (LogUtils.java:warn(122)) - omNode-2@group-523986131536->omNode-1-AppendLogResponseHandler: Failed appendEntries: org.apache.ratis.thirdparty.io.grpc.StatusRuntimeException: UNAVAILABLE: io exception
2021-01-11 13:55:52,908 [grpc-default-executor-11] INFO  leader.FollowerInfo (FollowerInfoImpl.java:lambda$new$0(46)) - omNode-2@group-523986131536->omNode-1: nextIndex: updateUnconditionally 179 -> 45
2021-01-11 13:55:52,911 [grpc-default-executor-11] WARN  server.GrpcLogAppender (LogUtils.java:warn(122)) - omNode-2@group-523986131536->omNode-1-AppendLogResponseHandler: Failed appendEntries: org.apache.ratis.thirdparty.io.grpc.StatusRuntimeException: UNAVAILABLE: io exception
2021-01-11 13:55:52,911 [grpc-default-executor-11] INFO  leader.FollowerInfo (FollowerInfoImpl.java:lambda$new$0(46)) - omNode-2@group-523986131536->omNode-1: nextIndex: updateUnconditionally 179 -> 45
2021-01-11 13:55:52,912 [grpc-default-executor-11] WARN  server.GrpcLogAppender (LogUtils.java:warn(122)) - omNode-2@group-523986131536->omNode-1-AppendLogResponseHandler: Failed appendEntries: org.apache.ratis.thirdparty.io.grpc.StatusRuntimeException: UNAVAILABLE: io exception
2021-01-11 13:55:52,912 [grpc-default-executor-11] INFO  leader.FollowerInfo (FollowerInfoImpl.java:lambda$new$0(46)) - omNode-2@group-523986131536->omNode-1: nextIndex: updateUnconditionally 179 -> 45
2021-01-11 13:55:52,915 [grpc-default-executor-8] WARN  server.GrpcLogAppender (LogUtils.java:warn(122)) - omNode-2@group-523986131536->omNode-1-AppendLogResponseHandler: Failed appendEntries: org.apache.ratis.thirdparty.io.grpc.StatusRuntimeException: UNAVAILABLE: io exception
2021-01-11 13:55:52,915 [grpc-default-executor-8] INFO  leader.FollowerInfo (FollowerInfoImpl.java:lambda$new$0(46)) - omNode-2@group-523986131536->omNode-1: nextIndex: updateUnconditionally 180 -> 45
2021-01-11 13:55:52,919 [grpc-default-executor-8] WARN  server.GrpcLogAppender (LogUtils.java:warn(122)) - omNode-2@group-523986131536->omNode-1-AppendLogResponseHandler: Failed appendEntries: org.apache.ratis.thirdparty.io.grpc.StatusRuntimeException: UNAVAILABLE: io exception
2021-01-11 13:55:52,919 [grpc-default-executor-8] INFO  leader.FollowerInfo (FollowerInfoImpl.java:lambda$new$0(46)) - omNode-2@group-523986131536->omNode-1: nextIndex: updateUnconditionally 180 -> 45
2021-01-11 13:55:52,923 [grpc-default-executor-8] WARN  server.GrpcLogAppender (LogUtils.java:warn(122)) - omNode-2@group-523986131536->omNode-1-AppendLogResponseHandler: Failed appendEntries: org.apache.ratis.thirdparty.io.grpc.StatusRuntimeException: UNAVAILABLE: io exception
2021-01-11 13:55:52,924 [grpc-default-executor-8] INFO  leader.FollowerInfo (FollowerInfoImpl.java:lambda$new$0(46)) - omNode-2@group-523986131536->omNode-1: nextIndex: updateUnconditionally 181 -> 45
2021-01-11 13:55:52,926 [grpc-default-executor-8] WARN  server.GrpcLogAppender (LogUtils.java:warn(122)) - omNode-2@group-523986131536->omNode-1-AppendLogResponseHandler: Failed appendEntries: org.apache.ratis.thirdparty.io.grpc.StatusRuntimeException: UNAVAILABLE: io exception
2021-01-11 13:55:52,926 [grpc-default-executor-8] INFO  leader.FollowerInfo (FollowerInfoImpl.java:lambda$new$0(46)) - omNode-2@group-523986131536->omNode-1: nextIndex: updateUnconditionally 182 -> 45
2021-01-11 13:55:52,932 [grpc-default-executor-8] WARN  server.GrpcLogAppender (LogUtils.java:warn(122)) - omNode-2@group-523986131536->omNode-1-AppendLogResponseHandler: Failed appendEntries: org.apache.ratis.thirdparty.io.grpc.StatusRuntimeException: UNAVAILABLE: io exception
2021-01-11 13:55:52,933 [grpc-default-executor-8] INFO  leader.FollowerInfo (FollowerInfoImpl.java:lambda$new$0(46)) - omNode-2@group-523986131536->omNode-1: nextIndex: updateUnconditionally 182 -> 45
2021-01-11 13:55:52,938 [grpc-default-executor-8] WARN  server.GrpcLogAppender (LogUtils.java:warn(122)) - omNode-2@group-523986131536->omNode-1-AppendLogResponseHandler: Failed appendEntries: org.apache.ratis.thirdparty.io.grpc.StatusRuntimeException: UNAVAILABLE: io exception
2021-01-11 13:55:52,939 [grpc-default-executor-8] INFO  leader.FollowerInfo (FollowerInfoImpl.java:lambda$new$0(46)) - omNode-2@group-523986131536->omNode-1: nextIndex: updateUnconditionally 183 -> 45
2021-01-11 13:55:52,942 [grpc-default-executor-11] WARN  server.GrpcLogAppender (LogUtils.java:warn(122)) - omNode-2@group-523986131536->omNode-1-AppendLogResponseHandler: Failed appendEntries: org.apache.ratis.thirdparty.io.grpc.StatusRuntimeException: UNAVAILABLE: io exception
2021-01-11 13:55:52,942 [grpc-default-executor-11] INFO  leader.FollowerInfo (FollowerInfoImpl.java:lambda$new$0(46)) - omNode-2@group-523986131536->omNode-1: nextIndex: updateUnconditionally 183 -> 45
2021-01-11 13:55:52,945 [grpc-default-executor-11] WARN  server.GrpcLogAppender (LogUtils.java:warn(122)) - omNode-2@group-523986131536->omNode-1-AppendLogResponseHandler: Failed appendEntries: org.apache.ratis.thirdparty.io.grpc.StatusRuntimeException: UNAVAILABLE: io exception
2021-01-11 13:55:52,945 [grpc-default-executor-11] INFO  leader.FollowerInfo (FollowerInfoImpl.java:lambda$new$0(46)) - omNode-2@group-523986131536->omNode-1: nextIndex: updateUnconditionally 184 -> 45
2021-01-11 13:55:52,947 [grpc-default-executor-11] WARN  server.GrpcLogAppender (LogUtils.java:warn(122)) - omNode-2@group-523986131536->omNode-1-AppendLogResponseHandler: Failed appendEntries: org.apache.ratis.thirdparty.io.grpc.StatusRuntimeException: UNAVAILABLE: io exception
2021-01-11 13:55:52,947 [grpc-default-executor-11] INFO  leader.FollowerInfo (FollowerInfoImpl.java:lambda$new$0(46)) - omNode-2@group-523986131536->omNode-1: nextIndex: updateUnconditionally 184 -> 45
2021-01-11 13:55:52,950 [grpc-default-executor-8] WARN  server.GrpcLogAppender (LogUtils.java:warn(122)) - omNode-2@group-523986131536->omNode-1-AppendLogResponseHandler: Failed appendEntries: org.apache.ratis.thirdparty.io.grpc.StatusRuntimeException: UNAVAILABLE: io exception
2021-01-11 13:55:52,950 [grpc-default-executor-8] INFO  leader.FollowerInfo (FollowerInfoImpl.java:lambda$new$0(46)) - omNode-2@group-523986131536->omNode-1: nextIndex: updateUnconditionally 186 -> 45
2021-01-11 13:55:52,951 [grpc-default-executor-11] WARN  server.GrpcLogAppender (LogUtils.java:warn(122)) - omNode-2@group-523986131536->omNode-1-AppendLogResponseHandler: Failed appendEntries: org.apache.ratis.thirdparty.io.grpc.StatusRuntimeException: UNAVAILABLE: io exception
2021-01-11 13:55:52,952 [grpc-default-executor-11] INFO  leader.FollowerInfo (FollowerInfoImpl.java:lambda$new$0(46)) - omNode-2@group-523986131536->omNode-1: nextIndex: updateUnconditionally 186 -> 45
2021-01-11 13:55:52,953 [grpc-default-executor-11] WARN  server.GrpcLogAppender (LogUtils.java:warn(122)) - omNode-2@group-523986131536->omNode-1-AppendLogResponseHandler: Failed appendEntries: org.apache.ratis.thirdparty.io.grpc.StatusRuntimeException: UNAVAILABLE: io exception
2021-01-11 13:55:52,953 [grpc-default-executor-11] INFO  leader.FollowerInfo (FollowerInfoImpl.java:lambda$new$0(46)) - omNode-2@group-523986131536->omNode-1: nextIndex: updateUnconditionally 187 -> 45
2021-01-11 13:55:52,963 [grpc-default-executor-1] WARN  server.GrpcLogAppender (LogUtils.java:warn(122)) - omNode-2@group-523986131536->omNode-1-AppendLogResponseHandler: Failed appendEntries: org.apache.ratis.thirdparty.io.grpc.StatusRuntimeException: UNAVAILABLE: io exception
2021-01-11 13:55:52,963 [grpc-default-executor-1] INFO  leader.FollowerInfo (FollowerInfoImpl.java:lambda$new$0(46)) - omNode-2@group-523986131536->omNode-1: nextIndex: updateUnconditionally 188 -> 45
2021-01-11 13:55:52,965 [grpc-default-executor-11] WARN  server.GrpcLogAppender (LogUtils.java:warn(122)) - omNode-2@group-523986131536->omNode-1-AppendLogResponseHandler: Failed appendEntries: org.apache.ratis.thirdparty.io.grpc.StatusRuntimeException: UNAVAILABLE: io exception
2021-01-11 13:55:52,965 [grpc-default-executor-11] INFO  leader.FollowerInfo (FollowerInfoImpl.java:lambda$new$0(46)) - omNode-2@group-523986131536->omNode-1: nextIndex: updateUnconditionally 188 -> 45
2021-01-11 13:55:52,967 [grpc-default-executor-11] WARN  server.GrpcLogAppender (LogUtils.java:warn(122)) - omNode-2@group-523986131536->omNode-1-AppendLogResponseHandler: Failed appendEntries: org.apache.ratis.thirdparty.io.grpc.StatusRuntimeException: UNAVAILABLE: io exception
2021-01-11 13:55:52,967 [grpc-default-executor-11] INFO  leader.FollowerInfo (FollowerInfoImpl.java:lambda$new$0(46)) - omNode-2@group-523986131536->omNode-1: nextIndex: updateUnconditionally 189 -> 45
2021-01-11 13:55:52,969 [grpc-default-executor-11] WARN  server.GrpcLogAppender (LogUtils.java:warn(122)) - omNode-2@group-523986131536->omNode-1-AppendLogResponseHandler: Failed appendEntries: org.apache.ratis.thirdparty.io.grpc.StatusRuntimeException: UNAVAILABLE: io exception
2021-01-11 13:55:52,969 [grpc-default-executor-11] INFO  leader.FollowerInfo (FollowerInfoImpl.java:lambda$new$0(46)) - omNode-2@group-523986131536->omNode-1: nextIndex: updateUnconditionally 190 -> 45
2021-01-11 13:55:52,971 [grpc-default-executor-11] WARN  server.GrpcLogAppender (LogUtils.java:warn(122)) - omNode-2@group-523986131536->omNode-1-AppendLogResponseHandler: Failed appendEntries: org.apache.ratis.thirdparty.io.grpc.StatusRuntimeException: UNAVAILABLE: io exception
2021-01-11 13:55:52,971 [grpc-default-executor-11] INFO  leader.FollowerInfo (FollowerInfoImpl.java:lambda$new$0(46)) - omNode-2@group-523986131536->omNode-1: nextIndex: updateUnconditionally 190 -> 45
2021-01-11 13:55:52,972 [grpc-default-executor-8] WARN  server.GrpcLogAppender (LogUtils.java:warn(122)) - omNode-2@group-523986131536->omNode-1-AppendLogResponseHandler: Failed appendEntries: org.apache.ratis.thirdparty.io.grpc.StatusRuntimeException: UNAVAILABLE: io exception
2021-01-11 13:55:52,973 [grpc-default-executor-8] INFO  leader.FollowerInfo (FollowerInfoImpl.java:lambda$new$0(46)) - omNode-2@group-523986131536->omNode-1: nextIndex: updateUnconditionally 191 -> 45
2021-01-11 13:55:52,976 [grpc-default-executor-1] WARN  server.GrpcLogAppender (LogUtils.java:warn(122)) - omNode-2@group-523986131536->omNode-1-AppendLogResponseHandler: Failed appendEntries: org.apache.ratis.thirdparty.io.grpc.StatusRuntimeException: UNAVAILABLE: io exception
2021-01-11 13:55:52,976 [grpc-default-executor-1] INFO  leader.FollowerInfo (FollowerInfoImpl.java:lambda$new$0(46)) - omNode-2@group-523986131536->omNode-1: nextIndex: updateUnconditionally 191 -> 45
2021-01-11 13:55:52,981 [grpc-default-executor-1] WARN  server.GrpcLogAppender (LogUtils.java:warn(122)) - omNode-2@group-523986131536->omNode-1-AppendLogResponseHandler: Failed appendEntries: org.apache.ratis.thirdparty.io.grpc.StatusRuntimeException: UNAVAILABLE: io exception
2021-01-11 13:55:52,982 [grpc-default-executor-1] INFO  leader.FollowerInfo (FollowerInfoImpl.java:lambda$new$0(46)) - omNode-2@group-523986131536->omNode-1: nextIndex: updateUnconditionally 192 -> 45
2021-01-11 13:55:52,984 [grpc-default-executor-1] WARN  server.GrpcLogAppender (LogUtils.java:warn(122)) - omNode-2@group-523986131536->omNode-1-AppendLogResponseHandler: Failed appendEntries: org.apache.ratis.thirdparty.io.grpc.StatusRuntimeException: UNAVAILABLE: io exception
2021-01-11 13:55:52,984 [grpc-default-executor-1] INFO  leader.FollowerInfo (FollowerInfoImpl.java:lambda$new$0(46)) - omNode-2@group-523986131536->omNode-1: nextIndex: updateUnconditionally 192 -> 45
2021-01-11 13:55:52,985 [grpc-default-executor-8] WARN  server.GrpcLogAppender (LogUtils.java:warn(122)) - omNode-2@group-523986131536->omNode-1-AppendLogResponseHandler: Failed appendEntries: org.apache.ratis.thirdparty.io.grpc.StatusRuntimeException: UNAVAILABLE: io exception
2021-01-11 13:55:52,985 [grpc-default-executor-8] INFO  leader.FollowerInfo (FollowerInfoImpl.java:lambda$new$0(46)) - omNode-2@group-523986131536->omNode-1: nextIndex: updateUnconditionally 193 -> 45
2021-01-11 13:55:52,988 [grpc-default-executor-8] WARN  server.GrpcLogAppender (LogUtils.java:warn(122)) - omNode-2@group-523986131536->omNode-1-AppendLogResponseHandler: Failed appendEntries: org.apache.ratis.thirdparty.io.grpc.StatusRuntimeException: UNAVAILABLE: io exception
2021-01-11 13:55:52,988 [grpc-default-executor-8] INFO  leader.FollowerInfo (FollowerInfoImpl.java:lambda$new$0(46)) - omNode-2@group-523986131536->omNode-1: nextIndex: updateUnconditionally 194 -> 45
2021-01-11 13:55:52,989 [grpc-default-executor-1] WARN  server.GrpcLogAppender (LogUtils.java:warn(122)) - omNode-2@group-523986131536->omNode-1-AppendLogResponseHandler: Failed appendEntries: org.apache.ratis.thirdparty.io.grpc.StatusRuntimeException: UNAVAILABLE: io exception
2021-01-11 13:55:52,989 [grpc-default-executor-1] INFO  leader.FollowerInfo (FollowerInfoImpl.java:lambda$new$0(46)) - omNode-2@group-523986131536->omNode-1: nextIndex: updateUnconditionally 195 -> 45
2021-01-11 13:55:52,992 [grpc-default-executor-1] WARN  server.GrpcLogAppender (LogUtils.java:warn(122)) - omNode-2@group-523986131536->omNode-1-AppendLogResponseHandler: Failed appendEntries: org.apache.ratis.thirdparty.io.grpc.StatusRuntimeException: UNAVAILABLE: io exception
2021-01-11 13:55:52,993 [grpc-default-executor-1] INFO  leader.FollowerInfo (FollowerInfoImpl.java:lambda$new$0(46)) - omNode-2@group-523986131536->omNode-1: nextIndex: updateUnconditionally 195 -> 45
2021-01-11 13:55:52,995 [grpc-default-executor-11] WARN  server.GrpcLogAppender (LogUtils.java:warn(122)) - omNode-2@group-523986131536->omNode-1-AppendLogResponseHandler: Failed appendEntries: org.apache.ratis.thirdparty.io.grpc.StatusRuntimeException: UNAVAILABLE: io exception
2021-01-11 13:55:52,996 [grpc-default-executor-11] INFO  leader.FollowerInfo (FollowerInfoImpl.java:lambda$new$0(46)) - omNode-2@group-523986131536->omNode-1: nextIndex: updateUnconditionally 196 -> 45
2021-01-11 13:55:52,998 [grpc-default-executor-11] WARN  server.GrpcLogAppender (LogUtils.java:warn(122)) - omNode-2@group-523986131536->omNode-1-AppendLogResponseHandler: Failed appendEntries: org.apache.ratis.thirdparty.io.grpc.StatusRuntimeException: UNAVAILABLE: io exception
2021-01-11 13:55:52,998 [grpc-default-executor-11] INFO  leader.FollowerInfo (FollowerInfoImpl.java:lambda$new$0(46)) - omNode-2@group-523986131536->omNode-1: nextIndex: updateUnconditionally 196 -> 45
2021-01-11 13:55:53,003 [grpc-default-executor-11] WARN  server.GrpcLogAppender (LogUtils.java:warn(122)) - omNode-2@group-523986131536->omNode-1-AppendLogResponseHandler: Failed appendEntries: org.apache.ratis.thirdparty.io.grpc.StatusRuntimeException: UNAVAILABLE: io exception
2021-01-11 13:55:53,003 [grpc-default-executor-11] INFO  leader.FollowerInfo (FollowerInfoImpl.java:lambda$new$0(46)) - omNode-2@group-523986131536->omNode-1: nextIndex: updateUnconditionally 198 -> 45
2021-01-11 13:55:53,011 [grpc-default-executor-11] WARN  server.GrpcLogAppender (LogUtils.java:warn(122)) - omNode-2@group-523986131536->omNode-1-AppendLogResponseHandler: Failed appendEntries: org.apache.ratis.thirdparty.io.grpc.StatusRuntimeException: UNAVAILABLE: io exception
2021-01-11 13:55:53,011 [grpc-default-executor-11] INFO  leader.FollowerInfo (FollowerInfoImpl.java:lambda$new$0(46)) - omNode-2@group-523986131536->omNode-1: nextIndex: updateUnconditionally 198 -> 45
2021-01-11 13:55:53,012 [grpc-default-executor-8] WARN  server.GrpcLogAppender (LogUtils.java:warn(122)) - omNode-2@group-523986131536->omNode-1-AppendLogResponseHandler: Failed appendEntries: org.apache.ratis.thirdparty.io.grpc.StatusRuntimeException: UNAVAILABLE: io exception
2021-01-11 13:55:53,012 [grpc-default-executor-8] INFO  leader.FollowerInfo (FollowerInfoImpl.java:lambda$new$0(46)) - omNode-2@group-523986131536->omNode-1: nextIndex: updateUnconditionally 198 -> 45
2021-01-11 13:55:53,014 [grpc-default-executor-1] WARN  server.GrpcLogAppender (LogUtils.java:warn(122)) - omNode-2@group-523986131536->omNode-1-AppendLogResponseHandler: Failed appendEntries: org.apache.ratis.thirdparty.io.grpc.StatusRuntimeException: UNAVAILABLE: io exception
2021-01-11 13:55:53,015 [grpc-default-executor-1] INFO  leader.FollowerInfo (FollowerInfoImpl.java:lambda$new$0(46)) - omNode-2@group-523986131536->omNode-1: nextIndex: updateUnconditionally 199 -> 45
2021-01-11 13:55:53,020 [grpc-default-executor-11] WARN  server.GrpcLogAppender (LogUtils.java:warn(122)) - omNode-2@group-523986131536->omNode-1-AppendLogResponseHandler: Failed appendEntries: org.apache.ratis.thirdparty.io.grpc.StatusRuntimeException: UNAVAILABLE: io exception
2021-01-11 13:55:53,021 [grpc-default-executor-11] INFO  leader.FollowerInfo (FollowerInfoImpl.java:lambda$new$0(46)) - omNode-2@group-523986131536->omNode-1: nextIndex: updateUnconditionally 199 -> 45
2021-01-11 13:55:53,025 [grpc-default-executor-1] WARN  server.GrpcLogAppender (LogUtils.java:warn(122)) - omNode-2@group-523986131536->omNode-1-AppendLogResponseHandler: Failed appendEntries: org.apache.ratis.thirdparty.io.grpc.StatusRuntimeException: UNAVAILABLE: io exception
2021-01-11 13:55:53,025 [grpc-default-executor-1] INFO  leader.FollowerInfo (FollowerInfoImpl.java:lambda$new$0(46)) - omNode-2@group-523986131536->omNode-1: nextIndex: updateUnconditionally 200 -> 45
2021-01-11 13:55:53,029 [grpc-default-executor-1] WARN  server.GrpcLogAppender (LogUtils.java:warn(122)) - omNode-2@group-523986131536->omNode-1-AppendLogResponseHandler: Failed appendEntries: org.apache.ratis.thirdparty.io.grpc.StatusRuntimeException: UNAVAILABLE: io exception
2021-01-11 13:55:53,029 [grpc-default-executor-1] INFO  leader.FollowerInfo (FollowerInfoImpl.java:lambda$new$0(46)) - omNode-2@group-523986131536->omNode-1: nextIndex: updateUnconditionally 200 -> 45
2021-01-11 13:55:53,030 [grpc-default-executor-11] WARN  server.GrpcLogAppender (LogUtils.java:warn(122)) - omNode-2@group-523986131536->omNode-1-AppendLogResponseHandler: Failed appendEntries: org.apache.ratis.thirdparty.io.grpc.StatusRuntimeException: UNAVAILABLE: io exception
2021-01-11 13:55:53,030 [grpc-default-executor-11] INFO  leader.FollowerInfo (FollowerInfoImpl.java:lambda$new$0(46)) - omNode-2@group-523986131536->omNode-1: nextIndex: updateUnconditionally 201 -> 45
2021-01-11 13:55:53,030 [omNode-2@group-523986131536-StateMachineUpdater] INFO  ratis.OzoneManagerStateMachine (OzoneManagerStateMachine.java:takeSnapshot(345)) - Current Snapshot Index (t:1, i:199)
2021-01-11 13:55:53,030 [omNode-2@group-523986131536-StateMachineUpdater] INFO  impl.StateMachineUpdater (StateMachineUpdater.java:takeSnapshot(279)) - omNode-2@group-523986131536-StateMachineUpdater: Took a snapshot at index 199
2021-01-11 13:55:53,030 [omNode-2@group-523986131536-StateMachineUpdater] INFO  impl.StateMachineUpdater (StateMachineUpdater.java:lambda$new$0(88)) - omNode-2@group-523986131536-StateMachineUpdater: snapshotIndex: updateIncreasingly 149 -> 199
2021-01-11 13:55:53,030 [omNode-2@group-523986131536-StateMachineUpdater] INFO  raftlog.RaftLog (RaftLogBase.java:purge(306)) - omNode-2@group-523986131536-SegmentedRaftLog: purge 199
2021-01-11 13:55:53,030 [omNode-2@group-523986131536-StateMachineUpdater] INFO  raftlog.RaftLog (RaftLogBase.java:lambda$new$0(53)) - omNode-2@group-523986131536-SegmentedRaftLog: snapshotIndex: updateIncreasingly 149 -> 199
2021-01-11 13:55:53,030 [omNode-2@group-523986131536-StateMachineUpdater] INFO  raftlog.RaftLog (RaftLogBase.java:lambda$new$0(53)) - omNode-2@group-523986131536-SegmentedRaftLog: purgeIndex: updateToMax old=149, new=199, updated? true
2021-01-11 13:55:53,031 [omNode-3@group-523986131536-StateMachineUpdater] INFO  ratis.OzoneManagerStateMachine (OzoneManagerStateMachine.java:takeSnapshot(345)) - Current Snapshot Index (t:1, i:199)
2021-01-11 13:55:53,031 [omNode-3@group-523986131536-StateMachineUpdater] INFO  impl.StateMachineUpdater (StateMachineUpdater.java:takeSnapshot(279)) - omNode-3@group-523986131536-StateMachineUpdater: Took a snapshot at index 199
2021-01-11 13:55:53,031 [omNode-3@group-523986131536-StateMachineUpdater] INFO  impl.StateMachineUpdater (StateMachineUpdater.java:lambda$new$0(88)) - omNode-3@group-523986131536-StateMachineUpdater: snapshotIndex: updateIncreasingly 149 -> 199
2021-01-11 13:55:53,031 [omNode-3@group-523986131536-StateMachineUpdater] INFO  raftlog.RaftLog (RaftLogBase.java:purge(306)) - omNode-3@group-523986131536-SegmentedRaftLog: purge 199
2021-01-11 13:55:53,031 [omNode-3@group-523986131536-StateMachineUpdater] INFO  raftlog.RaftLog (RaftLogBase.java:lambda$new$0(53)) - omNode-3@group-523986131536-SegmentedRaftLog: snapshotIndex: updateIncreasingly 149 -> 199
2021-01-11 13:55:53,031 [omNode-3@group-523986131536-StateMachineUpdater] INFO  raftlog.RaftLog (RaftLogBase.java:lambda$new$0(53)) - omNode-3@group-523986131536-SegmentedRaftLog: purgeIndex: updateToMax old=149, new=199, updated? true
2021-01-11 13:55:53,033 [grpc-default-executor-11] WARN  server.GrpcLogAppender (LogUtils.java:warn(122)) - omNode-2@group-523986131536->omNode-1-AppendLogResponseHandler: Failed appendEntries: org.apache.ratis.thirdparty.io.grpc.StatusRuntimeException: UNAVAILABLE: io exception
2021-01-11 13:55:53,033 [grpc-default-executor-11] INFO  leader.FollowerInfo (FollowerInfoImpl.java:lambda$new$0(46)) - omNode-2@group-523986131536->omNode-1: nextIndex: updateUnconditionally 202 -> 45
2021-01-11 13:55:53,035 [grpc-default-executor-11] WARN  server.GrpcLogAppender (LogUtils.java:warn(122)) - omNode-2@group-523986131536->omNode-1-AppendLogResponseHandler: Failed appendEntries: org.apache.ratis.thirdparty.io.grpc.StatusRuntimeException: UNAVAILABLE: io exception
2021-01-11 13:55:53,035 [grpc-default-executor-11] INFO  leader.FollowerInfo (FollowerInfoImpl.java:lambda$new$0(46)) - omNode-2@group-523986131536->omNode-1: nextIndex: updateUnconditionally 203 -> 45
2021-01-11 13:55:53,038 [grpc-default-executor-11] WARN  server.GrpcLogAppender (LogUtils.java:warn(122)) - omNode-2@group-523986131536->omNode-1-AppendLogResponseHandler: Failed appendEntries: org.apache.ratis.thirdparty.io.grpc.StatusRuntimeException: UNAVAILABLE: io exception
2021-01-11 13:55:53,038 [grpc-default-executor-11] INFO  leader.FollowerInfo (FollowerInfoImpl.java:lambda$new$0(46)) - omNode-2@group-523986131536->omNode-1: nextIndex: updateUnconditionally 203 -> 45
2021-01-11 13:55:53,048 [grpc-default-executor-1] WARN  server.GrpcLogAppender (LogUtils.java:warn(122)) - omNode-2@group-523986131536->omNode-1-AppendLogResponseHandler: Failed appendEntries: org.apache.ratis.thirdparty.io.grpc.StatusRuntimeException: UNAVAILABLE: io exception
2021-01-11 13:55:53,048 [grpc-default-executor-1] INFO  leader.FollowerInfo (FollowerInfoImpl.java:lambda$new$0(46)) - omNode-2@group-523986131536->omNode-1: nextIndex: updateUnconditionally 204 -> 45
2021-01-11 13:55:53,049 [grpc-default-executor-1] WARN  server.GrpcLogAppender (LogUtils.java:warn(122)) - omNode-2@group-523986131536->omNode-1-AppendLogResponseHandler: Failed appendEntries: org.apache.ratis.thirdparty.io.grpc.StatusRuntimeException: UNAVAILABLE: io exception
2021-01-11 13:55:53,050 [grpc-default-executor-1] INFO  leader.FollowerInfo (FollowerInfoImpl.java:lambda$new$0(46)) - omNode-2@group-523986131536->omNode-1: nextIndex: updateUnconditionally 204 -> 45
2021-01-11 13:55:53,050 [grpc-default-executor-1] WARN  server.GrpcLogAppender (LogUtils.java:warn(122)) - omNode-2@group-523986131536->omNode-1-AppendLogResponseHandler: Failed appendEntries: org.apache.ratis.thirdparty.io.grpc.StatusRuntimeException: UNAVAILABLE: io exception
2021-01-11 13:55:53,050 [grpc-default-executor-1] INFO  leader.FollowerInfo (FollowerInfoImpl.java:lambda$new$0(46)) - omNode-2@group-523986131536->omNode-1: nextIndex: updateUnconditionally 205 -> 45
2021-01-11 13:55:53,053 [grpc-default-executor-1] WARN  server.GrpcLogAppender (LogUtils.java:warn(122)) - omNode-2@group-523986131536->omNode-1-AppendLogResponseHandler: Failed appendEntries: org.apache.ratis.thirdparty.io.grpc.StatusRuntimeException: UNAVAILABLE: io exception
2021-01-11 13:55:53,053 [grpc-default-executor-1] INFO  leader.FollowerInfo (FollowerInfoImpl.java:lambda$new$0(46)) - omNode-2@group-523986131536->omNode-1: nextIndex: updateUnconditionally 206 -> 45
2021-01-11 13:55:53,054 [grpc-default-executor-11] WARN  server.GrpcLogAppender (LogUtils.java:warn(122)) - omNode-2@group-523986131536->omNode-1-AppendLogResponseHandler: Failed appendEntries: org.apache.ratis.thirdparty.io.grpc.StatusRuntimeException: UNAVAILABLE: io exception
2021-01-11 13:55:53,055 [grpc-default-executor-11] INFO  leader.FollowerInfo (FollowerInfoImpl.java:lambda$new$0(46)) - omNode-2@group-523986131536->omNode-1: nextIndex: updateUnconditionally 206 -> 45
2021-01-11 13:55:53,061 [grpc-default-executor-11] WARN  server.GrpcLogAppender (LogUtils.java:warn(122)) - omNode-2@group-523986131536->omNode-1-AppendLogResponseHandler: Failed appendEntries: org.apache.ratis.thirdparty.io.grpc.StatusRuntimeException: UNAVAILABLE: io exception
2021-01-11 13:55:53,062 [grpc-default-executor-11] INFO  leader.FollowerInfo (FollowerInfoImpl.java:lambda$new$0(46)) - omNode-2@group-523986131536->omNode-1: nextIndex: updateUnconditionally 207 -> 45
2021-01-11 13:55:53,066 [grpc-default-executor-11] WARN  server.GrpcLogAppender (LogUtils.java:warn(122)) - omNode-2@group-523986131536->omNode-1-AppendLogResponseHandler: Failed appendEntries: org.apache.ratis.thirdparty.io.grpc.StatusRuntimeException: UNAVAILABLE: io exception
2021-01-11 13:55:53,066 [grpc-default-executor-11] INFO  leader.FollowerInfo (FollowerInfoImpl.java:lambda$new$0(46)) - omNode-2@group-523986131536->omNode-1: nextIndex: updateUnconditionally 207 -> 45
2021-01-11 13:55:53,067 [grpc-default-executor-8] WARN  server.GrpcLogAppender (LogUtils.java:warn(122)) - omNode-2@group-523986131536->omNode-1-AppendLogResponseHandler: Failed appendEntries: org.apache.ratis.thirdparty.io.grpc.StatusRuntimeException: UNAVAILABLE: io exception
2021-01-11 13:55:53,067 [grpc-default-executor-8] INFO  leader.FollowerInfo (FollowerInfoImpl.java:lambda$new$0(46)) - omNode-2@group-523986131536->omNode-1: nextIndex: updateUnconditionally 207 -> 45
2021-01-11 13:55:53,072 [grpc-default-executor-11] WARN  server.GrpcLogAppender (LogUtils.java:warn(122)) - omNode-2@group-523986131536->omNode-1-AppendLogResponseHandler: Failed appendEntries: org.apache.ratis.thirdparty.io.grpc.StatusRuntimeException: UNAVAILABLE: io exception
2021-01-11 13:55:53,072 [grpc-default-executor-11] INFO  leader.FollowerInfo (FollowerInfoImpl.java:lambda$new$0(46)) - omNode-2@group-523986131536->omNode-1: nextIndex: updateUnconditionally 208 -> 45
2021-01-11 13:55:53,073 [grpc-default-executor-11] WARN  server.GrpcLogAppender (LogUtils.java:warn(122)) - omNode-2@group-523986131536->omNode-1-AppendLogResponseHandler: Failed appendEntries: org.apache.ratis.thirdparty.io.grpc.StatusRuntimeException: UNAVAILABLE: io exception
2021-01-11 13:55:53,074 [grpc-default-executor-11] INFO  leader.FollowerInfo (FollowerInfoImpl.java:lambda$new$0(46)) - omNode-2@group-523986131536->omNode-1: nextIndex: updateUnconditionally 208 -> 45
2021-01-11 13:55:53,075 [grpc-default-executor-1] WARN  server.GrpcLogAppender (LogUtils.java:warn(122)) - omNode-2@group-523986131536->omNode-1-AppendLogResponseHandler: Failed appendEntries: org.apache.ratis.thirdparty.io.grpc.StatusRuntimeException: UNAVAILABLE: io exception
2021-01-11 13:55:53,076 [grpc-default-executor-1] INFO  leader.FollowerInfo (FollowerInfoImpl.java:lambda$new$0(46)) - omNode-2@group-523986131536->omNode-1: nextIndex: updateUnconditionally 209 -> 45
2021-01-11 13:55:53,078 [grpc-default-executor-8] WARN  server.GrpcLogAppender (LogUtils.java:warn(122)) - omNode-2@group-523986131536->omNode-1-AppendLogResponseHandler: Failed appendEntries: org.apache.ratis.thirdparty.io.grpc.StatusRuntimeException: UNAVAILABLE: io exception
2021-01-11 13:55:53,078 [grpc-default-executor-8] INFO  leader.FollowerInfo (FollowerInfoImpl.java:lambda$new$0(46)) - omNode-2@group-523986131536->omNode-1: nextIndex: updateUnconditionally 210 -> 45
2021-01-11 13:55:53,084 [grpc-default-executor-11] WARN  server.GrpcLogAppender (LogUtils.java:warn(122)) - omNode-2@group-523986131536->omNode-1-AppendLogResponseHandler: Failed appendEntries: org.apache.ratis.thirdparty.io.grpc.StatusRuntimeException: UNAVAILABLE: io exception
2021-01-11 13:55:53,084 [grpc-default-executor-11] INFO  leader.FollowerInfo (FollowerInfoImpl.java:lambda$new$0(46)) - omNode-2@group-523986131536->omNode-1: nextIndex: updateUnconditionally 210 -> 45
2021-01-11 13:55:53,086 [grpc-default-executor-8] WARN  server.GrpcLogAppender (LogUtils.java:warn(122)) - omNode-2@group-523986131536->omNode-1-AppendLogResponseHandler: Failed appendEntries: org.apache.ratis.thirdparty.io.grpc.StatusRuntimeException: UNAVAILABLE: io exception
2021-01-11 13:55:53,086 [grpc-default-executor-8] INFO  leader.FollowerInfo (FollowerInfoImpl.java:lambda$new$0(46)) - omNode-2@group-523986131536->omNode-1: nextIndex: updateUnconditionally 211 -> 45
2021-01-11 13:55:53,088 [grpc-default-executor-8] WARN  server.GrpcLogAppender (LogUtils.java:warn(122)) - omNode-2@group-523986131536->omNode-1-AppendLogResponseHandler: Failed appendEntries: org.apache.ratis.thirdparty.io.grpc.StatusRuntimeException: UNAVAILABLE: io exception
2021-01-11 13:55:53,089 [grpc-default-executor-8] INFO  leader.FollowerInfo (FollowerInfoImpl.java:lambda$new$0(46)) - omNode-2@group-523986131536->omNode-1: nextIndex: updateUnconditionally 211 -> 45
2021-01-11 13:55:53,092 [grpc-default-executor-11] WARN  server.GrpcLogAppender (LogUtils.java:warn(122)) - omNode-2@group-523986131536->omNode-1-AppendLogResponseHandler: Failed appendEntries: org.apache.ratis.thirdparty.io.grpc.StatusRuntimeException: UNAVAILABLE: io exception
2021-01-11 13:55:53,093 [grpc-default-executor-11] INFO  leader.FollowerInfo (FollowerInfoImpl.java:lambda$new$0(46)) - omNode-2@group-523986131536->omNode-1: nextIndex: updateUnconditionally 212 -> 45
2021-01-11 13:55:53,097 [grpc-default-executor-11] WARN  server.GrpcLogAppender (LogUtils.java:warn(122)) - omNode-2@group-523986131536->omNode-1-AppendLogResponseHandler: Failed appendEntries: org.apache.ratis.thirdparty.io.grpc.StatusRuntimeException: UNAVAILABLE: io exception
2021-01-11 13:55:53,097 [grpc-default-executor-11] INFO  leader.FollowerInfo (FollowerInfoImpl.java:lambda$new$0(46)) - omNode-2@group-523986131536->omNode-1: nextIndex: updateUnconditionally 212 -> 45
2021-01-11 13:55:53,098 [grpc-default-executor-8] WARN  server.GrpcLogAppender (LogUtils.java:warn(122)) - omNode-2@group-523986131536->omNode-1-AppendLogResponseHandler: Failed appendEntries: org.apache.ratis.thirdparty.io.grpc.StatusRuntimeException: UNAVAILABLE: io exception
2021-01-11 13:55:53,098 [grpc-default-executor-8] INFO  leader.FollowerInfo (FollowerInfoImpl.java:lambda$new$0(46)) - omNode-2@group-523986131536->omNode-1: nextIndex: updateUnconditionally 213 -> 45
2021-01-11 13:55:53,099 [grpc-default-executor-11] WARN  server.GrpcLogAppender (LogUtils.java:warn(122)) - omNode-2@group-523986131536->omNode-1-AppendLogResponseHandler: Failed appendEntries: org.apache.ratis.thirdparty.io.grpc.StatusRuntimeException: UNAVAILABLE: io exception
2021-01-11 13:55:53,099 [grpc-default-executor-11] INFO  leader.FollowerInfo (FollowerInfoImpl.java:lambda$new$0(46)) - omNode-2@group-523986131536->omNode-1: nextIndex: updateUnconditionally 214 -> 45
2021-01-11 13:55:53,101 [grpc-default-executor-11] WARN  server.GrpcLogAppender (LogUtils.java:warn(122)) - omNode-2@group-523986131536->omNode-1-AppendLogResponseHandler: Failed appendEntries: org.apache.ratis.thirdparty.io.grpc.StatusRuntimeException: UNAVAILABLE: io exception
2021-01-11 13:55:53,102 [grpc-default-executor-11] INFO  leader.FollowerInfo (FollowerInfoImpl.java:lambda$new$0(46)) - omNode-2@group-523986131536->omNode-1: nextIndex: updateUnconditionally 214 -> 45
2021-01-11 13:55:53,102 [grpc-default-executor-11] WARN  server.GrpcLogAppender (LogUtils.java:warn(122)) - omNode-2@group-523986131536->omNode-1-AppendLogResponseHandler: Failed appendEntries: org.apache.ratis.thirdparty.io.grpc.StatusRuntimeException: UNAVAILABLE: io exception
2021-01-11 13:55:53,103 [grpc-default-executor-11] INFO  leader.FollowerInfo (FollowerInfoImpl.java:lambda$new$0(46)) - omNode-2@group-523986131536->omNode-1: nextIndex: updateUnconditionally 214 -> 45
2021-01-11 13:55:53,105 [grpc-default-executor-11] WARN  server.GrpcLogAppender (LogUtils.java:warn(122)) - omNode-2@group-523986131536->omNode-1-AppendLogResponseHandler: Failed appendEntries: org.apache.ratis.thirdparty.io.grpc.StatusRuntimeException: UNAVAILABLE: io exception
2021-01-11 13:55:53,105 [grpc-default-executor-11] INFO  leader.FollowerInfo (FollowerInfoImpl.java:lambda$new$0(46)) - omNode-2@group-523986131536->omNode-1: nextIndex: updateUnconditionally 215 -> 45
2021-01-11 13:55:53,109 [grpc-default-executor-8] WARN  server.GrpcLogAppender (LogUtils.java:warn(122)) - omNode-2@group-523986131536->omNode-1-AppendLogResponseHandler: Failed appendEntries: org.apache.ratis.thirdparty.io.grpc.StatusRuntimeException: UNAVAILABLE: io exception
2021-01-11 13:55:53,110 [grpc-default-executor-8] INFO  leader.FollowerInfo (FollowerInfoImpl.java:lambda$new$0(46)) - omNode-2@group-523986131536->omNode-1: nextIndex: updateUnconditionally 215 -> 45
2021-01-11 13:55:53,113 [grpc-default-executor-8] WARN  server.GrpcLogAppender (LogUtils.java:warn(122)) - omNode-2@group-523986131536->omNode-1-AppendLogResponseHandler: Failed appendEntries: org.apache.ratis.thirdparty.io.grpc.StatusRuntimeException: UNAVAILABLE: io exception
2021-01-11 13:55:53,113 [grpc-default-executor-8] INFO  leader.FollowerInfo (FollowerInfoImpl.java:lambda$new$0(46)) - omNode-2@group-523986131536->omNode-1: nextIndex: updateUnconditionally 216 -> 45
2021-01-11 13:55:53,115 [grpc-default-executor-8] WARN  server.GrpcLogAppender (LogUtils.java:warn(122)) - omNode-2@group-523986131536->omNode-1-AppendLogResponseHandler: Failed appendEntries: org.apache.ratis.thirdparty.io.grpc.StatusRuntimeException: UNAVAILABLE: io exception
2021-01-11 13:55:53,116 [grpc-default-executor-8] INFO  leader.FollowerInfo (FollowerInfoImpl.java:lambda$new$0(46)) - omNode-2@group-523986131536->omNode-1: nextIndex: updateUnconditionally 216 -> 45
2021-01-11 13:55:53,116 [grpc-default-executor-1] WARN  server.GrpcLogAppender (LogUtils.java:warn(122)) - omNode-2@group-523986131536->omNode-1-AppendLogResponseHandler: Failed appendEntries: org.apache.ratis.thirdparty.io.grpc.StatusRuntimeException: UNAVAILABLE: io exception
2021-01-11 13:55:53,116 [grpc-default-executor-1] INFO  leader.FollowerInfo (FollowerInfoImpl.java:lambda$new$0(46)) - omNode-2@group-523986131536->omNode-1: nextIndex: updateUnconditionally 217 -> 45
2021-01-11 13:55:53,118 [grpc-default-executor-8] WARN  server.GrpcLogAppender (LogUtils.java:warn(122)) - omNode-2@group-523986131536->omNode-1-AppendLogResponseHandler: Failed appendEntries: org.apache.ratis.thirdparty.io.grpc.StatusRuntimeException: UNAVAILABLE: io exception
2021-01-11 13:55:53,119 [grpc-default-executor-8] INFO  leader.FollowerInfo (FollowerInfoImpl.java:lambda$new$0(46)) - omNode-2@group-523986131536->omNode-1: nextIndex: updateUnconditionally 218 -> 45
2021-01-11 13:55:53,121 [grpc-default-executor-8] WARN  server.GrpcLogAppender (LogUtils.java:warn(122)) - omNode-2@group-523986131536->omNode-1-AppendLogResponseHandler: Failed appendEntries: org.apache.ratis.thirdparty.io.grpc.StatusRuntimeException: UNAVAILABLE: io exception
2021-01-11 13:55:53,121 [grpc-default-executor-8] INFO  leader.FollowerInfo (FollowerInfoImpl.java:lambda$new$0(46)) - omNode-2@group-523986131536->omNode-1: nextIndex: updateUnconditionally 218 -> 45
2021-01-11 13:55:53,124 [grpc-default-executor-11] WARN  server.GrpcLogAppender (LogUtils.java:warn(122)) - omNode-2@group-523986131536->omNode-1-AppendLogResponseHandler: Failed appendEntries: org.apache.ratis.thirdparty.io.grpc.StatusRuntimeException: UNAVAILABLE: io exception
2021-01-11 13:55:53,124 [grpc-default-executor-11] INFO  leader.FollowerInfo (FollowerInfoImpl.java:lambda$new$0(46)) - omNode-2@group-523986131536->omNode-1: nextIndex: updateUnconditionally 219 -> 45
2021-01-11 13:55:53,128 [grpc-default-executor-8] WARN  server.GrpcLogAppender (LogUtils.java:warn(122)) - omNode-2@group-523986131536->omNode-1-AppendLogResponseHandler: Failed appendEntries: org.apache.ratis.thirdparty.io.grpc.StatusRuntimeException: UNAVAILABLE: io exception
2021-01-11 13:55:53,128 [grpc-default-executor-8] INFO  leader.FollowerInfo (FollowerInfoImpl.java:lambda$new$0(46)) - omNode-2@group-523986131536->omNode-1: nextIndex: updateUnconditionally 220 -> 45
2021-01-11 13:55:53,129 [grpc-default-executor-8] WARN  server.GrpcLogAppender (LogUtils.java:warn(122)) - omNode-2@group-523986131536->omNode-1-AppendLogResponseHandler: Failed appendEntries: org.apache.ratis.thirdparty.io.grpc.StatusRuntimeException: UNAVAILABLE: io exception
2021-01-11 13:55:53,129 [grpc-default-executor-8] INFO  leader.FollowerInfo (FollowerInfoImpl.java:lambda$new$0(46)) - omNode-2@group-523986131536->omNode-1: nextIndex: updateUnconditionally 220 -> 45
2021-01-11 13:55:53,132 [grpc-default-executor-8] WARN  server.GrpcLogAppender (LogUtils.java:warn(122)) - omNode-2@group-523986131536->omNode-1-AppendLogResponseHandler: Failed appendEntries: org.apache.ratis.thirdparty.io.grpc.StatusRuntimeException: UNAVAILABLE: io exception
2021-01-11 13:55:53,132 [grpc-default-executor-8] INFO  leader.FollowerInfo (FollowerInfoImpl.java:lambda$new$0(46)) - omNode-2@group-523986131536->omNode-1: nextIndex: updateUnconditionally 221 -> 45
2021-01-11 13:55:53,133 [grpc-default-executor-1] WARN  server.GrpcLogAppender (LogUtils.java:warn(122)) - omNode-2@group-523986131536->omNode-1-AppendLogResponseHandler: Failed appendEntries: org.apache.ratis.thirdparty.io.grpc.StatusRuntimeException: UNAVAILABLE: io exception
2021-01-11 13:55:53,133 [grpc-default-executor-1] INFO  leader.FollowerInfo (FollowerInfoImpl.java:lambda$new$0(46)) - omNode-2@group-523986131536->omNode-1: nextIndex: updateUnconditionally 222 -> 45
2021-01-11 13:55:53,135 [grpc-default-executor-1] WARN  server.GrpcLogAppender (LogUtils.java:warn(122)) - omNode-2@group-523986131536->omNode-1-AppendLogResponseHandler: Failed appendEntries: org.apache.ratis.thirdparty.io.grpc.StatusRuntimeException: UNAVAILABLE: io exception
2021-01-11 13:55:53,135 [grpc-default-executor-1] INFO  leader.FollowerInfo (FollowerInfoImpl.java:lambda$new$0(46)) - omNode-2@group-523986131536->omNode-1: nextIndex: updateUnconditionally 222 -> 45
2021-01-11 13:55:53,139 [grpc-default-executor-1] WARN  server.GrpcLogAppender (LogUtils.java:warn(122)) - omNode-2@group-523986131536->omNode-1-AppendLogResponseHandler: Failed appendEntries: org.apache.ratis.thirdparty.io.grpc.StatusRuntimeException: UNAVAILABLE: io exception
2021-01-11 13:55:53,139 [grpc-default-executor-1] INFO  leader.FollowerInfo (FollowerInfoImpl.java:lambda$new$0(46)) - omNode-2@group-523986131536->omNode-1: nextIndex: updateUnconditionally 223 -> 45
2021-01-11 13:55:53,148 [grpc-default-executor-1] WARN  server.GrpcLogAppender (LogUtils.java:warn(122)) - omNode-2@group-523986131536->omNode-1-AppendLogResponseHandler: Failed appendEntries: org.apache.ratis.thirdparty.io.grpc.StatusRuntimeException: UNAVAILABLE: io exception
2021-01-11 13:55:53,148 [grpc-default-executor-1] INFO  leader.FollowerInfo (FollowerInfoImpl.java:lambda$new$0(46)) - omNode-2@group-523986131536->omNode-1: nextIndex: updateUnconditionally 223 -> 45
2021-01-11 13:55:53,150 [grpc-default-executor-8] WARN  server.GrpcLogAppender (LogUtils.java:warn(122)) - omNode-2@group-523986131536->omNode-1-AppendLogResponseHandler: Failed appendEntries: org.apache.ratis.thirdparty.io.grpc.StatusRuntimeException: UNAVAILABLE: io exception
2021-01-11 13:55:53,150 [grpc-default-executor-8] INFO  leader.FollowerInfo (FollowerInfoImpl.java:lambda$new$0(46)) - omNode-2@group-523986131536->omNode-1: nextIndex: updateUnconditionally 223 -> 45
2021-01-11 13:55:53,152 [grpc-default-executor-8] WARN  server.GrpcLogAppender (LogUtils.java:warn(122)) - omNode-2@group-523986131536->omNode-1-AppendLogResponseHandler: Failed appendEntries: org.apache.ratis.thirdparty.io.grpc.StatusRuntimeException: UNAVAILABLE: io exception
2021-01-11 13:55:53,153 [grpc-default-executor-8] INFO  leader.FollowerInfo (FollowerInfoImpl.java:lambda$new$0(46)) - omNode-2@group-523986131536->omNode-1: nextIndex: updateUnconditionally 224 -> 45
2021-01-11 13:55:53,155 [grpc-default-executor-8] WARN  server.GrpcLogAppender (LogUtils.java:warn(122)) - omNode-2@group-523986131536->omNode-1-AppendLogResponseHandler: Failed appendEntries: org.apache.ratis.thirdparty.io.grpc.StatusRuntimeException: UNAVAILABLE: io exception
2021-01-11 13:55:53,155 [grpc-default-executor-8] INFO  leader.FollowerInfo (FollowerInfoImpl.java:lambda$new$0(46)) - omNode-2@group-523986131536->omNode-1: nextIndex: updateUnconditionally 224 -> 45
2021-01-11 13:55:53,158 [grpc-default-executor-4] WARN  server.GrpcLogAppender (LogUtils.java:warn(122)) - omNode-2@group-523986131536->omNode-1-AppendLogResponseHandler: Failed appendEntries: org.apache.ratis.thirdparty.io.grpc.StatusRuntimeException: UNAVAILABLE: io exception
2021-01-11 13:55:53,158 [grpc-default-executor-4] INFO  leader.FollowerInfo (FollowerInfoImpl.java:lambda$new$0(46)) - omNode-2@group-523986131536->omNode-1: nextIndex: updateUnconditionally 225 -> 45
2021-01-11 13:55:53,160 [grpc-default-executor-8] WARN  server.GrpcLogAppender (LogUtils.java:warn(122)) - omNode-2@group-523986131536->omNode-1-AppendLogResponseHandler: Failed appendEntries: org.apache.ratis.thirdparty.io.grpc.StatusRuntimeException: UNAVAILABLE: io exception
2021-01-11 13:55:53,160 [grpc-default-executor-8] INFO  leader.FollowerInfo (FollowerInfoImpl.java:lambda$new$0(46)) - omNode-2@group-523986131536->omNode-1: nextIndex: updateUnconditionally 226 -> 45
2021-01-11 13:55:53,162 [grpc-default-executor-8] WARN  server.GrpcLogAppender (LogUtils.java:warn(122)) - omNode-2@group-523986131536->omNode-1-AppendLogResponseHandler: Failed appendEntries: org.apache.ratis.thirdparty.io.grpc.StatusRuntimeException: UNAVAILABLE: io exception
2021-01-11 13:55:53,162 [grpc-default-executor-8] INFO  leader.FollowerInfo (FollowerInfoImpl.java:lambda$new$0(46)) - omNode-2@group-523986131536->omNode-1: nextIndex: updateUnconditionally 226 -> 45
2021-01-11 13:55:53,163 [grpc-default-executor-8] WARN  server.GrpcLogAppender (LogUtils.java:warn(122)) - omNode-2@group-523986131536->omNode-1-AppendLogResponseHandler: Failed appendEntries: org.apache.ratis.thirdparty.io.grpc.StatusRuntimeException: UNAVAILABLE: io exception
2021-01-11 13:55:53,163 [grpc-default-executor-8] INFO  leader.FollowerInfo (FollowerInfoImpl.java:lambda$new$0(46)) - omNode-2@group-523986131536->omNode-1: nextIndex: updateUnconditionally 227 -> 45
2021-01-11 13:55:53,170 [grpc-default-executor-4] WARN  server.GrpcLogAppender (LogUtils.java:warn(122)) - omNode-2@group-523986131536->omNode-1-AppendLogResponseHandler: Failed appendEntries: org.apache.ratis.thirdparty.io.grpc.StatusRuntimeException: UNAVAILABLE: io exception
2021-01-11 13:55:53,170 [grpc-default-executor-4] INFO  leader.FollowerInfo (FollowerInfoImpl.java:lambda$new$0(46)) - omNode-2@group-523986131536->omNode-1: nextIndex: updateUnconditionally 227 -> 45
2021-01-11 13:55:53,171 [grpc-default-executor-4] WARN  server.GrpcLogAppender (LogUtils.java:warn(122)) - omNode-2@group-523986131536->omNode-1-AppendLogResponseHandler: Failed appendEntries: org.apache.ratis.thirdparty.io.grpc.StatusRuntimeException: UNAVAILABLE: io exception
2021-01-11 13:55:53,172 [grpc-default-executor-4] INFO  leader.FollowerInfo (FollowerInfoImpl.java:lambda$new$0(46)) - omNode-2@group-523986131536->omNode-1: nextIndex: updateUnconditionally 228 -> 45
2021-01-11 13:55:53,173 [grpc-default-executor-4] WARN  server.GrpcLogAppender (LogUtils.java:warn(122)) - omNode-2@group-523986131536->omNode-1-AppendLogResponseHandler: Failed appendEntries: org.apache.ratis.thirdparty.io.grpc.StatusRuntimeException: UNAVAILABLE: io exception
2021-01-11 13:55:53,173 [grpc-default-executor-4] INFO  leader.FollowerInfo (FollowerInfoImpl.java:lambda$new$0(46)) - omNode-2@group-523986131536->omNode-1: nextIndex: updateUnconditionally 228 -> 45
2021-01-11 13:55:53,173 [grpc-default-executor-8] WARN  server.GrpcLogAppender (LogUtils.java:warn(122)) - omNode-2@group-523986131536->omNode-1-AppendLogResponseHandler: Failed appendEntries: org.apache.ratis.thirdparty.io.grpc.StatusRuntimeException: UNAVAILABLE: io exception
2021-01-11 13:55:53,173 [grpc-default-executor-8] INFO  leader.FollowerInfo (FollowerInfoImpl.java:lambda$new$0(46)) - omNode-2@group-523986131536->omNode-1: nextIndex: updateUnconditionally 229 -> 45
2021-01-11 13:55:53,176 [grpc-default-executor-8] WARN  server.GrpcLogAppender (LogUtils.java:warn(122)) - omNode-2@group-523986131536->omNode-1-AppendLogResponseHandler: Failed appendEntries: org.apache.ratis.thirdparty.io.grpc.StatusRuntimeException: UNAVAILABLE: io exception
2021-01-11 13:55:53,176 [grpc-default-executor-8] INFO  leader.FollowerInfo (FollowerInfoImpl.java:lambda$new$0(46)) - omNode-2@group-523986131536->omNode-1: nextIndex: updateUnconditionally 230 -> 45
2021-01-11 13:55:53,176 [grpc-default-executor-8] WARN  server.GrpcLogAppender (LogUtils.java:warn(122)) - omNode-2@group-523986131536->omNode-1-AppendLogResponseHandler: Failed appendEntries: org.apache.ratis.thirdparty.io.grpc.StatusRuntimeException: UNAVAILABLE: io exception
2021-01-11 13:55:53,177 [grpc-default-executor-8] INFO  leader.FollowerInfo (FollowerInfoImpl.java:lambda$new$0(46)) - omNode-2@group-523986131536->omNode-1: nextIndex: updateUnconditionally 230 -> 45
2021-01-11 13:55:53,177 [grpc-default-executor-4] WARN  server.GrpcLogAppender (LogUtils.java:warn(122)) - omNode-2@group-523986131536->omNode-1-AppendLogResponseHandler: Failed appendEntries: org.apache.ratis.thirdparty.io.grpc.StatusRuntimeException: UNAVAILABLE: io exception
2021-01-11 13:55:53,177 [grpc-default-executor-4] INFO  leader.FollowerInfo (FollowerInfoImpl.java:lambda$new$0(46)) - omNode-2@group-523986131536->omNode-1: nextIndex: updateUnconditionally 230 -> 45
2021-01-11 13:55:53,178 [grpc-default-executor-4] WARN  server.GrpcLogAppender (LogUtils.java:warn(122)) - omNode-2@group-523986131536->omNode-1-AppendLogResponseHandler: Failed appendEntries: org.apache.ratis.thirdparty.io.grpc.StatusRuntimeException: UNAVAILABLE: io exception
2021-01-11 13:55:53,178 [grpc-default-executor-4] INFO  leader.FollowerInfo (FollowerInfoImpl.java:lambda$new$0(46)) - omNode-2@group-523986131536->omNode-1: nextIndex: updateUnconditionally 231 -> 45
2021-01-11 13:55:53,183 [grpc-default-executor-8] WARN  server.GrpcLogAppender (LogUtils.java:warn(122)) - omNode-2@group-523986131536->omNode-1-AppendLogResponseHandler: Failed appendEntries: org.apache.ratis.thirdparty.io.grpc.StatusRuntimeException: UNAVAILABLE: io exception
2021-01-11 13:55:53,183 [grpc-default-executor-8] INFO  leader.FollowerInfo (FollowerInfoImpl.java:lambda$new$0(46)) - omNode-2@group-523986131536->omNode-1: nextIndex: updateUnconditionally 231 -> 45
2021-01-11 13:55:53,184 [grpc-default-executor-8] WARN  server.GrpcLogAppender (LogUtils.java:warn(122)) - omNode-2@group-523986131536->omNode-1-AppendLogResponseHandler: Failed appendEntries: org.apache.ratis.thirdparty.io.grpc.StatusRuntimeException: UNAVAILABLE: io exception
2021-01-11 13:55:53,184 [grpc-default-executor-8] INFO  leader.FollowerInfo (FollowerInfoImpl.java:lambda$new$0(46)) - omNode-2@group-523986131536->omNode-1: nextIndex: updateUnconditionally 231 -> 45
2021-01-11 13:55:53,187 [grpc-default-executor-8] WARN  server.GrpcLogAppender (LogUtils.java:warn(122)) - omNode-2@group-523986131536->omNode-1-AppendLogResponseHandler: Failed appendEntries: org.apache.ratis.thirdparty.io.grpc.StatusRuntimeException: UNAVAILABLE: io exception
2021-01-11 13:55:53,187 [grpc-default-executor-8] INFO  leader.FollowerInfo (FollowerInfoImpl.java:lambda$new$0(46)) - omNode-2@group-523986131536->omNode-1: nextIndex: updateUnconditionally 232 -> 45
2021-01-11 13:55:53,190 [grpc-default-executor-8] WARN  server.GrpcLogAppender (LogUtils.java:warn(122)) - omNode-2@group-523986131536->omNode-1-AppendLogResponseHandler: Failed appendEntries: org.apache.ratis.thirdparty.io.grpc.StatusRuntimeException: UNAVAILABLE: io exception
2021-01-11 13:55:53,191 [grpc-default-executor-8] INFO  leader.FollowerInfo (FollowerInfoImpl.java:lambda$new$0(46)) - omNode-2@group-523986131536->omNode-1: nextIndex: updateUnconditionally 232 -> 45
2021-01-11 13:55:53,191 [grpc-default-executor-4] WARN  server.GrpcLogAppender (LogUtils.java:warn(122)) - omNode-2@group-523986131536->omNode-1-AppendLogResponseHandler: Failed appendEntries: org.apache.ratis.thirdparty.io.grpc.StatusRuntimeException: UNAVAILABLE: io exception
2021-01-11 13:55:53,192 [grpc-default-executor-4] INFO  leader.FollowerInfo (FollowerInfoImpl.java:lambda$new$0(46)) - omNode-2@group-523986131536->omNode-1: nextIndex: updateUnconditionally 233 -> 45
2021-01-11 13:55:53,194 [grpc-default-executor-4] WARN  server.GrpcLogAppender (LogUtils.java:warn(122)) - omNode-2@group-523986131536->omNode-1-AppendLogResponseHandler: Failed appendEntries: org.apache.ratis.thirdparty.io.grpc.StatusRuntimeException: UNAVAILABLE: io exception
2021-01-11 13:55:53,194 [grpc-default-executor-4] INFO  leader.FollowerInfo (FollowerInfoImpl.java:lambda$new$0(46)) - omNode-2@group-523986131536->omNode-1: nextIndex: updateUnconditionally 234 -> 45
2021-01-11 13:55:53,196 [grpc-default-executor-4] WARN  server.GrpcLogAppender (LogUtils.java:warn(122)) - omNode-2@group-523986131536->omNode-1-AppendLogResponseHandler: Failed appendEntries: org.apache.ratis.thirdparty.io.grpc.StatusRuntimeException: UNAVAILABLE: io exception
2021-01-11 13:55:53,196 [grpc-default-executor-4] INFO  leader.FollowerInfo (FollowerInfoImpl.java:lambda$new$0(46)) - omNode-2@group-523986131536->omNode-1: nextIndex: updateUnconditionally 234 -> 45
2021-01-11 13:55:53,197 [grpc-default-executor-8] WARN  server.GrpcLogAppender (LogUtils.java:warn(122)) - omNode-2@group-523986131536->omNode-1-AppendLogResponseHandler: Failed appendEntries: org.apache.ratis.thirdparty.io.grpc.StatusRuntimeException: UNAVAILABLE: io exception
2021-01-11 13:55:53,197 [grpc-default-executor-8] INFO  leader.FollowerInfo (FollowerInfoImpl.java:lambda$new$0(46)) - omNode-2@group-523986131536->omNode-1: nextIndex: updateUnconditionally 235 -> 45
2021-01-11 13:55:53,201 [grpc-default-executor-8] WARN  server.GrpcLogAppender (LogUtils.java:warn(122)) - omNode-2@group-523986131536->omNode-1-AppendLogResponseHandler: Failed appendEntries: org.apache.ratis.thirdparty.io.grpc.StatusRuntimeException: UNAVAILABLE: io exception
2021-01-11 13:55:53,201 [grpc-default-executor-8] INFO  leader.FollowerInfo (FollowerInfoImpl.java:lambda$new$0(46)) - omNode-2@group-523986131536->omNode-1: nextIndex: updateUnconditionally 235 -> 45
2021-01-11 13:55:53,204 [grpc-default-executor-4] WARN  server.GrpcLogAppender (LogUtils.java:warn(122)) - omNode-2@group-523986131536->omNode-1-AppendLogResponseHandler: Failed appendEntries: org.apache.ratis.thirdparty.io.grpc.StatusRuntimeException: UNAVAILABLE: io exception
2021-01-11 13:55:53,204 [grpc-default-executor-4] INFO  leader.FollowerInfo (FollowerInfoImpl.java:lambda$new$0(46)) - omNode-2@group-523986131536->omNode-1: nextIndex: updateUnconditionally 236 -> 45
2021-01-11 13:55:53,207 [grpc-default-executor-4] WARN  server.GrpcLogAppender (LogUtils.java:warn(122)) - omNode-2@group-523986131536->omNode-1-AppendLogResponseHandler: Failed appendEntries: org.apache.ratis.thirdparty.io.grpc.StatusRuntimeException: UNAVAILABLE: io exception
2021-01-11 13:55:53,207 [grpc-default-executor-4] INFO  leader.FollowerInfo (FollowerInfoImpl.java:lambda$new$0(46)) - omNode-2@group-523986131536->omNode-1: nextIndex: updateUnconditionally 236 -> 45
2021-01-11 13:55:53,208 [grpc-default-executor-4] WARN  server.GrpcLogAppender (LogUtils.java:warn(122)) - omNode-2@group-523986131536->omNode-1-AppendLogResponseHandler: Failed appendEntries: org.apache.ratis.thirdparty.io.grpc.StatusRuntimeException: UNAVAILABLE: io exception
2021-01-11 13:55:53,208 [grpc-default-executor-4] INFO  leader.FollowerInfo (FollowerInfoImpl.java:lambda$new$0(46)) - omNode-2@group-523986131536->omNode-1: nextIndex: updateUnconditionally 237 -> 45
2021-01-11 13:55:53,208 [grpc-default-executor-4] WARN  server.GrpcLogAppender (LogUtils.java:warn(122)) - omNode-2@group-523986131536->omNode-1-AppendLogResponseHandler: Failed appendEntries: org.apache.ratis.thirdparty.io.grpc.StatusRuntimeException: UNAVAILABLE: io exception
2021-01-11 13:55:53,208 [grpc-default-executor-4] INFO  leader.FollowerInfo (FollowerInfoImpl.java:lambda$new$0(46)) - omNode-2@group-523986131536->omNode-1: nextIndex: updateUnconditionally 237 -> 45
2021-01-11 13:55:53,210 [grpc-default-executor-8] WARN  server.GrpcLogAppender (LogUtils.java:warn(122)) - omNode-2@group-523986131536->omNode-1-AppendLogResponseHandler: Failed appendEntries: org.apache.ratis.thirdparty.io.grpc.StatusRuntimeException: UNAVAILABLE: io exception
2021-01-11 13:55:53,210 [grpc-default-executor-8] INFO  leader.FollowerInfo (FollowerInfoImpl.java:lambda$new$0(46)) - omNode-2@group-523986131536->omNode-1: nextIndex: updateUnconditionally 238 -> 45
2021-01-11 13:55:53,214 [grpc-default-executor-8] WARN  server.GrpcLogAppender (LogUtils.java:warn(122)) - omNode-2@group-523986131536->omNode-1-AppendLogResponseHandler: Failed appendEntries: org.apache.ratis.thirdparty.io.grpc.StatusRuntimeException: UNAVAILABLE: io exception
2021-01-11 13:55:53,214 [grpc-default-executor-8] INFO  leader.FollowerInfo (FollowerInfoImpl.java:lambda$new$0(46)) - omNode-2@group-523986131536->omNode-1: nextIndex: updateUnconditionally 238 -> 45
2021-01-11 13:55:53,215 [grpc-default-executor-8] WARN  server.GrpcLogAppender (LogUtils.java:warn(122)) - omNode-2@group-523986131536->omNode-1-AppendLogResponseHandler: Failed appendEntries: org.apache.ratis.thirdparty.io.grpc.StatusRuntimeException: UNAVAILABLE: io exception
2021-01-11 13:55:53,215 [grpc-default-executor-8] INFO  leader.FollowerInfo (FollowerInfoImpl.java:lambda$new$0(46)) - omNode-2@group-523986131536->omNode-1: nextIndex: updateUnconditionally 239 -> 45
2021-01-11 13:55:53,223 [grpc-default-executor-4] WARN  server.GrpcLogAppender (LogUtils.java:warn(122)) - omNode-2@group-523986131536->omNode-1-AppendLogResponseHandler: Failed appendEntries: org.apache.ratis.thirdparty.io.grpc.StatusRuntimeException: UNAVAILABLE: io exception
2021-01-11 13:55:53,223 [grpc-default-executor-4] INFO  leader.FollowerInfo (FollowerInfoImpl.java:lambda$new$0(46)) - omNode-2@group-523986131536->omNode-1: nextIndex: updateUnconditionally 239 -> 45
2021-01-11 13:55:53,224 [grpc-default-executor-11] WARN  server.GrpcLogAppender (LogUtils.java:warn(122)) - omNode-2@group-523986131536->omNode-1-AppendLogResponseHandler: Failed appendEntries: org.apache.ratis.thirdparty.io.grpc.StatusRuntimeException: UNAVAILABLE: io exception
2021-01-11 13:55:53,224 [grpc-default-executor-11] INFO  leader.FollowerInfo (FollowerInfoImpl.java:lambda$new$0(46)) - omNode-2@group-523986131536->omNode-1: nextIndex: updateUnconditionally 239 -> 45
2021-01-11 13:55:53,228 [grpc-default-executor-8] WARN  server.GrpcLogAppender (LogUtils.java:warn(122)) - omNode-2@group-523986131536->omNode-1-AppendLogResponseHandler: Failed appendEntries: org.apache.ratis.thirdparty.io.grpc.StatusRuntimeException: UNAVAILABLE: io exception
2021-01-11 13:55:53,228 [grpc-default-executor-8] INFO  leader.FollowerInfo (FollowerInfoImpl.java:lambda$new$0(46)) - omNode-2@group-523986131536->omNode-1: nextIndex: updateUnconditionally 240 -> 45
2021-01-11 13:55:53,230 [grpc-default-executor-8] WARN  server.GrpcLogAppender (LogUtils.java:warn(122)) - omNode-2@group-523986131536->omNode-1-AppendLogResponseHandler: Failed appendEntries: org.apache.ratis.thirdparty.io.grpc.StatusRuntimeException: UNAVAILABLE: io exception
2021-01-11 13:55:53,230 [grpc-default-executor-8] INFO  leader.FollowerInfo (FollowerInfoImpl.java:lambda$new$0(46)) - omNode-2@group-523986131536->omNode-1: nextIndex: updateUnconditionally 240 -> 45
2021-01-11 13:55:53,230 [grpc-default-executor-8] WARN  server.GrpcLogAppender (LogUtils.java:warn(122)) - omNode-2@group-523986131536->omNode-1-AppendLogResponseHandler: Failed appendEntries: org.apache.ratis.thirdparty.io.grpc.StatusRuntimeException: UNAVAILABLE: io exception
2021-01-11 13:55:53,230 [grpc-default-executor-8] INFO  leader.FollowerInfo (FollowerInfoImpl.java:lambda$new$0(46)) - omNode-2@group-523986131536->omNode-1: nextIndex: updateUnconditionally 241 -> 45
2021-01-11 13:55:53,232 [grpc-default-executor-8] WARN  server.GrpcLogAppender (LogUtils.java:warn(122)) - omNode-2@group-523986131536->omNode-1-AppendLogResponseHandler: Failed appendEntries: org.apache.ratis.thirdparty.io.grpc.StatusRuntimeException: UNAVAILABLE: io exception
2021-01-11 13:55:53,232 [grpc-default-executor-8] INFO  leader.FollowerInfo (FollowerInfoImpl.java:lambda$new$0(46)) - omNode-2@group-523986131536->omNode-1: nextIndex: updateUnconditionally 242 -> 45
2021-01-11 13:55:53,234 [grpc-default-executor-4] WARN  server.GrpcLogAppender (LogUtils.java:warn(122)) - omNode-2@group-523986131536->omNode-1-AppendLogResponseHandler: Failed appendEntries: org.apache.ratis.thirdparty.io.grpc.StatusRuntimeException: UNAVAILABLE: io exception
2021-01-11 13:55:53,234 [grpc-default-executor-4] INFO  leader.FollowerInfo (FollowerInfoImpl.java:lambda$new$0(46)) - omNode-2@group-523986131536->omNode-1: nextIndex: updateUnconditionally 242 -> 45
2021-01-11 13:55:53,234 [grpc-default-executor-8] WARN  server.GrpcLogAppender (LogUtils.java:warn(122)) - omNode-2@group-523986131536->omNode-1-AppendLogResponseHandler: Failed appendEntries: org.apache.ratis.thirdparty.io.grpc.StatusRuntimeException: UNAVAILABLE: io exception
2021-01-11 13:55:53,235 [grpc-default-executor-8] INFO  leader.FollowerInfo (FollowerInfoImpl.java:lambda$new$0(46)) - omNode-2@group-523986131536->omNode-1: nextIndex: updateUnconditionally 242 -> 45
2021-01-11 13:55:53,237 [grpc-default-executor-8] WARN  server.GrpcLogAppender (LogUtils.java:warn(122)) - omNode-2@group-523986131536->omNode-1-AppendLogResponseHandler: Failed appendEntries: org.apache.ratis.thirdparty.io.grpc.StatusRuntimeException: UNAVAILABLE: io exception
2021-01-11 13:55:53,237 [grpc-default-executor-8] INFO  leader.FollowerInfo (FollowerInfoImpl.java:lambda$new$0(46)) - omNode-2@group-523986131536->omNode-1: nextIndex: updateUnconditionally 243 -> 45
2021-01-11 13:55:53,243 [grpc-default-executor-4] WARN  server.GrpcLogAppender (LogUtils.java:warn(122)) - omNode-2@group-523986131536->omNode-1-AppendLogResponseHandler: Failed appendEntries: org.apache.ratis.thirdparty.io.grpc.StatusRuntimeException: UNAVAILABLE: io exception
2021-01-11 13:55:53,243 [grpc-default-executor-4] INFO  leader.FollowerInfo (FollowerInfoImpl.java:lambda$new$0(46)) - omNode-2@group-523986131536->omNode-1: nextIndex: updateUnconditionally 244 -> 45
2021-01-11 13:55:53,244 [grpc-default-executor-8] WARN  server.GrpcLogAppender (LogUtils.java:warn(122)) - omNode-2@group-523986131536->omNode-1-AppendLogResponseHandler: Failed appendEntries: org.apache.ratis.thirdparty.io.grpc.StatusRuntimeException: UNAVAILABLE: io exception
2021-01-11 13:55:53,245 [grpc-default-executor-8] INFO  leader.FollowerInfo (FollowerInfoImpl.java:lambda$new$0(46)) - omNode-2@group-523986131536->omNode-1: nextIndex: updateUnconditionally 244 -> 45
2021-01-11 13:55:53,245 [grpc-default-executor-8] WARN  server.GrpcLogAppender (LogUtils.java:warn(122)) - omNode-2@group-523986131536->omNode-1-AppendLogResponseHandler: Failed appendEntries: org.apache.ratis.thirdparty.io.grpc.StatusRuntimeException: UNAVAILABLE: io exception
2021-01-11 13:55:53,245 [grpc-default-executor-8] INFO  leader.FollowerInfo (FollowerInfoImpl.java:lambda$new$0(46)) - omNode-2@group-523986131536->omNode-1: nextIndex: updateUnconditionally 244 -> 45
2021-01-11 13:55:53,247 [grpc-default-executor-11] WARN  server.GrpcLogAppender (LogUtils.java:warn(122)) - omNode-2@group-523986131536->omNode-1-AppendLogResponseHandler: Failed appendEntries: org.apache.ratis.thirdparty.io.grpc.StatusRuntimeException: UNAVAILABLE: io exception
2021-01-11 13:55:53,247 [grpc-default-executor-11] INFO  leader.FollowerInfo (FollowerInfoImpl.java:lambda$new$0(46)) - omNode-2@group-523986131536->omNode-1: nextIndex: updateUnconditionally 245 -> 45
2021-01-11 13:55:53,248 [grpc-default-executor-11] WARN  server.GrpcLogAppender (LogUtils.java:warn(122)) - omNode-2@group-523986131536->omNode-1-AppendLogResponseHandler: Failed appendEntries: org.apache.ratis.thirdparty.io.grpc.StatusRuntimeException: UNAVAILABLE: io exception
2021-01-11 13:55:53,248 [grpc-default-executor-11] INFO  leader.FollowerInfo (FollowerInfoImpl.java:lambda$new$0(46)) - omNode-2@group-523986131536->omNode-1: nextIndex: updateUnconditionally 246 -> 45
2021-01-11 13:55:53,250 [grpc-default-executor-8] WARN  server.GrpcLogAppender (LogUtils.java:warn(122)) - omNode-2@group-523986131536->omNode-1-AppendLogResponseHandler: Failed appendEntries: org.apache.ratis.thirdparty.io.grpc.StatusRuntimeException: UNAVAILABLE: io exception
2021-01-11 13:55:53,250 [grpc-default-executor-8] INFO  leader.FollowerInfo (FollowerInfoImpl.java:lambda$new$0(46)) - omNode-2@group-523986131536->omNode-1: nextIndex: updateUnconditionally 246 -> 45
2021-01-11 13:55:53,251 [grpc-default-executor-8] WARN  server.GrpcLogAppender (LogUtils.java:warn(122)) - omNode-2@group-523986131536->omNode-1-AppendLogResponseHandler: Failed appendEntries: org.apache.ratis.thirdparty.io.grpc.StatusRuntimeException: UNAVAILABLE: io exception
2021-01-11 13:55:53,251 [grpc-default-executor-8] INFO  leader.FollowerInfo (FollowerInfoImpl.java:lambda$new$0(46)) - omNode-2@group-523986131536->omNode-1: nextIndex: updateUnconditionally 247 -> 45
2021-01-11 13:55:53,254 [grpc-default-executor-11] WARN  server.GrpcLogAppender (LogUtils.java:warn(122)) - omNode-2@group-523986131536->omNode-1-AppendLogResponseHandler: Failed appendEntries: org.apache.ratis.thirdparty.io.grpc.StatusRuntimeException: UNAVAILABLE: io exception
2021-01-11 13:55:53,254 [grpc-default-executor-11] INFO  leader.FollowerInfo (FollowerInfoImpl.java:lambda$new$0(46)) - omNode-2@group-523986131536->omNode-1: nextIndex: updateUnconditionally 247 -> 45
2021-01-11 13:55:53,257 [grpc-default-executor-8] WARN  server.GrpcLogAppender (LogUtils.java:warn(122)) - omNode-2@group-523986131536->omNode-1-AppendLogResponseHandler: Failed appendEntries: org.apache.ratis.thirdparty.io.grpc.StatusRuntimeException: UNAVAILABLE: io exception
2021-01-11 13:55:53,257 [grpc-default-executor-8] INFO  leader.FollowerInfo (FollowerInfoImpl.java:lambda$new$0(46)) - omNode-2@group-523986131536->omNode-1: nextIndex: updateUnconditionally 248 -> 45
2021-01-11 13:55:53,259 [grpc-default-executor-8] WARN  server.GrpcLogAppender (LogUtils.java:warn(122)) - omNode-2@group-523986131536->omNode-1-AppendLogResponseHandler: Failed appendEntries: org.apache.ratis.thirdparty.io.grpc.StatusRuntimeException: UNAVAILABLE: io exception
2021-01-11 13:55:53,259 [grpc-default-executor-8] INFO  leader.FollowerInfo (FollowerInfoImpl.java:lambda$new$0(46)) - omNode-2@group-523986131536->omNode-1: nextIndex: updateUnconditionally 248 -> 45
2021-01-11 13:55:53,260 [grpc-default-executor-8] WARN  server.GrpcLogAppender (LogUtils.java:warn(122)) - omNode-2@group-523986131536->omNode-1-AppendLogResponseHandler: Failed appendEntries: org.apache.ratis.thirdparty.io.grpc.StatusRuntimeException: UNAVAILABLE: io exception
2021-01-11 13:55:53,260 [grpc-default-executor-8] INFO  leader.FollowerInfo (FollowerInfoImpl.java:lambda$new$0(46)) - omNode-2@group-523986131536->omNode-1: nextIndex: updateUnconditionally 249 -> 45
2021-01-11 13:55:53,263 [grpc-default-executor-8] WARN  server.GrpcLogAppender (LogUtils.java:warn(122)) - omNode-2@group-523986131536->omNode-1-AppendLogResponseHandler: Failed appendEntries: org.apache.ratis.thirdparty.io.grpc.StatusRuntimeException: UNAVAILABLE: io exception
2021-01-11 13:55:53,263 [grpc-default-executor-8] INFO  leader.FollowerInfo (FollowerInfoImpl.java:lambda$new$0(46)) - omNode-2@group-523986131536->omNode-1: nextIndex: updateUnconditionally 250 -> 45
2021-01-11 13:55:53,263 [grpc-default-executor-8] WARN  server.GrpcLogAppender (LogUtils.java:warn(122)) - omNode-2@group-523986131536->omNode-1-AppendLogResponseHandler: Failed appendEntries: org.apache.ratis.thirdparty.io.grpc.StatusRuntimeException: UNAVAILABLE: io exception
2021-01-11 13:55:53,264 [grpc-default-executor-8] INFO  leader.FollowerInfo (FollowerInfoImpl.java:lambda$new$0(46)) - omNode-2@group-523986131536->omNode-1: nextIndex: updateUnconditionally 250 -> 45
2021-01-11 13:55:53,264 [omNode-2@group-523986131536-StateMachineUpdater] INFO  ratis.OzoneManagerStateMachine (OzoneManagerStateMachine.java:takeSnapshot(345)) - Current Snapshot Index (t:1, i:248)
2021-01-11 13:55:53,265 [omNode-2@group-523986131536-StateMachineUpdater] INFO  impl.StateMachineUpdater (StateMachineUpdater.java:takeSnapshot(279)) - omNode-2@group-523986131536-StateMachineUpdater: Took a snapshot at index 248
2021-01-11 13:55:53,265 [omNode-2@group-523986131536-StateMachineUpdater] INFO  impl.StateMachineUpdater (StateMachineUpdater.java:lambda$new$0(88)) - omNode-2@group-523986131536-StateMachineUpdater: snapshotIndex: updateIncreasingly 199 -> 248
2021-01-11 13:55:53,265 [grpc-default-executor-8] WARN  server.GrpcLogAppender (LogUtils.java:warn(122)) - omNode-2@group-523986131536->omNode-1-AppendLogResponseHandler: Failed appendEntries: org.apache.ratis.thirdparty.io.grpc.StatusRuntimeException: UNAVAILABLE: io exception
2021-01-11 13:55:53,265 [grpc-default-executor-8] INFO  leader.FollowerInfo (FollowerInfoImpl.java:lambda$new$0(46)) - omNode-2@group-523986131536->omNode-1: nextIndex: updateUnconditionally 251 -> 45
2021-01-11 13:55:53,267 [omNode-3@group-523986131536-StateMachineUpdater] INFO  ratis.OzoneManagerStateMachine (OzoneManagerStateMachine.java:takeSnapshot(345)) - Current Snapshot Index (t:1, i:249)
2021-01-11 13:55:53,267 [omNode-3@group-523986131536-StateMachineUpdater] INFO  impl.StateMachineUpdater (StateMachineUpdater.java:takeSnapshot(279)) - omNode-3@group-523986131536-StateMachineUpdater: Took a snapshot at index 249
2021-01-11 13:55:53,267 [omNode-3@group-523986131536-StateMachineUpdater] INFO  impl.StateMachineUpdater (StateMachineUpdater.java:lambda$new$0(88)) - omNode-3@group-523986131536-StateMachineUpdater: snapshotIndex: updateIncreasingly 199 -> 249
2021-01-11 13:55:53,267 [omNode-3@group-523986131536-StateMachineUpdater] INFO  raftlog.RaftLog (RaftLogBase.java:purge(306)) - omNode-3@group-523986131536-SegmentedRaftLog: purge 249
2021-01-11 13:55:53,267 [omNode-3@group-523986131536-StateMachineUpdater] INFO  raftlog.RaftLog (RaftLogBase.java:lambda$new$0(53)) - omNode-3@group-523986131536-SegmentedRaftLog: snapshotIndex: updateIncreasingly 199 -> 249
2021-01-11 13:55:53,267 [omNode-3@group-523986131536-StateMachineUpdater] INFO  raftlog.RaftLog (RaftLogBase.java:lambda$new$0(53)) - omNode-3@group-523986131536-SegmentedRaftLog: purgeIndex: updateToMax old=199, new=249, updated? true
2021-01-11 13:55:53,270 [grpc-default-executor-4] WARN  server.GrpcLogAppender (LogUtils.java:warn(122)) - omNode-2@group-523986131536->omNode-1-AppendLogResponseHandler: Failed appendEntries: org.apache.ratis.thirdparty.io.grpc.StatusRuntimeException: UNAVAILABLE: io exception
2021-01-11 13:55:53,270 [grpc-default-executor-4] INFO  leader.FollowerInfo (FollowerInfoImpl.java:lambda$new$0(46)) - omNode-2@group-523986131536->omNode-1: nextIndex: updateUnconditionally 251 -> 45
2021-01-11 13:55:53,273 [grpc-default-executor-4] WARN  server.GrpcLogAppender (LogUtils.java:warn(122)) - omNode-2@group-523986131536->omNode-1-AppendLogResponseHandler: Failed appendEntries: org.apache.ratis.thirdparty.io.grpc.StatusRuntimeException: UNAVAILABLE: io exception
2021-01-11 13:55:53,273 [grpc-default-executor-4] INFO  leader.FollowerInfo (FollowerInfoImpl.java:lambda$new$0(46)) - omNode-2@group-523986131536->omNode-1: nextIndex: updateUnconditionally 252 -> 45
2021-01-11 13:55:53,275 [grpc-default-executor-4] WARN  server.GrpcLogAppender (LogUtils.java:warn(122)) - omNode-2@group-523986131536->omNode-1-AppendLogResponseHandler: Failed appendEntries: org.apache.ratis.thirdparty.io.grpc.StatusRuntimeException: UNAVAILABLE: io exception
2021-01-11 13:55:53,276 [grpc-default-executor-4] INFO  leader.FollowerInfo (FollowerInfoImpl.java:lambda$new$0(46)) - omNode-2@group-523986131536->omNode-1: nextIndex: updateUnconditionally 253 -> 45
2021-01-11 13:55:53,276 [grpc-default-executor-4] WARN  server.GrpcLogAppender (LogUtils.java:warn(122)) - omNode-2@group-523986131536->omNode-1-AppendLogResponseHandler: Failed appendEntries: org.apache.ratis.thirdparty.io.grpc.StatusRuntimeException: UNAVAILABLE: io exception
2021-01-11 13:55:53,276 [grpc-default-executor-4] INFO  leader.FollowerInfo (FollowerInfoImpl.java:lambda$new$0(46)) - omNode-2@group-523986131536->omNode-1: nextIndex: updateUnconditionally 253 -> 45
2021-01-11 13:55:53,278 [grpc-default-executor-8] WARN  server.GrpcLogAppender (LogUtils.java:warn(122)) - omNode-2@group-523986131536->omNode-1-AppendLogResponseHandler: Failed appendEntries: org.apache.ratis.thirdparty.io.grpc.StatusRuntimeException: UNAVAILABLE: io exception
2021-01-11 13:55:53,278 [grpc-default-executor-8] INFO  leader.FollowerInfo (FollowerInfoImpl.java:lambda$new$0(46)) - omNode-2@group-523986131536->omNode-1: nextIndex: updateUnconditionally 254 -> 45
2021-01-11 13:55:53,280 [grpc-default-executor-8] WARN  server.GrpcLogAppender (LogUtils.java:warn(122)) - omNode-2@group-523986131536->omNode-1-AppendLogResponseHandler: Failed appendEntries: org.apache.ratis.thirdparty.io.grpc.StatusRuntimeException: UNAVAILABLE: io exception
2021-01-11 13:55:53,280 [grpc-default-executor-8] INFO  leader.FollowerInfo (FollowerInfoImpl.java:lambda$new$0(46)) - omNode-2@group-523986131536->omNode-1: nextIndex: updateUnconditionally 255 -> 45
2021-01-11 13:55:53,290 [grpc-default-executor-4] WARN  server.GrpcLogAppender (LogUtils.java:warn(122)) - omNode-2@group-523986131536->omNode-1-AppendLogResponseHandler: Failed appendEntries: org.apache.ratis.thirdparty.io.grpc.StatusRuntimeException: UNAVAILABLE: io exception
2021-01-11 13:55:53,290 [grpc-default-executor-4] INFO  leader.FollowerInfo (FollowerInfoImpl.java:lambda$new$0(46)) - omNode-2@group-523986131536->omNode-1: nextIndex: updateUnconditionally 256 -> 45
2021-01-11 13:55:53,291 [grpc-default-executor-8] WARN  server.GrpcLogAppender (LogUtils.java:warn(122)) - omNode-2@group-523986131536->omNode-1-AppendLogResponseHandler: Failed appendEntries: org.apache.ratis.thirdparty.io.grpc.StatusRuntimeException: UNAVAILABLE: io exception
2021-01-11 13:55:53,291 [grpc-default-executor-8] INFO  leader.FollowerInfo (FollowerInfoImpl.java:lambda$new$0(46)) - omNode-2@group-523986131536->omNode-1: nextIndex: updateUnconditionally 256 -> 45
2021-01-11 13:55:53,292 [grpc-default-executor-4] WARN  server.GrpcLogAppender (LogUtils.java:warn(122)) - omNode-2@group-523986131536->omNode-1-AppendLogResponseHandler: Failed appendEntries: org.apache.ratis.thirdparty.io.grpc.StatusRuntimeException: UNAVAILABLE: io exception
2021-01-11 13:55:53,292 [grpc-default-executor-4] INFO  leader.FollowerInfo (FollowerInfoImpl.java:lambda$new$0(46)) - omNode-2@group-523986131536->omNode-1: nextIndex: updateUnconditionally 257 -> 45
2021-01-11 13:55:53,295 [grpc-default-executor-8] WARN  server.GrpcLogAppender (LogUtils.java:warn(122)) - omNode-2@group-523986131536->omNode-1-AppendLogResponseHandler: Failed appendEntries: org.apache.ratis.thirdparty.io.grpc.StatusRuntimeException: UNAVAILABLE: io exception
2021-01-11 13:55:53,295 [grpc-default-executor-8] INFO  leader.FollowerInfo (FollowerInfoImpl.java:lambda$new$0(46)) - omNode-2@group-523986131536->omNode-1: nextIndex: updateUnconditionally 258 -> 45
2021-01-11 13:55:53,296 [grpc-default-executor-4] WARN  server.GrpcLogAppender (LogUtils.java:warn(122)) - omNode-2@group-523986131536->omNode-1-AppendLogResponseHandler: Failed appendEntries: org.apache.ratis.thirdparty.io.grpc.StatusRuntimeException: UNAVAILABLE: io exception
2021-01-11 13:55:53,296 [grpc-default-executor-4] INFO  leader.FollowerInfo (FollowerInfoImpl.java:lambda$new$0(46)) - omNode-2@group-523986131536->omNode-1: nextIndex: updateUnconditionally 258 -> 45
2021-01-11 13:55:53,296 [grpc-default-executor-4] WARN  server.GrpcLogAppender (LogUtils.java:warn(122)) - omNode-2@group-523986131536->omNode-1-AppendLogResponseHandler: Failed appendEntries: org.apache.ratis.thirdparty.io.grpc.StatusRuntimeException: UNAVAILABLE: io exception
2021-01-11 13:55:53,297 [grpc-default-executor-4] INFO  leader.FollowerInfo (FollowerInfoImpl.java:lambda$new$0(46)) - omNode-2@group-523986131536->omNode-1: nextIndex: updateUnconditionally 258 -> 45
2021-01-11 13:55:53,297 [grpc-default-executor-4] WARN  server.GrpcLogAppender (LogUtils.java:warn(122)) - omNode-2@group-523986131536->omNode-1-AppendLogResponseHandler: Failed appendEntries: org.apache.ratis.thirdparty.io.grpc.StatusRuntimeException: UNAVAILABLE: io exception
2021-01-11 13:55:53,297 [grpc-default-executor-4] INFO  leader.FollowerInfo (FollowerInfoImpl.java:lambda$new$0(46)) - omNode-2@group-523986131536->omNode-1: nextIndex: updateUnconditionally 259 -> 45
2021-01-11 13:55:53,302 [grpc-default-executor-4] WARN  server.GrpcLogAppender (LogUtils.java:warn(122)) - omNode-2@group-523986131536->omNode-1-AppendLogResponseHandler: Failed appendEntries: org.apache.ratis.thirdparty.io.grpc.StatusRuntimeException: UNAVAILABLE: io exception
2021-01-11 13:55:53,303 [grpc-default-executor-4] INFO  leader.FollowerInfo (FollowerInfoImpl.java:lambda$new$0(46)) - omNode-2@group-523986131536->omNode-1: nextIndex: updateUnconditionally 259 -> 45
2021-01-11 13:55:53,304 [grpc-default-executor-11] WARN  server.GrpcLogAppender (LogUtils.java:warn(122)) - omNode-2@group-523986131536->omNode-1-AppendLogResponseHandler: Failed appendEntries: org.apache.ratis.thirdparty.io.grpc.StatusRuntimeException: UNAVAILABLE: io exception
2021-01-11 13:55:53,304 [grpc-default-executor-11] INFO  leader.FollowerInfo (FollowerInfoImpl.java:lambda$new$0(46)) - omNode-2@group-523986131536->omNode-1: nextIndex: updateUnconditionally 260 -> 45
2021-01-11 13:55:53,306 [grpc-default-executor-11] WARN  server.GrpcLogAppender (LogUtils.java:warn(122)) - omNode-2@group-523986131536->omNode-1-AppendLogResponseHandler: Failed appendEntries: org.apache.ratis.thirdparty.io.grpc.StatusRuntimeException: UNAVAILABLE: io exception
2021-01-11 13:55:53,306 [grpc-default-executor-11] INFO  leader.FollowerInfo (FollowerInfoImpl.java:lambda$new$0(46)) - omNode-2@group-523986131536->omNode-1: nextIndex: updateUnconditionally 260 -> 45
2021-01-11 13:55:53,308 [grpc-default-executor-11] WARN  server.GrpcLogAppender (LogUtils.java:warn(122)) - omNode-2@group-523986131536->omNode-1-AppendLogResponseHandler: Failed appendEntries: org.apache.ratis.thirdparty.io.grpc.StatusRuntimeException: UNAVAILABLE: io exception
2021-01-11 13:55:53,309 [grpc-default-executor-11] INFO  leader.FollowerInfo (FollowerInfoImpl.java:lambda$new$0(46)) - omNode-2@group-523986131536->omNode-1: nextIndex: updateUnconditionally 262 -> 45
2021-01-11 13:55:53,310 [grpc-default-executor-11] WARN  server.GrpcLogAppender (LogUtils.java:warn(122)) - omNode-2@group-523986131536->omNode-1-AppendLogResponseHandler: Failed appendEntries: org.apache.ratis.thirdparty.io.grpc.StatusRuntimeException: UNAVAILABLE: io exception
2021-01-11 13:55:53,310 [grpc-default-executor-11] INFO  leader.FollowerInfo (FollowerInfoImpl.java:lambda$new$0(46)) - omNode-2@group-523986131536->omNode-1: nextIndex: updateUnconditionally 262 -> 45
2021-01-11 13:55:53,311 [grpc-default-executor-11] WARN  server.GrpcLogAppender (LogUtils.java:warn(122)) - omNode-2@group-523986131536->omNode-1-AppendLogResponseHandler: Failed appendEntries: org.apache.ratis.thirdparty.io.grpc.StatusRuntimeException: UNAVAILABLE: io exception
2021-01-11 13:55:53,311 [grpc-default-executor-11] INFO  leader.FollowerInfo (FollowerInfoImpl.java:lambda$new$0(46)) - omNode-2@group-523986131536->omNode-1: nextIndex: updateUnconditionally 263 -> 45
2021-01-11 13:55:53,314 [grpc-default-executor-8] WARN  server.GrpcLogAppender (LogUtils.java:warn(122)) - omNode-2@group-523986131536->omNode-1-AppendLogResponseHandler: Failed appendEntries: org.apache.ratis.thirdparty.io.grpc.StatusRuntimeException: UNAVAILABLE: io exception
2021-01-11 13:55:53,314 [grpc-default-executor-8] INFO  leader.FollowerInfo (FollowerInfoImpl.java:lambda$new$0(46)) - omNode-2@group-523986131536->omNode-1: nextIndex: updateUnconditionally 263 -> 45
2021-01-11 13:55:53,319 [grpc-default-executor-8] WARN  server.GrpcLogAppender (LogUtils.java:warn(122)) - omNode-2@group-523986131536->omNode-1-AppendLogResponseHandler: Failed appendEntries: org.apache.ratis.thirdparty.io.grpc.StatusRuntimeException: UNAVAILABLE: io exception
2021-01-11 13:55:53,319 [grpc-default-executor-8] INFO  leader.FollowerInfo (FollowerInfoImpl.java:lambda$new$0(46)) - omNode-2@group-523986131536->omNode-1: nextIndex: updateUnconditionally 264 -> 45
2021-01-11 13:55:53,320 [grpc-default-executor-4] WARN  server.GrpcLogAppender (LogUtils.java:warn(122)) - omNode-2@group-523986131536->omNode-1-AppendLogResponseHandler: Failed appendEntries: org.apache.ratis.thirdparty.io.grpc.StatusRuntimeException: UNAVAILABLE: io exception
2021-01-11 13:55:53,320 [grpc-default-executor-4] INFO  leader.FollowerInfo (FollowerInfoImpl.java:lambda$new$0(46)) - omNode-2@group-523986131536->omNode-1: nextIndex: updateUnconditionally 264 -> 45
2021-01-11 13:55:53,324 [grpc-default-executor-8] WARN  server.GrpcLogAppender (LogUtils.java:warn(122)) - omNode-2@group-523986131536->omNode-1-AppendLogResponseHandler: Failed appendEntries: org.apache.ratis.thirdparty.io.grpc.StatusRuntimeException: UNAVAILABLE: io exception
2021-01-11 13:55:53,324 [grpc-default-executor-8] INFO  leader.FollowerInfo (FollowerInfoImpl.java:lambda$new$0(46)) - omNode-2@group-523986131536->omNode-1: nextIndex: updateUnconditionally 265 -> 45
2021-01-11 13:55:53,328 [grpc-default-executor-4] WARN  server.GrpcLogAppender (LogUtils.java:warn(122)) - omNode-2@group-523986131536->omNode-1-AppendLogResponseHandler: Failed appendEntries: org.apache.ratis.thirdparty.io.grpc.StatusRuntimeException: UNAVAILABLE: io exception
2021-01-11 13:55:53,328 [grpc-default-executor-4] INFO  leader.FollowerInfo (FollowerInfoImpl.java:lambda$new$0(46)) - omNode-2@group-523986131536->omNode-1: nextIndex: updateUnconditionally 266 -> 45
2021-01-11 13:55:53,329 [grpc-default-executor-4] WARN  server.GrpcLogAppender (LogUtils.java:warn(122)) - omNode-2@group-523986131536->omNode-1-AppendLogResponseHandler: Failed appendEntries: org.apache.ratis.thirdparty.io.grpc.StatusRuntimeException: UNAVAILABLE: io exception
2021-01-11 13:55:53,329 [grpc-default-executor-4] INFO  leader.FollowerInfo (FollowerInfoImpl.java:lambda$new$0(46)) - omNode-2@group-523986131536->omNode-1: nextIndex: updateUnconditionally 267 -> 45
2021-01-11 13:55:53,332 [grpc-default-executor-4] WARN  server.GrpcLogAppender (LogUtils.java:warn(122)) - omNode-2@group-523986131536->omNode-1-AppendLogResponseHandler: Failed appendEntries: org.apache.ratis.thirdparty.io.grpc.StatusRuntimeException: UNAVAILABLE: io exception
2021-01-11 13:55:53,332 [grpc-default-executor-4] INFO  leader.FollowerInfo (FollowerInfoImpl.java:lambda$new$0(46)) - omNode-2@group-523986131536->omNode-1: nextIndex: updateUnconditionally 267 -> 45
2021-01-11 13:55:53,334 [grpc-default-executor-4] WARN  server.GrpcLogAppender (LogUtils.java:warn(122)) - omNode-2@group-523986131536->omNode-1-AppendLogResponseHandler: Failed appendEntries: org.apache.ratis.thirdparty.io.grpc.StatusRuntimeException: UNAVAILABLE: io exception
2021-01-11 13:55:53,334 [grpc-default-executor-4] INFO  leader.FollowerInfo (FollowerInfoImpl.java:lambda$new$0(46)) - omNode-2@group-523986131536->omNode-1: nextIndex: updateUnconditionally 268 -> 45
2021-01-11 13:55:53,335 [grpc-default-executor-4] WARN  server.GrpcLogAppender (LogUtils.java:warn(122)) - omNode-2@group-523986131536->omNode-1-AppendLogResponseHandler: Failed appendEntries: org.apache.ratis.thirdparty.io.grpc.StatusRuntimeException: UNAVAILABLE: io exception
2021-01-11 13:55:53,336 [grpc-default-executor-4] INFO  leader.FollowerInfo (FollowerInfoImpl.java:lambda$new$0(46)) - omNode-2@group-523986131536->omNode-1: nextIndex: updateUnconditionally 268 -> 45
2021-01-11 13:55:53,337 [grpc-default-executor-4] WARN  server.GrpcLogAppender (LogUtils.java:warn(122)) - omNode-2@group-523986131536->omNode-1-AppendLogResponseHandler: Failed appendEntries: org.apache.ratis.thirdparty.io.grpc.StatusRuntimeException: UNAVAILABLE: io exception
2021-01-11 13:55:53,337 [grpc-default-executor-4] INFO  leader.FollowerInfo (FollowerInfoImpl.java:lambda$new$0(46)) - omNode-2@group-523986131536->omNode-1: nextIndex: updateUnconditionally 269 -> 45
2021-01-11 13:55:53,339 [grpc-default-executor-8] WARN  server.GrpcLogAppender (LogUtils.java:warn(122)) - omNode-2@group-523986131536->omNode-1-AppendLogResponseHandler: Failed appendEntries: org.apache.ratis.thirdparty.io.grpc.StatusRuntimeException: UNAVAILABLE: io exception
2021-01-11 13:55:53,339 [grpc-default-executor-8] INFO  leader.FollowerInfo (FollowerInfoImpl.java:lambda$new$0(46)) - omNode-2@group-523986131536->omNode-1: nextIndex: updateUnconditionally 270 -> 45
2021-01-11 13:55:53,345 [grpc-default-executor-4] WARN  server.GrpcLogAppender (LogUtils.java:warn(122)) - omNode-2@group-523986131536->omNode-1-AppendLogResponseHandler: Failed appendEntries: org.apache.ratis.thirdparty.io.grpc.StatusRuntimeException: UNAVAILABLE: io exception
2021-01-11 13:55:53,346 [grpc-default-executor-4] INFO  leader.FollowerInfo (FollowerInfoImpl.java:lambda$new$0(46)) - omNode-2@group-523986131536->omNode-1: nextIndex: updateUnconditionally 270 -> 45
2021-01-11 13:55:53,347 [grpc-default-executor-4] WARN  server.GrpcLogAppender (LogUtils.java:warn(122)) - omNode-2@group-523986131536->omNode-1-AppendLogResponseHandler: Failed appendEntries: org.apache.ratis.thirdparty.io.grpc.StatusRuntimeException: UNAVAILABLE: io exception
2021-01-11 13:55:53,347 [grpc-default-executor-4] INFO  leader.FollowerInfo (FollowerInfoImpl.java:lambda$new$0(46)) - omNode-2@group-523986131536->omNode-1: nextIndex: updateUnconditionally 271 -> 45
2021-01-11 13:55:53,352 [grpc-default-executor-4] WARN  server.GrpcLogAppender (LogUtils.java:warn(122)) - omNode-2@group-523986131536->omNode-1-AppendLogResponseHandler: Failed appendEntries: org.apache.ratis.thirdparty.io.grpc.StatusRuntimeException: UNAVAILABLE: io exception
2021-01-11 13:55:53,352 [grpc-default-executor-4] INFO  leader.FollowerInfo (FollowerInfoImpl.java:lambda$new$0(46)) - omNode-2@group-523986131536->omNode-1: nextIndex: updateUnconditionally 271 -> 45
2021-01-11 13:55:53,352 [grpc-default-executor-4] WARN  server.GrpcLogAppender (LogUtils.java:warn(122)) - omNode-2@group-523986131536->omNode-1-AppendLogResponseHandler: Failed appendEntries: org.apache.ratis.thirdparty.io.grpc.StatusRuntimeException: UNAVAILABLE: io exception
2021-01-11 13:55:53,352 [grpc-default-executor-4] INFO  leader.FollowerInfo (FollowerInfoImpl.java:lambda$new$0(46)) - omNode-2@group-523986131536->omNode-1: nextIndex: updateUnconditionally 271 -> 45
2021-01-11 13:55:53,853 [grpc-default-executor-4] WARN  server.GrpcLogAppender (LogUtils.java:warn(122)) - omNode-2@group-523986131536->omNode-1-AppendLogResponseHandler: Failed appendEntries: org.apache.ratis.thirdparty.io.grpc.StatusRuntimeException: UNAVAILABLE: io exception
2021-01-11 13:55:53,853 [grpc-default-executor-4] INFO  leader.FollowerInfo (FollowerInfoImpl.java:lambda$new$0(46)) - omNode-2@group-523986131536->omNode-1: nextIndex: updateUnconditionally 271 -> 45
2021-01-11 13:55:53,855 [org.apache.ratis.util.JvmPauseMonitor$$Lambda$305/41066485@437c00d6] WARN  util.JvmPauseMonitor (JvmPauseMonitor.java:detectPause(124)) - JvmPauseMonitor-515d1186-b946-4ae1-b8cc-4f597259d7e8: Detected pause in JVM or host machine (eg GC): pause of approximately 109701451ns

GC pool 'PS MarkSweep' had collection(s): count=1 time=397ms
GC pool 'PS Scavenge' had collection(s): count=1 time=101ms
2021-01-11 13:55:53,857 [org.apache.ratis.util.JvmPauseMonitor$$Lambda$305/41066485@d37d5b3] WARN  util.JvmPauseMonitor (JvmPauseMonitor.java:detectPause(124)) - JvmPauseMonitor-omNode-3: Detected pause in JVM or host machine (eg GC): pause of approximately 242354466ns

GC pool 'PS MarkSweep' had collection(s): count=1 time=397ms
GC pool 'PS Scavenge' had collection(s): count=1 time=101ms
2021-01-11 13:55:53,857 [org.apache.ratis.util.JvmPauseMonitor$$Lambda$305/41066485@27e3504e] WARN  util.JvmPauseMonitor (JvmPauseMonitor.java:detectPause(124)) - JvmPauseMonitor-dd50be5a-5af1-4aec-ba2d-21cfbf161371: Detected pause in JVM or host machine (eg GC): pause of approximately 280111714ns

GC pool 'PS MarkSweep' had collection(s): count=1 time=397ms
GC pool 'PS Scavenge' had collection(s): count=1 time=101ms
2021-01-11 13:55:53,857 [org.apache.ratis.util.JvmPauseMonitor$$Lambda$305/41066485@4418144d] WARN  util.JvmPauseMonitor (JvmPauseMonitor.java:detectPause(124)) - JvmPauseMonitor-omNode-2: Detected pause in JVM or host machine (eg GC): pause of approximately 426426910ns

GC pool 'PS MarkSweep' had collection(s): count=1 time=397ms
GC pool 'PS Scavenge' had collection(s): count=1 time=101ms
2021-01-11 13:55:53,858 [org.apache.ratis.util.JvmPauseMonitor$$Lambda$305/41066485@3feb76cd] WARN  util.JvmPauseMonitor (JvmPauseMonitor.java:detectPause(124)) - JvmPauseMonitor-54c5675f-ba62-45ed-9220-9f8a0729676f: Detected pause in JVM or host machine (eg GC): pause of approximately 486087626ns

GC pool 'PS MarkSweep' had collection(s): count=1 time=397ms
GC pool 'PS Scavenge' had collection(s): count=1 time=101ms
2021-01-11 13:55:53,866 [grpc-default-executor-11] WARN  server.GrpcLogAppender (LogUtils.java:warn(122)) - omNode-2@group-523986131536->omNode-1-AppendLogResponseHandler: Failed appendEntries: org.apache.ratis.thirdparty.io.grpc.StatusRuntimeException: UNAVAILABLE: io exception
2021-01-11 13:55:53,867 [grpc-default-executor-11] INFO  leader.FollowerInfo (FollowerInfoImpl.java:lambda$new$0(46)) - omNode-2@group-523986131536->omNode-1: nextIndex: updateUnconditionally 272 -> 45
2021-01-11 13:55:53,877 [grpc-default-executor-11] WARN  server.GrpcLogAppender (LogUtils.java:warn(122)) - omNode-2@group-523986131536->omNode-1-AppendLogResponseHandler: Failed appendEntries: org.apache.ratis.thirdparty.io.grpc.StatusRuntimeException: UNAVAILABLE: io exception
2021-01-11 13:55:53,878 [grpc-default-executor-11] INFO  leader.FollowerInfo (FollowerInfoImpl.java:lambda$new$0(46)) - omNode-2@group-523986131536->omNode-1: nextIndex: updateUnconditionally 272 -> 45
2021-01-11 13:55:53,882 [grpc-default-executor-11] WARN  server.GrpcLogAppender (LogUtils.java:warn(122)) - omNode-2@group-523986131536->omNode-1-AppendLogResponseHandler: Failed appendEntries: org.apache.ratis.thirdparty.io.grpc.StatusRuntimeException: UNAVAILABLE: io exception
2021-01-11 13:55:53,883 [grpc-default-executor-11] INFO  leader.FollowerInfo (FollowerInfoImpl.java:lambda$new$0(46)) - omNode-2@group-523986131536->omNode-1: nextIndex: updateUnconditionally 273 -> 45
2021-01-11 13:55:53,888 [grpc-default-executor-11] WARN  server.GrpcLogAppender (LogUtils.java:warn(122)) - omNode-2@group-523986131536->omNode-1-AppendLogResponseHandler: Failed appendEntries: org.apache.ratis.thirdparty.io.grpc.StatusRuntimeException: UNAVAILABLE: io exception
2021-01-11 13:55:53,889 [grpc-default-executor-11] INFO  leader.FollowerInfo (FollowerInfoImpl.java:lambda$new$0(46)) - omNode-2@group-523986131536->omNode-1: nextIndex: updateUnconditionally 274 -> 45
2021-01-11 13:55:53,890 [grpc-default-executor-8] WARN  server.GrpcLogAppender (LogUtils.java:warn(122)) - omNode-2@group-523986131536->omNode-1-AppendLogResponseHandler: Failed appendEntries: org.apache.ratis.thirdparty.io.grpc.StatusRuntimeException: UNAVAILABLE: io exception
2021-01-11 13:55:53,890 [grpc-default-executor-8] INFO  leader.FollowerInfo (FollowerInfoImpl.java:lambda$new$0(46)) - omNode-2@group-523986131536->omNode-1: nextIndex: updateUnconditionally 274 -> 45
2021-01-11 13:55:53,893 [grpc-default-executor-8] WARN  server.GrpcLogAppender (LogUtils.java:warn(122)) - omNode-2@group-523986131536->omNode-1-AppendLogResponseHandler: Failed appendEntries: org.apache.ratis.thirdparty.io.grpc.StatusRuntimeException: UNAVAILABLE: io exception
2021-01-11 13:55:53,893 [grpc-default-executor-8] INFO  leader.FollowerInfo (FollowerInfoImpl.java:lambda$new$0(46)) - omNode-2@group-523986131536->omNode-1: nextIndex: updateUnconditionally 275 -> 45
2021-01-11 13:55:53,897 [grpc-default-executor-8] WARN  server.GrpcLogAppender (LogUtils.java:warn(122)) - omNode-2@group-523986131536->omNode-1-AppendLogResponseHandler: Failed appendEntries: org.apache.ratis.thirdparty.io.grpc.StatusRuntimeException: UNAVAILABLE: io exception
2021-01-11 13:55:53,897 [grpc-default-executor-8] INFO  leader.FollowerInfo (FollowerInfoImpl.java:lambda$new$0(46)) - omNode-2@group-523986131536->omNode-1: nextIndex: updateUnconditionally 275 -> 45
2021-01-11 13:55:53,897 [grpc-default-executor-8] WARN  server.GrpcLogAppender (LogUtils.java:warn(122)) - omNode-2@group-523986131536->omNode-1-AppendLogResponseHandler: Failed appendEntries: org.apache.ratis.thirdparty.io.grpc.StatusRuntimeException: UNAVAILABLE: io exception
2021-01-11 13:55:53,898 [grpc-default-executor-8] INFO  leader.FollowerInfo (FollowerInfoImpl.java:lambda$new$0(46)) - omNode-2@group-523986131536->omNode-1: nextIndex: updateUnconditionally 275 -> 45
2021-01-11 13:55:53,905 [grpc-default-executor-8] WARN  server.GrpcLogAppender (LogUtils.java:warn(122)) - omNode-2@group-523986131536->omNode-1-AppendLogResponseHandler: Failed appendEntries: org.apache.ratis.thirdparty.io.grpc.StatusRuntimeException: UNAVAILABLE: io exception
2021-01-11 13:55:53,905 [grpc-default-executor-8] INFO  leader.FollowerInfo (FollowerInfoImpl.java:lambda$new$0(46)) - omNode-2@group-523986131536->omNode-1: nextIndex: updateUnconditionally 276 -> 45
2021-01-11 13:55:53,911 [grpc-default-executor-8] WARN  server.GrpcLogAppender (LogUtils.java:warn(122)) - omNode-2@group-523986131536->omNode-1-AppendLogResponseHandler: Failed appendEntries: org.apache.ratis.thirdparty.io.grpc.StatusRuntimeException: UNAVAILABLE: io exception
2021-01-11 13:55:53,912 [grpc-default-executor-8] INFO  leader.FollowerInfo (FollowerInfoImpl.java:lambda$new$0(46)) - omNode-2@group-523986131536->omNode-1: nextIndex: updateUnconditionally 276 -> 45
2021-01-11 13:55:53,914 [grpc-default-executor-11] WARN  server.GrpcLogAppender (LogUtils.java:warn(122)) - omNode-2@group-523986131536->omNode-1-AppendLogResponseHandler: Failed appendEntries: org.apache.ratis.thirdparty.io.grpc.StatusRuntimeException: UNAVAILABLE: io exception
2021-01-11 13:55:53,914 [grpc-default-executor-11] INFO  leader.FollowerInfo (FollowerInfoImpl.java:lambda$new$0(46)) - omNode-2@group-523986131536->omNode-1: nextIndex: updateUnconditionally 277 -> 45
2021-01-11 13:55:53,915 [grpc-default-executor-8] WARN  server.GrpcLogAppender (LogUtils.java:warn(122)) - omNode-2@group-523986131536->omNode-1-AppendLogResponseHandler: Failed appendEntries: org.apache.ratis.thirdparty.io.grpc.StatusRuntimeException: UNAVAILABLE: io exception
2021-01-11 13:55:53,915 [grpc-default-executor-8] INFO  leader.FollowerInfo (FollowerInfoImpl.java:lambda$new$0(46)) - omNode-2@group-523986131536->omNode-1: nextIndex: updateUnconditionally 278 -> 45
2021-01-11 13:55:53,918 [grpc-default-executor-8] WARN  server.GrpcLogAppender (LogUtils.java:warn(122)) - omNode-2@group-523986131536->omNode-1-AppendLogResponseHandler: Failed appendEntries: org.apache.ratis.thirdparty.io.grpc.StatusRuntimeException: UNAVAILABLE: io exception
2021-01-11 13:55:53,918 [grpc-default-executor-8] INFO  leader.FollowerInfo (FollowerInfoImpl.java:lambda$new$0(46)) - omNode-2@group-523986131536->omNode-1: nextIndex: updateUnconditionally 278 -> 45
2021-01-11 13:55:53,919 [grpc-default-executor-8] WARN  server.GrpcLogAppender (LogUtils.java:warn(122)) - omNode-2@group-523986131536->omNode-1-AppendLogResponseHandler: Failed appendEntries: org.apache.ratis.thirdparty.io.grpc.StatusRuntimeException: UNAVAILABLE: io exception
2021-01-11 13:55:53,919 [grpc-default-executor-8] INFO  leader.FollowerInfo (FollowerInfoImpl.java:lambda$new$0(46)) - omNode-2@group-523986131536->omNode-1: nextIndex: updateUnconditionally 278 -> 45
2021-01-11 13:55:53,925 [grpc-default-executor-8] WARN  server.GrpcLogAppender (LogUtils.java:warn(122)) - omNode-2@group-523986131536->omNode-1-AppendLogResponseHandler: Failed appendEntries: org.apache.ratis.thirdparty.io.grpc.StatusRuntimeException: UNAVAILABLE: io exception
2021-01-11 13:55:53,925 [grpc-default-executor-8] INFO  leader.FollowerInfo (FollowerInfoImpl.java:lambda$new$0(46)) - omNode-2@group-523986131536->omNode-1: nextIndex: updateUnconditionally 279 -> 45
2021-01-11 13:55:53,928 [grpc-default-executor-8] WARN  server.GrpcLogAppender (LogUtils.java:warn(122)) - omNode-2@group-523986131536->omNode-1-AppendLogResponseHandler: Failed appendEntries: org.apache.ratis.thirdparty.io.grpc.StatusRuntimeException: UNAVAILABLE: io exception
2021-01-11 13:55:53,929 [grpc-default-executor-8] INFO  leader.FollowerInfo (FollowerInfoImpl.java:lambda$new$0(46)) - omNode-2@group-523986131536->omNode-1: nextIndex: updateUnconditionally 279 -> 45
2021-01-11 13:55:53,929 [grpc-default-executor-8] WARN  server.GrpcLogAppender (LogUtils.java:warn(122)) - omNode-2@group-523986131536->omNode-1-AppendLogResponseHandler: Failed appendEntries: org.apache.ratis.thirdparty.io.grpc.StatusRuntimeException: UNAVAILABLE: io exception
2021-01-11 13:55:53,929 [grpc-default-executor-8] INFO  leader.FollowerInfo (FollowerInfoImpl.java:lambda$new$0(46)) - omNode-2@group-523986131536->omNode-1: nextIndex: updateUnconditionally 279 -> 45
2021-01-11 13:55:53,932 [grpc-default-executor-11] WARN  server.GrpcLogAppender (LogUtils.java:warn(122)) - omNode-2@group-523986131536->omNode-1-AppendLogResponseHandler: Failed appendEntries: org.apache.ratis.thirdparty.io.grpc.StatusRuntimeException: UNAVAILABLE: io exception
2021-01-11 13:55:53,932 [grpc-default-executor-11] INFO  leader.FollowerInfo (FollowerInfoImpl.java:lambda$new$0(46)) - omNode-2@group-523986131536->omNode-1: nextIndex: updateUnconditionally 280 -> 45
2021-01-11 13:55:53,934 [grpc-default-executor-11] WARN  server.GrpcLogAppender (LogUtils.java:warn(122)) - omNode-2@group-523986131536->omNode-1-AppendLogResponseHandler: Failed appendEntries: org.apache.ratis.thirdparty.io.grpc.StatusRuntimeException: UNAVAILABLE: io exception
2021-01-11 13:55:53,934 [grpc-default-executor-11] INFO  leader.FollowerInfo (FollowerInfoImpl.java:lambda$new$0(46)) - omNode-2@group-523986131536->omNode-1: nextIndex: updateUnconditionally 280 -> 45
2021-01-11 13:55:53,936 [grpc-default-executor-8] WARN  server.GrpcLogAppender (LogUtils.java:warn(122)) - omNode-2@group-523986131536->omNode-1-AppendLogResponseHandler: Failed appendEntries: org.apache.ratis.thirdparty.io.grpc.StatusRuntimeException: UNAVAILABLE: io exception
2021-01-11 13:55:53,936 [grpc-default-executor-8] INFO  leader.FollowerInfo (FollowerInfoImpl.java:lambda$new$0(46)) - omNode-2@group-523986131536->omNode-1: nextIndex: updateUnconditionally 281 -> 45
2021-01-11 13:55:53,937 [grpc-default-executor-11] WARN  server.GrpcLogAppender (LogUtils.java:warn(122)) - omNode-2@group-523986131536->omNode-1-AppendLogResponseHandler: Failed appendEntries: org.apache.ratis.thirdparty.io.grpc.StatusRuntimeException: UNAVAILABLE: io exception
2021-01-11 13:55:53,937 [grpc-default-executor-11] INFO  leader.FollowerInfo (FollowerInfoImpl.java:lambda$new$0(46)) - omNode-2@group-523986131536->omNode-1: nextIndex: updateUnconditionally 282 -> 45
2021-01-11 13:55:53,939 [grpc-default-executor-11] WARN  server.GrpcLogAppender (LogUtils.java:warn(122)) - omNode-2@group-523986131536->omNode-1-AppendLogResponseHandler: Failed appendEntries: org.apache.ratis.thirdparty.io.grpc.StatusRuntimeException: UNAVAILABLE: io exception
2021-01-11 13:55:53,939 [grpc-default-executor-11] INFO  leader.FollowerInfo (FollowerInfoImpl.java:lambda$new$0(46)) - omNode-2@group-523986131536->omNode-1: nextIndex: updateUnconditionally 282 -> 45
2021-01-11 13:55:53,943 [grpc-default-executor-11] WARN  server.GrpcLogAppender (LogUtils.java:warn(122)) - omNode-2@group-523986131536->omNode-1-AppendLogResponseHandler: Failed appendEntries: org.apache.ratis.thirdparty.io.grpc.StatusRuntimeException: UNAVAILABLE: io exception
2021-01-11 13:55:53,943 [grpc-default-executor-11] INFO  leader.FollowerInfo (FollowerInfoImpl.java:lambda$new$0(46)) - omNode-2@group-523986131536->omNode-1: nextIndex: updateUnconditionally 283 -> 45
2021-01-11 13:55:53,947 [grpc-default-executor-8] WARN  server.GrpcLogAppender (LogUtils.java:warn(122)) - omNode-2@group-523986131536->omNode-1-AppendLogResponseHandler: Failed appendEntries: org.apache.ratis.thirdparty.io.grpc.StatusRuntimeException: UNAVAILABLE: io exception
2021-01-11 13:55:53,947 [grpc-default-executor-8] INFO  leader.FollowerInfo (FollowerInfoImpl.java:lambda$new$0(46)) - omNode-2@group-523986131536->omNode-1: nextIndex: updateUnconditionally 284 -> 45
2021-01-11 13:55:53,951 [grpc-default-executor-11] WARN  server.GrpcLogAppender (LogUtils.java:warn(122)) - omNode-2@group-523986131536->omNode-1-AppendLogResponseHandler: Failed appendEntries: org.apache.ratis.thirdparty.io.grpc.StatusRuntimeException: UNAVAILABLE: io exception
2021-01-11 13:55:53,951 [grpc-default-executor-11] INFO  leader.FollowerInfo (FollowerInfoImpl.java:lambda$new$0(46)) - omNode-2@group-523986131536->omNode-1: nextIndex: updateUnconditionally 284 -> 45
2021-01-11 13:55:53,957 [grpc-default-executor-8] WARN  server.GrpcLogAppender (LogUtils.java:warn(122)) - omNode-2@group-523986131536->omNode-1-AppendLogResponseHandler: Failed appendEntries: org.apache.ratis.thirdparty.io.grpc.StatusRuntimeException: UNAVAILABLE: io exception
2021-01-11 13:55:53,957 [grpc-default-executor-8] INFO  leader.FollowerInfo (FollowerInfoImpl.java:lambda$new$0(46)) - omNode-2@group-523986131536->omNode-1: nextIndex: updateUnconditionally 285 -> 45
2021-01-11 13:55:53,959 [grpc-default-executor-8] WARN  server.GrpcLogAppender (LogUtils.java:warn(122)) - omNode-2@group-523986131536->omNode-1-AppendLogResponseHandler: Failed appendEntries: org.apache.ratis.thirdparty.io.grpc.StatusRuntimeException: UNAVAILABLE: io exception
2021-01-11 13:55:53,959 [grpc-default-executor-8] INFO  leader.FollowerInfo (FollowerInfoImpl.java:lambda$new$0(46)) - omNode-2@group-523986131536->omNode-1: nextIndex: updateUnconditionally 286 -> 45
2021-01-11 13:55:53,962 [grpc-default-executor-8] WARN  server.GrpcLogAppender (LogUtils.java:warn(122)) - omNode-2@group-523986131536->omNode-1-AppendLogResponseHandler: Failed appendEntries: org.apache.ratis.thirdparty.io.grpc.StatusRuntimeException: UNAVAILABLE: io exception
2021-01-11 13:55:53,962 [grpc-default-executor-8] INFO  leader.FollowerInfo (FollowerInfoImpl.java:lambda$new$0(46)) - omNode-2@group-523986131536->omNode-1: nextIndex: updateUnconditionally 286 -> 45
2021-01-11 13:55:53,963 [grpc-default-executor-11] WARN  server.GrpcLogAppender (LogUtils.java:warn(122)) - omNode-2@group-523986131536->omNode-1-AppendLogResponseHandler: Failed appendEntries: org.apache.ratis.thirdparty.io.grpc.StatusRuntimeException: UNAVAILABLE: io exception
2021-01-11 13:55:53,963 [grpc-default-executor-11] INFO  leader.FollowerInfo (FollowerInfoImpl.java:lambda$new$0(46)) - omNode-2@group-523986131536->omNode-1: nextIndex: updateUnconditionally 286 -> 45
2021-01-11 13:55:53,964 [grpc-default-executor-11] WARN  server.GrpcLogAppender (LogUtils.java:warn(122)) - omNode-2@group-523986131536->omNode-1-AppendLogResponseHandler: Failed appendEntries: org.apache.ratis.thirdparty.io.grpc.StatusRuntimeException: UNAVAILABLE: io exception
2021-01-11 13:55:53,964 [grpc-default-executor-11] INFO  leader.FollowerInfo (FollowerInfoImpl.java:lambda$new$0(46)) - omNode-2@group-523986131536->omNode-1: nextIndex: updateUnconditionally 287 -> 45
2021-01-11 13:55:53,969 [grpc-default-executor-11] WARN  server.GrpcLogAppender (LogUtils.java:warn(122)) - omNode-2@group-523986131536->omNode-1-AppendLogResponseHandler: Failed appendEntries: org.apache.ratis.thirdparty.io.grpc.StatusRuntimeException: UNAVAILABLE: io exception
2021-01-11 13:55:53,969 [grpc-default-executor-11] INFO  leader.FollowerInfo (FollowerInfoImpl.java:lambda$new$0(46)) - omNode-2@group-523986131536->omNode-1: nextIndex: updateUnconditionally 287 -> 45
2021-01-11 13:55:53,973 [grpc-default-executor-8] WARN  server.GrpcLogAppender (LogUtils.java:warn(122)) - omNode-2@group-523986131536->omNode-1-AppendLogResponseHandler: Failed appendEntries: org.apache.ratis.thirdparty.io.grpc.StatusRuntimeException: UNAVAILABLE: io exception
2021-01-11 13:55:53,973 [grpc-default-executor-8] INFO  leader.FollowerInfo (FollowerInfoImpl.java:lambda$new$0(46)) - omNode-2@group-523986131536->omNode-1: nextIndex: updateUnconditionally 288 -> 45
2021-01-11 13:55:53,977 [grpc-default-executor-8] WARN  server.GrpcLogAppender (LogUtils.java:warn(122)) - omNode-2@group-523986131536->omNode-1-AppendLogResponseHandler: Failed appendEntries: org.apache.ratis.thirdparty.io.grpc.StatusRuntimeException: UNAVAILABLE: io exception
2021-01-11 13:55:53,977 [grpc-default-executor-8] INFO  leader.FollowerInfo (FollowerInfoImpl.java:lambda$new$0(46)) - omNode-2@group-523986131536->omNode-1: nextIndex: updateUnconditionally 289 -> 45
2021-01-11 13:55:53,978 [grpc-default-executor-8] WARN  server.GrpcLogAppender (LogUtils.java:warn(122)) - omNode-2@group-523986131536->omNode-1-AppendLogResponseHandler: Failed appendEntries: org.apache.ratis.thirdparty.io.grpc.StatusRuntimeException: UNAVAILABLE: io exception
2021-01-11 13:55:53,979 [grpc-default-executor-8] INFO  leader.FollowerInfo (FollowerInfoImpl.java:lambda$new$0(46)) - omNode-2@group-523986131536->omNode-1: nextIndex: updateUnconditionally 290 -> 45
2021-01-11 13:55:53,979 [grpc-default-executor-8] WARN  server.GrpcLogAppender (LogUtils.java:warn(122)) - omNode-2@group-523986131536->omNode-1-AppendLogResponseHandler: Failed appendEntries: org.apache.ratis.thirdparty.io.grpc.StatusRuntimeException: UNAVAILABLE: io exception
2021-01-11 13:55:53,979 [grpc-default-executor-8] INFO  leader.FollowerInfo (FollowerInfoImpl.java:lambda$new$0(46)) - omNode-2@group-523986131536->omNode-1: nextIndex: updateUnconditionally 290 -> 45
2021-01-11 13:55:53,982 [grpc-default-executor-11] WARN  server.GrpcLogAppender (LogUtils.java:warn(122)) - omNode-2@group-523986131536->omNode-1-AppendLogResponseHandler: Failed appendEntries: org.apache.ratis.thirdparty.io.grpc.StatusRuntimeException: UNAVAILABLE: io exception
2021-01-11 13:55:53,982 [grpc-default-executor-11] INFO  leader.FollowerInfo (FollowerInfoImpl.java:lambda$new$0(46)) - omNode-2@group-523986131536->omNode-1: nextIndex: updateUnconditionally 291 -> 45
2021-01-11 13:55:53,986 [grpc-default-executor-11] WARN  server.GrpcLogAppender (LogUtils.java:warn(122)) - omNode-2@group-523986131536->omNode-1-AppendLogResponseHandler: Failed appendEntries: org.apache.ratis.thirdparty.io.grpc.StatusRuntimeException: UNAVAILABLE: io exception
2021-01-11 13:55:53,986 [grpc-default-executor-11] INFO  leader.FollowerInfo (FollowerInfoImpl.java:lambda$new$0(46)) - omNode-2@group-523986131536->omNode-1: nextIndex: updateUnconditionally 291 -> 45
2021-01-11 13:55:53,988 [grpc-default-executor-11] WARN  server.GrpcLogAppender (LogUtils.java:warn(122)) - omNode-2@group-523986131536->omNode-1-AppendLogResponseHandler: Failed appendEntries: org.apache.ratis.thirdparty.io.grpc.StatusRuntimeException: UNAVAILABLE: io exception
2021-01-11 13:55:53,988 [grpc-default-executor-11] INFO  leader.FollowerInfo (FollowerInfoImpl.java:lambda$new$0(46)) - omNode-2@group-523986131536->omNode-1: nextIndex: updateUnconditionally 292 -> 45
2021-01-11 13:55:53,990 [grpc-default-executor-11] WARN  server.GrpcLogAppender (LogUtils.java:warn(122)) - omNode-2@group-523986131536->omNode-1-AppendLogResponseHandler: Failed appendEntries: org.apache.ratis.thirdparty.io.grpc.StatusRuntimeException: UNAVAILABLE: io exception
2021-01-11 13:55:53,990 [grpc-default-executor-11] INFO  leader.FollowerInfo (FollowerInfoImpl.java:lambda$new$0(46)) - omNode-2@group-523986131536->omNode-1: nextIndex: updateUnconditionally 292 -> 45
2021-01-11 13:55:53,990 [grpc-default-executor-4] WARN  server.GrpcLogAppender (LogUtils.java:warn(122)) - omNode-2@group-523986131536->omNode-1-AppendLogResponseHandler: Failed appendEntries: org.apache.ratis.thirdparty.io.grpc.StatusRuntimeException: UNAVAILABLE: io exception
2021-01-11 13:55:53,991 [grpc-default-executor-4] INFO  leader.FollowerInfo (FollowerInfoImpl.java:lambda$new$0(46)) - omNode-2@group-523986131536->omNode-1: nextIndex: updateUnconditionally 293 -> 45
2021-01-11 13:55:53,993 [grpc-default-executor-11] WARN  server.GrpcLogAppender (LogUtils.java:warn(122)) - omNode-2@group-523986131536->omNode-1-AppendLogResponseHandler: Failed appendEntries: org.apache.ratis.thirdparty.io.grpc.StatusRuntimeException: UNAVAILABLE: io exception
2021-01-11 13:55:53,993 [grpc-default-executor-11] INFO  leader.FollowerInfo (FollowerInfoImpl.java:lambda$new$0(46)) - omNode-2@group-523986131536->omNode-1: nextIndex: updateUnconditionally 294 -> 45
2021-01-11 13:55:53,994 [grpc-default-executor-11] WARN  server.GrpcLogAppender (LogUtils.java:warn(122)) - omNode-2@group-523986131536->omNode-1-AppendLogResponseHandler: Failed appendEntries: org.apache.ratis.thirdparty.io.grpc.StatusRuntimeException: UNAVAILABLE: io exception
2021-01-11 13:55:53,994 [grpc-default-executor-11] INFO  leader.FollowerInfo (FollowerInfoImpl.java:lambda$new$0(46)) - omNode-2@group-523986131536->omNode-1: nextIndex: updateUnconditionally 294 -> 45
2021-01-11 13:55:53,995 [grpc-default-executor-11] WARN  server.GrpcLogAppender (LogUtils.java:warn(122)) - omNode-2@group-523986131536->omNode-1-AppendLogResponseHandler: Failed appendEntries: org.apache.ratis.thirdparty.io.grpc.StatusRuntimeException: UNAVAILABLE: io exception
2021-01-11 13:55:53,995 [grpc-default-executor-11] INFO  leader.FollowerInfo (FollowerInfoImpl.java:lambda$new$0(46)) - omNode-2@group-523986131536->omNode-1: nextIndex: updateUnconditionally 295 -> 45
2021-01-11 13:55:54,004 [grpc-default-executor-11] WARN  server.GrpcLogAppender (LogUtils.java:warn(122)) - omNode-2@group-523986131536->omNode-1-AppendLogResponseHandler: Failed appendEntries: org.apache.ratis.thirdparty.io.grpc.StatusRuntimeException: UNAVAILABLE: io exception
2021-01-11 13:55:54,004 [grpc-default-executor-11] INFO  leader.FollowerInfo (FollowerInfoImpl.java:lambda$new$0(46)) - omNode-2@group-523986131536->omNode-1: nextIndex: updateUnconditionally 295 -> 45
2021-01-11 13:55:54,012 [grpc-default-executor-4] WARN  server.GrpcLogAppender (LogUtils.java:warn(122)) - omNode-2@group-523986131536->omNode-1-AppendLogResponseHandler: Failed appendEntries: org.apache.ratis.thirdparty.io.grpc.StatusRuntimeException: UNAVAILABLE: io exception
2021-01-11 13:55:54,012 [grpc-default-executor-4] INFO  leader.FollowerInfo (FollowerInfoImpl.java:lambda$new$0(46)) - omNode-2@group-523986131536->omNode-1: nextIndex: updateUnconditionally 296 -> 45
2021-01-11 13:55:54,014 [grpc-default-executor-4] WARN  server.GrpcLogAppender (LogUtils.java:warn(122)) - omNode-2@group-523986131536->omNode-1-AppendLogResponseHandler: Failed appendEntries: org.apache.ratis.thirdparty.io.grpc.StatusRuntimeException: UNAVAILABLE: io exception
2021-01-11 13:55:54,014 [grpc-default-executor-4] INFO  leader.FollowerInfo (FollowerInfoImpl.java:lambda$new$0(46)) - omNode-2@group-523986131536->omNode-1: nextIndex: updateUnconditionally 296 -> 45
2021-01-11 13:55:54,016 [grpc-default-executor-11] WARN  server.GrpcLogAppender (LogUtils.java:warn(122)) - omNode-2@group-523986131536->omNode-1-AppendLogResponseHandler: Failed appendEntries: org.apache.ratis.thirdparty.io.grpc.StatusRuntimeException: UNAVAILABLE: io exception
2021-01-11 13:55:54,016 [grpc-default-executor-11] INFO  leader.FollowerInfo (FollowerInfoImpl.java:lambda$new$0(46)) - omNode-2@group-523986131536->omNode-1: nextIndex: updateUnconditionally 297 -> 45
2021-01-11 13:55:54,016 [grpc-default-executor-11] WARN  server.GrpcLogAppender (LogUtils.java:warn(122)) - omNode-2@group-523986131536->omNode-1-AppendLogResponseHandler: Failed appendEntries: org.apache.ratis.thirdparty.io.grpc.StatusRuntimeException: UNAVAILABLE: io exception
2021-01-11 13:55:54,017 [grpc-default-executor-11] INFO  leader.FollowerInfo (FollowerInfoImpl.java:lambda$new$0(46)) - omNode-2@group-523986131536->omNode-1: nextIndex: updateUnconditionally 298 -> 45
2021-01-11 13:55:54,019 [grpc-default-executor-4] WARN  server.GrpcLogAppender (LogUtils.java:warn(122)) - omNode-2@group-523986131536->omNode-1-AppendLogResponseHandler: Failed appendEntries: org.apache.ratis.thirdparty.io.grpc.StatusRuntimeException: UNAVAILABLE: io exception
2021-01-11 13:55:54,019 [grpc-default-executor-4] INFO  leader.FollowerInfo (FollowerInfoImpl.java:lambda$new$0(46)) - omNode-2@group-523986131536->omNode-1: nextIndex: updateUnconditionally 298 -> 45
2021-01-11 13:55:54,020 [grpc-default-executor-4] WARN  server.GrpcLogAppender (LogUtils.java:warn(122)) - omNode-2@group-523986131536->omNode-1-AppendLogResponseHandler: Failed appendEntries: org.apache.ratis.thirdparty.io.grpc.StatusRuntimeException: UNAVAILABLE: io exception
2021-01-11 13:55:54,020 [grpc-default-executor-4] INFO  leader.FollowerInfo (FollowerInfoImpl.java:lambda$new$0(46)) - omNode-2@group-523986131536->omNode-1: nextIndex: updateUnconditionally 298 -> 45
2021-01-11 13:55:54,021 [grpc-default-executor-4] WARN  server.GrpcLogAppender (LogUtils.java:warn(122)) - omNode-2@group-523986131536->omNode-1-AppendLogResponseHandler: Failed appendEntries: org.apache.ratis.thirdparty.io.grpc.StatusRuntimeException: UNAVAILABLE: io exception
2021-01-11 13:55:54,021 [grpc-default-executor-4] INFO  leader.FollowerInfo (FollowerInfoImpl.java:lambda$new$0(46)) - omNode-2@group-523986131536->omNode-1: nextIndex: updateUnconditionally 299 -> 45
2021-01-11 13:55:54,025 [omNode-2@group-523986131536-StateMachineUpdater] INFO  ratis.OzoneManagerStateMachine (OzoneManagerStateMachine.java:takeSnapshot(345)) - Current Snapshot Index (t:1, i:298)
2021-01-11 13:55:54,025 [omNode-2@group-523986131536-StateMachineUpdater] INFO  impl.StateMachineUpdater (StateMachineUpdater.java:takeSnapshot(279)) - omNode-2@group-523986131536-StateMachineUpdater: Took a snapshot at index 298
2021-01-11 13:55:54,025 [omNode-2@group-523986131536-StateMachineUpdater] INFO  impl.StateMachineUpdater (StateMachineUpdater.java:lambda$new$0(88)) - omNode-2@group-523986131536-StateMachineUpdater: snapshotIndex: updateIncreasingly 248 -> 298
2021-01-11 13:55:54,026 [omNode-2@group-523986131536-StateMachineUpdater] INFO  raftlog.RaftLog (RaftLogBase.java:purge(306)) - omNode-2@group-523986131536-SegmentedRaftLog: purge 298
2021-01-11 13:55:54,026 [omNode-2@group-523986131536-StateMachineUpdater] INFO  raftlog.RaftLog (RaftLogBase.java:lambda$new$0(53)) - omNode-2@group-523986131536-SegmentedRaftLog: snapshotIndex: updateIncreasingly 199 -> 298
2021-01-11 13:55:54,026 [omNode-2@group-523986131536-StateMachineUpdater] INFO  raftlog.RaftLog (RaftLogBase.java:lambda$new$0(53)) - omNode-2@group-523986131536-SegmentedRaftLog: purgeIndex: updateToMax old=199, new=298, updated? true
2021-01-11 13:55:54,026 [grpc-default-executor-4] WARN  server.GrpcLogAppender (LogUtils.java:warn(122)) - omNode-2@group-523986131536->omNode-1-AppendLogResponseHandler: Failed appendEntries: org.apache.ratis.thirdparty.io.grpc.StatusRuntimeException: UNAVAILABLE: io exception
2021-01-11 13:55:54,026 [grpc-default-executor-4] INFO  leader.FollowerInfo (FollowerInfoImpl.java:lambda$new$0(46)) - omNode-2@group-523986131536->omNode-1: nextIndex: updateUnconditionally 299 -> 45
2021-01-11 13:55:54,027 [grpc-default-executor-4] WARN  server.GrpcLogAppender (LogUtils.java:warn(122)) - omNode-2@group-523986131536->omNode-1-AppendLogResponseHandler: Failed appendEntries: org.apache.ratis.thirdparty.io.grpc.StatusRuntimeException: UNAVAILABLE: io exception
2021-01-11 13:55:54,027 [grpc-default-executor-4] INFO  leader.FollowerInfo (FollowerInfoImpl.java:lambda$new$0(46)) - omNode-2@group-523986131536->omNode-1: nextIndex: updateUnconditionally 299 -> 45
2021-01-11 13:55:54,031 [grpc-default-executor-4] WARN  server.GrpcLogAppender (LogUtils.java:warn(122)) - omNode-2@group-523986131536->omNode-1-AppendLogResponseHandler: Failed appendEntries: org.apache.ratis.thirdparty.io.grpc.StatusRuntimeException: UNAVAILABLE: io exception
2021-01-11 13:55:54,032 [grpc-default-executor-4] INFO  leader.FollowerInfo (FollowerInfoImpl.java:lambda$new$0(46)) - omNode-2@group-523986131536->omNode-1: nextIndex: updateUnconditionally 300 -> 45
2021-01-11 13:55:54,036 [grpc-default-executor-4] WARN  server.GrpcLogAppender (LogUtils.java:warn(122)) - omNode-2@group-523986131536->omNode-1-AppendLogResponseHandler: Failed appendEntries: org.apache.ratis.thirdparty.io.grpc.StatusRuntimeException: UNAVAILABLE: io exception
2021-01-11 13:55:54,036 [grpc-default-executor-4] INFO  leader.FollowerInfo (FollowerInfoImpl.java:lambda$new$0(46)) - omNode-2@group-523986131536->omNode-1: nextIndex: updateUnconditionally 300 -> 45
2021-01-11 13:55:54,038 [grpc-default-executor-4] WARN  server.GrpcLogAppender (LogUtils.java:warn(122)) - omNode-2@group-523986131536->omNode-1-AppendLogResponseHandler: Failed appendEntries: org.apache.ratis.thirdparty.io.grpc.StatusRuntimeException: UNAVAILABLE: io exception
2021-01-11 13:55:54,039 [grpc-default-executor-4] INFO  leader.FollowerInfo (FollowerInfoImpl.java:lambda$new$0(46)) - omNode-2@group-523986131536->omNode-1: nextIndex: updateUnconditionally 301 -> 45
2021-01-11 13:55:54,039 [omNode-3@group-523986131536-StateMachineUpdater] INFO  ratis.OzoneManagerStateMachine (OzoneManagerStateMachine.java:takeSnapshot(345)) - Current Snapshot Index (t:1, i:298)
2021-01-11 13:55:54,039 [omNode-3@group-523986131536-StateMachineUpdater] INFO  impl.StateMachineUpdater (StateMachineUpdater.java:takeSnapshot(279)) - omNode-3@group-523986131536-StateMachineUpdater: Took a snapshot at index 298
2021-01-11 13:55:54,039 [omNode-3@group-523986131536-StateMachineUpdater] INFO  impl.StateMachineUpdater (StateMachineUpdater.java:lambda$new$0(88)) - omNode-3@group-523986131536-StateMachineUpdater: snapshotIndex: updateIncreasingly 249 -> 298
2021-01-11 13:55:54,040 [grpc-default-executor-4] WARN  server.GrpcLogAppender (LogUtils.java:warn(122)) - omNode-2@group-523986131536->omNode-1-AppendLogResponseHandler: Failed appendEntries: org.apache.ratis.thirdparty.io.grpc.StatusRuntimeException: UNAVAILABLE: io exception
2021-01-11 13:55:54,040 [grpc-default-executor-4] INFO  leader.FollowerInfo (FollowerInfoImpl.java:lambda$new$0(46)) - omNode-2@group-523986131536->omNode-1: nextIndex: updateUnconditionally 302 -> 45
2021-01-11 13:55:54,042 [grpc-default-executor-4] WARN  server.GrpcLogAppender (LogUtils.java:warn(122)) - omNode-2@group-523986131536->omNode-1-AppendLogResponseHandler: Failed appendEntries: org.apache.ratis.thirdparty.io.grpc.StatusRuntimeException: UNAVAILABLE: io exception
2021-01-11 13:55:54,042 [grpc-default-executor-4] INFO  leader.FollowerInfo (FollowerInfoImpl.java:lambda$new$0(46)) - omNode-2@group-523986131536->omNode-1: nextIndex: updateUnconditionally 303 -> 45
2021-01-11 13:55:54,055 [grpc-default-executor-4] WARN  server.GrpcLogAppender (LogUtils.java:warn(122)) - omNode-2@group-523986131536->omNode-1-AppendLogResponseHandler: Failed appendEntries: org.apache.ratis.thirdparty.io.grpc.StatusRuntimeException: UNAVAILABLE: io exception
2021-01-11 13:55:54,056 [grpc-default-executor-4] INFO  leader.FollowerInfo (FollowerInfoImpl.java:lambda$new$0(46)) - omNode-2@group-523986131536->omNode-1: nextIndex: updateUnconditionally 303 -> 45
2021-01-11 13:55:54,057 [grpc-default-executor-4] WARN  server.GrpcLogAppender (LogUtils.java:warn(122)) - omNode-2@group-523986131536->omNode-1-AppendLogResponseHandler: Failed appendEntries: org.apache.ratis.thirdparty.io.grpc.StatusRuntimeException: UNAVAILABLE: io exception
2021-01-11 13:55:54,057 [grpc-default-executor-4] INFO  leader.FollowerInfo (FollowerInfoImpl.java:lambda$new$0(46)) - omNode-2@group-523986131536->omNode-1: nextIndex: updateUnconditionally 304 -> 45
2021-01-11 13:55:54,068 [grpc-default-executor-4] WARN  server.GrpcLogAppender (LogUtils.java:warn(122)) - omNode-2@group-523986131536->omNode-1-AppendLogResponseHandler: Failed appendEntries: org.apache.ratis.thirdparty.io.grpc.StatusRuntimeException: UNAVAILABLE: io exception
2021-01-11 13:55:54,068 [grpc-default-executor-4] INFO  leader.FollowerInfo (FollowerInfoImpl.java:lambda$new$0(46)) - omNode-2@group-523986131536->omNode-1: nextIndex: updateUnconditionally 304 -> 45
2021-01-11 13:55:54,069 [grpc-default-executor-11] WARN  server.GrpcLogAppender (LogUtils.java:warn(122)) - omNode-2@group-523986131536->omNode-1-AppendLogResponseHandler: Failed appendEntries: org.apache.ratis.thirdparty.io.grpc.StatusRuntimeException: UNAVAILABLE: io exception
2021-01-11 13:55:54,069 [grpc-default-executor-11] INFO  leader.FollowerInfo (FollowerInfoImpl.java:lambda$new$0(46)) - omNode-2@group-523986131536->omNode-1: nextIndex: updateUnconditionally 305 -> 45
2021-01-11 13:55:54,071 [grpc-default-executor-4] WARN  server.GrpcLogAppender (LogUtils.java:warn(122)) - omNode-2@group-523986131536->omNode-1-AppendLogResponseHandler: Failed appendEntries: org.apache.ratis.thirdparty.io.grpc.StatusRuntimeException: UNAVAILABLE: io exception
2021-01-11 13:55:54,071 [grpc-default-executor-4] INFO  leader.FollowerInfo (FollowerInfoImpl.java:lambda$new$0(46)) - omNode-2@group-523986131536->omNode-1: nextIndex: updateUnconditionally 306 -> 45
2021-01-11 13:55:54,083 [grpc-default-executor-4] WARN  server.GrpcLogAppender (LogUtils.java:warn(122)) - omNode-2@group-523986131536->omNode-1-AppendLogResponseHandler: Failed appendEntries: org.apache.ratis.thirdparty.io.grpc.StatusRuntimeException: UNAVAILABLE: io exception
2021-01-11 13:55:54,083 [grpc-default-executor-4] INFO  leader.FollowerInfo (FollowerInfoImpl.java:lambda$new$0(46)) - omNode-2@group-523986131536->omNode-1: nextIndex: updateUnconditionally 306 -> 45
2021-01-11 13:55:54,084 [grpc-default-executor-4] WARN  server.GrpcLogAppender (LogUtils.java:warn(122)) - omNode-2@group-523986131536->omNode-1-AppendLogResponseHandler: Failed appendEntries: org.apache.ratis.thirdparty.io.grpc.StatusRuntimeException: UNAVAILABLE: io exception
2021-01-11 13:55:54,084 [grpc-default-executor-4] INFO  leader.FollowerInfo (FollowerInfoImpl.java:lambda$new$0(46)) - omNode-2@group-523986131536->omNode-1: nextIndex: updateUnconditionally 306 -> 45
2021-01-11 13:55:54,086 [grpc-default-executor-4] WARN  server.GrpcLogAppender (LogUtils.java:warn(122)) - omNode-2@group-523986131536->omNode-1-AppendLogResponseHandler: Failed appendEntries: org.apache.ratis.thirdparty.io.grpc.StatusRuntimeException: UNAVAILABLE: io exception
2021-01-11 13:55:54,086 [grpc-default-executor-4] INFO  leader.FollowerInfo (FollowerInfoImpl.java:lambda$new$0(46)) - omNode-2@group-523986131536->omNode-1: nextIndex: updateUnconditionally 307 -> 45
2021-01-11 13:55:54,091 [grpc-default-executor-11] WARN  server.GrpcLogAppender (LogUtils.java:warn(122)) - omNode-2@group-523986131536->omNode-1-AppendLogResponseHandler: Failed appendEntries: org.apache.ratis.thirdparty.io.grpc.StatusRuntimeException: UNAVAILABLE: io exception
2021-01-11 13:55:54,091 [grpc-default-executor-11] INFO  leader.FollowerInfo (FollowerInfoImpl.java:lambda$new$0(46)) - omNode-2@group-523986131536->omNode-1: nextIndex: updateUnconditionally 307 -> 45
2021-01-11 13:55:54,092 [grpc-default-executor-11] WARN  server.GrpcLogAppender (LogUtils.java:warn(122)) - omNode-2@group-523986131536->omNode-1-AppendLogResponseHandler: Failed appendEntries: org.apache.ratis.thirdparty.io.grpc.StatusRuntimeException: UNAVAILABLE: io exception
2021-01-11 13:55:54,092 [grpc-default-executor-11] INFO  leader.FollowerInfo (FollowerInfoImpl.java:lambda$new$0(46)) - omNode-2@group-523986131536->omNode-1: nextIndex: updateUnconditionally 307 -> 45
2021-01-11 13:55:54,096 [grpc-default-executor-4] WARN  server.GrpcLogAppender (LogUtils.java:warn(122)) - omNode-2@group-523986131536->omNode-1-AppendLogResponseHandler: Failed appendEntries: org.apache.ratis.thirdparty.io.grpc.StatusRuntimeException: UNAVAILABLE: io exception
2021-01-11 13:55:54,096 [grpc-default-executor-4] INFO  leader.FollowerInfo (FollowerInfoImpl.java:lambda$new$0(46)) - omNode-2@group-523986131536->omNode-1: nextIndex: updateUnconditionally 308 -> 45
2021-01-11 13:55:54,100 [grpc-default-executor-4] WARN  server.GrpcLogAppender (LogUtils.java:warn(122)) - omNode-2@group-523986131536->omNode-1-AppendLogResponseHandler: Failed appendEntries: org.apache.ratis.thirdparty.io.grpc.StatusRuntimeException: UNAVAILABLE: io exception
2021-01-11 13:55:54,100 [grpc-default-executor-4] INFO  leader.FollowerInfo (FollowerInfoImpl.java:lambda$new$0(46)) - omNode-2@group-523986131536->omNode-1: nextIndex: updateUnconditionally 308 -> 45
2021-01-11 13:55:54,100 [grpc-default-executor-11] WARN  server.GrpcLogAppender (LogUtils.java:warn(122)) - omNode-2@group-523986131536->omNode-1-AppendLogResponseHandler: Failed appendEntries: org.apache.ratis.thirdparty.io.grpc.StatusRuntimeException: UNAVAILABLE: io exception
2021-01-11 13:55:54,101 [grpc-default-executor-11] INFO  leader.FollowerInfo (FollowerInfoImpl.java:lambda$new$0(46)) - omNode-2@group-523986131536->omNode-1: nextIndex: updateUnconditionally 309 -> 45
2021-01-11 13:55:54,103 [grpc-default-executor-4] WARN  server.GrpcLogAppender (LogUtils.java:warn(122)) - omNode-2@group-523986131536->omNode-1-AppendLogResponseHandler: Failed appendEntries: org.apache.ratis.thirdparty.io.grpc.StatusRuntimeException: UNAVAILABLE: io exception
2021-01-11 13:55:54,103 [grpc-default-executor-4] INFO  leader.FollowerInfo (FollowerInfoImpl.java:lambda$new$0(46)) - omNode-2@group-523986131536->omNode-1: nextIndex: updateUnconditionally 310 -> 45
2021-01-11 13:55:54,108 [grpc-default-executor-11] WARN  server.GrpcLogAppender (LogUtils.java:warn(122)) - omNode-2@group-523986131536->omNode-1-AppendLogResponseHandler: Failed appendEntries: org.apache.ratis.thirdparty.io.grpc.StatusRuntimeException: UNAVAILABLE: io exception
2021-01-11 13:55:54,108 [grpc-default-executor-11] INFO  leader.FollowerInfo (FollowerInfoImpl.java:lambda$new$0(46)) - omNode-2@group-523986131536->omNode-1: nextIndex: updateUnconditionally 310 -> 45
2021-01-11 13:55:54,111 [grpc-default-executor-11] WARN  server.GrpcLogAppender (LogUtils.java:warn(122)) - omNode-2@group-523986131536->omNode-1-AppendLogResponseHandler: Failed appendEntries: org.apache.ratis.thirdparty.io.grpc.StatusRuntimeException: UNAVAILABLE: io exception
2021-01-11 13:55:54,111 [grpc-default-executor-11] INFO  leader.FollowerInfo (FollowerInfoImpl.java:lambda$new$0(46)) - omNode-2@group-523986131536->omNode-1: nextIndex: updateUnconditionally 311 -> 45
2021-01-11 13:55:54,116 [grpc-default-executor-4] WARN  server.GrpcLogAppender (LogUtils.java:warn(122)) - omNode-2@group-523986131536->omNode-1-AppendLogResponseHandler: Failed appendEntries: org.apache.ratis.thirdparty.io.grpc.StatusRuntimeException: UNAVAILABLE: io exception
2021-01-11 13:55:54,117 [grpc-default-executor-4] INFO  leader.FollowerInfo (FollowerInfoImpl.java:lambda$new$0(46)) - omNode-2@group-523986131536->omNode-1: nextIndex: updateUnconditionally 311 -> 45
2021-01-11 13:55:54,118 [grpc-default-executor-11] WARN  server.GrpcLogAppender (LogUtils.java:warn(122)) - omNode-2@group-523986131536->omNode-1-AppendLogResponseHandler: Failed appendEntries: org.apache.ratis.thirdparty.io.grpc.StatusRuntimeException: UNAVAILABLE: io exception
2021-01-11 13:55:54,118 [grpc-default-executor-11] INFO  leader.FollowerInfo (FollowerInfoImpl.java:lambda$new$0(46)) - omNode-2@group-523986131536->omNode-1: nextIndex: updateUnconditionally 312 -> 45
2021-01-11 13:55:54,120 [grpc-default-executor-11] WARN  server.GrpcLogAppender (LogUtils.java:warn(122)) - omNode-2@group-523986131536->omNode-1-AppendLogResponseHandler: Failed appendEntries: org.apache.ratis.thirdparty.io.grpc.StatusRuntimeException: UNAVAILABLE: io exception
2021-01-11 13:55:54,120 [grpc-default-executor-11] INFO  leader.FollowerInfo (FollowerInfoImpl.java:lambda$new$0(46)) - omNode-2@group-523986131536->omNode-1: nextIndex: updateUnconditionally 312 -> 45
2021-01-11 13:55:54,121 [grpc-default-executor-11] WARN  server.GrpcLogAppender (LogUtils.java:warn(122)) - omNode-2@group-523986131536->omNode-1-AppendLogResponseHandler: Failed appendEntries: org.apache.ratis.thirdparty.io.grpc.StatusRuntimeException: UNAVAILABLE: io exception
2021-01-11 13:55:54,121 [grpc-default-executor-11] INFO  leader.FollowerInfo (FollowerInfoImpl.java:lambda$new$0(46)) - omNode-2@group-523986131536->omNode-1: nextIndex: updateUnconditionally 313 -> 45
2021-01-11 13:55:54,124 [grpc-default-executor-11] WARN  server.GrpcLogAppender (LogUtils.java:warn(122)) - omNode-2@group-523986131536->omNode-1-AppendLogResponseHandler: Failed appendEntries: org.apache.ratis.thirdparty.io.grpc.StatusRuntimeException: UNAVAILABLE: io exception
2021-01-11 13:55:54,124 [grpc-default-executor-11] INFO  leader.FollowerInfo (FollowerInfoImpl.java:lambda$new$0(46)) - omNode-2@group-523986131536->omNode-1: nextIndex: updateUnconditionally 313 -> 45
2021-01-11 13:55:54,125 [grpc-default-executor-11] WARN  server.GrpcLogAppender (LogUtils.java:warn(122)) - omNode-2@group-523986131536->omNode-1-AppendLogResponseHandler: Failed appendEntries: org.apache.ratis.thirdparty.io.grpc.StatusRuntimeException: UNAVAILABLE: io exception
2021-01-11 13:55:54,125 [grpc-default-executor-11] INFO  leader.FollowerInfo (FollowerInfoImpl.java:lambda$new$0(46)) - omNode-2@group-523986131536->omNode-1: nextIndex: updateUnconditionally 313 -> 45
2021-01-11 13:55:54,126 [grpc-default-executor-4] WARN  server.GrpcLogAppender (LogUtils.java:warn(122)) - omNode-2@group-523986131536->omNode-1-AppendLogResponseHandler: Failed appendEntries: org.apache.ratis.thirdparty.io.grpc.StatusRuntimeException: UNAVAILABLE: io exception
2021-01-11 13:55:54,126 [grpc-default-executor-4] INFO  leader.FollowerInfo (FollowerInfoImpl.java:lambda$new$0(46)) - omNode-2@group-523986131536->omNode-1: nextIndex: updateUnconditionally 314 -> 45
2021-01-11 13:55:54,129 [grpc-default-executor-11] WARN  server.GrpcLogAppender (LogUtils.java:warn(122)) - omNode-2@group-523986131536->omNode-1-AppendLogResponseHandler: Failed appendEntries: org.apache.ratis.thirdparty.io.grpc.StatusRuntimeException: UNAVAILABLE: io exception
2021-01-11 13:55:54,129 [grpc-default-executor-11] INFO  leader.FollowerInfo (FollowerInfoImpl.java:lambda$new$0(46)) - omNode-2@group-523986131536->omNode-1: nextIndex: updateUnconditionally 314 -> 45
2021-01-11 13:55:54,130 [grpc-default-executor-4] WARN  server.GrpcLogAppender (LogUtils.java:warn(122)) - omNode-2@group-523986131536->omNode-1-AppendLogResponseHandler: Failed appendEntries: org.apache.ratis.thirdparty.io.grpc.StatusRuntimeException: UNAVAILABLE: io exception
2021-01-11 13:55:54,130 [grpc-default-executor-4] INFO  leader.FollowerInfo (FollowerInfoImpl.java:lambda$new$0(46)) - omNode-2@group-523986131536->omNode-1: nextIndex: updateUnconditionally 315 -> 45
2021-01-11 13:55:54,136 [grpc-default-executor-11] WARN  server.GrpcLogAppender (LogUtils.java:warn(122)) - omNode-2@group-523986131536->omNode-1-AppendLogResponseHandler: Failed appendEntries: org.apache.ratis.thirdparty.io.grpc.StatusRuntimeException: UNAVAILABLE: io exception
2021-01-11 13:55:54,136 [grpc-default-executor-11] INFO  leader.FollowerInfo (FollowerInfoImpl.java:lambda$new$0(46)) - omNode-2@group-523986131536->omNode-1: nextIndex: updateUnconditionally 315 -> 45
2021-01-11 13:55:54,137 [grpc-default-executor-11] WARN  server.GrpcLogAppender (LogUtils.java:warn(122)) - omNode-2@group-523986131536->omNode-1-AppendLogResponseHandler: Failed appendEntries: org.apache.ratis.thirdparty.io.grpc.StatusRuntimeException: UNAVAILABLE: io exception
2021-01-11 13:55:54,137 [grpc-default-executor-11] INFO  leader.FollowerInfo (FollowerInfoImpl.java:lambda$new$0(46)) - omNode-2@group-523986131536->omNode-1: nextIndex: updateUnconditionally 315 -> 45
2021-01-11 13:55:54,145 [grpc-default-executor-11] WARN  server.GrpcLogAppender (LogUtils.java:warn(122)) - omNode-2@group-523986131536->omNode-1-AppendLogResponseHandler: Failed appendEntries: org.apache.ratis.thirdparty.io.grpc.StatusRuntimeException: UNAVAILABLE: io exception
2021-01-11 13:55:54,145 [grpc-default-executor-11] INFO  leader.FollowerInfo (FollowerInfoImpl.java:lambda$new$0(46)) - omNode-2@group-523986131536->omNode-1: nextIndex: updateUnconditionally 316 -> 45
2021-01-11 13:55:54,148 [grpc-default-executor-11] WARN  server.GrpcLogAppender (LogUtils.java:warn(122)) - omNode-2@group-523986131536->omNode-1-AppendLogResponseHandler: Failed appendEntries: org.apache.ratis.thirdparty.io.grpc.StatusRuntimeException: UNAVAILABLE: io exception
2021-01-11 13:55:54,148 [grpc-default-executor-11] INFO  leader.FollowerInfo (FollowerInfoImpl.java:lambda$new$0(46)) - omNode-2@group-523986131536->omNode-1: nextIndex: updateUnconditionally 316 -> 45
2021-01-11 13:55:54,149 [grpc-default-executor-4] WARN  server.GrpcLogAppender (LogUtils.java:warn(122)) - omNode-2@group-523986131536->omNode-1-AppendLogResponseHandler: Failed appendEntries: org.apache.ratis.thirdparty.io.grpc.StatusRuntimeException: UNAVAILABLE: io exception
2021-01-11 13:55:54,149 [grpc-default-executor-4] INFO  leader.FollowerInfo (FollowerInfoImpl.java:lambda$new$0(46)) - omNode-2@group-523986131536->omNode-1: nextIndex: updateUnconditionally 317 -> 45
2021-01-11 13:55:54,153 [grpc-default-executor-11] WARN  server.GrpcLogAppender (LogUtils.java:warn(122)) - omNode-2@group-523986131536->omNode-1-AppendLogResponseHandler: Failed appendEntries: org.apache.ratis.thirdparty.io.grpc.StatusRuntimeException: UNAVAILABLE: io exception
2021-01-11 13:55:54,153 [grpc-default-executor-11] INFO  leader.FollowerInfo (FollowerInfoImpl.java:lambda$new$0(46)) - omNode-2@group-523986131536->omNode-1: nextIndex: updateUnconditionally 318 -> 45
2021-01-11 13:55:54,156 [grpc-default-executor-11] WARN  server.GrpcLogAppender (LogUtils.java:warn(122)) - omNode-2@group-523986131536->omNode-1-AppendLogResponseHandler: Failed appendEntries: org.apache.ratis.thirdparty.io.grpc.StatusRuntimeException: UNAVAILABLE: io exception
2021-01-11 13:55:54,156 [grpc-default-executor-11] INFO  leader.FollowerInfo (FollowerInfoImpl.java:lambda$new$0(46)) - omNode-2@group-523986131536->omNode-1: nextIndex: updateUnconditionally 318 -> 45
2021-01-11 13:55:54,157 [grpc-default-executor-11] WARN  server.GrpcLogAppender (LogUtils.java:warn(122)) - omNode-2@group-523986131536->omNode-1-AppendLogResponseHandler: Failed appendEntries: org.apache.ratis.thirdparty.io.grpc.StatusRuntimeException: UNAVAILABLE: io exception
2021-01-11 13:55:54,157 [grpc-default-executor-11] INFO  leader.FollowerInfo (FollowerInfoImpl.java:lambda$new$0(46)) - omNode-2@group-523986131536->omNode-1: nextIndex: updateUnconditionally 318 -> 45
2021-01-11 13:55:54,161 [grpc-default-executor-11] WARN  server.GrpcLogAppender (LogUtils.java:warn(122)) - omNode-2@group-523986131536->omNode-1-AppendLogResponseHandler: Failed appendEntries: org.apache.ratis.thirdparty.io.grpc.StatusRuntimeException: UNAVAILABLE: io exception
2021-01-11 13:55:54,161 [grpc-default-executor-11] INFO  leader.FollowerInfo (FollowerInfoImpl.java:lambda$new$0(46)) - omNode-2@group-523986131536->omNode-1: nextIndex: updateUnconditionally 319 -> 45
2021-01-11 13:55:54,166 [grpc-default-executor-8] WARN  server.GrpcLogAppender (LogUtils.java:warn(122)) - omNode-2@group-523986131536->omNode-1-AppendLogResponseHandler: Failed appendEntries: org.apache.ratis.thirdparty.io.grpc.StatusRuntimeException: UNAVAILABLE: io exception
2021-01-11 13:55:54,166 [grpc-default-executor-8] INFO  leader.FollowerInfo (FollowerInfoImpl.java:lambda$new$0(46)) - omNode-2@group-523986131536->omNode-1: nextIndex: updateUnconditionally 319 -> 45
2021-01-11 13:55:54,167 [grpc-default-executor-8] WARN  server.GrpcLogAppender (LogUtils.java:warn(122)) - omNode-2@group-523986131536->omNode-1-AppendLogResponseHandler: Failed appendEntries: org.apache.ratis.thirdparty.io.grpc.StatusRuntimeException: UNAVAILABLE: io exception
2021-01-11 13:55:54,167 [grpc-default-executor-8] INFO  leader.FollowerInfo (FollowerInfoImpl.java:lambda$new$0(46)) - omNode-2@group-523986131536->omNode-1: nextIndex: updateUnconditionally 319 -> 45
2021-01-11 13:55:54,176 [grpc-default-executor-11] WARN  server.GrpcLogAppender (LogUtils.java:warn(122)) - omNode-2@group-523986131536->omNode-1-AppendLogResponseHandler: Failed appendEntries: org.apache.ratis.thirdparty.io.grpc.StatusRuntimeException: UNAVAILABLE: io exception
2021-01-11 13:55:54,176 [grpc-default-executor-11] INFO  leader.FollowerInfo (FollowerInfoImpl.java:lambda$new$0(46)) - omNode-2@group-523986131536->omNode-1: nextIndex: updateUnconditionally 320 -> 45
2021-01-11 13:55:54,177 [grpc-default-executor-8] WARN  server.GrpcLogAppender (LogUtils.java:warn(122)) - omNode-2@group-523986131536->omNode-1-AppendLogResponseHandler: Failed appendEntries: org.apache.ratis.thirdparty.io.grpc.StatusRuntimeException: UNAVAILABLE: io exception
2021-01-11 13:55:54,177 [grpc-default-executor-8] INFO  leader.FollowerInfo (FollowerInfoImpl.java:lambda$new$0(46)) - omNode-2@group-523986131536->omNode-1: nextIndex: updateUnconditionally 320 -> 45
2021-01-11 13:55:54,178 [grpc-default-executor-11] WARN  server.GrpcLogAppender (LogUtils.java:warn(122)) - omNode-2@group-523986131536->omNode-1-AppendLogResponseHandler: Failed appendEntries: org.apache.ratis.thirdparty.io.grpc.StatusRuntimeException: UNAVAILABLE: io exception
2021-01-11 13:55:54,179 [grpc-default-executor-11] INFO  leader.FollowerInfo (FollowerInfoImpl.java:lambda$new$0(46)) - omNode-2@group-523986131536->omNode-1: nextIndex: updateUnconditionally 321 -> 45
2021-01-11 13:55:54,181 [grpc-default-executor-4] WARN  server.GrpcLogAppender (LogUtils.java:warn(122)) - omNode-2@group-523986131536->omNode-1-AppendLogResponseHandler: Failed appendEntries: org.apache.ratis.thirdparty.io.grpc.StatusRuntimeException: UNAVAILABLE: io exception
2021-01-11 13:55:54,181 [grpc-default-executor-4] INFO  leader.FollowerInfo (FollowerInfoImpl.java:lambda$new$0(46)) - omNode-2@group-523986131536->omNode-1: nextIndex: updateUnconditionally 322 -> 45
2021-01-11 13:55:54,181 [grpc-default-executor-4] WARN  server.GrpcLogAppender (LogUtils.java:warn(122)) - omNode-2@group-523986131536->omNode-1-AppendLogResponseHandler: Failed appendEntries: org.apache.ratis.thirdparty.io.grpc.StatusRuntimeException: UNAVAILABLE: io exception
2021-01-11 13:55:54,182 [grpc-default-executor-4] INFO  leader.FollowerInfo (FollowerInfoImpl.java:lambda$new$0(46)) - omNode-2@group-523986131536->omNode-1: nextIndex: updateUnconditionally 322 -> 45
2021-01-11 13:55:54,182 [grpc-default-executor-4] WARN  server.GrpcLogAppender (LogUtils.java:warn(122)) - omNode-2@group-523986131536->omNode-1-AppendLogResponseHandler: Failed appendEntries: org.apache.ratis.thirdparty.io.grpc.StatusRuntimeException: UNAVAILABLE: io exception
2021-01-11 13:55:54,183 [grpc-default-executor-4] INFO  leader.FollowerInfo (FollowerInfoImpl.java:lambda$new$0(46)) - omNode-2@group-523986131536->omNode-1: nextIndex: updateUnconditionally 323 -> 45
2021-01-11 13:55:54,186 [grpc-default-executor-4] WARN  server.GrpcLogAppender (LogUtils.java:warn(122)) - omNode-2@group-523986131536->omNode-1-AppendLogResponseHandler: Failed appendEntries: org.apache.ratis.thirdparty.io.grpc.StatusRuntimeException: UNAVAILABLE: io exception
2021-01-11 13:55:54,187 [grpc-default-executor-4] INFO  leader.FollowerInfo (FollowerInfoImpl.java:lambda$new$0(46)) - omNode-2@group-523986131536->omNode-1: nextIndex: updateUnconditionally 323 -> 45
2021-01-11 13:55:54,187 [grpc-default-executor-4] WARN  server.GrpcLogAppender (LogUtils.java:warn(122)) - omNode-2@group-523986131536->omNode-1-AppendLogResponseHandler: Failed appendEntries: org.apache.ratis.thirdparty.io.grpc.StatusRuntimeException: UNAVAILABLE: io exception
2021-01-11 13:55:54,187 [grpc-default-executor-4] INFO  leader.FollowerInfo (FollowerInfoImpl.java:lambda$new$0(46)) - omNode-2@group-523986131536->omNode-1: nextIndex: updateUnconditionally 323 -> 45
2021-01-11 13:55:54,196 [grpc-default-executor-11] WARN  server.GrpcLogAppender (LogUtils.java:warn(122)) - omNode-2@group-523986131536->omNode-1-AppendLogResponseHandler: Failed appendEntries: org.apache.ratis.thirdparty.io.grpc.StatusRuntimeException: UNAVAILABLE: io exception
2021-01-11 13:55:54,196 [grpc-default-executor-11] INFO  leader.FollowerInfo (FollowerInfoImpl.java:lambda$new$0(46)) - omNode-2@group-523986131536->omNode-1: nextIndex: updateUnconditionally 324 -> 45
2021-01-11 13:55:54,198 [grpc-default-executor-11] WARN  server.GrpcLogAppender (LogUtils.java:warn(122)) - omNode-2@group-523986131536->omNode-1-AppendLogResponseHandler: Failed appendEntries: org.apache.ratis.thirdparty.io.grpc.StatusRuntimeException: UNAVAILABLE: io exception
2021-01-11 13:55:54,200 [grpc-default-executor-11] INFO  leader.FollowerInfo (FollowerInfoImpl.java:lambda$new$0(46)) - omNode-2@group-523986131536->omNode-1: nextIndex: updateUnconditionally 324 -> 45
2021-01-11 13:55:54,200 [grpc-default-executor-11] WARN  server.GrpcLogAppender (LogUtils.java:warn(122)) - omNode-2@group-523986131536->omNode-1-AppendLogResponseHandler: Failed appendEntries: org.apache.ratis.thirdparty.io.grpc.StatusRuntimeException: UNAVAILABLE: io exception
2021-01-11 13:55:54,201 [grpc-default-executor-11] INFO  leader.FollowerInfo (FollowerInfoImpl.java:lambda$new$0(46)) - omNode-2@group-523986131536->omNode-1: nextIndex: updateUnconditionally 325 -> 45
2021-01-11 13:55:54,203 [grpc-default-executor-8] WARN  server.GrpcLogAppender (LogUtils.java:warn(122)) - omNode-2@group-523986131536->omNode-1-AppendLogResponseHandler: Failed appendEntries: org.apache.ratis.thirdparty.io.grpc.StatusRuntimeException: UNAVAILABLE: io exception
2021-01-11 13:55:54,203 [grpc-default-executor-8] INFO  leader.FollowerInfo (FollowerInfoImpl.java:lambda$new$0(46)) - omNode-2@group-523986131536->omNode-1: nextIndex: updateUnconditionally 326 -> 45
2021-01-11 13:55:54,205 [grpc-default-executor-11] WARN  server.GrpcLogAppender (LogUtils.java:warn(122)) - omNode-2@group-523986131536->omNode-1-AppendLogResponseHandler: Failed appendEntries: org.apache.ratis.thirdparty.io.grpc.StatusRuntimeException: UNAVAILABLE: io exception
2021-01-11 13:55:54,205 [grpc-default-executor-11] INFO  leader.FollowerInfo (FollowerInfoImpl.java:lambda$new$0(46)) - omNode-2@group-523986131536->omNode-1: nextIndex: updateUnconditionally 326 -> 45
2021-01-11 13:55:54,206 [grpc-default-executor-11] WARN  server.GrpcLogAppender (LogUtils.java:warn(122)) - omNode-2@group-523986131536->omNode-1-AppendLogResponseHandler: Failed appendEntries: org.apache.ratis.thirdparty.io.grpc.StatusRuntimeException: UNAVAILABLE: io exception
2021-01-11 13:55:54,206 [grpc-default-executor-11] INFO  leader.FollowerInfo (FollowerInfoImpl.java:lambda$new$0(46)) - omNode-2@group-523986131536->omNode-1: nextIndex: updateUnconditionally 326 -> 45
2021-01-11 13:55:54,208 [grpc-default-executor-11] WARN  server.GrpcLogAppender (LogUtils.java:warn(122)) - omNode-2@group-523986131536->omNode-1-AppendLogResponseHandler: Failed appendEntries: org.apache.ratis.thirdparty.io.grpc.StatusRuntimeException: UNAVAILABLE: io exception
2021-01-11 13:55:54,208 [grpc-default-executor-11] INFO  leader.FollowerInfo (FollowerInfoImpl.java:lambda$new$0(46)) - omNode-2@group-523986131536->omNode-1: nextIndex: updateUnconditionally 327 -> 45
2021-01-11 13:55:54,211 [grpc-default-executor-11] WARN  server.GrpcLogAppender (LogUtils.java:warn(122)) - omNode-2@group-523986131536->omNode-1-AppendLogResponseHandler: Failed appendEntries: org.apache.ratis.thirdparty.io.grpc.StatusRuntimeException: UNAVAILABLE: io exception
2021-01-11 13:55:54,212 [grpc-default-executor-11] INFO  leader.FollowerInfo (FollowerInfoImpl.java:lambda$new$0(46)) - omNode-2@group-523986131536->omNode-1: nextIndex: updateUnconditionally 327 -> 45
2021-01-11 13:55:54,212 [grpc-default-executor-11] WARN  server.GrpcLogAppender (LogUtils.java:warn(122)) - omNode-2@group-523986131536->omNode-1-AppendLogResponseHandler: Failed appendEntries: org.apache.ratis.thirdparty.io.grpc.StatusRuntimeException: UNAVAILABLE: io exception
2021-01-11 13:55:54,212 [grpc-default-executor-11] INFO  leader.FollowerInfo (FollowerInfoImpl.java:lambda$new$0(46)) - omNode-2@group-523986131536->omNode-1: nextIndex: updateUnconditionally 327 -> 45
2021-01-11 13:55:54,216 [grpc-default-executor-8] WARN  server.GrpcLogAppender (LogUtils.java:warn(122)) - omNode-2@group-523986131536->omNode-1-AppendLogResponseHandler: Failed appendEntries: org.apache.ratis.thirdparty.io.grpc.StatusRuntimeException: UNAVAILABLE: io exception
2021-01-11 13:55:54,217 [grpc-default-executor-8] INFO  leader.FollowerInfo (FollowerInfoImpl.java:lambda$new$0(46)) - omNode-2@group-523986131536->omNode-1: nextIndex: updateUnconditionally 328 -> 45
2021-01-11 13:55:54,219 [grpc-default-executor-8] WARN  server.GrpcLogAppender (LogUtils.java:warn(122)) - omNode-2@group-523986131536->omNode-1-AppendLogResponseHandler: Failed appendEntries: org.apache.ratis.thirdparty.io.grpc.StatusRuntimeException: UNAVAILABLE: io exception
2021-01-11 13:55:54,220 [grpc-default-executor-8] INFO  leader.FollowerInfo (FollowerInfoImpl.java:lambda$new$0(46)) - omNode-2@group-523986131536->omNode-1: nextIndex: updateUnconditionally 328 -> 45
2021-01-11 13:55:54,221 [grpc-default-executor-11] WARN  server.GrpcLogAppender (LogUtils.java:warn(122)) - omNode-2@group-523986131536->omNode-1-AppendLogResponseHandler: Failed appendEntries: org.apache.ratis.thirdparty.io.grpc.StatusRuntimeException: UNAVAILABLE: io exception
2021-01-11 13:55:54,221 [grpc-default-executor-11] INFO  leader.FollowerInfo (FollowerInfoImpl.java:lambda$new$0(46)) - omNode-2@group-523986131536->omNode-1: nextIndex: updateUnconditionally 329 -> 45
2021-01-11 13:55:54,225 [grpc-default-executor-8] WARN  server.GrpcLogAppender (LogUtils.java:warn(122)) - omNode-2@group-523986131536->omNode-1-AppendLogResponseHandler: Failed appendEntries: org.apache.ratis.thirdparty.io.grpc.StatusRuntimeException: UNAVAILABLE: io exception
2021-01-11 13:55:54,225 [grpc-default-executor-8] INFO  leader.FollowerInfo (FollowerInfoImpl.java:lambda$new$0(46)) - omNode-2@group-523986131536->omNode-1: nextIndex: updateUnconditionally 330 -> 45
2021-01-11 13:55:54,228 [grpc-default-executor-8] WARN  server.GrpcLogAppender (LogUtils.java:warn(122)) - omNode-2@group-523986131536->omNode-1-AppendLogResponseHandler: Failed appendEntries: org.apache.ratis.thirdparty.io.grpc.StatusRuntimeException: UNAVAILABLE: io exception
2021-01-11 13:55:54,228 [grpc-default-executor-8] INFO  leader.FollowerInfo (FollowerInfoImpl.java:lambda$new$0(46)) - omNode-2@group-523986131536->omNode-1: nextIndex: updateUnconditionally 330 -> 45
2021-01-11 13:55:54,229 [grpc-default-executor-8] WARN  server.GrpcLogAppender (LogUtils.java:warn(122)) - omNode-2@group-523986131536->omNode-1-AppendLogResponseHandler: Failed appendEntries: org.apache.ratis.thirdparty.io.grpc.StatusRuntimeException: UNAVAILABLE: io exception
2021-01-11 13:55:54,229 [grpc-default-executor-8] INFO  leader.FollowerInfo (FollowerInfoImpl.java:lambda$new$0(46)) - omNode-2@group-523986131536->omNode-1: nextIndex: updateUnconditionally 330 -> 45
2021-01-11 13:55:54,230 [grpc-default-executor-8] WARN  server.GrpcLogAppender (LogUtils.java:warn(122)) - omNode-2@group-523986131536->omNode-1-AppendLogResponseHandler: Failed appendEntries: org.apache.ratis.thirdparty.io.grpc.StatusRuntimeException: UNAVAILABLE: io exception
2021-01-11 13:55:54,230 [grpc-default-executor-8] INFO  leader.FollowerInfo (FollowerInfoImpl.java:lambda$new$0(46)) - omNode-2@group-523986131536->omNode-1: nextIndex: updateUnconditionally 331 -> 45
2021-01-11 13:55:54,235 [grpc-default-executor-8] WARN  server.GrpcLogAppender (LogUtils.java:warn(122)) - omNode-2@group-523986131536->omNode-1-AppendLogResponseHandler: Failed appendEntries: org.apache.ratis.thirdparty.io.grpc.StatusRuntimeException: UNAVAILABLE: io exception
2021-01-11 13:55:54,236 [grpc-default-executor-8] INFO  leader.FollowerInfo (FollowerInfoImpl.java:lambda$new$0(46)) - omNode-2@group-523986131536->omNode-1: nextIndex: updateUnconditionally 331 -> 45
2021-01-11 13:55:54,236 [grpc-default-executor-8] WARN  server.GrpcLogAppender (LogUtils.java:warn(122)) - omNode-2@group-523986131536->omNode-1-AppendLogResponseHandler: Failed appendEntries: org.apache.ratis.thirdparty.io.grpc.StatusRuntimeException: UNAVAILABLE: io exception
2021-01-11 13:55:54,237 [grpc-default-executor-8] INFO  leader.FollowerInfo (FollowerInfoImpl.java:lambda$new$0(46)) - omNode-2@group-523986131536->omNode-1: nextIndex: updateUnconditionally 331 -> 45
2021-01-11 13:55:54,240 [grpc-default-executor-11] WARN  server.GrpcLogAppender (LogUtils.java:warn(122)) - omNode-2@group-523986131536->omNode-1-AppendLogResponseHandler: Failed appendEntries: org.apache.ratis.thirdparty.io.grpc.StatusRuntimeException: UNAVAILABLE: io exception
2021-01-11 13:55:54,241 [grpc-default-executor-11] INFO  leader.FollowerInfo (FollowerInfoImpl.java:lambda$new$0(46)) - omNode-2@group-523986131536->omNode-1: nextIndex: updateUnconditionally 332 -> 45
2021-01-11 13:55:54,242 [grpc-default-executor-11] WARN  server.GrpcLogAppender (LogUtils.java:warn(122)) - omNode-2@group-523986131536->omNode-1-AppendLogResponseHandler: Failed appendEntries: org.apache.ratis.thirdparty.io.grpc.StatusRuntimeException: UNAVAILABLE: io exception
2021-01-11 13:55:54,242 [grpc-default-executor-11] INFO  leader.FollowerInfo (FollowerInfoImpl.java:lambda$new$0(46)) - omNode-2@group-523986131536->omNode-1: nextIndex: updateUnconditionally 332 -> 45
2021-01-11 13:55:54,246 [grpc-default-executor-11] WARN  server.GrpcLogAppender (LogUtils.java:warn(122)) - omNode-2@group-523986131536->omNode-1-AppendLogResponseHandler: Failed appendEntries: org.apache.ratis.thirdparty.io.grpc.StatusRuntimeException: UNAVAILABLE: io exception
2021-01-11 13:55:54,247 [grpc-default-executor-11] INFO  leader.FollowerInfo (FollowerInfoImpl.java:lambda$new$0(46)) - omNode-2@group-523986131536->omNode-1: nextIndex: updateUnconditionally 333 -> 45
2021-01-11 13:55:54,247 [grpc-default-executor-11] WARN  server.GrpcLogAppender (LogUtils.java:warn(122)) - omNode-2@group-523986131536->omNode-1-AppendLogResponseHandler: Failed appendEntries: org.apache.ratis.thirdparty.io.grpc.StatusRuntimeException: UNAVAILABLE: io exception
2021-01-11 13:55:54,247 [grpc-default-executor-11] INFO  leader.FollowerInfo (FollowerInfoImpl.java:lambda$new$0(46)) - omNode-2@group-523986131536->omNode-1: nextIndex: updateUnconditionally 334 -> 45
2021-01-11 13:55:54,249 [grpc-default-executor-11] WARN  server.GrpcLogAppender (LogUtils.java:warn(122)) - omNode-2@group-523986131536->omNode-1-AppendLogResponseHandler: Failed appendEntries: org.apache.ratis.thirdparty.io.grpc.StatusRuntimeException: UNAVAILABLE: io exception
2021-01-11 13:55:54,249 [grpc-default-executor-11] INFO  leader.FollowerInfo (FollowerInfoImpl.java:lambda$new$0(46)) - omNode-2@group-523986131536->omNode-1: nextIndex: updateUnconditionally 334 -> 45
2021-01-11 13:55:54,250 [grpc-default-executor-4] WARN  server.GrpcLogAppender (LogUtils.java:warn(122)) - omNode-2@group-523986131536->omNode-1-AppendLogResponseHandler: Failed appendEntries: org.apache.ratis.thirdparty.io.grpc.StatusRuntimeException: UNAVAILABLE: io exception
2021-01-11 13:55:54,251 [grpc-default-executor-4] INFO  leader.FollowerInfo (FollowerInfoImpl.java:lambda$new$0(46)) - omNode-2@group-523986131536->omNode-1: nextIndex: updateUnconditionally 335 -> 45
2021-01-11 13:55:54,254 [grpc-default-executor-11] WARN  server.GrpcLogAppender (LogUtils.java:warn(122)) - omNode-2@group-523986131536->omNode-1-AppendLogResponseHandler: Failed appendEntries: org.apache.ratis.thirdparty.io.grpc.StatusRuntimeException: UNAVAILABLE: io exception
2021-01-11 13:55:54,254 [grpc-default-executor-11] INFO  leader.FollowerInfo (FollowerInfoImpl.java:lambda$new$0(46)) - omNode-2@group-523986131536->omNode-1: nextIndex: updateUnconditionally 335 -> 45
2021-01-11 13:55:54,255 [grpc-default-executor-4] WARN  server.GrpcLogAppender (LogUtils.java:warn(122)) - omNode-2@group-523986131536->omNode-1-AppendLogResponseHandler: Failed appendEntries: org.apache.ratis.thirdparty.io.grpc.StatusRuntimeException: UNAVAILABLE: io exception
2021-01-11 13:55:54,255 [grpc-default-executor-4] INFO  leader.FollowerInfo (FollowerInfoImpl.java:lambda$new$0(46)) - omNode-2@group-523986131536->omNode-1: nextIndex: updateUnconditionally 335 -> 45
2021-01-11 13:55:54,258 [grpc-default-executor-4] WARN  server.GrpcLogAppender (LogUtils.java:warn(122)) - omNode-2@group-523986131536->omNode-1-AppendLogResponseHandler: Failed appendEntries: org.apache.ratis.thirdparty.io.grpc.StatusRuntimeException: UNAVAILABLE: io exception
2021-01-11 13:55:54,258 [grpc-default-executor-4] INFO  leader.FollowerInfo (FollowerInfoImpl.java:lambda$new$0(46)) - omNode-2@group-523986131536->omNode-1: nextIndex: updateUnconditionally 336 -> 45
2021-01-11 13:55:54,261 [grpc-default-executor-4] WARN  server.GrpcLogAppender (LogUtils.java:warn(122)) - omNode-2@group-523986131536->omNode-1-AppendLogResponseHandler: Failed appendEntries: org.apache.ratis.thirdparty.io.grpc.StatusRuntimeException: UNAVAILABLE: io exception
2021-01-11 13:55:54,262 [grpc-default-executor-4] INFO  leader.FollowerInfo (FollowerInfoImpl.java:lambda$new$0(46)) - omNode-2@group-523986131536->omNode-1: nextIndex: updateUnconditionally 337 -> 45
2021-01-11 13:55:54,262 [grpc-default-executor-11] WARN  server.GrpcLogAppender (LogUtils.java:warn(122)) - omNode-2@group-523986131536->omNode-1-AppendLogResponseHandler: Failed appendEntries: org.apache.ratis.thirdparty.io.grpc.StatusRuntimeException: UNAVAILABLE: io exception
2021-01-11 13:55:54,262 [grpc-default-executor-11] INFO  leader.FollowerInfo (FollowerInfoImpl.java:lambda$new$0(46)) - omNode-2@group-523986131536->omNode-1: nextIndex: updateUnconditionally 338 -> 45
2021-01-11 13:55:54,268 [grpc-default-executor-4] WARN  server.GrpcLogAppender (LogUtils.java:warn(122)) - omNode-2@group-523986131536->omNode-1-AppendLogResponseHandler: Failed appendEntries: org.apache.ratis.thirdparty.io.grpc.StatusRuntimeException: UNAVAILABLE: io exception
2021-01-11 13:55:54,268 [grpc-default-executor-4] INFO  leader.FollowerInfo (FollowerInfoImpl.java:lambda$new$0(46)) - omNode-2@group-523986131536->omNode-1: nextIndex: updateUnconditionally 338 -> 45
2021-01-11 13:55:54,271 [grpc-default-executor-4] WARN  server.GrpcLogAppender (LogUtils.java:warn(122)) - omNode-2@group-523986131536->omNode-1-AppendLogResponseHandler: Failed appendEntries: org.apache.ratis.thirdparty.io.grpc.StatusRuntimeException: UNAVAILABLE: io exception
2021-01-11 13:55:54,271 [grpc-default-executor-4] INFO  leader.FollowerInfo (FollowerInfoImpl.java:lambda$new$0(46)) - omNode-2@group-523986131536->omNode-1: nextIndex: updateUnconditionally 339 -> 45
2021-01-11 13:55:54,274 [grpc-default-executor-11] WARN  server.GrpcLogAppender (LogUtils.java:warn(122)) - omNode-2@group-523986131536->omNode-1-AppendLogResponseHandler: Failed appendEntries: org.apache.ratis.thirdparty.io.grpc.StatusRuntimeException: UNAVAILABLE: io exception
2021-01-11 13:55:54,275 [grpc-default-executor-11] INFO  leader.FollowerInfo (FollowerInfoImpl.java:lambda$new$0(46)) - omNode-2@group-523986131536->omNode-1: nextIndex: updateUnconditionally 339 -> 45
2021-01-11 13:55:54,275 [grpc-default-executor-11] WARN  server.GrpcLogAppender (LogUtils.java:warn(122)) - omNode-2@group-523986131536->omNode-1-AppendLogResponseHandler: Failed appendEntries: org.apache.ratis.thirdparty.io.grpc.StatusRuntimeException: UNAVAILABLE: io exception
2021-01-11 13:55:54,275 [grpc-default-executor-11] INFO  leader.FollowerInfo (FollowerInfoImpl.java:lambda$new$0(46)) - omNode-2@group-523986131536->omNode-1: nextIndex: updateUnconditionally 339 -> 45
2021-01-11 13:55:54,279 [grpc-default-executor-11] WARN  server.GrpcLogAppender (LogUtils.java:warn(122)) - omNode-2@group-523986131536->omNode-1-AppendLogResponseHandler: Failed appendEntries: org.apache.ratis.thirdparty.io.grpc.StatusRuntimeException: UNAVAILABLE: io exception
2021-01-11 13:55:54,279 [grpc-default-executor-11] INFO  leader.FollowerInfo (FollowerInfoImpl.java:lambda$new$0(46)) - omNode-2@group-523986131536->omNode-1: nextIndex: updateUnconditionally 340 -> 45
2021-01-11 13:55:54,282 [grpc-default-executor-11] WARN  server.GrpcLogAppender (LogUtils.java:warn(122)) - omNode-2@group-523986131536->omNode-1-AppendLogResponseHandler: Failed appendEntries: org.apache.ratis.thirdparty.io.grpc.StatusRuntimeException: UNAVAILABLE: io exception
2021-01-11 13:55:54,282 [grpc-default-executor-11] INFO  leader.FollowerInfo (FollowerInfoImpl.java:lambda$new$0(46)) - omNode-2@group-523986131536->omNode-1: nextIndex: updateUnconditionally 340 -> 45
2021-01-11 13:55:54,283 [grpc-default-executor-11] WARN  server.GrpcLogAppender (LogUtils.java:warn(122)) - omNode-2@group-523986131536->omNode-1-AppendLogResponseHandler: Failed appendEntries: org.apache.ratis.thirdparty.io.grpc.StatusRuntimeException: UNAVAILABLE: io exception
2021-01-11 13:55:54,284 [grpc-default-executor-11] INFO  leader.FollowerInfo (FollowerInfoImpl.java:lambda$new$0(46)) - omNode-2@group-523986131536->omNode-1: nextIndex: updateUnconditionally 342 -> 45
2021-01-11 13:55:54,285 [grpc-default-executor-11] WARN  server.GrpcLogAppender (LogUtils.java:warn(122)) - omNode-2@group-523986131536->omNode-1-AppendLogResponseHandler: Failed appendEntries: org.apache.ratis.thirdparty.io.grpc.StatusRuntimeException: UNAVAILABLE: io exception
2021-01-11 13:55:54,286 [grpc-default-executor-11] INFO  leader.FollowerInfo (FollowerInfoImpl.java:lambda$new$0(46)) - omNode-2@group-523986131536->omNode-1: nextIndex: updateUnconditionally 342 -> 45
2021-01-11 13:55:54,288 [grpc-default-executor-11] WARN  server.GrpcLogAppender (LogUtils.java:warn(122)) - omNode-2@group-523986131536->omNode-1-AppendLogResponseHandler: Failed appendEntries: org.apache.ratis.thirdparty.io.grpc.StatusRuntimeException: UNAVAILABLE: io exception
2021-01-11 13:55:54,289 [grpc-default-executor-11] INFO  leader.FollowerInfo (FollowerInfoImpl.java:lambda$new$0(46)) - omNode-2@group-523986131536->omNode-1: nextIndex: updateUnconditionally 343 -> 45
2021-01-11 13:55:54,292 [grpc-default-executor-4] WARN  server.GrpcLogAppender (LogUtils.java:warn(122)) - omNode-2@group-523986131536->omNode-1-AppendLogResponseHandler: Failed appendEntries: org.apache.ratis.thirdparty.io.grpc.StatusRuntimeException: UNAVAILABLE: io exception
2021-01-11 13:55:54,292 [grpc-default-executor-4] INFO  leader.FollowerInfo (FollowerInfoImpl.java:lambda$new$0(46)) - omNode-2@group-523986131536->omNode-1: nextIndex: updateUnconditionally 343 -> 45
2021-01-11 13:55:54,293 [grpc-default-executor-11] WARN  server.GrpcLogAppender (LogUtils.java:warn(122)) - omNode-2@group-523986131536->omNode-1-AppendLogResponseHandler: Failed appendEntries: org.apache.ratis.thirdparty.io.grpc.StatusRuntimeException: UNAVAILABLE: io exception
2021-01-11 13:55:54,293 [grpc-default-executor-11] INFO  leader.FollowerInfo (FollowerInfoImpl.java:lambda$new$0(46)) - omNode-2@group-523986131536->omNode-1: nextIndex: updateUnconditionally 343 -> 45
2021-01-11 13:55:54,296 [grpc-default-executor-4] WARN  server.GrpcLogAppender (LogUtils.java:warn(122)) - omNode-2@group-523986131536->omNode-1-AppendLogResponseHandler: Failed appendEntries: org.apache.ratis.thirdparty.io.grpc.StatusRuntimeException: UNAVAILABLE: io exception
2021-01-11 13:55:54,296 [grpc-default-executor-4] INFO  leader.FollowerInfo (FollowerInfoImpl.java:lambda$new$0(46)) - omNode-2@group-523986131536->omNode-1: nextIndex: updateUnconditionally 344 -> 45
2021-01-11 13:55:54,301 [grpc-default-executor-4] WARN  server.GrpcLogAppender (LogUtils.java:warn(122)) - omNode-2@group-523986131536->omNode-1-AppendLogResponseHandler: Failed appendEntries: org.apache.ratis.thirdparty.io.grpc.StatusRuntimeException: UNAVAILABLE: io exception
2021-01-11 13:55:54,301 [grpc-default-executor-4] INFO  leader.FollowerInfo (FollowerInfoImpl.java:lambda$new$0(46)) - omNode-2@group-523986131536->omNode-1: nextIndex: updateUnconditionally 344 -> 45
2021-01-11 13:55:54,302 [grpc-default-executor-4] WARN  server.GrpcLogAppender (LogUtils.java:warn(122)) - omNode-2@group-523986131536->omNode-1-AppendLogResponseHandler: Failed appendEntries: org.apache.ratis.thirdparty.io.grpc.StatusRuntimeException: UNAVAILABLE: io exception
2021-01-11 13:55:54,302 [grpc-default-executor-4] INFO  leader.FollowerInfo (FollowerInfoImpl.java:lambda$new$0(46)) - omNode-2@group-523986131536->omNode-1: nextIndex: updateUnconditionally 345 -> 45
2021-01-11 13:55:54,303 [grpc-default-executor-11] WARN  server.GrpcLogAppender (LogUtils.java:warn(122)) - omNode-2@group-523986131536->omNode-1-AppendLogResponseHandler: Failed appendEntries: org.apache.ratis.thirdparty.io.grpc.StatusRuntimeException: UNAVAILABLE: io exception
2021-01-11 13:55:54,303 [grpc-default-executor-11] INFO  leader.FollowerInfo (FollowerInfoImpl.java:lambda$new$0(46)) - omNode-2@group-523986131536->omNode-1: nextIndex: updateUnconditionally 346 -> 45
2021-01-11 13:55:54,305 [grpc-default-executor-4] WARN  server.GrpcLogAppender (LogUtils.java:warn(122)) - omNode-2@group-523986131536->omNode-1-AppendLogResponseHandler: Failed appendEntries: org.apache.ratis.thirdparty.io.grpc.StatusRuntimeException: UNAVAILABLE: io exception
2021-01-11 13:55:54,305 [grpc-default-executor-4] INFO  leader.FollowerInfo (FollowerInfoImpl.java:lambda$new$0(46)) - omNode-2@group-523986131536->omNode-1: nextIndex: updateUnconditionally 346 -> 45
2021-01-11 13:55:54,308 [grpc-default-executor-4] WARN  server.GrpcLogAppender (LogUtils.java:warn(122)) - omNode-2@group-523986131536->omNode-1-AppendLogResponseHandler: Failed appendEntries: org.apache.ratis.thirdparty.io.grpc.StatusRuntimeException: UNAVAILABLE: io exception
2021-01-11 13:55:54,308 [grpc-default-executor-4] INFO  leader.FollowerInfo (FollowerInfoImpl.java:lambda$new$0(46)) - omNode-2@group-523986131536->omNode-1: nextIndex: updateUnconditionally 347 -> 45
2021-01-11 13:55:54,311 [grpc-default-executor-11] WARN  server.GrpcLogAppender (LogUtils.java:warn(122)) - omNode-2@group-523986131536->omNode-1-AppendLogResponseHandler: Failed appendEntries: org.apache.ratis.thirdparty.io.grpc.StatusRuntimeException: UNAVAILABLE: io exception
2021-01-11 13:55:54,311 [grpc-default-executor-11] INFO  leader.FollowerInfo (FollowerInfoImpl.java:lambda$new$0(46)) - omNode-2@group-523986131536->omNode-1: nextIndex: updateUnconditionally 347 -> 45
2021-01-11 13:55:54,312 [grpc-default-executor-11] WARN  server.GrpcLogAppender (LogUtils.java:warn(122)) - omNode-2@group-523986131536->omNode-1-AppendLogResponseHandler: Failed appendEntries: org.apache.ratis.thirdparty.io.grpc.StatusRuntimeException: UNAVAILABLE: io exception
2021-01-11 13:55:54,312 [grpc-default-executor-11] INFO  leader.FollowerInfo (FollowerInfoImpl.java:lambda$new$0(46)) - omNode-2@group-523986131536->omNode-1: nextIndex: updateUnconditionally 347 -> 45
2021-01-11 13:55:54,316 [grpc-default-executor-4] WARN  server.GrpcLogAppender (LogUtils.java:warn(122)) - omNode-2@group-523986131536->omNode-1-AppendLogResponseHandler: Failed appendEntries: org.apache.ratis.thirdparty.io.grpc.StatusRuntimeException: UNAVAILABLE: io exception
2021-01-11 13:55:54,316 [grpc-default-executor-4] INFO  leader.FollowerInfo (FollowerInfoImpl.java:lambda$new$0(46)) - omNode-2@group-523986131536->omNode-1: nextIndex: updateUnconditionally 348 -> 45
2021-01-11 13:55:54,322 [grpc-default-executor-4] WARN  server.GrpcLogAppender (LogUtils.java:warn(122)) - omNode-2@group-523986131536->omNode-1-AppendLogResponseHandler: Failed appendEntries: org.apache.ratis.thirdparty.io.grpc.StatusRuntimeException: UNAVAILABLE: io exception
2021-01-11 13:55:54,322 [grpc-default-executor-4] INFO  leader.FollowerInfo (FollowerInfoImpl.java:lambda$new$0(46)) - omNode-2@group-523986131536->omNode-1: nextIndex: updateUnconditionally 348 -> 45
2021-01-11 13:55:54,323 [grpc-default-executor-4] WARN  server.GrpcLogAppender (LogUtils.java:warn(122)) - omNode-2@group-523986131536->omNode-1-AppendLogResponseHandler: Failed appendEntries: org.apache.ratis.thirdparty.io.grpc.StatusRuntimeException: UNAVAILABLE: io exception
2021-01-11 13:55:54,323 [grpc-default-executor-4] INFO  leader.FollowerInfo (FollowerInfoImpl.java:lambda$new$0(46)) - omNode-2@group-523986131536->omNode-1: nextIndex: updateUnconditionally 350 -> 45
2021-01-11 13:55:54,327 [omNode-2@group-523986131536-StateMachineUpdater] INFO  ratis.OzoneManagerStateMachine (OzoneManagerStateMachine.java:takeSnapshot(345)) - Current Snapshot Index (t:1, i:348)
2021-01-11 13:55:54,327 [omNode-2@group-523986131536-StateMachineUpdater] INFO  impl.StateMachineUpdater (StateMachineUpdater.java:takeSnapshot(279)) - omNode-2@group-523986131536-StateMachineUpdater: Took a snapshot at index 348
2021-01-11 13:55:54,327 [omNode-2@group-523986131536-StateMachineUpdater] INFO  impl.StateMachineUpdater (StateMachineUpdater.java:lambda$new$0(88)) - omNode-2@group-523986131536-StateMachineUpdater: snapshotIndex: updateIncreasingly 298 -> 348
2021-01-11 13:55:54,327 [omNode-2@group-523986131536-StateMachineUpdater] INFO  raftlog.RaftLog (RaftLogBase.java:purge(306)) - omNode-2@group-523986131536-SegmentedRaftLog: purge 348
2021-01-11 13:55:54,327 [omNode-2@group-523986131536-StateMachineUpdater] INFO  raftlog.RaftLog (RaftLogBase.java:lambda$new$0(53)) - omNode-2@group-523986131536-SegmentedRaftLog: snapshotIndex: updateIncreasingly 298 -> 348
2021-01-11 13:55:54,327 [omNode-2@group-523986131536-StateMachineUpdater] INFO  raftlog.RaftLog (RaftLogBase.java:lambda$new$0(53)) - omNode-2@group-523986131536-SegmentedRaftLog: purgeIndex: updateToMax old=298, new=348, updated? true
2021-01-11 13:55:54,327 [grpc-default-executor-4] WARN  server.GrpcLogAppender (LogUtils.java:warn(122)) - omNode-2@group-523986131536->omNode-1-AppendLogResponseHandler: Failed appendEntries: org.apache.ratis.thirdparty.io.grpc.StatusRuntimeException: UNAVAILABLE: io exception
2021-01-11 13:55:54,328 [grpc-default-executor-4] INFO  leader.FollowerInfo (FollowerInfoImpl.java:lambda$new$0(46)) - omNode-2@group-523986131536->omNode-1: nextIndex: updateUnconditionally 350 -> 45
2021-01-11 13:55:54,330 [grpc-default-executor-4] WARN  server.GrpcLogAppender (LogUtils.java:warn(122)) - omNode-2@group-523986131536->omNode-1-AppendLogResponseHandler: Failed appendEntries: org.apache.ratis.thirdparty.io.grpc.StatusRuntimeException: UNAVAILABLE: io exception
2021-01-11 13:55:54,330 [grpc-default-executor-4] INFO  leader.FollowerInfo (FollowerInfoImpl.java:lambda$new$0(46)) - omNode-2@group-523986131536->omNode-1: nextIndex: updateUnconditionally 351 -> 45
2021-01-11 13:55:54,337 [grpc-default-executor-4] WARN  server.GrpcLogAppender (LogUtils.java:warn(122)) - omNode-2@group-523986131536->omNode-1-AppendLogResponseHandler: Failed appendEntries: org.apache.ratis.thirdparty.io.grpc.StatusRuntimeException: UNAVAILABLE: io exception
2021-01-11 13:55:54,338 [grpc-default-executor-4] INFO  leader.FollowerInfo (FollowerInfoImpl.java:lambda$new$0(46)) - omNode-2@group-523986131536->omNode-1: nextIndex: updateUnconditionally 352 -> 45
2021-01-11 13:55:54,339 [omNode-3@group-523986131536-StateMachineUpdater] INFO  ratis.OzoneManagerStateMachine (OzoneManagerStateMachine.java:takeSnapshot(345)) - Current Snapshot Index (t:1, i:348)
2021-01-11 13:55:54,339 [omNode-3@group-523986131536-StateMachineUpdater] INFO  impl.StateMachineUpdater (StateMachineUpdater.java:takeSnapshot(279)) - omNode-3@group-523986131536-StateMachineUpdater: Took a snapshot at index 348
2021-01-11 13:55:54,339 [omNode-3@group-523986131536-StateMachineUpdater] INFO  impl.StateMachineUpdater (StateMachineUpdater.java:lambda$new$0(88)) - omNode-3@group-523986131536-StateMachineUpdater: snapshotIndex: updateIncreasingly 298 -> 348
2021-01-11 13:55:54,339 [omNode-3@group-523986131536-StateMachineUpdater] INFO  raftlog.RaftLog (RaftLogBase.java:purge(306)) - omNode-3@group-523986131536-SegmentedRaftLog: purge 348
2021-01-11 13:55:54,339 [omNode-3@group-523986131536-StateMachineUpdater] INFO  raftlog.RaftLog (RaftLogBase.java:lambda$new$0(53)) - omNode-3@group-523986131536-SegmentedRaftLog: snapshotIndex: updateIncreasingly 249 -> 348
2021-01-11 13:55:54,339 [omNode-3@group-523986131536-StateMachineUpdater] INFO  raftlog.RaftLog (RaftLogBase.java:lambda$new$0(53)) - omNode-3@group-523986131536-SegmentedRaftLog: purgeIndex: updateToMax old=249, new=348, updated? true
2021-01-11 13:55:54,339 [grpc-default-executor-4] WARN  server.GrpcLogAppender (LogUtils.java:warn(122)) - omNode-2@group-523986131536->omNode-1-AppendLogResponseHandler: Failed appendEntries: org.apache.ratis.thirdparty.io.grpc.StatusRuntimeException: UNAVAILABLE: io exception
2021-01-11 13:55:54,339 [grpc-default-executor-4] INFO  leader.FollowerInfo (FollowerInfoImpl.java:lambda$new$0(46)) - omNode-2@group-523986131536->omNode-1: nextIndex: updateUnconditionally 352 -> 45
2021-01-11 13:55:54,341 [grpc-default-executor-4] WARN  server.GrpcLogAppender (LogUtils.java:warn(122)) - omNode-2@group-523986131536->omNode-1-AppendLogResponseHandler: Failed appendEntries: org.apache.ratis.thirdparty.io.grpc.StatusRuntimeException: UNAVAILABLE: io exception
2021-01-11 13:55:54,341 [grpc-default-executor-4] INFO  leader.FollowerInfo (FollowerInfoImpl.java:lambda$new$0(46)) - omNode-2@group-523986131536->omNode-1: nextIndex: updateUnconditionally 353 -> 45
2021-01-11 13:55:54,343 [grpc-default-executor-11] WARN  server.GrpcLogAppender (LogUtils.java:warn(122)) - omNode-2@group-523986131536->omNode-1-AppendLogResponseHandler: Failed appendEntries: org.apache.ratis.thirdparty.io.grpc.StatusRuntimeException: UNAVAILABLE: io exception
2021-01-11 13:55:54,343 [grpc-default-executor-11] INFO  leader.FollowerInfo (FollowerInfoImpl.java:lambda$new$0(46)) - omNode-2@group-523986131536->omNode-1: nextIndex: updateUnconditionally 354 -> 45
2021-01-11 13:55:54,345 [grpc-default-executor-11] WARN  server.GrpcLogAppender (LogUtils.java:warn(122)) - omNode-2@group-523986131536->omNode-1-AppendLogResponseHandler: Failed appendEntries: org.apache.ratis.thirdparty.io.grpc.StatusRuntimeException: UNAVAILABLE: io exception
2021-01-11 13:55:54,345 [grpc-default-executor-11] INFO  leader.FollowerInfo (FollowerInfoImpl.java:lambda$new$0(46)) - omNode-2@group-523986131536->omNode-1: nextIndex: updateUnconditionally 354 -> 45
2021-01-11 13:55:54,346 [grpc-default-executor-11] WARN  server.GrpcLogAppender (LogUtils.java:warn(122)) - omNode-2@group-523986131536->omNode-1-AppendLogResponseHandler: Failed appendEntries: org.apache.ratis.thirdparty.io.grpc.StatusRuntimeException: UNAVAILABLE: io exception
2021-01-11 13:55:54,346 [grpc-default-executor-11] INFO  leader.FollowerInfo (FollowerInfoImpl.java:lambda$new$0(46)) - omNode-2@group-523986131536->omNode-1: nextIndex: updateUnconditionally 355 -> 45
2021-01-11 13:55:54,352 [grpc-default-executor-4] WARN  server.GrpcLogAppender (LogUtils.java:warn(122)) - omNode-2@group-523986131536->omNode-1-AppendLogResponseHandler: Failed appendEntries: org.apache.ratis.thirdparty.io.grpc.StatusRuntimeException: UNAVAILABLE: io exception
2021-01-11 13:55:54,352 [grpc-default-executor-4] INFO  leader.FollowerInfo (FollowerInfoImpl.java:lambda$new$0(46)) - omNode-2@group-523986131536->omNode-1: nextIndex: updateUnconditionally 355 -> 45
2021-01-11 13:55:54,352 [grpc-default-executor-4] WARN  server.GrpcLogAppender (LogUtils.java:warn(122)) - omNode-2@group-523986131536->omNode-1-AppendLogResponseHandler: Failed appendEntries: org.apache.ratis.thirdparty.io.grpc.StatusRuntimeException: UNAVAILABLE: io exception
2021-01-11 13:55:54,352 [grpc-default-executor-4] INFO  leader.FollowerInfo (FollowerInfoImpl.java:lambda$new$0(46)) - omNode-2@group-523986131536->omNode-1: nextIndex: updateUnconditionally 355 -> 45
2021-01-11 13:55:54,356 [grpc-default-executor-4] WARN  server.GrpcLogAppender (LogUtils.java:warn(122)) - omNode-2@group-523986131536->omNode-1-AppendLogResponseHandler: Failed appendEntries: org.apache.ratis.thirdparty.io.grpc.StatusRuntimeException: UNAVAILABLE: io exception
2021-01-11 13:55:54,356 [grpc-default-executor-4] INFO  leader.FollowerInfo (FollowerInfoImpl.java:lambda$new$0(46)) - omNode-2@group-523986131536->omNode-1: nextIndex: updateUnconditionally 356 -> 45
2021-01-11 13:55:54,360 [grpc-default-executor-4] WARN  server.GrpcLogAppender (LogUtils.java:warn(122)) - omNode-2@group-523986131536->omNode-1-AppendLogResponseHandler: Failed appendEntries: org.apache.ratis.thirdparty.io.grpc.StatusRuntimeException: UNAVAILABLE: io exception
2021-01-11 13:55:54,360 [grpc-default-executor-4] INFO  leader.FollowerInfo (FollowerInfoImpl.java:lambda$new$0(46)) - omNode-2@group-523986131536->omNode-1: nextIndex: updateUnconditionally 356 -> 45
2021-01-11 13:55:54,361 [grpc-default-executor-11] WARN  server.GrpcLogAppender (LogUtils.java:warn(122)) - omNode-2@group-523986131536->omNode-1-AppendLogResponseHandler: Failed appendEntries: org.apache.ratis.thirdparty.io.grpc.StatusRuntimeException: UNAVAILABLE: io exception
2021-01-11 13:55:54,362 [grpc-default-executor-11] INFO  leader.FollowerInfo (FollowerInfoImpl.java:lambda$new$0(46)) - omNode-2@group-523986131536->omNode-1: nextIndex: updateUnconditionally 357 -> 45
2021-01-11 13:55:54,363 [grpc-default-executor-4] WARN  server.GrpcLogAppender (LogUtils.java:warn(122)) - omNode-2@group-523986131536->omNode-1-AppendLogResponseHandler: Failed appendEntries: org.apache.ratis.thirdparty.io.grpc.StatusRuntimeException: UNAVAILABLE: io exception
2021-01-11 13:55:54,363 [grpc-default-executor-4] INFO  leader.FollowerInfo (FollowerInfoImpl.java:lambda$new$0(46)) - omNode-2@group-523986131536->omNode-1: nextIndex: updateUnconditionally 358 -> 45
2021-01-11 13:55:54,368 [grpc-default-executor-4] WARN  server.GrpcLogAppender (LogUtils.java:warn(122)) - omNode-2@group-523986131536->omNode-1-AppendLogResponseHandler: Failed appendEntries: org.apache.ratis.thirdparty.io.grpc.StatusRuntimeException: UNAVAILABLE: io exception
2021-01-11 13:55:54,368 [grpc-default-executor-4] INFO  leader.FollowerInfo (FollowerInfoImpl.java:lambda$new$0(46)) - omNode-2@group-523986131536->omNode-1: nextIndex: updateUnconditionally 358 -> 45
2021-01-11 13:55:54,368 [grpc-default-executor-11] WARN  server.GrpcLogAppender (LogUtils.java:warn(122)) - omNode-2@group-523986131536->omNode-1-AppendLogResponseHandler: Failed appendEntries: org.apache.ratis.thirdparty.io.grpc.StatusRuntimeException: UNAVAILABLE: io exception
2021-01-11 13:55:54,369 [grpc-default-executor-11] INFO  leader.FollowerInfo (FollowerInfoImpl.java:lambda$new$0(46)) - omNode-2@group-523986131536->omNode-1: nextIndex: updateUnconditionally 358 -> 45
2021-01-11 13:55:54,370 [grpc-default-executor-11] WARN  server.GrpcLogAppender (LogUtils.java:warn(122)) - omNode-2@group-523986131536->omNode-1-AppendLogResponseHandler: Failed appendEntries: org.apache.ratis.thirdparty.io.grpc.StatusRuntimeException: UNAVAILABLE: io exception
2021-01-11 13:55:54,370 [grpc-default-executor-11] INFO  leader.FollowerInfo (FollowerInfoImpl.java:lambda$new$0(46)) - omNode-2@group-523986131536->omNode-1: nextIndex: updateUnconditionally 359 -> 45
2021-01-11 13:55:54,375 [grpc-default-executor-11] WARN  server.GrpcLogAppender (LogUtils.java:warn(122)) - omNode-2@group-523986131536->omNode-1-AppendLogResponseHandler: Failed appendEntries: org.apache.ratis.thirdparty.io.grpc.StatusRuntimeException: UNAVAILABLE: io exception
2021-01-11 13:55:54,375 [grpc-default-executor-11] INFO  leader.FollowerInfo (FollowerInfoImpl.java:lambda$new$0(46)) - omNode-2@group-523986131536->omNode-1: nextIndex: updateUnconditionally 359 -> 45
2021-01-11 13:55:54,377 [grpc-default-executor-8] WARN  server.GrpcLogAppender (LogUtils.java:warn(122)) - omNode-2@group-523986131536->omNode-1-AppendLogResponseHandler: Failed appendEntries: org.apache.ratis.thirdparty.io.grpc.StatusRuntimeException: UNAVAILABLE: io exception
2021-01-11 13:55:54,377 [grpc-default-executor-8] INFO  leader.FollowerInfo (FollowerInfoImpl.java:lambda$new$0(46)) - omNode-2@group-523986131536->omNode-1: nextIndex: updateUnconditionally 360 -> 45
2021-01-11 13:55:54,378 [grpc-default-executor-11] WARN  server.GrpcLogAppender (LogUtils.java:warn(122)) - omNode-2@group-523986131536->omNode-1-AppendLogResponseHandler: Failed appendEntries: org.apache.ratis.thirdparty.io.grpc.StatusRuntimeException: UNAVAILABLE: io exception
2021-01-11 13:55:54,379 [grpc-default-executor-11] INFO  leader.FollowerInfo (FollowerInfoImpl.java:lambda$new$0(46)) - omNode-2@group-523986131536->omNode-1: nextIndex: updateUnconditionally 361 -> 45
2021-01-11 13:55:54,380 [grpc-default-executor-11] WARN  server.GrpcLogAppender (LogUtils.java:warn(122)) - omNode-2@group-523986131536->omNode-1-AppendLogResponseHandler: Failed appendEntries: org.apache.ratis.thirdparty.io.grpc.StatusRuntimeException: UNAVAILABLE: io exception
2021-01-11 13:55:54,380 [grpc-default-executor-11] INFO  leader.FollowerInfo (FollowerInfoImpl.java:lambda$new$0(46)) - omNode-2@group-523986131536->omNode-1: nextIndex: updateUnconditionally 362 -> 45
2021-01-11 13:55:54,383 [grpc-default-executor-8] WARN  server.GrpcLogAppender (LogUtils.java:warn(122)) - omNode-2@group-523986131536->omNode-1-AppendLogResponseHandler: Failed appendEntries: org.apache.ratis.thirdparty.io.grpc.StatusRuntimeException: UNAVAILABLE: io exception
2021-01-11 13:55:54,383 [grpc-default-executor-8] INFO  leader.FollowerInfo (FollowerInfoImpl.java:lambda$new$0(46)) - omNode-2@group-523986131536->omNode-1: nextIndex: updateUnconditionally 362 -> 45
2021-01-11 13:55:54,384 [grpc-default-executor-8] WARN  server.GrpcLogAppender (LogUtils.java:warn(122)) - omNode-2@group-523986131536->omNode-1-AppendLogResponseHandler: Failed appendEntries: org.apache.ratis.thirdparty.io.grpc.StatusRuntimeException: UNAVAILABLE: io exception
2021-01-11 13:55:54,384 [grpc-default-executor-8] INFO  leader.FollowerInfo (FollowerInfoImpl.java:lambda$new$0(46)) - omNode-2@group-523986131536->omNode-1: nextIndex: updateUnconditionally 363 -> 45
2021-01-11 13:55:54,388 [grpc-default-executor-11] WARN  server.GrpcLogAppender (LogUtils.java:warn(122)) - omNode-2@group-523986131536->omNode-1-AppendLogResponseHandler: Failed appendEntries: org.apache.ratis.thirdparty.io.grpc.StatusRuntimeException: UNAVAILABLE: io exception
2021-01-11 13:55:54,388 [grpc-default-executor-11] INFO  leader.FollowerInfo (FollowerInfoImpl.java:lambda$new$0(46)) - omNode-2@group-523986131536->omNode-1: nextIndex: updateUnconditionally 363 -> 45
2021-01-11 13:55:54,390 [grpc-default-executor-8] WARN  server.GrpcLogAppender (LogUtils.java:warn(122)) - omNode-2@group-523986131536->omNode-1-AppendLogResponseHandler: Failed appendEntries: org.apache.ratis.thirdparty.io.grpc.StatusRuntimeException: UNAVAILABLE: io exception
2021-01-11 13:55:54,390 [grpc-default-executor-8] INFO  leader.FollowerInfo (FollowerInfoImpl.java:lambda$new$0(46)) - omNode-2@group-523986131536->omNode-1: nextIndex: updateUnconditionally 364 -> 45
2021-01-11 13:55:54,392 [grpc-default-executor-8] WARN  server.GrpcLogAppender (LogUtils.java:warn(122)) - omNode-2@group-523986131536->omNode-1-AppendLogResponseHandler: Failed appendEntries: org.apache.ratis.thirdparty.io.grpc.StatusRuntimeException: UNAVAILABLE: io exception
2021-01-11 13:55:54,392 [grpc-default-executor-8] INFO  leader.FollowerInfo (FollowerInfoImpl.java:lambda$new$0(46)) - omNode-2@group-523986131536->omNode-1: nextIndex: updateUnconditionally 364 -> 45
2021-01-11 13:55:54,393 [grpc-default-executor-4] WARN  server.GrpcLogAppender (LogUtils.java:warn(122)) - omNode-2@group-523986131536->omNode-1-AppendLogResponseHandler: Failed appendEntries: org.apache.ratis.thirdparty.io.grpc.StatusRuntimeException: UNAVAILABLE: io exception
2021-01-11 13:55:54,393 [grpc-default-executor-4] INFO  leader.FollowerInfo (FollowerInfoImpl.java:lambda$new$0(46)) - omNode-2@group-523986131536->omNode-1: nextIndex: updateUnconditionally 365 -> 45
2021-01-11 13:55:54,395 [grpc-default-executor-8] WARN  server.GrpcLogAppender (LogUtils.java:warn(122)) - omNode-2@group-523986131536->omNode-1-AppendLogResponseHandler: Failed appendEntries: org.apache.ratis.thirdparty.io.grpc.StatusRuntimeException: UNAVAILABLE: io exception
2021-01-11 13:55:54,395 [grpc-default-executor-8] INFO  leader.FollowerInfo (FollowerInfoImpl.java:lambda$new$0(46)) - omNode-2@group-523986131536->omNode-1: nextIndex: updateUnconditionally 365 -> 45
2021-01-11 13:55:54,397 [grpc-default-executor-8] WARN  server.GrpcLogAppender (LogUtils.java:warn(122)) - omNode-2@group-523986131536->omNode-1-AppendLogResponseHandler: Failed appendEntries: org.apache.ratis.thirdparty.io.grpc.StatusRuntimeException: UNAVAILABLE: io exception
2021-01-11 13:55:54,397 [grpc-default-executor-8] INFO  leader.FollowerInfo (FollowerInfoImpl.java:lambda$new$0(46)) - omNode-2@group-523986131536->omNode-1: nextIndex: updateUnconditionally 365 -> 45
2021-01-11 13:55:54,398 [grpc-default-executor-8] WARN  server.GrpcLogAppender (LogUtils.java:warn(122)) - omNode-2@group-523986131536->omNode-1-AppendLogResponseHandler: Failed appendEntries: org.apache.ratis.thirdparty.io.grpc.StatusRuntimeException: UNAVAILABLE: io exception
2021-01-11 13:55:54,398 [grpc-default-executor-8] INFO  leader.FollowerInfo (FollowerInfoImpl.java:lambda$new$0(46)) - omNode-2@group-523986131536->omNode-1: nextIndex: updateUnconditionally 366 -> 45
2021-01-11 13:55:54,399 [grpc-default-executor-4] WARN  server.GrpcLogAppender (LogUtils.java:warn(122)) - omNode-2@group-523986131536->omNode-1-AppendLogResponseHandler: Failed appendEntries: org.apache.ratis.thirdparty.io.grpc.StatusRuntimeException: UNAVAILABLE: io exception
2021-01-11 13:55:54,399 [grpc-default-executor-4] INFO  leader.FollowerInfo (FollowerInfoImpl.java:lambda$new$0(46)) - omNode-2@group-523986131536->omNode-1: nextIndex: updateUnconditionally 366 -> 45
2021-01-11 13:55:54,405 [grpc-default-executor-4] WARN  server.GrpcLogAppender (LogUtils.java:warn(122)) - omNode-2@group-523986131536->omNode-1-AppendLogResponseHandler: Failed appendEntries: org.apache.ratis.thirdparty.io.grpc.StatusRuntimeException: UNAVAILABLE: io exception
2021-01-11 13:55:54,405 [grpc-default-executor-4] INFO  leader.FollowerInfo (FollowerInfoImpl.java:lambda$new$0(46)) - omNode-2@group-523986131536->omNode-1: nextIndex: updateUnconditionally 367 -> 45
2021-01-11 13:55:54,409 [grpc-default-executor-8] WARN  server.GrpcLogAppender (LogUtils.java:warn(122)) - omNode-2@group-523986131536->omNode-1-AppendLogResponseHandler: Failed appendEntries: org.apache.ratis.thirdparty.io.grpc.StatusRuntimeException: UNAVAILABLE: io exception
2021-01-11 13:55:54,410 [grpc-default-executor-8] INFO  leader.FollowerInfo (FollowerInfoImpl.java:lambda$new$0(46)) - omNode-2@group-523986131536->omNode-1: nextIndex: updateUnconditionally 368 -> 45
2021-01-11 13:55:54,412 [grpc-default-executor-4] WARN  server.GrpcLogAppender (LogUtils.java:warn(122)) - omNode-2@group-523986131536->omNode-1-AppendLogResponseHandler: Failed appendEntries: org.apache.ratis.thirdparty.io.grpc.StatusRuntimeException: UNAVAILABLE: io exception
2021-01-11 13:55:54,412 [grpc-default-executor-4] INFO  leader.FollowerInfo (FollowerInfoImpl.java:lambda$new$0(46)) - omNode-2@group-523986131536->omNode-1: nextIndex: updateUnconditionally 368 -> 45
2021-01-11 13:55:54,412 [grpc-default-executor-4] WARN  server.GrpcLogAppender (LogUtils.java:warn(122)) - omNode-2@group-523986131536->omNode-1-AppendLogResponseHandler: Failed appendEntries: org.apache.ratis.thirdparty.io.grpc.StatusRuntimeException: UNAVAILABLE: io exception
2021-01-11 13:55:54,412 [grpc-default-executor-4] INFO  leader.FollowerInfo (FollowerInfoImpl.java:lambda$new$0(46)) - omNode-2@group-523986131536->omNode-1: nextIndex: updateUnconditionally 369 -> 45
2021-01-11 13:55:54,414 [grpc-default-executor-4] WARN  server.GrpcLogAppender (LogUtils.java:warn(122)) - omNode-2@group-523986131536->omNode-1-AppendLogResponseHandler: Failed appendEntries: org.apache.ratis.thirdparty.io.grpc.StatusRuntimeException: UNAVAILABLE: io exception
2021-01-11 13:55:54,414 [grpc-default-executor-4] INFO  leader.FollowerInfo (FollowerInfoImpl.java:lambda$new$0(46)) - omNode-2@group-523986131536->omNode-1: nextIndex: updateUnconditionally 369 -> 45
2021-01-11 13:55:54,416 [grpc-default-executor-4] WARN  server.GrpcLogAppender (LogUtils.java:warn(122)) - omNode-2@group-523986131536->omNode-1-AppendLogResponseHandler: Failed appendEntries: org.apache.ratis.thirdparty.io.grpc.StatusRuntimeException: UNAVAILABLE: io exception
2021-01-11 13:55:54,416 [grpc-default-executor-4] INFO  leader.FollowerInfo (FollowerInfoImpl.java:lambda$new$0(46)) - omNode-2@group-523986131536->omNode-1: nextIndex: updateUnconditionally 370 -> 45
2021-01-11 13:55:54,419 [grpc-default-executor-4] WARN  server.GrpcLogAppender (LogUtils.java:warn(122)) - omNode-2@group-523986131536->omNode-1-AppendLogResponseHandler: Failed appendEntries: org.apache.ratis.thirdparty.io.grpc.StatusRuntimeException: UNAVAILABLE: io exception
2021-01-11 13:55:54,419 [grpc-default-executor-4] INFO  leader.FollowerInfo (FollowerInfoImpl.java:lambda$new$0(46)) - omNode-2@group-523986131536->omNode-1: nextIndex: updateUnconditionally 371 -> 45
2021-01-11 13:55:54,422 [grpc-default-executor-8] WARN  server.GrpcLogAppender (LogUtils.java:warn(122)) - omNode-2@group-523986131536->omNode-1-AppendLogResponseHandler: Failed appendEntries: org.apache.ratis.thirdparty.io.grpc.StatusRuntimeException: UNAVAILABLE: io exception
2021-01-11 13:55:54,422 [grpc-default-executor-8] INFO  leader.FollowerInfo (FollowerInfoImpl.java:lambda$new$0(46)) - omNode-2@group-523986131536->omNode-1: nextIndex: updateUnconditionally 371 -> 45
2021-01-11 13:55:54,423 [grpc-default-executor-8] WARN  server.GrpcLogAppender (LogUtils.java:warn(122)) - omNode-2@group-523986131536->omNode-1-AppendLogResponseHandler: Failed appendEntries: org.apache.ratis.thirdparty.io.grpc.StatusRuntimeException: UNAVAILABLE: io exception
2021-01-11 13:55:54,423 [grpc-default-executor-8] INFO  leader.FollowerInfo (FollowerInfoImpl.java:lambda$new$0(46)) - omNode-2@group-523986131536->omNode-1: nextIndex: updateUnconditionally 371 -> 45
2021-01-11 13:55:54,425 [grpc-default-executor-8] WARN  server.GrpcLogAppender (LogUtils.java:warn(122)) - omNode-2@group-523986131536->omNode-1-AppendLogResponseHandler: Failed appendEntries: org.apache.ratis.thirdparty.io.grpc.StatusRuntimeException: UNAVAILABLE: io exception
2021-01-11 13:55:54,425 [grpc-default-executor-8] INFO  leader.FollowerInfo (FollowerInfoImpl.java:lambda$new$0(46)) - omNode-2@group-523986131536->omNode-1: nextIndex: updateUnconditionally 372 -> 45
2021-01-11 13:55:54,426 [grpc-default-executor-8] WARN  server.GrpcLogAppender (LogUtils.java:warn(122)) - omNode-2@group-523986131536->omNode-1-AppendLogResponseHandler: Failed appendEntries: org.apache.ratis.thirdparty.io.grpc.StatusRuntimeException: UNAVAILABLE: io exception
2021-01-11 13:55:54,427 [grpc-default-executor-8] INFO  leader.FollowerInfo (FollowerInfoImpl.java:lambda$new$0(46)) - omNode-2@group-523986131536->omNode-1: nextIndex: updateUnconditionally 373 -> 45
2021-01-11 13:55:54,430 [grpc-default-executor-8] WARN  server.GrpcLogAppender (LogUtils.java:warn(122)) - omNode-2@group-523986131536->omNode-1-AppendLogResponseHandler: Failed appendEntries: org.apache.ratis.thirdparty.io.grpc.StatusRuntimeException: UNAVAILABLE: io exception
2021-01-11 13:55:54,430 [grpc-default-executor-8] INFO  leader.FollowerInfo (FollowerInfoImpl.java:lambda$new$0(46)) - omNode-2@group-523986131536->omNode-1: nextIndex: updateUnconditionally 374 -> 45
2021-01-11 13:55:54,430 [grpc-default-executor-8] WARN  server.GrpcLogAppender (LogUtils.java:warn(122)) - omNode-2@group-523986131536->omNode-1-AppendLogResponseHandler: Failed appendEntries: org.apache.ratis.thirdparty.io.grpc.StatusRuntimeException: UNAVAILABLE: io exception
2021-01-11 13:55:54,431 [grpc-default-executor-8] INFO  leader.FollowerInfo (FollowerInfoImpl.java:lambda$new$0(46)) - omNode-2@group-523986131536->omNode-1: nextIndex: updateUnconditionally 374 -> 45
2021-01-11 13:55:54,432 [grpc-default-executor-8] WARN  server.GrpcLogAppender (LogUtils.java:warn(122)) - omNode-2@group-523986131536->omNode-1-AppendLogResponseHandler: Failed appendEntries: org.apache.ratis.thirdparty.io.grpc.StatusRuntimeException: UNAVAILABLE: io exception
2021-01-11 13:55:54,432 [grpc-default-executor-8] INFO  leader.FollowerInfo (FollowerInfoImpl.java:lambda$new$0(46)) - omNode-2@group-523986131536->omNode-1: nextIndex: updateUnconditionally 375 -> 45
2021-01-11 13:55:54,435 [grpc-default-executor-11] WARN  server.GrpcLogAppender (LogUtils.java:warn(122)) - omNode-2@group-523986131536->omNode-1-AppendLogResponseHandler: Failed appendEntries: org.apache.ratis.thirdparty.io.grpc.StatusRuntimeException: UNAVAILABLE: io exception
2021-01-11 13:55:54,435 [grpc-default-executor-11] INFO  leader.FollowerInfo (FollowerInfoImpl.java:lambda$new$0(46)) - omNode-2@group-523986131536->omNode-1: nextIndex: updateUnconditionally 375 -> 45
2021-01-11 13:55:54,435 [grpc-default-executor-4] WARN  server.GrpcLogAppender (LogUtils.java:warn(122)) - omNode-2@group-523986131536->omNode-1-AppendLogResponseHandler: Failed appendEntries: org.apache.ratis.thirdparty.io.grpc.StatusRuntimeException: UNAVAILABLE: io exception
2021-01-11 13:55:54,436 [grpc-default-executor-4] INFO  leader.FollowerInfo (FollowerInfoImpl.java:lambda$new$0(46)) - omNode-2@group-523986131536->omNode-1: nextIndex: updateUnconditionally 375 -> 45
2021-01-11 13:55:54,442 [grpc-default-executor-8] WARN  server.GrpcLogAppender (LogUtils.java:warn(122)) - omNode-2@group-523986131536->omNode-1-AppendLogResponseHandler: Failed appendEntries: org.apache.ratis.thirdparty.io.grpc.StatusRuntimeException: UNAVAILABLE: io exception
2021-01-11 13:55:54,442 [grpc-default-executor-8] INFO  leader.FollowerInfo (FollowerInfoImpl.java:lambda$new$0(46)) - omNode-2@group-523986131536->omNode-1: nextIndex: updateUnconditionally 376 -> 45
2021-01-11 13:55:54,443 [grpc-default-executor-8] WARN  server.GrpcLogAppender (LogUtils.java:warn(122)) - omNode-2@group-523986131536->omNode-1-AppendLogResponseHandler: Failed appendEntries: org.apache.ratis.thirdparty.io.grpc.StatusRuntimeException: UNAVAILABLE: io exception
2021-01-11 13:55:54,443 [grpc-default-executor-8] INFO  leader.FollowerInfo (FollowerInfoImpl.java:lambda$new$0(46)) - omNode-2@group-523986131536->omNode-1: nextIndex: updateUnconditionally 376 -> 45
2021-01-11 13:55:54,444 [grpc-default-executor-8] WARN  server.GrpcLogAppender (LogUtils.java:warn(122)) - omNode-2@group-523986131536->omNode-1-AppendLogResponseHandler: Failed appendEntries: org.apache.ratis.thirdparty.io.grpc.StatusRuntimeException: UNAVAILABLE: io exception
2021-01-11 13:55:54,444 [grpc-default-executor-8] INFO  leader.FollowerInfo (FollowerInfoImpl.java:lambda$new$0(46)) - omNode-2@group-523986131536->omNode-1: nextIndex: updateUnconditionally 377 -> 45
2021-01-11 13:55:54,447 [grpc-default-executor-8] WARN  server.GrpcLogAppender (LogUtils.java:warn(122)) - omNode-2@group-523986131536->omNode-1-AppendLogResponseHandler: Failed appendEntries: org.apache.ratis.thirdparty.io.grpc.StatusRuntimeException: UNAVAILABLE: io exception
2021-01-11 13:55:54,447 [grpc-default-executor-8] INFO  leader.FollowerInfo (FollowerInfoImpl.java:lambda$new$0(46)) - omNode-2@group-523986131536->omNode-1: nextIndex: updateUnconditionally 378 -> 45
2021-01-11 13:55:54,448 [grpc-default-executor-8] WARN  server.GrpcLogAppender (LogUtils.java:warn(122)) - omNode-2@group-523986131536->omNode-1-AppendLogResponseHandler: Failed appendEntries: org.apache.ratis.thirdparty.io.grpc.StatusRuntimeException: UNAVAILABLE: io exception
2021-01-11 13:55:54,448 [grpc-default-executor-8] INFO  leader.FollowerInfo (FollowerInfoImpl.java:lambda$new$0(46)) - omNode-2@group-523986131536->omNode-1: nextIndex: updateUnconditionally 379 -> 45
2021-01-11 13:55:54,454 [grpc-default-executor-8] WARN  server.GrpcLogAppender (LogUtils.java:warn(122)) - omNode-2@group-523986131536->omNode-1-AppendLogResponseHandler: Failed appendEntries: org.apache.ratis.thirdparty.io.grpc.StatusRuntimeException: UNAVAILABLE: io exception
2021-01-11 13:55:54,454 [grpc-default-executor-8] INFO  leader.FollowerInfo (FollowerInfoImpl.java:lambda$new$0(46)) - omNode-2@group-523986131536->omNode-1: nextIndex: updateUnconditionally 379 -> 45
2021-01-11 13:55:54,455 [grpc-default-executor-8] WARN  server.GrpcLogAppender (LogUtils.java:warn(122)) - omNode-2@group-523986131536->omNode-1-AppendLogResponseHandler: Failed appendEntries: org.apache.ratis.thirdparty.io.grpc.StatusRuntimeException: UNAVAILABLE: io exception
2021-01-11 13:55:54,455 [grpc-default-executor-8] INFO  leader.FollowerInfo (FollowerInfoImpl.java:lambda$new$0(46)) - omNode-2@group-523986131536->omNode-1: nextIndex: updateUnconditionally 379 -> 45
2021-01-11 13:55:54,460 [grpc-default-executor-8] WARN  server.GrpcLogAppender (LogUtils.java:warn(122)) - omNode-2@group-523986131536->omNode-1-AppendLogResponseHandler: Failed appendEntries: org.apache.ratis.thirdparty.io.grpc.StatusRuntimeException: UNAVAILABLE: io exception
2021-01-11 13:55:54,460 [grpc-default-executor-8] INFO  leader.FollowerInfo (FollowerInfoImpl.java:lambda$new$0(46)) - omNode-2@group-523986131536->omNode-1: nextIndex: updateUnconditionally 380 -> 45
2021-01-11 13:55:54,461 [grpc-default-executor-8] WARN  server.GrpcLogAppender (LogUtils.java:warn(122)) - omNode-2@group-523986131536->omNode-1-AppendLogResponseHandler: Failed appendEntries: org.apache.ratis.thirdparty.io.grpc.StatusRuntimeException: UNAVAILABLE: io exception
2021-01-11 13:55:54,461 [grpc-default-executor-8] INFO  leader.FollowerInfo (FollowerInfoImpl.java:lambda$new$0(46)) - omNode-2@group-523986131536->omNode-1: nextIndex: updateUnconditionally 380 -> 45
2021-01-11 13:55:54,463 [grpc-default-executor-4] WARN  server.GrpcLogAppender (LogUtils.java:warn(122)) - omNode-2@group-523986131536->omNode-1-AppendLogResponseHandler: Failed appendEntries: org.apache.ratis.thirdparty.io.grpc.StatusRuntimeException: UNAVAILABLE: io exception
2021-01-11 13:55:54,463 [grpc-default-executor-4] INFO  leader.FollowerInfo (FollowerInfoImpl.java:lambda$new$0(46)) - omNode-2@group-523986131536->omNode-1: nextIndex: updateUnconditionally 381 -> 45
2021-01-11 13:55:54,464 [grpc-default-executor-8] WARN  server.GrpcLogAppender (LogUtils.java:warn(122)) - omNode-2@group-523986131536->omNode-1-AppendLogResponseHandler: Failed appendEntries: org.apache.ratis.thirdparty.io.grpc.StatusRuntimeException: UNAVAILABLE: io exception
2021-01-11 13:55:54,465 [grpc-default-executor-8] INFO  leader.FollowerInfo (FollowerInfoImpl.java:lambda$new$0(46)) - omNode-2@group-523986131536->omNode-1: nextIndex: updateUnconditionally 382 -> 45
2021-01-11 13:55:54,468 [grpc-default-executor-8] WARN  server.GrpcLogAppender (LogUtils.java:warn(122)) - omNode-2@group-523986131536->omNode-1-AppendLogResponseHandler: Failed appendEntries: org.apache.ratis.thirdparty.io.grpc.StatusRuntimeException: UNAVAILABLE: io exception
2021-01-11 13:55:54,468 [grpc-default-executor-8] INFO  leader.FollowerInfo (FollowerInfoImpl.java:lambda$new$0(46)) - omNode-2@group-523986131536->omNode-1: nextIndex: updateUnconditionally 382 -> 45
2021-01-11 13:55:54,469 [grpc-default-executor-8] WARN  server.GrpcLogAppender (LogUtils.java:warn(122)) - omNode-2@group-523986131536->omNode-1-AppendLogResponseHandler: Failed appendEntries: org.apache.ratis.thirdparty.io.grpc.StatusRuntimeException: UNAVAILABLE: io exception
2021-01-11 13:55:54,469 [grpc-default-executor-8] INFO  leader.FollowerInfo (FollowerInfoImpl.java:lambda$new$0(46)) - omNode-2@group-523986131536->omNode-1: nextIndex: updateUnconditionally 382 -> 45
2021-01-11 13:55:54,472 [grpc-default-executor-8] WARN  server.GrpcLogAppender (LogUtils.java:warn(122)) - omNode-2@group-523986131536->omNode-1-AppendLogResponseHandler: Failed appendEntries: org.apache.ratis.thirdparty.io.grpc.StatusRuntimeException: UNAVAILABLE: io exception
2021-01-11 13:55:54,472 [grpc-default-executor-8] INFO  leader.FollowerInfo (FollowerInfoImpl.java:lambda$new$0(46)) - omNode-2@group-523986131536->omNode-1: nextIndex: updateUnconditionally 383 -> 45
2021-01-11 13:55:54,477 [grpc-default-executor-4] WARN  server.GrpcLogAppender (LogUtils.java:warn(122)) - omNode-2@group-523986131536->omNode-1-AppendLogResponseHandler: Failed appendEntries: org.apache.ratis.thirdparty.io.grpc.StatusRuntimeException: UNAVAILABLE: io exception
2021-01-11 13:55:54,477 [grpc-default-executor-4] INFO  leader.FollowerInfo (FollowerInfoImpl.java:lambda$new$0(46)) - omNode-2@group-523986131536->omNode-1: nextIndex: updateUnconditionally 383 -> 45
2021-01-11 13:55:54,478 [grpc-default-executor-4] WARN  server.GrpcLogAppender (LogUtils.java:warn(122)) - omNode-2@group-523986131536->omNode-1-AppendLogResponseHandler: Failed appendEntries: org.apache.ratis.thirdparty.io.grpc.StatusRuntimeException: UNAVAILABLE: io exception
2021-01-11 13:55:54,479 [grpc-default-executor-4] INFO  leader.FollowerInfo (FollowerInfoImpl.java:lambda$new$0(46)) - omNode-2@group-523986131536->omNode-1: nextIndex: updateUnconditionally 384 -> 45
2021-01-11 13:55:54,480 [grpc-default-executor-4] WARN  server.GrpcLogAppender (LogUtils.java:warn(122)) - omNode-2@group-523986131536->omNode-1-AppendLogResponseHandler: Failed appendEntries: org.apache.ratis.thirdparty.io.grpc.StatusRuntimeException: UNAVAILABLE: io exception
2021-01-11 13:55:54,480 [grpc-default-executor-4] INFO  leader.FollowerInfo (FollowerInfoImpl.java:lambda$new$0(46)) - omNode-2@group-523986131536->omNode-1: nextIndex: updateUnconditionally 384 -> 45
2021-01-11 13:55:54,482 [grpc-default-executor-11] WARN  server.GrpcLogAppender (LogUtils.java:warn(122)) - omNode-2@group-523986131536->omNode-1-AppendLogResponseHandler: Failed appendEntries: org.apache.ratis.thirdparty.io.grpc.StatusRuntimeException: UNAVAILABLE: io exception
2021-01-11 13:55:54,482 [grpc-default-executor-11] INFO  leader.FollowerInfo (FollowerInfoImpl.java:lambda$new$0(46)) - omNode-2@group-523986131536->omNode-1: nextIndex: updateUnconditionally 385 -> 45
2021-01-11 13:55:54,483 [grpc-default-executor-11] WARN  server.GrpcLogAppender (LogUtils.java:warn(122)) - omNode-2@group-523986131536->omNode-1-AppendLogResponseHandler: Failed appendEntries: org.apache.ratis.thirdparty.io.grpc.StatusRuntimeException: UNAVAILABLE: io exception
2021-01-11 13:55:54,484 [grpc-default-executor-11] INFO  leader.FollowerInfo (FollowerInfoImpl.java:lambda$new$0(46)) - omNode-2@group-523986131536->omNode-1: nextIndex: updateUnconditionally 386 -> 45
2021-01-11 13:55:54,487 [grpc-default-executor-11] WARN  server.GrpcLogAppender (LogUtils.java:warn(122)) - omNode-2@group-523986131536->omNode-1-AppendLogResponseHandler: Failed appendEntries: org.apache.ratis.thirdparty.io.grpc.StatusRuntimeException: UNAVAILABLE: io exception
2021-01-11 13:55:54,488 [grpc-default-executor-11] INFO  leader.FollowerInfo (FollowerInfoImpl.java:lambda$new$0(46)) - omNode-2@group-523986131536->omNode-1: nextIndex: updateUnconditionally 386 -> 45
2021-01-11 13:55:54,488 [grpc-default-executor-11] WARN  server.GrpcLogAppender (LogUtils.java:warn(122)) - omNode-2@group-523986131536->omNode-1-AppendLogResponseHandler: Failed appendEntries: org.apache.ratis.thirdparty.io.grpc.StatusRuntimeException: UNAVAILABLE: io exception
2021-01-11 13:55:54,488 [grpc-default-executor-11] INFO  leader.FollowerInfo (FollowerInfoImpl.java:lambda$new$0(46)) - omNode-2@group-523986131536->omNode-1: nextIndex: updateUnconditionally 386 -> 45
2021-01-11 13:55:54,493 [grpc-default-executor-11] WARN  server.GrpcLogAppender (LogUtils.java:warn(122)) - omNode-2@group-523986131536->omNode-1-AppendLogResponseHandler: Failed appendEntries: org.apache.ratis.thirdparty.io.grpc.StatusRuntimeException: UNAVAILABLE: io exception
2021-01-11 13:55:54,493 [grpc-default-executor-11] INFO  leader.FollowerInfo (FollowerInfoImpl.java:lambda$new$0(46)) - omNode-2@group-523986131536->omNode-1: nextIndex: updateUnconditionally 387 -> 45
2021-01-11 13:55:54,495 [grpc-default-executor-11] WARN  server.GrpcLogAppender (LogUtils.java:warn(122)) - omNode-2@group-523986131536->omNode-1-AppendLogResponseHandler: Failed appendEntries: org.apache.ratis.thirdparty.io.grpc.StatusRuntimeException: UNAVAILABLE: io exception
2021-01-11 13:55:54,496 [grpc-default-executor-11] INFO  leader.FollowerInfo (FollowerInfoImpl.java:lambda$new$0(46)) - omNode-2@group-523986131536->omNode-1: nextIndex: updateUnconditionally 387 -> 45
2021-01-11 13:55:54,496 [grpc-default-executor-11] WARN  server.GrpcLogAppender (LogUtils.java:warn(122)) - omNode-2@group-523986131536->omNode-1-AppendLogResponseHandler: Failed appendEntries: org.apache.ratis.thirdparty.io.grpc.StatusRuntimeException: UNAVAILABLE: io exception
2021-01-11 13:55:54,496 [grpc-default-executor-11] INFO  leader.FollowerInfo (FollowerInfoImpl.java:lambda$new$0(46)) - omNode-2@group-523986131536->omNode-1: nextIndex: updateUnconditionally 387 -> 45
2021-01-11 13:55:54,498 [grpc-default-executor-11] WARN  server.GrpcLogAppender (LogUtils.java:warn(122)) - omNode-2@group-523986131536->omNode-1-AppendLogResponseHandler: Failed appendEntries: org.apache.ratis.thirdparty.io.grpc.StatusRuntimeException: UNAVAILABLE: io exception
2021-01-11 13:55:54,499 [grpc-default-executor-11] INFO  leader.FollowerInfo (FollowerInfoImpl.java:lambda$new$0(46)) - omNode-2@group-523986131536->omNode-1: nextIndex: updateUnconditionally 388 -> 45
2021-01-11 13:55:54,500 [grpc-default-executor-11] WARN  server.GrpcLogAppender (LogUtils.java:warn(122)) - omNode-2@group-523986131536->omNode-1-AppendLogResponseHandler: Failed appendEntries: org.apache.ratis.thirdparty.io.grpc.StatusRuntimeException: UNAVAILABLE: io exception
2021-01-11 13:55:54,500 [grpc-default-executor-11] INFO  leader.FollowerInfo (FollowerInfoImpl.java:lambda$new$0(46)) - omNode-2@group-523986131536->omNode-1: nextIndex: updateUnconditionally 388 -> 45
2021-01-11 13:55:54,501 [grpc-default-executor-11] WARN  server.GrpcLogAppender (LogUtils.java:warn(122)) - omNode-2@group-523986131536->omNode-1-AppendLogResponseHandler: Failed appendEntries: org.apache.ratis.thirdparty.io.grpc.StatusRuntimeException: UNAVAILABLE: io exception
2021-01-11 13:55:54,501 [grpc-default-executor-11] INFO  leader.FollowerInfo (FollowerInfoImpl.java:lambda$new$0(46)) - omNode-2@group-523986131536->omNode-1: nextIndex: updateUnconditionally 389 -> 45
2021-01-11 13:55:54,503 [grpc-default-executor-11] WARN  server.GrpcLogAppender (LogUtils.java:warn(122)) - omNode-2@group-523986131536->omNode-1-AppendLogResponseHandler: Failed appendEntries: org.apache.ratis.thirdparty.io.grpc.StatusRuntimeException: UNAVAILABLE: io exception
2021-01-11 13:55:54,503 [grpc-default-executor-11] INFO  leader.FollowerInfo (FollowerInfoImpl.java:lambda$new$0(46)) - omNode-2@group-523986131536->omNode-1: nextIndex: updateUnconditionally 389 -> 45
2021-01-11 13:55:54,504 [grpc-default-executor-4] WARN  server.GrpcLogAppender (LogUtils.java:warn(122)) - omNode-2@group-523986131536->omNode-1-AppendLogResponseHandler: Failed appendEntries: org.apache.ratis.thirdparty.io.grpc.StatusRuntimeException: UNAVAILABLE: io exception
2021-01-11 13:55:54,504 [grpc-default-executor-4] INFO  leader.FollowerInfo (FollowerInfoImpl.java:lambda$new$0(46)) - omNode-2@group-523986131536->omNode-1: nextIndex: updateUnconditionally 390 -> 45
2021-01-11 13:55:54,506 [EventQueue-Delayed safe mode statusForReplicationManager] INFO  container.ReplicationManager (ReplicationManager.java:start(186)) - Starting Replication Monitor Thread.
2021-01-11 13:55:54,508 [ReplicationMonitor] INFO  container.ReplicationManager (ReplicationManager.java:run(250)) - Replication Monitor Thread took 1 milliseconds for processing 2 containers.
2021-01-11 13:55:54,508 [grpc-default-executor-4] WARN  server.GrpcLogAppender (LogUtils.java:warn(122)) - omNode-2@group-523986131536->omNode-1-AppendLogResponseHandler: Failed appendEntries: org.apache.ratis.thirdparty.io.grpc.StatusRuntimeException: UNAVAILABLE: io exception
2021-01-11 13:55:54,515 [grpc-default-executor-4] INFO  leader.FollowerInfo (FollowerInfoImpl.java:lambda$new$0(46)) - omNode-2@group-523986131536->omNode-1: nextIndex: updateUnconditionally 391 -> 45
2021-01-11 13:55:54,516 [grpc-default-executor-11] WARN  server.GrpcLogAppender (LogUtils.java:warn(122)) - omNode-2@group-523986131536->omNode-1-AppendLogResponseHandler: Failed appendEntries: org.apache.ratis.thirdparty.io.grpc.StatusRuntimeException: UNAVAILABLE: io exception
2021-01-11 13:55:54,516 [grpc-default-executor-11] INFO  leader.FollowerInfo (FollowerInfoImpl.java:lambda$new$0(46)) - omNode-2@group-523986131536->omNode-1: nextIndex: updateUnconditionally 391 -> 45
2021-01-11 13:55:54,519 [grpc-default-executor-11] WARN  server.GrpcLogAppender (LogUtils.java:warn(122)) - omNode-2@group-523986131536->omNode-1-AppendLogResponseHandler: Failed appendEntries: org.apache.ratis.thirdparty.io.grpc.StatusRuntimeException: UNAVAILABLE: io exception
2021-01-11 13:55:54,519 [grpc-default-executor-11] INFO  leader.FollowerInfo (FollowerInfoImpl.java:lambda$new$0(46)) - omNode-2@group-523986131536->omNode-1: nextIndex: updateUnconditionally 392 -> 45
2021-01-11 13:55:54,521 [grpc-default-executor-11] WARN  server.GrpcLogAppender (LogUtils.java:warn(122)) - omNode-2@group-523986131536->omNode-1-AppendLogResponseHandler: Failed appendEntries: org.apache.ratis.thirdparty.io.grpc.StatusRuntimeException: UNAVAILABLE: io exception
2021-01-11 13:55:54,521 [grpc-default-executor-11] INFO  leader.FollowerInfo (FollowerInfoImpl.java:lambda$new$0(46)) - omNode-2@group-523986131536->omNode-1: nextIndex: updateUnconditionally 392 -> 45
2021-01-11 13:55:54,523 [grpc-default-executor-4] WARN  server.GrpcLogAppender (LogUtils.java:warn(122)) - omNode-2@group-523986131536->omNode-1-AppendLogResponseHandler: Failed appendEntries: org.apache.ratis.thirdparty.io.grpc.StatusRuntimeException: UNAVAILABLE: io exception
2021-01-11 13:55:54,523 [grpc-default-executor-4] INFO  leader.FollowerInfo (FollowerInfoImpl.java:lambda$new$0(46)) - omNode-2@group-523986131536->omNode-1: nextIndex: updateUnconditionally 393 -> 45
2021-01-11 13:55:54,525 [grpc-default-executor-11] WARN  server.GrpcLogAppender (LogUtils.java:warn(122)) - omNode-2@group-523986131536->omNode-1-AppendLogResponseHandler: Failed appendEntries: org.apache.ratis.thirdparty.io.grpc.StatusRuntimeException: UNAVAILABLE: io exception
2021-01-11 13:55:54,525 [grpc-default-executor-11] INFO  leader.FollowerInfo (FollowerInfoImpl.java:lambda$new$0(46)) - omNode-2@group-523986131536->omNode-1: nextIndex: updateUnconditionally 394 -> 45
2021-01-11 13:55:54,528 [grpc-default-executor-11] WARN  server.GrpcLogAppender (LogUtils.java:warn(122)) - omNode-2@group-523986131536->omNode-1-AppendLogResponseHandler: Failed appendEntries: org.apache.ratis.thirdparty.io.grpc.StatusRuntimeException: UNAVAILABLE: io exception
2021-01-11 13:55:54,528 [grpc-default-executor-11] INFO  leader.FollowerInfo (FollowerInfoImpl.java:lambda$new$0(46)) - omNode-2@group-523986131536->omNode-1: nextIndex: updateUnconditionally 394 -> 45
2021-01-11 13:55:54,529 [grpc-default-executor-11] WARN  server.GrpcLogAppender (LogUtils.java:warn(122)) - omNode-2@group-523986131536->omNode-1-AppendLogResponseHandler: Failed appendEntries: org.apache.ratis.thirdparty.io.grpc.StatusRuntimeException: UNAVAILABLE: io exception
2021-01-11 13:55:54,529 [grpc-default-executor-11] INFO  leader.FollowerInfo (FollowerInfoImpl.java:lambda$new$0(46)) - omNode-2@group-523986131536->omNode-1: nextIndex: updateUnconditionally 394 -> 45
2021-01-11 13:55:54,532 [grpc-default-executor-4] WARN  server.GrpcLogAppender (LogUtils.java:warn(122)) - omNode-2@group-523986131536->omNode-1-AppendLogResponseHandler: Failed appendEntries: org.apache.ratis.thirdparty.io.grpc.StatusRuntimeException: UNAVAILABLE: io exception
2021-01-11 13:55:54,532 [grpc-default-executor-4] INFO  leader.FollowerInfo (FollowerInfoImpl.java:lambda$new$0(46)) - omNode-2@group-523986131536->omNode-1: nextIndex: updateUnconditionally 395 -> 45
2021-01-11 13:55:54,535 [grpc-default-executor-11] WARN  server.GrpcLogAppender (LogUtils.java:warn(122)) - omNode-2@group-523986131536->omNode-1-AppendLogResponseHandler: Failed appendEntries: org.apache.ratis.thirdparty.io.grpc.StatusRuntimeException: UNAVAILABLE: io exception
2021-01-11 13:55:54,535 [grpc-default-executor-11] INFO  leader.FollowerInfo (FollowerInfoImpl.java:lambda$new$0(46)) - omNode-2@group-523986131536->omNode-1: nextIndex: updateUnconditionally 395 -> 45
2021-01-11 13:55:54,536 [grpc-default-executor-11] WARN  server.GrpcLogAppender (LogUtils.java:warn(122)) - omNode-2@group-523986131536->omNode-1-AppendLogResponseHandler: Failed appendEntries: org.apache.ratis.thirdparty.io.grpc.StatusRuntimeException: UNAVAILABLE: io exception
2021-01-11 13:55:54,536 [grpc-default-executor-11] INFO  leader.FollowerInfo (FollowerInfoImpl.java:lambda$new$0(46)) - omNode-2@group-523986131536->omNode-1: nextIndex: updateUnconditionally 396 -> 45
2021-01-11 13:55:54,540 [grpc-default-executor-4] WARN  server.GrpcLogAppender (LogUtils.java:warn(122)) - omNode-2@group-523986131536->omNode-1-AppendLogResponseHandler: Failed appendEntries: org.apache.ratis.thirdparty.io.grpc.StatusRuntimeException: UNAVAILABLE: io exception
2021-01-11 13:55:54,540 [grpc-default-executor-4] INFO  leader.FollowerInfo (FollowerInfoImpl.java:lambda$new$0(46)) - omNode-2@group-523986131536->omNode-1: nextIndex: updateUnconditionally 396 -> 45
2021-01-11 13:55:54,543 [grpc-default-executor-4] WARN  server.GrpcLogAppender (LogUtils.java:warn(122)) - omNode-2@group-523986131536->omNode-1-AppendLogResponseHandler: Failed appendEntries: org.apache.ratis.thirdparty.io.grpc.StatusRuntimeException: UNAVAILABLE: io exception
2021-01-11 13:55:54,543 [grpc-default-executor-4] INFO  leader.FollowerInfo (FollowerInfoImpl.java:lambda$new$0(46)) - omNode-2@group-523986131536->omNode-1: nextIndex: updateUnconditionally 398 -> 45
2021-01-11 13:55:54,544 [grpc-default-executor-11] WARN  server.GrpcLogAppender (LogUtils.java:warn(122)) - omNode-2@group-523986131536->omNode-1-AppendLogResponseHandler: Failed appendEntries: org.apache.ratis.thirdparty.io.grpc.StatusRuntimeException: UNAVAILABLE: io exception
2021-01-11 13:55:54,544 [grpc-default-executor-11] INFO  leader.FollowerInfo (FollowerInfoImpl.java:lambda$new$0(46)) - omNode-2@group-523986131536->omNode-1: nextIndex: updateUnconditionally 398 -> 45
2021-01-11 13:55:54,545 [grpc-default-executor-11] WARN  server.GrpcLogAppender (LogUtils.java:warn(122)) - omNode-2@group-523986131536->omNode-1-AppendLogResponseHandler: Failed appendEntries: org.apache.ratis.thirdparty.io.grpc.StatusRuntimeException: UNAVAILABLE: io exception
2021-01-11 13:55:54,545 [grpc-default-executor-11] INFO  leader.FollowerInfo (FollowerInfoImpl.java:lambda$new$0(46)) - omNode-2@group-523986131536->omNode-1: nextIndex: updateUnconditionally 399 -> 45
2021-01-11 13:55:54,549 [grpc-default-executor-4] WARN  server.GrpcLogAppender (LogUtils.java:warn(122)) - omNode-2@group-523986131536->omNode-1-AppendLogResponseHandler: Failed appendEntries: org.apache.ratis.thirdparty.io.grpc.StatusRuntimeException: UNAVAILABLE: io exception
2021-01-11 13:55:54,549 [grpc-default-executor-4] INFO  leader.FollowerInfo (FollowerInfoImpl.java:lambda$new$0(46)) - omNode-2@group-523986131536->omNode-1: nextIndex: updateUnconditionally 399 -> 45
2021-01-11 13:55:54,550 [omNode-2@group-523986131536-StateMachineUpdater] INFO  ratis.OzoneManagerStateMachine (OzoneManagerStateMachine.java:takeSnapshot(345)) - Current Snapshot Index (t:1, i:398)
2021-01-11 13:55:54,550 [omNode-2@group-523986131536-StateMachineUpdater] INFO  impl.StateMachineUpdater (StateMachineUpdater.java:takeSnapshot(279)) - omNode-2@group-523986131536-StateMachineUpdater: Took a snapshot at index 398
2021-01-11 13:55:54,550 [omNode-2@group-523986131536-StateMachineUpdater] INFO  impl.StateMachineUpdater (StateMachineUpdater.java:lambda$new$0(88)) - omNode-2@group-523986131536-StateMachineUpdater: snapshotIndex: updateIncreasingly 348 -> 398
2021-01-11 13:55:54,550 [omNode-2@group-523986131536-StateMachineUpdater] INFO  raftlog.RaftLog (RaftLogBase.java:purge(306)) - omNode-2@group-523986131536-SegmentedRaftLog: purge 398
2021-01-11 13:55:54,550 [omNode-2@group-523986131536-StateMachineUpdater] INFO  raftlog.RaftLog (RaftLogBase.java:lambda$new$0(53)) - omNode-2@group-523986131536-SegmentedRaftLog: snapshotIndex: updateIncreasingly 348 -> 398
2021-01-11 13:55:54,550 [omNode-2@group-523986131536-StateMachineUpdater] INFO  raftlog.RaftLog (RaftLogBase.java:lambda$new$0(53)) - omNode-2@group-523986131536-SegmentedRaftLog: purgeIndex: updateToMax old=348, new=398, updated? true
2021-01-11 13:55:54,550 [grpc-default-executor-4] WARN  server.GrpcLogAppender (LogUtils.java:warn(122)) - omNode-2@group-523986131536->omNode-1-AppendLogResponseHandler: Failed appendEntries: org.apache.ratis.thirdparty.io.grpc.StatusRuntimeException: UNAVAILABLE: io exception
2021-01-11 13:55:54,550 [grpc-default-executor-4] INFO  leader.FollowerInfo (FollowerInfoImpl.java:lambda$new$0(46)) - omNode-2@group-523986131536->omNode-1: nextIndex: updateUnconditionally 399 -> 45
2021-01-11 13:55:54,552 [grpc-default-executor-4] WARN  server.GrpcLogAppender (LogUtils.java:warn(122)) - omNode-2@group-523986131536->omNode-1-AppendLogResponseHandler: Failed appendEntries: org.apache.ratis.thirdparty.io.grpc.StatusRuntimeException: UNAVAILABLE: io exception
2021-01-11 13:55:54,552 [grpc-default-executor-4] INFO  leader.FollowerInfo (FollowerInfoImpl.java:lambda$new$0(46)) - omNode-2@group-523986131536->omNode-1: nextIndex: updateUnconditionally 400 -> 45
2021-01-11 13:55:54,553 [omNode-3@group-523986131536-StateMachineUpdater] INFO  ratis.OzoneManagerStateMachine (OzoneManagerStateMachine.java:takeSnapshot(345)) - Current Snapshot Index (t:1, i:398)
2021-01-11 13:55:54,553 [omNode-3@group-523986131536-StateMachineUpdater] INFO  impl.StateMachineUpdater (StateMachineUpdater.java:takeSnapshot(279)) - omNode-3@group-523986131536-StateMachineUpdater: Took a snapshot at index 398
2021-01-11 13:55:54,553 [omNode-3@group-523986131536-StateMachineUpdater] INFO  impl.StateMachineUpdater (StateMachineUpdater.java:lambda$new$0(88)) - omNode-3@group-523986131536-StateMachineUpdater: snapshotIndex: updateIncreasingly 348 -> 398
2021-01-11 13:55:54,553 [omNode-3@group-523986131536-StateMachineUpdater] INFO  raftlog.RaftLog (RaftLogBase.java:purge(306)) - omNode-3@group-523986131536-SegmentedRaftLog: purge 398
2021-01-11 13:55:54,553 [omNode-3@group-523986131536-StateMachineUpdater] INFO  raftlog.RaftLog (RaftLogBase.java:lambda$new$0(53)) - omNode-3@group-523986131536-SegmentedRaftLog: snapshotIndex: updateIncreasingly 348 -> 398
2021-01-11 13:55:54,553 [omNode-3@group-523986131536-StateMachineUpdater] INFO  raftlog.RaftLog (RaftLogBase.java:lambda$new$0(53)) - omNode-3@group-523986131536-SegmentedRaftLog: purgeIndex: updateToMax old=348, new=398, updated? true
2021-01-11 13:55:54,554 [grpc-default-executor-4] WARN  server.GrpcLogAppender (LogUtils.java:warn(122)) - omNode-2@group-523986131536->omNode-1-AppendLogResponseHandler: Failed appendEntries: org.apache.ratis.thirdparty.io.grpc.StatusRuntimeException: UNAVAILABLE: io exception
2021-01-11 13:55:54,554 [grpc-default-executor-4] INFO  leader.FollowerInfo (FollowerInfoImpl.java:lambda$new$0(46)) - omNode-2@group-523986131536->omNode-1: nextIndex: updateUnconditionally 400 -> 45
2021-01-11 13:55:54,555 [grpc-default-executor-11] WARN  server.GrpcLogAppender (LogUtils.java:warn(122)) - omNode-2@group-523986131536->omNode-1-AppendLogResponseHandler: Failed appendEntries: org.apache.ratis.thirdparty.io.grpc.StatusRuntimeException: UNAVAILABLE: io exception
2021-01-11 13:55:54,555 [grpc-default-executor-11] INFO  leader.FollowerInfo (FollowerInfoImpl.java:lambda$new$0(46)) - omNode-2@group-523986131536->omNode-1: nextIndex: updateUnconditionally 401 -> 45
2021-01-11 13:55:54,558 [grpc-default-executor-11] WARN  server.GrpcLogAppender (LogUtils.java:warn(122)) - omNode-2@group-523986131536->omNode-1-AppendLogResponseHandler: Failed appendEntries: org.apache.ratis.thirdparty.io.grpc.StatusRuntimeException: UNAVAILABLE: io exception
2021-01-11 13:55:54,558 [grpc-default-executor-11] INFO  leader.FollowerInfo (FollowerInfoImpl.java:lambda$new$0(46)) - omNode-2@group-523986131536->omNode-1: nextIndex: updateUnconditionally 402 -> 45
2021-01-11 13:55:54,559 [grpc-default-executor-11] WARN  server.GrpcLogAppender (LogUtils.java:warn(122)) - omNode-2@group-523986131536->omNode-1-AppendLogResponseHandler: Failed appendEntries: org.apache.ratis.thirdparty.io.grpc.StatusRuntimeException: UNAVAILABLE: io exception
2021-01-11 13:55:54,559 [grpc-default-executor-11] INFO  leader.FollowerInfo (FollowerInfoImpl.java:lambda$new$0(46)) - omNode-2@group-523986131536->omNode-1: nextIndex: updateUnconditionally 402 -> 45
2021-01-11 13:55:54,560 [grpc-default-executor-4] WARN  server.GrpcLogAppender (LogUtils.java:warn(122)) - omNode-2@group-523986131536->omNode-1-AppendLogResponseHandler: Failed appendEntries: org.apache.ratis.thirdparty.io.grpc.StatusRuntimeException: UNAVAILABLE: io exception
2021-01-11 13:55:54,560 [grpc-default-executor-4] INFO  leader.FollowerInfo (FollowerInfoImpl.java:lambda$new$0(46)) - omNode-2@group-523986131536->omNode-1: nextIndex: updateUnconditionally 403 -> 45
2021-01-11 13:55:54,561 [grpc-default-executor-4] WARN  server.GrpcLogAppender (LogUtils.java:warn(122)) - omNode-2@group-523986131536->omNode-1-AppendLogResponseHandler: Failed appendEntries: org.apache.ratis.thirdparty.io.grpc.StatusRuntimeException: UNAVAILABLE: io exception
2021-01-11 13:55:54,562 [grpc-default-executor-4] INFO  leader.FollowerInfo (FollowerInfoImpl.java:lambda$new$0(46)) - omNode-2@group-523986131536->omNode-1: nextIndex: updateUnconditionally 403 -> 45
2021-01-11 13:55:54,569 [grpc-default-executor-11] WARN  server.GrpcLogAppender (LogUtils.java:warn(122)) - omNode-2@group-523986131536->omNode-1-AppendLogResponseHandler: Failed appendEntries: org.apache.ratis.thirdparty.io.grpc.StatusRuntimeException: UNAVAILABLE: io exception
2021-01-11 13:55:54,569 [grpc-default-executor-11] INFO  leader.FollowerInfo (FollowerInfoImpl.java:lambda$new$0(46)) - omNode-2@group-523986131536->omNode-1: nextIndex: updateUnconditionally 404 -> 45
2021-01-11 13:55:54,571 [grpc-default-executor-4] WARN  server.GrpcLogAppender (LogUtils.java:warn(122)) - omNode-2@group-523986131536->omNode-1-AppendLogResponseHandler: Failed appendEntries: org.apache.ratis.thirdparty.io.grpc.StatusRuntimeException: UNAVAILABLE: io exception
2021-01-11 13:55:54,571 [grpc-default-executor-4] INFO  leader.FollowerInfo (FollowerInfoImpl.java:lambda$new$0(46)) - omNode-2@group-523986131536->omNode-1: nextIndex: updateUnconditionally 404 -> 45
2021-01-11 13:55:54,574 [grpc-default-executor-11] WARN  server.GrpcLogAppender (LogUtils.java:warn(122)) - omNode-2@group-523986131536->omNode-1-AppendLogResponseHandler: Failed appendEntries: org.apache.ratis.thirdparty.io.grpc.StatusRuntimeException: UNAVAILABLE: io exception
2021-01-11 13:55:54,574 [grpc-default-executor-11] INFO  leader.FollowerInfo (FollowerInfoImpl.java:lambda$new$0(46)) - omNode-2@group-523986131536->omNode-1: nextIndex: updateUnconditionally 405 -> 45
2021-01-11 13:55:54,575 [grpc-default-executor-11] WARN  server.GrpcLogAppender (LogUtils.java:warn(122)) - omNode-2@group-523986131536->omNode-1-AppendLogResponseHandler: Failed appendEntries: org.apache.ratis.thirdparty.io.grpc.StatusRuntimeException: UNAVAILABLE: io exception
2021-01-11 13:55:54,575 [grpc-default-executor-11] INFO  leader.FollowerInfo (FollowerInfoImpl.java:lambda$new$0(46)) - omNode-2@group-523986131536->omNode-1: nextIndex: updateUnconditionally 406 -> 45
2021-01-11 13:55:54,576 [grpc-default-executor-4] WARN  server.GrpcLogAppender (LogUtils.java:warn(122)) - omNode-2@group-523986131536->omNode-1-AppendLogResponseHandler: Failed appendEntries: org.apache.ratis.thirdparty.io.grpc.StatusRuntimeException: UNAVAILABLE: io exception
2021-01-11 13:55:54,576 [grpc-default-executor-4] INFO  leader.FollowerInfo (FollowerInfoImpl.java:lambda$new$0(46)) - omNode-2@group-523986131536->omNode-1: nextIndex: updateUnconditionally 406 -> 45
2021-01-11 13:55:54,581 [grpc-default-executor-11] WARN  server.GrpcLogAppender (LogUtils.java:warn(122)) - omNode-2@group-523986131536->omNode-1-AppendLogResponseHandler: Failed appendEntries: org.apache.ratis.thirdparty.io.grpc.StatusRuntimeException: UNAVAILABLE: io exception
2021-01-11 13:55:54,581 [grpc-default-executor-11] INFO  leader.FollowerInfo (FollowerInfoImpl.java:lambda$new$0(46)) - omNode-2@group-523986131536->omNode-1: nextIndex: updateUnconditionally 407 -> 45
2021-01-11 13:55:54,587 [grpc-default-executor-11] WARN  server.GrpcLogAppender (LogUtils.java:warn(122)) - omNode-2@group-523986131536->omNode-1-AppendLogResponseHandler: Failed appendEntries: org.apache.ratis.thirdparty.io.grpc.StatusRuntimeException: UNAVAILABLE: io exception
2021-01-11 13:55:54,587 [grpc-default-executor-11] INFO  leader.FollowerInfo (FollowerInfoImpl.java:lambda$new$0(46)) - omNode-2@group-523986131536->omNode-1: nextIndex: updateUnconditionally 408 -> 45
2021-01-11 13:55:54,588 [grpc-default-executor-11] WARN  server.GrpcLogAppender (LogUtils.java:warn(122)) - omNode-2@group-523986131536->omNode-1-AppendLogResponseHandler: Failed appendEntries: org.apache.ratis.thirdparty.io.grpc.StatusRuntimeException: UNAVAILABLE: io exception
2021-01-11 13:55:54,589 [grpc-default-executor-11] INFO  leader.FollowerInfo (FollowerInfoImpl.java:lambda$new$0(46)) - omNode-2@group-523986131536->omNode-1: nextIndex: updateUnconditionally 409 -> 45
2021-01-11 13:55:54,591 [grpc-default-executor-11] WARN  server.GrpcLogAppender (LogUtils.java:warn(122)) - omNode-2@group-523986131536->omNode-1-AppendLogResponseHandler: Failed appendEntries: org.apache.ratis.thirdparty.io.grpc.StatusRuntimeException: UNAVAILABLE: io exception
2021-01-11 13:55:54,591 [grpc-default-executor-11] INFO  leader.FollowerInfo (FollowerInfoImpl.java:lambda$new$0(46)) - omNode-2@group-523986131536->omNode-1: nextIndex: updateUnconditionally 410 -> 45
2021-01-11 13:55:54,593 [grpc-default-executor-11] WARN  server.GrpcLogAppender (LogUtils.java:warn(122)) - omNode-2@group-523986131536->omNode-1-AppendLogResponseHandler: Failed appendEntries: org.apache.ratis.thirdparty.io.grpc.StatusRuntimeException: UNAVAILABLE: io exception
2021-01-11 13:55:54,593 [grpc-default-executor-11] INFO  leader.FollowerInfo (FollowerInfoImpl.java:lambda$new$0(46)) - omNode-2@group-523986131536->omNode-1: nextIndex: updateUnconditionally 410 -> 45
2021-01-11 13:55:54,598 [grpc-default-executor-11] WARN  server.GrpcLogAppender (LogUtils.java:warn(122)) - omNode-2@group-523986131536->omNode-1-AppendLogResponseHandler: Failed appendEntries: org.apache.ratis.thirdparty.io.grpc.StatusRuntimeException: UNAVAILABLE: io exception
2021-01-11 13:55:54,598 [grpc-default-executor-11] INFO  leader.FollowerInfo (FollowerInfoImpl.java:lambda$new$0(46)) - omNode-2@group-523986131536->omNode-1: nextIndex: updateUnconditionally 411 -> 45
2021-01-11 13:55:54,600 [grpc-default-executor-8] WARN  server.GrpcLogAppender (LogUtils.java:warn(122)) - omNode-2@group-523986131536->omNode-1-AppendLogResponseHandler: Failed appendEntries: org.apache.ratis.thirdparty.io.grpc.StatusRuntimeException: UNAVAILABLE: io exception
2021-01-11 13:55:54,600 [grpc-default-executor-8] INFO  leader.FollowerInfo (FollowerInfoImpl.java:lambda$new$0(46)) - omNode-2@group-523986131536->omNode-1: nextIndex: updateUnconditionally 411 -> 45
2021-01-11 13:55:54,606 [grpc-default-executor-11] WARN  server.GrpcLogAppender (LogUtils.java:warn(122)) - omNode-2@group-523986131536->omNode-1-AppendLogResponseHandler: Failed appendEntries: org.apache.ratis.thirdparty.io.grpc.StatusRuntimeException: UNAVAILABLE: io exception
2021-01-11 13:55:54,606 [grpc-default-executor-11] INFO  leader.FollowerInfo (FollowerInfoImpl.java:lambda$new$0(46)) - omNode-2@group-523986131536->omNode-1: nextIndex: updateUnconditionally 412 -> 45
2021-01-11 13:55:54,608 [grpc-default-executor-11] WARN  server.GrpcLogAppender (LogUtils.java:warn(122)) - omNode-2@group-523986131536->omNode-1-AppendLogResponseHandler: Failed appendEntries: org.apache.ratis.thirdparty.io.grpc.StatusRuntimeException: UNAVAILABLE: io exception
2021-01-11 13:55:54,608 [grpc-default-executor-11] INFO  leader.FollowerInfo (FollowerInfoImpl.java:lambda$new$0(46)) - omNode-2@group-523986131536->omNode-1: nextIndex: updateUnconditionally 413 -> 45
2021-01-11 13:55:54,611 [grpc-default-executor-11] WARN  server.GrpcLogAppender (LogUtils.java:warn(122)) - omNode-2@group-523986131536->omNode-1-AppendLogResponseHandler: Failed appendEntries: org.apache.ratis.thirdparty.io.grpc.StatusRuntimeException: UNAVAILABLE: io exception
2021-01-11 13:55:54,611 [grpc-default-executor-11] INFO  leader.FollowerInfo (FollowerInfoImpl.java:lambda$new$0(46)) - omNode-2@group-523986131536->omNode-1: nextIndex: updateUnconditionally 414 -> 45
2021-01-11 13:55:54,616 [grpc-default-executor-11] WARN  server.GrpcLogAppender (LogUtils.java:warn(122)) - omNode-2@group-523986131536->omNode-1-AppendLogResponseHandler: Failed appendEntries: org.apache.ratis.thirdparty.io.grpc.StatusRuntimeException: UNAVAILABLE: io exception
2021-01-11 13:55:54,616 [grpc-default-executor-11] INFO  leader.FollowerInfo (FollowerInfoImpl.java:lambda$new$0(46)) - omNode-2@group-523986131536->omNode-1: nextIndex: updateUnconditionally 414 -> 45
2021-01-11 13:55:54,617 [grpc-default-executor-11] WARN  server.GrpcLogAppender (LogUtils.java:warn(122)) - omNode-2@group-523986131536->omNode-1-AppendLogResponseHandler: Failed appendEntries: org.apache.ratis.thirdparty.io.grpc.StatusRuntimeException: UNAVAILABLE: io exception
2021-01-11 13:55:54,617 [grpc-default-executor-11] INFO  leader.FollowerInfo (FollowerInfoImpl.java:lambda$new$0(46)) - omNode-2@group-523986131536->omNode-1: nextIndex: updateUnconditionally 415 -> 45
2021-01-11 13:55:54,620 [grpc-default-executor-8] WARN  server.GrpcLogAppender (LogUtils.java:warn(122)) - omNode-2@group-523986131536->omNode-1-AppendLogResponseHandler: Failed appendEntries: org.apache.ratis.thirdparty.io.grpc.StatusRuntimeException: UNAVAILABLE: io exception
2021-01-11 13:55:54,620 [grpc-default-executor-8] INFO  leader.FollowerInfo (FollowerInfoImpl.java:lambda$new$0(46)) - omNode-2@group-523986131536->omNode-1: nextIndex: updateUnconditionally 415 -> 45
2021-01-11 13:55:54,625 [grpc-default-executor-8] WARN  server.GrpcLogAppender (LogUtils.java:warn(122)) - omNode-2@group-523986131536->omNode-1-AppendLogResponseHandler: Failed appendEntries: org.apache.ratis.thirdparty.io.grpc.StatusRuntimeException: UNAVAILABLE: io exception
2021-01-11 13:55:54,626 [grpc-default-executor-8] INFO  leader.FollowerInfo (FollowerInfoImpl.java:lambda$new$0(46)) - omNode-2@group-523986131536->omNode-1: nextIndex: updateUnconditionally 416 -> 45
2021-01-11 13:55:54,628 [grpc-default-executor-8] WARN  server.GrpcLogAppender (LogUtils.java:warn(122)) - omNode-2@group-523986131536->omNode-1-AppendLogResponseHandler: Failed appendEntries: org.apache.ratis.thirdparty.io.grpc.StatusRuntimeException: UNAVAILABLE: io exception
2021-01-11 13:55:54,628 [grpc-default-executor-8] INFO  leader.FollowerInfo (FollowerInfoImpl.java:lambda$new$0(46)) - omNode-2@group-523986131536->omNode-1: nextIndex: updateUnconditionally 416 -> 45
2021-01-11 13:55:54,629 [grpc-default-executor-8] WARN  server.GrpcLogAppender (LogUtils.java:warn(122)) - omNode-2@group-523986131536->omNode-1-AppendLogResponseHandler: Failed appendEntries: org.apache.ratis.thirdparty.io.grpc.StatusRuntimeException: UNAVAILABLE: io exception
2021-01-11 13:55:54,629 [grpc-default-executor-8] INFO  leader.FollowerInfo (FollowerInfoImpl.java:lambda$new$0(46)) - omNode-2@group-523986131536->omNode-1: nextIndex: updateUnconditionally 417 -> 45
2021-01-11 13:55:54,631 [grpc-default-executor-8] WARN  server.GrpcLogAppender (LogUtils.java:warn(122)) - omNode-2@group-523986131536->omNode-1-AppendLogResponseHandler: Failed appendEntries: org.apache.ratis.thirdparty.io.grpc.StatusRuntimeException: UNAVAILABLE: io exception
2021-01-11 13:55:54,631 [grpc-default-executor-8] INFO  leader.FollowerInfo (FollowerInfoImpl.java:lambda$new$0(46)) - omNode-2@group-523986131536->omNode-1: nextIndex: updateUnconditionally 417 -> 45
2021-01-11 13:55:54,632 [grpc-default-executor-4] WARN  server.GrpcLogAppender (LogUtils.java:warn(122)) - omNode-2@group-523986131536->omNode-1-AppendLogResponseHandler: Failed appendEntries: org.apache.ratis.thirdparty.io.grpc.StatusRuntimeException: UNAVAILABLE: io exception
2021-01-11 13:55:54,632 [grpc-default-executor-4] INFO  leader.FollowerInfo (FollowerInfoImpl.java:lambda$new$0(46)) - omNode-2@group-523986131536->omNode-1: nextIndex: updateUnconditionally 418 -> 45
2021-01-11 13:55:54,635 [grpc-default-executor-8] WARN  server.GrpcLogAppender (LogUtils.java:warn(122)) - omNode-2@group-523986131536->omNode-1-AppendLogResponseHandler: Failed appendEntries: org.apache.ratis.thirdparty.io.grpc.StatusRuntimeException: UNAVAILABLE: io exception
2021-01-11 13:55:54,635 [grpc-default-executor-8] INFO  leader.FollowerInfo (FollowerInfoImpl.java:lambda$new$0(46)) - omNode-2@group-523986131536->omNode-1: nextIndex: updateUnconditionally 419 -> 45
2021-01-11 13:55:54,637 [grpc-default-executor-4] WARN  server.GrpcLogAppender (LogUtils.java:warn(122)) - omNode-2@group-523986131536->omNode-1-AppendLogResponseHandler: Failed appendEntries: org.apache.ratis.thirdparty.io.grpc.StatusRuntimeException: UNAVAILABLE: io exception
2021-01-11 13:55:54,637 [grpc-default-executor-4] INFO  leader.FollowerInfo (FollowerInfoImpl.java:lambda$new$0(46)) - omNode-2@group-523986131536->omNode-1: nextIndex: updateUnconditionally 419 -> 45
2021-01-11 13:55:54,639 [grpc-default-executor-11] WARN  server.GrpcLogAppender (LogUtils.java:warn(122)) - omNode-2@group-523986131536->omNode-1-AppendLogResponseHandler: Failed appendEntries: org.apache.ratis.thirdparty.io.grpc.StatusRuntimeException: UNAVAILABLE: io exception
2021-01-11 13:55:54,639 [grpc-default-executor-11] INFO  leader.FollowerInfo (FollowerInfoImpl.java:lambda$new$0(46)) - omNode-2@group-523986131536->omNode-1: nextIndex: updateUnconditionally 420 -> 45
2021-01-11 13:55:54,641 [grpc-default-executor-4] WARN  server.GrpcLogAppender (LogUtils.java:warn(122)) - omNode-2@group-523986131536->omNode-1-AppendLogResponseHandler: Failed appendEntries: org.apache.ratis.thirdparty.io.grpc.StatusRuntimeException: UNAVAILABLE: io exception
2021-01-11 13:55:54,641 [grpc-default-executor-4] INFO  leader.FollowerInfo (FollowerInfoImpl.java:lambda$new$0(46)) - omNode-2@group-523986131536->omNode-1: nextIndex: updateUnconditionally 420 -> 45
2021-01-11 13:55:54,645 [grpc-default-executor-4] WARN  server.GrpcLogAppender (LogUtils.java:warn(122)) - omNode-2@group-523986131536->omNode-1-AppendLogResponseHandler: Failed appendEntries: org.apache.ratis.thirdparty.io.grpc.StatusRuntimeException: UNAVAILABLE: io exception
2021-01-11 13:55:54,646 [grpc-default-executor-4] INFO  leader.FollowerInfo (FollowerInfoImpl.java:lambda$new$0(46)) - omNode-2@group-523986131536->omNode-1: nextIndex: updateUnconditionally 422 -> 45
2021-01-11 13:55:54,646 [grpc-default-executor-4] WARN  server.GrpcLogAppender (LogUtils.java:warn(122)) - omNode-2@group-523986131536->omNode-1-AppendLogResponseHandler: Failed appendEntries: org.apache.ratis.thirdparty.io.grpc.StatusRuntimeException: UNAVAILABLE: io exception
2021-01-11 13:55:54,652 [grpc-default-executor-4] INFO  leader.FollowerInfo (FollowerInfoImpl.java:lambda$new$0(46)) - omNode-2@group-523986131536->omNode-1: nextIndex: updateUnconditionally 422 -> 45
2021-01-11 13:55:54,653 [grpc-default-executor-4] WARN  server.GrpcLogAppender (LogUtils.java:warn(122)) - omNode-2@group-523986131536->omNode-1-AppendLogResponseHandler: Failed appendEntries: org.apache.ratis.thirdparty.io.grpc.StatusRuntimeException: UNAVAILABLE: io exception
2021-01-11 13:55:54,655 [grpc-default-executor-4] INFO  leader.FollowerInfo (FollowerInfoImpl.java:lambda$new$0(46)) - omNode-2@group-523986131536->omNode-1: nextIndex: updateUnconditionally 423 -> 45
2021-01-11 13:55:54,658 [grpc-default-executor-11] WARN  server.GrpcLogAppender (LogUtils.java:warn(122)) - omNode-2@group-523986131536->omNode-1-AppendLogResponseHandler: Failed appendEntries: org.apache.ratis.thirdparty.io.grpc.StatusRuntimeException: UNAVAILABLE: io exception
2021-01-11 13:55:54,659 [grpc-default-executor-11] INFO  leader.FollowerInfo (FollowerInfoImpl.java:lambda$new$0(46)) - omNode-2@group-523986131536->omNode-1: nextIndex: updateUnconditionally 424 -> 45
2021-01-11 13:55:54,660 [grpc-default-executor-11] WARN  server.GrpcLogAppender (LogUtils.java:warn(122)) - omNode-2@group-523986131536->omNode-1-AppendLogResponseHandler: Failed appendEntries: org.apache.ratis.thirdparty.io.grpc.StatusRuntimeException: UNAVAILABLE: io exception
2021-01-11 13:55:54,660 [grpc-default-executor-11] INFO  leader.FollowerInfo (FollowerInfoImpl.java:lambda$new$0(46)) - omNode-2@group-523986131536->omNode-1: nextIndex: updateUnconditionally 424 -> 45
2021-01-11 13:55:54,661 [grpc-default-executor-4] WARN  server.GrpcLogAppender (LogUtils.java:warn(122)) - omNode-2@group-523986131536->omNode-1-AppendLogResponseHandler: Failed appendEntries: org.apache.ratis.thirdparty.io.grpc.StatusRuntimeException: UNAVAILABLE: io exception
2021-01-11 13:55:54,661 [grpc-default-executor-4] INFO  leader.FollowerInfo (FollowerInfoImpl.java:lambda$new$0(46)) - omNode-2@group-523986131536->omNode-1: nextIndex: updateUnconditionally 425 -> 45
2021-01-11 13:55:54,663 [grpc-default-executor-11] WARN  server.GrpcLogAppender (LogUtils.java:warn(122)) - omNode-2@group-523986131536->omNode-1-AppendLogResponseHandler: Failed appendEntries: org.apache.ratis.thirdparty.io.grpc.StatusRuntimeException: UNAVAILABLE: io exception
2021-01-11 13:55:54,663 [grpc-default-executor-11] INFO  leader.FollowerInfo (FollowerInfoImpl.java:lambda$new$0(46)) - omNode-2@group-523986131536->omNode-1: nextIndex: updateUnconditionally 426 -> 45
2021-01-11 13:55:54,664 [grpc-default-executor-4] WARN  server.GrpcLogAppender (LogUtils.java:warn(122)) - omNode-2@group-523986131536->omNode-1-AppendLogResponseHandler: Failed appendEntries: org.apache.ratis.thirdparty.io.grpc.StatusRuntimeException: UNAVAILABLE: io exception
2021-01-11 13:55:54,664 [grpc-default-executor-4] INFO  leader.FollowerInfo (FollowerInfoImpl.java:lambda$new$0(46)) - omNode-2@group-523986131536->omNode-1: nextIndex: updateUnconditionally 426 -> 45
2021-01-11 13:55:54,665 [grpc-default-executor-8] WARN  server.GrpcLogAppender (LogUtils.java:warn(122)) - omNode-2@group-523986131536->omNode-1-AppendLogResponseHandler: Failed appendEntries: org.apache.ratis.thirdparty.io.grpc.StatusRuntimeException: UNAVAILABLE: io exception
2021-01-11 13:55:54,665 [grpc-default-executor-8] INFO  leader.FollowerInfo (FollowerInfoImpl.java:lambda$new$0(46)) - omNode-2@group-523986131536->omNode-1: nextIndex: updateUnconditionally 427 -> 45
2021-01-11 13:55:54,668 [grpc-default-executor-11] WARN  server.GrpcLogAppender (LogUtils.java:warn(122)) - omNode-2@group-523986131536->omNode-1-AppendLogResponseHandler: Failed appendEntries: org.apache.ratis.thirdparty.io.grpc.StatusRuntimeException: UNAVAILABLE: io exception
2021-01-11 13:55:54,668 [grpc-default-executor-11] INFO  leader.FollowerInfo (FollowerInfoImpl.java:lambda$new$0(46)) - omNode-2@group-523986131536->omNode-1: nextIndex: updateUnconditionally 427 -> 45
2021-01-11 13:55:54,669 [grpc-default-executor-4] WARN  server.GrpcLogAppender (LogUtils.java:warn(122)) - omNode-2@group-523986131536->omNode-1-AppendLogResponseHandler: Failed appendEntries: org.apache.ratis.thirdparty.io.grpc.StatusRuntimeException: UNAVAILABLE: io exception
2021-01-11 13:55:54,669 [grpc-default-executor-4] INFO  leader.FollowerInfo (FollowerInfoImpl.java:lambda$new$0(46)) - omNode-2@group-523986131536->omNode-1: nextIndex: updateUnconditionally 427 -> 45
2021-01-11 13:55:54,671 [grpc-default-executor-8] WARN  server.GrpcLogAppender (LogUtils.java:warn(122)) - omNode-2@group-523986131536->omNode-1-AppendLogResponseHandler: Failed appendEntries: org.apache.ratis.thirdparty.io.grpc.StatusRuntimeException: UNAVAILABLE: io exception
2021-01-11 13:55:54,671 [grpc-default-executor-8] INFO  leader.FollowerInfo (FollowerInfoImpl.java:lambda$new$0(46)) - omNode-2@group-523986131536->omNode-1: nextIndex: updateUnconditionally 428 -> 45
2021-01-11 13:55:54,672 [grpc-default-executor-8] WARN  server.GrpcLogAppender (LogUtils.java:warn(122)) - omNode-2@group-523986131536->omNode-1-AppendLogResponseHandler: Failed appendEntries: org.apache.ratis.thirdparty.io.grpc.StatusRuntimeException: UNAVAILABLE: io exception
2021-01-11 13:55:54,673 [grpc-default-executor-8] INFO  leader.FollowerInfo (FollowerInfoImpl.java:lambda$new$0(46)) - omNode-2@group-523986131536->omNode-1: nextIndex: updateUnconditionally 428 -> 45
2021-01-11 13:55:54,675 [grpc-default-executor-8] WARN  server.GrpcLogAppender (LogUtils.java:warn(122)) - omNode-2@group-523986131536->omNode-1-AppendLogResponseHandler: Failed appendEntries: org.apache.ratis.thirdparty.io.grpc.StatusRuntimeException: UNAVAILABLE: io exception
2021-01-11 13:55:54,675 [grpc-default-executor-8] INFO  leader.FollowerInfo (FollowerInfoImpl.java:lambda$new$0(46)) - omNode-2@group-523986131536->omNode-1: nextIndex: updateUnconditionally 430 -> 45
2021-01-11 13:55:54,677 [grpc-default-executor-11] WARN  server.GrpcLogAppender (LogUtils.java:warn(122)) - omNode-2@group-523986131536->omNode-1-AppendLogResponseHandler: Failed appendEntries: org.apache.ratis.thirdparty.io.grpc.StatusRuntimeException: UNAVAILABLE: io exception
2021-01-11 13:55:54,677 [grpc-default-executor-11] INFO  leader.FollowerInfo (FollowerInfoImpl.java:lambda$new$0(46)) - omNode-2@group-523986131536->omNode-1: nextIndex: updateUnconditionally 430 -> 45
2021-01-11 13:55:54,682 [grpc-default-executor-11] WARN  server.GrpcLogAppender (LogUtils.java:warn(122)) - omNode-2@group-523986131536->omNode-1-AppendLogResponseHandler: Failed appendEntries: org.apache.ratis.thirdparty.io.grpc.StatusRuntimeException: UNAVAILABLE: io exception
2021-01-11 13:55:54,682 [grpc-default-executor-11] INFO  leader.FollowerInfo (FollowerInfoImpl.java:lambda$new$0(46)) - omNode-2@group-523986131536->omNode-1: nextIndex: updateUnconditionally 431 -> 45
2021-01-11 13:55:54,684 [grpc-default-executor-8] WARN  server.GrpcLogAppender (LogUtils.java:warn(122)) - omNode-2@group-523986131536->omNode-1-AppendLogResponseHandler: Failed appendEntries: org.apache.ratis.thirdparty.io.grpc.StatusRuntimeException: UNAVAILABLE: io exception
2021-01-11 13:55:54,684 [grpc-default-executor-8] INFO  leader.FollowerInfo (FollowerInfoImpl.java:lambda$new$0(46)) - omNode-2@group-523986131536->omNode-1: nextIndex: updateUnconditionally 431 -> 45
2021-01-11 13:55:54,686 [grpc-default-executor-8] WARN  server.GrpcLogAppender (LogUtils.java:warn(122)) - omNode-2@group-523986131536->omNode-1-AppendLogResponseHandler: Failed appendEntries: org.apache.ratis.thirdparty.io.grpc.StatusRuntimeException: UNAVAILABLE: io exception
2021-01-11 13:55:54,686 [grpc-default-executor-8] INFO  leader.FollowerInfo (FollowerInfoImpl.java:lambda$new$0(46)) - omNode-2@group-523986131536->omNode-1: nextIndex: updateUnconditionally 432 -> 45
2021-01-11 13:55:54,691 [grpc-default-executor-8] WARN  server.GrpcLogAppender (LogUtils.java:warn(122)) - omNode-2@group-523986131536->omNode-1-AppendLogResponseHandler: Failed appendEntries: org.apache.ratis.thirdparty.io.grpc.StatusRuntimeException: UNAVAILABLE: io exception
2021-01-11 13:55:54,691 [grpc-default-executor-8] INFO  leader.FollowerInfo (FollowerInfoImpl.java:lambda$new$0(46)) - omNode-2@group-523986131536->omNode-1: nextIndex: updateUnconditionally 432 -> 45
2021-01-11 13:55:54,694 [grpc-default-executor-8] WARN  server.GrpcLogAppender (LogUtils.java:warn(122)) - omNode-2@group-523986131536->omNode-1-AppendLogResponseHandler: Failed appendEntries: org.apache.ratis.thirdparty.io.grpc.StatusRuntimeException: UNAVAILABLE: io exception
2021-01-11 13:55:54,694 [grpc-default-executor-8] INFO  leader.FollowerInfo (FollowerInfoImpl.java:lambda$new$0(46)) - omNode-2@group-523986131536->omNode-1: nextIndex: updateUnconditionally 434 -> 45
2021-01-11 13:55:54,700 [grpc-default-executor-4] WARN  server.GrpcLogAppender (LogUtils.java:warn(122)) - omNode-2@group-523986131536->omNode-1-AppendLogResponseHandler: Failed appendEntries: org.apache.ratis.thirdparty.io.grpc.StatusRuntimeException: UNAVAILABLE: io exception
2021-01-11 13:55:54,700 [grpc-default-executor-4] INFO  leader.FollowerInfo (FollowerInfoImpl.java:lambda$new$0(46)) - omNode-2@group-523986131536->omNode-1: nextIndex: updateUnconditionally 434 -> 45
2021-01-11 13:55:54,701 [grpc-default-executor-4] WARN  server.GrpcLogAppender (LogUtils.java:warn(122)) - omNode-2@group-523986131536->omNode-1-AppendLogResponseHandler: Failed appendEntries: org.apache.ratis.thirdparty.io.grpc.StatusRuntimeException: UNAVAILABLE: io exception
2021-01-11 13:55:54,701 [grpc-default-executor-4] INFO  leader.FollowerInfo (FollowerInfoImpl.java:lambda$new$0(46)) - omNode-2@group-523986131536->omNode-1: nextIndex: updateUnconditionally 434 -> 45
2021-01-11 13:55:54,704 [grpc-default-executor-4] WARN  server.GrpcLogAppender (LogUtils.java:warn(122)) - omNode-2@group-523986131536->omNode-1-AppendLogResponseHandler: Failed appendEntries: org.apache.ratis.thirdparty.io.grpc.StatusRuntimeException: UNAVAILABLE: io exception
2021-01-11 13:55:54,704 [grpc-default-executor-4] INFO  leader.FollowerInfo (FollowerInfoImpl.java:lambda$new$0(46)) - omNode-2@group-523986131536->omNode-1: nextIndex: updateUnconditionally 435 -> 45
2021-01-11 13:55:54,708 [grpc-default-executor-4] WARN  server.GrpcLogAppender (LogUtils.java:warn(122)) - omNode-2@group-523986131536->omNode-1-AppendLogResponseHandler: Failed appendEntries: org.apache.ratis.thirdparty.io.grpc.StatusRuntimeException: UNAVAILABLE: io exception
2021-01-11 13:55:54,709 [grpc-default-executor-4] INFO  leader.FollowerInfo (FollowerInfoImpl.java:lambda$new$0(46)) - omNode-2@group-523986131536->omNode-1: nextIndex: updateUnconditionally 435 -> 45
2021-01-11 13:55:54,712 [grpc-default-executor-8] WARN  server.GrpcLogAppender (LogUtils.java:warn(122)) - omNode-2@group-523986131536->omNode-1-AppendLogResponseHandler: Failed appendEntries: org.apache.ratis.thirdparty.io.grpc.StatusRuntimeException: UNAVAILABLE: io exception
2021-01-11 13:55:54,712 [grpc-default-executor-8] INFO  leader.FollowerInfo (FollowerInfoImpl.java:lambda$new$0(46)) - omNode-2@group-523986131536->omNode-1: nextIndex: updateUnconditionally 436 -> 45
2021-01-11 13:55:54,713 [grpc-default-executor-8] WARN  server.GrpcLogAppender (LogUtils.java:warn(122)) - omNode-2@group-523986131536->omNode-1-AppendLogResponseHandler: Failed appendEntries: org.apache.ratis.thirdparty.io.grpc.StatusRuntimeException: UNAVAILABLE: io exception
2021-01-11 13:55:54,713 [grpc-default-executor-8] INFO  leader.FollowerInfo (FollowerInfoImpl.java:lambda$new$0(46)) - omNode-2@group-523986131536->omNode-1: nextIndex: updateUnconditionally 436 -> 45
2021-01-11 13:55:54,714 [grpc-default-executor-4] WARN  server.GrpcLogAppender (LogUtils.java:warn(122)) - omNode-2@group-523986131536->omNode-1-AppendLogResponseHandler: Failed appendEntries: org.apache.ratis.thirdparty.io.grpc.StatusRuntimeException: UNAVAILABLE: io exception
2021-01-11 13:55:54,714 [grpc-default-executor-4] INFO  leader.FollowerInfo (FollowerInfoImpl.java:lambda$new$0(46)) - omNode-2@group-523986131536->omNode-1: nextIndex: updateUnconditionally 437 -> 45
2021-01-11 13:55:54,719 [grpc-default-executor-4] WARN  server.GrpcLogAppender (LogUtils.java:warn(122)) - omNode-2@group-523986131536->omNode-1-AppendLogResponseHandler: Failed appendEntries: org.apache.ratis.thirdparty.io.grpc.StatusRuntimeException: UNAVAILABLE: io exception
2021-01-11 13:55:54,720 [grpc-default-executor-4] INFO  leader.FollowerInfo (FollowerInfoImpl.java:lambda$new$0(46)) - omNode-2@group-523986131536->omNode-1: nextIndex: updateUnconditionally 438 -> 45
2021-01-11 13:55:54,720 [grpc-default-executor-8] WARN  server.GrpcLogAppender (LogUtils.java:warn(122)) - omNode-2@group-523986131536->omNode-1-AppendLogResponseHandler: Failed appendEntries: org.apache.ratis.thirdparty.io.grpc.StatusRuntimeException: UNAVAILABLE: io exception
2021-01-11 13:55:54,720 [grpc-default-executor-8] INFO  leader.FollowerInfo (FollowerInfoImpl.java:lambda$new$0(46)) - omNode-2@group-523986131536->omNode-1: nextIndex: updateUnconditionally 438 -> 45
2021-01-11 13:55:54,721 [grpc-default-executor-4] WARN  server.GrpcLogAppender (LogUtils.java:warn(122)) - omNode-2@group-523986131536->omNode-1-AppendLogResponseHandler: Failed appendEntries: org.apache.ratis.thirdparty.io.grpc.StatusRuntimeException: UNAVAILABLE: io exception
2021-01-11 13:55:54,722 [grpc-default-executor-4] INFO  leader.FollowerInfo (FollowerInfoImpl.java:lambda$new$0(46)) - omNode-2@group-523986131536->omNode-1: nextIndex: updateUnconditionally 439 -> 45
2021-01-11 13:55:54,725 [grpc-default-executor-4] WARN  server.GrpcLogAppender (LogUtils.java:warn(122)) - omNode-2@group-523986131536->omNode-1-AppendLogResponseHandler: Failed appendEntries: org.apache.ratis.thirdparty.io.grpc.StatusRuntimeException: UNAVAILABLE: io exception
2021-01-11 13:55:54,725 [grpc-default-executor-4] INFO  leader.FollowerInfo (FollowerInfoImpl.java:lambda$new$0(46)) - omNode-2@group-523986131536->omNode-1: nextIndex: updateUnconditionally 439 -> 45
2021-01-11 13:55:54,728 [grpc-default-executor-11] WARN  server.GrpcLogAppender (LogUtils.java:warn(122)) - omNode-2@group-523986131536->omNode-1-AppendLogResponseHandler: Failed appendEntries: org.apache.ratis.thirdparty.io.grpc.StatusRuntimeException: UNAVAILABLE: io exception
2021-01-11 13:55:54,729 [grpc-default-executor-11] INFO  leader.FollowerInfo (FollowerInfoImpl.java:lambda$new$0(46)) - omNode-2@group-523986131536->omNode-1: nextIndex: updateUnconditionally 440 -> 45
2021-01-11 13:55:54,730 [grpc-default-executor-4] WARN  server.GrpcLogAppender (LogUtils.java:warn(122)) - omNode-2@group-523986131536->omNode-1-AppendLogResponseHandler: Failed appendEntries: org.apache.ratis.thirdparty.io.grpc.StatusRuntimeException: UNAVAILABLE: io exception
2021-01-11 13:55:54,730 [grpc-default-executor-4] INFO  leader.FollowerInfo (FollowerInfoImpl.java:lambda$new$0(46)) - omNode-2@group-523986131536->omNode-1: nextIndex: updateUnconditionally 440 -> 45
2021-01-11 13:55:54,731 [grpc-default-executor-4] WARN  server.GrpcLogAppender (LogUtils.java:warn(122)) - omNode-2@group-523986131536->omNode-1-AppendLogResponseHandler: Failed appendEntries: org.apache.ratis.thirdparty.io.grpc.StatusRuntimeException: UNAVAILABLE: io exception
2021-01-11 13:55:54,731 [grpc-default-executor-4] INFO  leader.FollowerInfo (FollowerInfoImpl.java:lambda$new$0(46)) - omNode-2@group-523986131536->omNode-1: nextIndex: updateUnconditionally 441 -> 45
2021-01-11 13:55:54,733 [grpc-default-executor-11] WARN  server.GrpcLogAppender (LogUtils.java:warn(122)) - omNode-2@group-523986131536->omNode-1-AppendLogResponseHandler: Failed appendEntries: org.apache.ratis.thirdparty.io.grpc.StatusRuntimeException: UNAVAILABLE: io exception
2021-01-11 13:55:54,733 [grpc-default-executor-11] INFO  leader.FollowerInfo (FollowerInfoImpl.java:lambda$new$0(46)) - omNode-2@group-523986131536->omNode-1: nextIndex: updateUnconditionally 442 -> 45
2021-01-11 13:55:54,735 [grpc-default-executor-11] WARN  server.GrpcLogAppender (LogUtils.java:warn(122)) - omNode-2@group-523986131536->omNode-1-AppendLogResponseHandler: Failed appendEntries: org.apache.ratis.thirdparty.io.grpc.StatusRuntimeException: UNAVAILABLE: io exception
2021-01-11 13:55:54,735 [grpc-default-executor-11] INFO  leader.FollowerInfo (FollowerInfoImpl.java:lambda$new$0(46)) - omNode-2@group-523986131536->omNode-1: nextIndex: updateUnconditionally 442 -> 45
2021-01-11 13:55:54,735 [grpc-default-executor-11] WARN  server.GrpcLogAppender (LogUtils.java:warn(122)) - omNode-2@group-523986131536->omNode-1-AppendLogResponseHandler: Failed appendEntries: org.apache.ratis.thirdparty.io.grpc.StatusRuntimeException: UNAVAILABLE: io exception
2021-01-11 13:55:54,735 [grpc-default-executor-11] INFO  leader.FollowerInfo (FollowerInfoImpl.java:lambda$new$0(46)) - omNode-2@group-523986131536->omNode-1: nextIndex: updateUnconditionally 442 -> 45
2021-01-11 13:55:54,736 [grpc-default-executor-11] WARN  server.GrpcLogAppender (LogUtils.java:warn(122)) - omNode-2@group-523986131536->omNode-1-AppendLogResponseHandler: Failed appendEntries: org.apache.ratis.thirdparty.io.grpc.StatusRuntimeException: UNAVAILABLE: io exception
2021-01-11 13:55:54,737 [grpc-default-executor-11] INFO  leader.FollowerInfo (FollowerInfoImpl.java:lambda$new$0(46)) - omNode-2@group-523986131536->omNode-1: nextIndex: updateUnconditionally 443 -> 45
2021-01-11 13:55:54,740 [grpc-default-executor-4] WARN  server.GrpcLogAppender (LogUtils.java:warn(122)) - omNode-2@group-523986131536->omNode-1-AppendLogResponseHandler: Failed appendEntries: org.apache.ratis.thirdparty.io.grpc.StatusRuntimeException: UNAVAILABLE: io exception
2021-01-11 13:55:54,740 [grpc-default-executor-4] INFO  leader.FollowerInfo (FollowerInfoImpl.java:lambda$new$0(46)) - omNode-2@group-523986131536->omNode-1: nextIndex: updateUnconditionally 443 -> 45
2021-01-11 13:55:54,741 [grpc-default-executor-11] WARN  server.GrpcLogAppender (LogUtils.java:warn(122)) - omNode-2@group-523986131536->omNode-1-AppendLogResponseHandler: Failed appendEntries: org.apache.ratis.thirdparty.io.grpc.StatusRuntimeException: UNAVAILABLE: io exception
2021-01-11 13:55:54,742 [grpc-default-executor-11] INFO  leader.FollowerInfo (FollowerInfoImpl.java:lambda$new$0(46)) - omNode-2@group-523986131536->omNode-1: nextIndex: updateUnconditionally 443 -> 45
2021-01-11 13:55:54,746 [grpc-default-executor-11] WARN  server.GrpcLogAppender (LogUtils.java:warn(122)) - omNode-2@group-523986131536->omNode-1-AppendLogResponseHandler: Failed appendEntries: org.apache.ratis.thirdparty.io.grpc.StatusRuntimeException: UNAVAILABLE: io exception
2021-01-11 13:55:54,746 [grpc-default-executor-11] INFO  leader.FollowerInfo (FollowerInfoImpl.java:lambda$new$0(46)) - omNode-2@group-523986131536->omNode-1: nextIndex: updateUnconditionally 444 -> 45
2021-01-11 13:55:54,747 [grpc-default-executor-11] WARN  server.GrpcLogAppender (LogUtils.java:warn(122)) - omNode-2@group-523986131536->omNode-1-AppendLogResponseHandler: Failed appendEntries: org.apache.ratis.thirdparty.io.grpc.StatusRuntimeException: UNAVAILABLE: io exception
2021-01-11 13:55:54,747 [grpc-default-executor-11] INFO  leader.FollowerInfo (FollowerInfoImpl.java:lambda$new$0(46)) - omNode-2@group-523986131536->omNode-1: nextIndex: updateUnconditionally 444 -> 45
2021-01-11 13:55:54,749 [grpc-default-executor-8] WARN  server.GrpcLogAppender (LogUtils.java:warn(122)) - omNode-2@group-523986131536->omNode-1-AppendLogResponseHandler: Failed appendEntries: org.apache.ratis.thirdparty.io.grpc.StatusRuntimeException: UNAVAILABLE: io exception
2021-01-11 13:55:54,749 [grpc-default-executor-8] INFO  leader.FollowerInfo (FollowerInfoImpl.java:lambda$new$0(46)) - omNode-2@group-523986131536->omNode-1: nextIndex: updateUnconditionally 445 -> 45
2021-01-11 13:55:54,751 [grpc-default-executor-11] WARN  server.GrpcLogAppender (LogUtils.java:warn(122)) - omNode-2@group-523986131536->omNode-1-AppendLogResponseHandler: Failed appendEntries: org.apache.ratis.thirdparty.io.grpc.StatusRuntimeException: UNAVAILABLE: io exception
2021-01-11 13:55:54,751 [grpc-default-executor-11] INFO  leader.FollowerInfo (FollowerInfoImpl.java:lambda$new$0(46)) - omNode-2@group-523986131536->omNode-1: nextIndex: updateUnconditionally 446 -> 45
2021-01-11 13:55:54,752 [grpc-default-executor-8] WARN  server.GrpcLogAppender (LogUtils.java:warn(122)) - omNode-2@group-523986131536->omNode-1-AppendLogResponseHandler: Failed appendEntries: org.apache.ratis.thirdparty.io.grpc.StatusRuntimeException: UNAVAILABLE: io exception
2021-01-11 13:55:54,752 [grpc-default-executor-8] INFO  leader.FollowerInfo (FollowerInfoImpl.java:lambda$new$0(46)) - omNode-2@group-523986131536->omNode-1: nextIndex: updateUnconditionally 446 -> 45
2021-01-11 13:55:54,753 [grpc-default-executor-8] WARN  server.GrpcLogAppender (LogUtils.java:warn(122)) - omNode-2@group-523986131536->omNode-1-AppendLogResponseHandler: Failed appendEntries: org.apache.ratis.thirdparty.io.grpc.StatusRuntimeException: UNAVAILABLE: io exception
2021-01-11 13:55:54,754 [grpc-default-executor-8] INFO  leader.FollowerInfo (FollowerInfoImpl.java:lambda$new$0(46)) - omNode-2@group-523986131536->omNode-1: nextIndex: updateUnconditionally 447 -> 45
2021-01-11 13:55:54,762 [grpc-default-executor-8] WARN  server.GrpcLogAppender (LogUtils.java:warn(122)) - omNode-2@group-523986131536->omNode-1-AppendLogResponseHandler: Failed appendEntries: org.apache.ratis.thirdparty.io.grpc.StatusRuntimeException: UNAVAILABLE: io exception
2021-01-11 13:55:54,762 [grpc-default-executor-8] INFO  leader.FollowerInfo (FollowerInfoImpl.java:lambda$new$0(46)) - omNode-2@group-523986131536->omNode-1: nextIndex: updateUnconditionally 447 -> 45
2021-01-11 13:55:54,765 [grpc-default-executor-11] WARN  server.GrpcLogAppender (LogUtils.java:warn(122)) - omNode-2@group-523986131536->omNode-1-AppendLogResponseHandler: Failed appendEntries: org.apache.ratis.thirdparty.io.grpc.StatusRuntimeException: UNAVAILABLE: io exception
2021-01-11 13:55:54,765 [grpc-default-executor-11] INFO  leader.FollowerInfo (FollowerInfoImpl.java:lambda$new$0(46)) - omNode-2@group-523986131536->omNode-1: nextIndex: updateUnconditionally 448 -> 45
2021-01-11 13:55:54,768 [grpc-default-executor-11] WARN  server.GrpcLogAppender (LogUtils.java:warn(122)) - omNode-2@group-523986131536->omNode-1-AppendLogResponseHandler: Failed appendEntries: org.apache.ratis.thirdparty.io.grpc.StatusRuntimeException: UNAVAILABLE: io exception
2021-01-11 13:55:54,769 [grpc-default-executor-11] INFO  leader.FollowerInfo (FollowerInfoImpl.java:lambda$new$0(46)) - omNode-2@group-523986131536->omNode-1: nextIndex: updateUnconditionally 448 -> 45
2021-01-11 13:55:54,770 [grpc-default-executor-11] WARN  server.GrpcLogAppender (LogUtils.java:warn(122)) - omNode-2@group-523986131536->omNode-1-AppendLogResponseHandler: Failed appendEntries: org.apache.ratis.thirdparty.io.grpc.StatusRuntimeException: UNAVAILABLE: io exception
2021-01-11 13:55:54,770 [grpc-default-executor-11] INFO  leader.FollowerInfo (FollowerInfoImpl.java:lambda$new$0(46)) - omNode-2@group-523986131536->omNode-1: nextIndex: updateUnconditionally 449 -> 45
2021-01-11 13:55:54,771 [omNode-2@group-523986131536-StateMachineUpdater] INFO  ratis.OzoneManagerStateMachine (OzoneManagerStateMachine.java:takeSnapshot(345)) - Current Snapshot Index (t:1, i:448)
2021-01-11 13:55:54,771 [omNode-2@group-523986131536-StateMachineUpdater] INFO  impl.StateMachineUpdater (StateMachineUpdater.java:takeSnapshot(279)) - omNode-2@group-523986131536-StateMachineUpdater: Took a snapshot at index 448
2021-01-11 13:55:54,771 [omNode-2@group-523986131536-StateMachineUpdater] INFO  impl.StateMachineUpdater (StateMachineUpdater.java:lambda$new$0(88)) - omNode-2@group-523986131536-StateMachineUpdater: snapshotIndex: updateIncreasingly 398 -> 448
2021-01-11 13:55:54,771 [omNode-2@group-523986131536-StateMachineUpdater] INFO  raftlog.RaftLog (RaftLogBase.java:purge(306)) - omNode-2@group-523986131536-SegmentedRaftLog: purge 448
2021-01-11 13:55:54,771 [omNode-2@group-523986131536-StateMachineUpdater] INFO  raftlog.RaftLog (RaftLogBase.java:lambda$new$0(53)) - omNode-2@group-523986131536-SegmentedRaftLog: snapshotIndex: updateIncreasingly 398 -> 448
2021-01-11 13:55:54,771 [omNode-2@group-523986131536-StateMachineUpdater] INFO  raftlog.RaftLog (RaftLogBase.java:lambda$new$0(53)) - omNode-2@group-523986131536-SegmentedRaftLog: purgeIndex: updateToMax old=398, new=448, updated? true
2021-01-11 13:55:54,771 [grpc-default-executor-11] WARN  server.GrpcLogAppender (LogUtils.java:warn(122)) - omNode-2@group-523986131536->omNode-1-AppendLogResponseHandler: Failed appendEntries: org.apache.ratis.thirdparty.io.grpc.StatusRuntimeException: UNAVAILABLE: io exception
2021-01-11 13:55:54,772 [grpc-default-executor-11] INFO  leader.FollowerInfo (FollowerInfoImpl.java:lambda$new$0(46)) - omNode-2@group-523986131536->omNode-1: nextIndex: updateUnconditionally 449 -> 45
2021-01-11 13:55:54,773 [grpc-default-executor-11] WARN  server.GrpcLogAppender (LogUtils.java:warn(122)) - omNode-2@group-523986131536->omNode-1-AppendLogResponseHandler: Failed appendEntries: org.apache.ratis.thirdparty.io.grpc.StatusRuntimeException: UNAVAILABLE: io exception
2021-01-11 13:55:54,773 [grpc-default-executor-11] INFO  leader.FollowerInfo (FollowerInfoImpl.java:lambda$new$0(46)) - omNode-2@group-523986131536->omNode-1: nextIndex: updateUnconditionally 450 -> 45
2021-01-11 13:55:54,775 [omNode-3@group-523986131536-StateMachineUpdater] INFO  ratis.OzoneManagerStateMachine (OzoneManagerStateMachine.java:takeSnapshot(345)) - Current Snapshot Index (t:1, i:448)
2021-01-11 13:55:54,775 [omNode-3@group-523986131536-StateMachineUpdater] INFO  impl.StateMachineUpdater (StateMachineUpdater.java:takeSnapshot(279)) - omNode-3@group-523986131536-StateMachineUpdater: Took a snapshot at index 448
2021-01-11 13:55:54,775 [omNode-3@group-523986131536-StateMachineUpdater] INFO  impl.StateMachineUpdater (StateMachineUpdater.java:lambda$new$0(88)) - omNode-3@group-523986131536-StateMachineUpdater: snapshotIndex: updateIncreasingly 398 -> 448
2021-01-11 13:55:54,775 [omNode-3@group-523986131536-StateMachineUpdater] INFO  raftlog.RaftLog (RaftLogBase.java:purge(306)) - omNode-3@group-523986131536-SegmentedRaftLog: purge 448
2021-01-11 13:55:54,775 [omNode-3@group-523986131536-StateMachineUpdater] INFO  raftlog.RaftLog (RaftLogBase.java:lambda$new$0(53)) - omNode-3@group-523986131536-SegmentedRaftLog: snapshotIndex: updateIncreasingly 398 -> 448
2021-01-11 13:55:54,775 [omNode-3@group-523986131536-StateMachineUpdater] INFO  raftlog.RaftLog (RaftLogBase.java:lambda$new$0(53)) - omNode-3@group-523986131536-SegmentedRaftLog: purgeIndex: updateToMax old=398, new=448, updated? true
2021-01-11 13:55:54,776 [grpc-default-executor-11] WARN  server.GrpcLogAppender (LogUtils.java:warn(122)) - omNode-2@group-523986131536->omNode-1-AppendLogResponseHandler: Failed appendEntries: org.apache.ratis.thirdparty.io.grpc.StatusRuntimeException: UNAVAILABLE: io exception
2021-01-11 13:55:54,777 [grpc-default-executor-11] INFO  leader.FollowerInfo (FollowerInfoImpl.java:lambda$new$0(46)) - omNode-2@group-523986131536->omNode-1: nextIndex: updateUnconditionally 450 -> 45
2021-01-11 13:55:54,777 [grpc-default-executor-8] WARN  server.GrpcLogAppender (LogUtils.java:warn(122)) - omNode-2@group-523986131536->omNode-1-AppendLogResponseHandler: Failed appendEntries: org.apache.ratis.thirdparty.io.grpc.StatusRuntimeException: UNAVAILABLE: io exception
2021-01-11 13:55:54,777 [grpc-default-executor-8] INFO  leader.FollowerInfo (FollowerInfoImpl.java:lambda$new$0(46)) - omNode-2@group-523986131536->omNode-1: nextIndex: updateUnconditionally 451 -> 45
2021-01-11 13:55:54,780 [grpc-default-executor-11] WARN  server.GrpcLogAppender (LogUtils.java:warn(122)) - omNode-2@group-523986131536->omNode-1-AppendLogResponseHandler: Failed appendEntries: org.apache.ratis.thirdparty.io.grpc.StatusRuntimeException: UNAVAILABLE: io exception
2021-01-11 13:55:54,780 [grpc-default-executor-11] INFO  leader.FollowerInfo (FollowerInfoImpl.java:lambda$new$0(46)) - omNode-2@group-523986131536->omNode-1: nextIndex: updateUnconditionally 451 -> 45
2021-01-11 13:55:54,785 [grpc-default-executor-8] WARN  server.GrpcLogAppender (LogUtils.java:warn(122)) - omNode-2@group-523986131536->omNode-1-AppendLogResponseHandler: Failed appendEntries: org.apache.ratis.thirdparty.io.grpc.StatusRuntimeException: UNAVAILABLE: io exception
2021-01-11 13:55:54,786 [grpc-default-executor-8] INFO  leader.FollowerInfo (FollowerInfoImpl.java:lambda$new$0(46)) - omNode-2@group-523986131536->omNode-1: nextIndex: updateUnconditionally 452 -> 45
2021-01-11 13:55:54,788 [grpc-default-executor-8] WARN  server.GrpcLogAppender (LogUtils.java:warn(122)) - omNode-2@group-523986131536->omNode-1-AppendLogResponseHandler: Failed appendEntries: org.apache.ratis.thirdparty.io.grpc.StatusRuntimeException: UNAVAILABLE: io exception
2021-01-11 13:55:54,788 [grpc-default-executor-8] INFO  leader.FollowerInfo (FollowerInfoImpl.java:lambda$new$0(46)) - omNode-2@group-523986131536->omNode-1: nextIndex: updateUnconditionally 452 -> 45
2021-01-11 13:55:54,788 [grpc-default-executor-8] WARN  server.GrpcLogAppender (LogUtils.java:warn(122)) - omNode-2@group-523986131536->omNode-1-AppendLogResponseHandler: Failed appendEntries: org.apache.ratis.thirdparty.io.grpc.StatusRuntimeException: UNAVAILABLE: io exception
2021-01-11 13:55:54,789 [grpc-default-executor-8] INFO  leader.FollowerInfo (FollowerInfoImpl.java:lambda$new$0(46)) - omNode-2@group-523986131536->omNode-1: nextIndex: updateUnconditionally 453 -> 45
2021-01-11 13:55:54,790 [grpc-default-executor-8] WARN  server.GrpcLogAppender (LogUtils.java:warn(122)) - omNode-2@group-523986131536->omNode-1-AppendLogResponseHandler: Failed appendEntries: org.apache.ratis.thirdparty.io.grpc.StatusRuntimeException: UNAVAILABLE: io exception
2021-01-11 13:55:54,791 [grpc-default-executor-8] INFO  leader.FollowerInfo (FollowerInfoImpl.java:lambda$new$0(46)) - omNode-2@group-523986131536->omNode-1: nextIndex: updateUnconditionally 454 -> 45
2021-01-11 13:55:54,796 [grpc-default-executor-8] WARN  server.GrpcLogAppender (LogUtils.java:warn(122)) - omNode-2@group-523986131536->omNode-1-AppendLogResponseHandler: Failed appendEntries: org.apache.ratis.thirdparty.io.grpc.StatusRuntimeException: UNAVAILABLE: io exception
2021-01-11 13:55:54,796 [grpc-default-executor-8] INFO  leader.FollowerInfo (FollowerInfoImpl.java:lambda$new$0(46)) - omNode-2@group-523986131536->omNode-1: nextIndex: updateUnconditionally 454 -> 45
2021-01-11 13:55:54,797 [grpc-default-executor-8] WARN  server.GrpcLogAppender (LogUtils.java:warn(122)) - omNode-2@group-523986131536->omNode-1-AppendLogResponseHandler: Failed appendEntries: org.apache.ratis.thirdparty.io.grpc.StatusRuntimeException: UNAVAILABLE: io exception
2021-01-11 13:55:54,798 [grpc-default-executor-8] INFO  leader.FollowerInfo (FollowerInfoImpl.java:lambda$new$0(46)) - omNode-2@group-523986131536->omNode-1: nextIndex: updateUnconditionally 455 -> 45
2021-01-11 13:55:54,800 [grpc-default-executor-8] WARN  server.GrpcLogAppender (LogUtils.java:warn(122)) - omNode-2@group-523986131536->omNode-1-AppendLogResponseHandler: Failed appendEntries: org.apache.ratis.thirdparty.io.grpc.StatusRuntimeException: UNAVAILABLE: io exception
2021-01-11 13:55:54,800 [grpc-default-executor-8] INFO  leader.FollowerInfo (FollowerInfoImpl.java:lambda$new$0(46)) - omNode-2@group-523986131536->omNode-1: nextIndex: updateUnconditionally 455 -> 45
2021-01-11 13:55:54,801 [grpc-default-executor-11] WARN  server.GrpcLogAppender (LogUtils.java:warn(122)) - omNode-2@group-523986131536->omNode-1-AppendLogResponseHandler: Failed appendEntries: org.apache.ratis.thirdparty.io.grpc.StatusRuntimeException: UNAVAILABLE: io exception
2021-01-11 13:55:54,801 [grpc-default-executor-11] INFO  leader.FollowerInfo (FollowerInfoImpl.java:lambda$new$0(46)) - omNode-2@group-523986131536->omNode-1: nextIndex: updateUnconditionally 455 -> 45
2021-01-11 13:55:54,808 [grpc-default-executor-8] WARN  server.GrpcLogAppender (LogUtils.java:warn(122)) - omNode-2@group-523986131536->omNode-1-AppendLogResponseHandler: Failed appendEntries: org.apache.ratis.thirdparty.io.grpc.StatusRuntimeException: UNAVAILABLE: io exception
2021-01-11 13:55:54,808 [grpc-default-executor-8] INFO  leader.FollowerInfo (FollowerInfoImpl.java:lambda$new$0(46)) - omNode-2@group-523986131536->omNode-1: nextIndex: updateUnconditionally 456 -> 45
2021-01-11 13:55:54,810 [grpc-default-executor-8] WARN  server.GrpcLogAppender (LogUtils.java:warn(122)) - omNode-2@group-523986131536->omNode-1-AppendLogResponseHandler: Failed appendEntries: org.apache.ratis.thirdparty.io.grpc.StatusRuntimeException: UNAVAILABLE: io exception
2021-01-11 13:55:54,810 [grpc-default-executor-8] INFO  leader.FollowerInfo (FollowerInfoImpl.java:lambda$new$0(46)) - omNode-2@group-523986131536->omNode-1: nextIndex: updateUnconditionally 456 -> 45
2021-01-11 13:55:54,811 [grpc-default-executor-11] WARN  server.GrpcLogAppender (LogUtils.java:warn(122)) - omNode-2@group-523986131536->omNode-1-AppendLogResponseHandler: Failed appendEntries: org.apache.ratis.thirdparty.io.grpc.StatusRuntimeException: UNAVAILABLE: io exception
2021-01-11 13:55:54,812 [grpc-default-executor-11] INFO  leader.FollowerInfo (FollowerInfoImpl.java:lambda$new$0(46)) - omNode-2@group-523986131536->omNode-1: nextIndex: updateUnconditionally 457 -> 45
2021-01-11 13:55:54,812 [grpc-default-executor-11] WARN  server.GrpcLogAppender (LogUtils.java:warn(122)) - omNode-2@group-523986131536->omNode-1-AppendLogResponseHandler: Failed appendEntries: org.apache.ratis.thirdparty.io.grpc.StatusRuntimeException: UNAVAILABLE: io exception
2021-01-11 13:55:54,813 [grpc-default-executor-11] INFO  leader.FollowerInfo (FollowerInfoImpl.java:lambda$new$0(46)) - omNode-2@group-523986131536->omNode-1: nextIndex: updateUnconditionally 458 -> 45
2021-01-11 13:55:54,815 [grpc-default-executor-8] WARN  server.GrpcLogAppender (LogUtils.java:warn(122)) - omNode-2@group-523986131536->omNode-1-AppendLogResponseHandler: Failed appendEntries: org.apache.ratis.thirdparty.io.grpc.StatusRuntimeException: UNAVAILABLE: io exception
2021-01-11 13:55:54,816 [grpc-default-executor-8] INFO  leader.FollowerInfo (FollowerInfoImpl.java:lambda$new$0(46)) - omNode-2@group-523986131536->omNode-1: nextIndex: updateUnconditionally 458 -> 45
2021-01-11 13:55:54,816 [grpc-default-executor-8] WARN  server.GrpcLogAppender (LogUtils.java:warn(122)) - omNode-2@group-523986131536->omNode-1-AppendLogResponseHandler: Failed appendEntries: org.apache.ratis.thirdparty.io.grpc.StatusRuntimeException: UNAVAILABLE: io exception
2021-01-11 13:55:54,816 [grpc-default-executor-8] INFO  leader.FollowerInfo (FollowerInfoImpl.java:lambda$new$0(46)) - omNode-2@group-523986131536->omNode-1: nextIndex: updateUnconditionally 458 -> 45
2021-01-11 13:55:54,823 [grpc-default-executor-4] WARN  server.GrpcLogAppender (LogUtils.java:warn(122)) - omNode-2@group-523986131536->omNode-1-AppendLogResponseHandler: Failed appendEntries: org.apache.ratis.thirdparty.io.grpc.StatusRuntimeException: UNAVAILABLE: io exception
2021-01-11 13:55:54,823 [grpc-default-executor-4] INFO  leader.FollowerInfo (FollowerInfoImpl.java:lambda$new$0(46)) - omNode-2@group-523986131536->omNode-1: nextIndex: updateUnconditionally 459 -> 45
2021-01-11 13:55:54,827 [grpc-default-executor-8] WARN  server.GrpcLogAppender (LogUtils.java:warn(122)) - omNode-2@group-523986131536->omNode-1-AppendLogResponseHandler: Failed appendEntries: org.apache.ratis.thirdparty.io.grpc.StatusRuntimeException: UNAVAILABLE: io exception
2021-01-11 13:55:54,828 [grpc-default-executor-8] INFO  leader.FollowerInfo (FollowerInfoImpl.java:lambda$new$0(46)) - omNode-2@group-523986131536->omNode-1: nextIndex: updateUnconditionally 459 -> 45
2021-01-11 13:55:54,833 [grpc-default-executor-4] WARN  server.GrpcLogAppender (LogUtils.java:warn(122)) - omNode-2@group-523986131536->omNode-1-AppendLogResponseHandler: Failed appendEntries: org.apache.ratis.thirdparty.io.grpc.StatusRuntimeException: UNAVAILABLE: io exception
2021-01-11 13:55:54,834 [grpc-default-executor-4] INFO  leader.FollowerInfo (FollowerInfoImpl.java:lambda$new$0(46)) - omNode-2@group-523986131536->omNode-1: nextIndex: updateUnconditionally 460 -> 45
2021-01-11 13:55:54,836 [grpc-default-executor-4] WARN  server.GrpcLogAppender (LogUtils.java:warn(122)) - omNode-2@group-523986131536->omNode-1-AppendLogResponseHandler: Failed appendEntries: org.apache.ratis.thirdparty.io.grpc.StatusRuntimeException: UNAVAILABLE: io exception
2021-01-11 13:55:54,836 [grpc-default-executor-4] INFO  leader.FollowerInfo (FollowerInfoImpl.java:lambda$new$0(46)) - omNode-2@group-523986131536->omNode-1: nextIndex: updateUnconditionally 460 -> 45
2021-01-11 13:55:54,838 [grpc-default-executor-4] WARN  server.GrpcLogAppender (LogUtils.java:warn(122)) - omNode-2@group-523986131536->omNode-1-AppendLogResponseHandler: Failed appendEntries: org.apache.ratis.thirdparty.io.grpc.StatusRuntimeException: UNAVAILABLE: io exception
2021-01-11 13:55:54,838 [grpc-default-executor-4] INFO  leader.FollowerInfo (FollowerInfoImpl.java:lambda$new$0(46)) - omNode-2@group-523986131536->omNode-1: nextIndex: updateUnconditionally 461 -> 45
2021-01-11 13:55:54,840 [grpc-default-executor-4] WARN  server.GrpcLogAppender (LogUtils.java:warn(122)) - omNode-2@group-523986131536->omNode-1-AppendLogResponseHandler: Failed appendEntries: org.apache.ratis.thirdparty.io.grpc.StatusRuntimeException: UNAVAILABLE: io exception
2021-01-11 13:55:54,840 [grpc-default-executor-4] INFO  leader.FollowerInfo (FollowerInfoImpl.java:lambda$new$0(46)) - omNode-2@group-523986131536->omNode-1: nextIndex: updateUnconditionally 462 -> 45
2021-01-11 13:55:54,841 [grpc-default-executor-8] WARN  server.GrpcLogAppender (LogUtils.java:warn(122)) - omNode-2@group-523986131536->omNode-1-AppendLogResponseHandler: Failed appendEntries: org.apache.ratis.thirdparty.io.grpc.StatusRuntimeException: UNAVAILABLE: io exception
2021-01-11 13:55:54,841 [grpc-default-executor-8] INFO  leader.FollowerInfo (FollowerInfoImpl.java:lambda$new$0(46)) - omNode-2@group-523986131536->omNode-1: nextIndex: updateUnconditionally 462 -> 45
2021-01-11 13:55:54,843 [grpc-default-executor-8] WARN  server.GrpcLogAppender (LogUtils.java:warn(122)) - omNode-2@group-523986131536->omNode-1-AppendLogResponseHandler: Failed appendEntries: org.apache.ratis.thirdparty.io.grpc.StatusRuntimeException: UNAVAILABLE: io exception
2021-01-11 13:55:54,843 [grpc-default-executor-8] INFO  leader.FollowerInfo (FollowerInfoImpl.java:lambda$new$0(46)) - omNode-2@group-523986131536->omNode-1: nextIndex: updateUnconditionally 463 -> 45
2021-01-11 13:55:54,846 [grpc-default-executor-8] WARN  server.GrpcLogAppender (LogUtils.java:warn(122)) - omNode-2@group-523986131536->omNode-1-AppendLogResponseHandler: Failed appendEntries: org.apache.ratis.thirdparty.io.grpc.StatusRuntimeException: UNAVAILABLE: io exception
2021-01-11 13:55:54,847 [grpc-default-executor-8] INFO  leader.FollowerInfo (FollowerInfoImpl.java:lambda$new$0(46)) - omNode-2@group-523986131536->omNode-1: nextIndex: updateUnconditionally 463 -> 45
2021-01-11 13:55:54,847 [grpc-default-executor-8] WARN  server.GrpcLogAppender (LogUtils.java:warn(122)) - omNode-2@group-523986131536->omNode-1-AppendLogResponseHandler: Failed appendEntries: org.apache.ratis.thirdparty.io.grpc.StatusRuntimeException: UNAVAILABLE: io exception
2021-01-11 13:55:54,848 [grpc-default-executor-8] INFO  leader.FollowerInfo (FollowerInfoImpl.java:lambda$new$0(46)) - omNode-2@group-523986131536->omNode-1: nextIndex: updateUnconditionally 463 -> 45
2021-01-11 13:55:54,849 [grpc-default-executor-8] WARN  server.GrpcLogAppender (LogUtils.java:warn(122)) - omNode-2@group-523986131536->omNode-1-AppendLogResponseHandler: Failed appendEntries: org.apache.ratis.thirdparty.io.grpc.StatusRuntimeException: UNAVAILABLE: io exception
2021-01-11 13:55:54,850 [grpc-default-executor-8] INFO  leader.FollowerInfo (FollowerInfoImpl.java:lambda$new$0(46)) - omNode-2@group-523986131536->omNode-1: nextIndex: updateUnconditionally 464 -> 45
2021-01-11 13:55:54,851 [grpc-default-executor-8] WARN  server.GrpcLogAppender (LogUtils.java:warn(122)) - omNode-2@group-523986131536->omNode-1-AppendLogResponseHandler: Failed appendEntries: org.apache.ratis.thirdparty.io.grpc.StatusRuntimeException: UNAVAILABLE: io exception
2021-01-11 13:55:54,852 [grpc-default-executor-8] INFO  leader.FollowerInfo (FollowerInfoImpl.java:lambda$new$0(46)) - omNode-2@group-523986131536->omNode-1: nextIndex: updateUnconditionally 464 -> 45
2021-01-11 13:55:54,852 [grpc-default-executor-8] WARN  server.GrpcLogAppender (LogUtils.java:warn(122)) - omNode-2@group-523986131536->omNode-1-AppendLogResponseHandler: Failed appendEntries: org.apache.ratis.thirdparty.io.grpc.StatusRuntimeException: UNAVAILABLE: io exception
2021-01-11 13:55:54,852 [grpc-default-executor-8] INFO  leader.FollowerInfo (FollowerInfoImpl.java:lambda$new$0(46)) - omNode-2@group-523986131536->omNode-1: nextIndex: updateUnconditionally 465 -> 45
2021-01-11 13:55:54,855 [grpc-default-executor-8] WARN  server.GrpcLogAppender (LogUtils.java:warn(122)) - omNode-2@group-523986131536->omNode-1-AppendLogResponseHandler: Failed appendEntries: org.apache.ratis.thirdparty.io.grpc.StatusRuntimeException: UNAVAILABLE: io exception
2021-01-11 13:55:54,855 [grpc-default-executor-8] INFO  leader.FollowerInfo (FollowerInfoImpl.java:lambda$new$0(46)) - omNode-2@group-523986131536->omNode-1: nextIndex: updateUnconditionally 466 -> 45
2021-01-11 13:55:54,857 [grpc-default-executor-8] WARN  server.GrpcLogAppender (LogUtils.java:warn(122)) - omNode-2@group-523986131536->omNode-1-AppendLogResponseHandler: Failed appendEntries: org.apache.ratis.thirdparty.io.grpc.StatusRuntimeException: UNAVAILABLE: io exception
2021-01-11 13:55:54,858 [grpc-default-executor-8] INFO  leader.FollowerInfo (FollowerInfoImpl.java:lambda$new$0(46)) - omNode-2@group-523986131536->omNode-1: nextIndex: updateUnconditionally 466 -> 45
2021-01-11 13:55:54,859 [grpc-default-executor-8] WARN  server.GrpcLogAppender (LogUtils.java:warn(122)) - omNode-2@group-523986131536->omNode-1-AppendLogResponseHandler: Failed appendEntries: org.apache.ratis.thirdparty.io.grpc.StatusRuntimeException: UNAVAILABLE: io exception
2021-01-11 13:55:54,859 [grpc-default-executor-8] INFO  leader.FollowerInfo (FollowerInfoImpl.java:lambda$new$0(46)) - omNode-2@group-523986131536->omNode-1: nextIndex: updateUnconditionally 467 -> 45
2021-01-11 13:55:54,861 [grpc-default-executor-8] WARN  server.GrpcLogAppender (LogUtils.java:warn(122)) - omNode-2@group-523986131536->omNode-1-AppendLogResponseHandler: Failed appendEntries: org.apache.ratis.thirdparty.io.grpc.StatusRuntimeException: UNAVAILABLE: io exception
2021-01-11 13:55:54,861 [grpc-default-executor-8] INFO  leader.FollowerInfo (FollowerInfoImpl.java:lambda$new$0(46)) - omNode-2@group-523986131536->omNode-1: nextIndex: updateUnconditionally 467 -> 45
2021-01-11 13:55:54,867 [grpc-default-executor-8] WARN  server.GrpcLogAppender (LogUtils.java:warn(122)) - omNode-2@group-523986131536->omNode-1-AppendLogResponseHandler: Failed appendEntries: org.apache.ratis.thirdparty.io.grpc.StatusRuntimeException: UNAVAILABLE: io exception
2021-01-11 13:55:54,868 [grpc-default-executor-8] INFO  leader.FollowerInfo (FollowerInfoImpl.java:lambda$new$0(46)) - omNode-2@group-523986131536->omNode-1: nextIndex: updateUnconditionally 467 -> 45
2021-01-11 13:55:54,871 [grpc-default-executor-4] WARN  server.GrpcLogAppender (LogUtils.java:warn(122)) - omNode-2@group-523986131536->omNode-1-AppendLogResponseHandler: Failed appendEntries: org.apache.ratis.thirdparty.io.grpc.StatusRuntimeException: UNAVAILABLE: io exception
2021-01-11 13:55:54,871 [grpc-default-executor-4] INFO  leader.FollowerInfo (FollowerInfoImpl.java:lambda$new$0(46)) - omNode-2@group-523986131536->omNode-1: nextIndex: updateUnconditionally 468 -> 45
2021-01-11 13:55:54,874 [grpc-default-executor-4] WARN  server.GrpcLogAppender (LogUtils.java:warn(122)) - omNode-2@group-523986131536->omNode-1-AppendLogResponseHandler: Failed appendEntries: org.apache.ratis.thirdparty.io.grpc.StatusRuntimeException: UNAVAILABLE: io exception
2021-01-11 13:55:54,874 [grpc-default-executor-4] INFO  leader.FollowerInfo (FollowerInfoImpl.java:lambda$new$0(46)) - omNode-2@group-523986131536->omNode-1: nextIndex: updateUnconditionally 468 -> 45
2021-01-11 13:55:54,875 [grpc-default-executor-4] WARN  server.GrpcLogAppender (LogUtils.java:warn(122)) - omNode-2@group-523986131536->omNode-1-AppendLogResponseHandler: Failed appendEntries: org.apache.ratis.thirdparty.io.grpc.StatusRuntimeException: UNAVAILABLE: io exception
2021-01-11 13:55:54,875 [grpc-default-executor-4] INFO  leader.FollowerInfo (FollowerInfoImpl.java:lambda$new$0(46)) - omNode-2@group-523986131536->omNode-1: nextIndex: updateUnconditionally 469 -> 45
2021-01-11 13:55:54,891 [grpc-default-executor-4] WARN  server.GrpcLogAppender (LogUtils.java:warn(122)) - omNode-2@group-523986131536->omNode-1-AppendLogResponseHandler: Failed appendEntries: org.apache.ratis.thirdparty.io.grpc.StatusRuntimeException: UNAVAILABLE: io exception
2021-01-11 13:55:54,891 [grpc-default-executor-4] INFO  leader.FollowerInfo (FollowerInfoImpl.java:lambda$new$0(46)) - omNode-2@group-523986131536->omNode-1: nextIndex: updateUnconditionally 470 -> 45
2021-01-11 13:55:54,892 [grpc-default-executor-4] WARN  server.GrpcLogAppender (LogUtils.java:warn(122)) - omNode-2@group-523986131536->omNode-1-AppendLogResponseHandler: Failed appendEntries: org.apache.ratis.thirdparty.io.grpc.StatusRuntimeException: UNAVAILABLE: io exception
2021-01-11 13:55:54,892 [grpc-default-executor-4] INFO  leader.FollowerInfo (FollowerInfoImpl.java:lambda$new$0(46)) - omNode-2@group-523986131536->omNode-1: nextIndex: updateUnconditionally 471 -> 45
2021-01-11 13:55:54,897 [grpc-default-executor-11] WARN  server.GrpcLogAppender (LogUtils.java:warn(122)) - omNode-2@group-523986131536->omNode-1-AppendLogResponseHandler: Failed appendEntries: org.apache.ratis.thirdparty.io.grpc.StatusRuntimeException: UNAVAILABLE: io exception
2021-01-11 13:55:54,897 [grpc-default-executor-11] INFO  leader.FollowerInfo (FollowerInfoImpl.java:lambda$new$0(46)) - omNode-2@group-523986131536->omNode-1: nextIndex: updateUnconditionally 471 -> 45
2021-01-11 13:55:54,898 [grpc-default-executor-11] WARN  server.GrpcLogAppender (LogUtils.java:warn(122)) - omNode-2@group-523986131536->omNode-1-AppendLogResponseHandler: Failed appendEntries: org.apache.ratis.thirdparty.io.grpc.StatusRuntimeException: UNAVAILABLE: io exception
2021-01-11 13:55:54,898 [grpc-default-executor-11] INFO  leader.FollowerInfo (FollowerInfoImpl.java:lambda$new$0(46)) - omNode-2@group-523986131536->omNode-1: nextIndex: updateUnconditionally 471 -> 45
2021-01-11 13:55:54,904 [grpc-default-executor-11] WARN  server.GrpcLogAppender (LogUtils.java:warn(122)) - omNode-2@group-523986131536->omNode-1-AppendLogResponseHandler: Failed appendEntries: org.apache.ratis.thirdparty.io.grpc.StatusRuntimeException: UNAVAILABLE: io exception
2021-01-11 13:55:54,904 [grpc-default-executor-11] INFO  leader.FollowerInfo (FollowerInfoImpl.java:lambda$new$0(46)) - omNode-2@group-523986131536->omNode-1: nextIndex: updateUnconditionally 472 -> 45
2021-01-11 13:55:54,907 [grpc-default-executor-11] WARN  server.GrpcLogAppender (LogUtils.java:warn(122)) - omNode-2@group-523986131536->omNode-1-AppendLogResponseHandler: Failed appendEntries: org.apache.ratis.thirdparty.io.grpc.StatusRuntimeException: UNAVAILABLE: io exception
2021-01-11 13:55:54,907 [grpc-default-executor-11] INFO  leader.FollowerInfo (FollowerInfoImpl.java:lambda$new$0(46)) - omNode-2@group-523986131536->omNode-1: nextIndex: updateUnconditionally 472 -> 45
2021-01-11 13:55:54,908 [grpc-default-executor-4] WARN  server.GrpcLogAppender (LogUtils.java:warn(122)) - omNode-2@group-523986131536->omNode-1-AppendLogResponseHandler: Failed appendEntries: org.apache.ratis.thirdparty.io.grpc.StatusRuntimeException: UNAVAILABLE: io exception
2021-01-11 13:55:54,909 [grpc-default-executor-4] INFO  leader.FollowerInfo (FollowerInfoImpl.java:lambda$new$0(46)) - omNode-2@group-523986131536->omNode-1: nextIndex: updateUnconditionally 473 -> 45
2021-01-11 13:55:54,911 [grpc-default-executor-11] WARN  server.GrpcLogAppender (LogUtils.java:warn(122)) - omNode-2@group-523986131536->omNode-1-AppendLogResponseHandler: Failed appendEntries: org.apache.ratis.thirdparty.io.grpc.StatusRuntimeException: UNAVAILABLE: io exception
2021-01-11 13:55:54,911 [grpc-default-executor-11] INFO  leader.FollowerInfo (FollowerInfoImpl.java:lambda$new$0(46)) - omNode-2@group-523986131536->omNode-1: nextIndex: updateUnconditionally 474 -> 45
2021-01-11 13:55:54,914 [grpc-default-executor-11] WARN  server.GrpcLogAppender (LogUtils.java:warn(122)) - omNode-2@group-523986131536->omNode-1-AppendLogResponseHandler: Failed appendEntries: org.apache.ratis.thirdparty.io.grpc.StatusRuntimeException: UNAVAILABLE: io exception
2021-01-11 13:55:54,914 [grpc-default-executor-11] INFO  leader.FollowerInfo (FollowerInfoImpl.java:lambda$new$0(46)) - omNode-2@group-523986131536->omNode-1: nextIndex: updateUnconditionally 474 -> 45
2021-01-11 13:55:54,916 [grpc-default-executor-8] WARN  server.GrpcLogAppender (LogUtils.java:warn(122)) - omNode-2@group-523986131536->omNode-1-AppendLogResponseHandler: Failed appendEntries: org.apache.ratis.thirdparty.io.grpc.StatusRuntimeException: UNAVAILABLE: io exception
2021-01-11 13:55:54,917 [grpc-default-executor-8] INFO  leader.FollowerInfo (FollowerInfoImpl.java:lambda$new$0(46)) - omNode-2@group-523986131536->omNode-1: nextIndex: updateUnconditionally 475 -> 45
2021-01-11 13:55:54,917 [grpc-default-executor-4] WARN  server.GrpcLogAppender (LogUtils.java:warn(122)) - omNode-2@group-523986131536->omNode-1-AppendLogResponseHandler: Failed appendEntries: org.apache.ratis.thirdparty.io.grpc.StatusRuntimeException: UNAVAILABLE: io exception
2021-01-11 13:55:54,918 [grpc-default-executor-4] INFO  leader.FollowerInfo (FollowerInfoImpl.java:lambda$new$0(46)) - omNode-2@group-523986131536->omNode-1: nextIndex: updateUnconditionally 475 -> 45
2021-01-11 13:55:54,933 [grpc-default-executor-11] WARN  server.GrpcLogAppender (LogUtils.java:warn(122)) - omNode-2@group-523986131536->omNode-1-AppendLogResponseHandler: Failed appendEntries: org.apache.ratis.thirdparty.io.grpc.StatusRuntimeException: UNAVAILABLE: io exception
2021-01-11 13:55:54,933 [grpc-default-executor-11] INFO  leader.FollowerInfo (FollowerInfoImpl.java:lambda$new$0(46)) - omNode-2@group-523986131536->omNode-1: nextIndex: updateUnconditionally 476 -> 45
2021-01-11 13:55:54,936 [grpc-default-executor-11] WARN  server.GrpcLogAppender (LogUtils.java:warn(122)) - omNode-2@group-523986131536->omNode-1-AppendLogResponseHandler: Failed appendEntries: org.apache.ratis.thirdparty.io.grpc.StatusRuntimeException: UNAVAILABLE: io exception
2021-01-11 13:55:54,937 [grpc-default-executor-11] INFO  leader.FollowerInfo (FollowerInfoImpl.java:lambda$new$0(46)) - omNode-2@group-523986131536->omNode-1: nextIndex: updateUnconditionally 476 -> 45
2021-01-11 13:55:54,938 [grpc-default-executor-8] WARN  server.GrpcLogAppender (LogUtils.java:warn(122)) - omNode-2@group-523986131536->omNode-1-AppendLogResponseHandler: Failed appendEntries: org.apache.ratis.thirdparty.io.grpc.StatusRuntimeException: UNAVAILABLE: io exception
2021-01-11 13:55:54,939 [grpc-default-executor-8] INFO  leader.FollowerInfo (FollowerInfoImpl.java:lambda$new$0(46)) - omNode-2@group-523986131536->omNode-1: nextIndex: updateUnconditionally 477 -> 45
2021-01-11 13:55:54,939 [grpc-default-executor-8] WARN  server.GrpcLogAppender (LogUtils.java:warn(122)) - omNode-2@group-523986131536->omNode-1-AppendLogResponseHandler: Failed appendEntries: org.apache.ratis.thirdparty.io.grpc.StatusRuntimeException: UNAVAILABLE: io exception
2021-01-11 13:55:54,940 [grpc-default-executor-8] INFO  leader.FollowerInfo (FollowerInfoImpl.java:lambda$new$0(46)) - omNode-2@group-523986131536->omNode-1: nextIndex: updateUnconditionally 478 -> 45
2021-01-11 13:55:54,940 [grpc-default-executor-4] WARN  server.GrpcLogAppender (LogUtils.java:warn(122)) - omNode-2@group-523986131536->omNode-1-AppendLogResponseHandler: Failed appendEntries: org.apache.ratis.thirdparty.io.grpc.StatusRuntimeException: UNAVAILABLE: io exception
2021-01-11 13:55:54,940 [grpc-default-executor-4] INFO  leader.FollowerInfo (FollowerInfoImpl.java:lambda$new$0(46)) - omNode-2@group-523986131536->omNode-1: nextIndex: updateUnconditionally 478 -> 45
2021-01-11 13:55:54,944 [grpc-default-executor-4] WARN  server.GrpcLogAppender (LogUtils.java:warn(122)) - omNode-2@group-523986131536->omNode-1-AppendLogResponseHandler: Failed appendEntries: org.apache.ratis.thirdparty.io.grpc.StatusRuntimeException: UNAVAILABLE: io exception
2021-01-11 13:55:54,944 [grpc-default-executor-4] INFO  leader.FollowerInfo (FollowerInfoImpl.java:lambda$new$0(46)) - omNode-2@group-523986131536->omNode-1: nextIndex: updateUnconditionally 479 -> 45
2021-01-11 13:55:54,951 [grpc-default-executor-11] WARN  server.GrpcLogAppender (LogUtils.java:warn(122)) - omNode-2@group-523986131536->omNode-1-AppendLogResponseHandler: Failed appendEntries: org.apache.ratis.thirdparty.io.grpc.StatusRuntimeException: UNAVAILABLE: io exception
2021-01-11 13:55:54,951 [grpc-default-executor-11] INFO  leader.FollowerInfo (FollowerInfoImpl.java:lambda$new$0(46)) - omNode-2@group-523986131536->omNode-1: nextIndex: updateUnconditionally 479 -> 45
2021-01-11 13:55:54,952 [grpc-default-executor-11] WARN  server.GrpcLogAppender (LogUtils.java:warn(122)) - omNode-2@group-523986131536->omNode-1-AppendLogResponseHandler: Failed appendEntries: org.apache.ratis.thirdparty.io.grpc.StatusRuntimeException: UNAVAILABLE: io exception
2021-01-11 13:55:54,953 [grpc-default-executor-11] INFO  leader.FollowerInfo (FollowerInfoImpl.java:lambda$new$0(46)) - omNode-2@group-523986131536->omNode-1: nextIndex: updateUnconditionally 480 -> 45
2021-01-11 13:55:54,954 [grpc-default-executor-4] WARN  server.GrpcLogAppender (LogUtils.java:warn(122)) - omNode-2@group-523986131536->omNode-1-AppendLogResponseHandler: Failed appendEntries: org.apache.ratis.thirdparty.io.grpc.StatusRuntimeException: UNAVAILABLE: io exception
2021-01-11 13:55:54,955 [grpc-default-executor-4] INFO  leader.FollowerInfo (FollowerInfoImpl.java:lambda$new$0(46)) - omNode-2@group-523986131536->omNode-1: nextIndex: updateUnconditionally 480 -> 45
2021-01-11 13:55:54,958 [grpc-default-executor-4] WARN  server.GrpcLogAppender (LogUtils.java:warn(122)) - omNode-2@group-523986131536->omNode-1-AppendLogResponseHandler: Failed appendEntries: org.apache.ratis.thirdparty.io.grpc.StatusRuntimeException: UNAVAILABLE: io exception
2021-01-11 13:55:54,958 [grpc-default-executor-4] INFO  leader.FollowerInfo (FollowerInfoImpl.java:lambda$new$0(46)) - omNode-2@group-523986131536->omNode-1: nextIndex: updateUnconditionally 481 -> 45
2021-01-11 13:55:54,960 [grpc-default-executor-4] WARN  server.GrpcLogAppender (LogUtils.java:warn(122)) - omNode-2@group-523986131536->omNode-1-AppendLogResponseHandler: Failed appendEntries: org.apache.ratis.thirdparty.io.grpc.StatusRuntimeException: UNAVAILABLE: io exception
2021-01-11 13:55:54,960 [grpc-default-executor-4] INFO  leader.FollowerInfo (FollowerInfoImpl.java:lambda$new$0(46)) - omNode-2@group-523986131536->omNode-1: nextIndex: updateUnconditionally 482 -> 45
2021-01-11 13:55:54,962 [grpc-default-executor-4] WARN  server.GrpcLogAppender (LogUtils.java:warn(122)) - omNode-2@group-523986131536->omNode-1-AppendLogResponseHandler: Failed appendEntries: org.apache.ratis.thirdparty.io.grpc.StatusRuntimeException: UNAVAILABLE: io exception
2021-01-11 13:55:54,962 [grpc-default-executor-4] INFO  leader.FollowerInfo (FollowerInfoImpl.java:lambda$new$0(46)) - omNode-2@group-523986131536->omNode-1: nextIndex: updateUnconditionally 482 -> 45
2021-01-11 13:55:54,968 [grpc-default-executor-4] WARN  server.GrpcLogAppender (LogUtils.java:warn(122)) - omNode-2@group-523986131536->omNode-1-AppendLogResponseHandler: Failed appendEntries: org.apache.ratis.thirdparty.io.grpc.StatusRuntimeException: UNAVAILABLE: io exception
2021-01-11 13:55:54,968 [grpc-default-executor-4] INFO  leader.FollowerInfo (FollowerInfoImpl.java:lambda$new$0(46)) - omNode-2@group-523986131536->omNode-1: nextIndex: updateUnconditionally 483 -> 45
2021-01-11 13:55:54,976 [grpc-default-executor-4] WARN  server.GrpcLogAppender (LogUtils.java:warn(122)) - omNode-2@group-523986131536->omNode-1-AppendLogResponseHandler: Failed appendEntries: org.apache.ratis.thirdparty.io.grpc.StatusRuntimeException: UNAVAILABLE: io exception
2021-01-11 13:55:54,976 [grpc-default-executor-4] INFO  leader.FollowerInfo (FollowerInfoImpl.java:lambda$new$0(46)) - omNode-2@group-523986131536->omNode-1: nextIndex: updateUnconditionally 484 -> 45
2021-01-11 13:55:54,981 [grpc-default-executor-4] WARN  server.GrpcLogAppender (LogUtils.java:warn(122)) - omNode-2@group-523986131536->omNode-1-AppendLogResponseHandler: Failed appendEntries: org.apache.ratis.thirdparty.io.grpc.StatusRuntimeException: UNAVAILABLE: io exception
2021-01-11 13:55:54,982 [grpc-default-executor-4] INFO  leader.FollowerInfo (FollowerInfoImpl.java:lambda$new$0(46)) - omNode-2@group-523986131536->omNode-1: nextIndex: updateUnconditionally 484 -> 45
2021-01-11 13:55:54,985 [grpc-default-executor-4] WARN  server.GrpcLogAppender (LogUtils.java:warn(122)) - omNode-2@group-523986131536->omNode-1-AppendLogResponseHandler: Failed appendEntries: org.apache.ratis.thirdparty.io.grpc.StatusRuntimeException: UNAVAILABLE: io exception
2021-01-11 13:55:54,985 [grpc-default-executor-4] INFO  leader.FollowerInfo (FollowerInfoImpl.java:lambda$new$0(46)) - omNode-2@group-523986131536->omNode-1: nextIndex: updateUnconditionally 485 -> 45
2021-01-11 13:55:54,986 [grpc-default-executor-4] WARN  server.GrpcLogAppender (LogUtils.java:warn(122)) - omNode-2@group-523986131536->omNode-1-AppendLogResponseHandler: Failed appendEntries: org.apache.ratis.thirdparty.io.grpc.StatusRuntimeException: UNAVAILABLE: io exception
2021-01-11 13:55:54,986 [grpc-default-executor-4] INFO  leader.FollowerInfo (FollowerInfoImpl.java:lambda$new$0(46)) - omNode-2@group-523986131536->omNode-1: nextIndex: updateUnconditionally 486 -> 45
2021-01-11 13:55:54,996 [grpc-default-executor-4] WARN  server.GrpcLogAppender (LogUtils.java:warn(122)) - omNode-2@group-523986131536->omNode-1-AppendLogResponseHandler: Failed appendEntries: org.apache.ratis.thirdparty.io.grpc.StatusRuntimeException: UNAVAILABLE: io exception
2021-01-11 13:55:54,997 [grpc-default-executor-4] INFO  leader.FollowerInfo (FollowerInfoImpl.java:lambda$new$0(46)) - omNode-2@group-523986131536->omNode-1: nextIndex: updateUnconditionally 486 -> 45
2021-01-11 13:55:55,001 [grpc-default-executor-4] WARN  server.GrpcLogAppender (LogUtils.java:warn(122)) - omNode-2@group-523986131536->omNode-1-AppendLogResponseHandler: Failed appendEntries: org.apache.ratis.thirdparty.io.grpc.StatusRuntimeException: UNAVAILABLE: io exception
2021-01-11 13:55:55,001 [grpc-default-executor-4] INFO  leader.FollowerInfo (FollowerInfoImpl.java:lambda$new$0(46)) - omNode-2@group-523986131536->omNode-1: nextIndex: updateUnconditionally 487 -> 45
2021-01-11 13:55:55,004 [grpc-default-executor-4] WARN  server.GrpcLogAppender (LogUtils.java:warn(122)) - omNode-2@group-523986131536->omNode-1-AppendLogResponseHandler: Failed appendEntries: org.apache.ratis.thirdparty.io.grpc.StatusRuntimeException: UNAVAILABLE: io exception
2021-01-11 13:55:55,004 [grpc-default-executor-4] INFO  leader.FollowerInfo (FollowerInfoImpl.java:lambda$new$0(46)) - omNode-2@group-523986131536->omNode-1: nextIndex: updateUnconditionally 488 -> 45
2021-01-11 13:55:55,006 [grpc-default-executor-4] WARN  server.GrpcLogAppender (LogUtils.java:warn(122)) - omNode-2@group-523986131536->omNode-1-AppendLogResponseHandler: Failed appendEntries: org.apache.ratis.thirdparty.io.grpc.StatusRuntimeException: UNAVAILABLE: io exception
2021-01-11 13:55:55,007 [grpc-default-executor-4] INFO  leader.FollowerInfo (FollowerInfoImpl.java:lambda$new$0(46)) - omNode-2@group-523986131536->omNode-1: nextIndex: updateUnconditionally 488 -> 45
2021-01-11 13:55:55,010 [grpc-default-executor-4] WARN  server.GrpcLogAppender (LogUtils.java:warn(122)) - omNode-2@group-523986131536->omNode-1-AppendLogResponseHandler: Failed appendEntries: org.apache.ratis.thirdparty.io.grpc.StatusRuntimeException: UNAVAILABLE: io exception
2021-01-11 13:55:55,010 [grpc-default-executor-4] INFO  leader.FollowerInfo (FollowerInfoImpl.java:lambda$new$0(46)) - omNode-2@group-523986131536->omNode-1: nextIndex: updateUnconditionally 489 -> 45
2021-01-11 13:55:55,011 [grpc-default-executor-4] WARN  server.GrpcLogAppender (LogUtils.java:warn(122)) - omNode-2@group-523986131536->omNode-1-AppendLogResponseHandler: Failed appendEntries: org.apache.ratis.thirdparty.io.grpc.StatusRuntimeException: UNAVAILABLE: io exception
2021-01-11 13:55:55,011 [grpc-default-executor-4] INFO  leader.FollowerInfo (FollowerInfoImpl.java:lambda$new$0(46)) - omNode-2@group-523986131536->omNode-1: nextIndex: updateUnconditionally 490 -> 45
2021-01-11 13:55:55,013 [grpc-default-executor-4] WARN  server.GrpcLogAppender (LogUtils.java:warn(122)) - omNode-2@group-523986131536->omNode-1-AppendLogResponseHandler: Failed appendEntries: org.apache.ratis.thirdparty.io.grpc.StatusRuntimeException: UNAVAILABLE: io exception
2021-01-11 13:55:55,013 [grpc-default-executor-4] INFO  leader.FollowerInfo (FollowerInfoImpl.java:lambda$new$0(46)) - omNode-2@group-523986131536->omNode-1: nextIndex: updateUnconditionally 490 -> 45
2021-01-11 13:55:55,014 [grpc-default-executor-4] WARN  server.GrpcLogAppender (LogUtils.java:warn(122)) - omNode-2@group-523986131536->omNode-1-AppendLogResponseHandler: Failed appendEntries: org.apache.ratis.thirdparty.io.grpc.StatusRuntimeException: UNAVAILABLE: io exception
2021-01-11 13:55:55,014 [grpc-default-executor-4] INFO  leader.FollowerInfo (FollowerInfoImpl.java:lambda$new$0(46)) - omNode-2@group-523986131536->omNode-1: nextIndex: updateUnconditionally 490 -> 45
2021-01-11 13:55:55,017 [grpc-default-executor-4] WARN  server.GrpcLogAppender (LogUtils.java:warn(122)) - omNode-2@group-523986131536->omNode-1-AppendLogResponseHandler: Failed appendEntries: org.apache.ratis.thirdparty.io.grpc.StatusRuntimeException: UNAVAILABLE: io exception
2021-01-11 13:55:55,017 [grpc-default-executor-4] INFO  leader.FollowerInfo (FollowerInfoImpl.java:lambda$new$0(46)) - omNode-2@group-523986131536->omNode-1: nextIndex: updateUnconditionally 491 -> 45
2021-01-11 13:55:55,026 [grpc-default-executor-11] WARN  server.GrpcLogAppender (LogUtils.java:warn(122)) - omNode-2@group-523986131536->omNode-1-AppendLogResponseHandler: Failed appendEntries: org.apache.ratis.thirdparty.io.grpc.StatusRuntimeException: UNAVAILABLE: io exception
2021-01-11 13:55:55,026 [grpc-default-executor-11] INFO  leader.FollowerInfo (FollowerInfoImpl.java:lambda$new$0(46)) - omNode-2@group-523986131536->omNode-1: nextIndex: updateUnconditionally 492 -> 45
2021-01-11 13:55:55,027 [grpc-default-executor-4] WARN  server.GrpcLogAppender (LogUtils.java:warn(122)) - omNode-2@group-523986131536->omNode-1-AppendLogResponseHandler: Failed appendEntries: org.apache.ratis.thirdparty.io.grpc.StatusRuntimeException: UNAVAILABLE: io exception
2021-01-11 13:55:55,027 [grpc-default-executor-4] INFO  leader.FollowerInfo (FollowerInfoImpl.java:lambda$new$0(46)) - omNode-2@group-523986131536->omNode-1: nextIndex: updateUnconditionally 492 -> 45
2021-01-11 13:55:55,034 [grpc-default-executor-4] WARN  server.GrpcLogAppender (LogUtils.java:warn(122)) - omNode-2@group-523986131536->omNode-1-AppendLogResponseHandler: Failed appendEntries: org.apache.ratis.thirdparty.io.grpc.StatusRuntimeException: UNAVAILABLE: io exception
2021-01-11 13:55:55,034 [grpc-default-executor-4] INFO  leader.FollowerInfo (FollowerInfoImpl.java:lambda$new$0(46)) - omNode-2@group-523986131536->omNode-1: nextIndex: updateUnconditionally 493 -> 45
2021-01-11 13:55:55,035 [grpc-default-executor-4] WARN  server.GrpcLogAppender (LogUtils.java:warn(122)) - omNode-2@group-523986131536->omNode-1-AppendLogResponseHandler: Failed appendEntries: org.apache.ratis.thirdparty.io.grpc.StatusRuntimeException: UNAVAILABLE: io exception
2021-01-11 13:55:55,035 [grpc-default-executor-4] INFO  leader.FollowerInfo (FollowerInfoImpl.java:lambda$new$0(46)) - omNode-2@group-523986131536->omNode-1: nextIndex: updateUnconditionally 494 -> 45
2021-01-11 13:55:55,038 [grpc-default-executor-4] WARN  server.GrpcLogAppender (LogUtils.java:warn(122)) - omNode-2@group-523986131536->omNode-1-AppendLogResponseHandler: Failed appendEntries: org.apache.ratis.thirdparty.io.grpc.StatusRuntimeException: UNAVAILABLE: io exception
2021-01-11 13:55:55,038 [grpc-default-executor-4] INFO  leader.FollowerInfo (FollowerInfoImpl.java:lambda$new$0(46)) - omNode-2@group-523986131536->omNode-1: nextIndex: updateUnconditionally 494 -> 45
2021-01-11 13:55:55,039 [grpc-default-executor-8] WARN  server.GrpcLogAppender (LogUtils.java:warn(122)) - omNode-2@group-523986131536->omNode-1-AppendLogResponseHandler: Failed appendEntries: org.apache.ratis.thirdparty.io.grpc.StatusRuntimeException: UNAVAILABLE: io exception
2021-01-11 13:55:55,039 [grpc-default-executor-8] INFO  leader.FollowerInfo (FollowerInfoImpl.java:lambda$new$0(46)) - omNode-2@group-523986131536->omNode-1: nextIndex: updateUnconditionally 494 -> 45
2021-01-11 13:55:55,042 [grpc-default-executor-8] WARN  server.GrpcLogAppender (LogUtils.java:warn(122)) - omNode-2@group-523986131536->omNode-1-AppendLogResponseHandler: Failed appendEntries: org.apache.ratis.thirdparty.io.grpc.StatusRuntimeException: UNAVAILABLE: io exception
2021-01-11 13:55:55,042 [grpc-default-executor-8] INFO  leader.FollowerInfo (FollowerInfoImpl.java:lambda$new$0(46)) - omNode-2@group-523986131536->omNode-1: nextIndex: updateUnconditionally 495 -> 45
2021-01-11 13:55:55,047 [grpc-default-executor-8] WARN  server.GrpcLogAppender (LogUtils.java:warn(122)) - omNode-2@group-523986131536->omNode-1-AppendLogResponseHandler: Failed appendEntries: org.apache.ratis.thirdparty.io.grpc.StatusRuntimeException: UNAVAILABLE: io exception
2021-01-11 13:55:55,047 [grpc-default-executor-8] INFO  leader.FollowerInfo (FollowerInfoImpl.java:lambda$new$0(46)) - omNode-2@group-523986131536->omNode-1: nextIndex: updateUnconditionally 495 -> 45
2021-01-11 13:55:55,049 [grpc-default-executor-8] WARN  server.GrpcLogAppender (LogUtils.java:warn(122)) - omNode-2@group-523986131536->omNode-1-AppendLogResponseHandler: Failed appendEntries: org.apache.ratis.thirdparty.io.grpc.StatusRuntimeException: UNAVAILABLE: io exception
2021-01-11 13:55:55,049 [grpc-default-executor-8] INFO  leader.FollowerInfo (FollowerInfoImpl.java:lambda$new$0(46)) - omNode-2@group-523986131536->omNode-1: nextIndex: updateUnconditionally 496 -> 45
2021-01-11 13:55:55,051 [grpc-default-executor-8] WARN  server.GrpcLogAppender (LogUtils.java:warn(122)) - omNode-2@group-523986131536->omNode-1-AppendLogResponseHandler: Failed appendEntries: org.apache.ratis.thirdparty.io.grpc.StatusRuntimeException: UNAVAILABLE: io exception
2021-01-11 13:55:55,052 [grpc-default-executor-8] INFO  leader.FollowerInfo (FollowerInfoImpl.java:lambda$new$0(46)) - omNode-2@group-523986131536->omNode-1: nextIndex: updateUnconditionally 496 -> 45
2021-01-11 13:55:55,052 [grpc-default-executor-8] WARN  server.GrpcLogAppender (LogUtils.java:warn(122)) - omNode-2@group-523986131536->omNode-1-AppendLogResponseHandler: Failed appendEntries: org.apache.ratis.thirdparty.io.grpc.StatusRuntimeException: UNAVAILABLE: io exception
2021-01-11 13:55:55,055 [grpc-default-executor-8] INFO  leader.FollowerInfo (FollowerInfoImpl.java:lambda$new$0(46)) - omNode-2@group-523986131536->omNode-1: nextIndex: updateUnconditionally 497 -> 45
2021-01-11 13:55:55,056 [grpc-default-executor-4] WARN  server.GrpcLogAppender (LogUtils.java:warn(122)) - omNode-2@group-523986131536->omNode-1-AppendLogResponseHandler: Failed appendEntries: org.apache.ratis.thirdparty.io.grpc.StatusRuntimeException: UNAVAILABLE: io exception
2021-01-11 13:55:55,056 [grpc-default-executor-4] INFO  leader.FollowerInfo (FollowerInfoImpl.java:lambda$new$0(46)) - omNode-2@group-523986131536->omNode-1: nextIndex: updateUnconditionally 499 -> 45
2021-01-11 13:55:55,059 [grpc-default-executor-8] WARN  server.GrpcLogAppender (LogUtils.java:warn(122)) - omNode-2@group-523986131536->omNode-1-AppendLogResponseHandler: Failed appendEntries: org.apache.ratis.thirdparty.io.grpc.StatusRuntimeException: UNAVAILABLE: io exception
2021-01-11 13:55:55,059 [grpc-default-executor-8] INFO  leader.FollowerInfo (FollowerInfoImpl.java:lambda$new$0(46)) - omNode-2@group-523986131536->omNode-1: nextIndex: updateUnconditionally 499 -> 45
2021-01-11 13:55:55,060 [grpc-default-executor-8] WARN  server.GrpcLogAppender (LogUtils.java:warn(122)) - omNode-2@group-523986131536->omNode-1-AppendLogResponseHandler: Failed appendEntries: org.apache.ratis.thirdparty.io.grpc.StatusRuntimeException: UNAVAILABLE: io exception
2021-01-11 13:55:55,060 [grpc-default-executor-8] INFO  leader.FollowerInfo (FollowerInfoImpl.java:lambda$new$0(46)) - omNode-2@group-523986131536->omNode-1: nextIndex: updateUnconditionally 499 -> 45
2021-01-11 13:55:55,062 [omNode-2@group-523986131536-StateMachineUpdater] INFO  ratis.OzoneManagerStateMachine (OzoneManagerStateMachine.java:takeSnapshot(345)) - Current Snapshot Index (t:1, i:498)
2021-01-11 13:55:55,062 [omNode-2@group-523986131536-StateMachineUpdater] INFO  impl.StateMachineUpdater (StateMachineUpdater.java:takeSnapshot(279)) - omNode-2@group-523986131536-StateMachineUpdater: Took a snapshot at index 498
2021-01-11 13:55:55,062 [omNode-2@group-523986131536-StateMachineUpdater] INFO  impl.StateMachineUpdater (StateMachineUpdater.java:lambda$new$0(88)) - omNode-2@group-523986131536-StateMachineUpdater: snapshotIndex: updateIncreasingly 448 -> 498
2021-01-11 13:55:55,062 [omNode-2@group-523986131536-StateMachineUpdater] INFO  raftlog.RaftLog (RaftLogBase.java:purge(306)) - omNode-2@group-523986131536-SegmentedRaftLog: purge 498
2021-01-11 13:55:55,062 [omNode-2@group-523986131536-StateMachineUpdater] INFO  raftlog.RaftLog (RaftLogBase.java:lambda$new$0(53)) - omNode-2@group-523986131536-SegmentedRaftLog: snapshotIndex: updateIncreasingly 448 -> 498
2021-01-11 13:55:55,062 [omNode-2@group-523986131536-StateMachineUpdater] INFO  raftlog.RaftLog (RaftLogBase.java:lambda$new$0(53)) - omNode-2@group-523986131536-SegmentedRaftLog: purgeIndex: updateToMax old=448, new=498, updated? true
2021-01-11 13:55:55,064 [grpc-default-executor-4] WARN  server.GrpcLogAppender (LogUtils.java:warn(122)) - omNode-2@group-523986131536->omNode-1-AppendLogResponseHandler: Failed appendEntries: org.apache.ratis.thirdparty.io.grpc.StatusRuntimeException: UNAVAILABLE: io exception
2021-01-11 13:55:55,064 [grpc-default-executor-4] INFO  leader.FollowerInfo (FollowerInfoImpl.java:lambda$new$0(46)) - omNode-2@group-523986131536->omNode-1: nextIndex: updateUnconditionally 500 -> 45
2021-01-11 13:55:55,065 [omNode-3@group-523986131536-StateMachineUpdater] INFO  ratis.OzoneManagerStateMachine (OzoneManagerStateMachine.java:takeSnapshot(345)) - Current Snapshot Index (t:1, i:498)
2021-01-11 13:55:55,065 [omNode-3@group-523986131536-StateMachineUpdater] INFO  impl.StateMachineUpdater (StateMachineUpdater.java:takeSnapshot(279)) - omNode-3@group-523986131536-StateMachineUpdater: Took a snapshot at index 498
2021-01-11 13:55:55,065 [omNode-3@group-523986131536-StateMachineUpdater] INFO  impl.StateMachineUpdater (StateMachineUpdater.java:lambda$new$0(88)) - omNode-3@group-523986131536-StateMachineUpdater: snapshotIndex: updateIncreasingly 448 -> 498
2021-01-11 13:55:55,065 [omNode-3@group-523986131536-StateMachineUpdater] INFO  raftlog.RaftLog (RaftLogBase.java:purge(306)) - omNode-3@group-523986131536-SegmentedRaftLog: purge 498
2021-01-11 13:55:55,065 [omNode-3@group-523986131536-StateMachineUpdater] INFO  raftlog.RaftLog (RaftLogBase.java:lambda$new$0(53)) - omNode-3@group-523986131536-SegmentedRaftLog: snapshotIndex: updateIncreasingly 448 -> 498
2021-01-11 13:55:55,065 [omNode-3@group-523986131536-StateMachineUpdater] INFO  raftlog.RaftLog (RaftLogBase.java:lambda$new$0(53)) - omNode-3@group-523986131536-SegmentedRaftLog: purgeIndex: updateToMax old=448, new=498, updated? true
2021-01-11 13:55:55,066 [grpc-default-executor-4] WARN  server.GrpcLogAppender (LogUtils.java:warn(122)) - omNode-2@group-523986131536->omNode-1-AppendLogResponseHandler: Failed appendEntries: org.apache.ratis.thirdparty.io.grpc.StatusRuntimeException: UNAVAILABLE: io exception
2021-01-11 13:55:55,066 [grpc-default-executor-4] INFO  leader.FollowerInfo (FollowerInfoImpl.java:lambda$new$0(46)) - omNode-2@group-523986131536->omNode-1: nextIndex: updateUnconditionally 500 -> 45
2021-01-11 13:55:55,067 [grpc-default-executor-8] WARN  server.GrpcLogAppender (LogUtils.java:warn(122)) - omNode-2@group-523986131536->omNode-1-AppendLogResponseHandler: Failed appendEntries: org.apache.ratis.thirdparty.io.grpc.StatusRuntimeException: UNAVAILABLE: io exception
2021-01-11 13:55:55,067 [grpc-default-executor-8] INFO  leader.FollowerInfo (FollowerInfoImpl.java:lambda$new$0(46)) - omNode-2@group-523986131536->omNode-1: nextIndex: updateUnconditionally 501 -> 45
2021-01-11 13:55:55,070 [grpc-default-executor-4] WARN  server.GrpcLogAppender (LogUtils.java:warn(122)) - omNode-2@group-523986131536->omNode-1-AppendLogResponseHandler: Failed appendEntries: org.apache.ratis.thirdparty.io.grpc.StatusRuntimeException: UNAVAILABLE: io exception
2021-01-11 13:55:55,070 [grpc-default-executor-4] INFO  leader.FollowerInfo (FollowerInfoImpl.java:lambda$new$0(46)) - omNode-2@group-523986131536->omNode-1: nextIndex: updateUnconditionally 502 -> 45
2021-01-11 13:55:55,072 [grpc-default-executor-4] WARN  server.GrpcLogAppender (LogUtils.java:warn(122)) - omNode-2@group-523986131536->omNode-1-AppendLogResponseHandler: Failed appendEntries: org.apache.ratis.thirdparty.io.grpc.StatusRuntimeException: UNAVAILABLE: io exception
2021-01-11 13:55:55,072 [grpc-default-executor-4] INFO  leader.FollowerInfo (FollowerInfoImpl.java:lambda$new$0(46)) - omNode-2@group-523986131536->omNode-1: nextIndex: updateUnconditionally 502 -> 45
2021-01-11 13:55:55,074 [grpc-default-executor-4] WARN  server.GrpcLogAppender (LogUtils.java:warn(122)) - omNode-2@group-523986131536->omNode-1-AppendLogResponseHandler: Failed appendEntries: org.apache.ratis.thirdparty.io.grpc.StatusRuntimeException: UNAVAILABLE: io exception
2021-01-11 13:55:55,074 [grpc-default-executor-4] INFO  leader.FollowerInfo (FollowerInfoImpl.java:lambda$new$0(46)) - omNode-2@group-523986131536->omNode-1: nextIndex: updateUnconditionally 503 -> 45
2021-01-11 13:55:55,086 [grpc-default-executor-4] WARN  server.GrpcLogAppender (LogUtils.java:warn(122)) - omNode-2@group-523986131536->omNode-1-AppendLogResponseHandler: Failed appendEntries: org.apache.ratis.thirdparty.io.grpc.StatusRuntimeException: UNAVAILABLE: io exception
2021-01-11 13:55:55,087 [grpc-default-executor-4] INFO  leader.FollowerInfo (FollowerInfoImpl.java:lambda$new$0(46)) - omNode-2@group-523986131536->omNode-1: nextIndex: updateUnconditionally 503 -> 45
2021-01-11 13:55:55,094 [grpc-default-executor-8] WARN  server.GrpcLogAppender (LogUtils.java:warn(122)) - omNode-2@group-523986131536->omNode-1-AppendLogResponseHandler: Failed appendEntries: org.apache.ratis.thirdparty.io.grpc.StatusRuntimeException: UNAVAILABLE: io exception
2021-01-11 13:55:55,094 [grpc-default-executor-8] INFO  leader.FollowerInfo (FollowerInfoImpl.java:lambda$new$0(46)) - omNode-2@group-523986131536->omNode-1: nextIndex: updateUnconditionally 504 -> 45
2021-01-11 13:55:55,096 [grpc-default-executor-4] WARN  server.GrpcLogAppender (LogUtils.java:warn(122)) - omNode-2@group-523986131536->omNode-1-AppendLogResponseHandler: Failed appendEntries: org.apache.ratis.thirdparty.io.grpc.StatusRuntimeException: UNAVAILABLE: io exception
2021-01-11 13:55:55,097 [grpc-default-executor-4] INFO  leader.FollowerInfo (FollowerInfoImpl.java:lambda$new$0(46)) - omNode-2@group-523986131536->omNode-1: nextIndex: updateUnconditionally 504 -> 45
2021-01-11 13:55:55,098 [grpc-default-executor-8] WARN  server.GrpcLogAppender (LogUtils.java:warn(122)) - omNode-2@group-523986131536->omNode-1-AppendLogResponseHandler: Failed appendEntries: org.apache.ratis.thirdparty.io.grpc.StatusRuntimeException: UNAVAILABLE: io exception
2021-01-11 13:55:55,098 [grpc-default-executor-8] INFO  leader.FollowerInfo (FollowerInfoImpl.java:lambda$new$0(46)) - omNode-2@group-523986131536->omNode-1: nextIndex: updateUnconditionally 505 -> 45
2021-01-11 13:55:55,100 [grpc-default-executor-4] WARN  server.GrpcLogAppender (LogUtils.java:warn(122)) - omNode-2@group-523986131536->omNode-1-AppendLogResponseHandler: Failed appendEntries: org.apache.ratis.thirdparty.io.grpc.StatusRuntimeException: UNAVAILABLE: io exception
2021-01-11 13:55:55,101 [grpc-default-executor-4] INFO  leader.FollowerInfo (FollowerInfoImpl.java:lambda$new$0(46)) - omNode-2@group-523986131536->omNode-1: nextIndex: updateUnconditionally 506 -> 45
2021-01-11 13:55:55,101 [grpc-default-executor-4] WARN  server.GrpcLogAppender (LogUtils.java:warn(122)) - omNode-2@group-523986131536->omNode-1-AppendLogResponseHandler: Failed appendEntries: org.apache.ratis.thirdparty.io.grpc.StatusRuntimeException: UNAVAILABLE: io exception
2021-01-11 13:55:55,102 [grpc-default-executor-4] INFO  leader.FollowerInfo (FollowerInfoImpl.java:lambda$new$0(46)) - omNode-2@group-523986131536->omNode-1: nextIndex: updateUnconditionally 506 -> 45
2021-01-11 13:55:55,104 [grpc-default-executor-4] WARN  server.GrpcLogAppender (LogUtils.java:warn(122)) - omNode-2@group-523986131536->omNode-1-AppendLogResponseHandler: Failed appendEntries: org.apache.ratis.thirdparty.io.grpc.StatusRuntimeException: UNAVAILABLE: io exception
2021-01-11 13:55:55,104 [grpc-default-executor-4] INFO  leader.FollowerInfo (FollowerInfoImpl.java:lambda$new$0(46)) - omNode-2@group-523986131536->omNode-1: nextIndex: updateUnconditionally 507 -> 45
2021-01-11 13:55:55,106 [grpc-default-executor-4] WARN  server.GrpcLogAppender (LogUtils.java:warn(122)) - omNode-2@group-523986131536->omNode-1-AppendLogResponseHandler: Failed appendEntries: org.apache.ratis.thirdparty.io.grpc.StatusRuntimeException: UNAVAILABLE: io exception
2021-01-11 13:55:55,106 [grpc-default-executor-4] INFO  leader.FollowerInfo (FollowerInfoImpl.java:lambda$new$0(46)) - omNode-2@group-523986131536->omNode-1: nextIndex: updateUnconditionally 507 -> 45
2021-01-11 13:55:55,107 [grpc-default-executor-8] WARN  server.GrpcLogAppender (LogUtils.java:warn(122)) - omNode-2@group-523986131536->omNode-1-AppendLogResponseHandler: Failed appendEntries: org.apache.ratis.thirdparty.io.grpc.StatusRuntimeException: UNAVAILABLE: io exception
2021-01-11 13:55:55,107 [grpc-default-executor-8] INFO  leader.FollowerInfo (FollowerInfoImpl.java:lambda$new$0(46)) - omNode-2@group-523986131536->omNode-1: nextIndex: updateUnconditionally 507 -> 45
2021-01-11 13:55:55,110 [grpc-default-executor-8] WARN  server.GrpcLogAppender (LogUtils.java:warn(122)) - omNode-2@group-523986131536->omNode-1-AppendLogResponseHandler: Failed appendEntries: org.apache.ratis.thirdparty.io.grpc.StatusRuntimeException: UNAVAILABLE: io exception
2021-01-11 13:55:55,110 [grpc-default-executor-8] INFO  leader.FollowerInfo (FollowerInfoImpl.java:lambda$new$0(46)) - omNode-2@group-523986131536->omNode-1: nextIndex: updateUnconditionally 508 -> 45
2021-01-11 13:55:55,113 [grpc-default-executor-8] WARN  server.GrpcLogAppender (LogUtils.java:warn(122)) - omNode-2@group-523986131536->omNode-1-AppendLogResponseHandler: Failed appendEntries: org.apache.ratis.thirdparty.io.grpc.StatusRuntimeException: UNAVAILABLE: io exception
2021-01-11 13:55:55,113 [grpc-default-executor-8] INFO  leader.FollowerInfo (FollowerInfoImpl.java:lambda$new$0(46)) - omNode-2@group-523986131536->omNode-1: nextIndex: updateUnconditionally 508 -> 45
2021-01-11 13:55:55,114 [grpc-default-executor-8] WARN  server.GrpcLogAppender (LogUtils.java:warn(122)) - omNode-2@group-523986131536->omNode-1-AppendLogResponseHandler: Failed appendEntries: org.apache.ratis.thirdparty.io.grpc.StatusRuntimeException: UNAVAILABLE: io exception
2021-01-11 13:55:55,114 [grpc-default-executor-8] INFO  leader.FollowerInfo (FollowerInfoImpl.java:lambda$new$0(46)) - omNode-2@group-523986131536->omNode-1: nextIndex: updateUnconditionally 509 -> 45
2021-01-11 13:55:55,115 [grpc-default-executor-8] WARN  server.GrpcLogAppender (LogUtils.java:warn(122)) - omNode-2@group-523986131536->omNode-1-AppendLogResponseHandler: Failed appendEntries: org.apache.ratis.thirdparty.io.grpc.StatusRuntimeException: UNAVAILABLE: io exception
2021-01-11 13:55:55,116 [grpc-default-executor-8] INFO  leader.FollowerInfo (FollowerInfoImpl.java:lambda$new$0(46)) - omNode-2@group-523986131536->omNode-1: nextIndex: updateUnconditionally 510 -> 45
2021-01-11 13:55:55,117 [grpc-default-executor-4] WARN  server.GrpcLogAppender (LogUtils.java:warn(122)) - omNode-2@group-523986131536->omNode-1-AppendLogResponseHandler: Failed appendEntries: org.apache.ratis.thirdparty.io.grpc.StatusRuntimeException: UNAVAILABLE: io exception
2021-01-11 13:55:55,117 [grpc-default-executor-4] INFO  leader.FollowerInfo (FollowerInfoImpl.java:lambda$new$0(46)) - omNode-2@group-523986131536->omNode-1: nextIndex: updateUnconditionally 510 -> 45
2021-01-11 13:55:55,119 [grpc-default-executor-4] WARN  server.GrpcLogAppender (LogUtils.java:warn(122)) - omNode-2@group-523986131536->omNode-1-AppendLogResponseHandler: Failed appendEntries: org.apache.ratis.thirdparty.io.grpc.StatusRuntimeException: UNAVAILABLE: io exception
2021-01-11 13:55:55,119 [grpc-default-executor-4] INFO  leader.FollowerInfo (FollowerInfoImpl.java:lambda$new$0(46)) - omNode-2@group-523986131536->omNode-1: nextIndex: updateUnconditionally 511 -> 45
2021-01-11 13:55:55,124 [grpc-default-executor-4] WARN  server.GrpcLogAppender (LogUtils.java:warn(122)) - omNode-2@group-523986131536->omNode-1-AppendLogResponseHandler: Failed appendEntries: org.apache.ratis.thirdparty.io.grpc.StatusRuntimeException: UNAVAILABLE: io exception
2021-01-11 13:55:55,124 [grpc-default-executor-4] INFO  leader.FollowerInfo (FollowerInfoImpl.java:lambda$new$0(46)) - omNode-2@group-523986131536->omNode-1: nextIndex: updateUnconditionally 511 -> 45
2021-01-11 13:55:55,126 [grpc-default-executor-4] WARN  server.GrpcLogAppender (LogUtils.java:warn(122)) - omNode-2@group-523986131536->omNode-1-AppendLogResponseHandler: Failed appendEntries: org.apache.ratis.thirdparty.io.grpc.StatusRuntimeException: UNAVAILABLE: io exception
2021-01-11 13:55:55,126 [grpc-default-executor-4] INFO  leader.FollowerInfo (FollowerInfoImpl.java:lambda$new$0(46)) - omNode-2@group-523986131536->omNode-1: nextIndex: updateUnconditionally 511 -> 45
2021-01-11 13:55:55,133 [grpc-default-executor-8] WARN  server.GrpcLogAppender (LogUtils.java:warn(122)) - omNode-2@group-523986131536->omNode-1-AppendLogResponseHandler: Failed appendEntries: org.apache.ratis.thirdparty.io.grpc.StatusRuntimeException: UNAVAILABLE: io exception
2021-01-11 13:55:55,133 [grpc-default-executor-8] INFO  leader.FollowerInfo (FollowerInfoImpl.java:lambda$new$0(46)) - omNode-2@group-523986131536->omNode-1: nextIndex: updateUnconditionally 512 -> 45
2021-01-11 13:55:55,136 [grpc-default-executor-8] WARN  server.GrpcLogAppender (LogUtils.java:warn(122)) - omNode-2@group-523986131536->omNode-1-AppendLogResponseHandler: Failed appendEntries: org.apache.ratis.thirdparty.io.grpc.StatusRuntimeException: UNAVAILABLE: io exception
2021-01-11 13:55:55,136 [grpc-default-executor-8] INFO  leader.FollowerInfo (FollowerInfoImpl.java:lambda$new$0(46)) - omNode-2@group-523986131536->omNode-1: nextIndex: updateUnconditionally 512 -> 45
2021-01-11 13:55:55,137 [grpc-default-executor-4] WARN  server.GrpcLogAppender (LogUtils.java:warn(122)) - omNode-2@group-523986131536->omNode-1-AppendLogResponseHandler: Failed appendEntries: org.apache.ratis.thirdparty.io.grpc.StatusRuntimeException: UNAVAILABLE: io exception
2021-01-11 13:55:55,138 [grpc-default-executor-4] INFO  leader.FollowerInfo (FollowerInfoImpl.java:lambda$new$0(46)) - omNode-2@group-523986131536->omNode-1: nextIndex: updateUnconditionally 513 -> 45
2021-01-11 13:55:55,139 [grpc-default-executor-8] WARN  server.GrpcLogAppender (LogUtils.java:warn(122)) - omNode-2@group-523986131536->omNode-1-AppendLogResponseHandler: Failed appendEntries: org.apache.ratis.thirdparty.io.grpc.StatusRuntimeException: UNAVAILABLE: io exception
2021-01-11 13:55:55,139 [grpc-default-executor-8] INFO  leader.FollowerInfo (FollowerInfoImpl.java:lambda$new$0(46)) - omNode-2@group-523986131536->omNode-1: nextIndex: updateUnconditionally 514 -> 45
2021-01-11 13:55:55,143 [grpc-default-executor-8] WARN  server.GrpcLogAppender (LogUtils.java:warn(122)) - omNode-2@group-523986131536->omNode-1-AppendLogResponseHandler: Failed appendEntries: org.apache.ratis.thirdparty.io.grpc.StatusRuntimeException: UNAVAILABLE: io exception
2021-01-11 13:55:55,144 [grpc-default-executor-8] INFO  leader.FollowerInfo (FollowerInfoImpl.java:lambda$new$0(46)) - omNode-2@group-523986131536->omNode-1: nextIndex: updateUnconditionally 514 -> 45
2021-01-11 13:55:55,148 [grpc-default-executor-8] WARN  server.GrpcLogAppender (LogUtils.java:warn(122)) - omNode-2@group-523986131536->omNode-1-AppendLogResponseHandler: Failed appendEntries: org.apache.ratis.thirdparty.io.grpc.StatusRuntimeException: UNAVAILABLE: io exception
2021-01-11 13:55:55,148 [grpc-default-executor-8] INFO  leader.FollowerInfo (FollowerInfoImpl.java:lambda$new$0(46)) - omNode-2@group-523986131536->omNode-1: nextIndex: updateUnconditionally 515 -> 45
2021-01-11 13:55:55,152 [grpc-default-executor-8] WARN  server.GrpcLogAppender (LogUtils.java:warn(122)) - omNode-2@group-523986131536->omNode-1-AppendLogResponseHandler: Failed appendEntries: org.apache.ratis.thirdparty.io.grpc.StatusRuntimeException: UNAVAILABLE: io exception
2021-01-11 13:55:55,152 [grpc-default-executor-8] INFO  leader.FollowerInfo (FollowerInfoImpl.java:lambda$new$0(46)) - omNode-2@group-523986131536->omNode-1: nextIndex: updateUnconditionally 515 -> 45
2021-01-11 13:55:55,155 [grpc-default-executor-8] WARN  server.GrpcLogAppender (LogUtils.java:warn(122)) - omNode-2@group-523986131536->omNode-1-AppendLogResponseHandler: Failed appendEntries: org.apache.ratis.thirdparty.io.grpc.StatusRuntimeException: UNAVAILABLE: io exception
2021-01-11 13:55:55,155 [grpc-default-executor-8] INFO  leader.FollowerInfo (FollowerInfoImpl.java:lambda$new$0(46)) - omNode-2@group-523986131536->omNode-1: nextIndex: updateUnconditionally 516 -> 45
2021-01-11 13:55:55,160 [grpc-default-executor-4] WARN  server.GrpcLogAppender (LogUtils.java:warn(122)) - omNode-2@group-523986131536->omNode-1-AppendLogResponseHandler: Failed appendEntries: org.apache.ratis.thirdparty.io.grpc.StatusRuntimeException: UNAVAILABLE: io exception
2021-01-11 13:55:55,160 [grpc-default-executor-4] INFO  leader.FollowerInfo (FollowerInfoImpl.java:lambda$new$0(46)) - omNode-2@group-523986131536->omNode-1: nextIndex: updateUnconditionally 516 -> 45
2021-01-11 13:55:55,160 [grpc-default-executor-4] WARN  server.GrpcLogAppender (LogUtils.java:warn(122)) - omNode-2@group-523986131536->omNode-1-AppendLogResponseHandler: Failed appendEntries: org.apache.ratis.thirdparty.io.grpc.StatusRuntimeException: UNAVAILABLE: io exception
2021-01-11 13:55:55,160 [grpc-default-executor-4] INFO  leader.FollowerInfo (FollowerInfoImpl.java:lambda$new$0(46)) - omNode-2@group-523986131536->omNode-1: nextIndex: updateUnconditionally 517 -> 45
2021-01-11 13:55:55,163 [grpc-default-executor-4] WARN  server.GrpcLogAppender (LogUtils.java:warn(122)) - omNode-2@group-523986131536->omNode-1-AppendLogResponseHandler: Failed appendEntries: org.apache.ratis.thirdparty.io.grpc.StatusRuntimeException: UNAVAILABLE: io exception
2021-01-11 13:55:55,163 [grpc-default-executor-4] INFO  leader.FollowerInfo (FollowerInfoImpl.java:lambda$new$0(46)) - omNode-2@group-523986131536->omNode-1: nextIndex: updateUnconditionally 517 -> 45
2021-01-11 13:55:55,166 [grpc-default-executor-4] WARN  server.GrpcLogAppender (LogUtils.java:warn(122)) - omNode-2@group-523986131536->omNode-1-AppendLogResponseHandler: Failed appendEntries: org.apache.ratis.thirdparty.io.grpc.StatusRuntimeException: UNAVAILABLE: io exception
2021-01-11 13:55:55,167 [grpc-default-executor-4] INFO  leader.FollowerInfo (FollowerInfoImpl.java:lambda$new$0(46)) - omNode-2@group-523986131536->omNode-1: nextIndex: updateUnconditionally 518 -> 45
2021-01-11 13:55:55,168 [grpc-default-executor-8] WARN  server.GrpcLogAppender (LogUtils.java:warn(122)) - omNode-2@group-523986131536->omNode-1-AppendLogResponseHandler: Failed appendEntries: org.apache.ratis.thirdparty.io.grpc.StatusRuntimeException: UNAVAILABLE: io exception
2021-01-11 13:55:55,169 [grpc-default-executor-8] INFO  leader.FollowerInfo (FollowerInfoImpl.java:lambda$new$0(46)) - omNode-2@group-523986131536->omNode-1: nextIndex: updateUnconditionally 519 -> 45
2021-01-11 13:55:55,172 [grpc-default-executor-11] WARN  server.GrpcLogAppender (LogUtils.java:warn(122)) - omNode-2@group-523986131536->omNode-1-AppendLogResponseHandler: Failed appendEntries: org.apache.ratis.thirdparty.io.grpc.StatusRuntimeException: UNAVAILABLE: io exception
2021-01-11 13:55:55,172 [grpc-default-executor-11] INFO  leader.FollowerInfo (FollowerInfoImpl.java:lambda$new$0(46)) - omNode-2@group-523986131536->omNode-1: nextIndex: updateUnconditionally 520 -> 45
2021-01-11 13:55:55,173 [grpc-default-executor-11] WARN  server.GrpcLogAppender (LogUtils.java:warn(122)) - omNode-2@group-523986131536->omNode-1-AppendLogResponseHandler: Failed appendEntries: org.apache.ratis.thirdparty.io.grpc.StatusRuntimeException: UNAVAILABLE: io exception
2021-01-11 13:55:55,173 [grpc-default-executor-11] INFO  leader.FollowerInfo (FollowerInfoImpl.java:lambda$new$0(46)) - omNode-2@group-523986131536->omNode-1: nextIndex: updateUnconditionally 520 -> 45
2021-01-11 13:55:55,177 [grpc-default-executor-11] WARN  server.GrpcLogAppender (LogUtils.java:warn(122)) - omNode-2@group-523986131536->omNode-1-AppendLogResponseHandler: Failed appendEntries: org.apache.ratis.thirdparty.io.grpc.StatusRuntimeException: UNAVAILABLE: io exception
2021-01-11 13:55:55,177 [grpc-default-executor-11] INFO  leader.FollowerInfo (FollowerInfoImpl.java:lambda$new$0(46)) - omNode-2@group-523986131536->omNode-1: nextIndex: updateUnconditionally 522 -> 45
2021-01-11 13:55:55,179 [grpc-default-executor-11] WARN  server.GrpcLogAppender (LogUtils.java:warn(122)) - omNode-2@group-523986131536->omNode-1-AppendLogResponseHandler: Failed appendEntries: org.apache.ratis.thirdparty.io.grpc.StatusRuntimeException: UNAVAILABLE: io exception
2021-01-11 13:55:55,179 [grpc-default-executor-11] INFO  leader.FollowerInfo (FollowerInfoImpl.java:lambda$new$0(46)) - omNode-2@group-523986131536->omNode-1: nextIndex: updateUnconditionally 522 -> 45
2021-01-11 13:55:55,180 [grpc-default-executor-8] WARN  server.GrpcLogAppender (LogUtils.java:warn(122)) - omNode-2@group-523986131536->omNode-1-AppendLogResponseHandler: Failed appendEntries: org.apache.ratis.thirdparty.io.grpc.StatusRuntimeException: UNAVAILABLE: io exception
2021-01-11 13:55:55,180 [grpc-default-executor-8] INFO  leader.FollowerInfo (FollowerInfoImpl.java:lambda$new$0(46)) - omNode-2@group-523986131536->omNode-1: nextIndex: updateUnconditionally 523 -> 45
2021-01-11 13:55:55,181 [grpc-default-executor-8] WARN  server.GrpcLogAppender (LogUtils.java:warn(122)) - omNode-2@group-523986131536->omNode-1-AppendLogResponseHandler: Failed appendEntries: org.apache.ratis.thirdparty.io.grpc.StatusRuntimeException: UNAVAILABLE: io exception
2021-01-11 13:55:55,182 [grpc-default-executor-8] INFO  leader.FollowerInfo (FollowerInfoImpl.java:lambda$new$0(46)) - omNode-2@group-523986131536->omNode-1: nextIndex: updateUnconditionally 523 -> 45
2021-01-11 13:55:55,184 [grpc-default-executor-11] WARN  server.GrpcLogAppender (LogUtils.java:warn(122)) - omNode-2@group-523986131536->omNode-1-AppendLogResponseHandler: Failed appendEntries: org.apache.ratis.thirdparty.io.grpc.StatusRuntimeException: UNAVAILABLE: io exception
2021-01-11 13:55:55,184 [grpc-default-executor-11] INFO  leader.FollowerInfo (FollowerInfoImpl.java:lambda$new$0(46)) - omNode-2@group-523986131536->omNode-1: nextIndex: updateUnconditionally 523 -> 45
2021-01-11 13:55:55,189 [grpc-default-executor-8] WARN  server.GrpcLogAppender (LogUtils.java:warn(122)) - omNode-2@group-523986131536->omNode-1-AppendLogResponseHandler: Failed appendEntries: org.apache.ratis.thirdparty.io.grpc.StatusRuntimeException: UNAVAILABLE: io exception
2021-01-11 13:55:55,190 [grpc-default-executor-8] INFO  leader.FollowerInfo (FollowerInfoImpl.java:lambda$new$0(46)) - omNode-2@group-523986131536->omNode-1: nextIndex: updateUnconditionally 524 -> 45
2021-01-11 13:55:55,193 [grpc-default-executor-8] WARN  server.GrpcLogAppender (LogUtils.java:warn(122)) - omNode-2@group-523986131536->omNode-1-AppendLogResponseHandler: Failed appendEntries: org.apache.ratis.thirdparty.io.grpc.StatusRuntimeException: UNAVAILABLE: io exception
2021-01-11 13:55:55,193 [grpc-default-executor-8] INFO  leader.FollowerInfo (FollowerInfoImpl.java:lambda$new$0(46)) - omNode-2@group-523986131536->omNode-1: nextIndex: updateUnconditionally 524 -> 45
2021-01-11 13:55:55,194 [grpc-default-executor-8] WARN  server.GrpcLogAppender (LogUtils.java:warn(122)) - omNode-2@group-523986131536->omNode-1-AppendLogResponseHandler: Failed appendEntries: org.apache.ratis.thirdparty.io.grpc.StatusRuntimeException: UNAVAILABLE: io exception
2021-01-11 13:55:55,194 [grpc-default-executor-8] INFO  leader.FollowerInfo (FollowerInfoImpl.java:lambda$new$0(46)) - omNode-2@group-523986131536->omNode-1: nextIndex: updateUnconditionally 525 -> 45
2021-01-11 13:55:55,196 [grpc-default-executor-8] WARN  server.GrpcLogAppender (LogUtils.java:warn(122)) - omNode-2@group-523986131536->omNode-1-AppendLogResponseHandler: Failed appendEntries: org.apache.ratis.thirdparty.io.grpc.StatusRuntimeException: UNAVAILABLE: io exception
2021-01-11 13:55:55,197 [grpc-default-executor-8] INFO  leader.FollowerInfo (FollowerInfoImpl.java:lambda$new$0(46)) - omNode-2@group-523986131536->omNode-1: nextIndex: updateUnconditionally 526 -> 45
2021-01-11 13:55:55,198 [grpc-default-executor-8] WARN  server.GrpcLogAppender (LogUtils.java:warn(122)) - omNode-2@group-523986131536->omNode-1-AppendLogResponseHandler: Failed appendEntries: org.apache.ratis.thirdparty.io.grpc.StatusRuntimeException: UNAVAILABLE: io exception
2021-01-11 13:55:55,198 [grpc-default-executor-8] INFO  leader.FollowerInfo (FollowerInfoImpl.java:lambda$new$0(46)) - omNode-2@group-523986131536->omNode-1: nextIndex: updateUnconditionally 526 -> 45
2021-01-11 13:55:55,200 [grpc-default-executor-8] WARN  server.GrpcLogAppender (LogUtils.java:warn(122)) - omNode-2@group-523986131536->omNode-1-AppendLogResponseHandler: Failed appendEntries: org.apache.ratis.thirdparty.io.grpc.StatusRuntimeException: UNAVAILABLE: io exception
2021-01-11 13:55:55,200 [grpc-default-executor-8] INFO  leader.FollowerInfo (FollowerInfoImpl.java:lambda$new$0(46)) - omNode-2@group-523986131536->omNode-1: nextIndex: updateUnconditionally 527 -> 45
2021-01-11 13:55:55,207 [grpc-default-executor-8] WARN  server.GrpcLogAppender (LogUtils.java:warn(122)) - omNode-2@group-523986131536->omNode-1-AppendLogResponseHandler: Failed appendEntries: org.apache.ratis.thirdparty.io.grpc.StatusRuntimeException: UNAVAILABLE: io exception
2021-01-11 13:55:55,207 [grpc-default-executor-8] INFO  leader.FollowerInfo (FollowerInfoImpl.java:lambda$new$0(46)) - omNode-2@group-523986131536->omNode-1: nextIndex: updateUnconditionally 528 -> 45
2021-01-11 13:55:55,209 [grpc-default-executor-8] WARN  server.GrpcLogAppender (LogUtils.java:warn(122)) - omNode-2@group-523986131536->omNode-1-AppendLogResponseHandler: Failed appendEntries: org.apache.ratis.thirdparty.io.grpc.StatusRuntimeException: UNAVAILABLE: io exception
2021-01-11 13:55:55,209 [grpc-default-executor-8] INFO  leader.FollowerInfo (FollowerInfoImpl.java:lambda$new$0(46)) - omNode-2@group-523986131536->omNode-1: nextIndex: updateUnconditionally 528 -> 45
2021-01-11 13:55:55,213 [grpc-default-executor-8] WARN  server.GrpcLogAppender (LogUtils.java:warn(122)) - omNode-2@group-523986131536->omNode-1-AppendLogResponseHandler: Failed appendEntries: org.apache.ratis.thirdparty.io.grpc.StatusRuntimeException: UNAVAILABLE: io exception
2021-01-11 13:55:55,213 [grpc-default-executor-8] INFO  leader.FollowerInfo (FollowerInfoImpl.java:lambda$new$0(46)) - omNode-2@group-523986131536->omNode-1: nextIndex: updateUnconditionally 529 -> 45
2021-01-11 13:55:55,215 [grpc-default-executor-8] WARN  server.GrpcLogAppender (LogUtils.java:warn(122)) - omNode-2@group-523986131536->omNode-1-AppendLogResponseHandler: Failed appendEntries: org.apache.ratis.thirdparty.io.grpc.StatusRuntimeException: UNAVAILABLE: io exception
2021-01-11 13:55:55,215 [grpc-default-executor-8] INFO  leader.FollowerInfo (FollowerInfoImpl.java:lambda$new$0(46)) - omNode-2@group-523986131536->omNode-1: nextIndex: updateUnconditionally 530 -> 45
2021-01-11 13:55:55,220 [grpc-default-executor-8] WARN  server.GrpcLogAppender (LogUtils.java:warn(122)) - omNode-2@group-523986131536->omNode-1-AppendLogResponseHandler: Failed appendEntries: org.apache.ratis.thirdparty.io.grpc.StatusRuntimeException: UNAVAILABLE: io exception
2021-01-11 13:55:55,220 [grpc-default-executor-8] INFO  leader.FollowerInfo (FollowerInfoImpl.java:lambda$new$0(46)) - omNode-2@group-523986131536->omNode-1: nextIndex: updateUnconditionally 530 -> 45
2021-01-11 13:55:55,223 [grpc-default-executor-8] WARN  server.GrpcLogAppender (LogUtils.java:warn(122)) - omNode-2@group-523986131536->omNode-1-AppendLogResponseHandler: Failed appendEntries: org.apache.ratis.thirdparty.io.grpc.StatusRuntimeException: UNAVAILABLE: io exception
2021-01-11 13:55:55,223 [grpc-default-executor-8] INFO  leader.FollowerInfo (FollowerInfoImpl.java:lambda$new$0(46)) - omNode-2@group-523986131536->omNode-1: nextIndex: updateUnconditionally 531 -> 45
2021-01-11 13:55:55,226 [grpc-default-executor-8] WARN  server.GrpcLogAppender (LogUtils.java:warn(122)) - omNode-2@group-523986131536->omNode-1-AppendLogResponseHandler: Failed appendEntries: org.apache.ratis.thirdparty.io.grpc.StatusRuntimeException: UNAVAILABLE: io exception
2021-01-11 13:55:55,226 [grpc-default-executor-8] INFO  leader.FollowerInfo (FollowerInfoImpl.java:lambda$new$0(46)) - omNode-2@group-523986131536->omNode-1: nextIndex: updateUnconditionally 531 -> 45
2021-01-11 13:55:55,227 [grpc-default-executor-8] WARN  server.GrpcLogAppender (LogUtils.java:warn(122)) - omNode-2@group-523986131536->omNode-1-AppendLogResponseHandler: Failed appendEntries: org.apache.ratis.thirdparty.io.grpc.StatusRuntimeException: UNAVAILABLE: io exception
2021-01-11 13:55:55,227 [grpc-default-executor-8] INFO  leader.FollowerInfo (FollowerInfoImpl.java:lambda$new$0(46)) - omNode-2@group-523986131536->omNode-1: nextIndex: updateUnconditionally 531 -> 45
2021-01-11 13:55:55,231 [grpc-default-executor-11] WARN  server.GrpcLogAppender (LogUtils.java:warn(122)) - omNode-2@group-523986131536->omNode-1-AppendLogResponseHandler: Failed appendEntries: org.apache.ratis.thirdparty.io.grpc.StatusRuntimeException: UNAVAILABLE: io exception
2021-01-11 13:55:55,231 [grpc-default-executor-11] INFO  leader.FollowerInfo (FollowerInfoImpl.java:lambda$new$0(46)) - omNode-2@group-523986131536->omNode-1: nextIndex: updateUnconditionally 532 -> 45
2021-01-11 13:55:55,236 [grpc-default-executor-11] WARN  server.GrpcLogAppender (LogUtils.java:warn(122)) - omNode-2@group-523986131536->omNode-1-AppendLogResponseHandler: Failed appendEntries: org.apache.ratis.thirdparty.io.grpc.StatusRuntimeException: UNAVAILABLE: io exception
2021-01-11 13:55:55,236 [grpc-default-executor-11] INFO  leader.FollowerInfo (FollowerInfoImpl.java:lambda$new$0(46)) - omNode-2@group-523986131536->omNode-1: nextIndex: updateUnconditionally 532 -> 45
2021-01-11 13:55:55,237 [grpc-default-executor-11] WARN  server.GrpcLogAppender (LogUtils.java:warn(122)) - omNode-2@group-523986131536->omNode-1-AppendLogResponseHandler: Failed appendEntries: org.apache.ratis.thirdparty.io.grpc.StatusRuntimeException: UNAVAILABLE: io exception
2021-01-11 13:55:55,237 [grpc-default-executor-11] INFO  leader.FollowerInfo (FollowerInfoImpl.java:lambda$new$0(46)) - omNode-2@group-523986131536->omNode-1: nextIndex: updateUnconditionally 533 -> 45
2021-01-11 13:55:55,240 [grpc-default-executor-11] WARN  server.GrpcLogAppender (LogUtils.java:warn(122)) - omNode-2@group-523986131536->omNode-1-AppendLogResponseHandler: Failed appendEntries: org.apache.ratis.thirdparty.io.grpc.StatusRuntimeException: UNAVAILABLE: io exception
2021-01-11 13:55:55,240 [grpc-default-executor-11] INFO  leader.FollowerInfo (FollowerInfoImpl.java:lambda$new$0(46)) - omNode-2@group-523986131536->omNode-1: nextIndex: updateUnconditionally 534 -> 45
2021-01-11 13:55:55,241 [grpc-default-executor-11] WARN  server.GrpcLogAppender (LogUtils.java:warn(122)) - omNode-2@group-523986131536->omNode-1-AppendLogResponseHandler: Failed appendEntries: org.apache.ratis.thirdparty.io.grpc.StatusRuntimeException: UNAVAILABLE: io exception
2021-01-11 13:55:55,241 [grpc-default-executor-11] INFO  leader.FollowerInfo (FollowerInfoImpl.java:lambda$new$0(46)) - omNode-2@group-523986131536->omNode-1: nextIndex: updateUnconditionally 534 -> 45
2021-01-11 13:55:55,245 [grpc-default-executor-11] WARN  server.GrpcLogAppender (LogUtils.java:warn(122)) - omNode-2@group-523986131536->omNode-1-AppendLogResponseHandler: Failed appendEntries: org.apache.ratis.thirdparty.io.grpc.StatusRuntimeException: UNAVAILABLE: io exception
2021-01-11 13:55:55,245 [grpc-default-executor-11] INFO  leader.FollowerInfo (FollowerInfoImpl.java:lambda$new$0(46)) - omNode-2@group-523986131536->omNode-1: nextIndex: updateUnconditionally 535 -> 45
2021-01-11 13:55:55,247 [grpc-default-executor-11] WARN  server.GrpcLogAppender (LogUtils.java:warn(122)) - omNode-2@group-523986131536->omNode-1-AppendLogResponseHandler: Failed appendEntries: org.apache.ratis.thirdparty.io.grpc.StatusRuntimeException: UNAVAILABLE: io exception
2021-01-11 13:55:55,247 [grpc-default-executor-11] INFO  leader.FollowerInfo (FollowerInfoImpl.java:lambda$new$0(46)) - omNode-2@group-523986131536->omNode-1: nextIndex: updateUnconditionally 535 -> 45
2021-01-11 13:55:55,248 [grpc-default-executor-11] WARN  server.GrpcLogAppender (LogUtils.java:warn(122)) - omNode-2@group-523986131536->omNode-1-AppendLogResponseHandler: Failed appendEntries: org.apache.ratis.thirdparty.io.grpc.StatusRuntimeException: UNAVAILABLE: io exception
2021-01-11 13:55:55,248 [grpc-default-executor-11] INFO  leader.FollowerInfo (FollowerInfoImpl.java:lambda$new$0(46)) - omNode-2@group-523986131536->omNode-1: nextIndex: updateUnconditionally 535 -> 45
2021-01-11 13:55:55,254 [grpc-default-executor-11] WARN  server.GrpcLogAppender (LogUtils.java:warn(122)) - omNode-2@group-523986131536->omNode-1-AppendLogResponseHandler: Failed appendEntries: org.apache.ratis.thirdparty.io.grpc.StatusRuntimeException: UNAVAILABLE: io exception
2021-01-11 13:55:55,254 [grpc-default-executor-11] INFO  leader.FollowerInfo (FollowerInfoImpl.java:lambda$new$0(46)) - omNode-2@group-523986131536->omNode-1: nextIndex: updateUnconditionally 536 -> 45
2021-01-11 13:55:55,257 [grpc-default-executor-11] WARN  server.GrpcLogAppender (LogUtils.java:warn(122)) - omNode-2@group-523986131536->omNode-1-AppendLogResponseHandler: Failed appendEntries: org.apache.ratis.thirdparty.io.grpc.StatusRuntimeException: UNAVAILABLE: io exception
2021-01-11 13:55:55,257 [grpc-default-executor-11] INFO  leader.FollowerInfo (FollowerInfoImpl.java:lambda$new$0(46)) - omNode-2@group-523986131536->omNode-1: nextIndex: updateUnconditionally 536 -> 45
2021-01-11 13:55:55,259 [grpc-default-executor-11] WARN  server.GrpcLogAppender (LogUtils.java:warn(122)) - omNode-2@group-523986131536->omNode-1-AppendLogResponseHandler: Failed appendEntries: org.apache.ratis.thirdparty.io.grpc.StatusRuntimeException: UNAVAILABLE: io exception
2021-01-11 13:55:55,259 [grpc-default-executor-11] INFO  leader.FollowerInfo (FollowerInfoImpl.java:lambda$new$0(46)) - omNode-2@group-523986131536->omNode-1: nextIndex: updateUnconditionally 538 -> 45
2021-01-11 13:55:55,263 [grpc-default-executor-11] WARN  server.GrpcLogAppender (LogUtils.java:warn(122)) - omNode-2@group-523986131536->omNode-1-AppendLogResponseHandler: Failed appendEntries: org.apache.ratis.thirdparty.io.grpc.StatusRuntimeException: UNAVAILABLE: io exception
2021-01-11 13:55:55,263 [grpc-default-executor-11] INFO  leader.FollowerInfo (FollowerInfoImpl.java:lambda$new$0(46)) - omNode-2@group-523986131536->omNode-1: nextIndex: updateUnconditionally 538 -> 45
2021-01-11 13:55:55,265 [grpc-default-executor-11] WARN  server.GrpcLogAppender (LogUtils.java:warn(122)) - omNode-2@group-523986131536->omNode-1-AppendLogResponseHandler: Failed appendEntries: org.apache.ratis.thirdparty.io.grpc.StatusRuntimeException: UNAVAILABLE: io exception
2021-01-11 13:55:55,265 [grpc-default-executor-11] INFO  leader.FollowerInfo (FollowerInfoImpl.java:lambda$new$0(46)) - omNode-2@group-523986131536->omNode-1: nextIndex: updateUnconditionally 539 -> 45
2021-01-11 13:55:55,268 [grpc-default-executor-8] WARN  server.GrpcLogAppender (LogUtils.java:warn(122)) - omNode-2@group-523986131536->omNode-1-AppendLogResponseHandler: Failed appendEntries: org.apache.ratis.thirdparty.io.grpc.StatusRuntimeException: UNAVAILABLE: io exception
2021-01-11 13:55:55,268 [grpc-default-executor-8] INFO  leader.FollowerInfo (FollowerInfoImpl.java:lambda$new$0(46)) - omNode-2@group-523986131536->omNode-1: nextIndex: updateUnconditionally 539 -> 45
2021-01-11 13:55:55,269 [grpc-default-executor-8] WARN  server.GrpcLogAppender (LogUtils.java:warn(122)) - omNode-2@group-523986131536->omNode-1-AppendLogResponseHandler: Failed appendEntries: org.apache.ratis.thirdparty.io.grpc.StatusRuntimeException: UNAVAILABLE: io exception
2021-01-11 13:55:55,269 [grpc-default-executor-8] INFO  leader.FollowerInfo (FollowerInfoImpl.java:lambda$new$0(46)) - omNode-2@group-523986131536->omNode-1: nextIndex: updateUnconditionally 539 -> 45
2021-01-11 13:55:55,270 [grpc-default-executor-11] WARN  server.GrpcLogAppender (LogUtils.java:warn(122)) - omNode-2@group-523986131536->omNode-1-AppendLogResponseHandler: Failed appendEntries: org.apache.ratis.thirdparty.io.grpc.StatusRuntimeException: UNAVAILABLE: io exception
2021-01-11 13:55:55,270 [grpc-default-executor-11] INFO  leader.FollowerInfo (FollowerInfoImpl.java:lambda$new$0(46)) - omNode-2@group-523986131536->omNode-1: nextIndex: updateUnconditionally 540 -> 45
2021-01-11 13:55:55,272 [grpc-default-executor-11] WARN  server.GrpcLogAppender (LogUtils.java:warn(122)) - omNode-2@group-523986131536->omNode-1-AppendLogResponseHandler: Failed appendEntries: org.apache.ratis.thirdparty.io.grpc.StatusRuntimeException: UNAVAILABLE: io exception
2021-01-11 13:55:55,272 [grpc-default-executor-11] INFO  leader.FollowerInfo (FollowerInfoImpl.java:lambda$new$0(46)) - omNode-2@group-523986131536->omNode-1: nextIndex: updateUnconditionally 540 -> 45
2021-01-11 13:55:55,273 [grpc-default-executor-11] WARN  server.GrpcLogAppender (LogUtils.java:warn(122)) - omNode-2@group-523986131536->omNode-1-AppendLogResponseHandler: Failed appendEntries: org.apache.ratis.thirdparty.io.grpc.StatusRuntimeException: UNAVAILABLE: io exception
2021-01-11 13:55:55,273 [grpc-default-executor-11] INFO  leader.FollowerInfo (FollowerInfoImpl.java:lambda$new$0(46)) - omNode-2@group-523986131536->omNode-1: nextIndex: updateUnconditionally 541 -> 45
2021-01-11 13:55:55,275 [grpc-default-executor-11] WARN  server.GrpcLogAppender (LogUtils.java:warn(122)) - omNode-2@group-523986131536->omNode-1-AppendLogResponseHandler: Failed appendEntries: org.apache.ratis.thirdparty.io.grpc.StatusRuntimeException: UNAVAILABLE: io exception
2021-01-11 13:55:55,275 [grpc-default-executor-11] INFO  leader.FollowerInfo (FollowerInfoImpl.java:lambda$new$0(46)) - omNode-2@group-523986131536->omNode-1: nextIndex: updateUnconditionally 542 -> 45
2021-01-11 13:55:55,277 [grpc-default-executor-11] WARN  server.GrpcLogAppender (LogUtils.java:warn(122)) - omNode-2@group-523986131536->omNode-1-AppendLogResponseHandler: Failed appendEntries: org.apache.ratis.thirdparty.io.grpc.StatusRuntimeException: UNAVAILABLE: io exception
2021-01-11 13:55:55,277 [grpc-default-executor-11] INFO  leader.FollowerInfo (FollowerInfoImpl.java:lambda$new$0(46)) - omNode-2@group-523986131536->omNode-1: nextIndex: updateUnconditionally 542 -> 45
2021-01-11 13:55:55,278 [grpc-default-executor-11] WARN  server.GrpcLogAppender (LogUtils.java:warn(122)) - omNode-2@group-523986131536->omNode-1-AppendLogResponseHandler: Failed appendEntries: org.apache.ratis.thirdparty.io.grpc.StatusRuntimeException: UNAVAILABLE: io exception
2021-01-11 13:55:55,278 [grpc-default-executor-11] INFO  leader.FollowerInfo (FollowerInfoImpl.java:lambda$new$0(46)) - omNode-2@group-523986131536->omNode-1: nextIndex: updateUnconditionally 543 -> 45
2021-01-11 13:55:55,284 [grpc-default-executor-11] WARN  server.GrpcLogAppender (LogUtils.java:warn(122)) - omNode-2@group-523986131536->omNode-1-AppendLogResponseHandler: Failed appendEntries: org.apache.ratis.thirdparty.io.grpc.StatusRuntimeException: UNAVAILABLE: io exception
2021-01-11 13:55:55,284 [grpc-default-executor-11] INFO  leader.FollowerInfo (FollowerInfoImpl.java:lambda$new$0(46)) - omNode-2@group-523986131536->omNode-1: nextIndex: updateUnconditionally 543 -> 45
2021-01-11 13:55:55,284 [grpc-default-executor-11] WARN  server.GrpcLogAppender (LogUtils.java:warn(122)) - omNode-2@group-523986131536->omNode-1-AppendLogResponseHandler: Failed appendEntries: org.apache.ratis.thirdparty.io.grpc.StatusRuntimeException: UNAVAILABLE: io exception
2021-01-11 13:55:55,284 [grpc-default-executor-11] INFO  leader.FollowerInfo (FollowerInfoImpl.java:lambda$new$0(46)) - omNode-2@group-523986131536->omNode-1: nextIndex: updateUnconditionally 543 -> 45
2021-01-11 13:55:55,287 [grpc-default-executor-8] WARN  server.GrpcLogAppender (LogUtils.java:warn(122)) - omNode-2@group-523986131536->omNode-1-AppendLogResponseHandler: Failed appendEntries: org.apache.ratis.thirdparty.io.grpc.StatusRuntimeException: UNAVAILABLE: io exception
2021-01-11 13:55:55,287 [grpc-default-executor-8] INFO  leader.FollowerInfo (FollowerInfoImpl.java:lambda$new$0(46)) - omNode-2@group-523986131536->omNode-1: nextIndex: updateUnconditionally 544 -> 45
2021-01-11 13:55:55,292 [grpc-default-executor-11] WARN  server.GrpcLogAppender (LogUtils.java:warn(122)) - omNode-2@group-523986131536->omNode-1-AppendLogResponseHandler: Failed appendEntries: org.apache.ratis.thirdparty.io.grpc.StatusRuntimeException: UNAVAILABLE: io exception
2021-01-11 13:55:55,292 [grpc-default-executor-11] INFO  leader.FollowerInfo (FollowerInfoImpl.java:lambda$new$0(46)) - omNode-2@group-523986131536->omNode-1: nextIndex: updateUnconditionally 544 -> 45
2021-01-11 13:55:55,293 [grpc-default-executor-11] WARN  server.GrpcLogAppender (LogUtils.java:warn(122)) - omNode-2@group-523986131536->omNode-1-AppendLogResponseHandler: Failed appendEntries: org.apache.ratis.thirdparty.io.grpc.StatusRuntimeException: UNAVAILABLE: io exception
2021-01-11 13:55:55,293 [grpc-default-executor-11] INFO  leader.FollowerInfo (FollowerInfoImpl.java:lambda$new$0(46)) - omNode-2@group-523986131536->omNode-1: nextIndex: updateUnconditionally 545 -> 45
2021-01-11 13:55:55,294 [grpc-default-executor-8] WARN  server.GrpcLogAppender (LogUtils.java:warn(122)) - omNode-2@group-523986131536->omNode-1-AppendLogResponseHandler: Failed appendEntries: org.apache.ratis.thirdparty.io.grpc.StatusRuntimeException: UNAVAILABLE: io exception
2021-01-11 13:55:55,294 [grpc-default-executor-8] INFO  leader.FollowerInfo (FollowerInfoImpl.java:lambda$new$0(46)) - omNode-2@group-523986131536->omNode-1: nextIndex: updateUnconditionally 545 -> 45
2021-01-11 13:55:55,294 [Listener at 127.0.0.1/13844] INFO  om.OzoneManager (OzoneManager.java:restart(1218)) - OzoneManager RPC server is listening at localhost/127.0.0.1:13832
2021-01-11 13:55:55,294 [Listener at 127.0.0.1/13844] INFO  impl.MetricsSystemImpl (MetricsSystemImpl.java:init(158)) - OzoneManager metrics system started (again)
2021-01-11 13:55:55,299 [grpc-default-executor-11] WARN  server.GrpcLogAppender (LogUtils.java:warn(122)) - omNode-2@group-523986131536->omNode-1-AppendLogResponseHandler: Failed appendEntries: org.apache.ratis.thirdparty.io.grpc.StatusRuntimeException: UNAVAILABLE: io exception
2021-01-11 13:55:55,299 [grpc-default-executor-11] INFO  leader.FollowerInfo (FollowerInfoImpl.java:lambda$new$0(46)) - omNode-2@group-523986131536->omNode-1: nextIndex: updateUnconditionally 545 -> 45
2021-01-11 13:55:55,299 [Listener at 127.0.0.1/13844] WARN  server.ServerUtils (ServerUtils.java:getDBPath(225)) - ozone.om.db.dirs is not configured. We recommend adding this setting. Falling back to ozone.metadata.dirs instead.
2021-01-11 13:55:55,300 [Listener at 127.0.0.1/13844] INFO  codec.OmKeyInfoCodec (OmKeyInfoCodec.java:<init>(41)) - OmKeyInfoCodec ignorePipeline = true
2021-01-11 13:55:55,300 [Listener at 127.0.0.1/13844] INFO  codec.RepeatedOmKeyInfoCodec (RepeatedOmKeyInfoCodec.java:<init>(40)) - RepeatedOmKeyInfoCodec ignorePipeline = true
2021-01-11 13:55:55,346 [Listener at 127.0.0.1/13844] WARN  server.ServerUtils (ServerUtils.java:getDefaultRatisDirectory(237)) - Storage directory for Ratis is not configured. It is a good idea to map this to an SSD disk. Falling back to ozone.metadata.dirs
2021-01-11 13:55:55,347 [Listener at 127.0.0.1/13844] INFO  ratis.OzoneManagerRatisServer (OzoneManagerRatisServer.java:<init>(280)) - Instantiating OM Ratis server with GroupID: om-service-test1 and Raft Peers: localhost:13836, localhost:13842, localhost:13848
2021-01-11 13:55:55,347 [Listener at 127.0.0.1/13844] INFO  ratis.OzoneManagerStateMachine (OzoneManagerStateMachine.java:loadSnapshotInfoFromDB(518)) - LastAppliedIndex is set from TransactionInfo from OM DB as (t:1, i:43)
2021-01-11 13:55:55,348 [Listener at 127.0.0.1/13844] INFO  server.RaftServer (ConfUtils.java:logGet(44)) - raft.rpc.type = GRPC (default)
2021-01-11 13:55:55,349 [Listener at 127.0.0.1/13844] INFO  grpc.GrpcFactory (GrpcFactory.java:checkPooledByteBufAllocatorUseCacheForAllThreads(48)) - PERFORMANCE WARNING: useCacheForAllThreads is true that may cause Netty to create a lot garbage objects and, as a result, trigger GC.
	It is recommended to disable useCacheForAllThreads by setting -Dorg.apache.ratis.thirdparty.io.netty.allocator.useCacheForAllThreads=false in command line.
2021-01-11 13:55:55,349 [Listener at 127.0.0.1/13844] INFO  grpc.GrpcConfigKeys (ConfUtils.java:logGet(44)) - raft.grpc.server.port = 13836 (custom)
2021-01-11 13:55:55,349 [Listener at 127.0.0.1/13844] INFO  server.GrpcService (ConfUtils.java:logGet(44)) - raft.grpc.message.size.max = 33554432 (custom)
2021-01-11 13:55:55,349 [Listener at 127.0.0.1/13844] INFO  server.RaftServerConfigKeys (ConfUtils.java:logGet(44)) - raft.server.log.appender.buffer.byte-limit = 33554432 (custom)
2021-01-11 13:55:55,349 [Listener at 127.0.0.1/13844] INFO  server.GrpcService (ConfUtils.java:logGet(44)) - raft.grpc.flow.control.window = 1MB (=1048576) (default)
2021-01-11 13:55:55,349 [Listener at 127.0.0.1/13844] INFO  server.RaftServerConfigKeys (ConfUtils.java:logGet(44)) - raft.server.rpc.request.timeout = 3000ms (default)
2021-01-11 13:55:55,350 [Listener at 127.0.0.1/13844] INFO  impl.DataStreamServerImpl (ConfUtils.java:logGet(44)) - raft.datastream.type = DISABLED (default)
2021-01-11 13:55:55,350 [Listener at 127.0.0.1/13844] INFO  server.RaftServerConfigKeys (ConfUtils.java:logGet(44)) - raft.server.rpc.slowness.timeout = 2s (custom)
2021-01-11 13:55:55,350 [Listener at 127.0.0.1/13844] INFO  server.RaftServerConfigKeys (ConfUtils.java:logGet(44)) - raft.server.leaderelection.leader.step-down.wait-time = 10s (default)
2021-01-11 13:55:55,350 [Listener at 127.0.0.1/13844] INFO  server.RaftServerConfigKeys (ConfUtils.java:logGet(44)) - raft.server.storage.dir = [/github/workspace/mnt/ozone/hadoop-ozone/integration-test/target/test-dir/MiniOzoneClusterImpl-250075fd-7b22-4ad4-b8fe-1c364b7bd722/omNode-1/ratis] (custom)
2021-01-11 13:55:55,351 [Listener at 127.0.0.1/13844] INFO  server.RaftServer (RaftServerProxy.java:lambda$null$1(235)) - omNode-1: found a subdirectory /github/workspace/mnt/ozone/hadoop-ozone/integration-test/target/test-dir/MiniOzoneClusterImpl-250075fd-7b22-4ad4-b8fe-1c364b7bd722/omNode-1/ratis/c9bc4cf4-3bc3-3c60-a66b-523986131536
2021-01-11 13:55:55,352 [Listener at 127.0.0.1/13844] INFO  server.RaftServer (RaftServerProxy.java:addNew(95)) - omNode-1: addNew group-523986131536:[omNode-3|rpc:localhost:13848|priority:0, omNode-1|rpc:localhost:13836|priority:0, omNode-2|rpc:localhost:13842|priority:0] returns group-523986131536:java.util.concurrent.CompletableFuture@2444c494[Not completed]
2021-01-11 13:55:55,352 [Listener at 127.0.0.1/13844] INFO  om.OzoneManager (OzoneManager.java:initializeRatisServer(1332)) - OzoneManager Ratis server initialized at port 13836
2021-01-11 13:55:55,352 [Listener at 127.0.0.1/13844] INFO  ratis.OzoneManagerRatisServer (OzoneManagerRatisServer.java:start(377)) - Starting OzoneManagerRatisServer omNode-1 at port 13836
2021-01-11 13:55:55,352 [pool-1417-thread-1] INFO  server.RaftServer$Division (RaftServerImpl.java:<init>(179)) - omNode-1: new RaftServerImpl for group-523986131536:[omNode-3|rpc:localhost:13848|priority:0, omNode-1|rpc:localhost:13836|priority:0, omNode-2|rpc:localhost:13842|priority:0] with OzoneManagerStateMachine:uninitialized
2021-01-11 13:55:55,354 [pool-1417-thread-1] INFO  server.RaftServerConfigKeys (ConfUtils.java:logGet(44)) - raft.server.rpc.timeout.min = 1s (custom)
2021-01-11 13:55:55,354 [pool-1417-thread-1] INFO  server.RaftServerConfigKeys (ConfUtils.java:logGet(44)) - raft.server.rpc.timeout.max = 1200ms (custom)
2021-01-11 13:55:55,354 [pool-1417-thread-1] INFO  server.RaftServerConfigKeys (ConfUtils.java:logGet(44)) - raft.server.rpc.sleep.time = 25ms (default)
2021-01-11 13:55:55,354 [pool-1417-thread-1] INFO  server.RaftServerConfigKeys (ConfUtils.java:logGet(44)) - raft.server.rpc.slowness.timeout = 2s (custom)
2021-01-11 13:55:55,354 [pool-1417-thread-1] INFO  server.RaftServerConfigKeys (ConfUtils.java:logGet(44)) - raft.server.leaderelection.leader.step-down.wait-time = 10s (default)
2021-01-11 13:55:55,354 [pool-1417-thread-1] INFO  server.RaftServerConfigKeys (ConfUtils.java:logGet(44)) - raft.server.sleep.deviation.threshold = 300ms (default)
2021-01-11 13:55:55,354 [pool-1417-thread-1] INFO  server.RaftServerConfigKeys (ConfUtils.java:logGet(44)) - raft.server.log.appender.install.snapshot.enabled = false (custom)
2021-01-11 13:55:55,354 [pool-1417-thread-1] INFO  server.RaftServer$Division (ServerState.java:<init>(103)) - omNode-1@group-523986131536: ConfigurationManager, init=-1: [omNode-3|rpc:localhost:13848|priority:0, omNode-1|rpc:localhost:13836|priority:0, omNode-2|rpc:localhost:13842|priority:0], old=null, confs=<EMPTY_MAP>
2021-01-11 13:55:55,354 [pool-1417-thread-1] INFO  server.RaftServerConfigKeys (ConfUtils.java:logGet(44)) - raft.server.storage.dir = [/github/workspace/mnt/ozone/hadoop-ozone/integration-test/target/test-dir/MiniOzoneClusterImpl-250075fd-7b22-4ad4-b8fe-1c364b7bd722/omNode-1/ratis] (custom)
2021-01-11 13:55:55,354 [pool-1417-thread-1] INFO  server.RaftServerConfigKeys (ConfUtils.java:logGet(44)) - raft.server.log.corruption.policy = EXCEPTION (default)
2021-01-11 13:55:55,355 [pool-1417-thread-1] INFO  storage.RaftStorageDirectory (RaftStorageDirectoryImpl.java:tryLock(215)) - Lock on /github/workspace/mnt/ozone/hadoop-ozone/integration-test/target/test-dir/MiniOzoneClusterImpl-250075fd-7b22-4ad4-b8fe-1c364b7bd722/omNode-1/ratis/c9bc4cf4-3bc3-3c60-a66b-523986131536/in_use.lock acquired by nodename 17557@f5cef6452a00
2021-01-11 13:55:55,356 [pool-1417-thread-1] INFO  storage.RaftStorage (RaftStorageImpl.java:analyzeAndRecoverStorage(103)) - Read RaftStorageMetadata{term=1, votedFor=omNode-2} from /github/workspace/mnt/ozone/hadoop-ozone/integration-test/target/test-dir/MiniOzoneClusterImpl-250075fd-7b22-4ad4-b8fe-1c364b7bd722/omNode-1/ratis/c9bc4cf4-3bc3-3c60-a66b-523986131536/current/raft-meta
2021-01-11 13:55:55,357 [pool-1417-thread-1] INFO  server.RaftServer$Division (ServerState.java:setRaftConf(368)) - omNode-1@group-523986131536: set configuration 0: [omNode-3|rpc:localhost:13848|dataStream:|priority:0, omNode-1|rpc:localhost:13836|dataStream:|priority:0, omNode-2|rpc:localhost:13842|dataStream:|priority:0], old=null
2021-01-11 13:55:55,357 [pool-1417-thread-1] INFO  server.RaftServerConfigKeys (ConfUtils.java:logGet(44)) - raft.server.notification.no-leader.timeout = 2s (custom)
2021-01-11 13:55:55,357 [pool-1417-thread-1] INFO  server.RaftServerConfigKeys (ConfUtils.java:logGet(44)) - raft.server.log.use.memory = false (default)
2021-01-11 13:55:55,357 [pool-1417-thread-1] INFO  server.RaftServerConfigKeys (ConfUtils.java:logGet(44)) - raft.server.log.purge.gap = 50 (custom)
2021-01-11 13:55:55,357 [pool-1417-thread-1] INFO  server.RaftServerConfigKeys (ConfUtils.java:logGet(44)) - raft.server.log.appender.buffer.byte-limit = 33554432 (custom)
2021-01-11 13:55:55,357 [pool-1417-thread-1] INFO  metrics.RatisMetrics (RatisMetrics.java:lambda$create$0(36)) - Creating Metrics Registry : ratis.log_worker.omNode-1@group-523986131536
2021-01-11 13:55:55,358 [pool-1417-thread-1] INFO  server.RaftServerConfigKeys (ConfUtils.java:logGet(44)) - raft.server.log.segment.size.max = 4194304 (custom)
2021-01-11 13:55:55,359 [pool-1417-thread-1] INFO  server.RaftServerConfigKeys (ConfUtils.java:logGet(44)) - raft.server.log.segment.cache.num.max = 2 (custom)
2021-01-11 13:55:55,359 [pool-1417-thread-1] INFO  server.RaftServerConfigKeys (ConfUtils.java:logGet(44)) - raft.server.log.segment.cache.size.max = 200MB (=209715200) (default)
2021-01-11 13:55:55,359 [pool-1417-thread-1] INFO  segmented.SegmentedRaftLogWorker (SegmentedRaftLogWorker.java:<init>(181)) - new omNode-1@group-523986131536-SegmentedRaftLogWorker for RaftStorageImpl:Storage Directory /github/workspace/mnt/ozone/hadoop-ozone/integration-test/target/test-dir/MiniOzoneClusterImpl-250075fd-7b22-4ad4-b8fe-1c364b7bd722/omNode-1/ratis/c9bc4cf4-3bc3-3c60-a66b-523986131536
2021-01-11 13:55:55,359 [pool-1417-thread-1] INFO  server.RaftServerConfigKeys (ConfUtils.java:logGet(44)) - raft.server.log.queue.byte-limit = 64MB (=67108864) (default)
2021-01-11 13:55:55,359 [pool-1417-thread-1] INFO  server.RaftServerConfigKeys (ConfUtils.java:logGet(44)) - raft.server.log.queue.element-limit = 4096 (default)
2021-01-11 13:55:55,359 [pool-1417-thread-1] INFO  server.RaftServerConfigKeys (ConfUtils.java:logGet(44)) - raft.server.log.segment.size.max = 4194304 (custom)
2021-01-11 13:55:55,359 [pool-1417-thread-1] INFO  server.RaftServerConfigKeys (ConfUtils.java:logGet(44)) - raft.server.log.preallocated.size = 4194304 (custom)
2021-01-11 13:55:55,359 [pool-1417-thread-1] INFO  server.RaftServerConfigKeys (ConfUtils.java:logGet(44)) - raft.server.log.force.sync.num = 128 (default)
2021-01-11 13:55:55,360 [pool-1417-thread-1] INFO  server.RaftServerConfigKeys (ConfUtils.java:logGet(44)) - raft.server.log.statemachine.data.sync = true (default)
2021-01-11 13:55:55,360 [pool-1417-thread-1] INFO  server.RaftServerConfigKeys (ConfUtils.java:logGet(44)) - raft.server.log.statemachine.data.sync.timeout = 10s (default)
2021-01-11 13:55:55,360 [pool-1417-thread-1] INFO  server.RaftServerConfigKeys (ConfUtils.java:logGet(44)) - raft.server.log.statemachine.data.sync.timeout.retry = -1 (default)
2021-01-11 13:55:55,363 [pool-1417-thread-1] INFO  server.RaftServerConfigKeys (ConfUtils.java:logGet(44)) - raft.server.log.write.buffer.size = 64KB (=65536) (default)
2021-01-11 13:55:55,363 [pool-1417-thread-1] INFO  server.RaftServerConfigKeys (ConfUtils.java:logGet(44)) - raft.server.log.statemachine.data.caching.enabled = false (default)
2021-01-11 13:55:55,370 [pool-1417-thread-1] INFO  server.RaftServer$Division (ServerState.java:setRaftConf(368)) - omNode-1@group-523986131536: set configuration 0: [omNode-3|rpc:localhost:13848|dataStream:|priority:0, omNode-1|rpc:localhost:13836|dataStream:|priority:0, omNode-2|rpc:localhost:13842|dataStream:|priority:0], old=null
2021-01-11 13:55:55,371 [pool-1417-thread-1] INFO  segmented.LogSegment (LogSegment.java:loadSegment(172)) - Successfully read 45 entries from segment file /github/workspace/mnt/ozone/hadoop-ozone/integration-test/target/test-dir/MiniOzoneClusterImpl-250075fd-7b22-4ad4-b8fe-1c364b7bd722/omNode-1/ratis/c9bc4cf4-3bc3-3c60-a66b-523986131536/current/log_inprogress_0
2021-01-11 13:55:55,371 [pool-1417-thread-1] INFO  segmented.SegmentedRaftLogWorker (SegmentedRaftLogWorker.java:lambda$new$0(132)) - omNode-1@group-523986131536-SegmentedRaftLogWorker: flushIndex: setUnconditionally 0 -> 44
2021-01-11 13:55:55,371 [pool-1417-thread-1] INFO  segmented.SegmentedRaftLogWorker (SegmentedRaftLogWorker.java:lambda$new$0(132)) - omNode-1@group-523986131536-SegmentedRaftLogWorker: safeCacheEvictIndex: setUnconditionally 0 -> -1
2021-01-11 13:55:55,375 [pool-1417-thread-1] INFO  raftlog.RaftLog (RaftLogBase.java:lambda$new$0(53)) - omNode-1@group-523986131536-SegmentedRaftLog: commitIndex: updateToMax old=43, new=43, updated? false
2021-01-11 13:55:55,375 [pool-1417-thread-1] INFO  server.RaftServerConfigKeys (ConfUtils.java:logGet(44)) - raft.server.snapshot.auto.trigger.enabled = true (custom)
2021-01-11 13:55:55,375 [pool-1417-thread-1] INFO  server.RaftServerConfigKeys (ConfUtils.java:logGet(44)) - raft.server.snapshot.auto.trigger.threshold = 50 (custom)
2021-01-11 13:55:55,375 [pool-1417-thread-1] INFO  server.RaftServerConfigKeys (ConfUtils.java:logGet(44)) - raft.server.snapshot.retention.file.num = -1 (default)
2021-01-11 13:55:55,375 [pool-1417-thread-1] INFO  server.RaftServerConfigKeys (ConfUtils.java:logGet(44)) - raft.server.log.purge.upto.snapshot.index = true (custom)
2021-01-11 13:55:55,375 [pool-1417-thread-1] INFO  server.RaftServerConfigKeys (ConfUtils.java:logGet(44)) - raft.server.retrycache.expirytime = 30000ms (custom)
2021-01-11 13:55:55,375 [pool-1417-thread-1] INFO  server.RaftServerConfigKeys (ConfUtils.java:logGet(44)) - raft.server.retrycache.statistics.expirytime = 100?s (default)
2021-01-11 13:55:55,375 [pool-1417-thread-1] INFO  metrics.RatisMetrics (RatisMetrics.java:lambda$create$0(36)) - Creating Metrics Registry : ratis.leader_election.omNode-1@group-523986131536
2021-01-11 13:55:55,376 [pool-1417-thread-1] INFO  metrics.RatisMetrics (RatisMetrics.java:lambda$create$0(36)) - Creating Metrics Registry : ratis.server.omNode-1@group-523986131536
2021-01-11 13:55:55,379 [Listener at 127.0.0.1/13844] INFO  server.RaftServer$Division (RaftServerImpl.java:start(294)) - omNode-1@group-523986131536: start as a follower, conf=0: [omNode-3|rpc:localhost:13848|dataStream:|priority:0, omNode-1|rpc:localhost:13836|dataStream:|priority:0, omNode-2|rpc:localhost:13842|dataStream:|priority:0], old=null
2021-01-11 13:55:55,379 [Listener at 127.0.0.1/13844] INFO  server.RaftServer$Division (RaftServerImpl.java:setRole(283)) - omNode-1@group-523986131536: changes role from      null to FOLLOWER at term 1 for startAsFollower
2021-01-11 13:55:55,379 [Listener at 127.0.0.1/13844] INFO  impl.RoleInfo (RoleInfo.java:updateAndGet(130)) - omNode-1: start omNode-1@group-523986131536-FollowerState
2021-01-11 13:55:55,380 [Listener at 127.0.0.1/13844] INFO  util.JmxRegister (JmxRegister.java:tryRegister(44)) - Successfully registered JMX Bean with object name Ratis:service=RaftServer,group=group-523986131536,id=omNode-1
2021-01-11 13:55:55,380 [Listener at 127.0.0.1/13844] INFO  metrics.RatisMetrics (RatisMetrics.java:lambda$create$0(36)) - Creating Metrics Registry : ratis.state_machine.omNode-1@group-523986131536
2021-01-11 13:55:55,381 [Listener at 127.0.0.1/13844] INFO  server.RaftServer (RaftServerProxy.java:lambda$start$5(372)) - omNode-1: start RPC server
2021-01-11 13:55:55,382 [Listener at 127.0.0.1/13844] INFO  server.GrpcService (GrpcService.java:startImpl(176)) - omNode-1: GrpcService started, listening on 0.0.0.0/0.0.0.0:13836
2021-01-11 13:55:55,382 [org.apache.ratis.util.JvmPauseMonitor$$Lambda$305/41066485@48d668a2] INFO  util.JvmPauseMonitor (JvmPauseMonitor.java:run(103)) - JvmPauseMonitor-omNode-1: Started
2021-01-11 13:55:55,382 [Listener at 127.0.0.1/13844] INFO  ipc.CallQueueManager (CallQueueManager.java:<init>(84)) - Using callQueue: class java.util.concurrent.LinkedBlockingQueue, queueCapacity: 2000, scheduler: class org.apache.hadoop.ipc.DefaultRpcScheduler, ipcBackoff: false.
2021-01-11 13:55:55,383 [Socket Reader #1 for port 13832] INFO  ipc.Server (Server.java:run(1219)) - Starting Socket Reader #1 for port 13832
2021-01-11 13:55:55,392 [Listener at localhost/13832] INFO  http.BaseHttpServer (BaseHttpServer.java:newHttpServer2BuilderForOzone(207)) - Starting Web-server for ozoneManager at: http://0.0.0.0:13834
2021-01-11 13:55:55,392 [Listener at localhost/13832] INFO  http.BaseHttpServer (BaseHttpServer.java:<init>(106)) - Hadoop Security Enabled: false Ozone Security Enabled: false Ozone HTTP Security Enabled: false 
2021-01-11 13:55:55,393 [Listener at localhost/13832] INFO  server.AuthenticationFilter (AuthenticationFilter.java:constructSecretProvider(240)) - Unable to initialize FileSignerSecretProvider, falling back to use random secrets.
2021-01-11 13:55:55,394 [Listener at localhost/13832] WARN  http.HttpRequestLog (HttpRequestLog.java:getRequestLog(103)) - Jetty request log can only be enabled using Log4j
2021-01-11 13:55:55,394 [Listener at localhost/13832] INFO  http.HttpServer2 (HttpServer2.java:addGlobalFilter(1020)) - Added global filter 'safety' (class=org.apache.hadoop.hdds.server.http.HttpServer2$QuotingInputFilter)
2021-01-11 13:55:55,395 [Listener at localhost/13832] INFO  http.HttpServer2 (HttpServer2.java:addFilter(996)) - Added filter static_user_filter (class=org.apache.hadoop.http.lib.StaticUserWebFilter$StaticUserFilter) to context ozoneManager
2021-01-11 13:55:55,395 [Listener at localhost/13832] INFO  http.HttpServer2 (HttpServer2.java:addFilter(1004)) - Added filter static_user_filter (class=org.apache.hadoop.http.lib.StaticUserWebFilter$StaticUserFilter) to context logs
2021-01-11 13:55:55,395 [Listener at localhost/13832] INFO  http.HttpServer2 (HttpServer2.java:addFilter(1004)) - Added filter static_user_filter (class=org.apache.hadoop.http.lib.StaticUserWebFilter$StaticUserFilter) to context static
2021-01-11 13:55:55,395 [Listener at localhost/13832] INFO  http.HttpServer2 (HttpServer2.java:bindListener(1238)) - Jetty bound to port 13834
2021-01-11 13:55:55,395 [Listener at localhost/13832] INFO  server.Server (Server.java:doStart(375)) - jetty-9.4.34.v20201102; built: 2020-11-02T14:15:39.302Z; git: e46af88704a893fc12cb0e3bf46e2c7b48a009e7; jvm 1.8.0_232-b09
2021-01-11 13:55:55,396 [Listener at localhost/13832] INFO  server.session (DefaultSessionIdManager.java:doStart(334)) - DefaultSessionIdManager workerName=node0
2021-01-11 13:55:55,396 [Listener at localhost/13832] INFO  server.session (DefaultSessionIdManager.java:doStart(339)) - No SessionScavenger set, using defaults
2021-01-11 13:55:55,396 [Listener at localhost/13832] INFO  server.session (HouseKeeper.java:startScavenging(132)) - node0 Scavenging every 660000ms
2021-01-11 13:55:55,397 [Listener at localhost/13832] INFO  handler.ContextHandler (ContextHandler.java:doStart(916)) - Started o.e.j.s.ServletContextHandler@5f2991d8{logs,/logs,file:///github/workspace/mnt/ozone/hadoop-ozone/integration-test/target/log,AVAILABLE}
2021-01-11 13:55:55,397 [Listener at localhost/13832] INFO  handler.ContextHandler (ContextHandler.java:doStart(916)) - Started o.e.j.s.ServletContextHandler@63b76f98{static,/static,file:///github/workspace/mnt/ozone/hadoop-ozone/integration-test/target/test-classes/webapps/static,AVAILABLE}
2021-01-11 13:55:55,399 [Listener at localhost/13832] INFO  handler.ContextHandler (ContextHandler.java:doStart(916)) - Started o.e.j.w.WebAppContext@6cb0e8fe{ozoneManager,/,file:///github/workspace/mnt/ozone/hadoop-ozone/integration-test/target/test-classes/webapps/ozoneManager/,AVAILABLE}{file:/github/workspace/mnt/ozone/hadoop-ozone/integration-test/target/test-classes/webapps/ozoneManager}
2021-01-11 13:55:55,401 [Listener at localhost/13832] INFO  server.AbstractConnector (AbstractConnector.java:doStart(331)) - Started ServerConnector@12b301a2{HTTP/1.1, (http/1.1)}{0.0.0.0:13834}
2021-01-11 13:55:55,401 [Listener at localhost/13832] INFO  server.Server (Server.java:doStart(415)) - Started @355267ms
2021-01-11 13:55:55,401 [Listener at localhost/13832] WARN  impl.MetricsSystemImpl (MetricsSystemImpl.java:register(276)) - Sink prometheus already exists!
2021-01-11 13:55:55,796 [grpc-default-executor-11] WARN  server.GrpcLogAppender (LogUtils.java:warn(122)) - omNode-2@group-523986131536->omNode-1-AppendLogResponseHandler: Failed appendEntries: org.apache.ratis.thirdparty.io.grpc.StatusRuntimeException: UNAVAILABLE: io exception
2021-01-11 13:55:55,796 [grpc-default-executor-11] INFO  leader.FollowerInfo (FollowerInfoImpl.java:lambda$new$0(46)) - omNode-2@group-523986131536->omNode-1: nextIndex: updateUnconditionally 545 -> 45
2021-01-11 13:55:56,300 [grpc-default-executor-11] INFO  server.RaftServer$Division (ServerState.java:setLeader(249)) - omNode-1@group-523986131536: change Leader from null to omNode-2 at term 1 for appendEntries, leader elected after 942ms
2021-01-11 13:55:56,427 [omNode-1@group-523986131536-StateMachineUpdater] INFO  ratis.OzoneManagerStateMachine (OzoneManagerStateMachine.java:takeSnapshot(345)) - Current Snapshot Index (t:1, i:544)
2021-01-11 13:55:56,427 [omNode-1@group-523986131536-StateMachineUpdater] INFO  impl.StateMachineUpdater (StateMachineUpdater.java:takeSnapshot(279)) - omNode-1@group-523986131536-StateMachineUpdater: Took a snapshot at index 544
2021-01-11 13:55:56,427 [omNode-1@group-523986131536-StateMachineUpdater] INFO  impl.StateMachineUpdater (StateMachineUpdater.java:lambda$new$0(88)) - omNode-1@group-523986131536-StateMachineUpdater: snapshotIndex: updateIncreasingly 43 -> 544
2021-01-11 13:55:56,427 [omNode-1@group-523986131536-StateMachineUpdater] INFO  raftlog.RaftLog (RaftLogBase.java:purge(306)) - omNode-1@group-523986131536-SegmentedRaftLog: purge 544
2021-01-11 13:55:56,427 [omNode-1@group-523986131536-StateMachineUpdater] INFO  raftlog.RaftLog (RaftLogBase.java:lambda$new$0(53)) - omNode-1@group-523986131536-SegmentedRaftLog: snapshotIndex: updateIncreasingly 43 -> 544
2021-01-11 13:55:56,427 [omNode-1@group-523986131536-StateMachineUpdater] INFO  raftlog.RaftLog (RaftLogBase.java:lambda$new$0(53)) - omNode-1@group-523986131536-SegmentedRaftLog: purgeIndex: updateToMax old=-1, new=544, updated? true
2021-01-11 13:56:00,444 [Listener at localhost/13832] INFO  http.BaseHttpServer (BaseHttpServer.java:updateConnectorAddress(327)) - HTTP server of ozoneManager listening at http://0.0.0.0:13834
2021-01-11 13:56:00,445 [IPC Server Responder] INFO  ipc.Server (Server.java:run(1460)) - IPC Server Responder: starting
2021-01-11 13:56:00,448 [IPC Server listener on 13832] INFO  ipc.Server (Server.java:run(1298)) - IPC Server listener on 13832: starting
2021-01-11 13:56:00,454 [Listener at localhost/13832] INFO  om.OzoneManager (OzoneManager.java:startTrashEmptier(1281)) - Trash Interval set to 0. Files deleted will not move to trash
2021-01-11 13:56:00,454 [org.apache.hadoop.util.JvmPauseMonitor$Monitor@690efa5e] INFO  util.JvmPauseMonitor (JvmPauseMonitor.java:run(188)) - Starting JVM pause monitor
2021-01-11 13:56:00,454 [Listener at localhost/13832] INFO  ozone.MiniOzoneClusterImpl (MiniOzoneClusterImpl.java:shutdown(389)) - Shutting down the Mini Ozone Cluster
2021-01-11 13:56:00,454 [Listener at localhost/13832] INFO  ozone.MiniOzoneHAClusterImpl (MiniOzoneHAClusterImpl.java:stop(230)) - Stopping the OzoneManager omNode-3
2021-01-11 13:56:00,454 [Listener at localhost/13832] INFO  ipc.Server (Server.java:stop(3359)) - Stopping server on 13844
2021-01-11 13:56:00,457 [IPC Server Responder] INFO  ipc.Server (Server.java:run(1465)) - Stopping IPC Server Responder
2021-01-11 13:56:00,458 [Listener at localhost/13832] INFO  server.RaftServer (RaftServerProxy.java:lambda$close$6(389)) - omNode-3: close
2021-01-11 13:56:00,458 [IPC Server listener on 13844] INFO  ipc.Server (Server.java:run(1330)) - Stopping IPC Server listener on 13844
2021-01-11 13:56:00,458 [Listener at localhost/13832] INFO  server.RaftServer$Division (RaftServerImpl.java:lambda$close$4(405)) - omNode-3@group-523986131536: shutdown
2021-01-11 13:56:00,458 [Listener at localhost/13832] INFO  util.JmxRegister (JmxRegister.java:unregister(73)) - Successfully un-registered JMX Bean with object name Ratis:service=RaftServer,group=group-523986131536,id=omNode-3
2021-01-11 13:56:00,458 [Listener at localhost/13832] INFO  impl.RoleInfo (RoleInfo.java:shutdownFollowerState(108)) - omNode-3: shutdown omNode-3@group-523986131536-FollowerState
2021-01-11 13:56:00,458 [Listener at localhost/13832] INFO  impl.StateMachineUpdater (StateMachineUpdater.java:stopAndJoin(148)) - omNode-3@group-523986131536-StateMachineUpdater: set stopIndex = 544
2021-01-11 13:56:00,458 [Thread-5159] INFO  impl.FollowerState (FollowerState.java:run(142)) - omNode-3@group-523986131536-FollowerState was interrupted: {}
java.lang.InterruptedException: sleep interrupted
	at java.lang.Thread.sleep(Native Method)
	at java.lang.Thread.sleep(Thread.java:340)
	at java.util.concurrent.TimeUnit.sleep(TimeUnit.java:386)
	at org.apache.ratis.util.TimeDuration.sleep(TimeDuration.java:324)
	at org.apache.ratis.util.TimeDuration.sleep(TimeDuration.java:309)
	at org.apache.ratis.server.impl.FollowerState.run(FollowerState.java:117)
2021-01-11 13:56:00,458 [omNode-3@group-523986131536-StateMachineUpdater] INFO  ratis.OzoneManagerStateMachine (OzoneManagerStateMachine.java:takeSnapshot(345)) - Current Snapshot Index (t:1, i:544)
2021-01-11 13:56:00,459 [omNode-3@group-523986131536-StateMachineUpdater] INFO  impl.StateMachineUpdater (StateMachineUpdater.java:takeSnapshot(279)) - omNode-3@group-523986131536-StateMachineUpdater: Took a snapshot at index 544
2021-01-11 13:56:00,459 [omNode-3@group-523986131536-StateMachineUpdater] INFO  impl.StateMachineUpdater (StateMachineUpdater.java:lambda$new$0(88)) - omNode-3@group-523986131536-StateMachineUpdater: snapshotIndex: updateIncreasingly 498 -> 544
2021-01-11 13:56:00,459 [omNode-3@group-523986131536-StateMachineUpdater] INFO  metrics.RatisMetrics (RatisMetrics.java:unregister(43)) - Unregistering Metrics Registry : ratis.state_machine.omNode-3@group-523986131536
2021-01-11 13:56:00,459 [Listener at localhost/13832] INFO  server.RaftServer$Division (ServerState.java:close(400)) - omNode-3@group-523986131536: closes. applyIndex: 544
2021-01-11 13:56:00,460 [omNode-3@group-523986131536-SegmentedRaftLogWorker] INFO  segmented.SegmentedRaftLogWorker (SegmentedRaftLogWorker.java:run(326)) - omNode-3@group-523986131536-SegmentedRaftLogWorker was interrupted, exiting. There are 0 tasks remaining in the queue.
2021-01-11 13:56:00,460 [Listener at localhost/13832] INFO  segmented.SegmentedRaftLogWorker (SegmentedRaftLogWorker.java:close(236)) - omNode-3@group-523986131536-SegmentedRaftLogWorker close()
2021-01-11 13:56:00,461 [Listener at localhost/13832] INFO  metrics.RatisMetrics (RatisMetrics.java:unregister(43)) - Unregistering Metrics Registry : ratis.log_worker.omNode-3@group-523986131536
2021-01-11 13:56:00,461 [Listener at localhost/13832] INFO  metrics.RatisMetrics (RatisMetrics.java:unregister(43)) - Unregistering Metrics Registry : ratis.leader_election.omNode-3@group-523986131536
2021-01-11 13:56:00,461 [Listener at localhost/13832] INFO  metrics.RatisMetrics (RatisMetrics.java:unregister(43)) - Unregistering Metrics Registry : ratis.server.omNode-3@group-523986131536
2021-01-11 13:56:00,461 [Listener at localhost/13832] INFO  server.GrpcService (GrpcService.java:closeImpl(183)) - omNode-3: shutdown server with port 13848 now
2021-01-11 13:56:00,464 [grpc-default-executor-8] WARN  server.GrpcServerProtocolService (LogUtils.java:warn(122)) - omNode-3: installSnapshot onError, lastRequest: omNode-2->omNode-3#1151-t1,previous=(t:1, i:543),leaderCommit=543,initializing? true,entries: size=1, first=(t:1, i:544), METADATAENTRY(c:543): org.apache.ratis.thirdparty.io.grpc.StatusRuntimeException: CANCELLED: cancelled before receiving half close
2021-01-11 13:56:00,465 [grpc-default-executor-4] WARN  server.GrpcLogAppender (LogUtils.java:warn(122)) - omNode-2@group-523986131536->omNode-3-AppendLogResponseHandler: Failed appendEntries: org.apache.ratis.thirdparty.io.grpc.StatusRuntimeException: CANCELLED: HTTP/2 error code: CANCEL
Received Rst Stream
2021-01-11 13:56:00,465 [grpc-default-executor-4] INFO  leader.FollowerInfo (FollowerInfoImpl.java:lambda$new$0(46)) - omNode-2@group-523986131536->omNode-3: nextIndex: updateUnconditionally 545 -> 544
2021-01-11 13:56:00,467 [Listener at localhost/13832] INFO  server.GrpcService (GrpcService.java:closeImpl(192)) - omNode-3: shutdown server with port 13848 successfully
2021-01-11 13:56:00,467 [org.apache.ratis.util.JvmPauseMonitor$$Lambda$305/41066485@d37d5b3] INFO  util.JvmPauseMonitor (JvmPauseMonitor.java:run(109)) - JvmPauseMonitor-omNode-3: Stopped
2021-01-11 13:56:00,468 [Listener at localhost/13832] INFO  ratis.OzoneManagerDoubleBuffer (OzoneManagerDoubleBuffer.java:stop(425)) - Stopping OMDoubleBuffer flush thread
2021-01-11 13:56:00,468 [OMDoubleBufferFlushThread] INFO  ratis.OzoneManagerDoubleBuffer (OzoneManagerDoubleBuffer.java:flushTransactions(352)) - OMDoubleBuffer flush thread OMDoubleBufferFlushThread is interrupted and will exit. OMDoubleBufferFlushThread
2021-01-11 13:56:00,468 [Listener at localhost/13832] INFO  ratis.OzoneManagerStateMachine (HadoopExecutors.java:shutdown(118)) - Gracefully shutting down executor service. Waiting max 5 SECONDS
2021-01-11 13:56:00,469 [Listener at localhost/13832] INFO  ratis.OzoneManagerStateMachine (HadoopExecutors.java:shutdown(129)) - Succesfully shutdown executor service
2021-01-11 13:56:00,469 [grpc-default-executor-8] WARN  server.GrpcLogAppender (LogUtils.java:warn(122)) - omNode-2@group-523986131536->omNode-3-AppendLogResponseHandler: Failed appendEntries: org.apache.ratis.thirdparty.io.grpc.StatusRuntimeException: UNAVAILABLE: io exception
2021-01-11 13:56:00,469 [Listener at localhost/13832] INFO  ratis.OzoneManagerStateMachine (HadoopExecutors.java:shutdown(118)) - Gracefully shutting down executor service. Waiting max 5 SECONDS
2021-01-11 13:56:00,469 [Listener at localhost/13832] INFO  ratis.OzoneManagerStateMachine (HadoopExecutors.java:shutdown(129)) - Succesfully shutdown executor service
2021-01-11 13:56:00,469 [Listener at localhost/13832] INFO  utils.BackgroundService (BackgroundService.java:shutdown(132)) - Shutting down service KeyDeletingService
2021-01-11 13:56:00,469 [grpc-default-executor-8] INFO  leader.FollowerInfo (FollowerInfoImpl.java:lambda$new$0(46)) - omNode-2@group-523986131536->omNode-3: nextIndex: updateUnconditionally 545 -> 544
2021-01-11 13:56:00,470 [Listener at localhost/13832] INFO  handler.ContextHandler (ContextHandler.java:doStop(1154)) - Stopped o.e.j.w.WebAppContext@2c2f54d6{ozoneManager,/,null,STOPPED}{file:/github/workspace/mnt/ozone/hadoop-ozone/integration-test/target/test-classes/webapps/ozoneManager}
2021-01-11 13:56:00,471 [Listener at localhost/13832] INFO  server.AbstractConnector (AbstractConnector.java:doStop(381)) - Stopped ServerConnector@796033f0{HTTP/1.1, (http/1.1)}{0.0.0.0:13846}
2021-01-11 13:56:00,471 [Listener at localhost/13832] INFO  server.session (HouseKeeper.java:stopScavenging(149)) - node0 Stopped scavenging
2021-01-11 13:56:00,471 [Listener at localhost/13832] INFO  handler.ContextHandler (ContextHandler.java:doStop(1154)) - Stopped o.e.j.s.ServletContextHandler@4dc0aac0{static,/static,file:///github/workspace/mnt/ozone/hadoop-ozone/integration-test/target/test-classes/webapps/static,STOPPED}
2021-01-11 13:56:00,471 [Listener at localhost/13832] INFO  handler.ContextHandler (ContextHandler.java:doStop(1154)) - Stopped o.e.j.s.ServletContextHandler@30f54161{logs,/logs,file:///github/workspace/mnt/ozone/hadoop-ozone/integration-test/target/log,STOPPED}
2021-01-11 13:56:00,474 [Listener at localhost/13832] INFO  ozone.MiniOzoneHAClusterImpl (MiniOzoneHAClusterImpl.java:stop(230)) - Stopping the OzoneManager omNode-1
2021-01-11 13:56:00,475 [Listener at localhost/13832] INFO  ipc.Server (Server.java:stop(3359)) - Stopping server on 13832
2021-01-11 13:56:00,476 [IPC Server listener on 13832] INFO  ipc.Server (Server.java:run(1330)) - Stopping IPC Server listener on 13832
2021-01-11 13:56:00,480 [IPC Server Responder] INFO  ipc.Server (Server.java:run(1465)) - Stopping IPC Server Responder
2021-01-11 13:56:00,483 [Listener at localhost/13832] INFO  server.RaftServer (RaftServerProxy.java:lambda$close$6(389)) - omNode-1: close
2021-01-11 13:56:00,484 [Listener at localhost/13832] INFO  server.RaftServer$Division (RaftServerImpl.java:lambda$close$4(405)) - omNode-1@group-523986131536: shutdown
2021-01-11 13:56:00,484 [Listener at localhost/13832] INFO  util.JmxRegister (JmxRegister.java:unregister(73)) - Successfully un-registered JMX Bean with object name Ratis:service=RaftServer,group=group-523986131536,id=omNode-1
2021-01-11 13:56:00,484 [Listener at localhost/13832] INFO  impl.RoleInfo (RoleInfo.java:shutdownFollowerState(108)) - omNode-1: shutdown omNode-1@group-523986131536-FollowerState
2021-01-11 13:56:00,484 [Thread-5900] INFO  impl.FollowerState (FollowerState.java:run(142)) - omNode-1@group-523986131536-FollowerState was interrupted: {}
java.lang.InterruptedException: sleep interrupted
	at java.lang.Thread.sleep(Native Method)
	at java.lang.Thread.sleep(Thread.java:340)
	at java.util.concurrent.TimeUnit.sleep(TimeUnit.java:386)
	at org.apache.ratis.util.TimeDuration.sleep(TimeDuration.java:324)
	at org.apache.ratis.util.TimeDuration.sleep(TimeDuration.java:309)
	at org.apache.ratis.server.impl.FollowerState.run(FollowerState.java:117)
2021-01-11 13:56:00,485 [Listener at localhost/13832] INFO  impl.StateMachineUpdater (StateMachineUpdater.java:stopAndJoin(148)) - omNode-1@group-523986131536-StateMachineUpdater: set stopIndex = 544
2021-01-11 13:56:00,485 [omNode-1@group-523986131536-StateMachineUpdater] INFO  metrics.RatisMetrics (RatisMetrics.java:unregister(43)) - Unregistering Metrics Registry : ratis.state_machine.omNode-1@group-523986131536
2021-01-11 13:56:00,485 [Listener at localhost/13832] INFO  server.RaftServer$Division (ServerState.java:close(400)) - omNode-1@group-523986131536: closes. applyIndex: 544
2021-01-11 13:56:00,486 [omNode-1@group-523986131536-SegmentedRaftLogWorker] INFO  segmented.SegmentedRaftLogWorker (SegmentedRaftLogWorker.java:run(326)) - omNode-1@group-523986131536-SegmentedRaftLogWorker was interrupted, exiting. There are 0 tasks remaining in the queue.
2021-01-11 13:56:00,486 [Listener at localhost/13832] INFO  segmented.SegmentedRaftLogWorker (SegmentedRaftLogWorker.java:close(236)) - omNode-1@group-523986131536-SegmentedRaftLogWorker close()
2021-01-11 13:56:00,487 [Listener at localhost/13832] INFO  metrics.RatisMetrics (RatisMetrics.java:unregister(43)) - Unregistering Metrics Registry : ratis.log_worker.omNode-1@group-523986131536
2021-01-11 13:56:00,487 [Listener at localhost/13832] INFO  metrics.RatisMetrics (RatisMetrics.java:unregister(43)) - Unregistering Metrics Registry : ratis.leader_election.omNode-1@group-523986131536
2021-01-11 13:56:00,487 [Listener at localhost/13832] INFO  metrics.RatisMetrics (RatisMetrics.java:unregister(43)) - Unregistering Metrics Registry : ratis.server.omNode-1@group-523986131536
2021-01-11 13:56:00,489 [Listener at localhost/13832] INFO  server.GrpcService (GrpcService.java:closeImpl(183)) - omNode-1: shutdown server with port 13836 now
2021-01-11 13:56:00,489 [grpc-default-executor-11] WARN  server.GrpcLogAppender (LogUtils.java:warn(122)) - omNode-2@group-523986131536->omNode-1-AppendLogResponseHandler: Failed appendEntries: org.apache.ratis.thirdparty.io.grpc.StatusRuntimeException: CANCELLED: HTTP/2 error code: CANCEL
Received Rst Stream
2021-01-11 13:56:00,489 [grpc-default-executor-11] INFO  leader.FollowerInfo (FollowerInfoImpl.java:lambda$new$0(46)) - omNode-2@group-523986131536->omNode-1: nextIndex: updateUnconditionally 545 -> 544
2021-01-11 13:56:00,490 [grpc-default-executor-4] WARN  server.GrpcServerProtocolService (LogUtils.java:warn(122)) - omNode-1: installSnapshot onError, lastRequest: omNode-2->omNode-1#1229-t1,previous=(t:1, i:44),leaderCommit=544,initializing? true,entries: size=500, first=(t:1, i:45), STATEMACHINELOGENTRY, 967@client-4395F96FB1AD: org.apache.ratis.thirdparty.io.grpc.StatusRuntimeException: CANCELLED: cancelled before receiving half close
2021-01-11 13:56:00,492 [Listener at localhost/13832] INFO  server.GrpcService (GrpcService.java:closeImpl(192)) - omNode-1: shutdown server with port 13836 successfully
2021-01-11 13:56:00,493 [org.apache.ratis.util.JvmPauseMonitor$$Lambda$305/41066485@48d668a2] INFO  util.JvmPauseMonitor (JvmPauseMonitor.java:run(109)) - JvmPauseMonitor-omNode-1: Stopped
2021-01-11 13:56:00,493 [Listener at localhost/13832] INFO  ratis.OzoneManagerDoubleBuffer (OzoneManagerDoubleBuffer.java:stop(425)) - Stopping OMDoubleBuffer flush thread
2021-01-11 13:56:00,493 [OMDoubleBufferFlushThread] INFO  ratis.OzoneManagerDoubleBuffer (OzoneManagerDoubleBuffer.java:flushTransactions(352)) - OMDoubleBuffer flush thread OMDoubleBufferFlushThread is interrupted and will exit. OMDoubleBufferFlushThread
2021-01-11 13:56:00,493 [Listener at localhost/13832] INFO  ratis.OzoneManagerStateMachine (HadoopExecutors.java:shutdown(118)) - Gracefully shutting down executor service. Waiting max 5 SECONDS
2021-01-11 13:56:00,494 [Listener at localhost/13832] INFO  ratis.OzoneManagerStateMachine (HadoopExecutors.java:shutdown(129)) - Succesfully shutdown executor service
2021-01-11 13:56:00,494 [Listener at localhost/13832] INFO  ratis.OzoneManagerStateMachine (HadoopExecutors.java:shutdown(118)) - Gracefully shutting down executor service. Waiting max 5 SECONDS
2021-01-11 13:56:00,494 [Listener at localhost/13832] INFO  ratis.OzoneManagerStateMachine (HadoopExecutors.java:shutdown(129)) - Succesfully shutdown executor service
2021-01-11 13:56:00,494 [Listener at localhost/13832] INFO  handler.ContextHandler (ContextHandler.java:doStop(1154)) - Stopped o.e.j.w.WebAppContext@6cb0e8fe{ozoneManager,/,null,STOPPED}{file:/github/workspace/mnt/ozone/hadoop-ozone/integration-test/target/test-classes/webapps/ozoneManager}
2021-01-11 13:56:00,494 [Listener at localhost/13832] INFO  server.AbstractConnector (AbstractConnector.java:doStop(381)) - Stopped ServerConnector@12b301a2{HTTP/1.1, (http/1.1)}{0.0.0.0:13834}
2021-01-11 13:56:00,495 [Listener at localhost/13832] INFO  server.session (HouseKeeper.java:stopScavenging(149)) - node0 Stopped scavenging
2021-01-11 13:56:00,495 [Listener at localhost/13832] INFO  handler.ContextHandler (ContextHandler.java:doStop(1154)) - Stopped o.e.j.s.ServletContextHandler@63b76f98{static,/static,file:///github/workspace/mnt/ozone/hadoop-ozone/integration-test/target/test-classes/webapps/static,STOPPED}
2021-01-11 13:56:00,495 [Listener at localhost/13832] INFO  handler.ContextHandler (ContextHandler.java:doStop(1154)) - Stopped o.e.j.s.ServletContextHandler@5f2991d8{logs,/logs,file:///github/workspace/mnt/ozone/hadoop-ozone/integration-test/target/log,STOPPED}
2021-01-11 13:56:00,495 [grpc-default-executor-11] WARN  server.GrpcLogAppender (LogUtils.java:warn(122)) - omNode-2@group-523986131536->omNode-1-AppendLogResponseHandler: Failed appendEntries: org.apache.ratis.thirdparty.io.grpc.StatusRuntimeException: UNAVAILABLE: io exception
2021-01-11 13:56:00,495 [grpc-default-executor-11] INFO  leader.FollowerInfo (FollowerInfoImpl.java:lambda$new$0(46)) - omNode-2@group-523986131536->omNode-1: nextIndex: updateUnconditionally 545 -> 544
2021-01-11 13:56:00,500 [Listener at localhost/13832] INFO  ozone.MiniOzoneHAClusterImpl (MiniOzoneHAClusterImpl.java:stop(230)) - Stopping the OzoneManager omNode-2
2021-01-11 13:56:00,500 [Listener at localhost/13832] INFO  ipc.Server (Server.java:stop(3359)) - Stopping server on 13838
2021-01-11 13:56:00,504 [IPC Server listener on 13838] INFO  ipc.Server (Server.java:run(1330)) - Stopping IPC Server listener on 13838
2021-01-11 13:56:00,507 [IPC Server Responder] INFO  ipc.Server (Server.java:run(1465)) - Stopping IPC Server Responder
2021-01-11 13:56:00,507 [Listener at localhost/13832] INFO  server.RaftServer (RaftServerProxy.java:lambda$close$6(389)) - omNode-2: close
2021-01-11 13:56:00,507 [Listener at localhost/13832] INFO  server.RaftServer$Division (RaftServerImpl.java:lambda$close$4(405)) - omNode-2@group-523986131536: shutdown
2021-01-11 13:56:00,508 [Listener at localhost/13832] INFO  util.JmxRegister (JmxRegister.java:unregister(73)) - Successfully un-registered JMX Bean with object name Ratis:service=RaftServer,group=group-523986131536,id=omNode-2
2021-01-11 13:56:00,508 [Listener at localhost/13832] INFO  impl.RoleInfo (RoleInfo.java:shutdownLeaderState(91)) - omNode-2: shutdown omNode-2@group-523986131536-LeaderStateImpl
2021-01-11 13:56:00,508 [Listener at localhost/13832] INFO  metrics.RatisMetrics (RatisMetrics.java:unregister(43)) - Unregistering Metrics Registry : ratis_grpc.log_appender.omNode-2@group-523986131536
2021-01-11 13:56:00,508 [omNode-2@group-523986131536->omNode-3-GrpcLogAppender-LogAppenderDaemon] WARN  server.GrpcLogAppender (GrpcLogAppender.java:mayWait(175)) - omNode-2@group-523986131536->omNode-3-GrpcLogAppender: Wait interrupted by java.lang.InterruptedException
2021-01-11 13:56:00,508 [Listener at localhost/13832] INFO  metrics.RatisMetrics (RatisMetrics.java:unregister(43)) - Unregistering Metrics Registry : ratis_grpc.log_appender.omNode-2@group-523986131536
2021-01-11 13:56:00,508 [Listener at localhost/13832] INFO  impl.PendingRequests (PendingRequests.java:sendNotLeaderResponses(249)) - omNode-2@group-523986131536-PendingRequests: sendNotLeaderResponses
2021-01-11 13:56:00,508 [omNode-2@group-523986131536->omNode-1-GrpcLogAppender-LogAppenderDaemon] WARN  server.GrpcLogAppender (GrpcLogAppender.java:mayWait(175)) - omNode-2@group-523986131536->omNode-1-GrpcLogAppender: Wait interrupted by java.lang.InterruptedException
2021-01-11 13:56:00,509 [Listener at localhost/13832] INFO  metrics.RatisMetrics (RatisMetrics.java:unregister(43)) - Unregistering Metrics Registry : ratis.log_appender.omNode-2@group-523986131536
2021-01-11 13:56:00,509 [Listener at localhost/13832] INFO  metrics.RatisMetrics (RatisMetrics.java:unregister(43)) - Unregistering Metrics Registry : ratis.server.omNode-2@group-523986131536
2021-01-11 13:56:00,511 [Listener at localhost/13832] INFO  impl.StateMachineUpdater (StateMachineUpdater.java:stopAndJoin(148)) - omNode-2@group-523986131536-StateMachineUpdater: set stopIndex = 544
2021-01-11 13:56:00,511 [omNode-2@group-523986131536-StateMachineUpdater] INFO  ratis.OzoneManagerStateMachine (OzoneManagerStateMachine.java:takeSnapshot(345)) - Current Snapshot Index (t:1, i:544)
2021-01-11 13:56:00,511 [omNode-2@group-523986131536-StateMachineUpdater] INFO  impl.StateMachineUpdater (StateMachineUpdater.java:takeSnapshot(279)) - omNode-2@group-523986131536-StateMachineUpdater: Took a snapshot at index 544
2021-01-11 13:56:00,511 [omNode-2@group-523986131536-StateMachineUpdater] INFO  impl.StateMachineUpdater (StateMachineUpdater.java:lambda$new$0(88)) - omNode-2@group-523986131536-StateMachineUpdater: snapshotIndex: updateIncreasingly 498 -> 544
2021-01-11 13:56:00,511 [omNode-2@group-523986131536-StateMachineUpdater] INFO  metrics.RatisMetrics (RatisMetrics.java:unregister(43)) - Unregistering Metrics Registry : ratis.state_machine.omNode-2@group-523986131536
2021-01-11 13:56:00,511 [Listener at localhost/13832] INFO  server.RaftServer$Division (ServerState.java:close(400)) - omNode-2@group-523986131536: closes. applyIndex: 544
2021-01-11 13:56:00,511 [omNode-2@group-523986131536-SegmentedRaftLogWorker] INFO  segmented.SegmentedRaftLogWorker (SegmentedRaftLogWorker.java:run(326)) - omNode-2@group-523986131536-SegmentedRaftLogWorker was interrupted, exiting. There are 0 tasks remaining in the queue.
2021-01-11 13:56:00,512 [Listener at localhost/13832] INFO  segmented.SegmentedRaftLogWorker (SegmentedRaftLogWorker.java:close(236)) - omNode-2@group-523986131536-SegmentedRaftLogWorker close()
2021-01-11 13:56:00,513 [Listener at localhost/13832] INFO  metrics.RatisMetrics (RatisMetrics.java:unregister(43)) - Unregistering Metrics Registry : ratis.log_worker.omNode-2@group-523986131536
2021-01-11 13:56:00,513 [Listener at localhost/13832] INFO  metrics.RatisMetrics (RatisMetrics.java:unregister(43)) - Unregistering Metrics Registry : ratis.leader_election.omNode-2@group-523986131536
2021-01-11 13:56:00,513 [Listener at localhost/13832] INFO  metrics.RatisMetrics (RatisMetrics.java:unregister(43)) - Unregistering Metrics Registry : ratis.server.omNode-2@group-523986131536
2021-01-11 13:56:00,513 [Listener at localhost/13832] INFO  server.GrpcService (GrpcService.java:closeImpl(183)) - omNode-2: shutdown server with port 13842 now
2021-01-11 13:56:00,536 [Listener at localhost/13832] INFO  server.GrpcService (GrpcService.java:closeImpl(192)) - omNode-2: shutdown server with port 13842 successfully
2021-01-11 13:56:00,537 [org.apache.ratis.util.JvmPauseMonitor$$Lambda$305/41066485@4418144d] INFO  util.JvmPauseMonitor (JvmPauseMonitor.java:run(109)) - JvmPauseMonitor-omNode-2: Stopped
2021-01-11 13:56:00,537 [Listener at localhost/13832] INFO  ratis.OzoneManagerDoubleBuffer (OzoneManagerDoubleBuffer.java:stop(425)) - Stopping OMDoubleBuffer flush thread
2021-01-11 13:56:00,537 [OMDoubleBufferFlushThread] INFO  ratis.OzoneManagerDoubleBuffer (OzoneManagerDoubleBuffer.java:flushTransactions(352)) - OMDoubleBuffer flush thread OMDoubleBufferFlushThread is interrupted and will exit. OMDoubleBufferFlushThread
2021-01-11 13:56:00,537 [Listener at localhost/13832] INFO  ratis.OzoneManagerStateMachine (HadoopExecutors.java:shutdown(118)) - Gracefully shutting down executor service. Waiting max 5 SECONDS
2021-01-11 13:56:00,537 [Listener at localhost/13832] INFO  ratis.OzoneManagerStateMachine (HadoopExecutors.java:shutdown(129)) - Succesfully shutdown executor service
2021-01-11 13:56:00,537 [Listener at localhost/13832] INFO  ratis.OzoneManagerStateMachine (HadoopExecutors.java:shutdown(118)) - Gracefully shutting down executor service. Waiting max 5 SECONDS
2021-01-11 13:56:00,537 [Listener at localhost/13832] INFO  ratis.OzoneManagerStateMachine (HadoopExecutors.java:shutdown(129)) - Succesfully shutdown executor service
2021-01-11 13:56:00,537 [Listener at localhost/13832] INFO  utils.BackgroundService (BackgroundService.java:shutdown(132)) - Shutting down service KeyDeletingService
2021-01-11 13:56:00,538 [Listener at localhost/13832] INFO  handler.ContextHandler (ContextHandler.java:doStop(1154)) - Stopped o.e.j.w.WebAppContext@18784afa{ozoneManager,/,null,STOPPED}{file:/github/workspace/mnt/ozone/hadoop-ozone/integration-test/target/test-classes/webapps/ozoneManager}
2021-01-11 13:56:00,538 [Listener at localhost/13832] INFO  server.AbstractConnector (AbstractConnector.java:doStop(381)) - Stopped ServerConnector@57f72747{HTTP/1.1, (http/1.1)}{0.0.0.0:13840}
2021-01-11 13:56:00,538 [Listener at localhost/13832] INFO  server.session (HouseKeeper.java:stopScavenging(149)) - node0 Stopped scavenging
2021-01-11 13:56:00,538 [Listener at localhost/13832] INFO  handler.ContextHandler (ContextHandler.java:doStop(1154)) - Stopped o.e.j.s.ServletContextHandler@3bcd9aac{static,/static,file:///github/workspace/mnt/ozone/hadoop-ozone/integration-test/target/test-classes/webapps/static,STOPPED}
2021-01-11 13:56:00,538 [Listener at localhost/13832] INFO  handler.ContextHandler (ContextHandler.java:doStop(1154)) - Stopped o.e.j.s.ServletContextHandler@49068fe6{logs,/logs,file:///github/workspace/mnt/ozone/hadoop-ozone/integration-test/target/log,STOPPED}
2021-01-11 13:56:00,540 [Listener at localhost/13832] INFO  ozone.MiniOzoneClusterImpl (MiniOzoneClusterImpl.java:stop(404)) - Stopping the Mini Ozone Cluster
2021-01-11 13:56:00,540 [Listener at localhost/13832] INFO  ozone.MiniOzoneClusterImpl (MiniOzoneClusterImpl.java:stopDatanodes(463)) - Stopping the HddsDatanodes
2021-01-11 13:56:00,857 [Datanode State Machine Thread - 0] INFO  statemachine.DatanodeStateMachine (DatanodeStateMachine.java:lambda$startDaemon$0(408)) - Ozone container server started.
2021-01-11 13:56:00,931 [Datanode State Machine Thread - 0] INFO  statemachine.DatanodeStateMachine (DatanodeStateMachine.java:lambda$startDaemon$0(408)) - Ozone container server started.
2021-01-11 13:56:05,541 [Listener at localhost/13832] INFO  ozoneimpl.OzoneContainer (OzoneContainer.java:stop(273)) - Attempting to stop container services.
2021-01-11 13:56:05,542 [ForkJoinPool.commonPool-worker-1] INFO  ozoneimpl.OzoneContainer (OzoneContainer.java:stop(273)) - Attempting to stop container services.
2021-01-11 13:56:05,542 [ForkJoinPool.commonPool-worker-1] INFO  server.RaftServer (RaftServerProxy.java:lambda$close$6(389)) - 54c5675f-ba62-45ed-9220-9f8a0729676f: close
2021-01-11 13:56:05,542 [ForkJoinPool.commonPool-worker-1] INFO  server.RaftServer$Division (RaftServerImpl.java:lambda$close$4(405)) - 54c5675f-ba62-45ed-9220-9f8a0729676f@group-2CC5247B8F08: shutdown
2021-01-11 13:56:05,542 [ForkJoinPool.commonPool-worker-1] INFO  util.JmxRegister (JmxRegister.java:unregister(73)) - Successfully un-registered JMX Bean with object name Ratis:service=RaftServer,group=group-2CC5247B8F08,id=54c5675f-ba62-45ed-9220-9f8a0729676f
2021-01-11 13:56:05,542 [ForkJoinPool.commonPool-worker-1] INFO  impl.RoleInfo (RoleInfo.java:shutdownFollowerState(108)) - 54c5675f-ba62-45ed-9220-9f8a0729676f: shutdown 54c5675f-ba62-45ed-9220-9f8a0729676f@group-2CC5247B8F08-FollowerState
2021-01-11 13:56:05,542 [ForkJoinPool.commonPool-worker-1] INFO  impl.StateMachineUpdater (StateMachineUpdater.java:stopAndJoin(148)) - 54c5675f-ba62-45ed-9220-9f8a0729676f@group-2CC5247B8F08-StateMachineUpdater: set stopIndex = 0
2021-01-11 13:56:05,543 [Thread-5283] INFO  impl.FollowerState (FollowerState.java:run(142)) - 54c5675f-ba62-45ed-9220-9f8a0729676f@group-2CC5247B8F08-FollowerState was interrupted: {}
java.lang.InterruptedException: sleep interrupted
	at java.lang.Thread.sleep(Native Method)
	at java.lang.Thread.sleep(Thread.java:340)
	at java.util.concurrent.TimeUnit.sleep(TimeUnit.java:386)
	at org.apache.ratis.util.TimeDuration.sleep(TimeDuration.java:324)
	at org.apache.ratis.util.TimeDuration.sleep(TimeDuration.java:309)
	at org.apache.ratis.server.impl.FollowerState.run(FollowerState.java:117)
2021-01-11 13:56:05,543 [54c5675f-ba62-45ed-9220-9f8a0729676f@group-2CC5247B8F08-StateMachineUpdater] INFO  ratis.ContainerStateMachine (ContainerStateMachine.java:takeSnapshot(291)) - group-2CC5247B8F08: Taking a snapshot at:(t:1, i:0) file /github/workspace/mnt/ozone/hadoop-ozone/integration-test/target/test-dir/MiniOzoneClusterImpl-250075fd-7b22-4ad4-b8fe-1c364b7bd722/datanode-0/data/ratis/e6a7b656-1719-4d75-8bba-2cc5247b8f08/sm/snapshot.1_0
2021-01-11 13:56:05,544 [Listener at localhost/13832] INFO  server.RaftServer (RaftServerProxy.java:lambda$close$6(389)) - dd50be5a-5af1-4aec-ba2d-21cfbf161371: close
2021-01-11 13:56:05,544 [Listener at localhost/13832] INFO  server.RaftServer$Division (RaftServerImpl.java:lambda$close$4(405)) - dd50be5a-5af1-4aec-ba2d-21cfbf161371@group-2CC5247B8F08: shutdown
2021-01-11 13:56:05,544 [Listener at localhost/13832] INFO  util.JmxRegister (JmxRegister.java:unregister(73)) - Successfully un-registered JMX Bean with object name Ratis:service=RaftServer,group=group-2CC5247B8F08,id=dd50be5a-5af1-4aec-ba2d-21cfbf161371
2021-01-11 13:56:05,544 [Listener at localhost/13832] INFO  impl.RoleInfo (RoleInfo.java:shutdownFollowerState(108)) - dd50be5a-5af1-4aec-ba2d-21cfbf161371: shutdown dd50be5a-5af1-4aec-ba2d-21cfbf161371@group-2CC5247B8F08-FollowerState
2021-01-11 13:56:05,544 [Listener at localhost/13832] INFO  impl.StateMachineUpdater (StateMachineUpdater.java:stopAndJoin(148)) - dd50be5a-5af1-4aec-ba2d-21cfbf161371@group-2CC5247B8F08-StateMachineUpdater: set stopIndex = 0
2021-01-11 13:56:05,544 [Thread-5280] INFO  impl.FollowerState (FollowerState.java:run(142)) - dd50be5a-5af1-4aec-ba2d-21cfbf161371@group-2CC5247B8F08-FollowerState was interrupted: {}
java.lang.InterruptedException: sleep interrupted
	at java.lang.Thread.sleep(Native Method)
	at java.lang.Thread.sleep(Thread.java:340)
	at java.util.concurrent.TimeUnit.sleep(TimeUnit.java:386)
	at org.apache.ratis.util.TimeDuration.sleep(TimeDuration.java:324)
	at org.apache.ratis.util.TimeDuration.sleep(TimeDuration.java:309)
	at org.apache.ratis.server.impl.FollowerState.run(FollowerState.java:117)
2021-01-11 13:56:05,544 [54c5675f-ba62-45ed-9220-9f8a0729676f@group-2CC5247B8F08-StateMachineUpdater] INFO  ratis.ContainerStateMachine (ContainerStateMachine.java:takeSnapshot(302)) - group-2CC5247B8F08: Finished taking a snapshot at:(t:1, i:0) file:/github/workspace/mnt/ozone/hadoop-ozone/integration-test/target/test-dir/MiniOzoneClusterImpl-250075fd-7b22-4ad4-b8fe-1c364b7bd722/datanode-0/data/ratis/e6a7b656-1719-4d75-8bba-2cc5247b8f08/sm/snapshot.1_0 took: 1 ms
2021-01-11 13:56:05,545 [54c5675f-ba62-45ed-9220-9f8a0729676f@group-2CC5247B8F08-StateMachineUpdater] INFO  impl.StateMachineUpdater (StateMachineUpdater.java:takeSnapshot(279)) - 54c5675f-ba62-45ed-9220-9f8a0729676f@group-2CC5247B8F08-StateMachineUpdater: Took a snapshot at index 0
2021-01-11 13:56:05,545 [54c5675f-ba62-45ed-9220-9f8a0729676f@group-2CC5247B8F08-StateMachineUpdater] INFO  impl.StateMachineUpdater (StateMachineUpdater.java:lambda$new$0(88)) - 54c5675f-ba62-45ed-9220-9f8a0729676f@group-2CC5247B8F08-StateMachineUpdater: snapshotIndex: updateIncreasingly -1 -> 0
2021-01-11 13:56:05,545 [dd50be5a-5af1-4aec-ba2d-21cfbf161371@group-2CC5247B8F08-StateMachineUpdater] INFO  ratis.ContainerStateMachine (ContainerStateMachine.java:takeSnapshot(291)) - group-2CC5247B8F08: Taking a snapshot at:(t:1, i:0) file /github/workspace/mnt/ozone/hadoop-ozone/integration-test/target/test-dir/MiniOzoneClusterImpl-250075fd-7b22-4ad4-b8fe-1c364b7bd722/datanode-1/data/ratis/e6a7b656-1719-4d75-8bba-2cc5247b8f08/sm/snapshot.1_0
2021-01-11 13:56:05,545 [54c5675f-ba62-45ed-9220-9f8a0729676f@group-2CC5247B8F08-StateMachineUpdater] INFO  metrics.RatisMetrics (RatisMetrics.java:unregister(43)) - Unregistering Metrics Registry : ratis.state_machine.54c5675f-ba62-45ed-9220-9f8a0729676f@group-2CC5247B8F08
2021-01-11 13:56:05,545 [ForkJoinPool.commonPool-worker-1] INFO  server.RaftServer$Division (ServerState.java:close(400)) - 54c5675f-ba62-45ed-9220-9f8a0729676f@group-2CC5247B8F08: closes. applyIndex: 0
2021-01-11 13:56:05,546 [dd50be5a-5af1-4aec-ba2d-21cfbf161371@group-2CC5247B8F08-StateMachineUpdater] INFO  ratis.ContainerStateMachine (ContainerStateMachine.java:takeSnapshot(302)) - group-2CC5247B8F08: Finished taking a snapshot at:(t:1, i:0) file:/github/workspace/mnt/ozone/hadoop-ozone/integration-test/target/test-dir/MiniOzoneClusterImpl-250075fd-7b22-4ad4-b8fe-1c364b7bd722/datanode-1/data/ratis/e6a7b656-1719-4d75-8bba-2cc5247b8f08/sm/snapshot.1_0 took: 2 ms
2021-01-11 13:56:05,546 [54c5675f-ba62-45ed-9220-9f8a0729676f@group-2CC5247B8F08-SegmentedRaftLogWorker] INFO  segmented.SegmentedRaftLogWorker (SegmentedRaftLogWorker.java:run(326)) - 54c5675f-ba62-45ed-9220-9f8a0729676f@group-2CC5247B8F08-SegmentedRaftLogWorker was interrupted, exiting. There are 0 tasks remaining in the queue.
2021-01-11 13:56:05,546 [dd50be5a-5af1-4aec-ba2d-21cfbf161371@group-2CC5247B8F08-StateMachineUpdater] INFO  impl.StateMachineUpdater (StateMachineUpdater.java:takeSnapshot(279)) - dd50be5a-5af1-4aec-ba2d-21cfbf161371@group-2CC5247B8F08-StateMachineUpdater: Took a snapshot at index 0
2021-01-11 13:56:05,546 [dd50be5a-5af1-4aec-ba2d-21cfbf161371@group-2CC5247B8F08-StateMachineUpdater] INFO  impl.StateMachineUpdater (StateMachineUpdater.java:lambda$new$0(88)) - dd50be5a-5af1-4aec-ba2d-21cfbf161371@group-2CC5247B8F08-StateMachineUpdater: snapshotIndex: updateIncreasingly -1 -> 0
2021-01-11 13:56:05,547 [ForkJoinPool.commonPool-worker-1] INFO  segmented.SegmentedRaftLogWorker (SegmentedRaftLogWorker.java:close(236)) - 54c5675f-ba62-45ed-9220-9f8a0729676f@group-2CC5247B8F08-SegmentedRaftLogWorker close()
2021-01-11 13:56:05,547 [dd50be5a-5af1-4aec-ba2d-21cfbf161371@group-2CC5247B8F08-StateMachineUpdater] INFO  metrics.RatisMetrics (RatisMetrics.java:unregister(43)) - Unregistering Metrics Registry : ratis.state_machine.dd50be5a-5af1-4aec-ba2d-21cfbf161371@group-2CC5247B8F08
2021-01-11 13:56:05,550 [ForkJoinPool.commonPool-worker-1] INFO  metrics.RatisMetrics (RatisMetrics.java:unregister(43)) - Unregistering Metrics Registry : ratis.log_worker.54c5675f-ba62-45ed-9220-9f8a0729676f@group-2CC5247B8F08
2021-01-11 13:56:05,550 [ForkJoinPool.commonPool-worker-1] INFO  metrics.RatisMetrics (RatisMetrics.java:unregister(43)) - Unregistering Metrics Registry : ratis.leader_election.54c5675f-ba62-45ed-9220-9f8a0729676f@group-2CC5247B8F08
2021-01-11 13:56:05,550 [ForkJoinPool.commonPool-worker-1] INFO  metrics.RatisMetrics (RatisMetrics.java:unregister(43)) - Unregistering Metrics Registry : ratis.server.54c5675f-ba62-45ed-9220-9f8a0729676f@group-2CC5247B8F08
2021-01-11 13:56:05,550 [ForkJoinPool.commonPool-worker-1] INFO  server.RaftServer$Division (RaftServerImpl.java:lambda$close$4(405)) - 54c5675f-ba62-45ed-9220-9f8a0729676f@group-4958B964F04C: shutdown
2021-01-11 13:56:05,551 [ForkJoinPool.commonPool-worker-1] INFO  util.JmxRegister (JmxRegister.java:unregister(73)) - Successfully un-registered JMX Bean with object name Ratis:service=RaftServer,group=group-4958B964F04C,id=54c5675f-ba62-45ed-9220-9f8a0729676f
2021-01-11 13:56:05,551 [ForkJoinPool.commonPool-worker-1] INFO  impl.RoleInfo (RoleInfo.java:shutdownLeaderState(91)) - 54c5675f-ba62-45ed-9220-9f8a0729676f: shutdown 54c5675f-ba62-45ed-9220-9f8a0729676f@group-4958B964F04C-LeaderStateImpl
2021-01-11 13:56:05,551 [ForkJoinPool.commonPool-worker-1] INFO  impl.PendingRequests (PendingRequests.java:sendNotLeaderResponses(249)) - 54c5675f-ba62-45ed-9220-9f8a0729676f@group-4958B964F04C-PendingRequests: sendNotLeaderResponses
2021-01-11 13:56:05,551 [ForkJoinPool.commonPool-worker-1] INFO  metrics.RatisMetrics (RatisMetrics.java:unregister(43)) - Unregistering Metrics Registry : ratis.log_appender.54c5675f-ba62-45ed-9220-9f8a0729676f@group-4958B964F04C
2021-01-11 13:56:05,551 [ForkJoinPool.commonPool-worker-1] INFO  metrics.RatisMetrics (RatisMetrics.java:unregister(43)) - Unregistering Metrics Registry : ratis.server.54c5675f-ba62-45ed-9220-9f8a0729676f@group-4958B964F04C
2021-01-11 13:56:05,553 [ForkJoinPool.commonPool-worker-1] INFO  impl.StateMachineUpdater (StateMachineUpdater.java:stopAndJoin(148)) - 54c5675f-ba62-45ed-9220-9f8a0729676f@group-4958B964F04C-StateMachineUpdater: set stopIndex = 0
2021-01-11 13:56:05,553 [Listener at localhost/13832] INFO  server.RaftServer$Division (ServerState.java:close(400)) - dd50be5a-5af1-4aec-ba2d-21cfbf161371@group-2CC5247B8F08: closes. applyIndex: 0
2021-01-11 13:56:05,553 [dd50be5a-5af1-4aec-ba2d-21cfbf161371@group-2CC5247B8F08-SegmentedRaftLogWorker] INFO  segmented.SegmentedRaftLogWorker (SegmentedRaftLogWorker.java:run(326)) - dd50be5a-5af1-4aec-ba2d-21cfbf161371@group-2CC5247B8F08-SegmentedRaftLogWorker was interrupted, exiting. There are 0 tasks remaining in the queue.
2021-01-11 13:56:05,553 [54c5675f-ba62-45ed-9220-9f8a0729676f@group-4958B964F04C-StateMachineUpdater] INFO  ratis.ContainerStateMachine (ContainerStateMachine.java:takeSnapshot(291)) - group-4958B964F04C: Taking a snapshot at:(t:1, i:0) file /github/workspace/mnt/ozone/hadoop-ozone/integration-test/target/test-dir/MiniOzoneClusterImpl-250075fd-7b22-4ad4-b8fe-1c364b7bd722/datanode-0/data/ratis/b00ba1ee-2a13-4faf-abad-4958b964f04c/sm/snapshot.1_0
2021-01-11 13:56:05,553 [Listener at localhost/13832] INFO  segmented.SegmentedRaftLogWorker (SegmentedRaftLogWorker.java:close(236)) - dd50be5a-5af1-4aec-ba2d-21cfbf161371@group-2CC5247B8F08-SegmentedRaftLogWorker close()
2021-01-11 13:56:05,553 [Listener at localhost/13832] INFO  metrics.RatisMetrics (RatisMetrics.java:unregister(43)) - Unregistering Metrics Registry : ratis.log_worker.dd50be5a-5af1-4aec-ba2d-21cfbf161371@group-2CC5247B8F08
2021-01-11 13:56:05,554 [Listener at localhost/13832] INFO  metrics.RatisMetrics (RatisMetrics.java:unregister(43)) - Unregistering Metrics Registry : ratis.leader_election.dd50be5a-5af1-4aec-ba2d-21cfbf161371@group-2CC5247B8F08
2021-01-11 13:56:05,554 [Listener at localhost/13832] INFO  metrics.RatisMetrics (RatisMetrics.java:unregister(43)) - Unregistering Metrics Registry : ratis.server.dd50be5a-5af1-4aec-ba2d-21cfbf161371@group-2CC5247B8F08
2021-01-11 13:56:05,554 [54c5675f-ba62-45ed-9220-9f8a0729676f@group-4958B964F04C-StateMachineUpdater] INFO  ratis.ContainerStateMachine (ContainerStateMachine.java:takeSnapshot(302)) - group-4958B964F04C: Finished taking a snapshot at:(t:1, i:0) file:/github/workspace/mnt/ozone/hadoop-ozone/integration-test/target/test-dir/MiniOzoneClusterImpl-250075fd-7b22-4ad4-b8fe-1c364b7bd722/datanode-0/data/ratis/b00ba1ee-2a13-4faf-abad-4958b964f04c/sm/snapshot.1_0 took: 0 ms
2021-01-11 13:56:05,554 [Listener at localhost/13832] INFO  server.RaftServer$Division (RaftServerImpl.java:lambda$close$4(405)) - dd50be5a-5af1-4aec-ba2d-21cfbf161371@group-D389669CDFEB: shutdown
2021-01-11 13:56:05,554 [Listener at localhost/13832] INFO  util.JmxRegister (JmxRegister.java:unregister(73)) - Successfully un-registered JMX Bean with object name Ratis:service=RaftServer,group=group-D389669CDFEB,id=dd50be5a-5af1-4aec-ba2d-21cfbf161371
2021-01-11 13:56:05,554 [Listener at localhost/13832] INFO  impl.RoleInfo (RoleInfo.java:shutdownLeaderState(91)) - dd50be5a-5af1-4aec-ba2d-21cfbf161371: shutdown dd50be5a-5af1-4aec-ba2d-21cfbf161371@group-D389669CDFEB-LeaderStateImpl
2021-01-11 13:56:05,554 [54c5675f-ba62-45ed-9220-9f8a0729676f@group-4958B964F04C-StateMachineUpdater] INFO  impl.StateMachineUpdater (StateMachineUpdater.java:takeSnapshot(279)) - 54c5675f-ba62-45ed-9220-9f8a0729676f@group-4958B964F04C-StateMachineUpdater: Took a snapshot at index 0
2021-01-11 13:56:05,554 [54c5675f-ba62-45ed-9220-9f8a0729676f@group-4958B964F04C-StateMachineUpdater] INFO  impl.StateMachineUpdater (StateMachineUpdater.java:lambda$new$0(88)) - 54c5675f-ba62-45ed-9220-9f8a0729676f@group-4958B964F04C-StateMachineUpdater: snapshotIndex: updateIncreasingly -1 -> 0
2021-01-11 13:56:05,554 [Listener at localhost/13832] INFO  impl.PendingRequests (PendingRequests.java:sendNotLeaderResponses(249)) - dd50be5a-5af1-4aec-ba2d-21cfbf161371@group-D389669CDFEB-PendingRequests: sendNotLeaderResponses
2021-01-11 13:56:05,555 [Listener at localhost/13832] INFO  metrics.RatisMetrics (RatisMetrics.java:unregister(43)) - Unregistering Metrics Registry : ratis.log_appender.dd50be5a-5af1-4aec-ba2d-21cfbf161371@group-D389669CDFEB
2021-01-11 13:56:05,554 [54c5675f-ba62-45ed-9220-9f8a0729676f@group-4958B964F04C-StateMachineUpdater] INFO  metrics.RatisMetrics (RatisMetrics.java:unregister(43)) - Unregistering Metrics Registry : ratis.state_machine.54c5675f-ba62-45ed-9220-9f8a0729676f@group-4958B964F04C
2021-01-11 13:56:05,555 [Listener at localhost/13832] INFO  metrics.RatisMetrics (RatisMetrics.java:unregister(43)) - Unregistering Metrics Registry : ratis.server.dd50be5a-5af1-4aec-ba2d-21cfbf161371@group-D389669CDFEB
2021-01-11 13:56:05,556 [Listener at localhost/13832] INFO  impl.StateMachineUpdater (StateMachineUpdater.java:stopAndJoin(148)) - dd50be5a-5af1-4aec-ba2d-21cfbf161371@group-D389669CDFEB-StateMachineUpdater: set stopIndex = 0
2021-01-11 13:56:05,556 [ForkJoinPool.commonPool-worker-1] INFO  server.RaftServer$Division (ServerState.java:close(400)) - 54c5675f-ba62-45ed-9220-9f8a0729676f@group-4958B964F04C: closes. applyIndex: 0
2021-01-11 13:56:05,557 [dd50be5a-5af1-4aec-ba2d-21cfbf161371@group-D389669CDFEB-StateMachineUpdater] INFO  ratis.ContainerStateMachine (ContainerStateMachine.java:takeSnapshot(291)) - group-D389669CDFEB: Taking a snapshot at:(t:1, i:0) file /github/workspace/mnt/ozone/hadoop-ozone/integration-test/target/test-dir/MiniOzoneClusterImpl-250075fd-7b22-4ad4-b8fe-1c364b7bd722/datanode-1/data/ratis/e57ef660-f39a-4109-9da4-d389669cdfeb/sm/snapshot.1_0
2021-01-11 13:56:05,557 [dd50be5a-5af1-4aec-ba2d-21cfbf161371@group-D389669CDFEB-StateMachineUpdater] INFO  ratis.ContainerStateMachine (ContainerStateMachine.java:takeSnapshot(302)) - group-D389669CDFEB: Finished taking a snapshot at:(t:1, i:0) file:/github/workspace/mnt/ozone/hadoop-ozone/integration-test/target/test-dir/MiniOzoneClusterImpl-250075fd-7b22-4ad4-b8fe-1c364b7bd722/datanode-1/data/ratis/e57ef660-f39a-4109-9da4-d389669cdfeb/sm/snapshot.1_0 took: 1 ms
2021-01-11 13:56:05,558 [dd50be5a-5af1-4aec-ba2d-21cfbf161371@group-D389669CDFEB-StateMachineUpdater] INFO  impl.StateMachineUpdater (StateMachineUpdater.java:takeSnapshot(279)) - dd50be5a-5af1-4aec-ba2d-21cfbf161371@group-D389669CDFEB-StateMachineUpdater: Took a snapshot at index 0
2021-01-11 13:56:05,558 [dd50be5a-5af1-4aec-ba2d-21cfbf161371@group-D389669CDFEB-StateMachineUpdater] INFO  impl.StateMachineUpdater (StateMachineUpdater.java:lambda$new$0(88)) - dd50be5a-5af1-4aec-ba2d-21cfbf161371@group-D389669CDFEB-StateMachineUpdater: snapshotIndex: updateIncreasingly -1 -> 0
2021-01-11 13:56:05,558 [dd50be5a-5af1-4aec-ba2d-21cfbf161371@group-D389669CDFEB-StateMachineUpdater] INFO  metrics.RatisMetrics (RatisMetrics.java:unregister(43)) - Unregistering Metrics Registry : ratis.state_machine.dd50be5a-5af1-4aec-ba2d-21cfbf161371@group-D389669CDFEB
2021-01-11 13:56:05,558 [Listener at localhost/13832] INFO  server.RaftServer$Division (ServerState.java:close(400)) - dd50be5a-5af1-4aec-ba2d-21cfbf161371@group-D389669CDFEB: closes. applyIndex: 0
2021-01-11 13:56:05,558 [54c5675f-ba62-45ed-9220-9f8a0729676f@group-4958B964F04C-SegmentedRaftLogWorker] INFO  segmented.SegmentedRaftLogWorker (SegmentedRaftLogWorker.java:run(326)) - 54c5675f-ba62-45ed-9220-9f8a0729676f@group-4958B964F04C-SegmentedRaftLogWorker was interrupted, exiting. There are 0 tasks remaining in the queue.
2021-01-11 13:56:05,558 [dd50be5a-5af1-4aec-ba2d-21cfbf161371@group-D389669CDFEB-SegmentedRaftLogWorker] INFO  segmented.SegmentedRaftLogWorker (SegmentedRaftLogWorker.java:run(326)) - dd50be5a-5af1-4aec-ba2d-21cfbf161371@group-D389669CDFEB-SegmentedRaftLogWorker was interrupted, exiting. There are 0 tasks remaining in the queue.
2021-01-11 13:56:05,558 [ForkJoinPool.commonPool-worker-1] INFO  segmented.SegmentedRaftLogWorker (SegmentedRaftLogWorker.java:close(236)) - 54c5675f-ba62-45ed-9220-9f8a0729676f@group-4958B964F04C-SegmentedRaftLogWorker close()
2021-01-11 13:56:05,558 [ForkJoinPool.commonPool-worker-1] INFO  metrics.RatisMetrics (RatisMetrics.java:unregister(43)) - Unregistering Metrics Registry : ratis.log_worker.54c5675f-ba62-45ed-9220-9f8a0729676f@group-4958B964F04C
2021-01-11 13:56:05,558 [ForkJoinPool.commonPool-worker-1] INFO  metrics.RatisMetrics (RatisMetrics.java:unregister(43)) - Unregistering Metrics Registry : ratis.leader_election.54c5675f-ba62-45ed-9220-9f8a0729676f@group-4958B964F04C
2021-01-11 13:56:05,559 [ForkJoinPool.commonPool-worker-1] INFO  metrics.RatisMetrics (RatisMetrics.java:unregister(43)) - Unregistering Metrics Registry : ratis.server.54c5675f-ba62-45ed-9220-9f8a0729676f@group-4958B964F04C
2021-01-11 13:56:05,559 [ForkJoinPool.commonPool-worker-1] INFO  server.RaftServer$Division (RaftServerImpl.java:lambda$close$4(405)) - 54c5675f-ba62-45ed-9220-9f8a0729676f@group-9865FF3C7469: shutdown
2021-01-11 13:56:05,559 [ForkJoinPool.commonPool-worker-1] INFO  util.JmxRegister (JmxRegister.java:unregister(73)) - Successfully un-registered JMX Bean with object name Ratis:service=RaftServer,group=group-9865FF3C7469,id=54c5675f-ba62-45ed-9220-9f8a0729676f
2021-01-11 13:56:05,559 [ForkJoinPool.commonPool-worker-1] INFO  impl.RoleInfo (RoleInfo.java:shutdownFollowerState(108)) - 54c5675f-ba62-45ed-9220-9f8a0729676f: shutdown 54c5675f-ba62-45ed-9220-9f8a0729676f@group-9865FF3C7469-FollowerState
2021-01-11 13:56:05,559 [Listener at localhost/13832] INFO  segmented.SegmentedRaftLogWorker (SegmentedRaftLogWorker.java:close(236)) - dd50be5a-5af1-4aec-ba2d-21cfbf161371@group-D389669CDFEB-SegmentedRaftLogWorker close()
2021-01-11 13:56:05,559 [Listener at localhost/13832] INFO  metrics.RatisMetrics (RatisMetrics.java:unregister(43)) - Unregistering Metrics Registry : ratis.log_worker.dd50be5a-5af1-4aec-ba2d-21cfbf161371@group-D389669CDFEB
2021-01-11 13:56:05,559 [Listener at localhost/13832] INFO  metrics.RatisMetrics (RatisMetrics.java:unregister(43)) - Unregistering Metrics Registry : ratis.leader_election.dd50be5a-5af1-4aec-ba2d-21cfbf161371@group-D389669CDFEB
2021-01-11 13:56:05,564 [Listener at localhost/13832] INFO  metrics.RatisMetrics (RatisMetrics.java:unregister(43)) - Unregistering Metrics Registry : ratis.server.dd50be5a-5af1-4aec-ba2d-21cfbf161371@group-D389669CDFEB
2021-01-11 13:56:05,564 [Thread-5262] INFO  impl.FollowerState (FollowerState.java:run(142)) - 54c5675f-ba62-45ed-9220-9f8a0729676f@group-9865FF3C7469-FollowerState was interrupted: {}
java.lang.InterruptedException: sleep interrupted
	at java.lang.Thread.sleep(Native Method)
	at java.lang.Thread.sleep(Thread.java:340)
	at java.util.concurrent.TimeUnit.sleep(TimeUnit.java:386)
	at org.apache.ratis.util.TimeDuration.sleep(TimeDuration.java:324)
	at org.apache.ratis.util.TimeDuration.sleep(TimeDuration.java:309)
	at org.apache.ratis.server.impl.FollowerState.run(FollowerState.java:117)
2021-01-11 13:56:05,564 [54c5675f-ba62-45ed-9220-9f8a0729676f@group-9865FF3C7469-StateMachineUpdater] INFO  ratis.ContainerStateMachine (ContainerStateMachine.java:takeSnapshot(291)) - group-9865FF3C7469: Taking a snapshot at:(t:1, i:0) file /github/workspace/mnt/ozone/hadoop-ozone/integration-test/target/test-dir/MiniOzoneClusterImpl-250075fd-7b22-4ad4-b8fe-1c364b7bd722/datanode-0/data/ratis/0a72c7b7-1fb4-4068-8e61-9865ff3c7469/sm/snapshot.1_0
2021-01-11 13:56:05,564 [Listener at localhost/13832] INFO  server.RaftServer$Division (RaftServerImpl.java:lambda$close$4(405)) - dd50be5a-5af1-4aec-ba2d-21cfbf161371@group-9865FF3C7469: shutdown
2021-01-11 13:56:05,564 [Listener at localhost/13832] INFO  util.JmxRegister (JmxRegister.java:unregister(73)) - Successfully un-registered JMX Bean with object name Ratis:service=RaftServer,group=group-9865FF3C7469,id=dd50be5a-5af1-4aec-ba2d-21cfbf161371
2021-01-11 13:56:05,564 [Listener at localhost/13832] INFO  impl.RoleInfo (RoleInfo.java:shutdownLeaderState(91)) - dd50be5a-5af1-4aec-ba2d-21cfbf161371: shutdown dd50be5a-5af1-4aec-ba2d-21cfbf161371@group-9865FF3C7469-LeaderStateImpl
2021-01-11 13:56:05,565 [Listener at localhost/13832] INFO  metrics.RatisMetrics (RatisMetrics.java:unregister(43)) - Unregistering Metrics Registry : ratis_grpc.log_appender.dd50be5a-5af1-4aec-ba2d-21cfbf161371@group-9865FF3C7469
2021-01-11 13:56:05,564 [ForkJoinPool.commonPool-worker-1] INFO  impl.StateMachineUpdater (StateMachineUpdater.java:stopAndJoin(148)) - 54c5675f-ba62-45ed-9220-9f8a0729676f@group-9865FF3C7469-StateMachineUpdater: set stopIndex = 0
2021-01-11 13:56:05,565 [Listener at localhost/13832] INFO  metrics.RatisMetrics (RatisMetrics.java:unregister(43)) - Unregistering Metrics Registry : ratis_grpc.log_appender.dd50be5a-5af1-4aec-ba2d-21cfbf161371@group-9865FF3C7469
2021-01-11 13:56:05,565 [54c5675f-ba62-45ed-9220-9f8a0729676f@group-9865FF3C7469-StateMachineUpdater] INFO  ratis.ContainerStateMachine (ContainerStateMachine.java:takeSnapshot(302)) - group-9865FF3C7469: Finished taking a snapshot at:(t:1, i:0) file:/github/workspace/mnt/ozone/hadoop-ozone/integration-test/target/test-dir/MiniOzoneClusterImpl-250075fd-7b22-4ad4-b8fe-1c364b7bd722/datanode-0/data/ratis/0a72c7b7-1fb4-4068-8e61-9865ff3c7469/sm/snapshot.1_0 took: 1 ms
2021-01-11 13:56:05,565 [54c5675f-ba62-45ed-9220-9f8a0729676f@group-9865FF3C7469-StateMachineUpdater] INFO  impl.StateMachineUpdater (StateMachineUpdater.java:takeSnapshot(279)) - 54c5675f-ba62-45ed-9220-9f8a0729676f@group-9865FF3C7469-StateMachineUpdater: Took a snapshot at index 0
2021-01-11 13:56:05,565 [54c5675f-ba62-45ed-9220-9f8a0729676f@group-9865FF3C7469-StateMachineUpdater] INFO  impl.StateMachineUpdater (StateMachineUpdater.java:lambda$new$0(88)) - 54c5675f-ba62-45ed-9220-9f8a0729676f@group-9865FF3C7469-StateMachineUpdater: snapshotIndex: updateIncreasingly -1 -> 0
2021-01-11 13:56:05,565 [54c5675f-ba62-45ed-9220-9f8a0729676f@group-9865FF3C7469-StateMachineUpdater] INFO  metrics.RatisMetrics (RatisMetrics.java:unregister(43)) - Unregistering Metrics Registry : ratis.state_machine.54c5675f-ba62-45ed-9220-9f8a0729676f@group-9865FF3C7469
2021-01-11 13:56:05,566 [ForkJoinPool.commonPool-worker-1] INFO  server.RaftServer$Division (ServerState.java:close(400)) - 54c5675f-ba62-45ed-9220-9f8a0729676f@group-9865FF3C7469: closes. applyIndex: 0
2021-01-11 13:56:05,565 [dd50be5a-5af1-4aec-ba2d-21cfbf161371@group-9865FF3C7469->515d1186-b946-4ae1-b8cc-4f597259d7e8-GrpcLogAppender-LogAppenderDaemon] WARN  server.GrpcLogAppender (GrpcLogAppender.java:mayWait(175)) - dd50be5a-5af1-4aec-ba2d-21cfbf161371@group-9865FF3C7469->515d1186-b946-4ae1-b8cc-4f597259d7e8-GrpcLogAppender: Wait interrupted by java.lang.InterruptedException
2021-01-11 13:56:05,566 [54c5675f-ba62-45ed-9220-9f8a0729676f@group-9865FF3C7469-SegmentedRaftLogWorker] INFO  segmented.SegmentedRaftLogWorker (SegmentedRaftLogWorker.java:run(326)) - 54c5675f-ba62-45ed-9220-9f8a0729676f@group-9865FF3C7469-SegmentedRaftLogWorker was interrupted, exiting. There are 0 tasks remaining in the queue.
2021-01-11 13:56:05,566 [ForkJoinPool.commonPool-worker-1] INFO  segmented.SegmentedRaftLogWorker (SegmentedRaftLogWorker.java:close(236)) - 54c5675f-ba62-45ed-9220-9f8a0729676f@group-9865FF3C7469-SegmentedRaftLogWorker close()
2021-01-11 13:56:05,566 [ForkJoinPool.commonPool-worker-1] INFO  metrics.RatisMetrics (RatisMetrics.java:unregister(43)) - Unregistering Metrics Registry : ratis.log_worker.54c5675f-ba62-45ed-9220-9f8a0729676f@group-9865FF3C7469
2021-01-11 13:56:05,566 [ForkJoinPool.commonPool-worker-1] INFO  metrics.RatisMetrics (RatisMetrics.java:unregister(43)) - Unregistering Metrics Registry : ratis.leader_election.54c5675f-ba62-45ed-9220-9f8a0729676f@group-9865FF3C7469
2021-01-11 13:56:05,566 [grpc-default-executor-4] INFO  server.GrpcServerProtocolService (GrpcServerProtocolService.java:onCompleted(138)) - 515d1186-b946-4ae1-b8cc-4f597259d7e8: Completed APPEND_ENTRIES, lastRequest: dd50be5a-5af1-4aec-ba2d-21cfbf161371->515d1186-b946-4ae1-b8cc-4f597259d7e8#1-t1,previous=(t:0, i:0),leaderCommit=0,initializing? true,entries: size=1, first=(t:1, i:0), CONFIGURATIONENTRY
2021-01-11 13:56:05,566 [dd50be5a-5af1-4aec-ba2d-21cfbf161371@group-9865FF3C7469->54c5675f-ba62-45ed-9220-9f8a0729676f-GrpcLogAppender-LogAppenderDaemon] WARN  server.GrpcLogAppender (GrpcLogAppender.java:mayWait(175)) - dd50be5a-5af1-4aec-ba2d-21cfbf161371@group-9865FF3C7469->54c5675f-ba62-45ed-9220-9f8a0729676f-GrpcLogAppender: Wait interrupted by java.lang.InterruptedException
2021-01-11 13:56:05,567 [grpc-default-executor-11] INFO  server.GrpcLogAppender (GrpcLogAppender.java:onCompleted(344)) - dd50be5a-5af1-4aec-ba2d-21cfbf161371@group-9865FF3C7469->515d1186-b946-4ae1-b8cc-4f597259d7e8-AppendLogResponseHandler: follower responses appendEntries COMPLETED
2021-01-11 13:56:05,568 [grpc-default-executor-11] INFO  leader.FollowerInfo (FollowerInfoImpl.java:lambda$new$0(46)) - dd50be5a-5af1-4aec-ba2d-21cfbf161371@group-9865FF3C7469->515d1186-b946-4ae1-b8cc-4f597259d7e8: nextIndex: updateUnconditionally 1 -> 0
2021-01-11 13:56:05,565 [Listener at localhost/13832] INFO  impl.PendingRequests (PendingRequests.java:sendNotLeaderResponses(249)) - dd50be5a-5af1-4aec-ba2d-21cfbf161371@group-9865FF3C7469-PendingRequests: sendNotLeaderResponses
2021-01-11 13:56:05,568 [grpc-default-executor-11] INFO  server.GrpcServerProtocolService (GrpcServerProtocolService.java:onCompleted(138)) - 54c5675f-ba62-45ed-9220-9f8a0729676f: Completed APPEND_ENTRIES, lastRequest: dd50be5a-5af1-4aec-ba2d-21cfbf161371->54c5675f-ba62-45ed-9220-9f8a0729676f#1-t1,previous=(t:0, i:0),leaderCommit=0,initializing? true,entries: size=1, first=(t:1, i:0), CONFIGURATIONENTRY
2021-01-11 13:56:05,566 [ForkJoinPool.commonPool-worker-1] INFO  metrics.RatisMetrics (RatisMetrics.java:unregister(43)) - Unregistering Metrics Registry : ratis.server.54c5675f-ba62-45ed-9220-9f8a0729676f@group-9865FF3C7469
2021-01-11 13:56:05,568 [ForkJoinPool.commonPool-worker-1] INFO  server.GrpcService (GrpcService.java:closeImpl(183)) - 54c5675f-ba62-45ed-9220-9f8a0729676f: shutdown server with port 37175 now
2021-01-11 13:56:05,568 [Listener at localhost/13832] INFO  metrics.RatisMetrics (RatisMetrics.java:unregister(43)) - Unregistering Metrics Registry : ratis.log_appender.dd50be5a-5af1-4aec-ba2d-21cfbf161371@group-9865FF3C7469
2021-01-11 13:56:05,569 [Listener at localhost/13832] INFO  metrics.RatisMetrics (RatisMetrics.java:unregister(43)) - Unregistering Metrics Registry : ratis.server.dd50be5a-5af1-4aec-ba2d-21cfbf161371@group-9865FF3C7469
2021-01-11 13:56:05,569 [grpc-default-executor-8] WARN  server.GrpcServerProtocolService (LogUtils.java:warn(122)) - 54c5675f-ba62-45ed-9220-9f8a0729676f: installSnapshot onError, lastRequest: 515d1186-b946-4ae1-b8cc-4f597259d7e8->54c5675f-ba62-45ed-9220-9f8a0729676f#1-t1,previous=(t:0, i:0),leaderCommit=-1,initializing? true,entries: size=1, first=(t:1, i:0), CONFIGURATIONENTRY: org.apache.ratis.thirdparty.io.grpc.StatusRuntimeException: CANCELLED: cancelled before receiving half close
2021-01-11 13:56:05,569 [ForkJoinPool.commonPool-worker-1] INFO  server.GrpcService (GrpcService.java:closeImpl(192)) - 54c5675f-ba62-45ed-9220-9f8a0729676f: shutdown server with port 37175 successfully
2021-01-11 13:56:05,569 [org.apache.ratis.util.JvmPauseMonitor$$Lambda$305/41066485@3feb76cd] INFO  util.JvmPauseMonitor (JvmPauseMonitor.java:run(109)) - JvmPauseMonitor-54c5675f-ba62-45ed-9220-9f8a0729676f: Stopped
2021-01-11 13:56:05,569 [grpc-default-executor-8] INFO  server.GrpcLogAppender (GrpcLogAppender.java:onCompleted(344)) - dd50be5a-5af1-4aec-ba2d-21cfbf161371@group-9865FF3C7469->54c5675f-ba62-45ed-9220-9f8a0729676f-AppendLogResponseHandler: follower responses appendEntries COMPLETED
2021-01-11 13:56:05,569 [grpc-default-executor-8] INFO  leader.FollowerInfo (FollowerInfoImpl.java:lambda$new$0(46)) - dd50be5a-5af1-4aec-ba2d-21cfbf161371@group-9865FF3C7469->54c5675f-ba62-45ed-9220-9f8a0729676f: nextIndex: updateUnconditionally 1 -> 0
2021-01-11 13:56:05,569 [grpc-default-executor-8] WARN  server.GrpcLogAppender (LogUtils.java:warn(122)) - 515d1186-b946-4ae1-b8cc-4f597259d7e8@group-2CC5247B8F08->54c5675f-ba62-45ed-9220-9f8a0729676f-AppendLogResponseHandler: Failed appendEntries: org.apache.ratis.thirdparty.io.grpc.StatusRuntimeException: CANCELLED: HTTP/2 error code: CANCEL
Received Rst Stream
2021-01-11 13:56:05,570 [grpc-default-executor-8] WARN  server.GrpcLogAppender (GrpcLogAppender.java:resetClient(111)) - 515d1186-b946-4ae1-b8cc-4f597259d7e8@group-2CC5247B8F08->54c5675f-ba62-45ed-9220-9f8a0729676f-GrpcLogAppender: Leader has not got in touch with Follower 515d1186-b946-4ae1-b8cc-4f597259d7e8@group-2CC5247B8F08->54c5675f-ba62-45ed-9220-9f8a0729676f(c0,m0,n1, attendVote=true, lastRpcSendTime=1382, lastRpcResponseTime=1381) yet, just keep nextIndex unchanged and retry.
2021-01-11 13:56:05,573 [Listener at localhost/13832] INFO  impl.StateMachineUpdater (StateMachineUpdater.java:stopAndJoin(148)) - dd50be5a-5af1-4aec-ba2d-21cfbf161371@group-9865FF3C7469-StateMachineUpdater: set stopIndex = 0
2021-01-11 13:56:05,573 [dd50be5a-5af1-4aec-ba2d-21cfbf161371@group-9865FF3C7469-StateMachineUpdater] INFO  ratis.ContainerStateMachine (ContainerStateMachine.java:takeSnapshot(291)) - group-9865FF3C7469: Taking a snapshot at:(t:1, i:0) file /github/workspace/mnt/ozone/hadoop-ozone/integration-test/target/test-dir/MiniOzoneClusterImpl-250075fd-7b22-4ad4-b8fe-1c364b7bd722/datanode-1/data/ratis/0a72c7b7-1fb4-4068-8e61-9865ff3c7469/sm/snapshot.1_0
2021-01-11 13:56:05,577 [dd50be5a-5af1-4aec-ba2d-21cfbf161371@group-9865FF3C7469-StateMachineUpdater] INFO  ratis.ContainerStateMachine (ContainerStateMachine.java:takeSnapshot(302)) - group-9865FF3C7469: Finished taking a snapshot at:(t:1, i:0) file:/github/workspace/mnt/ozone/hadoop-ozone/integration-test/target/test-dir/MiniOzoneClusterImpl-250075fd-7b22-4ad4-b8fe-1c364b7bd722/datanode-1/data/ratis/0a72c7b7-1fb4-4068-8e61-9865ff3c7469/sm/snapshot.1_0 took: 3 ms
2021-01-11 13:56:05,577 [dd50be5a-5af1-4aec-ba2d-21cfbf161371@group-9865FF3C7469-StateMachineUpdater] INFO  impl.StateMachineUpdater (StateMachineUpdater.java:takeSnapshot(279)) - dd50be5a-5af1-4aec-ba2d-21cfbf161371@group-9865FF3C7469-StateMachineUpdater: Took a snapshot at index 0
2021-01-11 13:56:05,577 [dd50be5a-5af1-4aec-ba2d-21cfbf161371@group-9865FF3C7469-StateMachineUpdater] INFO  impl.StateMachineUpdater (StateMachineUpdater.java:lambda$new$0(88)) - dd50be5a-5af1-4aec-ba2d-21cfbf161371@group-9865FF3C7469-StateMachineUpdater: snapshotIndex: updateIncreasingly -1 -> 0
2021-01-11 13:56:05,577 [dd50be5a-5af1-4aec-ba2d-21cfbf161371@group-9865FF3C7469-StateMachineUpdater] INFO  metrics.RatisMetrics (RatisMetrics.java:unregister(43)) - Unregistering Metrics Registry : ratis.state_machine.dd50be5a-5af1-4aec-ba2d-21cfbf161371@group-9865FF3C7469
2021-01-11 13:56:05,595 [Listener at localhost/13832] INFO  server.RaftServer$Division (ServerState.java:close(400)) - dd50be5a-5af1-4aec-ba2d-21cfbf161371@group-9865FF3C7469: closes. applyIndex: 0
2021-01-11 13:56:05,595 [dd50be5a-5af1-4aec-ba2d-21cfbf161371@group-9865FF3C7469-SegmentedRaftLogWorker] INFO  segmented.SegmentedRaftLogWorker (SegmentedRaftLogWorker.java:run(326)) - dd50be5a-5af1-4aec-ba2d-21cfbf161371@group-9865FF3C7469-SegmentedRaftLogWorker was interrupted, exiting. There are 0 tasks remaining in the queue.
2021-01-11 13:56:05,596 [Listener at localhost/13832] INFO  segmented.SegmentedRaftLogWorker (SegmentedRaftLogWorker.java:close(236)) - dd50be5a-5af1-4aec-ba2d-21cfbf161371@group-9865FF3C7469-SegmentedRaftLogWorker close()
2021-01-11 13:56:05,596 [Listener at localhost/13832] INFO  metrics.RatisMetrics (RatisMetrics.java:unregister(43)) - Unregistering Metrics Registry : ratis.log_worker.dd50be5a-5af1-4aec-ba2d-21cfbf161371@group-9865FF3C7469
2021-01-11 13:56:05,597 [Listener at localhost/13832] INFO  metrics.RatisMetrics (RatisMetrics.java:unregister(43)) - Unregistering Metrics Registry : ratis.leader_election.dd50be5a-5af1-4aec-ba2d-21cfbf161371@group-9865FF3C7469
2021-01-11 13:56:05,597 [Listener at localhost/13832] INFO  metrics.RatisMetrics (RatisMetrics.java:unregister(43)) - Unregistering Metrics Registry : ratis.server.dd50be5a-5af1-4aec-ba2d-21cfbf161371@group-9865FF3C7469
2021-01-11 13:56:05,597 [Listener at localhost/13832] INFO  server.GrpcService (GrpcService.java:closeImpl(183)) - dd50be5a-5af1-4aec-ba2d-21cfbf161371: shutdown server with port 37613 now
2021-01-11 13:56:05,598 [grpc-default-executor-4] WARN  server.GrpcServerProtocolService (LogUtils.java:warn(122)) - dd50be5a-5af1-4aec-ba2d-21cfbf161371: installSnapshot onError, lastRequest: 515d1186-b946-4ae1-b8cc-4f597259d7e8->dd50be5a-5af1-4aec-ba2d-21cfbf161371#1-t1,previous=(t:0, i:0),leaderCommit=0,initializing? true,entries: size=1, first=(t:1, i:0), CONFIGURATIONENTRY: org.apache.ratis.thirdparty.io.grpc.StatusRuntimeException: CANCELLED: cancelled before receiving half close
2021-01-11 13:56:05,598 [grpc-default-executor-11] WARN  server.GrpcLogAppender (LogUtils.java:warn(122)) - 515d1186-b946-4ae1-b8cc-4f597259d7e8@group-2CC5247B8F08->dd50be5a-5af1-4aec-ba2d-21cfbf161371-AppendLogResponseHandler: Failed appendEntries: org.apache.ratis.thirdparty.io.grpc.StatusRuntimeException: CANCELLED: HTTP/2 error code: CANCEL
Received Rst Stream
2021-01-11 13:56:05,598 [grpc-default-executor-11] WARN  server.GrpcLogAppender (GrpcLogAppender.java:resetClient(111)) - 515d1186-b946-4ae1-b8cc-4f597259d7e8@group-2CC5247B8F08->dd50be5a-5af1-4aec-ba2d-21cfbf161371-GrpcLogAppender: Leader has not got in touch with Follower 515d1186-b946-4ae1-b8cc-4f597259d7e8@group-2CC5247B8F08->dd50be5a-5af1-4aec-ba2d-21cfbf161371(c0,m0,n1, attendVote=true, lastRpcSendTime=1395, lastRpcResponseTime=1394) yet, just keep nextIndex unchanged and retry.
2021-01-11 13:56:05,619 [ForkJoinPool.commonPool-worker-1] INFO  utils.BackgroundService (BackgroundService.java:shutdown(132)) - Shutting down service BlockDeletingService
2021-01-11 13:56:05,643 [ForkJoinPool.commonPool-worker-1] INFO  statemachine.DatanodeStateMachine (DatanodeStateMachine.java:stopDaemon(461)) - Ozone container server stopped.
2021-01-11 13:56:05,663 [Listener at localhost/13832] INFO  server.GrpcService (GrpcService.java:closeImpl(192)) - dd50be5a-5af1-4aec-ba2d-21cfbf161371: shutdown server with port 37613 successfully
2021-01-11 13:56:05,671 [org.apache.ratis.util.JvmPauseMonitor$$Lambda$305/41066485@27e3504e] INFO  util.JvmPauseMonitor (JvmPauseMonitor.java:run(109)) - JvmPauseMonitor-dd50be5a-5af1-4aec-ba2d-21cfbf161371: Stopped
2021-01-11 13:56:05,672 [Listener at localhost/13832] INFO  utils.BackgroundService (BackgroundService.java:shutdown(132)) - Shutting down service BlockDeletingService
2021-01-11 13:56:05,683 [Listener at localhost/13832] INFO  statemachine.DatanodeStateMachine (DatanodeStateMachine.java:stopDaemon(461)) - Ozone container server stopped.
2021-01-11 13:56:05,711 [ForkJoinPool.commonPool-worker-1] INFO  handler.ContextHandler (ContextHandler.java:doStop(1154)) - Stopped o.e.j.w.WebAppContext@74a7e68b{hddsDatanode,/,null,STOPPED}{jar:file:/home/user/.m2/repository/org/apache/hadoop/hadoop-hdds-container-service/1.1.0-SNAPSHOT/hadoop-hdds-container-service-1.1.0-SNAPSHOT.jar!/webapps/hddsDatanode}
2021-01-11 13:56:05,712 [ForkJoinPool.commonPool-worker-1] INFO  server.AbstractConnector (AbstractConnector.java:doStop(381)) - Stopped ServerConnector@68bb53b{HTTP/1.1, (http/1.1)}{0.0.0.0:0}
2021-01-11 13:56:05,712 [ForkJoinPool.commonPool-worker-1] INFO  server.session (HouseKeeper.java:stopScavenging(149)) - node0 Stopped scavenging
2021-01-11 13:56:05,713 [Listener at localhost/13832] INFO  handler.ContextHandler (ContextHandler.java:doStop(1154)) - Stopped o.e.j.w.WebAppContext@7999ab2{hddsDatanode,/,null,STOPPED}{jar:file:/home/user/.m2/repository/org/apache/hadoop/hadoop-hdds-container-service/1.1.0-SNAPSHOT/hadoop-hdds-container-service-1.1.0-SNAPSHOT.jar!/webapps/hddsDatanode}
2021-01-11 13:56:05,718 [ForkJoinPool.commonPool-worker-1] INFO  handler.ContextHandler (ContextHandler.java:doStop(1154)) - Stopped o.e.j.s.ServletContextHandler@432ff57{static,/static,jar:file:/home/user/.m2/repository/org/apache/hadoop/hadoop-hdds-container-service/1.1.0-SNAPSHOT/hadoop-hdds-container-service-1.1.0-SNAPSHOT.jar!/webapps/static,STOPPED}
2021-01-11 13:56:05,719 [Listener at localhost/13832] INFO  server.AbstractConnector (AbstractConnector.java:doStop(381)) - Stopped ServerConnector@14d1ff7a{HTTP/1.1, (http/1.1)}{0.0.0.0:0}
2021-01-11 13:56:05,719 [Listener at localhost/13832] INFO  server.session (HouseKeeper.java:stopScavenging(149)) - node0 Stopped scavenging
2021-01-11 13:56:05,719 [Listener at localhost/13832] INFO  handler.ContextHandler (ContextHandler.java:doStop(1154)) - Stopped o.e.j.s.ServletContextHandler@687e2fe6{static,/static,jar:file:/home/user/.m2/repository/org/apache/hadoop/hadoop-hdds-container-service/1.1.0-SNAPSHOT/hadoop-hdds-container-service-1.1.0-SNAPSHOT.jar!/webapps/static,STOPPED}
2021-01-11 13:56:05,719 [Listener at localhost/13832] INFO  handler.ContextHandler (ContextHandler.java:doStop(1154)) - Stopped o.e.j.s.ServletContextHandler@6b679acb{logs,/logs,file:///github/workspace/mnt/ozone/hadoop-ozone/integration-test/target/log,STOPPED}
2021-01-11 13:56:05,727 [ForkJoinPool.commonPool-worker-1] INFO  handler.ContextHandler (ContextHandler.java:doStop(1154)) - Stopped o.e.j.s.ServletContextHandler@52794e0e{logs,/logs,file:///github/workspace/mnt/ozone/hadoop-ozone/integration-test/target/log,STOPPED}
2021-01-11 13:56:05,854 [Datanode State Machine Thread - 0] INFO  statemachine.DatanodeStateMachine (DatanodeStateMachine.java:lambda$startDaemon$0(408)) - Ozone container server started.
2021-01-11 13:56:06,690 [grpc-default-executor-11] WARN  server.GrpcLogAppender (LogUtils.java:warn(122)) - 515d1186-b946-4ae1-b8cc-4f597259d7e8@group-2CC5247B8F08->54c5675f-ba62-45ed-9220-9f8a0729676f-AppendLogResponseHandler: Failed appendEntries: org.apache.ratis.thirdparty.io.grpc.StatusRuntimeException: UNAVAILABLE: io exception
2021-01-11 13:56:06,690 [grpc-default-executor-11] WARN  server.GrpcLogAppender (GrpcLogAppender.java:resetClient(111)) - 515d1186-b946-4ae1-b8cc-4f597259d7e8@group-2CC5247B8F08->54c5675f-ba62-45ed-9220-9f8a0729676f-GrpcLogAppender: Leader has not got in touch with Follower 515d1186-b946-4ae1-b8cc-4f597259d7e8@group-2CC5247B8F08->54c5675f-ba62-45ed-9220-9f8a0729676f(c0,m0,n1, attendVote=true, lastRpcSendTime=0, lastRpcResponseTime=2501) yet, just keep nextIndex unchanged and retry.
2021-01-11 13:56:06,704 [grpc-default-executor-4] WARN  server.GrpcLogAppender (LogUtils.java:warn(122)) - 515d1186-b946-4ae1-b8cc-4f597259d7e8@group-2CC5247B8F08->dd50be5a-5af1-4aec-ba2d-21cfbf161371-AppendLogResponseHandler: Failed appendEntries: org.apache.ratis.thirdparty.io.grpc.StatusRuntimeException: UNAVAILABLE: io exception
2021-01-11 13:56:06,704 [grpc-default-executor-4] WARN  server.GrpcLogAppender (GrpcLogAppender.java:resetClient(111)) - 515d1186-b946-4ae1-b8cc-4f597259d7e8@group-2CC5247B8F08->dd50be5a-5af1-4aec-ba2d-21cfbf161371-GrpcLogAppender: Leader has not got in touch with Follower 515d1186-b946-4ae1-b8cc-4f597259d7e8@group-2CC5247B8F08->dd50be5a-5af1-4aec-ba2d-21cfbf161371(c0,m0,n1, attendVote=true, lastRpcSendTime=0, lastRpcResponseTime=2500) yet, just keep nextIndex unchanged and retry.
2021-01-11 13:56:09,190 [grpc-default-executor-4] WARN  server.GrpcLogAppender (LogUtils.java:warn(122)) - 515d1186-b946-4ae1-b8cc-4f597259d7e8@group-2CC5247B8F08->54c5675f-ba62-45ed-9220-9f8a0729676f-AppendLogResponseHandler: Failed appendEntries: org.apache.ratis.thirdparty.io.grpc.StatusRuntimeException: UNAVAILABLE: io exception
2021-01-11 13:56:09,190 [grpc-default-executor-4] WARN  server.GrpcLogAppender (GrpcLogAppender.java:resetClient(111)) - 515d1186-b946-4ae1-b8cc-4f597259d7e8@group-2CC5247B8F08->54c5675f-ba62-45ed-9220-9f8a0729676f-GrpcLogAppender: Leader has not got in touch with Follower 515d1186-b946-4ae1-b8cc-4f597259d7e8@group-2CC5247B8F08->54c5675f-ba62-45ed-9220-9f8a0729676f(c0,m0,n1, attendVote=true, lastRpcSendTime=0, lastRpcResponseTime=5001) yet, just keep nextIndex unchanged and retry.
2021-01-11 13:56:09,204 [grpc-default-executor-4] WARN  server.GrpcLogAppender (LogUtils.java:warn(122)) - 515d1186-b946-4ae1-b8cc-4f597259d7e8@group-2CC5247B8F08->dd50be5a-5af1-4aec-ba2d-21cfbf161371-AppendLogResponseHandler: Failed appendEntries: org.apache.ratis.thirdparty.io.grpc.StatusRuntimeException: UNAVAILABLE: io exception
2021-01-11 13:56:09,204 [grpc-default-executor-4] WARN  server.GrpcLogAppender (GrpcLogAppender.java:resetClient(111)) - 515d1186-b946-4ae1-b8cc-4f597259d7e8@group-2CC5247B8F08->dd50be5a-5af1-4aec-ba2d-21cfbf161371-GrpcLogAppender: Leader has not got in touch with Follower 515d1186-b946-4ae1-b8cc-4f597259d7e8@group-2CC5247B8F08->dd50be5a-5af1-4aec-ba2d-21cfbf161371(c0,m0,n1, attendVote=true, lastRpcSendTime=2500, lastRpcResponseTime=5000) yet, just keep nextIndex unchanged and retry.
2021-01-11 13:56:10,721 [Listener at localhost/13832] INFO  ozoneimpl.OzoneContainer (OzoneContainer.java:stop(273)) - Attempting to stop container services.
2021-01-11 13:56:10,721 [Listener at localhost/13832] INFO  server.RaftServer (RaftServerProxy.java:lambda$close$6(389)) - 515d1186-b946-4ae1-b8cc-4f597259d7e8: close
2021-01-11 13:56:10,731 [Listener at localhost/13832] INFO  server.RaftServer$Division (RaftServerImpl.java:lambda$close$4(405)) - 515d1186-b946-4ae1-b8cc-4f597259d7e8@group-2CC5247B8F08: shutdown
2021-01-11 13:56:10,731 [ForkJoinPool.commonPool-worker-0] INFO  server.RaftServer$Division (RaftServerImpl.java:lambda$close$4(405)) - 515d1186-b946-4ae1-b8cc-4f597259d7e8@group-9865FF3C7469: shutdown
2021-01-11 13:56:10,731 [Listener at localhost/13832] INFO  util.JmxRegister (JmxRegister.java:unregister(73)) - Successfully un-registered JMX Bean with object name Ratis:service=RaftServer,group=group-2CC5247B8F08,id=515d1186-b946-4ae1-b8cc-4f597259d7e8
2021-01-11 13:56:10,731 [Listener at localhost/13832] INFO  impl.RoleInfo (RoleInfo.java:shutdownLeaderState(91)) - 515d1186-b946-4ae1-b8cc-4f597259d7e8: shutdown 515d1186-b946-4ae1-b8cc-4f597259d7e8@group-2CC5247B8F08-LeaderStateImpl
2021-01-11 13:56:10,731 [Listener at localhost/13832] INFO  metrics.RatisMetrics (RatisMetrics.java:unregister(43)) - Unregistering Metrics Registry : ratis_grpc.log_appender.515d1186-b946-4ae1-b8cc-4f597259d7e8@group-2CC5247B8F08
2021-01-11 13:56:10,731 [ForkJoinPool.commonPool-worker-0] INFO  util.JmxRegister (JmxRegister.java:unregister(73)) - Successfully un-registered JMX Bean with object name Ratis:service=RaftServer,group=group-9865FF3C7469,id=515d1186-b946-4ae1-b8cc-4f597259d7e8
2021-01-11 13:56:10,731 [Listener at localhost/13832] INFO  metrics.RatisMetrics (RatisMetrics.java:unregister(43)) - Unregistering Metrics Registry : ratis_grpc.log_appender.515d1186-b946-4ae1-b8cc-4f597259d7e8@group-2CC5247B8F08
2021-01-11 13:56:10,731 [ForkJoinPool.commonPool-worker-0] INFO  impl.RoleInfo (RoleInfo.java:shutdownFollowerState(108)) - 515d1186-b946-4ae1-b8cc-4f597259d7e8: shutdown 515d1186-b946-4ae1-b8cc-4f597259d7e8@group-9865FF3C7469-FollowerState
2021-01-11 13:56:10,732 [Listener at localhost/13832] INFO  impl.PendingRequests (PendingRequests.java:sendNotLeaderResponses(249)) - 515d1186-b946-4ae1-b8cc-4f597259d7e8@group-2CC5247B8F08-PendingRequests: sendNotLeaderResponses
2021-01-11 13:56:10,732 [ForkJoinPool.commonPool-worker-0] INFO  impl.StateMachineUpdater (StateMachineUpdater.java:stopAndJoin(148)) - 515d1186-b946-4ae1-b8cc-4f597259d7e8@group-9865FF3C7469-StateMachineUpdater: set stopIndex = 0
2021-01-11 13:56:10,732 [Thread-5263] INFO  impl.FollowerState (FollowerState.java:run(142)) - 515d1186-b946-4ae1-b8cc-4f597259d7e8@group-9865FF3C7469-FollowerState was interrupted: {}
java.lang.InterruptedException: sleep interrupted
	at java.lang.Thread.sleep(Native Method)
	at java.lang.Thread.sleep(Thread.java:340)
	at java.util.concurrent.TimeUnit.sleep(TimeUnit.java:386)
	at org.apache.ratis.util.TimeDuration.sleep(TimeDuration.java:324)
	at org.apache.ratis.util.TimeDuration.sleep(TimeDuration.java:309)
	at org.apache.ratis.server.impl.FollowerState.run(FollowerState.java:117)
2021-01-11 13:56:10,733 [515d1186-b946-4ae1-b8cc-4f597259d7e8@group-9865FF3C7469-StateMachineUpdater] INFO  ratis.ContainerStateMachine (ContainerStateMachine.java:takeSnapshot(291)) - group-9865FF3C7469: Taking a snapshot at:(t:1, i:0) file /github/workspace/mnt/ozone/hadoop-ozone/integration-test/target/test-dir/MiniOzoneClusterImpl-250075fd-7b22-4ad4-b8fe-1c364b7bd722/datanode-2/data/ratis/0a72c7b7-1fb4-4068-8e61-9865ff3c7469/sm/snapshot.1_0
2021-01-11 13:56:10,732 [Listener at localhost/13832] INFO  metrics.RatisMetrics (RatisMetrics.java:unregister(43)) - Unregistering Metrics Registry : ratis.log_appender.515d1186-b946-4ae1-b8cc-4f597259d7e8@group-2CC5247B8F08
2021-01-11 13:56:10,733 [Listener at localhost/13832] INFO  metrics.RatisMetrics (RatisMetrics.java:unregister(43)) - Unregistering Metrics Registry : ratis.server.515d1186-b946-4ae1-b8cc-4f597259d7e8@group-2CC5247B8F08
2021-01-11 13:56:10,735 [Listener at localhost/13832] INFO  impl.StateMachineUpdater (StateMachineUpdater.java:stopAndJoin(148)) - 515d1186-b946-4ae1-b8cc-4f597259d7e8@group-2CC5247B8F08-StateMachineUpdater: set stopIndex = 0
2021-01-11 13:56:10,735 [515d1186-b946-4ae1-b8cc-4f597259d7e8@group-9865FF3C7469-StateMachineUpdater] INFO  ratis.ContainerStateMachine (ContainerStateMachine.java:takeSnapshot(302)) - group-9865FF3C7469: Finished taking a snapshot at:(t:1, i:0) file:/github/workspace/mnt/ozone/hadoop-ozone/integration-test/target/test-dir/MiniOzoneClusterImpl-250075fd-7b22-4ad4-b8fe-1c364b7bd722/datanode-2/data/ratis/0a72c7b7-1fb4-4068-8e61-9865ff3c7469/sm/snapshot.1_0 took: 2 ms
2021-01-11 13:56:10,735 [515d1186-b946-4ae1-b8cc-4f597259d7e8@group-9865FF3C7469-StateMachineUpdater] INFO  impl.StateMachineUpdater (StateMachineUpdater.java:takeSnapshot(279)) - 515d1186-b946-4ae1-b8cc-4f597259d7e8@group-9865FF3C7469-StateMachineUpdater: Took a snapshot at index 0
2021-01-11 13:56:10,735 [515d1186-b946-4ae1-b8cc-4f597259d7e8@group-2CC5247B8F08-StateMachineUpdater] INFO  ratis.ContainerStateMachine (ContainerStateMachine.java:takeSnapshot(291)) - group-2CC5247B8F08: Taking a snapshot at:(t:1, i:0) file /github/workspace/mnt/ozone/hadoop-ozone/integration-test/target/test-dir/MiniOzoneClusterImpl-250075fd-7b22-4ad4-b8fe-1c364b7bd722/datanode-2/data/ratis/e6a7b656-1719-4d75-8bba-2cc5247b8f08/sm/snapshot.1_0
2021-01-11 13:56:10,735 [515d1186-b946-4ae1-b8cc-4f597259d7e8@group-9865FF3C7469-StateMachineUpdater] INFO  impl.StateMachineUpdater (StateMachineUpdater.java:lambda$new$0(88)) - 515d1186-b946-4ae1-b8cc-4f597259d7e8@group-9865FF3C7469-StateMachineUpdater: snapshotIndex: updateIncreasingly -1 -> 0
2021-01-11 13:56:10,735 [515d1186-b946-4ae1-b8cc-4f597259d7e8@group-9865FF3C7469-StateMachineUpdater] INFO  metrics.RatisMetrics (RatisMetrics.java:unregister(43)) - Unregistering Metrics Registry : ratis.state_machine.515d1186-b946-4ae1-b8cc-4f597259d7e8@group-9865FF3C7469
2021-01-11 13:56:10,736 [ForkJoinPool.commonPool-worker-0] INFO  server.RaftServer$Division (ServerState.java:close(400)) - 515d1186-b946-4ae1-b8cc-4f597259d7e8@group-9865FF3C7469: closes. applyIndex: 0
2021-01-11 13:56:10,736 [515d1186-b946-4ae1-b8cc-4f597259d7e8@group-9865FF3C7469-SegmentedRaftLogWorker] INFO  segmented.SegmentedRaftLogWorker (SegmentedRaftLogWorker.java:run(326)) - 515d1186-b946-4ae1-b8cc-4f597259d7e8@group-9865FF3C7469-SegmentedRaftLogWorker was interrupted, exiting. There are 0 tasks remaining in the queue.
2021-01-11 13:56:10,736 [ForkJoinPool.commonPool-worker-0] INFO  segmented.SegmentedRaftLogWorker (SegmentedRaftLogWorker.java:close(236)) - 515d1186-b946-4ae1-b8cc-4f597259d7e8@group-9865FF3C7469-SegmentedRaftLogWorker close()
2021-01-11 13:56:10,736 [515d1186-b946-4ae1-b8cc-4f597259d7e8@group-2CC5247B8F08-StateMachineUpdater] INFO  ratis.ContainerStateMachine (ContainerStateMachine.java:takeSnapshot(302)) - group-2CC5247B8F08: Finished taking a snapshot at:(t:1, i:0) file:/github/workspace/mnt/ozone/hadoop-ozone/integration-test/target/test-dir/MiniOzoneClusterImpl-250075fd-7b22-4ad4-b8fe-1c364b7bd722/datanode-2/data/ratis/e6a7b656-1719-4d75-8bba-2cc5247b8f08/sm/snapshot.1_0 took: 0 ms
2021-01-11 13:56:10,736 [ForkJoinPool.commonPool-worker-0] INFO  metrics.RatisMetrics (RatisMetrics.java:unregister(43)) - Unregistering Metrics Registry : ratis.log_worker.515d1186-b946-4ae1-b8cc-4f597259d7e8@group-9865FF3C7469
2021-01-11 13:56:10,736 [515d1186-b946-4ae1-b8cc-4f597259d7e8@group-2CC5247B8F08-StateMachineUpdater] INFO  impl.StateMachineUpdater (StateMachineUpdater.java:takeSnapshot(279)) - 515d1186-b946-4ae1-b8cc-4f597259d7e8@group-2CC5247B8F08-StateMachineUpdater: Took a snapshot at index 0
2021-01-11 13:56:10,736 [515d1186-b946-4ae1-b8cc-4f597259d7e8@group-2CC5247B8F08-StateMachineUpdater] INFO  impl.StateMachineUpdater (StateMachineUpdater.java:lambda$new$0(88)) - 515d1186-b946-4ae1-b8cc-4f597259d7e8@group-2CC5247B8F08-StateMachineUpdater: snapshotIndex: updateIncreasingly -1 -> 0
2021-01-11 13:56:10,736 [ForkJoinPool.commonPool-worker-0] INFO  metrics.RatisMetrics (RatisMetrics.java:unregister(43)) - Unregistering Metrics Registry : ratis.leader_election.515d1186-b946-4ae1-b8cc-4f597259d7e8@group-9865FF3C7469
2021-01-11 13:56:10,736 [515d1186-b946-4ae1-b8cc-4f597259d7e8@group-2CC5247B8F08-StateMachineUpdater] INFO  metrics.RatisMetrics (RatisMetrics.java:unregister(43)) - Unregistering Metrics Registry : ratis.state_machine.515d1186-b946-4ae1-b8cc-4f597259d7e8@group-2CC5247B8F08
2021-01-11 13:56:10,736 [ForkJoinPool.commonPool-worker-0] INFO  metrics.RatisMetrics (RatisMetrics.java:unregister(43)) - Unregistering Metrics Registry : ratis.server.515d1186-b946-4ae1-b8cc-4f597259d7e8@group-9865FF3C7469
2021-01-11 13:56:10,736 [ForkJoinPool.commonPool-worker-0] INFO  server.RaftServer$Division (RaftServerImpl.java:lambda$close$4(405)) - 515d1186-b946-4ae1-b8cc-4f597259d7e8@group-8340C0919B77: shutdown
2021-01-11 13:56:10,737 [ForkJoinPool.commonPool-worker-0] INFO  util.JmxRegister (JmxRegister.java:unregister(73)) - Successfully un-registered JMX Bean with object name Ratis:service=RaftServer,group=group-8340C0919B77,id=515d1186-b946-4ae1-b8cc-4f597259d7e8
2021-01-11 13:56:10,737 [ForkJoinPool.commonPool-worker-0] INFO  impl.RoleInfo (RoleInfo.java:shutdownLeaderState(91)) - 515d1186-b946-4ae1-b8cc-4f597259d7e8: shutdown 515d1186-b946-4ae1-b8cc-4f597259d7e8@group-8340C0919B77-LeaderStateImpl
2021-01-11 13:56:10,737 [ForkJoinPool.commonPool-worker-0] INFO  impl.PendingRequests (PendingRequests.java:sendNotLeaderResponses(249)) - 515d1186-b946-4ae1-b8cc-4f597259d7e8@group-8340C0919B77-PendingRequests: sendNotLeaderResponses
2021-01-11 13:56:10,737 [ForkJoinPool.commonPool-worker-0] INFO  metrics.RatisMetrics (RatisMetrics.java:unregister(43)) - Unregistering Metrics Registry : ratis.log_appender.515d1186-b946-4ae1-b8cc-4f597259d7e8@group-8340C0919B77
2021-01-11 13:56:10,737 [ForkJoinPool.commonPool-worker-0] INFO  metrics.RatisMetrics (RatisMetrics.java:unregister(43)) - Unregistering Metrics Registry : ratis.server.515d1186-b946-4ae1-b8cc-4f597259d7e8@group-8340C0919B77
2021-01-11 13:56:10,738 [ForkJoinPool.commonPool-worker-0] INFO  impl.StateMachineUpdater (StateMachineUpdater.java:stopAndJoin(148)) - 515d1186-b946-4ae1-b8cc-4f597259d7e8@group-8340C0919B77-StateMachineUpdater: set stopIndex = 0
2021-01-11 13:56:10,738 [Listener at localhost/13832] INFO  server.RaftServer$Division (ServerState.java:close(400)) - 515d1186-b946-4ae1-b8cc-4f597259d7e8@group-2CC5247B8F08: closes. applyIndex: 0
2021-01-11 13:56:10,738 [515d1186-b946-4ae1-b8cc-4f597259d7e8@group-2CC5247B8F08-SegmentedRaftLogWorker] INFO  segmented.SegmentedRaftLogWorker (SegmentedRaftLogWorker.java:run(326)) - 515d1186-b946-4ae1-b8cc-4f597259d7e8@group-2CC5247B8F08-SegmentedRaftLogWorker was interrupted, exiting. There are 0 tasks remaining in the queue.
2021-01-11 13:56:10,738 [515d1186-b946-4ae1-b8cc-4f597259d7e8@group-8340C0919B77-StateMachineUpdater] INFO  ratis.ContainerStateMachine (ContainerStateMachine.java:takeSnapshot(291)) - group-8340C0919B77: Taking a snapshot at:(t:1, i:0) file /github/workspace/mnt/ozone/hadoop-ozone/integration-test/target/test-dir/MiniOzoneClusterImpl-250075fd-7b22-4ad4-b8fe-1c364b7bd722/datanode-2/data/ratis/3bcb2728-adbb-42b9-9d09-8340c0919b77/sm/snapshot.1_0
2021-01-11 13:56:10,738 [Listener at localhost/13832] INFO  segmented.SegmentedRaftLogWorker (SegmentedRaftLogWorker.java:close(236)) - 515d1186-b946-4ae1-b8cc-4f597259d7e8@group-2CC5247B8F08-SegmentedRaftLogWorker close()
2021-01-11 13:56:10,739 [Listener at localhost/13832] INFO  metrics.RatisMetrics (RatisMetrics.java:unregister(43)) - Unregistering Metrics Registry : ratis.log_worker.515d1186-b946-4ae1-b8cc-4f597259d7e8@group-2CC5247B8F08
2021-01-11 13:56:10,739 [Listener at localhost/13832] INFO  metrics.RatisMetrics (RatisMetrics.java:unregister(43)) - Unregistering Metrics Registry : ratis.leader_election.515d1186-b946-4ae1-b8cc-4f597259d7e8@group-2CC5247B8F08
2021-01-11 13:56:10,739 [515d1186-b946-4ae1-b8cc-4f597259d7e8@group-8340C0919B77-StateMachineUpdater] INFO  ratis.ContainerStateMachine (ContainerStateMachine.java:takeSnapshot(302)) - group-8340C0919B77: Finished taking a snapshot at:(t:1, i:0) file:/github/workspace/mnt/ozone/hadoop-ozone/integration-test/target/test-dir/MiniOzoneClusterImpl-250075fd-7b22-4ad4-b8fe-1c364b7bd722/datanode-2/data/ratis/3bcb2728-adbb-42b9-9d09-8340c0919b77/sm/snapshot.1_0 took: 0 ms
2021-01-11 13:56:10,739 [Listener at localhost/13832] INFO  metrics.RatisMetrics (RatisMetrics.java:unregister(43)) - Unregistering Metrics Registry : ratis.server.515d1186-b946-4ae1-b8cc-4f597259d7e8@group-2CC5247B8F08
2021-01-11 13:56:10,739 [515d1186-b946-4ae1-b8cc-4f597259d7e8@group-8340C0919B77-StateMachineUpdater] INFO  impl.StateMachineUpdater (StateMachineUpdater.java:takeSnapshot(279)) - 515d1186-b946-4ae1-b8cc-4f597259d7e8@group-8340C0919B77-StateMachineUpdater: Took a snapshot at index 0
2021-01-11 13:56:10,743 [515d1186-b946-4ae1-b8cc-4f597259d7e8@group-8340C0919B77-StateMachineUpdater] INFO  impl.StateMachineUpdater (StateMachineUpdater.java:lambda$new$0(88)) - 515d1186-b946-4ae1-b8cc-4f597259d7e8@group-8340C0919B77-StateMachineUpdater: snapshotIndex: updateIncreasingly -1 -> 0
2021-01-11 13:56:10,743 [515d1186-b946-4ae1-b8cc-4f597259d7e8@group-8340C0919B77-StateMachineUpdater] INFO  metrics.RatisMetrics (RatisMetrics.java:unregister(43)) - Unregistering Metrics Registry : ratis.state_machine.515d1186-b946-4ae1-b8cc-4f597259d7e8@group-8340C0919B77
2021-01-11 13:56:10,743 [ForkJoinPool.commonPool-worker-0] INFO  server.RaftServer$Division (ServerState.java:close(400)) - 515d1186-b946-4ae1-b8cc-4f597259d7e8@group-8340C0919B77: closes. applyIndex: 0
2021-01-11 13:56:10,743 [515d1186-b946-4ae1-b8cc-4f597259d7e8@group-8340C0919B77-SegmentedRaftLogWorker] INFO  segmented.SegmentedRaftLogWorker (SegmentedRaftLogWorker.java:run(326)) - 515d1186-b946-4ae1-b8cc-4f597259d7e8@group-8340C0919B77-SegmentedRaftLogWorker was interrupted, exiting. There are 0 tasks remaining in the queue.
2021-01-11 13:56:10,743 [ForkJoinPool.commonPool-worker-0] INFO  segmented.SegmentedRaftLogWorker (SegmentedRaftLogWorker.java:close(236)) - 515d1186-b946-4ae1-b8cc-4f597259d7e8@group-8340C0919B77-SegmentedRaftLogWorker close()
2021-01-11 13:56:10,743 [ForkJoinPool.commonPool-worker-0] INFO  metrics.RatisMetrics (RatisMetrics.java:unregister(43)) - Unregistering Metrics Registry : ratis.log_worker.515d1186-b946-4ae1-b8cc-4f597259d7e8@group-8340C0919B77
2021-01-11 13:56:10,744 [ForkJoinPool.commonPool-worker-0] INFO  metrics.RatisMetrics (RatisMetrics.java:unregister(43)) - Unregistering Metrics Registry : ratis.leader_election.515d1186-b946-4ae1-b8cc-4f597259d7e8@group-8340C0919B77
2021-01-11 13:56:10,744 [ForkJoinPool.commonPool-worker-0] INFO  metrics.RatisMetrics (RatisMetrics.java:unregister(43)) - Unregistering Metrics Registry : ratis.server.515d1186-b946-4ae1-b8cc-4f597259d7e8@group-8340C0919B77
2021-01-11 13:56:10,745 [Listener at localhost/13832] INFO  server.GrpcService (GrpcService.java:closeImpl(183)) - 515d1186-b946-4ae1-b8cc-4f597259d7e8: shutdown server with port 38339 now
2021-01-11 13:56:10,746 [Listener at localhost/13832] INFO  server.GrpcService (GrpcService.java:closeImpl(192)) - 515d1186-b946-4ae1-b8cc-4f597259d7e8: shutdown server with port 38339 successfully
2021-01-11 13:56:10,747 [org.apache.ratis.util.JvmPauseMonitor$$Lambda$305/41066485@437c00d6] INFO  util.JvmPauseMonitor (JvmPauseMonitor.java:run(109)) - JvmPauseMonitor-515d1186-b946-4ae1-b8cc-4f597259d7e8: Stopped
2021-01-11 13:56:10,747 [Listener at localhost/13832] INFO  utils.BackgroundService (BackgroundService.java:shutdown(132)) - Shutting down service BlockDeletingService
2021-01-11 13:56:10,749 [Listener at localhost/13832] INFO  statemachine.DatanodeStateMachine (DatanodeStateMachine.java:stopDaemon(461)) - Ozone container server stopped.
2021-01-11 13:56:10,759 [Listener at localhost/13832] INFO  handler.ContextHandler (ContextHandler.java:doStop(1154)) - Stopped o.e.j.w.WebAppContext@d6c5860{hddsDatanode,/,null,STOPPED}{jar:file:/home/user/.m2/repository/org/apache/hadoop/hadoop-hdds-container-service/1.1.0-SNAPSHOT/hadoop-hdds-container-service-1.1.0-SNAPSHOT.jar!/webapps/hddsDatanode}
2021-01-11 13:56:10,759 [Listener at localhost/13832] INFO  server.AbstractConnector (AbstractConnector.java:doStop(381)) - Stopped ServerConnector@565a4d55{HTTP/1.1, (http/1.1)}{0.0.0.0:0}
2021-01-11 13:56:10,760 [Listener at localhost/13832] INFO  server.session (HouseKeeper.java:stopScavenging(149)) - node0 Stopped scavenging
2021-01-11 13:56:10,760 [Listener at localhost/13832] INFO  handler.ContextHandler (ContextHandler.java:doStop(1154)) - Stopped o.e.j.s.ServletContextHandler@d31e4f3{static,/static,jar:file:/home/user/.m2/repository/org/apache/hadoop/hadoop-hdds-container-service/1.1.0-SNAPSHOT/hadoop-hdds-container-service-1.1.0-SNAPSHOT.jar!/webapps/static,STOPPED}
2021-01-11 13:56:10,760 [Listener at localhost/13832] INFO  handler.ContextHandler (ContextHandler.java:doStop(1154)) - Stopped o.e.j.s.ServletContextHandler@3af64feb{logs,/logs,file:///github/workspace/mnt/ozone/hadoop-ozone/integration-test/target/log,STOPPED}
2021-01-11 13:56:10,761 [Listener at localhost/13832] INFO  ozone.MiniOzoneClusterImpl (MiniOzoneClusterImpl.java:stopSCM(478)) - Stopping the StorageContainerManager
2021-01-11 13:56:10,761 [Listener at localhost/13832] INFO  server.StorageContainerManager (StorageContainerManager.java:stop(832)) - Stopping Replication Manager Service.
2021-01-11 13:56:10,761 [Listener at localhost/13832] INFO  container.ReplicationManager (ReplicationManager.java:stop(227)) - Stopping Replication Monitor Thread.
2021-01-11 13:56:10,761 [Listener at localhost/13832] INFO  server.StorageContainerManager (StorageContainerManager.java:stop(839)) - Stopping the Datanode Admin Monitor.
2021-01-11 13:56:10,761 [Listener at localhost/13832] INFO  server.StorageContainerManager (StorageContainerManager.java:stop(846)) - Stopping Lease Manager of the command watchers
2021-01-11 13:56:10,761 [Listener at localhost/13832] INFO  server.StorageContainerManager (StorageContainerManager.java:stop(853)) - Stopping datanode service RPC server
2021-01-11 13:56:10,761 [Listener at localhost/13832] INFO  server.SCMDatanodeProtocolServer (SCMDatanodeProtocolServer.java:stop(369)) - Stopping the RPC server for DataNodes
2021-01-11 13:56:10,761 [Listener at localhost/13832] INFO  ipc.Server (Server.java:stop(3359)) - Stopping server on 42811
2021-01-11 13:56:10,762 [IPC Server listener on 0] INFO  ipc.Server (Server.java:run(1330)) - Stopping IPC Server listener on 0
2021-01-11 13:56:10,764 [IPC Server Responder] INFO  ipc.Server (Server.java:run(1465)) - Stopping IPC Server Responder
2021-01-11 13:56:10,785 [SCM Heartbeat Processing Thread - 0] WARN  node.NodeStateManager (NodeStateManager.java:scheduleNextHealthCheck(688)) - Current Thread is interrupted, shutting down HB processing thread for Node Manager.
2021-01-11 13:56:10,785 [Listener at localhost/13832] INFO  server.StorageContainerManager (StorageContainerManager.java:stop(861)) - Stopping block service RPC server
2021-01-11 13:56:10,785 [Listener at localhost/13832] INFO  server.SCMBlockProtocolServer (SCMBlockProtocolServer.java:stop(159)) - Stopping the RPC server for Block Protocol
2021-01-11 13:56:10,785 [Listener at localhost/13832] INFO  ipc.Server (Server.java:stop(3359)) - Stopping server on 34355
2021-01-11 13:56:10,786 [IPC Server listener on 0] INFO  ipc.Server (Server.java:run(1330)) - Stopping IPC Server listener on 0
2021-01-11 13:56:10,788 [IPC Server Responder] INFO  ipc.Server (Server.java:run(1465)) - Stopping IPC Server Responder
2021-01-11 13:56:10,788 [Listener at localhost/13832] INFO  server.StorageContainerManager (StorageContainerManager.java:stop(868)) - Stopping the StorageContainerLocationProtocol RPC server
2021-01-11 13:56:10,788 [Listener at localhost/13832] INFO  server.SCMClientProtocolServer (SCMClientProtocolServer.java:stop(168)) - Stopping the RPC server for Client Protocol
2021-01-11 13:56:10,788 [Listener at localhost/13832] INFO  ipc.Server (Server.java:stop(3359)) - Stopping server on 39775
2021-01-11 13:56:10,789 [IPC Server listener on 0] INFO  ipc.Server (Server.java:run(1330)) - Stopping IPC Server listener on 0
2021-01-11 13:56:10,795 [IPC Server Responder] INFO  ipc.Server (Server.java:run(1465)) - Stopping IPC Server Responder
2021-01-11 13:56:10,795 [Listener at localhost/13832] INFO  server.StorageContainerManager (StorageContainerManager.java:stop(875)) - Stopping Storage Container Manager HTTP server.
2021-01-11 13:56:10,796 [Listener at localhost/13832] INFO  handler.ContextHandler (ContextHandler.java:doStop(1154)) - Stopped o.e.j.w.WebAppContext@52a52637{scm,/,null,STOPPED}{file:/github/workspace/mnt/ozone/hadoop-ozone/integration-test/target/test-classes/webapps/scm}
2021-01-11 13:56:10,796 [Listener at localhost/13832] INFO  server.AbstractConnector (AbstractConnector.java:doStop(381)) - Stopped ServerConnector@1a8c8f30{HTTP/1.1, (http/1.1)}{0.0.0.0:0}
2021-01-11 13:56:10,796 [Listener at localhost/13832] INFO  server.session (HouseKeeper.java:stopScavenging(149)) - node0 Stopped scavenging
2021-01-11 13:56:10,796 [Listener at localhost/13832] INFO  handler.ContextHandler (ContextHandler.java:doStop(1154)) - Stopped o.e.j.s.ServletContextHandler@333f7fe8{static,/static,file:///github/workspace/mnt/ozone/hadoop-ozone/integration-test/target/test-classes/webapps/static,STOPPED}
2021-01-11 13:56:10,797 [Listener at localhost/13832] INFO  handler.ContextHandler (ContextHandler.java:doStop(1154)) - Stopped o.e.j.s.ServletContextHandler@53a71aa4{logs,/logs,file:///github/workspace/mnt/ozone/hadoop-ozone/integration-test/target/log,STOPPED}
2021-01-11 13:56:10,797 [Listener at localhost/13832] INFO  server.StorageContainerManager (StorageContainerManager.java:stop(886)) - Stopping Block Manager Service.
2021-01-11 13:56:10,797 [Listener at localhost/13832] INFO  utils.BackgroundService (BackgroundService.java:shutdown(132)) - Shutting down service SCMBlockDeletingService
2021-01-11 13:56:10,797 [Listener at localhost/13832] INFO  utils.BackgroundService (BackgroundService.java:shutdown(132)) - Shutting down service SCMBlockDeletingService
2021-01-11 13:56:10,797 [Listener at localhost/13832] INFO  server.StorageContainerManager (StorageContainerManager.java:stop(911)) - Stopping SCM Event Queue.
2021-01-11 13:56:10,804 [Listener at localhost/13832] INFO  impl.MetricsSystemImpl (MetricsSystemImpl.java:stop(210)) - Stopping OzoneManager metrics system...
2021-01-11 13:56:10,808 [Listener at localhost/13832] INFO  impl.MetricsSystemImpl (MetricsSystemImpl.java:stop(216)) - OzoneManager metrics system stopped.
]]></system-out>
    <system-err><![CDATA[Jan 11, 2021 1:56:00 PM org.apache.ratis.thirdparty.io.grpc.internal.ManagedChannelOrphanWrapper$ManagedChannelReference cleanQueue
SEVERE: *~*~*~ Channel ManagedChannelImpl{logId=1098, target=172.17.0.2:33617} was not shutdown properly!!! ~*~*~*
    Make sure to call shutdown()/shutdownNow() and wait until awaitTermination() returns true.
java.lang.RuntimeException: ManagedChannel allocation site
	at org.apache.ratis.thirdparty.io.grpc.internal.ManagedChannelOrphanWrapper$ManagedChannelReference.<init>(ManagedChannelOrphanWrapper.java:93)
	at org.apache.ratis.thirdparty.io.grpc.internal.ManagedChannelOrphanWrapper.<init>(ManagedChannelOrphanWrapper.java:53)
	at org.apache.ratis.thirdparty.io.grpc.internal.ManagedChannelOrphanWrapper.<init>(ManagedChannelOrphanWrapper.java:44)
	at org.apache.ratis.thirdparty.io.grpc.internal.AbstractManagedChannelImplBuilder.build(AbstractManagedChannelImplBuilder.java:518)
	at org.apache.hadoop.hdds.scm.XceiverClientGrpc.connectToDatanode(XceiverClientGrpc.java:193)
	at org.apache.hadoop.hdds.scm.XceiverClientGrpc.connect(XceiverClientGrpc.java:142)
	at org.apache.hadoop.hdds.scm.XceiverClientManager$2.call(XceiverClientManager.java:240)
	at org.apache.hadoop.hdds.scm.XceiverClientManager$2.call(XceiverClientManager.java:224)
	at com.google.common.cache.LocalCache$LocalManualCache$1.load(LocalCache.java:4876)
	at com.google.common.cache.LocalCache$LoadingValueReference.loadFuture(LocalCache.java:3529)
	at com.google.common.cache.LocalCache$Segment.loadSync(LocalCache.java:2278)
	at com.google.common.cache.LocalCache$Segment.lockedGetOrLoad(LocalCache.java:2155)
	at com.google.common.cache.LocalCache$Segment.get(LocalCache.java:2045)
	at com.google.common.cache.LocalCache.get(LocalCache.java:3951)
	at com.google.common.cache.LocalCache$LocalManualCache.get(LocalCache.java:4871)
	at org.apache.hadoop.hdds.scm.XceiverClientManager.getClient(XceiverClientManager.java:224)
	at org.apache.hadoop.hdds.scm.XceiverClientManager.acquireClient(XceiverClientManager.java:170)
	at org.apache.hadoop.hdds.scm.XceiverClientManager.acquireClientForReadData(XceiverClientManager.java:159)
	at org.apache.hadoop.hdds.scm.storage.BlockInputStream.acquireClient(BlockInputStream.java:220)
	at org.apache.hadoop.hdds.scm.storage.BlockInputStream.getChunkInfos(BlockInputStream.java:194)
	at org.apache.hadoop.hdds.scm.storage.BlockInputStream.initialize(BlockInputStream.java:135)
	at org.apache.hadoop.hdds.scm.storage.BlockInputStream.read(BlockInputStream.java:269)
	at org.apache.hadoop.ozone.client.io.KeyInputStream.read(KeyInputStream.java:199)
	at org.apache.hadoop.ozone.client.io.OzoneInputStream.read(OzoneInputStream.java:49)
	at java.io.InputStream.read(InputStream.java:101)
	at org.apache.hadoop.ozone.om.TestOzoneManagerHA.testCreateFile(TestOzoneManagerHA.java:321)
	at org.apache.hadoop.ozone.om.TestOzoneManagerHAWithData.testFileOperationsWithNonRecursive(TestOzoneManagerHAWithData.java:239)
	at sun.reflect.NativeMethodAccessorImpl.invoke0(Native Method)
	at sun.reflect.NativeMethodAccessorImpl.invoke(NativeMethodAccessorImpl.java:62)
	at sun.reflect.DelegatingMethodAccessorImpl.invoke(DelegatingMethodAccessorImpl.java:43)
	at java.lang.reflect.Method.invoke(Method.java:498)
	at org.junit.runners.model.FrameworkMethod$1.runReflectiveCall(FrameworkMethod.java:47)
	at org.junit.internal.runners.model.ReflectiveCallable.run(ReflectiveCallable.java:12)
	at org.junit.runners.model.FrameworkMethod.invokeExplosively(FrameworkMethod.java:44)
	at org.junit.internal.runners.statements.InvokeMethod.evaluate(InvokeMethod.java:17)
	at org.junit.internal.runners.statements.RunBefores.evaluate(RunBefores.java:26)
	at org.junit.internal.runners.statements.RunAfters.evaluate(RunAfters.java:27)
	at org.junit.rules.ExpectedException$ExpectedExceptionStatement.evaluate(ExpectedException.java:168)
	at org.junit.internal.runners.statements.FailOnTimeout$StatementThread.run(FailOnTimeout.java:74)

Jan 11, 2021 1:56:00 PM org.apache.ratis.thirdparty.io.grpc.internal.ManagedChannelOrphanWrapper$ManagedChannelReference cleanQueue
SEVERE: *~*~*~ Channel ManagedChannelImpl{logId=1078, target=172.17.0.2:45353} was not shutdown properly!!! ~*~*~*
    Make sure to call shutdown()/shutdownNow() and wait until awaitTermination() returns true.
java.lang.RuntimeException: ManagedChannel allocation site
	at org.apache.ratis.thirdparty.io.grpc.internal.ManagedChannelOrphanWrapper$ManagedChannelReference.<init>(ManagedChannelOrphanWrapper.java:93)
	at org.apache.ratis.thirdparty.io.grpc.internal.ManagedChannelOrphanWrapper.<init>(ManagedChannelOrphanWrapper.java:53)
	at org.apache.ratis.thirdparty.io.grpc.internal.ManagedChannelOrphanWrapper.<init>(ManagedChannelOrphanWrapper.java:44)
	at org.apache.ratis.thirdparty.io.grpc.internal.AbstractManagedChannelImplBuilder.build(AbstractManagedChannelImplBuilder.java:518)
	at org.apache.hadoop.hdds.scm.XceiverClientGrpc.connectToDatanode(XceiverClientGrpc.java:193)
	at org.apache.hadoop.hdds.scm.XceiverClientGrpc.connect(XceiverClientGrpc.java:142)
	at org.apache.hadoop.hdds.scm.XceiverClientManager$2.call(XceiverClientManager.java:240)
	at org.apache.hadoop.hdds.scm.XceiverClientManager$2.call(XceiverClientManager.java:224)
	at com.google.common.cache.LocalCache$LocalManualCache$1.load(LocalCache.java:4876)
	at com.google.common.cache.LocalCache$LoadingValueReference.loadFuture(LocalCache.java:3529)
	at com.google.common.cache.LocalCache$Segment.loadSync(LocalCache.java:2278)
	at com.google.common.cache.LocalCache$Segment.lockedGetOrLoad(LocalCache.java:2155)
	at com.google.common.cache.LocalCache$Segment.get(LocalCache.java:2045)
	at com.google.common.cache.LocalCache.get(LocalCache.java:3951)
	at com.google.common.cache.LocalCache$LocalManualCache.get(LocalCache.java:4871)
	at org.apache.hadoop.hdds.scm.XceiverClientManager.getClient(XceiverClientManager.java:224)
	at org.apache.hadoop.hdds.scm.XceiverClientManager.acquireClient(XceiverClientManager.java:170)
	at org.apache.hadoop.hdds.scm.XceiverClientManager.acquireClientForReadData(XceiverClientManager.java:159)
	at org.apache.hadoop.hdds.scm.storage.BlockInputStream.acquireClient(BlockInputStream.java:220)
	at org.apache.hadoop.hdds.scm.storage.BlockInputStream.getChunkInfos(BlockInputStream.java:194)
	at org.apache.hadoop.hdds.scm.storage.BlockInputStream.initialize(BlockInputStream.java:135)
	at org.apache.hadoop.hdds.scm.storage.BlockInputStream.read(BlockInputStream.java:269)
	at org.apache.hadoop.ozone.client.io.KeyInputStream.read(KeyInputStream.java:199)
	at org.apache.hadoop.ozone.client.io.OzoneInputStream.read(OzoneInputStream.java:49)
	at java.io.InputStream.read(InputStream.java:101)
	at org.apache.hadoop.ozone.om.TestOzoneManagerHA.testCreateFile(TestOzoneManagerHA.java:321)
	at org.apache.hadoop.ozone.om.TestOzoneManagerHAWithData.testFileOperationsWithNonRecursive(TestOzoneManagerHAWithData.java:204)
	at sun.reflect.NativeMethodAccessorImpl.invoke0(Native Method)
	at sun.reflect.NativeMethodAccessorImpl.invoke(NativeMethodAccessorImpl.java:62)
	at sun.reflect.DelegatingMethodAccessorImpl.invoke(DelegatingMethodAccessorImpl.java:43)
	at java.lang.reflect.Method.invoke(Method.java:498)
	at org.junit.runners.model.FrameworkMethod$1.runReflectiveCall(FrameworkMethod.java:47)
	at org.junit.internal.runners.model.ReflectiveCallable.run(ReflectiveCallable.java:12)
	at org.junit.runners.model.FrameworkMethod.invokeExplosively(FrameworkMethod.java:44)
	at org.junit.internal.runners.statements.InvokeMethod.evaluate(InvokeMethod.java:17)
	at org.junit.internal.runners.statements.RunBefores.evaluate(RunBefores.java:26)
	at org.junit.internal.runners.statements.RunAfters.evaluate(RunAfters.java:27)
	at org.junit.rules.ExpectedException$ExpectedExceptionStatement.evaluate(ExpectedException.java:168)
	at org.junit.internal.runners.statements.FailOnTimeout$StatementThread.run(FailOnTimeout.java:74)

Jan 11, 2021 1:56:00 PM org.apache.ratis.thirdparty.io.grpc.internal.ManagedChannelOrphanWrapper$ManagedChannelReference cleanQueue
SEVERE: *~*~*~ Channel ManagedChannelImpl{logId=851, target=172.17.0.2:45479} was not shutdown properly!!! ~*~*~*
    Make sure to call shutdown()/shutdownNow() and wait until awaitTermination() returns true.
java.lang.RuntimeException: ManagedChannel allocation site
	at org.apache.ratis.thirdparty.io.grpc.internal.ManagedChannelOrphanWrapper$ManagedChannelReference.<init>(ManagedChannelOrphanWrapper.java:93)
	at org.apache.ratis.thirdparty.io.grpc.internal.ManagedChannelOrphanWrapper.<init>(ManagedChannelOrphanWrapper.java:53)
	at org.apache.ratis.thirdparty.io.grpc.internal.ManagedChannelOrphanWrapper.<init>(ManagedChannelOrphanWrapper.java:44)
	at org.apache.ratis.thirdparty.io.grpc.internal.AbstractManagedChannelImplBuilder.build(AbstractManagedChannelImplBuilder.java:518)
	at org.apache.hadoop.hdds.scm.XceiverClientGrpc.connectToDatanode(XceiverClientGrpc.java:193)
	at org.apache.hadoop.hdds.scm.XceiverClientGrpc.connect(XceiverClientGrpc.java:142)
	at org.apache.hadoop.hdds.scm.XceiverClientManager$2.call(XceiverClientManager.java:240)
	at org.apache.hadoop.hdds.scm.XceiverClientManager$2.call(XceiverClientManager.java:224)
	at com.google.common.cache.LocalCache$LocalManualCache$1.load(LocalCache.java:4876)
	at com.google.common.cache.LocalCache$LoadingValueReference.loadFuture(LocalCache.java:3529)
	at com.google.common.cache.LocalCache$Segment.loadSync(LocalCache.java:2278)
	at com.google.common.cache.LocalCache$Segment.lockedGetOrLoad(LocalCache.java:2155)
	at com.google.common.cache.LocalCache$Segment.get(LocalCache.java:2045)
	at com.google.common.cache.LocalCache.get(LocalCache.java:3951)
	at com.google.common.cache.LocalCache$LocalManualCache.get(LocalCache.java:4871)
	at org.apache.hadoop.hdds.scm.XceiverClientManager.getClient(XceiverClientManager.java:224)
	at org.apache.hadoop.hdds.scm.XceiverClientManager.acquireClient(XceiverClientManager.java:170)
	at org.apache.hadoop.hdds.scm.XceiverClientManager.acquireClient(XceiverClientManager.java:144)
	at org.apache.hadoop.hdds.scm.storage.BlockOutputStream.<init>(BlockOutputStream.java:152)
	at org.apache.hadoop.ozone.client.io.BlockOutputStreamEntry.checkStream(BlockOutputStreamEntry.java:98)
	at org.apache.hadoop.ozone.client.io.BlockOutputStreamEntry.write(BlockOutputStreamEntry.java:114)
	at org.apache.hadoop.ozone.client.io.KeyOutputStream.writeToOutputStream(KeyOutputStream.java:256)
	at org.apache.hadoop.ozone.client.io.KeyOutputStream.handleWrite(KeyOutputStream.java:234)
	at org.apache.hadoop.ozone.client.io.KeyOutputStream.write(KeyOutputStream.java:214)
	at org.apache.hadoop.ozone.client.io.OzoneOutputStream.write(OzoneOutputStream.java:49)
	at org.apache.hadoop.ozone.om.TestOzoneManagerHAWithData.createKeyTest(TestOzoneManagerHAWithData.java:391)
	at org.apache.hadoop.ozone.om.TestOzoneManagerHAWithData.testIncrementalWaitTimeWithSameNodeFailover(TestOzoneManagerHAWithData.java:308)
	at sun.reflect.NativeMethodAccessorImpl.invoke0(Native Method)
	at sun.reflect.NativeMethodAccessorImpl.invoke(NativeMethodAccessorImpl.java:62)
	at sun.reflect.DelegatingMethodAccessorImpl.invoke(DelegatingMethodAccessorImpl.java:43)
	at java.lang.reflect.Method.invoke(Method.java:498)
	at org.junit.runners.model.FrameworkMethod$1.runReflectiveCall(FrameworkMethod.java:47)
	at org.junit.internal.runners.model.ReflectiveCallable.run(ReflectiveCallable.java:12)
	at org.junit.runners.model.FrameworkMethod.invokeExplosively(FrameworkMethod.java:44)
	at org.junit.internal.runners.statements.InvokeMethod.evaluate(InvokeMethod.java:17)
	at org.junit.internal.runners.statements.RunBefores.evaluate(RunBefores.java:26)
	at org.junit.internal.runners.statements.RunAfters.evaluate(RunAfters.java:27)
	at org.junit.rules.ExpectedException$ExpectedExceptionStatement.evaluate(ExpectedException.java:168)
	at org.junit.internal.runners.statements.FailOnTimeout$StatementThread.run(FailOnTimeout.java:74)

Jan 11, 2021 1:56:00 PM org.apache.ratis.thirdparty.io.grpc.internal.ManagedChannelOrphanWrapper$ManagedChannelReference cleanQueue
SEVERE: *~*~*~ Channel ManagedChannelImpl{logId=592, target=172.17.0.2:44307} was not shutdown properly!!! ~*~*~*
    Make sure to call shutdown()/shutdownNow() and wait until awaitTermination() returns true.
java.lang.RuntimeException: ManagedChannel allocation site
	at org.apache.ratis.thirdparty.io.grpc.internal.ManagedChannelOrphanWrapper$ManagedChannelReference.<init>(ManagedChannelOrphanWrapper.java:93)
	at org.apache.ratis.thirdparty.io.grpc.internal.ManagedChannelOrphanWrapper.<init>(ManagedChannelOrphanWrapper.java:53)
	at org.apache.ratis.thirdparty.io.grpc.internal.ManagedChannelOrphanWrapper.<init>(ManagedChannelOrphanWrapper.java:44)
	at org.apache.ratis.thirdparty.io.grpc.internal.AbstractManagedChannelImplBuilder.build(AbstractManagedChannelImplBuilder.java:518)
	at org.apache.ratis.grpc.client.GrpcClientProtocolClient.<init>(GrpcClientProtocolClient.java:135)
	at org.apache.ratis.grpc.client.GrpcClientRpc.lambda$new$0(GrpcClientRpc.java:57)
	at org.apache.ratis.util.PeerProxyMap$PeerAndProxy.lambda$getProxy$0(PeerProxyMap.java:63)
	at org.apache.ratis.util.LifeCycle.startAndTransition(LifeCycle.java:270)
	at org.apache.ratis.util.PeerProxyMap$PeerAndProxy.getProxy(PeerProxyMap.java:62)
	at org.apache.ratis.util.PeerProxyMap.getProxy(PeerProxyMap.java:114)
	at org.apache.ratis.grpc.client.GrpcClientRpc.sendRequestAsync(GrpcClientRpc.java:68)
	at org.apache.ratis.client.impl.OrderedAsync.sendRequest(OrderedAsync.java:235)
	at org.apache.ratis.client.impl.OrderedAsync.sendRequestWithRetry(OrderedAsync.java:189)
	at org.apache.ratis.util.SlidingWindow$Client.sendOrDelayRequest(SlidingWindow.java:278)
	at org.apache.ratis.util.SlidingWindow$Client.submitNewRequest(SlidingWindow.java:257)
	at org.apache.ratis.client.impl.OrderedAsync.send(OrderedAsync.java:170)
	at org.apache.ratis.client.impl.OrderedAsync.newInstance(OrderedAsync.java:118)
	at org.apache.ratis.client.impl.RaftClientImpl.lambda$new$0(RaftClientImpl.java:148)
	at org.apache.ratis.util.MemoizedSupplier.get(MemoizedSupplier.java:62)
	at org.apache.ratis.client.impl.RaftClientImpl.getOrderedAsync(RaftClientImpl.java:201)
	at org.apache.ratis.client.impl.AsyncImpl.send(AsyncImpl.java:41)
	at org.apache.ratis.client.impl.AsyncImpl.send(AsyncImpl.java:46)
	at org.apache.hadoop.hdds.scm.XceiverClientRatis.lambda$sendRequestAsync$3(XceiverClientRatis.java:225)
	at org.apache.hadoop.hdds.tracing.TracingUtil.executeInNewSpan(TracingUtil.java:159)
	at org.apache.hadoop.hdds.scm.XceiverClientRatis.sendRequestAsync(XceiverClientRatis.java:210)
	at org.apache.hadoop.hdds.scm.XceiverClientRatis.sendCommandAsync(XceiverClientRatis.java:306)
	at org.apache.hadoop.hdds.scm.storage.ContainerProtocolCalls.writeChunkAsync(ContainerProtocolCalls.java:304)
	at org.apache.hadoop.hdds.scm.storage.BlockOutputStream.writeChunkToContainer(BlockOutputStream.java:664)
	at org.apache.hadoop.hdds.scm.storage.BlockOutputStream.writeChunk(BlockOutputStream.java:506)
	at org.apache.hadoop.hdds.scm.storage.BlockOutputStream.handleFlush(BlockOutputStream.java:520)
	at org.apache.hadoop.hdds.scm.storage.BlockOutputStream.close(BlockOutputStream.java:547)
	at org.apache.hadoop.ozone.client.io.BlockOutputStreamEntry.close(BlockOutputStreamEntry.java:129)
	at org.apache.hadoop.ozone.client.io.KeyOutputStream.handleStreamAction(KeyOutputStream.java:497)
	at org.apache.hadoop.ozone.client.io.KeyOutputStream.handleFlushOrClose(KeyOutputStream.java:471)
	at org.apache.hadoop.ozone.client.io.KeyOutputStream.close(KeyOutputStream.java:524)
	at org.apache.hadoop.ozone.client.io.OzoneOutputStream.close(OzoneOutputStream.java:60)
	at org.apache.hadoop.ozone.om.TestOzoneManagerHA.testCreateFile(TestOzoneManagerHA.java:308)
	at org.apache.hadoop.ozone.om.TestOzoneManagerHAWithData.testKeysDelete(TestOzoneManagerHAWithData.java:166)
	at sun.reflect.NativeMethodAccessorImpl.invoke0(Native Method)
	at sun.reflect.NativeMethodAccessorImpl.invoke(NativeMethodAccessorImpl.java:62)
	at sun.reflect.DelegatingMethodAccessorImpl.invoke(DelegatingMethodAccessorImpl.java:43)
	at java.lang.reflect.Method.invoke(Method.java:498)
	at org.junit.runners.model.FrameworkMethod$1.runReflectiveCall(FrameworkMethod.java:47)
	at org.junit.internal.runners.model.ReflectiveCallable.run(ReflectiveCallable.java:12)
	at org.junit.runners.model.FrameworkMethod.invokeExplosively(FrameworkMethod.java:44)
	at org.junit.internal.runners.statements.InvokeMethod.evaluate(InvokeMethod.java:17)
	at org.junit.internal.runners.statements.RunBefores.evaluate(RunBefores.java:26)
	at org.junit.internal.runners.statements.RunAfters.evaluate(RunAfters.java:27)
	at org.junit.rules.ExpectedException$ExpectedExceptionStatement.evaluate(ExpectedException.java:168)
	at org.junit.internal.runners.statements.FailOnTimeout$StatementThread.run(FailOnTimeout.java:74)

Jan 11, 2021 1:56:00 PM org.apache.ratis.thirdparty.io.grpc.internal.ManagedChannelOrphanWrapper$ManagedChannelReference cleanQueue
SEVERE: *~*~*~ Channel ManagedChannelImpl{logId=612, target=172.17.0.2:44941} was not shutdown properly!!! ~*~*~*
    Make sure to call shutdown()/shutdownNow() and wait until awaitTermination() returns true.
java.lang.RuntimeException: ManagedChannel allocation site
	at org.apache.ratis.thirdparty.io.grpc.internal.ManagedChannelOrphanWrapper$ManagedChannelReference.<init>(ManagedChannelOrphanWrapper.java:93)
	at org.apache.ratis.thirdparty.io.grpc.internal.ManagedChannelOrphanWrapper.<init>(ManagedChannelOrphanWrapper.java:53)
	at org.apache.ratis.thirdparty.io.grpc.internal.ManagedChannelOrphanWrapper.<init>(ManagedChannelOrphanWrapper.java:44)
	at org.apache.ratis.thirdparty.io.grpc.internal.AbstractManagedChannelImplBuilder.build(AbstractManagedChannelImplBuilder.java:518)
	at org.apache.ratis.grpc.client.GrpcClientProtocolClient.<init>(GrpcClientProtocolClient.java:135)
	at org.apache.ratis.grpc.client.GrpcClientRpc.lambda$new$0(GrpcClientRpc.java:57)
	at org.apache.ratis.util.PeerProxyMap$PeerAndProxy.lambda$getProxy$0(PeerProxyMap.java:63)
	at org.apache.ratis.util.LifeCycle.startAndTransition(LifeCycle.java:270)
	at org.apache.ratis.util.PeerProxyMap$PeerAndProxy.getProxy(PeerProxyMap.java:62)
	at org.apache.ratis.util.PeerProxyMap.getProxy(PeerProxyMap.java:114)
	at org.apache.ratis.grpc.client.GrpcClientRpc.sendRequestAsync(GrpcClientRpc.java:68)
	at org.apache.ratis.client.impl.OrderedAsync.sendRequest(OrderedAsync.java:235)
	at org.apache.ratis.client.impl.OrderedAsync.sendRequestWithRetry(OrderedAsync.java:189)
	at org.apache.ratis.util.SlidingWindow$Client.sendOrDelayRequest(SlidingWindow.java:278)
	at org.apache.ratis.util.SlidingWindow$Client.submitNewRequest(SlidingWindow.java:257)
	at org.apache.ratis.client.impl.OrderedAsync.send(OrderedAsync.java:170)
	at org.apache.ratis.client.impl.OrderedAsync.newInstance(OrderedAsync.java:118)
	at org.apache.ratis.client.impl.RaftClientImpl.lambda$new$0(RaftClientImpl.java:148)
	at org.apache.ratis.util.MemoizedSupplier.get(MemoizedSupplier.java:62)
	at org.apache.ratis.client.impl.RaftClientImpl.getOrderedAsync(RaftClientImpl.java:201)
	at org.apache.ratis.client.impl.AsyncImpl.send(AsyncImpl.java:41)
	at org.apache.ratis.client.impl.AsyncImpl.send(AsyncImpl.java:46)
	at org.apache.hadoop.hdds.scm.XceiverClientRatis.lambda$sendRequestAsync$3(XceiverClientRatis.java:225)
	at org.apache.hadoop.hdds.tracing.TracingUtil.executeInNewSpan(TracingUtil.java:159)
	at org.apache.hadoop.hdds.scm.XceiverClientRatis.sendRequestAsync(XceiverClientRatis.java:210)
	at org.apache.hadoop.hdds.scm.XceiverClientRatis.sendCommandAsync(XceiverClientRatis.java:306)
	at org.apache.hadoop.hdds.scm.storage.ContainerProtocolCalls.writeChunkAsync(ContainerProtocolCalls.java:304)
	at org.apache.hadoop.hdds.scm.storage.BlockOutputStream.writeChunkToContainer(BlockOutputStream.java:664)
	at org.apache.hadoop.hdds.scm.storage.BlockOutputStream.writeChunk(BlockOutputStream.java:506)
	at org.apache.hadoop.hdds.scm.storage.BlockOutputStream.handleFlush(BlockOutputStream.java:520)
	at org.apache.hadoop.hdds.scm.storage.BlockOutputStream.close(BlockOutputStream.java:547)
	at org.apache.hadoop.ozone.client.io.BlockOutputStreamEntry.close(BlockOutputStreamEntry.java:129)
	at org.apache.hadoop.ozone.client.io.KeyOutputStream.handleStreamAction(KeyOutputStream.java:497)
	at org.apache.hadoop.ozone.client.io.KeyOutputStream.handleFlushOrClose(KeyOutputStream.java:471)
	at org.apache.hadoop.ozone.client.io.KeyOutputStream.close(KeyOutputStream.java:524)
	at org.apache.hadoop.ozone.client.io.OzoneOutputStream.close(OzoneOutputStream.java:60)
	at org.apache.hadoop.ozone.om.TestOzoneManagerHA.testCreateFile(TestOzoneManagerHA.java:308)
	at org.apache.hadoop.ozone.om.TestOzoneManagerHAWithData.testKeysDelete(TestOzoneManagerHAWithData.java:168)
	at sun.reflect.NativeMethodAccessorImpl.invoke0(Native Method)
	at sun.reflect.NativeMethodAccessorImpl.invoke(NativeMethodAccessorImpl.java:62)
	at sun.reflect.DelegatingMethodAccessorImpl.invoke(DelegatingMethodAccessorImpl.java:43)
	at java.lang.reflect.Method.invoke(Method.java:498)
	at org.junit.runners.model.FrameworkMethod$1.runReflectiveCall(FrameworkMethod.java:47)
	at org.junit.internal.runners.model.ReflectiveCallable.run(ReflectiveCallable.java:12)
	at org.junit.runners.model.FrameworkMethod.invokeExplosively(FrameworkMethod.java:44)
	at org.junit.internal.runners.statements.InvokeMethod.evaluate(InvokeMethod.java:17)
	at org.junit.internal.runners.statements.RunBefores.evaluate(RunBefores.java:26)
	at org.junit.internal.runners.statements.RunAfters.evaluate(RunAfters.java:27)
	at org.junit.rules.ExpectedException$ExpectedExceptionStatement.evaluate(ExpectedException.java:168)
	at org.junit.internal.runners.statements.FailOnTimeout$StatementThread.run(FailOnTimeout.java:74)

Jan 11, 2021 1:56:00 PM org.apache.ratis.thirdparty.io.grpc.internal.ManagedChannelOrphanWrapper$ManagedChannelReference cleanQueue
SEVERE: *~*~*~ Channel ManagedChannelImpl{logId=343, target=172.17.0.2:35909} was not shutdown properly!!! ~*~*~*
    Make sure to call shutdown()/shutdownNow() and wait until awaitTermination() returns true.
java.lang.RuntimeException: ManagedChannel allocation site
	at org.apache.ratis.thirdparty.io.grpc.internal.ManagedChannelOrphanWrapper$ManagedChannelReference.<init>(ManagedChannelOrphanWrapper.java:93)
	at org.apache.ratis.thirdparty.io.grpc.internal.ManagedChannelOrphanWrapper.<init>(ManagedChannelOrphanWrapper.java:53)
	at org.apache.ratis.thirdparty.io.grpc.internal.ManagedChannelOrphanWrapper.<init>(ManagedChannelOrphanWrapper.java:44)
	at org.apache.ratis.thirdparty.io.grpc.internal.AbstractManagedChannelImplBuilder.build(AbstractManagedChannelImplBuilder.java:518)
	at org.apache.ratis.grpc.client.GrpcClientProtocolClient.<init>(GrpcClientProtocolClient.java:135)
	at org.apache.ratis.grpc.client.GrpcClientRpc.lambda$new$0(GrpcClientRpc.java:57)
	at org.apache.ratis.util.PeerProxyMap$PeerAndProxy.lambda$getProxy$0(PeerProxyMap.java:63)
	at org.apache.ratis.util.LifeCycle.startAndTransition(LifeCycle.java:270)
	at org.apache.ratis.util.PeerProxyMap$PeerAndProxy.getProxy(PeerProxyMap.java:62)
	at org.apache.ratis.util.PeerProxyMap.getProxy(PeerProxyMap.java:114)
	at org.apache.ratis.grpc.client.GrpcClientRpc.sendRequestAsync(GrpcClientRpc.java:68)
	at org.apache.ratis.client.impl.OrderedAsync.sendRequest(OrderedAsync.java:235)
	at org.apache.ratis.client.impl.OrderedAsync.sendRequestWithRetry(OrderedAsync.java:189)
	at org.apache.ratis.util.SlidingWindow$Client.sendOrDelayRequest(SlidingWindow.java:278)
	at org.apache.ratis.util.SlidingWindow$Client.retry(SlidingWindow.java:294)
	at org.apache.ratis.client.impl.OrderedAsync.lambda$scheduleWithTimeout$7(OrderedAsync.java:222)
	at org.apache.ratis.util.TimeoutScheduler.lambda$onTimeout$0(TimeoutScheduler.java:141)
	at org.apache.ratis.util.TimeoutScheduler.lambda$onTimeout$1(TimeoutScheduler.java:155)
	at org.apache.ratis.util.LogUtils.runAndLog(LogUtils.java:38)
	at org.apache.ratis.util.LogUtils$1.run(LogUtils.java:79)
	at java.util.concurrent.Executors$RunnableAdapter.call(Executors.java:511)
	at java.util.concurrent.FutureTask.run(FutureTask.java:266)
	at java.util.concurrent.ScheduledThreadPoolExecutor$ScheduledFutureTask.access$201(ScheduledThreadPoolExecutor.java:180)
	at java.util.concurrent.ScheduledThreadPoolExecutor$ScheduledFutureTask.run(ScheduledThreadPoolExecutor.java:293)
	at java.util.concurrent.ThreadPoolExecutor.runWorker(ThreadPoolExecutor.java:1149)
	at java.util.concurrent.ThreadPoolExecutor$Worker.run(ThreadPoolExecutor.java:624)
	at java.lang.Thread.run(Thread.java:748)

Jan 11, 2021 1:56:00 PM org.apache.ratis.thirdparty.io.grpc.internal.ManagedChannelOrphanWrapper$ManagedChannelReference cleanQueue
SEVERE: *~*~*~ Channel ManagedChannelImpl{logId=348, target=172.17.0.2:36431} was not shutdown properly!!! ~*~*~*
    Make sure to call shutdown()/shutdownNow() and wait until awaitTermination() returns true.
java.lang.RuntimeException: ManagedChannel allocation site
	at org.apache.ratis.thirdparty.io.grpc.internal.ManagedChannelOrphanWrapper$ManagedChannelReference.<init>(ManagedChannelOrphanWrapper.java:93)
	at org.apache.ratis.thirdparty.io.grpc.internal.ManagedChannelOrphanWrapper.<init>(ManagedChannelOrphanWrapper.java:53)
	at org.apache.ratis.thirdparty.io.grpc.internal.ManagedChannelOrphanWrapper.<init>(ManagedChannelOrphanWrapper.java:44)
	at org.apache.ratis.thirdparty.io.grpc.internal.AbstractManagedChannelImplBuilder.build(AbstractManagedChannelImplBuilder.java:518)
	at org.apache.hadoop.hdds.scm.XceiverClientGrpc.connectToDatanode(XceiverClientGrpc.java:193)
	at org.apache.hadoop.hdds.scm.XceiverClientGrpc.connect(XceiverClientGrpc.java:142)
	at org.apache.hadoop.hdds.scm.XceiverClientManager$2.call(XceiverClientManager.java:240)
	at org.apache.hadoop.hdds.scm.XceiverClientManager$2.call(XceiverClientManager.java:224)
	at com.google.common.cache.LocalCache$LocalManualCache$1.load(LocalCache.java:4876)
	at com.google.common.cache.LocalCache$LoadingValueReference.loadFuture(LocalCache.java:3529)
	at com.google.common.cache.LocalCache$Segment.loadSync(LocalCache.java:2278)
	at com.google.common.cache.LocalCache$Segment.lockedGetOrLoad(LocalCache.java:2155)
	at com.google.common.cache.LocalCache$Segment.get(LocalCache.java:2045)
	at com.google.common.cache.LocalCache.get(LocalCache.java:3951)
	at com.google.common.cache.LocalCache$LocalManualCache.get(LocalCache.java:4871)
	at org.apache.hadoop.hdds.scm.XceiverClientManager.getClient(XceiverClientManager.java:224)
	at org.apache.hadoop.hdds.scm.XceiverClientManager.acquireClient(XceiverClientManager.java:170)
	at org.apache.hadoop.hdds.scm.XceiverClientManager.acquireClientForReadData(XceiverClientManager.java:159)
	at org.apache.hadoop.hdds.scm.storage.BlockInputStream.acquireClient(BlockInputStream.java:220)
	at org.apache.hadoop.hdds.scm.storage.BlockInputStream.getChunkInfos(BlockInputStream.java:194)
	at org.apache.hadoop.hdds.scm.storage.BlockInputStream.initialize(BlockInputStream.java:135)
	at org.apache.hadoop.hdds.scm.storage.BlockInputStream.read(BlockInputStream.java:269)
	at org.apache.hadoop.ozone.client.io.KeyInputStream.read(KeyInputStream.java:199)
	at org.apache.hadoop.ozone.client.io.OzoneInputStream.read(OzoneInputStream.java:49)
	at java.io.InputStream.read(InputStream.java:101)
	at org.apache.hadoop.ozone.om.TestOzoneManagerHA.testCreateFile(TestOzoneManagerHA.java:321)
	at org.apache.hadoop.ozone.om.TestOzoneManagerHAWithData.testFileOperationsWithRecursive(TestOzoneManagerHAWithData.java:126)
	at sun.reflect.NativeMethodAccessorImpl.invoke0(Native Method)
	at sun.reflect.NativeMethodAccessorImpl.invoke(NativeMethodAccessorImpl.java:62)
	at sun.reflect.DelegatingMethodAccessorImpl.invoke(DelegatingMethodAccessorImpl.java:43)
	at java.lang.reflect.Method.invoke(Method.java:498)
	at org.junit.runners.model.FrameworkMethod$1.runReflectiveCall(FrameworkMethod.java:47)
	at org.junit.internal.runners.model.ReflectiveCallable.run(ReflectiveCallable.java:12)
	at org.junit.runners.model.FrameworkMethod.invokeExplosively(FrameworkMethod.java:44)
	at org.junit.internal.runners.statements.InvokeMethod.evaluate(InvokeMethod.java:17)
	at org.junit.internal.runners.statements.RunBefores.evaluate(RunBefores.java:26)
	at org.junit.internal.runners.statements.RunAfters.evaluate(RunAfters.java:27)
	at org.junit.rules.ExpectedException$ExpectedExceptionStatement.evaluate(ExpectedException.java:168)
	at org.junit.internal.runners.statements.FailOnTimeout$StatementThread.run(FailOnTimeout.java:74)

Jan 11, 2021 1:56:00 PM org.apache.ratis.thirdparty.io.grpc.internal.ManagedChannelOrphanWrapper$ManagedChannelReference cleanQueue
SEVERE: *~*~*~ Channel ManagedChannelImpl{logId=729, target=172.17.0.2:39421} was not shutdown properly!!! ~*~*~*
    Make sure to call shutdown()/shutdownNow() and wait until awaitTermination() returns true.
java.lang.RuntimeException: ManagedChannel allocation site
	at org.apache.ratis.thirdparty.io.grpc.internal.ManagedChannelOrphanWrapper$ManagedChannelReference.<init>(ManagedChannelOrphanWrapper.java:93)
	at org.apache.ratis.thirdparty.io.grpc.internal.ManagedChannelOrphanWrapper.<init>(ManagedChannelOrphanWrapper.java:53)
	at org.apache.ratis.thirdparty.io.grpc.internal.ManagedChannelOrphanWrapper.<init>(ManagedChannelOrphanWrapper.java:44)
	at org.apache.ratis.thirdparty.io.grpc.internal.AbstractManagedChannelImplBuilder.build(AbstractManagedChannelImplBuilder.java:518)
	at org.apache.hadoop.hdds.scm.XceiverClientGrpc.connectToDatanode(XceiverClientGrpc.java:193)
	at org.apache.hadoop.hdds.scm.XceiverClientGrpc.connect(XceiverClientGrpc.java:142)
	at org.apache.hadoop.hdds.scm.XceiverClientManager$2.call(XceiverClientManager.java:240)
	at org.apache.hadoop.hdds.scm.XceiverClientManager$2.call(XceiverClientManager.java:224)
	at com.google.common.cache.LocalCache$LocalManualCache$1.load(LocalCache.java:4876)
	at com.google.common.cache.LocalCache$LoadingValueReference.loadFuture(LocalCache.java:3529)
	at com.google.common.cache.LocalCache$Segment.loadSync(LocalCache.java:2278)
	at com.google.common.cache.LocalCache$Segment.lockedGetOrLoad(LocalCache.java:2155)
	at com.google.common.cache.LocalCache$Segment.get(LocalCache.java:2045)
	at com.google.common.cache.LocalCache.get(LocalCache.java:3951)
	at com.google.common.cache.LocalCache$LocalManualCache.get(LocalCache.java:4871)
	at org.apache.hadoop.hdds.scm.XceiverClientManager.getClient(XceiverClientManager.java:224)
	at org.apache.hadoop.hdds.scm.XceiverClientManager.acquireClient(XceiverClientManager.java:170)
	at org.apache.hadoop.hdds.scm.XceiverClientManager.acquireClient(XceiverClientManager.java:144)
	at org.apache.hadoop.hdds.scm.storage.BlockOutputStream.<init>(BlockOutputStream.java:152)
	at org.apache.hadoop.ozone.client.io.BlockOutputStreamEntry.checkStream(BlockOutputStreamEntry.java:98)
	at org.apache.hadoop.ozone.client.io.BlockOutputStreamEntry.write(BlockOutputStreamEntry.java:114)
	at org.apache.hadoop.ozone.client.io.KeyOutputStream.writeToOutputStream(KeyOutputStream.java:256)
	at org.apache.hadoop.ozone.client.io.KeyOutputStream.handleWrite(KeyOutputStream.java:234)
	at org.apache.hadoop.ozone.client.io.KeyOutputStream.write(KeyOutputStream.java:214)
	at org.apache.hadoop.ozone.client.io.OzoneOutputStream.write(OzoneOutputStream.java:49)
	at org.apache.hadoop.ozone.om.TestOzoneManagerHAWithData.createKeyTest(TestOzoneManagerHAWithData.java:391)
	at org.apache.hadoop.ozone.om.TestOzoneManagerHAWithData.testAllOMNodesRunning(TestOzoneManagerHAWithData.java:68)
	at sun.reflect.NativeMethodAccessorImpl.invoke0(Native Method)
	at sun.reflect.NativeMethodAccessorImpl.invoke(NativeMethodAccessorImpl.java:62)
	at sun.reflect.DelegatingMethodAccessorImpl.invoke(DelegatingMethodAccessorImpl.java:43)
	at java.lang.reflect.Method.invoke(Method.java:498)
	at org.junit.runners.model.FrameworkMethod$1.runReflectiveCall(FrameworkMethod.java:47)
	at org.junit.internal.runners.model.ReflectiveCallable.run(ReflectiveCallable.java:12)
	at org.junit.runners.model.FrameworkMethod.invokeExplosively(FrameworkMethod.java:44)
	at org.junit.internal.runners.statements.InvokeMethod.evaluate(InvokeMethod.java:17)
	at org.junit.internal.runners.statements.RunBefores.evaluate(RunBefores.java:26)
	at org.junit.internal.runners.statements.RunAfters.evaluate(RunAfters.java:27)
	at org.junit.rules.ExpectedException$ExpectedExceptionStatement.evaluate(ExpectedException.java:168)
	at org.junit.internal.runners.statements.FailOnTimeout$StatementThread.run(FailOnTimeout.java:74)

Jan 11, 2021 1:56:00 PM org.apache.ratis.thirdparty.io.grpc.internal.ManagedChannelOrphanWrapper$ManagedChannelReference cleanQueue
SEVERE: *~*~*~ Channel ManagedChannelImpl{logId=110, target=172.17.0.2:46501} was not shutdown properly!!! ~*~*~*
    Make sure to call shutdown()/shutdownNow() and wait until awaitTermination() returns true.
java.lang.RuntimeException: ManagedChannel allocation site
	at org.apache.ratis.thirdparty.io.grpc.internal.ManagedChannelOrphanWrapper$ManagedChannelReference.<init>(ManagedChannelOrphanWrapper.java:93)
	at org.apache.ratis.thirdparty.io.grpc.internal.ManagedChannelOrphanWrapper.<init>(ManagedChannelOrphanWrapper.java:53)
	at org.apache.ratis.thirdparty.io.grpc.internal.ManagedChannelOrphanWrapper.<init>(ManagedChannelOrphanWrapper.java:44)
	at org.apache.ratis.thirdparty.io.grpc.internal.AbstractManagedChannelImplBuilder.build(AbstractManagedChannelImplBuilder.java:518)
	at org.apache.ratis.grpc.client.GrpcClientProtocolClient.<init>(GrpcClientProtocolClient.java:135)
	at org.apache.ratis.grpc.client.GrpcClientRpc.lambda$new$0(GrpcClientRpc.java:57)
	at org.apache.ratis.util.PeerProxyMap$PeerAndProxy.lambda$getProxy$0(PeerProxyMap.java:63)
	at org.apache.ratis.util.LifeCycle.startAndTransition(LifeCycle.java:270)
	at org.apache.ratis.util.PeerProxyMap$PeerAndProxy.getProxy(PeerProxyMap.java:62)
	at org.apache.ratis.util.PeerProxyMap.getProxy(PeerProxyMap.java:114)
	at org.apache.ratis.grpc.client.GrpcClientRpc.sendRequestAsync(GrpcClientRpc.java:68)
	at org.apache.ratis.client.impl.OrderedAsync.sendRequest(OrderedAsync.java:235)
	at org.apache.ratis.client.impl.OrderedAsync.sendRequestWithRetry(OrderedAsync.java:189)
	at org.apache.ratis.util.SlidingWindow$Client.sendOrDelayRequest(SlidingWindow.java:278)
	at org.apache.ratis.util.SlidingWindow$Client.submitNewRequest(SlidingWindow.java:257)
	at org.apache.ratis.client.impl.OrderedAsync.send(OrderedAsync.java:170)
	at org.apache.ratis.client.impl.OrderedAsync.newInstance(OrderedAsync.java:118)
	at org.apache.ratis.client.impl.RaftClientImpl.lambda$new$0(RaftClientImpl.java:148)
	at org.apache.ratis.util.MemoizedSupplier.get(MemoizedSupplier.java:62)
	at org.apache.ratis.client.impl.RaftClientImpl.getOrderedAsync(RaftClientImpl.java:201)
	at org.apache.ratis.client.impl.AsyncImpl.send(AsyncImpl.java:41)
	at org.apache.ratis.client.impl.AsyncImpl.send(AsyncImpl.java:46)
	at org.apache.hadoop.hdds.scm.XceiverClientRatis.lambda$sendRequestAsync$3(XceiverClientRatis.java:225)
	at org.apache.hadoop.hdds.tracing.TracingUtil.executeInNewSpan(TracingUtil.java:159)
	at org.apache.hadoop.hdds.scm.XceiverClientRatis.sendRequestAsync(XceiverClientRatis.java:210)
	at org.apache.hadoop.hdds.scm.XceiverClientRatis.sendCommandAsync(XceiverClientRatis.java:306)
	at org.apache.hadoop.hdds.scm.storage.ContainerProtocolCalls.writeChunkAsync(ContainerProtocolCalls.java:304)
	at org.apache.hadoop.hdds.scm.storage.BlockOutputStream.writeChunkToContainer(BlockOutputStream.java:664)
	at org.apache.hadoop.hdds.scm.storage.BlockOutputStream.writeChunk(BlockOutputStream.java:506)
	at org.apache.hadoop.hdds.scm.storage.BlockOutputStream.handleFlush(BlockOutputStream.java:520)
	at org.apache.hadoop.hdds.scm.storage.BlockOutputStream.close(BlockOutputStream.java:547)
	at org.apache.hadoop.ozone.client.io.BlockOutputStreamEntry.close(BlockOutputStreamEntry.java:129)
	at org.apache.hadoop.ozone.client.io.KeyOutputStream.handleStreamAction(KeyOutputStream.java:497)
	at org.apache.hadoop.ozone.client.io.KeyOutputStream.handleFlushOrClose(KeyOutputStream.java:471)
	at org.apache.hadoop.ozone.client.io.KeyOutputStream.close(KeyOutputStream.java:524)
	at org.apache.hadoop.ozone.client.io.OzoneOutputStream.close(OzoneOutputStream.java:60)
	at org.apache.hadoop.ozone.om.TestOzoneManagerHAWithData.createMultipartKeyAndReadKey(TestOzoneManagerHAWithData.java:339)
	at org.apache.hadoop.ozone.om.TestOzoneManagerHAWithData.testMultipartUpload(TestOzoneManagerHAWithData.java:109)
	at sun.reflect.NativeMethodAccessorImpl.invoke0(Native Method)
	at sun.reflect.NativeMethodAccessorImpl.invoke(NativeMethodAccessorImpl.java:62)
	at sun.reflect.DelegatingMethodAccessorImpl.invoke(DelegatingMethodAccessorImpl.java:43)
	at java.lang.reflect.Method.invoke(Method.java:498)
	at org.junit.runners.model.FrameworkMethod$1.runReflectiveCall(FrameworkMethod.java:47)
	at org.junit.internal.runners.model.ReflectiveCallable.run(ReflectiveCallable.java:12)
	at org.junit.runners.model.FrameworkMethod.invokeExplosively(FrameworkMethod.java:44)
	at org.junit.internal.runners.statements.InvokeMethod.evaluate(InvokeMethod.java:17)
	at org.junit.internal.runners.statements.RunBefores.evaluate(RunBefores.java:26)
	at org.junit.internal.runners.statements.RunAfters.evaluate(RunAfters.java:27)
	at org.junit.rules.ExpectedException$ExpectedExceptionStatement.evaluate(ExpectedException.java:168)
	at org.junit.internal.runners.statements.FailOnTimeout$StatementThread.run(FailOnTimeout.java:74)

Jan 11, 2021 1:56:00 PM org.apache.ratis.thirdparty.io.grpc.internal.ManagedChannelOrphanWrapper$ManagedChannelReference cleanQueue
SEVERE: *~*~*~ Channel ManagedChannelImpl{logId=1236, target=172.17.0.2:36509} was not shutdown properly!!! ~*~*~*
    Make sure to call shutdown()/shutdownNow() and wait until awaitTermination() returns true.
java.lang.RuntimeException: ManagedChannel allocation site
	at org.apache.ratis.thirdparty.io.grpc.internal.ManagedChannelOrphanWrapper$ManagedChannelReference.<init>(ManagedChannelOrphanWrapper.java:93)
	at org.apache.ratis.thirdparty.io.grpc.internal.ManagedChannelOrphanWrapper.<init>(ManagedChannelOrphanWrapper.java:53)
	at org.apache.ratis.thirdparty.io.grpc.internal.ManagedChannelOrphanWrapper.<init>(ManagedChannelOrphanWrapper.java:44)
	at org.apache.ratis.thirdparty.io.grpc.internal.AbstractManagedChannelImplBuilder.build(AbstractManagedChannelImplBuilder.java:518)
	at org.apache.hadoop.hdds.scm.XceiverClientGrpc.connectToDatanode(XceiverClientGrpc.java:193)
	at org.apache.hadoop.hdds.scm.XceiverClientGrpc.connect(XceiverClientGrpc.java:142)
	at org.apache.hadoop.hdds.scm.XceiverClientManager$2.call(XceiverClientManager.java:240)
	at org.apache.hadoop.hdds.scm.XceiverClientManager$2.call(XceiverClientManager.java:224)
	at com.google.common.cache.LocalCache$LocalManualCache$1.load(LocalCache.java:4876)
	at com.google.common.cache.LocalCache$LoadingValueReference.loadFuture(LocalCache.java:3529)
	at com.google.common.cache.LocalCache$Segment.loadSync(LocalCache.java:2278)
	at com.google.common.cache.LocalCache$Segment.lockedGetOrLoad(LocalCache.java:2155)
	at com.google.common.cache.LocalCache$Segment.get(LocalCache.java:2045)
	at com.google.common.cache.LocalCache.get(LocalCache.java:3951)
	at com.google.common.cache.LocalCache$LocalManualCache.get(LocalCache.java:4871)
	at org.apache.hadoop.hdds.scm.XceiverClientManager.getClient(XceiverClientManager.java:224)
	at org.apache.hadoop.hdds.scm.XceiverClientManager.acquireClient(XceiverClientManager.java:170)
	at org.apache.hadoop.hdds.scm.XceiverClientManager.acquireClient(XceiverClientManager.java:144)
	at org.apache.hadoop.hdds.scm.storage.BlockOutputStream.<init>(BlockOutputStream.java:152)
	at org.apache.hadoop.ozone.client.io.BlockOutputStreamEntry.checkStream(BlockOutputStreamEntry.java:98)
	at org.apache.hadoop.ozone.client.io.BlockOutputStreamEntry.write(BlockOutputStreamEntry.java:114)
	at org.apache.hadoop.ozone.client.io.KeyOutputStream.writeToOutputStream(KeyOutputStream.java:256)
	at org.apache.hadoop.ozone.client.io.KeyOutputStream.handleWrite(KeyOutputStream.java:234)
	at org.apache.hadoop.ozone.client.io.KeyOutputStream.write(KeyOutputStream.java:214)
	at org.apache.hadoop.ozone.client.io.OzoneOutputStream.write(OzoneOutputStream.java:49)
	at org.apache.hadoop.ozone.om.TestOzoneManagerHAWithData.createKeyTest(TestOzoneManagerHAWithData.java:391)
	at org.apache.hadoop.ozone.om.TestOzoneManagerHAWithData.testOneOMNodeDown(TestOzoneManagerHAWithData.java:81)
	at sun.reflect.NativeMethodAccessorImpl.invoke0(Native Method)
	at sun.reflect.NativeMethodAccessorImpl.invoke(NativeMethodAccessorImpl.java:62)
	at sun.reflect.DelegatingMethodAccessorImpl.invoke(DelegatingMethodAccessorImpl.java:43)
	at java.lang.reflect.Method.invoke(Method.java:498)
	at org.junit.runners.model.FrameworkMethod$1.runReflectiveCall(FrameworkMethod.java:47)
	at org.junit.internal.runners.model.ReflectiveCallable.run(ReflectiveCallable.java:12)
	at org.junit.runners.model.FrameworkMethod.invokeExplosively(FrameworkMethod.java:44)
	at org.junit.internal.runners.statements.InvokeMethod.evaluate(InvokeMethod.java:17)
	at org.junit.internal.runners.statements.RunBefores.evaluate(RunBefores.java:26)
	at org.junit.internal.runners.statements.RunAfters.evaluate(RunAfters.java:27)
	at org.junit.rules.ExpectedException$ExpectedExceptionStatement.evaluate(ExpectedException.java:168)
	at org.junit.internal.runners.statements.FailOnTimeout$StatementThread.run(FailOnTimeout.java:74)

Jan 11, 2021 1:56:00 PM org.apache.ratis.thirdparty.io.grpc.internal.ManagedChannelOrphanWrapper$ManagedChannelReference cleanQueue
SEVERE: *~*~*~ Channel ManagedChannelImpl{logId=333, target=172.17.0.2:40525} was not shutdown properly!!! ~*~*~*
    Make sure to call shutdown()/shutdownNow() and wait until awaitTermination() returns true.
java.lang.RuntimeException: ManagedChannel allocation site
	at org.apache.ratis.thirdparty.io.grpc.internal.ManagedChannelOrphanWrapper$ManagedChannelReference.<init>(ManagedChannelOrphanWrapper.java:93)
	at org.apache.ratis.thirdparty.io.grpc.internal.ManagedChannelOrphanWrapper.<init>(ManagedChannelOrphanWrapper.java:53)
	at org.apache.ratis.thirdparty.io.grpc.internal.ManagedChannelOrphanWrapper.<init>(ManagedChannelOrphanWrapper.java:44)
	at org.apache.ratis.thirdparty.io.grpc.internal.AbstractManagedChannelImplBuilder.build(AbstractManagedChannelImplBuilder.java:518)
	at org.apache.hadoop.hdds.scm.XceiverClientGrpc.connectToDatanode(XceiverClientGrpc.java:193)
	at org.apache.hadoop.hdds.scm.XceiverClientGrpc.connect(XceiverClientGrpc.java:142)
	at org.apache.hadoop.hdds.scm.XceiverClientManager$2.call(XceiverClientManager.java:240)
	at org.apache.hadoop.hdds.scm.XceiverClientManager$2.call(XceiverClientManager.java:224)
	at com.google.common.cache.LocalCache$LocalManualCache$1.load(LocalCache.java:4876)
	at com.google.common.cache.LocalCache$LoadingValueReference.loadFuture(LocalCache.java:3529)
	at com.google.common.cache.LocalCache$Segment.loadSync(LocalCache.java:2278)
	at com.google.common.cache.LocalCache$Segment.lockedGetOrLoad(LocalCache.java:2155)
	at com.google.common.cache.LocalCache$Segment.get(LocalCache.java:2045)
	at com.google.common.cache.LocalCache.get(LocalCache.java:3951)
	at com.google.common.cache.LocalCache$LocalManualCache.get(LocalCache.java:4871)
	at org.apache.hadoop.hdds.scm.XceiverClientManager.getClient(XceiverClientManager.java:224)
	at org.apache.hadoop.hdds.scm.XceiverClientManager.acquireClient(XceiverClientManager.java:170)
	at org.apache.hadoop.hdds.scm.XceiverClientManager.acquireClientForReadData(XceiverClientManager.java:159)
	at org.apache.hadoop.hdds.scm.storage.BlockInputStream.acquireClient(BlockInputStream.java:220)
	at org.apache.hadoop.hdds.scm.storage.BlockInputStream.getChunkInfos(BlockInputStream.java:194)
	at org.apache.hadoop.hdds.scm.storage.BlockInputStream.initialize(BlockInputStream.java:135)
	at org.apache.hadoop.hdds.scm.storage.BlockInputStream.read(BlockInputStream.java:269)
	at org.apache.hadoop.ozone.client.io.KeyInputStream.read(KeyInputStream.java:199)
	at org.apache.hadoop.ozone.client.io.OzoneInputStream.read(OzoneInputStream.java:49)
	at java.io.InputStream.read(InputStream.java:101)
	at org.apache.hadoop.ozone.om.TestOzoneManagerHA.testCreateFile(TestOzoneManagerHA.java:321)
	at org.apache.hadoop.ozone.om.TestOzoneManagerHAWithData.testFileOperationsWithRecursive(TestOzoneManagerHAWithData.java:122)
	at sun.reflect.NativeMethodAccessorImpl.invoke0(Native Method)
	at sun.reflect.NativeMethodAccessorImpl.invoke(NativeMethodAccessorImpl.java:62)
	at sun.reflect.DelegatingMethodAccessorImpl.invoke(DelegatingMethodAccessorImpl.java:43)
	at java.lang.reflect.Method.invoke(Method.java:498)
	at org.junit.runners.model.FrameworkMethod$1.runReflectiveCall(FrameworkMethod.java:47)
	at org.junit.internal.runners.model.ReflectiveCallable.run(ReflectiveCallable.java:12)
	at org.junit.runners.model.FrameworkMethod.invokeExplosively(FrameworkMethod.java:44)
	at org.junit.internal.runners.statements.InvokeMethod.evaluate(InvokeMethod.java:17)
	at org.junit.internal.runners.statements.RunBefores.evaluate(RunBefores.java:26)
	at org.junit.internal.runners.statements.RunAfters.evaluate(RunAfters.java:27)
	at org.junit.rules.ExpectedException$ExpectedExceptionStatement.evaluate(ExpectedException.java:168)
	at org.junit.internal.runners.statements.FailOnTimeout$StatementThread.run(FailOnTimeout.java:74)

Jan 11, 2021 1:56:00 PM org.apache.ratis.thirdparty.io.grpc.internal.ManagedChannelOrphanWrapper$ManagedChannelReference cleanQueue
SEVERE: *~*~*~ Channel ManagedChannelImpl{logId=328, target=172.17.0.2:43935} was not shutdown properly!!! ~*~*~*
    Make sure to call shutdown()/shutdownNow() and wait until awaitTermination() returns true.
java.lang.RuntimeException: ManagedChannel allocation site
	at org.apache.ratis.thirdparty.io.grpc.internal.ManagedChannelOrphanWrapper$ManagedChannelReference.<init>(ManagedChannelOrphanWrapper.java:93)
	at org.apache.ratis.thirdparty.io.grpc.internal.ManagedChannelOrphanWrapper.<init>(ManagedChannelOrphanWrapper.java:53)
	at org.apache.ratis.thirdparty.io.grpc.internal.ManagedChannelOrphanWrapper.<init>(ManagedChannelOrphanWrapper.java:44)
	at org.apache.ratis.thirdparty.io.grpc.internal.AbstractManagedChannelImplBuilder.build(AbstractManagedChannelImplBuilder.java:518)
	at org.apache.ratis.grpc.client.GrpcClientProtocolClient.<init>(GrpcClientProtocolClient.java:135)
	at org.apache.ratis.grpc.client.GrpcClientRpc.lambda$new$0(GrpcClientRpc.java:57)
	at org.apache.ratis.util.PeerProxyMap$PeerAndProxy.lambda$getProxy$0(PeerProxyMap.java:63)
	at org.apache.ratis.util.LifeCycle.startAndTransition(LifeCycle.java:270)
	at org.apache.ratis.util.PeerProxyMap$PeerAndProxy.getProxy(PeerProxyMap.java:62)
	at org.apache.ratis.util.PeerProxyMap.getProxy(PeerProxyMap.java:114)
	at org.apache.ratis.grpc.client.GrpcClientRpc.sendRequestAsync(GrpcClientRpc.java:68)
	at org.apache.ratis.client.impl.OrderedAsync.sendRequest(OrderedAsync.java:235)
	at org.apache.ratis.client.impl.OrderedAsync.sendRequestWithRetry(OrderedAsync.java:189)
	at org.apache.ratis.util.SlidingWindow$Client.sendOrDelayRequest(SlidingWindow.java:278)
	at org.apache.ratis.util.SlidingWindow$Client.submitNewRequest(SlidingWindow.java:257)
	at org.apache.ratis.client.impl.OrderedAsync.send(OrderedAsync.java:170)
	at org.apache.ratis.client.impl.OrderedAsync.newInstance(OrderedAsync.java:118)
	at org.apache.ratis.client.impl.RaftClientImpl.lambda$new$0(RaftClientImpl.java:148)
	at org.apache.ratis.util.MemoizedSupplier.get(MemoizedSupplier.java:62)
	at org.apache.ratis.client.impl.RaftClientImpl.getOrderedAsync(RaftClientImpl.java:201)
	at org.apache.ratis.client.impl.AsyncImpl.send(AsyncImpl.java:41)
	at org.apache.ratis.client.impl.AsyncImpl.send(AsyncImpl.java:46)
	at org.apache.hadoop.hdds.scm.XceiverClientRatis.lambda$sendRequestAsync$3(XceiverClientRatis.java:225)
	at org.apache.hadoop.hdds.tracing.TracingUtil.executeInNewSpan(TracingUtil.java:159)
	at org.apache.hadoop.hdds.scm.XceiverClientRatis.sendRequestAsync(XceiverClientRatis.java:210)
	at org.apache.hadoop.hdds.scm.XceiverClientRatis.sendCommandAsync(XceiverClientRatis.java:306)
	at org.apache.hadoop.hdds.scm.storage.ContainerProtocolCalls.writeChunkAsync(ContainerProtocolCalls.java:304)
	at org.apache.hadoop.hdds.scm.storage.BlockOutputStream.writeChunkToContainer(BlockOutputStream.java:664)
	at org.apache.hadoop.hdds.scm.storage.BlockOutputStream.writeChunk(BlockOutputStream.java:506)
	at org.apache.hadoop.hdds.scm.storage.BlockOutputStream.handleFlush(BlockOutputStream.java:520)
	at org.apache.hadoop.hdds.scm.storage.BlockOutputStream.close(BlockOutputStream.java:547)
	at org.apache.hadoop.ozone.client.io.BlockOutputStreamEntry.close(BlockOutputStreamEntry.java:129)
	at org.apache.hadoop.ozone.client.io.KeyOutputStream.handleStreamAction(KeyOutputStream.java:497)
	at org.apache.hadoop.ozone.client.io.KeyOutputStream.handleFlushOrClose(KeyOutputStream.java:471)
	at org.apache.hadoop.ozone.client.io.KeyOutputStream.close(KeyOutputStream.java:524)
	at org.apache.hadoop.ozone.client.io.OzoneOutputStream.close(OzoneOutputStream.java:60)
	at org.apache.hadoop.ozone.om.TestOzoneManagerHA.testCreateFile(TestOzoneManagerHA.java:308)
	at org.apache.hadoop.ozone.om.TestOzoneManagerHAWithData.testFileOperationsWithRecursive(TestOzoneManagerHAWithData.java:122)
	at sun.reflect.NativeMethodAccessorImpl.invoke0(Native Method)
	at sun.reflect.NativeMethodAccessorImpl.invoke(NativeMethodAccessorImpl.java:62)
	at sun.reflect.DelegatingMethodAccessorImpl.invoke(DelegatingMethodAccessorImpl.java:43)
	at java.lang.reflect.Method.invoke(Method.java:498)
	at org.junit.runners.model.FrameworkMethod$1.runReflectiveCall(FrameworkMethod.java:47)
	at org.junit.internal.runners.model.ReflectiveCallable.run(ReflectiveCallable.java:12)
	at org.junit.runners.model.FrameworkMethod.invokeExplosively(FrameworkMethod.java:44)
	at org.junit.internal.runners.statements.InvokeMethod.evaluate(InvokeMethod.java:17)
	at org.junit.internal.runners.statements.RunBefores.evaluate(RunBefores.java:26)
	at org.junit.internal.runners.statements.RunAfters.evaluate(RunAfters.java:27)
	at org.junit.rules.ExpectedException$ExpectedExceptionStatement.evaluate(ExpectedException.java:168)
	at org.junit.internal.runners.statements.FailOnTimeout$StatementThread.run(FailOnTimeout.java:74)

Jan 11, 2021 1:56:00 PM org.apache.ratis.thirdparty.io.grpc.internal.ManagedChannelOrphanWrapper$ManagedChannelReference cleanQueue
SEVERE: *~*~*~ Channel ManagedChannelImpl{logId=480, target=172.17.0.2:34617} was not shutdown properly!!! ~*~*~*
    Make sure to call shutdown()/shutdownNow() and wait until awaitTermination() returns true.
java.lang.RuntimeException: ManagedChannel allocation site
	at org.apache.ratis.thirdparty.io.grpc.internal.ManagedChannelOrphanWrapper$ManagedChannelReference.<init>(ManagedChannelOrphanWrapper.java:93)
	at org.apache.ratis.thirdparty.io.grpc.internal.ManagedChannelOrphanWrapper.<init>(ManagedChannelOrphanWrapper.java:53)
	at org.apache.ratis.thirdparty.io.grpc.internal.ManagedChannelOrphanWrapper.<init>(ManagedChannelOrphanWrapper.java:44)
	at org.apache.ratis.thirdparty.io.grpc.internal.AbstractManagedChannelImplBuilder.build(AbstractManagedChannelImplBuilder.java:518)
	at org.apache.ratis.grpc.client.GrpcClientProtocolClient.<init>(GrpcClientProtocolClient.java:135)
	at org.apache.ratis.grpc.client.GrpcClientRpc.lambda$new$0(GrpcClientRpc.java:57)
	at org.apache.ratis.util.PeerProxyMap$PeerAndProxy.lambda$getProxy$0(PeerProxyMap.java:63)
	at org.apache.ratis.util.LifeCycle.startAndTransition(LifeCycle.java:270)
	at org.apache.ratis.util.PeerProxyMap$PeerAndProxy.getProxy(PeerProxyMap.java:62)
	at org.apache.ratis.util.PeerProxyMap.getProxy(PeerProxyMap.java:114)
	at org.apache.ratis.grpc.client.GrpcClientRpc.sendRequestAsync(GrpcClientRpc.java:68)
	at org.apache.ratis.client.impl.OrderedAsync.sendRequest(OrderedAsync.java:235)
	at org.apache.ratis.client.impl.OrderedAsync.sendRequestWithRetry(OrderedAsync.java:189)
	at org.apache.ratis.util.SlidingWindow$Client.sendOrDelayRequest(SlidingWindow.java:278)
	at org.apache.ratis.util.SlidingWindow$Client.submitNewRequest(SlidingWindow.java:257)
	at org.apache.ratis.client.impl.OrderedAsync.send(OrderedAsync.java:170)
	at org.apache.ratis.client.impl.OrderedAsync.newInstance(OrderedAsync.java:118)
	at org.apache.ratis.client.impl.RaftClientImpl.lambda$new$0(RaftClientImpl.java:148)
	at org.apache.ratis.util.MemoizedSupplier.get(MemoizedSupplier.java:62)
	at org.apache.ratis.client.impl.RaftClientImpl.getOrderedAsync(RaftClientImpl.java:201)
	at org.apache.ratis.client.impl.AsyncImpl.send(AsyncImpl.java:41)
	at org.apache.ratis.client.impl.AsyncImpl.send(AsyncImpl.java:46)
	at org.apache.hadoop.hdds.scm.XceiverClientRatis.lambda$sendRequestAsync$3(XceiverClientRatis.java:225)
	at org.apache.hadoop.hdds.tracing.TracingUtil.executeInNewSpan(TracingUtil.java:159)
	at org.apache.hadoop.hdds.scm.XceiverClientRatis.sendRequestAsync(XceiverClientRatis.java:210)
	at org.apache.hadoop.hdds.scm.XceiverClientRatis.sendCommandAsync(XceiverClientRatis.java:306)
	at org.apache.hadoop.hdds.scm.storage.ContainerProtocolCalls.writeChunkAsync(ContainerProtocolCalls.java:304)
	at org.apache.hadoop.hdds.scm.storage.BlockOutputStream.writeChunkToContainer(BlockOutputStream.java:664)
	at org.apache.hadoop.hdds.scm.storage.BlockOutputStream.writeChunk(BlockOutputStream.java:506)
	at org.apache.hadoop.hdds.scm.storage.BlockOutputStream.handleFlush(BlockOutputStream.java:520)
	at org.apache.hadoop.hdds.scm.storage.BlockOutputStream.close(BlockOutputStream.java:547)
	at org.apache.hadoop.ozone.client.io.BlockOutputStreamEntry.close(BlockOutputStreamEntry.java:129)
	at org.apache.hadoop.ozone.client.io.KeyOutputStream.handleStreamAction(KeyOutputStream.java:497)
	at org.apache.hadoop.ozone.client.io.KeyOutputStream.handleFlushOrClose(KeyOutputStream.java:471)
	at org.apache.hadoop.ozone.client.io.KeyOutputStream.close(KeyOutputStream.java:524)
	at org.apache.hadoop.ozone.client.io.OzoneOutputStream.close(OzoneOutputStream.java:60)
	at org.apache.hadoop.ozone.om.TestOzoneManagerHAWithData.createMultipartKeyAndReadKey(TestOzoneManagerHAWithData.java:339)
	at org.apache.hadoop.ozone.om.TestOzoneManagerHAWithData.testMultipartUploadWithOneOmNodeDown(TestOzoneManagerHAWithData.java:277)
	at sun.reflect.NativeMethodAccessorImpl.invoke0(Native Method)
	at sun.reflect.NativeMethodAccessorImpl.invoke(NativeMethodAccessorImpl.java:62)
	at sun.reflect.DelegatingMethodAccessorImpl.invoke(DelegatingMethodAccessorImpl.java:43)
	at java.lang.reflect.Method.invoke(Method.java:498)
	at org.junit.runners.model.FrameworkMethod$1.runReflectiveCall(FrameworkMethod.java:47)
	at org.junit.internal.runners.model.ReflectiveCallable.run(ReflectiveCallable.java:12)
	at org.junit.runners.model.FrameworkMethod.invokeExplosively(FrameworkMethod.java:44)
	at org.junit.internal.runners.statements.InvokeMethod.evaluate(InvokeMethod.java:17)
	at org.junit.internal.runners.statements.RunBefores.evaluate(RunBefores.java:26)
	at org.junit.internal.runners.statements.RunAfters.evaluate(RunAfters.java:27)
	at org.junit.rules.ExpectedException$ExpectedExceptionStatement.evaluate(ExpectedException.java:168)
	at org.junit.internal.runners.statements.FailOnTimeout$StatementThread.run(FailOnTimeout.java:74)

Jan 11, 2021 1:56:00 PM org.apache.ratis.thirdparty.io.grpc.internal.ManagedChannelOrphanWrapper$ManagedChannelReference cleanQueue
SEVERE: *~*~*~ Channel ManagedChannelImpl{logId=1088, target=172.17.0.2:37881} was not shutdown properly!!! ~*~*~*
    Make sure to call shutdown()/shutdownNow() and wait until awaitTermination() returns true.
java.lang.RuntimeException: ManagedChannel allocation site
	at org.apache.ratis.thirdparty.io.grpc.internal.ManagedChannelOrphanWrapper$ManagedChannelReference.<init>(ManagedChannelOrphanWrapper.java:93)
	at org.apache.ratis.thirdparty.io.grpc.internal.ManagedChannelOrphanWrapper.<init>(ManagedChannelOrphanWrapper.java:53)
	at org.apache.ratis.thirdparty.io.grpc.internal.ManagedChannelOrphanWrapper.<init>(ManagedChannelOrphanWrapper.java:44)
	at org.apache.ratis.thirdparty.io.grpc.internal.AbstractManagedChannelImplBuilder.build(AbstractManagedChannelImplBuilder.java:518)
	at org.apache.hadoop.hdds.scm.XceiverClientGrpc.connectToDatanode(XceiverClientGrpc.java:193)
	at org.apache.hadoop.hdds.scm.XceiverClientGrpc.connect(XceiverClientGrpc.java:142)
	at org.apache.hadoop.hdds.scm.XceiverClientManager$2.call(XceiverClientManager.java:240)
	at org.apache.hadoop.hdds.scm.XceiverClientManager$2.call(XceiverClientManager.java:224)
	at com.google.common.cache.LocalCache$LocalManualCache$1.load(LocalCache.java:4876)
	at com.google.common.cache.LocalCache$LoadingValueReference.loadFuture(LocalCache.java:3529)
	at com.google.common.cache.LocalCache$Segment.loadSync(LocalCache.java:2278)
	at com.google.common.cache.LocalCache$Segment.lockedGetOrLoad(LocalCache.java:2155)
	at com.google.common.cache.LocalCache$Segment.get(LocalCache.java:2045)
	at com.google.common.cache.LocalCache.get(LocalCache.java:3951)
	at com.google.common.cache.LocalCache$LocalManualCache.get(LocalCache.java:4871)
	at org.apache.hadoop.hdds.scm.XceiverClientManager.getClient(XceiverClientManager.java:224)
	at org.apache.hadoop.hdds.scm.XceiverClientManager.acquireClient(XceiverClientManager.java:170)
	at org.apache.hadoop.hdds.scm.XceiverClientManager.acquireClientForReadData(XceiverClientManager.java:159)
	at org.apache.hadoop.hdds.scm.storage.BlockInputStream.acquireClient(BlockInputStream.java:220)
	at org.apache.hadoop.hdds.scm.storage.BlockInputStream.getChunkInfos(BlockInputStream.java:194)
	at org.apache.hadoop.hdds.scm.storage.BlockInputStream.initialize(BlockInputStream.java:135)
	at org.apache.hadoop.hdds.scm.storage.BlockInputStream.read(BlockInputStream.java:269)
	at org.apache.hadoop.ozone.client.io.KeyInputStream.read(KeyInputStream.java:199)
	at org.apache.hadoop.ozone.client.io.OzoneInputStream.read(OzoneInputStream.java:49)
	at java.io.InputStream.read(InputStream.java:101)
	at org.apache.hadoop.ozone.om.TestOzoneManagerHA.testCreateFile(TestOzoneManagerHA.java:321)
	at org.apache.hadoop.ozone.om.TestOzoneManagerHAWithData.testFileOperationsWithNonRecursive(TestOzoneManagerHAWithData.java:222)
	at sun.reflect.NativeMethodAccessorImpl.invoke0(Native Method)
	at sun.reflect.NativeMethodAccessorImpl.invoke(NativeMethodAccessorImpl.java:62)
	at sun.reflect.DelegatingMethodAccessorImpl.invoke(DelegatingMethodAccessorImpl.java:43)
	at java.lang.reflect.Method.invoke(Method.java:498)
	at org.junit.runners.model.FrameworkMethod$1.runReflectiveCall(FrameworkMethod.java:47)
	at org.junit.internal.runners.model.ReflectiveCallable.run(ReflectiveCallable.java:12)
	at org.junit.runners.model.FrameworkMethod.invokeExplosively(FrameworkMethod.java:44)
	at org.junit.internal.runners.statements.InvokeMethod.evaluate(InvokeMethod.java:17)
	at org.junit.internal.runners.statements.RunBefores.evaluate(RunBefores.java:26)
	at org.junit.internal.runners.statements.RunAfters.evaluate(RunAfters.java:27)
	at org.junit.rules.ExpectedException$ExpectedExceptionStatement.evaluate(ExpectedException.java:168)
	at org.junit.internal.runners.statements.FailOnTimeout$StatementThread.run(FailOnTimeout.java:74)

Jan 11, 2021 1:56:00 PM org.apache.ratis.thirdparty.io.grpc.internal.ManagedChannelOrphanWrapper$ManagedChannelReference cleanQueue
SEVERE: *~*~*~ Channel ManagedChannelImpl{logId=602, target=172.17.0.2:42049} was not shutdown properly!!! ~*~*~*
    Make sure to call shutdown()/shutdownNow() and wait until awaitTermination() returns true.
java.lang.RuntimeException: ManagedChannel allocation site
	at org.apache.ratis.thirdparty.io.grpc.internal.ManagedChannelOrphanWrapper$ManagedChannelReference.<init>(ManagedChannelOrphanWrapper.java:93)
	at org.apache.ratis.thirdparty.io.grpc.internal.ManagedChannelOrphanWrapper.<init>(ManagedChannelOrphanWrapper.java:53)
	at org.apache.ratis.thirdparty.io.grpc.internal.ManagedChannelOrphanWrapper.<init>(ManagedChannelOrphanWrapper.java:44)
	at org.apache.ratis.thirdparty.io.grpc.internal.AbstractManagedChannelImplBuilder.build(AbstractManagedChannelImplBuilder.java:518)
	at org.apache.ratis.grpc.client.GrpcClientProtocolClient.<init>(GrpcClientProtocolClient.java:135)
	at org.apache.ratis.grpc.client.GrpcClientRpc.lambda$new$0(GrpcClientRpc.java:57)
	at org.apache.ratis.util.PeerProxyMap$PeerAndProxy.lambda$getProxy$0(PeerProxyMap.java:63)
	at org.apache.ratis.util.LifeCycle.startAndTransition(LifeCycle.java:270)
	at org.apache.ratis.util.PeerProxyMap$PeerAndProxy.getProxy(PeerProxyMap.java:62)
	at org.apache.ratis.util.PeerProxyMap.getProxy(PeerProxyMap.java:114)
	at org.apache.ratis.grpc.client.GrpcClientRpc.sendRequestAsync(GrpcClientRpc.java:68)
	at org.apache.ratis.client.impl.OrderedAsync.sendRequest(OrderedAsync.java:235)
	at org.apache.ratis.client.impl.OrderedAsync.sendRequestWithRetry(OrderedAsync.java:189)
	at org.apache.ratis.util.SlidingWindow$Client.sendOrDelayRequest(SlidingWindow.java:278)
	at org.apache.ratis.util.SlidingWindow$Client.submitNewRequest(SlidingWindow.java:257)
	at org.apache.ratis.client.impl.OrderedAsync.send(OrderedAsync.java:170)
	at org.apache.ratis.client.impl.OrderedAsync.newInstance(OrderedAsync.java:118)
	at org.apache.ratis.client.impl.RaftClientImpl.lambda$new$0(RaftClientImpl.java:148)
	at org.apache.ratis.util.MemoizedSupplier.get(MemoizedSupplier.java:62)
	at org.apache.ratis.client.impl.RaftClientImpl.getOrderedAsync(RaftClientImpl.java:201)
	at org.apache.ratis.client.impl.AsyncImpl.send(AsyncImpl.java:41)
	at org.apache.ratis.client.impl.AsyncImpl.send(AsyncImpl.java:46)
	at org.apache.hadoop.hdds.scm.XceiverClientRatis.lambda$sendRequestAsync$3(XceiverClientRatis.java:225)
	at org.apache.hadoop.hdds.tracing.TracingUtil.executeInNewSpan(TracingUtil.java:159)
	at org.apache.hadoop.hdds.scm.XceiverClientRatis.sendRequestAsync(XceiverClientRatis.java:210)
	at org.apache.hadoop.hdds.scm.XceiverClientRatis.sendCommandAsync(XceiverClientRatis.java:306)
	at org.apache.hadoop.hdds.scm.storage.ContainerProtocolCalls.writeChunkAsync(ContainerProtocolCalls.java:304)
	at org.apache.hadoop.hdds.scm.storage.BlockOutputStream.writeChunkToContainer(BlockOutputStream.java:664)
	at org.apache.hadoop.hdds.scm.storage.BlockOutputStream.writeChunk(BlockOutputStream.java:506)
	at org.apache.hadoop.hdds.scm.storage.BlockOutputStream.handleFlush(BlockOutputStream.java:520)
	at org.apache.hadoop.hdds.scm.storage.BlockOutputStream.close(BlockOutputStream.java:547)
	at org.apache.hadoop.ozone.client.io.BlockOutputStreamEntry.close(BlockOutputStreamEntry.java:129)
	at org.apache.hadoop.ozone.client.io.KeyOutputStream.handleStreamAction(KeyOutputStream.java:497)
	at org.apache.hadoop.ozone.client.io.KeyOutputStream.handleFlushOrClose(KeyOutputStream.java:471)
	at org.apache.hadoop.ozone.client.io.KeyOutputStream.close(KeyOutputStream.java:524)
	at org.apache.hadoop.ozone.client.io.OzoneOutputStream.close(OzoneOutputStream.java:60)
	at org.apache.hadoop.ozone.om.TestOzoneManagerHA.testCreateFile(TestOzoneManagerHA.java:308)
	at org.apache.hadoop.ozone.om.TestOzoneManagerHAWithData.testKeysDelete(TestOzoneManagerHAWithData.java:167)
	at sun.reflect.NativeMethodAccessorImpl.invoke0(Native Method)
	at sun.reflect.NativeMethodAccessorImpl.invoke(NativeMethodAccessorImpl.java:62)
	at sun.reflect.DelegatingMethodAccessorImpl.invoke(DelegatingMethodAccessorImpl.java:43)
	at java.lang.reflect.Method.invoke(Method.java:498)
	at org.junit.runners.model.FrameworkMethod$1.runReflectiveCall(FrameworkMethod.java:47)
	at org.junit.internal.runners.model.ReflectiveCallable.run(ReflectiveCallable.java:12)
	at org.junit.runners.model.FrameworkMethod.invokeExplosively(FrameworkMethod.java:44)
	at org.junit.internal.runners.statements.InvokeMethod.evaluate(InvokeMethod.java:17)
	at org.junit.internal.runners.statements.RunBefores.evaluate(RunBefores.java:26)
	at org.junit.internal.runners.statements.RunAfters.evaluate(RunAfters.java:27)
	at org.junit.rules.ExpectedException$ExpectedExceptionStatement.evaluate(ExpectedException.java:168)
	at org.junit.internal.runners.statements.FailOnTimeout$StatementThread.run(FailOnTimeout.java:74)

]]></system-err>
  </testcase>
</testsuite>