<?xml version="1.0" encoding="UTF-8"?>
<testsuite xmlns:xsi="http://www.w3.org/2001/XMLSchema-instance" xsi:noNamespaceSchemaLocation="https://maven.apache.org/surefire/maven-surefire-plugin/xsd/surefire-test-report.xsd" name="org.apache.hadoop.ozone.scm.node.TestDecommissionAndMaintenance" time="510.132" tests="8" errors="3" skipped="0" failures="0">
  <properties>
    <property name="awt.toolkit" value="sun.awt.X11.XToolkit"/>
    <property name="file.encoding.pkg" value="sun.io"/>
    <property name="java.specification.version" value="1.8"/>
    <property name="sun.cpu.isalist" value=""/>
    <property name="sun.jnu.encoding" value="UTF-8"/>
    <property name="java.class.path" value="/home/runner/work/ozone/ozone/hadoop-ozone/integration-test/target/test-classes:/home/runner/work/ozone/ozone/hadoop-ozone/integration-test/target/classes:/home/runner/.m2/repository/org/apache/ozone/ozone-common/1.3.0-SNAPSHOT/ozone-common-1.3.0-SNAPSHOT.jar:/home/runner/.m2/repository/org/apache/commons/commons-compress/1.21/commons-compress-1.21.jar:/home/runner/.m2/repository/org/apache/ozone/hdds-common/1.3.0-SNAPSHOT/hdds-common-1.3.0-SNAPSHOT.jar:/home/runner/.m2/repository/org/apache/ozone/hdds-client/1.3.0-SNAPSHOT/hdds-client-1.3.0-SNAPSHOT.jar:/home/runner/.m2/repository/org/apache/ozone/ozone-interface-client/1.3.0-SNAPSHOT/ozone-interface-client-1.3.0-SNAPSHOT.jar:/home/runner/.m2/repository/org/apache/ozone/hdds-test-utils/1.3.0-SNAPSHOT/hdds-test-utils-1.3.0-SNAPSHOT.jar:/home/runner/.m2/repository/com/google/guava/guava/30.1.1-jre/guava-30.1.1-jre.jar:/home/runner/.m2/repository/com/google/guava/failureaccess/1.0.1/failureaccess-1.0.1.jar:/home/runner/.m2/repository/com/google/guava/listenablefuture/9999.0-empty-to-avoid-conflict-with-guava/listenablefuture-9999.0-empty-to-avoid-conflict-with-guava.jar:/home/runner/.m2/repository/com/google/code/findbugs/jsr305/3.0.0/jsr305-3.0.0.jar:/home/runner/.m2/repository/org/checkerframework/checker-qual/3.8.0/checker-qual-3.8.0.jar:/home/runner/.m2/repository/com/google/errorprone/error_prone_annotations/2.2.0/error_prone_annotations-2.2.0.jar:/home/runner/.m2/repository/com/google/j2objc/j2objc-annotations/1.3/j2objc-annotations-1.3.jar:/home/runner/.m2/repository/commons-io/commons-io/2.11.0/commons-io-2.11.0.jar:/home/runner/.m2/repository/commons-logging/commons-logging/1.2/commons-logging-1.2.jar:/home/runner/.m2/repository/log4j/log4j/1.2.17/log4j-1.2.17.jar:/home/runner/.m2/repository/org/slf4j/slf4j-api/1.7.30/slf4j-api-1.7.30.jar:/home/runner/.m2/repository/org/apache/ozone/hdds-server-scm/1.3.0-SNAPSHOT/hdds-server-scm-1.3.0-SNAPSHOT.jar:/home/runner/.m2/repository/org/apache/ozone/hdds-container-service/1.3.0-SNAPSHOT/hdds-container-service-1.3.0-SNAPSHOT.jar:/home/runner/.m2/repository/org/apache/ozone/hdds-hadoop-dependency-server/1.3.0-SNAPSHOT/hdds-hadoop-dependency-server-1.3.0-SNAPSHOT.jar:/home/runner/.m2/repository/org/apache/hadoop/hadoop-hdfs/3.3.1/hadoop-hdfs-3.3.1.jar:/home/runner/.m2/repository/org/apache/ozone/hdds-server-framework/1.3.0-SNAPSHOT/hdds-server-framework-1.3.0-SNAPSHOT.jar:/home/runner/.m2/repository/org/apache/ozone/hdds-interface-server/1.3.0-SNAPSHOT/hdds-interface-server-1.3.0-SNAPSHOT.jar:/home/runner/.m2/repository/org/eclipse/jetty/jetty-servlet/9.4.43.v20210629/jetty-servlet-9.4.43.v20210629.jar:/home/runner/.m2/repository/org/eclipse/jetty/jetty-security/9.4.43.v20210629/jetty-security-9.4.43.v20210629.jar:/home/runner/.m2/repository/org/rocksdb/rocksdbjni/6.25.3/rocksdbjni-6.25.3.jar:/home/runner/.m2/repository/io/prometheus/simpleclient_dropwizard/0.7.0/simpleclient_dropwizard-0.7.0.jar:/home/runner/.m2/repository/io/prometheus/simpleclient/0.7.0/simpleclient-0.7.0.jar:/home/runner/.m2/repository/io/prometheus/simpleclient_common/0.7.0/simpleclient_common-0.7.0.jar:/home/runner/.m2/repository/com/fasterxml/jackson/datatype/jackson-datatype-jsr310/2.12.1/jackson-datatype-jsr310-2.12.1.jar:/home/runner/.m2/repository/io/dropwizard/metrics/metrics-core/3.2.4/metrics-core-3.2.4.jar:/home/runner/.m2/repository/org/apache/hadoop/hadoop-hdfs-client/3.3.1/hadoop-hdfs-client-3.3.1.jar:/home/runner/.m2/repository/org/bouncycastle/bcprov-jdk15on/1.67/bcprov-jdk15on-1.67.jar:/home/runner/.m2/repository/com/google/protobuf/protobuf-java/2.5.0/protobuf-java-2.5.0.jar:/home/runner/.m2/repository/org/apache/ozone/ozone-manager/1.3.0-SNAPSHOT/ozone-manager-1.3.0-SNAPSHOT.jar:/home/runner/.m2/repository/org/aspectj/aspectjrt/1.9.7/aspectjrt-1.9.7.jar:/home/runner/.m2/repository/org/aspectj/aspectjweaver/1.9.7/aspectjweaver-1.9.7.jar:/home/runner/.m2/repository/org/apache/ozone/hdds-interface-client/1.3.0-SNAPSHOT/hdds-interface-client-1.3.0-SNAPSHOT.jar:/home/runner/.m2/repository/org/apache/hadoop/thirdparty/hadoop-shaded-protobuf_3_7/1.1.1/hadoop-shaded-protobuf_3_7-1.1.1.jar:/home/runner/.m2/repository/org/apache/ozone/ozone-interface-storage/1.3.0-SNAPSHOT/ozone-interface-storage-1.3.0-SNAPSHOT.jar:/home/runner/.m2/repository/org/reflections/reflections/0.9.11/reflections-0.9.11.jar:/home/runner/.m2/repository/org/apache/hadoop/hadoop-minikdc/3.3.1/hadoop-minikdc-3.3.1.jar:/home/runner/.m2/repository/org/apache/kerby/kerb-simplekdc/1.0.1/kerb-simplekdc-1.0.1.jar:/home/runner/.m2/repository/org/apache/kerby/kerb-client/1.0.1/kerb-client-1.0.1.jar:/home/runner/.m2/repository/org/apache/kerby/kerby-config/1.0.1/kerby-config-1.0.1.jar:/home/runner/.m2/repository/org/apache/kerby/kerb-common/1.0.1/kerb-common-1.0.1.jar:/home/runner/.m2/repository/org/apache/kerby/kerb-crypto/1.0.1/kerb-crypto-1.0.1.jar:/home/runner/.m2/repository/org/apache/kerby/kerb-util/1.0.1/kerb-util-1.0.1.jar:/home/runner/.m2/repository/org/apache/kerby/token-provider/1.0.1/token-provider-1.0.1.jar:/home/runner/.m2/repository/org/apache/kerby/kerb-admin/1.0.1/kerb-admin-1.0.1.jar:/home/runner/.m2/repository/org/apache/kerby/kerb-server/1.0.1/kerb-server-1.0.1.jar:/home/runner/.m2/repository/org/apache/kerby/kerb-identity/1.0.1/kerb-identity-1.0.1.jar:/home/runner/.m2/repository/org/apache/kerby/kerby-xdr/1.0.1/kerby-xdr-1.0.1.jar:/home/runner/.m2/repository/org/slf4j/slf4j-log4j12/1.7.30/slf4j-log4j12-1.7.30.jar:/home/runner/.m2/repository/org/apache/ozone/ozone-s3gateway/1.3.0-SNAPSHOT/ozone-s3gateway-1.3.0-SNAPSHOT.jar:/home/runner/.m2/repository/org/javassist/javassist/3.21.0-GA/javassist-3.21.0-GA.jar:/home/runner/.m2/repository/org/jboss/weld/servlet/weld-servlet/2.4.7.Final/weld-servlet-2.4.7.Final.jar:/home/runner/.m2/repository/org/glassfish/jersey/containers/jersey-container-servlet-core/2.33/jersey-container-servlet-core-2.33.jar:/home/runner/.m2/repository/org/glassfish/hk2/external/jakarta.inject/2.6.1/jakarta.inject-2.6.1.jar:/home/runner/.m2/repository/org/glassfish/jersey/core/jersey-common/2.33/jersey-common-2.33.jar:/home/runner/.m2/repository/jakarta/ws/rs/jakarta.ws.rs-api/2.1.6/jakarta.ws.rs-api-2.1.6.jar:/home/runner/.m2/repository/org/glassfish/jersey/ext/cdi/jersey-cdi1x/2.33/jersey-cdi1x-2.33.jar:/home/runner/.m2/repository/org/glassfish/jersey/inject/jersey-hk2/2.33/jersey-hk2-2.33.jar:/home/runner/.m2/repository/org/glassfish/hk2/hk2-locator/2.6.1/hk2-locator-2.6.1.jar:/home/runner/.m2/repository/org/glassfish/jersey/media/jersey-media-jaxb/2.33/jersey-media-jaxb-2.33.jar:/home/runner/.m2/repository/org/glassfish/hk2/osgi-resource-locator/1.0.3/osgi-resource-locator-1.0.3.jar:/home/runner/.m2/repository/org/glassfish/hk2/hk2-api/2.5.0/hk2-api-2.5.0.jar:/home/runner/.m2/repository/org/glassfish/hk2/hk2-utils/2.5.0/hk2-utils-2.5.0.jar:/home/runner/.m2/repository/org/glassfish/hk2/external/aopalliance-repackaged/2.5.0/aopalliance-repackaged-2.5.0.jar:/home/runner/.m2/repository/com/fasterxml/jackson/dataformat/jackson-dataformat-xml/2.12.1/jackson-dataformat-xml-2.12.1.jar:/home/runner/.m2/repository/com/fasterxml/jackson/core/jackson-core/2.12.1/jackson-core-2.12.1.jar:/home/runner/.m2/repository/com/fasterxml/jackson/module/jackson-module-jaxb-annotations/2.12.1/jackson-module-jaxb-annotations-2.12.1.jar:/home/runner/.m2/repository/jakarta/xml/bind/jakarta.xml.bind-api/2.3.2/jakarta.xml.bind-api-2.3.2.jar:/home/runner/.m2/repository/org/codehaus/woodstox/stax2-api/3.1.4/stax2-api-3.1.4.jar:/home/runner/.m2/repository/com/fasterxml/woodstox/woodstox-core/5.0.3/woodstox-core-5.0.3.jar:/home/runner/.m2/repository/javax/enterprise/cdi-api/1.2/cdi-api-1.2.jar:/home/runner/.m2/repository/javax/el/javax.el-api/3.0.0/javax.el-api-3.0.0.jar:/home/runner/.m2/repository/javax/interceptor/javax.interceptor-api/1.2/javax.interceptor-api-1.2.jar:/home/runner/.m2/repository/javax/inject/javax.inject/1/javax.inject-1.jar:/home/runner/.m2/repository/javax/xml/bind/jaxb-api/2.3.0/jaxb-api-2.3.0.jar:/home/runner/.m2/repository/org/glassfish/jaxb/jaxb-runtime/2.3.0.1/jaxb-runtime-2.3.0.1.jar:/home/runner/.m2/repository/org/glassfish/jaxb/jaxb-core/2.3.0.1/jaxb-core-2.3.0.1.jar:/home/runner/.m2/repository/org/glassfish/jaxb/txw2/2.3.0.1/txw2-2.3.0.1.jar:/home/runner/.m2/repository/com/sun/istack/istack-commons-runtime/3.0.5/istack-commons-runtime-3.0.5.jar:/home/runner/.m2/repository/org/jvnet/staxex/stax-ex/1.7.8/stax-ex-1.7.8.jar:/home/runner/.m2/repository/com/sun/xml/fastinfoset/FastInfoset/1.2.13/FastInfoset-1.2.13.jar:/home/runner/.m2/repository/javax/activation/activation/1.1.1/activation-1.1.1.jar:/home/runner/.m2/repository/org/apache/ozone/ozone-csi/1.3.0-SNAPSHOT/ozone-csi-1.3.0-SNAPSHOT.jar:/home/runner/.m2/repository/com/google/protobuf/protobuf-java-util/3.12.0/protobuf-java-util-3.12.0.jar:/home/runner/.m2/repository/com/google/code/gson/gson/2.2.4/gson-2.2.4.jar:/home/runner/.m2/repository/org/apache/ozone/hdds-config/1.3.0-SNAPSHOT/hdds-config-1.3.0-SNAPSHOT.jar:/home/runner/.m2/repository/io/grpc/grpc-netty/1.33.0/grpc-netty-1.33.0.jar:/home/runner/.m2/repository/io/grpc/grpc-core/1.33.0/grpc-core-1.33.0.jar:/home/runner/.m2/repository/com/google/android/annotations/4.1.1.4/annotations-4.1.1.4.jar:/home/runner/.m2/repository/io/netty/netty-codec-http2/4.1.63.Final/netty-codec-http2-4.1.63.Final.jar:/home/runner/.m2/repository/io/netty/netty-codec-http/4.1.63.Final/netty-codec-http-4.1.63.Final.jar:/home/runner/.m2/repository/io/netty/netty-handler-proxy/4.1.63.Final/netty-handler-proxy-4.1.63.Final.jar:/home/runner/.m2/repository/io/netty/netty-codec-socks/4.1.63.Final/netty-codec-socks-4.1.63.Final.jar:/home/runner/.m2/repository/io/perfmark/perfmark-api/0.19.0/perfmark-api-0.19.0.jar:/home/runner/.m2/repository/org/codehaus/mojo/animal-sniffer-annotations/1.18/animal-sniffer-annotations-1.18.jar:/home/runner/.m2/repository/io/netty/netty-transport-native-epoll/4.1.63.Final/netty-transport-native-epoll-4.1.63.Final.jar:/home/runner/.m2/repository/io/netty/netty-common/4.1.63.Final/netty-common-4.1.63.Final.jar:/home/runner/.m2/repository/io/netty/netty-buffer/4.1.63.Final/netty-buffer-4.1.63.Final.jar:/home/runner/.m2/repository/io/netty/netty-transport-native-unix-common/4.1.63.Final/netty-transport-native-unix-common-4.1.63.Final.jar:/home/runner/.m2/repository/io/grpc/grpc-protobuf/1.33.0/grpc-protobuf-1.33.0.jar:/home/runner/.m2/repository/io/grpc/grpc-api/1.33.0/grpc-api-1.33.0.jar:/home/runner/.m2/repository/io/grpc/grpc-context/1.33.0/grpc-context-1.33.0.jar:/home/runner/.m2/repository/com/google/api/grpc/proto-google-common-protos/1.17.0/proto-google-common-protos-1.17.0.jar:/home/runner/.m2/repository/io/grpc/grpc-protobuf-lite/1.33.0/grpc-protobuf-lite-1.33.0.jar:/home/runner/.m2/repository/io/grpc/grpc-stub/1.33.0/grpc-stub-1.33.0.jar:/home/runner/.m2/repository/org/apache/ozone/ozone-recon/1.3.0-SNAPSHOT/ozone-recon-1.3.0-SNAPSHOT.jar:/home/runner/.m2/repository/org/apache/ozone/ozone-reconcodegen/1.3.0-SNAPSHOT/ozone-reconcodegen-1.3.0-SNAPSHOT.jar:/home/runner/.m2/repository/com/google/inject/extensions/guice-multibindings/4.0/guice-multibindings-4.0.jar:/home/runner/.m2/repository/com/google/inject/guice/4.0/guice-4.0.jar:/home/runner/.m2/repository/aopalliance/aopalliance/1.0/aopalliance-1.0.jar:/home/runner/.m2/repository/com/google/inject/extensions/guice-assistedinject/4.0/guice-assistedinject-4.0.jar:/home/runner/.m2/repository/com/google/inject/extensions/guice-servlet/4.0/guice-servlet-4.0.jar:/home/runner/.m2/repository/org/glassfish/jersey/containers/jersey-container-servlet/2.33/jersey-container-servlet-2.33.jar:/home/runner/.m2/repository/org/glassfish/hk2/guice-bridge/2.5.0/guice-bridge-2.5.0.jar:/home/runner/.m2/repository/org/glassfish/jersey/core/jersey-server/2.33/jersey-server-2.33.jar:/home/runner/.m2/repository/org/glassfish/jersey/core/jersey-client/2.33/jersey-client-2.33.jar:/home/runner/.m2/repository/jakarta/annotation/jakarta.annotation-api/1.3.5/jakarta.annotation-api-1.3.5.jar:/home/runner/.m2/repository/jakarta/validation/jakarta.validation-api/2.0.2/jakarta.validation-api-2.0.2.jar:/home/runner/.m2/repository/org/glassfish/jersey/media/jersey-media-json-jackson/2.33/jersey-media-json-jackson-2.33.jar:/home/runner/.m2/repository/org/glassfish/jersey/ext/jersey-entity-filtering/2.33/jersey-entity-filtering-2.33.jar:/home/runner/.m2/repository/org/jooq/jooq/3.11.10/jooq-3.11.10.jar:/home/runner/.m2/repository/org/jooq/jooq-meta/3.11.10/jooq-meta-3.11.10.jar:/home/runner/.m2/repository/org/jooq/jooq-codegen/3.11.10/jooq-codegen-3.11.10.jar:/home/runner/.m2/repository/com/jolbox/bonecp/0.8.0.RELEASE/bonecp-0.8.0.RELEASE.jar:/home/runner/.m2/repository/org/apache/derby/derby/10.14.2.0/derby-10.14.2.0.jar:/home/runner/.m2/repository/org/xerial/sqlite-jdbc/3.25.2/sqlite-jdbc-3.25.2.jar:/home/runner/.m2/repository/org/springframework/spring-jdbc/5.2.18.RELEASE/spring-jdbc-5.2.18.RELEASE.jar:/home/runner/.m2/repository/org/springframework/spring-beans/5.2.18.RELEASE/spring-beans-5.2.18.RELEASE.jar:/home/runner/.m2/repository/org/springframework/spring-core/5.2.18.RELEASE/spring-core-5.2.18.RELEASE.jar:/home/runner/.m2/repository/org/springframework/spring-jcl/5.2.18.RELEASE/spring-jcl-5.2.18.RELEASE.jar:/home/runner/.m2/repository/org/springframework/spring-tx/5.2.18.RELEASE/spring-tx-5.2.18.RELEASE.jar:/home/runner/.m2/repository/org/apache/ozone/ozone-client/1.3.0-SNAPSHOT/ozone-client-1.3.0-SNAPSHOT.jar:/home/runner/.m2/repository/org/apache/ozone/ozone-filesystem/1.3.0-SNAPSHOT/ozone-filesystem-1.3.0-SNAPSHOT.jar:/home/runner/.m2/repository/org/apache/ozone/ozone-filesystem-common/1.3.0-SNAPSHOT/ozone-filesystem-common-1.3.0-SNAPSHOT.jar:/home/runner/.m2/repository/org/apache/ozone/ozone-tools/1.3.0-SNAPSHOT/ozone-tools-1.3.0-SNAPSHOT.jar:/home/runner/.m2/repository/org/apache/ratis/ratis-tools/2.2.0/ratis-tools-2.2.0.jar:/home/runner/.m2/repository/com/amazonaws/aws-java-sdk-core/1.12.124/aws-java-sdk-core-1.12.124.jar:/home/runner/.m2/repository/org/apache/httpcomponents/httpclient/4.5.13/httpclient-4.5.13.jar:/home/runner/.m2/repository/org/apache/httpcomponents/httpcore/4.4.13/httpcore-4.4.13.jar:/home/runner/.m2/repository/software/amazon/ion/ion-java/1.0.2/ion-java-1.0.2.jar:/home/runner/.m2/repository/com/fasterxml/jackson/dataformat/jackson-dataformat-cbor/2.12.1/jackson-dataformat-cbor-2.12.1.jar:/home/runner/.m2/repository/joda-time/joda-time/2.8.1/joda-time-2.8.1.jar:/home/runner/.m2/repository/com/amazonaws/aws-java-sdk-s3/1.12.124/aws-java-sdk-s3-1.12.124.jar:/home/runner/.m2/repository/com/amazonaws/aws-java-sdk-kms/1.12.124/aws-java-sdk-kms-1.12.124.jar:/home/runner/.m2/repository/com/amazonaws/jmespath-java/1.12.124/jmespath-java-1.12.124.jar:/home/runner/.m2/repository/org/kohsuke/metainf-services/metainf-services/1.8/metainf-services-1.8.jar:/home/runner/.m2/repository/org/apache/ozone/hdds-tools/1.3.0-SNAPSHOT/hdds-tools-1.3.0-SNAPSHOT.jar:/home/runner/.m2/repository/commons-cli/commons-cli/1.2/commons-cli-1.2.jar:/home/runner/.m2/repository/org/apache/commons/commons-lang3/3.7/commons-lang3-3.7.jar:/home/runner/.m2/repository/org/apache/ozone/ozone-manager/1.3.0-SNAPSHOT/ozone-manager-1.3.0-SNAPSHOT-tests.jar:/home/runner/.m2/repository/org/apache/ozone/hdds-common/1.3.0-SNAPSHOT/hdds-common-1.3.0-SNAPSHOT-tests.jar:/home/runner/.m2/repository/org/apache/ozone/hdds-hadoop-dependency-client/1.3.0-SNAPSHOT/hdds-hadoop-dependency-client-1.3.0-SNAPSHOT.jar:/home/runner/.m2/repository/info/picocli/picocli/4.6.1/picocli-4.6.1.jar:/home/runner/.m2/repository/com/fasterxml/jackson/core/jackson-annotations/2.12.1/jackson-annotations-2.12.1.jar:/home/runner/.m2/repository/javax/annotation/javax.annotation-api/1.2/javax.annotation-api-1.2.jar:/home/runner/.m2/repository/org/apache/ratis/ratis-server/2.2.0/ratis-server-2.2.0.jar:/home/runner/.m2/repository/org/apache/ratis/ratis-client/2.2.0/ratis-client-2.2.0.jar:/home/runner/.m2/repository/org/apache/ratis/ratis-server-api/2.2.0/ratis-server-api-2.2.0.jar:/home/runner/.m2/repository/org/apache/ratis/ratis-metrics/2.2.0/ratis-metrics-2.2.0.jar:/home/runner/.m2/repository/org/apache/ratis/ratis-netty/2.2.0/ratis-netty-2.2.0.jar:/home/runner/.m2/repository/org/apache/ratis/ratis-grpc/2.2.0/ratis-grpc-2.2.0.jar:/home/runner/.m2/repository/org/apache/logging/log4j/log4j-api/2.17.1/log4j-api-2.17.1.jar:/home/runner/.m2/repository/org/apache/logging/log4j/log4j-core/2.17.1/log4j-core-2.17.1.jar:/home/runner/.m2/repository/com/lmax/disruptor/3.4.2/disruptor-3.4.2.jar:/home/runner/.m2/repository/org/apache/commons/commons-pool2/2.6.0/commons-pool2-2.6.0.jar:/home/runner/.m2/repository/org/bouncycastle/bcpkix-jdk15on/1.67/bcpkix-jdk15on-1.67.jar:/home/runner/.m2/repository/commons-validator/commons-validator/1.6/commons-validator-1.6.jar:/home/runner/.m2/repository/commons-beanutils/commons-beanutils/1.9.4/commons-beanutils-1.9.4.jar:/home/runner/.m2/repository/commons-digester/commons-digester/1.8.1/commons-digester-1.8.1.jar:/home/runner/.m2/repository/commons-collections/commons-collections/3.2.2/commons-collections-3.2.2.jar:/home/runner/.m2/repository/io/jaegertracing/jaeger-client/1.6.0/jaeger-client-1.6.0.jar:/home/runner/.m2/repository/io/jaegertracing/jaeger-thrift/1.6.0/jaeger-thrift-1.6.0.jar:/home/runner/.m2/repository/org/apache/thrift/libthrift/0.14.1/libthrift-0.14.1.jar:/home/runner/.m2/repository/com/squareup/okhttp3/okhttp/4.9.0/okhttp-4.9.0.jar:/home/runner/.m2/repository/com/squareup/okio/okio/2.8.0/okio-2.8.0.jar:/home/runner/.m2/repository/io/jaegertracing/jaeger-core/1.6.0/jaeger-core-1.6.0.jar:/home/runner/.m2/repository/io/jaegertracing/jaeger-tracerresolver/1.6.0/jaeger-tracerresolver-1.6.0.jar:/home/runner/.m2/repository/io/opentracing/contrib/opentracing-tracerresolver/0.1.8/opentracing-tracerresolver-0.1.8.jar:/home/runner/.m2/repository/org/jetbrains/kotlin/kotlin-stdlib/1.4.31/kotlin-stdlib-1.4.31.jar:/home/runner/.m2/repository/org/jetbrains/kotlin/kotlin-stdlib-common/1.4.31/kotlin-stdlib-common-1.4.31.jar:/home/runner/.m2/repository/org/jetbrains/annotations/13.0/annotations-13.0.jar:/home/runner/.m2/repository/io/opentracing/opentracing-util/0.33.0/opentracing-util-0.33.0.jar:/home/runner/.m2/repository/io/opentracing/opentracing-api/0.33.0/opentracing-api-0.33.0.jar:/home/runner/.m2/repository/io/opentracing/opentracing-noop/0.33.0/opentracing-noop-0.33.0.jar:/home/runner/.m2/repository/org/yaml/snakeyaml/1.26/snakeyaml-1.26.jar:/home/runner/.m2/repository/org/apache/ozone/hdds-interface-admin/1.3.0-SNAPSHOT/hdds-interface-admin-1.3.0-SNAPSHOT.jar:/home/runner/.m2/repository/junit/junit/4.13.1/junit-4.13.1.jar:/home/runner/.m2/repository/org/hamcrest/hamcrest-core/1.3/hamcrest-core-1.3.jar:/home/runner/.m2/repository/org/junit/jupiter/junit-jupiter-api/5.7.0/junit-jupiter-api-5.7.0.jar:/home/runner/.m2/repository/org/apiguardian/apiguardian-api/1.1.0/apiguardian-api-1.1.0.jar:/home/runner/.m2/repository/org/opentest4j/opentest4j/1.2.0/opentest4j-1.2.0.jar:/home/runner/.m2/repository/org/junit/platform/junit-platform-commons/1.7.0/junit-platform-commons-1.7.0.jar:/home/runner/.m2/repository/org/junit/jupiter/junit-jupiter-engine/5.7.0/junit-jupiter-engine-5.7.0.jar:/home/runner/.m2/repository/org/junit/platform/junit-platform-engine/1.7.0/junit-platform-engine-1.7.0.jar:/home/runner/.m2/repository/org/junit/vintage/junit-vintage-engine/5.7.0/junit-vintage-engine-5.7.0.jar:/home/runner/.m2/repository/org/junit/platform/junit-platform-launcher/1.7.0/junit-platform-launcher-1.7.0.jar:/home/runner/.m2/repository/org/mockito/mockito-core/2.28.2/mockito-core-2.28.2.jar:/home/runner/.m2/repository/net/bytebuddy/byte-buddy/1.9.10/byte-buddy-1.9.10.jar:/home/runner/.m2/repository/net/bytebuddy/byte-buddy-agent/1.9.10/byte-buddy-agent-1.9.10.jar:/home/runner/.m2/repository/org/objenesis/objenesis/1.0/objenesis-1.0.jar:/home/runner/.m2/repository/org/apache/hadoop/hadoop-kms/3.3.1/hadoop-kms-3.3.1.jar:/home/runner/.m2/repository/org/apache/hadoop/hadoop-auth/3.3.1/hadoop-auth-3.3.1.jar:/home/runner/.m2/repository/com/nimbusds/nimbus-jose-jwt/7.9/nimbus-jose-jwt-7.9.jar:/home/runner/.m2/repository/com/github/stephenc/jcip/jcip-annotations/1.0-1/jcip-annotations-1.0-1.jar:/home/runner/.m2/repository/net/minidev/json-smart/2.3.1/json-smart-2.3.1.jar:/home/runner/.m2/repository/net/minidev/accessors-smart/2.3.1/accessors-smart-2.3.1.jar:/home/runner/.m2/repository/org/ow2/asm/asm/5.0.4/asm-5.0.4.jar:/home/runner/.m2/repository/org/apache/zookeeper/zookeeper/3.5.6/zookeeper-3.5.6.jar:/home/runner/.m2/repository/org/apache/zookeeper/zookeeper-jute/3.5.6/zookeeper-jute-3.5.6.jar:/home/runner/.m2/repository/org/apache/yetus/audience-annotations/0.5.0/audience-annotations-0.5.0.jar:/home/runner/.m2/repository/org/apache/curator/curator-framework/4.2.0/curator-framework-4.2.0.jar:/home/runner/.m2/repository/org/apache/hadoop/thirdparty/hadoop-shaded-guava/1.1.1/hadoop-shaded-guava-1.1.1.jar:/home/runner/.m2/repository/com/sun/jersey/jersey-core/1.19/jersey-core-1.19.jar:/home/runner/.m2/repository/javax/ws/rs/jsr311-api/1.1.1/jsr311-api-1.1.1.jar:/home/runner/.m2/repository/com/sun/jersey/jersey-server/1.19/jersey-server-1.19.jar:/home/runner/.m2/repository/javax/servlet/javax.servlet-api/3.1.0/javax.servlet-api-3.1.0.jar:/home/runner/.m2/repository/org/eclipse/jetty/jetty-server/9.4.43.v20210629/jetty-server-9.4.43.v20210629.jar:/home/runner/.m2/repository/org/eclipse/jetty/jetty-http/9.4.43.v20210629/jetty-http-9.4.43.v20210629.jar:/home/runner/.m2/repository/org/eclipse/jetty/jetty-io/9.4.43.v20210629/jetty-io-9.4.43.v20210629.jar:/home/runner/.m2/repository/org/eclipse/jetty/jetty-webapp/9.4.43.v20210629/jetty-webapp-9.4.43.v20210629.jar:/home/runner/.m2/repository/org/eclipse/jetty/jetty-xml/9.4.43.v20210629/jetty-xml-9.4.43.v20210629.jar:/home/runner/.m2/repository/org/apache/hadoop/hadoop-common/3.3.1/hadoop-common-3.3.1.jar:/home/runner/.m2/repository/org/apache/commons/commons-math3/3.1.1/commons-math3-3.1.1.jar:/home/runner/.m2/repository/commons-net/commons-net/3.6/commons-net-3.6.jar:/home/runner/.m2/repository/jakarta/activation/jakarta.activation-api/1.2.1/jakarta.activation-api-1.2.1.jar:/home/runner/.m2/repository/com/sun/jersey/jersey-servlet/1.19/jersey-servlet-1.19.jar:/home/runner/.m2/repository/com/sun/jersey/jersey-json/1.19/jersey-json-1.19.jar:/home/runner/.m2/repository/org/codehaus/jettison/jettison/1.1/jettison-1.1.jar:/home/runner/.m2/repository/com/sun/xml/bind/jaxb-impl/2.2.3-1/jaxb-impl-2.2.3-1.jar:/home/runner/.m2/repository/org/codehaus/jackson/jackson-jaxrs/1.9.2/jackson-jaxrs-1.9.2.jar:/home/runner/.m2/repository/org/codehaus/jackson/jackson-xc/1.9.2/jackson-xc-1.9.2.jar:/home/runner/.m2/repository/org/apache/commons/commons-configuration2/2.1.1/commons-configuration2-2.1.1.jar:/home/runner/.m2/repository/org/apache/commons/commons-text/1.4/commons-text-1.4.jar:/home/runner/.m2/repository/com/google/re2j/re2j/1.1/re2j-1.1.jar:/home/runner/.m2/repository/com/jcraft/jsch/0.1.54/jsch-0.1.54.jar:/home/runner/.m2/repository/org/apache/curator/curator-client/4.2.0/curator-client-4.2.0.jar:/home/runner/.m2/repository/org/apache/curator/curator-recipes/4.2.0/curator-recipes-4.2.0.jar:/home/runner/.m2/repository/org/apache/kerby/kerb-core/1.0.1/kerb-core-1.0.1.jar:/home/runner/.m2/repository/org/apache/kerby/kerby-pkix/1.0.1/kerby-pkix-1.0.1.jar:/home/runner/.m2/repository/org/apache/kerby/kerby-asn1/1.0.1/kerby-asn1-1.0.1.jar:/home/runner/.m2/repository/org/apache/kerby/kerby-util/1.0.1/kerby-util-1.0.1.jar:/home/runner/.m2/repository/dnsjava/dnsjava/2.1.7/dnsjava-2.1.7.jar:/home/runner/.m2/repository/org/xerial/snappy/snappy-java/1.1.8.2/snappy-java-1.1.8.2.jar:/home/runner/.m2/repository/org/slf4j/jul-to-slf4j/1.7.30/jul-to-slf4j-1.7.30.jar:/home/runner/.m2/repository/org/eclipse/jetty/jetty-util/9.4.43.v20210629/jetty-util-9.4.43.v20210629.jar:/home/runner/.m2/repository/com/fasterxml/jackson/core/jackson-databind/2.12.1/jackson-databind-2.12.1.jar:/home/runner/.m2/repository/org/apache/hadoop/hadoop-kms/3.3.1/hadoop-kms-3.3.1-tests.jar:/home/runner/.m2/repository/org/apache/ozone/hdds-server-scm/1.3.0-SNAPSHOT/hdds-server-scm-1.3.0-SNAPSHOT-tests.jar:/home/runner/.m2/repository/org/apache/ozone/hdds-container-service/1.3.0-SNAPSHOT/hdds-container-service-1.3.0-SNAPSHOT-tests.jar:/home/runner/.m2/repository/commons-codec/commons-codec/1.11/commons-codec-1.11.jar:/home/runner/.m2/repository/io/netty/netty-transport/4.1.63.Final/netty-transport-4.1.63.Final.jar:/home/runner/.m2/repository/io/netty/netty-resolver/4.1.63.Final/netty-resolver-4.1.63.Final.jar:/home/runner/.m2/repository/io/netty/netty-codec/4.1.63.Final/netty-codec-4.1.63.Final.jar:/home/runner/.m2/repository/io/netty/netty-handler/4.1.63.Final/netty-handler-4.1.63.Final.jar:/home/runner/.m2/repository/org/apache/ozone/hdds-hadoop-dependency-test/1.3.0-SNAPSHOT/hdds-hadoop-dependency-test-1.3.0-SNAPSHOT.jar:/home/runner/.m2/repository/org/apache/hadoop/hadoop-common/3.3.1/hadoop-common-3.3.1-tests.jar:/home/runner/.m2/repository/org/assertj/assertj-core/3.12.2/assertj-core-3.12.2.jar:/home/runner/.m2/repository/org/apache/hadoop/hadoop-hdfs/3.3.1/hadoop-hdfs-3.3.1-tests.jar:/home/runner/.m2/repository/org/eclipse/jetty/jetty-util-ajax/9.4.43.v20210629/jetty-util-ajax-9.4.43.v20210629.jar:/home/runner/.m2/repository/commons-daemon/commons-daemon/1.0.13/commons-daemon-1.0.13.jar:/home/runner/.m2/repository/io/netty/netty/3.10.6.Final/netty-3.10.6.Final.jar:/home/runner/.m2/repository/io/netty/netty-all/4.1.63.Final/netty-all-4.1.63.Final.jar:/home/runner/.m2/repository/org/apache/htrace/htrace-core4/4.1.0-incubating/htrace-core4-4.1.0-incubating.jar:/home/runner/.m2/repository/org/fusesource/leveldbjni/leveldbjni-all/1.8/leveldbjni-all-1.8.jar:/home/runner/.m2/repository/org/apache/hadoop/hadoop-distcp/3.3.1/hadoop-distcp-3.3.1.jar:/home/runner/.m2/repository/org/apache/hadoop/hadoop-mapreduce-client-jobclient/3.3.1/hadoop-mapreduce-client-jobclient-3.3.1.jar:/home/runner/.m2/repository/org/apache/hadoop/hadoop-mapreduce-client-common/3.3.1/hadoop-mapreduce-client-common-3.3.1.jar:/home/runner/.m2/repository/org/apache/hadoop/hadoop-yarn-common/3.3.1/hadoop-yarn-common-3.3.1.jar:/home/runner/.m2/repository/org/apache/hadoop/hadoop-yarn-api/3.3.1/hadoop-yarn-api-3.3.1.jar:/home/runner/.m2/repository/com/sun/jersey/jersey-client/1.19/jersey-client-1.19.jar:/home/runner/.m2/repository/com/sun/jersey/contribs/jersey-guice/1.19/jersey-guice-1.19.jar:/home/runner/.m2/repository/com/fasterxml/jackson/jaxrs/jackson-jaxrs-json-provider/2.12.1/jackson-jaxrs-json-provider-2.12.1.jar:/home/runner/.m2/repository/com/fasterxml/jackson/jaxrs/jackson-jaxrs-base/2.12.1/jackson-jaxrs-base-2.12.1.jar:/home/runner/.m2/repository/org/apache/hadoop/hadoop-yarn-client/3.3.1/hadoop-yarn-client-3.3.1.jar:/home/runner/.m2/repository/org/eclipse/jetty/websocket/websocket-client/9.4.40.v20210413/websocket-client-9.4.40.v20210413.jar:/home/runner/.m2/repository/org/eclipse/jetty/jetty-client/9.4.40.v20210413/jetty-client-9.4.40.v20210413.jar:/home/runner/.m2/repository/org/eclipse/jetty/websocket/websocket-common/9.4.40.v20210413/websocket-common-9.4.40.v20210413.jar:/home/runner/.m2/repository/org/eclipse/jetty/websocket/websocket-api/9.4.40.v20210413/websocket-api-9.4.40.v20210413.jar:/home/runner/.m2/repository/org/jline/jline/3.9.0/jline-3.9.0.jar:/home/runner/.m2/repository/org/apache/hadoop/hadoop-mapreduce-client-core/3.3.1/hadoop-mapreduce-client-core-3.3.1.jar:/home/runner/.m2/repository/org/apache/avro/avro/1.7.7/avro-1.7.7.jar:/home/runner/.m2/repository/org/codehaus/jackson/jackson-core-asl/1.9.13/jackson-core-asl-1.9.13.jar:/home/runner/.m2/repository/org/codehaus/jackson/jackson-mapper-asl/1.9.13/jackson-mapper-asl-1.9.13.jar:/home/runner/.m2/repository/com/thoughtworks/paranamer/paranamer/2.3/paranamer-2.3.jar:/home/runner/.m2/repository/org/apache/hadoop/hadoop-annotations/3.3.1/hadoop-annotations-3.3.1.jar:/usr/lib/jvm/temurin-8-jdk-amd64/jre/../lib/tools.jar:/home/runner/.m2/repository/org/apache/hadoop/hadoop-distcp/3.3.1/hadoop-distcp-3.3.1-tests.jar:/home/runner/.m2/repository/org/apache/ratis/ratis-common/2.2.0/ratis-common-2.2.0.jar:/home/runner/.m2/repository/org/apache/ratis/ratis-thirdparty-misc/0.7.0/ratis-thirdparty-misc-0.7.0.jar:/home/runner/.m2/repository/org/apache/ratis/ratis-proto/2.2.0/ratis-proto-2.2.0.jar:"/>
    <property name="java.vm.vendor" value="Temurin"/>
    <property name="sun.arch.data.model" value="64"/>
    <property name="test.build.dir" value="/home/runner/work/ozone/ozone/hadoop-ozone/integration-test/target/test-dir"/>
    <property name="test.cache.data" value=""/>
    <property name="java.vendor.url" value="https://adoptium.net/"/>
    <property name="user.timezone" value=""/>
    <property name="java.vm.specification.version" value="1.8"/>
    <property name="os.name" value="Linux"/>
    <property name="test.build.data" value="/home/runner/work/ozone/ozone/hadoop-ozone/integration-test/target/test-dir"/>
    <property name="sun.java.launcher" value="SUN_STANDARD"/>
    <property name="sun.boot.library.path" value="/usr/lib/jvm/temurin-8-jdk-amd64/jre/lib/amd64"/>
    <property name="sun.java.command" value="/home/runner/work/ozone/ozone/hadoop-ozone/integration-test/target/surefire/surefirebooter5286124214429067621.jar /home/runner/work/ozone/ozone/hadoop-ozone/integration-test/target/surefire 2022-02-05T12-50-39_638-jvmRun1 surefire3445567380438504142tmp surefire_592649961842149496695tmp"/>
    <property name="surefire.test.class.path" value="/home/runner/work/ozone/ozone/hadoop-ozone/integration-test/target/test-classes:/home/runner/work/ozone/ozone/hadoop-ozone/integration-test/target/classes:/home/runner/.m2/repository/org/apache/ozone/ozone-common/1.3.0-SNAPSHOT/ozone-common-1.3.0-SNAPSHOT.jar:/home/runner/.m2/repository/org/apache/commons/commons-compress/1.21/commons-compress-1.21.jar:/home/runner/.m2/repository/org/apache/ozone/hdds-common/1.3.0-SNAPSHOT/hdds-common-1.3.0-SNAPSHOT.jar:/home/runner/.m2/repository/org/apache/ozone/hdds-client/1.3.0-SNAPSHOT/hdds-client-1.3.0-SNAPSHOT.jar:/home/runner/.m2/repository/org/apache/ozone/ozone-interface-client/1.3.0-SNAPSHOT/ozone-interface-client-1.3.0-SNAPSHOT.jar:/home/runner/.m2/repository/org/apache/ozone/hdds-test-utils/1.3.0-SNAPSHOT/hdds-test-utils-1.3.0-SNAPSHOT.jar:/home/runner/.m2/repository/com/google/guava/guava/30.1.1-jre/guava-30.1.1-jre.jar:/home/runner/.m2/repository/com/google/guava/failureaccess/1.0.1/failureaccess-1.0.1.jar:/home/runner/.m2/repository/com/google/guava/listenablefuture/9999.0-empty-to-avoid-conflict-with-guava/listenablefuture-9999.0-empty-to-avoid-conflict-with-guava.jar:/home/runner/.m2/repository/com/google/code/findbugs/jsr305/3.0.0/jsr305-3.0.0.jar:/home/runner/.m2/repository/org/checkerframework/checker-qual/3.8.0/checker-qual-3.8.0.jar:/home/runner/.m2/repository/com/google/errorprone/error_prone_annotations/2.2.0/error_prone_annotations-2.2.0.jar:/home/runner/.m2/repository/com/google/j2objc/j2objc-annotations/1.3/j2objc-annotations-1.3.jar:/home/runner/.m2/repository/commons-io/commons-io/2.11.0/commons-io-2.11.0.jar:/home/runner/.m2/repository/commons-logging/commons-logging/1.2/commons-logging-1.2.jar:/home/runner/.m2/repository/log4j/log4j/1.2.17/log4j-1.2.17.jar:/home/runner/.m2/repository/org/slf4j/slf4j-api/1.7.30/slf4j-api-1.7.30.jar:/home/runner/.m2/repository/org/apache/ozone/hdds-server-scm/1.3.0-SNAPSHOT/hdds-server-scm-1.3.0-SNAPSHOT.jar:/home/runner/.m2/repository/org/apache/ozone/hdds-container-service/1.3.0-SNAPSHOT/hdds-container-service-1.3.0-SNAPSHOT.jar:/home/runner/.m2/repository/org/apache/ozone/hdds-hadoop-dependency-server/1.3.0-SNAPSHOT/hdds-hadoop-dependency-server-1.3.0-SNAPSHOT.jar:/home/runner/.m2/repository/org/apache/hadoop/hadoop-hdfs/3.3.1/hadoop-hdfs-3.3.1.jar:/home/runner/.m2/repository/org/apache/ozone/hdds-server-framework/1.3.0-SNAPSHOT/hdds-server-framework-1.3.0-SNAPSHOT.jar:/home/runner/.m2/repository/org/apache/ozone/hdds-interface-server/1.3.0-SNAPSHOT/hdds-interface-server-1.3.0-SNAPSHOT.jar:/home/runner/.m2/repository/org/eclipse/jetty/jetty-servlet/9.4.43.v20210629/jetty-servlet-9.4.43.v20210629.jar:/home/runner/.m2/repository/org/eclipse/jetty/jetty-security/9.4.43.v20210629/jetty-security-9.4.43.v20210629.jar:/home/runner/.m2/repository/org/rocksdb/rocksdbjni/6.25.3/rocksdbjni-6.25.3.jar:/home/runner/.m2/repository/io/prometheus/simpleclient_dropwizard/0.7.0/simpleclient_dropwizard-0.7.0.jar:/home/runner/.m2/repository/io/prometheus/simpleclient/0.7.0/simpleclient-0.7.0.jar:/home/runner/.m2/repository/io/prometheus/simpleclient_common/0.7.0/simpleclient_common-0.7.0.jar:/home/runner/.m2/repository/com/fasterxml/jackson/datatype/jackson-datatype-jsr310/2.12.1/jackson-datatype-jsr310-2.12.1.jar:/home/runner/.m2/repository/io/dropwizard/metrics/metrics-core/3.2.4/metrics-core-3.2.4.jar:/home/runner/.m2/repository/org/apache/hadoop/hadoop-hdfs-client/3.3.1/hadoop-hdfs-client-3.3.1.jar:/home/runner/.m2/repository/org/bouncycastle/bcprov-jdk15on/1.67/bcprov-jdk15on-1.67.jar:/home/runner/.m2/repository/com/google/protobuf/protobuf-java/2.5.0/protobuf-java-2.5.0.jar:/home/runner/.m2/repository/org/apache/ozone/ozone-manager/1.3.0-SNAPSHOT/ozone-manager-1.3.0-SNAPSHOT.jar:/home/runner/.m2/repository/org/aspectj/aspectjrt/1.9.7/aspectjrt-1.9.7.jar:/home/runner/.m2/repository/org/aspectj/aspectjweaver/1.9.7/aspectjweaver-1.9.7.jar:/home/runner/.m2/repository/org/apache/ozone/hdds-interface-client/1.3.0-SNAPSHOT/hdds-interface-client-1.3.0-SNAPSHOT.jar:/home/runner/.m2/repository/org/apache/hadoop/thirdparty/hadoop-shaded-protobuf_3_7/1.1.1/hadoop-shaded-protobuf_3_7-1.1.1.jar:/home/runner/.m2/repository/org/apache/ozone/ozone-interface-storage/1.3.0-SNAPSHOT/ozone-interface-storage-1.3.0-SNAPSHOT.jar:/home/runner/.m2/repository/org/reflections/reflections/0.9.11/reflections-0.9.11.jar:/home/runner/.m2/repository/org/apache/hadoop/hadoop-minikdc/3.3.1/hadoop-minikdc-3.3.1.jar:/home/runner/.m2/repository/org/apache/kerby/kerb-simplekdc/1.0.1/kerb-simplekdc-1.0.1.jar:/home/runner/.m2/repository/org/apache/kerby/kerb-client/1.0.1/kerb-client-1.0.1.jar:/home/runner/.m2/repository/org/apache/kerby/kerby-config/1.0.1/kerby-config-1.0.1.jar:/home/runner/.m2/repository/org/apache/kerby/kerb-common/1.0.1/kerb-common-1.0.1.jar:/home/runner/.m2/repository/org/apache/kerby/kerb-crypto/1.0.1/kerb-crypto-1.0.1.jar:/home/runner/.m2/repository/org/apache/kerby/kerb-util/1.0.1/kerb-util-1.0.1.jar:/home/runner/.m2/repository/org/apache/kerby/token-provider/1.0.1/token-provider-1.0.1.jar:/home/runner/.m2/repository/org/apache/kerby/kerb-admin/1.0.1/kerb-admin-1.0.1.jar:/home/runner/.m2/repository/org/apache/kerby/kerb-server/1.0.1/kerb-server-1.0.1.jar:/home/runner/.m2/repository/org/apache/kerby/kerb-identity/1.0.1/kerb-identity-1.0.1.jar:/home/runner/.m2/repository/org/apache/kerby/kerby-xdr/1.0.1/kerby-xdr-1.0.1.jar:/home/runner/.m2/repository/org/slf4j/slf4j-log4j12/1.7.30/slf4j-log4j12-1.7.30.jar:/home/runner/.m2/repository/org/apache/ozone/ozone-s3gateway/1.3.0-SNAPSHOT/ozone-s3gateway-1.3.0-SNAPSHOT.jar:/home/runner/.m2/repository/org/javassist/javassist/3.21.0-GA/javassist-3.21.0-GA.jar:/home/runner/.m2/repository/org/jboss/weld/servlet/weld-servlet/2.4.7.Final/weld-servlet-2.4.7.Final.jar:/home/runner/.m2/repository/org/glassfish/jersey/containers/jersey-container-servlet-core/2.33/jersey-container-servlet-core-2.33.jar:/home/runner/.m2/repository/org/glassfish/hk2/external/jakarta.inject/2.6.1/jakarta.inject-2.6.1.jar:/home/runner/.m2/repository/org/glassfish/jersey/core/jersey-common/2.33/jersey-common-2.33.jar:/home/runner/.m2/repository/jakarta/ws/rs/jakarta.ws.rs-api/2.1.6/jakarta.ws.rs-api-2.1.6.jar:/home/runner/.m2/repository/org/glassfish/jersey/ext/cdi/jersey-cdi1x/2.33/jersey-cdi1x-2.33.jar:/home/runner/.m2/repository/org/glassfish/jersey/inject/jersey-hk2/2.33/jersey-hk2-2.33.jar:/home/runner/.m2/repository/org/glassfish/hk2/hk2-locator/2.6.1/hk2-locator-2.6.1.jar:/home/runner/.m2/repository/org/glassfish/jersey/media/jersey-media-jaxb/2.33/jersey-media-jaxb-2.33.jar:/home/runner/.m2/repository/org/glassfish/hk2/osgi-resource-locator/1.0.3/osgi-resource-locator-1.0.3.jar:/home/runner/.m2/repository/org/glassfish/hk2/hk2-api/2.5.0/hk2-api-2.5.0.jar:/home/runner/.m2/repository/org/glassfish/hk2/hk2-utils/2.5.0/hk2-utils-2.5.0.jar:/home/runner/.m2/repository/org/glassfish/hk2/external/aopalliance-repackaged/2.5.0/aopalliance-repackaged-2.5.0.jar:/home/runner/.m2/repository/com/fasterxml/jackson/dataformat/jackson-dataformat-xml/2.12.1/jackson-dataformat-xml-2.12.1.jar:/home/runner/.m2/repository/com/fasterxml/jackson/core/jackson-core/2.12.1/jackson-core-2.12.1.jar:/home/runner/.m2/repository/com/fasterxml/jackson/module/jackson-module-jaxb-annotations/2.12.1/jackson-module-jaxb-annotations-2.12.1.jar:/home/runner/.m2/repository/jakarta/xml/bind/jakarta.xml.bind-api/2.3.2/jakarta.xml.bind-api-2.3.2.jar:/home/runner/.m2/repository/org/codehaus/woodstox/stax2-api/3.1.4/stax2-api-3.1.4.jar:/home/runner/.m2/repository/com/fasterxml/woodstox/woodstox-core/5.0.3/woodstox-core-5.0.3.jar:/home/runner/.m2/repository/javax/enterprise/cdi-api/1.2/cdi-api-1.2.jar:/home/runner/.m2/repository/javax/el/javax.el-api/3.0.0/javax.el-api-3.0.0.jar:/home/runner/.m2/repository/javax/interceptor/javax.interceptor-api/1.2/javax.interceptor-api-1.2.jar:/home/runner/.m2/repository/javax/inject/javax.inject/1/javax.inject-1.jar:/home/runner/.m2/repository/javax/xml/bind/jaxb-api/2.3.0/jaxb-api-2.3.0.jar:/home/runner/.m2/repository/org/glassfish/jaxb/jaxb-runtime/2.3.0.1/jaxb-runtime-2.3.0.1.jar:/home/runner/.m2/repository/org/glassfish/jaxb/jaxb-core/2.3.0.1/jaxb-core-2.3.0.1.jar:/home/runner/.m2/repository/org/glassfish/jaxb/txw2/2.3.0.1/txw2-2.3.0.1.jar:/home/runner/.m2/repository/com/sun/istack/istack-commons-runtime/3.0.5/istack-commons-runtime-3.0.5.jar:/home/runner/.m2/repository/org/jvnet/staxex/stax-ex/1.7.8/stax-ex-1.7.8.jar:/home/runner/.m2/repository/com/sun/xml/fastinfoset/FastInfoset/1.2.13/FastInfoset-1.2.13.jar:/home/runner/.m2/repository/javax/activation/activation/1.1.1/activation-1.1.1.jar:/home/runner/.m2/repository/org/apache/ozone/ozone-csi/1.3.0-SNAPSHOT/ozone-csi-1.3.0-SNAPSHOT.jar:/home/runner/.m2/repository/com/google/protobuf/protobuf-java-util/3.12.0/protobuf-java-util-3.12.0.jar:/home/runner/.m2/repository/com/google/code/gson/gson/2.2.4/gson-2.2.4.jar:/home/runner/.m2/repository/org/apache/ozone/hdds-config/1.3.0-SNAPSHOT/hdds-config-1.3.0-SNAPSHOT.jar:/home/runner/.m2/repository/io/grpc/grpc-netty/1.33.0/grpc-netty-1.33.0.jar:/home/runner/.m2/repository/io/grpc/grpc-core/1.33.0/grpc-core-1.33.0.jar:/home/runner/.m2/repository/com/google/android/annotations/4.1.1.4/annotations-4.1.1.4.jar:/home/runner/.m2/repository/io/netty/netty-codec-http2/4.1.63.Final/netty-codec-http2-4.1.63.Final.jar:/home/runner/.m2/repository/io/netty/netty-codec-http/4.1.63.Final/netty-codec-http-4.1.63.Final.jar:/home/runner/.m2/repository/io/netty/netty-handler-proxy/4.1.63.Final/netty-handler-proxy-4.1.63.Final.jar:/home/runner/.m2/repository/io/netty/netty-codec-socks/4.1.63.Final/netty-codec-socks-4.1.63.Final.jar:/home/runner/.m2/repository/io/perfmark/perfmark-api/0.19.0/perfmark-api-0.19.0.jar:/home/runner/.m2/repository/org/codehaus/mojo/animal-sniffer-annotations/1.18/animal-sniffer-annotations-1.18.jar:/home/runner/.m2/repository/io/netty/netty-transport-native-epoll/4.1.63.Final/netty-transport-native-epoll-4.1.63.Final.jar:/home/runner/.m2/repository/io/netty/netty-common/4.1.63.Final/netty-common-4.1.63.Final.jar:/home/runner/.m2/repository/io/netty/netty-buffer/4.1.63.Final/netty-buffer-4.1.63.Final.jar:/home/runner/.m2/repository/io/netty/netty-transport-native-unix-common/4.1.63.Final/netty-transport-native-unix-common-4.1.63.Final.jar:/home/runner/.m2/repository/io/grpc/grpc-protobuf/1.33.0/grpc-protobuf-1.33.0.jar:/home/runner/.m2/repository/io/grpc/grpc-api/1.33.0/grpc-api-1.33.0.jar:/home/runner/.m2/repository/io/grpc/grpc-context/1.33.0/grpc-context-1.33.0.jar:/home/runner/.m2/repository/com/google/api/grpc/proto-google-common-protos/1.17.0/proto-google-common-protos-1.17.0.jar:/home/runner/.m2/repository/io/grpc/grpc-protobuf-lite/1.33.0/grpc-protobuf-lite-1.33.0.jar:/home/runner/.m2/repository/io/grpc/grpc-stub/1.33.0/grpc-stub-1.33.0.jar:/home/runner/.m2/repository/org/apache/ozone/ozone-recon/1.3.0-SNAPSHOT/ozone-recon-1.3.0-SNAPSHOT.jar:/home/runner/.m2/repository/org/apache/ozone/ozone-reconcodegen/1.3.0-SNAPSHOT/ozone-reconcodegen-1.3.0-SNAPSHOT.jar:/home/runner/.m2/repository/com/google/inject/extensions/guice-multibindings/4.0/guice-multibindings-4.0.jar:/home/runner/.m2/repository/com/google/inject/guice/4.0/guice-4.0.jar:/home/runner/.m2/repository/aopalliance/aopalliance/1.0/aopalliance-1.0.jar:/home/runner/.m2/repository/com/google/inject/extensions/guice-assistedinject/4.0/guice-assistedinject-4.0.jar:/home/runner/.m2/repository/com/google/inject/extensions/guice-servlet/4.0/guice-servlet-4.0.jar:/home/runner/.m2/repository/org/glassfish/jersey/containers/jersey-container-servlet/2.33/jersey-container-servlet-2.33.jar:/home/runner/.m2/repository/org/glassfish/hk2/guice-bridge/2.5.0/guice-bridge-2.5.0.jar:/home/runner/.m2/repository/org/glassfish/jersey/core/jersey-server/2.33/jersey-server-2.33.jar:/home/runner/.m2/repository/org/glassfish/jersey/core/jersey-client/2.33/jersey-client-2.33.jar:/home/runner/.m2/repository/jakarta/annotation/jakarta.annotation-api/1.3.5/jakarta.annotation-api-1.3.5.jar:/home/runner/.m2/repository/jakarta/validation/jakarta.validation-api/2.0.2/jakarta.validation-api-2.0.2.jar:/home/runner/.m2/repository/org/glassfish/jersey/media/jersey-media-json-jackson/2.33/jersey-media-json-jackson-2.33.jar:/home/runner/.m2/repository/org/glassfish/jersey/ext/jersey-entity-filtering/2.33/jersey-entity-filtering-2.33.jar:/home/runner/.m2/repository/org/jooq/jooq/3.11.10/jooq-3.11.10.jar:/home/runner/.m2/repository/org/jooq/jooq-meta/3.11.10/jooq-meta-3.11.10.jar:/home/runner/.m2/repository/org/jooq/jooq-codegen/3.11.10/jooq-codegen-3.11.10.jar:/home/runner/.m2/repository/com/jolbox/bonecp/0.8.0.RELEASE/bonecp-0.8.0.RELEASE.jar:/home/runner/.m2/repository/org/apache/derby/derby/10.14.2.0/derby-10.14.2.0.jar:/home/runner/.m2/repository/org/xerial/sqlite-jdbc/3.25.2/sqlite-jdbc-3.25.2.jar:/home/runner/.m2/repository/org/springframework/spring-jdbc/5.2.18.RELEASE/spring-jdbc-5.2.18.RELEASE.jar:/home/runner/.m2/repository/org/springframework/spring-beans/5.2.18.RELEASE/spring-beans-5.2.18.RELEASE.jar:/home/runner/.m2/repository/org/springframework/spring-core/5.2.18.RELEASE/spring-core-5.2.18.RELEASE.jar:/home/runner/.m2/repository/org/springframework/spring-jcl/5.2.18.RELEASE/spring-jcl-5.2.18.RELEASE.jar:/home/runner/.m2/repository/org/springframework/spring-tx/5.2.18.RELEASE/spring-tx-5.2.18.RELEASE.jar:/home/runner/.m2/repository/org/apache/ozone/ozone-client/1.3.0-SNAPSHOT/ozone-client-1.3.0-SNAPSHOT.jar:/home/runner/.m2/repository/org/apache/ozone/ozone-filesystem/1.3.0-SNAPSHOT/ozone-filesystem-1.3.0-SNAPSHOT.jar:/home/runner/.m2/repository/org/apache/ozone/ozone-filesystem-common/1.3.0-SNAPSHOT/ozone-filesystem-common-1.3.0-SNAPSHOT.jar:/home/runner/.m2/repository/org/apache/ozone/ozone-tools/1.3.0-SNAPSHOT/ozone-tools-1.3.0-SNAPSHOT.jar:/home/runner/.m2/repository/org/apache/ratis/ratis-tools/2.2.0/ratis-tools-2.2.0.jar:/home/runner/.m2/repository/com/amazonaws/aws-java-sdk-core/1.12.124/aws-java-sdk-core-1.12.124.jar:/home/runner/.m2/repository/org/apache/httpcomponents/httpclient/4.5.13/httpclient-4.5.13.jar:/home/runner/.m2/repository/org/apache/httpcomponents/httpcore/4.4.13/httpcore-4.4.13.jar:/home/runner/.m2/repository/software/amazon/ion/ion-java/1.0.2/ion-java-1.0.2.jar:/home/runner/.m2/repository/com/fasterxml/jackson/dataformat/jackson-dataformat-cbor/2.12.1/jackson-dataformat-cbor-2.12.1.jar:/home/runner/.m2/repository/joda-time/joda-time/2.8.1/joda-time-2.8.1.jar:/home/runner/.m2/repository/com/amazonaws/aws-java-sdk-s3/1.12.124/aws-java-sdk-s3-1.12.124.jar:/home/runner/.m2/repository/com/amazonaws/aws-java-sdk-kms/1.12.124/aws-java-sdk-kms-1.12.124.jar:/home/runner/.m2/repository/com/amazonaws/jmespath-java/1.12.124/jmespath-java-1.12.124.jar:/home/runner/.m2/repository/org/kohsuke/metainf-services/metainf-services/1.8/metainf-services-1.8.jar:/home/runner/.m2/repository/org/apache/ozone/hdds-tools/1.3.0-SNAPSHOT/hdds-tools-1.3.0-SNAPSHOT.jar:/home/runner/.m2/repository/commons-cli/commons-cli/1.2/commons-cli-1.2.jar:/home/runner/.m2/repository/org/apache/commons/commons-lang3/3.7/commons-lang3-3.7.jar:/home/runner/.m2/repository/org/apache/ozone/ozone-manager/1.3.0-SNAPSHOT/ozone-manager-1.3.0-SNAPSHOT-tests.jar:/home/runner/.m2/repository/org/apache/ozone/hdds-common/1.3.0-SNAPSHOT/hdds-common-1.3.0-SNAPSHOT-tests.jar:/home/runner/.m2/repository/org/apache/ozone/hdds-hadoop-dependency-client/1.3.0-SNAPSHOT/hdds-hadoop-dependency-client-1.3.0-SNAPSHOT.jar:/home/runner/.m2/repository/info/picocli/picocli/4.6.1/picocli-4.6.1.jar:/home/runner/.m2/repository/com/fasterxml/jackson/core/jackson-annotations/2.12.1/jackson-annotations-2.12.1.jar:/home/runner/.m2/repository/javax/annotation/javax.annotation-api/1.2/javax.annotation-api-1.2.jar:/home/runner/.m2/repository/org/apache/ratis/ratis-server/2.2.0/ratis-server-2.2.0.jar:/home/runner/.m2/repository/org/apache/ratis/ratis-client/2.2.0/ratis-client-2.2.0.jar:/home/runner/.m2/repository/org/apache/ratis/ratis-server-api/2.2.0/ratis-server-api-2.2.0.jar:/home/runner/.m2/repository/org/apache/ratis/ratis-metrics/2.2.0/ratis-metrics-2.2.0.jar:/home/runner/.m2/repository/org/apache/ratis/ratis-netty/2.2.0/ratis-netty-2.2.0.jar:/home/runner/.m2/repository/org/apache/ratis/ratis-grpc/2.2.0/ratis-grpc-2.2.0.jar:/home/runner/.m2/repository/org/apache/logging/log4j/log4j-api/2.17.1/log4j-api-2.17.1.jar:/home/runner/.m2/repository/org/apache/logging/log4j/log4j-core/2.17.1/log4j-core-2.17.1.jar:/home/runner/.m2/repository/com/lmax/disruptor/3.4.2/disruptor-3.4.2.jar:/home/runner/.m2/repository/org/apache/commons/commons-pool2/2.6.0/commons-pool2-2.6.0.jar:/home/runner/.m2/repository/org/bouncycastle/bcpkix-jdk15on/1.67/bcpkix-jdk15on-1.67.jar:/home/runner/.m2/repository/commons-validator/commons-validator/1.6/commons-validator-1.6.jar:/home/runner/.m2/repository/commons-beanutils/commons-beanutils/1.9.4/commons-beanutils-1.9.4.jar:/home/runner/.m2/repository/commons-digester/commons-digester/1.8.1/commons-digester-1.8.1.jar:/home/runner/.m2/repository/commons-collections/commons-collections/3.2.2/commons-collections-3.2.2.jar:/home/runner/.m2/repository/io/jaegertracing/jaeger-client/1.6.0/jaeger-client-1.6.0.jar:/home/runner/.m2/repository/io/jaegertracing/jaeger-thrift/1.6.0/jaeger-thrift-1.6.0.jar:/home/runner/.m2/repository/org/apache/thrift/libthrift/0.14.1/libthrift-0.14.1.jar:/home/runner/.m2/repository/com/squareup/okhttp3/okhttp/4.9.0/okhttp-4.9.0.jar:/home/runner/.m2/repository/com/squareup/okio/okio/2.8.0/okio-2.8.0.jar:/home/runner/.m2/repository/io/jaegertracing/jaeger-core/1.6.0/jaeger-core-1.6.0.jar:/home/runner/.m2/repository/io/jaegertracing/jaeger-tracerresolver/1.6.0/jaeger-tracerresolver-1.6.0.jar:/home/runner/.m2/repository/io/opentracing/contrib/opentracing-tracerresolver/0.1.8/opentracing-tracerresolver-0.1.8.jar:/home/runner/.m2/repository/org/jetbrains/kotlin/kotlin-stdlib/1.4.31/kotlin-stdlib-1.4.31.jar:/home/runner/.m2/repository/org/jetbrains/kotlin/kotlin-stdlib-common/1.4.31/kotlin-stdlib-common-1.4.31.jar:/home/runner/.m2/repository/org/jetbrains/annotations/13.0/annotations-13.0.jar:/home/runner/.m2/repository/io/opentracing/opentracing-util/0.33.0/opentracing-util-0.33.0.jar:/home/runner/.m2/repository/io/opentracing/opentracing-api/0.33.0/opentracing-api-0.33.0.jar:/home/runner/.m2/repository/io/opentracing/opentracing-noop/0.33.0/opentracing-noop-0.33.0.jar:/home/runner/.m2/repository/org/yaml/snakeyaml/1.26/snakeyaml-1.26.jar:/home/runner/.m2/repository/org/apache/ozone/hdds-interface-admin/1.3.0-SNAPSHOT/hdds-interface-admin-1.3.0-SNAPSHOT.jar:/home/runner/.m2/repository/junit/junit/4.13.1/junit-4.13.1.jar:/home/runner/.m2/repository/org/hamcrest/hamcrest-core/1.3/hamcrest-core-1.3.jar:/home/runner/.m2/repository/org/junit/jupiter/junit-jupiter-api/5.7.0/junit-jupiter-api-5.7.0.jar:/home/runner/.m2/repository/org/apiguardian/apiguardian-api/1.1.0/apiguardian-api-1.1.0.jar:/home/runner/.m2/repository/org/opentest4j/opentest4j/1.2.0/opentest4j-1.2.0.jar:/home/runner/.m2/repository/org/junit/platform/junit-platform-commons/1.7.0/junit-platform-commons-1.7.0.jar:/home/runner/.m2/repository/org/junit/jupiter/junit-jupiter-engine/5.7.0/junit-jupiter-engine-5.7.0.jar:/home/runner/.m2/repository/org/junit/platform/junit-platform-engine/1.7.0/junit-platform-engine-1.7.0.jar:/home/runner/.m2/repository/org/junit/vintage/junit-vintage-engine/5.7.0/junit-vintage-engine-5.7.0.jar:/home/runner/.m2/repository/org/junit/platform/junit-platform-launcher/1.7.0/junit-platform-launcher-1.7.0.jar:/home/runner/.m2/repository/org/mockito/mockito-core/2.28.2/mockito-core-2.28.2.jar:/home/runner/.m2/repository/net/bytebuddy/byte-buddy/1.9.10/byte-buddy-1.9.10.jar:/home/runner/.m2/repository/net/bytebuddy/byte-buddy-agent/1.9.10/byte-buddy-agent-1.9.10.jar:/home/runner/.m2/repository/org/objenesis/objenesis/1.0/objenesis-1.0.jar:/home/runner/.m2/repository/org/apache/hadoop/hadoop-kms/3.3.1/hadoop-kms-3.3.1.jar:/home/runner/.m2/repository/org/apache/hadoop/hadoop-auth/3.3.1/hadoop-auth-3.3.1.jar:/home/runner/.m2/repository/com/nimbusds/nimbus-jose-jwt/7.9/nimbus-jose-jwt-7.9.jar:/home/runner/.m2/repository/com/github/stephenc/jcip/jcip-annotations/1.0-1/jcip-annotations-1.0-1.jar:/home/runner/.m2/repository/net/minidev/json-smart/2.3.1/json-smart-2.3.1.jar:/home/runner/.m2/repository/net/minidev/accessors-smart/2.3.1/accessors-smart-2.3.1.jar:/home/runner/.m2/repository/org/ow2/asm/asm/5.0.4/asm-5.0.4.jar:/home/runner/.m2/repository/org/apache/zookeeper/zookeeper/3.5.6/zookeeper-3.5.6.jar:/home/runner/.m2/repository/org/apache/zookeeper/zookeeper-jute/3.5.6/zookeeper-jute-3.5.6.jar:/home/runner/.m2/repository/org/apache/yetus/audience-annotations/0.5.0/audience-annotations-0.5.0.jar:/home/runner/.m2/repository/org/apache/curator/curator-framework/4.2.0/curator-framework-4.2.0.jar:/home/runner/.m2/repository/org/apache/hadoop/thirdparty/hadoop-shaded-guava/1.1.1/hadoop-shaded-guava-1.1.1.jar:/home/runner/.m2/repository/com/sun/jersey/jersey-core/1.19/jersey-core-1.19.jar:/home/runner/.m2/repository/javax/ws/rs/jsr311-api/1.1.1/jsr311-api-1.1.1.jar:/home/runner/.m2/repository/com/sun/jersey/jersey-server/1.19/jersey-server-1.19.jar:/home/runner/.m2/repository/javax/servlet/javax.servlet-api/3.1.0/javax.servlet-api-3.1.0.jar:/home/runner/.m2/repository/org/eclipse/jetty/jetty-server/9.4.43.v20210629/jetty-server-9.4.43.v20210629.jar:/home/runner/.m2/repository/org/eclipse/jetty/jetty-http/9.4.43.v20210629/jetty-http-9.4.43.v20210629.jar:/home/runner/.m2/repository/org/eclipse/jetty/jetty-io/9.4.43.v20210629/jetty-io-9.4.43.v20210629.jar:/home/runner/.m2/repository/org/eclipse/jetty/jetty-webapp/9.4.43.v20210629/jetty-webapp-9.4.43.v20210629.jar:/home/runner/.m2/repository/org/eclipse/jetty/jetty-xml/9.4.43.v20210629/jetty-xml-9.4.43.v20210629.jar:/home/runner/.m2/repository/org/apache/hadoop/hadoop-common/3.3.1/hadoop-common-3.3.1.jar:/home/runner/.m2/repository/org/apache/commons/commons-math3/3.1.1/commons-math3-3.1.1.jar:/home/runner/.m2/repository/commons-net/commons-net/3.6/commons-net-3.6.jar:/home/runner/.m2/repository/jakarta/activation/jakarta.activation-api/1.2.1/jakarta.activation-api-1.2.1.jar:/home/runner/.m2/repository/com/sun/jersey/jersey-servlet/1.19/jersey-servlet-1.19.jar:/home/runner/.m2/repository/com/sun/jersey/jersey-json/1.19/jersey-json-1.19.jar:/home/runner/.m2/repository/org/codehaus/jettison/jettison/1.1/jettison-1.1.jar:/home/runner/.m2/repository/com/sun/xml/bind/jaxb-impl/2.2.3-1/jaxb-impl-2.2.3-1.jar:/home/runner/.m2/repository/org/codehaus/jackson/jackson-jaxrs/1.9.2/jackson-jaxrs-1.9.2.jar:/home/runner/.m2/repository/org/codehaus/jackson/jackson-xc/1.9.2/jackson-xc-1.9.2.jar:/home/runner/.m2/repository/org/apache/commons/commons-configuration2/2.1.1/commons-configuration2-2.1.1.jar:/home/runner/.m2/repository/org/apache/commons/commons-text/1.4/commons-text-1.4.jar:/home/runner/.m2/repository/com/google/re2j/re2j/1.1/re2j-1.1.jar:/home/runner/.m2/repository/com/jcraft/jsch/0.1.54/jsch-0.1.54.jar:/home/runner/.m2/repository/org/apache/curator/curator-client/4.2.0/curator-client-4.2.0.jar:/home/runner/.m2/repository/org/apache/curator/curator-recipes/4.2.0/curator-recipes-4.2.0.jar:/home/runner/.m2/repository/org/apache/kerby/kerb-core/1.0.1/kerb-core-1.0.1.jar:/home/runner/.m2/repository/org/apache/kerby/kerby-pkix/1.0.1/kerby-pkix-1.0.1.jar:/home/runner/.m2/repository/org/apache/kerby/kerby-asn1/1.0.1/kerby-asn1-1.0.1.jar:/home/runner/.m2/repository/org/apache/kerby/kerby-util/1.0.1/kerby-util-1.0.1.jar:/home/runner/.m2/repository/dnsjava/dnsjava/2.1.7/dnsjava-2.1.7.jar:/home/runner/.m2/repository/org/xerial/snappy/snappy-java/1.1.8.2/snappy-java-1.1.8.2.jar:/home/runner/.m2/repository/org/slf4j/jul-to-slf4j/1.7.30/jul-to-slf4j-1.7.30.jar:/home/runner/.m2/repository/org/eclipse/jetty/jetty-util/9.4.43.v20210629/jetty-util-9.4.43.v20210629.jar:/home/runner/.m2/repository/com/fasterxml/jackson/core/jackson-databind/2.12.1/jackson-databind-2.12.1.jar:/home/runner/.m2/repository/org/apache/hadoop/hadoop-kms/3.3.1/hadoop-kms-3.3.1-tests.jar:/home/runner/.m2/repository/org/apache/ozone/hdds-server-scm/1.3.0-SNAPSHOT/hdds-server-scm-1.3.0-SNAPSHOT-tests.jar:/home/runner/.m2/repository/org/apache/ozone/hdds-container-service/1.3.0-SNAPSHOT/hdds-container-service-1.3.0-SNAPSHOT-tests.jar:/home/runner/.m2/repository/commons-codec/commons-codec/1.11/commons-codec-1.11.jar:/home/runner/.m2/repository/io/netty/netty-transport/4.1.63.Final/netty-transport-4.1.63.Final.jar:/home/runner/.m2/repository/io/netty/netty-resolver/4.1.63.Final/netty-resolver-4.1.63.Final.jar:/home/runner/.m2/repository/io/netty/netty-codec/4.1.63.Final/netty-codec-4.1.63.Final.jar:/home/runner/.m2/repository/io/netty/netty-handler/4.1.63.Final/netty-handler-4.1.63.Final.jar:/home/runner/.m2/repository/org/apache/ozone/hdds-hadoop-dependency-test/1.3.0-SNAPSHOT/hdds-hadoop-dependency-test-1.3.0-SNAPSHOT.jar:/home/runner/.m2/repository/org/apache/hadoop/hadoop-common/3.3.1/hadoop-common-3.3.1-tests.jar:/home/runner/.m2/repository/org/assertj/assertj-core/3.12.2/assertj-core-3.12.2.jar:/home/runner/.m2/repository/org/apache/hadoop/hadoop-hdfs/3.3.1/hadoop-hdfs-3.3.1-tests.jar:/home/runner/.m2/repository/org/eclipse/jetty/jetty-util-ajax/9.4.43.v20210629/jetty-util-ajax-9.4.43.v20210629.jar:/home/runner/.m2/repository/commons-daemon/commons-daemon/1.0.13/commons-daemon-1.0.13.jar:/home/runner/.m2/repository/io/netty/netty/3.10.6.Final/netty-3.10.6.Final.jar:/home/runner/.m2/repository/io/netty/netty-all/4.1.63.Final/netty-all-4.1.63.Final.jar:/home/runner/.m2/repository/org/apache/htrace/htrace-core4/4.1.0-incubating/htrace-core4-4.1.0-incubating.jar:/home/runner/.m2/repository/org/fusesource/leveldbjni/leveldbjni-all/1.8/leveldbjni-all-1.8.jar:/home/runner/.m2/repository/org/apache/hadoop/hadoop-distcp/3.3.1/hadoop-distcp-3.3.1.jar:/home/runner/.m2/repository/org/apache/hadoop/hadoop-mapreduce-client-jobclient/3.3.1/hadoop-mapreduce-client-jobclient-3.3.1.jar:/home/runner/.m2/repository/org/apache/hadoop/hadoop-mapreduce-client-common/3.3.1/hadoop-mapreduce-client-common-3.3.1.jar:/home/runner/.m2/repository/org/apache/hadoop/hadoop-yarn-common/3.3.1/hadoop-yarn-common-3.3.1.jar:/home/runner/.m2/repository/org/apache/hadoop/hadoop-yarn-api/3.3.1/hadoop-yarn-api-3.3.1.jar:/home/runner/.m2/repository/com/sun/jersey/jersey-client/1.19/jersey-client-1.19.jar:/home/runner/.m2/repository/com/sun/jersey/contribs/jersey-guice/1.19/jersey-guice-1.19.jar:/home/runner/.m2/repository/com/fasterxml/jackson/jaxrs/jackson-jaxrs-json-provider/2.12.1/jackson-jaxrs-json-provider-2.12.1.jar:/home/runner/.m2/repository/com/fasterxml/jackson/jaxrs/jackson-jaxrs-base/2.12.1/jackson-jaxrs-base-2.12.1.jar:/home/runner/.m2/repository/org/apache/hadoop/hadoop-yarn-client/3.3.1/hadoop-yarn-client-3.3.1.jar:/home/runner/.m2/repository/org/eclipse/jetty/websocket/websocket-client/9.4.40.v20210413/websocket-client-9.4.40.v20210413.jar:/home/runner/.m2/repository/org/eclipse/jetty/jetty-client/9.4.40.v20210413/jetty-client-9.4.40.v20210413.jar:/home/runner/.m2/repository/org/eclipse/jetty/websocket/websocket-common/9.4.40.v20210413/websocket-common-9.4.40.v20210413.jar:/home/runner/.m2/repository/org/eclipse/jetty/websocket/websocket-api/9.4.40.v20210413/websocket-api-9.4.40.v20210413.jar:/home/runner/.m2/repository/org/jline/jline/3.9.0/jline-3.9.0.jar:/home/runner/.m2/repository/org/apache/hadoop/hadoop-mapreduce-client-core/3.3.1/hadoop-mapreduce-client-core-3.3.1.jar:/home/runner/.m2/repository/org/apache/avro/avro/1.7.7/avro-1.7.7.jar:/home/runner/.m2/repository/org/codehaus/jackson/jackson-core-asl/1.9.13/jackson-core-asl-1.9.13.jar:/home/runner/.m2/repository/org/codehaus/jackson/jackson-mapper-asl/1.9.13/jackson-mapper-asl-1.9.13.jar:/home/runner/.m2/repository/com/thoughtworks/paranamer/paranamer/2.3/paranamer-2.3.jar:/home/runner/.m2/repository/org/apache/hadoop/hadoop-annotations/3.3.1/hadoop-annotations-3.3.1.jar:/usr/lib/jvm/temurin-8-jdk-amd64/jre/../lib/tools.jar:/home/runner/.m2/repository/org/apache/hadoop/hadoop-distcp/3.3.1/hadoop-distcp-3.3.1-tests.jar:/home/runner/.m2/repository/org/apache/ratis/ratis-common/2.2.0/ratis-common-2.2.0.jar:/home/runner/.m2/repository/org/apache/ratis/ratis-thirdparty-misc/0.7.0/ratis-thirdparty-misc-0.7.0.jar:/home/runner/.m2/repository/org/apache/ratis/ratis-proto/2.2.0/ratis-proto-2.2.0.jar:"/>
    <property name="sun.cpu.endian" value="little"/>
    <property name="user.home" value="/home/runner"/>
    <property name="user.language" value="en"/>
    <property name="java.specification.vendor" value="Oracle Corporation"/>
    <property name="java.home" value="/usr/lib/jvm/temurin-8-jdk-amd64/jre"/>
    <property name="java.security.krb5.conf" value="/home/runner/work/ozone/ozone/hadoop-ozone/integration-test/target/test-classes/krb5.conf"/>
    <property name="basedir" value="/home/runner/work/ozone/ozone/hadoop-ozone/integration-test"/>
    <property name="file.separator" value="/"/>
    <property name="line.separator" value="&#10;"/>
    <property name="java.vm.specification.vendor" value="Oracle Corporation"/>
    <property name="java.specification.name" value="Java Platform API Specification"/>
    <property name="java.awt.graphicsenv" value="sun.awt.X11GraphicsEnvironment"/>
    <property name="skip.installnpx" value="true"/>
    <property name="surefire.real.class.path" value="/home/runner/work/ozone/ozone/hadoop-ozone/integration-test/target/surefire/surefirebooter5286124214429067621.jar:/home/runner/.m2/repository/org/jacoco/org.jacoco.agent/0.8.5/org.jacoco.agent-0.8.5-runtime.jar"/>
    <property name="hadoop.log.dir" value="/home/runner/work/ozone/ozone/hadoop-ozone/integration-test/target/log"/>
    <property name="sun.boot.class.path" value="/usr/lib/jvm/temurin-8-jdk-amd64/jre/lib/resources.jar:/usr/lib/jvm/temurin-8-jdk-amd64/jre/lib/rt.jar:/usr/lib/jvm/temurin-8-jdk-amd64/jre/lib/sunrsasign.jar:/usr/lib/jvm/temurin-8-jdk-amd64/jre/lib/jsse.jar:/usr/lib/jvm/temurin-8-jdk-amd64/jre/lib/jce.jar:/usr/lib/jvm/temurin-8-jdk-amd64/jre/lib/charsets.jar:/usr/lib/jvm/temurin-8-jdk-amd64/jre/lib/jfr.jar:/usr/lib/jvm/temurin-8-jdk-amd64/jre/classes"/>
    <property name="sun.management.compiler" value="HotSpot 64-Bit Tiered Compilers"/>
    <property name="skip.npx" value="true"/>
    <property name="java.runtime.version" value="1.8.0_312-b07"/>
    <property name="java.net.preferIPv4Stack" value="true"/>
    <property name="user.name" value="runner"/>
    <property name="path.separator" value=":"/>
    <property name="java.security.egd" value="file:///dev/urandom"/>
    <property name="os.version" value="5.4.0-1068-azure"/>
    <property name="java.endorsed.dirs" value="/usr/lib/jvm/temurin-8-jdk-amd64/jre/lib/endorsed"/>
    <property name="java.runtime.name" value="OpenJDK Runtime Environment"/>
    <property name="file.encoding" value="UTF-8"/>
    <property name="java.vm.name" value="OpenJDK 64-Bit Server VM"/>
    <property name="test.build.webapps" value=""/>
    <property name="localRepository" value="/home/runner/.m2/repository"/>
    <property name="java.vendor.url.bug" value="https://github.com/adoptium/adoptium-support/issues"/>
    <property name="java.io.tmpdir" value="/tmp"/>
    <property name="require.test.libhadoop" value=""/>
    <property name="java.version" value="1.8.0_312"/>
    <property name="user.dir" value="/home/runner/work/ozone/ozone/hadoop-ozone/integration-test"/>
    <property name="os.arch" value="amd64"/>
    <property name="java.vm.specification.name" value="Java Virtual Machine Specification"/>
    <property name="test.build.classes" value="/home/runner/work/ozone/ozone/hadoop-ozone/integration-test/target/test-classes"/>
    <property name="java.awt.printerjob" value="sun.print.PSPrinterJob"/>
    <property name="sun.os.patch.level" value="unknown"/>
    <property name="hadoop.tmp.dir" value="/home/runner/work/ozone/ozone/hadoop-ozone/integration-test/target/tmp"/>
    <property name="java.library.path" value="/usr/java/packages/lib/amd64:/usr/lib64:/lib64:/lib:/usr/lib"/>
    <property name="java.vm.info" value="mixed mode"/>
    <property name="java.vendor" value="Temurin"/>
    <property name="java.vm.version" value="25.312-b07"/>
    <property name="java.ext.dirs" value="/usr/lib/jvm/temurin-8-jdk-amd64/jre/lib/ext:/usr/java/packages/lib/ext"/>
    <property name="sun.io.unicode.encoding" value="UnicodeLittle"/>
    <property name="java.class.version" value="52.0"/>
  </properties>
  <testcase name="testNodeWithOpenPipelineCanBeDecommissionedAndRecommissioned" classname="org.apache.hadoop.ozone.scm.node.TestDecommissionAndMaintenance" time="63.818"/>
  <testcase name="testContainerIsReplicatedWhenAllNodesGotoMaintenance" classname="org.apache.hadoop.ozone.scm.node.TestDecommissionAndMaintenance" time="21.507"/>
  <testcase name="testMaintenanceEndsAutomaticallyAtTimeout" classname="org.apache.hadoop.ozone.scm.node.TestDecommissionAndMaintenance" time="45.688"/>
  <testcase name="testSingleNodeWithOpenPipelineCanGotoMaintenance" classname="org.apache.hadoop.ozone.scm.node.TestDecommissionAndMaintenance" time="48.695"/>
  <testcase name="testSCMHandlesRestartForMaintenanceNode" classname="org.apache.hadoop.ozone.scm.node.TestDecommissionAndMaintenance" time="29.931"/>
  <testcase name="testStoppedDecommissionedNodeTakesSCMStateOnRestart" classname="org.apache.hadoop.ozone.scm.node.TestDecommissionAndMaintenance" time="100.021">
    <error message="Failed to obtain available cluster in time" type="java.io.IOException">java.io.IOException: Failed to obtain available cluster in time
	at org.apache.hadoop.ozone.MiniOzoneClusterProvider.provide(MiniOzoneClusterProvider.java:162)
	at org.apache.hadoop.ozone.scm.node.TestDecommissionAndMaintenance.setUp(TestDecommissionAndMaintenance.java:142)
	at sun.reflect.NativeMethodAccessorImpl.invoke0(Native Method)
	at sun.reflect.NativeMethodAccessorImpl.invoke(NativeMethodAccessorImpl.java:62)
	at sun.reflect.DelegatingMethodAccessorImpl.invoke(DelegatingMethodAccessorImpl.java:43)
	at java.lang.reflect.Method.invoke(Method.java:498)
	at org.junit.runners.model.FrameworkMethod$1.runReflectiveCall(FrameworkMethod.java:59)
	at org.junit.internal.runners.model.ReflectiveCallable.run(ReflectiveCallable.java:12)
	at org.junit.runners.model.FrameworkMethod.invokeExplosively(FrameworkMethod.java:56)
	at org.junit.internal.runners.statements.RunBefores.invokeMethod(RunBefores.java:33)
	at org.junit.internal.runners.statements.RunBefores.evaluate(RunBefores.java:24)
	at org.junit.internal.runners.statements.RunAfters.evaluate(RunAfters.java:27)
	at org.junit.runners.ParentRunner$3.evaluate(ParentRunner.java:306)
	at org.junit.runners.BlockJUnit4ClassRunner$1.evaluate(BlockJUnit4ClassRunner.java:100)
	at org.junit.runners.ParentRunner.runLeaf(ParentRunner.java:366)
	at org.junit.runners.BlockJUnit4ClassRunner.runChild(BlockJUnit4ClassRunner.java:103)
	at org.junit.runners.BlockJUnit4ClassRunner.runChild(BlockJUnit4ClassRunner.java:63)
	at org.junit.runners.ParentRunner$4.run(ParentRunner.java:331)
	at org.junit.runners.ParentRunner$1.schedule(ParentRunner.java:79)
	at org.junit.runners.ParentRunner.runChildren(ParentRunner.java:329)
	at org.junit.runners.ParentRunner.access$100(ParentRunner.java:66)
	at org.junit.runners.ParentRunner$2.evaluate(ParentRunner.java:293)
	at org.junit.internal.runners.statements.RunBefores.evaluate(RunBefores.java:26)
	at org.junit.internal.runners.statements.RunAfters.evaluate(RunAfters.java:27)
	at org.junit.runners.ParentRunner$3.evaluate(ParentRunner.java:306)
	at org.junit.runners.ParentRunner.run(ParentRunner.java:413)
	at org.junit.runner.JUnitCore.run(JUnitCore.java:137)
	at org.junit.runner.JUnitCore.run(JUnitCore.java:115)
	at org.junit.vintage.engine.execution.RunnerExecutor.execute(RunnerExecutor.java:43)
	at java.util.stream.ForEachOps$ForEachOp$OfRef.accept(ForEachOps.java:183)
	at java.util.stream.ReferencePipeline$3$1.accept(ReferencePipeline.java:193)
	at java.util.Iterator.forEachRemaining(Iterator.java:116)
	at java.util.Spliterators$IteratorSpliterator.forEachRemaining(Spliterators.java:1801)
	at java.util.stream.AbstractPipeline.copyInto(AbstractPipeline.java:482)
	at java.util.stream.AbstractPipeline.wrapAndCopyInto(AbstractPipeline.java:472)
	at java.util.stream.ForEachOps$ForEachOp.evaluateSequential(ForEachOps.java:150)
	at java.util.stream.ForEachOps$ForEachOp$OfRef.evaluateSequential(ForEachOps.java:173)
	at java.util.stream.AbstractPipeline.evaluate(AbstractPipeline.java:234)
	at java.util.stream.ReferencePipeline.forEach(ReferencePipeline.java:485)
	at org.junit.vintage.engine.VintageTestEngine.executeAllChildren(VintageTestEngine.java:82)
	at org.junit.vintage.engine.VintageTestEngine.execute(VintageTestEngine.java:73)
	at org.junit.platform.launcher.core.EngineExecutionOrchestrator.execute(EngineExecutionOrchestrator.java:108)
	at org.junit.platform.launcher.core.EngineExecutionOrchestrator.execute(EngineExecutionOrchestrator.java:88)
	at org.junit.platform.launcher.core.EngineExecutionOrchestrator.lambda$execute$0(EngineExecutionOrchestrator.java:54)
	at org.junit.platform.launcher.core.EngineExecutionOrchestrator.withInterceptedStreams(EngineExecutionOrchestrator.java:67)
	at org.junit.platform.launcher.core.EngineExecutionOrchestrator.execute(EngineExecutionOrchestrator.java:52)
	at org.junit.platform.launcher.core.DefaultLauncher.execute(DefaultLauncher.java:96)
	at org.junit.platform.launcher.core.DefaultLauncher.execute(DefaultLauncher.java:75)
	at org.apache.maven.surefire.junitplatform.JUnitPlatformProvider.invokeAllTests(JUnitPlatformProvider.java:142)
	at org.apache.maven.surefire.junitplatform.JUnitPlatformProvider.invoke(JUnitPlatformProvider.java:113)
	at org.apache.maven.surefire.booter.ForkedBooter.invokeProviderInSameClassLoader(ForkedBooter.java:384)
	at org.apache.maven.surefire.booter.ForkedBooter.runSuitesInProcess(ForkedBooter.java:345)
	at org.apache.maven.surefire.booter.ForkedBooter.execute(ForkedBooter.java:126)
	at org.apache.maven.surefire.booter.ForkedBooter.main(ForkedBooter.java:418)
</error>
    <system-out><![CDATA[2022-02-05 14:11:02,847 [ReplicationMonitor] INFO  container.ReplicationManager (ReplicationManager.java:processAll(387)) - Replication Monitor Thread took 0 milliseconds for processing 6 containers.
2022-02-05 14:11:03,256 [Mini-Cluster-Provider-Reap] INFO  statemachine.DatanodeStateMachine (DatanodeStateMachine.java:stopDaemon(529)) - Ozone container server stopped.
2022-02-05 14:11:03,257 [Mini-Cluster-Provider-Reap] INFO  handler.ContextHandler (ContextHandler.java:doStop(1153)) - Stopped o.e.j.w.WebAppContext@28fcdb0f{hddsDatanode,/,null,STOPPED}{jar:file:/home/runner/.m2/repository/org/apache/ozone/hdds-container-service/1.3.0-SNAPSHOT/hdds-container-service-1.3.0-SNAPSHOT.jar!/webapps/hddsDatanode}
2022-02-05 14:11:03,258 [Mini-Cluster-Provider-Reap] INFO  server.AbstractConnector (AbstractConnector.java:doStop(381)) - Stopped ServerConnector@4122f487{HTTP/1.1, (http/1.1)}{0.0.0.0:0}
2022-02-05 14:11:03,258 [Mini-Cluster-Provider-Reap] INFO  server.session (HouseKeeper.java:stopScavenging(149)) - node0 Stopped scavenging
2022-02-05 14:11:03,258 [Mini-Cluster-Provider-Reap] INFO  handler.ContextHandler (ContextHandler.java:doStop(1153)) - Stopped o.e.j.s.ServletContextHandler@2f3e91bb{static,/static,jar:file:/home/runner/.m2/repository/org/apache/ozone/hdds-container-service/1.3.0-SNAPSHOT/hdds-container-service-1.3.0-SNAPSHOT.jar!/webapps/static,STOPPED}
2022-02-05 14:11:03,259 [Mini-Cluster-Provider-Reap] INFO  handler.ContextHandler (ContextHandler.java:doStop(1153)) - Stopped o.e.j.s.ServletContextHandler@52373279{logs,/logs,file:///home/runner/work/ozone/ozone/hadoop-ozone/integration-test/target/log,STOPPED}
2022-02-05 14:11:03,393 [ReplicationMonitor] WARN  container.ReplicationManager (ReplicationManager.java:handleUnderReplicatedContainer(1253)) - Cannot replicate container #1, no healthy replica found.
2022-02-05 14:11:03,393 [ReplicationMonitor] WARN  container.ReplicationManager (ReplicationManager.java:handleUnderReplicatedContainer(1253)) - Cannot replicate container #2, no healthy replica found.
2022-02-05 14:11:03,393 [ReplicationMonitor] WARN  container.ReplicationManager (ReplicationManager.java:handleUnderReplicatedContainer(1253)) - Cannot replicate container #3, no healthy replica found.
2022-02-05 14:11:03,393 [ReplicationMonitor] WARN  container.ReplicationManager (ReplicationManager.java:handleUnderReplicatedContainer(1253)) - Cannot replicate container #4, no healthy replica found.
2022-02-05 14:11:03,393 [ReplicationMonitor] WARN  container.ReplicationManager (ReplicationManager.java:handleUnderReplicatedContainer(1253)) - Cannot replicate container #5, no healthy replica found.
2022-02-05 14:11:03,393 [ReplicationMonitor] WARN  container.ReplicationManager (ReplicationManager.java:handleUnderReplicatedContainer(1253)) - Cannot replicate container #6, no healthy replica found.
2022-02-05 14:11:03,393 [ReplicationMonitor] INFO  container.ReplicationManager (ReplicationManager.java:processAll(387)) - Replication Monitor Thread took 1 milliseconds for processing 6 containers.
2022-02-05 14:11:03,498 [ForkJoinPool.commonPool-worker-1] INFO  statemachine.DatanodeStateMachine (DatanodeStateMachine.java:stopDaemon(529)) - Ozone container server stopped.
2022-02-05 14:11:03,499 [ForkJoinPool.commonPool-worker-1] INFO  handler.ContextHandler (ContextHandler.java:doStop(1153)) - Stopped o.e.j.w.WebAppContext@6fd939b5{hddsDatanode,/,null,STOPPED}{jar:file:/home/runner/.m2/repository/org/apache/ozone/hdds-container-service/1.3.0-SNAPSHOT/hdds-container-service-1.3.0-SNAPSHOT.jar!/webapps/hddsDatanode}
2022-02-05 14:11:03,500 [ForkJoinPool.commonPool-worker-1] INFO  server.AbstractConnector (AbstractConnector.java:doStop(381)) - Stopped ServerConnector@4c5e916f{HTTP/1.1, (http/1.1)}{0.0.0.0:0}
2022-02-05 14:11:03,500 [ForkJoinPool.commonPool-worker-1] INFO  server.session (HouseKeeper.java:stopScavenging(149)) - node0 Stopped scavenging
2022-02-05 14:11:03,500 [ForkJoinPool.commonPool-worker-1] INFO  handler.ContextHandler (ContextHandler.java:doStop(1153)) - Stopped o.e.j.s.ServletContextHandler@37895080{static,/static,jar:file:/home/runner/.m2/repository/org/apache/ozone/hdds-container-service/1.3.0-SNAPSHOT/hdds-container-service-1.3.0-SNAPSHOT.jar!/webapps/static,STOPPED}
2022-02-05 14:11:03,500 [ForkJoinPool.commonPool-worker-1] INFO  handler.ContextHandler (ContextHandler.java:doStop(1153)) - Stopped o.e.j.s.ServletContextHandler@5c29322{logs,/logs,file:///home/runner/work/ozone/ozone/hadoop-ozone/integration-test/target/log,STOPPED}
2022-02-05 14:11:03,504 [Mini-Cluster-Provider-Reap] INFO  ozone.MiniOzoneClusterImpl (MiniOzoneClusterImpl.java:stopSCM(526)) - Stopping the StorageContainerManager
2022-02-05 14:11:03,504 [Mini-Cluster-Provider-Reap] INFO  server.StorageContainerManager (StorageContainerManager.java:stop(1390)) - Stopping Container Balancer service.
2022-02-05 14:11:03,504 [Mini-Cluster-Provider-Reap] INFO  balancer.ContainerBalancer (ContainerBalancer.java:stop(751)) - Container Balancer is not running.
2022-02-05 14:11:03,504 [Mini-Cluster-Provider-Reap] INFO  server.StorageContainerManager (StorageContainerManager.java:stop(1397)) - Stopping Replication Manager Service.
2022-02-05 14:11:03,504 [Mini-Cluster-Provider-Reap] INFO  container.ReplicationManager (ReplicationManager.java:stop(357)) - Stopping Replication Monitor Thread.
2022-02-05 14:11:03,504 [Mini-Cluster-Provider-Reap] INFO  server.StorageContainerManager (StorageContainerManager.java:stop(1404)) - Stopping the Datanode Admin Monitor.
2022-02-05 14:11:03,504 [Mini-Cluster-Provider-Reap] INFO  server.StorageContainerManager (StorageContainerManager.java:stop(1411)) - Stopping Lease Manager of the command watchers
2022-02-05 14:11:03,504 [Mini-Cluster-Provider-Reap] INFO  server.StorageContainerManager (StorageContainerManager.java:stop(1418)) - Stopping datanode service RPC server
2022-02-05 14:11:03,504 [Mini-Cluster-Provider-Reap] INFO  server.SCMDatanodeProtocolServer (SCMDatanodeProtocolServer.java:stop(390)) - Stopping the RPC server for DataNodes
2022-02-05 14:11:03,504 [Mini-Cluster-Provider-Reap] INFO  ipc.Server (Server.java:stop(3414)) - Stopping server on 35693
2022-02-05 14:11:03,506 [IPC Server Responder] INFO  ipc.Server (Server.java:run(1512)) - Stopping IPC Server Responder
2022-02-05 14:11:03,508 [IPC Server listener on 0] INFO  ipc.Server (Server.java:run(1376)) - Stopping IPC Server listener on 0
2022-02-05 14:11:03,561 [SCM Heartbeat Processing Thread - 0] WARN  node.NodeStateManager (NodeStateManager.java:scheduleNextHealthCheck(799)) - Current Thread is interrupted, shutting down HB processing thread for Node Manager.
2022-02-05 14:11:03,561 [Mini-Cluster-Provider-Reap] INFO  server.StorageContainerManager (StorageContainerManager.java:stop(1426)) - Stopping block service RPC server
2022-02-05 14:11:03,561 [Mini-Cluster-Provider-Reap] INFO  server.SCMBlockProtocolServer (SCMBlockProtocolServer.java:stop(160)) - Stopping the RPC server for Block Protocol
2022-02-05 14:11:03,561 [Mini-Cluster-Provider-Reap] INFO  ipc.Server (Server.java:stop(3414)) - Stopping server on 38673
2022-02-05 14:11:03,573 [Mini-Cluster-Provider-Reap] INFO  server.StorageContainerManager (StorageContainerManager.java:stop(1433)) - Stopping the StorageContainerLocationProtocol RPC server
2022-02-05 14:11:03,573 [Mini-Cluster-Provider-Reap] INFO  server.SCMClientProtocolServer (SCMClientProtocolServer.java:stop(174)) - Stopping the RPC server for Client Protocol
2022-02-05 14:11:03,573 [Mini-Cluster-Provider-Reap] INFO  ipc.Server (Server.java:stop(3414)) - Stopping server on 36645
2022-02-05 14:11:03,573 [IPC Server listener on 0] INFO  ipc.Server (Server.java:run(1376)) - Stopping IPC Server listener on 0
2022-02-05 14:11:03,575 [IPC Server Responder] INFO  ipc.Server (Server.java:run(1512)) - Stopping IPC Server Responder
2022-02-05 14:11:03,577 [Mini-Cluster-Provider-Reap] INFO  server.StorageContainerManager (StorageContainerManager.java:stop(1440)) - Stopping Storage Container Manager HTTP server.
2022-02-05 14:11:03,577 [Mini-Cluster-Provider-Reap] INFO  handler.ContextHandler (ContextHandler.java:doStop(1153)) - Stopped o.e.j.w.WebAppContext@33515191{scm,/,null,STOPPED}{file:/home/runner/work/ozone/ozone/hadoop-ozone/integration-test/target/test-classes/webapps/scm}
2022-02-05 14:11:03,577 [IPC Server listener on 0] INFO  ipc.Server (Server.java:run(1376)) - Stopping IPC Server listener on 0
2022-02-05 14:11:03,578 [Mini-Cluster-Provider-Reap] INFO  server.AbstractConnector (AbstractConnector.java:doStop(381)) - Stopped ServerConnector@172a4bfa{HTTP/1.1, (http/1.1)}{0.0.0.0:0}
2022-02-05 14:11:03,578 [Mini-Cluster-Provider-Reap] INFO  server.session (HouseKeeper.java:stopScavenging(149)) - node0 Stopped scavenging
2022-02-05 14:11:03,579 [Mini-Cluster-Provider-Reap] INFO  handler.ContextHandler (ContextHandler.java:doStop(1153)) - Stopped o.e.j.s.ServletContextHandler@6c78f2bb{static,/static,file:///home/runner/work/ozone/ozone/hadoop-ozone/integration-test/target/test-classes/webapps/static,STOPPED}
2022-02-05 14:11:03,579 [Mini-Cluster-Provider-Reap] INFO  handler.ContextHandler (ContextHandler.java:doStop(1153)) - Stopped o.e.j.s.ServletContextHandler@1a5a4475{logs,/logs,file:///home/runner/work/ozone/ozone/hadoop-ozone/integration-test/target/log,STOPPED}
2022-02-05 14:11:03,579 [IPC Server Responder] INFO  ipc.Server (Server.java:run(1512)) - Stopping IPC Server Responder
2022-02-05 14:11:03,607 [Mini-Cluster-Provider-Reap] INFO  server.StorageContainerManager (StorageContainerManager.java:stop(1451)) - Stopping Block Manager Service.
2022-02-05 14:11:03,607 [Mini-Cluster-Provider-Reap] INFO  utils.BackgroundService (BackgroundService.java:shutdown(132)) - Shutting down service SCMBlockDeletingService
2022-02-05 14:11:03,608 [Mini-Cluster-Provider-Reap] INFO  utils.BackgroundService (BackgroundService.java:shutdown(132)) - Shutting down service SCMBlockDeletingService
2022-02-05 14:11:03,608 [Mini-Cluster-Provider-Reap] INFO  server.StorageContainerManager (StorageContainerManager.java:stop(1478)) - Stopping SCM Event Queue.
2022-02-05 14:11:03,618 [Mini-Cluster-Provider-Reap] INFO  server.StorageContainerManager (StorageContainerManager.java:stop(1489)) - Stopping SCM HA services.
2022-02-05 14:11:03,618 [Mini-Cluster-Provider-Reap] INFO  pipeline.BackgroundPipelineCreator (BackgroundPipelineCreator.java:stop(158)) - Stopping RatisPipelineUtilsThread.
2022-02-05 14:11:03,618 [Mini-Cluster-Provider-Reap] INFO  server.StorageContainerManager (StorageContainerManager.java:stop(1499)) - Stopping SCM MetadataStore.
2022-02-05 14:11:03,619 [Mini-Cluster-Provider-Reap] INFO  impl.MetricsSystemImpl (MetricsSystemImpl.java:stop(210)) - Stopping StorageContainerManager metrics system...
2022-02-05 14:11:03,638 [prometheus] INFO  impl.MetricsSinkAdapter (MetricsSinkAdapter.java:publishMetricsFromQueue(141)) - prometheus thread interrupted.
2022-02-05 14:11:03,644 [Mini-Cluster-Provider-Reap] INFO  impl.MetricsSystemImpl (MetricsSystemImpl.java:stop(216)) - StorageContainerManager metrics system stopped.
2022-02-05 14:11:03,847 [ReplicationMonitor] INFO  container.ReplicationManager (ReplicationManager.java:processAll(387)) - Replication Monitor Thread took 0 milliseconds for processing 6 containers.
2022-02-05 14:11:03,977 [Mini-Cluster-Provider-Reap] INFO  ozone.MiniOzoneClusterImpl (MiniOzoneClusterImpl.java:shutdown(437)) - Shutting down the Mini Ozone Cluster
2022-02-05 14:11:03,978 [Mini-Cluster-Provider-Reap] INFO  ozone.MiniOzoneClusterImpl (MiniOzoneClusterImpl.java:stop(452)) - Stopping the Mini Ozone Cluster
2022-02-05 14:11:03,978 [Mini-Cluster-Provider-Reap] INFO  ozone.MiniOzoneClusterImpl (MiniOzoneClusterImpl.java:stopOM(534)) - Stopping the OzoneManager
2022-02-05 14:11:03,978 [Mini-Cluster-Provider-Reap] INFO  om.OzoneManager (OzoneManager.java:stop(1893)) - om1[localhost:0]: Stopping Ozone Manager
2022-02-05 14:11:03,978 [Mini-Cluster-Provider-Reap] INFO  ipc.Server (Server.java:stop(3414)) - Stopping server on 40235
2022-02-05 14:11:03,981 [IPC Server listener on 0] INFO  ipc.Server (Server.java:run(1376)) - Stopping IPC Server listener on 0
2022-02-05 14:11:03,982 [IPC Server Responder] INFO  ipc.Server (Server.java:run(1512)) - Stopping IPC Server Responder
2022-02-05 14:11:03,983 [Mini-Cluster-Provider-Reap] INFO  server.RaftServer (RaftServerProxy.java:lambda$close$6(391)) - om1: close
2022-02-05 14:11:03,985 [Mini-Cluster-Provider-Reap] INFO  server.RaftServer$Division (RaftServerImpl.java:lambda$close$4(412)) - om1@group-C5BA1605619E: shutdown
2022-02-05 14:11:03,985 [Mini-Cluster-Provider-Reap] INFO  impl.RoleInfo (RoleInfo.java:shutdownLeaderState(91)) - om1: shutdown om1@group-C5BA1605619E-LeaderStateImpl
2022-02-05 14:11:03,985 [Mini-Cluster-Provider-Reap] INFO  impl.PendingRequests (PendingRequests.java:sendNotLeaderResponses(282)) - om1@group-C5BA1605619E-PendingRequests: sendNotLeaderResponses
2022-02-05 14:11:04,004 [Mini-Cluster-Provider-Reap] INFO  impl.StateMachineUpdater (StateMachineUpdater.java:stopAndJoin(149)) - om1@group-C5BA1605619E-StateMachineUpdater: set stopIndex = 84
2022-02-05 14:11:04,004 [om1@group-C5BA1605619E-StateMachineUpdater] INFO  ratis.OzoneManagerStateMachine (OzoneManagerStateMachine.java:takeSnapshot(417)) - Current Snapshot Index (t:1, i:84)
2022-02-05 14:11:04,005 [om1@group-C5BA1605619E-StateMachineUpdater] INFO  impl.StateMachineUpdater (StateMachineUpdater.java:takeSnapshot(281)) - om1@group-C5BA1605619E-StateMachineUpdater: Took a snapshot at index 84
2022-02-05 14:11:04,005 [om1@group-C5BA1605619E-StateMachineUpdater] INFO  impl.StateMachineUpdater (StateMachineUpdater.java:lambda$new$0(89)) - om1@group-C5BA1605619E-StateMachineUpdater: snapshotIndex: updateIncreasingly -1 -> 84
2022-02-05 14:11:04,005 [om1@group-C5BA1605619E-StateMachineUpdater] INFO  ratis.OzoneManagerStateMachine (OzoneManagerStateMachine.java:close(471)) - StateMachine has shutdown. Shutdown OzoneManager if not already shutdown.
2022-02-05 14:11:04,005 [Mini-Cluster-Provider-Reap] INFO  server.RaftServer$Division (ServerState.java:close(419)) - om1@group-C5BA1605619E: closes. applyIndex: 84
2022-02-05 14:11:04,005 [om1@group-C5BA1605619E-SegmentedRaftLogWorker] INFO  segmented.SegmentedRaftLogWorker (SegmentedRaftLogWorker.java:run(327)) - om1@group-C5BA1605619E-SegmentedRaftLogWorker was interrupted, exiting. There are 0 tasks remaining in the queue.
2022-02-05 14:11:04,006 [Mini-Cluster-Provider-Reap] INFO  segmented.SegmentedRaftLogWorker (SegmentedRaftLogWorker.java:close(237)) - om1@group-C5BA1605619E-SegmentedRaftLogWorker close()
2022-02-05 14:11:04,006 [Mini-Cluster-Provider-Reap] INFO  server.GrpcService (GrpcService.java:closeImpl(262)) - om1: shutdown server with port 32835 now
2022-02-05 14:11:04,007 [Mini-Cluster-Provider-Reap] INFO  server.GrpcService (GrpcService.java:closeImpl(271)) - om1: shutdown server with port 32835 successfully
2022-02-05 14:11:04,007 [org.apache.ratis.util.JvmPauseMonitor$$Lambda$541/1606256405@690c9eb3] INFO  util.JvmPauseMonitor (JvmPauseMonitor.java:run(109)) - JvmPauseMonitor-om1: Stopped
2022-02-05 14:11:04,007 [Mini-Cluster-Provider-Reap] INFO  ratis.OzoneManagerDoubleBuffer (OzoneManagerDoubleBuffer.java:stop(437)) - Stopping OMDoubleBuffer flush thread
2022-02-05 14:11:04,008 [OMDoubleBufferFlushThread] INFO  ratis.OzoneManagerDoubleBuffer (OzoneManagerDoubleBuffer.java:flushTransactions(356)) - OMDoubleBuffer flush thread OMDoubleBufferFlushThread is interrupted and will exit. OMDoubleBufferFlushThread
2022-02-05 14:11:04,008 [Mini-Cluster-Provider-Reap] INFO  utils.BackgroundService (BackgroundService.java:shutdown(132)) - Shutting down service KeyDeletingService
2022-02-05 14:11:04,009 [Mini-Cluster-Provider-Reap] INFO  utils.BackgroundService (BackgroundService.java:shutdown(132)) - Shutting down service DirectoryDeletingService
2022-02-05 14:11:04,011 [Mini-Cluster-Provider-Reap] INFO  handler.ContextHandler (ContextHandler.java:doStop(1153)) - Stopped o.e.j.w.WebAppContext@7fe86354{ozoneManager,/,null,STOPPED}{file:/home/runner/work/ozone/ozone/hadoop-ozone/integration-test/target/test-classes/webapps/ozoneManager}
2022-02-05 14:11:04,013 [Mini-Cluster-Provider-Reap] INFO  server.AbstractConnector (AbstractConnector.java:doStop(381)) - Stopped ServerConnector@7b165621{HTTP/1.1, (http/1.1)}{0.0.0.0:0}
2022-02-05 14:11:04,013 [Mini-Cluster-Provider-Reap] INFO  server.session (HouseKeeper.java:stopScavenging(149)) - node0 Stopped scavenging
2022-02-05 14:11:04,015 [Mini-Cluster-Provider-Reap] INFO  handler.ContextHandler (ContextHandler.java:doStop(1153)) - Stopped o.e.j.s.ServletContextHandler@77c239bd{static,/static,file:///home/runner/work/ozone/ozone/hadoop-ozone/integration-test/target/test-classes/webapps/static,STOPPED}
2022-02-05 14:11:04,015 [Mini-Cluster-Provider-Reap] INFO  handler.ContextHandler (ContextHandler.java:doStop(1153)) - Stopped o.e.j.s.ServletContextHandler@7a8b89da{logs,/logs,file:///home/runner/work/ozone/ozone/hadoop-ozone/integration-test/target/log,STOPPED}
2022-02-05 14:11:04,026 [Mini-Cluster-Provider-Reap] INFO  ozone.MiniOzoneClusterImpl (MiniOzoneClusterImpl.java:stopDatanodes(511)) - Stopping the HddsDatanodes
2022-02-05 14:11:04,848 [ReplicationMonitor] INFO  container.ReplicationManager (ReplicationManager.java:processAll(387)) - Replication Monitor Thread took 0 milliseconds for processing 6 containers.
2022-02-05 14:11:05,290 [Mini-Cluster-Provider-Reap] INFO  ozoneimpl.OzoneContainer (OzoneContainer.java:stop(336)) - Attempting to stop container services.
2022-02-05 14:11:05,291 [Mini-Cluster-Provider-Reap] INFO  server.RaftServer (RaftServerProxy.java:lambda$close$6(391)) - bc9731cf-0533-4714-9290-366f627705f1: close
2022-02-05 14:11:05,291 [Mini-Cluster-Provider-Reap] INFO  server.RaftServer$Division (RaftServerImpl.java:lambda$close$4(412)) - bc9731cf-0533-4714-9290-366f627705f1@group-0478ADB54F6E: shutdown
2022-02-05 14:11:05,291 [Mini-Cluster-Provider-Reap] INFO  util.JmxRegister (JmxRegister.java:unregister(73)) - Successfully un-registered JMX Bean with object name Ratis:service=RaftServer,group=group-0478ADB54F6E,id=bc9731cf-0533-4714-9290-366f627705f1
2022-02-05 14:11:05,291 [Mini-Cluster-Provider-Reap] INFO  impl.RoleInfo (RoleInfo.java:shutdownLeaderState(91)) - bc9731cf-0533-4714-9290-366f627705f1: shutdown bc9731cf-0533-4714-9290-366f627705f1@group-0478ADB54F6E-LeaderStateImpl
2022-02-05 14:11:05,291 [Mini-Cluster-Provider-Reap] INFO  impl.PendingRequests (PendingRequests.java:sendNotLeaderResponses(282)) - bc9731cf-0533-4714-9290-366f627705f1@group-0478ADB54F6E-PendingRequests: sendNotLeaderResponses
2022-02-05 14:11:05,293 [bc9731cf-0533-4714-9290-366f627705f1@group-0478ADB54F6E-StateMachineUpdater] INFO  ratis.ContainerStateMachine (ContainerStateMachine.java:takeSnapshot(299)) - group-0478ADB54F6E: Taking a snapshot at:(t:1, i:0) file /home/runner/work/ozone/ozone/hadoop-ozone/integration-test/target/test-dir/MiniOzoneClusterImpl-fb33837e-59ba-4f66-b45a-2fc6b23e16fb/datanode-3/data/ratis/969af437-f1f8-4fb6-b558-0478adb54f6e/sm/snapshot.1_0
2022-02-05 14:11:05,294 [Mini-Cluster-Provider-Reap] INFO  impl.StateMachineUpdater (StateMachineUpdater.java:stopAndJoin(149)) - bc9731cf-0533-4714-9290-366f627705f1@group-0478ADB54F6E-StateMachineUpdater: set stopIndex = 0
2022-02-05 14:11:05,317 [ForkJoinPool.commonPool-worker-1] INFO  ozoneimpl.OzoneContainer (OzoneContainer.java:stop(336)) - Attempting to stop container services.
2022-02-05 14:11:05,319 [bc9731cf-0533-4714-9290-366f627705f1@group-0478ADB54F6E-StateMachineUpdater] INFO  ratis.ContainerStateMachine (ContainerStateMachine.java:takeSnapshot(310)) - group-0478ADB54F6E: Finished taking a snapshot at:(t:1, i:0) file:/home/runner/work/ozone/ozone/hadoop-ozone/integration-test/target/test-dir/MiniOzoneClusterImpl-fb33837e-59ba-4f66-b45a-2fc6b23e16fb/datanode-3/data/ratis/969af437-f1f8-4fb6-b558-0478adb54f6e/sm/snapshot.1_0 took: 26 ms
2022-02-05 14:11:05,320 [bc9731cf-0533-4714-9290-366f627705f1@group-0478ADB54F6E-StateMachineUpdater] INFO  impl.StateMachineUpdater (StateMachineUpdater.java:takeSnapshot(281)) - bc9731cf-0533-4714-9290-366f627705f1@group-0478ADB54F6E-StateMachineUpdater: Took a snapshot at index 0
2022-02-05 14:11:05,320 [bc9731cf-0533-4714-9290-366f627705f1@group-0478ADB54F6E-StateMachineUpdater] INFO  impl.StateMachineUpdater (StateMachineUpdater.java:lambda$new$0(89)) - bc9731cf-0533-4714-9290-366f627705f1@group-0478ADB54F6E-StateMachineUpdater: snapshotIndex: updateIncreasingly -1 -> 0
2022-02-05 14:11:05,321 [ForkJoinPool.commonPool-worker-1] INFO  server.RaftServer (RaftServerProxy.java:lambda$close$6(391)) - 88908309-47e0-48f9-9e49-b756788925e3: close
2022-02-05 14:11:05,321 [ForkJoinPool.commonPool-worker-1] INFO  server.RaftServer$Division (RaftServerImpl.java:lambda$close$4(412)) - 88908309-47e0-48f9-9e49-b756788925e3@group-1306FF6DF037: shutdown
2022-02-05 14:11:05,321 [ForkJoinPool.commonPool-worker-1] INFO  util.JmxRegister (JmxRegister.java:unregister(73)) - Successfully un-registered JMX Bean with object name Ratis:service=RaftServer,group=group-1306FF6DF037,id=88908309-47e0-48f9-9e49-b756788925e3
2022-02-05 14:11:05,321 [ForkJoinPool.commonPool-worker-1] INFO  impl.RoleInfo (RoleInfo.java:shutdownLeaderState(91)) - 88908309-47e0-48f9-9e49-b756788925e3: shutdown 88908309-47e0-48f9-9e49-b756788925e3@group-1306FF6DF037-LeaderStateImpl
2022-02-05 14:11:05,322 [ForkJoinPool.commonPool-worker-1] INFO  impl.PendingRequests (PendingRequests.java:sendNotLeaderResponses(282)) - 88908309-47e0-48f9-9e49-b756788925e3@group-1306FF6DF037-PendingRequests: sendNotLeaderResponses
2022-02-05 14:11:05,324 [Mini-Cluster-Provider-Reap] INFO  server.RaftServer$Division (ServerState.java:close(419)) - bc9731cf-0533-4714-9290-366f627705f1@group-0478ADB54F6E: closes. applyIndex: 0
2022-02-05 14:11:05,325 [ForkJoinPool.commonPool-worker-1] INFO  impl.StateMachineUpdater (StateMachineUpdater.java:stopAndJoin(149)) - 88908309-47e0-48f9-9e49-b756788925e3@group-1306FF6DF037-StateMachineUpdater: set stopIndex = 0
2022-02-05 14:11:05,325 [88908309-47e0-48f9-9e49-b756788925e3@group-1306FF6DF037-StateMachineUpdater] INFO  ratis.ContainerStateMachine (ContainerStateMachine.java:takeSnapshot(299)) - group-1306FF6DF037: Taking a snapshot at:(t:1, i:0) file /home/runner/work/ozone/ozone/hadoop-ozone/integration-test/target/test-dir/MiniOzoneClusterImpl-fb33837e-59ba-4f66-b45a-2fc6b23e16fb/datanode-1/data/ratis/7eb02b77-14fa-4fda-860e-1306ff6df037/sm/snapshot.1_0
2022-02-05 14:11:05,326 [bc9731cf-0533-4714-9290-366f627705f1@group-0478ADB54F6E-SegmentedRaftLogWorker] INFO  segmented.SegmentedRaftLogWorker (SegmentedRaftLogWorker.java:run(327)) - bc9731cf-0533-4714-9290-366f627705f1@group-0478ADB54F6E-SegmentedRaftLogWorker was interrupted, exiting. There are 0 tasks remaining in the queue.
2022-02-05 14:11:05,327 [Mini-Cluster-Provider-Reap] INFO  segmented.SegmentedRaftLogWorker (SegmentedRaftLogWorker.java:close(237)) - bc9731cf-0533-4714-9290-366f627705f1@group-0478ADB54F6E-SegmentedRaftLogWorker close()
2022-02-05 14:11:05,328 [Mini-Cluster-Provider-Reap] INFO  server.GrpcService (GrpcService.java:closeImpl(262)) - bc9731cf-0533-4714-9290-366f627705f1: shutdown server with port 42151 now
2022-02-05 14:11:05,328 [88908309-47e0-48f9-9e49-b756788925e3@group-1306FF6DF037-StateMachineUpdater] INFO  ratis.ContainerStateMachine (ContainerStateMachine.java:takeSnapshot(310)) - group-1306FF6DF037: Finished taking a snapshot at:(t:1, i:0) file:/home/runner/work/ozone/ozone/hadoop-ozone/integration-test/target/test-dir/MiniOzoneClusterImpl-fb33837e-59ba-4f66-b45a-2fc6b23e16fb/datanode-1/data/ratis/7eb02b77-14fa-4fda-860e-1306ff6df037/sm/snapshot.1_0 took: 3 ms
2022-02-05 14:11:05,328 [88908309-47e0-48f9-9e49-b756788925e3@group-1306FF6DF037-StateMachineUpdater] INFO  impl.StateMachineUpdater (StateMachineUpdater.java:takeSnapshot(281)) - 88908309-47e0-48f9-9e49-b756788925e3@group-1306FF6DF037-StateMachineUpdater: Took a snapshot at index 0
2022-02-05 14:11:05,328 [88908309-47e0-48f9-9e49-b756788925e3@group-1306FF6DF037-StateMachineUpdater] INFO  impl.StateMachineUpdater (StateMachineUpdater.java:lambda$new$0(89)) - 88908309-47e0-48f9-9e49-b756788925e3@group-1306FF6DF037-StateMachineUpdater: snapshotIndex: updateIncreasingly -1 -> 0
2022-02-05 14:11:05,352 [ForkJoinPool.commonPool-worker-1] INFO  server.RaftServer$Division (ServerState.java:close(419)) - 88908309-47e0-48f9-9e49-b756788925e3@group-1306FF6DF037: closes. applyIndex: 0
2022-02-05 14:11:05,352 [88908309-47e0-48f9-9e49-b756788925e3@group-1306FF6DF037-SegmentedRaftLogWorker] INFO  segmented.SegmentedRaftLogWorker (SegmentedRaftLogWorker.java:run(327)) - 88908309-47e0-48f9-9e49-b756788925e3@group-1306FF6DF037-SegmentedRaftLogWorker was interrupted, exiting. There are 0 tasks remaining in the queue.
2022-02-05 14:11:05,353 [Mini-Cluster-Provider-Reap] INFO  server.GrpcService (GrpcService.java:closeImpl(271)) - bc9731cf-0533-4714-9290-366f627705f1: shutdown server with port 42151 successfully
2022-02-05 14:11:05,353 [org.apache.ratis.util.JvmPauseMonitor$$Lambda$541/1606256405@5c1b49db] INFO  util.JvmPauseMonitor (JvmPauseMonitor.java:run(109)) - JvmPauseMonitor-bc9731cf-0533-4714-9290-366f627705f1: Stopped
2022-02-05 14:11:05,354 [ForkJoinPool.commonPool-worker-1] INFO  segmented.SegmentedRaftLogWorker (SegmentedRaftLogWorker.java:close(237)) - 88908309-47e0-48f9-9e49-b756788925e3@group-1306FF6DF037-SegmentedRaftLogWorker close()
2022-02-05 14:11:05,354 [ForkJoinPool.commonPool-worker-1] INFO  server.RaftServer$Division (RaftServerImpl.java:lambda$close$4(412)) - 88908309-47e0-48f9-9e49-b756788925e3@group-676A59100ACC: shutdown
2022-02-05 14:11:05,354 [ForkJoinPool.commonPool-worker-1] INFO  util.JmxRegister (JmxRegister.java:unregister(73)) - Successfully un-registered JMX Bean with object name Ratis:service=RaftServer,group=group-676A59100ACC,id=88908309-47e0-48f9-9e49-b756788925e3
2022-02-05 14:11:05,354 [ForkJoinPool.commonPool-worker-1] INFO  impl.RoleInfo (RoleInfo.java:shutdownLeaderState(91)) - 88908309-47e0-48f9-9e49-b756788925e3: shutdown 88908309-47e0-48f9-9e49-b756788925e3@group-676A59100ACC-LeaderStateImpl
2022-02-05 14:11:05,354 [88908309-47e0-48f9-9e49-b756788925e3@group-676A59100ACC->98dc40bf-7053-48d3-aaeb-09ffe996ad7b-GrpcLogAppender-LogAppenderDaemon] WARN  server.GrpcLogAppender (GrpcLogAppender.java:mayWait(177)) - 88908309-47e0-48f9-9e49-b756788925e3@group-676A59100ACC->98dc40bf-7053-48d3-aaeb-09ffe996ad7b-GrpcLogAppender: Wait interrupted by java.lang.InterruptedException
2022-02-05 14:11:05,355 [88908309-47e0-48f9-9e49-b756788925e3@group-676A59100ACC->a9e4676d-d420-4953-9a22-1155643bc4dc-GrpcLogAppender-LogAppenderDaemon] WARN  server.GrpcLogAppender (GrpcLogAppender.java:mayWait(177)) - 88908309-47e0-48f9-9e49-b756788925e3@group-676A59100ACC->a9e4676d-d420-4953-9a22-1155643bc4dc-GrpcLogAppender: Wait interrupted by java.lang.InterruptedException
2022-02-05 14:11:05,356 [grpc-default-executor-2] INFO  server.GrpcServerProtocolService (GrpcServerProtocolService.java:onCompleted(140)) - a9e4676d-d420-4953-9a22-1155643bc4dc: Completed APPEND_ENTRIES, lastRequest: 88908309-47e0-48f9-9e49-b756788925e3->a9e4676d-d420-4953-9a22-1155643bc4dc#214-t2,previous=(t:2, i:29),leaderCommit=28,initializing? true,entries: size=1, first=(t:2, i:30), METADATAENTRY(c:28)
2022-02-05 14:11:05,356 [grpc-default-executor-3] INFO  server.GrpcServerProtocolService (GrpcServerProtocolService.java:onCompleted(140)) - 98dc40bf-7053-48d3-aaeb-09ffe996ad7b: Completed APPEND_ENTRIES, lastRequest: 88908309-47e0-48f9-9e49-b756788925e3->98dc40bf-7053-48d3-aaeb-09ffe996ad7b#222-t2,previous=(t:2, i:29),leaderCommit=28,initializing? true,entries: size=1, first=(t:2, i:30), METADATAENTRY(c:28)
2022-02-05 14:11:05,354 [ForkJoinPool.commonPool-worker-1] INFO  impl.PendingRequests (PendingRequests.java:sendNotLeaderResponses(282)) - 88908309-47e0-48f9-9e49-b756788925e3@group-676A59100ACC-PendingRequests: sendNotLeaderResponses
2022-02-05 14:11:05,394 [ForkJoinPool.commonPool-worker-1] INFO  impl.StateMachineUpdater (StateMachineUpdater.java:stopAndJoin(149)) - 88908309-47e0-48f9-9e49-b756788925e3@group-676A59100ACC-StateMachineUpdater: set stopIndex = 30
2022-02-05 14:11:05,395 [88908309-47e0-48f9-9e49-b756788925e3@group-676A59100ACC-StateMachineUpdater] INFO  ratis.ContainerStateMachine (ContainerStateMachine.java:takeSnapshot(299)) - group-676A59100ACC: Taking a snapshot at:(t:2, i:30) file /home/runner/work/ozone/ozone/hadoop-ozone/integration-test/target/test-dir/MiniOzoneClusterImpl-fb33837e-59ba-4f66-b45a-2fc6b23e16fb/datanode-1/data/ratis/47c9c572-1cef-4429-ab22-676a59100acc/sm/snapshot.2_30
2022-02-05 14:11:05,401 [88908309-47e0-48f9-9e49-b756788925e3@group-676A59100ACC-StateMachineUpdater] INFO  ratis.ContainerStateMachine (ContainerStateMachine.java:takeSnapshot(310)) - group-676A59100ACC: Finished taking a snapshot at:(t:2, i:30) file:/home/runner/work/ozone/ozone/hadoop-ozone/integration-test/target/test-dir/MiniOzoneClusterImpl-fb33837e-59ba-4f66-b45a-2fc6b23e16fb/datanode-1/data/ratis/47c9c572-1cef-4429-ab22-676a59100acc/sm/snapshot.2_30 took: 6 ms
2022-02-05 14:11:05,401 [88908309-47e0-48f9-9e49-b756788925e3@group-676A59100ACC-StateMachineUpdater] INFO  impl.StateMachineUpdater (StateMachineUpdater.java:takeSnapshot(281)) - 88908309-47e0-48f9-9e49-b756788925e3@group-676A59100ACC-StateMachineUpdater: Took a snapshot at index 30
2022-02-05 14:11:05,401 [88908309-47e0-48f9-9e49-b756788925e3@group-676A59100ACC-StateMachineUpdater] INFO  impl.StateMachineUpdater (StateMachineUpdater.java:lambda$new$0(89)) - 88908309-47e0-48f9-9e49-b756788925e3@group-676A59100ACC-StateMachineUpdater: snapshotIndex: updateIncreasingly -1 -> 30
2022-02-05 14:11:05,402 [ForkJoinPool.commonPool-worker-1] INFO  server.RaftServer$Division (ServerState.java:close(419)) - 88908309-47e0-48f9-9e49-b756788925e3@group-676A59100ACC: closes. applyIndex: 30
2022-02-05 14:11:05,402 [88908309-47e0-48f9-9e49-b756788925e3@group-676A59100ACC-SegmentedRaftLogWorker] INFO  segmented.SegmentedRaftLogWorker (SegmentedRaftLogWorker.java:run(327)) - 88908309-47e0-48f9-9e49-b756788925e3@group-676A59100ACC-SegmentedRaftLogWorker was interrupted, exiting. There are 0 tasks remaining in the queue.
2022-02-05 14:11:05,402 [ForkJoinPool.commonPool-worker-1] INFO  segmented.SegmentedRaftLogWorker (SegmentedRaftLogWorker.java:close(237)) - 88908309-47e0-48f9-9e49-b756788925e3@group-676A59100ACC-SegmentedRaftLogWorker close()
2022-02-05 14:11:05,403 [ForkJoinPool.commonPool-worker-1] INFO  server.GrpcService (GrpcService.java:closeImpl(262)) - 88908309-47e0-48f9-9e49-b756788925e3: shutdown server with port 44751 now
2022-02-05 14:11:05,421 [grpc-default-executor-3] INFO  server.GrpcLogAppender (GrpcLogAppender.java:onCompleted(346)) - 88908309-47e0-48f9-9e49-b756788925e3@group-676A59100ACC->a9e4676d-d420-4953-9a22-1155643bc4dc-AppendLogResponseHandler: follower responses appendEntries COMPLETED
2022-02-05 14:11:05,421 [grpc-default-executor-2] INFO  server.GrpcLogAppender (GrpcLogAppender.java:onCompleted(346)) - 88908309-47e0-48f9-9e49-b756788925e3@group-676A59100ACC->98dc40bf-7053-48d3-aaeb-09ffe996ad7b-AppendLogResponseHandler: follower responses appendEntries COMPLETED
2022-02-05 14:11:05,460 [ForkJoinPool.commonPool-worker-1] INFO  server.GrpcService (GrpcService.java:closeImpl(271)) - 88908309-47e0-48f9-9e49-b756788925e3: shutdown server with port 44751 successfully
2022-02-05 14:11:05,460 [org.apache.ratis.util.JvmPauseMonitor$$Lambda$541/1606256405@52951f73] INFO  util.JvmPauseMonitor (JvmPauseMonitor.java:run(109)) - JvmPauseMonitor-88908309-47e0-48f9-9e49-b756788925e3: Stopped
2022-02-05 14:11:05,459 [grpc-default-executor-5] WARN  client.GrpcClientProtocolService (LogUtils.java:warn(122)) - 1-UnorderedRequestStreamObserver1: onError: org.apache.ratis.thirdparty.io.grpc.StatusRuntimeException: CANCELLED: client cancelled
2022-02-05 14:11:05,423 [grpc-default-executor-3] WARN  server.GrpcLogAppender (GrpcLogAppender.java:resetClient(116)) - 88908309-47e0-48f9-9e49-b756788925e3@group-676A59100ACC->a9e4676d-d420-4953-9a22-1155643bc4dc-GrpcLogAppender: Failed to getClient for a9e4676d-d420-4953-9a22-1155643bc4dc
org.apache.ratis.protocol.exceptions.AlreadyClosedException: 88908309-47e0-48f9-9e49-b756788925e3 is already CLOSED
	at org.apache.ratis.util.PeerProxyMap$PeerAndProxy.getProxy(PeerProxyMap.java:60)
	at org.apache.ratis.util.PeerProxyMap.getProxy(PeerProxyMap.java:114)
	at org.apache.ratis.grpc.server.GrpcLogAppender.getClient(GrpcLogAppender.java:95)
	at org.apache.ratis.grpc.server.GrpcLogAppender.resetClient(GrpcLogAppender.java:100)
	at org.apache.ratis.grpc.server.GrpcLogAppender.access$500(GrpcLogAppender.java:53)
	at org.apache.ratis.grpc.server.GrpcLogAppender$AppendLogResponseHandler.onCompleted(GrpcLogAppender.java:347)
	at org.apache.ratis.thirdparty.io.grpc.stub.ClientCalls$StreamObserverToCallListenerAdapter.onClose(ClientCalls.java:476)
	at org.apache.ratis.thirdparty.io.grpc.internal.ClientCallImpl.closeObserver(ClientCallImpl.java:616)
	at org.apache.ratis.thirdparty.io.grpc.internal.ClientCallImpl.access$300(ClientCallImpl.java:69)
	at org.apache.ratis.thirdparty.io.grpc.internal.ClientCallImpl$ClientStreamListenerImpl$1StreamClosed.runInternal(ClientCallImpl.java:802)
	at org.apache.ratis.thirdparty.io.grpc.internal.ClientCallImpl$ClientStreamListenerImpl$1StreamClosed.runInContext(ClientCallImpl.java:781)
	at org.apache.ratis.thirdparty.io.grpc.internal.ContextRunnable.run(ContextRunnable.java:37)
	at org.apache.ratis.thirdparty.io.grpc.internal.SerializingExecutor.run(SerializingExecutor.java:123)
	at java.util.concurrent.ThreadPoolExecutor.runWorker(ThreadPoolExecutor.java:1149)
	at java.util.concurrent.ThreadPoolExecutor$Worker.run(ThreadPoolExecutor.java:624)
	at java.lang.Thread.run(Thread.java:748)
2022-02-05 14:11:05,462 [grpc-default-executor-2] WARN  server.GrpcLogAppender (GrpcLogAppender.java:resetClient(116)) - 88908309-47e0-48f9-9e49-b756788925e3@group-676A59100ACC->98dc40bf-7053-48d3-aaeb-09ffe996ad7b-GrpcLogAppender: Failed to getClient for 98dc40bf-7053-48d3-aaeb-09ffe996ad7b
org.apache.ratis.protocol.exceptions.AlreadyClosedException: 88908309-47e0-48f9-9e49-b756788925e3 is already CLOSED
	at org.apache.ratis.util.PeerProxyMap$PeerAndProxy.getProxy(PeerProxyMap.java:60)
	at org.apache.ratis.util.PeerProxyMap.getProxy(PeerProxyMap.java:114)
	at org.apache.ratis.grpc.server.GrpcLogAppender.getClient(GrpcLogAppender.java:95)
	at org.apache.ratis.grpc.server.GrpcLogAppender.resetClient(GrpcLogAppender.java:100)
	at org.apache.ratis.grpc.server.GrpcLogAppender.access$500(GrpcLogAppender.java:53)
	at org.apache.ratis.grpc.server.GrpcLogAppender$AppendLogResponseHandler.onCompleted(GrpcLogAppender.java:347)
	at org.apache.ratis.thirdparty.io.grpc.stub.ClientCalls$StreamObserverToCallListenerAdapter.onClose(ClientCalls.java:476)
	at org.apache.ratis.thirdparty.io.grpc.internal.ClientCallImpl.closeObserver(ClientCallImpl.java:616)
	at org.apache.ratis.thirdparty.io.grpc.internal.ClientCallImpl.access$300(ClientCallImpl.java:69)
	at org.apache.ratis.thirdparty.io.grpc.internal.ClientCallImpl$ClientStreamListenerImpl$1StreamClosed.runInternal(ClientCallImpl.java:802)
	at org.apache.ratis.thirdparty.io.grpc.internal.ClientCallImpl$ClientStreamListenerImpl$1StreamClosed.runInContext(ClientCallImpl.java:781)
	at org.apache.ratis.thirdparty.io.grpc.internal.ContextRunnable.run(ContextRunnable.java:37)
	at org.apache.ratis.thirdparty.io.grpc.internal.SerializingExecutor.run(SerializingExecutor.java:123)
	at java.util.concurrent.ThreadPoolExecutor.runWorker(ThreadPoolExecutor.java:1149)
	at java.util.concurrent.ThreadPoolExecutor$Worker.run(ThreadPoolExecutor.java:624)
	at java.lang.Thread.run(Thread.java:748)
2022-02-05 14:11:05,849 [ReplicationMonitor] INFO  container.ReplicationManager (ReplicationManager.java:processAll(387)) - Replication Monitor Thread took 0 milliseconds for processing 6 containers.
2022-02-05 14:11:06,550 [EventQueue-StaleNodeForStaleNodeHandler] INFO  node.StaleNodeHandler (StaleNodeHandler.java:onMessage(58)) - Datanode bc9731cf-0533-4714-9290-366f627705f1{ip: 10.1.0.12, host: fv-az395-167.zfmzfyrfkyou3ow0tsr0jxwq1e.bx.internal.cloudapp.net, ports: [REPLICATION=41631, RATIS=42151, RATIS_ADMIN=42151, RATIS_SERVER=42151, STANDALONE=36739], networkLocation: /default-rack, certSerialId: null, persistedOpState: IN_SERVICE, persistedOpStateExpiryEpochSec: 0} moved to stale state. Finalizing its pipelines [PipelineID=969af437-f1f8-4fb6-b558-0478adb54f6e]
2022-02-05 14:11:06,551 [EventQueue-StaleNodeForStaleNodeHandler] INFO  pipeline.PipelineManagerImpl (PipelineManagerImpl.java:closePipeline(365)) - Pipeline Pipeline[ Id: 969af437-f1f8-4fb6-b558-0478adb54f6e, Nodes: bc9731cf-0533-4714-9290-366f627705f1{ip: 10.1.0.12, host: fv-az395-167.zfmzfyrfkyou3ow0tsr0jxwq1e.bx.internal.cloudapp.net, ports: [REPLICATION=41631, RATIS=42151, RATIS_ADMIN=42151, RATIS_SERVER=42151, STANDALONE=36739], networkLocation: /default-rack, certSerialId: null, persistedOpState: IN_SERVICE, persistedOpStateExpiryEpochSec: 0}, ReplicationConfig: RATIS/ONE, State:OPEN, leaderId:bc9731cf-0533-4714-9290-366f627705f1, CreationTimestamp2022-02-05T14:10:55.801Z[Etc/UTC]] moved to CLOSED state
2022-02-05 14:11:06,744 [EventQueue-StaleNodeForStaleNodeHandler] INFO  node.StaleNodeHandler (StaleNodeHandler.java:onMessage(58)) - Datanode 88908309-47e0-48f9-9e49-b756788925e3{ip: 10.1.0.12, host: fv-az395-167.zfmzfyrfkyou3ow0tsr0jxwq1e.bx.internal.cloudapp.net, ports: [REPLICATION=37151, RATIS=44751, RATIS_ADMIN=44751, RATIS_SERVER=44751, STANDALONE=33165], networkLocation: /default-rack, certSerialId: null, persistedOpState: IN_SERVICE, persistedOpStateExpiryEpochSec: 0} moved to stale state. Finalizing its pipelines [PipelineID=7eb02b77-14fa-4fda-860e-1306ff6df037, PipelineID=47c9c572-1cef-4429-ab22-676a59100acc]
2022-02-05 14:11:06,745 [EventQueue-StaleNodeForStaleNodeHandler] INFO  pipeline.PipelineManagerImpl (PipelineManagerImpl.java:closePipeline(365)) - Pipeline Pipeline[ Id: 7eb02b77-14fa-4fda-860e-1306ff6df037, Nodes: 88908309-47e0-48f9-9e49-b756788925e3{ip: 10.1.0.12, host: fv-az395-167.zfmzfyrfkyou3ow0tsr0jxwq1e.bx.internal.cloudapp.net, ports: [REPLICATION=37151, RATIS=44751, RATIS_ADMIN=44751, RATIS_SERVER=44751, STANDALONE=33165], networkLocation: /default-rack, certSerialId: null, persistedOpState: IN_SERVICE, persistedOpStateExpiryEpochSec: 0}, ReplicationConfig: RATIS/ONE, State:OPEN, leaderId:88908309-47e0-48f9-9e49-b756788925e3, CreationTimestamp2022-02-05T14:10:55.801Z[Etc/UTC]] moved to CLOSED state
2022-02-05 14:11:06,750 [EventQueue-StaleNodeForStaleNodeHandler] INFO  pipeline.PipelineManagerImpl (PipelineManagerImpl.java:closeContainersForPipeline(344)) - Container #4 closed for pipeline=PipelineID=47c9c572-1cef-4429-ab22-676a59100acc
2022-02-05 14:11:06,750 [EventQueue-StaleNodeForStaleNodeHandler] INFO  pipeline.PipelineManagerImpl (PipelineManagerImpl.java:closeContainersForPipeline(344)) - Container #5 closed for pipeline=PipelineID=47c9c572-1cef-4429-ab22-676a59100acc
2022-02-05 14:11:06,750 [EventQueue-StaleNodeForStaleNodeHandler] INFO  pipeline.PipelineManagerImpl (PipelineManagerImpl.java:closeContainersForPipeline(344)) - Container #6 closed for pipeline=PipelineID=47c9c572-1cef-4429-ab22-676a59100acc
2022-02-05 14:11:06,750 [EventQueue-CloseContainerForCloseContainerEventHandler] INFO  container.CloseContainerEventHandler (CloseContainerEventHandler.java:onMessage(69)) - Close container Event triggered for container : #4
2022-02-05 14:11:06,751 [EventQueue-StaleNodeForStaleNodeHandler] INFO  pipeline.PipelineManagerImpl (PipelineManagerImpl.java:closePipeline(365)) - Pipeline Pipeline[ Id: 47c9c572-1cef-4429-ab22-676a59100acc, Nodes: 98dc40bf-7053-48d3-aaeb-09ffe996ad7b{ip: 10.1.0.12, host: fv-az395-167.zfmzfyrfkyou3ow0tsr0jxwq1e.bx.internal.cloudapp.net, ports: [REPLICATION=43315, RATIS=39063, RATIS_ADMIN=39063, RATIS_SERVER=39063, STANDALONE=46797], networkLocation: /default-rack, certSerialId: null, persistedOpState: IN_SERVICE, persistedOpStateExpiryEpochSec: 0}a9e4676d-d420-4953-9a22-1155643bc4dc{ip: 10.1.0.12, host: fv-az395-167.zfmzfyrfkyou3ow0tsr0jxwq1e.bx.internal.cloudapp.net, ports: [REPLICATION=36585, RATIS=39441, RATIS_ADMIN=39441, RATIS_SERVER=39441, STANDALONE=38087], networkLocation: /default-rack, certSerialId: null, persistedOpState: IN_SERVICE, persistedOpStateExpiryEpochSec: 0}88908309-47e0-48f9-9e49-b756788925e3{ip: 10.1.0.12, host: fv-az395-167.zfmzfyrfkyou3ow0tsr0jxwq1e.bx.internal.cloudapp.net, ports: [REPLICATION=37151, RATIS=44751, RATIS_ADMIN=44751, RATIS_SERVER=44751, STANDALONE=33165], networkLocation: /default-rack, certSerialId: null, persistedOpState: IN_SERVICE, persistedOpStateExpiryEpochSec: 0}, ReplicationConfig: RATIS/THREE, State:OPEN, leaderId:88908309-47e0-48f9-9e49-b756788925e3, CreationTimestamp2022-02-05T14:10:55.801Z[Etc/UTC]] moved to CLOSED state
2022-02-05 14:11:06,751 [EventQueue-CloseContainerForCloseContainerEventHandler] INFO  container.CloseContainerEventHandler (CloseContainerEventHandler.java:onMessage(69)) - Close container Event triggered for container : #5
2022-02-05 14:11:06,751 [EventQueue-CloseContainerForCloseContainerEventHandler] INFO  container.CloseContainerEventHandler (CloseContainerEventHandler.java:onMessage(69)) - Close container Event triggered for container : #6
2022-02-05 14:11:06,849 [ReplicationMonitor] INFO  container.ReplicationManager (ReplicationManager.java:sendCloseCommand(1540)) - Sending close container command for container #4 to datanode 88908309-47e0-48f9-9e49-b756788925e3{ip: 10.1.0.12, host: fv-az395-167.zfmzfyrfkyou3ow0tsr0jxwq1e.bx.internal.cloudapp.net, ports: [REPLICATION=37151, RATIS=44751, RATIS_ADMIN=44751, RATIS_SERVER=44751, STANDALONE=33165], networkLocation: /default-rack, certSerialId: null, persistedOpState: IN_SERVICE, persistedOpStateExpiryEpochSec: 0}.
2022-02-05 14:11:06,849 [ReplicationMonitor] INFO  container.ReplicationManager (ReplicationManager.java:sendCloseCommand(1540)) - Sending close container command for container #4 to datanode 98dc40bf-7053-48d3-aaeb-09ffe996ad7b{ip: 10.1.0.12, host: fv-az395-167.zfmzfyrfkyou3ow0tsr0jxwq1e.bx.internal.cloudapp.net, ports: [REPLICATION=43315, RATIS=39063, RATIS_ADMIN=39063, RATIS_SERVER=39063, STANDALONE=46797], networkLocation: /default-rack, certSerialId: null, persistedOpState: IN_SERVICE, persistedOpStateExpiryEpochSec: 0}.
2022-02-05 14:11:06,849 [ReplicationMonitor] INFO  container.ReplicationManager (ReplicationManager.java:sendCloseCommand(1540)) - Sending close container command for container #4 to datanode a9e4676d-d420-4953-9a22-1155643bc4dc{ip: 10.1.0.12, host: fv-az395-167.zfmzfyrfkyou3ow0tsr0jxwq1e.bx.internal.cloudapp.net, ports: [REPLICATION=36585, RATIS=39441, RATIS_ADMIN=39441, RATIS_SERVER=39441, STANDALONE=38087], networkLocation: /default-rack, certSerialId: null, persistedOpState: IN_SERVICE, persistedOpStateExpiryEpochSec: 0}.
2022-02-05 14:11:06,849 [ReplicationMonitor] INFO  container.ReplicationManager (ReplicationManager.java:sendCloseCommand(1540)) - Sending close container command for container #5 to datanode a9e4676d-d420-4953-9a22-1155643bc4dc{ip: 10.1.0.12, host: fv-az395-167.zfmzfyrfkyou3ow0tsr0jxwq1e.bx.internal.cloudapp.net, ports: [REPLICATION=36585, RATIS=39441, RATIS_ADMIN=39441, RATIS_SERVER=39441, STANDALONE=38087], networkLocation: /default-rack, certSerialId: null, persistedOpState: IN_SERVICE, persistedOpStateExpiryEpochSec: 0}.
2022-02-05 14:11:06,850 [ReplicationMonitor] INFO  container.ReplicationManager (ReplicationManager.java:sendCloseCommand(1540)) - Sending close container command for container #5 to datanode 98dc40bf-7053-48d3-aaeb-09ffe996ad7b{ip: 10.1.0.12, host: fv-az395-167.zfmzfyrfkyou3ow0tsr0jxwq1e.bx.internal.cloudapp.net, ports: [REPLICATION=43315, RATIS=39063, RATIS_ADMIN=39063, RATIS_SERVER=39063, STANDALONE=46797], networkLocation: /default-rack, certSerialId: null, persistedOpState: IN_SERVICE, persistedOpStateExpiryEpochSec: 0}.
2022-02-05 14:11:06,850 [ReplicationMonitor] INFO  container.ReplicationManager (ReplicationManager.java:sendCloseCommand(1540)) - Sending close container command for container #5 to datanode 88908309-47e0-48f9-9e49-b756788925e3{ip: 10.1.0.12, host: fv-az395-167.zfmzfyrfkyou3ow0tsr0jxwq1e.bx.internal.cloudapp.net, ports: [REPLICATION=37151, RATIS=44751, RATIS_ADMIN=44751, RATIS_SERVER=44751, STANDALONE=33165], networkLocation: /default-rack, certSerialId: null, persistedOpState: IN_SERVICE, persistedOpStateExpiryEpochSec: 0}.
2022-02-05 14:11:06,850 [ReplicationMonitor] INFO  container.ReplicationManager (ReplicationManager.java:sendCloseCommand(1540)) - Sending close container command for container #6 to datanode 88908309-47e0-48f9-9e49-b756788925e3{ip: 10.1.0.12, host: fv-az395-167.zfmzfyrfkyou3ow0tsr0jxwq1e.bx.internal.cloudapp.net, ports: [REPLICATION=37151, RATIS=44751, RATIS_ADMIN=44751, RATIS_SERVER=44751, STANDALONE=33165], networkLocation: /default-rack, certSerialId: null, persistedOpState: IN_SERVICE, persistedOpStateExpiryEpochSec: 0}.
2022-02-05 14:11:06,850 [ReplicationMonitor] INFO  container.ReplicationManager (ReplicationManager.java:sendCloseCommand(1540)) - Sending close container command for container #6 to datanode 98dc40bf-7053-48d3-aaeb-09ffe996ad7b{ip: 10.1.0.12, host: fv-az395-167.zfmzfyrfkyou3ow0tsr0jxwq1e.bx.internal.cloudapp.net, ports: [REPLICATION=43315, RATIS=39063, RATIS_ADMIN=39063, RATIS_SERVER=39063, STANDALONE=46797], networkLocation: /default-rack, certSerialId: null, persistedOpState: IN_SERVICE, persistedOpStateExpiryEpochSec: 0}.
2022-02-05 14:11:06,850 [ReplicationMonitor] INFO  container.ReplicationManager (ReplicationManager.java:sendCloseCommand(1540)) - Sending close container command for container #6 to datanode a9e4676d-d420-4953-9a22-1155643bc4dc{ip: 10.1.0.12, host: fv-az395-167.zfmzfyrfkyou3ow0tsr0jxwq1e.bx.internal.cloudapp.net, ports: [REPLICATION=36585, RATIS=39441, RATIS_ADMIN=39441, RATIS_SERVER=39441, STANDALONE=38087], networkLocation: /default-rack, certSerialId: null, persistedOpState: IN_SERVICE, persistedOpStateExpiryEpochSec: 0}.
2022-02-05 14:11:06,850 [ReplicationMonitor] INFO  container.ReplicationManager (ReplicationManager.java:processAll(387)) - Replication Monitor Thread took 1 milliseconds for processing 6 containers.
2022-02-05 14:11:07,368 [Mini-Cluster-Provider-Reap] INFO  utils.BackgroundService (BackgroundService.java:shutdown(132)) - Shutting down service BlockDeletingService
2022-02-05 14:11:07,518 [ForkJoinPool.commonPool-worker-1] INFO  utils.BackgroundService (BackgroundService.java:shutdown(132)) - Shutting down service BlockDeletingService
2022-02-05 14:11:07,850 [ReplicationMonitor] INFO  container.ReplicationManager (ReplicationManager.java:sendCloseCommand(1540)) - Sending close container command for container #4 to datanode 88908309-47e0-48f9-9e49-b756788925e3{ip: 10.1.0.12, host: fv-az395-167.zfmzfyrfkyou3ow0tsr0jxwq1e.bx.internal.cloudapp.net, ports: [REPLICATION=37151, RATIS=44751, RATIS_ADMIN=44751, RATIS_SERVER=44751, STANDALONE=33165], networkLocation: /default-rack, certSerialId: null, persistedOpState: IN_SERVICE, persistedOpStateExpiryEpochSec: 0}.
2022-02-05 14:11:07,850 [ReplicationMonitor] INFO  container.ReplicationManager (ReplicationManager.java:sendCloseCommand(1540)) - Sending close container command for container #4 to datanode 98dc40bf-7053-48d3-aaeb-09ffe996ad7b{ip: 10.1.0.12, host: fv-az395-167.zfmzfyrfkyou3ow0tsr0jxwq1e.bx.internal.cloudapp.net, ports: [REPLICATION=43315, RATIS=39063, RATIS_ADMIN=39063, RATIS_SERVER=39063, STANDALONE=46797], networkLocation: /default-rack, certSerialId: null, persistedOpState: IN_SERVICE, persistedOpStateExpiryEpochSec: 0}.
2022-02-05 14:11:07,850 [ReplicationMonitor] INFO  container.ReplicationManager (ReplicationManager.java:sendCloseCommand(1540)) - Sending close container command for container #4 to datanode a9e4676d-d420-4953-9a22-1155643bc4dc{ip: 10.1.0.12, host: fv-az395-167.zfmzfyrfkyou3ow0tsr0jxwq1e.bx.internal.cloudapp.net, ports: [REPLICATION=36585, RATIS=39441, RATIS_ADMIN=39441, RATIS_SERVER=39441, STANDALONE=38087], networkLocation: /default-rack, certSerialId: null, persistedOpState: IN_SERVICE, persistedOpStateExpiryEpochSec: 0}.
2022-02-05 14:11:07,850 [ReplicationMonitor] INFO  container.ReplicationManager (ReplicationManager.java:sendCloseCommand(1540)) - Sending close container command for container #5 to datanode a9e4676d-d420-4953-9a22-1155643bc4dc{ip: 10.1.0.12, host: fv-az395-167.zfmzfyrfkyou3ow0tsr0jxwq1e.bx.internal.cloudapp.net, ports: [REPLICATION=36585, RATIS=39441, RATIS_ADMIN=39441, RATIS_SERVER=39441, STANDALONE=38087], networkLocation: /default-rack, certSerialId: null, persistedOpState: IN_SERVICE, persistedOpStateExpiryEpochSec: 0}.
2022-02-05 14:11:07,851 [ReplicationMonitor] INFO  container.ReplicationManager (ReplicationManager.java:sendCloseCommand(1540)) - Sending close container command for container #5 to datanode 98dc40bf-7053-48d3-aaeb-09ffe996ad7b{ip: 10.1.0.12, host: fv-az395-167.zfmzfyrfkyou3ow0tsr0jxwq1e.bx.internal.cloudapp.net, ports: [REPLICATION=43315, RATIS=39063, RATIS_ADMIN=39063, RATIS_SERVER=39063, STANDALONE=46797], networkLocation: /default-rack, certSerialId: null, persistedOpState: IN_SERVICE, persistedOpStateExpiryEpochSec: 0}.
2022-02-05 14:11:07,851 [ReplicationMonitor] INFO  container.ReplicationManager (ReplicationManager.java:sendCloseCommand(1540)) - Sending close container command for container #5 to datanode 88908309-47e0-48f9-9e49-b756788925e3{ip: 10.1.0.12, host: fv-az395-167.zfmzfyrfkyou3ow0tsr0jxwq1e.bx.internal.cloudapp.net, ports: [REPLICATION=37151, RATIS=44751, RATIS_ADMIN=44751, RATIS_SERVER=44751, STANDALONE=33165], networkLocation: /default-rack, certSerialId: null, persistedOpState: IN_SERVICE, persistedOpStateExpiryEpochSec: 0}.
2022-02-05 14:11:07,851 [ReplicationMonitor] INFO  container.ReplicationManager (ReplicationManager.java:sendCloseCommand(1540)) - Sending close container command for container #6 to datanode 88908309-47e0-48f9-9e49-b756788925e3{ip: 10.1.0.12, host: fv-az395-167.zfmzfyrfkyou3ow0tsr0jxwq1e.bx.internal.cloudapp.net, ports: [REPLICATION=37151, RATIS=44751, RATIS_ADMIN=44751, RATIS_SERVER=44751, STANDALONE=33165], networkLocation: /default-rack, certSerialId: null, persistedOpState: IN_SERVICE, persistedOpStateExpiryEpochSec: 0}.
2022-02-05 14:11:07,851 [ReplicationMonitor] INFO  container.ReplicationManager (ReplicationManager.java:sendCloseCommand(1540)) - Sending close container command for container #6 to datanode 98dc40bf-7053-48d3-aaeb-09ffe996ad7b{ip: 10.1.0.12, host: fv-az395-167.zfmzfyrfkyou3ow0tsr0jxwq1e.bx.internal.cloudapp.net, ports: [REPLICATION=43315, RATIS=39063, RATIS_ADMIN=39063, RATIS_SERVER=39063, STANDALONE=46797], networkLocation: /default-rack, certSerialId: null, persistedOpState: IN_SERVICE, persistedOpStateExpiryEpochSec: 0}.
2022-02-05 14:11:07,851 [ReplicationMonitor] INFO  container.ReplicationManager (ReplicationManager.java:sendCloseCommand(1540)) - Sending close container command for container #6 to datanode a9e4676d-d420-4953-9a22-1155643bc4dc{ip: 10.1.0.12, host: fv-az395-167.zfmzfyrfkyou3ow0tsr0jxwq1e.bx.internal.cloudapp.net, ports: [REPLICATION=36585, RATIS=39441, RATIS_ADMIN=39441, RATIS_SERVER=39441, STANDALONE=38087], networkLocation: /default-rack, certSerialId: null, persistedOpState: IN_SERVICE, persistedOpStateExpiryEpochSec: 0}.
2022-02-05 14:11:07,851 [ReplicationMonitor] INFO  container.ReplicationManager (ReplicationManager.java:processAll(387)) - Replication Monitor Thread took 1 milliseconds for processing 6 containers.
2022-02-05 14:11:08,851 [ReplicationMonitor] INFO  container.ReplicationManager (ReplicationManager.java:sendCloseCommand(1540)) - Sending close container command for container #4 to datanode 88908309-47e0-48f9-9e49-b756788925e3{ip: 10.1.0.12, host: fv-az395-167.zfmzfyrfkyou3ow0tsr0jxwq1e.bx.internal.cloudapp.net, ports: [REPLICATION=37151, RATIS=44751, RATIS_ADMIN=44751, RATIS_SERVER=44751, STANDALONE=33165], networkLocation: /default-rack, certSerialId: null, persistedOpState: IN_SERVICE, persistedOpStateExpiryEpochSec: 0}.
2022-02-05 14:11:08,851 [ReplicationMonitor] INFO  container.ReplicationManager (ReplicationManager.java:sendCloseCommand(1540)) - Sending close container command for container #4 to datanode 98dc40bf-7053-48d3-aaeb-09ffe996ad7b{ip: 10.1.0.12, host: fv-az395-167.zfmzfyrfkyou3ow0tsr0jxwq1e.bx.internal.cloudapp.net, ports: [REPLICATION=43315, RATIS=39063, RATIS_ADMIN=39063, RATIS_SERVER=39063, STANDALONE=46797], networkLocation: /default-rack, certSerialId: null, persistedOpState: IN_SERVICE, persistedOpStateExpiryEpochSec: 0}.
2022-02-05 14:11:08,851 [ReplicationMonitor] INFO  container.ReplicationManager (ReplicationManager.java:sendCloseCommand(1540)) - Sending close container command for container #4 to datanode a9e4676d-d420-4953-9a22-1155643bc4dc{ip: 10.1.0.12, host: fv-az395-167.zfmzfyrfkyou3ow0tsr0jxwq1e.bx.internal.cloudapp.net, ports: [REPLICATION=36585, RATIS=39441, RATIS_ADMIN=39441, RATIS_SERVER=39441, STANDALONE=38087], networkLocation: /default-rack, certSerialId: null, persistedOpState: IN_SERVICE, persistedOpStateExpiryEpochSec: 0}.
2022-02-05 14:11:08,851 [ReplicationMonitor] INFO  container.ReplicationManager (ReplicationManager.java:sendCloseCommand(1540)) - Sending close container command for container #5 to datanode a9e4676d-d420-4953-9a22-1155643bc4dc{ip: 10.1.0.12, host: fv-az395-167.zfmzfyrfkyou3ow0tsr0jxwq1e.bx.internal.cloudapp.net, ports: [REPLICATION=36585, RATIS=39441, RATIS_ADMIN=39441, RATIS_SERVER=39441, STANDALONE=38087], networkLocation: /default-rack, certSerialId: null, persistedOpState: IN_SERVICE, persistedOpStateExpiryEpochSec: 0}.
2022-02-05 14:11:08,851 [ReplicationMonitor] INFO  container.ReplicationManager (ReplicationManager.java:sendCloseCommand(1540)) - Sending close container command for container #5 to datanode 98dc40bf-7053-48d3-aaeb-09ffe996ad7b{ip: 10.1.0.12, host: fv-az395-167.zfmzfyrfkyou3ow0tsr0jxwq1e.bx.internal.cloudapp.net, ports: [REPLICATION=43315, RATIS=39063, RATIS_ADMIN=39063, RATIS_SERVER=39063, STANDALONE=46797], networkLocation: /default-rack, certSerialId: null, persistedOpState: IN_SERVICE, persistedOpStateExpiryEpochSec: 0}.
2022-02-05 14:11:08,851 [ReplicationMonitor] INFO  container.ReplicationManager (ReplicationManager.java:sendCloseCommand(1540)) - Sending close container command for container #5 to datanode 88908309-47e0-48f9-9e49-b756788925e3{ip: 10.1.0.12, host: fv-az395-167.zfmzfyrfkyou3ow0tsr0jxwq1e.bx.internal.cloudapp.net, ports: [REPLICATION=37151, RATIS=44751, RATIS_ADMIN=44751, RATIS_SERVER=44751, STANDALONE=33165], networkLocation: /default-rack, certSerialId: null, persistedOpState: IN_SERVICE, persistedOpStateExpiryEpochSec: 0}.
2022-02-05 14:11:08,851 [ReplicationMonitor] INFO  container.ReplicationManager (ReplicationManager.java:sendCloseCommand(1540)) - Sending close container command for container #6 to datanode 88908309-47e0-48f9-9e49-b756788925e3{ip: 10.1.0.12, host: fv-az395-167.zfmzfyrfkyou3ow0tsr0jxwq1e.bx.internal.cloudapp.net, ports: [REPLICATION=37151, RATIS=44751, RATIS_ADMIN=44751, RATIS_SERVER=44751, STANDALONE=33165], networkLocation: /default-rack, certSerialId: null, persistedOpState: IN_SERVICE, persistedOpStateExpiryEpochSec: 0}.
2022-02-05 14:11:08,852 [ReplicationMonitor] INFO  container.ReplicationManager (ReplicationManager.java:sendCloseCommand(1540)) - Sending close container command for container #6 to datanode 98dc40bf-7053-48d3-aaeb-09ffe996ad7b{ip: 10.1.0.12, host: fv-az395-167.zfmzfyrfkyou3ow0tsr0jxwq1e.bx.internal.cloudapp.net, ports: [REPLICATION=43315, RATIS=39063, RATIS_ADMIN=39063, RATIS_SERVER=39063, STANDALONE=46797], networkLocation: /default-rack, certSerialId: null, persistedOpState: IN_SERVICE, persistedOpStateExpiryEpochSec: 0}.
2022-02-05 14:11:08,852 [ReplicationMonitor] INFO  container.ReplicationManager (ReplicationManager.java:sendCloseCommand(1540)) - Sending close container command for container #6 to datanode a9e4676d-d420-4953-9a22-1155643bc4dc{ip: 10.1.0.12, host: fv-az395-167.zfmzfyrfkyou3ow0tsr0jxwq1e.bx.internal.cloudapp.net, ports: [REPLICATION=36585, RATIS=39441, RATIS_ADMIN=39441, RATIS_SERVER=39441, STANDALONE=38087], networkLocation: /default-rack, certSerialId: null, persistedOpState: IN_SERVICE, persistedOpStateExpiryEpochSec: 0}.
2022-02-05 14:11:08,852 [ReplicationMonitor] INFO  container.ReplicationManager (ReplicationManager.java:processAll(387)) - Replication Monitor Thread took 1 milliseconds for processing 6 containers.
2022-02-05 14:11:09,463 [EventQueue-DeadNodeForDeadNodeHandler] INFO  node.DeadNodeHandler (DeadNodeHandler.java:onMessage(80)) - A dead datanode is detected. bc9731cf-0533-4714-9290-366f627705f1{ip: 10.1.0.12, host: fv-az395-167.zfmzfyrfkyou3ow0tsr0jxwq1e.bx.internal.cloudapp.net, ports: [REPLICATION=41631, RATIS=42151, RATIS_ADMIN=42151, RATIS_SERVER=42151, STANDALONE=36739], networkLocation: /default-rack, certSerialId: null, persistedOpState: IN_SERVICE, persistedOpStateExpiryEpochSec: 0}
2022-02-05 14:11:09,463 [EventQueue-DeadNodeForDeadNodeHandler] INFO  pipeline.RatisPipelineProvider (RatisPipelineProvider.java:lambda$close$1(222)) - Send pipeline:PipelineID=969af437-f1f8-4fb6-b558-0478adb54f6e close command to datanode bc9731cf-0533-4714-9290-366f627705f1
2022-02-05 14:11:09,465 [EventQueue-DeadNodeForDeadNodeHandler] INFO  pipeline.PipelineStateManagerImpl (PipelineStateManagerImpl.java:removePipeline(223)) - Pipeline Pipeline[ Id: 969af437-f1f8-4fb6-b558-0478adb54f6e, Nodes: bc9731cf-0533-4714-9290-366f627705f1{ip: 10.1.0.12, host: fv-az395-167.zfmzfyrfkyou3ow0tsr0jxwq1e.bx.internal.cloudapp.net, ports: [REPLICATION=41631, RATIS=42151, RATIS_ADMIN=42151, RATIS_SERVER=42151, STANDALONE=36739], networkLocation: /default-rack, certSerialId: null, persistedOpState: IN_SERVICE, persistedOpStateExpiryEpochSec: 0}, ReplicationConfig: RATIS/ONE, State:CLOSED, leaderId:bc9731cf-0533-4714-9290-366f627705f1, CreationTimestamp2022-02-05T14:10:55.801Z[Etc/UTC]] removed.
2022-02-05 14:11:09,466 [EventQueue-DeadNodeForDeadNodeHandler] INFO  net.NetworkTopologyImpl (NetworkTopologyImpl.java:remove(137)) - Removed a node: /default-rack/bc9731cf-0533-4714-9290-366f627705f1
2022-02-05 14:11:09,763 [EventQueue-DeadNodeForDeadNodeHandler] INFO  node.DeadNodeHandler (DeadNodeHandler.java:onMessage(80)) - A dead datanode is detected. 88908309-47e0-48f9-9e49-b756788925e3{ip: 10.1.0.12, host: fv-az395-167.zfmzfyrfkyou3ow0tsr0jxwq1e.bx.internal.cloudapp.net, ports: [REPLICATION=37151, RATIS=44751, RATIS_ADMIN=44751, RATIS_SERVER=44751, STANDALONE=33165], networkLocation: /default-rack, certSerialId: null, persistedOpState: IN_SERVICE, persistedOpStateExpiryEpochSec: 0}
2022-02-05 14:11:09,764 [EventQueue-DeadNodeForDeadNodeHandler] INFO  pipeline.RatisPipelineProvider (RatisPipelineProvider.java:lambda$close$1(222)) - Send pipeline:PipelineID=7eb02b77-14fa-4fda-860e-1306ff6df037 close command to datanode 88908309-47e0-48f9-9e49-b756788925e3
2022-02-05 14:11:09,764 [EventQueue-DeadNodeForDeadNodeHandler] INFO  pipeline.PipelineStateManagerImpl (PipelineStateManagerImpl.java:removePipeline(223)) - Pipeline Pipeline[ Id: 7eb02b77-14fa-4fda-860e-1306ff6df037, Nodes: 88908309-47e0-48f9-9e49-b756788925e3{ip: 10.1.0.12, host: fv-az395-167.zfmzfyrfkyou3ow0tsr0jxwq1e.bx.internal.cloudapp.net, ports: [REPLICATION=37151, RATIS=44751, RATIS_ADMIN=44751, RATIS_SERVER=44751, STANDALONE=33165], networkLocation: /default-rack, certSerialId: null, persistedOpState: IN_SERVICE, persistedOpStateExpiryEpochSec: 0}, ReplicationConfig: RATIS/ONE, State:CLOSED, leaderId:88908309-47e0-48f9-9e49-b756788925e3, CreationTimestamp2022-02-05T14:10:55.801Z[Etc/UTC]] removed.
2022-02-05 14:11:09,764 [EventQueue-DeadNodeForDeadNodeHandler] INFO  pipeline.RatisPipelineProvider (RatisPipelineProvider.java:lambda$close$1(222)) - Send pipeline:PipelineID=47c9c572-1cef-4429-ab22-676a59100acc close command to datanode 98dc40bf-7053-48d3-aaeb-09ffe996ad7b
2022-02-05 14:11:09,764 [EventQueue-DeadNodeForDeadNodeHandler] INFO  pipeline.RatisPipelineProvider (RatisPipelineProvider.java:lambda$close$1(222)) - Send pipeline:PipelineID=47c9c572-1cef-4429-ab22-676a59100acc close command to datanode a9e4676d-d420-4953-9a22-1155643bc4dc
2022-02-05 14:11:09,764 [EventQueue-DeadNodeForDeadNodeHandler] INFO  pipeline.RatisPipelineProvider (RatisPipelineProvider.java:lambda$close$1(222)) - Send pipeline:PipelineID=47c9c572-1cef-4429-ab22-676a59100acc close command to datanode 88908309-47e0-48f9-9e49-b756788925e3
2022-02-05 14:11:09,764 [EventQueue-DeadNodeForDeadNodeHandler] INFO  pipeline.PipelineStateManagerImpl (PipelineStateManagerImpl.java:removePipeline(223)) - Pipeline Pipeline[ Id: 47c9c572-1cef-4429-ab22-676a59100acc, Nodes: 98dc40bf-7053-48d3-aaeb-09ffe996ad7b{ip: 10.1.0.12, host: fv-az395-167.zfmzfyrfkyou3ow0tsr0jxwq1e.bx.internal.cloudapp.net, ports: [REPLICATION=43315, RATIS=39063, RATIS_ADMIN=39063, RATIS_SERVER=39063, STANDALONE=46797], networkLocation: /default-rack, certSerialId: null, persistedOpState: IN_SERVICE, persistedOpStateExpiryEpochSec: 0}a9e4676d-d420-4953-9a22-1155643bc4dc{ip: 10.1.0.12, host: fv-az395-167.zfmzfyrfkyou3ow0tsr0jxwq1e.bx.internal.cloudapp.net, ports: [REPLICATION=36585, RATIS=39441, RATIS_ADMIN=39441, RATIS_SERVER=39441, STANDALONE=38087], networkLocation: /default-rack, certSerialId: null, persistedOpState: IN_SERVICE, persistedOpStateExpiryEpochSec: 0}88908309-47e0-48f9-9e49-b756788925e3{ip: 10.1.0.12, host: fv-az395-167.zfmzfyrfkyou3ow0tsr0jxwq1e.bx.internal.cloudapp.net, ports: [REPLICATION=37151, RATIS=44751, RATIS_ADMIN=44751, RATIS_SERVER=44751, STANDALONE=33165], networkLocation: /default-rack, certSerialId: null, persistedOpState: IN_SERVICE, persistedOpStateExpiryEpochSec: 0}, ReplicationConfig: RATIS/THREE, State:CLOSED, leaderId:88908309-47e0-48f9-9e49-b756788925e3, CreationTimestamp2022-02-05T14:10:55.801Z[Etc/UTC]] removed.
2022-02-05 14:11:09,765 [EventQueue-DeadNodeForDeadNodeHandler] INFO  net.NetworkTopologyImpl (NetworkTopologyImpl.java:remove(137)) - Removed a node: /default-rack/88908309-47e0-48f9-9e49-b756788925e3
2022-02-05 14:11:09,852 [ReplicationMonitor] INFO  container.ReplicationManager (ReplicationManager.java:handleUnderReplicatedContainer(1224)) - Container #1 is under replicated. Expected replica count is 3, but found 1.
2022-02-05 14:11:09,852 [ReplicationMonitor] INFO  container.ReplicationManager (ReplicationManager.java:sendReplicateCommand(1578)) - Sending replicate container command for container #1 to datanode 98dc40bf-7053-48d3-aaeb-09ffe996ad7b{ip: 10.1.0.12, host: fv-az395-167.zfmzfyrfkyou3ow0tsr0jxwq1e.bx.internal.cloudapp.net, ports: [REPLICATION=43315, RATIS=39063, RATIS_ADMIN=39063, RATIS_SERVER=39063, STANDALONE=46797], networkLocation: /default-rack, certSerialId: null, persistedOpState: IN_SERVICE, persistedOpStateExpiryEpochSec: 0} from datanodes [48bbbb7e-c5e6-4f0e-a975-92be06ce07fc{ip: 10.1.0.12, host: fv-az395-167.zfmzfyrfkyou3ow0tsr0jxwq1e.bx.internal.cloudapp.net, ports: [REPLICATION=36929, RATIS=34609, RATIS_ADMIN=34609, RATIS_SERVER=34609, STANDALONE=45127], networkLocation: /default-rack, certSerialId: null, persistedOpState: IN_SERVICE, persistedOpStateExpiryEpochSec: 0}]
2022-02-05 14:11:09,852 [ReplicationMonitor] INFO  container.ReplicationManager (ReplicationManager.java:sendReplicateCommand(1578)) - Sending replicate container command for container #1 to datanode a9e4676d-d420-4953-9a22-1155643bc4dc{ip: 10.1.0.12, host: fv-az395-167.zfmzfyrfkyou3ow0tsr0jxwq1e.bx.internal.cloudapp.net, ports: [REPLICATION=36585, RATIS=39441, RATIS_ADMIN=39441, RATIS_SERVER=39441, STANDALONE=38087], networkLocation: /default-rack, certSerialId: null, persistedOpState: IN_SERVICE, persistedOpStateExpiryEpochSec: 0} from datanodes [48bbbb7e-c5e6-4f0e-a975-92be06ce07fc{ip: 10.1.0.12, host: fv-az395-167.zfmzfyrfkyou3ow0tsr0jxwq1e.bx.internal.cloudapp.net, ports: [REPLICATION=36929, RATIS=34609, RATIS_ADMIN=34609, RATIS_SERVER=34609, STANDALONE=45127], networkLocation: /default-rack, certSerialId: null, persistedOpState: IN_SERVICE, persistedOpStateExpiryEpochSec: 0}]
2022-02-05 14:11:09,852 [ReplicationMonitor] INFO  container.ReplicationManager (ReplicationManager.java:handleUnderReplicatedContainer(1224)) - Container #2 is under replicated. Expected replica count is 3, but found 1.
2022-02-05 14:11:09,852 [ReplicationMonitor] INFO  container.ReplicationManager (ReplicationManager.java:sendReplicateCommand(1578)) - Sending replicate container command for container #2 to datanode 98dc40bf-7053-48d3-aaeb-09ffe996ad7b{ip: 10.1.0.12, host: fv-az395-167.zfmzfyrfkyou3ow0tsr0jxwq1e.bx.internal.cloudapp.net, ports: [REPLICATION=43315, RATIS=39063, RATIS_ADMIN=39063, RATIS_SERVER=39063, STANDALONE=46797], networkLocation: /default-rack, certSerialId: null, persistedOpState: IN_SERVICE, persistedOpStateExpiryEpochSec: 0} from datanodes [48bbbb7e-c5e6-4f0e-a975-92be06ce07fc{ip: 10.1.0.12, host: fv-az395-167.zfmzfyrfkyou3ow0tsr0jxwq1e.bx.internal.cloudapp.net, ports: [REPLICATION=36929, RATIS=34609, RATIS_ADMIN=34609, RATIS_SERVER=34609, STANDALONE=45127], networkLocation: /default-rack, certSerialId: null, persistedOpState: IN_SERVICE, persistedOpStateExpiryEpochSec: 0}]
2022-02-05 14:11:09,852 [ReplicationMonitor] INFO  container.ReplicationManager (ReplicationManager.java:sendReplicateCommand(1578)) - Sending replicate container command for container #2 to datanode a9e4676d-d420-4953-9a22-1155643bc4dc{ip: 10.1.0.12, host: fv-az395-167.zfmzfyrfkyou3ow0tsr0jxwq1e.bx.internal.cloudapp.net, ports: [REPLICATION=36585, RATIS=39441, RATIS_ADMIN=39441, RATIS_SERVER=39441, STANDALONE=38087], networkLocation: /default-rack, certSerialId: null, persistedOpState: IN_SERVICE, persistedOpStateExpiryEpochSec: 0} from datanodes [48bbbb7e-c5e6-4f0e-a975-92be06ce07fc{ip: 10.1.0.12, host: fv-az395-167.zfmzfyrfkyou3ow0tsr0jxwq1e.bx.internal.cloudapp.net, ports: [REPLICATION=36929, RATIS=34609, RATIS_ADMIN=34609, RATIS_SERVER=34609, STANDALONE=45127], networkLocation: /default-rack, certSerialId: null, persistedOpState: IN_SERVICE, persistedOpStateExpiryEpochSec: 0}]
2022-02-05 14:11:09,853 [ReplicationMonitor] INFO  container.ReplicationManager (ReplicationManager.java:handleUnderReplicatedContainer(1224)) - Container #3 is under replicated. Expected replica count is 3, but found 2.
2022-02-05 14:11:09,853 [ReplicationMonitor] INFO  container.ReplicationManager (ReplicationManager.java:sendReplicateCommand(1578)) - Sending replicate container command for container #3 to datanode 98dc40bf-7053-48d3-aaeb-09ffe996ad7b{ip: 10.1.0.12, host: fv-az395-167.zfmzfyrfkyou3ow0tsr0jxwq1e.bx.internal.cloudapp.net, ports: [REPLICATION=43315, RATIS=39063, RATIS_ADMIN=39063, RATIS_SERVER=39063, STANDALONE=46797], networkLocation: /default-rack, certSerialId: null, persistedOpState: IN_SERVICE, persistedOpStateExpiryEpochSec: 0} from datanodes [a9e4676d-d420-4953-9a22-1155643bc4dc{ip: 10.1.0.12, host: fv-az395-167.zfmzfyrfkyou3ow0tsr0jxwq1e.bx.internal.cloudapp.net, ports: [REPLICATION=36585, RATIS=39441, RATIS_ADMIN=39441, RATIS_SERVER=39441, STANDALONE=38087], networkLocation: /default-rack, certSerialId: null, persistedOpState: IN_SERVICE, persistedOpStateExpiryEpochSec: 0}, 48bbbb7e-c5e6-4f0e-a975-92be06ce07fc{ip: 10.1.0.12, host: fv-az395-167.zfmzfyrfkyou3ow0tsr0jxwq1e.bx.internal.cloudapp.net, ports: [REPLICATION=36929, RATIS=34609, RATIS_ADMIN=34609, RATIS_SERVER=34609, STANDALONE=45127], networkLocation: /default-rack, certSerialId: null, persistedOpState: IN_SERVICE, persistedOpStateExpiryEpochSec: 0}]
2022-02-05 14:11:09,853 [ReplicationMonitor] INFO  container.ReplicationManager (ReplicationManager.java:sendCloseCommand(1540)) - Sending close container command for container #4 to datanode 98dc40bf-7053-48d3-aaeb-09ffe996ad7b{ip: 10.1.0.12, host: fv-az395-167.zfmzfyrfkyou3ow0tsr0jxwq1e.bx.internal.cloudapp.net, ports: [REPLICATION=43315, RATIS=39063, RATIS_ADMIN=39063, RATIS_SERVER=39063, STANDALONE=46797], networkLocation: /default-rack, certSerialId: null, persistedOpState: IN_SERVICE, persistedOpStateExpiryEpochSec: 0}.
2022-02-05 14:11:09,853 [ReplicationMonitor] INFO  container.ReplicationManager (ReplicationManager.java:sendCloseCommand(1540)) - Sending close container command for container #4 to datanode a9e4676d-d420-4953-9a22-1155643bc4dc{ip: 10.1.0.12, host: fv-az395-167.zfmzfyrfkyou3ow0tsr0jxwq1e.bx.internal.cloudapp.net, ports: [REPLICATION=36585, RATIS=39441, RATIS_ADMIN=39441, RATIS_SERVER=39441, STANDALONE=38087], networkLocation: /default-rack, certSerialId: null, persistedOpState: IN_SERVICE, persistedOpStateExpiryEpochSec: 0}.
2022-02-05 14:11:09,853 [ReplicationMonitor] INFO  container.ReplicationManager (ReplicationManager.java:sendCloseCommand(1540)) - Sending close container command for container #5 to datanode a9e4676d-d420-4953-9a22-1155643bc4dc{ip: 10.1.0.12, host: fv-az395-167.zfmzfyrfkyou3ow0tsr0jxwq1e.bx.internal.cloudapp.net, ports: [REPLICATION=36585, RATIS=39441, RATIS_ADMIN=39441, RATIS_SERVER=39441, STANDALONE=38087], networkLocation: /default-rack, certSerialId: null, persistedOpState: IN_SERVICE, persistedOpStateExpiryEpochSec: 0}.
2022-02-05 14:11:09,853 [ReplicationMonitor] INFO  container.ReplicationManager (ReplicationManager.java:sendCloseCommand(1540)) - Sending close container command for container #5 to datanode 98dc40bf-7053-48d3-aaeb-09ffe996ad7b{ip: 10.1.0.12, host: fv-az395-167.zfmzfyrfkyou3ow0tsr0jxwq1e.bx.internal.cloudapp.net, ports: [REPLICATION=43315, RATIS=39063, RATIS_ADMIN=39063, RATIS_SERVER=39063, STANDALONE=46797], networkLocation: /default-rack, certSerialId: null, persistedOpState: IN_SERVICE, persistedOpStateExpiryEpochSec: 0}.
2022-02-05 14:11:09,853 [ReplicationMonitor] INFO  container.ReplicationManager (ReplicationManager.java:sendCloseCommand(1540)) - Sending close container command for container #6 to datanode 98dc40bf-7053-48d3-aaeb-09ffe996ad7b{ip: 10.1.0.12, host: fv-az395-167.zfmzfyrfkyou3ow0tsr0jxwq1e.bx.internal.cloudapp.net, ports: [REPLICATION=43315, RATIS=39063, RATIS_ADMIN=39063, RATIS_SERVER=39063, STANDALONE=46797], networkLocation: /default-rack, certSerialId: null, persistedOpState: IN_SERVICE, persistedOpStateExpiryEpochSec: 0}.
2022-02-05 14:11:09,853 [ReplicationMonitor] INFO  container.ReplicationManager (ReplicationManager.java:sendCloseCommand(1540)) - Sending close container command for container #6 to datanode a9e4676d-d420-4953-9a22-1155643bc4dc{ip: 10.1.0.12, host: fv-az395-167.zfmzfyrfkyou3ow0tsr0jxwq1e.bx.internal.cloudapp.net, ports: [REPLICATION=36585, RATIS=39441, RATIS_ADMIN=39441, RATIS_SERVER=39441, STANDALONE=38087], networkLocation: /default-rack, certSerialId: null, persistedOpState: IN_SERVICE, persistedOpStateExpiryEpochSec: 0}.
2022-02-05 14:11:09,853 [ReplicationMonitor] INFO  container.ReplicationManager (ReplicationManager.java:processAll(387)) - Replication Monitor Thread took 1 milliseconds for processing 6 containers.
2022-02-05 14:11:10,392 [Mini-Cluster-Provider-Reap] INFO  statemachine.DatanodeStateMachine (DatanodeStateMachine.java:stopDaemon(529)) - Ozone container server stopped.
2022-02-05 14:11:10,393 [Mini-Cluster-Provider-Reap] INFO  handler.ContextHandler (ContextHandler.java:doStop(1153)) - Stopped o.e.j.w.WebAppContext@4cdce348{hddsDatanode,/,null,STOPPED}{jar:file:/home/runner/.m2/repository/org/apache/ozone/hdds-container-service/1.3.0-SNAPSHOT/hdds-container-service-1.3.0-SNAPSHOT.jar!/webapps/hddsDatanode}
2022-02-05 14:11:10,394 [Mini-Cluster-Provider-Reap] INFO  server.AbstractConnector (AbstractConnector.java:doStop(381)) - Stopped ServerConnector@25a7e114{HTTP/1.1, (http/1.1)}{0.0.0.0:0}
2022-02-05 14:11:10,394 [Mini-Cluster-Provider-Reap] INFO  server.session (HouseKeeper.java:stopScavenging(149)) - node0 Stopped scavenging
2022-02-05 14:11:10,395 [Mini-Cluster-Provider-Reap] INFO  handler.ContextHandler (ContextHandler.java:doStop(1153)) - Stopped o.e.j.s.ServletContextHandler@59f942d4{static,/static,jar:file:/home/runner/.m2/repository/org/apache/ozone/hdds-container-service/1.3.0-SNAPSHOT/hdds-container-service-1.3.0-SNAPSHOT.jar!/webapps/static,STOPPED}
2022-02-05 14:11:10,395 [Mini-Cluster-Provider-Reap] INFO  handler.ContextHandler (ContextHandler.java:doStop(1153)) - Stopped o.e.j.s.ServletContextHandler@2e8c2192{logs,/logs,file:///home/runner/work/ozone/ozone/hadoop-ozone/integration-test/target/log,STOPPED}
2022-02-05 14:11:10,519 [ForkJoinPool.commonPool-worker-1] INFO  statemachine.DatanodeStateMachine (DatanodeStateMachine.java:stopDaemon(529)) - Ozone container server stopped.
2022-02-05 14:11:10,520 [ForkJoinPool.commonPool-worker-1] INFO  handler.ContextHandler (ContextHandler.java:doStop(1153)) - Stopped o.e.j.w.WebAppContext@4168782d{hddsDatanode,/,null,STOPPED}{jar:file:/home/runner/.m2/repository/org/apache/ozone/hdds-container-service/1.3.0-SNAPSHOT/hdds-container-service-1.3.0-SNAPSHOT.jar!/webapps/hddsDatanode}
2022-02-05 14:11:10,523 [ForkJoinPool.commonPool-worker-1] INFO  server.AbstractConnector (AbstractConnector.java:doStop(381)) - Stopped ServerConnector@6ac8336c{HTTP/1.1, (http/1.1)}{0.0.0.0:0}
2022-02-05 14:11:10,524 [ForkJoinPool.commonPool-worker-1] INFO  server.session (HouseKeeper.java:stopScavenging(149)) - node0 Stopped scavenging
2022-02-05 14:11:10,524 [ForkJoinPool.commonPool-worker-1] INFO  handler.ContextHandler (ContextHandler.java:doStop(1153)) - Stopped o.e.j.s.ServletContextHandler@4e8717d7{static,/static,jar:file:/home/runner/.m2/repository/org/apache/ozone/hdds-container-service/1.3.0-SNAPSHOT/hdds-container-service-1.3.0-SNAPSHOT.jar!/webapps/static,STOPPED}
2022-02-05 14:11:10,524 [ForkJoinPool.commonPool-worker-1] INFO  handler.ContextHandler (ContextHandler.java:doStop(1153)) - Stopped o.e.j.s.ServletContextHandler@55ee0433{logs,/logs,file:///home/runner/work/ozone/ozone/hadoop-ozone/integration-test/target/log,STOPPED}
2022-02-05 14:11:10,853 [ReplicationMonitor] INFO  container.ReplicationManager (ReplicationManager.java:sendCloseCommand(1540)) - Sending close container command for container #4 to datanode 98dc40bf-7053-48d3-aaeb-09ffe996ad7b{ip: 10.1.0.12, host: fv-az395-167.zfmzfyrfkyou3ow0tsr0jxwq1e.bx.internal.cloudapp.net, ports: [REPLICATION=43315, RATIS=39063, RATIS_ADMIN=39063, RATIS_SERVER=39063, STANDALONE=46797], networkLocation: /default-rack, certSerialId: null, persistedOpState: IN_SERVICE, persistedOpStateExpiryEpochSec: 0}.
2022-02-05 14:11:10,854 [ReplicationMonitor] INFO  container.ReplicationManager (ReplicationManager.java:sendCloseCommand(1540)) - Sending close container command for container #4 to datanode a9e4676d-d420-4953-9a22-1155643bc4dc{ip: 10.1.0.12, host: fv-az395-167.zfmzfyrfkyou3ow0tsr0jxwq1e.bx.internal.cloudapp.net, ports: [REPLICATION=36585, RATIS=39441, RATIS_ADMIN=39441, RATIS_SERVER=39441, STANDALONE=38087], networkLocation: /default-rack, certSerialId: null, persistedOpState: IN_SERVICE, persistedOpStateExpiryEpochSec: 0}.
2022-02-05 14:11:10,854 [ReplicationMonitor] INFO  container.ReplicationManager (ReplicationManager.java:sendCloseCommand(1540)) - Sending close container command for container #5 to datanode a9e4676d-d420-4953-9a22-1155643bc4dc{ip: 10.1.0.12, host: fv-az395-167.zfmzfyrfkyou3ow0tsr0jxwq1e.bx.internal.cloudapp.net, ports: [REPLICATION=36585, RATIS=39441, RATIS_ADMIN=39441, RATIS_SERVER=39441, STANDALONE=38087], networkLocation: /default-rack, certSerialId: null, persistedOpState: IN_SERVICE, persistedOpStateExpiryEpochSec: 0}.
2022-02-05 14:11:10,854 [ReplicationMonitor] INFO  container.ReplicationManager (ReplicationManager.java:sendCloseCommand(1540)) - Sending close container command for container #5 to datanode 98dc40bf-7053-48d3-aaeb-09ffe996ad7b{ip: 10.1.0.12, host: fv-az395-167.zfmzfyrfkyou3ow0tsr0jxwq1e.bx.internal.cloudapp.net, ports: [REPLICATION=43315, RATIS=39063, RATIS_ADMIN=39063, RATIS_SERVER=39063, STANDALONE=46797], networkLocation: /default-rack, certSerialId: null, persistedOpState: IN_SERVICE, persistedOpStateExpiryEpochSec: 0}.
2022-02-05 14:11:10,854 [ReplicationMonitor] INFO  container.ReplicationManager (ReplicationManager.java:sendCloseCommand(1540)) - Sending close container command for container #6 to datanode 98dc40bf-7053-48d3-aaeb-09ffe996ad7b{ip: 10.1.0.12, host: fv-az395-167.zfmzfyrfkyou3ow0tsr0jxwq1e.bx.internal.cloudapp.net, ports: [REPLICATION=43315, RATIS=39063, RATIS_ADMIN=39063, RATIS_SERVER=39063, STANDALONE=46797], networkLocation: /default-rack, certSerialId: null, persistedOpState: IN_SERVICE, persistedOpStateExpiryEpochSec: 0}.
2022-02-05 14:11:10,854 [ReplicationMonitor] INFO  container.ReplicationManager (ReplicationManager.java:sendCloseCommand(1540)) - Sending close container command for container #6 to datanode a9e4676d-d420-4953-9a22-1155643bc4dc{ip: 10.1.0.12, host: fv-az395-167.zfmzfyrfkyou3ow0tsr0jxwq1e.bx.internal.cloudapp.net, ports: [REPLICATION=36585, RATIS=39441, RATIS_ADMIN=39441, RATIS_SERVER=39441, STANDALONE=38087], networkLocation: /default-rack, certSerialId: null, persistedOpState: IN_SERVICE, persistedOpStateExpiryEpochSec: 0}.
2022-02-05 14:11:10,854 [ReplicationMonitor] INFO  container.ReplicationManager (ReplicationManager.java:processAll(387)) - Replication Monitor Thread took 0 milliseconds for processing 6 containers.
2022-02-05 14:11:11,468 [EventQueue-PipelineReportForPipelineReportHandler] INFO  pipeline.PipelineReportHandler (PipelineReportHandler.java:processPipelineReport(113)) - Reported pipeline PipelineID=47c9c572-1cef-4429-ab22-676a59100acc is not found
2022-02-05 14:11:11,468 [Command processor thread] INFO  server.RaftServer (RaftServerProxy.java:remove(106)) - 98dc40bf-7053-48d3-aaeb-09ffe996ad7b: remove  FOLLOWER 98dc40bf-7053-48d3-aaeb-09ffe996ad7b@group-676A59100ACC:t2, leader=88908309-47e0-48f9-9e49-b756788925e3, voted=88908309-47e0-48f9-9e49-b756788925e3, raftlog=98dc40bf-7053-48d3-aaeb-09ffe996ad7b@group-676A59100ACC-SegmentedRaftLog:OPENED:c30, conf=0: [88908309-47e0-48f9-9e49-b756788925e3|rpc:10.1.0.12:44751|dataStream:|priority:1, a9e4676d-d420-4953-9a22-1155643bc4dc|rpc:10.1.0.12:39441|dataStream:|priority:0, 98dc40bf-7053-48d3-aaeb-09ffe996ad7b|rpc:10.1.0.12:39063|dataStream:|priority:0], old=null RUNNING
2022-02-05 14:11:11,468 [Command processor thread] INFO  server.RaftServer$Division (RaftServerImpl.java:lambda$close$4(412)) - 98dc40bf-7053-48d3-aaeb-09ffe996ad7b@group-676A59100ACC: shutdown
2022-02-05 14:11:11,468 [Command processor thread] INFO  util.JmxRegister (JmxRegister.java:unregister(73)) - Successfully un-registered JMX Bean with object name Ratis:service=RaftServer,group=group-676A59100ACC,id=98dc40bf-7053-48d3-aaeb-09ffe996ad7b
2022-02-05 14:11:11,468 [Command processor thread] INFO  impl.RoleInfo (RoleInfo.java:shutdownFollowerState(108)) - 98dc40bf-7053-48d3-aaeb-09ffe996ad7b: shutdown 98dc40bf-7053-48d3-aaeb-09ffe996ad7b@group-676A59100ACC-FollowerState
2022-02-05 14:11:11,468 [Command processor thread] INFO  impl.StateMachineUpdater (StateMachineUpdater.java:stopAndJoin(149)) - 98dc40bf-7053-48d3-aaeb-09ffe996ad7b@group-676A59100ACC-StateMachineUpdater: set stopIndex = 30
2022-02-05 14:11:11,468 [98dc40bf-7053-48d3-aaeb-09ffe996ad7b@group-676A59100ACC-FollowerState] INFO  impl.FollowerState (FollowerState.java:run(143)) - 98dc40bf-7053-48d3-aaeb-09ffe996ad7b@group-676A59100ACC-FollowerState was interrupted: {}
java.lang.InterruptedException: sleep interrupted
	at java.lang.Thread.sleep(Native Method)
	at java.lang.Thread.sleep(Thread.java:340)
	at java.util.concurrent.TimeUnit.sleep(TimeUnit.java:386)
	at org.apache.ratis.util.TimeDuration.sleep(TimeDuration.java:324)
	at org.apache.ratis.util.TimeDuration.sleep(TimeDuration.java:309)
	at org.apache.ratis.server.impl.FollowerState.run(FollowerState.java:118)
2022-02-05 14:11:11,469 [98dc40bf-7053-48d3-aaeb-09ffe996ad7b@group-676A59100ACC-StateMachineUpdater] INFO  ratis.ContainerStateMachine (ContainerStateMachine.java:takeSnapshot(299)) - group-676A59100ACC: Taking a snapshot at:(t:2, i:30) file /home/runner/work/ozone/ozone/hadoop-ozone/integration-test/target/test-dir/MiniOzoneClusterImpl-fb33837e-59ba-4f66-b45a-2fc6b23e16fb/datanode-0/data/ratis/47c9c572-1cef-4429-ab22-676a59100acc/sm/snapshot.2_30
2022-02-05 14:11:11,472 [98dc40bf-7053-48d3-aaeb-09ffe996ad7b@group-676A59100ACC-StateMachineUpdater] INFO  ratis.ContainerStateMachine (ContainerStateMachine.java:takeSnapshot(310)) - group-676A59100ACC: Finished taking a snapshot at:(t:2, i:30) file:/home/runner/work/ozone/ozone/hadoop-ozone/integration-test/target/test-dir/MiniOzoneClusterImpl-fb33837e-59ba-4f66-b45a-2fc6b23e16fb/datanode-0/data/ratis/47c9c572-1cef-4429-ab22-676a59100acc/sm/snapshot.2_30 took: 4 ms
2022-02-05 14:11:11,473 [98dc40bf-7053-48d3-aaeb-09ffe996ad7b@group-676A59100ACC-StateMachineUpdater] INFO  impl.StateMachineUpdater (StateMachineUpdater.java:takeSnapshot(281)) - 98dc40bf-7053-48d3-aaeb-09ffe996ad7b@group-676A59100ACC-StateMachineUpdater: Took a snapshot at index 30
2022-02-05 14:11:11,473 [98dc40bf-7053-48d3-aaeb-09ffe996ad7b@group-676A59100ACC-StateMachineUpdater] INFO  impl.StateMachineUpdater (StateMachineUpdater.java:lambda$new$0(89)) - 98dc40bf-7053-48d3-aaeb-09ffe996ad7b@group-676A59100ACC-StateMachineUpdater: snapshotIndex: updateIncreasingly -1 -> 30
2022-02-05 14:11:11,474 [Command processor thread] INFO  server.RaftServer$Division (ServerState.java:close(419)) - 98dc40bf-7053-48d3-aaeb-09ffe996ad7b@group-676A59100ACC: closes. applyIndex: 30
2022-02-05 14:11:11,474 [98dc40bf-7053-48d3-aaeb-09ffe996ad7b@group-676A59100ACC-SegmentedRaftLogWorker] INFO  segmented.SegmentedRaftLogWorker (SegmentedRaftLogWorker.java:run(327)) - 98dc40bf-7053-48d3-aaeb-09ffe996ad7b@group-676A59100ACC-SegmentedRaftLogWorker was interrupted, exiting. There are 0 tasks remaining in the queue.
2022-02-05 14:11:11,474 [Command processor thread] INFO  segmented.SegmentedRaftLogWorker (SegmentedRaftLogWorker.java:close(237)) - 98dc40bf-7053-48d3-aaeb-09ffe996ad7b@group-676A59100ACC-SegmentedRaftLogWorker close()
2022-02-05 14:11:11,542 [Command processor thread] INFO  keyvalue.KeyValueContainer (KeyValueContainer.java:flushAndSyncDB(401)) - Container 4 is synced with bcsId 24.
2022-02-05 14:11:11,543 [Command processor thread] INFO  keyvalue.KeyValueContainer (KeyValueContainer.java:flushAndSyncDB(401)) - Container 4 is synced with bcsId 24.
2022-02-05 14:11:11,552 [EventQueue-IncrementalContainerReportForIncrementalContainerReportHandler] INFO  container.IncrementalContainerReportHandler (AbstractContainerReportHandler.java:updateContainerState(216)) - Moving container #4 to QUASI_CLOSED state, datanode 98dc40bf-7053-48d3-aaeb-09ffe996ad7b{ip: 10.1.0.12, host: fv-az395-167.zfmzfyrfkyou3ow0tsr0jxwq1e.bx.internal.cloudapp.net, ports: [REPLICATION=43315, RATIS=39063, RATIS_ADMIN=39063, RATIS_SERVER=39063, STANDALONE=46797], networkLocation: /default-rack, certSerialId: null, persistedOpState: IN_SERVICE, persistedOpStateExpiryEpochSec: 0} reported QUASI_CLOSED replica.
2022-02-05 14:11:11,631 [Command processor thread] INFO  keyvalue.KeyValueContainer (KeyValueContainer.java:flushAndSyncDB(401)) - Container 5 is synced with bcsId 28.
2022-02-05 14:11:11,631 [Command processor thread] INFO  keyvalue.KeyValueContainer (KeyValueContainer.java:flushAndSyncDB(401)) - Container 5 is synced with bcsId 28.
2022-02-05 14:11:11,640 [EventQueue-IncrementalContainerReportForIncrementalContainerReportHandler] INFO  container.IncrementalContainerReportHandler (AbstractContainerReportHandler.java:updateContainerState(216)) - Moving container #5 to QUASI_CLOSED state, datanode 98dc40bf-7053-48d3-aaeb-09ffe996ad7b{ip: 10.1.0.12, host: fv-az395-167.zfmzfyrfkyou3ow0tsr0jxwq1e.bx.internal.cloudapp.net, ports: [REPLICATION=43315, RATIS=39063, RATIS_ADMIN=39063, RATIS_SERVER=39063, STANDALONE=46797], networkLocation: /default-rack, certSerialId: null, persistedOpState: IN_SERVICE, persistedOpStateExpiryEpochSec: 0} reported QUASI_CLOSED replica.
2022-02-05 14:11:11,739 [a9e4676d-d420-4953-9a22-1155643bc4dc@group-676A59100ACC-FollowerState] INFO  impl.FollowerState (FollowerState.java:run(134)) - a9e4676d-d420-4953-9a22-1155643bc4dc@group-676A59100ACC-FollowerState: change to CANDIDATE, lastRpcElapsedTime:7764263301ns, electionTimeout:5181ms
2022-02-05 14:11:11,740 [a9e4676d-d420-4953-9a22-1155643bc4dc@group-676A59100ACC-FollowerState] INFO  impl.RoleInfo (RoleInfo.java:shutdownFollowerState(108)) - a9e4676d-d420-4953-9a22-1155643bc4dc: shutdown a9e4676d-d420-4953-9a22-1155643bc4dc@group-676A59100ACC-FollowerState
2022-02-05 14:11:11,740 [a9e4676d-d420-4953-9a22-1155643bc4dc@group-676A59100ACC-FollowerState] INFO  server.RaftServer$Division (RaftServerImpl.java:setRole(290)) - a9e4676d-d420-4953-9a22-1155643bc4dc@group-676A59100ACC: changes role from  FOLLOWER to CANDIDATE at term 2 for changeToCandidate
2022-02-05 14:11:11,740 [a9e4676d-d420-4953-9a22-1155643bc4dc@group-676A59100ACC-FollowerState] INFO  server.RaftServerConfigKeys (ConfUtils.java:logGet(44)) - raft.server.leaderelection.pre-vote = false (custom)
2022-02-05 14:11:11,740 [a9e4676d-d420-4953-9a22-1155643bc4dc@group-676A59100ACC-FollowerState] INFO  impl.RoleInfo (RoleInfo.java:updateAndGet(130)) - a9e4676d-d420-4953-9a22-1155643bc4dc: start a9e4676d-d420-4953-9a22-1155643bc4dc@group-676A59100ACC-LeaderElection88
2022-02-05 14:11:11,740 [Command processor thread] INFO  keyvalue.KeyValueContainer (KeyValueContainer.java:flushAndSyncDB(401)) - Container 6 is synced with bcsId 20.
2022-02-05 14:11:11,740 [Command processor thread] INFO  keyvalue.KeyValueContainer (KeyValueContainer.java:flushAndSyncDB(401)) - Container 6 is synced with bcsId 20.
2022-02-05 14:11:11,745 [a9e4676d-d420-4953-9a22-1155643bc4dc@group-676A59100ACC-LeaderElection88] INFO  server.RaftServer$Division (ServerState.java:setLeader(285)) - a9e4676d-d420-4953-9a22-1155643bc4dc@group-676A59100ACC: change Leader from 88908309-47e0-48f9-9e49-b756788925e3 to null at term 2 for ELECTION
2022-02-05 14:11:11,749 [a9e4676d-d420-4953-9a22-1155643bc4dc@group-676A59100ACC-LeaderElection88] INFO  impl.LeaderElection (LeaderElection.java:askForVotes(306)) - a9e4676d-d420-4953-9a22-1155643bc4dc@group-676A59100ACC-LeaderElection88 ELECTION round 0: submit vote requests at term 3 for 0: [88908309-47e0-48f9-9e49-b756788925e3|rpc:10.1.0.12:44751|dataStream:|priority:1, a9e4676d-d420-4953-9a22-1155643bc4dc|rpc:10.1.0.12:39441|dataStream:|priority:0, 98dc40bf-7053-48d3-aaeb-09ffe996ad7b|rpc:10.1.0.12:39063|dataStream:|priority:0], old=null
2022-02-05 14:11:11,759 [Command processor thread] INFO  server.RaftServer$Division (RaftServerImpl.java:groupRemove(382)) - 98dc40bf-7053-48d3-aaeb-09ffe996ad7b@group-676A59100ACC: Succeed to remove RaftStorageDirectory Storage Directory /home/runner/work/ozone/ozone/hadoop-ozone/integration-test/target/test-dir/MiniOzoneClusterImpl-fb33837e-59ba-4f66-b45a-2fc6b23e16fb/datanode-0/data/ratis/47c9c572-1cef-4429-ab22-676a59100acc
2022-02-05 14:11:11,759 [Command processor thread] INFO  commandhandler.ClosePipelineCommandHandler (ClosePipelineCommandHandler.java:handle(78)) - Close Pipeline PipelineID=47c9c572-1cef-4429-ab22-676a59100acc command on datanode 98dc40bf-7053-48d3-aaeb-09ffe996ad7b.
2022-02-05 14:11:11,760 [ContainerReplicationThread-0] INFO  replication.DownloadAndImportReplicator (DownloadAndImportReplicator.java:replicate(105)) - Starting replication of container 1 from [48bbbb7e-c5e6-4f0e-a975-92be06ce07fc{ip: 10.1.0.12, host: fv-az395-167.zfmzfyrfkyou3ow0tsr0jxwq1e.bx.internal.cloudapp.net, ports: [REPLICATION=36929, RATIS=34609, RATIS_ADMIN=34609, RATIS_SERVER=34609, STANDALONE=45127], networkLocation: /default-rack, certSerialId: null, persistedOpState: IN_SERVICE, persistedOpStateExpiryEpochSec: 0}]
2022-02-05 14:11:11,763 [ContainerReplicationThread-1] INFO  replication.DownloadAndImportReplicator (DownloadAndImportReplicator.java:replicate(105)) - Starting replication of container 2 from [48bbbb7e-c5e6-4f0e-a975-92be06ce07fc{ip: 10.1.0.12, host: fv-az395-167.zfmzfyrfkyou3ow0tsr0jxwq1e.bx.internal.cloudapp.net, ports: [REPLICATION=36929, RATIS=34609, RATIS_ADMIN=34609, RATIS_SERVER=34609, STANDALONE=45127], networkLocation: /default-rack, certSerialId: null, persistedOpState: IN_SERVICE, persistedOpStateExpiryEpochSec: 0}]
2022-02-05 14:11:11,771 [ContainerReplicationThread-2] INFO  replication.DownloadAndImportReplicator (DownloadAndImportReplicator.java:replicate(105)) - Starting replication of container 3 from [a9e4676d-d420-4953-9a22-1155643bc4dc{ip: 10.1.0.12, host: fv-az395-167.zfmzfyrfkyou3ow0tsr0jxwq1e.bx.internal.cloudapp.net, ports: [REPLICATION=36585, RATIS=39441, RATIS_ADMIN=39441, RATIS_SERVER=39441, STANDALONE=38087], networkLocation: /default-rack, certSerialId: null, persistedOpState: IN_SERVICE, persistedOpStateExpiryEpochSec: 0}, 48bbbb7e-c5e6-4f0e-a975-92be06ce07fc{ip: 10.1.0.12, host: fv-az395-167.zfmzfyrfkyou3ow0tsr0jxwq1e.bx.internal.cloudapp.net, ports: [REPLICATION=36929, RATIS=34609, RATIS_ADMIN=34609, RATIS_SERVER=34609, STANDALONE=45127], networkLocation: /default-rack, certSerialId: null, persistedOpState: IN_SERVICE, persistedOpStateExpiryEpochSec: 0}]
2022-02-05 14:11:11,803 [a9e4676d-d420-4953-9a22-1155643bc4dc@group-676A59100ACC-LeaderElection88] INFO  impl.LeaderElection (LogUtils.java:infoOrTrace(137)) - a9e4676d-d420-4953-9a22-1155643bc4dc@group-676A59100ACC-LeaderElection88 got exception when requesting votes: java.util.concurrent.ExecutionException: org.apache.ratis.thirdparty.io.grpc.StatusRuntimeException: UNAVAILABLE: io exception
2022-02-05 14:11:11,830 [EventQueue-IncrementalContainerReportForIncrementalContainerReportHandler] INFO  container.IncrementalContainerReportHandler (AbstractContainerReportHandler.java:updateContainerState(216)) - Moving container #6 to QUASI_CLOSED state, datanode 98dc40bf-7053-48d3-aaeb-09ffe996ad7b{ip: 10.1.0.12, host: fv-az395-167.zfmzfyrfkyou3ow0tsr0jxwq1e.bx.internal.cloudapp.net, ports: [REPLICATION=43315, RATIS=39063, RATIS_ADMIN=39063, RATIS_SERVER=39063, STANDALONE=46797], networkLocation: /default-rack, certSerialId: null, persistedOpState: IN_SERVICE, persistedOpStateExpiryEpochSec: 0} reported QUASI_CLOSED replica.
2022-02-05 14:11:11,845 [grpc-default-executor-3] INFO  replication.GrpcReplicationService (GrpcReplicationService.java:download(52)) - Streaming container data (2) to other datanode
2022-02-05 14:11:11,850 [grpc-default-executor-6] WARN  server.GrpcServerProtocolService (LogUtils.java:warn(124)) - 98dc40bf-7053-48d3-aaeb-09ffe996ad7b: Failed requestVote a9e4676d-d420-4953-9a22-1155643bc4dc->98dc40bf-7053-48d3-aaeb-09ffe996ad7b#0
org.apache.ratis.protocol.exceptions.GroupMismatchException: 98dc40bf-7053-48d3-aaeb-09ffe996ad7b: group-676A59100ACC not found.
	at org.apache.ratis.server.impl.RaftServerProxy$ImplMap.get(RaftServerProxy.java:147)
	at org.apache.ratis.server.impl.RaftServerProxy.getImplFuture(RaftServerProxy.java:339)
	at org.apache.ratis.server.impl.RaftServerProxy.getImpl(RaftServerProxy.java:348)
	at org.apache.ratis.server.impl.RaftServerProxy.getImpl(RaftServerProxy.java:343)
	at org.apache.ratis.server.impl.RaftServerProxy.requestVote(RaftServerProxy.java:548)
	at org.apache.ratis.grpc.server.GrpcServerProtocolService.requestVote(GrpcServerProtocolService.java:172)
	at org.apache.ratis.proto.grpc.RaftServerProtocolServiceGrpc$MethodHandlers.invoke(RaftServerProtocolServiceGrpc.java:394)
	at org.apache.ratis.thirdparty.io.grpc.stub.ServerCalls$UnaryServerCallHandler$UnaryServerCallListener.onHalfClose(ServerCalls.java:182)
	at org.apache.ratis.thirdparty.io.grpc.PartialForwardingServerCallListener.onHalfClose(PartialForwardingServerCallListener.java:35)
	at org.apache.ratis.thirdparty.io.grpc.ForwardingServerCallListener.onHalfClose(ForwardingServerCallListener.java:23)
	at org.apache.ratis.thirdparty.io.grpc.internal.ServerCallImpl$ServerStreamListenerImpl.halfClosed(ServerCallImpl.java:331)
	at org.apache.ratis.thirdparty.io.grpc.internal.ServerImpl$JumpToApplicationThreadServerStreamListener$1HalfClosed.runInContext(ServerImpl.java:814)
	at org.apache.ratis.thirdparty.io.grpc.internal.ContextRunnable.run(ContextRunnable.java:37)
	at org.apache.ratis.thirdparty.io.grpc.internal.SerializingExecutor.run(SerializingExecutor.java:123)
	at java.util.concurrent.ThreadPoolExecutor.runWorker(ThreadPoolExecutor.java:1149)
	at java.util.concurrent.ThreadPoolExecutor$Worker.run(ThreadPoolExecutor.java:624)
	at java.lang.Thread.run(Thread.java:748)
2022-02-05 14:11:11,854 [ReplicationMonitor] INFO  container.ReplicationManager (ReplicationManager.java:handleUnderReplicatedContainer(1224)) - Container #4 is under replicated. Expected replica count is 3, but found 2.
2022-02-05 14:11:11,854 [ReplicationMonitor] INFO  container.ReplicationManager (ReplicationManager.java:sendReplicateCommand(1578)) - Sending replicate container command for container #4 to datanode 48bbbb7e-c5e6-4f0e-a975-92be06ce07fc{ip: 10.1.0.12, host: fv-az395-167.zfmzfyrfkyou3ow0tsr0jxwq1e.bx.internal.cloudapp.net, ports: [REPLICATION=36929, RATIS=34609, RATIS_ADMIN=34609, RATIS_SERVER=34609, STANDALONE=45127], networkLocation: /default-rack, certSerialId: null, persistedOpState: IN_SERVICE, persistedOpStateExpiryEpochSec: 0} from datanodes [98dc40bf-7053-48d3-aaeb-09ffe996ad7b{ip: 10.1.0.12, host: fv-az395-167.zfmzfyrfkyou3ow0tsr0jxwq1e.bx.internal.cloudapp.net, ports: [REPLICATION=43315, RATIS=39063, RATIS_ADMIN=39063, RATIS_SERVER=39063, STANDALONE=46797], networkLocation: /default-rack, certSerialId: null, persistedOpState: IN_SERVICE, persistedOpStateExpiryEpochSec: 0}]
2022-02-05 14:11:11,855 [ReplicationMonitor] INFO  container.ReplicationManager (ReplicationManager.java:handleUnderReplicatedContainer(1224)) - Container #5 is under replicated. Expected replica count is 3, but found 2.
2022-02-05 14:11:11,855 [ReplicationMonitor] INFO  container.ReplicationManager (ReplicationManager.java:sendReplicateCommand(1578)) - Sending replicate container command for container #5 to datanode 48bbbb7e-c5e6-4f0e-a975-92be06ce07fc{ip: 10.1.0.12, host: fv-az395-167.zfmzfyrfkyou3ow0tsr0jxwq1e.bx.internal.cloudapp.net, ports: [REPLICATION=36929, RATIS=34609, RATIS_ADMIN=34609, RATIS_SERVER=34609, STANDALONE=45127], networkLocation: /default-rack, certSerialId: null, persistedOpState: IN_SERVICE, persistedOpStateExpiryEpochSec: 0} from datanodes [98dc40bf-7053-48d3-aaeb-09ffe996ad7b{ip: 10.1.0.12, host: fv-az395-167.zfmzfyrfkyou3ow0tsr0jxwq1e.bx.internal.cloudapp.net, ports: [REPLICATION=43315, RATIS=39063, RATIS_ADMIN=39063, RATIS_SERVER=39063, STANDALONE=46797], networkLocation: /default-rack, certSerialId: null, persistedOpState: IN_SERVICE, persistedOpStateExpiryEpochSec: 0}]
2022-02-05 14:11:11,855 [ReplicationMonitor] INFO  container.ReplicationManager (ReplicationManager.java:handleUnderReplicatedContainer(1224)) - Container #6 is under replicated. Expected replica count is 3, but found 2.
2022-02-05 14:11:11,855 [ReplicationMonitor] INFO  container.ReplicationManager (ReplicationManager.java:sendReplicateCommand(1578)) - Sending replicate container command for container #6 to datanode 48bbbb7e-c5e6-4f0e-a975-92be06ce07fc{ip: 10.1.0.12, host: fv-az395-167.zfmzfyrfkyou3ow0tsr0jxwq1e.bx.internal.cloudapp.net, ports: [REPLICATION=36929, RATIS=34609, RATIS_ADMIN=34609, RATIS_SERVER=34609, STANDALONE=45127], networkLocation: /default-rack, certSerialId: null, persistedOpState: IN_SERVICE, persistedOpStateExpiryEpochSec: 0} from datanodes [98dc40bf-7053-48d3-aaeb-09ffe996ad7b{ip: 10.1.0.12, host: fv-az395-167.zfmzfyrfkyou3ow0tsr0jxwq1e.bx.internal.cloudapp.net, ports: [REPLICATION=43315, RATIS=39063, RATIS_ADMIN=39063, RATIS_SERVER=39063, STANDALONE=46797], networkLocation: /default-rack, certSerialId: null, persistedOpState: IN_SERVICE, persistedOpStateExpiryEpochSec: 0}]
2022-02-05 14:11:11,855 [ReplicationMonitor] INFO  container.ReplicationManager (ReplicationManager.java:processAll(387)) - Replication Monitor Thread took 1 milliseconds for processing 6 containers.
2022-02-05 14:11:11,855 [grpc-default-executor-5] INFO  replication.GrpcReplicationService (GrpcReplicationService.java:download(52)) - Streaming container data (3) to other datanode
2022-02-05 14:11:11,857 [grpc-default-executor-2] INFO  replication.GrpcReplicationService (GrpcReplicationService.java:download(52)) - Streaming container data (1) to other datanode
2022-02-05 14:11:11,860 [a9e4676d-d420-4953-9a22-1155643bc4dc@group-676A59100ACC-LeaderElection88] INFO  impl.LeaderElection (LogUtils.java:infoOrTrace(137)) - a9e4676d-d420-4953-9a22-1155643bc4dc@group-676A59100ACC-LeaderElection88 got exception when requesting votes: java.util.concurrent.ExecutionException: org.apache.ratis.thirdparty.io.grpc.StatusRuntimeException: INTERNAL: 98dc40bf-7053-48d3-aaeb-09ffe996ad7b: group-676A59100ACC not found.
2022-02-05 14:11:11,860 [a9e4676d-d420-4953-9a22-1155643bc4dc@group-676A59100ACC-LeaderElection88] INFO  impl.LeaderElection (LeaderElection.java:logAndReturn(89)) - a9e4676d-d420-4953-9a22-1155643bc4dc@group-676A59100ACC-LeaderElection88: ELECTION REJECTED received 0 response(s) and 2 exception(s):
2022-02-05 14:11:11,860 [a9e4676d-d420-4953-9a22-1155643bc4dc@group-676A59100ACC-LeaderElection88] INFO  impl.LeaderElection (LogUtils.java:infoOrTrace(137)) -   Exception 0: java.util.concurrent.ExecutionException: org.apache.ratis.thirdparty.io.grpc.StatusRuntimeException: UNAVAILABLE: io exception
2022-02-05 14:11:11,860 [a9e4676d-d420-4953-9a22-1155643bc4dc@group-676A59100ACC-LeaderElection88] INFO  impl.LeaderElection (LogUtils.java:infoOrTrace(137)) -   Exception 1: java.util.concurrent.ExecutionException: org.apache.ratis.thirdparty.io.grpc.StatusRuntimeException: INTERNAL: 98dc40bf-7053-48d3-aaeb-09ffe996ad7b: group-676A59100ACC not found.
2022-02-05 14:11:11,860 [a9e4676d-d420-4953-9a22-1155643bc4dc@group-676A59100ACC-LeaderElection88] INFO  impl.LeaderElection (LeaderElection.java:askForVotes(308)) - a9e4676d-d420-4953-9a22-1155643bc4dc@group-676A59100ACC-LeaderElection88 ELECTION round 0: result REJECTED
2022-02-05 14:11:11,860 [a9e4676d-d420-4953-9a22-1155643bc4dc@group-676A59100ACC-LeaderElection88] INFO  server.RaftServer$Division (RaftServerImpl.java:setRole(290)) - a9e4676d-d420-4953-9a22-1155643bc4dc@group-676A59100ACC: changes role from CANDIDATE to FOLLOWER at term 3 for REJECTED
2022-02-05 14:11:11,860 [a9e4676d-d420-4953-9a22-1155643bc4dc@group-676A59100ACC-LeaderElection88] INFO  impl.RoleInfo (RoleInfo.java:shutdownLeaderElection(121)) - a9e4676d-d420-4953-9a22-1155643bc4dc: shutdown a9e4676d-d420-4953-9a22-1155643bc4dc@group-676A59100ACC-LeaderElection88
2022-02-05 14:11:11,860 [a9e4676d-d420-4953-9a22-1155643bc4dc@group-676A59100ACC-LeaderElection88] INFO  impl.RoleInfo (RoleInfo.java:updateAndGet(130)) - a9e4676d-d420-4953-9a22-1155643bc4dc: start a9e4676d-d420-4953-9a22-1155643bc4dc@group-676A59100ACC-FollowerState
2022-02-05 14:11:11,931 [grpc-default-executor-3] INFO  replication.GrpcOutputStream (GrpcOutputStream.java:close(104)) - Sent 18376 bytes for container 2
2022-02-05 14:11:11,947 [grpc-default-executor-6] INFO  replication.GrpcReplicationClient (GrpcReplicationClient.java:onCompleted(197)) - Container 2 is downloaded to /home/runner/work/ozone/ozone/hadoop-ozone/integration-test/target/test-dir/MiniOzoneClusterImpl-fb33837e-59ba-4f66-b45a-2fc6b23e16fb/datanode-0/data/replication/work/container-2.tar.gz
2022-02-05 14:11:11,955 [grpc-default-executor-5] INFO  replication.GrpcOutputStream (GrpcOutputStream.java:close(104)) - Sent 18230 bytes for container 3
2022-02-05 14:11:11,959 [grpc-default-executor-3] INFO  replication.GrpcReplicationClient (GrpcReplicationClient.java:onCompleted(197)) - Container 3 is downloaded to /home/runner/work/ozone/ozone/hadoop-ozone/integration-test/target/test-dir/MiniOzoneClusterImpl-fb33837e-59ba-4f66-b45a-2fc6b23e16fb/datanode-0/data/replication/work/container-3.tar.gz
2022-02-05 14:11:11,963 [ContainerReplicationThread-2] INFO  replication.DownloadAndImportReplicator (DownloadAndImportReplicator.java:replicate(117)) - Container 3 is downloaded with size 18230, starting to import.
2022-02-05 14:11:11,991 [ContainerReplicationThread-1] INFO  replication.DownloadAndImportReplicator (DownloadAndImportReplicator.java:replicate(117)) - Container 2 is downloaded with size 18376, starting to import.
2022-02-05 14:11:12,031 [grpc-default-executor-2] INFO  replication.GrpcOutputStream (GrpcOutputStream.java:close(104)) - Sent 18451 bytes for container 1
2022-02-05 14:11:12,033 [grpc-default-executor-2] INFO  replication.GrpcReplicationClient (GrpcReplicationClient.java:onCompleted(197)) - Container 1 is downloaded to /home/runner/work/ozone/ozone/hadoop-ozone/integration-test/target/test-dir/MiniOzoneClusterImpl-fb33837e-59ba-4f66-b45a-2fc6b23e16fb/datanode-0/data/replication/work/container-1.tar.gz
2022-02-05 14:11:12,034 [ContainerReplicationThread-0] INFO  replication.DownloadAndImportReplicator (DownloadAndImportReplicator.java:replicate(117)) - Container 1 is downloaded with size 18451, starting to import.
2022-02-05 14:11:12,086 [ContainerReplicationThread-2] INFO  replication.DownloadAndImportReplicator (DownloadAndImportReplicator.java:replicate(122)) - Container 3 is replicated successfully
2022-02-05 14:11:12,086 [ContainerReplicationThread-2] INFO  replication.ReplicationSupervisor (ReplicationSupervisor.java:run(176)) - Container 3 is replicated.
2022-02-05 14:11:12,129 [ContainerReplicationThread-1] INFO  replication.DownloadAndImportReplicator (DownloadAndImportReplicator.java:replicate(122)) - Container 2 is replicated successfully
2022-02-05 14:11:12,129 [ContainerReplicationThread-1] INFO  replication.ReplicationSupervisor (ReplicationSupervisor.java:run(176)) - Container 2 is replicated.
2022-02-05 14:11:12,141 [ContainerReplicationThread-0] INFO  replication.DownloadAndImportReplicator (DownloadAndImportReplicator.java:replicate(122)) - Container 1 is replicated successfully
2022-02-05 14:11:12,141 [ContainerReplicationThread-0] INFO  replication.ReplicationSupervisor (ReplicationSupervisor.java:run(176)) - Container 1 is replicated.
2022-02-05 14:11:12,780 [EventQueue-StaleNodeForStaleNodeHandler] INFO  node.StaleNodeHandler (StaleNodeHandler.java:onMessage(58)) - Datanode a9e4676d-d420-4953-9a22-1155643bc4dc{ip: 10.1.0.12, host: fv-az395-167.zfmzfyrfkyou3ow0tsr0jxwq1e.bx.internal.cloudapp.net, ports: [REPLICATION=36585, RATIS=39441, RATIS_ADMIN=39441, RATIS_SERVER=39441, STANDALONE=38087], networkLocation: /default-rack, certSerialId: null, persistedOpState: IN_SERVICE, persistedOpStateExpiryEpochSec: 0} moved to stale state. Finalizing its pipelines [PipelineID=ccbe77d6-7579-42fd-a7ef-26d552128e3f]
2022-02-05 14:11:12,781 [EventQueue-StaleNodeForStaleNodeHandler] INFO  pipeline.PipelineManagerImpl (PipelineManagerImpl.java:closePipeline(365)) - Pipeline Pipeline[ Id: ccbe77d6-7579-42fd-a7ef-26d552128e3f, Nodes: a9e4676d-d420-4953-9a22-1155643bc4dc{ip: 10.1.0.12, host: fv-az395-167.zfmzfyrfkyou3ow0tsr0jxwq1e.bx.internal.cloudapp.net, ports: [REPLICATION=36585, RATIS=39441, RATIS_ADMIN=39441, RATIS_SERVER=39441, STANDALONE=38087], networkLocation: /default-rack, certSerialId: null, persistedOpState: IN_SERVICE, persistedOpStateExpiryEpochSec: 0}, ReplicationConfig: RATIS/ONE, State:OPEN, leaderId:a9e4676d-d420-4953-9a22-1155643bc4dc, CreationTimestamp2022-02-05T14:10:55.801Z[Etc/UTC]] moved to CLOSED state
2022-02-05 14:11:12,855 [ReplicationMonitor] ERROR scm.SCMCommonPlacementPolicy (SCMCommonPlacementPolicy.java:chooseDatanodes(140)) - No healthy node found to allocate container.
2022-02-05 14:11:12,856 [ReplicationMonitor] WARN  container.ReplicationManager (ReplicationManager.java:handleUnderReplicatedContainer(1257)) - Exception while replicating container 1.
org.apache.hadoop.hdds.scm.exceptions.SCMException: No healthy node found to allocate container.
	at org.apache.hadoop.hdds.scm.SCMCommonPlacementPolicy.chooseDatanodes(SCMCommonPlacementPolicy.java:141)
	at org.apache.hadoop.hdds.scm.container.placement.algorithms.SCMContainerPlacementRandom.chooseDatanodes(SCMContainerPlacementRandom.java:78)
	at org.apache.hadoop.hdds.scm.container.ReplicationManager.handleUnderReplicatedContainer(ReplicationManager.java:1221)
	at org.apache.hadoop.hdds.scm.container.ReplicationManager.processContainer(ReplicationManager.java:559)
	at org.apache.hadoop.hdds.scm.container.ReplicationManager.processAll(ReplicationManager.java:383)
	at org.apache.hadoop.hdds.scm.container.ReplicationManager.run(ReplicationManager.java:403)
	at java.lang.Thread.run(Thread.java:748)
2022-02-05 14:11:12,856 [ReplicationMonitor] ERROR scm.SCMCommonPlacementPolicy (SCMCommonPlacementPolicy.java:chooseDatanodes(140)) - No healthy node found to allocate container.
2022-02-05 14:11:12,856 [ReplicationMonitor] WARN  container.ReplicationManager (ReplicationManager.java:handleUnderReplicatedContainer(1257)) - Exception while replicating container 2.
org.apache.hadoop.hdds.scm.exceptions.SCMException: No healthy node found to allocate container.
	at org.apache.hadoop.hdds.scm.SCMCommonPlacementPolicy.chooseDatanodes(SCMCommonPlacementPolicy.java:141)
	at org.apache.hadoop.hdds.scm.container.placement.algorithms.SCMContainerPlacementRandom.chooseDatanodes(SCMContainerPlacementRandom.java:78)
	at org.apache.hadoop.hdds.scm.container.ReplicationManager.handleUnderReplicatedContainer(ReplicationManager.java:1221)
	at org.apache.hadoop.hdds.scm.container.ReplicationManager.processContainer(ReplicationManager.java:559)
	at org.apache.hadoop.hdds.scm.container.ReplicationManager.processAll(ReplicationManager.java:383)
	at org.apache.hadoop.hdds.scm.container.ReplicationManager.run(ReplicationManager.java:403)
	at java.lang.Thread.run(Thread.java:748)
2022-02-05 14:11:12,856 [ReplicationMonitor] INFO  container.ReplicationManager (ReplicationManager.java:processAll(387)) - Replication Monitor Thread took 0 milliseconds for processing 6 containers.
2022-02-05 14:11:13,282 [EventQueue-StaleNodeForStaleNodeHandler] INFO  node.StaleNodeHandler (StaleNodeHandler.java:onMessage(58)) - Datanode 48bbbb7e-c5e6-4f0e-a975-92be06ce07fc{ip: 10.1.0.12, host: fv-az395-167.zfmzfyrfkyou3ow0tsr0jxwq1e.bx.internal.cloudapp.net, ports: [REPLICATION=36929, RATIS=34609, RATIS_ADMIN=34609, RATIS_SERVER=34609, STANDALONE=45127], networkLocation: /default-rack, certSerialId: null, persistedOpState: IN_SERVICE, persistedOpStateExpiryEpochSec: 0} moved to stale state. Finalizing its pipelines [PipelineID=ac56e77e-8896-4028-b64c-1b6abd244776]
2022-02-05 14:11:13,282 [EventQueue-StaleNodeForStaleNodeHandler] INFO  pipeline.PipelineManagerImpl (PipelineManagerImpl.java:closePipeline(365)) - Pipeline Pipeline[ Id: ac56e77e-8896-4028-b64c-1b6abd244776, Nodes: 48bbbb7e-c5e6-4f0e-a975-92be06ce07fc{ip: 10.1.0.12, host: fv-az395-167.zfmzfyrfkyou3ow0tsr0jxwq1e.bx.internal.cloudapp.net, ports: [REPLICATION=36929, RATIS=34609, RATIS_ADMIN=34609, RATIS_SERVER=34609, STANDALONE=45127], networkLocation: /default-rack, certSerialId: null, persistedOpState: IN_SERVICE, persistedOpStateExpiryEpochSec: 0}, ReplicationConfig: RATIS/ONE, State:OPEN, leaderId:48bbbb7e-c5e6-4f0e-a975-92be06ce07fc, CreationTimestamp2022-02-05T14:10:55.801Z[Etc/UTC]] moved to CLOSED state
2022-02-05 14:11:13,859 [ReplicationMonitor] ERROR scm.SCMCommonPlacementPolicy (SCMCommonPlacementPolicy.java:chooseDatanodes(140)) - No healthy node found to allocate container.
2022-02-05 14:11:13,859 [ReplicationMonitor] WARN  container.ReplicationManager (ReplicationManager.java:handleUnderReplicatedContainer(1257)) - Exception while replicating container 1.
org.apache.hadoop.hdds.scm.exceptions.SCMException: No healthy node found to allocate container.
	at org.apache.hadoop.hdds.scm.SCMCommonPlacementPolicy.chooseDatanodes(SCMCommonPlacementPolicy.java:141)
	at org.apache.hadoop.hdds.scm.container.placement.algorithms.SCMContainerPlacementRandom.chooseDatanodes(SCMContainerPlacementRandom.java:78)
	at org.apache.hadoop.hdds.scm.container.ReplicationManager.handleUnderReplicatedContainer(ReplicationManager.java:1221)
	at org.apache.hadoop.hdds.scm.container.ReplicationManager.processContainer(ReplicationManager.java:559)
	at org.apache.hadoop.hdds.scm.container.ReplicationManager.processAll(ReplicationManager.java:383)
	at org.apache.hadoop.hdds.scm.container.ReplicationManager.run(ReplicationManager.java:403)
	at java.lang.Thread.run(Thread.java:748)
2022-02-05 14:11:13,859 [ReplicationMonitor] ERROR scm.SCMCommonPlacementPolicy (SCMCommonPlacementPolicy.java:chooseDatanodes(140)) - No healthy node found to allocate container.
2022-02-05 14:11:13,859 [ReplicationMonitor] WARN  container.ReplicationManager (ReplicationManager.java:handleUnderReplicatedContainer(1257)) - Exception while replicating container 2.
org.apache.hadoop.hdds.scm.exceptions.SCMException: No healthy node found to allocate container.
	at org.apache.hadoop.hdds.scm.SCMCommonPlacementPolicy.chooseDatanodes(SCMCommonPlacementPolicy.java:141)
	at org.apache.hadoop.hdds.scm.container.placement.algorithms.SCMContainerPlacementRandom.chooseDatanodes(SCMContainerPlacementRandom.java:78)
	at org.apache.hadoop.hdds.scm.container.ReplicationManager.handleUnderReplicatedContainer(ReplicationManager.java:1221)
	at org.apache.hadoop.hdds.scm.container.ReplicationManager.processContainer(ReplicationManager.java:559)
	at org.apache.hadoop.hdds.scm.container.ReplicationManager.processAll(ReplicationManager.java:383)
	at org.apache.hadoop.hdds.scm.container.ReplicationManager.run(ReplicationManager.java:403)
	at java.lang.Thread.run(Thread.java:748)
2022-02-05 14:11:13,859 [ReplicationMonitor] ERROR scm.SCMCommonPlacementPolicy (SCMCommonPlacementPolicy.java:chooseDatanodes(140)) - No healthy node found to allocate container.
2022-02-05 14:11:13,860 [ReplicationMonitor] WARN  container.ReplicationManager (ReplicationManager.java:handleUnderReplicatedContainer(1257)) - Exception while replicating container 4.
org.apache.hadoop.hdds.scm.exceptions.SCMException: No healthy node found to allocate container.
	at org.apache.hadoop.hdds.scm.SCMCommonPlacementPolicy.chooseDatanodes(SCMCommonPlacementPolicy.java:141)
	at org.apache.hadoop.hdds.scm.container.placement.algorithms.SCMContainerPlacementRandom.chooseDatanodes(SCMContainerPlacementRandom.java:78)
	at org.apache.hadoop.hdds.scm.container.ReplicationManager.handleUnderReplicatedContainer(ReplicationManager.java:1221)
	at org.apache.hadoop.hdds.scm.container.ReplicationManager.processContainer(ReplicationManager.java:559)
	at org.apache.hadoop.hdds.scm.container.ReplicationManager.processAll(ReplicationManager.java:383)
	at org.apache.hadoop.hdds.scm.container.ReplicationManager.run(ReplicationManager.java:403)
	at java.lang.Thread.run(Thread.java:748)
2022-02-05 14:11:13,860 [ReplicationMonitor] ERROR scm.SCMCommonPlacementPolicy (SCMCommonPlacementPolicy.java:chooseDatanodes(140)) - No healthy node found to allocate container.
2022-02-05 14:11:13,860 [ReplicationMonitor] WARN  container.ReplicationManager (ReplicationManager.java:handleUnderReplicatedContainer(1257)) - Exception while replicating container 5.
org.apache.hadoop.hdds.scm.exceptions.SCMException: No healthy node found to allocate container.
	at org.apache.hadoop.hdds.scm.SCMCommonPlacementPolicy.chooseDatanodes(SCMCommonPlacementPolicy.java:141)
	at org.apache.hadoop.hdds.scm.container.placement.algorithms.SCMContainerPlacementRandom.chooseDatanodes(SCMContainerPlacementRandom.java:78)
	at org.apache.hadoop.hdds.scm.container.ReplicationManager.handleUnderReplicatedContainer(ReplicationManager.java:1221)
	at org.apache.hadoop.hdds.scm.container.ReplicationManager.processContainer(ReplicationManager.java:559)
	at org.apache.hadoop.hdds.scm.container.ReplicationManager.processAll(ReplicationManager.java:383)
	at org.apache.hadoop.hdds.scm.container.ReplicationManager.run(ReplicationManager.java:403)
	at java.lang.Thread.run(Thread.java:748)
2022-02-05 14:11:13,860 [ReplicationMonitor] ERROR scm.SCMCommonPlacementPolicy (SCMCommonPlacementPolicy.java:chooseDatanodes(140)) - No healthy node found to allocate container.
2022-02-05 14:11:13,860 [ReplicationMonitor] WARN  container.ReplicationManager (ReplicationManager.java:handleUnderReplicatedContainer(1257)) - Exception while replicating container 6.
org.apache.hadoop.hdds.scm.exceptions.SCMException: No healthy node found to allocate container.
	at org.apache.hadoop.hdds.scm.SCMCommonPlacementPolicy.chooseDatanodes(SCMCommonPlacementPolicy.java:141)
	at org.apache.hadoop.hdds.scm.container.placement.algorithms.SCMContainerPlacementRandom.chooseDatanodes(SCMContainerPlacementRandom.java:78)
	at org.apache.hadoop.hdds.scm.container.ReplicationManager.handleUnderReplicatedContainer(ReplicationManager.java:1221)
	at org.apache.hadoop.hdds.scm.container.ReplicationManager.processContainer(ReplicationManager.java:559)
	at org.apache.hadoop.hdds.scm.container.ReplicationManager.processAll(ReplicationManager.java:383)
	at org.apache.hadoop.hdds.scm.container.ReplicationManager.run(ReplicationManager.java:403)
	at java.lang.Thread.run(Thread.java:748)
2022-02-05 14:11:13,860 [ReplicationMonitor] INFO  container.ReplicationManager (ReplicationManager.java:processAll(387)) - Replication Monitor Thread took 1 milliseconds for processing 6 containers.
2022-02-05 14:11:14,860 [ReplicationMonitor] ERROR scm.SCMCommonPlacementPolicy (SCMCommonPlacementPolicy.java:chooseDatanodes(140)) - No healthy node found to allocate container.
2022-02-05 14:11:14,861 [ReplicationMonitor] WARN  container.ReplicationManager (ReplicationManager.java:handleUnderReplicatedContainer(1257)) - Exception while replicating container 1.
org.apache.hadoop.hdds.scm.exceptions.SCMException: No healthy node found to allocate container.
	at org.apache.hadoop.hdds.scm.SCMCommonPlacementPolicy.chooseDatanodes(SCMCommonPlacementPolicy.java:141)
	at org.apache.hadoop.hdds.scm.container.placement.algorithms.SCMContainerPlacementRandom.chooseDatanodes(SCMContainerPlacementRandom.java:78)
	at org.apache.hadoop.hdds.scm.container.ReplicationManager.handleUnderReplicatedContainer(ReplicationManager.java:1221)
	at org.apache.hadoop.hdds.scm.container.ReplicationManager.processContainer(ReplicationManager.java:559)
	at org.apache.hadoop.hdds.scm.container.ReplicationManager.processAll(ReplicationManager.java:383)
	at org.apache.hadoop.hdds.scm.container.ReplicationManager.run(ReplicationManager.java:403)
	at java.lang.Thread.run(Thread.java:748)
2022-02-05 14:11:14,861 [ReplicationMonitor] ERROR scm.SCMCommonPlacementPolicy (SCMCommonPlacementPolicy.java:chooseDatanodes(140)) - No healthy node found to allocate container.
2022-02-05 14:11:14,861 [ReplicationMonitor] WARN  container.ReplicationManager (ReplicationManager.java:handleUnderReplicatedContainer(1257)) - Exception while replicating container 2.
org.apache.hadoop.hdds.scm.exceptions.SCMException: No healthy node found to allocate container.
	at org.apache.hadoop.hdds.scm.SCMCommonPlacementPolicy.chooseDatanodes(SCMCommonPlacementPolicy.java:141)
	at org.apache.hadoop.hdds.scm.container.placement.algorithms.SCMContainerPlacementRandom.chooseDatanodes(SCMContainerPlacementRandom.java:78)
	at org.apache.hadoop.hdds.scm.container.ReplicationManager.handleUnderReplicatedContainer(ReplicationManager.java:1221)
	at org.apache.hadoop.hdds.scm.container.ReplicationManager.processContainer(ReplicationManager.java:559)
	at org.apache.hadoop.hdds.scm.container.ReplicationManager.processAll(ReplicationManager.java:383)
	at org.apache.hadoop.hdds.scm.container.ReplicationManager.run(ReplicationManager.java:403)
	at java.lang.Thread.run(Thread.java:748)
2022-02-05 14:11:14,861 [ReplicationMonitor] ERROR scm.SCMCommonPlacementPolicy (SCMCommonPlacementPolicy.java:chooseDatanodes(140)) - No healthy node found to allocate container.
2022-02-05 14:11:14,861 [ReplicationMonitor] WARN  container.ReplicationManager (ReplicationManager.java:handleUnderReplicatedContainer(1257)) - Exception while replicating container 4.
org.apache.hadoop.hdds.scm.exceptions.SCMException: No healthy node found to allocate container.
	at org.apache.hadoop.hdds.scm.SCMCommonPlacementPolicy.chooseDatanodes(SCMCommonPlacementPolicy.java:141)
	at org.apache.hadoop.hdds.scm.container.placement.algorithms.SCMContainerPlacementRandom.chooseDatanodes(SCMContainerPlacementRandom.java:78)
	at org.apache.hadoop.hdds.scm.container.ReplicationManager.handleUnderReplicatedContainer(ReplicationManager.java:1221)
	at org.apache.hadoop.hdds.scm.container.ReplicationManager.processContainer(ReplicationManager.java:559)
	at org.apache.hadoop.hdds.scm.container.ReplicationManager.processAll(ReplicationManager.java:383)
	at org.apache.hadoop.hdds.scm.container.ReplicationManager.run(ReplicationManager.java:403)
	at java.lang.Thread.run(Thread.java:748)
2022-02-05 14:11:14,862 [ReplicationMonitor] ERROR scm.SCMCommonPlacementPolicy (SCMCommonPlacementPolicy.java:chooseDatanodes(140)) - No healthy node found to allocate container.
2022-02-05 14:11:14,862 [ReplicationMonitor] WARN  container.ReplicationManager (ReplicationManager.java:handleUnderReplicatedContainer(1257)) - Exception while replicating container 5.
org.apache.hadoop.hdds.scm.exceptions.SCMException: No healthy node found to allocate container.
	at org.apache.hadoop.hdds.scm.SCMCommonPlacementPolicy.chooseDatanodes(SCMCommonPlacementPolicy.java:141)
	at org.apache.hadoop.hdds.scm.container.placement.algorithms.SCMContainerPlacementRandom.chooseDatanodes(SCMContainerPlacementRandom.java:78)
	at org.apache.hadoop.hdds.scm.container.ReplicationManager.handleUnderReplicatedContainer(ReplicationManager.java:1221)
	at org.apache.hadoop.hdds.scm.container.ReplicationManager.processContainer(ReplicationManager.java:559)
	at org.apache.hadoop.hdds.scm.container.ReplicationManager.processAll(ReplicationManager.java:383)
	at org.apache.hadoop.hdds.scm.container.ReplicationManager.run(ReplicationManager.java:403)
	at java.lang.Thread.run(Thread.java:748)
2022-02-05 14:11:14,862 [ReplicationMonitor] ERROR scm.SCMCommonPlacementPolicy (SCMCommonPlacementPolicy.java:chooseDatanodes(140)) - No healthy node found to allocate container.
2022-02-05 14:11:14,862 [ReplicationMonitor] WARN  container.ReplicationManager (ReplicationManager.java:handleUnderReplicatedContainer(1257)) - Exception while replicating container 6.
org.apache.hadoop.hdds.scm.exceptions.SCMException: No healthy node found to allocate container.
	at org.apache.hadoop.hdds.scm.SCMCommonPlacementPolicy.chooseDatanodes(SCMCommonPlacementPolicy.java:141)
	at org.apache.hadoop.hdds.scm.container.placement.algorithms.SCMContainerPlacementRandom.chooseDatanodes(SCMContainerPlacementRandom.java:78)
	at org.apache.hadoop.hdds.scm.container.ReplicationManager.handleUnderReplicatedContainer(ReplicationManager.java:1221)
	at org.apache.hadoop.hdds.scm.container.ReplicationManager.processContainer(ReplicationManager.java:559)
	at org.apache.hadoop.hdds.scm.container.ReplicationManager.processAll(ReplicationManager.java:383)
	at org.apache.hadoop.hdds.scm.container.ReplicationManager.run(ReplicationManager.java:403)
	at java.lang.Thread.run(Thread.java:748)
2022-02-05 14:11:14,862 [ReplicationMonitor] INFO  container.ReplicationManager (ReplicationManager.java:processAll(387)) - Replication Monitor Thread took 1 milliseconds for processing 6 containers.
2022-02-05 14:11:15,397 [Mini-Cluster-Provider-Reap] INFO  ozoneimpl.OzoneContainer (OzoneContainer.java:stop(336)) - Attempting to stop container services.
2022-02-05 14:11:15,398 [Mini-Cluster-Provider-Reap] INFO  server.RaftServer (RaftServerProxy.java:lambda$close$6(391)) - 48bbbb7e-c5e6-4f0e-a975-92be06ce07fc: close
2022-02-05 14:11:15,398 [Mini-Cluster-Provider-Reap] INFO  server.RaftServer$Division (RaftServerImpl.java:lambda$close$4(412)) - 48bbbb7e-c5e6-4f0e-a975-92be06ce07fc@group-1B6ABD244776: shutdown
2022-02-05 14:11:15,398 [Mini-Cluster-Provider-Reap] INFO  util.JmxRegister (JmxRegister.java:unregister(73)) - Successfully un-registered JMX Bean with object name Ratis:service=RaftServer,group=group-1B6ABD244776,id=48bbbb7e-c5e6-4f0e-a975-92be06ce07fc
2022-02-05 14:11:15,398 [Mini-Cluster-Provider-Reap] INFO  impl.RoleInfo (RoleInfo.java:shutdownLeaderState(91)) - 48bbbb7e-c5e6-4f0e-a975-92be06ce07fc: shutdown 48bbbb7e-c5e6-4f0e-a975-92be06ce07fc@group-1B6ABD244776-LeaderStateImpl
2022-02-05 14:11:15,399 [Mini-Cluster-Provider-Reap] INFO  impl.PendingRequests (PendingRequests.java:sendNotLeaderResponses(282)) - 48bbbb7e-c5e6-4f0e-a975-92be06ce07fc@group-1B6ABD244776-PendingRequests: sendNotLeaderResponses
2022-02-05 14:11:15,405 [48bbbb7e-c5e6-4f0e-a975-92be06ce07fc@group-1B6ABD244776-StateMachineUpdater] INFO  ratis.ContainerStateMachine (ContainerStateMachine.java:takeSnapshot(299)) - group-1B6ABD244776: Taking a snapshot at:(t:1, i:0) file /home/runner/work/ozone/ozone/hadoop-ozone/integration-test/target/test-dir/MiniOzoneClusterImpl-fb33837e-59ba-4f66-b45a-2fc6b23e16fb/datanode-5/data/ratis/ac56e77e-8896-4028-b64c-1b6abd244776/sm/snapshot.1_0
2022-02-05 14:11:15,406 [Mini-Cluster-Provider-Reap] INFO  impl.StateMachineUpdater (StateMachineUpdater.java:stopAndJoin(149)) - 48bbbb7e-c5e6-4f0e-a975-92be06ce07fc@group-1B6ABD244776-StateMachineUpdater: set stopIndex = 0
2022-02-05 14:11:15,407 [48bbbb7e-c5e6-4f0e-a975-92be06ce07fc@group-1B6ABD244776-StateMachineUpdater] INFO  ratis.ContainerStateMachine (ContainerStateMachine.java:takeSnapshot(310)) - group-1B6ABD244776: Finished taking a snapshot at:(t:1, i:0) file:/home/runner/work/ozone/ozone/hadoop-ozone/integration-test/target/test-dir/MiniOzoneClusterImpl-fb33837e-59ba-4f66-b45a-2fc6b23e16fb/datanode-5/data/ratis/ac56e77e-8896-4028-b64c-1b6abd244776/sm/snapshot.1_0 took: 1 ms
2022-02-05 14:11:15,407 [48bbbb7e-c5e6-4f0e-a975-92be06ce07fc@group-1B6ABD244776-StateMachineUpdater] INFO  impl.StateMachineUpdater (StateMachineUpdater.java:takeSnapshot(281)) - 48bbbb7e-c5e6-4f0e-a975-92be06ce07fc@group-1B6ABD244776-StateMachineUpdater: Took a snapshot at index 0
2022-02-05 14:11:15,407 [48bbbb7e-c5e6-4f0e-a975-92be06ce07fc@group-1B6ABD244776-StateMachineUpdater] INFO  impl.StateMachineUpdater (StateMachineUpdater.java:lambda$new$0(89)) - 48bbbb7e-c5e6-4f0e-a975-92be06ce07fc@group-1B6ABD244776-StateMachineUpdater: snapshotIndex: updateIncreasingly -1 -> 0
2022-02-05 14:11:15,408 [Mini-Cluster-Provider-Reap] INFO  server.RaftServer$Division (ServerState.java:close(419)) - 48bbbb7e-c5e6-4f0e-a975-92be06ce07fc@group-1B6ABD244776: closes. applyIndex: 0
2022-02-05 14:11:15,408 [48bbbb7e-c5e6-4f0e-a975-92be06ce07fc@group-1B6ABD244776-SegmentedRaftLogWorker] INFO  segmented.SegmentedRaftLogWorker (SegmentedRaftLogWorker.java:run(327)) - 48bbbb7e-c5e6-4f0e-a975-92be06ce07fc@group-1B6ABD244776-SegmentedRaftLogWorker was interrupted, exiting. There are 0 tasks remaining in the queue.
2022-02-05 14:11:15,408 [Mini-Cluster-Provider-Reap] INFO  segmented.SegmentedRaftLogWorker (SegmentedRaftLogWorker.java:close(237)) - 48bbbb7e-c5e6-4f0e-a975-92be06ce07fc@group-1B6ABD244776-SegmentedRaftLogWorker close()
2022-02-05 14:11:15,408 [Mini-Cluster-Provider-Reap] INFO  server.GrpcService (GrpcService.java:closeImpl(262)) - 48bbbb7e-c5e6-4f0e-a975-92be06ce07fc: shutdown server with port 34609 now
2022-02-05 14:11:15,448 [grpc-default-executor-5] WARN  client.GrpcClientProtocolService (LogUtils.java:warn(122)) - 1-UnorderedRequestStreamObserver1: onError: org.apache.ratis.thirdparty.io.grpc.StatusRuntimeException: CANCELLED: client cancelled
2022-02-05 14:11:15,449 [Mini-Cluster-Provider-Reap] INFO  server.GrpcService (GrpcService.java:closeImpl(271)) - 48bbbb7e-c5e6-4f0e-a975-92be06ce07fc: shutdown server with port 34609 successfully
2022-02-05 14:11:15,449 [org.apache.ratis.util.JvmPauseMonitor$$Lambda$541/1606256405@df20568] INFO  util.JvmPauseMonitor (JvmPauseMonitor.java:run(109)) - JvmPauseMonitor-48bbbb7e-c5e6-4f0e-a975-92be06ce07fc: Stopped
2022-02-05 14:11:15,528 [ForkJoinPool.commonPool-worker-1] INFO  ozoneimpl.OzoneContainer (OzoneContainer.java:stop(336)) - Attempting to stop container services.
2022-02-05 14:11:15,533 [ForkJoinPool.commonPool-worker-1] INFO  server.RaftServer (RaftServerProxy.java:lambda$close$6(391)) - a9e4676d-d420-4953-9a22-1155643bc4dc: close
2022-02-05 14:11:15,534 [ForkJoinPool.commonPool-worker-1] INFO  server.RaftServer$Division (RaftServerImpl.java:lambda$close$4(412)) - a9e4676d-d420-4953-9a22-1155643bc4dc@group-676A59100ACC: shutdown
2022-02-05 14:11:15,534 [ForkJoinPool.commonPool-worker-1] INFO  util.JmxRegister (JmxRegister.java:unregister(73)) - Successfully un-registered JMX Bean with object name Ratis:service=RaftServer,group=group-676A59100ACC,id=a9e4676d-d420-4953-9a22-1155643bc4dc
2022-02-05 14:11:15,534 [ForkJoinPool.commonPool-worker-1] INFO  impl.RoleInfo (RoleInfo.java:shutdownFollowerState(108)) - a9e4676d-d420-4953-9a22-1155643bc4dc: shutdown a9e4676d-d420-4953-9a22-1155643bc4dc@group-676A59100ACC-FollowerState
2022-02-05 14:11:15,534 [ForkJoinPool.commonPool-worker-1] INFO  impl.StateMachineUpdater (StateMachineUpdater.java:stopAndJoin(149)) - a9e4676d-d420-4953-9a22-1155643bc4dc@group-676A59100ACC-StateMachineUpdater: set stopIndex = 30
2022-02-05 14:11:15,534 [a9e4676d-d420-4953-9a22-1155643bc4dc@group-676A59100ACC-FollowerState] INFO  impl.FollowerState (FollowerState.java:run(143)) - a9e4676d-d420-4953-9a22-1155643bc4dc@group-676A59100ACC-FollowerState was interrupted: {}
java.lang.InterruptedException: sleep interrupted
	at java.lang.Thread.sleep(Native Method)
	at java.lang.Thread.sleep(Thread.java:340)
	at java.util.concurrent.TimeUnit.sleep(TimeUnit.java:386)
	at org.apache.ratis.util.TimeDuration.sleep(TimeDuration.java:324)
	at org.apache.ratis.util.TimeDuration.sleep(TimeDuration.java:309)
	at org.apache.ratis.server.impl.FollowerState.run(FollowerState.java:118)
2022-02-05 14:11:15,534 [a9e4676d-d420-4953-9a22-1155643bc4dc@group-676A59100ACC-StateMachineUpdater] INFO  ratis.ContainerStateMachine (ContainerStateMachine.java:takeSnapshot(299)) - group-676A59100ACC: Taking a snapshot at:(t:2, i:30) file /home/runner/work/ozone/ozone/hadoop-ozone/integration-test/target/test-dir/MiniOzoneClusterImpl-fb33837e-59ba-4f66-b45a-2fc6b23e16fb/datanode-2/data/ratis/47c9c572-1cef-4429-ab22-676a59100acc/sm/snapshot.2_30
2022-02-05 14:11:15,540 [a9e4676d-d420-4953-9a22-1155643bc4dc@group-676A59100ACC-StateMachineUpdater] INFO  ratis.ContainerStateMachine (ContainerStateMachine.java:takeSnapshot(310)) - group-676A59100ACC: Finished taking a snapshot at:(t:2, i:30) file:/home/runner/work/ozone/ozone/hadoop-ozone/integration-test/target/test-dir/MiniOzoneClusterImpl-fb33837e-59ba-4f66-b45a-2fc6b23e16fb/datanode-2/data/ratis/47c9c572-1cef-4429-ab22-676a59100acc/sm/snapshot.2_30 took: 6 ms
2022-02-05 14:11:15,541 [a9e4676d-d420-4953-9a22-1155643bc4dc@group-676A59100ACC-StateMachineUpdater] INFO  impl.StateMachineUpdater (StateMachineUpdater.java:takeSnapshot(281)) - a9e4676d-d420-4953-9a22-1155643bc4dc@group-676A59100ACC-StateMachineUpdater: Took a snapshot at index 30
2022-02-05 14:11:15,541 [a9e4676d-d420-4953-9a22-1155643bc4dc@group-676A59100ACC-StateMachineUpdater] INFO  impl.StateMachineUpdater (StateMachineUpdater.java:lambda$new$0(89)) - a9e4676d-d420-4953-9a22-1155643bc4dc@group-676A59100ACC-StateMachineUpdater: snapshotIndex: updateIncreasingly -1 -> 30
2022-02-05 14:11:15,541 [ForkJoinPool.commonPool-worker-1] INFO  server.RaftServer$Division (ServerState.java:close(419)) - a9e4676d-d420-4953-9a22-1155643bc4dc@group-676A59100ACC: closes. applyIndex: 30
2022-02-05 14:11:15,541 [a9e4676d-d420-4953-9a22-1155643bc4dc@group-676A59100ACC-SegmentedRaftLogWorker] INFO  segmented.SegmentedRaftLogWorker (SegmentedRaftLogWorker.java:run(327)) - a9e4676d-d420-4953-9a22-1155643bc4dc@group-676A59100ACC-SegmentedRaftLogWorker was interrupted, exiting. There are 0 tasks remaining in the queue.
2022-02-05 14:11:15,542 [ForkJoinPool.commonPool-worker-1] INFO  segmented.SegmentedRaftLogWorker (SegmentedRaftLogWorker.java:close(237)) - a9e4676d-d420-4953-9a22-1155643bc4dc@group-676A59100ACC-SegmentedRaftLogWorker close()
2022-02-05 14:11:15,542 [ForkJoinPool.commonPool-worker-1] INFO  server.RaftServer$Division (RaftServerImpl.java:lambda$close$4(412)) - a9e4676d-d420-4953-9a22-1155643bc4dc@group-26D552128E3F: shutdown
2022-02-05 14:11:15,542 [ForkJoinPool.commonPool-worker-1] INFO  util.JmxRegister (JmxRegister.java:unregister(73)) - Successfully un-registered JMX Bean with object name Ratis:service=RaftServer,group=group-26D552128E3F,id=a9e4676d-d420-4953-9a22-1155643bc4dc
2022-02-05 14:11:15,542 [ForkJoinPool.commonPool-worker-1] INFO  impl.RoleInfo (RoleInfo.java:shutdownLeaderState(91)) - a9e4676d-d420-4953-9a22-1155643bc4dc: shutdown a9e4676d-d420-4953-9a22-1155643bc4dc@group-26D552128E3F-LeaderStateImpl
2022-02-05 14:11:15,542 [ForkJoinPool.commonPool-worker-1] INFO  impl.PendingRequests (PendingRequests.java:sendNotLeaderResponses(282)) - a9e4676d-d420-4953-9a22-1155643bc4dc@group-26D552128E3F-PendingRequests: sendNotLeaderResponses
2022-02-05 14:11:15,547 [a9e4676d-d420-4953-9a22-1155643bc4dc@group-26D552128E3F-StateMachineUpdater] INFO  ratis.ContainerStateMachine (ContainerStateMachine.java:takeSnapshot(299)) - group-26D552128E3F: Taking a snapshot at:(t:1, i:0) file /home/runner/work/ozone/ozone/hadoop-ozone/integration-test/target/test-dir/MiniOzoneClusterImpl-fb33837e-59ba-4f66-b45a-2fc6b23e16fb/datanode-2/data/ratis/ccbe77d6-7579-42fd-a7ef-26d552128e3f/sm/snapshot.1_0
2022-02-05 14:11:15,547 [ForkJoinPool.commonPool-worker-1] INFO  impl.StateMachineUpdater (StateMachineUpdater.java:stopAndJoin(149)) - a9e4676d-d420-4953-9a22-1155643bc4dc@group-26D552128E3F-StateMachineUpdater: set stopIndex = 0
2022-02-05 14:11:15,548 [a9e4676d-d420-4953-9a22-1155643bc4dc@group-26D552128E3F-StateMachineUpdater] INFO  ratis.ContainerStateMachine (ContainerStateMachine.java:takeSnapshot(310)) - group-26D552128E3F: Finished taking a snapshot at:(t:1, i:0) file:/home/runner/work/ozone/ozone/hadoop-ozone/integration-test/target/test-dir/MiniOzoneClusterImpl-fb33837e-59ba-4f66-b45a-2fc6b23e16fb/datanode-2/data/ratis/ccbe77d6-7579-42fd-a7ef-26d552128e3f/sm/snapshot.1_0 took: 1 ms
2022-02-05 14:11:15,549 [a9e4676d-d420-4953-9a22-1155643bc4dc@group-26D552128E3F-StateMachineUpdater] INFO  impl.StateMachineUpdater (StateMachineUpdater.java:takeSnapshot(281)) - a9e4676d-d420-4953-9a22-1155643bc4dc@group-26D552128E3F-StateMachineUpdater: Took a snapshot at index 0
2022-02-05 14:11:15,549 [a9e4676d-d420-4953-9a22-1155643bc4dc@group-26D552128E3F-StateMachineUpdater] INFO  impl.StateMachineUpdater (StateMachineUpdater.java:lambda$new$0(89)) - a9e4676d-d420-4953-9a22-1155643bc4dc@group-26D552128E3F-StateMachineUpdater: snapshotIndex: updateIncreasingly -1 -> 0
2022-02-05 14:11:15,549 [ForkJoinPool.commonPool-worker-1] INFO  server.RaftServer$Division (ServerState.java:close(419)) - a9e4676d-d420-4953-9a22-1155643bc4dc@group-26D552128E3F: closes. applyIndex: 0
2022-02-05 14:11:15,550 [a9e4676d-d420-4953-9a22-1155643bc4dc@group-26D552128E3F-SegmentedRaftLogWorker] INFO  segmented.SegmentedRaftLogWorker (SegmentedRaftLogWorker.java:run(327)) - a9e4676d-d420-4953-9a22-1155643bc4dc@group-26D552128E3F-SegmentedRaftLogWorker was interrupted, exiting. There are 0 tasks remaining in the queue.
2022-02-05 14:11:15,550 [ForkJoinPool.commonPool-worker-1] INFO  segmented.SegmentedRaftLogWorker (SegmentedRaftLogWorker.java:close(237)) - a9e4676d-d420-4953-9a22-1155643bc4dc@group-26D552128E3F-SegmentedRaftLogWorker close()
2022-02-05 14:11:15,550 [ForkJoinPool.commonPool-worker-1] INFO  server.GrpcService (GrpcService.java:closeImpl(262)) - a9e4676d-d420-4953-9a22-1155643bc4dc: shutdown server with port 39441 now
2022-02-05 14:11:15,554 [ForkJoinPool.commonPool-worker-1] INFO  server.GrpcService (GrpcService.java:closeImpl(271)) - a9e4676d-d420-4953-9a22-1155643bc4dc: shutdown server with port 39441 successfully
2022-02-05 14:11:15,555 [org.apache.ratis.util.JvmPauseMonitor$$Lambda$541/1606256405@654075] INFO  util.JvmPauseMonitor (JvmPauseMonitor.java:run(109)) - JvmPauseMonitor-a9e4676d-d420-4953-9a22-1155643bc4dc: Stopped
2022-02-05 14:11:15,787 [EventQueue-DeadNodeForDeadNodeHandler] INFO  node.DeadNodeHandler (DeadNodeHandler.java:onMessage(80)) - A dead datanode is detected. a9e4676d-d420-4953-9a22-1155643bc4dc{ip: 10.1.0.12, host: fv-az395-167.zfmzfyrfkyou3ow0tsr0jxwq1e.bx.internal.cloudapp.net, ports: [REPLICATION=36585, RATIS=39441, RATIS_ADMIN=39441, RATIS_SERVER=39441, STANDALONE=38087], networkLocation: /default-rack, certSerialId: null, persistedOpState: IN_SERVICE, persistedOpStateExpiryEpochSec: 0}
2022-02-05 14:11:15,787 [EventQueue-DeadNodeForDeadNodeHandler] INFO  pipeline.RatisPipelineProvider (RatisPipelineProvider.java:lambda$close$1(222)) - Send pipeline:PipelineID=ccbe77d6-7579-42fd-a7ef-26d552128e3f close command to datanode a9e4676d-d420-4953-9a22-1155643bc4dc
2022-02-05 14:11:15,787 [EventQueue-DeadNodeForDeadNodeHandler] INFO  pipeline.PipelineStateManagerImpl (PipelineStateManagerImpl.java:removePipeline(223)) - Pipeline Pipeline[ Id: ccbe77d6-7579-42fd-a7ef-26d552128e3f, Nodes: a9e4676d-d420-4953-9a22-1155643bc4dc{ip: 10.1.0.12, host: fv-az395-167.zfmzfyrfkyou3ow0tsr0jxwq1e.bx.internal.cloudapp.net, ports: [REPLICATION=36585, RATIS=39441, RATIS_ADMIN=39441, RATIS_SERVER=39441, STANDALONE=38087], networkLocation: /default-rack, certSerialId: null, persistedOpState: IN_SERVICE, persistedOpStateExpiryEpochSec: 0}, ReplicationConfig: RATIS/ONE, State:CLOSED, leaderId:a9e4676d-d420-4953-9a22-1155643bc4dc, CreationTimestamp2022-02-05T14:10:55.801Z[Etc/UTC]] removed.
2022-02-05 14:11:15,788 [EventQueue-DeadNodeForDeadNodeHandler] INFO  net.NetworkTopologyImpl (NetworkTopologyImpl.java:remove(137)) - Removed a node: /default-rack/a9e4676d-d420-4953-9a22-1155643bc4dc
2022-02-05 14:11:15,864 [ReplicationMonitor] ERROR scm.SCMCommonPlacementPolicy (SCMCommonPlacementPolicy.java:chooseDatanodes(140)) - No healthy node found to allocate container.
2022-02-05 14:11:15,864 [ReplicationMonitor] WARN  container.ReplicationManager (ReplicationManager.java:handleUnderReplicatedContainer(1257)) - Exception while replicating container 1.
org.apache.hadoop.hdds.scm.exceptions.SCMException: No healthy node found to allocate container.
	at org.apache.hadoop.hdds.scm.SCMCommonPlacementPolicy.chooseDatanodes(SCMCommonPlacementPolicy.java:141)
	at org.apache.hadoop.hdds.scm.container.placement.algorithms.SCMContainerPlacementRandom.chooseDatanodes(SCMContainerPlacementRandom.java:78)
	at org.apache.hadoop.hdds.scm.container.ReplicationManager.handleUnderReplicatedContainer(ReplicationManager.java:1221)
	at org.apache.hadoop.hdds.scm.container.ReplicationManager.processContainer(ReplicationManager.java:559)
	at org.apache.hadoop.hdds.scm.container.ReplicationManager.processAll(ReplicationManager.java:383)
	at org.apache.hadoop.hdds.scm.container.ReplicationManager.run(ReplicationManager.java:403)
	at java.lang.Thread.run(Thread.java:748)
2022-02-05 14:11:15,864 [ReplicationMonitor] ERROR scm.SCMCommonPlacementPolicy (SCMCommonPlacementPolicy.java:chooseDatanodes(140)) - No healthy node found to allocate container.
2022-02-05 14:11:15,864 [ReplicationMonitor] WARN  container.ReplicationManager (ReplicationManager.java:handleUnderReplicatedContainer(1257)) - Exception while replicating container 2.
org.apache.hadoop.hdds.scm.exceptions.SCMException: No healthy node found to allocate container.
	at org.apache.hadoop.hdds.scm.SCMCommonPlacementPolicy.chooseDatanodes(SCMCommonPlacementPolicy.java:141)
	at org.apache.hadoop.hdds.scm.container.placement.algorithms.SCMContainerPlacementRandom.chooseDatanodes(SCMContainerPlacementRandom.java:78)
	at org.apache.hadoop.hdds.scm.container.ReplicationManager.handleUnderReplicatedContainer(ReplicationManager.java:1221)
	at org.apache.hadoop.hdds.scm.container.ReplicationManager.processContainer(ReplicationManager.java:559)
	at org.apache.hadoop.hdds.scm.container.ReplicationManager.processAll(ReplicationManager.java:383)
	at org.apache.hadoop.hdds.scm.container.ReplicationManager.run(ReplicationManager.java:403)
	at java.lang.Thread.run(Thread.java:748)
2022-02-05 14:11:15,864 [ReplicationMonitor] ERROR scm.SCMCommonPlacementPolicy (SCMCommonPlacementPolicy.java:chooseDatanodes(140)) - No healthy node found to allocate container.
2022-02-05 14:11:15,864 [ReplicationMonitor] WARN  container.ReplicationManager (ReplicationManager.java:handleUnderReplicatedContainer(1257)) - Exception while replicating container 3.
org.apache.hadoop.hdds.scm.exceptions.SCMException: No healthy node found to allocate container.
	at org.apache.hadoop.hdds.scm.SCMCommonPlacementPolicy.chooseDatanodes(SCMCommonPlacementPolicy.java:141)
	at org.apache.hadoop.hdds.scm.container.placement.algorithms.SCMContainerPlacementRandom.chooseDatanodes(SCMContainerPlacementRandom.java:78)
	at org.apache.hadoop.hdds.scm.container.ReplicationManager.handleUnderReplicatedContainer(ReplicationManager.java:1221)
	at org.apache.hadoop.hdds.scm.container.ReplicationManager.processContainer(ReplicationManager.java:559)
	at org.apache.hadoop.hdds.scm.container.ReplicationManager.processAll(ReplicationManager.java:383)
	at org.apache.hadoop.hdds.scm.container.ReplicationManager.run(ReplicationManager.java:403)
	at java.lang.Thread.run(Thread.java:748)
2022-02-05 14:11:15,865 [ReplicationMonitor] ERROR scm.SCMCommonPlacementPolicy (SCMCommonPlacementPolicy.java:chooseDatanodes(140)) - No healthy node found to allocate container.
2022-02-05 14:11:15,865 [ReplicationMonitor] WARN  container.ReplicationManager (ReplicationManager.java:handleUnderReplicatedContainer(1257)) - Exception while replicating container 4.
org.apache.hadoop.hdds.scm.exceptions.SCMException: No healthy node found to allocate container.
	at org.apache.hadoop.hdds.scm.SCMCommonPlacementPolicy.chooseDatanodes(SCMCommonPlacementPolicy.java:141)
	at org.apache.hadoop.hdds.scm.container.placement.algorithms.SCMContainerPlacementRandom.chooseDatanodes(SCMContainerPlacementRandom.java:78)
	at org.apache.hadoop.hdds.scm.container.ReplicationManager.handleUnderReplicatedContainer(ReplicationManager.java:1221)
	at org.apache.hadoop.hdds.scm.container.ReplicationManager.processContainer(ReplicationManager.java:559)
	at org.apache.hadoop.hdds.scm.container.ReplicationManager.processAll(ReplicationManager.java:383)
	at org.apache.hadoop.hdds.scm.container.ReplicationManager.run(ReplicationManager.java:403)
	at java.lang.Thread.run(Thread.java:748)
2022-02-05 14:11:15,865 [ReplicationMonitor] ERROR scm.SCMCommonPlacementPolicy (SCMCommonPlacementPolicy.java:chooseDatanodes(140)) - No healthy node found to allocate container.
2022-02-05 14:11:15,865 [ReplicationMonitor] WARN  container.ReplicationManager (ReplicationManager.java:handleUnderReplicatedContainer(1257)) - Exception while replicating container 5.
org.apache.hadoop.hdds.scm.exceptions.SCMException: No healthy node found to allocate container.
	at org.apache.hadoop.hdds.scm.SCMCommonPlacementPolicy.chooseDatanodes(SCMCommonPlacementPolicy.java:141)
	at org.apache.hadoop.hdds.scm.container.placement.algorithms.SCMContainerPlacementRandom.chooseDatanodes(SCMContainerPlacementRandom.java:78)
	at org.apache.hadoop.hdds.scm.container.ReplicationManager.handleUnderReplicatedContainer(ReplicationManager.java:1221)
	at org.apache.hadoop.hdds.scm.container.ReplicationManager.processContainer(ReplicationManager.java:559)
	at org.apache.hadoop.hdds.scm.container.ReplicationManager.processAll(ReplicationManager.java:383)
	at org.apache.hadoop.hdds.scm.container.ReplicationManager.run(ReplicationManager.java:403)
	at java.lang.Thread.run(Thread.java:748)
2022-02-05 14:11:15,865 [ReplicationMonitor] ERROR scm.SCMCommonPlacementPolicy (SCMCommonPlacementPolicy.java:chooseDatanodes(140)) - No healthy node found to allocate container.
2022-02-05 14:11:15,865 [ReplicationMonitor] WARN  container.ReplicationManager (ReplicationManager.java:handleUnderReplicatedContainer(1257)) - Exception while replicating container 6.
org.apache.hadoop.hdds.scm.exceptions.SCMException: No healthy node found to allocate container.
	at org.apache.hadoop.hdds.scm.SCMCommonPlacementPolicy.chooseDatanodes(SCMCommonPlacementPolicy.java:141)
	at org.apache.hadoop.hdds.scm.container.placement.algorithms.SCMContainerPlacementRandom.chooseDatanodes(SCMContainerPlacementRandom.java:78)
	at org.apache.hadoop.hdds.scm.container.ReplicationManager.handleUnderReplicatedContainer(ReplicationManager.java:1221)
	at org.apache.hadoop.hdds.scm.container.ReplicationManager.processContainer(ReplicationManager.java:559)
	at org.apache.hadoop.hdds.scm.container.ReplicationManager.processAll(ReplicationManager.java:383)
	at org.apache.hadoop.hdds.scm.container.ReplicationManager.run(ReplicationManager.java:403)
	at java.lang.Thread.run(Thread.java:748)
2022-02-05 14:11:15,865 [ReplicationMonitor] INFO  container.ReplicationManager (ReplicationManager.java:processAll(387)) - Replication Monitor Thread took 1 milliseconds for processing 6 containers.
2022-02-05 14:11:16,288 [EventQueue-DeadNodeForDeadNodeHandler] INFO  node.DeadNodeHandler (DeadNodeHandler.java:onMessage(80)) - A dead datanode is detected. 48bbbb7e-c5e6-4f0e-a975-92be06ce07fc{ip: 10.1.0.12, host: fv-az395-167.zfmzfyrfkyou3ow0tsr0jxwq1e.bx.internal.cloudapp.net, ports: [REPLICATION=36929, RATIS=34609, RATIS_ADMIN=34609, RATIS_SERVER=34609, STANDALONE=45127], networkLocation: /default-rack, certSerialId: null, persistedOpState: IN_SERVICE, persistedOpStateExpiryEpochSec: 0}
2022-02-05 14:11:16,289 [EventQueue-DeadNodeForDeadNodeHandler] INFO  pipeline.RatisPipelineProvider (RatisPipelineProvider.java:lambda$close$1(222)) - Send pipeline:PipelineID=ac56e77e-8896-4028-b64c-1b6abd244776 close command to datanode 48bbbb7e-c5e6-4f0e-a975-92be06ce07fc
2022-02-05 14:11:16,289 [EventQueue-DeadNodeForDeadNodeHandler] INFO  pipeline.PipelineStateManagerImpl (PipelineStateManagerImpl.java:removePipeline(223)) - Pipeline Pipeline[ Id: ac56e77e-8896-4028-b64c-1b6abd244776, Nodes: 48bbbb7e-c5e6-4f0e-a975-92be06ce07fc{ip: 10.1.0.12, host: fv-az395-167.zfmzfyrfkyou3ow0tsr0jxwq1e.bx.internal.cloudapp.net, ports: [REPLICATION=36929, RATIS=34609, RATIS_ADMIN=34609, RATIS_SERVER=34609, STANDALONE=45127], networkLocation: /default-rack, certSerialId: null, persistedOpState: IN_SERVICE, persistedOpStateExpiryEpochSec: 0}, ReplicationConfig: RATIS/ONE, State:CLOSED, leaderId:48bbbb7e-c5e6-4f0e-a975-92be06ce07fc, CreationTimestamp2022-02-05T14:10:55.801Z[Etc/UTC]] removed.
2022-02-05 14:11:16,289 [EventQueue-DeadNodeForDeadNodeHandler] INFO  net.NetworkTopologyImpl (NetworkTopologyImpl.java:remove(137)) - Removed a node: /default-rack/48bbbb7e-c5e6-4f0e-a975-92be06ce07fc
2022-02-05 14:11:16,866 [ReplicationMonitor] ERROR scm.SCMCommonPlacementPolicy (SCMCommonPlacementPolicy.java:chooseDatanodes(140)) - No healthy node found to allocate container.
2022-02-05 14:11:16,866 [ReplicationMonitor] WARN  container.ReplicationManager (ReplicationManager.java:handleUnderReplicatedContainer(1257)) - Exception while replicating container 1.
org.apache.hadoop.hdds.scm.exceptions.SCMException: No healthy node found to allocate container.
	at org.apache.hadoop.hdds.scm.SCMCommonPlacementPolicy.chooseDatanodes(SCMCommonPlacementPolicy.java:141)
	at org.apache.hadoop.hdds.scm.container.placement.algorithms.SCMContainerPlacementRandom.chooseDatanodes(SCMContainerPlacementRandom.java:78)
	at org.apache.hadoop.hdds.scm.container.ReplicationManager.handleUnderReplicatedContainer(ReplicationManager.java:1221)
	at org.apache.hadoop.hdds.scm.container.ReplicationManager.processContainer(ReplicationManager.java:559)
	at org.apache.hadoop.hdds.scm.container.ReplicationManager.processAll(ReplicationManager.java:383)
	at org.apache.hadoop.hdds.scm.container.ReplicationManager.run(ReplicationManager.java:403)
	at java.lang.Thread.run(Thread.java:748)
2022-02-05 14:11:16,866 [ReplicationMonitor] ERROR scm.SCMCommonPlacementPolicy (SCMCommonPlacementPolicy.java:chooseDatanodes(140)) - No healthy node found to allocate container.
2022-02-05 14:11:16,866 [ReplicationMonitor] WARN  container.ReplicationManager (ReplicationManager.java:handleUnderReplicatedContainer(1257)) - Exception while replicating container 2.
org.apache.hadoop.hdds.scm.exceptions.SCMException: No healthy node found to allocate container.
	at org.apache.hadoop.hdds.scm.SCMCommonPlacementPolicy.chooseDatanodes(SCMCommonPlacementPolicy.java:141)
	at org.apache.hadoop.hdds.scm.container.placement.algorithms.SCMContainerPlacementRandom.chooseDatanodes(SCMContainerPlacementRandom.java:78)
	at org.apache.hadoop.hdds.scm.container.ReplicationManager.handleUnderReplicatedContainer(ReplicationManager.java:1221)
	at org.apache.hadoop.hdds.scm.container.ReplicationManager.processContainer(ReplicationManager.java:559)
	at org.apache.hadoop.hdds.scm.container.ReplicationManager.processAll(ReplicationManager.java:383)
	at org.apache.hadoop.hdds.scm.container.ReplicationManager.run(ReplicationManager.java:403)
	at java.lang.Thread.run(Thread.java:748)
2022-02-05 14:11:16,866 [ReplicationMonitor] ERROR scm.SCMCommonPlacementPolicy (SCMCommonPlacementPolicy.java:chooseDatanodes(140)) - No healthy node found to allocate container.
2022-02-05 14:11:16,866 [ReplicationMonitor] WARN  container.ReplicationManager (ReplicationManager.java:handleUnderReplicatedContainer(1257)) - Exception while replicating container 3.
org.apache.hadoop.hdds.scm.exceptions.SCMException: No healthy node found to allocate container.
	at org.apache.hadoop.hdds.scm.SCMCommonPlacementPolicy.chooseDatanodes(SCMCommonPlacementPolicy.java:141)
	at org.apache.hadoop.hdds.scm.container.placement.algorithms.SCMContainerPlacementRandom.chooseDatanodes(SCMContainerPlacementRandom.java:78)
	at org.apache.hadoop.hdds.scm.container.ReplicationManager.handleUnderReplicatedContainer(ReplicationManager.java:1221)
	at org.apache.hadoop.hdds.scm.container.ReplicationManager.processContainer(ReplicationManager.java:559)
	at org.apache.hadoop.hdds.scm.container.ReplicationManager.processAll(ReplicationManager.java:383)
	at org.apache.hadoop.hdds.scm.container.ReplicationManager.run(ReplicationManager.java:403)
	at java.lang.Thread.run(Thread.java:748)
2022-02-05 14:11:16,866 [ReplicationMonitor] ERROR scm.SCMCommonPlacementPolicy (SCMCommonPlacementPolicy.java:chooseDatanodes(140)) - No healthy node found to allocate container.
2022-02-05 14:11:16,866 [ReplicationMonitor] WARN  container.ReplicationManager (ReplicationManager.java:handleUnderReplicatedContainer(1257)) - Exception while replicating container 4.
org.apache.hadoop.hdds.scm.exceptions.SCMException: No healthy node found to allocate container.
	at org.apache.hadoop.hdds.scm.SCMCommonPlacementPolicy.chooseDatanodes(SCMCommonPlacementPolicy.java:141)
	at org.apache.hadoop.hdds.scm.container.placement.algorithms.SCMContainerPlacementRandom.chooseDatanodes(SCMContainerPlacementRandom.java:78)
	at org.apache.hadoop.hdds.scm.container.ReplicationManager.handleUnderReplicatedContainer(ReplicationManager.java:1221)
	at org.apache.hadoop.hdds.scm.container.ReplicationManager.processContainer(ReplicationManager.java:559)
	at org.apache.hadoop.hdds.scm.container.ReplicationManager.processAll(ReplicationManager.java:383)
	at org.apache.hadoop.hdds.scm.container.ReplicationManager.run(ReplicationManager.java:403)
	at java.lang.Thread.run(Thread.java:748)
2022-02-05 14:11:16,866 [ReplicationMonitor] ERROR scm.SCMCommonPlacementPolicy (SCMCommonPlacementPolicy.java:chooseDatanodes(140)) - No healthy node found to allocate container.
2022-02-05 14:11:16,866 [ReplicationMonitor] WARN  container.ReplicationManager (ReplicationManager.java:handleUnderReplicatedContainer(1257)) - Exception while replicating container 5.
org.apache.hadoop.hdds.scm.exceptions.SCMException: No healthy node found to allocate container.
	at org.apache.hadoop.hdds.scm.SCMCommonPlacementPolicy.chooseDatanodes(SCMCommonPlacementPolicy.java:141)
	at org.apache.hadoop.hdds.scm.container.placement.algorithms.SCMContainerPlacementRandom.chooseDatanodes(SCMContainerPlacementRandom.java:78)
	at org.apache.hadoop.hdds.scm.container.ReplicationManager.handleUnderReplicatedContainer(ReplicationManager.java:1221)
	at org.apache.hadoop.hdds.scm.container.ReplicationManager.processContainer(ReplicationManager.java:559)
	at org.apache.hadoop.hdds.scm.container.ReplicationManager.processAll(ReplicationManager.java:383)
	at org.apache.hadoop.hdds.scm.container.ReplicationManager.run(ReplicationManager.java:403)
	at java.lang.Thread.run(Thread.java:748)
2022-02-05 14:11:16,867 [ReplicationMonitor] ERROR scm.SCMCommonPlacementPolicy (SCMCommonPlacementPolicy.java:chooseDatanodes(140)) - No healthy node found to allocate container.
2022-02-05 14:11:16,867 [ReplicationMonitor] WARN  container.ReplicationManager (ReplicationManager.java:handleUnderReplicatedContainer(1257)) - Exception while replicating container 6.
org.apache.hadoop.hdds.scm.exceptions.SCMException: No healthy node found to allocate container.
	at org.apache.hadoop.hdds.scm.SCMCommonPlacementPolicy.chooseDatanodes(SCMCommonPlacementPolicy.java:141)
	at org.apache.hadoop.hdds.scm.container.placement.algorithms.SCMContainerPlacementRandom.chooseDatanodes(SCMContainerPlacementRandom.java:78)
	at org.apache.hadoop.hdds.scm.container.ReplicationManager.handleUnderReplicatedContainer(ReplicationManager.java:1221)
	at org.apache.hadoop.hdds.scm.container.ReplicationManager.processContainer(ReplicationManager.java:559)
	at org.apache.hadoop.hdds.scm.container.ReplicationManager.processAll(ReplicationManager.java:383)
	at org.apache.hadoop.hdds.scm.container.ReplicationManager.run(ReplicationManager.java:403)
	at java.lang.Thread.run(Thread.java:748)
2022-02-05 14:11:16,867 [ReplicationMonitor] INFO  container.ReplicationManager (ReplicationManager.java:processAll(387)) - Replication Monitor Thread took 1 milliseconds for processing 6 containers.
2022-02-05 14:11:17,539 [Mini-Cluster-Provider-Reap] INFO  utils.BackgroundService (BackgroundService.java:shutdown(132)) - Shutting down service BlockDeletingService
2022-02-05 14:11:17,608 [ForkJoinPool.commonPool-worker-1] INFO  utils.BackgroundService (BackgroundService.java:shutdown(132)) - Shutting down service BlockDeletingService
2022-02-05 14:11:17,875 [ReplicationMonitor] ERROR scm.SCMCommonPlacementPolicy (SCMCommonPlacementPolicy.java:chooseDatanodes(140)) - No healthy node found to allocate container.
2022-02-05 14:11:17,875 [ReplicationMonitor] WARN  container.ReplicationManager (ReplicationManager.java:handleUnderReplicatedContainer(1257)) - Exception while replicating container 1.
org.apache.hadoop.hdds.scm.exceptions.SCMException: No healthy node found to allocate container.
	at org.apache.hadoop.hdds.scm.SCMCommonPlacementPolicy.chooseDatanodes(SCMCommonPlacementPolicy.java:141)
	at org.apache.hadoop.hdds.scm.container.placement.algorithms.SCMContainerPlacementRandom.chooseDatanodes(SCMContainerPlacementRandom.java:78)
	at org.apache.hadoop.hdds.scm.container.ReplicationManager.handleUnderReplicatedContainer(ReplicationManager.java:1221)
	at org.apache.hadoop.hdds.scm.container.ReplicationManager.processContainer(ReplicationManager.java:559)
	at org.apache.hadoop.hdds.scm.container.ReplicationManager.processAll(ReplicationManager.java:383)
	at org.apache.hadoop.hdds.scm.container.ReplicationManager.run(ReplicationManager.java:403)
	at java.lang.Thread.run(Thread.java:748)
2022-02-05 14:11:17,875 [ReplicationMonitor] ERROR scm.SCMCommonPlacementPolicy (SCMCommonPlacementPolicy.java:chooseDatanodes(140)) - No healthy node found to allocate container.
2022-02-05 14:11:17,875 [ReplicationMonitor] WARN  container.ReplicationManager (ReplicationManager.java:handleUnderReplicatedContainer(1257)) - Exception while replicating container 2.
org.apache.hadoop.hdds.scm.exceptions.SCMException: No healthy node found to allocate container.
	at org.apache.hadoop.hdds.scm.SCMCommonPlacementPolicy.chooseDatanodes(SCMCommonPlacementPolicy.java:141)
	at org.apache.hadoop.hdds.scm.container.placement.algorithms.SCMContainerPlacementRandom.chooseDatanodes(SCMContainerPlacementRandom.java:78)
	at org.apache.hadoop.hdds.scm.container.ReplicationManager.handleUnderReplicatedContainer(ReplicationManager.java:1221)
	at org.apache.hadoop.hdds.scm.container.ReplicationManager.processContainer(ReplicationManager.java:559)
	at org.apache.hadoop.hdds.scm.container.ReplicationManager.processAll(ReplicationManager.java:383)
	at org.apache.hadoop.hdds.scm.container.ReplicationManager.run(ReplicationManager.java:403)
	at java.lang.Thread.run(Thread.java:748)
2022-02-05 14:11:17,875 [ReplicationMonitor] ERROR scm.SCMCommonPlacementPolicy (SCMCommonPlacementPolicy.java:chooseDatanodes(140)) - No healthy node found to allocate container.
2022-02-05 14:11:17,875 [ReplicationMonitor] WARN  container.ReplicationManager (ReplicationManager.java:handleUnderReplicatedContainer(1257)) - Exception while replicating container 3.
org.apache.hadoop.hdds.scm.exceptions.SCMException: No healthy node found to allocate container.
	at org.apache.hadoop.hdds.scm.SCMCommonPlacementPolicy.chooseDatanodes(SCMCommonPlacementPolicy.java:141)
	at org.apache.hadoop.hdds.scm.container.placement.algorithms.SCMContainerPlacementRandom.chooseDatanodes(SCMContainerPlacementRandom.java:78)
	at org.apache.hadoop.hdds.scm.container.ReplicationManager.handleUnderReplicatedContainer(ReplicationManager.java:1221)
	at org.apache.hadoop.hdds.scm.container.ReplicationManager.processContainer(ReplicationManager.java:559)
	at org.apache.hadoop.hdds.scm.container.ReplicationManager.processAll(ReplicationManager.java:383)
	at org.apache.hadoop.hdds.scm.container.ReplicationManager.run(ReplicationManager.java:403)
	at java.lang.Thread.run(Thread.java:748)
2022-02-05 14:11:17,876 [ReplicationMonitor] ERROR scm.SCMCommonPlacementPolicy (SCMCommonPlacementPolicy.java:chooseDatanodes(140)) - No healthy node found to allocate container.
2022-02-05 14:11:17,876 [ReplicationMonitor] WARN  container.ReplicationManager (ReplicationManager.java:handleUnderReplicatedContainer(1257)) - Exception while replicating container 4.
org.apache.hadoop.hdds.scm.exceptions.SCMException: No healthy node found to allocate container.
	at org.apache.hadoop.hdds.scm.SCMCommonPlacementPolicy.chooseDatanodes(SCMCommonPlacementPolicy.java:141)
	at org.apache.hadoop.hdds.scm.container.placement.algorithms.SCMContainerPlacementRandom.chooseDatanodes(SCMContainerPlacementRandom.java:78)
	at org.apache.hadoop.hdds.scm.container.ReplicationManager.handleUnderReplicatedContainer(ReplicationManager.java:1221)
	at org.apache.hadoop.hdds.scm.container.ReplicationManager.processContainer(ReplicationManager.java:559)
	at org.apache.hadoop.hdds.scm.container.ReplicationManager.processAll(ReplicationManager.java:383)
	at org.apache.hadoop.hdds.scm.container.ReplicationManager.run(ReplicationManager.java:403)
	at java.lang.Thread.run(Thread.java:748)
2022-02-05 14:11:17,876 [ReplicationMonitor] ERROR scm.SCMCommonPlacementPolicy (SCMCommonPlacementPolicy.java:chooseDatanodes(140)) - No healthy node found to allocate container.
2022-02-05 14:11:17,876 [ReplicationMonitor] WARN  container.ReplicationManager (ReplicationManager.java:handleUnderReplicatedContainer(1257)) - Exception while replicating container 5.
org.apache.hadoop.hdds.scm.exceptions.SCMException: No healthy node found to allocate container.
	at org.apache.hadoop.hdds.scm.SCMCommonPlacementPolicy.chooseDatanodes(SCMCommonPlacementPolicy.java:141)
	at org.apache.hadoop.hdds.scm.container.placement.algorithms.SCMContainerPlacementRandom.chooseDatanodes(SCMContainerPlacementRandom.java:78)
	at org.apache.hadoop.hdds.scm.container.ReplicationManager.handleUnderReplicatedContainer(ReplicationManager.java:1221)
	at org.apache.hadoop.hdds.scm.container.ReplicationManager.processContainer(ReplicationManager.java:559)
	at org.apache.hadoop.hdds.scm.container.ReplicationManager.processAll(ReplicationManager.java:383)
	at org.apache.hadoop.hdds.scm.container.ReplicationManager.run(ReplicationManager.java:403)
	at java.lang.Thread.run(Thread.java:748)
2022-02-05 14:11:17,876 [ReplicationMonitor] ERROR scm.SCMCommonPlacementPolicy (SCMCommonPlacementPolicy.java:chooseDatanodes(140)) - No healthy node found to allocate container.
2022-02-05 14:11:17,876 [ReplicationMonitor] WARN  container.ReplicationManager (ReplicationManager.java:handleUnderReplicatedContainer(1257)) - Exception while replicating container 6.
org.apache.hadoop.hdds.scm.exceptions.SCMException: No healthy node found to allocate container.
	at org.apache.hadoop.hdds.scm.SCMCommonPlacementPolicy.chooseDatanodes(SCMCommonPlacementPolicy.java:141)
	at org.apache.hadoop.hdds.scm.container.placement.algorithms.SCMContainerPlacementRandom.chooseDatanodes(SCMContainerPlacementRandom.java:78)
	at org.apache.hadoop.hdds.scm.container.ReplicationManager.handleUnderReplicatedContainer(ReplicationManager.java:1221)
	at org.apache.hadoop.hdds.scm.container.ReplicationManager.processContainer(ReplicationManager.java:559)
	at org.apache.hadoop.hdds.scm.container.ReplicationManager.processAll(ReplicationManager.java:383)
	at org.apache.hadoop.hdds.scm.container.ReplicationManager.run(ReplicationManager.java:403)
	at java.lang.Thread.run(Thread.java:748)
2022-02-05 14:11:17,876 [ReplicationMonitor] INFO  container.ReplicationManager (ReplicationManager.java:processAll(387)) - Replication Monitor Thread took 1 milliseconds for processing 6 containers.
2022-02-05 14:11:18,876 [ReplicationMonitor] ERROR scm.SCMCommonPlacementPolicy (SCMCommonPlacementPolicy.java:chooseDatanodes(140)) - No healthy node found to allocate container.
2022-02-05 14:11:18,877 [ReplicationMonitor] WARN  container.ReplicationManager (ReplicationManager.java:handleUnderReplicatedContainer(1257)) - Exception while replicating container 1.
org.apache.hadoop.hdds.scm.exceptions.SCMException: No healthy node found to allocate container.
	at org.apache.hadoop.hdds.scm.SCMCommonPlacementPolicy.chooseDatanodes(SCMCommonPlacementPolicy.java:141)
	at org.apache.hadoop.hdds.scm.container.placement.algorithms.SCMContainerPlacementRandom.chooseDatanodes(SCMContainerPlacementRandom.java:78)
	at org.apache.hadoop.hdds.scm.container.ReplicationManager.handleUnderReplicatedContainer(ReplicationManager.java:1221)
	at org.apache.hadoop.hdds.scm.container.ReplicationManager.processContainer(ReplicationManager.java:559)
	at org.apache.hadoop.hdds.scm.container.ReplicationManager.processAll(ReplicationManager.java:383)
	at org.apache.hadoop.hdds.scm.container.ReplicationManager.run(ReplicationManager.java:403)
	at java.lang.Thread.run(Thread.java:748)
2022-02-05 14:11:18,877 [ReplicationMonitor] ERROR scm.SCMCommonPlacementPolicy (SCMCommonPlacementPolicy.java:chooseDatanodes(140)) - No healthy node found to allocate container.
2022-02-05 14:11:18,877 [ReplicationMonitor] WARN  container.ReplicationManager (ReplicationManager.java:handleUnderReplicatedContainer(1257)) - Exception while replicating container 2.
org.apache.hadoop.hdds.scm.exceptions.SCMException: No healthy node found to allocate container.
	at org.apache.hadoop.hdds.scm.SCMCommonPlacementPolicy.chooseDatanodes(SCMCommonPlacementPolicy.java:141)
	at org.apache.hadoop.hdds.scm.container.placement.algorithms.SCMContainerPlacementRandom.chooseDatanodes(SCMContainerPlacementRandom.java:78)
	at org.apache.hadoop.hdds.scm.container.ReplicationManager.handleUnderReplicatedContainer(ReplicationManager.java:1221)
	at org.apache.hadoop.hdds.scm.container.ReplicationManager.processContainer(ReplicationManager.java:559)
	at org.apache.hadoop.hdds.scm.container.ReplicationManager.processAll(ReplicationManager.java:383)
	at org.apache.hadoop.hdds.scm.container.ReplicationManager.run(ReplicationManager.java:403)
	at java.lang.Thread.run(Thread.java:748)
2022-02-05 14:11:18,877 [ReplicationMonitor] ERROR scm.SCMCommonPlacementPolicy (SCMCommonPlacementPolicy.java:chooseDatanodes(140)) - No healthy node found to allocate container.
2022-02-05 14:11:18,877 [ReplicationMonitor] WARN  container.ReplicationManager (ReplicationManager.java:handleUnderReplicatedContainer(1257)) - Exception while replicating container 3.
org.apache.hadoop.hdds.scm.exceptions.SCMException: No healthy node found to allocate container.
	at org.apache.hadoop.hdds.scm.SCMCommonPlacementPolicy.chooseDatanodes(SCMCommonPlacementPolicy.java:141)
	at org.apache.hadoop.hdds.scm.container.placement.algorithms.SCMContainerPlacementRandom.chooseDatanodes(SCMContainerPlacementRandom.java:78)
	at org.apache.hadoop.hdds.scm.container.ReplicationManager.handleUnderReplicatedContainer(ReplicationManager.java:1221)
	at org.apache.hadoop.hdds.scm.container.ReplicationManager.processContainer(ReplicationManager.java:559)
	at org.apache.hadoop.hdds.scm.container.ReplicationManager.processAll(ReplicationManager.java:383)
	at org.apache.hadoop.hdds.scm.container.ReplicationManager.run(ReplicationManager.java:403)
	at java.lang.Thread.run(Thread.java:748)
2022-02-05 14:11:18,877 [ReplicationMonitor] ERROR scm.SCMCommonPlacementPolicy (SCMCommonPlacementPolicy.java:chooseDatanodes(140)) - No healthy node found to allocate container.
2022-02-05 14:11:18,877 [ReplicationMonitor] WARN  container.ReplicationManager (ReplicationManager.java:handleUnderReplicatedContainer(1257)) - Exception while replicating container 4.
org.apache.hadoop.hdds.scm.exceptions.SCMException: No healthy node found to allocate container.
	at org.apache.hadoop.hdds.scm.SCMCommonPlacementPolicy.chooseDatanodes(SCMCommonPlacementPolicy.java:141)
	at org.apache.hadoop.hdds.scm.container.placement.algorithms.SCMContainerPlacementRandom.chooseDatanodes(SCMContainerPlacementRandom.java:78)
	at org.apache.hadoop.hdds.scm.container.ReplicationManager.handleUnderReplicatedContainer(ReplicationManager.java:1221)
	at org.apache.hadoop.hdds.scm.container.ReplicationManager.processContainer(ReplicationManager.java:559)
	at org.apache.hadoop.hdds.scm.container.ReplicationManager.processAll(ReplicationManager.java:383)
	at org.apache.hadoop.hdds.scm.container.ReplicationManager.run(ReplicationManager.java:403)
	at java.lang.Thread.run(Thread.java:748)
2022-02-05 14:11:18,877 [ReplicationMonitor] ERROR scm.SCMCommonPlacementPolicy (SCMCommonPlacementPolicy.java:chooseDatanodes(140)) - No healthy node found to allocate container.
2022-02-05 14:11:18,877 [ReplicationMonitor] WARN  container.ReplicationManager (ReplicationManager.java:handleUnderReplicatedContainer(1257)) - Exception while replicating container 5.
org.apache.hadoop.hdds.scm.exceptions.SCMException: No healthy node found to allocate container.
	at org.apache.hadoop.hdds.scm.SCMCommonPlacementPolicy.chooseDatanodes(SCMCommonPlacementPolicy.java:141)
	at org.apache.hadoop.hdds.scm.container.placement.algorithms.SCMContainerPlacementRandom.chooseDatanodes(SCMContainerPlacementRandom.java:78)
	at org.apache.hadoop.hdds.scm.container.ReplicationManager.handleUnderReplicatedContainer(ReplicationManager.java:1221)
	at org.apache.hadoop.hdds.scm.container.ReplicationManager.processContainer(ReplicationManager.java:559)
	at org.apache.hadoop.hdds.scm.container.ReplicationManager.processAll(ReplicationManager.java:383)
	at org.apache.hadoop.hdds.scm.container.ReplicationManager.run(ReplicationManager.java:403)
	at java.lang.Thread.run(Thread.java:748)
2022-02-05 14:11:18,878 [ReplicationMonitor] ERROR scm.SCMCommonPlacementPolicy (SCMCommonPlacementPolicy.java:chooseDatanodes(140)) - No healthy node found to allocate container.
2022-02-05 14:11:18,878 [ReplicationMonitor] WARN  container.ReplicationManager (ReplicationManager.java:handleUnderReplicatedContainer(1257)) - Exception while replicating container 6.
org.apache.hadoop.hdds.scm.exceptions.SCMException: No healthy node found to allocate container.
	at org.apache.hadoop.hdds.scm.SCMCommonPlacementPolicy.chooseDatanodes(SCMCommonPlacementPolicy.java:141)
	at org.apache.hadoop.hdds.scm.container.placement.algorithms.SCMContainerPlacementRandom.chooseDatanodes(SCMContainerPlacementRandom.java:78)
	at org.apache.hadoop.hdds.scm.container.ReplicationManager.handleUnderReplicatedContainer(ReplicationManager.java:1221)
	at org.apache.hadoop.hdds.scm.container.ReplicationManager.processContainer(ReplicationManager.java:559)
	at org.apache.hadoop.hdds.scm.container.ReplicationManager.processAll(ReplicationManager.java:383)
	at org.apache.hadoop.hdds.scm.container.ReplicationManager.run(ReplicationManager.java:403)
	at java.lang.Thread.run(Thread.java:748)
2022-02-05 14:11:18,878 [ReplicationMonitor] INFO  container.ReplicationManager (ReplicationManager.java:processAll(387)) - Replication Monitor Thread took 1 milliseconds for processing 6 containers.
2022-02-05 14:11:19,878 [ReplicationMonitor] ERROR scm.SCMCommonPlacementPolicy (SCMCommonPlacementPolicy.java:chooseDatanodes(140)) - No healthy node found to allocate container.
2022-02-05 14:11:19,878 [ReplicationMonitor] WARN  container.ReplicationManager (ReplicationManager.java:handleUnderReplicatedContainer(1257)) - Exception while replicating container 1.
org.apache.hadoop.hdds.scm.exceptions.SCMException: No healthy node found to allocate container.
	at org.apache.hadoop.hdds.scm.SCMCommonPlacementPolicy.chooseDatanodes(SCMCommonPlacementPolicy.java:141)
	at org.apache.hadoop.hdds.scm.container.placement.algorithms.SCMContainerPlacementRandom.chooseDatanodes(SCMContainerPlacementRandom.java:78)
	at org.apache.hadoop.hdds.scm.container.ReplicationManager.handleUnderReplicatedContainer(ReplicationManager.java:1221)
	at org.apache.hadoop.hdds.scm.container.ReplicationManager.processContainer(ReplicationManager.java:559)
	at org.apache.hadoop.hdds.scm.container.ReplicationManager.processAll(ReplicationManager.java:383)
	at org.apache.hadoop.hdds.scm.container.ReplicationManager.run(ReplicationManager.java:403)
	at java.lang.Thread.run(Thread.java:748)
2022-02-05 14:11:19,878 [ReplicationMonitor] ERROR scm.SCMCommonPlacementPolicy (SCMCommonPlacementPolicy.java:chooseDatanodes(140)) - No healthy node found to allocate container.
2022-02-05 14:11:19,878 [ReplicationMonitor] WARN  container.ReplicationManager (ReplicationManager.java:handleUnderReplicatedContainer(1257)) - Exception while replicating container 2.
org.apache.hadoop.hdds.scm.exceptions.SCMException: No healthy node found to allocate container.
	at org.apache.hadoop.hdds.scm.SCMCommonPlacementPolicy.chooseDatanodes(SCMCommonPlacementPolicy.java:141)
	at org.apache.hadoop.hdds.scm.container.placement.algorithms.SCMContainerPlacementRandom.chooseDatanodes(SCMContainerPlacementRandom.java:78)
	at org.apache.hadoop.hdds.scm.container.ReplicationManager.handleUnderReplicatedContainer(ReplicationManager.java:1221)
	at org.apache.hadoop.hdds.scm.container.ReplicationManager.processContainer(ReplicationManager.java:559)
	at org.apache.hadoop.hdds.scm.container.ReplicationManager.processAll(ReplicationManager.java:383)
	at org.apache.hadoop.hdds.scm.container.ReplicationManager.run(ReplicationManager.java:403)
	at java.lang.Thread.run(Thread.java:748)
2022-02-05 14:11:19,879 [ReplicationMonitor] ERROR scm.SCMCommonPlacementPolicy (SCMCommonPlacementPolicy.java:chooseDatanodes(140)) - No healthy node found to allocate container.
2022-02-05 14:11:19,879 [ReplicationMonitor] WARN  container.ReplicationManager (ReplicationManager.java:handleUnderReplicatedContainer(1257)) - Exception while replicating container 3.
org.apache.hadoop.hdds.scm.exceptions.SCMException: No healthy node found to allocate container.
	at org.apache.hadoop.hdds.scm.SCMCommonPlacementPolicy.chooseDatanodes(SCMCommonPlacementPolicy.java:141)
	at org.apache.hadoop.hdds.scm.container.placement.algorithms.SCMContainerPlacementRandom.chooseDatanodes(SCMContainerPlacementRandom.java:78)
	at org.apache.hadoop.hdds.scm.container.ReplicationManager.handleUnderReplicatedContainer(ReplicationManager.java:1221)
	at org.apache.hadoop.hdds.scm.container.ReplicationManager.processContainer(ReplicationManager.java:559)
	at org.apache.hadoop.hdds.scm.container.ReplicationManager.processAll(ReplicationManager.java:383)
	at org.apache.hadoop.hdds.scm.container.ReplicationManager.run(ReplicationManager.java:403)
	at java.lang.Thread.run(Thread.java:748)
2022-02-05 14:11:19,879 [ReplicationMonitor] ERROR scm.SCMCommonPlacementPolicy (SCMCommonPlacementPolicy.java:chooseDatanodes(140)) - No healthy node found to allocate container.
2022-02-05 14:11:19,879 [ReplicationMonitor] WARN  container.ReplicationManager (ReplicationManager.java:handleUnderReplicatedContainer(1257)) - Exception while replicating container 4.
org.apache.hadoop.hdds.scm.exceptions.SCMException: No healthy node found to allocate container.
	at org.apache.hadoop.hdds.scm.SCMCommonPlacementPolicy.chooseDatanodes(SCMCommonPlacementPolicy.java:141)
	at org.apache.hadoop.hdds.scm.container.placement.algorithms.SCMContainerPlacementRandom.chooseDatanodes(SCMContainerPlacementRandom.java:78)
	at org.apache.hadoop.hdds.scm.container.ReplicationManager.handleUnderReplicatedContainer(ReplicationManager.java:1221)
	at org.apache.hadoop.hdds.scm.container.ReplicationManager.processContainer(ReplicationManager.java:559)
	at org.apache.hadoop.hdds.scm.container.ReplicationManager.processAll(ReplicationManager.java:383)
	at org.apache.hadoop.hdds.scm.container.ReplicationManager.run(ReplicationManager.java:403)
	at java.lang.Thread.run(Thread.java:748)
2022-02-05 14:11:19,879 [ReplicationMonitor] ERROR scm.SCMCommonPlacementPolicy (SCMCommonPlacementPolicy.java:chooseDatanodes(140)) - No healthy node found to allocate container.
2022-02-05 14:11:19,879 [ReplicationMonitor] WARN  container.ReplicationManager (ReplicationManager.java:handleUnderReplicatedContainer(1257)) - Exception while replicating container 5.
org.apache.hadoop.hdds.scm.exceptions.SCMException: No healthy node found to allocate container.
	at org.apache.hadoop.hdds.scm.SCMCommonPlacementPolicy.chooseDatanodes(SCMCommonPlacementPolicy.java:141)
	at org.apache.hadoop.hdds.scm.container.placement.algorithms.SCMContainerPlacementRandom.chooseDatanodes(SCMContainerPlacementRandom.java:78)
	at org.apache.hadoop.hdds.scm.container.ReplicationManager.handleUnderReplicatedContainer(ReplicationManager.java:1221)
	at org.apache.hadoop.hdds.scm.container.ReplicationManager.processContainer(ReplicationManager.java:559)
	at org.apache.hadoop.hdds.scm.container.ReplicationManager.processAll(ReplicationManager.java:383)
	at org.apache.hadoop.hdds.scm.container.ReplicationManager.run(ReplicationManager.java:403)
	at java.lang.Thread.run(Thread.java:748)
2022-02-05 14:11:19,879 [ReplicationMonitor] ERROR scm.SCMCommonPlacementPolicy (SCMCommonPlacementPolicy.java:chooseDatanodes(140)) - No healthy node found to allocate container.
2022-02-05 14:11:19,879 [ReplicationMonitor] WARN  container.ReplicationManager (ReplicationManager.java:handleUnderReplicatedContainer(1257)) - Exception while replicating container 6.
org.apache.hadoop.hdds.scm.exceptions.SCMException: No healthy node found to allocate container.
	at org.apache.hadoop.hdds.scm.SCMCommonPlacementPolicy.chooseDatanodes(SCMCommonPlacementPolicy.java:141)
	at org.apache.hadoop.hdds.scm.container.placement.algorithms.SCMContainerPlacementRandom.chooseDatanodes(SCMContainerPlacementRandom.java:78)
	at org.apache.hadoop.hdds.scm.container.ReplicationManager.handleUnderReplicatedContainer(ReplicationManager.java:1221)
	at org.apache.hadoop.hdds.scm.container.ReplicationManager.processContainer(ReplicationManager.java:559)
	at org.apache.hadoop.hdds.scm.container.ReplicationManager.processAll(ReplicationManager.java:383)
	at org.apache.hadoop.hdds.scm.container.ReplicationManager.run(ReplicationManager.java:403)
	at java.lang.Thread.run(Thread.java:748)
2022-02-05 14:11:19,879 [ReplicationMonitor] INFO  container.ReplicationManager (ReplicationManager.java:processAll(387)) - Replication Monitor Thread took 2 milliseconds for processing 6 containers.
2022-02-05 14:11:20,564 [Mini-Cluster-Provider-Reap] INFO  statemachine.DatanodeStateMachine (DatanodeStateMachine.java:stopDaemon(529)) - Ozone container server stopped.
2022-02-05 14:11:20,565 [Mini-Cluster-Provider-Reap] INFO  handler.ContextHandler (ContextHandler.java:doStop(1153)) - Stopped o.e.j.w.WebAppContext@2f33c317{hddsDatanode,/,null,STOPPED}{jar:file:/home/runner/.m2/repository/org/apache/ozone/hdds-container-service/1.3.0-SNAPSHOT/hdds-container-service-1.3.0-SNAPSHOT.jar!/webapps/hddsDatanode}
2022-02-05 14:11:20,565 [Mini-Cluster-Provider-Reap] INFO  server.AbstractConnector (AbstractConnector.java:doStop(381)) - Stopped ServerConnector@6d619bd3{HTTP/1.1, (http/1.1)}{0.0.0.0:0}
2022-02-05 14:11:20,565 [Mini-Cluster-Provider-Reap] INFO  server.session (HouseKeeper.java:stopScavenging(149)) - node0 Stopped scavenging
2022-02-05 14:11:20,566 [Mini-Cluster-Provider-Reap] INFO  handler.ContextHandler (ContextHandler.java:doStop(1153)) - Stopped o.e.j.s.ServletContextHandler@3a65cb9b{static,/static,jar:file:/home/runner/.m2/repository/org/apache/ozone/hdds-container-service/1.3.0-SNAPSHOT/hdds-container-service-1.3.0-SNAPSHOT.jar!/webapps/static,STOPPED}
2022-02-05 14:11:20,566 [Mini-Cluster-Provider-Reap] INFO  handler.ContextHandler (ContextHandler.java:doStop(1153)) - Stopped o.e.j.s.ServletContextHandler@450a3d33{logs,/logs,file:///home/runner/work/ozone/ozone/hadoop-ozone/integration-test/target/log,STOPPED}
2022-02-05 14:11:20,609 [ForkJoinPool.commonPool-worker-1] INFO  statemachine.DatanodeStateMachine (DatanodeStateMachine.java:stopDaemon(529)) - Ozone container server stopped.
2022-02-05 14:11:20,610 [ForkJoinPool.commonPool-worker-1] INFO  handler.ContextHandler (ContextHandler.java:doStop(1153)) - Stopped o.e.j.w.WebAppContext@1edddc85{hddsDatanode,/,null,STOPPED}{jar:file:/home/runner/.m2/repository/org/apache/ozone/hdds-container-service/1.3.0-SNAPSHOT/hdds-container-service-1.3.0-SNAPSHOT.jar!/webapps/hddsDatanode}
2022-02-05 14:11:20,611 [ForkJoinPool.commonPool-worker-1] INFO  server.AbstractConnector (AbstractConnector.java:doStop(381)) - Stopped ServerConnector@600d7437{HTTP/1.1, (http/1.1)}{0.0.0.0:0}
2022-02-05 14:11:20,611 [ForkJoinPool.commonPool-worker-1] INFO  server.session (HouseKeeper.java:stopScavenging(149)) - node0 Stopped scavenging
2022-02-05 14:11:20,611 [ForkJoinPool.commonPool-worker-1] INFO  handler.ContextHandler (ContextHandler.java:doStop(1153)) - Stopped o.e.j.s.ServletContextHandler@5b203cc3{static,/static,jar:file:/home/runner/.m2/repository/org/apache/ozone/hdds-container-service/1.3.0-SNAPSHOT/hdds-container-service-1.3.0-SNAPSHOT.jar!/webapps/static,STOPPED}
2022-02-05 14:11:20,611 [ForkJoinPool.commonPool-worker-1] INFO  handler.ContextHandler (ContextHandler.java:doStop(1153)) - Stopped o.e.j.s.ServletContextHandler@41783984{logs,/logs,file:///home/runner/work/ozone/ozone/hadoop-ozone/integration-test/target/log,STOPPED}
2022-02-05 14:11:20,880 [ReplicationMonitor] ERROR scm.SCMCommonPlacementPolicy (SCMCommonPlacementPolicy.java:chooseDatanodes(140)) - No healthy node found to allocate container.
2022-02-05 14:11:20,880 [ReplicationMonitor] WARN  container.ReplicationManager (ReplicationManager.java:handleUnderReplicatedContainer(1257)) - Exception while replicating container 1.
org.apache.hadoop.hdds.scm.exceptions.SCMException: No healthy node found to allocate container.
	at org.apache.hadoop.hdds.scm.SCMCommonPlacementPolicy.chooseDatanodes(SCMCommonPlacementPolicy.java:141)
	at org.apache.hadoop.hdds.scm.container.placement.algorithms.SCMContainerPlacementRandom.chooseDatanodes(SCMContainerPlacementRandom.java:78)
	at org.apache.hadoop.hdds.scm.container.ReplicationManager.handleUnderReplicatedContainer(ReplicationManager.java:1221)
	at org.apache.hadoop.hdds.scm.container.ReplicationManager.processContainer(ReplicationManager.java:559)
	at org.apache.hadoop.hdds.scm.container.ReplicationManager.processAll(ReplicationManager.java:383)
	at org.apache.hadoop.hdds.scm.container.ReplicationManager.run(ReplicationManager.java:403)
	at java.lang.Thread.run(Thread.java:748)
2022-02-05 14:11:20,880 [ReplicationMonitor] ERROR scm.SCMCommonPlacementPolicy (SCMCommonPlacementPolicy.java:chooseDatanodes(140)) - No healthy node found to allocate container.
2022-02-05 14:11:20,880 [ReplicationMonitor] WARN  container.ReplicationManager (ReplicationManager.java:handleUnderReplicatedContainer(1257)) - Exception while replicating container 2.
org.apache.hadoop.hdds.scm.exceptions.SCMException: No healthy node found to allocate container.
	at org.apache.hadoop.hdds.scm.SCMCommonPlacementPolicy.chooseDatanodes(SCMCommonPlacementPolicy.java:141)
	at org.apache.hadoop.hdds.scm.container.placement.algorithms.SCMContainerPlacementRandom.chooseDatanodes(SCMContainerPlacementRandom.java:78)
	at org.apache.hadoop.hdds.scm.container.ReplicationManager.handleUnderReplicatedContainer(ReplicationManager.java:1221)
	at org.apache.hadoop.hdds.scm.container.ReplicationManager.processContainer(ReplicationManager.java:559)
	at org.apache.hadoop.hdds.scm.container.ReplicationManager.processAll(ReplicationManager.java:383)
	at org.apache.hadoop.hdds.scm.container.ReplicationManager.run(ReplicationManager.java:403)
	at java.lang.Thread.run(Thread.java:748)
2022-02-05 14:11:20,880 [ReplicationMonitor] ERROR scm.SCMCommonPlacementPolicy (SCMCommonPlacementPolicy.java:chooseDatanodes(140)) - No healthy node found to allocate container.
2022-02-05 14:11:20,880 [ReplicationMonitor] WARN  container.ReplicationManager (ReplicationManager.java:handleUnderReplicatedContainer(1257)) - Exception while replicating container 3.
org.apache.hadoop.hdds.scm.exceptions.SCMException: No healthy node found to allocate container.
	at org.apache.hadoop.hdds.scm.SCMCommonPlacementPolicy.chooseDatanodes(SCMCommonPlacementPolicy.java:141)
	at org.apache.hadoop.hdds.scm.container.placement.algorithms.SCMContainerPlacementRandom.chooseDatanodes(SCMContainerPlacementRandom.java:78)
	at org.apache.hadoop.hdds.scm.container.ReplicationManager.handleUnderReplicatedContainer(ReplicationManager.java:1221)
	at org.apache.hadoop.hdds.scm.container.ReplicationManager.processContainer(ReplicationManager.java:559)
	at org.apache.hadoop.hdds.scm.container.ReplicationManager.processAll(ReplicationManager.java:383)
	at org.apache.hadoop.hdds.scm.container.ReplicationManager.run(ReplicationManager.java:403)
	at java.lang.Thread.run(Thread.java:748)
2022-02-05 14:11:20,880 [ReplicationMonitor] ERROR scm.SCMCommonPlacementPolicy (SCMCommonPlacementPolicy.java:chooseDatanodes(140)) - No healthy node found to allocate container.
2022-02-05 14:11:20,880 [ReplicationMonitor] WARN  container.ReplicationManager (ReplicationManager.java:handleUnderReplicatedContainer(1257)) - Exception while replicating container 4.
org.apache.hadoop.hdds.scm.exceptions.SCMException: No healthy node found to allocate container.
	at org.apache.hadoop.hdds.scm.SCMCommonPlacementPolicy.chooseDatanodes(SCMCommonPlacementPolicy.java:141)
	at org.apache.hadoop.hdds.scm.container.placement.algorithms.SCMContainerPlacementRandom.chooseDatanodes(SCMContainerPlacementRandom.java:78)
	at org.apache.hadoop.hdds.scm.container.ReplicationManager.handleUnderReplicatedContainer(ReplicationManager.java:1221)
	at org.apache.hadoop.hdds.scm.container.ReplicationManager.processContainer(ReplicationManager.java:559)
	at org.apache.hadoop.hdds.scm.container.ReplicationManager.processAll(ReplicationManager.java:383)
	at org.apache.hadoop.hdds.scm.container.ReplicationManager.run(ReplicationManager.java:403)
	at java.lang.Thread.run(Thread.java:748)
2022-02-05 14:11:20,880 [ReplicationMonitor] ERROR scm.SCMCommonPlacementPolicy (SCMCommonPlacementPolicy.java:chooseDatanodes(140)) - No healthy node found to allocate container.
2022-02-05 14:11:20,881 [ReplicationMonitor] WARN  container.ReplicationManager (ReplicationManager.java:handleUnderReplicatedContainer(1257)) - Exception while replicating container 5.
org.apache.hadoop.hdds.scm.exceptions.SCMException: No healthy node found to allocate container.
	at org.apache.hadoop.hdds.scm.SCMCommonPlacementPolicy.chooseDatanodes(SCMCommonPlacementPolicy.java:141)
	at org.apache.hadoop.hdds.scm.container.placement.algorithms.SCMContainerPlacementRandom.chooseDatanodes(SCMContainerPlacementRandom.java:78)
	at org.apache.hadoop.hdds.scm.container.ReplicationManager.handleUnderReplicatedContainer(ReplicationManager.java:1221)
	at org.apache.hadoop.hdds.scm.container.ReplicationManager.processContainer(ReplicationManager.java:559)
	at org.apache.hadoop.hdds.scm.container.ReplicationManager.processAll(ReplicationManager.java:383)
	at org.apache.hadoop.hdds.scm.container.ReplicationManager.run(ReplicationManager.java:403)
	at java.lang.Thread.run(Thread.java:748)
2022-02-05 14:11:20,881 [ReplicationMonitor] ERROR scm.SCMCommonPlacementPolicy (SCMCommonPlacementPolicy.java:chooseDatanodes(140)) - No healthy node found to allocate container.
2022-02-05 14:11:20,881 [ReplicationMonitor] WARN  container.ReplicationManager (ReplicationManager.java:handleUnderReplicatedContainer(1257)) - Exception while replicating container 6.
org.apache.hadoop.hdds.scm.exceptions.SCMException: No healthy node found to allocate container.
	at org.apache.hadoop.hdds.scm.SCMCommonPlacementPolicy.chooseDatanodes(SCMCommonPlacementPolicy.java:141)
	at org.apache.hadoop.hdds.scm.container.placement.algorithms.SCMContainerPlacementRandom.chooseDatanodes(SCMContainerPlacementRandom.java:78)
	at org.apache.hadoop.hdds.scm.container.ReplicationManager.handleUnderReplicatedContainer(ReplicationManager.java:1221)
	at org.apache.hadoop.hdds.scm.container.ReplicationManager.processContainer(ReplicationManager.java:559)
	at org.apache.hadoop.hdds.scm.container.ReplicationManager.processAll(ReplicationManager.java:383)
	at org.apache.hadoop.hdds.scm.container.ReplicationManager.run(ReplicationManager.java:403)
	at java.lang.Thread.run(Thread.java:748)
2022-02-05 14:11:20,881 [ReplicationMonitor] INFO  container.ReplicationManager (ReplicationManager.java:processAll(387)) - Replication Monitor Thread took 1 milliseconds for processing 6 containers.
2022-02-05 14:11:21,881 [ReplicationMonitor] ERROR scm.SCMCommonPlacementPolicy (SCMCommonPlacementPolicy.java:chooseDatanodes(140)) - No healthy node found to allocate container.
2022-02-05 14:11:21,881 [ReplicationMonitor] WARN  container.ReplicationManager (ReplicationManager.java:handleUnderReplicatedContainer(1257)) - Exception while replicating container 1.
org.apache.hadoop.hdds.scm.exceptions.SCMException: No healthy node found to allocate container.
	at org.apache.hadoop.hdds.scm.SCMCommonPlacementPolicy.chooseDatanodes(SCMCommonPlacementPolicy.java:141)
	at org.apache.hadoop.hdds.scm.container.placement.algorithms.SCMContainerPlacementRandom.chooseDatanodes(SCMContainerPlacementRandom.java:78)
	at org.apache.hadoop.hdds.scm.container.ReplicationManager.handleUnderReplicatedContainer(ReplicationManager.java:1221)
	at org.apache.hadoop.hdds.scm.container.ReplicationManager.processContainer(ReplicationManager.java:559)
	at org.apache.hadoop.hdds.scm.container.ReplicationManager.processAll(ReplicationManager.java:383)
	at org.apache.hadoop.hdds.scm.container.ReplicationManager.run(ReplicationManager.java:403)
	at java.lang.Thread.run(Thread.java:748)
2022-02-05 14:11:21,881 [ReplicationMonitor] ERROR scm.SCMCommonPlacementPolicy (SCMCommonPlacementPolicy.java:chooseDatanodes(140)) - No healthy node found to allocate container.
2022-02-05 14:11:21,881 [ReplicationMonitor] WARN  container.ReplicationManager (ReplicationManager.java:handleUnderReplicatedContainer(1257)) - Exception while replicating container 2.
org.apache.hadoop.hdds.scm.exceptions.SCMException: No healthy node found to allocate container.
	at org.apache.hadoop.hdds.scm.SCMCommonPlacementPolicy.chooseDatanodes(SCMCommonPlacementPolicy.java:141)
	at org.apache.hadoop.hdds.scm.container.placement.algorithms.SCMContainerPlacementRandom.chooseDatanodes(SCMContainerPlacementRandom.java:78)
	at org.apache.hadoop.hdds.scm.container.ReplicationManager.handleUnderReplicatedContainer(ReplicationManager.java:1221)
	at org.apache.hadoop.hdds.scm.container.ReplicationManager.processContainer(ReplicationManager.java:559)
	at org.apache.hadoop.hdds.scm.container.ReplicationManager.processAll(ReplicationManager.java:383)
	at org.apache.hadoop.hdds.scm.container.ReplicationManager.run(ReplicationManager.java:403)
	at java.lang.Thread.run(Thread.java:748)
2022-02-05 14:11:21,882 [ReplicationMonitor] ERROR scm.SCMCommonPlacementPolicy (SCMCommonPlacementPolicy.java:chooseDatanodes(140)) - No healthy node found to allocate container.
2022-02-05 14:11:21,882 [ReplicationMonitor] WARN  container.ReplicationManager (ReplicationManager.java:handleUnderReplicatedContainer(1257)) - Exception while replicating container 3.
org.apache.hadoop.hdds.scm.exceptions.SCMException: No healthy node found to allocate container.
	at org.apache.hadoop.hdds.scm.SCMCommonPlacementPolicy.chooseDatanodes(SCMCommonPlacementPolicy.java:141)
	at org.apache.hadoop.hdds.scm.container.placement.algorithms.SCMContainerPlacementRandom.chooseDatanodes(SCMContainerPlacementRandom.java:78)
	at org.apache.hadoop.hdds.scm.container.ReplicationManager.handleUnderReplicatedContainer(ReplicationManager.java:1221)
	at org.apache.hadoop.hdds.scm.container.ReplicationManager.processContainer(ReplicationManager.java:559)
	at org.apache.hadoop.hdds.scm.container.ReplicationManager.processAll(ReplicationManager.java:383)
	at org.apache.hadoop.hdds.scm.container.ReplicationManager.run(ReplicationManager.java:403)
	at java.lang.Thread.run(Thread.java:748)
2022-02-05 14:11:21,882 [ReplicationMonitor] ERROR scm.SCMCommonPlacementPolicy (SCMCommonPlacementPolicy.java:chooseDatanodes(140)) - No healthy node found to allocate container.
2022-02-05 14:11:21,882 [ReplicationMonitor] WARN  container.ReplicationManager (ReplicationManager.java:handleUnderReplicatedContainer(1257)) - Exception while replicating container 4.
org.apache.hadoop.hdds.scm.exceptions.SCMException: No healthy node found to allocate container.
	at org.apache.hadoop.hdds.scm.SCMCommonPlacementPolicy.chooseDatanodes(SCMCommonPlacementPolicy.java:141)
	at org.apache.hadoop.hdds.scm.container.placement.algorithms.SCMContainerPlacementRandom.chooseDatanodes(SCMContainerPlacementRandom.java:78)
	at org.apache.hadoop.hdds.scm.container.ReplicationManager.handleUnderReplicatedContainer(ReplicationManager.java:1221)
	at org.apache.hadoop.hdds.scm.container.ReplicationManager.processContainer(ReplicationManager.java:559)
	at org.apache.hadoop.hdds.scm.container.ReplicationManager.processAll(ReplicationManager.java:383)
	at org.apache.hadoop.hdds.scm.container.ReplicationManager.run(ReplicationManager.java:403)
	at java.lang.Thread.run(Thread.java:748)
2022-02-05 14:11:21,882 [ReplicationMonitor] ERROR scm.SCMCommonPlacementPolicy (SCMCommonPlacementPolicy.java:chooseDatanodes(140)) - No healthy node found to allocate container.
2022-02-05 14:11:21,882 [ReplicationMonitor] WARN  container.ReplicationManager (ReplicationManager.java:handleUnderReplicatedContainer(1257)) - Exception while replicating container 5.
org.apache.hadoop.hdds.scm.exceptions.SCMException: No healthy node found to allocate container.
	at org.apache.hadoop.hdds.scm.SCMCommonPlacementPolicy.chooseDatanodes(SCMCommonPlacementPolicy.java:141)
	at org.apache.hadoop.hdds.scm.container.placement.algorithms.SCMContainerPlacementRandom.chooseDatanodes(SCMContainerPlacementRandom.java:78)
	at org.apache.hadoop.hdds.scm.container.ReplicationManager.handleUnderReplicatedContainer(ReplicationManager.java:1221)
	at org.apache.hadoop.hdds.scm.container.ReplicationManager.processContainer(ReplicationManager.java:559)
	at org.apache.hadoop.hdds.scm.container.ReplicationManager.processAll(ReplicationManager.java:383)
	at org.apache.hadoop.hdds.scm.container.ReplicationManager.run(ReplicationManager.java:403)
	at java.lang.Thread.run(Thread.java:748)
2022-02-05 14:11:21,882 [ReplicationMonitor] ERROR scm.SCMCommonPlacementPolicy (SCMCommonPlacementPolicy.java:chooseDatanodes(140)) - No healthy node found to allocate container.
2022-02-05 14:11:21,882 [ReplicationMonitor] WARN  container.ReplicationManager (ReplicationManager.java:handleUnderReplicatedContainer(1257)) - Exception while replicating container 6.
org.apache.hadoop.hdds.scm.exceptions.SCMException: No healthy node found to allocate container.
	at org.apache.hadoop.hdds.scm.SCMCommonPlacementPolicy.chooseDatanodes(SCMCommonPlacementPolicy.java:141)
	at org.apache.hadoop.hdds.scm.container.placement.algorithms.SCMContainerPlacementRandom.chooseDatanodes(SCMContainerPlacementRandom.java:78)
	at org.apache.hadoop.hdds.scm.container.ReplicationManager.handleUnderReplicatedContainer(ReplicationManager.java:1221)
	at org.apache.hadoop.hdds.scm.container.ReplicationManager.processContainer(ReplicationManager.java:559)
	at org.apache.hadoop.hdds.scm.container.ReplicationManager.processAll(ReplicationManager.java:383)
	at org.apache.hadoop.hdds.scm.container.ReplicationManager.run(ReplicationManager.java:403)
	at java.lang.Thread.run(Thread.java:748)
2022-02-05 14:11:21,882 [ReplicationMonitor] INFO  container.ReplicationManager (ReplicationManager.java:processAll(387)) - Replication Monitor Thread took 2 milliseconds for processing 6 containers.
2022-02-05 14:11:22,883 [ReplicationMonitor] ERROR scm.SCMCommonPlacementPolicy (SCMCommonPlacementPolicy.java:chooseDatanodes(140)) - No healthy node found to allocate container.
2022-02-05 14:11:22,883 [ReplicationMonitor] WARN  container.ReplicationManager (ReplicationManager.java:handleUnderReplicatedContainer(1257)) - Exception while replicating container 1.
org.apache.hadoop.hdds.scm.exceptions.SCMException: No healthy node found to allocate container.
	at org.apache.hadoop.hdds.scm.SCMCommonPlacementPolicy.chooseDatanodes(SCMCommonPlacementPolicy.java:141)
	at org.apache.hadoop.hdds.scm.container.placement.algorithms.SCMContainerPlacementRandom.chooseDatanodes(SCMContainerPlacementRandom.java:78)
	at org.apache.hadoop.hdds.scm.container.ReplicationManager.handleUnderReplicatedContainer(ReplicationManager.java:1221)
	at org.apache.hadoop.hdds.scm.container.ReplicationManager.processContainer(ReplicationManager.java:559)
	at org.apache.hadoop.hdds.scm.container.ReplicationManager.processAll(ReplicationManager.java:383)
	at org.apache.hadoop.hdds.scm.container.ReplicationManager.run(ReplicationManager.java:403)
	at java.lang.Thread.run(Thread.java:748)
2022-02-05 14:11:22,883 [ReplicationMonitor] ERROR scm.SCMCommonPlacementPolicy (SCMCommonPlacementPolicy.java:chooseDatanodes(140)) - No healthy node found to allocate container.
2022-02-05 14:11:22,883 [ReplicationMonitor] WARN  container.ReplicationManager (ReplicationManager.java:handleUnderReplicatedContainer(1257)) - Exception while replicating container 2.
org.apache.hadoop.hdds.scm.exceptions.SCMException: No healthy node found to allocate container.
	at org.apache.hadoop.hdds.scm.SCMCommonPlacementPolicy.chooseDatanodes(SCMCommonPlacementPolicy.java:141)
	at org.apache.hadoop.hdds.scm.container.placement.algorithms.SCMContainerPlacementRandom.chooseDatanodes(SCMContainerPlacementRandom.java:78)
	at org.apache.hadoop.hdds.scm.container.ReplicationManager.handleUnderReplicatedContainer(ReplicationManager.java:1221)
	at org.apache.hadoop.hdds.scm.container.ReplicationManager.processContainer(ReplicationManager.java:559)
	at org.apache.hadoop.hdds.scm.container.ReplicationManager.processAll(ReplicationManager.java:383)
	at org.apache.hadoop.hdds.scm.container.ReplicationManager.run(ReplicationManager.java:403)
	at java.lang.Thread.run(Thread.java:748)
2022-02-05 14:11:22,883 [ReplicationMonitor] ERROR scm.SCMCommonPlacementPolicy (SCMCommonPlacementPolicy.java:chooseDatanodes(140)) - No healthy node found to allocate container.
2022-02-05 14:11:22,883 [ReplicationMonitor] WARN  container.ReplicationManager (ReplicationManager.java:handleUnderReplicatedContainer(1257)) - Exception while replicating container 3.
org.apache.hadoop.hdds.scm.exceptions.SCMException: No healthy node found to allocate container.
	at org.apache.hadoop.hdds.scm.SCMCommonPlacementPolicy.chooseDatanodes(SCMCommonPlacementPolicy.java:141)
	at org.apache.hadoop.hdds.scm.container.placement.algorithms.SCMContainerPlacementRandom.chooseDatanodes(SCMContainerPlacementRandom.java:78)
	at org.apache.hadoop.hdds.scm.container.ReplicationManager.handleUnderReplicatedContainer(ReplicationManager.java:1221)
	at org.apache.hadoop.hdds.scm.container.ReplicationManager.processContainer(ReplicationManager.java:559)
	at org.apache.hadoop.hdds.scm.container.ReplicationManager.processAll(ReplicationManager.java:383)
	at org.apache.hadoop.hdds.scm.container.ReplicationManager.run(ReplicationManager.java:403)
	at java.lang.Thread.run(Thread.java:748)
2022-02-05 14:11:22,883 [ReplicationMonitor] ERROR scm.SCMCommonPlacementPolicy (SCMCommonPlacementPolicy.java:chooseDatanodes(140)) - No healthy node found to allocate container.
2022-02-05 14:11:22,883 [ReplicationMonitor] WARN  container.ReplicationManager (ReplicationManager.java:handleUnderReplicatedContainer(1257)) - Exception while replicating container 4.
org.apache.hadoop.hdds.scm.exceptions.SCMException: No healthy node found to allocate container.
	at org.apache.hadoop.hdds.scm.SCMCommonPlacementPolicy.chooseDatanodes(SCMCommonPlacementPolicy.java:141)
	at org.apache.hadoop.hdds.scm.container.placement.algorithms.SCMContainerPlacementRandom.chooseDatanodes(SCMContainerPlacementRandom.java:78)
	at org.apache.hadoop.hdds.scm.container.ReplicationManager.handleUnderReplicatedContainer(ReplicationManager.java:1221)
	at org.apache.hadoop.hdds.scm.container.ReplicationManager.processContainer(ReplicationManager.java:559)
	at org.apache.hadoop.hdds.scm.container.ReplicationManager.processAll(ReplicationManager.java:383)
	at org.apache.hadoop.hdds.scm.container.ReplicationManager.run(ReplicationManager.java:403)
	at java.lang.Thread.run(Thread.java:748)
2022-02-05 14:11:22,883 [ReplicationMonitor] ERROR scm.SCMCommonPlacementPolicy (SCMCommonPlacementPolicy.java:chooseDatanodes(140)) - No healthy node found to allocate container.
2022-02-05 14:11:22,883 [ReplicationMonitor] WARN  container.ReplicationManager (ReplicationManager.java:handleUnderReplicatedContainer(1257)) - Exception while replicating container 5.
org.apache.hadoop.hdds.scm.exceptions.SCMException: No healthy node found to allocate container.
	at org.apache.hadoop.hdds.scm.SCMCommonPlacementPolicy.chooseDatanodes(SCMCommonPlacementPolicy.java:141)
	at org.apache.hadoop.hdds.scm.container.placement.algorithms.SCMContainerPlacementRandom.chooseDatanodes(SCMContainerPlacementRandom.java:78)
	at org.apache.hadoop.hdds.scm.container.ReplicationManager.handleUnderReplicatedContainer(ReplicationManager.java:1221)
	at org.apache.hadoop.hdds.scm.container.ReplicationManager.processContainer(ReplicationManager.java:559)
	at org.apache.hadoop.hdds.scm.container.ReplicationManager.processAll(ReplicationManager.java:383)
	at org.apache.hadoop.hdds.scm.container.ReplicationManager.run(ReplicationManager.java:403)
	at java.lang.Thread.run(Thread.java:748)
2022-02-05 14:11:22,884 [ReplicationMonitor] ERROR scm.SCMCommonPlacementPolicy (SCMCommonPlacementPolicy.java:chooseDatanodes(140)) - No healthy node found to allocate container.
2022-02-05 14:11:22,884 [ReplicationMonitor] WARN  container.ReplicationManager (ReplicationManager.java:handleUnderReplicatedContainer(1257)) - Exception while replicating container 6.
org.apache.hadoop.hdds.scm.exceptions.SCMException: No healthy node found to allocate container.
	at org.apache.hadoop.hdds.scm.SCMCommonPlacementPolicy.chooseDatanodes(SCMCommonPlacementPolicy.java:141)
	at org.apache.hadoop.hdds.scm.container.placement.algorithms.SCMContainerPlacementRandom.chooseDatanodes(SCMContainerPlacementRandom.java:78)
	at org.apache.hadoop.hdds.scm.container.ReplicationManager.handleUnderReplicatedContainer(ReplicationManager.java:1221)
	at org.apache.hadoop.hdds.scm.container.ReplicationManager.processContainer(ReplicationManager.java:559)
	at org.apache.hadoop.hdds.scm.container.ReplicationManager.processAll(ReplicationManager.java:383)
	at org.apache.hadoop.hdds.scm.container.ReplicationManager.run(ReplicationManager.java:403)
	at java.lang.Thread.run(Thread.java:748)
2022-02-05 14:11:22,884 [ReplicationMonitor] INFO  container.ReplicationManager (ReplicationManager.java:processAll(387)) - Replication Monitor Thread took 1 milliseconds for processing 6 containers.
2022-02-05 14:11:23,217 [EventQueue-StaleNodeForStaleNodeHandler] INFO  node.StaleNodeHandler (StaleNodeHandler.java:onMessage(58)) - Datanode 98dc40bf-7053-48d3-aaeb-09ffe996ad7b{ip: 10.1.0.12, host: fv-az395-167.zfmzfyrfkyou3ow0tsr0jxwq1e.bx.internal.cloudapp.net, ports: [REPLICATION=43315, RATIS=39063, RATIS_ADMIN=39063, RATIS_SERVER=39063, STANDALONE=46797], networkLocation: /default-rack, certSerialId: null, persistedOpState: IN_SERVICE, persistedOpStateExpiryEpochSec: 0} moved to stale state. Finalizing its pipelines [PipelineID=6ea0f0eb-1a07-4c96-a763-446c05246684]
2022-02-05 14:11:23,218 [EventQueue-StaleNodeForStaleNodeHandler] INFO  pipeline.PipelineManagerImpl (PipelineManagerImpl.java:closePipeline(365)) - Pipeline Pipeline[ Id: 6ea0f0eb-1a07-4c96-a763-446c05246684, Nodes: 98dc40bf-7053-48d3-aaeb-09ffe996ad7b{ip: 10.1.0.12, host: fv-az395-167.zfmzfyrfkyou3ow0tsr0jxwq1e.bx.internal.cloudapp.net, ports: [REPLICATION=43315, RATIS=39063, RATIS_ADMIN=39063, RATIS_SERVER=39063, STANDALONE=46797], networkLocation: /default-rack, certSerialId: null, persistedOpState: IN_SERVICE, persistedOpStateExpiryEpochSec: 0}, ReplicationConfig: RATIS/ONE, State:OPEN, leaderId:98dc40bf-7053-48d3-aaeb-09ffe996ad7b, CreationTimestamp2022-02-05T14:10:55.801Z[Etc/UTC]] moved to CLOSED state
2022-02-05 14:11:23,887 [ReplicationMonitor] WARN  container.ReplicationManager (ReplicationManager.java:handleUnderReplicatedContainer(1253)) - Cannot replicate container #1, no healthy replica found.
2022-02-05 14:11:23,887 [ReplicationMonitor] WARN  container.ReplicationManager (ReplicationManager.java:handleUnderReplicatedContainer(1253)) - Cannot replicate container #2, no healthy replica found.
2022-02-05 14:11:23,887 [ReplicationMonitor] WARN  container.ReplicationManager (ReplicationManager.java:handleUnderReplicatedContainer(1253)) - Cannot replicate container #3, no healthy replica found.
2022-02-05 14:11:23,887 [ReplicationMonitor] WARN  container.ReplicationManager (ReplicationManager.java:handleUnderReplicatedContainer(1253)) - Cannot replicate container #4, no healthy replica found.
2022-02-05 14:11:23,887 [ReplicationMonitor] WARN  container.ReplicationManager (ReplicationManager.java:handleUnderReplicatedContainer(1253)) - Cannot replicate container #5, no healthy replica found.
2022-02-05 14:11:23,887 [ReplicationMonitor] WARN  container.ReplicationManager (ReplicationManager.java:handleUnderReplicatedContainer(1253)) - Cannot replicate container #6, no healthy replica found.
2022-02-05 14:11:23,888 [ReplicationMonitor] INFO  container.ReplicationManager (ReplicationManager.java:processAll(387)) - Replication Monitor Thread took 1 milliseconds for processing 6 containers.
2022-02-05 14:11:24,888 [ReplicationMonitor] WARN  container.ReplicationManager (ReplicationManager.java:handleUnderReplicatedContainer(1253)) - Cannot replicate container #1, no healthy replica found.
2022-02-05 14:11:24,888 [ReplicationMonitor] WARN  container.ReplicationManager (ReplicationManager.java:handleUnderReplicatedContainer(1253)) - Cannot replicate container #2, no healthy replica found.
2022-02-05 14:11:24,888 [ReplicationMonitor] WARN  container.ReplicationManager (ReplicationManager.java:handleUnderReplicatedContainer(1253)) - Cannot replicate container #3, no healthy replica found.
2022-02-05 14:11:24,889 [ReplicationMonitor] WARN  container.ReplicationManager (ReplicationManager.java:handleUnderReplicatedContainer(1253)) - Cannot replicate container #4, no healthy replica found.
2022-02-05 14:11:24,889 [ReplicationMonitor] WARN  container.ReplicationManager (ReplicationManager.java:handleUnderReplicatedContainer(1253)) - Cannot replicate container #5, no healthy replica found.
2022-02-05 14:11:24,889 [ReplicationMonitor] WARN  container.ReplicationManager (ReplicationManager.java:handleUnderReplicatedContainer(1253)) - Cannot replicate container #6, no healthy replica found.
2022-02-05 14:11:24,889 [ReplicationMonitor] INFO  container.ReplicationManager (ReplicationManager.java:processAll(387)) - Replication Monitor Thread took 1 milliseconds for processing 6 containers.
2022-02-05 14:11:25,582 [Mini-Cluster-Provider-Reap] INFO  ozoneimpl.OzoneContainer (OzoneContainer.java:stop(336)) - Attempting to stop container services.
2022-02-05 14:11:25,583 [Mini-Cluster-Provider-Reap] INFO  server.RaftServer (RaftServerProxy.java:lambda$close$6(391)) - 98dc40bf-7053-48d3-aaeb-09ffe996ad7b: close
2022-02-05 14:11:25,583 [Mini-Cluster-Provider-Reap] INFO  server.RaftServer$Division (RaftServerImpl.java:lambda$close$4(412)) - 98dc40bf-7053-48d3-aaeb-09ffe996ad7b@group-446C05246684: shutdown
2022-02-05 14:11:25,583 [Mini-Cluster-Provider-Reap] INFO  util.JmxRegister (JmxRegister.java:unregister(73)) - Successfully un-registered JMX Bean with object name Ratis:service=RaftServer,group=group-446C05246684,id=98dc40bf-7053-48d3-aaeb-09ffe996ad7b
2022-02-05 14:11:25,584 [Mini-Cluster-Provider-Reap] INFO  impl.RoleInfo (RoleInfo.java:shutdownLeaderState(91)) - 98dc40bf-7053-48d3-aaeb-09ffe996ad7b: shutdown 98dc40bf-7053-48d3-aaeb-09ffe996ad7b@group-446C05246684-LeaderStateImpl
2022-02-05 14:11:25,584 [Mini-Cluster-Provider-Reap] INFO  impl.PendingRequests (PendingRequests.java:sendNotLeaderResponses(282)) - 98dc40bf-7053-48d3-aaeb-09ffe996ad7b@group-446C05246684-PendingRequests: sendNotLeaderResponses
2022-02-05 14:11:25,585 [Mini-Cluster-Provider-Reap] INFO  impl.StateMachineUpdater (StateMachineUpdater.java:stopAndJoin(149)) - 98dc40bf-7053-48d3-aaeb-09ffe996ad7b@group-446C05246684-StateMachineUpdater: set stopIndex = 0
2022-02-05 14:11:25,586 [98dc40bf-7053-48d3-aaeb-09ffe996ad7b@group-446C05246684-StateMachineUpdater] INFO  ratis.ContainerStateMachine (ContainerStateMachine.java:takeSnapshot(299)) - group-446C05246684: Taking a snapshot at:(t:1, i:0) file /home/runner/work/ozone/ozone/hadoop-ozone/integration-test/target/test-dir/MiniOzoneClusterImpl-fb33837e-59ba-4f66-b45a-2fc6b23e16fb/datanode-0/data/ratis/6ea0f0eb-1a07-4c96-a763-446c05246684/sm/snapshot.1_0
2022-02-05 14:11:25,589 [98dc40bf-7053-48d3-aaeb-09ffe996ad7b@group-446C05246684-StateMachineUpdater] INFO  ratis.ContainerStateMachine (ContainerStateMachine.java:takeSnapshot(310)) - group-446C05246684: Finished taking a snapshot at:(t:1, i:0) file:/home/runner/work/ozone/ozone/hadoop-ozone/integration-test/target/test-dir/MiniOzoneClusterImpl-fb33837e-59ba-4f66-b45a-2fc6b23e16fb/datanode-0/data/ratis/6ea0f0eb-1a07-4c96-a763-446c05246684/sm/snapshot.1_0 took: 3 ms
2022-02-05 14:11:25,589 [98dc40bf-7053-48d3-aaeb-09ffe996ad7b@group-446C05246684-StateMachineUpdater] INFO  impl.StateMachineUpdater (StateMachineUpdater.java:takeSnapshot(281)) - 98dc40bf-7053-48d3-aaeb-09ffe996ad7b@group-446C05246684-StateMachineUpdater: Took a snapshot at index 0
2022-02-05 14:11:25,589 [98dc40bf-7053-48d3-aaeb-09ffe996ad7b@group-446C05246684-StateMachineUpdater] INFO  impl.StateMachineUpdater (StateMachineUpdater.java:lambda$new$0(89)) - 98dc40bf-7053-48d3-aaeb-09ffe996ad7b@group-446C05246684-StateMachineUpdater: snapshotIndex: updateIncreasingly -1 -> 0
2022-02-05 14:11:25,590 [Mini-Cluster-Provider-Reap] INFO  server.RaftServer$Division (ServerState.java:close(419)) - 98dc40bf-7053-48d3-aaeb-09ffe996ad7b@group-446C05246684: closes. applyIndex: 0
2022-02-05 14:11:25,590 [98dc40bf-7053-48d3-aaeb-09ffe996ad7b@group-446C05246684-SegmentedRaftLogWorker] INFO  segmented.SegmentedRaftLogWorker (SegmentedRaftLogWorker.java:run(327)) - 98dc40bf-7053-48d3-aaeb-09ffe996ad7b@group-446C05246684-SegmentedRaftLogWorker was interrupted, exiting. There are 0 tasks remaining in the queue.
2022-02-05 14:11:25,591 [Mini-Cluster-Provider-Reap] INFO  segmented.SegmentedRaftLogWorker (SegmentedRaftLogWorker.java:close(237)) - 98dc40bf-7053-48d3-aaeb-09ffe996ad7b@group-446C05246684-SegmentedRaftLogWorker close()
2022-02-05 14:11:25,591 [Mini-Cluster-Provider-Reap] INFO  server.GrpcService (GrpcService.java:closeImpl(262)) - 98dc40bf-7053-48d3-aaeb-09ffe996ad7b: shutdown server with port 39063 now
2022-02-05 14:11:25,592 [Mini-Cluster-Provider-Reap] INFO  server.GrpcService (GrpcService.java:closeImpl(271)) - 98dc40bf-7053-48d3-aaeb-09ffe996ad7b: shutdown server with port 39063 successfully
2022-02-05 14:11:25,592 [org.apache.ratis.util.JvmPauseMonitor$$Lambda$541/1606256405@417dfea8] INFO  util.JvmPauseMonitor (JvmPauseMonitor.java:run(109)) - JvmPauseMonitor-98dc40bf-7053-48d3-aaeb-09ffe996ad7b: Stopped
2022-02-05 14:11:25,889 [ReplicationMonitor] WARN  container.ReplicationManager (ReplicationManager.java:handleUnderReplicatedContainer(1253)) - Cannot replicate container #1, no healthy replica found.
2022-02-05 14:11:25,889 [ReplicationMonitor] WARN  container.ReplicationManager (ReplicationManager.java:handleUnderReplicatedContainer(1253)) - Cannot replicate container #2, no healthy replica found.
2022-02-05 14:11:25,889 [ReplicationMonitor] WARN  container.ReplicationManager (ReplicationManager.java:handleUnderReplicatedContainer(1253)) - Cannot replicate container #3, no healthy replica found.
2022-02-05 14:11:25,889 [ReplicationMonitor] WARN  container.ReplicationManager (ReplicationManager.java:handleUnderReplicatedContainer(1253)) - Cannot replicate container #4, no healthy replica found.
2022-02-05 14:11:25,889 [ReplicationMonitor] WARN  container.ReplicationManager (ReplicationManager.java:handleUnderReplicatedContainer(1253)) - Cannot replicate container #5, no healthy replica found.
2022-02-05 14:11:25,890 [ReplicationMonitor] WARN  container.ReplicationManager (ReplicationManager.java:handleUnderReplicatedContainer(1253)) - Cannot replicate container #6, no healthy replica found.
2022-02-05 14:11:25,890 [ReplicationMonitor] INFO  container.ReplicationManager (ReplicationManager.java:processAll(387)) - Replication Monitor Thread took 1 milliseconds for processing 6 containers.
2022-02-05 14:11:26,229 [EventQueue-DeadNodeForDeadNodeHandler] INFO  node.DeadNodeHandler (DeadNodeHandler.java:onMessage(80)) - A dead datanode is detected. 98dc40bf-7053-48d3-aaeb-09ffe996ad7b{ip: 10.1.0.12, host: fv-az395-167.zfmzfyrfkyou3ow0tsr0jxwq1e.bx.internal.cloudapp.net, ports: [REPLICATION=43315, RATIS=39063, RATIS_ADMIN=39063, RATIS_SERVER=39063, STANDALONE=46797], networkLocation: /default-rack, certSerialId: null, persistedOpState: IN_SERVICE, persistedOpStateExpiryEpochSec: 0}
2022-02-05 14:11:26,230 [EventQueue-DeadNodeForDeadNodeHandler] INFO  pipeline.RatisPipelineProvider (RatisPipelineProvider.java:lambda$close$1(222)) - Send pipeline:PipelineID=6ea0f0eb-1a07-4c96-a763-446c05246684 close command to datanode 98dc40bf-7053-48d3-aaeb-09ffe996ad7b
2022-02-05 14:11:26,230 [EventQueue-DeadNodeForDeadNodeHandler] INFO  pipeline.PipelineStateManagerImpl (PipelineStateManagerImpl.java:removePipeline(223)) - Pipeline Pipeline[ Id: 6ea0f0eb-1a07-4c96-a763-446c05246684, Nodes: 98dc40bf-7053-48d3-aaeb-09ffe996ad7b{ip: 10.1.0.12, host: fv-az395-167.zfmzfyrfkyou3ow0tsr0jxwq1e.bx.internal.cloudapp.net, ports: [REPLICATION=43315, RATIS=39063, RATIS_ADMIN=39063, RATIS_SERVER=39063, STANDALONE=46797], networkLocation: /default-rack, certSerialId: null, persistedOpState: IN_SERVICE, persistedOpStateExpiryEpochSec: 0}, ReplicationConfig: RATIS/ONE, State:CLOSED, leaderId:98dc40bf-7053-48d3-aaeb-09ffe996ad7b, CreationTimestamp2022-02-05T14:10:55.801Z[Etc/UTC]] removed.
2022-02-05 14:11:26,230 [EventQueue-DeadNodeForDeadNodeHandler] INFO  net.NetworkTopologyImpl (NetworkTopologyImpl.java:remove(137)) - Removed a node: /default-rack/98dc40bf-7053-48d3-aaeb-09ffe996ad7b
2022-02-05 14:11:26,890 [ReplicationMonitor] WARN  container.ReplicationManager (ReplicationManager.java:handleUnderReplicatedContainer(1253)) - Cannot replicate container #1, no healthy replica found.
2022-02-05 14:11:26,890 [ReplicationMonitor] WARN  container.ReplicationManager (ReplicationManager.java:handleUnderReplicatedContainer(1253)) - Cannot replicate container #2, no healthy replica found.
2022-02-05 14:11:26,890 [ReplicationMonitor] WARN  container.ReplicationManager (ReplicationManager.java:handleUnderReplicatedContainer(1253)) - Cannot replicate container #3, no healthy replica found.
2022-02-05 14:11:26,890 [ReplicationMonitor] WARN  container.ReplicationManager (ReplicationManager.java:handleUnderReplicatedContainer(1253)) - Cannot replicate container #4, no healthy replica found.
2022-02-05 14:11:26,890 [ReplicationMonitor] WARN  container.ReplicationManager (ReplicationManager.java:handleUnderReplicatedContainer(1253)) - Cannot replicate container #5, no healthy replica found.
2022-02-05 14:11:26,890 [ReplicationMonitor] WARN  container.ReplicationManager (ReplicationManager.java:handleUnderReplicatedContainer(1253)) - Cannot replicate container #6, no healthy replica found.
2022-02-05 14:11:26,890 [ReplicationMonitor] INFO  container.ReplicationManager (ReplicationManager.java:processAll(387)) - Replication Monitor Thread took 1 milliseconds for processing 6 containers.
2022-02-05 14:11:27,628 [Mini-Cluster-Provider-Reap] INFO  utils.BackgroundService (BackgroundService.java:shutdown(132)) - Shutting down service BlockDeletingService
2022-02-05 14:11:27,891 [ReplicationMonitor] WARN  container.ReplicationManager (ReplicationManager.java:handleUnderReplicatedContainer(1253)) - Cannot replicate container #1, no healthy replica found.
2022-02-05 14:11:27,891 [ReplicationMonitor] WARN  container.ReplicationManager (ReplicationManager.java:handleUnderReplicatedContainer(1253)) - Cannot replicate container #2, no healthy replica found.
2022-02-05 14:11:27,891 [ReplicationMonitor] WARN  container.ReplicationManager (ReplicationManager.java:handleUnderReplicatedContainer(1253)) - Cannot replicate container #3, no healthy replica found.
2022-02-05 14:11:27,891 [ReplicationMonitor] WARN  container.ReplicationManager (ReplicationManager.java:handleUnderReplicatedContainer(1253)) - Cannot replicate container #4, no healthy replica found.
2022-02-05 14:11:27,891 [ReplicationMonitor] WARN  container.ReplicationManager (ReplicationManager.java:handleUnderReplicatedContainer(1253)) - Cannot replicate container #5, no healthy replica found.
2022-02-05 14:11:27,891 [ReplicationMonitor] WARN  container.ReplicationManager (ReplicationManager.java:handleUnderReplicatedContainer(1253)) - Cannot replicate container #6, no healthy replica found.
2022-02-05 14:11:27,891 [ReplicationMonitor] INFO  container.ReplicationManager (ReplicationManager.java:processAll(387)) - Replication Monitor Thread took 1 milliseconds for processing 6 containers.
2022-02-05 14:11:28,892 [ReplicationMonitor] WARN  container.ReplicationManager (ReplicationManager.java:handleUnderReplicatedContainer(1253)) - Cannot replicate container #1, no healthy replica found.
2022-02-05 14:11:28,892 [ReplicationMonitor] WARN  container.ReplicationManager (ReplicationManager.java:handleUnderReplicatedContainer(1253)) - Cannot replicate container #2, no healthy replica found.
2022-02-05 14:11:28,892 [ReplicationMonitor] WARN  container.ReplicationManager (ReplicationManager.java:handleUnderReplicatedContainer(1253)) - Cannot replicate container #3, no healthy replica found.
2022-02-05 14:11:28,892 [ReplicationMonitor] WARN  container.ReplicationManager (ReplicationManager.java:handleUnderReplicatedContainer(1253)) - Cannot replicate container #4, no healthy replica found.
2022-02-05 14:11:28,892 [ReplicationMonitor] WARN  container.ReplicationManager (ReplicationManager.java:handleUnderReplicatedContainer(1253)) - Cannot replicate container #5, no healthy replica found.
2022-02-05 14:11:28,892 [ReplicationMonitor] WARN  container.ReplicationManager (ReplicationManager.java:handleUnderReplicatedContainer(1253)) - Cannot replicate container #6, no healthy replica found.
2022-02-05 14:11:28,892 [ReplicationMonitor] INFO  container.ReplicationManager (ReplicationManager.java:processAll(387)) - Replication Monitor Thread took 1 milliseconds for processing 6 containers.
2022-02-05 14:11:29,892 [ReplicationMonitor] WARN  container.ReplicationManager (ReplicationManager.java:handleUnderReplicatedContainer(1253)) - Cannot replicate container #1, no healthy replica found.
2022-02-05 14:11:29,893 [ReplicationMonitor] WARN  container.ReplicationManager (ReplicationManager.java:handleUnderReplicatedContainer(1253)) - Cannot replicate container #2, no healthy replica found.
2022-02-05 14:11:29,893 [ReplicationMonitor] WARN  container.ReplicationManager (ReplicationManager.java:handleUnderReplicatedContainer(1253)) - Cannot replicate container #3, no healthy replica found.
2022-02-05 14:11:29,893 [ReplicationMonitor] WARN  container.ReplicationManager (ReplicationManager.java:handleUnderReplicatedContainer(1253)) - Cannot replicate container #4, no healthy replica found.
2022-02-05 14:11:29,893 [ReplicationMonitor] WARN  container.ReplicationManager (ReplicationManager.java:handleUnderReplicatedContainer(1253)) - Cannot replicate container #5, no healthy replica found.
2022-02-05 14:11:29,893 [ReplicationMonitor] WARN  container.ReplicationManager (ReplicationManager.java:handleUnderReplicatedContainer(1253)) - Cannot replicate container #6, no healthy replica found.
2022-02-05 14:11:29,893 [ReplicationMonitor] INFO  container.ReplicationManager (ReplicationManager.java:processAll(387)) - Replication Monitor Thread took 0 milliseconds for processing 6 containers.
2022-02-05 14:11:30,641 [Mini-Cluster-Provider-Reap] INFO  statemachine.DatanodeStateMachine (DatanodeStateMachine.java:stopDaemon(529)) - Ozone container server stopped.
2022-02-05 14:11:30,642 [Mini-Cluster-Provider-Reap] INFO  handler.ContextHandler (ContextHandler.java:doStop(1153)) - Stopped o.e.j.w.WebAppContext@63675e7b{hddsDatanode,/,null,STOPPED}{jar:file:/home/runner/.m2/repository/org/apache/ozone/hdds-container-service/1.3.0-SNAPSHOT/hdds-container-service-1.3.0-SNAPSHOT.jar!/webapps/hddsDatanode}
2022-02-05 14:11:30,643 [Mini-Cluster-Provider-Reap] INFO  server.AbstractConnector (AbstractConnector.java:doStop(381)) - Stopped ServerConnector@50917802{HTTP/1.1, (http/1.1)}{0.0.0.0:0}
2022-02-05 14:11:30,643 [Mini-Cluster-Provider-Reap] INFO  server.session (HouseKeeper.java:stopScavenging(149)) - node0 Stopped scavenging
2022-02-05 14:11:30,643 [Mini-Cluster-Provider-Reap] INFO  handler.ContextHandler (ContextHandler.java:doStop(1153)) - Stopped o.e.j.s.ServletContextHandler@181999b8{static,/static,jar:file:/home/runner/.m2/repository/org/apache/ozone/hdds-container-service/1.3.0-SNAPSHOT/hdds-container-service-1.3.0-SNAPSHOT.jar!/webapps/static,STOPPED}
2022-02-05 14:11:30,643 [Mini-Cluster-Provider-Reap] INFO  handler.ContextHandler (ContextHandler.java:doStop(1153)) - Stopped o.e.j.s.ServletContextHandler@50dc1096{logs,/logs,file:///home/runner/work/ozone/ozone/hadoop-ozone/integration-test/target/log,STOPPED}
2022-02-05 14:11:30,645 [Mini-Cluster-Provider-Reap] INFO  ozone.MiniOzoneClusterImpl (MiniOzoneClusterImpl.java:stopSCM(526)) - Stopping the StorageContainerManager
2022-02-05 14:11:30,645 [Mini-Cluster-Provider-Reap] INFO  server.StorageContainerManager (StorageContainerManager.java:stop(1390)) - Stopping Container Balancer service.
2022-02-05 14:11:30,645 [Mini-Cluster-Provider-Reap] INFO  balancer.ContainerBalancer (ContainerBalancer.java:stop(751)) - Container Balancer is not running.
2022-02-05 14:11:30,645 [Mini-Cluster-Provider-Reap] INFO  server.StorageContainerManager (StorageContainerManager.java:stop(1397)) - Stopping Replication Manager Service.
2022-02-05 14:11:30,645 [Mini-Cluster-Provider-Reap] INFO  container.ReplicationManager (ReplicationManager.java:stop(357)) - Stopping Replication Monitor Thread.
2022-02-05 14:11:30,646 [Mini-Cluster-Provider-Reap] INFO  server.StorageContainerManager (StorageContainerManager.java:stop(1404)) - Stopping the Datanode Admin Monitor.
2022-02-05 14:11:30,646 [Mini-Cluster-Provider-Reap] INFO  server.StorageContainerManager (StorageContainerManager.java:stop(1411)) - Stopping Lease Manager of the command watchers
2022-02-05 14:11:30,646 [Mini-Cluster-Provider-Reap] INFO  server.StorageContainerManager (StorageContainerManager.java:stop(1418)) - Stopping datanode service RPC server
2022-02-05 14:11:30,646 [Mini-Cluster-Provider-Reap] INFO  server.SCMDatanodeProtocolServer (SCMDatanodeProtocolServer.java:stop(390)) - Stopping the RPC server for DataNodes
2022-02-05 14:11:30,650 [Mini-Cluster-Provider-Reap] INFO  ipc.Server (Server.java:stop(3414)) - Stopping server on 35371
2022-02-05 14:11:30,681 [IPC Server listener on 35371] INFO  ipc.Server (Server.java:run(1376)) - Stopping IPC Server listener on 35371
2022-02-05 14:11:30,681 [IPC Server Responder] INFO  ipc.Server (Server.java:run(1512)) - Stopping IPC Server Responder
2022-02-05 14:11:30,742 [SCM Heartbeat Processing Thread - 0] WARN  node.NodeStateManager (NodeStateManager.java:scheduleNextHealthCheck(799)) - Current Thread is interrupted, shutting down HB processing thread for Node Manager.
2022-02-05 14:11:30,743 [Mini-Cluster-Provider-Reap] INFO  server.StorageContainerManager (StorageContainerManager.java:stop(1426)) - Stopping block service RPC server
2022-02-05 14:11:30,743 [Mini-Cluster-Provider-Reap] INFO  server.SCMBlockProtocolServer (SCMBlockProtocolServer.java:stop(160)) - Stopping the RPC server for Block Protocol
2022-02-05 14:11:30,748 [Mini-Cluster-Provider-Reap] INFO  ipc.Server (Server.java:stop(3414)) - Stopping server on 42007
2022-02-05 14:11:30,752 [Mini-Cluster-Provider-Reap] INFO  server.StorageContainerManager (StorageContainerManager.java:stop(1433)) - Stopping the StorageContainerLocationProtocol RPC server
2022-02-05 14:11:30,752 [Mini-Cluster-Provider-Reap] INFO  server.SCMClientProtocolServer (SCMClientProtocolServer.java:stop(174)) - Stopping the RPC server for Client Protocol
2022-02-05 14:11:30,752 [IPC Server Responder] INFO  ipc.Server (Server.java:run(1512)) - Stopping IPC Server Responder
2022-02-05 14:11:30,753 [IPC Server listener on 42007] INFO  ipc.Server (Server.java:run(1376)) - Stopping IPC Server listener on 42007
2022-02-05 14:11:30,768 [Mini-Cluster-Provider-Reap] INFO  ipc.Server (Server.java:stop(3414)) - Stopping server on 46763
2022-02-05 14:11:30,783 [Mini-Cluster-Provider-Reap] INFO  server.StorageContainerManager (StorageContainerManager.java:stop(1440)) - Stopping Storage Container Manager HTTP server.
2022-02-05 14:11:30,785 [IPC Server listener on 46763] INFO  ipc.Server (Server.java:run(1376)) - Stopping IPC Server listener on 46763
2022-02-05 14:11:30,785 [Mini-Cluster-Provider-Reap] INFO  handler.ContextHandler (ContextHandler.java:doStop(1153)) - Stopped o.e.j.w.WebAppContext@49770ef9{scm,/,null,STOPPED}{file:/home/runner/work/ozone/ozone/hadoop-ozone/integration-test/target/test-classes/webapps/scm}
2022-02-05 14:11:30,786 [Mini-Cluster-Provider-Reap] INFO  server.AbstractConnector (AbstractConnector.java:doStop(381)) - Stopped ServerConnector@78a34c47{HTTP/1.1, (http/1.1)}{0.0.0.0:38039}
2022-02-05 14:11:30,786 [Mini-Cluster-Provider-Reap] INFO  server.session (HouseKeeper.java:stopScavenging(149)) - node0 Stopped scavenging
2022-02-05 14:11:30,787 [Mini-Cluster-Provider-Reap] INFO  handler.ContextHandler (ContextHandler.java:doStop(1153)) - Stopped o.e.j.s.ServletContextHandler@4a34de5e{static,/static,file:///home/runner/work/ozone/ozone/hadoop-ozone/integration-test/target/test-classes/webapps/static,STOPPED}
2022-02-05 14:11:30,787 [Mini-Cluster-Provider-Reap] INFO  handler.ContextHandler (ContextHandler.java:doStop(1153)) - Stopped o.e.j.s.ServletContextHandler@72c175f1{logs,/logs,file:///home/runner/work/ozone/ozone/hadoop-ozone/integration-test/target/log,STOPPED}
2022-02-05 14:11:30,789 [Mini-Cluster-Provider-Reap] INFO  server.StorageContainerManager (StorageContainerManager.java:stop(1451)) - Stopping Block Manager Service.
2022-02-05 14:11:30,789 [Mini-Cluster-Provider-Reap] INFO  utils.BackgroundService (BackgroundService.java:shutdown(132)) - Shutting down service SCMBlockDeletingService
2022-02-05 14:11:30,806 [Mini-Cluster-Provider-Reap] INFO  utils.BackgroundService (BackgroundService.java:shutdown(132)) - Shutting down service SCMBlockDeletingService
2022-02-05 14:11:30,806 [Mini-Cluster-Provider-Reap] INFO  server.StorageContainerManager (StorageContainerManager.java:stop(1478)) - Stopping SCM Event Queue.
2022-02-05 14:11:30,809 [IPC Server Responder] INFO  ipc.Server (Server.java:run(1512)) - Stopping IPC Server Responder
2022-02-05 14:11:30,815 [Mini-Cluster-Provider-Reap] INFO  server.StorageContainerManager (StorageContainerManager.java:stop(1489)) - Stopping SCM HA services.
2022-02-05 14:11:30,815 [Mini-Cluster-Provider-Reap] INFO  pipeline.BackgroundPipelineCreator (BackgroundPipelineCreator.java:stop(158)) - Stopping RatisPipelineUtilsThread.
2022-02-05 14:11:30,815 [Mini-Cluster-Provider-Reap] INFO  server.StorageContainerManager (StorageContainerManager.java:stop(1499)) - Stopping SCM MetadataStore.
2022-02-05 14:11:30,816 [Mini-Cluster-Provider-Reap] INFO  impl.MetricsSystemImpl (MetricsSystemImpl.java:stop(205)) - StorageContainerManager metrics system stopped (again)
]]></system-out>
  </testcase>
  <testcase name="testEnteringMaintenanceNodeCompletesAfterSCMRestart" classname="org.apache.hadoop.ozone.scm.node.TestDecommissionAndMaintenance" time="100.007">
    <error message="Failed to obtain available cluster in time" type="java.io.IOException">java.io.IOException: Failed to obtain available cluster in time
	at org.apache.hadoop.ozone.MiniOzoneClusterProvider.provide(MiniOzoneClusterProvider.java:162)
	at org.apache.hadoop.ozone.scm.node.TestDecommissionAndMaintenance.setUp(TestDecommissionAndMaintenance.java:142)
	at sun.reflect.NativeMethodAccessorImpl.invoke0(Native Method)
	at sun.reflect.NativeMethodAccessorImpl.invoke(NativeMethodAccessorImpl.java:62)
	at sun.reflect.DelegatingMethodAccessorImpl.invoke(DelegatingMethodAccessorImpl.java:43)
	at java.lang.reflect.Method.invoke(Method.java:498)
	at org.junit.runners.model.FrameworkMethod$1.runReflectiveCall(FrameworkMethod.java:59)
	at org.junit.internal.runners.model.ReflectiveCallable.run(ReflectiveCallable.java:12)
	at org.junit.runners.model.FrameworkMethod.invokeExplosively(FrameworkMethod.java:56)
	at org.junit.internal.runners.statements.RunBefores.invokeMethod(RunBefores.java:33)
	at org.junit.internal.runners.statements.RunBefores.evaluate(RunBefores.java:24)
	at org.junit.internal.runners.statements.RunAfters.evaluate(RunAfters.java:27)
	at org.junit.runners.ParentRunner$3.evaluate(ParentRunner.java:306)
	at org.junit.runners.BlockJUnit4ClassRunner$1.evaluate(BlockJUnit4ClassRunner.java:100)
	at org.junit.runners.ParentRunner.runLeaf(ParentRunner.java:366)
	at org.junit.runners.BlockJUnit4ClassRunner.runChild(BlockJUnit4ClassRunner.java:103)
	at org.junit.runners.BlockJUnit4ClassRunner.runChild(BlockJUnit4ClassRunner.java:63)
	at org.junit.runners.ParentRunner$4.run(ParentRunner.java:331)
	at org.junit.runners.ParentRunner$1.schedule(ParentRunner.java:79)
	at org.junit.runners.ParentRunner.runChildren(ParentRunner.java:329)
	at org.junit.runners.ParentRunner.access$100(ParentRunner.java:66)
	at org.junit.runners.ParentRunner$2.evaluate(ParentRunner.java:293)
	at org.junit.internal.runners.statements.RunBefores.evaluate(RunBefores.java:26)
	at org.junit.internal.runners.statements.RunAfters.evaluate(RunAfters.java:27)
	at org.junit.runners.ParentRunner$3.evaluate(ParentRunner.java:306)
	at org.junit.runners.ParentRunner.run(ParentRunner.java:413)
	at org.junit.runner.JUnitCore.run(JUnitCore.java:137)
	at org.junit.runner.JUnitCore.run(JUnitCore.java:115)
	at org.junit.vintage.engine.execution.RunnerExecutor.execute(RunnerExecutor.java:43)
	at java.util.stream.ForEachOps$ForEachOp$OfRef.accept(ForEachOps.java:183)
	at java.util.stream.ReferencePipeline$3$1.accept(ReferencePipeline.java:193)
	at java.util.Iterator.forEachRemaining(Iterator.java:116)
	at java.util.Spliterators$IteratorSpliterator.forEachRemaining(Spliterators.java:1801)
	at java.util.stream.AbstractPipeline.copyInto(AbstractPipeline.java:482)
	at java.util.stream.AbstractPipeline.wrapAndCopyInto(AbstractPipeline.java:472)
	at java.util.stream.ForEachOps$ForEachOp.evaluateSequential(ForEachOps.java:150)
	at java.util.stream.ForEachOps$ForEachOp$OfRef.evaluateSequential(ForEachOps.java:173)
	at java.util.stream.AbstractPipeline.evaluate(AbstractPipeline.java:234)
	at java.util.stream.ReferencePipeline.forEach(ReferencePipeline.java:485)
	at org.junit.vintage.engine.VintageTestEngine.executeAllChildren(VintageTestEngine.java:82)
	at org.junit.vintage.engine.VintageTestEngine.execute(VintageTestEngine.java:73)
	at org.junit.platform.launcher.core.EngineExecutionOrchestrator.execute(EngineExecutionOrchestrator.java:108)
	at org.junit.platform.launcher.core.EngineExecutionOrchestrator.execute(EngineExecutionOrchestrator.java:88)
	at org.junit.platform.launcher.core.EngineExecutionOrchestrator.lambda$execute$0(EngineExecutionOrchestrator.java:54)
	at org.junit.platform.launcher.core.EngineExecutionOrchestrator.withInterceptedStreams(EngineExecutionOrchestrator.java:67)
	at org.junit.platform.launcher.core.EngineExecutionOrchestrator.execute(EngineExecutionOrchestrator.java:52)
	at org.junit.platform.launcher.core.DefaultLauncher.execute(DefaultLauncher.java:96)
	at org.junit.platform.launcher.core.DefaultLauncher.execute(DefaultLauncher.java:75)
	at org.apache.maven.surefire.junitplatform.JUnitPlatformProvider.invokeAllTests(JUnitPlatformProvider.java:142)
	at org.apache.maven.surefire.junitplatform.JUnitPlatformProvider.invoke(JUnitPlatformProvider.java:113)
	at org.apache.maven.surefire.booter.ForkedBooter.invokeProviderInSameClassLoader(ForkedBooter.java:384)
	at org.apache.maven.surefire.booter.ForkedBooter.runSuitesInProcess(ForkedBooter.java:345)
	at org.apache.maven.surefire.booter.ForkedBooter.execute(ForkedBooter.java:126)
	at org.apache.maven.surefire.booter.ForkedBooter.main(ForkedBooter.java:418)
</error>
  </testcase>
  <testcase name="testDecommissioningNodesCompleteDecommissionOnSCMRestart" classname="org.apache.hadoop.ozone.scm.node.TestDecommissionAndMaintenance" time="100.001">
    <error message="Failed to obtain available cluster in time" type="java.io.IOException">java.io.IOException: Failed to obtain available cluster in time
	at org.apache.hadoop.ozone.MiniOzoneClusterProvider.provide(MiniOzoneClusterProvider.java:162)
	at org.apache.hadoop.ozone.scm.node.TestDecommissionAndMaintenance.setUp(TestDecommissionAndMaintenance.java:142)
	at sun.reflect.NativeMethodAccessorImpl.invoke0(Native Method)
	at sun.reflect.NativeMethodAccessorImpl.invoke(NativeMethodAccessorImpl.java:62)
	at sun.reflect.DelegatingMethodAccessorImpl.invoke(DelegatingMethodAccessorImpl.java:43)
	at java.lang.reflect.Method.invoke(Method.java:498)
	at org.junit.runners.model.FrameworkMethod$1.runReflectiveCall(FrameworkMethod.java:59)
	at org.junit.internal.runners.model.ReflectiveCallable.run(ReflectiveCallable.java:12)
	at org.junit.runners.model.FrameworkMethod.invokeExplosively(FrameworkMethod.java:56)
	at org.junit.internal.runners.statements.RunBefores.invokeMethod(RunBefores.java:33)
	at org.junit.internal.runners.statements.RunBefores.evaluate(RunBefores.java:24)
	at org.junit.internal.runners.statements.RunAfters.evaluate(RunAfters.java:27)
	at org.junit.runners.ParentRunner$3.evaluate(ParentRunner.java:306)
	at org.junit.runners.BlockJUnit4ClassRunner$1.evaluate(BlockJUnit4ClassRunner.java:100)
	at org.junit.runners.ParentRunner.runLeaf(ParentRunner.java:366)
	at org.junit.runners.BlockJUnit4ClassRunner.runChild(BlockJUnit4ClassRunner.java:103)
	at org.junit.runners.BlockJUnit4ClassRunner.runChild(BlockJUnit4ClassRunner.java:63)
	at org.junit.runners.ParentRunner$4.run(ParentRunner.java:331)
	at org.junit.runners.ParentRunner$1.schedule(ParentRunner.java:79)
	at org.junit.runners.ParentRunner.runChildren(ParentRunner.java:329)
	at org.junit.runners.ParentRunner.access$100(ParentRunner.java:66)
	at org.junit.runners.ParentRunner$2.evaluate(ParentRunner.java:293)
	at org.junit.internal.runners.statements.RunBefores.evaluate(RunBefores.java:26)
	at org.junit.internal.runners.statements.RunAfters.evaluate(RunAfters.java:27)
	at org.junit.runners.ParentRunner$3.evaluate(ParentRunner.java:306)
	at org.junit.runners.ParentRunner.run(ParentRunner.java:413)
	at org.junit.runner.JUnitCore.run(JUnitCore.java:137)
	at org.junit.runner.JUnitCore.run(JUnitCore.java:115)
	at org.junit.vintage.engine.execution.RunnerExecutor.execute(RunnerExecutor.java:43)
	at java.util.stream.ForEachOps$ForEachOp$OfRef.accept(ForEachOps.java:183)
	at java.util.stream.ReferencePipeline$3$1.accept(ReferencePipeline.java:193)
	at java.util.Iterator.forEachRemaining(Iterator.java:116)
	at java.util.Spliterators$IteratorSpliterator.forEachRemaining(Spliterators.java:1801)
	at java.util.stream.AbstractPipeline.copyInto(AbstractPipeline.java:482)
	at java.util.stream.AbstractPipeline.wrapAndCopyInto(AbstractPipeline.java:472)
	at java.util.stream.ForEachOps$ForEachOp.evaluateSequential(ForEachOps.java:150)
	at java.util.stream.ForEachOps$ForEachOp$OfRef.evaluateSequential(ForEachOps.java:173)
	at java.util.stream.AbstractPipeline.evaluate(AbstractPipeline.java:234)
	at java.util.stream.ReferencePipeline.forEach(ReferencePipeline.java:485)
	at org.junit.vintage.engine.VintageTestEngine.executeAllChildren(VintageTestEngine.java:82)
	at org.junit.vintage.engine.VintageTestEngine.execute(VintageTestEngine.java:73)
	at org.junit.platform.launcher.core.EngineExecutionOrchestrator.execute(EngineExecutionOrchestrator.java:108)
	at org.junit.platform.launcher.core.EngineExecutionOrchestrator.execute(EngineExecutionOrchestrator.java:88)
	at org.junit.platform.launcher.core.EngineExecutionOrchestrator.lambda$execute$0(EngineExecutionOrchestrator.java:54)
	at org.junit.platform.launcher.core.EngineExecutionOrchestrator.withInterceptedStreams(EngineExecutionOrchestrator.java:67)
	at org.junit.platform.launcher.core.EngineExecutionOrchestrator.execute(EngineExecutionOrchestrator.java:52)
	at org.junit.platform.launcher.core.DefaultLauncher.execute(DefaultLauncher.java:96)
	at org.junit.platform.launcher.core.DefaultLauncher.execute(DefaultLauncher.java:75)
	at org.apache.maven.surefire.junitplatform.JUnitPlatformProvider.invokeAllTests(JUnitPlatformProvider.java:142)
	at org.apache.maven.surefire.junitplatform.JUnitPlatformProvider.invoke(JUnitPlatformProvider.java:113)
	at org.apache.maven.surefire.booter.ForkedBooter.invokeProviderInSameClassLoader(ForkedBooter.java:384)
	at org.apache.maven.surefire.booter.ForkedBooter.runSuitesInProcess(ForkedBooter.java:345)
	at org.apache.maven.surefire.booter.ForkedBooter.execute(ForkedBooter.java:126)
	at org.apache.maven.surefire.booter.ForkedBooter.main(ForkedBooter.java:418)
</error>
  </testcase>
</testsuite>