<?xml version="1.0" encoding="UTF-8"?>
<testsuite xmlns:xsi="http://www.w3.org/2001/XMLSchema-instance" xsi:noNamespaceSchemaLocation="https://maven.apache.org/surefire/maven-surefire-plugin/xsd/surefire-test-report-3.0.xsd" version="3.0" name="org.apache.hadoop.ozone.om.snapshot.TestSnapshotDirectoryCleaningService" time="43.654" tests="1" errors="0" skipped="0" failures="1">
  <properties>
    <property name="java.specification.version" value="17"/>
    <property name="sun.jnu.encoding" value="UTF-8"/>
    <property name="gradle.enterprise.listener.surefire.forkId" value="1"/>
    <property name="java.class.path" value="/home/runner/work/ozone/ozone/hadoop-ozone/integration-test/target/test-classes:/home/runner/work/ozone/ozone/hadoop-ozone/integration-test/target/classes:/home/runner/work/ozone/ozone/hadoop-ozone/common/target/classes:/home/runner/.m2/repository/io/grpc/grpc-netty/1.58.0/grpc-netty-1.58.0.jar:/home/runner/.m2/repository/io/grpc/grpc-core/1.58.0/grpc-core-1.58.0.jar:/home/runner/.m2/repository/com/google/android/annotations/4.1.1.4/annotations-4.1.1.4.jar:/home/runner/.m2/repository/org/codehaus/mojo/animal-sniffer-annotations/1.23/animal-sniffer-annotations-1.23.jar:/home/runner/.m2/repository/io/grpc/grpc-context/1.58.0/grpc-context-1.58.0.jar:/home/runner/.m2/repository/io/grpc/grpc-util/1.58.0/grpc-util-1.58.0.jar:/home/runner/.m2/repository/com/google/errorprone/error_prone_annotations/2.2.0/error_prone_annotations-2.2.0.jar:/home/runner/.m2/repository/io/perfmark/perfmark-api/0.26.0/perfmark-api-0.26.0.jar:/home/runner/.m2/repository/io/netty/netty-codec-http2/4.1.109.Final/netty-codec-http2-4.1.109.Final.jar:/home/runner/.m2/repository/io/netty/netty-common/4.1.109.Final/netty-common-4.1.109.Final.jar:/home/runner/.m2/repository/io/netty/netty-buffer/4.1.109.Final/netty-buffer-4.1.109.Final.jar:/home/runner/.m2/repository/io/netty/netty-codec-http/4.1.109.Final/netty-codec-http-4.1.109.Final.jar:/home/runner/.m2/repository/io/netty/netty-handler-proxy/4.1.109.Final/netty-handler-proxy-4.1.109.Final.jar:/home/runner/.m2/repository/io/netty/netty-codec-socks/4.1.109.Final/netty-codec-socks-4.1.109.Final.jar:/home/runner/.m2/repository/io/netty/netty-tcnative-boringssl-static/2.0.65.Final/netty-tcnative-boringssl-static-2.0.65.Final.jar:/home/runner/.m2/repository/io/netty/netty-tcnative-classes/2.0.65.Final/netty-tcnative-classes-2.0.65.Final.jar:/home/runner/.m2/repository/io/netty/netty-tcnative-boringssl-static/2.0.65.Final/netty-tcnative-boringssl-static-2.0.65.Final-linux-x86_64.jar:/home/runner/.m2/repository/io/netty/netty-tcnative-boringssl-static/2.0.65.Final/netty-tcnative-boringssl-static-2.0.65.Final-linux-aarch_64.jar:/home/runner/.m2/repository/io/netty/netty-tcnative-boringssl-static/2.0.65.Final/netty-tcnative-boringssl-static-2.0.65.Final-osx-x86_64.jar:/home/runner/.m2/repository/io/netty/netty-tcnative-boringssl-static/2.0.65.Final/netty-tcnative-boringssl-static-2.0.65.Final-osx-aarch_64.jar:/home/runner/.m2/repository/io/netty/netty-tcnative-boringssl-static/2.0.65.Final/netty-tcnative-boringssl-static-2.0.65.Final-windows-x86_64.jar:/home/runner/.m2/repository/org/apache/commons/commons-compress/1.26.0/commons-compress-1.26.0.jar:/home/runner/work/ozone/ozone/hadoop-hdds/common/target/classes:/home/runner/work/ozone/ozone/hadoop-hdds/client/target/classes:/home/runner/work/ozone/ozone/hadoop-ozone/interface-client/target/classes:/home/runner/.m2/repository/org/apache/hadoop/hadoop-hdfs-client/3.3.6/hadoop-hdfs-client-3.3.6.jar:/home/runner/.m2/repository/com/squareup/okhttp3/okhttp/4.12.0/okhttp-4.12.0.jar:/home/runner/.m2/repository/com/squareup/okio/okio/3.6.0/okio-3.6.0.jar:/home/runner/.m2/repository/com/squareup/okio/okio-jvm/3.6.0/okio-jvm-3.6.0.jar:/home/runner/.m2/repository/org/jetbrains/kotlin/kotlin-stdlib-jdk8/1.9.24/kotlin-stdlib-jdk8-1.9.24.jar:/home/runner/.m2/repository/org/jetbrains/kotlin/kotlin-stdlib-jdk7/1.9.24/kotlin-stdlib-jdk7-1.9.24.jar:/home/runner/.m2/repository/org/jetbrains/kotlin/kotlin-stdlib-common/1.9.24/kotlin-stdlib-common-1.9.24.jar:/home/runner/work/ozone/ozone/hadoop-hdds/test-utils/target/classes:/home/runner/.m2/repository/org/assertj/assertj-core/3.25.3/assertj-core-3.25.3.jar:/home/runner/.m2/repository/net/bytebuddy/byte-buddy/1.14.11/byte-buddy-1.14.11.jar:/home/runner/.m2/repository/com/google/guava/guava/32.1.3-jre/guava-32.1.3-jre.jar:/home/runner/.m2/repository/com/google/guava/failureaccess/1.0.1/failureaccess-1.0.1.jar:/home/runner/.m2/repository/com/google/guava/listenablefuture/9999.0-empty-to-avoid-conflict-with-guava/listenablefuture-9999.0-empty-to-avoid-conflict-with-guava.jar:/home/runner/.m2/repository/org/checkerframework/checker-qual/3.37.0/checker-qual-3.37.0.jar:/home/runner/.m2/repository/com/google/j2objc/j2objc-annotations/2.8/j2objc-annotations-2.8.jar:/home/runner/.m2/repository/commons-io/commons-io/2.16.1/commons-io-2.16.1.jar:/home/runner/.m2/repository/commons-logging/commons-logging/1.2/commons-logging-1.2.jar:/home/runner/.m2/repository/org/junit/jupiter/junit-jupiter-api/5.10.2/junit-jupiter-api-5.10.2.jar:/home/runner/.m2/repository/org/opentest4j/opentest4j/1.3.0/opentest4j-1.3.0.jar:/home/runner/.m2/repository/org/junit/platform/junit-platform-commons/1.10.2/junit-platform-commons-1.10.2.jar:/home/runner/.m2/repository/ch/qos/reload4j/reload4j/1.2.25/reload4j-1.2.25.jar:/home/runner/.m2/repository/jakarta/annotation/jakarta.annotation-api/2.1.1/jakarta.annotation-api-2.1.1.jar:/home/runner/.m2/repository/org/slf4j/slf4j-api/2.0.13/slf4j-api-2.0.13.jar:/home/runner/.m2/repository/org/apache/logging/log4j/log4j-api/2.17.1/log4j-api-2.17.1.jar:/home/runner/work/ozone/ozone/hadoop-hdds/server-scm/target/classes:/home/runner/.m2/repository/com/google/protobuf/protobuf-java/2.5.0/protobuf-java-2.5.0.jar:/home/runner/work/ozone/ozone/hadoop-hdds/container-service/target/classes:/home/runner/work/ozone/ozone/hadoop-hdds/hadoop-dependency-server/target/classes:/home/runner/.m2/repository/com/nimbusds/nimbus-jose-jwt/9.37.2/nimbus-jose-jwt-9.37.2.jar:/home/runner/.m2/repository/com/github/stephenc/jcip/jcip-annotations/1.0-1/jcip-annotations-1.0-1.jar:/home/runner/.m2/repository/org/apache/hadoop/hadoop-hdfs/3.3.6/hadoop-hdfs-3.3.6.jar:/home/runner/.m2/repository/commons-daemon/commons-daemon/1.3.4/commons-daemon-1.3.4.jar:/home/runner/.m2/repository/org/apache/kerby/kerb-core/1.0.1/kerb-core-1.0.1.jar:/home/runner/.m2/repository/org/apache/kerby/kerby-pkix/1.0.1/kerby-pkix-1.0.1.jar:/home/runner/.m2/repository/org/apache/kerby/kerby-asn1/1.0.1/kerby-asn1-1.0.1.jar:/home/runner/.m2/repository/org/apache/kerby/kerby-util/1.0.1/kerby-util-1.0.1.jar:/home/runner/.m2/repository/org/apache/kerby/kerb-util/1.0.1/kerb-util-1.0.1.jar:/home/runner/.m2/repository/org/apache/kerby/kerby-config/1.0.1/kerby-config-1.0.1.jar:/home/runner/.m2/repository/org/apache/kerby/kerb-crypto/1.0.1/kerb-crypto-1.0.1.jar:/home/runner/.m2/repository/org/xerial/snappy/snappy-java/1.1.10.5/snappy-java-1.1.10.5.jar:/home/runner/work/ozone/ozone/hadoop-hdds/framework/target/classes:/home/runner/.m2/repository/org/bouncycastle/bcprov-jdk18on/1.78.1/bcprov-jdk18on-1.78.1.jar:/home/runner/.m2/repository/io/dropwizard/metrics/metrics-core/3.2.6/metrics-core-3.2.6.jar:/home/runner/.m2/repository/org/apache/commons/commons-text/1.11.0/commons-text-1.11.0.jar:/home/runner/work/ozone/ozone/hadoop-hdds/framework/target/test-classes:/home/runner/work/ozone/ozone/hadoop-hdds/interface-server/target/classes:/home/runner/work/ozone/ozone/hadoop-hdds/interface-admin/target/classes:/home/runner/work/ozone/ozone/hadoop-hdds/managed-rocksdb/target/classes:/home/runner/.m2/repository/org/rocksdb/rocksdbjni/7.7.3/rocksdbjni-7.7.3.jar:/home/runner/.m2/repository/org/slf4j/slf4j-reload4j/2.0.13/slf4j-reload4j-2.0.13.jar:/home/runner/.m2/repository/org/apache/commons/commons-configuration2/2.10.1/commons-configuration2-2.10.1.jar:/home/runner/.m2/repository/commons-fileupload/commons-fileupload/1.5/commons-fileupload-1.5.jar:/home/runner/.m2/repository/org/apache/logging/log4j/log4j-core/2.17.1/log4j-core-2.17.1.jar:/home/runner/.m2/repository/com/lmax/disruptor/3.4.4/disruptor-3.4.4.jar:/home/runner/.m2/repository/org/eclipse/jetty/jetty-util/9.4.54.v20240208/jetty-util-9.4.54.v20240208.jar:/home/runner/.m2/repository/org/eclipse/jetty/jetty-server/9.4.54.v20240208/jetty-server-9.4.54.v20240208.jar:/home/runner/.m2/repository/org/eclipse/jetty/jetty-http/9.4.54.v20240208/jetty-http-9.4.54.v20240208.jar:/home/runner/.m2/repository/org/eclipse/jetty/jetty-io/9.4.54.v20240208/jetty-io-9.4.54.v20240208.jar:/home/runner/.m2/repository/org/eclipse/jetty/jetty-servlet/9.4.54.v20240208/jetty-servlet-9.4.54.v20240208.jar:/home/runner/.m2/repository/org/eclipse/jetty/jetty-security/9.4.54.v20240208/jetty-security-9.4.54.v20240208.jar:/home/runner/.m2/repository/org/eclipse/jetty/jetty-util-ajax/9.4.54.v20240208/jetty-util-ajax-9.4.54.v20240208.jar:/home/runner/.m2/repository/org/eclipse/jetty/jetty-webapp/9.4.54.v20240208/jetty-webapp-9.4.54.v20240208.jar:/home/runner/.m2/repository/org/eclipse/jetty/jetty-xml/9.4.54.v20240208/jetty-xml-9.4.54.v20240208.jar:/home/runner/.m2/repository/org/apache/ratis/ratis-server/3.0.1/ratis-server-3.0.1.jar:/home/runner/.m2/repository/org/apache/ratis/ratis-thirdparty-misc/1.0.5/ratis-thirdparty-misc-1.0.5.jar:/home/runner/.m2/repository/org/apache/ratis/ratis-proto/3.0.1/ratis-proto-3.0.1.jar:/home/runner/.m2/repository/org/apache/ratis/ratis-common/3.0.1/ratis-common-3.0.1.jar:/home/runner/.m2/repository/org/apache/ratis/ratis-client/3.0.1/ratis-client-3.0.1.jar:/home/runner/.m2/repository/org/apache/ratis/ratis-server-api/3.0.1/ratis-server-api-3.0.1.jar:/home/runner/.m2/repository/org/apache/ratis/ratis-metrics-api/3.0.1/ratis-metrics-api-3.0.1.jar:/home/runner/.m2/repository/org/apache/ratis/ratis-metrics-dropwizard3/3.0.1/ratis-metrics-dropwizard3-3.0.1.jar:/home/runner/.m2/repository/io/prometheus/simpleclient_dropwizard/0.16.0/simpleclient_dropwizard-0.16.0.jar:/home/runner/.m2/repository/io/prometheus/simpleclient/0.16.0/simpleclient-0.16.0.jar:/home/runner/.m2/repository/io/prometheus/simpleclient_common/0.16.0/simpleclient_common-0.16.0.jar:/home/runner/.m2/repository/com/fasterxml/jackson/datatype/jackson-datatype-jsr310/2.16.2/jackson-datatype-jsr310-2.16.2.jar:/home/runner/.m2/repository/com/fasterxml/jackson/core/jackson-core/2.16.2/jackson-core-2.16.2.jar:/home/runner/work/ozone/ozone/hadoop-hdds/rocksdb-checkpoint-differ/target/classes:/home/runner/.m2/repository/org/jgrapht/jgrapht-core/1.4.0/jgrapht-core-1.4.0.jar:/home/runner/.m2/repository/org/jheaps/jheaps/0.11/jheaps-0.11.jar:/home/runner/.m2/repository/org/jgrapht/jgrapht-ext/1.4.0/jgrapht-ext-1.4.0.jar:/home/runner/.m2/repository/com/github/vlsi/mxgraph/jgraphx/3.9.8.1/jgraphx-3.9.8.1.jar:/home/runner/work/ozone/ozone/hadoop-ozone/ozone-manager/target/classes:/home/runner/.m2/repository/org/aspectj/aspectjrt/1.9.7/aspectjrt-1.9.7.jar:/home/runner/.m2/repository/org/aspectj/aspectjweaver/1.9.7/aspectjweaver-1.9.7.jar:/home/runner/work/ozone/ozone/hadoop-hdds/interface-client/target/classes:/home/runner/.m2/repository/org/apache/hadoop/thirdparty/hadoop-shaded-protobuf_3_7/1.1.1/hadoop-shaded-protobuf_3_7-1.1.1.jar:/home/runner/work/ozone/ozone/hadoop-ozone/interface-storage/target/classes:/home/runner/.m2/repository/org/reflections/reflections/0.10.2/reflections-0.10.2.jar:/home/runner/.m2/repository/com/sun/jersey/jersey-client/1.19.4/jersey-client-1.19.4.jar:/home/runner/.m2/repository/org/codehaus/jackson/jackson-core-asl/1.9.13/jackson-core-asl-1.9.13.jar:/home/runner/.m2/repository/org/codehaus/jackson/jackson-mapper-asl/1.9.13/jackson-mapper-asl-1.9.13.jar:/home/runner/.m2/repository/org/codehaus/jackson/jackson-jaxrs/1.9.13/jackson-jaxrs-1.9.13.jar:/home/runner/.m2/repository/org/apache/ranger/ranger-intg/2.3.0/ranger-intg-2.3.0.jar:/home/runner/.m2/repository/org/apache/ranger/ranger-plugins-common/2.3.0/ranger-plugins-common-2.3.0.jar:/home/runner/.m2/repository/commons-lang/commons-lang/2.6/commons-lang-2.6.jar:/home/runner/.m2/repository/org/apache/ranger/ranger-plugins-cred/2.3.0/ranger-plugins-cred-2.3.0.jar:/home/runner/.m2/repository/org/apache/ranger/ranger-plugins-audit/2.3.0/ranger-plugins-audit-2.3.0.jar:/home/runner/.m2/repository/org/eclipse/jetty/jetty-client/9.4.54.v20240208/jetty-client-9.4.54.v20240208.jar:/home/runner/.m2/repository/org/apache/httpcomponents/httpmime/4.5.6/httpmime-4.5.6.jar:/home/runner/.m2/repository/org/apache/httpcomponents/httpcore-nio/4.4.16/httpcore-nio-4.4.16.jar:/home/runner/.m2/repository/org/apache/httpcomponents/httpasyncclient/4.1.3/httpasyncclient-4.1.3.jar:/home/runner/.m2/repository/com/carrotsearch/hppc/0.8.0/hppc-0.8.0.jar:/home/runner/.m2/repository/org/apache/orc/orc-core/1.5.8/orc-core-1.5.8.jar:/home/runner/.m2/repository/net/java/dev/jna/jna/5.2.0/jna-5.2.0.jar:/home/runner/.m2/repository/net/java/dev/jna/jna-platform/5.2.0/jna-platform-5.2.0.jar:/home/runner/.m2/repository/com/kstruct/gethostname4j/0.0.2/gethostname4j-0.0.2.jar:/home/runner/.m2/repository/org/apache/ranger/ranger-plugin-classloader/2.3.0/ranger-plugin-classloader-2.3.0.jar:/home/runner/work/ozone/ozone/hadoop-hdds/rocks-native/target/classes:/home/runner/.m2/repository/org/apache/hadoop/hadoop-minikdc/3.3.6/hadoop-minikdc-3.3.6.jar:/home/runner/.m2/repository/org/apache/kerby/kerb-simplekdc/1.0.1/kerb-simplekdc-1.0.1.jar:/home/runner/.m2/repository/org/apache/kerby/kerb-client/1.0.1/kerb-client-1.0.1.jar:/home/runner/.m2/repository/org/apache/kerby/kerb-common/1.0.1/kerb-common-1.0.1.jar:/home/runner/.m2/repository/org/apache/kerby/token-provider/1.0.1/token-provider-1.0.1.jar:/home/runner/.m2/repository/org/apache/kerby/kerb-admin/1.0.1/kerb-admin-1.0.1.jar:/home/runner/.m2/repository/org/apache/kerby/kerb-server/1.0.1/kerb-server-1.0.1.jar:/home/runner/.m2/repository/org/apache/kerby/kerb-identity/1.0.1/kerb-identity-1.0.1.jar:/home/runner/.m2/repository/org/apache/kerby/kerby-xdr/1.0.1/kerby-xdr-1.0.1.jar:/home/runner/.m2/repository/junit/junit/4.13.2/junit-4.13.2.jar:/home/runner/.m2/repository/org/hamcrest/hamcrest-core/1.3/hamcrest-core-1.3.jar:/home/runner/work/ozone/ozone/hadoop-ozone/s3gateway/target/classes:/home/runner/.m2/repository/org/javassist/javassist/3.30.2-GA/javassist-3.30.2-GA.jar:/home/runner/.m2/repository/org/jboss/weld/servlet/weld-servlet-shaded/3.1.9.Final/weld-servlet-shaded-3.1.9.Final.jar:/home/runner/.m2/repository/org/glassfish/jersey/containers/jersey-container-servlet-core/2.43/jersey-container-servlet-core-2.43.jar:/home/runner/.m2/repository/org/glassfish/hk2/external/jakarta.inject/2.6.1/jakarta.inject-2.6.1.jar:/home/runner/.m2/repository/org/glassfish/jersey/core/jersey-common/2.43/jersey-common-2.43.jar:/home/runner/.m2/repository/jakarta/ws/rs/jakarta.ws.rs-api/2.1.6/jakarta.ws.rs-api-2.1.6.jar:/home/runner/.m2/repository/org/glassfish/jersey/ext/cdi/jersey-cdi1x/2.43/jersey-cdi1x-2.43.jar:/home/runner/.m2/repository/org/glassfish/jersey/inject/jersey-hk2/2.43/jersey-hk2-2.43.jar:/home/runner/.m2/repository/org/glassfish/hk2/hk2-locator/2.6.1/hk2-locator-2.6.1.jar:/home/runner/.m2/repository/org/glassfish/jersey/media/jersey-media-jaxb/2.43/jersey-media-jaxb-2.43.jar:/home/runner/.m2/repository/org/glassfish/hk2/osgi-resource-locator/1.0.3/osgi-resource-locator-1.0.3.jar:/home/runner/.m2/repository/org/glassfish/hk2/hk2-api/2.6.1/hk2-api-2.6.1.jar:/home/runner/.m2/repository/org/glassfish/hk2/hk2-utils/2.6.1/hk2-utils-2.6.1.jar:/home/runner/.m2/repository/org/glassfish/hk2/external/aopalliance-repackaged/2.6.1/aopalliance-repackaged-2.6.1.jar:/home/runner/.m2/repository/com/fasterxml/jackson/dataformat/jackson-dataformat-xml/2.16.2/jackson-dataformat-xml-2.16.2.jar:/home/runner/.m2/repository/org/codehaus/woodstox/stax2-api/4.2.2/stax2-api-4.2.2.jar:/home/runner/.m2/repository/com/fasterxml/woodstox/woodstox-core/5.4.0/woodstox-core-5.4.0.jar:/home/runner/.m2/repository/com/fasterxml/jackson/module/jackson-module-jaxb-annotations/2.16.2/jackson-module-jaxb-annotations-2.16.2.jar:/home/runner/.m2/repository/javax/enterprise/cdi-api/2.0/cdi-api-2.0.jar:/home/runner/.m2/repository/javax/el/javax.el-api/3.0.0/javax.el-api-3.0.0.jar:/home/runner/.m2/repository/javax/interceptor/javax.interceptor-api/1.2/javax.interceptor-api-1.2.jar:/home/runner/.m2/repository/javax/inject/javax.inject/1/javax.inject-1.jar:/home/runner/.m2/repository/jakarta/xml/bind/jakarta.xml.bind-api/2.3.3/jakarta.xml.bind-api-2.3.3.jar:/home/runner/.m2/repository/org/glassfish/jaxb/jaxb-runtime/2.3.9/jaxb-runtime-2.3.9.jar:/home/runner/.m2/repository/org/glassfish/jaxb/txw2/2.3.9/txw2-2.3.9.jar:/home/runner/.m2/repository/com/sun/istack/istack-commons-runtime/3.0.12/istack-commons-runtime-3.0.12.jar:/home/runner/.m2/repository/com/sun/activation/jakarta.activation/1.2.2/jakarta.activation-1.2.2.jar:/home/runner/.m2/repository/jakarta/activation/jakarta.activation-api/1.2.2/jakarta.activation-api-1.2.2.jar:/home/runner/.m2/repository/io/grpc/grpc-protobuf/1.58.0/grpc-protobuf-1.58.0.jar:/home/runner/.m2/repository/com/google/api/grpc/proto-google-common-protos/2.22.0/proto-google-common-protos-2.22.0.jar:/home/runner/.m2/repository/io/grpc/grpc-protobuf-lite/1.58.0/grpc-protobuf-lite-1.58.0.jar:/home/runner/.m2/repository/io/grpc/grpc-stub/1.58.0/grpc-stub-1.58.0.jar:/home/runner/.m2/repository/io/netty/netty-transport/4.1.109.Final/netty-transport-4.1.109.Final.jar:/home/runner/.m2/repository/io/netty/netty-resolver/4.1.109.Final/netty-resolver-4.1.109.Final.jar:/home/runner/work/ozone/ozone/hadoop-ozone/csi/target/classes:/home/runner/.m2/repository/com/google/protobuf/protobuf-java-util/3.19.6/protobuf-java-util-3.19.6.jar:/home/runner/.m2/repository/com/google/code/gson/gson/2.10.1/gson-2.10.1.jar:/home/runner/work/ozone/ozone/hadoop-hdds/config/target/classes:/home/runner/.m2/repository/io/netty/netty-transport-native-epoll/4.1.109.Final/netty-transport-native-epoll-4.1.109.Final-linux-x86_64.jar:/home/runner/.m2/repository/io/netty/netty-transport-classes-epoll/4.1.109.Final/netty-transport-classes-epoll-4.1.109.Final.jar:/home/runner/.m2/repository/io/netty/netty-transport-native-unix-common/4.1.109.Final/netty-transport-native-unix-common-4.1.109.Final.jar:/home/runner/work/ozone/ozone/hadoop-ozone/recon/target/classes:/home/runner/work/ozone/ozone/hadoop-ozone/recon-codegen/target/classes:/home/runner/.m2/repository/com/google/inject/guice/6.0.0/guice-6.0.0.jar:/home/runner/.m2/repository/jakarta/inject/jakarta.inject-api/2.0.1/jakarta.inject-api-2.0.1.jar:/home/runner/.m2/repository/aopalliance/aopalliance/1.0/aopalliance-1.0.jar:/home/runner/.m2/repository/com/google/inject/extensions/guice-assistedinject/6.0.0/guice-assistedinject-6.0.0.jar:/home/runner/.m2/repository/com/google/inject/extensions/guice-servlet/6.0.0/guice-servlet-6.0.0.jar:/home/runner/.m2/repository/org/glassfish/jersey/containers/jersey-container-servlet/2.43/jersey-container-servlet-2.43.jar:/home/runner/.m2/repository/org/glassfish/hk2/guice-bridge/2.6.1/guice-bridge-2.6.1.jar:/home/runner/.m2/repository/org/glassfish/jersey/core/jersey-server/2.43/jersey-server-2.43.jar:/home/runner/.m2/repository/org/glassfish/jersey/core/jersey-client/2.43/jersey-client-2.43.jar:/home/runner/.m2/repository/jakarta/validation/jakarta.validation-api/2.0.2/jakarta.validation-api-2.0.2.jar:/home/runner/.m2/repository/org/glassfish/jersey/media/jersey-media-json-jackson/2.43/jersey-media-json-jackson-2.43.jar:/home/runner/.m2/repository/org/glassfish/jersey/ext/jersey-entity-filtering/2.43/jersey-entity-filtering-2.43.jar:/home/runner/.m2/repository/org/jooq/jooq/3.11.10/jooq-3.11.10.jar:/home/runner/.m2/repository/org/jooq/jooq-meta/3.11.10/jooq-meta-3.11.10.jar:/home/runner/.m2/repository/org/jooq/jooq-codegen/3.11.10/jooq-codegen-3.11.10.jar:/home/runner/.m2/repository/com/jolbox/bonecp/0.8.0.RELEASE/bonecp-0.8.0.RELEASE.jar:/home/runner/.m2/repository/org/apache/derby/derby/10.14.2.0/derby-10.14.2.0.jar:/home/runner/.m2/repository/org/xerial/sqlite-jdbc/3.44.1.0/sqlite-jdbc-3.44.1.0.jar:/home/runner/.m2/repository/org/springframework/spring-jdbc/5.3.34/spring-jdbc-5.3.34.jar:/home/runner/.m2/repository/org/springframework/spring-beans/5.3.34/spring-beans-5.3.34.jar:/home/runner/.m2/repository/org/springframework/spring-core/5.3.34/spring-core-5.3.34.jar:/home/runner/.m2/repository/org/springframework/spring-tx/5.3.34/spring-tx-5.3.34.jar:/home/runner/work/ozone/ozone/hadoop-ozone/client/target/classes:/home/runner/work/ozone/ozone/hadoop-hdds/erasurecode/target/classes:/home/runner/work/ozone/ozone/hadoop-ozone/ozonefs/target/classes:/home/runner/work/ozone/ozone/hadoop-ozone/ozonefs-common/target/classes:/home/runner/work/ozone/ozone/hadoop-ozone/tools/target/classes:/home/runner/.m2/repository/com/amazonaws/aws-java-sdk-core/1.12.661/aws-java-sdk-core-1.12.661.jar:/home/runner/.m2/repository/org/apache/httpcomponents/httpclient/4.5.14/httpclient-4.5.14.jar:/home/runner/.m2/repository/org/apache/httpcomponents/httpcore/4.4.16/httpcore-4.4.16.jar:/home/runner/.m2/repository/com/fasterxml/jackson/dataformat/jackson-dataformat-cbor/2.16.2/jackson-dataformat-cbor-2.16.2.jar:/home/runner/.m2/repository/joda-time/joda-time/2.12.7/joda-time-2.12.7.jar:/home/runner/.m2/repository/com/amazonaws/aws-java-sdk-s3/1.12.661/aws-java-sdk-s3-1.12.661.jar:/home/runner/.m2/repository/com/amazonaws/aws-java-sdk-kms/1.12.661/aws-java-sdk-kms-1.12.661.jar:/home/runner/.m2/repository/com/amazonaws/jmespath-java/1.12.661/jmespath-java-1.12.661.jar:/home/runner/.m2/repository/org/kohsuke/metainf-services/metainf-services/1.11/metainf-services-1.11.jar:/home/runner/work/ozone/ozone/hadoop-hdds/tools/target/classes:/home/runner/.m2/repository/org/apache/ratis/ratis-tools/3.0.1/ratis-tools-3.0.1.jar:/home/runner/.m2/repository/commons-cli/commons-cli/1.6.0/commons-cli-1.6.0.jar:/home/runner/.m2/repository/org/apache/commons/commons-lang3/3.14.0/commons-lang3-3.14.0.jar:/home/runner/work/ozone/ozone/hadoop-ozone/ozone-manager/target/test-classes:/home/runner/work/ozone/ozone/hadoop-hdds/common/target/test-classes:/home/runner/work/ozone/ozone/hadoop-hdds/hadoop-dependency-client/target/classes:/home/runner/.m2/repository/info/picocli/picocli/4.7.6/picocli-4.7.6.jar:/home/runner/.m2/repository/com/fasterxml/jackson/core/jackson-annotations/2.16.2/jackson-annotations-2.16.2.jar:/home/runner/work/ozone/ozone/hadoop-hdds/annotations/target/classes:/home/runner/.m2/repository/javax/annotation/javax.annotation-api/1.3.2/javax.annotation-api-1.3.2.jar:/home/runner/.m2/repository/org/apache/ratis/ratis-netty/3.0.1/ratis-netty-3.0.1.jar:/home/runner/.m2/repository/org/apache/ratis/ratis-grpc/3.0.1/ratis-grpc-3.0.1.jar:/home/runner/.m2/repository/org/bouncycastle/bcpkix-jdk18on/1.78.1/bcpkix-jdk18on-1.78.1.jar:/home/runner/.m2/repository/org/bouncycastle/bcutil-jdk18on/1.78.1/bcutil-jdk18on-1.78.1.jar:/home/runner/.m2/repository/commons-validator/commons-validator/1.6/commons-validator-1.6.jar:/home/runner/.m2/repository/commons-beanutils/commons-beanutils/1.9.4/commons-beanutils-1.9.4.jar:/home/runner/.m2/repository/commons-digester/commons-digester/1.8.1/commons-digester-1.8.1.jar:/home/runner/.m2/repository/commons-collections/commons-collections/3.2.2/commons-collections-3.2.2.jar:/home/runner/.m2/repository/io/jaegertracing/jaeger-client/1.8.1/jaeger-client-1.8.1.jar:/home/runner/.m2/repository/io/jaegertracing/jaeger-thrift/1.8.1/jaeger-thrift-1.8.1.jar:/home/runner/.m2/repository/org/apache/thrift/libthrift/0.15.0/libthrift-0.15.0.jar:/home/runner/.m2/repository/io/jaegertracing/jaeger-core/1.8.1/jaeger-core-1.8.1.jar:/home/runner/.m2/repository/io/jaegertracing/jaeger-tracerresolver/1.8.1/jaeger-tracerresolver-1.8.1.jar:/home/runner/.m2/repository/io/opentracing/contrib/opentracing-tracerresolver/0.1.8/opentracing-tracerresolver-0.1.8.jar:/home/runner/.m2/repository/org/jetbrains/kotlin/kotlin-stdlib/1.9.24/kotlin-stdlib-1.9.24.jar:/home/runner/.m2/repository/org/jetbrains/annotations/13.0/annotations-13.0.jar:/home/runner/.m2/repository/io/opentracing/opentracing-util/0.33.0/opentracing-util-0.33.0.jar:/home/runner/.m2/repository/io/opentracing/opentracing-api/0.33.0/opentracing-api-0.33.0.jar:/home/runner/.m2/repository/io/opentracing/opentracing-noop/0.33.0/opentracing-noop-0.33.0.jar:/home/runner/.m2/repository/org/yaml/snakeyaml/2.0/snakeyaml-2.0.jar:/home/runner/.m2/repository/io/grpc/grpc-api/1.58.0/grpc-api-1.58.0.jar:/home/runner/.m2/repository/org/junit/platform/junit-platform-launcher/1.10.2/junit-platform-launcher-1.10.2.jar:/home/runner/.m2/repository/org/junit/platform/junit-platform-engine/1.10.2/junit-platform-engine-1.10.2.jar:/home/runner/.m2/repository/org/apiguardian/apiguardian-api/1.1.2/apiguardian-api-1.1.2.jar:/home/runner/.m2/repository/org/apache/hadoop/hadoop-kms/3.3.6/hadoop-kms-3.3.6.jar:/home/runner/.m2/repository/org/apache/hadoop/hadoop-auth/3.3.6/hadoop-auth-3.3.6.jar:/home/runner/.m2/repository/org/apache/zookeeper/zookeeper/3.8.4/zookeeper-3.8.4.jar:/home/runner/.m2/repository/org/apache/zookeeper/zookeeper-jute/3.8.4/zookeeper-jute-3.8.4.jar:/home/runner/.m2/repository/org/apache/yetus/audience-annotations/0.12.0/audience-annotations-0.12.0.jar:/home/runner/.m2/repository/org/apache/curator/curator-framework/4.2.0/curator-framework-4.2.0.jar:/home/runner/.m2/repository/org/apache/hadoop/thirdparty/hadoop-shaded-guava/1.2.0/hadoop-shaded-guava-1.2.0.jar:/home/runner/.m2/repository/com/sun/jersey/jersey-core/1.19.4/jersey-core-1.19.4.jar:/home/runner/.m2/repository/javax/ws/rs/jsr311-api/1.1.1/jsr311-api-1.1.1.jar:/home/runner/.m2/repository/com/sun/jersey/jersey-server/1.19.4/jersey-server-1.19.4.jar:/home/runner/.m2/repository/javax/servlet/javax.servlet-api/3.1.0/javax.servlet-api-3.1.0.jar:/home/runner/.m2/repository/org/apache/hadoop/hadoop-common/3.3.6/hadoop-common-3.3.6.jar:/home/runner/.m2/repository/org/apache/commons/commons-math3/3.6.1/commons-math3-3.6.1.jar:/home/runner/.m2/repository/commons-net/commons-net/3.10.0/commons-net-3.10.0.jar:/home/runner/.m2/repository/com/sun/jersey/jersey-servlet/1.19.4/jersey-servlet-1.19.4.jar:/home/runner/.m2/repository/com/github/pjfanning/jersey-json/1.20/jersey-json-1.20.jar:/home/runner/.m2/repository/org/codehaus/jettison/jettison/1.1/jettison-1.1.jar:/home/runner/.m2/repository/com/sun/xml/bind/jaxb-impl/2.2.3-1/jaxb-impl-2.2.3-1.jar:/home/runner/.m2/repository/com/google/re2j/re2j/1.7/re2j-1.7.jar:/home/runner/.m2/repository/com/jcraft/jsch/0.1.55/jsch-0.1.55.jar:/home/runner/.m2/repository/org/apache/curator/curator-client/4.2.0/curator-client-4.2.0.jar:/home/runner/.m2/repository/org/apache/curator/curator-recipes/5.2.0/curator-recipes-5.2.0.jar:/home/runner/.m2/repository/com/google/code/findbugs/jsr305/3.0.2/jsr305-3.0.2.jar:/home/runner/.m2/repository/dnsjava/dnsjava/2.1.9/dnsjava-2.1.9.jar:/home/runner/.m2/repository/com/fasterxml/jackson/core/jackson-databind/2.16.2/jackson-databind-2.16.2.jar:/home/runner/.m2/repository/org/apache/hadoop/hadoop-kms/3.3.6/hadoop-kms-3.3.6-tests.jar:/home/runner/work/ozone/ozone/hadoop-hdds/server-scm/target/test-classes:/home/runner/work/ozone/ozone/hadoop-hdds/container-service/target/test-classes:/home/runner/.m2/repository/com/github/luben/zstd-jni/1.5.6-3/zstd-jni-1.5.6-3.jar:/home/runner/.m2/repository/commons-codec/commons-codec/1.17.0/commons-codec-1.17.0.jar:/home/runner/.m2/repository/io/netty/netty-codec/4.1.109.Final/netty-codec-4.1.109.Final.jar:/home/runner/.m2/repository/io/netty/netty-handler/4.1.109.Final/netty-handler-4.1.109.Final.jar:/home/runner/work/ozone/ozone/hadoop-hdds/hadoop-dependency-test/target/classes:/home/runner/.m2/repository/org/apache/hadoop/hadoop-common/3.3.6/hadoop-common-3.3.6-tests.jar:/home/runner/.m2/repository/org/apache/hadoop/hadoop-hdfs/3.3.6/hadoop-hdfs-3.3.6-tests.jar:/home/runner/.m2/repository/org/junit/jupiter/junit-jupiter-engine/5.10.2/junit-jupiter-engine-5.10.2.jar:/home/runner/.m2/repository/org/junit/jupiter/junit-jupiter-params/5.10.2/junit-jupiter-params-5.10.2.jar:/home/runner/.m2/repository/org/mockito/mockito-core/4.11.0/mockito-core-4.11.0.jar:/home/runner/.m2/repository/net/bytebuddy/byte-buddy-agent/1.12.19/byte-buddy-agent-1.12.19.jar:/home/runner/.m2/repository/org/objenesis/objenesis/3.3/objenesis-3.3.jar:/home/runner/.m2/repository/org/mockito/mockito-inline/4.11.0/mockito-inline-4.11.0.jar:/home/runner/.m2/repository/org/mockito/mockito-junit-jupiter/4.11.0/mockito-junit-jupiter-4.11.0.jar:/home/runner/.m2/repository/org/apache/hadoop/hadoop-distcp/3.3.6/hadoop-distcp-3.3.6.jar:/home/runner/.m2/repository/org/apache/hadoop/hadoop-mapreduce-client-jobclient/3.3.6/hadoop-mapreduce-client-jobclient-3.3.6.jar:/home/runner/.m2/repository/org/apache/hadoop/hadoop-mapreduce-client-common/3.3.6/hadoop-mapreduce-client-common-3.3.6.jar:/home/runner/.m2/repository/org/apache/hadoop/hadoop-yarn-common/3.3.6/hadoop-yarn-common-3.3.6.jar:/home/runner/.m2/repository/org/apache/hadoop/hadoop-yarn-api/3.3.6/hadoop-yarn-api-3.3.6.jar:/home/runner/.m2/repository/javax/xml/bind/jaxb-api/2.2.11/jaxb-api-2.2.11.jar:/home/runner/.m2/repository/com/sun/jersey/contribs/jersey-guice/1.19.4/jersey-guice-1.19.4.jar:/home/runner/.m2/repository/com/fasterxml/jackson/jaxrs/jackson-jaxrs-json-provider/2.16.2/jackson-jaxrs-json-provider-2.16.2.jar:/home/runner/.m2/repository/com/fasterxml/jackson/jaxrs/jackson-jaxrs-base/2.16.2/jackson-jaxrs-base-2.16.2.jar:/home/runner/.m2/repository/org/apache/hadoop/hadoop-yarn-client/3.3.6/hadoop-yarn-client-3.3.6.jar:/home/runner/.m2/repository/org/eclipse/jetty/websocket/websocket-client/9.4.51.v20230217/websocket-client-9.4.51.v20230217.jar:/home/runner/.m2/repository/org/eclipse/jetty/websocket/websocket-common/9.4.51.v20230217/websocket-common-9.4.51.v20230217.jar:/home/runner/.m2/repository/org/eclipse/jetty/websocket/websocket-api/9.4.51.v20230217/websocket-api-9.4.51.v20230217.jar:/home/runner/.m2/repository/org/jline/jline/3.9.0/jline-3.9.0.jar:/home/runner/.m2/repository/org/apache/hadoop/hadoop-mapreduce-client-core/3.3.6/hadoop-mapreduce-client-core-3.3.6.jar:/home/runner/.m2/repository/org/apache/avro/avro/1.7.7/avro-1.7.7.jar:/home/runner/.m2/repository/com/thoughtworks/paranamer/paranamer/2.3/paranamer-2.3.jar:/home/runner/.m2/repository/org/apache/hadoop/hadoop-annotations/3.3.6/hadoop-annotations-3.3.6.jar:/home/runner/.m2/repository/io/netty/netty/3.10.6.Final/netty-3.10.6.Final.jar:/home/runner/.m2/repository/org/apache/hadoop/hadoop-distcp/3.3.6/hadoop-distcp-3.3.6-tests.jar:/home/runner/.m2/repository/org/hamcrest/hamcrest/2.2/hamcrest-2.2.jar:/home/runner/.m2/repository/org/slf4j/jul-to-slf4j/2.0.13/jul-to-slf4j-2.0.13.jar:/home/runner/work/ozone/ozone/hadoop-ozone/integration-test/target/gradle-enterprise/test-listeners.jar:"/>
    <property name="java.vm.vendor" value="Eclipse Adoptium"/>
    <property name="sun.arch.data.model" value="64"/>
    <property name="test.build.dir" value="/home/runner/work/ozone/ozone/hadoop-ozone/integration-test/target/test-dir"/>
    <property name="test.cache.data" value=""/>
    <property name="java.vendor.url" value="https://adoptium.net/"/>
    <property name="user.timezone" value="Etc/UTC"/>
    <property name="maven-surefire-plugin.argLineAccessArgs" value=" --add-opens java.management/com.sun.jmx.mbeanserver=ALL-UNNAMED --add-exports java.management/com.sun.jmx.mbeanserver=ALL-UNNAMED --add-opens java.base/java.nio=ALL-UNNAMED --add-opens java.base/java.lang=ALL-UNNAMED --add-opens java.base/java.lang.reflect=ALL-UNNAMED"/>
    <property name="os.name" value="Linux"/>
    <property name="java.vm.specification.version" value="17"/>
    <property name="test.build.data" value="/home/runner/work/ozone/ozone/hadoop-ozone/integration-test/target/test-dir"/>
    <property name="sun.java.launcher" value="SUN_STANDARD"/>
    <property name="sun.boot.library.path" value="/usr/lib/jvm/temurin-17-jdk-amd64/lib"/>
    <property name="sun.java.command" value="/home/runner/work/ozone/ozone/hadoop-ozone/integration-test/target/surefire/surefirebooter17253433392115309371.jar /home/runner/work/ozone/ozone/hadoop-ozone/integration-test/target/surefire 2024-06-06T03-20-16_999-jvmRun1 surefire6674280149324663206tmp surefire_229022330432601858139tmp"/>
    <property name="jdk.debug" value="release"/>
    <property name="native.lib.tmp.dir" value="/tmp"/>
    <property name="surefire.test.class.path" value="/home/runner/work/ozone/ozone/hadoop-ozone/integration-test/target/test-classes:/home/runner/work/ozone/ozone/hadoop-ozone/integration-test/target/classes:/home/runner/work/ozone/ozone/hadoop-ozone/common/target/classes:/home/runner/.m2/repository/io/grpc/grpc-netty/1.58.0/grpc-netty-1.58.0.jar:/home/runner/.m2/repository/io/grpc/grpc-core/1.58.0/grpc-core-1.58.0.jar:/home/runner/.m2/repository/com/google/android/annotations/4.1.1.4/annotations-4.1.1.4.jar:/home/runner/.m2/repository/org/codehaus/mojo/animal-sniffer-annotations/1.23/animal-sniffer-annotations-1.23.jar:/home/runner/.m2/repository/io/grpc/grpc-context/1.58.0/grpc-context-1.58.0.jar:/home/runner/.m2/repository/io/grpc/grpc-util/1.58.0/grpc-util-1.58.0.jar:/home/runner/.m2/repository/com/google/errorprone/error_prone_annotations/2.2.0/error_prone_annotations-2.2.0.jar:/home/runner/.m2/repository/io/perfmark/perfmark-api/0.26.0/perfmark-api-0.26.0.jar:/home/runner/.m2/repository/io/netty/netty-codec-http2/4.1.109.Final/netty-codec-http2-4.1.109.Final.jar:/home/runner/.m2/repository/io/netty/netty-common/4.1.109.Final/netty-common-4.1.109.Final.jar:/home/runner/.m2/repository/io/netty/netty-buffer/4.1.109.Final/netty-buffer-4.1.109.Final.jar:/home/runner/.m2/repository/io/netty/netty-codec-http/4.1.109.Final/netty-codec-http-4.1.109.Final.jar:/home/runner/.m2/repository/io/netty/netty-handler-proxy/4.1.109.Final/netty-handler-proxy-4.1.109.Final.jar:/home/runner/.m2/repository/io/netty/netty-codec-socks/4.1.109.Final/netty-codec-socks-4.1.109.Final.jar:/home/runner/.m2/repository/io/netty/netty-tcnative-boringssl-static/2.0.65.Final/netty-tcnative-boringssl-static-2.0.65.Final.jar:/home/runner/.m2/repository/io/netty/netty-tcnative-classes/2.0.65.Final/netty-tcnative-classes-2.0.65.Final.jar:/home/runner/.m2/repository/io/netty/netty-tcnative-boringssl-static/2.0.65.Final/netty-tcnative-boringssl-static-2.0.65.Final-linux-x86_64.jar:/home/runner/.m2/repository/io/netty/netty-tcnative-boringssl-static/2.0.65.Final/netty-tcnative-boringssl-static-2.0.65.Final-linux-aarch_64.jar:/home/runner/.m2/repository/io/netty/netty-tcnative-boringssl-static/2.0.65.Final/netty-tcnative-boringssl-static-2.0.65.Final-osx-x86_64.jar:/home/runner/.m2/repository/io/netty/netty-tcnative-boringssl-static/2.0.65.Final/netty-tcnative-boringssl-static-2.0.65.Final-osx-aarch_64.jar:/home/runner/.m2/repository/io/netty/netty-tcnative-boringssl-static/2.0.65.Final/netty-tcnative-boringssl-static-2.0.65.Final-windows-x86_64.jar:/home/runner/.m2/repository/org/apache/commons/commons-compress/1.26.0/commons-compress-1.26.0.jar:/home/runner/work/ozone/ozone/hadoop-hdds/common/target/classes:/home/runner/work/ozone/ozone/hadoop-hdds/client/target/classes:/home/runner/work/ozone/ozone/hadoop-ozone/interface-client/target/classes:/home/runner/.m2/repository/org/apache/hadoop/hadoop-hdfs-client/3.3.6/hadoop-hdfs-client-3.3.6.jar:/home/runner/.m2/repository/com/squareup/okhttp3/okhttp/4.12.0/okhttp-4.12.0.jar:/home/runner/.m2/repository/com/squareup/okio/okio/3.6.0/okio-3.6.0.jar:/home/runner/.m2/repository/com/squareup/okio/okio-jvm/3.6.0/okio-jvm-3.6.0.jar:/home/runner/.m2/repository/org/jetbrains/kotlin/kotlin-stdlib-jdk8/1.9.24/kotlin-stdlib-jdk8-1.9.24.jar:/home/runner/.m2/repository/org/jetbrains/kotlin/kotlin-stdlib-jdk7/1.9.24/kotlin-stdlib-jdk7-1.9.24.jar:/home/runner/.m2/repository/org/jetbrains/kotlin/kotlin-stdlib-common/1.9.24/kotlin-stdlib-common-1.9.24.jar:/home/runner/work/ozone/ozone/hadoop-hdds/test-utils/target/classes:/home/runner/.m2/repository/org/assertj/assertj-core/3.25.3/assertj-core-3.25.3.jar:/home/runner/.m2/repository/net/bytebuddy/byte-buddy/1.14.11/byte-buddy-1.14.11.jar:/home/runner/.m2/repository/com/google/guava/guava/32.1.3-jre/guava-32.1.3-jre.jar:/home/runner/.m2/repository/com/google/guava/failureaccess/1.0.1/failureaccess-1.0.1.jar:/home/runner/.m2/repository/com/google/guava/listenablefuture/9999.0-empty-to-avoid-conflict-with-guava/listenablefuture-9999.0-empty-to-avoid-conflict-with-guava.jar:/home/runner/.m2/repository/org/checkerframework/checker-qual/3.37.0/checker-qual-3.37.0.jar:/home/runner/.m2/repository/com/google/j2objc/j2objc-annotations/2.8/j2objc-annotations-2.8.jar:/home/runner/.m2/repository/commons-io/commons-io/2.16.1/commons-io-2.16.1.jar:/home/runner/.m2/repository/commons-logging/commons-logging/1.2/commons-logging-1.2.jar:/home/runner/.m2/repository/org/junit/jupiter/junit-jupiter-api/5.10.2/junit-jupiter-api-5.10.2.jar:/home/runner/.m2/repository/org/opentest4j/opentest4j/1.3.0/opentest4j-1.3.0.jar:/home/runner/.m2/repository/org/junit/platform/junit-platform-commons/1.10.2/junit-platform-commons-1.10.2.jar:/home/runner/.m2/repository/ch/qos/reload4j/reload4j/1.2.25/reload4j-1.2.25.jar:/home/runner/.m2/repository/jakarta/annotation/jakarta.annotation-api/2.1.1/jakarta.annotation-api-2.1.1.jar:/home/runner/.m2/repository/org/slf4j/slf4j-api/2.0.13/slf4j-api-2.0.13.jar:/home/runner/.m2/repository/org/apache/logging/log4j/log4j-api/2.17.1/log4j-api-2.17.1.jar:/home/runner/work/ozone/ozone/hadoop-hdds/server-scm/target/classes:/home/runner/.m2/repository/com/google/protobuf/protobuf-java/2.5.0/protobuf-java-2.5.0.jar:/home/runner/work/ozone/ozone/hadoop-hdds/container-service/target/classes:/home/runner/work/ozone/ozone/hadoop-hdds/hadoop-dependency-server/target/classes:/home/runner/.m2/repository/com/nimbusds/nimbus-jose-jwt/9.37.2/nimbus-jose-jwt-9.37.2.jar:/home/runner/.m2/repository/com/github/stephenc/jcip/jcip-annotations/1.0-1/jcip-annotations-1.0-1.jar:/home/runner/.m2/repository/org/apache/hadoop/hadoop-hdfs/3.3.6/hadoop-hdfs-3.3.6.jar:/home/runner/.m2/repository/commons-daemon/commons-daemon/1.3.4/commons-daemon-1.3.4.jar:/home/runner/.m2/repository/org/apache/kerby/kerb-core/1.0.1/kerb-core-1.0.1.jar:/home/runner/.m2/repository/org/apache/kerby/kerby-pkix/1.0.1/kerby-pkix-1.0.1.jar:/home/runner/.m2/repository/org/apache/kerby/kerby-asn1/1.0.1/kerby-asn1-1.0.1.jar:/home/runner/.m2/repository/org/apache/kerby/kerby-util/1.0.1/kerby-util-1.0.1.jar:/home/runner/.m2/repository/org/apache/kerby/kerb-util/1.0.1/kerb-util-1.0.1.jar:/home/runner/.m2/repository/org/apache/kerby/kerby-config/1.0.1/kerby-config-1.0.1.jar:/home/runner/.m2/repository/org/apache/kerby/kerb-crypto/1.0.1/kerb-crypto-1.0.1.jar:/home/runner/.m2/repository/org/xerial/snappy/snappy-java/1.1.10.5/snappy-java-1.1.10.5.jar:/home/runner/work/ozone/ozone/hadoop-hdds/framework/target/classes:/home/runner/.m2/repository/org/bouncycastle/bcprov-jdk18on/1.78.1/bcprov-jdk18on-1.78.1.jar:/home/runner/.m2/repository/io/dropwizard/metrics/metrics-core/3.2.6/metrics-core-3.2.6.jar:/home/runner/.m2/repository/org/apache/commons/commons-text/1.11.0/commons-text-1.11.0.jar:/home/runner/work/ozone/ozone/hadoop-hdds/framework/target/test-classes:/home/runner/work/ozone/ozone/hadoop-hdds/interface-server/target/classes:/home/runner/work/ozone/ozone/hadoop-hdds/interface-admin/target/classes:/home/runner/work/ozone/ozone/hadoop-hdds/managed-rocksdb/target/classes:/home/runner/.m2/repository/org/rocksdb/rocksdbjni/7.7.3/rocksdbjni-7.7.3.jar:/home/runner/.m2/repository/org/slf4j/slf4j-reload4j/2.0.13/slf4j-reload4j-2.0.13.jar:/home/runner/.m2/repository/org/apache/commons/commons-configuration2/2.10.1/commons-configuration2-2.10.1.jar:/home/runner/.m2/repository/commons-fileupload/commons-fileupload/1.5/commons-fileupload-1.5.jar:/home/runner/.m2/repository/org/apache/logging/log4j/log4j-core/2.17.1/log4j-core-2.17.1.jar:/home/runner/.m2/repository/com/lmax/disruptor/3.4.4/disruptor-3.4.4.jar:/home/runner/.m2/repository/org/eclipse/jetty/jetty-util/9.4.54.v20240208/jetty-util-9.4.54.v20240208.jar:/home/runner/.m2/repository/org/eclipse/jetty/jetty-server/9.4.54.v20240208/jetty-server-9.4.54.v20240208.jar:/home/runner/.m2/repository/org/eclipse/jetty/jetty-http/9.4.54.v20240208/jetty-http-9.4.54.v20240208.jar:/home/runner/.m2/repository/org/eclipse/jetty/jetty-io/9.4.54.v20240208/jetty-io-9.4.54.v20240208.jar:/home/runner/.m2/repository/org/eclipse/jetty/jetty-servlet/9.4.54.v20240208/jetty-servlet-9.4.54.v20240208.jar:/home/runner/.m2/repository/org/eclipse/jetty/jetty-security/9.4.54.v20240208/jetty-security-9.4.54.v20240208.jar:/home/runner/.m2/repository/org/eclipse/jetty/jetty-util-ajax/9.4.54.v20240208/jetty-util-ajax-9.4.54.v20240208.jar:/home/runner/.m2/repository/org/eclipse/jetty/jetty-webapp/9.4.54.v20240208/jetty-webapp-9.4.54.v20240208.jar:/home/runner/.m2/repository/org/eclipse/jetty/jetty-xml/9.4.54.v20240208/jetty-xml-9.4.54.v20240208.jar:/home/runner/.m2/repository/org/apache/ratis/ratis-server/3.0.1/ratis-server-3.0.1.jar:/home/runner/.m2/repository/org/apache/ratis/ratis-thirdparty-misc/1.0.5/ratis-thirdparty-misc-1.0.5.jar:/home/runner/.m2/repository/org/apache/ratis/ratis-proto/3.0.1/ratis-proto-3.0.1.jar:/home/runner/.m2/repository/org/apache/ratis/ratis-common/3.0.1/ratis-common-3.0.1.jar:/home/runner/.m2/repository/org/apache/ratis/ratis-client/3.0.1/ratis-client-3.0.1.jar:/home/runner/.m2/repository/org/apache/ratis/ratis-server-api/3.0.1/ratis-server-api-3.0.1.jar:/home/runner/.m2/repository/org/apache/ratis/ratis-metrics-api/3.0.1/ratis-metrics-api-3.0.1.jar:/home/runner/.m2/repository/org/apache/ratis/ratis-metrics-dropwizard3/3.0.1/ratis-metrics-dropwizard3-3.0.1.jar:/home/runner/.m2/repository/io/prometheus/simpleclient_dropwizard/0.16.0/simpleclient_dropwizard-0.16.0.jar:/home/runner/.m2/repository/io/prometheus/simpleclient/0.16.0/simpleclient-0.16.0.jar:/home/runner/.m2/repository/io/prometheus/simpleclient_common/0.16.0/simpleclient_common-0.16.0.jar:/home/runner/.m2/repository/com/fasterxml/jackson/datatype/jackson-datatype-jsr310/2.16.2/jackson-datatype-jsr310-2.16.2.jar:/home/runner/.m2/repository/com/fasterxml/jackson/core/jackson-core/2.16.2/jackson-core-2.16.2.jar:/home/runner/work/ozone/ozone/hadoop-hdds/rocksdb-checkpoint-differ/target/classes:/home/runner/.m2/repository/org/jgrapht/jgrapht-core/1.4.0/jgrapht-core-1.4.0.jar:/home/runner/.m2/repository/org/jheaps/jheaps/0.11/jheaps-0.11.jar:/home/runner/.m2/repository/org/jgrapht/jgrapht-ext/1.4.0/jgrapht-ext-1.4.0.jar:/home/runner/.m2/repository/com/github/vlsi/mxgraph/jgraphx/3.9.8.1/jgraphx-3.9.8.1.jar:/home/runner/work/ozone/ozone/hadoop-ozone/ozone-manager/target/classes:/home/runner/.m2/repository/org/aspectj/aspectjrt/1.9.7/aspectjrt-1.9.7.jar:/home/runner/.m2/repository/org/aspectj/aspectjweaver/1.9.7/aspectjweaver-1.9.7.jar:/home/runner/work/ozone/ozone/hadoop-hdds/interface-client/target/classes:/home/runner/.m2/repository/org/apache/hadoop/thirdparty/hadoop-shaded-protobuf_3_7/1.1.1/hadoop-shaded-protobuf_3_7-1.1.1.jar:/home/runner/work/ozone/ozone/hadoop-ozone/interface-storage/target/classes:/home/runner/.m2/repository/org/reflections/reflections/0.10.2/reflections-0.10.2.jar:/home/runner/.m2/repository/com/sun/jersey/jersey-client/1.19.4/jersey-client-1.19.4.jar:/home/runner/.m2/repository/org/codehaus/jackson/jackson-core-asl/1.9.13/jackson-core-asl-1.9.13.jar:/home/runner/.m2/repository/org/codehaus/jackson/jackson-mapper-asl/1.9.13/jackson-mapper-asl-1.9.13.jar:/home/runner/.m2/repository/org/codehaus/jackson/jackson-jaxrs/1.9.13/jackson-jaxrs-1.9.13.jar:/home/runner/.m2/repository/org/apache/ranger/ranger-intg/2.3.0/ranger-intg-2.3.0.jar:/home/runner/.m2/repository/org/apache/ranger/ranger-plugins-common/2.3.0/ranger-plugins-common-2.3.0.jar:/home/runner/.m2/repository/commons-lang/commons-lang/2.6/commons-lang-2.6.jar:/home/runner/.m2/repository/org/apache/ranger/ranger-plugins-cred/2.3.0/ranger-plugins-cred-2.3.0.jar:/home/runner/.m2/repository/org/apache/ranger/ranger-plugins-audit/2.3.0/ranger-plugins-audit-2.3.0.jar:/home/runner/.m2/repository/org/eclipse/jetty/jetty-client/9.4.54.v20240208/jetty-client-9.4.54.v20240208.jar:/home/runner/.m2/repository/org/apache/httpcomponents/httpmime/4.5.6/httpmime-4.5.6.jar:/home/runner/.m2/repository/org/apache/httpcomponents/httpcore-nio/4.4.16/httpcore-nio-4.4.16.jar:/home/runner/.m2/repository/org/apache/httpcomponents/httpasyncclient/4.1.3/httpasyncclient-4.1.3.jar:/home/runner/.m2/repository/com/carrotsearch/hppc/0.8.0/hppc-0.8.0.jar:/home/runner/.m2/repository/org/apache/orc/orc-core/1.5.8/orc-core-1.5.8.jar:/home/runner/.m2/repository/net/java/dev/jna/jna/5.2.0/jna-5.2.0.jar:/home/runner/.m2/repository/net/java/dev/jna/jna-platform/5.2.0/jna-platform-5.2.0.jar:/home/runner/.m2/repository/com/kstruct/gethostname4j/0.0.2/gethostname4j-0.0.2.jar:/home/runner/.m2/repository/org/apache/ranger/ranger-plugin-classloader/2.3.0/ranger-plugin-classloader-2.3.0.jar:/home/runner/work/ozone/ozone/hadoop-hdds/rocks-native/target/classes:/home/runner/.m2/repository/org/apache/hadoop/hadoop-minikdc/3.3.6/hadoop-minikdc-3.3.6.jar:/home/runner/.m2/repository/org/apache/kerby/kerb-simplekdc/1.0.1/kerb-simplekdc-1.0.1.jar:/home/runner/.m2/repository/org/apache/kerby/kerb-client/1.0.1/kerb-client-1.0.1.jar:/home/runner/.m2/repository/org/apache/kerby/kerb-common/1.0.1/kerb-common-1.0.1.jar:/home/runner/.m2/repository/org/apache/kerby/token-provider/1.0.1/token-provider-1.0.1.jar:/home/runner/.m2/repository/org/apache/kerby/kerb-admin/1.0.1/kerb-admin-1.0.1.jar:/home/runner/.m2/repository/org/apache/kerby/kerb-server/1.0.1/kerb-server-1.0.1.jar:/home/runner/.m2/repository/org/apache/kerby/kerb-identity/1.0.1/kerb-identity-1.0.1.jar:/home/runner/.m2/repository/org/apache/kerby/kerby-xdr/1.0.1/kerby-xdr-1.0.1.jar:/home/runner/.m2/repository/junit/junit/4.13.2/junit-4.13.2.jar:/home/runner/.m2/repository/org/hamcrest/hamcrest-core/1.3/hamcrest-core-1.3.jar:/home/runner/work/ozone/ozone/hadoop-ozone/s3gateway/target/classes:/home/runner/.m2/repository/org/javassist/javassist/3.30.2-GA/javassist-3.30.2-GA.jar:/home/runner/.m2/repository/org/jboss/weld/servlet/weld-servlet-shaded/3.1.9.Final/weld-servlet-shaded-3.1.9.Final.jar:/home/runner/.m2/repository/org/glassfish/jersey/containers/jersey-container-servlet-core/2.43/jersey-container-servlet-core-2.43.jar:/home/runner/.m2/repository/org/glassfish/hk2/external/jakarta.inject/2.6.1/jakarta.inject-2.6.1.jar:/home/runner/.m2/repository/org/glassfish/jersey/core/jersey-common/2.43/jersey-common-2.43.jar:/home/runner/.m2/repository/jakarta/ws/rs/jakarta.ws.rs-api/2.1.6/jakarta.ws.rs-api-2.1.6.jar:/home/runner/.m2/repository/org/glassfish/jersey/ext/cdi/jersey-cdi1x/2.43/jersey-cdi1x-2.43.jar:/home/runner/.m2/repository/org/glassfish/jersey/inject/jersey-hk2/2.43/jersey-hk2-2.43.jar:/home/runner/.m2/repository/org/glassfish/hk2/hk2-locator/2.6.1/hk2-locator-2.6.1.jar:/home/runner/.m2/repository/org/glassfish/jersey/media/jersey-media-jaxb/2.43/jersey-media-jaxb-2.43.jar:/home/runner/.m2/repository/org/glassfish/hk2/osgi-resource-locator/1.0.3/osgi-resource-locator-1.0.3.jar:/home/runner/.m2/repository/org/glassfish/hk2/hk2-api/2.6.1/hk2-api-2.6.1.jar:/home/runner/.m2/repository/org/glassfish/hk2/hk2-utils/2.6.1/hk2-utils-2.6.1.jar:/home/runner/.m2/repository/org/glassfish/hk2/external/aopalliance-repackaged/2.6.1/aopalliance-repackaged-2.6.1.jar:/home/runner/.m2/repository/com/fasterxml/jackson/dataformat/jackson-dataformat-xml/2.16.2/jackson-dataformat-xml-2.16.2.jar:/home/runner/.m2/repository/org/codehaus/woodstox/stax2-api/4.2.2/stax2-api-4.2.2.jar:/home/runner/.m2/repository/com/fasterxml/woodstox/woodstox-core/5.4.0/woodstox-core-5.4.0.jar:/home/runner/.m2/repository/com/fasterxml/jackson/module/jackson-module-jaxb-annotations/2.16.2/jackson-module-jaxb-annotations-2.16.2.jar:/home/runner/.m2/repository/javax/enterprise/cdi-api/2.0/cdi-api-2.0.jar:/home/runner/.m2/repository/javax/el/javax.el-api/3.0.0/javax.el-api-3.0.0.jar:/home/runner/.m2/repository/javax/interceptor/javax.interceptor-api/1.2/javax.interceptor-api-1.2.jar:/home/runner/.m2/repository/javax/inject/javax.inject/1/javax.inject-1.jar:/home/runner/.m2/repository/jakarta/xml/bind/jakarta.xml.bind-api/2.3.3/jakarta.xml.bind-api-2.3.3.jar:/home/runner/.m2/repository/org/glassfish/jaxb/jaxb-runtime/2.3.9/jaxb-runtime-2.3.9.jar:/home/runner/.m2/repository/org/glassfish/jaxb/txw2/2.3.9/txw2-2.3.9.jar:/home/runner/.m2/repository/com/sun/istack/istack-commons-runtime/3.0.12/istack-commons-runtime-3.0.12.jar:/home/runner/.m2/repository/com/sun/activation/jakarta.activation/1.2.2/jakarta.activation-1.2.2.jar:/home/runner/.m2/repository/jakarta/activation/jakarta.activation-api/1.2.2/jakarta.activation-api-1.2.2.jar:/home/runner/.m2/repository/io/grpc/grpc-protobuf/1.58.0/grpc-protobuf-1.58.0.jar:/home/runner/.m2/repository/com/google/api/grpc/proto-google-common-protos/2.22.0/proto-google-common-protos-2.22.0.jar:/home/runner/.m2/repository/io/grpc/grpc-protobuf-lite/1.58.0/grpc-protobuf-lite-1.58.0.jar:/home/runner/.m2/repository/io/grpc/grpc-stub/1.58.0/grpc-stub-1.58.0.jar:/home/runner/.m2/repository/io/netty/netty-transport/4.1.109.Final/netty-transport-4.1.109.Final.jar:/home/runner/.m2/repository/io/netty/netty-resolver/4.1.109.Final/netty-resolver-4.1.109.Final.jar:/home/runner/work/ozone/ozone/hadoop-ozone/csi/target/classes:/home/runner/.m2/repository/com/google/protobuf/protobuf-java-util/3.19.6/protobuf-java-util-3.19.6.jar:/home/runner/.m2/repository/com/google/code/gson/gson/2.10.1/gson-2.10.1.jar:/home/runner/work/ozone/ozone/hadoop-hdds/config/target/classes:/home/runner/.m2/repository/io/netty/netty-transport-native-epoll/4.1.109.Final/netty-transport-native-epoll-4.1.109.Final-linux-x86_64.jar:/home/runner/.m2/repository/io/netty/netty-transport-classes-epoll/4.1.109.Final/netty-transport-classes-epoll-4.1.109.Final.jar:/home/runner/.m2/repository/io/netty/netty-transport-native-unix-common/4.1.109.Final/netty-transport-native-unix-common-4.1.109.Final.jar:/home/runner/work/ozone/ozone/hadoop-ozone/recon/target/classes:/home/runner/work/ozone/ozone/hadoop-ozone/recon-codegen/target/classes:/home/runner/.m2/repository/com/google/inject/guice/6.0.0/guice-6.0.0.jar:/home/runner/.m2/repository/jakarta/inject/jakarta.inject-api/2.0.1/jakarta.inject-api-2.0.1.jar:/home/runner/.m2/repository/aopalliance/aopalliance/1.0/aopalliance-1.0.jar:/home/runner/.m2/repository/com/google/inject/extensions/guice-assistedinject/6.0.0/guice-assistedinject-6.0.0.jar:/home/runner/.m2/repository/com/google/inject/extensions/guice-servlet/6.0.0/guice-servlet-6.0.0.jar:/home/runner/.m2/repository/org/glassfish/jersey/containers/jersey-container-servlet/2.43/jersey-container-servlet-2.43.jar:/home/runner/.m2/repository/org/glassfish/hk2/guice-bridge/2.6.1/guice-bridge-2.6.1.jar:/home/runner/.m2/repository/org/glassfish/jersey/core/jersey-server/2.43/jersey-server-2.43.jar:/home/runner/.m2/repository/org/glassfish/jersey/core/jersey-client/2.43/jersey-client-2.43.jar:/home/runner/.m2/repository/jakarta/validation/jakarta.validation-api/2.0.2/jakarta.validation-api-2.0.2.jar:/home/runner/.m2/repository/org/glassfish/jersey/media/jersey-media-json-jackson/2.43/jersey-media-json-jackson-2.43.jar:/home/runner/.m2/repository/org/glassfish/jersey/ext/jersey-entity-filtering/2.43/jersey-entity-filtering-2.43.jar:/home/runner/.m2/repository/org/jooq/jooq/3.11.10/jooq-3.11.10.jar:/home/runner/.m2/repository/org/jooq/jooq-meta/3.11.10/jooq-meta-3.11.10.jar:/home/runner/.m2/repository/org/jooq/jooq-codegen/3.11.10/jooq-codegen-3.11.10.jar:/home/runner/.m2/repository/com/jolbox/bonecp/0.8.0.RELEASE/bonecp-0.8.0.RELEASE.jar:/home/runner/.m2/repository/org/apache/derby/derby/10.14.2.0/derby-10.14.2.0.jar:/home/runner/.m2/repository/org/xerial/sqlite-jdbc/3.44.1.0/sqlite-jdbc-3.44.1.0.jar:/home/runner/.m2/repository/org/springframework/spring-jdbc/5.3.34/spring-jdbc-5.3.34.jar:/home/runner/.m2/repository/org/springframework/spring-beans/5.3.34/spring-beans-5.3.34.jar:/home/runner/.m2/repository/org/springframework/spring-core/5.3.34/spring-core-5.3.34.jar:/home/runner/.m2/repository/org/springframework/spring-tx/5.3.34/spring-tx-5.3.34.jar:/home/runner/work/ozone/ozone/hadoop-ozone/client/target/classes:/home/runner/work/ozone/ozone/hadoop-hdds/erasurecode/target/classes:/home/runner/work/ozone/ozone/hadoop-ozone/ozonefs/target/classes:/home/runner/work/ozone/ozone/hadoop-ozone/ozonefs-common/target/classes:/home/runner/work/ozone/ozone/hadoop-ozone/tools/target/classes:/home/runner/.m2/repository/com/amazonaws/aws-java-sdk-core/1.12.661/aws-java-sdk-core-1.12.661.jar:/home/runner/.m2/repository/org/apache/httpcomponents/httpclient/4.5.14/httpclient-4.5.14.jar:/home/runner/.m2/repository/org/apache/httpcomponents/httpcore/4.4.16/httpcore-4.4.16.jar:/home/runner/.m2/repository/com/fasterxml/jackson/dataformat/jackson-dataformat-cbor/2.16.2/jackson-dataformat-cbor-2.16.2.jar:/home/runner/.m2/repository/joda-time/joda-time/2.12.7/joda-time-2.12.7.jar:/home/runner/.m2/repository/com/amazonaws/aws-java-sdk-s3/1.12.661/aws-java-sdk-s3-1.12.661.jar:/home/runner/.m2/repository/com/amazonaws/aws-java-sdk-kms/1.12.661/aws-java-sdk-kms-1.12.661.jar:/home/runner/.m2/repository/com/amazonaws/jmespath-java/1.12.661/jmespath-java-1.12.661.jar:/home/runner/.m2/repository/org/kohsuke/metainf-services/metainf-services/1.11/metainf-services-1.11.jar:/home/runner/work/ozone/ozone/hadoop-hdds/tools/target/classes:/home/runner/.m2/repository/org/apache/ratis/ratis-tools/3.0.1/ratis-tools-3.0.1.jar:/home/runner/.m2/repository/commons-cli/commons-cli/1.6.0/commons-cli-1.6.0.jar:/home/runner/.m2/repository/org/apache/commons/commons-lang3/3.14.0/commons-lang3-3.14.0.jar:/home/runner/work/ozone/ozone/hadoop-ozone/ozone-manager/target/test-classes:/home/runner/work/ozone/ozone/hadoop-hdds/common/target/test-classes:/home/runner/work/ozone/ozone/hadoop-hdds/hadoop-dependency-client/target/classes:/home/runner/.m2/repository/info/picocli/picocli/4.7.6/picocli-4.7.6.jar:/home/runner/.m2/repository/com/fasterxml/jackson/core/jackson-annotations/2.16.2/jackson-annotations-2.16.2.jar:/home/runner/work/ozone/ozone/hadoop-hdds/annotations/target/classes:/home/runner/.m2/repository/javax/annotation/javax.annotation-api/1.3.2/javax.annotation-api-1.3.2.jar:/home/runner/.m2/repository/org/apache/ratis/ratis-netty/3.0.1/ratis-netty-3.0.1.jar:/home/runner/.m2/repository/org/apache/ratis/ratis-grpc/3.0.1/ratis-grpc-3.0.1.jar:/home/runner/.m2/repository/org/bouncycastle/bcpkix-jdk18on/1.78.1/bcpkix-jdk18on-1.78.1.jar:/home/runner/.m2/repository/org/bouncycastle/bcutil-jdk18on/1.78.1/bcutil-jdk18on-1.78.1.jar:/home/runner/.m2/repository/commons-validator/commons-validator/1.6/commons-validator-1.6.jar:/home/runner/.m2/repository/commons-beanutils/commons-beanutils/1.9.4/commons-beanutils-1.9.4.jar:/home/runner/.m2/repository/commons-digester/commons-digester/1.8.1/commons-digester-1.8.1.jar:/home/runner/.m2/repository/commons-collections/commons-collections/3.2.2/commons-collections-3.2.2.jar:/home/runner/.m2/repository/io/jaegertracing/jaeger-client/1.8.1/jaeger-client-1.8.1.jar:/home/runner/.m2/repository/io/jaegertracing/jaeger-thrift/1.8.1/jaeger-thrift-1.8.1.jar:/home/runner/.m2/repository/org/apache/thrift/libthrift/0.15.0/libthrift-0.15.0.jar:/home/runner/.m2/repository/io/jaegertracing/jaeger-core/1.8.1/jaeger-core-1.8.1.jar:/home/runner/.m2/repository/io/jaegertracing/jaeger-tracerresolver/1.8.1/jaeger-tracerresolver-1.8.1.jar:/home/runner/.m2/repository/io/opentracing/contrib/opentracing-tracerresolver/0.1.8/opentracing-tracerresolver-0.1.8.jar:/home/runner/.m2/repository/org/jetbrains/kotlin/kotlin-stdlib/1.9.24/kotlin-stdlib-1.9.24.jar:/home/runner/.m2/repository/org/jetbrains/annotations/13.0/annotations-13.0.jar:/home/runner/.m2/repository/io/opentracing/opentracing-util/0.33.0/opentracing-util-0.33.0.jar:/home/runner/.m2/repository/io/opentracing/opentracing-api/0.33.0/opentracing-api-0.33.0.jar:/home/runner/.m2/repository/io/opentracing/opentracing-noop/0.33.0/opentracing-noop-0.33.0.jar:/home/runner/.m2/repository/org/yaml/snakeyaml/2.0/snakeyaml-2.0.jar:/home/runner/.m2/repository/io/grpc/grpc-api/1.58.0/grpc-api-1.58.0.jar:/home/runner/.m2/repository/org/junit/platform/junit-platform-launcher/1.10.2/junit-platform-launcher-1.10.2.jar:/home/runner/.m2/repository/org/junit/platform/junit-platform-engine/1.10.2/junit-platform-engine-1.10.2.jar:/home/runner/.m2/repository/org/apiguardian/apiguardian-api/1.1.2/apiguardian-api-1.1.2.jar:/home/runner/.m2/repository/org/apache/hadoop/hadoop-kms/3.3.6/hadoop-kms-3.3.6.jar:/home/runner/.m2/repository/org/apache/hadoop/hadoop-auth/3.3.6/hadoop-auth-3.3.6.jar:/home/runner/.m2/repository/org/apache/zookeeper/zookeeper/3.8.4/zookeeper-3.8.4.jar:/home/runner/.m2/repository/org/apache/zookeeper/zookeeper-jute/3.8.4/zookeeper-jute-3.8.4.jar:/home/runner/.m2/repository/org/apache/yetus/audience-annotations/0.12.0/audience-annotations-0.12.0.jar:/home/runner/.m2/repository/org/apache/curator/curator-framework/4.2.0/curator-framework-4.2.0.jar:/home/runner/.m2/repository/org/apache/hadoop/thirdparty/hadoop-shaded-guava/1.2.0/hadoop-shaded-guava-1.2.0.jar:/home/runner/.m2/repository/com/sun/jersey/jersey-core/1.19.4/jersey-core-1.19.4.jar:/home/runner/.m2/repository/javax/ws/rs/jsr311-api/1.1.1/jsr311-api-1.1.1.jar:/home/runner/.m2/repository/com/sun/jersey/jersey-server/1.19.4/jersey-server-1.19.4.jar:/home/runner/.m2/repository/javax/servlet/javax.servlet-api/3.1.0/javax.servlet-api-3.1.0.jar:/home/runner/.m2/repository/org/apache/hadoop/hadoop-common/3.3.6/hadoop-common-3.3.6.jar:/home/runner/.m2/repository/org/apache/commons/commons-math3/3.6.1/commons-math3-3.6.1.jar:/home/runner/.m2/repository/commons-net/commons-net/3.10.0/commons-net-3.10.0.jar:/home/runner/.m2/repository/com/sun/jersey/jersey-servlet/1.19.4/jersey-servlet-1.19.4.jar:/home/runner/.m2/repository/com/github/pjfanning/jersey-json/1.20/jersey-json-1.20.jar:/home/runner/.m2/repository/org/codehaus/jettison/jettison/1.1/jettison-1.1.jar:/home/runner/.m2/repository/com/sun/xml/bind/jaxb-impl/2.2.3-1/jaxb-impl-2.2.3-1.jar:/home/runner/.m2/repository/com/google/re2j/re2j/1.7/re2j-1.7.jar:/home/runner/.m2/repository/com/jcraft/jsch/0.1.55/jsch-0.1.55.jar:/home/runner/.m2/repository/org/apache/curator/curator-client/4.2.0/curator-client-4.2.0.jar:/home/runner/.m2/repository/org/apache/curator/curator-recipes/5.2.0/curator-recipes-5.2.0.jar:/home/runner/.m2/repository/com/google/code/findbugs/jsr305/3.0.2/jsr305-3.0.2.jar:/home/runner/.m2/repository/dnsjava/dnsjava/2.1.9/dnsjava-2.1.9.jar:/home/runner/.m2/repository/com/fasterxml/jackson/core/jackson-databind/2.16.2/jackson-databind-2.16.2.jar:/home/runner/.m2/repository/org/apache/hadoop/hadoop-kms/3.3.6/hadoop-kms-3.3.6-tests.jar:/home/runner/work/ozone/ozone/hadoop-hdds/server-scm/target/test-classes:/home/runner/work/ozone/ozone/hadoop-hdds/container-service/target/test-classes:/home/runner/.m2/repository/com/github/luben/zstd-jni/1.5.6-3/zstd-jni-1.5.6-3.jar:/home/runner/.m2/repository/commons-codec/commons-codec/1.17.0/commons-codec-1.17.0.jar:/home/runner/.m2/repository/io/netty/netty-codec/4.1.109.Final/netty-codec-4.1.109.Final.jar:/home/runner/.m2/repository/io/netty/netty-handler/4.1.109.Final/netty-handler-4.1.109.Final.jar:/home/runner/work/ozone/ozone/hadoop-hdds/hadoop-dependency-test/target/classes:/home/runner/.m2/repository/org/apache/hadoop/hadoop-common/3.3.6/hadoop-common-3.3.6-tests.jar:/home/runner/.m2/repository/org/apache/hadoop/hadoop-hdfs/3.3.6/hadoop-hdfs-3.3.6-tests.jar:/home/runner/.m2/repository/org/junit/jupiter/junit-jupiter-engine/5.10.2/junit-jupiter-engine-5.10.2.jar:/home/runner/.m2/repository/org/junit/jupiter/junit-jupiter-params/5.10.2/junit-jupiter-params-5.10.2.jar:/home/runner/.m2/repository/org/mockito/mockito-core/4.11.0/mockito-core-4.11.0.jar:/home/runner/.m2/repository/net/bytebuddy/byte-buddy-agent/1.12.19/byte-buddy-agent-1.12.19.jar:/home/runner/.m2/repository/org/objenesis/objenesis/3.3/objenesis-3.3.jar:/home/runner/.m2/repository/org/mockito/mockito-inline/4.11.0/mockito-inline-4.11.0.jar:/home/runner/.m2/repository/org/mockito/mockito-junit-jupiter/4.11.0/mockito-junit-jupiter-4.11.0.jar:/home/runner/.m2/repository/org/apache/hadoop/hadoop-distcp/3.3.6/hadoop-distcp-3.3.6.jar:/home/runner/.m2/repository/org/apache/hadoop/hadoop-mapreduce-client-jobclient/3.3.6/hadoop-mapreduce-client-jobclient-3.3.6.jar:/home/runner/.m2/repository/org/apache/hadoop/hadoop-mapreduce-client-common/3.3.6/hadoop-mapreduce-client-common-3.3.6.jar:/home/runner/.m2/repository/org/apache/hadoop/hadoop-yarn-common/3.3.6/hadoop-yarn-common-3.3.6.jar:/home/runner/.m2/repository/org/apache/hadoop/hadoop-yarn-api/3.3.6/hadoop-yarn-api-3.3.6.jar:/home/runner/.m2/repository/javax/xml/bind/jaxb-api/2.2.11/jaxb-api-2.2.11.jar:/home/runner/.m2/repository/com/sun/jersey/contribs/jersey-guice/1.19.4/jersey-guice-1.19.4.jar:/home/runner/.m2/repository/com/fasterxml/jackson/jaxrs/jackson-jaxrs-json-provider/2.16.2/jackson-jaxrs-json-provider-2.16.2.jar:/home/runner/.m2/repository/com/fasterxml/jackson/jaxrs/jackson-jaxrs-base/2.16.2/jackson-jaxrs-base-2.16.2.jar:/home/runner/.m2/repository/org/apache/hadoop/hadoop-yarn-client/3.3.6/hadoop-yarn-client-3.3.6.jar:/home/runner/.m2/repository/org/eclipse/jetty/websocket/websocket-client/9.4.51.v20230217/websocket-client-9.4.51.v20230217.jar:/home/runner/.m2/repository/org/eclipse/jetty/websocket/websocket-common/9.4.51.v20230217/websocket-common-9.4.51.v20230217.jar:/home/runner/.m2/repository/org/eclipse/jetty/websocket/websocket-api/9.4.51.v20230217/websocket-api-9.4.51.v20230217.jar:/home/runner/.m2/repository/org/jline/jline/3.9.0/jline-3.9.0.jar:/home/runner/.m2/repository/org/apache/hadoop/hadoop-mapreduce-client-core/3.3.6/hadoop-mapreduce-client-core-3.3.6.jar:/home/runner/.m2/repository/org/apache/avro/avro/1.7.7/avro-1.7.7.jar:/home/runner/.m2/repository/com/thoughtworks/paranamer/paranamer/2.3/paranamer-2.3.jar:/home/runner/.m2/repository/org/apache/hadoop/hadoop-annotations/3.3.6/hadoop-annotations-3.3.6.jar:/home/runner/.m2/repository/io/netty/netty/3.10.6.Final/netty-3.10.6.Final.jar:/home/runner/.m2/repository/org/apache/hadoop/hadoop-distcp/3.3.6/hadoop-distcp-3.3.6-tests.jar:/home/runner/.m2/repository/org/hamcrest/hamcrest/2.2/hamcrest-2.2.jar:/home/runner/.m2/repository/org/slf4j/jul-to-slf4j/2.0.13/jul-to-slf4j-2.0.13.jar:/home/runner/work/ozone/ozone/hadoop-ozone/integration-test/target/gradle-enterprise/test-listeners.jar:"/>
    <property name="sun.cpu.endian" value="little"/>
    <property name="user.home" value="/home/runner"/>
    <property name="user.language" value="en"/>
    <property name="java.specification.vendor" value="Oracle Corporation"/>
    <property name="java.version.date" value="2024-04-16"/>
    <property name="java.home" value="/usr/lib/jvm/temurin-17-jdk-amd64"/>
    <property name="java.security.krb5.conf" value="/home/runner/work/ozone/ozone/hadoop-ozone/integration-test/target/test-classes/krb5.conf"/>
    <property name="file.separator" value="/"/>
    <property name="basedir" value="/home/runner/work/ozone/ozone/hadoop-ozone/integration-test"/>
    <property name="java.vm.compressedOopsMode" value="Zero based"/>
    <property name="line.separator" value="&#10;"/>
    <property name="java.vm.specification.vendor" value="Oracle Corporation"/>
    <property name="java.specification.name" value="Java Platform API Specification"/>
    <property name="skip.installnpx" value="true"/>
    <property name="surefire.real.class.path" value="/home/runner/work/ozone/ozone/hadoop-ozone/integration-test/target/surefire/surefirebooter17253433392115309371.jar"/>
    <property name="hadoop.log.dir" value="/home/runner/work/ozone/ozone/hadoop-ozone/integration-test/target/log"/>
    <property name="sun.management.compiler" value="HotSpot 64-Bit Tiered Compilers"/>
    <property name="java.runtime.version" value="17.0.11+9"/>
    <property name="skip.npx" value="true"/>
    <property name="user.name" value="runner"/>
    <property name="java.net.preferIPv4Stack" value="true"/>
    <property name="path.separator" value=":"/>
    <property name="java.security.egd" value="file:///dev/urandom"/>
    <property name="os.version" value="5.15.0-1064-azure"/>
    <property name="java.runtime.name" value="OpenJDK Runtime Environment"/>
    <property name="com.gradle.maven.scan.extension.test.listener.junitplatform.NestedExecutionSafeDelegatingTestExecutionListener" value="2fd1433e"/>
    <property name="file.encoding" value="UTF-8"/>
    <property name="java.vm.name" value="OpenJDK 64-Bit Server VM"/>
    <property name="java.vendor.version" value="Temurin-17.0.11+9"/>
    <property name="test.build.webapps" value=""/>
    <property name="gradle.enterprise.listener.port" value="34071"/>
    <property name="localRepository" value="/home/runner/.m2/repository"/>
    <property name="java.vendor.url.bug" value="https://github.com/adoptium/adoptium-support/issues"/>
    <property name="jetty.git.hash" value="cef3fbd6d736a21e7d541a5db490381d95a2047d"/>
    <property name="java.io.tmpdir" value="/tmp"/>
    <property name="require.test.libhadoop" value=""/>
    <property name="java.version" value="17.0.11"/>
    <property name="user.dir" value="/home/runner/work/ozone/ozone/hadoop-ozone/integration-test"/>
    <property name="os.arch" value="amd64"/>
    <property name="java.vm.specification.name" value="Java Virtual Machine Specification"/>
    <property name="test.build.classes" value="/home/runner/work/ozone/ozone/hadoop-ozone/integration-test/target/test-classes"/>
    <property name="org.apache.ratis.thirdparty.io.netty.allocator.useCacheForAllThreads" value="false"/>
    <property name="native.encoding" value="UTF-8"/>
    <property name="hadoop.tmp.dir" value="/home/runner/work/ozone/ozone/hadoop-ozone/integration-test/target/tmp"/>
    <property name="java.library.path" value="/usr/java/packages/lib:/usr/lib64:/lib64:/lib:/usr/lib"/>
    <property name="java.vm.info" value="mixed mode, sharing"/>
    <property name="java.vendor" value="Eclipse Adoptium"/>
    <property name="java.vm.version" value="17.0.11+9"/>
    <property name="sun.io.unicode.encoding" value="UnicodeLittle"/>
    <property name="java.class.version" value="61.0"/>
  </properties>
  <testcase name="testExclusiveSizeWithDirectoryDeepClean" classname="org.apache.hadoop.ozone.om.snapshot.TestSnapshotDirectoryCleaningService" time="9.153">
    <failure type="org.opentest4j.AssertionFailedError"><![CDATA[org.opentest4j.AssertionFailedError: expected: <3> but was: <0>
	at org.junit.jupiter.api.AssertionFailureBuilder.build(AssertionFailureBuilder.java:151)
	at org.junit.jupiter.api.AssertionFailureBuilder.buildAndThrow(AssertionFailureBuilder.java:132)
	at org.junit.jupiter.api.AssertEquals.failNotEqual(AssertEquals.java:197)
	at org.junit.jupiter.api.AssertEquals.assertEquals(AssertEquals.java:182)
	at org.junit.jupiter.api.AssertEquals.assertEquals(AssertEquals.java:177)
	at org.junit.jupiter.api.Assertions.assertEquals(Assertions.java:646)
	at org.apache.hadoop.ozone.om.snapshot.TestSnapshotDirectoryCleaningService.testExclusiveSizeWithDirectoryDeepClean(TestSnapshotDirectoryCleaningService.java:242)
	at java.base/java.lang.reflect.Method.invoke(Method.java:568)
	at java.base/java.util.ArrayList.forEach(ArrayList.java:1511)
	at java.base/java.util.ArrayList.forEach(ArrayList.java:1511)
]]></failure>
    <system-out><![CDATA[2024-06-06 03:46:28,695 [main] WARN  server.ServerUtils (ServerUtils.java:getScmDbDir(143)) - ozone.scm.db.dirs is not configured. We recommend adding this setting. Falling back to ozone.metadata.dirs instead.
2024-06-06 03:46:28,915 [main] INFO  reflections.Reflections (Reflections.java:scan(219)) - Reflections took 183 ms to scan 7 urls, producing 158 keys and 372 values
2024-06-06 03:46:29,079 [main] WARN  server.ServerUtils (ServerUtils.java:getScmDbDir(143)) - ozone.scm.db.dirs is not configured. We recommend adding this setting. Falling back to ozone.metadata.dirs instead.
2024-06-06 03:46:29,084 [main] INFO  ha.SCMHANodeDetails (SCMHANodeDetails.java:loadSCMHAConfig(207)) - ServiceID for StorageContainerManager is null
2024-06-06 03:46:29,091 [main] WARN  ha.SCMHANodeDetails (SCMHANodeDetails.java:validateSCMHAConfig(180)) - Default/Configured value of config ozone.scm.ratis.enable conflicts with the expected value. Default/Configured: true. Expected: false. Falling back to the expected value. Current State of SCM: SCM is running without Ratis. Ratis SCM -> Non Ratis SCM is not supported.
2024-06-06 03:46:29,092 [main] INFO  ha.SCMHANodeDetails (SCMHANodeDetails.java:loadSCMHAConfig(212)) - ozone.scm.default.service.id is not defined, falling back to ozone.scm.service.ids to find serviceID for StorageContainerManager if it is HA enabled cluster
2024-06-06 03:46:29,618 [main] WARN  utils.HAUtils (HAUtils.java:getMetaDir(339)) - ozone.scm.db.dirs is not configured. We recommend adding this setting. Falling back to ozone.metadata.dirs instead.
2024-06-06 03:46:29,764 [main] WARN  db.DBStoreBuilder (DBStoreBuilder.java:applyDBDefinition(171)) - ozone.scm.db.dirs is not configured. We recommend adding this setting. Falling back to ozone.metadata.dirs instead.
2024-06-06 03:46:29,776 [main] INFO  utils.LeakDetector (LeakDetector.java:start(73)) - Starting leak detector thread ManagedRocksObject0.
2024-06-06 03:46:30,020 [main] INFO  net.NodeSchemaLoader (NodeSchemaLoader.java:loadSchemaFromFile(129)) - Loading schema from [file:/home/runner/work/ozone/ozone/hadoop-hdds/common/target/classes/network-topology-default.xml]
2024-06-06 03:46:30,022 [main] INFO  net.NodeSchemaLoader (NodeSchemaLoader.java:loadSchema(176)) - Loading network topology layer schema file
2024-06-06 03:46:30,066 [main] INFO  metrics.MetricRegistries (MetricRegistriesLoader.java:load(64)) - Loaded MetricRegistries class org.apache.ratis.metrics.dropwizard3.Dm3MetricRegistriesImpl
2024-06-06 03:46:30,078 [main] INFO  upgrade.AbstractLayoutVersionManager (AbstractLayoutVersionManager.java:init(83)) - Initializing Layout version manager with metadata layout = HADOOP_PRC_PORTS_IN_DATANODEDETAILS (version = 7), software layout = HADOOP_PRC_PORTS_IN_DATANODEDETAILS (version = 7)
2024-06-06 03:46:30,230 [main] INFO  ha.SequenceIdGenerator (SequenceIdGenerator.java:upgradeToSequenceId(370)) - upgrade localId to 113750153625600000
2024-06-06 03:46:30,232 [main] INFO  ha.SequenceIdGenerator (SequenceIdGenerator.java:upgradeToSequenceId(380)) - upgrade delTxnId to 0
2024-06-06 03:46:30,238 [main] INFO  ha.SequenceIdGenerator (SequenceIdGenerator.java:upgradeToSequenceId(397)) - upgrade containerId to 0
2024-06-06 03:46:30,241 [main] INFO  ha.SequenceIdGenerator (SequenceIdGenerator.java:upgradeToCertificateSequenceId(444)) - upgrade CertificateId to 2
2024-06-06 03:46:30,243 [main] INFO  ha.SequenceIdGenerator (SequenceIdGenerator.java:<init>(241)) - Init the HA SequenceIdGenerator.
2024-06-06 03:46:30,291 [main] WARN  server.ServerUtils (ServerUtils.java:sanitizeUserArgs(79)) - ozone.scm.stale.node.interval value = 300000 is larger than max = 100000 based on the key value of ozone.scm.heartbeat.thread.interval, reset to the max value 100000.
2024-06-06 03:46:30,292 [main] WARN  server.ServerUtils (ServerUtils.java:sanitizeUserArgs(79)) - ozone.scm.stale.node.interval value = 300000 is larger than max = 100000 based on the key value of ozone.scm.heartbeat.thread.interval, reset to the max value 100000.
2024-06-06 03:46:30,297 [main] INFO  node.SCMNodeManager (SCMNodeManager.java:<init>(177)) - Entering startup safe mode.
2024-06-06 03:46:30,317 [main] INFO  algorithms.ContainerPlacementPolicyFactory (ContainerPlacementPolicyFactory.java:getPolicyInternal(86)) - Create container placement policy of type org.apache.hadoop.hdds.scm.container.placement.algorithms.SCMContainerPlacementRackAware
2024-06-06 03:46:30,319 [main] INFO  algorithms.ContainerPlacementPolicyFactory (ContainerPlacementPolicyFactory.java:getPolicyInternal(86)) - Create container placement policy of type org.apache.hadoop.hdds.scm.container.placement.algorithms.SCMContainerPlacementRackScatter
2024-06-06 03:46:30,325 [main] INFO  pipeline.PipelineStateManagerImpl (PipelineStateManagerImpl.java:initialize(78)) - No pipeline exists in current db
2024-06-06 03:46:30,335 [main] INFO  algorithms.LeaderChoosePolicyFactory (LeaderChoosePolicyFactory.java:getPolicy(57)) - Create leader choose policy of type org.apache.hadoop.hdds.scm.pipeline.leader.choose.algorithms.MinLeaderCountChoosePolicy
2024-06-06 03:46:30,335 [main] INFO  algorithms.ContainerPlacementPolicyFactory (ContainerPlacementPolicyFactory.java:getPolicyInternal(86)) - Create container placement policy of type org.apache.hadoop.hdds.scm.container.placement.algorithms.SCMContainerPlacementRackScatter
2024-06-06 03:46:30,341 [main] INFO  ha.SCMServiceManager (SCMServiceManager.java:register(42)) - Registering service BackgroundPipelineCreator.
2024-06-06 03:46:30,341 [main] INFO  pipeline.BackgroundPipelineCreator (BackgroundPipelineCreator.java:start(127)) - Starting RatisPipelineUtilsThread.
2024-06-06 03:46:30,345 [main] INFO  BackgroundPipelineScrubber (BackgroundSCMService.java:start(65)) - Starting BackgroundPipelineScrubber Service.
2024-06-06 03:46:30,346 [main] INFO  ha.SCMServiceManager (SCMServiceManager.java:register(42)) - Registering service BackgroundPipelineScrubber.
2024-06-06 03:46:30,350 [main] INFO  ExpiredContainerReplicaOpScrubber (BackgroundSCMService.java:start(65)) - Starting ExpiredContainerReplicaOpScrubber Service.
2024-06-06 03:46:30,352 [main] INFO  ha.SCMServiceManager (SCMServiceManager.java:register(42)) - Registering service ExpiredContainerReplicaOpScrubber.
2024-06-06 03:46:30,370 [main] INFO  algorithms.PipelineChoosePolicyFactory (PipelineChoosePolicyFactory.java:createPipelineChoosePolicyFromClass(80)) - Create pipeline choose policy of type org.apache.hadoop.hdds.scm.pipeline.choose.algorithms.RandomPipelineChoosePolicy
2024-06-06 03:46:30,371 [main] INFO  algorithms.PipelineChoosePolicyFactory (PipelineChoosePolicyFactory.java:createPipelineChoosePolicyFromClass(80)) - Create pipeline choose policy of type org.apache.hadoop.hdds.scm.pipeline.choose.algorithms.RandomPipelineChoosePolicy
2024-06-06 03:46:30,394 [main] INFO  ha.SCMServiceManager (SCMServiceManager.java:register(42)) - Registering service SCMBlockDeletingService.
2024-06-06 03:46:30,441 [main] INFO  replication.ReplicationManager (ReplicationManager.java:start(296)) - Starting Replication Monitor Thread.
2024-06-06 03:46:30,443 [main] INFO  ha.SCMServiceManager (SCMServiceManager.java:register(42)) - Registering service ReplicationManager.
2024-06-06 03:46:30,443 [ReplicationMonitor] INFO  replication.ReplicationManager (ReplicationManager.java:processAll(373)) - Replication Manager is not ready to run until 3000ms after safemode exit
2024-06-06 03:46:30,450 [main] INFO  safemode.ContainerSafeModeRule (ContainerSafeModeRule.java:<init>(91)) - containers with one replica threshold count 0
2024-06-06 03:46:30,454 [main] INFO  safemode.HealthyPipelineSafeModeRule (HealthyPipelineSafeModeRule.java:initializeRule(176)) - Total pipeline count is 0, healthy pipeline threshold count is 1
2024-06-06 03:46:30,455 [main] INFO  safemode.OneReplicaPipelineSafeModeRule (OneReplicaPipelineSafeModeRule.java:initializeRule(193)) - Total pipeline count is 0, pipeline's with at least one datanode reported threshold count is 0
2024-06-06 03:46:30,508 [main] INFO  server.StorageContainerManager (StorageContainerManager.java:<init>(440)) - SCM start with adminUsers: [runner]
2024-06-06 03:46:30,734 [main] INFO  audit.AuditLogger (AuditLogger.java:refreshDebugCmdSet(135)) - Refresh DebugCmdSet for SCMAudit to [].
2024-06-06 03:46:30,757 [main] INFO  ipc.CallQueueManager (CallQueueManager.java:<init>(90)) - Using callQueue: class java.util.concurrent.LinkedBlockingQueue, queueCapacity: 10000, scheduler: class org.apache.hadoop.ipc.DefaultRpcScheduler, ipcBackoff: false.
2024-06-06 03:46:30,779 [main] INFO  ipc.Server (Server.java:<init>(1287)) - Listener at 0.0.0.0:15002
2024-06-06 03:46:30,783 [Socket Reader #1 for port 15002] INFO  ipc.Server (Server.java:run(1323)) - Starting Socket Reader #1 for port 15002
2024-06-06 03:46:30,824 [main] INFO  audit.AuditLogger (AuditLogger.java:refreshDebugCmdSet(135)) - Refresh DebugCmdSet for SCMAudit to [].
2024-06-06 03:46:30,829 [main] INFO  ipc.CallQueueManager (CallQueueManager.java:<init>(90)) - Using callQueue: class java.util.concurrent.LinkedBlockingQueue, queueCapacity: 10000, scheduler: class org.apache.hadoop.ipc.DefaultRpcScheduler, ipcBackoff: false.
2024-06-06 03:46:30,830 [main] INFO  ipc.Server (Server.java:<init>(1287)) - Listener at 0.0.0.0:15001
2024-06-06 03:46:30,830 [Socket Reader #1 for port 15001] INFO  ipc.Server (Server.java:run(1323)) - Starting Socket Reader #1 for port 15001
2024-06-06 03:46:30,856 [main] INFO  audit.AuditLogger (AuditLogger.java:refreshDebugCmdSet(135)) - Refresh DebugCmdSet for SCMAudit to [].
2024-06-06 03:46:30,865 [main] INFO  ipc.CallQueueManager (CallQueueManager.java:<init>(90)) - Using callQueue: class java.util.concurrent.LinkedBlockingQueue, queueCapacity: 10000, scheduler: class org.apache.hadoop.ipc.DefaultRpcScheduler, ipcBackoff: false.
2024-06-06 03:46:30,865 [main] INFO  ipc.Server (Server.java:<init>(1287)) - Listener at 0.0.0.0:15000
2024-06-06 03:46:30,866 [Socket Reader #1 for port 15000] INFO  ipc.Server (Server.java:run(1323)) - Starting Socket Reader #1 for port 15000
2024-06-06 03:46:30,913 [main] INFO  ha.SCMServiceManager (SCMServiceManager.java:register(42)) - Registering service ContainerBalancer.
2024-06-06 03:46:30,913 [main] INFO  ha.SCMContext (SCMContext.java:updateSafeModeStatus(225)) - Update SafeModeStatus from SafeModeStatus{safeModeStatus=true, preCheckPassed=false} to SafeModeStatus{safeModeStatus=true, preCheckPassed=false}.
2024-06-06 03:46:30,917 [main] INFO  server.StorageContainerManager (StorageContainerManager.java:start(1545)) - StorageContainerLocationProtocol RPC server is listening at /0.0.0.0:15000
2024-06-06 03:46:30,994 [main] WARN  impl.MetricsConfig (MetricsConfig.java:loadFirst(136)) - Cannot locate configuration: tried hadoop-metrics2-storagecontainermanager.properties,hadoop-metrics2.properties
2024-06-06 03:46:31,005 [main] INFO  impl.MetricsSystemImpl (MetricsSystemImpl.java:startTimer(378)) - Scheduled Metric snapshot period at 10 second(s).
2024-06-06 03:46:31,005 [main] INFO  impl.MetricsSystemImpl (MetricsSystemImpl.java:start(191)) - StorageContainerManager metrics system started
2024-06-06 03:46:31,215 [main] INFO  server.SCMClientProtocolServer (SCMClientProtocolServer.java:start(204)) - RPC server for Client  is listening at /0.0.0.0:15000
2024-06-06 03:46:31,216 [IPC Server Responder] INFO  ipc.Server (Server.java:run(1562)) - IPC Server Responder: starting
2024-06-06 03:46:31,217 [IPC Server listener on 15000] INFO  ipc.Server (Server.java:run(1402)) - IPC Server listener on 15000: starting
2024-06-06 03:46:31,240 [main] INFO  server.StorageContainerManager (StorageContainerManager.java:start(1558)) - ScmBlockLocationProtocol RPC server is listening at /0.0.0.0:15001
2024-06-06 03:46:31,242 [main] INFO  server.SCMBlockProtocolServer (SCMBlockProtocolServer.java:start(162)) - RPC server for Block Protocol is listening at /0.0.0.0:15001
2024-06-06 03:46:31,242 [IPC Server Responder] INFO  ipc.Server (Server.java:run(1562)) - IPC Server Responder: starting
2024-06-06 03:46:31,243 [IPC Server listener on 15001] INFO  ipc.Server (Server.java:run(1402)) - IPC Server listener on 15001: starting
2024-06-06 03:46:31,284 [main] INFO  server.SCMDatanodeProtocolServer (SCMDatanodeProtocolServer.java:start(194)) - ScmDatanodeProtocol RPC server for DataNodes is listening at /0.0.0.0:15002
2024-06-06 03:46:31,287 [IPC Server Responder] INFO  ipc.Server (Server.java:run(1562)) - IPC Server Responder: starting
2024-06-06 03:46:31,287 [IPC Server listener on 15002] INFO  ipc.Server (Server.java:run(1402)) - IPC Server listener on 15002: starting
2024-06-06 03:46:31,342 [JvmPauseMonitor0] INFO  util.JvmPauseMonitor (JvmPauseMonitor.java:run(146)) - JvmPauseMonitor-1aa12f56-14f4-4718-b5a5-57c21761cca7: Started
2024-06-06 03:46:31,352 [main] INFO  http.BaseHttpServer (BaseHttpServer.java:newHttpServer2BuilderForOzone(223)) - Starting Web-server for scm at: http://0.0.0.0:15003
2024-06-06 03:46:31,353 [main] INFO  http.BaseHttpServer (BaseHttpServer.java:<init>(110)) - Hadoop Security Enabled: false Ozone Security Enabled: false Ozone HTTP Security Enabled: false 
2024-06-06 03:46:31,370 [main] INFO  util.log (Log.java:initialized(170)) - Logging initialized @3857ms to org.eclipse.jetty.util.log.Slf4jLog
2024-06-06 03:46:31,435 [main] WARN  server.AuthenticationFilter (AuthenticationFilter.java:constructSecretProvider(240)) - Unable to initialize FileSignerSecretProvider, falling back to use random secrets. Reason: Could not read signature secret file: /home/runner/hadoop-http-auth-signature-secret
2024-06-06 03:46:31,440 [main] INFO  http.HttpRequestLog (HttpRequestLog.java:getRequestLog(86)) - Http request log for http.requests.scm is not defined
2024-06-06 03:46:31,446 [main] INFO  http.HttpServer2 (HttpServer2.java:addGlobalFilter(1036)) - Added global filter 'safety' (class=org.apache.hadoop.hdds.server.http.HttpServer2$QuotingInputFilter)
2024-06-06 03:46:31,448 [main] INFO  http.HttpServer2 (HttpServer2.java:addFilter(1012)) - Added filter static_user_filter (class=org.apache.hadoop.http.lib.StaticUserWebFilter$StaticUserFilter) to context scm
2024-06-06 03:46:31,448 [main] INFO  http.HttpServer2 (HttpServer2.java:addFilter(1020)) - Added filter static_user_filter (class=org.apache.hadoop.http.lib.StaticUserWebFilter$StaticUserFilter) to context logs
2024-06-06 03:46:31,449 [main] INFO  http.HttpServer2 (HttpServer2.java:addFilter(1020)) - Added filter static_user_filter (class=org.apache.hadoop.http.lib.StaticUserWebFilter$StaticUserFilter) to context static
2024-06-06 03:46:31,474 [main] INFO  http.BaseHttpServer (BaseHttpServer.java:<init>(189)) - HTTP server of scm uses base directory /home/runner/work/ozone/ozone/hadoop-ozone/integration-test/target/test-dir/MiniOzoneClusterImpl-9b8c67d1-9dc3-4dee-b61a-2e100565025d/ozone-meta/webserver
2024-06-06 03:46:31,476 [main] INFO  http.HttpServer2 (HttpServer2.java:bindListener(1236)) - Jetty bound to port 15003
2024-06-06 03:46:31,477 [main] INFO  server.Server (Server.java:doStart(375)) - jetty-9.4.54.v20240208; built: 2024-02-08T19:42:39.027Z; git: cef3fbd6d736a21e7d541a5db490381d95a2047d; jvm 17.0.11+9
2024-06-06 03:46:31,494 [main] INFO  server.session (DefaultSessionIdManager.java:doStart(334)) - DefaultSessionIdManager workerName=node0
2024-06-06 03:46:31,494 [main] INFO  server.session (DefaultSessionIdManager.java:doStart(339)) - No SessionScavenger set, using defaults
2024-06-06 03:46:31,495 [main] INFO  server.session (HouseKeeper.java:startScavenging(132)) - node0 Scavenging every 600000ms
2024-06-06 03:46:31,506 [main] INFO  handler.ContextHandler (ContextHandler.java:doStart(921)) - Started o.e.j.s.ServletContextHandler@75da2db{logs,/logs,file:///home/runner/work/ozone/ozone/hadoop-ozone/integration-test/target/log,AVAILABLE}
2024-06-06 03:46:31,507 [main] INFO  handler.ContextHandler (ContextHandler.java:doStart(921)) - Started o.e.j.s.ServletContextHandler@1826475{static,/static,file:///home/runner/work/ozone/ozone/hadoop-ozone/integration-test/target/test-classes/webapps/static,AVAILABLE}
2024-06-06 03:46:31,552 [main] INFO  handler.ContextHandler (ContextHandler.java:doStart(921)) - Started o.e.j.w.WebAppContext@39b95a80{scm,/,file:///home/runner/work/ozone/ozone/hadoop-ozone/integration-test/target/test-classes/webapps/scm/,AVAILABLE}{file:/home/runner/work/ozone/ozone/hadoop-ozone/integration-test/target/test-classes/webapps/scm}
2024-06-06 03:46:31,557 [main] INFO  server.AbstractConnector (AbstractConnector.java:doStart(333)) - Started ServerConnector@5ced0537{HTTP/1.1, (http/1.1)}{0.0.0.0:15003}
2024-06-06 03:46:31,558 [main] INFO  server.Server (Server.java:doStart(415)) - Started @4045ms
2024-06-06 03:46:31,560 [main] INFO  impl.MetricsSinkAdapter (MetricsSinkAdapter.java:start(204)) - Sink prometheus started
2024-06-06 03:46:31,560 [main] INFO  impl.MetricsSystemImpl (MetricsSystemImpl.java:registerSink(305)) - Registered sink prometheus
2024-06-06 03:46:31,562 [main] INFO  http.BaseHttpServer (BaseHttpServer.java:updateConnectorAddress(354)) - HTTP server of scm listening at http://0.0.0.0:15003
2024-06-06 03:46:31,564 [main] WARN  server.ServerUtils (ServerUtils.java:getDBPath(299)) - ozone.om.db.dirs is not configured. We recommend adding this setting. Falling back to ozone.metadata.dirs instead.
2024-06-06 03:46:31,616 [main] INFO  audit.AuditLogger (AuditLogger.java:refreshDebugCmdSet(135)) - Refresh DebugCmdSet for OMAudit to [].
2024-06-06 03:46:31,665 [main] INFO  ha.OMHANodeDetails (OMHANodeDetails.java:loadOMHAConfig(115)) - ozone.om.internal.service.id is not defined, falling back to ozone.om.service.ids to find serviceID for OzoneManager if it is HA enabled cluster
2024-06-06 03:46:31,668 [main] INFO  ha.OMHANodeDetails (OMHANodeDetails.java:loadOMHAConfig(226)) - Configuration does not have ozone.om.address set. Falling back to the default OM address /127.0.0.1:15004
2024-06-06 03:46:31,668 [main] INFO  ha.OMHANodeDetails (OMHANodeDetails.java:getOMNodeDetailsForNonHA(254)) - OM Service ID is not set. Setting it to the default ID: omServiceIdDefault
2024-06-06 03:46:31,668 [main] INFO  ha.OMHANodeDetails (OMHANodeDetails.java:getOMNodeDetailsForNonHA(261)) - OM Node ID is not set. Setting it to the default ID: om1
2024-06-06 03:46:31,672 [main] WARN  server.ServerUtils (ServerUtils.java:getDBPath(299)) - ozone.om.db.dirs is not configured. We recommend adding this setting. Falling back to ozone.metadata.dirs instead.
2024-06-06 03:46:31,675 [main] INFO  upgrade.AbstractLayoutVersionManager (AbstractLayoutVersionManager.java:init(83)) - Initializing Layout version manager with metadata layout = QUOTA (version = 6), software layout = QUOTA (version = 6)
2024-06-06 03:46:31,751 [main] INFO  reflections.Reflections (Reflections.java:scan(219)) - Reflections took 74 ms to scan 2 urls, producing 188 keys and 545 values
2024-06-06 03:46:31,755 [main] INFO  upgrade.OMLayoutVersionManager (OMLayoutVersionManager.java:lambda$0(113)) - Skipping Upgrade Action QuotaRepairUpgradeAction since it has been finalized.
2024-06-06 03:46:31,756 [main] INFO  upgrade.OMLayoutVersionManager (OMLayoutVersionManager.java:lambda$0(113)) - Skipping Upgrade Action MockOmUpgradeAction since it has been finalized.
2024-06-06 03:46:31,758 [main] WARN  server.ServerUtils (ServerUtils.java:getDBPath(299)) - ozone.om.db.dirs is not configured. We recommend adding this setting. Falling back to ozone.metadata.dirs instead.
2024-06-06 03:46:31,864 [main] INFO  proxy.SCMBlockLocationFailoverProxyProvider (SCMBlockLocationFailoverProxyProvider.java:<init>(115)) - Created block location fail-over proxy with 1 nodes: [nodeId=scmNodeId,nodeAddress=/0.0.0.0:15001]
2024-06-06 03:46:31,896 [main] INFO  proxy.SCMBlockLocationFailoverProxyProvider (SCMBlockLocationFailoverProxyProvider.java:<init>(115)) - Created block location fail-over proxy with 1 nodes: [nodeId=scmNodeId,nodeAddress=/0.0.0.0:15001]
2024-06-06 03:46:32,053 [main] INFO  om.OzoneManager (OzoneManager.java:<init>(678)) - OM start with adminUsers: [runner]
2024-06-06 03:46:32,067 [main] WARN  server.ServerUtils (ServerUtils.java:getDBPath(299)) - ozone.om.db.dirs is not configured. We recommend adding this setting. Falling back to ozone.metadata.dirs instead.
2024-06-06 03:46:32,092 [main] INFO  helpers.OmKeyInfo (OmKeyInfo.java:getCodec(72)) - OmKeyInfo.getCodec ignorePipeline = true
2024-06-06 03:46:32,367 [main] INFO  om.OzoneManager (OzoneManager.java:instantiateServices(812)) - S3 Multi-Tenancy is disabled
2024-06-06 03:46:32,387 [main] INFO  om.OmSnapshotManager (OmSnapshotManager.java:<init>(179)) - Ozone filesystem snapshot feature is enabled.
2024-06-06 03:46:32,393 [main] WARN  server.ServerUtils (ServerUtils.java:getDBPath(299)) - ozone.om.snapshot.diff.db.dir is not configured. We recommend adding this setting. Falling back to ozone.metadata.dirs instead.
2024-06-06 03:46:32,419 [main] INFO  utils.NativeLibraryLoader (NativeLibraryLoader.java:loadLibrary(111)) - Loading Library: ozone_rocksdb_tools
2024-06-06 03:46:32,420 [main] ERROR snapshot.SnapshotDiffManager (SnapshotDiffManager.java:initNativeLibraryForEfficientDiff(287)) - Native Library for raw sst file reading loading failed.
org.apache.hadoop.hdds.utils.NativeLibraryNotLoadedException: Unable to load library ozone_rocksdb_tools from both java.library.path & resource file libozone_rocksdb_tools.so from jar.
	at org.apache.hadoop.hdds.utils.db.managed.ManagedRawSSTFileReader.loadLibrary(ManagedRawSSTFileReader.java:40)
	at org.apache.hadoop.ozone.om.snapshot.SnapshotDiffManager.initNativeLibraryForEfficientDiff(SnapshotDiffManager.java:285)
	at org.apache.hadoop.ozone.om.snapshot.SnapshotDiffManager.<init>(SnapshotDiffManager.java:259)
	at org.apache.hadoop.ozone.om.OmSnapshotManager.<init>(OmSnapshotManager.java:286)
	at org.apache.hadoop.ozone.om.OzoneManager.instantiateServices(OzoneManager.java:864)
	at org.apache.hadoop.ozone.om.OzoneManager.<init>(OzoneManager.java:688)
	at org.apache.hadoop.ozone.om.OzoneManager.createOm(OzoneManager.java:775)
	at org.apache.hadoop.ozone.MiniOzoneClusterImpl$Builder.createOM(MiniOzoneClusterImpl.java:689)
	at org.apache.hadoop.ozone.MiniOzoneClusterImpl$Builder.createAndStartSingleOM(MiniOzoneClusterImpl.java:673)
	at org.apache.hadoop.ozone.MiniOzoneClusterImpl$Builder.build(MiniOzoneClusterImpl.java:535)
	at org.apache.hadoop.ozone.om.snapshot.TestSnapshotDirectoryCleaningService.init(TestSnapshotDirectoryCleaningService.java:86)
	at java.base/jdk.internal.reflect.NativeMethodAccessorImpl.invoke0(Native Method)
	at java.base/jdk.internal.reflect.NativeMethodAccessorImpl.invoke(NativeMethodAccessorImpl.java:77)
	at java.base/jdk.internal.reflect.DelegatingMethodAccessorImpl.invoke(DelegatingMethodAccessorImpl.java:43)
	at java.base/java.lang.reflect.Method.invoke(Method.java:568)
	at org.junit.platform.commons.util.ReflectionUtils.invokeMethod(ReflectionUtils.java:728)
	at org.junit.jupiter.engine.execution.MethodInvocation.proceed(MethodInvocation.java:60)
	at org.junit.jupiter.engine.execution.InvocationInterceptorChain$ValidatingInvocation.proceed(InvocationInterceptorChain.java:131)
	at org.junit.jupiter.engine.extension.TimeoutExtension.intercept(TimeoutExtension.java:156)
	at org.junit.jupiter.engine.extension.TimeoutExtension.interceptLifecycleMethod(TimeoutExtension.java:128)
	at org.junit.jupiter.engine.extension.TimeoutExtension.interceptBeforeAllMethod(TimeoutExtension.java:70)
	at org.junit.jupiter.engine.execution.InterceptingExecutableInvoker$ReflectiveInterceptorCall.lambda$ofVoidMethod$0(InterceptingExecutableInvoker.java:103)
	at org.junit.jupiter.engine.execution.InterceptingExecutableInvoker.lambda$invoke$0(InterceptingExecutableInvoker.java:93)
	at org.junit.jupiter.engine.execution.InvocationInterceptorChain$InterceptedInvocation.proceed(InvocationInterceptorChain.java:106)
	at org.junit.jupiter.engine.execution.InvocationInterceptorChain.proceed(InvocationInterceptorChain.java:64)
	at org.junit.jupiter.engine.execution.InvocationInterceptorChain.chainAndInvoke(InvocationInterceptorChain.java:45)
	at org.junit.jupiter.engine.execution.InvocationInterceptorChain.invoke(InvocationInterceptorChain.java:37)
	at org.junit.jupiter.engine.execution.InterceptingExecutableInvoker.invoke(InterceptingExecutableInvoker.java:92)
	at org.junit.jupiter.engine.execution.InterceptingExecutableInvoker.invoke(InterceptingExecutableInvoker.java:86)
	at org.junit.jupiter.engine.descriptor.ClassBasedTestDescriptor.lambda$invokeBeforeAllMethods$13(ClassBasedTestDescriptor.java:412)
	at org.junit.platform.engine.support.hierarchical.ThrowableCollector.execute(ThrowableCollector.java:73)
	at org.junit.jupiter.engine.descriptor.ClassBasedTestDescriptor.invokeBeforeAllMethods(ClassBasedTestDescriptor.java:410)
	at org.junit.jupiter.engine.descriptor.ClassBasedTestDescriptor.before(ClassBasedTestDescriptor.java:216)
	at org.junit.jupiter.engine.descriptor.ClassBasedTestDescriptor.before(ClassBasedTestDescriptor.java:85)
	at org.junit.platform.engine.support.hierarchical.NodeTestTask.lambda$executeRecursively$6(NodeTestTask.java:148)
	at org.junit.platform.engine.support.hierarchical.ThrowableCollector.execute(ThrowableCollector.java:73)
	at org.junit.platform.engine.support.hierarchical.NodeTestTask.lambda$executeRecursively$8(NodeTestTask.java:141)
	at org.junit.platform.engine.support.hierarchical.Node.around(Node.java:137)
	at org.junit.platform.engine.support.hierarchical.NodeTestTask.lambda$executeRecursively$9(NodeTestTask.java:139)
	at org.junit.platform.engine.support.hierarchical.ThrowableCollector.execute(ThrowableCollector.java:73)
	at org.junit.platform.engine.support.hierarchical.NodeTestTask.executeRecursively(NodeTestTask.java:138)
	at org.junit.platform.engine.support.hierarchical.NodeTestTask.execute(NodeTestTask.java:95)
	at java.base/java.util.ArrayList.forEach(ArrayList.java:1511)
	at org.junit.platform.engine.support.hierarchical.SameThreadHierarchicalTestExecutorService.invokeAll(SameThreadHierarchicalTestExecutorService.java:41)
	at org.junit.platform.engine.support.hierarchical.NodeTestTask.lambda$executeRecursively$6(NodeTestTask.java:155)
	at org.junit.platform.engine.support.hierarchical.ThrowableCollector.execute(ThrowableCollector.java:73)
	at org.junit.platform.engine.support.hierarchical.NodeTestTask.lambda$executeRecursively$8(NodeTestTask.java:141)
	at org.junit.platform.engine.support.hierarchical.Node.around(Node.java:137)
	at org.junit.platform.engine.support.hierarchical.NodeTestTask.lambda$executeRecursively$9(NodeTestTask.java:139)
	at org.junit.platform.engine.support.hierarchical.ThrowableCollector.execute(ThrowableCollector.java:73)
	at org.junit.platform.engine.support.hierarchical.NodeTestTask.executeRecursively(NodeTestTask.java:138)
	at org.junit.platform.engine.support.hierarchical.NodeTestTask.execute(NodeTestTask.java:95)
	at org.junit.platform.engine.support.hierarchical.SameThreadHierarchicalTestExecutorService.submit(SameThreadHierarchicalTestExecutorService.java:35)
	at org.junit.platform.engine.support.hierarchical.HierarchicalTestExecutor.execute(HierarchicalTestExecutor.java:57)
	at org.junit.platform.engine.support.hierarchical.HierarchicalTestEngine.execute(HierarchicalTestEngine.java:54)
	at org.junit.platform.launcher.core.EngineExecutionOrchestrator.execute(EngineExecutionOrchestrator.java:198)
	at org.junit.platform.launcher.core.EngineExecutionOrchestrator.execute(EngineExecutionOrchestrator.java:169)
	at org.junit.platform.launcher.core.EngineExecutionOrchestrator.execute(EngineExecutionOrchestrator.java:93)
	at org.junit.platform.launcher.core.EngineExecutionOrchestrator.lambda$execute$0(EngineExecutionOrchestrator.java:58)
	at org.junit.platform.launcher.core.EngineExecutionOrchestrator.withInterceptedStreams(EngineExecutionOrchestrator.java:141)
	at org.junit.platform.launcher.core.EngineExecutionOrchestrator.execute(EngineExecutionOrchestrator.java:57)
	at org.junit.platform.launcher.core.DefaultLauncher.execute(DefaultLauncher.java:103)
	at org.junit.platform.launcher.core.DefaultLauncher.execute(DefaultLauncher.java:85)
	at org.junit.platform.launcher.core.DelegatingLauncher.execute(DelegatingLauncher.java:47)
	at org.junit.platform.launcher.core.SessionPerRequestLauncher.execute(SessionPerRequestLauncher.java:63)
	at org.apache.maven.surefire.junitplatform.JUnitPlatformProvider.invokeAllTests(JUnitPlatformProvider.java:154)
	at org.apache.maven.surefire.junitplatform.JUnitPlatformProvider.invoke(JUnitPlatformProvider.java:123)
	at org.apache.maven.surefire.booter.ForkedBooter.runSuitesInProcess(ForkedBooter.java:377)
	at org.apache.maven.surefire.booter.ForkedBooter.execute(ForkedBooter.java:138)
	at org.apache.maven.surefire.booter.ForkedBooter.run(ForkedBooter.java:465)
	at org.apache.maven.surefire.booter.ForkedBooter.main(ForkedBooter.java:451)
2024-06-06 03:46:32,478 [main] INFO  om.OzoneManager (OzoneManager.java:addS3GVolumeToDB(4463)) - Created Volume s3v With Owner runner required for S3Gateway operations.
2024-06-06 03:46:32,531 [main] WARN  server.ServerUtils (ServerUtils.java:getDefaultRatisDirectory(311)) - Storage directory for Ratis is not configured. It is a good idea to map this to an SSD disk. Falling back to ozone.metadata.dirs
2024-06-06 03:46:32,532 [main] WARN  utils.OzoneManagerRatisUtils (OzoneManagerRatisUtils.java:getOMRatisSnapshotDirectory(476)) - ozone.om.ratis.snapshot.dir is not configured. Falling back to ozone.metadata.dirs config
2024-06-06 03:46:32,544 [main] WARN  server.ServerUtils (ServerUtils.java:getDefaultRatisDirectory(311)) - Storage directory for Ratis is not configured. It is a good idea to map this to an SSD disk. Falling back to ozone.metadata.dirs
2024-06-06 03:46:32,579 [main] INFO  ratis.OzoneManagerRatisServer (OzoneManagerRatisServer.java:<init>(168)) - Instantiating OM Ratis server with groupID: omServiceIdDefault and peers: localhost:15007
2024-06-06 03:46:32,589 [main] INFO  ratis.OzoneManagerStateMachine (OzoneManagerStateMachine.java:loadSnapshotInfoFromDB(589)) - TransactionInfo not found in OM DB.
2024-06-06 03:46:32,636 [main] INFO  server.RaftServer (ConfUtils.java:logGet(46)) - raft.rpc.type = GRPC (default)
2024-06-06 03:46:32,644 [main] INFO  grpc.GrpcConfigKeys (ConfUtils.java:logFallback(53)) - raft.grpc.admin.host = null (fallback to raft.grpc.server.host)
2024-06-06 03:46:32,645 [main] INFO  grpc.GrpcConfigKeys (ConfUtils.java:logFallback(53)) - raft.grpc.admin.port = 15007 (fallback to raft.grpc.server.port)
2024-06-06 03:46:32,646 [main] INFO  grpc.GrpcConfigKeys (ConfUtils.java:logFallback(53)) - raft.grpc.client.host = null (fallback to raft.grpc.server.host)
2024-06-06 03:46:32,646 [main] INFO  grpc.GrpcConfigKeys (ConfUtils.java:logFallback(53)) - raft.grpc.client.port = 15007 (fallback to raft.grpc.server.port)
2024-06-06 03:46:32,647 [main] INFO  grpc.GrpcConfigKeys (ConfUtils.java:logGet(46)) - raft.grpc.server.host = null (default)
2024-06-06 03:46:32,647 [main] INFO  grpc.GrpcConfigKeys (ConfUtils.java:logGet(46)) - raft.grpc.server.port = 15007 (custom)
2024-06-06 03:46:32,649 [main] INFO  server.GrpcService (ConfUtils.java:logGet(46)) - raft.grpc.message.size.max = 4194304 (custom)
2024-06-06 03:46:32,650 [main] INFO  server.RaftServerConfigKeys (ConfUtils.java:logGet(46)) - raft.server.log.appender.buffer.byte-limit = 4194304 (custom)
2024-06-06 03:46:32,650 [main] INFO  server.GrpcService (ConfUtils.java:logGet(46)) - raft.grpc.flow.control.window = 1MB (=1048576) (default)
2024-06-06 03:46:32,651 [main] INFO  server.RaftServerConfigKeys (ConfUtils.java:logGet(46)) - raft.server.rpc.request.timeout = 3000ms (default)
2024-06-06 03:46:32,659 [main] INFO  grpc.GrpcConfigKeys (ConfUtils.java:logGet(46)) - raft.grpc.server.heartbeat.channel = true (default)
2024-06-06 03:46:32,662 [main] INFO  grpc.GrpcConfigKeys (ConfUtils.java:logGet(46)) - raft.grpc.server.async.request.thread.pool.cached = true (default)
2024-06-06 03:46:32,662 [main] INFO  grpc.GrpcConfigKeys (ConfUtils.java:logGet(46)) - raft.grpc.server.async.request.thread.pool.size = 32 (default)
2024-06-06 03:46:32,812 [main] INFO  impl.DataStreamServerImpl (ConfUtils.java:logGet(46)) - raft.datastream.type = DISABLED (default)
2024-06-06 03:46:32,814 [main] INFO  server.RaftServerConfigKeys (ConfUtils.java:logGet(46)) - raft.server.sleep.deviation.threshold = 300ms (default)
2024-06-06 03:46:32,814 [main] INFO  server.RaftServerConfigKeys (ConfUtils.java:logGet(46)) - raft.server.close.threshold = 60s (default)
2024-06-06 03:46:32,814 [main] INFO  server.RaftServerConfigKeys (ConfUtils.java:logGet(46)) - raft.server.leaderelection.leader.step-down.wait-time = 10s (default)
2024-06-06 03:46:32,816 [main] INFO  server.RaftServerConfigKeys (ConfUtils.java:logGet(46)) - raft.server.storage.dir = [/home/runner/work/ozone/ozone/hadoop-ozone/integration-test/target/test-dir/MiniOzoneClusterImpl-9b8c67d1-9dc3-4dee-b61a-2e100565025d/ozone-meta/ratis] (custom)
2024-06-06 03:46:32,817 [main] INFO  server.RaftServerConfigKeys (ConfUtils.java:logGet(46)) - raft.server.threadpool.proxy.cached = true (default)
2024-06-06 03:46:32,817 [main] INFO  server.RaftServerConfigKeys (ConfUtils.java:logGet(46)) - raft.server.threadpool.proxy.size = 0 (default)
2024-06-06 03:46:32,823 [main] INFO  server.RaftServer (RaftServerProxy.java:addNew(100)) - om1: addNew group-C5BA1605619E:[om1|localhost:15007] returns group-C5BA1605619E:java.util.concurrent.CompletableFuture@2b46d238[Not completed]
2024-06-06 03:46:32,823 [main] INFO  om.OzoneManager (OzoneManager.java:initializeRatisServer(2168)) - OzoneManager Ratis server initialized at port 15007
2024-06-06 03:46:32,826 [main] INFO  om.OzoneManager (OzoneManager.java:getRpcServer(1228)) - Creating RPC Server
2024-06-06 03:46:32,831 [om1-groupManagement] INFO  server.RaftServer$Division (RaftServerImpl.java:<init>(256)) - om1: new RaftServerImpl for group-C5BA1605619E:[om1|localhost:15007] with OzoneManagerStateMachine:uninitialized
2024-06-06 03:46:32,833 [om1-groupManagement] INFO  server.RaftServerConfigKeys (ConfUtils.java:logGet(46)) - raft.server.rpc.timeout.min = 1s (custom)
2024-06-06 03:46:32,833 [om1-groupManagement] INFO  server.RaftServerConfigKeys (ConfUtils.java:logGet(46)) - raft.server.rpc.timeout.max = 1200ms (custom)
2024-06-06 03:46:32,833 [om1-groupManagement] INFO  server.RaftServerConfigKeys (ConfUtils.java:logGet(46)) - raft.server.rpc.sleep.time = 25ms (default)
2024-06-06 03:46:32,833 [om1-groupManagement] INFO  server.RaftServerConfigKeys (ConfUtils.java:logGet(46)) - raft.server.rpc.slowness.timeout = 120s (custom)
2024-06-06 03:46:32,834 [om1-groupManagement] INFO  server.RaftServerConfigKeys (ConfUtils.java:logGet(46)) - raft.server.leaderelection.leader.step-down.wait-time = 10s (default)
2024-06-06 03:46:32,834 [om1-groupManagement] INFO  server.RaftServerConfigKeys (ConfUtils.java:logGet(46)) - raft.server.leaderelection.member.majority-add = false (default)
2024-06-06 03:46:32,835 [om1-groupManagement] INFO  server.RaftServerConfigKeys (ConfUtils.java:logGet(46)) - raft.server.sleep.deviation.threshold = 300ms (default)
2024-06-06 03:46:32,840 [om1-groupManagement] INFO  server.RaftServer$Division (ServerState.java:<init>(113)) - om1@group-C5BA1605619E: ConfigurationManager, init=-1: peers:[om1|localhost:15007]|listeners:[], old=null, confs=<EMPTY_MAP>
2024-06-06 03:46:32,845 [om1-groupManagement] INFO  server.RaftServerConfigKeys (ConfUtils.java:logGet(46)) - raft.server.notification.no-leader.timeout = 120s (custom)
2024-06-06 03:46:32,847 [om1-groupManagement] INFO  server.RaftServerConfigKeys (ConfUtils.java:logGet(46)) - raft.server.read.timeout = 10s (default)
2024-06-06 03:46:32,851 [om1-groupManagement] INFO  server.RaftServerConfigKeys (ConfUtils.java:logGet(46)) - raft.server.retrycache.expirytime = 300s (custom)
2024-06-06 03:46:32,851 [om1-groupManagement] INFO  server.RaftServerConfigKeys (ConfUtils.java:logGet(46)) - raft.server.retrycache.statistics.expirytime = 100ms (default)
2024-06-06 03:46:32,855 [om1-groupManagement] INFO  server.RaftServerConfigKeys (ConfUtils.java:logGet(46)) - raft.server.read.option = DEFAULT (default)
2024-06-06 03:46:32,856 [om1-groupManagement] INFO  server.RaftServerConfigKeys (ConfUtils.java:logGet(46)) - raft.server.read.read-after-write-consistent.write-index-cache.expiry-time = 60s (default)
2024-06-06 03:46:32,893 [om1-groupManagement] INFO  server.RaftServerConfigKeys (ConfUtils.java:logGet(46)) - raft.server.rpc.request.timeout = 3000ms (default)
2024-06-06 03:46:32,895 [om1-groupManagement] INFO  server.RaftServerConfigKeys (ConfUtils.java:logGet(46)) - raft.server.log.appender.install.snapshot.enabled = false (custom)
2024-06-06 03:46:32,896 [om1-groupManagement] INFO  server.RaftServerConfigKeys (ConfUtils.java:logGet(46)) - raft.server.threadpool.server.cached = true (default)
2024-06-06 03:46:32,896 [om1-groupManagement] INFO  server.RaftServerConfigKeys (ConfUtils.java:logGet(46)) - raft.server.threadpool.server.size = 0 (default)
2024-06-06 03:46:32,903 [om1-groupManagement] INFO  server.RaftServerConfigKeys (ConfUtils.java:logGet(46)) - raft.server.threadpool.client.cached = true (default)
2024-06-06 03:46:32,903 [om1-groupManagement] INFO  server.RaftServerConfigKeys (ConfUtils.java:logGet(46)) - raft.server.threadpool.client.size = 0 (default)
2024-06-06 03:46:33,499 [main] INFO  reflections.Reflections (Reflections.java:scan(219)) - Reflections took 633 ms to scan 20 urls, producing 59 keys and 6611 values
2024-06-06 03:46:33,638 [main] INFO  ipc.CallQueueManager (CallQueueManager.java:<init>(90)) - Using callQueue: class java.util.concurrent.LinkedBlockingQueue, queueCapacity: 2000, scheduler: class org.apache.hadoop.ipc.DefaultRpcScheduler, ipcBackoff: false.
2024-06-06 03:46:33,639 [main] INFO  ipc.Server (Server.java:<init>(1287)) - Listener at 127.0.0.1:15004
2024-06-06 03:46:33,640 [Socket Reader #1 for port 15004] INFO  ipc.Server (Server.java:run(1323)) - Starting Socket Reader #1 for port 15004
2024-06-06 03:46:33,664 [main] INFO  impl.MetricsSystemImpl (MetricsSystemImpl.java:init(158)) - OzoneManager metrics system started (again)
2024-06-06 03:46:33,674 [main] INFO  om.OzoneManager (OzoneManager.java:start(1650)) - OzoneManager RPC server is listening at localhost/127.0.0.1:15004
2024-06-06 03:46:33,674 [main] INFO  ratis.OzoneManagerRatisServer (OzoneManagerRatisServer.java:start(594)) - Starting OzoneManagerRatisServer om1 at port 15007
2024-06-06 03:46:33,677 [om1-impl-thread1] INFO  server.RaftServerConfigKeys (ConfUtils.java:logGet(46)) - raft.server.storage.free-space.min = 0MB (=0) (default)
2024-06-06 03:46:33,677 [om1-impl-thread1] INFO  server.RaftServerConfigKeys (ConfUtils.java:logGet(46)) - raft.server.log.corruption.policy = EXCEPTION (default)
2024-06-06 03:46:33,677 [om1-impl-thread1] INFO  server.RaftServerConfigKeys (ConfUtils.java:logGet(46)) - raft.server.storage.dir = [/home/runner/work/ozone/ozone/hadoop-ozone/integration-test/target/test-dir/MiniOzoneClusterImpl-9b8c67d1-9dc3-4dee-b61a-2e100565025d/ozone-meta/ratis] (custom)
2024-06-06 03:46:33,682 [om1-impl-thread1] INFO  storage.RaftStorageDirectory (RaftStorageDirectoryImpl.java:analyzeStorage(138)) - The storage directory /home/runner/work/ozone/ozone/hadoop-ozone/integration-test/target/test-dir/MiniOzoneClusterImpl-9b8c67d1-9dc3-4dee-b61a-2e100565025d/ozone-meta/ratis/bf265839-605b-3f16-9796-c5ba1605619e does not exist. Creating ...
2024-06-06 03:46:33,686 [om1-impl-thread1] INFO  storage.RaftStorageDirectory (RaftStorageDirectoryImpl.java:tryLock(228)) - Lock on /home/runner/work/ozone/ozone/hadoop-ozone/integration-test/target/test-dir/MiniOzoneClusterImpl-9b8c67d1-9dc3-4dee-b61a-2e100565025d/ozone-meta/ratis/bf265839-605b-3f16-9796-c5ba1605619e/in_use.lock acquired by nodename 90173@fv-az1985-286
2024-06-06 03:46:33,691 [om1-impl-thread1] INFO  storage.RaftStorage (RaftStorageImpl.java:format(99)) - Storage directory /home/runner/work/ozone/ozone/hadoop-ozone/integration-test/target/test-dir/MiniOzoneClusterImpl-9b8c67d1-9dc3-4dee-b61a-2e100565025d/ozone-meta/ratis/bf265839-605b-3f16-9796-c5ba1605619e has been successfully formatted.
2024-06-06 03:46:33,692 [om1-impl-thread1] WARN  util.FileUtils (LogUtils.java:supplyAndLog(63)) - Failed to Files.newInputStream /home/runner/work/ozone/ozone/hadoop-ozone/integration-test/target/test-dir/MiniOzoneClusterImpl-9b8c67d1-9dc3-4dee-b61a-2e100565025d/ozone-meta/ratis/bf265839-605b-3f16-9796-c5ba1605619e/current/raft-meta.conf with options []: java.nio.file.NoSuchFileException: /home/runner/work/ozone/ozone/hadoop-ozone/integration-test/target/test-dir/MiniOzoneClusterImpl-9b8c67d1-9dc3-4dee-b61a-2e100565025d/ozone-meta/ratis/bf265839-605b-3f16-9796-c5ba1605619e/current/raft-meta.conf
2024-06-06 03:46:33,694 [om1-impl-thread1] INFO  server.RaftServerConfigKeys (ConfUtils.java:logGet(46)) - raft.server.log.use.memory = false (default)
2024-06-06 03:46:33,699 [om1-impl-thread1] INFO  server.RaftServerConfigKeys (ConfUtils.java:logGet(46)) - raft.server.log.purge.gap = 1000000 (custom)
2024-06-06 03:46:33,699 [om1-impl-thread1] INFO  server.RaftServerConfigKeys (ConfUtils.java:logGet(46)) - raft.server.log.appender.buffer.byte-limit = 4194304 (custom)
2024-06-06 03:46:33,700 [om1-impl-thread1] INFO  server.RaftServerConfigKeys (ConfUtils.java:logGet(46)) - raft.server.log.statemachine.data.read.timeout = 1000ms (default)
2024-06-06 03:46:33,700 [om1-impl-thread1] INFO  server.RaftServerConfigKeys (ConfUtils.java:logGet(46)) - raft.server.log.purge.preservation.log.num = 0 (default)
2024-06-06 03:46:33,704 [om1-impl-thread1] INFO  server.RaftServerConfigKeys (ConfUtils.java:logGet(46)) - raft.server.log.segment.size.max = 4194304 (custom)
2024-06-06 03:46:33,707 [om1-impl-thread1] INFO  server.RaftServerConfigKeys (ConfUtils.java:logGet(46)) - raft.server.log.segment.cache.num.max = 2 (custom)
2024-06-06 03:46:33,707 [om1-impl-thread1] INFO  server.RaftServerConfigKeys (ConfUtils.java:logGet(46)) - raft.server.log.segment.cache.size.max = 200MB (=209715200) (default)
2024-06-06 03:46:33,708 [om1-impl-thread1] INFO  server.RaftServerConfigKeys (ConfUtils.java:logGet(46)) - raft.server.log.appender.buffer.byte-limit = 4194304 (custom)
2024-06-06 03:46:33,709 [om1-impl-thread1] INFO  util.AwaitToRun (AwaitToRun.java:start(81)) - Thread[om1@group-C5BA1605619E-cacheEviction-AwaitToRun,5,main] started
2024-06-06 03:46:33,712 [om1-impl-thread1] INFO  segmented.SegmentedRaftLogWorker (SegmentedRaftLogWorker.java:<init>(182)) - new om1@group-C5BA1605619E-SegmentedRaftLogWorker for RaftStorageImpl:Storage Directory /home/runner/work/ozone/ozone/hadoop-ozone/integration-test/target/test-dir/MiniOzoneClusterImpl-9b8c67d1-9dc3-4dee-b61a-2e100565025d/ozone-meta/ratis/bf265839-605b-3f16-9796-c5ba1605619e
2024-06-06 03:46:33,712 [om1-impl-thread1] INFO  server.RaftServerConfigKeys (ConfUtils.java:logGet(46)) - raft.server.log.queue.byte-limit = 64MB (=67108864) (default)
2024-06-06 03:46:33,713 [om1-impl-thread1] INFO  server.RaftServerConfigKeys (ConfUtils.java:logGet(46)) - raft.server.log.queue.element-limit = 4096 (default)
2024-06-06 03:46:33,714 [om1-impl-thread1] INFO  server.RaftServerConfigKeys (ConfUtils.java:logGet(46)) - raft.server.log.segment.size.max = 4194304 (custom)
2024-06-06 03:46:33,714 [om1-impl-thread1] INFO  server.RaftServerConfigKeys (ConfUtils.java:logGet(46)) - raft.server.log.preallocated.size = 4194304 (custom)
2024-06-06 03:46:33,714 [om1-impl-thread1] INFO  server.RaftServerConfigKeys (ConfUtils.java:logGet(46)) - raft.server.log.force.sync.num = 128 (default)
2024-06-06 03:46:33,715 [om1-impl-thread1] INFO  server.RaftServerConfigKeys (ConfUtils.java:logGet(46)) - raft.server.log.statemachine.data.sync = true (default)
2024-06-06 03:46:33,715 [om1-impl-thread1] INFO  server.RaftServerConfigKeys (ConfUtils.java:logGet(46)) - raft.server.log.statemachine.data.sync.timeout = 10s (default)
2024-06-06 03:46:33,715 [om1-impl-thread1] INFO  server.RaftServerConfigKeys (ConfUtils.java:logGet(46)) - raft.server.log.statemachine.data.sync.timeout.retry = -1 (default)
2024-06-06 03:46:33,717 [om1-impl-thread1] INFO  server.RaftServerConfigKeys (ConfUtils.java:logGet(46)) - raft.server.log.write.buffer.size = 4194312 (custom)
2024-06-06 03:46:33,718 [om1-impl-thread1] INFO  server.RaftServerConfigKeys (ConfUtils.java:logGet(46)) - raft.server.log.appender.buffer.byte-limit = 4194304 (custom)
2024-06-06 03:46:33,718 [om1-impl-thread1] INFO  server.RaftServerConfigKeys (ConfUtils.java:logGet(46)) - raft.server.log.unsafe-flush.enabled = false (default)
2024-06-06 03:46:33,718 [om1-impl-thread1] INFO  server.RaftServerConfigKeys (ConfUtils.java:logGet(46)) - raft.server.log.async-flush.enabled = false (default)
2024-06-06 03:46:33,719 [om1-impl-thread1] INFO  server.RaftServerConfigKeys (ConfUtils.java:logGet(46)) - raft.server.log.statemachine.data.caching.enabled = false (default)
2024-06-06 03:46:33,722 [om1-impl-thread1] INFO  segmented.SegmentedRaftLogWorker (SegmentedRaftLogWorker.java:lambda$new$0(134)) - om1@group-C5BA1605619E-SegmentedRaftLogWorker: flushIndex: setUnconditionally 0 -> -1
2024-06-06 03:46:33,722 [om1-impl-thread1] INFO  segmented.SegmentedRaftLogWorker (SegmentedRaftLogWorker.java:lambda$new$0(134)) - om1@group-C5BA1605619E-SegmentedRaftLogWorker: safeCacheEvictIndex: setUnconditionally 0 -> -1
2024-06-06 03:46:33,723 [om1-impl-thread1] INFO  server.RaftServer$Division (RaftServerImpl.java:start(396)) - om1@group-C5BA1605619E: start as a follower, conf=-1: peers:[om1|localhost:15007]|listeners:[], old=null
2024-06-06 03:46:33,723 [om1-impl-thread1] INFO  server.RaftServer$Division (RaftServerImpl.java:setRole(383)) - om1@group-C5BA1605619E: changes role from      null to FOLLOWER at term 0 for startAsFollower
2024-06-06 03:46:33,724 [om1-impl-thread1] INFO  impl.RoleInfo (RoleInfo.java:updateAndGet(139)) - om1: start om1@group-C5BA1605619E-FollowerState
2024-06-06 03:46:33,724 [om1@group-C5BA1605619E-FollowerState] INFO  server.RaftServerConfigKeys (ConfUtils.java:logFallback(53)) - raft.server.rpc.first-election.timeout.min = 1s (fallback to raft.server.rpc.timeout.min)
2024-06-06 03:46:33,725 [om1@group-C5BA1605619E-FollowerState] INFO  server.RaftServerConfigKeys (ConfUtils.java:logFallback(53)) - raft.server.rpc.first-election.timeout.max = 1200ms (fallback to raft.server.rpc.timeout.max)
2024-06-06 03:46:33,725 [om1-impl-thread1] INFO  util.JmxRegister (JmxRegister.java:tryRegister(44)) - Successfully registered JMX Bean with object name Ratis:service=RaftServer,group=group-C5BA1605619E,id=om1
2024-06-06 03:46:33,727 [om1-impl-thread1] INFO  server.RaftServerConfigKeys (ConfUtils.java:logGet(46)) - raft.server.snapshot.trigger-when-stop.enabled = true (default)
2024-06-06 03:46:33,727 [om1-impl-thread1] INFO  server.RaftServerConfigKeys (ConfUtils.java:logGet(46)) - raft.server.snapshot.auto.trigger.enabled = true (custom)
2024-06-06 03:46:33,727 [om1-impl-thread1] INFO  server.RaftServerConfigKeys (ConfUtils.java:logGet(46)) - raft.server.snapshot.auto.trigger.threshold = 400000 (default)
2024-06-06 03:46:33,727 [om1-impl-thread1] INFO  server.RaftServerConfigKeys (ConfUtils.java:logGet(46)) - raft.server.snapshot.retention.file.num = -1 (default)
2024-06-06 03:46:33,728 [om1-impl-thread1] INFO  server.RaftServerConfigKeys (ConfUtils.java:logGet(46)) - raft.server.log.purge.upto.snapshot.index = true (custom)
2024-06-06 03:46:33,733 [main] INFO  server.RaftServer (RaftServerProxy.java:startImpl(406)) - om1: start RPC server
2024-06-06 03:46:33,760 [main] INFO  server.GrpcService (GrpcService.java:startImpl(302)) - om1: GrpcService started, listening on 15007
2024-06-06 03:46:33,760 [JvmPauseMonitor1] INFO  util.JvmPauseMonitor (JvmPauseMonitor.java:run(146)) - JvmPauseMonitor-om1: Started
2024-06-06 03:46:33,761 [main] INFO  om.OzoneManager (OzoneManager.java:start(1666)) - Version File has different layout version (6) than OM DB (null). That is expected if this OM has never been finalized to a newer layout version.
2024-06-06 03:46:33,778 [main] INFO  client.ScmTopologyClient (ScmTopologyClient.java:start(72)) - Initial network topology fetched from SCM: /.
2024-06-06 03:46:33,779 [main] INFO  net.NodeSchemaLoader (NodeSchemaLoader.java:loadSchemaFromFile(129)) - Loading schema from [file:/home/runner/work/ozone/ozone/hadoop-hdds/common/target/classes/network-topology-default.xml]
2024-06-06 03:46:33,779 [main] INFO  net.NodeSchemaLoader (NodeSchemaLoader.java:loadSchema(176)) - Loading network topology layer schema file
2024-06-06 03:46:33,800 [main] INFO  http.BaseHttpServer (BaseHttpServer.java:newHttpServer2BuilderForOzone(223)) - Starting Web-server for ozoneManager at: http://0.0.0.0:15005
2024-06-06 03:46:33,801 [main] INFO  http.BaseHttpServer (BaseHttpServer.java:<init>(110)) - Hadoop Security Enabled: false Ozone Security Enabled: false Ozone HTTP Security Enabled: false 
2024-06-06 03:46:33,803 [main] WARN  server.AuthenticationFilter (AuthenticationFilter.java:constructSecretProvider(240)) - Unable to initialize FileSignerSecretProvider, falling back to use random secrets. Reason: Could not read signature secret file: /home/runner/hadoop-http-auth-signature-secret
2024-06-06 03:46:33,804 [main] INFO  http.HttpRequestLog (HttpRequestLog.java:getRequestLog(86)) - Http request log for http.requests.ozoneManager is not defined
2024-06-06 03:46:33,806 [main] INFO  http.HttpServer2 (HttpServer2.java:addGlobalFilter(1036)) - Added global filter 'safety' (class=org.apache.hadoop.hdds.server.http.HttpServer2$QuotingInputFilter)
2024-06-06 03:46:33,807 [main] INFO  http.HttpServer2 (HttpServer2.java:addFilter(1012)) - Added filter static_user_filter (class=org.apache.hadoop.http.lib.StaticUserWebFilter$StaticUserFilter) to context ozoneManager
2024-06-06 03:46:33,807 [main] INFO  http.HttpServer2 (HttpServer2.java:addFilter(1020)) - Added filter static_user_filter (class=org.apache.hadoop.http.lib.StaticUserWebFilter$StaticUserFilter) to context static
2024-06-06 03:46:33,807 [main] INFO  http.HttpServer2 (HttpServer2.java:addFilter(1020)) - Added filter static_user_filter (class=org.apache.hadoop.http.lib.StaticUserWebFilter$StaticUserFilter) to context logs
2024-06-06 03:46:33,809 [main] INFO  http.BaseHttpServer (BaseHttpServer.java:<init>(189)) - HTTP server of ozoneManager uses base directory /home/runner/work/ozone/ozone/hadoop-ozone/integration-test/target/test-dir/MiniOzoneClusterImpl-9b8c67d1-9dc3-4dee-b61a-2e100565025d/ozone-meta/webserver
2024-06-06 03:46:33,813 [main] INFO  http.HttpServer2 (HttpServer2.java:bindListener(1236)) - Jetty bound to port 15005
2024-06-06 03:46:33,813 [main] INFO  server.Server (Server.java:doStart(375)) - jetty-9.4.54.v20240208; built: 2024-02-08T19:42:39.027Z; git: cef3fbd6d736a21e7d541a5db490381d95a2047d; jvm 17.0.11+9
2024-06-06 03:46:33,820 [main] INFO  server.session (DefaultSessionIdManager.java:doStart(334)) - DefaultSessionIdManager workerName=node0
2024-06-06 03:46:33,820 [main] INFO  server.session (DefaultSessionIdManager.java:doStart(339)) - No SessionScavenger set, using defaults
2024-06-06 03:46:33,821 [main] INFO  server.session (HouseKeeper.java:startScavenging(132)) - node0 Scavenging every 600000ms
2024-06-06 03:46:33,822 [main] INFO  handler.ContextHandler (ContextHandler.java:doStart(921)) - Started o.e.j.s.ServletContextHandler@3a2cc282{logs,/logs,file:///home/runner/work/ozone/ozone/hadoop-ozone/integration-test/target/log,AVAILABLE}
2024-06-06 03:46:33,825 [main] INFO  handler.ContextHandler (ContextHandler.java:doStart(921)) - Started o.e.j.s.ServletContextHandler@3cc3914a{static,/static,file:///home/runner/work/ozone/ozone/hadoop-ozone/integration-test/target/test-classes/webapps/static,AVAILABLE}
2024-06-06 03:46:33,833 [main] INFO  handler.ContextHandler (ContextHandler.java:doStart(921)) - Started o.e.j.w.WebAppContext@3a792bf9{ozoneManager,/,file:///home/runner/work/ozone/ozone/hadoop-ozone/integration-test/target/test-classes/webapps/ozoneManager/,AVAILABLE}{file:/home/runner/work/ozone/ozone/hadoop-ozone/integration-test/target/test-classes/webapps/ozoneManager}
2024-06-06 03:46:33,835 [main] INFO  server.AbstractConnector (AbstractConnector.java:doStart(333)) - Started ServerConnector@6d0e242f{HTTP/1.1, (http/1.1)}{0.0.0.0:15005}
2024-06-06 03:46:33,835 [main] INFO  server.Server (Server.java:doStart(415)) - Started @6323ms
2024-06-06 03:46:33,836 [main] WARN  impl.MetricsSystemImpl (MetricsSystemImpl.java:register(279)) - Sink prometheus already exists!
2024-06-06 03:46:33,837 [main] INFO  http.BaseHttpServer (BaseHttpServer.java:updateConnectorAddress(354)) - HTTP server of ozoneManager listening at http://0.0.0.0:15005
2024-06-06 03:46:33,837 [IPC Server Responder] INFO  ipc.Server (Server.java:run(1562)) - IPC Server Responder: starting
2024-06-06 03:46:33,840 [IPC Server listener on 15004] INFO  ipc.Server (Server.java:run(1402)) - IPC Server listener on 15004: starting
2024-06-06 03:46:33,880 [main] INFO  om.OzoneManager (OzoneManager.java:startTrashEmptier(2121)) - Trash Interval set to 0. Files deleted won't move to trash
2024-06-06 03:46:33,889 [main] INFO  db.CodecBuffer (CodecBuffer.java:set(63)) - Successfully set constructor to org.apache.hadoop.hdds.utils.db.CodecBuffer$$Lambda$1153/0x00007f1bf073d068@a538180
2024-06-06 03:46:33,971 [main] WARN  dropwizard3.Dm3MetricRegistriesImpl (Dm3MetricRegistriesImpl.java:addReporterRegistration(113)) - New reporters are added after registries were created. Some metrics will be missing from the reporter. Please add reporter before adding any new registry.
2024-06-06 03:46:33,971 [main] WARN  dropwizard3.Dm3MetricRegistriesImpl (Dm3MetricRegistriesImpl.java:addReporterRegistration(113)) - New reporters are added after registries were created. Some metrics will be missing from the reporter. Please add reporter before adding any new registry.
2024-06-06 03:46:33,971 [main] INFO  impl.MetricsSystemImpl (MetricsSystemImpl.java:init(158)) - HddsDatanode metrics system started (again)
2024-06-06 03:46:33,990 [main] INFO  ozone.HddsDatanodeService (HddsDatanodeService.java:start(240)) - HddsDatanodeService host:fv-az1985-286.ly3zffpajqjehb5up02v11qo2c.cx.internal.cloudapp.net ip:10.1.0.27
2024-06-06 03:46:34,011 [main] INFO  upgrade.AbstractLayoutVersionManager (AbstractLayoutVersionManager.java:init(83)) - Initializing Layout version manager with metadata layout = HADOOP_PRC_PORTS_IN_DATANODEDETAILS (version = 7), software layout = HADOOP_PRC_PORTS_IN_DATANODEDETAILS (version = 7)
2024-06-06 03:46:34,013 [main] INFO  statemachine.DatanodeStateMachine (DatanodeStateMachine.java:getEndPointTaskThreadPoolSize(299)) - Datanode State Machine Task Thread Pool size 2
2024-06-06 03:46:34,066 [main] INFO  volume.HddsVolume (HddsVolume.java:<init>(126)) - Creating HddsVolume: /home/runner/work/ozone/ozone/hadoop-ozone/integration-test/target/test-dir/MiniOzoneClusterImpl-9b8c67d1-9dc3-4dee-b61a-2e100565025d/ozone-meta/datanode-1/data-0/hdds of storage type : DISK capacity : 9222449699674390527
2024-06-06 03:46:34,069 [main] INFO  volume.MutableVolumeSet (MutableVolumeSet.java:initializeVolumeSet(173)) - Added Volume : /home/runner/work/ozone/ozone/hadoop-ozone/integration-test/target/test-dir/MiniOzoneClusterImpl-9b8c67d1-9dc3-4dee-b61a-2e100565025d/ozone-meta/datanode-1/data-0/hdds to VolumeSet
2024-06-06 03:46:34,073 [main] INFO  volume.MutableVolumeSet (MutableVolumeSet.java:initializeVolumeSet(173)) - Added Volume : /home/runner/work/ozone/ozone/hadoop-ozone/integration-test/target/test-dir/MiniOzoneClusterImpl-9b8c67d1-9dc3-4dee-b61a-2e100565025d/ozone-meta/datanode-1/ratis to VolumeSet
2024-06-06 03:46:34,076 [main] INFO  ozoneimpl.OzoneContainer (HddsVolumeUtil.java:loadAllHddsVolumeDbStore(103)) - Load 1 volumes DbStore cost: 0ms
2024-06-06 03:46:34,132 [main] INFO  audit.AuditLogger (AuditLogger.java:refreshDebugCmdSet(135)) - Refresh DebugCmdSet for DNAudit to [].
2024-06-06 03:46:34,174 [main] INFO  server.RaftServer (ConfUtils.java:logGet(46)) - raft.rpc.type = GRPC (default)
2024-06-06 03:46:34,174 [main] INFO  grpc.GrpcConfigKeys (ConfUtils.java:logFallback(53)) - raft.grpc.admin.host = null (fallback to raft.grpc.server.host)
2024-06-06 03:46:34,174 [main] INFO  grpc.GrpcConfigKeys (ConfUtils.java:logGet(46)) - raft.grpc.admin.port = 15013 (custom)
2024-06-06 03:46:34,175 [main] INFO  grpc.GrpcConfigKeys (ConfUtils.java:logFallback(53)) - raft.grpc.client.host = null (fallback to raft.grpc.server.host)
2024-06-06 03:46:34,175 [main] INFO  grpc.GrpcConfigKeys (ConfUtils.java:logGet(46)) - raft.grpc.client.port = 15012 (custom)
2024-06-06 03:46:34,175 [main] INFO  grpc.GrpcConfigKeys (ConfUtils.java:logGet(46)) - raft.grpc.server.host = null (default)
2024-06-06 03:46:34,175 [main] INFO  grpc.GrpcConfigKeys (ConfUtils.java:logGet(46)) - raft.grpc.server.port = 15014 (custom)
2024-06-06 03:46:34,176 [main] INFO  server.GrpcService (ConfUtils.java:logGet(46)) - raft.grpc.message.size.max = 32MB (=33554432) (custom)
2024-06-06 03:46:34,176 [main] INFO  server.RaftServerConfigKeys (ConfUtils.java:logGet(46)) - raft.server.log.appender.buffer.byte-limit = 8388608 (custom)
2024-06-06 03:46:34,176 [main] INFO  server.GrpcService (ConfUtils.java:logGet(46)) - raft.grpc.flow.control.window = 5MB (=5242880) (custom)
2024-06-06 03:46:34,176 [main] INFO  server.RaftServerConfigKeys (ConfUtils.java:logGet(46)) - raft.server.rpc.request.timeout = 60s (custom)
2024-06-06 03:46:34,176 [main] INFO  grpc.GrpcConfigKeys (ConfUtils.java:logGet(46)) - raft.grpc.server.heartbeat.channel = true (default)
2024-06-06 03:46:34,177 [main] INFO  grpc.GrpcConfigKeys (ConfUtils.java:logGet(46)) - raft.grpc.server.async.request.thread.pool.cached = true (default)
2024-06-06 03:46:34,177 [main] INFO  grpc.GrpcConfigKeys (ConfUtils.java:logGet(46)) - raft.grpc.server.async.request.thread.pool.size = 32 (default)
2024-06-06 03:46:34,179 [main] INFO  impl.DataStreamServerImpl (ConfUtils.java:logGet(46)) - raft.datastream.type = NETTY (custom)
2024-06-06 03:46:34,195 [main] INFO  server.RaftServerConfigKeys (ConfUtils.java:logGet(46)) - raft.server.data-stream.async.request.thread.pool.cached = false (default)
2024-06-06 03:46:34,196 [main] INFO  server.RaftServerConfigKeys (ConfUtils.java:logGet(46)) - raft.server.data-stream.async.request.thread.pool.size = 20 (custom)
2024-06-06 03:46:34,196 [main] INFO  server.RaftServerConfigKeys (ConfUtils.java:logGet(46)) - raft.server.data-stream.async.write.thread.pool.size = 16 (default)
2024-06-06 03:46:34,197 [main] INFO  netty.NettyConfigKeys$DataStream (ConfUtils.java:logGet(46)) - raft.netty.dataStream.server.channel.inactive.grace-period = 10min (default)
2024-06-06 03:46:34,198 [main] INFO  server.RaftServerConfigKeys (ConfUtils.java:logGet(46)) - raft.server.data-stream.client.pool.size = 10 (default)
2024-06-06 03:46:34,199 [main] INFO  netty.NettyConfigKeys$DataStream (ConfUtils.java:logGet(46)) - raft.netty.dataStream.server.use-epoll = true (default)
2024-06-06 03:46:34,200 [main] INFO  netty.NettyConfigKeys$DataStream (ConfUtils.java:logGet(46)) - raft.netty.dataStream.server.boss-group.size = 0 (default)
2024-06-06 03:46:34,201 [main] INFO  netty.NettyUtils (NettyUtils.java:newEventLoopGroup(69)) - Create EpollEventLoopGroup for 5e18cff1-cfa8-44b4-8834-447d353e7c51-NettyServerStreamRpc-bossGroup; Thread size is 0.
2024-06-06 03:46:34,202 [main] INFO  netty.NettyConfigKeys$DataStream (ConfUtils.java:logGet(46)) - raft.netty.dataStream.server.worker-group.size = 0 (default)
2024-06-06 03:46:34,202 [main] INFO  netty.NettyUtils (NettyUtils.java:newEventLoopGroup(69)) - Create EpollEventLoopGroup for 5e18cff1-cfa8-44b4-8834-447d353e7c51-NettyServerStreamRpc-workerGroup; Thread size is 0.
2024-06-06 03:46:34,203 [main] INFO  netty.NettyConfigKeys$DataStream (ConfUtils.java:logGet(46)) - raft.netty.dataStream.server.tls.conf = null (default)
2024-06-06 03:46:34,204 [main] INFO  netty.NettyConfigKeys$DataStream (ConfUtils.java:logGet(46)) - raft.netty.dataStream.host = null (default)
2024-06-06 03:46:34,204 [main] INFO  netty.NettyConfigKeys$DataStream (ConfUtils.java:logGet(46)) - raft.netty.dataStream.port = 15015 (custom)
2024-06-06 03:46:34,208 [main] INFO  server.RaftServerConfigKeys (ConfUtils.java:logGet(46)) - raft.server.sleep.deviation.threshold = 300ms (default)
2024-06-06 03:46:34,209 [main] INFO  server.RaftServerConfigKeys (ConfUtils.java:logGet(46)) - raft.server.close.threshold = 60s (default)
2024-06-06 03:46:34,209 [main] INFO  server.RaftServerConfigKeys (ConfUtils.java:logGet(46)) - raft.server.leaderelection.leader.step-down.wait-time = 10s (default)
2024-06-06 03:46:34,209 [main] INFO  server.RaftServerConfigKeys (ConfUtils.java:logGet(46)) - raft.server.storage.dir = [/home/runner/work/ozone/ozone/hadoop-ozone/integration-test/target/test-dir/MiniOzoneClusterImpl-9b8c67d1-9dc3-4dee-b61a-2e100565025d/ozone-meta/datanode-1/ratis] (custom)
2024-06-06 03:46:34,209 [main] INFO  server.RaftServerConfigKeys (ConfUtils.java:logGet(46)) - raft.server.threadpool.proxy.cached = true (default)
2024-06-06 03:46:34,209 [main] INFO  server.RaftServerConfigKeys (ConfUtils.java:logGet(46)) - raft.server.threadpool.proxy.size = 0 (default)
2024-06-06 03:46:34,214 [5e18cff1-cfa8-44b4-8834-447d353e7c51-impl-thread1] INFO  server.RaftServer (RaftServerProxy.java:initGroupDir(264)) - 5e18cff1-cfa8-44b4-8834-447d353e7c51: found a subdirectory /home/runner/work/ozone/ozone/hadoop-ozone/integration-test/target/test-dir/MiniOzoneClusterImpl-9b8c67d1-9dc3-4dee-b61a-2e100565025d/ozone-meta/datanode-1/ratis/tmp
2024-06-06 03:46:34,214 [5e18cff1-cfa8-44b4-8834-447d353e7c51-impl-thread1] INFO  server.RaftServer (RaftServerProxy.java:initGroupDir(269)) - 5e18cff1-cfa8-44b4-8834-447d353e7c51: The directory /home/runner/work/ozone/ozone/hadoop-ozone/integration-test/target/test-dir/MiniOzoneClusterImpl-9b8c67d1-9dc3-4dee-b61a-2e100565025d/ozone-meta/datanode-1/ratis/tmp is not a group directory; ignoring it. 
2024-06-06 03:46:34,217 [main] INFO  replication.ReplicationServer (ReplicationServer.java:<init>(86)) - Initializing replication server with thread count = 10 queue length = 4096
2024-06-06 03:46:34,224 [5e18cff1-cfa8-44b4-8834-447d353e7c51-NettyServerStreamRpc-bossGroup--thread1] INFO  logging.LoggingHandler (AbstractInternalLogger.java:log(148)) - [id: 0x3847f4f8] REGISTERED
2024-06-06 03:46:34,225 [5e18cff1-cfa8-44b4-8834-447d353e7c51-NettyServerStreamRpc-bossGroup--thread1] INFO  logging.LoggingHandler (AbstractInternalLogger.java:log(148)) - [id: 0x3847f4f8] BIND: 0.0.0.0/0.0.0.0:15015
2024-06-06 03:46:34,225 [5e18cff1-cfa8-44b4-8834-447d353e7c51-NettyServerStreamRpc-bossGroup--thread1] INFO  logging.LoggingHandler (AbstractInternalLogger.java:log(148)) - [id: 0x3847f4f8, L:/0.0.0.0:15015] ACTIVE
2024-06-06 03:46:34,235 [main] INFO  server.XceiverServerGrpc (XceiverServerGrpc.java:<init>(141)) - GrpcServer channel type EpollServerSocketChannel
2024-06-06 03:46:34,263 [main] INFO  replication.ReplicationSupervisor (ReplicationSupervisor.java:build(157)) - Initializing replication supervisor with thread count = 10
2024-06-06 03:46:34,265 [main] INFO  replication.ReplicationSupervisor (ReplicationSupervisor.java:nodeStateUpdated(312)) - Node state updated to IN_SERVICE, scaling executor pool size to 10
2024-06-06 03:46:34,326 [main] INFO  http.BaseHttpServer (BaseHttpServer.java:newHttpServer2BuilderForOzone(223)) - Starting Web-server for hddsDatanode at: http://0.0.0.0:15009
2024-06-06 03:46:34,326 [main] INFO  http.BaseHttpServer (BaseHttpServer.java:<init>(110)) - Hadoop Security Enabled: false Ozone Security Enabled: false Ozone HTTP Security Enabled: false 
2024-06-06 03:46:34,328 [main] WARN  server.AuthenticationFilter (AuthenticationFilter.java:constructSecretProvider(240)) - Unable to initialize FileSignerSecretProvider, falling back to use random secrets. Reason: Could not read signature secret file: /home/runner/hadoop-http-auth-signature-secret
2024-06-06 03:46:34,332 [main] INFO  http.HttpRequestLog (HttpRequestLog.java:getRequestLog(86)) - Http request log for http.requests.hddsDatanode is not defined
2024-06-06 03:46:34,334 [main] INFO  http.HttpServer2 (HttpServer2.java:addGlobalFilter(1036)) - Added global filter 'safety' (class=org.apache.hadoop.hdds.server.http.HttpServer2$QuotingInputFilter)
2024-06-06 03:46:34,335 [main] INFO  http.HttpServer2 (HttpServer2.java:addFilter(1012)) - Added filter static_user_filter (class=org.apache.hadoop.http.lib.StaticUserWebFilter$StaticUserFilter) to context hddsDatanode
2024-06-06 03:46:34,336 [main] INFO  http.HttpServer2 (HttpServer2.java:addFilter(1020)) - Added filter static_user_filter (class=org.apache.hadoop.http.lib.StaticUserWebFilter$StaticUserFilter) to context static
2024-06-06 03:46:34,336 [main] INFO  http.HttpServer2 (HttpServer2.java:addFilter(1020)) - Added filter static_user_filter (class=org.apache.hadoop.http.lib.StaticUserWebFilter$StaticUserFilter) to context logs
2024-06-06 03:46:34,337 [main] INFO  http.BaseHttpServer (BaseHttpServer.java:<init>(189)) - HTTP server of hddsDatanode uses base directory /home/runner/work/ozone/ozone/hadoop-ozone/integration-test/target/test-dir/MiniOzoneClusterImpl-9b8c67d1-9dc3-4dee-b61a-2e100565025d/ozone-meta/datanode-1/meta/webserver
2024-06-06 03:46:34,337 [main] INFO  http.HttpServer2 (HttpServer2.java:bindListener(1236)) - Jetty bound to port 15009
2024-06-06 03:46:34,337 [main] INFO  server.Server (Server.java:doStart(375)) - jetty-9.4.54.v20240208; built: 2024-02-08T19:42:39.027Z; git: cef3fbd6d736a21e7d541a5db490381d95a2047d; jvm 17.0.11+9
2024-06-06 03:46:34,340 [main] INFO  server.session (DefaultSessionIdManager.java:doStart(334)) - DefaultSessionIdManager workerName=node0
2024-06-06 03:46:34,340 [main] INFO  server.session (DefaultSessionIdManager.java:doStart(339)) - No SessionScavenger set, using defaults
2024-06-06 03:46:34,340 [main] INFO  server.session (HouseKeeper.java:startScavenging(132)) - node0 Scavenging every 660000ms
2024-06-06 03:46:34,341 [main] INFO  handler.ContextHandler (ContextHandler.java:doStart(921)) - Started o.e.j.s.ServletContextHandler@5839306e{logs,/logs,file:///home/runner/work/ozone/ozone/hadoop-ozone/integration-test/target/log,AVAILABLE}
2024-06-06 03:46:34,341 [main] INFO  handler.ContextHandler (ContextHandler.java:doStart(921)) - Started o.e.j.s.ServletContextHandler@748321c5{static,/static,file:///home/runner/work/ozone/ozone/hadoop-hdds/container-service/target/classes/webapps/static,AVAILABLE}
2024-06-06 03:46:34,349 [main] INFO  handler.ContextHandler (ContextHandler.java:doStart(921)) - Started o.e.j.w.WebAppContext@10e4bfa5{hddsDatanode,/,file:///home/runner/work/ozone/ozone/hadoop-hdds/container-service/target/classes/webapps/hddsDatanode/,AVAILABLE}{file:/home/runner/work/ozone/ozone/hadoop-hdds/container-service/target/classes/webapps/hddsDatanode}
2024-06-06 03:46:34,350 [main] INFO  server.AbstractConnector (AbstractConnector.java:doStart(333)) - Started ServerConnector@24c00206{HTTP/1.1, (http/1.1)}{0.0.0.0:15009}
2024-06-06 03:46:34,350 [main] INFO  server.Server (Server.java:doStart(415)) - Started @6838ms
2024-06-06 03:46:34,350 [main] WARN  impl.MetricsSystemImpl (MetricsSystemImpl.java:register(279)) - Sink prometheus already exists!
2024-06-06 03:46:34,351 [main] INFO  http.BaseHttpServer (BaseHttpServer.java:updateConnectorAddress(354)) - HTTP server of hddsDatanode listening at http://0.0.0.0:15009
2024-06-06 03:46:34,354 [main] INFO  ipc.CallQueueManager (CallQueueManager.java:<init>(90)) - Using callQueue: class java.util.concurrent.LinkedBlockingQueue, queueCapacity: 100, scheduler: class org.apache.hadoop.ipc.DefaultRpcScheduler, ipcBackoff: false.
2024-06-06 03:46:34,354 [main] INFO  ipc.Server (Server.java:<init>(1287)) - Listener at 0.0.0.0:15010
2024-06-06 03:46:34,355 [Socket Reader #1 for port 15010] INFO  ipc.Server (Server.java:run(1323)) - Starting Socket Reader #1 for port 15010
2024-06-06 03:46:34,360 [main] INFO  ozone.HddsDatanodeService (HddsDatanodeService.java:start(327)) - Datanode start with admins: [runner]
2024-06-06 03:46:34,361 [main] INFO  ozone.HddsDatanodeClientProtocolServer (HddsDatanodeClientProtocolServer.java:start(77)) - RPC server for Client /0.0.0.0:15010
2024-06-06 03:46:34,361 [IPC Server Responder] INFO  ipc.Server (Server.java:run(1562)) - IPC Server Responder: starting
2024-06-06 03:46:34,364 [IPC Server listener on 15010] INFO  ipc.Server (Server.java:run(1402)) - IPC Server listener on 15010: starting
2024-06-06 03:46:34,368 [5e18cff1-cfa8-44b4-8834-447d353e7c51-DatanodeStateMachineDaemonThread] INFO  statemachine.DatanodeStateMachine (DatanodeStateMachine.java:lambda$startDaemon$1(555)) - Ozone container server started.
2024-06-06 03:46:34,369 [main] WARN  dropwizard3.Dm3MetricRegistriesImpl (Dm3MetricRegistriesImpl.java:addReporterRegistration(113)) - New reporters are added after registries were created. Some metrics will be missing from the reporter. Please add reporter before adding any new registry.
2024-06-06 03:46:34,370 [main] WARN  dropwizard3.Dm3MetricRegistriesImpl (Dm3MetricRegistriesImpl.java:addReporterRegistration(113)) - New reporters are added after registries were created. Some metrics will be missing from the reporter. Please add reporter before adding any new registry.
2024-06-06 03:46:34,371 [main] INFO  impl.MetricsSystemImpl (MetricsSystemImpl.java:init(158)) - HddsDatanode metrics system started (again)
2024-06-06 03:46:34,387 [main] INFO  ozone.HddsDatanodeService (HddsDatanodeService.java:start(240)) - HddsDatanodeService host:fv-az1985-286.ly3zffpajqjehb5up02v11qo2c.cx.internal.cloudapp.net ip:10.1.0.27
2024-06-06 03:46:34,416 [main] INFO  upgrade.AbstractLayoutVersionManager (AbstractLayoutVersionManager.java:init(83)) - Initializing Layout version manager with metadata layout = HADOOP_PRC_PORTS_IN_DATANODEDETAILS (version = 7), software layout = HADOOP_PRC_PORTS_IN_DATANODEDETAILS (version = 7)
2024-06-06 03:46:34,417 [main] INFO  statemachine.DatanodeStateMachine (DatanodeStateMachine.java:getEndPointTaskThreadPoolSize(299)) - Datanode State Machine Task Thread Pool size 2
2024-06-06 03:46:34,422 [main] INFO  volume.HddsVolume (HddsVolume.java:<init>(126)) - Creating HddsVolume: /home/runner/work/ozone/ozone/hadoop-ozone/integration-test/target/test-dir/MiniOzoneClusterImpl-9b8c67d1-9dc3-4dee-b61a-2e100565025d/ozone-meta/datanode-2/data-0/hdds of storage type : DISK capacity : 9222449699674390527
2024-06-06 03:46:34,423 [main] INFO  volume.MutableVolumeSet (MutableVolumeSet.java:initializeVolumeSet(173)) - Added Volume : /home/runner/work/ozone/ozone/hadoop-ozone/integration-test/target/test-dir/MiniOzoneClusterImpl-9b8c67d1-9dc3-4dee-b61a-2e100565025d/ozone-meta/datanode-2/data-0/hdds to VolumeSet
2024-06-06 03:46:34,424 [main] INFO  volume.MutableVolumeSet (MutableVolumeSet.java:initializeVolumeSet(173)) - Added Volume : /home/runner/work/ozone/ozone/hadoop-ozone/integration-test/target/test-dir/MiniOzoneClusterImpl-9b8c67d1-9dc3-4dee-b61a-2e100565025d/ozone-meta/datanode-2/ratis to VolumeSet
2024-06-06 03:46:34,425 [main] INFO  ozoneimpl.OzoneContainer (HddsVolumeUtil.java:loadAllHddsVolumeDbStore(103)) - Load 1 volumes DbStore cost: 0ms
2024-06-06 03:46:34,429 [main] INFO  server.RaftServer (ConfUtils.java:logGet(46)) - raft.rpc.type = GRPC (default)
2024-06-06 03:46:34,430 [main] INFO  grpc.GrpcConfigKeys (ConfUtils.java:logFallback(53)) - raft.grpc.admin.host = null (fallback to raft.grpc.server.host)
2024-06-06 03:46:34,430 [main] INFO  grpc.GrpcConfigKeys (ConfUtils.java:logGet(46)) - raft.grpc.admin.port = 15022 (custom)
2024-06-06 03:46:34,430 [main] INFO  grpc.GrpcConfigKeys (ConfUtils.java:logFallback(53)) - raft.grpc.client.host = null (fallback to raft.grpc.server.host)
2024-06-06 03:46:34,430 [main] INFO  grpc.GrpcConfigKeys (ConfUtils.java:logGet(46)) - raft.grpc.client.port = 15021 (custom)
2024-06-06 03:46:34,430 [main] INFO  grpc.GrpcConfigKeys (ConfUtils.java:logGet(46)) - raft.grpc.server.host = null (default)
2024-06-06 03:46:34,430 [main] INFO  grpc.GrpcConfigKeys (ConfUtils.java:logGet(46)) - raft.grpc.server.port = 15023 (custom)
2024-06-06 03:46:34,431 [main] INFO  server.GrpcService (ConfUtils.java:logGet(46)) - raft.grpc.message.size.max = 32MB (=33554432) (custom)
2024-06-06 03:46:34,431 [main] INFO  server.RaftServerConfigKeys (ConfUtils.java:logGet(46)) - raft.server.log.appender.buffer.byte-limit = 8388608 (custom)
2024-06-06 03:46:34,431 [main] INFO  server.GrpcService (ConfUtils.java:logGet(46)) - raft.grpc.flow.control.window = 5MB (=5242880) (custom)
2024-06-06 03:46:34,431 [main] INFO  server.RaftServerConfigKeys (ConfUtils.java:logGet(46)) - raft.server.rpc.request.timeout = 60s (custom)
2024-06-06 03:46:34,431 [main] INFO  grpc.GrpcConfigKeys (ConfUtils.java:logGet(46)) - raft.grpc.server.heartbeat.channel = true (default)
2024-06-06 03:46:34,431 [main] INFO  grpc.GrpcConfigKeys (ConfUtils.java:logGet(46)) - raft.grpc.server.async.request.thread.pool.cached = true (default)
2024-06-06 03:46:34,432 [main] INFO  grpc.GrpcConfigKeys (ConfUtils.java:logGet(46)) - raft.grpc.server.async.request.thread.pool.size = 32 (default)
2024-06-06 03:46:34,434 [main] INFO  impl.DataStreamServerImpl (ConfUtils.java:logGet(46)) - raft.datastream.type = NETTY (custom)
2024-06-06 03:46:34,435 [main] INFO  server.RaftServerConfigKeys (ConfUtils.java:logGet(46)) - raft.server.data-stream.async.request.thread.pool.cached = false (default)
2024-06-06 03:46:34,435 [main] INFO  server.RaftServerConfigKeys (ConfUtils.java:logGet(46)) - raft.server.data-stream.async.request.thread.pool.size = 20 (custom)
2024-06-06 03:46:34,435 [main] INFO  server.RaftServerConfigKeys (ConfUtils.java:logGet(46)) - raft.server.data-stream.async.write.thread.pool.size = 16 (default)
2024-06-06 03:46:34,435 [main] INFO  netty.NettyConfigKeys$DataStream (ConfUtils.java:logGet(46)) - raft.netty.dataStream.server.channel.inactive.grace-period = 10min (default)
2024-06-06 03:46:34,435 [main] INFO  server.RaftServerConfigKeys (ConfUtils.java:logGet(46)) - raft.server.data-stream.client.pool.size = 10 (default)
2024-06-06 03:46:34,435 [main] INFO  netty.NettyConfigKeys$DataStream (ConfUtils.java:logGet(46)) - raft.netty.dataStream.server.use-epoll = true (default)
2024-06-06 03:46:34,436 [main] INFO  netty.NettyConfigKeys$DataStream (ConfUtils.java:logGet(46)) - raft.netty.dataStream.server.boss-group.size = 0 (default)
2024-06-06 03:46:34,436 [main] INFO  netty.NettyUtils (NettyUtils.java:newEventLoopGroup(69)) - Create EpollEventLoopGroup for 8ce15023-a244-46a6-a4b0-50e62c01a133-NettyServerStreamRpc-bossGroup; Thread size is 0.
2024-06-06 03:46:34,472 [main] INFO  netty.NettyConfigKeys$DataStream (ConfUtils.java:logGet(46)) - raft.netty.dataStream.server.worker-group.size = 0 (default)
2024-06-06 03:46:34,473 [main] INFO  netty.NettyUtils (NettyUtils.java:newEventLoopGroup(69)) - Create EpollEventLoopGroup for 8ce15023-a244-46a6-a4b0-50e62c01a133-NettyServerStreamRpc-workerGroup; Thread size is 0.
2024-06-06 03:46:34,473 [main] INFO  netty.NettyConfigKeys$DataStream (ConfUtils.java:logGet(46)) - raft.netty.dataStream.server.tls.conf = null (default)
2024-06-06 03:46:34,473 [main] INFO  netty.NettyConfigKeys$DataStream (ConfUtils.java:logGet(46)) - raft.netty.dataStream.host = null (default)
2024-06-06 03:46:34,474 [main] INFO  netty.NettyConfigKeys$DataStream (ConfUtils.java:logGet(46)) - raft.netty.dataStream.port = 15024 (custom)
2024-06-06 03:46:34,480 [main] INFO  server.RaftServerConfigKeys (ConfUtils.java:logGet(46)) - raft.server.sleep.deviation.threshold = 300ms (default)
2024-06-06 03:46:34,480 [main] INFO  server.RaftServerConfigKeys (ConfUtils.java:logGet(46)) - raft.server.close.threshold = 60s (default)
2024-06-06 03:46:34,480 [main] INFO  server.RaftServerConfigKeys (ConfUtils.java:logGet(46)) - raft.server.leaderelection.leader.step-down.wait-time = 10s (default)
2024-06-06 03:46:34,481 [main] INFO  server.RaftServerConfigKeys (ConfUtils.java:logGet(46)) - raft.server.storage.dir = [/home/runner/work/ozone/ozone/hadoop-ozone/integration-test/target/test-dir/MiniOzoneClusterImpl-9b8c67d1-9dc3-4dee-b61a-2e100565025d/ozone-meta/datanode-2/ratis] (custom)
2024-06-06 03:46:34,481 [main] INFO  server.RaftServerConfigKeys (ConfUtils.java:logGet(46)) - raft.server.threadpool.proxy.cached = true (default)
2024-06-06 03:46:34,481 [main] INFO  server.RaftServerConfigKeys (ConfUtils.java:logGet(46)) - raft.server.threadpool.proxy.size = 0 (default)
2024-06-06 03:46:34,481 [8ce15023-a244-46a6-a4b0-50e62c01a133-NettyServerStreamRpc-bossGroup--thread1] INFO  logging.LoggingHandler (AbstractInternalLogger.java:log(148)) - [id: 0x2d261f27] REGISTERED
2024-06-06 03:46:34,482 [8ce15023-a244-46a6-a4b0-50e62c01a133-NettyServerStreamRpc-bossGroup--thread1] INFO  logging.LoggingHandler (AbstractInternalLogger.java:log(148)) - [id: 0x2d261f27] BIND: 0.0.0.0/0.0.0.0:15024
2024-06-06 03:46:34,482 [8ce15023-a244-46a6-a4b0-50e62c01a133-NettyServerStreamRpc-bossGroup--thread1] INFO  logging.LoggingHandler (AbstractInternalLogger.java:log(148)) - [id: 0x2d261f27, L:/0.0.0.0:15024] ACTIVE
2024-06-06 03:46:34,488 [8ce15023-a244-46a6-a4b0-50e62c01a133-impl-thread1] INFO  server.RaftServer (RaftServerProxy.java:initGroupDir(264)) - 8ce15023-a244-46a6-a4b0-50e62c01a133: found a subdirectory /home/runner/work/ozone/ozone/hadoop-ozone/integration-test/target/test-dir/MiniOzoneClusterImpl-9b8c67d1-9dc3-4dee-b61a-2e100565025d/ozone-meta/datanode-2/ratis/tmp
2024-06-06 03:46:34,491 [8ce15023-a244-46a6-a4b0-50e62c01a133-impl-thread1] INFO  server.RaftServer (RaftServerProxy.java:initGroupDir(269)) - 8ce15023-a244-46a6-a4b0-50e62c01a133: The directory /home/runner/work/ozone/ozone/hadoop-ozone/integration-test/target/test-dir/MiniOzoneClusterImpl-9b8c67d1-9dc3-4dee-b61a-2e100565025d/ozone-meta/datanode-2/ratis/tmp is not a group directory; ignoring it. 
2024-06-06 03:46:34,491 [main] INFO  replication.ReplicationServer (ReplicationServer.java:<init>(86)) - Initializing replication server with thread count = 10 queue length = 4096
2024-06-06 03:46:34,493 [main] INFO  server.XceiverServerGrpc (XceiverServerGrpc.java:<init>(141)) - GrpcServer channel type EpollServerSocketChannel
2024-06-06 03:46:34,495 [main] INFO  replication.ReplicationSupervisor (ReplicationSupervisor.java:build(157)) - Initializing replication supervisor with thread count = 10
2024-06-06 03:46:34,495 [main] INFO  replication.ReplicationSupervisor (ReplicationSupervisor.java:nodeStateUpdated(312)) - Node state updated to IN_SERVICE, scaling executor pool size to 10
2024-06-06 03:46:34,501 [main] INFO  http.BaseHttpServer (BaseHttpServer.java:newHttpServer2BuilderForOzone(223)) - Starting Web-server for hddsDatanode at: http://0.0.0.0:15018
2024-06-06 03:46:34,502 [main] INFO  http.BaseHttpServer (BaseHttpServer.java:<init>(110)) - Hadoop Security Enabled: false Ozone Security Enabled: false Ozone HTTP Security Enabled: false 
2024-06-06 03:46:34,504 [main] WARN  server.AuthenticationFilter (AuthenticationFilter.java:constructSecretProvider(240)) - Unable to initialize FileSignerSecretProvider, falling back to use random secrets. Reason: Could not read signature secret file: /home/runner/hadoop-http-auth-signature-secret
2024-06-06 03:46:34,508 [main] INFO  http.HttpRequestLog (HttpRequestLog.java:getRequestLog(86)) - Http request log for http.requests.hddsDatanode is not defined
2024-06-06 03:46:34,511 [main] INFO  http.HttpServer2 (HttpServer2.java:addGlobalFilter(1036)) - Added global filter 'safety' (class=org.apache.hadoop.hdds.server.http.HttpServer2$QuotingInputFilter)
2024-06-06 03:46:34,514 [main] INFO  http.HttpServer2 (HttpServer2.java:addFilter(1012)) - Added filter static_user_filter (class=org.apache.hadoop.http.lib.StaticUserWebFilter$StaticUserFilter) to context hddsDatanode
2024-06-06 03:46:34,514 [main] INFO  http.HttpServer2 (HttpServer2.java:addFilter(1020)) - Added filter static_user_filter (class=org.apache.hadoop.http.lib.StaticUserWebFilter$StaticUserFilter) to context static
2024-06-06 03:46:34,515 [main] INFO  http.HttpServer2 (HttpServer2.java:addFilter(1020)) - Added filter static_user_filter (class=org.apache.hadoop.http.lib.StaticUserWebFilter$StaticUserFilter) to context logs
2024-06-06 03:46:34,516 [main] INFO  http.BaseHttpServer (BaseHttpServer.java:<init>(189)) - HTTP server of hddsDatanode uses base directory /home/runner/work/ozone/ozone/hadoop-ozone/integration-test/target/test-dir/MiniOzoneClusterImpl-9b8c67d1-9dc3-4dee-b61a-2e100565025d/ozone-meta/datanode-2/meta/webserver
2024-06-06 03:46:34,516 [main] INFO  http.HttpServer2 (HttpServer2.java:bindListener(1236)) - Jetty bound to port 15018
2024-06-06 03:46:34,517 [main] INFO  server.Server (Server.java:doStart(375)) - jetty-9.4.54.v20240208; built: 2024-02-08T19:42:39.027Z; git: cef3fbd6d736a21e7d541a5db490381d95a2047d; jvm 17.0.11+9
2024-06-06 03:46:34,518 [5e18cff1-cfa8-44b4-8834-447d353e7c51-DatanodeStateMachineTaskThread-0] INFO  datanode.InitDatanodeState (InitDatanodeState.java:persistContainerDatanodeDetails(139)) - DatanodeDetails is persisted to /home/runner/work/ozone/ozone/hadoop-ozone/integration-test/target/test-dir/MiniOzoneClusterImpl-9b8c67d1-9dc3-4dee-b61a-2e100565025d/ozone-meta/datanode-1/meta/datanode.id
2024-06-06 03:46:34,529 [main] INFO  server.session (DefaultSessionIdManager.java:doStart(334)) - DefaultSessionIdManager workerName=node0
2024-06-06 03:46:34,529 [main] INFO  server.session (DefaultSessionIdManager.java:doStart(339)) - No SessionScavenger set, using defaults
2024-06-06 03:46:34,529 [main] INFO  server.session (HouseKeeper.java:startScavenging(132)) - node0 Scavenging every 600000ms
2024-06-06 03:46:34,532 [main] INFO  handler.ContextHandler (ContextHandler.java:doStart(921)) - Started o.e.j.s.ServletContextHandler@7d6e3e42{logs,/logs,file:///home/runner/work/ozone/ozone/hadoop-ozone/integration-test/target/log,AVAILABLE}
2024-06-06 03:46:34,533 [main] INFO  handler.ContextHandler (ContextHandler.java:doStart(921)) - Started o.e.j.s.ServletContextHandler@14221dc6{static,/static,file:///home/runner/work/ozone/ozone/hadoop-hdds/container-service/target/classes/webapps/static,AVAILABLE}
2024-06-06 03:46:34,543 [main] INFO  handler.ContextHandler (ContextHandler.java:doStart(921)) - Started o.e.j.w.WebAppContext@3003b9ad{hddsDatanode,/,file:///home/runner/work/ozone/ozone/hadoop-hdds/container-service/target/classes/webapps/hddsDatanode/,AVAILABLE}{file:/home/runner/work/ozone/ozone/hadoop-hdds/container-service/target/classes/webapps/hddsDatanode}
2024-06-06 03:46:34,543 [main] INFO  server.AbstractConnector (AbstractConnector.java:doStart(333)) - Started ServerConnector@22b9ac0f{HTTP/1.1, (http/1.1)}{0.0.0.0:15018}
2024-06-06 03:46:34,544 [main] INFO  server.Server (Server.java:doStart(415)) - Started @7031ms
2024-06-06 03:46:34,544 [main] WARN  impl.MetricsSystemImpl (MetricsSystemImpl.java:register(279)) - Sink prometheus already exists!
2024-06-06 03:46:34,545 [main] INFO  http.BaseHttpServer (BaseHttpServer.java:updateConnectorAddress(354)) - HTTP server of hddsDatanode listening at http://0.0.0.0:15018
2024-06-06 03:46:34,546 [main] INFO  ipc.CallQueueManager (CallQueueManager.java:<init>(90)) - Using callQueue: class java.util.concurrent.LinkedBlockingQueue, queueCapacity: 100, scheduler: class org.apache.hadoop.ipc.DefaultRpcScheduler, ipcBackoff: false.
2024-06-06 03:46:34,546 [main] INFO  ipc.Server (Server.java:<init>(1287)) - Listener at 0.0.0.0:15019
2024-06-06 03:46:34,547 [Socket Reader #1 for port 15019] INFO  ipc.Server (Server.java:run(1323)) - Starting Socket Reader #1 for port 15019
2024-06-06 03:46:34,550 [main] INFO  ozone.HddsDatanodeService (HddsDatanodeService.java:start(327)) - Datanode start with admins: [runner]
2024-06-06 03:46:34,550 [main] INFO  ozone.HddsDatanodeClientProtocolServer (HddsDatanodeClientProtocolServer.java:start(77)) - RPC server for Client /0.0.0.0:15019
2024-06-06 03:46:34,550 [IPC Server listener on 15019] INFO  ipc.Server (Server.java:run(1402)) - IPC Server listener on 15019: starting
2024-06-06 03:46:34,551 [IPC Server Responder] INFO  ipc.Server (Server.java:run(1562)) - IPC Server Responder: starting
2024-06-06 03:46:34,552 [8ce15023-a244-46a6-a4b0-50e62c01a133-DatanodeStateMachineDaemonThread] INFO  statemachine.DatanodeStateMachine (DatanodeStateMachine.java:lambda$startDaemon$1(555)) - Ozone container server started.
2024-06-06 03:46:34,552 [main] WARN  dropwizard3.Dm3MetricRegistriesImpl (Dm3MetricRegistriesImpl.java:addReporterRegistration(113)) - New reporters are added after registries were created. Some metrics will be missing from the reporter. Please add reporter before adding any new registry.
2024-06-06 03:46:34,552 [main] WARN  dropwizard3.Dm3MetricRegistriesImpl (Dm3MetricRegistriesImpl.java:addReporterRegistration(113)) - New reporters are added after registries were created. Some metrics will be missing from the reporter. Please add reporter before adding any new registry.
2024-06-06 03:46:34,553 [main] INFO  impl.MetricsSystemImpl (MetricsSystemImpl.java:init(158)) - HddsDatanode metrics system started (again)
2024-06-06 03:46:34,562 [8ce15023-a244-46a6-a4b0-50e62c01a133-DatanodeStateMachineTaskThread-0] INFO  datanode.InitDatanodeState (InitDatanodeState.java:persistContainerDatanodeDetails(139)) - DatanodeDetails is persisted to /home/runner/work/ozone/ozone/hadoop-ozone/integration-test/target/test-dir/MiniOzoneClusterImpl-9b8c67d1-9dc3-4dee-b61a-2e100565025d/ozone-meta/datanode-2/meta/datanode.id
2024-06-06 03:46:34,569 [main] INFO  ozone.HddsDatanodeService (HddsDatanodeService.java:start(240)) - HddsDatanodeService host:fv-az1985-286.ly3zffpajqjehb5up02v11qo2c.cx.internal.cloudapp.net ip:10.1.0.27
2024-06-06 03:46:34,597 [main] INFO  upgrade.AbstractLayoutVersionManager (AbstractLayoutVersionManager.java:init(83)) - Initializing Layout version manager with metadata layout = HADOOP_PRC_PORTS_IN_DATANODEDETAILS (version = 7), software layout = HADOOP_PRC_PORTS_IN_DATANODEDETAILS (version = 7)
2024-06-06 03:46:34,598 [main] INFO  statemachine.DatanodeStateMachine (DatanodeStateMachine.java:getEndPointTaskThreadPoolSize(299)) - Datanode State Machine Task Thread Pool size 2
2024-06-06 03:46:34,601 [main] INFO  volume.HddsVolume (HddsVolume.java:<init>(126)) - Creating HddsVolume: /home/runner/work/ozone/ozone/hadoop-ozone/integration-test/target/test-dir/MiniOzoneClusterImpl-9b8c67d1-9dc3-4dee-b61a-2e100565025d/ozone-meta/datanode-3/data-0/hdds of storage type : DISK capacity : 9222449699674390527
2024-06-06 03:46:34,601 [main] INFO  volume.MutableVolumeSet (MutableVolumeSet.java:initializeVolumeSet(173)) - Added Volume : /home/runner/work/ozone/ozone/hadoop-ozone/integration-test/target/test-dir/MiniOzoneClusterImpl-9b8c67d1-9dc3-4dee-b61a-2e100565025d/ozone-meta/datanode-3/data-0/hdds to VolumeSet
2024-06-06 03:46:34,603 [main] INFO  volume.MutableVolumeSet (MutableVolumeSet.java:initializeVolumeSet(173)) - Added Volume : /home/runner/work/ozone/ozone/hadoop-ozone/integration-test/target/test-dir/MiniOzoneClusterImpl-9b8c67d1-9dc3-4dee-b61a-2e100565025d/ozone-meta/datanode-3/ratis to VolumeSet
2024-06-06 03:46:34,603 [main] INFO  ozoneimpl.OzoneContainer (HddsVolumeUtil.java:loadAllHddsVolumeDbStore(103)) - Load 1 volumes DbStore cost: 0ms
2024-06-06 03:46:34,607 [main] INFO  server.RaftServer (ConfUtils.java:logGet(46)) - raft.rpc.type = GRPC (default)
2024-06-06 03:46:34,608 [main] INFO  grpc.GrpcConfigKeys (ConfUtils.java:logFallback(53)) - raft.grpc.admin.host = null (fallback to raft.grpc.server.host)
2024-06-06 03:46:34,608 [main] INFO  grpc.GrpcConfigKeys (ConfUtils.java:logGet(46)) - raft.grpc.admin.port = 15031 (custom)
2024-06-06 03:46:34,608 [main] INFO  grpc.GrpcConfigKeys (ConfUtils.java:logFallback(53)) - raft.grpc.client.host = null (fallback to raft.grpc.server.host)
2024-06-06 03:46:34,608 [main] INFO  grpc.GrpcConfigKeys (ConfUtils.java:logGet(46)) - raft.grpc.client.port = 15030 (custom)
2024-06-06 03:46:34,608 [main] INFO  grpc.GrpcConfigKeys (ConfUtils.java:logGet(46)) - raft.grpc.server.host = null (default)
2024-06-06 03:46:34,608 [main] INFO  grpc.GrpcConfigKeys (ConfUtils.java:logGet(46)) - raft.grpc.server.port = 15032 (custom)
2024-06-06 03:46:34,609 [main] INFO  server.GrpcService (ConfUtils.java:logGet(46)) - raft.grpc.message.size.max = 32MB (=33554432) (custom)
2024-06-06 03:46:34,609 [main] INFO  server.RaftServerConfigKeys (ConfUtils.java:logGet(46)) - raft.server.log.appender.buffer.byte-limit = 8388608 (custom)
2024-06-06 03:46:34,609 [main] INFO  server.GrpcService (ConfUtils.java:logGet(46)) - raft.grpc.flow.control.window = 5MB (=5242880) (custom)
2024-06-06 03:46:34,609 [main] INFO  server.RaftServerConfigKeys (ConfUtils.java:logGet(46)) - raft.server.rpc.request.timeout = 60s (custom)
2024-06-06 03:46:34,609 [main] INFO  grpc.GrpcConfigKeys (ConfUtils.java:logGet(46)) - raft.grpc.server.heartbeat.channel = true (default)
2024-06-06 03:46:34,610 [main] INFO  grpc.GrpcConfigKeys (ConfUtils.java:logGet(46)) - raft.grpc.server.async.request.thread.pool.cached = true (default)
2024-06-06 03:46:34,610 [main] INFO  grpc.GrpcConfigKeys (ConfUtils.java:logGet(46)) - raft.grpc.server.async.request.thread.pool.size = 32 (default)
2024-06-06 03:46:34,612 [main] INFO  impl.DataStreamServerImpl (ConfUtils.java:logGet(46)) - raft.datastream.type = NETTY (custom)
2024-06-06 03:46:34,613 [main] INFO  server.RaftServerConfigKeys (ConfUtils.java:logGet(46)) - raft.server.data-stream.async.request.thread.pool.cached = false (default)
2024-06-06 03:46:34,613 [main] INFO  server.RaftServerConfigKeys (ConfUtils.java:logGet(46)) - raft.server.data-stream.async.request.thread.pool.size = 20 (custom)
2024-06-06 03:46:34,613 [main] INFO  server.RaftServerConfigKeys (ConfUtils.java:logGet(46)) - raft.server.data-stream.async.write.thread.pool.size = 16 (default)
2024-06-06 03:46:34,613 [main] INFO  netty.NettyConfigKeys$DataStream (ConfUtils.java:logGet(46)) - raft.netty.dataStream.server.channel.inactive.grace-period = 10min (default)
2024-06-06 03:46:34,613 [main] INFO  server.RaftServerConfigKeys (ConfUtils.java:logGet(46)) - raft.server.data-stream.client.pool.size = 10 (default)
2024-06-06 03:46:34,614 [main] INFO  netty.NettyConfigKeys$DataStream (ConfUtils.java:logGet(46)) - raft.netty.dataStream.server.use-epoll = true (default)
2024-06-06 03:46:34,614 [main] INFO  netty.NettyConfigKeys$DataStream (ConfUtils.java:logGet(46)) - raft.netty.dataStream.server.boss-group.size = 0 (default)
2024-06-06 03:46:34,614 [main] INFO  netty.NettyUtils (NettyUtils.java:newEventLoopGroup(69)) - Create EpollEventLoopGroup for f4c2b6b8-993f-476e-b2b0-0769277f8579-NettyServerStreamRpc-bossGroup; Thread size is 0.
2024-06-06 03:46:34,615 [main] INFO  netty.NettyConfigKeys$DataStream (ConfUtils.java:logGet(46)) - raft.netty.dataStream.server.worker-group.size = 0 (default)
2024-06-06 03:46:34,615 [main] INFO  netty.NettyUtils (NettyUtils.java:newEventLoopGroup(69)) - Create EpollEventLoopGroup for f4c2b6b8-993f-476e-b2b0-0769277f8579-NettyServerStreamRpc-workerGroup; Thread size is 0.
2024-06-06 03:46:34,616 [main] INFO  netty.NettyConfigKeys$DataStream (ConfUtils.java:logGet(46)) - raft.netty.dataStream.server.tls.conf = null (default)
2024-06-06 03:46:34,616 [main] INFO  netty.NettyConfigKeys$DataStream (ConfUtils.java:logGet(46)) - raft.netty.dataStream.host = null (default)
2024-06-06 03:46:34,616 [main] INFO  netty.NettyConfigKeys$DataStream (ConfUtils.java:logGet(46)) - raft.netty.dataStream.port = 15033 (custom)
2024-06-06 03:46:34,617 [main] INFO  server.RaftServerConfigKeys (ConfUtils.java:logGet(46)) - raft.server.sleep.deviation.threshold = 300ms (default)
2024-06-06 03:46:34,617 [main] INFO  server.RaftServerConfigKeys (ConfUtils.java:logGet(46)) - raft.server.close.threshold = 60s (default)
2024-06-06 03:46:34,617 [main] INFO  server.RaftServerConfigKeys (ConfUtils.java:logGet(46)) - raft.server.leaderelection.leader.step-down.wait-time = 10s (default)
2024-06-06 03:46:34,617 [main] INFO  server.RaftServerConfigKeys (ConfUtils.java:logGet(46)) - raft.server.storage.dir = [/home/runner/work/ozone/ozone/hadoop-ozone/integration-test/target/test-dir/MiniOzoneClusterImpl-9b8c67d1-9dc3-4dee-b61a-2e100565025d/ozone-meta/datanode-3/ratis] (custom)
2024-06-06 03:46:34,617 [main] INFO  server.RaftServerConfigKeys (ConfUtils.java:logGet(46)) - raft.server.threadpool.proxy.cached = true (default)
2024-06-06 03:46:34,617 [main] INFO  server.RaftServerConfigKeys (ConfUtils.java:logGet(46)) - raft.server.threadpool.proxy.size = 0 (default)
2024-06-06 03:46:34,618 [f4c2b6b8-993f-476e-b2b0-0769277f8579-NettyServerStreamRpc-bossGroup--thread1] INFO  logging.LoggingHandler (AbstractInternalLogger.java:log(148)) - [id: 0x6c6fe7ee] REGISTERED
2024-06-06 03:46:34,619 [f4c2b6b8-993f-476e-b2b0-0769277f8579-NettyServerStreamRpc-bossGroup--thread1] INFO  logging.LoggingHandler (AbstractInternalLogger.java:log(148)) - [id: 0x6c6fe7ee] BIND: 0.0.0.0/0.0.0.0:15033
2024-06-06 03:46:34,619 [f4c2b6b8-993f-476e-b2b0-0769277f8579-NettyServerStreamRpc-bossGroup--thread1] INFO  logging.LoggingHandler (AbstractInternalLogger.java:log(148)) - [id: 0x6c6fe7ee, L:/0.0.0.0:15033] ACTIVE
2024-06-06 03:46:34,620 [f4c2b6b8-993f-476e-b2b0-0769277f8579-impl-thread1] INFO  server.RaftServer (RaftServerProxy.java:initGroupDir(264)) - f4c2b6b8-993f-476e-b2b0-0769277f8579: found a subdirectory /home/runner/work/ozone/ozone/hadoop-ozone/integration-test/target/test-dir/MiniOzoneClusterImpl-9b8c67d1-9dc3-4dee-b61a-2e100565025d/ozone-meta/datanode-3/ratis/tmp
2024-06-06 03:46:34,620 [f4c2b6b8-993f-476e-b2b0-0769277f8579-impl-thread1] INFO  server.RaftServer (RaftServerProxy.java:initGroupDir(269)) - f4c2b6b8-993f-476e-b2b0-0769277f8579: The directory /home/runner/work/ozone/ozone/hadoop-ozone/integration-test/target/test-dir/MiniOzoneClusterImpl-9b8c67d1-9dc3-4dee-b61a-2e100565025d/ozone-meta/datanode-3/ratis/tmp is not a group directory; ignoring it. 
2024-06-06 03:46:34,621 [main] INFO  replication.ReplicationServer (ReplicationServer.java:<init>(86)) - Initializing replication server with thread count = 10 queue length = 4096
2024-06-06 03:46:34,622 [main] INFO  server.XceiverServerGrpc (XceiverServerGrpc.java:<init>(141)) - GrpcServer channel type EpollServerSocketChannel
2024-06-06 03:46:34,625 [main] INFO  replication.ReplicationSupervisor (ReplicationSupervisor.java:build(157)) - Initializing replication supervisor with thread count = 10
2024-06-06 03:46:34,625 [main] INFO  replication.ReplicationSupervisor (ReplicationSupervisor.java:nodeStateUpdated(312)) - Node state updated to IN_SERVICE, scaling executor pool size to 10
2024-06-06 03:46:34,630 [main] INFO  http.BaseHttpServer (BaseHttpServer.java:newHttpServer2BuilderForOzone(223)) - Starting Web-server for hddsDatanode at: http://0.0.0.0:15027
2024-06-06 03:46:34,630 [main] INFO  http.BaseHttpServer (BaseHttpServer.java:<init>(110)) - Hadoop Security Enabled: false Ozone Security Enabled: false Ozone HTTP Security Enabled: false 
2024-06-06 03:46:34,632 [main] WARN  server.AuthenticationFilter (AuthenticationFilter.java:constructSecretProvider(240)) - Unable to initialize FileSignerSecretProvider, falling back to use random secrets. Reason: Could not read signature secret file: /home/runner/hadoop-http-auth-signature-secret
2024-06-06 03:46:34,634 [main] INFO  http.HttpRequestLog (HttpRequestLog.java:getRequestLog(86)) - Http request log for http.requests.hddsDatanode is not defined
2024-06-06 03:46:34,635 [main] INFO  http.HttpServer2 (HttpServer2.java:addGlobalFilter(1036)) - Added global filter 'safety' (class=org.apache.hadoop.hdds.server.http.HttpServer2$QuotingInputFilter)
2024-06-06 03:46:34,637 [main] INFO  http.HttpServer2 (HttpServer2.java:addFilter(1012)) - Added filter static_user_filter (class=org.apache.hadoop.http.lib.StaticUserWebFilter$StaticUserFilter) to context hddsDatanode
2024-06-06 03:46:34,637 [main] INFO  http.HttpServer2 (HttpServer2.java:addFilter(1020)) - Added filter static_user_filter (class=org.apache.hadoop.http.lib.StaticUserWebFilter$StaticUserFilter) to context static
2024-06-06 03:46:34,638 [main] INFO  http.HttpServer2 (HttpServer2.java:addFilter(1020)) - Added filter static_user_filter (class=org.apache.hadoop.http.lib.StaticUserWebFilter$StaticUserFilter) to context logs
2024-06-06 03:46:34,639 [main] INFO  http.BaseHttpServer (BaseHttpServer.java:<init>(189)) - HTTP server of hddsDatanode uses base directory /home/runner/work/ozone/ozone/hadoop-ozone/integration-test/target/test-dir/MiniOzoneClusterImpl-9b8c67d1-9dc3-4dee-b61a-2e100565025d/ozone-meta/datanode-3/meta/webserver
2024-06-06 03:46:34,642 [main] INFO  http.HttpServer2 (HttpServer2.java:bindListener(1236)) - Jetty bound to port 15027
2024-06-06 03:46:34,643 [main] INFO  server.Server (Server.java:doStart(375)) - jetty-9.4.54.v20240208; built: 2024-02-08T19:42:39.027Z; git: cef3fbd6d736a21e7d541a5db490381d95a2047d; jvm 17.0.11+9
2024-06-06 03:46:34,652 [main] INFO  server.session (DefaultSessionIdManager.java:doStart(334)) - DefaultSessionIdManager workerName=node0
2024-06-06 03:46:34,652 [main] INFO  server.session (DefaultSessionIdManager.java:doStart(339)) - No SessionScavenger set, using defaults
2024-06-06 03:46:34,652 [main] INFO  server.session (HouseKeeper.java:startScavenging(132)) - node0 Scavenging every 660000ms
2024-06-06 03:46:34,655 [main] INFO  handler.ContextHandler (ContextHandler.java:doStart(921)) - Started o.e.j.s.ServletContextHandler@5fada492{logs,/logs,file:///home/runner/work/ozone/ozone/hadoop-ozone/integration-test/target/log,AVAILABLE}
2024-06-06 03:46:34,656 [main] INFO  handler.ContextHandler (ContextHandler.java:doStart(921)) - Started o.e.j.s.ServletContextHandler@4f4a0e4{static,/static,file:///home/runner/work/ozone/ozone/hadoop-hdds/container-service/target/classes/webapps/static,AVAILABLE}
2024-06-06 03:46:34,663 [main] INFO  handler.ContextHandler (ContextHandler.java:doStart(921)) - Started o.e.j.w.WebAppContext@16f52d68{hddsDatanode,/,file:///home/runner/work/ozone/ozone/hadoop-hdds/container-service/target/classes/webapps/hddsDatanode/,AVAILABLE}{file:/home/runner/work/ozone/ozone/hadoop-hdds/container-service/target/classes/webapps/hddsDatanode}
2024-06-06 03:46:34,663 [main] INFO  server.AbstractConnector (AbstractConnector.java:doStart(333)) - Started ServerConnector@37aa752a{HTTP/1.1, (http/1.1)}{0.0.0.0:15027}
2024-06-06 03:46:34,663 [main] INFO  server.Server (Server.java:doStart(415)) - Started @7151ms
2024-06-06 03:46:34,664 [main] WARN  impl.MetricsSystemImpl (MetricsSystemImpl.java:register(279)) - Sink prometheus already exists!
2024-06-06 03:46:34,664 [main] INFO  http.BaseHttpServer (BaseHttpServer.java:updateConnectorAddress(354)) - HTTP server of hddsDatanode listening at http://0.0.0.0:15027
2024-06-06 03:46:34,665 [main] INFO  ipc.CallQueueManager (CallQueueManager.java:<init>(90)) - Using callQueue: class java.util.concurrent.LinkedBlockingQueue, queueCapacity: 100, scheduler: class org.apache.hadoop.ipc.DefaultRpcScheduler, ipcBackoff: false.
2024-06-06 03:46:34,665 [main] INFO  ipc.Server (Server.java:<init>(1287)) - Listener at 0.0.0.0:15028
2024-06-06 03:46:34,670 [Socket Reader #1 for port 15028] INFO  ipc.Server (Server.java:run(1323)) - Starting Socket Reader #1 for port 15028
2024-06-06 03:46:34,670 [main] INFO  ozone.HddsDatanodeService (HddsDatanodeService.java:start(327)) - Datanode start with admins: [runner]
2024-06-06 03:46:34,670 [main] INFO  ozone.HddsDatanodeClientProtocolServer (HddsDatanodeClientProtocolServer.java:start(77)) - RPC server for Client /0.0.0.0:15028
2024-06-06 03:46:34,670 [IPC Server Responder] INFO  ipc.Server (Server.java:run(1562)) - IPC Server Responder: starting
2024-06-06 03:46:34,671 [IPC Server listener on 15028] INFO  ipc.Server (Server.java:run(1402)) - IPC Server listener on 15028: starting
2024-06-06 03:46:34,672 [f4c2b6b8-993f-476e-b2b0-0769277f8579-DatanodeStateMachineDaemonThread] INFO  statemachine.DatanodeStateMachine (DatanodeStateMachine.java:lambda$startDaemon$1(555)) - Ozone container server started.
2024-06-06 03:46:34,673 [main] INFO  ozone.MiniOzoneClusterImpl (MiniOzoneClusterImpl.java:lambda$waitForClusterToBeReady$0(194)) - Waiting for nodes to be ready. Got 0 of 3 DN Heartbeats.
2024-06-06 03:46:34,673 [main] INFO  ozone.MiniOzoneClusterImpl (MiniOzoneClusterImpl.java:lambda$waitForClusterToBeReady$0(197)) - Waiting for cluster to exit safe mode
2024-06-06 03:46:34,673 [main] INFO  ozone.MiniOzoneClusterImpl (MiniOzoneClusterImpl.java:lambda$waitForClusterToBeReady$0(199)) - SCM became leader
2024-06-06 03:46:34,681 [f4c2b6b8-993f-476e-b2b0-0769277f8579-DatanodeStateMachineTaskThread-0] INFO  datanode.InitDatanodeState (InitDatanodeState.java:persistContainerDatanodeDetails(139)) - DatanodeDetails is persisted to /home/runner/work/ozone/ozone/hadoop-ozone/integration-test/target/test-dir/MiniOzoneClusterImpl-9b8c67d1-9dc3-4dee-b61a-2e100565025d/ozone-meta/datanode-3/meta/datanode.id
2024-06-06 03:46:34,776 [om1@group-C5BA1605619E-FollowerState] INFO  impl.FollowerState (FollowerState.java:run(143)) - om1@group-C5BA1605619E-FollowerState: change to CANDIDATE, lastRpcElapsedTime:1051768896ns, electionTimeout:1050ms
2024-06-06 03:46:34,776 [om1@group-C5BA1605619E-FollowerState] INFO  impl.RoleInfo (RoleInfo.java:shutdownFollowerState(110)) - om1: shutdown om1@group-C5BA1605619E-FollowerState
2024-06-06 03:46:34,776 [om1@group-C5BA1605619E-FollowerState] INFO  server.RaftServer$Division (RaftServerImpl.java:setRole(383)) - om1@group-C5BA1605619E: changes role from  FOLLOWER to CANDIDATE at term 0 for changeToCandidate
2024-06-06 03:46:34,779 [om1@group-C5BA1605619E-FollowerState] INFO  server.RaftServerConfigKeys (ConfUtils.java:logGet(46)) - raft.server.leaderelection.pre-vote = true (default)
2024-06-06 03:46:34,779 [om1@group-C5BA1605619E-FollowerState] INFO  impl.RoleInfo (RoleInfo.java:updateAndGet(139)) - om1: start om1@group-C5BA1605619E-LeaderElection1
2024-06-06 03:46:34,782 [om1@group-C5BA1605619E-LeaderElection1] INFO  impl.LeaderElection (LeaderElection.java:askForVotes(321)) - om1@group-C5BA1605619E-LeaderElection1 PRE_VOTE round 0: submit vote requests at term 0 for -1: peers:[om1|localhost:15007]|listeners:[], old=null
2024-06-06 03:46:34,782 [om1@group-C5BA1605619E-LeaderElection1] INFO  impl.LeaderElection (LeaderElection.java:askForVotes(323)) - om1@group-C5BA1605619E-LeaderElection1 PRE_VOTE round 0: result PASSED (term=0)
2024-06-06 03:46:34,785 [om1@group-C5BA1605619E-LeaderElection1] INFO  impl.LeaderElection (LeaderElection.java:askForVotes(321)) - om1@group-C5BA1605619E-LeaderElection1 ELECTION round 0: submit vote requests at term 1 for -1: peers:[om1|localhost:15007]|listeners:[], old=null
2024-06-06 03:46:34,785 [om1@group-C5BA1605619E-LeaderElection1] INFO  impl.LeaderElection (LeaderElection.java:askForVotes(323)) - om1@group-C5BA1605619E-LeaderElection1 ELECTION round 0: result PASSED (term=1)
2024-06-06 03:46:34,790 [om1@group-C5BA1605619E-LeaderElection1] INFO  impl.RoleInfo (RoleInfo.java:shutdownLeaderElection(130)) - om1: shutdown om1@group-C5BA1605619E-LeaderElection1
2024-06-06 03:46:34,790 [om1@group-C5BA1605619E-LeaderElection1] INFO  server.RaftServer$Division (RaftServerImpl.java:setRole(383)) - om1@group-C5BA1605619E: changes role from CANDIDATE to LEADER at term 1 for changeToLeader
2024-06-06 03:46:34,795 [om1@group-C5BA1605619E-LeaderElection1] INFO  server.RaftServerConfigKeys (ConfUtils.java:logGet(46)) - raft.server.staging.catchup.gap = 1000 (default)
2024-06-06 03:46:34,797 [om1@group-C5BA1605619E-LeaderElection1] INFO  server.RaftServerConfigKeys (ConfUtils.java:logGet(46)) - raft.server.write.element-limit = 4096 (default)
2024-06-06 03:46:34,798 [om1@group-C5BA1605619E-LeaderElection1] INFO  server.RaftServerConfigKeys (ConfUtils.java:logGet(46)) - raft.server.write.byte-limit = 64MB (=67108864) (default)
2024-06-06 03:46:34,801 [om1@group-C5BA1605619E-LeaderElection1] INFO  server.RaftServerConfigKeys (ConfUtils.java:logGet(46)) - raft.server.watch.timeout = 10s (default)
2024-06-06 03:46:34,801 [om1@group-C5BA1605619E-LeaderElection1] INFO  server.RaftServerConfigKeys (ConfUtils.java:logGet(46)) - raft.server.watch.timeout.denomination = 1s (default)
2024-06-06 03:46:34,801 [om1@group-C5BA1605619E-LeaderElection1] INFO  server.RaftServerConfigKeys (ConfUtils.java:logGet(46)) - raft.server.watch.element-limit = 65536 (default)
2024-06-06 03:46:34,805 [om1@group-C5BA1605619E-LeaderElection1] INFO  server.RaftServerConfigKeys (ConfUtils.java:logGet(46)) - raft.server.read.leader.lease.enabled = false (default)
2024-06-06 03:46:34,807 [om1@group-C5BA1605619E-LeaderElection1] INFO  server.RaftServerConfigKeys (ConfUtils.java:logGet(46)) - raft.server.read.leader.lease.timeout.ratio = 0.9 (default)
2024-06-06 03:46:34,808 [om1@group-C5BA1605619E-LeaderElection1] INFO  server.RaftServerConfigKeys (ConfUtils.java:logGet(46)) - raft.server.rpc.timeout.min = 1s (custom)
2024-06-06 03:46:34,808 [om1@group-C5BA1605619E-LeaderElection1] INFO  server.RaftServerConfigKeys (ConfUtils.java:logGet(46)) - raft.server.write.element-limit = 4096 (default)
2024-06-06 03:46:34,808 [om1@group-C5BA1605619E-LeaderElection1] INFO  server.RaftServerConfigKeys (ConfUtils.java:logGet(46)) - raft.server.write.follower.gap.ratio.max = -1.0 (default)
2024-06-06 03:46:34,810 [om1@group-C5BA1605619E-LeaderElection1] INFO  impl.RoleInfo (RoleInfo.java:updateAndGet(139)) - om1: start om1@group-C5BA1605619E-LeaderStateImpl
2024-06-06 03:46:34,810 [om1@group-C5BA1605619E-LeaderElection1] INFO  server.RaftServer$Division (RaftServerImpl.java:setFirstElection(574)) - om1@group-C5BA1605619E: set firstElectionSinceStartup to false for becomeLeader
2024-06-06 03:46:34,812 [om1@group-C5BA1605619E-LeaderElection1] INFO  server.RaftServer$Division (ServerState.java:setLeader(269)) - om1@group-C5BA1605619E: change Leader from null to om1 at term 1 for becomeLeader, leader elected after 1965ms
2024-06-06 03:46:34,831 [om1@group-C5BA1605619E-LeaderElection1] INFO  segmented.SegmentedRaftLogWorker (SegmentedRaftLogWorker.java:startLogSegment(430)) - om1@group-C5BA1605619E-SegmentedRaftLogWorker: Starting segment from index:0
2024-06-06 03:46:34,847 [om1@group-C5BA1605619E-LeaderElection1] INFO  server.RaftServer$Division (ServerState.java:setRaftConf(386)) - om1@group-C5BA1605619E: set configuration 0: peers:[om1|localhost:15007]|listeners:[], old=null
2024-06-06 03:46:34,865 [om1@group-C5BA1605619E-SegmentedRaftLogWorker] INFO  segmented.BufferedWriteChannel (BufferedWriteChannel.java:open(62)) - open log_inprogress_0 at position 0
2024-06-06 03:46:34,875 [om1@group-C5BA1605619E-SegmentedRaftLogWorker] INFO  segmented.SegmentedRaftLogWorker (SegmentedRaftLogWorker.java:execute(634)) - om1@group-C5BA1605619E-SegmentedRaftLogWorker: created new log segment /home/runner/work/ozone/ozone/hadoop-ozone/integration-test/target/test-dir/MiniOzoneClusterImpl-9b8c67d1-9dc3-4dee-b61a-2e100565025d/ozone-meta/ratis/bf265839-605b-3f16-9796-c5ba1605619e/current/log_inprogress_0
2024-06-06 03:46:34,956 [om1@group-C5BA1605619E-StateMachineUpdater] INFO  ratis.OzoneManagerStateMachine (OzoneManagerStateMachine.java:notifyConfigurationChanged(212)) - Received Configuration change notification from Ratis. New Peer list:
[id: "om1"
address: "localhost:15007"
startupRole: FOLLOWER
]
2024-06-06 03:46:34,957 [om1@group-C5BA1605619E-StateMachineUpdater] INFO  server.RaftServer$Division (LeaderStateImpl.java:isApplied(320)) - leader is ready since appliedIndex == 0 >= startIndex == 0
2024-06-06 03:46:35,673 [main] INFO  ozone.MiniOzoneClusterImpl (MiniOzoneClusterImpl.java:lambda$waitForClusterToBeReady$0(194)) - Waiting for nodes to be ready. Got 0 of 3 DN Heartbeats.
2024-06-06 03:46:35,674 [main] INFO  ozone.MiniOzoneClusterImpl (MiniOzoneClusterImpl.java:lambda$waitForClusterToBeReady$0(197)) - Waiting for cluster to exit safe mode
2024-06-06 03:46:35,674 [main] INFO  ozone.MiniOzoneClusterImpl (MiniOzoneClusterImpl.java:lambda$waitForClusterToBeReady$0(199)) - SCM became leader
2024-06-06 03:46:36,449 [5e18cff1-cfa8-44b4-8834-447d353e7c51-EndpointStateMachineTaskThread-/0.0.0.0:15002-0 ] INFO  utils.DatanodeStoreCache (DatanodeStoreCache.java:addDB(72)) - Added db /home/runner/work/ozone/ozone/hadoop-ozone/integration-test/target/test-dir/MiniOzoneClusterImpl-9b8c67d1-9dc3-4dee-b61a-2e100565025d/ozone-meta/datanode-1/data-0/hdds/9b8c67d1-9dc3-4dee-b61a-2e100565025d/DS-a34102d8-d39b-4d80-b747-40a3d5274fec/container.db to cache
2024-06-06 03:46:36,449 [5e18cff1-cfa8-44b4-8834-447d353e7c51-EndpointStateMachineTaskThread-/0.0.0.0:15002-0 ] INFO  volume.HddsVolume (HddsVolume.java:createDbStore(437)) - SchemaV3 db is created and loaded at /home/runner/work/ozone/ozone/hadoop-ozone/integration-test/target/test-dir/MiniOzoneClusterImpl-9b8c67d1-9dc3-4dee-b61a-2e100565025d/ozone-meta/datanode-1/data-0/hdds/9b8c67d1-9dc3-4dee-b61a-2e100565025d/DS-a34102d8-d39b-4d80-b747-40a3d5274fec/container.db for volume DS-a34102d8-d39b-4d80-b747-40a3d5274fec
2024-06-06 03:46:36,457 [5e18cff1-cfa8-44b4-8834-447d353e7c51-ContainerReader-0] INFO  ozoneimpl.ContainerReader (ContainerReader.java:readVolume(148)) - Start to verify containers on volume /home/runner/work/ozone/ozone/hadoop-ozone/integration-test/target/test-dir/MiniOzoneClusterImpl-9b8c67d1-9dc3-4dee-b61a-2e100565025d/ozone-meta/datanode-1/data-0/hdds
2024-06-06 03:46:36,457 [5e18cff1-cfa8-44b4-8834-447d353e7c51-ContainerReader-0] INFO  ozoneimpl.ContainerReader (ContainerReader.java:readVolume(178)) - Finish verifying containers on volume /home/runner/work/ozone/ozone/hadoop-ozone/integration-test/target/test-dir/MiniOzoneClusterImpl-9b8c67d1-9dc3-4dee-b61a-2e100565025d/ozone-meta/datanode-1/data-0/hdds
2024-06-06 03:46:36,457 [5e18cff1-cfa8-44b4-8834-447d353e7c51-EndpointStateMachineTaskThread-/0.0.0.0:15002-0 ] INFO  ozoneimpl.OzoneContainer (OzoneContainer.java:buildContainerSet(328)) - Build ContainerSet costs 0s
2024-06-06 03:46:36,458 [5e18cff1-cfa8-44b4-8834-447d353e7c51-EndpointStateMachineTaskThread-/0.0.0.0:15002-0 ] INFO  volume.ThrottledAsyncChecker (ThrottledAsyncChecker.java:schedule(141)) - Scheduling a check for /home/runner/work/ozone/ozone/hadoop-ozone/integration-test/target/test-dir/MiniOzoneClusterImpl-9b8c67d1-9dc3-4dee-b61a-2e100565025d/ozone-meta/datanode-1/data-0/hdds
2024-06-06 03:46:36,465 [5e18cff1-cfa8-44b4-8834-447d353e7c51-EndpointStateMachineTaskThread-/0.0.0.0:15002-0 ] INFO  volume.StorageVolumeChecker (StorageVolumeChecker.java:checkAllVolumes(218)) - Scheduled health check for volume /home/runner/work/ozone/ozone/hadoop-ozone/integration-test/target/test-dir/MiniOzoneClusterImpl-9b8c67d1-9dc3-4dee-b61a-2e100565025d/ozone-meta/datanode-1/data-0/hdds
2024-06-06 03:46:36,469 [5e18cff1-cfa8-44b4-8834-447d353e7c51-EndpointStateMachineTaskThread-/0.0.0.0:15002-0 ] INFO  volume.ThrottledAsyncChecker (ThrottledAsyncChecker.java:schedule(141)) - Scheduling a check for /home/runner/work/ozone/ozone/hadoop-ozone/integration-test/target/test-dir/MiniOzoneClusterImpl-9b8c67d1-9dc3-4dee-b61a-2e100565025d/ozone-meta/datanode-1/ratis
2024-06-06 03:46:36,469 [5e18cff1-cfa8-44b4-8834-447d353e7c51-EndpointStateMachineTaskThread-/0.0.0.0:15002-0 ] INFO  volume.StorageVolumeChecker (StorageVolumeChecker.java:checkAllVolumes(218)) - Scheduled health check for volume /home/runner/work/ozone/ozone/hadoop-ozone/integration-test/target/test-dir/MiniOzoneClusterImpl-9b8c67d1-9dc3-4dee-b61a-2e100565025d/ozone-meta/datanode-1/ratis
2024-06-06 03:46:36,470 [5e18cff1-cfa8-44b4-8834-447d353e7c51-EndpointStateMachineTaskThread-/0.0.0.0:15002-0 ] INFO  ozoneimpl.OzoneContainer (OzoneContainer.java:start(459)) - Attempting to start container services.
2024-06-06 03:46:36,475 [ContainerMetadataScanner] INFO  ozoneimpl.AbstractBackgroundContainerScanner (AbstractBackgroundContainerScanner.java:runIteration(87)) - Completed an iteration in 0 minutes. Number of iterations (since the data-node restart) : 1, Number of containers scanned in this iteration : 0, Number of unhealthy containers found in this iteration : 0
2024-06-06 03:46:36,480 [5e18cff1-cfa8-44b4-8834-447d353e7c51-EndpointStateMachineTaskThread-/0.0.0.0:15002-0 ] INFO  replication.ReplicationServer (ReplicationServer.java:start(142)) - ReplicationServer is started using port 15016
2024-06-06 03:46:36,481 [5e18cff1-cfa8-44b4-8834-447d353e7c51-EndpointStateMachineTaskThread-/0.0.0.0:15002-0 ] INFO  ratis.XceiverServerRatis (XceiverServerRatis.java:start(566)) - Starting XceiverServerRatis 5e18cff1-cfa8-44b4-8834-447d353e7c51
2024-06-06 03:46:36,481 [ContainerDataScanner(/home/runner/work/ozone/ozone/hadoop-ozone/integration-test/target/test-dir/MiniOzoneClusterImpl-9b8c67d1-9dc3-4dee-b61a-2e100565025d/ozone-meta/datanode-1/data-0/hdds)] INFO  ozoneimpl.AbstractBackgroundContainerScanner (AbstractBackgroundContainerScanner.java:runIteration(87)) - Completed an iteration in 0 minutes. Number of iterations (since the data-node restart) : 1, Number of containers scanned in this iteration : 0, Number of unhealthy containers found in this iteration : 0
2024-06-06 03:46:36,486 [5e18cff1-cfa8-44b4-8834-447d353e7c51-EndpointStateMachineTaskThread-/0.0.0.0:15002-0 ] INFO  server.RaftServer (RaftServerProxy.java:startImpl(406)) - 5e18cff1-cfa8-44b4-8834-447d353e7c51: start RPC server
2024-06-06 03:46:36,486 [5e18cff1-cfa8-44b4-8834-447d353e7c51-EndpointStateMachineTaskThread-/0.0.0.0:15002-0 ] INFO  server.GrpcService (GrpcService.java:startImpl(302)) - 5e18cff1-cfa8-44b4-8834-447d353e7c51: GrpcService started, listening on 15012
2024-06-06 03:46:36,486 [5e18cff1-cfa8-44b4-8834-447d353e7c51-EndpointStateMachineTaskThread-/0.0.0.0:15002-0 ] INFO  server.GrpcService (GrpcService.java:startImpl(302)) - 5e18cff1-cfa8-44b4-8834-447d353e7c51: GrpcService started, listening on 15014
2024-06-06 03:46:36,487 [5e18cff1-cfa8-44b4-8834-447d353e7c51-EndpointStateMachineTaskThread-/0.0.0.0:15002-0 ] INFO  server.GrpcService (GrpcService.java:startImpl(302)) - 5e18cff1-cfa8-44b4-8834-447d353e7c51: GrpcService started, listening on 15013
2024-06-06 03:46:36,491 [JvmPauseMonitor2] INFO  util.JvmPauseMonitor (JvmPauseMonitor.java:run(146)) - JvmPauseMonitor-5e18cff1-cfa8-44b4-8834-447d353e7c51: Started
2024-06-06 03:46:36,491 [5e18cff1-cfa8-44b4-8834-447d353e7c51-EndpointStateMachineTaskThread-/0.0.0.0:15002-0 ] INFO  ratis.XceiverServerRatis (XceiverServerRatis.java:getRealPort(592)) - XceiverServerRatis 5e18cff1-cfa8-44b4-8834-447d353e7c51 is started using port 15012 for RATIS
2024-06-06 03:46:36,491 [5e18cff1-cfa8-44b4-8834-447d353e7c51-EndpointStateMachineTaskThread-/0.0.0.0:15002-0 ] INFO  ratis.XceiverServerRatis (XceiverServerRatis.java:getRealPort(592)) - XceiverServerRatis 5e18cff1-cfa8-44b4-8834-447d353e7c51 is started using port 15013 for RATIS_ADMIN
2024-06-06 03:46:36,491 [5e18cff1-cfa8-44b4-8834-447d353e7c51-EndpointStateMachineTaskThread-/0.0.0.0:15002-0 ] INFO  ratis.XceiverServerRatis (XceiverServerRatis.java:getRealPort(592)) - XceiverServerRatis 5e18cff1-cfa8-44b4-8834-447d353e7c51 is started using port 15014 for RATIS_SERVER
2024-06-06 03:46:36,491 [5e18cff1-cfa8-44b4-8834-447d353e7c51-EndpointStateMachineTaskThread-/0.0.0.0:15002-0 ] INFO  ratis.XceiverServerRatis (XceiverServerRatis.java:getRealPort(592)) - XceiverServerRatis 5e18cff1-cfa8-44b4-8834-447d353e7c51 is started using port 15015 for RATIS_DATASTREAM
2024-06-06 03:46:36,497 [5e18cff1-cfa8-44b4-8834-447d353e7c51-BlockDeletingService#0] INFO  interfaces.ContainerDeletionChoosingPolicyTemplate (ContainerDeletionChoosingPolicyTemplate.java:chooseContainerForBlockDeletion(85)) - Chosen 0/5000 blocks from 0 candidate containers.
2024-06-06 03:46:36,591 [8ce15023-a244-46a6-a4b0-50e62c01a133-EndpointStateMachineTaskThread-/0.0.0.0:15002-0 ] INFO  utils.DatanodeStoreCache (DatanodeStoreCache.java:addDB(72)) - Added db /home/runner/work/ozone/ozone/hadoop-ozone/integration-test/target/test-dir/MiniOzoneClusterImpl-9b8c67d1-9dc3-4dee-b61a-2e100565025d/ozone-meta/datanode-2/data-0/hdds/9b8c67d1-9dc3-4dee-b61a-2e100565025d/DS-dab1339f-7a3a-4fb4-a1ce-591b4e445987/container.db to cache
2024-06-06 03:46:36,591 [8ce15023-a244-46a6-a4b0-50e62c01a133-EndpointStateMachineTaskThread-/0.0.0.0:15002-0 ] INFO  volume.HddsVolume (HddsVolume.java:createDbStore(437)) - SchemaV3 db is created and loaded at /home/runner/work/ozone/ozone/hadoop-ozone/integration-test/target/test-dir/MiniOzoneClusterImpl-9b8c67d1-9dc3-4dee-b61a-2e100565025d/ozone-meta/datanode-2/data-0/hdds/9b8c67d1-9dc3-4dee-b61a-2e100565025d/DS-dab1339f-7a3a-4fb4-a1ce-591b4e445987/container.db for volume DS-dab1339f-7a3a-4fb4-a1ce-591b4e445987
2024-06-06 03:46:36,594 [8ce15023-a244-46a6-a4b0-50e62c01a133-ContainerReader-0] INFO  ozoneimpl.ContainerReader (ContainerReader.java:readVolume(148)) - Start to verify containers on volume /home/runner/work/ozone/ozone/hadoop-ozone/integration-test/target/test-dir/MiniOzoneClusterImpl-9b8c67d1-9dc3-4dee-b61a-2e100565025d/ozone-meta/datanode-2/data-0/hdds
2024-06-06 03:46:36,594 [8ce15023-a244-46a6-a4b0-50e62c01a133-ContainerReader-0] INFO  ozoneimpl.ContainerReader (ContainerReader.java:readVolume(178)) - Finish verifying containers on volume /home/runner/work/ozone/ozone/hadoop-ozone/integration-test/target/test-dir/MiniOzoneClusterImpl-9b8c67d1-9dc3-4dee-b61a-2e100565025d/ozone-meta/datanode-2/data-0/hdds
2024-06-06 03:46:36,594 [8ce15023-a244-46a6-a4b0-50e62c01a133-EndpointStateMachineTaskThread-/0.0.0.0:15002-0 ] INFO  ozoneimpl.OzoneContainer (OzoneContainer.java:buildContainerSet(328)) - Build ContainerSet costs 0s
2024-06-06 03:46:36,594 [8ce15023-a244-46a6-a4b0-50e62c01a133-EndpointStateMachineTaskThread-/0.0.0.0:15002-0 ] INFO  volume.ThrottledAsyncChecker (ThrottledAsyncChecker.java:schedule(141)) - Scheduling a check for /home/runner/work/ozone/ozone/hadoop-ozone/integration-test/target/test-dir/MiniOzoneClusterImpl-9b8c67d1-9dc3-4dee-b61a-2e100565025d/ozone-meta/datanode-2/data-0/hdds
2024-06-06 03:46:36,596 [8ce15023-a244-46a6-a4b0-50e62c01a133-EndpointStateMachineTaskThread-/0.0.0.0:15002-0 ] INFO  volume.StorageVolumeChecker (StorageVolumeChecker.java:checkAllVolumes(218)) - Scheduled health check for volume /home/runner/work/ozone/ozone/hadoop-ozone/integration-test/target/test-dir/MiniOzoneClusterImpl-9b8c67d1-9dc3-4dee-b61a-2e100565025d/ozone-meta/datanode-2/data-0/hdds
2024-06-06 03:46:36,596 [8ce15023-a244-46a6-a4b0-50e62c01a133-EndpointStateMachineTaskThread-/0.0.0.0:15002-0 ] INFO  volume.ThrottledAsyncChecker (ThrottledAsyncChecker.java:schedule(141)) - Scheduling a check for /home/runner/work/ozone/ozone/hadoop-ozone/integration-test/target/test-dir/MiniOzoneClusterImpl-9b8c67d1-9dc3-4dee-b61a-2e100565025d/ozone-meta/datanode-2/ratis
2024-06-06 03:46:36,597 [8ce15023-a244-46a6-a4b0-50e62c01a133-EndpointStateMachineTaskThread-/0.0.0.0:15002-0 ] INFO  volume.StorageVolumeChecker (StorageVolumeChecker.java:checkAllVolumes(218)) - Scheduled health check for volume /home/runner/work/ozone/ozone/hadoop-ozone/integration-test/target/test-dir/MiniOzoneClusterImpl-9b8c67d1-9dc3-4dee-b61a-2e100565025d/ozone-meta/datanode-2/ratis
2024-06-06 03:46:36,598 [8ce15023-a244-46a6-a4b0-50e62c01a133-EndpointStateMachineTaskThread-/0.0.0.0:15002-0 ] INFO  ozoneimpl.OzoneContainer (OzoneContainer.java:start(459)) - Attempting to start container services.
2024-06-06 03:46:36,598 [8ce15023-a244-46a6-a4b0-50e62c01a133-EndpointStateMachineTaskThread-/0.0.0.0:15002-0 ] WARN  ozoneimpl.OnDemandContainerDataScanner (OnDemandContainerDataScanner.java:init(75)) - Trying to initialize on demand scanner a second time on a datanode.
2024-06-06 03:46:36,600 [ContainerMetadataScanner] INFO  ozoneimpl.AbstractBackgroundContainerScanner (AbstractBackgroundContainerScanner.java:runIteration(87)) - Completed an iteration in 0 minutes. Number of iterations (since the data-node restart) : 1, Number of containers scanned in this iteration : 0, Number of unhealthy containers found in this iteration : 0
2024-06-06 03:46:36,603 [ContainerDataScanner(/home/runner/work/ozone/ozone/hadoop-ozone/integration-test/target/test-dir/MiniOzoneClusterImpl-9b8c67d1-9dc3-4dee-b61a-2e100565025d/ozone-meta/datanode-2/data-0/hdds)] INFO  ozoneimpl.AbstractBackgroundContainerScanner (AbstractBackgroundContainerScanner.java:runIteration(87)) - Completed an iteration in 0 minutes. Number of iterations (since the data-node restart) : 1, Number of containers scanned in this iteration : 0, Number of unhealthy containers found in this iteration : 0
2024-06-06 03:46:36,603 [8ce15023-a244-46a6-a4b0-50e62c01a133-EndpointStateMachineTaskThread-/0.0.0.0:15002-0 ] INFO  replication.ReplicationServer (ReplicationServer.java:start(142)) - ReplicationServer is started using port 15025
2024-06-06 03:46:36,604 [8ce15023-a244-46a6-a4b0-50e62c01a133-EndpointStateMachineTaskThread-/0.0.0.0:15002-0 ] INFO  ratis.XceiverServerRatis (XceiverServerRatis.java:start(566)) - Starting XceiverServerRatis 8ce15023-a244-46a6-a4b0-50e62c01a133
2024-06-06 03:46:36,604 [8ce15023-a244-46a6-a4b0-50e62c01a133-EndpointStateMachineTaskThread-/0.0.0.0:15002-0 ] INFO  server.RaftServer (RaftServerProxy.java:startImpl(406)) - 8ce15023-a244-46a6-a4b0-50e62c01a133: start RPC server
2024-06-06 03:46:36,605 [8ce15023-a244-46a6-a4b0-50e62c01a133-EndpointStateMachineTaskThread-/0.0.0.0:15002-0 ] INFO  server.GrpcService (GrpcService.java:startImpl(302)) - 8ce15023-a244-46a6-a4b0-50e62c01a133: GrpcService started, listening on 15021
2024-06-06 03:46:36,605 [8ce15023-a244-46a6-a4b0-50e62c01a133-EndpointStateMachineTaskThread-/0.0.0.0:15002-0 ] INFO  server.GrpcService (GrpcService.java:startImpl(302)) - 8ce15023-a244-46a6-a4b0-50e62c01a133: GrpcService started, listening on 15023
2024-06-06 03:46:36,606 [8ce15023-a244-46a6-a4b0-50e62c01a133-EndpointStateMachineTaskThread-/0.0.0.0:15002-0 ] INFO  server.GrpcService (GrpcService.java:startImpl(302)) - 8ce15023-a244-46a6-a4b0-50e62c01a133: GrpcService started, listening on 15022
2024-06-06 03:46:36,608 [8ce15023-a244-46a6-a4b0-50e62c01a133-EndpointStateMachineTaskThread-/0.0.0.0:15002-0 ] INFO  ratis.XceiverServerRatis (XceiverServerRatis.java:getRealPort(592)) - XceiverServerRatis 8ce15023-a244-46a6-a4b0-50e62c01a133 is started using port 15021 for RATIS
2024-06-06 03:46:36,608 [8ce15023-a244-46a6-a4b0-50e62c01a133-EndpointStateMachineTaskThread-/0.0.0.0:15002-0 ] INFO  ratis.XceiverServerRatis (XceiverServerRatis.java:getRealPort(592)) - XceiverServerRatis 8ce15023-a244-46a6-a4b0-50e62c01a133 is started using port 15022 for RATIS_ADMIN
2024-06-06 03:46:36,608 [8ce15023-a244-46a6-a4b0-50e62c01a133-EndpointStateMachineTaskThread-/0.0.0.0:15002-0 ] INFO  ratis.XceiverServerRatis (XceiverServerRatis.java:getRealPort(592)) - XceiverServerRatis 8ce15023-a244-46a6-a4b0-50e62c01a133 is started using port 15023 for RATIS_SERVER
2024-06-06 03:46:36,608 [8ce15023-a244-46a6-a4b0-50e62c01a133-EndpointStateMachineTaskThread-/0.0.0.0:15002-0 ] INFO  ratis.XceiverServerRatis (XceiverServerRatis.java:getRealPort(592)) - XceiverServerRatis 8ce15023-a244-46a6-a4b0-50e62c01a133 is started using port 15024 for RATIS_DATASTREAM
2024-06-06 03:46:36,608 [JvmPauseMonitor3] INFO  util.JvmPauseMonitor (JvmPauseMonitor.java:run(146)) - JvmPauseMonitor-8ce15023-a244-46a6-a4b0-50e62c01a133: Started
2024-06-06 03:46:36,613 [8ce15023-a244-46a6-a4b0-50e62c01a133-BlockDeletingService#0] INFO  interfaces.ContainerDeletionChoosingPolicyTemplate (ContainerDeletionChoosingPolicyTemplate.java:chooseContainerForBlockDeletion(85)) - Chosen 0/5000 blocks from 0 candidate containers.
2024-06-06 03:46:36,674 [main] INFO  ozone.MiniOzoneClusterImpl (MiniOzoneClusterImpl.java:lambda$waitForClusterToBeReady$0(194)) - Waiting for nodes to be ready. Got 0 of 3 DN Heartbeats.
2024-06-06 03:46:36,674 [main] INFO  ozone.MiniOzoneClusterImpl (MiniOzoneClusterImpl.java:lambda$waitForClusterToBeReady$0(197)) - Waiting for cluster to exit safe mode
2024-06-06 03:46:36,674 [main] INFO  ozone.MiniOzoneClusterImpl (MiniOzoneClusterImpl.java:lambda$waitForClusterToBeReady$0(199)) - SCM became leader
2024-06-06 03:46:36,705 [f4c2b6b8-993f-476e-b2b0-0769277f8579-EndpointStateMachineTaskThread-/0.0.0.0:15002-0 ] INFO  utils.DatanodeStoreCache (DatanodeStoreCache.java:addDB(72)) - Added db /home/runner/work/ozone/ozone/hadoop-ozone/integration-test/target/test-dir/MiniOzoneClusterImpl-9b8c67d1-9dc3-4dee-b61a-2e100565025d/ozone-meta/datanode-3/data-0/hdds/9b8c67d1-9dc3-4dee-b61a-2e100565025d/DS-4ad9f995-3a44-4a42-a239-510df6147ba4/container.db to cache
2024-06-06 03:46:36,705 [f4c2b6b8-993f-476e-b2b0-0769277f8579-EndpointStateMachineTaskThread-/0.0.0.0:15002-0 ] INFO  volume.HddsVolume (HddsVolume.java:createDbStore(437)) - SchemaV3 db is created and loaded at /home/runner/work/ozone/ozone/hadoop-ozone/integration-test/target/test-dir/MiniOzoneClusterImpl-9b8c67d1-9dc3-4dee-b61a-2e100565025d/ozone-meta/datanode-3/data-0/hdds/9b8c67d1-9dc3-4dee-b61a-2e100565025d/DS-4ad9f995-3a44-4a42-a239-510df6147ba4/container.db for volume DS-4ad9f995-3a44-4a42-a239-510df6147ba4
2024-06-06 03:46:36,710 [f4c2b6b8-993f-476e-b2b0-0769277f8579-ContainerReader-0] INFO  ozoneimpl.ContainerReader (ContainerReader.java:readVolume(148)) - Start to verify containers on volume /home/runner/work/ozone/ozone/hadoop-ozone/integration-test/target/test-dir/MiniOzoneClusterImpl-9b8c67d1-9dc3-4dee-b61a-2e100565025d/ozone-meta/datanode-3/data-0/hdds
2024-06-06 03:46:36,710 [f4c2b6b8-993f-476e-b2b0-0769277f8579-ContainerReader-0] INFO  ozoneimpl.ContainerReader (ContainerReader.java:readVolume(178)) - Finish verifying containers on volume /home/runner/work/ozone/ozone/hadoop-ozone/integration-test/target/test-dir/MiniOzoneClusterImpl-9b8c67d1-9dc3-4dee-b61a-2e100565025d/ozone-meta/datanode-3/data-0/hdds
2024-06-06 03:46:36,711 [f4c2b6b8-993f-476e-b2b0-0769277f8579-EndpointStateMachineTaskThread-/0.0.0.0:15002-0 ] INFO  ozoneimpl.OzoneContainer (OzoneContainer.java:buildContainerSet(328)) - Build ContainerSet costs 0s
2024-06-06 03:46:36,711 [f4c2b6b8-993f-476e-b2b0-0769277f8579-EndpointStateMachineTaskThread-/0.0.0.0:15002-0 ] INFO  volume.ThrottledAsyncChecker (ThrottledAsyncChecker.java:schedule(141)) - Scheduling a check for /home/runner/work/ozone/ozone/hadoop-ozone/integration-test/target/test-dir/MiniOzoneClusterImpl-9b8c67d1-9dc3-4dee-b61a-2e100565025d/ozone-meta/datanode-3/data-0/hdds
2024-06-06 03:46:36,712 [f4c2b6b8-993f-476e-b2b0-0769277f8579-EndpointStateMachineTaskThread-/0.0.0.0:15002-0 ] INFO  volume.StorageVolumeChecker (StorageVolumeChecker.java:checkAllVolumes(218)) - Scheduled health check for volume /home/runner/work/ozone/ozone/hadoop-ozone/integration-test/target/test-dir/MiniOzoneClusterImpl-9b8c67d1-9dc3-4dee-b61a-2e100565025d/ozone-meta/datanode-3/data-0/hdds
2024-06-06 03:46:36,713 [f4c2b6b8-993f-476e-b2b0-0769277f8579-EndpointStateMachineTaskThread-/0.0.0.0:15002-0 ] INFO  volume.ThrottledAsyncChecker (ThrottledAsyncChecker.java:schedule(141)) - Scheduling a check for /home/runner/work/ozone/ozone/hadoop-ozone/integration-test/target/test-dir/MiniOzoneClusterImpl-9b8c67d1-9dc3-4dee-b61a-2e100565025d/ozone-meta/datanode-3/ratis
2024-06-06 03:46:36,713 [f4c2b6b8-993f-476e-b2b0-0769277f8579-EndpointStateMachineTaskThread-/0.0.0.0:15002-0 ] INFO  volume.StorageVolumeChecker (StorageVolumeChecker.java:checkAllVolumes(218)) - Scheduled health check for volume /home/runner/work/ozone/ozone/hadoop-ozone/integration-test/target/test-dir/MiniOzoneClusterImpl-9b8c67d1-9dc3-4dee-b61a-2e100565025d/ozone-meta/datanode-3/ratis
2024-06-06 03:46:36,714 [f4c2b6b8-993f-476e-b2b0-0769277f8579-EndpointStateMachineTaskThread-/0.0.0.0:15002-0 ] INFO  ozoneimpl.OzoneContainer (OzoneContainer.java:start(459)) - Attempting to start container services.
2024-06-06 03:46:36,714 [f4c2b6b8-993f-476e-b2b0-0769277f8579-EndpointStateMachineTaskThread-/0.0.0.0:15002-0 ] WARN  ozoneimpl.OnDemandContainerDataScanner (OnDemandContainerDataScanner.java:init(75)) - Trying to initialize on demand scanner a second time on a datanode.
2024-06-06 03:46:36,715 [ContainerMetadataScanner] INFO  ozoneimpl.AbstractBackgroundContainerScanner (AbstractBackgroundContainerScanner.java:runIteration(87)) - Completed an iteration in 0 minutes. Number of iterations (since the data-node restart) : 1, Number of containers scanned in this iteration : 0, Number of unhealthy containers found in this iteration : 0
2024-06-06 03:46:36,720 [f4c2b6b8-993f-476e-b2b0-0769277f8579-EndpointStateMachineTaskThread-/0.0.0.0:15002-0 ] INFO  replication.ReplicationServer (ReplicationServer.java:start(142)) - ReplicationServer is started using port 15034
2024-06-06 03:46:36,721 [f4c2b6b8-993f-476e-b2b0-0769277f8579-EndpointStateMachineTaskThread-/0.0.0.0:15002-0 ] INFO  ratis.XceiverServerRatis (XceiverServerRatis.java:start(566)) - Starting XceiverServerRatis f4c2b6b8-993f-476e-b2b0-0769277f8579
2024-06-06 03:46:36,721 [ContainerDataScanner(/home/runner/work/ozone/ozone/hadoop-ozone/integration-test/target/test-dir/MiniOzoneClusterImpl-9b8c67d1-9dc3-4dee-b61a-2e100565025d/ozone-meta/datanode-3/data-0/hdds)] INFO  ozoneimpl.AbstractBackgroundContainerScanner (AbstractBackgroundContainerScanner.java:runIteration(87)) - Completed an iteration in 0 minutes. Number of iterations (since the data-node restart) : 1, Number of containers scanned in this iteration : 0, Number of unhealthy containers found in this iteration : 0
2024-06-06 03:46:36,726 [f4c2b6b8-993f-476e-b2b0-0769277f8579-EndpointStateMachineTaskThread-/0.0.0.0:15002-0 ] INFO  server.RaftServer (RaftServerProxy.java:startImpl(406)) - f4c2b6b8-993f-476e-b2b0-0769277f8579: start RPC server
2024-06-06 03:46:36,727 [f4c2b6b8-993f-476e-b2b0-0769277f8579-EndpointStateMachineTaskThread-/0.0.0.0:15002-0 ] INFO  server.GrpcService (GrpcService.java:startImpl(302)) - f4c2b6b8-993f-476e-b2b0-0769277f8579: GrpcService started, listening on 15030
2024-06-06 03:46:36,728 [f4c2b6b8-993f-476e-b2b0-0769277f8579-EndpointStateMachineTaskThread-/0.0.0.0:15002-0 ] INFO  server.GrpcService (GrpcService.java:startImpl(302)) - f4c2b6b8-993f-476e-b2b0-0769277f8579: GrpcService started, listening on 15032
2024-06-06 03:46:36,728 [f4c2b6b8-993f-476e-b2b0-0769277f8579-EndpointStateMachineTaskThread-/0.0.0.0:15002-0 ] INFO  server.GrpcService (GrpcService.java:startImpl(302)) - f4c2b6b8-993f-476e-b2b0-0769277f8579: GrpcService started, listening on 15031
2024-06-06 03:46:36,728 [f4c2b6b8-993f-476e-b2b0-0769277f8579-EndpointStateMachineTaskThread-/0.0.0.0:15002-0 ] INFO  ratis.XceiverServerRatis (XceiverServerRatis.java:getRealPort(592)) - XceiverServerRatis f4c2b6b8-993f-476e-b2b0-0769277f8579 is started using port 15030 for RATIS
2024-06-06 03:46:36,728 [f4c2b6b8-993f-476e-b2b0-0769277f8579-EndpointStateMachineTaskThread-/0.0.0.0:15002-0 ] INFO  ratis.XceiverServerRatis (XceiverServerRatis.java:getRealPort(592)) - XceiverServerRatis f4c2b6b8-993f-476e-b2b0-0769277f8579 is started using port 15031 for RATIS_ADMIN
2024-06-06 03:46:36,729 [f4c2b6b8-993f-476e-b2b0-0769277f8579-EndpointStateMachineTaskThread-/0.0.0.0:15002-0 ] INFO  ratis.XceiverServerRatis (XceiverServerRatis.java:getRealPort(592)) - XceiverServerRatis f4c2b6b8-993f-476e-b2b0-0769277f8579 is started using port 15032 for RATIS_SERVER
2024-06-06 03:46:36,729 [f4c2b6b8-993f-476e-b2b0-0769277f8579-EndpointStateMachineTaskThread-/0.0.0.0:15002-0 ] INFO  ratis.XceiverServerRatis (XceiverServerRatis.java:getRealPort(592)) - XceiverServerRatis f4c2b6b8-993f-476e-b2b0-0769277f8579 is started using port 15033 for RATIS_DATASTREAM
2024-06-06 03:46:36,729 [JvmPauseMonitor4] INFO  util.JvmPauseMonitor (JvmPauseMonitor.java:run(146)) - JvmPauseMonitor-f4c2b6b8-993f-476e-b2b0-0769277f8579: Started
2024-06-06 03:46:36,732 [f4c2b6b8-993f-476e-b2b0-0769277f8579-BlockDeletingService#0] INFO  interfaces.ContainerDeletionChoosingPolicyTemplate (ContainerDeletionChoosingPolicyTemplate.java:chooseContainerForBlockDeletion(85)) - Chosen 0/5000 blocks from 0 candidate containers.
2024-06-06 03:46:37,675 [main] INFO  ozone.MiniOzoneClusterImpl (MiniOzoneClusterImpl.java:lambda$waitForClusterToBeReady$0(194)) - Waiting for nodes to be ready. Got 0 of 3 DN Heartbeats.
2024-06-06 03:46:37,675 [main] INFO  ozone.MiniOzoneClusterImpl (MiniOzoneClusterImpl.java:lambda$waitForClusterToBeReady$0(197)) - Waiting for cluster to exit safe mode
2024-06-06 03:46:37,675 [main] INFO  ozone.MiniOzoneClusterImpl (MiniOzoneClusterImpl.java:lambda$waitForClusterToBeReady$0(199)) - SCM became leader
2024-06-06 03:46:38,406 [IPC Server handler 0 on default port 15002] INFO  net.NetworkTopologyImpl (NetworkTopologyImpl.java:add(134)) - Added a new node: /default-rack/5e18cff1-cfa8-44b4-8834-447d353e7c51
2024-06-06 03:46:38,408 [IPC Server handler 0 on default port 15002] INFO  node.SCMNodeManager (SCMNodeManager.java:register(421)) - Registered datanode: 5e18cff1-cfa8-44b4-8834-447d353e7c51{ip: 127.0.0.1, host: localhost, ports: [HTTP=15009, CLIENT_RPC=15010, REPLICATION=15016, RATIS=15012, RATIS_ADMIN=15013, RATIS_SERVER=15014, RATIS_DATASTREAM=15015, STANDALONE=15011], networkLocation: /default-rack, certSerialId: null, persistedOpState: null, persistedOpStateExpiryEpochSec: 0}
2024-06-06 03:46:38,410 [EventQueue-NewNodeForNewNodeHandler] INFO  pipeline.BackgroundPipelineCreator (BackgroundPipelineCreator.java:notifyEventTriggered(280)) - trigger a one-shot run on RatisPipelineUtilsThread.
2024-06-06 03:46:38,411 [EventQueue-NodeRegistrationContainerReportForDataNodeSafeModeRule] INFO  safemode.SCMSafeModeManager (DataNodeSafeModeRule.java:process(71)) - SCM in safe mode. 1 DataNodes registered, 3 required.
2024-06-06 03:46:38,411 [EventQueue-NodeRegistrationContainerReportForContainerSafeModeRule] INFO  safemode.SCMSafeModeManager (SCMSafeModeManager.java:validateSafeModeExitRules(203)) - ContainerSafeModeRule rule is successfully validated
2024-06-06 03:46:38,416 [RatisPipelineUtilsThread-0] INFO  pipeline.RatisPipelineProvider (RatisPipelineProvider.java:lambda$create$0(205)) - Sending CreatePipelineCommand for pipeline:PipelineID=a9a955d3-3c53-48bd-836a-93a74e11c6a2 to datanode:5e18cff1-cfa8-44b4-8834-447d353e7c51
2024-06-06 03:46:38,422 [EventQueue-PipelineReportForOneReplicaPipelineSafeModeRule] INFO  safemode.SCMSafeModeManager (SCMSafeModeManager.java:validateSafeModeExitRules(203)) - AtleastOneDatanodeReportedRule rule is successfully validated
2024-06-06 03:46:38,434 [RatisPipelineUtilsThread-0] INFO  pipeline.BackgroundPipelineCreator (BackgroundPipelineCreator.java:createPipelines(236)) - Created new pipeline Pipeline[ Id: a9a955d3-3c53-48bd-836a-93a74e11c6a2, Nodes: 5e18cff1-cfa8-44b4-8834-447d353e7c51(localhost/127.0.0.1), ReplicationConfig: RATIS/ONE, State:ALLOCATED, leaderId:, CreationTimestamp2024-06-06T03:46:38.416021794Z[Etc/UTC]]
2024-06-06 03:46:38,561 [IPC Server handler 2 on default port 15002] INFO  net.NetworkTopologyImpl (NetworkTopologyImpl.java:add(134)) - Added a new node: /default-rack/8ce15023-a244-46a6-a4b0-50e62c01a133
2024-06-06 03:46:38,561 [IPC Server handler 2 on default port 15002] INFO  node.SCMNodeManager (SCMNodeManager.java:register(421)) - Registered datanode: 8ce15023-a244-46a6-a4b0-50e62c01a133{ip: 127.0.0.1, host: localhost, ports: [HTTP=15018, CLIENT_RPC=15019, REPLICATION=15025, RATIS=15021, RATIS_ADMIN=15022, RATIS_SERVER=15023, RATIS_DATASTREAM=15024, STANDALONE=15020], networkLocation: /default-rack, certSerialId: null, persistedOpState: null, persistedOpStateExpiryEpochSec: 0}
2024-06-06 03:46:38,562 [EventQueue-NodeRegistrationContainerReportForDataNodeSafeModeRule] INFO  safemode.SCMSafeModeManager (DataNodeSafeModeRule.java:process(71)) - SCM in safe mode. 2 DataNodes registered, 3 required.
2024-06-06 03:46:38,562 [EventQueue-NewNodeForNewNodeHandler] INFO  pipeline.BackgroundPipelineCreator (BackgroundPipelineCreator.java:notifyEventTriggered(280)) - trigger a one-shot run on RatisPipelineUtilsThread.
2024-06-06 03:46:38,563 [RatisPipelineUtilsThread-0] INFO  pipeline.RatisPipelineProvider (RatisPipelineProvider.java:lambda$create$0(205)) - Sending CreatePipelineCommand for pipeline:PipelineID=3602a8fd-e698-4766-a485-516c1991b6df to datanode:8ce15023-a244-46a6-a4b0-50e62c01a133
2024-06-06 03:46:38,565 [RatisPipelineUtilsThread-0] INFO  pipeline.BackgroundPipelineCreator (BackgroundPipelineCreator.java:createPipelines(236)) - Created new pipeline Pipeline[ Id: 3602a8fd-e698-4766-a485-516c1991b6df, Nodes: 8ce15023-a244-46a6-a4b0-50e62c01a133(localhost/127.0.0.1), ReplicationConfig: RATIS/ONE, State:ALLOCATED, leaderId:, CreationTimestamp2024-06-06T03:46:38.563672112Z[Etc/UTC]]
2024-06-06 03:46:38,675 [main] INFO  ozone.MiniOzoneClusterImpl (MiniOzoneClusterImpl.java:lambda$waitForClusterToBeReady$0(194)) - Waiting for nodes to be ready. Got 2 of 3 DN Heartbeats.
2024-06-06 03:46:38,675 [main] INFO  ozone.MiniOzoneClusterImpl (MiniOzoneClusterImpl.java:lambda$waitForClusterToBeReady$0(197)) - Waiting for cluster to exit safe mode
2024-06-06 03:46:38,675 [main] INFO  ozone.MiniOzoneClusterImpl (MiniOzoneClusterImpl.java:lambda$waitForClusterToBeReady$0(199)) - SCM became leader
2024-06-06 03:46:38,679 [IPC Server handler 1 on default port 15002] INFO  net.NetworkTopologyImpl (NetworkTopologyImpl.java:add(134)) - Added a new node: /default-rack/f4c2b6b8-993f-476e-b2b0-0769277f8579
2024-06-06 03:46:38,679 [IPC Server handler 1 on default port 15002] INFO  node.SCMNodeManager (SCMNodeManager.java:register(421)) - Registered datanode: f4c2b6b8-993f-476e-b2b0-0769277f8579{ip: 127.0.0.1, host: localhost, ports: [HTTP=15027, CLIENT_RPC=15028, REPLICATION=15034, RATIS=15030, RATIS_ADMIN=15031, RATIS_SERVER=15032, RATIS_DATASTREAM=15033, STANDALONE=15029], networkLocation: /default-rack, certSerialId: null, persistedOpState: null, persistedOpStateExpiryEpochSec: 0}
2024-06-06 03:46:38,679 [EventQueue-NewNodeForNewNodeHandler] INFO  pipeline.BackgroundPipelineCreator (BackgroundPipelineCreator.java:notifyEventTriggered(280)) - trigger a one-shot run on RatisPipelineUtilsThread.
2024-06-06 03:46:38,680 [EventQueue-NodeRegistrationContainerReportForDataNodeSafeModeRule] INFO  safemode.SCMSafeModeManager (DataNodeSafeModeRule.java:process(71)) - SCM in safe mode. 3 DataNodes registered, 3 required.
2024-06-06 03:46:38,680 [EventQueue-NodeRegistrationContainerReportForDataNodeSafeModeRule] INFO  safemode.SCMSafeModeManager (SCMSafeModeManager.java:validateSafeModeExitRules(203)) - DataNodeSafeModeRule rule is successfully validated
2024-06-06 03:46:38,680 [EventQueue-NodeRegistrationContainerReportForDataNodeSafeModeRule] INFO  safemode.SCMSafeModeManager (SCMSafeModeManager.java:completePreCheck(232)) - All SCM safe mode pre check rules have passed
2024-06-06 03:46:38,680 [EventQueue-NodeRegistrationContainerReportForDataNodeSafeModeRule] INFO  ha.SCMContext (SCMContext.java:updateSafeModeStatus(225)) - Update SafeModeStatus from SafeModeStatus{safeModeStatus=true, preCheckPassed=false} to SafeModeStatus{safeModeStatus=true, preCheckPassed=true}.
2024-06-06 03:46:38,680 [EventQueue-NodeRegistrationContainerReportForDataNodeSafeModeRule] INFO  pipeline.BackgroundPipelineCreator (BackgroundPipelineCreator.java:notifyEventTriggered(280)) - trigger a one-shot run on RatisPipelineUtilsThread.
2024-06-06 03:46:38,681 [RatisPipelineUtilsThread-0] INFO  pipeline.RatisPipelineProvider (RatisPipelineProvider.java:lambda$create$0(205)) - Sending CreatePipelineCommand for pipeline:PipelineID=99868fa8-4b5f-49a3-a5bb-6d3c1ff08333 to datanode:f4c2b6b8-993f-476e-b2b0-0769277f8579
2024-06-06 03:46:38,683 [RatisPipelineUtilsThread-0] INFO  pipeline.BackgroundPipelineCreator (BackgroundPipelineCreator.java:createPipelines(236)) - Created new pipeline Pipeline[ Id: 99868fa8-4b5f-49a3-a5bb-6d3c1ff08333, Nodes: f4c2b6b8-993f-476e-b2b0-0769277f8579(localhost/127.0.0.1), ReplicationConfig: RATIS/ONE, State:ALLOCATED, leaderId:, CreationTimestamp2024-06-06T03:46:38.681828539Z[Etc/UTC]]
2024-06-06 03:46:38,687 [RatisPipelineUtilsThread-0] INFO  pipeline.RatisPipelineProvider (RatisPipelineProvider.java:lambda$create$0(205)) - Sending CreatePipelineCommand for pipeline:PipelineID=391b85ed-4590-4ce6-af93-705f87e8897f to datanode:5e18cff1-cfa8-44b4-8834-447d353e7c51
2024-06-06 03:46:38,687 [RatisPipelineUtilsThread-0] INFO  pipeline.RatisPipelineProvider (RatisPipelineProvider.java:lambda$create$0(205)) - Sending CreatePipelineCommand for pipeline:PipelineID=391b85ed-4590-4ce6-af93-705f87e8897f to datanode:8ce15023-a244-46a6-a4b0-50e62c01a133
2024-06-06 03:46:38,687 [RatisPipelineUtilsThread-0] INFO  pipeline.RatisPipelineProvider (RatisPipelineProvider.java:lambda$create$0(205)) - Sending CreatePipelineCommand for pipeline:PipelineID=391b85ed-4590-4ce6-af93-705f87e8897f to datanode:f4c2b6b8-993f-476e-b2b0-0769277f8579
2024-06-06 03:46:38,689 [RatisPipelineUtilsThread-0] INFO  pipeline.BackgroundPipelineCreator (BackgroundPipelineCreator.java:createPipelines(236)) - Created new pipeline Pipeline[ Id: 391b85ed-4590-4ce6-af93-705f87e8897f, Nodes: 5e18cff1-cfa8-44b4-8834-447d353e7c51(localhost/127.0.0.1)8ce15023-a244-46a6-a4b0-50e62c01a133(localhost/127.0.0.1)f4c2b6b8-993f-476e-b2b0-0769277f8579(localhost/127.0.0.1), ReplicationConfig: RATIS/THREE, State:ALLOCATED, leaderId:, CreationTimestamp2024-06-06T03:46:38.687285095Z[Etc/UTC]]
2024-06-06 03:46:38,690 [RatisPipelineUtilsThread-0] INFO  pipeline.RatisPipelineProvider (RatisPipelineProvider.java:lambda$create$0(205)) - Sending CreatePipelineCommand for pipeline:PipelineID=c8cee687-6e6e-4e4b-89f1-4bff7fa42fee to datanode:f4c2b6b8-993f-476e-b2b0-0769277f8579
2024-06-06 03:46:38,690 [RatisPipelineUtilsThread-0] INFO  pipeline.RatisPipelineProvider (RatisPipelineProvider.java:lambda$create$0(205)) - Sending CreatePipelineCommand for pipeline:PipelineID=c8cee687-6e6e-4e4b-89f1-4bff7fa42fee to datanode:5e18cff1-cfa8-44b4-8834-447d353e7c51
2024-06-06 03:46:38,690 [RatisPipelineUtilsThread-0] INFO  pipeline.RatisPipelineProvider (RatisPipelineProvider.java:lambda$create$0(205)) - Sending CreatePipelineCommand for pipeline:PipelineID=c8cee687-6e6e-4e4b-89f1-4bff7fa42fee to datanode:8ce15023-a244-46a6-a4b0-50e62c01a133
2024-06-06 03:46:38,692 [RatisPipelineUtilsThread-0] INFO  pipeline.PipelineManagerImpl (PipelineManagerImpl.java:recordMetricsForPipeline(916)) - Pipeline: PipelineID=c8cee687-6e6e-4e4b-89f1-4bff7fa42fee contains same datanodes as previous pipelines: PipelineID=391b85ed-4590-4ce6-af93-705f87e8897f nodeIds: f4c2b6b8-993f-476e-b2b0-0769277f8579, 5e18cff1-cfa8-44b4-8834-447d353e7c51, 8ce15023-a244-46a6-a4b0-50e62c01a133
2024-06-06 03:46:38,692 [RatisPipelineUtilsThread-0] INFO  pipeline.BackgroundPipelineCreator (BackgroundPipelineCreator.java:createPipelines(236)) - Created new pipeline Pipeline[ Id: c8cee687-6e6e-4e4b-89f1-4bff7fa42fee, Nodes: f4c2b6b8-993f-476e-b2b0-0769277f8579(localhost/127.0.0.1)5e18cff1-cfa8-44b4-8834-447d353e7c51(localhost/127.0.0.1)8ce15023-a244-46a6-a4b0-50e62c01a133(localhost/127.0.0.1), ReplicationConfig: RATIS/THREE, State:ALLOCATED, leaderId:, CreationTimestamp2024-06-06T03:46:38.690372901Z[Etc/UTC]]
2024-06-06 03:46:39,676 [main] INFO  ozone.MiniOzoneClusterImpl (MiniOzoneClusterImpl.java:lambda$waitForClusterToBeReady$0(194)) - Nodes are ready. Got 3 of 3 DN Heartbeats.
2024-06-06 03:46:39,676 [main] INFO  ozone.MiniOzoneClusterImpl (MiniOzoneClusterImpl.java:lambda$waitForClusterToBeReady$0(197)) - Waiting for cluster to exit safe mode
2024-06-06 03:46:39,676 [main] INFO  ozone.MiniOzoneClusterImpl (MiniOzoneClusterImpl.java:lambda$waitForClusterToBeReady$0(199)) - SCM became leader
2024-06-06 03:46:40,676 [main] INFO  ozone.MiniOzoneClusterImpl (MiniOzoneClusterImpl.java:lambda$waitForClusterToBeReady$0(194)) - Nodes are ready. Got 3 of 3 DN Heartbeats.
2024-06-06 03:46:40,677 [main] INFO  ozone.MiniOzoneClusterImpl (MiniOzoneClusterImpl.java:lambda$waitForClusterToBeReady$0(197)) - Waiting for cluster to exit safe mode
2024-06-06 03:46:40,677 [main] INFO  ozone.MiniOzoneClusterImpl (MiniOzoneClusterImpl.java:lambda$waitForClusterToBeReady$0(199)) - SCM became leader
2024-06-06 03:46:41,413 [5e18cff1-cfa8-44b4-8834-447d353e7c51-PipelineCommandHandlerThread-0] INFO  server.RaftServer (RaftServerProxy.java:addNew(100)) - 5e18cff1-cfa8-44b4-8834-447d353e7c51: addNew group-93A74E11C6A2:[5e18cff1-cfa8-44b4-8834-447d353e7c51|127.0.0.1:15014] returns group-93A74E11C6A2:java.util.concurrent.CompletableFuture@11ad9832[Not completed]
2024-06-06 03:46:41,415 [5e18cff1-cfa8-44b4-8834-447d353e7c51-groupManagement] INFO  lib.Interns (Interns.java:removeEldestEntry(50)) - Metrics intern cache overflow at 2011 for MetricsSystem={MetricsSystem=MetricsInfoImpl{name=MetricsSystem, description=MetricsSystem}, MetricsSystem record=MetricsInfoImpl{name=MetricsSystem, description=MetricsSystem record}}
2024-06-06 03:46:41,418 [5e18cff1-cfa8-44b4-8834-447d353e7c51-groupManagement] INFO  server.RaftServer$Division (RaftServerImpl.java:<init>(256)) - 5e18cff1-cfa8-44b4-8834-447d353e7c51: new RaftServerImpl for group-93A74E11C6A2:[5e18cff1-cfa8-44b4-8834-447d353e7c51|127.0.0.1:15014] with ContainerStateMachine:uninitialized
2024-06-06 03:46:41,418 [5e18cff1-cfa8-44b4-8834-447d353e7c51-groupManagement] INFO  server.RaftServerConfigKeys (ConfUtils.java:logGet(46)) - raft.server.rpc.timeout.min = 5s (custom)
2024-06-06 03:46:41,418 [5e18cff1-cfa8-44b4-8834-447d353e7c51-groupManagement] INFO  server.RaftServerConfigKeys (ConfUtils.java:logGet(46)) - raft.server.rpc.timeout.max = 5200ms (custom)
2024-06-06 03:46:41,418 [5e18cff1-cfa8-44b4-8834-447d353e7c51-groupManagement] INFO  server.RaftServerConfigKeys (ConfUtils.java:logGet(46)) - raft.server.rpc.sleep.time = 25ms (default)
2024-06-06 03:46:41,418 [5e18cff1-cfa8-44b4-8834-447d353e7c51-groupManagement] INFO  server.RaftServerConfigKeys (ConfUtils.java:logGet(46)) - raft.server.rpc.slowness.timeout = 300s (custom)
2024-06-06 03:46:41,418 [5e18cff1-cfa8-44b4-8834-447d353e7c51-groupManagement] INFO  server.RaftServerConfigKeys (ConfUtils.java:logGet(46)) - raft.server.leaderelection.leader.step-down.wait-time = 10s (default)
2024-06-06 03:46:41,418 [5e18cff1-cfa8-44b4-8834-447d353e7c51-groupManagement] INFO  server.RaftServerConfigKeys (ConfUtils.java:logGet(46)) - raft.server.leaderelection.member.majority-add = false (default)
2024-06-06 03:46:41,418 [5e18cff1-cfa8-44b4-8834-447d353e7c51-groupManagement] INFO  server.RaftServerConfigKeys (ConfUtils.java:logGet(46)) - raft.server.sleep.deviation.threshold = 300ms (default)
2024-06-06 03:46:41,419 [5e18cff1-cfa8-44b4-8834-447d353e7c51-groupManagement] INFO  server.RaftServer$Division (ServerState.java:<init>(113)) - 5e18cff1-cfa8-44b4-8834-447d353e7c51@group-93A74E11C6A2: ConfigurationManager, init=-1: peers:[5e18cff1-cfa8-44b4-8834-447d353e7c51|127.0.0.1:15014]|listeners:[], old=null, confs=<EMPTY_MAP>
2024-06-06 03:46:41,419 [5e18cff1-cfa8-44b4-8834-447d353e7c51-groupManagement] INFO  server.RaftServerConfigKeys (ConfUtils.java:logGet(46)) - raft.server.notification.no-leader.timeout = 300s (custom)
2024-06-06 03:46:41,419 [5e18cff1-cfa8-44b4-8834-447d353e7c51-groupManagement] INFO  server.RaftServerConfigKeys (ConfUtils.java:logGet(46)) - raft.server.read.timeout = 10s (default)
2024-06-06 03:46:41,419 [5e18cff1-cfa8-44b4-8834-447d353e7c51-groupManagement] INFO  server.RaftServerConfigKeys (ConfUtils.java:logGet(46)) - raft.server.retrycache.expirytime = 600000ms (custom)
2024-06-06 03:46:41,419 [5e18cff1-cfa8-44b4-8834-447d353e7c51-groupManagement] INFO  server.RaftServerConfigKeys (ConfUtils.java:logGet(46)) - raft.server.retrycache.statistics.expirytime = 100ms (default)
2024-06-06 03:46:41,419 [5e18cff1-cfa8-44b4-8834-447d353e7c51-groupManagement] INFO  server.RaftServerConfigKeys (ConfUtils.java:logGet(46)) - raft.server.read.option = DEFAULT (default)
2024-06-06 03:46:41,419 [5e18cff1-cfa8-44b4-8834-447d353e7c51-groupManagement] INFO  server.RaftServerConfigKeys (ConfUtils.java:logGet(46)) - raft.server.read.read-after-write-consistent.write-index-cache.expiry-time = 60s (default)
2024-06-06 03:46:41,426 [5e18cff1-cfa8-44b4-8834-447d353e7c51-groupManagement] INFO  server.RaftServerConfigKeys (ConfUtils.java:logGet(46)) - raft.server.rpc.request.timeout = 60s (custom)
2024-06-06 03:46:41,426 [5e18cff1-cfa8-44b4-8834-447d353e7c51-groupManagement] INFO  server.RaftServerConfigKeys (ConfUtils.java:logGet(46)) - raft.server.log.appender.install.snapshot.enabled = false (custom)
2024-06-06 03:46:41,426 [5e18cff1-cfa8-44b4-8834-447d353e7c51-groupManagement] INFO  server.RaftServerConfigKeys (ConfUtils.java:logGet(46)) - raft.server.threadpool.server.cached = true (default)
2024-06-06 03:46:41,426 [5e18cff1-cfa8-44b4-8834-447d353e7c51-groupManagement] INFO  server.RaftServerConfigKeys (ConfUtils.java:logGet(46)) - raft.server.threadpool.server.size = 0 (default)
2024-06-06 03:46:41,426 [5e18cff1-cfa8-44b4-8834-447d353e7c51-groupManagement] INFO  server.RaftServerConfigKeys (ConfUtils.java:logGet(46)) - raft.server.threadpool.client.cached = true (default)
2024-06-06 03:46:41,426 [5e18cff1-cfa8-44b4-8834-447d353e7c51-groupManagement] INFO  server.RaftServerConfigKeys (ConfUtils.java:logGet(46)) - raft.server.threadpool.client.size = 0 (default)
2024-06-06 03:46:41,426 [5e18cff1-cfa8-44b4-8834-447d353e7c51-groupManagement] INFO  server.RaftServerConfigKeys (ConfUtils.java:logGet(46)) - raft.server.storage.free-space.min = 0MB (=0) (default)
2024-06-06 03:46:41,426 [5e18cff1-cfa8-44b4-8834-447d353e7c51-groupManagement] INFO  server.RaftServerConfigKeys (ConfUtils.java:logGet(46)) - raft.server.log.corruption.policy = EXCEPTION (default)
2024-06-06 03:46:41,427 [5e18cff1-cfa8-44b4-8834-447d353e7c51-groupManagement] INFO  server.RaftServerConfigKeys (ConfUtils.java:logGet(46)) - raft.server.storage.dir = [/home/runner/work/ozone/ozone/hadoop-ozone/integration-test/target/test-dir/MiniOzoneClusterImpl-9b8c67d1-9dc3-4dee-b61a-2e100565025d/ozone-meta/datanode-1/ratis] (custom)
2024-06-06 03:46:41,427 [5e18cff1-cfa8-44b4-8834-447d353e7c51-groupManagement] INFO  storage.RaftStorageDirectory (RaftStorageDirectoryImpl.java:analyzeStorage(138)) - The storage directory /home/runner/work/ozone/ozone/hadoop-ozone/integration-test/target/test-dir/MiniOzoneClusterImpl-9b8c67d1-9dc3-4dee-b61a-2e100565025d/ozone-meta/datanode-1/ratis/a9a955d3-3c53-48bd-836a-93a74e11c6a2 does not exist. Creating ...
2024-06-06 03:46:41,429 [5e18cff1-cfa8-44b4-8834-447d353e7c51-groupManagement] INFO  storage.RaftStorageDirectory (RaftStorageDirectoryImpl.java:tryLock(228)) - Lock on /home/runner/work/ozone/ozone/hadoop-ozone/integration-test/target/test-dir/MiniOzoneClusterImpl-9b8c67d1-9dc3-4dee-b61a-2e100565025d/ozone-meta/datanode-1/ratis/a9a955d3-3c53-48bd-836a-93a74e11c6a2/in_use.lock acquired by nodename 90173@fv-az1985-286
2024-06-06 03:46:41,430 [5e18cff1-cfa8-44b4-8834-447d353e7c51-groupManagement] INFO  storage.RaftStorage (RaftStorageImpl.java:format(99)) - Storage directory /home/runner/work/ozone/ozone/hadoop-ozone/integration-test/target/test-dir/MiniOzoneClusterImpl-9b8c67d1-9dc3-4dee-b61a-2e100565025d/ozone-meta/datanode-1/ratis/a9a955d3-3c53-48bd-836a-93a74e11c6a2 has been successfully formatted.
2024-06-06 03:46:41,431 [5e18cff1-cfa8-44b4-8834-447d353e7c51-groupManagement] WARN  util.FileUtils (LogUtils.java:supplyAndLog(63)) - Failed to Files.newInputStream /home/runner/work/ozone/ozone/hadoop-ozone/integration-test/target/test-dir/MiniOzoneClusterImpl-9b8c67d1-9dc3-4dee-b61a-2e100565025d/ozone-meta/datanode-1/ratis/a9a955d3-3c53-48bd-836a-93a74e11c6a2/current/raft-meta.conf with options []: java.nio.file.NoSuchFileException: /home/runner/work/ozone/ozone/hadoop-ozone/integration-test/target/test-dir/MiniOzoneClusterImpl-9b8c67d1-9dc3-4dee-b61a-2e100565025d/ozone-meta/datanode-1/ratis/a9a955d3-3c53-48bd-836a-93a74e11c6a2/current/raft-meta.conf
2024-06-06 03:46:41,433 [5e18cff1-cfa8-44b4-8834-447d353e7c51-groupManagement] INFO  ratis.ContainerStateMachine (ContainerStateMachine.java:loadSnapshot(287)) - group-93A74E11C6A2: The snapshot info is null. Setting the last applied index to:(t:0, i:~)
2024-06-06 03:46:41,433 [5e18cff1-cfa8-44b4-8834-447d353e7c51-groupManagement] INFO  server.RaftServerConfigKeys (ConfUtils.java:logGet(46)) - raft.server.log.use.memory = false (default)
2024-06-06 03:46:41,434 [5e18cff1-cfa8-44b4-8834-447d353e7c51-groupManagement] INFO  server.RaftServerConfigKeys (ConfUtils.java:logGet(46)) - raft.server.log.purge.gap = 1000000 (custom)
2024-06-06 03:46:41,434 [5e18cff1-cfa8-44b4-8834-447d353e7c51-groupManagement] INFO  server.RaftServerConfigKeys (ConfUtils.java:logGet(46)) - raft.server.log.appender.buffer.byte-limit = 8388608 (custom)
2024-06-06 03:46:41,434 [5e18cff1-cfa8-44b4-8834-447d353e7c51-groupManagement] INFO  server.RaftServerConfigKeys (ConfUtils.java:logGet(46)) - raft.server.log.statemachine.data.read.timeout = 1000ms (default)
2024-06-06 03:46:41,434 [5e18cff1-cfa8-44b4-8834-447d353e7c51-groupManagement] INFO  server.RaftServerConfigKeys (ConfUtils.java:logGet(46)) - raft.server.log.purge.preservation.log.num = 0 (default)
2024-06-06 03:46:41,438 [5e18cff1-cfa8-44b4-8834-447d353e7c51-groupManagement] INFO  server.RaftServerConfigKeys (ConfUtils.java:logGet(46)) - raft.server.log.segment.size.max = 67108864 (custom)
2024-06-06 03:46:41,439 [5e18cff1-cfa8-44b4-8834-447d353e7c51-groupManagement] INFO  server.RaftServerConfigKeys (ConfUtils.java:logGet(46)) - raft.server.log.segment.cache.num.max = 2 (custom)
2024-06-06 03:46:41,439 [5e18cff1-cfa8-44b4-8834-447d353e7c51-groupManagement] INFO  server.RaftServerConfigKeys (ConfUtils.java:logGet(46)) - raft.server.log.segment.cache.size.max = 200MB (=209715200) (default)
2024-06-06 03:46:41,439 [5e18cff1-cfa8-44b4-8834-447d353e7c51-groupManagement] INFO  server.RaftServerConfigKeys (ConfUtils.java:logGet(46)) - raft.server.log.appender.buffer.byte-limit = 8388608 (custom)
2024-06-06 03:46:41,439 [5e18cff1-cfa8-44b4-8834-447d353e7c51-groupManagement] INFO  util.AwaitToRun (AwaitToRun.java:start(81)) - Thread[5e18cff1-cfa8-44b4-8834-447d353e7c51@group-93A74E11C6A2-cacheEviction-AwaitToRun,5,main] started
2024-06-06 03:46:41,439 [5e18cff1-cfa8-44b4-8834-447d353e7c51-groupManagement] INFO  segmented.SegmentedRaftLogWorker (SegmentedRaftLogWorker.java:<init>(182)) - new 5e18cff1-cfa8-44b4-8834-447d353e7c51@group-93A74E11C6A2-SegmentedRaftLogWorker for RaftStorageImpl:Storage Directory /home/runner/work/ozone/ozone/hadoop-ozone/integration-test/target/test-dir/MiniOzoneClusterImpl-9b8c67d1-9dc3-4dee-b61a-2e100565025d/ozone-meta/datanode-1/ratis/a9a955d3-3c53-48bd-836a-93a74e11c6a2
2024-06-06 03:46:41,439 [5e18cff1-cfa8-44b4-8834-447d353e7c51-groupManagement] INFO  server.RaftServerConfigKeys (ConfUtils.java:logGet(46)) - raft.server.log.queue.byte-limit = 4294967296 (custom)
2024-06-06 03:46:41,440 [5e18cff1-cfa8-44b4-8834-447d353e7c51-groupManagement] INFO  server.RaftServerConfigKeys (ConfUtils.java:logGet(46)) - raft.server.log.queue.element-limit = 1024 (custom)
2024-06-06 03:46:41,440 [5e18cff1-cfa8-44b4-8834-447d353e7c51-groupManagement] INFO  server.RaftServerConfigKeys (ConfUtils.java:logGet(46)) - raft.server.log.segment.size.max = 67108864 (custom)
2024-06-06 03:46:41,440 [5e18cff1-cfa8-44b4-8834-447d353e7c51-groupManagement] INFO  server.RaftServerConfigKeys (ConfUtils.java:logGet(46)) - raft.server.log.preallocated.size = 4194304 (custom)
2024-06-06 03:46:41,440 [5e18cff1-cfa8-44b4-8834-447d353e7c51-groupManagement] INFO  server.RaftServerConfigKeys (ConfUtils.java:logGet(46)) - raft.server.log.force.sync.num = 128 (default)
2024-06-06 03:46:41,440 [5e18cff1-cfa8-44b4-8834-447d353e7c51-groupManagement] INFO  server.RaftServerConfigKeys (ConfUtils.java:logGet(46)) - raft.server.log.statemachine.data.sync = true (default)
2024-06-06 03:46:41,440 [5e18cff1-cfa8-44b4-8834-447d353e7c51-groupManagement] INFO  server.RaftServerConfigKeys (ConfUtils.java:logGet(46)) - raft.server.log.statemachine.data.sync.timeout = 10s (default)
2024-06-06 03:46:41,440 [5e18cff1-cfa8-44b4-8834-447d353e7c51-groupManagement] INFO  server.RaftServerConfigKeys (ConfUtils.java:logGet(46)) - raft.server.log.statemachine.data.sync.timeout.retry = 30 (custom)
2024-06-06 03:46:41,441 [5e18cff1-cfa8-44b4-8834-447d353e7c51-groupManagement] INFO  server.RaftServerConfigKeys (ConfUtils.java:logGet(46)) - raft.server.log.write.buffer.size = 8388616 (custom)
2024-06-06 03:46:41,443 [5e18cff1-cfa8-44b4-8834-447d353e7c51-groupManagement] INFO  server.RaftServerConfigKeys (ConfUtils.java:logGet(46)) - raft.server.log.appender.buffer.byte-limit = 8388608 (custom)
2024-06-06 03:46:41,443 [5e18cff1-cfa8-44b4-8834-447d353e7c51-groupManagement] INFO  server.RaftServerConfigKeys (ConfUtils.java:logGet(46)) - raft.server.log.unsafe-flush.enabled = false (default)
2024-06-06 03:46:41,443 [5e18cff1-cfa8-44b4-8834-447d353e7c51-groupManagement] INFO  server.RaftServerConfigKeys (ConfUtils.java:logGet(46)) - raft.server.log.async-flush.enabled = false (default)
2024-06-06 03:46:41,443 [5e18cff1-cfa8-44b4-8834-447d353e7c51-groupManagement] INFO  server.RaftServerConfigKeys (ConfUtils.java:logGet(46)) - raft.server.log.statemachine.data.caching.enabled = true (custom)
2024-06-06 03:46:41,443 [5e18cff1-cfa8-44b4-8834-447d353e7c51-groupManagement] INFO  segmented.SegmentedRaftLogWorker (SegmentedRaftLogWorker.java:lambda$new$0(134)) - 5e18cff1-cfa8-44b4-8834-447d353e7c51@group-93A74E11C6A2-SegmentedRaftLogWorker: flushIndex: setUnconditionally 0 -> -1
2024-06-06 03:46:41,443 [5e18cff1-cfa8-44b4-8834-447d353e7c51-groupManagement] INFO  segmented.SegmentedRaftLogWorker (SegmentedRaftLogWorker.java:lambda$new$0(134)) - 5e18cff1-cfa8-44b4-8834-447d353e7c51@group-93A74E11C6A2-SegmentedRaftLogWorker: safeCacheEvictIndex: setUnconditionally 0 -> -1
2024-06-06 03:46:41,448 [5e18cff1-cfa8-44b4-8834-447d353e7c51-groupManagement] INFO  server.RaftServer$Division (RaftServerImpl.java:start(396)) - 5e18cff1-cfa8-44b4-8834-447d353e7c51@group-93A74E11C6A2: start as a follower, conf=-1: peers:[5e18cff1-cfa8-44b4-8834-447d353e7c51|127.0.0.1:15014]|listeners:[], old=null
2024-06-06 03:46:41,448 [5e18cff1-cfa8-44b4-8834-447d353e7c51-groupManagement] INFO  server.RaftServer$Division (RaftServerImpl.java:setRole(383)) - 5e18cff1-cfa8-44b4-8834-447d353e7c51@group-93A74E11C6A2: changes role from      null to FOLLOWER at term 0 for startAsFollower
2024-06-06 03:46:41,448 [5e18cff1-cfa8-44b4-8834-447d353e7c51-groupManagement] INFO  impl.RoleInfo (RoleInfo.java:updateAndGet(139)) - 5e18cff1-cfa8-44b4-8834-447d353e7c51: start 5e18cff1-cfa8-44b4-8834-447d353e7c51@group-93A74E11C6A2-FollowerState
2024-06-06 03:46:41,454 [EventQueue-PipelineReportForPipelineReportHandler] INFO  pipeline.PipelineReportHandler (PipelineReportHandler.java:processPipelineReport(136)) - Opened pipeline PipelineID=a9a955d3-3c53-48bd-836a-93a74e11c6a2
2024-06-06 03:46:41,456 [5e18cff1-cfa8-44b4-8834-447d353e7c51@group-93A74E11C6A2-FollowerState] INFO  server.RaftServerConfigKeys (ConfUtils.java:logFallback(53)) - raft.server.rpc.first-election.timeout.min = 5s (fallback to raft.server.rpc.timeout.min)
2024-06-06 03:46:41,456 [5e18cff1-cfa8-44b4-8834-447d353e7c51-groupManagement] INFO  util.JmxRegister (JmxRegister.java:tryRegister(44)) - Successfully registered JMX Bean with object name Ratis:service=RaftServer,group=group-93A74E11C6A2,id=5e18cff1-cfa8-44b4-8834-447d353e7c51
2024-06-06 03:46:41,456 [5e18cff1-cfa8-44b4-8834-447d353e7c51-groupManagement] INFO  server.RaftServerConfigKeys (ConfUtils.java:logGet(46)) - raft.server.snapshot.trigger-when-stop.enabled = true (default)
2024-06-06 03:46:41,456 [5e18cff1-cfa8-44b4-8834-447d353e7c51-groupManagement] INFO  server.RaftServerConfigKeys (ConfUtils.java:logGet(46)) - raft.server.snapshot.auto.trigger.enabled = true (custom)
2024-06-06 03:46:41,457 [5e18cff1-cfa8-44b4-8834-447d353e7c51-groupManagement] INFO  server.RaftServerConfigKeys (ConfUtils.java:logGet(46)) - raft.server.snapshot.auto.trigger.threshold = 10000 (custom)
2024-06-06 03:46:41,457 [5e18cff1-cfa8-44b4-8834-447d353e7c51-groupManagement] INFO  server.RaftServerConfigKeys (ConfUtils.java:logGet(46)) - raft.server.snapshot.retention.file.num = 5 (custom)
2024-06-06 03:46:41,457 [5e18cff1-cfa8-44b4-8834-447d353e7c51-groupManagement] INFO  server.RaftServerConfigKeys (ConfUtils.java:logGet(46)) - raft.server.log.purge.upto.snapshot.index = false (default)
2024-06-06 03:46:41,459 [EventQueue-OpenPipelineForHealthyPipelineSafeModeRule] INFO  safemode.SCMSafeModeManager (HealthyPipelineSafeModeRule.java:process(140)) - SCM in safe mode. Healthy pipelines reported count is 0, required healthy pipeline reported count is 1
2024-06-06 03:46:41,460 [5e18cff1-cfa8-44b4-8834-447d353e7c51@group-93A74E11C6A2-FollowerState] INFO  server.RaftServerConfigKeys (ConfUtils.java:logFallback(53)) - raft.server.rpc.first-election.timeout.max = 5200ms (fallback to raft.server.rpc.timeout.max)
2024-06-06 03:46:41,463 [5e18cff1-cfa8-44b4-8834-447d353e7c51-PipelineCommandHandlerThread-0] INFO  ratis.XceiverServerRatis (XceiverServerRatis.java:addGroup(864)) - Created group PipelineID=a9a955d3-3c53-48bd-836a-93a74e11c6a2
2024-06-06 03:46:41,463 [5e18cff1-cfa8-44b4-8834-447d353e7c51-PipelineCommandHandlerThread-0] INFO  commandhandler.CreatePipelineCommandHandler (CreatePipelineCommandHandler.java:lambda$handle$2(124)) - Created Pipeline RATIS ONE PipelineID=a9a955d3-3c53-48bd-836a-93a74e11c6a2.
2024-06-06 03:46:41,464 [5e18cff1-cfa8-44b4-8834-447d353e7c51-PipelineCommandHandlerThread-0] INFO  server.RaftServer (RaftServerProxy.java:addNew(100)) - 5e18cff1-cfa8-44b4-8834-447d353e7c51: addNew group-705F87E8897F:[f4c2b6b8-993f-476e-b2b0-0769277f8579|127.0.0.1:15032, 8ce15023-a244-46a6-a4b0-50e62c01a133|127.0.0.1:15023, 5e18cff1-cfa8-44b4-8834-447d353e7c51|127.0.0.1:15014] returns group-705F87E8897F:java.util.concurrent.CompletableFuture@4708e9fa[Not completed]
2024-06-06 03:46:41,465 [5e18cff1-cfa8-44b4-8834-447d353e7c51-groupManagement] INFO  server.RaftServer$Division (RaftServerImpl.java:<init>(256)) - 5e18cff1-cfa8-44b4-8834-447d353e7c51: new RaftServerImpl for group-705F87E8897F:[f4c2b6b8-993f-476e-b2b0-0769277f8579|127.0.0.1:15032, 8ce15023-a244-46a6-a4b0-50e62c01a133|127.0.0.1:15023, 5e18cff1-cfa8-44b4-8834-447d353e7c51|127.0.0.1:15014] with ContainerStateMachine:uninitialized
2024-06-06 03:46:41,466 [5e18cff1-cfa8-44b4-8834-447d353e7c51-groupManagement] INFO  server.RaftServerConfigKeys (ConfUtils.java:logGet(46)) - raft.server.rpc.timeout.min = 5s (custom)
2024-06-06 03:46:41,466 [5e18cff1-cfa8-44b4-8834-447d353e7c51-groupManagement] INFO  server.RaftServerConfigKeys (ConfUtils.java:logGet(46)) - raft.server.rpc.timeout.max = 5200ms (custom)
2024-06-06 03:46:41,466 [5e18cff1-cfa8-44b4-8834-447d353e7c51-groupManagement] INFO  server.RaftServerConfigKeys (ConfUtils.java:logGet(46)) - raft.server.rpc.sleep.time = 25ms (default)
2024-06-06 03:46:41,466 [5e18cff1-cfa8-44b4-8834-447d353e7c51-groupManagement] INFO  server.RaftServerConfigKeys (ConfUtils.java:logGet(46)) - raft.server.rpc.slowness.timeout = 300s (custom)
2024-06-06 03:46:41,466 [5e18cff1-cfa8-44b4-8834-447d353e7c51-groupManagement] INFO  server.RaftServerConfigKeys (ConfUtils.java:logGet(46)) - raft.server.leaderelection.leader.step-down.wait-time = 10s (default)
2024-06-06 03:46:41,466 [5e18cff1-cfa8-44b4-8834-447d353e7c51-groupManagement] INFO  server.RaftServerConfigKeys (ConfUtils.java:logGet(46)) - raft.server.leaderelection.member.majority-add = false (default)
2024-06-06 03:46:41,466 [5e18cff1-cfa8-44b4-8834-447d353e7c51-groupManagement] INFO  server.RaftServerConfigKeys (ConfUtils.java:logGet(46)) - raft.server.sleep.deviation.threshold = 300ms (default)
2024-06-06 03:46:41,466 [5e18cff1-cfa8-44b4-8834-447d353e7c51-groupManagement] INFO  server.RaftServer$Division (ServerState.java:<init>(113)) - 5e18cff1-cfa8-44b4-8834-447d353e7c51@group-705F87E8897F: ConfigurationManager, init=-1: peers:[f4c2b6b8-993f-476e-b2b0-0769277f8579|127.0.0.1:15032, 8ce15023-a244-46a6-a4b0-50e62c01a133|127.0.0.1:15023, 5e18cff1-cfa8-44b4-8834-447d353e7c51|127.0.0.1:15014]|listeners:[], old=null, confs=<EMPTY_MAP>
2024-06-06 03:46:41,466 [5e18cff1-cfa8-44b4-8834-447d353e7c51-groupManagement] INFO  server.RaftServerConfigKeys (ConfUtils.java:logGet(46)) - raft.server.notification.no-leader.timeout = 300s (custom)
2024-06-06 03:46:41,466 [5e18cff1-cfa8-44b4-8834-447d353e7c51-groupManagement] INFO  server.RaftServerConfigKeys (ConfUtils.java:logGet(46)) - raft.server.read.timeout = 10s (default)
2024-06-06 03:46:41,466 [5e18cff1-cfa8-44b4-8834-447d353e7c51-groupManagement] INFO  server.RaftServerConfigKeys (ConfUtils.java:logGet(46)) - raft.server.retrycache.expirytime = 600000ms (custom)
2024-06-06 03:46:41,466 [5e18cff1-cfa8-44b4-8834-447d353e7c51-groupManagement] INFO  server.RaftServerConfigKeys (ConfUtils.java:logGet(46)) - raft.server.retrycache.statistics.expirytime = 100ms (default)
2024-06-06 03:46:41,466 [5e18cff1-cfa8-44b4-8834-447d353e7c51-groupManagement] INFO  server.RaftServerConfigKeys (ConfUtils.java:logGet(46)) - raft.server.read.option = DEFAULT (default)
2024-06-06 03:46:41,467 [5e18cff1-cfa8-44b4-8834-447d353e7c51-groupManagement] INFO  server.RaftServerConfigKeys (ConfUtils.java:logGet(46)) - raft.server.read.read-after-write-consistent.write-index-cache.expiry-time = 60s (default)
2024-06-06 03:46:41,473 [5e18cff1-cfa8-44b4-8834-447d353e7c51-groupManagement] INFO  server.RaftServerConfigKeys (ConfUtils.java:logGet(46)) - raft.server.rpc.request.timeout = 60s (custom)
2024-06-06 03:46:41,473 [5e18cff1-cfa8-44b4-8834-447d353e7c51-groupManagement] INFO  server.RaftServerConfigKeys (ConfUtils.java:logGet(46)) - raft.server.log.appender.install.snapshot.enabled = false (custom)
2024-06-06 03:46:41,473 [5e18cff1-cfa8-44b4-8834-447d353e7c51-groupManagement] INFO  server.RaftServerConfigKeys (ConfUtils.java:logGet(46)) - raft.server.threadpool.server.cached = true (default)
2024-06-06 03:46:41,473 [5e18cff1-cfa8-44b4-8834-447d353e7c51-groupManagement] INFO  server.RaftServerConfigKeys (ConfUtils.java:logGet(46)) - raft.server.threadpool.server.size = 0 (default)
2024-06-06 03:46:41,473 [5e18cff1-cfa8-44b4-8834-447d353e7c51-groupManagement] INFO  server.RaftServerConfigKeys (ConfUtils.java:logGet(46)) - raft.server.threadpool.client.cached = true (default)
2024-06-06 03:46:41,473 [5e18cff1-cfa8-44b4-8834-447d353e7c51-groupManagement] INFO  server.RaftServerConfigKeys (ConfUtils.java:logGet(46)) - raft.server.threadpool.client.size = 0 (default)
2024-06-06 03:46:41,474 [5e18cff1-cfa8-44b4-8834-447d353e7c51-groupManagement] INFO  server.RaftServerConfigKeys (ConfUtils.java:logGet(46)) - raft.server.storage.free-space.min = 0MB (=0) (default)
2024-06-06 03:46:41,474 [5e18cff1-cfa8-44b4-8834-447d353e7c51-groupManagement] INFO  server.RaftServerConfigKeys (ConfUtils.java:logGet(46)) - raft.server.log.corruption.policy = EXCEPTION (default)
2024-06-06 03:46:41,474 [5e18cff1-cfa8-44b4-8834-447d353e7c51-groupManagement] INFO  server.RaftServerConfigKeys (ConfUtils.java:logGet(46)) - raft.server.storage.dir = [/home/runner/work/ozone/ozone/hadoop-ozone/integration-test/target/test-dir/MiniOzoneClusterImpl-9b8c67d1-9dc3-4dee-b61a-2e100565025d/ozone-meta/datanode-1/ratis] (custom)
2024-06-06 03:46:41,474 [5e18cff1-cfa8-44b4-8834-447d353e7c51-groupManagement] INFO  storage.RaftStorageDirectory (RaftStorageDirectoryImpl.java:analyzeStorage(138)) - The storage directory /home/runner/work/ozone/ozone/hadoop-ozone/integration-test/target/test-dir/MiniOzoneClusterImpl-9b8c67d1-9dc3-4dee-b61a-2e100565025d/ozone-meta/datanode-1/ratis/391b85ed-4590-4ce6-af93-705f87e8897f does not exist. Creating ...
2024-06-06 03:46:41,475 [5e18cff1-cfa8-44b4-8834-447d353e7c51-groupManagement] INFO  storage.RaftStorageDirectory (RaftStorageDirectoryImpl.java:tryLock(228)) - Lock on /home/runner/work/ozone/ozone/hadoop-ozone/integration-test/target/test-dir/MiniOzoneClusterImpl-9b8c67d1-9dc3-4dee-b61a-2e100565025d/ozone-meta/datanode-1/ratis/391b85ed-4590-4ce6-af93-705f87e8897f/in_use.lock acquired by nodename 90173@fv-az1985-286
2024-06-06 03:46:41,476 [5e18cff1-cfa8-44b4-8834-447d353e7c51-groupManagement] INFO  storage.RaftStorage (RaftStorageImpl.java:format(99)) - Storage directory /home/runner/work/ozone/ozone/hadoop-ozone/integration-test/target/test-dir/MiniOzoneClusterImpl-9b8c67d1-9dc3-4dee-b61a-2e100565025d/ozone-meta/datanode-1/ratis/391b85ed-4590-4ce6-af93-705f87e8897f has been successfully formatted.
2024-06-06 03:46:41,477 [5e18cff1-cfa8-44b4-8834-447d353e7c51-groupManagement] WARN  util.FileUtils (LogUtils.java:supplyAndLog(63)) - Failed to Files.newInputStream /home/runner/work/ozone/ozone/hadoop-ozone/integration-test/target/test-dir/MiniOzoneClusterImpl-9b8c67d1-9dc3-4dee-b61a-2e100565025d/ozone-meta/datanode-1/ratis/391b85ed-4590-4ce6-af93-705f87e8897f/current/raft-meta.conf with options []: java.nio.file.NoSuchFileException: /home/runner/work/ozone/ozone/hadoop-ozone/integration-test/target/test-dir/MiniOzoneClusterImpl-9b8c67d1-9dc3-4dee-b61a-2e100565025d/ozone-meta/datanode-1/ratis/391b85ed-4590-4ce6-af93-705f87e8897f/current/raft-meta.conf
2024-06-06 03:46:41,477 [5e18cff1-cfa8-44b4-8834-447d353e7c51-groupManagement] INFO  ratis.ContainerStateMachine (ContainerStateMachine.java:loadSnapshot(287)) - group-705F87E8897F: The snapshot info is null. Setting the last applied index to:(t:0, i:~)
2024-06-06 03:46:41,477 [5e18cff1-cfa8-44b4-8834-447d353e7c51-groupManagement] INFO  server.RaftServerConfigKeys (ConfUtils.java:logGet(46)) - raft.server.log.use.memory = false (default)
2024-06-06 03:46:41,477 [5e18cff1-cfa8-44b4-8834-447d353e7c51-groupManagement] INFO  server.RaftServerConfigKeys (ConfUtils.java:logGet(46)) - raft.server.log.purge.gap = 1000000 (custom)
2024-06-06 03:46:41,477 [5e18cff1-cfa8-44b4-8834-447d353e7c51-groupManagement] INFO  server.RaftServerConfigKeys (ConfUtils.java:logGet(46)) - raft.server.log.appender.buffer.byte-limit = 8388608 (custom)
2024-06-06 03:46:41,478 [5e18cff1-cfa8-44b4-8834-447d353e7c51-groupManagement] INFO  server.RaftServerConfigKeys (ConfUtils.java:logGet(46)) - raft.server.log.statemachine.data.read.timeout = 1000ms (default)
2024-06-06 03:46:41,478 [5e18cff1-cfa8-44b4-8834-447d353e7c51-groupManagement] INFO  server.RaftServerConfigKeys (ConfUtils.java:logGet(46)) - raft.server.log.purge.preservation.log.num = 0 (default)
2024-06-06 03:46:41,480 [EventQueue-OpenPipelineForHealthyPipelineSafeModeRule] INFO  safemode.SCMSafeModeManager (HealthyPipelineSafeModeRule.java:process(140)) - SCM in safe mode. Healthy pipelines reported count is 0, required healthy pipeline reported count is 1
2024-06-06 03:46:41,481 [5e18cff1-cfa8-44b4-8834-447d353e7c51-groupManagement] INFO  server.RaftServerConfigKeys (ConfUtils.java:logGet(46)) - raft.server.log.segment.size.max = 67108864 (custom)
2024-06-06 03:46:41,481 [5e18cff1-cfa8-44b4-8834-447d353e7c51-groupManagement] INFO  server.RaftServerConfigKeys (ConfUtils.java:logGet(46)) - raft.server.log.segment.cache.num.max = 2 (custom)
2024-06-06 03:46:41,481 [5e18cff1-cfa8-44b4-8834-447d353e7c51-groupManagement] INFO  server.RaftServerConfigKeys (ConfUtils.java:logGet(46)) - raft.server.log.segment.cache.size.max = 200MB (=209715200) (default)
2024-06-06 03:46:41,481 [5e18cff1-cfa8-44b4-8834-447d353e7c51-groupManagement] INFO  server.RaftServerConfigKeys (ConfUtils.java:logGet(46)) - raft.server.log.appender.buffer.byte-limit = 8388608 (custom)
2024-06-06 03:46:41,487 [5e18cff1-cfa8-44b4-8834-447d353e7c51-groupManagement] INFO  util.AwaitToRun (AwaitToRun.java:start(81)) - Thread[5e18cff1-cfa8-44b4-8834-447d353e7c51@group-705F87E8897F-cacheEviction-AwaitToRun,5,main] started
2024-06-06 03:46:41,487 [5e18cff1-cfa8-44b4-8834-447d353e7c51-groupManagement] INFO  segmented.SegmentedRaftLogWorker (SegmentedRaftLogWorker.java:<init>(182)) - new 5e18cff1-cfa8-44b4-8834-447d353e7c51@group-705F87E8897F-SegmentedRaftLogWorker for RaftStorageImpl:Storage Directory /home/runner/work/ozone/ozone/hadoop-ozone/integration-test/target/test-dir/MiniOzoneClusterImpl-9b8c67d1-9dc3-4dee-b61a-2e100565025d/ozone-meta/datanode-1/ratis/391b85ed-4590-4ce6-af93-705f87e8897f
2024-06-06 03:46:41,488 [5e18cff1-cfa8-44b4-8834-447d353e7c51-groupManagement] INFO  server.RaftServerConfigKeys (ConfUtils.java:logGet(46)) - raft.server.log.queue.byte-limit = 4294967296 (custom)
2024-06-06 03:46:41,488 [5e18cff1-cfa8-44b4-8834-447d353e7c51-groupManagement] INFO  server.RaftServerConfigKeys (ConfUtils.java:logGet(46)) - raft.server.log.queue.element-limit = 1024 (custom)
2024-06-06 03:46:41,488 [5e18cff1-cfa8-44b4-8834-447d353e7c51-groupManagement] INFO  server.RaftServerConfigKeys (ConfUtils.java:logGet(46)) - raft.server.log.segment.size.max = 67108864 (custom)
2024-06-06 03:46:41,488 [5e18cff1-cfa8-44b4-8834-447d353e7c51-groupManagement] INFO  server.RaftServerConfigKeys (ConfUtils.java:logGet(46)) - raft.server.log.preallocated.size = 4194304 (custom)
2024-06-06 03:46:41,488 [5e18cff1-cfa8-44b4-8834-447d353e7c51-groupManagement] INFO  server.RaftServerConfigKeys (ConfUtils.java:logGet(46)) - raft.server.log.force.sync.num = 128 (default)
2024-06-06 03:46:41,488 [5e18cff1-cfa8-44b4-8834-447d353e7c51-groupManagement] INFO  server.RaftServerConfigKeys (ConfUtils.java:logGet(46)) - raft.server.log.statemachine.data.sync = true (default)
2024-06-06 03:46:41,488 [5e18cff1-cfa8-44b4-8834-447d353e7c51-groupManagement] INFO  server.RaftServerConfigKeys (ConfUtils.java:logGet(46)) - raft.server.log.statemachine.data.sync.timeout = 10s (default)
2024-06-06 03:46:41,488 [5e18cff1-cfa8-44b4-8834-447d353e7c51-groupManagement] INFO  server.RaftServerConfigKeys (ConfUtils.java:logGet(46)) - raft.server.log.statemachine.data.sync.timeout.retry = 30 (custom)
2024-06-06 03:46:41,489 [5e18cff1-cfa8-44b4-8834-447d353e7c51-groupManagement] INFO  server.RaftServerConfigKeys (ConfUtils.java:logGet(46)) - raft.server.log.write.buffer.size = 8388616 (custom)
2024-06-06 03:46:41,491 [5e18cff1-cfa8-44b4-8834-447d353e7c51-groupManagement] INFO  server.RaftServerConfigKeys (ConfUtils.java:logGet(46)) - raft.server.log.appender.buffer.byte-limit = 8388608 (custom)
2024-06-06 03:46:41,491 [5e18cff1-cfa8-44b4-8834-447d353e7c51-groupManagement] INFO  server.RaftServerConfigKeys (ConfUtils.java:logGet(46)) - raft.server.log.unsafe-flush.enabled = false (default)
2024-06-06 03:46:41,491 [5e18cff1-cfa8-44b4-8834-447d353e7c51-groupManagement] INFO  server.RaftServerConfigKeys (ConfUtils.java:logGet(46)) - raft.server.log.async-flush.enabled = false (default)
2024-06-06 03:46:41,491 [5e18cff1-cfa8-44b4-8834-447d353e7c51-groupManagement] INFO  server.RaftServerConfigKeys (ConfUtils.java:logGet(46)) - raft.server.log.statemachine.data.caching.enabled = true (custom)
2024-06-06 03:46:41,492 [5e18cff1-cfa8-44b4-8834-447d353e7c51-groupManagement] INFO  segmented.SegmentedRaftLogWorker (SegmentedRaftLogWorker.java:lambda$new$0(134)) - 5e18cff1-cfa8-44b4-8834-447d353e7c51@group-705F87E8897F-SegmentedRaftLogWorker: flushIndex: setUnconditionally 0 -> -1
2024-06-06 03:46:41,492 [5e18cff1-cfa8-44b4-8834-447d353e7c51-groupManagement] INFO  segmented.SegmentedRaftLogWorker (SegmentedRaftLogWorker.java:lambda$new$0(134)) - 5e18cff1-cfa8-44b4-8834-447d353e7c51@group-705F87E8897F-SegmentedRaftLogWorker: safeCacheEvictIndex: setUnconditionally 0 -> -1
2024-06-06 03:46:41,492 [5e18cff1-cfa8-44b4-8834-447d353e7c51-groupManagement] INFO  server.RaftServer$Division (RaftServerImpl.java:start(396)) - 5e18cff1-cfa8-44b4-8834-447d353e7c51@group-705F87E8897F: start as a follower, conf=-1: peers:[f4c2b6b8-993f-476e-b2b0-0769277f8579|127.0.0.1:15032, 8ce15023-a244-46a6-a4b0-50e62c01a133|127.0.0.1:15023, 5e18cff1-cfa8-44b4-8834-447d353e7c51|127.0.0.1:15014]|listeners:[], old=null
2024-06-06 03:46:41,492 [5e18cff1-cfa8-44b4-8834-447d353e7c51-groupManagement] INFO  server.RaftServer$Division (RaftServerImpl.java:setRole(383)) - 5e18cff1-cfa8-44b4-8834-447d353e7c51@group-705F87E8897F: changes role from      null to FOLLOWER at term 0 for startAsFollower
2024-06-06 03:46:41,492 [5e18cff1-cfa8-44b4-8834-447d353e7c51-groupManagement] INFO  impl.RoleInfo (RoleInfo.java:updateAndGet(139)) - 5e18cff1-cfa8-44b4-8834-447d353e7c51: start 5e18cff1-cfa8-44b4-8834-447d353e7c51@group-705F87E8897F-FollowerState
2024-06-06 03:46:41,493 [5e18cff1-cfa8-44b4-8834-447d353e7c51-groupManagement] INFO  util.JmxRegister (JmxRegister.java:tryRegister(44)) - Successfully registered JMX Bean with object name Ratis:service=RaftServer,group=group-705F87E8897F,id=5e18cff1-cfa8-44b4-8834-447d353e7c51
2024-06-06 03:46:41,493 [5e18cff1-cfa8-44b4-8834-447d353e7c51-groupManagement] INFO  server.RaftServerConfigKeys (ConfUtils.java:logGet(46)) - raft.server.snapshot.trigger-when-stop.enabled = true (default)
2024-06-06 03:46:41,493 [5e18cff1-cfa8-44b4-8834-447d353e7c51-groupManagement] INFO  server.RaftServerConfigKeys (ConfUtils.java:logGet(46)) - raft.server.snapshot.auto.trigger.enabled = true (custom)
2024-06-06 03:46:41,493 [5e18cff1-cfa8-44b4-8834-447d353e7c51-groupManagement] INFO  server.RaftServerConfigKeys (ConfUtils.java:logGet(46)) - raft.server.snapshot.auto.trigger.threshold = 10000 (custom)
2024-06-06 03:46:41,493 [5e18cff1-cfa8-44b4-8834-447d353e7c51-groupManagement] INFO  server.RaftServerConfigKeys (ConfUtils.java:logGet(46)) - raft.server.snapshot.retention.file.num = 5 (custom)
2024-06-06 03:46:41,493 [5e18cff1-cfa8-44b4-8834-447d353e7c51-groupManagement] INFO  server.RaftServerConfigKeys (ConfUtils.java:logGet(46)) - raft.server.log.purge.upto.snapshot.index = false (default)
2024-06-06 03:46:41,494 [5e18cff1-cfa8-44b4-8834-447d353e7c51@group-705F87E8897F-FollowerState] INFO  server.RaftServerConfigKeys (ConfUtils.java:logFallback(53)) - raft.server.rpc.first-election.timeout.min = 5s (fallback to raft.server.rpc.timeout.min)
2024-06-06 03:46:41,494 [5e18cff1-cfa8-44b4-8834-447d353e7c51@group-705F87E8897F-FollowerState] INFO  server.RaftServerConfigKeys (ConfUtils.java:logFallback(53)) - raft.server.rpc.first-election.timeout.max = 5200ms (fallback to raft.server.rpc.timeout.max)
2024-06-06 03:46:41,495 [5e18cff1-cfa8-44b4-8834-447d353e7c51-PipelineCommandHandlerThread-0] INFO  ratis.XceiverServerRatis (XceiverServerRatis.java:addGroup(864)) - Created group PipelineID=391b85ed-4590-4ce6-af93-705f87e8897f
2024-06-06 03:46:41,562 [8ce15023-a244-46a6-a4b0-50e62c01a133-PipelineCommandHandlerThread-0] INFO  server.RaftServer (RaftServerProxy.java:addNew(100)) - 8ce15023-a244-46a6-a4b0-50e62c01a133: addNew group-516C1991B6DF:[8ce15023-a244-46a6-a4b0-50e62c01a133|127.0.0.1:15023] returns group-516C1991B6DF:java.util.concurrent.CompletableFuture@3deeb8b1[Not completed]
2024-06-06 03:46:41,565 [8ce15023-a244-46a6-a4b0-50e62c01a133-groupManagement] INFO  server.RaftServer$Division (RaftServerImpl.java:<init>(256)) - 8ce15023-a244-46a6-a4b0-50e62c01a133: new RaftServerImpl for group-516C1991B6DF:[8ce15023-a244-46a6-a4b0-50e62c01a133|127.0.0.1:15023] with ContainerStateMachine:uninitialized
2024-06-06 03:46:41,565 [8ce15023-a244-46a6-a4b0-50e62c01a133-groupManagement] INFO  server.RaftServerConfigKeys (ConfUtils.java:logGet(46)) - raft.server.rpc.timeout.min = 5s (custom)
2024-06-06 03:46:41,566 [8ce15023-a244-46a6-a4b0-50e62c01a133-groupManagement] INFO  server.RaftServerConfigKeys (ConfUtils.java:logGet(46)) - raft.server.rpc.timeout.max = 5200ms (custom)
2024-06-06 03:46:41,566 [8ce15023-a244-46a6-a4b0-50e62c01a133-groupManagement] INFO  server.RaftServerConfigKeys (ConfUtils.java:logGet(46)) - raft.server.rpc.sleep.time = 25ms (default)
2024-06-06 03:46:41,566 [8ce15023-a244-46a6-a4b0-50e62c01a133-groupManagement] INFO  server.RaftServerConfigKeys (ConfUtils.java:logGet(46)) - raft.server.rpc.slowness.timeout = 300s (custom)
2024-06-06 03:46:41,566 [8ce15023-a244-46a6-a4b0-50e62c01a133-groupManagement] INFO  server.RaftServerConfigKeys (ConfUtils.java:logGet(46)) - raft.server.leaderelection.leader.step-down.wait-time = 10s (default)
2024-06-06 03:46:41,566 [8ce15023-a244-46a6-a4b0-50e62c01a133-groupManagement] INFO  server.RaftServerConfigKeys (ConfUtils.java:logGet(46)) - raft.server.leaderelection.member.majority-add = false (default)
2024-06-06 03:46:41,566 [8ce15023-a244-46a6-a4b0-50e62c01a133-groupManagement] INFO  server.RaftServerConfigKeys (ConfUtils.java:logGet(46)) - raft.server.sleep.deviation.threshold = 300ms (default)
2024-06-06 03:46:41,566 [8ce15023-a244-46a6-a4b0-50e62c01a133-groupManagement] INFO  server.RaftServer$Division (ServerState.java:<init>(113)) - 8ce15023-a244-46a6-a4b0-50e62c01a133@group-516C1991B6DF: ConfigurationManager, init=-1: peers:[8ce15023-a244-46a6-a4b0-50e62c01a133|127.0.0.1:15023]|listeners:[], old=null, confs=<EMPTY_MAP>
2024-06-06 03:46:41,566 [8ce15023-a244-46a6-a4b0-50e62c01a133-groupManagement] INFO  server.RaftServerConfigKeys (ConfUtils.java:logGet(46)) - raft.server.notification.no-leader.timeout = 300s (custom)
2024-06-06 03:46:41,566 [8ce15023-a244-46a6-a4b0-50e62c01a133-groupManagement] INFO  server.RaftServerConfigKeys (ConfUtils.java:logGet(46)) - raft.server.read.timeout = 10s (default)
2024-06-06 03:46:41,566 [8ce15023-a244-46a6-a4b0-50e62c01a133-groupManagement] INFO  server.RaftServerConfigKeys (ConfUtils.java:logGet(46)) - raft.server.retrycache.expirytime = 600000ms (custom)
2024-06-06 03:46:41,566 [8ce15023-a244-46a6-a4b0-50e62c01a133-groupManagement] INFO  server.RaftServerConfigKeys (ConfUtils.java:logGet(46)) - raft.server.retrycache.statistics.expirytime = 100ms (default)
2024-06-06 03:46:41,567 [8ce15023-a244-46a6-a4b0-50e62c01a133-groupManagement] INFO  server.RaftServerConfigKeys (ConfUtils.java:logGet(46)) - raft.server.read.option = DEFAULT (default)
2024-06-06 03:46:41,567 [8ce15023-a244-46a6-a4b0-50e62c01a133-groupManagement] INFO  server.RaftServerConfigKeys (ConfUtils.java:logGet(46)) - raft.server.read.read-after-write-consistent.write-index-cache.expiry-time = 60s (default)
2024-06-06 03:46:41,575 [8ce15023-a244-46a6-a4b0-50e62c01a133-groupManagement] INFO  server.RaftServerConfigKeys (ConfUtils.java:logGet(46)) - raft.server.rpc.request.timeout = 60s (custom)
2024-06-06 03:46:41,575 [8ce15023-a244-46a6-a4b0-50e62c01a133-groupManagement] INFO  server.RaftServerConfigKeys (ConfUtils.java:logGet(46)) - raft.server.log.appender.install.snapshot.enabled = false (custom)
2024-06-06 03:46:41,576 [8ce15023-a244-46a6-a4b0-50e62c01a133-groupManagement] INFO  server.RaftServerConfigKeys (ConfUtils.java:logGet(46)) - raft.server.threadpool.server.cached = true (default)
2024-06-06 03:46:41,576 [8ce15023-a244-46a6-a4b0-50e62c01a133-groupManagement] INFO  server.RaftServerConfigKeys (ConfUtils.java:logGet(46)) - raft.server.threadpool.server.size = 0 (default)
2024-06-06 03:46:41,577 [8ce15023-a244-46a6-a4b0-50e62c01a133-groupManagement] INFO  server.RaftServerConfigKeys (ConfUtils.java:logGet(46)) - raft.server.threadpool.client.cached = true (default)
2024-06-06 03:46:41,577 [8ce15023-a244-46a6-a4b0-50e62c01a133-groupManagement] INFO  server.RaftServerConfigKeys (ConfUtils.java:logGet(46)) - raft.server.threadpool.client.size = 0 (default)
2024-06-06 03:46:41,577 [8ce15023-a244-46a6-a4b0-50e62c01a133-groupManagement] INFO  server.RaftServerConfigKeys (ConfUtils.java:logGet(46)) - raft.server.storage.free-space.min = 0MB (=0) (default)
2024-06-06 03:46:41,577 [8ce15023-a244-46a6-a4b0-50e62c01a133-groupManagement] INFO  server.RaftServerConfigKeys (ConfUtils.java:logGet(46)) - raft.server.log.corruption.policy = EXCEPTION (default)
2024-06-06 03:46:41,577 [8ce15023-a244-46a6-a4b0-50e62c01a133-groupManagement] INFO  server.RaftServerConfigKeys (ConfUtils.java:logGet(46)) - raft.server.storage.dir = [/home/runner/work/ozone/ozone/hadoop-ozone/integration-test/target/test-dir/MiniOzoneClusterImpl-9b8c67d1-9dc3-4dee-b61a-2e100565025d/ozone-meta/datanode-2/ratis] (custom)
2024-06-06 03:46:41,577 [8ce15023-a244-46a6-a4b0-50e62c01a133-groupManagement] INFO  storage.RaftStorageDirectory (RaftStorageDirectoryImpl.java:analyzeStorage(138)) - The storage directory /home/runner/work/ozone/ozone/hadoop-ozone/integration-test/target/test-dir/MiniOzoneClusterImpl-9b8c67d1-9dc3-4dee-b61a-2e100565025d/ozone-meta/datanode-2/ratis/3602a8fd-e698-4766-a485-516c1991b6df does not exist. Creating ...
2024-06-06 03:46:41,579 [8ce15023-a244-46a6-a4b0-50e62c01a133-groupManagement] INFO  storage.RaftStorageDirectory (RaftStorageDirectoryImpl.java:tryLock(228)) - Lock on /home/runner/work/ozone/ozone/hadoop-ozone/integration-test/target/test-dir/MiniOzoneClusterImpl-9b8c67d1-9dc3-4dee-b61a-2e100565025d/ozone-meta/datanode-2/ratis/3602a8fd-e698-4766-a485-516c1991b6df/in_use.lock acquired by nodename 90173@fv-az1985-286
2024-06-06 03:46:41,580 [8ce15023-a244-46a6-a4b0-50e62c01a133-groupManagement] INFO  storage.RaftStorage (RaftStorageImpl.java:format(99)) - Storage directory /home/runner/work/ozone/ozone/hadoop-ozone/integration-test/target/test-dir/MiniOzoneClusterImpl-9b8c67d1-9dc3-4dee-b61a-2e100565025d/ozone-meta/datanode-2/ratis/3602a8fd-e698-4766-a485-516c1991b6df has been successfully formatted.
2024-06-06 03:46:41,581 [8ce15023-a244-46a6-a4b0-50e62c01a133-groupManagement] WARN  util.FileUtils (LogUtils.java:supplyAndLog(63)) - Failed to Files.newInputStream /home/runner/work/ozone/ozone/hadoop-ozone/integration-test/target/test-dir/MiniOzoneClusterImpl-9b8c67d1-9dc3-4dee-b61a-2e100565025d/ozone-meta/datanode-2/ratis/3602a8fd-e698-4766-a485-516c1991b6df/current/raft-meta.conf with options []: java.nio.file.NoSuchFileException: /home/runner/work/ozone/ozone/hadoop-ozone/integration-test/target/test-dir/MiniOzoneClusterImpl-9b8c67d1-9dc3-4dee-b61a-2e100565025d/ozone-meta/datanode-2/ratis/3602a8fd-e698-4766-a485-516c1991b6df/current/raft-meta.conf
2024-06-06 03:46:41,581 [8ce15023-a244-46a6-a4b0-50e62c01a133-groupManagement] INFO  ratis.ContainerStateMachine (ContainerStateMachine.java:loadSnapshot(287)) - group-516C1991B6DF: The snapshot info is null. Setting the last applied index to:(t:0, i:~)
2024-06-06 03:46:41,581 [8ce15023-a244-46a6-a4b0-50e62c01a133-groupManagement] INFO  server.RaftServerConfigKeys (ConfUtils.java:logGet(46)) - raft.server.log.use.memory = false (default)
2024-06-06 03:46:41,581 [8ce15023-a244-46a6-a4b0-50e62c01a133-groupManagement] INFO  server.RaftServerConfigKeys (ConfUtils.java:logGet(46)) - raft.server.log.purge.gap = 1000000 (custom)
2024-06-06 03:46:41,581 [8ce15023-a244-46a6-a4b0-50e62c01a133-groupManagement] INFO  server.RaftServerConfigKeys (ConfUtils.java:logGet(46)) - raft.server.log.appender.buffer.byte-limit = 8388608 (custom)
2024-06-06 03:46:41,582 [8ce15023-a244-46a6-a4b0-50e62c01a133-groupManagement] INFO  server.RaftServerConfigKeys (ConfUtils.java:logGet(46)) - raft.server.log.statemachine.data.read.timeout = 1000ms (default)
2024-06-06 03:46:41,582 [8ce15023-a244-46a6-a4b0-50e62c01a133-groupManagement] INFO  server.RaftServerConfigKeys (ConfUtils.java:logGet(46)) - raft.server.log.purge.preservation.log.num = 0 (default)
2024-06-06 03:46:41,584 [EventQueue-PipelineReportForPipelineReportHandler] INFO  pipeline.PipelineReportHandler (PipelineReportHandler.java:processPipelineReport(136)) - Opened pipeline PipelineID=3602a8fd-e698-4766-a485-516c1991b6df
2024-06-06 03:46:41,584 [EventQueue-OpenPipelineForHealthyPipelineSafeModeRule] INFO  safemode.SCMSafeModeManager (HealthyPipelineSafeModeRule.java:process(140)) - SCM in safe mode. Healthy pipelines reported count is 0, required healthy pipeline reported count is 1
2024-06-06 03:46:41,585 [8ce15023-a244-46a6-a4b0-50e62c01a133-groupManagement] INFO  server.RaftServerConfigKeys (ConfUtils.java:logGet(46)) - raft.server.log.segment.size.max = 67108864 (custom)
2024-06-06 03:46:41,586 [8ce15023-a244-46a6-a4b0-50e62c01a133-groupManagement] INFO  server.RaftServerConfigKeys (ConfUtils.java:logGet(46)) - raft.server.log.segment.cache.num.max = 2 (custom)
2024-06-06 03:46:41,586 [8ce15023-a244-46a6-a4b0-50e62c01a133-groupManagement] INFO  server.RaftServerConfigKeys (ConfUtils.java:logGet(46)) - raft.server.log.segment.cache.size.max = 200MB (=209715200) (default)
2024-06-06 03:46:41,587 [8ce15023-a244-46a6-a4b0-50e62c01a133-groupManagement] INFO  server.RaftServerConfigKeys (ConfUtils.java:logGet(46)) - raft.server.log.appender.buffer.byte-limit = 8388608 (custom)
2024-06-06 03:46:41,587 [8ce15023-a244-46a6-a4b0-50e62c01a133-groupManagement] INFO  util.AwaitToRun (AwaitToRun.java:start(81)) - Thread[8ce15023-a244-46a6-a4b0-50e62c01a133@group-516C1991B6DF-cacheEviction-AwaitToRun,5,main] started
2024-06-06 03:46:41,587 [8ce15023-a244-46a6-a4b0-50e62c01a133-groupManagement] INFO  segmented.SegmentedRaftLogWorker (SegmentedRaftLogWorker.java:<init>(182)) - new 8ce15023-a244-46a6-a4b0-50e62c01a133@group-516C1991B6DF-SegmentedRaftLogWorker for RaftStorageImpl:Storage Directory /home/runner/work/ozone/ozone/hadoop-ozone/integration-test/target/test-dir/MiniOzoneClusterImpl-9b8c67d1-9dc3-4dee-b61a-2e100565025d/ozone-meta/datanode-2/ratis/3602a8fd-e698-4766-a485-516c1991b6df
2024-06-06 03:46:41,588 [8ce15023-a244-46a6-a4b0-50e62c01a133-groupManagement] INFO  server.RaftServerConfigKeys (ConfUtils.java:logGet(46)) - raft.server.log.queue.byte-limit = 4294967296 (custom)
2024-06-06 03:46:41,588 [8ce15023-a244-46a6-a4b0-50e62c01a133-groupManagement] INFO  server.RaftServerConfigKeys (ConfUtils.java:logGet(46)) - raft.server.log.queue.element-limit = 1024 (custom)
2024-06-06 03:46:41,588 [8ce15023-a244-46a6-a4b0-50e62c01a133-groupManagement] INFO  server.RaftServerConfigKeys (ConfUtils.java:logGet(46)) - raft.server.log.segment.size.max = 67108864 (custom)
2024-06-06 03:46:41,588 [8ce15023-a244-46a6-a4b0-50e62c01a133-groupManagement] INFO  server.RaftServerConfigKeys (ConfUtils.java:logGet(46)) - raft.server.log.preallocated.size = 4194304 (custom)
2024-06-06 03:46:41,588 [8ce15023-a244-46a6-a4b0-50e62c01a133-groupManagement] INFO  server.RaftServerConfigKeys (ConfUtils.java:logGet(46)) - raft.server.log.force.sync.num = 128 (default)
2024-06-06 03:46:41,588 [8ce15023-a244-46a6-a4b0-50e62c01a133-groupManagement] INFO  server.RaftServerConfigKeys (ConfUtils.java:logGet(46)) - raft.server.log.statemachine.data.sync = true (default)
2024-06-06 03:46:41,588 [8ce15023-a244-46a6-a4b0-50e62c01a133-groupManagement] INFO  server.RaftServerConfigKeys (ConfUtils.java:logGet(46)) - raft.server.log.statemachine.data.sync.timeout = 10s (default)
2024-06-06 03:46:41,588 [8ce15023-a244-46a6-a4b0-50e62c01a133-groupManagement] INFO  server.RaftServerConfigKeys (ConfUtils.java:logGet(46)) - raft.server.log.statemachine.data.sync.timeout.retry = 30 (custom)
2024-06-06 03:46:41,588 [8ce15023-a244-46a6-a4b0-50e62c01a133-groupManagement] INFO  server.RaftServerConfigKeys (ConfUtils.java:logGet(46)) - raft.server.log.write.buffer.size = 8388616 (custom)
2024-06-06 03:46:41,591 [8ce15023-a244-46a6-a4b0-50e62c01a133-groupManagement] INFO  server.RaftServerConfigKeys (ConfUtils.java:logGet(46)) - raft.server.log.appender.buffer.byte-limit = 8388608 (custom)
2024-06-06 03:46:41,591 [8ce15023-a244-46a6-a4b0-50e62c01a133-groupManagement] INFO  server.RaftServerConfigKeys (ConfUtils.java:logGet(46)) - raft.server.log.unsafe-flush.enabled = false (default)
2024-06-06 03:46:41,591 [8ce15023-a244-46a6-a4b0-50e62c01a133-groupManagement] INFO  server.RaftServerConfigKeys (ConfUtils.java:logGet(46)) - raft.server.log.async-flush.enabled = false (default)
2024-06-06 03:46:41,591 [8ce15023-a244-46a6-a4b0-50e62c01a133-groupManagement] INFO  server.RaftServerConfigKeys (ConfUtils.java:logGet(46)) - raft.server.log.statemachine.data.caching.enabled = true (custom)
2024-06-06 03:46:41,591 [8ce15023-a244-46a6-a4b0-50e62c01a133-groupManagement] INFO  segmented.SegmentedRaftLogWorker (SegmentedRaftLogWorker.java:lambda$new$0(134)) - 8ce15023-a244-46a6-a4b0-50e62c01a133@group-516C1991B6DF-SegmentedRaftLogWorker: flushIndex: setUnconditionally 0 -> -1
2024-06-06 03:46:41,591 [8ce15023-a244-46a6-a4b0-50e62c01a133-groupManagement] INFO  segmented.SegmentedRaftLogWorker (SegmentedRaftLogWorker.java:lambda$new$0(134)) - 8ce15023-a244-46a6-a4b0-50e62c01a133@group-516C1991B6DF-SegmentedRaftLogWorker: safeCacheEvictIndex: setUnconditionally 0 -> -1
2024-06-06 03:46:41,595 [8ce15023-a244-46a6-a4b0-50e62c01a133-groupManagement] INFO  server.RaftServer$Division (RaftServerImpl.java:start(396)) - 8ce15023-a244-46a6-a4b0-50e62c01a133@group-516C1991B6DF: start as a follower, conf=-1: peers:[8ce15023-a244-46a6-a4b0-50e62c01a133|127.0.0.1:15023]|listeners:[], old=null
2024-06-06 03:46:41,595 [8ce15023-a244-46a6-a4b0-50e62c01a133-groupManagement] INFO  server.RaftServer$Division (RaftServerImpl.java:setRole(383)) - 8ce15023-a244-46a6-a4b0-50e62c01a133@group-516C1991B6DF: changes role from      null to FOLLOWER at term 0 for startAsFollower
2024-06-06 03:46:41,595 [8ce15023-a244-46a6-a4b0-50e62c01a133-groupManagement] INFO  impl.RoleInfo (RoleInfo.java:updateAndGet(139)) - 8ce15023-a244-46a6-a4b0-50e62c01a133: start 8ce15023-a244-46a6-a4b0-50e62c01a133@group-516C1991B6DF-FollowerState
2024-06-06 03:46:41,595 [8ce15023-a244-46a6-a4b0-50e62c01a133-groupManagement] INFO  util.JmxRegister (JmxRegister.java:tryRegister(44)) - Successfully registered JMX Bean with object name Ratis:service=RaftServer,group=group-516C1991B6DF,id=8ce15023-a244-46a6-a4b0-50e62c01a133
2024-06-06 03:46:41,596 [8ce15023-a244-46a6-a4b0-50e62c01a133-groupManagement] INFO  server.RaftServerConfigKeys (ConfUtils.java:logGet(46)) - raft.server.snapshot.trigger-when-stop.enabled = true (default)
2024-06-06 03:46:41,596 [8ce15023-a244-46a6-a4b0-50e62c01a133-groupManagement] INFO  server.RaftServerConfigKeys (ConfUtils.java:logGet(46)) - raft.server.snapshot.auto.trigger.enabled = true (custom)
2024-06-06 03:46:41,596 [8ce15023-a244-46a6-a4b0-50e62c01a133-groupManagement] INFO  server.RaftServerConfigKeys (ConfUtils.java:logGet(46)) - raft.server.snapshot.auto.trigger.threshold = 10000 (custom)
2024-06-06 03:46:41,596 [8ce15023-a244-46a6-a4b0-50e62c01a133-groupManagement] INFO  server.RaftServerConfigKeys (ConfUtils.java:logGet(46)) - raft.server.snapshot.retention.file.num = 5 (custom)
2024-06-06 03:46:41,596 [8ce15023-a244-46a6-a4b0-50e62c01a133-groupManagement] INFO  server.RaftServerConfigKeys (ConfUtils.java:logGet(46)) - raft.server.log.purge.upto.snapshot.index = false (default)
2024-06-06 03:46:41,597 [8ce15023-a244-46a6-a4b0-50e62c01a133@group-516C1991B6DF-FollowerState] INFO  server.RaftServerConfigKeys (ConfUtils.java:logFallback(53)) - raft.server.rpc.first-election.timeout.min = 5s (fallback to raft.server.rpc.timeout.min)
2024-06-06 03:46:41,597 [8ce15023-a244-46a6-a4b0-50e62c01a133@group-516C1991B6DF-FollowerState] INFO  server.RaftServerConfigKeys (ConfUtils.java:logFallback(53)) - raft.server.rpc.first-election.timeout.max = 5200ms (fallback to raft.server.rpc.timeout.max)
2024-06-06 03:46:41,597 [8ce15023-a244-46a6-a4b0-50e62c01a133-PipelineCommandHandlerThread-0] INFO  ratis.XceiverServerRatis (XceiverServerRatis.java:addGroup(864)) - Created group PipelineID=3602a8fd-e698-4766-a485-516c1991b6df
2024-06-06 03:46:41,597 [8ce15023-a244-46a6-a4b0-50e62c01a133-PipelineCommandHandlerThread-0] INFO  commandhandler.CreatePipelineCommandHandler (CreatePipelineCommandHandler.java:lambda$handle$2(124)) - Created Pipeline RATIS ONE PipelineID=3602a8fd-e698-4766-a485-516c1991b6df.
2024-06-06 03:46:41,598 [8ce15023-a244-46a6-a4b0-50e62c01a133-PipelineCommandHandlerThread-0] INFO  server.RaftServer (RaftServerProxy.java:addNew(100)) - 8ce15023-a244-46a6-a4b0-50e62c01a133: addNew group-705F87E8897F:[f4c2b6b8-993f-476e-b2b0-0769277f8579|127.0.0.1:15032, 8ce15023-a244-46a6-a4b0-50e62c01a133|127.0.0.1:15023, 5e18cff1-cfa8-44b4-8834-447d353e7c51|127.0.0.1:15014] returns group-705F87E8897F:java.util.concurrent.CompletableFuture@39d13bd4[Not completed]
2024-06-06 03:46:41,600 [8ce15023-a244-46a6-a4b0-50e62c01a133-groupManagement] INFO  server.RaftServer$Division (RaftServerImpl.java:<init>(256)) - 8ce15023-a244-46a6-a4b0-50e62c01a133: new RaftServerImpl for group-705F87E8897F:[f4c2b6b8-993f-476e-b2b0-0769277f8579|127.0.0.1:15032, 8ce15023-a244-46a6-a4b0-50e62c01a133|127.0.0.1:15023, 5e18cff1-cfa8-44b4-8834-447d353e7c51|127.0.0.1:15014] with ContainerStateMachine:uninitialized
2024-06-06 03:46:41,600 [8ce15023-a244-46a6-a4b0-50e62c01a133-groupManagement] INFO  server.RaftServerConfigKeys (ConfUtils.java:logGet(46)) - raft.server.rpc.timeout.min = 5s (custom)
2024-06-06 03:46:41,600 [8ce15023-a244-46a6-a4b0-50e62c01a133-groupManagement] INFO  server.RaftServerConfigKeys (ConfUtils.java:logGet(46)) - raft.server.rpc.timeout.max = 5200ms (custom)
2024-06-06 03:46:41,600 [8ce15023-a244-46a6-a4b0-50e62c01a133-groupManagement] INFO  server.RaftServerConfigKeys (ConfUtils.java:logGet(46)) - raft.server.rpc.sleep.time = 25ms (default)
2024-06-06 03:46:41,600 [8ce15023-a244-46a6-a4b0-50e62c01a133-groupManagement] INFO  server.RaftServerConfigKeys (ConfUtils.java:logGet(46)) - raft.server.rpc.slowness.timeout = 300s (custom)
2024-06-06 03:46:41,600 [8ce15023-a244-46a6-a4b0-50e62c01a133-groupManagement] INFO  server.RaftServerConfigKeys (ConfUtils.java:logGet(46)) - raft.server.leaderelection.leader.step-down.wait-time = 10s (default)
2024-06-06 03:46:41,600 [8ce15023-a244-46a6-a4b0-50e62c01a133-groupManagement] INFO  server.RaftServerConfigKeys (ConfUtils.java:logGet(46)) - raft.server.leaderelection.member.majority-add = false (default)
2024-06-06 03:46:41,600 [8ce15023-a244-46a6-a4b0-50e62c01a133-groupManagement] INFO  server.RaftServerConfigKeys (ConfUtils.java:logGet(46)) - raft.server.sleep.deviation.threshold = 300ms (default)
2024-06-06 03:46:41,600 [8ce15023-a244-46a6-a4b0-50e62c01a133-groupManagement] INFO  server.RaftServer$Division (ServerState.java:<init>(113)) - 8ce15023-a244-46a6-a4b0-50e62c01a133@group-705F87E8897F: ConfigurationManager, init=-1: peers:[f4c2b6b8-993f-476e-b2b0-0769277f8579|127.0.0.1:15032, 8ce15023-a244-46a6-a4b0-50e62c01a133|127.0.0.1:15023, 5e18cff1-cfa8-44b4-8834-447d353e7c51|127.0.0.1:15014]|listeners:[], old=null, confs=<EMPTY_MAP>
2024-06-06 03:46:41,600 [8ce15023-a244-46a6-a4b0-50e62c01a133-groupManagement] INFO  server.RaftServerConfigKeys (ConfUtils.java:logGet(46)) - raft.server.notification.no-leader.timeout = 300s (custom)
2024-06-06 03:46:41,600 [8ce15023-a244-46a6-a4b0-50e62c01a133-groupManagement] INFO  server.RaftServerConfigKeys (ConfUtils.java:logGet(46)) - raft.server.read.timeout = 10s (default)
2024-06-06 03:46:41,601 [8ce15023-a244-46a6-a4b0-50e62c01a133-groupManagement] INFO  server.RaftServerConfigKeys (ConfUtils.java:logGet(46)) - raft.server.retrycache.expirytime = 600000ms (custom)
2024-06-06 03:46:41,601 [8ce15023-a244-46a6-a4b0-50e62c01a133-groupManagement] INFO  server.RaftServerConfigKeys (ConfUtils.java:logGet(46)) - raft.server.retrycache.statistics.expirytime = 100ms (default)
2024-06-06 03:46:41,601 [8ce15023-a244-46a6-a4b0-50e62c01a133-groupManagement] INFO  server.RaftServerConfigKeys (ConfUtils.java:logGet(46)) - raft.server.read.option = DEFAULT (default)
2024-06-06 03:46:41,601 [8ce15023-a244-46a6-a4b0-50e62c01a133-groupManagement] INFO  server.RaftServerConfigKeys (ConfUtils.java:logGet(46)) - raft.server.read.read-after-write-consistent.write-index-cache.expiry-time = 60s (default)
2024-06-06 03:46:41,605 [8ce15023-a244-46a6-a4b0-50e62c01a133-groupManagement] INFO  server.RaftServerConfigKeys (ConfUtils.java:logGet(46)) - raft.server.rpc.request.timeout = 60s (custom)
2024-06-06 03:46:41,605 [8ce15023-a244-46a6-a4b0-50e62c01a133-groupManagement] INFO  server.RaftServerConfigKeys (ConfUtils.java:logGet(46)) - raft.server.log.appender.install.snapshot.enabled = false (custom)
2024-06-06 03:46:41,605 [8ce15023-a244-46a6-a4b0-50e62c01a133-groupManagement] INFO  server.RaftServerConfigKeys (ConfUtils.java:logGet(46)) - raft.server.threadpool.server.cached = true (default)
2024-06-06 03:46:41,605 [8ce15023-a244-46a6-a4b0-50e62c01a133-groupManagement] INFO  server.RaftServerConfigKeys (ConfUtils.java:logGet(46)) - raft.server.threadpool.server.size = 0 (default)
2024-06-06 03:46:41,605 [8ce15023-a244-46a6-a4b0-50e62c01a133-groupManagement] INFO  server.RaftServerConfigKeys (ConfUtils.java:logGet(46)) - raft.server.threadpool.client.cached = true (default)
2024-06-06 03:46:41,605 [8ce15023-a244-46a6-a4b0-50e62c01a133-groupManagement] INFO  server.RaftServerConfigKeys (ConfUtils.java:logGet(46)) - raft.server.threadpool.client.size = 0 (default)
2024-06-06 03:46:41,605 [8ce15023-a244-46a6-a4b0-50e62c01a133-groupManagement] INFO  server.RaftServerConfigKeys (ConfUtils.java:logGet(46)) - raft.server.storage.free-space.min = 0MB (=0) (default)
2024-06-06 03:46:41,605 [8ce15023-a244-46a6-a4b0-50e62c01a133-groupManagement] INFO  server.RaftServerConfigKeys (ConfUtils.java:logGet(46)) - raft.server.log.corruption.policy = EXCEPTION (default)
2024-06-06 03:46:41,605 [8ce15023-a244-46a6-a4b0-50e62c01a133-groupManagement] INFO  server.RaftServerConfigKeys (ConfUtils.java:logGet(46)) - raft.server.storage.dir = [/home/runner/work/ozone/ozone/hadoop-ozone/integration-test/target/test-dir/MiniOzoneClusterImpl-9b8c67d1-9dc3-4dee-b61a-2e100565025d/ozone-meta/datanode-2/ratis] (custom)
2024-06-06 03:46:41,606 [8ce15023-a244-46a6-a4b0-50e62c01a133-groupManagement] INFO  storage.RaftStorageDirectory (RaftStorageDirectoryImpl.java:analyzeStorage(138)) - The storage directory /home/runner/work/ozone/ozone/hadoop-ozone/integration-test/target/test-dir/MiniOzoneClusterImpl-9b8c67d1-9dc3-4dee-b61a-2e100565025d/ozone-meta/datanode-2/ratis/391b85ed-4590-4ce6-af93-705f87e8897f does not exist. Creating ...
2024-06-06 03:46:41,607 [8ce15023-a244-46a6-a4b0-50e62c01a133-groupManagement] INFO  storage.RaftStorageDirectory (RaftStorageDirectoryImpl.java:tryLock(228)) - Lock on /home/runner/work/ozone/ozone/hadoop-ozone/integration-test/target/test-dir/MiniOzoneClusterImpl-9b8c67d1-9dc3-4dee-b61a-2e100565025d/ozone-meta/datanode-2/ratis/391b85ed-4590-4ce6-af93-705f87e8897f/in_use.lock acquired by nodename 90173@fv-az1985-286
2024-06-06 03:46:41,608 [8ce15023-a244-46a6-a4b0-50e62c01a133-groupManagement] INFO  storage.RaftStorage (RaftStorageImpl.java:format(99)) - Storage directory /home/runner/work/ozone/ozone/hadoop-ozone/integration-test/target/test-dir/MiniOzoneClusterImpl-9b8c67d1-9dc3-4dee-b61a-2e100565025d/ozone-meta/datanode-2/ratis/391b85ed-4590-4ce6-af93-705f87e8897f has been successfully formatted.
2024-06-06 03:46:41,608 [8ce15023-a244-46a6-a4b0-50e62c01a133-groupManagement] WARN  util.FileUtils (LogUtils.java:supplyAndLog(63)) - Failed to Files.newInputStream /home/runner/work/ozone/ozone/hadoop-ozone/integration-test/target/test-dir/MiniOzoneClusterImpl-9b8c67d1-9dc3-4dee-b61a-2e100565025d/ozone-meta/datanode-2/ratis/391b85ed-4590-4ce6-af93-705f87e8897f/current/raft-meta.conf with options []: java.nio.file.NoSuchFileException: /home/runner/work/ozone/ozone/hadoop-ozone/integration-test/target/test-dir/MiniOzoneClusterImpl-9b8c67d1-9dc3-4dee-b61a-2e100565025d/ozone-meta/datanode-2/ratis/391b85ed-4590-4ce6-af93-705f87e8897f/current/raft-meta.conf
2024-06-06 03:46:41,609 [8ce15023-a244-46a6-a4b0-50e62c01a133-groupManagement] INFO  ratis.ContainerStateMachine (ContainerStateMachine.java:loadSnapshot(287)) - group-705F87E8897F: The snapshot info is null. Setting the last applied index to:(t:0, i:~)
2024-06-06 03:46:41,609 [8ce15023-a244-46a6-a4b0-50e62c01a133-groupManagement] INFO  server.RaftServerConfigKeys (ConfUtils.java:logGet(46)) - raft.server.log.use.memory = false (default)
2024-06-06 03:46:41,609 [8ce15023-a244-46a6-a4b0-50e62c01a133-groupManagement] INFO  server.RaftServerConfigKeys (ConfUtils.java:logGet(46)) - raft.server.log.purge.gap = 1000000 (custom)
2024-06-06 03:46:41,609 [8ce15023-a244-46a6-a4b0-50e62c01a133-groupManagement] INFO  server.RaftServerConfigKeys (ConfUtils.java:logGet(46)) - raft.server.log.appender.buffer.byte-limit = 8388608 (custom)
2024-06-06 03:46:41,609 [8ce15023-a244-46a6-a4b0-50e62c01a133-groupManagement] INFO  server.RaftServerConfigKeys (ConfUtils.java:logGet(46)) - raft.server.log.statemachine.data.read.timeout = 1000ms (default)
2024-06-06 03:46:41,609 [8ce15023-a244-46a6-a4b0-50e62c01a133-groupManagement] INFO  server.RaftServerConfigKeys (ConfUtils.java:logGet(46)) - raft.server.log.purge.preservation.log.num = 0 (default)
2024-06-06 03:46:41,610 [EventQueue-OpenPipelineForHealthyPipelineSafeModeRule] INFO  safemode.SCMSafeModeManager (HealthyPipelineSafeModeRule.java:process(140)) - SCM in safe mode. Healthy pipelines reported count is 0, required healthy pipeline reported count is 1
2024-06-06 03:46:41,612 [8ce15023-a244-46a6-a4b0-50e62c01a133-groupManagement] INFO  server.RaftServerConfigKeys (ConfUtils.java:logGet(46)) - raft.server.log.segment.size.max = 67108864 (custom)
2024-06-06 03:46:41,613 [8ce15023-a244-46a6-a4b0-50e62c01a133-groupManagement] INFO  server.RaftServerConfigKeys (ConfUtils.java:logGet(46)) - raft.server.log.segment.cache.num.max = 2 (custom)
2024-06-06 03:46:41,613 [8ce15023-a244-46a6-a4b0-50e62c01a133-groupManagement] INFO  server.RaftServerConfigKeys (ConfUtils.java:logGet(46)) - raft.server.log.segment.cache.size.max = 200MB (=209715200) (default)
2024-06-06 03:46:41,613 [8ce15023-a244-46a6-a4b0-50e62c01a133-groupManagement] INFO  server.RaftServerConfigKeys (ConfUtils.java:logGet(46)) - raft.server.log.appender.buffer.byte-limit = 8388608 (custom)
2024-06-06 03:46:41,617 [8ce15023-a244-46a6-a4b0-50e62c01a133-groupManagement] INFO  util.AwaitToRun (AwaitToRun.java:start(81)) - Thread[8ce15023-a244-46a6-a4b0-50e62c01a133@group-705F87E8897F-cacheEviction-AwaitToRun,5,main] started
2024-06-06 03:46:41,617 [8ce15023-a244-46a6-a4b0-50e62c01a133-groupManagement] INFO  segmented.SegmentedRaftLogWorker (SegmentedRaftLogWorker.java:<init>(182)) - new 8ce15023-a244-46a6-a4b0-50e62c01a133@group-705F87E8897F-SegmentedRaftLogWorker for RaftStorageImpl:Storage Directory /home/runner/work/ozone/ozone/hadoop-ozone/integration-test/target/test-dir/MiniOzoneClusterImpl-9b8c67d1-9dc3-4dee-b61a-2e100565025d/ozone-meta/datanode-2/ratis/391b85ed-4590-4ce6-af93-705f87e8897f
2024-06-06 03:46:41,617 [8ce15023-a244-46a6-a4b0-50e62c01a133-groupManagement] INFO  server.RaftServerConfigKeys (ConfUtils.java:logGet(46)) - raft.server.log.queue.byte-limit = 4294967296 (custom)
2024-06-06 03:46:41,617 [8ce15023-a244-46a6-a4b0-50e62c01a133-groupManagement] INFO  server.RaftServerConfigKeys (ConfUtils.java:logGet(46)) - raft.server.log.queue.element-limit = 1024 (custom)
2024-06-06 03:46:41,618 [8ce15023-a244-46a6-a4b0-50e62c01a133-groupManagement] INFO  server.RaftServerConfigKeys (ConfUtils.java:logGet(46)) - raft.server.log.segment.size.max = 67108864 (custom)
2024-06-06 03:46:41,618 [8ce15023-a244-46a6-a4b0-50e62c01a133-groupManagement] INFO  server.RaftServerConfigKeys (ConfUtils.java:logGet(46)) - raft.server.log.preallocated.size = 4194304 (custom)
2024-06-06 03:46:41,618 [8ce15023-a244-46a6-a4b0-50e62c01a133-groupManagement] INFO  server.RaftServerConfigKeys (ConfUtils.java:logGet(46)) - raft.server.log.force.sync.num = 128 (default)
2024-06-06 03:46:41,618 [8ce15023-a244-46a6-a4b0-50e62c01a133-groupManagement] INFO  server.RaftServerConfigKeys (ConfUtils.java:logGet(46)) - raft.server.log.statemachine.data.sync = true (default)
2024-06-06 03:46:41,618 [8ce15023-a244-46a6-a4b0-50e62c01a133-groupManagement] INFO  server.RaftServerConfigKeys (ConfUtils.java:logGet(46)) - raft.server.log.statemachine.data.sync.timeout = 10s (default)
2024-06-06 03:46:41,618 [8ce15023-a244-46a6-a4b0-50e62c01a133-groupManagement] INFO  server.RaftServerConfigKeys (ConfUtils.java:logGet(46)) - raft.server.log.statemachine.data.sync.timeout.retry = 30 (custom)
2024-06-06 03:46:41,619 [8ce15023-a244-46a6-a4b0-50e62c01a133-groupManagement] INFO  server.RaftServerConfigKeys (ConfUtils.java:logGet(46)) - raft.server.log.write.buffer.size = 8388616 (custom)
2024-06-06 03:46:41,621 [8ce15023-a244-46a6-a4b0-50e62c01a133-groupManagement] INFO  server.RaftServerConfigKeys (ConfUtils.java:logGet(46)) - raft.server.log.appender.buffer.byte-limit = 8388608 (custom)
2024-06-06 03:46:41,621 [8ce15023-a244-46a6-a4b0-50e62c01a133-groupManagement] INFO  server.RaftServerConfigKeys (ConfUtils.java:logGet(46)) - raft.server.log.unsafe-flush.enabled = false (default)
2024-06-06 03:46:41,621 [8ce15023-a244-46a6-a4b0-50e62c01a133-groupManagement] INFO  server.RaftServerConfigKeys (ConfUtils.java:logGet(46)) - raft.server.log.async-flush.enabled = false (default)
2024-06-06 03:46:41,621 [8ce15023-a244-46a6-a4b0-50e62c01a133-groupManagement] INFO  server.RaftServerConfigKeys (ConfUtils.java:logGet(46)) - raft.server.log.statemachine.data.caching.enabled = true (custom)
2024-06-06 03:46:41,622 [8ce15023-a244-46a6-a4b0-50e62c01a133-groupManagement] INFO  segmented.SegmentedRaftLogWorker (SegmentedRaftLogWorker.java:lambda$new$0(134)) - 8ce15023-a244-46a6-a4b0-50e62c01a133@group-705F87E8897F-SegmentedRaftLogWorker: flushIndex: setUnconditionally 0 -> -1
2024-06-06 03:46:41,622 [8ce15023-a244-46a6-a4b0-50e62c01a133-groupManagement] INFO  segmented.SegmentedRaftLogWorker (SegmentedRaftLogWorker.java:lambda$new$0(134)) - 8ce15023-a244-46a6-a4b0-50e62c01a133@group-705F87E8897F-SegmentedRaftLogWorker: safeCacheEvictIndex: setUnconditionally 0 -> -1
2024-06-06 03:46:41,624 [8ce15023-a244-46a6-a4b0-50e62c01a133-groupManagement] INFO  server.RaftServer$Division (RaftServerImpl.java:start(396)) - 8ce15023-a244-46a6-a4b0-50e62c01a133@group-705F87E8897F: start as a follower, conf=-1: peers:[f4c2b6b8-993f-476e-b2b0-0769277f8579|127.0.0.1:15032, 8ce15023-a244-46a6-a4b0-50e62c01a133|127.0.0.1:15023, 5e18cff1-cfa8-44b4-8834-447d353e7c51|127.0.0.1:15014]|listeners:[], old=null
2024-06-06 03:46:41,624 [8ce15023-a244-46a6-a4b0-50e62c01a133-groupManagement] INFO  server.RaftServer$Division (RaftServerImpl.java:setRole(383)) - 8ce15023-a244-46a6-a4b0-50e62c01a133@group-705F87E8897F: changes role from      null to FOLLOWER at term 0 for startAsFollower
2024-06-06 03:46:41,624 [8ce15023-a244-46a6-a4b0-50e62c01a133-groupManagement] INFO  impl.RoleInfo (RoleInfo.java:updateAndGet(139)) - 8ce15023-a244-46a6-a4b0-50e62c01a133: start 8ce15023-a244-46a6-a4b0-50e62c01a133@group-705F87E8897F-FollowerState
2024-06-06 03:46:41,628 [8ce15023-a244-46a6-a4b0-50e62c01a133-groupManagement] INFO  util.JmxRegister (JmxRegister.java:tryRegister(44)) - Successfully registered JMX Bean with object name Ratis:service=RaftServer,group=group-705F87E8897F,id=8ce15023-a244-46a6-a4b0-50e62c01a133
2024-06-06 03:46:41,628 [8ce15023-a244-46a6-a4b0-50e62c01a133-groupManagement] INFO  server.RaftServerConfigKeys (ConfUtils.java:logGet(46)) - raft.server.snapshot.trigger-when-stop.enabled = true (default)
2024-06-06 03:46:41,628 [8ce15023-a244-46a6-a4b0-50e62c01a133-groupManagement] INFO  server.RaftServerConfigKeys (ConfUtils.java:logGet(46)) - raft.server.snapshot.auto.trigger.enabled = true (custom)
2024-06-06 03:46:41,628 [8ce15023-a244-46a6-a4b0-50e62c01a133-groupManagement] INFO  server.RaftServerConfigKeys (ConfUtils.java:logGet(46)) - raft.server.snapshot.auto.trigger.threshold = 10000 (custom)
2024-06-06 03:46:41,628 [8ce15023-a244-46a6-a4b0-50e62c01a133-groupManagement] INFO  server.RaftServerConfigKeys (ConfUtils.java:logGet(46)) - raft.server.snapshot.retention.file.num = 5 (custom)
2024-06-06 03:46:41,628 [8ce15023-a244-46a6-a4b0-50e62c01a133-groupManagement] INFO  server.RaftServerConfigKeys (ConfUtils.java:logGet(46)) - raft.server.log.purge.upto.snapshot.index = false (default)
2024-06-06 03:46:41,632 [8ce15023-a244-46a6-a4b0-50e62c01a133@group-705F87E8897F-FollowerState] INFO  server.RaftServerConfigKeys (ConfUtils.java:logFallback(53)) - raft.server.rpc.first-election.timeout.min = 5s (fallback to raft.server.rpc.timeout.min)
2024-06-06 03:46:41,632 [8ce15023-a244-46a6-a4b0-50e62c01a133@group-705F87E8897F-FollowerState] INFO  server.RaftServerConfigKeys (ConfUtils.java:logFallback(53)) - raft.server.rpc.first-election.timeout.max = 5200ms (fallback to raft.server.rpc.timeout.max)
2024-06-06 03:46:41,633 [8ce15023-a244-46a6-a4b0-50e62c01a133-PipelineCommandHandlerThread-0] INFO  ratis.XceiverServerRatis (XceiverServerRatis.java:addGroup(864)) - Created group PipelineID=391b85ed-4590-4ce6-af93-705f87e8897f
2024-06-06 03:46:41,677 [main] INFO  ozone.MiniOzoneClusterImpl (MiniOzoneClusterImpl.java:lambda$waitForClusterToBeReady$0(194)) - Nodes are ready. Got 3 of 3 DN Heartbeats.
2024-06-06 03:46:41,677 [main] INFO  ozone.MiniOzoneClusterImpl (MiniOzoneClusterImpl.java:lambda$waitForClusterToBeReady$0(197)) - Waiting for cluster to exit safe mode
2024-06-06 03:46:41,677 [main] INFO  ozone.MiniOzoneClusterImpl (MiniOzoneClusterImpl.java:lambda$waitForClusterToBeReady$0(199)) - SCM became leader
2024-06-06 03:46:41,679 [f4c2b6b8-993f-476e-b2b0-0769277f8579-PipelineCommandHandlerThread-0] INFO  server.RaftServer (RaftServerProxy.java:addNew(100)) - f4c2b6b8-993f-476e-b2b0-0769277f8579: addNew group-6D3C1FF08333:[f4c2b6b8-993f-476e-b2b0-0769277f8579|127.0.0.1:15032] returns group-6D3C1FF08333:java.util.concurrent.CompletableFuture@3b51f58f[Not completed]
2024-06-06 03:46:41,681 [f4c2b6b8-993f-476e-b2b0-0769277f8579-groupManagement] INFO  server.RaftServer$Division (RaftServerImpl.java:<init>(256)) - f4c2b6b8-993f-476e-b2b0-0769277f8579: new RaftServerImpl for group-6D3C1FF08333:[f4c2b6b8-993f-476e-b2b0-0769277f8579|127.0.0.1:15032] with ContainerStateMachine:uninitialized
2024-06-06 03:46:41,681 [f4c2b6b8-993f-476e-b2b0-0769277f8579-groupManagement] INFO  server.RaftServerConfigKeys (ConfUtils.java:logGet(46)) - raft.server.rpc.timeout.min = 5s (custom)
2024-06-06 03:46:41,681 [f4c2b6b8-993f-476e-b2b0-0769277f8579-groupManagement] INFO  server.RaftServerConfigKeys (ConfUtils.java:logGet(46)) - raft.server.rpc.timeout.max = 5200ms (custom)
2024-06-06 03:46:41,681 [f4c2b6b8-993f-476e-b2b0-0769277f8579-groupManagement] INFO  server.RaftServerConfigKeys (ConfUtils.java:logGet(46)) - raft.server.rpc.sleep.time = 25ms (default)
2024-06-06 03:46:41,682 [f4c2b6b8-993f-476e-b2b0-0769277f8579-groupManagement] INFO  server.RaftServerConfigKeys (ConfUtils.java:logGet(46)) - raft.server.rpc.slowness.timeout = 300s (custom)
2024-06-06 03:46:41,682 [f4c2b6b8-993f-476e-b2b0-0769277f8579-groupManagement] INFO  server.RaftServerConfigKeys (ConfUtils.java:logGet(46)) - raft.server.leaderelection.leader.step-down.wait-time = 10s (default)
2024-06-06 03:46:41,682 [f4c2b6b8-993f-476e-b2b0-0769277f8579-groupManagement] INFO  server.RaftServerConfigKeys (ConfUtils.java:logGet(46)) - raft.server.leaderelection.member.majority-add = false (default)
2024-06-06 03:46:41,682 [f4c2b6b8-993f-476e-b2b0-0769277f8579-groupManagement] INFO  server.RaftServerConfigKeys (ConfUtils.java:logGet(46)) - raft.server.sleep.deviation.threshold = 300ms (default)
2024-06-06 03:46:41,682 [f4c2b6b8-993f-476e-b2b0-0769277f8579-groupManagement] INFO  server.RaftServer$Division (ServerState.java:<init>(113)) - f4c2b6b8-993f-476e-b2b0-0769277f8579@group-6D3C1FF08333: ConfigurationManager, init=-1: peers:[f4c2b6b8-993f-476e-b2b0-0769277f8579|127.0.0.1:15032]|listeners:[], old=null, confs=<EMPTY_MAP>
2024-06-06 03:46:41,682 [f4c2b6b8-993f-476e-b2b0-0769277f8579-groupManagement] INFO  server.RaftServerConfigKeys (ConfUtils.java:logGet(46)) - raft.server.notification.no-leader.timeout = 300s (custom)
2024-06-06 03:46:41,682 [f4c2b6b8-993f-476e-b2b0-0769277f8579-groupManagement] INFO  server.RaftServerConfigKeys (ConfUtils.java:logGet(46)) - raft.server.read.timeout = 10s (default)
2024-06-06 03:46:41,682 [f4c2b6b8-993f-476e-b2b0-0769277f8579-groupManagement] INFO  server.RaftServerConfigKeys (ConfUtils.java:logGet(46)) - raft.server.retrycache.expirytime = 600000ms (custom)
2024-06-06 03:46:41,682 [f4c2b6b8-993f-476e-b2b0-0769277f8579-groupManagement] INFO  server.RaftServerConfigKeys (ConfUtils.java:logGet(46)) - raft.server.retrycache.statistics.expirytime = 100ms (default)
2024-06-06 03:46:41,682 [f4c2b6b8-993f-476e-b2b0-0769277f8579-groupManagement] INFO  server.RaftServerConfigKeys (ConfUtils.java:logGet(46)) - raft.server.read.option = DEFAULT (default)
2024-06-06 03:46:41,682 [f4c2b6b8-993f-476e-b2b0-0769277f8579-groupManagement] INFO  server.RaftServerConfigKeys (ConfUtils.java:logGet(46)) - raft.server.read.read-after-write-consistent.write-index-cache.expiry-time = 60s (default)
2024-06-06 03:46:41,691 [f4c2b6b8-993f-476e-b2b0-0769277f8579-groupManagement] INFO  server.RaftServerConfigKeys (ConfUtils.java:logGet(46)) - raft.server.rpc.request.timeout = 60s (custom)
2024-06-06 03:46:41,691 [f4c2b6b8-993f-476e-b2b0-0769277f8579-groupManagement] INFO  server.RaftServerConfigKeys (ConfUtils.java:logGet(46)) - raft.server.log.appender.install.snapshot.enabled = false (custom)
2024-06-06 03:46:41,692 [f4c2b6b8-993f-476e-b2b0-0769277f8579-groupManagement] INFO  server.RaftServerConfigKeys (ConfUtils.java:logGet(46)) - raft.server.threadpool.server.cached = true (default)
2024-06-06 03:46:41,692 [f4c2b6b8-993f-476e-b2b0-0769277f8579-groupManagement] INFO  server.RaftServerConfigKeys (ConfUtils.java:logGet(46)) - raft.server.threadpool.server.size = 0 (default)
2024-06-06 03:46:41,693 [f4c2b6b8-993f-476e-b2b0-0769277f8579-groupManagement] INFO  server.RaftServerConfigKeys (ConfUtils.java:logGet(46)) - raft.server.threadpool.client.cached = true (default)
2024-06-06 03:46:41,693 [f4c2b6b8-993f-476e-b2b0-0769277f8579-groupManagement] INFO  server.RaftServerConfigKeys (ConfUtils.java:logGet(46)) - raft.server.threadpool.client.size = 0 (default)
2024-06-06 03:46:41,694 [f4c2b6b8-993f-476e-b2b0-0769277f8579-groupManagement] INFO  server.RaftServerConfigKeys (ConfUtils.java:logGet(46)) - raft.server.storage.free-space.min = 0MB (=0) (default)
2024-06-06 03:46:41,694 [f4c2b6b8-993f-476e-b2b0-0769277f8579-groupManagement] INFO  server.RaftServerConfigKeys (ConfUtils.java:logGet(46)) - raft.server.log.corruption.policy = EXCEPTION (default)
2024-06-06 03:46:41,694 [f4c2b6b8-993f-476e-b2b0-0769277f8579-groupManagement] INFO  server.RaftServerConfigKeys (ConfUtils.java:logGet(46)) - raft.server.storage.dir = [/home/runner/work/ozone/ozone/hadoop-ozone/integration-test/target/test-dir/MiniOzoneClusterImpl-9b8c67d1-9dc3-4dee-b61a-2e100565025d/ozone-meta/datanode-3/ratis] (custom)
2024-06-06 03:46:41,695 [f4c2b6b8-993f-476e-b2b0-0769277f8579-groupManagement] INFO  storage.RaftStorageDirectory (RaftStorageDirectoryImpl.java:analyzeStorage(138)) - The storage directory /home/runner/work/ozone/ozone/hadoop-ozone/integration-test/target/test-dir/MiniOzoneClusterImpl-9b8c67d1-9dc3-4dee-b61a-2e100565025d/ozone-meta/datanode-3/ratis/99868fa8-4b5f-49a3-a5bb-6d3c1ff08333 does not exist. Creating ...
2024-06-06 03:46:41,699 [f4c2b6b8-993f-476e-b2b0-0769277f8579-groupManagement] INFO  storage.RaftStorageDirectory (RaftStorageDirectoryImpl.java:tryLock(228)) - Lock on /home/runner/work/ozone/ozone/hadoop-ozone/integration-test/target/test-dir/MiniOzoneClusterImpl-9b8c67d1-9dc3-4dee-b61a-2e100565025d/ozone-meta/datanode-3/ratis/99868fa8-4b5f-49a3-a5bb-6d3c1ff08333/in_use.lock acquired by nodename 90173@fv-az1985-286
2024-06-06 03:46:41,703 [f4c2b6b8-993f-476e-b2b0-0769277f8579-groupManagement] INFO  storage.RaftStorage (RaftStorageImpl.java:format(99)) - Storage directory /home/runner/work/ozone/ozone/hadoop-ozone/integration-test/target/test-dir/MiniOzoneClusterImpl-9b8c67d1-9dc3-4dee-b61a-2e100565025d/ozone-meta/datanode-3/ratis/99868fa8-4b5f-49a3-a5bb-6d3c1ff08333 has been successfully formatted.
2024-06-06 03:46:41,704 [f4c2b6b8-993f-476e-b2b0-0769277f8579-groupManagement] WARN  util.FileUtils (LogUtils.java:supplyAndLog(63)) - Failed to Files.newInputStream /home/runner/work/ozone/ozone/hadoop-ozone/integration-test/target/test-dir/MiniOzoneClusterImpl-9b8c67d1-9dc3-4dee-b61a-2e100565025d/ozone-meta/datanode-3/ratis/99868fa8-4b5f-49a3-a5bb-6d3c1ff08333/current/raft-meta.conf with options []: java.nio.file.NoSuchFileException: /home/runner/work/ozone/ozone/hadoop-ozone/integration-test/target/test-dir/MiniOzoneClusterImpl-9b8c67d1-9dc3-4dee-b61a-2e100565025d/ozone-meta/datanode-3/ratis/99868fa8-4b5f-49a3-a5bb-6d3c1ff08333/current/raft-meta.conf
2024-06-06 03:46:41,704 [f4c2b6b8-993f-476e-b2b0-0769277f8579-groupManagement] INFO  ratis.ContainerStateMachine (ContainerStateMachine.java:loadSnapshot(287)) - group-6D3C1FF08333: The snapshot info is null. Setting the last applied index to:(t:0, i:~)
2024-06-06 03:46:41,704 [f4c2b6b8-993f-476e-b2b0-0769277f8579-groupManagement] INFO  server.RaftServerConfigKeys (ConfUtils.java:logGet(46)) - raft.server.log.use.memory = false (default)
2024-06-06 03:46:41,705 [f4c2b6b8-993f-476e-b2b0-0769277f8579-groupManagement] INFO  server.RaftServerConfigKeys (ConfUtils.java:logGet(46)) - raft.server.log.purge.gap = 1000000 (custom)
2024-06-06 03:46:41,705 [f4c2b6b8-993f-476e-b2b0-0769277f8579-groupManagement] INFO  server.RaftServerConfigKeys (ConfUtils.java:logGet(46)) - raft.server.log.appender.buffer.byte-limit = 8388608 (custom)
2024-06-06 03:46:41,705 [f4c2b6b8-993f-476e-b2b0-0769277f8579-groupManagement] INFO  server.RaftServerConfigKeys (ConfUtils.java:logGet(46)) - raft.server.log.statemachine.data.read.timeout = 1000ms (default)
2024-06-06 03:46:41,705 [f4c2b6b8-993f-476e-b2b0-0769277f8579-groupManagement] INFO  server.RaftServerConfigKeys (ConfUtils.java:logGet(46)) - raft.server.log.purge.preservation.log.num = 0 (default)
2024-06-06 03:46:41,707 [f4c2b6b8-993f-476e-b2b0-0769277f8579-groupManagement] INFO  server.RaftServerConfigKeys (ConfUtils.java:logGet(46)) - raft.server.log.segment.size.max = 67108864 (custom)
2024-06-06 03:46:41,707 [EventQueue-PipelineReportForPipelineReportHandler] INFO  pipeline.PipelineReportHandler (PipelineReportHandler.java:processPipelineReport(136)) - Opened pipeline PipelineID=99868fa8-4b5f-49a3-a5bb-6d3c1ff08333
2024-06-06 03:46:41,707 [EventQueue-OpenPipelineForHealthyPipelineSafeModeRule] INFO  safemode.SCMSafeModeManager (HealthyPipelineSafeModeRule.java:process(140)) - SCM in safe mode. Healthy pipelines reported count is 0, required healthy pipeline reported count is 1
2024-06-06 03:46:41,707 [f4c2b6b8-993f-476e-b2b0-0769277f8579-groupManagement] INFO  server.RaftServerConfigKeys (ConfUtils.java:logGet(46)) - raft.server.log.segment.cache.num.max = 2 (custom)
2024-06-06 03:46:41,707 [f4c2b6b8-993f-476e-b2b0-0769277f8579-groupManagement] INFO  server.RaftServerConfigKeys (ConfUtils.java:logGet(46)) - raft.server.log.segment.cache.size.max = 200MB (=209715200) (default)
2024-06-06 03:46:41,708 [f4c2b6b8-993f-476e-b2b0-0769277f8579-groupManagement] INFO  server.RaftServerConfigKeys (ConfUtils.java:logGet(46)) - raft.server.log.appender.buffer.byte-limit = 8388608 (custom)
2024-06-06 03:46:41,711 [f4c2b6b8-993f-476e-b2b0-0769277f8579-groupManagement] INFO  util.AwaitToRun (AwaitToRun.java:start(81)) - Thread[f4c2b6b8-993f-476e-b2b0-0769277f8579@group-6D3C1FF08333-cacheEviction-AwaitToRun,5,main] started
2024-06-06 03:46:41,711 [f4c2b6b8-993f-476e-b2b0-0769277f8579-groupManagement] INFO  segmented.SegmentedRaftLogWorker (SegmentedRaftLogWorker.java:<init>(182)) - new f4c2b6b8-993f-476e-b2b0-0769277f8579@group-6D3C1FF08333-SegmentedRaftLogWorker for RaftStorageImpl:Storage Directory /home/runner/work/ozone/ozone/hadoop-ozone/integration-test/target/test-dir/MiniOzoneClusterImpl-9b8c67d1-9dc3-4dee-b61a-2e100565025d/ozone-meta/datanode-3/ratis/99868fa8-4b5f-49a3-a5bb-6d3c1ff08333
2024-06-06 03:46:41,711 [f4c2b6b8-993f-476e-b2b0-0769277f8579-groupManagement] INFO  server.RaftServerConfigKeys (ConfUtils.java:logGet(46)) - raft.server.log.queue.byte-limit = 4294967296 (custom)
2024-06-06 03:46:41,711 [f4c2b6b8-993f-476e-b2b0-0769277f8579-groupManagement] INFO  server.RaftServerConfigKeys (ConfUtils.java:logGet(46)) - raft.server.log.queue.element-limit = 1024 (custom)
2024-06-06 03:46:41,711 [f4c2b6b8-993f-476e-b2b0-0769277f8579-groupManagement] INFO  server.RaftServerConfigKeys (ConfUtils.java:logGet(46)) - raft.server.log.segment.size.max = 67108864 (custom)
2024-06-06 03:46:41,711 [f4c2b6b8-993f-476e-b2b0-0769277f8579-groupManagement] INFO  server.RaftServerConfigKeys (ConfUtils.java:logGet(46)) - raft.server.log.preallocated.size = 4194304 (custom)
2024-06-06 03:46:41,712 [f4c2b6b8-993f-476e-b2b0-0769277f8579-groupManagement] INFO  server.RaftServerConfigKeys (ConfUtils.java:logGet(46)) - raft.server.log.force.sync.num = 128 (default)
2024-06-06 03:46:41,712 [f4c2b6b8-993f-476e-b2b0-0769277f8579-groupManagement] INFO  server.RaftServerConfigKeys (ConfUtils.java:logGet(46)) - raft.server.log.statemachine.data.sync = true (default)
2024-06-06 03:46:41,712 [f4c2b6b8-993f-476e-b2b0-0769277f8579-groupManagement] INFO  server.RaftServerConfigKeys (ConfUtils.java:logGet(46)) - raft.server.log.statemachine.data.sync.timeout = 10s (default)
2024-06-06 03:46:41,712 [f4c2b6b8-993f-476e-b2b0-0769277f8579-groupManagement] INFO  server.RaftServerConfigKeys (ConfUtils.java:logGet(46)) - raft.server.log.statemachine.data.sync.timeout.retry = 30 (custom)
2024-06-06 03:46:41,712 [f4c2b6b8-993f-476e-b2b0-0769277f8579-groupManagement] INFO  server.RaftServerConfigKeys (ConfUtils.java:logGet(46)) - raft.server.log.write.buffer.size = 8388616 (custom)
2024-06-06 03:46:41,714 [f4c2b6b8-993f-476e-b2b0-0769277f8579-groupManagement] INFO  server.RaftServerConfigKeys (ConfUtils.java:logGet(46)) - raft.server.log.appender.buffer.byte-limit = 8388608 (custom)
2024-06-06 03:46:41,714 [f4c2b6b8-993f-476e-b2b0-0769277f8579-groupManagement] INFO  server.RaftServerConfigKeys (ConfUtils.java:logGet(46)) - raft.server.log.unsafe-flush.enabled = false (default)
2024-06-06 03:46:41,715 [f4c2b6b8-993f-476e-b2b0-0769277f8579-groupManagement] INFO  server.RaftServerConfigKeys (ConfUtils.java:logGet(46)) - raft.server.log.async-flush.enabled = false (default)
2024-06-06 03:46:41,715 [f4c2b6b8-993f-476e-b2b0-0769277f8579-groupManagement] INFO  server.RaftServerConfigKeys (ConfUtils.java:logGet(46)) - raft.server.log.statemachine.data.caching.enabled = true (custom)
2024-06-06 03:46:41,715 [f4c2b6b8-993f-476e-b2b0-0769277f8579-groupManagement] INFO  segmented.SegmentedRaftLogWorker (SegmentedRaftLogWorker.java:lambda$new$0(134)) - f4c2b6b8-993f-476e-b2b0-0769277f8579@group-6D3C1FF08333-SegmentedRaftLogWorker: flushIndex: setUnconditionally 0 -> -1
2024-06-06 03:46:41,716 [f4c2b6b8-993f-476e-b2b0-0769277f8579-groupManagement] INFO  segmented.SegmentedRaftLogWorker (SegmentedRaftLogWorker.java:lambda$new$0(134)) - f4c2b6b8-993f-476e-b2b0-0769277f8579@group-6D3C1FF08333-SegmentedRaftLogWorker: safeCacheEvictIndex: setUnconditionally 0 -> -1
2024-06-06 03:46:41,717 [f4c2b6b8-993f-476e-b2b0-0769277f8579-groupManagement] INFO  server.RaftServer$Division (RaftServerImpl.java:start(396)) - f4c2b6b8-993f-476e-b2b0-0769277f8579@group-6D3C1FF08333: start as a follower, conf=-1: peers:[f4c2b6b8-993f-476e-b2b0-0769277f8579|127.0.0.1:15032]|listeners:[], old=null
2024-06-06 03:46:41,718 [f4c2b6b8-993f-476e-b2b0-0769277f8579-groupManagement] INFO  server.RaftServer$Division (RaftServerImpl.java:setRole(383)) - f4c2b6b8-993f-476e-b2b0-0769277f8579@group-6D3C1FF08333: changes role from      null to FOLLOWER at term 0 for startAsFollower
2024-06-06 03:46:41,718 [f4c2b6b8-993f-476e-b2b0-0769277f8579-groupManagement] INFO  impl.RoleInfo (RoleInfo.java:updateAndGet(139)) - f4c2b6b8-993f-476e-b2b0-0769277f8579: start f4c2b6b8-993f-476e-b2b0-0769277f8579@group-6D3C1FF08333-FollowerState
2024-06-06 03:46:41,718 [f4c2b6b8-993f-476e-b2b0-0769277f8579-groupManagement] INFO  util.JmxRegister (JmxRegister.java:tryRegister(44)) - Successfully registered JMX Bean with object name Ratis:service=RaftServer,group=group-6D3C1FF08333,id=f4c2b6b8-993f-476e-b2b0-0769277f8579
2024-06-06 03:46:41,718 [f4c2b6b8-993f-476e-b2b0-0769277f8579-groupManagement] INFO  server.RaftServerConfigKeys (ConfUtils.java:logGet(46)) - raft.server.snapshot.trigger-when-stop.enabled = true (default)
2024-06-06 03:46:41,718 [f4c2b6b8-993f-476e-b2b0-0769277f8579-groupManagement] INFO  server.RaftServerConfigKeys (ConfUtils.java:logGet(46)) - raft.server.snapshot.auto.trigger.enabled = true (custom)
2024-06-06 03:46:41,718 [f4c2b6b8-993f-476e-b2b0-0769277f8579-groupManagement] INFO  server.RaftServerConfigKeys (ConfUtils.java:logGet(46)) - raft.server.snapshot.auto.trigger.threshold = 10000 (custom)
2024-06-06 03:46:41,719 [f4c2b6b8-993f-476e-b2b0-0769277f8579-groupManagement] INFO  server.RaftServerConfigKeys (ConfUtils.java:logGet(46)) - raft.server.snapshot.retention.file.num = 5 (custom)
2024-06-06 03:46:41,719 [f4c2b6b8-993f-476e-b2b0-0769277f8579-groupManagement] INFO  server.RaftServerConfigKeys (ConfUtils.java:logGet(46)) - raft.server.log.purge.upto.snapshot.index = false (default)
2024-06-06 03:46:41,720 [f4c2b6b8-993f-476e-b2b0-0769277f8579@group-6D3C1FF08333-FollowerState] INFO  server.RaftServerConfigKeys (ConfUtils.java:logFallback(53)) - raft.server.rpc.first-election.timeout.min = 5s (fallback to raft.server.rpc.timeout.min)
2024-06-06 03:46:41,720 [f4c2b6b8-993f-476e-b2b0-0769277f8579@group-6D3C1FF08333-FollowerState] INFO  server.RaftServerConfigKeys (ConfUtils.java:logFallback(53)) - raft.server.rpc.first-election.timeout.max = 5200ms (fallback to raft.server.rpc.timeout.max)
2024-06-06 03:46:41,722 [f4c2b6b8-993f-476e-b2b0-0769277f8579-PipelineCommandHandlerThread-0] INFO  ratis.XceiverServerRatis (XceiverServerRatis.java:addGroup(864)) - Created group PipelineID=99868fa8-4b5f-49a3-a5bb-6d3c1ff08333
2024-06-06 03:46:41,723 [f4c2b6b8-993f-476e-b2b0-0769277f8579-PipelineCommandHandlerThread-0] INFO  commandhandler.CreatePipelineCommandHandler (CreatePipelineCommandHandler.java:lambda$handle$2(124)) - Created Pipeline RATIS ONE PipelineID=99868fa8-4b5f-49a3-a5bb-6d3c1ff08333.
2024-06-06 03:46:41,723 [f4c2b6b8-993f-476e-b2b0-0769277f8579-PipelineCommandHandlerThread-0] INFO  server.RaftServer (RaftServerProxy.java:addNew(100)) - f4c2b6b8-993f-476e-b2b0-0769277f8579: addNew group-705F87E8897F:[f4c2b6b8-993f-476e-b2b0-0769277f8579|127.0.0.1:15032, 8ce15023-a244-46a6-a4b0-50e62c01a133|127.0.0.1:15023, 5e18cff1-cfa8-44b4-8834-447d353e7c51|127.0.0.1:15014] returns group-705F87E8897F:java.util.concurrent.CompletableFuture@3f6e663d[Not completed]
2024-06-06 03:46:41,725 [f4c2b6b8-993f-476e-b2b0-0769277f8579-groupManagement] INFO  server.RaftServer$Division (RaftServerImpl.java:<init>(256)) - f4c2b6b8-993f-476e-b2b0-0769277f8579: new RaftServerImpl for group-705F87E8897F:[f4c2b6b8-993f-476e-b2b0-0769277f8579|127.0.0.1:15032, 8ce15023-a244-46a6-a4b0-50e62c01a133|127.0.0.1:15023, 5e18cff1-cfa8-44b4-8834-447d353e7c51|127.0.0.1:15014] with ContainerStateMachine:uninitialized
2024-06-06 03:46:41,725 [f4c2b6b8-993f-476e-b2b0-0769277f8579-groupManagement] INFO  server.RaftServerConfigKeys (ConfUtils.java:logGet(46)) - raft.server.rpc.timeout.min = 5s (custom)
2024-06-06 03:46:41,725 [f4c2b6b8-993f-476e-b2b0-0769277f8579-groupManagement] INFO  server.RaftServerConfigKeys (ConfUtils.java:logGet(46)) - raft.server.rpc.timeout.max = 5200ms (custom)
2024-06-06 03:46:41,725 [f4c2b6b8-993f-476e-b2b0-0769277f8579-groupManagement] INFO  server.RaftServerConfigKeys (ConfUtils.java:logGet(46)) - raft.server.rpc.sleep.time = 25ms (default)
2024-06-06 03:46:41,725 [f4c2b6b8-993f-476e-b2b0-0769277f8579-groupManagement] INFO  server.RaftServerConfigKeys (ConfUtils.java:logGet(46)) - raft.server.rpc.slowness.timeout = 300s (custom)
2024-06-06 03:46:41,726 [f4c2b6b8-993f-476e-b2b0-0769277f8579-groupManagement] INFO  server.RaftServerConfigKeys (ConfUtils.java:logGet(46)) - raft.server.leaderelection.leader.step-down.wait-time = 10s (default)
2024-06-06 03:46:41,726 [f4c2b6b8-993f-476e-b2b0-0769277f8579-groupManagement] INFO  server.RaftServerConfigKeys (ConfUtils.java:logGet(46)) - raft.server.leaderelection.member.majority-add = false (default)
2024-06-06 03:46:41,726 [f4c2b6b8-993f-476e-b2b0-0769277f8579-groupManagement] INFO  server.RaftServerConfigKeys (ConfUtils.java:logGet(46)) - raft.server.sleep.deviation.threshold = 300ms (default)
2024-06-06 03:46:41,726 [f4c2b6b8-993f-476e-b2b0-0769277f8579-groupManagement] INFO  server.RaftServer$Division (ServerState.java:<init>(113)) - f4c2b6b8-993f-476e-b2b0-0769277f8579@group-705F87E8897F: ConfigurationManager, init=-1: peers:[f4c2b6b8-993f-476e-b2b0-0769277f8579|127.0.0.1:15032, 8ce15023-a244-46a6-a4b0-50e62c01a133|127.0.0.1:15023, 5e18cff1-cfa8-44b4-8834-447d353e7c51|127.0.0.1:15014]|listeners:[], old=null, confs=<EMPTY_MAP>
2024-06-06 03:46:41,726 [f4c2b6b8-993f-476e-b2b0-0769277f8579-groupManagement] INFO  server.RaftServerConfigKeys (ConfUtils.java:logGet(46)) - raft.server.notification.no-leader.timeout = 300s (custom)
2024-06-06 03:46:41,726 [f4c2b6b8-993f-476e-b2b0-0769277f8579-groupManagement] INFO  server.RaftServerConfigKeys (ConfUtils.java:logGet(46)) - raft.server.read.timeout = 10s (default)
2024-06-06 03:46:41,726 [f4c2b6b8-993f-476e-b2b0-0769277f8579-groupManagement] INFO  server.RaftServerConfigKeys (ConfUtils.java:logGet(46)) - raft.server.retrycache.expirytime = 600000ms (custom)
2024-06-06 03:46:41,726 [f4c2b6b8-993f-476e-b2b0-0769277f8579-groupManagement] INFO  server.RaftServerConfigKeys (ConfUtils.java:logGet(46)) - raft.server.retrycache.statistics.expirytime = 100ms (default)
2024-06-06 03:46:41,726 [f4c2b6b8-993f-476e-b2b0-0769277f8579-groupManagement] INFO  server.RaftServerConfigKeys (ConfUtils.java:logGet(46)) - raft.server.read.option = DEFAULT (default)
2024-06-06 03:46:41,726 [f4c2b6b8-993f-476e-b2b0-0769277f8579-groupManagement] INFO  server.RaftServerConfigKeys (ConfUtils.java:logGet(46)) - raft.server.read.read-after-write-consistent.write-index-cache.expiry-time = 60s (default)
2024-06-06 03:46:41,729 [f4c2b6b8-993f-476e-b2b0-0769277f8579-groupManagement] INFO  server.RaftServerConfigKeys (ConfUtils.java:logGet(46)) - raft.server.rpc.request.timeout = 60s (custom)
2024-06-06 03:46:41,730 [f4c2b6b8-993f-476e-b2b0-0769277f8579-groupManagement] INFO  server.RaftServerConfigKeys (ConfUtils.java:logGet(46)) - raft.server.log.appender.install.snapshot.enabled = false (custom)
2024-06-06 03:46:41,730 [f4c2b6b8-993f-476e-b2b0-0769277f8579-groupManagement] INFO  server.RaftServerConfigKeys (ConfUtils.java:logGet(46)) - raft.server.threadpool.server.cached = true (default)
2024-06-06 03:46:41,730 [f4c2b6b8-993f-476e-b2b0-0769277f8579-groupManagement] INFO  server.RaftServerConfigKeys (ConfUtils.java:logGet(46)) - raft.server.threadpool.server.size = 0 (default)
2024-06-06 03:46:41,730 [f4c2b6b8-993f-476e-b2b0-0769277f8579-groupManagement] INFO  server.RaftServerConfigKeys (ConfUtils.java:logGet(46)) - raft.server.threadpool.client.cached = true (default)
2024-06-06 03:46:41,730 [f4c2b6b8-993f-476e-b2b0-0769277f8579-groupManagement] INFO  server.RaftServerConfigKeys (ConfUtils.java:logGet(46)) - raft.server.threadpool.client.size = 0 (default)
2024-06-06 03:46:41,730 [f4c2b6b8-993f-476e-b2b0-0769277f8579-groupManagement] INFO  server.RaftServerConfigKeys (ConfUtils.java:logGet(46)) - raft.server.storage.free-space.min = 0MB (=0) (default)
2024-06-06 03:46:41,733 [f4c2b6b8-993f-476e-b2b0-0769277f8579-groupManagement] INFO  server.RaftServerConfigKeys (ConfUtils.java:logGet(46)) - raft.server.log.corruption.policy = EXCEPTION (default)
2024-06-06 03:46:41,733 [f4c2b6b8-993f-476e-b2b0-0769277f8579-groupManagement] INFO  server.RaftServerConfigKeys (ConfUtils.java:logGet(46)) - raft.server.storage.dir = [/home/runner/work/ozone/ozone/hadoop-ozone/integration-test/target/test-dir/MiniOzoneClusterImpl-9b8c67d1-9dc3-4dee-b61a-2e100565025d/ozone-meta/datanode-3/ratis] (custom)
2024-06-06 03:46:41,733 [f4c2b6b8-993f-476e-b2b0-0769277f8579-groupManagement] INFO  storage.RaftStorageDirectory (RaftStorageDirectoryImpl.java:analyzeStorage(138)) - The storage directory /home/runner/work/ozone/ozone/hadoop-ozone/integration-test/target/test-dir/MiniOzoneClusterImpl-9b8c67d1-9dc3-4dee-b61a-2e100565025d/ozone-meta/datanode-3/ratis/391b85ed-4590-4ce6-af93-705f87e8897f does not exist. Creating ...
2024-06-06 03:46:41,734 [f4c2b6b8-993f-476e-b2b0-0769277f8579-groupManagement] INFO  storage.RaftStorageDirectory (RaftStorageDirectoryImpl.java:tryLock(228)) - Lock on /home/runner/work/ozone/ozone/hadoop-ozone/integration-test/target/test-dir/MiniOzoneClusterImpl-9b8c67d1-9dc3-4dee-b61a-2e100565025d/ozone-meta/datanode-3/ratis/391b85ed-4590-4ce6-af93-705f87e8897f/in_use.lock acquired by nodename 90173@fv-az1985-286
2024-06-06 03:46:41,736 [f4c2b6b8-993f-476e-b2b0-0769277f8579-groupManagement] INFO  storage.RaftStorage (RaftStorageImpl.java:format(99)) - Storage directory /home/runner/work/ozone/ozone/hadoop-ozone/integration-test/target/test-dir/MiniOzoneClusterImpl-9b8c67d1-9dc3-4dee-b61a-2e100565025d/ozone-meta/datanode-3/ratis/391b85ed-4590-4ce6-af93-705f87e8897f has been successfully formatted.
2024-06-06 03:46:41,736 [f4c2b6b8-993f-476e-b2b0-0769277f8579-groupManagement] WARN  util.FileUtils (LogUtils.java:supplyAndLog(63)) - Failed to Files.newInputStream /home/runner/work/ozone/ozone/hadoop-ozone/integration-test/target/test-dir/MiniOzoneClusterImpl-9b8c67d1-9dc3-4dee-b61a-2e100565025d/ozone-meta/datanode-3/ratis/391b85ed-4590-4ce6-af93-705f87e8897f/current/raft-meta.conf with options []: java.nio.file.NoSuchFileException: /home/runner/work/ozone/ozone/hadoop-ozone/integration-test/target/test-dir/MiniOzoneClusterImpl-9b8c67d1-9dc3-4dee-b61a-2e100565025d/ozone-meta/datanode-3/ratis/391b85ed-4590-4ce6-af93-705f87e8897f/current/raft-meta.conf
2024-06-06 03:46:41,737 [f4c2b6b8-993f-476e-b2b0-0769277f8579-groupManagement] INFO  ratis.ContainerStateMachine (ContainerStateMachine.java:loadSnapshot(287)) - group-705F87E8897F: The snapshot info is null. Setting the last applied index to:(t:0, i:~)
2024-06-06 03:46:41,737 [f4c2b6b8-993f-476e-b2b0-0769277f8579-groupManagement] INFO  server.RaftServerConfigKeys (ConfUtils.java:logGet(46)) - raft.server.log.use.memory = false (default)
2024-06-06 03:46:41,737 [f4c2b6b8-993f-476e-b2b0-0769277f8579-groupManagement] INFO  server.RaftServerConfigKeys (ConfUtils.java:logGet(46)) - raft.server.log.purge.gap = 1000000 (custom)
2024-06-06 03:46:41,737 [f4c2b6b8-993f-476e-b2b0-0769277f8579-groupManagement] INFO  server.RaftServerConfigKeys (ConfUtils.java:logGet(46)) - raft.server.log.appender.buffer.byte-limit = 8388608 (custom)
2024-06-06 03:46:41,737 [f4c2b6b8-993f-476e-b2b0-0769277f8579-groupManagement] INFO  server.RaftServerConfigKeys (ConfUtils.java:logGet(46)) - raft.server.log.statemachine.data.read.timeout = 1000ms (default)
2024-06-06 03:46:41,737 [f4c2b6b8-993f-476e-b2b0-0769277f8579-groupManagement] INFO  server.RaftServerConfigKeys (ConfUtils.java:logGet(46)) - raft.server.log.purge.preservation.log.num = 0 (default)
2024-06-06 03:46:41,740 [f4c2b6b8-993f-476e-b2b0-0769277f8579-groupManagement] INFO  server.RaftServerConfigKeys (ConfUtils.java:logGet(46)) - raft.server.log.segment.size.max = 67108864 (custom)
2024-06-06 03:46:41,741 [f4c2b6b8-993f-476e-b2b0-0769277f8579-groupManagement] INFO  server.RaftServerConfigKeys (ConfUtils.java:logGet(46)) - raft.server.log.segment.cache.num.max = 2 (custom)
2024-06-06 03:46:41,741 [f4c2b6b8-993f-476e-b2b0-0769277f8579-groupManagement] INFO  server.RaftServerConfigKeys (ConfUtils.java:logGet(46)) - raft.server.log.segment.cache.size.max = 200MB (=209715200) (default)
2024-06-06 03:46:41,741 [f4c2b6b8-993f-476e-b2b0-0769277f8579-groupManagement] INFO  server.RaftServerConfigKeys (ConfUtils.java:logGet(46)) - raft.server.log.appender.buffer.byte-limit = 8388608 (custom)
2024-06-06 03:46:41,741 [f4c2b6b8-993f-476e-b2b0-0769277f8579-groupManagement] INFO  util.AwaitToRun (AwaitToRun.java:start(81)) - Thread[f4c2b6b8-993f-476e-b2b0-0769277f8579@group-705F87E8897F-cacheEviction-AwaitToRun,5,main] started
2024-06-06 03:46:41,741 [f4c2b6b8-993f-476e-b2b0-0769277f8579-groupManagement] INFO  segmented.SegmentedRaftLogWorker (SegmentedRaftLogWorker.java:<init>(182)) - new f4c2b6b8-993f-476e-b2b0-0769277f8579@group-705F87E8897F-SegmentedRaftLogWorker for RaftStorageImpl:Storage Directory /home/runner/work/ozone/ozone/hadoop-ozone/integration-test/target/test-dir/MiniOzoneClusterImpl-9b8c67d1-9dc3-4dee-b61a-2e100565025d/ozone-meta/datanode-3/ratis/391b85ed-4590-4ce6-af93-705f87e8897f
2024-06-06 03:46:41,741 [f4c2b6b8-993f-476e-b2b0-0769277f8579-groupManagement] INFO  server.RaftServerConfigKeys (ConfUtils.java:logGet(46)) - raft.server.log.queue.byte-limit = 4294967296 (custom)
2024-06-06 03:46:41,741 [f4c2b6b8-993f-476e-b2b0-0769277f8579-groupManagement] INFO  server.RaftServerConfigKeys (ConfUtils.java:logGet(46)) - raft.server.log.queue.element-limit = 1024 (custom)
2024-06-06 03:46:41,741 [f4c2b6b8-993f-476e-b2b0-0769277f8579-groupManagement] INFO  server.RaftServerConfigKeys (ConfUtils.java:logGet(46)) - raft.server.log.segment.size.max = 67108864 (custom)
2024-06-06 03:46:41,741 [f4c2b6b8-993f-476e-b2b0-0769277f8579-groupManagement] INFO  server.RaftServerConfigKeys (ConfUtils.java:logGet(46)) - raft.server.log.preallocated.size = 4194304 (custom)
2024-06-06 03:46:41,742 [f4c2b6b8-993f-476e-b2b0-0769277f8579-groupManagement] INFO  server.RaftServerConfigKeys (ConfUtils.java:logGet(46)) - raft.server.log.force.sync.num = 128 (default)
2024-06-06 03:46:41,742 [f4c2b6b8-993f-476e-b2b0-0769277f8579-groupManagement] INFO  server.RaftServerConfigKeys (ConfUtils.java:logGet(46)) - raft.server.log.statemachine.data.sync = true (default)
2024-06-06 03:46:41,742 [f4c2b6b8-993f-476e-b2b0-0769277f8579-groupManagement] INFO  server.RaftServerConfigKeys (ConfUtils.java:logGet(46)) - raft.server.log.statemachine.data.sync.timeout = 10s (default)
2024-06-06 03:46:41,742 [f4c2b6b8-993f-476e-b2b0-0769277f8579-groupManagement] INFO  server.RaftServerConfigKeys (ConfUtils.java:logGet(46)) - raft.server.log.statemachine.data.sync.timeout.retry = 30 (custom)
2024-06-06 03:46:41,742 [EventQueue-OpenPipelineForHealthyPipelineSafeModeRule] INFO  safemode.SCMSafeModeManager (HealthyPipelineSafeModeRule.java:process(140)) - SCM in safe mode. Healthy pipelines reported count is 0, required healthy pipeline reported count is 1
2024-06-06 03:46:41,742 [f4c2b6b8-993f-476e-b2b0-0769277f8579-groupManagement] INFO  server.RaftServerConfigKeys (ConfUtils.java:logGet(46)) - raft.server.log.write.buffer.size = 8388616 (custom)
2024-06-06 03:46:41,744 [f4c2b6b8-993f-476e-b2b0-0769277f8579-groupManagement] INFO  server.RaftServerConfigKeys (ConfUtils.java:logGet(46)) - raft.server.log.appender.buffer.byte-limit = 8388608 (custom)
2024-06-06 03:46:41,744 [f4c2b6b8-993f-476e-b2b0-0769277f8579-groupManagement] INFO  server.RaftServerConfigKeys (ConfUtils.java:logGet(46)) - raft.server.log.unsafe-flush.enabled = false (default)
2024-06-06 03:46:41,744 [f4c2b6b8-993f-476e-b2b0-0769277f8579-groupManagement] INFO  server.RaftServerConfigKeys (ConfUtils.java:logGet(46)) - raft.server.log.async-flush.enabled = false (default)
2024-06-06 03:46:41,744 [f4c2b6b8-993f-476e-b2b0-0769277f8579-groupManagement] INFO  server.RaftServerConfigKeys (ConfUtils.java:logGet(46)) - raft.server.log.statemachine.data.caching.enabled = true (custom)
2024-06-06 03:46:41,745 [f4c2b6b8-993f-476e-b2b0-0769277f8579-groupManagement] INFO  segmented.SegmentedRaftLogWorker (SegmentedRaftLogWorker.java:lambda$new$0(134)) - f4c2b6b8-993f-476e-b2b0-0769277f8579@group-705F87E8897F-SegmentedRaftLogWorker: flushIndex: setUnconditionally 0 -> -1
2024-06-06 03:46:41,745 [f4c2b6b8-993f-476e-b2b0-0769277f8579-groupManagement] INFO  segmented.SegmentedRaftLogWorker (SegmentedRaftLogWorker.java:lambda$new$0(134)) - f4c2b6b8-993f-476e-b2b0-0769277f8579@group-705F87E8897F-SegmentedRaftLogWorker: safeCacheEvictIndex: setUnconditionally 0 -> -1
2024-06-06 03:46:41,752 [f4c2b6b8-993f-476e-b2b0-0769277f8579-groupManagement] INFO  server.RaftServer$Division (RaftServerImpl.java:start(396)) - f4c2b6b8-993f-476e-b2b0-0769277f8579@group-705F87E8897F: start as a follower, conf=-1: peers:[f4c2b6b8-993f-476e-b2b0-0769277f8579|127.0.0.1:15032, 8ce15023-a244-46a6-a4b0-50e62c01a133|127.0.0.1:15023, 5e18cff1-cfa8-44b4-8834-447d353e7c51|127.0.0.1:15014]|listeners:[], old=null
2024-06-06 03:46:41,752 [f4c2b6b8-993f-476e-b2b0-0769277f8579-groupManagement] INFO  server.RaftServer$Division (RaftServerImpl.java:setRole(383)) - f4c2b6b8-993f-476e-b2b0-0769277f8579@group-705F87E8897F: changes role from      null to FOLLOWER at term 0 for startAsFollower
2024-06-06 03:46:41,752 [f4c2b6b8-993f-476e-b2b0-0769277f8579-groupManagement] INFO  impl.RoleInfo (RoleInfo.java:updateAndGet(139)) - f4c2b6b8-993f-476e-b2b0-0769277f8579: start f4c2b6b8-993f-476e-b2b0-0769277f8579@group-705F87E8897F-FollowerState
2024-06-06 03:46:41,754 [f4c2b6b8-993f-476e-b2b0-0769277f8579-groupManagement] INFO  util.JmxRegister (JmxRegister.java:tryRegister(44)) - Successfully registered JMX Bean with object name Ratis:service=RaftServer,group=group-705F87E8897F,id=f4c2b6b8-993f-476e-b2b0-0769277f8579
2024-06-06 03:46:41,754 [f4c2b6b8-993f-476e-b2b0-0769277f8579-groupManagement] INFO  server.RaftServerConfigKeys (ConfUtils.java:logGet(46)) - raft.server.snapshot.trigger-when-stop.enabled = true (default)
2024-06-06 03:46:41,754 [f4c2b6b8-993f-476e-b2b0-0769277f8579-groupManagement] INFO  server.RaftServerConfigKeys (ConfUtils.java:logGet(46)) - raft.server.snapshot.auto.trigger.enabled = true (custom)
2024-06-06 03:46:41,755 [f4c2b6b8-993f-476e-b2b0-0769277f8579-groupManagement] INFO  server.RaftServerConfigKeys (ConfUtils.java:logGet(46)) - raft.server.snapshot.auto.trigger.threshold = 10000 (custom)
2024-06-06 03:46:41,755 [f4c2b6b8-993f-476e-b2b0-0769277f8579-groupManagement] INFO  server.RaftServerConfigKeys (ConfUtils.java:logGet(46)) - raft.server.snapshot.retention.file.num = 5 (custom)
2024-06-06 03:46:41,755 [f4c2b6b8-993f-476e-b2b0-0769277f8579-groupManagement] INFO  server.RaftServerConfigKeys (ConfUtils.java:logGet(46)) - raft.server.log.purge.upto.snapshot.index = false (default)
2024-06-06 03:46:41,759 [f4c2b6b8-993f-476e-b2b0-0769277f8579@group-705F87E8897F-FollowerState] INFO  server.RaftServerConfigKeys (ConfUtils.java:logFallback(53)) - raft.server.rpc.first-election.timeout.min = 5s (fallback to raft.server.rpc.timeout.min)
2024-06-06 03:46:41,759 [f4c2b6b8-993f-476e-b2b0-0769277f8579@group-705F87E8897F-FollowerState] INFO  server.RaftServerConfigKeys (ConfUtils.java:logFallback(53)) - raft.server.rpc.first-election.timeout.max = 5200ms (fallback to raft.server.rpc.timeout.max)
2024-06-06 03:46:41,761 [f4c2b6b8-993f-476e-b2b0-0769277f8579-PipelineCommandHandlerThread-0] INFO  ratis.XceiverServerRatis (XceiverServerRatis.java:addGroup(864)) - Created group PipelineID=391b85ed-4590-4ce6-af93-705f87e8897f
2024-06-06 03:46:41,903 [8ce15023-a244-46a6-a4b0-50e62c01a133-PipelineCommandHandlerThread-0] INFO  commandhandler.CreatePipelineCommandHandler (CreatePipelineCommandHandler.java:lambda$handle$2(124)) - Created Pipeline RATIS THREE PipelineID=391b85ed-4590-4ce6-af93-705f87e8897f.
2024-06-06 03:46:41,904 [8ce15023-a244-46a6-a4b0-50e62c01a133-PipelineCommandHandlerThread-0] INFO  server.RaftServer (RaftServerProxy.java:addNew(100)) - 8ce15023-a244-46a6-a4b0-50e62c01a133: addNew group-4BFF7FA42FEE:[f4c2b6b8-993f-476e-b2b0-0769277f8579|127.0.0.1:15032, 8ce15023-a244-46a6-a4b0-50e62c01a133|127.0.0.1:15023, 5e18cff1-cfa8-44b4-8834-447d353e7c51|127.0.0.1:15014] returns group-4BFF7FA42FEE:java.util.concurrent.CompletableFuture@116380d9[Not completed]
2024-06-06 03:46:41,905 [8ce15023-a244-46a6-a4b0-50e62c01a133-groupManagement] INFO  server.RaftServer$Division (RaftServerImpl.java:<init>(256)) - 8ce15023-a244-46a6-a4b0-50e62c01a133: new RaftServerImpl for group-4BFF7FA42FEE:[f4c2b6b8-993f-476e-b2b0-0769277f8579|127.0.0.1:15032, 8ce15023-a244-46a6-a4b0-50e62c01a133|127.0.0.1:15023, 5e18cff1-cfa8-44b4-8834-447d353e7c51|127.0.0.1:15014] with ContainerStateMachine:uninitialized
2024-06-06 03:46:41,905 [8ce15023-a244-46a6-a4b0-50e62c01a133-groupManagement] INFO  server.RaftServerConfigKeys (ConfUtils.java:logGet(46)) - raft.server.rpc.timeout.min = 5s (custom)
2024-06-06 03:46:41,905 [8ce15023-a244-46a6-a4b0-50e62c01a133-groupManagement] INFO  server.RaftServerConfigKeys (ConfUtils.java:logGet(46)) - raft.server.rpc.timeout.max = 5200ms (custom)
2024-06-06 03:46:41,905 [8ce15023-a244-46a6-a4b0-50e62c01a133-groupManagement] INFO  server.RaftServerConfigKeys (ConfUtils.java:logGet(46)) - raft.server.rpc.sleep.time = 25ms (default)
2024-06-06 03:46:41,905 [8ce15023-a244-46a6-a4b0-50e62c01a133-groupManagement] INFO  server.RaftServerConfigKeys (ConfUtils.java:logGet(46)) - raft.server.rpc.slowness.timeout = 300s (custom)
2024-06-06 03:46:41,905 [8ce15023-a244-46a6-a4b0-50e62c01a133-groupManagement] INFO  server.RaftServerConfigKeys (ConfUtils.java:logGet(46)) - raft.server.leaderelection.leader.step-down.wait-time = 10s (default)
2024-06-06 03:46:41,906 [8ce15023-a244-46a6-a4b0-50e62c01a133-groupManagement] INFO  server.RaftServerConfigKeys (ConfUtils.java:logGet(46)) - raft.server.leaderelection.member.majority-add = false (default)
2024-06-06 03:46:41,906 [8ce15023-a244-46a6-a4b0-50e62c01a133-groupManagement] INFO  server.RaftServerConfigKeys (ConfUtils.java:logGet(46)) - raft.server.sleep.deviation.threshold = 300ms (default)
2024-06-06 03:46:41,906 [8ce15023-a244-46a6-a4b0-50e62c01a133-groupManagement] INFO  server.RaftServer$Division (ServerState.java:<init>(113)) - 8ce15023-a244-46a6-a4b0-50e62c01a133@group-4BFF7FA42FEE: ConfigurationManager, init=-1: peers:[f4c2b6b8-993f-476e-b2b0-0769277f8579|127.0.0.1:15032, 8ce15023-a244-46a6-a4b0-50e62c01a133|127.0.0.1:15023, 5e18cff1-cfa8-44b4-8834-447d353e7c51|127.0.0.1:15014]|listeners:[], old=null, confs=<EMPTY_MAP>
2024-06-06 03:46:41,906 [8ce15023-a244-46a6-a4b0-50e62c01a133-groupManagement] INFO  server.RaftServerConfigKeys (ConfUtils.java:logGet(46)) - raft.server.notification.no-leader.timeout = 300s (custom)
2024-06-06 03:46:41,906 [8ce15023-a244-46a6-a4b0-50e62c01a133-groupManagement] INFO  server.RaftServerConfigKeys (ConfUtils.java:logGet(46)) - raft.server.read.timeout = 10s (default)
2024-06-06 03:46:41,906 [8ce15023-a244-46a6-a4b0-50e62c01a133-groupManagement] INFO  server.RaftServerConfigKeys (ConfUtils.java:logGet(46)) - raft.server.retrycache.expirytime = 600000ms (custom)
2024-06-06 03:46:41,906 [8ce15023-a244-46a6-a4b0-50e62c01a133-groupManagement] INFO  server.RaftServerConfigKeys (ConfUtils.java:logGet(46)) - raft.server.retrycache.statistics.expirytime = 100ms (default)
2024-06-06 03:46:41,906 [8ce15023-a244-46a6-a4b0-50e62c01a133-groupManagement] INFO  server.RaftServerConfigKeys (ConfUtils.java:logGet(46)) - raft.server.read.option = DEFAULT (default)
2024-06-06 03:46:41,906 [8ce15023-a244-46a6-a4b0-50e62c01a133-groupManagement] INFO  server.RaftServerConfigKeys (ConfUtils.java:logGet(46)) - raft.server.read.read-after-write-consistent.write-index-cache.expiry-time = 60s (default)
2024-06-06 03:46:41,908 [5e18cff1-cfa8-44b4-8834-447d353e7c51-PipelineCommandHandlerThread-0] INFO  commandhandler.CreatePipelineCommandHandler (CreatePipelineCommandHandler.java:lambda$handle$2(124)) - Created Pipeline RATIS THREE PipelineID=391b85ed-4590-4ce6-af93-705f87e8897f.
2024-06-06 03:46:41,909 [5e18cff1-cfa8-44b4-8834-447d353e7c51-PipelineCommandHandlerThread-0] INFO  server.RaftServer (RaftServerProxy.java:addNew(100)) - 5e18cff1-cfa8-44b4-8834-447d353e7c51: addNew group-4BFF7FA42FEE:[f4c2b6b8-993f-476e-b2b0-0769277f8579|127.0.0.1:15032, 8ce15023-a244-46a6-a4b0-50e62c01a133|127.0.0.1:15023, 5e18cff1-cfa8-44b4-8834-447d353e7c51|127.0.0.1:15014] returns group-4BFF7FA42FEE:java.util.concurrent.CompletableFuture@34194eb5[Not completed]
2024-06-06 03:46:41,910 [5e18cff1-cfa8-44b4-8834-447d353e7c51-groupManagement] INFO  server.RaftServer$Division (RaftServerImpl.java:<init>(256)) - 5e18cff1-cfa8-44b4-8834-447d353e7c51: new RaftServerImpl for group-4BFF7FA42FEE:[f4c2b6b8-993f-476e-b2b0-0769277f8579|127.0.0.1:15032, 8ce15023-a244-46a6-a4b0-50e62c01a133|127.0.0.1:15023, 5e18cff1-cfa8-44b4-8834-447d353e7c51|127.0.0.1:15014] with ContainerStateMachine:uninitialized
2024-06-06 03:46:41,910 [5e18cff1-cfa8-44b4-8834-447d353e7c51-groupManagement] INFO  server.RaftServerConfigKeys (ConfUtils.java:logGet(46)) - raft.server.rpc.timeout.min = 5s (custom)
2024-06-06 03:46:41,910 [5e18cff1-cfa8-44b4-8834-447d353e7c51-groupManagement] INFO  server.RaftServerConfigKeys (ConfUtils.java:logGet(46)) - raft.server.rpc.timeout.max = 5200ms (custom)
2024-06-06 03:46:41,910 [5e18cff1-cfa8-44b4-8834-447d353e7c51-groupManagement] INFO  server.RaftServerConfigKeys (ConfUtils.java:logGet(46)) - raft.server.rpc.sleep.time = 25ms (default)
2024-06-06 03:46:41,910 [5e18cff1-cfa8-44b4-8834-447d353e7c51-groupManagement] INFO  server.RaftServerConfigKeys (ConfUtils.java:logGet(46)) - raft.server.rpc.slowness.timeout = 300s (custom)
2024-06-06 03:46:41,910 [5e18cff1-cfa8-44b4-8834-447d353e7c51-groupManagement] INFO  server.RaftServerConfigKeys (ConfUtils.java:logGet(46)) - raft.server.leaderelection.leader.step-down.wait-time = 10s (default)
2024-06-06 03:46:41,910 [5e18cff1-cfa8-44b4-8834-447d353e7c51-groupManagement] INFO  server.RaftServerConfigKeys (ConfUtils.java:logGet(46)) - raft.server.leaderelection.member.majority-add = false (default)
2024-06-06 03:46:41,910 [5e18cff1-cfa8-44b4-8834-447d353e7c51-groupManagement] INFO  server.RaftServerConfigKeys (ConfUtils.java:logGet(46)) - raft.server.sleep.deviation.threshold = 300ms (default)
2024-06-06 03:46:41,910 [5e18cff1-cfa8-44b4-8834-447d353e7c51-groupManagement] INFO  server.RaftServer$Division (ServerState.java:<init>(113)) - 5e18cff1-cfa8-44b4-8834-447d353e7c51@group-4BFF7FA42FEE: ConfigurationManager, init=-1: peers:[f4c2b6b8-993f-476e-b2b0-0769277f8579|127.0.0.1:15032, 8ce15023-a244-46a6-a4b0-50e62c01a133|127.0.0.1:15023, 5e18cff1-cfa8-44b4-8834-447d353e7c51|127.0.0.1:15014]|listeners:[], old=null, confs=<EMPTY_MAP>
2024-06-06 03:46:41,911 [5e18cff1-cfa8-44b4-8834-447d353e7c51-groupManagement] INFO  server.RaftServerConfigKeys (ConfUtils.java:logGet(46)) - raft.server.notification.no-leader.timeout = 300s (custom)
2024-06-06 03:46:41,911 [5e18cff1-cfa8-44b4-8834-447d353e7c51-groupManagement] INFO  server.RaftServerConfigKeys (ConfUtils.java:logGet(46)) - raft.server.read.timeout = 10s (default)
2024-06-06 03:46:41,911 [5e18cff1-cfa8-44b4-8834-447d353e7c51-groupManagement] INFO  server.RaftServerConfigKeys (ConfUtils.java:logGet(46)) - raft.server.retrycache.expirytime = 600000ms (custom)
2024-06-06 03:46:41,911 [5e18cff1-cfa8-44b4-8834-447d353e7c51-groupManagement] INFO  server.RaftServerConfigKeys (ConfUtils.java:logGet(46)) - raft.server.retrycache.statistics.expirytime = 100ms (default)
2024-06-06 03:46:41,911 [5e18cff1-cfa8-44b4-8834-447d353e7c51-groupManagement] INFO  server.RaftServerConfigKeys (ConfUtils.java:logGet(46)) - raft.server.read.option = DEFAULT (default)
2024-06-06 03:46:41,911 [5e18cff1-cfa8-44b4-8834-447d353e7c51-groupManagement] INFO  server.RaftServerConfigKeys (ConfUtils.java:logGet(46)) - raft.server.read.read-after-write-consistent.write-index-cache.expiry-time = 60s (default)
2024-06-06 03:46:41,916 [8ce15023-a244-46a6-a4b0-50e62c01a133-groupManagement] INFO  server.RaftServerConfigKeys (ConfUtils.java:logGet(46)) - raft.server.rpc.request.timeout = 60s (custom)
2024-06-06 03:46:41,916 [8ce15023-a244-46a6-a4b0-50e62c01a133-groupManagement] INFO  server.RaftServerConfigKeys (ConfUtils.java:logGet(46)) - raft.server.log.appender.install.snapshot.enabled = false (custom)
2024-06-06 03:46:41,917 [f4c2b6b8-993f-476e-b2b0-0769277f8579-PipelineCommandHandlerThread-0] INFO  commandhandler.CreatePipelineCommandHandler (CreatePipelineCommandHandler.java:lambda$handle$2(124)) - Created Pipeline RATIS THREE PipelineID=391b85ed-4590-4ce6-af93-705f87e8897f.
2024-06-06 03:46:41,917 [f4c2b6b8-993f-476e-b2b0-0769277f8579-PipelineCommandHandlerThread-0] INFO  server.RaftServer (RaftServerProxy.java:addNew(100)) - f4c2b6b8-993f-476e-b2b0-0769277f8579: addNew group-4BFF7FA42FEE:[f4c2b6b8-993f-476e-b2b0-0769277f8579|127.0.0.1:15032, 8ce15023-a244-46a6-a4b0-50e62c01a133|127.0.0.1:15023, 5e18cff1-cfa8-44b4-8834-447d353e7c51|127.0.0.1:15014] returns group-4BFF7FA42FEE:java.util.concurrent.CompletableFuture@732b269a[Not completed]
2024-06-06 03:46:41,916 [5e18cff1-cfa8-44b4-8834-447d353e7c51-groupManagement] INFO  server.RaftServerConfigKeys (ConfUtils.java:logGet(46)) - raft.server.rpc.request.timeout = 60s (custom)
2024-06-06 03:46:41,918 [5e18cff1-cfa8-44b4-8834-447d353e7c51-groupManagement] INFO  server.RaftServerConfigKeys (ConfUtils.java:logGet(46)) - raft.server.log.appender.install.snapshot.enabled = false (custom)
2024-06-06 03:46:41,918 [5e18cff1-cfa8-44b4-8834-447d353e7c51-groupManagement] INFO  server.RaftServerConfigKeys (ConfUtils.java:logGet(46)) - raft.server.threadpool.server.cached = true (default)
2024-06-06 03:46:41,919 [5e18cff1-cfa8-44b4-8834-447d353e7c51-groupManagement] INFO  server.RaftServerConfigKeys (ConfUtils.java:logGet(46)) - raft.server.threadpool.server.size = 0 (default)
2024-06-06 03:46:41,919 [5e18cff1-cfa8-44b4-8834-447d353e7c51-groupManagement] INFO  server.RaftServerConfigKeys (ConfUtils.java:logGet(46)) - raft.server.threadpool.client.cached = true (default)
2024-06-06 03:46:41,919 [5e18cff1-cfa8-44b4-8834-447d353e7c51-groupManagement] INFO  server.RaftServerConfigKeys (ConfUtils.java:logGet(46)) - raft.server.threadpool.client.size = 0 (default)
2024-06-06 03:46:41,920 [5e18cff1-cfa8-44b4-8834-447d353e7c51-groupManagement] INFO  server.RaftServerConfigKeys (ConfUtils.java:logGet(46)) - raft.server.storage.free-space.min = 0MB (=0) (default)
2024-06-06 03:46:41,920 [5e18cff1-cfa8-44b4-8834-447d353e7c51-groupManagement] INFO  server.RaftServerConfigKeys (ConfUtils.java:logGet(46)) - raft.server.log.corruption.policy = EXCEPTION (default)
2024-06-06 03:46:41,921 [5e18cff1-cfa8-44b4-8834-447d353e7c51-groupManagement] INFO  server.RaftServerConfigKeys (ConfUtils.java:logGet(46)) - raft.server.storage.dir = [/home/runner/work/ozone/ozone/hadoop-ozone/integration-test/target/test-dir/MiniOzoneClusterImpl-9b8c67d1-9dc3-4dee-b61a-2e100565025d/ozone-meta/datanode-1/ratis] (custom)
2024-06-06 03:46:41,917 [8ce15023-a244-46a6-a4b0-50e62c01a133-groupManagement] INFO  server.RaftServerConfigKeys (ConfUtils.java:logGet(46)) - raft.server.threadpool.server.cached = true (default)
2024-06-06 03:46:41,918 [f4c2b6b8-993f-476e-b2b0-0769277f8579-groupManagement] INFO  server.RaftServer$Division (RaftServerImpl.java:<init>(256)) - f4c2b6b8-993f-476e-b2b0-0769277f8579: new RaftServerImpl for group-4BFF7FA42FEE:[f4c2b6b8-993f-476e-b2b0-0769277f8579|127.0.0.1:15032, 8ce15023-a244-46a6-a4b0-50e62c01a133|127.0.0.1:15023, 5e18cff1-cfa8-44b4-8834-447d353e7c51|127.0.0.1:15014] with ContainerStateMachine:uninitialized
2024-06-06 03:46:41,922 [f4c2b6b8-993f-476e-b2b0-0769277f8579-groupManagement] INFO  server.RaftServerConfigKeys (ConfUtils.java:logGet(46)) - raft.server.rpc.timeout.min = 5s (custom)
2024-06-06 03:46:41,922 [f4c2b6b8-993f-476e-b2b0-0769277f8579-groupManagement] INFO  server.RaftServerConfigKeys (ConfUtils.java:logGet(46)) - raft.server.rpc.timeout.max = 5200ms (custom)
2024-06-06 03:46:41,922 [f4c2b6b8-993f-476e-b2b0-0769277f8579-groupManagement] INFO  server.RaftServerConfigKeys (ConfUtils.java:logGet(46)) - raft.server.rpc.sleep.time = 25ms (default)
2024-06-06 03:46:41,922 [f4c2b6b8-993f-476e-b2b0-0769277f8579-groupManagement] INFO  server.RaftServerConfigKeys (ConfUtils.java:logGet(46)) - raft.server.rpc.slowness.timeout = 300s (custom)
2024-06-06 03:46:41,922 [f4c2b6b8-993f-476e-b2b0-0769277f8579-groupManagement] INFO  server.RaftServerConfigKeys (ConfUtils.java:logGet(46)) - raft.server.leaderelection.leader.step-down.wait-time = 10s (default)
2024-06-06 03:46:41,922 [f4c2b6b8-993f-476e-b2b0-0769277f8579-groupManagement] INFO  server.RaftServerConfigKeys (ConfUtils.java:logGet(46)) - raft.server.leaderelection.member.majority-add = false (default)
2024-06-06 03:46:41,922 [f4c2b6b8-993f-476e-b2b0-0769277f8579-groupManagement] INFO  server.RaftServerConfigKeys (ConfUtils.java:logGet(46)) - raft.server.sleep.deviation.threshold = 300ms (default)
2024-06-06 03:46:41,922 [f4c2b6b8-993f-476e-b2b0-0769277f8579-groupManagement] INFO  server.RaftServer$Division (ServerState.java:<init>(113)) - f4c2b6b8-993f-476e-b2b0-0769277f8579@group-4BFF7FA42FEE: ConfigurationManager, init=-1: peers:[f4c2b6b8-993f-476e-b2b0-0769277f8579|127.0.0.1:15032, 8ce15023-a244-46a6-a4b0-50e62c01a133|127.0.0.1:15023, 5e18cff1-cfa8-44b4-8834-447d353e7c51|127.0.0.1:15014]|listeners:[], old=null, confs=<EMPTY_MAP>
2024-06-06 03:46:41,922 [f4c2b6b8-993f-476e-b2b0-0769277f8579-groupManagement] INFO  server.RaftServerConfigKeys (ConfUtils.java:logGet(46)) - raft.server.notification.no-leader.timeout = 300s (custom)
2024-06-06 03:46:41,923 [f4c2b6b8-993f-476e-b2b0-0769277f8579-groupManagement] INFO  server.RaftServerConfigKeys (ConfUtils.java:logGet(46)) - raft.server.read.timeout = 10s (default)
2024-06-06 03:46:41,923 [f4c2b6b8-993f-476e-b2b0-0769277f8579-groupManagement] INFO  server.RaftServerConfigKeys (ConfUtils.java:logGet(46)) - raft.server.retrycache.expirytime = 600000ms (custom)
2024-06-06 03:46:41,923 [f4c2b6b8-993f-476e-b2b0-0769277f8579-groupManagement] INFO  server.RaftServerConfigKeys (ConfUtils.java:logGet(46)) - raft.server.retrycache.statistics.expirytime = 100ms (default)
2024-06-06 03:46:41,923 [f4c2b6b8-993f-476e-b2b0-0769277f8579-groupManagement] INFO  server.RaftServerConfigKeys (ConfUtils.java:logGet(46)) - raft.server.read.option = DEFAULT (default)
2024-06-06 03:46:41,923 [f4c2b6b8-993f-476e-b2b0-0769277f8579-groupManagement] INFO  server.RaftServerConfigKeys (ConfUtils.java:logGet(46)) - raft.server.read.read-after-write-consistent.write-index-cache.expiry-time = 60s (default)
2024-06-06 03:46:41,926 [f4c2b6b8-993f-476e-b2b0-0769277f8579-groupManagement] INFO  server.RaftServerConfigKeys (ConfUtils.java:logGet(46)) - raft.server.rpc.request.timeout = 60s (custom)
2024-06-06 03:46:41,926 [f4c2b6b8-993f-476e-b2b0-0769277f8579-groupManagement] INFO  server.RaftServerConfigKeys (ConfUtils.java:logGet(46)) - raft.server.log.appender.install.snapshot.enabled = false (custom)
2024-06-06 03:46:41,926 [f4c2b6b8-993f-476e-b2b0-0769277f8579-groupManagement] INFO  server.RaftServerConfigKeys (ConfUtils.java:logGet(46)) - raft.server.threadpool.server.cached = true (default)
2024-06-06 03:46:41,926 [f4c2b6b8-993f-476e-b2b0-0769277f8579-groupManagement] INFO  server.RaftServerConfigKeys (ConfUtils.java:logGet(46)) - raft.server.threadpool.server.size = 0 (default)
2024-06-06 03:46:41,926 [f4c2b6b8-993f-476e-b2b0-0769277f8579-groupManagement] INFO  server.RaftServerConfigKeys (ConfUtils.java:logGet(46)) - raft.server.threadpool.client.cached = true (default)
2024-06-06 03:46:41,926 [f4c2b6b8-993f-476e-b2b0-0769277f8579-groupManagement] INFO  server.RaftServerConfigKeys (ConfUtils.java:logGet(46)) - raft.server.threadpool.client.size = 0 (default)
2024-06-06 03:46:41,926 [f4c2b6b8-993f-476e-b2b0-0769277f8579-groupManagement] INFO  server.RaftServerConfigKeys (ConfUtils.java:logGet(46)) - raft.server.storage.free-space.min = 0MB (=0) (default)
2024-06-06 03:46:41,927 [f4c2b6b8-993f-476e-b2b0-0769277f8579-groupManagement] INFO  server.RaftServerConfigKeys (ConfUtils.java:logGet(46)) - raft.server.log.corruption.policy = EXCEPTION (default)
2024-06-06 03:46:41,927 [f4c2b6b8-993f-476e-b2b0-0769277f8579-groupManagement] INFO  server.RaftServerConfigKeys (ConfUtils.java:logGet(46)) - raft.server.storage.dir = [/home/runner/work/ozone/ozone/hadoop-ozone/integration-test/target/test-dir/MiniOzoneClusterImpl-9b8c67d1-9dc3-4dee-b61a-2e100565025d/ozone-meta/datanode-3/ratis] (custom)
2024-06-06 03:46:41,927 [f4c2b6b8-993f-476e-b2b0-0769277f8579-groupManagement] INFO  storage.RaftStorageDirectory (RaftStorageDirectoryImpl.java:analyzeStorage(138)) - The storage directory /home/runner/work/ozone/ozone/hadoop-ozone/integration-test/target/test-dir/MiniOzoneClusterImpl-9b8c67d1-9dc3-4dee-b61a-2e100565025d/ozone-meta/datanode-3/ratis/c8cee687-6e6e-4e4b-89f1-4bff7fa42fee does not exist. Creating ...
2024-06-06 03:46:41,928 [8ce15023-a244-46a6-a4b0-50e62c01a133-groupManagement] INFO  server.RaftServerConfigKeys (ConfUtils.java:logGet(46)) - raft.server.threadpool.server.size = 0 (default)
2024-06-06 03:46:41,928 [8ce15023-a244-46a6-a4b0-50e62c01a133-groupManagement] INFO  server.RaftServerConfigKeys (ConfUtils.java:logGet(46)) - raft.server.threadpool.client.cached = true (default)
2024-06-06 03:46:41,928 [8ce15023-a244-46a6-a4b0-50e62c01a133-groupManagement] INFO  server.RaftServerConfigKeys (ConfUtils.java:logGet(46)) - raft.server.threadpool.client.size = 0 (default)
2024-06-06 03:46:41,928 [f4c2b6b8-993f-476e-b2b0-0769277f8579-groupManagement] INFO  storage.RaftStorageDirectory (RaftStorageDirectoryImpl.java:tryLock(228)) - Lock on /home/runner/work/ozone/ozone/hadoop-ozone/integration-test/target/test-dir/MiniOzoneClusterImpl-9b8c67d1-9dc3-4dee-b61a-2e100565025d/ozone-meta/datanode-3/ratis/c8cee687-6e6e-4e4b-89f1-4bff7fa42fee/in_use.lock acquired by nodename 90173@fv-az1985-286
2024-06-06 03:46:41,928 [8ce15023-a244-46a6-a4b0-50e62c01a133-groupManagement] INFO  server.RaftServerConfigKeys (ConfUtils.java:logGet(46)) - raft.server.storage.free-space.min = 0MB (=0) (default)
2024-06-06 03:46:41,928 [8ce15023-a244-46a6-a4b0-50e62c01a133-groupManagement] INFO  server.RaftServerConfigKeys (ConfUtils.java:logGet(46)) - raft.server.log.corruption.policy = EXCEPTION (default)
2024-06-06 03:46:41,928 [8ce15023-a244-46a6-a4b0-50e62c01a133-groupManagement] INFO  server.RaftServerConfigKeys (ConfUtils.java:logGet(46)) - raft.server.storage.dir = [/home/runner/work/ozone/ozone/hadoop-ozone/integration-test/target/test-dir/MiniOzoneClusterImpl-9b8c67d1-9dc3-4dee-b61a-2e100565025d/ozone-meta/datanode-2/ratis] (custom)
2024-06-06 03:46:41,929 [8ce15023-a244-46a6-a4b0-50e62c01a133-groupManagement] INFO  storage.RaftStorageDirectory (RaftStorageDirectoryImpl.java:analyzeStorage(138)) - The storage directory /home/runner/work/ozone/ozone/hadoop-ozone/integration-test/target/test-dir/MiniOzoneClusterImpl-9b8c67d1-9dc3-4dee-b61a-2e100565025d/ozone-meta/datanode-2/ratis/c8cee687-6e6e-4e4b-89f1-4bff7fa42fee does not exist. Creating ...
2024-06-06 03:46:41,929 [5e18cff1-cfa8-44b4-8834-447d353e7c51-groupManagement] INFO  storage.RaftStorageDirectory (RaftStorageDirectoryImpl.java:analyzeStorage(138)) - The storage directory /home/runner/work/ozone/ozone/hadoop-ozone/integration-test/target/test-dir/MiniOzoneClusterImpl-9b8c67d1-9dc3-4dee-b61a-2e100565025d/ozone-meta/datanode-1/ratis/c8cee687-6e6e-4e4b-89f1-4bff7fa42fee does not exist. Creating ...
2024-06-06 03:46:41,929 [f4c2b6b8-993f-476e-b2b0-0769277f8579-groupManagement] INFO  storage.RaftStorage (RaftStorageImpl.java:format(99)) - Storage directory /home/runner/work/ozone/ozone/hadoop-ozone/integration-test/target/test-dir/MiniOzoneClusterImpl-9b8c67d1-9dc3-4dee-b61a-2e100565025d/ozone-meta/datanode-3/ratis/c8cee687-6e6e-4e4b-89f1-4bff7fa42fee has been successfully formatted.
2024-06-06 03:46:41,930 [f4c2b6b8-993f-476e-b2b0-0769277f8579-groupManagement] WARN  util.FileUtils (LogUtils.java:supplyAndLog(63)) - Failed to Files.newInputStream /home/runner/work/ozone/ozone/hadoop-ozone/integration-test/target/test-dir/MiniOzoneClusterImpl-9b8c67d1-9dc3-4dee-b61a-2e100565025d/ozone-meta/datanode-3/ratis/c8cee687-6e6e-4e4b-89f1-4bff7fa42fee/current/raft-meta.conf with options []: java.nio.file.NoSuchFileException: /home/runner/work/ozone/ozone/hadoop-ozone/integration-test/target/test-dir/MiniOzoneClusterImpl-9b8c67d1-9dc3-4dee-b61a-2e100565025d/ozone-meta/datanode-3/ratis/c8cee687-6e6e-4e4b-89f1-4bff7fa42fee/current/raft-meta.conf
2024-06-06 03:46:41,930 [5e18cff1-cfa8-44b4-8834-447d353e7c51-groupManagement] INFO  storage.RaftStorageDirectory (RaftStorageDirectoryImpl.java:tryLock(228)) - Lock on /home/runner/work/ozone/ozone/hadoop-ozone/integration-test/target/test-dir/MiniOzoneClusterImpl-9b8c67d1-9dc3-4dee-b61a-2e100565025d/ozone-meta/datanode-1/ratis/c8cee687-6e6e-4e4b-89f1-4bff7fa42fee/in_use.lock acquired by nodename 90173@fv-az1985-286
2024-06-06 03:46:41,930 [f4c2b6b8-993f-476e-b2b0-0769277f8579-groupManagement] INFO  ratis.ContainerStateMachine (ContainerStateMachine.java:loadSnapshot(287)) - group-4BFF7FA42FEE: The snapshot info is null. Setting the last applied index to:(t:0, i:~)
2024-06-06 03:46:41,930 [f4c2b6b8-993f-476e-b2b0-0769277f8579-groupManagement] INFO  server.RaftServerConfigKeys (ConfUtils.java:logGet(46)) - raft.server.log.use.memory = false (default)
2024-06-06 03:46:41,930 [8ce15023-a244-46a6-a4b0-50e62c01a133-groupManagement] INFO  storage.RaftStorageDirectory (RaftStorageDirectoryImpl.java:tryLock(228)) - Lock on /home/runner/work/ozone/ozone/hadoop-ozone/integration-test/target/test-dir/MiniOzoneClusterImpl-9b8c67d1-9dc3-4dee-b61a-2e100565025d/ozone-meta/datanode-2/ratis/c8cee687-6e6e-4e4b-89f1-4bff7fa42fee/in_use.lock acquired by nodename 90173@fv-az1985-286
2024-06-06 03:46:41,930 [f4c2b6b8-993f-476e-b2b0-0769277f8579-groupManagement] INFO  server.RaftServerConfigKeys (ConfUtils.java:logGet(46)) - raft.server.log.purge.gap = 1000000 (custom)
2024-06-06 03:46:41,931 [f4c2b6b8-993f-476e-b2b0-0769277f8579-groupManagement] INFO  server.RaftServerConfigKeys (ConfUtils.java:logGet(46)) - raft.server.log.appender.buffer.byte-limit = 8388608 (custom)
2024-06-06 03:46:41,931 [f4c2b6b8-993f-476e-b2b0-0769277f8579-groupManagement] INFO  server.RaftServerConfigKeys (ConfUtils.java:logGet(46)) - raft.server.log.statemachine.data.read.timeout = 1000ms (default)
2024-06-06 03:46:41,931 [f4c2b6b8-993f-476e-b2b0-0769277f8579-groupManagement] INFO  server.RaftServerConfigKeys (ConfUtils.java:logGet(46)) - raft.server.log.purge.preservation.log.num = 0 (default)
2024-06-06 03:46:41,932 [EventQueue-OpenPipelineForHealthyPipelineSafeModeRule] INFO  safemode.SCMSafeModeManager (HealthyPipelineSafeModeRule.java:process(140)) - SCM in safe mode. Healthy pipelines reported count is 0, required healthy pipeline reported count is 1
2024-06-06 03:46:41,933 [f4c2b6b8-993f-476e-b2b0-0769277f8579-groupManagement] INFO  server.RaftServerConfigKeys (ConfUtils.java:logGet(46)) - raft.server.log.segment.size.max = 67108864 (custom)
2024-06-06 03:46:41,934 [f4c2b6b8-993f-476e-b2b0-0769277f8579-groupManagement] INFO  server.RaftServerConfigKeys (ConfUtils.java:logGet(46)) - raft.server.log.segment.cache.num.max = 2 (custom)
2024-06-06 03:46:41,934 [f4c2b6b8-993f-476e-b2b0-0769277f8579-groupManagement] INFO  server.RaftServerConfigKeys (ConfUtils.java:logGet(46)) - raft.server.log.segment.cache.size.max = 200MB (=209715200) (default)
2024-06-06 03:46:41,934 [f4c2b6b8-993f-476e-b2b0-0769277f8579-groupManagement] INFO  server.RaftServerConfigKeys (ConfUtils.java:logGet(46)) - raft.server.log.appender.buffer.byte-limit = 8388608 (custom)
2024-06-06 03:46:41,934 [5e18cff1-cfa8-44b4-8834-447d353e7c51-groupManagement] INFO  storage.RaftStorage (RaftStorageImpl.java:format(99)) - Storage directory /home/runner/work/ozone/ozone/hadoop-ozone/integration-test/target/test-dir/MiniOzoneClusterImpl-9b8c67d1-9dc3-4dee-b61a-2e100565025d/ozone-meta/datanode-1/ratis/c8cee687-6e6e-4e4b-89f1-4bff7fa42fee has been successfully formatted.
2024-06-06 03:46:41,935 [5e18cff1-cfa8-44b4-8834-447d353e7c51-groupManagement] WARN  util.FileUtils (LogUtils.java:supplyAndLog(63)) - Failed to Files.newInputStream /home/runner/work/ozone/ozone/hadoop-ozone/integration-test/target/test-dir/MiniOzoneClusterImpl-9b8c67d1-9dc3-4dee-b61a-2e100565025d/ozone-meta/datanode-1/ratis/c8cee687-6e6e-4e4b-89f1-4bff7fa42fee/current/raft-meta.conf with options []: java.nio.file.NoSuchFileException: /home/runner/work/ozone/ozone/hadoop-ozone/integration-test/target/test-dir/MiniOzoneClusterImpl-9b8c67d1-9dc3-4dee-b61a-2e100565025d/ozone-meta/datanode-1/ratis/c8cee687-6e6e-4e4b-89f1-4bff7fa42fee/current/raft-meta.conf
2024-06-06 03:46:41,935 [5e18cff1-cfa8-44b4-8834-447d353e7c51-groupManagement] INFO  ratis.ContainerStateMachine (ContainerStateMachine.java:loadSnapshot(287)) - group-4BFF7FA42FEE: The snapshot info is null. Setting the last applied index to:(t:0, i:~)
2024-06-06 03:46:41,935 [5e18cff1-cfa8-44b4-8834-447d353e7c51-groupManagement] INFO  server.RaftServerConfigKeys (ConfUtils.java:logGet(46)) - raft.server.log.use.memory = false (default)
2024-06-06 03:46:41,935 [5e18cff1-cfa8-44b4-8834-447d353e7c51-groupManagement] INFO  server.RaftServerConfigKeys (ConfUtils.java:logGet(46)) - raft.server.log.purge.gap = 1000000 (custom)
2024-06-06 03:46:41,935 [5e18cff1-cfa8-44b4-8834-447d353e7c51-groupManagement] INFO  server.RaftServerConfigKeys (ConfUtils.java:logGet(46)) - raft.server.log.appender.buffer.byte-limit = 8388608 (custom)
2024-06-06 03:46:41,935 [5e18cff1-cfa8-44b4-8834-447d353e7c51-groupManagement] INFO  server.RaftServerConfigKeys (ConfUtils.java:logGet(46)) - raft.server.log.statemachine.data.read.timeout = 1000ms (default)
2024-06-06 03:46:41,935 [5e18cff1-cfa8-44b4-8834-447d353e7c51-groupManagement] INFO  server.RaftServerConfigKeys (ConfUtils.java:logGet(46)) - raft.server.log.purge.preservation.log.num = 0 (default)
2024-06-06 03:46:41,936 [EventQueue-OpenPipelineForHealthyPipelineSafeModeRule] INFO  safemode.SCMSafeModeManager (HealthyPipelineSafeModeRule.java:process(140)) - SCM in safe mode. Healthy pipelines reported count is 0, required healthy pipeline reported count is 1
2024-06-06 03:46:41,934 [8ce15023-a244-46a6-a4b0-50e62c01a133-groupManagement] INFO  storage.RaftStorage (RaftStorageImpl.java:format(99)) - Storage directory /home/runner/work/ozone/ozone/hadoop-ozone/integration-test/target/test-dir/MiniOzoneClusterImpl-9b8c67d1-9dc3-4dee-b61a-2e100565025d/ozone-meta/datanode-2/ratis/c8cee687-6e6e-4e4b-89f1-4bff7fa42fee has been successfully formatted.
2024-06-06 03:46:41,936 [8ce15023-a244-46a6-a4b0-50e62c01a133-groupManagement] WARN  util.FileUtils (LogUtils.java:supplyAndLog(63)) - Failed to Files.newInputStream /home/runner/work/ozone/ozone/hadoop-ozone/integration-test/target/test-dir/MiniOzoneClusterImpl-9b8c67d1-9dc3-4dee-b61a-2e100565025d/ozone-meta/datanode-2/ratis/c8cee687-6e6e-4e4b-89f1-4bff7fa42fee/current/raft-meta.conf with options []: java.nio.file.NoSuchFileException: /home/runner/work/ozone/ozone/hadoop-ozone/integration-test/target/test-dir/MiniOzoneClusterImpl-9b8c67d1-9dc3-4dee-b61a-2e100565025d/ozone-meta/datanode-2/ratis/c8cee687-6e6e-4e4b-89f1-4bff7fa42fee/current/raft-meta.conf
2024-06-06 03:46:41,937 [8ce15023-a244-46a6-a4b0-50e62c01a133-groupManagement] INFO  ratis.ContainerStateMachine (ContainerStateMachine.java:loadSnapshot(287)) - group-4BFF7FA42FEE: The snapshot info is null. Setting the last applied index to:(t:0, i:~)
2024-06-06 03:46:41,937 [8ce15023-a244-46a6-a4b0-50e62c01a133-groupManagement] INFO  server.RaftServerConfigKeys (ConfUtils.java:logGet(46)) - raft.server.log.use.memory = false (default)
2024-06-06 03:46:41,937 [8ce15023-a244-46a6-a4b0-50e62c01a133-groupManagement] INFO  server.RaftServerConfigKeys (ConfUtils.java:logGet(46)) - raft.server.log.purge.gap = 1000000 (custom)
2024-06-06 03:46:41,937 [8ce15023-a244-46a6-a4b0-50e62c01a133-groupManagement] INFO  server.RaftServerConfigKeys (ConfUtils.java:logGet(46)) - raft.server.log.appender.buffer.byte-limit = 8388608 (custom)
2024-06-06 03:46:41,937 [8ce15023-a244-46a6-a4b0-50e62c01a133-groupManagement] INFO  server.RaftServerConfigKeys (ConfUtils.java:logGet(46)) - raft.server.log.statemachine.data.read.timeout = 1000ms (default)
2024-06-06 03:46:41,937 [8ce15023-a244-46a6-a4b0-50e62c01a133-groupManagement] INFO  server.RaftServerConfigKeys (ConfUtils.java:logGet(46)) - raft.server.log.purge.preservation.log.num = 0 (default)
2024-06-06 03:46:41,938 [EventQueue-OpenPipelineForHealthyPipelineSafeModeRule] INFO  safemode.SCMSafeModeManager (HealthyPipelineSafeModeRule.java:process(140)) - SCM in safe mode. Healthy pipelines reported count is 0, required healthy pipeline reported count is 1
2024-06-06 03:46:41,940 [f4c2b6b8-993f-476e-b2b0-0769277f8579-groupManagement] INFO  util.AwaitToRun (AwaitToRun.java:start(81)) - Thread[f4c2b6b8-993f-476e-b2b0-0769277f8579@group-4BFF7FA42FEE-cacheEviction-AwaitToRun,5,main] started
2024-06-06 03:46:41,940 [f4c2b6b8-993f-476e-b2b0-0769277f8579-groupManagement] INFO  segmented.SegmentedRaftLogWorker (SegmentedRaftLogWorker.java:<init>(182)) - new f4c2b6b8-993f-476e-b2b0-0769277f8579@group-4BFF7FA42FEE-SegmentedRaftLogWorker for RaftStorageImpl:Storage Directory /home/runner/work/ozone/ozone/hadoop-ozone/integration-test/target/test-dir/MiniOzoneClusterImpl-9b8c67d1-9dc3-4dee-b61a-2e100565025d/ozone-meta/datanode-3/ratis/c8cee687-6e6e-4e4b-89f1-4bff7fa42fee
2024-06-06 03:46:41,940 [f4c2b6b8-993f-476e-b2b0-0769277f8579-groupManagement] INFO  server.RaftServerConfigKeys (ConfUtils.java:logGet(46)) - raft.server.log.queue.byte-limit = 4294967296 (custom)
2024-06-06 03:46:41,940 [f4c2b6b8-993f-476e-b2b0-0769277f8579-groupManagement] INFO  server.RaftServerConfigKeys (ConfUtils.java:logGet(46)) - raft.server.log.queue.element-limit = 1024 (custom)
2024-06-06 03:46:41,940 [f4c2b6b8-993f-476e-b2b0-0769277f8579-groupManagement] INFO  server.RaftServerConfigKeys (ConfUtils.java:logGet(46)) - raft.server.log.segment.size.max = 67108864 (custom)
2024-06-06 03:46:41,940 [f4c2b6b8-993f-476e-b2b0-0769277f8579-groupManagement] INFO  server.RaftServerConfigKeys (ConfUtils.java:logGet(46)) - raft.server.log.preallocated.size = 4194304 (custom)
2024-06-06 03:46:41,940 [f4c2b6b8-993f-476e-b2b0-0769277f8579-groupManagement] INFO  server.RaftServerConfigKeys (ConfUtils.java:logGet(46)) - raft.server.log.force.sync.num = 128 (default)
2024-06-06 03:46:41,940 [f4c2b6b8-993f-476e-b2b0-0769277f8579-groupManagement] INFO  server.RaftServerConfigKeys (ConfUtils.java:logGet(46)) - raft.server.log.statemachine.data.sync = true (default)
2024-06-06 03:46:41,941 [f4c2b6b8-993f-476e-b2b0-0769277f8579-groupManagement] INFO  server.RaftServerConfigKeys (ConfUtils.java:logGet(46)) - raft.server.log.statemachine.data.sync.timeout = 10s (default)
2024-06-06 03:46:41,941 [f4c2b6b8-993f-476e-b2b0-0769277f8579-groupManagement] INFO  server.RaftServerConfigKeys (ConfUtils.java:logGet(46)) - raft.server.log.statemachine.data.sync.timeout.retry = 30 (custom)
2024-06-06 03:46:41,942 [f4c2b6b8-993f-476e-b2b0-0769277f8579-groupManagement] INFO  server.RaftServerConfigKeys (ConfUtils.java:logGet(46)) - raft.server.log.write.buffer.size = 8388616 (custom)
2024-06-06 03:46:41,945 [f4c2b6b8-993f-476e-b2b0-0769277f8579-groupManagement] INFO  server.RaftServerConfigKeys (ConfUtils.java:logGet(46)) - raft.server.log.appender.buffer.byte-limit = 8388608 (custom)
2024-06-06 03:46:41,946 [f4c2b6b8-993f-476e-b2b0-0769277f8579-groupManagement] INFO  server.RaftServerConfigKeys (ConfUtils.java:logGet(46)) - raft.server.log.unsafe-flush.enabled = false (default)
2024-06-06 03:46:41,946 [f4c2b6b8-993f-476e-b2b0-0769277f8579-groupManagement] INFO  server.RaftServerConfigKeys (ConfUtils.java:logGet(46)) - raft.server.log.async-flush.enabled = false (default)
2024-06-06 03:46:41,946 [f4c2b6b8-993f-476e-b2b0-0769277f8579-groupManagement] INFO  server.RaftServerConfigKeys (ConfUtils.java:logGet(46)) - raft.server.log.statemachine.data.caching.enabled = true (custom)
2024-06-06 03:46:41,946 [f4c2b6b8-993f-476e-b2b0-0769277f8579-groupManagement] INFO  segmented.SegmentedRaftLogWorker (SegmentedRaftLogWorker.java:lambda$new$0(134)) - f4c2b6b8-993f-476e-b2b0-0769277f8579@group-4BFF7FA42FEE-SegmentedRaftLogWorker: flushIndex: setUnconditionally 0 -> -1
2024-06-06 03:46:41,946 [f4c2b6b8-993f-476e-b2b0-0769277f8579-groupManagement] INFO  segmented.SegmentedRaftLogWorker (SegmentedRaftLogWorker.java:lambda$new$0(134)) - f4c2b6b8-993f-476e-b2b0-0769277f8579@group-4BFF7FA42FEE-SegmentedRaftLogWorker: safeCacheEvictIndex: setUnconditionally 0 -> -1
2024-06-06 03:46:41,946 [8ce15023-a244-46a6-a4b0-50e62c01a133-groupManagement] INFO  server.RaftServerConfigKeys (ConfUtils.java:logGet(46)) - raft.server.log.segment.size.max = 67108864 (custom)
2024-06-06 03:46:41,947 [8ce15023-a244-46a6-a4b0-50e62c01a133-groupManagement] INFO  server.RaftServerConfigKeys (ConfUtils.java:logGet(46)) - raft.server.log.segment.cache.num.max = 2 (custom)
2024-06-06 03:46:41,947 [8ce15023-a244-46a6-a4b0-50e62c01a133-groupManagement] INFO  server.RaftServerConfigKeys (ConfUtils.java:logGet(46)) - raft.server.log.segment.cache.size.max = 200MB (=209715200) (default)
2024-06-06 03:46:41,947 [8ce15023-a244-46a6-a4b0-50e62c01a133-groupManagement] INFO  server.RaftServerConfigKeys (ConfUtils.java:logGet(46)) - raft.server.log.appender.buffer.byte-limit = 8388608 (custom)
2024-06-06 03:46:41,946 [5e18cff1-cfa8-44b4-8834-447d353e7c51-groupManagement] INFO  server.RaftServerConfigKeys (ConfUtils.java:logGet(46)) - raft.server.log.segment.size.max = 67108864 (custom)
2024-06-06 03:46:41,948 [5e18cff1-cfa8-44b4-8834-447d353e7c51-groupManagement] INFO  server.RaftServerConfigKeys (ConfUtils.java:logGet(46)) - raft.server.log.segment.cache.num.max = 2 (custom)
2024-06-06 03:46:41,948 [5e18cff1-cfa8-44b4-8834-447d353e7c51-groupManagement] INFO  server.RaftServerConfigKeys (ConfUtils.java:logGet(46)) - raft.server.log.segment.cache.size.max = 200MB (=209715200) (default)
2024-06-06 03:46:41,948 [5e18cff1-cfa8-44b4-8834-447d353e7c51-groupManagement] INFO  server.RaftServerConfigKeys (ConfUtils.java:logGet(46)) - raft.server.log.appender.buffer.byte-limit = 8388608 (custom)
2024-06-06 03:46:41,949 [f4c2b6b8-993f-476e-b2b0-0769277f8579-groupManagement] INFO  server.RaftServer$Division (RaftServerImpl.java:start(396)) - f4c2b6b8-993f-476e-b2b0-0769277f8579@group-4BFF7FA42FEE: start as a follower, conf=-1: peers:[f4c2b6b8-993f-476e-b2b0-0769277f8579|127.0.0.1:15032, 8ce15023-a244-46a6-a4b0-50e62c01a133|127.0.0.1:15023, 5e18cff1-cfa8-44b4-8834-447d353e7c51|127.0.0.1:15014]|listeners:[], old=null
2024-06-06 03:46:41,949 [f4c2b6b8-993f-476e-b2b0-0769277f8579-groupManagement] INFO  server.RaftServer$Division (RaftServerImpl.java:setRole(383)) - f4c2b6b8-993f-476e-b2b0-0769277f8579@group-4BFF7FA42FEE: changes role from      null to FOLLOWER at term 0 for startAsFollower
2024-06-06 03:46:41,949 [f4c2b6b8-993f-476e-b2b0-0769277f8579-groupManagement] INFO  impl.RoleInfo (RoleInfo.java:updateAndGet(139)) - f4c2b6b8-993f-476e-b2b0-0769277f8579: start f4c2b6b8-993f-476e-b2b0-0769277f8579@group-4BFF7FA42FEE-FollowerState
2024-06-06 03:46:41,950 [8ce15023-a244-46a6-a4b0-50e62c01a133-groupManagement] INFO  util.AwaitToRun (AwaitToRun.java:start(81)) - Thread[8ce15023-a244-46a6-a4b0-50e62c01a133@group-4BFF7FA42FEE-cacheEviction-AwaitToRun,5,main] started
2024-06-06 03:46:41,950 [8ce15023-a244-46a6-a4b0-50e62c01a133-groupManagement] INFO  segmented.SegmentedRaftLogWorker (SegmentedRaftLogWorker.java:<init>(182)) - new 8ce15023-a244-46a6-a4b0-50e62c01a133@group-4BFF7FA42FEE-SegmentedRaftLogWorker for RaftStorageImpl:Storage Directory /home/runner/work/ozone/ozone/hadoop-ozone/integration-test/target/test-dir/MiniOzoneClusterImpl-9b8c67d1-9dc3-4dee-b61a-2e100565025d/ozone-meta/datanode-2/ratis/c8cee687-6e6e-4e4b-89f1-4bff7fa42fee
2024-06-06 03:46:41,950 [8ce15023-a244-46a6-a4b0-50e62c01a133-groupManagement] INFO  server.RaftServerConfigKeys (ConfUtils.java:logGet(46)) - raft.server.log.queue.byte-limit = 4294967296 (custom)
2024-06-06 03:46:41,950 [8ce15023-a244-46a6-a4b0-50e62c01a133-groupManagement] INFO  server.RaftServerConfigKeys (ConfUtils.java:logGet(46)) - raft.server.log.queue.element-limit = 1024 (custom)
2024-06-06 03:46:41,950 [8ce15023-a244-46a6-a4b0-50e62c01a133-groupManagement] INFO  server.RaftServerConfigKeys (ConfUtils.java:logGet(46)) - raft.server.log.segment.size.max = 67108864 (custom)
2024-06-06 03:46:41,950 [8ce15023-a244-46a6-a4b0-50e62c01a133-groupManagement] INFO  server.RaftServerConfigKeys (ConfUtils.java:logGet(46)) - raft.server.log.preallocated.size = 4194304 (custom)
2024-06-06 03:46:41,950 [8ce15023-a244-46a6-a4b0-50e62c01a133-groupManagement] INFO  server.RaftServerConfigKeys (ConfUtils.java:logGet(46)) - raft.server.log.force.sync.num = 128 (default)
2024-06-06 03:46:41,951 [8ce15023-a244-46a6-a4b0-50e62c01a133-groupManagement] INFO  server.RaftServerConfigKeys (ConfUtils.java:logGet(46)) - raft.server.log.statemachine.data.sync = true (default)
2024-06-06 03:46:41,951 [8ce15023-a244-46a6-a4b0-50e62c01a133-groupManagement] INFO  server.RaftServerConfigKeys (ConfUtils.java:logGet(46)) - raft.server.log.statemachine.data.sync.timeout = 10s (default)
2024-06-06 03:46:41,951 [8ce15023-a244-46a6-a4b0-50e62c01a133-groupManagement] INFO  server.RaftServerConfigKeys (ConfUtils.java:logGet(46)) - raft.server.log.statemachine.data.sync.timeout.retry = 30 (custom)
2024-06-06 03:46:41,952 [8ce15023-a244-46a6-a4b0-50e62c01a133-groupManagement] INFO  server.RaftServerConfigKeys (ConfUtils.java:logGet(46)) - raft.server.log.write.buffer.size = 8388616 (custom)
2024-06-06 03:46:41,954 [8ce15023-a244-46a6-a4b0-50e62c01a133-groupManagement] INFO  server.RaftServerConfigKeys (ConfUtils.java:logGet(46)) - raft.server.log.appender.buffer.byte-limit = 8388608 (custom)
2024-06-06 03:46:41,952 [5e18cff1-cfa8-44b4-8834-447d353e7c51-groupManagement] INFO  util.AwaitToRun (AwaitToRun.java:start(81)) - Thread[5e18cff1-cfa8-44b4-8834-447d353e7c51@group-4BFF7FA42FEE-cacheEviction-AwaitToRun,5,main] started
2024-06-06 03:46:41,954 [5e18cff1-cfa8-44b4-8834-447d353e7c51-groupManagement] INFO  segmented.SegmentedRaftLogWorker (SegmentedRaftLogWorker.java:<init>(182)) - new 5e18cff1-cfa8-44b4-8834-447d353e7c51@group-4BFF7FA42FEE-SegmentedRaftLogWorker for RaftStorageImpl:Storage Directory /home/runner/work/ozone/ozone/hadoop-ozone/integration-test/target/test-dir/MiniOzoneClusterImpl-9b8c67d1-9dc3-4dee-b61a-2e100565025d/ozone-meta/datanode-1/ratis/c8cee687-6e6e-4e4b-89f1-4bff7fa42fee
2024-06-06 03:46:41,955 [5e18cff1-cfa8-44b4-8834-447d353e7c51-groupManagement] INFO  server.RaftServerConfigKeys (ConfUtils.java:logGet(46)) - raft.server.log.queue.byte-limit = 4294967296 (custom)
2024-06-06 03:46:41,955 [5e18cff1-cfa8-44b4-8834-447d353e7c51-groupManagement] INFO  server.RaftServerConfigKeys (ConfUtils.java:logGet(46)) - raft.server.log.queue.element-limit = 1024 (custom)
2024-06-06 03:46:41,955 [5e18cff1-cfa8-44b4-8834-447d353e7c51-groupManagement] INFO  server.RaftServerConfigKeys (ConfUtils.java:logGet(46)) - raft.server.log.segment.size.max = 67108864 (custom)
2024-06-06 03:46:41,955 [5e18cff1-cfa8-44b4-8834-447d353e7c51-groupManagement] INFO  server.RaftServerConfigKeys (ConfUtils.java:logGet(46)) - raft.server.log.preallocated.size = 4194304 (custom)
2024-06-06 03:46:41,955 [5e18cff1-cfa8-44b4-8834-447d353e7c51-groupManagement] INFO  server.RaftServerConfigKeys (ConfUtils.java:logGet(46)) - raft.server.log.force.sync.num = 128 (default)
2024-06-06 03:46:41,955 [5e18cff1-cfa8-44b4-8834-447d353e7c51-groupManagement] INFO  server.RaftServerConfigKeys (ConfUtils.java:logGet(46)) - raft.server.log.statemachine.data.sync = true (default)
2024-06-06 03:46:41,955 [5e18cff1-cfa8-44b4-8834-447d353e7c51-groupManagement] INFO  server.RaftServerConfigKeys (ConfUtils.java:logGet(46)) - raft.server.log.statemachine.data.sync.timeout = 10s (default)
2024-06-06 03:46:41,955 [5e18cff1-cfa8-44b4-8834-447d353e7c51-groupManagement] INFO  server.RaftServerConfigKeys (ConfUtils.java:logGet(46)) - raft.server.log.statemachine.data.sync.timeout.retry = 30 (custom)
2024-06-06 03:46:41,956 [5e18cff1-cfa8-44b4-8834-447d353e7c51-groupManagement] INFO  server.RaftServerConfigKeys (ConfUtils.java:logGet(46)) - raft.server.log.write.buffer.size = 8388616 (custom)
2024-06-06 03:46:41,958 [5e18cff1-cfa8-44b4-8834-447d353e7c51-groupManagement] INFO  server.RaftServerConfigKeys (ConfUtils.java:logGet(46)) - raft.server.log.appender.buffer.byte-limit = 8388608 (custom)
2024-06-06 03:46:41,958 [5e18cff1-cfa8-44b4-8834-447d353e7c51-groupManagement] INFO  server.RaftServerConfigKeys (ConfUtils.java:logGet(46)) - raft.server.log.unsafe-flush.enabled = false (default)
2024-06-06 03:46:41,958 [5e18cff1-cfa8-44b4-8834-447d353e7c51-groupManagement] INFO  server.RaftServerConfigKeys (ConfUtils.java:logGet(46)) - raft.server.log.async-flush.enabled = false (default)
2024-06-06 03:46:41,958 [5e18cff1-cfa8-44b4-8834-447d353e7c51-groupManagement] INFO  server.RaftServerConfigKeys (ConfUtils.java:logGet(46)) - raft.server.log.statemachine.data.caching.enabled = true (custom)
2024-06-06 03:46:41,958 [5e18cff1-cfa8-44b4-8834-447d353e7c51-groupManagement] INFO  segmented.SegmentedRaftLogWorker (SegmentedRaftLogWorker.java:lambda$new$0(134)) - 5e18cff1-cfa8-44b4-8834-447d353e7c51@group-4BFF7FA42FEE-SegmentedRaftLogWorker: flushIndex: setUnconditionally 0 -> -1
2024-06-06 03:46:41,958 [5e18cff1-cfa8-44b4-8834-447d353e7c51-groupManagement] INFO  segmented.SegmentedRaftLogWorker (SegmentedRaftLogWorker.java:lambda$new$0(134)) - 5e18cff1-cfa8-44b4-8834-447d353e7c51@group-4BFF7FA42FEE-SegmentedRaftLogWorker: safeCacheEvictIndex: setUnconditionally 0 -> -1
2024-06-06 03:46:41,958 [f4c2b6b8-993f-476e-b2b0-0769277f8579-groupManagement] INFO  util.JmxRegister (JmxRegister.java:tryRegister(44)) - Successfully registered JMX Bean with object name Ratis:service=RaftServer,group=group-4BFF7FA42FEE,id=f4c2b6b8-993f-476e-b2b0-0769277f8579
2024-06-06 03:46:41,959 [f4c2b6b8-993f-476e-b2b0-0769277f8579-groupManagement] INFO  server.RaftServerConfigKeys (ConfUtils.java:logGet(46)) - raft.server.snapshot.trigger-when-stop.enabled = true (default)
2024-06-06 03:46:41,959 [f4c2b6b8-993f-476e-b2b0-0769277f8579-groupManagement] INFO  server.RaftServerConfigKeys (ConfUtils.java:logGet(46)) - raft.server.snapshot.auto.trigger.enabled = true (custom)
2024-06-06 03:46:41,959 [f4c2b6b8-993f-476e-b2b0-0769277f8579-groupManagement] INFO  server.RaftServerConfigKeys (ConfUtils.java:logGet(46)) - raft.server.snapshot.auto.trigger.threshold = 10000 (custom)
2024-06-06 03:46:41,959 [f4c2b6b8-993f-476e-b2b0-0769277f8579-groupManagement] INFO  server.RaftServerConfigKeys (ConfUtils.java:logGet(46)) - raft.server.snapshot.retention.file.num = 5 (custom)
2024-06-06 03:46:41,959 [f4c2b6b8-993f-476e-b2b0-0769277f8579-groupManagement] INFO  server.RaftServerConfigKeys (ConfUtils.java:logGet(46)) - raft.server.log.purge.upto.snapshot.index = false (default)
2024-06-06 03:46:41,958 [8ce15023-a244-46a6-a4b0-50e62c01a133-groupManagement] INFO  server.RaftServerConfigKeys (ConfUtils.java:logGet(46)) - raft.server.log.unsafe-flush.enabled = false (default)
2024-06-06 03:46:41,958 [f4c2b6b8-993f-476e-b2b0-0769277f8579@group-4BFF7FA42FEE-FollowerState] INFO  server.RaftServerConfigKeys (ConfUtils.java:logFallback(53)) - raft.server.rpc.first-election.timeout.min = 5s (fallback to raft.server.rpc.timeout.min)
2024-06-06 03:46:41,960 [8ce15023-a244-46a6-a4b0-50e62c01a133-groupManagement] INFO  server.RaftServerConfigKeys (ConfUtils.java:logGet(46)) - raft.server.log.async-flush.enabled = false (default)
2024-06-06 03:46:41,960 [f4c2b6b8-993f-476e-b2b0-0769277f8579@group-4BFF7FA42FEE-FollowerState] INFO  server.RaftServerConfigKeys (ConfUtils.java:logFallback(53)) - raft.server.rpc.first-election.timeout.max = 5200ms (fallback to raft.server.rpc.timeout.max)
2024-06-06 03:46:41,960 [8ce15023-a244-46a6-a4b0-50e62c01a133-groupManagement] INFO  server.RaftServerConfigKeys (ConfUtils.java:logGet(46)) - raft.server.log.statemachine.data.caching.enabled = true (custom)
2024-06-06 03:46:41,960 [8ce15023-a244-46a6-a4b0-50e62c01a133-groupManagement] INFO  segmented.SegmentedRaftLogWorker (SegmentedRaftLogWorker.java:lambda$new$0(134)) - 8ce15023-a244-46a6-a4b0-50e62c01a133@group-4BFF7FA42FEE-SegmentedRaftLogWorker: flushIndex: setUnconditionally 0 -> -1
2024-06-06 03:46:41,960 [8ce15023-a244-46a6-a4b0-50e62c01a133-groupManagement] INFO  segmented.SegmentedRaftLogWorker (SegmentedRaftLogWorker.java:lambda$new$0(134)) - 8ce15023-a244-46a6-a4b0-50e62c01a133@group-4BFF7FA42FEE-SegmentedRaftLogWorker: safeCacheEvictIndex: setUnconditionally 0 -> -1
2024-06-06 03:46:41,964 [5e18cff1-cfa8-44b4-8834-447d353e7c51-groupManagement] INFO  server.RaftServer$Division (RaftServerImpl.java:start(396)) - 5e18cff1-cfa8-44b4-8834-447d353e7c51@group-4BFF7FA42FEE: start as a follower, conf=-1: peers:[f4c2b6b8-993f-476e-b2b0-0769277f8579|127.0.0.1:15032, 8ce15023-a244-46a6-a4b0-50e62c01a133|127.0.0.1:15023, 5e18cff1-cfa8-44b4-8834-447d353e7c51|127.0.0.1:15014]|listeners:[], old=null
2024-06-06 03:46:41,964 [5e18cff1-cfa8-44b4-8834-447d353e7c51-groupManagement] INFO  server.RaftServer$Division (RaftServerImpl.java:setRole(383)) - 5e18cff1-cfa8-44b4-8834-447d353e7c51@group-4BFF7FA42FEE: changes role from      null to FOLLOWER at term 0 for startAsFollower
2024-06-06 03:46:41,965 [f4c2b6b8-993f-476e-b2b0-0769277f8579-PipelineCommandHandlerThread-0] INFO  ratis.XceiverServerRatis (XceiverServerRatis.java:addGroup(864)) - Created group PipelineID=c8cee687-6e6e-4e4b-89f1-4bff7fa42fee
2024-06-06 03:46:41,968 [5e18cff1-cfa8-44b4-8834-447d353e7c51-groupManagement] INFO  impl.RoleInfo (RoleInfo.java:updateAndGet(139)) - 5e18cff1-cfa8-44b4-8834-447d353e7c51: start 5e18cff1-cfa8-44b4-8834-447d353e7c51@group-4BFF7FA42FEE-FollowerState
2024-06-06 03:46:41,969 [8ce15023-a244-46a6-a4b0-50e62c01a133-groupManagement] INFO  server.RaftServer$Division (RaftServerImpl.java:start(396)) - 8ce15023-a244-46a6-a4b0-50e62c01a133@group-4BFF7FA42FEE: start as a follower, conf=-1: peers:[f4c2b6b8-993f-476e-b2b0-0769277f8579|127.0.0.1:15032, 8ce15023-a244-46a6-a4b0-50e62c01a133|127.0.0.1:15023, 5e18cff1-cfa8-44b4-8834-447d353e7c51|127.0.0.1:15014]|listeners:[], old=null
2024-06-06 03:46:41,970 [8ce15023-a244-46a6-a4b0-50e62c01a133-groupManagement] INFO  server.RaftServer$Division (RaftServerImpl.java:setRole(383)) - 8ce15023-a244-46a6-a4b0-50e62c01a133@group-4BFF7FA42FEE: changes role from      null to FOLLOWER at term 0 for startAsFollower
2024-06-06 03:46:41,970 [8ce15023-a244-46a6-a4b0-50e62c01a133-groupManagement] INFO  impl.RoleInfo (RoleInfo.java:updateAndGet(139)) - 8ce15023-a244-46a6-a4b0-50e62c01a133: start 8ce15023-a244-46a6-a4b0-50e62c01a133@group-4BFF7FA42FEE-FollowerState
2024-06-06 03:46:41,975 [5e18cff1-cfa8-44b4-8834-447d353e7c51-groupManagement] INFO  util.JmxRegister (JmxRegister.java:tryRegister(44)) - Successfully registered JMX Bean with object name Ratis:service=RaftServer,group=group-4BFF7FA42FEE,id=5e18cff1-cfa8-44b4-8834-447d353e7c51
2024-06-06 03:46:41,975 [8ce15023-a244-46a6-a4b0-50e62c01a133-groupManagement] INFO  util.JmxRegister (JmxRegister.java:tryRegister(44)) - Successfully registered JMX Bean with object name Ratis:service=RaftServer,group=group-4BFF7FA42FEE,id=8ce15023-a244-46a6-a4b0-50e62c01a133
2024-06-06 03:46:41,975 [5e18cff1-cfa8-44b4-8834-447d353e7c51-groupManagement] INFO  server.RaftServerConfigKeys (ConfUtils.java:logGet(46)) - raft.server.snapshot.trigger-when-stop.enabled = true (default)
2024-06-06 03:46:41,975 [8ce15023-a244-46a6-a4b0-50e62c01a133-groupManagement] INFO  server.RaftServerConfigKeys (ConfUtils.java:logGet(46)) - raft.server.snapshot.trigger-when-stop.enabled = true (default)
2024-06-06 03:46:41,975 [5e18cff1-cfa8-44b4-8834-447d353e7c51-groupManagement] INFO  server.RaftServerConfigKeys (ConfUtils.java:logGet(46)) - raft.server.snapshot.auto.trigger.enabled = true (custom)
2024-06-06 03:46:41,975 [8ce15023-a244-46a6-a4b0-50e62c01a133-groupManagement] INFO  server.RaftServerConfigKeys (ConfUtils.java:logGet(46)) - raft.server.snapshot.auto.trigger.enabled = true (custom)
2024-06-06 03:46:41,975 [5e18cff1-cfa8-44b4-8834-447d353e7c51-groupManagement] INFO  server.RaftServerConfigKeys (ConfUtils.java:logGet(46)) - raft.server.snapshot.auto.trigger.threshold = 10000 (custom)
2024-06-06 03:46:41,975 [8ce15023-a244-46a6-a4b0-50e62c01a133@group-4BFF7FA42FEE-FollowerState] INFO  server.RaftServerConfigKeys (ConfUtils.java:logFallback(53)) - raft.server.rpc.first-election.timeout.min = 5s (fallback to raft.server.rpc.timeout.min)
2024-06-06 03:46:41,975 [8ce15023-a244-46a6-a4b0-50e62c01a133-groupManagement] INFO  server.RaftServerConfigKeys (ConfUtils.java:logGet(46)) - raft.server.snapshot.auto.trigger.threshold = 10000 (custom)
2024-06-06 03:46:41,976 [8ce15023-a244-46a6-a4b0-50e62c01a133-groupManagement] INFO  server.RaftServerConfigKeys (ConfUtils.java:logGet(46)) - raft.server.snapshot.retention.file.num = 5 (custom)
2024-06-06 03:46:41,976 [8ce15023-a244-46a6-a4b0-50e62c01a133-groupManagement] INFO  server.RaftServerConfigKeys (ConfUtils.java:logGet(46)) - raft.server.log.purge.upto.snapshot.index = false (default)
2024-06-06 03:46:41,975 [5e18cff1-cfa8-44b4-8834-447d353e7c51@group-4BFF7FA42FEE-FollowerState] INFO  server.RaftServerConfigKeys (ConfUtils.java:logFallback(53)) - raft.server.rpc.first-election.timeout.min = 5s (fallback to raft.server.rpc.timeout.min)
2024-06-06 03:46:41,975 [5e18cff1-cfa8-44b4-8834-447d353e7c51-groupManagement] INFO  server.RaftServerConfigKeys (ConfUtils.java:logGet(46)) - raft.server.snapshot.retention.file.num = 5 (custom)
2024-06-06 03:46:41,976 [5e18cff1-cfa8-44b4-8834-447d353e7c51-groupManagement] INFO  server.RaftServerConfigKeys (ConfUtils.java:logGet(46)) - raft.server.log.purge.upto.snapshot.index = false (default)
2024-06-06 03:46:41,976 [8ce15023-a244-46a6-a4b0-50e62c01a133@group-4BFF7FA42FEE-FollowerState] INFO  server.RaftServerConfigKeys (ConfUtils.java:logFallback(53)) - raft.server.rpc.first-election.timeout.max = 5200ms (fallback to raft.server.rpc.timeout.max)
2024-06-06 03:46:41,976 [5e18cff1-cfa8-44b4-8834-447d353e7c51@group-4BFF7FA42FEE-FollowerState] INFO  server.RaftServerConfigKeys (ConfUtils.java:logFallback(53)) - raft.server.rpc.first-election.timeout.max = 5200ms (fallback to raft.server.rpc.timeout.max)
2024-06-06 03:46:41,981 [8ce15023-a244-46a6-a4b0-50e62c01a133-PipelineCommandHandlerThread-0] INFO  ratis.XceiverServerRatis (XceiverServerRatis.java:addGroup(864)) - Created group PipelineID=c8cee687-6e6e-4e4b-89f1-4bff7fa42fee
2024-06-06 03:46:41,989 [5e18cff1-cfa8-44b4-8834-447d353e7c51-PipelineCommandHandlerThread-0] INFO  ratis.XceiverServerRatis (XceiverServerRatis.java:addGroup(864)) - Created group PipelineID=c8cee687-6e6e-4e4b-89f1-4bff7fa42fee
2024-06-06 03:46:42,035 [5e18cff1-cfa8-44b4-8834-447d353e7c51-PipelineCommandHandlerThread-0] INFO  commandhandler.CreatePipelineCommandHandler (CreatePipelineCommandHandler.java:lambda$handle$2(124)) - Created Pipeline RATIS THREE PipelineID=c8cee687-6e6e-4e4b-89f1-4bff7fa42fee.
2024-06-06 03:46:42,039 [f4c2b6b8-993f-476e-b2b0-0769277f8579-PipelineCommandHandlerThread-0] INFO  commandhandler.CreatePipelineCommandHandler (CreatePipelineCommandHandler.java:lambda$handle$2(124)) - Created Pipeline RATIS THREE PipelineID=c8cee687-6e6e-4e4b-89f1-4bff7fa42fee.
2024-06-06 03:46:42,039 [8ce15023-a244-46a6-a4b0-50e62c01a133-PipelineCommandHandlerThread-0] INFO  commandhandler.CreatePipelineCommandHandler (CreatePipelineCommandHandler.java:lambda$handle$2(124)) - Created Pipeline RATIS THREE PipelineID=c8cee687-6e6e-4e4b-89f1-4bff7fa42fee.
2024-06-06 03:46:42,677 [main] INFO  ozone.MiniOzoneClusterImpl (MiniOzoneClusterImpl.java:lambda$waitForClusterToBeReady$0(194)) - Nodes are ready. Got 3 of 3 DN Heartbeats.
2024-06-06 03:46:42,677 [main] INFO  ozone.MiniOzoneClusterImpl (MiniOzoneClusterImpl.java:lambda$waitForClusterToBeReady$0(197)) - Waiting for cluster to exit safe mode
2024-06-06 03:46:42,678 [main] INFO  ozone.MiniOzoneClusterImpl (MiniOzoneClusterImpl.java:lambda$waitForClusterToBeReady$0(199)) - SCM became leader
2024-06-06 03:46:43,678 [main] INFO  ozone.MiniOzoneClusterImpl (MiniOzoneClusterImpl.java:lambda$waitForClusterToBeReady$0(194)) - Nodes are ready. Got 3 of 3 DN Heartbeats.
2024-06-06 03:46:43,678 [main] INFO  ozone.MiniOzoneClusterImpl (MiniOzoneClusterImpl.java:lambda$waitForClusterToBeReady$0(197)) - Waiting for cluster to exit safe mode
2024-06-06 03:46:43,678 [main] INFO  ozone.MiniOzoneClusterImpl (MiniOzoneClusterImpl.java:lambda$waitForClusterToBeReady$0(199)) - SCM became leader
2024-06-06 03:46:44,678 [main] INFO  ozone.MiniOzoneClusterImpl (MiniOzoneClusterImpl.java:lambda$waitForClusterToBeReady$0(194)) - Nodes are ready. Got 3 of 3 DN Heartbeats.
2024-06-06 03:46:44,679 [main] INFO  ozone.MiniOzoneClusterImpl (MiniOzoneClusterImpl.java:lambda$waitForClusterToBeReady$0(197)) - Waiting for cluster to exit safe mode
2024-06-06 03:46:44,679 [main] INFO  ozone.MiniOzoneClusterImpl (MiniOzoneClusterImpl.java:lambda$waitForClusterToBeReady$0(199)) - SCM became leader
2024-06-06 03:46:45,679 [main] INFO  ozone.MiniOzoneClusterImpl (MiniOzoneClusterImpl.java:lambda$waitForClusterToBeReady$0(194)) - Nodes are ready. Got 3 of 3 DN Heartbeats.
2024-06-06 03:46:45,679 [main] INFO  ozone.MiniOzoneClusterImpl (MiniOzoneClusterImpl.java:lambda$waitForClusterToBeReady$0(197)) - Waiting for cluster to exit safe mode
2024-06-06 03:46:45,679 [main] INFO  ozone.MiniOzoneClusterImpl (MiniOzoneClusterImpl.java:lambda$waitForClusterToBeReady$0(199)) - SCM became leader
2024-06-06 03:46:46,535 [5e18cff1-cfa8-44b4-8834-447d353e7c51@group-93A74E11C6A2-FollowerState] INFO  impl.FollowerState (FollowerState.java:run(143)) - 5e18cff1-cfa8-44b4-8834-447d353e7c51@group-93A74E11C6A2-FollowerState: change to CANDIDATE, lastRpcElapsedTime:5086281240ns, electionTimeout:5074ms
2024-06-06 03:46:46,535 [5e18cff1-cfa8-44b4-8834-447d353e7c51@group-93A74E11C6A2-FollowerState] INFO  impl.RoleInfo (RoleInfo.java:shutdownFollowerState(110)) - 5e18cff1-cfa8-44b4-8834-447d353e7c51: shutdown 5e18cff1-cfa8-44b4-8834-447d353e7c51@group-93A74E11C6A2-FollowerState
2024-06-06 03:46:46,535 [5e18cff1-cfa8-44b4-8834-447d353e7c51@group-93A74E11C6A2-FollowerState] INFO  server.RaftServer$Division (RaftServerImpl.java:setRole(383)) - 5e18cff1-cfa8-44b4-8834-447d353e7c51@group-93A74E11C6A2: changes role from  FOLLOWER to CANDIDATE at term 0 for changeToCandidate
2024-06-06 03:46:46,535 [5e18cff1-cfa8-44b4-8834-447d353e7c51@group-93A74E11C6A2-FollowerState] INFO  server.RaftServerConfigKeys (ConfUtils.java:logGet(46)) - raft.server.leaderelection.pre-vote = true (default)
2024-06-06 03:46:46,535 [5e18cff1-cfa8-44b4-8834-447d353e7c51@group-93A74E11C6A2-FollowerState] INFO  impl.RoleInfo (RoleInfo.java:updateAndGet(139)) - 5e18cff1-cfa8-44b4-8834-447d353e7c51: start 5e18cff1-cfa8-44b4-8834-447d353e7c51@group-93A74E11C6A2-LeaderElection2
2024-06-06 03:46:46,536 [5e18cff1-cfa8-44b4-8834-447d353e7c51@group-93A74E11C6A2-LeaderElection2] INFO  impl.LeaderElection (LeaderElection.java:askForVotes(321)) - 5e18cff1-cfa8-44b4-8834-447d353e7c51@group-93A74E11C6A2-LeaderElection2 PRE_VOTE round 0: submit vote requests at term 0 for -1: peers:[5e18cff1-cfa8-44b4-8834-447d353e7c51|127.0.0.1:15014]|listeners:[], old=null
2024-06-06 03:46:46,536 [5e18cff1-cfa8-44b4-8834-447d353e7c51@group-93A74E11C6A2-LeaderElection2] INFO  impl.LeaderElection (LeaderElection.java:askForVotes(323)) - 5e18cff1-cfa8-44b4-8834-447d353e7c51@group-93A74E11C6A2-LeaderElection2 PRE_VOTE round 0: result PASSED (term=0)
2024-06-06 03:46:46,538 [5e18cff1-cfa8-44b4-8834-447d353e7c51@group-93A74E11C6A2-LeaderElection2] INFO  impl.LeaderElection (LeaderElection.java:askForVotes(321)) - 5e18cff1-cfa8-44b4-8834-447d353e7c51@group-93A74E11C6A2-LeaderElection2 ELECTION round 0: submit vote requests at term 1 for -1: peers:[5e18cff1-cfa8-44b4-8834-447d353e7c51|127.0.0.1:15014]|listeners:[], old=null
2024-06-06 03:46:46,538 [5e18cff1-cfa8-44b4-8834-447d353e7c51@group-93A74E11C6A2-LeaderElection2] INFO  impl.LeaderElection (LeaderElection.java:askForVotes(323)) - 5e18cff1-cfa8-44b4-8834-447d353e7c51@group-93A74E11C6A2-LeaderElection2 ELECTION round 0: result PASSED (term=1)
2024-06-06 03:46:46,538 [5e18cff1-cfa8-44b4-8834-447d353e7c51@group-93A74E11C6A2-LeaderElection2] INFO  impl.RoleInfo (RoleInfo.java:shutdownLeaderElection(130)) - 5e18cff1-cfa8-44b4-8834-447d353e7c51: shutdown 5e18cff1-cfa8-44b4-8834-447d353e7c51@group-93A74E11C6A2-LeaderElection2
2024-06-06 03:46:46,538 [5e18cff1-cfa8-44b4-8834-447d353e7c51@group-93A74E11C6A2-LeaderElection2] INFO  server.RaftServer$Division (RaftServerImpl.java:setRole(383)) - 5e18cff1-cfa8-44b4-8834-447d353e7c51@group-93A74E11C6A2: changes role from CANDIDATE to LEADER at term 1 for changeToLeader
2024-06-06 03:46:46,538 [5e18cff1-cfa8-44b4-8834-447d353e7c51@group-93A74E11C6A2-LeaderElection2] INFO  server.RaftServerConfigKeys (ConfUtils.java:logGet(46)) - raft.server.staging.catchup.gap = 1000 (default)
2024-06-06 03:46:46,538 [5e18cff1-cfa8-44b4-8834-447d353e7c51@group-93A74E11C6A2-LeaderElection2] INFO  server.RaftServerConfigKeys (ConfUtils.java:logGet(46)) - raft.server.write.element-limit = 1024 (custom)
2024-06-06 03:46:46,539 [5e18cff1-cfa8-44b4-8834-447d353e7c51@group-93A74E11C6A2-LeaderElection2] INFO  server.RaftServerConfigKeys (ConfUtils.java:logGet(46)) - raft.server.write.byte-limit = 1024 M (=1073741824) (custom)
2024-06-06 03:46:46,539 [5e18cff1-cfa8-44b4-8834-447d353e7c51@group-93A74E11C6A2-LeaderElection2] INFO  server.RaftServerConfigKeys (ConfUtils.java:logGet(46)) - raft.server.watch.timeout = 30s (custom)
2024-06-06 03:46:46,539 [5e18cff1-cfa8-44b4-8834-447d353e7c51@group-93A74E11C6A2-LeaderElection2] INFO  server.RaftServerConfigKeys (ConfUtils.java:logGet(46)) - raft.server.watch.timeout.denomination = 1s (default)
2024-06-06 03:46:46,539 [5e18cff1-cfa8-44b4-8834-447d353e7c51@group-93A74E11C6A2-LeaderElection2] INFO  server.RaftServerConfigKeys (ConfUtils.java:logGet(46)) - raft.server.watch.element-limit = 65536 (default)
2024-06-06 03:46:46,539 [5e18cff1-cfa8-44b4-8834-447d353e7c51@group-93A74E11C6A2-LeaderElection2] INFO  server.RaftServerConfigKeys (ConfUtils.java:logGet(46)) - raft.server.read.leader.lease.enabled = false (default)
2024-06-06 03:46:46,539 [5e18cff1-cfa8-44b4-8834-447d353e7c51@group-93A74E11C6A2-LeaderElection2] INFO  server.RaftServerConfigKeys (ConfUtils.java:logGet(46)) - raft.server.read.leader.lease.timeout.ratio = 0.9 (default)
2024-06-06 03:46:46,539 [5e18cff1-cfa8-44b4-8834-447d353e7c51@group-93A74E11C6A2-LeaderElection2] INFO  server.RaftServerConfigKeys (ConfUtils.java:logGet(46)) - raft.server.rpc.timeout.min = 5s (custom)
2024-06-06 03:46:46,540 [5e18cff1-cfa8-44b4-8834-447d353e7c51@group-93A74E11C6A2-LeaderElection2] INFO  server.RaftServerConfigKeys (ConfUtils.java:logGet(46)) - raft.server.write.element-limit = 1024 (custom)
2024-06-06 03:46:46,540 [5e18cff1-cfa8-44b4-8834-447d353e7c51@group-93A74E11C6A2-LeaderElection2] INFO  server.RaftServerConfigKeys (ConfUtils.java:logGet(46)) - raft.server.write.follower.gap.ratio.max = -1.0 (default)
2024-06-06 03:46:46,540 [5e18cff1-cfa8-44b4-8834-447d353e7c51@group-93A74E11C6A2-LeaderElection2] INFO  impl.RoleInfo (RoleInfo.java:updateAndGet(139)) - 5e18cff1-cfa8-44b4-8834-447d353e7c51: start 5e18cff1-cfa8-44b4-8834-447d353e7c51@group-93A74E11C6A2-LeaderStateImpl
2024-06-06 03:46:46,540 [5e18cff1-cfa8-44b4-8834-447d353e7c51@group-93A74E11C6A2-LeaderElection2] INFO  server.RaftServer$Division (RaftServerImpl.java:setFirstElection(574)) - 5e18cff1-cfa8-44b4-8834-447d353e7c51@group-93A74E11C6A2: set firstElectionSinceStartup to false for becomeLeader
2024-06-06 03:46:46,540 [5e18cff1-cfa8-44b4-8834-447d353e7c51@group-93A74E11C6A2-LeaderElection2] INFO  ratis.XceiverServerRatis (XceiverServerRatis.java:handleLeaderChangedNotification(966)) - Leader change notification received for group: group-93A74E11C6A2 with new leaderId: 5e18cff1-cfa8-44b4-8834-447d353e7c51
2024-06-06 03:46:46,541 [5e18cff1-cfa8-44b4-8834-447d353e7c51@group-93A74E11C6A2-LeaderElection2] INFO  server.RaftServer$Division (ServerState.java:setLeader(269)) - 5e18cff1-cfa8-44b4-8834-447d353e7c51@group-93A74E11C6A2: change Leader from null to 5e18cff1-cfa8-44b4-8834-447d353e7c51 at term 1 for becomeLeader, leader elected after 5121ms
2024-06-06 03:46:46,541 [5e18cff1-cfa8-44b4-8834-447d353e7c51@group-93A74E11C6A2-LeaderElection2] INFO  segmented.SegmentedRaftLogWorker (SegmentedRaftLogWorker.java:startLogSegment(430)) - 5e18cff1-cfa8-44b4-8834-447d353e7c51@group-93A74E11C6A2-SegmentedRaftLogWorker: Starting segment from index:0
2024-06-06 03:46:46,542 [5e18cff1-cfa8-44b4-8834-447d353e7c51@group-93A74E11C6A2-SegmentedRaftLogWorker] INFO  segmented.BufferedWriteChannel (BufferedWriteChannel.java:open(62)) - open log_inprogress_0 at position 0
2024-06-06 03:46:46,542 [5e18cff1-cfa8-44b4-8834-447d353e7c51@group-93A74E11C6A2-LeaderElection2] INFO  server.RaftServer$Division (ServerState.java:setRaftConf(386)) - 5e18cff1-cfa8-44b4-8834-447d353e7c51@group-93A74E11C6A2: set configuration 0: peers:[5e18cff1-cfa8-44b4-8834-447d353e7c51|127.0.0.1:15014]|listeners:[], old=null
2024-06-06 03:46:46,544 [EventQueue-OpenPipelineForHealthyPipelineSafeModeRule] INFO  safemode.SCMSafeModeManager (HealthyPipelineSafeModeRule.java:process(140)) - SCM in safe mode. Healthy pipelines reported count is 0, required healthy pipeline reported count is 1
2024-06-06 03:46:46,551 [5e18cff1-cfa8-44b4-8834-447d353e7c51@group-93A74E11C6A2-SegmentedRaftLogWorker] INFO  segmented.SegmentedRaftLogWorker (SegmentedRaftLogWorker.java:execute(634)) - 5e18cff1-cfa8-44b4-8834-447d353e7c51@group-93A74E11C6A2-SegmentedRaftLogWorker: created new log segment /home/runner/work/ozone/ozone/hadoop-ozone/integration-test/target/test-dir/MiniOzoneClusterImpl-9b8c67d1-9dc3-4dee-b61a-2e100565025d/ozone-meta/datanode-1/ratis/a9a955d3-3c53-48bd-836a-93a74e11c6a2/current/log_inprogress_0
2024-06-06 03:46:46,554 [5e18cff1-cfa8-44b4-8834-447d353e7c51@group-93A74E11C6A2-StateMachineUpdater] INFO  server.RaftServer$Division (LeaderStateImpl.java:isApplied(320)) - leader is ready since appliedIndex == 0 >= startIndex == 0
2024-06-06 03:46:46,575 [5e18cff1-cfa8-44b4-8834-447d353e7c51@group-705F87E8897F-FollowerState] INFO  impl.FollowerState (FollowerState.java:run(143)) - 5e18cff1-cfa8-44b4-8834-447d353e7c51@group-705F87E8897F-FollowerState: change to CANDIDATE, lastRpcElapsedTime:5083064107ns, electionTimeout:5081ms
2024-06-06 03:46:46,575 [5e18cff1-cfa8-44b4-8834-447d353e7c51@group-705F87E8897F-FollowerState] INFO  impl.RoleInfo (RoleInfo.java:shutdownFollowerState(110)) - 5e18cff1-cfa8-44b4-8834-447d353e7c51: shutdown 5e18cff1-cfa8-44b4-8834-447d353e7c51@group-705F87E8897F-FollowerState
2024-06-06 03:46:46,575 [5e18cff1-cfa8-44b4-8834-447d353e7c51@group-705F87E8897F-FollowerState] INFO  server.RaftServer$Division (RaftServerImpl.java:setRole(383)) - 5e18cff1-cfa8-44b4-8834-447d353e7c51@group-705F87E8897F: changes role from  FOLLOWER to CANDIDATE at term 0 for changeToCandidate
2024-06-06 03:46:46,576 [5e18cff1-cfa8-44b4-8834-447d353e7c51@group-705F87E8897F-FollowerState] INFO  server.RaftServerConfigKeys (ConfUtils.java:logGet(46)) - raft.server.leaderelection.pre-vote = true (default)
2024-06-06 03:46:46,576 [5e18cff1-cfa8-44b4-8834-447d353e7c51@group-705F87E8897F-FollowerState] INFO  impl.RoleInfo (RoleInfo.java:updateAndGet(139)) - 5e18cff1-cfa8-44b4-8834-447d353e7c51: start 5e18cff1-cfa8-44b4-8834-447d353e7c51@group-705F87E8897F-LeaderElection3
2024-06-06 03:46:46,576 [5e18cff1-cfa8-44b4-8834-447d353e7c51@group-705F87E8897F-LeaderElection3] INFO  impl.LeaderElection (LeaderElection.java:askForVotes(321)) - 5e18cff1-cfa8-44b4-8834-447d353e7c51@group-705F87E8897F-LeaderElection3 PRE_VOTE round 0: submit vote requests at term 0 for -1: peers:[f4c2b6b8-993f-476e-b2b0-0769277f8579|127.0.0.1:15032, 8ce15023-a244-46a6-a4b0-50e62c01a133|127.0.0.1:15023, 5e18cff1-cfa8-44b4-8834-447d353e7c51|127.0.0.1:15014]|listeners:[], old=null
2024-06-06 03:46:46,580 [5e18cff1-cfa8-44b4-8834-447d353e7c51@group-705F87E8897F-LeaderElection3] INFO  server.RaftServerConfigKeys (ConfUtils.java:logFallback(53)) - raft.server.rpc.first-election.timeout.min = 5s (fallback to raft.server.rpc.timeout.min)
2024-06-06 03:46:46,580 [5e18cff1-cfa8-44b4-8834-447d353e7c51@group-705F87E8897F-LeaderElection3] INFO  server.RaftServerConfigKeys (ConfUtils.java:logFallback(53)) - raft.server.rpc.first-election.timeout.max = 5200ms (fallback to raft.server.rpc.timeout.max)
2024-06-06 03:46:46,580 [5e18cff1-cfa8-44b4-8834-447d353e7c51@group-705F87E8897F-LeaderElection3-1] INFO  server.GrpcServerProtocolClient (GrpcServerProtocolClient.java:<init>(65)) - Build channel for f4c2b6b8-993f-476e-b2b0-0769277f8579|127.0.0.1:15032
2024-06-06 03:46:46,581 [5e18cff1-cfa8-44b4-8834-447d353e7c51@group-705F87E8897F-LeaderElection3-2] INFO  server.GrpcServerProtocolClient (GrpcServerProtocolClient.java:<init>(65)) - Build channel for 8ce15023-a244-46a6-a4b0-50e62c01a133|127.0.0.1:15023
2024-06-06 03:46:46,590 [grpc-default-executor-2] INFO  server.RaftServer$Division (RaftServerImpl.java:requestVote(1389)) - f4c2b6b8-993f-476e-b2b0-0769277f8579@group-705F87E8897F: receive requestVote(PRE_VOTE, 5e18cff1-cfa8-44b4-8834-447d353e7c51, group-705F87E8897F, 0, (t:0, i:0))
2024-06-06 03:46:46,590 [grpc-default-executor-0] INFO  server.RaftServer$Division (RaftServerImpl.java:requestVote(1389)) - 8ce15023-a244-46a6-a4b0-50e62c01a133@group-705F87E8897F: receive requestVote(PRE_VOTE, 5e18cff1-cfa8-44b4-8834-447d353e7c51, group-705F87E8897F, 0, (t:0, i:0))
2024-06-06 03:46:46,591 [grpc-default-executor-0] INFO  impl.VoteContext (VoteContext.java:log(49)) - 8ce15023-a244-46a6-a4b0-50e62c01a133@group-705F87E8897F-FOLLOWER: accept PRE_VOTE from 5e18cff1-cfa8-44b4-8834-447d353e7c51: our priority 0 <= candidate's priority 1
2024-06-06 03:46:46,591 [grpc-default-executor-2] INFO  impl.VoteContext (VoteContext.java:log(49)) - f4c2b6b8-993f-476e-b2b0-0769277f8579@group-705F87E8897F-FOLLOWER: accept PRE_VOTE from 5e18cff1-cfa8-44b4-8834-447d353e7c51: our priority 0 <= candidate's priority 1
2024-06-06 03:46:46,595 [grpc-default-executor-0] INFO  server.RaftServer$Division (RaftServerImpl.java:requestVote(1422)) - 8ce15023-a244-46a6-a4b0-50e62c01a133@group-705F87E8897F replies to PRE_VOTE vote request: 5e18cff1-cfa8-44b4-8834-447d353e7c51<-8ce15023-a244-46a6-a4b0-50e62c01a133#0:OK-t0. Peer's state: 8ce15023-a244-46a6-a4b0-50e62c01a133@group-705F87E8897F:t0, leader=null, voted=, raftlog=Memoized:8ce15023-a244-46a6-a4b0-50e62c01a133@group-705F87E8897F-SegmentedRaftLog:OPENED:c-1, conf=-1: peers:[f4c2b6b8-993f-476e-b2b0-0769277f8579|127.0.0.1:15032, 8ce15023-a244-46a6-a4b0-50e62c01a133|127.0.0.1:15023, 5e18cff1-cfa8-44b4-8834-447d353e7c51|127.0.0.1:15014]|listeners:[], old=null
2024-06-06 03:46:46,596 [grpc-default-executor-2] INFO  server.RaftServer$Division (RaftServerImpl.java:requestVote(1422)) - f4c2b6b8-993f-476e-b2b0-0769277f8579@group-705F87E8897F replies to PRE_VOTE vote request: 5e18cff1-cfa8-44b4-8834-447d353e7c51<-f4c2b6b8-993f-476e-b2b0-0769277f8579#0:OK-t0. Peer's state: f4c2b6b8-993f-476e-b2b0-0769277f8579@group-705F87E8897F:t0, leader=null, voted=, raftlog=Memoized:f4c2b6b8-993f-476e-b2b0-0769277f8579@group-705F87E8897F-SegmentedRaftLog:OPENED:c-1, conf=-1: peers:[f4c2b6b8-993f-476e-b2b0-0769277f8579|127.0.0.1:15032, 8ce15023-a244-46a6-a4b0-50e62c01a133|127.0.0.1:15023, 5e18cff1-cfa8-44b4-8834-447d353e7c51|127.0.0.1:15014]|listeners:[], old=null
2024-06-06 03:46:46,599 [5e18cff1-cfa8-44b4-8834-447d353e7c51@group-705F87E8897F-LeaderElection3] INFO  impl.LeaderElection (LeaderElection.java:logAndReturn(89)) - 5e18cff1-cfa8-44b4-8834-447d353e7c51@group-705F87E8897F-LeaderElection3: PRE_VOTE PASSED received 1 response(s) and 0 exception(s):
2024-06-06 03:46:46,599 [5e18cff1-cfa8-44b4-8834-447d353e7c51@group-705F87E8897F-LeaderElection3] INFO  impl.LeaderElection (LeaderElection.java:logAndReturn(93)) -   Response 0: 5e18cff1-cfa8-44b4-8834-447d353e7c51<-f4c2b6b8-993f-476e-b2b0-0769277f8579#0:OK-t0
2024-06-06 03:46:46,600 [5e18cff1-cfa8-44b4-8834-447d353e7c51@group-705F87E8897F-LeaderElection3] INFO  impl.LeaderElection (LeaderElection.java:askForVotes(323)) - 5e18cff1-cfa8-44b4-8834-447d353e7c51@group-705F87E8897F-LeaderElection3 PRE_VOTE round 0: result PASSED
2024-06-06 03:46:46,601 [5e18cff1-cfa8-44b4-8834-447d353e7c51@group-705F87E8897F-LeaderElection3] INFO  impl.LeaderElection (LeaderElection.java:askForVotes(321)) - 5e18cff1-cfa8-44b4-8834-447d353e7c51@group-705F87E8897F-LeaderElection3 ELECTION round 0: submit vote requests at term 1 for -1: peers:[f4c2b6b8-993f-476e-b2b0-0769277f8579|127.0.0.1:15032, 8ce15023-a244-46a6-a4b0-50e62c01a133|127.0.0.1:15023, 5e18cff1-cfa8-44b4-8834-447d353e7c51|127.0.0.1:15014]|listeners:[], old=null
2024-06-06 03:46:46,601 [5e18cff1-cfa8-44b4-8834-447d353e7c51@group-705F87E8897F-LeaderElection3] INFO  server.RaftServerConfigKeys (ConfUtils.java:logFallback(53)) - raft.server.rpc.first-election.timeout.min = 5s (fallback to raft.server.rpc.timeout.min)
2024-06-06 03:46:46,602 [5e18cff1-cfa8-44b4-8834-447d353e7c51@group-705F87E8897F-LeaderElection3] INFO  server.RaftServerConfigKeys (ConfUtils.java:logFallback(53)) - raft.server.rpc.first-election.timeout.max = 5200ms (fallback to raft.server.rpc.timeout.max)
2024-06-06 03:46:46,603 [grpc-default-executor-2] INFO  server.RaftServer$Division (RaftServerImpl.java:requestVote(1389)) - 8ce15023-a244-46a6-a4b0-50e62c01a133@group-705F87E8897F: receive requestVote(ELECTION, 5e18cff1-cfa8-44b4-8834-447d353e7c51, group-705F87E8897F, 1, (t:0, i:0))
2024-06-06 03:46:46,603 [grpc-default-executor-2] INFO  impl.VoteContext (VoteContext.java:log(49)) - 8ce15023-a244-46a6-a4b0-50e62c01a133@group-705F87E8897F-FOLLOWER: accept ELECTION from 5e18cff1-cfa8-44b4-8834-447d353e7c51: our priority 0 <= candidate's priority 1
2024-06-06 03:46:46,603 [grpc-default-executor-0] INFO  server.RaftServer$Division (RaftServerImpl.java:requestVote(1389)) - f4c2b6b8-993f-476e-b2b0-0769277f8579@group-705F87E8897F: receive requestVote(ELECTION, 5e18cff1-cfa8-44b4-8834-447d353e7c51, group-705F87E8897F, 1, (t:0, i:0))
2024-06-06 03:46:46,604 [grpc-default-executor-0] INFO  impl.VoteContext (VoteContext.java:log(49)) - f4c2b6b8-993f-476e-b2b0-0769277f8579@group-705F87E8897F-FOLLOWER: accept ELECTION from 5e18cff1-cfa8-44b4-8834-447d353e7c51: our priority 0 <= candidate's priority 1
2024-06-06 03:46:46,604 [grpc-default-executor-0] INFO  server.RaftServer$Division (RaftServerImpl.java:setRole(383)) - f4c2b6b8-993f-476e-b2b0-0769277f8579@group-705F87E8897F: changes role from  FOLLOWER to FOLLOWER at term 1 for candidate:5e18cff1-cfa8-44b4-8834-447d353e7c51
2024-06-06 03:46:46,604 [grpc-default-executor-0] INFO  impl.RoleInfo (RoleInfo.java:shutdownFollowerState(110)) - f4c2b6b8-993f-476e-b2b0-0769277f8579: shutdown f4c2b6b8-993f-476e-b2b0-0769277f8579@group-705F87E8897F-FollowerState
2024-06-06 03:46:46,604 [grpc-default-executor-2] INFO  server.RaftServer$Division (RaftServerImpl.java:setRole(383)) - 8ce15023-a244-46a6-a4b0-50e62c01a133@group-705F87E8897F: changes role from  FOLLOWER to FOLLOWER at term 1 for candidate:5e18cff1-cfa8-44b4-8834-447d353e7c51
2024-06-06 03:46:46,604 [grpc-default-executor-2] INFO  impl.RoleInfo (RoleInfo.java:shutdownFollowerState(110)) - 8ce15023-a244-46a6-a4b0-50e62c01a133: shutdown 8ce15023-a244-46a6-a4b0-50e62c01a133@group-705F87E8897F-FollowerState
2024-06-06 03:46:46,604 [grpc-default-executor-2] INFO  impl.RoleInfo (RoleInfo.java:updateAndGet(139)) - 8ce15023-a244-46a6-a4b0-50e62c01a133: start 8ce15023-a244-46a6-a4b0-50e62c01a133@group-705F87E8897F-FollowerState
2024-06-06 03:46:46,604 [f4c2b6b8-993f-476e-b2b0-0769277f8579@group-705F87E8897F-FollowerState] INFO  impl.FollowerState (FollowerState.java:run(152)) - f4c2b6b8-993f-476e-b2b0-0769277f8579@group-705F87E8897F-FollowerState was interrupted
2024-06-06 03:46:46,604 [grpc-default-executor-0] INFO  impl.RoleInfo (RoleInfo.java:updateAndGet(139)) - f4c2b6b8-993f-476e-b2b0-0769277f8579: start f4c2b6b8-993f-476e-b2b0-0769277f8579@group-705F87E8897F-FollowerState
2024-06-06 03:46:46,604 [grpc-default-executor-2] INFO  server.RaftServer$Division (RaftServerImpl.java:setFirstElection(574)) - 8ce15023-a244-46a6-a4b0-50e62c01a133@group-705F87E8897F: set firstElectionSinceStartup to false for candidate:5e18cff1-cfa8-44b4-8834-447d353e7c51
2024-06-06 03:46:46,604 [8ce15023-a244-46a6-a4b0-50e62c01a133@group-705F87E8897F-FollowerState] INFO  impl.FollowerState (FollowerState.java:run(152)) - 8ce15023-a244-46a6-a4b0-50e62c01a133@group-705F87E8897F-FollowerState was interrupted
2024-06-06 03:46:46,606 [grpc-default-executor-0] INFO  server.RaftServer$Division (RaftServerImpl.java:setFirstElection(574)) - f4c2b6b8-993f-476e-b2b0-0769277f8579@group-705F87E8897F: set firstElectionSinceStartup to false for candidate:5e18cff1-cfa8-44b4-8834-447d353e7c51
2024-06-06 03:46:46,607 [grpc-default-executor-0] INFO  server.RaftServer$Division (RaftServerImpl.java:requestVote(1422)) - f4c2b6b8-993f-476e-b2b0-0769277f8579@group-705F87E8897F replies to ELECTION vote request: 5e18cff1-cfa8-44b4-8834-447d353e7c51<-f4c2b6b8-993f-476e-b2b0-0769277f8579#0:OK-t1. Peer's state: f4c2b6b8-993f-476e-b2b0-0769277f8579@group-705F87E8897F:t1, leader=null, voted=5e18cff1-cfa8-44b4-8834-447d353e7c51, raftlog=Memoized:f4c2b6b8-993f-476e-b2b0-0769277f8579@group-705F87E8897F-SegmentedRaftLog:OPENED:c-1, conf=-1: peers:[f4c2b6b8-993f-476e-b2b0-0769277f8579|127.0.0.1:15032, 8ce15023-a244-46a6-a4b0-50e62c01a133|127.0.0.1:15023, 5e18cff1-cfa8-44b4-8834-447d353e7c51|127.0.0.1:15014]|listeners:[], old=null
2024-06-06 03:46:46,607 [grpc-default-executor-2] INFO  server.RaftServer$Division (RaftServerImpl.java:requestVote(1422)) - 8ce15023-a244-46a6-a4b0-50e62c01a133@group-705F87E8897F replies to ELECTION vote request: 5e18cff1-cfa8-44b4-8834-447d353e7c51<-8ce15023-a244-46a6-a4b0-50e62c01a133#0:OK-t1. Peer's state: 8ce15023-a244-46a6-a4b0-50e62c01a133@group-705F87E8897F:t1, leader=null, voted=5e18cff1-cfa8-44b4-8834-447d353e7c51, raftlog=Memoized:8ce15023-a244-46a6-a4b0-50e62c01a133@group-705F87E8897F-SegmentedRaftLog:OPENED:c-1, conf=-1: peers:[f4c2b6b8-993f-476e-b2b0-0769277f8579|127.0.0.1:15032, 8ce15023-a244-46a6-a4b0-50e62c01a133|127.0.0.1:15023, 5e18cff1-cfa8-44b4-8834-447d353e7c51|127.0.0.1:15014]|listeners:[], old=null
2024-06-06 03:46:46,608 [5e18cff1-cfa8-44b4-8834-447d353e7c51@group-705F87E8897F-LeaderElection3] INFO  impl.LeaderElection (LeaderElection.java:logAndReturn(89)) - 5e18cff1-cfa8-44b4-8834-447d353e7c51@group-705F87E8897F-LeaderElection3: ELECTION PASSED received 1 response(s) and 0 exception(s):
2024-06-06 03:46:46,609 [5e18cff1-cfa8-44b4-8834-447d353e7c51@group-705F87E8897F-LeaderElection3] INFO  impl.LeaderElection (LeaderElection.java:logAndReturn(93)) -   Response 0: 5e18cff1-cfa8-44b4-8834-447d353e7c51<-8ce15023-a244-46a6-a4b0-50e62c01a133#0:OK-t1
2024-06-06 03:46:46,609 [5e18cff1-cfa8-44b4-8834-447d353e7c51@group-705F87E8897F-LeaderElection3] INFO  impl.LeaderElection (LeaderElection.java:askForVotes(323)) - 5e18cff1-cfa8-44b4-8834-447d353e7c51@group-705F87E8897F-LeaderElection3 ELECTION round 0: result PASSED
2024-06-06 03:46:46,609 [5e18cff1-cfa8-44b4-8834-447d353e7c51@group-705F87E8897F-LeaderElection3] INFO  impl.RoleInfo (RoleInfo.java:shutdownLeaderElection(130)) - 5e18cff1-cfa8-44b4-8834-447d353e7c51: shutdown 5e18cff1-cfa8-44b4-8834-447d353e7c51@group-705F87E8897F-LeaderElection3
2024-06-06 03:46:46,609 [5e18cff1-cfa8-44b4-8834-447d353e7c51@group-705F87E8897F-LeaderElection3] INFO  server.RaftServer$Division (RaftServerImpl.java:setRole(383)) - 5e18cff1-cfa8-44b4-8834-447d353e7c51@group-705F87E8897F: changes role from CANDIDATE to LEADER at term 1 for changeToLeader
2024-06-06 03:46:46,609 [5e18cff1-cfa8-44b4-8834-447d353e7c51@group-705F87E8897F-LeaderElection3] INFO  server.RaftServerConfigKeys (ConfUtils.java:logGet(46)) - raft.server.staging.catchup.gap = 1000 (default)
2024-06-06 03:46:46,609 [5e18cff1-cfa8-44b4-8834-447d353e7c51@group-705F87E8897F-LeaderElection3] INFO  server.RaftServerConfigKeys (ConfUtils.java:logGet(46)) - raft.server.write.element-limit = 1024 (custom)
2024-06-06 03:46:46,609 [5e18cff1-cfa8-44b4-8834-447d353e7c51@group-705F87E8897F-LeaderElection3] INFO  server.RaftServerConfigKeys (ConfUtils.java:logGet(46)) - raft.server.write.byte-limit = 1024 M (=1073741824) (custom)
2024-06-06 03:46:46,609 [5e18cff1-cfa8-44b4-8834-447d353e7c51@group-705F87E8897F-LeaderElection3] INFO  server.RaftServerConfigKeys (ConfUtils.java:logGet(46)) - raft.server.watch.timeout = 30s (custom)
2024-06-06 03:46:46,609 [5e18cff1-cfa8-44b4-8834-447d353e7c51@group-705F87E8897F-LeaderElection3] INFO  server.RaftServerConfigKeys (ConfUtils.java:logGet(46)) - raft.server.watch.timeout.denomination = 1s (default)
2024-06-06 03:46:46,609 [5e18cff1-cfa8-44b4-8834-447d353e7c51@group-705F87E8897F-LeaderElection3] INFO  server.RaftServerConfigKeys (ConfUtils.java:logGet(46)) - raft.server.watch.element-limit = 65536 (default)
2024-06-06 03:46:46,610 [5e18cff1-cfa8-44b4-8834-447d353e7c51@group-705F87E8897F-LeaderElection3] INFO  server.RaftServerConfigKeys (ConfUtils.java:logGet(46)) - raft.server.read.leader.lease.enabled = false (default)
2024-06-06 03:46:46,610 [5e18cff1-cfa8-44b4-8834-447d353e7c51@group-705F87E8897F-LeaderElection3] INFO  server.RaftServerConfigKeys (ConfUtils.java:logGet(46)) - raft.server.read.leader.lease.timeout.ratio = 0.9 (default)
2024-06-06 03:46:46,610 [5e18cff1-cfa8-44b4-8834-447d353e7c51@group-705F87E8897F-LeaderElection3] INFO  server.RaftServerConfigKeys (ConfUtils.java:logGet(46)) - raft.server.rpc.timeout.min = 5s (custom)
2024-06-06 03:46:46,610 [5e18cff1-cfa8-44b4-8834-447d353e7c51@group-705F87E8897F-LeaderElection3] INFO  server.RaftServerConfigKeys (ConfUtils.java:logGet(46)) - raft.server.write.element-limit = 1024 (custom)
2024-06-06 03:46:46,610 [5e18cff1-cfa8-44b4-8834-447d353e7c51@group-705F87E8897F-LeaderElection3] INFO  server.RaftServerConfigKeys (ConfUtils.java:logGet(46)) - raft.server.write.follower.gap.ratio.max = -1.0 (default)
2024-06-06 03:46:46,616 [5e18cff1-cfa8-44b4-8834-447d353e7c51@group-705F87E8897F-LeaderElection3] INFO  server.RaftServerConfigKeys (ConfUtils.java:logGet(46)) - raft.server.log.appender.snapshot.chunk.size.max = 16MB (=16777216) (default)
2024-06-06 03:46:46,616 [5e18cff1-cfa8-44b4-8834-447d353e7c51@group-705F87E8897F-LeaderElection3] INFO  server.RaftServerConfigKeys (ConfUtils.java:logGet(46)) - raft.server.log.appender.buffer.byte-limit = 8388608 (custom)
2024-06-06 03:46:46,616 [5e18cff1-cfa8-44b4-8834-447d353e7c51@group-705F87E8897F-LeaderElection3] INFO  server.RaftServerConfigKeys (ConfUtils.java:logGet(46)) - raft.server.log.appender.buffer.element-limit = 1024 (custom)
2024-06-06 03:46:46,618 [5e18cff1-cfa8-44b4-8834-447d353e7c51@group-705F87E8897F-LeaderElection3] INFO  server.RaftServerConfigKeys (ConfUtils.java:logGet(46)) - raft.server.log.appender.wait-time.min = 0μs (custom)
2024-06-06 03:46:46,619 [5e18cff1-cfa8-44b4-8834-447d353e7c51@group-705F87E8897F-LeaderElection3] INFO  grpc.GrpcConfigKeys (ConfUtils.java:logGet(46)) - raft.grpc.server.leader.outstanding.appends.max = 8 (default)
2024-06-06 03:46:46,619 [5e18cff1-cfa8-44b4-8834-447d353e7c51@group-705F87E8897F-LeaderElection3] INFO  server.RaftServerConfigKeys (ConfUtils.java:logGet(46)) - raft.server.rpc.request.timeout = 60s (custom)
2024-06-06 03:46:46,619 [5e18cff1-cfa8-44b4-8834-447d353e7c51@group-705F87E8897F-LeaderElection3] INFO  grpc.GrpcConfigKeys (ConfUtils.java:logGet(46)) - raft.grpc.server.install_snapshot.request.element-limit = 8 (default)
2024-06-06 03:46:46,620 [5e18cff1-cfa8-44b4-8834-447d353e7c51@group-705F87E8897F-LeaderElection3] INFO  grpc.GrpcConfigKeys (ConfUtils.java:logGet(46)) - raft.grpc.server.install_snapshot.request.timeout = 3000ms (default)
2024-06-06 03:46:46,620 [5e18cff1-cfa8-44b4-8834-447d353e7c51@group-705F87E8897F-LeaderElection3] INFO  grpc.GrpcConfigKeys (ConfUtils.java:logGet(46)) - raft.grpc.server.log-message.batch.duration = 5s (default)
2024-06-06 03:46:46,620 [5e18cff1-cfa8-44b4-8834-447d353e7c51@group-705F87E8897F-LeaderElection3] INFO  server.RaftServerConfigKeys (ConfUtils.java:logGet(46)) - raft.server.log.appender.install.snapshot.enabled = false (custom)
2024-06-06 03:46:46,620 [5e18cff1-cfa8-44b4-8834-447d353e7c51@group-705F87E8897F-LeaderElection3] INFO  grpc.GrpcConfigKeys (ConfUtils.java:logGet(46)) - raft.grpc.server.heartbeat.channel = true (default)
2024-06-06 03:46:46,623 [5e18cff1-cfa8-44b4-8834-447d353e7c51@group-705F87E8897F-LeaderElection3] INFO  server.RaftServerConfigKeys (ConfUtils.java:logGet(46)) - raft.server.log.appender.snapshot.chunk.size.max = 16MB (=16777216) (default)
2024-06-06 03:46:46,623 [5e18cff1-cfa8-44b4-8834-447d353e7c51@group-705F87E8897F-LeaderElection3] INFO  server.RaftServerConfigKeys (ConfUtils.java:logGet(46)) - raft.server.log.appender.buffer.byte-limit = 8388608 (custom)
2024-06-06 03:46:46,623 [5e18cff1-cfa8-44b4-8834-447d353e7c51@group-705F87E8897F-LeaderElection3] INFO  server.RaftServerConfigKeys (ConfUtils.java:logGet(46)) - raft.server.log.appender.buffer.element-limit = 1024 (custom)
2024-06-06 03:46:46,623 [5e18cff1-cfa8-44b4-8834-447d353e7c51@group-705F87E8897F-LeaderElection3] INFO  server.RaftServerConfigKeys (ConfUtils.java:logGet(46)) - raft.server.log.appender.wait-time.min = 0μs (custom)
2024-06-06 03:46:46,624 [5e18cff1-cfa8-44b4-8834-447d353e7c51@group-705F87E8897F-LeaderElection3] INFO  grpc.GrpcConfigKeys (ConfUtils.java:logGet(46)) - raft.grpc.server.leader.outstanding.appends.max = 8 (default)
2024-06-06 03:46:46,624 [5e18cff1-cfa8-44b4-8834-447d353e7c51@group-705F87E8897F-LeaderElection3] INFO  server.RaftServerConfigKeys (ConfUtils.java:logGet(46)) - raft.server.rpc.request.timeout = 60s (custom)
2024-06-06 03:46:46,624 [5e18cff1-cfa8-44b4-8834-447d353e7c51@group-705F87E8897F-LeaderElection3] INFO  grpc.GrpcConfigKeys (ConfUtils.java:logGet(46)) - raft.grpc.server.install_snapshot.request.element-limit = 8 (default)
2024-06-06 03:46:46,624 [5e18cff1-cfa8-44b4-8834-447d353e7c51@group-705F87E8897F-LeaderElection3] INFO  grpc.GrpcConfigKeys (ConfUtils.java:logGet(46)) - raft.grpc.server.install_snapshot.request.timeout = 3000ms (default)
2024-06-06 03:46:46,624 [5e18cff1-cfa8-44b4-8834-447d353e7c51@group-705F87E8897F-LeaderElection3] INFO  grpc.GrpcConfigKeys (ConfUtils.java:logGet(46)) - raft.grpc.server.log-message.batch.duration = 5s (default)
2024-06-06 03:46:46,624 [5e18cff1-cfa8-44b4-8834-447d353e7c51@group-705F87E8897F-LeaderElection3] INFO  server.RaftServerConfigKeys (ConfUtils.java:logGet(46)) - raft.server.log.appender.install.snapshot.enabled = false (custom)
2024-06-06 03:46:46,624 [5e18cff1-cfa8-44b4-8834-447d353e7c51@group-705F87E8897F-LeaderElection3] INFO  grpc.GrpcConfigKeys (ConfUtils.java:logGet(46)) - raft.grpc.server.heartbeat.channel = true (default)
2024-06-06 03:46:46,625 [5e18cff1-cfa8-44b4-8834-447d353e7c51@group-705F87E8897F-LeaderElection3] INFO  impl.RoleInfo (RoleInfo.java:updateAndGet(139)) - 5e18cff1-cfa8-44b4-8834-447d353e7c51: start 5e18cff1-cfa8-44b4-8834-447d353e7c51@group-705F87E8897F-LeaderStateImpl
2024-06-06 03:46:46,625 [5e18cff1-cfa8-44b4-8834-447d353e7c51@group-705F87E8897F-LeaderElection3] INFO  server.RaftServer$Division (RaftServerImpl.java:setFirstElection(574)) - 5e18cff1-cfa8-44b4-8834-447d353e7c51@group-705F87E8897F: set firstElectionSinceStartup to false for becomeLeader
2024-06-06 03:46:46,625 [5e18cff1-cfa8-44b4-8834-447d353e7c51@group-705F87E8897F-LeaderElection3] INFO  ratis.XceiverServerRatis (XceiverServerRatis.java:handleLeaderChangedNotification(966)) - Leader change notification received for group: group-705F87E8897F with new leaderId: 5e18cff1-cfa8-44b4-8834-447d353e7c51
2024-06-06 03:46:46,625 [5e18cff1-cfa8-44b4-8834-447d353e7c51@group-705F87E8897F-LeaderElection3] INFO  server.RaftServer$Division (ServerState.java:setLeader(269)) - 5e18cff1-cfa8-44b4-8834-447d353e7c51@group-705F87E8897F: change Leader from null to 5e18cff1-cfa8-44b4-8834-447d353e7c51 at term 1 for becomeLeader, leader elected after 5158ms
2024-06-06 03:46:46,626 [5e18cff1-cfa8-44b4-8834-447d353e7c51@group-705F87E8897F-LeaderElection3] INFO  segmented.SegmentedRaftLogWorker (SegmentedRaftLogWorker.java:startLogSegment(430)) - 5e18cff1-cfa8-44b4-8834-447d353e7c51@group-705F87E8897F-SegmentedRaftLogWorker: Starting segment from index:0
2024-06-06 03:46:46,626 [5e18cff1-cfa8-44b4-8834-447d353e7c51@group-705F87E8897F-SegmentedRaftLogWorker] INFO  segmented.BufferedWriteChannel (BufferedWriteChannel.java:open(62)) - open log_inprogress_0 at position 0
2024-06-06 03:46:46,628 [EventQueue-OpenPipelineForHealthyPipelineSafeModeRule] INFO  safemode.SCMSafeModeManager (HealthyPipelineSafeModeRule.java:process(140)) - SCM in safe mode. Healthy pipelines reported count is 0, required healthy pipeline reported count is 1
2024-06-06 03:46:46,629 [EventQueue-PipelineReportForPipelineReportHandler] INFO  pipeline.PipelineReportHandler (PipelineReportHandler.java:processPipelineReport(136)) - Opened pipeline PipelineID=391b85ed-4590-4ce6-af93-705f87e8897f
2024-06-06 03:46:46,629 [EventQueue-OpenPipelineForHealthyPipelineSafeModeRule] INFO  safemode.SCMSafeModeManager (HealthyPipelineSafeModeRule.java:process(140)) - SCM in safe mode. Healthy pipelines reported count is 1, required healthy pipeline reported count is 1
2024-06-06 03:46:46,629 [EventQueue-OpenPipelineForHealthyPipelineSafeModeRule] INFO  safemode.SCMSafeModeManager (SCMSafeModeManager.java:validateSafeModeExitRules(203)) - HealthyPipelineSafeModeRule rule is successfully validated
2024-06-06 03:46:46,629 [EventQueue-OpenPipelineForHealthyPipelineSafeModeRule] INFO  safemode.SCMSafeModeManager (SCMSafeModeManager.java:validateSafeModeExitRules(218)) - ScmSafeModeManager, all rules are successfully validated
2024-06-06 03:46:46,629 [EventQueue-OpenPipelineForHealthyPipelineSafeModeRule] INFO  safemode.SCMSafeModeManager (SCMSafeModeManager.java:exitSafeMode(248)) - SCM exiting safe mode.
2024-06-06 03:46:46,629 [EventQueue-OpenPipelineForHealthyPipelineSafeModeRule] INFO  ha.SCMContext (SCMContext.java:updateSafeModeStatus(225)) - Update SafeModeStatus from SafeModeStatus{safeModeStatus=true, preCheckPassed=true} to SafeModeStatus{safeModeStatus=false, preCheckPassed=true}.
2024-06-06 03:46:46,629 [EventQueue-OpenPipelineForHealthyPipelineSafeModeRule] INFO  pipeline.BackgroundPipelineCreator (BackgroundPipelineCreator.java:notifyStatusChanged(258)) - Service BackgroundPipelineCreator transitions to RUNNING.
2024-06-06 03:46:46,629 [EventQueue-OpenPipelineForHealthyPipelineSafeModeRule] INFO  BackgroundPipelineScrubber (BackgroundSCMService.java:notifyStatusChanged(79)) - Service BackgroundPipelineScrubber transitions to RUNNING.
2024-06-06 03:46:46,629 [EventQueue-OpenPipelineForHealthyPipelineSafeModeRule] INFO  ExpiredContainerReplicaOpScrubber (BackgroundSCMService.java:notifyStatusChanged(79)) - Service ExpiredContainerReplicaOpScrubber transitions to RUNNING.
2024-06-06 03:46:46,629 [EventQueue-OpenPipelineForHealthyPipelineSafeModeRule] INFO  block.SCMBlockDeletingService (SCMBlockDeletingService.java:notifyStatusChanged(247)) - notifyStatusChanged:RUNNING
2024-06-06 03:46:46,629 [EventQueue-OpenPipelineForHealthyPipelineSafeModeRule] INFO  replication.ReplicationManager (ReplicationManager.java:notifyStatusChanged(1406)) - Service ReplicationManager transitions to RUNNING.
2024-06-06 03:46:46,631 [5e18cff1-cfa8-44b4-8834-447d353e7c51@group-705F87E8897F-LeaderElection3] INFO  server.RaftServer$Division (ServerState.java:setRaftConf(386)) - 5e18cff1-cfa8-44b4-8834-447d353e7c51@group-705F87E8897F: set configuration 0: peers:[f4c2b6b8-993f-476e-b2b0-0769277f8579|127.0.0.1:15032, 8ce15023-a244-46a6-a4b0-50e62c01a133|127.0.0.1:15023, 5e18cff1-cfa8-44b4-8834-447d353e7c51|127.0.0.1:15014]|listeners:[], old=null
2024-06-06 03:46:46,635 [EventQueue-OpenPipelineForHealthyPipelineSafeModeRule] WARN  balancer.ContainerBalancer (ContainerBalancer.java:shouldRun(134)) - Could not find persisted configuration for ContainerBalancer when checking if ContainerBalancer should run. ContainerBalancer should not run now.
2024-06-06 03:46:46,636 [5e18cff1-cfa8-44b4-8834-447d353e7c51@group-705F87E8897F-SegmentedRaftLogWorker] INFO  segmented.SegmentedRaftLogWorker (SegmentedRaftLogWorker.java:execute(634)) - 5e18cff1-cfa8-44b4-8834-447d353e7c51@group-705F87E8897F-SegmentedRaftLogWorker: created new log segment /home/runner/work/ozone/ozone/hadoop-ozone/integration-test/target/test-dir/MiniOzoneClusterImpl-9b8c67d1-9dc3-4dee-b61a-2e100565025d/ozone-meta/datanode-1/ratis/391b85ed-4590-4ce6-af93-705f87e8897f/current/log_inprogress_0
2024-06-06 03:46:46,653 [f4c2b6b8-993f-476e-b2b0-0769277f8579-server-thread1] INFO  ratis.XceiverServerRatis (XceiverServerRatis.java:handleLeaderChangedNotification(966)) - Leader change notification received for group: group-705F87E8897F with new leaderId: 5e18cff1-cfa8-44b4-8834-447d353e7c51
2024-06-06 03:46:46,654 [f4c2b6b8-993f-476e-b2b0-0769277f8579-server-thread1] INFO  server.RaftServer$Division (ServerState.java:setLeader(269)) - f4c2b6b8-993f-476e-b2b0-0769277f8579@group-705F87E8897F: change Leader from null to 5e18cff1-cfa8-44b4-8834-447d353e7c51 at term 1 for appendEntries, leader elected after 4926ms
2024-06-06 03:46:46,655 [f4c2b6b8-993f-476e-b2b0-0769277f8579-server-thread2] INFO  server.RaftServer$Division (ServerState.java:setRaftConf(386)) - f4c2b6b8-993f-476e-b2b0-0769277f8579@group-705F87E8897F: set configuration 0: peers:[f4c2b6b8-993f-476e-b2b0-0769277f8579|127.0.0.1:15032, 8ce15023-a244-46a6-a4b0-50e62c01a133|127.0.0.1:15023, 5e18cff1-cfa8-44b4-8834-447d353e7c51|127.0.0.1:15014]|listeners:[], old=null
2024-06-06 03:46:46,657 [f4c2b6b8-993f-476e-b2b0-0769277f8579-server-thread2] INFO  segmented.SegmentedRaftLogWorker (SegmentedRaftLogWorker.java:startLogSegment(430)) - f4c2b6b8-993f-476e-b2b0-0769277f8579@group-705F87E8897F-SegmentedRaftLogWorker: Starting segment from index:0
2024-06-06 03:46:46,657 [f4c2b6b8-993f-476e-b2b0-0769277f8579@group-705F87E8897F-SegmentedRaftLogWorker] INFO  segmented.BufferedWriteChannel (BufferedWriteChannel.java:open(62)) - open log_inprogress_0 at position 0
2024-06-06 03:46:46,668 [f4c2b6b8-993f-476e-b2b0-0769277f8579@group-705F87E8897F-SegmentedRaftLogWorker] INFO  segmented.SegmentedRaftLogWorker (SegmentedRaftLogWorker.java:execute(634)) - f4c2b6b8-993f-476e-b2b0-0769277f8579@group-705F87E8897F-SegmentedRaftLogWorker: created new log segment /home/runner/work/ozone/ozone/hadoop-ozone/integration-test/target/test-dir/MiniOzoneClusterImpl-9b8c67d1-9dc3-4dee-b61a-2e100565025d/ozone-meta/datanode-3/ratis/391b85ed-4590-4ce6-af93-705f87e8897f/current/log_inprogress_0
2024-06-06 03:46:46,673 [8ce15023-a244-46a6-a4b0-50e62c01a133-server-thread2] INFO  ratis.XceiverServerRatis (XceiverServerRatis.java:handleLeaderChangedNotification(966)) - Leader change notification received for group: group-705F87E8897F with new leaderId: 5e18cff1-cfa8-44b4-8834-447d353e7c51
2024-06-06 03:46:46,674 [8ce15023-a244-46a6-a4b0-50e62c01a133-server-thread2] INFO  server.RaftServer$Division (ServerState.java:setLeader(269)) - 8ce15023-a244-46a6-a4b0-50e62c01a133@group-705F87E8897F: change Leader from null to 5e18cff1-cfa8-44b4-8834-447d353e7c51 at term 1 for appendEntries, leader elected after 5072ms
2024-06-06 03:46:46,674 [8ce15023-a244-46a6-a4b0-50e62c01a133@group-516C1991B6DF-FollowerState] INFO  impl.FollowerState (FollowerState.java:run(143)) - 8ce15023-a244-46a6-a4b0-50e62c01a133@group-516C1991B6DF-FollowerState: change to CANDIDATE, lastRpcElapsedTime:5079050516ns, electionTimeout:5077ms
2024-06-06 03:46:46,674 [8ce15023-a244-46a6-a4b0-50e62c01a133@group-516C1991B6DF-FollowerState] INFO  impl.RoleInfo (RoleInfo.java:shutdownFollowerState(110)) - 8ce15023-a244-46a6-a4b0-50e62c01a133: shutdown 8ce15023-a244-46a6-a4b0-50e62c01a133@group-516C1991B6DF-FollowerState
2024-06-06 03:46:46,674 [8ce15023-a244-46a6-a4b0-50e62c01a133@group-516C1991B6DF-FollowerState] INFO  server.RaftServer$Division (RaftServerImpl.java:setRole(383)) - 8ce15023-a244-46a6-a4b0-50e62c01a133@group-516C1991B6DF: changes role from  FOLLOWER to CANDIDATE at term 0 for changeToCandidate
2024-06-06 03:46:46,674 [8ce15023-a244-46a6-a4b0-50e62c01a133@group-516C1991B6DF-FollowerState] INFO  server.RaftServerConfigKeys (ConfUtils.java:logGet(46)) - raft.server.leaderelection.pre-vote = true (default)
2024-06-06 03:46:46,675 [8ce15023-a244-46a6-a4b0-50e62c01a133@group-516C1991B6DF-FollowerState] INFO  impl.RoleInfo (RoleInfo.java:updateAndGet(139)) - 8ce15023-a244-46a6-a4b0-50e62c01a133: start 8ce15023-a244-46a6-a4b0-50e62c01a133@group-516C1991B6DF-LeaderElection4
2024-06-06 03:46:46,675 [8ce15023-a244-46a6-a4b0-50e62c01a133-server-thread1] INFO  server.RaftServer$Division (ServerState.java:setRaftConf(386)) - 8ce15023-a244-46a6-a4b0-50e62c01a133@group-705F87E8897F: set configuration 0: peers:[f4c2b6b8-993f-476e-b2b0-0769277f8579|127.0.0.1:15032, 8ce15023-a244-46a6-a4b0-50e62c01a133|127.0.0.1:15023, 5e18cff1-cfa8-44b4-8834-447d353e7c51|127.0.0.1:15014]|listeners:[], old=null
2024-06-06 03:46:46,678 [8ce15023-a244-46a6-a4b0-50e62c01a133-server-thread1] INFO  segmented.SegmentedRaftLogWorker (SegmentedRaftLogWorker.java:startLogSegment(430)) - 8ce15023-a244-46a6-a4b0-50e62c01a133@group-705F87E8897F-SegmentedRaftLogWorker: Starting segment from index:0
2024-06-06 03:46:46,678 [8ce15023-a244-46a6-a4b0-50e62c01a133@group-705F87E8897F-SegmentedRaftLogWorker] INFO  segmented.BufferedWriteChannel (BufferedWriteChannel.java:open(62)) - open log_inprogress_0 at position 0
2024-06-06 03:46:46,679 [main] INFO  ozone.MiniOzoneClusterImpl (MiniOzoneClusterImpl.java:lambda$waitForClusterToBeReady$0(194)) - Nodes are ready. Got 3 of 3 DN Heartbeats.
2024-06-06 03:46:46,680 [main] INFO  ozone.MiniOzoneClusterImpl (MiniOzoneClusterImpl.java:lambda$waitForClusterToBeReady$0(197)) - Cluster exits safe mode
2024-06-06 03:46:46,680 [main] INFO  ozone.MiniOzoneClusterImpl (MiniOzoneClusterImpl.java:lambda$waitForClusterToBeReady$0(199)) - SCM became leader
2024-06-06 03:46:46,680 [8ce15023-a244-46a6-a4b0-50e62c01a133@group-516C1991B6DF-LeaderElection4] INFO  impl.LeaderElection (LeaderElection.java:askForVotes(321)) - 8ce15023-a244-46a6-a4b0-50e62c01a133@group-516C1991B6DF-LeaderElection4 PRE_VOTE round 0: submit vote requests at term 0 for -1: peers:[8ce15023-a244-46a6-a4b0-50e62c01a133|127.0.0.1:15023]|listeners:[], old=null
2024-06-06 03:46:46,680 [8ce15023-a244-46a6-a4b0-50e62c01a133@group-516C1991B6DF-LeaderElection4] INFO  impl.LeaderElection (LeaderElection.java:askForVotes(323)) - 8ce15023-a244-46a6-a4b0-50e62c01a133@group-516C1991B6DF-LeaderElection4 PRE_VOTE round 0: result PASSED (term=0)
2024-06-06 03:46:46,683 [8ce15023-a244-46a6-a4b0-50e62c01a133@group-516C1991B6DF-LeaderElection4] INFO  impl.LeaderElection (LeaderElection.java:askForVotes(321)) - 8ce15023-a244-46a6-a4b0-50e62c01a133@group-516C1991B6DF-LeaderElection4 ELECTION round 0: submit vote requests at term 1 for -1: peers:[8ce15023-a244-46a6-a4b0-50e62c01a133|127.0.0.1:15023]|listeners:[], old=null
2024-06-06 03:46:46,684 [8ce15023-a244-46a6-a4b0-50e62c01a133@group-516C1991B6DF-LeaderElection4] INFO  impl.LeaderElection (LeaderElection.java:askForVotes(323)) - 8ce15023-a244-46a6-a4b0-50e62c01a133@group-516C1991B6DF-LeaderElection4 ELECTION round 0: result PASSED (term=1)
2024-06-06 03:46:46,684 [8ce15023-a244-46a6-a4b0-50e62c01a133@group-516C1991B6DF-LeaderElection4] INFO  impl.RoleInfo (RoleInfo.java:shutdownLeaderElection(130)) - 8ce15023-a244-46a6-a4b0-50e62c01a133: shutdown 8ce15023-a244-46a6-a4b0-50e62c01a133@group-516C1991B6DF-LeaderElection4
2024-06-06 03:46:46,684 [8ce15023-a244-46a6-a4b0-50e62c01a133@group-516C1991B6DF-LeaderElection4] INFO  server.RaftServer$Division (RaftServerImpl.java:setRole(383)) - 8ce15023-a244-46a6-a4b0-50e62c01a133@group-516C1991B6DF: changes role from CANDIDATE to LEADER at term 1 for changeToLeader
2024-06-06 03:46:46,684 [8ce15023-a244-46a6-a4b0-50e62c01a133@group-516C1991B6DF-LeaderElection4] INFO  server.RaftServerConfigKeys (ConfUtils.java:logGet(46)) - raft.server.staging.catchup.gap = 1000 (default)
2024-06-06 03:46:46,684 [5e18cff1-cfa8-44b4-8834-447d353e7c51@group-705F87E8897F-StateMachineUpdater] INFO  server.RaftServer$Division (LeaderStateImpl.java:isApplied(320)) - leader is ready since appliedIndex == 0 >= startIndex == 0
2024-06-06 03:46:46,684 [8ce15023-a244-46a6-a4b0-50e62c01a133@group-516C1991B6DF-LeaderElection4] INFO  server.RaftServerConfigKeys (ConfUtils.java:logGet(46)) - raft.server.write.element-limit = 1024 (custom)
2024-06-06 03:46:46,684 [8ce15023-a244-46a6-a4b0-50e62c01a133@group-516C1991B6DF-LeaderElection4] INFO  server.RaftServerConfigKeys (ConfUtils.java:logGet(46)) - raft.server.write.byte-limit = 1024 M (=1073741824) (custom)
2024-06-06 03:46:46,689 [8ce15023-a244-46a6-a4b0-50e62c01a133@group-705F87E8897F-SegmentedRaftLogWorker] INFO  segmented.SegmentedRaftLogWorker (SegmentedRaftLogWorker.java:execute(634)) - 8ce15023-a244-46a6-a4b0-50e62c01a133@group-705F87E8897F-SegmentedRaftLogWorker: created new log segment /home/runner/work/ozone/ozone/hadoop-ozone/integration-test/target/test-dir/MiniOzoneClusterImpl-9b8c67d1-9dc3-4dee-b61a-2e100565025d/ozone-meta/datanode-2/ratis/391b85ed-4590-4ce6-af93-705f87e8897f/current/log_inprogress_0
2024-06-06 03:46:46,690 [8ce15023-a244-46a6-a4b0-50e62c01a133@group-516C1991B6DF-LeaderElection4] INFO  server.RaftServerConfigKeys (ConfUtils.java:logGet(46)) - raft.server.watch.timeout = 30s (custom)
2024-06-06 03:46:46,690 [8ce15023-a244-46a6-a4b0-50e62c01a133@group-516C1991B6DF-LeaderElection4] INFO  server.RaftServerConfigKeys (ConfUtils.java:logGet(46)) - raft.server.watch.timeout.denomination = 1s (default)
2024-06-06 03:46:46,690 [8ce15023-a244-46a6-a4b0-50e62c01a133@group-516C1991B6DF-LeaderElection4] INFO  server.RaftServerConfigKeys (ConfUtils.java:logGet(46)) - raft.server.watch.element-limit = 65536 (default)
2024-06-06 03:46:46,690 [8ce15023-a244-46a6-a4b0-50e62c01a133@group-516C1991B6DF-LeaderElection4] INFO  server.RaftServerConfigKeys (ConfUtils.java:logGet(46)) - raft.server.read.leader.lease.enabled = false (default)
2024-06-06 03:46:46,690 [8ce15023-a244-46a6-a4b0-50e62c01a133@group-516C1991B6DF-LeaderElection4] INFO  server.RaftServerConfigKeys (ConfUtils.java:logGet(46)) - raft.server.read.leader.lease.timeout.ratio = 0.9 (default)
2024-06-06 03:46:46,690 [8ce15023-a244-46a6-a4b0-50e62c01a133@group-516C1991B6DF-LeaderElection4] INFO  server.RaftServerConfigKeys (ConfUtils.java:logGet(46)) - raft.server.rpc.timeout.min = 5s (custom)
2024-06-06 03:46:46,690 [8ce15023-a244-46a6-a4b0-50e62c01a133@group-516C1991B6DF-LeaderElection4] INFO  server.RaftServerConfigKeys (ConfUtils.java:logGet(46)) - raft.server.write.element-limit = 1024 (custom)
2024-06-06 03:46:46,690 [8ce15023-a244-46a6-a4b0-50e62c01a133@group-516C1991B6DF-LeaderElection4] INFO  server.RaftServerConfigKeys (ConfUtils.java:logGet(46)) - raft.server.write.follower.gap.ratio.max = -1.0 (default)
2024-06-06 03:46:46,690 [8ce15023-a244-46a6-a4b0-50e62c01a133@group-516C1991B6DF-LeaderElection4] INFO  impl.RoleInfo (RoleInfo.java:updateAndGet(139)) - 8ce15023-a244-46a6-a4b0-50e62c01a133: start 8ce15023-a244-46a6-a4b0-50e62c01a133@group-516C1991B6DF-LeaderStateImpl
2024-06-06 03:46:46,690 [8ce15023-a244-46a6-a4b0-50e62c01a133@group-516C1991B6DF-LeaderElection4] INFO  server.RaftServer$Division (RaftServerImpl.java:setFirstElection(574)) - 8ce15023-a244-46a6-a4b0-50e62c01a133@group-516C1991B6DF: set firstElectionSinceStartup to false for becomeLeader
2024-06-06 03:46:46,690 [8ce15023-a244-46a6-a4b0-50e62c01a133@group-516C1991B6DF-LeaderElection4] INFO  ratis.XceiverServerRatis (XceiverServerRatis.java:handleLeaderChangedNotification(966)) - Leader change notification received for group: group-516C1991B6DF with new leaderId: 8ce15023-a244-46a6-a4b0-50e62c01a133
2024-06-06 03:46:46,692 [8ce15023-a244-46a6-a4b0-50e62c01a133@group-516C1991B6DF-LeaderElection4] INFO  server.RaftServer$Division (ServerState.java:setLeader(269)) - 8ce15023-a244-46a6-a4b0-50e62c01a133@group-516C1991B6DF: change Leader from null to 8ce15023-a244-46a6-a4b0-50e62c01a133 at term 1 for becomeLeader, leader elected after 5123ms
2024-06-06 03:46:46,692 [8ce15023-a244-46a6-a4b0-50e62c01a133@group-516C1991B6DF-LeaderElection4] INFO  segmented.SegmentedRaftLogWorker (SegmentedRaftLogWorker.java:startLogSegment(430)) - 8ce15023-a244-46a6-a4b0-50e62c01a133@group-516C1991B6DF-SegmentedRaftLogWorker: Starting segment from index:0
2024-06-06 03:46:46,693 [8ce15023-a244-46a6-a4b0-50e62c01a133@group-516C1991B6DF-SegmentedRaftLogWorker] INFO  segmented.BufferedWriteChannel (BufferedWriteChannel.java:open(62)) - open log_inprogress_0 at position 0
2024-06-06 03:46:46,699 [8ce15023-a244-46a6-a4b0-50e62c01a133@group-516C1991B6DF-LeaderElection4] INFO  server.RaftServer$Division (ServerState.java:setRaftConf(386)) - 8ce15023-a244-46a6-a4b0-50e62c01a133@group-516C1991B6DF: set configuration 0: peers:[8ce15023-a244-46a6-a4b0-50e62c01a133|127.0.0.1:15023]|listeners:[], old=null
2024-06-06 03:46:46,701 [8ce15023-a244-46a6-a4b0-50e62c01a133@group-516C1991B6DF-SegmentedRaftLogWorker] INFO  segmented.SegmentedRaftLogWorker (SegmentedRaftLogWorker.java:execute(634)) - 8ce15023-a244-46a6-a4b0-50e62c01a133@group-516C1991B6DF-SegmentedRaftLogWorker: created new log segment /home/runner/work/ozone/ozone/hadoop-ozone/integration-test/target/test-dir/MiniOzoneClusterImpl-9b8c67d1-9dc3-4dee-b61a-2e100565025d/ozone-meta/datanode-2/ratis/3602a8fd-e698-4766-a485-516c1991b6df/current/log_inprogress_0
2024-06-06 03:46:46,705 [8ce15023-a244-46a6-a4b0-50e62c01a133@group-516C1991B6DF-StateMachineUpdater] INFO  server.RaftServer$Division (LeaderStateImpl.java:isApplied(320)) - leader is ready since appliedIndex == 0 >= startIndex == 0
2024-06-06 03:46:46,885 [f4c2b6b8-993f-476e-b2b0-0769277f8579@group-6D3C1FF08333-FollowerState] INFO  impl.FollowerState (FollowerState.java:run(143)) - f4c2b6b8-993f-476e-b2b0-0769277f8579@group-6D3C1FF08333-FollowerState: change to CANDIDATE, lastRpcElapsedTime:5167616645ns, electionTimeout:5163ms
2024-06-06 03:46:46,886 [f4c2b6b8-993f-476e-b2b0-0769277f8579@group-6D3C1FF08333-FollowerState] INFO  impl.RoleInfo (RoleInfo.java:shutdownFollowerState(110)) - f4c2b6b8-993f-476e-b2b0-0769277f8579: shutdown f4c2b6b8-993f-476e-b2b0-0769277f8579@group-6D3C1FF08333-FollowerState
2024-06-06 03:46:46,886 [f4c2b6b8-993f-476e-b2b0-0769277f8579@group-6D3C1FF08333-FollowerState] INFO  server.RaftServer$Division (RaftServerImpl.java:setRole(383)) - f4c2b6b8-993f-476e-b2b0-0769277f8579@group-6D3C1FF08333: changes role from  FOLLOWER to CANDIDATE at term 0 for changeToCandidate
2024-06-06 03:46:46,886 [f4c2b6b8-993f-476e-b2b0-0769277f8579@group-6D3C1FF08333-FollowerState] INFO  server.RaftServerConfigKeys (ConfUtils.java:logGet(46)) - raft.server.leaderelection.pre-vote = true (default)
2024-06-06 03:46:46,886 [f4c2b6b8-993f-476e-b2b0-0769277f8579@group-6D3C1FF08333-FollowerState] INFO  impl.RoleInfo (RoleInfo.java:updateAndGet(139)) - f4c2b6b8-993f-476e-b2b0-0769277f8579: start f4c2b6b8-993f-476e-b2b0-0769277f8579@group-6D3C1FF08333-LeaderElection5
2024-06-06 03:46:46,886 [f4c2b6b8-993f-476e-b2b0-0769277f8579@group-6D3C1FF08333-LeaderElection5] INFO  impl.LeaderElection (LeaderElection.java:askForVotes(321)) - f4c2b6b8-993f-476e-b2b0-0769277f8579@group-6D3C1FF08333-LeaderElection5 PRE_VOTE round 0: submit vote requests at term 0 for -1: peers:[f4c2b6b8-993f-476e-b2b0-0769277f8579|127.0.0.1:15032]|listeners:[], old=null
2024-06-06 03:46:46,886 [f4c2b6b8-993f-476e-b2b0-0769277f8579@group-6D3C1FF08333-LeaderElection5] INFO  impl.LeaderElection (LeaderElection.java:askForVotes(323)) - f4c2b6b8-993f-476e-b2b0-0769277f8579@group-6D3C1FF08333-LeaderElection5 PRE_VOTE round 0: result PASSED (term=0)
2024-06-06 03:46:46,888 [f4c2b6b8-993f-476e-b2b0-0769277f8579@group-6D3C1FF08333-LeaderElection5] INFO  impl.LeaderElection (LeaderElection.java:askForVotes(321)) - f4c2b6b8-993f-476e-b2b0-0769277f8579@group-6D3C1FF08333-LeaderElection5 ELECTION round 0: submit vote requests at term 1 for -1: peers:[f4c2b6b8-993f-476e-b2b0-0769277f8579|127.0.0.1:15032]|listeners:[], old=null
2024-06-06 03:46:46,888 [f4c2b6b8-993f-476e-b2b0-0769277f8579@group-6D3C1FF08333-LeaderElection5] INFO  impl.LeaderElection (LeaderElection.java:askForVotes(323)) - f4c2b6b8-993f-476e-b2b0-0769277f8579@group-6D3C1FF08333-LeaderElection5 ELECTION round 0: result PASSED (term=1)
2024-06-06 03:46:46,888 [f4c2b6b8-993f-476e-b2b0-0769277f8579@group-6D3C1FF08333-LeaderElection5] INFO  impl.RoleInfo (RoleInfo.java:shutdownLeaderElection(130)) - f4c2b6b8-993f-476e-b2b0-0769277f8579: shutdown f4c2b6b8-993f-476e-b2b0-0769277f8579@group-6D3C1FF08333-LeaderElection5
2024-06-06 03:46:46,888 [f4c2b6b8-993f-476e-b2b0-0769277f8579@group-6D3C1FF08333-LeaderElection5] INFO  server.RaftServer$Division (RaftServerImpl.java:setRole(383)) - f4c2b6b8-993f-476e-b2b0-0769277f8579@group-6D3C1FF08333: changes role from CANDIDATE to LEADER at term 1 for changeToLeader
2024-06-06 03:46:46,888 [f4c2b6b8-993f-476e-b2b0-0769277f8579@group-6D3C1FF08333-LeaderElection5] INFO  server.RaftServerConfigKeys (ConfUtils.java:logGet(46)) - raft.server.staging.catchup.gap = 1000 (default)
2024-06-06 03:46:46,889 [f4c2b6b8-993f-476e-b2b0-0769277f8579@group-6D3C1FF08333-LeaderElection5] INFO  server.RaftServerConfigKeys (ConfUtils.java:logGet(46)) - raft.server.write.element-limit = 1024 (custom)
2024-06-06 03:46:46,889 [f4c2b6b8-993f-476e-b2b0-0769277f8579@group-6D3C1FF08333-LeaderElection5] INFO  server.RaftServerConfigKeys (ConfUtils.java:logGet(46)) - raft.server.write.byte-limit = 1024 M (=1073741824) (custom)
2024-06-06 03:46:46,890 [f4c2b6b8-993f-476e-b2b0-0769277f8579@group-6D3C1FF08333-LeaderElection5] INFO  server.RaftServerConfigKeys (ConfUtils.java:logGet(46)) - raft.server.watch.timeout = 30s (custom)
2024-06-06 03:46:46,890 [f4c2b6b8-993f-476e-b2b0-0769277f8579@group-6D3C1FF08333-LeaderElection5] INFO  server.RaftServerConfigKeys (ConfUtils.java:logGet(46)) - raft.server.watch.timeout.denomination = 1s (default)
2024-06-06 03:46:46,890 [f4c2b6b8-993f-476e-b2b0-0769277f8579@group-6D3C1FF08333-LeaderElection5] INFO  server.RaftServerConfigKeys (ConfUtils.java:logGet(46)) - raft.server.watch.element-limit = 65536 (default)
2024-06-06 03:46:46,890 [f4c2b6b8-993f-476e-b2b0-0769277f8579@group-6D3C1FF08333-LeaderElection5] INFO  server.RaftServerConfigKeys (ConfUtils.java:logGet(46)) - raft.server.read.leader.lease.enabled = false (default)
2024-06-06 03:46:46,890 [f4c2b6b8-993f-476e-b2b0-0769277f8579@group-6D3C1FF08333-LeaderElection5] INFO  server.RaftServerConfigKeys (ConfUtils.java:logGet(46)) - raft.server.read.leader.lease.timeout.ratio = 0.9 (default)
2024-06-06 03:46:46,891 [f4c2b6b8-993f-476e-b2b0-0769277f8579@group-6D3C1FF08333-LeaderElection5] INFO  server.RaftServerConfigKeys (ConfUtils.java:logGet(46)) - raft.server.rpc.timeout.min = 5s (custom)
2024-06-06 03:46:46,891 [f4c2b6b8-993f-476e-b2b0-0769277f8579@group-6D3C1FF08333-LeaderElection5] INFO  server.RaftServerConfigKeys (ConfUtils.java:logGet(46)) - raft.server.write.element-limit = 1024 (custom)
2024-06-06 03:46:46,891 [f4c2b6b8-993f-476e-b2b0-0769277f8579@group-6D3C1FF08333-LeaderElection5] INFO  server.RaftServerConfigKeys (ConfUtils.java:logGet(46)) - raft.server.write.follower.gap.ratio.max = -1.0 (default)
2024-06-06 03:46:46,891 [f4c2b6b8-993f-476e-b2b0-0769277f8579@group-6D3C1FF08333-LeaderElection5] INFO  impl.RoleInfo (RoleInfo.java:updateAndGet(139)) - f4c2b6b8-993f-476e-b2b0-0769277f8579: start f4c2b6b8-993f-476e-b2b0-0769277f8579@group-6D3C1FF08333-LeaderStateImpl
2024-06-06 03:46:46,891 [f4c2b6b8-993f-476e-b2b0-0769277f8579@group-6D3C1FF08333-LeaderElection5] INFO  server.RaftServer$Division (RaftServerImpl.java:setFirstElection(574)) - f4c2b6b8-993f-476e-b2b0-0769277f8579@group-6D3C1FF08333: set firstElectionSinceStartup to false for becomeLeader
2024-06-06 03:46:46,891 [f4c2b6b8-993f-476e-b2b0-0769277f8579@group-6D3C1FF08333-LeaderElection5] INFO  ratis.XceiverServerRatis (XceiverServerRatis.java:handleLeaderChangedNotification(966)) - Leader change notification received for group: group-6D3C1FF08333 with new leaderId: f4c2b6b8-993f-476e-b2b0-0769277f8579
2024-06-06 03:46:46,891 [f4c2b6b8-993f-476e-b2b0-0769277f8579@group-6D3C1FF08333-LeaderElection5] INFO  server.RaftServer$Division (ServerState.java:setLeader(269)) - f4c2b6b8-993f-476e-b2b0-0769277f8579@group-6D3C1FF08333: change Leader from null to f4c2b6b8-993f-476e-b2b0-0769277f8579 at term 1 for becomeLeader, leader elected after 5209ms
2024-06-06 03:46:46,892 [f4c2b6b8-993f-476e-b2b0-0769277f8579@group-6D3C1FF08333-LeaderElection5] INFO  segmented.SegmentedRaftLogWorker (SegmentedRaftLogWorker.java:startLogSegment(430)) - f4c2b6b8-993f-476e-b2b0-0769277f8579@group-6D3C1FF08333-SegmentedRaftLogWorker: Starting segment from index:0
2024-06-06 03:46:46,894 [f4c2b6b8-993f-476e-b2b0-0769277f8579@group-6D3C1FF08333-SegmentedRaftLogWorker] INFO  segmented.BufferedWriteChannel (BufferedWriteChannel.java:open(62)) - open log_inprogress_0 at position 0
2024-06-06 03:46:46,896 [f4c2b6b8-993f-476e-b2b0-0769277f8579@group-6D3C1FF08333-LeaderElection5] INFO  server.RaftServer$Division (ServerState.java:setRaftConf(386)) - f4c2b6b8-993f-476e-b2b0-0769277f8579@group-6D3C1FF08333: set configuration 0: peers:[f4c2b6b8-993f-476e-b2b0-0769277f8579|127.0.0.1:15032]|listeners:[], old=null
2024-06-06 03:46:46,901 [f4c2b6b8-993f-476e-b2b0-0769277f8579@group-6D3C1FF08333-SegmentedRaftLogWorker] INFO  segmented.SegmentedRaftLogWorker (SegmentedRaftLogWorker.java:execute(634)) - f4c2b6b8-993f-476e-b2b0-0769277f8579@group-6D3C1FF08333-SegmentedRaftLogWorker: created new log segment /home/runner/work/ozone/ozone/hadoop-ozone/integration-test/target/test-dir/MiniOzoneClusterImpl-9b8c67d1-9dc3-4dee-b61a-2e100565025d/ozone-meta/datanode-3/ratis/99868fa8-4b5f-49a3-a5bb-6d3c1ff08333/current/log_inprogress_0
2024-06-06 03:46:46,903 [f4c2b6b8-993f-476e-b2b0-0769277f8579@group-6D3C1FF08333-StateMachineUpdater] INFO  server.RaftServer$Division (LeaderStateImpl.java:isApplied(320)) - leader is ready since appliedIndex == 0 >= startIndex == 0
2024-06-06 03:46:46,995 [main] INFO  rpc.RpcClient (RpcClient.java:createVolume(472)) - Creating Volume: volume78881, with user85086 as owner and space quota set to -1 bytes, counts quota set to -1
2024-06-06 03:46:47,031 [om1-OMStateMachineApplyTransactionThread - 0] INFO  volume.OMVolumeCreateRequest (OMVolumeCreateRequest.java:validateAndUpdateCache(198)) - created volume:volume78881 for user:user85086
2024-06-06 03:46:47,039 [om1-OMDoubleBufferFlushThread] INFO  helpers.OmKeyInfo (OmKeyInfo.java:getCodec(72)) - OmKeyInfo.getCodec ignorePipeline = true
2024-06-06 03:46:47,039 [om1-OMDoubleBufferFlushThread] INFO  helpers.OmKeyInfo (OmKeyInfo.java:getCodec(72)) - OmKeyInfo.getCodec ignorePipeline = true
2024-06-06 03:46:47,039 [om1-OMDoubleBufferFlushThread] INFO  helpers.OmKeyInfo (OmKeyInfo.java:getCodec(72)) - OmKeyInfo.getCodec ignorePipeline = true
2024-06-06 03:46:47,039 [om1-OMDoubleBufferFlushThread] INFO  helpers.OmKeyInfo (OmKeyInfo.java:getCodec(72)) - OmKeyInfo.getCodec ignorePipeline = true
2024-06-06 03:46:47,039 [om1-OMDoubleBufferFlushThread] INFO  helpers.OmKeyInfo (OmKeyInfo.java:getCodec(72)) - OmKeyInfo.getCodec ignorePipeline = true
2024-06-06 03:46:47,041 [main] INFO  rpc.RpcClient (RpcClient.java:createBucket(698)) - Creating Bucket: volume78881/bucket76044, with bucket layout FILE_SYSTEM_OPTIMIZED, runner as owner, Versioning false, Storage Type set to DISK and Encryption set to false, Replication Type set to server-side default replication type, Namespace Quota set to -1, Space Quota set to -1 
2024-06-06 03:46:47,050 [f4c2b6b8-993f-476e-b2b0-0769277f8579@group-4BFF7FA42FEE-FollowerState] INFO  impl.FollowerState (FollowerState.java:run(143)) - f4c2b6b8-993f-476e-b2b0-0769277f8579@group-4BFF7FA42FEE-FollowerState: change to CANDIDATE, lastRpcElapsedTime:5100580353ns, electionTimeout:5090ms
2024-06-06 03:46:47,050 [f4c2b6b8-993f-476e-b2b0-0769277f8579@group-4BFF7FA42FEE-FollowerState] INFO  impl.RoleInfo (RoleInfo.java:shutdownFollowerState(110)) - f4c2b6b8-993f-476e-b2b0-0769277f8579: shutdown f4c2b6b8-993f-476e-b2b0-0769277f8579@group-4BFF7FA42FEE-FollowerState
2024-06-06 03:46:47,050 [f4c2b6b8-993f-476e-b2b0-0769277f8579@group-4BFF7FA42FEE-FollowerState] INFO  server.RaftServer$Division (RaftServerImpl.java:setRole(383)) - f4c2b6b8-993f-476e-b2b0-0769277f8579@group-4BFF7FA42FEE: changes role from  FOLLOWER to CANDIDATE at term 0 for changeToCandidate
2024-06-06 03:46:47,050 [f4c2b6b8-993f-476e-b2b0-0769277f8579@group-4BFF7FA42FEE-FollowerState] INFO  server.RaftServerConfigKeys (ConfUtils.java:logGet(46)) - raft.server.leaderelection.pre-vote = true (default)
2024-06-06 03:46:47,051 [f4c2b6b8-993f-476e-b2b0-0769277f8579@group-4BFF7FA42FEE-FollowerState] INFO  impl.RoleInfo (RoleInfo.java:updateAndGet(139)) - f4c2b6b8-993f-476e-b2b0-0769277f8579: start f4c2b6b8-993f-476e-b2b0-0769277f8579@group-4BFF7FA42FEE-LeaderElection6
2024-06-06 03:46:47,051 [f4c2b6b8-993f-476e-b2b0-0769277f8579@group-4BFF7FA42FEE-LeaderElection6] INFO  impl.LeaderElection (LeaderElection.java:askForVotes(321)) - f4c2b6b8-993f-476e-b2b0-0769277f8579@group-4BFF7FA42FEE-LeaderElection6 PRE_VOTE round 0: submit vote requests at term 0 for -1: peers:[f4c2b6b8-993f-476e-b2b0-0769277f8579|127.0.0.1:15032, 8ce15023-a244-46a6-a4b0-50e62c01a133|127.0.0.1:15023, 5e18cff1-cfa8-44b4-8834-447d353e7c51|127.0.0.1:15014]|listeners:[], old=null
2024-06-06 03:46:47,052 [f4c2b6b8-993f-476e-b2b0-0769277f8579@group-4BFF7FA42FEE-LeaderElection6-1] INFO  server.GrpcServerProtocolClient (GrpcServerProtocolClient.java:<init>(65)) - Build channel for 8ce15023-a244-46a6-a4b0-50e62c01a133|127.0.0.1:15023
2024-06-06 03:46:47,052 [om1-OMStateMachineApplyTransactionThread - 0] INFO  bucket.OMBucketCreateRequest (OMBucketCreateRequest.java:validateAndUpdateCache(293)) - created bucket: bucket76044 of layout FILE_SYSTEM_OPTIMIZED in volume: volume78881
2024-06-06 03:46:47,058 [grpc-default-executor-1] INFO  server.RaftServer$Division (RaftServerImpl.java:requestVote(1389)) - 8ce15023-a244-46a6-a4b0-50e62c01a133@group-4BFF7FA42FEE: receive requestVote(PRE_VOTE, f4c2b6b8-993f-476e-b2b0-0769277f8579, group-4BFF7FA42FEE, 0, (t:0, i:0))
2024-06-06 03:46:47,059 [grpc-default-executor-1] INFO  impl.VoteContext (VoteContext.java:log(49)) - 8ce15023-a244-46a6-a4b0-50e62c01a133@group-4BFF7FA42FEE-FOLLOWER: accept PRE_VOTE from f4c2b6b8-993f-476e-b2b0-0769277f8579: our priority 0 <= candidate's priority 1
2024-06-06 03:46:47,059 [grpc-default-executor-1] INFO  server.RaftServer$Division (RaftServerImpl.java:requestVote(1422)) - 8ce15023-a244-46a6-a4b0-50e62c01a133@group-4BFF7FA42FEE replies to PRE_VOTE vote request: f4c2b6b8-993f-476e-b2b0-0769277f8579<-8ce15023-a244-46a6-a4b0-50e62c01a133#0:OK-t0. Peer's state: 8ce15023-a244-46a6-a4b0-50e62c01a133@group-4BFF7FA42FEE:t0, leader=null, voted=, raftlog=Memoized:8ce15023-a244-46a6-a4b0-50e62c01a133@group-4BFF7FA42FEE-SegmentedRaftLog:OPENED:c-1, conf=-1: peers:[f4c2b6b8-993f-476e-b2b0-0769277f8579|127.0.0.1:15032, 8ce15023-a244-46a6-a4b0-50e62c01a133|127.0.0.1:15023, 5e18cff1-cfa8-44b4-8834-447d353e7c51|127.0.0.1:15014]|listeners:[], old=null
2024-06-06 03:46:47,060 [f4c2b6b8-993f-476e-b2b0-0769277f8579@group-4BFF7FA42FEE-LeaderElection6] INFO  server.RaftServerConfigKeys (ConfUtils.java:logFallback(53)) - raft.server.rpc.first-election.timeout.min = 5s (fallback to raft.server.rpc.timeout.min)
2024-06-06 03:46:47,061 [f4c2b6b8-993f-476e-b2b0-0769277f8579@group-4BFF7FA42FEE-LeaderElection6] INFO  server.RaftServerConfigKeys (ConfUtils.java:logFallback(53)) - raft.server.rpc.first-election.timeout.max = 5200ms (fallback to raft.server.rpc.timeout.max)
2024-06-06 03:46:47,060 [f4c2b6b8-993f-476e-b2b0-0769277f8579@group-4BFF7FA42FEE-LeaderElection6-2] INFO  server.GrpcServerProtocolClient (GrpcServerProtocolClient.java:<init>(65)) - Build channel for 5e18cff1-cfa8-44b4-8834-447d353e7c51|127.0.0.1:15014
2024-06-06 03:46:47,065 [f4c2b6b8-993f-476e-b2b0-0769277f8579@group-4BFF7FA42FEE-LeaderElection6] INFO  impl.LeaderElection (LeaderElection.java:logAndReturn(89)) - f4c2b6b8-993f-476e-b2b0-0769277f8579@group-4BFF7FA42FEE-LeaderElection6: PRE_VOTE PASSED received 1 response(s) and 0 exception(s):
2024-06-06 03:46:47,065 [f4c2b6b8-993f-476e-b2b0-0769277f8579@group-4BFF7FA42FEE-LeaderElection6] INFO  impl.LeaderElection (LeaderElection.java:logAndReturn(93)) -   Response 0: f4c2b6b8-993f-476e-b2b0-0769277f8579<-8ce15023-a244-46a6-a4b0-50e62c01a133#0:OK-t0
2024-06-06 03:46:47,065 [f4c2b6b8-993f-476e-b2b0-0769277f8579@group-4BFF7FA42FEE-LeaderElection6] INFO  impl.LeaderElection (LeaderElection.java:askForVotes(323)) - f4c2b6b8-993f-476e-b2b0-0769277f8579@group-4BFF7FA42FEE-LeaderElection6 PRE_VOTE round 0: result PASSED
2024-06-06 03:46:47,066 [grpc-default-executor-1] INFO  server.RaftServer$Division (RaftServerImpl.java:requestVote(1389)) - 5e18cff1-cfa8-44b4-8834-447d353e7c51@group-4BFF7FA42FEE: receive requestVote(PRE_VOTE, f4c2b6b8-993f-476e-b2b0-0769277f8579, group-4BFF7FA42FEE, 0, (t:0, i:0))
2024-06-06 03:46:47,066 [grpc-default-executor-1] INFO  impl.VoteContext (VoteContext.java:log(49)) - 5e18cff1-cfa8-44b4-8834-447d353e7c51@group-4BFF7FA42FEE-FOLLOWER: accept PRE_VOTE from f4c2b6b8-993f-476e-b2b0-0769277f8579: our priority 0 <= candidate's priority 1
2024-06-06 03:46:47,066 [grpc-default-executor-1] INFO  server.RaftServer$Division (RaftServerImpl.java:requestVote(1422)) - 5e18cff1-cfa8-44b4-8834-447d353e7c51@group-4BFF7FA42FEE replies to PRE_VOTE vote request: f4c2b6b8-993f-476e-b2b0-0769277f8579<-5e18cff1-cfa8-44b4-8834-447d353e7c51#0:OK-t0. Peer's state: 5e18cff1-cfa8-44b4-8834-447d353e7c51@group-4BFF7FA42FEE:t0, leader=null, voted=, raftlog=Memoized:5e18cff1-cfa8-44b4-8834-447d353e7c51@group-4BFF7FA42FEE-SegmentedRaftLog:OPENED:c-1, conf=-1: peers:[f4c2b6b8-993f-476e-b2b0-0769277f8579|127.0.0.1:15032, 8ce15023-a244-46a6-a4b0-50e62c01a133|127.0.0.1:15023, 5e18cff1-cfa8-44b4-8834-447d353e7c51|127.0.0.1:15014]|listeners:[], old=null
2024-06-06 03:46:47,067 [f4c2b6b8-993f-476e-b2b0-0769277f8579@group-4BFF7FA42FEE-LeaderElection6] INFO  impl.LeaderElection (LeaderElection.java:askForVotes(321)) - f4c2b6b8-993f-476e-b2b0-0769277f8579@group-4BFF7FA42FEE-LeaderElection6 ELECTION round 0: submit vote requests at term 1 for -1: peers:[f4c2b6b8-993f-476e-b2b0-0769277f8579|127.0.0.1:15032, 8ce15023-a244-46a6-a4b0-50e62c01a133|127.0.0.1:15023, 5e18cff1-cfa8-44b4-8834-447d353e7c51|127.0.0.1:15014]|listeners:[], old=null
2024-06-06 03:46:47,071 [f4c2b6b8-993f-476e-b2b0-0769277f8579@group-4BFF7FA42FEE-LeaderElection6] INFO  server.RaftServerConfigKeys (ConfUtils.java:logFallback(53)) - raft.server.rpc.first-election.timeout.min = 5s (fallback to raft.server.rpc.timeout.min)
2024-06-06 03:46:47,071 [f4c2b6b8-993f-476e-b2b0-0769277f8579@group-4BFF7FA42FEE-LeaderElection6] INFO  server.RaftServerConfigKeys (ConfUtils.java:logFallback(53)) - raft.server.rpc.first-election.timeout.max = 5200ms (fallback to raft.server.rpc.timeout.max)
2024-06-06 03:46:47,073 [grpc-default-executor-1] INFO  server.RaftServer$Division (RaftServerImpl.java:requestVote(1389)) - 8ce15023-a244-46a6-a4b0-50e62c01a133@group-4BFF7FA42FEE: receive requestVote(ELECTION, f4c2b6b8-993f-476e-b2b0-0769277f8579, group-4BFF7FA42FEE, 1, (t:0, i:0))
2024-06-06 03:46:47,073 [grpc-default-executor-1] INFO  impl.VoteContext (VoteContext.java:log(49)) - 8ce15023-a244-46a6-a4b0-50e62c01a133@group-4BFF7FA42FEE-FOLLOWER: accept ELECTION from f4c2b6b8-993f-476e-b2b0-0769277f8579: our priority 0 <= candidate's priority 1
2024-06-06 03:46:47,073 [grpc-default-executor-1] INFO  server.RaftServer$Division (RaftServerImpl.java:setRole(383)) - 8ce15023-a244-46a6-a4b0-50e62c01a133@group-4BFF7FA42FEE: changes role from  FOLLOWER to FOLLOWER at term 1 for candidate:f4c2b6b8-993f-476e-b2b0-0769277f8579
2024-06-06 03:46:47,073 [grpc-default-executor-1] INFO  impl.RoleInfo (RoleInfo.java:shutdownFollowerState(110)) - 8ce15023-a244-46a6-a4b0-50e62c01a133: shutdown 8ce15023-a244-46a6-a4b0-50e62c01a133@group-4BFF7FA42FEE-FollowerState
2024-06-06 03:46:47,073 [grpc-default-executor-1] INFO  impl.RoleInfo (RoleInfo.java:updateAndGet(139)) - 8ce15023-a244-46a6-a4b0-50e62c01a133: start 8ce15023-a244-46a6-a4b0-50e62c01a133@group-4BFF7FA42FEE-FollowerState
2024-06-06 03:46:47,073 [8ce15023-a244-46a6-a4b0-50e62c01a133@group-4BFF7FA42FEE-FollowerState] INFO  impl.FollowerState (FollowerState.java:run(152)) - 8ce15023-a244-46a6-a4b0-50e62c01a133@group-4BFF7FA42FEE-FollowerState was interrupted
2024-06-06 03:46:47,076 [grpc-default-executor-0] INFO  server.RaftServer$Division (RaftServerImpl.java:requestVote(1389)) - 5e18cff1-cfa8-44b4-8834-447d353e7c51@group-4BFF7FA42FEE: receive requestVote(ELECTION, f4c2b6b8-993f-476e-b2b0-0769277f8579, group-4BFF7FA42FEE, 1, (t:0, i:0))
2024-06-06 03:46:47,076 [grpc-default-executor-0] INFO  impl.VoteContext (VoteContext.java:log(49)) - 5e18cff1-cfa8-44b4-8834-447d353e7c51@group-4BFF7FA42FEE-FOLLOWER: accept ELECTION from f4c2b6b8-993f-476e-b2b0-0769277f8579: our priority 0 <= candidate's priority 1
2024-06-06 03:46:47,076 [grpc-default-executor-0] INFO  server.RaftServer$Division (RaftServerImpl.java:setRole(383)) - 5e18cff1-cfa8-44b4-8834-447d353e7c51@group-4BFF7FA42FEE: changes role from  FOLLOWER to FOLLOWER at term 1 for candidate:f4c2b6b8-993f-476e-b2b0-0769277f8579
2024-06-06 03:46:47,077 [grpc-default-executor-0] INFO  impl.RoleInfo (RoleInfo.java:shutdownFollowerState(110)) - 5e18cff1-cfa8-44b4-8834-447d353e7c51: shutdown 5e18cff1-cfa8-44b4-8834-447d353e7c51@group-4BFF7FA42FEE-FollowerState
2024-06-06 03:46:47,077 [grpc-default-executor-0] INFO  impl.RoleInfo (RoleInfo.java:updateAndGet(139)) - 5e18cff1-cfa8-44b4-8834-447d353e7c51: start 5e18cff1-cfa8-44b4-8834-447d353e7c51@group-4BFF7FA42FEE-FollowerState
2024-06-06 03:46:47,077 [5e18cff1-cfa8-44b4-8834-447d353e7c51@group-4BFF7FA42FEE-FollowerState] INFO  impl.FollowerState (FollowerState.java:run(152)) - 5e18cff1-cfa8-44b4-8834-447d353e7c51@group-4BFF7FA42FEE-FollowerState was interrupted
2024-06-06 03:46:47,080 [grpc-default-executor-1] INFO  server.RaftServer$Division (RaftServerImpl.java:setFirstElection(574)) - 8ce15023-a244-46a6-a4b0-50e62c01a133@group-4BFF7FA42FEE: set firstElectionSinceStartup to false for candidate:f4c2b6b8-993f-476e-b2b0-0769277f8579
2024-06-06 03:46:47,082 [grpc-default-executor-1] INFO  server.RaftServer$Division (RaftServerImpl.java:requestVote(1422)) - 8ce15023-a244-46a6-a4b0-50e62c01a133@group-4BFF7FA42FEE replies to ELECTION vote request: f4c2b6b8-993f-476e-b2b0-0769277f8579<-8ce15023-a244-46a6-a4b0-50e62c01a133#0:OK-t1. Peer's state: 8ce15023-a244-46a6-a4b0-50e62c01a133@group-4BFF7FA42FEE:t1, leader=null, voted=f4c2b6b8-993f-476e-b2b0-0769277f8579, raftlog=Memoized:8ce15023-a244-46a6-a4b0-50e62c01a133@group-4BFF7FA42FEE-SegmentedRaftLog:OPENED:c-1, conf=-1: peers:[f4c2b6b8-993f-476e-b2b0-0769277f8579|127.0.0.1:15032, 8ce15023-a244-46a6-a4b0-50e62c01a133|127.0.0.1:15023, 5e18cff1-cfa8-44b4-8834-447d353e7c51|127.0.0.1:15014]|listeners:[], old=null
2024-06-06 03:46:47,083 [f4c2b6b8-993f-476e-b2b0-0769277f8579@group-4BFF7FA42FEE-LeaderElection6] INFO  impl.LeaderElection (LeaderElection.java:logAndReturn(89)) - f4c2b6b8-993f-476e-b2b0-0769277f8579@group-4BFF7FA42FEE-LeaderElection6: ELECTION PASSED received 1 response(s) and 0 exception(s):
2024-06-06 03:46:47,083 [f4c2b6b8-993f-476e-b2b0-0769277f8579@group-4BFF7FA42FEE-LeaderElection6] INFO  impl.LeaderElection (LeaderElection.java:logAndReturn(93)) -   Response 0: f4c2b6b8-993f-476e-b2b0-0769277f8579<-8ce15023-a244-46a6-a4b0-50e62c01a133#0:OK-t1
2024-06-06 03:46:47,083 [f4c2b6b8-993f-476e-b2b0-0769277f8579@group-4BFF7FA42FEE-LeaderElection6] INFO  impl.LeaderElection (LeaderElection.java:askForVotes(323)) - f4c2b6b8-993f-476e-b2b0-0769277f8579@group-4BFF7FA42FEE-LeaderElection6 ELECTION round 0: result PASSED
2024-06-06 03:46:47,083 [f4c2b6b8-993f-476e-b2b0-0769277f8579@group-4BFF7FA42FEE-LeaderElection6] INFO  impl.RoleInfo (RoleInfo.java:shutdownLeaderElection(130)) - f4c2b6b8-993f-476e-b2b0-0769277f8579: shutdown f4c2b6b8-993f-476e-b2b0-0769277f8579@group-4BFF7FA42FEE-LeaderElection6
2024-06-06 03:46:47,083 [f4c2b6b8-993f-476e-b2b0-0769277f8579@group-4BFF7FA42FEE-LeaderElection6] INFO  server.RaftServer$Division (RaftServerImpl.java:setRole(383)) - f4c2b6b8-993f-476e-b2b0-0769277f8579@group-4BFF7FA42FEE: changes role from CANDIDATE to LEADER at term 1 for changeToLeader
2024-06-06 03:46:47,083 [f4c2b6b8-993f-476e-b2b0-0769277f8579@group-4BFF7FA42FEE-LeaderElection6] INFO  server.RaftServerConfigKeys (ConfUtils.java:logGet(46)) - raft.server.staging.catchup.gap = 1000 (default)
2024-06-06 03:46:47,084 [f4c2b6b8-993f-476e-b2b0-0769277f8579@group-4BFF7FA42FEE-LeaderElection6] INFO  server.RaftServerConfigKeys (ConfUtils.java:logGet(46)) - raft.server.write.element-limit = 1024 (custom)
2024-06-06 03:46:47,084 [f4c2b6b8-993f-476e-b2b0-0769277f8579@group-4BFF7FA42FEE-LeaderElection6] INFO  server.RaftServerConfigKeys (ConfUtils.java:logGet(46)) - raft.server.write.byte-limit = 1024 M (=1073741824) (custom)
2024-06-06 03:46:47,084 [f4c2b6b8-993f-476e-b2b0-0769277f8579@group-4BFF7FA42FEE-LeaderElection6] INFO  server.RaftServerConfigKeys (ConfUtils.java:logGet(46)) - raft.server.watch.timeout = 30s (custom)
2024-06-06 03:46:47,084 [f4c2b6b8-993f-476e-b2b0-0769277f8579@group-4BFF7FA42FEE-LeaderElection6] INFO  server.RaftServerConfigKeys (ConfUtils.java:logGet(46)) - raft.server.watch.timeout.denomination = 1s (default)
2024-06-06 03:46:47,084 [f4c2b6b8-993f-476e-b2b0-0769277f8579@group-4BFF7FA42FEE-LeaderElection6] INFO  server.RaftServerConfigKeys (ConfUtils.java:logGet(46)) - raft.server.watch.element-limit = 65536 (default)
2024-06-06 03:46:47,084 [f4c2b6b8-993f-476e-b2b0-0769277f8579@group-4BFF7FA42FEE-LeaderElection6] INFO  server.RaftServerConfigKeys (ConfUtils.java:logGet(46)) - raft.server.read.leader.lease.enabled = false (default)
2024-06-06 03:46:47,084 [f4c2b6b8-993f-476e-b2b0-0769277f8579@group-4BFF7FA42FEE-LeaderElection6] INFO  server.RaftServerConfigKeys (ConfUtils.java:logGet(46)) - raft.server.read.leader.lease.timeout.ratio = 0.9 (default)
2024-06-06 03:46:47,085 [f4c2b6b8-993f-476e-b2b0-0769277f8579@group-4BFF7FA42FEE-LeaderElection6] INFO  server.RaftServerConfigKeys (ConfUtils.java:logGet(46)) - raft.server.rpc.timeout.min = 5s (custom)
2024-06-06 03:46:47,085 [f4c2b6b8-993f-476e-b2b0-0769277f8579@group-4BFF7FA42FEE-LeaderElection6] INFO  server.RaftServerConfigKeys (ConfUtils.java:logGet(46)) - raft.server.write.element-limit = 1024 (custom)
2024-06-06 03:46:47,085 [f4c2b6b8-993f-476e-b2b0-0769277f8579@group-4BFF7FA42FEE-LeaderElection6] INFO  server.RaftServerConfigKeys (ConfUtils.java:logGet(46)) - raft.server.write.follower.gap.ratio.max = -1.0 (default)
2024-06-06 03:46:47,085 [f4c2b6b8-993f-476e-b2b0-0769277f8579@group-4BFF7FA42FEE-LeaderElection6] INFO  server.RaftServerConfigKeys (ConfUtils.java:logGet(46)) - raft.server.log.appender.snapshot.chunk.size.max = 16MB (=16777216) (default)
2024-06-06 03:46:47,085 [f4c2b6b8-993f-476e-b2b0-0769277f8579@group-4BFF7FA42FEE-LeaderElection6] INFO  server.RaftServerConfigKeys (ConfUtils.java:logGet(46)) - raft.server.log.appender.buffer.byte-limit = 8388608 (custom)
2024-06-06 03:46:47,085 [f4c2b6b8-993f-476e-b2b0-0769277f8579@group-4BFF7FA42FEE-LeaderElection6] INFO  server.RaftServerConfigKeys (ConfUtils.java:logGet(46)) - raft.server.log.appender.buffer.element-limit = 1024 (custom)
2024-06-06 03:46:47,086 [f4c2b6b8-993f-476e-b2b0-0769277f8579@group-4BFF7FA42FEE-LeaderElection6] INFO  server.RaftServerConfigKeys (ConfUtils.java:logGet(46)) - raft.server.log.appender.wait-time.min = 0μs (custom)
2024-06-06 03:46:47,086 [f4c2b6b8-993f-476e-b2b0-0769277f8579@group-4BFF7FA42FEE-LeaderElection6] INFO  grpc.GrpcConfigKeys (ConfUtils.java:logGet(46)) - raft.grpc.server.leader.outstanding.appends.max = 8 (default)
2024-06-06 03:46:47,086 [f4c2b6b8-993f-476e-b2b0-0769277f8579@group-4BFF7FA42FEE-LeaderElection6] INFO  server.RaftServerConfigKeys (ConfUtils.java:logGet(46)) - raft.server.rpc.request.timeout = 60s (custom)
2024-06-06 03:46:47,086 [f4c2b6b8-993f-476e-b2b0-0769277f8579@group-4BFF7FA42FEE-LeaderElection6] INFO  grpc.GrpcConfigKeys (ConfUtils.java:logGet(46)) - raft.grpc.server.install_snapshot.request.element-limit = 8 (default)
2024-06-06 03:46:47,086 [f4c2b6b8-993f-476e-b2b0-0769277f8579@group-4BFF7FA42FEE-LeaderElection6] INFO  grpc.GrpcConfigKeys (ConfUtils.java:logGet(46)) - raft.grpc.server.install_snapshot.request.timeout = 3000ms (default)
2024-06-06 03:46:47,086 [f4c2b6b8-993f-476e-b2b0-0769277f8579@group-4BFF7FA42FEE-LeaderElection6] INFO  grpc.GrpcConfigKeys (ConfUtils.java:logGet(46)) - raft.grpc.server.log-message.batch.duration = 5s (default)
2024-06-06 03:46:47,086 [f4c2b6b8-993f-476e-b2b0-0769277f8579@group-4BFF7FA42FEE-LeaderElection6] INFO  server.RaftServerConfigKeys (ConfUtils.java:logGet(46)) - raft.server.log.appender.install.snapshot.enabled = false (custom)
2024-06-06 03:46:47,086 [f4c2b6b8-993f-476e-b2b0-0769277f8579@group-4BFF7FA42FEE-LeaderElection6] INFO  grpc.GrpcConfigKeys (ConfUtils.java:logGet(46)) - raft.grpc.server.heartbeat.channel = true (default)
2024-06-06 03:46:47,088 [f4c2b6b8-993f-476e-b2b0-0769277f8579@group-4BFF7FA42FEE-LeaderElection6] INFO  server.RaftServerConfigKeys (ConfUtils.java:logGet(46)) - raft.server.log.appender.snapshot.chunk.size.max = 16MB (=16777216) (default)
2024-06-06 03:46:47,088 [f4c2b6b8-993f-476e-b2b0-0769277f8579@group-4BFF7FA42FEE-LeaderElection6] INFO  server.RaftServerConfigKeys (ConfUtils.java:logGet(46)) - raft.server.log.appender.buffer.byte-limit = 8388608 (custom)
2024-06-06 03:46:47,088 [f4c2b6b8-993f-476e-b2b0-0769277f8579@group-4BFF7FA42FEE-LeaderElection6] INFO  server.RaftServerConfigKeys (ConfUtils.java:logGet(46)) - raft.server.log.appender.buffer.element-limit = 1024 (custom)
2024-06-06 03:46:47,088 [f4c2b6b8-993f-476e-b2b0-0769277f8579@group-4BFF7FA42FEE-LeaderElection6] INFO  server.RaftServerConfigKeys (ConfUtils.java:logGet(46)) - raft.server.log.appender.wait-time.min = 0μs (custom)
2024-06-06 03:46:47,088 [f4c2b6b8-993f-476e-b2b0-0769277f8579@group-4BFF7FA42FEE-LeaderElection6] INFO  grpc.GrpcConfigKeys (ConfUtils.java:logGet(46)) - raft.grpc.server.leader.outstanding.appends.max = 8 (default)
2024-06-06 03:46:47,088 [f4c2b6b8-993f-476e-b2b0-0769277f8579@group-4BFF7FA42FEE-LeaderElection6] INFO  server.RaftServerConfigKeys (ConfUtils.java:logGet(46)) - raft.server.rpc.request.timeout = 60s (custom)
2024-06-06 03:46:47,089 [f4c2b6b8-993f-476e-b2b0-0769277f8579@group-4BFF7FA42FEE-LeaderElection6] INFO  grpc.GrpcConfigKeys (ConfUtils.java:logGet(46)) - raft.grpc.server.install_snapshot.request.element-limit = 8 (default)
2024-06-06 03:46:47,089 [f4c2b6b8-993f-476e-b2b0-0769277f8579@group-4BFF7FA42FEE-LeaderElection6] INFO  grpc.GrpcConfigKeys (ConfUtils.java:logGet(46)) - raft.grpc.server.install_snapshot.request.timeout = 3000ms (default)
2024-06-06 03:46:47,089 [f4c2b6b8-993f-476e-b2b0-0769277f8579@group-4BFF7FA42FEE-LeaderElection6] INFO  grpc.GrpcConfigKeys (ConfUtils.java:logGet(46)) - raft.grpc.server.log-message.batch.duration = 5s (default)
2024-06-06 03:46:47,089 [f4c2b6b8-993f-476e-b2b0-0769277f8579@group-4BFF7FA42FEE-LeaderElection6] INFO  server.RaftServerConfigKeys (ConfUtils.java:logGet(46)) - raft.server.log.appender.install.snapshot.enabled = false (custom)
2024-06-06 03:46:47,089 [f4c2b6b8-993f-476e-b2b0-0769277f8579@group-4BFF7FA42FEE-LeaderElection6] INFO  grpc.GrpcConfigKeys (ConfUtils.java:logGet(46)) - raft.grpc.server.heartbeat.channel = true (default)
2024-06-06 03:46:47,089 [f4c2b6b8-993f-476e-b2b0-0769277f8579@group-4BFF7FA42FEE-LeaderElection6] INFO  impl.RoleInfo (RoleInfo.java:updateAndGet(139)) - f4c2b6b8-993f-476e-b2b0-0769277f8579: start f4c2b6b8-993f-476e-b2b0-0769277f8579@group-4BFF7FA42FEE-LeaderStateImpl
2024-06-06 03:46:47,089 [f4c2b6b8-993f-476e-b2b0-0769277f8579@group-4BFF7FA42FEE-LeaderElection6] INFO  server.RaftServer$Division (RaftServerImpl.java:setFirstElection(574)) - f4c2b6b8-993f-476e-b2b0-0769277f8579@group-4BFF7FA42FEE: set firstElectionSinceStartup to false for becomeLeader
2024-06-06 03:46:47,089 [f4c2b6b8-993f-476e-b2b0-0769277f8579@group-4BFF7FA42FEE-LeaderElection6] INFO  ratis.XceiverServerRatis (XceiverServerRatis.java:handleLeaderChangedNotification(966)) - Leader change notification received for group: group-4BFF7FA42FEE with new leaderId: f4c2b6b8-993f-476e-b2b0-0769277f8579
2024-06-06 03:46:47,089 [f4c2b6b8-993f-476e-b2b0-0769277f8579@group-4BFF7FA42FEE-LeaderElection6] INFO  server.RaftServer$Division (ServerState.java:setLeader(269)) - f4c2b6b8-993f-476e-b2b0-0769277f8579@group-4BFF7FA42FEE: change Leader from null to f4c2b6b8-993f-476e-b2b0-0769277f8579 at term 1 for becomeLeader, leader elected after 5166ms
2024-06-06 03:46:47,090 [f4c2b6b8-993f-476e-b2b0-0769277f8579@group-4BFF7FA42FEE-LeaderElection6] INFO  segmented.SegmentedRaftLogWorker (SegmentedRaftLogWorker.java:startLogSegment(430)) - f4c2b6b8-993f-476e-b2b0-0769277f8579@group-4BFF7FA42FEE-SegmentedRaftLogWorker: Starting segment from index:0
2024-06-06 03:46:47,090 [f4c2b6b8-993f-476e-b2b0-0769277f8579@group-4BFF7FA42FEE-SegmentedRaftLogWorker] INFO  segmented.BufferedWriteChannel (BufferedWriteChannel.java:open(62)) - open log_inprogress_0 at position 0
2024-06-06 03:46:47,092 [grpc-default-executor-0] INFO  server.RaftServer$Division (RaftServerImpl.java:setFirstElection(574)) - 5e18cff1-cfa8-44b4-8834-447d353e7c51@group-4BFF7FA42FEE: set firstElectionSinceStartup to false for candidate:f4c2b6b8-993f-476e-b2b0-0769277f8579
2024-06-06 03:46:47,094 [grpc-default-executor-0] INFO  server.RaftServer$Division (RaftServerImpl.java:requestVote(1422)) - 5e18cff1-cfa8-44b4-8834-447d353e7c51@group-4BFF7FA42FEE replies to ELECTION vote request: f4c2b6b8-993f-476e-b2b0-0769277f8579<-5e18cff1-cfa8-44b4-8834-447d353e7c51#0:OK-t1. Peer's state: 5e18cff1-cfa8-44b4-8834-447d353e7c51@group-4BFF7FA42FEE:t1, leader=null, voted=f4c2b6b8-993f-476e-b2b0-0769277f8579, raftlog=Memoized:5e18cff1-cfa8-44b4-8834-447d353e7c51@group-4BFF7FA42FEE-SegmentedRaftLog:OPENED:c-1, conf=-1: peers:[f4c2b6b8-993f-476e-b2b0-0769277f8579|127.0.0.1:15032, 8ce15023-a244-46a6-a4b0-50e62c01a133|127.0.0.1:15023, 5e18cff1-cfa8-44b4-8834-447d353e7c51|127.0.0.1:15014]|listeners:[], old=null
2024-06-06 03:46:47,094 [EventQueue-PipelineReportForPipelineReportHandler] INFO  pipeline.PipelineReportHandler (PipelineReportHandler.java:processPipelineReport(136)) - Opened pipeline PipelineID=c8cee687-6e6e-4e4b-89f1-4bff7fa42fee
2024-06-06 03:46:47,096 [f4c2b6b8-993f-476e-b2b0-0769277f8579@group-4BFF7FA42FEE-LeaderElection6] INFO  server.RaftServer$Division (ServerState.java:setRaftConf(386)) - f4c2b6b8-993f-476e-b2b0-0769277f8579@group-4BFF7FA42FEE: set configuration 0: peers:[f4c2b6b8-993f-476e-b2b0-0769277f8579|127.0.0.1:15032, 8ce15023-a244-46a6-a4b0-50e62c01a133|127.0.0.1:15023, 5e18cff1-cfa8-44b4-8834-447d353e7c51|127.0.0.1:15014]|listeners:[], old=null
2024-06-06 03:46:47,099 [f4c2b6b8-993f-476e-b2b0-0769277f8579@group-4BFF7FA42FEE-SegmentedRaftLogWorker] INFO  segmented.SegmentedRaftLogWorker (SegmentedRaftLogWorker.java:execute(634)) - f4c2b6b8-993f-476e-b2b0-0769277f8579@group-4BFF7FA42FEE-SegmentedRaftLogWorker: created new log segment /home/runner/work/ozone/ozone/hadoop-ozone/integration-test/target/test-dir/MiniOzoneClusterImpl-9b8c67d1-9dc3-4dee-b61a-2e100565025d/ozone-meta/datanode-3/ratis/c8cee687-6e6e-4e4b-89f1-4bff7fa42fee/current/log_inprogress_0
2024-06-06 03:46:47,116 [8ce15023-a244-46a6-a4b0-50e62c01a133-server-thread1] INFO  ratis.XceiverServerRatis (XceiverServerRatis.java:handleLeaderChangedNotification(966)) - Leader change notification received for group: group-4BFF7FA42FEE with new leaderId: f4c2b6b8-993f-476e-b2b0-0769277f8579
2024-06-06 03:46:47,116 [5e18cff1-cfa8-44b4-8834-447d353e7c51-server-thread1] INFO  ratis.XceiverServerRatis (XceiverServerRatis.java:handleLeaderChangedNotification(966)) - Leader change notification received for group: group-4BFF7FA42FEE with new leaderId: f4c2b6b8-993f-476e-b2b0-0769277f8579
2024-06-06 03:46:47,116 [8ce15023-a244-46a6-a4b0-50e62c01a133-server-thread1] INFO  server.RaftServer$Division (ServerState.java:setLeader(269)) - 8ce15023-a244-46a6-a4b0-50e62c01a133@group-4BFF7FA42FEE: change Leader from null to f4c2b6b8-993f-476e-b2b0-0769277f8579 at term 1 for appendEntries, leader elected after 5210ms
2024-06-06 03:46:47,116 [5e18cff1-cfa8-44b4-8834-447d353e7c51-server-thread1] INFO  server.RaftServer$Division (ServerState.java:setLeader(269)) - 5e18cff1-cfa8-44b4-8834-447d353e7c51@group-4BFF7FA42FEE: change Leader from null to f4c2b6b8-993f-476e-b2b0-0769277f8579 at term 1 for appendEntries, leader elected after 5205ms
2024-06-06 03:46:47,126 [8ce15023-a244-46a6-a4b0-50e62c01a133-server-thread2] INFO  server.RaftServer$Division (ServerState.java:setRaftConf(386)) - 8ce15023-a244-46a6-a4b0-50e62c01a133@group-4BFF7FA42FEE: set configuration 0: peers:[f4c2b6b8-993f-476e-b2b0-0769277f8579|127.0.0.1:15032, 8ce15023-a244-46a6-a4b0-50e62c01a133|127.0.0.1:15023, 5e18cff1-cfa8-44b4-8834-447d353e7c51|127.0.0.1:15014]|listeners:[], old=null
2024-06-06 03:46:47,127 [8ce15023-a244-46a6-a4b0-50e62c01a133-server-thread2] INFO  segmented.SegmentedRaftLogWorker (SegmentedRaftLogWorker.java:startLogSegment(430)) - 8ce15023-a244-46a6-a4b0-50e62c01a133@group-4BFF7FA42FEE-SegmentedRaftLogWorker: Starting segment from index:0
2024-06-06 03:46:47,127 [8ce15023-a244-46a6-a4b0-50e62c01a133@group-4BFF7FA42FEE-SegmentedRaftLogWorker] INFO  segmented.BufferedWriteChannel (BufferedWriteChannel.java:open(62)) - open log_inprogress_0 at position 0
2024-06-06 03:46:47,134 [8ce15023-a244-46a6-a4b0-50e62c01a133@group-4BFF7FA42FEE-SegmentedRaftLogWorker] INFO  segmented.SegmentedRaftLogWorker (SegmentedRaftLogWorker.java:execute(634)) - 8ce15023-a244-46a6-a4b0-50e62c01a133@group-4BFF7FA42FEE-SegmentedRaftLogWorker: created new log segment /home/runner/work/ozone/ozone/hadoop-ozone/integration-test/target/test-dir/MiniOzoneClusterImpl-9b8c67d1-9dc3-4dee-b61a-2e100565025d/ozone-meta/datanode-2/ratis/c8cee687-6e6e-4e4b-89f1-4bff7fa42fee/current/log_inprogress_0
2024-06-06 03:46:47,137 [5e18cff1-cfa8-44b4-8834-447d353e7c51-server-thread2] INFO  server.RaftServer$Division (ServerState.java:setRaftConf(386)) - 5e18cff1-cfa8-44b4-8834-447d353e7c51@group-4BFF7FA42FEE: set configuration 0: peers:[f4c2b6b8-993f-476e-b2b0-0769277f8579|127.0.0.1:15032, 8ce15023-a244-46a6-a4b0-50e62c01a133|127.0.0.1:15023, 5e18cff1-cfa8-44b4-8834-447d353e7c51|127.0.0.1:15014]|listeners:[], old=null
2024-06-06 03:46:47,137 [5e18cff1-cfa8-44b4-8834-447d353e7c51-server-thread2] INFO  segmented.SegmentedRaftLogWorker (SegmentedRaftLogWorker.java:startLogSegment(430)) - 5e18cff1-cfa8-44b4-8834-447d353e7c51@group-4BFF7FA42FEE-SegmentedRaftLogWorker: Starting segment from index:0
2024-06-06 03:46:47,138 [5e18cff1-cfa8-44b4-8834-447d353e7c51@group-4BFF7FA42FEE-SegmentedRaftLogWorker] INFO  segmented.BufferedWriteChannel (BufferedWriteChannel.java:open(62)) - open log_inprogress_0 at position 0
2024-06-06 03:46:47,138 [f4c2b6b8-993f-476e-b2b0-0769277f8579@group-4BFF7FA42FEE-StateMachineUpdater] INFO  server.RaftServer$Division (LeaderStateImpl.java:isApplied(320)) - leader is ready since appliedIndex == 0 >= startIndex == 0
2024-06-06 03:46:47,146 [5e18cff1-cfa8-44b4-8834-447d353e7c51@group-4BFF7FA42FEE-SegmentedRaftLogWorker] INFO  segmented.SegmentedRaftLogWorker (SegmentedRaftLogWorker.java:execute(634)) - 5e18cff1-cfa8-44b4-8834-447d353e7c51@group-4BFF7FA42FEE-SegmentedRaftLogWorker: created new log segment /home/runner/work/ozone/ozone/hadoop-ozone/integration-test/target/test-dir/MiniOzoneClusterImpl-9b8c67d1-9dc3-4dee-b61a-2e100565025d/ozone-meta/datanode-1/ratis/c8cee687-6e6e-4e4b-89f1-4bff7fa42fee/current/log_inprogress_0
2024-06-06 03:46:47,252 [IPC Server handler 11 on default port 15001] INFO  ha.SequenceIdGenerator (SequenceIdGenerator.java:getNextId(145)) - Allocate a batch for containerId, change lastId from 0 to 1000.
2024-06-06 03:46:47,259 [IPC Server handler 11 on default port 15001] WARN  ha.SequenceIdGenerator (SequenceIdGenerator.java:allocateBatch(258)) - Failed to allocate a batch for localId, expected lastId is 0, actual lastId is 113750153625600000.
2024-06-06 03:46:47,259 [IPC Server handler 11 on default port 15001] INFO  ha.SequenceIdGenerator (SequenceIdGenerator.java:getNextId(145)) - Allocate a batch for localId, change lastId from 113750153625600000 to 113750153625601000.
2024-06-06 03:46:47,306 [main] INFO  impl.MetricsSystemImpl (MetricsSystemImpl.java:init(158)) - XceiverClientMetrics metrics system started (again)
2024-06-06 03:46:48,092 [main] INFO  snapshot.TestSnapshotDirectoryCleaningService (TestSnapshotDirectoryCleaningService.java:lambda$assertTableRowCount$3(263)) - fileTable actual row count=14, expectedCount=14
2024-06-06 03:46:48,094 [main] INFO  snapshot.TestSnapshotDirectoryCleaningService (TestSnapshotDirectoryCleaningService.java:lambda$assertTableRowCount$3(263)) - directoryTable actual row count=13, expectedCount=13
2024-06-06 03:46:48,120 [om1-OMStateMachineApplyTransactionThread - 0] WARN  snapshot.OMSnapshotCreateRequest (OMSnapshotCreateRequest.java:estimateBucketDataSize(337)) - DefaultReplicationConfig is not correctly set in OmBucketInfo for volume 'volume78881' bucket 'bucket76044'. Falling back to config default 'RATIS/THREE'
2024-06-06 03:46:48,123 [om1-OMStateMachineApplyTransactionThread - 0] INFO  snapshot.OMSnapshotCreateRequest (OMSnapshotCreateRequest.java:validateAndUpdateCache(218)) - Created snapshot: 'snap1' with snapshotId: '51929583-e986-40d4-b9af-0e7d73a9481b' under path 'volume78881/bucket76044'
2024-06-06 03:46:48,160 [om1-OMDoubleBufferFlushThread] INFO  db.RDBCheckpointManager (RDBCheckpointManager.java:createCheckpoint(89)) - Created checkpoint in rocksDB at /home/runner/work/ozone/ozone/hadoop-ozone/integration-test/target/test-dir/MiniOzoneClusterImpl-9b8c67d1-9dc3-4dee-b61a-2e100565025d/ozone-meta/db.snapshots/checkpointState/om.db-51929583-e986-40d4-b9af-0e7d73a9481b in 35 milliseconds
2024-06-06 03:46:48,163 [om1-OMDoubleBufferFlushThread] INFO  om.OmSnapshotManager (OmSnapshotManager.java:createOmSnapshotCheckpoint(499)) - Created checkpoint : /home/runner/work/ozone/ozone/hadoop-ozone/integration-test/target/test-dir/MiniOzoneClusterImpl-9b8c67d1-9dc3-4dee-b61a-2e100565025d/ozone-meta/db.snapshots/checkpointState/om.db-51929583-e986-40d4-b9af-0e7d73a9481b for snapshot snap1
2024-06-06 03:46:48,706 [main] INFO  snapshot.TestSnapshotDirectoryCleaningService (TestSnapshotDirectoryCleaningService.java:lambda$assertTableRowCount$3(263)) - deletedDirectoryTable actual row count=0, expectedCount=0
2024-06-06 03:46:48,711 [main] INFO  snapshot.TestSnapshotDirectoryCleaningService (TestSnapshotDirectoryCleaningService.java:lambda$assertTableRowCount$3(263)) - fileTable actual row count=34, expectedCount=34
2024-06-06 03:46:48,713 [main] INFO  snapshot.TestSnapshotDirectoryCleaningService (TestSnapshotDirectoryCleaningService.java:lambda$assertTableRowCount$3(263)) - directoryTable actual row count=13, expectedCount=13
2024-06-06 03:46:48,724 [main] INFO  snapshot.TestSnapshotDirectoryCleaningService (TestSnapshotDirectoryCleaningService.java:lambda$assertTableRowCount$3(263)) - deletedDirectoryTable actual row count=1, expectedCount=1
2024-06-06 03:46:48,741 [om1-OMStateMachineApplyTransactionThread - 0] WARN  snapshot.OMSnapshotCreateRequest (OMSnapshotCreateRequest.java:estimateBucketDataSize(337)) - DefaultReplicationConfig is not correctly set in OmBucketInfo for volume 'volume78881' bucket 'bucket76044'. Falling back to config default 'RATIS/THREE'
2024-06-06 03:46:48,741 [om1-OMStateMachineApplyTransactionThread - 0] INFO  snapshot.OMSnapshotCreateRequest (OMSnapshotCreateRequest.java:validateAndUpdateCache(218)) - Created snapshot: 'snap2' with snapshotId: '8f549c0b-0937-4d5c-940c-d14d0744b6dc' under path 'volume78881/bucket76044'
2024-06-06 03:46:48,773 [om1-OMDoubleBufferFlushThread] INFO  db.RDBCheckpointManager (RDBCheckpointManager.java:createCheckpoint(89)) - Created checkpoint in rocksDB at /home/runner/work/ozone/ozone/hadoop-ozone/integration-test/target/test-dir/MiniOzoneClusterImpl-9b8c67d1-9dc3-4dee-b61a-2e100565025d/ozone-meta/db.snapshots/checkpointState/om.db-8f549c0b-0937-4d5c-940c-d14d0744b6dc in 30 milliseconds
2024-06-06 03:46:48,775 [om1-OMDoubleBufferFlushThread] WARN  om.OmSnapshotManager (OmSnapshotManager.java:performOperationOnKeys(566)) - Took 553000 ns to find endKey. Caller is deleteKeysFromDelDirTableInSnapshotScope
2024-06-06 03:46:48,775 [om1-OMDoubleBufferFlushThread] INFO  om.OmSnapshotManager (OmSnapshotManager.java:createOmSnapshotCheckpoint(499)) - Created checkpoint : /home/runner/work/ozone/ozone/hadoop-ozone/integration-test/target/test-dir/MiniOzoneClusterImpl-9b8c67d1-9dc3-4dee-b61a-2e100565025d/ozone-meta/db.snapshots/checkpointState/om.db-8f549c0b-0937-4d5c-940c-d14d0744b6dc for snapshot snap2
2024-06-06 03:46:48,791 [om1-KeyDeletingService#0] INFO  snapshot.SnapshotCache (SnapshotCache.java:lambda$2(156)) - Loading SnapshotId: '8f549c0b-0937-4d5c-940c-d14d0744b6dc'
2024-06-06 03:46:48,792 [om1-KeyDeletingService#0] WARN  server.ServerUtils (ServerUtils.java:getDBPath(299)) - ozone.om.db.dirs is not configured. We recommend adding this setting. Falling back to ozone.metadata.dirs instead.
2024-06-06 03:46:48,795 [om1-KeyDeletingService#0] INFO  helpers.OmKeyInfo (OmKeyInfo.java:getCodec(72)) - OmKeyInfo.getCodec ignorePipeline = true
2024-06-06 03:46:48,797 [main] INFO  snapshot.TestSnapshotDirectoryCleaningService (TestSnapshotDirectoryCleaningService.java:lambda$assertTableRowCount$3(263)) - deletedTable actual row count=10, expectedCount=10
2024-06-06 03:46:48,800 [om1-SnapshotDirectoryCleaningService#0] INFO  snapshot.SnapshotCache (SnapshotCache.java:lambda$2(156)) - Loading SnapshotId: '51929583-e986-40d4-b9af-0e7d73a9481b'
2024-06-06 03:46:48,801 [om1-SnapshotDirectoryCleaningService#0] WARN  server.ServerUtils (ServerUtils.java:getDBPath(299)) - ozone.om.db.dirs is not configured. We recommend adding this setting. Falling back to ozone.metadata.dirs instead.
2024-06-06 03:46:48,801 [om1-SnapshotDirectoryCleaningService#0] INFO  helpers.OmKeyInfo (OmKeyInfo.java:getCodec(72)) - OmKeyInfo.getCodec ignorePipeline = true
2024-06-06 03:46:48,815 [om1-OMStateMachineApplyTransactionThread - 0] WARN  snapshot.OMSnapshotCreateRequest (OMSnapshotCreateRequest.java:estimateBucketDataSize(337)) - DefaultReplicationConfig is not correctly set in OmBucketInfo for volume 'volume78881' bucket 'bucket76044'. Falling back to config default 'RATIS/THREE'
2024-06-06 03:46:48,815 [om1-OMStateMachineApplyTransactionThread - 0] INFO  snapshot.OMSnapshotCreateRequest (OMSnapshotCreateRequest.java:validateAndUpdateCache(218)) - Created snapshot: 'snap3' with snapshotId: '6579ca5f-27f5-4f82-aa04-bc8c57155f0b' under path 'volume78881/bucket76044'
2024-06-06 03:46:48,861 [om1-SnapshotDirectoryCleaningService#0] INFO  audit.AuditLogger (AuditLogger.java:refreshDebugCmdSet(135)) - Refresh DebugCmdSet for OMAudit to [].
2024-06-06 03:46:48,865 [om1-KeyDeletingService#0] INFO  snapshot.SnapshotCache (SnapshotCache.java:lambda$2(156)) - Loading SnapshotId: '6579ca5f-27f5-4f82-aa04-bc8c57155f0b'
2024-06-06 03:46:48,865 [om1-KeyDeletingService#0] WARN  server.ServerUtils (ServerUtils.java:getDBPath(299)) - ozone.om.db.dirs is not configured. We recommend adding this setting. Falling back to ozone.metadata.dirs instead.
2024-06-06 03:46:48,870 [om1-OMStateMachineApplyTransactionThread - 0] INFO  snapshot.OMSnapshotSetPropertyRequest (OMSnapshotSetPropertyRequest.java:validateAndUpdateCache(123)) - Successfully executed snapshotSetPropertyRequest: {snapshotKey: "/volume78881/bucket76044/snap1"
deepCleanedDeletedDir: true
}.
2024-06-06 03:46:48,883 [IPC Server handler 16 on default port 15001] INFO  ha.SequenceIdGenerator (SequenceIdGenerator.java:getNextId(145)) - Allocate a batch for delTxnId, change lastId from 0 to 1000.
2024-06-06 03:46:48,926 [om1-OMStateMachineApplyTransactionThread - 0] INFO  snapshot.OMSnapshotSetPropertyRequest (OMSnapshotSetPropertyRequest.java:validateAndUpdateCache(123)) - Successfully executed snapshotSetPropertyRequest: {snapshotKey: "/volume78881/bucket76044/snap2"
deepCleanedDeletedDir: true
}.
2024-06-06 03:46:48,928 [om1-OMStateMachineApplyTransactionThread - 0] INFO  snapshot.OMSnapshotSetPropertyRequest (OMSnapshotSetPropertyRequest.java:validateAndUpdateCache(123)) - Successfully executed snapshotSetPropertyRequest: {snapshotKey: "/volume78881/bucket76044/snap1"
snapshotSize {
  exclusiveSize: 3
  exclusiveReplicatedSize: 9
}
}.
2024-06-06 03:46:51,302 [om1-OMStateMachineApplyTransactionThread - 0] INFO  snapshot.OMSnapshotSetPropertyRequest (OMSnapshotSetPropertyRequest.java:validateAndUpdateCache(123)) - Successfully executed snapshotSetPropertyRequest: {snapshotKey: "/volume78881/bucket76044/snap1"
deepCleanedDeletedDir: true
}.
2024-06-06 03:46:51,341 [om1-OMStateMachineApplyTransactionThread - 0] INFO  snapshot.OMSnapshotSetPropertyRequest (OMSnapshotSetPropertyRequest.java:validateAndUpdateCache(123)) - Successfully executed snapshotSetPropertyRequest: {snapshotKey: "/volume78881/bucket76044/snap2"
deepCleanedDeletedDir: true
}.
2024-06-06 03:46:51,343 [om1-OMStateMachineApplyTransactionThread - 0] INFO  snapshot.OMSnapshotSetPropertyRequest (OMSnapshotSetPropertyRequest.java:validateAndUpdateCache(123)) - Successfully executed snapshotSetPropertyRequest: {snapshotKey: "/volume78881/bucket76044/snap1"
snapshotSize {
  exclusiveSize: 3
  exclusiveReplicatedSize: 9
}
}.
2024-06-06 03:46:53,802 [om1-OMStateMachineApplyTransactionThread - 0] INFO  snapshot.OMSnapshotSetPropertyRequest (OMSnapshotSetPropertyRequest.java:validateAndUpdateCache(123)) - Successfully executed snapshotSetPropertyRequest: {snapshotKey: "/volume78881/bucket76044/snap1"
deepCleanedDeletedDir: true
}.
2024-06-06 03:46:53,838 [om1-OMStateMachineApplyTransactionThread - 0] INFO  snapshot.OMSnapshotSetPropertyRequest (OMSnapshotSetPropertyRequest.java:validateAndUpdateCache(123)) - Successfully executed snapshotSetPropertyRequest: {snapshotKey: "/volume78881/bucket76044/snap2"
deepCleanedDeletedDir: true
}.
2024-06-06 03:46:53,840 [om1-OMStateMachineApplyTransactionThread - 0] INFO  snapshot.OMSnapshotSetPropertyRequest (OMSnapshotSetPropertyRequest.java:validateAndUpdateCache(123)) - Successfully executed snapshotSetPropertyRequest: {snapshotKey: "/volume78881/bucket76044/snap1"
snapshotSize {
  exclusiveSize: 3
  exclusiveReplicatedSize: 9
}
}.
2024-06-06 03:46:56,302 [om1-OMStateMachineApplyTransactionThread - 0] INFO  snapshot.OMSnapshotSetPropertyRequest (OMSnapshotSetPropertyRequest.java:validateAndUpdateCache(123)) - Successfully executed snapshotSetPropertyRequest: {snapshotKey: "/volume78881/bucket76044/snap1"
deepCleanedDeletedDir: true
}.
2024-06-06 03:46:56,346 [om1-OMStateMachineApplyTransactionThread - 0] INFO  snapshot.OMSnapshotSetPropertyRequest (OMSnapshotSetPropertyRequest.java:validateAndUpdateCache(123)) - Successfully executed snapshotSetPropertyRequest: {snapshotKey: "/volume78881/bucket76044/snap2"
deepCleanedDeletedDir: true
}.
]]></system-out>
  </testcase>
</testsuite>