<?xml version="1.0" encoding="UTF-8"?>
<testsuite xmlns:xsi="http://www.w3.org/2001/XMLSchema-instance" xsi:noNamespaceSchemaLocation="https://maven.apache.org/surefire/maven-surefire-plugin/xsd/surefire-test-report.xsd" name="org.apache.hadoop.ozone.client.rpc.TestWatchForCommit" time="233.41" tests="4" errors="1" skipped="0" failures="0">
  <properties>
    <property name="awt.toolkit" value="sun.awt.X11.XToolkit"/>
    <property name="file.encoding.pkg" value="sun.io"/>
    <property name="java.specification.version" value="1.8"/>
    <property name="sun.cpu.isalist" value=""/>
    <property name="sun.jnu.encoding" value="ANSI_X3.4-1968"/>
    <property name="java.class.path" value="/github/workspace/mnt/ozone/hadoop-ozone/integration-test/target/test-classes:/github/workspace/mnt/ozone/hadoop-ozone/integration-test/target/classes:/home/user/.m2/repository/org/apache/hadoop/hadoop-ozone-common/1.1.0-SNAPSHOT/hadoop-ozone-common-1.1.0-SNAPSHOT.jar:/home/user/.m2/repository/org/apache/commons/commons-compress/1.4.1/commons-compress-1.4.1.jar:/home/user/.m2/repository/org/tukaani/xz/1.0/xz-1.0.jar:/home/user/.m2/repository/org/apache/hadoop/hadoop-hdds-common/1.1.0-SNAPSHOT/hadoop-hdds-common-1.1.0-SNAPSHOT.jar:/home/user/.m2/repository/org/apache/hadoop/hadoop-hdds-client/1.1.0-SNAPSHOT/hadoop-hdds-client-1.1.0-SNAPSHOT.jar:/home/user/.m2/repository/org/apache/hadoop/hadoop-ozone-interface-client/1.1.0-SNAPSHOT/hadoop-ozone-interface-client-1.1.0-SNAPSHOT.jar:/home/user/.m2/repository/org/apache/hadoop/hadoop-hdds-test-utils/1.1.0-SNAPSHOT/hadoop-hdds-test-utils-1.1.0-SNAPSHOT.jar:/home/user/.m2/repository/com/google/guava/guava/28.2-jre/guava-28.2-jre.jar:/home/user/.m2/repository/com/google/guava/failureaccess/1.0.1/failureaccess-1.0.1.jar:/home/user/.m2/repository/com/google/guava/listenablefuture/9999.0-empty-to-avoid-conflict-with-guava/listenablefuture-9999.0-empty-to-avoid-conflict-with-guava.jar:/home/user/.m2/repository/com/google/code/findbugs/jsr305/3.0.0/jsr305-3.0.0.jar:/home/user/.m2/repository/org/checkerframework/checker-qual/2.10.0/checker-qual-2.10.0.jar:/home/user/.m2/repository/com/google/errorprone/error_prone_annotations/2.2.0/error_prone_annotations-2.2.0.jar:/home/user/.m2/repository/com/google/j2objc/j2objc-annotations/1.3/j2objc-annotations-1.3.jar:/home/user/.m2/repository/commons-io/commons-io/2.5/commons-io-2.5.jar:/home/user/.m2/repository/commons-logging/commons-logging/1.2/commons-logging-1.2.jar:/home/user/.m2/repository/log4j/log4j/1.2.17/log4j-1.2.17.jar:/home/user/.m2/repository/org/slf4j/slf4j-api/1.7.30/slf4j-api-1.7.30.jar:/home/user/.m2/repository/org/apache/hadoop/hadoop-hdds-server-scm/1.1.0-SNAPSHOT/hadoop-hdds-server-scm-1.1.0-SNAPSHOT.jar:/home/user/.m2/repository/org/apache/hadoop/hadoop-hdds-container-service/1.1.0-SNAPSHOT/hadoop-hdds-container-service-1.1.0-SNAPSHOT.jar:/home/user/.m2/repository/org/apache/hadoop/hadoop-hdds-hadoop-dependency-server/1.1.0-SNAPSHOT/hadoop-hdds-hadoop-dependency-server-1.1.0-SNAPSHOT.jar:/home/user/.m2/repository/org/apache/hadoop/hadoop-hdfs/3.2.2/hadoop-hdfs-3.2.2.jar:/home/user/.m2/repository/org/apache/hadoop/hadoop-hdds-server-framework/1.1.0-SNAPSHOT/hadoop-hdds-server-framework-1.1.0-SNAPSHOT.jar:/home/user/.m2/repository/org/apache/hadoop/hadoop-hdds-interface-server/1.1.0-SNAPSHOT/hadoop-hdds-interface-server-1.1.0-SNAPSHOT.jar:/home/user/.m2/repository/org/eclipse/jetty/jetty-servlet/9.4.35.v20201120/jetty-servlet-9.4.35.v20201120.jar:/home/user/.m2/repository/org/eclipse/jetty/jetty-security/9.4.35.v20201120/jetty-security-9.4.35.v20201120.jar:/home/user/.m2/repository/org/rocksdb/rocksdbjni/6.8.1/rocksdbjni-6.8.1.jar:/home/user/.m2/repository/io/prometheus/simpleclient_dropwizard/0.7.0/simpleclient_dropwizard-0.7.0.jar:/home/user/.m2/repository/io/prometheus/simpleclient/0.7.0/simpleclient-0.7.0.jar:/home/user/.m2/repository/io/prometheus/simpleclient_common/0.7.0/simpleclient_common-0.7.0.jar:/home/user/.m2/repository/com/fasterxml/jackson/datatype/jackson-datatype-jsr310/2.12.1/jackson-datatype-jsr310-2.12.1.jar:/home/user/.m2/repository/io/dropwizard/metrics/metrics-core/3.2.4/metrics-core-3.2.4.jar:/home/user/.m2/repository/org/apache/hadoop/hadoop-hdfs-client/3.2.2/hadoop-hdfs-client-3.2.2.jar:/home/user/.m2/repository/org/bouncycastle/bcprov-jdk15on/1.67/bcprov-jdk15on-1.67.jar:/home/user/.m2/repository/com/google/protobuf/protobuf-java/2.5.0/protobuf-java-2.5.0.jar:/home/user/.m2/repository/org/apache/hadoop/hadoop-ozone-ozone-manager/1.1.0-SNAPSHOT/hadoop-ozone-ozone-manager-1.1.0-SNAPSHOT.jar:/home/user/.m2/repository/org/apache/hadoop/hadoop-hdds-interface-client/1.1.0-SNAPSHOT/hadoop-hdds-interface-client-1.1.0-SNAPSHOT.jar:/home/user/.m2/repository/org/apache/ratis/ratis-thirdparty-misc/0.6.0/ratis-thirdparty-misc-0.6.0.jar:/home/user/.m2/repository/org/apache/hadoop/hadoop-ozone-interface-storage/1.1.0-SNAPSHOT/hadoop-ozone-interface-storage-1.1.0-SNAPSHOT.jar:/home/user/.m2/repository/org/apache/hadoop/hadoop-minikdc/3.2.2/hadoop-minikdc-3.2.2.jar:/home/user/.m2/repository/org/apache/kerby/kerb-simplekdc/1.0.1/kerb-simplekdc-1.0.1.jar:/home/user/.m2/repository/org/apache/kerby/kerb-client/1.0.1/kerb-client-1.0.1.jar:/home/user/.m2/repository/org/apache/kerby/kerby-config/1.0.1/kerby-config-1.0.1.jar:/home/user/.m2/repository/org/apache/kerby/kerb-core/1.0.1/kerb-core-1.0.1.jar:/home/user/.m2/repository/org/apache/kerby/kerby-pkix/1.0.1/kerby-pkix-1.0.1.jar:/home/user/.m2/repository/org/apache/kerby/kerby-asn1/1.0.1/kerby-asn1-1.0.1.jar:/home/user/.m2/repository/org/apache/kerby/kerby-util/1.0.1/kerby-util-1.0.1.jar:/home/user/.m2/repository/org/apache/kerby/kerb-common/1.0.1/kerb-common-1.0.1.jar:/home/user/.m2/repository/org/apache/kerby/kerb-crypto/1.0.1/kerb-crypto-1.0.1.jar:/home/user/.m2/repository/org/apache/kerby/kerb-util/1.0.1/kerb-util-1.0.1.jar:/home/user/.m2/repository/org/apache/kerby/token-provider/1.0.1/token-provider-1.0.1.jar:/home/user/.m2/repository/org/apache/kerby/kerb-admin/1.0.1/kerb-admin-1.0.1.jar:/home/user/.m2/repository/org/apache/kerby/kerb-server/1.0.1/kerb-server-1.0.1.jar:/home/user/.m2/repository/org/apache/kerby/kerb-identity/1.0.1/kerb-identity-1.0.1.jar:/home/user/.m2/repository/org/apache/kerby/kerby-xdr/1.0.1/kerby-xdr-1.0.1.jar:/home/user/.m2/repository/org/slf4j/slf4j-log4j12/1.7.30/slf4j-log4j12-1.7.30.jar:/home/user/.m2/repository/org/apache/hadoop/hadoop-ozone-s3gateway/1.1.0-SNAPSHOT/hadoop-ozone-s3gateway-1.1.0-SNAPSHOT.jar:/home/user/.m2/repository/org/jboss/weld/servlet/weld-servlet/2.4.7.Final/weld-servlet-2.4.7.Final.jar:/home/user/.m2/repository/org/glassfish/jersey/containers/jersey-container-servlet-core/2.33/jersey-container-servlet-core-2.33.jar:/home/user/.m2/repository/org/glassfish/hk2/external/jakarta.inject/2.6.1/jakarta.inject-2.6.1.jar:/home/user/.m2/repository/org/glassfish/jersey/core/jersey-common/2.33/jersey-common-2.33.jar:/home/user/.m2/repository/jakarta/ws/rs/jakarta.ws.rs-api/2.1.6/jakarta.ws.rs-api-2.1.6.jar:/home/user/.m2/repository/org/glassfish/jersey/ext/cdi/jersey-cdi1x/2.33/jersey-cdi1x-2.33.jar:/home/user/.m2/repository/org/glassfish/jersey/inject/jersey-hk2/2.33/jersey-hk2-2.33.jar:/home/user/.m2/repository/org/glassfish/hk2/hk2-locator/2.6.1/hk2-locator-2.6.1.jar:/home/user/.m2/repository/org/javassist/javassist/3.25.0-GA/javassist-3.25.0-GA.jar:/home/user/.m2/repository/org/glassfish/jersey/media/jersey-media-jaxb/2.33/jersey-media-jaxb-2.33.jar:/home/user/.m2/repository/org/glassfish/hk2/osgi-resource-locator/1.0.3/osgi-resource-locator-1.0.3.jar:/home/user/.m2/repository/org/glassfish/hk2/hk2-api/2.5.0/hk2-api-2.5.0.jar:/home/user/.m2/repository/org/glassfish/hk2/hk2-utils/2.5.0/hk2-utils-2.5.0.jar:/home/user/.m2/repository/org/glassfish/hk2/external/aopalliance-repackaged/2.5.0/aopalliance-repackaged-2.5.0.jar:/home/user/.m2/repository/com/fasterxml/jackson/dataformat/jackson-dataformat-xml/2.12.1/jackson-dataformat-xml-2.12.1.jar:/home/user/.m2/repository/com/fasterxml/jackson/core/jackson-core/2.12.1/jackson-core-2.12.1.jar:/home/user/.m2/repository/com/fasterxml/jackson/module/jackson-module-jaxb-annotations/2.12.1/jackson-module-jaxb-annotations-2.12.1.jar:/home/user/.m2/repository/jakarta/xml/bind/jakarta.xml.bind-api/2.3.2/jakarta.xml.bind-api-2.3.2.jar:/home/user/.m2/repository/jakarta/activation/jakarta.activation-api/1.2.1/jakarta.activation-api-1.2.1.jar:/home/user/.m2/repository/org/codehaus/woodstox/stax2-api/3.1.4/stax2-api-3.1.4.jar:/home/user/.m2/repository/com/fasterxml/woodstox/woodstox-core/5.0.3/woodstox-core-5.0.3.jar:/home/user/.m2/repository/javax/enterprise/cdi-api/1.2/cdi-api-1.2.jar:/home/user/.m2/repository/javax/el/javax.el-api/3.0.0/javax.el-api-3.0.0.jar:/home/user/.m2/repository/javax/interceptor/javax.interceptor-api/1.2/javax.interceptor-api-1.2.jar:/home/user/.m2/repository/javax/inject/javax.inject/1/javax.inject-1.jar:/home/user/.m2/repository/com/sun/xml/bind/jaxb-impl/2.3.0.1/jaxb-impl-2.3.0.1.jar:/home/user/.m2/repository/com/sun/xml/bind/jaxb-core/2.3.0.1/jaxb-core-2.3.0.1.jar:/home/user/.m2/repository/javax/xml/bind/jaxb-api/2.3.0/jaxb-api-2.3.0.jar:/home/user/.m2/repository/javax/activation/activation/1.1.1/activation-1.1.1.jar:/home/user/.m2/repository/org/apache/hadoop/hadoop-ozone-csi/1.1.0-SNAPSHOT/hadoop-ozone-csi-1.1.0-SNAPSHOT.jar:/home/user/.m2/repository/com/google/protobuf/protobuf-java-util/3.12.0/protobuf-java-util-3.12.0.jar:/home/user/.m2/repository/com/google/code/gson/gson/2.2.4/gson-2.2.4.jar:/home/user/.m2/repository/org/apache/hadoop/hadoop-hdds-config/1.1.0-SNAPSHOT/hadoop-hdds-config-1.1.0-SNAPSHOT.jar:/home/user/.m2/repository/io/grpc/grpc-netty/1.33.0/grpc-netty-1.33.0.jar:/home/user/.m2/repository/io/grpc/grpc-core/1.33.0/grpc-core-1.33.0.jar:/home/user/.m2/repository/com/google/android/annotations/4.1.1.4/annotations-4.1.1.4.jar:/home/user/.m2/repository/io/netty/netty-codec-http2/4.1.51.Final/netty-codec-http2-4.1.51.Final.jar:/home/user/.m2/repository/io/netty/netty-codec/4.1.51.Final/netty-codec-4.1.51.Final.jar:/home/user/.m2/repository/io/netty/netty-handler/4.1.51.Final/netty-handler-4.1.51.Final.jar:/home/user/.m2/repository/io/netty/netty-codec-http/4.1.51.Final/netty-codec-http-4.1.51.Final.jar:/home/user/.m2/repository/io/netty/netty-handler-proxy/4.1.51.Final/netty-handler-proxy-4.1.51.Final.jar:/home/user/.m2/repository/io/netty/netty-codec-socks/4.1.51.Final/netty-codec-socks-4.1.51.Final.jar:/home/user/.m2/repository/io/perfmark/perfmark-api/0.19.0/perfmark-api-0.19.0.jar:/home/user/.m2/repository/org/codehaus/mojo/animal-sniffer-annotations/1.18/animal-sniffer-annotations-1.18.jar:/home/user/.m2/repository/io/netty/netty-transport-native-epoll/4.1.51.Final/netty-transport-native-epoll-4.1.51.Final.jar:/home/user/.m2/repository/io/netty/netty-common/4.1.51.Final/netty-common-4.1.51.Final.jar:/home/user/.m2/repository/io/netty/netty-buffer/4.1.51.Final/netty-buffer-4.1.51.Final.jar:/home/user/.m2/repository/io/netty/netty-transport/4.1.51.Final/netty-transport-4.1.51.Final.jar:/home/user/.m2/repository/io/netty/netty-resolver/4.1.51.Final/netty-resolver-4.1.51.Final.jar:/home/user/.m2/repository/io/netty/netty-transport-native-unix-common/4.1.51.Final/netty-transport-native-unix-common-4.1.51.Final.jar:/home/user/.m2/repository/io/grpc/grpc-protobuf/1.33.0/grpc-protobuf-1.33.0.jar:/home/user/.m2/repository/io/grpc/grpc-api/1.33.0/grpc-api-1.33.0.jar:/home/user/.m2/repository/io/grpc/grpc-context/1.33.0/grpc-context-1.33.0.jar:/home/user/.m2/repository/com/google/api/grpc/proto-google-common-protos/1.17.0/proto-google-common-protos-1.17.0.jar:/home/user/.m2/repository/io/grpc/grpc-protobuf-lite/1.33.0/grpc-protobuf-lite-1.33.0.jar:/home/user/.m2/repository/io/grpc/grpc-stub/1.33.0/grpc-stub-1.33.0.jar:/home/user/.m2/repository/org/apache/hadoop/hadoop-ozone-recon/1.1.0-SNAPSHOT/hadoop-ozone-recon-1.1.0-SNAPSHOT.jar:/home/user/.m2/repository/org/apache/hadoop/hadoop-ozone-reconcodegen/1.1.0-SNAPSHOT/hadoop-ozone-reconcodegen-1.1.0-SNAPSHOT.jar:/home/user/.m2/repository/com/google/inject/extensions/guice-multibindings/4.0/guice-multibindings-4.0.jar:/home/user/.m2/repository/com/google/inject/guice/4.0/guice-4.0.jar:/home/user/.m2/repository/aopalliance/aopalliance/1.0/aopalliance-1.0.jar:/home/user/.m2/repository/com/google/inject/extensions/guice-assistedinject/4.0/guice-assistedinject-4.0.jar:/home/user/.m2/repository/com/google/inject/extensions/guice-servlet/4.0/guice-servlet-4.0.jar:/home/user/.m2/repository/org/glassfish/jersey/containers/jersey-container-servlet/2.33/jersey-container-servlet-2.33.jar:/home/user/.m2/repository/org/glassfish/hk2/guice-bridge/2.5.0/guice-bridge-2.5.0.jar:/home/user/.m2/repository/org/glassfish/jersey/core/jersey-server/2.33/jersey-server-2.33.jar:/home/user/.m2/repository/org/glassfish/jersey/core/jersey-client/2.33/jersey-client-2.33.jar:/home/user/.m2/repository/jakarta/annotation/jakarta.annotation-api/1.3.5/jakarta.annotation-api-1.3.5.jar:/home/user/.m2/repository/jakarta/validation/jakarta.validation-api/2.0.2/jakarta.validation-api-2.0.2.jar:/home/user/.m2/repository/org/glassfish/jersey/media/jersey-media-json-jackson/2.33/jersey-media-json-jackson-2.33.jar:/home/user/.m2/repository/org/glassfish/jersey/ext/jersey-entity-filtering/2.33/jersey-entity-filtering-2.33.jar:/home/user/.m2/repository/org/jooq/jooq/3.11.10/jooq-3.11.10.jar:/home/user/.m2/repository/org/jooq/jooq-meta/3.11.10/jooq-meta-3.11.10.jar:/home/user/.m2/repository/org/jooq/jooq-codegen/3.11.10/jooq-codegen-3.11.10.jar:/home/user/.m2/repository/com/jolbox/bonecp/0.8.0.RELEASE/bonecp-0.8.0.RELEASE.jar:/home/user/.m2/repository/org/apache/derby/derby/10.14.2.0/derby-10.14.2.0.jar:/home/user/.m2/repository/org/xerial/sqlite-jdbc/3.25.2/sqlite-jdbc-3.25.2.jar:/home/user/.m2/repository/org/springframework/spring-jdbc/5.2.11.RELEASE/spring-jdbc-5.2.11.RELEASE.jar:/home/user/.m2/repository/org/springframework/spring-beans/5.2.11.RELEASE/spring-beans-5.2.11.RELEASE.jar:/home/user/.m2/repository/org/springframework/spring-core/5.2.11.RELEASE/spring-core-5.2.11.RELEASE.jar:/home/user/.m2/repository/org/springframework/spring-jcl/5.2.11.RELEASE/spring-jcl-5.2.11.RELEASE.jar:/home/user/.m2/repository/org/springframework/spring-tx/5.2.11.RELEASE/spring-tx-5.2.11.RELEASE.jar:/home/user/.m2/repository/org/apache/hadoop/hadoop-ozone-client/1.1.0-SNAPSHOT/hadoop-ozone-client-1.1.0-SNAPSHOT.jar:/home/user/.m2/repository/org/apache/hadoop/hadoop-ozone-filesystem/1.1.0-SNAPSHOT/hadoop-ozone-filesystem-1.1.0-SNAPSHOT.jar:/home/user/.m2/repository/org/apache/hadoop/hadoop-ozone-filesystem-common/1.1.0-SNAPSHOT/hadoop-ozone-filesystem-common-1.1.0-SNAPSHOT.jar:/home/user/.m2/repository/org/apache/hadoop/hadoop-ozone-tools/1.1.0-SNAPSHOT/hadoop-ozone-tools-1.1.0-SNAPSHOT.jar:/home/user/.m2/repository/org/apache/ratis/ratis-tools/2.0.0/ratis-tools-2.0.0.jar:/home/user/.m2/repository/org/apache/ratis/ratis-proto/2.0.0/ratis-proto-2.0.0.jar:/home/user/.m2/repository/org/apache/ratis/ratis-common/2.0.0/ratis-common-2.0.0.jar:/home/user/.m2/repository/com/amazonaws/aws-java-sdk-core/1.11.901/aws-java-sdk-core-1.11.901.jar:/home/user/.m2/repository/org/apache/httpcomponents/httpclient/4.5.13/httpclient-4.5.13.jar:/home/user/.m2/repository/org/apache/httpcomponents/httpcore/4.4.13/httpcore-4.4.13.jar:/home/user/.m2/repository/software/amazon/ion/ion-java/1.0.2/ion-java-1.0.2.jar:/home/user/.m2/repository/com/fasterxml/jackson/dataformat/jackson-dataformat-cbor/2.12.1/jackson-dataformat-cbor-2.12.1.jar:/home/user/.m2/repository/joda-time/joda-time/2.8.1/joda-time-2.8.1.jar:/home/user/.m2/repository/com/amazonaws/aws-java-sdk-s3/1.11.901/aws-java-sdk-s3-1.11.901.jar:/home/user/.m2/repository/com/amazonaws/aws-java-sdk-kms/1.11.901/aws-java-sdk-kms-1.11.901.jar:/home/user/.m2/repository/com/amazonaws/jmespath-java/1.11.901/jmespath-java-1.11.901.jar:/home/user/.m2/repository/org/kohsuke/metainf-services/metainf-services/1.8/metainf-services-1.8.jar:/home/user/.m2/repository/org/apache/hadoop/hadoop-hdds-tools/1.1.0-SNAPSHOT/hadoop-hdds-tools-1.1.0-SNAPSHOT.jar:/home/user/.m2/repository/commons-cli/commons-cli/1.2/commons-cli-1.2.jar:/home/user/.m2/repository/org/apache/commons/commons-lang3/3.7/commons-lang3-3.7.jar:/home/user/.m2/repository/org/apache/hadoop/hadoop-ozone-ozone-manager/1.1.0-SNAPSHOT/hadoop-ozone-ozone-manager-1.1.0-SNAPSHOT-tests.jar:/home/user/.m2/repository/org/apache/hadoop/hadoop-hdds-common/1.1.0-SNAPSHOT/hadoop-hdds-common-1.1.0-SNAPSHOT-tests.jar:/home/user/.m2/repository/org/apache/hadoop/hadoop-hdds-hadoop-dependency-client/1.1.0-SNAPSHOT/hadoop-hdds-hadoop-dependency-client-1.1.0-SNAPSHOT.jar:/home/user/.m2/repository/info/picocli/picocli/4.4.0/picocli-4.4.0.jar:/home/user/.m2/repository/com/fasterxml/jackson/core/jackson-annotations/2.12.1/jackson-annotations-2.12.1.jar:/home/user/.m2/repository/javax/annotation/javax.annotation-api/1.2/javax.annotation-api-1.2.jar:/home/user/.m2/repository/org/fusesource/leveldbjni/leveldbjni-all/1.8/leveldbjni-all-1.8.jar:/home/user/.m2/repository/org/apache/ratis/ratis-server/2.0.0/ratis-server-2.0.0.jar:/home/user/.m2/repository/org/apache/ratis/ratis-client/2.0.0/ratis-client-2.0.0.jar:/home/user/.m2/repository/org/apache/ratis/ratis-server-api/2.0.0/ratis-server-api-2.0.0.jar:/home/user/.m2/repository/org/apache/ratis/ratis-metrics/2.0.0/ratis-metrics-2.0.0.jar:/home/user/.m2/repository/org/apache/ratis/ratis-netty/2.0.0/ratis-netty-2.0.0.jar:/home/user/.m2/repository/org/apache/ratis/ratis-grpc/2.0.0/ratis-grpc-2.0.0.jar:/home/user/.m2/repository/org/apache/logging/log4j/log4j-api/2.13.3/log4j-api-2.13.3.jar:/home/user/.m2/repository/org/apache/logging/log4j/log4j-core/2.13.3/log4j-core-2.13.3.jar:/home/user/.m2/repository/com/lmax/disruptor/3.4.2/disruptor-3.4.2.jar:/home/user/.m2/repository/org/apache/commons/commons-pool2/2.6.0/commons-pool2-2.6.0.jar:/home/user/.m2/repository/org/bouncycastle/bcpkix-jdk15on/1.67/bcpkix-jdk15on-1.67.jar:/home/user/.m2/repository/commons-validator/commons-validator/1.6/commons-validator-1.6.jar:/home/user/.m2/repository/commons-beanutils/commons-beanutils/1.9.4/commons-beanutils-1.9.4.jar:/home/user/.m2/repository/commons-digester/commons-digester/1.8.1/commons-digester-1.8.1.jar:/home/user/.m2/repository/commons-collections/commons-collections/3.2.2/commons-collections-3.2.2.jar:/home/user/.m2/repository/io/jaegertracing/jaeger-client/1.2.0/jaeger-client-1.2.0.jar:/home/user/.m2/repository/io/jaegertracing/jaeger-thrift/1.2.0/jaeger-thrift-1.2.0.jar:/home/user/.m2/repository/org/apache/thrift/libthrift/0.13.0/libthrift-0.13.0.jar:/home/user/.m2/repository/com/squareup/okhttp3/okhttp/4.2.2/okhttp-4.2.2.jar:/home/user/.m2/repository/com/squareup/okio/okio/2.2.2/okio-2.2.2.jar:/home/user/.m2/repository/io/jaegertracing/jaeger-core/1.2.0/jaeger-core-1.2.0.jar:/home/user/.m2/repository/io/jaegertracing/jaeger-tracerresolver/1.2.0/jaeger-tracerresolver-1.2.0.jar:/home/user/.m2/repository/io/opentracing/contrib/opentracing-tracerresolver/0.1.8/opentracing-tracerresolver-0.1.8.jar:/home/user/.m2/repository/org/jetbrains/kotlin/kotlin-stdlib/1.4.31/kotlin-stdlib-1.4.31.jar:/home/user/.m2/repository/org/jetbrains/kotlin/kotlin-stdlib-common/1.4.31/kotlin-stdlib-common-1.4.31.jar:/home/user/.m2/repository/org/jetbrains/annotations/13.0/annotations-13.0.jar:/home/user/.m2/repository/io/opentracing/opentracing-util/0.33.0/opentracing-util-0.33.0.jar:/home/user/.m2/repository/io/opentracing/opentracing-api/0.33.0/opentracing-api-0.33.0.jar:/home/user/.m2/repository/io/opentracing/opentracing-noop/0.33.0/opentracing-noop-0.33.0.jar:/home/user/.m2/repository/org/yaml/snakeyaml/1.26/snakeyaml-1.26.jar:/home/user/.m2/repository/org/apache/hadoop/hadoop-hdds-interface-admin/1.1.0-SNAPSHOT/hadoop-hdds-interface-admin-1.1.0-SNAPSHOT.jar:/home/user/.m2/repository/junit/junit/4.13.1/junit-4.13.1.jar:/home/user/.m2/repository/org/hamcrest/hamcrest-core/1.3/hamcrest-core-1.3.jar:/home/user/.m2/repository/org/junit/jupiter/junit-jupiter-api/5.7.0/junit-jupiter-api-5.7.0.jar:/home/user/.m2/repository/org/apiguardian/apiguardian-api/1.1.0/apiguardian-api-1.1.0.jar:/home/user/.m2/repository/org/opentest4j/opentest4j/1.2.0/opentest4j-1.2.0.jar:/home/user/.m2/repository/org/junit/platform/junit-platform-commons/1.7.0/junit-platform-commons-1.7.0.jar:/home/user/.m2/repository/org/junit/jupiter/junit-jupiter-engine/5.7.0/junit-jupiter-engine-5.7.0.jar:/home/user/.m2/repository/org/junit/platform/junit-platform-engine/1.7.0/junit-platform-engine-1.7.0.jar:/home/user/.m2/repository/org/junit/vintage/junit-vintage-engine/5.7.0/junit-vintage-engine-5.7.0.jar:/home/user/.m2/repository/org/junit/platform/junit-platform-launcher/1.7.0/junit-platform-launcher-1.7.0.jar:/home/user/.m2/repository/org/openjdk/jmh/jmh-core/1.19/jmh-core-1.19.jar:/home/user/.m2/repository/net/sf/jopt-simple/jopt-simple/4.6/jopt-simple-4.6.jar:/home/user/.m2/repository/org/apache/commons/commons-math3/3.1.1/commons-math3-3.1.1.jar:/home/user/.m2/repository/org/openjdk/jmh/jmh-generator-annprocess/1.19/jmh-generator-annprocess-1.19.jar:/home/user/.m2/repository/org/mockito/mockito-all/1.8.5/mockito-all-1.8.5.jar:/home/user/.m2/repository/org/apache/hadoop/hadoop-kms/3.2.2/hadoop-kms-3.2.2.jar:/home/user/.m2/repository/org/apache/hadoop/hadoop-auth/3.2.2/hadoop-auth-3.2.2.jar:/home/user/.m2/repository/com/nimbusds/nimbus-jose-jwt/7.9/nimbus-jose-jwt-7.9.jar:/home/user/.m2/repository/com/github/stephenc/jcip/jcip-annotations/1.0-1/jcip-annotations-1.0-1.jar:/home/user/.m2/repository/net/minidev/json-smart/2.3/json-smart-2.3.jar:/home/user/.m2/repository/net/minidev/accessors-smart/1.2/accessors-smart-1.2.jar:/home/user/.m2/repository/org/ow2/asm/asm/5.0.4/asm-5.0.4.jar:/home/user/.m2/repository/org/apache/zookeeper/zookeeper/3.4.13/zookeeper-3.4.13.jar:/home/user/.m2/repository/org/apache/yetus/audience-annotations/0.5.0/audience-annotations-0.5.0.jar:/home/user/.m2/repository/org/apache/curator/curator-framework/2.13.0/curator-framework-2.13.0.jar:/home/user/.m2/repository/com/sun/jersey/jersey-core/1.19/jersey-core-1.19.jar:/home/user/.m2/repository/javax/ws/rs/jsr311-api/1.1.1/jsr311-api-1.1.1.jar:/home/user/.m2/repository/com/sun/jersey/jersey-server/1.19/jersey-server-1.19.jar:/home/user/.m2/repository/javax/servlet/javax.servlet-api/3.1.0/javax.servlet-api-3.1.0.jar:/home/user/.m2/repository/org/eclipse/jetty/jetty-server/9.4.35.v20201120/jetty-server-9.4.35.v20201120.jar:/home/user/.m2/repository/org/eclipse/jetty/jetty-http/9.4.35.v20201120/jetty-http-9.4.35.v20201120.jar:/home/user/.m2/repository/org/eclipse/jetty/jetty-io/9.4.35.v20201120/jetty-io-9.4.35.v20201120.jar:/home/user/.m2/repository/org/eclipse/jetty/jetty-webapp/9.4.35.v20201120/jetty-webapp-9.4.35.v20201120.jar:/home/user/.m2/repository/org/eclipse/jetty/jetty-xml/9.4.35.v20201120/jetty-xml-9.4.35.v20201120.jar:/home/user/.m2/repository/org/apache/hadoop/hadoop-common/3.2.2/hadoop-common-3.2.2.jar:/home/user/.m2/repository/commons-net/commons-net/3.6/commons-net-3.6.jar:/home/user/.m2/repository/javax/activation/javax.activation-api/1.2.0/javax.activation-api-1.2.0.jar:/home/user/.m2/repository/com/sun/jersey/jersey-servlet/1.19/jersey-servlet-1.19.jar:/home/user/.m2/repository/com/sun/jersey/jersey-json/1.19/jersey-json-1.19.jar:/home/user/.m2/repository/org/codehaus/jettison/jettison/1.1/jettison-1.1.jar:/home/user/.m2/repository/org/codehaus/jackson/jackson-jaxrs/1.9.2/jackson-jaxrs-1.9.2.jar:/home/user/.m2/repository/org/codehaus/jackson/jackson-xc/1.9.2/jackson-xc-1.9.2.jar:/home/user/.m2/repository/org/apache/commons/commons-configuration2/2.1.1/commons-configuration2-2.1.1.jar:/home/user/.m2/repository/org/apache/commons/commons-text/1.4/commons-text-1.4.jar:/home/user/.m2/repository/com/google/re2j/re2j/1.1/re2j-1.1.jar:/home/user/.m2/repository/com/jcraft/jsch/0.1.54/jsch-0.1.54.jar:/home/user/.m2/repository/org/apache/curator/curator-client/2.13.0/curator-client-2.13.0.jar:/home/user/.m2/repository/org/apache/curator/curator-recipes/2.13.0/curator-recipes-2.13.0.jar:/home/user/.m2/repository/dnsjava/dnsjava/2.1.7/dnsjava-2.1.7.jar:/home/user/.m2/repository/org/slf4j/jul-to-slf4j/1.7.30/jul-to-slf4j-1.7.30.jar:/home/user/.m2/repository/org/eclipse/jetty/jetty-util/9.4.35.v20201120/jetty-util-9.4.35.v20201120.jar:/home/user/.m2/repository/com/fasterxml/jackson/core/jackson-databind/2.12.1/jackson-databind-2.12.1.jar:/home/user/.m2/repository/org/apache/hadoop/hadoop-kms/3.2.2/hadoop-kms-3.2.2-tests.jar:/home/user/.m2/repository/org/apache/hadoop/hadoop-hdds-server-scm/1.1.0-SNAPSHOT/hadoop-hdds-server-scm-1.1.0-SNAPSHOT-tests.jar:/home/user/.m2/repository/org/apache/hadoop/hadoop-hdds-container-service/1.1.0-SNAPSHOT/hadoop-hdds-container-service-1.1.0-SNAPSHOT-tests.jar:/home/user/.m2/repository/commons-codec/commons-codec/1.11/commons-codec-1.11.jar:/home/user/.m2/repository/org/apache/hadoop/hadoop-hdds-hadoop-dependency-test/1.1.0-SNAPSHOT/hadoop-hdds-hadoop-dependency-test-1.1.0-SNAPSHOT.jar:/home/user/.m2/repository/org/apache/hadoop/hadoop-common/3.2.2/hadoop-common-3.2.2-tests.jar:/home/user/.m2/repository/org/apache/hadoop/hadoop-hdfs/3.2.2/hadoop-hdfs-3.2.2-tests.jar:/home/user/.m2/repository/org/eclipse/jetty/jetty-util-ajax/9.4.35.v20201120/jetty-util-ajax-9.4.35.v20201120.jar:/home/user/.m2/repository/commons-daemon/commons-daemon/1.0.13/commons-daemon-1.0.13.jar:/home/user/.m2/repository/io/netty/netty/3.10.6.Final/netty-3.10.6.Final.jar:/home/user/.m2/repository/io/netty/netty-all/4.1.51.Final/netty-all-4.1.51.Final.jar:/home/user/.m2/repository/org/apache/htrace/htrace-core4/4.1.0-incubating/htrace-core4-4.1.0-incubating.jar:/home/user/.m2/repository/org/apache/hadoop/hadoop-distcp/3.2.2/hadoop-distcp-3.2.2.jar:/home/user/.m2/repository/org/apache/hadoop/hadoop-mapreduce-client-jobclient/3.2.2/hadoop-mapreduce-client-jobclient-3.2.2.jar:/home/user/.m2/repository/org/apache/hadoop/hadoop-mapreduce-client-common/3.2.2/hadoop-mapreduce-client-common-3.2.2.jar:/home/user/.m2/repository/org/apache/hadoop/hadoop-yarn-common/3.2.2/hadoop-yarn-common-3.2.2.jar:/home/user/.m2/repository/org/apache/hadoop/hadoop-yarn-api/3.2.2/hadoop-yarn-api-3.2.2.jar:/home/user/.m2/repository/com/sun/jersey/jersey-client/1.19/jersey-client-1.19.jar:/home/user/.m2/repository/com/sun/jersey/contribs/jersey-guice/1.19/jersey-guice-1.19.jar:/home/user/.m2/repository/com/fasterxml/jackson/jaxrs/jackson-jaxrs-json-provider/2.12.1/jackson-jaxrs-json-provider-2.12.1.jar:/home/user/.m2/repository/com/fasterxml/jackson/jaxrs/jackson-jaxrs-base/2.12.1/jackson-jaxrs-base-2.12.1.jar:/home/user/.m2/repository/org/apache/hadoop/hadoop-yarn-client/3.2.2/hadoop-yarn-client-3.2.2.jar:/home/user/.m2/repository/org/apache/hadoop/hadoop-mapreduce-client-core/3.2.2/hadoop-mapreduce-client-core-3.2.2.jar:/home/user/.m2/repository/org/apache/avro/avro/1.7.7/avro-1.7.7.jar:/home/user/.m2/repository/org/codehaus/jackson/jackson-core-asl/1.9.13/jackson-core-asl-1.9.13.jar:/home/user/.m2/repository/org/codehaus/jackson/jackson-mapper-asl/1.9.13/jackson-mapper-asl-1.9.13.jar:/home/user/.m2/repository/com/thoughtworks/paranamer/paranamer/2.3/paranamer-2.3.jar:/home/user/.m2/repository/org/xerial/snappy/snappy-java/1.0.5/snappy-java-1.0.5.jar:/home/user/.m2/repository/org/apache/hadoop/hadoop-annotations/3.2.2/hadoop-annotations-3.2.2.jar:/usr/lib/jvm/java-1.8.0-openjdk-1.8.0.232.b09-0.el7_7.x86_64/jre/../lib/tools.jar:/home/user/.m2/repository/org/apache/hadoop/hadoop-distcp/3.2.2/hadoop-distcp-3.2.2-tests.jar:"/>
    <property name="java.vm.vendor" value="Oracle Corporation"/>
    <property name="sun.arch.data.model" value="64"/>
    <property name="test.build.dir" value="/github/workspace/mnt/ozone/hadoop-ozone/integration-test/target/test-dir"/>
    <property name="test.cache.data" value=""/>
    <property name="java.vendor.url" value="http://java.oracle.com/"/>
    <property name="user.timezone" value=""/>
    <property name="java.vm.specification.version" value="1.8"/>
    <property name="os.name" value="Linux"/>
    <property name="test.build.data" value="/github/workspace/mnt/ozone/hadoop-ozone/integration-test/target/test-dir"/>
    <property name="user.country" value="US"/>
    <property name="sun.java.launcher" value="SUN_STANDARD"/>
    <property name="sun.boot.library.path" value="/usr/lib/jvm/java-1.8.0-openjdk-1.8.0.232.b09-0.el7_7.x86_64/jre/lib/amd64"/>
    <property name="sun.java.command" value="/github/workspace/mnt/ozone/hadoop-ozone/integration-test/target/surefire/surefirebooter7421865367214270347.jar /github/workspace/mnt/ozone/hadoop-ozone/integration-test/target/surefire 2021-04-10T00-58-41_932-jvmRun1 surefire2573685898583488868tmp surefire_67594878531642296580tmp"/>
    <property name="surefire.test.class.path" value="/github/workspace/mnt/ozone/hadoop-ozone/integration-test/target/test-classes:/github/workspace/mnt/ozone/hadoop-ozone/integration-test/target/classes:/home/user/.m2/repository/org/apache/hadoop/hadoop-ozone-common/1.1.0-SNAPSHOT/hadoop-ozone-common-1.1.0-SNAPSHOT.jar:/home/user/.m2/repository/org/apache/commons/commons-compress/1.4.1/commons-compress-1.4.1.jar:/home/user/.m2/repository/org/tukaani/xz/1.0/xz-1.0.jar:/home/user/.m2/repository/org/apache/hadoop/hadoop-hdds-common/1.1.0-SNAPSHOT/hadoop-hdds-common-1.1.0-SNAPSHOT.jar:/home/user/.m2/repository/org/apache/hadoop/hadoop-hdds-client/1.1.0-SNAPSHOT/hadoop-hdds-client-1.1.0-SNAPSHOT.jar:/home/user/.m2/repository/org/apache/hadoop/hadoop-ozone-interface-client/1.1.0-SNAPSHOT/hadoop-ozone-interface-client-1.1.0-SNAPSHOT.jar:/home/user/.m2/repository/org/apache/hadoop/hadoop-hdds-test-utils/1.1.0-SNAPSHOT/hadoop-hdds-test-utils-1.1.0-SNAPSHOT.jar:/home/user/.m2/repository/com/google/guava/guava/28.2-jre/guava-28.2-jre.jar:/home/user/.m2/repository/com/google/guava/failureaccess/1.0.1/failureaccess-1.0.1.jar:/home/user/.m2/repository/com/google/guava/listenablefuture/9999.0-empty-to-avoid-conflict-with-guava/listenablefuture-9999.0-empty-to-avoid-conflict-with-guava.jar:/home/user/.m2/repository/com/google/code/findbugs/jsr305/3.0.0/jsr305-3.0.0.jar:/home/user/.m2/repository/org/checkerframework/checker-qual/2.10.0/checker-qual-2.10.0.jar:/home/user/.m2/repository/com/google/errorprone/error_prone_annotations/2.2.0/error_prone_annotations-2.2.0.jar:/home/user/.m2/repository/com/google/j2objc/j2objc-annotations/1.3/j2objc-annotations-1.3.jar:/home/user/.m2/repository/commons-io/commons-io/2.5/commons-io-2.5.jar:/home/user/.m2/repository/commons-logging/commons-logging/1.2/commons-logging-1.2.jar:/home/user/.m2/repository/log4j/log4j/1.2.17/log4j-1.2.17.jar:/home/user/.m2/repository/org/slf4j/slf4j-api/1.7.30/slf4j-api-1.7.30.jar:/home/user/.m2/repository/org/apache/hadoop/hadoop-hdds-server-scm/1.1.0-SNAPSHOT/hadoop-hdds-server-scm-1.1.0-SNAPSHOT.jar:/home/user/.m2/repository/org/apache/hadoop/hadoop-hdds-container-service/1.1.0-SNAPSHOT/hadoop-hdds-container-service-1.1.0-SNAPSHOT.jar:/home/user/.m2/repository/org/apache/hadoop/hadoop-hdds-hadoop-dependency-server/1.1.0-SNAPSHOT/hadoop-hdds-hadoop-dependency-server-1.1.0-SNAPSHOT.jar:/home/user/.m2/repository/org/apache/hadoop/hadoop-hdfs/3.2.2/hadoop-hdfs-3.2.2.jar:/home/user/.m2/repository/org/apache/hadoop/hadoop-hdds-server-framework/1.1.0-SNAPSHOT/hadoop-hdds-server-framework-1.1.0-SNAPSHOT.jar:/home/user/.m2/repository/org/apache/hadoop/hadoop-hdds-interface-server/1.1.0-SNAPSHOT/hadoop-hdds-interface-server-1.1.0-SNAPSHOT.jar:/home/user/.m2/repository/org/eclipse/jetty/jetty-servlet/9.4.35.v20201120/jetty-servlet-9.4.35.v20201120.jar:/home/user/.m2/repository/org/eclipse/jetty/jetty-security/9.4.35.v20201120/jetty-security-9.4.35.v20201120.jar:/home/user/.m2/repository/org/rocksdb/rocksdbjni/6.8.1/rocksdbjni-6.8.1.jar:/home/user/.m2/repository/io/prometheus/simpleclient_dropwizard/0.7.0/simpleclient_dropwizard-0.7.0.jar:/home/user/.m2/repository/io/prometheus/simpleclient/0.7.0/simpleclient-0.7.0.jar:/home/user/.m2/repository/io/prometheus/simpleclient_common/0.7.0/simpleclient_common-0.7.0.jar:/home/user/.m2/repository/com/fasterxml/jackson/datatype/jackson-datatype-jsr310/2.12.1/jackson-datatype-jsr310-2.12.1.jar:/home/user/.m2/repository/io/dropwizard/metrics/metrics-core/3.2.4/metrics-core-3.2.4.jar:/home/user/.m2/repository/org/apache/hadoop/hadoop-hdfs-client/3.2.2/hadoop-hdfs-client-3.2.2.jar:/home/user/.m2/repository/org/bouncycastle/bcprov-jdk15on/1.67/bcprov-jdk15on-1.67.jar:/home/user/.m2/repository/com/google/protobuf/protobuf-java/2.5.0/protobuf-java-2.5.0.jar:/home/user/.m2/repository/org/apache/hadoop/hadoop-ozone-ozone-manager/1.1.0-SNAPSHOT/hadoop-ozone-ozone-manager-1.1.0-SNAPSHOT.jar:/home/user/.m2/repository/org/apache/hadoop/hadoop-hdds-interface-client/1.1.0-SNAPSHOT/hadoop-hdds-interface-client-1.1.0-SNAPSHOT.jar:/home/user/.m2/repository/org/apache/ratis/ratis-thirdparty-misc/0.6.0/ratis-thirdparty-misc-0.6.0.jar:/home/user/.m2/repository/org/apache/hadoop/hadoop-ozone-interface-storage/1.1.0-SNAPSHOT/hadoop-ozone-interface-storage-1.1.0-SNAPSHOT.jar:/home/user/.m2/repository/org/apache/hadoop/hadoop-minikdc/3.2.2/hadoop-minikdc-3.2.2.jar:/home/user/.m2/repository/org/apache/kerby/kerb-simplekdc/1.0.1/kerb-simplekdc-1.0.1.jar:/home/user/.m2/repository/org/apache/kerby/kerb-client/1.0.1/kerb-client-1.0.1.jar:/home/user/.m2/repository/org/apache/kerby/kerby-config/1.0.1/kerby-config-1.0.1.jar:/home/user/.m2/repository/org/apache/kerby/kerb-core/1.0.1/kerb-core-1.0.1.jar:/home/user/.m2/repository/org/apache/kerby/kerby-pkix/1.0.1/kerby-pkix-1.0.1.jar:/home/user/.m2/repository/org/apache/kerby/kerby-asn1/1.0.1/kerby-asn1-1.0.1.jar:/home/user/.m2/repository/org/apache/kerby/kerby-util/1.0.1/kerby-util-1.0.1.jar:/home/user/.m2/repository/org/apache/kerby/kerb-common/1.0.1/kerb-common-1.0.1.jar:/home/user/.m2/repository/org/apache/kerby/kerb-crypto/1.0.1/kerb-crypto-1.0.1.jar:/home/user/.m2/repository/org/apache/kerby/kerb-util/1.0.1/kerb-util-1.0.1.jar:/home/user/.m2/repository/org/apache/kerby/token-provider/1.0.1/token-provider-1.0.1.jar:/home/user/.m2/repository/org/apache/kerby/kerb-admin/1.0.1/kerb-admin-1.0.1.jar:/home/user/.m2/repository/org/apache/kerby/kerb-server/1.0.1/kerb-server-1.0.1.jar:/home/user/.m2/repository/org/apache/kerby/kerb-identity/1.0.1/kerb-identity-1.0.1.jar:/home/user/.m2/repository/org/apache/kerby/kerby-xdr/1.0.1/kerby-xdr-1.0.1.jar:/home/user/.m2/repository/org/slf4j/slf4j-log4j12/1.7.30/slf4j-log4j12-1.7.30.jar:/home/user/.m2/repository/org/apache/hadoop/hadoop-ozone-s3gateway/1.1.0-SNAPSHOT/hadoop-ozone-s3gateway-1.1.0-SNAPSHOT.jar:/home/user/.m2/repository/org/jboss/weld/servlet/weld-servlet/2.4.7.Final/weld-servlet-2.4.7.Final.jar:/home/user/.m2/repository/org/glassfish/jersey/containers/jersey-container-servlet-core/2.33/jersey-container-servlet-core-2.33.jar:/home/user/.m2/repository/org/glassfish/hk2/external/jakarta.inject/2.6.1/jakarta.inject-2.6.1.jar:/home/user/.m2/repository/org/glassfish/jersey/core/jersey-common/2.33/jersey-common-2.33.jar:/home/user/.m2/repository/jakarta/ws/rs/jakarta.ws.rs-api/2.1.6/jakarta.ws.rs-api-2.1.6.jar:/home/user/.m2/repository/org/glassfish/jersey/ext/cdi/jersey-cdi1x/2.33/jersey-cdi1x-2.33.jar:/home/user/.m2/repository/org/glassfish/jersey/inject/jersey-hk2/2.33/jersey-hk2-2.33.jar:/home/user/.m2/repository/org/glassfish/hk2/hk2-locator/2.6.1/hk2-locator-2.6.1.jar:/home/user/.m2/repository/org/javassist/javassist/3.25.0-GA/javassist-3.25.0-GA.jar:/home/user/.m2/repository/org/glassfish/jersey/media/jersey-media-jaxb/2.33/jersey-media-jaxb-2.33.jar:/home/user/.m2/repository/org/glassfish/hk2/osgi-resource-locator/1.0.3/osgi-resource-locator-1.0.3.jar:/home/user/.m2/repository/org/glassfish/hk2/hk2-api/2.5.0/hk2-api-2.5.0.jar:/home/user/.m2/repository/org/glassfish/hk2/hk2-utils/2.5.0/hk2-utils-2.5.0.jar:/home/user/.m2/repository/org/glassfish/hk2/external/aopalliance-repackaged/2.5.0/aopalliance-repackaged-2.5.0.jar:/home/user/.m2/repository/com/fasterxml/jackson/dataformat/jackson-dataformat-xml/2.12.1/jackson-dataformat-xml-2.12.1.jar:/home/user/.m2/repository/com/fasterxml/jackson/core/jackson-core/2.12.1/jackson-core-2.12.1.jar:/home/user/.m2/repository/com/fasterxml/jackson/module/jackson-module-jaxb-annotations/2.12.1/jackson-module-jaxb-annotations-2.12.1.jar:/home/user/.m2/repository/jakarta/xml/bind/jakarta.xml.bind-api/2.3.2/jakarta.xml.bind-api-2.3.2.jar:/home/user/.m2/repository/jakarta/activation/jakarta.activation-api/1.2.1/jakarta.activation-api-1.2.1.jar:/home/user/.m2/repository/org/codehaus/woodstox/stax2-api/3.1.4/stax2-api-3.1.4.jar:/home/user/.m2/repository/com/fasterxml/woodstox/woodstox-core/5.0.3/woodstox-core-5.0.3.jar:/home/user/.m2/repository/javax/enterprise/cdi-api/1.2/cdi-api-1.2.jar:/home/user/.m2/repository/javax/el/javax.el-api/3.0.0/javax.el-api-3.0.0.jar:/home/user/.m2/repository/javax/interceptor/javax.interceptor-api/1.2/javax.interceptor-api-1.2.jar:/home/user/.m2/repository/javax/inject/javax.inject/1/javax.inject-1.jar:/home/user/.m2/repository/com/sun/xml/bind/jaxb-impl/2.3.0.1/jaxb-impl-2.3.0.1.jar:/home/user/.m2/repository/com/sun/xml/bind/jaxb-core/2.3.0.1/jaxb-core-2.3.0.1.jar:/home/user/.m2/repository/javax/xml/bind/jaxb-api/2.3.0/jaxb-api-2.3.0.jar:/home/user/.m2/repository/javax/activation/activation/1.1.1/activation-1.1.1.jar:/home/user/.m2/repository/org/apache/hadoop/hadoop-ozone-csi/1.1.0-SNAPSHOT/hadoop-ozone-csi-1.1.0-SNAPSHOT.jar:/home/user/.m2/repository/com/google/protobuf/protobuf-java-util/3.12.0/protobuf-java-util-3.12.0.jar:/home/user/.m2/repository/com/google/code/gson/gson/2.2.4/gson-2.2.4.jar:/home/user/.m2/repository/org/apache/hadoop/hadoop-hdds-config/1.1.0-SNAPSHOT/hadoop-hdds-config-1.1.0-SNAPSHOT.jar:/home/user/.m2/repository/io/grpc/grpc-netty/1.33.0/grpc-netty-1.33.0.jar:/home/user/.m2/repository/io/grpc/grpc-core/1.33.0/grpc-core-1.33.0.jar:/home/user/.m2/repository/com/google/android/annotations/4.1.1.4/annotations-4.1.1.4.jar:/home/user/.m2/repository/io/netty/netty-codec-http2/4.1.51.Final/netty-codec-http2-4.1.51.Final.jar:/home/user/.m2/repository/io/netty/netty-codec/4.1.51.Final/netty-codec-4.1.51.Final.jar:/home/user/.m2/repository/io/netty/netty-handler/4.1.51.Final/netty-handler-4.1.51.Final.jar:/home/user/.m2/repository/io/netty/netty-codec-http/4.1.51.Final/netty-codec-http-4.1.51.Final.jar:/home/user/.m2/repository/io/netty/netty-handler-proxy/4.1.51.Final/netty-handler-proxy-4.1.51.Final.jar:/home/user/.m2/repository/io/netty/netty-codec-socks/4.1.51.Final/netty-codec-socks-4.1.51.Final.jar:/home/user/.m2/repository/io/perfmark/perfmark-api/0.19.0/perfmark-api-0.19.0.jar:/home/user/.m2/repository/org/codehaus/mojo/animal-sniffer-annotations/1.18/animal-sniffer-annotations-1.18.jar:/home/user/.m2/repository/io/netty/netty-transport-native-epoll/4.1.51.Final/netty-transport-native-epoll-4.1.51.Final.jar:/home/user/.m2/repository/io/netty/netty-common/4.1.51.Final/netty-common-4.1.51.Final.jar:/home/user/.m2/repository/io/netty/netty-buffer/4.1.51.Final/netty-buffer-4.1.51.Final.jar:/home/user/.m2/repository/io/netty/netty-transport/4.1.51.Final/netty-transport-4.1.51.Final.jar:/home/user/.m2/repository/io/netty/netty-resolver/4.1.51.Final/netty-resolver-4.1.51.Final.jar:/home/user/.m2/repository/io/netty/netty-transport-native-unix-common/4.1.51.Final/netty-transport-native-unix-common-4.1.51.Final.jar:/home/user/.m2/repository/io/grpc/grpc-protobuf/1.33.0/grpc-protobuf-1.33.0.jar:/home/user/.m2/repository/io/grpc/grpc-api/1.33.0/grpc-api-1.33.0.jar:/home/user/.m2/repository/io/grpc/grpc-context/1.33.0/grpc-context-1.33.0.jar:/home/user/.m2/repository/com/google/api/grpc/proto-google-common-protos/1.17.0/proto-google-common-protos-1.17.0.jar:/home/user/.m2/repository/io/grpc/grpc-protobuf-lite/1.33.0/grpc-protobuf-lite-1.33.0.jar:/home/user/.m2/repository/io/grpc/grpc-stub/1.33.0/grpc-stub-1.33.0.jar:/home/user/.m2/repository/org/apache/hadoop/hadoop-ozone-recon/1.1.0-SNAPSHOT/hadoop-ozone-recon-1.1.0-SNAPSHOT.jar:/home/user/.m2/repository/org/apache/hadoop/hadoop-ozone-reconcodegen/1.1.0-SNAPSHOT/hadoop-ozone-reconcodegen-1.1.0-SNAPSHOT.jar:/home/user/.m2/repository/com/google/inject/extensions/guice-multibindings/4.0/guice-multibindings-4.0.jar:/home/user/.m2/repository/com/google/inject/guice/4.0/guice-4.0.jar:/home/user/.m2/repository/aopalliance/aopalliance/1.0/aopalliance-1.0.jar:/home/user/.m2/repository/com/google/inject/extensions/guice-assistedinject/4.0/guice-assistedinject-4.0.jar:/home/user/.m2/repository/com/google/inject/extensions/guice-servlet/4.0/guice-servlet-4.0.jar:/home/user/.m2/repository/org/glassfish/jersey/containers/jersey-container-servlet/2.33/jersey-container-servlet-2.33.jar:/home/user/.m2/repository/org/glassfish/hk2/guice-bridge/2.5.0/guice-bridge-2.5.0.jar:/home/user/.m2/repository/org/glassfish/jersey/core/jersey-server/2.33/jersey-server-2.33.jar:/home/user/.m2/repository/org/glassfish/jersey/core/jersey-client/2.33/jersey-client-2.33.jar:/home/user/.m2/repository/jakarta/annotation/jakarta.annotation-api/1.3.5/jakarta.annotation-api-1.3.5.jar:/home/user/.m2/repository/jakarta/validation/jakarta.validation-api/2.0.2/jakarta.validation-api-2.0.2.jar:/home/user/.m2/repository/org/glassfish/jersey/media/jersey-media-json-jackson/2.33/jersey-media-json-jackson-2.33.jar:/home/user/.m2/repository/org/glassfish/jersey/ext/jersey-entity-filtering/2.33/jersey-entity-filtering-2.33.jar:/home/user/.m2/repository/org/jooq/jooq/3.11.10/jooq-3.11.10.jar:/home/user/.m2/repository/org/jooq/jooq-meta/3.11.10/jooq-meta-3.11.10.jar:/home/user/.m2/repository/org/jooq/jooq-codegen/3.11.10/jooq-codegen-3.11.10.jar:/home/user/.m2/repository/com/jolbox/bonecp/0.8.0.RELEASE/bonecp-0.8.0.RELEASE.jar:/home/user/.m2/repository/org/apache/derby/derby/10.14.2.0/derby-10.14.2.0.jar:/home/user/.m2/repository/org/xerial/sqlite-jdbc/3.25.2/sqlite-jdbc-3.25.2.jar:/home/user/.m2/repository/org/springframework/spring-jdbc/5.2.11.RELEASE/spring-jdbc-5.2.11.RELEASE.jar:/home/user/.m2/repository/org/springframework/spring-beans/5.2.11.RELEASE/spring-beans-5.2.11.RELEASE.jar:/home/user/.m2/repository/org/springframework/spring-core/5.2.11.RELEASE/spring-core-5.2.11.RELEASE.jar:/home/user/.m2/repository/org/springframework/spring-jcl/5.2.11.RELEASE/spring-jcl-5.2.11.RELEASE.jar:/home/user/.m2/repository/org/springframework/spring-tx/5.2.11.RELEASE/spring-tx-5.2.11.RELEASE.jar:/home/user/.m2/repository/org/apache/hadoop/hadoop-ozone-client/1.1.0-SNAPSHOT/hadoop-ozone-client-1.1.0-SNAPSHOT.jar:/home/user/.m2/repository/org/apache/hadoop/hadoop-ozone-filesystem/1.1.0-SNAPSHOT/hadoop-ozone-filesystem-1.1.0-SNAPSHOT.jar:/home/user/.m2/repository/org/apache/hadoop/hadoop-ozone-filesystem-common/1.1.0-SNAPSHOT/hadoop-ozone-filesystem-common-1.1.0-SNAPSHOT.jar:/home/user/.m2/repository/org/apache/hadoop/hadoop-ozone-tools/1.1.0-SNAPSHOT/hadoop-ozone-tools-1.1.0-SNAPSHOT.jar:/home/user/.m2/repository/org/apache/ratis/ratis-tools/2.0.0/ratis-tools-2.0.0.jar:/home/user/.m2/repository/org/apache/ratis/ratis-proto/2.0.0/ratis-proto-2.0.0.jar:/home/user/.m2/repository/org/apache/ratis/ratis-common/2.0.0/ratis-common-2.0.0.jar:/home/user/.m2/repository/com/amazonaws/aws-java-sdk-core/1.11.901/aws-java-sdk-core-1.11.901.jar:/home/user/.m2/repository/org/apache/httpcomponents/httpclient/4.5.13/httpclient-4.5.13.jar:/home/user/.m2/repository/org/apache/httpcomponents/httpcore/4.4.13/httpcore-4.4.13.jar:/home/user/.m2/repository/software/amazon/ion/ion-java/1.0.2/ion-java-1.0.2.jar:/home/user/.m2/repository/com/fasterxml/jackson/dataformat/jackson-dataformat-cbor/2.12.1/jackson-dataformat-cbor-2.12.1.jar:/home/user/.m2/repository/joda-time/joda-time/2.8.1/joda-time-2.8.1.jar:/home/user/.m2/repository/com/amazonaws/aws-java-sdk-s3/1.11.901/aws-java-sdk-s3-1.11.901.jar:/home/user/.m2/repository/com/amazonaws/aws-java-sdk-kms/1.11.901/aws-java-sdk-kms-1.11.901.jar:/home/user/.m2/repository/com/amazonaws/jmespath-java/1.11.901/jmespath-java-1.11.901.jar:/home/user/.m2/repository/org/kohsuke/metainf-services/metainf-services/1.8/metainf-services-1.8.jar:/home/user/.m2/repository/org/apache/hadoop/hadoop-hdds-tools/1.1.0-SNAPSHOT/hadoop-hdds-tools-1.1.0-SNAPSHOT.jar:/home/user/.m2/repository/commons-cli/commons-cli/1.2/commons-cli-1.2.jar:/home/user/.m2/repository/org/apache/commons/commons-lang3/3.7/commons-lang3-3.7.jar:/home/user/.m2/repository/org/apache/hadoop/hadoop-ozone-ozone-manager/1.1.0-SNAPSHOT/hadoop-ozone-ozone-manager-1.1.0-SNAPSHOT-tests.jar:/home/user/.m2/repository/org/apache/hadoop/hadoop-hdds-common/1.1.0-SNAPSHOT/hadoop-hdds-common-1.1.0-SNAPSHOT-tests.jar:/home/user/.m2/repository/org/apache/hadoop/hadoop-hdds-hadoop-dependency-client/1.1.0-SNAPSHOT/hadoop-hdds-hadoop-dependency-client-1.1.0-SNAPSHOT.jar:/home/user/.m2/repository/info/picocli/picocli/4.4.0/picocli-4.4.0.jar:/home/user/.m2/repository/com/fasterxml/jackson/core/jackson-annotations/2.12.1/jackson-annotations-2.12.1.jar:/home/user/.m2/repository/javax/annotation/javax.annotation-api/1.2/javax.annotation-api-1.2.jar:/home/user/.m2/repository/org/fusesource/leveldbjni/leveldbjni-all/1.8/leveldbjni-all-1.8.jar:/home/user/.m2/repository/org/apache/ratis/ratis-server/2.0.0/ratis-server-2.0.0.jar:/home/user/.m2/repository/org/apache/ratis/ratis-client/2.0.0/ratis-client-2.0.0.jar:/home/user/.m2/repository/org/apache/ratis/ratis-server-api/2.0.0/ratis-server-api-2.0.0.jar:/home/user/.m2/repository/org/apache/ratis/ratis-metrics/2.0.0/ratis-metrics-2.0.0.jar:/home/user/.m2/repository/org/apache/ratis/ratis-netty/2.0.0/ratis-netty-2.0.0.jar:/home/user/.m2/repository/org/apache/ratis/ratis-grpc/2.0.0/ratis-grpc-2.0.0.jar:/home/user/.m2/repository/org/apache/logging/log4j/log4j-api/2.13.3/log4j-api-2.13.3.jar:/home/user/.m2/repository/org/apache/logging/log4j/log4j-core/2.13.3/log4j-core-2.13.3.jar:/home/user/.m2/repository/com/lmax/disruptor/3.4.2/disruptor-3.4.2.jar:/home/user/.m2/repository/org/apache/commons/commons-pool2/2.6.0/commons-pool2-2.6.0.jar:/home/user/.m2/repository/org/bouncycastle/bcpkix-jdk15on/1.67/bcpkix-jdk15on-1.67.jar:/home/user/.m2/repository/commons-validator/commons-validator/1.6/commons-validator-1.6.jar:/home/user/.m2/repository/commons-beanutils/commons-beanutils/1.9.4/commons-beanutils-1.9.4.jar:/home/user/.m2/repository/commons-digester/commons-digester/1.8.1/commons-digester-1.8.1.jar:/home/user/.m2/repository/commons-collections/commons-collections/3.2.2/commons-collections-3.2.2.jar:/home/user/.m2/repository/io/jaegertracing/jaeger-client/1.2.0/jaeger-client-1.2.0.jar:/home/user/.m2/repository/io/jaegertracing/jaeger-thrift/1.2.0/jaeger-thrift-1.2.0.jar:/home/user/.m2/repository/org/apache/thrift/libthrift/0.13.0/libthrift-0.13.0.jar:/home/user/.m2/repository/com/squareup/okhttp3/okhttp/4.2.2/okhttp-4.2.2.jar:/home/user/.m2/repository/com/squareup/okio/okio/2.2.2/okio-2.2.2.jar:/home/user/.m2/repository/io/jaegertracing/jaeger-core/1.2.0/jaeger-core-1.2.0.jar:/home/user/.m2/repository/io/jaegertracing/jaeger-tracerresolver/1.2.0/jaeger-tracerresolver-1.2.0.jar:/home/user/.m2/repository/io/opentracing/contrib/opentracing-tracerresolver/0.1.8/opentracing-tracerresolver-0.1.8.jar:/home/user/.m2/repository/org/jetbrains/kotlin/kotlin-stdlib/1.4.31/kotlin-stdlib-1.4.31.jar:/home/user/.m2/repository/org/jetbrains/kotlin/kotlin-stdlib-common/1.4.31/kotlin-stdlib-common-1.4.31.jar:/home/user/.m2/repository/org/jetbrains/annotations/13.0/annotations-13.0.jar:/home/user/.m2/repository/io/opentracing/opentracing-util/0.33.0/opentracing-util-0.33.0.jar:/home/user/.m2/repository/io/opentracing/opentracing-api/0.33.0/opentracing-api-0.33.0.jar:/home/user/.m2/repository/io/opentracing/opentracing-noop/0.33.0/opentracing-noop-0.33.0.jar:/home/user/.m2/repository/org/yaml/snakeyaml/1.26/snakeyaml-1.26.jar:/home/user/.m2/repository/org/apache/hadoop/hadoop-hdds-interface-admin/1.1.0-SNAPSHOT/hadoop-hdds-interface-admin-1.1.0-SNAPSHOT.jar:/home/user/.m2/repository/junit/junit/4.13.1/junit-4.13.1.jar:/home/user/.m2/repository/org/hamcrest/hamcrest-core/1.3/hamcrest-core-1.3.jar:/home/user/.m2/repository/org/junit/jupiter/junit-jupiter-api/5.7.0/junit-jupiter-api-5.7.0.jar:/home/user/.m2/repository/org/apiguardian/apiguardian-api/1.1.0/apiguardian-api-1.1.0.jar:/home/user/.m2/repository/org/opentest4j/opentest4j/1.2.0/opentest4j-1.2.0.jar:/home/user/.m2/repository/org/junit/platform/junit-platform-commons/1.7.0/junit-platform-commons-1.7.0.jar:/home/user/.m2/repository/org/junit/jupiter/junit-jupiter-engine/5.7.0/junit-jupiter-engine-5.7.0.jar:/home/user/.m2/repository/org/junit/platform/junit-platform-engine/1.7.0/junit-platform-engine-1.7.0.jar:/home/user/.m2/repository/org/junit/vintage/junit-vintage-engine/5.7.0/junit-vintage-engine-5.7.0.jar:/home/user/.m2/repository/org/junit/platform/junit-platform-launcher/1.7.0/junit-platform-launcher-1.7.0.jar:/home/user/.m2/repository/org/openjdk/jmh/jmh-core/1.19/jmh-core-1.19.jar:/home/user/.m2/repository/net/sf/jopt-simple/jopt-simple/4.6/jopt-simple-4.6.jar:/home/user/.m2/repository/org/apache/commons/commons-math3/3.1.1/commons-math3-3.1.1.jar:/home/user/.m2/repository/org/openjdk/jmh/jmh-generator-annprocess/1.19/jmh-generator-annprocess-1.19.jar:/home/user/.m2/repository/org/mockito/mockito-all/1.8.5/mockito-all-1.8.5.jar:/home/user/.m2/repository/org/apache/hadoop/hadoop-kms/3.2.2/hadoop-kms-3.2.2.jar:/home/user/.m2/repository/org/apache/hadoop/hadoop-auth/3.2.2/hadoop-auth-3.2.2.jar:/home/user/.m2/repository/com/nimbusds/nimbus-jose-jwt/7.9/nimbus-jose-jwt-7.9.jar:/home/user/.m2/repository/com/github/stephenc/jcip/jcip-annotations/1.0-1/jcip-annotations-1.0-1.jar:/home/user/.m2/repository/net/minidev/json-smart/2.3/json-smart-2.3.jar:/home/user/.m2/repository/net/minidev/accessors-smart/1.2/accessors-smart-1.2.jar:/home/user/.m2/repository/org/ow2/asm/asm/5.0.4/asm-5.0.4.jar:/home/user/.m2/repository/org/apache/zookeeper/zookeeper/3.4.13/zookeeper-3.4.13.jar:/home/user/.m2/repository/org/apache/yetus/audience-annotations/0.5.0/audience-annotations-0.5.0.jar:/home/user/.m2/repository/org/apache/curator/curator-framework/2.13.0/curator-framework-2.13.0.jar:/home/user/.m2/repository/com/sun/jersey/jersey-core/1.19/jersey-core-1.19.jar:/home/user/.m2/repository/javax/ws/rs/jsr311-api/1.1.1/jsr311-api-1.1.1.jar:/home/user/.m2/repository/com/sun/jersey/jersey-server/1.19/jersey-server-1.19.jar:/home/user/.m2/repository/javax/servlet/javax.servlet-api/3.1.0/javax.servlet-api-3.1.0.jar:/home/user/.m2/repository/org/eclipse/jetty/jetty-server/9.4.35.v20201120/jetty-server-9.4.35.v20201120.jar:/home/user/.m2/repository/org/eclipse/jetty/jetty-http/9.4.35.v20201120/jetty-http-9.4.35.v20201120.jar:/home/user/.m2/repository/org/eclipse/jetty/jetty-io/9.4.35.v20201120/jetty-io-9.4.35.v20201120.jar:/home/user/.m2/repository/org/eclipse/jetty/jetty-webapp/9.4.35.v20201120/jetty-webapp-9.4.35.v20201120.jar:/home/user/.m2/repository/org/eclipse/jetty/jetty-xml/9.4.35.v20201120/jetty-xml-9.4.35.v20201120.jar:/home/user/.m2/repository/org/apache/hadoop/hadoop-common/3.2.2/hadoop-common-3.2.2.jar:/home/user/.m2/repository/commons-net/commons-net/3.6/commons-net-3.6.jar:/home/user/.m2/repository/javax/activation/javax.activation-api/1.2.0/javax.activation-api-1.2.0.jar:/home/user/.m2/repository/com/sun/jersey/jersey-servlet/1.19/jersey-servlet-1.19.jar:/home/user/.m2/repository/com/sun/jersey/jersey-json/1.19/jersey-json-1.19.jar:/home/user/.m2/repository/org/codehaus/jettison/jettison/1.1/jettison-1.1.jar:/home/user/.m2/repository/org/codehaus/jackson/jackson-jaxrs/1.9.2/jackson-jaxrs-1.9.2.jar:/home/user/.m2/repository/org/codehaus/jackson/jackson-xc/1.9.2/jackson-xc-1.9.2.jar:/home/user/.m2/repository/org/apache/commons/commons-configuration2/2.1.1/commons-configuration2-2.1.1.jar:/home/user/.m2/repository/org/apache/commons/commons-text/1.4/commons-text-1.4.jar:/home/user/.m2/repository/com/google/re2j/re2j/1.1/re2j-1.1.jar:/home/user/.m2/repository/com/jcraft/jsch/0.1.54/jsch-0.1.54.jar:/home/user/.m2/repository/org/apache/curator/curator-client/2.13.0/curator-client-2.13.0.jar:/home/user/.m2/repository/org/apache/curator/curator-recipes/2.13.0/curator-recipes-2.13.0.jar:/home/user/.m2/repository/dnsjava/dnsjava/2.1.7/dnsjava-2.1.7.jar:/home/user/.m2/repository/org/slf4j/jul-to-slf4j/1.7.30/jul-to-slf4j-1.7.30.jar:/home/user/.m2/repository/org/eclipse/jetty/jetty-util/9.4.35.v20201120/jetty-util-9.4.35.v20201120.jar:/home/user/.m2/repository/com/fasterxml/jackson/core/jackson-databind/2.12.1/jackson-databind-2.12.1.jar:/home/user/.m2/repository/org/apache/hadoop/hadoop-kms/3.2.2/hadoop-kms-3.2.2-tests.jar:/home/user/.m2/repository/org/apache/hadoop/hadoop-hdds-server-scm/1.1.0-SNAPSHOT/hadoop-hdds-server-scm-1.1.0-SNAPSHOT-tests.jar:/home/user/.m2/repository/org/apache/hadoop/hadoop-hdds-container-service/1.1.0-SNAPSHOT/hadoop-hdds-container-service-1.1.0-SNAPSHOT-tests.jar:/home/user/.m2/repository/commons-codec/commons-codec/1.11/commons-codec-1.11.jar:/home/user/.m2/repository/org/apache/hadoop/hadoop-hdds-hadoop-dependency-test/1.1.0-SNAPSHOT/hadoop-hdds-hadoop-dependency-test-1.1.0-SNAPSHOT.jar:/home/user/.m2/repository/org/apache/hadoop/hadoop-common/3.2.2/hadoop-common-3.2.2-tests.jar:/home/user/.m2/repository/org/apache/hadoop/hadoop-hdfs/3.2.2/hadoop-hdfs-3.2.2-tests.jar:/home/user/.m2/repository/org/eclipse/jetty/jetty-util-ajax/9.4.35.v20201120/jetty-util-ajax-9.4.35.v20201120.jar:/home/user/.m2/repository/commons-daemon/commons-daemon/1.0.13/commons-daemon-1.0.13.jar:/home/user/.m2/repository/io/netty/netty/3.10.6.Final/netty-3.10.6.Final.jar:/home/user/.m2/repository/io/netty/netty-all/4.1.51.Final/netty-all-4.1.51.Final.jar:/home/user/.m2/repository/org/apache/htrace/htrace-core4/4.1.0-incubating/htrace-core4-4.1.0-incubating.jar:/home/user/.m2/repository/org/apache/hadoop/hadoop-distcp/3.2.2/hadoop-distcp-3.2.2.jar:/home/user/.m2/repository/org/apache/hadoop/hadoop-mapreduce-client-jobclient/3.2.2/hadoop-mapreduce-client-jobclient-3.2.2.jar:/home/user/.m2/repository/org/apache/hadoop/hadoop-mapreduce-client-common/3.2.2/hadoop-mapreduce-client-common-3.2.2.jar:/home/user/.m2/repository/org/apache/hadoop/hadoop-yarn-common/3.2.2/hadoop-yarn-common-3.2.2.jar:/home/user/.m2/repository/org/apache/hadoop/hadoop-yarn-api/3.2.2/hadoop-yarn-api-3.2.2.jar:/home/user/.m2/repository/com/sun/jersey/jersey-client/1.19/jersey-client-1.19.jar:/home/user/.m2/repository/com/sun/jersey/contribs/jersey-guice/1.19/jersey-guice-1.19.jar:/home/user/.m2/repository/com/fasterxml/jackson/jaxrs/jackson-jaxrs-json-provider/2.12.1/jackson-jaxrs-json-provider-2.12.1.jar:/home/user/.m2/repository/com/fasterxml/jackson/jaxrs/jackson-jaxrs-base/2.12.1/jackson-jaxrs-base-2.12.1.jar:/home/user/.m2/repository/org/apache/hadoop/hadoop-yarn-client/3.2.2/hadoop-yarn-client-3.2.2.jar:/home/user/.m2/repository/org/apache/hadoop/hadoop-mapreduce-client-core/3.2.2/hadoop-mapreduce-client-core-3.2.2.jar:/home/user/.m2/repository/org/apache/avro/avro/1.7.7/avro-1.7.7.jar:/home/user/.m2/repository/org/codehaus/jackson/jackson-core-asl/1.9.13/jackson-core-asl-1.9.13.jar:/home/user/.m2/repository/org/codehaus/jackson/jackson-mapper-asl/1.9.13/jackson-mapper-asl-1.9.13.jar:/home/user/.m2/repository/com/thoughtworks/paranamer/paranamer/2.3/paranamer-2.3.jar:/home/user/.m2/repository/org/xerial/snappy/snappy-java/1.0.5/snappy-java-1.0.5.jar:/home/user/.m2/repository/org/apache/hadoop/hadoop-annotations/3.2.2/hadoop-annotations-3.2.2.jar:/usr/lib/jvm/java-1.8.0-openjdk-1.8.0.232.b09-0.el7_7.x86_64/jre/../lib/tools.jar:/home/user/.m2/repository/org/apache/hadoop/hadoop-distcp/3.2.2/hadoop-distcp-3.2.2-tests.jar:"/>
    <property name="sun.cpu.endian" value="little"/>
    <property name="user.home" value="/home/user"/>
    <property name="user.language" value="en"/>
    <property name="java.specification.vendor" value="Oracle Corporation"/>
    <property name="java.home" value="/usr/lib/jvm/java-1.8.0-openjdk-1.8.0.232.b09-0.el7_7.x86_64/jre"/>
    <property name="java.security.krb5.conf" value="/github/workspace/mnt/ozone/hadoop-ozone/integration-test/target/test-classes/krb5.conf"/>
    <property name="basedir" value="/github/workspace/mnt/ozone/hadoop-ozone/integration-test"/>
    <property name="file.separator" value="/"/>
    <property name="line.separator" value="&#10;"/>
    <property name="java.vm.specification.vendor" value="Oracle Corporation"/>
    <property name="java.specification.name" value="Java Platform API Specification"/>
    <property name="java.awt.graphicsenv" value="sun.awt.X11GraphicsEnvironment"/>
    <property name="skip.installnpx" value="true"/>
    <property name="surefire.real.class.path" value="/github/workspace/mnt/ozone/hadoop-ozone/integration-test/target/surefire/surefirebooter7421865367214270347.jar:/home/user/.m2/repository/org/jacoco/org.jacoco.agent/0.8.5/org.jacoco.agent-0.8.5-runtime.jar"/>
    <property name="hadoop.log.dir" value="/github/workspace/mnt/ozone/hadoop-ozone/integration-test/target/log"/>
    <property name="sun.boot.class.path" value="/usr/lib/jvm/java-1.8.0-openjdk-1.8.0.232.b09-0.el7_7.x86_64/jre/lib/resources.jar:/usr/lib/jvm/java-1.8.0-openjdk-1.8.0.232.b09-0.el7_7.x86_64/jre/lib/rt.jar:/usr/lib/jvm/java-1.8.0-openjdk-1.8.0.232.b09-0.el7_7.x86_64/jre/lib/sunrsasign.jar:/usr/lib/jvm/java-1.8.0-openjdk-1.8.0.232.b09-0.el7_7.x86_64/jre/lib/jsse.jar:/usr/lib/jvm/java-1.8.0-openjdk-1.8.0.232.b09-0.el7_7.x86_64/jre/lib/jce.jar:/usr/lib/jvm/java-1.8.0-openjdk-1.8.0.232.b09-0.el7_7.x86_64/jre/lib/charsets.jar:/usr/lib/jvm/java-1.8.0-openjdk-1.8.0.232.b09-0.el7_7.x86_64/jre/lib/jfr.jar:/usr/lib/jvm/java-1.8.0-openjdk-1.8.0.232.b09-0.el7_7.x86_64/jre/classes"/>
    <property name="sun.management.compiler" value="HotSpot 64-Bit Tiered Compilers"/>
    <property name="skip.npx" value="true"/>
    <property name="java.runtime.version" value="1.8.0_232-b09"/>
    <property name="java.net.preferIPv4Stack" value="true"/>
    <property name="user.name" value="jenkins1001"/>
    <property name="path.separator" value=":"/>
    <property name="java.security.egd" value="file:///dev/urandom"/>
    <property name="os.version" value="5.4.0-1043-azure"/>
    <property name="java.endorsed.dirs" value="/usr/lib/jvm/java-1.8.0-openjdk-1.8.0.232.b09-0.el7_7.x86_64/jre/lib/endorsed"/>
    <property name="java.runtime.name" value="OpenJDK Runtime Environment"/>
    <property name="file.encoding" value="ANSI_X3.4-1968"/>
    <property name="java.vm.name" value="OpenJDK 64-Bit Server VM"/>
    <property name="test.build.webapps" value=""/>
    <property name="localRepository" value="/home/user/.m2/repository"/>
    <property name="java.vendor.url.bug" value="http://bugreport.sun.com/bugreport/"/>
    <property name="java.io.tmpdir" value="/tmp"/>
    <property name="require.test.libhadoop" value=""/>
    <property name="java.version" value="1.8.0_232"/>
    <property name="user.dir" value="/github/workspace/mnt/ozone/hadoop-ozone/integration-test"/>
    <property name="os.arch" value="amd64"/>
    <property name="java.vm.specification.name" value="Java Virtual Machine Specification"/>
    <property name="test.build.classes" value="/github/workspace/mnt/ozone/hadoop-ozone/integration-test/target/test-classes"/>
    <property name="java.awt.printerjob" value="sun.print.PSPrinterJob"/>
    <property name="sun.os.patch.level" value="unknown"/>
    <property name="hadoop.tmp.dir" value="/github/workspace/mnt/ozone/hadoop-ozone/integration-test/target/tmp"/>
    <property name="java.library.path" value="/usr/lib:/usr/java/packages/lib/amd64:/usr/lib64:/lib64:/lib:/usr/lib"/>
    <property name="java.vm.info" value="mixed mode"/>
    <property name="java.vendor" value="Oracle Corporation"/>
    <property name="java.vm.version" value="25.232-b09"/>
    <property name="java.ext.dirs" value="/usr/lib/jvm/java-1.8.0-openjdk-1.8.0.232.b09-0.el7_7.x86_64/jre/lib/ext:/usr/java/packages/lib/ext"/>
    <property name="sun.io.unicode.encoding" value="UnicodeLittle"/>
    <property name="java.class.version" value="52.0"/>
  </properties>
  <testcase name="testWatchForCommitWithKeyWrite" classname="org.apache.hadoop.ozone.client.rpc.TestWatchForCommit" time="63.174"/>
  <testcase name="testWatchForCommitForRetryfailure" classname="org.apache.hadoop.ozone.client.rpc.TestWatchForCommit" time="76.331"/>
  <testcase name="testWatchForCommitForGroupMismatchException" classname="org.apache.hadoop.ozone.client.rpc.TestWatchForCommit" time="50.48">
    <error message="org.apache.ratis.protocol.exceptions.AlreadyClosedException: SlidingWindow$Client:client-B207BB36FC61-&gt;RAFT is closed." type="java.util.concurrent.ExecutionException">java.util.concurrent.ExecutionException: org.apache.ratis.protocol.exceptions.AlreadyClosedException: SlidingWindow$Client:client-B207BB36FC61->RAFT is closed.
	at java.util.concurrent.CompletableFuture.reportGet(CompletableFuture.java:357)
	at java.util.concurrent.CompletableFuture.get(CompletableFuture.java:1908)
	at org.apache.hadoop.ozone.client.rpc.TestWatchForCommit.testWatchForCommitForGroupMismatchException(TestWatchForCommit.java:352)
	at sun.reflect.NativeMethodAccessorImpl.invoke0(Native Method)
	at sun.reflect.NativeMethodAccessorImpl.invoke(NativeMethodAccessorImpl.java:62)
	at sun.reflect.DelegatingMethodAccessorImpl.invoke(DelegatingMethodAccessorImpl.java:43)
	at java.lang.reflect.Method.invoke(Method.java:498)
	at org.junit.runners.model.FrameworkMethod$1.runReflectiveCall(FrameworkMethod.java:59)
	at org.junit.internal.runners.model.ReflectiveCallable.run(ReflectiveCallable.java:12)
	at org.junit.runners.model.FrameworkMethod.invokeExplosively(FrameworkMethod.java:56)
	at org.junit.internal.runners.statements.InvokeMethod.evaluate(InvokeMethod.java:17)
	at org.junit.internal.runners.statements.RunBefores.evaluate(RunBefores.java:26)
	at org.junit.internal.runners.statements.RunAfters.evaluate(RunAfters.java:27)
	at org.junit.runners.ParentRunner$3.evaluate(ParentRunner.java:306)
	at org.junit.runners.BlockJUnit4ClassRunner$1.evaluate(BlockJUnit4ClassRunner.java:100)
	at org.junit.runners.ParentRunner.runLeaf(ParentRunner.java:366)
	at org.junit.runners.BlockJUnit4ClassRunner.runChild(BlockJUnit4ClassRunner.java:103)
	at org.junit.runners.BlockJUnit4ClassRunner.runChild(BlockJUnit4ClassRunner.java:63)
	at org.junit.runners.ParentRunner$4.run(ParentRunner.java:331)
	at org.junit.runners.ParentRunner$1.schedule(ParentRunner.java:79)
	at org.junit.runners.ParentRunner.runChildren(ParentRunner.java:329)
	at org.junit.runners.ParentRunner.access$100(ParentRunner.java:66)
	at org.junit.runners.ParentRunner$2.evaluate(ParentRunner.java:293)
	at org.junit.runners.ParentRunner$3.evaluate(ParentRunner.java:306)
	at org.junit.runners.ParentRunner.run(ParentRunner.java:413)
	at org.junit.runner.JUnitCore.run(JUnitCore.java:137)
	at org.junit.runner.JUnitCore.run(JUnitCore.java:115)
	at org.junit.vintage.engine.execution.RunnerExecutor.execute(RunnerExecutor.java:43)
	at java.util.stream.ForEachOps$ForEachOp$OfRef.accept(ForEachOps.java:183)
	at java.util.stream.ReferencePipeline$3$1.accept(ReferencePipeline.java:193)
	at java.util.Iterator.forEachRemaining(Iterator.java:116)
	at java.util.Spliterators$IteratorSpliterator.forEachRemaining(Spliterators.java:1801)
	at java.util.stream.AbstractPipeline.copyInto(AbstractPipeline.java:482)
	at java.util.stream.AbstractPipeline.wrapAndCopyInto(AbstractPipeline.java:472)
	at java.util.stream.ForEachOps$ForEachOp.evaluateSequential(ForEachOps.java:150)
	at java.util.stream.ForEachOps$ForEachOp$OfRef.evaluateSequential(ForEachOps.java:173)
	at java.util.stream.AbstractPipeline.evaluate(AbstractPipeline.java:234)
	at java.util.stream.ReferencePipeline.forEach(ReferencePipeline.java:485)
	at org.junit.vintage.engine.VintageTestEngine.executeAllChildren(VintageTestEngine.java:82)
	at org.junit.vintage.engine.VintageTestEngine.execute(VintageTestEngine.java:73)
	at org.junit.platform.launcher.core.EngineExecutionOrchestrator.execute(EngineExecutionOrchestrator.java:108)
	at org.junit.platform.launcher.core.EngineExecutionOrchestrator.execute(EngineExecutionOrchestrator.java:88)
	at org.junit.platform.launcher.core.EngineExecutionOrchestrator.lambda$execute$0(EngineExecutionOrchestrator.java:54)
	at org.junit.platform.launcher.core.EngineExecutionOrchestrator.withInterceptedStreams(EngineExecutionOrchestrator.java:67)
	at org.junit.platform.launcher.core.EngineExecutionOrchestrator.execute(EngineExecutionOrchestrator.java:52)
	at org.junit.platform.launcher.core.DefaultLauncher.execute(DefaultLauncher.java:96)
	at org.junit.platform.launcher.core.DefaultLauncher.execute(DefaultLauncher.java:75)
	at org.apache.maven.surefire.junitplatform.JUnitPlatformProvider.invokeAllTests(JUnitPlatformProvider.java:142)
	at org.apache.maven.surefire.junitplatform.JUnitPlatformProvider.invoke(JUnitPlatformProvider.java:113)
	at org.apache.maven.surefire.booter.ForkedBooter.invokeProviderInSameClassLoader(ForkedBooter.java:384)
	at org.apache.maven.surefire.booter.ForkedBooter.runSuitesInProcess(ForkedBooter.java:345)
	at org.apache.maven.surefire.booter.ForkedBooter.execute(ForkedBooter.java:126)
	at org.apache.maven.surefire.booter.ForkedBooter.main(ForkedBooter.java:418)
Caused by: org.apache.ratis.protocol.exceptions.AlreadyClosedException: SlidingWindow$Client:client-B207BB36FC61->RAFT is closed.
	at org.apache.ratis.util.SlidingWindow$Client.alreadyClosed(SlidingWindow.java:378)
	at org.apache.ratis.util.SlidingWindow$Client.fail(SlidingWindow.java:366)
	at org.apache.ratis.client.impl.OrderedAsync.failAllAsyncRequests(OrderedAsync.java:148)
	at org.apache.ratis.client.impl.OrderedAsync.handleAsyncRetryFailure(OrderedAsync.java:152)
	at org.apache.ratis.client.impl.OrderedAsync.lambda$sendRequest$10(OrderedAsync.java:252)
	at java.util.concurrent.CompletableFuture.uniExceptionally(CompletableFuture.java:884)
	at java.util.concurrent.CompletableFuture$UniExceptionally.tryFire(CompletableFuture.java:866)
	at java.util.concurrent.CompletableFuture.postComplete(CompletableFuture.java:488)
	at java.util.concurrent.CompletableFuture.completeExceptionally(CompletableFuture.java:1990)
	at org.apache.ratis.grpc.client.GrpcClientProtocolClient$AsyncStreamObservers.completeReplyExceptionally(GrpcClientProtocolClient.java:388)
	at org.apache.ratis.grpc.client.GrpcClientProtocolClient$AsyncStreamObservers.access$000(GrpcClientProtocolClient.java:294)
	at org.apache.ratis.grpc.client.GrpcClientProtocolClient$AsyncStreamObservers$1.onNext(GrpcClientProtocolClient.java:308)
	at org.apache.ratis.grpc.client.GrpcClientProtocolClient$AsyncStreamObservers$1.onNext(GrpcClientProtocolClient.java:299)
	at org.apache.ratis.thirdparty.io.grpc.stub.ClientCalls$StreamObserverToCallListenerAdapter.onMessage(ClientCalls.java:465)
	at org.apache.ratis.thirdparty.io.grpc.ForwardingClientCallListener.onMessage(ForwardingClientCallListener.java:33)
	at org.apache.ratis.thirdparty.io.grpc.internal.ClientCallImpl$ClientStreamListenerImpl$1MessagesAvailable.runInternal(ClientCallImpl.java:715)
	at org.apache.ratis.thirdparty.io.grpc.internal.ClientCallImpl$ClientStreamListenerImpl$1MessagesAvailable.runInContext(ClientCallImpl.java:700)
	at org.apache.ratis.thirdparty.io.grpc.internal.ContextRunnable.run(ContextRunnable.java:37)
	at org.apache.ratis.thirdparty.io.grpc.internal.SerializingExecutor.run(SerializingExecutor.java:123)
	at java.util.concurrent.ThreadPoolExecutor.runWorker(ThreadPoolExecutor.java:1149)
	at java.util.concurrent.ThreadPoolExecutor$Worker.run(ThreadPoolExecutor.java:624)
	at java.lang.Thread.run(Thread.java:748)
Caused by: org.apache.ratis.protocol.exceptions.RaftRetryFailureException: Failed RaftClientRequest:client-B207BB36FC61->a42fb17c-ab54-48f0-b04c-859eb28781e5@group-0760CCC17729, cid=53, seq=1*, Watch(0), null for 4 attempts with RequestTypeDependentRetryPolicy{WRITE->org.apache.ratis.retry.ExceptionDependentRetry@1af4d905, WATCH->org.apache.ratis.retry.ExceptionDependentRetry@48ac436a}
	at org.apache.ratis.client.impl.RaftClientImpl.noMoreRetries(RaftClientImpl.java:254)
	... 19 more
Caused by: org.apache.ratis.protocol.exceptions.NotLeaderException: Server a42fb17c-ab54-48f0-b04c-859eb28781e5@group-0760CCC17729 is not the leader
	at org.apache.ratis.client.impl.ClientProtoUtils.toRaftClientReply(ClientProtoUtils.java:368)
	at org.apache.ratis.grpc.client.GrpcClientProtocolClient$AsyncStreamObservers$1.onNext(GrpcClientProtocolClient.java:304)
	... 10 more
</error>
    <system-out><![CDATA[2021-04-10 01:06:30,715 [Listener at 127.0.0.1/38347] WARN  server.ServerUtils (ServerUtils.java:getScmDbDir(148)) - ozone.scm.db.dirs is not configured. We recommend adding this setting. Falling back to ozone.metadata.dirs instead.
2021-04-10 01:06:30,717 [Listener at 127.0.0.1/38347] INFO  ha.SCMHANodeDetails (SCMHANodeDetails.java:loadSCMHAConfig(149)) - ServiceID for StorageContainerManager is null
2021-04-10 01:06:30,717 [Listener at 127.0.0.1/38347] INFO  ha.SCMHANodeDetails (SCMHANodeDetails.java:loadSCMHAConfig(154)) - ozone.scm.default.service.id is not defined, falling back to ozone.scm.service.ids to find serviceID for StorageContainerManager if it is HA enabled cluster
2021-04-10 01:06:30,718 [Listener at 127.0.0.1/38347] WARN  server.ServerUtils (ServerUtils.java:getScmDbDir(148)) - ozone.scm.db.dirs is not configured. We recommend adding this setting. Falling back to ozone.metadata.dirs instead.
2021-04-10 01:06:30,718 [Listener at 127.0.0.1/38347] WARN  utils.HAUtils (HAUtils.java:getMetaDir(331)) - ozone.scm.db.dirs is not configured. We recommend adding this setting. Falling back to ozone.metadata.dirs instead.
2021-04-10 01:06:30,719 [Listener at 127.0.0.1/38347] WARN  db.DBStoreBuilder (DBStoreBuilder.java:applyDBDefinition(145)) - ozone.scm.db.dirs is not configured. We recommend adding this setting. Falling back to ozone.metadata.dirs instead.
2021-04-10 01:06:30,770 [Listener at 127.0.0.1/38347] INFO  net.NodeSchemaLoader (NodeSchemaLoader.java:loadSchemaFromFile(129)) - Loading schema from [jar:file:/home/user/.m2/repository/org/apache/hadoop/hadoop-hdds-common/1.1.0-SNAPSHOT/hadoop-hdds-common-1.1.0-SNAPSHOT.jar!/network-topology-default.xml, jar:file:/home/user/.m2/repository/org/apache/hadoop/hadoop-ozone-ozone-manager/1.1.0-SNAPSHOT/hadoop-ozone-ozone-manager-1.1.0-SNAPSHOT-tests.jar!/network-topology-default.xml, jar:file:/home/user/.m2/repository/org/apache/hadoop/hadoop-hdds-server-scm/1.1.0-SNAPSHOT/hadoop-hdds-server-scm-1.1.0-SNAPSHOT-tests.jar!/network-topology-default.xml]
2021-04-10 01:06:30,770 [Listener at 127.0.0.1/38347] INFO  net.NodeSchemaLoader (NodeSchemaLoader.java:loadSchema(176)) - Loading network topology layer schema file
2021-04-10 01:06:30,774 [Listener at 127.0.0.1/38347] INFO  ha.SequenceIdGenerator (SequenceIdGenerator.java:upgradeToSequenceId(300)) - upgrade localId to 107544261427200000
2021-04-10 01:06:30,774 [Listener at 127.0.0.1/38347] INFO  ha.SequenceIdGenerator (SequenceIdGenerator.java:upgradeToSequenceId(310)) - upgrade delTxnId to 0
2021-04-10 01:06:30,774 [Listener at 127.0.0.1/38347] INFO  ha.SequenceIdGenerator (SequenceIdGenerator.java:upgradeToSequenceId(324)) - upgrade containerId to 0
2021-04-10 01:06:30,774 [Listener at 127.0.0.1/38347] INFO  ha.SequenceIdGenerator (SequenceIdGenerator.java:<init>(196)) - Init the HA SequenceIdGenerator.
2021-04-10 01:06:30,775 [Listener at 127.0.0.1/38347] INFO  node.SCMNodeManager (SCMNodeManager.java:<init>(125)) - Entering startup safe mode.
2021-04-10 01:06:30,776 [Listener at 127.0.0.1/38347] INFO  algorithms.ContainerPlacementPolicyFactory (ContainerPlacementPolicyFactory.java:getPolicy(60)) - Create container placement policy of type org.apache.hadoop.hdds.scm.container.placement.algorithms.SCMContainerPlacementRandom
2021-04-10 01:06:30,776 [Listener at 127.0.0.1/38347] INFO  pipeline.PipelineStateManager (PipelineStateManagerV2Impl.java:initialize(77)) - No pipeline exists in current db
2021-04-10 01:06:30,776 [Listener at 127.0.0.1/38347] INFO  algorithms.LeaderChoosePolicyFactory (LeaderChoosePolicyFactory.java:getPolicy(57)) - Create leader choose policy of type org.apache.hadoop.hdds.scm.pipeline.leader.choose.algorithms.MinLeaderCountChoosePolicy
2021-04-10 01:06:30,776 [Listener at 127.0.0.1/38347] INFO  ha.SCMServiceManager (SCMServiceManager.java:register(43)) - Registering service BackgroundPipelineCreator.
2021-04-10 01:06:30,777 [Listener at 127.0.0.1/38347] INFO  pipeline.BackgroundPipelineCreator (BackgroundPipelineCreatorV2.java:start(124)) - Starting RatisPipelineUtilsThread.
2021-04-10 01:06:30,777 [Listener at 127.0.0.1/38347] INFO  algorithms.PipelineChoosePolicyFactory (PipelineChoosePolicyFactory.java:createPipelineChoosePolicyFromClass(73)) - Create pipeline choose policy of type org.apache.hadoop.hdds.scm.pipeline.choose.algorithms.RandomPipelineChoosePolicy
2021-04-10 01:06:30,778 [Listener at 127.0.0.1/38347] INFO  ha.SCMServiceManager (SCMServiceManager.java:register(43)) - Registering service SCMBlockDeletingService.
2021-04-10 01:06:30,778 [Listener at 127.0.0.1/38347] INFO  ha.SCMServiceManager (SCMServiceManager.java:register(43)) - Registering service ReplicationManager.
2021-04-10 01:06:30,779 [Listener at 127.0.0.1/38347] INFO  container.ReplicationManager (ReplicationManager.java:start(226)) - Starting Replication Monitor Thread.
2021-04-10 01:06:30,779 [Listener at 127.0.0.1/38347] INFO  safemode.HealthyPipelineSafeModeRule (HealthyPipelineSafeModeRule.java:<init>(89)) - Total pipeline count is 0, healthy pipeline threshold count is 0
2021-04-10 01:06:30,780 [Listener at 127.0.0.1/38347] INFO  safemode.OneReplicaPipelineSafeModeRule (OneReplicaPipelineSafeModeRule.java:<init>(85)) - Total pipeline count is 0, pipeline's with at least one datanode reported threshold count is 0
2021-04-10 01:06:30,780 [Listener at 127.0.0.1/38347] INFO  ipc.CallQueueManager (CallQueueManager.java:<init>(85)) - Using callQueue: class java.util.concurrent.LinkedBlockingQueue, queueCapacity: 2000, scheduler: class org.apache.hadoop.ipc.DefaultRpcScheduler, ipcBackoff: false.
2021-04-10 01:06:30,781 [Socket Reader #1 for port 0] INFO  ipc.Server (Server.java:run(1255)) - Starting Socket Reader #1 for port 0
2021-04-10 01:06:30,782 [ReplicationMonitor] INFO  container.ReplicationManager (ReplicationManager.java:run(290)) - Replication Monitor Thread took 1 milliseconds for processing 0 containers.
2021-04-10 01:06:30,783 [Listener at 0.0.0.0/44205] INFO  ipc.CallQueueManager (CallQueueManager.java:<init>(85)) - Using callQueue: class java.util.concurrent.LinkedBlockingQueue, queueCapacity: 2000, scheduler: class org.apache.hadoop.ipc.DefaultRpcScheduler, ipcBackoff: false.
2021-04-10 01:06:30,783 [Socket Reader #1 for port 0] INFO  ipc.Server (Server.java:run(1255)) - Starting Socket Reader #1 for port 0
2021-04-10 01:06:30,786 [Listener at 0.0.0.0/35093] INFO  ipc.CallQueueManager (CallQueueManager.java:<init>(85)) - Using callQueue: class java.util.concurrent.LinkedBlockingQueue, queueCapacity: 2000, scheduler: class org.apache.hadoop.ipc.DefaultRpcScheduler, ipcBackoff: false.
2021-04-10 01:06:30,786 [Socket Reader #1 for port 0] INFO  ipc.Server (Server.java:run(1255)) - Starting Socket Reader #1 for port 0
2021-04-10 01:06:30,791 [Listener at 0.0.0.0/39887] INFO  server.StorageContainerManager (StorageContainerManager.java:<init>(408)) - Container Balancer status:
Key                            Value
Running                        false
Container Balancer Configuration values:
Key                            Value
Threshold                      0.100000
Max Datanodes to Balance       5
Max Size to Move               10737418240B

2021-04-10 01:06:30,791 [Listener at 0.0.0.0/39887] WARN  events.EventQueue (EventQueue.java:fireEvent(185)) - No event handler registered for event TypedEvent{payloadType=SafeModeStatus, name='Safe mode status'}
2021-04-10 01:06:30,791 [Listener at 0.0.0.0/39887] INFO  ha.SCMContext (SCMContext.java:updateSafeModeStatus(147)) - Update SafeModeStatus from SafeModeStatus{safeModeStatus=true, preCheckPassed=false} to SafeModeStatus{safeModeStatus=true, preCheckPassed=false}.
2021-04-10 01:06:30,791 [Listener at 0.0.0.0/39887] INFO  server.StorageContainerManager (StorageContainerManager.java:start(1121)) - StorageContainerLocationProtocol RPC server is listening at /0.0.0.0:39887
2021-04-10 01:06:30,793 [Listener at 0.0.0.0/39887] WARN  impl.MetricsConfig (MetricsConfig.java:loadFirst(136)) - Cannot locate configuration: tried hadoop-metrics2-storagecontainermanager.properties,hadoop-metrics2.properties
2021-04-10 01:06:30,794 [Listener at 0.0.0.0/39887] INFO  impl.MetricsSystemImpl (MetricsSystemImpl.java:startTimer(378)) - Scheduled Metric snapshot period at 10 second(s).
2021-04-10 01:06:30,794 [Listener at 0.0.0.0/39887] INFO  impl.MetricsSystemImpl (MetricsSystemImpl.java:start(191)) - StorageContainerManager metrics system started
2021-04-10 01:06:30,812 [Listener at 0.0.0.0/39887] INFO  impl.MetricsSinkAdapter (MetricsSinkAdapter.java:start(204)) - Sink prometheus started
2021-04-10 01:06:30,812 [Listener at 0.0.0.0/39887] INFO  impl.MetricsSystemImpl (MetricsSystemImpl.java:registerSink(305)) - Registered sink prometheus
2021-04-10 01:06:30,814 [Listener at 0.0.0.0/39887] INFO  server.SCMClientProtocolServer (SCMClientProtocolServer.java:start(155)) - RPC server for Client  is listening at /0.0.0.0:39887
2021-04-10 01:06:30,815 [IPC Server Responder] INFO  ipc.Server (Server.java:run(1497)) - IPC Server Responder: starting
2021-04-10 01:06:30,815 [IPC Server listener on 0] INFO  ipc.Server (Server.java:run(1334)) - IPC Server listener on 0: starting
2021-04-10 01:06:30,822 [Listener at 0.0.0.0/39887] INFO  server.StorageContainerManager (StorageContainerManager.java:start(1135)) - ScmBlockLocationProtocol RPC server is listening at /0.0.0.0:35093
2021-04-10 01:06:30,823 [Listener at 0.0.0.0/39887] INFO  server.SCMBlockProtocolServer (SCMBlockProtocolServer.java:start(149)) - RPC server for Block Protocol is listening at /0.0.0.0:35093
2021-04-10 01:06:30,823 [IPC Server Responder] INFO  ipc.Server (Server.java:run(1497)) - IPC Server Responder: starting
2021-04-10 01:06:30,823 [IPC Server listener on 0] INFO  ipc.Server (Server.java:run(1334)) - IPC Server listener on 0: starting
2021-04-10 01:06:30,828 [Listener at 0.0.0.0/39887] INFO  server.StorageContainerManager (StorageContainerManager.java:start(1141)) - ScmDatanodeProtocl RPC server is listening at /0.0.0.0:44205
2021-04-10 01:06:30,828 [Listener at 0.0.0.0/39887] INFO  server.SCMDatanodeProtocolServer (SCMDatanodeProtocolServer.java:start(174)) - RPC server for DataNodes is listening at /0.0.0.0:44205
2021-04-10 01:06:30,828 [IPC Server Responder] INFO  ipc.Server (Server.java:run(1497)) - IPC Server Responder: starting
2021-04-10 01:06:30,829 [IPC Server listener on 0] INFO  ipc.Server (Server.java:run(1334)) - IPC Server listener on 0: starting
2021-04-10 01:06:30,834 [org.apache.hadoop.util.JvmPauseMonitor$Monitor@107852a] INFO  util.JvmPauseMonitor (JvmPauseMonitor.java:run(188)) - Starting JVM pause monitor
2021-04-10 01:06:30,836 [Listener at 0.0.0.0/39887] INFO  http.BaseHttpServer (BaseHttpServer.java:newHttpServer2BuilderForOzone(207)) - Starting Web-server for scm at: http://0.0.0.0:0
2021-04-10 01:06:30,836 [Listener at 0.0.0.0/39887] INFO  http.BaseHttpServer (BaseHttpServer.java:<init>(106)) - Hadoop Security Enabled: false Ozone Security Enabled: false Ozone HTTP Security Enabled: false 
2021-04-10 01:06:30,838 [Listener at 0.0.0.0/39887] INFO  server.AuthenticationFilter (AuthenticationFilter.java:constructSecretProvider(240)) - Unable to initialize FileSignerSecretProvider, falling back to use random secrets.
2021-04-10 01:06:30,838 [Listener at 0.0.0.0/39887] WARN  http.HttpRequestLog (HttpRequestLog.java:getRequestLog(103)) - Jetty request log can only be enabled using Log4j
2021-04-10 01:06:30,840 [Listener at 0.0.0.0/39887] INFO  http.HttpServer2 (HttpServer2.java:addGlobalFilter(1020)) - Added global filter 'safety' (class=org.apache.hadoop.hdds.server.http.HttpServer2$QuotingInputFilter)
2021-04-10 01:06:30,840 [Listener at 0.0.0.0/39887] INFO  http.HttpServer2 (HttpServer2.java:addFilter(996)) - Added filter static_user_filter (class=org.apache.hadoop.http.lib.StaticUserWebFilter$StaticUserFilter) to context scm
2021-04-10 01:06:30,840 [Listener at 0.0.0.0/39887] INFO  http.HttpServer2 (HttpServer2.java:addFilter(1004)) - Added filter static_user_filter (class=org.apache.hadoop.http.lib.StaticUserWebFilter$StaticUserFilter) to context static
2021-04-10 01:06:30,841 [Listener at 0.0.0.0/39887] INFO  http.HttpServer2 (HttpServer2.java:addFilter(1004)) - Added filter static_user_filter (class=org.apache.hadoop.http.lib.StaticUserWebFilter$StaticUserFilter) to context logs
2021-04-10 01:06:30,841 [Listener at 0.0.0.0/39887] INFO  http.HttpServer2 (HttpServer2.java:bindListener(1238)) - Jetty bound to port 33741
2021-04-10 01:06:30,841 [Listener at 0.0.0.0/39887] INFO  server.Server (Server.java:doStart(375)) - jetty-9.4.35.v20201120; built: 2020-11-20T21:17:03.964Z; git: bdc54f03a5e0a7e280fab27f55c3c75ee8da89fb; jvm 1.8.0_232-b09
2021-04-10 01:06:30,843 [Listener at 0.0.0.0/39887] INFO  server.session (DefaultSessionIdManager.java:doStart(334)) - DefaultSessionIdManager workerName=node0
2021-04-10 01:06:30,843 [Listener at 0.0.0.0/39887] INFO  server.session (DefaultSessionIdManager.java:doStart(339)) - No SessionScavenger set, using defaults
2021-04-10 01:06:30,844 [Listener at 0.0.0.0/39887] INFO  server.session (HouseKeeper.java:startScavenging(132)) - node0 Scavenging every 660000ms
2021-04-10 01:06:30,844 [Listener at 0.0.0.0/39887] INFO  handler.ContextHandler (ContextHandler.java:doStart(916)) - Started o.e.j.s.ServletContextHandler@3449a463{logs,/logs,file:///github/workspace/mnt/ozone/hadoop-ozone/integration-test/target/log,AVAILABLE}
2021-04-10 01:06:30,845 [Listener at 0.0.0.0/39887] INFO  handler.ContextHandler (ContextHandler.java:doStart(916)) - Started o.e.j.s.ServletContextHandler@42081e5f{static,/static,file:///github/workspace/mnt/ozone/hadoop-ozone/integration-test/target/test-classes/webapps/static,AVAILABLE}
2021-04-10 01:06:30,848 [Listener at 0.0.0.0/39887] INFO  handler.ContextHandler (ContextHandler.java:doStart(916)) - Started o.e.j.w.WebAppContext@47a2d9a9{scm,/,file:///github/workspace/mnt/ozone/hadoop-ozone/integration-test/target/test-classes/webapps/scm/,AVAILABLE}{file:/github/workspace/mnt/ozone/hadoop-ozone/integration-test/target/test-classes/webapps/scm}
2021-04-10 01:06:30,853 [Listener at 0.0.0.0/39887] INFO  server.AbstractConnector (AbstractConnector.java:doStart(331)) - Started ServerConnector@43b5a9fd{HTTP/1.1, (http/1.1)}{0.0.0.0:33741}
2021-04-10 01:06:30,854 [Listener at 0.0.0.0/39887] INFO  server.Server (Server.java:doStart(415)) - Started @140809ms
2021-04-10 01:06:30,854 [Listener at 0.0.0.0/39887] WARN  impl.MetricsSystemImpl (MetricsSystemImpl.java:register(279)) - Sink prometheus already exists!
2021-04-10 01:06:30,857 [Listener at 0.0.0.0/39887] INFO  http.BaseHttpServer (BaseHttpServer.java:updateConnectorAddress(327)) - HTTP server of scm listening at http://0.0.0.0:33741
2021-04-10 01:06:30,857 [Listener at 0.0.0.0/39887] WARN  server.ServerUtils (ServerUtils.java:getDBPath(225)) - ozone.om.db.dirs is not configured. We recommend adding this setting. Falling back to ozone.metadata.dirs instead.
2021-04-10 01:06:30,858 [Listener at 0.0.0.0/39887] INFO  ha.OMHANodeDetails (OMHANodeDetails.java:loadOMHAConfig(105)) - ozone.om.internal.service.id is not defined, falling back to ozone.om.service.ids to find serviceID for OzoneManager if it is HA enabled cluster
2021-04-10 01:06:30,859 [Listener at 0.0.0.0/39887] INFO  ha.OMHANodeDetails (OMHANodeDetails.java:loadOMHAConfig(212)) - Configuration does not have ozone.om.address set. Falling back to the default OM address /127.0.0.1:0
2021-04-10 01:06:30,859 [Listener at 0.0.0.0/39887] INFO  ha.OMHANodeDetails (OMHANodeDetails.java:getOMNodeDetails(240)) - OM Service ID is not set. Setting it to the default ID: omServiceIdDefault
2021-04-10 01:06:30,859 [Listener at 0.0.0.0/39887] INFO  ha.OMHANodeDetails (OMHANodeDetails.java:getOMNodeDetails(247)) - OM Node ID is not set. Setting it to the default ID: om1
2021-04-10 01:06:30,859 [Listener at 0.0.0.0/39887] WARN  server.ServerUtils (ServerUtils.java:getDBPath(225)) - ozone.om.db.dirs is not configured. We recommend adding this setting. Falling back to ozone.metadata.dirs instead.
2021-04-10 01:06:30,860 [Listener at 0.0.0.0/39887] WARN  server.ServerUtils (ServerUtils.java:getDBPath(225)) - ozone.om.db.dirs is not configured. We recommend adding this setting. Falling back to ozone.metadata.dirs instead.
2021-04-10 01:06:30,867 [Listener at 0.0.0.0/39887] WARN  server.ServerUtils (ServerUtils.java:getDBPath(225)) - ozone.om.db.dirs is not configured. We recommend adding this setting. Falling back to ozone.metadata.dirs instead.
2021-04-10 01:06:30,868 [Listener at 0.0.0.0/39887] INFO  codec.OmKeyInfoCodec (OmKeyInfoCodec.java:<init>(43)) - OmKeyInfoCodec ignorePipeline = true
2021-04-10 01:06:30,868 [Listener at 0.0.0.0/39887] INFO  codec.RepeatedOmKeyInfoCodec (RepeatedOmKeyInfoCodec.java:<init>(42)) - RepeatedOmKeyInfoCodec ignorePipeline = true
2021-04-10 01:06:30,922 [Listener at 0.0.0.0/39887] INFO  om.OzoneManager (OzoneManager.java:addS3GVolumeToDB(3722)) - Created Volume s3v With Owner jenkins1001 required for S3Gateway operations.
2021-04-10 01:06:30,922 [Listener at 0.0.0.0/39887] WARN  server.ServerUtils (ServerUtils.java:getDefaultRatisDirectory(237)) - Storage directory for Ratis is not configured. It is a good idea to map this to an SSD disk. Falling back to ozone.metadata.dirs
2021-04-10 01:06:30,922 [Listener at 0.0.0.0/39887] WARN  ratis.OzoneManagerRatisServer (OzoneManagerRatisServer.java:getOMRatisSnapshotDirectory(634)) - ozone.om.ratis.snapshot.dir is not configured. Falling back to ozone.metadata.dirs config
2021-04-10 01:06:30,923 [Listener at 0.0.0.0/39887] WARN  server.ServerUtils (ServerUtils.java:getDefaultRatisDirectory(237)) - Storage directory for Ratis is not configured. It is a good idea to map this to an SSD disk. Falling back to ozone.metadata.dirs
2021-04-10 01:06:30,924 [Listener at 0.0.0.0/39887] INFO  ratis.OzoneManagerRatisServer (OzoneManagerRatisServer.java:<init>(288)) - Instantiating OM Ratis server with GroupID: omServiceIdDefault and Raft Peers: localhost:9872
2021-04-10 01:06:30,924 [Listener at 0.0.0.0/39887] INFO  ratis.OzoneManagerStateMachine (OzoneManagerStateMachine.java:loadSnapshotInfoFromDB(520)) - LastAppliedIndex is set from TransactionInfo from OM DB as (t:0, i:~)
2021-04-10 01:06:30,925 [Listener at 0.0.0.0/39887] INFO  server.RaftServer (ConfUtils.java:logGet(44)) - raft.rpc.type = GRPC (default)
2021-04-10 01:06:30,925 [Listener at 0.0.0.0/39887] INFO  grpc.GrpcFactory (GrpcFactory.java:checkPooledByteBufAllocatorUseCacheForAllThreads(48)) - PERFORMANCE WARNING: useCacheForAllThreads is true that may cause Netty to create a lot garbage objects and, as a result, trigger GC.
	It is recommended to disable useCacheForAllThreads by setting -Dorg.apache.ratis.thirdparty.io.netty.allocator.useCacheForAllThreads=false in command line.
2021-04-10 01:06:30,925 [Listener at 0.0.0.0/39887] INFO  grpc.GrpcConfigKeys (ConfUtils.java:logGet(44)) - raft.grpc.admin.port = -1 (default)
2021-04-10 01:06:30,926 [Listener at 0.0.0.0/39887] INFO  grpc.GrpcConfigKeys (ConfUtils.java:logGet(44)) - raft.grpc.server.port = 9872 (custom)
2021-04-10 01:06:30,926 [Listener at 0.0.0.0/39887] INFO  grpc.GrpcConfigKeys (ConfUtils.java:logGet(44)) - raft.grpc.client.port = -1 (default)
2021-04-10 01:06:30,926 [Listener at 0.0.0.0/39887] INFO  grpc.GrpcConfigKeys (ConfUtils.java:logGet(44)) - raft.grpc.server.port = 9872 (custom)
2021-04-10 01:06:30,926 [Listener at 0.0.0.0/39887] INFO  grpc.GrpcConfigKeys (ConfUtils.java:logGet(44)) - raft.grpc.server.port = 9872 (custom)
2021-04-10 01:06:30,926 [Listener at 0.0.0.0/39887] INFO  server.GrpcService (ConfUtils.java:logGet(44)) - raft.grpc.message.size.max = 33554432 (custom)
2021-04-10 01:06:30,926 [Listener at 0.0.0.0/39887] INFO  server.RaftServerConfigKeys (ConfUtils.java:logGet(44)) - raft.server.log.appender.buffer.byte-limit = 33554432 (custom)
2021-04-10 01:06:30,927 [Listener at 0.0.0.0/39887] INFO  server.GrpcService (ConfUtils.java:logGet(44)) - raft.grpc.flow.control.window = 1MB (=1048576) (default)
2021-04-10 01:06:30,927 [Listener at 0.0.0.0/39887] INFO  server.RaftServerConfigKeys (ConfUtils.java:logGet(44)) - raft.server.rpc.request.timeout = 3000ms (default)
2021-04-10 01:06:30,928 [Listener at 0.0.0.0/39887] INFO  impl.DataStreamServerImpl (ConfUtils.java:logGet(44)) - raft.datastream.type = DISABLED (default)
2021-04-10 01:06:30,928 [Listener at 0.0.0.0/39887] INFO  server.RaftServerConfigKeys (ConfUtils.java:logGet(44)) - raft.server.rpc.slowness.timeout = 120s (custom)
2021-04-10 01:06:30,928 [Listener at 0.0.0.0/39887] INFO  server.RaftServerConfigKeys (ConfUtils.java:logGet(44)) - raft.server.leaderelection.leader.step-down.wait-time = 10s (default)
2021-04-10 01:06:30,929 [Listener at 0.0.0.0/39887] INFO  server.RaftServerConfigKeys (ConfUtils.java:logGet(44)) - raft.server.storage.dir = [/github/workspace/mnt/ozone/hadoop-ozone/integration-test/target/test-dir/MiniOzoneClusterImpl-da946c58-7c29-4448-876e-997be65f487e/ozone-meta/ratis] (custom)
2021-04-10 01:06:30,929 [Listener at 0.0.0.0/39887] INFO  server.RaftServer (RaftServerProxy.java:addNew(95)) - om1: addNew group-C5BA1605619E:[om1|rpc:localhost:9872|priority:0] returns group-C5BA1605619E:java.util.concurrent.CompletableFuture@7bf4fa70[Not completed]
2021-04-10 01:06:30,929 [Listener at 0.0.0.0/39887] INFO  om.OzoneManager (OzoneManager.java:initializeRatisServer(1294)) - OzoneManager Ratis server initialized at port 9872
2021-04-10 01:06:30,931 [Listener at 0.0.0.0/39887] INFO  ipc.CallQueueManager (CallQueueManager.java:<init>(85)) - Using callQueue: class java.util.concurrent.LinkedBlockingQueue, queueCapacity: 2000, scheduler: class org.apache.hadoop.ipc.DefaultRpcScheduler, ipcBackoff: false.
2021-04-10 01:06:30,931 [pool-420-thread-1] INFO  server.RaftServer$Division (RaftServerImpl.java:<init>(180)) - om1: new RaftServerImpl for group-C5BA1605619E:[om1|rpc:localhost:9872|priority:0] with OzoneManagerStateMachine:uninitialized
2021-04-10 01:06:30,932 [Socket Reader #1 for port 0] INFO  ipc.Server (Server.java:run(1255)) - Starting Socket Reader #1 for port 0
2021-04-10 01:06:30,934 [pool-420-thread-1] INFO  server.RaftServerConfigKeys (ConfUtils.java:logGet(44)) - raft.server.rpc.timeout.min = 1s (custom)
2021-04-10 01:06:30,934 [pool-420-thread-1] INFO  server.RaftServerConfigKeys (ConfUtils.java:logGet(44)) - raft.server.rpc.timeout.max = 1200ms (custom)
2021-04-10 01:06:30,934 [pool-420-thread-1] INFO  server.RaftServerConfigKeys (ConfUtils.java:logGet(44)) - raft.server.rpc.sleep.time = 25ms (default)
2021-04-10 01:06:30,934 [pool-420-thread-1] INFO  server.RaftServerConfigKeys (ConfUtils.java:logGet(44)) - raft.server.rpc.slowness.timeout = 120s (custom)
2021-04-10 01:06:30,934 [pool-420-thread-1] INFO  server.RaftServerConfigKeys (ConfUtils.java:logGet(44)) - raft.server.leaderelection.leader.step-down.wait-time = 10s (default)
2021-04-10 01:06:30,934 [pool-420-thread-1] INFO  server.RaftServerConfigKeys (ConfUtils.java:logGet(44)) - raft.server.sleep.deviation.threshold = 300ms (default)
2021-04-10 01:06:30,934 [pool-420-thread-1] INFO  server.RaftServerConfigKeys (ConfUtils.java:logGet(44)) - raft.server.log.appender.install.snapshot.enabled = false (custom)
2021-04-10 01:06:30,934 [pool-420-thread-1] INFO  server.RaftServer$Division (ServerState.java:<init>(105)) - om1@group-C5BA1605619E: ConfigurationManager, init=-1: [om1|rpc:localhost:9872|priority:0], old=null, confs=<EMPTY_MAP>
2021-04-10 01:06:30,934 [pool-420-thread-1] INFO  server.RaftServerConfigKeys (ConfUtils.java:logGet(44)) - raft.server.storage.dir = [/github/workspace/mnt/ozone/hadoop-ozone/integration-test/target/test-dir/MiniOzoneClusterImpl-da946c58-7c29-4448-876e-997be65f487e/ozone-meta/ratis] (custom)
2021-04-10 01:06:30,934 [pool-420-thread-1] INFO  server.RaftServerConfigKeys (ConfUtils.java:logGet(44)) - raft.server.log.corruption.policy = EXCEPTION (default)
2021-04-10 01:06:30,935 [pool-420-thread-1] INFO  storage.RaftStorageDirectory (RaftStorageDirectoryImpl.java:analyzeStorage(132)) - The storage directory /github/workspace/mnt/ozone/hadoop-ozone/integration-test/target/test-dir/MiniOzoneClusterImpl-da946c58-7c29-4448-876e-997be65f487e/ozone-meta/ratis/bf265839-605b-3f16-9796-c5ba1605619e does not exist. Creating ...
2021-04-10 01:06:30,936 [pool-420-thread-1] INFO  storage.RaftStorageDirectory (RaftStorageDirectoryImpl.java:tryLock(215)) - Lock on /github/workspace/mnt/ozone/hadoop-ozone/integration-test/target/test-dir/MiniOzoneClusterImpl-da946c58-7c29-4448-876e-997be65f487e/ozone-meta/ratis/bf265839-605b-3f16-9796-c5ba1605619e/in_use.lock acquired by nodename 5497@eab485fc2478
2021-04-10 01:06:30,937 [pool-420-thread-1] INFO  storage.RaftStorage (RaftStorageImpl.java:format(87)) - Storage directory /github/workspace/mnt/ozone/hadoop-ozone/integration-test/target/test-dir/MiniOzoneClusterImpl-da946c58-7c29-4448-876e-997be65f487e/ozone-meta/ratis/bf265839-605b-3f16-9796-c5ba1605619e has been successfully formatted.
2021-04-10 01:06:30,937 [pool-420-thread-1] INFO  server.RaftServerConfigKeys (ConfUtils.java:logGet(44)) - raft.server.notification.no-leader.timeout = 120s (custom)
2021-04-10 01:06:30,937 [pool-420-thread-1] INFO  server.RaftServerConfigKeys (ConfUtils.java:logGet(44)) - raft.server.log.use.memory = false (default)
2021-04-10 01:06:30,937 [pool-420-thread-1] INFO  server.RaftServerConfigKeys (ConfUtils.java:logGet(44)) - raft.server.log.purge.gap = 1000000 (custom)
2021-04-10 01:06:30,938 [pool-420-thread-1] INFO  server.RaftServerConfigKeys (ConfUtils.java:logGet(44)) - raft.server.log.appender.buffer.byte-limit = 33554432 (custom)
2021-04-10 01:06:30,938 [pool-420-thread-1] INFO  metrics.RatisMetrics (RatisMetrics.java:lambda$create$0(36)) - Creating Metrics Registry : ratis.log_worker.om1@group-C5BA1605619E
2021-04-10 01:06:30,938 [pool-420-thread-1] INFO  server.RaftServerConfigKeys (ConfUtils.java:logGet(44)) - raft.server.log.segment.size.max = 4194304 (custom)
2021-04-10 01:06:30,939 [pool-420-thread-1] INFO  server.RaftServerConfigKeys (ConfUtils.java:logGet(44)) - raft.server.log.segment.cache.num.max = 2 (custom)
2021-04-10 01:06:30,939 [pool-420-thread-1] INFO  server.RaftServerConfigKeys (ConfUtils.java:logGet(44)) - raft.server.log.segment.cache.size.max = 200MB (=209715200) (default)
2021-04-10 01:06:30,939 [pool-420-thread-1] INFO  segmented.SegmentedRaftLogWorker (SegmentedRaftLogWorker.java:<init>(182)) - new om1@group-C5BA1605619E-SegmentedRaftLogWorker for RaftStorageImpl:Storage Directory /github/workspace/mnt/ozone/hadoop-ozone/integration-test/target/test-dir/MiniOzoneClusterImpl-da946c58-7c29-4448-876e-997be65f487e/ozone-meta/ratis/bf265839-605b-3f16-9796-c5ba1605619e
2021-04-10 01:06:30,939 [pool-420-thread-1] INFO  server.RaftServerConfigKeys (ConfUtils.java:logGet(44)) - raft.server.log.queue.byte-limit = 64MB (=67108864) (default)
2021-04-10 01:06:30,939 [pool-420-thread-1] INFO  server.RaftServerConfigKeys (ConfUtils.java:logGet(44)) - raft.server.log.queue.element-limit = 4096 (default)
2021-04-10 01:06:30,939 [pool-420-thread-1] INFO  server.RaftServerConfigKeys (ConfUtils.java:logGet(44)) - raft.server.log.segment.size.max = 4194304 (custom)
2021-04-10 01:06:30,939 [pool-420-thread-1] INFO  server.RaftServerConfigKeys (ConfUtils.java:logGet(44)) - raft.server.log.preallocated.size = 4194304 (custom)
2021-04-10 01:06:30,939 [pool-420-thread-1] INFO  server.RaftServerConfigKeys (ConfUtils.java:logGet(44)) - raft.server.log.force.sync.num = 128 (default)
2021-04-10 01:06:30,940 [pool-420-thread-1] INFO  server.RaftServerConfigKeys (ConfUtils.java:logGet(44)) - raft.server.log.statemachine.data.sync = true (default)
2021-04-10 01:06:30,940 [pool-420-thread-1] INFO  server.RaftServerConfigKeys (ConfUtils.java:logGet(44)) - raft.server.log.statemachine.data.sync.timeout = 10s (default)
2021-04-10 01:06:30,940 [pool-420-thread-1] INFO  server.RaftServerConfigKeys (ConfUtils.java:logGet(44)) - raft.server.log.statemachine.data.sync.timeout.retry = -1 (default)
2021-04-10 01:06:30,941 [pool-420-thread-1] INFO  server.RaftServerConfigKeys (ConfUtils.java:logGet(44)) - raft.server.log.write.buffer.size = 64KB (=65536) (default)
2021-04-10 01:06:30,941 [pool-420-thread-1] INFO  server.RaftServerConfigKeys (ConfUtils.java:logGet(44)) - raft.server.log.statemachine.data.caching.enabled = false (default)
2021-04-10 01:06:30,941 [pool-420-thread-1] INFO  segmented.SegmentedRaftLogWorker (SegmentedRaftLogWorker.java:lambda$new$0(133)) - om1@group-C5BA1605619E-SegmentedRaftLogWorker: flushIndex: setUnconditionally 0 -> -1
2021-04-10 01:06:30,941 [pool-420-thread-1] INFO  segmented.SegmentedRaftLogWorker (SegmentedRaftLogWorker.java:lambda$new$0(133)) - om1@group-C5BA1605619E-SegmentedRaftLogWorker: safeCacheEvictIndex: setUnconditionally 0 -> -1
2021-04-10 01:06:30,942 [pool-420-thread-1] INFO  server.RaftServerConfigKeys (ConfUtils.java:logGet(44)) - raft.server.snapshot.auto.trigger.enabled = true (custom)
2021-04-10 01:06:30,942 [pool-420-thread-1] INFO  server.RaftServerConfigKeys (ConfUtils.java:logGet(44)) - raft.server.snapshot.auto.trigger.threshold = 400000 (default)
2021-04-10 01:06:30,942 [pool-420-thread-1] INFO  server.RaftServerConfigKeys (ConfUtils.java:logGet(44)) - raft.server.snapshot.retention.file.num = -1 (default)
2021-04-10 01:06:30,942 [pool-420-thread-1] INFO  server.RaftServerConfigKeys (ConfUtils.java:logGet(44)) - raft.server.log.purge.upto.snapshot.index = true (custom)
2021-04-10 01:06:30,942 [pool-420-thread-1] INFO  server.RaftServerConfigKeys (ConfUtils.java:logGet(44)) - raft.server.retrycache.expirytime = 300s (custom)
2021-04-10 01:06:30,942 [pool-420-thread-1] INFO  server.RaftServerConfigKeys (ConfUtils.java:logGet(44)) - raft.server.retrycache.statistics.expirytime = 100?s (default)
2021-04-10 01:06:30,942 [pool-420-thread-1] INFO  metrics.RatisMetrics (RatisMetrics.java:lambda$create$0(36)) - Creating Metrics Registry : ratis.leader_election.om1@group-C5BA1605619E
2021-04-10 01:06:30,943 [pool-420-thread-1] INFO  metrics.RatisMetrics (RatisMetrics.java:lambda$create$0(36)) - Creating Metrics Registry : ratis.server.om1@group-C5BA1605619E
2021-04-10 01:06:30,952 [Listener at 127.0.0.1/35629] INFO  impl.MetricsSystemImpl (MetricsSystemImpl.java:init(158)) - OzoneManager metrics system started (again)
2021-04-10 01:06:30,953 [Listener at 127.0.0.1/35629] INFO  om.OzoneManager (OzoneManager.java:start(1104)) - OzoneManager RPC server is listening at localhost/127.0.0.1:35629
2021-04-10 01:06:30,953 [Listener at 127.0.0.1/35629] INFO  ratis.OzoneManagerRatisServer (OzoneManagerRatisServer.java:start(388)) - Starting OzoneManagerRatisServer om1 at port 9872
2021-04-10 01:06:30,954 [Listener at 127.0.0.1/35629] INFO  server.RaftServer$Division (RaftServerImpl.java:start(295)) - om1@group-C5BA1605619E: start as a follower, conf=-1: [om1|rpc:localhost:9872|priority:0], old=null
2021-04-10 01:06:30,954 [Listener at 127.0.0.1/35629] INFO  server.RaftServer$Division (RaftServerImpl.java:setRole(284)) - om1@group-C5BA1605619E: changes role from      null to FOLLOWER at term 0 for startAsFollower
2021-04-10 01:06:30,954 [Listener at 127.0.0.1/35629] INFO  impl.RoleInfo (RoleInfo.java:updateAndGet(130)) - om1: start om1@group-C5BA1605619E-FollowerState
2021-04-10 01:06:30,954 [Listener at 127.0.0.1/35629] INFO  util.JmxRegister (JmxRegister.java:tryRegister(44)) - Successfully registered JMX Bean with object name Ratis:service=RaftServer,group=group-C5BA1605619E,id=om1
2021-04-10 01:06:30,955 [Listener at 127.0.0.1/35629] INFO  metrics.RatisMetrics (RatisMetrics.java:lambda$create$0(36)) - Creating Metrics Registry : ratis.state_machine.om1@group-C5BA1605619E
2021-04-10 01:06:30,956 [Listener at 127.0.0.1/35629] INFO  server.RaftServer (RaftServerProxy.java:lambda$start$5(374)) - om1: start RPC server
2021-04-10 01:06:30,956 [Listener at 127.0.0.1/35629] INFO  server.GrpcService (GrpcService.java:startImpl(253)) - om1: GrpcService started, listening on 9872
2021-04-10 01:06:30,957 [org.apache.ratis.util.JvmPauseMonitor$$Lambda$503/290751331@789c61a3] INFO  util.JvmPauseMonitor (JvmPauseMonitor.java:run(103)) - JvmPauseMonitor-om1: Started
2021-04-10 01:06:30,962 [Listener at 127.0.0.1/35629] INFO  http.BaseHttpServer (BaseHttpServer.java:newHttpServer2BuilderForOzone(207)) - Starting Web-server for ozoneManager at: http://0.0.0.0:0
2021-04-10 01:06:30,963 [Listener at 127.0.0.1/35629] INFO  http.BaseHttpServer (BaseHttpServer.java:<init>(106)) - Hadoop Security Enabled: false Ozone Security Enabled: false Ozone HTTP Security Enabled: false 
2021-04-10 01:06:30,964 [Listener at 127.0.0.1/35629] INFO  server.AuthenticationFilter (AuthenticationFilter.java:constructSecretProvider(240)) - Unable to initialize FileSignerSecretProvider, falling back to use random secrets.
2021-04-10 01:06:30,964 [Listener at 127.0.0.1/35629] WARN  http.HttpRequestLog (HttpRequestLog.java:getRequestLog(103)) - Jetty request log can only be enabled using Log4j
2021-04-10 01:06:30,965 [Listener at 127.0.0.1/35629] INFO  http.HttpServer2 (HttpServer2.java:addGlobalFilter(1020)) - Added global filter 'safety' (class=org.apache.hadoop.hdds.server.http.HttpServer2$QuotingInputFilter)
2021-04-10 01:06:30,966 [Listener at 127.0.0.1/35629] INFO  http.HttpServer2 (HttpServer2.java:addFilter(996)) - Added filter static_user_filter (class=org.apache.hadoop.http.lib.StaticUserWebFilter$StaticUserFilter) to context ozoneManager
2021-04-10 01:06:30,966 [Listener at 127.0.0.1/35629] INFO  http.HttpServer2 (HttpServer2.java:addFilter(1004)) - Added filter static_user_filter (class=org.apache.hadoop.http.lib.StaticUserWebFilter$StaticUserFilter) to context logs
2021-04-10 01:06:30,966 [Listener at 127.0.0.1/35629] INFO  http.HttpServer2 (HttpServer2.java:addFilter(1004)) - Added filter static_user_filter (class=org.apache.hadoop.http.lib.StaticUserWebFilter$StaticUserFilter) to context static
2021-04-10 01:06:30,967 [Listener at 127.0.0.1/35629] INFO  http.HttpServer2 (HttpServer2.java:bindListener(1238)) - Jetty bound to port 33079
2021-04-10 01:06:30,967 [Listener at 127.0.0.1/35629] INFO  server.Server (Server.java:doStart(375)) - jetty-9.4.35.v20201120; built: 2020-11-20T21:17:03.964Z; git: bdc54f03a5e0a7e280fab27f55c3c75ee8da89fb; jvm 1.8.0_232-b09
2021-04-10 01:06:30,969 [Listener at 127.0.0.1/35629] INFO  server.session (DefaultSessionIdManager.java:doStart(334)) - DefaultSessionIdManager workerName=node0
2021-04-10 01:06:30,969 [Listener at 127.0.0.1/35629] INFO  server.session (DefaultSessionIdManager.java:doStart(339)) - No SessionScavenger set, using defaults
2021-04-10 01:06:30,970 [Listener at 127.0.0.1/35629] INFO  server.session (HouseKeeper.java:startScavenging(132)) - node0 Scavenging every 660000ms
2021-04-10 01:06:30,970 [Listener at 127.0.0.1/35629] INFO  handler.ContextHandler (ContextHandler.java:doStart(916)) - Started o.e.j.s.ServletContextHandler@23096d02{logs,/logs,file:///github/workspace/mnt/ozone/hadoop-ozone/integration-test/target/log,AVAILABLE}
2021-04-10 01:06:30,971 [Listener at 127.0.0.1/35629] INFO  handler.ContextHandler (ContextHandler.java:doStart(916)) - Started o.e.j.s.ServletContextHandler@6f60173c{static,/static,file:///github/workspace/mnt/ozone/hadoop-ozone/integration-test/target/test-classes/webapps/static,AVAILABLE}
2021-04-10 01:06:30,974 [Listener at 127.0.0.1/35629] INFO  handler.ContextHandler (ContextHandler.java:doStart(916)) - Started o.e.j.w.WebAppContext@e586785{ozoneManager,/,file:///github/workspace/mnt/ozone/hadoop-ozone/integration-test/target/test-classes/webapps/ozoneManager/,AVAILABLE}{file:/github/workspace/mnt/ozone/hadoop-ozone/integration-test/target/test-classes/webapps/ozoneManager}
2021-04-10 01:06:30,975 [Listener at 127.0.0.1/35629] INFO  server.AbstractConnector (AbstractConnector.java:doStart(331)) - Started ServerConnector@53e6c75c{HTTP/1.1, (http/1.1)}{0.0.0.0:33079}
2021-04-10 01:06:30,976 [Listener at 127.0.0.1/35629] INFO  server.Server (Server.java:doStart(415)) - Started @140931ms
2021-04-10 01:06:30,976 [Listener at 127.0.0.1/35629] WARN  impl.MetricsSystemImpl (MetricsSystemImpl.java:register(279)) - Sink prometheus already exists!
2021-04-10 01:06:30,991 [Listener at 127.0.0.1/35629] INFO  http.BaseHttpServer (BaseHttpServer.java:updateConnectorAddress(327)) - HTTP server of ozoneManager listening at http://0.0.0.0:33079
2021-04-10 01:06:30,991 [IPC Server listener on 0] INFO  ipc.Server (Server.java:run(1334)) - IPC Server listener on 0: starting
2021-04-10 01:06:30,991 [IPC Server Responder] INFO  ipc.Server (Server.java:run(1497)) - IPC Server Responder: starting
2021-04-10 01:06:31,000 [Listener at 127.0.0.1/35629] INFO  om.OzoneManager (OzoneManager.java:startTrashEmptier(1234)) - Trash Interval set to 0. Files deleted will not move to trash
2021-04-10 01:06:31,008 [org.apache.hadoop.util.JvmPauseMonitor$Monitor@35ad6d3] INFO  util.JvmPauseMonitor (JvmPauseMonitor.java:run(188)) - Starting JVM pause monitor
2021-04-10 01:06:31,028 [Listener at 127.0.0.1/35629] INFO  impl.MetricsSystemImpl (MetricsSystemImpl.java:init(158)) - HddsDatanode metrics system started (again)
2021-04-10 01:06:31,029 [Listener at 127.0.0.1/35629] INFO  ozone.HddsDatanodeService (HddsDatanodeService.java:start(219)) - HddsDatanodeService host:eab485fc2478 ip:172.17.0.2
2021-04-10 01:06:31,031 [Listener at 127.0.0.1/35629] INFO  volume.HddsVolume (HddsVolume.java:<init>(176)) - Creating Volume: /github/workspace/mnt/ozone/hadoop-ozone/integration-test/target/test-dir/MiniOzoneClusterImpl-da946c58-7c29-4448-876e-997be65f487e/datanode-0/data-0/containers/hdds of storage type : DISK and capacity : 9223372036854775807
2021-04-10 01:06:31,031 [Listener at 127.0.0.1/35629] INFO  volume.MutableVolumeSet (MutableVolumeSet.java:initializeVolumeSet(191)) - Added Volume : /github/workspace/mnt/ozone/hadoop-ozone/integration-test/target/test-dir/MiniOzoneClusterImpl-da946c58-7c29-4448-876e-997be65f487e/datanode-0/data-0/containers/hdds to VolumeSet
2021-04-10 01:06:31,031 [Listener at 127.0.0.1/35629] INFO  volume.ThrottledAsyncChecker (ThrottledAsyncChecker.java:schedule(141)) - Scheduling a check for /github/workspace/mnt/ozone/hadoop-ozone/integration-test/target/test-dir/MiniOzoneClusterImpl-da946c58-7c29-4448-876e-997be65f487e/datanode-0/data-0/containers/hdds
2021-04-10 01:06:31,033 [Listener at 127.0.0.1/35629] INFO  volume.HddsVolumeChecker (HddsVolumeChecker.java:checkAllVolumes(200)) - Scheduled health check for volume /github/workspace/mnt/ozone/hadoop-ozone/integration-test/target/test-dir/MiniOzoneClusterImpl-da946c58-7c29-4448-876e-997be65f487e/datanode-0/data-0/containers/hdds
2021-04-10 01:06:31,047 [Listener at 127.0.0.1/35629] INFO  ozoneimpl.ContainerReader (ContainerReader.java:<init>(98)) - Running in upgrade mode:true
2021-04-10 01:06:31,047 [Thread-1191] INFO  ozoneimpl.ContainerReader (ContainerReader.java:readVolume(142)) - Start to verify containers on volume /github/workspace/mnt/ozone/hadoop-ozone/integration-test/target/test-dir/MiniOzoneClusterImpl-da946c58-7c29-4448-876e-997be65f487e/datanode-0/data-0/containers/hdds
2021-04-10 01:06:31,048 [Thread-1191] INFO  ozoneimpl.ContainerReader (ContainerReader.java:readVolume(174)) - Finish verifying containers on volume /github/workspace/mnt/ozone/hadoop-ozone/integration-test/target/test-dir/MiniOzoneClusterImpl-da946c58-7c29-4448-876e-997be65f487e/datanode-0/data-0/containers/hdds
2021-04-10 01:06:31,048 [Listener at 127.0.0.1/35629] INFO  ozoneimpl.OzoneContainer (OzoneContainer.java:buildContainerSet(225)) - Build ContainerSet costs 0s
2021-04-10 01:06:31,049 [Listener at 127.0.0.1/35629] INFO  server.RaftServer (ConfUtils.java:logGet(44)) - raft.rpc.type = GRPC (default)
2021-04-10 01:06:31,049 [Listener at 127.0.0.1/35629] INFO  grpc.GrpcFactory (GrpcFactory.java:checkPooledByteBufAllocatorUseCacheForAllThreads(48)) - PERFORMANCE WARNING: useCacheForAllThreads is true that may cause Netty to create a lot garbage objects and, as a result, trigger GC.
	It is recommended to disable useCacheForAllThreads by setting -Dorg.apache.ratis.thirdparty.io.netty.allocator.useCacheForAllThreads=false in command line.
2021-04-10 01:06:31,050 [Listener at 127.0.0.1/35629] INFO  grpc.GrpcConfigKeys (ConfUtils.java:logGet(44)) - raft.grpc.admin.port = 0 (custom)
2021-04-10 01:06:31,050 [Listener at 127.0.0.1/35629] INFO  grpc.GrpcConfigKeys (ConfUtils.java:logGet(44)) - raft.grpc.client.port = 0 (custom)
2021-04-10 01:06:31,050 [Listener at 127.0.0.1/35629] INFO  grpc.GrpcConfigKeys (ConfUtils.java:logGet(44)) - raft.grpc.server.port = 0 (default)
2021-04-10 01:06:31,050 [Listener at 127.0.0.1/35629] INFO  server.GrpcService (ConfUtils.java:logGet(44)) - raft.grpc.message.size.max = 32MB (=33554432) (custom)
2021-04-10 01:06:31,050 [Listener at 127.0.0.1/35629] INFO  server.RaftServerConfigKeys (ConfUtils.java:logGet(44)) - raft.server.log.appender.buffer.byte-limit = 33554432 (custom)
2021-04-10 01:06:31,050 [Listener at 127.0.0.1/35629] INFO  server.GrpcService (ConfUtils.java:logGet(44)) - raft.grpc.flow.control.window = 5MB (=5242880) (custom)
2021-04-10 01:06:31,051 [Listener at 127.0.0.1/35629] INFO  server.RaftServerConfigKeys (ConfUtils.java:logGet(44)) - raft.server.rpc.request.timeout = 3000ms (default)
2021-04-10 01:06:31,052 [Listener at 127.0.0.1/35629] INFO  impl.DataStreamServerImpl (ConfUtils.java:logGet(44)) - raft.datastream.type = DISABLED (default)
2021-04-10 01:06:31,052 [Listener at 127.0.0.1/35629] INFO  server.RaftServerConfigKeys (ConfUtils.java:logGet(44)) - raft.server.rpc.slowness.timeout = 300000ms (custom)
2021-04-10 01:06:31,052 [Listener at 127.0.0.1/35629] INFO  server.RaftServerConfigKeys (ConfUtils.java:logGet(44)) - raft.server.leaderelection.leader.step-down.wait-time = 10s (default)
2021-04-10 01:06:31,052 [Listener at 127.0.0.1/35629] INFO  server.RaftServerConfigKeys (ConfUtils.java:logGet(44)) - raft.server.storage.dir = [/github/workspace/mnt/ozone/hadoop-ozone/integration-test/target/test-dir/MiniOzoneClusterImpl-da946c58-7c29-4448-876e-997be65f487e/datanode-0/data/ratis] (custom)
2021-04-10 01:06:31,060 [Listener at 127.0.0.1/35629] INFO  http.BaseHttpServer (BaseHttpServer.java:newHttpServer2BuilderForOzone(207)) - Starting Web-server for hddsDatanode at: http://0.0.0.0:0
2021-04-10 01:06:31,061 [Listener at 127.0.0.1/35629] INFO  http.BaseHttpServer (BaseHttpServer.java:<init>(106)) - Hadoop Security Enabled: false Ozone Security Enabled: false Ozone HTTP Security Enabled: false 
2021-04-10 01:06:31,062 [Listener at 127.0.0.1/35629] INFO  server.AuthenticationFilter (AuthenticationFilter.java:constructSecretProvider(240)) - Unable to initialize FileSignerSecretProvider, falling back to use random secrets.
2021-04-10 01:06:31,062 [Listener at 127.0.0.1/35629] WARN  http.HttpRequestLog (HttpRequestLog.java:getRequestLog(103)) - Jetty request log can only be enabled using Log4j
2021-04-10 01:06:31,063 [Listener at 127.0.0.1/35629] INFO  http.HttpServer2 (HttpServer2.java:addGlobalFilter(1020)) - Added global filter 'safety' (class=org.apache.hadoop.hdds.server.http.HttpServer2$QuotingInputFilter)
2021-04-10 01:06:31,064 [Listener at 127.0.0.1/35629] INFO  http.HttpServer2 (HttpServer2.java:addFilter(996)) - Added filter static_user_filter (class=org.apache.hadoop.http.lib.StaticUserWebFilter$StaticUserFilter) to context hddsDatanode
2021-04-10 01:06:31,064 [Listener at 127.0.0.1/35629] INFO  http.HttpServer2 (HttpServer2.java:addFilter(1004)) - Added filter static_user_filter (class=org.apache.hadoop.http.lib.StaticUserWebFilter$StaticUserFilter) to context logs
2021-04-10 01:06:31,064 [Listener at 127.0.0.1/35629] INFO  http.HttpServer2 (HttpServer2.java:addFilter(1004)) - Added filter static_user_filter (class=org.apache.hadoop.http.lib.StaticUserWebFilter$StaticUserFilter) to context static
2021-04-10 01:06:31,064 [Listener at 127.0.0.1/35629] INFO  http.HttpServer2 (HttpServer2.java:bindListener(1238)) - Jetty bound to port 36319
2021-04-10 01:06:31,065 [Listener at 127.0.0.1/35629] INFO  server.Server (Server.java:doStart(375)) - jetty-9.4.35.v20201120; built: 2020-11-20T21:17:03.964Z; git: bdc54f03a5e0a7e280fab27f55c3c75ee8da89fb; jvm 1.8.0_232-b09
2021-04-10 01:06:31,067 [Listener at 127.0.0.1/35629] INFO  server.session (DefaultSessionIdManager.java:doStart(334)) - DefaultSessionIdManager workerName=node0
2021-04-10 01:06:31,067 [Listener at 127.0.0.1/35629] INFO  server.session (DefaultSessionIdManager.java:doStart(339)) - No SessionScavenger set, using defaults
2021-04-10 01:06:31,067 [Listener at 127.0.0.1/35629] INFO  server.session (HouseKeeper.java:startScavenging(132)) - node0 Scavenging every 600000ms
2021-04-10 01:06:31,068 [Listener at 127.0.0.1/35629] INFO  handler.ContextHandler (ContextHandler.java:doStart(916)) - Started o.e.j.s.ServletContextHandler@4f405fa7{logs,/logs,file:///github/workspace/mnt/ozone/hadoop-ozone/integration-test/target/log,AVAILABLE}
2021-04-10 01:06:31,068 [Listener at 127.0.0.1/35629] INFO  handler.ContextHandler (ContextHandler.java:doStart(916)) - Started o.e.j.s.ServletContextHandler@7fdbab6c{static,/static,jar:file:/home/user/.m2/repository/org/apache/hadoop/hadoop-hdds-container-service/1.1.0-SNAPSHOT/hadoop-hdds-container-service-1.1.0-SNAPSHOT.jar!/webapps/static,AVAILABLE}
2021-04-10 01:06:31,234 [Listener at 127.0.0.1/35629] INFO  handler.ContextHandler (ContextHandler.java:doStart(916)) - Started o.e.j.w.WebAppContext@6683cf7a{hddsDatanode,/,file:///tmp/jetty-0_0_0_0-36319-hadoop-hdds-container-service-1_1_0-SNAPSHOT_jar-_-any-3140145315052063687/webapp/,AVAILABLE}{jar:file:/home/user/.m2/repository/org/apache/hadoop/hadoop-hdds-container-service/1.1.0-SNAPSHOT/hadoop-hdds-container-service-1.1.0-SNAPSHOT.jar!/webapps/hddsDatanode}
2021-04-10 01:06:31,235 [Listener at 127.0.0.1/35629] INFO  server.AbstractConnector (AbstractConnector.java:doStart(331)) - Started ServerConnector@d13ba95{HTTP/1.1, (http/1.1)}{0.0.0.0:36319}
2021-04-10 01:06:31,236 [Listener at 127.0.0.1/35629] INFO  server.Server (Server.java:doStart(415)) - Started @141191ms
2021-04-10 01:06:31,236 [Listener at 127.0.0.1/35629] WARN  impl.MetricsSystemImpl (MetricsSystemImpl.java:register(279)) - Sink prometheus already exists!
2021-04-10 01:06:31,239 [Listener at 127.0.0.1/35629] INFO  http.BaseHttpServer (BaseHttpServer.java:updateConnectorAddress(327)) - HTTP server of hddsDatanode listening at http://0.0.0.0:36319
2021-04-10 01:06:31,239 [Listener at 127.0.0.1/35629] INFO  impl.MetricsSystemImpl (MetricsSystemImpl.java:init(158)) - HddsDatanode metrics system started (again)
2021-04-10 01:06:31,242 [Listener at 127.0.0.1/35629] INFO  ozone.HddsDatanodeService (HddsDatanodeService.java:start(219)) - HddsDatanodeService host:eab485fc2478 ip:172.17.0.2
2021-04-10 01:06:31,243 [Listener at 127.0.0.1/35629] INFO  volume.HddsVolume (HddsVolume.java:<init>(176)) - Creating Volume: /github/workspace/mnt/ozone/hadoop-ozone/integration-test/target/test-dir/MiniOzoneClusterImpl-da946c58-7c29-4448-876e-997be65f487e/datanode-1/data-0/containers/hdds of storage type : DISK and capacity : 9223372036854775807
2021-04-10 01:06:31,243 [Listener at 127.0.0.1/35629] INFO  volume.MutableVolumeSet (MutableVolumeSet.java:initializeVolumeSet(191)) - Added Volume : /github/workspace/mnt/ozone/hadoop-ozone/integration-test/target/test-dir/MiniOzoneClusterImpl-da946c58-7c29-4448-876e-997be65f487e/datanode-1/data-0/containers/hdds to VolumeSet
2021-04-10 01:06:31,244 [Listener at 127.0.0.1/35629] INFO  volume.ThrottledAsyncChecker (ThrottledAsyncChecker.java:schedule(141)) - Scheduling a check for /github/workspace/mnt/ozone/hadoop-ozone/integration-test/target/test-dir/MiniOzoneClusterImpl-da946c58-7c29-4448-876e-997be65f487e/datanode-1/data-0/containers/hdds
2021-04-10 01:06:31,245 [org.apache.hadoop.util.JvmPauseMonitor$Monitor@60887eb6] INFO  util.JvmPauseMonitor (JvmPauseMonitor.java:run(188)) - Starting JVM pause monitor
2021-04-10 01:06:31,246 [Listener at 127.0.0.1/35629] INFO  volume.HddsVolumeChecker (HddsVolumeChecker.java:checkAllVolumes(200)) - Scheduled health check for volume /github/workspace/mnt/ozone/hadoop-ozone/integration-test/target/test-dir/MiniOzoneClusterImpl-da946c58-7c29-4448-876e-997be65f487e/datanode-1/data-0/containers/hdds
2021-04-10 01:06:31,259 [Listener at 127.0.0.1/35629] INFO  ozoneimpl.ContainerReader (ContainerReader.java:<init>(98)) - Running in upgrade mode:true
2021-04-10 01:06:31,259 [Thread-1202] INFO  ozoneimpl.ContainerReader (ContainerReader.java:readVolume(142)) - Start to verify containers on volume /github/workspace/mnt/ozone/hadoop-ozone/integration-test/target/test-dir/MiniOzoneClusterImpl-da946c58-7c29-4448-876e-997be65f487e/datanode-1/data-0/containers/hdds
2021-04-10 01:06:31,259 [Thread-1202] INFO  ozoneimpl.ContainerReader (ContainerReader.java:readVolume(174)) - Finish verifying containers on volume /github/workspace/mnt/ozone/hadoop-ozone/integration-test/target/test-dir/MiniOzoneClusterImpl-da946c58-7c29-4448-876e-997be65f487e/datanode-1/data-0/containers/hdds
2021-04-10 01:06:31,259 [Listener at 127.0.0.1/35629] INFO  ozoneimpl.OzoneContainer (OzoneContainer.java:buildContainerSet(225)) - Build ContainerSet costs 0s
2021-04-10 01:06:31,260 [Datanode State Machine Task Thread - 0] INFO  datanode.InitDatanodeState (InitDatanodeState.java:persistContainerDatanodeDetails(145)) - DatanodeDetails is persisted to /github/workspace/mnt/ozone/hadoop-ozone/integration-test/target/test-dir/MiniOzoneClusterImpl-da946c58-7c29-4448-876e-997be65f487e/datanode-0/meta/datanode.id
2021-04-10 01:06:31,261 [Listener at 127.0.0.1/35629] INFO  server.RaftServer (ConfUtils.java:logGet(44)) - raft.rpc.type = GRPC (default)
2021-04-10 01:06:31,261 [Listener at 127.0.0.1/35629] INFO  grpc.GrpcFactory (GrpcFactory.java:checkPooledByteBufAllocatorUseCacheForAllThreads(48)) - PERFORMANCE WARNING: useCacheForAllThreads is true that may cause Netty to create a lot garbage objects and, as a result, trigger GC.
	It is recommended to disable useCacheForAllThreads by setting -Dorg.apache.ratis.thirdparty.io.netty.allocator.useCacheForAllThreads=false in command line.
2021-04-10 01:06:31,261 [Listener at 127.0.0.1/35629] INFO  grpc.GrpcConfigKeys (ConfUtils.java:logGet(44)) - raft.grpc.admin.port = 0 (custom)
2021-04-10 01:06:31,261 [Listener at 127.0.0.1/35629] INFO  grpc.GrpcConfigKeys (ConfUtils.java:logGet(44)) - raft.grpc.client.port = 0 (custom)
2021-04-10 01:06:31,262 [Listener at 127.0.0.1/35629] INFO  grpc.GrpcConfigKeys (ConfUtils.java:logGet(44)) - raft.grpc.server.port = 0 (default)
2021-04-10 01:06:31,262 [Listener at 127.0.0.1/35629] INFO  server.GrpcService (ConfUtils.java:logGet(44)) - raft.grpc.message.size.max = 32MB (=33554432) (custom)
2021-04-10 01:06:31,262 [Listener at 127.0.0.1/35629] INFO  server.RaftServerConfigKeys (ConfUtils.java:logGet(44)) - raft.server.log.appender.buffer.byte-limit = 33554432 (custom)
2021-04-10 01:06:31,262 [Listener at 127.0.0.1/35629] INFO  server.GrpcService (ConfUtils.java:logGet(44)) - raft.grpc.flow.control.window = 5MB (=5242880) (custom)
2021-04-10 01:06:31,262 [Listener at 127.0.0.1/35629] INFO  server.RaftServerConfigKeys (ConfUtils.java:logGet(44)) - raft.server.rpc.request.timeout = 3000ms (default)
2021-04-10 01:06:31,263 [Listener at 127.0.0.1/35629] INFO  impl.DataStreamServerImpl (ConfUtils.java:logGet(44)) - raft.datastream.type = DISABLED (default)
2021-04-10 01:06:31,264 [Listener at 127.0.0.1/35629] INFO  server.RaftServerConfigKeys (ConfUtils.java:logGet(44)) - raft.server.rpc.slowness.timeout = 300000ms (custom)
2021-04-10 01:06:31,264 [Listener at 127.0.0.1/35629] INFO  server.RaftServerConfigKeys (ConfUtils.java:logGet(44)) - raft.server.leaderelection.leader.step-down.wait-time = 10s (default)
2021-04-10 01:06:31,264 [Listener at 127.0.0.1/35629] INFO  server.RaftServerConfigKeys (ConfUtils.java:logGet(44)) - raft.server.storage.dir = [/github/workspace/mnt/ozone/hadoop-ozone/integration-test/target/test-dir/MiniOzoneClusterImpl-da946c58-7c29-4448-876e-997be65f487e/datanode-1/data/ratis] (custom)
2021-04-10 01:06:31,269 [Listener at 127.0.0.1/35629] INFO  http.BaseHttpServer (BaseHttpServer.java:newHttpServer2BuilderForOzone(207)) - Starting Web-server for hddsDatanode at: http://0.0.0.0:0
2021-04-10 01:06:31,269 [Listener at 127.0.0.1/35629] INFO  http.BaseHttpServer (BaseHttpServer.java:<init>(106)) - Hadoop Security Enabled: false Ozone Security Enabled: false Ozone HTTP Security Enabled: false 
2021-04-10 01:06:31,270 [Listener at 127.0.0.1/35629] INFO  server.AuthenticationFilter (AuthenticationFilter.java:constructSecretProvider(240)) - Unable to initialize FileSignerSecretProvider, falling back to use random secrets.
2021-04-10 01:06:31,270 [Listener at 127.0.0.1/35629] WARN  http.HttpRequestLog (HttpRequestLog.java:getRequestLog(103)) - Jetty request log can only be enabled using Log4j
2021-04-10 01:06:31,271 [Listener at 127.0.0.1/35629] INFO  http.HttpServer2 (HttpServer2.java:addGlobalFilter(1020)) - Added global filter 'safety' (class=org.apache.hadoop.hdds.server.http.HttpServer2$QuotingInputFilter)
2021-04-10 01:06:31,272 [Listener at 127.0.0.1/35629] INFO  http.HttpServer2 (HttpServer2.java:addFilter(996)) - Added filter static_user_filter (class=org.apache.hadoop.http.lib.StaticUserWebFilter$StaticUserFilter) to context hddsDatanode
2021-04-10 01:06:31,272 [Listener at 127.0.0.1/35629] INFO  http.HttpServer2 (HttpServer2.java:addFilter(1004)) - Added filter static_user_filter (class=org.apache.hadoop.http.lib.StaticUserWebFilter$StaticUserFilter) to context logs
2021-04-10 01:06:31,272 [Listener at 127.0.0.1/35629] INFO  http.HttpServer2 (HttpServer2.java:addFilter(1004)) - Added filter static_user_filter (class=org.apache.hadoop.http.lib.StaticUserWebFilter$StaticUserFilter) to context static
2021-04-10 01:06:31,273 [Listener at 127.0.0.1/35629] INFO  http.HttpServer2 (HttpServer2.java:bindListener(1238)) - Jetty bound to port 36135
2021-04-10 01:06:31,273 [Listener at 127.0.0.1/35629] INFO  server.Server (Server.java:doStart(375)) - jetty-9.4.35.v20201120; built: 2020-11-20T21:17:03.964Z; git: bdc54f03a5e0a7e280fab27f55c3c75ee8da89fb; jvm 1.8.0_232-b09
2021-04-10 01:06:31,274 [Listener at 127.0.0.1/35629] INFO  server.session (DefaultSessionIdManager.java:doStart(334)) - DefaultSessionIdManager workerName=node0
2021-04-10 01:06:31,275 [Listener at 127.0.0.1/35629] INFO  server.session (DefaultSessionIdManager.java:doStart(339)) - No SessionScavenger set, using defaults
2021-04-10 01:06:31,275 [Listener at 127.0.0.1/35629] INFO  server.session (HouseKeeper.java:startScavenging(132)) - node0 Scavenging every 600000ms
2021-04-10 01:06:31,276 [Listener at 127.0.0.1/35629] INFO  handler.ContextHandler (ContextHandler.java:doStart(916)) - Started o.e.j.s.ServletContextHandler@60e978dc{logs,/logs,file:///github/workspace/mnt/ozone/hadoop-ozone/integration-test/target/log,AVAILABLE}
2021-04-10 01:06:31,276 [Listener at 127.0.0.1/35629] INFO  handler.ContextHandler (ContextHandler.java:doStart(916)) - Started o.e.j.s.ServletContextHandler@37443848{static,/static,jar:file:/home/user/.m2/repository/org/apache/hadoop/hadoop-hdds-container-service/1.1.0-SNAPSHOT/hadoop-hdds-container-service-1.1.0-SNAPSHOT.jar!/webapps/static,AVAILABLE}
2021-04-10 01:06:31,440 [Listener at 127.0.0.1/35629] INFO  handler.ContextHandler (ContextHandler.java:doStart(916)) - Started o.e.j.w.WebAppContext@75bd2c82{hddsDatanode,/,file:///tmp/jetty-0_0_0_0-36135-hadoop-hdds-container-service-1_1_0-SNAPSHOT_jar-_-any-6771400269010370318/webapp/,AVAILABLE}{jar:file:/home/user/.m2/repository/org/apache/hadoop/hadoop-hdds-container-service/1.1.0-SNAPSHOT/hadoop-hdds-container-service-1.1.0-SNAPSHOT.jar!/webapps/hddsDatanode}
2021-04-10 01:06:31,441 [Listener at 127.0.0.1/35629] INFO  server.AbstractConnector (AbstractConnector.java:doStart(331)) - Started ServerConnector@4a79c8cf{HTTP/1.1, (http/1.1)}{0.0.0.0:36135}
2021-04-10 01:06:31,441 [Listener at 127.0.0.1/35629] INFO  server.Server (Server.java:doStart(415)) - Started @141397ms
2021-04-10 01:06:31,442 [Listener at 127.0.0.1/35629] WARN  impl.MetricsSystemImpl (MetricsSystemImpl.java:register(279)) - Sink prometheus already exists!
2021-04-10 01:06:31,445 [Listener at 127.0.0.1/35629] INFO  http.BaseHttpServer (BaseHttpServer.java:updateConnectorAddress(327)) - HTTP server of hddsDatanode listening at http://0.0.0.0:36135
2021-04-10 01:06:31,447 [Listener at 127.0.0.1/35629] INFO  impl.MetricsSystemImpl (MetricsSystemImpl.java:init(158)) - HddsDatanode metrics system started (again)
2021-04-10 01:06:31,448 [Listener at 127.0.0.1/35629] INFO  ozone.HddsDatanodeService (HddsDatanodeService.java:start(219)) - HddsDatanodeService host:eab485fc2478 ip:172.17.0.2
2021-04-10 01:06:31,453 [org.apache.hadoop.util.JvmPauseMonitor$Monitor@4fbc40e5] INFO  util.JvmPauseMonitor (JvmPauseMonitor.java:run(188)) - Starting JVM pause monitor
2021-04-10 01:06:31,454 [Listener at 127.0.0.1/35629] INFO  volume.HddsVolume (HddsVolume.java:<init>(176)) - Creating Volume: /github/workspace/mnt/ozone/hadoop-ozone/integration-test/target/test-dir/MiniOzoneClusterImpl-da946c58-7c29-4448-876e-997be65f487e/datanode-2/data-0/containers/hdds of storage type : DISK and capacity : 9223372036854775807
2021-04-10 01:06:31,454 [Listener at 127.0.0.1/35629] INFO  volume.MutableVolumeSet (MutableVolumeSet.java:initializeVolumeSet(191)) - Added Volume : /github/workspace/mnt/ozone/hadoop-ozone/integration-test/target/test-dir/MiniOzoneClusterImpl-da946c58-7c29-4448-876e-997be65f487e/datanode-2/data-0/containers/hdds to VolumeSet
2021-04-10 01:06:31,454 [Listener at 127.0.0.1/35629] INFO  volume.ThrottledAsyncChecker (ThrottledAsyncChecker.java:schedule(141)) - Scheduling a check for /github/workspace/mnt/ozone/hadoop-ozone/integration-test/target/test-dir/MiniOzoneClusterImpl-da946c58-7c29-4448-876e-997be65f487e/datanode-2/data-0/containers/hdds
2021-04-10 01:06:31,455 [Listener at 127.0.0.1/35629] INFO  volume.HddsVolumeChecker (HddsVolumeChecker.java:checkAllVolumes(200)) - Scheduled health check for volume /github/workspace/mnt/ozone/hadoop-ozone/integration-test/target/test-dir/MiniOzoneClusterImpl-da946c58-7c29-4448-876e-997be65f487e/datanode-2/data-0/containers/hdds
2021-04-10 01:06:31,465 [Datanode State Machine Task Thread - 0] INFO  datanode.InitDatanodeState (InitDatanodeState.java:persistContainerDatanodeDetails(145)) - DatanodeDetails is persisted to /github/workspace/mnt/ozone/hadoop-ozone/integration-test/target/test-dir/MiniOzoneClusterImpl-da946c58-7c29-4448-876e-997be65f487e/datanode-1/meta/datanode.id
2021-04-10 01:06:31,468 [Listener at 127.0.0.1/35629] INFO  ozoneimpl.ContainerReader (ContainerReader.java:<init>(98)) - Running in upgrade mode:true
2021-04-10 01:06:31,469 [Thread-1213] INFO  ozoneimpl.ContainerReader (ContainerReader.java:readVolume(142)) - Start to verify containers on volume /github/workspace/mnt/ozone/hadoop-ozone/integration-test/target/test-dir/MiniOzoneClusterImpl-da946c58-7c29-4448-876e-997be65f487e/datanode-2/data-0/containers/hdds
2021-04-10 01:06:31,469 [Thread-1213] INFO  ozoneimpl.ContainerReader (ContainerReader.java:readVolume(174)) - Finish verifying containers on volume /github/workspace/mnt/ozone/hadoop-ozone/integration-test/target/test-dir/MiniOzoneClusterImpl-da946c58-7c29-4448-876e-997be65f487e/datanode-2/data-0/containers/hdds
2021-04-10 01:06:31,469 [Listener at 127.0.0.1/35629] INFO  ozoneimpl.OzoneContainer (OzoneContainer.java:buildContainerSet(225)) - Build ContainerSet costs 0s
2021-04-10 01:06:31,470 [Listener at 127.0.0.1/35629] INFO  server.RaftServer (ConfUtils.java:logGet(44)) - raft.rpc.type = GRPC (default)
2021-04-10 01:06:31,471 [Listener at 127.0.0.1/35629] INFO  grpc.GrpcFactory (GrpcFactory.java:checkPooledByteBufAllocatorUseCacheForAllThreads(48)) - PERFORMANCE WARNING: useCacheForAllThreads is true that may cause Netty to create a lot garbage objects and, as a result, trigger GC.
	It is recommended to disable useCacheForAllThreads by setting -Dorg.apache.ratis.thirdparty.io.netty.allocator.useCacheForAllThreads=false in command line.
2021-04-10 01:06:31,471 [Listener at 127.0.0.1/35629] INFO  grpc.GrpcConfigKeys (ConfUtils.java:logGet(44)) - raft.grpc.admin.port = 0 (custom)
2021-04-10 01:06:31,471 [Listener at 127.0.0.1/35629] INFO  grpc.GrpcConfigKeys (ConfUtils.java:logGet(44)) - raft.grpc.client.port = 0 (custom)
2021-04-10 01:06:31,471 [Listener at 127.0.0.1/35629] INFO  grpc.GrpcConfigKeys (ConfUtils.java:logGet(44)) - raft.grpc.server.port = 0 (default)
2021-04-10 01:06:31,471 [Listener at 127.0.0.1/35629] INFO  server.GrpcService (ConfUtils.java:logGet(44)) - raft.grpc.message.size.max = 32MB (=33554432) (custom)
2021-04-10 01:06:31,472 [Listener at 127.0.0.1/35629] INFO  server.RaftServerConfigKeys (ConfUtils.java:logGet(44)) - raft.server.log.appender.buffer.byte-limit = 33554432 (custom)
2021-04-10 01:06:31,472 [Listener at 127.0.0.1/35629] INFO  server.GrpcService (ConfUtils.java:logGet(44)) - raft.grpc.flow.control.window = 5MB (=5242880) (custom)
2021-04-10 01:06:31,472 [Listener at 127.0.0.1/35629] INFO  server.RaftServerConfigKeys (ConfUtils.java:logGet(44)) - raft.server.rpc.request.timeout = 3000ms (default)
2021-04-10 01:06:31,473 [Listener at 127.0.0.1/35629] INFO  impl.DataStreamServerImpl (ConfUtils.java:logGet(44)) - raft.datastream.type = DISABLED (default)
2021-04-10 01:06:31,473 [Listener at 127.0.0.1/35629] INFO  server.RaftServerConfigKeys (ConfUtils.java:logGet(44)) - raft.server.rpc.slowness.timeout = 300000ms (custom)
2021-04-10 01:06:31,474 [Listener at 127.0.0.1/35629] INFO  server.RaftServerConfigKeys (ConfUtils.java:logGet(44)) - raft.server.leaderelection.leader.step-down.wait-time = 10s (default)
2021-04-10 01:06:31,474 [Listener at 127.0.0.1/35629] INFO  server.RaftServerConfigKeys (ConfUtils.java:logGet(44)) - raft.server.storage.dir = [/github/workspace/mnt/ozone/hadoop-ozone/integration-test/target/test-dir/MiniOzoneClusterImpl-da946c58-7c29-4448-876e-997be65f487e/datanode-2/data/ratis] (custom)
2021-04-10 01:06:31,479 [Listener at 127.0.0.1/35629] INFO  http.BaseHttpServer (BaseHttpServer.java:newHttpServer2BuilderForOzone(207)) - Starting Web-server for hddsDatanode at: http://0.0.0.0:0
2021-04-10 01:06:31,480 [Listener at 127.0.0.1/35629] INFO  http.BaseHttpServer (BaseHttpServer.java:<init>(106)) - Hadoop Security Enabled: false Ozone Security Enabled: false Ozone HTTP Security Enabled: false 
2021-04-10 01:06:31,481 [Listener at 127.0.0.1/35629] INFO  server.AuthenticationFilter (AuthenticationFilter.java:constructSecretProvider(240)) - Unable to initialize FileSignerSecretProvider, falling back to use random secrets.
2021-04-10 01:06:31,481 [Listener at 127.0.0.1/35629] WARN  http.HttpRequestLog (HttpRequestLog.java:getRequestLog(103)) - Jetty request log can only be enabled using Log4j
2021-04-10 01:06:31,482 [Listener at 127.0.0.1/35629] INFO  http.HttpServer2 (HttpServer2.java:addGlobalFilter(1020)) - Added global filter 'safety' (class=org.apache.hadoop.hdds.server.http.HttpServer2$QuotingInputFilter)
2021-04-10 01:06:31,482 [Listener at 127.0.0.1/35629] INFO  http.HttpServer2 (HttpServer2.java:addFilter(996)) - Added filter static_user_filter (class=org.apache.hadoop.http.lib.StaticUserWebFilter$StaticUserFilter) to context hddsDatanode
2021-04-10 01:06:31,483 [Listener at 127.0.0.1/35629] INFO  http.HttpServer2 (HttpServer2.java:addFilter(1004)) - Added filter static_user_filter (class=org.apache.hadoop.http.lib.StaticUserWebFilter$StaticUserFilter) to context logs
2021-04-10 01:06:31,483 [Listener at 127.0.0.1/35629] INFO  http.HttpServer2 (HttpServer2.java:addFilter(1004)) - Added filter static_user_filter (class=org.apache.hadoop.http.lib.StaticUserWebFilter$StaticUserFilter) to context static
2021-04-10 01:06:31,483 [Listener at 127.0.0.1/35629] INFO  http.HttpServer2 (HttpServer2.java:bindListener(1238)) - Jetty bound to port 39481
2021-04-10 01:06:31,483 [Listener at 127.0.0.1/35629] INFO  server.Server (Server.java:doStart(375)) - jetty-9.4.35.v20201120; built: 2020-11-20T21:17:03.964Z; git: bdc54f03a5e0a7e280fab27f55c3c75ee8da89fb; jvm 1.8.0_232-b09
2021-04-10 01:06:31,486 [Listener at 127.0.0.1/35629] INFO  server.session (DefaultSessionIdManager.java:doStart(334)) - DefaultSessionIdManager workerName=node0
2021-04-10 01:06:31,486 [Listener at 127.0.0.1/35629] INFO  server.session (DefaultSessionIdManager.java:doStart(339)) - No SessionScavenger set, using defaults
2021-04-10 01:06:31,486 [Listener at 127.0.0.1/35629] INFO  server.session (HouseKeeper.java:startScavenging(132)) - node0 Scavenging every 660000ms
2021-04-10 01:06:31,487 [Listener at 127.0.0.1/35629] INFO  handler.ContextHandler (ContextHandler.java:doStart(916)) - Started o.e.j.s.ServletContextHandler@5ea8b13c{logs,/logs,file:///github/workspace/mnt/ozone/hadoop-ozone/integration-test/target/log,AVAILABLE}
2021-04-10 01:06:31,488 [Listener at 127.0.0.1/35629] INFO  handler.ContextHandler (ContextHandler.java:doStart(916)) - Started o.e.j.s.ServletContextHandler@3f4f70ca{static,/static,jar:file:/home/user/.m2/repository/org/apache/hadoop/hadoop-hdds-container-service/1.1.0-SNAPSHOT/hadoop-hdds-container-service-1.1.0-SNAPSHOT.jar!/webapps/static,AVAILABLE}
2021-04-10 01:06:31,647 [Listener at 127.0.0.1/35629] INFO  handler.ContextHandler (ContextHandler.java:doStart(916)) - Started o.e.j.w.WebAppContext@2224628d{hddsDatanode,/,file:///tmp/jetty-0_0_0_0-39481-hadoop-hdds-container-service-1_1_0-SNAPSHOT_jar-_-any-6977740341422219640/webapp/,AVAILABLE}{jar:file:/home/user/.m2/repository/org/apache/hadoop/hadoop-hdds-container-service/1.1.0-SNAPSHOT/hadoop-hdds-container-service-1.1.0-SNAPSHOT.jar!/webapps/hddsDatanode}
2021-04-10 01:06:31,648 [Listener at 127.0.0.1/35629] INFO  server.AbstractConnector (AbstractConnector.java:doStart(331)) - Started ServerConnector@42f623e1{HTTP/1.1, (http/1.1)}{0.0.0.0:39481}
2021-04-10 01:06:31,648 [Listener at 127.0.0.1/35629] INFO  server.Server (Server.java:doStart(415)) - Started @141604ms
2021-04-10 01:06:31,648 [Listener at 127.0.0.1/35629] WARN  impl.MetricsSystemImpl (MetricsSystemImpl.java:register(279)) - Sink prometheus already exists!
2021-04-10 01:06:31,652 [Listener at 127.0.0.1/35629] INFO  http.BaseHttpServer (BaseHttpServer.java:updateConnectorAddress(327)) - HTTP server of hddsDatanode listening at http://0.0.0.0:39481
2021-04-10 01:06:31,652 [Listener at 127.0.0.1/35629] INFO  impl.MetricsSystemImpl (MetricsSystemImpl.java:init(158)) - HddsDatanode metrics system started (again)
2021-04-10 01:06:31,655 [Listener at 127.0.0.1/35629] INFO  ozone.HddsDatanodeService (HddsDatanodeService.java:start(219)) - HddsDatanodeService host:eab485fc2478 ip:172.17.0.2
2021-04-10 01:06:31,656 [Listener at 127.0.0.1/35629] INFO  volume.HddsVolume (HddsVolume.java:<init>(176)) - Creating Volume: /github/workspace/mnt/ozone/hadoop-ozone/integration-test/target/test-dir/MiniOzoneClusterImpl-da946c58-7c29-4448-876e-997be65f487e/datanode-3/data-0/containers/hdds of storage type : DISK and capacity : 9223372036854775807
2021-04-10 01:06:31,656 [Listener at 127.0.0.1/35629] INFO  volume.MutableVolumeSet (MutableVolumeSet.java:initializeVolumeSet(191)) - Added Volume : /github/workspace/mnt/ozone/hadoop-ozone/integration-test/target/test-dir/MiniOzoneClusterImpl-da946c58-7c29-4448-876e-997be65f487e/datanode-3/data-0/containers/hdds to VolumeSet
2021-04-10 01:06:31,657 [Listener at 127.0.0.1/35629] INFO  volume.ThrottledAsyncChecker (ThrottledAsyncChecker.java:schedule(141)) - Scheduling a check for /github/workspace/mnt/ozone/hadoop-ozone/integration-test/target/test-dir/MiniOzoneClusterImpl-da946c58-7c29-4448-876e-997be65f487e/datanode-3/data-0/containers/hdds
2021-04-10 01:06:31,661 [org.apache.hadoop.util.JvmPauseMonitor$Monitor@147a909a] INFO  util.JvmPauseMonitor (JvmPauseMonitor.java:run(188)) - Starting JVM pause monitor
2021-04-10 01:06:31,662 [Listener at 127.0.0.1/35629] INFO  volume.HddsVolumeChecker (HddsVolumeChecker.java:checkAllVolumes(200)) - Scheduled health check for volume /github/workspace/mnt/ozone/hadoop-ozone/integration-test/target/test-dir/MiniOzoneClusterImpl-da946c58-7c29-4448-876e-997be65f487e/datanode-3/data-0/containers/hdds
2021-04-10 01:06:31,666 [Datanode State Machine Task Thread - 0] INFO  datanode.InitDatanodeState (InitDatanodeState.java:persistContainerDatanodeDetails(145)) - DatanodeDetails is persisted to /github/workspace/mnt/ozone/hadoop-ozone/integration-test/target/test-dir/MiniOzoneClusterImpl-da946c58-7c29-4448-876e-997be65f487e/datanode-2/meta/datanode.id
2021-04-10 01:06:31,675 [Listener at 127.0.0.1/35629] INFO  ozoneimpl.ContainerReader (ContainerReader.java:<init>(98)) - Running in upgrade mode:true
2021-04-10 01:06:31,676 [Thread-1224] INFO  ozoneimpl.ContainerReader (ContainerReader.java:readVolume(142)) - Start to verify containers on volume /github/workspace/mnt/ozone/hadoop-ozone/integration-test/target/test-dir/MiniOzoneClusterImpl-da946c58-7c29-4448-876e-997be65f487e/datanode-3/data-0/containers/hdds
2021-04-10 01:06:31,676 [Thread-1224] INFO  ozoneimpl.ContainerReader (ContainerReader.java:readVolume(174)) - Finish verifying containers on volume /github/workspace/mnt/ozone/hadoop-ozone/integration-test/target/test-dir/MiniOzoneClusterImpl-da946c58-7c29-4448-876e-997be65f487e/datanode-3/data-0/containers/hdds
2021-04-10 01:06:31,676 [Listener at 127.0.0.1/35629] INFO  ozoneimpl.OzoneContainer (OzoneContainer.java:buildContainerSet(225)) - Build ContainerSet costs 0s
2021-04-10 01:06:31,677 [Listener at 127.0.0.1/35629] INFO  server.RaftServer (ConfUtils.java:logGet(44)) - raft.rpc.type = GRPC (default)
2021-04-10 01:06:31,678 [Listener at 127.0.0.1/35629] INFO  grpc.GrpcFactory (GrpcFactory.java:checkPooledByteBufAllocatorUseCacheForAllThreads(48)) - PERFORMANCE WARNING: useCacheForAllThreads is true that may cause Netty to create a lot garbage objects and, as a result, trigger GC.
	It is recommended to disable useCacheForAllThreads by setting -Dorg.apache.ratis.thirdparty.io.netty.allocator.useCacheForAllThreads=false in command line.
2021-04-10 01:06:31,678 [Listener at 127.0.0.1/35629] INFO  grpc.GrpcConfigKeys (ConfUtils.java:logGet(44)) - raft.grpc.admin.port = 0 (custom)
2021-04-10 01:06:31,678 [Listener at 127.0.0.1/35629] INFO  grpc.GrpcConfigKeys (ConfUtils.java:logGet(44)) - raft.grpc.client.port = 0 (custom)
2021-04-10 01:06:31,678 [Listener at 127.0.0.1/35629] INFO  grpc.GrpcConfigKeys (ConfUtils.java:logGet(44)) - raft.grpc.server.port = 0 (default)
2021-04-10 01:06:31,679 [Listener at 127.0.0.1/35629] INFO  server.GrpcService (ConfUtils.java:logGet(44)) - raft.grpc.message.size.max = 32MB (=33554432) (custom)
2021-04-10 01:06:31,679 [Listener at 127.0.0.1/35629] INFO  server.RaftServerConfigKeys (ConfUtils.java:logGet(44)) - raft.server.log.appender.buffer.byte-limit = 33554432 (custom)
2021-04-10 01:06:31,679 [Listener at 127.0.0.1/35629] INFO  server.GrpcService (ConfUtils.java:logGet(44)) - raft.grpc.flow.control.window = 5MB (=5242880) (custom)
2021-04-10 01:06:31,679 [Listener at 127.0.0.1/35629] INFO  server.RaftServerConfigKeys (ConfUtils.java:logGet(44)) - raft.server.rpc.request.timeout = 3000ms (default)
2021-04-10 01:06:31,680 [Listener at 127.0.0.1/35629] INFO  impl.DataStreamServerImpl (ConfUtils.java:logGet(44)) - raft.datastream.type = DISABLED (default)
2021-04-10 01:06:31,680 [Listener at 127.0.0.1/35629] INFO  server.RaftServerConfigKeys (ConfUtils.java:logGet(44)) - raft.server.rpc.slowness.timeout = 300000ms (custom)
2021-04-10 01:06:31,680 [Listener at 127.0.0.1/35629] INFO  server.RaftServerConfigKeys (ConfUtils.java:logGet(44)) - raft.server.leaderelection.leader.step-down.wait-time = 10s (default)
2021-04-10 01:06:31,681 [Listener at 127.0.0.1/35629] INFO  server.RaftServerConfigKeys (ConfUtils.java:logGet(44)) - raft.server.storage.dir = [/github/workspace/mnt/ozone/hadoop-ozone/integration-test/target/test-dir/MiniOzoneClusterImpl-da946c58-7c29-4448-876e-997be65f487e/datanode-3/data/ratis] (custom)
2021-04-10 01:06:31,686 [Listener at 127.0.0.1/35629] INFO  http.BaseHttpServer (BaseHttpServer.java:newHttpServer2BuilderForOzone(207)) - Starting Web-server for hddsDatanode at: http://0.0.0.0:0
2021-04-10 01:06:31,686 [Listener at 127.0.0.1/35629] INFO  http.BaseHttpServer (BaseHttpServer.java:<init>(106)) - Hadoop Security Enabled: false Ozone Security Enabled: false Ozone HTTP Security Enabled: false 
2021-04-10 01:06:31,687 [Listener at 127.0.0.1/35629] INFO  server.AuthenticationFilter (AuthenticationFilter.java:constructSecretProvider(240)) - Unable to initialize FileSignerSecretProvider, falling back to use random secrets.
2021-04-10 01:06:31,687 [Listener at 127.0.0.1/35629] WARN  http.HttpRequestLog (HttpRequestLog.java:getRequestLog(103)) - Jetty request log can only be enabled using Log4j
2021-04-10 01:06:31,688 [Listener at 127.0.0.1/35629] INFO  http.HttpServer2 (HttpServer2.java:addGlobalFilter(1020)) - Added global filter 'safety' (class=org.apache.hadoop.hdds.server.http.HttpServer2$QuotingInputFilter)
2021-04-10 01:06:31,688 [Listener at 127.0.0.1/35629] INFO  http.HttpServer2 (HttpServer2.java:addFilter(996)) - Added filter static_user_filter (class=org.apache.hadoop.http.lib.StaticUserWebFilter$StaticUserFilter) to context hddsDatanode
2021-04-10 01:06:31,689 [Listener at 127.0.0.1/35629] INFO  http.HttpServer2 (HttpServer2.java:addFilter(1004)) - Added filter static_user_filter (class=org.apache.hadoop.http.lib.StaticUserWebFilter$StaticUserFilter) to context logs
2021-04-10 01:06:31,689 [Listener at 127.0.0.1/35629] INFO  http.HttpServer2 (HttpServer2.java:addFilter(1004)) - Added filter static_user_filter (class=org.apache.hadoop.http.lib.StaticUserWebFilter$StaticUserFilter) to context static
2021-04-10 01:06:31,689 [Listener at 127.0.0.1/35629] INFO  http.HttpServer2 (HttpServer2.java:bindListener(1238)) - Jetty bound to port 43437
2021-04-10 01:06:31,689 [Listener at 127.0.0.1/35629] INFO  server.Server (Server.java:doStart(375)) - jetty-9.4.35.v20201120; built: 2020-11-20T21:17:03.964Z; git: bdc54f03a5e0a7e280fab27f55c3c75ee8da89fb; jvm 1.8.0_232-b09
2021-04-10 01:06:31,691 [Listener at 127.0.0.1/35629] INFO  server.session (DefaultSessionIdManager.java:doStart(334)) - DefaultSessionIdManager workerName=node0
2021-04-10 01:06:31,691 [Listener at 127.0.0.1/35629] INFO  server.session (DefaultSessionIdManager.java:doStart(339)) - No SessionScavenger set, using defaults
2021-04-10 01:06:31,692 [Listener at 127.0.0.1/35629] INFO  server.session (HouseKeeper.java:startScavenging(132)) - node0 Scavenging every 660000ms
2021-04-10 01:06:31,692 [Listener at 127.0.0.1/35629] INFO  handler.ContextHandler (ContextHandler.java:doStart(916)) - Started o.e.j.s.ServletContextHandler@17a394d2{logs,/logs,file:///github/workspace/mnt/ozone/hadoop-ozone/integration-test/target/log,AVAILABLE}
2021-04-10 01:06:31,693 [Listener at 127.0.0.1/35629] INFO  handler.ContextHandler (ContextHandler.java:doStart(916)) - Started o.e.j.s.ServletContextHandler@4d437408{static,/static,jar:file:/home/user/.m2/repository/org/apache/hadoop/hadoop-hdds-container-service/1.1.0-SNAPSHOT/hadoop-hdds-container-service-1.1.0-SNAPSHOT.jar!/webapps/static,AVAILABLE}
2021-04-10 01:06:31,846 [Listener at 127.0.0.1/35629] INFO  handler.ContextHandler (ContextHandler.java:doStart(916)) - Started o.e.j.w.WebAppContext@4ad8eaa5{hddsDatanode,/,file:///tmp/jetty-0_0_0_0-43437-hadoop-hdds-container-service-1_1_0-SNAPSHOT_jar-_-any-6782024914349237846/webapp/,AVAILABLE}{jar:file:/home/user/.m2/repository/org/apache/hadoop/hadoop-hdds-container-service/1.1.0-SNAPSHOT/hadoop-hdds-container-service-1.1.0-SNAPSHOT.jar!/webapps/hddsDatanode}
2021-04-10 01:06:31,847 [Listener at 127.0.0.1/35629] INFO  server.AbstractConnector (AbstractConnector.java:doStart(331)) - Started ServerConnector@17d75ecc{HTTP/1.1, (http/1.1)}{0.0.0.0:43437}
2021-04-10 01:06:31,848 [Listener at 127.0.0.1/35629] INFO  server.Server (Server.java:doStart(415)) - Started @141803ms
2021-04-10 01:06:31,848 [Listener at 127.0.0.1/35629] WARN  impl.MetricsSystemImpl (MetricsSystemImpl.java:register(279)) - Sink prometheus already exists!
2021-04-10 01:06:31,882 [Listener at 127.0.0.1/35629] INFO  http.BaseHttpServer (BaseHttpServer.java:updateConnectorAddress(327)) - HTTP server of hddsDatanode listening at http://0.0.0.0:43437
2021-04-10 01:06:31,887 [Listener at 127.0.0.1/35629] INFO  impl.MetricsSystemImpl (MetricsSystemImpl.java:init(158)) - HddsDatanode metrics system started (again)
2021-04-10 01:06:31,889 [Listener at 127.0.0.1/35629] INFO  ozone.HddsDatanodeService (HddsDatanodeService.java:start(219)) - HddsDatanodeService host:eab485fc2478 ip:172.17.0.2
2021-04-10 01:06:31,892 [org.apache.hadoop.util.JvmPauseMonitor$Monitor@7977c4a2] INFO  util.JvmPauseMonitor (JvmPauseMonitor.java:run(188)) - Starting JVM pause monitor
2021-04-10 01:06:31,893 [Datanode State Machine Task Thread - 0] INFO  datanode.InitDatanodeState (InitDatanodeState.java:persistContainerDatanodeDetails(145)) - DatanodeDetails is persisted to /github/workspace/mnt/ozone/hadoop-ozone/integration-test/target/test-dir/MiniOzoneClusterImpl-da946c58-7c29-4448-876e-997be65f487e/datanode-3/meta/datanode.id
2021-04-10 01:06:31,894 [Listener at 127.0.0.1/35629] INFO  volume.HddsVolume (HddsVolume.java:<init>(176)) - Creating Volume: /github/workspace/mnt/ozone/hadoop-ozone/integration-test/target/test-dir/MiniOzoneClusterImpl-da946c58-7c29-4448-876e-997be65f487e/datanode-4/data-0/containers/hdds of storage type : DISK and capacity : 9223372036854775807
2021-04-10 01:06:31,894 [Listener at 127.0.0.1/35629] INFO  volume.MutableVolumeSet (MutableVolumeSet.java:initializeVolumeSet(191)) - Added Volume : /github/workspace/mnt/ozone/hadoop-ozone/integration-test/target/test-dir/MiniOzoneClusterImpl-da946c58-7c29-4448-876e-997be65f487e/datanode-4/data-0/containers/hdds to VolumeSet
2021-04-10 01:06:31,895 [Listener at 127.0.0.1/35629] INFO  volume.ThrottledAsyncChecker (ThrottledAsyncChecker.java:schedule(141)) - Scheduling a check for /github/workspace/mnt/ozone/hadoop-ozone/integration-test/target/test-dir/MiniOzoneClusterImpl-da946c58-7c29-4448-876e-997be65f487e/datanode-4/data-0/containers/hdds
2021-04-10 01:06:31,895 [Listener at 127.0.0.1/35629] INFO  volume.HddsVolumeChecker (HddsVolumeChecker.java:checkAllVolumes(200)) - Scheduled health check for volume /github/workspace/mnt/ozone/hadoop-ozone/integration-test/target/test-dir/MiniOzoneClusterImpl-da946c58-7c29-4448-876e-997be65f487e/datanode-4/data-0/containers/hdds
2021-04-10 01:06:31,909 [Listener at 127.0.0.1/35629] INFO  ozoneimpl.ContainerReader (ContainerReader.java:<init>(98)) - Running in upgrade mode:true
2021-04-10 01:06:31,909 [Thread-1235] INFO  ozoneimpl.ContainerReader (ContainerReader.java:readVolume(142)) - Start to verify containers on volume /github/workspace/mnt/ozone/hadoop-ozone/integration-test/target/test-dir/MiniOzoneClusterImpl-da946c58-7c29-4448-876e-997be65f487e/datanode-4/data-0/containers/hdds
2021-04-10 01:06:31,909 [Thread-1235] INFO  ozoneimpl.ContainerReader (ContainerReader.java:readVolume(174)) - Finish verifying containers on volume /github/workspace/mnt/ozone/hadoop-ozone/integration-test/target/test-dir/MiniOzoneClusterImpl-da946c58-7c29-4448-876e-997be65f487e/datanode-4/data-0/containers/hdds
2021-04-10 01:06:31,909 [Listener at 127.0.0.1/35629] INFO  ozoneimpl.OzoneContainer (OzoneContainer.java:buildContainerSet(225)) - Build ContainerSet costs 0s
2021-04-10 01:06:31,911 [Listener at 127.0.0.1/35629] INFO  server.RaftServer (ConfUtils.java:logGet(44)) - raft.rpc.type = GRPC (default)
2021-04-10 01:06:31,911 [Listener at 127.0.0.1/35629] INFO  grpc.GrpcFactory (GrpcFactory.java:checkPooledByteBufAllocatorUseCacheForAllThreads(48)) - PERFORMANCE WARNING: useCacheForAllThreads is true that may cause Netty to create a lot garbage objects and, as a result, trigger GC.
	It is recommended to disable useCacheForAllThreads by setting -Dorg.apache.ratis.thirdparty.io.netty.allocator.useCacheForAllThreads=false in command line.
2021-04-10 01:06:31,911 [Listener at 127.0.0.1/35629] INFO  grpc.GrpcConfigKeys (ConfUtils.java:logGet(44)) - raft.grpc.admin.port = 0 (custom)
2021-04-10 01:06:31,912 [Listener at 127.0.0.1/35629] INFO  grpc.GrpcConfigKeys (ConfUtils.java:logGet(44)) - raft.grpc.client.port = 0 (custom)
2021-04-10 01:06:31,912 [Listener at 127.0.0.1/35629] INFO  grpc.GrpcConfigKeys (ConfUtils.java:logGet(44)) - raft.grpc.server.port = 0 (default)
2021-04-10 01:06:31,912 [Listener at 127.0.0.1/35629] INFO  server.GrpcService (ConfUtils.java:logGet(44)) - raft.grpc.message.size.max = 32MB (=33554432) (custom)
2021-04-10 01:06:31,912 [Listener at 127.0.0.1/35629] INFO  server.RaftServerConfigKeys (ConfUtils.java:logGet(44)) - raft.server.log.appender.buffer.byte-limit = 33554432 (custom)
2021-04-10 01:06:31,912 [Listener at 127.0.0.1/35629] INFO  server.GrpcService (ConfUtils.java:logGet(44)) - raft.grpc.flow.control.window = 5MB (=5242880) (custom)
2021-04-10 01:06:31,912 [Listener at 127.0.0.1/35629] INFO  server.RaftServerConfigKeys (ConfUtils.java:logGet(44)) - raft.server.rpc.request.timeout = 3000ms (default)
2021-04-10 01:06:31,914 [Listener at 127.0.0.1/35629] INFO  impl.DataStreamServerImpl (ConfUtils.java:logGet(44)) - raft.datastream.type = DISABLED (default)
2021-04-10 01:06:31,914 [Listener at 127.0.0.1/35629] INFO  server.RaftServerConfigKeys (ConfUtils.java:logGet(44)) - raft.server.rpc.slowness.timeout = 300000ms (custom)
2021-04-10 01:06:31,914 [Listener at 127.0.0.1/35629] INFO  server.RaftServerConfigKeys (ConfUtils.java:logGet(44)) - raft.server.leaderelection.leader.step-down.wait-time = 10s (default)
2021-04-10 01:06:31,914 [Listener at 127.0.0.1/35629] INFO  server.RaftServerConfigKeys (ConfUtils.java:logGet(44)) - raft.server.storage.dir = [/github/workspace/mnt/ozone/hadoop-ozone/integration-test/target/test-dir/MiniOzoneClusterImpl-da946c58-7c29-4448-876e-997be65f487e/datanode-4/data/ratis] (custom)
2021-04-10 01:06:31,950 [Listener at 127.0.0.1/35629] INFO  http.BaseHttpServer (BaseHttpServer.java:newHttpServer2BuilderForOzone(207)) - Starting Web-server for hddsDatanode at: http://0.0.0.0:0
2021-04-10 01:06:31,950 [Listener at 127.0.0.1/35629] INFO  http.BaseHttpServer (BaseHttpServer.java:<init>(106)) - Hadoop Security Enabled: false Ozone Security Enabled: false Ozone HTTP Security Enabled: false 
2021-04-10 01:06:31,951 [Listener at 127.0.0.1/35629] INFO  server.AuthenticationFilter (AuthenticationFilter.java:constructSecretProvider(240)) - Unable to initialize FileSignerSecretProvider, falling back to use random secrets.
2021-04-10 01:06:31,951 [Listener at 127.0.0.1/35629] WARN  http.HttpRequestLog (HttpRequestLog.java:getRequestLog(103)) - Jetty request log can only be enabled using Log4j
2021-04-10 01:06:31,952 [Listener at 127.0.0.1/35629] INFO  http.HttpServer2 (HttpServer2.java:addGlobalFilter(1020)) - Added global filter 'safety' (class=org.apache.hadoop.hdds.server.http.HttpServer2$QuotingInputFilter)
2021-04-10 01:06:31,952 [Listener at 127.0.0.1/35629] INFO  http.HttpServer2 (HttpServer2.java:addFilter(996)) - Added filter static_user_filter (class=org.apache.hadoop.http.lib.StaticUserWebFilter$StaticUserFilter) to context hddsDatanode
2021-04-10 01:06:31,953 [Listener at 127.0.0.1/35629] INFO  http.HttpServer2 (HttpServer2.java:addFilter(1004)) - Added filter static_user_filter (class=org.apache.hadoop.http.lib.StaticUserWebFilter$StaticUserFilter) to context logs
2021-04-10 01:06:31,953 [Listener at 127.0.0.1/35629] INFO  http.HttpServer2 (HttpServer2.java:addFilter(1004)) - Added filter static_user_filter (class=org.apache.hadoop.http.lib.StaticUserWebFilter$StaticUserFilter) to context static
2021-04-10 01:06:31,953 [Listener at 127.0.0.1/35629] INFO  http.HttpServer2 (HttpServer2.java:bindListener(1238)) - Jetty bound to port 40267
2021-04-10 01:06:31,954 [Listener at 127.0.0.1/35629] INFO  server.Server (Server.java:doStart(375)) - jetty-9.4.35.v20201120; built: 2020-11-20T21:17:03.964Z; git: bdc54f03a5e0a7e280fab27f55c3c75ee8da89fb; jvm 1.8.0_232-b09
2021-04-10 01:06:31,955 [Listener at 127.0.0.1/35629] INFO  server.session (DefaultSessionIdManager.java:doStart(334)) - DefaultSessionIdManager workerName=node0
2021-04-10 01:06:31,955 [Listener at 127.0.0.1/35629] INFO  server.session (DefaultSessionIdManager.java:doStart(339)) - No SessionScavenger set, using defaults
2021-04-10 01:06:31,956 [Listener at 127.0.0.1/35629] INFO  server.session (HouseKeeper.java:startScavenging(132)) - node0 Scavenging every 600000ms
2021-04-10 01:06:31,956 [Listener at 127.0.0.1/35629] INFO  handler.ContextHandler (ContextHandler.java:doStart(916)) - Started o.e.j.s.ServletContextHandler@7cd3c0c{logs,/logs,file:///github/workspace/mnt/ozone/hadoop-ozone/integration-test/target/log,AVAILABLE}
2021-04-10 01:06:31,957 [Listener at 127.0.0.1/35629] INFO  handler.ContextHandler (ContextHandler.java:doStart(916)) - Started o.e.j.s.ServletContextHandler@66ee50b6{static,/static,jar:file:/home/user/.m2/repository/org/apache/hadoop/hadoop-hdds-container-service/1.1.0-SNAPSHOT/hadoop-hdds-container-service-1.1.0-SNAPSHOT.jar!/webapps/static,AVAILABLE}
2021-04-10 01:06:32,115 [Listener at 127.0.0.1/35629] INFO  handler.ContextHandler (ContextHandler.java:doStart(916)) - Started o.e.j.w.WebAppContext@6b0e9e{hddsDatanode,/,file:///tmp/jetty-0_0_0_0-40267-hadoop-hdds-container-service-1_1_0-SNAPSHOT_jar-_-any-6960172686336178401/webapp/,AVAILABLE}{jar:file:/home/user/.m2/repository/org/apache/hadoop/hadoop-hdds-container-service/1.1.0-SNAPSHOT/hadoop-hdds-container-service-1.1.0-SNAPSHOT.jar!/webapps/hddsDatanode}
2021-04-10 01:06:32,117 [Listener at 127.0.0.1/35629] INFO  server.AbstractConnector (AbstractConnector.java:doStart(331)) - Started ServerConnector@74a4a82a{HTTP/1.1, (http/1.1)}{0.0.0.0:40267}
2021-04-10 01:06:32,117 [Listener at 127.0.0.1/35629] INFO  server.Server (Server.java:doStart(415)) - Started @142073ms
2021-04-10 01:06:32,117 [Listener at 127.0.0.1/35629] WARN  impl.MetricsSystemImpl (MetricsSystemImpl.java:register(279)) - Sink prometheus already exists!
2021-04-10 01:06:32,120 [Listener at 127.0.0.1/35629] INFO  http.BaseHttpServer (BaseHttpServer.java:updateConnectorAddress(327)) - HTTP server of hddsDatanode listening at http://0.0.0.0:40267
2021-04-10 01:06:32,121 [Listener at 127.0.0.1/35629] INFO  impl.MetricsSystemImpl (MetricsSystemImpl.java:init(158)) - HddsDatanode metrics system started (again)
2021-04-10 01:06:32,124 [Listener at 127.0.0.1/35629] INFO  ozone.HddsDatanodeService (HddsDatanodeService.java:start(219)) - HddsDatanodeService host:eab485fc2478 ip:172.17.0.2
2021-04-10 01:06:32,125 [Listener at 127.0.0.1/35629] INFO  volume.HddsVolume (HddsVolume.java:<init>(176)) - Creating Volume: /github/workspace/mnt/ozone/hadoop-ozone/integration-test/target/test-dir/MiniOzoneClusterImpl-da946c58-7c29-4448-876e-997be65f487e/datanode-5/data-0/containers/hdds of storage type : DISK and capacity : 9223372036854775807
2021-04-10 01:06:32,125 [Listener at 127.0.0.1/35629] INFO  volume.MutableVolumeSet (MutableVolumeSet.java:initializeVolumeSet(191)) - Added Volume : /github/workspace/mnt/ozone/hadoop-ozone/integration-test/target/test-dir/MiniOzoneClusterImpl-da946c58-7c29-4448-876e-997be65f487e/datanode-5/data-0/containers/hdds to VolumeSet
2021-04-10 01:06:32,125 [Listener at 127.0.0.1/35629] INFO  volume.ThrottledAsyncChecker (ThrottledAsyncChecker.java:schedule(141)) - Scheduling a check for /github/workspace/mnt/ozone/hadoop-ozone/integration-test/target/test-dir/MiniOzoneClusterImpl-da946c58-7c29-4448-876e-997be65f487e/datanode-5/data-0/containers/hdds
2021-04-10 01:06:32,134 [org.apache.hadoop.util.JvmPauseMonitor$Monitor@749d6d38] INFO  util.JvmPauseMonitor (JvmPauseMonitor.java:run(188)) - Starting JVM pause monitor
2021-04-10 01:06:32,134 [Listener at 127.0.0.1/35629] INFO  volume.HddsVolumeChecker (HddsVolumeChecker.java:checkAllVolumes(200)) - Scheduled health check for volume /github/workspace/mnt/ozone/hadoop-ozone/integration-test/target/test-dir/MiniOzoneClusterImpl-da946c58-7c29-4448-876e-997be65f487e/datanode-5/data-0/containers/hdds
2021-04-10 01:06:32,137 [om1@group-C5BA1605619E-FollowerState] INFO  impl.FollowerState (FollowerState.java:run(134)) - om1@group-C5BA1605619E-FollowerState: change to CANDIDATE, lastRpcElapsedTime:1182875750ns, electionTimeout:1180ms
2021-04-10 01:06:32,137 [om1@group-C5BA1605619E-FollowerState] INFO  impl.RoleInfo (RoleInfo.java:shutdownFollowerState(108)) - om1: shutdown om1@group-C5BA1605619E-FollowerState
2021-04-10 01:06:32,137 [om1@group-C5BA1605619E-FollowerState] INFO  server.RaftServer$Division (RaftServerImpl.java:setRole(284)) - om1@group-C5BA1605619E: changes role from  FOLLOWER to CANDIDATE at term 0 for changeToCandidate
2021-04-10 01:06:32,137 [om1@group-C5BA1605619E-FollowerState] INFO  server.RaftServerConfigKeys (ConfUtils.java:logGet(44)) - raft.server.leaderelection.pre-vote = false (custom)
2021-04-10 01:06:32,137 [om1@group-C5BA1605619E-FollowerState] INFO  impl.RoleInfo (RoleInfo.java:updateAndGet(130)) - om1: start om1@group-C5BA1605619E-LeaderElection44
2021-04-10 01:06:32,138 [Datanode State Machine Task Thread - 0] INFO  datanode.InitDatanodeState (InitDatanodeState.java:persistContainerDatanodeDetails(145)) - DatanodeDetails is persisted to /github/workspace/mnt/ozone/hadoop-ozone/integration-test/target/test-dir/MiniOzoneClusterImpl-da946c58-7c29-4448-876e-997be65f487e/datanode-4/meta/datanode.id
2021-04-10 01:06:32,150 [Listener at 127.0.0.1/35629] INFO  ozoneimpl.ContainerReader (ContainerReader.java:<init>(98)) - Running in upgrade mode:true
2021-04-10 01:06:32,152 [om1@group-C5BA1605619E-LeaderElection44] INFO  impl.LeaderElection (LeaderElection.java:askForVotes(306)) - om1@group-C5BA1605619E-LeaderElection44 ELECTION round 0: submit vote requests at term 1 for -1: [om1|rpc:localhost:9872|priority:0], old=null
2021-04-10 01:06:32,152 [om1@group-C5BA1605619E-LeaderElection44] INFO  impl.LeaderElection (LeaderElection.java:askForVotes(308)) - om1@group-C5BA1605619E-LeaderElection44 ELECTION round 0: result PASSED (term=1)
2021-04-10 01:06:32,152 [om1@group-C5BA1605619E-LeaderElection44] INFO  impl.RoleInfo (RoleInfo.java:shutdownLeaderElection(121)) - om1: shutdown om1@group-C5BA1605619E-LeaderElection44
2021-04-10 01:06:32,152 [om1@group-C5BA1605619E-LeaderElection44] INFO  server.RaftServer$Division (RaftServerImpl.java:setRole(284)) - om1@group-C5BA1605619E: changes role from CANDIDATE to LEADER at term 1 for changeToLeader
2021-04-10 01:06:32,152 [om1@group-C5BA1605619E-LeaderElection44] INFO  server.RaftServer$Division (ServerState.java:setLeader(271)) - om1@group-C5BA1605619E: change Leader from null to om1 at term 1 for becomeLeader, leader elected after 1214ms
2021-04-10 01:06:32,152 [om1@group-C5BA1605619E-LeaderElection44] INFO  server.RaftServerConfigKeys (ConfUtils.java:logGet(44)) - raft.server.staging.catchup.gap = 1000 (default)
2021-04-10 01:06:32,153 [om1@group-C5BA1605619E-LeaderElection44] INFO  metrics.RatisMetrics (RatisMetrics.java:lambda$create$0(36)) - Creating Metrics Registry : ratis.log_appender.om1@group-C5BA1605619E
2021-04-10 01:06:32,153 [om1@group-C5BA1605619E-LeaderElection44] INFO  server.RaftServerConfigKeys (ConfUtils.java:logGet(44)) - raft.server.write.element-limit = 4096 (default)
2021-04-10 01:06:32,154 [om1@group-C5BA1605619E-LeaderElection44] INFO  server.RaftServerConfigKeys (ConfUtils.java:logGet(44)) - raft.server.write.byte-limit = 64MB (=67108864) (default)
2021-04-10 01:06:32,154 [om1@group-C5BA1605619E-LeaderElection44] INFO  server.RaftServerConfigKeys (ConfUtils.java:logGet(44)) - raft.server.watch.timeout = 10s (default)
2021-04-10 01:06:32,154 [om1@group-C5BA1605619E-LeaderElection44] INFO  server.RaftServerConfigKeys (ConfUtils.java:logGet(44)) - raft.server.watch.timeout.denomination = 1s (default)
2021-04-10 01:06:32,154 [om1@group-C5BA1605619E-LeaderElection44] INFO  server.RaftServerConfigKeys (ConfUtils.java:logGet(44)) - raft.server.watch.element-limit = 65536 (default)
2021-04-10 01:06:32,154 [om1@group-C5BA1605619E-LeaderElection44] INFO  impl.RoleInfo (RoleInfo.java:updateAndGet(130)) - om1: start om1@group-C5BA1605619E-LeaderStateImpl
2021-04-10 01:06:32,155 [om1@group-C5BA1605619E-LeaderElection44] INFO  segmented.SegmentedRaftLogWorker (SegmentedRaftLogWorker.java:startLogSegment(394)) - om1@group-C5BA1605619E-SegmentedRaftLogWorker: Starting segment from index:0
2021-04-10 01:06:32,155 [Thread-1247] INFO  ozoneimpl.ContainerReader (ContainerReader.java:readVolume(142)) - Start to verify containers on volume /github/workspace/mnt/ozone/hadoop-ozone/integration-test/target/test-dir/MiniOzoneClusterImpl-da946c58-7c29-4448-876e-997be65f487e/datanode-5/data-0/containers/hdds
2021-04-10 01:06:32,155 [Thread-1247] INFO  ozoneimpl.ContainerReader (ContainerReader.java:readVolume(174)) - Finish verifying containers on volume /github/workspace/mnt/ozone/hadoop-ozone/integration-test/target/test-dir/MiniOzoneClusterImpl-da946c58-7c29-4448-876e-997be65f487e/datanode-5/data-0/containers/hdds
2021-04-10 01:06:32,155 [Listener at 127.0.0.1/35629] INFO  ozoneimpl.OzoneContainer (OzoneContainer.java:buildContainerSet(225)) - Build ContainerSet costs 0s
2021-04-10 01:06:32,157 [Listener at 127.0.0.1/35629] INFO  server.RaftServer (ConfUtils.java:logGet(44)) - raft.rpc.type = GRPC (default)
2021-04-10 01:06:32,157 [Listener at 127.0.0.1/35629] INFO  grpc.GrpcFactory (GrpcFactory.java:checkPooledByteBufAllocatorUseCacheForAllThreads(48)) - PERFORMANCE WARNING: useCacheForAllThreads is true that may cause Netty to create a lot garbage objects and, as a result, trigger GC.
	It is recommended to disable useCacheForAllThreads by setting -Dorg.apache.ratis.thirdparty.io.netty.allocator.useCacheForAllThreads=false in command line.
2021-04-10 01:06:32,158 [Listener at 127.0.0.1/35629] INFO  grpc.GrpcConfigKeys (ConfUtils.java:logGet(44)) - raft.grpc.admin.port = 0 (custom)
2021-04-10 01:06:32,158 [Listener at 127.0.0.1/35629] INFO  grpc.GrpcConfigKeys (ConfUtils.java:logGet(44)) - raft.grpc.client.port = 0 (custom)
2021-04-10 01:06:32,158 [Listener at 127.0.0.1/35629] INFO  grpc.GrpcConfigKeys (ConfUtils.java:logGet(44)) - raft.grpc.server.port = 0 (default)
2021-04-10 01:06:32,158 [Listener at 127.0.0.1/35629] INFO  server.GrpcService (ConfUtils.java:logGet(44)) - raft.grpc.message.size.max = 32MB (=33554432) (custom)
2021-04-10 01:06:32,159 [Listener at 127.0.0.1/35629] INFO  server.RaftServerConfigKeys (ConfUtils.java:logGet(44)) - raft.server.log.appender.buffer.byte-limit = 33554432 (custom)
2021-04-10 01:06:32,159 [Listener at 127.0.0.1/35629] INFO  server.GrpcService (ConfUtils.java:logGet(44)) - raft.grpc.flow.control.window = 5MB (=5242880) (custom)
2021-04-10 01:06:32,159 [Listener at 127.0.0.1/35629] INFO  server.RaftServerConfigKeys (ConfUtils.java:logGet(44)) - raft.server.rpc.request.timeout = 3000ms (default)
2021-04-10 01:06:32,160 [Listener at 127.0.0.1/35629] INFO  impl.DataStreamServerImpl (ConfUtils.java:logGet(44)) - raft.datastream.type = DISABLED (default)
2021-04-10 01:06:32,160 [Listener at 127.0.0.1/35629] INFO  server.RaftServerConfigKeys (ConfUtils.java:logGet(44)) - raft.server.rpc.slowness.timeout = 300000ms (custom)
2021-04-10 01:06:32,161 [Listener at 127.0.0.1/35629] INFO  server.RaftServerConfigKeys (ConfUtils.java:logGet(44)) - raft.server.leaderelection.leader.step-down.wait-time = 10s (default)
2021-04-10 01:06:32,161 [Listener at 127.0.0.1/35629] INFO  server.RaftServerConfigKeys (ConfUtils.java:logGet(44)) - raft.server.storage.dir = [/github/workspace/mnt/ozone/hadoop-ozone/integration-test/target/test-dir/MiniOzoneClusterImpl-da946c58-7c29-4448-876e-997be65f487e/datanode-5/data/ratis] (custom)
2021-04-10 01:06:32,166 [om1@group-C5BA1605619E-LeaderElection44] INFO  server.RaftServer$Division (ServerState.java:setRaftConf(373)) - om1@group-C5BA1605619E: set configuration 0: [om1|rpc:localhost:9872|admin:|client:|dataStream:|priority:0], old=null
2021-04-10 01:06:32,168 [om1@group-C5BA1605619E-SegmentedRaftLogWorker] INFO  segmented.SegmentedRaftLogWorker (SegmentedRaftLogWorker.java:execute(601)) - om1@group-C5BA1605619E-SegmentedRaftLogWorker: created new log segment /github/workspace/mnt/ozone/hadoop-ozone/integration-test/target/test-dir/MiniOzoneClusterImpl-da946c58-7c29-4448-876e-997be65f487e/ozone-meta/ratis/bf265839-605b-3f16-9796-c5ba1605619e/current/log_inprogress_0
2021-04-10 01:06:32,171 [Listener at 127.0.0.1/35629] INFO  http.BaseHttpServer (BaseHttpServer.java:newHttpServer2BuilderForOzone(207)) - Starting Web-server for hddsDatanode at: http://0.0.0.0:0
2021-04-10 01:06:32,171 [Listener at 127.0.0.1/35629] INFO  http.BaseHttpServer (BaseHttpServer.java:<init>(106)) - Hadoop Security Enabled: false Ozone Security Enabled: false Ozone HTTP Security Enabled: false 
2021-04-10 01:06:32,172 [Listener at 127.0.0.1/35629] INFO  server.AuthenticationFilter (AuthenticationFilter.java:constructSecretProvider(240)) - Unable to initialize FileSignerSecretProvider, falling back to use random secrets.
2021-04-10 01:06:32,173 [Listener at 127.0.0.1/35629] WARN  http.HttpRequestLog (HttpRequestLog.java:getRequestLog(103)) - Jetty request log can only be enabled using Log4j
2021-04-10 01:06:32,174 [Listener at 127.0.0.1/35629] INFO  http.HttpServer2 (HttpServer2.java:addGlobalFilter(1020)) - Added global filter 'safety' (class=org.apache.hadoop.hdds.server.http.HttpServer2$QuotingInputFilter)
2021-04-10 01:06:32,174 [Listener at 127.0.0.1/35629] INFO  http.HttpServer2 (HttpServer2.java:addFilter(996)) - Added filter static_user_filter (class=org.apache.hadoop.http.lib.StaticUserWebFilter$StaticUserFilter) to context hddsDatanode
2021-04-10 01:06:32,175 [Listener at 127.0.0.1/35629] INFO  http.HttpServer2 (HttpServer2.java:addFilter(1004)) - Added filter static_user_filter (class=org.apache.hadoop.http.lib.StaticUserWebFilter$StaticUserFilter) to context logs
2021-04-10 01:06:32,175 [Listener at 127.0.0.1/35629] INFO  http.HttpServer2 (HttpServer2.java:addFilter(1004)) - Added filter static_user_filter (class=org.apache.hadoop.http.lib.StaticUserWebFilter$StaticUserFilter) to context static
2021-04-10 01:06:32,175 [Listener at 127.0.0.1/35629] INFO  http.HttpServer2 (HttpServer2.java:bindListener(1238)) - Jetty bound to port 42957
2021-04-10 01:06:32,175 [Listener at 127.0.0.1/35629] INFO  server.Server (Server.java:doStart(375)) - jetty-9.4.35.v20201120; built: 2020-11-20T21:17:03.964Z; git: bdc54f03a5e0a7e280fab27f55c3c75ee8da89fb; jvm 1.8.0_232-b09
2021-04-10 01:06:32,186 [Listener at 127.0.0.1/35629] INFO  server.session (DefaultSessionIdManager.java:doStart(334)) - DefaultSessionIdManager workerName=node0
2021-04-10 01:06:32,187 [Listener at 127.0.0.1/35629] INFO  server.session (DefaultSessionIdManager.java:doStart(339)) - No SessionScavenger set, using defaults
2021-04-10 01:06:32,187 [Listener at 127.0.0.1/35629] INFO  server.session (HouseKeeper.java:startScavenging(132)) - node0 Scavenging every 600000ms
2021-04-10 01:06:32,188 [Listener at 127.0.0.1/35629] INFO  handler.ContextHandler (ContextHandler.java:doStart(916)) - Started o.e.j.s.ServletContextHandler@6608c8d5{logs,/logs,file:///github/workspace/mnt/ozone/hadoop-ozone/integration-test/target/log,AVAILABLE}
2021-04-10 01:06:32,188 [Listener at 127.0.0.1/35629] INFO  handler.ContextHandler (ContextHandler.java:doStart(916)) - Started o.e.j.s.ServletContextHandler@3ce3a01{static,/static,jar:file:/home/user/.m2/repository/org/apache/hadoop/hadoop-hdds-container-service/1.1.0-SNAPSHOT/hadoop-hdds-container-service-1.1.0-SNAPSHOT.jar!/webapps/static,AVAILABLE}
2021-04-10 01:06:32,358 [Listener at 127.0.0.1/35629] INFO  handler.ContextHandler (ContextHandler.java:doStart(916)) - Started o.e.j.w.WebAppContext@30f139f{hddsDatanode,/,file:///tmp/jetty-0_0_0_0-42957-hadoop-hdds-container-service-1_1_0-SNAPSHOT_jar-_-any-397032144320277659/webapp/,AVAILABLE}{jar:file:/home/user/.m2/repository/org/apache/hadoop/hadoop-hdds-container-service/1.1.0-SNAPSHOT/hadoop-hdds-container-service-1.1.0-SNAPSHOT.jar!/webapps/hddsDatanode}
2021-04-10 01:06:32,360 [Listener at 127.0.0.1/35629] INFO  server.AbstractConnector (AbstractConnector.java:doStart(331)) - Started ServerConnector@752ac39a{HTTP/1.1, (http/1.1)}{0.0.0.0:42957}
2021-04-10 01:06:32,360 [Listener at 127.0.0.1/35629] INFO  server.Server (Server.java:doStart(415)) - Started @142316ms
2021-04-10 01:06:32,360 [Listener at 127.0.0.1/35629] WARN  impl.MetricsSystemImpl (MetricsSystemImpl.java:register(279)) - Sink prometheus already exists!
2021-04-10 01:06:32,364 [Listener at 127.0.0.1/35629] INFO  http.BaseHttpServer (BaseHttpServer.java:updateConnectorAddress(327)) - HTTP server of hddsDatanode listening at http://0.0.0.0:42957
2021-04-10 01:06:32,364 [Listener at 127.0.0.1/35629] INFO  impl.MetricsSystemImpl (MetricsSystemImpl.java:init(158)) - HddsDatanode metrics system started (again)
2021-04-10 01:06:32,369 [Listener at 127.0.0.1/35629] INFO  ozone.HddsDatanodeService (HddsDatanodeService.java:start(219)) - HddsDatanodeService host:eab485fc2478 ip:172.17.0.2
2021-04-10 01:06:32,370 [org.apache.hadoop.util.JvmPauseMonitor$Monitor@18be95f7] INFO  util.JvmPauseMonitor (JvmPauseMonitor.java:run(188)) - Starting JVM pause monitor
2021-04-10 01:06:32,371 [Listener at 127.0.0.1/35629] INFO  volume.HddsVolume (HddsVolume.java:<init>(176)) - Creating Volume: /github/workspace/mnt/ozone/hadoop-ozone/integration-test/target/test-dir/MiniOzoneClusterImpl-da946c58-7c29-4448-876e-997be65f487e/datanode-6/data-0/containers/hdds of storage type : DISK and capacity : 9223372036854775807
2021-04-10 01:06:32,371 [Listener at 127.0.0.1/35629] INFO  volume.MutableVolumeSet (MutableVolumeSet.java:initializeVolumeSet(191)) - Added Volume : /github/workspace/mnt/ozone/hadoop-ozone/integration-test/target/test-dir/MiniOzoneClusterImpl-da946c58-7c29-4448-876e-997be65f487e/datanode-6/data-0/containers/hdds to VolumeSet
2021-04-10 01:06:32,371 [Datanode State Machine Task Thread - 0] INFO  datanode.InitDatanodeState (InitDatanodeState.java:persistContainerDatanodeDetails(145)) - DatanodeDetails is persisted to /github/workspace/mnt/ozone/hadoop-ozone/integration-test/target/test-dir/MiniOzoneClusterImpl-da946c58-7c29-4448-876e-997be65f487e/datanode-5/meta/datanode.id
2021-04-10 01:06:32,371 [Listener at 127.0.0.1/35629] INFO  volume.ThrottledAsyncChecker (ThrottledAsyncChecker.java:schedule(141)) - Scheduling a check for /github/workspace/mnt/ozone/hadoop-ozone/integration-test/target/test-dir/MiniOzoneClusterImpl-da946c58-7c29-4448-876e-997be65f487e/datanode-6/data-0/containers/hdds
2021-04-10 01:06:32,373 [Listener at 127.0.0.1/35629] INFO  volume.HddsVolumeChecker (HddsVolumeChecker.java:checkAllVolumes(200)) - Scheduled health check for volume /github/workspace/mnt/ozone/hadoop-ozone/integration-test/target/test-dir/MiniOzoneClusterImpl-da946c58-7c29-4448-876e-997be65f487e/datanode-6/data-0/containers/hdds
2021-04-10 01:06:32,386 [Listener at 127.0.0.1/35629] INFO  ozoneimpl.ContainerReader (ContainerReader.java:<init>(98)) - Running in upgrade mode:true
2021-04-10 01:06:32,387 [Thread-1259] INFO  ozoneimpl.ContainerReader (ContainerReader.java:readVolume(142)) - Start to verify containers on volume /github/workspace/mnt/ozone/hadoop-ozone/integration-test/target/test-dir/MiniOzoneClusterImpl-da946c58-7c29-4448-876e-997be65f487e/datanode-6/data-0/containers/hdds
2021-04-10 01:06:32,387 [Thread-1259] INFO  ozoneimpl.ContainerReader (ContainerReader.java:readVolume(174)) - Finish verifying containers on volume /github/workspace/mnt/ozone/hadoop-ozone/integration-test/target/test-dir/MiniOzoneClusterImpl-da946c58-7c29-4448-876e-997be65f487e/datanode-6/data-0/containers/hdds
2021-04-10 01:06:32,387 [Listener at 127.0.0.1/35629] INFO  ozoneimpl.OzoneContainer (OzoneContainer.java:buildContainerSet(225)) - Build ContainerSet costs 0s
2021-04-10 01:06:32,389 [Listener at 127.0.0.1/35629] INFO  server.RaftServer (ConfUtils.java:logGet(44)) - raft.rpc.type = GRPC (default)
2021-04-10 01:06:32,389 [Listener at 127.0.0.1/35629] INFO  grpc.GrpcFactory (GrpcFactory.java:checkPooledByteBufAllocatorUseCacheForAllThreads(48)) - PERFORMANCE WARNING: useCacheForAllThreads is true that may cause Netty to create a lot garbage objects and, as a result, trigger GC.
	It is recommended to disable useCacheForAllThreads by setting -Dorg.apache.ratis.thirdparty.io.netty.allocator.useCacheForAllThreads=false in command line.
2021-04-10 01:06:32,389 [Listener at 127.0.0.1/35629] INFO  grpc.GrpcConfigKeys (ConfUtils.java:logGet(44)) - raft.grpc.admin.port = 0 (custom)
2021-04-10 01:06:32,389 [Listener at 127.0.0.1/35629] INFO  grpc.GrpcConfigKeys (ConfUtils.java:logGet(44)) - raft.grpc.client.port = 0 (custom)
2021-04-10 01:06:32,389 [Listener at 127.0.0.1/35629] INFO  grpc.GrpcConfigKeys (ConfUtils.java:logGet(44)) - raft.grpc.server.port = 0 (default)
2021-04-10 01:06:32,390 [Listener at 127.0.0.1/35629] INFO  server.GrpcService (ConfUtils.java:logGet(44)) - raft.grpc.message.size.max = 32MB (=33554432) (custom)
2021-04-10 01:06:32,390 [Listener at 127.0.0.1/35629] INFO  server.RaftServerConfigKeys (ConfUtils.java:logGet(44)) - raft.server.log.appender.buffer.byte-limit = 33554432 (custom)
2021-04-10 01:06:32,390 [Listener at 127.0.0.1/35629] INFO  server.GrpcService (ConfUtils.java:logGet(44)) - raft.grpc.flow.control.window = 5MB (=5242880) (custom)
2021-04-10 01:06:32,390 [Listener at 127.0.0.1/35629] INFO  server.RaftServerConfigKeys (ConfUtils.java:logGet(44)) - raft.server.rpc.request.timeout = 3000ms (default)
2021-04-10 01:06:32,391 [Listener at 127.0.0.1/35629] INFO  impl.DataStreamServerImpl (ConfUtils.java:logGet(44)) - raft.datastream.type = DISABLED (default)
2021-04-10 01:06:32,391 [Listener at 127.0.0.1/35629] INFO  server.RaftServerConfigKeys (ConfUtils.java:logGet(44)) - raft.server.rpc.slowness.timeout = 300000ms (custom)
2021-04-10 01:06:32,392 [Listener at 127.0.0.1/35629] INFO  server.RaftServerConfigKeys (ConfUtils.java:logGet(44)) - raft.server.leaderelection.leader.step-down.wait-time = 10s (default)
2021-04-10 01:06:32,392 [Listener at 127.0.0.1/35629] INFO  server.RaftServerConfigKeys (ConfUtils.java:logGet(44)) - raft.server.storage.dir = [/github/workspace/mnt/ozone/hadoop-ozone/integration-test/target/test-dir/MiniOzoneClusterImpl-da946c58-7c29-4448-876e-997be65f487e/datanode-6/data/ratis] (custom)
2021-04-10 01:06:32,398 [Listener at 127.0.0.1/35629] INFO  http.BaseHttpServer (BaseHttpServer.java:newHttpServer2BuilderForOzone(207)) - Starting Web-server for hddsDatanode at: http://0.0.0.0:0
2021-04-10 01:06:32,398 [Listener at 127.0.0.1/35629] INFO  http.BaseHttpServer (BaseHttpServer.java:<init>(106)) - Hadoop Security Enabled: false Ozone Security Enabled: false Ozone HTTP Security Enabled: false 
2021-04-10 01:06:32,399 [Listener at 127.0.0.1/35629] INFO  server.AuthenticationFilter (AuthenticationFilter.java:constructSecretProvider(240)) - Unable to initialize FileSignerSecretProvider, falling back to use random secrets.
2021-04-10 01:06:32,399 [Listener at 127.0.0.1/35629] WARN  http.HttpRequestLog (HttpRequestLog.java:getRequestLog(103)) - Jetty request log can only be enabled using Log4j
2021-04-10 01:06:32,400 [Listener at 127.0.0.1/35629] INFO  http.HttpServer2 (HttpServer2.java:addGlobalFilter(1020)) - Added global filter 'safety' (class=org.apache.hadoop.hdds.server.http.HttpServer2$QuotingInputFilter)
2021-04-10 01:06:32,401 [Listener at 127.0.0.1/35629] INFO  http.HttpServer2 (HttpServer2.java:addFilter(996)) - Added filter static_user_filter (class=org.apache.hadoop.http.lib.StaticUserWebFilter$StaticUserFilter) to context hddsDatanode
2021-04-10 01:06:32,401 [Listener at 127.0.0.1/35629] INFO  http.HttpServer2 (HttpServer2.java:addFilter(1004)) - Added filter static_user_filter (class=org.apache.hadoop.http.lib.StaticUserWebFilter$StaticUserFilter) to context logs
2021-04-10 01:06:32,401 [Listener at 127.0.0.1/35629] INFO  http.HttpServer2 (HttpServer2.java:addFilter(1004)) - Added filter static_user_filter (class=org.apache.hadoop.http.lib.StaticUserWebFilter$StaticUserFilter) to context static
2021-04-10 01:06:32,402 [Listener at 127.0.0.1/35629] INFO  http.HttpServer2 (HttpServer2.java:bindListener(1238)) - Jetty bound to port 39883
2021-04-10 01:06:32,402 [Listener at 127.0.0.1/35629] INFO  server.Server (Server.java:doStart(375)) - jetty-9.4.35.v20201120; built: 2020-11-20T21:17:03.964Z; git: bdc54f03a5e0a7e280fab27f55c3c75ee8da89fb; jvm 1.8.0_232-b09
2021-04-10 01:06:32,403 [Listener at 127.0.0.1/35629] INFO  server.session (DefaultSessionIdManager.java:doStart(334)) - DefaultSessionIdManager workerName=node0
2021-04-10 01:06:32,403 [Listener at 127.0.0.1/35629] INFO  server.session (DefaultSessionIdManager.java:doStart(339)) - No SessionScavenger set, using defaults
2021-04-10 01:06:32,404 [Listener at 127.0.0.1/35629] INFO  server.session (HouseKeeper.java:startScavenging(132)) - node0 Scavenging every 660000ms
2021-04-10 01:06:32,404 [Listener at 127.0.0.1/35629] INFO  handler.ContextHandler (ContextHandler.java:doStart(916)) - Started o.e.j.s.ServletContextHandler@67138427{logs,/logs,file:///github/workspace/mnt/ozone/hadoop-ozone/integration-test/target/log,AVAILABLE}
2021-04-10 01:06:32,405 [Listener at 127.0.0.1/35629] INFO  handler.ContextHandler (ContextHandler.java:doStart(916)) - Started o.e.j.s.ServletContextHandler@5a08108d{static,/static,jar:file:/home/user/.m2/repository/org/apache/hadoop/hadoop-hdds-container-service/1.1.0-SNAPSHOT/hadoop-hdds-container-service-1.1.0-SNAPSHOT.jar!/webapps/static,AVAILABLE}
2021-04-10 01:06:32,583 [Listener at 127.0.0.1/35629] INFO  handler.ContextHandler (ContextHandler.java:doStart(916)) - Started o.e.j.w.WebAppContext@618f0ba{hddsDatanode,/,file:///tmp/jetty-0_0_0_0-39883-hadoop-hdds-container-service-1_1_0-SNAPSHOT_jar-_-any-4596833288569813385/webapp/,AVAILABLE}{jar:file:/home/user/.m2/repository/org/apache/hadoop/hadoop-hdds-container-service/1.1.0-SNAPSHOT/hadoop-hdds-container-service-1.1.0-SNAPSHOT.jar!/webapps/hddsDatanode}
2021-04-10 01:06:32,584 [Listener at 127.0.0.1/35629] INFO  server.AbstractConnector (AbstractConnector.java:doStart(331)) - Started ServerConnector@7a34bb07{HTTP/1.1, (http/1.1)}{0.0.0.0:39883}
2021-04-10 01:06:32,585 [Listener at 127.0.0.1/35629] INFO  server.Server (Server.java:doStart(415)) - Started @142541ms
2021-04-10 01:06:32,585 [Listener at 127.0.0.1/35629] WARN  impl.MetricsSystemImpl (MetricsSystemImpl.java:register(279)) - Sink prometheus already exists!
2021-04-10 01:06:32,588 [Listener at 127.0.0.1/35629] INFO  http.BaseHttpServer (BaseHttpServer.java:updateConnectorAddress(327)) - HTTP server of hddsDatanode listening at http://0.0.0.0:39883
2021-04-10 01:06:32,589 [Listener at 127.0.0.1/35629] INFO  impl.MetricsSystemImpl (MetricsSystemImpl.java:init(158)) - HddsDatanode metrics system started (again)
2021-04-10 01:06:32,592 [Listener at 127.0.0.1/35629] INFO  ozone.HddsDatanodeService (HddsDatanodeService.java:start(219)) - HddsDatanodeService host:eab485fc2478 ip:172.17.0.2
2021-04-10 01:06:32,594 [Listener at 127.0.0.1/35629] INFO  volume.HddsVolume (HddsVolume.java:<init>(176)) - Creating Volume: /github/workspace/mnt/ozone/hadoop-ozone/integration-test/target/test-dir/MiniOzoneClusterImpl-da946c58-7c29-4448-876e-997be65f487e/datanode-7/data-0/containers/hdds of storage type : DISK and capacity : 9223372036854775807
2021-04-10 01:06:32,594 [Listener at 127.0.0.1/35629] INFO  volume.MutableVolumeSet (MutableVolumeSet.java:initializeVolumeSet(191)) - Added Volume : /github/workspace/mnt/ozone/hadoop-ozone/integration-test/target/test-dir/MiniOzoneClusterImpl-da946c58-7c29-4448-876e-997be65f487e/datanode-7/data-0/containers/hdds to VolumeSet
2021-04-10 01:06:32,595 [Listener at 127.0.0.1/35629] INFO  volume.ThrottledAsyncChecker (ThrottledAsyncChecker.java:schedule(141)) - Scheduling a check for /github/workspace/mnt/ozone/hadoop-ozone/integration-test/target/test-dir/MiniOzoneClusterImpl-da946c58-7c29-4448-876e-997be65f487e/datanode-7/data-0/containers/hdds
2021-04-10 01:06:32,596 [org.apache.hadoop.util.JvmPauseMonitor$Monitor@3dcaeb10] INFO  util.JvmPauseMonitor (JvmPauseMonitor.java:run(188)) - Starting JVM pause monitor
2021-04-10 01:06:32,596 [Listener at 127.0.0.1/35629] INFO  volume.HddsVolumeChecker (HddsVolumeChecker.java:checkAllVolumes(200)) - Scheduled health check for volume /github/workspace/mnt/ozone/hadoop-ozone/integration-test/target/test-dir/MiniOzoneClusterImpl-da946c58-7c29-4448-876e-997be65f487e/datanode-7/data-0/containers/hdds
2021-04-10 01:06:32,617 [Datanode State Machine Task Thread - 0] INFO  datanode.InitDatanodeState (InitDatanodeState.java:persistContainerDatanodeDetails(145)) - DatanodeDetails is persisted to /github/workspace/mnt/ozone/hadoop-ozone/integration-test/target/test-dir/MiniOzoneClusterImpl-da946c58-7c29-4448-876e-997be65f487e/datanode-6/meta/datanode.id
2021-04-10 01:06:32,626 [Listener at 127.0.0.1/35629] INFO  ozoneimpl.ContainerReader (ContainerReader.java:<init>(98)) - Running in upgrade mode:true
2021-04-10 01:06:32,635 [Thread-1270] INFO  ozoneimpl.ContainerReader (ContainerReader.java:readVolume(142)) - Start to verify containers on volume /github/workspace/mnt/ozone/hadoop-ozone/integration-test/target/test-dir/MiniOzoneClusterImpl-da946c58-7c29-4448-876e-997be65f487e/datanode-7/data-0/containers/hdds
2021-04-10 01:06:32,636 [Thread-1270] INFO  ozoneimpl.ContainerReader (ContainerReader.java:readVolume(174)) - Finish verifying containers on volume /github/workspace/mnt/ozone/hadoop-ozone/integration-test/target/test-dir/MiniOzoneClusterImpl-da946c58-7c29-4448-876e-997be65f487e/datanode-7/data-0/containers/hdds
2021-04-10 01:06:32,637 [Listener at 127.0.0.1/35629] INFO  ozoneimpl.OzoneContainer (OzoneContainer.java:buildContainerSet(225)) - Build ContainerSet costs 0s
2021-04-10 01:06:32,639 [Listener at 127.0.0.1/35629] INFO  server.RaftServer (ConfUtils.java:logGet(44)) - raft.rpc.type = GRPC (default)
2021-04-10 01:06:32,639 [Listener at 127.0.0.1/35629] INFO  grpc.GrpcFactory (GrpcFactory.java:checkPooledByteBufAllocatorUseCacheForAllThreads(48)) - PERFORMANCE WARNING: useCacheForAllThreads is true that may cause Netty to create a lot garbage objects and, as a result, trigger GC.
	It is recommended to disable useCacheForAllThreads by setting -Dorg.apache.ratis.thirdparty.io.netty.allocator.useCacheForAllThreads=false in command line.
2021-04-10 01:06:32,640 [Listener at 127.0.0.1/35629] INFO  grpc.GrpcConfigKeys (ConfUtils.java:logGet(44)) - raft.grpc.admin.port = 0 (custom)
2021-04-10 01:06:32,640 [Listener at 127.0.0.1/35629] INFO  grpc.GrpcConfigKeys (ConfUtils.java:logGet(44)) - raft.grpc.client.port = 0 (custom)
2021-04-10 01:06:32,640 [Listener at 127.0.0.1/35629] INFO  grpc.GrpcConfigKeys (ConfUtils.java:logGet(44)) - raft.grpc.server.port = 0 (default)
2021-04-10 01:06:32,640 [Listener at 127.0.0.1/35629] INFO  server.GrpcService (ConfUtils.java:logGet(44)) - raft.grpc.message.size.max = 32MB (=33554432) (custom)
2021-04-10 01:06:32,640 [Listener at 127.0.0.1/35629] INFO  server.RaftServerConfigKeys (ConfUtils.java:logGet(44)) - raft.server.log.appender.buffer.byte-limit = 33554432 (custom)
2021-04-10 01:06:32,640 [Listener at 127.0.0.1/35629] INFO  server.GrpcService (ConfUtils.java:logGet(44)) - raft.grpc.flow.control.window = 5MB (=5242880) (custom)
2021-04-10 01:06:32,641 [Listener at 127.0.0.1/35629] INFO  server.RaftServerConfigKeys (ConfUtils.java:logGet(44)) - raft.server.rpc.request.timeout = 3000ms (default)
2021-04-10 01:06:32,642 [Listener at 127.0.0.1/35629] INFO  impl.DataStreamServerImpl (ConfUtils.java:logGet(44)) - raft.datastream.type = DISABLED (default)
2021-04-10 01:06:32,644 [Listener at 127.0.0.1/35629] INFO  server.RaftServerConfigKeys (ConfUtils.java:logGet(44)) - raft.server.rpc.slowness.timeout = 300000ms (custom)
2021-04-10 01:06:32,644 [Listener at 127.0.0.1/35629] INFO  server.RaftServerConfigKeys (ConfUtils.java:logGet(44)) - raft.server.leaderelection.leader.step-down.wait-time = 10s (default)
2021-04-10 01:06:32,644 [Listener at 127.0.0.1/35629] INFO  server.RaftServerConfigKeys (ConfUtils.java:logGet(44)) - raft.server.storage.dir = [/github/workspace/mnt/ozone/hadoop-ozone/integration-test/target/test-dir/MiniOzoneClusterImpl-da946c58-7c29-4448-876e-997be65f487e/datanode-7/data/ratis] (custom)
2021-04-10 01:06:32,650 [Listener at 127.0.0.1/35629] INFO  http.BaseHttpServer (BaseHttpServer.java:newHttpServer2BuilderForOzone(207)) - Starting Web-server for hddsDatanode at: http://0.0.0.0:0
2021-04-10 01:06:32,650 [Listener at 127.0.0.1/35629] INFO  http.BaseHttpServer (BaseHttpServer.java:<init>(106)) - Hadoop Security Enabled: false Ozone Security Enabled: false Ozone HTTP Security Enabled: false 
2021-04-10 01:06:32,651 [Listener at 127.0.0.1/35629] INFO  server.AuthenticationFilter (AuthenticationFilter.java:constructSecretProvider(240)) - Unable to initialize FileSignerSecretProvider, falling back to use random secrets.
2021-04-10 01:06:32,651 [Listener at 127.0.0.1/35629] WARN  http.HttpRequestLog (HttpRequestLog.java:getRequestLog(103)) - Jetty request log can only be enabled using Log4j
2021-04-10 01:06:32,652 [Listener at 127.0.0.1/35629] INFO  http.HttpServer2 (HttpServer2.java:addGlobalFilter(1020)) - Added global filter 'safety' (class=org.apache.hadoop.hdds.server.http.HttpServer2$QuotingInputFilter)
2021-04-10 01:06:32,653 [Listener at 127.0.0.1/35629] INFO  http.HttpServer2 (HttpServer2.java:addFilter(996)) - Added filter static_user_filter (class=org.apache.hadoop.http.lib.StaticUserWebFilter$StaticUserFilter) to context hddsDatanode
2021-04-10 01:06:32,653 [Listener at 127.0.0.1/35629] INFO  http.HttpServer2 (HttpServer2.java:addFilter(1004)) - Added filter static_user_filter (class=org.apache.hadoop.http.lib.StaticUserWebFilter$StaticUserFilter) to context static
2021-04-10 01:06:32,653 [Listener at 127.0.0.1/35629] INFO  http.HttpServer2 (HttpServer2.java:addFilter(1004)) - Added filter static_user_filter (class=org.apache.hadoop.http.lib.StaticUserWebFilter$StaticUserFilter) to context logs
2021-04-10 01:06:32,653 [Listener at 127.0.0.1/35629] INFO  http.HttpServer2 (HttpServer2.java:bindListener(1238)) - Jetty bound to port 39729
2021-04-10 01:06:32,654 [Listener at 127.0.0.1/35629] INFO  server.Server (Server.java:doStart(375)) - jetty-9.4.35.v20201120; built: 2020-11-20T21:17:03.964Z; git: bdc54f03a5e0a7e280fab27f55c3c75ee8da89fb; jvm 1.8.0_232-b09
2021-04-10 01:06:32,677 [Listener at 127.0.0.1/35629] INFO  server.session (DefaultSessionIdManager.java:doStart(334)) - DefaultSessionIdManager workerName=node0
2021-04-10 01:06:32,678 [Listener at 127.0.0.1/35629] INFO  server.session (DefaultSessionIdManager.java:doStart(339)) - No SessionScavenger set, using defaults
2021-04-10 01:06:32,678 [Listener at 127.0.0.1/35629] INFO  server.session (HouseKeeper.java:startScavenging(132)) - node0 Scavenging every 660000ms
2021-04-10 01:06:32,680 [Listener at 127.0.0.1/35629] INFO  handler.ContextHandler (ContextHandler.java:doStart(916)) - Started o.e.j.s.ServletContextHandler@407e7434{logs,/logs,file:///github/workspace/mnt/ozone/hadoop-ozone/integration-test/target/log,AVAILABLE}
2021-04-10 01:06:32,681 [Listener at 127.0.0.1/35629] INFO  handler.ContextHandler (ContextHandler.java:doStart(916)) - Started o.e.j.s.ServletContextHandler@1006b95{static,/static,jar:file:/home/user/.m2/repository/org/apache/hadoop/hadoop-hdds-container-service/1.1.0-SNAPSHOT/hadoop-hdds-container-service-1.1.0-SNAPSHOT.jar!/webapps/static,AVAILABLE}
2021-04-10 01:06:32,852 [Listener at 127.0.0.1/35629] INFO  handler.ContextHandler (ContextHandler.java:doStart(916)) - Started o.e.j.w.WebAppContext@940fe23{hddsDatanode,/,file:///tmp/jetty-0_0_0_0-39729-hadoop-hdds-container-service-1_1_0-SNAPSHOT_jar-_-any-7676826646717174595/webapp/,AVAILABLE}{jar:file:/home/user/.m2/repository/org/apache/hadoop/hadoop-hdds-container-service/1.1.0-SNAPSHOT/hadoop-hdds-container-service-1.1.0-SNAPSHOT.jar!/webapps/hddsDatanode}
2021-04-10 01:06:32,853 [Listener at 127.0.0.1/35629] INFO  server.AbstractConnector (AbstractConnector.java:doStart(331)) - Started ServerConnector@6414b660{HTTP/1.1, (http/1.1)}{0.0.0.0:39729}
2021-04-10 01:06:32,854 [Listener at 127.0.0.1/35629] INFO  server.Server (Server.java:doStart(415)) - Started @142810ms
2021-04-10 01:06:32,854 [Listener at 127.0.0.1/35629] WARN  impl.MetricsSystemImpl (MetricsSystemImpl.java:register(279)) - Sink prometheus already exists!
2021-04-10 01:06:32,858 [Listener at 127.0.0.1/35629] INFO  http.BaseHttpServer (BaseHttpServer.java:updateConnectorAddress(327)) - HTTP server of hddsDatanode listening at http://0.0.0.0:39729
2021-04-10 01:06:32,858 [Listener at 127.0.0.1/35629] INFO  impl.MetricsSystemImpl (MetricsSystemImpl.java:init(158)) - HddsDatanode metrics system started (again)
2021-04-10 01:06:32,861 [Listener at 127.0.0.1/35629] INFO  ozone.HddsDatanodeService (HddsDatanodeService.java:start(219)) - HddsDatanodeService host:eab485fc2478 ip:172.17.0.2
2021-04-10 01:06:32,864 [Listener at 127.0.0.1/35629] INFO  volume.HddsVolume (HddsVolume.java:<init>(176)) - Creating Volume: /github/workspace/mnt/ozone/hadoop-ozone/integration-test/target/test-dir/MiniOzoneClusterImpl-da946c58-7c29-4448-876e-997be65f487e/datanode-8/data-0/containers/hdds of storage type : DISK and capacity : 9223372036854775807
2021-04-10 01:06:32,865 [Listener at 127.0.0.1/35629] INFO  volume.MutableVolumeSet (MutableVolumeSet.java:initializeVolumeSet(191)) - Added Volume : /github/workspace/mnt/ozone/hadoop-ozone/integration-test/target/test-dir/MiniOzoneClusterImpl-da946c58-7c29-4448-876e-997be65f487e/datanode-8/data-0/containers/hdds to VolumeSet
2021-04-10 01:06:32,865 [Listener at 127.0.0.1/35629] INFO  volume.ThrottledAsyncChecker (ThrottledAsyncChecker.java:schedule(141)) - Scheduling a check for /github/workspace/mnt/ozone/hadoop-ozone/integration-test/target/test-dir/MiniOzoneClusterImpl-da946c58-7c29-4448-876e-997be65f487e/datanode-8/data-0/containers/hdds
2021-04-10 01:06:32,866 [Listener at 127.0.0.1/35629] INFO  volume.HddsVolumeChecker (HddsVolumeChecker.java:checkAllVolumes(200)) - Scheduled health check for volume /github/workspace/mnt/ozone/hadoop-ozone/integration-test/target/test-dir/MiniOzoneClusterImpl-da946c58-7c29-4448-876e-997be65f487e/datanode-8/data-0/containers/hdds
2021-04-10 01:06:32,878 [org.apache.hadoop.util.JvmPauseMonitor$Monitor@30b8fc6b] INFO  util.JvmPauseMonitor (JvmPauseMonitor.java:run(188)) - Starting JVM pause monitor
2021-04-10 01:06:32,880 [Listener at 127.0.0.1/35629] INFO  ozoneimpl.ContainerReader (ContainerReader.java:<init>(98)) - Running in upgrade mode:true
2021-04-10 01:06:32,881 [Datanode State Machine Task Thread - 0] INFO  datanode.InitDatanodeState (InitDatanodeState.java:persistContainerDatanodeDetails(145)) - DatanodeDetails is persisted to /github/workspace/mnt/ozone/hadoop-ozone/integration-test/target/test-dir/MiniOzoneClusterImpl-da946c58-7c29-4448-876e-997be65f487e/datanode-7/meta/datanode.id
2021-04-10 01:06:32,882 [Thread-1281] INFO  ozoneimpl.ContainerReader (ContainerReader.java:readVolume(142)) - Start to verify containers on volume /github/workspace/mnt/ozone/hadoop-ozone/integration-test/target/test-dir/MiniOzoneClusterImpl-da946c58-7c29-4448-876e-997be65f487e/datanode-8/data-0/containers/hdds
2021-04-10 01:06:32,882 [Thread-1281] INFO  ozoneimpl.ContainerReader (ContainerReader.java:readVolume(174)) - Finish verifying containers on volume /github/workspace/mnt/ozone/hadoop-ozone/integration-test/target/test-dir/MiniOzoneClusterImpl-da946c58-7c29-4448-876e-997be65f487e/datanode-8/data-0/containers/hdds
2021-04-10 01:06:32,882 [Listener at 127.0.0.1/35629] INFO  ozoneimpl.OzoneContainer (OzoneContainer.java:buildContainerSet(225)) - Build ContainerSet costs 0s
2021-04-10 01:06:32,883 [Listener at 127.0.0.1/35629] INFO  server.RaftServer (ConfUtils.java:logGet(44)) - raft.rpc.type = GRPC (default)
2021-04-10 01:06:32,884 [Listener at 127.0.0.1/35629] INFO  grpc.GrpcFactory (GrpcFactory.java:checkPooledByteBufAllocatorUseCacheForAllThreads(48)) - PERFORMANCE WARNING: useCacheForAllThreads is true that may cause Netty to create a lot garbage objects and, as a result, trigger GC.
	It is recommended to disable useCacheForAllThreads by setting -Dorg.apache.ratis.thirdparty.io.netty.allocator.useCacheForAllThreads=false in command line.
2021-04-10 01:06:32,884 [Listener at 127.0.0.1/35629] INFO  grpc.GrpcConfigKeys (ConfUtils.java:logGet(44)) - raft.grpc.admin.port = 0 (custom)
2021-04-10 01:06:32,884 [Listener at 127.0.0.1/35629] INFO  grpc.GrpcConfigKeys (ConfUtils.java:logGet(44)) - raft.grpc.client.port = 0 (custom)
2021-04-10 01:06:32,884 [Listener at 127.0.0.1/35629] INFO  grpc.GrpcConfigKeys (ConfUtils.java:logGet(44)) - raft.grpc.server.port = 0 (default)
2021-04-10 01:06:32,884 [Listener at 127.0.0.1/35629] INFO  server.GrpcService (ConfUtils.java:logGet(44)) - raft.grpc.message.size.max = 32MB (=33554432) (custom)
2021-04-10 01:06:32,885 [Listener at 127.0.0.1/35629] INFO  server.RaftServerConfigKeys (ConfUtils.java:logGet(44)) - raft.server.log.appender.buffer.byte-limit = 33554432 (custom)
2021-04-10 01:06:32,885 [Listener at 127.0.0.1/35629] INFO  server.GrpcService (ConfUtils.java:logGet(44)) - raft.grpc.flow.control.window = 5MB (=5242880) (custom)
2021-04-10 01:06:32,885 [Listener at 127.0.0.1/35629] INFO  server.RaftServerConfigKeys (ConfUtils.java:logGet(44)) - raft.server.rpc.request.timeout = 3000ms (default)
2021-04-10 01:06:32,886 [Listener at 127.0.0.1/35629] INFO  impl.DataStreamServerImpl (ConfUtils.java:logGet(44)) - raft.datastream.type = DISABLED (default)
2021-04-10 01:06:32,886 [Listener at 127.0.0.1/35629] INFO  server.RaftServerConfigKeys (ConfUtils.java:logGet(44)) - raft.server.rpc.slowness.timeout = 300000ms (custom)
2021-04-10 01:06:32,886 [Listener at 127.0.0.1/35629] INFO  server.RaftServerConfigKeys (ConfUtils.java:logGet(44)) - raft.server.leaderelection.leader.step-down.wait-time = 10s (default)
2021-04-10 01:06:32,887 [Listener at 127.0.0.1/35629] INFO  server.RaftServerConfigKeys (ConfUtils.java:logGet(44)) - raft.server.storage.dir = [/github/workspace/mnt/ozone/hadoop-ozone/integration-test/target/test-dir/MiniOzoneClusterImpl-da946c58-7c29-4448-876e-997be65f487e/datanode-8/data/ratis] (custom)
2021-04-10 01:06:32,891 [Listener at 127.0.0.1/35629] INFO  http.BaseHttpServer (BaseHttpServer.java:newHttpServer2BuilderForOzone(207)) - Starting Web-server for hddsDatanode at: http://0.0.0.0:0
2021-04-10 01:06:32,892 [Listener at 127.0.0.1/35629] INFO  http.BaseHttpServer (BaseHttpServer.java:<init>(106)) - Hadoop Security Enabled: false Ozone Security Enabled: false Ozone HTTP Security Enabled: false 
2021-04-10 01:06:32,892 [Listener at 127.0.0.1/35629] INFO  server.AuthenticationFilter (AuthenticationFilter.java:constructSecretProvider(240)) - Unable to initialize FileSignerSecretProvider, falling back to use random secrets.
2021-04-10 01:06:32,893 [Listener at 127.0.0.1/35629] WARN  http.HttpRequestLog (HttpRequestLog.java:getRequestLog(103)) - Jetty request log can only be enabled using Log4j
2021-04-10 01:06:32,894 [Listener at 127.0.0.1/35629] INFO  http.HttpServer2 (HttpServer2.java:addGlobalFilter(1020)) - Added global filter 'safety' (class=org.apache.hadoop.hdds.server.http.HttpServer2$QuotingInputFilter)
2021-04-10 01:06:32,894 [Listener at 127.0.0.1/35629] INFO  http.HttpServer2 (HttpServer2.java:addFilter(996)) - Added filter static_user_filter (class=org.apache.hadoop.http.lib.StaticUserWebFilter$StaticUserFilter) to context hddsDatanode
2021-04-10 01:06:32,894 [Listener at 127.0.0.1/35629] INFO  http.HttpServer2 (HttpServer2.java:addFilter(1004)) - Added filter static_user_filter (class=org.apache.hadoop.http.lib.StaticUserWebFilter$StaticUserFilter) to context static
2021-04-10 01:06:32,895 [Listener at 127.0.0.1/35629] INFO  http.HttpServer2 (HttpServer2.java:addFilter(1004)) - Added filter static_user_filter (class=org.apache.hadoop.http.lib.StaticUserWebFilter$StaticUserFilter) to context logs
2021-04-10 01:06:32,895 [Listener at 127.0.0.1/35629] INFO  http.HttpServer2 (HttpServer2.java:bindListener(1238)) - Jetty bound to port 42965
2021-04-10 01:06:32,895 [Listener at 127.0.0.1/35629] INFO  server.Server (Server.java:doStart(375)) - jetty-9.4.35.v20201120; built: 2020-11-20T21:17:03.964Z; git: bdc54f03a5e0a7e280fab27f55c3c75ee8da89fb; jvm 1.8.0_232-b09
2021-04-10 01:06:32,897 [Listener at 127.0.0.1/35629] INFO  server.session (DefaultSessionIdManager.java:doStart(334)) - DefaultSessionIdManager workerName=node0
2021-04-10 01:06:32,897 [Listener at 127.0.0.1/35629] INFO  server.session (DefaultSessionIdManager.java:doStart(339)) - No SessionScavenger set, using defaults
2021-04-10 01:06:32,897 [Listener at 127.0.0.1/35629] INFO  server.session (HouseKeeper.java:startScavenging(132)) - node0 Scavenging every 600000ms
2021-04-10 01:06:32,898 [Listener at 127.0.0.1/35629] INFO  handler.ContextHandler (ContextHandler.java:doStart(916)) - Started o.e.j.s.ServletContextHandler@57ab8f82{logs,/logs,file:///github/workspace/mnt/ozone/hadoop-ozone/integration-test/target/log,AVAILABLE}
2021-04-10 01:06:32,898 [Listener at 127.0.0.1/35629] INFO  handler.ContextHandler (ContextHandler.java:doStart(916)) - Started o.e.j.s.ServletContextHandler@43874d7f{static,/static,jar:file:/home/user/.m2/repository/org/apache/hadoop/hadoop-hdds-container-service/1.1.0-SNAPSHOT/hadoop-hdds-container-service-1.1.0-SNAPSHOT.jar!/webapps/static,AVAILABLE}
2021-04-10 01:06:33,063 [Listener at 127.0.0.1/35629] INFO  handler.ContextHandler (ContextHandler.java:doStart(916)) - Started o.e.j.w.WebAppContext@598f339e{hddsDatanode,/,file:///tmp/jetty-0_0_0_0-42965-hadoop-hdds-container-service-1_1_0-SNAPSHOT_jar-_-any-6118833277564044198/webapp/,AVAILABLE}{jar:file:/home/user/.m2/repository/org/apache/hadoop/hadoop-hdds-container-service/1.1.0-SNAPSHOT/hadoop-hdds-container-service-1.1.0-SNAPSHOT.jar!/webapps/hddsDatanode}
2021-04-10 01:06:33,065 [Listener at 127.0.0.1/35629] INFO  server.AbstractConnector (AbstractConnector.java:doStart(331)) - Started ServerConnector@2e9141d2{HTTP/1.1, (http/1.1)}{0.0.0.0:42965}
2021-04-10 01:06:33,065 [Listener at 127.0.0.1/35629] INFO  server.Server (Server.java:doStart(415)) - Started @143021ms
2021-04-10 01:06:33,066 [Listener at 127.0.0.1/35629] WARN  impl.MetricsSystemImpl (MetricsSystemImpl.java:register(279)) - Sink prometheus already exists!
2021-04-10 01:06:33,069 [Listener at 127.0.0.1/35629] INFO  http.BaseHttpServer (BaseHttpServer.java:updateConnectorAddress(327)) - HTTP server of hddsDatanode listening at http://0.0.0.0:42965
2021-04-10 01:06:33,074 [Listener at 127.0.0.1/35629] INFO  ozone.MiniOzoneClusterImpl (MiniOzoneClusterImpl.java:lambda$waitForClusterToBeReady$0(222)) - Waiting for nodes to be ready. Got 0 of 9 DN Heartbeats.
2021-04-10 01:06:33,075 [Listener at 127.0.0.1/35629] INFO  ozone.MiniOzoneClusterImpl (MiniOzoneClusterImpl.java:lambda$waitForClusterToBeReady$0(225)) - Waiting for cluster to exit safe mode
2021-04-10 01:06:33,075 [Listener at 127.0.0.1/35629] INFO  ozone.MiniOzoneClusterImpl (MiniOzoneClusterImpl.java:lambda$waitForClusterToBeReady$0(228)) - SCM became leader
2021-04-10 01:06:33,076 [org.apache.hadoop.util.JvmPauseMonitor$Monitor@f45d958] INFO  util.JvmPauseMonitor (JvmPauseMonitor.java:run(188)) - Starting JVM pause monitor
2021-04-10 01:06:33,077 [Datanode State Machine Task Thread - 0] INFO  datanode.InitDatanodeState (InitDatanodeState.java:persistContainerDatanodeDetails(145)) - DatanodeDetails is persisted to /github/workspace/mnt/ozone/hadoop-ozone/integration-test/target/test-dir/MiniOzoneClusterImpl-da946c58-7c29-4448-876e-997be65f487e/datanode-8/meta/datanode.id
2021-04-10 01:06:33,252 [EndpointStateMachine task thread for /0.0.0.0:44205 - 0 ] INFO  ozoneimpl.OzoneContainer (OzoneContainer.java:start(292)) - Attempting to start container services.
2021-04-10 01:06:33,252 [EndpointStateMachine task thread for /0.0.0.0:44205 - 0 ] INFO  ozoneimpl.OzoneContainer (OzoneContainer.java:startContainerScrub(238)) - Background container scanner has been disabled.
2021-04-10 01:06:33,252 [EndpointStateMachine task thread for /0.0.0.0:44205 - 0 ] INFO  replication.ReplicationServer (ReplicationServer.java:start(106)) - ReplicationServer is started using port 35105
2021-04-10 01:06:33,253 [EndpointStateMachine task thread for /0.0.0.0:44205 - 0 ] INFO  ratis.XceiverServerRatis (XceiverServerRatis.java:start(490)) - Starting XceiverServerRatis c76c366c-8643-4ee1-839d-0bd7e1d17140
2021-04-10 01:06:33,254 [EndpointStateMachine task thread for /0.0.0.0:44205 - 0 ] INFO  server.RaftServer (RaftServerProxy.java:lambda$start$5(374)) - c76c366c-8643-4ee1-839d-0bd7e1d17140: start RPC server
2021-04-10 01:06:33,254 [EndpointStateMachine task thread for /0.0.0.0:44205 - 0 ] INFO  server.GrpcService (GrpcService.java:startImpl(253)) - c76c366c-8643-4ee1-839d-0bd7e1d17140: GrpcService started, listening on 37239
2021-04-10 01:06:33,254 [EndpointStateMachine task thread for /0.0.0.0:44205 - 0 ] INFO  ratis.XceiverServerRatis (XceiverServerRatis.java:getRealPort(511)) - XceiverServerRatis c76c366c-8643-4ee1-839d-0bd7e1d17140 is started using port 37239 for RATIS
2021-04-10 01:06:33,254 [org.apache.ratis.util.JvmPauseMonitor$$Lambda$503/290751331@755bde2c] INFO  util.JvmPauseMonitor (JvmPauseMonitor.java:run(103)) - JvmPauseMonitor-c76c366c-8643-4ee1-839d-0bd7e1d17140: Started
2021-04-10 01:06:33,254 [EndpointStateMachine task thread for /0.0.0.0:44205 - 0 ] INFO  ratis.XceiverServerRatis (XceiverServerRatis.java:getRealPort(511)) - XceiverServerRatis c76c366c-8643-4ee1-839d-0bd7e1d17140 is started using port 37239 for RATIS_ADMIN
2021-04-10 01:06:33,255 [EndpointStateMachine task thread for /0.0.0.0:44205 - 0 ] INFO  ratis.XceiverServerRatis (XceiverServerRatis.java:getRealPort(511)) - XceiverServerRatis c76c366c-8643-4ee1-839d-0bd7e1d17140 is started using port 37239 for RATIS_SERVER
2021-04-10 01:06:33,255 [EndpointStateMachine task thread for /0.0.0.0:44205 - 0 ] INFO  server.XceiverServerGrpc (XceiverServerGrpc.java:start(135)) - XceiverServerGrpc c76c366c-8643-4ee1-839d-0bd7e1d17140 is started using port 38221
2021-04-10 01:06:33,458 [EndpointStateMachine task thread for /0.0.0.0:44205 - 0 ] INFO  ozoneimpl.OzoneContainer (OzoneContainer.java:start(292)) - Attempting to start container services.
2021-04-10 01:06:33,458 [EndpointStateMachine task thread for /0.0.0.0:44205 - 0 ] INFO  ozoneimpl.OzoneContainer (OzoneContainer.java:startContainerScrub(238)) - Background container scanner has been disabled.
2021-04-10 01:06:33,459 [EndpointStateMachine task thread for /0.0.0.0:44205 - 0 ] INFO  replication.ReplicationServer (ReplicationServer.java:start(106)) - ReplicationServer is started using port 39483
2021-04-10 01:06:33,461 [EndpointStateMachine task thread for /0.0.0.0:44205 - 0 ] INFO  ratis.XceiverServerRatis (XceiverServerRatis.java:start(490)) - Starting XceiverServerRatis 21f15bd4-cfa2-4f88-85d5-ad2919bb380f
2021-04-10 01:06:33,462 [EndpointStateMachine task thread for /0.0.0.0:44205 - 0 ] INFO  server.RaftServer (RaftServerProxy.java:lambda$start$5(374)) - 21f15bd4-cfa2-4f88-85d5-ad2919bb380f: start RPC server
2021-04-10 01:06:33,465 [EndpointStateMachine task thread for /0.0.0.0:44205 - 0 ] INFO  server.GrpcService (GrpcService.java:startImpl(253)) - 21f15bd4-cfa2-4f88-85d5-ad2919bb380f: GrpcService started, listening on 35987
2021-04-10 01:06:33,465 [EndpointStateMachine task thread for /0.0.0.0:44205 - 0 ] INFO  ratis.XceiverServerRatis (XceiverServerRatis.java:getRealPort(511)) - XceiverServerRatis 21f15bd4-cfa2-4f88-85d5-ad2919bb380f is started using port 35987 for RATIS
2021-04-10 01:06:33,465 [org.apache.ratis.util.JvmPauseMonitor$$Lambda$503/290751331@4876c2d0] INFO  util.JvmPauseMonitor (JvmPauseMonitor.java:run(103)) - JvmPauseMonitor-21f15bd4-cfa2-4f88-85d5-ad2919bb380f: Started
2021-04-10 01:06:33,465 [EndpointStateMachine task thread for /0.0.0.0:44205 - 0 ] INFO  ratis.XceiverServerRatis (XceiverServerRatis.java:getRealPort(511)) - XceiverServerRatis 21f15bd4-cfa2-4f88-85d5-ad2919bb380f is started using port 35987 for RATIS_ADMIN
2021-04-10 01:06:33,465 [EndpointStateMachine task thread for /0.0.0.0:44205 - 0 ] INFO  ratis.XceiverServerRatis (XceiverServerRatis.java:getRealPort(511)) - XceiverServerRatis 21f15bd4-cfa2-4f88-85d5-ad2919bb380f is started using port 35987 for RATIS_SERVER
2021-04-10 01:06:33,465 [EndpointStateMachine task thread for /0.0.0.0:44205 - 0 ] INFO  server.XceiverServerGrpc (XceiverServerGrpc.java:start(135)) - XceiverServerGrpc 21f15bd4-cfa2-4f88-85d5-ad2919bb380f is started using port 43675
2021-04-10 01:06:33,664 [EndpointStateMachine task thread for /0.0.0.0:44205 - 0 ] INFO  ozoneimpl.OzoneContainer (OzoneContainer.java:start(292)) - Attempting to start container services.
2021-04-10 01:06:33,665 [EndpointStateMachine task thread for /0.0.0.0:44205 - 0 ] INFO  ozoneimpl.OzoneContainer (OzoneContainer.java:startContainerScrub(238)) - Background container scanner has been disabled.
2021-04-10 01:06:33,665 [EndpointStateMachine task thread for /0.0.0.0:44205 - 0 ] INFO  replication.ReplicationServer (ReplicationServer.java:start(106)) - ReplicationServer is started using port 46855
2021-04-10 01:06:33,665 [EndpointStateMachine task thread for /0.0.0.0:44205 - 0 ] INFO  ratis.XceiverServerRatis (XceiverServerRatis.java:start(490)) - Starting XceiverServerRatis 9eda0c20-f49c-4c2b-9c3e-213dec6e2110
2021-04-10 01:06:33,666 [EndpointStateMachine task thread for /0.0.0.0:44205 - 0 ] INFO  server.RaftServer (RaftServerProxy.java:lambda$start$5(374)) - 9eda0c20-f49c-4c2b-9c3e-213dec6e2110: start RPC server
2021-04-10 01:06:33,667 [EndpointStateMachine task thread for /0.0.0.0:44205 - 0 ] INFO  server.GrpcService (GrpcService.java:startImpl(253)) - 9eda0c20-f49c-4c2b-9c3e-213dec6e2110: GrpcService started, listening on 40767
2021-04-10 01:06:33,667 [EndpointStateMachine task thread for /0.0.0.0:44205 - 0 ] INFO  ratis.XceiverServerRatis (XceiverServerRatis.java:getRealPort(511)) - XceiverServerRatis 9eda0c20-f49c-4c2b-9c3e-213dec6e2110 is started using port 40767 for RATIS
2021-04-10 01:06:33,667 [EndpointStateMachine task thread for /0.0.0.0:44205 - 0 ] INFO  ratis.XceiverServerRatis (XceiverServerRatis.java:getRealPort(511)) - XceiverServerRatis 9eda0c20-f49c-4c2b-9c3e-213dec6e2110 is started using port 40767 for RATIS_ADMIN
2021-04-10 01:06:33,667 [EndpointStateMachine task thread for /0.0.0.0:44205 - 0 ] INFO  ratis.XceiverServerRatis (XceiverServerRatis.java:getRealPort(511)) - XceiverServerRatis 9eda0c20-f49c-4c2b-9c3e-213dec6e2110 is started using port 40767 for RATIS_SERVER
2021-04-10 01:06:33,667 [EndpointStateMachine task thread for /0.0.0.0:44205 - 0 ] INFO  server.XceiverServerGrpc (XceiverServerGrpc.java:start(135)) - XceiverServerGrpc 9eda0c20-f49c-4c2b-9c3e-213dec6e2110 is started using port 36251
2021-04-10 01:06:33,668 [org.apache.ratis.util.JvmPauseMonitor$$Lambda$503/290751331@19775c12] INFO  util.JvmPauseMonitor (JvmPauseMonitor.java:run(103)) - JvmPauseMonitor-9eda0c20-f49c-4c2b-9c3e-213dec6e2110: Started
2021-04-10 01:06:33,894 [EndpointStateMachine task thread for /0.0.0.0:44205 - 0 ] INFO  ozoneimpl.OzoneContainer (OzoneContainer.java:start(292)) - Attempting to start container services.
2021-04-10 01:06:33,894 [EndpointStateMachine task thread for /0.0.0.0:44205 - 0 ] INFO  ozoneimpl.OzoneContainer (OzoneContainer.java:startContainerScrub(238)) - Background container scanner has been disabled.
2021-04-10 01:06:33,895 [EndpointStateMachine task thread for /0.0.0.0:44205 - 0 ] INFO  replication.ReplicationServer (ReplicationServer.java:start(106)) - ReplicationServer is started using port 36161
2021-04-10 01:06:33,895 [EndpointStateMachine task thread for /0.0.0.0:44205 - 0 ] INFO  ratis.XceiverServerRatis (XceiverServerRatis.java:start(490)) - Starting XceiverServerRatis 0920b5d4-01a1-4269-bba6-0e5df288504f
2021-04-10 01:06:33,895 [EndpointStateMachine task thread for /0.0.0.0:44205 - 0 ] INFO  server.RaftServer (RaftServerProxy.java:lambda$start$5(374)) - 0920b5d4-01a1-4269-bba6-0e5df288504f: start RPC server
2021-04-10 01:06:33,896 [EndpointStateMachine task thread for /0.0.0.0:44205 - 0 ] INFO  server.GrpcService (GrpcService.java:startImpl(253)) - 0920b5d4-01a1-4269-bba6-0e5df288504f: GrpcService started, listening on 40455
2021-04-10 01:06:33,897 [EndpointStateMachine task thread for /0.0.0.0:44205 - 0 ] INFO  ratis.XceiverServerRatis (XceiverServerRatis.java:getRealPort(511)) - XceiverServerRatis 0920b5d4-01a1-4269-bba6-0e5df288504f is started using port 40455 for RATIS
2021-04-10 01:06:33,897 [EndpointStateMachine task thread for /0.0.0.0:44205 - 0 ] INFO  ratis.XceiverServerRatis (XceiverServerRatis.java:getRealPort(511)) - XceiverServerRatis 0920b5d4-01a1-4269-bba6-0e5df288504f is started using port 40455 for RATIS_ADMIN
2021-04-10 01:06:33,897 [EndpointStateMachine task thread for /0.0.0.0:44205 - 0 ] INFO  ratis.XceiverServerRatis (XceiverServerRatis.java:getRealPort(511)) - XceiverServerRatis 0920b5d4-01a1-4269-bba6-0e5df288504f is started using port 40455 for RATIS_SERVER
2021-04-10 01:06:33,899 [EndpointStateMachine task thread for /0.0.0.0:44205 - 0 ] INFO  server.XceiverServerGrpc (XceiverServerGrpc.java:start(135)) - XceiverServerGrpc 0920b5d4-01a1-4269-bba6-0e5df288504f is started using port 33227
2021-04-10 01:06:33,899 [org.apache.ratis.util.JvmPauseMonitor$$Lambda$503/290751331@552e5501] INFO  util.JvmPauseMonitor (JvmPauseMonitor.java:run(103)) - JvmPauseMonitor-0920b5d4-01a1-4269-bba6-0e5df288504f: Started
2021-04-10 01:06:34,075 [Listener at 127.0.0.1/35629] INFO  ozone.MiniOzoneClusterImpl (MiniOzoneClusterImpl.java:lambda$waitForClusterToBeReady$0(222)) - Waiting for nodes to be ready. Got 0 of 9 DN Heartbeats.
2021-04-10 01:06:34,076 [Listener at 127.0.0.1/35629] INFO  ozone.MiniOzoneClusterImpl (MiniOzoneClusterImpl.java:lambda$waitForClusterToBeReady$0(225)) - Waiting for cluster to exit safe mode
2021-04-10 01:06:34,076 [Listener at 127.0.0.1/35629] INFO  ozone.MiniOzoneClusterImpl (MiniOzoneClusterImpl.java:lambda$waitForClusterToBeReady$0(228)) - SCM became leader
2021-04-10 01:06:34,137 [EndpointStateMachine task thread for /0.0.0.0:44205 - 0 ] INFO  ozoneimpl.OzoneContainer (OzoneContainer.java:start(292)) - Attempting to start container services.
2021-04-10 01:06:34,137 [EndpointStateMachine task thread for /0.0.0.0:44205 - 0 ] INFO  ozoneimpl.OzoneContainer (OzoneContainer.java:startContainerScrub(238)) - Background container scanner has been disabled.
2021-04-10 01:06:34,139 [EndpointStateMachine task thread for /0.0.0.0:44205 - 0 ] INFO  replication.ReplicationServer (ReplicationServer.java:start(106)) - ReplicationServer is started using port 33831
2021-04-10 01:06:34,139 [EndpointStateMachine task thread for /0.0.0.0:44205 - 0 ] INFO  ratis.XceiverServerRatis (XceiverServerRatis.java:start(490)) - Starting XceiverServerRatis 908f18a0-adb7-4061-877d-82f26c284a6d
2021-04-10 01:06:34,139 [EndpointStateMachine task thread for /0.0.0.0:44205 - 0 ] INFO  server.RaftServer (RaftServerProxy.java:lambda$start$5(374)) - 908f18a0-adb7-4061-877d-82f26c284a6d: start RPC server
2021-04-10 01:06:34,140 [EndpointStateMachine task thread for /0.0.0.0:44205 - 0 ] INFO  server.GrpcService (GrpcService.java:startImpl(253)) - 908f18a0-adb7-4061-877d-82f26c284a6d: GrpcService started, listening on 38461
2021-04-10 01:06:34,140 [EndpointStateMachine task thread for /0.0.0.0:44205 - 0 ] INFO  ratis.XceiverServerRatis (XceiverServerRatis.java:getRealPort(511)) - XceiverServerRatis 908f18a0-adb7-4061-877d-82f26c284a6d is started using port 38461 for RATIS
2021-04-10 01:06:34,140 [EndpointStateMachine task thread for /0.0.0.0:44205 - 0 ] INFO  ratis.XceiverServerRatis (XceiverServerRatis.java:getRealPort(511)) - XceiverServerRatis 908f18a0-adb7-4061-877d-82f26c284a6d is started using port 38461 for RATIS_ADMIN
2021-04-10 01:06:34,140 [EndpointStateMachine task thread for /0.0.0.0:44205 - 0 ] INFO  ratis.XceiverServerRatis (XceiverServerRatis.java:getRealPort(511)) - XceiverServerRatis 908f18a0-adb7-4061-877d-82f26c284a6d is started using port 38461 for RATIS_SERVER
2021-04-10 01:06:34,140 [org.apache.ratis.util.JvmPauseMonitor$$Lambda$503/290751331@453adf5d] INFO  util.JvmPauseMonitor (JvmPauseMonitor.java:run(103)) - JvmPauseMonitor-908f18a0-adb7-4061-877d-82f26c284a6d: Started
2021-04-10 01:06:34,140 [EndpointStateMachine task thread for /0.0.0.0:44205 - 0 ] INFO  server.XceiverServerGrpc (XceiverServerGrpc.java:start(135)) - XceiverServerGrpc 908f18a0-adb7-4061-877d-82f26c284a6d is started using port 39825
2021-04-10 01:06:34,372 [EndpointStateMachine task thread for /0.0.0.0:44205 - 0 ] INFO  ozoneimpl.OzoneContainer (OzoneContainer.java:start(292)) - Attempting to start container services.
2021-04-10 01:06:34,373 [EndpointStateMachine task thread for /0.0.0.0:44205 - 0 ] INFO  ozoneimpl.OzoneContainer (OzoneContainer.java:startContainerScrub(238)) - Background container scanner has been disabled.
2021-04-10 01:06:34,373 [EndpointStateMachine task thread for /0.0.0.0:44205 - 0 ] INFO  replication.ReplicationServer (ReplicationServer.java:start(106)) - ReplicationServer is started using port 33225
2021-04-10 01:06:34,373 [EndpointStateMachine task thread for /0.0.0.0:44205 - 0 ] INFO  ratis.XceiverServerRatis (XceiverServerRatis.java:start(490)) - Starting XceiverServerRatis a42fb17c-ab54-48f0-b04c-859eb28781e5
2021-04-10 01:06:34,374 [EndpointStateMachine task thread for /0.0.0.0:44205 - 0 ] INFO  server.RaftServer (RaftServerProxy.java:lambda$start$5(374)) - a42fb17c-ab54-48f0-b04c-859eb28781e5: start RPC server
2021-04-10 01:06:34,374 [EndpointStateMachine task thread for /0.0.0.0:44205 - 0 ] INFO  server.GrpcService (GrpcService.java:startImpl(253)) - a42fb17c-ab54-48f0-b04c-859eb28781e5: GrpcService started, listening on 39951
2021-04-10 01:06:34,375 [EndpointStateMachine task thread for /0.0.0.0:44205 - 0 ] INFO  ratis.XceiverServerRatis (XceiverServerRatis.java:getRealPort(511)) - XceiverServerRatis a42fb17c-ab54-48f0-b04c-859eb28781e5 is started using port 39951 for RATIS
2021-04-10 01:06:34,375 [org.apache.ratis.util.JvmPauseMonitor$$Lambda$503/290751331@29944b8f] INFO  util.JvmPauseMonitor (JvmPauseMonitor.java:run(103)) - JvmPauseMonitor-a42fb17c-ab54-48f0-b04c-859eb28781e5: Started
2021-04-10 01:06:34,375 [EndpointStateMachine task thread for /0.0.0.0:44205 - 0 ] INFO  ratis.XceiverServerRatis (XceiverServerRatis.java:getRealPort(511)) - XceiverServerRatis a42fb17c-ab54-48f0-b04c-859eb28781e5 is started using port 39951 for RATIS_ADMIN
2021-04-10 01:06:34,375 [EndpointStateMachine task thread for /0.0.0.0:44205 - 0 ] INFO  ratis.XceiverServerRatis (XceiverServerRatis.java:getRealPort(511)) - XceiverServerRatis a42fb17c-ab54-48f0-b04c-859eb28781e5 is started using port 39951 for RATIS_SERVER
2021-04-10 01:06:34,375 [EndpointStateMachine task thread for /0.0.0.0:44205 - 0 ] INFO  server.XceiverServerGrpc (XceiverServerGrpc.java:start(135)) - XceiverServerGrpc a42fb17c-ab54-48f0-b04c-859eb28781e5 is started using port 45977
2021-04-10 01:06:34,598 [EndpointStateMachine task thread for /0.0.0.0:44205 - 0 ] INFO  ozoneimpl.OzoneContainer (OzoneContainer.java:start(292)) - Attempting to start container services.
2021-04-10 01:06:34,598 [EndpointStateMachine task thread for /0.0.0.0:44205 - 0 ] INFO  ozoneimpl.OzoneContainer (OzoneContainer.java:startContainerScrub(238)) - Background container scanner has been disabled.
2021-04-10 01:06:34,603 [EndpointStateMachine task thread for /0.0.0.0:44205 - 0 ] INFO  replication.ReplicationServer (ReplicationServer.java:start(106)) - ReplicationServer is started using port 46669
2021-04-10 01:06:34,603 [EndpointStateMachine task thread for /0.0.0.0:44205 - 0 ] INFO  ratis.XceiverServerRatis (XceiverServerRatis.java:start(490)) - Starting XceiverServerRatis 361947c2-eecd-45e2-9da6-933f9372b1c6
2021-04-10 01:06:34,604 [EndpointStateMachine task thread for /0.0.0.0:44205 - 0 ] INFO  server.RaftServer (RaftServerProxy.java:lambda$start$5(374)) - 361947c2-eecd-45e2-9da6-933f9372b1c6: start RPC server
2021-04-10 01:06:34,604 [EndpointStateMachine task thread for /0.0.0.0:44205 - 0 ] INFO  server.GrpcService (GrpcService.java:startImpl(253)) - 361947c2-eecd-45e2-9da6-933f9372b1c6: GrpcService started, listening on 46001
2021-04-10 01:06:34,604 [EndpointStateMachine task thread for /0.0.0.0:44205 - 0 ] INFO  ratis.XceiverServerRatis (XceiverServerRatis.java:getRealPort(511)) - XceiverServerRatis 361947c2-eecd-45e2-9da6-933f9372b1c6 is started using port 46001 for RATIS
2021-04-10 01:06:34,604 [org.apache.ratis.util.JvmPauseMonitor$$Lambda$503/290751331@613fdefd] INFO  util.JvmPauseMonitor (JvmPauseMonitor.java:run(103)) - JvmPauseMonitor-361947c2-eecd-45e2-9da6-933f9372b1c6: Started
2021-04-10 01:06:34,604 [EndpointStateMachine task thread for /0.0.0.0:44205 - 0 ] INFO  ratis.XceiverServerRatis (XceiverServerRatis.java:getRealPort(511)) - XceiverServerRatis 361947c2-eecd-45e2-9da6-933f9372b1c6 is started using port 46001 for RATIS_ADMIN
2021-04-10 01:06:34,605 [EndpointStateMachine task thread for /0.0.0.0:44205 - 0 ] INFO  ratis.XceiverServerRatis (XceiverServerRatis.java:getRealPort(511)) - XceiverServerRatis 361947c2-eecd-45e2-9da6-933f9372b1c6 is started using port 46001 for RATIS_SERVER
2021-04-10 01:06:34,605 [EndpointStateMachine task thread for /0.0.0.0:44205 - 0 ] INFO  server.XceiverServerGrpc (XceiverServerGrpc.java:start(135)) - XceiverServerGrpc 361947c2-eecd-45e2-9da6-933f9372b1c6 is started using port 40111
2021-04-10 01:06:34,880 [EndpointStateMachine task thread for /0.0.0.0:44205 - 0 ] INFO  ozoneimpl.OzoneContainer (OzoneContainer.java:start(292)) - Attempting to start container services.
2021-04-10 01:06:34,881 [EndpointStateMachine task thread for /0.0.0.0:44205 - 0 ] INFO  ozoneimpl.OzoneContainer (OzoneContainer.java:startContainerScrub(238)) - Background container scanner has been disabled.
2021-04-10 01:06:34,881 [EndpointStateMachine task thread for /0.0.0.0:44205 - 0 ] INFO  replication.ReplicationServer (ReplicationServer.java:start(106)) - ReplicationServer is started using port 32941
2021-04-10 01:06:34,882 [EndpointStateMachine task thread for /0.0.0.0:44205 - 0 ] INFO  ratis.XceiverServerRatis (XceiverServerRatis.java:start(490)) - Starting XceiverServerRatis 8c8eae1d-dd67-4c0e-97f4-ede4c5bc644d
2021-04-10 01:06:34,882 [EndpointStateMachine task thread for /0.0.0.0:44205 - 0 ] INFO  server.RaftServer (RaftServerProxy.java:lambda$start$5(374)) - 8c8eae1d-dd67-4c0e-97f4-ede4c5bc644d: start RPC server
2021-04-10 01:06:34,883 [EndpointStateMachine task thread for /0.0.0.0:44205 - 0 ] INFO  server.GrpcService (GrpcService.java:startImpl(253)) - 8c8eae1d-dd67-4c0e-97f4-ede4c5bc644d: GrpcService started, listening on 39261
2021-04-10 01:06:34,883 [EndpointStateMachine task thread for /0.0.0.0:44205 - 0 ] INFO  ratis.XceiverServerRatis (XceiverServerRatis.java:getRealPort(511)) - XceiverServerRatis 8c8eae1d-dd67-4c0e-97f4-ede4c5bc644d is started using port 39261 for RATIS
2021-04-10 01:06:34,883 [EndpointStateMachine task thread for /0.0.0.0:44205 - 0 ] INFO  ratis.XceiverServerRatis (XceiverServerRatis.java:getRealPort(511)) - XceiverServerRatis 8c8eae1d-dd67-4c0e-97f4-ede4c5bc644d is started using port 39261 for RATIS_ADMIN
2021-04-10 01:06:34,883 [EndpointStateMachine task thread for /0.0.0.0:44205 - 0 ] INFO  ratis.XceiverServerRatis (XceiverServerRatis.java:getRealPort(511)) - XceiverServerRatis 8c8eae1d-dd67-4c0e-97f4-ede4c5bc644d is started using port 39261 for RATIS_SERVER
2021-04-10 01:06:34,884 [EndpointStateMachine task thread for /0.0.0.0:44205 - 0 ] INFO  server.XceiverServerGrpc (XceiverServerGrpc.java:start(135)) - XceiverServerGrpc 8c8eae1d-dd67-4c0e-97f4-ede4c5bc644d is started using port 45575
2021-04-10 01:06:34,885 [org.apache.ratis.util.JvmPauseMonitor$$Lambda$503/290751331@12ae4954] INFO  util.JvmPauseMonitor (JvmPauseMonitor.java:run(103)) - JvmPauseMonitor-8c8eae1d-dd67-4c0e-97f4-ede4c5bc644d: Started
2021-04-10 01:06:35,076 [Listener at 127.0.0.1/35629] INFO  ozone.MiniOzoneClusterImpl (MiniOzoneClusterImpl.java:lambda$waitForClusterToBeReady$0(222)) - Waiting for nodes to be ready. Got 0 of 9 DN Heartbeats.
2021-04-10 01:06:35,077 [Listener at 127.0.0.1/35629] INFO  ozone.MiniOzoneClusterImpl (MiniOzoneClusterImpl.java:lambda$waitForClusterToBeReady$0(225)) - Waiting for cluster to exit safe mode
2021-04-10 01:06:35,077 [Listener at 127.0.0.1/35629] INFO  ozone.MiniOzoneClusterImpl (MiniOzoneClusterImpl.java:lambda$waitForClusterToBeReady$0(228)) - SCM became leader
2021-04-10 01:06:35,079 [EndpointStateMachine task thread for /0.0.0.0:44205 - 0 ] INFO  ozoneimpl.OzoneContainer (OzoneContainer.java:start(292)) - Attempting to start container services.
2021-04-10 01:06:35,079 [EndpointStateMachine task thread for /0.0.0.0:44205 - 0 ] INFO  ozoneimpl.OzoneContainer (OzoneContainer.java:startContainerScrub(238)) - Background container scanner has been disabled.
2021-04-10 01:06:35,080 [EndpointStateMachine task thread for /0.0.0.0:44205 - 0 ] INFO  replication.ReplicationServer (ReplicationServer.java:start(106)) - ReplicationServer is started using port 38013
2021-04-10 01:06:35,080 [EndpointStateMachine task thread for /0.0.0.0:44205 - 0 ] INFO  ratis.XceiverServerRatis (XceiverServerRatis.java:start(490)) - Starting XceiverServerRatis 51a677ad-ae3c-4805-a988-993e59f99449
2021-04-10 01:06:35,080 [EndpointStateMachine task thread for /0.0.0.0:44205 - 0 ] INFO  server.RaftServer (RaftServerProxy.java:lambda$start$5(374)) - 51a677ad-ae3c-4805-a988-993e59f99449: start RPC server
2021-04-10 01:06:35,081 [EndpointStateMachine task thread for /0.0.0.0:44205 - 0 ] INFO  server.GrpcService (GrpcService.java:startImpl(253)) - 51a677ad-ae3c-4805-a988-993e59f99449: GrpcService started, listening on 40287
2021-04-10 01:06:35,081 [EndpointStateMachine task thread for /0.0.0.0:44205 - 0 ] INFO  ratis.XceiverServerRatis (XceiverServerRatis.java:getRealPort(511)) - XceiverServerRatis 51a677ad-ae3c-4805-a988-993e59f99449 is started using port 40287 for RATIS
2021-04-10 01:06:35,081 [org.apache.ratis.util.JvmPauseMonitor$$Lambda$503/290751331@4650f1a7] INFO  util.JvmPauseMonitor (JvmPauseMonitor.java:run(103)) - JvmPauseMonitor-51a677ad-ae3c-4805-a988-993e59f99449: Started
2021-04-10 01:06:35,081 [EndpointStateMachine task thread for /0.0.0.0:44205 - 0 ] INFO  ratis.XceiverServerRatis (XceiverServerRatis.java:getRealPort(511)) - XceiverServerRatis 51a677ad-ae3c-4805-a988-993e59f99449 is started using port 40287 for RATIS_ADMIN
2021-04-10 01:06:35,081 [EndpointStateMachine task thread for /0.0.0.0:44205 - 0 ] INFO  ratis.XceiverServerRatis (XceiverServerRatis.java:getRealPort(511)) - XceiverServerRatis 51a677ad-ae3c-4805-a988-993e59f99449 is started using port 40287 for RATIS_SERVER
2021-04-10 01:06:35,081 [EndpointStateMachine task thread for /0.0.0.0:44205 - 0 ] INFO  server.XceiverServerGrpc (XceiverServerGrpc.java:start(135)) - XceiverServerGrpc 51a677ad-ae3c-4805-a988-993e59f99449 is started using port 41031
2021-04-10 01:06:35,247 [IPC Server handler 2 on default port 44205] INFO  net.NetworkTopologyImpl (NetworkTopologyImpl.java:add(112)) - Added a new node: /default-rack/c76c366c-8643-4ee1-839d-0bd7e1d17140
2021-04-10 01:06:35,248 [IPC Server handler 2 on default port 44205] INFO  node.SCMNodeManager (SCMNodeManager.java:register(348)) - Registered Data node : c76c366c-8643-4ee1-839d-0bd7e1d17140{ip: 172.17.0.2, host: eab485fc2478, ports: [REPLICATION=35105, RATIS=37239, RATIS_ADMIN=37239, RATIS_SERVER=37239, STANDALONE=38221], networkLocation: /default-rack, certSerialId: null, persistedOpState: null, persistedOpStateExpiryEpochSec: 0}
2021-04-10 01:06:35,250 [EventQueue-NewNodeForNewNodeHandler] INFO  pipeline.BackgroundPipelineCreator (BackgroundPipelineCreatorV2.java:notifyEventTriggered(272)) - trigger a one-shot run on RatisPipelineUtilsThread.
2021-04-10 01:06:35,251 [RatisPipelineUtilsThread - 0] INFO  pipeline.RatisPipelineProvider (RatisPipelineProvider.java:lambda$create$0(169)) - Sending CreatePipelineCommand for pipeline:PipelineID=6aeab63b-df6b-4849-8c05-6044c54c1309 to datanode:c76c366c-8643-4ee1-839d-0bd7e1d17140
2021-04-10 01:06:35,251 [EventQueue-NodeRegistrationContainerReportForContainerSafeModeRule] INFO  safemode.SCMSafeModeManager (SCMSafeModeManager.java:validateSafeModeExitRules(201)) - ContainerSafeModeRule rule is successfully validated
2021-04-10 01:06:35,251 [EventQueue-NodeRegistrationContainerReportForDataNodeSafeModeRule] INFO  safemode.SCMSafeModeManager (DataNodeSafeModeRule.java:process(71)) - SCM in safe mode. 1 DataNodes registered, 1 required.
2021-04-10 01:06:35,256 [EventQueue-NodeRegistrationContainerReportForDataNodeSafeModeRule] INFO  safemode.SCMSafeModeManager (SCMSafeModeManager.java:validateSafeModeExitRules(201)) - DataNodeSafeModeRule rule is successfully validated
2021-04-10 01:06:35,256 [EventQueue-NodeRegistrationContainerReportForDataNodeSafeModeRule] INFO  safemode.SCMSafeModeManager (SCMSafeModeManager.java:completePreCheck(229)) - All SCM safe mode pre check rules have passed
2021-04-10 01:06:35,256 [EventQueue-NodeRegistrationContainerReportForDataNodeSafeModeRule] WARN  events.EventQueue (EventQueue.java:fireEvent(185)) - No event handler registered for event TypedEvent{payloadType=SafeModeStatus, name='Safe mode status'}
2021-04-10 01:06:35,256 [EventQueue-NodeRegistrationContainerReportForDataNodeSafeModeRule] INFO  ha.SCMContext (SCMContext.java:updateSafeModeStatus(147)) - Update SafeModeStatus from SafeModeStatus{safeModeStatus=true, preCheckPassed=false} to SafeModeStatus{safeModeStatus=true, preCheckPassed=true}.
2021-04-10 01:06:35,256 [EventQueue-NodeRegistrationContainerReportForDataNodeSafeModeRule] INFO  pipeline.BackgroundPipelineCreator (BackgroundPipelineCreatorV2.java:notifyEventTriggered(272)) - trigger a one-shot run on RatisPipelineUtilsThread.
2021-04-10 01:06:35,256 [RatisPipelineUtilsThread - 0] INFO  pipeline.PipelineStateManager (PipelineStateManagerV2Impl.java:addPipeline(100)) - Created pipeline Pipeline[ Id: 6aeab63b-df6b-4849-8c05-6044c54c1309, Nodes: c76c366c-8643-4ee1-839d-0bd7e1d17140{ip: 172.17.0.2, host: eab485fc2478, ports: [REPLICATION=35105, RATIS=37239, RATIS_ADMIN=37239, RATIS_SERVER=37239, STANDALONE=38221], networkLocation: /default-rack, certSerialId: null, persistedOpState: IN_SERVICE, persistedOpStateExpiryEpochSec: 0}, Type:RATIS, Factor:ONE, State:ALLOCATED, leaderId:, CreationTimestamp2021-04-10T01:06:35.251Z].
2021-04-10 01:06:35,256 [RatisPipelineUtilsThread - 0] WARN  pipeline.PipelinePlacementPolicy (PipelinePlacementPolicy.java:filterViableNodes(143)) - Pipeline creation failed due to no sufficient healthy datanodes. Required 3. Found 1.
2021-04-10 01:06:35,257 [EventQueue-PipelineReportForOneReplicaPipelineSafeModeRule] INFO  safemode.SCMSafeModeManager (SCMSafeModeManager.java:validateSafeModeExitRules(201)) - AtleastOneDatanodeReportedRule rule is successfully validated
2021-04-10 01:06:35,454 [IPC Server handler 3 on default port 44205] INFO  net.NetworkTopologyImpl (NetworkTopologyImpl.java:add(112)) - Added a new node: /default-rack/21f15bd4-cfa2-4f88-85d5-ad2919bb380f
2021-04-10 01:06:35,455 [IPC Server handler 3 on default port 44205] INFO  node.SCMNodeManager (SCMNodeManager.java:register(348)) - Registered Data node : 21f15bd4-cfa2-4f88-85d5-ad2919bb380f{ip: 172.17.0.2, host: eab485fc2478, ports: [REPLICATION=39483, RATIS=35987, RATIS_ADMIN=35987, RATIS_SERVER=35987, STANDALONE=43675], networkLocation: /default-rack, certSerialId: null, persistedOpState: null, persistedOpStateExpiryEpochSec: 0}
2021-04-10 01:06:35,455 [EventQueue-NewNodeForNewNodeHandler] INFO  pipeline.BackgroundPipelineCreator (BackgroundPipelineCreatorV2.java:notifyEventTriggered(272)) - trigger a one-shot run on RatisPipelineUtilsThread.
2021-04-10 01:06:35,455 [EventQueue-NodeRegistrationContainerReportForContainerSafeModeRule] INFO  safemode.SCMSafeModeManager (SCMSafeModeManager.java:validateSafeModeExitRules(201)) - ContainerSafeModeRule rule is successfully validated
2021-04-10 01:06:35,455 [EventQueue-NodeRegistrationContainerReportForDataNodeSafeModeRule] INFO  safemode.SCMSafeModeManager (SCMSafeModeManager.java:validateSafeModeExitRules(201)) - DataNodeSafeModeRule rule is successfully validated
2021-04-10 01:06:35,455 [EventQueue-PipelineReportForOneReplicaPipelineSafeModeRule] INFO  safemode.SCMSafeModeManager (SCMSafeModeManager.java:validateSafeModeExitRules(201)) - AtleastOneDatanodeReportedRule rule is successfully validated
2021-04-10 01:06:35,456 [RatisPipelineUtilsThread - 0] INFO  pipeline.RatisPipelineProvider (RatisPipelineProvider.java:lambda$create$0(169)) - Sending CreatePipelineCommand for pipeline:PipelineID=25feec8a-8cac-4a53-8636-ccac56d7fe7a to datanode:21f15bd4-cfa2-4f88-85d5-ad2919bb380f
2021-04-10 01:06:35,456 [RatisPipelineUtilsThread - 0] INFO  pipeline.PipelineStateManager (PipelineStateManagerV2Impl.java:addPipeline(100)) - Created pipeline Pipeline[ Id: 25feec8a-8cac-4a53-8636-ccac56d7fe7a, Nodes: 21f15bd4-cfa2-4f88-85d5-ad2919bb380f{ip: 172.17.0.2, host: eab485fc2478, ports: [REPLICATION=39483, RATIS=35987, RATIS_ADMIN=35987, RATIS_SERVER=35987, STANDALONE=43675], networkLocation: /default-rack, certSerialId: null, persistedOpState: IN_SERVICE, persistedOpStateExpiryEpochSec: 0}, Type:RATIS, Factor:ONE, State:ALLOCATED, leaderId:, CreationTimestamp2021-04-10T01:06:35.456Z].
2021-04-10 01:06:35,456 [RatisPipelineUtilsThread - 0] WARN  pipeline.PipelinePlacementPolicy (PipelinePlacementPolicy.java:filterViableNodes(143)) - Pipeline creation failed due to no sufficient healthy datanodes. Required 3. Found 2.
2021-04-10 01:06:35,663 [IPC Server handler 4 on default port 44205] INFO  net.NetworkTopologyImpl (NetworkTopologyImpl.java:add(112)) - Added a new node: /default-rack/9eda0c20-f49c-4c2b-9c3e-213dec6e2110
2021-04-10 01:06:35,663 [IPC Server handler 4 on default port 44205] INFO  node.SCMNodeManager (SCMNodeManager.java:register(348)) - Registered Data node : 9eda0c20-f49c-4c2b-9c3e-213dec6e2110{ip: 172.17.0.2, host: eab485fc2478, ports: [REPLICATION=46855, RATIS=40767, RATIS_ADMIN=40767, RATIS_SERVER=40767, STANDALONE=36251], networkLocation: /default-rack, certSerialId: null, persistedOpState: null, persistedOpStateExpiryEpochSec: 0}
2021-04-10 01:06:35,663 [EventQueue-NewNodeForNewNodeHandler] INFO  pipeline.BackgroundPipelineCreator (BackgroundPipelineCreatorV2.java:notifyEventTriggered(272)) - trigger a one-shot run on RatisPipelineUtilsThread.
2021-04-10 01:06:35,663 [EventQueue-NodeRegistrationContainerReportForContainerSafeModeRule] INFO  safemode.SCMSafeModeManager (SCMSafeModeManager.java:validateSafeModeExitRules(201)) - ContainerSafeModeRule rule is successfully validated
2021-04-10 01:06:35,663 [EventQueue-NodeRegistrationContainerReportForDataNodeSafeModeRule] INFO  safemode.SCMSafeModeManager (SCMSafeModeManager.java:validateSafeModeExitRules(201)) - DataNodeSafeModeRule rule is successfully validated
2021-04-10 01:06:35,663 [EventQueue-PipelineReportForOneReplicaPipelineSafeModeRule] INFO  safemode.SCMSafeModeManager (SCMSafeModeManager.java:validateSafeModeExitRules(201)) - AtleastOneDatanodeReportedRule rule is successfully validated
2021-04-10 01:06:35,664 [RatisPipelineUtilsThread - 0] INFO  pipeline.RatisPipelineProvider (RatisPipelineProvider.java:lambda$create$0(169)) - Sending CreatePipelineCommand for pipeline:PipelineID=561ad3a2-252a-4327-a06d-4928f97e880e to datanode:9eda0c20-f49c-4c2b-9c3e-213dec6e2110
2021-04-10 01:06:35,664 [RatisPipelineUtilsThread - 0] INFO  pipeline.PipelineStateManager (PipelineStateManagerV2Impl.java:addPipeline(100)) - Created pipeline Pipeline[ Id: 561ad3a2-252a-4327-a06d-4928f97e880e, Nodes: 9eda0c20-f49c-4c2b-9c3e-213dec6e2110{ip: 172.17.0.2, host: eab485fc2478, ports: [REPLICATION=46855, RATIS=40767, RATIS_ADMIN=40767, RATIS_SERVER=40767, STANDALONE=36251], networkLocation: /default-rack, certSerialId: null, persistedOpState: IN_SERVICE, persistedOpStateExpiryEpochSec: 0}, Type:RATIS, Factor:ONE, State:ALLOCATED, leaderId:, CreationTimestamp2021-04-10T01:06:35.664Z].
2021-04-10 01:06:35,665 [RatisPipelineUtilsThread - 0] INFO  pipeline.RatisPipelineProvider (RatisPipelineProvider.java:lambda$create$0(169)) - Sending CreatePipelineCommand for pipeline:PipelineID=1c27daa1-949f-46e1-994e-0e929e22572f to datanode:9eda0c20-f49c-4c2b-9c3e-213dec6e2110
2021-04-10 01:06:35,665 [RatisPipelineUtilsThread - 0] INFO  pipeline.RatisPipelineProvider (RatisPipelineProvider.java:lambda$create$0(169)) - Sending CreatePipelineCommand for pipeline:PipelineID=1c27daa1-949f-46e1-994e-0e929e22572f to datanode:21f15bd4-cfa2-4f88-85d5-ad2919bb380f
2021-04-10 01:06:35,665 [RatisPipelineUtilsThread - 0] INFO  pipeline.RatisPipelineProvider (RatisPipelineProvider.java:lambda$create$0(169)) - Sending CreatePipelineCommand for pipeline:PipelineID=1c27daa1-949f-46e1-994e-0e929e22572f to datanode:c76c366c-8643-4ee1-839d-0bd7e1d17140
2021-04-10 01:06:35,665 [RatisPipelineUtilsThread - 0] INFO  pipeline.PipelineStateManager (PipelineStateManagerV2Impl.java:addPipeline(100)) - Created pipeline Pipeline[ Id: 1c27daa1-949f-46e1-994e-0e929e22572f, Nodes: 9eda0c20-f49c-4c2b-9c3e-213dec6e2110{ip: 172.17.0.2, host: eab485fc2478, ports: [REPLICATION=46855, RATIS=40767, RATIS_ADMIN=40767, RATIS_SERVER=40767, STANDALONE=36251], networkLocation: /default-rack, certSerialId: null, persistedOpState: IN_SERVICE, persistedOpStateExpiryEpochSec: 0}21f15bd4-cfa2-4f88-85d5-ad2919bb380f{ip: 172.17.0.2, host: eab485fc2478, ports: [REPLICATION=39483, RATIS=35987, RATIS_ADMIN=35987, RATIS_SERVER=35987, STANDALONE=43675], networkLocation: /default-rack, certSerialId: null, persistedOpState: IN_SERVICE, persistedOpStateExpiryEpochSec: 0}c76c366c-8643-4ee1-839d-0bd7e1d17140{ip: 172.17.0.2, host: eab485fc2478, ports: [REPLICATION=35105, RATIS=37239, RATIS_ADMIN=37239, RATIS_SERVER=37239, STANDALONE=38221], networkLocation: /default-rack, certSerialId: null, persistedOpState: IN_SERVICE, persistedOpStateExpiryEpochSec: 0}, Type:RATIS, Factor:THREE, State:ALLOCATED, leaderId:, CreationTimestamp2021-04-10T01:06:35.665Z].
2021-04-10 01:06:35,892 [IPC Server handler 1 on default port 44205] INFO  net.NetworkTopologyImpl (NetworkTopologyImpl.java:add(112)) - Added a new node: /default-rack/0920b5d4-01a1-4269-bba6-0e5df288504f
2021-04-10 01:06:35,893 [IPC Server handler 1 on default port 44205] INFO  node.SCMNodeManager (SCMNodeManager.java:register(348)) - Registered Data node : 0920b5d4-01a1-4269-bba6-0e5df288504f{ip: 172.17.0.2, host: eab485fc2478, ports: [REPLICATION=36161, RATIS=40455, RATIS_ADMIN=40455, RATIS_SERVER=40455, STANDALONE=33227], networkLocation: /default-rack, certSerialId: null, persistedOpState: null, persistedOpStateExpiryEpochSec: 0}
2021-04-10 01:06:35,893 [EventQueue-NewNodeForNewNodeHandler] INFO  pipeline.BackgroundPipelineCreator (BackgroundPipelineCreatorV2.java:notifyEventTriggered(272)) - trigger a one-shot run on RatisPipelineUtilsThread.
2021-04-10 01:06:35,893 [EventQueue-NodeRegistrationContainerReportForContainerSafeModeRule] INFO  safemode.SCMSafeModeManager (SCMSafeModeManager.java:validateSafeModeExitRules(201)) - ContainerSafeModeRule rule is successfully validated
2021-04-10 01:06:35,893 [EventQueue-PipelineReportForOneReplicaPipelineSafeModeRule] INFO  safemode.SCMSafeModeManager (SCMSafeModeManager.java:validateSafeModeExitRules(201)) - AtleastOneDatanodeReportedRule rule is successfully validated
2021-04-10 01:06:35,893 [EventQueue-NodeRegistrationContainerReportForDataNodeSafeModeRule] INFO  safemode.SCMSafeModeManager (SCMSafeModeManager.java:validateSafeModeExitRules(201)) - DataNodeSafeModeRule rule is successfully validated
2021-04-10 01:06:35,895 [RatisPipelineUtilsThread - 0] INFO  pipeline.RatisPipelineProvider (RatisPipelineProvider.java:lambda$create$0(169)) - Sending CreatePipelineCommand for pipeline:PipelineID=f5560698-9625-428e-a40d-9e97c5c1b556 to datanode:0920b5d4-01a1-4269-bba6-0e5df288504f
2021-04-10 01:06:35,896 [RatisPipelineUtilsThread - 0] INFO  pipeline.PipelineStateManager (PipelineStateManagerV2Impl.java:addPipeline(100)) - Created pipeline Pipeline[ Id: f5560698-9625-428e-a40d-9e97c5c1b556, Nodes: 0920b5d4-01a1-4269-bba6-0e5df288504f{ip: 172.17.0.2, host: eab485fc2478, ports: [REPLICATION=36161, RATIS=40455, RATIS_ADMIN=40455, RATIS_SERVER=40455, STANDALONE=33227], networkLocation: /default-rack, certSerialId: null, persistedOpState: IN_SERVICE, persistedOpStateExpiryEpochSec: 0}, Type:RATIS, Factor:ONE, State:ALLOCATED, leaderId:, CreationTimestamp2021-04-10T01:06:35.895Z].
2021-04-10 01:06:36,077 [Listener at 127.0.0.1/35629] INFO  ozone.MiniOzoneClusterImpl (MiniOzoneClusterImpl.java:lambda$waitForClusterToBeReady$0(222)) - Waiting for nodes to be ready. Got 4 of 9 DN Heartbeats.
2021-04-10 01:06:36,078 [Listener at 127.0.0.1/35629] INFO  ozone.MiniOzoneClusterImpl (MiniOzoneClusterImpl.java:lambda$waitForClusterToBeReady$0(225)) - Waiting for cluster to exit safe mode
2021-04-10 01:06:36,078 [Listener at 127.0.0.1/35629] INFO  ozone.MiniOzoneClusterImpl (MiniOzoneClusterImpl.java:lambda$waitForClusterToBeReady$0(228)) - SCM became leader
2021-04-10 01:06:36,134 [IPC Server handler 2 on default port 44205] INFO  net.NetworkTopologyImpl (NetworkTopologyImpl.java:add(112)) - Added a new node: /default-rack/908f18a0-adb7-4061-877d-82f26c284a6d
2021-04-10 01:06:36,135 [IPC Server handler 2 on default port 44205] INFO  node.SCMNodeManager (SCMNodeManager.java:register(348)) - Registered Data node : 908f18a0-adb7-4061-877d-82f26c284a6d{ip: 172.17.0.2, host: eab485fc2478, ports: [REPLICATION=33831, RATIS=38461, RATIS_ADMIN=38461, RATIS_SERVER=38461, STANDALONE=39825], networkLocation: /default-rack, certSerialId: null, persistedOpState: null, persistedOpStateExpiryEpochSec: 0}
2021-04-10 01:06:36,135 [EventQueue-NewNodeForNewNodeHandler] INFO  pipeline.BackgroundPipelineCreator (BackgroundPipelineCreatorV2.java:notifyEventTriggered(272)) - trigger a one-shot run on RatisPipelineUtilsThread.
2021-04-10 01:06:36,135 [EventQueue-NodeRegistrationContainerReportForContainerSafeModeRule] INFO  safemode.SCMSafeModeManager (SCMSafeModeManager.java:validateSafeModeExitRules(201)) - ContainerSafeModeRule rule is successfully validated
2021-04-10 01:06:36,135 [EventQueue-PipelineReportForOneReplicaPipelineSafeModeRule] INFO  safemode.SCMSafeModeManager (SCMSafeModeManager.java:validateSafeModeExitRules(201)) - AtleastOneDatanodeReportedRule rule is successfully validated
2021-04-10 01:06:36,135 [EventQueue-NodeRegistrationContainerReportForDataNodeSafeModeRule] INFO  safemode.SCMSafeModeManager (SCMSafeModeManager.java:validateSafeModeExitRules(201)) - DataNodeSafeModeRule rule is successfully validated
2021-04-10 01:06:36,135 [RatisPipelineUtilsThread - 0] INFO  pipeline.RatisPipelineProvider (RatisPipelineProvider.java:lambda$create$0(169)) - Sending CreatePipelineCommand for pipeline:PipelineID=715bc283-0cb5-4de9-9094-be40a02a58a0 to datanode:908f18a0-adb7-4061-877d-82f26c284a6d
2021-04-10 01:06:36,136 [RatisPipelineUtilsThread - 0] INFO  pipeline.PipelineStateManager (PipelineStateManagerV2Impl.java:addPipeline(100)) - Created pipeline Pipeline[ Id: 715bc283-0cb5-4de9-9094-be40a02a58a0, Nodes: 908f18a0-adb7-4061-877d-82f26c284a6d{ip: 172.17.0.2, host: eab485fc2478, ports: [REPLICATION=33831, RATIS=38461, RATIS_ADMIN=38461, RATIS_SERVER=38461, STANDALONE=39825], networkLocation: /default-rack, certSerialId: null, persistedOpState: IN_SERVICE, persistedOpStateExpiryEpochSec: 0}, Type:RATIS, Factor:ONE, State:ALLOCATED, leaderId:, CreationTimestamp2021-04-10T01:06:36.135Z].
2021-04-10 01:06:36,371 [IPC Server handler 3 on default port 44205] INFO  net.NetworkTopologyImpl (NetworkTopologyImpl.java:add(112)) - Added a new node: /default-rack/a42fb17c-ab54-48f0-b04c-859eb28781e5
2021-04-10 01:06:36,371 [IPC Server handler 3 on default port 44205] INFO  node.SCMNodeManager (SCMNodeManager.java:register(348)) - Registered Data node : a42fb17c-ab54-48f0-b04c-859eb28781e5{ip: 172.17.0.2, host: eab485fc2478, ports: [REPLICATION=33225, RATIS=39951, RATIS_ADMIN=39951, RATIS_SERVER=39951, STANDALONE=45977], networkLocation: /default-rack, certSerialId: null, persistedOpState: null, persistedOpStateExpiryEpochSec: 0}
2021-04-10 01:06:36,372 [EventQueue-NewNodeForNewNodeHandler] INFO  pipeline.BackgroundPipelineCreator (BackgroundPipelineCreatorV2.java:notifyEventTriggered(272)) - trigger a one-shot run on RatisPipelineUtilsThread.
2021-04-10 01:06:36,372 [EventQueue-NodeRegistrationContainerReportForContainerSafeModeRule] INFO  safemode.SCMSafeModeManager (SCMSafeModeManager.java:validateSafeModeExitRules(201)) - ContainerSafeModeRule rule is successfully validated
2021-04-10 01:06:36,372 [EventQueue-PipelineReportForOneReplicaPipelineSafeModeRule] INFO  safemode.SCMSafeModeManager (SCMSafeModeManager.java:validateSafeModeExitRules(201)) - AtleastOneDatanodeReportedRule rule is successfully validated
2021-04-10 01:06:36,372 [EventQueue-NodeRegistrationContainerReportForDataNodeSafeModeRule] INFO  safemode.SCMSafeModeManager (SCMSafeModeManager.java:validateSafeModeExitRules(201)) - DataNodeSafeModeRule rule is successfully validated
2021-04-10 01:06:36,374 [RatisPipelineUtilsThread - 0] INFO  pipeline.RatisPipelineProvider (RatisPipelineProvider.java:lambda$create$0(169)) - Sending CreatePipelineCommand for pipeline:PipelineID=384634db-4e2f-48b9-a2d2-1723fb9cae25 to datanode:a42fb17c-ab54-48f0-b04c-859eb28781e5
2021-04-10 01:06:36,374 [RatisPipelineUtilsThread - 0] INFO  pipeline.PipelineStateManager (PipelineStateManagerV2Impl.java:addPipeline(100)) - Created pipeline Pipeline[ Id: 384634db-4e2f-48b9-a2d2-1723fb9cae25, Nodes: a42fb17c-ab54-48f0-b04c-859eb28781e5{ip: 172.17.0.2, host: eab485fc2478, ports: [REPLICATION=33225, RATIS=39951, RATIS_ADMIN=39951, RATIS_SERVER=39951, STANDALONE=45977], networkLocation: /default-rack, certSerialId: null, persistedOpState: IN_SERVICE, persistedOpStateExpiryEpochSec: 0}, Type:RATIS, Factor:ONE, State:ALLOCATED, leaderId:, CreationTimestamp2021-04-10T01:06:36.373Z].
2021-04-10 01:06:36,374 [RatisPipelineUtilsThread - 0] INFO  pipeline.RatisPipelineProvider (RatisPipelineProvider.java:lambda$create$0(169)) - Sending CreatePipelineCommand for pipeline:PipelineID=a5fb9b2c-8784-43e5-a193-0760ccc17729 to datanode:908f18a0-adb7-4061-877d-82f26c284a6d
2021-04-10 01:06:36,375 [RatisPipelineUtilsThread - 0] INFO  pipeline.RatisPipelineProvider (RatisPipelineProvider.java:lambda$create$0(169)) - Sending CreatePipelineCommand for pipeline:PipelineID=a5fb9b2c-8784-43e5-a193-0760ccc17729 to datanode:a42fb17c-ab54-48f0-b04c-859eb28781e5
2021-04-10 01:06:36,375 [RatisPipelineUtilsThread - 0] INFO  pipeline.RatisPipelineProvider (RatisPipelineProvider.java:lambda$create$0(169)) - Sending CreatePipelineCommand for pipeline:PipelineID=a5fb9b2c-8784-43e5-a193-0760ccc17729 to datanode:0920b5d4-01a1-4269-bba6-0e5df288504f
2021-04-10 01:06:36,375 [RatisPipelineUtilsThread - 0] INFO  pipeline.PipelineStateManager (PipelineStateManagerV2Impl.java:addPipeline(100)) - Created pipeline Pipeline[ Id: a5fb9b2c-8784-43e5-a193-0760ccc17729, Nodes: 908f18a0-adb7-4061-877d-82f26c284a6d{ip: 172.17.0.2, host: eab485fc2478, ports: [REPLICATION=33831, RATIS=38461, RATIS_ADMIN=38461, RATIS_SERVER=38461, STANDALONE=39825], networkLocation: /default-rack, certSerialId: null, persistedOpState: IN_SERVICE, persistedOpStateExpiryEpochSec: 0}a42fb17c-ab54-48f0-b04c-859eb28781e5{ip: 172.17.0.2, host: eab485fc2478, ports: [REPLICATION=33225, RATIS=39951, RATIS_ADMIN=39951, RATIS_SERVER=39951, STANDALONE=45977], networkLocation: /default-rack, certSerialId: null, persistedOpState: IN_SERVICE, persistedOpStateExpiryEpochSec: 0}0920b5d4-01a1-4269-bba6-0e5df288504f{ip: 172.17.0.2, host: eab485fc2478, ports: [REPLICATION=36161, RATIS=40455, RATIS_ADMIN=40455, RATIS_SERVER=40455, STANDALONE=33227], networkLocation: /default-rack, certSerialId: null, persistedOpState: IN_SERVICE, persistedOpStateExpiryEpochSec: 0}, Type:RATIS, Factor:THREE, State:ALLOCATED, leaderId:, CreationTimestamp2021-04-10T01:06:36.374Z].
2021-04-10 01:06:36,597 [IPC Server handler 4 on default port 44205] INFO  net.NetworkTopologyImpl (NetworkTopologyImpl.java:add(112)) - Added a new node: /default-rack/361947c2-eecd-45e2-9da6-933f9372b1c6
2021-04-10 01:06:36,597 [IPC Server handler 4 on default port 44205] INFO  node.SCMNodeManager (SCMNodeManager.java:register(348)) - Registered Data node : 361947c2-eecd-45e2-9da6-933f9372b1c6{ip: 172.17.0.2, host: eab485fc2478, ports: [REPLICATION=46669, RATIS=46001, RATIS_ADMIN=46001, RATIS_SERVER=46001, STANDALONE=40111], networkLocation: /default-rack, certSerialId: null, persistedOpState: null, persistedOpStateExpiryEpochSec: 0}
2021-04-10 01:06:36,597 [EventQueue-NewNodeForNewNodeHandler] INFO  pipeline.BackgroundPipelineCreator (BackgroundPipelineCreatorV2.java:notifyEventTriggered(272)) - trigger a one-shot run on RatisPipelineUtilsThread.
2021-04-10 01:06:36,597 [EventQueue-NodeRegistrationContainerReportForContainerSafeModeRule] INFO  safemode.SCMSafeModeManager (SCMSafeModeManager.java:validateSafeModeExitRules(201)) - ContainerSafeModeRule rule is successfully validated
2021-04-10 01:06:36,598 [EventQueue-NodeRegistrationContainerReportForDataNodeSafeModeRule] INFO  safemode.SCMSafeModeManager (SCMSafeModeManager.java:validateSafeModeExitRules(201)) - DataNodeSafeModeRule rule is successfully validated
2021-04-10 01:06:36,598 [RatisPipelineUtilsThread - 0] INFO  pipeline.RatisPipelineProvider (RatisPipelineProvider.java:lambda$create$0(169)) - Sending CreatePipelineCommand for pipeline:PipelineID=e498aa0e-7a57-4262-ae43-fd7c0488e0ca to datanode:361947c2-eecd-45e2-9da6-933f9372b1c6
2021-04-10 01:06:36,598 [EventQueue-PipelineReportForOneReplicaPipelineSafeModeRule] INFO  safemode.SCMSafeModeManager (SCMSafeModeManager.java:validateSafeModeExitRules(201)) - AtleastOneDatanodeReportedRule rule is successfully validated
2021-04-10 01:06:36,598 [RatisPipelineUtilsThread - 0] INFO  pipeline.PipelineStateManager (PipelineStateManagerV2Impl.java:addPipeline(100)) - Created pipeline Pipeline[ Id: e498aa0e-7a57-4262-ae43-fd7c0488e0ca, Nodes: 361947c2-eecd-45e2-9da6-933f9372b1c6{ip: 172.17.0.2, host: eab485fc2478, ports: [REPLICATION=46669, RATIS=46001, RATIS_ADMIN=46001, RATIS_SERVER=46001, STANDALONE=40111], networkLocation: /default-rack, certSerialId: null, persistedOpState: IN_SERVICE, persistedOpStateExpiryEpochSec: 0}, Type:RATIS, Factor:ONE, State:ALLOCATED, leaderId:, CreationTimestamp2021-04-10T01:06:36.598Z].
2021-04-10 01:06:36,879 [IPC Server handler 0 on default port 44205] INFO  net.NetworkTopologyImpl (NetworkTopologyImpl.java:add(112)) - Added a new node: /default-rack/8c8eae1d-dd67-4c0e-97f4-ede4c5bc644d
2021-04-10 01:06:36,879 [IPC Server handler 0 on default port 44205] INFO  node.SCMNodeManager (SCMNodeManager.java:register(348)) - Registered Data node : 8c8eae1d-dd67-4c0e-97f4-ede4c5bc644d{ip: 172.17.0.2, host: eab485fc2478, ports: [REPLICATION=32941, RATIS=39261, RATIS_ADMIN=39261, RATIS_SERVER=39261, STANDALONE=45575], networkLocation: /default-rack, certSerialId: null, persistedOpState: null, persistedOpStateExpiryEpochSec: 0}
2021-04-10 01:06:36,879 [EventQueue-NodeRegistrationContainerReportForContainerSafeModeRule] INFO  safemode.SCMSafeModeManager (SCMSafeModeManager.java:validateSafeModeExitRules(201)) - ContainerSafeModeRule rule is successfully validated
2021-04-10 01:06:36,879 [EventQueue-NewNodeForNewNodeHandler] INFO  pipeline.BackgroundPipelineCreator (BackgroundPipelineCreatorV2.java:notifyEventTriggered(272)) - trigger a one-shot run on RatisPipelineUtilsThread.
2021-04-10 01:06:36,879 [EventQueue-NodeRegistrationContainerReportForDataNodeSafeModeRule] INFO  safemode.SCMSafeModeManager (SCMSafeModeManager.java:validateSafeModeExitRules(201)) - DataNodeSafeModeRule rule is successfully validated
2021-04-10 01:06:36,879 [EventQueue-PipelineReportForOneReplicaPipelineSafeModeRule] INFO  safemode.SCMSafeModeManager (SCMSafeModeManager.java:validateSafeModeExitRules(201)) - AtleastOneDatanodeReportedRule rule is successfully validated
2021-04-10 01:06:36,880 [RatisPipelineUtilsThread - 0] INFO  pipeline.RatisPipelineProvider (RatisPipelineProvider.java:lambda$create$0(169)) - Sending CreatePipelineCommand for pipeline:PipelineID=bb459efc-16c8-4713-bf14-2755706699c4 to datanode:8c8eae1d-dd67-4c0e-97f4-ede4c5bc644d
2021-04-10 01:06:36,880 [RatisPipelineUtilsThread - 0] INFO  pipeline.PipelineStateManager (PipelineStateManagerV2Impl.java:addPipeline(100)) - Created pipeline Pipeline[ Id: bb459efc-16c8-4713-bf14-2755706699c4, Nodes: 8c8eae1d-dd67-4c0e-97f4-ede4c5bc644d{ip: 172.17.0.2, host: eab485fc2478, ports: [REPLICATION=32941, RATIS=39261, RATIS_ADMIN=39261, RATIS_SERVER=39261, STANDALONE=45575], networkLocation: /default-rack, certSerialId: null, persistedOpState: IN_SERVICE, persistedOpStateExpiryEpochSec: 0}, Type:RATIS, Factor:ONE, State:ALLOCATED, leaderId:, CreationTimestamp2021-04-10T01:06:36.880Z].
2021-04-10 01:06:37,077 [IPC Server handler 2 on default port 44205] INFO  net.NetworkTopologyImpl (NetworkTopologyImpl.java:add(112)) - Added a new node: /default-rack/51a677ad-ae3c-4805-a988-993e59f99449
2021-04-10 01:06:37,077 [IPC Server handler 2 on default port 44205] INFO  node.SCMNodeManager (SCMNodeManager.java:register(348)) - Registered Data node : 51a677ad-ae3c-4805-a988-993e59f99449{ip: 172.17.0.2, host: eab485fc2478, ports: [REPLICATION=38013, RATIS=40287, RATIS_ADMIN=40287, RATIS_SERVER=40287, STANDALONE=41031], networkLocation: /default-rack, certSerialId: null, persistedOpState: null, persistedOpStateExpiryEpochSec: 0}
2021-04-10 01:06:37,078 [EventQueue-NewNodeForNewNodeHandler] INFO  pipeline.BackgroundPipelineCreator (BackgroundPipelineCreatorV2.java:notifyEventTriggered(272)) - trigger a one-shot run on RatisPipelineUtilsThread.
2021-04-10 01:06:37,078 [EventQueue-NodeRegistrationContainerReportForDataNodeSafeModeRule] INFO  safemode.SCMSafeModeManager (SCMSafeModeManager.java:validateSafeModeExitRules(201)) - DataNodeSafeModeRule rule is successfully validated
2021-04-10 01:06:37,078 [EventQueue-NodeRegistrationContainerReportForContainerSafeModeRule] INFO  safemode.SCMSafeModeManager (SCMSafeModeManager.java:validateSafeModeExitRules(201)) - ContainerSafeModeRule rule is successfully validated
2021-04-10 01:06:37,078 [EventQueue-PipelineReportForOneReplicaPipelineSafeModeRule] INFO  safemode.SCMSafeModeManager (SCMSafeModeManager.java:validateSafeModeExitRules(201)) - AtleastOneDatanodeReportedRule rule is successfully validated
2021-04-10 01:06:37,078 [Listener at 127.0.0.1/35629] INFO  ozone.MiniOzoneClusterImpl (MiniOzoneClusterImpl.java:lambda$waitForClusterToBeReady$0(222)) - Nodes are ready. Got 9 of 9 DN Heartbeats.
2021-04-10 01:06:37,078 [Listener at 127.0.0.1/35629] INFO  ozone.MiniOzoneClusterImpl (MiniOzoneClusterImpl.java:lambda$waitForClusterToBeReady$0(225)) - Waiting for cluster to exit safe mode
2021-04-10 01:06:37,079 [Listener at 127.0.0.1/35629] INFO  ozone.MiniOzoneClusterImpl (MiniOzoneClusterImpl.java:lambda$waitForClusterToBeReady$0(228)) - SCM became leader
2021-04-10 01:06:37,078 [RatisPipelineUtilsThread - 0] INFO  pipeline.RatisPipelineProvider (RatisPipelineProvider.java:lambda$create$0(169)) - Sending CreatePipelineCommand for pipeline:PipelineID=c76e43d5-472b-4f8d-96f3-fa68ff2ad76b to datanode:51a677ad-ae3c-4805-a988-993e59f99449
2021-04-10 01:06:37,079 [RatisPipelineUtilsThread - 0] INFO  pipeline.PipelineStateManager (PipelineStateManagerV2Impl.java:addPipeline(100)) - Created pipeline Pipeline[ Id: c76e43d5-472b-4f8d-96f3-fa68ff2ad76b, Nodes: 51a677ad-ae3c-4805-a988-993e59f99449{ip: 172.17.0.2, host: eab485fc2478, ports: [REPLICATION=38013, RATIS=40287, RATIS_ADMIN=40287, RATIS_SERVER=40287, STANDALONE=41031], networkLocation: /default-rack, certSerialId: null, persistedOpState: IN_SERVICE, persistedOpStateExpiryEpochSec: 0}, Type:RATIS, Factor:ONE, State:ALLOCATED, leaderId:, CreationTimestamp2021-04-10T01:06:37.078Z].
2021-04-10 01:06:37,080 [RatisPipelineUtilsThread - 0] INFO  pipeline.RatisPipelineProvider (RatisPipelineProvider.java:lambda$create$0(169)) - Sending CreatePipelineCommand for pipeline:PipelineID=cc6f6b40-9f48-4411-b909-923f87ab690e to datanode:51a677ad-ae3c-4805-a988-993e59f99449
2021-04-10 01:06:37,080 [RatisPipelineUtilsThread - 0] INFO  pipeline.RatisPipelineProvider (RatisPipelineProvider.java:lambda$create$0(169)) - Sending CreatePipelineCommand for pipeline:PipelineID=cc6f6b40-9f48-4411-b909-923f87ab690e to datanode:361947c2-eecd-45e2-9da6-933f9372b1c6
2021-04-10 01:06:37,080 [RatisPipelineUtilsThread - 0] INFO  pipeline.RatisPipelineProvider (RatisPipelineProvider.java:lambda$create$0(169)) - Sending CreatePipelineCommand for pipeline:PipelineID=cc6f6b40-9f48-4411-b909-923f87ab690e to datanode:8c8eae1d-dd67-4c0e-97f4-ede4c5bc644d
2021-04-10 01:06:37,080 [RatisPipelineUtilsThread - 0] INFO  pipeline.PipelineStateManager (PipelineStateManagerV2Impl.java:addPipeline(100)) - Created pipeline Pipeline[ Id: cc6f6b40-9f48-4411-b909-923f87ab690e, Nodes: 51a677ad-ae3c-4805-a988-993e59f99449{ip: 172.17.0.2, host: eab485fc2478, ports: [REPLICATION=38013, RATIS=40287, RATIS_ADMIN=40287, RATIS_SERVER=40287, STANDALONE=41031], networkLocation: /default-rack, certSerialId: null, persistedOpState: IN_SERVICE, persistedOpStateExpiryEpochSec: 0}361947c2-eecd-45e2-9da6-933f9372b1c6{ip: 172.17.0.2, host: eab485fc2478, ports: [REPLICATION=46669, RATIS=46001, RATIS_ADMIN=46001, RATIS_SERVER=46001, STANDALONE=40111], networkLocation: /default-rack, certSerialId: null, persistedOpState: IN_SERVICE, persistedOpStateExpiryEpochSec: 0}8c8eae1d-dd67-4c0e-97f4-ede4c5bc644d{ip: 172.17.0.2, host: eab485fc2478, ports: [REPLICATION=32941, RATIS=39261, RATIS_ADMIN=39261, RATIS_SERVER=39261, STANDALONE=45575], networkLocation: /default-rack, certSerialId: null, persistedOpState: IN_SERVICE, persistedOpStateExpiryEpochSec: 0}, Type:RATIS, Factor:THREE, State:ALLOCATED, leaderId:, CreationTimestamp2021-04-10T01:06:37.080Z].
2021-04-10 01:06:38,079 [Listener at 127.0.0.1/35629] INFO  ozone.MiniOzoneClusterImpl (MiniOzoneClusterImpl.java:lambda$waitForClusterToBeReady$0(222)) - Nodes are ready. Got 9 of 9 DN Heartbeats.
2021-04-10 01:06:38,079 [Listener at 127.0.0.1/35629] INFO  ozone.MiniOzoneClusterImpl (MiniOzoneClusterImpl.java:lambda$waitForClusterToBeReady$0(225)) - Waiting for cluster to exit safe mode
2021-04-10 01:06:38,079 [Listener at 127.0.0.1/35629] INFO  ozone.MiniOzoneClusterImpl (MiniOzoneClusterImpl.java:lambda$waitForClusterToBeReady$0(228)) - SCM became leader
2021-04-10 01:06:38,247 [Command processor thread] INFO  server.RaftServer (RaftServerProxy.java:addNew(95)) - c76c366c-8643-4ee1-839d-0bd7e1d17140: addNew group-6044C54C1309:[c76c366c-8643-4ee1-839d-0bd7e1d17140|rpc:172.17.0.2:37239|priority:1] returns group-6044C54C1309:java.util.concurrent.CompletableFuture@701110f8[Not completed]
2021-04-10 01:06:38,248 [pool-431-thread-1] INFO  server.RaftServer$Division (RaftServerImpl.java:<init>(180)) - c76c366c-8643-4ee1-839d-0bd7e1d17140: new RaftServerImpl for group-6044C54C1309:[c76c366c-8643-4ee1-839d-0bd7e1d17140|rpc:172.17.0.2:37239|priority:1] with ContainerStateMachine:uninitialized
2021-04-10 01:06:38,249 [pool-431-thread-1] INFO  server.RaftServerConfigKeys (ConfUtils.java:logGet(44)) - raft.server.rpc.timeout.min = 5s (custom)
2021-04-10 01:06:38,249 [pool-431-thread-1] INFO  server.RaftServerConfigKeys (ConfUtils.java:logGet(44)) - raft.server.rpc.timeout.max = 5200ms (custom)
2021-04-10 01:06:38,249 [pool-431-thread-1] INFO  server.RaftServerConfigKeys (ConfUtils.java:logGet(44)) - raft.server.rpc.sleep.time = 25ms (default)
2021-04-10 01:06:38,249 [pool-431-thread-1] INFO  server.RaftServerConfigKeys (ConfUtils.java:logGet(44)) - raft.server.rpc.slowness.timeout = 300000ms (custom)
2021-04-10 01:06:38,249 [pool-431-thread-1] INFO  server.RaftServerConfigKeys (ConfUtils.java:logGet(44)) - raft.server.leaderelection.leader.step-down.wait-time = 10s (default)
2021-04-10 01:06:38,249 [pool-431-thread-1] INFO  server.RaftServerConfigKeys (ConfUtils.java:logGet(44)) - raft.server.sleep.deviation.threshold = 300ms (default)
2021-04-10 01:06:38,249 [pool-431-thread-1] INFO  server.RaftServerConfigKeys (ConfUtils.java:logGet(44)) - raft.server.log.appender.install.snapshot.enabled = false (custom)
2021-04-10 01:06:38,249 [pool-431-thread-1] INFO  server.RaftServer$Division (ServerState.java:<init>(105)) - c76c366c-8643-4ee1-839d-0bd7e1d17140@group-6044C54C1309: ConfigurationManager, init=-1: [c76c366c-8643-4ee1-839d-0bd7e1d17140|rpc:172.17.0.2:37239|priority:1], old=null, confs=<EMPTY_MAP>
2021-04-10 01:06:38,249 [pool-431-thread-1] INFO  server.RaftServerConfigKeys (ConfUtils.java:logGet(44)) - raft.server.storage.dir = [/github/workspace/mnt/ozone/hadoop-ozone/integration-test/target/test-dir/MiniOzoneClusterImpl-da946c58-7c29-4448-876e-997be65f487e/datanode-0/data/ratis] (custom)
2021-04-10 01:06:38,249 [pool-431-thread-1] INFO  server.RaftServerConfigKeys (ConfUtils.java:logGet(44)) - raft.server.log.corruption.policy = EXCEPTION (default)
2021-04-10 01:06:38,250 [pool-431-thread-1] INFO  storage.RaftStorageDirectory (RaftStorageDirectoryImpl.java:analyzeStorage(132)) - The storage directory /github/workspace/mnt/ozone/hadoop-ozone/integration-test/target/test-dir/MiniOzoneClusterImpl-da946c58-7c29-4448-876e-997be65f487e/datanode-0/data/ratis/6aeab63b-df6b-4849-8c05-6044c54c1309 does not exist. Creating ...
2021-04-10 01:06:38,251 [pool-431-thread-1] INFO  storage.RaftStorageDirectory (RaftStorageDirectoryImpl.java:tryLock(215)) - Lock on /github/workspace/mnt/ozone/hadoop-ozone/integration-test/target/test-dir/MiniOzoneClusterImpl-da946c58-7c29-4448-876e-997be65f487e/datanode-0/data/ratis/6aeab63b-df6b-4849-8c05-6044c54c1309/in_use.lock acquired by nodename 5497@eab485fc2478
2021-04-10 01:06:38,252 [pool-431-thread-1] INFO  storage.RaftStorage (RaftStorageImpl.java:format(87)) - Storage directory /github/workspace/mnt/ozone/hadoop-ozone/integration-test/target/test-dir/MiniOzoneClusterImpl-da946c58-7c29-4448-876e-997be65f487e/datanode-0/data/ratis/6aeab63b-df6b-4849-8c05-6044c54c1309 has been successfully formatted.
2021-04-10 01:06:38,252 [pool-431-thread-1] INFO  ratis.ContainerStateMachine (ContainerStateMachine.java:loadSnapshot(224)) - group-6044C54C1309: The snapshot info is null. Setting the last applied indexto:(t:0, i:~)
2021-04-10 01:06:38,253 [EventQueue-PipelineReportForOneReplicaPipelineSafeModeRule] INFO  safemode.SCMSafeModeManager (SCMSafeModeManager.java:validateSafeModeExitRules(201)) - AtleastOneDatanodeReportedRule rule is successfully validated
2021-04-10 01:06:38,253 [EventQueue-PipelineReportForPipelineReportHandler] INFO  pipeline.PipelineManagerV2Impl (PipelineManagerV2Impl.java:openPipeline(263)) - Pipeline Pipeline[ Id: 6aeab63b-df6b-4849-8c05-6044c54c1309, Nodes: c76c366c-8643-4ee1-839d-0bd7e1d17140{ip: 172.17.0.2, host: eab485fc2478, ports: [REPLICATION=35105, RATIS=37239, RATIS_ADMIN=37239, RATIS_SERVER=37239, STANDALONE=38221], networkLocation: /default-rack, certSerialId: null, persistedOpState: IN_SERVICE, persistedOpStateExpiryEpochSec: 0}, Type:RATIS, Factor:ONE, State:ALLOCATED, leaderId:c76c366c-8643-4ee1-839d-0bd7e1d17140, CreationTimestamp2021-04-10T01:06:35.251Z] moved to OPEN state
2021-04-10 01:06:38,253 [pool-431-thread-1] INFO  server.RaftServerConfigKeys (ConfUtils.java:logGet(44)) - raft.server.notification.no-leader.timeout = 300000ms (custom)
2021-04-10 01:06:38,253 [pool-431-thread-1] INFO  server.RaftServerConfigKeys (ConfUtils.java:logGet(44)) - raft.server.log.use.memory = false (default)
2021-04-10 01:06:38,253 [pool-431-thread-1] INFO  server.RaftServerConfigKeys (ConfUtils.java:logGet(44)) - raft.server.log.purge.gap = 1000000 (custom)
2021-04-10 01:06:38,253 [pool-431-thread-1] INFO  server.RaftServerConfigKeys (ConfUtils.java:logGet(44)) - raft.server.log.appender.buffer.byte-limit = 33554432 (custom)
2021-04-10 01:06:38,253 [pool-431-thread-1] INFO  metrics.RatisMetrics (RatisMetrics.java:lambda$create$0(36)) - Creating Metrics Registry : ratis.log_worker.c76c366c-8643-4ee1-839d-0bd7e1d17140@group-6044C54C1309
2021-04-10 01:06:38,254 [pool-431-thread-1] INFO  server.RaftServerConfigKeys (ConfUtils.java:logGet(44)) - raft.server.log.segment.size.max = 1048576 (custom)
2021-04-10 01:06:38,256 [pool-431-thread-1] INFO  server.RaftServerConfigKeys (ConfUtils.java:logGet(44)) - raft.server.log.segment.cache.num.max = 2 (custom)
2021-04-10 01:06:38,256 [pool-431-thread-1] INFO  server.RaftServerConfigKeys (ConfUtils.java:logGet(44)) - raft.server.log.segment.cache.size.max = 200MB (=209715200) (default)
2021-04-10 01:06:38,256 [pool-431-thread-1] INFO  segmented.SegmentedRaftLogWorker (SegmentedRaftLogWorker.java:<init>(182)) - new c76c366c-8643-4ee1-839d-0bd7e1d17140@group-6044C54C1309-SegmentedRaftLogWorker for RaftStorageImpl:Storage Directory /github/workspace/mnt/ozone/hadoop-ozone/integration-test/target/test-dir/MiniOzoneClusterImpl-da946c58-7c29-4448-876e-997be65f487e/datanode-0/data/ratis/6aeab63b-df6b-4849-8c05-6044c54c1309
2021-04-10 01:06:38,256 [pool-431-thread-1] INFO  server.RaftServerConfigKeys (ConfUtils.java:logGet(44)) - raft.server.log.queue.byte-limit = 2147483647 (custom)
2021-04-10 01:06:38,256 [pool-431-thread-1] INFO  server.RaftServerConfigKeys (ConfUtils.java:logGet(44)) - raft.server.log.queue.element-limit = 1024 (custom)
2021-04-10 01:06:38,257 [pool-431-thread-1] INFO  server.RaftServerConfigKeys (ConfUtils.java:logGet(44)) - raft.server.log.segment.size.max = 1048576 (custom)
2021-04-10 01:06:38,257 [pool-431-thread-1] INFO  server.RaftServerConfigKeys (ConfUtils.java:logGet(44)) - raft.server.log.preallocated.size = 16384 (custom)
2021-04-10 01:06:38,257 [pool-431-thread-1] INFO  server.RaftServerConfigKeys (ConfUtils.java:logGet(44)) - raft.server.log.force.sync.num = 128 (default)
2021-04-10 01:06:38,257 [pool-431-thread-1] INFO  server.RaftServerConfigKeys (ConfUtils.java:logGet(44)) - raft.server.log.statemachine.data.sync = true (default)
2021-04-10 01:06:38,257 [pool-431-thread-1] INFO  server.RaftServerConfigKeys (ConfUtils.java:logGet(44)) - raft.server.log.statemachine.data.sync.timeout = 10s (default)
2021-04-10 01:06:38,257 [pool-431-thread-1] INFO  server.RaftServerConfigKeys (ConfUtils.java:logGet(44)) - raft.server.log.statemachine.data.sync.timeout.retry = -1 (default)
2021-04-10 01:06:38,257 [EventQueue-OpenPipelineForHealthyPipelineSafeModeRule] INFO  safemode.SCMSafeModeManager (HealthyPipelineSafeModeRule.java:process(128)) - SCM in safe mode. Healthy pipelines reported count is 0, required healthy pipeline reported count is 1
2021-04-10 01:06:38,259 [pool-431-thread-1] INFO  server.RaftServerConfigKeys (ConfUtils.java:logGet(44)) - raft.server.log.write.buffer.size = 1048576 (custom)
2021-04-10 01:06:38,259 [pool-431-thread-1] INFO  server.RaftServerConfigKeys (ConfUtils.java:logGet(44)) - raft.server.log.statemachine.data.caching.enabled = true (custom)
2021-04-10 01:06:38,260 [pool-431-thread-1] INFO  segmented.SegmentedRaftLogWorker (SegmentedRaftLogWorker.java:lambda$new$0(133)) - c76c366c-8643-4ee1-839d-0bd7e1d17140@group-6044C54C1309-SegmentedRaftLogWorker: flushIndex: setUnconditionally 0 -> -1
2021-04-10 01:06:38,260 [pool-431-thread-1] INFO  segmented.SegmentedRaftLogWorker (SegmentedRaftLogWorker.java:lambda$new$0(133)) - c76c366c-8643-4ee1-839d-0bd7e1d17140@group-6044C54C1309-SegmentedRaftLogWorker: safeCacheEvictIndex: setUnconditionally 0 -> -1
2021-04-10 01:06:38,260 [pool-431-thread-1] INFO  server.RaftServerConfigKeys (ConfUtils.java:logGet(44)) - raft.server.snapshot.auto.trigger.enabled = true (custom)
2021-04-10 01:06:38,260 [pool-431-thread-1] INFO  server.RaftServerConfigKeys (ConfUtils.java:logGet(44)) - raft.server.snapshot.auto.trigger.threshold = 10000 (custom)
2021-04-10 01:06:38,260 [pool-431-thread-1] INFO  server.RaftServerConfigKeys (ConfUtils.java:logGet(44)) - raft.server.snapshot.retention.file.num = 5 (custom)
2021-04-10 01:06:38,260 [pool-431-thread-1] INFO  server.RaftServerConfigKeys (ConfUtils.java:logGet(44)) - raft.server.log.purge.upto.snapshot.index = false (default)
2021-04-10 01:06:38,260 [pool-431-thread-1] INFO  server.RaftServerConfigKeys (ConfUtils.java:logGet(44)) - raft.server.retrycache.expirytime = 600000ms (custom)
2021-04-10 01:06:38,260 [pool-431-thread-1] INFO  server.RaftServerConfigKeys (ConfUtils.java:logGet(44)) - raft.server.retrycache.statistics.expirytime = 100?s (default)
2021-04-10 01:06:38,261 [pool-431-thread-1] INFO  metrics.RatisMetrics (RatisMetrics.java:lambda$create$0(36)) - Creating Metrics Registry : ratis.leader_election.c76c366c-8643-4ee1-839d-0bd7e1d17140@group-6044C54C1309
2021-04-10 01:06:38,261 [pool-431-thread-1] INFO  metrics.RatisMetrics (RatisMetrics.java:lambda$create$0(36)) - Creating Metrics Registry : ratis.server.c76c366c-8643-4ee1-839d-0bd7e1d17140@group-6044C54C1309
2021-04-10 01:06:38,263 [pool-431-thread-1] INFO  server.RaftServer$Division (RaftServerImpl.java:start(295)) - c76c366c-8643-4ee1-839d-0bd7e1d17140@group-6044C54C1309: start as a follower, conf=-1: [c76c366c-8643-4ee1-839d-0bd7e1d17140|rpc:172.17.0.2:37239|priority:1], old=null
2021-04-10 01:06:38,263 [pool-431-thread-1] INFO  server.RaftServer$Division (RaftServerImpl.java:setRole(284)) - c76c366c-8643-4ee1-839d-0bd7e1d17140@group-6044C54C1309: changes role from      null to FOLLOWER at term 0 for startAsFollower
2021-04-10 01:06:38,263 [pool-431-thread-1] INFO  impl.RoleInfo (RoleInfo.java:updateAndGet(130)) - c76c366c-8643-4ee1-839d-0bd7e1d17140: start c76c366c-8643-4ee1-839d-0bd7e1d17140@group-6044C54C1309-FollowerState
2021-04-10 01:06:38,263 [pool-431-thread-1] INFO  util.JmxRegister (JmxRegister.java:tryRegister(44)) - Successfully registered JMX Bean with object name Ratis:service=RaftServer,group=group-6044C54C1309,id=c76c366c-8643-4ee1-839d-0bd7e1d17140
2021-04-10 01:06:38,263 [pool-431-thread-1] INFO  metrics.RatisMetrics (RatisMetrics.java:lambda$create$0(36)) - Creating Metrics Registry : ratis.state_machine.c76c366c-8643-4ee1-839d-0bd7e1d17140@group-6044C54C1309
2021-04-10 01:06:38,264 [Command processor thread] INFO  ratis.XceiverServerRatis (XceiverServerRatis.java:addGroup(808)) - Created group PipelineID=6aeab63b-df6b-4849-8c05-6044c54c1309
2021-04-10 01:06:38,264 [Command processor thread] INFO  commandhandler.CreatePipelineCommandHandler (CreatePipelineCommandHandler.java:handle(106)) - Created Pipeline RATIS ONE PipelineID=6aeab63b-df6b-4849-8c05-6044c54c1309.
2021-04-10 01:06:38,264 [Command processor thread] INFO  server.RaftServer (RaftServerProxy.java:addNew(95)) - c76c366c-8643-4ee1-839d-0bd7e1d17140: addNew group-0E929E22572F:[21f15bd4-cfa2-4f88-85d5-ad2919bb380f|rpc:172.17.0.2:35987|priority:0, c76c366c-8643-4ee1-839d-0bd7e1d17140|rpc:172.17.0.2:37239|priority:0, 9eda0c20-f49c-4c2b-9c3e-213dec6e2110|rpc:172.17.0.2:40767|priority:1] returns group-0E929E22572F:java.util.concurrent.CompletableFuture@742e9a22[Not completed]
2021-04-10 01:06:38,265 [pool-431-thread-1] INFO  server.RaftServer$Division (RaftServerImpl.java:<init>(180)) - c76c366c-8643-4ee1-839d-0bd7e1d17140: new RaftServerImpl for group-0E929E22572F:[21f15bd4-cfa2-4f88-85d5-ad2919bb380f|rpc:172.17.0.2:35987|priority:0, c76c366c-8643-4ee1-839d-0bd7e1d17140|rpc:172.17.0.2:37239|priority:0, 9eda0c20-f49c-4c2b-9c3e-213dec6e2110|rpc:172.17.0.2:40767|priority:1] with ContainerStateMachine:uninitialized
2021-04-10 01:06:38,265 [pool-431-thread-1] INFO  server.RaftServerConfigKeys (ConfUtils.java:logGet(44)) - raft.server.rpc.timeout.min = 5s (custom)
2021-04-10 01:06:38,265 [pool-431-thread-1] INFO  server.RaftServerConfigKeys (ConfUtils.java:logGet(44)) - raft.server.rpc.timeout.max = 5200ms (custom)
2021-04-10 01:06:38,265 [pool-431-thread-1] INFO  server.RaftServerConfigKeys (ConfUtils.java:logGet(44)) - raft.server.rpc.sleep.time = 25ms (default)
2021-04-10 01:06:38,265 [pool-431-thread-1] INFO  server.RaftServerConfigKeys (ConfUtils.java:logGet(44)) - raft.server.rpc.slowness.timeout = 300000ms (custom)
2021-04-10 01:06:38,265 [pool-431-thread-1] INFO  server.RaftServerConfigKeys (ConfUtils.java:logGet(44)) - raft.server.leaderelection.leader.step-down.wait-time = 10s (default)
2021-04-10 01:06:38,265 [pool-431-thread-1] INFO  server.RaftServerConfigKeys (ConfUtils.java:logGet(44)) - raft.server.sleep.deviation.threshold = 300ms (default)
2021-04-10 01:06:38,265 [pool-431-thread-1] INFO  server.RaftServerConfigKeys (ConfUtils.java:logGet(44)) - raft.server.log.appender.install.snapshot.enabled = false (custom)
2021-04-10 01:06:38,266 [pool-431-thread-1] INFO  server.RaftServer$Division (ServerState.java:<init>(105)) - c76c366c-8643-4ee1-839d-0bd7e1d17140@group-0E929E22572F: ConfigurationManager, init=-1: [21f15bd4-cfa2-4f88-85d5-ad2919bb380f|rpc:172.17.0.2:35987|priority:0, c76c366c-8643-4ee1-839d-0bd7e1d17140|rpc:172.17.0.2:37239|priority:0, 9eda0c20-f49c-4c2b-9c3e-213dec6e2110|rpc:172.17.0.2:40767|priority:1], old=null, confs=<EMPTY_MAP>
2021-04-10 01:06:38,266 [pool-431-thread-1] INFO  server.RaftServerConfigKeys (ConfUtils.java:logGet(44)) - raft.server.storage.dir = [/github/workspace/mnt/ozone/hadoop-ozone/integration-test/target/test-dir/MiniOzoneClusterImpl-da946c58-7c29-4448-876e-997be65f487e/datanode-0/data/ratis] (custom)
2021-04-10 01:06:38,266 [pool-431-thread-1] INFO  server.RaftServerConfigKeys (ConfUtils.java:logGet(44)) - raft.server.log.corruption.policy = EXCEPTION (default)
2021-04-10 01:06:38,266 [pool-431-thread-1] INFO  storage.RaftStorageDirectory (RaftStorageDirectoryImpl.java:analyzeStorage(132)) - The storage directory /github/workspace/mnt/ozone/hadoop-ozone/integration-test/target/test-dir/MiniOzoneClusterImpl-da946c58-7c29-4448-876e-997be65f487e/datanode-0/data/ratis/1c27daa1-949f-46e1-994e-0e929e22572f does not exist. Creating ...
2021-04-10 01:06:38,267 [pool-431-thread-1] INFO  storage.RaftStorageDirectory (RaftStorageDirectoryImpl.java:tryLock(215)) - Lock on /github/workspace/mnt/ozone/hadoop-ozone/integration-test/target/test-dir/MiniOzoneClusterImpl-da946c58-7c29-4448-876e-997be65f487e/datanode-0/data/ratis/1c27daa1-949f-46e1-994e-0e929e22572f/in_use.lock acquired by nodename 5497@eab485fc2478
2021-04-10 01:06:38,268 [pool-431-thread-1] INFO  storage.RaftStorage (RaftStorageImpl.java:format(87)) - Storage directory /github/workspace/mnt/ozone/hadoop-ozone/integration-test/target/test-dir/MiniOzoneClusterImpl-da946c58-7c29-4448-876e-997be65f487e/datanode-0/data/ratis/1c27daa1-949f-46e1-994e-0e929e22572f has been successfully formatted.
2021-04-10 01:06:38,269 [pool-431-thread-1] INFO  ratis.ContainerStateMachine (ContainerStateMachine.java:loadSnapshot(224)) - group-0E929E22572F: The snapshot info is null. Setting the last applied indexto:(t:0, i:~)
2021-04-10 01:06:38,269 [pool-431-thread-1] INFO  server.RaftServerConfigKeys (ConfUtils.java:logGet(44)) - raft.server.notification.no-leader.timeout = 300000ms (custom)
2021-04-10 01:06:38,269 [EventQueue-PipelineReportForOneReplicaPipelineSafeModeRule] INFO  safemode.SCMSafeModeManager (SCMSafeModeManager.java:validateSafeModeExitRules(201)) - AtleastOneDatanodeReportedRule rule is successfully validated
2021-04-10 01:06:38,269 [EventQueue-OpenPipelineForHealthyPipelineSafeModeRule] INFO  safemode.SCMSafeModeManager (HealthyPipelineSafeModeRule.java:process(128)) - SCM in safe mode. Healthy pipelines reported count is 0, required healthy pipeline reported count is 1
2021-04-10 01:06:38,270 [pool-431-thread-1] INFO  server.RaftServerConfigKeys (ConfUtils.java:logGet(44)) - raft.server.log.use.memory = false (default)
2021-04-10 01:06:38,270 [pool-431-thread-1] INFO  server.RaftServerConfigKeys (ConfUtils.java:logGet(44)) - raft.server.log.purge.gap = 1000000 (custom)
2021-04-10 01:06:38,270 [pool-431-thread-1] INFO  server.RaftServerConfigKeys (ConfUtils.java:logGet(44)) - raft.server.log.appender.buffer.byte-limit = 33554432 (custom)
2021-04-10 01:06:38,270 [pool-431-thread-1] INFO  metrics.RatisMetrics (RatisMetrics.java:lambda$create$0(36)) - Creating Metrics Registry : ratis.log_worker.c76c366c-8643-4ee1-839d-0bd7e1d17140@group-0E929E22572F
2021-04-10 01:06:38,270 [pool-431-thread-1] INFO  server.RaftServerConfigKeys (ConfUtils.java:logGet(44)) - raft.server.log.segment.size.max = 1048576 (custom)
2021-04-10 01:06:38,271 [pool-431-thread-1] INFO  server.RaftServerConfigKeys (ConfUtils.java:logGet(44)) - raft.server.log.segment.cache.num.max = 2 (custom)
2021-04-10 01:06:38,271 [pool-431-thread-1] INFO  server.RaftServerConfigKeys (ConfUtils.java:logGet(44)) - raft.server.log.segment.cache.size.max = 200MB (=209715200) (default)
2021-04-10 01:06:38,271 [pool-431-thread-1] INFO  segmented.SegmentedRaftLogWorker (SegmentedRaftLogWorker.java:<init>(182)) - new c76c366c-8643-4ee1-839d-0bd7e1d17140@group-0E929E22572F-SegmentedRaftLogWorker for RaftStorageImpl:Storage Directory /github/workspace/mnt/ozone/hadoop-ozone/integration-test/target/test-dir/MiniOzoneClusterImpl-da946c58-7c29-4448-876e-997be65f487e/datanode-0/data/ratis/1c27daa1-949f-46e1-994e-0e929e22572f
2021-04-10 01:06:38,271 [pool-431-thread-1] INFO  server.RaftServerConfigKeys (ConfUtils.java:logGet(44)) - raft.server.log.queue.byte-limit = 2147483647 (custom)
2021-04-10 01:06:38,271 [pool-431-thread-1] INFO  server.RaftServerConfigKeys (ConfUtils.java:logGet(44)) - raft.server.log.queue.element-limit = 1024 (custom)
2021-04-10 01:06:38,272 [pool-431-thread-1] INFO  server.RaftServerConfigKeys (ConfUtils.java:logGet(44)) - raft.server.log.segment.size.max = 1048576 (custom)
2021-04-10 01:06:38,272 [pool-431-thread-1] INFO  server.RaftServerConfigKeys (ConfUtils.java:logGet(44)) - raft.server.log.preallocated.size = 16384 (custom)
2021-04-10 01:06:38,272 [pool-431-thread-1] INFO  server.RaftServerConfigKeys (ConfUtils.java:logGet(44)) - raft.server.log.force.sync.num = 128 (default)
2021-04-10 01:06:38,272 [pool-431-thread-1] INFO  server.RaftServerConfigKeys (ConfUtils.java:logGet(44)) - raft.server.log.statemachine.data.sync = true (default)
2021-04-10 01:06:38,272 [pool-431-thread-1] INFO  server.RaftServerConfigKeys (ConfUtils.java:logGet(44)) - raft.server.log.statemachine.data.sync.timeout = 10s (default)
2021-04-10 01:06:38,272 [pool-431-thread-1] INFO  server.RaftServerConfigKeys (ConfUtils.java:logGet(44)) - raft.server.log.statemachine.data.sync.timeout.retry = -1 (default)
2021-04-10 01:06:38,274 [pool-431-thread-1] INFO  server.RaftServerConfigKeys (ConfUtils.java:logGet(44)) - raft.server.log.write.buffer.size = 1048576 (custom)
2021-04-10 01:06:38,274 [pool-431-thread-1] INFO  server.RaftServerConfigKeys (ConfUtils.java:logGet(44)) - raft.server.log.statemachine.data.caching.enabled = true (custom)
2021-04-10 01:06:38,275 [pool-431-thread-1] INFO  segmented.SegmentedRaftLogWorker (SegmentedRaftLogWorker.java:lambda$new$0(133)) - c76c366c-8643-4ee1-839d-0bd7e1d17140@group-0E929E22572F-SegmentedRaftLogWorker: flushIndex: setUnconditionally 0 -> -1
2021-04-10 01:06:38,275 [pool-431-thread-1] INFO  segmented.SegmentedRaftLogWorker (SegmentedRaftLogWorker.java:lambda$new$0(133)) - c76c366c-8643-4ee1-839d-0bd7e1d17140@group-0E929E22572F-SegmentedRaftLogWorker: safeCacheEvictIndex: setUnconditionally 0 -> -1
2021-04-10 01:06:38,275 [pool-431-thread-1] INFO  server.RaftServerConfigKeys (ConfUtils.java:logGet(44)) - raft.server.snapshot.auto.trigger.enabled = true (custom)
2021-04-10 01:06:38,275 [pool-431-thread-1] INFO  server.RaftServerConfigKeys (ConfUtils.java:logGet(44)) - raft.server.snapshot.auto.trigger.threshold = 10000 (custom)
2021-04-10 01:06:38,275 [pool-431-thread-1] INFO  server.RaftServerConfigKeys (ConfUtils.java:logGet(44)) - raft.server.snapshot.retention.file.num = 5 (custom)
2021-04-10 01:06:38,275 [pool-431-thread-1] INFO  server.RaftServerConfigKeys (ConfUtils.java:logGet(44)) - raft.server.log.purge.upto.snapshot.index = false (default)
2021-04-10 01:06:38,275 [pool-431-thread-1] INFO  server.RaftServerConfigKeys (ConfUtils.java:logGet(44)) - raft.server.retrycache.expirytime = 600000ms (custom)
2021-04-10 01:06:38,275 [pool-431-thread-1] INFO  server.RaftServerConfigKeys (ConfUtils.java:logGet(44)) - raft.server.retrycache.statistics.expirytime = 100?s (default)
2021-04-10 01:06:38,276 [pool-431-thread-1] INFO  metrics.RatisMetrics (RatisMetrics.java:lambda$create$0(36)) - Creating Metrics Registry : ratis.leader_election.c76c366c-8643-4ee1-839d-0bd7e1d17140@group-0E929E22572F
2021-04-10 01:06:38,276 [pool-431-thread-1] INFO  metrics.RatisMetrics (RatisMetrics.java:lambda$create$0(36)) - Creating Metrics Registry : ratis.server.c76c366c-8643-4ee1-839d-0bd7e1d17140@group-0E929E22572F
2021-04-10 01:06:38,277 [pool-431-thread-1] INFO  server.RaftServer$Division (RaftServerImpl.java:start(295)) - c76c366c-8643-4ee1-839d-0bd7e1d17140@group-0E929E22572F: start as a follower, conf=-1: [21f15bd4-cfa2-4f88-85d5-ad2919bb380f|rpc:172.17.0.2:35987|priority:0, c76c366c-8643-4ee1-839d-0bd7e1d17140|rpc:172.17.0.2:37239|priority:0, 9eda0c20-f49c-4c2b-9c3e-213dec6e2110|rpc:172.17.0.2:40767|priority:1], old=null
2021-04-10 01:06:38,278 [pool-431-thread-1] INFO  server.RaftServer$Division (RaftServerImpl.java:setRole(284)) - c76c366c-8643-4ee1-839d-0bd7e1d17140@group-0E929E22572F: changes role from      null to FOLLOWER at term 0 for startAsFollower
2021-04-10 01:06:38,278 [pool-431-thread-1] INFO  impl.RoleInfo (RoleInfo.java:updateAndGet(130)) - c76c366c-8643-4ee1-839d-0bd7e1d17140: start c76c366c-8643-4ee1-839d-0bd7e1d17140@group-0E929E22572F-FollowerState
2021-04-10 01:06:38,278 [pool-431-thread-1] INFO  util.JmxRegister (JmxRegister.java:tryRegister(44)) - Successfully registered JMX Bean with object name Ratis:service=RaftServer,group=group-0E929E22572F,id=c76c366c-8643-4ee1-839d-0bd7e1d17140
2021-04-10 01:06:38,278 [pool-431-thread-1] INFO  metrics.RatisMetrics (RatisMetrics.java:lambda$create$0(36)) - Creating Metrics Registry : ratis.state_machine.c76c366c-8643-4ee1-839d-0bd7e1d17140@group-0E929E22572F
2021-04-10 01:06:38,279 [Command processor thread] INFO  ratis.XceiverServerRatis (XceiverServerRatis.java:addGroup(808)) - Created group PipelineID=1c27daa1-949f-46e1-994e-0e929e22572f
2021-04-10 01:06:38,280 [Command processor thread] INFO  metrics.RatisMetrics (RatisMetrics.java:lambda$create$0(36)) - Creating Metrics Registry : ratis.client_message_metrics.client-FD4DD2F2EC4D->9eda0c20-f49c-4c2b-9c3e-213dec6e2110
2021-04-10 01:06:38,287 [grpc-default-executor-3] INFO  metrics.RatisMetrics (RatisMetrics.java:lambda$create$0(36)) - Creating Metrics Registry : ratis.server_message_metrics.9eda0c20-f49c-4c2b-9c3e-213dec6e2110
2021-04-10 01:06:38,298 [grpc-default-executor-3] INFO  server.RaftServer (RaftServerProxy.java:addNew(95)) - 9eda0c20-f49c-4c2b-9c3e-213dec6e2110: addNew group-0E929E22572F:[21f15bd4-cfa2-4f88-85d5-ad2919bb380f|rpc:172.17.0.2:35987|dataStream:|priority:0, c76c366c-8643-4ee1-839d-0bd7e1d17140|rpc:172.17.0.2:37239|dataStream:|priority:0, 9eda0c20-f49c-4c2b-9c3e-213dec6e2110|rpc:172.17.0.2:40767|dataStream:|priority:1] returns group-0E929E22572F:java.util.concurrent.CompletableFuture@7ac5e1b7[Not completed]
2021-04-10 01:06:38,306 [pool-463-thread-1] INFO  server.RaftServer$Division (RaftServerImpl.java:<init>(180)) - 9eda0c20-f49c-4c2b-9c3e-213dec6e2110: new RaftServerImpl for group-0E929E22572F:[21f15bd4-cfa2-4f88-85d5-ad2919bb380f|rpc:172.17.0.2:35987|dataStream:|priority:0, c76c366c-8643-4ee1-839d-0bd7e1d17140|rpc:172.17.0.2:37239|dataStream:|priority:0, 9eda0c20-f49c-4c2b-9c3e-213dec6e2110|rpc:172.17.0.2:40767|dataStream:|priority:1] with ContainerStateMachine:uninitialized
2021-04-10 01:06:38,306 [pool-463-thread-1] INFO  server.RaftServerConfigKeys (ConfUtils.java:logGet(44)) - raft.server.rpc.timeout.min = 5s (custom)
2021-04-10 01:06:38,306 [pool-463-thread-1] INFO  server.RaftServerConfigKeys (ConfUtils.java:logGet(44)) - raft.server.rpc.timeout.max = 5200ms (custom)
2021-04-10 01:06:38,306 [pool-463-thread-1] INFO  server.RaftServerConfigKeys (ConfUtils.java:logGet(44)) - raft.server.rpc.sleep.time = 25ms (default)
2021-04-10 01:06:38,306 [pool-463-thread-1] INFO  server.RaftServerConfigKeys (ConfUtils.java:logGet(44)) - raft.server.rpc.slowness.timeout = 300000ms (custom)
2021-04-10 01:06:38,306 [pool-463-thread-1] INFO  server.RaftServerConfigKeys (ConfUtils.java:logGet(44)) - raft.server.leaderelection.leader.step-down.wait-time = 10s (default)
2021-04-10 01:06:38,307 [pool-463-thread-1] INFO  server.RaftServerConfigKeys (ConfUtils.java:logGet(44)) - raft.server.sleep.deviation.threshold = 300ms (default)
2021-04-10 01:06:38,307 [pool-463-thread-1] INFO  server.RaftServerConfigKeys (ConfUtils.java:logGet(44)) - raft.server.log.appender.install.snapshot.enabled = false (custom)
2021-04-10 01:06:38,307 [pool-463-thread-1] INFO  server.RaftServer$Division (ServerState.java:<init>(105)) - 9eda0c20-f49c-4c2b-9c3e-213dec6e2110@group-0E929E22572F: ConfigurationManager, init=-1: [21f15bd4-cfa2-4f88-85d5-ad2919bb380f|rpc:172.17.0.2:35987|dataStream:|priority:0, c76c366c-8643-4ee1-839d-0bd7e1d17140|rpc:172.17.0.2:37239|dataStream:|priority:0, 9eda0c20-f49c-4c2b-9c3e-213dec6e2110|rpc:172.17.0.2:40767|dataStream:|priority:1], old=null, confs=<EMPTY_MAP>
2021-04-10 01:06:38,307 [pool-463-thread-1] INFO  server.RaftServerConfigKeys (ConfUtils.java:logGet(44)) - raft.server.storage.dir = [/github/workspace/mnt/ozone/hadoop-ozone/integration-test/target/test-dir/MiniOzoneClusterImpl-da946c58-7c29-4448-876e-997be65f487e/datanode-2/data/ratis] (custom)
2021-04-10 01:06:38,307 [pool-463-thread-1] INFO  server.RaftServerConfigKeys (ConfUtils.java:logGet(44)) - raft.server.log.corruption.policy = EXCEPTION (default)
2021-04-10 01:06:38,307 [pool-463-thread-1] INFO  storage.RaftStorageDirectory (RaftStorageDirectoryImpl.java:analyzeStorage(132)) - The storage directory /github/workspace/mnt/ozone/hadoop-ozone/integration-test/target/test-dir/MiniOzoneClusterImpl-da946c58-7c29-4448-876e-997be65f487e/datanode-2/data/ratis/1c27daa1-949f-46e1-994e-0e929e22572f does not exist. Creating ...
2021-04-10 01:06:38,308 [pool-463-thread-1] INFO  storage.RaftStorageDirectory (RaftStorageDirectoryImpl.java:tryLock(215)) - Lock on /github/workspace/mnt/ozone/hadoop-ozone/integration-test/target/test-dir/MiniOzoneClusterImpl-da946c58-7c29-4448-876e-997be65f487e/datanode-2/data/ratis/1c27daa1-949f-46e1-994e-0e929e22572f/in_use.lock acquired by nodename 5497@eab485fc2478
2021-04-10 01:06:38,310 [pool-463-thread-1] INFO  storage.RaftStorage (RaftStorageImpl.java:format(87)) - Storage directory /github/workspace/mnt/ozone/hadoop-ozone/integration-test/target/test-dir/MiniOzoneClusterImpl-da946c58-7c29-4448-876e-997be65f487e/datanode-2/data/ratis/1c27daa1-949f-46e1-994e-0e929e22572f has been successfully formatted.
2021-04-10 01:06:38,311 [pool-463-thread-1] INFO  ratis.ContainerStateMachine (ContainerStateMachine.java:loadSnapshot(224)) - group-0E929E22572F: The snapshot info is null. Setting the last applied indexto:(t:0, i:~)
2021-04-10 01:06:38,311 [pool-463-thread-1] INFO  server.RaftServerConfigKeys (ConfUtils.java:logGet(44)) - raft.server.notification.no-leader.timeout = 300000ms (custom)
2021-04-10 01:06:38,311 [pool-463-thread-1] INFO  server.RaftServerConfigKeys (ConfUtils.java:logGet(44)) - raft.server.log.use.memory = false (default)
2021-04-10 01:06:38,311 [pool-463-thread-1] INFO  server.RaftServerConfigKeys (ConfUtils.java:logGet(44)) - raft.server.log.purge.gap = 1000000 (custom)
2021-04-10 01:06:38,311 [EventQueue-PipelineReportForOneReplicaPipelineSafeModeRule] INFO  safemode.SCMSafeModeManager (SCMSafeModeManager.java:validateSafeModeExitRules(201)) - AtleastOneDatanodeReportedRule rule is successfully validated
2021-04-10 01:06:38,311 [pool-463-thread-1] INFO  server.RaftServerConfigKeys (ConfUtils.java:logGet(44)) - raft.server.log.appender.buffer.byte-limit = 33554432 (custom)
2021-04-10 01:06:38,311 [pool-463-thread-1] INFO  metrics.RatisMetrics (RatisMetrics.java:lambda$create$0(36)) - Creating Metrics Registry : ratis.log_worker.9eda0c20-f49c-4c2b-9c3e-213dec6e2110@group-0E929E22572F
2021-04-10 01:06:38,312 [pool-463-thread-1] INFO  server.RaftServerConfigKeys (ConfUtils.java:logGet(44)) - raft.server.log.segment.size.max = 1048576 (custom)
2021-04-10 01:06:38,312 [pool-463-thread-1] INFO  server.RaftServerConfigKeys (ConfUtils.java:logGet(44)) - raft.server.log.segment.cache.num.max = 2 (custom)
2021-04-10 01:06:38,312 [pool-463-thread-1] INFO  server.RaftServerConfigKeys (ConfUtils.java:logGet(44)) - raft.server.log.segment.cache.size.max = 200MB (=209715200) (default)
2021-04-10 01:06:38,313 [pool-463-thread-1] INFO  segmented.SegmentedRaftLogWorker (SegmentedRaftLogWorker.java:<init>(182)) - new 9eda0c20-f49c-4c2b-9c3e-213dec6e2110@group-0E929E22572F-SegmentedRaftLogWorker for RaftStorageImpl:Storage Directory /github/workspace/mnt/ozone/hadoop-ozone/integration-test/target/test-dir/MiniOzoneClusterImpl-da946c58-7c29-4448-876e-997be65f487e/datanode-2/data/ratis/1c27daa1-949f-46e1-994e-0e929e22572f
2021-04-10 01:06:38,313 [pool-463-thread-1] INFO  server.RaftServerConfigKeys (ConfUtils.java:logGet(44)) - raft.server.log.queue.byte-limit = 2147483647 (custom)
2021-04-10 01:06:38,313 [pool-463-thread-1] INFO  server.RaftServerConfigKeys (ConfUtils.java:logGet(44)) - raft.server.log.queue.element-limit = 1024 (custom)
2021-04-10 01:06:38,313 [pool-463-thread-1] INFO  server.RaftServerConfigKeys (ConfUtils.java:logGet(44)) - raft.server.log.segment.size.max = 1048576 (custom)
2021-04-10 01:06:38,313 [pool-463-thread-1] INFO  server.RaftServerConfigKeys (ConfUtils.java:logGet(44)) - raft.server.log.preallocated.size = 16384 (custom)
2021-04-10 01:06:38,313 [pool-463-thread-1] INFO  server.RaftServerConfigKeys (ConfUtils.java:logGet(44)) - raft.server.log.force.sync.num = 128 (default)
2021-04-10 01:06:38,313 [pool-463-thread-1] INFO  server.RaftServerConfigKeys (ConfUtils.java:logGet(44)) - raft.server.log.statemachine.data.sync = true (default)
2021-04-10 01:06:38,313 [pool-463-thread-1] INFO  server.RaftServerConfigKeys (ConfUtils.java:logGet(44)) - raft.server.log.statemachine.data.sync.timeout = 10s (default)
2021-04-10 01:06:38,313 [pool-463-thread-1] INFO  server.RaftServerConfigKeys (ConfUtils.java:logGet(44)) - raft.server.log.statemachine.data.sync.timeout.retry = -1 (default)
2021-04-10 01:06:38,315 [pool-463-thread-1] INFO  server.RaftServerConfigKeys (ConfUtils.java:logGet(44)) - raft.server.log.write.buffer.size = 1048576 (custom)
2021-04-10 01:06:38,316 [pool-463-thread-1] INFO  server.RaftServerConfigKeys (ConfUtils.java:logGet(44)) - raft.server.log.statemachine.data.caching.enabled = true (custom)
2021-04-10 01:06:38,316 [pool-463-thread-1] INFO  segmented.SegmentedRaftLogWorker (SegmentedRaftLogWorker.java:lambda$new$0(133)) - 9eda0c20-f49c-4c2b-9c3e-213dec6e2110@group-0E929E22572F-SegmentedRaftLogWorker: flushIndex: setUnconditionally 0 -> -1
2021-04-10 01:06:38,316 [pool-463-thread-1] INFO  segmented.SegmentedRaftLogWorker (SegmentedRaftLogWorker.java:lambda$new$0(133)) - 9eda0c20-f49c-4c2b-9c3e-213dec6e2110@group-0E929E22572F-SegmentedRaftLogWorker: safeCacheEvictIndex: setUnconditionally 0 -> -1
2021-04-10 01:06:38,316 [pool-463-thread-1] INFO  server.RaftServerConfigKeys (ConfUtils.java:logGet(44)) - raft.server.snapshot.auto.trigger.enabled = true (custom)
2021-04-10 01:06:38,316 [pool-463-thread-1] INFO  server.RaftServerConfigKeys (ConfUtils.java:logGet(44)) - raft.server.snapshot.auto.trigger.threshold = 10000 (custom)
2021-04-10 01:06:38,316 [pool-463-thread-1] INFO  server.RaftServerConfigKeys (ConfUtils.java:logGet(44)) - raft.server.snapshot.retention.file.num = 5 (custom)
2021-04-10 01:06:38,316 [pool-463-thread-1] INFO  server.RaftServerConfigKeys (ConfUtils.java:logGet(44)) - raft.server.log.purge.upto.snapshot.index = false (default)
2021-04-10 01:06:38,316 [pool-463-thread-1] INFO  server.RaftServerConfigKeys (ConfUtils.java:logGet(44)) - raft.server.retrycache.expirytime = 600000ms (custom)
2021-04-10 01:06:38,316 [pool-463-thread-1] INFO  server.RaftServerConfigKeys (ConfUtils.java:logGet(44)) - raft.server.retrycache.statistics.expirytime = 100?s (default)
2021-04-10 01:06:38,317 [pool-463-thread-1] INFO  metrics.RatisMetrics (RatisMetrics.java:lambda$create$0(36)) - Creating Metrics Registry : ratis.leader_election.9eda0c20-f49c-4c2b-9c3e-213dec6e2110@group-0E929E22572F
2021-04-10 01:06:38,317 [pool-463-thread-1] INFO  metrics.RatisMetrics (RatisMetrics.java:lambda$create$0(36)) - Creating Metrics Registry : ratis.server.9eda0c20-f49c-4c2b-9c3e-213dec6e2110@group-0E929E22572F
2021-04-10 01:06:38,319 [pool-463-thread-1] INFO  server.RaftServer$Division (RaftServerImpl.java:start(295)) - 9eda0c20-f49c-4c2b-9c3e-213dec6e2110@group-0E929E22572F: start as a follower, conf=-1: [21f15bd4-cfa2-4f88-85d5-ad2919bb380f|rpc:172.17.0.2:35987|dataStream:|priority:0, c76c366c-8643-4ee1-839d-0bd7e1d17140|rpc:172.17.0.2:37239|dataStream:|priority:0, 9eda0c20-f49c-4c2b-9c3e-213dec6e2110|rpc:172.17.0.2:40767|dataStream:|priority:1], old=null
2021-04-10 01:06:38,319 [pool-463-thread-1] INFO  server.RaftServer$Division (RaftServerImpl.java:setRole(284)) - 9eda0c20-f49c-4c2b-9c3e-213dec6e2110@group-0E929E22572F: changes role from      null to FOLLOWER at term 0 for startAsFollower
2021-04-10 01:06:38,319 [pool-463-thread-1] INFO  impl.RoleInfo (RoleInfo.java:updateAndGet(130)) - 9eda0c20-f49c-4c2b-9c3e-213dec6e2110: start 9eda0c20-f49c-4c2b-9c3e-213dec6e2110@group-0E929E22572F-FollowerState
2021-04-10 01:06:38,319 [pool-463-thread-1] INFO  util.JmxRegister (JmxRegister.java:tryRegister(44)) - Successfully registered JMX Bean with object name Ratis:service=RaftServer,group=group-0E929E22572F,id=9eda0c20-f49c-4c2b-9c3e-213dec6e2110
2021-04-10 01:06:38,319 [pool-463-thread-1] INFO  metrics.RatisMetrics (RatisMetrics.java:lambda$create$0(36)) - Creating Metrics Registry : ratis.state_machine.9eda0c20-f49c-4c2b-9c3e-213dec6e2110@group-0E929E22572F
2021-04-10 01:06:38,332 [Command processor thread] INFO  metrics.RatisMetrics (RatisMetrics.java:lambda$create$0(36)) - Creating Metrics Registry : ratis.client_message_metrics.client-F0526D762C7E->21f15bd4-cfa2-4f88-85d5-ad2919bb380f
2021-04-10 01:06:38,339 [grpc-default-executor-3] INFO  metrics.RatisMetrics (RatisMetrics.java:lambda$create$0(36)) - Creating Metrics Registry : ratis.server_message_metrics.21f15bd4-cfa2-4f88-85d5-ad2919bb380f
2021-04-10 01:06:38,340 [grpc-default-executor-3] INFO  server.RaftServer (RaftServerProxy.java:addNew(95)) - 21f15bd4-cfa2-4f88-85d5-ad2919bb380f: addNew group-0E929E22572F:[21f15bd4-cfa2-4f88-85d5-ad2919bb380f|rpc:172.17.0.2:35987|dataStream:|priority:0, c76c366c-8643-4ee1-839d-0bd7e1d17140|rpc:172.17.0.2:37239|dataStream:|priority:0, 9eda0c20-f49c-4c2b-9c3e-213dec6e2110|rpc:172.17.0.2:40767|dataStream:|priority:1] returns group-0E929E22572F:java.util.concurrent.CompletableFuture@601a4378[Not completed]
2021-04-10 01:06:38,341 [pool-447-thread-1] INFO  server.RaftServer$Division (RaftServerImpl.java:<init>(180)) - 21f15bd4-cfa2-4f88-85d5-ad2919bb380f: new RaftServerImpl for group-0E929E22572F:[21f15bd4-cfa2-4f88-85d5-ad2919bb380f|rpc:172.17.0.2:35987|dataStream:|priority:0, c76c366c-8643-4ee1-839d-0bd7e1d17140|rpc:172.17.0.2:37239|dataStream:|priority:0, 9eda0c20-f49c-4c2b-9c3e-213dec6e2110|rpc:172.17.0.2:40767|dataStream:|priority:1] with ContainerStateMachine:uninitialized
2021-04-10 01:06:38,341 [pool-447-thread-1] INFO  server.RaftServerConfigKeys (ConfUtils.java:logGet(44)) - raft.server.rpc.timeout.min = 5s (custom)
2021-04-10 01:06:38,341 [pool-447-thread-1] INFO  server.RaftServerConfigKeys (ConfUtils.java:logGet(44)) - raft.server.rpc.timeout.max = 5200ms (custom)
2021-04-10 01:06:38,341 [pool-447-thread-1] INFO  server.RaftServerConfigKeys (ConfUtils.java:logGet(44)) - raft.server.rpc.sleep.time = 25ms (default)
2021-04-10 01:06:38,341 [pool-447-thread-1] INFO  server.RaftServerConfigKeys (ConfUtils.java:logGet(44)) - raft.server.rpc.slowness.timeout = 300000ms (custom)
2021-04-10 01:06:38,341 [pool-447-thread-1] INFO  server.RaftServerConfigKeys (ConfUtils.java:logGet(44)) - raft.server.leaderelection.leader.step-down.wait-time = 10s (default)
2021-04-10 01:06:38,342 [pool-447-thread-1] INFO  server.RaftServerConfigKeys (ConfUtils.java:logGet(44)) - raft.server.sleep.deviation.threshold = 300ms (default)
2021-04-10 01:06:38,342 [pool-447-thread-1] INFO  server.RaftServerConfigKeys (ConfUtils.java:logGet(44)) - raft.server.log.appender.install.snapshot.enabled = false (custom)
2021-04-10 01:06:38,342 [pool-447-thread-1] INFO  server.RaftServer$Division (ServerState.java:<init>(105)) - 21f15bd4-cfa2-4f88-85d5-ad2919bb380f@group-0E929E22572F: ConfigurationManager, init=-1: [21f15bd4-cfa2-4f88-85d5-ad2919bb380f|rpc:172.17.0.2:35987|dataStream:|priority:0, c76c366c-8643-4ee1-839d-0bd7e1d17140|rpc:172.17.0.2:37239|dataStream:|priority:0, 9eda0c20-f49c-4c2b-9c3e-213dec6e2110|rpc:172.17.0.2:40767|dataStream:|priority:1], old=null, confs=<EMPTY_MAP>
2021-04-10 01:06:38,342 [pool-447-thread-1] INFO  server.RaftServerConfigKeys (ConfUtils.java:logGet(44)) - raft.server.storage.dir = [/github/workspace/mnt/ozone/hadoop-ozone/integration-test/target/test-dir/MiniOzoneClusterImpl-da946c58-7c29-4448-876e-997be65f487e/datanode-1/data/ratis] (custom)
2021-04-10 01:06:38,342 [pool-447-thread-1] INFO  server.RaftServerConfigKeys (ConfUtils.java:logGet(44)) - raft.server.log.corruption.policy = EXCEPTION (default)
2021-04-10 01:06:38,342 [pool-447-thread-1] INFO  storage.RaftStorageDirectory (RaftStorageDirectoryImpl.java:analyzeStorage(132)) - The storage directory /github/workspace/mnt/ozone/hadoop-ozone/integration-test/target/test-dir/MiniOzoneClusterImpl-da946c58-7c29-4448-876e-997be65f487e/datanode-1/data/ratis/1c27daa1-949f-46e1-994e-0e929e22572f does not exist. Creating ...
2021-04-10 01:06:38,344 [pool-447-thread-1] INFO  storage.RaftStorageDirectory (RaftStorageDirectoryImpl.java:tryLock(215)) - Lock on /github/workspace/mnt/ozone/hadoop-ozone/integration-test/target/test-dir/MiniOzoneClusterImpl-da946c58-7c29-4448-876e-997be65f487e/datanode-1/data/ratis/1c27daa1-949f-46e1-994e-0e929e22572f/in_use.lock acquired by nodename 5497@eab485fc2478
2021-04-10 01:06:38,345 [pool-447-thread-1] INFO  storage.RaftStorage (RaftStorageImpl.java:format(87)) - Storage directory /github/workspace/mnt/ozone/hadoop-ozone/integration-test/target/test-dir/MiniOzoneClusterImpl-da946c58-7c29-4448-876e-997be65f487e/datanode-1/data/ratis/1c27daa1-949f-46e1-994e-0e929e22572f has been successfully formatted.
2021-04-10 01:06:38,346 [pool-447-thread-1] INFO  ratis.ContainerStateMachine (ContainerStateMachine.java:loadSnapshot(224)) - group-0E929E22572F: The snapshot info is null. Setting the last applied indexto:(t:0, i:~)
2021-04-10 01:06:38,346 [EventQueue-PipelineReportForOneReplicaPipelineSafeModeRule] INFO  safemode.SCMSafeModeManager (SCMSafeModeManager.java:validateSafeModeExitRules(201)) - AtleastOneDatanodeReportedRule rule is successfully validated
2021-04-10 01:06:38,347 [pool-447-thread-1] INFO  server.RaftServerConfigKeys (ConfUtils.java:logGet(44)) - raft.server.notification.no-leader.timeout = 300000ms (custom)
2021-04-10 01:06:38,347 [pool-447-thread-1] INFO  server.RaftServerConfigKeys (ConfUtils.java:logGet(44)) - raft.server.log.use.memory = false (default)
2021-04-10 01:06:38,347 [pool-447-thread-1] INFO  server.RaftServerConfigKeys (ConfUtils.java:logGet(44)) - raft.server.log.purge.gap = 1000000 (custom)
2021-04-10 01:06:38,347 [pool-447-thread-1] INFO  server.RaftServerConfigKeys (ConfUtils.java:logGet(44)) - raft.server.log.appender.buffer.byte-limit = 33554432 (custom)
2021-04-10 01:06:38,347 [pool-447-thread-1] INFO  metrics.RatisMetrics (RatisMetrics.java:lambda$create$0(36)) - Creating Metrics Registry : ratis.log_worker.21f15bd4-cfa2-4f88-85d5-ad2919bb380f@group-0E929E22572F
2021-04-10 01:06:38,348 [pool-447-thread-1] INFO  server.RaftServerConfigKeys (ConfUtils.java:logGet(44)) - raft.server.log.segment.size.max = 1048576 (custom)
2021-04-10 01:06:38,348 [pool-447-thread-1] INFO  server.RaftServerConfigKeys (ConfUtils.java:logGet(44)) - raft.server.log.segment.cache.num.max = 2 (custom)
2021-04-10 01:06:38,349 [pool-447-thread-1] INFO  server.RaftServerConfigKeys (ConfUtils.java:logGet(44)) - raft.server.log.segment.cache.size.max = 200MB (=209715200) (default)
2021-04-10 01:06:38,349 [pool-447-thread-1] INFO  segmented.SegmentedRaftLogWorker (SegmentedRaftLogWorker.java:<init>(182)) - new 21f15bd4-cfa2-4f88-85d5-ad2919bb380f@group-0E929E22572F-SegmentedRaftLogWorker for RaftStorageImpl:Storage Directory /github/workspace/mnt/ozone/hadoop-ozone/integration-test/target/test-dir/MiniOzoneClusterImpl-da946c58-7c29-4448-876e-997be65f487e/datanode-1/data/ratis/1c27daa1-949f-46e1-994e-0e929e22572f
2021-04-10 01:06:38,349 [pool-447-thread-1] INFO  server.RaftServerConfigKeys (ConfUtils.java:logGet(44)) - raft.server.log.queue.byte-limit = 2147483647 (custom)
2021-04-10 01:06:38,349 [pool-447-thread-1] INFO  server.RaftServerConfigKeys (ConfUtils.java:logGet(44)) - raft.server.log.queue.element-limit = 1024 (custom)
2021-04-10 01:06:38,349 [pool-447-thread-1] INFO  server.RaftServerConfigKeys (ConfUtils.java:logGet(44)) - raft.server.log.segment.size.max = 1048576 (custom)
2021-04-10 01:06:38,349 [pool-447-thread-1] INFO  server.RaftServerConfigKeys (ConfUtils.java:logGet(44)) - raft.server.log.preallocated.size = 16384 (custom)
2021-04-10 01:06:38,349 [pool-447-thread-1] INFO  server.RaftServerConfigKeys (ConfUtils.java:logGet(44)) - raft.server.log.force.sync.num = 128 (default)
2021-04-10 01:06:38,349 [pool-447-thread-1] INFO  server.RaftServerConfigKeys (ConfUtils.java:logGet(44)) - raft.server.log.statemachine.data.sync = true (default)
2021-04-10 01:06:38,349 [pool-447-thread-1] INFO  server.RaftServerConfigKeys (ConfUtils.java:logGet(44)) - raft.server.log.statemachine.data.sync.timeout = 10s (default)
2021-04-10 01:06:38,350 [pool-447-thread-1] INFO  server.RaftServerConfigKeys (ConfUtils.java:logGet(44)) - raft.server.log.statemachine.data.sync.timeout.retry = -1 (default)
2021-04-10 01:06:38,351 [pool-447-thread-1] INFO  server.RaftServerConfigKeys (ConfUtils.java:logGet(44)) - raft.server.log.write.buffer.size = 1048576 (custom)
2021-04-10 01:06:38,352 [pool-447-thread-1] INFO  server.RaftServerConfigKeys (ConfUtils.java:logGet(44)) - raft.server.log.statemachine.data.caching.enabled = true (custom)
2021-04-10 01:06:38,352 [pool-447-thread-1] INFO  segmented.SegmentedRaftLogWorker (SegmentedRaftLogWorker.java:lambda$new$0(133)) - 21f15bd4-cfa2-4f88-85d5-ad2919bb380f@group-0E929E22572F-SegmentedRaftLogWorker: flushIndex: setUnconditionally 0 -> -1
2021-04-10 01:06:38,352 [pool-447-thread-1] INFO  segmented.SegmentedRaftLogWorker (SegmentedRaftLogWorker.java:lambda$new$0(133)) - 21f15bd4-cfa2-4f88-85d5-ad2919bb380f@group-0E929E22572F-SegmentedRaftLogWorker: safeCacheEvictIndex: setUnconditionally 0 -> -1
2021-04-10 01:06:38,352 [pool-447-thread-1] INFO  server.RaftServerConfigKeys (ConfUtils.java:logGet(44)) - raft.server.snapshot.auto.trigger.enabled = true (custom)
2021-04-10 01:06:38,353 [pool-447-thread-1] INFO  server.RaftServerConfigKeys (ConfUtils.java:logGet(44)) - raft.server.snapshot.auto.trigger.threshold = 10000 (custom)
2021-04-10 01:06:38,353 [pool-447-thread-1] INFO  server.RaftServerConfigKeys (ConfUtils.java:logGet(44)) - raft.server.snapshot.retention.file.num = 5 (custom)
2021-04-10 01:06:38,353 [pool-447-thread-1] INFO  server.RaftServerConfigKeys (ConfUtils.java:logGet(44)) - raft.server.log.purge.upto.snapshot.index = false (default)
2021-04-10 01:06:38,353 [pool-447-thread-1] INFO  server.RaftServerConfigKeys (ConfUtils.java:logGet(44)) - raft.server.retrycache.expirytime = 600000ms (custom)
2021-04-10 01:06:38,353 [pool-447-thread-1] INFO  server.RaftServerConfigKeys (ConfUtils.java:logGet(44)) - raft.server.retrycache.statistics.expirytime = 100?s (default)
2021-04-10 01:06:38,353 [pool-447-thread-1] INFO  metrics.RatisMetrics (RatisMetrics.java:lambda$create$0(36)) - Creating Metrics Registry : ratis.leader_election.21f15bd4-cfa2-4f88-85d5-ad2919bb380f@group-0E929E22572F
2021-04-10 01:06:38,353 [pool-447-thread-1] INFO  metrics.RatisMetrics (RatisMetrics.java:lambda$create$0(36)) - Creating Metrics Registry : ratis.server.21f15bd4-cfa2-4f88-85d5-ad2919bb380f@group-0E929E22572F
2021-04-10 01:06:38,355 [pool-447-thread-1] INFO  server.RaftServer$Division (RaftServerImpl.java:start(295)) - 21f15bd4-cfa2-4f88-85d5-ad2919bb380f@group-0E929E22572F: start as a follower, conf=-1: [21f15bd4-cfa2-4f88-85d5-ad2919bb380f|rpc:172.17.0.2:35987|dataStream:|priority:0, c76c366c-8643-4ee1-839d-0bd7e1d17140|rpc:172.17.0.2:37239|dataStream:|priority:0, 9eda0c20-f49c-4c2b-9c3e-213dec6e2110|rpc:172.17.0.2:40767|dataStream:|priority:1], old=null
2021-04-10 01:06:38,355 [pool-447-thread-1] INFO  server.RaftServer$Division (RaftServerImpl.java:setRole(284)) - 21f15bd4-cfa2-4f88-85d5-ad2919bb380f@group-0E929E22572F: changes role from      null to FOLLOWER at term 0 for startAsFollower
2021-04-10 01:06:38,355 [pool-447-thread-1] INFO  impl.RoleInfo (RoleInfo.java:updateAndGet(130)) - 21f15bd4-cfa2-4f88-85d5-ad2919bb380f: start 21f15bd4-cfa2-4f88-85d5-ad2919bb380f@group-0E929E22572F-FollowerState
2021-04-10 01:06:38,355 [pool-447-thread-1] INFO  util.JmxRegister (JmxRegister.java:tryRegister(44)) - Successfully registered JMX Bean with object name Ratis:service=RaftServer,group=group-0E929E22572F,id=21f15bd4-cfa2-4f88-85d5-ad2919bb380f
2021-04-10 01:06:38,355 [pool-447-thread-1] INFO  metrics.RatisMetrics (RatisMetrics.java:lambda$create$0(36)) - Creating Metrics Registry : ratis.state_machine.21f15bd4-cfa2-4f88-85d5-ad2919bb380f@group-0E929E22572F
2021-04-10 01:06:38,364 [Command processor thread] INFO  commandhandler.CreatePipelineCommandHandler (CreatePipelineCommandHandler.java:handle(106)) - Created Pipeline RATIS THREE PipelineID=1c27daa1-949f-46e1-994e-0e929e22572f.
2021-04-10 01:06:38,454 [Command processor thread] INFO  server.RaftServer (RaftServerProxy.java:addNew(95)) - 21f15bd4-cfa2-4f88-85d5-ad2919bb380f: addNew group-CCAC56D7FE7A:[21f15bd4-cfa2-4f88-85d5-ad2919bb380f|rpc:172.17.0.2:35987|priority:1] returns group-CCAC56D7FE7A:java.util.concurrent.CompletableFuture@16eba81c[Not completed]
2021-04-10 01:06:38,455 [pool-447-thread-1] INFO  server.RaftServer$Division (RaftServerImpl.java:<init>(180)) - 21f15bd4-cfa2-4f88-85d5-ad2919bb380f: new RaftServerImpl for group-CCAC56D7FE7A:[21f15bd4-cfa2-4f88-85d5-ad2919bb380f|rpc:172.17.0.2:35987|priority:1] with ContainerStateMachine:uninitialized
2021-04-10 01:06:38,455 [pool-447-thread-1] INFO  server.RaftServerConfigKeys (ConfUtils.java:logGet(44)) - raft.server.rpc.timeout.min = 5s (custom)
2021-04-10 01:06:38,455 [pool-447-thread-1] INFO  server.RaftServerConfigKeys (ConfUtils.java:logGet(44)) - raft.server.rpc.timeout.max = 5200ms (custom)
2021-04-10 01:06:38,455 [pool-447-thread-1] INFO  server.RaftServerConfigKeys (ConfUtils.java:logGet(44)) - raft.server.rpc.sleep.time = 25ms (default)
2021-04-10 01:06:38,455 [pool-447-thread-1] INFO  server.RaftServerConfigKeys (ConfUtils.java:logGet(44)) - raft.server.rpc.slowness.timeout = 300000ms (custom)
2021-04-10 01:06:38,455 [pool-447-thread-1] INFO  server.RaftServerConfigKeys (ConfUtils.java:logGet(44)) - raft.server.leaderelection.leader.step-down.wait-time = 10s (default)
2021-04-10 01:06:38,455 [pool-447-thread-1] INFO  server.RaftServerConfigKeys (ConfUtils.java:logGet(44)) - raft.server.sleep.deviation.threshold = 300ms (default)
2021-04-10 01:06:38,456 [pool-447-thread-1] INFO  server.RaftServerConfigKeys (ConfUtils.java:logGet(44)) - raft.server.log.appender.install.snapshot.enabled = false (custom)
2021-04-10 01:06:38,456 [pool-447-thread-1] INFO  server.RaftServer$Division (ServerState.java:<init>(105)) - 21f15bd4-cfa2-4f88-85d5-ad2919bb380f@group-CCAC56D7FE7A: ConfigurationManager, init=-1: [21f15bd4-cfa2-4f88-85d5-ad2919bb380f|rpc:172.17.0.2:35987|priority:1], old=null, confs=<EMPTY_MAP>
2021-04-10 01:06:38,456 [pool-447-thread-1] INFO  server.RaftServerConfigKeys (ConfUtils.java:logGet(44)) - raft.server.storage.dir = [/github/workspace/mnt/ozone/hadoop-ozone/integration-test/target/test-dir/MiniOzoneClusterImpl-da946c58-7c29-4448-876e-997be65f487e/datanode-1/data/ratis] (custom)
2021-04-10 01:06:38,456 [pool-447-thread-1] INFO  server.RaftServerConfigKeys (ConfUtils.java:logGet(44)) - raft.server.log.corruption.policy = EXCEPTION (default)
2021-04-10 01:06:38,456 [pool-447-thread-1] INFO  storage.RaftStorageDirectory (RaftStorageDirectoryImpl.java:analyzeStorage(132)) - The storage directory /github/workspace/mnt/ozone/hadoop-ozone/integration-test/target/test-dir/MiniOzoneClusterImpl-da946c58-7c29-4448-876e-997be65f487e/datanode-1/data/ratis/25feec8a-8cac-4a53-8636-ccac56d7fe7a does not exist. Creating ...
2021-04-10 01:06:38,458 [pool-447-thread-1] INFO  storage.RaftStorageDirectory (RaftStorageDirectoryImpl.java:tryLock(215)) - Lock on /github/workspace/mnt/ozone/hadoop-ozone/integration-test/target/test-dir/MiniOzoneClusterImpl-da946c58-7c29-4448-876e-997be65f487e/datanode-1/data/ratis/25feec8a-8cac-4a53-8636-ccac56d7fe7a/in_use.lock acquired by nodename 5497@eab485fc2478
2021-04-10 01:06:38,461 [pool-447-thread-1] INFO  storage.RaftStorage (RaftStorageImpl.java:format(87)) - Storage directory /github/workspace/mnt/ozone/hadoop-ozone/integration-test/target/test-dir/MiniOzoneClusterImpl-da946c58-7c29-4448-876e-997be65f487e/datanode-1/data/ratis/25feec8a-8cac-4a53-8636-ccac56d7fe7a has been successfully formatted.
2021-04-10 01:06:38,463 [EventQueue-PipelineReportForPipelineReportHandler] INFO  pipeline.PipelineManagerV2Impl (PipelineManagerV2Impl.java:openPipeline(263)) - Pipeline Pipeline[ Id: 25feec8a-8cac-4a53-8636-ccac56d7fe7a, Nodes: 21f15bd4-cfa2-4f88-85d5-ad2919bb380f{ip: 172.17.0.2, host: eab485fc2478, ports: [REPLICATION=39483, RATIS=35987, RATIS_ADMIN=35987, RATIS_SERVER=35987, STANDALONE=43675], networkLocation: /default-rack, certSerialId: null, persistedOpState: IN_SERVICE, persistedOpStateExpiryEpochSec: 0}, Type:RATIS, Factor:ONE, State:ALLOCATED, leaderId:21f15bd4-cfa2-4f88-85d5-ad2919bb380f, CreationTimestamp2021-04-10T01:06:35.456Z] moved to OPEN state
2021-04-10 01:06:38,463 [EventQueue-PipelineReportForOneReplicaPipelineSafeModeRule] INFO  safemode.SCMSafeModeManager (SCMSafeModeManager.java:validateSafeModeExitRules(201)) - AtleastOneDatanodeReportedRule rule is successfully validated
2021-04-10 01:06:38,463 [EventQueue-OpenPipelineForHealthyPipelineSafeModeRule] INFO  safemode.SCMSafeModeManager (HealthyPipelineSafeModeRule.java:process(128)) - SCM in safe mode. Healthy pipelines reported count is 0, required healthy pipeline reported count is 1
2021-04-10 01:06:38,464 [pool-447-thread-1] INFO  ratis.ContainerStateMachine (ContainerStateMachine.java:loadSnapshot(224)) - group-CCAC56D7FE7A: The snapshot info is null. Setting the last applied indexto:(t:0, i:~)
2021-04-10 01:06:38,464 [pool-447-thread-1] INFO  server.RaftServerConfigKeys (ConfUtils.java:logGet(44)) - raft.server.notification.no-leader.timeout = 300000ms (custom)
2021-04-10 01:06:38,465 [pool-447-thread-1] INFO  server.RaftServerConfigKeys (ConfUtils.java:logGet(44)) - raft.server.log.use.memory = false (default)
2021-04-10 01:06:38,465 [pool-447-thread-1] INFO  server.RaftServerConfigKeys (ConfUtils.java:logGet(44)) - raft.server.log.purge.gap = 1000000 (custom)
2021-04-10 01:06:38,465 [pool-447-thread-1] INFO  server.RaftServerConfigKeys (ConfUtils.java:logGet(44)) - raft.server.log.appender.buffer.byte-limit = 33554432 (custom)
2021-04-10 01:06:38,465 [pool-447-thread-1] INFO  metrics.RatisMetrics (RatisMetrics.java:lambda$create$0(36)) - Creating Metrics Registry : ratis.log_worker.21f15bd4-cfa2-4f88-85d5-ad2919bb380f@group-CCAC56D7FE7A
2021-04-10 01:06:38,465 [pool-447-thread-1] INFO  server.RaftServerConfigKeys (ConfUtils.java:logGet(44)) - raft.server.log.segment.size.max = 1048576 (custom)
2021-04-10 01:06:38,466 [pool-447-thread-1] INFO  server.RaftServerConfigKeys (ConfUtils.java:logGet(44)) - raft.server.log.segment.cache.num.max = 2 (custom)
2021-04-10 01:06:38,466 [pool-447-thread-1] INFO  server.RaftServerConfigKeys (ConfUtils.java:logGet(44)) - raft.server.log.segment.cache.size.max = 200MB (=209715200) (default)
2021-04-10 01:06:38,466 [pool-447-thread-1] INFO  segmented.SegmentedRaftLogWorker (SegmentedRaftLogWorker.java:<init>(182)) - new 21f15bd4-cfa2-4f88-85d5-ad2919bb380f@group-CCAC56D7FE7A-SegmentedRaftLogWorker for RaftStorageImpl:Storage Directory /github/workspace/mnt/ozone/hadoop-ozone/integration-test/target/test-dir/MiniOzoneClusterImpl-da946c58-7c29-4448-876e-997be65f487e/datanode-1/data/ratis/25feec8a-8cac-4a53-8636-ccac56d7fe7a
2021-04-10 01:06:38,466 [pool-447-thread-1] INFO  server.RaftServerConfigKeys (ConfUtils.java:logGet(44)) - raft.server.log.queue.byte-limit = 2147483647 (custom)
2021-04-10 01:06:38,466 [pool-447-thread-1] INFO  server.RaftServerConfigKeys (ConfUtils.java:logGet(44)) - raft.server.log.queue.element-limit = 1024 (custom)
2021-04-10 01:06:38,467 [pool-447-thread-1] INFO  server.RaftServerConfigKeys (ConfUtils.java:logGet(44)) - raft.server.log.segment.size.max = 1048576 (custom)
2021-04-10 01:06:38,467 [pool-447-thread-1] INFO  server.RaftServerConfigKeys (ConfUtils.java:logGet(44)) - raft.server.log.preallocated.size = 16384 (custom)
2021-04-10 01:06:38,467 [pool-447-thread-1] INFO  server.RaftServerConfigKeys (ConfUtils.java:logGet(44)) - raft.server.log.force.sync.num = 128 (default)
2021-04-10 01:06:38,467 [pool-447-thread-1] INFO  server.RaftServerConfigKeys (ConfUtils.java:logGet(44)) - raft.server.log.statemachine.data.sync = true (default)
2021-04-10 01:06:38,467 [pool-447-thread-1] INFO  server.RaftServerConfigKeys (ConfUtils.java:logGet(44)) - raft.server.log.statemachine.data.sync.timeout = 10s (default)
2021-04-10 01:06:38,467 [pool-447-thread-1] INFO  server.RaftServerConfigKeys (ConfUtils.java:logGet(44)) - raft.server.log.statemachine.data.sync.timeout.retry = -1 (default)
2021-04-10 01:06:38,469 [pool-447-thread-1] INFO  server.RaftServerConfigKeys (ConfUtils.java:logGet(44)) - raft.server.log.write.buffer.size = 1048576 (custom)
2021-04-10 01:06:38,469 [pool-447-thread-1] INFO  server.RaftServerConfigKeys (ConfUtils.java:logGet(44)) - raft.server.log.statemachine.data.caching.enabled = true (custom)
2021-04-10 01:06:38,470 [pool-447-thread-1] INFO  segmented.SegmentedRaftLogWorker (SegmentedRaftLogWorker.java:lambda$new$0(133)) - 21f15bd4-cfa2-4f88-85d5-ad2919bb380f@group-CCAC56D7FE7A-SegmentedRaftLogWorker: flushIndex: setUnconditionally 0 -> -1
2021-04-10 01:06:38,470 [pool-447-thread-1] INFO  segmented.SegmentedRaftLogWorker (SegmentedRaftLogWorker.java:lambda$new$0(133)) - 21f15bd4-cfa2-4f88-85d5-ad2919bb380f@group-CCAC56D7FE7A-SegmentedRaftLogWorker: safeCacheEvictIndex: setUnconditionally 0 -> -1
2021-04-10 01:06:38,470 [pool-447-thread-1] INFO  server.RaftServerConfigKeys (ConfUtils.java:logGet(44)) - raft.server.snapshot.auto.trigger.enabled = true (custom)
2021-04-10 01:06:38,470 [pool-447-thread-1] INFO  server.RaftServerConfigKeys (ConfUtils.java:logGet(44)) - raft.server.snapshot.auto.trigger.threshold = 10000 (custom)
2021-04-10 01:06:38,470 [pool-447-thread-1] INFO  server.RaftServerConfigKeys (ConfUtils.java:logGet(44)) - raft.server.snapshot.retention.file.num = 5 (custom)
2021-04-10 01:06:38,470 [pool-447-thread-1] INFO  server.RaftServerConfigKeys (ConfUtils.java:logGet(44)) - raft.server.log.purge.upto.snapshot.index = false (default)
2021-04-10 01:06:38,470 [pool-447-thread-1] INFO  server.RaftServerConfigKeys (ConfUtils.java:logGet(44)) - raft.server.retrycache.expirytime = 600000ms (custom)
2021-04-10 01:06:38,470 [pool-447-thread-1] INFO  server.RaftServerConfigKeys (ConfUtils.java:logGet(44)) - raft.server.retrycache.statistics.expirytime = 100?s (default)
2021-04-10 01:06:38,470 [pool-447-thread-1] INFO  metrics.RatisMetrics (RatisMetrics.java:lambda$create$0(36)) - Creating Metrics Registry : ratis.leader_election.21f15bd4-cfa2-4f88-85d5-ad2919bb380f@group-CCAC56D7FE7A
2021-04-10 01:06:38,471 [pool-447-thread-1] INFO  metrics.RatisMetrics (RatisMetrics.java:lambda$create$0(36)) - Creating Metrics Registry : ratis.server.21f15bd4-cfa2-4f88-85d5-ad2919bb380f@group-CCAC56D7FE7A
2021-04-10 01:06:38,472 [pool-447-thread-1] INFO  server.RaftServer$Division (RaftServerImpl.java:start(295)) - 21f15bd4-cfa2-4f88-85d5-ad2919bb380f@group-CCAC56D7FE7A: start as a follower, conf=-1: [21f15bd4-cfa2-4f88-85d5-ad2919bb380f|rpc:172.17.0.2:35987|priority:1], old=null
2021-04-10 01:06:38,472 [pool-447-thread-1] INFO  server.RaftServer$Division (RaftServerImpl.java:setRole(284)) - 21f15bd4-cfa2-4f88-85d5-ad2919bb380f@group-CCAC56D7FE7A: changes role from      null to FOLLOWER at term 0 for startAsFollower
2021-04-10 01:06:38,472 [pool-447-thread-1] INFO  impl.RoleInfo (RoleInfo.java:updateAndGet(130)) - 21f15bd4-cfa2-4f88-85d5-ad2919bb380f: start 21f15bd4-cfa2-4f88-85d5-ad2919bb380f@group-CCAC56D7FE7A-FollowerState
2021-04-10 01:06:38,473 [pool-447-thread-1] INFO  util.JmxRegister (JmxRegister.java:tryRegister(44)) - Successfully registered JMX Bean with object name Ratis:service=RaftServer,group=group-CCAC56D7FE7A,id=21f15bd4-cfa2-4f88-85d5-ad2919bb380f
2021-04-10 01:06:38,473 [pool-447-thread-1] INFO  metrics.RatisMetrics (RatisMetrics.java:lambda$create$0(36)) - Creating Metrics Registry : ratis.state_machine.21f15bd4-cfa2-4f88-85d5-ad2919bb380f@group-CCAC56D7FE7A
2021-04-10 01:06:38,474 [Command processor thread] INFO  ratis.XceiverServerRatis (XceiverServerRatis.java:addGroup(808)) - Created group PipelineID=25feec8a-8cac-4a53-8636-ccac56d7fe7a
2021-04-10 01:06:38,474 [Command processor thread] INFO  commandhandler.CreatePipelineCommandHandler (CreatePipelineCommandHandler.java:handle(106)) - Created Pipeline RATIS ONE PipelineID=25feec8a-8cac-4a53-8636-ccac56d7fe7a.
2021-04-10 01:06:38,662 [Command processor thread] INFO  server.RaftServer (RaftServerProxy.java:addNew(95)) - 9eda0c20-f49c-4c2b-9c3e-213dec6e2110: addNew group-4928F97E880E:[9eda0c20-f49c-4c2b-9c3e-213dec6e2110|rpc:172.17.0.2:40767|priority:1] returns group-4928F97E880E:java.util.concurrent.CompletableFuture@525e753f[Not completed]
2021-04-10 01:06:38,663 [pool-463-thread-1] INFO  server.RaftServer$Division (RaftServerImpl.java:<init>(180)) - 9eda0c20-f49c-4c2b-9c3e-213dec6e2110: new RaftServerImpl for group-4928F97E880E:[9eda0c20-f49c-4c2b-9c3e-213dec6e2110|rpc:172.17.0.2:40767|priority:1] with ContainerStateMachine:uninitialized
2021-04-10 01:06:38,663 [pool-463-thread-1] INFO  server.RaftServerConfigKeys (ConfUtils.java:logGet(44)) - raft.server.rpc.timeout.min = 5s (custom)
2021-04-10 01:06:38,663 [pool-463-thread-1] INFO  server.RaftServerConfigKeys (ConfUtils.java:logGet(44)) - raft.server.rpc.timeout.max = 5200ms (custom)
2021-04-10 01:06:38,663 [pool-463-thread-1] INFO  server.RaftServerConfigKeys (ConfUtils.java:logGet(44)) - raft.server.rpc.sleep.time = 25ms (default)
2021-04-10 01:06:38,663 [pool-463-thread-1] INFO  server.RaftServerConfigKeys (ConfUtils.java:logGet(44)) - raft.server.rpc.slowness.timeout = 300000ms (custom)
2021-04-10 01:06:38,663 [pool-463-thread-1] INFO  server.RaftServerConfigKeys (ConfUtils.java:logGet(44)) - raft.server.leaderelection.leader.step-down.wait-time = 10s (default)
2021-04-10 01:06:38,663 [pool-463-thread-1] INFO  server.RaftServerConfigKeys (ConfUtils.java:logGet(44)) - raft.server.sleep.deviation.threshold = 300ms (default)
2021-04-10 01:06:38,663 [pool-463-thread-1] INFO  server.RaftServerConfigKeys (ConfUtils.java:logGet(44)) - raft.server.log.appender.install.snapshot.enabled = false (custom)
2021-04-10 01:06:38,664 [pool-463-thread-1] INFO  server.RaftServer$Division (ServerState.java:<init>(105)) - 9eda0c20-f49c-4c2b-9c3e-213dec6e2110@group-4928F97E880E: ConfigurationManager, init=-1: [9eda0c20-f49c-4c2b-9c3e-213dec6e2110|rpc:172.17.0.2:40767|priority:1], old=null, confs=<EMPTY_MAP>
2021-04-10 01:06:38,664 [pool-463-thread-1] INFO  server.RaftServerConfigKeys (ConfUtils.java:logGet(44)) - raft.server.storage.dir = [/github/workspace/mnt/ozone/hadoop-ozone/integration-test/target/test-dir/MiniOzoneClusterImpl-da946c58-7c29-4448-876e-997be65f487e/datanode-2/data/ratis] (custom)
2021-04-10 01:06:38,664 [pool-463-thread-1] INFO  server.RaftServerConfigKeys (ConfUtils.java:logGet(44)) - raft.server.log.corruption.policy = EXCEPTION (default)
2021-04-10 01:06:38,664 [pool-463-thread-1] INFO  storage.RaftStorageDirectory (RaftStorageDirectoryImpl.java:analyzeStorage(132)) - The storage directory /github/workspace/mnt/ozone/hadoop-ozone/integration-test/target/test-dir/MiniOzoneClusterImpl-da946c58-7c29-4448-876e-997be65f487e/datanode-2/data/ratis/561ad3a2-252a-4327-a06d-4928f97e880e does not exist. Creating ...
2021-04-10 01:06:38,665 [pool-463-thread-1] INFO  storage.RaftStorageDirectory (RaftStorageDirectoryImpl.java:tryLock(215)) - Lock on /github/workspace/mnt/ozone/hadoop-ozone/integration-test/target/test-dir/MiniOzoneClusterImpl-da946c58-7c29-4448-876e-997be65f487e/datanode-2/data/ratis/561ad3a2-252a-4327-a06d-4928f97e880e/in_use.lock acquired by nodename 5497@eab485fc2478
2021-04-10 01:06:38,667 [pool-463-thread-1] INFO  storage.RaftStorage (RaftStorageImpl.java:format(87)) - Storage directory /github/workspace/mnt/ozone/hadoop-ozone/integration-test/target/test-dir/MiniOzoneClusterImpl-da946c58-7c29-4448-876e-997be65f487e/datanode-2/data/ratis/561ad3a2-252a-4327-a06d-4928f97e880e has been successfully formatted.
2021-04-10 01:06:38,667 [pool-463-thread-1] INFO  ratis.ContainerStateMachine (ContainerStateMachine.java:loadSnapshot(224)) - group-4928F97E880E: The snapshot info is null. Setting the last applied indexto:(t:0, i:~)
2021-04-10 01:06:38,667 [pool-463-thread-1] INFO  server.RaftServerConfigKeys (ConfUtils.java:logGet(44)) - raft.server.notification.no-leader.timeout = 300000ms (custom)
2021-04-10 01:06:38,667 [pool-463-thread-1] INFO  server.RaftServerConfigKeys (ConfUtils.java:logGet(44)) - raft.server.log.use.memory = false (default)
2021-04-10 01:06:38,667 [pool-463-thread-1] INFO  server.RaftServerConfigKeys (ConfUtils.java:logGet(44)) - raft.server.log.purge.gap = 1000000 (custom)
2021-04-10 01:06:38,668 [pool-463-thread-1] INFO  server.RaftServerConfigKeys (ConfUtils.java:logGet(44)) - raft.server.log.appender.buffer.byte-limit = 33554432 (custom)
2021-04-10 01:06:38,668 [pool-463-thread-1] INFO  metrics.RatisMetrics (RatisMetrics.java:lambda$create$0(36)) - Creating Metrics Registry : ratis.log_worker.9eda0c20-f49c-4c2b-9c3e-213dec6e2110@group-4928F97E880E
2021-04-10 01:06:38,668 [EventQueue-PipelineReportForPipelineReportHandler] INFO  pipeline.PipelineManagerV2Impl (PipelineManagerV2Impl.java:openPipeline(263)) - Pipeline Pipeline[ Id: 561ad3a2-252a-4327-a06d-4928f97e880e, Nodes: 9eda0c20-f49c-4c2b-9c3e-213dec6e2110{ip: 172.17.0.2, host: eab485fc2478, ports: [REPLICATION=46855, RATIS=40767, RATIS_ADMIN=40767, RATIS_SERVER=40767, STANDALONE=36251], networkLocation: /default-rack, certSerialId: null, persistedOpState: IN_SERVICE, persistedOpStateExpiryEpochSec: 0}, Type:RATIS, Factor:ONE, State:ALLOCATED, leaderId:9eda0c20-f49c-4c2b-9c3e-213dec6e2110, CreationTimestamp2021-04-10T01:06:35.664Z] moved to OPEN state
2021-04-10 01:06:38,668 [pool-463-thread-1] INFO  server.RaftServerConfigKeys (ConfUtils.java:logGet(44)) - raft.server.log.segment.size.max = 1048576 (custom)
2021-04-10 01:06:38,668 [EventQueue-PipelineReportForOneReplicaPipelineSafeModeRule] INFO  safemode.SCMSafeModeManager (SCMSafeModeManager.java:validateSafeModeExitRules(201)) - AtleastOneDatanodeReportedRule rule is successfully validated
2021-04-10 01:06:38,669 [EventQueue-OpenPipelineForHealthyPipelineSafeModeRule] INFO  safemode.SCMSafeModeManager (HealthyPipelineSafeModeRule.java:process(128)) - SCM in safe mode. Healthy pipelines reported count is 0, required healthy pipeline reported count is 1
2021-04-10 01:06:38,669 [pool-463-thread-1] INFO  server.RaftServerConfigKeys (ConfUtils.java:logGet(44)) - raft.server.log.segment.cache.num.max = 2 (custom)
2021-04-10 01:06:38,669 [pool-463-thread-1] INFO  server.RaftServerConfigKeys (ConfUtils.java:logGet(44)) - raft.server.log.segment.cache.size.max = 200MB (=209715200) (default)
2021-04-10 01:06:38,669 [pool-463-thread-1] INFO  segmented.SegmentedRaftLogWorker (SegmentedRaftLogWorker.java:<init>(182)) - new 9eda0c20-f49c-4c2b-9c3e-213dec6e2110@group-4928F97E880E-SegmentedRaftLogWorker for RaftStorageImpl:Storage Directory /github/workspace/mnt/ozone/hadoop-ozone/integration-test/target/test-dir/MiniOzoneClusterImpl-da946c58-7c29-4448-876e-997be65f487e/datanode-2/data/ratis/561ad3a2-252a-4327-a06d-4928f97e880e
2021-04-10 01:06:38,669 [pool-463-thread-1] INFO  server.RaftServerConfigKeys (ConfUtils.java:logGet(44)) - raft.server.log.queue.byte-limit = 2147483647 (custom)
2021-04-10 01:06:38,670 [pool-463-thread-1] INFO  server.RaftServerConfigKeys (ConfUtils.java:logGet(44)) - raft.server.log.queue.element-limit = 1024 (custom)
2021-04-10 01:06:38,670 [pool-463-thread-1] INFO  server.RaftServerConfigKeys (ConfUtils.java:logGet(44)) - raft.server.log.segment.size.max = 1048576 (custom)
2021-04-10 01:06:38,670 [pool-463-thread-1] INFO  server.RaftServerConfigKeys (ConfUtils.java:logGet(44)) - raft.server.log.preallocated.size = 16384 (custom)
2021-04-10 01:06:38,670 [pool-463-thread-1] INFO  server.RaftServerConfigKeys (ConfUtils.java:logGet(44)) - raft.server.log.force.sync.num = 128 (default)
2021-04-10 01:06:38,670 [pool-463-thread-1] INFO  server.RaftServerConfigKeys (ConfUtils.java:logGet(44)) - raft.server.log.statemachine.data.sync = true (default)
2021-04-10 01:06:38,670 [pool-463-thread-1] INFO  server.RaftServerConfigKeys (ConfUtils.java:logGet(44)) - raft.server.log.statemachine.data.sync.timeout = 10s (default)
2021-04-10 01:06:38,670 [pool-463-thread-1] INFO  server.RaftServerConfigKeys (ConfUtils.java:logGet(44)) - raft.server.log.statemachine.data.sync.timeout.retry = -1 (default)
2021-04-10 01:06:38,672 [pool-463-thread-1] INFO  server.RaftServerConfigKeys (ConfUtils.java:logGet(44)) - raft.server.log.write.buffer.size = 1048576 (custom)
2021-04-10 01:06:38,673 [pool-463-thread-1] INFO  server.RaftServerConfigKeys (ConfUtils.java:logGet(44)) - raft.server.log.statemachine.data.caching.enabled = true (custom)
2021-04-10 01:06:38,673 [pool-463-thread-1] INFO  segmented.SegmentedRaftLogWorker (SegmentedRaftLogWorker.java:lambda$new$0(133)) - 9eda0c20-f49c-4c2b-9c3e-213dec6e2110@group-4928F97E880E-SegmentedRaftLogWorker: flushIndex: setUnconditionally 0 -> -1
2021-04-10 01:06:38,673 [pool-463-thread-1] INFO  segmented.SegmentedRaftLogWorker (SegmentedRaftLogWorker.java:lambda$new$0(133)) - 9eda0c20-f49c-4c2b-9c3e-213dec6e2110@group-4928F97E880E-SegmentedRaftLogWorker: safeCacheEvictIndex: setUnconditionally 0 -> -1
2021-04-10 01:06:38,673 [pool-463-thread-1] INFO  server.RaftServerConfigKeys (ConfUtils.java:logGet(44)) - raft.server.snapshot.auto.trigger.enabled = true (custom)
2021-04-10 01:06:38,673 [pool-463-thread-1] INFO  server.RaftServerConfigKeys (ConfUtils.java:logGet(44)) - raft.server.snapshot.auto.trigger.threshold = 10000 (custom)
2021-04-10 01:06:38,673 [pool-463-thread-1] INFO  server.RaftServerConfigKeys (ConfUtils.java:logGet(44)) - raft.server.snapshot.retention.file.num = 5 (custom)
2021-04-10 01:06:38,673 [pool-463-thread-1] INFO  server.RaftServerConfigKeys (ConfUtils.java:logGet(44)) - raft.server.log.purge.upto.snapshot.index = false (default)
2021-04-10 01:06:38,674 [pool-463-thread-1] INFO  server.RaftServerConfigKeys (ConfUtils.java:logGet(44)) - raft.server.retrycache.expirytime = 600000ms (custom)
2021-04-10 01:06:38,674 [pool-463-thread-1] INFO  server.RaftServerConfigKeys (ConfUtils.java:logGet(44)) - raft.server.retrycache.statistics.expirytime = 100?s (default)
2021-04-10 01:06:38,674 [pool-463-thread-1] INFO  metrics.RatisMetrics (RatisMetrics.java:lambda$create$0(36)) - Creating Metrics Registry : ratis.leader_election.9eda0c20-f49c-4c2b-9c3e-213dec6e2110@group-4928F97E880E
2021-04-10 01:06:38,674 [pool-463-thread-1] INFO  metrics.RatisMetrics (RatisMetrics.java:lambda$create$0(36)) - Creating Metrics Registry : ratis.server.9eda0c20-f49c-4c2b-9c3e-213dec6e2110@group-4928F97E880E
2021-04-10 01:06:38,676 [pool-463-thread-1] INFO  server.RaftServer$Division (RaftServerImpl.java:start(295)) - 9eda0c20-f49c-4c2b-9c3e-213dec6e2110@group-4928F97E880E: start as a follower, conf=-1: [9eda0c20-f49c-4c2b-9c3e-213dec6e2110|rpc:172.17.0.2:40767|priority:1], old=null
2021-04-10 01:06:38,676 [pool-463-thread-1] INFO  server.RaftServer$Division (RaftServerImpl.java:setRole(284)) - 9eda0c20-f49c-4c2b-9c3e-213dec6e2110@group-4928F97E880E: changes role from      null to FOLLOWER at term 0 for startAsFollower
2021-04-10 01:06:38,676 [pool-463-thread-1] INFO  impl.RoleInfo (RoleInfo.java:updateAndGet(130)) - 9eda0c20-f49c-4c2b-9c3e-213dec6e2110: start 9eda0c20-f49c-4c2b-9c3e-213dec6e2110@group-4928F97E880E-FollowerState
2021-04-10 01:06:38,676 [pool-463-thread-1] INFO  util.JmxRegister (JmxRegister.java:tryRegister(44)) - Successfully registered JMX Bean with object name Ratis:service=RaftServer,group=group-4928F97E880E,id=9eda0c20-f49c-4c2b-9c3e-213dec6e2110
2021-04-10 01:06:38,676 [pool-463-thread-1] INFO  metrics.RatisMetrics (RatisMetrics.java:lambda$create$0(36)) - Creating Metrics Registry : ratis.state_machine.9eda0c20-f49c-4c2b-9c3e-213dec6e2110@group-4928F97E880E
2021-04-10 01:06:38,681 [Command processor thread] INFO  ratis.XceiverServerRatis (XceiverServerRatis.java:addGroup(808)) - Created group PipelineID=561ad3a2-252a-4327-a06d-4928f97e880e
2021-04-10 01:06:38,681 [Command processor thread] INFO  commandhandler.CreatePipelineCommandHandler (CreatePipelineCommandHandler.java:handle(106)) - Created Pipeline RATIS ONE PipelineID=561ad3a2-252a-4327-a06d-4928f97e880e.
2021-04-10 01:06:38,892 [Command processor thread] INFO  server.RaftServer (RaftServerProxy.java:addNew(95)) - 0920b5d4-01a1-4269-bba6-0e5df288504f: addNew group-9E97C5C1B556:[0920b5d4-01a1-4269-bba6-0e5df288504f|rpc:172.17.0.2:40455|priority:1] returns group-9E97C5C1B556:java.util.concurrent.CompletableFuture@463fe68[Not completed]
2021-04-10 01:06:38,893 [pool-479-thread-1] INFO  server.RaftServer$Division (RaftServerImpl.java:<init>(180)) - 0920b5d4-01a1-4269-bba6-0e5df288504f: new RaftServerImpl for group-9E97C5C1B556:[0920b5d4-01a1-4269-bba6-0e5df288504f|rpc:172.17.0.2:40455|priority:1] with ContainerStateMachine:uninitialized
2021-04-10 01:06:38,894 [pool-479-thread-1] INFO  server.RaftServerConfigKeys (ConfUtils.java:logGet(44)) - raft.server.rpc.timeout.min = 5s (custom)
2021-04-10 01:06:38,894 [pool-479-thread-1] INFO  server.RaftServerConfigKeys (ConfUtils.java:logGet(44)) - raft.server.rpc.timeout.max = 5200ms (custom)
2021-04-10 01:06:38,894 [pool-479-thread-1] INFO  server.RaftServerConfigKeys (ConfUtils.java:logGet(44)) - raft.server.rpc.sleep.time = 25ms (default)
2021-04-10 01:06:38,894 [pool-479-thread-1] INFO  server.RaftServerConfigKeys (ConfUtils.java:logGet(44)) - raft.server.rpc.slowness.timeout = 300000ms (custom)
2021-04-10 01:06:38,894 [pool-479-thread-1] INFO  server.RaftServerConfigKeys (ConfUtils.java:logGet(44)) - raft.server.leaderelection.leader.step-down.wait-time = 10s (default)
2021-04-10 01:06:38,894 [pool-479-thread-1] INFO  server.RaftServerConfigKeys (ConfUtils.java:logGet(44)) - raft.server.sleep.deviation.threshold = 300ms (default)
2021-04-10 01:06:38,894 [pool-479-thread-1] INFO  server.RaftServerConfigKeys (ConfUtils.java:logGet(44)) - raft.server.log.appender.install.snapshot.enabled = false (custom)
2021-04-10 01:06:38,894 [pool-479-thread-1] INFO  server.RaftServer$Division (ServerState.java:<init>(105)) - 0920b5d4-01a1-4269-bba6-0e5df288504f@group-9E97C5C1B556: ConfigurationManager, init=-1: [0920b5d4-01a1-4269-bba6-0e5df288504f|rpc:172.17.0.2:40455|priority:1], old=null, confs=<EMPTY_MAP>
2021-04-10 01:06:38,894 [pool-479-thread-1] INFO  server.RaftServerConfigKeys (ConfUtils.java:logGet(44)) - raft.server.storage.dir = [/github/workspace/mnt/ozone/hadoop-ozone/integration-test/target/test-dir/MiniOzoneClusterImpl-da946c58-7c29-4448-876e-997be65f487e/datanode-3/data/ratis] (custom)
2021-04-10 01:06:38,895 [pool-479-thread-1] INFO  server.RaftServerConfigKeys (ConfUtils.java:logGet(44)) - raft.server.log.corruption.policy = EXCEPTION (default)
2021-04-10 01:06:38,895 [pool-479-thread-1] INFO  storage.RaftStorageDirectory (RaftStorageDirectoryImpl.java:analyzeStorage(132)) - The storage directory /github/workspace/mnt/ozone/hadoop-ozone/integration-test/target/test-dir/MiniOzoneClusterImpl-da946c58-7c29-4448-876e-997be65f487e/datanode-3/data/ratis/f5560698-9625-428e-a40d-9e97c5c1b556 does not exist. Creating ...
2021-04-10 01:06:38,896 [pool-479-thread-1] INFO  storage.RaftStorageDirectory (RaftStorageDirectoryImpl.java:tryLock(215)) - Lock on /github/workspace/mnt/ozone/hadoop-ozone/integration-test/target/test-dir/MiniOzoneClusterImpl-da946c58-7c29-4448-876e-997be65f487e/datanode-3/data/ratis/f5560698-9625-428e-a40d-9e97c5c1b556/in_use.lock acquired by nodename 5497@eab485fc2478
2021-04-10 01:06:38,898 [pool-479-thread-1] INFO  storage.RaftStorage (RaftStorageImpl.java:format(87)) - Storage directory /github/workspace/mnt/ozone/hadoop-ozone/integration-test/target/test-dir/MiniOzoneClusterImpl-da946c58-7c29-4448-876e-997be65f487e/datanode-3/data/ratis/f5560698-9625-428e-a40d-9e97c5c1b556 has been successfully formatted.
2021-04-10 01:06:38,899 [pool-479-thread-1] INFO  ratis.ContainerStateMachine (ContainerStateMachine.java:loadSnapshot(224)) - group-9E97C5C1B556: The snapshot info is null. Setting the last applied indexto:(t:0, i:~)
2021-04-10 01:06:38,899 [pool-479-thread-1] INFO  server.RaftServerConfigKeys (ConfUtils.java:logGet(44)) - raft.server.notification.no-leader.timeout = 300000ms (custom)
2021-04-10 01:06:38,900 [EventQueue-PipelineReportForPipelineReportHandler] INFO  pipeline.PipelineManagerV2Impl (PipelineManagerV2Impl.java:openPipeline(263)) - Pipeline Pipeline[ Id: f5560698-9625-428e-a40d-9e97c5c1b556, Nodes: 0920b5d4-01a1-4269-bba6-0e5df288504f{ip: 172.17.0.2, host: eab485fc2478, ports: [REPLICATION=36161, RATIS=40455, RATIS_ADMIN=40455, RATIS_SERVER=40455, STANDALONE=33227], networkLocation: /default-rack, certSerialId: null, persistedOpState: IN_SERVICE, persistedOpStateExpiryEpochSec: 0}, Type:RATIS, Factor:ONE, State:ALLOCATED, leaderId:0920b5d4-01a1-4269-bba6-0e5df288504f, CreationTimestamp2021-04-10T01:06:35.895Z] moved to OPEN state
2021-04-10 01:06:38,900 [EventQueue-PipelineReportForOneReplicaPipelineSafeModeRule] INFO  safemode.SCMSafeModeManager (SCMSafeModeManager.java:validateSafeModeExitRules(201)) - AtleastOneDatanodeReportedRule rule is successfully validated
2021-04-10 01:06:38,900 [EventQueue-OpenPipelineForHealthyPipelineSafeModeRule] INFO  safemode.SCMSafeModeManager (HealthyPipelineSafeModeRule.java:process(128)) - SCM in safe mode. Healthy pipelines reported count is 0, required healthy pipeline reported count is 1
2021-04-10 01:06:38,901 [pool-479-thread-1] INFO  server.RaftServerConfigKeys (ConfUtils.java:logGet(44)) - raft.server.log.use.memory = false (default)
2021-04-10 01:06:38,901 [pool-479-thread-1] INFO  server.RaftServerConfigKeys (ConfUtils.java:logGet(44)) - raft.server.log.purge.gap = 1000000 (custom)
2021-04-10 01:06:38,901 [pool-479-thread-1] INFO  server.RaftServerConfigKeys (ConfUtils.java:logGet(44)) - raft.server.log.appender.buffer.byte-limit = 33554432 (custom)
2021-04-10 01:06:38,901 [pool-479-thread-1] INFO  metrics.RatisMetrics (RatisMetrics.java:lambda$create$0(36)) - Creating Metrics Registry : ratis.log_worker.0920b5d4-01a1-4269-bba6-0e5df288504f@group-9E97C5C1B556
2021-04-10 01:06:38,902 [pool-479-thread-1] INFO  server.RaftServerConfigKeys (ConfUtils.java:logGet(44)) - raft.server.log.segment.size.max = 1048576 (custom)
2021-04-10 01:06:38,902 [pool-479-thread-1] INFO  server.RaftServerConfigKeys (ConfUtils.java:logGet(44)) - raft.server.log.segment.cache.num.max = 2 (custom)
2021-04-10 01:06:38,902 [pool-479-thread-1] INFO  server.RaftServerConfigKeys (ConfUtils.java:logGet(44)) - raft.server.log.segment.cache.size.max = 200MB (=209715200) (default)
2021-04-10 01:06:38,902 [pool-479-thread-1] INFO  segmented.SegmentedRaftLogWorker (SegmentedRaftLogWorker.java:<init>(182)) - new 0920b5d4-01a1-4269-bba6-0e5df288504f@group-9E97C5C1B556-SegmentedRaftLogWorker for RaftStorageImpl:Storage Directory /github/workspace/mnt/ozone/hadoop-ozone/integration-test/target/test-dir/MiniOzoneClusterImpl-da946c58-7c29-4448-876e-997be65f487e/datanode-3/data/ratis/f5560698-9625-428e-a40d-9e97c5c1b556
2021-04-10 01:06:38,903 [pool-479-thread-1] INFO  server.RaftServerConfigKeys (ConfUtils.java:logGet(44)) - raft.server.log.queue.byte-limit = 2147483647 (custom)
2021-04-10 01:06:38,903 [pool-479-thread-1] INFO  server.RaftServerConfigKeys (ConfUtils.java:logGet(44)) - raft.server.log.queue.element-limit = 1024 (custom)
2021-04-10 01:06:38,903 [pool-479-thread-1] INFO  server.RaftServerConfigKeys (ConfUtils.java:logGet(44)) - raft.server.log.segment.size.max = 1048576 (custom)
2021-04-10 01:06:38,903 [pool-479-thread-1] INFO  server.RaftServerConfigKeys (ConfUtils.java:logGet(44)) - raft.server.log.preallocated.size = 16384 (custom)
2021-04-10 01:06:38,903 [pool-479-thread-1] INFO  server.RaftServerConfigKeys (ConfUtils.java:logGet(44)) - raft.server.log.force.sync.num = 128 (default)
2021-04-10 01:06:38,903 [pool-479-thread-1] INFO  server.RaftServerConfigKeys (ConfUtils.java:logGet(44)) - raft.server.log.statemachine.data.sync = true (default)
2021-04-10 01:06:38,903 [pool-479-thread-1] INFO  server.RaftServerConfigKeys (ConfUtils.java:logGet(44)) - raft.server.log.statemachine.data.sync.timeout = 10s (default)
2021-04-10 01:06:38,903 [pool-479-thread-1] INFO  server.RaftServerConfigKeys (ConfUtils.java:logGet(44)) - raft.server.log.statemachine.data.sync.timeout.retry = -1 (default)
2021-04-10 01:06:38,904 [pool-479-thread-1] INFO  server.RaftServerConfigKeys (ConfUtils.java:logGet(44)) - raft.server.log.write.buffer.size = 1048576 (custom)
2021-04-10 01:06:38,905 [pool-479-thread-1] INFO  server.RaftServerConfigKeys (ConfUtils.java:logGet(44)) - raft.server.log.statemachine.data.caching.enabled = true (custom)
2021-04-10 01:06:38,905 [pool-479-thread-1] INFO  segmented.SegmentedRaftLogWorker (SegmentedRaftLogWorker.java:lambda$new$0(133)) - 0920b5d4-01a1-4269-bba6-0e5df288504f@group-9E97C5C1B556-SegmentedRaftLogWorker: flushIndex: setUnconditionally 0 -> -1
2021-04-10 01:06:38,905 [pool-479-thread-1] INFO  segmented.SegmentedRaftLogWorker (SegmentedRaftLogWorker.java:lambda$new$0(133)) - 0920b5d4-01a1-4269-bba6-0e5df288504f@group-9E97C5C1B556-SegmentedRaftLogWorker: safeCacheEvictIndex: setUnconditionally 0 -> -1
2021-04-10 01:06:38,906 [pool-479-thread-1] INFO  server.RaftServerConfigKeys (ConfUtils.java:logGet(44)) - raft.server.snapshot.auto.trigger.enabled = true (custom)
2021-04-10 01:06:38,906 [pool-479-thread-1] INFO  server.RaftServerConfigKeys (ConfUtils.java:logGet(44)) - raft.server.snapshot.auto.trigger.threshold = 10000 (custom)
2021-04-10 01:06:38,906 [pool-479-thread-1] INFO  server.RaftServerConfigKeys (ConfUtils.java:logGet(44)) - raft.server.snapshot.retention.file.num = 5 (custom)
2021-04-10 01:06:38,906 [pool-479-thread-1] INFO  server.RaftServerConfigKeys (ConfUtils.java:logGet(44)) - raft.server.log.purge.upto.snapshot.index = false (default)
2021-04-10 01:06:38,906 [pool-479-thread-1] INFO  server.RaftServerConfigKeys (ConfUtils.java:logGet(44)) - raft.server.retrycache.expirytime = 600000ms (custom)
2021-04-10 01:06:38,906 [pool-479-thread-1] INFO  server.RaftServerConfigKeys (ConfUtils.java:logGet(44)) - raft.server.retrycache.statistics.expirytime = 100?s (default)
2021-04-10 01:06:38,906 [pool-479-thread-1] INFO  metrics.RatisMetrics (RatisMetrics.java:lambda$create$0(36)) - Creating Metrics Registry : ratis.leader_election.0920b5d4-01a1-4269-bba6-0e5df288504f@group-9E97C5C1B556
2021-04-10 01:06:38,907 [pool-479-thread-1] INFO  metrics.RatisMetrics (RatisMetrics.java:lambda$create$0(36)) - Creating Metrics Registry : ratis.server.0920b5d4-01a1-4269-bba6-0e5df288504f@group-9E97C5C1B556
2021-04-10 01:06:38,908 [pool-479-thread-1] INFO  server.RaftServer$Division (RaftServerImpl.java:start(295)) - 0920b5d4-01a1-4269-bba6-0e5df288504f@group-9E97C5C1B556: start as a follower, conf=-1: [0920b5d4-01a1-4269-bba6-0e5df288504f|rpc:172.17.0.2:40455|priority:1], old=null
2021-04-10 01:06:38,908 [pool-479-thread-1] INFO  server.RaftServer$Division (RaftServerImpl.java:setRole(284)) - 0920b5d4-01a1-4269-bba6-0e5df288504f@group-9E97C5C1B556: changes role from      null to FOLLOWER at term 0 for startAsFollower
2021-04-10 01:06:38,908 [pool-479-thread-1] INFO  impl.RoleInfo (RoleInfo.java:updateAndGet(130)) - 0920b5d4-01a1-4269-bba6-0e5df288504f: start 0920b5d4-01a1-4269-bba6-0e5df288504f@group-9E97C5C1B556-FollowerState
2021-04-10 01:06:38,908 [pool-479-thread-1] INFO  util.JmxRegister (JmxRegister.java:tryRegister(44)) - Successfully registered JMX Bean with object name Ratis:service=RaftServer,group=group-9E97C5C1B556,id=0920b5d4-01a1-4269-bba6-0e5df288504f
2021-04-10 01:06:38,909 [pool-479-thread-1] INFO  metrics.RatisMetrics (RatisMetrics.java:lambda$create$0(36)) - Creating Metrics Registry : ratis.state_machine.0920b5d4-01a1-4269-bba6-0e5df288504f@group-9E97C5C1B556
2021-04-10 01:06:38,909 [Command processor thread] INFO  ratis.XceiverServerRatis (XceiverServerRatis.java:addGroup(808)) - Created group PipelineID=f5560698-9625-428e-a40d-9e97c5c1b556
2021-04-10 01:06:38,909 [Command processor thread] INFO  commandhandler.CreatePipelineCommandHandler (CreatePipelineCommandHandler.java:handle(106)) - Created Pipeline RATIS ONE PipelineID=f5560698-9625-428e-a40d-9e97c5c1b556.
2021-04-10 01:06:38,910 [Command processor thread] INFO  server.RaftServer (RaftServerProxy.java:addNew(95)) - 0920b5d4-01a1-4269-bba6-0e5df288504f: addNew group-0760CCC17729:[a42fb17c-ab54-48f0-b04c-859eb28781e5|rpc:172.17.0.2:39951|priority:0, 0920b5d4-01a1-4269-bba6-0e5df288504f|rpc:172.17.0.2:40455|priority:1, 908f18a0-adb7-4061-877d-82f26c284a6d|rpc:172.17.0.2:38461|priority:0] returns group-0760CCC17729:java.util.concurrent.CompletableFuture@5c6a3c[Not completed]
2021-04-10 01:06:38,914 [pool-479-thread-1] INFO  server.RaftServer$Division (RaftServerImpl.java:<init>(180)) - 0920b5d4-01a1-4269-bba6-0e5df288504f: new RaftServerImpl for group-0760CCC17729:[a42fb17c-ab54-48f0-b04c-859eb28781e5|rpc:172.17.0.2:39951|priority:0, 0920b5d4-01a1-4269-bba6-0e5df288504f|rpc:172.17.0.2:40455|priority:1, 908f18a0-adb7-4061-877d-82f26c284a6d|rpc:172.17.0.2:38461|priority:0] with ContainerStateMachine:uninitialized
2021-04-10 01:06:38,914 [pool-479-thread-1] INFO  server.RaftServerConfigKeys (ConfUtils.java:logGet(44)) - raft.server.rpc.timeout.min = 5s (custom)
2021-04-10 01:06:38,914 [pool-479-thread-1] INFO  server.RaftServerConfigKeys (ConfUtils.java:logGet(44)) - raft.server.rpc.timeout.max = 5200ms (custom)
2021-04-10 01:06:38,914 [pool-479-thread-1] INFO  server.RaftServerConfigKeys (ConfUtils.java:logGet(44)) - raft.server.rpc.sleep.time = 25ms (default)
2021-04-10 01:06:38,914 [pool-479-thread-1] INFO  server.RaftServerConfigKeys (ConfUtils.java:logGet(44)) - raft.server.rpc.slowness.timeout = 300000ms (custom)
2021-04-10 01:06:38,914 [pool-479-thread-1] INFO  server.RaftServerConfigKeys (ConfUtils.java:logGet(44)) - raft.server.leaderelection.leader.step-down.wait-time = 10s (default)
2021-04-10 01:06:38,914 [pool-479-thread-1] INFO  server.RaftServerConfigKeys (ConfUtils.java:logGet(44)) - raft.server.sleep.deviation.threshold = 300ms (default)
2021-04-10 01:06:38,915 [pool-479-thread-1] INFO  server.RaftServerConfigKeys (ConfUtils.java:logGet(44)) - raft.server.log.appender.install.snapshot.enabled = false (custom)
2021-04-10 01:06:38,915 [pool-479-thread-1] INFO  server.RaftServer$Division (ServerState.java:<init>(105)) - 0920b5d4-01a1-4269-bba6-0e5df288504f@group-0760CCC17729: ConfigurationManager, init=-1: [a42fb17c-ab54-48f0-b04c-859eb28781e5|rpc:172.17.0.2:39951|priority:0, 0920b5d4-01a1-4269-bba6-0e5df288504f|rpc:172.17.0.2:40455|priority:1, 908f18a0-adb7-4061-877d-82f26c284a6d|rpc:172.17.0.2:38461|priority:0], old=null, confs=<EMPTY_MAP>
2021-04-10 01:06:38,915 [pool-479-thread-1] INFO  server.RaftServerConfigKeys (ConfUtils.java:logGet(44)) - raft.server.storage.dir = [/github/workspace/mnt/ozone/hadoop-ozone/integration-test/target/test-dir/MiniOzoneClusterImpl-da946c58-7c29-4448-876e-997be65f487e/datanode-3/data/ratis] (custom)
2021-04-10 01:06:38,915 [pool-479-thread-1] INFO  server.RaftServerConfigKeys (ConfUtils.java:logGet(44)) - raft.server.log.corruption.policy = EXCEPTION (default)
2021-04-10 01:06:38,915 [pool-479-thread-1] INFO  storage.RaftStorageDirectory (RaftStorageDirectoryImpl.java:analyzeStorage(132)) - The storage directory /github/workspace/mnt/ozone/hadoop-ozone/integration-test/target/test-dir/MiniOzoneClusterImpl-da946c58-7c29-4448-876e-997be65f487e/datanode-3/data/ratis/a5fb9b2c-8784-43e5-a193-0760ccc17729 does not exist. Creating ...
2021-04-10 01:06:38,916 [pool-479-thread-1] INFO  storage.RaftStorageDirectory (RaftStorageDirectoryImpl.java:tryLock(215)) - Lock on /github/workspace/mnt/ozone/hadoop-ozone/integration-test/target/test-dir/MiniOzoneClusterImpl-da946c58-7c29-4448-876e-997be65f487e/datanode-3/data/ratis/a5fb9b2c-8784-43e5-a193-0760ccc17729/in_use.lock acquired by nodename 5497@eab485fc2478
2021-04-10 01:06:38,917 [pool-479-thread-1] INFO  storage.RaftStorage (RaftStorageImpl.java:format(87)) - Storage directory /github/workspace/mnt/ozone/hadoop-ozone/integration-test/target/test-dir/MiniOzoneClusterImpl-da946c58-7c29-4448-876e-997be65f487e/datanode-3/data/ratis/a5fb9b2c-8784-43e5-a193-0760ccc17729 has been successfully formatted.
2021-04-10 01:06:38,918 [pool-479-thread-1] INFO  ratis.ContainerStateMachine (ContainerStateMachine.java:loadSnapshot(224)) - group-0760CCC17729: The snapshot info is null. Setting the last applied indexto:(t:0, i:~)
2021-04-10 01:06:38,918 [pool-479-thread-1] INFO  server.RaftServerConfigKeys (ConfUtils.java:logGet(44)) - raft.server.notification.no-leader.timeout = 300000ms (custom)
2021-04-10 01:06:38,919 [EventQueue-OpenPipelineForHealthyPipelineSafeModeRule] INFO  safemode.SCMSafeModeManager (HealthyPipelineSafeModeRule.java:process(128)) - SCM in safe mode. Healthy pipelines reported count is 0, required healthy pipeline reported count is 1
2021-04-10 01:06:38,919 [EventQueue-PipelineReportForOneReplicaPipelineSafeModeRule] INFO  safemode.SCMSafeModeManager (SCMSafeModeManager.java:validateSafeModeExitRules(201)) - AtleastOneDatanodeReportedRule rule is successfully validated
2021-04-10 01:06:38,919 [pool-479-thread-1] INFO  server.RaftServerConfigKeys (ConfUtils.java:logGet(44)) - raft.server.log.use.memory = false (default)
2021-04-10 01:06:38,919 [pool-479-thread-1] INFO  server.RaftServerConfigKeys (ConfUtils.java:logGet(44)) - raft.server.log.purge.gap = 1000000 (custom)
2021-04-10 01:06:38,919 [pool-479-thread-1] INFO  server.RaftServerConfigKeys (ConfUtils.java:logGet(44)) - raft.server.log.appender.buffer.byte-limit = 33554432 (custom)
2021-04-10 01:06:38,919 [pool-479-thread-1] INFO  metrics.RatisMetrics (RatisMetrics.java:lambda$create$0(36)) - Creating Metrics Registry : ratis.log_worker.0920b5d4-01a1-4269-bba6-0e5df288504f@group-0760CCC17729
2021-04-10 01:06:38,919 [pool-479-thread-1] INFO  server.RaftServerConfigKeys (ConfUtils.java:logGet(44)) - raft.server.log.segment.size.max = 1048576 (custom)
2021-04-10 01:06:38,920 [pool-479-thread-1] INFO  server.RaftServerConfigKeys (ConfUtils.java:logGet(44)) - raft.server.log.segment.cache.num.max = 2 (custom)
2021-04-10 01:06:38,920 [pool-479-thread-1] INFO  server.RaftServerConfigKeys (ConfUtils.java:logGet(44)) - raft.server.log.segment.cache.size.max = 200MB (=209715200) (default)
2021-04-10 01:06:38,920 [pool-479-thread-1] INFO  segmented.SegmentedRaftLogWorker (SegmentedRaftLogWorker.java:<init>(182)) - new 0920b5d4-01a1-4269-bba6-0e5df288504f@group-0760CCC17729-SegmentedRaftLogWorker for RaftStorageImpl:Storage Directory /github/workspace/mnt/ozone/hadoop-ozone/integration-test/target/test-dir/MiniOzoneClusterImpl-da946c58-7c29-4448-876e-997be65f487e/datanode-3/data/ratis/a5fb9b2c-8784-43e5-a193-0760ccc17729
2021-04-10 01:06:38,920 [pool-479-thread-1] INFO  server.RaftServerConfigKeys (ConfUtils.java:logGet(44)) - raft.server.log.queue.byte-limit = 2147483647 (custom)
2021-04-10 01:06:38,920 [pool-479-thread-1] INFO  server.RaftServerConfigKeys (ConfUtils.java:logGet(44)) - raft.server.log.queue.element-limit = 1024 (custom)
2021-04-10 01:06:38,921 [pool-479-thread-1] INFO  server.RaftServerConfigKeys (ConfUtils.java:logGet(44)) - raft.server.log.segment.size.max = 1048576 (custom)
2021-04-10 01:06:38,921 [pool-479-thread-1] INFO  server.RaftServerConfigKeys (ConfUtils.java:logGet(44)) - raft.server.log.preallocated.size = 16384 (custom)
2021-04-10 01:06:38,921 [pool-479-thread-1] INFO  server.RaftServerConfigKeys (ConfUtils.java:logGet(44)) - raft.server.log.force.sync.num = 128 (default)
2021-04-10 01:06:38,921 [pool-479-thread-1] INFO  server.RaftServerConfigKeys (ConfUtils.java:logGet(44)) - raft.server.log.statemachine.data.sync = true (default)
2021-04-10 01:06:38,921 [pool-479-thread-1] INFO  server.RaftServerConfigKeys (ConfUtils.java:logGet(44)) - raft.server.log.statemachine.data.sync.timeout = 10s (default)
2021-04-10 01:06:38,921 [pool-479-thread-1] INFO  server.RaftServerConfigKeys (ConfUtils.java:logGet(44)) - raft.server.log.statemachine.data.sync.timeout.retry = -1 (default)
2021-04-10 01:06:38,923 [pool-479-thread-1] INFO  server.RaftServerConfigKeys (ConfUtils.java:logGet(44)) - raft.server.log.write.buffer.size = 1048576 (custom)
2021-04-10 01:06:38,923 [pool-479-thread-1] INFO  server.RaftServerConfigKeys (ConfUtils.java:logGet(44)) - raft.server.log.statemachine.data.caching.enabled = true (custom)
2021-04-10 01:06:38,924 [pool-479-thread-1] INFO  segmented.SegmentedRaftLogWorker (SegmentedRaftLogWorker.java:lambda$new$0(133)) - 0920b5d4-01a1-4269-bba6-0e5df288504f@group-0760CCC17729-SegmentedRaftLogWorker: flushIndex: setUnconditionally 0 -> -1
2021-04-10 01:06:38,924 [pool-479-thread-1] INFO  segmented.SegmentedRaftLogWorker (SegmentedRaftLogWorker.java:lambda$new$0(133)) - 0920b5d4-01a1-4269-bba6-0e5df288504f@group-0760CCC17729-SegmentedRaftLogWorker: safeCacheEvictIndex: setUnconditionally 0 -> -1
2021-04-10 01:06:38,927 [pool-479-thread-1] INFO  server.RaftServerConfigKeys (ConfUtils.java:logGet(44)) - raft.server.snapshot.auto.trigger.enabled = true (custom)
2021-04-10 01:06:38,927 [pool-479-thread-1] INFO  server.RaftServerConfigKeys (ConfUtils.java:logGet(44)) - raft.server.snapshot.auto.trigger.threshold = 10000 (custom)
2021-04-10 01:06:38,928 [pool-479-thread-1] INFO  server.RaftServerConfigKeys (ConfUtils.java:logGet(44)) - raft.server.snapshot.retention.file.num = 5 (custom)
2021-04-10 01:06:38,928 [pool-479-thread-1] INFO  server.RaftServerConfigKeys (ConfUtils.java:logGet(44)) - raft.server.log.purge.upto.snapshot.index = false (default)
2021-04-10 01:06:38,928 [pool-479-thread-1] INFO  server.RaftServerConfigKeys (ConfUtils.java:logGet(44)) - raft.server.retrycache.expirytime = 600000ms (custom)
2021-04-10 01:06:38,928 [pool-479-thread-1] INFO  server.RaftServerConfigKeys (ConfUtils.java:logGet(44)) - raft.server.retrycache.statistics.expirytime = 100?s (default)
2021-04-10 01:06:38,928 [pool-479-thread-1] INFO  metrics.RatisMetrics (RatisMetrics.java:lambda$create$0(36)) - Creating Metrics Registry : ratis.leader_election.0920b5d4-01a1-4269-bba6-0e5df288504f@group-0760CCC17729
2021-04-10 01:06:38,929 [pool-479-thread-1] INFO  metrics.RatisMetrics (RatisMetrics.java:lambda$create$0(36)) - Creating Metrics Registry : ratis.server.0920b5d4-01a1-4269-bba6-0e5df288504f@group-0760CCC17729
2021-04-10 01:06:38,930 [pool-479-thread-1] INFO  server.RaftServer$Division (RaftServerImpl.java:start(295)) - 0920b5d4-01a1-4269-bba6-0e5df288504f@group-0760CCC17729: start as a follower, conf=-1: [a42fb17c-ab54-48f0-b04c-859eb28781e5|rpc:172.17.0.2:39951|priority:0, 0920b5d4-01a1-4269-bba6-0e5df288504f|rpc:172.17.0.2:40455|priority:1, 908f18a0-adb7-4061-877d-82f26c284a6d|rpc:172.17.0.2:38461|priority:0], old=null
2021-04-10 01:06:38,930 [pool-479-thread-1] INFO  server.RaftServer$Division (RaftServerImpl.java:setRole(284)) - 0920b5d4-01a1-4269-bba6-0e5df288504f@group-0760CCC17729: changes role from      null to FOLLOWER at term 0 for startAsFollower
2021-04-10 01:06:38,930 [pool-479-thread-1] INFO  impl.RoleInfo (RoleInfo.java:updateAndGet(130)) - 0920b5d4-01a1-4269-bba6-0e5df288504f: start 0920b5d4-01a1-4269-bba6-0e5df288504f@group-0760CCC17729-FollowerState
2021-04-10 01:06:38,931 [pool-479-thread-1] INFO  util.JmxRegister (JmxRegister.java:tryRegister(44)) - Successfully registered JMX Bean with object name Ratis:service=RaftServer,group=group-0760CCC17729,id=0920b5d4-01a1-4269-bba6-0e5df288504f
2021-04-10 01:06:38,931 [pool-479-thread-1] INFO  metrics.RatisMetrics (RatisMetrics.java:lambda$create$0(36)) - Creating Metrics Registry : ratis.state_machine.0920b5d4-01a1-4269-bba6-0e5df288504f@group-0760CCC17729
2021-04-10 01:06:38,932 [Command processor thread] INFO  ratis.XceiverServerRatis (XceiverServerRatis.java:addGroup(808)) - Created group PipelineID=a5fb9b2c-8784-43e5-a193-0760ccc17729
2021-04-10 01:06:38,933 [Command processor thread] INFO  metrics.RatisMetrics (RatisMetrics.java:lambda$create$0(36)) - Creating Metrics Registry : ratis.client_message_metrics.client-691301058D18->908f18a0-adb7-4061-877d-82f26c284a6d
2021-04-10 01:06:38,938 [grpc-default-executor-3] INFO  metrics.RatisMetrics (RatisMetrics.java:lambda$create$0(36)) - Creating Metrics Registry : ratis.server_message_metrics.908f18a0-adb7-4061-877d-82f26c284a6d
2021-04-10 01:06:38,940 [grpc-default-executor-3] INFO  server.RaftServer (RaftServerProxy.java:addNew(95)) - 908f18a0-adb7-4061-877d-82f26c284a6d: addNew group-0760CCC17729:[a42fb17c-ab54-48f0-b04c-859eb28781e5|rpc:172.17.0.2:39951|dataStream:|priority:0, 0920b5d4-01a1-4269-bba6-0e5df288504f|rpc:172.17.0.2:40455|dataStream:|priority:1, 908f18a0-adb7-4061-877d-82f26c284a6d|rpc:172.17.0.2:38461|dataStream:|priority:0] returns group-0760CCC17729:java.util.concurrent.CompletableFuture@15beb589[Not completed]
2021-04-10 01:06:38,941 [pool-495-thread-1] INFO  server.RaftServer$Division (RaftServerImpl.java:<init>(180)) - 908f18a0-adb7-4061-877d-82f26c284a6d: new RaftServerImpl for group-0760CCC17729:[a42fb17c-ab54-48f0-b04c-859eb28781e5|rpc:172.17.0.2:39951|dataStream:|priority:0, 0920b5d4-01a1-4269-bba6-0e5df288504f|rpc:172.17.0.2:40455|dataStream:|priority:1, 908f18a0-adb7-4061-877d-82f26c284a6d|rpc:172.17.0.2:38461|dataStream:|priority:0] with ContainerStateMachine:uninitialized
2021-04-10 01:06:38,941 [pool-495-thread-1] INFO  server.RaftServerConfigKeys (ConfUtils.java:logGet(44)) - raft.server.rpc.timeout.min = 5s (custom)
2021-04-10 01:06:38,941 [pool-495-thread-1] INFO  server.RaftServerConfigKeys (ConfUtils.java:logGet(44)) - raft.server.rpc.timeout.max = 5200ms (custom)
2021-04-10 01:06:38,941 [pool-495-thread-1] INFO  server.RaftServerConfigKeys (ConfUtils.java:logGet(44)) - raft.server.rpc.sleep.time = 25ms (default)
2021-04-10 01:06:38,942 [pool-495-thread-1] INFO  server.RaftServerConfigKeys (ConfUtils.java:logGet(44)) - raft.server.rpc.slowness.timeout = 300000ms (custom)
2021-04-10 01:06:38,942 [pool-495-thread-1] INFO  server.RaftServerConfigKeys (ConfUtils.java:logGet(44)) - raft.server.leaderelection.leader.step-down.wait-time = 10s (default)
2021-04-10 01:06:38,942 [pool-495-thread-1] INFO  server.RaftServerConfigKeys (ConfUtils.java:logGet(44)) - raft.server.sleep.deviation.threshold = 300ms (default)
2021-04-10 01:06:38,942 [pool-495-thread-1] INFO  server.RaftServerConfigKeys (ConfUtils.java:logGet(44)) - raft.server.log.appender.install.snapshot.enabled = false (custom)
2021-04-10 01:06:38,942 [pool-495-thread-1] INFO  server.RaftServer$Division (ServerState.java:<init>(105)) - 908f18a0-adb7-4061-877d-82f26c284a6d@group-0760CCC17729: ConfigurationManager, init=-1: [a42fb17c-ab54-48f0-b04c-859eb28781e5|rpc:172.17.0.2:39951|dataStream:|priority:0, 0920b5d4-01a1-4269-bba6-0e5df288504f|rpc:172.17.0.2:40455|dataStream:|priority:1, 908f18a0-adb7-4061-877d-82f26c284a6d|rpc:172.17.0.2:38461|dataStream:|priority:0], old=null, confs=<EMPTY_MAP>
2021-04-10 01:06:38,942 [pool-495-thread-1] INFO  server.RaftServerConfigKeys (ConfUtils.java:logGet(44)) - raft.server.storage.dir = [/github/workspace/mnt/ozone/hadoop-ozone/integration-test/target/test-dir/MiniOzoneClusterImpl-da946c58-7c29-4448-876e-997be65f487e/datanode-4/data/ratis] (custom)
2021-04-10 01:06:38,942 [pool-495-thread-1] INFO  server.RaftServerConfigKeys (ConfUtils.java:logGet(44)) - raft.server.log.corruption.policy = EXCEPTION (default)
2021-04-10 01:06:38,943 [pool-495-thread-1] INFO  storage.RaftStorageDirectory (RaftStorageDirectoryImpl.java:analyzeStorage(132)) - The storage directory /github/workspace/mnt/ozone/hadoop-ozone/integration-test/target/test-dir/MiniOzoneClusterImpl-da946c58-7c29-4448-876e-997be65f487e/datanode-4/data/ratis/a5fb9b2c-8784-43e5-a193-0760ccc17729 does not exist. Creating ...
2021-04-10 01:06:38,945 [pool-495-thread-1] INFO  storage.RaftStorageDirectory (RaftStorageDirectoryImpl.java:tryLock(215)) - Lock on /github/workspace/mnt/ozone/hadoop-ozone/integration-test/target/test-dir/MiniOzoneClusterImpl-da946c58-7c29-4448-876e-997be65f487e/datanode-4/data/ratis/a5fb9b2c-8784-43e5-a193-0760ccc17729/in_use.lock acquired by nodename 5497@eab485fc2478
2021-04-10 01:06:38,947 [pool-495-thread-1] INFO  storage.RaftStorage (RaftStorageImpl.java:format(87)) - Storage directory /github/workspace/mnt/ozone/hadoop-ozone/integration-test/target/test-dir/MiniOzoneClusterImpl-da946c58-7c29-4448-876e-997be65f487e/datanode-4/data/ratis/a5fb9b2c-8784-43e5-a193-0760ccc17729 has been successfully formatted.
2021-04-10 01:06:38,948 [pool-495-thread-1] INFO  ratis.ContainerStateMachine (ContainerStateMachine.java:loadSnapshot(224)) - group-0760CCC17729: The snapshot info is null. Setting the last applied indexto:(t:0, i:~)
2021-04-10 01:06:38,948 [pool-495-thread-1] INFO  server.RaftServerConfigKeys (ConfUtils.java:logGet(44)) - raft.server.notification.no-leader.timeout = 300000ms (custom)
2021-04-10 01:06:38,949 [pool-495-thread-1] INFO  server.RaftServerConfigKeys (ConfUtils.java:logGet(44)) - raft.server.log.use.memory = false (default)
2021-04-10 01:06:38,949 [EventQueue-PipelineReportForOneReplicaPipelineSafeModeRule] INFO  safemode.SCMSafeModeManager (SCMSafeModeManager.java:validateSafeModeExitRules(201)) - AtleastOneDatanodeReportedRule rule is successfully validated
2021-04-10 01:06:38,949 [pool-495-thread-1] INFO  server.RaftServerConfigKeys (ConfUtils.java:logGet(44)) - raft.server.log.purge.gap = 1000000 (custom)
2021-04-10 01:06:38,949 [pool-495-thread-1] INFO  server.RaftServerConfigKeys (ConfUtils.java:logGet(44)) - raft.server.log.appender.buffer.byte-limit = 33554432 (custom)
2021-04-10 01:06:38,949 [pool-495-thread-1] INFO  metrics.RatisMetrics (RatisMetrics.java:lambda$create$0(36)) - Creating Metrics Registry : ratis.log_worker.908f18a0-adb7-4061-877d-82f26c284a6d@group-0760CCC17729
2021-04-10 01:06:38,949 [pool-495-thread-1] INFO  server.RaftServerConfigKeys (ConfUtils.java:logGet(44)) - raft.server.log.segment.size.max = 1048576 (custom)
2021-04-10 01:06:38,950 [pool-495-thread-1] INFO  server.RaftServerConfigKeys (ConfUtils.java:logGet(44)) - raft.server.log.segment.cache.num.max = 2 (custom)
2021-04-10 01:06:38,950 [pool-495-thread-1] INFO  server.RaftServerConfigKeys (ConfUtils.java:logGet(44)) - raft.server.log.segment.cache.size.max = 200MB (=209715200) (default)
2021-04-10 01:06:38,950 [pool-495-thread-1] INFO  segmented.SegmentedRaftLogWorker (SegmentedRaftLogWorker.java:<init>(182)) - new 908f18a0-adb7-4061-877d-82f26c284a6d@group-0760CCC17729-SegmentedRaftLogWorker for RaftStorageImpl:Storage Directory /github/workspace/mnt/ozone/hadoop-ozone/integration-test/target/test-dir/MiniOzoneClusterImpl-da946c58-7c29-4448-876e-997be65f487e/datanode-4/data/ratis/a5fb9b2c-8784-43e5-a193-0760ccc17729
2021-04-10 01:06:38,950 [pool-495-thread-1] INFO  server.RaftServerConfigKeys (ConfUtils.java:logGet(44)) - raft.server.log.queue.byte-limit = 2147483647 (custom)
2021-04-10 01:06:38,951 [pool-495-thread-1] INFO  server.RaftServerConfigKeys (ConfUtils.java:logGet(44)) - raft.server.log.queue.element-limit = 1024 (custom)
2021-04-10 01:06:38,951 [pool-495-thread-1] INFO  server.RaftServerConfigKeys (ConfUtils.java:logGet(44)) - raft.server.log.segment.size.max = 1048576 (custom)
2021-04-10 01:06:38,951 [pool-495-thread-1] INFO  server.RaftServerConfigKeys (ConfUtils.java:logGet(44)) - raft.server.log.preallocated.size = 16384 (custom)
2021-04-10 01:06:38,951 [pool-495-thread-1] INFO  server.RaftServerConfigKeys (ConfUtils.java:logGet(44)) - raft.server.log.force.sync.num = 128 (default)
2021-04-10 01:06:38,951 [pool-495-thread-1] INFO  server.RaftServerConfigKeys (ConfUtils.java:logGet(44)) - raft.server.log.statemachine.data.sync = true (default)
2021-04-10 01:06:38,951 [pool-495-thread-1] INFO  server.RaftServerConfigKeys (ConfUtils.java:logGet(44)) - raft.server.log.statemachine.data.sync.timeout = 10s (default)
2021-04-10 01:06:38,951 [pool-495-thread-1] INFO  server.RaftServerConfigKeys (ConfUtils.java:logGet(44)) - raft.server.log.statemachine.data.sync.timeout.retry = -1 (default)
2021-04-10 01:06:38,953 [pool-495-thread-1] INFO  server.RaftServerConfigKeys (ConfUtils.java:logGet(44)) - raft.server.log.write.buffer.size = 1048576 (custom)
2021-04-10 01:06:38,953 [pool-495-thread-1] INFO  server.RaftServerConfigKeys (ConfUtils.java:logGet(44)) - raft.server.log.statemachine.data.caching.enabled = true (custom)
2021-04-10 01:06:38,954 [pool-495-thread-1] INFO  segmented.SegmentedRaftLogWorker (SegmentedRaftLogWorker.java:lambda$new$0(133)) - 908f18a0-adb7-4061-877d-82f26c284a6d@group-0760CCC17729-SegmentedRaftLogWorker: flushIndex: setUnconditionally 0 -> -1
2021-04-10 01:06:38,954 [pool-495-thread-1] INFO  segmented.SegmentedRaftLogWorker (SegmentedRaftLogWorker.java:lambda$new$0(133)) - 908f18a0-adb7-4061-877d-82f26c284a6d@group-0760CCC17729-SegmentedRaftLogWorker: safeCacheEvictIndex: setUnconditionally 0 -> -1
2021-04-10 01:06:38,955 [pool-495-thread-1] INFO  server.RaftServerConfigKeys (ConfUtils.java:logGet(44)) - raft.server.snapshot.auto.trigger.enabled = true (custom)
2021-04-10 01:06:38,955 [pool-495-thread-1] INFO  server.RaftServerConfigKeys (ConfUtils.java:logGet(44)) - raft.server.snapshot.auto.trigger.threshold = 10000 (custom)
2021-04-10 01:06:38,955 [pool-495-thread-1] INFO  server.RaftServerConfigKeys (ConfUtils.java:logGet(44)) - raft.server.snapshot.retention.file.num = 5 (custom)
2021-04-10 01:06:38,955 [pool-495-thread-1] INFO  server.RaftServerConfigKeys (ConfUtils.java:logGet(44)) - raft.server.log.purge.upto.snapshot.index = false (default)
2021-04-10 01:06:38,956 [pool-495-thread-1] INFO  server.RaftServerConfigKeys (ConfUtils.java:logGet(44)) - raft.server.retrycache.expirytime = 600000ms (custom)
2021-04-10 01:06:38,956 [pool-495-thread-1] INFO  server.RaftServerConfigKeys (ConfUtils.java:logGet(44)) - raft.server.retrycache.statistics.expirytime = 100?s (default)
2021-04-10 01:06:38,956 [pool-495-thread-1] INFO  metrics.RatisMetrics (RatisMetrics.java:lambda$create$0(36)) - Creating Metrics Registry : ratis.leader_election.908f18a0-adb7-4061-877d-82f26c284a6d@group-0760CCC17729
2021-04-10 01:06:38,956 [pool-495-thread-1] INFO  metrics.RatisMetrics (RatisMetrics.java:lambda$create$0(36)) - Creating Metrics Registry : ratis.server.908f18a0-adb7-4061-877d-82f26c284a6d@group-0760CCC17729
2021-04-10 01:06:38,958 [pool-495-thread-1] INFO  server.RaftServer$Division (RaftServerImpl.java:start(295)) - 908f18a0-adb7-4061-877d-82f26c284a6d@group-0760CCC17729: start as a follower, conf=-1: [a42fb17c-ab54-48f0-b04c-859eb28781e5|rpc:172.17.0.2:39951|dataStream:|priority:0, 0920b5d4-01a1-4269-bba6-0e5df288504f|rpc:172.17.0.2:40455|dataStream:|priority:1, 908f18a0-adb7-4061-877d-82f26c284a6d|rpc:172.17.0.2:38461|dataStream:|priority:0], old=null
2021-04-10 01:06:38,958 [pool-495-thread-1] INFO  server.RaftServer$Division (RaftServerImpl.java:setRole(284)) - 908f18a0-adb7-4061-877d-82f26c284a6d@group-0760CCC17729: changes role from      null to FOLLOWER at term 0 for startAsFollower
2021-04-10 01:06:38,958 [pool-495-thread-1] INFO  impl.RoleInfo (RoleInfo.java:updateAndGet(130)) - 908f18a0-adb7-4061-877d-82f26c284a6d: start 908f18a0-adb7-4061-877d-82f26c284a6d@group-0760CCC17729-FollowerState
2021-04-10 01:06:38,958 [pool-495-thread-1] INFO  util.JmxRegister (JmxRegister.java:tryRegister(44)) - Successfully registered JMX Bean with object name Ratis:service=RaftServer,group=group-0760CCC17729,id=908f18a0-adb7-4061-877d-82f26c284a6d
2021-04-10 01:06:38,958 [pool-495-thread-1] INFO  metrics.RatisMetrics (RatisMetrics.java:lambda$create$0(36)) - Creating Metrics Registry : ratis.state_machine.908f18a0-adb7-4061-877d-82f26c284a6d@group-0760CCC17729
2021-04-10 01:06:38,964 [Command processor thread] INFO  metrics.RatisMetrics (RatisMetrics.java:lambda$create$0(36)) - Creating Metrics Registry : ratis.client_message_metrics.client-066DC0260C13->a42fb17c-ab54-48f0-b04c-859eb28781e5
2021-04-10 01:06:38,969 [grpc-default-executor-3] INFO  metrics.RatisMetrics (RatisMetrics.java:lambda$create$0(36)) - Creating Metrics Registry : ratis.server_message_metrics.a42fb17c-ab54-48f0-b04c-859eb28781e5
2021-04-10 01:06:38,970 [grpc-default-executor-3] INFO  server.RaftServer (RaftServerProxy.java:addNew(95)) - a42fb17c-ab54-48f0-b04c-859eb28781e5: addNew group-0760CCC17729:[a42fb17c-ab54-48f0-b04c-859eb28781e5|rpc:172.17.0.2:39951|dataStream:|priority:0, 0920b5d4-01a1-4269-bba6-0e5df288504f|rpc:172.17.0.2:40455|dataStream:|priority:1, 908f18a0-adb7-4061-877d-82f26c284a6d|rpc:172.17.0.2:38461|dataStream:|priority:0] returns group-0760CCC17729:java.util.concurrent.CompletableFuture@5e823727[Not completed]
2021-04-10 01:06:38,971 [pool-511-thread-1] INFO  server.RaftServer$Division (RaftServerImpl.java:<init>(180)) - a42fb17c-ab54-48f0-b04c-859eb28781e5: new RaftServerImpl for group-0760CCC17729:[a42fb17c-ab54-48f0-b04c-859eb28781e5|rpc:172.17.0.2:39951|dataStream:|priority:0, 0920b5d4-01a1-4269-bba6-0e5df288504f|rpc:172.17.0.2:40455|dataStream:|priority:1, 908f18a0-adb7-4061-877d-82f26c284a6d|rpc:172.17.0.2:38461|dataStream:|priority:0] with ContainerStateMachine:uninitialized
2021-04-10 01:06:38,971 [pool-511-thread-1] INFO  server.RaftServerConfigKeys (ConfUtils.java:logGet(44)) - raft.server.rpc.timeout.min = 5s (custom)
2021-04-10 01:06:38,971 [pool-511-thread-1] INFO  server.RaftServerConfigKeys (ConfUtils.java:logGet(44)) - raft.server.rpc.timeout.max = 5200ms (custom)
2021-04-10 01:06:38,971 [pool-511-thread-1] INFO  server.RaftServerConfigKeys (ConfUtils.java:logGet(44)) - raft.server.rpc.sleep.time = 25ms (default)
2021-04-10 01:06:38,971 [pool-511-thread-1] INFO  server.RaftServerConfigKeys (ConfUtils.java:logGet(44)) - raft.server.rpc.slowness.timeout = 300000ms (custom)
2021-04-10 01:06:38,971 [pool-511-thread-1] INFO  server.RaftServerConfigKeys (ConfUtils.java:logGet(44)) - raft.server.leaderelection.leader.step-down.wait-time = 10s (default)
2021-04-10 01:06:38,971 [pool-511-thread-1] INFO  server.RaftServerConfigKeys (ConfUtils.java:logGet(44)) - raft.server.sleep.deviation.threshold = 300ms (default)
2021-04-10 01:06:38,972 [pool-511-thread-1] INFO  server.RaftServerConfigKeys (ConfUtils.java:logGet(44)) - raft.server.log.appender.install.snapshot.enabled = false (custom)
2021-04-10 01:06:38,972 [pool-511-thread-1] INFO  server.RaftServer$Division (ServerState.java:<init>(105)) - a42fb17c-ab54-48f0-b04c-859eb28781e5@group-0760CCC17729: ConfigurationManager, init=-1: [a42fb17c-ab54-48f0-b04c-859eb28781e5|rpc:172.17.0.2:39951|dataStream:|priority:0, 0920b5d4-01a1-4269-bba6-0e5df288504f|rpc:172.17.0.2:40455|dataStream:|priority:1, 908f18a0-adb7-4061-877d-82f26c284a6d|rpc:172.17.0.2:38461|dataStream:|priority:0], old=null, confs=<EMPTY_MAP>
2021-04-10 01:06:38,972 [pool-511-thread-1] INFO  server.RaftServerConfigKeys (ConfUtils.java:logGet(44)) - raft.server.storage.dir = [/github/workspace/mnt/ozone/hadoop-ozone/integration-test/target/test-dir/MiniOzoneClusterImpl-da946c58-7c29-4448-876e-997be65f487e/datanode-5/data/ratis] (custom)
2021-04-10 01:06:38,972 [pool-511-thread-1] INFO  server.RaftServerConfigKeys (ConfUtils.java:logGet(44)) - raft.server.log.corruption.policy = EXCEPTION (default)
2021-04-10 01:06:38,972 [pool-511-thread-1] INFO  storage.RaftStorageDirectory (RaftStorageDirectoryImpl.java:analyzeStorage(132)) - The storage directory /github/workspace/mnt/ozone/hadoop-ozone/integration-test/target/test-dir/MiniOzoneClusterImpl-da946c58-7c29-4448-876e-997be65f487e/datanode-5/data/ratis/a5fb9b2c-8784-43e5-a193-0760ccc17729 does not exist. Creating ...
2021-04-10 01:06:38,973 [pool-511-thread-1] INFO  storage.RaftStorageDirectory (RaftStorageDirectoryImpl.java:tryLock(215)) - Lock on /github/workspace/mnt/ozone/hadoop-ozone/integration-test/target/test-dir/MiniOzoneClusterImpl-da946c58-7c29-4448-876e-997be65f487e/datanode-5/data/ratis/a5fb9b2c-8784-43e5-a193-0760ccc17729/in_use.lock acquired by nodename 5497@eab485fc2478
2021-04-10 01:06:38,975 [pool-511-thread-1] INFO  storage.RaftStorage (RaftStorageImpl.java:format(87)) - Storage directory /github/workspace/mnt/ozone/hadoop-ozone/integration-test/target/test-dir/MiniOzoneClusterImpl-da946c58-7c29-4448-876e-997be65f487e/datanode-5/data/ratis/a5fb9b2c-8784-43e5-a193-0760ccc17729 has been successfully formatted.
2021-04-10 01:06:38,975 [pool-511-thread-1] INFO  ratis.ContainerStateMachine (ContainerStateMachine.java:loadSnapshot(224)) - group-0760CCC17729: The snapshot info is null. Setting the last applied indexto:(t:0, i:~)
2021-04-10 01:06:38,976 [pool-511-thread-1] INFO  server.RaftServerConfigKeys (ConfUtils.java:logGet(44)) - raft.server.notification.no-leader.timeout = 300000ms (custom)
2021-04-10 01:06:38,977 [pool-511-thread-1] INFO  server.RaftServerConfigKeys (ConfUtils.java:logGet(44)) - raft.server.log.use.memory = false (default)
2021-04-10 01:06:38,976 [EventQueue-PipelineReportForOneReplicaPipelineSafeModeRule] INFO  safemode.SCMSafeModeManager (SCMSafeModeManager.java:validateSafeModeExitRules(201)) - AtleastOneDatanodeReportedRule rule is successfully validated
2021-04-10 01:06:38,977 [pool-511-thread-1] INFO  server.RaftServerConfigKeys (ConfUtils.java:logGet(44)) - raft.server.log.purge.gap = 1000000 (custom)
2021-04-10 01:06:38,977 [pool-511-thread-1] INFO  server.RaftServerConfigKeys (ConfUtils.java:logGet(44)) - raft.server.log.appender.buffer.byte-limit = 33554432 (custom)
2021-04-10 01:06:38,977 [pool-511-thread-1] INFO  metrics.RatisMetrics (RatisMetrics.java:lambda$create$0(36)) - Creating Metrics Registry : ratis.log_worker.a42fb17c-ab54-48f0-b04c-859eb28781e5@group-0760CCC17729
2021-04-10 01:06:38,977 [pool-511-thread-1] INFO  server.RaftServerConfigKeys (ConfUtils.java:logGet(44)) - raft.server.log.segment.size.max = 1048576 (custom)
2021-04-10 01:06:38,978 [pool-511-thread-1] INFO  server.RaftServerConfigKeys (ConfUtils.java:logGet(44)) - raft.server.log.segment.cache.num.max = 2 (custom)
2021-04-10 01:06:38,978 [pool-511-thread-1] INFO  server.RaftServerConfigKeys (ConfUtils.java:logGet(44)) - raft.server.log.segment.cache.size.max = 200MB (=209715200) (default)
2021-04-10 01:06:38,978 [pool-511-thread-1] INFO  segmented.SegmentedRaftLogWorker (SegmentedRaftLogWorker.java:<init>(182)) - new a42fb17c-ab54-48f0-b04c-859eb28781e5@group-0760CCC17729-SegmentedRaftLogWorker for RaftStorageImpl:Storage Directory /github/workspace/mnt/ozone/hadoop-ozone/integration-test/target/test-dir/MiniOzoneClusterImpl-da946c58-7c29-4448-876e-997be65f487e/datanode-5/data/ratis/a5fb9b2c-8784-43e5-a193-0760ccc17729
2021-04-10 01:06:38,978 [pool-511-thread-1] INFO  server.RaftServerConfigKeys (ConfUtils.java:logGet(44)) - raft.server.log.queue.byte-limit = 2147483647 (custom)
2021-04-10 01:06:38,978 [pool-511-thread-1] INFO  server.RaftServerConfigKeys (ConfUtils.java:logGet(44)) - raft.server.log.queue.element-limit = 1024 (custom)
2021-04-10 01:06:38,978 [pool-511-thread-1] INFO  server.RaftServerConfigKeys (ConfUtils.java:logGet(44)) - raft.server.log.segment.size.max = 1048576 (custom)
2021-04-10 01:06:38,978 [pool-511-thread-1] INFO  server.RaftServerConfigKeys (ConfUtils.java:logGet(44)) - raft.server.log.preallocated.size = 16384 (custom)
2021-04-10 01:06:38,978 [pool-511-thread-1] INFO  server.RaftServerConfigKeys (ConfUtils.java:logGet(44)) - raft.server.log.force.sync.num = 128 (default)
2021-04-10 01:06:38,978 [pool-511-thread-1] INFO  server.RaftServerConfigKeys (ConfUtils.java:logGet(44)) - raft.server.log.statemachine.data.sync = true (default)
2021-04-10 01:06:38,978 [pool-511-thread-1] INFO  server.RaftServerConfigKeys (ConfUtils.java:logGet(44)) - raft.server.log.statemachine.data.sync.timeout = 10s (default)
2021-04-10 01:06:38,979 [pool-511-thread-1] INFO  server.RaftServerConfigKeys (ConfUtils.java:logGet(44)) - raft.server.log.statemachine.data.sync.timeout.retry = -1 (default)
2021-04-10 01:06:38,980 [pool-511-thread-1] INFO  server.RaftServerConfigKeys (ConfUtils.java:logGet(44)) - raft.server.log.write.buffer.size = 1048576 (custom)
2021-04-10 01:06:38,981 [pool-511-thread-1] INFO  server.RaftServerConfigKeys (ConfUtils.java:logGet(44)) - raft.server.log.statemachine.data.caching.enabled = true (custom)
2021-04-10 01:06:38,981 [pool-511-thread-1] INFO  segmented.SegmentedRaftLogWorker (SegmentedRaftLogWorker.java:lambda$new$0(133)) - a42fb17c-ab54-48f0-b04c-859eb28781e5@group-0760CCC17729-SegmentedRaftLogWorker: flushIndex: setUnconditionally 0 -> -1
2021-04-10 01:06:38,981 [pool-511-thread-1] INFO  segmented.SegmentedRaftLogWorker (SegmentedRaftLogWorker.java:lambda$new$0(133)) - a42fb17c-ab54-48f0-b04c-859eb28781e5@group-0760CCC17729-SegmentedRaftLogWorker: safeCacheEvictIndex: setUnconditionally 0 -> -1
2021-04-10 01:06:38,981 [pool-511-thread-1] INFO  server.RaftServerConfigKeys (ConfUtils.java:logGet(44)) - raft.server.snapshot.auto.trigger.enabled = true (custom)
2021-04-10 01:06:38,981 [pool-511-thread-1] INFO  server.RaftServerConfigKeys (ConfUtils.java:logGet(44)) - raft.server.snapshot.auto.trigger.threshold = 10000 (custom)
2021-04-10 01:06:38,981 [pool-511-thread-1] INFO  server.RaftServerConfigKeys (ConfUtils.java:logGet(44)) - raft.server.snapshot.retention.file.num = 5 (custom)
2021-04-10 01:06:38,981 [pool-511-thread-1] INFO  server.RaftServerConfigKeys (ConfUtils.java:logGet(44)) - raft.server.log.purge.upto.snapshot.index = false (default)
2021-04-10 01:06:38,981 [pool-511-thread-1] INFO  server.RaftServerConfigKeys (ConfUtils.java:logGet(44)) - raft.server.retrycache.expirytime = 600000ms (custom)
2021-04-10 01:06:38,982 [pool-511-thread-1] INFO  server.RaftServerConfigKeys (ConfUtils.java:logGet(44)) - raft.server.retrycache.statistics.expirytime = 100?s (default)
2021-04-10 01:06:38,982 [pool-511-thread-1] INFO  metrics.RatisMetrics (RatisMetrics.java:lambda$create$0(36)) - Creating Metrics Registry : ratis.leader_election.a42fb17c-ab54-48f0-b04c-859eb28781e5@group-0760CCC17729
2021-04-10 01:06:38,982 [pool-511-thread-1] INFO  metrics.RatisMetrics (RatisMetrics.java:lambda$create$0(36)) - Creating Metrics Registry : ratis.server.a42fb17c-ab54-48f0-b04c-859eb28781e5@group-0760CCC17729
2021-04-10 01:06:38,984 [pool-511-thread-1] INFO  server.RaftServer$Division (RaftServerImpl.java:start(295)) - a42fb17c-ab54-48f0-b04c-859eb28781e5@group-0760CCC17729: start as a follower, conf=-1: [a42fb17c-ab54-48f0-b04c-859eb28781e5|rpc:172.17.0.2:39951|dataStream:|priority:0, 0920b5d4-01a1-4269-bba6-0e5df288504f|rpc:172.17.0.2:40455|dataStream:|priority:1, 908f18a0-adb7-4061-877d-82f26c284a6d|rpc:172.17.0.2:38461|dataStream:|priority:0], old=null
2021-04-10 01:06:38,984 [pool-511-thread-1] INFO  server.RaftServer$Division (RaftServerImpl.java:setRole(284)) - a42fb17c-ab54-48f0-b04c-859eb28781e5@group-0760CCC17729: changes role from      null to FOLLOWER at term 0 for startAsFollower
2021-04-10 01:06:38,984 [pool-511-thread-1] INFO  impl.RoleInfo (RoleInfo.java:updateAndGet(130)) - a42fb17c-ab54-48f0-b04c-859eb28781e5: start a42fb17c-ab54-48f0-b04c-859eb28781e5@group-0760CCC17729-FollowerState
2021-04-10 01:06:38,984 [pool-511-thread-1] INFO  util.JmxRegister (JmxRegister.java:tryRegister(44)) - Successfully registered JMX Bean with object name Ratis:service=RaftServer,group=group-0760CCC17729,id=a42fb17c-ab54-48f0-b04c-859eb28781e5
2021-04-10 01:06:38,984 [pool-511-thread-1] INFO  metrics.RatisMetrics (RatisMetrics.java:lambda$create$0(36)) - Creating Metrics Registry : ratis.state_machine.a42fb17c-ab54-48f0-b04c-859eb28781e5@group-0760CCC17729
2021-04-10 01:06:38,992 [Command processor thread] INFO  commandhandler.CreatePipelineCommandHandler (CreatePipelineCommandHandler.java:handle(106)) - Created Pipeline RATIS THREE PipelineID=a5fb9b2c-8784-43e5-a193-0760ccc17729.
2021-04-10 01:06:39,080 [Listener at 127.0.0.1/35629] INFO  ozone.MiniOzoneClusterImpl (MiniOzoneClusterImpl.java:lambda$waitForClusterToBeReady$0(222)) - Nodes are ready. Got 9 of 9 DN Heartbeats.
2021-04-10 01:06:39,080 [Listener at 127.0.0.1/35629] INFO  ozone.MiniOzoneClusterImpl (MiniOzoneClusterImpl.java:lambda$waitForClusterToBeReady$0(225)) - Waiting for cluster to exit safe mode
2021-04-10 01:06:39,080 [Listener at 127.0.0.1/35629] INFO  ozone.MiniOzoneClusterImpl (MiniOzoneClusterImpl.java:lambda$waitForClusterToBeReady$0(228)) - SCM became leader
2021-04-10 01:06:39,134 [Command processor thread] INFO  server.RaftServer (RaftServerProxy.java:addNew(95)) - 908f18a0-adb7-4061-877d-82f26c284a6d: addNew group-BE40A02A58A0:[908f18a0-adb7-4061-877d-82f26c284a6d|rpc:172.17.0.2:38461|priority:1] returns group-BE40A02A58A0:java.util.concurrent.CompletableFuture@2a9d43d3[Not completed]
2021-04-10 01:06:39,134 [pool-495-thread-1] INFO  server.RaftServer$Division (RaftServerImpl.java:<init>(180)) - 908f18a0-adb7-4061-877d-82f26c284a6d: new RaftServerImpl for group-BE40A02A58A0:[908f18a0-adb7-4061-877d-82f26c284a6d|rpc:172.17.0.2:38461|priority:1] with ContainerStateMachine:uninitialized
2021-04-10 01:06:39,134 [pool-495-thread-1] INFO  server.RaftServerConfigKeys (ConfUtils.java:logGet(44)) - raft.server.rpc.timeout.min = 5s (custom)
2021-04-10 01:06:39,135 [pool-495-thread-1] INFO  server.RaftServerConfigKeys (ConfUtils.java:logGet(44)) - raft.server.rpc.timeout.max = 5200ms (custom)
2021-04-10 01:06:39,135 [pool-495-thread-1] INFO  server.RaftServerConfigKeys (ConfUtils.java:logGet(44)) - raft.server.rpc.sleep.time = 25ms (default)
2021-04-10 01:06:39,135 [pool-495-thread-1] INFO  server.RaftServerConfigKeys (ConfUtils.java:logGet(44)) - raft.server.rpc.slowness.timeout = 300000ms (custom)
2021-04-10 01:06:39,135 [pool-495-thread-1] INFO  server.RaftServerConfigKeys (ConfUtils.java:logGet(44)) - raft.server.leaderelection.leader.step-down.wait-time = 10s (default)
2021-04-10 01:06:39,135 [pool-495-thread-1] INFO  server.RaftServerConfigKeys (ConfUtils.java:logGet(44)) - raft.server.sleep.deviation.threshold = 300ms (default)
2021-04-10 01:06:39,135 [pool-495-thread-1] INFO  server.RaftServerConfigKeys (ConfUtils.java:logGet(44)) - raft.server.log.appender.install.snapshot.enabled = false (custom)
2021-04-10 01:06:39,135 [pool-495-thread-1] INFO  server.RaftServer$Division (ServerState.java:<init>(105)) - 908f18a0-adb7-4061-877d-82f26c284a6d@group-BE40A02A58A0: ConfigurationManager, init=-1: [908f18a0-adb7-4061-877d-82f26c284a6d|rpc:172.17.0.2:38461|priority:1], old=null, confs=<EMPTY_MAP>
2021-04-10 01:06:39,135 [pool-495-thread-1] INFO  server.RaftServerConfigKeys (ConfUtils.java:logGet(44)) - raft.server.storage.dir = [/github/workspace/mnt/ozone/hadoop-ozone/integration-test/target/test-dir/MiniOzoneClusterImpl-da946c58-7c29-4448-876e-997be65f487e/datanode-4/data/ratis] (custom)
2021-04-10 01:06:39,135 [pool-495-thread-1] INFO  server.RaftServerConfigKeys (ConfUtils.java:logGet(44)) - raft.server.log.corruption.policy = EXCEPTION (default)
2021-04-10 01:06:39,135 [pool-495-thread-1] INFO  storage.RaftStorageDirectory (RaftStorageDirectoryImpl.java:analyzeStorage(132)) - The storage directory /github/workspace/mnt/ozone/hadoop-ozone/integration-test/target/test-dir/MiniOzoneClusterImpl-da946c58-7c29-4448-876e-997be65f487e/datanode-4/data/ratis/715bc283-0cb5-4de9-9094-be40a02a58a0 does not exist. Creating ...
2021-04-10 01:06:39,137 [pool-495-thread-1] INFO  storage.RaftStorageDirectory (RaftStorageDirectoryImpl.java:tryLock(215)) - Lock on /github/workspace/mnt/ozone/hadoop-ozone/integration-test/target/test-dir/MiniOzoneClusterImpl-da946c58-7c29-4448-876e-997be65f487e/datanode-4/data/ratis/715bc283-0cb5-4de9-9094-be40a02a58a0/in_use.lock acquired by nodename 5497@eab485fc2478
2021-04-10 01:06:39,138 [pool-495-thread-1] INFO  storage.RaftStorage (RaftStorageImpl.java:format(87)) - Storage directory /github/workspace/mnt/ozone/hadoop-ozone/integration-test/target/test-dir/MiniOzoneClusterImpl-da946c58-7c29-4448-876e-997be65f487e/datanode-4/data/ratis/715bc283-0cb5-4de9-9094-be40a02a58a0 has been successfully formatted.
2021-04-10 01:06:39,138 [pool-495-thread-1] INFO  ratis.ContainerStateMachine (ContainerStateMachine.java:loadSnapshot(224)) - group-BE40A02A58A0: The snapshot info is null. Setting the last applied indexto:(t:0, i:~)
2021-04-10 01:06:39,140 [EventQueue-PipelineReportForOneReplicaPipelineSafeModeRule] INFO  safemode.SCMSafeModeManager (SCMSafeModeManager.java:validateSafeModeExitRules(201)) - AtleastOneDatanodeReportedRule rule is successfully validated
2021-04-10 01:06:39,140 [pool-495-thread-1] INFO  server.RaftServerConfigKeys (ConfUtils.java:logGet(44)) - raft.server.notification.no-leader.timeout = 300000ms (custom)
2021-04-10 01:06:39,140 [EventQueue-PipelineReportForPipelineReportHandler] INFO  pipeline.PipelineManagerV2Impl (PipelineManagerV2Impl.java:openPipeline(263)) - Pipeline Pipeline[ Id: 715bc283-0cb5-4de9-9094-be40a02a58a0, Nodes: 908f18a0-adb7-4061-877d-82f26c284a6d{ip: 172.17.0.2, host: eab485fc2478, ports: [REPLICATION=33831, RATIS=38461, RATIS_ADMIN=38461, RATIS_SERVER=38461, STANDALONE=39825], networkLocation: /default-rack, certSerialId: null, persistedOpState: IN_SERVICE, persistedOpStateExpiryEpochSec: 0}, Type:RATIS, Factor:ONE, State:ALLOCATED, leaderId:908f18a0-adb7-4061-877d-82f26c284a6d, CreationTimestamp2021-04-10T01:06:36.135Z] moved to OPEN state
2021-04-10 01:06:39,140 [pool-495-thread-1] INFO  server.RaftServerConfigKeys (ConfUtils.java:logGet(44)) - raft.server.log.use.memory = false (default)
2021-04-10 01:06:39,141 [EventQueue-OpenPipelineForHealthyPipelineSafeModeRule] INFO  safemode.SCMSafeModeManager (HealthyPipelineSafeModeRule.java:process(128)) - SCM in safe mode. Healthy pipelines reported count is 0, required healthy pipeline reported count is 1
2021-04-10 01:06:39,141 [pool-495-thread-1] INFO  server.RaftServerConfigKeys (ConfUtils.java:logGet(44)) - raft.server.log.purge.gap = 1000000 (custom)
2021-04-10 01:06:39,141 [pool-495-thread-1] INFO  server.RaftServerConfigKeys (ConfUtils.java:logGet(44)) - raft.server.log.appender.buffer.byte-limit = 33554432 (custom)
2021-04-10 01:06:39,141 [pool-495-thread-1] INFO  metrics.RatisMetrics (RatisMetrics.java:lambda$create$0(36)) - Creating Metrics Registry : ratis.log_worker.908f18a0-adb7-4061-877d-82f26c284a6d@group-BE40A02A58A0
2021-04-10 01:06:39,142 [pool-495-thread-1] INFO  server.RaftServerConfigKeys (ConfUtils.java:logGet(44)) - raft.server.log.segment.size.max = 1048576 (custom)
2021-04-10 01:06:39,142 [pool-495-thread-1] INFO  server.RaftServerConfigKeys (ConfUtils.java:logGet(44)) - raft.server.log.segment.cache.num.max = 2 (custom)
2021-04-10 01:06:39,142 [pool-495-thread-1] INFO  server.RaftServerConfigKeys (ConfUtils.java:logGet(44)) - raft.server.log.segment.cache.size.max = 200MB (=209715200) (default)
2021-04-10 01:06:39,142 [pool-495-thread-1] INFO  segmented.SegmentedRaftLogWorker (SegmentedRaftLogWorker.java:<init>(182)) - new 908f18a0-adb7-4061-877d-82f26c284a6d@group-BE40A02A58A0-SegmentedRaftLogWorker for RaftStorageImpl:Storage Directory /github/workspace/mnt/ozone/hadoop-ozone/integration-test/target/test-dir/MiniOzoneClusterImpl-da946c58-7c29-4448-876e-997be65f487e/datanode-4/data/ratis/715bc283-0cb5-4de9-9094-be40a02a58a0
2021-04-10 01:06:39,142 [pool-495-thread-1] INFO  server.RaftServerConfigKeys (ConfUtils.java:logGet(44)) - raft.server.log.queue.byte-limit = 2147483647 (custom)
2021-04-10 01:06:39,143 [pool-495-thread-1] INFO  server.RaftServerConfigKeys (ConfUtils.java:logGet(44)) - raft.server.log.queue.element-limit = 1024 (custom)
2021-04-10 01:06:39,143 [pool-495-thread-1] INFO  server.RaftServerConfigKeys (ConfUtils.java:logGet(44)) - raft.server.log.segment.size.max = 1048576 (custom)
2021-04-10 01:06:39,143 [pool-495-thread-1] INFO  server.RaftServerConfigKeys (ConfUtils.java:logGet(44)) - raft.server.log.preallocated.size = 16384 (custom)
2021-04-10 01:06:39,143 [pool-495-thread-1] INFO  server.RaftServerConfigKeys (ConfUtils.java:logGet(44)) - raft.server.log.force.sync.num = 128 (default)
2021-04-10 01:06:39,143 [pool-495-thread-1] INFO  server.RaftServerConfigKeys (ConfUtils.java:logGet(44)) - raft.server.log.statemachine.data.sync = true (default)
2021-04-10 01:06:39,143 [pool-495-thread-1] INFO  server.RaftServerConfigKeys (ConfUtils.java:logGet(44)) - raft.server.log.statemachine.data.sync.timeout = 10s (default)
2021-04-10 01:06:39,143 [pool-495-thread-1] INFO  server.RaftServerConfigKeys (ConfUtils.java:logGet(44)) - raft.server.log.statemachine.data.sync.timeout.retry = -1 (default)
2021-04-10 01:06:39,144 [pool-495-thread-1] INFO  server.RaftServerConfigKeys (ConfUtils.java:logGet(44)) - raft.server.log.write.buffer.size = 1048576 (custom)
2021-04-10 01:06:39,145 [pool-495-thread-1] INFO  server.RaftServerConfigKeys (ConfUtils.java:logGet(44)) - raft.server.log.statemachine.data.caching.enabled = true (custom)
2021-04-10 01:06:39,146 [pool-495-thread-1] INFO  segmented.SegmentedRaftLogWorker (SegmentedRaftLogWorker.java:lambda$new$0(133)) - 908f18a0-adb7-4061-877d-82f26c284a6d@group-BE40A02A58A0-SegmentedRaftLogWorker: flushIndex: setUnconditionally 0 -> -1
2021-04-10 01:06:39,146 [pool-495-thread-1] INFO  segmented.SegmentedRaftLogWorker (SegmentedRaftLogWorker.java:lambda$new$0(133)) - 908f18a0-adb7-4061-877d-82f26c284a6d@group-BE40A02A58A0-SegmentedRaftLogWorker: safeCacheEvictIndex: setUnconditionally 0 -> -1
2021-04-10 01:06:39,148 [pool-495-thread-1] INFO  server.RaftServerConfigKeys (ConfUtils.java:logGet(44)) - raft.server.snapshot.auto.trigger.enabled = true (custom)
2021-04-10 01:06:39,148 [pool-495-thread-1] INFO  server.RaftServerConfigKeys (ConfUtils.java:logGet(44)) - raft.server.snapshot.auto.trigger.threshold = 10000 (custom)
2021-04-10 01:06:39,148 [pool-495-thread-1] INFO  server.RaftServerConfigKeys (ConfUtils.java:logGet(44)) - raft.server.snapshot.retention.file.num = 5 (custom)
2021-04-10 01:06:39,148 [pool-495-thread-1] INFO  server.RaftServerConfigKeys (ConfUtils.java:logGet(44)) - raft.server.log.purge.upto.snapshot.index = false (default)
2021-04-10 01:06:39,148 [pool-495-thread-1] INFO  server.RaftServerConfigKeys (ConfUtils.java:logGet(44)) - raft.server.retrycache.expirytime = 600000ms (custom)
2021-04-10 01:06:39,148 [pool-495-thread-1] INFO  server.RaftServerConfigKeys (ConfUtils.java:logGet(44)) - raft.server.retrycache.statistics.expirytime = 100?s (default)
2021-04-10 01:06:39,148 [pool-495-thread-1] INFO  metrics.RatisMetrics (RatisMetrics.java:lambda$create$0(36)) - Creating Metrics Registry : ratis.leader_election.908f18a0-adb7-4061-877d-82f26c284a6d@group-BE40A02A58A0
2021-04-10 01:06:39,149 [pool-495-thread-1] INFO  metrics.RatisMetrics (RatisMetrics.java:lambda$create$0(36)) - Creating Metrics Registry : ratis.server.908f18a0-adb7-4061-877d-82f26c284a6d@group-BE40A02A58A0
2021-04-10 01:06:39,150 [pool-495-thread-1] INFO  server.RaftServer$Division (RaftServerImpl.java:start(295)) - 908f18a0-adb7-4061-877d-82f26c284a6d@group-BE40A02A58A0: start as a follower, conf=-1: [908f18a0-adb7-4061-877d-82f26c284a6d|rpc:172.17.0.2:38461|priority:1], old=null
2021-04-10 01:06:39,151 [pool-495-thread-1] INFO  server.RaftServer$Division (RaftServerImpl.java:setRole(284)) - 908f18a0-adb7-4061-877d-82f26c284a6d@group-BE40A02A58A0: changes role from      null to FOLLOWER at term 0 for startAsFollower
2021-04-10 01:06:39,151 [pool-495-thread-1] INFO  impl.RoleInfo (RoleInfo.java:updateAndGet(130)) - 908f18a0-adb7-4061-877d-82f26c284a6d: start 908f18a0-adb7-4061-877d-82f26c284a6d@group-BE40A02A58A0-FollowerState
2021-04-10 01:06:39,151 [pool-495-thread-1] INFO  util.JmxRegister (JmxRegister.java:tryRegister(44)) - Successfully registered JMX Bean with object name Ratis:service=RaftServer,group=group-BE40A02A58A0,id=908f18a0-adb7-4061-877d-82f26c284a6d
2021-04-10 01:06:39,151 [pool-495-thread-1] INFO  metrics.RatisMetrics (RatisMetrics.java:lambda$create$0(36)) - Creating Metrics Registry : ratis.state_machine.908f18a0-adb7-4061-877d-82f26c284a6d@group-BE40A02A58A0
2021-04-10 01:06:39,152 [Command processor thread] INFO  ratis.XceiverServerRatis (XceiverServerRatis.java:addGroup(808)) - Created group PipelineID=715bc283-0cb5-4de9-9094-be40a02a58a0
2021-04-10 01:06:39,152 [Command processor thread] INFO  commandhandler.CreatePipelineCommandHandler (CreatePipelineCommandHandler.java:handle(106)) - Created Pipeline RATIS ONE PipelineID=715bc283-0cb5-4de9-9094-be40a02a58a0.
2021-04-10 01:06:39,270 [EventQueue-PipelineReportForOneReplicaPipelineSafeModeRule] INFO  safemode.SCMSafeModeManager (SCMSafeModeManager.java:validateSafeModeExitRules(201)) - AtleastOneDatanodeReportedRule rule is successfully validated
2021-04-10 01:06:39,270 [EventQueue-OpenPipelineForHealthyPipelineSafeModeRule] INFO  safemode.SCMSafeModeManager (HealthyPipelineSafeModeRule.java:process(128)) - SCM in safe mode. Healthy pipelines reported count is 0, required healthy pipeline reported count is 1
2021-04-10 01:06:39,371 [Command processor thread] INFO  server.RaftServer (RaftServerProxy.java:addNew(95)) - a42fb17c-ab54-48f0-b04c-859eb28781e5: addNew group-1723FB9CAE25:[a42fb17c-ab54-48f0-b04c-859eb28781e5|rpc:172.17.0.2:39951|priority:1] returns group-1723FB9CAE25:java.util.concurrent.CompletableFuture@47561fe5[Not completed]
2021-04-10 01:06:39,371 [pool-511-thread-1] INFO  server.RaftServer$Division (RaftServerImpl.java:<init>(180)) - a42fb17c-ab54-48f0-b04c-859eb28781e5: new RaftServerImpl for group-1723FB9CAE25:[a42fb17c-ab54-48f0-b04c-859eb28781e5|rpc:172.17.0.2:39951|priority:1] with ContainerStateMachine:uninitialized
2021-04-10 01:06:39,371 [pool-511-thread-1] INFO  server.RaftServerConfigKeys (ConfUtils.java:logGet(44)) - raft.server.rpc.timeout.min = 5s (custom)
2021-04-10 01:06:39,371 [pool-511-thread-1] INFO  server.RaftServerConfigKeys (ConfUtils.java:logGet(44)) - raft.server.rpc.timeout.max = 5200ms (custom)
2021-04-10 01:06:39,372 [pool-511-thread-1] INFO  server.RaftServerConfigKeys (ConfUtils.java:logGet(44)) - raft.server.rpc.sleep.time = 25ms (default)
2021-04-10 01:06:39,372 [pool-511-thread-1] INFO  server.RaftServerConfigKeys (ConfUtils.java:logGet(44)) - raft.server.rpc.slowness.timeout = 300000ms (custom)
2021-04-10 01:06:39,372 [pool-511-thread-1] INFO  server.RaftServerConfigKeys (ConfUtils.java:logGet(44)) - raft.server.leaderelection.leader.step-down.wait-time = 10s (default)
2021-04-10 01:06:39,372 [pool-511-thread-1] INFO  server.RaftServerConfigKeys (ConfUtils.java:logGet(44)) - raft.server.sleep.deviation.threshold = 300ms (default)
2021-04-10 01:06:39,372 [pool-511-thread-1] INFO  server.RaftServerConfigKeys (ConfUtils.java:logGet(44)) - raft.server.log.appender.install.snapshot.enabled = false (custom)
2021-04-10 01:06:39,372 [pool-511-thread-1] INFO  server.RaftServer$Division (ServerState.java:<init>(105)) - a42fb17c-ab54-48f0-b04c-859eb28781e5@group-1723FB9CAE25: ConfigurationManager, init=-1: [a42fb17c-ab54-48f0-b04c-859eb28781e5|rpc:172.17.0.2:39951|priority:1], old=null, confs=<EMPTY_MAP>
2021-04-10 01:06:39,372 [pool-511-thread-1] INFO  server.RaftServerConfigKeys (ConfUtils.java:logGet(44)) - raft.server.storage.dir = [/github/workspace/mnt/ozone/hadoop-ozone/integration-test/target/test-dir/MiniOzoneClusterImpl-da946c58-7c29-4448-876e-997be65f487e/datanode-5/data/ratis] (custom)
2021-04-10 01:06:39,372 [pool-511-thread-1] INFO  server.RaftServerConfigKeys (ConfUtils.java:logGet(44)) - raft.server.log.corruption.policy = EXCEPTION (default)
2021-04-10 01:06:39,372 [pool-511-thread-1] INFO  storage.RaftStorageDirectory (RaftStorageDirectoryImpl.java:analyzeStorage(132)) - The storage directory /github/workspace/mnt/ozone/hadoop-ozone/integration-test/target/test-dir/MiniOzoneClusterImpl-da946c58-7c29-4448-876e-997be65f487e/datanode-5/data/ratis/384634db-4e2f-48b9-a2d2-1723fb9cae25 does not exist. Creating ...
2021-04-10 01:06:39,374 [pool-511-thread-1] INFO  storage.RaftStorageDirectory (RaftStorageDirectoryImpl.java:tryLock(215)) - Lock on /github/workspace/mnt/ozone/hadoop-ozone/integration-test/target/test-dir/MiniOzoneClusterImpl-da946c58-7c29-4448-876e-997be65f487e/datanode-5/data/ratis/384634db-4e2f-48b9-a2d2-1723fb9cae25/in_use.lock acquired by nodename 5497@eab485fc2478
2021-04-10 01:06:39,375 [pool-511-thread-1] INFO  storage.RaftStorage (RaftStorageImpl.java:format(87)) - Storage directory /github/workspace/mnt/ozone/hadoop-ozone/integration-test/target/test-dir/MiniOzoneClusterImpl-da946c58-7c29-4448-876e-997be65f487e/datanode-5/data/ratis/384634db-4e2f-48b9-a2d2-1723fb9cae25 has been successfully formatted.
2021-04-10 01:06:39,375 [pool-511-thread-1] INFO  ratis.ContainerStateMachine (ContainerStateMachine.java:loadSnapshot(224)) - group-1723FB9CAE25: The snapshot info is null. Setting the last applied indexto:(t:0, i:~)
2021-04-10 01:06:39,376 [EventQueue-PipelineReportForPipelineReportHandler] INFO  pipeline.PipelineManagerV2Impl (PipelineManagerV2Impl.java:openPipeline(263)) - Pipeline Pipeline[ Id: 384634db-4e2f-48b9-a2d2-1723fb9cae25, Nodes: a42fb17c-ab54-48f0-b04c-859eb28781e5{ip: 172.17.0.2, host: eab485fc2478, ports: [REPLICATION=33225, RATIS=39951, RATIS_ADMIN=39951, RATIS_SERVER=39951, STANDALONE=45977], networkLocation: /default-rack, certSerialId: null, persistedOpState: IN_SERVICE, persistedOpStateExpiryEpochSec: 0}, Type:RATIS, Factor:ONE, State:ALLOCATED, leaderId:a42fb17c-ab54-48f0-b04c-859eb28781e5, CreationTimestamp2021-04-10T01:06:36.373Z] moved to OPEN state
2021-04-10 01:06:39,377 [EventQueue-OpenPipelineForHealthyPipelineSafeModeRule] INFO  safemode.SCMSafeModeManager (HealthyPipelineSafeModeRule.java:process(128)) - SCM in safe mode. Healthy pipelines reported count is 0, required healthy pipeline reported count is 1
2021-04-10 01:06:39,377 [EventQueue-PipelineReportForOneReplicaPipelineSafeModeRule] INFO  safemode.SCMSafeModeManager (SCMSafeModeManager.java:validateSafeModeExitRules(201)) - AtleastOneDatanodeReportedRule rule is successfully validated
2021-04-10 01:06:39,377 [pool-511-thread-1] INFO  server.RaftServerConfigKeys (ConfUtils.java:logGet(44)) - raft.server.notification.no-leader.timeout = 300000ms (custom)
2021-04-10 01:06:39,377 [pool-511-thread-1] INFO  server.RaftServerConfigKeys (ConfUtils.java:logGet(44)) - raft.server.log.use.memory = false (default)
2021-04-10 01:06:39,377 [pool-511-thread-1] INFO  server.RaftServerConfigKeys (ConfUtils.java:logGet(44)) - raft.server.log.purge.gap = 1000000 (custom)
2021-04-10 01:06:39,377 [pool-511-thread-1] INFO  server.RaftServerConfigKeys (ConfUtils.java:logGet(44)) - raft.server.log.appender.buffer.byte-limit = 33554432 (custom)
2021-04-10 01:06:39,377 [pool-511-thread-1] INFO  metrics.RatisMetrics (RatisMetrics.java:lambda$create$0(36)) - Creating Metrics Registry : ratis.log_worker.a42fb17c-ab54-48f0-b04c-859eb28781e5@group-1723FB9CAE25
2021-04-10 01:06:39,378 [pool-511-thread-1] INFO  server.RaftServerConfigKeys (ConfUtils.java:logGet(44)) - raft.server.log.segment.size.max = 1048576 (custom)
2021-04-10 01:06:39,378 [pool-511-thread-1] INFO  server.RaftServerConfigKeys (ConfUtils.java:logGet(44)) - raft.server.log.segment.cache.num.max = 2 (custom)
2021-04-10 01:06:39,378 [pool-511-thread-1] INFO  server.RaftServerConfigKeys (ConfUtils.java:logGet(44)) - raft.server.log.segment.cache.size.max = 200MB (=209715200) (default)
2021-04-10 01:06:39,378 [pool-511-thread-1] INFO  segmented.SegmentedRaftLogWorker (SegmentedRaftLogWorker.java:<init>(182)) - new a42fb17c-ab54-48f0-b04c-859eb28781e5@group-1723FB9CAE25-SegmentedRaftLogWorker for RaftStorageImpl:Storage Directory /github/workspace/mnt/ozone/hadoop-ozone/integration-test/target/test-dir/MiniOzoneClusterImpl-da946c58-7c29-4448-876e-997be65f487e/datanode-5/data/ratis/384634db-4e2f-48b9-a2d2-1723fb9cae25
2021-04-10 01:06:39,379 [pool-511-thread-1] INFO  server.RaftServerConfigKeys (ConfUtils.java:logGet(44)) - raft.server.log.queue.byte-limit = 2147483647 (custom)
2021-04-10 01:06:39,379 [pool-511-thread-1] INFO  server.RaftServerConfigKeys (ConfUtils.java:logGet(44)) - raft.server.log.queue.element-limit = 1024 (custom)
2021-04-10 01:06:39,379 [pool-511-thread-1] INFO  server.RaftServerConfigKeys (ConfUtils.java:logGet(44)) - raft.server.log.segment.size.max = 1048576 (custom)
2021-04-10 01:06:39,379 [pool-511-thread-1] INFO  server.RaftServerConfigKeys (ConfUtils.java:logGet(44)) - raft.server.log.preallocated.size = 16384 (custom)
2021-04-10 01:06:39,379 [pool-511-thread-1] INFO  server.RaftServerConfigKeys (ConfUtils.java:logGet(44)) - raft.server.log.force.sync.num = 128 (default)
2021-04-10 01:06:39,379 [pool-511-thread-1] INFO  server.RaftServerConfigKeys (ConfUtils.java:logGet(44)) - raft.server.log.statemachine.data.sync = true (default)
2021-04-10 01:06:39,379 [pool-511-thread-1] INFO  server.RaftServerConfigKeys (ConfUtils.java:logGet(44)) - raft.server.log.statemachine.data.sync.timeout = 10s (default)
2021-04-10 01:06:39,379 [pool-511-thread-1] INFO  server.RaftServerConfigKeys (ConfUtils.java:logGet(44)) - raft.server.log.statemachine.data.sync.timeout.retry = -1 (default)
2021-04-10 01:06:39,381 [pool-511-thread-1] INFO  server.RaftServerConfigKeys (ConfUtils.java:logGet(44)) - raft.server.log.write.buffer.size = 1048576 (custom)
2021-04-10 01:06:39,382 [pool-511-thread-1] INFO  server.RaftServerConfigKeys (ConfUtils.java:logGet(44)) - raft.server.log.statemachine.data.caching.enabled = true (custom)
2021-04-10 01:06:39,382 [pool-511-thread-1] INFO  segmented.SegmentedRaftLogWorker (SegmentedRaftLogWorker.java:lambda$new$0(133)) - a42fb17c-ab54-48f0-b04c-859eb28781e5@group-1723FB9CAE25-SegmentedRaftLogWorker: flushIndex: setUnconditionally 0 -> -1
2021-04-10 01:06:39,382 [pool-511-thread-1] INFO  segmented.SegmentedRaftLogWorker (SegmentedRaftLogWorker.java:lambda$new$0(133)) - a42fb17c-ab54-48f0-b04c-859eb28781e5@group-1723FB9CAE25-SegmentedRaftLogWorker: safeCacheEvictIndex: setUnconditionally 0 -> -1
2021-04-10 01:06:39,382 [pool-511-thread-1] INFO  server.RaftServerConfigKeys (ConfUtils.java:logGet(44)) - raft.server.snapshot.auto.trigger.enabled = true (custom)
2021-04-10 01:06:39,383 [pool-511-thread-1] INFO  server.RaftServerConfigKeys (ConfUtils.java:logGet(44)) - raft.server.snapshot.auto.trigger.threshold = 10000 (custom)
2021-04-10 01:06:39,383 [pool-511-thread-1] INFO  server.RaftServerConfigKeys (ConfUtils.java:logGet(44)) - raft.server.snapshot.retention.file.num = 5 (custom)
2021-04-10 01:06:39,383 [pool-511-thread-1] INFO  server.RaftServerConfigKeys (ConfUtils.java:logGet(44)) - raft.server.log.purge.upto.snapshot.index = false (default)
2021-04-10 01:06:39,383 [pool-511-thread-1] INFO  server.RaftServerConfigKeys (ConfUtils.java:logGet(44)) - raft.server.retrycache.expirytime = 600000ms (custom)
2021-04-10 01:06:39,383 [pool-511-thread-1] INFO  server.RaftServerConfigKeys (ConfUtils.java:logGet(44)) - raft.server.retrycache.statistics.expirytime = 100?s (default)
2021-04-10 01:06:39,383 [pool-511-thread-1] INFO  metrics.RatisMetrics (RatisMetrics.java:lambda$create$0(36)) - Creating Metrics Registry : ratis.leader_election.a42fb17c-ab54-48f0-b04c-859eb28781e5@group-1723FB9CAE25
2021-04-10 01:06:39,383 [pool-511-thread-1] INFO  metrics.RatisMetrics (RatisMetrics.java:lambda$create$0(36)) - Creating Metrics Registry : ratis.server.a42fb17c-ab54-48f0-b04c-859eb28781e5@group-1723FB9CAE25
2021-04-10 01:06:39,385 [pool-511-thread-1] INFO  server.RaftServer$Division (RaftServerImpl.java:start(295)) - a42fb17c-ab54-48f0-b04c-859eb28781e5@group-1723FB9CAE25: start as a follower, conf=-1: [a42fb17c-ab54-48f0-b04c-859eb28781e5|rpc:172.17.0.2:39951|priority:1], old=null
2021-04-10 01:06:39,385 [pool-511-thread-1] INFO  server.RaftServer$Division (RaftServerImpl.java:setRole(284)) - a42fb17c-ab54-48f0-b04c-859eb28781e5@group-1723FB9CAE25: changes role from      null to FOLLOWER at term 0 for startAsFollower
2021-04-10 01:06:39,385 [pool-511-thread-1] INFO  impl.RoleInfo (RoleInfo.java:updateAndGet(130)) - a42fb17c-ab54-48f0-b04c-859eb28781e5: start a42fb17c-ab54-48f0-b04c-859eb28781e5@group-1723FB9CAE25-FollowerState
2021-04-10 01:06:39,385 [pool-511-thread-1] INFO  util.JmxRegister (JmxRegister.java:tryRegister(44)) - Successfully registered JMX Bean with object name Ratis:service=RaftServer,group=group-1723FB9CAE25,id=a42fb17c-ab54-48f0-b04c-859eb28781e5
2021-04-10 01:06:39,385 [pool-511-thread-1] INFO  metrics.RatisMetrics (RatisMetrics.java:lambda$create$0(36)) - Creating Metrics Registry : ratis.state_machine.a42fb17c-ab54-48f0-b04c-859eb28781e5@group-1723FB9CAE25
2021-04-10 01:06:39,386 [Command processor thread] INFO  ratis.XceiverServerRatis (XceiverServerRatis.java:addGroup(808)) - Created group PipelineID=384634db-4e2f-48b9-a2d2-1723fb9cae25
2021-04-10 01:06:39,386 [Command processor thread] INFO  commandhandler.CreatePipelineCommandHandler (CreatePipelineCommandHandler.java:handle(106)) - Created Pipeline RATIS ONE PipelineID=384634db-4e2f-48b9-a2d2-1723fb9cae25.
2021-04-10 01:06:39,462 [EventQueue-PipelineReportForOneReplicaPipelineSafeModeRule] INFO  safemode.SCMSafeModeManager (SCMSafeModeManager.java:validateSafeModeExitRules(201)) - AtleastOneDatanodeReportedRule rule is successfully validated
2021-04-10 01:06:39,462 [EventQueue-OpenPipelineForHealthyPipelineSafeModeRule] INFO  safemode.SCMSafeModeManager (HealthyPipelineSafeModeRule.java:process(128)) - SCM in safe mode. Healthy pipelines reported count is 0, required healthy pipeline reported count is 1
2021-04-10 01:06:39,597 [Command processor thread] INFO  server.RaftServer (RaftServerProxy.java:addNew(95)) - 361947c2-eecd-45e2-9da6-933f9372b1c6: addNew group-FD7C0488E0CA:[361947c2-eecd-45e2-9da6-933f9372b1c6|rpc:172.17.0.2:46001|priority:1] returns group-FD7C0488E0CA:java.util.concurrent.CompletableFuture@6cfaac52[Not completed]
2021-04-10 01:06:39,598 [pool-527-thread-1] INFO  server.RaftServer$Division (RaftServerImpl.java:<init>(180)) - 361947c2-eecd-45e2-9da6-933f9372b1c6: new RaftServerImpl for group-FD7C0488E0CA:[361947c2-eecd-45e2-9da6-933f9372b1c6|rpc:172.17.0.2:46001|priority:1] with ContainerStateMachine:uninitialized
2021-04-10 01:06:39,598 [pool-527-thread-1] INFO  server.RaftServerConfigKeys (ConfUtils.java:logGet(44)) - raft.server.rpc.timeout.min = 5s (custom)
2021-04-10 01:06:39,598 [pool-527-thread-1] INFO  server.RaftServerConfigKeys (ConfUtils.java:logGet(44)) - raft.server.rpc.timeout.max = 5200ms (custom)
2021-04-10 01:06:39,598 [pool-527-thread-1] INFO  server.RaftServerConfigKeys (ConfUtils.java:logGet(44)) - raft.server.rpc.sleep.time = 25ms (default)
2021-04-10 01:06:39,599 [pool-527-thread-1] INFO  server.RaftServerConfigKeys (ConfUtils.java:logGet(44)) - raft.server.rpc.slowness.timeout = 300000ms (custom)
2021-04-10 01:06:39,599 [pool-527-thread-1] INFO  server.RaftServerConfigKeys (ConfUtils.java:logGet(44)) - raft.server.leaderelection.leader.step-down.wait-time = 10s (default)
2021-04-10 01:06:39,599 [pool-527-thread-1] INFO  server.RaftServerConfigKeys (ConfUtils.java:logGet(44)) - raft.server.sleep.deviation.threshold = 300ms (default)
2021-04-10 01:06:39,599 [pool-527-thread-1] INFO  server.RaftServerConfigKeys (ConfUtils.java:logGet(44)) - raft.server.log.appender.install.snapshot.enabled = false (custom)
2021-04-10 01:06:39,599 [pool-527-thread-1] INFO  server.RaftServer$Division (ServerState.java:<init>(105)) - 361947c2-eecd-45e2-9da6-933f9372b1c6@group-FD7C0488E0CA: ConfigurationManager, init=-1: [361947c2-eecd-45e2-9da6-933f9372b1c6|rpc:172.17.0.2:46001|priority:1], old=null, confs=<EMPTY_MAP>
2021-04-10 01:06:39,599 [pool-527-thread-1] INFO  server.RaftServerConfigKeys (ConfUtils.java:logGet(44)) - raft.server.storage.dir = [/github/workspace/mnt/ozone/hadoop-ozone/integration-test/target/test-dir/MiniOzoneClusterImpl-da946c58-7c29-4448-876e-997be65f487e/datanode-6/data/ratis] (custom)
2021-04-10 01:06:39,599 [pool-527-thread-1] INFO  server.RaftServerConfigKeys (ConfUtils.java:logGet(44)) - raft.server.log.corruption.policy = EXCEPTION (default)
2021-04-10 01:06:39,599 [pool-527-thread-1] INFO  storage.RaftStorageDirectory (RaftStorageDirectoryImpl.java:analyzeStorage(132)) - The storage directory /github/workspace/mnt/ozone/hadoop-ozone/integration-test/target/test-dir/MiniOzoneClusterImpl-da946c58-7c29-4448-876e-997be65f487e/datanode-6/data/ratis/e498aa0e-7a57-4262-ae43-fd7c0488e0ca does not exist. Creating ...
2021-04-10 01:06:39,601 [pool-527-thread-1] INFO  storage.RaftStorageDirectory (RaftStorageDirectoryImpl.java:tryLock(215)) - Lock on /github/workspace/mnt/ozone/hadoop-ozone/integration-test/target/test-dir/MiniOzoneClusterImpl-da946c58-7c29-4448-876e-997be65f487e/datanode-6/data/ratis/e498aa0e-7a57-4262-ae43-fd7c0488e0ca/in_use.lock acquired by nodename 5497@eab485fc2478
2021-04-10 01:06:39,602 [pool-527-thread-1] INFO  storage.RaftStorage (RaftStorageImpl.java:format(87)) - Storage directory /github/workspace/mnt/ozone/hadoop-ozone/integration-test/target/test-dir/MiniOzoneClusterImpl-da946c58-7c29-4448-876e-997be65f487e/datanode-6/data/ratis/e498aa0e-7a57-4262-ae43-fd7c0488e0ca has been successfully formatted.
2021-04-10 01:06:39,603 [pool-527-thread-1] INFO  ratis.ContainerStateMachine (ContainerStateMachine.java:loadSnapshot(224)) - group-FD7C0488E0CA: The snapshot info is null. Setting the last applied indexto:(t:0, i:~)
2021-04-10 01:06:39,604 [pool-527-thread-1] INFO  server.RaftServerConfigKeys (ConfUtils.java:logGet(44)) - raft.server.notification.no-leader.timeout = 300000ms (custom)
2021-04-10 01:06:39,604 [pool-527-thread-1] INFO  server.RaftServerConfigKeys (ConfUtils.java:logGet(44)) - raft.server.log.use.memory = false (default)
2021-04-10 01:06:39,604 [EventQueue-PipelineReportForOneReplicaPipelineSafeModeRule] INFO  safemode.SCMSafeModeManager (SCMSafeModeManager.java:validateSafeModeExitRules(201)) - AtleastOneDatanodeReportedRule rule is successfully validated
2021-04-10 01:06:39,604 [EventQueue-PipelineReportForPipelineReportHandler] INFO  pipeline.PipelineManagerV2Impl (PipelineManagerV2Impl.java:openPipeline(263)) - Pipeline Pipeline[ Id: e498aa0e-7a57-4262-ae43-fd7c0488e0ca, Nodes: 361947c2-eecd-45e2-9da6-933f9372b1c6{ip: 172.17.0.2, host: eab485fc2478, ports: [REPLICATION=46669, RATIS=46001, RATIS_ADMIN=46001, RATIS_SERVER=46001, STANDALONE=40111], networkLocation: /default-rack, certSerialId: null, persistedOpState: IN_SERVICE, persistedOpStateExpiryEpochSec: 0}, Type:RATIS, Factor:ONE, State:ALLOCATED, leaderId:361947c2-eecd-45e2-9da6-933f9372b1c6, CreationTimestamp2021-04-10T01:06:36.598Z] moved to OPEN state
2021-04-10 01:06:39,604 [pool-527-thread-1] INFO  server.RaftServerConfigKeys (ConfUtils.java:logGet(44)) - raft.server.log.purge.gap = 1000000 (custom)
2021-04-10 01:06:39,605 [pool-527-thread-1] INFO  server.RaftServerConfigKeys (ConfUtils.java:logGet(44)) - raft.server.log.appender.buffer.byte-limit = 33554432 (custom)
2021-04-10 01:06:39,605 [pool-527-thread-1] INFO  metrics.RatisMetrics (RatisMetrics.java:lambda$create$0(36)) - Creating Metrics Registry : ratis.log_worker.361947c2-eecd-45e2-9da6-933f9372b1c6@group-FD7C0488E0CA
2021-04-10 01:06:39,605 [EventQueue-OpenPipelineForHealthyPipelineSafeModeRule] INFO  safemode.SCMSafeModeManager (HealthyPipelineSafeModeRule.java:process(128)) - SCM in safe mode. Healthy pipelines reported count is 0, required healthy pipeline reported count is 1
2021-04-10 01:06:39,605 [pool-527-thread-1] INFO  server.RaftServerConfigKeys (ConfUtils.java:logGet(44)) - raft.server.log.segment.size.max = 1048576 (custom)
2021-04-10 01:06:39,606 [pool-527-thread-1] INFO  server.RaftServerConfigKeys (ConfUtils.java:logGet(44)) - raft.server.log.segment.cache.num.max = 2 (custom)
2021-04-10 01:06:39,606 [pool-527-thread-1] INFO  server.RaftServerConfigKeys (ConfUtils.java:logGet(44)) - raft.server.log.segment.cache.size.max = 200MB (=209715200) (default)
2021-04-10 01:06:39,606 [pool-527-thread-1] INFO  segmented.SegmentedRaftLogWorker (SegmentedRaftLogWorker.java:<init>(182)) - new 361947c2-eecd-45e2-9da6-933f9372b1c6@group-FD7C0488E0CA-SegmentedRaftLogWorker for RaftStorageImpl:Storage Directory /github/workspace/mnt/ozone/hadoop-ozone/integration-test/target/test-dir/MiniOzoneClusterImpl-da946c58-7c29-4448-876e-997be65f487e/datanode-6/data/ratis/e498aa0e-7a57-4262-ae43-fd7c0488e0ca
2021-04-10 01:06:39,606 [pool-527-thread-1] INFO  server.RaftServerConfigKeys (ConfUtils.java:logGet(44)) - raft.server.log.queue.byte-limit = 2147483647 (custom)
2021-04-10 01:06:39,606 [pool-527-thread-1] INFO  server.RaftServerConfigKeys (ConfUtils.java:logGet(44)) - raft.server.log.queue.element-limit = 1024 (custom)
2021-04-10 01:06:39,606 [pool-527-thread-1] INFO  server.RaftServerConfigKeys (ConfUtils.java:logGet(44)) - raft.server.log.segment.size.max = 1048576 (custom)
2021-04-10 01:06:39,606 [pool-527-thread-1] INFO  server.RaftServerConfigKeys (ConfUtils.java:logGet(44)) - raft.server.log.preallocated.size = 16384 (custom)
2021-04-10 01:06:39,606 [pool-527-thread-1] INFO  server.RaftServerConfigKeys (ConfUtils.java:logGet(44)) - raft.server.log.force.sync.num = 128 (default)
2021-04-10 01:06:39,606 [pool-527-thread-1] INFO  server.RaftServerConfigKeys (ConfUtils.java:logGet(44)) - raft.server.log.statemachine.data.sync = true (default)
2021-04-10 01:06:39,606 [pool-527-thread-1] INFO  server.RaftServerConfigKeys (ConfUtils.java:logGet(44)) - raft.server.log.statemachine.data.sync.timeout = 10s (default)
2021-04-10 01:06:39,607 [pool-527-thread-1] INFO  server.RaftServerConfigKeys (ConfUtils.java:logGet(44)) - raft.server.log.statemachine.data.sync.timeout.retry = -1 (default)
2021-04-10 01:06:39,608 [pool-527-thread-1] INFO  server.RaftServerConfigKeys (ConfUtils.java:logGet(44)) - raft.server.log.write.buffer.size = 1048576 (custom)
2021-04-10 01:06:39,608 [pool-527-thread-1] INFO  server.RaftServerConfigKeys (ConfUtils.java:logGet(44)) - raft.server.log.statemachine.data.caching.enabled = true (custom)
2021-04-10 01:06:39,608 [pool-527-thread-1] INFO  segmented.SegmentedRaftLogWorker (SegmentedRaftLogWorker.java:lambda$new$0(133)) - 361947c2-eecd-45e2-9da6-933f9372b1c6@group-FD7C0488E0CA-SegmentedRaftLogWorker: flushIndex: setUnconditionally 0 -> -1
2021-04-10 01:06:39,609 [pool-527-thread-1] INFO  segmented.SegmentedRaftLogWorker (SegmentedRaftLogWorker.java:lambda$new$0(133)) - 361947c2-eecd-45e2-9da6-933f9372b1c6@group-FD7C0488E0CA-SegmentedRaftLogWorker: safeCacheEvictIndex: setUnconditionally 0 -> -1
2021-04-10 01:06:39,609 [pool-527-thread-1] INFO  server.RaftServerConfigKeys (ConfUtils.java:logGet(44)) - raft.server.snapshot.auto.trigger.enabled = true (custom)
2021-04-10 01:06:39,609 [pool-527-thread-1] INFO  server.RaftServerConfigKeys (ConfUtils.java:logGet(44)) - raft.server.snapshot.auto.trigger.threshold = 10000 (custom)
2021-04-10 01:06:39,609 [pool-527-thread-1] INFO  server.RaftServerConfigKeys (ConfUtils.java:logGet(44)) - raft.server.snapshot.retention.file.num = 5 (custom)
2021-04-10 01:06:39,609 [pool-527-thread-1] INFO  server.RaftServerConfigKeys (ConfUtils.java:logGet(44)) - raft.server.log.purge.upto.snapshot.index = false (default)
2021-04-10 01:06:39,609 [pool-527-thread-1] INFO  server.RaftServerConfigKeys (ConfUtils.java:logGet(44)) - raft.server.retrycache.expirytime = 600000ms (custom)
2021-04-10 01:06:39,609 [pool-527-thread-1] INFO  server.RaftServerConfigKeys (ConfUtils.java:logGet(44)) - raft.server.retrycache.statistics.expirytime = 100?s (default)
2021-04-10 01:06:39,609 [pool-527-thread-1] INFO  metrics.RatisMetrics (RatisMetrics.java:lambda$create$0(36)) - Creating Metrics Registry : ratis.leader_election.361947c2-eecd-45e2-9da6-933f9372b1c6@group-FD7C0488E0CA
2021-04-10 01:06:39,610 [pool-527-thread-1] INFO  metrics.RatisMetrics (RatisMetrics.java:lambda$create$0(36)) - Creating Metrics Registry : ratis.server.361947c2-eecd-45e2-9da6-933f9372b1c6@group-FD7C0488E0CA
2021-04-10 01:06:39,611 [pool-527-thread-1] INFO  server.RaftServer$Division (RaftServerImpl.java:start(295)) - 361947c2-eecd-45e2-9da6-933f9372b1c6@group-FD7C0488E0CA: start as a follower, conf=-1: [361947c2-eecd-45e2-9da6-933f9372b1c6|rpc:172.17.0.2:46001|priority:1], old=null
2021-04-10 01:06:39,611 [pool-527-thread-1] INFO  server.RaftServer$Division (RaftServerImpl.java:setRole(284)) - 361947c2-eecd-45e2-9da6-933f9372b1c6@group-FD7C0488E0CA: changes role from      null to FOLLOWER at term 0 for startAsFollower
2021-04-10 01:06:39,612 [pool-527-thread-1] INFO  impl.RoleInfo (RoleInfo.java:updateAndGet(130)) - 361947c2-eecd-45e2-9da6-933f9372b1c6: start 361947c2-eecd-45e2-9da6-933f9372b1c6@group-FD7C0488E0CA-FollowerState
2021-04-10 01:06:39,612 [pool-527-thread-1] INFO  util.JmxRegister (JmxRegister.java:tryRegister(44)) - Successfully registered JMX Bean with object name Ratis:service=RaftServer,group=group-FD7C0488E0CA,id=361947c2-eecd-45e2-9da6-933f9372b1c6
2021-04-10 01:06:39,612 [pool-527-thread-1] INFO  metrics.RatisMetrics (RatisMetrics.java:lambda$create$0(36)) - Creating Metrics Registry : ratis.state_machine.361947c2-eecd-45e2-9da6-933f9372b1c6@group-FD7C0488E0CA
2021-04-10 01:06:39,613 [Command processor thread] INFO  ratis.XceiverServerRatis (XceiverServerRatis.java:addGroup(808)) - Created group PipelineID=e498aa0e-7a57-4262-ae43-fd7c0488e0ca
2021-04-10 01:06:39,613 [Command processor thread] INFO  commandhandler.CreatePipelineCommandHandler (CreatePipelineCommandHandler.java:handle(106)) - Created Pipeline RATIS ONE PipelineID=e498aa0e-7a57-4262-ae43-fd7c0488e0ca.
2021-04-10 01:06:39,613 [Command processor thread] INFO  server.RaftServer (RaftServerProxy.java:addNew(95)) - 361947c2-eecd-45e2-9da6-933f9372b1c6: addNew group-923F87AB690E:[361947c2-eecd-45e2-9da6-933f9372b1c6|rpc:172.17.0.2:46001|priority:0, 8c8eae1d-dd67-4c0e-97f4-ede4c5bc644d|rpc:172.17.0.2:39261|priority:0, 51a677ad-ae3c-4805-a988-993e59f99449|rpc:172.17.0.2:40287|priority:1] returns group-923F87AB690E:java.util.concurrent.CompletableFuture@68c53515[Not completed]
2021-04-10 01:06:39,614 [pool-527-thread-1] INFO  server.RaftServer$Division (RaftServerImpl.java:<init>(180)) - 361947c2-eecd-45e2-9da6-933f9372b1c6: new RaftServerImpl for group-923F87AB690E:[361947c2-eecd-45e2-9da6-933f9372b1c6|rpc:172.17.0.2:46001|priority:0, 8c8eae1d-dd67-4c0e-97f4-ede4c5bc644d|rpc:172.17.0.2:39261|priority:0, 51a677ad-ae3c-4805-a988-993e59f99449|rpc:172.17.0.2:40287|priority:1] with ContainerStateMachine:uninitialized
2021-04-10 01:06:39,614 [pool-527-thread-1] INFO  server.RaftServerConfigKeys (ConfUtils.java:logGet(44)) - raft.server.rpc.timeout.min = 5s (custom)
2021-04-10 01:06:39,614 [pool-527-thread-1] INFO  server.RaftServerConfigKeys (ConfUtils.java:logGet(44)) - raft.server.rpc.timeout.max = 5200ms (custom)
2021-04-10 01:06:39,614 [pool-527-thread-1] INFO  server.RaftServerConfigKeys (ConfUtils.java:logGet(44)) - raft.server.rpc.sleep.time = 25ms (default)
2021-04-10 01:06:39,614 [pool-527-thread-1] INFO  server.RaftServerConfigKeys (ConfUtils.java:logGet(44)) - raft.server.rpc.slowness.timeout = 300000ms (custom)
2021-04-10 01:06:39,614 [pool-527-thread-1] INFO  server.RaftServerConfigKeys (ConfUtils.java:logGet(44)) - raft.server.leaderelection.leader.step-down.wait-time = 10s (default)
2021-04-10 01:06:39,614 [pool-527-thread-1] INFO  server.RaftServerConfigKeys (ConfUtils.java:logGet(44)) - raft.server.sleep.deviation.threshold = 300ms (default)
2021-04-10 01:06:39,614 [pool-527-thread-1] INFO  server.RaftServerConfigKeys (ConfUtils.java:logGet(44)) - raft.server.log.appender.install.snapshot.enabled = false (custom)
2021-04-10 01:06:39,614 [pool-527-thread-1] INFO  server.RaftServer$Division (ServerState.java:<init>(105)) - 361947c2-eecd-45e2-9da6-933f9372b1c6@group-923F87AB690E: ConfigurationManager, init=-1: [361947c2-eecd-45e2-9da6-933f9372b1c6|rpc:172.17.0.2:46001|priority:0, 8c8eae1d-dd67-4c0e-97f4-ede4c5bc644d|rpc:172.17.0.2:39261|priority:0, 51a677ad-ae3c-4805-a988-993e59f99449|rpc:172.17.0.2:40287|priority:1], old=null, confs=<EMPTY_MAP>
2021-04-10 01:06:39,615 [pool-527-thread-1] INFO  server.RaftServerConfigKeys (ConfUtils.java:logGet(44)) - raft.server.storage.dir = [/github/workspace/mnt/ozone/hadoop-ozone/integration-test/target/test-dir/MiniOzoneClusterImpl-da946c58-7c29-4448-876e-997be65f487e/datanode-6/data/ratis] (custom)
2021-04-10 01:06:39,615 [pool-527-thread-1] INFO  server.RaftServerConfigKeys (ConfUtils.java:logGet(44)) - raft.server.log.corruption.policy = EXCEPTION (default)
2021-04-10 01:06:39,615 [pool-527-thread-1] INFO  storage.RaftStorageDirectory (RaftStorageDirectoryImpl.java:analyzeStorage(132)) - The storage directory /github/workspace/mnt/ozone/hadoop-ozone/integration-test/target/test-dir/MiniOzoneClusterImpl-da946c58-7c29-4448-876e-997be65f487e/datanode-6/data/ratis/cc6f6b40-9f48-4411-b909-923f87ab690e does not exist. Creating ...
2021-04-10 01:06:39,616 [pool-527-thread-1] INFO  storage.RaftStorageDirectory (RaftStorageDirectoryImpl.java:tryLock(215)) - Lock on /github/workspace/mnt/ozone/hadoop-ozone/integration-test/target/test-dir/MiniOzoneClusterImpl-da946c58-7c29-4448-876e-997be65f487e/datanode-6/data/ratis/cc6f6b40-9f48-4411-b909-923f87ab690e/in_use.lock acquired by nodename 5497@eab485fc2478
2021-04-10 01:06:39,619 [pool-527-thread-1] INFO  storage.RaftStorage (RaftStorageImpl.java:format(87)) - Storage directory /github/workspace/mnt/ozone/hadoop-ozone/integration-test/target/test-dir/MiniOzoneClusterImpl-da946c58-7c29-4448-876e-997be65f487e/datanode-6/data/ratis/cc6f6b40-9f48-4411-b909-923f87ab690e has been successfully formatted.
2021-04-10 01:06:39,619 [pool-527-thread-1] INFO  ratis.ContainerStateMachine (ContainerStateMachine.java:loadSnapshot(224)) - group-923F87AB690E: The snapshot info is null. Setting the last applied indexto:(t:0, i:~)
2021-04-10 01:06:39,620 [pool-527-thread-1] INFO  server.RaftServerConfigKeys (ConfUtils.java:logGet(44)) - raft.server.notification.no-leader.timeout = 300000ms (custom)
2021-04-10 01:06:39,620 [pool-527-thread-1] INFO  server.RaftServerConfigKeys (ConfUtils.java:logGet(44)) - raft.server.log.use.memory = false (default)
2021-04-10 01:06:39,620 [EventQueue-OpenPipelineForHealthyPipelineSafeModeRule] INFO  safemode.SCMSafeModeManager (HealthyPipelineSafeModeRule.java:process(128)) - SCM in safe mode. Healthy pipelines reported count is 0, required healthy pipeline reported count is 1
2021-04-10 01:06:39,620 [EventQueue-PipelineReportForOneReplicaPipelineSafeModeRule] INFO  safemode.SCMSafeModeManager (SCMSafeModeManager.java:validateSafeModeExitRules(201)) - AtleastOneDatanodeReportedRule rule is successfully validated
2021-04-10 01:06:39,620 [pool-527-thread-1] INFO  server.RaftServerConfigKeys (ConfUtils.java:logGet(44)) - raft.server.log.purge.gap = 1000000 (custom)
2021-04-10 01:06:39,620 [pool-527-thread-1] INFO  server.RaftServerConfigKeys (ConfUtils.java:logGet(44)) - raft.server.log.appender.buffer.byte-limit = 33554432 (custom)
2021-04-10 01:06:39,621 [pool-527-thread-1] INFO  metrics.RatisMetrics (RatisMetrics.java:lambda$create$0(36)) - Creating Metrics Registry : ratis.log_worker.361947c2-eecd-45e2-9da6-933f9372b1c6@group-923F87AB690E
2021-04-10 01:06:39,621 [pool-527-thread-1] INFO  server.RaftServerConfigKeys (ConfUtils.java:logGet(44)) - raft.server.log.segment.size.max = 1048576 (custom)
2021-04-10 01:06:39,622 [pool-527-thread-1] INFO  server.RaftServerConfigKeys (ConfUtils.java:logGet(44)) - raft.server.log.segment.cache.num.max = 2 (custom)
2021-04-10 01:06:39,622 [pool-527-thread-1] INFO  server.RaftServerConfigKeys (ConfUtils.java:logGet(44)) - raft.server.log.segment.cache.size.max = 200MB (=209715200) (default)
2021-04-10 01:06:39,622 [pool-527-thread-1] INFO  segmented.SegmentedRaftLogWorker (SegmentedRaftLogWorker.java:<init>(182)) - new 361947c2-eecd-45e2-9da6-933f9372b1c6@group-923F87AB690E-SegmentedRaftLogWorker for RaftStorageImpl:Storage Directory /github/workspace/mnt/ozone/hadoop-ozone/integration-test/target/test-dir/MiniOzoneClusterImpl-da946c58-7c29-4448-876e-997be65f487e/datanode-6/data/ratis/cc6f6b40-9f48-4411-b909-923f87ab690e
2021-04-10 01:06:39,622 [pool-527-thread-1] INFO  server.RaftServerConfigKeys (ConfUtils.java:logGet(44)) - raft.server.log.queue.byte-limit = 2147483647 (custom)
2021-04-10 01:06:39,622 [pool-527-thread-1] INFO  server.RaftServerConfigKeys (ConfUtils.java:logGet(44)) - raft.server.log.queue.element-limit = 1024 (custom)
2021-04-10 01:06:39,622 [pool-527-thread-1] INFO  server.RaftServerConfigKeys (ConfUtils.java:logGet(44)) - raft.server.log.segment.size.max = 1048576 (custom)
2021-04-10 01:06:39,622 [pool-527-thread-1] INFO  server.RaftServerConfigKeys (ConfUtils.java:logGet(44)) - raft.server.log.preallocated.size = 16384 (custom)
2021-04-10 01:06:39,622 [pool-527-thread-1] INFO  server.RaftServerConfigKeys (ConfUtils.java:logGet(44)) - raft.server.log.force.sync.num = 128 (default)
2021-04-10 01:06:39,622 [pool-527-thread-1] INFO  server.RaftServerConfigKeys (ConfUtils.java:logGet(44)) - raft.server.log.statemachine.data.sync = true (default)
2021-04-10 01:06:39,622 [pool-527-thread-1] INFO  server.RaftServerConfigKeys (ConfUtils.java:logGet(44)) - raft.server.log.statemachine.data.sync.timeout = 10s (default)
2021-04-10 01:06:39,623 [pool-527-thread-1] INFO  server.RaftServerConfigKeys (ConfUtils.java:logGet(44)) - raft.server.log.statemachine.data.sync.timeout.retry = -1 (default)
2021-04-10 01:06:39,624 [pool-527-thread-1] INFO  server.RaftServerConfigKeys (ConfUtils.java:logGet(44)) - raft.server.log.write.buffer.size = 1048576 (custom)
2021-04-10 01:06:39,625 [pool-527-thread-1] INFO  server.RaftServerConfigKeys (ConfUtils.java:logGet(44)) - raft.server.log.statemachine.data.caching.enabled = true (custom)
2021-04-10 01:06:39,625 [pool-527-thread-1] INFO  segmented.SegmentedRaftLogWorker (SegmentedRaftLogWorker.java:lambda$new$0(133)) - 361947c2-eecd-45e2-9da6-933f9372b1c6@group-923F87AB690E-SegmentedRaftLogWorker: flushIndex: setUnconditionally 0 -> -1
2021-04-10 01:06:39,625 [pool-527-thread-1] INFO  segmented.SegmentedRaftLogWorker (SegmentedRaftLogWorker.java:lambda$new$0(133)) - 361947c2-eecd-45e2-9da6-933f9372b1c6@group-923F87AB690E-SegmentedRaftLogWorker: safeCacheEvictIndex: setUnconditionally 0 -> -1
2021-04-10 01:06:39,625 [pool-527-thread-1] INFO  server.RaftServerConfigKeys (ConfUtils.java:logGet(44)) - raft.server.snapshot.auto.trigger.enabled = true (custom)
2021-04-10 01:06:39,626 [pool-527-thread-1] INFO  server.RaftServerConfigKeys (ConfUtils.java:logGet(44)) - raft.server.snapshot.auto.trigger.threshold = 10000 (custom)
2021-04-10 01:06:39,626 [pool-527-thread-1] INFO  server.RaftServerConfigKeys (ConfUtils.java:logGet(44)) - raft.server.snapshot.retention.file.num = 5 (custom)
2021-04-10 01:06:39,626 [pool-527-thread-1] INFO  server.RaftServerConfigKeys (ConfUtils.java:logGet(44)) - raft.server.log.purge.upto.snapshot.index = false (default)
2021-04-10 01:06:39,626 [pool-527-thread-1] INFO  server.RaftServerConfigKeys (ConfUtils.java:logGet(44)) - raft.server.retrycache.expirytime = 600000ms (custom)
2021-04-10 01:06:39,626 [pool-527-thread-1] INFO  server.RaftServerConfigKeys (ConfUtils.java:logGet(44)) - raft.server.retrycache.statistics.expirytime = 100?s (default)
2021-04-10 01:06:39,626 [pool-527-thread-1] INFO  metrics.RatisMetrics (RatisMetrics.java:lambda$create$0(36)) - Creating Metrics Registry : ratis.leader_election.361947c2-eecd-45e2-9da6-933f9372b1c6@group-923F87AB690E
2021-04-10 01:06:39,627 [pool-527-thread-1] INFO  metrics.RatisMetrics (RatisMetrics.java:lambda$create$0(36)) - Creating Metrics Registry : ratis.server.361947c2-eecd-45e2-9da6-933f9372b1c6@group-923F87AB690E
2021-04-10 01:06:39,628 [pool-527-thread-1] INFO  server.RaftServer$Division (RaftServerImpl.java:start(295)) - 361947c2-eecd-45e2-9da6-933f9372b1c6@group-923F87AB690E: start as a follower, conf=-1: [361947c2-eecd-45e2-9da6-933f9372b1c6|rpc:172.17.0.2:46001|priority:0, 8c8eae1d-dd67-4c0e-97f4-ede4c5bc644d|rpc:172.17.0.2:39261|priority:0, 51a677ad-ae3c-4805-a988-993e59f99449|rpc:172.17.0.2:40287|priority:1], old=null
2021-04-10 01:06:39,628 [pool-527-thread-1] INFO  server.RaftServer$Division (RaftServerImpl.java:setRole(284)) - 361947c2-eecd-45e2-9da6-933f9372b1c6@group-923F87AB690E: changes role from      null to FOLLOWER at term 0 for startAsFollower
2021-04-10 01:06:39,628 [pool-527-thread-1] INFO  impl.RoleInfo (RoleInfo.java:updateAndGet(130)) - 361947c2-eecd-45e2-9da6-933f9372b1c6: start 361947c2-eecd-45e2-9da6-933f9372b1c6@group-923F87AB690E-FollowerState
2021-04-10 01:06:39,629 [pool-527-thread-1] INFO  util.JmxRegister (JmxRegister.java:tryRegister(44)) - Successfully registered JMX Bean with object name Ratis:service=RaftServer,group=group-923F87AB690E,id=361947c2-eecd-45e2-9da6-933f9372b1c6
2021-04-10 01:06:39,629 [pool-527-thread-1] INFO  metrics.RatisMetrics (RatisMetrics.java:lambda$create$0(36)) - Creating Metrics Registry : ratis.state_machine.361947c2-eecd-45e2-9da6-933f9372b1c6@group-923F87AB690E
2021-04-10 01:06:39,630 [Command processor thread] INFO  ratis.XceiverServerRatis (XceiverServerRatis.java:addGroup(808)) - Created group PipelineID=cc6f6b40-9f48-4411-b909-923f87ab690e
2021-04-10 01:06:39,630 [Command processor thread] INFO  metrics.RatisMetrics (RatisMetrics.java:lambda$create$0(36)) - Creating Metrics Registry : ratis.client_message_metrics.client-C527CE70BBB5->51a677ad-ae3c-4805-a988-993e59f99449
2021-04-10 01:06:39,636 [grpc-default-executor-3] INFO  metrics.RatisMetrics (RatisMetrics.java:lambda$create$0(36)) - Creating Metrics Registry : ratis.server_message_metrics.51a677ad-ae3c-4805-a988-993e59f99449
2021-04-10 01:06:39,638 [grpc-default-executor-3] INFO  server.RaftServer (RaftServerProxy.java:addNew(95)) - 51a677ad-ae3c-4805-a988-993e59f99449: addNew group-923F87AB690E:[361947c2-eecd-45e2-9da6-933f9372b1c6|rpc:172.17.0.2:46001|dataStream:|priority:0, 8c8eae1d-dd67-4c0e-97f4-ede4c5bc644d|rpc:172.17.0.2:39261|dataStream:|priority:0, 51a677ad-ae3c-4805-a988-993e59f99449|rpc:172.17.0.2:40287|dataStream:|priority:1] returns group-923F87AB690E:java.util.concurrent.CompletableFuture@6440b72e[Not completed]
2021-04-10 01:06:39,639 [pool-559-thread-1] INFO  server.RaftServer$Division (RaftServerImpl.java:<init>(180)) - 51a677ad-ae3c-4805-a988-993e59f99449: new RaftServerImpl for group-923F87AB690E:[361947c2-eecd-45e2-9da6-933f9372b1c6|rpc:172.17.0.2:46001|dataStream:|priority:0, 8c8eae1d-dd67-4c0e-97f4-ede4c5bc644d|rpc:172.17.0.2:39261|dataStream:|priority:0, 51a677ad-ae3c-4805-a988-993e59f99449|rpc:172.17.0.2:40287|dataStream:|priority:1] with ContainerStateMachine:uninitialized
2021-04-10 01:06:39,640 [pool-559-thread-1] INFO  server.RaftServerConfigKeys (ConfUtils.java:logGet(44)) - raft.server.rpc.timeout.min = 5s (custom)
2021-04-10 01:06:39,640 [pool-559-thread-1] INFO  server.RaftServerConfigKeys (ConfUtils.java:logGet(44)) - raft.server.rpc.timeout.max = 5200ms (custom)
2021-04-10 01:06:39,640 [pool-559-thread-1] INFO  server.RaftServerConfigKeys (ConfUtils.java:logGet(44)) - raft.server.rpc.sleep.time = 25ms (default)
2021-04-10 01:06:39,640 [pool-559-thread-1] INFO  server.RaftServerConfigKeys (ConfUtils.java:logGet(44)) - raft.server.rpc.slowness.timeout = 300000ms (custom)
2021-04-10 01:06:39,640 [pool-559-thread-1] INFO  server.RaftServerConfigKeys (ConfUtils.java:logGet(44)) - raft.server.leaderelection.leader.step-down.wait-time = 10s (default)
2021-04-10 01:06:39,640 [pool-559-thread-1] INFO  server.RaftServerConfigKeys (ConfUtils.java:logGet(44)) - raft.server.sleep.deviation.threshold = 300ms (default)
2021-04-10 01:06:39,641 [pool-559-thread-1] INFO  server.RaftServerConfigKeys (ConfUtils.java:logGet(44)) - raft.server.log.appender.install.snapshot.enabled = false (custom)
2021-04-10 01:06:39,641 [pool-559-thread-1] INFO  server.RaftServer$Division (ServerState.java:<init>(105)) - 51a677ad-ae3c-4805-a988-993e59f99449@group-923F87AB690E: ConfigurationManager, init=-1: [361947c2-eecd-45e2-9da6-933f9372b1c6|rpc:172.17.0.2:46001|dataStream:|priority:0, 8c8eae1d-dd67-4c0e-97f4-ede4c5bc644d|rpc:172.17.0.2:39261|dataStream:|priority:0, 51a677ad-ae3c-4805-a988-993e59f99449|rpc:172.17.0.2:40287|dataStream:|priority:1], old=null, confs=<EMPTY_MAP>
2021-04-10 01:06:39,641 [pool-559-thread-1] INFO  server.RaftServerConfigKeys (ConfUtils.java:logGet(44)) - raft.server.storage.dir = [/github/workspace/mnt/ozone/hadoop-ozone/integration-test/target/test-dir/MiniOzoneClusterImpl-da946c58-7c29-4448-876e-997be65f487e/datanode-8/data/ratis] (custom)
2021-04-10 01:06:39,641 [pool-559-thread-1] INFO  server.RaftServerConfigKeys (ConfUtils.java:logGet(44)) - raft.server.log.corruption.policy = EXCEPTION (default)
2021-04-10 01:06:39,641 [pool-559-thread-1] INFO  storage.RaftStorageDirectory (RaftStorageDirectoryImpl.java:analyzeStorage(132)) - The storage directory /github/workspace/mnt/ozone/hadoop-ozone/integration-test/target/test-dir/MiniOzoneClusterImpl-da946c58-7c29-4448-876e-997be65f487e/datanode-8/data/ratis/cc6f6b40-9f48-4411-b909-923f87ab690e does not exist. Creating ...
2021-04-10 01:06:39,642 [pool-559-thread-1] INFO  storage.RaftStorageDirectory (RaftStorageDirectoryImpl.java:tryLock(215)) - Lock on /github/workspace/mnt/ozone/hadoop-ozone/integration-test/target/test-dir/MiniOzoneClusterImpl-da946c58-7c29-4448-876e-997be65f487e/datanode-8/data/ratis/cc6f6b40-9f48-4411-b909-923f87ab690e/in_use.lock acquired by nodename 5497@eab485fc2478
2021-04-10 01:06:39,644 [pool-559-thread-1] INFO  storage.RaftStorage (RaftStorageImpl.java:format(87)) - Storage directory /github/workspace/mnt/ozone/hadoop-ozone/integration-test/target/test-dir/MiniOzoneClusterImpl-da946c58-7c29-4448-876e-997be65f487e/datanode-8/data/ratis/cc6f6b40-9f48-4411-b909-923f87ab690e has been successfully formatted.
2021-04-10 01:06:39,644 [pool-559-thread-1] INFO  ratis.ContainerStateMachine (ContainerStateMachine.java:loadSnapshot(224)) - group-923F87AB690E: The snapshot info is null. Setting the last applied indexto:(t:0, i:~)
2021-04-10 01:06:39,645 [pool-559-thread-1] INFO  server.RaftServerConfigKeys (ConfUtils.java:logGet(44)) - raft.server.notification.no-leader.timeout = 300000ms (custom)
2021-04-10 01:06:39,645 [pool-559-thread-1] INFO  server.RaftServerConfigKeys (ConfUtils.java:logGet(44)) - raft.server.log.use.memory = false (default)
2021-04-10 01:06:39,645 [EventQueue-PipelineReportForOneReplicaPipelineSafeModeRule] INFO  safemode.SCMSafeModeManager (SCMSafeModeManager.java:validateSafeModeExitRules(201)) - AtleastOneDatanodeReportedRule rule is successfully validated
2021-04-10 01:06:39,646 [pool-559-thread-1] INFO  server.RaftServerConfigKeys (ConfUtils.java:logGet(44)) - raft.server.log.purge.gap = 1000000 (custom)
2021-04-10 01:06:39,646 [pool-559-thread-1] INFO  server.RaftServerConfigKeys (ConfUtils.java:logGet(44)) - raft.server.log.appender.buffer.byte-limit = 33554432 (custom)
2021-04-10 01:06:39,646 [pool-559-thread-1] INFO  metrics.RatisMetrics (RatisMetrics.java:lambda$create$0(36)) - Creating Metrics Registry : ratis.log_worker.51a677ad-ae3c-4805-a988-993e59f99449@group-923F87AB690E
2021-04-10 01:06:39,646 [pool-559-thread-1] INFO  server.RaftServerConfigKeys (ConfUtils.java:logGet(44)) - raft.server.log.segment.size.max = 1048576 (custom)
2021-04-10 01:06:39,647 [pool-559-thread-1] INFO  server.RaftServerConfigKeys (ConfUtils.java:logGet(44)) - raft.server.log.segment.cache.num.max = 2 (custom)
2021-04-10 01:06:39,647 [pool-559-thread-1] INFO  server.RaftServerConfigKeys (ConfUtils.java:logGet(44)) - raft.server.log.segment.cache.size.max = 200MB (=209715200) (default)
2021-04-10 01:06:39,647 [pool-559-thread-1] INFO  segmented.SegmentedRaftLogWorker (SegmentedRaftLogWorker.java:<init>(182)) - new 51a677ad-ae3c-4805-a988-993e59f99449@group-923F87AB690E-SegmentedRaftLogWorker for RaftStorageImpl:Storage Directory /github/workspace/mnt/ozone/hadoop-ozone/integration-test/target/test-dir/MiniOzoneClusterImpl-da946c58-7c29-4448-876e-997be65f487e/datanode-8/data/ratis/cc6f6b40-9f48-4411-b909-923f87ab690e
2021-04-10 01:06:39,647 [pool-559-thread-1] INFO  server.RaftServerConfigKeys (ConfUtils.java:logGet(44)) - raft.server.log.queue.byte-limit = 2147483647 (custom)
2021-04-10 01:06:39,647 [pool-559-thread-1] INFO  server.RaftServerConfigKeys (ConfUtils.java:logGet(44)) - raft.server.log.queue.element-limit = 1024 (custom)
2021-04-10 01:06:39,647 [pool-559-thread-1] INFO  server.RaftServerConfigKeys (ConfUtils.java:logGet(44)) - raft.server.log.segment.size.max = 1048576 (custom)
2021-04-10 01:06:39,647 [pool-559-thread-1] INFO  server.RaftServerConfigKeys (ConfUtils.java:logGet(44)) - raft.server.log.preallocated.size = 16384 (custom)
2021-04-10 01:06:39,648 [pool-559-thread-1] INFO  server.RaftServerConfigKeys (ConfUtils.java:logGet(44)) - raft.server.log.force.sync.num = 128 (default)
2021-04-10 01:06:39,648 [pool-559-thread-1] INFO  server.RaftServerConfigKeys (ConfUtils.java:logGet(44)) - raft.server.log.statemachine.data.sync = true (default)
2021-04-10 01:06:39,648 [pool-559-thread-1] INFO  server.RaftServerConfigKeys (ConfUtils.java:logGet(44)) - raft.server.log.statemachine.data.sync.timeout = 10s (default)
2021-04-10 01:06:39,648 [pool-559-thread-1] INFO  server.RaftServerConfigKeys (ConfUtils.java:logGet(44)) - raft.server.log.statemachine.data.sync.timeout.retry = -1 (default)
2021-04-10 01:06:39,649 [pool-559-thread-1] INFO  server.RaftServerConfigKeys (ConfUtils.java:logGet(44)) - raft.server.log.write.buffer.size = 1048576 (custom)
2021-04-10 01:06:39,650 [pool-559-thread-1] INFO  server.RaftServerConfigKeys (ConfUtils.java:logGet(44)) - raft.server.log.statemachine.data.caching.enabled = true (custom)
2021-04-10 01:06:39,650 [pool-559-thread-1] INFO  segmented.SegmentedRaftLogWorker (SegmentedRaftLogWorker.java:lambda$new$0(133)) - 51a677ad-ae3c-4805-a988-993e59f99449@group-923F87AB690E-SegmentedRaftLogWorker: flushIndex: setUnconditionally 0 -> -1
2021-04-10 01:06:39,650 [pool-559-thread-1] INFO  segmented.SegmentedRaftLogWorker (SegmentedRaftLogWorker.java:lambda$new$0(133)) - 51a677ad-ae3c-4805-a988-993e59f99449@group-923F87AB690E-SegmentedRaftLogWorker: safeCacheEvictIndex: setUnconditionally 0 -> -1
2021-04-10 01:06:39,650 [pool-559-thread-1] INFO  server.RaftServerConfigKeys (ConfUtils.java:logGet(44)) - raft.server.snapshot.auto.trigger.enabled = true (custom)
2021-04-10 01:06:39,650 [pool-559-thread-1] INFO  server.RaftServerConfigKeys (ConfUtils.java:logGet(44)) - raft.server.snapshot.auto.trigger.threshold = 10000 (custom)
2021-04-10 01:06:39,650 [pool-559-thread-1] INFO  server.RaftServerConfigKeys (ConfUtils.java:logGet(44)) - raft.server.snapshot.retention.file.num = 5 (custom)
2021-04-10 01:06:39,651 [pool-559-thread-1] INFO  server.RaftServerConfigKeys (ConfUtils.java:logGet(44)) - raft.server.log.purge.upto.snapshot.index = false (default)
2021-04-10 01:06:39,651 [pool-559-thread-1] INFO  server.RaftServerConfigKeys (ConfUtils.java:logGet(44)) - raft.server.retrycache.expirytime = 600000ms (custom)
2021-04-10 01:06:39,651 [pool-559-thread-1] INFO  server.RaftServerConfigKeys (ConfUtils.java:logGet(44)) - raft.server.retrycache.statistics.expirytime = 100?s (default)
2021-04-10 01:06:39,651 [pool-559-thread-1] INFO  metrics.RatisMetrics (RatisMetrics.java:lambda$create$0(36)) - Creating Metrics Registry : ratis.leader_election.51a677ad-ae3c-4805-a988-993e59f99449@group-923F87AB690E
2021-04-10 01:06:39,651 [pool-559-thread-1] INFO  metrics.RatisMetrics (RatisMetrics.java:lambda$create$0(36)) - Creating Metrics Registry : ratis.server.51a677ad-ae3c-4805-a988-993e59f99449@group-923F87AB690E
2021-04-10 01:06:39,653 [pool-559-thread-1] INFO  server.RaftServer$Division (RaftServerImpl.java:start(295)) - 51a677ad-ae3c-4805-a988-993e59f99449@group-923F87AB690E: start as a follower, conf=-1: [361947c2-eecd-45e2-9da6-933f9372b1c6|rpc:172.17.0.2:46001|dataStream:|priority:0, 8c8eae1d-dd67-4c0e-97f4-ede4c5bc644d|rpc:172.17.0.2:39261|dataStream:|priority:0, 51a677ad-ae3c-4805-a988-993e59f99449|rpc:172.17.0.2:40287|dataStream:|priority:1], old=null
2021-04-10 01:06:39,653 [pool-559-thread-1] INFO  server.RaftServer$Division (RaftServerImpl.java:setRole(284)) - 51a677ad-ae3c-4805-a988-993e59f99449@group-923F87AB690E: changes role from      null to FOLLOWER at term 0 for startAsFollower
2021-04-10 01:06:39,653 [pool-559-thread-1] INFO  impl.RoleInfo (RoleInfo.java:updateAndGet(130)) - 51a677ad-ae3c-4805-a988-993e59f99449: start 51a677ad-ae3c-4805-a988-993e59f99449@group-923F87AB690E-FollowerState
2021-04-10 01:06:39,653 [pool-559-thread-1] INFO  util.JmxRegister (JmxRegister.java:tryRegister(44)) - Successfully registered JMX Bean with object name Ratis:service=RaftServer,group=group-923F87AB690E,id=51a677ad-ae3c-4805-a988-993e59f99449
2021-04-10 01:06:39,653 [pool-559-thread-1] INFO  metrics.RatisMetrics (RatisMetrics.java:lambda$create$0(36)) - Creating Metrics Registry : ratis.state_machine.51a677ad-ae3c-4805-a988-993e59f99449@group-923F87AB690E
2021-04-10 01:06:39,659 [Command processor thread] INFO  metrics.RatisMetrics (RatisMetrics.java:lambda$create$0(36)) - Creating Metrics Registry : ratis.client_message_metrics.client-9111157CFEBC->8c8eae1d-dd67-4c0e-97f4-ede4c5bc644d
2021-04-10 01:06:39,663 [grpc-default-executor-3] INFO  metrics.RatisMetrics (RatisMetrics.java:lambda$create$0(36)) - Creating Metrics Registry : ratis.server_message_metrics.8c8eae1d-dd67-4c0e-97f4-ede4c5bc644d
2021-04-10 01:06:39,665 [grpc-default-executor-3] INFO  server.RaftServer (RaftServerProxy.java:addNew(95)) - 8c8eae1d-dd67-4c0e-97f4-ede4c5bc644d: addNew group-923F87AB690E:[361947c2-eecd-45e2-9da6-933f9372b1c6|rpc:172.17.0.2:46001|dataStream:|priority:0, 8c8eae1d-dd67-4c0e-97f4-ede4c5bc644d|rpc:172.17.0.2:39261|dataStream:|priority:0, 51a677ad-ae3c-4805-a988-993e59f99449|rpc:172.17.0.2:40287|dataStream:|priority:1] returns group-923F87AB690E:java.util.concurrent.CompletableFuture@7e01b0ad[Not completed]
2021-04-10 01:06:39,666 [pool-543-thread-1] INFO  server.RaftServer$Division (RaftServerImpl.java:<init>(180)) - 8c8eae1d-dd67-4c0e-97f4-ede4c5bc644d: new RaftServerImpl for group-923F87AB690E:[361947c2-eecd-45e2-9da6-933f9372b1c6|rpc:172.17.0.2:46001|dataStream:|priority:0, 8c8eae1d-dd67-4c0e-97f4-ede4c5bc644d|rpc:172.17.0.2:39261|dataStream:|priority:0, 51a677ad-ae3c-4805-a988-993e59f99449|rpc:172.17.0.2:40287|dataStream:|priority:1] with ContainerStateMachine:uninitialized
2021-04-10 01:06:39,666 [pool-543-thread-1] INFO  server.RaftServerConfigKeys (ConfUtils.java:logGet(44)) - raft.server.rpc.timeout.min = 5s (custom)
2021-04-10 01:06:39,666 [pool-543-thread-1] INFO  server.RaftServerConfigKeys (ConfUtils.java:logGet(44)) - raft.server.rpc.timeout.max = 5200ms (custom)
2021-04-10 01:06:39,666 [pool-543-thread-1] INFO  server.RaftServerConfigKeys (ConfUtils.java:logGet(44)) - raft.server.rpc.sleep.time = 25ms (default)
2021-04-10 01:06:39,666 [pool-543-thread-1] INFO  server.RaftServerConfigKeys (ConfUtils.java:logGet(44)) - raft.server.rpc.slowness.timeout = 300000ms (custom)
2021-04-10 01:06:39,666 [pool-543-thread-1] INFO  server.RaftServerConfigKeys (ConfUtils.java:logGet(44)) - raft.server.leaderelection.leader.step-down.wait-time = 10s (default)
2021-04-10 01:06:39,666 [pool-543-thread-1] INFO  server.RaftServerConfigKeys (ConfUtils.java:logGet(44)) - raft.server.sleep.deviation.threshold = 300ms (default)
2021-04-10 01:06:39,666 [pool-543-thread-1] INFO  server.RaftServerConfigKeys (ConfUtils.java:logGet(44)) - raft.server.log.appender.install.snapshot.enabled = false (custom)
2021-04-10 01:06:39,666 [pool-543-thread-1] INFO  server.RaftServer$Division (ServerState.java:<init>(105)) - 8c8eae1d-dd67-4c0e-97f4-ede4c5bc644d@group-923F87AB690E: ConfigurationManager, init=-1: [361947c2-eecd-45e2-9da6-933f9372b1c6|rpc:172.17.0.2:46001|dataStream:|priority:0, 8c8eae1d-dd67-4c0e-97f4-ede4c5bc644d|rpc:172.17.0.2:39261|dataStream:|priority:0, 51a677ad-ae3c-4805-a988-993e59f99449|rpc:172.17.0.2:40287|dataStream:|priority:1], old=null, confs=<EMPTY_MAP>
2021-04-10 01:06:39,666 [pool-543-thread-1] INFO  server.RaftServerConfigKeys (ConfUtils.java:logGet(44)) - raft.server.storage.dir = [/github/workspace/mnt/ozone/hadoop-ozone/integration-test/target/test-dir/MiniOzoneClusterImpl-da946c58-7c29-4448-876e-997be65f487e/datanode-7/data/ratis] (custom)
2021-04-10 01:06:39,666 [pool-543-thread-1] INFO  server.RaftServerConfigKeys (ConfUtils.java:logGet(44)) - raft.server.log.corruption.policy = EXCEPTION (default)
2021-04-10 01:06:39,667 [pool-543-thread-1] INFO  storage.RaftStorageDirectory (RaftStorageDirectoryImpl.java:analyzeStorage(132)) - The storage directory /github/workspace/mnt/ozone/hadoop-ozone/integration-test/target/test-dir/MiniOzoneClusterImpl-da946c58-7c29-4448-876e-997be65f487e/datanode-7/data/ratis/cc6f6b40-9f48-4411-b909-923f87ab690e does not exist. Creating ...
2021-04-10 01:06:39,669 [pool-543-thread-1] INFO  storage.RaftStorageDirectory (RaftStorageDirectoryImpl.java:tryLock(215)) - Lock on /github/workspace/mnt/ozone/hadoop-ozone/integration-test/target/test-dir/MiniOzoneClusterImpl-da946c58-7c29-4448-876e-997be65f487e/datanode-7/data/ratis/cc6f6b40-9f48-4411-b909-923f87ab690e/in_use.lock acquired by nodename 5497@eab485fc2478
2021-04-10 01:06:39,669 [EventQueue-OpenPipelineForHealthyPipelineSafeModeRule] INFO  safemode.SCMSafeModeManager (HealthyPipelineSafeModeRule.java:process(128)) - SCM in safe mode. Healthy pipelines reported count is 0, required healthy pipeline reported count is 1
2021-04-10 01:06:39,669 [EventQueue-PipelineReportForOneReplicaPipelineSafeModeRule] INFO  safemode.SCMSafeModeManager (SCMSafeModeManager.java:validateSafeModeExitRules(201)) - AtleastOneDatanodeReportedRule rule is successfully validated
2021-04-10 01:06:39,670 [pool-543-thread-1] INFO  storage.RaftStorage (RaftStorageImpl.java:format(87)) - Storage directory /github/workspace/mnt/ozone/hadoop-ozone/integration-test/target/test-dir/MiniOzoneClusterImpl-da946c58-7c29-4448-876e-997be65f487e/datanode-7/data/ratis/cc6f6b40-9f48-4411-b909-923f87ab690e has been successfully formatted.
2021-04-10 01:06:39,671 [pool-543-thread-1] INFO  ratis.ContainerStateMachine (ContainerStateMachine.java:loadSnapshot(224)) - group-923F87AB690E: The snapshot info is null. Setting the last applied indexto:(t:0, i:~)
2021-04-10 01:06:39,672 [pool-543-thread-1] INFO  server.RaftServerConfigKeys (ConfUtils.java:logGet(44)) - raft.server.notification.no-leader.timeout = 300000ms (custom)
2021-04-10 01:06:39,672 [pool-543-thread-1] INFO  server.RaftServerConfigKeys (ConfUtils.java:logGet(44)) - raft.server.log.use.memory = false (default)
2021-04-10 01:06:39,672 [pool-543-thread-1] INFO  server.RaftServerConfigKeys (ConfUtils.java:logGet(44)) - raft.server.log.purge.gap = 1000000 (custom)
2021-04-10 01:06:39,672 [pool-543-thread-1] INFO  server.RaftServerConfigKeys (ConfUtils.java:logGet(44)) - raft.server.log.appender.buffer.byte-limit = 33554432 (custom)
2021-04-10 01:06:39,672 [pool-543-thread-1] INFO  metrics.RatisMetrics (RatisMetrics.java:lambda$create$0(36)) - Creating Metrics Registry : ratis.log_worker.8c8eae1d-dd67-4c0e-97f4-ede4c5bc644d@group-923F87AB690E
2021-04-10 01:06:39,672 [EventQueue-PipelineReportForOneReplicaPipelineSafeModeRule] INFO  safemode.SCMSafeModeManager (SCMSafeModeManager.java:validateSafeModeExitRules(201)) - AtleastOneDatanodeReportedRule rule is successfully validated
2021-04-10 01:06:39,672 [pool-543-thread-1] INFO  server.RaftServerConfigKeys (ConfUtils.java:logGet(44)) - raft.server.log.segment.size.max = 1048576 (custom)
2021-04-10 01:06:39,673 [pool-543-thread-1] INFO  server.RaftServerConfigKeys (ConfUtils.java:logGet(44)) - raft.server.log.segment.cache.num.max = 2 (custom)
2021-04-10 01:06:39,673 [pool-543-thread-1] INFO  server.RaftServerConfigKeys (ConfUtils.java:logGet(44)) - raft.server.log.segment.cache.size.max = 200MB (=209715200) (default)
2021-04-10 01:06:39,673 [pool-543-thread-1] INFO  segmented.SegmentedRaftLogWorker (SegmentedRaftLogWorker.java:<init>(182)) - new 8c8eae1d-dd67-4c0e-97f4-ede4c5bc644d@group-923F87AB690E-SegmentedRaftLogWorker for RaftStorageImpl:Storage Directory /github/workspace/mnt/ozone/hadoop-ozone/integration-test/target/test-dir/MiniOzoneClusterImpl-da946c58-7c29-4448-876e-997be65f487e/datanode-7/data/ratis/cc6f6b40-9f48-4411-b909-923f87ab690e
2021-04-10 01:06:39,673 [pool-543-thread-1] INFO  server.RaftServerConfigKeys (ConfUtils.java:logGet(44)) - raft.server.log.queue.byte-limit = 2147483647 (custom)
2021-04-10 01:06:39,673 [pool-543-thread-1] INFO  server.RaftServerConfigKeys (ConfUtils.java:logGet(44)) - raft.server.log.queue.element-limit = 1024 (custom)
2021-04-10 01:06:39,673 [pool-543-thread-1] INFO  server.RaftServerConfigKeys (ConfUtils.java:logGet(44)) - raft.server.log.segment.size.max = 1048576 (custom)
2021-04-10 01:06:39,674 [pool-543-thread-1] INFO  server.RaftServerConfigKeys (ConfUtils.java:logGet(44)) - raft.server.log.preallocated.size = 16384 (custom)
2021-04-10 01:06:39,674 [pool-543-thread-1] INFO  server.RaftServerConfigKeys (ConfUtils.java:logGet(44)) - raft.server.log.force.sync.num = 128 (default)
2021-04-10 01:06:39,674 [pool-543-thread-1] INFO  server.RaftServerConfigKeys (ConfUtils.java:logGet(44)) - raft.server.log.statemachine.data.sync = true (default)
2021-04-10 01:06:39,674 [pool-543-thread-1] INFO  server.RaftServerConfigKeys (ConfUtils.java:logGet(44)) - raft.server.log.statemachine.data.sync.timeout = 10s (default)
2021-04-10 01:06:39,674 [pool-543-thread-1] INFO  server.RaftServerConfigKeys (ConfUtils.java:logGet(44)) - raft.server.log.statemachine.data.sync.timeout.retry = -1 (default)
2021-04-10 01:06:39,675 [pool-543-thread-1] INFO  server.RaftServerConfigKeys (ConfUtils.java:logGet(44)) - raft.server.log.write.buffer.size = 1048576 (custom)
2021-04-10 01:06:39,676 [pool-543-thread-1] INFO  server.RaftServerConfigKeys (ConfUtils.java:logGet(44)) - raft.server.log.statemachine.data.caching.enabled = true (custom)
2021-04-10 01:06:39,676 [pool-543-thread-1] INFO  segmented.SegmentedRaftLogWorker (SegmentedRaftLogWorker.java:lambda$new$0(133)) - 8c8eae1d-dd67-4c0e-97f4-ede4c5bc644d@group-923F87AB690E-SegmentedRaftLogWorker: flushIndex: setUnconditionally 0 -> -1
2021-04-10 01:06:39,676 [pool-543-thread-1] INFO  segmented.SegmentedRaftLogWorker (SegmentedRaftLogWorker.java:lambda$new$0(133)) - 8c8eae1d-dd67-4c0e-97f4-ede4c5bc644d@group-923F87AB690E-SegmentedRaftLogWorker: safeCacheEvictIndex: setUnconditionally 0 -> -1
2021-04-10 01:06:39,676 [pool-543-thread-1] INFO  server.RaftServerConfigKeys (ConfUtils.java:logGet(44)) - raft.server.snapshot.auto.trigger.enabled = true (custom)
2021-04-10 01:06:39,676 [pool-543-thread-1] INFO  server.RaftServerConfigKeys (ConfUtils.java:logGet(44)) - raft.server.snapshot.auto.trigger.threshold = 10000 (custom)
2021-04-10 01:06:39,676 [pool-543-thread-1] INFO  server.RaftServerConfigKeys (ConfUtils.java:logGet(44)) - raft.server.snapshot.retention.file.num = 5 (custom)
2021-04-10 01:06:39,676 [pool-543-thread-1] INFO  server.RaftServerConfigKeys (ConfUtils.java:logGet(44)) - raft.server.log.purge.upto.snapshot.index = false (default)
2021-04-10 01:06:39,677 [pool-543-thread-1] INFO  server.RaftServerConfigKeys (ConfUtils.java:logGet(44)) - raft.server.retrycache.expirytime = 600000ms (custom)
2021-04-10 01:06:39,677 [pool-543-thread-1] INFO  server.RaftServerConfigKeys (ConfUtils.java:logGet(44)) - raft.server.retrycache.statistics.expirytime = 100?s (default)
2021-04-10 01:06:39,677 [pool-543-thread-1] INFO  metrics.RatisMetrics (RatisMetrics.java:lambda$create$0(36)) - Creating Metrics Registry : ratis.leader_election.8c8eae1d-dd67-4c0e-97f4-ede4c5bc644d@group-923F87AB690E
2021-04-10 01:06:39,677 [pool-543-thread-1] INFO  metrics.RatisMetrics (RatisMetrics.java:lambda$create$0(36)) - Creating Metrics Registry : ratis.server.8c8eae1d-dd67-4c0e-97f4-ede4c5bc644d@group-923F87AB690E
2021-04-10 01:06:39,679 [pool-543-thread-1] INFO  server.RaftServer$Division (RaftServerImpl.java:start(295)) - 8c8eae1d-dd67-4c0e-97f4-ede4c5bc644d@group-923F87AB690E: start as a follower, conf=-1: [361947c2-eecd-45e2-9da6-933f9372b1c6|rpc:172.17.0.2:46001|dataStream:|priority:0, 8c8eae1d-dd67-4c0e-97f4-ede4c5bc644d|rpc:172.17.0.2:39261|dataStream:|priority:0, 51a677ad-ae3c-4805-a988-993e59f99449|rpc:172.17.0.2:40287|dataStream:|priority:1], old=null
2021-04-10 01:06:39,679 [pool-543-thread-1] INFO  server.RaftServer$Division (RaftServerImpl.java:setRole(284)) - 8c8eae1d-dd67-4c0e-97f4-ede4c5bc644d@group-923F87AB690E: changes role from      null to FOLLOWER at term 0 for startAsFollower
2021-04-10 01:06:39,679 [pool-543-thread-1] INFO  impl.RoleInfo (RoleInfo.java:updateAndGet(130)) - 8c8eae1d-dd67-4c0e-97f4-ede4c5bc644d: start 8c8eae1d-dd67-4c0e-97f4-ede4c5bc644d@group-923F87AB690E-FollowerState
2021-04-10 01:06:39,680 [pool-543-thread-1] INFO  util.JmxRegister (JmxRegister.java:tryRegister(44)) - Successfully registered JMX Bean with object name Ratis:service=RaftServer,group=group-923F87AB690E,id=8c8eae1d-dd67-4c0e-97f4-ede4c5bc644d
2021-04-10 01:06:39,680 [pool-543-thread-1] INFO  metrics.RatisMetrics (RatisMetrics.java:lambda$create$0(36)) - Creating Metrics Registry : ratis.state_machine.8c8eae1d-dd67-4c0e-97f4-ede4c5bc644d@group-923F87AB690E
2021-04-10 01:06:39,686 [Command processor thread] INFO  commandhandler.CreatePipelineCommandHandler (CreatePipelineCommandHandler.java:handle(106)) - Created Pipeline RATIS THREE PipelineID=cc6f6b40-9f48-4411-b909-923f87ab690e.
2021-04-10 01:06:39,878 [Command processor thread] INFO  server.RaftServer (RaftServerProxy.java:addNew(95)) - 8c8eae1d-dd67-4c0e-97f4-ede4c5bc644d: addNew group-2755706699C4:[8c8eae1d-dd67-4c0e-97f4-ede4c5bc644d|rpc:172.17.0.2:39261|priority:1] returns group-2755706699C4:java.util.concurrent.CompletableFuture@5061ece5[Not completed]
2021-04-10 01:06:39,878 [pool-543-thread-1] INFO  server.RaftServer$Division (RaftServerImpl.java:<init>(180)) - 8c8eae1d-dd67-4c0e-97f4-ede4c5bc644d: new RaftServerImpl for group-2755706699C4:[8c8eae1d-dd67-4c0e-97f4-ede4c5bc644d|rpc:172.17.0.2:39261|priority:1] with ContainerStateMachine:uninitialized
2021-04-10 01:06:39,878 [pool-543-thread-1] INFO  server.RaftServerConfigKeys (ConfUtils.java:logGet(44)) - raft.server.rpc.timeout.min = 5s (custom)
2021-04-10 01:06:39,878 [pool-543-thread-1] INFO  server.RaftServerConfigKeys (ConfUtils.java:logGet(44)) - raft.server.rpc.timeout.max = 5200ms (custom)
2021-04-10 01:06:39,879 [pool-543-thread-1] INFO  server.RaftServerConfigKeys (ConfUtils.java:logGet(44)) - raft.server.rpc.sleep.time = 25ms (default)
2021-04-10 01:06:39,879 [pool-543-thread-1] INFO  server.RaftServerConfigKeys (ConfUtils.java:logGet(44)) - raft.server.rpc.slowness.timeout = 300000ms (custom)
2021-04-10 01:06:39,879 [pool-543-thread-1] INFO  server.RaftServerConfigKeys (ConfUtils.java:logGet(44)) - raft.server.leaderelection.leader.step-down.wait-time = 10s (default)
2021-04-10 01:06:39,879 [pool-543-thread-1] INFO  server.RaftServerConfigKeys (ConfUtils.java:logGet(44)) - raft.server.sleep.deviation.threshold = 300ms (default)
2021-04-10 01:06:39,879 [pool-543-thread-1] INFO  server.RaftServerConfigKeys (ConfUtils.java:logGet(44)) - raft.server.log.appender.install.snapshot.enabled = false (custom)
2021-04-10 01:06:39,879 [pool-543-thread-1] INFO  server.RaftServer$Division (ServerState.java:<init>(105)) - 8c8eae1d-dd67-4c0e-97f4-ede4c5bc644d@group-2755706699C4: ConfigurationManager, init=-1: [8c8eae1d-dd67-4c0e-97f4-ede4c5bc644d|rpc:172.17.0.2:39261|priority:1], old=null, confs=<EMPTY_MAP>
2021-04-10 01:06:39,879 [pool-543-thread-1] INFO  server.RaftServerConfigKeys (ConfUtils.java:logGet(44)) - raft.server.storage.dir = [/github/workspace/mnt/ozone/hadoop-ozone/integration-test/target/test-dir/MiniOzoneClusterImpl-da946c58-7c29-4448-876e-997be65f487e/datanode-7/data/ratis] (custom)
2021-04-10 01:06:39,879 [pool-543-thread-1] INFO  server.RaftServerConfigKeys (ConfUtils.java:logGet(44)) - raft.server.log.corruption.policy = EXCEPTION (default)
2021-04-10 01:06:39,880 [pool-543-thread-1] INFO  storage.RaftStorageDirectory (RaftStorageDirectoryImpl.java:analyzeStorage(132)) - The storage directory /github/workspace/mnt/ozone/hadoop-ozone/integration-test/target/test-dir/MiniOzoneClusterImpl-da946c58-7c29-4448-876e-997be65f487e/datanode-7/data/ratis/bb459efc-16c8-4713-bf14-2755706699c4 does not exist. Creating ...
2021-04-10 01:06:39,881 [pool-543-thread-1] INFO  storage.RaftStorageDirectory (RaftStorageDirectoryImpl.java:tryLock(215)) - Lock on /github/workspace/mnt/ozone/hadoop-ozone/integration-test/target/test-dir/MiniOzoneClusterImpl-da946c58-7c29-4448-876e-997be65f487e/datanode-7/data/ratis/bb459efc-16c8-4713-bf14-2755706699c4/in_use.lock acquired by nodename 5497@eab485fc2478
2021-04-10 01:06:39,882 [pool-543-thread-1] INFO  storage.RaftStorage (RaftStorageImpl.java:format(87)) - Storage directory /github/workspace/mnt/ozone/hadoop-ozone/integration-test/target/test-dir/MiniOzoneClusterImpl-da946c58-7c29-4448-876e-997be65f487e/datanode-7/data/ratis/bb459efc-16c8-4713-bf14-2755706699c4 has been successfully formatted.
2021-04-10 01:06:39,882 [pool-543-thread-1] INFO  ratis.ContainerStateMachine (ContainerStateMachine.java:loadSnapshot(224)) - group-2755706699C4: The snapshot info is null. Setting the last applied indexto:(t:0, i:~)
2021-04-10 01:06:39,883 [pool-543-thread-1] INFO  server.RaftServerConfigKeys (ConfUtils.java:logGet(44)) - raft.server.notification.no-leader.timeout = 300000ms (custom)
2021-04-10 01:06:39,883 [pool-543-thread-1] INFO  server.RaftServerConfigKeys (ConfUtils.java:logGet(44)) - raft.server.log.use.memory = false (default)
2021-04-10 01:06:39,883 [pool-543-thread-1] INFO  server.RaftServerConfigKeys (ConfUtils.java:logGet(44)) - raft.server.log.purge.gap = 1000000 (custom)
2021-04-10 01:06:39,883 [pool-543-thread-1] INFO  server.RaftServerConfigKeys (ConfUtils.java:logGet(44)) - raft.server.log.appender.buffer.byte-limit = 33554432 (custom)
2021-04-10 01:06:39,883 [pool-543-thread-1] INFO  metrics.RatisMetrics (RatisMetrics.java:lambda$create$0(36)) - Creating Metrics Registry : ratis.log_worker.8c8eae1d-dd67-4c0e-97f4-ede4c5bc644d@group-2755706699C4
2021-04-10 01:06:39,883 [pool-543-thread-1] INFO  server.RaftServerConfigKeys (ConfUtils.java:logGet(44)) - raft.server.log.segment.size.max = 1048576 (custom)
2021-04-10 01:06:39,883 [EventQueue-PipelineReportForPipelineReportHandler] INFO  pipeline.PipelineManagerV2Impl (PipelineManagerV2Impl.java:openPipeline(263)) - Pipeline Pipeline[ Id: bb459efc-16c8-4713-bf14-2755706699c4, Nodes: 8c8eae1d-dd67-4c0e-97f4-ede4c5bc644d{ip: 172.17.0.2, host: eab485fc2478, ports: [REPLICATION=32941, RATIS=39261, RATIS_ADMIN=39261, RATIS_SERVER=39261, STANDALONE=45575], networkLocation: /default-rack, certSerialId: null, persistedOpState: IN_SERVICE, persistedOpStateExpiryEpochSec: 0}, Type:RATIS, Factor:ONE, State:ALLOCATED, leaderId:8c8eae1d-dd67-4c0e-97f4-ede4c5bc644d, CreationTimestamp2021-04-10T01:06:36.880Z] moved to OPEN state
2021-04-10 01:06:39,884 [EventQueue-PipelineReportForOneReplicaPipelineSafeModeRule] INFO  safemode.SCMSafeModeManager (SCMSafeModeManager.java:validateSafeModeExitRules(201)) - AtleastOneDatanodeReportedRule rule is successfully validated
2021-04-10 01:06:39,884 [pool-543-thread-1] INFO  server.RaftServerConfigKeys (ConfUtils.java:logGet(44)) - raft.server.log.segment.cache.num.max = 2 (custom)
2021-04-10 01:06:39,884 [EventQueue-OpenPipelineForHealthyPipelineSafeModeRule] INFO  safemode.SCMSafeModeManager (HealthyPipelineSafeModeRule.java:process(128)) - SCM in safe mode. Healthy pipelines reported count is 0, required healthy pipeline reported count is 1
2021-04-10 01:06:39,884 [pool-543-thread-1] INFO  server.RaftServerConfigKeys (ConfUtils.java:logGet(44)) - raft.server.log.segment.cache.size.max = 200MB (=209715200) (default)
2021-04-10 01:06:39,884 [pool-543-thread-1] INFO  segmented.SegmentedRaftLogWorker (SegmentedRaftLogWorker.java:<init>(182)) - new 8c8eae1d-dd67-4c0e-97f4-ede4c5bc644d@group-2755706699C4-SegmentedRaftLogWorker for RaftStorageImpl:Storage Directory /github/workspace/mnt/ozone/hadoop-ozone/integration-test/target/test-dir/MiniOzoneClusterImpl-da946c58-7c29-4448-876e-997be65f487e/datanode-7/data/ratis/bb459efc-16c8-4713-bf14-2755706699c4
2021-04-10 01:06:39,884 [pool-543-thread-1] INFO  server.RaftServerConfigKeys (ConfUtils.java:logGet(44)) - raft.server.log.queue.byte-limit = 2147483647 (custom)
2021-04-10 01:06:39,884 [pool-543-thread-1] INFO  server.RaftServerConfigKeys (ConfUtils.java:logGet(44)) - raft.server.log.queue.element-limit = 1024 (custom)
2021-04-10 01:06:39,884 [pool-543-thread-1] INFO  server.RaftServerConfigKeys (ConfUtils.java:logGet(44)) - raft.server.log.segment.size.max = 1048576 (custom)
2021-04-10 01:06:39,884 [pool-543-thread-1] INFO  server.RaftServerConfigKeys (ConfUtils.java:logGet(44)) - raft.server.log.preallocated.size = 16384 (custom)
2021-04-10 01:06:39,884 [pool-543-thread-1] INFO  server.RaftServerConfigKeys (ConfUtils.java:logGet(44)) - raft.server.log.force.sync.num = 128 (default)
2021-04-10 01:06:39,884 [pool-543-thread-1] INFO  server.RaftServerConfigKeys (ConfUtils.java:logGet(44)) - raft.server.log.statemachine.data.sync = true (default)
2021-04-10 01:06:39,884 [pool-543-thread-1] INFO  server.RaftServerConfigKeys (ConfUtils.java:logGet(44)) - raft.server.log.statemachine.data.sync.timeout = 10s (default)
2021-04-10 01:06:39,885 [pool-543-thread-1] INFO  server.RaftServerConfigKeys (ConfUtils.java:logGet(44)) - raft.server.log.statemachine.data.sync.timeout.retry = -1 (default)
2021-04-10 01:06:39,886 [pool-543-thread-1] INFO  server.RaftServerConfigKeys (ConfUtils.java:logGet(44)) - raft.server.log.write.buffer.size = 1048576 (custom)
2021-04-10 01:06:39,887 [pool-543-thread-1] INFO  server.RaftServerConfigKeys (ConfUtils.java:logGet(44)) - raft.server.log.statemachine.data.caching.enabled = true (custom)
2021-04-10 01:06:39,887 [pool-543-thread-1] INFO  segmented.SegmentedRaftLogWorker (SegmentedRaftLogWorker.java:lambda$new$0(133)) - 8c8eae1d-dd67-4c0e-97f4-ede4c5bc644d@group-2755706699C4-SegmentedRaftLogWorker: flushIndex: setUnconditionally 0 -> -1
2021-04-10 01:06:39,887 [pool-543-thread-1] INFO  segmented.SegmentedRaftLogWorker (SegmentedRaftLogWorker.java:lambda$new$0(133)) - 8c8eae1d-dd67-4c0e-97f4-ede4c5bc644d@group-2755706699C4-SegmentedRaftLogWorker: safeCacheEvictIndex: setUnconditionally 0 -> -1
2021-04-10 01:06:39,887 [pool-543-thread-1] INFO  server.RaftServerConfigKeys (ConfUtils.java:logGet(44)) - raft.server.snapshot.auto.trigger.enabled = true (custom)
2021-04-10 01:06:39,887 [pool-543-thread-1] INFO  server.RaftServerConfigKeys (ConfUtils.java:logGet(44)) - raft.server.snapshot.auto.trigger.threshold = 10000 (custom)
2021-04-10 01:06:39,887 [pool-543-thread-1] INFO  server.RaftServerConfigKeys (ConfUtils.java:logGet(44)) - raft.server.snapshot.retention.file.num = 5 (custom)
2021-04-10 01:06:39,887 [pool-543-thread-1] INFO  server.RaftServerConfigKeys (ConfUtils.java:logGet(44)) - raft.server.log.purge.upto.snapshot.index = false (default)
2021-04-10 01:06:39,888 [pool-543-thread-1] INFO  server.RaftServerConfigKeys (ConfUtils.java:logGet(44)) - raft.server.retrycache.expirytime = 600000ms (custom)
2021-04-10 01:06:39,888 [pool-543-thread-1] INFO  server.RaftServerConfigKeys (ConfUtils.java:logGet(44)) - raft.server.retrycache.statistics.expirytime = 100?s (default)
2021-04-10 01:06:39,888 [pool-543-thread-1] INFO  metrics.RatisMetrics (RatisMetrics.java:lambda$create$0(36)) - Creating Metrics Registry : ratis.leader_election.8c8eae1d-dd67-4c0e-97f4-ede4c5bc644d@group-2755706699C4
2021-04-10 01:06:39,888 [pool-543-thread-1] INFO  metrics.RatisMetrics (RatisMetrics.java:lambda$create$0(36)) - Creating Metrics Registry : ratis.server.8c8eae1d-dd67-4c0e-97f4-ede4c5bc644d@group-2755706699C4
2021-04-10 01:06:39,890 [pool-543-thread-1] INFO  server.RaftServer$Division (RaftServerImpl.java:start(295)) - 8c8eae1d-dd67-4c0e-97f4-ede4c5bc644d@group-2755706699C4: start as a follower, conf=-1: [8c8eae1d-dd67-4c0e-97f4-ede4c5bc644d|rpc:172.17.0.2:39261|priority:1], old=null
2021-04-10 01:06:39,890 [pool-543-thread-1] INFO  server.RaftServer$Division (RaftServerImpl.java:setRole(284)) - 8c8eae1d-dd67-4c0e-97f4-ede4c5bc644d@group-2755706699C4: changes role from      null to FOLLOWER at term 0 for startAsFollower
2021-04-10 01:06:39,890 [pool-543-thread-1] INFO  impl.RoleInfo (RoleInfo.java:updateAndGet(130)) - 8c8eae1d-dd67-4c0e-97f4-ede4c5bc644d: start 8c8eae1d-dd67-4c0e-97f4-ede4c5bc644d@group-2755706699C4-FollowerState
2021-04-10 01:06:39,890 [pool-543-thread-1] INFO  util.JmxRegister (JmxRegister.java:tryRegister(44)) - Successfully registered JMX Bean with object name Ratis:service=RaftServer,group=group-2755706699C4,id=8c8eae1d-dd67-4c0e-97f4-ede4c5bc644d
2021-04-10 01:06:39,890 [pool-543-thread-1] INFO  metrics.RatisMetrics (RatisMetrics.java:lambda$create$0(36)) - Creating Metrics Registry : ratis.state_machine.8c8eae1d-dd67-4c0e-97f4-ede4c5bc644d@group-2755706699C4
2021-04-10 01:06:39,891 [Command processor thread] INFO  ratis.XceiverServerRatis (XceiverServerRatis.java:addGroup(808)) - Created group PipelineID=bb459efc-16c8-4713-bf14-2755706699c4
2021-04-10 01:06:39,891 [Command processor thread] INFO  commandhandler.CreatePipelineCommandHandler (CreatePipelineCommandHandler.java:handle(106)) - Created Pipeline RATIS ONE PipelineID=bb459efc-16c8-4713-bf14-2755706699c4.
2021-04-10 01:06:39,918 [EventQueue-OpenPipelineForHealthyPipelineSafeModeRule] INFO  safemode.SCMSafeModeManager (HealthyPipelineSafeModeRule.java:process(128)) - SCM in safe mode. Healthy pipelines reported count is 0, required healthy pipeline reported count is 1
2021-04-10 01:06:39,918 [EventQueue-PipelineReportForOneReplicaPipelineSafeModeRule] INFO  safemode.SCMSafeModeManager (SCMSafeModeManager.java:validateSafeModeExitRules(201)) - AtleastOneDatanodeReportedRule rule is successfully validated
2021-04-10 01:06:40,077 [Command processor thread] INFO  server.RaftServer (RaftServerProxy.java:addNew(95)) - 51a677ad-ae3c-4805-a988-993e59f99449: addNew group-FA68FF2AD76B:[51a677ad-ae3c-4805-a988-993e59f99449|rpc:172.17.0.2:40287|priority:1] returns group-FA68FF2AD76B:java.util.concurrent.CompletableFuture@7fd78b77[Not completed]
2021-04-10 01:06:40,078 [pool-559-thread-1] INFO  server.RaftServer$Division (RaftServerImpl.java:<init>(180)) - 51a677ad-ae3c-4805-a988-993e59f99449: new RaftServerImpl for group-FA68FF2AD76B:[51a677ad-ae3c-4805-a988-993e59f99449|rpc:172.17.0.2:40287|priority:1] with ContainerStateMachine:uninitialized
2021-04-10 01:06:40,078 [pool-559-thread-1] INFO  server.RaftServerConfigKeys (ConfUtils.java:logGet(44)) - raft.server.rpc.timeout.min = 5s (custom)
2021-04-10 01:06:40,078 [pool-559-thread-1] INFO  server.RaftServerConfigKeys (ConfUtils.java:logGet(44)) - raft.server.rpc.timeout.max = 5200ms (custom)
2021-04-10 01:06:40,078 [pool-559-thread-1] INFO  server.RaftServerConfigKeys (ConfUtils.java:logGet(44)) - raft.server.rpc.sleep.time = 25ms (default)
2021-04-10 01:06:40,078 [pool-559-thread-1] INFO  server.RaftServerConfigKeys (ConfUtils.java:logGet(44)) - raft.server.rpc.slowness.timeout = 300000ms (custom)
2021-04-10 01:06:40,078 [pool-559-thread-1] INFO  server.RaftServerConfigKeys (ConfUtils.java:logGet(44)) - raft.server.leaderelection.leader.step-down.wait-time = 10s (default)
2021-04-10 01:06:40,078 [pool-559-thread-1] INFO  server.RaftServerConfigKeys (ConfUtils.java:logGet(44)) - raft.server.sleep.deviation.threshold = 300ms (default)
2021-04-10 01:06:40,078 [pool-559-thread-1] INFO  server.RaftServerConfigKeys (ConfUtils.java:logGet(44)) - raft.server.log.appender.install.snapshot.enabled = false (custom)
2021-04-10 01:06:40,078 [pool-559-thread-1] INFO  server.RaftServer$Division (ServerState.java:<init>(105)) - 51a677ad-ae3c-4805-a988-993e59f99449@group-FA68FF2AD76B: ConfigurationManager, init=-1: [51a677ad-ae3c-4805-a988-993e59f99449|rpc:172.17.0.2:40287|priority:1], old=null, confs=<EMPTY_MAP>
2021-04-10 01:06:40,079 [pool-559-thread-1] INFO  server.RaftServerConfigKeys (ConfUtils.java:logGet(44)) - raft.server.storage.dir = [/github/workspace/mnt/ozone/hadoop-ozone/integration-test/target/test-dir/MiniOzoneClusterImpl-da946c58-7c29-4448-876e-997be65f487e/datanode-8/data/ratis] (custom)
2021-04-10 01:06:40,079 [pool-559-thread-1] INFO  server.RaftServerConfigKeys (ConfUtils.java:logGet(44)) - raft.server.log.corruption.policy = EXCEPTION (default)
2021-04-10 01:06:40,079 [pool-559-thread-1] INFO  storage.RaftStorageDirectory (RaftStorageDirectoryImpl.java:analyzeStorage(132)) - The storage directory /github/workspace/mnt/ozone/hadoop-ozone/integration-test/target/test-dir/MiniOzoneClusterImpl-da946c58-7c29-4448-876e-997be65f487e/datanode-8/data/ratis/c76e43d5-472b-4f8d-96f3-fa68ff2ad76b does not exist. Creating ...
2021-04-10 01:06:40,080 [Listener at 127.0.0.1/35629] INFO  ozone.MiniOzoneClusterImpl (MiniOzoneClusterImpl.java:lambda$waitForClusterToBeReady$0(222)) - Nodes are ready. Got 9 of 9 DN Heartbeats.
2021-04-10 01:06:40,081 [Listener at 127.0.0.1/35629] INFO  ozone.MiniOzoneClusterImpl (MiniOzoneClusterImpl.java:lambda$waitForClusterToBeReady$0(225)) - Waiting for cluster to exit safe mode
2021-04-10 01:06:40,081 [Listener at 127.0.0.1/35629] INFO  ozone.MiniOzoneClusterImpl (MiniOzoneClusterImpl.java:lambda$waitForClusterToBeReady$0(228)) - SCM became leader
2021-04-10 01:06:40,081 [pool-559-thread-1] INFO  storage.RaftStorageDirectory (RaftStorageDirectoryImpl.java:tryLock(215)) - Lock on /github/workspace/mnt/ozone/hadoop-ozone/integration-test/target/test-dir/MiniOzoneClusterImpl-da946c58-7c29-4448-876e-997be65f487e/datanode-8/data/ratis/c76e43d5-472b-4f8d-96f3-fa68ff2ad76b/in_use.lock acquired by nodename 5497@eab485fc2478
2021-04-10 01:06:40,084 [pool-559-thread-1] INFO  storage.RaftStorage (RaftStorageImpl.java:format(87)) - Storage directory /github/workspace/mnt/ozone/hadoop-ozone/integration-test/target/test-dir/MiniOzoneClusterImpl-da946c58-7c29-4448-876e-997be65f487e/datanode-8/data/ratis/c76e43d5-472b-4f8d-96f3-fa68ff2ad76b has been successfully formatted.
2021-04-10 01:06:40,086 [pool-559-thread-1] INFO  ratis.ContainerStateMachine (ContainerStateMachine.java:loadSnapshot(224)) - group-FA68FF2AD76B: The snapshot info is null. Setting the last applied indexto:(t:0, i:~)
2021-04-10 01:06:40,086 [pool-559-thread-1] INFO  server.RaftServerConfigKeys (ConfUtils.java:logGet(44)) - raft.server.notification.no-leader.timeout = 300000ms (custom)
2021-04-10 01:06:40,086 [pool-559-thread-1] INFO  server.RaftServerConfigKeys (ConfUtils.java:logGet(44)) - raft.server.log.use.memory = false (default)
2021-04-10 01:06:40,087 [EventQueue-PipelineReportForPipelineReportHandler] INFO  pipeline.PipelineManagerV2Impl (PipelineManagerV2Impl.java:openPipeline(263)) - Pipeline Pipeline[ Id: c76e43d5-472b-4f8d-96f3-fa68ff2ad76b, Nodes: 51a677ad-ae3c-4805-a988-993e59f99449{ip: 172.17.0.2, host: eab485fc2478, ports: [REPLICATION=38013, RATIS=40287, RATIS_ADMIN=40287, RATIS_SERVER=40287, STANDALONE=41031], networkLocation: /default-rack, certSerialId: null, persistedOpState: IN_SERVICE, persistedOpStateExpiryEpochSec: 0}, Type:RATIS, Factor:ONE, State:ALLOCATED, leaderId:51a677ad-ae3c-4805-a988-993e59f99449, CreationTimestamp2021-04-10T01:06:37.078Z] moved to OPEN state
2021-04-10 01:06:40,087 [EventQueue-PipelineReportForOneReplicaPipelineSafeModeRule] INFO  safemode.SCMSafeModeManager (SCMSafeModeManager.java:validateSafeModeExitRules(201)) - AtleastOneDatanodeReportedRule rule is successfully validated
2021-04-10 01:06:40,087 [pool-559-thread-1] INFO  server.RaftServerConfigKeys (ConfUtils.java:logGet(44)) - raft.server.log.purge.gap = 1000000 (custom)
2021-04-10 01:06:40,087 [pool-559-thread-1] INFO  server.RaftServerConfigKeys (ConfUtils.java:logGet(44)) - raft.server.log.appender.buffer.byte-limit = 33554432 (custom)
2021-04-10 01:06:40,087 [EventQueue-OpenPipelineForHealthyPipelineSafeModeRule] INFO  safemode.SCMSafeModeManager (HealthyPipelineSafeModeRule.java:process(128)) - SCM in safe mode. Healthy pipelines reported count is 0, required healthy pipeline reported count is 1
2021-04-10 01:06:40,087 [pool-559-thread-1] INFO  metrics.RatisMetrics (RatisMetrics.java:lambda$create$0(36)) - Creating Metrics Registry : ratis.log_worker.51a677ad-ae3c-4805-a988-993e59f99449@group-FA68FF2AD76B
2021-04-10 01:06:40,088 [pool-559-thread-1] INFO  server.RaftServerConfigKeys (ConfUtils.java:logGet(44)) - raft.server.log.segment.size.max = 1048576 (custom)
2021-04-10 01:06:40,088 [pool-559-thread-1] INFO  server.RaftServerConfigKeys (ConfUtils.java:logGet(44)) - raft.server.log.segment.cache.num.max = 2 (custom)
2021-04-10 01:06:40,088 [pool-559-thread-1] INFO  server.RaftServerConfigKeys (ConfUtils.java:logGet(44)) - raft.server.log.segment.cache.size.max = 200MB (=209715200) (default)
2021-04-10 01:06:40,089 [pool-559-thread-1] INFO  segmented.SegmentedRaftLogWorker (SegmentedRaftLogWorker.java:<init>(182)) - new 51a677ad-ae3c-4805-a988-993e59f99449@group-FA68FF2AD76B-SegmentedRaftLogWorker for RaftStorageImpl:Storage Directory /github/workspace/mnt/ozone/hadoop-ozone/integration-test/target/test-dir/MiniOzoneClusterImpl-da946c58-7c29-4448-876e-997be65f487e/datanode-8/data/ratis/c76e43d5-472b-4f8d-96f3-fa68ff2ad76b
2021-04-10 01:06:40,089 [pool-559-thread-1] INFO  server.RaftServerConfigKeys (ConfUtils.java:logGet(44)) - raft.server.log.queue.byte-limit = 2147483647 (custom)
2021-04-10 01:06:40,089 [pool-559-thread-1] INFO  server.RaftServerConfigKeys (ConfUtils.java:logGet(44)) - raft.server.log.queue.element-limit = 1024 (custom)
2021-04-10 01:06:40,089 [pool-559-thread-1] INFO  server.RaftServerConfigKeys (ConfUtils.java:logGet(44)) - raft.server.log.segment.size.max = 1048576 (custom)
2021-04-10 01:06:40,089 [pool-559-thread-1] INFO  server.RaftServerConfigKeys (ConfUtils.java:logGet(44)) - raft.server.log.preallocated.size = 16384 (custom)
2021-04-10 01:06:40,089 [pool-559-thread-1] INFO  server.RaftServerConfigKeys (ConfUtils.java:logGet(44)) - raft.server.log.force.sync.num = 128 (default)
2021-04-10 01:06:40,089 [pool-559-thread-1] INFO  server.RaftServerConfigKeys (ConfUtils.java:logGet(44)) - raft.server.log.statemachine.data.sync = true (default)
2021-04-10 01:06:40,089 [pool-559-thread-1] INFO  server.RaftServerConfigKeys (ConfUtils.java:logGet(44)) - raft.server.log.statemachine.data.sync.timeout = 10s (default)
2021-04-10 01:06:40,089 [pool-559-thread-1] INFO  server.RaftServerConfigKeys (ConfUtils.java:logGet(44)) - raft.server.log.statemachine.data.sync.timeout.retry = -1 (default)
2021-04-10 01:06:40,090 [pool-559-thread-1] INFO  server.RaftServerConfigKeys (ConfUtils.java:logGet(44)) - raft.server.log.write.buffer.size = 1048576 (custom)
2021-04-10 01:06:40,091 [pool-559-thread-1] INFO  server.RaftServerConfigKeys (ConfUtils.java:logGet(44)) - raft.server.log.statemachine.data.caching.enabled = true (custom)
2021-04-10 01:06:40,092 [pool-559-thread-1] INFO  segmented.SegmentedRaftLogWorker (SegmentedRaftLogWorker.java:lambda$new$0(133)) - 51a677ad-ae3c-4805-a988-993e59f99449@group-FA68FF2AD76B-SegmentedRaftLogWorker: flushIndex: setUnconditionally 0 -> -1
2021-04-10 01:06:40,092 [pool-559-thread-1] INFO  segmented.SegmentedRaftLogWorker (SegmentedRaftLogWorker.java:lambda$new$0(133)) - 51a677ad-ae3c-4805-a988-993e59f99449@group-FA68FF2AD76B-SegmentedRaftLogWorker: safeCacheEvictIndex: setUnconditionally 0 -> -1
2021-04-10 01:06:40,093 [pool-559-thread-1] INFO  server.RaftServerConfigKeys (ConfUtils.java:logGet(44)) - raft.server.snapshot.auto.trigger.enabled = true (custom)
2021-04-10 01:06:40,093 [pool-559-thread-1] INFO  server.RaftServerConfigKeys (ConfUtils.java:logGet(44)) - raft.server.snapshot.auto.trigger.threshold = 10000 (custom)
2021-04-10 01:06:40,093 [pool-559-thread-1] INFO  server.RaftServerConfigKeys (ConfUtils.java:logGet(44)) - raft.server.snapshot.retention.file.num = 5 (custom)
2021-04-10 01:06:40,093 [pool-559-thread-1] INFO  server.RaftServerConfigKeys (ConfUtils.java:logGet(44)) - raft.server.log.purge.upto.snapshot.index = false (default)
2021-04-10 01:06:40,093 [pool-559-thread-1] INFO  server.RaftServerConfigKeys (ConfUtils.java:logGet(44)) - raft.server.retrycache.expirytime = 600000ms (custom)
2021-04-10 01:06:40,093 [pool-559-thread-1] INFO  server.RaftServerConfigKeys (ConfUtils.java:logGet(44)) - raft.server.retrycache.statistics.expirytime = 100?s (default)
2021-04-10 01:06:40,093 [pool-559-thread-1] INFO  metrics.RatisMetrics (RatisMetrics.java:lambda$create$0(36)) - Creating Metrics Registry : ratis.leader_election.51a677ad-ae3c-4805-a988-993e59f99449@group-FA68FF2AD76B
2021-04-10 01:06:40,094 [pool-559-thread-1] INFO  metrics.RatisMetrics (RatisMetrics.java:lambda$create$0(36)) - Creating Metrics Registry : ratis.server.51a677ad-ae3c-4805-a988-993e59f99449@group-FA68FF2AD76B
2021-04-10 01:06:40,096 [pool-559-thread-1] INFO  server.RaftServer$Division (RaftServerImpl.java:start(295)) - 51a677ad-ae3c-4805-a988-993e59f99449@group-FA68FF2AD76B: start as a follower, conf=-1: [51a677ad-ae3c-4805-a988-993e59f99449|rpc:172.17.0.2:40287|priority:1], old=null
2021-04-10 01:06:40,096 [pool-559-thread-1] INFO  server.RaftServer$Division (RaftServerImpl.java:setRole(284)) - 51a677ad-ae3c-4805-a988-993e59f99449@group-FA68FF2AD76B: changes role from      null to FOLLOWER at term 0 for startAsFollower
2021-04-10 01:06:40,096 [pool-559-thread-1] INFO  impl.RoleInfo (RoleInfo.java:updateAndGet(130)) - 51a677ad-ae3c-4805-a988-993e59f99449: start 51a677ad-ae3c-4805-a988-993e59f99449@group-FA68FF2AD76B-FollowerState
2021-04-10 01:06:40,097 [pool-559-thread-1] INFO  util.JmxRegister (JmxRegister.java:tryRegister(44)) - Successfully registered JMX Bean with object name Ratis:service=RaftServer,group=group-FA68FF2AD76B,id=51a677ad-ae3c-4805-a988-993e59f99449
2021-04-10 01:06:40,097 [pool-559-thread-1] INFO  metrics.RatisMetrics (RatisMetrics.java:lambda$create$0(36)) - Creating Metrics Registry : ratis.state_machine.51a677ad-ae3c-4805-a988-993e59f99449@group-FA68FF2AD76B
2021-04-10 01:06:40,098 [Command processor thread] INFO  ratis.XceiverServerRatis (XceiverServerRatis.java:addGroup(808)) - Created group PipelineID=c76e43d5-472b-4f8d-96f3-fa68ff2ad76b
2021-04-10 01:06:40,098 [Command processor thread] INFO  commandhandler.CreatePipelineCommandHandler (CreatePipelineCommandHandler.java:handle(106)) - Created Pipeline RATIS ONE PipelineID=c76e43d5-472b-4f8d-96f3-fa68ff2ad76b.
2021-04-10 01:06:40,139 [EventQueue-PipelineReportForOneReplicaPipelineSafeModeRule] INFO  safemode.SCMSafeModeManager (SCMSafeModeManager.java:validateSafeModeExitRules(201)) - AtleastOneDatanodeReportedRule rule is successfully validated
2021-04-10 01:06:40,139 [EventQueue-OpenPipelineForHealthyPipelineSafeModeRule] INFO  safemode.SCMSafeModeManager (HealthyPipelineSafeModeRule.java:process(128)) - SCM in safe mode. Healthy pipelines reported count is 0, required healthy pipeline reported count is 1
2021-04-10 01:06:40,269 [EventQueue-PipelineReportForOneReplicaPipelineSafeModeRule] INFO  safemode.SCMSafeModeManager (SCMSafeModeManager.java:validateSafeModeExitRules(201)) - AtleastOneDatanodeReportedRule rule is successfully validated
2021-04-10 01:06:40,269 [EventQueue-OpenPipelineForHealthyPipelineSafeModeRule] INFO  safemode.SCMSafeModeManager (HealthyPipelineSafeModeRule.java:process(128)) - SCM in safe mode. Healthy pipelines reported count is 0, required healthy pipeline reported count is 1
2021-04-10 01:06:40,376 [EventQueue-PipelineReportForOneReplicaPipelineSafeModeRule] INFO  safemode.SCMSafeModeManager (SCMSafeModeManager.java:validateSafeModeExitRules(201)) - AtleastOneDatanodeReportedRule rule is successfully validated
2021-04-10 01:06:40,377 [EventQueue-OpenPipelineForHealthyPipelineSafeModeRule] INFO  safemode.SCMSafeModeManager (HealthyPipelineSafeModeRule.java:process(128)) - SCM in safe mode. Healthy pipelines reported count is 0, required healthy pipeline reported count is 1
2021-04-10 01:06:40,462 [EventQueue-OpenPipelineForHealthyPipelineSafeModeRule] INFO  safemode.SCMSafeModeManager (HealthyPipelineSafeModeRule.java:process(128)) - SCM in safe mode. Healthy pipelines reported count is 0, required healthy pipeline reported count is 1
2021-04-10 01:06:40,462 [EventQueue-PipelineReportForOneReplicaPipelineSafeModeRule] INFO  safemode.SCMSafeModeManager (SCMSafeModeManager.java:validateSafeModeExitRules(201)) - AtleastOneDatanodeReportedRule rule is successfully validated
2021-04-10 01:06:40,620 [EventQueue-OpenPipelineForHealthyPipelineSafeModeRule] INFO  safemode.SCMSafeModeManager (HealthyPipelineSafeModeRule.java:process(128)) - SCM in safe mode. Healthy pipelines reported count is 0, required healthy pipeline reported count is 1
2021-04-10 01:06:40,620 [EventQueue-PipelineReportForOneReplicaPipelineSafeModeRule] INFO  safemode.SCMSafeModeManager (SCMSafeModeManager.java:validateSafeModeExitRules(201)) - AtleastOneDatanodeReportedRule rule is successfully validated
2021-04-10 01:06:40,668 [EventQueue-PipelineReportForOneReplicaPipelineSafeModeRule] INFO  safemode.SCMSafeModeManager (SCMSafeModeManager.java:validateSafeModeExitRules(201)) - AtleastOneDatanodeReportedRule rule is successfully validated
2021-04-10 01:06:40,668 [EventQueue-OpenPipelineForHealthyPipelineSafeModeRule] INFO  safemode.SCMSafeModeManager (HealthyPipelineSafeModeRule.java:process(128)) - SCM in safe mode. Healthy pipelines reported count is 0, required healthy pipeline reported count is 1
2021-04-10 01:06:40,883 [EventQueue-PipelineReportForOneReplicaPipelineSafeModeRule] INFO  safemode.SCMSafeModeManager (SCMSafeModeManager.java:validateSafeModeExitRules(201)) - AtleastOneDatanodeReportedRule rule is successfully validated
2021-04-10 01:06:40,883 [EventQueue-OpenPipelineForHealthyPipelineSafeModeRule] INFO  safemode.SCMSafeModeManager (HealthyPipelineSafeModeRule.java:process(128)) - SCM in safe mode. Healthy pipelines reported count is 0, required healthy pipeline reported count is 1
2021-04-10 01:06:40,926 [EventQueue-PipelineReportForOneReplicaPipelineSafeModeRule] INFO  safemode.SCMSafeModeManager (SCMSafeModeManager.java:validateSafeModeExitRules(201)) - AtleastOneDatanodeReportedRule rule is successfully validated
2021-04-10 01:06:40,926 [EventQueue-OpenPipelineForHealthyPipelineSafeModeRule] INFO  safemode.SCMSafeModeManager (HealthyPipelineSafeModeRule.java:process(128)) - SCM in safe mode. Healthy pipelines reported count is 0, required healthy pipeline reported count is 1
2021-04-10 01:06:41,081 [Listener at 127.0.0.1/35629] INFO  ozone.MiniOzoneClusterImpl (MiniOzoneClusterImpl.java:lambda$waitForClusterToBeReady$0(222)) - Nodes are ready. Got 9 of 9 DN Heartbeats.
2021-04-10 01:06:41,081 [Listener at 127.0.0.1/35629] INFO  ozone.MiniOzoneClusterImpl (MiniOzoneClusterImpl.java:lambda$waitForClusterToBeReady$0(225)) - Waiting for cluster to exit safe mode
2021-04-10 01:06:41,081 [Listener at 127.0.0.1/35629] INFO  ozone.MiniOzoneClusterImpl (MiniOzoneClusterImpl.java:lambda$waitForClusterToBeReady$0(228)) - SCM became leader
2021-04-10 01:06:41,086 [EventQueue-OpenPipelineForHealthyPipelineSafeModeRule] INFO  safemode.SCMSafeModeManager (HealthyPipelineSafeModeRule.java:process(128)) - SCM in safe mode. Healthy pipelines reported count is 0, required healthy pipeline reported count is 1
2021-04-10 01:06:41,086 [EventQueue-PipelineReportForOneReplicaPipelineSafeModeRule] INFO  safemode.SCMSafeModeManager (SCMSafeModeManager.java:validateSafeModeExitRules(201)) - AtleastOneDatanodeReportedRule rule is successfully validated
2021-04-10 01:06:41,139 [EventQueue-PipelineReportForOneReplicaPipelineSafeModeRule] INFO  safemode.SCMSafeModeManager (SCMSafeModeManager.java:validateSafeModeExitRules(201)) - AtleastOneDatanodeReportedRule rule is successfully validated
2021-04-10 01:06:41,139 [EventQueue-OpenPipelineForHealthyPipelineSafeModeRule] INFO  safemode.SCMSafeModeManager (HealthyPipelineSafeModeRule.java:process(128)) - SCM in safe mode. Healthy pipelines reported count is 0, required healthy pipeline reported count is 1
2021-04-10 01:06:41,270 [EventQueue-OpenPipelineForHealthyPipelineSafeModeRule] INFO  safemode.SCMSafeModeManager (HealthyPipelineSafeModeRule.java:process(128)) - SCM in safe mode. Healthy pipelines reported count is 0, required healthy pipeline reported count is 1
2021-04-10 01:06:41,270 [EventQueue-PipelineReportForOneReplicaPipelineSafeModeRule] INFO  safemode.SCMSafeModeManager (SCMSafeModeManager.java:validateSafeModeExitRules(201)) - AtleastOneDatanodeReportedRule rule is successfully validated
2021-04-10 01:06:41,376 [EventQueue-OpenPipelineForHealthyPipelineSafeModeRule] INFO  safemode.SCMSafeModeManager (HealthyPipelineSafeModeRule.java:process(128)) - SCM in safe mode. Healthy pipelines reported count is 0, required healthy pipeline reported count is 1
2021-04-10 01:06:41,377 [EventQueue-PipelineReportForOneReplicaPipelineSafeModeRule] INFO  safemode.SCMSafeModeManager (SCMSafeModeManager.java:validateSafeModeExitRules(201)) - AtleastOneDatanodeReportedRule rule is successfully validated
2021-04-10 01:06:41,462 [EventQueue-PipelineReportForOneReplicaPipelineSafeModeRule] INFO  safemode.SCMSafeModeManager (SCMSafeModeManager.java:validateSafeModeExitRules(201)) - AtleastOneDatanodeReportedRule rule is successfully validated
2021-04-10 01:06:41,462 [EventQueue-OpenPipelineForHealthyPipelineSafeModeRule] INFO  safemode.SCMSafeModeManager (HealthyPipelineSafeModeRule.java:process(128)) - SCM in safe mode. Healthy pipelines reported count is 0, required healthy pipeline reported count is 1
2021-04-10 01:06:41,620 [EventQueue-PipelineReportForOneReplicaPipelineSafeModeRule] INFO  safemode.SCMSafeModeManager (SCMSafeModeManager.java:validateSafeModeExitRules(201)) - AtleastOneDatanodeReportedRule rule is successfully validated
2021-04-10 01:06:41,621 [EventQueue-OpenPipelineForHealthyPipelineSafeModeRule] INFO  safemode.SCMSafeModeManager (HealthyPipelineSafeModeRule.java:process(128)) - SCM in safe mode. Healthy pipelines reported count is 0, required healthy pipeline reported count is 1
2021-04-10 01:06:41,668 [EventQueue-PipelineReportForOneReplicaPipelineSafeModeRule] INFO  safemode.SCMSafeModeManager (SCMSafeModeManager.java:validateSafeModeExitRules(201)) - AtleastOneDatanodeReportedRule rule is successfully validated
2021-04-10 01:06:41,668 [EventQueue-OpenPipelineForHealthyPipelineSafeModeRule] INFO  safemode.SCMSafeModeManager (HealthyPipelineSafeModeRule.java:process(128)) - SCM in safe mode. Healthy pipelines reported count is 0, required healthy pipeline reported count is 1
2021-04-10 01:06:41,883 [EventQueue-OpenPipelineForHealthyPipelineSafeModeRule] INFO  safemode.SCMSafeModeManager (HealthyPipelineSafeModeRule.java:process(128)) - SCM in safe mode. Healthy pipelines reported count is 0, required healthy pipeline reported count is 1
2021-04-10 01:06:41,883 [EventQueue-PipelineReportForOneReplicaPipelineSafeModeRule] INFO  safemode.SCMSafeModeManager (SCMSafeModeManager.java:validateSafeModeExitRules(201)) - AtleastOneDatanodeReportedRule rule is successfully validated
2021-04-10 01:06:41,926 [EventQueue-OpenPipelineForHealthyPipelineSafeModeRule] INFO  safemode.SCMSafeModeManager (HealthyPipelineSafeModeRule.java:process(128)) - SCM in safe mode. Healthy pipelines reported count is 0, required healthy pipeline reported count is 1
2021-04-10 01:06:41,926 [EventQueue-PipelineReportForOneReplicaPipelineSafeModeRule] INFO  safemode.SCMSafeModeManager (SCMSafeModeManager.java:validateSafeModeExitRules(201)) - AtleastOneDatanodeReportedRule rule is successfully validated
2021-04-10 01:06:42,082 [Listener at 127.0.0.1/35629] INFO  ozone.MiniOzoneClusterImpl (MiniOzoneClusterImpl.java:lambda$waitForClusterToBeReady$0(222)) - Nodes are ready. Got 9 of 9 DN Heartbeats.
2021-04-10 01:06:42,082 [Listener at 127.0.0.1/35629] INFO  ozone.MiniOzoneClusterImpl (MiniOzoneClusterImpl.java:lambda$waitForClusterToBeReady$0(225)) - Waiting for cluster to exit safe mode
2021-04-10 01:06:42,082 [Listener at 127.0.0.1/35629] INFO  ozone.MiniOzoneClusterImpl (MiniOzoneClusterImpl.java:lambda$waitForClusterToBeReady$0(228)) - SCM became leader
2021-04-10 01:06:42,087 [EventQueue-OpenPipelineForHealthyPipelineSafeModeRule] INFO  safemode.SCMSafeModeManager (HealthyPipelineSafeModeRule.java:process(128)) - SCM in safe mode. Healthy pipelines reported count is 0, required healthy pipeline reported count is 1
2021-04-10 01:06:42,087 [EventQueue-PipelineReportForOneReplicaPipelineSafeModeRule] INFO  safemode.SCMSafeModeManager (SCMSafeModeManager.java:validateSafeModeExitRules(201)) - AtleastOneDatanodeReportedRule rule is successfully validated
2021-04-10 01:06:42,139 [EventQueue-OpenPipelineForHealthyPipelineSafeModeRule] INFO  safemode.SCMSafeModeManager (HealthyPipelineSafeModeRule.java:process(128)) - SCM in safe mode. Healthy pipelines reported count is 0, required healthy pipeline reported count is 1
2021-04-10 01:06:42,139 [EventQueue-PipelineReportForOneReplicaPipelineSafeModeRule] INFO  safemode.SCMSafeModeManager (SCMSafeModeManager.java:validateSafeModeExitRules(201)) - AtleastOneDatanodeReportedRule rule is successfully validated
2021-04-10 01:06:42,269 [EventQueue-OpenPipelineForHealthyPipelineSafeModeRule] INFO  safemode.SCMSafeModeManager (HealthyPipelineSafeModeRule.java:process(128)) - SCM in safe mode. Healthy pipelines reported count is 0, required healthy pipeline reported count is 1
2021-04-10 01:06:42,269 [EventQueue-PipelineReportForOneReplicaPipelineSafeModeRule] INFO  safemode.SCMSafeModeManager (SCMSafeModeManager.java:validateSafeModeExitRules(201)) - AtleastOneDatanodeReportedRule rule is successfully validated
2021-04-10 01:06:42,378 [EventQueue-PipelineReportForOneReplicaPipelineSafeModeRule] INFO  safemode.SCMSafeModeManager (SCMSafeModeManager.java:validateSafeModeExitRules(201)) - AtleastOneDatanodeReportedRule rule is successfully validated
2021-04-10 01:06:42,378 [EventQueue-OpenPipelineForHealthyPipelineSafeModeRule] INFO  safemode.SCMSafeModeManager (HealthyPipelineSafeModeRule.java:process(128)) - SCM in safe mode. Healthy pipelines reported count is 0, required healthy pipeline reported count is 1
2021-04-10 01:06:42,462 [EventQueue-OpenPipelineForHealthyPipelineSafeModeRule] INFO  safemode.SCMSafeModeManager (HealthyPipelineSafeModeRule.java:process(128)) - SCM in safe mode. Healthy pipelines reported count is 0, required healthy pipeline reported count is 1
2021-04-10 01:06:42,463 [EventQueue-PipelineReportForOneReplicaPipelineSafeModeRule] INFO  safemode.SCMSafeModeManager (SCMSafeModeManager.java:validateSafeModeExitRules(201)) - AtleastOneDatanodeReportedRule rule is successfully validated
2021-04-10 01:06:42,621 [EventQueue-OpenPipelineForHealthyPipelineSafeModeRule] INFO  safemode.SCMSafeModeManager (HealthyPipelineSafeModeRule.java:process(128)) - SCM in safe mode. Healthy pipelines reported count is 0, required healthy pipeline reported count is 1
2021-04-10 01:06:42,621 [EventQueue-PipelineReportForOneReplicaPipelineSafeModeRule] INFO  safemode.SCMSafeModeManager (SCMSafeModeManager.java:validateSafeModeExitRules(201)) - AtleastOneDatanodeReportedRule rule is successfully validated
2021-04-10 01:06:42,668 [EventQueue-OpenPipelineForHealthyPipelineSafeModeRule] INFO  safemode.SCMSafeModeManager (HealthyPipelineSafeModeRule.java:process(128)) - SCM in safe mode. Healthy pipelines reported count is 0, required healthy pipeline reported count is 1
2021-04-10 01:06:42,668 [EventQueue-PipelineReportForOneReplicaPipelineSafeModeRule] INFO  safemode.SCMSafeModeManager (SCMSafeModeManager.java:validateSafeModeExitRules(201)) - AtleastOneDatanodeReportedRule rule is successfully validated
2021-04-10 01:06:42,884 [EventQueue-OpenPipelineForHealthyPipelineSafeModeRule] INFO  safemode.SCMSafeModeManager (HealthyPipelineSafeModeRule.java:process(128)) - SCM in safe mode. Healthy pipelines reported count is 0, required healthy pipeline reported count is 1
2021-04-10 01:06:42,884 [EventQueue-PipelineReportForOneReplicaPipelineSafeModeRule] INFO  safemode.SCMSafeModeManager (SCMSafeModeManager.java:validateSafeModeExitRules(201)) - AtleastOneDatanodeReportedRule rule is successfully validated
2021-04-10 01:06:42,926 [EventQueue-OpenPipelineForHealthyPipelineSafeModeRule] INFO  safemode.SCMSafeModeManager (HealthyPipelineSafeModeRule.java:process(128)) - SCM in safe mode. Healthy pipelines reported count is 0, required healthy pipeline reported count is 1
2021-04-10 01:06:42,926 [EventQueue-PipelineReportForOneReplicaPipelineSafeModeRule] INFO  safemode.SCMSafeModeManager (SCMSafeModeManager.java:validateSafeModeExitRules(201)) - AtleastOneDatanodeReportedRule rule is successfully validated
2021-04-10 01:06:43,083 [Listener at 127.0.0.1/35629] INFO  ozone.MiniOzoneClusterImpl (MiniOzoneClusterImpl.java:lambda$waitForClusterToBeReady$0(222)) - Nodes are ready. Got 9 of 9 DN Heartbeats.
2021-04-10 01:06:43,083 [Listener at 127.0.0.1/35629] INFO  ozone.MiniOzoneClusterImpl (MiniOzoneClusterImpl.java:lambda$waitForClusterToBeReady$0(225)) - Waiting for cluster to exit safe mode
2021-04-10 01:06:43,083 [Listener at 127.0.0.1/35629] INFO  ozone.MiniOzoneClusterImpl (MiniOzoneClusterImpl.java:lambda$waitForClusterToBeReady$0(228)) - SCM became leader
2021-04-10 01:06:43,087 [EventQueue-OpenPipelineForHealthyPipelineSafeModeRule] INFO  safemode.SCMSafeModeManager (HealthyPipelineSafeModeRule.java:process(128)) - SCM in safe mode. Healthy pipelines reported count is 0, required healthy pipeline reported count is 1
2021-04-10 01:06:43,087 [EventQueue-PipelineReportForOneReplicaPipelineSafeModeRule] INFO  safemode.SCMSafeModeManager (SCMSafeModeManager.java:validateSafeModeExitRules(201)) - AtleastOneDatanodeReportedRule rule is successfully validated
2021-04-10 01:06:43,139 [EventQueue-OpenPipelineForHealthyPipelineSafeModeRule] INFO  safemode.SCMSafeModeManager (HealthyPipelineSafeModeRule.java:process(128)) - SCM in safe mode. Healthy pipelines reported count is 0, required healthy pipeline reported count is 1
2021-04-10 01:06:43,139 [EventQueue-PipelineReportForOneReplicaPipelineSafeModeRule] INFO  safemode.SCMSafeModeManager (SCMSafeModeManager.java:validateSafeModeExitRules(201)) - AtleastOneDatanodeReportedRule rule is successfully validated
2021-04-10 01:06:43,269 [EventQueue-OpenPipelineForHealthyPipelineSafeModeRule] INFO  safemode.SCMSafeModeManager (HealthyPipelineSafeModeRule.java:process(128)) - SCM in safe mode. Healthy pipelines reported count is 0, required healthy pipeline reported count is 1
2021-04-10 01:06:43,269 [EventQueue-PipelineReportForOneReplicaPipelineSafeModeRule] INFO  safemode.SCMSafeModeManager (SCMSafeModeManager.java:validateSafeModeExitRules(201)) - AtleastOneDatanodeReportedRule rule is successfully validated
2021-04-10 01:06:43,280 [c76c366c-8643-4ee1-839d-0bd7e1d17140@group-0E929E22572F-FollowerState] INFO  impl.FollowerState (FollowerState.java:run(134)) - c76c366c-8643-4ee1-839d-0bd7e1d17140@group-0E929E22572F-FollowerState: change to CANDIDATE, lastRpcElapsedTime:5002367607ns, electionTimeout:5002ms
2021-04-10 01:06:43,280 [c76c366c-8643-4ee1-839d-0bd7e1d17140@group-0E929E22572F-FollowerState] INFO  impl.RoleInfo (RoleInfo.java:shutdownFollowerState(108)) - c76c366c-8643-4ee1-839d-0bd7e1d17140: shutdown c76c366c-8643-4ee1-839d-0bd7e1d17140@group-0E929E22572F-FollowerState
2021-04-10 01:06:43,280 [c76c366c-8643-4ee1-839d-0bd7e1d17140@group-0E929E22572F-FollowerState] INFO  server.RaftServer$Division (RaftServerImpl.java:setRole(284)) - c76c366c-8643-4ee1-839d-0bd7e1d17140@group-0E929E22572F: changes role from  FOLLOWER to CANDIDATE at term 0 for changeToCandidate
2021-04-10 01:06:43,282 [c76c366c-8643-4ee1-839d-0bd7e1d17140@group-0E929E22572F-FollowerState] INFO  server.RaftServerConfigKeys (ConfUtils.java:logGet(44)) - raft.server.leaderelection.pre-vote = false (custom)
2021-04-10 01:06:43,282 [c76c366c-8643-4ee1-839d-0bd7e1d17140@group-0E929E22572F-FollowerState] INFO  impl.RoleInfo (RoleInfo.java:updateAndGet(130)) - c76c366c-8643-4ee1-839d-0bd7e1d17140: start c76c366c-8643-4ee1-839d-0bd7e1d17140@group-0E929E22572F-LeaderElection45
2021-04-10 01:06:43,297 [c76c366c-8643-4ee1-839d-0bd7e1d17140@group-0E929E22572F-LeaderElection45] INFO  impl.LeaderElection (LeaderElection.java:askForVotes(306)) - c76c366c-8643-4ee1-839d-0bd7e1d17140@group-0E929E22572F-LeaderElection45 ELECTION round 0: submit vote requests at term 1 for -1: [21f15bd4-cfa2-4f88-85d5-ad2919bb380f|rpc:172.17.0.2:35987|priority:0, c76c366c-8643-4ee1-839d-0bd7e1d17140|rpc:172.17.0.2:37239|priority:0, 9eda0c20-f49c-4c2b-9c3e-213dec6e2110|rpc:172.17.0.2:40767|priority:1], old=null
2021-04-10 01:06:43,314 [grpc-default-executor-3] INFO  server.RaftServer$Division (RaftServerImpl.java:requestVote(1025)) - 9eda0c20-f49c-4c2b-9c3e-213dec6e2110@group-0E929E22572F: receive requestVote(ELECTION, c76c366c-8643-4ee1-839d-0bd7e1d17140, group-0E929E22572F, 1, (t:0, i:0))
2021-04-10 01:06:43,314 [grpc-default-executor-3] INFO  impl.VoteContext (VoteContext.java:log(48)) - 9eda0c20-f49c-4c2b-9c3e-213dec6e2110@group-0E929E22572F-FOLLOWER: reject ELECTION from c76c366c-8643-4ee1-839d-0bd7e1d17140: our priority 1 > candidate's priority 0
2021-04-10 01:06:43,314 [grpc-default-executor-3] INFO  server.RaftServer$Division (RaftServerImpl.java:setRole(284)) - 9eda0c20-f49c-4c2b-9c3e-213dec6e2110@group-0E929E22572F: changes role from  FOLLOWER to FOLLOWER at term 1 for candidate:c76c366c-8643-4ee1-839d-0bd7e1d17140
2021-04-10 01:06:43,314 [grpc-default-executor-3] INFO  impl.RoleInfo (RoleInfo.java:shutdownFollowerState(108)) - 9eda0c20-f49c-4c2b-9c3e-213dec6e2110: shutdown 9eda0c20-f49c-4c2b-9c3e-213dec6e2110@group-0E929E22572F-FollowerState
2021-04-10 01:06:43,314 [grpc-default-executor-3] INFO  impl.RoleInfo (RoleInfo.java:updateAndGet(130)) - 9eda0c20-f49c-4c2b-9c3e-213dec6e2110: start 9eda0c20-f49c-4c2b-9c3e-213dec6e2110@group-0E929E22572F-FollowerState
2021-04-10 01:06:43,315 [9eda0c20-f49c-4c2b-9c3e-213dec6e2110@group-0E929E22572F-FollowerState] INFO  impl.FollowerState (FollowerState.java:run(143)) - 9eda0c20-f49c-4c2b-9c3e-213dec6e2110@group-0E929E22572F-FollowerState was interrupted: {}
java.lang.InterruptedException: sleep interrupted
	at java.lang.Thread.sleep(Native Method)
	at java.lang.Thread.sleep(Thread.java:340)
	at java.util.concurrent.TimeUnit.sleep(TimeUnit.java:386)
	at org.apache.ratis.util.TimeDuration.sleep(TimeDuration.java:324)
	at org.apache.ratis.util.TimeDuration.sleep(TimeDuration.java:309)
	at org.apache.ratis.server.impl.FollowerState.run(FollowerState.java:118)
2021-04-10 01:06:43,316 [grpc-default-executor-1] INFO  server.RaftServer$Division (RaftServerImpl.java:requestVote(1025)) - 21f15bd4-cfa2-4f88-85d5-ad2919bb380f@group-0E929E22572F: receive requestVote(ELECTION, c76c366c-8643-4ee1-839d-0bd7e1d17140, group-0E929E22572F, 1, (t:0, i:0))
2021-04-10 01:06:43,316 [grpc-default-executor-1] INFO  impl.VoteContext (VoteContext.java:log(48)) - 21f15bd4-cfa2-4f88-85d5-ad2919bb380f@group-0E929E22572F-FOLLOWER: accept ELECTION from c76c366c-8643-4ee1-839d-0bd7e1d17140: our priority 0 <= candidate's priority 0
2021-04-10 01:06:43,316 [grpc-default-executor-1] INFO  server.RaftServer$Division (RaftServerImpl.java:setRole(284)) - 21f15bd4-cfa2-4f88-85d5-ad2919bb380f@group-0E929E22572F: changes role from  FOLLOWER to FOLLOWER at term 1 for candidate:c76c366c-8643-4ee1-839d-0bd7e1d17140
2021-04-10 01:06:43,316 [grpc-default-executor-1] INFO  impl.RoleInfo (RoleInfo.java:shutdownFollowerState(108)) - 21f15bd4-cfa2-4f88-85d5-ad2919bb380f: shutdown 21f15bd4-cfa2-4f88-85d5-ad2919bb380f@group-0E929E22572F-FollowerState
2021-04-10 01:06:43,316 [grpc-default-executor-1] INFO  impl.RoleInfo (RoleInfo.java:updateAndGet(130)) - 21f15bd4-cfa2-4f88-85d5-ad2919bb380f: start 21f15bd4-cfa2-4f88-85d5-ad2919bb380f@group-0E929E22572F-FollowerState
2021-04-10 01:06:43,316 [grpc-default-executor-3] INFO  server.RaftServer$Division (RaftServerImpl.java:requestVote(1057)) - 9eda0c20-f49c-4c2b-9c3e-213dec6e2110@group-0E929E22572F replies to ELECTION vote request: c76c366c-8643-4ee1-839d-0bd7e1d17140<-9eda0c20-f49c-4c2b-9c3e-213dec6e2110#0:FAIL-t1. Peer's state: 9eda0c20-f49c-4c2b-9c3e-213dec6e2110@group-0E929E22572F:t1, leader=null, voted=null, raftlog=9eda0c20-f49c-4c2b-9c3e-213dec6e2110@group-0E929E22572F-SegmentedRaftLog:OPENED:c-1,f-1,i0, conf=-1: [21f15bd4-cfa2-4f88-85d5-ad2919bb380f|rpc:172.17.0.2:35987|dataStream:|priority:0, c76c366c-8643-4ee1-839d-0bd7e1d17140|rpc:172.17.0.2:37239|dataStream:|priority:0, 9eda0c20-f49c-4c2b-9c3e-213dec6e2110|rpc:172.17.0.2:40767|dataStream:|priority:1], old=null
2021-04-10 01:06:43,317 [21f15bd4-cfa2-4f88-85d5-ad2919bb380f@group-0E929E22572F-FollowerState] INFO  impl.FollowerState (FollowerState.java:run(143)) - 21f15bd4-cfa2-4f88-85d5-ad2919bb380f@group-0E929E22572F-FollowerState was interrupted: {}
java.lang.InterruptedException: sleep interrupted
	at java.lang.Thread.sleep(Native Method)
	at java.lang.Thread.sleep(Thread.java:340)
	at java.util.concurrent.TimeUnit.sleep(TimeUnit.java:386)
	at org.apache.ratis.util.TimeDuration.sleep(TimeDuration.java:324)
	at org.apache.ratis.util.TimeDuration.sleep(TimeDuration.java:309)
	at org.apache.ratis.server.impl.FollowerState.run(FollowerState.java:118)
2021-04-10 01:06:43,323 [c76c366c-8643-4ee1-839d-0bd7e1d17140@group-0E929E22572F-LeaderElection45] INFO  impl.LeaderElection (LeaderElection.java:logAndReturn(89)) - c76c366c-8643-4ee1-839d-0bd7e1d17140@group-0E929E22572F-LeaderElection45: ELECTION REJECTED received 1 response(s) and 0 exception(s):
2021-04-10 01:06:43,323 [c76c366c-8643-4ee1-839d-0bd7e1d17140@group-0E929E22572F-LeaderElection45] INFO  impl.LeaderElection (LeaderElection.java:logAndReturn(93)) -   Response 0: c76c366c-8643-4ee1-839d-0bd7e1d17140<-9eda0c20-f49c-4c2b-9c3e-213dec6e2110#0:FAIL-t1
2021-04-10 01:06:43,323 [c76c366c-8643-4ee1-839d-0bd7e1d17140@group-0E929E22572F-LeaderElection45] INFO  impl.LeaderElection (LeaderElection.java:askForVotes(308)) - c76c366c-8643-4ee1-839d-0bd7e1d17140@group-0E929E22572F-LeaderElection45 ELECTION round 0: result REJECTED
2021-04-10 01:06:43,323 [c76c366c-8643-4ee1-839d-0bd7e1d17140@group-0E929E22572F-LeaderElection45] INFO  server.RaftServer$Division (RaftServerImpl.java:setRole(284)) - c76c366c-8643-4ee1-839d-0bd7e1d17140@group-0E929E22572F: changes role from CANDIDATE to FOLLOWER at term 1 for REJECTED
2021-04-10 01:06:43,323 [c76c366c-8643-4ee1-839d-0bd7e1d17140@group-0E929E22572F-LeaderElection45] INFO  impl.RoleInfo (RoleInfo.java:shutdownLeaderElection(121)) - c76c366c-8643-4ee1-839d-0bd7e1d17140: shutdown c76c366c-8643-4ee1-839d-0bd7e1d17140@group-0E929E22572F-LeaderElection45
2021-04-10 01:06:43,323 [c76c366c-8643-4ee1-839d-0bd7e1d17140@group-0E929E22572F-LeaderElection45] INFO  impl.RoleInfo (RoleInfo.java:updateAndGet(130)) - c76c366c-8643-4ee1-839d-0bd7e1d17140: start c76c366c-8643-4ee1-839d-0bd7e1d17140@group-0E929E22572F-FollowerState
2021-04-10 01:06:43,324 [grpc-default-executor-1] INFO  server.RaftServer$Division (RaftServerImpl.java:requestVote(1057)) - 21f15bd4-cfa2-4f88-85d5-ad2919bb380f@group-0E929E22572F replies to ELECTION vote request: c76c366c-8643-4ee1-839d-0bd7e1d17140<-21f15bd4-cfa2-4f88-85d5-ad2919bb380f#0:OK-t1. Peer's state: 21f15bd4-cfa2-4f88-85d5-ad2919bb380f@group-0E929E22572F:t1, leader=null, voted=c76c366c-8643-4ee1-839d-0bd7e1d17140, raftlog=21f15bd4-cfa2-4f88-85d5-ad2919bb380f@group-0E929E22572F-SegmentedRaftLog:OPENED:c-1,f-1,i0, conf=-1: [21f15bd4-cfa2-4f88-85d5-ad2919bb380f|rpc:172.17.0.2:35987|dataStream:|priority:0, c76c366c-8643-4ee1-839d-0bd7e1d17140|rpc:172.17.0.2:37239|dataStream:|priority:0, 9eda0c20-f49c-4c2b-9c3e-213dec6e2110|rpc:172.17.0.2:40767|dataStream:|priority:1], old=null
2021-04-10 01:06:43,356 [c76c366c-8643-4ee1-839d-0bd7e1d17140@group-6044C54C1309-FollowerState] INFO  impl.FollowerState (FollowerState.java:run(134)) - c76c366c-8643-4ee1-839d-0bd7e1d17140@group-6044C54C1309-FollowerState: change to CANDIDATE, lastRpcElapsedTime:5093341557ns, electionTimeout:5093ms
2021-04-10 01:06:43,356 [c76c366c-8643-4ee1-839d-0bd7e1d17140@group-6044C54C1309-FollowerState] INFO  impl.RoleInfo (RoleInfo.java:shutdownFollowerState(108)) - c76c366c-8643-4ee1-839d-0bd7e1d17140: shutdown c76c366c-8643-4ee1-839d-0bd7e1d17140@group-6044C54C1309-FollowerState
2021-04-10 01:06:43,357 [c76c366c-8643-4ee1-839d-0bd7e1d17140@group-6044C54C1309-FollowerState] INFO  server.RaftServer$Division (RaftServerImpl.java:setRole(284)) - c76c366c-8643-4ee1-839d-0bd7e1d17140@group-6044C54C1309: changes role from  FOLLOWER to CANDIDATE at term 0 for changeToCandidate
2021-04-10 01:06:43,357 [c76c366c-8643-4ee1-839d-0bd7e1d17140@group-6044C54C1309-FollowerState] INFO  server.RaftServerConfigKeys (ConfUtils.java:logGet(44)) - raft.server.leaderelection.pre-vote = false (custom)
2021-04-10 01:06:43,357 [c76c366c-8643-4ee1-839d-0bd7e1d17140@group-6044C54C1309-FollowerState] INFO  impl.RoleInfo (RoleInfo.java:updateAndGet(130)) - c76c366c-8643-4ee1-839d-0bd7e1d17140: start c76c366c-8643-4ee1-839d-0bd7e1d17140@group-6044C54C1309-LeaderElection46
2021-04-10 01:06:43,361 [c76c366c-8643-4ee1-839d-0bd7e1d17140@group-6044C54C1309-LeaderElection46] INFO  impl.LeaderElection (LeaderElection.java:askForVotes(306)) - c76c366c-8643-4ee1-839d-0bd7e1d17140@group-6044C54C1309-LeaderElection46 ELECTION round 0: submit vote requests at term 1 for -1: [c76c366c-8643-4ee1-839d-0bd7e1d17140|rpc:172.17.0.2:37239|priority:1], old=null
2021-04-10 01:06:43,361 [c76c366c-8643-4ee1-839d-0bd7e1d17140@group-6044C54C1309-LeaderElection46] INFO  impl.LeaderElection (LeaderElection.java:askForVotes(308)) - c76c366c-8643-4ee1-839d-0bd7e1d17140@group-6044C54C1309-LeaderElection46 ELECTION round 0: result PASSED (term=1)
2021-04-10 01:06:43,361 [c76c366c-8643-4ee1-839d-0bd7e1d17140@group-6044C54C1309-LeaderElection46] INFO  impl.RoleInfo (RoleInfo.java:shutdownLeaderElection(121)) - c76c366c-8643-4ee1-839d-0bd7e1d17140: shutdown c76c366c-8643-4ee1-839d-0bd7e1d17140@group-6044C54C1309-LeaderElection46
2021-04-10 01:06:43,361 [c76c366c-8643-4ee1-839d-0bd7e1d17140@group-6044C54C1309-LeaderElection46] INFO  server.RaftServer$Division (RaftServerImpl.java:setRole(284)) - c76c366c-8643-4ee1-839d-0bd7e1d17140@group-6044C54C1309: changes role from CANDIDATE to LEADER at term 1 for changeToLeader
2021-04-10 01:06:43,362 [c76c366c-8643-4ee1-839d-0bd7e1d17140@group-6044C54C1309-LeaderElection46] INFO  ratis.XceiverServerRatis (XceiverServerRatis.java:handleLeaderChangedNotification(906)) - Leader change notification received for group: group-6044C54C1309 with new leaderId: c76c366c-8643-4ee1-839d-0bd7e1d17140
2021-04-10 01:06:43,363 [c76c366c-8643-4ee1-839d-0bd7e1d17140@group-6044C54C1309-LeaderElection46] INFO  server.RaftServer$Division (ServerState.java:setLeader(271)) - c76c366c-8643-4ee1-839d-0bd7e1d17140@group-6044C54C1309: change Leader from null to c76c366c-8643-4ee1-839d-0bd7e1d17140 at term 1 for becomeLeader, leader elected after 5108ms
2021-04-10 01:06:43,363 [c76c366c-8643-4ee1-839d-0bd7e1d17140@group-6044C54C1309-LeaderElection46] INFO  server.RaftServerConfigKeys (ConfUtils.java:logGet(44)) - raft.server.staging.catchup.gap = 1000 (default)
2021-04-10 01:06:43,363 [c76c366c-8643-4ee1-839d-0bd7e1d17140@group-6044C54C1309-LeaderElection46] INFO  metrics.RatisMetrics (RatisMetrics.java:lambda$create$0(36)) - Creating Metrics Registry : ratis.log_appender.c76c366c-8643-4ee1-839d-0bd7e1d17140@group-6044C54C1309
2021-04-10 01:06:43,363 [c76c366c-8643-4ee1-839d-0bd7e1d17140@group-6044C54C1309-LeaderElection46] INFO  server.RaftServerConfigKeys (ConfUtils.java:logGet(44)) - raft.server.write.element-limit = 1024 (custom)
2021-04-10 01:06:43,363 [c76c366c-8643-4ee1-839d-0bd7e1d17140@group-6044C54C1309-LeaderElection46] INFO  server.RaftServerConfigKeys (ConfUtils.java:logGet(44)) - raft.server.write.byte-limit = 1073741824 (custom)
2021-04-10 01:06:43,364 [c76c366c-8643-4ee1-839d-0bd7e1d17140@group-6044C54C1309-LeaderElection46] INFO  server.RaftServerConfigKeys (ConfUtils.java:logGet(44)) - raft.server.watch.timeout = 3000ms (custom)
2021-04-10 01:06:43,364 [c76c366c-8643-4ee1-839d-0bd7e1d17140@group-6044C54C1309-LeaderElection46] INFO  server.RaftServerConfigKeys (ConfUtils.java:logGet(44)) - raft.server.watch.timeout.denomination = 1s (default)
2021-04-10 01:06:43,364 [c76c366c-8643-4ee1-839d-0bd7e1d17140@group-6044C54C1309-LeaderElection46] INFO  server.RaftServerConfigKeys (ConfUtils.java:logGet(44)) - raft.server.watch.element-limit = 65536 (default)
2021-04-10 01:06:43,369 [EventQueue-PipelineReportForOneReplicaPipelineSafeModeRule] INFO  safemode.SCMSafeModeManager (SCMSafeModeManager.java:validateSafeModeExitRules(201)) - AtleastOneDatanodeReportedRule rule is successfully validated
2021-04-10 01:06:43,369 [EventQueue-OpenPipelineForHealthyPipelineSafeModeRule] INFO  safemode.SCMSafeModeManager (HealthyPipelineSafeModeRule.java:process(128)) - SCM in safe mode. Healthy pipelines reported count is 0, required healthy pipeline reported count is 1
2021-04-10 01:06:43,369 [c76c366c-8643-4ee1-839d-0bd7e1d17140@group-6044C54C1309-LeaderElection46] INFO  impl.RoleInfo (RoleInfo.java:updateAndGet(130)) - c76c366c-8643-4ee1-839d-0bd7e1d17140: start c76c366c-8643-4ee1-839d-0bd7e1d17140@group-6044C54C1309-LeaderStateImpl
2021-04-10 01:06:43,370 [c76c366c-8643-4ee1-839d-0bd7e1d17140@group-6044C54C1309-LeaderElection46] INFO  segmented.SegmentedRaftLogWorker (SegmentedRaftLogWorker.java:startLogSegment(394)) - c76c366c-8643-4ee1-839d-0bd7e1d17140@group-6044C54C1309-SegmentedRaftLogWorker: Starting segment from index:0
2021-04-10 01:06:43,377 [c76c366c-8643-4ee1-839d-0bd7e1d17140@group-6044C54C1309-LeaderElection46] INFO  server.RaftServer$Division (ServerState.java:setRaftConf(373)) - c76c366c-8643-4ee1-839d-0bd7e1d17140@group-6044C54C1309: set configuration 0: [c76c366c-8643-4ee1-839d-0bd7e1d17140|rpc:172.17.0.2:37239|dataStream:|priority:1], old=null
2021-04-10 01:06:43,379 [EventQueue-PipelineReportForOneReplicaPipelineSafeModeRule] INFO  safemode.SCMSafeModeManager (SCMSafeModeManager.java:validateSafeModeExitRules(201)) - AtleastOneDatanodeReportedRule rule is successfully validated
2021-04-10 01:06:43,379 [c76c366c-8643-4ee1-839d-0bd7e1d17140@group-6044C54C1309-SegmentedRaftLogWorker] INFO  segmented.SegmentedRaftLogWorker (SegmentedRaftLogWorker.java:execute(601)) - c76c366c-8643-4ee1-839d-0bd7e1d17140@group-6044C54C1309-SegmentedRaftLogWorker: created new log segment /github/workspace/mnt/ozone/hadoop-ozone/integration-test/target/test-dir/MiniOzoneClusterImpl-da946c58-7c29-4448-876e-997be65f487e/datanode-0/data/ratis/6aeab63b-df6b-4849-8c05-6044c54c1309/current/log_inprogress_0
2021-04-10 01:06:43,379 [EventQueue-OpenPipelineForHealthyPipelineSafeModeRule] INFO  safemode.SCMSafeModeManager (HealthyPipelineSafeModeRule.java:process(128)) - SCM in safe mode. Healthy pipelines reported count is 0, required healthy pipeline reported count is 1
2021-04-10 01:06:43,463 [EventQueue-PipelineReportForOneReplicaPipelineSafeModeRule] INFO  safemode.SCMSafeModeManager (SCMSafeModeManager.java:validateSafeModeExitRules(201)) - AtleastOneDatanodeReportedRule rule is successfully validated
2021-04-10 01:06:43,463 [EventQueue-OpenPipelineForHealthyPipelineSafeModeRule] INFO  safemode.SCMSafeModeManager (HealthyPipelineSafeModeRule.java:process(128)) - SCM in safe mode. Healthy pipelines reported count is 0, required healthy pipeline reported count is 1
2021-04-10 01:06:43,621 [EventQueue-OpenPipelineForHealthyPipelineSafeModeRule] INFO  safemode.SCMSafeModeManager (HealthyPipelineSafeModeRule.java:process(128)) - SCM in safe mode. Healthy pipelines reported count is 0, required healthy pipeline reported count is 1
2021-04-10 01:06:43,621 [EventQueue-PipelineReportForOneReplicaPipelineSafeModeRule] INFO  safemode.SCMSafeModeManager (SCMSafeModeManager.java:validateSafeModeExitRules(201)) - AtleastOneDatanodeReportedRule rule is successfully validated
2021-04-10 01:06:43,625 [21f15bd4-cfa2-4f88-85d5-ad2919bb380f@group-CCAC56D7FE7A-FollowerState] INFO  impl.FollowerState (FollowerState.java:run(134)) - 21f15bd4-cfa2-4f88-85d5-ad2919bb380f@group-CCAC56D7FE7A-FollowerState: change to CANDIDATE, lastRpcElapsedTime:5152384112ns, electionTimeout:5151ms
2021-04-10 01:06:43,625 [21f15bd4-cfa2-4f88-85d5-ad2919bb380f@group-CCAC56D7FE7A-FollowerState] INFO  impl.RoleInfo (RoleInfo.java:shutdownFollowerState(108)) - 21f15bd4-cfa2-4f88-85d5-ad2919bb380f: shutdown 21f15bd4-cfa2-4f88-85d5-ad2919bb380f@group-CCAC56D7FE7A-FollowerState
2021-04-10 01:06:43,625 [21f15bd4-cfa2-4f88-85d5-ad2919bb380f@group-CCAC56D7FE7A-FollowerState] INFO  server.RaftServer$Division (RaftServerImpl.java:setRole(284)) - 21f15bd4-cfa2-4f88-85d5-ad2919bb380f@group-CCAC56D7FE7A: changes role from  FOLLOWER to CANDIDATE at term 0 for changeToCandidate
2021-04-10 01:06:43,627 [21f15bd4-cfa2-4f88-85d5-ad2919bb380f@group-CCAC56D7FE7A-FollowerState] INFO  server.RaftServerConfigKeys (ConfUtils.java:logGet(44)) - raft.server.leaderelection.pre-vote = false (custom)
2021-04-10 01:06:43,627 [21f15bd4-cfa2-4f88-85d5-ad2919bb380f@group-CCAC56D7FE7A-FollowerState] INFO  impl.RoleInfo (RoleInfo.java:updateAndGet(130)) - 21f15bd4-cfa2-4f88-85d5-ad2919bb380f: start 21f15bd4-cfa2-4f88-85d5-ad2919bb380f@group-CCAC56D7FE7A-LeaderElection47
2021-04-10 01:06:43,630 [21f15bd4-cfa2-4f88-85d5-ad2919bb380f@group-CCAC56D7FE7A-LeaderElection47] INFO  impl.LeaderElection (LeaderElection.java:askForVotes(306)) - 21f15bd4-cfa2-4f88-85d5-ad2919bb380f@group-CCAC56D7FE7A-LeaderElection47 ELECTION round 0: submit vote requests at term 1 for -1: [21f15bd4-cfa2-4f88-85d5-ad2919bb380f|rpc:172.17.0.2:35987|priority:1], old=null
2021-04-10 01:06:43,630 [21f15bd4-cfa2-4f88-85d5-ad2919bb380f@group-CCAC56D7FE7A-LeaderElection47] INFO  impl.LeaderElection (LeaderElection.java:askForVotes(308)) - 21f15bd4-cfa2-4f88-85d5-ad2919bb380f@group-CCAC56D7FE7A-LeaderElection47 ELECTION round 0: result PASSED (term=1)
2021-04-10 01:06:43,630 [21f15bd4-cfa2-4f88-85d5-ad2919bb380f@group-CCAC56D7FE7A-LeaderElection47] INFO  impl.RoleInfo (RoleInfo.java:shutdownLeaderElection(121)) - 21f15bd4-cfa2-4f88-85d5-ad2919bb380f: shutdown 21f15bd4-cfa2-4f88-85d5-ad2919bb380f@group-CCAC56D7FE7A-LeaderElection47
2021-04-10 01:06:43,630 [21f15bd4-cfa2-4f88-85d5-ad2919bb380f@group-CCAC56D7FE7A-LeaderElection47] INFO  server.RaftServer$Division (RaftServerImpl.java:setRole(284)) - 21f15bd4-cfa2-4f88-85d5-ad2919bb380f@group-CCAC56D7FE7A: changes role from CANDIDATE to LEADER at term 1 for changeToLeader
2021-04-10 01:06:43,630 [21f15bd4-cfa2-4f88-85d5-ad2919bb380f@group-CCAC56D7FE7A-LeaderElection47] INFO  ratis.XceiverServerRatis (XceiverServerRatis.java:handleLeaderChangedNotification(906)) - Leader change notification received for group: group-CCAC56D7FE7A with new leaderId: 21f15bd4-cfa2-4f88-85d5-ad2919bb380f
2021-04-10 01:06:43,630 [21f15bd4-cfa2-4f88-85d5-ad2919bb380f@group-CCAC56D7FE7A-LeaderElection47] INFO  server.RaftServer$Division (ServerState.java:setLeader(271)) - 21f15bd4-cfa2-4f88-85d5-ad2919bb380f@group-CCAC56D7FE7A: change Leader from null to 21f15bd4-cfa2-4f88-85d5-ad2919bb380f at term 1 for becomeLeader, leader elected after 5165ms
2021-04-10 01:06:43,631 [21f15bd4-cfa2-4f88-85d5-ad2919bb380f@group-CCAC56D7FE7A-LeaderElection47] INFO  server.RaftServerConfigKeys (ConfUtils.java:logGet(44)) - raft.server.staging.catchup.gap = 1000 (default)
2021-04-10 01:06:43,631 [21f15bd4-cfa2-4f88-85d5-ad2919bb380f@group-CCAC56D7FE7A-LeaderElection47] INFO  metrics.RatisMetrics (RatisMetrics.java:lambda$create$0(36)) - Creating Metrics Registry : ratis.log_appender.21f15bd4-cfa2-4f88-85d5-ad2919bb380f@group-CCAC56D7FE7A
2021-04-10 01:06:43,631 [EventQueue-PipelineReportForOneReplicaPipelineSafeModeRule] INFO  safemode.SCMSafeModeManager (SCMSafeModeManager.java:validateSafeModeExitRules(201)) - AtleastOneDatanodeReportedRule rule is successfully validated
2021-04-10 01:06:43,631 [21f15bd4-cfa2-4f88-85d5-ad2919bb380f@group-CCAC56D7FE7A-LeaderElection47] INFO  server.RaftServerConfigKeys (ConfUtils.java:logGet(44)) - raft.server.write.element-limit = 1024 (custom)
2021-04-10 01:06:43,631 [21f15bd4-cfa2-4f88-85d5-ad2919bb380f@group-CCAC56D7FE7A-LeaderElection47] INFO  server.RaftServerConfigKeys (ConfUtils.java:logGet(44)) - raft.server.write.byte-limit = 1073741824 (custom)
2021-04-10 01:06:43,631 [EventQueue-OpenPipelineForHealthyPipelineSafeModeRule] INFO  safemode.SCMSafeModeManager (HealthyPipelineSafeModeRule.java:process(128)) - SCM in safe mode. Healthy pipelines reported count is 0, required healthy pipeline reported count is 1
2021-04-10 01:06:43,632 [21f15bd4-cfa2-4f88-85d5-ad2919bb380f@group-CCAC56D7FE7A-LeaderElection47] INFO  server.RaftServerConfigKeys (ConfUtils.java:logGet(44)) - raft.server.watch.timeout = 3000ms (custom)
2021-04-10 01:06:43,632 [21f15bd4-cfa2-4f88-85d5-ad2919bb380f@group-CCAC56D7FE7A-LeaderElection47] INFO  server.RaftServerConfigKeys (ConfUtils.java:logGet(44)) - raft.server.watch.timeout.denomination = 1s (default)
2021-04-10 01:06:43,632 [21f15bd4-cfa2-4f88-85d5-ad2919bb380f@group-CCAC56D7FE7A-LeaderElection47] INFO  server.RaftServerConfigKeys (ConfUtils.java:logGet(44)) - raft.server.watch.element-limit = 65536 (default)
2021-04-10 01:06:43,632 [21f15bd4-cfa2-4f88-85d5-ad2919bb380f@group-CCAC56D7FE7A-LeaderElection47] INFO  impl.RoleInfo (RoleInfo.java:updateAndGet(130)) - 21f15bd4-cfa2-4f88-85d5-ad2919bb380f: start 21f15bd4-cfa2-4f88-85d5-ad2919bb380f@group-CCAC56D7FE7A-LeaderStateImpl
2021-04-10 01:06:43,632 [21f15bd4-cfa2-4f88-85d5-ad2919bb380f@group-CCAC56D7FE7A-LeaderElection47] INFO  segmented.SegmentedRaftLogWorker (SegmentedRaftLogWorker.java:startLogSegment(394)) - 21f15bd4-cfa2-4f88-85d5-ad2919bb380f@group-CCAC56D7FE7A-SegmentedRaftLogWorker: Starting segment from index:0
2021-04-10 01:06:43,634 [21f15bd4-cfa2-4f88-85d5-ad2919bb380f@group-CCAC56D7FE7A-SegmentedRaftLogWorker] INFO  segmented.SegmentedRaftLogWorker (SegmentedRaftLogWorker.java:execute(601)) - 21f15bd4-cfa2-4f88-85d5-ad2919bb380f@group-CCAC56D7FE7A-SegmentedRaftLogWorker: created new log segment /github/workspace/mnt/ozone/hadoop-ozone/integration-test/target/test-dir/MiniOzoneClusterImpl-da946c58-7c29-4448-876e-997be65f487e/datanode-1/data/ratis/25feec8a-8cac-4a53-8636-ccac56d7fe7a/current/log_inprogress_0
2021-04-10 01:06:43,634 [21f15bd4-cfa2-4f88-85d5-ad2919bb380f@group-CCAC56D7FE7A-LeaderElection47] INFO  server.RaftServer$Division (ServerState.java:setRaftConf(373)) - 21f15bd4-cfa2-4f88-85d5-ad2919bb380f@group-CCAC56D7FE7A: set configuration 0: [21f15bd4-cfa2-4f88-85d5-ad2919bb380f|rpc:172.17.0.2:35987|dataStream:|priority:1], old=null
2021-04-10 01:06:43,668 [EventQueue-PipelineReportForOneReplicaPipelineSafeModeRule] INFO  safemode.SCMSafeModeManager (SCMSafeModeManager.java:validateSafeModeExitRules(201)) - AtleastOneDatanodeReportedRule rule is successfully validated
2021-04-10 01:06:43,669 [EventQueue-OpenPipelineForHealthyPipelineSafeModeRule] INFO  safemode.SCMSafeModeManager (HealthyPipelineSafeModeRule.java:process(128)) - SCM in safe mode. Healthy pipelines reported count is 0, required healthy pipeline reported count is 1
2021-04-10 01:06:43,699 [9eda0c20-f49c-4c2b-9c3e-213dec6e2110@group-4928F97E880E-FollowerState] INFO  impl.FollowerState (FollowerState.java:run(134)) - 9eda0c20-f49c-4c2b-9c3e-213dec6e2110@group-4928F97E880E-FollowerState: change to CANDIDATE, lastRpcElapsedTime:5023748135ns, electionTimeout:5022ms
2021-04-10 01:06:43,700 [9eda0c20-f49c-4c2b-9c3e-213dec6e2110@group-4928F97E880E-FollowerState] INFO  impl.RoleInfo (RoleInfo.java:shutdownFollowerState(108)) - 9eda0c20-f49c-4c2b-9c3e-213dec6e2110: shutdown 9eda0c20-f49c-4c2b-9c3e-213dec6e2110@group-4928F97E880E-FollowerState
2021-04-10 01:06:43,700 [9eda0c20-f49c-4c2b-9c3e-213dec6e2110@group-4928F97E880E-FollowerState] INFO  server.RaftServer$Division (RaftServerImpl.java:setRole(284)) - 9eda0c20-f49c-4c2b-9c3e-213dec6e2110@group-4928F97E880E: changes role from  FOLLOWER to CANDIDATE at term 0 for changeToCandidate
2021-04-10 01:06:43,701 [9eda0c20-f49c-4c2b-9c3e-213dec6e2110@group-4928F97E880E-FollowerState] INFO  server.RaftServerConfigKeys (ConfUtils.java:logGet(44)) - raft.server.leaderelection.pre-vote = false (custom)
2021-04-10 01:06:43,701 [9eda0c20-f49c-4c2b-9c3e-213dec6e2110@group-4928F97E880E-FollowerState] INFO  impl.RoleInfo (RoleInfo.java:updateAndGet(130)) - 9eda0c20-f49c-4c2b-9c3e-213dec6e2110: start 9eda0c20-f49c-4c2b-9c3e-213dec6e2110@group-4928F97E880E-LeaderElection48
2021-04-10 01:06:43,704 [9eda0c20-f49c-4c2b-9c3e-213dec6e2110@group-4928F97E880E-LeaderElection48] INFO  impl.LeaderElection (LeaderElection.java:askForVotes(306)) - 9eda0c20-f49c-4c2b-9c3e-213dec6e2110@group-4928F97E880E-LeaderElection48 ELECTION round 0: submit vote requests at term 1 for -1: [9eda0c20-f49c-4c2b-9c3e-213dec6e2110|rpc:172.17.0.2:40767|priority:1], old=null
2021-04-10 01:06:43,704 [9eda0c20-f49c-4c2b-9c3e-213dec6e2110@group-4928F97E880E-LeaderElection48] INFO  impl.LeaderElection (LeaderElection.java:askForVotes(308)) - 9eda0c20-f49c-4c2b-9c3e-213dec6e2110@group-4928F97E880E-LeaderElection48 ELECTION round 0: result PASSED (term=1)
2021-04-10 01:06:43,704 [9eda0c20-f49c-4c2b-9c3e-213dec6e2110@group-4928F97E880E-LeaderElection48] INFO  impl.RoleInfo (RoleInfo.java:shutdownLeaderElection(121)) - 9eda0c20-f49c-4c2b-9c3e-213dec6e2110: shutdown 9eda0c20-f49c-4c2b-9c3e-213dec6e2110@group-4928F97E880E-LeaderElection48
2021-04-10 01:06:43,704 [9eda0c20-f49c-4c2b-9c3e-213dec6e2110@group-4928F97E880E-LeaderElection48] INFO  server.RaftServer$Division (RaftServerImpl.java:setRole(284)) - 9eda0c20-f49c-4c2b-9c3e-213dec6e2110@group-4928F97E880E: changes role from CANDIDATE to LEADER at term 1 for changeToLeader
2021-04-10 01:06:43,704 [9eda0c20-f49c-4c2b-9c3e-213dec6e2110@group-4928F97E880E-LeaderElection48] INFO  ratis.XceiverServerRatis (XceiverServerRatis.java:handleLeaderChangedNotification(906)) - Leader change notification received for group: group-4928F97E880E with new leaderId: 9eda0c20-f49c-4c2b-9c3e-213dec6e2110
2021-04-10 01:06:43,704 [9eda0c20-f49c-4c2b-9c3e-213dec6e2110@group-4928F97E880E-LeaderElection48] INFO  server.RaftServer$Division (ServerState.java:setLeader(271)) - 9eda0c20-f49c-4c2b-9c3e-213dec6e2110@group-4928F97E880E: change Leader from null to 9eda0c20-f49c-4c2b-9c3e-213dec6e2110 at term 1 for becomeLeader, leader elected after 5036ms
2021-04-10 01:06:43,704 [9eda0c20-f49c-4c2b-9c3e-213dec6e2110@group-4928F97E880E-LeaderElection48] INFO  server.RaftServerConfigKeys (ConfUtils.java:logGet(44)) - raft.server.staging.catchup.gap = 1000 (default)
2021-04-10 01:06:43,704 [9eda0c20-f49c-4c2b-9c3e-213dec6e2110@group-4928F97E880E-LeaderElection48] INFO  metrics.RatisMetrics (RatisMetrics.java:lambda$create$0(36)) - Creating Metrics Registry : ratis.log_appender.9eda0c20-f49c-4c2b-9c3e-213dec6e2110@group-4928F97E880E
2021-04-10 01:06:43,705 [EventQueue-PipelineReportForOneReplicaPipelineSafeModeRule] INFO  safemode.SCMSafeModeManager (SCMSafeModeManager.java:validateSafeModeExitRules(201)) - AtleastOneDatanodeReportedRule rule is successfully validated
2021-04-10 01:06:43,705 [EventQueue-OpenPipelineForHealthyPipelineSafeModeRule] INFO  safemode.SCMSafeModeManager (HealthyPipelineSafeModeRule.java:process(128)) - SCM in safe mode. Healthy pipelines reported count is 0, required healthy pipeline reported count is 1
2021-04-10 01:06:43,705 [9eda0c20-f49c-4c2b-9c3e-213dec6e2110@group-4928F97E880E-LeaderElection48] INFO  server.RaftServerConfigKeys (ConfUtils.java:logGet(44)) - raft.server.write.element-limit = 1024 (custom)
2021-04-10 01:06:43,705 [9eda0c20-f49c-4c2b-9c3e-213dec6e2110@group-4928F97E880E-LeaderElection48] INFO  server.RaftServerConfigKeys (ConfUtils.java:logGet(44)) - raft.server.write.byte-limit = 1073741824 (custom)
2021-04-10 01:06:43,705 [9eda0c20-f49c-4c2b-9c3e-213dec6e2110@group-4928F97E880E-LeaderElection48] INFO  server.RaftServerConfigKeys (ConfUtils.java:logGet(44)) - raft.server.watch.timeout = 3000ms (custom)
2021-04-10 01:06:43,706 [9eda0c20-f49c-4c2b-9c3e-213dec6e2110@group-4928F97E880E-LeaderElection48] INFO  server.RaftServerConfigKeys (ConfUtils.java:logGet(44)) - raft.server.watch.timeout.denomination = 1s (default)
2021-04-10 01:06:43,706 [9eda0c20-f49c-4c2b-9c3e-213dec6e2110@group-4928F97E880E-LeaderElection48] INFO  server.RaftServerConfigKeys (ConfUtils.java:logGet(44)) - raft.server.watch.element-limit = 65536 (default)
2021-04-10 01:06:43,706 [9eda0c20-f49c-4c2b-9c3e-213dec6e2110@group-4928F97E880E-LeaderElection48] INFO  impl.RoleInfo (RoleInfo.java:updateAndGet(130)) - 9eda0c20-f49c-4c2b-9c3e-213dec6e2110: start 9eda0c20-f49c-4c2b-9c3e-213dec6e2110@group-4928F97E880E-LeaderStateImpl
2021-04-10 01:06:43,706 [9eda0c20-f49c-4c2b-9c3e-213dec6e2110@group-4928F97E880E-LeaderElection48] INFO  segmented.SegmentedRaftLogWorker (SegmentedRaftLogWorker.java:startLogSegment(394)) - 9eda0c20-f49c-4c2b-9c3e-213dec6e2110@group-4928F97E880E-SegmentedRaftLogWorker: Starting segment from index:0
2021-04-10 01:06:43,707 [9eda0c20-f49c-4c2b-9c3e-213dec6e2110@group-4928F97E880E-SegmentedRaftLogWorker] INFO  segmented.SegmentedRaftLogWorker (SegmentedRaftLogWorker.java:execute(601)) - 9eda0c20-f49c-4c2b-9c3e-213dec6e2110@group-4928F97E880E-SegmentedRaftLogWorker: created new log segment /github/workspace/mnt/ozone/hadoop-ozone/integration-test/target/test-dir/MiniOzoneClusterImpl-da946c58-7c29-4448-876e-997be65f487e/datanode-2/data/ratis/561ad3a2-252a-4327-a06d-4928f97e880e/current/log_inprogress_0
2021-04-10 01:06:43,711 [9eda0c20-f49c-4c2b-9c3e-213dec6e2110@group-4928F97E880E-LeaderElection48] INFO  server.RaftServer$Division (ServerState.java:setRaftConf(373)) - 9eda0c20-f49c-4c2b-9c3e-213dec6e2110@group-4928F97E880E: set configuration 0: [9eda0c20-f49c-4c2b-9c3e-213dec6e2110|rpc:172.17.0.2:40767|dataStream:|priority:1], old=null
2021-04-10 01:06:43,884 [EventQueue-OpenPipelineForHealthyPipelineSafeModeRule] INFO  safemode.SCMSafeModeManager (HealthyPipelineSafeModeRule.java:process(128)) - SCM in safe mode. Healthy pipelines reported count is 0, required healthy pipeline reported count is 1
2021-04-10 01:06:43,884 [EventQueue-PipelineReportForOneReplicaPipelineSafeModeRule] INFO  safemode.SCMSafeModeManager (SCMSafeModeManager.java:validateSafeModeExitRules(201)) - AtleastOneDatanodeReportedRule rule is successfully validated
2021-04-10 01:06:43,926 [EventQueue-PipelineReportForOneReplicaPipelineSafeModeRule] INFO  safemode.SCMSafeModeManager (SCMSafeModeManager.java:validateSafeModeExitRules(201)) - AtleastOneDatanodeReportedRule rule is successfully validated
2021-04-10 01:06:43,926 [EventQueue-OpenPipelineForHealthyPipelineSafeModeRule] INFO  safemode.SCMSafeModeManager (HealthyPipelineSafeModeRule.java:process(128)) - SCM in safe mode. Healthy pipelines reported count is 0, required healthy pipeline reported count is 1
2021-04-10 01:06:43,961 [0920b5d4-01a1-4269-bba6-0e5df288504f@group-0760CCC17729-FollowerState] INFO  impl.FollowerState (FollowerState.java:run(134)) - 0920b5d4-01a1-4269-bba6-0e5df288504f@group-0760CCC17729-FollowerState: change to CANDIDATE, lastRpcElapsedTime:5030276973ns, electionTimeout:5029ms
2021-04-10 01:06:43,961 [0920b5d4-01a1-4269-bba6-0e5df288504f@group-0760CCC17729-FollowerState] INFO  impl.RoleInfo (RoleInfo.java:shutdownFollowerState(108)) - 0920b5d4-01a1-4269-bba6-0e5df288504f: shutdown 0920b5d4-01a1-4269-bba6-0e5df288504f@group-0760CCC17729-FollowerState
2021-04-10 01:06:43,961 [0920b5d4-01a1-4269-bba6-0e5df288504f@group-0760CCC17729-FollowerState] INFO  server.RaftServer$Division (RaftServerImpl.java:setRole(284)) - 0920b5d4-01a1-4269-bba6-0e5df288504f@group-0760CCC17729: changes role from  FOLLOWER to CANDIDATE at term 0 for changeToCandidate
2021-04-10 01:06:43,962 [0920b5d4-01a1-4269-bba6-0e5df288504f@group-0760CCC17729-FollowerState] INFO  server.RaftServerConfigKeys (ConfUtils.java:logGet(44)) - raft.server.leaderelection.pre-vote = false (custom)
2021-04-10 01:06:43,963 [0920b5d4-01a1-4269-bba6-0e5df288504f@group-0760CCC17729-FollowerState] INFO  impl.RoleInfo (RoleInfo.java:updateAndGet(130)) - 0920b5d4-01a1-4269-bba6-0e5df288504f: start 0920b5d4-01a1-4269-bba6-0e5df288504f@group-0760CCC17729-LeaderElection49
2021-04-10 01:06:43,963 [0920b5d4-01a1-4269-bba6-0e5df288504f@group-9E97C5C1B556-FollowerState] INFO  impl.FollowerState (FollowerState.java:run(134)) - 0920b5d4-01a1-4269-bba6-0e5df288504f@group-9E97C5C1B556-FollowerState: change to CANDIDATE, lastRpcElapsedTime:5054406220ns, electionTimeout:5054ms
2021-04-10 01:06:43,963 [0920b5d4-01a1-4269-bba6-0e5df288504f@group-9E97C5C1B556-FollowerState] INFO  impl.RoleInfo (RoleInfo.java:shutdownFollowerState(108)) - 0920b5d4-01a1-4269-bba6-0e5df288504f: shutdown 0920b5d4-01a1-4269-bba6-0e5df288504f@group-9E97C5C1B556-FollowerState
2021-04-10 01:06:43,963 [0920b5d4-01a1-4269-bba6-0e5df288504f@group-9E97C5C1B556-FollowerState] INFO  server.RaftServer$Division (RaftServerImpl.java:setRole(284)) - 0920b5d4-01a1-4269-bba6-0e5df288504f@group-9E97C5C1B556: changes role from  FOLLOWER to CANDIDATE at term 0 for changeToCandidate
2021-04-10 01:06:43,963 [0920b5d4-01a1-4269-bba6-0e5df288504f@group-9E97C5C1B556-FollowerState] INFO  server.RaftServerConfigKeys (ConfUtils.java:logGet(44)) - raft.server.leaderelection.pre-vote = false (custom)
2021-04-10 01:06:43,963 [0920b5d4-01a1-4269-bba6-0e5df288504f@group-9E97C5C1B556-FollowerState] INFO  impl.RoleInfo (RoleInfo.java:updateAndGet(130)) - 0920b5d4-01a1-4269-bba6-0e5df288504f: start 0920b5d4-01a1-4269-bba6-0e5df288504f@group-9E97C5C1B556-LeaderElection50
2021-04-10 01:06:43,970 [0920b5d4-01a1-4269-bba6-0e5df288504f@group-9E97C5C1B556-LeaderElection50] INFO  impl.LeaderElection (LeaderElection.java:askForVotes(306)) - 0920b5d4-01a1-4269-bba6-0e5df288504f@group-9E97C5C1B556-LeaderElection50 ELECTION round 0: submit vote requests at term 1 for -1: [0920b5d4-01a1-4269-bba6-0e5df288504f|rpc:172.17.0.2:40455|priority:1], old=null
2021-04-10 01:06:43,970 [0920b5d4-01a1-4269-bba6-0e5df288504f@group-9E97C5C1B556-LeaderElection50] INFO  impl.LeaderElection (LeaderElection.java:askForVotes(308)) - 0920b5d4-01a1-4269-bba6-0e5df288504f@group-9E97C5C1B556-LeaderElection50 ELECTION round 0: result PASSED (term=1)
2021-04-10 01:06:43,970 [0920b5d4-01a1-4269-bba6-0e5df288504f@group-9E97C5C1B556-LeaderElection50] INFO  impl.RoleInfo (RoleInfo.java:shutdownLeaderElection(121)) - 0920b5d4-01a1-4269-bba6-0e5df288504f: shutdown 0920b5d4-01a1-4269-bba6-0e5df288504f@group-9E97C5C1B556-LeaderElection50
2021-04-10 01:06:43,970 [0920b5d4-01a1-4269-bba6-0e5df288504f@group-9E97C5C1B556-LeaderElection50] INFO  server.RaftServer$Division (RaftServerImpl.java:setRole(284)) - 0920b5d4-01a1-4269-bba6-0e5df288504f@group-9E97C5C1B556: changes role from CANDIDATE to LEADER at term 1 for changeToLeader
2021-04-10 01:06:43,970 [0920b5d4-01a1-4269-bba6-0e5df288504f@group-9E97C5C1B556-LeaderElection50] INFO  ratis.XceiverServerRatis (XceiverServerRatis.java:handleLeaderChangedNotification(906)) - Leader change notification received for group: group-9E97C5C1B556 with new leaderId: 0920b5d4-01a1-4269-bba6-0e5df288504f
2021-04-10 01:06:43,970 [0920b5d4-01a1-4269-bba6-0e5df288504f@group-9E97C5C1B556-LeaderElection50] INFO  server.RaftServer$Division (ServerState.java:setLeader(271)) - 0920b5d4-01a1-4269-bba6-0e5df288504f@group-9E97C5C1B556: change Leader from null to 0920b5d4-01a1-4269-bba6-0e5df288504f at term 1 for becomeLeader, leader elected after 5070ms
2021-04-10 01:06:43,970 [0920b5d4-01a1-4269-bba6-0e5df288504f@group-9E97C5C1B556-LeaderElection50] INFO  server.RaftServerConfigKeys (ConfUtils.java:logGet(44)) - raft.server.staging.catchup.gap = 1000 (default)
2021-04-10 01:06:43,971 [0920b5d4-01a1-4269-bba6-0e5df288504f@group-9E97C5C1B556-LeaderElection50] INFO  metrics.RatisMetrics (RatisMetrics.java:lambda$create$0(36)) - Creating Metrics Registry : ratis.log_appender.0920b5d4-01a1-4269-bba6-0e5df288504f@group-9E97C5C1B556
2021-04-10 01:06:43,971 [0920b5d4-01a1-4269-bba6-0e5df288504f@group-9E97C5C1B556-LeaderElection50] INFO  server.RaftServerConfigKeys (ConfUtils.java:logGet(44)) - raft.server.write.element-limit = 1024 (custom)
2021-04-10 01:06:43,972 [0920b5d4-01a1-4269-bba6-0e5df288504f@group-9E97C5C1B556-LeaderElection50] INFO  server.RaftServerConfigKeys (ConfUtils.java:logGet(44)) - raft.server.write.byte-limit = 1073741824 (custom)
2021-04-10 01:06:43,972 [0920b5d4-01a1-4269-bba6-0e5df288504f@group-9E97C5C1B556-LeaderElection50] INFO  server.RaftServerConfigKeys (ConfUtils.java:logGet(44)) - raft.server.watch.timeout = 3000ms (custom)
2021-04-10 01:06:43,972 [0920b5d4-01a1-4269-bba6-0e5df288504f@group-9E97C5C1B556-LeaderElection50] INFO  server.RaftServerConfigKeys (ConfUtils.java:logGet(44)) - raft.server.watch.timeout.denomination = 1s (default)
2021-04-10 01:06:43,972 [0920b5d4-01a1-4269-bba6-0e5df288504f@group-9E97C5C1B556-LeaderElection50] INFO  server.RaftServerConfigKeys (ConfUtils.java:logGet(44)) - raft.server.watch.element-limit = 65536 (default)
2021-04-10 01:06:43,972 [0920b5d4-01a1-4269-bba6-0e5df288504f@group-9E97C5C1B556-LeaderElection50] INFO  impl.RoleInfo (RoleInfo.java:updateAndGet(130)) - 0920b5d4-01a1-4269-bba6-0e5df288504f: start 0920b5d4-01a1-4269-bba6-0e5df288504f@group-9E97C5C1B556-LeaderStateImpl
2021-04-10 01:06:43,973 [0920b5d4-01a1-4269-bba6-0e5df288504f@group-9E97C5C1B556-LeaderElection50] INFO  segmented.SegmentedRaftLogWorker (SegmentedRaftLogWorker.java:startLogSegment(394)) - 0920b5d4-01a1-4269-bba6-0e5df288504f@group-9E97C5C1B556-SegmentedRaftLogWorker: Starting segment from index:0
2021-04-10 01:06:43,971 [0920b5d4-01a1-4269-bba6-0e5df288504f@group-0760CCC17729-LeaderElection49] INFO  impl.LeaderElection (LeaderElection.java:askForVotes(306)) - 0920b5d4-01a1-4269-bba6-0e5df288504f@group-0760CCC17729-LeaderElection49 ELECTION round 0: submit vote requests at term 1 for -1: [a42fb17c-ab54-48f0-b04c-859eb28781e5|rpc:172.17.0.2:39951|priority:0, 0920b5d4-01a1-4269-bba6-0e5df288504f|rpc:172.17.0.2:40455|priority:1, 908f18a0-adb7-4061-877d-82f26c284a6d|rpc:172.17.0.2:38461|priority:0], old=null
2021-04-10 01:06:43,971 [EventQueue-OpenPipelineForHealthyPipelineSafeModeRule] INFO  safemode.SCMSafeModeManager (HealthyPipelineSafeModeRule.java:process(128)) - SCM in safe mode. Healthy pipelines reported count is 0, required healthy pipeline reported count is 1
2021-04-10 01:06:43,971 [EventQueue-PipelineReportForOneReplicaPipelineSafeModeRule] INFO  safemode.SCMSafeModeManager (SCMSafeModeManager.java:validateSafeModeExitRules(201)) - AtleastOneDatanodeReportedRule rule is successfully validated
2021-04-10 01:06:43,974 [0920b5d4-01a1-4269-bba6-0e5df288504f@group-9E97C5C1B556-SegmentedRaftLogWorker] INFO  segmented.SegmentedRaftLogWorker (SegmentedRaftLogWorker.java:execute(601)) - 0920b5d4-01a1-4269-bba6-0e5df288504f@group-9E97C5C1B556-SegmentedRaftLogWorker: created new log segment /github/workspace/mnt/ozone/hadoop-ozone/integration-test/target/test-dir/MiniOzoneClusterImpl-da946c58-7c29-4448-876e-997be65f487e/datanode-3/data/ratis/f5560698-9625-428e-a40d-9e97c5c1b556/current/log_inprogress_0
2021-04-10 01:06:43,982 [0920b5d4-01a1-4269-bba6-0e5df288504f@group-9E97C5C1B556-LeaderElection50] INFO  server.RaftServer$Division (ServerState.java:setRaftConf(373)) - 0920b5d4-01a1-4269-bba6-0e5df288504f@group-9E97C5C1B556: set configuration 0: [0920b5d4-01a1-4269-bba6-0e5df288504f|rpc:172.17.0.2:40455|dataStream:|priority:1], old=null
2021-04-10 01:06:43,996 [grpc-default-executor-1] INFO  server.RaftServer$Division (RaftServerImpl.java:requestVote(1025)) - a42fb17c-ab54-48f0-b04c-859eb28781e5@group-0760CCC17729: receive requestVote(ELECTION, 0920b5d4-01a1-4269-bba6-0e5df288504f, group-0760CCC17729, 1, (t:0, i:0))
2021-04-10 01:06:43,996 [grpc-default-executor-1] INFO  impl.VoteContext (VoteContext.java:log(48)) - a42fb17c-ab54-48f0-b04c-859eb28781e5@group-0760CCC17729-FOLLOWER: accept ELECTION from 0920b5d4-01a1-4269-bba6-0e5df288504f: our priority 0 <= candidate's priority 1
2021-04-10 01:06:43,996 [grpc-default-executor-1] INFO  server.RaftServer$Division (RaftServerImpl.java:setRole(284)) - a42fb17c-ab54-48f0-b04c-859eb28781e5@group-0760CCC17729: changes role from  FOLLOWER to FOLLOWER at term 1 for candidate:0920b5d4-01a1-4269-bba6-0e5df288504f
2021-04-10 01:06:43,997 [grpc-default-executor-1] INFO  impl.RoleInfo (RoleInfo.java:shutdownFollowerState(108)) - a42fb17c-ab54-48f0-b04c-859eb28781e5: shutdown a42fb17c-ab54-48f0-b04c-859eb28781e5@group-0760CCC17729-FollowerState
2021-04-10 01:06:43,997 [grpc-default-executor-1] INFO  impl.RoleInfo (RoleInfo.java:updateAndGet(130)) - a42fb17c-ab54-48f0-b04c-859eb28781e5: start a42fb17c-ab54-48f0-b04c-859eb28781e5@group-0760CCC17729-FollowerState
2021-04-10 01:06:43,997 [a42fb17c-ab54-48f0-b04c-859eb28781e5@group-0760CCC17729-FollowerState] INFO  impl.FollowerState (FollowerState.java:run(143)) - a42fb17c-ab54-48f0-b04c-859eb28781e5@group-0760CCC17729-FollowerState was interrupted: {}
java.lang.InterruptedException: sleep interrupted
	at java.lang.Thread.sleep(Native Method)
	at java.lang.Thread.sleep(Thread.java:340)
	at java.util.concurrent.TimeUnit.sleep(TimeUnit.java:386)
	at org.apache.ratis.util.TimeDuration.sleep(TimeDuration.java:324)
	at org.apache.ratis.util.TimeDuration.sleep(TimeDuration.java:309)
	at org.apache.ratis.server.impl.FollowerState.run(FollowerState.java:118)
2021-04-10 01:06:43,998 [grpc-default-executor-1] INFO  server.RaftServer$Division (RaftServerImpl.java:requestVote(1057)) - a42fb17c-ab54-48f0-b04c-859eb28781e5@group-0760CCC17729 replies to ELECTION vote request: 0920b5d4-01a1-4269-bba6-0e5df288504f<-a42fb17c-ab54-48f0-b04c-859eb28781e5#0:OK-t1. Peer's state: a42fb17c-ab54-48f0-b04c-859eb28781e5@group-0760CCC17729:t1, leader=null, voted=0920b5d4-01a1-4269-bba6-0e5df288504f, raftlog=a42fb17c-ab54-48f0-b04c-859eb28781e5@group-0760CCC17729-SegmentedRaftLog:OPENED:c-1,f-1,i0, conf=-1: [a42fb17c-ab54-48f0-b04c-859eb28781e5|rpc:172.17.0.2:39951|dataStream:|priority:0, 0920b5d4-01a1-4269-bba6-0e5df288504f|rpc:172.17.0.2:40455|dataStream:|priority:1, 908f18a0-adb7-4061-877d-82f26c284a6d|rpc:172.17.0.2:38461|dataStream:|priority:0], old=null
2021-04-10 01:06:44,002 [grpc-default-executor-3] INFO  server.RaftServer$Division (RaftServerImpl.java:requestVote(1025)) - 908f18a0-adb7-4061-877d-82f26c284a6d@group-0760CCC17729: receive requestVote(ELECTION, 0920b5d4-01a1-4269-bba6-0e5df288504f, group-0760CCC17729, 1, (t:0, i:0))
2021-04-10 01:06:44,002 [grpc-default-executor-3] INFO  impl.VoteContext (VoteContext.java:log(48)) - 908f18a0-adb7-4061-877d-82f26c284a6d@group-0760CCC17729-FOLLOWER: accept ELECTION from 0920b5d4-01a1-4269-bba6-0e5df288504f: our priority 0 <= candidate's priority 1
2021-04-10 01:06:44,002 [grpc-default-executor-3] INFO  server.RaftServer$Division (RaftServerImpl.java:setRole(284)) - 908f18a0-adb7-4061-877d-82f26c284a6d@group-0760CCC17729: changes role from  FOLLOWER to FOLLOWER at term 1 for candidate:0920b5d4-01a1-4269-bba6-0e5df288504f
2021-04-10 01:06:44,003 [grpc-default-executor-3] INFO  impl.RoleInfo (RoleInfo.java:shutdownFollowerState(108)) - 908f18a0-adb7-4061-877d-82f26c284a6d: shutdown 908f18a0-adb7-4061-877d-82f26c284a6d@group-0760CCC17729-FollowerState
2021-04-10 01:06:44,003 [grpc-default-executor-3] INFO  impl.RoleInfo (RoleInfo.java:updateAndGet(130)) - 908f18a0-adb7-4061-877d-82f26c284a6d: start 908f18a0-adb7-4061-877d-82f26c284a6d@group-0760CCC17729-FollowerState
2021-04-10 01:06:44,010 [0920b5d4-01a1-4269-bba6-0e5df288504f@group-0760CCC17729-LeaderElection49] INFO  impl.LeaderElection (LeaderElection.java:logAndReturn(89)) - 0920b5d4-01a1-4269-bba6-0e5df288504f@group-0760CCC17729-LeaderElection49: ELECTION PASSED received 1 response(s) and 0 exception(s):
2021-04-10 01:06:44,010 [0920b5d4-01a1-4269-bba6-0e5df288504f@group-0760CCC17729-LeaderElection49] INFO  impl.LeaderElection (LeaderElection.java:logAndReturn(93)) -   Response 0: 0920b5d4-01a1-4269-bba6-0e5df288504f<-a42fb17c-ab54-48f0-b04c-859eb28781e5#0:OK-t1
2021-04-10 01:06:44,010 [0920b5d4-01a1-4269-bba6-0e5df288504f@group-0760CCC17729-LeaderElection49] INFO  impl.LeaderElection (LeaderElection.java:askForVotes(308)) - 0920b5d4-01a1-4269-bba6-0e5df288504f@group-0760CCC17729-LeaderElection49 ELECTION round 0: result PASSED
2021-04-10 01:06:44,010 [0920b5d4-01a1-4269-bba6-0e5df288504f@group-0760CCC17729-LeaderElection49] INFO  impl.RoleInfo (RoleInfo.java:shutdownLeaderElection(121)) - 0920b5d4-01a1-4269-bba6-0e5df288504f: shutdown 0920b5d4-01a1-4269-bba6-0e5df288504f@group-0760CCC17729-LeaderElection49
2021-04-10 01:06:44,010 [0920b5d4-01a1-4269-bba6-0e5df288504f@group-0760CCC17729-LeaderElection49] INFO  server.RaftServer$Division (RaftServerImpl.java:setRole(284)) - 0920b5d4-01a1-4269-bba6-0e5df288504f@group-0760CCC17729: changes role from CANDIDATE to LEADER at term 1 for changeToLeader
2021-04-10 01:06:44,010 [0920b5d4-01a1-4269-bba6-0e5df288504f@group-0760CCC17729-LeaderElection49] INFO  ratis.XceiverServerRatis (XceiverServerRatis.java:handleLeaderChangedNotification(906)) - Leader change notification received for group: group-0760CCC17729 with new leaderId: 0920b5d4-01a1-4269-bba6-0e5df288504f
2021-04-10 01:06:44,010 [0920b5d4-01a1-4269-bba6-0e5df288504f@group-0760CCC17729-LeaderElection49] INFO  server.RaftServer$Division (ServerState.java:setLeader(271)) - 0920b5d4-01a1-4269-bba6-0e5df288504f@group-0760CCC17729: change Leader from null to 0920b5d4-01a1-4269-bba6-0e5df288504f at term 1 for becomeLeader, leader elected after 5091ms
2021-04-10 01:06:44,011 [0920b5d4-01a1-4269-bba6-0e5df288504f@group-0760CCC17729-LeaderElection49] INFO  server.RaftServerConfigKeys (ConfUtils.java:logGet(44)) - raft.server.staging.catchup.gap = 1000 (default)
2021-04-10 01:06:44,011 [0920b5d4-01a1-4269-bba6-0e5df288504f@group-0760CCC17729-LeaderElection49] INFO  metrics.RatisMetrics (RatisMetrics.java:lambda$create$0(36)) - Creating Metrics Registry : ratis.log_appender.0920b5d4-01a1-4269-bba6-0e5df288504f@group-0760CCC17729
2021-04-10 01:06:44,011 [0920b5d4-01a1-4269-bba6-0e5df288504f@group-0760CCC17729-LeaderElection49] INFO  server.RaftServerConfigKeys (ConfUtils.java:logGet(44)) - raft.server.write.element-limit = 1024 (custom)
2021-04-10 01:06:44,011 [0920b5d4-01a1-4269-bba6-0e5df288504f@group-0760CCC17729-LeaderElection49] INFO  server.RaftServerConfigKeys (ConfUtils.java:logGet(44)) - raft.server.write.byte-limit = 1073741824 (custom)
2021-04-10 01:06:44,011 [EventQueue-PipelineReportForPipelineReportHandler] INFO  pipeline.PipelineManagerV2Impl (PipelineManagerV2Impl.java:openPipeline(263)) - Pipeline Pipeline[ Id: a5fb9b2c-8784-43e5-a193-0760ccc17729, Nodes: 908f18a0-adb7-4061-877d-82f26c284a6d{ip: 172.17.0.2, host: eab485fc2478, ports: [REPLICATION=33831, RATIS=38461, RATIS_ADMIN=38461, RATIS_SERVER=38461, STANDALONE=39825], networkLocation: /default-rack, certSerialId: null, persistedOpState: IN_SERVICE, persistedOpStateExpiryEpochSec: 0}a42fb17c-ab54-48f0-b04c-859eb28781e5{ip: 172.17.0.2, host: eab485fc2478, ports: [REPLICATION=33225, RATIS=39951, RATIS_ADMIN=39951, RATIS_SERVER=39951, STANDALONE=45977], networkLocation: /default-rack, certSerialId: null, persistedOpState: IN_SERVICE, persistedOpStateExpiryEpochSec: 0}0920b5d4-01a1-4269-bba6-0e5df288504f{ip: 172.17.0.2, host: eab485fc2478, ports: [REPLICATION=36161, RATIS=40455, RATIS_ADMIN=40455, RATIS_SERVER=40455, STANDALONE=33227], networkLocation: /default-rack, certSerialId: null, persistedOpState: IN_SERVICE, persistedOpStateExpiryEpochSec: 0}, Type:RATIS, Factor:THREE, State:ALLOCATED, leaderId:0920b5d4-01a1-4269-bba6-0e5df288504f, CreationTimestamp2021-04-10T01:06:36.374Z] moved to OPEN state
2021-04-10 01:06:44,012 [grpc-default-executor-3] INFO  server.RaftServer$Division (RaftServerImpl.java:requestVote(1057)) - 908f18a0-adb7-4061-877d-82f26c284a6d@group-0760CCC17729 replies to ELECTION vote request: 0920b5d4-01a1-4269-bba6-0e5df288504f<-908f18a0-adb7-4061-877d-82f26c284a6d#0:OK-t1. Peer's state: 908f18a0-adb7-4061-877d-82f26c284a6d@group-0760CCC17729:t1, leader=null, voted=0920b5d4-01a1-4269-bba6-0e5df288504f, raftlog=908f18a0-adb7-4061-877d-82f26c284a6d@group-0760CCC17729-SegmentedRaftLog:OPENED:c-1,f-1,i0, conf=-1: [a42fb17c-ab54-48f0-b04c-859eb28781e5|rpc:172.17.0.2:39951|dataStream:|priority:0, 0920b5d4-01a1-4269-bba6-0e5df288504f|rpc:172.17.0.2:40455|dataStream:|priority:1, 908f18a0-adb7-4061-877d-82f26c284a6d|rpc:172.17.0.2:38461|dataStream:|priority:0], old=null
2021-04-10 01:06:44,012 [EventQueue-OpenPipelineForHealthyPipelineSafeModeRule] INFO  safemode.SCMSafeModeManager (HealthyPipelineSafeModeRule.java:process(128)) - SCM in safe mode. Healthy pipelines reported count is 0, required healthy pipeline reported count is 1
2021-04-10 01:06:44,012 [EventQueue-OpenPipelineForHealthyPipelineSafeModeRule] INFO  safemode.SCMSafeModeManager (HealthyPipelineSafeModeRule.java:process(128)) - SCM in safe mode. Healthy pipelines reported count is 1, required healthy pipeline reported count is 1
2021-04-10 01:06:44,012 [EventQueue-PipelineReportForOneReplicaPipelineSafeModeRule] INFO  safemode.SCMSafeModeManager (SCMSafeModeManager.java:validateSafeModeExitRules(201)) - AtleastOneDatanodeReportedRule rule is successfully validated
2021-04-10 01:06:44,012 [EventQueue-OpenPipelineForHealthyPipelineSafeModeRule] INFO  safemode.SCMSafeModeManager (SCMSafeModeManager.java:validateSafeModeExitRules(201)) - HealthyPipelineSafeModeRule rule is successfully validated
2021-04-10 01:06:44,012 [EventQueue-OpenPipelineForHealthyPipelineSafeModeRule] INFO  safemode.SCMSafeModeManager (SCMSafeModeManager.java:validateSafeModeExitRules(215)) - ScmSafeModeManager, all rules are successfully validated
2021-04-10 01:06:44,012 [EventQueue-OpenPipelineForHealthyPipelineSafeModeRule] INFO  safemode.SCMSafeModeManager (SCMSafeModeManager.java:exitSafeMode(244)) - SCM exiting safe mode.
2021-04-10 01:06:44,012 [EventQueue-OpenPipelineForHealthyPipelineSafeModeRule] WARN  events.EventQueue (EventQueue.java:fireEvent(185)) - No event handler registered for event TypedEvent{payloadType=SafeModeStatus, name='Safe mode status'}
2021-04-10 01:06:44,012 [EventQueue-OpenPipelineForHealthyPipelineSafeModeRule] INFO  ha.SCMContext (SCMContext.java:updateSafeModeStatus(147)) - Update SafeModeStatus from SafeModeStatus{safeModeStatus=true, preCheckPassed=true} to SafeModeStatus{safeModeStatus=false, preCheckPassed=true}.
2021-04-10 01:06:44,012 [908f18a0-adb7-4061-877d-82f26c284a6d@group-0760CCC17729-FollowerState] INFO  impl.FollowerState (FollowerState.java:run(134)) - 908f18a0-adb7-4061-877d-82f26c284a6d@group-0760CCC17729-FollowerState: change to CANDIDATE, lastRpcElapsedTime:5054654521ns, electionTimeout:5044ms
2021-04-10 01:06:44,012 [EventQueue-OpenPipelineForHealthyPipelineSafeModeRule] INFO  pipeline.BackgroundPipelineCreator (BackgroundPipelineCreatorV2.java:notifyStatusChanged(251)) - Service BackgroundPipelineCreator transitions to RUNNING.
2021-04-10 01:06:44,013 [EventQueue-OpenPipelineForHealthyPipelineSafeModeRule] INFO  container.ReplicationManager (ReplicationManager.java:notifyStatusChanged(1279)) - Service ReplicationManager transitions to RUNNING.
2021-04-10 01:06:44,015 [908f18a0-adb7-4061-877d-82f26c284a6d@group-0760CCC17729-FollowerState] INFO  impl.RoleInfo (RoleInfo.java:shutdownFollowerState(108)) - 908f18a0-adb7-4061-877d-82f26c284a6d: shutdown 908f18a0-adb7-4061-877d-82f26c284a6d@group-0760CCC17729-FollowerState
2021-04-10 01:06:44,015 [908f18a0-adb7-4061-877d-82f26c284a6d@group-0760CCC17729-FollowerState] INFO  server.RaftServer$Division (RaftServerImpl.java:setRole(284)) - 908f18a0-adb7-4061-877d-82f26c284a6d@group-0760CCC17729: changes role from  FOLLOWER to CANDIDATE at term 1 for changeToCandidate
2021-04-10 01:06:44,015 [0920b5d4-01a1-4269-bba6-0e5df288504f@group-0760CCC17729-LeaderElection49] INFO  server.RaftServerConfigKeys (ConfUtils.java:logGet(44)) - raft.server.watch.timeout = 3000ms (custom)
2021-04-10 01:06:44,015 [0920b5d4-01a1-4269-bba6-0e5df288504f@group-0760CCC17729-LeaderElection49] INFO  server.RaftServerConfigKeys (ConfUtils.java:logGet(44)) - raft.server.watch.timeout.denomination = 1s (default)
2021-04-10 01:06:44,015 [0920b5d4-01a1-4269-bba6-0e5df288504f@group-0760CCC17729-LeaderElection49] INFO  server.RaftServerConfigKeys (ConfUtils.java:logGet(44)) - raft.server.watch.element-limit = 65536 (default)
2021-04-10 01:06:44,015 [0920b5d4-01a1-4269-bba6-0e5df288504f@group-0760CCC17729-LeaderElection49] INFO  server.RaftServerConfigKeys (ConfUtils.java:logGet(44)) - raft.server.log.appender.snapshot.chunk.size.max = 16MB (=16777216) (default)
2021-04-10 01:06:44,015 [0920b5d4-01a1-4269-bba6-0e5df288504f@group-0760CCC17729-LeaderElection49] INFO  server.RaftServerConfigKeys (ConfUtils.java:logGet(44)) - raft.server.log.appender.buffer.byte-limit = 33554432 (custom)
2021-04-10 01:06:44,015 [0920b5d4-01a1-4269-bba6-0e5df288504f@group-0760CCC17729-LeaderElection49] INFO  server.RaftServerConfigKeys (ConfUtils.java:logGet(44)) - raft.server.log.appender.buffer.element-limit = 1 (custom)
2021-04-10 01:06:44,016 [0920b5d4-01a1-4269-bba6-0e5df288504f@group-0760CCC17729-LeaderElection49] INFO  grpc.GrpcConfigKeys (ConfUtils.java:logGet(44)) - raft.grpc.server.leader.outstanding.appends.max = 128 (default)
2021-04-10 01:06:44,016 [0920b5d4-01a1-4269-bba6-0e5df288504f@group-0760CCC17729-LeaderElection49] INFO  server.RaftServerConfigKeys (ConfUtils.java:logGet(44)) - raft.server.rpc.request.timeout = 3000ms (default)
2021-04-10 01:06:44,016 [0920b5d4-01a1-4269-bba6-0e5df288504f@group-0760CCC17729-LeaderElection49] INFO  server.RaftServerConfigKeys (ConfUtils.java:logGet(44)) - raft.server.log.appender.install.snapshot.enabled = false (custom)
2021-04-10 01:06:44,016 [0920b5d4-01a1-4269-bba6-0e5df288504f@group-0760CCC17729-LeaderElection49] INFO  metrics.RatisMetrics (RatisMetrics.java:lambda$create$0(36)) - Creating Metrics Registry : ratis_grpc.log_appender.0920b5d4-01a1-4269-bba6-0e5df288504f@group-0760CCC17729
2021-04-10 01:06:44,018 [908f18a0-adb7-4061-877d-82f26c284a6d@group-0760CCC17729-FollowerState] INFO  server.RaftServerConfigKeys (ConfUtils.java:logGet(44)) - raft.server.leaderelection.pre-vote = false (custom)
2021-04-10 01:06:44,018 [908f18a0-adb7-4061-877d-82f26c284a6d@group-0760CCC17729-FollowerState] INFO  impl.RoleInfo (RoleInfo.java:updateAndGet(130)) - 908f18a0-adb7-4061-877d-82f26c284a6d: start 908f18a0-adb7-4061-877d-82f26c284a6d@group-0760CCC17729-LeaderElection51
2021-04-10 01:06:44,018 [0920b5d4-01a1-4269-bba6-0e5df288504f@group-0760CCC17729-LeaderElection49] INFO  server.RaftServerConfigKeys (ConfUtils.java:logGet(44)) - raft.server.log.appender.snapshot.chunk.size.max = 16MB (=16777216) (default)
2021-04-10 01:06:44,018 [0920b5d4-01a1-4269-bba6-0e5df288504f@group-0760CCC17729-LeaderElection49] INFO  server.RaftServerConfigKeys (ConfUtils.java:logGet(44)) - raft.server.log.appender.buffer.byte-limit = 33554432 (custom)
2021-04-10 01:06:44,018 [0920b5d4-01a1-4269-bba6-0e5df288504f@group-0760CCC17729-LeaderElection49] INFO  server.RaftServerConfigKeys (ConfUtils.java:logGet(44)) - raft.server.log.appender.buffer.element-limit = 1 (custom)
2021-04-10 01:06:44,018 [0920b5d4-01a1-4269-bba6-0e5df288504f@group-0760CCC17729-LeaderElection49] INFO  grpc.GrpcConfigKeys (ConfUtils.java:logGet(44)) - raft.grpc.server.leader.outstanding.appends.max = 128 (default)
2021-04-10 01:06:44,019 [0920b5d4-01a1-4269-bba6-0e5df288504f@group-0760CCC17729-LeaderElection49] INFO  server.RaftServerConfigKeys (ConfUtils.java:logGet(44)) - raft.server.rpc.request.timeout = 3000ms (default)
2021-04-10 01:06:44,019 [0920b5d4-01a1-4269-bba6-0e5df288504f@group-0760CCC17729-LeaderElection49] INFO  server.RaftServerConfigKeys (ConfUtils.java:logGet(44)) - raft.server.log.appender.install.snapshot.enabled = false (custom)
2021-04-10 01:06:44,020 [908f18a0-adb7-4061-877d-82f26c284a6d@group-0760CCC17729-FollowerState] INFO  impl.FollowerState (FollowerState.java:run(143)) - 908f18a0-adb7-4061-877d-82f26c284a6d@group-0760CCC17729-FollowerState was interrupted: {}
java.lang.InterruptedException: sleep interrupted
	at java.lang.Thread.sleep(Native Method)
	at java.lang.Thread.sleep(Thread.java:340)
	at java.util.concurrent.TimeUnit.sleep(TimeUnit.java:386)
	at org.apache.ratis.util.TimeDuration.sleep(TimeDuration.java:324)
	at org.apache.ratis.util.TimeDuration.sleep(TimeDuration.java:309)
	at org.apache.ratis.server.impl.FollowerState.run(FollowerState.java:118)
2021-04-10 01:06:44,022 [0920b5d4-01a1-4269-bba6-0e5df288504f@group-0760CCC17729-LeaderElection49] INFO  impl.RoleInfo (RoleInfo.java:updateAndGet(130)) - 0920b5d4-01a1-4269-bba6-0e5df288504f: start 0920b5d4-01a1-4269-bba6-0e5df288504f@group-0760CCC17729-LeaderStateImpl
2021-04-10 01:06:44,023 [0920b5d4-01a1-4269-bba6-0e5df288504f@group-0760CCC17729-LeaderElection49] INFO  segmented.SegmentedRaftLogWorker (SegmentedRaftLogWorker.java:startLogSegment(394)) - 0920b5d4-01a1-4269-bba6-0e5df288504f@group-0760CCC17729-SegmentedRaftLogWorker: Starting segment from index:0
2021-04-10 01:06:44,024 [0920b5d4-01a1-4269-bba6-0e5df288504f@group-0760CCC17729-SegmentedRaftLogWorker] INFO  segmented.SegmentedRaftLogWorker (SegmentedRaftLogWorker.java:execute(601)) - 0920b5d4-01a1-4269-bba6-0e5df288504f@group-0760CCC17729-SegmentedRaftLogWorker: created new log segment /github/workspace/mnt/ozone/hadoop-ozone/integration-test/target/test-dir/MiniOzoneClusterImpl-da946c58-7c29-4448-876e-997be65f487e/datanode-3/data/ratis/a5fb9b2c-8784-43e5-a193-0760ccc17729/current/log_inprogress_0
2021-04-10 01:06:44,025 [908f18a0-adb7-4061-877d-82f26c284a6d@group-0760CCC17729-LeaderElection51] INFO  impl.LeaderElection (LeaderElection.java:askForVotes(306)) - 908f18a0-adb7-4061-877d-82f26c284a6d@group-0760CCC17729-LeaderElection51 ELECTION round 0: submit vote requests at term 2 for -1: [a42fb17c-ab54-48f0-b04c-859eb28781e5|rpc:172.17.0.2:39951|dataStream:|priority:0, 0920b5d4-01a1-4269-bba6-0e5df288504f|rpc:172.17.0.2:40455|dataStream:|priority:1, 908f18a0-adb7-4061-877d-82f26c284a6d|rpc:172.17.0.2:38461|dataStream:|priority:0], old=null
2021-04-10 01:06:44,058 [0920b5d4-01a1-4269-bba6-0e5df288504f@group-0760CCC17729-LeaderElection49] INFO  server.RaftServer$Division (ServerState.java:setRaftConf(373)) - 0920b5d4-01a1-4269-bba6-0e5df288504f@group-0760CCC17729: set configuration 0: [a42fb17c-ab54-48f0-b04c-859eb28781e5|rpc:172.17.0.2:39951|dataStream:|priority:0, 0920b5d4-01a1-4269-bba6-0e5df288504f|rpc:172.17.0.2:40455|dataStream:|priority:1, 908f18a0-adb7-4061-877d-82f26c284a6d|rpc:172.17.0.2:38461|dataStream:|priority:0], old=null
2021-04-10 01:06:44,059 [grpc-default-executor-3] INFO  ratis.XceiverServerRatis (XceiverServerRatis.java:handleLeaderChangedNotification(906)) - Leader change notification received for group: group-0760CCC17729 with new leaderId: 0920b5d4-01a1-4269-bba6-0e5df288504f
2021-04-10 01:06:44,059 [grpc-default-executor-3] INFO  server.RaftServer$Division (ServerState.java:setLeader(271)) - a42fb17c-ab54-48f0-b04c-859eb28781e5@group-0760CCC17729: change Leader from null to 0920b5d4-01a1-4269-bba6-0e5df288504f at term 1 for appendEntries, leader elected after 5082ms
2021-04-10 01:06:44,060 [0920b5d4-01a1-4269-bba6-0e5df288504f@group-0760CCC17729-LeaderStateImpl] INFO  server.RaftServer$Division (ServerState.java:setLeader(271)) - 0920b5d4-01a1-4269-bba6-0e5df288504f@group-0760CCC17729: change Leader from 0920b5d4-01a1-4269-bba6-0e5df288504f to null at term 2 for updateCurrentTerm
2021-04-10 01:06:44,060 [0920b5d4-01a1-4269-bba6-0e5df288504f@group-0760CCC17729-LeaderStateImpl] INFO  server.RaftServer$Division (RaftServerImpl.java:setRole(284)) - 0920b5d4-01a1-4269-bba6-0e5df288504f@group-0760CCC17729: changes role from    LEADER to FOLLOWER at term 2 for StepDownReason:HIGHER_TERM
2021-04-10 01:06:44,060 [0920b5d4-01a1-4269-bba6-0e5df288504f@group-0760CCC17729-LeaderStateImpl] INFO  impl.RoleInfo (RoleInfo.java:shutdownLeaderState(91)) - 0920b5d4-01a1-4269-bba6-0e5df288504f: shutdown 0920b5d4-01a1-4269-bba6-0e5df288504f@group-0760CCC17729-LeaderStateImpl
2021-04-10 01:06:44,060 [0920b5d4-01a1-4269-bba6-0e5df288504f@group-0760CCC17729-LeaderStateImpl] INFO  metrics.RatisMetrics (RatisMetrics.java:unregister(43)) - Unregistering Metrics Registry : ratis_grpc.log_appender.0920b5d4-01a1-4269-bba6-0e5df288504f@group-0760CCC17729
2021-04-10 01:06:44,062 [grpc-default-executor-1] INFO  metrics.RatisMetrics (RatisMetrics.java:lambda$create$0(36)) - Creating Metrics Registry : ratis.server_message_metrics.0920b5d4-01a1-4269-bba6-0e5df288504f
2021-04-10 01:06:44,064 [0920b5d4-01a1-4269-bba6-0e5df288504f@group-0760CCC17729-LeaderStateImpl] INFO  metrics.RatisMetrics (RatisMetrics.java:unregister(43)) - Unregistering Metrics Registry : ratis_grpc.log_appender.0920b5d4-01a1-4269-bba6-0e5df288504f@group-0760CCC17729
2021-04-10 01:06:44,065 [grpc-default-executor-1] INFO  server.RaftServer$Division (RaftServerImpl.java:requestVote(1025)) - 0920b5d4-01a1-4269-bba6-0e5df288504f@group-0760CCC17729: receive requestVote(ELECTION, 908f18a0-adb7-4061-877d-82f26c284a6d, group-0760CCC17729, 2, (t:0, i:0))
2021-04-10 01:06:44,065 [0920b5d4-01a1-4269-bba6-0e5df288504f@group-0760CCC17729->908f18a0-adb7-4061-877d-82f26c284a6d-GrpcLogAppender-LogAppenderDaemon] WARN  server.GrpcLogAppender (GrpcLogAppender.java:mayWait(175)) - 0920b5d4-01a1-4269-bba6-0e5df288504f@group-0760CCC17729->908f18a0-adb7-4061-877d-82f26c284a6d-GrpcLogAppender: Wait interrupted by java.lang.InterruptedException
2021-04-10 01:06:44,065 [0920b5d4-01a1-4269-bba6-0e5df288504f@group-0760CCC17729-LeaderStateImpl] INFO  impl.PendingRequests (PendingRequests.java:sendNotLeaderResponses(249)) - 0920b5d4-01a1-4269-bba6-0e5df288504f@group-0760CCC17729-PendingRequests: sendNotLeaderResponses
2021-04-10 01:06:44,065 [0920b5d4-01a1-4269-bba6-0e5df288504f@group-0760CCC17729-LeaderStateImpl] INFO  metrics.RatisMetrics (RatisMetrics.java:unregister(43)) - Unregistering Metrics Registry : ratis.log_appender.0920b5d4-01a1-4269-bba6-0e5df288504f@group-0760CCC17729
2021-04-10 01:06:44,065 [0920b5d4-01a1-4269-bba6-0e5df288504f@group-0760CCC17729-LeaderStateImpl] INFO  metrics.RatisMetrics (RatisMetrics.java:unregister(43)) - Unregistering Metrics Registry : ratis.server.0920b5d4-01a1-4269-bba6-0e5df288504f@group-0760CCC17729
2021-04-10 01:06:44,066 [0920b5d4-01a1-4269-bba6-0e5df288504f@group-0760CCC17729-LeaderStateImpl] INFO  impl.RoleInfo (RoleInfo.java:updateAndGet(130)) - 0920b5d4-01a1-4269-bba6-0e5df288504f: start 0920b5d4-01a1-4269-bba6-0e5df288504f@group-0760CCC17729-FollowerState
2021-04-10 01:06:44,066 [grpc-default-executor-3] INFO  server.GrpcServerProtocolService (GrpcServerProtocolService.java:onCompleted(140)) - 908f18a0-adb7-4061-877d-82f26c284a6d: Completed APPEND_ENTRIES, lastRequest: 0920b5d4-01a1-4269-bba6-0e5df288504f->908f18a0-adb7-4061-877d-82f26c284a6d#1-t1,previous=(t:0, i:0),leaderCommit=-1,initializing? true,entries: size=1, first=(t:1, i:0), CONFIGURATIONENTRY
2021-04-10 01:06:44,069 [grpc-default-executor-0] INFO  server.GrpcLogAppender (GrpcLogAppender.java:onCompleted(344)) - 0920b5d4-01a1-4269-bba6-0e5df288504f@group-0760CCC17729->908f18a0-adb7-4061-877d-82f26c284a6d-AppendLogResponseHandler: follower responses appendEntries COMPLETED
2021-04-10 01:06:44,069 [grpc-default-executor-0] INFO  leader.FollowerInfo (FollowerInfoImpl.java:lambda$new$0(46)) - 0920b5d4-01a1-4269-bba6-0e5df288504f@group-0760CCC17729->908f18a0-adb7-4061-877d-82f26c284a6d: nextIndex: updateUnconditionally 1 -> 0
2021-04-10 01:06:44,069 [grpc-default-executor-1] INFO  impl.VoteContext (VoteContext.java:log(48)) - 0920b5d4-01a1-4269-bba6-0e5df288504f@group-0760CCC17729-FOLLOWER: reject ELECTION from 908f18a0-adb7-4061-877d-82f26c284a6d: our last entry (t:1, i:0) > candidate's last entry (t:0, i:0)
2021-04-10 01:06:44,069 [grpc-default-executor-1] INFO  server.RaftServer$Division (RaftServerImpl.java:setRole(284)) - 0920b5d4-01a1-4269-bba6-0e5df288504f@group-0760CCC17729: changes role from  FOLLOWER to FOLLOWER at term 2 for candidate:908f18a0-adb7-4061-877d-82f26c284a6d
2021-04-10 01:06:44,069 [grpc-default-executor-1] INFO  impl.RoleInfo (RoleInfo.java:shutdownFollowerState(108)) - 0920b5d4-01a1-4269-bba6-0e5df288504f: shutdown 0920b5d4-01a1-4269-bba6-0e5df288504f@group-0760CCC17729-FollowerState
2021-04-10 01:06:44,070 [grpc-default-executor-1] INFO  impl.RoleInfo (RoleInfo.java:updateAndGet(130)) - 0920b5d4-01a1-4269-bba6-0e5df288504f: start 0920b5d4-01a1-4269-bba6-0e5df288504f@group-0760CCC17729-FollowerState
2021-04-10 01:06:44,071 [0920b5d4-01a1-4269-bba6-0e5df288504f@group-0760CCC17729-FollowerState] INFO  impl.FollowerState (FollowerState.java:run(143)) - 0920b5d4-01a1-4269-bba6-0e5df288504f@group-0760CCC17729-FollowerState was interrupted: {}
java.lang.InterruptedException: sleep interrupted
	at java.lang.Thread.sleep(Native Method)
	at java.lang.Thread.sleep(Thread.java:340)
	at java.util.concurrent.TimeUnit.sleep(TimeUnit.java:386)
	at org.apache.ratis.util.TimeDuration.sleep(TimeDuration.java:324)
	at org.apache.ratis.util.TimeDuration.sleep(TimeDuration.java:309)
	at org.apache.ratis.server.impl.FollowerState.run(FollowerState.java:118)
2021-04-10 01:06:44,071 [grpc-default-executor-1] INFO  server.RaftServer$Division (RaftServerImpl.java:requestVote(1057)) - 0920b5d4-01a1-4269-bba6-0e5df288504f@group-0760CCC17729 replies to ELECTION vote request: 908f18a0-adb7-4061-877d-82f26c284a6d<-0920b5d4-01a1-4269-bba6-0e5df288504f#0:FAIL-t2. Peer's state: 0920b5d4-01a1-4269-bba6-0e5df288504f@group-0760CCC17729:t2, leader=null, voted=null, raftlog=0920b5d4-01a1-4269-bba6-0e5df288504f@group-0760CCC17729-SegmentedRaftLog:OPENED:c0,f0,i0, conf=0: [a42fb17c-ab54-48f0-b04c-859eb28781e5|rpc:172.17.0.2:39951|dataStream:|priority:0, 0920b5d4-01a1-4269-bba6-0e5df288504f|rpc:172.17.0.2:40455|dataStream:|priority:1, 908f18a0-adb7-4061-877d-82f26c284a6d|rpc:172.17.0.2:38461|dataStream:|priority:0], old=null
2021-04-10 01:06:44,073 [grpc-default-executor-4] INFO  server.RaftServer$Division (RaftServerImpl.java:requestVote(1025)) - a42fb17c-ab54-48f0-b04c-859eb28781e5@group-0760CCC17729: receive requestVote(ELECTION, 908f18a0-adb7-4061-877d-82f26c284a6d, group-0760CCC17729, 2, (t:0, i:0))
2021-04-10 01:06:44,074 [grpc-default-executor-5] INFO  server.RaftServer$Division (ServerState.java:setRaftConf(373)) - a42fb17c-ab54-48f0-b04c-859eb28781e5@group-0760CCC17729: set configuration 0: [a42fb17c-ab54-48f0-b04c-859eb28781e5|rpc:172.17.0.2:39951|dataStream:|priority:0, 0920b5d4-01a1-4269-bba6-0e5df288504f|rpc:172.17.0.2:40455|dataStream:|priority:1, 908f18a0-adb7-4061-877d-82f26c284a6d|rpc:172.17.0.2:38461|dataStream:|priority:0], old=null
2021-04-10 01:06:44,074 [908f18a0-adb7-4061-877d-82f26c284a6d@group-0760CCC17729-LeaderElection51] INFO  impl.LeaderElection (LeaderElection.java:logAndReturn(89)) - 908f18a0-adb7-4061-877d-82f26c284a6d@group-0760CCC17729-LeaderElection51: ELECTION REJECTED received 1 response(s) and 0 exception(s):
2021-04-10 01:06:44,074 [908f18a0-adb7-4061-877d-82f26c284a6d@group-0760CCC17729-LeaderElection51] INFO  impl.LeaderElection (LeaderElection.java:logAndReturn(93)) -   Response 0: 908f18a0-adb7-4061-877d-82f26c284a6d<-0920b5d4-01a1-4269-bba6-0e5df288504f#0:FAIL-t2
2021-04-10 01:06:44,075 [908f18a0-adb7-4061-877d-82f26c284a6d@group-0760CCC17729-LeaderElection51] INFO  impl.LeaderElection (LeaderElection.java:askForVotes(308)) - 908f18a0-adb7-4061-877d-82f26c284a6d@group-0760CCC17729-LeaderElection51 ELECTION round 0: result REJECTED
2021-04-10 01:06:44,075 [908f18a0-adb7-4061-877d-82f26c284a6d@group-0760CCC17729-LeaderElection51] INFO  server.RaftServer$Division (RaftServerImpl.java:setRole(284)) - 908f18a0-adb7-4061-877d-82f26c284a6d@group-0760CCC17729: changes role from CANDIDATE to FOLLOWER at term 2 for REJECTED
2021-04-10 01:06:44,075 [908f18a0-adb7-4061-877d-82f26c284a6d@group-0760CCC17729-LeaderElection51] INFO  impl.RoleInfo (RoleInfo.java:shutdownLeaderElection(121)) - 908f18a0-adb7-4061-877d-82f26c284a6d: shutdown 908f18a0-adb7-4061-877d-82f26c284a6d@group-0760CCC17729-LeaderElection51
2021-04-10 01:06:44,074 [grpc-default-executor-4] INFO  impl.VoteContext (VoteContext.java:log(48)) - a42fb17c-ab54-48f0-b04c-859eb28781e5@group-0760CCC17729-FOLLOWER: accept ELECTION from 908f18a0-adb7-4061-877d-82f26c284a6d: our priority 0 <= candidate's priority 0
2021-04-10 01:06:44,075 [grpc-default-executor-4] INFO  server.RaftServer$Division (ServerState.java:setLeader(271)) - a42fb17c-ab54-48f0-b04c-859eb28781e5@group-0760CCC17729: change Leader from 0920b5d4-01a1-4269-bba6-0e5df288504f to null at term 2 for updateCurrentTerm
2021-04-10 01:06:44,075 [908f18a0-adb7-4061-877d-82f26c284a6d@group-0760CCC17729-LeaderElection51] INFO  impl.RoleInfo (RoleInfo.java:updateAndGet(130)) - 908f18a0-adb7-4061-877d-82f26c284a6d: start 908f18a0-adb7-4061-877d-82f26c284a6d@group-0760CCC17729-FollowerState
2021-04-10 01:06:44,075 [grpc-default-executor-4] INFO  server.RaftServer$Division (RaftServerImpl.java:setRole(284)) - a42fb17c-ab54-48f0-b04c-859eb28781e5@group-0760CCC17729: changes role from  FOLLOWER to FOLLOWER at term 2 for candidate:908f18a0-adb7-4061-877d-82f26c284a6d
2021-04-10 01:06:44,075 [grpc-default-executor-4] INFO  impl.RoleInfo (RoleInfo.java:shutdownFollowerState(108)) - a42fb17c-ab54-48f0-b04c-859eb28781e5: shutdown a42fb17c-ab54-48f0-b04c-859eb28781e5@group-0760CCC17729-FollowerState
2021-04-10 01:06:44,075 [grpc-default-executor-5] INFO  segmented.SegmentedRaftLogWorker (SegmentedRaftLogWorker.java:startLogSegment(394)) - a42fb17c-ab54-48f0-b04c-859eb28781e5@group-0760CCC17729-SegmentedRaftLogWorker: Starting segment from index:0
2021-04-10 01:06:44,076 [grpc-default-executor-5] INFO  server.GrpcServerProtocolService (GrpcServerProtocolService.java:onCompleted(140)) - a42fb17c-ab54-48f0-b04c-859eb28781e5: Completed APPEND_ENTRIES, lastRequest: 0920b5d4-01a1-4269-bba6-0e5df288504f->a42fb17c-ab54-48f0-b04c-859eb28781e5#1-t1,previous=(t:0, i:0),leaderCommit=-1,initializing? true,entries: size=1, first=(t:1, i:0), CONFIGURATIONENTRY
2021-04-10 01:06:44,076 [grpc-default-executor-4] INFO  impl.RoleInfo (RoleInfo.java:updateAndGet(130)) - a42fb17c-ab54-48f0-b04c-859eb28781e5: start a42fb17c-ab54-48f0-b04c-859eb28781e5@group-0760CCC17729-FollowerState
2021-04-10 01:06:44,077 [a42fb17c-ab54-48f0-b04c-859eb28781e5@group-0760CCC17729-FollowerState] INFO  impl.FollowerState (FollowerState.java:run(143)) - a42fb17c-ab54-48f0-b04c-859eb28781e5@group-0760CCC17729-FollowerState was interrupted: {}
java.lang.InterruptedException: sleep interrupted
	at java.lang.Thread.sleep(Native Method)
	at java.lang.Thread.sleep(Thread.java:340)
	at java.util.concurrent.TimeUnit.sleep(TimeUnit.java:386)
	at org.apache.ratis.util.TimeDuration.sleep(TimeDuration.java:324)
	at org.apache.ratis.util.TimeDuration.sleep(TimeDuration.java:309)
	at org.apache.ratis.server.impl.FollowerState.run(FollowerState.java:118)
2021-04-10 01:06:44,078 [a42fb17c-ab54-48f0-b04c-859eb28781e5@group-0760CCC17729-SegmentedRaftLogWorker] INFO  segmented.SegmentedRaftLogWorker (SegmentedRaftLogWorker.java:execute(601)) - a42fb17c-ab54-48f0-b04c-859eb28781e5@group-0760CCC17729-SegmentedRaftLogWorker: created new log segment /github/workspace/mnt/ozone/hadoop-ozone/integration-test/target/test-dir/MiniOzoneClusterImpl-da946c58-7c29-4448-876e-997be65f487e/datanode-5/data/ratis/a5fb9b2c-8784-43e5-a193-0760ccc17729/current/log_inprogress_0
2021-04-10 01:06:44,082 [grpc-default-executor-3] INFO  server.GrpcLogAppender (GrpcLogAppender.java:onCompleted(344)) - 0920b5d4-01a1-4269-bba6-0e5df288504f@group-0760CCC17729->a42fb17c-ab54-48f0-b04c-859eb28781e5-AppendLogResponseHandler: follower responses appendEntries COMPLETED
2021-04-10 01:06:44,082 [grpc-default-executor-3] INFO  leader.FollowerInfo (FollowerInfoImpl.java:lambda$new$0(46)) - 0920b5d4-01a1-4269-bba6-0e5df288504f@group-0760CCC17729->a42fb17c-ab54-48f0-b04c-859eb28781e5: nextIndex: updateUnconditionally 1 -> 0
2021-04-10 01:06:44,083 [Listener at 127.0.0.1/35629] INFO  ozone.MiniOzoneClusterImpl (MiniOzoneClusterImpl.java:lambda$waitForClusterToBeReady$0(222)) - Nodes are ready. Got 9 of 9 DN Heartbeats.
2021-04-10 01:06:44,084 [Listener at 127.0.0.1/35629] INFO  ozone.MiniOzoneClusterImpl (MiniOzoneClusterImpl.java:lambda$waitForClusterToBeReady$0(225)) - Cluster exits safe mode
2021-04-10 01:06:44,084 [Listener at 127.0.0.1/35629] INFO  ozone.MiniOzoneClusterImpl (MiniOzoneClusterImpl.java:lambda$waitForClusterToBeReady$0(228)) - SCM became leader
2021-04-10 01:06:44,083 [grpc-default-executor-4] INFO  server.RaftServer$Division (RaftServerImpl.java:requestVote(1057)) - a42fb17c-ab54-48f0-b04c-859eb28781e5@group-0760CCC17729 replies to ELECTION vote request: 908f18a0-adb7-4061-877d-82f26c284a6d<-a42fb17c-ab54-48f0-b04c-859eb28781e5#0:OK-t2. Peer's state: a42fb17c-ab54-48f0-b04c-859eb28781e5@group-0760CCC17729:t2, leader=null, voted=908f18a0-adb7-4061-877d-82f26c284a6d, raftlog=a42fb17c-ab54-48f0-b04c-859eb28781e5@group-0760CCC17729-SegmentedRaftLog:OPENED:c-1,f0,i0, conf=0: [a42fb17c-ab54-48f0-b04c-859eb28781e5|rpc:172.17.0.2:39951|dataStream:|priority:0, 0920b5d4-01a1-4269-bba6-0e5df288504f|rpc:172.17.0.2:40455|dataStream:|priority:1, 908f18a0-adb7-4061-877d-82f26c284a6d|rpc:172.17.0.2:38461|dataStream:|priority:0], old=null
2021-04-10 01:06:44,100 [Listener at 127.0.0.1/35629] INFO  rpc.RpcClient (RpcClient.java:createVolume(290)) - Creating Volume: watchforcommithandlingtest, with jenkins1001 as owner and space quota set to -1 bytes, counts quota set to -1
2021-04-10 01:06:44,104 [OM StateMachine ApplyTransaction Thread - 0] INFO  volume.OMVolumeCreateRequest (OMVolumeCreateRequest.java:validateAndUpdateCache(195)) - created volume:watchforcommithandlingtest for user:jenkins1001
2021-04-10 01:06:44,109 [Listener at 127.0.0.1/35629] INFO  rpc.RpcClient (RpcClient.java:createBucket(449)) - Creating Bucket: watchforcommithandlingtest/watchforcommithandlingtest, with Versioning false and Storage Type set to DISK and Encryption set to false 
2021-04-10 01:06:44,118 [Listener at 127.0.0.1/35629] INFO  ozone.MiniOzoneClusterImpl (MiniOzoneClusterImpl.java:getStorageContainerLocationClient(334)) - Creating StorageContainerLocationProtocol RPC client with address /0.0.0.0:39887
2021-04-10 01:06:44,126 [IPC Server handler 2 on default port 39887] INFO  ha.SequenceIdGenerator (SequenceIdGenerator.java:getNextId(127)) - Allocate a batch for containerId, change lastId from 0 to 1000.
2021-04-10 01:06:44,129 [Listener at 127.0.0.1/35629] INFO  metrics.RatisMetrics (RatisMetrics.java:lambda$create$0(36)) - Creating Metrics Registry : ratis.client_message_metrics.client-B207BB36FC61->0920b5d4-01a1-4269-bba6-0e5df288504f
2021-04-10 01:06:44,177 [908f18a0-adb7-4061-877d-82f26c284a6d@group-BE40A02A58A0-FollowerState] INFO  impl.FollowerState (FollowerState.java:run(134)) - 908f18a0-adb7-4061-877d-82f26c284a6d@group-BE40A02A58A0-FollowerState: change to CANDIDATE, lastRpcElapsedTime:5026428150ns, electionTimeout:5026ms
2021-04-10 01:06:44,178 [908f18a0-adb7-4061-877d-82f26c284a6d@group-BE40A02A58A0-FollowerState] INFO  impl.RoleInfo (RoleInfo.java:shutdownFollowerState(108)) - 908f18a0-adb7-4061-877d-82f26c284a6d: shutdown 908f18a0-adb7-4061-877d-82f26c284a6d@group-BE40A02A58A0-FollowerState
2021-04-10 01:06:44,178 [908f18a0-adb7-4061-877d-82f26c284a6d@group-BE40A02A58A0-FollowerState] INFO  server.RaftServer$Division (RaftServerImpl.java:setRole(284)) - 908f18a0-adb7-4061-877d-82f26c284a6d@group-BE40A02A58A0: changes role from  FOLLOWER to CANDIDATE at term 0 for changeToCandidate
2021-04-10 01:06:44,178 [908f18a0-adb7-4061-877d-82f26c284a6d@group-BE40A02A58A0-FollowerState] INFO  server.RaftServerConfigKeys (ConfUtils.java:logGet(44)) - raft.server.leaderelection.pre-vote = false (custom)
2021-04-10 01:06:44,178 [908f18a0-adb7-4061-877d-82f26c284a6d@group-BE40A02A58A0-FollowerState] INFO  impl.RoleInfo (RoleInfo.java:updateAndGet(130)) - 908f18a0-adb7-4061-877d-82f26c284a6d: start 908f18a0-adb7-4061-877d-82f26c284a6d@group-BE40A02A58A0-LeaderElection52
2021-04-10 01:06:44,180 [908f18a0-adb7-4061-877d-82f26c284a6d@group-BE40A02A58A0-LeaderElection52] INFO  impl.LeaderElection (LeaderElection.java:askForVotes(306)) - 908f18a0-adb7-4061-877d-82f26c284a6d@group-BE40A02A58A0-LeaderElection52 ELECTION round 0: submit vote requests at term 1 for -1: [908f18a0-adb7-4061-877d-82f26c284a6d|rpc:172.17.0.2:38461|priority:1], old=null
2021-04-10 01:06:44,180 [908f18a0-adb7-4061-877d-82f26c284a6d@group-BE40A02A58A0-LeaderElection52] INFO  impl.LeaderElection (LeaderElection.java:askForVotes(308)) - 908f18a0-adb7-4061-877d-82f26c284a6d@group-BE40A02A58A0-LeaderElection52 ELECTION round 0: result PASSED (term=1)
2021-04-10 01:06:44,180 [908f18a0-adb7-4061-877d-82f26c284a6d@group-BE40A02A58A0-LeaderElection52] INFO  impl.RoleInfo (RoleInfo.java:shutdownLeaderElection(121)) - 908f18a0-adb7-4061-877d-82f26c284a6d: shutdown 908f18a0-adb7-4061-877d-82f26c284a6d@group-BE40A02A58A0-LeaderElection52
2021-04-10 01:06:44,180 [908f18a0-adb7-4061-877d-82f26c284a6d@group-BE40A02A58A0-LeaderElection52] INFO  server.RaftServer$Division (RaftServerImpl.java:setRole(284)) - 908f18a0-adb7-4061-877d-82f26c284a6d@group-BE40A02A58A0: changes role from CANDIDATE to LEADER at term 1 for changeToLeader
2021-04-10 01:06:44,181 [908f18a0-adb7-4061-877d-82f26c284a6d@group-BE40A02A58A0-LeaderElection52] INFO  ratis.XceiverServerRatis (XceiverServerRatis.java:handleLeaderChangedNotification(906)) - Leader change notification received for group: group-BE40A02A58A0 with new leaderId: 908f18a0-adb7-4061-877d-82f26c284a6d
2021-04-10 01:06:44,181 [908f18a0-adb7-4061-877d-82f26c284a6d@group-BE40A02A58A0-LeaderElection52] INFO  server.RaftServer$Division (ServerState.java:setLeader(271)) - 908f18a0-adb7-4061-877d-82f26c284a6d@group-BE40A02A58A0: change Leader from null to 908f18a0-adb7-4061-877d-82f26c284a6d at term 1 for becomeLeader, leader elected after 5040ms
2021-04-10 01:06:44,181 [908f18a0-adb7-4061-877d-82f26c284a6d@group-BE40A02A58A0-LeaderElection52] INFO  server.RaftServerConfigKeys (ConfUtils.java:logGet(44)) - raft.server.staging.catchup.gap = 1000 (default)
2021-04-10 01:06:44,181 [908f18a0-adb7-4061-877d-82f26c284a6d@group-BE40A02A58A0-LeaderElection52] INFO  metrics.RatisMetrics (RatisMetrics.java:lambda$create$0(36)) - Creating Metrics Registry : ratis.log_appender.908f18a0-adb7-4061-877d-82f26c284a6d@group-BE40A02A58A0
2021-04-10 01:06:44,181 [908f18a0-adb7-4061-877d-82f26c284a6d@group-BE40A02A58A0-LeaderElection52] INFO  server.RaftServerConfigKeys (ConfUtils.java:logGet(44)) - raft.server.write.element-limit = 1024 (custom)
2021-04-10 01:06:44,181 [908f18a0-adb7-4061-877d-82f26c284a6d@group-BE40A02A58A0-LeaderElection52] INFO  server.RaftServerConfigKeys (ConfUtils.java:logGet(44)) - raft.server.write.byte-limit = 1073741824 (custom)
2021-04-10 01:06:44,182 [908f18a0-adb7-4061-877d-82f26c284a6d@group-BE40A02A58A0-LeaderElection52] INFO  server.RaftServerConfigKeys (ConfUtils.java:logGet(44)) - raft.server.watch.timeout = 3000ms (custom)
2021-04-10 01:06:44,182 [908f18a0-adb7-4061-877d-82f26c284a6d@group-BE40A02A58A0-LeaderElection52] INFO  server.RaftServerConfigKeys (ConfUtils.java:logGet(44)) - raft.server.watch.timeout.denomination = 1s (default)
2021-04-10 01:06:44,182 [908f18a0-adb7-4061-877d-82f26c284a6d@group-BE40A02A58A0-LeaderElection52] INFO  server.RaftServerConfigKeys (ConfUtils.java:logGet(44)) - raft.server.watch.element-limit = 65536 (default)
2021-04-10 01:06:44,182 [908f18a0-adb7-4061-877d-82f26c284a6d@group-BE40A02A58A0-LeaderElection52] INFO  impl.RoleInfo (RoleInfo.java:updateAndGet(130)) - 908f18a0-adb7-4061-877d-82f26c284a6d: start 908f18a0-adb7-4061-877d-82f26c284a6d@group-BE40A02A58A0-LeaderStateImpl
2021-04-10 01:06:44,182 [908f18a0-adb7-4061-877d-82f26c284a6d@group-BE40A02A58A0-LeaderElection52] INFO  segmented.SegmentedRaftLogWorker (SegmentedRaftLogWorker.java:startLogSegment(394)) - 908f18a0-adb7-4061-877d-82f26c284a6d@group-BE40A02A58A0-SegmentedRaftLogWorker: Starting segment from index:0
2021-04-10 01:06:44,183 [908f18a0-adb7-4061-877d-82f26c284a6d@group-BE40A02A58A0-SegmentedRaftLogWorker] INFO  segmented.SegmentedRaftLogWorker (SegmentedRaftLogWorker.java:execute(601)) - 908f18a0-adb7-4061-877d-82f26c284a6d@group-BE40A02A58A0-SegmentedRaftLogWorker: created new log segment /github/workspace/mnt/ozone/hadoop-ozone/integration-test/target/test-dir/MiniOzoneClusterImpl-da946c58-7c29-4448-876e-997be65f487e/datanode-4/data/ratis/715bc283-0cb5-4de9-9094-be40a02a58a0/current/log_inprogress_0
2021-04-10 01:06:44,185 [908f18a0-adb7-4061-877d-82f26c284a6d@group-BE40A02A58A0-LeaderElection52] INFO  server.RaftServer$Division (ServerState.java:setRaftConf(373)) - 908f18a0-adb7-4061-877d-82f26c284a6d@group-BE40A02A58A0: set configuration 0: [908f18a0-adb7-4061-877d-82f26c284a6d|rpc:172.17.0.2:38461|dataStream:|priority:1], old=null
2021-04-10 01:06:44,470 [a42fb17c-ab54-48f0-b04c-859eb28781e5@group-1723FB9CAE25-FollowerState] INFO  impl.FollowerState (FollowerState.java:run(134)) - a42fb17c-ab54-48f0-b04c-859eb28781e5@group-1723FB9CAE25-FollowerState: change to CANDIDATE, lastRpcElapsedTime:5085421905ns, electionTimeout:5085ms
2021-04-10 01:06:44,471 [a42fb17c-ab54-48f0-b04c-859eb28781e5@group-1723FB9CAE25-FollowerState] INFO  impl.RoleInfo (RoleInfo.java:shutdownFollowerState(108)) - a42fb17c-ab54-48f0-b04c-859eb28781e5: shutdown a42fb17c-ab54-48f0-b04c-859eb28781e5@group-1723FB9CAE25-FollowerState
2021-04-10 01:06:44,471 [a42fb17c-ab54-48f0-b04c-859eb28781e5@group-1723FB9CAE25-FollowerState] INFO  server.RaftServer$Division (RaftServerImpl.java:setRole(284)) - a42fb17c-ab54-48f0-b04c-859eb28781e5@group-1723FB9CAE25: changes role from  FOLLOWER to CANDIDATE at term 0 for changeToCandidate
2021-04-10 01:06:44,472 [a42fb17c-ab54-48f0-b04c-859eb28781e5@group-1723FB9CAE25-FollowerState] INFO  server.RaftServerConfigKeys (ConfUtils.java:logGet(44)) - raft.server.leaderelection.pre-vote = false (custom)
2021-04-10 01:06:44,472 [a42fb17c-ab54-48f0-b04c-859eb28781e5@group-1723FB9CAE25-FollowerState] INFO  impl.RoleInfo (RoleInfo.java:updateAndGet(130)) - a42fb17c-ab54-48f0-b04c-859eb28781e5: start a42fb17c-ab54-48f0-b04c-859eb28781e5@group-1723FB9CAE25-LeaderElection53
2021-04-10 01:06:44,475 [a42fb17c-ab54-48f0-b04c-859eb28781e5@group-1723FB9CAE25-LeaderElection53] INFO  impl.LeaderElection (LeaderElection.java:askForVotes(306)) - a42fb17c-ab54-48f0-b04c-859eb28781e5@group-1723FB9CAE25-LeaderElection53 ELECTION round 0: submit vote requests at term 1 for -1: [a42fb17c-ab54-48f0-b04c-859eb28781e5|rpc:172.17.0.2:39951|priority:1], old=null
2021-04-10 01:06:44,475 [a42fb17c-ab54-48f0-b04c-859eb28781e5@group-1723FB9CAE25-LeaderElection53] INFO  impl.LeaderElection (LeaderElection.java:askForVotes(308)) - a42fb17c-ab54-48f0-b04c-859eb28781e5@group-1723FB9CAE25-LeaderElection53 ELECTION round 0: result PASSED (term=1)
2021-04-10 01:06:44,475 [a42fb17c-ab54-48f0-b04c-859eb28781e5@group-1723FB9CAE25-LeaderElection53] INFO  impl.RoleInfo (RoleInfo.java:shutdownLeaderElection(121)) - a42fb17c-ab54-48f0-b04c-859eb28781e5: shutdown a42fb17c-ab54-48f0-b04c-859eb28781e5@group-1723FB9CAE25-LeaderElection53
2021-04-10 01:06:44,475 [a42fb17c-ab54-48f0-b04c-859eb28781e5@group-1723FB9CAE25-LeaderElection53] INFO  server.RaftServer$Division (RaftServerImpl.java:setRole(284)) - a42fb17c-ab54-48f0-b04c-859eb28781e5@group-1723FB9CAE25: changes role from CANDIDATE to LEADER at term 1 for changeToLeader
2021-04-10 01:06:44,475 [a42fb17c-ab54-48f0-b04c-859eb28781e5@group-1723FB9CAE25-LeaderElection53] INFO  ratis.XceiverServerRatis (XceiverServerRatis.java:handleLeaderChangedNotification(906)) - Leader change notification received for group: group-1723FB9CAE25 with new leaderId: a42fb17c-ab54-48f0-b04c-859eb28781e5
2021-04-10 01:06:44,475 [a42fb17c-ab54-48f0-b04c-859eb28781e5@group-1723FB9CAE25-LeaderElection53] INFO  server.RaftServer$Division (ServerState.java:setLeader(271)) - a42fb17c-ab54-48f0-b04c-859eb28781e5@group-1723FB9CAE25: change Leader from null to a42fb17c-ab54-48f0-b04c-859eb28781e5 at term 1 for becomeLeader, leader elected after 5099ms
2021-04-10 01:06:44,475 [a42fb17c-ab54-48f0-b04c-859eb28781e5@group-1723FB9CAE25-LeaderElection53] INFO  server.RaftServerConfigKeys (ConfUtils.java:logGet(44)) - raft.server.staging.catchup.gap = 1000 (default)
2021-04-10 01:06:44,475 [a42fb17c-ab54-48f0-b04c-859eb28781e5@group-1723FB9CAE25-LeaderElection53] INFO  metrics.RatisMetrics (RatisMetrics.java:lambda$create$0(36)) - Creating Metrics Registry : ratis.log_appender.a42fb17c-ab54-48f0-b04c-859eb28781e5@group-1723FB9CAE25
2021-04-10 01:06:44,476 [a42fb17c-ab54-48f0-b04c-859eb28781e5@group-1723FB9CAE25-LeaderElection53] INFO  server.RaftServerConfigKeys (ConfUtils.java:logGet(44)) - raft.server.write.element-limit = 1024 (custom)
2021-04-10 01:06:44,476 [a42fb17c-ab54-48f0-b04c-859eb28781e5@group-1723FB9CAE25-LeaderElection53] INFO  server.RaftServerConfigKeys (ConfUtils.java:logGet(44)) - raft.server.write.byte-limit = 1073741824 (custom)
2021-04-10 01:06:44,476 [a42fb17c-ab54-48f0-b04c-859eb28781e5@group-1723FB9CAE25-LeaderElection53] INFO  server.RaftServerConfigKeys (ConfUtils.java:logGet(44)) - raft.server.watch.timeout = 3000ms (custom)
2021-04-10 01:06:44,476 [a42fb17c-ab54-48f0-b04c-859eb28781e5@group-1723FB9CAE25-LeaderElection53] INFO  server.RaftServerConfigKeys (ConfUtils.java:logGet(44)) - raft.server.watch.timeout.denomination = 1s (default)
2021-04-10 01:06:44,476 [a42fb17c-ab54-48f0-b04c-859eb28781e5@group-1723FB9CAE25-LeaderElection53] INFO  server.RaftServerConfigKeys (ConfUtils.java:logGet(44)) - raft.server.watch.element-limit = 65536 (default)
2021-04-10 01:06:44,477 [a42fb17c-ab54-48f0-b04c-859eb28781e5@group-1723FB9CAE25-LeaderElection53] INFO  impl.RoleInfo (RoleInfo.java:updateAndGet(130)) - a42fb17c-ab54-48f0-b04c-859eb28781e5: start a42fb17c-ab54-48f0-b04c-859eb28781e5@group-1723FB9CAE25-LeaderStateImpl
2021-04-10 01:06:44,477 [a42fb17c-ab54-48f0-b04c-859eb28781e5@group-1723FB9CAE25-LeaderElection53] INFO  segmented.SegmentedRaftLogWorker (SegmentedRaftLogWorker.java:startLogSegment(394)) - a42fb17c-ab54-48f0-b04c-859eb28781e5@group-1723FB9CAE25-SegmentedRaftLogWorker: Starting segment from index:0
2021-04-10 01:06:44,479 [a42fb17c-ab54-48f0-b04c-859eb28781e5@group-1723FB9CAE25-SegmentedRaftLogWorker] INFO  segmented.SegmentedRaftLogWorker (SegmentedRaftLogWorker.java:execute(601)) - a42fb17c-ab54-48f0-b04c-859eb28781e5@group-1723FB9CAE25-SegmentedRaftLogWorker: created new log segment /github/workspace/mnt/ozone/hadoop-ozone/integration-test/target/test-dir/MiniOzoneClusterImpl-da946c58-7c29-4448-876e-997be65f487e/datanode-5/data/ratis/384634db-4e2f-48b9-a2d2-1723fb9cae25/current/log_inprogress_0
2021-04-10 01:06:44,480 [a42fb17c-ab54-48f0-b04c-859eb28781e5@group-1723FB9CAE25-LeaderElection53] INFO  server.RaftServer$Division (ServerState.java:setRaftConf(373)) - a42fb17c-ab54-48f0-b04c-859eb28781e5@group-1723FB9CAE25: set configuration 0: [a42fb17c-ab54-48f0-b04c-859eb28781e5|rpc:172.17.0.2:39951|dataStream:|priority:1], old=null
2021-04-10 01:06:44,704 [8c8eae1d-dd67-4c0e-97f4-ede4c5bc644d@group-923F87AB690E-FollowerState] INFO  impl.FollowerState (FollowerState.java:run(134)) - 8c8eae1d-dd67-4c0e-97f4-ede4c5bc644d@group-923F87AB690E-FollowerState: change to CANDIDATE, lastRpcElapsedTime:5024454836ns, electionTimeout:5023ms
2021-04-10 01:06:44,704 [8c8eae1d-dd67-4c0e-97f4-ede4c5bc644d@group-923F87AB690E-FollowerState] INFO  impl.RoleInfo (RoleInfo.java:shutdownFollowerState(108)) - 8c8eae1d-dd67-4c0e-97f4-ede4c5bc644d: shutdown 8c8eae1d-dd67-4c0e-97f4-ede4c5bc644d@group-923F87AB690E-FollowerState
2021-04-10 01:06:44,704 [8c8eae1d-dd67-4c0e-97f4-ede4c5bc644d@group-923F87AB690E-FollowerState] INFO  server.RaftServer$Division (RaftServerImpl.java:setRole(284)) - 8c8eae1d-dd67-4c0e-97f4-ede4c5bc644d@group-923F87AB690E: changes role from  FOLLOWER to CANDIDATE at term 0 for changeToCandidate
2021-04-10 01:06:44,705 [8c8eae1d-dd67-4c0e-97f4-ede4c5bc644d@group-923F87AB690E-FollowerState] INFO  server.RaftServerConfigKeys (ConfUtils.java:logGet(44)) - raft.server.leaderelection.pre-vote = false (custom)
2021-04-10 01:06:44,705 [8c8eae1d-dd67-4c0e-97f4-ede4c5bc644d@group-923F87AB690E-FollowerState] INFO  impl.RoleInfo (RoleInfo.java:updateAndGet(130)) - 8c8eae1d-dd67-4c0e-97f4-ede4c5bc644d: start 8c8eae1d-dd67-4c0e-97f4-ede4c5bc644d@group-923F87AB690E-LeaderElection54
2021-04-10 01:06:44,708 [8c8eae1d-dd67-4c0e-97f4-ede4c5bc644d@group-923F87AB690E-LeaderElection54] INFO  impl.LeaderElection (LeaderElection.java:askForVotes(306)) - 8c8eae1d-dd67-4c0e-97f4-ede4c5bc644d@group-923F87AB690E-LeaderElection54 ELECTION round 0: submit vote requests at term 1 for -1: [361947c2-eecd-45e2-9da6-933f9372b1c6|rpc:172.17.0.2:46001|dataStream:|priority:0, 8c8eae1d-dd67-4c0e-97f4-ede4c5bc644d|rpc:172.17.0.2:39261|dataStream:|priority:0, 51a677ad-ae3c-4805-a988-993e59f99449|rpc:172.17.0.2:40287|dataStream:|priority:1], old=null
2021-04-10 01:06:44,712 [51a677ad-ae3c-4805-a988-993e59f99449@group-923F87AB690E-FollowerState] INFO  impl.FollowerState (FollowerState.java:run(134)) - 51a677ad-ae3c-4805-a988-993e59f99449@group-923F87AB690E-FollowerState: change to CANDIDATE, lastRpcElapsedTime:5059331147ns, electionTimeout:5058ms
2021-04-10 01:06:44,712 [51a677ad-ae3c-4805-a988-993e59f99449@group-923F87AB690E-FollowerState] INFO  impl.RoleInfo (RoleInfo.java:shutdownFollowerState(108)) - 51a677ad-ae3c-4805-a988-993e59f99449: shutdown 51a677ad-ae3c-4805-a988-993e59f99449@group-923F87AB690E-FollowerState
2021-04-10 01:06:44,712 [51a677ad-ae3c-4805-a988-993e59f99449@group-923F87AB690E-FollowerState] INFO  server.RaftServer$Division (RaftServerImpl.java:setRole(284)) - 51a677ad-ae3c-4805-a988-993e59f99449@group-923F87AB690E: changes role from  FOLLOWER to CANDIDATE at term 0 for changeToCandidate
2021-04-10 01:06:44,713 [51a677ad-ae3c-4805-a988-993e59f99449@group-923F87AB690E-FollowerState] INFO  server.RaftServerConfigKeys (ConfUtils.java:logGet(44)) - raft.server.leaderelection.pre-vote = false (custom)
2021-04-10 01:06:44,713 [51a677ad-ae3c-4805-a988-993e59f99449@group-923F87AB690E-FollowerState] INFO  impl.RoleInfo (RoleInfo.java:updateAndGet(130)) - 51a677ad-ae3c-4805-a988-993e59f99449: start 51a677ad-ae3c-4805-a988-993e59f99449@group-923F87AB690E-LeaderElection55
2021-04-10 01:06:44,713 [361947c2-eecd-45e2-9da6-933f9372b1c6@group-923F87AB690E-FollowerState] INFO  impl.FollowerState (FollowerState.java:run(134)) - 361947c2-eecd-45e2-9da6-933f9372b1c6@group-923F87AB690E-FollowerState: change to CANDIDATE, lastRpcElapsedTime:5084358498ns, electionTimeout:5084ms
2021-04-10 01:06:44,713 [361947c2-eecd-45e2-9da6-933f9372b1c6@group-923F87AB690E-FollowerState] INFO  impl.RoleInfo (RoleInfo.java:shutdownFollowerState(108)) - 361947c2-eecd-45e2-9da6-933f9372b1c6: shutdown 361947c2-eecd-45e2-9da6-933f9372b1c6@group-923F87AB690E-FollowerState
2021-04-10 01:06:44,713 [361947c2-eecd-45e2-9da6-933f9372b1c6@group-923F87AB690E-FollowerState] INFO  server.RaftServer$Division (RaftServerImpl.java:setRole(284)) - 361947c2-eecd-45e2-9da6-933f9372b1c6@group-923F87AB690E: changes role from  FOLLOWER to CANDIDATE at term 0 for changeToCandidate
2021-04-10 01:06:44,716 [grpc-default-executor-4] INFO  metrics.RatisMetrics (RatisMetrics.java:lambda$create$0(36)) - Creating Metrics Registry : ratis.server_message_metrics.361947c2-eecd-45e2-9da6-933f9372b1c6
2021-04-10 01:06:44,719 [grpc-default-executor-4] INFO  server.RaftServer$Division (RaftServerImpl.java:requestVote(1025)) - 361947c2-eecd-45e2-9da6-933f9372b1c6@group-923F87AB690E: receive requestVote(ELECTION, 8c8eae1d-dd67-4c0e-97f4-ede4c5bc644d, group-923F87AB690E, 1, (t:0, i:0))
2021-04-10 01:06:44,720 [361947c2-eecd-45e2-9da6-933f9372b1c6@group-923F87AB690E-FollowerState] INFO  server.RaftServerConfigKeys (ConfUtils.java:logGet(44)) - raft.server.leaderelection.pre-vote = false (custom)
2021-04-10 01:06:44,720 [361947c2-eecd-45e2-9da6-933f9372b1c6@group-923F87AB690E-FollowerState] INFO  impl.RoleInfo (RoleInfo.java:updateAndGet(130)) - 361947c2-eecd-45e2-9da6-933f9372b1c6: start 361947c2-eecd-45e2-9da6-933f9372b1c6@group-923F87AB690E-LeaderElection56
2021-04-10 01:06:44,720 [grpc-default-executor-4] INFO  impl.VoteContext (VoteContext.java:log(48)) - 361947c2-eecd-45e2-9da6-933f9372b1c6@group-923F87AB690E-CANDIDATE: accept ELECTION from 8c8eae1d-dd67-4c0e-97f4-ede4c5bc644d: our priority 0 <= candidate's priority 0
2021-04-10 01:06:44,721 [grpc-default-executor-4] INFO  server.RaftServer$Division (RaftServerImpl.java:setRole(284)) - 361947c2-eecd-45e2-9da6-933f9372b1c6@group-923F87AB690E: changes role from CANDIDATE to FOLLOWER at term 1 for candidate:8c8eae1d-dd67-4c0e-97f4-ede4c5bc644d
2021-04-10 01:06:44,721 [grpc-default-executor-4] INFO  impl.RoleInfo (RoleInfo.java:shutdownLeaderElection(121)) - 361947c2-eecd-45e2-9da6-933f9372b1c6: shutdown 361947c2-eecd-45e2-9da6-933f9372b1c6@group-923F87AB690E-LeaderElection56
2021-04-10 01:06:44,721 [grpc-default-executor-4] INFO  impl.RoleInfo (RoleInfo.java:updateAndGet(130)) - 361947c2-eecd-45e2-9da6-933f9372b1c6: start 361947c2-eecd-45e2-9da6-933f9372b1c6@group-923F87AB690E-FollowerState
2021-04-10 01:06:44,722 [361947c2-eecd-45e2-9da6-933f9372b1c6@group-923F87AB690E-LeaderElection56] INFO  impl.LeaderElection (LeaderElection.java:run(230)) - 361947c2-eecd-45e2-9da6-933f9372b1c6@group-923F87AB690E-LeaderElection56: skip running since this is already CLOSING
2021-04-10 01:06:44,724 [grpc-default-executor-5] INFO  server.RaftServer$Division (RaftServerImpl.java:requestVote(1025)) - 51a677ad-ae3c-4805-a988-993e59f99449@group-923F87AB690E: receive requestVote(ELECTION, 8c8eae1d-dd67-4c0e-97f4-ede4c5bc644d, group-923F87AB690E, 1, (t:0, i:0))
2021-04-10 01:06:44,724 [grpc-default-executor-4] INFO  server.RaftServer$Division (RaftServerImpl.java:requestVote(1057)) - 361947c2-eecd-45e2-9da6-933f9372b1c6@group-923F87AB690E replies to ELECTION vote request: 8c8eae1d-dd67-4c0e-97f4-ede4c5bc644d<-361947c2-eecd-45e2-9da6-933f9372b1c6#0:OK-t1. Peer's state: 361947c2-eecd-45e2-9da6-933f9372b1c6@group-923F87AB690E:t1, leader=null, voted=8c8eae1d-dd67-4c0e-97f4-ede4c5bc644d, raftlog=361947c2-eecd-45e2-9da6-933f9372b1c6@group-923F87AB690E-SegmentedRaftLog:OPENED:c-1,f-1,i0, conf=-1: [361947c2-eecd-45e2-9da6-933f9372b1c6|rpc:172.17.0.2:46001|priority:0, 8c8eae1d-dd67-4c0e-97f4-ede4c5bc644d|rpc:172.17.0.2:39261|priority:0, 51a677ad-ae3c-4805-a988-993e59f99449|rpc:172.17.0.2:40287|priority:1], old=null
2021-04-10 01:06:44,724 [grpc-default-executor-5] INFO  impl.VoteContext (VoteContext.java:log(48)) - 51a677ad-ae3c-4805-a988-993e59f99449@group-923F87AB690E-CANDIDATE: reject ELECTION from 8c8eae1d-dd67-4c0e-97f4-ede4c5bc644d: our priority 1 > candidate's priority 0
2021-04-10 01:06:44,724 [grpc-default-executor-5] INFO  server.RaftServer$Division (RaftServerImpl.java:setRole(284)) - 51a677ad-ae3c-4805-a988-993e59f99449@group-923F87AB690E: changes role from CANDIDATE to FOLLOWER at term 1 for candidate:8c8eae1d-dd67-4c0e-97f4-ede4c5bc644d
2021-04-10 01:06:44,724 [grpc-default-executor-5] INFO  impl.RoleInfo (RoleInfo.java:shutdownLeaderElection(121)) - 51a677ad-ae3c-4805-a988-993e59f99449: shutdown 51a677ad-ae3c-4805-a988-993e59f99449@group-923F87AB690E-LeaderElection55
2021-04-10 01:06:44,724 [grpc-default-executor-5] INFO  impl.RoleInfo (RoleInfo.java:updateAndGet(130)) - 51a677ad-ae3c-4805-a988-993e59f99449: start 51a677ad-ae3c-4805-a988-993e59f99449@group-923F87AB690E-FollowerState
2021-04-10 01:06:44,728 [grpc-default-executor-5] INFO  server.RaftServer$Division (RaftServerImpl.java:requestVote(1057)) - 51a677ad-ae3c-4805-a988-993e59f99449@group-923F87AB690E replies to ELECTION vote request: 8c8eae1d-dd67-4c0e-97f4-ede4c5bc644d<-51a677ad-ae3c-4805-a988-993e59f99449#0:FAIL-t1. Peer's state: 51a677ad-ae3c-4805-a988-993e59f99449@group-923F87AB690E:t1, leader=null, voted=null, raftlog=51a677ad-ae3c-4805-a988-993e59f99449@group-923F87AB690E-SegmentedRaftLog:OPENED:c-1,f-1,i0, conf=-1: [361947c2-eecd-45e2-9da6-933f9372b1c6|rpc:172.17.0.2:46001|dataStream:|priority:0, 8c8eae1d-dd67-4c0e-97f4-ede4c5bc644d|rpc:172.17.0.2:39261|dataStream:|priority:0, 51a677ad-ae3c-4805-a988-993e59f99449|rpc:172.17.0.2:40287|dataStream:|priority:1], old=null
2021-04-10 01:06:44,729 [8c8eae1d-dd67-4c0e-97f4-ede4c5bc644d@group-923F87AB690E-LeaderElection54] INFO  impl.LeaderElection (LeaderElection.java:logAndReturn(89)) - 8c8eae1d-dd67-4c0e-97f4-ede4c5bc644d@group-923F87AB690E-LeaderElection54: ELECTION REJECTED received 2 response(s) and 0 exception(s):
2021-04-10 01:06:44,729 [8c8eae1d-dd67-4c0e-97f4-ede4c5bc644d@group-923F87AB690E-LeaderElection54] INFO  impl.LeaderElection (LeaderElection.java:logAndReturn(93)) -   Response 0: 8c8eae1d-dd67-4c0e-97f4-ede4c5bc644d<-361947c2-eecd-45e2-9da6-933f9372b1c6#0:OK-t1
2021-04-10 01:06:44,729 [8c8eae1d-dd67-4c0e-97f4-ede4c5bc644d@group-923F87AB690E-LeaderElection54] INFO  impl.LeaderElection (LeaderElection.java:logAndReturn(93)) -   Response 1: 8c8eae1d-dd67-4c0e-97f4-ede4c5bc644d<-51a677ad-ae3c-4805-a988-993e59f99449#0:FAIL-t1
2021-04-10 01:06:44,729 [8c8eae1d-dd67-4c0e-97f4-ede4c5bc644d@group-923F87AB690E-LeaderElection54] INFO  impl.LeaderElection (LeaderElection.java:askForVotes(308)) - 8c8eae1d-dd67-4c0e-97f4-ede4c5bc644d@group-923F87AB690E-LeaderElection54 ELECTION round 0: result REJECTED
2021-04-10 01:06:44,729 [8c8eae1d-dd67-4c0e-97f4-ede4c5bc644d@group-923F87AB690E-LeaderElection54] INFO  server.RaftServer$Division (RaftServerImpl.java:setRole(284)) - 8c8eae1d-dd67-4c0e-97f4-ede4c5bc644d@group-923F87AB690E: changes role from CANDIDATE to FOLLOWER at term 1 for REJECTED
2021-04-10 01:06:44,729 [8c8eae1d-dd67-4c0e-97f4-ede4c5bc644d@group-923F87AB690E-LeaderElection54] INFO  impl.RoleInfo (RoleInfo.java:shutdownLeaderElection(121)) - 8c8eae1d-dd67-4c0e-97f4-ede4c5bc644d: shutdown 8c8eae1d-dd67-4c0e-97f4-ede4c5bc644d@group-923F87AB690E-LeaderElection54
2021-04-10 01:06:44,729 [8c8eae1d-dd67-4c0e-97f4-ede4c5bc644d@group-923F87AB690E-LeaderElection54] INFO  impl.RoleInfo (RoleInfo.java:updateAndGet(130)) - 8c8eae1d-dd67-4c0e-97f4-ede4c5bc644d: start 8c8eae1d-dd67-4c0e-97f4-ede4c5bc644d@group-923F87AB690E-FollowerState
2021-04-10 01:06:44,748 [361947c2-eecd-45e2-9da6-933f9372b1c6@group-FD7C0488E0CA-FollowerState] INFO  impl.FollowerState (FollowerState.java:run(134)) - 361947c2-eecd-45e2-9da6-933f9372b1c6@group-FD7C0488E0CA-FollowerState: change to CANDIDATE, lastRpcElapsedTime:5136367012ns, electionTimeout:5136ms
2021-04-10 01:06:44,748 [361947c2-eecd-45e2-9da6-933f9372b1c6@group-FD7C0488E0CA-FollowerState] INFO  impl.RoleInfo (RoleInfo.java:shutdownFollowerState(108)) - 361947c2-eecd-45e2-9da6-933f9372b1c6: shutdown 361947c2-eecd-45e2-9da6-933f9372b1c6@group-FD7C0488E0CA-FollowerState
2021-04-10 01:06:44,748 [361947c2-eecd-45e2-9da6-933f9372b1c6@group-FD7C0488E0CA-FollowerState] INFO  server.RaftServer$Division (RaftServerImpl.java:setRole(284)) - 361947c2-eecd-45e2-9da6-933f9372b1c6@group-FD7C0488E0CA: changes role from  FOLLOWER to CANDIDATE at term 0 for changeToCandidate
2021-04-10 01:06:44,748 [361947c2-eecd-45e2-9da6-933f9372b1c6@group-FD7C0488E0CA-FollowerState] INFO  server.RaftServerConfigKeys (ConfUtils.java:logGet(44)) - raft.server.leaderelection.pre-vote = false (custom)
2021-04-10 01:06:44,749 [361947c2-eecd-45e2-9da6-933f9372b1c6@group-FD7C0488E0CA-FollowerState] INFO  impl.RoleInfo (RoleInfo.java:updateAndGet(130)) - 361947c2-eecd-45e2-9da6-933f9372b1c6: start 361947c2-eecd-45e2-9da6-933f9372b1c6@group-FD7C0488E0CA-LeaderElection57
2021-04-10 01:06:44,751 [361947c2-eecd-45e2-9da6-933f9372b1c6@group-FD7C0488E0CA-LeaderElection57] INFO  impl.LeaderElection (LeaderElection.java:askForVotes(306)) - 361947c2-eecd-45e2-9da6-933f9372b1c6@group-FD7C0488E0CA-LeaderElection57 ELECTION round 0: submit vote requests at term 1 for -1: [361947c2-eecd-45e2-9da6-933f9372b1c6|rpc:172.17.0.2:46001|priority:1], old=null
2021-04-10 01:06:44,751 [361947c2-eecd-45e2-9da6-933f9372b1c6@group-FD7C0488E0CA-LeaderElection57] INFO  impl.LeaderElection (LeaderElection.java:askForVotes(308)) - 361947c2-eecd-45e2-9da6-933f9372b1c6@group-FD7C0488E0CA-LeaderElection57 ELECTION round 0: result PASSED (term=1)
2021-04-10 01:06:44,751 [361947c2-eecd-45e2-9da6-933f9372b1c6@group-FD7C0488E0CA-LeaderElection57] INFO  impl.RoleInfo (RoleInfo.java:shutdownLeaderElection(121)) - 361947c2-eecd-45e2-9da6-933f9372b1c6: shutdown 361947c2-eecd-45e2-9da6-933f9372b1c6@group-FD7C0488E0CA-LeaderElection57
2021-04-10 01:06:44,752 [361947c2-eecd-45e2-9da6-933f9372b1c6@group-FD7C0488E0CA-LeaderElection57] INFO  server.RaftServer$Division (RaftServerImpl.java:setRole(284)) - 361947c2-eecd-45e2-9da6-933f9372b1c6@group-FD7C0488E0CA: changes role from CANDIDATE to LEADER at term 1 for changeToLeader
2021-04-10 01:06:44,752 [361947c2-eecd-45e2-9da6-933f9372b1c6@group-FD7C0488E0CA-LeaderElection57] INFO  ratis.XceiverServerRatis (XceiverServerRatis.java:handleLeaderChangedNotification(906)) - Leader change notification received for group: group-FD7C0488E0CA with new leaderId: 361947c2-eecd-45e2-9da6-933f9372b1c6
2021-04-10 01:06:44,752 [361947c2-eecd-45e2-9da6-933f9372b1c6@group-FD7C0488E0CA-LeaderElection57] INFO  server.RaftServer$Division (ServerState.java:setLeader(271)) - 361947c2-eecd-45e2-9da6-933f9372b1c6@group-FD7C0488E0CA: change Leader from null to 361947c2-eecd-45e2-9da6-933f9372b1c6 at term 1 for becomeLeader, leader elected after 5147ms
2021-04-10 01:06:44,752 [361947c2-eecd-45e2-9da6-933f9372b1c6@group-FD7C0488E0CA-LeaderElection57] INFO  server.RaftServerConfigKeys (ConfUtils.java:logGet(44)) - raft.server.staging.catchup.gap = 1000 (default)
2021-04-10 01:06:44,752 [361947c2-eecd-45e2-9da6-933f9372b1c6@group-FD7C0488E0CA-LeaderElection57] INFO  metrics.RatisMetrics (RatisMetrics.java:lambda$create$0(36)) - Creating Metrics Registry : ratis.log_appender.361947c2-eecd-45e2-9da6-933f9372b1c6@group-FD7C0488E0CA
2021-04-10 01:06:44,753 [361947c2-eecd-45e2-9da6-933f9372b1c6@group-FD7C0488E0CA-LeaderElection57] INFO  server.RaftServerConfigKeys (ConfUtils.java:logGet(44)) - raft.server.write.element-limit = 1024 (custom)
2021-04-10 01:06:44,753 [361947c2-eecd-45e2-9da6-933f9372b1c6@group-FD7C0488E0CA-LeaderElection57] INFO  server.RaftServerConfigKeys (ConfUtils.java:logGet(44)) - raft.server.write.byte-limit = 1073741824 (custom)
2021-04-10 01:06:44,753 [361947c2-eecd-45e2-9da6-933f9372b1c6@group-FD7C0488E0CA-LeaderElection57] INFO  server.RaftServerConfigKeys (ConfUtils.java:logGet(44)) - raft.server.watch.timeout = 3000ms (custom)
2021-04-10 01:06:44,753 [361947c2-eecd-45e2-9da6-933f9372b1c6@group-FD7C0488E0CA-LeaderElection57] INFO  server.RaftServerConfigKeys (ConfUtils.java:logGet(44)) - raft.server.watch.timeout.denomination = 1s (default)
2021-04-10 01:06:44,754 [361947c2-eecd-45e2-9da6-933f9372b1c6@group-FD7C0488E0CA-LeaderElection57] INFO  server.RaftServerConfigKeys (ConfUtils.java:logGet(44)) - raft.server.watch.element-limit = 65536 (default)
2021-04-10 01:06:44,754 [361947c2-eecd-45e2-9da6-933f9372b1c6@group-FD7C0488E0CA-LeaderElection57] INFO  impl.RoleInfo (RoleInfo.java:updateAndGet(130)) - 361947c2-eecd-45e2-9da6-933f9372b1c6: start 361947c2-eecd-45e2-9da6-933f9372b1c6@group-FD7C0488E0CA-LeaderStateImpl
2021-04-10 01:06:44,754 [361947c2-eecd-45e2-9da6-933f9372b1c6@group-FD7C0488E0CA-LeaderElection57] INFO  segmented.SegmentedRaftLogWorker (SegmentedRaftLogWorker.java:startLogSegment(394)) - 361947c2-eecd-45e2-9da6-933f9372b1c6@group-FD7C0488E0CA-SegmentedRaftLogWorker: Starting segment from index:0
2021-04-10 01:06:44,756 [361947c2-eecd-45e2-9da6-933f9372b1c6@group-FD7C0488E0CA-SegmentedRaftLogWorker] INFO  segmented.SegmentedRaftLogWorker (SegmentedRaftLogWorker.java:execute(601)) - 361947c2-eecd-45e2-9da6-933f9372b1c6@group-FD7C0488E0CA-SegmentedRaftLogWorker: created new log segment /github/workspace/mnt/ozone/hadoop-ozone/integration-test/target/test-dir/MiniOzoneClusterImpl-da946c58-7c29-4448-876e-997be65f487e/datanode-6/data/ratis/e498aa0e-7a57-4262-ae43-fd7c0488e0ca/current/log_inprogress_0
2021-04-10 01:06:44,761 [361947c2-eecd-45e2-9da6-933f9372b1c6@group-FD7C0488E0CA-LeaderElection57] INFO  server.RaftServer$Division (ServerState.java:setRaftConf(373)) - 361947c2-eecd-45e2-9da6-933f9372b1c6@group-FD7C0488E0CA: set configuration 0: [361947c2-eecd-45e2-9da6-933f9372b1c6|rpc:172.17.0.2:46001|dataStream:|priority:1], old=null
2021-04-10 01:06:44,903 [8c8eae1d-dd67-4c0e-97f4-ede4c5bc644d@group-2755706699C4-FollowerState] INFO  impl.FollowerState (FollowerState.java:run(134)) - 8c8eae1d-dd67-4c0e-97f4-ede4c5bc644d@group-2755706699C4-FollowerState: change to CANDIDATE, lastRpcElapsedTime:5013345269ns, electionTimeout:5013ms
2021-04-10 01:06:44,904 [8c8eae1d-dd67-4c0e-97f4-ede4c5bc644d@group-2755706699C4-FollowerState] INFO  impl.RoleInfo (RoleInfo.java:shutdownFollowerState(108)) - 8c8eae1d-dd67-4c0e-97f4-ede4c5bc644d: shutdown 8c8eae1d-dd67-4c0e-97f4-ede4c5bc644d@group-2755706699C4-FollowerState
2021-04-10 01:06:44,904 [8c8eae1d-dd67-4c0e-97f4-ede4c5bc644d@group-2755706699C4-FollowerState] INFO  server.RaftServer$Division (RaftServerImpl.java:setRole(284)) - 8c8eae1d-dd67-4c0e-97f4-ede4c5bc644d@group-2755706699C4: changes role from  FOLLOWER to CANDIDATE at term 0 for changeToCandidate
2021-04-10 01:06:44,904 [8c8eae1d-dd67-4c0e-97f4-ede4c5bc644d@group-2755706699C4-FollowerState] INFO  server.RaftServerConfigKeys (ConfUtils.java:logGet(44)) - raft.server.leaderelection.pre-vote = false (custom)
2021-04-10 01:06:44,904 [8c8eae1d-dd67-4c0e-97f4-ede4c5bc644d@group-2755706699C4-FollowerState] INFO  impl.RoleInfo (RoleInfo.java:updateAndGet(130)) - 8c8eae1d-dd67-4c0e-97f4-ede4c5bc644d: start 8c8eae1d-dd67-4c0e-97f4-ede4c5bc644d@group-2755706699C4-LeaderElection58
2021-04-10 01:06:44,907 [8c8eae1d-dd67-4c0e-97f4-ede4c5bc644d@group-2755706699C4-LeaderElection58] INFO  impl.LeaderElection (LeaderElection.java:askForVotes(306)) - 8c8eae1d-dd67-4c0e-97f4-ede4c5bc644d@group-2755706699C4-LeaderElection58 ELECTION round 0: submit vote requests at term 1 for -1: [8c8eae1d-dd67-4c0e-97f4-ede4c5bc644d|rpc:172.17.0.2:39261|priority:1], old=null
2021-04-10 01:06:44,907 [8c8eae1d-dd67-4c0e-97f4-ede4c5bc644d@group-2755706699C4-LeaderElection58] INFO  impl.LeaderElection (LeaderElection.java:askForVotes(308)) - 8c8eae1d-dd67-4c0e-97f4-ede4c5bc644d@group-2755706699C4-LeaderElection58 ELECTION round 0: result PASSED (term=1)
2021-04-10 01:06:44,907 [8c8eae1d-dd67-4c0e-97f4-ede4c5bc644d@group-2755706699C4-LeaderElection58] INFO  impl.RoleInfo (RoleInfo.java:shutdownLeaderElection(121)) - 8c8eae1d-dd67-4c0e-97f4-ede4c5bc644d: shutdown 8c8eae1d-dd67-4c0e-97f4-ede4c5bc644d@group-2755706699C4-LeaderElection58
2021-04-10 01:06:44,907 [8c8eae1d-dd67-4c0e-97f4-ede4c5bc644d@group-2755706699C4-LeaderElection58] INFO  server.RaftServer$Division (RaftServerImpl.java:setRole(284)) - 8c8eae1d-dd67-4c0e-97f4-ede4c5bc644d@group-2755706699C4: changes role from CANDIDATE to LEADER at term 1 for changeToLeader
2021-04-10 01:06:44,907 [8c8eae1d-dd67-4c0e-97f4-ede4c5bc644d@group-2755706699C4-LeaderElection58] INFO  ratis.XceiverServerRatis (XceiverServerRatis.java:handleLeaderChangedNotification(906)) - Leader change notification received for group: group-2755706699C4 with new leaderId: 8c8eae1d-dd67-4c0e-97f4-ede4c5bc644d
2021-04-10 01:06:44,907 [8c8eae1d-dd67-4c0e-97f4-ede4c5bc644d@group-2755706699C4-LeaderElection58] INFO  server.RaftServer$Division (ServerState.java:setLeader(271)) - 8c8eae1d-dd67-4c0e-97f4-ede4c5bc644d@group-2755706699C4: change Leader from null to 8c8eae1d-dd67-4c0e-97f4-ede4c5bc644d at term 1 for becomeLeader, leader elected after 5024ms
2021-04-10 01:06:44,908 [8c8eae1d-dd67-4c0e-97f4-ede4c5bc644d@group-2755706699C4-LeaderElection58] INFO  server.RaftServerConfigKeys (ConfUtils.java:logGet(44)) - raft.server.staging.catchup.gap = 1000 (default)
2021-04-10 01:06:44,908 [8c8eae1d-dd67-4c0e-97f4-ede4c5bc644d@group-2755706699C4-LeaderElection58] INFO  metrics.RatisMetrics (RatisMetrics.java:lambda$create$0(36)) - Creating Metrics Registry : ratis.log_appender.8c8eae1d-dd67-4c0e-97f4-ede4c5bc644d@group-2755706699C4
2021-04-10 01:06:44,908 [8c8eae1d-dd67-4c0e-97f4-ede4c5bc644d@group-2755706699C4-LeaderElection58] INFO  server.RaftServerConfigKeys (ConfUtils.java:logGet(44)) - raft.server.write.element-limit = 1024 (custom)
2021-04-10 01:06:44,908 [8c8eae1d-dd67-4c0e-97f4-ede4c5bc644d@group-2755706699C4-LeaderElection58] INFO  server.RaftServerConfigKeys (ConfUtils.java:logGet(44)) - raft.server.write.byte-limit = 1073741824 (custom)
2021-04-10 01:06:44,909 [8c8eae1d-dd67-4c0e-97f4-ede4c5bc644d@group-2755706699C4-LeaderElection58] INFO  server.RaftServerConfigKeys (ConfUtils.java:logGet(44)) - raft.server.watch.timeout = 3000ms (custom)
2021-04-10 01:06:44,909 [8c8eae1d-dd67-4c0e-97f4-ede4c5bc644d@group-2755706699C4-LeaderElection58] INFO  server.RaftServerConfigKeys (ConfUtils.java:logGet(44)) - raft.server.watch.timeout.denomination = 1s (default)
2021-04-10 01:06:44,909 [8c8eae1d-dd67-4c0e-97f4-ede4c5bc644d@group-2755706699C4-LeaderElection58] INFO  server.RaftServerConfigKeys (ConfUtils.java:logGet(44)) - raft.server.watch.element-limit = 65536 (default)
2021-04-10 01:06:44,909 [8c8eae1d-dd67-4c0e-97f4-ede4c5bc644d@group-2755706699C4-LeaderElection58] INFO  impl.RoleInfo (RoleInfo.java:updateAndGet(130)) - 8c8eae1d-dd67-4c0e-97f4-ede4c5bc644d: start 8c8eae1d-dd67-4c0e-97f4-ede4c5bc644d@group-2755706699C4-LeaderStateImpl
2021-04-10 01:06:44,909 [8c8eae1d-dd67-4c0e-97f4-ede4c5bc644d@group-2755706699C4-LeaderElection58] INFO  segmented.SegmentedRaftLogWorker (SegmentedRaftLogWorker.java:startLogSegment(394)) - 8c8eae1d-dd67-4c0e-97f4-ede4c5bc644d@group-2755706699C4-SegmentedRaftLogWorker: Starting segment from index:0
2021-04-10 01:06:44,911 [8c8eae1d-dd67-4c0e-97f4-ede4c5bc644d@group-2755706699C4-SegmentedRaftLogWorker] INFO  segmented.SegmentedRaftLogWorker (SegmentedRaftLogWorker.java:execute(601)) - 8c8eae1d-dd67-4c0e-97f4-ede4c5bc644d@group-2755706699C4-SegmentedRaftLogWorker: created new log segment /github/workspace/mnt/ozone/hadoop-ozone/integration-test/target/test-dir/MiniOzoneClusterImpl-da946c58-7c29-4448-876e-997be65f487e/datanode-7/data/ratis/bb459efc-16c8-4713-bf14-2755706699c4/current/log_inprogress_0
2021-04-10 01:06:44,911 [8c8eae1d-dd67-4c0e-97f4-ede4c5bc644d@group-2755706699C4-LeaderElection58] INFO  server.RaftServer$Division (ServerState.java:setRaftConf(373)) - 8c8eae1d-dd67-4c0e-97f4-ede4c5bc644d@group-2755706699C4: set configuration 0: [8c8eae1d-dd67-4c0e-97f4-ede4c5bc644d|rpc:172.17.0.2:39261|dataStream:|priority:1], old=null
2021-04-10 01:06:45,157 [51a677ad-ae3c-4805-a988-993e59f99449@group-FA68FF2AD76B-FollowerState] INFO  impl.FollowerState (FollowerState.java:run(134)) - 51a677ad-ae3c-4805-a988-993e59f99449@group-FA68FF2AD76B-FollowerState: change to CANDIDATE, lastRpcElapsedTime:5060388552ns, electionTimeout:5060ms
2021-04-10 01:06:45,157 [51a677ad-ae3c-4805-a988-993e59f99449@group-FA68FF2AD76B-FollowerState] INFO  impl.RoleInfo (RoleInfo.java:shutdownFollowerState(108)) - 51a677ad-ae3c-4805-a988-993e59f99449: shutdown 51a677ad-ae3c-4805-a988-993e59f99449@group-FA68FF2AD76B-FollowerState
2021-04-10 01:06:45,157 [51a677ad-ae3c-4805-a988-993e59f99449@group-FA68FF2AD76B-FollowerState] INFO  server.RaftServer$Division (RaftServerImpl.java:setRole(284)) - 51a677ad-ae3c-4805-a988-993e59f99449@group-FA68FF2AD76B: changes role from  FOLLOWER to CANDIDATE at term 0 for changeToCandidate
2021-04-10 01:06:45,158 [51a677ad-ae3c-4805-a988-993e59f99449@group-FA68FF2AD76B-FollowerState] INFO  server.RaftServerConfigKeys (ConfUtils.java:logGet(44)) - raft.server.leaderelection.pre-vote = false (custom)
2021-04-10 01:06:45,158 [51a677ad-ae3c-4805-a988-993e59f99449@group-FA68FF2AD76B-FollowerState] INFO  impl.RoleInfo (RoleInfo.java:updateAndGet(130)) - 51a677ad-ae3c-4805-a988-993e59f99449: start 51a677ad-ae3c-4805-a988-993e59f99449@group-FA68FF2AD76B-LeaderElection59
2021-04-10 01:06:45,161 [51a677ad-ae3c-4805-a988-993e59f99449@group-FA68FF2AD76B-LeaderElection59] INFO  impl.LeaderElection (LeaderElection.java:askForVotes(306)) - 51a677ad-ae3c-4805-a988-993e59f99449@group-FA68FF2AD76B-LeaderElection59 ELECTION round 0: submit vote requests at term 1 for -1: [51a677ad-ae3c-4805-a988-993e59f99449|rpc:172.17.0.2:40287|priority:1], old=null
2021-04-10 01:06:45,161 [51a677ad-ae3c-4805-a988-993e59f99449@group-FA68FF2AD76B-LeaderElection59] INFO  impl.LeaderElection (LeaderElection.java:askForVotes(308)) - 51a677ad-ae3c-4805-a988-993e59f99449@group-FA68FF2AD76B-LeaderElection59 ELECTION round 0: result PASSED (term=1)
2021-04-10 01:06:45,161 [51a677ad-ae3c-4805-a988-993e59f99449@group-FA68FF2AD76B-LeaderElection59] INFO  impl.RoleInfo (RoleInfo.java:shutdownLeaderElection(121)) - 51a677ad-ae3c-4805-a988-993e59f99449: shutdown 51a677ad-ae3c-4805-a988-993e59f99449@group-FA68FF2AD76B-LeaderElection59
2021-04-10 01:06:45,161 [51a677ad-ae3c-4805-a988-993e59f99449@group-FA68FF2AD76B-LeaderElection59] INFO  server.RaftServer$Division (RaftServerImpl.java:setRole(284)) - 51a677ad-ae3c-4805-a988-993e59f99449@group-FA68FF2AD76B: changes role from CANDIDATE to LEADER at term 1 for changeToLeader
2021-04-10 01:06:45,161 [51a677ad-ae3c-4805-a988-993e59f99449@group-FA68FF2AD76B-LeaderElection59] INFO  ratis.XceiverServerRatis (XceiverServerRatis.java:handleLeaderChangedNotification(906)) - Leader change notification received for group: group-FA68FF2AD76B with new leaderId: 51a677ad-ae3c-4805-a988-993e59f99449
2021-04-10 01:06:45,162 [51a677ad-ae3c-4805-a988-993e59f99449@group-FA68FF2AD76B-LeaderElection59] INFO  server.RaftServer$Division (ServerState.java:setLeader(271)) - 51a677ad-ae3c-4805-a988-993e59f99449@group-FA68FF2AD76B: change Leader from null to 51a677ad-ae3c-4805-a988-993e59f99449 at term 1 for becomeLeader, leader elected after 5075ms
2021-04-10 01:06:45,162 [51a677ad-ae3c-4805-a988-993e59f99449@group-FA68FF2AD76B-LeaderElection59] INFO  server.RaftServerConfigKeys (ConfUtils.java:logGet(44)) - raft.server.staging.catchup.gap = 1000 (default)
2021-04-10 01:06:45,162 [51a677ad-ae3c-4805-a988-993e59f99449@group-FA68FF2AD76B-LeaderElection59] INFO  metrics.RatisMetrics (RatisMetrics.java:lambda$create$0(36)) - Creating Metrics Registry : ratis.log_appender.51a677ad-ae3c-4805-a988-993e59f99449@group-FA68FF2AD76B
2021-04-10 01:06:45,163 [51a677ad-ae3c-4805-a988-993e59f99449@group-FA68FF2AD76B-LeaderElection59] INFO  server.RaftServerConfigKeys (ConfUtils.java:logGet(44)) - raft.server.write.element-limit = 1024 (custom)
2021-04-10 01:06:45,163 [51a677ad-ae3c-4805-a988-993e59f99449@group-FA68FF2AD76B-LeaderElection59] INFO  server.RaftServerConfigKeys (ConfUtils.java:logGet(44)) - raft.server.write.byte-limit = 1073741824 (custom)
2021-04-10 01:06:45,164 [51a677ad-ae3c-4805-a988-993e59f99449@group-FA68FF2AD76B-LeaderElection59] INFO  server.RaftServerConfigKeys (ConfUtils.java:logGet(44)) - raft.server.watch.timeout = 3000ms (custom)
2021-04-10 01:06:45,164 [51a677ad-ae3c-4805-a988-993e59f99449@group-FA68FF2AD76B-LeaderElection59] INFO  server.RaftServerConfigKeys (ConfUtils.java:logGet(44)) - raft.server.watch.timeout.denomination = 1s (default)
2021-04-10 01:06:45,164 [51a677ad-ae3c-4805-a988-993e59f99449@group-FA68FF2AD76B-LeaderElection59] INFO  server.RaftServerConfigKeys (ConfUtils.java:logGet(44)) - raft.server.watch.element-limit = 65536 (default)
2021-04-10 01:06:45,164 [51a677ad-ae3c-4805-a988-993e59f99449@group-FA68FF2AD76B-LeaderElection59] INFO  impl.RoleInfo (RoleInfo.java:updateAndGet(130)) - 51a677ad-ae3c-4805-a988-993e59f99449: start 51a677ad-ae3c-4805-a988-993e59f99449@group-FA68FF2AD76B-LeaderStateImpl
2021-04-10 01:06:45,164 [51a677ad-ae3c-4805-a988-993e59f99449@group-FA68FF2AD76B-LeaderElection59] INFO  segmented.SegmentedRaftLogWorker (SegmentedRaftLogWorker.java:startLogSegment(394)) - 51a677ad-ae3c-4805-a988-993e59f99449@group-FA68FF2AD76B-SegmentedRaftLogWorker: Starting segment from index:0
2021-04-10 01:06:45,166 [51a677ad-ae3c-4805-a988-993e59f99449@group-FA68FF2AD76B-SegmentedRaftLogWorker] INFO  segmented.SegmentedRaftLogWorker (SegmentedRaftLogWorker.java:execute(601)) - 51a677ad-ae3c-4805-a988-993e59f99449@group-FA68FF2AD76B-SegmentedRaftLogWorker: created new log segment /github/workspace/mnt/ozone/hadoop-ozone/integration-test/target/test-dir/MiniOzoneClusterImpl-da946c58-7c29-4448-876e-997be65f487e/datanode-8/data/ratis/c76e43d5-472b-4f8d-96f3-fa68ff2ad76b/current/log_inprogress_0
2021-04-10 01:06:45,172 [51a677ad-ae3c-4805-a988-993e59f99449@group-FA68FF2AD76B-LeaderElection59] INFO  server.RaftServer$Division (ServerState.java:setRaftConf(373)) - 51a677ad-ae3c-4805-a988-993e59f99449@group-FA68FF2AD76B: set configuration 0: [51a677ad-ae3c-4805-a988-993e59f99449|rpc:172.17.0.2:40287|dataStream:|priority:1], old=null
2021-04-10 01:06:47,962 [java.util.concurrent.ThreadPoolExecutor$Worker@1831b786[State = -1, empty queue]] INFO  metrics.RatisMetrics (RatisMetrics.java:lambda$create$0(36)) - Creating Metrics Registry : ratis.client_message_metrics.client-B207BB36FC61->908f18a0-adb7-4061-877d-82f26c284a6d
2021-04-10 01:06:48,381 [c76c366c-8643-4ee1-839d-0bd7e1d17140@group-0E929E22572F-FollowerState] INFO  impl.FollowerState (FollowerState.java:run(134)) - c76c366c-8643-4ee1-839d-0bd7e1d17140@group-0E929E22572F-FollowerState: change to CANDIDATE, lastRpcElapsedTime:5057660326ns, electionTimeout:5057ms
2021-04-10 01:06:48,381 [c76c366c-8643-4ee1-839d-0bd7e1d17140@group-0E929E22572F-FollowerState] INFO  impl.RoleInfo (RoleInfo.java:shutdownFollowerState(108)) - c76c366c-8643-4ee1-839d-0bd7e1d17140: shutdown c76c366c-8643-4ee1-839d-0bd7e1d17140@group-0E929E22572F-FollowerState
2021-04-10 01:06:48,381 [c76c366c-8643-4ee1-839d-0bd7e1d17140@group-0E929E22572F-FollowerState] INFO  server.RaftServer$Division (RaftServerImpl.java:setRole(284)) - c76c366c-8643-4ee1-839d-0bd7e1d17140@group-0E929E22572F: changes role from  FOLLOWER to CANDIDATE at term 1 for changeToCandidate
2021-04-10 01:06:48,382 [c76c366c-8643-4ee1-839d-0bd7e1d17140@group-0E929E22572F-FollowerState] INFO  server.RaftServerConfigKeys (ConfUtils.java:logGet(44)) - raft.server.leaderelection.pre-vote = false (custom)
2021-04-10 01:06:48,382 [c76c366c-8643-4ee1-839d-0bd7e1d17140@group-0E929E22572F-FollowerState] INFO  impl.RoleInfo (RoleInfo.java:updateAndGet(130)) - c76c366c-8643-4ee1-839d-0bd7e1d17140: start c76c366c-8643-4ee1-839d-0bd7e1d17140@group-0E929E22572F-LeaderElection60
2021-04-10 01:06:48,383 [c76c366c-8643-4ee1-839d-0bd7e1d17140@group-0E929E22572F-LeaderElection60] INFO  impl.LeaderElection (LeaderElection.java:askForVotes(306)) - c76c366c-8643-4ee1-839d-0bd7e1d17140@group-0E929E22572F-LeaderElection60 ELECTION round 0: submit vote requests at term 2 for -1: [21f15bd4-cfa2-4f88-85d5-ad2919bb380f|rpc:172.17.0.2:35987|priority:0, c76c366c-8643-4ee1-839d-0bd7e1d17140|rpc:172.17.0.2:37239|priority:0, 9eda0c20-f49c-4c2b-9c3e-213dec6e2110|rpc:172.17.0.2:40767|priority:1], old=null
2021-04-10 01:06:48,387 [grpc-default-executor-3] INFO  server.RaftServer$Division (RaftServerImpl.java:requestVote(1025)) - 9eda0c20-f49c-4c2b-9c3e-213dec6e2110@group-0E929E22572F: receive requestVote(ELECTION, c76c366c-8643-4ee1-839d-0bd7e1d17140, group-0E929E22572F, 2, (t:0, i:0))
2021-04-10 01:06:48,387 [grpc-default-executor-3] INFO  impl.VoteContext (VoteContext.java:log(48)) - 9eda0c20-f49c-4c2b-9c3e-213dec6e2110@group-0E929E22572F-FOLLOWER: reject ELECTION from c76c366c-8643-4ee1-839d-0bd7e1d17140: our priority 1 > candidate's priority 0
2021-04-10 01:06:48,387 [grpc-default-executor-3] INFO  server.RaftServer$Division (RaftServerImpl.java:setRole(284)) - 9eda0c20-f49c-4c2b-9c3e-213dec6e2110@group-0E929E22572F: changes role from  FOLLOWER to FOLLOWER at term 2 for candidate:c76c366c-8643-4ee1-839d-0bd7e1d17140
2021-04-10 01:06:48,387 [grpc-default-executor-3] INFO  impl.RoleInfo (RoleInfo.java:shutdownFollowerState(108)) - 9eda0c20-f49c-4c2b-9c3e-213dec6e2110: shutdown 9eda0c20-f49c-4c2b-9c3e-213dec6e2110@group-0E929E22572F-FollowerState
2021-04-10 01:06:48,387 [grpc-default-executor-3] INFO  impl.RoleInfo (RoleInfo.java:updateAndGet(130)) - 9eda0c20-f49c-4c2b-9c3e-213dec6e2110: start 9eda0c20-f49c-4c2b-9c3e-213dec6e2110@group-0E929E22572F-FollowerState
2021-04-10 01:06:48,387 [9eda0c20-f49c-4c2b-9c3e-213dec6e2110@group-0E929E22572F-FollowerState] INFO  impl.FollowerState (FollowerState.java:run(143)) - 9eda0c20-f49c-4c2b-9c3e-213dec6e2110@group-0E929E22572F-FollowerState was interrupted: {}
java.lang.InterruptedException: sleep interrupted
	at java.lang.Thread.sleep(Native Method)
	at java.lang.Thread.sleep(Thread.java:340)
	at java.util.concurrent.TimeUnit.sleep(TimeUnit.java:386)
	at org.apache.ratis.util.TimeDuration.sleep(TimeDuration.java:324)
	at org.apache.ratis.util.TimeDuration.sleep(TimeDuration.java:309)
	at org.apache.ratis.server.impl.FollowerState.run(FollowerState.java:118)
2021-04-10 01:06:48,388 [grpc-default-executor-5] INFO  server.RaftServer$Division (RaftServerImpl.java:requestVote(1025)) - 21f15bd4-cfa2-4f88-85d5-ad2919bb380f@group-0E929E22572F: receive requestVote(ELECTION, c76c366c-8643-4ee1-839d-0bd7e1d17140, group-0E929E22572F, 2, (t:0, i:0))
2021-04-10 01:06:48,397 [grpc-default-executor-5] INFO  impl.VoteContext (VoteContext.java:log(48)) - 21f15bd4-cfa2-4f88-85d5-ad2919bb380f@group-0E929E22572F-FOLLOWER: accept ELECTION from c76c366c-8643-4ee1-839d-0bd7e1d17140: our priority 0 <= candidate's priority 0
2021-04-10 01:06:48,397 [grpc-default-executor-5] INFO  server.RaftServer$Division (RaftServerImpl.java:setRole(284)) - 21f15bd4-cfa2-4f88-85d5-ad2919bb380f@group-0E929E22572F: changes role from  FOLLOWER to FOLLOWER at term 2 for candidate:c76c366c-8643-4ee1-839d-0bd7e1d17140
2021-04-10 01:06:48,397 [grpc-default-executor-5] INFO  impl.RoleInfo (RoleInfo.java:shutdownFollowerState(108)) - 21f15bd4-cfa2-4f88-85d5-ad2919bb380f: shutdown 21f15bd4-cfa2-4f88-85d5-ad2919bb380f@group-0E929E22572F-FollowerState
2021-04-10 01:06:48,397 [grpc-default-executor-5] INFO  impl.RoleInfo (RoleInfo.java:updateAndGet(130)) - 21f15bd4-cfa2-4f88-85d5-ad2919bb380f: start 21f15bd4-cfa2-4f88-85d5-ad2919bb380f@group-0E929E22572F-FollowerState
2021-04-10 01:06:48,397 [21f15bd4-cfa2-4f88-85d5-ad2919bb380f@group-0E929E22572F-FollowerState] INFO  impl.FollowerState (FollowerState.java:run(143)) - 21f15bd4-cfa2-4f88-85d5-ad2919bb380f@group-0E929E22572F-FollowerState was interrupted: {}
java.lang.InterruptedException: sleep interrupted
	at java.lang.Thread.sleep(Native Method)
	at java.lang.Thread.sleep(Thread.java:340)
	at java.util.concurrent.TimeUnit.sleep(TimeUnit.java:386)
	at org.apache.ratis.util.TimeDuration.sleep(TimeDuration.java:324)
	at org.apache.ratis.util.TimeDuration.sleep(TimeDuration.java:309)
	at org.apache.ratis.server.impl.FollowerState.run(FollowerState.java:118)
2021-04-10 01:06:48,397 [grpc-default-executor-3] INFO  server.RaftServer$Division (RaftServerImpl.java:requestVote(1057)) - 9eda0c20-f49c-4c2b-9c3e-213dec6e2110@group-0E929E22572F replies to ELECTION vote request: c76c366c-8643-4ee1-839d-0bd7e1d17140<-9eda0c20-f49c-4c2b-9c3e-213dec6e2110#0:FAIL-t2. Peer's state: 9eda0c20-f49c-4c2b-9c3e-213dec6e2110@group-0E929E22572F:t2, leader=null, voted=null, raftlog=9eda0c20-f49c-4c2b-9c3e-213dec6e2110@group-0E929E22572F-SegmentedRaftLog:OPENED:c-1,f-1,i0, conf=-1: [21f15bd4-cfa2-4f88-85d5-ad2919bb380f|rpc:172.17.0.2:35987|dataStream:|priority:0, c76c366c-8643-4ee1-839d-0bd7e1d17140|rpc:172.17.0.2:37239|dataStream:|priority:0, 9eda0c20-f49c-4c2b-9c3e-213dec6e2110|rpc:172.17.0.2:40767|dataStream:|priority:1], old=null
2021-04-10 01:06:48,398 [grpc-default-executor-5] INFO  server.RaftServer$Division (RaftServerImpl.java:requestVote(1057)) - 21f15bd4-cfa2-4f88-85d5-ad2919bb380f@group-0E929E22572F replies to ELECTION vote request: c76c366c-8643-4ee1-839d-0bd7e1d17140<-21f15bd4-cfa2-4f88-85d5-ad2919bb380f#0:OK-t2. Peer's state: 21f15bd4-cfa2-4f88-85d5-ad2919bb380f@group-0E929E22572F:t2, leader=null, voted=c76c366c-8643-4ee1-839d-0bd7e1d17140, raftlog=21f15bd4-cfa2-4f88-85d5-ad2919bb380f@group-0E929E22572F-SegmentedRaftLog:OPENED:c-1,f-1,i0, conf=-1: [21f15bd4-cfa2-4f88-85d5-ad2919bb380f|rpc:172.17.0.2:35987|dataStream:|priority:0, c76c366c-8643-4ee1-839d-0bd7e1d17140|rpc:172.17.0.2:37239|dataStream:|priority:0, 9eda0c20-f49c-4c2b-9c3e-213dec6e2110|rpc:172.17.0.2:40767|dataStream:|priority:1], old=null
2021-04-10 01:06:48,404 [c76c366c-8643-4ee1-839d-0bd7e1d17140@group-0E929E22572F-LeaderElection60] INFO  impl.LeaderElection (LeaderElection.java:logAndReturn(89)) - c76c366c-8643-4ee1-839d-0bd7e1d17140@group-0E929E22572F-LeaderElection60: ELECTION REJECTED received 2 response(s) and 0 exception(s):
2021-04-10 01:06:48,404 [c76c366c-8643-4ee1-839d-0bd7e1d17140@group-0E929E22572F-LeaderElection60] INFO  impl.LeaderElection (LeaderElection.java:logAndReturn(93)) -   Response 0: c76c366c-8643-4ee1-839d-0bd7e1d17140<-21f15bd4-cfa2-4f88-85d5-ad2919bb380f#0:OK-t2
2021-04-10 01:06:48,404 [c76c366c-8643-4ee1-839d-0bd7e1d17140@group-0E929E22572F-LeaderElection60] INFO  impl.LeaderElection (LeaderElection.java:logAndReturn(93)) -   Response 1: c76c366c-8643-4ee1-839d-0bd7e1d17140<-9eda0c20-f49c-4c2b-9c3e-213dec6e2110#0:FAIL-t2
2021-04-10 01:06:48,404 [c76c366c-8643-4ee1-839d-0bd7e1d17140@group-0E929E22572F-LeaderElection60] INFO  impl.LeaderElection (LeaderElection.java:askForVotes(308)) - c76c366c-8643-4ee1-839d-0bd7e1d17140@group-0E929E22572F-LeaderElection60 ELECTION round 0: result REJECTED
2021-04-10 01:06:48,404 [c76c366c-8643-4ee1-839d-0bd7e1d17140@group-0E929E22572F-LeaderElection60] INFO  server.RaftServer$Division (RaftServerImpl.java:setRole(284)) - c76c366c-8643-4ee1-839d-0bd7e1d17140@group-0E929E22572F: changes role from CANDIDATE to FOLLOWER at term 2 for REJECTED
2021-04-10 01:06:48,404 [c76c366c-8643-4ee1-839d-0bd7e1d17140@group-0E929E22572F-LeaderElection60] INFO  impl.RoleInfo (RoleInfo.java:shutdownLeaderElection(121)) - c76c366c-8643-4ee1-839d-0bd7e1d17140: shutdown c76c366c-8643-4ee1-839d-0bd7e1d17140@group-0E929E22572F-LeaderElection60
2021-04-10 01:06:48,405 [c76c366c-8643-4ee1-839d-0bd7e1d17140@group-0E929E22572F-LeaderElection60] INFO  impl.RoleInfo (RoleInfo.java:updateAndGet(130)) - c76c366c-8643-4ee1-839d-0bd7e1d17140: start c76c366c-8643-4ee1-839d-0bd7e1d17140@group-0E929E22572F-FollowerState
2021-04-10 01:06:49,158 [908f18a0-adb7-4061-877d-82f26c284a6d@group-0760CCC17729-FollowerState] INFO  impl.FollowerState (FollowerState.java:run(134)) - 908f18a0-adb7-4061-877d-82f26c284a6d@group-0760CCC17729-FollowerState: change to CANDIDATE, lastRpcElapsedTime:5083732081ns, electionTimeout:5081ms
2021-04-10 01:06:49,159 [908f18a0-adb7-4061-877d-82f26c284a6d@group-0760CCC17729-FollowerState] INFO  impl.RoleInfo (RoleInfo.java:shutdownFollowerState(108)) - 908f18a0-adb7-4061-877d-82f26c284a6d: shutdown 908f18a0-adb7-4061-877d-82f26c284a6d@group-0760CCC17729-FollowerState
2021-04-10 01:06:49,159 [908f18a0-adb7-4061-877d-82f26c284a6d@group-0760CCC17729-FollowerState] INFO  server.RaftServer$Division (RaftServerImpl.java:setRole(284)) - 908f18a0-adb7-4061-877d-82f26c284a6d@group-0760CCC17729: changes role from  FOLLOWER to CANDIDATE at term 2 for changeToCandidate
2021-04-10 01:06:49,159 [908f18a0-adb7-4061-877d-82f26c284a6d@group-0760CCC17729-FollowerState] INFO  server.RaftServerConfigKeys (ConfUtils.java:logGet(44)) - raft.server.leaderelection.pre-vote = false (custom)
2021-04-10 01:06:49,159 [908f18a0-adb7-4061-877d-82f26c284a6d@group-0760CCC17729-FollowerState] INFO  impl.RoleInfo (RoleInfo.java:updateAndGet(130)) - 908f18a0-adb7-4061-877d-82f26c284a6d: start 908f18a0-adb7-4061-877d-82f26c284a6d@group-0760CCC17729-LeaderElection61
2021-04-10 01:06:49,162 [908f18a0-adb7-4061-877d-82f26c284a6d@group-0760CCC17729-LeaderElection61] INFO  impl.LeaderElection (LeaderElection.java:askForVotes(306)) - 908f18a0-adb7-4061-877d-82f26c284a6d@group-0760CCC17729-LeaderElection61 ELECTION round 0: submit vote requests at term 3 for -1: [a42fb17c-ab54-48f0-b04c-859eb28781e5|rpc:172.17.0.2:39951|dataStream:|priority:0, 0920b5d4-01a1-4269-bba6-0e5df288504f|rpc:172.17.0.2:40455|dataStream:|priority:1, 908f18a0-adb7-4061-877d-82f26c284a6d|rpc:172.17.0.2:38461|dataStream:|priority:0], old=null
2021-04-10 01:06:49,165 [grpc-default-executor-5] INFO  server.RaftServer$Division (RaftServerImpl.java:requestVote(1025)) - a42fb17c-ab54-48f0-b04c-859eb28781e5@group-0760CCC17729: receive requestVote(ELECTION, 908f18a0-adb7-4061-877d-82f26c284a6d, group-0760CCC17729, 3, (t:0, i:0))
2021-04-10 01:06:49,165 [grpc-default-executor-5] INFO  impl.VoteContext (VoteContext.java:log(48)) - a42fb17c-ab54-48f0-b04c-859eb28781e5@group-0760CCC17729-FOLLOWER: reject ELECTION from 908f18a0-adb7-4061-877d-82f26c284a6d: our last entry (t:1, i:0) > candidate's last entry (t:0, i:0)
2021-04-10 01:06:49,165 [grpc-default-executor-5] INFO  server.RaftServer$Division (RaftServerImpl.java:setRole(284)) - a42fb17c-ab54-48f0-b04c-859eb28781e5@group-0760CCC17729: changes role from  FOLLOWER to FOLLOWER at term 3 for candidate:908f18a0-adb7-4061-877d-82f26c284a6d
2021-04-10 01:06:49,165 [grpc-default-executor-5] INFO  impl.RoleInfo (RoleInfo.java:shutdownFollowerState(108)) - a42fb17c-ab54-48f0-b04c-859eb28781e5: shutdown a42fb17c-ab54-48f0-b04c-859eb28781e5@group-0760CCC17729-FollowerState
2021-04-10 01:06:49,165 [grpc-default-executor-5] INFO  impl.RoleInfo (RoleInfo.java:updateAndGet(130)) - a42fb17c-ab54-48f0-b04c-859eb28781e5: start a42fb17c-ab54-48f0-b04c-859eb28781e5@group-0760CCC17729-FollowerState
2021-04-10 01:06:49,165 [a42fb17c-ab54-48f0-b04c-859eb28781e5@group-0760CCC17729-FollowerState] INFO  impl.FollowerState (FollowerState.java:run(143)) - a42fb17c-ab54-48f0-b04c-859eb28781e5@group-0760CCC17729-FollowerState was interrupted: {}
java.lang.InterruptedException: sleep interrupted
	at java.lang.Thread.sleep(Native Method)
	at java.lang.Thread.sleep(Thread.java:340)
	at java.util.concurrent.TimeUnit.sleep(TimeUnit.java:386)
	at org.apache.ratis.util.TimeDuration.sleep(TimeDuration.java:324)
	at org.apache.ratis.util.TimeDuration.sleep(TimeDuration.java:309)
	at org.apache.ratis.server.impl.FollowerState.run(FollowerState.java:118)
2021-04-10 01:06:49,171 [grpc-default-executor-5] INFO  server.RaftServer$Division (RaftServerImpl.java:requestVote(1057)) - a42fb17c-ab54-48f0-b04c-859eb28781e5@group-0760CCC17729 replies to ELECTION vote request: 908f18a0-adb7-4061-877d-82f26c284a6d<-a42fb17c-ab54-48f0-b04c-859eb28781e5#0:FAIL-t3. Peer's state: a42fb17c-ab54-48f0-b04c-859eb28781e5@group-0760CCC17729:t3, leader=null, voted=null, raftlog=a42fb17c-ab54-48f0-b04c-859eb28781e5@group-0760CCC17729-SegmentedRaftLog:OPENED:c-1,f0,i0, conf=0: [a42fb17c-ab54-48f0-b04c-859eb28781e5|rpc:172.17.0.2:39951|dataStream:|priority:0, 0920b5d4-01a1-4269-bba6-0e5df288504f|rpc:172.17.0.2:40455|dataStream:|priority:1, 908f18a0-adb7-4061-877d-82f26c284a6d|rpc:172.17.0.2:38461|dataStream:|priority:0], old=null
2021-04-10 01:06:49,177 [grpc-default-executor-3] INFO  server.RaftServer$Division (RaftServerImpl.java:requestVote(1025)) - 0920b5d4-01a1-4269-bba6-0e5df288504f@group-0760CCC17729: receive requestVote(ELECTION, 908f18a0-adb7-4061-877d-82f26c284a6d, group-0760CCC17729, 3, (t:0, i:0))
2021-04-10 01:06:49,177 [grpc-default-executor-3] INFO  impl.VoteContext (VoteContext.java:log(48)) - 0920b5d4-01a1-4269-bba6-0e5df288504f@group-0760CCC17729-FOLLOWER: reject ELECTION from 908f18a0-adb7-4061-877d-82f26c284a6d: our last entry (t:1, i:0) > candidate's last entry (t:0, i:0)
2021-04-10 01:06:49,178 [grpc-default-executor-3] INFO  server.RaftServer$Division (RaftServerImpl.java:setRole(284)) - 0920b5d4-01a1-4269-bba6-0e5df288504f@group-0760CCC17729: changes role from  FOLLOWER to FOLLOWER at term 3 for candidate:908f18a0-adb7-4061-877d-82f26c284a6d
2021-04-10 01:06:49,178 [grpc-default-executor-3] INFO  impl.RoleInfo (RoleInfo.java:shutdownFollowerState(108)) - 0920b5d4-01a1-4269-bba6-0e5df288504f: shutdown 0920b5d4-01a1-4269-bba6-0e5df288504f@group-0760CCC17729-FollowerState
2021-04-10 01:06:49,178 [grpc-default-executor-3] INFO  impl.RoleInfo (RoleInfo.java:updateAndGet(130)) - 0920b5d4-01a1-4269-bba6-0e5df288504f: start 0920b5d4-01a1-4269-bba6-0e5df288504f@group-0760CCC17729-FollowerState
2021-04-10 01:06:49,178 [0920b5d4-01a1-4269-bba6-0e5df288504f@group-0760CCC17729-FollowerState] INFO  impl.FollowerState (FollowerState.java:run(143)) - 0920b5d4-01a1-4269-bba6-0e5df288504f@group-0760CCC17729-FollowerState was interrupted: {}
java.lang.InterruptedException: sleep interrupted
	at java.lang.Thread.sleep(Native Method)
	at java.lang.Thread.sleep(Thread.java:340)
	at java.util.concurrent.TimeUnit.sleep(TimeUnit.java:386)
	at org.apache.ratis.util.TimeDuration.sleep(TimeDuration.java:324)
	at org.apache.ratis.util.TimeDuration.sleep(TimeDuration.java:309)
	at org.apache.ratis.server.impl.FollowerState.run(FollowerState.java:118)
2021-04-10 01:06:49,186 [grpc-default-executor-3] INFO  server.RaftServer$Division (RaftServerImpl.java:requestVote(1057)) - 0920b5d4-01a1-4269-bba6-0e5df288504f@group-0760CCC17729 replies to ELECTION vote request: 908f18a0-adb7-4061-877d-82f26c284a6d<-0920b5d4-01a1-4269-bba6-0e5df288504f#0:FAIL-t3. Peer's state: 0920b5d4-01a1-4269-bba6-0e5df288504f@group-0760CCC17729:t3, leader=null, voted=null, raftlog=0920b5d4-01a1-4269-bba6-0e5df288504f@group-0760CCC17729-SegmentedRaftLog:OPENED:c0,f0,i0, conf=0: [a42fb17c-ab54-48f0-b04c-859eb28781e5|rpc:172.17.0.2:39951|dataStream:|priority:0, 0920b5d4-01a1-4269-bba6-0e5df288504f|rpc:172.17.0.2:40455|dataStream:|priority:1, 908f18a0-adb7-4061-877d-82f26c284a6d|rpc:172.17.0.2:38461|dataStream:|priority:0], old=null
2021-04-10 01:06:49,187 [908f18a0-adb7-4061-877d-82f26c284a6d@group-0760CCC17729-LeaderElection61] INFO  impl.LeaderElection (LeaderElection.java:logAndReturn(89)) - 908f18a0-adb7-4061-877d-82f26c284a6d@group-0760CCC17729-LeaderElection61: ELECTION REJECTED received 2 response(s) and 0 exception(s):
2021-04-10 01:06:49,187 [908f18a0-adb7-4061-877d-82f26c284a6d@group-0760CCC17729-LeaderElection61] INFO  impl.LeaderElection (LeaderElection.java:logAndReturn(93)) -   Response 0: 908f18a0-adb7-4061-877d-82f26c284a6d<-a42fb17c-ab54-48f0-b04c-859eb28781e5#0:FAIL-t3
2021-04-10 01:06:49,187 [908f18a0-adb7-4061-877d-82f26c284a6d@group-0760CCC17729-LeaderElection61] INFO  impl.LeaderElection (LeaderElection.java:logAndReturn(93)) -   Response 1: 908f18a0-adb7-4061-877d-82f26c284a6d<-0920b5d4-01a1-4269-bba6-0e5df288504f#0:FAIL-t3
2021-04-10 01:06:49,187 [908f18a0-adb7-4061-877d-82f26c284a6d@group-0760CCC17729-LeaderElection61] INFO  impl.LeaderElection (LeaderElection.java:askForVotes(308)) - 908f18a0-adb7-4061-877d-82f26c284a6d@group-0760CCC17729-LeaderElection61 ELECTION round 0: result REJECTED
2021-04-10 01:06:49,187 [908f18a0-adb7-4061-877d-82f26c284a6d@group-0760CCC17729-LeaderElection61] INFO  server.RaftServer$Division (RaftServerImpl.java:setRole(284)) - 908f18a0-adb7-4061-877d-82f26c284a6d@group-0760CCC17729: changes role from CANDIDATE to FOLLOWER at term 3 for REJECTED
2021-04-10 01:06:49,187 [908f18a0-adb7-4061-877d-82f26c284a6d@group-0760CCC17729-LeaderElection61] INFO  impl.RoleInfo (RoleInfo.java:shutdownLeaderElection(121)) - 908f18a0-adb7-4061-877d-82f26c284a6d: shutdown 908f18a0-adb7-4061-877d-82f26c284a6d@group-0760CCC17729-LeaderElection61
2021-04-10 01:06:49,187 [908f18a0-adb7-4061-877d-82f26c284a6d@group-0760CCC17729-LeaderElection61] INFO  impl.RoleInfo (RoleInfo.java:updateAndGet(130)) - 908f18a0-adb7-4061-877d-82f26c284a6d: start 908f18a0-adb7-4061-877d-82f26c284a6d@group-0760CCC17729-FollowerState
2021-04-10 01:06:49,748 [8c8eae1d-dd67-4c0e-97f4-ede4c5bc644d@group-923F87AB690E-FollowerState] INFO  impl.FollowerState (FollowerState.java:run(134)) - 8c8eae1d-dd67-4c0e-97f4-ede4c5bc644d@group-923F87AB690E-FollowerState: change to CANDIDATE, lastRpcElapsedTime:5018607086ns, electionTimeout:5018ms
2021-04-10 01:06:49,748 [8c8eae1d-dd67-4c0e-97f4-ede4c5bc644d@group-923F87AB690E-FollowerState] INFO  impl.RoleInfo (RoleInfo.java:shutdownFollowerState(108)) - 8c8eae1d-dd67-4c0e-97f4-ede4c5bc644d: shutdown 8c8eae1d-dd67-4c0e-97f4-ede4c5bc644d@group-923F87AB690E-FollowerState
2021-04-10 01:06:49,748 [8c8eae1d-dd67-4c0e-97f4-ede4c5bc644d@group-923F87AB690E-FollowerState] INFO  server.RaftServer$Division (RaftServerImpl.java:setRole(284)) - 8c8eae1d-dd67-4c0e-97f4-ede4c5bc644d@group-923F87AB690E: changes role from  FOLLOWER to CANDIDATE at term 1 for changeToCandidate
2021-04-10 01:06:49,748 [8c8eae1d-dd67-4c0e-97f4-ede4c5bc644d@group-923F87AB690E-FollowerState] INFO  server.RaftServerConfigKeys (ConfUtils.java:logGet(44)) - raft.server.leaderelection.pre-vote = false (custom)
2021-04-10 01:06:49,749 [8c8eae1d-dd67-4c0e-97f4-ede4c5bc644d@group-923F87AB690E-FollowerState] INFO  impl.RoleInfo (RoleInfo.java:updateAndGet(130)) - 8c8eae1d-dd67-4c0e-97f4-ede4c5bc644d: start 8c8eae1d-dd67-4c0e-97f4-ede4c5bc644d@group-923F87AB690E-LeaderElection62
2021-04-10 01:06:49,752 [8c8eae1d-dd67-4c0e-97f4-ede4c5bc644d@group-923F87AB690E-LeaderElection62] INFO  impl.LeaderElection (LeaderElection.java:askForVotes(306)) - 8c8eae1d-dd67-4c0e-97f4-ede4c5bc644d@group-923F87AB690E-LeaderElection62 ELECTION round 0: submit vote requests at term 2 for -1: [361947c2-eecd-45e2-9da6-933f9372b1c6|rpc:172.17.0.2:46001|dataStream:|priority:0, 8c8eae1d-dd67-4c0e-97f4-ede4c5bc644d|rpc:172.17.0.2:39261|dataStream:|priority:0, 51a677ad-ae3c-4805-a988-993e59f99449|rpc:172.17.0.2:40287|dataStream:|priority:1], old=null
2021-04-10 01:06:49,754 [361947c2-eecd-45e2-9da6-933f9372b1c6@group-923F87AB690E-FollowerState] INFO  impl.FollowerState (FollowerState.java:run(134)) - 361947c2-eecd-45e2-9da6-933f9372b1c6@group-923F87AB690E-FollowerState: change to CANDIDATE, lastRpcElapsedTime:5030518357ns, electionTimeout:5028ms
2021-04-10 01:06:49,754 [361947c2-eecd-45e2-9da6-933f9372b1c6@group-923F87AB690E-FollowerState] INFO  impl.RoleInfo (RoleInfo.java:shutdownFollowerState(108)) - 361947c2-eecd-45e2-9da6-933f9372b1c6: shutdown 361947c2-eecd-45e2-9da6-933f9372b1c6@group-923F87AB690E-FollowerState
2021-04-10 01:06:49,754 [361947c2-eecd-45e2-9da6-933f9372b1c6@group-923F87AB690E-FollowerState] INFO  server.RaftServer$Division (RaftServerImpl.java:setRole(284)) - 361947c2-eecd-45e2-9da6-933f9372b1c6@group-923F87AB690E: changes role from  FOLLOWER to CANDIDATE at term 1 for changeToCandidate
2021-04-10 01:06:49,754 [361947c2-eecd-45e2-9da6-933f9372b1c6@group-923F87AB690E-FollowerState] INFO  server.RaftServerConfigKeys (ConfUtils.java:logGet(44)) - raft.server.leaderelection.pre-vote = false (custom)
2021-04-10 01:06:49,754 [361947c2-eecd-45e2-9da6-933f9372b1c6@group-923F87AB690E-FollowerState] INFO  impl.RoleInfo (RoleInfo.java:updateAndGet(130)) - 361947c2-eecd-45e2-9da6-933f9372b1c6: start 361947c2-eecd-45e2-9da6-933f9372b1c6@group-923F87AB690E-LeaderElection63
2021-04-10 01:06:49,755 [grpc-default-executor-3] INFO  server.RaftServer$Division (RaftServerImpl.java:requestVote(1025)) - 361947c2-eecd-45e2-9da6-933f9372b1c6@group-923F87AB690E: receive requestVote(ELECTION, 8c8eae1d-dd67-4c0e-97f4-ede4c5bc644d, group-923F87AB690E, 2, (t:0, i:0))
2021-04-10 01:06:49,755 [grpc-default-executor-3] INFO  impl.VoteContext (VoteContext.java:log(48)) - 361947c2-eecd-45e2-9da6-933f9372b1c6@group-923F87AB690E-CANDIDATE: accept ELECTION from 8c8eae1d-dd67-4c0e-97f4-ede4c5bc644d: our priority 0 <= candidate's priority 0
2021-04-10 01:06:49,755 [grpc-default-executor-3] INFO  server.RaftServer$Division (RaftServerImpl.java:setRole(284)) - 361947c2-eecd-45e2-9da6-933f9372b1c6@group-923F87AB690E: changes role from CANDIDATE to FOLLOWER at term 2 for candidate:8c8eae1d-dd67-4c0e-97f4-ede4c5bc644d
2021-04-10 01:06:49,755 [grpc-default-executor-3] INFO  impl.RoleInfo (RoleInfo.java:shutdownLeaderElection(121)) - 361947c2-eecd-45e2-9da6-933f9372b1c6: shutdown 361947c2-eecd-45e2-9da6-933f9372b1c6@group-923F87AB690E-LeaderElection63
2021-04-10 01:06:49,755 [grpc-default-executor-3] INFO  impl.RoleInfo (RoleInfo.java:updateAndGet(130)) - 361947c2-eecd-45e2-9da6-933f9372b1c6: start 361947c2-eecd-45e2-9da6-933f9372b1c6@group-923F87AB690E-FollowerState
2021-04-10 01:06:49,755 [361947c2-eecd-45e2-9da6-933f9372b1c6@group-923F87AB690E-LeaderElection63] INFO  impl.LeaderElection (LeaderElection.java:run(230)) - 361947c2-eecd-45e2-9da6-933f9372b1c6@group-923F87AB690E-LeaderElection63: skip running since this is already CLOSING
2021-04-10 01:06:49,761 [grpc-default-executor-5] INFO  server.RaftServer$Division (RaftServerImpl.java:requestVote(1025)) - 51a677ad-ae3c-4805-a988-993e59f99449@group-923F87AB690E: receive requestVote(ELECTION, 8c8eae1d-dd67-4c0e-97f4-ede4c5bc644d, group-923F87AB690E, 2, (t:0, i:0))
2021-04-10 01:06:49,761 [grpc-default-executor-3] INFO  server.RaftServer$Division (RaftServerImpl.java:requestVote(1057)) - 361947c2-eecd-45e2-9da6-933f9372b1c6@group-923F87AB690E replies to ELECTION vote request: 8c8eae1d-dd67-4c0e-97f4-ede4c5bc644d<-361947c2-eecd-45e2-9da6-933f9372b1c6#0:OK-t2. Peer's state: 361947c2-eecd-45e2-9da6-933f9372b1c6@group-923F87AB690E:t2, leader=null, voted=8c8eae1d-dd67-4c0e-97f4-ede4c5bc644d, raftlog=361947c2-eecd-45e2-9da6-933f9372b1c6@group-923F87AB690E-SegmentedRaftLog:OPENED:c-1,f-1,i0, conf=-1: [361947c2-eecd-45e2-9da6-933f9372b1c6|rpc:172.17.0.2:46001|priority:0, 8c8eae1d-dd67-4c0e-97f4-ede4c5bc644d|rpc:172.17.0.2:39261|priority:0, 51a677ad-ae3c-4805-a988-993e59f99449|rpc:172.17.0.2:40287|priority:1], old=null
2021-04-10 01:06:49,761 [grpc-default-executor-5] INFO  impl.VoteContext (VoteContext.java:log(48)) - 51a677ad-ae3c-4805-a988-993e59f99449@group-923F87AB690E-FOLLOWER: reject ELECTION from 8c8eae1d-dd67-4c0e-97f4-ede4c5bc644d: our priority 1 > candidate's priority 0
2021-04-10 01:06:49,762 [grpc-default-executor-5] INFO  server.RaftServer$Division (RaftServerImpl.java:setRole(284)) - 51a677ad-ae3c-4805-a988-993e59f99449@group-923F87AB690E: changes role from  FOLLOWER to FOLLOWER at term 2 for candidate:8c8eae1d-dd67-4c0e-97f4-ede4c5bc644d
2021-04-10 01:06:49,762 [grpc-default-executor-5] INFO  impl.RoleInfo (RoleInfo.java:shutdownFollowerState(108)) - 51a677ad-ae3c-4805-a988-993e59f99449: shutdown 51a677ad-ae3c-4805-a988-993e59f99449@group-923F87AB690E-FollowerState
2021-04-10 01:06:49,762 [grpc-default-executor-5] INFO  impl.RoleInfo (RoleInfo.java:updateAndGet(130)) - 51a677ad-ae3c-4805-a988-993e59f99449: start 51a677ad-ae3c-4805-a988-993e59f99449@group-923F87AB690E-FollowerState
2021-04-10 01:06:49,763 [51a677ad-ae3c-4805-a988-993e59f99449@group-923F87AB690E-FollowerState] INFO  impl.FollowerState (FollowerState.java:run(143)) - 51a677ad-ae3c-4805-a988-993e59f99449@group-923F87AB690E-FollowerState was interrupted: {}
java.lang.InterruptedException: sleep interrupted
	at java.lang.Thread.sleep(Native Method)
	at java.lang.Thread.sleep(Thread.java:340)
	at java.util.concurrent.TimeUnit.sleep(TimeUnit.java:386)
	at org.apache.ratis.util.TimeDuration.sleep(TimeDuration.java:324)
	at org.apache.ratis.util.TimeDuration.sleep(TimeDuration.java:309)
	at org.apache.ratis.server.impl.FollowerState.run(FollowerState.java:118)
2021-04-10 01:06:49,764 [grpc-default-executor-5] INFO  server.RaftServer$Division (RaftServerImpl.java:requestVote(1057)) - 51a677ad-ae3c-4805-a988-993e59f99449@group-923F87AB690E replies to ELECTION vote request: 8c8eae1d-dd67-4c0e-97f4-ede4c5bc644d<-51a677ad-ae3c-4805-a988-993e59f99449#0:FAIL-t2. Peer's state: 51a677ad-ae3c-4805-a988-993e59f99449@group-923F87AB690E:t2, leader=null, voted=null, raftlog=51a677ad-ae3c-4805-a988-993e59f99449@group-923F87AB690E-SegmentedRaftLog:OPENED:c-1,f-1,i0, conf=-1: [361947c2-eecd-45e2-9da6-933f9372b1c6|rpc:172.17.0.2:46001|dataStream:|priority:0, 8c8eae1d-dd67-4c0e-97f4-ede4c5bc644d|rpc:172.17.0.2:39261|dataStream:|priority:0, 51a677ad-ae3c-4805-a988-993e59f99449|rpc:172.17.0.2:40287|dataStream:|priority:1], old=null
2021-04-10 01:06:49,765 [8c8eae1d-dd67-4c0e-97f4-ede4c5bc644d@group-923F87AB690E-LeaderElection62] INFO  impl.LeaderElection (LeaderElection.java:logAndReturn(89)) - 8c8eae1d-dd67-4c0e-97f4-ede4c5bc644d@group-923F87AB690E-LeaderElection62: ELECTION REJECTED received 1 response(s) and 0 exception(s):
2021-04-10 01:06:49,765 [8c8eae1d-dd67-4c0e-97f4-ede4c5bc644d@group-923F87AB690E-LeaderElection62] INFO  impl.LeaderElection (LeaderElection.java:logAndReturn(93)) -   Response 0: 8c8eae1d-dd67-4c0e-97f4-ede4c5bc644d<-51a677ad-ae3c-4805-a988-993e59f99449#0:FAIL-t2
2021-04-10 01:06:49,765 [8c8eae1d-dd67-4c0e-97f4-ede4c5bc644d@group-923F87AB690E-LeaderElection62] INFO  impl.LeaderElection (LeaderElection.java:askForVotes(308)) - 8c8eae1d-dd67-4c0e-97f4-ede4c5bc644d@group-923F87AB690E-LeaderElection62 ELECTION round 0: result REJECTED
2021-04-10 01:06:49,765 [8c8eae1d-dd67-4c0e-97f4-ede4c5bc644d@group-923F87AB690E-LeaderElection62] INFO  server.RaftServer$Division (RaftServerImpl.java:setRole(284)) - 8c8eae1d-dd67-4c0e-97f4-ede4c5bc644d@group-923F87AB690E: changes role from CANDIDATE to FOLLOWER at term 2 for REJECTED
2021-04-10 01:06:49,765 [8c8eae1d-dd67-4c0e-97f4-ede4c5bc644d@group-923F87AB690E-LeaderElection62] INFO  impl.RoleInfo (RoleInfo.java:shutdownLeaderElection(121)) - 8c8eae1d-dd67-4c0e-97f4-ede4c5bc644d: shutdown 8c8eae1d-dd67-4c0e-97f4-ede4c5bc644d@group-923F87AB690E-LeaderElection62
2021-04-10 01:06:49,765 [8c8eae1d-dd67-4c0e-97f4-ede4c5bc644d@group-923F87AB690E-LeaderElection62] INFO  impl.RoleInfo (RoleInfo.java:updateAndGet(130)) - 8c8eae1d-dd67-4c0e-97f4-ede4c5bc644d: start 8c8eae1d-dd67-4c0e-97f4-ede4c5bc644d@group-923F87AB690E-FollowerState
2021-04-10 01:06:53,460 [c76c366c-8643-4ee1-839d-0bd7e1d17140@group-0E929E22572F-FollowerState] INFO  impl.FollowerState (FollowerState.java:run(134)) - c76c366c-8643-4ee1-839d-0bd7e1d17140@group-0E929E22572F-FollowerState: change to CANDIDATE, lastRpcElapsedTime:5055350996ns, electionTimeout:5055ms
2021-04-10 01:06:53,460 [c76c366c-8643-4ee1-839d-0bd7e1d17140@group-0E929E22572F-FollowerState] INFO  impl.RoleInfo (RoleInfo.java:shutdownFollowerState(108)) - c76c366c-8643-4ee1-839d-0bd7e1d17140: shutdown c76c366c-8643-4ee1-839d-0bd7e1d17140@group-0E929E22572F-FollowerState
2021-04-10 01:06:53,460 [c76c366c-8643-4ee1-839d-0bd7e1d17140@group-0E929E22572F-FollowerState] INFO  server.RaftServer$Division (RaftServerImpl.java:setRole(284)) - c76c366c-8643-4ee1-839d-0bd7e1d17140@group-0E929E22572F: changes role from  FOLLOWER to CANDIDATE at term 2 for changeToCandidate
2021-04-10 01:06:53,460 [c76c366c-8643-4ee1-839d-0bd7e1d17140@group-0E929E22572F-FollowerState] INFO  server.RaftServerConfigKeys (ConfUtils.java:logGet(44)) - raft.server.leaderelection.pre-vote = false (custom)
2021-04-10 01:06:53,460 [c76c366c-8643-4ee1-839d-0bd7e1d17140@group-0E929E22572F-FollowerState] INFO  impl.RoleInfo (RoleInfo.java:updateAndGet(130)) - c76c366c-8643-4ee1-839d-0bd7e1d17140: start c76c366c-8643-4ee1-839d-0bd7e1d17140@group-0E929E22572F-LeaderElection64
2021-04-10 01:06:53,464 [c76c366c-8643-4ee1-839d-0bd7e1d17140@group-0E929E22572F-LeaderElection64] INFO  impl.LeaderElection (LeaderElection.java:askForVotes(306)) - c76c366c-8643-4ee1-839d-0bd7e1d17140@group-0E929E22572F-LeaderElection64 ELECTION round 0: submit vote requests at term 3 for -1: [21f15bd4-cfa2-4f88-85d5-ad2919bb380f|rpc:172.17.0.2:35987|priority:0, c76c366c-8643-4ee1-839d-0bd7e1d17140|rpc:172.17.0.2:37239|priority:0, 9eda0c20-f49c-4c2b-9c3e-213dec6e2110|rpc:172.17.0.2:40767|priority:1], old=null
2021-04-10 01:06:53,467 [grpc-default-executor-3] INFO  server.RaftServer$Division (RaftServerImpl.java:requestVote(1025)) - 21f15bd4-cfa2-4f88-85d5-ad2919bb380f@group-0E929E22572F: receive requestVote(ELECTION, c76c366c-8643-4ee1-839d-0bd7e1d17140, group-0E929E22572F, 3, (t:0, i:0))
2021-04-10 01:06:53,467 [grpc-default-executor-3] INFO  impl.VoteContext (VoteContext.java:log(48)) - 21f15bd4-cfa2-4f88-85d5-ad2919bb380f@group-0E929E22572F-FOLLOWER: accept ELECTION from c76c366c-8643-4ee1-839d-0bd7e1d17140: our priority 0 <= candidate's priority 0
2021-04-10 01:06:53,468 [grpc-default-executor-3] INFO  server.RaftServer$Division (RaftServerImpl.java:setRole(284)) - 21f15bd4-cfa2-4f88-85d5-ad2919bb380f@group-0E929E22572F: changes role from  FOLLOWER to FOLLOWER at term 3 for candidate:c76c366c-8643-4ee1-839d-0bd7e1d17140
2021-04-10 01:06:53,468 [grpc-default-executor-3] INFO  impl.RoleInfo (RoleInfo.java:shutdownFollowerState(108)) - 21f15bd4-cfa2-4f88-85d5-ad2919bb380f: shutdown 21f15bd4-cfa2-4f88-85d5-ad2919bb380f@group-0E929E22572F-FollowerState
2021-04-10 01:06:53,468 [grpc-default-executor-3] INFO  impl.RoleInfo (RoleInfo.java:updateAndGet(130)) - 21f15bd4-cfa2-4f88-85d5-ad2919bb380f: start 21f15bd4-cfa2-4f88-85d5-ad2919bb380f@group-0E929E22572F-FollowerState
2021-04-10 01:06:53,468 [21f15bd4-cfa2-4f88-85d5-ad2919bb380f@group-0E929E22572F-FollowerState] INFO  impl.FollowerState (FollowerState.java:run(143)) - 21f15bd4-cfa2-4f88-85d5-ad2919bb380f@group-0E929E22572F-FollowerState was interrupted: {}
java.lang.InterruptedException: sleep interrupted
	at java.lang.Thread.sleep(Native Method)
	at java.lang.Thread.sleep(Thread.java:340)
	at java.util.concurrent.TimeUnit.sleep(TimeUnit.java:386)
	at org.apache.ratis.util.TimeDuration.sleep(TimeDuration.java:324)
	at org.apache.ratis.util.TimeDuration.sleep(TimeDuration.java:309)
	at org.apache.ratis.server.impl.FollowerState.run(FollowerState.java:118)
2021-04-10 01:06:53,473 [grpc-default-executor-3] INFO  server.RaftServer$Division (RaftServerImpl.java:requestVote(1057)) - 21f15bd4-cfa2-4f88-85d5-ad2919bb380f@group-0E929E22572F replies to ELECTION vote request: c76c366c-8643-4ee1-839d-0bd7e1d17140<-21f15bd4-cfa2-4f88-85d5-ad2919bb380f#0:OK-t3. Peer's state: 21f15bd4-cfa2-4f88-85d5-ad2919bb380f@group-0E929E22572F:t3, leader=null, voted=c76c366c-8643-4ee1-839d-0bd7e1d17140, raftlog=21f15bd4-cfa2-4f88-85d5-ad2919bb380f@group-0E929E22572F-SegmentedRaftLog:OPENED:c-1,f-1,i0, conf=-1: [21f15bd4-cfa2-4f88-85d5-ad2919bb380f|rpc:172.17.0.2:35987|dataStream:|priority:0, c76c366c-8643-4ee1-839d-0bd7e1d17140|rpc:172.17.0.2:37239|dataStream:|priority:0, 9eda0c20-f49c-4c2b-9c3e-213dec6e2110|rpc:172.17.0.2:40767|dataStream:|priority:1], old=null
2021-04-10 01:06:53,474 [grpc-default-executor-3] INFO  server.RaftServer$Division (RaftServerImpl.java:requestVote(1025)) - 9eda0c20-f49c-4c2b-9c3e-213dec6e2110@group-0E929E22572F: receive requestVote(ELECTION, c76c366c-8643-4ee1-839d-0bd7e1d17140, group-0E929E22572F, 3, (t:0, i:0))
2021-04-10 01:06:53,474 [grpc-default-executor-3] INFO  impl.VoteContext (VoteContext.java:log(48)) - 9eda0c20-f49c-4c2b-9c3e-213dec6e2110@group-0E929E22572F-FOLLOWER: reject ELECTION from c76c366c-8643-4ee1-839d-0bd7e1d17140: our priority 1 > candidate's priority 0
2021-04-10 01:06:53,474 [grpc-default-executor-3] INFO  server.RaftServer$Division (RaftServerImpl.java:setRole(284)) - 9eda0c20-f49c-4c2b-9c3e-213dec6e2110@group-0E929E22572F: changes role from  FOLLOWER to FOLLOWER at term 3 for candidate:c76c366c-8643-4ee1-839d-0bd7e1d17140
2021-04-10 01:06:53,474 [grpc-default-executor-3] INFO  impl.RoleInfo (RoleInfo.java:shutdownFollowerState(108)) - 9eda0c20-f49c-4c2b-9c3e-213dec6e2110: shutdown 9eda0c20-f49c-4c2b-9c3e-213dec6e2110@group-0E929E22572F-FollowerState
2021-04-10 01:06:53,474 [grpc-default-executor-3] INFO  impl.RoleInfo (RoleInfo.java:updateAndGet(130)) - 9eda0c20-f49c-4c2b-9c3e-213dec6e2110: start 9eda0c20-f49c-4c2b-9c3e-213dec6e2110@group-0E929E22572F-FollowerState
2021-04-10 01:06:53,474 [9eda0c20-f49c-4c2b-9c3e-213dec6e2110@group-0E929E22572F-FollowerState] INFO  impl.FollowerState (FollowerState.java:run(143)) - 9eda0c20-f49c-4c2b-9c3e-213dec6e2110@group-0E929E22572F-FollowerState was interrupted: {}
java.lang.InterruptedException: sleep interrupted
	at java.lang.Thread.sleep(Native Method)
	at java.lang.Thread.sleep(Thread.java:340)
	at java.util.concurrent.TimeUnit.sleep(TimeUnit.java:386)
	at org.apache.ratis.util.TimeDuration.sleep(TimeDuration.java:324)
	at org.apache.ratis.util.TimeDuration.sleep(TimeDuration.java:309)
	at org.apache.ratis.server.impl.FollowerState.run(FollowerState.java:118)
2021-04-10 01:06:53,477 [grpc-default-executor-3] INFO  server.RaftServer$Division (RaftServerImpl.java:requestVote(1057)) - 9eda0c20-f49c-4c2b-9c3e-213dec6e2110@group-0E929E22572F replies to ELECTION vote request: c76c366c-8643-4ee1-839d-0bd7e1d17140<-9eda0c20-f49c-4c2b-9c3e-213dec6e2110#0:FAIL-t3. Peer's state: 9eda0c20-f49c-4c2b-9c3e-213dec6e2110@group-0E929E22572F:t3, leader=null, voted=null, raftlog=9eda0c20-f49c-4c2b-9c3e-213dec6e2110@group-0E929E22572F-SegmentedRaftLog:OPENED:c-1,f-1,i0, conf=-1: [21f15bd4-cfa2-4f88-85d5-ad2919bb380f|rpc:172.17.0.2:35987|dataStream:|priority:0, c76c366c-8643-4ee1-839d-0bd7e1d17140|rpc:172.17.0.2:37239|dataStream:|priority:0, 9eda0c20-f49c-4c2b-9c3e-213dec6e2110|rpc:172.17.0.2:40767|dataStream:|priority:1], old=null
2021-04-10 01:06:53,478 [c76c366c-8643-4ee1-839d-0bd7e1d17140@group-0E929E22572F-LeaderElection64] INFO  impl.LeaderElection (LeaderElection.java:logAndReturn(89)) - c76c366c-8643-4ee1-839d-0bd7e1d17140@group-0E929E22572F-LeaderElection64: ELECTION REJECTED received 2 response(s) and 0 exception(s):
2021-04-10 01:06:53,478 [c76c366c-8643-4ee1-839d-0bd7e1d17140@group-0E929E22572F-LeaderElection64] INFO  impl.LeaderElection (LeaderElection.java:logAndReturn(93)) -   Response 0: c76c366c-8643-4ee1-839d-0bd7e1d17140<-21f15bd4-cfa2-4f88-85d5-ad2919bb380f#0:OK-t3
2021-04-10 01:06:53,478 [c76c366c-8643-4ee1-839d-0bd7e1d17140@group-0E929E22572F-LeaderElection64] INFO  impl.LeaderElection (LeaderElection.java:logAndReturn(93)) -   Response 1: c76c366c-8643-4ee1-839d-0bd7e1d17140<-9eda0c20-f49c-4c2b-9c3e-213dec6e2110#0:FAIL-t3
2021-04-10 01:06:53,479 [c76c366c-8643-4ee1-839d-0bd7e1d17140@group-0E929E22572F-LeaderElection64] INFO  impl.LeaderElection (LeaderElection.java:askForVotes(308)) - c76c366c-8643-4ee1-839d-0bd7e1d17140@group-0E929E22572F-LeaderElection64 ELECTION round 0: result REJECTED
2021-04-10 01:06:53,479 [c76c366c-8643-4ee1-839d-0bd7e1d17140@group-0E929E22572F-LeaderElection64] INFO  server.RaftServer$Division (RaftServerImpl.java:setRole(284)) - c76c366c-8643-4ee1-839d-0bd7e1d17140@group-0E929E22572F: changes role from CANDIDATE to FOLLOWER at term 3 for REJECTED
2021-04-10 01:06:53,479 [c76c366c-8643-4ee1-839d-0bd7e1d17140@group-0E929E22572F-LeaderElection64] INFO  impl.RoleInfo (RoleInfo.java:shutdownLeaderElection(121)) - c76c366c-8643-4ee1-839d-0bd7e1d17140: shutdown c76c366c-8643-4ee1-839d-0bd7e1d17140@group-0E929E22572F-LeaderElection64
2021-04-10 01:06:53,479 [c76c366c-8643-4ee1-839d-0bd7e1d17140@group-0E929E22572F-LeaderElection64] INFO  impl.RoleInfo (RoleInfo.java:updateAndGet(130)) - c76c366c-8643-4ee1-839d-0bd7e1d17140: start c76c366c-8643-4ee1-839d-0bd7e1d17140@group-0E929E22572F-FollowerState
2021-04-10 01:06:54,241 [a42fb17c-ab54-48f0-b04c-859eb28781e5@group-0760CCC17729-FollowerState] INFO  impl.FollowerState (FollowerState.java:run(134)) - a42fb17c-ab54-48f0-b04c-859eb28781e5@group-0760CCC17729-FollowerState: change to CANDIDATE, lastRpcElapsedTime:5075865717ns, electionTimeout:5075ms
2021-04-10 01:06:54,241 [a42fb17c-ab54-48f0-b04c-859eb28781e5@group-0760CCC17729-FollowerState] INFO  impl.RoleInfo (RoleInfo.java:shutdownFollowerState(108)) - a42fb17c-ab54-48f0-b04c-859eb28781e5: shutdown a42fb17c-ab54-48f0-b04c-859eb28781e5@group-0760CCC17729-FollowerState
2021-04-10 01:06:54,241 [a42fb17c-ab54-48f0-b04c-859eb28781e5@group-0760CCC17729-FollowerState] INFO  server.RaftServer$Division (RaftServerImpl.java:setRole(284)) - a42fb17c-ab54-48f0-b04c-859eb28781e5@group-0760CCC17729: changes role from  FOLLOWER to CANDIDATE at term 3 for changeToCandidate
2021-04-10 01:06:54,242 [a42fb17c-ab54-48f0-b04c-859eb28781e5@group-0760CCC17729-FollowerState] INFO  server.RaftServerConfigKeys (ConfUtils.java:logGet(44)) - raft.server.leaderelection.pre-vote = false (custom)
2021-04-10 01:06:54,242 [a42fb17c-ab54-48f0-b04c-859eb28781e5@group-0760CCC17729-FollowerState] INFO  impl.RoleInfo (RoleInfo.java:updateAndGet(130)) - a42fb17c-ab54-48f0-b04c-859eb28781e5: start a42fb17c-ab54-48f0-b04c-859eb28781e5@group-0760CCC17729-LeaderElection65
2021-04-10 01:06:54,245 [a42fb17c-ab54-48f0-b04c-859eb28781e5@group-0760CCC17729-LeaderElection65] INFO  impl.LeaderElection (LeaderElection.java:askForVotes(306)) - a42fb17c-ab54-48f0-b04c-859eb28781e5@group-0760CCC17729-LeaderElection65 ELECTION round 0: submit vote requests at term 4 for 0: [a42fb17c-ab54-48f0-b04c-859eb28781e5|rpc:172.17.0.2:39951|dataStream:|priority:0, 0920b5d4-01a1-4269-bba6-0e5df288504f|rpc:172.17.0.2:40455|dataStream:|priority:1, 908f18a0-adb7-4061-877d-82f26c284a6d|rpc:172.17.0.2:38461|dataStream:|priority:0], old=null
2021-04-10 01:06:54,253 [grpc-default-executor-3] INFO  server.RaftServer$Division (RaftServerImpl.java:requestVote(1025)) - 908f18a0-adb7-4061-877d-82f26c284a6d@group-0760CCC17729: receive requestVote(ELECTION, a42fb17c-ab54-48f0-b04c-859eb28781e5, group-0760CCC17729, 4, (t:1, i:0))
2021-04-10 01:06:54,253 [grpc-default-executor-3] INFO  impl.VoteContext (VoteContext.java:log(48)) - 908f18a0-adb7-4061-877d-82f26c284a6d@group-0760CCC17729-FOLLOWER: accept ELECTION from a42fb17c-ab54-48f0-b04c-859eb28781e5: our last entry null < candidate's last entry (t:1, i:0)
2021-04-10 01:06:54,253 [grpc-default-executor-3] INFO  server.RaftServer$Division (RaftServerImpl.java:setRole(284)) - 908f18a0-adb7-4061-877d-82f26c284a6d@group-0760CCC17729: changes role from  FOLLOWER to FOLLOWER at term 4 for candidate:a42fb17c-ab54-48f0-b04c-859eb28781e5
2021-04-10 01:06:54,253 [grpc-default-executor-3] INFO  impl.RoleInfo (RoleInfo.java:shutdownFollowerState(108)) - 908f18a0-adb7-4061-877d-82f26c284a6d: shutdown 908f18a0-adb7-4061-877d-82f26c284a6d@group-0760CCC17729-FollowerState
2021-04-10 01:06:54,253 [grpc-default-executor-3] INFO  impl.RoleInfo (RoleInfo.java:updateAndGet(130)) - 908f18a0-adb7-4061-877d-82f26c284a6d: start 908f18a0-adb7-4061-877d-82f26c284a6d@group-0760CCC17729-FollowerState
2021-04-10 01:06:54,253 [908f18a0-adb7-4061-877d-82f26c284a6d@group-0760CCC17729-FollowerState] INFO  impl.FollowerState (FollowerState.java:run(143)) - 908f18a0-adb7-4061-877d-82f26c284a6d@group-0760CCC17729-FollowerState was interrupted: {}
java.lang.InterruptedException: sleep interrupted
	at java.lang.Thread.sleep(Native Method)
	at java.lang.Thread.sleep(Thread.java:340)
	at java.util.concurrent.TimeUnit.sleep(TimeUnit.java:386)
	at org.apache.ratis.util.TimeDuration.sleep(TimeDuration.java:324)
	at org.apache.ratis.util.TimeDuration.sleep(TimeDuration.java:309)
	at org.apache.ratis.server.impl.FollowerState.run(FollowerState.java:118)
2021-04-10 01:06:54,268 [grpc-default-executor-3] INFO  server.RaftServer$Division (RaftServerImpl.java:requestVote(1057)) - 908f18a0-adb7-4061-877d-82f26c284a6d@group-0760CCC17729 replies to ELECTION vote request: a42fb17c-ab54-48f0-b04c-859eb28781e5<-908f18a0-adb7-4061-877d-82f26c284a6d#0:OK-t4. Peer's state: 908f18a0-adb7-4061-877d-82f26c284a6d@group-0760CCC17729:t4, leader=null, voted=a42fb17c-ab54-48f0-b04c-859eb28781e5, raftlog=908f18a0-adb7-4061-877d-82f26c284a6d@group-0760CCC17729-SegmentedRaftLog:OPENED:c-1,f-1,i0, conf=-1: [a42fb17c-ab54-48f0-b04c-859eb28781e5|rpc:172.17.0.2:39951|dataStream:|priority:0, 0920b5d4-01a1-4269-bba6-0e5df288504f|rpc:172.17.0.2:40455|dataStream:|priority:1, 908f18a0-adb7-4061-877d-82f26c284a6d|rpc:172.17.0.2:38461|dataStream:|priority:0], old=null
2021-04-10 01:06:54,270 [grpc-default-executor-3] INFO  server.RaftServer$Division (RaftServerImpl.java:requestVote(1025)) - 0920b5d4-01a1-4269-bba6-0e5df288504f@group-0760CCC17729: receive requestVote(ELECTION, a42fb17c-ab54-48f0-b04c-859eb28781e5, group-0760CCC17729, 4, (t:1, i:0))
2021-04-10 01:06:54,271 [grpc-default-executor-3] INFO  impl.VoteContext (VoteContext.java:log(48)) - 0920b5d4-01a1-4269-bba6-0e5df288504f@group-0760CCC17729-FOLLOWER: reject ELECTION from a42fb17c-ab54-48f0-b04c-859eb28781e5: our priority 1 > candidate's priority 0
2021-04-10 01:06:54,271 [grpc-default-executor-3] INFO  server.RaftServer$Division (RaftServerImpl.java:setRole(284)) - 0920b5d4-01a1-4269-bba6-0e5df288504f@group-0760CCC17729: changes role from  FOLLOWER to FOLLOWER at term 4 for candidate:a42fb17c-ab54-48f0-b04c-859eb28781e5
2021-04-10 01:06:54,271 [grpc-default-executor-3] INFO  impl.RoleInfo (RoleInfo.java:shutdownFollowerState(108)) - 0920b5d4-01a1-4269-bba6-0e5df288504f: shutdown 0920b5d4-01a1-4269-bba6-0e5df288504f@group-0760CCC17729-FollowerState
2021-04-10 01:06:54,271 [grpc-default-executor-3] INFO  impl.RoleInfo (RoleInfo.java:updateAndGet(130)) - 0920b5d4-01a1-4269-bba6-0e5df288504f: start 0920b5d4-01a1-4269-bba6-0e5df288504f@group-0760CCC17729-FollowerState
2021-04-10 01:06:54,271 [0920b5d4-01a1-4269-bba6-0e5df288504f@group-0760CCC17729-FollowerState] INFO  impl.FollowerState (FollowerState.java:run(143)) - 0920b5d4-01a1-4269-bba6-0e5df288504f@group-0760CCC17729-FollowerState was interrupted: {}
java.lang.InterruptedException: sleep interrupted
	at java.lang.Thread.sleep(Native Method)
	at java.lang.Thread.sleep(Thread.java:340)
	at java.util.concurrent.TimeUnit.sleep(TimeUnit.java:386)
	at org.apache.ratis.util.TimeDuration.sleep(TimeDuration.java:324)
	at org.apache.ratis.util.TimeDuration.sleep(TimeDuration.java:309)
	at org.apache.ratis.server.impl.FollowerState.run(FollowerState.java:118)
2021-04-10 01:06:54,275 [grpc-default-executor-3] INFO  server.RaftServer$Division (RaftServerImpl.java:requestVote(1057)) - 0920b5d4-01a1-4269-bba6-0e5df288504f@group-0760CCC17729 replies to ELECTION vote request: a42fb17c-ab54-48f0-b04c-859eb28781e5<-0920b5d4-01a1-4269-bba6-0e5df288504f#0:FAIL-t4. Peer's state: 0920b5d4-01a1-4269-bba6-0e5df288504f@group-0760CCC17729:t4, leader=null, voted=null, raftlog=0920b5d4-01a1-4269-bba6-0e5df288504f@group-0760CCC17729-SegmentedRaftLog:OPENED:c0,f0,i0, conf=0: [a42fb17c-ab54-48f0-b04c-859eb28781e5|rpc:172.17.0.2:39951|dataStream:|priority:0, 0920b5d4-01a1-4269-bba6-0e5df288504f|rpc:172.17.0.2:40455|dataStream:|priority:1, 908f18a0-adb7-4061-877d-82f26c284a6d|rpc:172.17.0.2:38461|dataStream:|priority:0], old=null
2021-04-10 01:06:54,278 [a42fb17c-ab54-48f0-b04c-859eb28781e5@group-0760CCC17729-LeaderElection65] INFO  impl.LeaderElection (LeaderElection.java:logAndReturn(89)) - a42fb17c-ab54-48f0-b04c-859eb28781e5@group-0760CCC17729-LeaderElection65: ELECTION REJECTED received 2 response(s) and 0 exception(s):
2021-04-10 01:06:54,278 [a42fb17c-ab54-48f0-b04c-859eb28781e5@group-0760CCC17729-LeaderElection65] INFO  impl.LeaderElection (LeaderElection.java:logAndReturn(93)) -   Response 0: a42fb17c-ab54-48f0-b04c-859eb28781e5<-0920b5d4-01a1-4269-bba6-0e5df288504f#0:FAIL-t4
2021-04-10 01:06:54,278 [a42fb17c-ab54-48f0-b04c-859eb28781e5@group-0760CCC17729-LeaderElection65] INFO  impl.LeaderElection (LeaderElection.java:logAndReturn(93)) -   Response 1: a42fb17c-ab54-48f0-b04c-859eb28781e5<-908f18a0-adb7-4061-877d-82f26c284a6d#0:OK-t4
2021-04-10 01:06:54,278 [a42fb17c-ab54-48f0-b04c-859eb28781e5@group-0760CCC17729-LeaderElection65] INFO  impl.LeaderElection (LeaderElection.java:askForVotes(308)) - a42fb17c-ab54-48f0-b04c-859eb28781e5@group-0760CCC17729-LeaderElection65 ELECTION round 0: result REJECTED
2021-04-10 01:06:54,278 [a42fb17c-ab54-48f0-b04c-859eb28781e5@group-0760CCC17729-LeaderElection65] INFO  server.RaftServer$Division (RaftServerImpl.java:setRole(284)) - a42fb17c-ab54-48f0-b04c-859eb28781e5@group-0760CCC17729: changes role from CANDIDATE to FOLLOWER at term 4 for REJECTED
2021-04-10 01:06:54,278 [a42fb17c-ab54-48f0-b04c-859eb28781e5@group-0760CCC17729-LeaderElection65] INFO  impl.RoleInfo (RoleInfo.java:shutdownLeaderElection(121)) - a42fb17c-ab54-48f0-b04c-859eb28781e5: shutdown a42fb17c-ab54-48f0-b04c-859eb28781e5@group-0760CCC17729-LeaderElection65
2021-04-10 01:06:54,278 [a42fb17c-ab54-48f0-b04c-859eb28781e5@group-0760CCC17729-LeaderElection65] INFO  impl.RoleInfo (RoleInfo.java:updateAndGet(130)) - a42fb17c-ab54-48f0-b04c-859eb28781e5: start a42fb17c-ab54-48f0-b04c-859eb28781e5@group-0760CCC17729-FollowerState
2021-04-10 01:06:54,849 [361947c2-eecd-45e2-9da6-933f9372b1c6@group-923F87AB690E-FollowerState] INFO  impl.FollowerState (FollowerState.java:run(134)) - 361947c2-eecd-45e2-9da6-933f9372b1c6@group-923F87AB690E-FollowerState: change to CANDIDATE, lastRpcElapsedTime:5088264290ns, electionTimeout:5087ms
2021-04-10 01:06:54,849 [361947c2-eecd-45e2-9da6-933f9372b1c6@group-923F87AB690E-FollowerState] INFO  impl.RoleInfo (RoleInfo.java:shutdownFollowerState(108)) - 361947c2-eecd-45e2-9da6-933f9372b1c6: shutdown 361947c2-eecd-45e2-9da6-933f9372b1c6@group-923F87AB690E-FollowerState
2021-04-10 01:06:54,850 [361947c2-eecd-45e2-9da6-933f9372b1c6@group-923F87AB690E-FollowerState] INFO  server.RaftServer$Division (RaftServerImpl.java:setRole(284)) - 361947c2-eecd-45e2-9da6-933f9372b1c6@group-923F87AB690E: changes role from  FOLLOWER to CANDIDATE at term 2 for changeToCandidate
2021-04-10 01:06:54,850 [361947c2-eecd-45e2-9da6-933f9372b1c6@group-923F87AB690E-FollowerState] INFO  server.RaftServerConfigKeys (ConfUtils.java:logGet(44)) - raft.server.leaderelection.pre-vote = false (custom)
2021-04-10 01:06:54,850 [361947c2-eecd-45e2-9da6-933f9372b1c6@group-923F87AB690E-FollowerState] INFO  impl.RoleInfo (RoleInfo.java:updateAndGet(130)) - 361947c2-eecd-45e2-9da6-933f9372b1c6: start 361947c2-eecd-45e2-9da6-933f9372b1c6@group-923F87AB690E-LeaderElection66
2021-04-10 01:06:54,853 [361947c2-eecd-45e2-9da6-933f9372b1c6@group-923F87AB690E-LeaderElection66] INFO  impl.LeaderElection (LeaderElection.java:askForVotes(306)) - 361947c2-eecd-45e2-9da6-933f9372b1c6@group-923F87AB690E-LeaderElection66 ELECTION round 0: submit vote requests at term 3 for -1: [361947c2-eecd-45e2-9da6-933f9372b1c6|rpc:172.17.0.2:46001|priority:0, 8c8eae1d-dd67-4c0e-97f4-ede4c5bc644d|rpc:172.17.0.2:39261|priority:0, 51a677ad-ae3c-4805-a988-993e59f99449|rpc:172.17.0.2:40287|priority:1], old=null
2021-04-10 01:06:54,862 [grpc-default-executor-5] INFO  server.RaftServer$Division (RaftServerImpl.java:requestVote(1025)) - 51a677ad-ae3c-4805-a988-993e59f99449@group-923F87AB690E: receive requestVote(ELECTION, 361947c2-eecd-45e2-9da6-933f9372b1c6, group-923F87AB690E, 3, (t:0, i:0))
2021-04-10 01:06:54,863 [grpc-default-executor-5] INFO  impl.VoteContext (VoteContext.java:log(48)) - 51a677ad-ae3c-4805-a988-993e59f99449@group-923F87AB690E-FOLLOWER: reject ELECTION from 361947c2-eecd-45e2-9da6-933f9372b1c6: our priority 1 > candidate's priority 0
2021-04-10 01:06:54,863 [grpc-default-executor-5] INFO  server.RaftServer$Division (RaftServerImpl.java:setRole(284)) - 51a677ad-ae3c-4805-a988-993e59f99449@group-923F87AB690E: changes role from  FOLLOWER to FOLLOWER at term 3 for candidate:361947c2-eecd-45e2-9da6-933f9372b1c6
2021-04-10 01:06:54,863 [grpc-default-executor-5] INFO  impl.RoleInfo (RoleInfo.java:shutdownFollowerState(108)) - 51a677ad-ae3c-4805-a988-993e59f99449: shutdown 51a677ad-ae3c-4805-a988-993e59f99449@group-923F87AB690E-FollowerState
2021-04-10 01:06:54,863 [grpc-default-executor-5] INFO  impl.RoleInfo (RoleInfo.java:updateAndGet(130)) - 51a677ad-ae3c-4805-a988-993e59f99449: start 51a677ad-ae3c-4805-a988-993e59f99449@group-923F87AB690E-FollowerState
2021-04-10 01:06:54,864 [51a677ad-ae3c-4805-a988-993e59f99449@group-923F87AB690E-FollowerState] INFO  impl.FollowerState (FollowerState.java:run(143)) - 51a677ad-ae3c-4805-a988-993e59f99449@group-923F87AB690E-FollowerState was interrupted: {}
java.lang.InterruptedException: sleep interrupted
	at java.lang.Thread.sleep(Native Method)
	at java.lang.Thread.sleep(Thread.java:340)
	at java.util.concurrent.TimeUnit.sleep(TimeUnit.java:386)
	at org.apache.ratis.util.TimeDuration.sleep(TimeDuration.java:324)
	at org.apache.ratis.util.TimeDuration.sleep(TimeDuration.java:309)
	at org.apache.ratis.server.impl.FollowerState.run(FollowerState.java:118)
2021-04-10 01:06:54,864 [grpc-default-executor-3] INFO  server.RaftServer$Division (RaftServerImpl.java:requestVote(1025)) - 8c8eae1d-dd67-4c0e-97f4-ede4c5bc644d@group-923F87AB690E: receive requestVote(ELECTION, 361947c2-eecd-45e2-9da6-933f9372b1c6, group-923F87AB690E, 3, (t:0, i:0))
2021-04-10 01:06:54,864 [grpc-default-executor-3] INFO  impl.VoteContext (VoteContext.java:log(48)) - 8c8eae1d-dd67-4c0e-97f4-ede4c5bc644d@group-923F87AB690E-FOLLOWER: accept ELECTION from 361947c2-eecd-45e2-9da6-933f9372b1c6: our priority 0 <= candidate's priority 0
2021-04-10 01:06:54,864 [grpc-default-executor-3] INFO  server.RaftServer$Division (RaftServerImpl.java:setRole(284)) - 8c8eae1d-dd67-4c0e-97f4-ede4c5bc644d@group-923F87AB690E: changes role from  FOLLOWER to FOLLOWER at term 3 for candidate:361947c2-eecd-45e2-9da6-933f9372b1c6
2021-04-10 01:06:54,869 [grpc-default-executor-3] INFO  impl.RoleInfo (RoleInfo.java:shutdownFollowerState(108)) - 8c8eae1d-dd67-4c0e-97f4-ede4c5bc644d: shutdown 8c8eae1d-dd67-4c0e-97f4-ede4c5bc644d@group-923F87AB690E-FollowerState
2021-04-10 01:06:54,869 [grpc-default-executor-3] INFO  impl.RoleInfo (RoleInfo.java:updateAndGet(130)) - 8c8eae1d-dd67-4c0e-97f4-ede4c5bc644d: start 8c8eae1d-dd67-4c0e-97f4-ede4c5bc644d@group-923F87AB690E-FollowerState
2021-04-10 01:06:54,869 [8c8eae1d-dd67-4c0e-97f4-ede4c5bc644d@group-923F87AB690E-FollowerState] INFO  impl.FollowerState (FollowerState.java:run(143)) - 8c8eae1d-dd67-4c0e-97f4-ede4c5bc644d@group-923F87AB690E-FollowerState was interrupted: {}
java.lang.InterruptedException: sleep interrupted
	at java.lang.Thread.sleep(Native Method)
	at java.lang.Thread.sleep(Thread.java:340)
	at java.util.concurrent.TimeUnit.sleep(TimeUnit.java:386)
	at org.apache.ratis.util.TimeDuration.sleep(TimeDuration.java:324)
	at org.apache.ratis.util.TimeDuration.sleep(TimeDuration.java:309)
	at org.apache.ratis.server.impl.FollowerState.run(FollowerState.java:118)
2021-04-10 01:06:54,870 [grpc-default-executor-5] INFO  server.RaftServer$Division (RaftServerImpl.java:requestVote(1057)) - 51a677ad-ae3c-4805-a988-993e59f99449@group-923F87AB690E replies to ELECTION vote request: 361947c2-eecd-45e2-9da6-933f9372b1c6<-51a677ad-ae3c-4805-a988-993e59f99449#0:FAIL-t3. Peer's state: 51a677ad-ae3c-4805-a988-993e59f99449@group-923F87AB690E:t3, leader=null, voted=null, raftlog=51a677ad-ae3c-4805-a988-993e59f99449@group-923F87AB690E-SegmentedRaftLog:OPENED:c-1,f-1,i0, conf=-1: [361947c2-eecd-45e2-9da6-933f9372b1c6|rpc:172.17.0.2:46001|dataStream:|priority:0, 8c8eae1d-dd67-4c0e-97f4-ede4c5bc644d|rpc:172.17.0.2:39261|dataStream:|priority:0, 51a677ad-ae3c-4805-a988-993e59f99449|rpc:172.17.0.2:40287|dataStream:|priority:1], old=null
2021-04-10 01:06:54,872 [grpc-default-executor-3] INFO  server.RaftServer$Division (RaftServerImpl.java:requestVote(1057)) - 8c8eae1d-dd67-4c0e-97f4-ede4c5bc644d@group-923F87AB690E replies to ELECTION vote request: 361947c2-eecd-45e2-9da6-933f9372b1c6<-8c8eae1d-dd67-4c0e-97f4-ede4c5bc644d#0:OK-t3. Peer's state: 8c8eae1d-dd67-4c0e-97f4-ede4c5bc644d@group-923F87AB690E:t3, leader=null, voted=361947c2-eecd-45e2-9da6-933f9372b1c6, raftlog=8c8eae1d-dd67-4c0e-97f4-ede4c5bc644d@group-923F87AB690E-SegmentedRaftLog:OPENED:c-1,f-1,i0, conf=-1: [361947c2-eecd-45e2-9da6-933f9372b1c6|rpc:172.17.0.2:46001|dataStream:|priority:0, 8c8eae1d-dd67-4c0e-97f4-ede4c5bc644d|rpc:172.17.0.2:39261|dataStream:|priority:0, 51a677ad-ae3c-4805-a988-993e59f99449|rpc:172.17.0.2:40287|dataStream:|priority:1], old=null
2021-04-10 01:06:54,877 [361947c2-eecd-45e2-9da6-933f9372b1c6@group-923F87AB690E-LeaderElection66] INFO  impl.LeaderElection (LeaderElection.java:logAndReturn(89)) - 361947c2-eecd-45e2-9da6-933f9372b1c6@group-923F87AB690E-LeaderElection66: ELECTION REJECTED received 1 response(s) and 0 exception(s):
2021-04-10 01:06:54,877 [361947c2-eecd-45e2-9da6-933f9372b1c6@group-923F87AB690E-LeaderElection66] INFO  impl.LeaderElection (LeaderElection.java:logAndReturn(93)) -   Response 0: 361947c2-eecd-45e2-9da6-933f9372b1c6<-51a677ad-ae3c-4805-a988-993e59f99449#0:FAIL-t3
2021-04-10 01:06:54,877 [361947c2-eecd-45e2-9da6-933f9372b1c6@group-923F87AB690E-LeaderElection66] INFO  impl.LeaderElection (LeaderElection.java:askForVotes(308)) - 361947c2-eecd-45e2-9da6-933f9372b1c6@group-923F87AB690E-LeaderElection66 ELECTION round 0: result REJECTED
2021-04-10 01:06:54,877 [361947c2-eecd-45e2-9da6-933f9372b1c6@group-923F87AB690E-LeaderElection66] INFO  server.RaftServer$Division (RaftServerImpl.java:setRole(284)) - 361947c2-eecd-45e2-9da6-933f9372b1c6@group-923F87AB690E: changes role from CANDIDATE to FOLLOWER at term 3 for REJECTED
2021-04-10 01:06:54,877 [361947c2-eecd-45e2-9da6-933f9372b1c6@group-923F87AB690E-LeaderElection66] INFO  impl.RoleInfo (RoleInfo.java:shutdownLeaderElection(121)) - 361947c2-eecd-45e2-9da6-933f9372b1c6: shutdown 361947c2-eecd-45e2-9da6-933f9372b1c6@group-923F87AB690E-LeaderElection66
2021-04-10 01:06:54,877 [361947c2-eecd-45e2-9da6-933f9372b1c6@group-923F87AB690E-LeaderElection66] INFO  impl.RoleInfo (RoleInfo.java:updateAndGet(130)) - 361947c2-eecd-45e2-9da6-933f9372b1c6: start 361947c2-eecd-45e2-9da6-933f9372b1c6@group-923F87AB690E-FollowerState
2021-04-10 01:06:55,412 [java.util.concurrent.ThreadPoolExecutor$Worker@1d255385[State = -1, empty queue]] INFO  metrics.RatisMetrics (RatisMetrics.java:lambda$create$0(36)) - Creating Metrics Registry : ratis.client_message_metrics.client-B207BB36FC61->a42fb17c-ab54-48f0-b04c-859eb28781e5
2021-04-10 01:06:55,423 [Listener at 127.0.0.1/35629] INFO  ozone.MiniOzoneClusterImpl (MiniOzoneClusterImpl.java:shutdown(441)) - Shutting down the Mini Ozone Cluster
2021-04-10 01:06:55,423 [Listener at 127.0.0.1/35629] INFO  ozone.MiniOzoneClusterImpl (MiniOzoneClusterImpl.java:stop(456)) - Stopping the Mini Ozone Cluster
2021-04-10 01:06:55,424 [Listener at 127.0.0.1/35629] INFO  ozone.MiniOzoneClusterImpl (MiniOzoneClusterImpl.java:stopOM(538)) - Stopping the OzoneManager
2021-04-10 01:06:55,424 [Listener at 127.0.0.1/35629] INFO  ipc.Server (Server.java:stop(3403)) - Stopping server on 35629
2021-04-10 01:06:55,429 [IPC Server listener on 0] INFO  ipc.Server (Server.java:run(1366)) - Stopping IPC Server listener on 0
2021-04-10 01:06:55,430 [IPC Server Responder] INFO  ipc.Server (Server.java:run(1502)) - Stopping IPC Server Responder
2021-04-10 01:06:55,430 [Listener at 127.0.0.1/35629] INFO  server.RaftServer (RaftServerProxy.java:lambda$close$6(391)) - om1: close
2021-04-10 01:06:55,433 [Listener at 127.0.0.1/35629] INFO  server.RaftServer$Division (RaftServerImpl.java:lambda$close$4(406)) - om1@group-C5BA1605619E: shutdown
2021-04-10 01:06:55,434 [Listener at 127.0.0.1/35629] INFO  util.JmxRegister (JmxRegister.java:unregister(73)) - Successfully un-registered JMX Bean with object name Ratis:service=RaftServer,group=group-C5BA1605619E,id=om1
2021-04-10 01:06:55,434 [Listener at 127.0.0.1/35629] INFO  impl.RoleInfo (RoleInfo.java:shutdownLeaderState(91)) - om1: shutdown om1@group-C5BA1605619E-LeaderStateImpl
2021-04-10 01:06:55,434 [Listener at 127.0.0.1/35629] INFO  impl.PendingRequests (PendingRequests.java:sendNotLeaderResponses(249)) - om1@group-C5BA1605619E-PendingRequests: sendNotLeaderResponses
2021-04-10 01:06:55,437 [Listener at 127.0.0.1/35629] INFO  metrics.RatisMetrics (RatisMetrics.java:unregister(43)) - Unregistering Metrics Registry : ratis.log_appender.om1@group-C5BA1605619E
2021-04-10 01:06:55,437 [Listener at 127.0.0.1/35629] INFO  metrics.RatisMetrics (RatisMetrics.java:unregister(43)) - Unregistering Metrics Registry : ratis.server.om1@group-C5BA1605619E
2021-04-10 01:06:55,438 [Listener at 127.0.0.1/35629] INFO  impl.StateMachineUpdater (StateMachineUpdater.java:stopAndJoin(149)) - om1@group-C5BA1605619E-StateMachineUpdater: set stopIndex = 4
2021-04-10 01:06:55,438 [om1@group-C5BA1605619E-StateMachineUpdater] INFO  ratis.OzoneManagerStateMachine (OzoneManagerStateMachine.java:takeSnapshot(347)) - Current Snapshot Index (t:1, i:4)
2021-04-10 01:06:55,438 [om1@group-C5BA1605619E-StateMachineUpdater] INFO  impl.StateMachineUpdater (StateMachineUpdater.java:takeSnapshot(281)) - om1@group-C5BA1605619E-StateMachineUpdater: Took a snapshot at index 4
2021-04-10 01:06:55,438 [om1@group-C5BA1605619E-StateMachineUpdater] INFO  impl.StateMachineUpdater (StateMachineUpdater.java:lambda$new$0(89)) - om1@group-C5BA1605619E-StateMachineUpdater: snapshotIndex: updateIncreasingly -1 -> 4
2021-04-10 01:06:55,438 [om1@group-C5BA1605619E-StateMachineUpdater] INFO  metrics.RatisMetrics (RatisMetrics.java:unregister(43)) - Unregistering Metrics Registry : ratis.state_machine.om1@group-C5BA1605619E
2021-04-10 01:06:55,438 [Listener at 127.0.0.1/35629] INFO  server.RaftServer$Division (ServerState.java:close(405)) - om1@group-C5BA1605619E: closes. applyIndex: 4
2021-04-10 01:06:55,439 [om1@group-C5BA1605619E-SegmentedRaftLogWorker] INFO  segmented.SegmentedRaftLogWorker (SegmentedRaftLogWorker.java:run(327)) - om1@group-C5BA1605619E-SegmentedRaftLogWorker was interrupted, exiting. There are 0 tasks remaining in the queue.
2021-04-10 01:06:55,440 [Listener at 127.0.0.1/35629] INFO  segmented.SegmentedRaftLogWorker (SegmentedRaftLogWorker.java:close(237)) - om1@group-C5BA1605619E-SegmentedRaftLogWorker close()
2021-04-10 01:06:55,442 [Listener at 127.0.0.1/35629] INFO  metrics.RatisMetrics (RatisMetrics.java:unregister(43)) - Unregistering Metrics Registry : ratis.log_worker.om1@group-C5BA1605619E
2021-04-10 01:06:55,442 [Listener at 127.0.0.1/35629] INFO  metrics.RatisMetrics (RatisMetrics.java:unregister(43)) - Unregistering Metrics Registry : ratis.leader_election.om1@group-C5BA1605619E
2021-04-10 01:06:55,442 [Listener at 127.0.0.1/35629] INFO  metrics.RatisMetrics (RatisMetrics.java:unregister(43)) - Unregistering Metrics Registry : ratis.server.om1@group-C5BA1605619E
2021-04-10 01:06:55,443 [Listener at 127.0.0.1/35629] INFO  server.GrpcService (GrpcService.java:closeImpl(262)) - om1: shutdown server with port 9872 now
2021-04-10 01:06:55,446 [Listener at 127.0.0.1/35629] INFO  server.GrpcService (GrpcService.java:closeImpl(271)) - om1: shutdown server with port 9872 successfully
2021-04-10 01:06:55,446 [org.apache.ratis.util.JvmPauseMonitor$$Lambda$503/290751331@789c61a3] INFO  util.JvmPauseMonitor (JvmPauseMonitor.java:run(109)) - JvmPauseMonitor-om1: Stopped
2021-04-10 01:06:55,446 [Listener at 127.0.0.1/35629] INFO  ratis.OzoneManagerDoubleBuffer (OzoneManagerDoubleBuffer.java:stop(426)) - Stopping OMDoubleBuffer flush thread
2021-04-10 01:06:55,447 [OMDoubleBufferFlushThread] INFO  ratis.OzoneManagerDoubleBuffer (OzoneManagerDoubleBuffer.java:flushTransactions(353)) - OMDoubleBuffer flush thread OMDoubleBufferFlushThread is interrupted and will exit. OMDoubleBufferFlushThread
2021-04-10 01:06:55,448 [Listener at 127.0.0.1/35629] INFO  ratis.OzoneManagerStateMachine (HadoopExecutors.java:shutdown(118)) - Gracefully shutting down executor service. Waiting max 5 SECONDS
2021-04-10 01:06:55,448 [Listener at 127.0.0.1/35629] INFO  ratis.OzoneManagerStateMachine (HadoopExecutors.java:shutdown(129)) - Succesfully shutdown executor service
2021-04-10 01:06:55,448 [Listener at 127.0.0.1/35629] INFO  ratis.OzoneManagerStateMachine (HadoopExecutors.java:shutdown(118)) - Gracefully shutting down executor service. Waiting max 5 SECONDS
2021-04-10 01:06:55,448 [Listener at 127.0.0.1/35629] INFO  ratis.OzoneManagerStateMachine (HadoopExecutors.java:shutdown(129)) - Succesfully shutdown executor service
2021-04-10 01:06:55,448 [Listener at 127.0.0.1/35629] INFO  utils.BackgroundService (BackgroundService.java:shutdown(132)) - Shutting down service KeyDeletingService
2021-04-10 01:06:55,451 [Listener at 127.0.0.1/35629] INFO  handler.ContextHandler (ContextHandler.java:doStop(1154)) - Stopped o.e.j.w.WebAppContext@e586785{ozoneManager,/,null,STOPPED}{file:/github/workspace/mnt/ozone/hadoop-ozone/integration-test/target/test-classes/webapps/ozoneManager}
2021-04-10 01:06:55,452 [Listener at 127.0.0.1/35629] INFO  server.AbstractConnector (AbstractConnector.java:doStop(381)) - Stopped ServerConnector@53e6c75c{HTTP/1.1, (http/1.1)}{0.0.0.0:0}
2021-04-10 01:06:55,452 [Listener at 127.0.0.1/35629] INFO  server.session (HouseKeeper.java:stopScavenging(149)) - node0 Stopped scavenging
2021-04-10 01:06:55,452 [Listener at 127.0.0.1/35629] INFO  handler.ContextHandler (ContextHandler.java:doStop(1154)) - Stopped o.e.j.s.ServletContextHandler@6f60173c{static,/static,file:///github/workspace/mnt/ozone/hadoop-ozone/integration-test/target/test-classes/webapps/static,STOPPED}
2021-04-10 01:06:55,453 [Listener at 127.0.0.1/35629] INFO  handler.ContextHandler (ContextHandler.java:doStop(1154)) - Stopped o.e.j.s.ServletContextHandler@23096d02{logs,/logs,file:///github/workspace/mnt/ozone/hadoop-ozone/integration-test/target/log,STOPPED}
2021-04-10 01:06:55,455 [Listener at 127.0.0.1/35629] INFO  ozone.MiniOzoneClusterImpl (MiniOzoneClusterImpl.java:stopDatanodes(515)) - Stopping the HddsDatanodes
2021-04-10 01:06:55,705 [Datanode State Machine Thread - 0] INFO  statemachine.DatanodeStateMachine (DatanodeStateMachine.java:lambda$startDaemon$0(411)) - Ozone container server started.
2021-04-10 01:06:56,185 [Datanode State Machine Thread - 0] INFO  statemachine.DatanodeStateMachine (DatanodeStateMachine.java:lambda$startDaemon$0(411)) - Ozone container server started.
2021-04-10 01:06:58,537 [21f15bd4-cfa2-4f88-85d5-ad2919bb380f@group-0E929E22572F-FollowerState] INFO  impl.FollowerState (FollowerState.java:run(134)) - 21f15bd4-cfa2-4f88-85d5-ad2919bb380f@group-0E929E22572F-FollowerState: change to CANDIDATE, lastRpcElapsedTime:5064181133ns, electionTimeout:5062ms
2021-04-10 01:06:58,538 [21f15bd4-cfa2-4f88-85d5-ad2919bb380f@group-0E929E22572F-FollowerState] INFO  impl.RoleInfo (RoleInfo.java:shutdownFollowerState(108)) - 21f15bd4-cfa2-4f88-85d5-ad2919bb380f: shutdown 21f15bd4-cfa2-4f88-85d5-ad2919bb380f@group-0E929E22572F-FollowerState
2021-04-10 01:06:58,538 [21f15bd4-cfa2-4f88-85d5-ad2919bb380f@group-0E929E22572F-FollowerState] INFO  server.RaftServer$Division (RaftServerImpl.java:setRole(284)) - 21f15bd4-cfa2-4f88-85d5-ad2919bb380f@group-0E929E22572F: changes role from  FOLLOWER to CANDIDATE at term 3 for changeToCandidate
2021-04-10 01:06:58,538 [21f15bd4-cfa2-4f88-85d5-ad2919bb380f@group-0E929E22572F-FollowerState] INFO  server.RaftServerConfigKeys (ConfUtils.java:logGet(44)) - raft.server.leaderelection.pre-vote = false (custom)
2021-04-10 01:06:58,538 [21f15bd4-cfa2-4f88-85d5-ad2919bb380f@group-0E929E22572F-FollowerState] INFO  impl.RoleInfo (RoleInfo.java:updateAndGet(130)) - 21f15bd4-cfa2-4f88-85d5-ad2919bb380f: start 21f15bd4-cfa2-4f88-85d5-ad2919bb380f@group-0E929E22572F-LeaderElection67
2021-04-10 01:06:58,541 [21f15bd4-cfa2-4f88-85d5-ad2919bb380f@group-0E929E22572F-LeaderElection67] INFO  impl.LeaderElection (LeaderElection.java:askForVotes(306)) - 21f15bd4-cfa2-4f88-85d5-ad2919bb380f@group-0E929E22572F-LeaderElection67 ELECTION round 0: submit vote requests at term 4 for -1: [21f15bd4-cfa2-4f88-85d5-ad2919bb380f|rpc:172.17.0.2:35987|dataStream:|priority:0, c76c366c-8643-4ee1-839d-0bd7e1d17140|rpc:172.17.0.2:37239|dataStream:|priority:0, 9eda0c20-f49c-4c2b-9c3e-213dec6e2110|rpc:172.17.0.2:40767|dataStream:|priority:1], old=null
2021-04-10 01:06:58,547 [grpc-default-executor-5] INFO  metrics.RatisMetrics (RatisMetrics.java:lambda$create$0(36)) - Creating Metrics Registry : ratis.server_message_metrics.c76c366c-8643-4ee1-839d-0bd7e1d17140
2021-04-10 01:06:58,548 [grpc-default-executor-5] INFO  server.RaftServer$Division (RaftServerImpl.java:requestVote(1025)) - c76c366c-8643-4ee1-839d-0bd7e1d17140@group-0E929E22572F: receive requestVote(ELECTION, 21f15bd4-cfa2-4f88-85d5-ad2919bb380f, group-0E929E22572F, 4, (t:0, i:0))
2021-04-10 01:06:58,548 [grpc-default-executor-5] INFO  impl.VoteContext (VoteContext.java:log(48)) - c76c366c-8643-4ee1-839d-0bd7e1d17140@group-0E929E22572F-FOLLOWER: accept ELECTION from 21f15bd4-cfa2-4f88-85d5-ad2919bb380f: our priority 0 <= candidate's priority 0
2021-04-10 01:06:58,548 [grpc-default-executor-5] INFO  server.RaftServer$Division (RaftServerImpl.java:setRole(284)) - c76c366c-8643-4ee1-839d-0bd7e1d17140@group-0E929E22572F: changes role from  FOLLOWER to FOLLOWER at term 4 for candidate:21f15bd4-cfa2-4f88-85d5-ad2919bb380f
2021-04-10 01:06:58,548 [grpc-default-executor-5] INFO  impl.RoleInfo (RoleInfo.java:shutdownFollowerState(108)) - c76c366c-8643-4ee1-839d-0bd7e1d17140: shutdown c76c366c-8643-4ee1-839d-0bd7e1d17140@group-0E929E22572F-FollowerState
2021-04-10 01:06:58,549 [grpc-default-executor-5] INFO  impl.RoleInfo (RoleInfo.java:updateAndGet(130)) - c76c366c-8643-4ee1-839d-0bd7e1d17140: start c76c366c-8643-4ee1-839d-0bd7e1d17140@group-0E929E22572F-FollowerState
2021-04-10 01:06:58,549 [c76c366c-8643-4ee1-839d-0bd7e1d17140@group-0E929E22572F-FollowerState] INFO  impl.FollowerState (FollowerState.java:run(143)) - c76c366c-8643-4ee1-839d-0bd7e1d17140@group-0E929E22572F-FollowerState was interrupted: {}
java.lang.InterruptedException: sleep interrupted
	at java.lang.Thread.sleep(Native Method)
	at java.lang.Thread.sleep(Thread.java:340)
	at java.util.concurrent.TimeUnit.sleep(TimeUnit.java:386)
	at org.apache.ratis.util.TimeDuration.sleep(TimeDuration.java:324)
	at org.apache.ratis.util.TimeDuration.sleep(TimeDuration.java:309)
	at org.apache.ratis.server.impl.FollowerState.run(FollowerState.java:118)
2021-04-10 01:06:58,556 [grpc-default-executor-3] INFO  server.RaftServer$Division (RaftServerImpl.java:requestVote(1025)) - 9eda0c20-f49c-4c2b-9c3e-213dec6e2110@group-0E929E22572F: receive requestVote(ELECTION, 21f15bd4-cfa2-4f88-85d5-ad2919bb380f, group-0E929E22572F, 4, (t:0, i:0))
2021-04-10 01:06:58,556 [grpc-default-executor-3] INFO  impl.VoteContext (VoteContext.java:log(48)) - 9eda0c20-f49c-4c2b-9c3e-213dec6e2110@group-0E929E22572F-FOLLOWER: reject ELECTION from 21f15bd4-cfa2-4f88-85d5-ad2919bb380f: our priority 1 > candidate's priority 0
2021-04-10 01:06:58,556 [grpc-default-executor-3] INFO  server.RaftServer$Division (RaftServerImpl.java:setRole(284)) - 9eda0c20-f49c-4c2b-9c3e-213dec6e2110@group-0E929E22572F: changes role from  FOLLOWER to FOLLOWER at term 4 for candidate:21f15bd4-cfa2-4f88-85d5-ad2919bb380f
2021-04-10 01:06:58,556 [grpc-default-executor-3] INFO  impl.RoleInfo (RoleInfo.java:shutdownFollowerState(108)) - 9eda0c20-f49c-4c2b-9c3e-213dec6e2110: shutdown 9eda0c20-f49c-4c2b-9c3e-213dec6e2110@group-0E929E22572F-FollowerState
2021-04-10 01:06:58,556 [grpc-default-executor-3] INFO  impl.RoleInfo (RoleInfo.java:updateAndGet(130)) - 9eda0c20-f49c-4c2b-9c3e-213dec6e2110: start 9eda0c20-f49c-4c2b-9c3e-213dec6e2110@group-0E929E22572F-FollowerState
2021-04-10 01:06:58,556 [9eda0c20-f49c-4c2b-9c3e-213dec6e2110@group-0E929E22572F-FollowerState] INFO  impl.FollowerState (FollowerState.java:run(143)) - 9eda0c20-f49c-4c2b-9c3e-213dec6e2110@group-0E929E22572F-FollowerState was interrupted: {}
java.lang.InterruptedException: sleep interrupted
	at java.lang.Thread.sleep(Native Method)
	at java.lang.Thread.sleep(Thread.java:340)
	at java.util.concurrent.TimeUnit.sleep(TimeUnit.java:386)
	at org.apache.ratis.util.TimeDuration.sleep(TimeDuration.java:324)
	at org.apache.ratis.util.TimeDuration.sleep(TimeDuration.java:309)
	at org.apache.ratis.server.impl.FollowerState.run(FollowerState.java:118)
2021-04-10 01:06:58,557 [grpc-default-executor-5] INFO  server.RaftServer$Division (RaftServerImpl.java:requestVote(1057)) - c76c366c-8643-4ee1-839d-0bd7e1d17140@group-0E929E22572F replies to ELECTION vote request: 21f15bd4-cfa2-4f88-85d5-ad2919bb380f<-c76c366c-8643-4ee1-839d-0bd7e1d17140#0:OK-t4. Peer's state: c76c366c-8643-4ee1-839d-0bd7e1d17140@group-0E929E22572F:t4, leader=null, voted=21f15bd4-cfa2-4f88-85d5-ad2919bb380f, raftlog=c76c366c-8643-4ee1-839d-0bd7e1d17140@group-0E929E22572F-SegmentedRaftLog:OPENED:c-1,f-1,i0, conf=-1: [21f15bd4-cfa2-4f88-85d5-ad2919bb380f|rpc:172.17.0.2:35987|priority:0, c76c366c-8643-4ee1-839d-0bd7e1d17140|rpc:172.17.0.2:37239|priority:0, 9eda0c20-f49c-4c2b-9c3e-213dec6e2110|rpc:172.17.0.2:40767|priority:1], old=null
2021-04-10 01:06:58,559 [grpc-default-executor-3] INFO  server.RaftServer$Division (RaftServerImpl.java:requestVote(1057)) - 9eda0c20-f49c-4c2b-9c3e-213dec6e2110@group-0E929E22572F replies to ELECTION vote request: 21f15bd4-cfa2-4f88-85d5-ad2919bb380f<-9eda0c20-f49c-4c2b-9c3e-213dec6e2110#0:FAIL-t4. Peer's state: 9eda0c20-f49c-4c2b-9c3e-213dec6e2110@group-0E929E22572F:t4, leader=null, voted=null, raftlog=9eda0c20-f49c-4c2b-9c3e-213dec6e2110@group-0E929E22572F-SegmentedRaftLog:OPENED:c-1,f-1,i0, conf=-1: [21f15bd4-cfa2-4f88-85d5-ad2919bb380f|rpc:172.17.0.2:35987|dataStream:|priority:0, c76c366c-8643-4ee1-839d-0bd7e1d17140|rpc:172.17.0.2:37239|dataStream:|priority:0, 9eda0c20-f49c-4c2b-9c3e-213dec6e2110|rpc:172.17.0.2:40767|dataStream:|priority:1], old=null
2021-04-10 01:06:58,559 [21f15bd4-cfa2-4f88-85d5-ad2919bb380f@group-0E929E22572F-LeaderElection67] INFO  impl.LeaderElection (LeaderElection.java:logAndReturn(89)) - 21f15bd4-cfa2-4f88-85d5-ad2919bb380f@group-0E929E22572F-LeaderElection67: ELECTION REJECTED received 2 response(s) and 0 exception(s):
2021-04-10 01:06:58,560 [21f15bd4-cfa2-4f88-85d5-ad2919bb380f@group-0E929E22572F-LeaderElection67] INFO  impl.LeaderElection (LeaderElection.java:logAndReturn(93)) -   Response 0: 21f15bd4-cfa2-4f88-85d5-ad2919bb380f<-c76c366c-8643-4ee1-839d-0bd7e1d17140#0:OK-t4
2021-04-10 01:06:58,560 [21f15bd4-cfa2-4f88-85d5-ad2919bb380f@group-0E929E22572F-LeaderElection67] INFO  impl.LeaderElection (LeaderElection.java:logAndReturn(93)) -   Response 1: 21f15bd4-cfa2-4f88-85d5-ad2919bb380f<-9eda0c20-f49c-4c2b-9c3e-213dec6e2110#0:FAIL-t4
2021-04-10 01:06:58,560 [21f15bd4-cfa2-4f88-85d5-ad2919bb380f@group-0E929E22572F-LeaderElection67] INFO  impl.LeaderElection (LeaderElection.java:askForVotes(308)) - 21f15bd4-cfa2-4f88-85d5-ad2919bb380f@group-0E929E22572F-LeaderElection67 ELECTION round 0: result REJECTED
2021-04-10 01:06:58,560 [21f15bd4-cfa2-4f88-85d5-ad2919bb380f@group-0E929E22572F-LeaderElection67] INFO  server.RaftServer$Division (RaftServerImpl.java:setRole(284)) - 21f15bd4-cfa2-4f88-85d5-ad2919bb380f@group-0E929E22572F: changes role from CANDIDATE to FOLLOWER at term 4 for REJECTED
2021-04-10 01:06:58,560 [21f15bd4-cfa2-4f88-85d5-ad2919bb380f@group-0E929E22572F-LeaderElection67] INFO  impl.RoleInfo (RoleInfo.java:shutdownLeaderElection(121)) - 21f15bd4-cfa2-4f88-85d5-ad2919bb380f: shutdown 21f15bd4-cfa2-4f88-85d5-ad2919bb380f@group-0E929E22572F-LeaderElection67
2021-04-10 01:06:58,560 [21f15bd4-cfa2-4f88-85d5-ad2919bb380f@group-0E929E22572F-LeaderElection67] INFO  impl.RoleInfo (RoleInfo.java:updateAndGet(130)) - 21f15bd4-cfa2-4f88-85d5-ad2919bb380f: start 21f15bd4-cfa2-4f88-85d5-ad2919bb380f@group-0E929E22572F-FollowerState
2021-04-10 01:06:59,282 [a42fb17c-ab54-48f0-b04c-859eb28781e5@group-0760CCC17729-FollowerState] INFO  impl.FollowerState (FollowerState.java:run(134)) - a42fb17c-ab54-48f0-b04c-859eb28781e5@group-0760CCC17729-FollowerState: change to CANDIDATE, lastRpcElapsedTime:5003873167ns, electionTimeout:5003ms
2021-04-10 01:06:59,283 [a42fb17c-ab54-48f0-b04c-859eb28781e5@group-0760CCC17729-FollowerState] INFO  impl.RoleInfo (RoleInfo.java:shutdownFollowerState(108)) - a42fb17c-ab54-48f0-b04c-859eb28781e5: shutdown a42fb17c-ab54-48f0-b04c-859eb28781e5@group-0760CCC17729-FollowerState
2021-04-10 01:06:59,283 [a42fb17c-ab54-48f0-b04c-859eb28781e5@group-0760CCC17729-FollowerState] INFO  server.RaftServer$Division (RaftServerImpl.java:setRole(284)) - a42fb17c-ab54-48f0-b04c-859eb28781e5@group-0760CCC17729: changes role from  FOLLOWER to CANDIDATE at term 4 for changeToCandidate
2021-04-10 01:06:59,283 [a42fb17c-ab54-48f0-b04c-859eb28781e5@group-0760CCC17729-FollowerState] INFO  server.RaftServerConfigKeys (ConfUtils.java:logGet(44)) - raft.server.leaderelection.pre-vote = false (custom)
2021-04-10 01:06:59,283 [a42fb17c-ab54-48f0-b04c-859eb28781e5@group-0760CCC17729-FollowerState] INFO  impl.RoleInfo (RoleInfo.java:updateAndGet(130)) - a42fb17c-ab54-48f0-b04c-859eb28781e5: start a42fb17c-ab54-48f0-b04c-859eb28781e5@group-0760CCC17729-LeaderElection68
2021-04-10 01:06:59,285 [a42fb17c-ab54-48f0-b04c-859eb28781e5@group-0760CCC17729-LeaderElection68] INFO  impl.LeaderElection (LeaderElection.java:askForVotes(306)) - a42fb17c-ab54-48f0-b04c-859eb28781e5@group-0760CCC17729-LeaderElection68 ELECTION round 0: submit vote requests at term 5 for 0: [a42fb17c-ab54-48f0-b04c-859eb28781e5|rpc:172.17.0.2:39951|dataStream:|priority:0, 0920b5d4-01a1-4269-bba6-0e5df288504f|rpc:172.17.0.2:40455|dataStream:|priority:1, 908f18a0-adb7-4061-877d-82f26c284a6d|rpc:172.17.0.2:38461|dataStream:|priority:0], old=null
2021-04-10 01:06:59,287 [grpc-default-executor-3] INFO  server.RaftServer$Division (RaftServerImpl.java:requestVote(1025)) - 908f18a0-adb7-4061-877d-82f26c284a6d@group-0760CCC17729: receive requestVote(ELECTION, a42fb17c-ab54-48f0-b04c-859eb28781e5, group-0760CCC17729, 5, (t:1, i:0))
2021-04-10 01:06:59,288 [grpc-default-executor-3] INFO  impl.VoteContext (VoteContext.java:log(48)) - 908f18a0-adb7-4061-877d-82f26c284a6d@group-0760CCC17729-FOLLOWER: accept ELECTION from a42fb17c-ab54-48f0-b04c-859eb28781e5: our last entry null < candidate's last entry (t:1, i:0)
2021-04-10 01:06:59,288 [grpc-default-executor-3] INFO  server.RaftServer$Division (RaftServerImpl.java:setRole(284)) - 908f18a0-adb7-4061-877d-82f26c284a6d@group-0760CCC17729: changes role from  FOLLOWER to FOLLOWER at term 5 for candidate:a42fb17c-ab54-48f0-b04c-859eb28781e5
2021-04-10 01:06:59,288 [grpc-default-executor-3] INFO  impl.RoleInfo (RoleInfo.java:shutdownFollowerState(108)) - 908f18a0-adb7-4061-877d-82f26c284a6d: shutdown 908f18a0-adb7-4061-877d-82f26c284a6d@group-0760CCC17729-FollowerState
2021-04-10 01:06:59,288 [grpc-default-executor-3] INFO  impl.RoleInfo (RoleInfo.java:updateAndGet(130)) - 908f18a0-adb7-4061-877d-82f26c284a6d: start 908f18a0-adb7-4061-877d-82f26c284a6d@group-0760CCC17729-FollowerState
2021-04-10 01:06:59,288 [908f18a0-adb7-4061-877d-82f26c284a6d@group-0760CCC17729-FollowerState] INFO  impl.FollowerState (FollowerState.java:run(143)) - 908f18a0-adb7-4061-877d-82f26c284a6d@group-0760CCC17729-FollowerState was interrupted: {}
java.lang.InterruptedException: sleep interrupted
	at java.lang.Thread.sleep(Native Method)
	at java.lang.Thread.sleep(Thread.java:340)
	at java.util.concurrent.TimeUnit.sleep(TimeUnit.java:386)
	at org.apache.ratis.util.TimeDuration.sleep(TimeDuration.java:324)
	at org.apache.ratis.util.TimeDuration.sleep(TimeDuration.java:309)
	at org.apache.ratis.server.impl.FollowerState.run(FollowerState.java:118)
2021-04-10 01:06:59,289 [grpc-default-executor-5] INFO  server.RaftServer$Division (RaftServerImpl.java:requestVote(1025)) - 0920b5d4-01a1-4269-bba6-0e5df288504f@group-0760CCC17729: receive requestVote(ELECTION, a42fb17c-ab54-48f0-b04c-859eb28781e5, group-0760CCC17729, 5, (t:1, i:0))
2021-04-10 01:06:59,289 [grpc-default-executor-5] INFO  impl.VoteContext (VoteContext.java:log(48)) - 0920b5d4-01a1-4269-bba6-0e5df288504f@group-0760CCC17729-FOLLOWER: reject ELECTION from a42fb17c-ab54-48f0-b04c-859eb28781e5: our priority 1 > candidate's priority 0
2021-04-10 01:06:59,289 [grpc-default-executor-5] INFO  server.RaftServer$Division (RaftServerImpl.java:setRole(284)) - 0920b5d4-01a1-4269-bba6-0e5df288504f@group-0760CCC17729: changes role from  FOLLOWER to FOLLOWER at term 5 for candidate:a42fb17c-ab54-48f0-b04c-859eb28781e5
2021-04-10 01:06:59,289 [grpc-default-executor-5] INFO  impl.RoleInfo (RoleInfo.java:shutdownFollowerState(108)) - 0920b5d4-01a1-4269-bba6-0e5df288504f: shutdown 0920b5d4-01a1-4269-bba6-0e5df288504f@group-0760CCC17729-FollowerState
2021-04-10 01:06:59,290 [grpc-default-executor-5] INFO  impl.RoleInfo (RoleInfo.java:updateAndGet(130)) - 0920b5d4-01a1-4269-bba6-0e5df288504f: start 0920b5d4-01a1-4269-bba6-0e5df288504f@group-0760CCC17729-FollowerState
2021-04-10 01:06:59,290 [0920b5d4-01a1-4269-bba6-0e5df288504f@group-0760CCC17729-FollowerState] INFO  impl.FollowerState (FollowerState.java:run(143)) - 0920b5d4-01a1-4269-bba6-0e5df288504f@group-0760CCC17729-FollowerState was interrupted: {}
java.lang.InterruptedException: sleep interrupted
	at java.lang.Thread.sleep(Native Method)
	at java.lang.Thread.sleep(Thread.java:340)
	at java.util.concurrent.TimeUnit.sleep(TimeUnit.java:386)
	at org.apache.ratis.util.TimeDuration.sleep(TimeDuration.java:324)
	at org.apache.ratis.util.TimeDuration.sleep(TimeDuration.java:309)
	at org.apache.ratis.server.impl.FollowerState.run(FollowerState.java:118)
2021-04-10 01:06:59,290 [grpc-default-executor-3] INFO  server.RaftServer$Division (RaftServerImpl.java:requestVote(1057)) - 908f18a0-adb7-4061-877d-82f26c284a6d@group-0760CCC17729 replies to ELECTION vote request: a42fb17c-ab54-48f0-b04c-859eb28781e5<-908f18a0-adb7-4061-877d-82f26c284a6d#0:OK-t5. Peer's state: 908f18a0-adb7-4061-877d-82f26c284a6d@group-0760CCC17729:t5, leader=null, voted=a42fb17c-ab54-48f0-b04c-859eb28781e5, raftlog=908f18a0-adb7-4061-877d-82f26c284a6d@group-0760CCC17729-SegmentedRaftLog:OPENED:c-1,f-1,i0, conf=-1: [a42fb17c-ab54-48f0-b04c-859eb28781e5|rpc:172.17.0.2:39951|dataStream:|priority:0, 0920b5d4-01a1-4269-bba6-0e5df288504f|rpc:172.17.0.2:40455|dataStream:|priority:1, 908f18a0-adb7-4061-877d-82f26c284a6d|rpc:172.17.0.2:38461|dataStream:|priority:0], old=null
2021-04-10 01:06:59,291 [grpc-default-executor-5] INFO  server.RaftServer$Division (RaftServerImpl.java:requestVote(1057)) - 0920b5d4-01a1-4269-bba6-0e5df288504f@group-0760CCC17729 replies to ELECTION vote request: a42fb17c-ab54-48f0-b04c-859eb28781e5<-0920b5d4-01a1-4269-bba6-0e5df288504f#0:FAIL-t5. Peer's state: 0920b5d4-01a1-4269-bba6-0e5df288504f@group-0760CCC17729:t5, leader=null, voted=null, raftlog=0920b5d4-01a1-4269-bba6-0e5df288504f@group-0760CCC17729-SegmentedRaftLog:OPENED:c0,f0,i0, conf=0: [a42fb17c-ab54-48f0-b04c-859eb28781e5|rpc:172.17.0.2:39951|dataStream:|priority:0, 0920b5d4-01a1-4269-bba6-0e5df288504f|rpc:172.17.0.2:40455|dataStream:|priority:1, 908f18a0-adb7-4061-877d-82f26c284a6d|rpc:172.17.0.2:38461|dataStream:|priority:0], old=null
2021-04-10 01:06:59,292 [a42fb17c-ab54-48f0-b04c-859eb28781e5@group-0760CCC17729-LeaderElection68] INFO  impl.LeaderElection (LeaderElection.java:logAndReturn(89)) - a42fb17c-ab54-48f0-b04c-859eb28781e5@group-0760CCC17729-LeaderElection68: ELECTION REJECTED received 2 response(s) and 0 exception(s):
2021-04-10 01:06:59,292 [a42fb17c-ab54-48f0-b04c-859eb28781e5@group-0760CCC17729-LeaderElection68] INFO  impl.LeaderElection (LeaderElection.java:logAndReturn(93)) -   Response 0: a42fb17c-ab54-48f0-b04c-859eb28781e5<-0920b5d4-01a1-4269-bba6-0e5df288504f#0:FAIL-t5
2021-04-10 01:06:59,292 [a42fb17c-ab54-48f0-b04c-859eb28781e5@group-0760CCC17729-LeaderElection68] INFO  impl.LeaderElection (LeaderElection.java:logAndReturn(93)) -   Response 1: a42fb17c-ab54-48f0-b04c-859eb28781e5<-908f18a0-adb7-4061-877d-82f26c284a6d#0:OK-t5
2021-04-10 01:06:59,292 [a42fb17c-ab54-48f0-b04c-859eb28781e5@group-0760CCC17729-LeaderElection68] INFO  impl.LeaderElection (LeaderElection.java:askForVotes(308)) - a42fb17c-ab54-48f0-b04c-859eb28781e5@group-0760CCC17729-LeaderElection68 ELECTION round 0: result REJECTED
2021-04-10 01:06:59,292 [a42fb17c-ab54-48f0-b04c-859eb28781e5@group-0760CCC17729-LeaderElection68] INFO  server.RaftServer$Division (RaftServerImpl.java:setRole(284)) - a42fb17c-ab54-48f0-b04c-859eb28781e5@group-0760CCC17729: changes role from CANDIDATE to FOLLOWER at term 5 for REJECTED
2021-04-10 01:06:59,292 [a42fb17c-ab54-48f0-b04c-859eb28781e5@group-0760CCC17729-LeaderElection68] INFO  impl.RoleInfo (RoleInfo.java:shutdownLeaderElection(121)) - a42fb17c-ab54-48f0-b04c-859eb28781e5: shutdown a42fb17c-ab54-48f0-b04c-859eb28781e5@group-0760CCC17729-LeaderElection68
2021-04-10 01:06:59,293 [a42fb17c-ab54-48f0-b04c-859eb28781e5@group-0760CCC17729-LeaderElection68] INFO  impl.RoleInfo (RoleInfo.java:updateAndGet(130)) - a42fb17c-ab54-48f0-b04c-859eb28781e5: start a42fb17c-ab54-48f0-b04c-859eb28781e5@group-0760CCC17729-FollowerState
2021-04-10 01:06:59,883 [51a677ad-ae3c-4805-a988-993e59f99449@group-923F87AB690E-FollowerState] INFO  impl.FollowerState (FollowerState.java:run(134)) - 51a677ad-ae3c-4805-a988-993e59f99449@group-923F87AB690E-FollowerState: change to CANDIDATE, lastRpcElapsedTime:5019762561ns, electionTimeout:5014ms
2021-04-10 01:06:59,883 [51a677ad-ae3c-4805-a988-993e59f99449@group-923F87AB690E-FollowerState] INFO  impl.RoleInfo (RoleInfo.java:shutdownFollowerState(108)) - 51a677ad-ae3c-4805-a988-993e59f99449: shutdown 51a677ad-ae3c-4805-a988-993e59f99449@group-923F87AB690E-FollowerState
2021-04-10 01:06:59,884 [51a677ad-ae3c-4805-a988-993e59f99449@group-923F87AB690E-FollowerState] INFO  server.RaftServer$Division (RaftServerImpl.java:setRole(284)) - 51a677ad-ae3c-4805-a988-993e59f99449@group-923F87AB690E: changes role from  FOLLOWER to CANDIDATE at term 3 for changeToCandidate
2021-04-10 01:06:59,884 [51a677ad-ae3c-4805-a988-993e59f99449@group-923F87AB690E-FollowerState] INFO  server.RaftServerConfigKeys (ConfUtils.java:logGet(44)) - raft.server.leaderelection.pre-vote = false (custom)
2021-04-10 01:06:59,884 [51a677ad-ae3c-4805-a988-993e59f99449@group-923F87AB690E-FollowerState] INFO  impl.RoleInfo (RoleInfo.java:updateAndGet(130)) - 51a677ad-ae3c-4805-a988-993e59f99449: start 51a677ad-ae3c-4805-a988-993e59f99449@group-923F87AB690E-LeaderElection69
2021-04-10 01:06:59,886 [51a677ad-ae3c-4805-a988-993e59f99449@group-923F87AB690E-LeaderElection69] INFO  impl.LeaderElection (LeaderElection.java:askForVotes(306)) - 51a677ad-ae3c-4805-a988-993e59f99449@group-923F87AB690E-LeaderElection69 ELECTION round 0: submit vote requests at term 4 for -1: [361947c2-eecd-45e2-9da6-933f9372b1c6|rpc:172.17.0.2:46001|dataStream:|priority:0, 8c8eae1d-dd67-4c0e-97f4-ede4c5bc644d|rpc:172.17.0.2:39261|dataStream:|priority:0, 51a677ad-ae3c-4805-a988-993e59f99449|rpc:172.17.0.2:40287|dataStream:|priority:1], old=null
2021-04-10 01:06:59,899 [361947c2-eecd-45e2-9da6-933f9372b1c6@group-923F87AB690E-FollowerState] INFO  impl.FollowerState (FollowerState.java:run(134)) - 361947c2-eecd-45e2-9da6-933f9372b1c6@group-923F87AB690E-FollowerState: change to CANDIDATE, lastRpcElapsedTime:5022234176ns, electionTimeout:5020ms
2021-04-10 01:06:59,899 [361947c2-eecd-45e2-9da6-933f9372b1c6@group-923F87AB690E-FollowerState] INFO  impl.RoleInfo (RoleInfo.java:shutdownFollowerState(108)) - 361947c2-eecd-45e2-9da6-933f9372b1c6: shutdown 361947c2-eecd-45e2-9da6-933f9372b1c6@group-923F87AB690E-FollowerState
2021-04-10 01:06:59,900 [361947c2-eecd-45e2-9da6-933f9372b1c6@group-923F87AB690E-FollowerState] INFO  server.RaftServer$Division (RaftServerImpl.java:setRole(284)) - 361947c2-eecd-45e2-9da6-933f9372b1c6@group-923F87AB690E: changes role from  FOLLOWER to CANDIDATE at term 3 for changeToCandidate
2021-04-10 01:06:59,900 [361947c2-eecd-45e2-9da6-933f9372b1c6@group-923F87AB690E-FollowerState] INFO  server.RaftServerConfigKeys (ConfUtils.java:logGet(44)) - raft.server.leaderelection.pre-vote = false (custom)
2021-04-10 01:06:59,900 [361947c2-eecd-45e2-9da6-933f9372b1c6@group-923F87AB690E-FollowerState] INFO  impl.RoleInfo (RoleInfo.java:updateAndGet(130)) - 361947c2-eecd-45e2-9da6-933f9372b1c6: start 361947c2-eecd-45e2-9da6-933f9372b1c6@group-923F87AB690E-LeaderElection70
2021-04-10 01:06:59,900 [grpc-default-executor-5] INFO  server.RaftServer$Division (RaftServerImpl.java:requestVote(1025)) - 361947c2-eecd-45e2-9da6-933f9372b1c6@group-923F87AB690E: receive requestVote(ELECTION, 51a677ad-ae3c-4805-a988-993e59f99449, group-923F87AB690E, 4, (t:0, i:0))
2021-04-10 01:06:59,900 [grpc-default-executor-3] INFO  server.RaftServer$Division (RaftServerImpl.java:requestVote(1025)) - 8c8eae1d-dd67-4c0e-97f4-ede4c5bc644d@group-923F87AB690E: receive requestVote(ELECTION, 51a677ad-ae3c-4805-a988-993e59f99449, group-923F87AB690E, 4, (t:0, i:0))
2021-04-10 01:06:59,901 [grpc-default-executor-3] INFO  impl.VoteContext (VoteContext.java:log(48)) - 8c8eae1d-dd67-4c0e-97f4-ede4c5bc644d@group-923F87AB690E-FOLLOWER: accept ELECTION from 51a677ad-ae3c-4805-a988-993e59f99449: our priority 0 <= candidate's priority 1
2021-04-10 01:06:59,901 [grpc-default-executor-3] INFO  server.RaftServer$Division (RaftServerImpl.java:setRole(284)) - 8c8eae1d-dd67-4c0e-97f4-ede4c5bc644d@group-923F87AB690E: changes role from  FOLLOWER to FOLLOWER at term 4 for candidate:51a677ad-ae3c-4805-a988-993e59f99449
2021-04-10 01:06:59,901 [grpc-default-executor-3] INFO  impl.RoleInfo (RoleInfo.java:shutdownFollowerState(108)) - 8c8eae1d-dd67-4c0e-97f4-ede4c5bc644d: shutdown 8c8eae1d-dd67-4c0e-97f4-ede4c5bc644d@group-923F87AB690E-FollowerState
2021-04-10 01:06:59,901 [grpc-default-executor-5] INFO  impl.VoteContext (VoteContext.java:log(48)) - 361947c2-eecd-45e2-9da6-933f9372b1c6@group-923F87AB690E-CANDIDATE: accept ELECTION from 51a677ad-ae3c-4805-a988-993e59f99449: our priority 0 <= candidate's priority 1
2021-04-10 01:06:59,901 [grpc-default-executor-5] INFO  server.RaftServer$Division (RaftServerImpl.java:setRole(284)) - 361947c2-eecd-45e2-9da6-933f9372b1c6@group-923F87AB690E: changes role from CANDIDATE to FOLLOWER at term 4 for candidate:51a677ad-ae3c-4805-a988-993e59f99449
2021-04-10 01:06:59,901 [grpc-default-executor-3] INFO  impl.RoleInfo (RoleInfo.java:updateAndGet(130)) - 8c8eae1d-dd67-4c0e-97f4-ede4c5bc644d: start 8c8eae1d-dd67-4c0e-97f4-ede4c5bc644d@group-923F87AB690E-FollowerState
2021-04-10 01:06:59,902 [8c8eae1d-dd67-4c0e-97f4-ede4c5bc644d@group-923F87AB690E-FollowerState] INFO  impl.FollowerState (FollowerState.java:run(143)) - 8c8eae1d-dd67-4c0e-97f4-ede4c5bc644d@group-923F87AB690E-FollowerState was interrupted: {}
java.lang.InterruptedException: sleep interrupted
	at java.lang.Thread.sleep(Native Method)
	at java.lang.Thread.sleep(Thread.java:340)
	at java.util.concurrent.TimeUnit.sleep(TimeUnit.java:386)
	at org.apache.ratis.util.TimeDuration.sleep(TimeDuration.java:324)
	at org.apache.ratis.util.TimeDuration.sleep(TimeDuration.java:309)
	at org.apache.ratis.server.impl.FollowerState.run(FollowerState.java:118)
2021-04-10 01:06:59,901 [grpc-default-executor-5] INFO  impl.RoleInfo (RoleInfo.java:shutdownLeaderElection(121)) - 361947c2-eecd-45e2-9da6-933f9372b1c6: shutdown 361947c2-eecd-45e2-9da6-933f9372b1c6@group-923F87AB690E-LeaderElection70
2021-04-10 01:06:59,902 [grpc-default-executor-5] INFO  impl.RoleInfo (RoleInfo.java:updateAndGet(130)) - 361947c2-eecd-45e2-9da6-933f9372b1c6: start 361947c2-eecd-45e2-9da6-933f9372b1c6@group-923F87AB690E-FollowerState
2021-04-10 01:06:59,904 [grpc-default-executor-3] INFO  server.RaftServer$Division (RaftServerImpl.java:requestVote(1057)) - 8c8eae1d-dd67-4c0e-97f4-ede4c5bc644d@group-923F87AB690E replies to ELECTION vote request: 51a677ad-ae3c-4805-a988-993e59f99449<-8c8eae1d-dd67-4c0e-97f4-ede4c5bc644d#0:OK-t4. Peer's state: 8c8eae1d-dd67-4c0e-97f4-ede4c5bc644d@group-923F87AB690E:t4, leader=null, voted=51a677ad-ae3c-4805-a988-993e59f99449, raftlog=8c8eae1d-dd67-4c0e-97f4-ede4c5bc644d@group-923F87AB690E-SegmentedRaftLog:OPENED:c-1,f-1,i0, conf=-1: [361947c2-eecd-45e2-9da6-933f9372b1c6|rpc:172.17.0.2:46001|dataStream:|priority:0, 8c8eae1d-dd67-4c0e-97f4-ede4c5bc644d|rpc:172.17.0.2:39261|dataStream:|priority:0, 51a677ad-ae3c-4805-a988-993e59f99449|rpc:172.17.0.2:40287|dataStream:|priority:1], old=null
2021-04-10 01:06:59,905 [51a677ad-ae3c-4805-a988-993e59f99449@group-923F87AB690E-LeaderElection69] INFO  impl.LeaderElection (LeaderElection.java:logAndReturn(89)) - 51a677ad-ae3c-4805-a988-993e59f99449@group-923F87AB690E-LeaderElection69: ELECTION PASSED received 1 response(s) and 0 exception(s):
2021-04-10 01:06:59,905 [51a677ad-ae3c-4805-a988-993e59f99449@group-923F87AB690E-LeaderElection69] INFO  impl.LeaderElection (LeaderElection.java:logAndReturn(93)) -   Response 0: 51a677ad-ae3c-4805-a988-993e59f99449<-8c8eae1d-dd67-4c0e-97f4-ede4c5bc644d#0:OK-t4
2021-04-10 01:06:59,905 [51a677ad-ae3c-4805-a988-993e59f99449@group-923F87AB690E-LeaderElection69] INFO  impl.LeaderElection (LeaderElection.java:askForVotes(308)) - 51a677ad-ae3c-4805-a988-993e59f99449@group-923F87AB690E-LeaderElection69 ELECTION round 0: result PASSED
2021-04-10 01:06:59,905 [51a677ad-ae3c-4805-a988-993e59f99449@group-923F87AB690E-LeaderElection69] INFO  impl.RoleInfo (RoleInfo.java:shutdownLeaderElection(121)) - 51a677ad-ae3c-4805-a988-993e59f99449: shutdown 51a677ad-ae3c-4805-a988-993e59f99449@group-923F87AB690E-LeaderElection69
2021-04-10 01:06:59,905 [51a677ad-ae3c-4805-a988-993e59f99449@group-923F87AB690E-LeaderElection69] INFO  server.RaftServer$Division (RaftServerImpl.java:setRole(284)) - 51a677ad-ae3c-4805-a988-993e59f99449@group-923F87AB690E: changes role from CANDIDATE to LEADER at term 4 for changeToLeader
2021-04-10 01:06:59,905 [51a677ad-ae3c-4805-a988-993e59f99449@group-923F87AB690E-LeaderElection69] INFO  ratis.XceiverServerRatis (XceiverServerRatis.java:handleLeaderChangedNotification(906)) - Leader change notification received for group: group-923F87AB690E with new leaderId: 51a677ad-ae3c-4805-a988-993e59f99449
2021-04-10 01:06:59,905 [51a677ad-ae3c-4805-a988-993e59f99449@group-923F87AB690E-LeaderElection69] INFO  server.RaftServer$Division (ServerState.java:setLeader(271)) - 51a677ad-ae3c-4805-a988-993e59f99449@group-923F87AB690E: change Leader from null to 51a677ad-ae3c-4805-a988-993e59f99449 at term 4 for becomeLeader, leader elected after 20260ms
2021-04-10 01:06:59,905 [51a677ad-ae3c-4805-a988-993e59f99449@group-923F87AB690E-LeaderElection69] INFO  server.RaftServerConfigKeys (ConfUtils.java:logGet(44)) - raft.server.staging.catchup.gap = 1000 (default)
2021-04-10 01:06:59,905 [51a677ad-ae3c-4805-a988-993e59f99449@group-923F87AB690E-LeaderElection69] INFO  metrics.RatisMetrics (RatisMetrics.java:lambda$create$0(36)) - Creating Metrics Registry : ratis.log_appender.51a677ad-ae3c-4805-a988-993e59f99449@group-923F87AB690E
2021-04-10 01:06:59,906 [51a677ad-ae3c-4805-a988-993e59f99449@group-923F87AB690E-LeaderElection69] INFO  server.RaftServerConfigKeys (ConfUtils.java:logGet(44)) - raft.server.write.element-limit = 1024 (custom)
2021-04-10 01:06:59,906 [51a677ad-ae3c-4805-a988-993e59f99449@group-923F87AB690E-LeaderElection69] INFO  server.RaftServerConfigKeys (ConfUtils.java:logGet(44)) - raft.server.write.byte-limit = 1073741824 (custom)
2021-04-10 01:06:59,906 [51a677ad-ae3c-4805-a988-993e59f99449@group-923F87AB690E-LeaderElection69] INFO  server.RaftServerConfigKeys (ConfUtils.java:logGet(44)) - raft.server.watch.timeout = 3000ms (custom)
2021-04-10 01:06:59,906 [51a677ad-ae3c-4805-a988-993e59f99449@group-923F87AB690E-LeaderElection69] INFO  server.RaftServerConfigKeys (ConfUtils.java:logGet(44)) - raft.server.watch.timeout.denomination = 1s (default)
2021-04-10 01:06:59,906 [51a677ad-ae3c-4805-a988-993e59f99449@group-923F87AB690E-LeaderElection69] INFO  server.RaftServerConfigKeys (ConfUtils.java:logGet(44)) - raft.server.watch.element-limit = 65536 (default)
2021-04-10 01:06:59,907 [51a677ad-ae3c-4805-a988-993e59f99449@group-923F87AB690E-LeaderElection69] INFO  server.RaftServerConfigKeys (ConfUtils.java:logGet(44)) - raft.server.log.appender.snapshot.chunk.size.max = 16MB (=16777216) (default)
2021-04-10 01:06:59,907 [51a677ad-ae3c-4805-a988-993e59f99449@group-923F87AB690E-LeaderElection69] INFO  server.RaftServerConfigKeys (ConfUtils.java:logGet(44)) - raft.server.log.appender.buffer.byte-limit = 33554432 (custom)
2021-04-10 01:06:59,907 [51a677ad-ae3c-4805-a988-993e59f99449@group-923F87AB690E-LeaderElection69] INFO  server.RaftServerConfigKeys (ConfUtils.java:logGet(44)) - raft.server.log.appender.buffer.element-limit = 1 (custom)
2021-04-10 01:06:59,908 [EventQueue-PipelineReportForPipelineReportHandler] INFO  pipeline.PipelineManagerV2Impl (PipelineManagerV2Impl.java:openPipeline(263)) - Pipeline Pipeline[ Id: cc6f6b40-9f48-4411-b909-923f87ab690e, Nodes: 51a677ad-ae3c-4805-a988-993e59f99449{ip: 172.17.0.2, host: eab485fc2478, ports: [REPLICATION=38013, RATIS=40287, RATIS_ADMIN=40287, RATIS_SERVER=40287, STANDALONE=41031], networkLocation: /default-rack, certSerialId: null, persistedOpState: IN_SERVICE, persistedOpStateExpiryEpochSec: 0}361947c2-eecd-45e2-9da6-933f9372b1c6{ip: 172.17.0.2, host: eab485fc2478, ports: [REPLICATION=46669, RATIS=46001, RATIS_ADMIN=46001, RATIS_SERVER=46001, STANDALONE=40111], networkLocation: /default-rack, certSerialId: null, persistedOpState: IN_SERVICE, persistedOpStateExpiryEpochSec: 0}8c8eae1d-dd67-4c0e-97f4-ede4c5bc644d{ip: 172.17.0.2, host: eab485fc2478, ports: [REPLICATION=32941, RATIS=39261, RATIS_ADMIN=39261, RATIS_SERVER=39261, STANDALONE=45575], networkLocation: /default-rack, certSerialId: null, persistedOpState: IN_SERVICE, persistedOpStateExpiryEpochSec: 0}, Type:RATIS, Factor:THREE, State:ALLOCATED, leaderId:51a677ad-ae3c-4805-a988-993e59f99449, CreationTimestamp2021-04-10T01:06:37.080Z] moved to OPEN state
2021-04-10 01:06:59,909 [51a677ad-ae3c-4805-a988-993e59f99449@group-923F87AB690E-LeaderElection69] INFO  grpc.GrpcConfigKeys (ConfUtils.java:logGet(44)) - raft.grpc.server.leader.outstanding.appends.max = 128 (default)
2021-04-10 01:06:59,909 [51a677ad-ae3c-4805-a988-993e59f99449@group-923F87AB690E-LeaderElection69] INFO  server.RaftServerConfigKeys (ConfUtils.java:logGet(44)) - raft.server.rpc.request.timeout = 3000ms (default)
2021-04-10 01:06:59,909 [51a677ad-ae3c-4805-a988-993e59f99449@group-923F87AB690E-LeaderElection69] INFO  server.RaftServerConfigKeys (ConfUtils.java:logGet(44)) - raft.server.log.appender.install.snapshot.enabled = false (custom)
2021-04-10 01:06:59,909 [51a677ad-ae3c-4805-a988-993e59f99449@group-923F87AB690E-LeaderElection69] INFO  metrics.RatisMetrics (RatisMetrics.java:lambda$create$0(36)) - Creating Metrics Registry : ratis_grpc.log_appender.51a677ad-ae3c-4805-a988-993e59f99449@group-923F87AB690E
2021-04-10 01:06:59,910 [grpc-default-executor-5] INFO  server.RaftServer$Division (RaftServerImpl.java:requestVote(1057)) - 361947c2-eecd-45e2-9da6-933f9372b1c6@group-923F87AB690E replies to ELECTION vote request: 51a677ad-ae3c-4805-a988-993e59f99449<-361947c2-eecd-45e2-9da6-933f9372b1c6#0:OK-t4. Peer's state: 361947c2-eecd-45e2-9da6-933f9372b1c6@group-923F87AB690E:t4, leader=null, voted=51a677ad-ae3c-4805-a988-993e59f99449, raftlog=361947c2-eecd-45e2-9da6-933f9372b1c6@group-923F87AB690E-SegmentedRaftLog:OPENED:c-1,f-1,i0, conf=-1: [361947c2-eecd-45e2-9da6-933f9372b1c6|rpc:172.17.0.2:46001|priority:0, 8c8eae1d-dd67-4c0e-97f4-ede4c5bc644d|rpc:172.17.0.2:39261|priority:0, 51a677ad-ae3c-4805-a988-993e59f99449|rpc:172.17.0.2:40287|priority:1], old=null
2021-04-10 01:06:59,914 [51a677ad-ae3c-4805-a988-993e59f99449@group-923F87AB690E-LeaderElection69] INFO  server.RaftServerConfigKeys (ConfUtils.java:logGet(44)) - raft.server.log.appender.snapshot.chunk.size.max = 16MB (=16777216) (default)
2021-04-10 01:06:59,914 [51a677ad-ae3c-4805-a988-993e59f99449@group-923F87AB690E-LeaderElection69] INFO  server.RaftServerConfigKeys (ConfUtils.java:logGet(44)) - raft.server.log.appender.buffer.byte-limit = 33554432 (custom)
2021-04-10 01:06:59,914 [51a677ad-ae3c-4805-a988-993e59f99449@group-923F87AB690E-LeaderElection69] INFO  server.RaftServerConfigKeys (ConfUtils.java:logGet(44)) - raft.server.log.appender.buffer.element-limit = 1 (custom)
2021-04-10 01:06:59,914 [51a677ad-ae3c-4805-a988-993e59f99449@group-923F87AB690E-LeaderElection69] INFO  grpc.GrpcConfigKeys (ConfUtils.java:logGet(44)) - raft.grpc.server.leader.outstanding.appends.max = 128 (default)
2021-04-10 01:06:59,914 [51a677ad-ae3c-4805-a988-993e59f99449@group-923F87AB690E-LeaderElection69] INFO  server.RaftServerConfigKeys (ConfUtils.java:logGet(44)) - raft.server.rpc.request.timeout = 3000ms (default)
2021-04-10 01:06:59,914 [51a677ad-ae3c-4805-a988-993e59f99449@group-923F87AB690E-LeaderElection69] INFO  server.RaftServerConfigKeys (ConfUtils.java:logGet(44)) - raft.server.log.appender.install.snapshot.enabled = false (custom)
2021-04-10 01:06:59,916 [51a677ad-ae3c-4805-a988-993e59f99449@group-923F87AB690E-LeaderElection69] INFO  impl.RoleInfo (RoleInfo.java:updateAndGet(130)) - 51a677ad-ae3c-4805-a988-993e59f99449: start 51a677ad-ae3c-4805-a988-993e59f99449@group-923F87AB690E-LeaderStateImpl
2021-04-10 01:06:59,917 [51a677ad-ae3c-4805-a988-993e59f99449@group-923F87AB690E-LeaderElection69] INFO  segmented.SegmentedRaftLogWorker (SegmentedRaftLogWorker.java:startLogSegment(394)) - 51a677ad-ae3c-4805-a988-993e59f99449@group-923F87AB690E-SegmentedRaftLogWorker: Starting segment from index:0
2021-04-10 01:06:59,919 [51a677ad-ae3c-4805-a988-993e59f99449@group-923F87AB690E-SegmentedRaftLogWorker] INFO  segmented.SegmentedRaftLogWorker (SegmentedRaftLogWorker.java:execute(601)) - 51a677ad-ae3c-4805-a988-993e59f99449@group-923F87AB690E-SegmentedRaftLogWorker: created new log segment /github/workspace/mnt/ozone/hadoop-ozone/integration-test/target/test-dir/MiniOzoneClusterImpl-da946c58-7c29-4448-876e-997be65f487e/datanode-8/data/ratis/cc6f6b40-9f48-4411-b909-923f87ab690e/current/log_inprogress_0
2021-04-10 01:06:59,919 [51a677ad-ae3c-4805-a988-993e59f99449@group-923F87AB690E-LeaderElection69] INFO  server.RaftServer$Division (ServerState.java:setRaftConf(373)) - 51a677ad-ae3c-4805-a988-993e59f99449@group-923F87AB690E: set configuration 0: [361947c2-eecd-45e2-9da6-933f9372b1c6|rpc:172.17.0.2:46001|dataStream:|priority:0, 8c8eae1d-dd67-4c0e-97f4-ede4c5bc644d|rpc:172.17.0.2:39261|dataStream:|priority:0, 51a677ad-ae3c-4805-a988-993e59f99449|rpc:172.17.0.2:40287|dataStream:|priority:1], old=null
2021-04-10 01:06:59,929 [grpc-default-executor-5] INFO  ratis.XceiverServerRatis (XceiverServerRatis.java:handleLeaderChangedNotification(906)) - Leader change notification received for group: group-923F87AB690E with new leaderId: 51a677ad-ae3c-4805-a988-993e59f99449
2021-04-10 01:06:59,929 [grpc-default-executor-5] INFO  server.RaftServer$Division (ServerState.java:setLeader(271)) - 8c8eae1d-dd67-4c0e-97f4-ede4c5bc644d@group-923F87AB690E: change Leader from null to 51a677ad-ae3c-4805-a988-993e59f99449 at term 4 for appendEntries, leader elected after 20257ms
2021-04-10 01:06:59,930 [grpc-default-executor-4] INFO  ratis.XceiverServerRatis (XceiverServerRatis.java:handleLeaderChangedNotification(906)) - Leader change notification received for group: group-923F87AB690E with new leaderId: 51a677ad-ae3c-4805-a988-993e59f99449
2021-04-10 01:06:59,930 [grpc-default-executor-4] INFO  server.RaftServer$Division (ServerState.java:setLeader(271)) - 361947c2-eecd-45e2-9da6-933f9372b1c6@group-923F87AB690E: change Leader from null to 51a677ad-ae3c-4805-a988-993e59f99449 at term 4 for appendEntries, leader elected after 20310ms
2021-04-10 01:06:59,938 [grpc-default-executor-4] INFO  server.RaftServer$Division (ServerState.java:setRaftConf(373)) - 8c8eae1d-dd67-4c0e-97f4-ede4c5bc644d@group-923F87AB690E: set configuration 0: [361947c2-eecd-45e2-9da6-933f9372b1c6|rpc:172.17.0.2:46001|dataStream:|priority:0, 8c8eae1d-dd67-4c0e-97f4-ede4c5bc644d|rpc:172.17.0.2:39261|dataStream:|priority:0, 51a677ad-ae3c-4805-a988-993e59f99449|rpc:172.17.0.2:40287|dataStream:|priority:1], old=null
2021-04-10 01:06:59,939 [grpc-default-executor-4] INFO  segmented.SegmentedRaftLogWorker (SegmentedRaftLogWorker.java:startLogSegment(394)) - 8c8eae1d-dd67-4c0e-97f4-ede4c5bc644d@group-923F87AB690E-SegmentedRaftLogWorker: Starting segment from index:0
2021-04-10 01:06:59,944 [grpc-default-executor-4] INFO  server.RaftServer$Division (ServerState.java:setRaftConf(373)) - 361947c2-eecd-45e2-9da6-933f9372b1c6@group-923F87AB690E: set configuration 0: [361947c2-eecd-45e2-9da6-933f9372b1c6|rpc:172.17.0.2:46001|dataStream:|priority:0, 8c8eae1d-dd67-4c0e-97f4-ede4c5bc644d|rpc:172.17.0.2:39261|dataStream:|priority:0, 51a677ad-ae3c-4805-a988-993e59f99449|rpc:172.17.0.2:40287|dataStream:|priority:1], old=null
2021-04-10 01:06:59,945 [grpc-default-executor-4] INFO  segmented.SegmentedRaftLogWorker (SegmentedRaftLogWorker.java:startLogSegment(394)) - 361947c2-eecd-45e2-9da6-933f9372b1c6@group-923F87AB690E-SegmentedRaftLogWorker: Starting segment from index:0
2021-04-10 01:06:59,948 [8c8eae1d-dd67-4c0e-97f4-ede4c5bc644d@group-923F87AB690E-SegmentedRaftLogWorker] INFO  segmented.SegmentedRaftLogWorker (SegmentedRaftLogWorker.java:execute(601)) - 8c8eae1d-dd67-4c0e-97f4-ede4c5bc644d@group-923F87AB690E-SegmentedRaftLogWorker: created new log segment /github/workspace/mnt/ozone/hadoop-ozone/integration-test/target/test-dir/MiniOzoneClusterImpl-da946c58-7c29-4448-876e-997be65f487e/datanode-7/data/ratis/cc6f6b40-9f48-4411-b909-923f87ab690e/current/log_inprogress_0
2021-04-10 01:06:59,949 [361947c2-eecd-45e2-9da6-933f9372b1c6@group-923F87AB690E-SegmentedRaftLogWorker] INFO  segmented.SegmentedRaftLogWorker (SegmentedRaftLogWorker.java:execute(601)) - 361947c2-eecd-45e2-9da6-933f9372b1c6@group-923F87AB690E-SegmentedRaftLogWorker: created new log segment /github/workspace/mnt/ozone/hadoop-ozone/integration-test/target/test-dir/MiniOzoneClusterImpl-da946c58-7c29-4448-876e-997be65f487e/datanode-6/data/ratis/cc6f6b40-9f48-4411-b909-923f87ab690e/current/log_inprogress_0
2021-04-10 01:07:00,456 [Listener at 127.0.0.1/35629] INFO  ozoneimpl.OzoneContainer (OzoneContainer.java:stop(313)) - Attempting to stop container services.
2021-04-10 01:07:00,456 [ForkJoinPool.commonPool-worker-0] INFO  ozoneimpl.OzoneContainer (OzoneContainer.java:stop(313)) - Attempting to stop container services.
2021-04-10 01:07:00,457 [Listener at 127.0.0.1/35629] INFO  server.RaftServer (RaftServerProxy.java:lambda$close$6(391)) - 908f18a0-adb7-4061-877d-82f26c284a6d: close
2021-04-10 01:07:00,457 [ForkJoinPool.commonPool-worker-0] INFO  server.RaftServer (RaftServerProxy.java:lambda$close$6(391)) - 9eda0c20-f49c-4c2b-9c3e-213dec6e2110: close
2021-04-10 01:07:00,457 [Listener at 127.0.0.1/35629] INFO  server.RaftServer$Division (RaftServerImpl.java:lambda$close$4(406)) - 908f18a0-adb7-4061-877d-82f26c284a6d@group-BE40A02A58A0: shutdown
2021-04-10 01:07:00,457 [ForkJoinPool.commonPool-worker-0] INFO  server.RaftServer$Division (RaftServerImpl.java:lambda$close$4(406)) - 9eda0c20-f49c-4c2b-9c3e-213dec6e2110@group-4928F97E880E: shutdown
2021-04-10 01:07:00,457 [ForkJoinPool.commonPool-worker-0] INFO  util.JmxRegister (JmxRegister.java:unregister(73)) - Successfully un-registered JMX Bean with object name Ratis:service=RaftServer,group=group-4928F97E880E,id=9eda0c20-f49c-4c2b-9c3e-213dec6e2110
2021-04-10 01:07:00,458 [ForkJoinPool.commonPool-worker-0] INFO  impl.RoleInfo (RoleInfo.java:shutdownLeaderState(91)) - 9eda0c20-f49c-4c2b-9c3e-213dec6e2110: shutdown 9eda0c20-f49c-4c2b-9c3e-213dec6e2110@group-4928F97E880E-LeaderStateImpl
2021-04-10 01:07:00,457 [Listener at 127.0.0.1/35629] INFO  util.JmxRegister (JmxRegister.java:unregister(73)) - Successfully un-registered JMX Bean with object name Ratis:service=RaftServer,group=group-BE40A02A58A0,id=908f18a0-adb7-4061-877d-82f26c284a6d
2021-04-10 01:07:00,458 [Listener at 127.0.0.1/35629] INFO  impl.RoleInfo (RoleInfo.java:shutdownLeaderState(91)) - 908f18a0-adb7-4061-877d-82f26c284a6d: shutdown 908f18a0-adb7-4061-877d-82f26c284a6d@group-BE40A02A58A0-LeaderStateImpl
2021-04-10 01:07:00,458 [ForkJoinPool.commonPool-worker-0] INFO  impl.PendingRequests (PendingRequests.java:sendNotLeaderResponses(249)) - 9eda0c20-f49c-4c2b-9c3e-213dec6e2110@group-4928F97E880E-PendingRequests: sendNotLeaderResponses
2021-04-10 01:07:00,458 [Listener at 127.0.0.1/35629] INFO  impl.PendingRequests (PendingRequests.java:sendNotLeaderResponses(249)) - 908f18a0-adb7-4061-877d-82f26c284a6d@group-BE40A02A58A0-PendingRequests: sendNotLeaderResponses
2021-04-10 01:07:00,458 [ForkJoinPool.commonPool-worker-0] INFO  metrics.RatisMetrics (RatisMetrics.java:unregister(43)) - Unregistering Metrics Registry : ratis.log_appender.9eda0c20-f49c-4c2b-9c3e-213dec6e2110@group-4928F97E880E
2021-04-10 01:07:00,459 [Listener at 127.0.0.1/35629] INFO  metrics.RatisMetrics (RatisMetrics.java:unregister(43)) - Unregistering Metrics Registry : ratis.log_appender.908f18a0-adb7-4061-877d-82f26c284a6d@group-BE40A02A58A0
2021-04-10 01:07:00,459 [ForkJoinPool.commonPool-worker-0] INFO  metrics.RatisMetrics (RatisMetrics.java:unregister(43)) - Unregistering Metrics Registry : ratis.server.9eda0c20-f49c-4c2b-9c3e-213dec6e2110@group-4928F97E880E
2021-04-10 01:07:00,459 [Listener at 127.0.0.1/35629] INFO  metrics.RatisMetrics (RatisMetrics.java:unregister(43)) - Unregistering Metrics Registry : ratis.server.908f18a0-adb7-4061-877d-82f26c284a6d@group-BE40A02A58A0
2021-04-10 01:07:00,460 [9eda0c20-f49c-4c2b-9c3e-213dec6e2110@group-4928F97E880E-StateMachineUpdater] INFO  ratis.ContainerStateMachine (ContainerStateMachine.java:takeSnapshot(292)) - group-4928F97E880E: Taking a snapshot at:(t:1, i:0) file /github/workspace/mnt/ozone/hadoop-ozone/integration-test/target/test-dir/MiniOzoneClusterImpl-da946c58-7c29-4448-876e-997be65f487e/datanode-2/data/ratis/561ad3a2-252a-4327-a06d-4928f97e880e/sm/snapshot.1_0
2021-04-10 01:07:00,461 [Listener at 127.0.0.1/35629] INFO  impl.StateMachineUpdater (StateMachineUpdater.java:stopAndJoin(149)) - 908f18a0-adb7-4061-877d-82f26c284a6d@group-BE40A02A58A0-StateMachineUpdater: set stopIndex = 0
2021-04-10 01:07:00,461 [908f18a0-adb7-4061-877d-82f26c284a6d@group-BE40A02A58A0-StateMachineUpdater] INFO  ratis.ContainerStateMachine (ContainerStateMachine.java:takeSnapshot(292)) - group-BE40A02A58A0: Taking a snapshot at:(t:1, i:0) file /github/workspace/mnt/ozone/hadoop-ozone/integration-test/target/test-dir/MiniOzoneClusterImpl-da946c58-7c29-4448-876e-997be65f487e/datanode-4/data/ratis/715bc283-0cb5-4de9-9094-be40a02a58a0/sm/snapshot.1_0
2021-04-10 01:07:00,461 [ForkJoinPool.commonPool-worker-0] INFO  impl.StateMachineUpdater (StateMachineUpdater.java:stopAndJoin(149)) - 9eda0c20-f49c-4c2b-9c3e-213dec6e2110@group-4928F97E880E-StateMachineUpdater: set stopIndex = 0
2021-04-10 01:07:00,462 [9eda0c20-f49c-4c2b-9c3e-213dec6e2110@group-4928F97E880E-StateMachineUpdater] INFO  ratis.ContainerStateMachine (ContainerStateMachine.java:takeSnapshot(303)) - group-4928F97E880E: Finished taking a snapshot at:(t:1, i:0) file:/github/workspace/mnt/ozone/hadoop-ozone/integration-test/target/test-dir/MiniOzoneClusterImpl-da946c58-7c29-4448-876e-997be65f487e/datanode-2/data/ratis/561ad3a2-252a-4327-a06d-4928f97e880e/sm/snapshot.1_0 took: 1 ms
2021-04-10 01:07:00,462 [9eda0c20-f49c-4c2b-9c3e-213dec6e2110@group-4928F97E880E-StateMachineUpdater] INFO  impl.StateMachineUpdater (StateMachineUpdater.java:takeSnapshot(281)) - 9eda0c20-f49c-4c2b-9c3e-213dec6e2110@group-4928F97E880E-StateMachineUpdater: Took a snapshot at index 0
2021-04-10 01:07:00,462 [908f18a0-adb7-4061-877d-82f26c284a6d@group-BE40A02A58A0-StateMachineUpdater] INFO  ratis.ContainerStateMachine (ContainerStateMachine.java:takeSnapshot(303)) - group-BE40A02A58A0: Finished taking a snapshot at:(t:1, i:0) file:/github/workspace/mnt/ozone/hadoop-ozone/integration-test/target/test-dir/MiniOzoneClusterImpl-da946c58-7c29-4448-876e-997be65f487e/datanode-4/data/ratis/715bc283-0cb5-4de9-9094-be40a02a58a0/sm/snapshot.1_0 took: 1 ms
2021-04-10 01:07:00,462 [9eda0c20-f49c-4c2b-9c3e-213dec6e2110@group-4928F97E880E-StateMachineUpdater] INFO  impl.StateMachineUpdater (StateMachineUpdater.java:lambda$new$0(89)) - 9eda0c20-f49c-4c2b-9c3e-213dec6e2110@group-4928F97E880E-StateMachineUpdater: snapshotIndex: updateIncreasingly -1 -> 0
2021-04-10 01:07:00,462 [908f18a0-adb7-4061-877d-82f26c284a6d@group-BE40A02A58A0-StateMachineUpdater] INFO  impl.StateMachineUpdater (StateMachineUpdater.java:takeSnapshot(281)) - 908f18a0-adb7-4061-877d-82f26c284a6d@group-BE40A02A58A0-StateMachineUpdater: Took a snapshot at index 0
2021-04-10 01:07:00,462 [908f18a0-adb7-4061-877d-82f26c284a6d@group-BE40A02A58A0-StateMachineUpdater] INFO  impl.StateMachineUpdater (StateMachineUpdater.java:lambda$new$0(89)) - 908f18a0-adb7-4061-877d-82f26c284a6d@group-BE40A02A58A0-StateMachineUpdater: snapshotIndex: updateIncreasingly -1 -> 0
2021-04-10 01:07:00,462 [9eda0c20-f49c-4c2b-9c3e-213dec6e2110@group-4928F97E880E-StateMachineUpdater] INFO  metrics.RatisMetrics (RatisMetrics.java:unregister(43)) - Unregistering Metrics Registry : ratis.state_machine.9eda0c20-f49c-4c2b-9c3e-213dec6e2110@group-4928F97E880E
2021-04-10 01:07:00,463 [908f18a0-adb7-4061-877d-82f26c284a6d@group-BE40A02A58A0-StateMachineUpdater] INFO  metrics.RatisMetrics (RatisMetrics.java:unregister(43)) - Unregistering Metrics Registry : ratis.state_machine.908f18a0-adb7-4061-877d-82f26c284a6d@group-BE40A02A58A0
2021-04-10 01:07:00,463 [Listener at 127.0.0.1/35629] INFO  server.RaftServer$Division (ServerState.java:close(405)) - 908f18a0-adb7-4061-877d-82f26c284a6d@group-BE40A02A58A0: closes. applyIndex: 0
2021-04-10 01:07:00,463 [ForkJoinPool.commonPool-worker-0] INFO  server.RaftServer$Division (ServerState.java:close(405)) - 9eda0c20-f49c-4c2b-9c3e-213dec6e2110@group-4928F97E880E: closes. applyIndex: 0
2021-04-10 01:07:00,463 [908f18a0-adb7-4061-877d-82f26c284a6d@group-BE40A02A58A0-SegmentedRaftLogWorker] INFO  segmented.SegmentedRaftLogWorker (SegmentedRaftLogWorker.java:run(327)) - 908f18a0-adb7-4061-877d-82f26c284a6d@group-BE40A02A58A0-SegmentedRaftLogWorker was interrupted, exiting. There are 0 tasks remaining in the queue.
2021-04-10 01:07:00,469 [Listener at 127.0.0.1/35629] INFO  segmented.SegmentedRaftLogWorker (SegmentedRaftLogWorker.java:close(237)) - 908f18a0-adb7-4061-877d-82f26c284a6d@group-BE40A02A58A0-SegmentedRaftLogWorker close()
2021-04-10 01:07:00,469 [9eda0c20-f49c-4c2b-9c3e-213dec6e2110@group-4928F97E880E-SegmentedRaftLogWorker] INFO  segmented.SegmentedRaftLogWorker (SegmentedRaftLogWorker.java:run(327)) - 9eda0c20-f49c-4c2b-9c3e-213dec6e2110@group-4928F97E880E-SegmentedRaftLogWorker was interrupted, exiting. There are 0 tasks remaining in the queue.
2021-04-10 01:07:00,470 [ForkJoinPool.commonPool-worker-0] INFO  segmented.SegmentedRaftLogWorker (SegmentedRaftLogWorker.java:close(237)) - 9eda0c20-f49c-4c2b-9c3e-213dec6e2110@group-4928F97E880E-SegmentedRaftLogWorker close()
2021-04-10 01:07:00,472 [ForkJoinPool.commonPool-worker-0] INFO  metrics.RatisMetrics (RatisMetrics.java:unregister(43)) - Unregistering Metrics Registry : ratis.log_worker.9eda0c20-f49c-4c2b-9c3e-213dec6e2110@group-4928F97E880E
2021-04-10 01:07:00,472 [Listener at 127.0.0.1/35629] INFO  metrics.RatisMetrics (RatisMetrics.java:unregister(43)) - Unregistering Metrics Registry : ratis.log_worker.908f18a0-adb7-4061-877d-82f26c284a6d@group-BE40A02A58A0
2021-04-10 01:07:00,472 [ForkJoinPool.commonPool-worker-0] INFO  metrics.RatisMetrics (RatisMetrics.java:unregister(43)) - Unregistering Metrics Registry : ratis.leader_election.9eda0c20-f49c-4c2b-9c3e-213dec6e2110@group-4928F97E880E
2021-04-10 01:07:00,472 [ForkJoinPool.commonPool-worker-0] INFO  metrics.RatisMetrics (RatisMetrics.java:unregister(43)) - Unregistering Metrics Registry : ratis.server.9eda0c20-f49c-4c2b-9c3e-213dec6e2110@group-4928F97E880E
2021-04-10 01:07:00,472 [ForkJoinPool.commonPool-worker-0] INFO  server.RaftServer$Division (RaftServerImpl.java:lambda$close$4(406)) - 9eda0c20-f49c-4c2b-9c3e-213dec6e2110@group-0E929E22572F: shutdown
2021-04-10 01:07:00,473 [ForkJoinPool.commonPool-worker-0] INFO  util.JmxRegister (JmxRegister.java:unregister(73)) - Successfully un-registered JMX Bean with object name Ratis:service=RaftServer,group=group-0E929E22572F,id=9eda0c20-f49c-4c2b-9c3e-213dec6e2110
2021-04-10 01:07:00,473 [ForkJoinPool.commonPool-worker-0] INFO  impl.RoleInfo (RoleInfo.java:shutdownFollowerState(108)) - 9eda0c20-f49c-4c2b-9c3e-213dec6e2110: shutdown 9eda0c20-f49c-4c2b-9c3e-213dec6e2110@group-0E929E22572F-FollowerState
2021-04-10 01:07:00,473 [9eda0c20-f49c-4c2b-9c3e-213dec6e2110@group-0E929E22572F-StateMachineUpdater] INFO  metrics.RatisMetrics (RatisMetrics.java:unregister(43)) - Unregistering Metrics Registry : ratis.state_machine.9eda0c20-f49c-4c2b-9c3e-213dec6e2110@group-0E929E22572F
2021-04-10 01:07:00,473 [ForkJoinPool.commonPool-worker-0] INFO  impl.StateMachineUpdater (StateMachineUpdater.java:stopAndJoin(149)) - 9eda0c20-f49c-4c2b-9c3e-213dec6e2110@group-0E929E22572F-StateMachineUpdater: set stopIndex = -1
2021-04-10 01:07:00,473 [ForkJoinPool.commonPool-worker-0] INFO  server.RaftServer$Division (ServerState.java:close(405)) - 9eda0c20-f49c-4c2b-9c3e-213dec6e2110@group-0E929E22572F: closes. applyIndex: -1
2021-04-10 01:07:00,473 [9eda0c20-f49c-4c2b-9c3e-213dec6e2110@group-0E929E22572F-SegmentedRaftLogWorker] INFO  segmented.SegmentedRaftLogWorker (SegmentedRaftLogWorker.java:run(327)) - 9eda0c20-f49c-4c2b-9c3e-213dec6e2110@group-0E929E22572F-SegmentedRaftLogWorker was interrupted, exiting. There are 0 tasks remaining in the queue.
2021-04-10 01:07:00,473 [ForkJoinPool.commonPool-worker-0] INFO  segmented.SegmentedRaftLogWorker (SegmentedRaftLogWorker.java:close(237)) - 9eda0c20-f49c-4c2b-9c3e-213dec6e2110@group-0E929E22572F-SegmentedRaftLogWorker close()
2021-04-10 01:07:00,472 [Listener at 127.0.0.1/35629] INFO  metrics.RatisMetrics (RatisMetrics.java:unregister(43)) - Unregistering Metrics Registry : ratis.leader_election.908f18a0-adb7-4061-877d-82f26c284a6d@group-BE40A02A58A0
2021-04-10 01:07:00,475 [Listener at 127.0.0.1/35629] INFO  metrics.RatisMetrics (RatisMetrics.java:unregister(43)) - Unregistering Metrics Registry : ratis.server.908f18a0-adb7-4061-877d-82f26c284a6d@group-BE40A02A58A0
2021-04-10 01:07:00,475 [Listener at 127.0.0.1/35629] INFO  server.RaftServer$Division (RaftServerImpl.java:lambda$close$4(406)) - 908f18a0-adb7-4061-877d-82f26c284a6d@group-0760CCC17729: shutdown
2021-04-10 01:07:00,476 [Listener at 127.0.0.1/35629] INFO  util.JmxRegister (JmxRegister.java:unregister(73)) - Successfully un-registered JMX Bean with object name Ratis:service=RaftServer,group=group-0760CCC17729,id=908f18a0-adb7-4061-877d-82f26c284a6d
2021-04-10 01:07:00,476 [Listener at 127.0.0.1/35629] INFO  impl.RoleInfo (RoleInfo.java:shutdownFollowerState(108)) - 908f18a0-adb7-4061-877d-82f26c284a6d: shutdown 908f18a0-adb7-4061-877d-82f26c284a6d@group-0760CCC17729-FollowerState
2021-04-10 01:07:00,475 [ForkJoinPool.commonPool-worker-0] INFO  metrics.RatisMetrics (RatisMetrics.java:unregister(43)) - Unregistering Metrics Registry : ratis.log_worker.9eda0c20-f49c-4c2b-9c3e-213dec6e2110@group-0E929E22572F
2021-04-10 01:07:00,473 [9eda0c20-f49c-4c2b-9c3e-213dec6e2110@group-0E929E22572F-FollowerState] INFO  impl.FollowerState (FollowerState.java:run(143)) - 9eda0c20-f49c-4c2b-9c3e-213dec6e2110@group-0E929E22572F-FollowerState was interrupted: {}
java.lang.InterruptedException: sleep interrupted
	at java.lang.Thread.sleep(Native Method)
	at java.lang.Thread.sleep(Thread.java:340)
	at java.util.concurrent.TimeUnit.sleep(TimeUnit.java:386)
	at org.apache.ratis.util.TimeDuration.sleep(TimeDuration.java:324)
	at org.apache.ratis.util.TimeDuration.sleep(TimeDuration.java:309)
	at org.apache.ratis.server.impl.FollowerState.run(FollowerState.java:118)
2021-04-10 01:07:00,477 [Listener at 127.0.0.1/35629] INFO  impl.StateMachineUpdater (StateMachineUpdater.java:stopAndJoin(149)) - 908f18a0-adb7-4061-877d-82f26c284a6d@group-0760CCC17729-StateMachineUpdater: set stopIndex = -1
2021-04-10 01:07:00,476 [908f18a0-adb7-4061-877d-82f26c284a6d@group-0760CCC17729-FollowerState] INFO  impl.FollowerState (FollowerState.java:run(143)) - 908f18a0-adb7-4061-877d-82f26c284a6d@group-0760CCC17729-FollowerState was interrupted: {}
java.lang.InterruptedException: sleep interrupted
	at java.lang.Thread.sleep(Native Method)
	at java.lang.Thread.sleep(Thread.java:340)
	at java.util.concurrent.TimeUnit.sleep(TimeUnit.java:386)
	at org.apache.ratis.util.TimeDuration.sleep(TimeDuration.java:324)
	at org.apache.ratis.util.TimeDuration.sleep(TimeDuration.java:309)
	at org.apache.ratis.server.impl.FollowerState.run(FollowerState.java:118)
2021-04-10 01:07:00,476 [ForkJoinPool.commonPool-worker-0] INFO  metrics.RatisMetrics (RatisMetrics.java:unregister(43)) - Unregistering Metrics Registry : ratis.leader_election.9eda0c20-f49c-4c2b-9c3e-213dec6e2110@group-0E929E22572F
2021-04-10 01:07:00,477 [908f18a0-adb7-4061-877d-82f26c284a6d@group-0760CCC17729-StateMachineUpdater] INFO  metrics.RatisMetrics (RatisMetrics.java:unregister(43)) - Unregistering Metrics Registry : ratis.state_machine.908f18a0-adb7-4061-877d-82f26c284a6d@group-0760CCC17729
2021-04-10 01:07:00,478 [ForkJoinPool.commonPool-worker-0] INFO  metrics.RatisMetrics (RatisMetrics.java:unregister(43)) - Unregistering Metrics Registry : ratis.server.9eda0c20-f49c-4c2b-9c3e-213dec6e2110@group-0E929E22572F
2021-04-10 01:07:00,478 [ForkJoinPool.commonPool-worker-0] INFO  server.GrpcService (GrpcService.java:closeImpl(262)) - 9eda0c20-f49c-4c2b-9c3e-213dec6e2110: shutdown server with port 40767 now
2021-04-10 01:07:00,478 [Listener at 127.0.0.1/35629] INFO  server.RaftServer$Division (ServerState.java:close(405)) - 908f18a0-adb7-4061-877d-82f26c284a6d@group-0760CCC17729: closes. applyIndex: -1
2021-04-10 01:07:00,480 [908f18a0-adb7-4061-877d-82f26c284a6d@group-0760CCC17729-SegmentedRaftLogWorker] INFO  segmented.SegmentedRaftLogWorker (SegmentedRaftLogWorker.java:run(327)) - 908f18a0-adb7-4061-877d-82f26c284a6d@group-0760CCC17729-SegmentedRaftLogWorker was interrupted, exiting. There are 0 tasks remaining in the queue.
2021-04-10 01:07:00,481 [ForkJoinPool.commonPool-worker-0] INFO  server.GrpcService (GrpcService.java:closeImpl(271)) - 9eda0c20-f49c-4c2b-9c3e-213dec6e2110: shutdown server with port 40767 successfully
2021-04-10 01:07:00,481 [org.apache.ratis.util.JvmPauseMonitor$$Lambda$503/290751331@19775c12] INFO  util.JvmPauseMonitor (JvmPauseMonitor.java:run(109)) - JvmPauseMonitor-9eda0c20-f49c-4c2b-9c3e-213dec6e2110: Stopped
2021-04-10 01:07:00,481 [Listener at 127.0.0.1/35629] INFO  segmented.SegmentedRaftLogWorker (SegmentedRaftLogWorker.java:close(237)) - 908f18a0-adb7-4061-877d-82f26c284a6d@group-0760CCC17729-SegmentedRaftLogWorker close()
2021-04-10 01:07:00,487 [Listener at 127.0.0.1/35629] INFO  metrics.RatisMetrics (RatisMetrics.java:unregister(43)) - Unregistering Metrics Registry : ratis.log_worker.908f18a0-adb7-4061-877d-82f26c284a6d@group-0760CCC17729
2021-04-10 01:07:00,488 [Listener at 127.0.0.1/35629] INFO  metrics.RatisMetrics (RatisMetrics.java:unregister(43)) - Unregistering Metrics Registry : ratis.leader_election.908f18a0-adb7-4061-877d-82f26c284a6d@group-0760CCC17729
2021-04-10 01:07:00,488 [Listener at 127.0.0.1/35629] INFO  metrics.RatisMetrics (RatisMetrics.java:unregister(43)) - Unregistering Metrics Registry : ratis.server.908f18a0-adb7-4061-877d-82f26c284a6d@group-0760CCC17729
2021-04-10 01:07:00,492 [ForkJoinPool.commonPool-worker-0] INFO  utils.BackgroundService (BackgroundService.java:shutdown(132)) - Shutting down service BlockDeletingService
2021-04-10 01:07:00,494 [Listener at 127.0.0.1/35629] INFO  server.GrpcService (GrpcService.java:closeImpl(262)) - 908f18a0-adb7-4061-877d-82f26c284a6d: shutdown server with port 38461 now
2021-04-10 01:07:00,503 [ForkJoinPool.commonPool-worker-0] INFO  statemachine.DatanodeStateMachine (DatanodeStateMachine.java:stopDaemon(469)) - Ozone container server stopped.
2021-04-10 01:07:00,506 [Listener at 127.0.0.1/35629] INFO  server.GrpcService (GrpcService.java:closeImpl(271)) - 908f18a0-adb7-4061-877d-82f26c284a6d: shutdown server with port 38461 successfully
2021-04-10 01:07:00,507 [org.apache.ratis.util.JvmPauseMonitor$$Lambda$503/290751331@453adf5d] INFO  util.JvmPauseMonitor (JvmPauseMonitor.java:run(109)) - JvmPauseMonitor-908f18a0-adb7-4061-877d-82f26c284a6d: Stopped
2021-04-10 01:07:00,508 [Listener at 127.0.0.1/35629] INFO  utils.BackgroundService (BackgroundService.java:shutdown(132)) - Shutting down service BlockDeletingService
2021-04-10 01:07:00,513 [Listener at 127.0.0.1/35629] INFO  statemachine.DatanodeStateMachine (DatanodeStateMachine.java:stopDaemon(469)) - Ozone container server stopped.
2021-04-10 01:07:00,524 [ForkJoinPool.commonPool-worker-0] INFO  handler.ContextHandler (ContextHandler.java:doStop(1154)) - Stopped o.e.j.w.WebAppContext@2224628d{hddsDatanode,/,null,STOPPED}{jar:file:/home/user/.m2/repository/org/apache/hadoop/hadoop-hdds-container-service/1.1.0-SNAPSHOT/hadoop-hdds-container-service-1.1.0-SNAPSHOT.jar!/webapps/hddsDatanode}
2021-04-10 01:07:00,524 [ForkJoinPool.commonPool-worker-0] INFO  server.AbstractConnector (AbstractConnector.java:doStop(381)) - Stopped ServerConnector@42f623e1{HTTP/1.1, (http/1.1)}{0.0.0.0:0}
2021-04-10 01:07:00,524 [ForkJoinPool.commonPool-worker-0] INFO  server.session (HouseKeeper.java:stopScavenging(149)) - node0 Stopped scavenging
2021-04-10 01:07:00,527 [ForkJoinPool.commonPool-worker-0] INFO  handler.ContextHandler (ContextHandler.java:doStop(1154)) - Stopped o.e.j.s.ServletContextHandler@3f4f70ca{static,/static,jar:file:/home/user/.m2/repository/org/apache/hadoop/hadoop-hdds-container-service/1.1.0-SNAPSHOT/hadoop-hdds-container-service-1.1.0-SNAPSHOT.jar!/webapps/static,STOPPED}
2021-04-10 01:07:00,527 [Listener at 127.0.0.1/35629] INFO  handler.ContextHandler (ContextHandler.java:doStop(1154)) - Stopped o.e.j.w.WebAppContext@6b0e9e{hddsDatanode,/,null,STOPPED}{jar:file:/home/user/.m2/repository/org/apache/hadoop/hadoop-hdds-container-service/1.1.0-SNAPSHOT/hadoop-hdds-container-service-1.1.0-SNAPSHOT.jar!/webapps/hddsDatanode}
2021-04-10 01:07:00,527 [ForkJoinPool.commonPool-worker-0] INFO  handler.ContextHandler (ContextHandler.java:doStop(1154)) - Stopped o.e.j.s.ServletContextHandler@5ea8b13c{logs,/logs,file:///github/workspace/mnt/ozone/hadoop-ozone/integration-test/target/log,STOPPED}
2021-04-10 01:07:00,527 [Listener at 127.0.0.1/35629] INFO  server.AbstractConnector (AbstractConnector.java:doStop(381)) - Stopped ServerConnector@74a4a82a{HTTP/1.1, (http/1.1)}{0.0.0.0:0}
2021-04-10 01:07:00,528 [Listener at 127.0.0.1/35629] INFO  server.session (HouseKeeper.java:stopScavenging(149)) - node0 Stopped scavenging
2021-04-10 01:07:00,530 [Listener at 127.0.0.1/35629] INFO  handler.ContextHandler (ContextHandler.java:doStop(1154)) - Stopped o.e.j.s.ServletContextHandler@66ee50b6{static,/static,jar:file:/home/user/.m2/repository/org/apache/hadoop/hadoop-hdds-container-service/1.1.0-SNAPSHOT/hadoop-hdds-container-service-1.1.0-SNAPSHOT.jar!/webapps/static,STOPPED}
2021-04-10 01:07:00,531 [Listener at 127.0.0.1/35629] INFO  handler.ContextHandler (ContextHandler.java:doStop(1154)) - Stopped o.e.j.s.ServletContextHandler@7cd3c0c{logs,/logs,file:///github/workspace/mnt/ozone/hadoop-ozone/integration-test/target/log,STOPPED}
2021-04-10 01:07:01,014 [Datanode State Machine Thread - 0] INFO  statemachine.DatanodeStateMachine (DatanodeStateMachine.java:lambda$startDaemon$0(411)) - Ozone container server started.
2021-04-10 01:07:01,477 [Datanode State Machine Thread - 0] INFO  statemachine.DatanodeStateMachine (DatanodeStateMachine.java:lambda$startDaemon$0(411)) - Ozone container server started.
2021-04-10 01:07:03,625 [21f15bd4-cfa2-4f88-85d5-ad2919bb380f@group-0E929E22572F-FollowerState] INFO  impl.FollowerState (FollowerState.java:run(134)) - 21f15bd4-cfa2-4f88-85d5-ad2919bb380f@group-0E929E22572F-FollowerState: change to CANDIDATE, lastRpcElapsedTime:5065506626ns, electionTimeout:5064ms
2021-04-10 01:07:03,625 [21f15bd4-cfa2-4f88-85d5-ad2919bb380f@group-0E929E22572F-FollowerState] INFO  impl.RoleInfo (RoleInfo.java:shutdownFollowerState(108)) - 21f15bd4-cfa2-4f88-85d5-ad2919bb380f: shutdown 21f15bd4-cfa2-4f88-85d5-ad2919bb380f@group-0E929E22572F-FollowerState
2021-04-10 01:07:03,626 [21f15bd4-cfa2-4f88-85d5-ad2919bb380f@group-0E929E22572F-FollowerState] INFO  server.RaftServer$Division (RaftServerImpl.java:setRole(284)) - 21f15bd4-cfa2-4f88-85d5-ad2919bb380f@group-0E929E22572F: changes role from  FOLLOWER to CANDIDATE at term 4 for changeToCandidate
2021-04-10 01:07:03,626 [21f15bd4-cfa2-4f88-85d5-ad2919bb380f@group-0E929E22572F-FollowerState] INFO  server.RaftServerConfigKeys (ConfUtils.java:logGet(44)) - raft.server.leaderelection.pre-vote = false (custom)
2021-04-10 01:07:03,626 [21f15bd4-cfa2-4f88-85d5-ad2919bb380f@group-0E929E22572F-FollowerState] INFO  impl.RoleInfo (RoleInfo.java:updateAndGet(130)) - 21f15bd4-cfa2-4f88-85d5-ad2919bb380f: start 21f15bd4-cfa2-4f88-85d5-ad2919bb380f@group-0E929E22572F-LeaderElection71
2021-04-10 01:07:03,628 [21f15bd4-cfa2-4f88-85d5-ad2919bb380f@group-0E929E22572F-LeaderElection71] INFO  impl.LeaderElection (LeaderElection.java:askForVotes(306)) - 21f15bd4-cfa2-4f88-85d5-ad2919bb380f@group-0E929E22572F-LeaderElection71 ELECTION round 0: submit vote requests at term 5 for -1: [21f15bd4-cfa2-4f88-85d5-ad2919bb380f|rpc:172.17.0.2:35987|dataStream:|priority:0, c76c366c-8643-4ee1-839d-0bd7e1d17140|rpc:172.17.0.2:37239|dataStream:|priority:0, 9eda0c20-f49c-4c2b-9c3e-213dec6e2110|rpc:172.17.0.2:40767|dataStream:|priority:1], old=null
2021-04-10 01:07:03,630 [21f15bd4-cfa2-4f88-85d5-ad2919bb380f@group-0E929E22572F-LeaderElection71] INFO  impl.LeaderElection (LogUtils.java:infoOrTrace(137)) - 21f15bd4-cfa2-4f88-85d5-ad2919bb380f@group-0E929E22572F-LeaderElection71 got exception when requesting votes: java.util.concurrent.ExecutionException: org.apache.ratis.thirdparty.io.grpc.StatusRuntimeException: UNAVAILABLE: io exception
2021-04-10 01:07:03,630 [grpc-default-executor-5] INFO  server.RaftServer$Division (RaftServerImpl.java:requestVote(1025)) - c76c366c-8643-4ee1-839d-0bd7e1d17140@group-0E929E22572F: receive requestVote(ELECTION, 21f15bd4-cfa2-4f88-85d5-ad2919bb380f, group-0E929E22572F, 5, (t:0, i:0))
2021-04-10 01:07:03,630 [grpc-default-executor-5] INFO  impl.VoteContext (VoteContext.java:log(48)) - c76c366c-8643-4ee1-839d-0bd7e1d17140@group-0E929E22572F-FOLLOWER: accept ELECTION from 21f15bd4-cfa2-4f88-85d5-ad2919bb380f: our priority 0 <= candidate's priority 0
2021-04-10 01:07:03,631 [grpc-default-executor-5] INFO  server.RaftServer$Division (RaftServerImpl.java:setRole(284)) - c76c366c-8643-4ee1-839d-0bd7e1d17140@group-0E929E22572F: changes role from  FOLLOWER to FOLLOWER at term 5 for candidate:21f15bd4-cfa2-4f88-85d5-ad2919bb380f
2021-04-10 01:07:03,631 [grpc-default-executor-5] INFO  impl.RoleInfo (RoleInfo.java:shutdownFollowerState(108)) - c76c366c-8643-4ee1-839d-0bd7e1d17140: shutdown c76c366c-8643-4ee1-839d-0bd7e1d17140@group-0E929E22572F-FollowerState
2021-04-10 01:07:03,631 [grpc-default-executor-5] INFO  impl.RoleInfo (RoleInfo.java:updateAndGet(130)) - c76c366c-8643-4ee1-839d-0bd7e1d17140: start c76c366c-8643-4ee1-839d-0bd7e1d17140@group-0E929E22572F-FollowerState
2021-04-10 01:07:03,631 [c76c366c-8643-4ee1-839d-0bd7e1d17140@group-0E929E22572F-FollowerState] INFO  impl.FollowerState (FollowerState.java:run(143)) - c76c366c-8643-4ee1-839d-0bd7e1d17140@group-0E929E22572F-FollowerState was interrupted: {}
java.lang.InterruptedException: sleep interrupted
	at java.lang.Thread.sleep(Native Method)
	at java.lang.Thread.sleep(Thread.java:340)
	at java.util.concurrent.TimeUnit.sleep(TimeUnit.java:386)
	at org.apache.ratis.util.TimeDuration.sleep(TimeDuration.java:324)
	at org.apache.ratis.util.TimeDuration.sleep(TimeDuration.java:309)
	at org.apache.ratis.server.impl.FollowerState.run(FollowerState.java:118)
2021-04-10 01:07:03,632 [grpc-default-executor-5] INFO  server.RaftServer$Division (RaftServerImpl.java:requestVote(1057)) - c76c366c-8643-4ee1-839d-0bd7e1d17140@group-0E929E22572F replies to ELECTION vote request: 21f15bd4-cfa2-4f88-85d5-ad2919bb380f<-c76c366c-8643-4ee1-839d-0bd7e1d17140#0:OK-t5. Peer's state: c76c366c-8643-4ee1-839d-0bd7e1d17140@group-0E929E22572F:t5, leader=null, voted=21f15bd4-cfa2-4f88-85d5-ad2919bb380f, raftlog=c76c366c-8643-4ee1-839d-0bd7e1d17140@group-0E929E22572F-SegmentedRaftLog:OPENED:c-1,f-1,i0, conf=-1: [21f15bd4-cfa2-4f88-85d5-ad2919bb380f|rpc:172.17.0.2:35987|priority:0, c76c366c-8643-4ee1-839d-0bd7e1d17140|rpc:172.17.0.2:37239|priority:0, 9eda0c20-f49c-4c2b-9c3e-213dec6e2110|rpc:172.17.0.2:40767|priority:1], old=null
2021-04-10 01:07:03,633 [21f15bd4-cfa2-4f88-85d5-ad2919bb380f@group-0E929E22572F-LeaderElection71] INFO  impl.LeaderElection (LeaderElection.java:logAndReturn(89)) - 21f15bd4-cfa2-4f88-85d5-ad2919bb380f@group-0E929E22572F-LeaderElection71: ELECTION PASSED received 1 response(s) and 1 exception(s):
2021-04-10 01:07:03,633 [21f15bd4-cfa2-4f88-85d5-ad2919bb380f@group-0E929E22572F-LeaderElection71] INFO  impl.LeaderElection (LeaderElection.java:logAndReturn(93)) -   Response 0: 21f15bd4-cfa2-4f88-85d5-ad2919bb380f<-c76c366c-8643-4ee1-839d-0bd7e1d17140#0:OK-t5
2021-04-10 01:07:03,633 [21f15bd4-cfa2-4f88-85d5-ad2919bb380f@group-0E929E22572F-LeaderElection71] INFO  impl.LeaderElection (LogUtils.java:infoOrTrace(137)) -   Exception 1: java.util.concurrent.ExecutionException: org.apache.ratis.thirdparty.io.grpc.StatusRuntimeException: UNAVAILABLE: io exception
2021-04-10 01:07:03,633 [21f15bd4-cfa2-4f88-85d5-ad2919bb380f@group-0E929E22572F-LeaderElection71] INFO  impl.LeaderElection (LeaderElection.java:askForVotes(308)) - 21f15bd4-cfa2-4f88-85d5-ad2919bb380f@group-0E929E22572F-LeaderElection71 ELECTION round 0: result PASSED
2021-04-10 01:07:03,633 [21f15bd4-cfa2-4f88-85d5-ad2919bb380f@group-0E929E22572F-LeaderElection71] INFO  impl.RoleInfo (RoleInfo.java:shutdownLeaderElection(121)) - 21f15bd4-cfa2-4f88-85d5-ad2919bb380f: shutdown 21f15bd4-cfa2-4f88-85d5-ad2919bb380f@group-0E929E22572F-LeaderElection71
2021-04-10 01:07:03,633 [21f15bd4-cfa2-4f88-85d5-ad2919bb380f@group-0E929E22572F-LeaderElection71] INFO  server.RaftServer$Division (RaftServerImpl.java:setRole(284)) - 21f15bd4-cfa2-4f88-85d5-ad2919bb380f@group-0E929E22572F: changes role from CANDIDATE to LEADER at term 5 for changeToLeader
2021-04-10 01:07:03,633 [21f15bd4-cfa2-4f88-85d5-ad2919bb380f@group-0E929E22572F-LeaderElection71] INFO  ratis.XceiverServerRatis (XceiverServerRatis.java:handleLeaderChangedNotification(906)) - Leader change notification received for group: group-0E929E22572F with new leaderId: 21f15bd4-cfa2-4f88-85d5-ad2919bb380f
2021-04-10 01:07:03,634 [21f15bd4-cfa2-4f88-85d5-ad2919bb380f@group-0E929E22572F-LeaderElection71] INFO  server.RaftServer$Division (ServerState.java:setLeader(271)) - 21f15bd4-cfa2-4f88-85d5-ad2919bb380f@group-0E929E22572F: change Leader from null to 21f15bd4-cfa2-4f88-85d5-ad2919bb380f at term 5 for becomeLeader, leader elected after 25286ms
2021-04-10 01:07:03,634 [21f15bd4-cfa2-4f88-85d5-ad2919bb380f@group-0E929E22572F-LeaderElection71] INFO  server.RaftServerConfigKeys (ConfUtils.java:logGet(44)) - raft.server.staging.catchup.gap = 1000 (default)
2021-04-10 01:07:03,634 [21f15bd4-cfa2-4f88-85d5-ad2919bb380f@group-0E929E22572F-LeaderElection71] INFO  metrics.RatisMetrics (RatisMetrics.java:lambda$create$0(36)) - Creating Metrics Registry : ratis.log_appender.21f15bd4-cfa2-4f88-85d5-ad2919bb380f@group-0E929E22572F
2021-04-10 01:07:03,634 [21f15bd4-cfa2-4f88-85d5-ad2919bb380f@group-0E929E22572F-LeaderElection71] INFO  server.RaftServerConfigKeys (ConfUtils.java:logGet(44)) - raft.server.write.element-limit = 1024 (custom)
2021-04-10 01:07:03,634 [21f15bd4-cfa2-4f88-85d5-ad2919bb380f@group-0E929E22572F-LeaderElection71] INFO  server.RaftServerConfigKeys (ConfUtils.java:logGet(44)) - raft.server.write.byte-limit = 1073741824 (custom)
2021-04-10 01:07:03,634 [21f15bd4-cfa2-4f88-85d5-ad2919bb380f@group-0E929E22572F-LeaderElection71] INFO  server.RaftServerConfigKeys (ConfUtils.java:logGet(44)) - raft.server.watch.timeout = 3000ms (custom)
2021-04-10 01:07:03,635 [21f15bd4-cfa2-4f88-85d5-ad2919bb380f@group-0E929E22572F-LeaderElection71] INFO  server.RaftServerConfigKeys (ConfUtils.java:logGet(44)) - raft.server.watch.timeout.denomination = 1s (default)
2021-04-10 01:07:03,635 [21f15bd4-cfa2-4f88-85d5-ad2919bb380f@group-0E929E22572F-LeaderElection71] INFO  server.RaftServerConfigKeys (ConfUtils.java:logGet(44)) - raft.server.watch.element-limit = 65536 (default)
2021-04-10 01:07:03,635 [21f15bd4-cfa2-4f88-85d5-ad2919bb380f@group-0E929E22572F-LeaderElection71] INFO  server.RaftServerConfigKeys (ConfUtils.java:logGet(44)) - raft.server.log.appender.snapshot.chunk.size.max = 16MB (=16777216) (default)
2021-04-10 01:07:03,635 [21f15bd4-cfa2-4f88-85d5-ad2919bb380f@group-0E929E22572F-LeaderElection71] INFO  server.RaftServerConfigKeys (ConfUtils.java:logGet(44)) - raft.server.log.appender.buffer.byte-limit = 33554432 (custom)
2021-04-10 01:07:03,635 [21f15bd4-cfa2-4f88-85d5-ad2919bb380f@group-0E929E22572F-LeaderElection71] INFO  server.RaftServerConfigKeys (ConfUtils.java:logGet(44)) - raft.server.log.appender.buffer.element-limit = 1 (custom)
2021-04-10 01:07:03,635 [21f15bd4-cfa2-4f88-85d5-ad2919bb380f@group-0E929E22572F-LeaderElection71] INFO  grpc.GrpcConfigKeys (ConfUtils.java:logGet(44)) - raft.grpc.server.leader.outstanding.appends.max = 128 (default)
2021-04-10 01:07:03,635 [21f15bd4-cfa2-4f88-85d5-ad2919bb380f@group-0E929E22572F-LeaderElection71] INFO  server.RaftServerConfigKeys (ConfUtils.java:logGet(44)) - raft.server.rpc.request.timeout = 3000ms (default)
2021-04-10 01:07:03,635 [21f15bd4-cfa2-4f88-85d5-ad2919bb380f@group-0E929E22572F-LeaderElection71] INFO  server.RaftServerConfigKeys (ConfUtils.java:logGet(44)) - raft.server.log.appender.install.snapshot.enabled = false (custom)
2021-04-10 01:07:03,635 [21f15bd4-cfa2-4f88-85d5-ad2919bb380f@group-0E929E22572F-LeaderElection71] INFO  metrics.RatisMetrics (RatisMetrics.java:lambda$create$0(36)) - Creating Metrics Registry : ratis_grpc.log_appender.21f15bd4-cfa2-4f88-85d5-ad2919bb380f@group-0E929E22572F
2021-04-10 01:07:03,637 [21f15bd4-cfa2-4f88-85d5-ad2919bb380f@group-0E929E22572F-LeaderElection71] INFO  server.RaftServerConfigKeys (ConfUtils.java:logGet(44)) - raft.server.log.appender.snapshot.chunk.size.max = 16MB (=16777216) (default)
2021-04-10 01:07:03,637 [21f15bd4-cfa2-4f88-85d5-ad2919bb380f@group-0E929E22572F-LeaderElection71] INFO  server.RaftServerConfigKeys (ConfUtils.java:logGet(44)) - raft.server.log.appender.buffer.byte-limit = 33554432 (custom)
2021-04-10 01:07:03,637 [21f15bd4-cfa2-4f88-85d5-ad2919bb380f@group-0E929E22572F-LeaderElection71] INFO  server.RaftServerConfigKeys (ConfUtils.java:logGet(44)) - raft.server.log.appender.buffer.element-limit = 1 (custom)
2021-04-10 01:07:03,637 [21f15bd4-cfa2-4f88-85d5-ad2919bb380f@group-0E929E22572F-LeaderElection71] INFO  grpc.GrpcConfigKeys (ConfUtils.java:logGet(44)) - raft.grpc.server.leader.outstanding.appends.max = 128 (default)
2021-04-10 01:07:03,637 [21f15bd4-cfa2-4f88-85d5-ad2919bb380f@group-0E929E22572F-LeaderElection71] INFO  server.RaftServerConfigKeys (ConfUtils.java:logGet(44)) - raft.server.rpc.request.timeout = 3000ms (default)
2021-04-10 01:07:03,638 [EventQueue-PipelineReportForPipelineReportHandler] INFO  pipeline.PipelineManagerV2Impl (PipelineManagerV2Impl.java:openPipeline(263)) - Pipeline Pipeline[ Id: 1c27daa1-949f-46e1-994e-0e929e22572f, Nodes: 9eda0c20-f49c-4c2b-9c3e-213dec6e2110{ip: 172.17.0.2, host: eab485fc2478, ports: [REPLICATION=46855, RATIS=40767, RATIS_ADMIN=40767, RATIS_SERVER=40767, STANDALONE=36251], networkLocation: /default-rack, certSerialId: null, persistedOpState: IN_SERVICE, persistedOpStateExpiryEpochSec: 0}21f15bd4-cfa2-4f88-85d5-ad2919bb380f{ip: 172.17.0.2, host: eab485fc2478, ports: [REPLICATION=39483, RATIS=35987, RATIS_ADMIN=35987, RATIS_SERVER=35987, STANDALONE=43675], networkLocation: /default-rack, certSerialId: null, persistedOpState: IN_SERVICE, persistedOpStateExpiryEpochSec: 0}c76c366c-8643-4ee1-839d-0bd7e1d17140{ip: 172.17.0.2, host: eab485fc2478, ports: [REPLICATION=35105, RATIS=37239, RATIS_ADMIN=37239, RATIS_SERVER=37239, STANDALONE=38221], networkLocation: /default-rack, certSerialId: null, persistedOpState: IN_SERVICE, persistedOpStateExpiryEpochSec: 0}, Type:RATIS, Factor:THREE, State:ALLOCATED, leaderId:21f15bd4-cfa2-4f88-85d5-ad2919bb380f, CreationTimestamp2021-04-10T01:06:35.665Z] moved to OPEN state
2021-04-10 01:07:03,638 [21f15bd4-cfa2-4f88-85d5-ad2919bb380f@group-0E929E22572F-LeaderElection71] INFO  server.RaftServerConfigKeys (ConfUtils.java:logGet(44)) - raft.server.log.appender.install.snapshot.enabled = false (custom)
2021-04-10 01:07:03,640 [21f15bd4-cfa2-4f88-85d5-ad2919bb380f@group-0E929E22572F-LeaderElection71] INFO  impl.RoleInfo (RoleInfo.java:updateAndGet(130)) - 21f15bd4-cfa2-4f88-85d5-ad2919bb380f: start 21f15bd4-cfa2-4f88-85d5-ad2919bb380f@group-0E929E22572F-LeaderStateImpl
2021-04-10 01:07:03,640 [21f15bd4-cfa2-4f88-85d5-ad2919bb380f@group-0E929E22572F-LeaderElection71] INFO  segmented.SegmentedRaftLogWorker (SegmentedRaftLogWorker.java:startLogSegment(394)) - 21f15bd4-cfa2-4f88-85d5-ad2919bb380f@group-0E929E22572F-SegmentedRaftLogWorker: Starting segment from index:0
2021-04-10 01:07:03,646 [21f15bd4-cfa2-4f88-85d5-ad2919bb380f@group-0E929E22572F-LeaderElection71] INFO  server.RaftServer$Division (ServerState.java:setRaftConf(373)) - 21f15bd4-cfa2-4f88-85d5-ad2919bb380f@group-0E929E22572F: set configuration 0: [21f15bd4-cfa2-4f88-85d5-ad2919bb380f|rpc:172.17.0.2:35987|dataStream:|priority:0, c76c366c-8643-4ee1-839d-0bd7e1d17140|rpc:172.17.0.2:37239|dataStream:|priority:0, 9eda0c20-f49c-4c2b-9c3e-213dec6e2110|rpc:172.17.0.2:40767|dataStream:|priority:1], old=null
2021-04-10 01:07:03,646 [21f15bd4-cfa2-4f88-85d5-ad2919bb380f@group-0E929E22572F-SegmentedRaftLogWorker] INFO  segmented.SegmentedRaftLogWorker (SegmentedRaftLogWorker.java:execute(601)) - 21f15bd4-cfa2-4f88-85d5-ad2919bb380f@group-0E929E22572F-SegmentedRaftLogWorker: created new log segment /github/workspace/mnt/ozone/hadoop-ozone/integration-test/target/test-dir/MiniOzoneClusterImpl-da946c58-7c29-4448-876e-997be65f487e/datanode-1/data/ratis/1c27daa1-949f-46e1-994e-0e929e22572f/current/log_inprogress_0
2021-04-10 01:07:03,652 [grpc-default-executor-5] WARN  server.GrpcLogAppender (LogUtils.java:warn(122)) - 21f15bd4-cfa2-4f88-85d5-ad2919bb380f@group-0E929E22572F->9eda0c20-f49c-4c2b-9c3e-213dec6e2110-AppendLogResponseHandler: Failed appendEntries: org.apache.ratis.thirdparty.io.grpc.StatusRuntimeException: UNAVAILABLE: io exception
2021-04-10 01:07:03,652 [grpc-default-executor-4] INFO  ratis.XceiverServerRatis (XceiverServerRatis.java:handleLeaderChangedNotification(906)) - Leader change notification received for group: group-0E929E22572F with new leaderId: 21f15bd4-cfa2-4f88-85d5-ad2919bb380f
2021-04-10 01:07:03,652 [grpc-default-executor-4] INFO  server.RaftServer$Division (ServerState.java:setLeader(271)) - c76c366c-8643-4ee1-839d-0bd7e1d17140@group-0E929E22572F: change Leader from null to 21f15bd4-cfa2-4f88-85d5-ad2919bb380f at term 5 for appendEntries, leader elected after 25382ms
2021-04-10 01:07:03,662 [grpc-default-executor-5] WARN  server.GrpcLogAppender (GrpcLogAppender.java:resetClient(111)) - 21f15bd4-cfa2-4f88-85d5-ad2919bb380f@group-0E929E22572F->9eda0c20-f49c-4c2b-9c3e-213dec6e2110-GrpcLogAppender: Leader has not got in touch with Follower 21f15bd4-cfa2-4f88-85d5-ad2919bb380f@group-0E929E22572F->9eda0c20-f49c-4c2b-9c3e-213dec6e2110(c-1,m0,n1, attendVote=true, lastRpcSendTime=0, lastRpcResponseTime=5227) yet, just keep nextIndex unchanged and retry.
2021-04-10 01:07:03,664 [grpc-default-executor-4] INFO  server.RaftServer$Division (ServerState.java:setRaftConf(373)) - c76c366c-8643-4ee1-839d-0bd7e1d17140@group-0E929E22572F: set configuration 0: [21f15bd4-cfa2-4f88-85d5-ad2919bb380f|rpc:172.17.0.2:35987|dataStream:|priority:0, c76c366c-8643-4ee1-839d-0bd7e1d17140|rpc:172.17.0.2:37239|dataStream:|priority:0, 9eda0c20-f49c-4c2b-9c3e-213dec6e2110|rpc:172.17.0.2:40767|dataStream:|priority:1], old=null
2021-04-10 01:07:03,665 [grpc-default-executor-4] INFO  segmented.SegmentedRaftLogWorker (SegmentedRaftLogWorker.java:startLogSegment(394)) - c76c366c-8643-4ee1-839d-0bd7e1d17140@group-0E929E22572F-SegmentedRaftLogWorker: Starting segment from index:0
2021-04-10 01:07:03,667 [c76c366c-8643-4ee1-839d-0bd7e1d17140@group-0E929E22572F-SegmentedRaftLogWorker] INFO  segmented.SegmentedRaftLogWorker (SegmentedRaftLogWorker.java:execute(601)) - c76c366c-8643-4ee1-839d-0bd7e1d17140@group-0E929E22572F-SegmentedRaftLogWorker: created new log segment /github/workspace/mnt/ozone/hadoop-ozone/integration-test/target/test-dir/MiniOzoneClusterImpl-da946c58-7c29-4448-876e-997be65f487e/datanode-0/data/ratis/1c27daa1-949f-46e1-994e-0e929e22572f/current/log_inprogress_0
2021-04-10 01:07:04,338 [0920b5d4-01a1-4269-bba6-0e5df288504f@group-0760CCC17729-FollowerState] INFO  impl.FollowerState (FollowerState.java:run(134)) - 0920b5d4-01a1-4269-bba6-0e5df288504f@group-0760CCC17729-FollowerState: change to CANDIDATE, lastRpcElapsedTime:5048768523ns, electionTimeout:5048ms
2021-04-10 01:07:04,339 [0920b5d4-01a1-4269-bba6-0e5df288504f@group-0760CCC17729-FollowerState] INFO  impl.RoleInfo (RoleInfo.java:shutdownFollowerState(108)) - 0920b5d4-01a1-4269-bba6-0e5df288504f: shutdown 0920b5d4-01a1-4269-bba6-0e5df288504f@group-0760CCC17729-FollowerState
2021-04-10 01:07:04,339 [0920b5d4-01a1-4269-bba6-0e5df288504f@group-0760CCC17729-FollowerState] INFO  server.RaftServer$Division (RaftServerImpl.java:setRole(284)) - 0920b5d4-01a1-4269-bba6-0e5df288504f@group-0760CCC17729: changes role from  FOLLOWER to CANDIDATE at term 5 for changeToCandidate
2021-04-10 01:07:04,339 [0920b5d4-01a1-4269-bba6-0e5df288504f@group-0760CCC17729-FollowerState] INFO  server.RaftServerConfigKeys (ConfUtils.java:logGet(44)) - raft.server.leaderelection.pre-vote = false (custom)
2021-04-10 01:07:04,339 [0920b5d4-01a1-4269-bba6-0e5df288504f@group-0760CCC17729-FollowerState] INFO  impl.RoleInfo (RoleInfo.java:updateAndGet(130)) - 0920b5d4-01a1-4269-bba6-0e5df288504f: start 0920b5d4-01a1-4269-bba6-0e5df288504f@group-0760CCC17729-LeaderElection72
2021-04-10 01:07:04,342 [0920b5d4-01a1-4269-bba6-0e5df288504f@group-0760CCC17729-LeaderElection72] INFO  impl.LeaderElection (LeaderElection.java:askForVotes(306)) - 0920b5d4-01a1-4269-bba6-0e5df288504f@group-0760CCC17729-LeaderElection72 ELECTION round 0: submit vote requests at term 6 for 0: [a42fb17c-ab54-48f0-b04c-859eb28781e5|rpc:172.17.0.2:39951|dataStream:|priority:0, 0920b5d4-01a1-4269-bba6-0e5df288504f|rpc:172.17.0.2:40455|dataStream:|priority:1, 908f18a0-adb7-4061-877d-82f26c284a6d|rpc:172.17.0.2:38461|dataStream:|priority:0], old=null
2021-04-10 01:07:04,346 [grpc-default-executor-4] INFO  server.RaftServer$Division (RaftServerImpl.java:requestVote(1025)) - a42fb17c-ab54-48f0-b04c-859eb28781e5@group-0760CCC17729: receive requestVote(ELECTION, 0920b5d4-01a1-4269-bba6-0e5df288504f, group-0760CCC17729, 6, (t:1, i:0))
2021-04-10 01:07:04,346 [grpc-default-executor-4] INFO  impl.VoteContext (VoteContext.java:log(48)) - a42fb17c-ab54-48f0-b04c-859eb28781e5@group-0760CCC17729-FOLLOWER: accept ELECTION from 0920b5d4-01a1-4269-bba6-0e5df288504f: our priority 0 <= candidate's priority 1
2021-04-10 01:07:04,346 [grpc-default-executor-4] INFO  server.RaftServer$Division (RaftServerImpl.java:setRole(284)) - a42fb17c-ab54-48f0-b04c-859eb28781e5@group-0760CCC17729: changes role from  FOLLOWER to FOLLOWER at term 6 for candidate:0920b5d4-01a1-4269-bba6-0e5df288504f
2021-04-10 01:07:04,346 [grpc-default-executor-4] INFO  impl.RoleInfo (RoleInfo.java:shutdownFollowerState(108)) - a42fb17c-ab54-48f0-b04c-859eb28781e5: shutdown a42fb17c-ab54-48f0-b04c-859eb28781e5@group-0760CCC17729-FollowerState
2021-04-10 01:07:04,346 [grpc-default-executor-4] INFO  impl.RoleInfo (RoleInfo.java:updateAndGet(130)) - a42fb17c-ab54-48f0-b04c-859eb28781e5: start a42fb17c-ab54-48f0-b04c-859eb28781e5@group-0760CCC17729-FollowerState
2021-04-10 01:07:04,346 [a42fb17c-ab54-48f0-b04c-859eb28781e5@group-0760CCC17729-FollowerState] INFO  impl.FollowerState (FollowerState.java:run(143)) - a42fb17c-ab54-48f0-b04c-859eb28781e5@group-0760CCC17729-FollowerState was interrupted: {}
java.lang.InterruptedException: sleep interrupted
	at java.lang.Thread.sleep(Native Method)
	at java.lang.Thread.sleep(Thread.java:340)
	at java.util.concurrent.TimeUnit.sleep(TimeUnit.java:386)
	at org.apache.ratis.util.TimeDuration.sleep(TimeDuration.java:324)
	at org.apache.ratis.util.TimeDuration.sleep(TimeDuration.java:309)
	at org.apache.ratis.server.impl.FollowerState.run(FollowerState.java:118)
2021-04-10 01:07:04,348 [0920b5d4-01a1-4269-bba6-0e5df288504f@group-0760CCC17729-LeaderElection72] INFO  impl.LeaderElection (LogUtils.java:infoOrTrace(137)) - 0920b5d4-01a1-4269-bba6-0e5df288504f@group-0760CCC17729-LeaderElection72 got exception when requesting votes: java.util.concurrent.ExecutionException: org.apache.ratis.thirdparty.io.grpc.StatusRuntimeException: UNAVAILABLE: io exception
2021-04-10 01:07:04,349 [grpc-default-executor-4] INFO  server.RaftServer$Division (RaftServerImpl.java:requestVote(1057)) - a42fb17c-ab54-48f0-b04c-859eb28781e5@group-0760CCC17729 replies to ELECTION vote request: 0920b5d4-01a1-4269-bba6-0e5df288504f<-a42fb17c-ab54-48f0-b04c-859eb28781e5#0:OK-t6. Peer's state: a42fb17c-ab54-48f0-b04c-859eb28781e5@group-0760CCC17729:t6, leader=null, voted=0920b5d4-01a1-4269-bba6-0e5df288504f, raftlog=a42fb17c-ab54-48f0-b04c-859eb28781e5@group-0760CCC17729-SegmentedRaftLog:OPENED:c-1,f0,i0, conf=0: [a42fb17c-ab54-48f0-b04c-859eb28781e5|rpc:172.17.0.2:39951|dataStream:|priority:0, 0920b5d4-01a1-4269-bba6-0e5df288504f|rpc:172.17.0.2:40455|dataStream:|priority:1, 908f18a0-adb7-4061-877d-82f26c284a6d|rpc:172.17.0.2:38461|dataStream:|priority:0], old=null
2021-04-10 01:07:04,350 [0920b5d4-01a1-4269-bba6-0e5df288504f@group-0760CCC17729-LeaderElection72] INFO  impl.LeaderElection (LeaderElection.java:logAndReturn(89)) - 0920b5d4-01a1-4269-bba6-0e5df288504f@group-0760CCC17729-LeaderElection72: ELECTION PASSED received 1 response(s) and 1 exception(s):
2021-04-10 01:07:04,350 [0920b5d4-01a1-4269-bba6-0e5df288504f@group-0760CCC17729-LeaderElection72] INFO  impl.LeaderElection (LeaderElection.java:logAndReturn(93)) -   Response 0: 0920b5d4-01a1-4269-bba6-0e5df288504f<-a42fb17c-ab54-48f0-b04c-859eb28781e5#0:OK-t6
2021-04-10 01:07:04,350 [0920b5d4-01a1-4269-bba6-0e5df288504f@group-0760CCC17729-LeaderElection72] INFO  impl.LeaderElection (LogUtils.java:infoOrTrace(137)) -   Exception 1: java.util.concurrent.ExecutionException: org.apache.ratis.thirdparty.io.grpc.StatusRuntimeException: UNAVAILABLE: io exception
2021-04-10 01:07:04,350 [0920b5d4-01a1-4269-bba6-0e5df288504f@group-0760CCC17729-LeaderElection72] INFO  impl.LeaderElection (LeaderElection.java:askForVotes(308)) - 0920b5d4-01a1-4269-bba6-0e5df288504f@group-0760CCC17729-LeaderElection72 ELECTION round 0: result PASSED
2021-04-10 01:07:04,350 [0920b5d4-01a1-4269-bba6-0e5df288504f@group-0760CCC17729-LeaderElection72] INFO  impl.RoleInfo (RoleInfo.java:shutdownLeaderElection(121)) - 0920b5d4-01a1-4269-bba6-0e5df288504f: shutdown 0920b5d4-01a1-4269-bba6-0e5df288504f@group-0760CCC17729-LeaderElection72
2021-04-10 01:07:04,350 [0920b5d4-01a1-4269-bba6-0e5df288504f@group-0760CCC17729-LeaderElection72] INFO  server.RaftServer$Division (RaftServerImpl.java:setRole(284)) - 0920b5d4-01a1-4269-bba6-0e5df288504f@group-0760CCC17729: changes role from CANDIDATE to LEADER at term 6 for changeToLeader
2021-04-10 01:07:04,350 [0920b5d4-01a1-4269-bba6-0e5df288504f@group-0760CCC17729-LeaderElection72] INFO  ratis.XceiverServerRatis (XceiverServerRatis.java:handleLeaderChangedNotification(906)) - Leader change notification received for group: group-0760CCC17729 with new leaderId: 0920b5d4-01a1-4269-bba6-0e5df288504f
2021-04-10 01:07:04,350 [0920b5d4-01a1-4269-bba6-0e5df288504f@group-0760CCC17729-LeaderElection72] INFO  server.RaftServer$Division (ServerState.java:setLeader(271)) - 0920b5d4-01a1-4269-bba6-0e5df288504f@group-0760CCC17729: change Leader from null to 0920b5d4-01a1-4269-bba6-0e5df288504f at term 6 for becomeLeader, leader elected after 20290ms
2021-04-10 01:07:04,350 [0920b5d4-01a1-4269-bba6-0e5df288504f@group-0760CCC17729-LeaderElection72] INFO  server.RaftServerConfigKeys (ConfUtils.java:logGet(44)) - raft.server.staging.catchup.gap = 1000 (default)
2021-04-10 01:07:04,350 [0920b5d4-01a1-4269-bba6-0e5df288504f@group-0760CCC17729-LeaderElection72] INFO  metrics.RatisMetrics (RatisMetrics.java:lambda$create$0(36)) - Creating Metrics Registry : ratis.log_appender.0920b5d4-01a1-4269-bba6-0e5df288504f@group-0760CCC17729
2021-04-10 01:07:04,351 [0920b5d4-01a1-4269-bba6-0e5df288504f@group-0760CCC17729-LeaderElection72] INFO  server.RaftServerConfigKeys (ConfUtils.java:logGet(44)) - raft.server.write.element-limit = 1024 (custom)
2021-04-10 01:07:04,351 [0920b5d4-01a1-4269-bba6-0e5df288504f@group-0760CCC17729-LeaderElection72] INFO  server.RaftServerConfigKeys (ConfUtils.java:logGet(44)) - raft.server.write.byte-limit = 1073741824 (custom)
2021-04-10 01:07:04,351 [0920b5d4-01a1-4269-bba6-0e5df288504f@group-0760CCC17729-LeaderElection72] INFO  server.RaftServerConfigKeys (ConfUtils.java:logGet(44)) - raft.server.watch.timeout = 3000ms (custom)
2021-04-10 01:07:04,351 [0920b5d4-01a1-4269-bba6-0e5df288504f@group-0760CCC17729-LeaderElection72] INFO  server.RaftServerConfigKeys (ConfUtils.java:logGet(44)) - raft.server.watch.timeout.denomination = 1s (default)
2021-04-10 01:07:04,351 [0920b5d4-01a1-4269-bba6-0e5df288504f@group-0760CCC17729-LeaderElection72] INFO  server.RaftServerConfigKeys (ConfUtils.java:logGet(44)) - raft.server.watch.element-limit = 65536 (default)
2021-04-10 01:07:04,352 [0920b5d4-01a1-4269-bba6-0e5df288504f@group-0760CCC17729-LeaderElection72] INFO  server.RaftServerConfigKeys (ConfUtils.java:logGet(44)) - raft.server.log.appender.snapshot.chunk.size.max = 16MB (=16777216) (default)
2021-04-10 01:07:04,352 [0920b5d4-01a1-4269-bba6-0e5df288504f@group-0760CCC17729-LeaderElection72] INFO  server.RaftServerConfigKeys (ConfUtils.java:logGet(44)) - raft.server.log.appender.buffer.byte-limit = 33554432 (custom)
2021-04-10 01:07:04,352 [0920b5d4-01a1-4269-bba6-0e5df288504f@group-0760CCC17729-LeaderElection72] INFO  server.RaftServerConfigKeys (ConfUtils.java:logGet(44)) - raft.server.log.appender.buffer.element-limit = 1 (custom)
2021-04-10 01:07:04,352 [0920b5d4-01a1-4269-bba6-0e5df288504f@group-0760CCC17729-LeaderElection72] INFO  grpc.GrpcConfigKeys (ConfUtils.java:logGet(44)) - raft.grpc.server.leader.outstanding.appends.max = 128 (default)
2021-04-10 01:07:04,352 [0920b5d4-01a1-4269-bba6-0e5df288504f@group-0760CCC17729-LeaderElection72] INFO  server.RaftServerConfigKeys (ConfUtils.java:logGet(44)) - raft.server.rpc.request.timeout = 3000ms (default)
2021-04-10 01:07:04,352 [0920b5d4-01a1-4269-bba6-0e5df288504f@group-0760CCC17729-LeaderElection72] INFO  server.RaftServerConfigKeys (ConfUtils.java:logGet(44)) - raft.server.log.appender.install.snapshot.enabled = false (custom)
2021-04-10 01:07:04,352 [0920b5d4-01a1-4269-bba6-0e5df288504f@group-0760CCC17729-LeaderElection72] INFO  metrics.RatisMetrics (RatisMetrics.java:lambda$create$0(36)) - Creating Metrics Registry : ratis_grpc.log_appender.0920b5d4-01a1-4269-bba6-0e5df288504f@group-0760CCC17729
2021-04-10 01:07:04,353 [0920b5d4-01a1-4269-bba6-0e5df288504f@group-0760CCC17729-LeaderElection72] INFO  server.RaftServerConfigKeys (ConfUtils.java:logGet(44)) - raft.server.log.appender.snapshot.chunk.size.max = 16MB (=16777216) (default)
2021-04-10 01:07:04,354 [0920b5d4-01a1-4269-bba6-0e5df288504f@group-0760CCC17729-LeaderElection72] INFO  server.RaftServerConfigKeys (ConfUtils.java:logGet(44)) - raft.server.log.appender.buffer.byte-limit = 33554432 (custom)
2021-04-10 01:07:04,354 [0920b5d4-01a1-4269-bba6-0e5df288504f@group-0760CCC17729-LeaderElection72] INFO  server.RaftServerConfigKeys (ConfUtils.java:logGet(44)) - raft.server.log.appender.buffer.element-limit = 1 (custom)
2021-04-10 01:07:04,354 [0920b5d4-01a1-4269-bba6-0e5df288504f@group-0760CCC17729-LeaderElection72] INFO  grpc.GrpcConfigKeys (ConfUtils.java:logGet(44)) - raft.grpc.server.leader.outstanding.appends.max = 128 (default)
2021-04-10 01:07:04,354 [0920b5d4-01a1-4269-bba6-0e5df288504f@group-0760CCC17729-LeaderElection72] INFO  server.RaftServerConfigKeys (ConfUtils.java:logGet(44)) - raft.server.rpc.request.timeout = 3000ms (default)
2021-04-10 01:07:04,354 [0920b5d4-01a1-4269-bba6-0e5df288504f@group-0760CCC17729-LeaderElection72] INFO  server.RaftServerConfigKeys (ConfUtils.java:logGet(44)) - raft.server.log.appender.install.snapshot.enabled = false (custom)
2021-04-10 01:07:04,355 [0920b5d4-01a1-4269-bba6-0e5df288504f@group-0760CCC17729-LeaderElection72] INFO  impl.RoleInfo (RoleInfo.java:updateAndGet(130)) - 0920b5d4-01a1-4269-bba6-0e5df288504f: start 0920b5d4-01a1-4269-bba6-0e5df288504f@group-0760CCC17729-LeaderStateImpl
2021-04-10 01:07:04,356 [0920b5d4-01a1-4269-bba6-0e5df288504f@group-0760CCC17729-LeaderElection72] INFO  segmented.SegmentedRaftLogWorker (SegmentedRaftLogWorker.java:rollLogSegment(399)) - 0920b5d4-01a1-4269-bba6-0e5df288504f@group-0760CCC17729-SegmentedRaftLogWorker: Rolling segment log-0_0 to index:0
2021-04-10 01:07:04,358 [0920b5d4-01a1-4269-bba6-0e5df288504f@group-0760CCC17729-SegmentedRaftLogWorker] INFO  segmented.SegmentedRaftLogWorker (SegmentedRaftLogWorker.java:execute(558)) - 0920b5d4-01a1-4269-bba6-0e5df288504f@group-0760CCC17729-SegmentedRaftLogWorker: Rolled log segment from /github/workspace/mnt/ozone/hadoop-ozone/integration-test/target/test-dir/MiniOzoneClusterImpl-da946c58-7c29-4448-876e-997be65f487e/datanode-3/data/ratis/a5fb9b2c-8784-43e5-a193-0760ccc17729/current/log_inprogress_0 to /github/workspace/mnt/ozone/hadoop-ozone/integration-test/target/test-dir/MiniOzoneClusterImpl-da946c58-7c29-4448-876e-997be65f487e/datanode-3/data/ratis/a5fb9b2c-8784-43e5-a193-0760ccc17729/current/log_0-0
2021-04-10 01:07:04,360 [0920b5d4-01a1-4269-bba6-0e5df288504f@group-0760CCC17729-SegmentedRaftLogWorker] INFO  segmented.SegmentedRaftLogWorker (SegmentedRaftLogWorker.java:execute(601)) - 0920b5d4-01a1-4269-bba6-0e5df288504f@group-0760CCC17729-SegmentedRaftLogWorker: created new log segment /github/workspace/mnt/ozone/hadoop-ozone/integration-test/target/test-dir/MiniOzoneClusterImpl-da946c58-7c29-4448-876e-997be65f487e/datanode-3/data/ratis/a5fb9b2c-8784-43e5-a193-0760ccc17729/current/log_inprogress_1
2021-04-10 01:07:04,365 [0920b5d4-01a1-4269-bba6-0e5df288504f@group-0760CCC17729-LeaderElection72] INFO  server.RaftServer$Division (ServerState.java:setRaftConf(373)) - 0920b5d4-01a1-4269-bba6-0e5df288504f@group-0760CCC17729: set configuration 1: [a42fb17c-ab54-48f0-b04c-859eb28781e5|rpc:172.17.0.2:39951|dataStream:|priority:0, 0920b5d4-01a1-4269-bba6-0e5df288504f|rpc:172.17.0.2:40455|dataStream:|priority:1, 908f18a0-adb7-4061-877d-82f26c284a6d|rpc:172.17.0.2:38461|dataStream:|priority:0], old=null
2021-04-10 01:07:04,373 [grpc-default-executor-4] WARN  server.GrpcLogAppender (LogUtils.java:warn(122)) - 0920b5d4-01a1-4269-bba6-0e5df288504f@group-0760CCC17729->908f18a0-adb7-4061-877d-82f26c284a6d-AppendLogResponseHandler: Failed appendEntries: org.apache.ratis.thirdparty.io.grpc.StatusRuntimeException: UNAVAILABLE: io exception
2021-04-10 01:07:04,377 [grpc-default-executor-5] INFO  ratis.XceiverServerRatis (XceiverServerRatis.java:handleLeaderChangedNotification(906)) - Leader change notification received for group: group-0760CCC17729 with new leaderId: 0920b5d4-01a1-4269-bba6-0e5df288504f
2021-04-10 01:07:04,377 [grpc-default-executor-5] INFO  server.RaftServer$Division (ServerState.java:setLeader(271)) - a42fb17c-ab54-48f0-b04c-859eb28781e5@group-0760CCC17729: change Leader from null to 0920b5d4-01a1-4269-bba6-0e5df288504f at term 6 for appendEntries, leader elected after 20302ms
2021-04-10 01:07:04,377 [grpc-default-executor-4] WARN  server.GrpcLogAppender (GrpcLogAppender.java:resetClient(111)) - 0920b5d4-01a1-4269-bba6-0e5df288504f@group-0760CCC17729->908f18a0-adb7-4061-877d-82f26c284a6d-GrpcLogAppender: Leader has not got in touch with Follower 0920b5d4-01a1-4269-bba6-0e5df288504f@group-0760CCC17729->908f18a0-adb7-4061-877d-82f26c284a6d(c-1,m0,n2, attendVote=true, lastRpcSendTime=2, lastRpcResponseTime=5225) yet, just keep nextIndex unchanged and retry.
2021-04-10 01:07:04,393 [grpc-default-executor-5] INFO  server.RaftServer$Division (ServerState.java:setRaftConf(373)) - a42fb17c-ab54-48f0-b04c-859eb28781e5@group-0760CCC17729: set configuration 1: [a42fb17c-ab54-48f0-b04c-859eb28781e5|rpc:172.17.0.2:39951|dataStream:|priority:0, 0920b5d4-01a1-4269-bba6-0e5df288504f|rpc:172.17.0.2:40455|dataStream:|priority:1, 908f18a0-adb7-4061-877d-82f26c284a6d|rpc:172.17.0.2:38461|dataStream:|priority:0], old=null
2021-04-10 01:07:04,394 [grpc-default-executor-5] INFO  segmented.SegmentedRaftLogWorker (SegmentedRaftLogWorker.java:rollLogSegment(399)) - a42fb17c-ab54-48f0-b04c-859eb28781e5@group-0760CCC17729-SegmentedRaftLogWorker: Rolling segment log-0_0 to index:0
2021-04-10 01:07:04,394 [a42fb17c-ab54-48f0-b04c-859eb28781e5@group-0760CCC17729-SegmentedRaftLogWorker] INFO  segmented.SegmentedRaftLogWorker (SegmentedRaftLogWorker.java:execute(558)) - a42fb17c-ab54-48f0-b04c-859eb28781e5@group-0760CCC17729-SegmentedRaftLogWorker: Rolled log segment from /github/workspace/mnt/ozone/hadoop-ozone/integration-test/target/test-dir/MiniOzoneClusterImpl-da946c58-7c29-4448-876e-997be65f487e/datanode-5/data/ratis/a5fb9b2c-8784-43e5-a193-0760ccc17729/current/log_inprogress_0 to /github/workspace/mnt/ozone/hadoop-ozone/integration-test/target/test-dir/MiniOzoneClusterImpl-da946c58-7c29-4448-876e-997be65f487e/datanode-5/data/ratis/a5fb9b2c-8784-43e5-a193-0760ccc17729/current/log_0-0
2021-04-10 01:07:04,396 [a42fb17c-ab54-48f0-b04c-859eb28781e5@group-0760CCC17729-SegmentedRaftLogWorker] INFO  segmented.SegmentedRaftLogWorker (SegmentedRaftLogWorker.java:execute(601)) - a42fb17c-ab54-48f0-b04c-859eb28781e5@group-0760CCC17729-SegmentedRaftLogWorker: created new log segment /github/workspace/mnt/ozone/hadoop-ozone/integration-test/target/test-dir/MiniOzoneClusterImpl-da946c58-7c29-4448-876e-997be65f487e/datanode-5/data/ratis/a5fb9b2c-8784-43e5-a193-0760ccc17729/current/log_inprogress_1
2021-04-10 01:07:04,414 [grpc-default-executor-4] WARN  server.GrpcLogAppender (LogUtils.java:warn(122)) - 0920b5d4-01a1-4269-bba6-0e5df288504f@group-0760CCC17729->908f18a0-adb7-4061-877d-82f26c284a6d-AppendLogResponseHandler: Failed appendEntries: org.apache.ratis.thirdparty.io.grpc.StatusRuntimeException: UNAVAILABLE: io exception
2021-04-10 01:07:04,415 [grpc-default-executor-4] WARN  server.GrpcLogAppender (GrpcLogAppender.java:resetClient(111)) - 0920b5d4-01a1-4269-bba6-0e5df288504f@group-0760CCC17729->908f18a0-adb7-4061-877d-82f26c284a6d-GrpcLogAppender: Leader has not got in touch with Follower 0920b5d4-01a1-4269-bba6-0e5df288504f@group-0760CCC17729->908f18a0-adb7-4061-877d-82f26c284a6d(c-1,m0,n3, attendVote=true, lastRpcSendTime=0, lastRpcResponseTime=5263) yet, just keep nextIndex unchanged and retry.
2021-04-10 01:07:05,530 [ForkJoinPool.commonPool-worker-0] INFO  ozoneimpl.OzoneContainer (OzoneContainer.java:stop(313)) - Attempting to stop container services.
2021-04-10 01:07:05,531 [ForkJoinPool.commonPool-worker-0] INFO  server.RaftServer (RaftServerProxy.java:lambda$close$6(391)) - 0920b5d4-01a1-4269-bba6-0e5df288504f: close
2021-04-10 01:07:05,531 [ForkJoinPool.commonPool-worker-0] INFO  server.RaftServer$Division (RaftServerImpl.java:lambda$close$4(406)) - 0920b5d4-01a1-4269-bba6-0e5df288504f@group-9E97C5C1B556: shutdown
2021-04-10 01:07:05,532 [ForkJoinPool.commonPool-worker-0] INFO  util.JmxRegister (JmxRegister.java:unregister(73)) - Successfully un-registered JMX Bean with object name Ratis:service=RaftServer,group=group-9E97C5C1B556,id=0920b5d4-01a1-4269-bba6-0e5df288504f
2021-04-10 01:07:05,532 [ForkJoinPool.commonPool-worker-0] INFO  impl.RoleInfo (RoleInfo.java:shutdownLeaderState(91)) - 0920b5d4-01a1-4269-bba6-0e5df288504f: shutdown 0920b5d4-01a1-4269-bba6-0e5df288504f@group-9E97C5C1B556-LeaderStateImpl
2021-04-10 01:07:05,532 [ForkJoinPool.commonPool-worker-0] INFO  impl.PendingRequests (PendingRequests.java:sendNotLeaderResponses(249)) - 0920b5d4-01a1-4269-bba6-0e5df288504f@group-9E97C5C1B556-PendingRequests: sendNotLeaderResponses
2021-04-10 01:07:05,532 [ForkJoinPool.commonPool-worker-0] INFO  metrics.RatisMetrics (RatisMetrics.java:unregister(43)) - Unregistering Metrics Registry : ratis.log_appender.0920b5d4-01a1-4269-bba6-0e5df288504f@group-9E97C5C1B556
2021-04-10 01:07:05,532 [ForkJoinPool.commonPool-worker-0] INFO  metrics.RatisMetrics (RatisMetrics.java:unregister(43)) - Unregistering Metrics Registry : ratis.server.0920b5d4-01a1-4269-bba6-0e5df288504f@group-9E97C5C1B556
2021-04-10 01:07:05,533 [ForkJoinPool.commonPool-worker-0] INFO  impl.StateMachineUpdater (StateMachineUpdater.java:stopAndJoin(149)) - 0920b5d4-01a1-4269-bba6-0e5df288504f@group-9E97C5C1B556-StateMachineUpdater: set stopIndex = 0
2021-04-10 01:07:05,534 [Listener at 127.0.0.1/35629] INFO  ozoneimpl.OzoneContainer (OzoneContainer.java:stop(313)) - Attempting to stop container services.
2021-04-10 01:07:05,534 [0920b5d4-01a1-4269-bba6-0e5df288504f@group-9E97C5C1B556-StateMachineUpdater] INFO  ratis.ContainerStateMachine (ContainerStateMachine.java:takeSnapshot(292)) - group-9E97C5C1B556: Taking a snapshot at:(t:1, i:0) file /github/workspace/mnt/ozone/hadoop-ozone/integration-test/target/test-dir/MiniOzoneClusterImpl-da946c58-7c29-4448-876e-997be65f487e/datanode-3/data/ratis/f5560698-9625-428e-a40d-9e97c5c1b556/sm/snapshot.1_0
2021-04-10 01:07:05,534 [Listener at 127.0.0.1/35629] INFO  server.RaftServer (RaftServerProxy.java:lambda$close$6(391)) - a42fb17c-ab54-48f0-b04c-859eb28781e5: close
2021-04-10 01:07:05,535 [Listener at 127.0.0.1/35629] INFO  server.RaftServer$Division (RaftServerImpl.java:lambda$close$4(406)) - a42fb17c-ab54-48f0-b04c-859eb28781e5@group-1723FB9CAE25: shutdown
2021-04-10 01:07:05,535 [Listener at 127.0.0.1/35629] INFO  util.JmxRegister (JmxRegister.java:unregister(73)) - Successfully un-registered JMX Bean with object name Ratis:service=RaftServer,group=group-1723FB9CAE25,id=a42fb17c-ab54-48f0-b04c-859eb28781e5
2021-04-10 01:07:05,535 [Listener at 127.0.0.1/35629] INFO  impl.RoleInfo (RoleInfo.java:shutdownLeaderState(91)) - a42fb17c-ab54-48f0-b04c-859eb28781e5: shutdown a42fb17c-ab54-48f0-b04c-859eb28781e5@group-1723FB9CAE25-LeaderStateImpl
2021-04-10 01:07:05,535 [Listener at 127.0.0.1/35629] INFO  impl.PendingRequests (PendingRequests.java:sendNotLeaderResponses(249)) - a42fb17c-ab54-48f0-b04c-859eb28781e5@group-1723FB9CAE25-PendingRequests: sendNotLeaderResponses
2021-04-10 01:07:05,536 [Listener at 127.0.0.1/35629] INFO  metrics.RatisMetrics (RatisMetrics.java:unregister(43)) - Unregistering Metrics Registry : ratis.log_appender.a42fb17c-ab54-48f0-b04c-859eb28781e5@group-1723FB9CAE25
2021-04-10 01:07:05,536 [Listener at 127.0.0.1/35629] INFO  metrics.RatisMetrics (RatisMetrics.java:unregister(43)) - Unregistering Metrics Registry : ratis.server.a42fb17c-ab54-48f0-b04c-859eb28781e5@group-1723FB9CAE25
2021-04-10 01:07:05,537 [0920b5d4-01a1-4269-bba6-0e5df288504f@group-9E97C5C1B556-StateMachineUpdater] INFO  ratis.ContainerStateMachine (ContainerStateMachine.java:takeSnapshot(303)) - group-9E97C5C1B556: Finished taking a snapshot at:(t:1, i:0) file:/github/workspace/mnt/ozone/hadoop-ozone/integration-test/target/test-dir/MiniOzoneClusterImpl-da946c58-7c29-4448-876e-997be65f487e/datanode-3/data/ratis/f5560698-9625-428e-a40d-9e97c5c1b556/sm/snapshot.1_0 took: 3 ms
2021-04-10 01:07:05,537 [0920b5d4-01a1-4269-bba6-0e5df288504f@group-9E97C5C1B556-StateMachineUpdater] INFO  impl.StateMachineUpdater (StateMachineUpdater.java:takeSnapshot(281)) - 0920b5d4-01a1-4269-bba6-0e5df288504f@group-9E97C5C1B556-StateMachineUpdater: Took a snapshot at index 0
2021-04-10 01:07:05,537 [0920b5d4-01a1-4269-bba6-0e5df288504f@group-9E97C5C1B556-StateMachineUpdater] INFO  impl.StateMachineUpdater (StateMachineUpdater.java:lambda$new$0(89)) - 0920b5d4-01a1-4269-bba6-0e5df288504f@group-9E97C5C1B556-StateMachineUpdater: snapshotIndex: updateIncreasingly -1 -> 0
2021-04-10 01:07:05,537 [0920b5d4-01a1-4269-bba6-0e5df288504f@group-9E97C5C1B556-StateMachineUpdater] INFO  metrics.RatisMetrics (RatisMetrics.java:unregister(43)) - Unregistering Metrics Registry : ratis.state_machine.0920b5d4-01a1-4269-bba6-0e5df288504f@group-9E97C5C1B556
2021-04-10 01:07:05,537 [a42fb17c-ab54-48f0-b04c-859eb28781e5@group-1723FB9CAE25-StateMachineUpdater] INFO  ratis.ContainerStateMachine (ContainerStateMachine.java:takeSnapshot(292)) - group-1723FB9CAE25: Taking a snapshot at:(t:1, i:0) file /github/workspace/mnt/ozone/hadoop-ozone/integration-test/target/test-dir/MiniOzoneClusterImpl-da946c58-7c29-4448-876e-997be65f487e/datanode-5/data/ratis/384634db-4e2f-48b9-a2d2-1723fb9cae25/sm/snapshot.1_0
2021-04-10 01:07:05,537 [ForkJoinPool.commonPool-worker-0] INFO  server.RaftServer$Division (ServerState.java:close(405)) - 0920b5d4-01a1-4269-bba6-0e5df288504f@group-9E97C5C1B556: closes. applyIndex: 0
2021-04-10 01:07:05,537 [Listener at 127.0.0.1/35629] INFO  impl.StateMachineUpdater (StateMachineUpdater.java:stopAndJoin(149)) - a42fb17c-ab54-48f0-b04c-859eb28781e5@group-1723FB9CAE25-StateMachineUpdater: set stopIndex = 0
2021-04-10 01:07:05,538 [0920b5d4-01a1-4269-bba6-0e5df288504f@group-9E97C5C1B556-SegmentedRaftLogWorker] INFO  segmented.SegmentedRaftLogWorker (SegmentedRaftLogWorker.java:run(327)) - 0920b5d4-01a1-4269-bba6-0e5df288504f@group-9E97C5C1B556-SegmentedRaftLogWorker was interrupted, exiting. There are 0 tasks remaining in the queue.
2021-04-10 01:07:05,542 [ForkJoinPool.commonPool-worker-0] INFO  segmented.SegmentedRaftLogWorker (SegmentedRaftLogWorker.java:close(237)) - 0920b5d4-01a1-4269-bba6-0e5df288504f@group-9E97C5C1B556-SegmentedRaftLogWorker close()
2021-04-10 01:07:05,544 [ForkJoinPool.commonPool-worker-0] INFO  metrics.RatisMetrics (RatisMetrics.java:unregister(43)) - Unregistering Metrics Registry : ratis.log_worker.0920b5d4-01a1-4269-bba6-0e5df288504f@group-9E97C5C1B556
2021-04-10 01:07:05,544 [ForkJoinPool.commonPool-worker-0] INFO  metrics.RatisMetrics (RatisMetrics.java:unregister(43)) - Unregistering Metrics Registry : ratis.leader_election.0920b5d4-01a1-4269-bba6-0e5df288504f@group-9E97C5C1B556
2021-04-10 01:07:05,544 [ForkJoinPool.commonPool-worker-0] INFO  metrics.RatisMetrics (RatisMetrics.java:unregister(43)) - Unregistering Metrics Registry : ratis.server.0920b5d4-01a1-4269-bba6-0e5df288504f@group-9E97C5C1B556
2021-04-10 01:07:05,544 [ForkJoinPool.commonPool-worker-0] INFO  server.RaftServer$Division (RaftServerImpl.java:lambda$close$4(406)) - 0920b5d4-01a1-4269-bba6-0e5df288504f@group-0760CCC17729: shutdown
2021-04-10 01:07:05,544 [ForkJoinPool.commonPool-worker-0] INFO  util.JmxRegister (JmxRegister.java:unregister(73)) - Successfully un-registered JMX Bean with object name Ratis:service=RaftServer,group=group-0760CCC17729,id=0920b5d4-01a1-4269-bba6-0e5df288504f
2021-04-10 01:07:05,545 [ForkJoinPool.commonPool-worker-0] INFO  impl.RoleInfo (RoleInfo.java:shutdownLeaderState(91)) - 0920b5d4-01a1-4269-bba6-0e5df288504f: shutdown 0920b5d4-01a1-4269-bba6-0e5df288504f@group-0760CCC17729-LeaderStateImpl
2021-04-10 01:07:05,545 [ForkJoinPool.commonPool-worker-0] INFO  metrics.RatisMetrics (RatisMetrics.java:unregister(43)) - Unregistering Metrics Registry : ratis_grpc.log_appender.0920b5d4-01a1-4269-bba6-0e5df288504f@group-0760CCC17729
2021-04-10 01:07:05,546 [ForkJoinPool.commonPool-worker-0] INFO  metrics.RatisMetrics (RatisMetrics.java:unregister(43)) - Unregistering Metrics Registry : ratis_grpc.log_appender.0920b5d4-01a1-4269-bba6-0e5df288504f@group-0760CCC17729
2021-04-10 01:07:05,546 [ForkJoinPool.commonPool-worker-0] INFO  impl.PendingRequests (PendingRequests.java:sendNotLeaderResponses(249)) - 0920b5d4-01a1-4269-bba6-0e5df288504f@group-0760CCC17729-PendingRequests: sendNotLeaderResponses
2021-04-10 01:07:05,546 [a42fb17c-ab54-48f0-b04c-859eb28781e5@group-1723FB9CAE25-StateMachineUpdater] INFO  ratis.ContainerStateMachine (ContainerStateMachine.java:takeSnapshot(303)) - group-1723FB9CAE25: Finished taking a snapshot at:(t:1, i:0) file:/github/workspace/mnt/ozone/hadoop-ozone/integration-test/target/test-dir/MiniOzoneClusterImpl-da946c58-7c29-4448-876e-997be65f487e/datanode-5/data/ratis/384634db-4e2f-48b9-a2d2-1723fb9cae25/sm/snapshot.1_0 took: 9 ms
2021-04-10 01:07:05,547 [a42fb17c-ab54-48f0-b04c-859eb28781e5@group-1723FB9CAE25-StateMachineUpdater] INFO  impl.StateMachineUpdater (StateMachineUpdater.java:takeSnapshot(281)) - a42fb17c-ab54-48f0-b04c-859eb28781e5@group-1723FB9CAE25-StateMachineUpdater: Took a snapshot at index 0
2021-04-10 01:07:05,547 [a42fb17c-ab54-48f0-b04c-859eb28781e5@group-1723FB9CAE25-StateMachineUpdater] INFO  impl.StateMachineUpdater (StateMachineUpdater.java:lambda$new$0(89)) - a42fb17c-ab54-48f0-b04c-859eb28781e5@group-1723FB9CAE25-StateMachineUpdater: snapshotIndex: updateIncreasingly -1 -> 0
2021-04-10 01:07:05,547 [a42fb17c-ab54-48f0-b04c-859eb28781e5@group-1723FB9CAE25-StateMachineUpdater] INFO  metrics.RatisMetrics (RatisMetrics.java:unregister(43)) - Unregistering Metrics Registry : ratis.state_machine.a42fb17c-ab54-48f0-b04c-859eb28781e5@group-1723FB9CAE25
2021-04-10 01:07:05,547 [Listener at 127.0.0.1/35629] INFO  server.RaftServer$Division (ServerState.java:close(405)) - a42fb17c-ab54-48f0-b04c-859eb28781e5@group-1723FB9CAE25: closes. applyIndex: 0
2021-04-10 01:07:05,546 [0920b5d4-01a1-4269-bba6-0e5df288504f@group-0760CCC17729->a42fb17c-ab54-48f0-b04c-859eb28781e5-GrpcLogAppender-LogAppenderDaemon] WARN  server.GrpcLogAppender (GrpcLogAppender.java:mayWait(175)) - 0920b5d4-01a1-4269-bba6-0e5df288504f@group-0760CCC17729->a42fb17c-ab54-48f0-b04c-859eb28781e5-GrpcLogAppender: Wait interrupted by java.lang.InterruptedException
2021-04-10 01:07:05,548 [a42fb17c-ab54-48f0-b04c-859eb28781e5@group-1723FB9CAE25-SegmentedRaftLogWorker] INFO  segmented.SegmentedRaftLogWorker (SegmentedRaftLogWorker.java:run(327)) - a42fb17c-ab54-48f0-b04c-859eb28781e5@group-1723FB9CAE25-SegmentedRaftLogWorker was interrupted, exiting. There are 0 tasks remaining in the queue.
2021-04-10 01:07:05,548 [grpc-default-executor-5] INFO  server.GrpcServerProtocolService (GrpcServerProtocolService.java:onCompleted(140)) - a42fb17c-ab54-48f0-b04c-859eb28781e5: Completed APPEND_ENTRIES, lastRequest: 0920b5d4-01a1-4269-bba6-0e5df288504f->a42fb17c-ab54-48f0-b04c-859eb28781e5#2-t6,previous=(t:6, i:1),leaderCommit=1,initializing? true,entries: size=1, first=(t:6, i:2), METADATAENTRY(c:1)
2021-04-10 01:07:05,549 [grpc-default-executor-4] INFO  server.GrpcLogAppender (GrpcLogAppender.java:onCompleted(344)) - 0920b5d4-01a1-4269-bba6-0e5df288504f@group-0760CCC17729->a42fb17c-ab54-48f0-b04c-859eb28781e5-AppendLogResponseHandler: follower responses appendEntries COMPLETED
2021-04-10 01:07:05,549 [grpc-default-executor-4] INFO  leader.FollowerInfo (FollowerInfoImpl.java:lambda$new$0(46)) - 0920b5d4-01a1-4269-bba6-0e5df288504f@group-0760CCC17729->a42fb17c-ab54-48f0-b04c-859eb28781e5: nextIndex: updateUnconditionally 3 -> 2
2021-04-10 01:07:05,547 [ForkJoinPool.commonPool-worker-0] INFO  metrics.RatisMetrics (RatisMetrics.java:unregister(43)) - Unregistering Metrics Registry : ratis.log_appender.0920b5d4-01a1-4269-bba6-0e5df288504f@group-0760CCC17729
2021-04-10 01:07:05,552 [ForkJoinPool.commonPool-worker-0] INFO  metrics.RatisMetrics (RatisMetrics.java:unregister(43)) - Unregistering Metrics Registry : ratis.server.0920b5d4-01a1-4269-bba6-0e5df288504f@group-0760CCC17729
2021-04-10 01:07:05,554 [ForkJoinPool.commonPool-worker-0] INFO  impl.StateMachineUpdater (StateMachineUpdater.java:stopAndJoin(149)) - 0920b5d4-01a1-4269-bba6-0e5df288504f@group-0760CCC17729-StateMachineUpdater: set stopIndex = 2
2021-04-10 01:07:05,554 [0920b5d4-01a1-4269-bba6-0e5df288504f@group-0760CCC17729-StateMachineUpdater] INFO  ratis.ContainerStateMachine (ContainerStateMachine.java:takeSnapshot(292)) - group-0760CCC17729: Taking a snapshot at:(t:6, i:2) file /github/workspace/mnt/ozone/hadoop-ozone/integration-test/target/test-dir/MiniOzoneClusterImpl-da946c58-7c29-4448-876e-997be65f487e/datanode-3/data/ratis/a5fb9b2c-8784-43e5-a193-0760ccc17729/sm/snapshot.6_2
2021-04-10 01:07:05,562 [Listener at 127.0.0.1/35629] INFO  segmented.SegmentedRaftLogWorker (SegmentedRaftLogWorker.java:close(237)) - a42fb17c-ab54-48f0-b04c-859eb28781e5@group-1723FB9CAE25-SegmentedRaftLogWorker close()
2021-04-10 01:07:05,562 [0920b5d4-01a1-4269-bba6-0e5df288504f@group-0760CCC17729-StateMachineUpdater] INFO  ratis.ContainerStateMachine (ContainerStateMachine.java:takeSnapshot(303)) - group-0760CCC17729: Finished taking a snapshot at:(t:6, i:2) file:/github/workspace/mnt/ozone/hadoop-ozone/integration-test/target/test-dir/MiniOzoneClusterImpl-da946c58-7c29-4448-876e-997be65f487e/datanode-3/data/ratis/a5fb9b2c-8784-43e5-a193-0760ccc17729/sm/snapshot.6_2 took: 9 ms
2021-04-10 01:07:05,562 [0920b5d4-01a1-4269-bba6-0e5df288504f@group-0760CCC17729-StateMachineUpdater] INFO  impl.StateMachineUpdater (StateMachineUpdater.java:takeSnapshot(281)) - 0920b5d4-01a1-4269-bba6-0e5df288504f@group-0760CCC17729-StateMachineUpdater: Took a snapshot at index 2
2021-04-10 01:07:05,563 [0920b5d4-01a1-4269-bba6-0e5df288504f@group-0760CCC17729-StateMachineUpdater] INFO  impl.StateMachineUpdater (StateMachineUpdater.java:lambda$new$0(89)) - 0920b5d4-01a1-4269-bba6-0e5df288504f@group-0760CCC17729-StateMachineUpdater: snapshotIndex: updateIncreasingly -1 -> 2
2021-04-10 01:07:05,563 [0920b5d4-01a1-4269-bba6-0e5df288504f@group-0760CCC17729-StateMachineUpdater] INFO  metrics.RatisMetrics (RatisMetrics.java:unregister(43)) - Unregistering Metrics Registry : ratis.state_machine.0920b5d4-01a1-4269-bba6-0e5df288504f@group-0760CCC17729
2021-04-10 01:07:05,564 [Listener at 127.0.0.1/35629] INFO  metrics.RatisMetrics (RatisMetrics.java:unregister(43)) - Unregistering Metrics Registry : ratis.log_worker.a42fb17c-ab54-48f0-b04c-859eb28781e5@group-1723FB9CAE25
2021-04-10 01:07:05,564 [Listener at 127.0.0.1/35629] INFO  metrics.RatisMetrics (RatisMetrics.java:unregister(43)) - Unregistering Metrics Registry : ratis.leader_election.a42fb17c-ab54-48f0-b04c-859eb28781e5@group-1723FB9CAE25
2021-04-10 01:07:05,564 [Listener at 127.0.0.1/35629] INFO  metrics.RatisMetrics (RatisMetrics.java:unregister(43)) - Unregistering Metrics Registry : ratis.server.a42fb17c-ab54-48f0-b04c-859eb28781e5@group-1723FB9CAE25
2021-04-10 01:07:05,565 [Listener at 127.0.0.1/35629] INFO  server.RaftServer$Division (RaftServerImpl.java:lambda$close$4(406)) - a42fb17c-ab54-48f0-b04c-859eb28781e5@group-0760CCC17729: shutdown
2021-04-10 01:07:05,565 [Listener at 127.0.0.1/35629] INFO  util.JmxRegister (JmxRegister.java:unregister(73)) - Successfully un-registered JMX Bean with object name Ratis:service=RaftServer,group=group-0760CCC17729,id=a42fb17c-ab54-48f0-b04c-859eb28781e5
2021-04-10 01:07:05,565 [Listener at 127.0.0.1/35629] INFO  impl.RoleInfo (RoleInfo.java:shutdownFollowerState(108)) - a42fb17c-ab54-48f0-b04c-859eb28781e5: shutdown a42fb17c-ab54-48f0-b04c-859eb28781e5@group-0760CCC17729-FollowerState
2021-04-10 01:07:05,565 [Listener at 127.0.0.1/35629] INFO  impl.StateMachineUpdater (StateMachineUpdater.java:stopAndJoin(149)) - a42fb17c-ab54-48f0-b04c-859eb28781e5@group-0760CCC17729-StateMachineUpdater: set stopIndex = 1
2021-04-10 01:07:05,565 [a42fb17c-ab54-48f0-b04c-859eb28781e5@group-0760CCC17729-FollowerState] INFO  impl.FollowerState (FollowerState.java:run(143)) - a42fb17c-ab54-48f0-b04c-859eb28781e5@group-0760CCC17729-FollowerState was interrupted: {}
java.lang.InterruptedException: sleep interrupted
	at java.lang.Thread.sleep(Native Method)
	at java.lang.Thread.sleep(Thread.java:340)
	at java.util.concurrent.TimeUnit.sleep(TimeUnit.java:386)
	at org.apache.ratis.util.TimeDuration.sleep(TimeDuration.java:324)
	at org.apache.ratis.util.TimeDuration.sleep(TimeDuration.java:309)
	at org.apache.ratis.server.impl.FollowerState.run(FollowerState.java:118)
2021-04-10 01:07:05,566 [a42fb17c-ab54-48f0-b04c-859eb28781e5@group-0760CCC17729-StateMachineUpdater] INFO  ratis.ContainerStateMachine (ContainerStateMachine.java:takeSnapshot(292)) - group-0760CCC17729: Taking a snapshot at:(t:6, i:1) file /github/workspace/mnt/ozone/hadoop-ozone/integration-test/target/test-dir/MiniOzoneClusterImpl-da946c58-7c29-4448-876e-997be65f487e/datanode-5/data/ratis/a5fb9b2c-8784-43e5-a193-0760ccc17729/sm/snapshot.6_1
2021-04-10 01:07:05,565 [ForkJoinPool.commonPool-worker-0] INFO  server.RaftServer$Division (ServerState.java:close(405)) - 0920b5d4-01a1-4269-bba6-0e5df288504f@group-0760CCC17729: closes. applyIndex: 2
2021-04-10 01:07:05,566 [0920b5d4-01a1-4269-bba6-0e5df288504f@group-0760CCC17729-SegmentedRaftLogWorker] INFO  segmented.SegmentedRaftLogWorker (SegmentedRaftLogWorker.java:run(327)) - 0920b5d4-01a1-4269-bba6-0e5df288504f@group-0760CCC17729-SegmentedRaftLogWorker was interrupted, exiting. There are 0 tasks remaining in the queue.
2021-04-10 01:07:05,567 [a42fb17c-ab54-48f0-b04c-859eb28781e5@group-0760CCC17729-StateMachineUpdater] INFO  ratis.ContainerStateMachine (ContainerStateMachine.java:takeSnapshot(303)) - group-0760CCC17729: Finished taking a snapshot at:(t:6, i:1) file:/github/workspace/mnt/ozone/hadoop-ozone/integration-test/target/test-dir/MiniOzoneClusterImpl-da946c58-7c29-4448-876e-997be65f487e/datanode-5/data/ratis/a5fb9b2c-8784-43e5-a193-0760ccc17729/sm/snapshot.6_1 took: 0 ms
2021-04-10 01:07:05,567 [a42fb17c-ab54-48f0-b04c-859eb28781e5@group-0760CCC17729-StateMachineUpdater] INFO  impl.StateMachineUpdater (StateMachineUpdater.java:takeSnapshot(281)) - a42fb17c-ab54-48f0-b04c-859eb28781e5@group-0760CCC17729-StateMachineUpdater: Took a snapshot at index 1
2021-04-10 01:07:05,567 [a42fb17c-ab54-48f0-b04c-859eb28781e5@group-0760CCC17729-StateMachineUpdater] INFO  impl.StateMachineUpdater (StateMachineUpdater.java:lambda$new$0(89)) - a42fb17c-ab54-48f0-b04c-859eb28781e5@group-0760CCC17729-StateMachineUpdater: snapshotIndex: updateIncreasingly -1 -> 1
2021-04-10 01:07:05,567 [a42fb17c-ab54-48f0-b04c-859eb28781e5@group-0760CCC17729-StateMachineUpdater] INFO  metrics.RatisMetrics (RatisMetrics.java:unregister(43)) - Unregistering Metrics Registry : ratis.state_machine.a42fb17c-ab54-48f0-b04c-859eb28781e5@group-0760CCC17729
2021-04-10 01:07:05,567 [Listener at 127.0.0.1/35629] INFO  server.RaftServer$Division (ServerState.java:close(405)) - a42fb17c-ab54-48f0-b04c-859eb28781e5@group-0760CCC17729: closes. applyIndex: 1
2021-04-10 01:07:05,568 [a42fb17c-ab54-48f0-b04c-859eb28781e5@group-0760CCC17729-SegmentedRaftLogWorker] INFO  segmented.SegmentedRaftLogWorker (SegmentedRaftLogWorker.java:run(327)) - a42fb17c-ab54-48f0-b04c-859eb28781e5@group-0760CCC17729-SegmentedRaftLogWorker was interrupted, exiting. There are 0 tasks remaining in the queue.
2021-04-10 01:07:05,569 [ForkJoinPool.commonPool-worker-0] INFO  segmented.SegmentedRaftLogWorker (SegmentedRaftLogWorker.java:close(237)) - 0920b5d4-01a1-4269-bba6-0e5df288504f@group-0760CCC17729-SegmentedRaftLogWorker close()
2021-04-10 01:07:05,569 [Listener at 127.0.0.1/35629] INFO  segmented.SegmentedRaftLogWorker (SegmentedRaftLogWorker.java:close(237)) - a42fb17c-ab54-48f0-b04c-859eb28781e5@group-0760CCC17729-SegmentedRaftLogWorker close()
2021-04-10 01:07:05,571 [ForkJoinPool.commonPool-worker-0] INFO  metrics.RatisMetrics (RatisMetrics.java:unregister(43)) - Unregistering Metrics Registry : ratis.log_worker.0920b5d4-01a1-4269-bba6-0e5df288504f@group-0760CCC17729
2021-04-10 01:07:05,571 [ForkJoinPool.commonPool-worker-0] INFO  metrics.RatisMetrics (RatisMetrics.java:unregister(43)) - Unregistering Metrics Registry : ratis.leader_election.0920b5d4-01a1-4269-bba6-0e5df288504f@group-0760CCC17729
2021-04-10 01:07:05,571 [ForkJoinPool.commonPool-worker-0] INFO  metrics.RatisMetrics (RatisMetrics.java:unregister(43)) - Unregistering Metrics Registry : ratis.server.0920b5d4-01a1-4269-bba6-0e5df288504f@group-0760CCC17729
2021-04-10 01:07:05,571 [Listener at 127.0.0.1/35629] INFO  metrics.RatisMetrics (RatisMetrics.java:unregister(43)) - Unregistering Metrics Registry : ratis.log_worker.a42fb17c-ab54-48f0-b04c-859eb28781e5@group-0760CCC17729
2021-04-10 01:07:05,571 [ForkJoinPool.commonPool-worker-0] INFO  server.GrpcService (GrpcService.java:closeImpl(262)) - 0920b5d4-01a1-4269-bba6-0e5df288504f: shutdown server with port 40455 now
2021-04-10 01:07:05,571 [Listener at 127.0.0.1/35629] INFO  metrics.RatisMetrics (RatisMetrics.java:unregister(43)) - Unregistering Metrics Registry : ratis.leader_election.a42fb17c-ab54-48f0-b04c-859eb28781e5@group-0760CCC17729
2021-04-10 01:07:05,572 [Listener at 127.0.0.1/35629] INFO  metrics.RatisMetrics (RatisMetrics.java:unregister(43)) - Unregistering Metrics Registry : ratis.server.a42fb17c-ab54-48f0-b04c-859eb28781e5@group-0760CCC17729
2021-04-10 01:07:05,572 [Listener at 127.0.0.1/35629] INFO  server.GrpcService (GrpcService.java:closeImpl(262)) - a42fb17c-ab54-48f0-b04c-859eb28781e5: shutdown server with port 39951 now
2021-04-10 01:07:05,575 [grpc-default-executor-4] WARN  client.GrpcClientProtocolService (LogUtils.java:warn(122)) - 0-OrderedRequestStreamObserver0: onError: org.apache.ratis.thirdparty.io.grpc.StatusRuntimeException: CANCELLED: client cancelled
2021-04-10 01:07:05,586 [Listener at 127.0.0.1/35629] INFO  server.GrpcService (GrpcService.java:closeImpl(271)) - a42fb17c-ab54-48f0-b04c-859eb28781e5: shutdown server with port 39951 successfully
2021-04-10 01:07:05,586 [org.apache.ratis.util.JvmPauseMonitor$$Lambda$503/290751331@29944b8f] INFO  util.JvmPauseMonitor (JvmPauseMonitor.java:run(109)) - JvmPauseMonitor-a42fb17c-ab54-48f0-b04c-859eb28781e5: Stopped
2021-04-10 01:07:05,587 [Listener at 127.0.0.1/35629] INFO  utils.BackgroundService (BackgroundService.java:shutdown(132)) - Shutting down service BlockDeletingService
2021-04-10 01:07:05,588 [ForkJoinPool.commonPool-worker-0] INFO  server.GrpcService (GrpcService.java:closeImpl(271)) - 0920b5d4-01a1-4269-bba6-0e5df288504f: shutdown server with port 40455 successfully
2021-04-10 01:07:05,588 [org.apache.ratis.util.JvmPauseMonitor$$Lambda$503/290751331@552e5501] INFO  util.JvmPauseMonitor (JvmPauseMonitor.java:run(109)) - JvmPauseMonitor-0920b5d4-01a1-4269-bba6-0e5df288504f: Stopped
2021-04-10 01:07:05,590 [ForkJoinPool.commonPool-worker-0] INFO  utils.BackgroundService (BackgroundService.java:shutdown(132)) - Shutting down service BlockDeletingService
2021-04-10 01:07:05,593 [Listener at 127.0.0.1/35629] INFO  statemachine.DatanodeStateMachine (DatanodeStateMachine.java:stopDaemon(469)) - Ozone container server stopped.
2021-04-10 01:07:05,603 [ForkJoinPool.commonPool-worker-0] INFO  statemachine.DatanodeStateMachine (DatanodeStateMachine.java:stopDaemon(469)) - Ozone container server stopped.
2021-04-10 01:07:05,614 [ForkJoinPool.commonPool-worker-0] INFO  handler.ContextHandler (ContextHandler.java:doStop(1154)) - Stopped o.e.j.w.WebAppContext@4ad8eaa5{hddsDatanode,/,null,STOPPED}{jar:file:/home/user/.m2/repository/org/apache/hadoop/hadoop-hdds-container-service/1.1.0-SNAPSHOT/hadoop-hdds-container-service-1.1.0-SNAPSHOT.jar!/webapps/hddsDatanode}
2021-04-10 01:07:05,615 [Listener at 127.0.0.1/35629] INFO  handler.ContextHandler (ContextHandler.java:doStop(1154)) - Stopped o.e.j.w.WebAppContext@30f139f{hddsDatanode,/,null,STOPPED}{jar:file:/home/user/.m2/repository/org/apache/hadoop/hadoop-hdds-container-service/1.1.0-SNAPSHOT/hadoop-hdds-container-service-1.1.0-SNAPSHOT.jar!/webapps/hddsDatanode}
2021-04-10 01:07:05,615 [ForkJoinPool.commonPool-worker-0] INFO  server.AbstractConnector (AbstractConnector.java:doStop(381)) - Stopped ServerConnector@17d75ecc{HTTP/1.1, (http/1.1)}{0.0.0.0:0}
2021-04-10 01:07:05,615 [ForkJoinPool.commonPool-worker-0] INFO  server.session (HouseKeeper.java:stopScavenging(149)) - node0 Stopped scavenging
2021-04-10 01:07:05,615 [Listener at 127.0.0.1/35629] INFO  server.AbstractConnector (AbstractConnector.java:doStop(381)) - Stopped ServerConnector@752ac39a{HTTP/1.1, (http/1.1)}{0.0.0.0:0}
2021-04-10 01:07:05,615 [Listener at 127.0.0.1/35629] INFO  server.session (HouseKeeper.java:stopScavenging(149)) - node0 Stopped scavenging
2021-04-10 01:07:05,616 [Listener at 127.0.0.1/35629] INFO  handler.ContextHandler (ContextHandler.java:doStop(1154)) - Stopped o.e.j.s.ServletContextHandler@3ce3a01{static,/static,jar:file:/home/user/.m2/repository/org/apache/hadoop/hadoop-hdds-container-service/1.1.0-SNAPSHOT/hadoop-hdds-container-service-1.1.0-SNAPSHOT.jar!/webapps/static,STOPPED}
2021-04-10 01:07:05,615 [ForkJoinPool.commonPool-worker-0] INFO  handler.ContextHandler (ContextHandler.java:doStop(1154)) - Stopped o.e.j.s.ServletContextHandler@4d437408{static,/static,jar:file:/home/user/.m2/repository/org/apache/hadoop/hadoop-hdds-container-service/1.1.0-SNAPSHOT/hadoop-hdds-container-service-1.1.0-SNAPSHOT.jar!/webapps/static,STOPPED}
2021-04-10 01:07:05,616 [ForkJoinPool.commonPool-worker-0] INFO  handler.ContextHandler (ContextHandler.java:doStop(1154)) - Stopped o.e.j.s.ServletContextHandler@17a394d2{logs,/logs,file:///github/workspace/mnt/ozone/hadoop-ozone/integration-test/target/log,STOPPED}
2021-04-10 01:07:05,616 [Listener at 127.0.0.1/35629] INFO  handler.ContextHandler (ContextHandler.java:doStop(1154)) - Stopped o.e.j.s.ServletContextHandler@6608c8d5{logs,/logs,file:///github/workspace/mnt/ozone/hadoop-ozone/integration-test/target/log,STOPPED}
2021-04-10 01:07:05,912 [Datanode State Machine Thread - 0] INFO  statemachine.DatanodeStateMachine (DatanodeStateMachine.java:lambda$startDaemon$0(411)) - Ozone container server started.
2021-04-10 01:07:06,162 [grpc-default-executor-4] WARN  server.GrpcLogAppender (LogUtils.java:warn(122)) - 21f15bd4-cfa2-4f88-85d5-ad2919bb380f@group-0E929E22572F->9eda0c20-f49c-4c2b-9c3e-213dec6e2110-AppendLogResponseHandler: Failed appendEntries: org.apache.ratis.thirdparty.io.grpc.StatusRuntimeException: UNAVAILABLE: io exception
2021-04-10 01:07:06,163 [grpc-default-executor-4] WARN  server.GrpcLogAppender (GrpcLogAppender.java:resetClient(111)) - 21f15bd4-cfa2-4f88-85d5-ad2919bb380f@group-0E929E22572F->9eda0c20-f49c-4c2b-9c3e-213dec6e2110-GrpcLogAppender: Leader has not got in touch with Follower 21f15bd4-cfa2-4f88-85d5-ad2919bb380f@group-0E929E22572F->9eda0c20-f49c-4c2b-9c3e-213dec6e2110(c-1,m0,n1, attendVote=true, lastRpcSendTime=0, lastRpcResponseTime=7728) yet, just keep nextIndex unchanged and retry.
2021-04-10 01:07:06,364 [Datanode State Machine Thread - 0] INFO  statemachine.DatanodeStateMachine (DatanodeStateMachine.java:lambda$startDaemon$0(411)) - Ozone container server started.
2021-04-10 01:07:08,663 [grpc-default-executor-4] WARN  server.GrpcLogAppender (LogUtils.java:warn(122)) - 21f15bd4-cfa2-4f88-85d5-ad2919bb380f@group-0E929E22572F->9eda0c20-f49c-4c2b-9c3e-213dec6e2110-AppendLogResponseHandler: Failed appendEntries: org.apache.ratis.thirdparty.io.grpc.StatusRuntimeException: UNAVAILABLE: io exception
2021-04-10 01:07:08,664 [grpc-default-executor-4] WARN  server.GrpcLogAppender (GrpcLogAppender.java:resetClient(111)) - 21f15bd4-cfa2-4f88-85d5-ad2919bb380f@group-0E929E22572F->9eda0c20-f49c-4c2b-9c3e-213dec6e2110-GrpcLogAppender: Leader has not got in touch with Follower 21f15bd4-cfa2-4f88-85d5-ad2919bb380f@group-0E929E22572F->9eda0c20-f49c-4c2b-9c3e-213dec6e2110(c-1,m0,n1, attendVote=true, lastRpcSendTime=0, lastRpcResponseTime=10228) yet, just keep nextIndex unchanged and retry.
2021-04-10 01:07:08,862 [21f15bd4-cfa2-4f88-85d5-ad2919bb380f@group-0E929E22572F-LeaderStateImpl] INFO  server.RaftServer$Division (LeaderStateImpl.java:yieldLeaderToHigherPriorityPeer(900)) - 21f15bd4-cfa2-4f88-85d5-ad2919bb380f@group-0E929E22572F-LeaderStateImpl send StartLeaderElectionRequest to follower:9eda0c20-f49c-4c2b-9c3e-213dec6e2110 on term:5 because follower's priority:1 is higher than leader's:0 and follower's lastEntry index:0 catch up with leader's:0
2021-04-10 01:07:10,625 [ForkJoinPool.commonPool-worker-0] INFO  ozoneimpl.OzoneContainer (OzoneContainer.java:stop(313)) - Attempting to stop container services.
2021-04-10 01:07:10,626 [Listener at 127.0.0.1/35629] INFO  ozoneimpl.OzoneContainer (OzoneContainer.java:stop(313)) - Attempting to stop container services.
2021-04-10 01:07:10,627 [Listener at 127.0.0.1/35629] INFO  server.RaftServer (RaftServerProxy.java:lambda$close$6(391)) - 8c8eae1d-dd67-4c0e-97f4-ede4c5bc644d: close
2021-04-10 01:07:10,627 [Listener at 127.0.0.1/35629] INFO  server.RaftServer$Division (RaftServerImpl.java:lambda$close$4(406)) - 8c8eae1d-dd67-4c0e-97f4-ede4c5bc644d@group-2755706699C4: shutdown
2021-04-10 01:07:10,627 [Listener at 127.0.0.1/35629] INFO  util.JmxRegister (JmxRegister.java:unregister(73)) - Successfully un-registered JMX Bean with object name Ratis:service=RaftServer,group=group-2755706699C4,id=8c8eae1d-dd67-4c0e-97f4-ede4c5bc644d
2021-04-10 01:07:10,627 [Listener at 127.0.0.1/35629] INFO  impl.RoleInfo (RoleInfo.java:shutdownLeaderState(91)) - 8c8eae1d-dd67-4c0e-97f4-ede4c5bc644d: shutdown 8c8eae1d-dd67-4c0e-97f4-ede4c5bc644d@group-2755706699C4-LeaderStateImpl
2021-04-10 01:07:10,628 [Listener at 127.0.0.1/35629] INFO  impl.PendingRequests (PendingRequests.java:sendNotLeaderResponses(249)) - 8c8eae1d-dd67-4c0e-97f4-ede4c5bc644d@group-2755706699C4-PendingRequests: sendNotLeaderResponses
2021-04-10 01:07:10,628 [Listener at 127.0.0.1/35629] INFO  metrics.RatisMetrics (RatisMetrics.java:unregister(43)) - Unregistering Metrics Registry : ratis.log_appender.8c8eae1d-dd67-4c0e-97f4-ede4c5bc644d@group-2755706699C4
2021-04-10 01:07:10,628 [Listener at 127.0.0.1/35629] INFO  metrics.RatisMetrics (RatisMetrics.java:unregister(43)) - Unregistering Metrics Registry : ratis.server.8c8eae1d-dd67-4c0e-97f4-ede4c5bc644d@group-2755706699C4
2021-04-10 01:07:10,629 [ForkJoinPool.commonPool-worker-0] INFO  server.RaftServer (RaftServerProxy.java:lambda$close$6(391)) - c76c366c-8643-4ee1-839d-0bd7e1d17140: close
2021-04-10 01:07:10,629 [ForkJoinPool.commonPool-worker-0] INFO  server.RaftServer$Division (RaftServerImpl.java:lambda$close$4(406)) - c76c366c-8643-4ee1-839d-0bd7e1d17140@group-6044C54C1309: shutdown
2021-04-10 01:07:10,630 [ForkJoinPool.commonPool-worker-0] INFO  util.JmxRegister (JmxRegister.java:unregister(73)) - Successfully un-registered JMX Bean with object name Ratis:service=RaftServer,group=group-6044C54C1309,id=c76c366c-8643-4ee1-839d-0bd7e1d17140
2021-04-10 01:07:10,630 [ForkJoinPool.commonPool-worker-0] INFO  impl.RoleInfo (RoleInfo.java:shutdownLeaderState(91)) - c76c366c-8643-4ee1-839d-0bd7e1d17140: shutdown c76c366c-8643-4ee1-839d-0bd7e1d17140@group-6044C54C1309-LeaderStateImpl
2021-04-10 01:07:10,630 [ForkJoinPool.commonPool-worker-0] INFO  impl.PendingRequests (PendingRequests.java:sendNotLeaderResponses(249)) - c76c366c-8643-4ee1-839d-0bd7e1d17140@group-6044C54C1309-PendingRequests: sendNotLeaderResponses
2021-04-10 01:07:10,630 [ForkJoinPool.commonPool-worker-0] INFO  metrics.RatisMetrics (RatisMetrics.java:unregister(43)) - Unregistering Metrics Registry : ratis.log_appender.c76c366c-8643-4ee1-839d-0bd7e1d17140@group-6044C54C1309
2021-04-10 01:07:10,630 [ForkJoinPool.commonPool-worker-0] INFO  metrics.RatisMetrics (RatisMetrics.java:unregister(43)) - Unregistering Metrics Registry : ratis.server.c76c366c-8643-4ee1-839d-0bd7e1d17140@group-6044C54C1309
2021-04-10 01:07:10,631 [ForkJoinPool.commonPool-worker-0] INFO  impl.StateMachineUpdater (StateMachineUpdater.java:stopAndJoin(149)) - c76c366c-8643-4ee1-839d-0bd7e1d17140@group-6044C54C1309-StateMachineUpdater: set stopIndex = 0
2021-04-10 01:07:10,631 [c76c366c-8643-4ee1-839d-0bd7e1d17140@group-6044C54C1309-StateMachineUpdater] INFO  ratis.ContainerStateMachine (ContainerStateMachine.java:takeSnapshot(292)) - group-6044C54C1309: Taking a snapshot at:(t:1, i:0) file /github/workspace/mnt/ozone/hadoop-ozone/integration-test/target/test-dir/MiniOzoneClusterImpl-da946c58-7c29-4448-876e-997be65f487e/datanode-0/data/ratis/6aeab63b-df6b-4849-8c05-6044c54c1309/sm/snapshot.1_0
2021-04-10 01:07:10,632 [8c8eae1d-dd67-4c0e-97f4-ede4c5bc644d@group-2755706699C4-StateMachineUpdater] INFO  ratis.ContainerStateMachine (ContainerStateMachine.java:takeSnapshot(292)) - group-2755706699C4: Taking a snapshot at:(t:1, i:0) file /github/workspace/mnt/ozone/hadoop-ozone/integration-test/target/test-dir/MiniOzoneClusterImpl-da946c58-7c29-4448-876e-997be65f487e/datanode-7/data/ratis/bb459efc-16c8-4713-bf14-2755706699c4/sm/snapshot.1_0
2021-04-10 01:07:10,632 [Listener at 127.0.0.1/35629] INFO  impl.StateMachineUpdater (StateMachineUpdater.java:stopAndJoin(149)) - 8c8eae1d-dd67-4c0e-97f4-ede4c5bc644d@group-2755706699C4-StateMachineUpdater: set stopIndex = 0
2021-04-10 01:07:10,632 [c76c366c-8643-4ee1-839d-0bd7e1d17140@group-6044C54C1309-StateMachineUpdater] INFO  ratis.ContainerStateMachine (ContainerStateMachine.java:takeSnapshot(303)) - group-6044C54C1309: Finished taking a snapshot at:(t:1, i:0) file:/github/workspace/mnt/ozone/hadoop-ozone/integration-test/target/test-dir/MiniOzoneClusterImpl-da946c58-7c29-4448-876e-997be65f487e/datanode-0/data/ratis/6aeab63b-df6b-4849-8c05-6044c54c1309/sm/snapshot.1_0 took: 1 ms
2021-04-10 01:07:10,633 [c76c366c-8643-4ee1-839d-0bd7e1d17140@group-6044C54C1309-StateMachineUpdater] INFO  impl.StateMachineUpdater (StateMachineUpdater.java:takeSnapshot(281)) - c76c366c-8643-4ee1-839d-0bd7e1d17140@group-6044C54C1309-StateMachineUpdater: Took a snapshot at index 0
2021-04-10 01:07:10,633 [c76c366c-8643-4ee1-839d-0bd7e1d17140@group-6044C54C1309-StateMachineUpdater] INFO  impl.StateMachineUpdater (StateMachineUpdater.java:lambda$new$0(89)) - c76c366c-8643-4ee1-839d-0bd7e1d17140@group-6044C54C1309-StateMachineUpdater: snapshotIndex: updateIncreasingly -1 -> 0
2021-04-10 01:07:10,633 [c76c366c-8643-4ee1-839d-0bd7e1d17140@group-6044C54C1309-StateMachineUpdater] INFO  metrics.RatisMetrics (RatisMetrics.java:unregister(43)) - Unregistering Metrics Registry : ratis.state_machine.c76c366c-8643-4ee1-839d-0bd7e1d17140@group-6044C54C1309
2021-04-10 01:07:10,633 [8c8eae1d-dd67-4c0e-97f4-ede4c5bc644d@group-2755706699C4-StateMachineUpdater] INFO  ratis.ContainerStateMachine (ContainerStateMachine.java:takeSnapshot(303)) - group-2755706699C4: Finished taking a snapshot at:(t:1, i:0) file:/github/workspace/mnt/ozone/hadoop-ozone/integration-test/target/test-dir/MiniOzoneClusterImpl-da946c58-7c29-4448-876e-997be65f487e/datanode-7/data/ratis/bb459efc-16c8-4713-bf14-2755706699c4/sm/snapshot.1_0 took: 2 ms
2021-04-10 01:07:10,633 [8c8eae1d-dd67-4c0e-97f4-ede4c5bc644d@group-2755706699C4-StateMachineUpdater] INFO  impl.StateMachineUpdater (StateMachineUpdater.java:takeSnapshot(281)) - 8c8eae1d-dd67-4c0e-97f4-ede4c5bc644d@group-2755706699C4-StateMachineUpdater: Took a snapshot at index 0
2021-04-10 01:07:10,633 [8c8eae1d-dd67-4c0e-97f4-ede4c5bc644d@group-2755706699C4-StateMachineUpdater] INFO  impl.StateMachineUpdater (StateMachineUpdater.java:lambda$new$0(89)) - 8c8eae1d-dd67-4c0e-97f4-ede4c5bc644d@group-2755706699C4-StateMachineUpdater: snapshotIndex: updateIncreasingly -1 -> 0
2021-04-10 01:07:10,634 [8c8eae1d-dd67-4c0e-97f4-ede4c5bc644d@group-2755706699C4-StateMachineUpdater] INFO  metrics.RatisMetrics (RatisMetrics.java:unregister(43)) - Unregistering Metrics Registry : ratis.state_machine.8c8eae1d-dd67-4c0e-97f4-ede4c5bc644d@group-2755706699C4
2021-04-10 01:07:10,634 [ForkJoinPool.commonPool-worker-0] INFO  server.RaftServer$Division (ServerState.java:close(405)) - c76c366c-8643-4ee1-839d-0bd7e1d17140@group-6044C54C1309: closes. applyIndex: 0
2021-04-10 01:07:10,634 [c76c366c-8643-4ee1-839d-0bd7e1d17140@group-6044C54C1309-SegmentedRaftLogWorker] INFO  segmented.SegmentedRaftLogWorker (SegmentedRaftLogWorker.java:run(327)) - c76c366c-8643-4ee1-839d-0bd7e1d17140@group-6044C54C1309-SegmentedRaftLogWorker was interrupted, exiting. There are 0 tasks remaining in the queue.
2021-04-10 01:07:10,634 [Listener at 127.0.0.1/35629] INFO  server.RaftServer$Division (ServerState.java:close(405)) - 8c8eae1d-dd67-4c0e-97f4-ede4c5bc644d@group-2755706699C4: closes. applyIndex: 0
2021-04-10 01:07:10,635 [8c8eae1d-dd67-4c0e-97f4-ede4c5bc644d@group-2755706699C4-SegmentedRaftLogWorker] INFO  segmented.SegmentedRaftLogWorker (SegmentedRaftLogWorker.java:run(327)) - 8c8eae1d-dd67-4c0e-97f4-ede4c5bc644d@group-2755706699C4-SegmentedRaftLogWorker was interrupted, exiting. There are 0 tasks remaining in the queue.
2021-04-10 01:07:10,635 [ForkJoinPool.commonPool-worker-0] INFO  segmented.SegmentedRaftLogWorker (SegmentedRaftLogWorker.java:close(237)) - c76c366c-8643-4ee1-839d-0bd7e1d17140@group-6044C54C1309-SegmentedRaftLogWorker close()
2021-04-10 01:07:10,636 [Listener at 127.0.0.1/35629] INFO  segmented.SegmentedRaftLogWorker (SegmentedRaftLogWorker.java:close(237)) - 8c8eae1d-dd67-4c0e-97f4-ede4c5bc644d@group-2755706699C4-SegmentedRaftLogWorker close()
2021-04-10 01:07:10,638 [ForkJoinPool.commonPool-worker-0] INFO  metrics.RatisMetrics (RatisMetrics.java:unregister(43)) - Unregistering Metrics Registry : ratis.log_worker.c76c366c-8643-4ee1-839d-0bd7e1d17140@group-6044C54C1309
2021-04-10 01:07:10,639 [ForkJoinPool.commonPool-worker-0] INFO  metrics.RatisMetrics (RatisMetrics.java:unregister(43)) - Unregistering Metrics Registry : ratis.leader_election.c76c366c-8643-4ee1-839d-0bd7e1d17140@group-6044C54C1309
2021-04-10 01:07:10,639 [ForkJoinPool.commonPool-worker-0] INFO  metrics.RatisMetrics (RatisMetrics.java:unregister(43)) - Unregistering Metrics Registry : ratis.server.c76c366c-8643-4ee1-839d-0bd7e1d17140@group-6044C54C1309
2021-04-10 01:07:10,639 [ForkJoinPool.commonPool-worker-0] INFO  server.RaftServer$Division (RaftServerImpl.java:lambda$close$4(406)) - c76c366c-8643-4ee1-839d-0bd7e1d17140@group-0E929E22572F: shutdown
2021-04-10 01:07:10,639 [ForkJoinPool.commonPool-worker-0] INFO  util.JmxRegister (JmxRegister.java:unregister(73)) - Successfully un-registered JMX Bean with object name Ratis:service=RaftServer,group=group-0E929E22572F,id=c76c366c-8643-4ee1-839d-0bd7e1d17140
2021-04-10 01:07:10,640 [ForkJoinPool.commonPool-worker-0] INFO  impl.RoleInfo (RoleInfo.java:shutdownFollowerState(108)) - c76c366c-8643-4ee1-839d-0bd7e1d17140: shutdown c76c366c-8643-4ee1-839d-0bd7e1d17140@group-0E929E22572F-FollowerState
2021-04-10 01:07:10,640 [c76c366c-8643-4ee1-839d-0bd7e1d17140@group-0E929E22572F-FollowerState] INFO  impl.FollowerState (FollowerState.java:run(143)) - c76c366c-8643-4ee1-839d-0bd7e1d17140@group-0E929E22572F-FollowerState was interrupted: {}
java.lang.InterruptedException: sleep interrupted
	at java.lang.Thread.sleep(Native Method)
	at java.lang.Thread.sleep(Thread.java:340)
	at java.util.concurrent.TimeUnit.sleep(TimeUnit.java:386)
	at org.apache.ratis.util.TimeDuration.sleep(TimeDuration.java:324)
	at org.apache.ratis.util.TimeDuration.sleep(TimeDuration.java:309)
	at org.apache.ratis.server.impl.FollowerState.run(FollowerState.java:118)
2021-04-10 01:07:10,641 [c76c366c-8643-4ee1-839d-0bd7e1d17140@group-0E929E22572F-StateMachineUpdater] INFO  ratis.ContainerStateMachine (ContainerStateMachine.java:takeSnapshot(292)) - group-0E929E22572F: Taking a snapshot at:(t:5, i:0) file /github/workspace/mnt/ozone/hadoop-ozone/integration-test/target/test-dir/MiniOzoneClusterImpl-da946c58-7c29-4448-876e-997be65f487e/datanode-0/data/ratis/1c27daa1-949f-46e1-994e-0e929e22572f/sm/snapshot.5_0
2021-04-10 01:07:10,641 [ForkJoinPool.commonPool-worker-0] INFO  impl.StateMachineUpdater (StateMachineUpdater.java:stopAndJoin(149)) - c76c366c-8643-4ee1-839d-0bd7e1d17140@group-0E929E22572F-StateMachineUpdater: set stopIndex = 0
2021-04-10 01:07:10,641 [Listener at 127.0.0.1/35629] INFO  metrics.RatisMetrics (RatisMetrics.java:unregister(43)) - Unregistering Metrics Registry : ratis.log_worker.8c8eae1d-dd67-4c0e-97f4-ede4c5bc644d@group-2755706699C4
2021-04-10 01:07:10,642 [c76c366c-8643-4ee1-839d-0bd7e1d17140@group-0E929E22572F-StateMachineUpdater] INFO  ratis.ContainerStateMachine (ContainerStateMachine.java:takeSnapshot(303)) - group-0E929E22572F: Finished taking a snapshot at:(t:5, i:0) file:/github/workspace/mnt/ozone/hadoop-ozone/integration-test/target/test-dir/MiniOzoneClusterImpl-da946c58-7c29-4448-876e-997be65f487e/datanode-0/data/ratis/1c27daa1-949f-46e1-994e-0e929e22572f/sm/snapshot.5_0 took: 1 ms
2021-04-10 01:07:10,642 [c76c366c-8643-4ee1-839d-0bd7e1d17140@group-0E929E22572F-StateMachineUpdater] INFO  impl.StateMachineUpdater (StateMachineUpdater.java:takeSnapshot(281)) - c76c366c-8643-4ee1-839d-0bd7e1d17140@group-0E929E22572F-StateMachineUpdater: Took a snapshot at index 0
2021-04-10 01:07:10,642 [c76c366c-8643-4ee1-839d-0bd7e1d17140@group-0E929E22572F-StateMachineUpdater] INFO  impl.StateMachineUpdater (StateMachineUpdater.java:lambda$new$0(89)) - c76c366c-8643-4ee1-839d-0bd7e1d17140@group-0E929E22572F-StateMachineUpdater: snapshotIndex: updateIncreasingly -1 -> 0
2021-04-10 01:07:10,642 [c76c366c-8643-4ee1-839d-0bd7e1d17140@group-0E929E22572F-StateMachineUpdater] INFO  metrics.RatisMetrics (RatisMetrics.java:unregister(43)) - Unregistering Metrics Registry : ratis.state_machine.c76c366c-8643-4ee1-839d-0bd7e1d17140@group-0E929E22572F
2021-04-10 01:07:10,642 [ForkJoinPool.commonPool-worker-0] INFO  server.RaftServer$Division (ServerState.java:close(405)) - c76c366c-8643-4ee1-839d-0bd7e1d17140@group-0E929E22572F: closes. applyIndex: 0
2021-04-10 01:07:10,643 [c76c366c-8643-4ee1-839d-0bd7e1d17140@group-0E929E22572F-SegmentedRaftLogWorker] INFO  segmented.SegmentedRaftLogWorker (SegmentedRaftLogWorker.java:run(327)) - c76c366c-8643-4ee1-839d-0bd7e1d17140@group-0E929E22572F-SegmentedRaftLogWorker was interrupted, exiting. There are 0 tasks remaining in the queue.
2021-04-10 01:07:10,643 [ForkJoinPool.commonPool-worker-0] INFO  segmented.SegmentedRaftLogWorker (SegmentedRaftLogWorker.java:close(237)) - c76c366c-8643-4ee1-839d-0bd7e1d17140@group-0E929E22572F-SegmentedRaftLogWorker close()
2021-04-10 01:07:10,643 [Listener at 127.0.0.1/35629] INFO  metrics.RatisMetrics (RatisMetrics.java:unregister(43)) - Unregistering Metrics Registry : ratis.leader_election.8c8eae1d-dd67-4c0e-97f4-ede4c5bc644d@group-2755706699C4
2021-04-10 01:07:10,643 [Listener at 127.0.0.1/35629] INFO  metrics.RatisMetrics (RatisMetrics.java:unregister(43)) - Unregistering Metrics Registry : ratis.server.8c8eae1d-dd67-4c0e-97f4-ede4c5bc644d@group-2755706699C4
2021-04-10 01:07:10,644 [Listener at 127.0.0.1/35629] INFO  server.RaftServer$Division (RaftServerImpl.java:lambda$close$4(406)) - 8c8eae1d-dd67-4c0e-97f4-ede4c5bc644d@group-923F87AB690E: shutdown
2021-04-10 01:07:10,644 [Listener at 127.0.0.1/35629] INFO  util.JmxRegister (JmxRegister.java:unregister(73)) - Successfully un-registered JMX Bean with object name Ratis:service=RaftServer,group=group-923F87AB690E,id=8c8eae1d-dd67-4c0e-97f4-ede4c5bc644d
2021-04-10 01:07:10,644 [Listener at 127.0.0.1/35629] INFO  impl.RoleInfo (RoleInfo.java:shutdownFollowerState(108)) - 8c8eae1d-dd67-4c0e-97f4-ede4c5bc644d: shutdown 8c8eae1d-dd67-4c0e-97f4-ede4c5bc644d@group-923F87AB690E-FollowerState
2021-04-10 01:07:10,644 [8c8eae1d-dd67-4c0e-97f4-ede4c5bc644d@group-923F87AB690E-FollowerState] INFO  impl.FollowerState (FollowerState.java:run(143)) - 8c8eae1d-dd67-4c0e-97f4-ede4c5bc644d@group-923F87AB690E-FollowerState was interrupted: {}
java.lang.InterruptedException: sleep interrupted
	at java.lang.Thread.sleep(Native Method)
	at java.lang.Thread.sleep(Thread.java:340)
	at java.util.concurrent.TimeUnit.sleep(TimeUnit.java:386)
	at org.apache.ratis.util.TimeDuration.sleep(TimeDuration.java:324)
	at org.apache.ratis.util.TimeDuration.sleep(TimeDuration.java:309)
	at org.apache.ratis.server.impl.FollowerState.run(FollowerState.java:118)
2021-04-10 01:07:10,645 [Listener at 127.0.0.1/35629] INFO  impl.StateMachineUpdater (StateMachineUpdater.java:stopAndJoin(149)) - 8c8eae1d-dd67-4c0e-97f4-ede4c5bc644d@group-923F87AB690E-StateMachineUpdater: set stopIndex = 0
2021-04-10 01:07:10,645 [8c8eae1d-dd67-4c0e-97f4-ede4c5bc644d@group-923F87AB690E-StateMachineUpdater] INFO  ratis.ContainerStateMachine (ContainerStateMachine.java:takeSnapshot(292)) - group-923F87AB690E: Taking a snapshot at:(t:4, i:0) file /github/workspace/mnt/ozone/hadoop-ozone/integration-test/target/test-dir/MiniOzoneClusterImpl-da946c58-7c29-4448-876e-997be65f487e/datanode-7/data/ratis/cc6f6b40-9f48-4411-b909-923f87ab690e/sm/snapshot.4_0
2021-04-10 01:07:10,645 [ForkJoinPool.commonPool-worker-0] INFO  metrics.RatisMetrics (RatisMetrics.java:unregister(43)) - Unregistering Metrics Registry : ratis.log_worker.c76c366c-8643-4ee1-839d-0bd7e1d17140@group-0E929E22572F
2021-04-10 01:07:10,646 [ForkJoinPool.commonPool-worker-0] INFO  metrics.RatisMetrics (RatisMetrics.java:unregister(43)) - Unregistering Metrics Registry : ratis.leader_election.c76c366c-8643-4ee1-839d-0bd7e1d17140@group-0E929E22572F
2021-04-10 01:07:10,646 [ForkJoinPool.commonPool-worker-0] INFO  metrics.RatisMetrics (RatisMetrics.java:unregister(43)) - Unregistering Metrics Registry : ratis.server.c76c366c-8643-4ee1-839d-0bd7e1d17140@group-0E929E22572F
2021-04-10 01:07:10,646 [ForkJoinPool.commonPool-worker-0] INFO  server.GrpcService (GrpcService.java:closeImpl(262)) - c76c366c-8643-4ee1-839d-0bd7e1d17140: shutdown server with port 37239 now
2021-04-10 01:07:10,646 [8c8eae1d-dd67-4c0e-97f4-ede4c5bc644d@group-923F87AB690E-StateMachineUpdater] INFO  ratis.ContainerStateMachine (ContainerStateMachine.java:takeSnapshot(303)) - group-923F87AB690E: Finished taking a snapshot at:(t:4, i:0) file:/github/workspace/mnt/ozone/hadoop-ozone/integration-test/target/test-dir/MiniOzoneClusterImpl-da946c58-7c29-4448-876e-997be65f487e/datanode-7/data/ratis/cc6f6b40-9f48-4411-b909-923f87ab690e/sm/snapshot.4_0 took: 2 ms
2021-04-10 01:07:10,646 [8c8eae1d-dd67-4c0e-97f4-ede4c5bc644d@group-923F87AB690E-StateMachineUpdater] INFO  impl.StateMachineUpdater (StateMachineUpdater.java:takeSnapshot(281)) - 8c8eae1d-dd67-4c0e-97f4-ede4c5bc644d@group-923F87AB690E-StateMachineUpdater: Took a snapshot at index 0
2021-04-10 01:07:10,647 [8c8eae1d-dd67-4c0e-97f4-ede4c5bc644d@group-923F87AB690E-StateMachineUpdater] INFO  impl.StateMachineUpdater (StateMachineUpdater.java:lambda$new$0(89)) - 8c8eae1d-dd67-4c0e-97f4-ede4c5bc644d@group-923F87AB690E-StateMachineUpdater: snapshotIndex: updateIncreasingly -1 -> 0
2021-04-10 01:07:10,647 [8c8eae1d-dd67-4c0e-97f4-ede4c5bc644d@group-923F87AB690E-StateMachineUpdater] INFO  metrics.RatisMetrics (RatisMetrics.java:unregister(43)) - Unregistering Metrics Registry : ratis.state_machine.8c8eae1d-dd67-4c0e-97f4-ede4c5bc644d@group-923F87AB690E
2021-04-10 01:07:10,647 [Listener at 127.0.0.1/35629] INFO  server.RaftServer$Division (ServerState.java:close(405)) - 8c8eae1d-dd67-4c0e-97f4-ede4c5bc644d@group-923F87AB690E: closes. applyIndex: 0
2021-04-10 01:07:10,650 [8c8eae1d-dd67-4c0e-97f4-ede4c5bc644d@group-923F87AB690E-SegmentedRaftLogWorker] INFO  segmented.SegmentedRaftLogWorker (SegmentedRaftLogWorker.java:run(327)) - 8c8eae1d-dd67-4c0e-97f4-ede4c5bc644d@group-923F87AB690E-SegmentedRaftLogWorker was interrupted, exiting. There are 0 tasks remaining in the queue.
2021-04-10 01:07:10,650 [Listener at 127.0.0.1/35629] INFO  segmented.SegmentedRaftLogWorker (SegmentedRaftLogWorker.java:close(237)) - 8c8eae1d-dd67-4c0e-97f4-ede4c5bc644d@group-923F87AB690E-SegmentedRaftLogWorker close()
2021-04-10 01:07:10,651 [grpc-default-executor-3] WARN  server.GrpcServerProtocolService (LogUtils.java:warn(122)) - c76c366c-8643-4ee1-839d-0bd7e1d17140: installSnapshot onError, lastRequest: 21f15bd4-cfa2-4f88-85d5-ad2919bb380f->c76c366c-8643-4ee1-839d-0bd7e1d17140#1-t5,previous=(t:0, i:0),leaderCommit=0,initializing? true,entries: size=1, first=(t:5, i:0), CONFIGURATIONENTRY: org.apache.ratis.thirdparty.io.grpc.StatusRuntimeException: CANCELLED: client cancelled
2021-04-10 01:07:10,651 [grpc-default-executor-4] WARN  server.GrpcLogAppender (LogUtils.java:warn(122)) - 21f15bd4-cfa2-4f88-85d5-ad2919bb380f@group-0E929E22572F->c76c366c-8643-4ee1-839d-0bd7e1d17140-AppendLogResponseHandler: Failed appendEntries: org.apache.ratis.thirdparty.io.grpc.StatusRuntimeException: CANCELLED: HTTP/2 error code: CANCEL
Received Rst Stream
2021-04-10 01:07:10,651 [grpc-default-executor-4] WARN  server.GrpcLogAppender (GrpcLogAppender.java:resetClient(111)) - 21f15bd4-cfa2-4f88-85d5-ad2919bb380f@group-0E929E22572F->c76c366c-8643-4ee1-839d-0bd7e1d17140-GrpcLogAppender: Leader has not got in touch with Follower 21f15bd4-cfa2-4f88-85d5-ad2919bb380f@group-0E929E22572F->c76c366c-8643-4ee1-839d-0bd7e1d17140(c0,m0,n1, attendVote=true, lastRpcSendTime=1952, lastRpcResponseTime=1945) yet, just keep nextIndex unchanged and retry.
2021-04-10 01:07:10,666 [Listener at 127.0.0.1/35629] INFO  metrics.RatisMetrics (RatisMetrics.java:unregister(43)) - Unregistering Metrics Registry : ratis.log_worker.8c8eae1d-dd67-4c0e-97f4-ede4c5bc644d@group-923F87AB690E
2021-04-10 01:07:10,666 [Listener at 127.0.0.1/35629] INFO  metrics.RatisMetrics (RatisMetrics.java:unregister(43)) - Unregistering Metrics Registry : ratis.leader_election.8c8eae1d-dd67-4c0e-97f4-ede4c5bc644d@group-923F87AB690E
2021-04-10 01:07:10,666 [Listener at 127.0.0.1/35629] INFO  metrics.RatisMetrics (RatisMetrics.java:unregister(43)) - Unregistering Metrics Registry : ratis.server.8c8eae1d-dd67-4c0e-97f4-ede4c5bc644d@group-923F87AB690E
2021-04-10 01:07:10,666 [Listener at 127.0.0.1/35629] INFO  server.GrpcService (GrpcService.java:closeImpl(262)) - 8c8eae1d-dd67-4c0e-97f4-ede4c5bc644d: shutdown server with port 39261 now
2021-04-10 01:07:10,695 [grpc-default-executor-3] WARN  server.GrpcServerProtocolService (LogUtils.java:warn(122)) - 8c8eae1d-dd67-4c0e-97f4-ede4c5bc644d: installSnapshot onError, lastRequest: 51a677ad-ae3c-4805-a988-993e59f99449->8c8eae1d-dd67-4c0e-97f4-ede4c5bc644d#1-t4,previous=(t:0, i:0),leaderCommit=-1,initializing? true,entries: size=1, first=(t:4, i:0), CONFIGURATIONENTRY: org.apache.ratis.thirdparty.io.grpc.StatusRuntimeException: CANCELLED: client cancelled
2021-04-10 01:07:10,696 [grpc-default-executor-5] WARN  server.GrpcLogAppender (LogUtils.java:warn(122)) - 51a677ad-ae3c-4805-a988-993e59f99449@group-923F87AB690E->8c8eae1d-dd67-4c0e-97f4-ede4c5bc644d-AppendLogResponseHandler: Failed appendEntries: org.apache.ratis.thirdparty.io.grpc.StatusRuntimeException: CANCELLED: HTTP/2 error code: CANCEL
Received Rst Stream
2021-04-10 01:07:10,697 [grpc-default-executor-5] WARN  server.GrpcLogAppender (GrpcLogAppender.java:resetClient(111)) - 51a677ad-ae3c-4805-a988-993e59f99449@group-923F87AB690E->8c8eae1d-dd67-4c0e-97f4-ede4c5bc644d-GrpcLogAppender: Leader has not got in touch with Follower 51a677ad-ae3c-4805-a988-993e59f99449@group-923F87AB690E->8c8eae1d-dd67-4c0e-97f4-ede4c5bc644d(c0,m0,n1, attendVote=true, lastRpcSendTime=732, lastRpcResponseTime=730) yet, just keep nextIndex unchanged and retry.
2021-04-10 01:07:10,713 [Listener at 127.0.0.1/35629] INFO  server.GrpcService (GrpcService.java:closeImpl(271)) - 8c8eae1d-dd67-4c0e-97f4-ede4c5bc644d: shutdown server with port 39261 successfully
2021-04-10 01:07:10,713 [org.apache.ratis.util.JvmPauseMonitor$$Lambda$503/290751331@12ae4954] INFO  util.JvmPauseMonitor (JvmPauseMonitor.java:run(109)) - JvmPauseMonitor-8c8eae1d-dd67-4c0e-97f4-ede4c5bc644d: Stopped
2021-04-10 01:07:10,738 [ForkJoinPool.commonPool-worker-0] INFO  server.GrpcService (GrpcService.java:closeImpl(271)) - c76c366c-8643-4ee1-839d-0bd7e1d17140: shutdown server with port 37239 successfully
2021-04-10 01:07:10,738 [org.apache.ratis.util.JvmPauseMonitor$$Lambda$503/290751331@755bde2c] INFO  util.JvmPauseMonitor (JvmPauseMonitor.java:run(109)) - JvmPauseMonitor-c76c366c-8643-4ee1-839d-0bd7e1d17140: Stopped
2021-04-10 01:07:10,740 [Listener at 127.0.0.1/35629] INFO  utils.BackgroundService (BackgroundService.java:shutdown(132)) - Shutting down service BlockDeletingService
2021-04-10 01:07:10,746 [Listener at 127.0.0.1/35629] INFO  statemachine.DatanodeStateMachine (DatanodeStateMachine.java:stopDaemon(469)) - Ozone container server stopped.
2021-04-10 01:07:10,767 [ForkJoinPool.commonPool-worker-0] INFO  utils.BackgroundService (BackgroundService.java:shutdown(132)) - Shutting down service BlockDeletingService
2021-04-10 01:07:10,778 [ForkJoinPool.commonPool-worker-0] INFO  statemachine.DatanodeStateMachine (DatanodeStateMachine.java:stopDaemon(469)) - Ozone container server stopped.
2021-04-10 01:07:10,795 [Listener at 127.0.0.1/35629] INFO  handler.ContextHandler (ContextHandler.java:doStop(1154)) - Stopped o.e.j.w.WebAppContext@940fe23{hddsDatanode,/,null,STOPPED}{jar:file:/home/user/.m2/repository/org/apache/hadoop/hadoop-hdds-container-service/1.1.0-SNAPSHOT/hadoop-hdds-container-service-1.1.0-SNAPSHOT.jar!/webapps/hddsDatanode}
2021-04-10 01:07:10,795 [Listener at 127.0.0.1/35629] INFO  server.AbstractConnector (AbstractConnector.java:doStop(381)) - Stopped ServerConnector@6414b660{HTTP/1.1, (http/1.1)}{0.0.0.0:0}
2021-04-10 01:07:10,796 [Listener at 127.0.0.1/35629] INFO  server.session (HouseKeeper.java:stopScavenging(149)) - node0 Stopped scavenging
2021-04-10 01:07:10,818 [Listener at 127.0.0.1/35629] INFO  handler.ContextHandler (ContextHandler.java:doStop(1154)) - Stopped o.e.j.s.ServletContextHandler@1006b95{static,/static,jar:file:/home/user/.m2/repository/org/apache/hadoop/hadoop-hdds-container-service/1.1.0-SNAPSHOT/hadoop-hdds-container-service-1.1.0-SNAPSHOT.jar!/webapps/static,STOPPED}
2021-04-10 01:07:10,819 [Listener at 127.0.0.1/35629] INFO  handler.ContextHandler (ContextHandler.java:doStop(1154)) - Stopped o.e.j.s.ServletContextHandler@407e7434{logs,/logs,file:///github/workspace/mnt/ozone/hadoop-ozone/integration-test/target/log,STOPPED}
2021-04-10 01:07:10,823 [ForkJoinPool.commonPool-worker-0] INFO  handler.ContextHandler (ContextHandler.java:doStop(1154)) - Stopped o.e.j.w.WebAppContext@6683cf7a{hddsDatanode,/,null,STOPPED}{jar:file:/home/user/.m2/repository/org/apache/hadoop/hadoop-hdds-container-service/1.1.0-SNAPSHOT/hadoop-hdds-container-service-1.1.0-SNAPSHOT.jar!/webapps/hddsDatanode}
2021-04-10 01:07:10,826 [ForkJoinPool.commonPool-worker-0] INFO  server.AbstractConnector (AbstractConnector.java:doStop(381)) - Stopped ServerConnector@d13ba95{HTTP/1.1, (http/1.1)}{0.0.0.0:0}
2021-04-10 01:07:10,826 [ForkJoinPool.commonPool-worker-0] INFO  server.session (HouseKeeper.java:stopScavenging(149)) - node0 Stopped scavenging
2021-04-10 01:07:10,826 [ForkJoinPool.commonPool-worker-0] INFO  handler.ContextHandler (ContextHandler.java:doStop(1154)) - Stopped o.e.j.s.ServletContextHandler@7fdbab6c{static,/static,jar:file:/home/user/.m2/repository/org/apache/hadoop/hadoop-hdds-container-service/1.1.0-SNAPSHOT/hadoop-hdds-container-service-1.1.0-SNAPSHOT.jar!/webapps/static,STOPPED}
2021-04-10 01:07:10,827 [ForkJoinPool.commonPool-worker-0] INFO  handler.ContextHandler (ContextHandler.java:doStop(1154)) - Stopped o.e.j.s.ServletContextHandler@4f405fa7{logs,/logs,file:///github/workspace/mnt/ozone/hadoop-ozone/integration-test/target/log,STOPPED}
2021-04-10 01:07:11,173 [grpc-default-executor-5] WARN  server.GrpcLogAppender (LogUtils.java:warn(122)) - 21f15bd4-cfa2-4f88-85d5-ad2919bb380f@group-0E929E22572F->9eda0c20-f49c-4c2b-9c3e-213dec6e2110-AppendLogResponseHandler: Failed appendEntries: org.apache.ratis.thirdparty.io.grpc.StatusRuntimeException: UNAVAILABLE: io exception
2021-04-10 01:07:11,174 [grpc-default-executor-5] WARN  server.GrpcLogAppender (GrpcLogAppender.java:resetClient(111)) - 21f15bd4-cfa2-4f88-85d5-ad2919bb380f@group-0E929E22572F->9eda0c20-f49c-4c2b-9c3e-213dec6e2110-GrpcLogAppender: Leader has not got in touch with Follower 21f15bd4-cfa2-4f88-85d5-ad2919bb380f@group-0E929E22572F->9eda0c20-f49c-4c2b-9c3e-213dec6e2110(c-1,m0,n1, attendVote=true, lastRpcSendTime=2511, lastRpcResponseTime=12739) yet, just keep nextIndex unchanged and retry.
2021-04-10 01:07:11,208 [grpc-default-executor-3] WARN  server.GrpcLogAppender (LogUtils.java:warn(122)) - 21f15bd4-cfa2-4f88-85d5-ad2919bb380f@group-0E929E22572F->c76c366c-8643-4ee1-839d-0bd7e1d17140-AppendLogResponseHandler: Failed appendEntries: org.apache.ratis.thirdparty.io.grpc.StatusRuntimeException: UNAVAILABLE: io exception
2021-04-10 01:07:11,208 [grpc-default-executor-3] WARN  server.GrpcLogAppender (GrpcLogAppender.java:resetClient(111)) - 21f15bd4-cfa2-4f88-85d5-ad2919bb380f@group-0E929E22572F->c76c366c-8643-4ee1-839d-0bd7e1d17140-GrpcLogAppender: Leader has not got in touch with Follower 21f15bd4-cfa2-4f88-85d5-ad2919bb380f@group-0E929E22572F->c76c366c-8643-4ee1-839d-0bd7e1d17140(c0,m0,n1, attendVote=true, lastRpcSendTime=1, lastRpcResponseTime=2502) yet, just keep nextIndex unchanged and retry.
2021-04-10 01:07:11,638 [Datanode State Machine Thread - 0] INFO  statemachine.DatanodeStateMachine (DatanodeStateMachine.java:lambda$startDaemon$0(411)) - Ozone container server started.
2021-04-10 01:07:11,911 [Datanode State Machine Thread - 0] INFO  statemachine.DatanodeStateMachine (DatanodeStateMachine.java:lambda$startDaemon$0(411)) - Ozone container server started.
2021-04-10 01:07:12,469 [grpc-default-executor-5] WARN  server.GrpcLogAppender (LogUtils.java:warn(122)) - 51a677ad-ae3c-4805-a988-993e59f99449@group-923F87AB690E->8c8eae1d-dd67-4c0e-97f4-ede4c5bc644d-AppendLogResponseHandler: Failed appendEntries: org.apache.ratis.thirdparty.io.grpc.StatusRuntimeException: UNAVAILABLE: io exception
2021-04-10 01:07:12,469 [grpc-default-executor-5] WARN  server.GrpcLogAppender (GrpcLogAppender.java:resetClient(111)) - 51a677ad-ae3c-4805-a988-993e59f99449@group-923F87AB690E->8c8eae1d-dd67-4c0e-97f4-ede4c5bc644d-GrpcLogAppender: Leader has not got in touch with Follower 51a677ad-ae3c-4805-a988-993e59f99449@group-923F87AB690E->8c8eae1d-dd67-4c0e-97f4-ede4c5bc644d(c0,m0,n1, attendVote=true, lastRpcSendTime=2, lastRpcResponseTime=2503) yet, just keep nextIndex unchanged and retry.
2021-04-10 01:07:13,678 [grpc-default-executor-5] WARN  server.GrpcLogAppender (LogUtils.java:warn(122)) - 21f15bd4-cfa2-4f88-85d5-ad2919bb380f@group-0E929E22572F->9eda0c20-f49c-4c2b-9c3e-213dec6e2110-AppendLogResponseHandler: Failed appendEntries: org.apache.ratis.thirdparty.io.grpc.StatusRuntimeException: UNAVAILABLE: io exception
2021-04-10 01:07:13,678 [grpc-default-executor-5] WARN  server.GrpcLogAppender (GrpcLogAppender.java:resetClient(111)) - 21f15bd4-cfa2-4f88-85d5-ad2919bb380f@group-0E929E22572F->9eda0c20-f49c-4c2b-9c3e-213dec6e2110-GrpcLogAppender: Leader has not got in touch with Follower 21f15bd4-cfa2-4f88-85d5-ad2919bb380f@group-0E929E22572F->9eda0c20-f49c-4c2b-9c3e-213dec6e2110(c-1,m0,n1, attendVote=true, lastRpcSendTime=0, lastRpcResponseTime=15243) yet, just keep nextIndex unchanged and retry.
2021-04-10 01:07:13,712 [grpc-default-executor-5] WARN  server.GrpcLogAppender (LogUtils.java:warn(122)) - 21f15bd4-cfa2-4f88-85d5-ad2919bb380f@group-0E929E22572F->c76c366c-8643-4ee1-839d-0bd7e1d17140-AppendLogResponseHandler: Failed appendEntries: org.apache.ratis.thirdparty.io.grpc.StatusRuntimeException: UNAVAILABLE: io exception
2021-04-10 01:07:13,712 [grpc-default-executor-5] WARN  server.GrpcLogAppender (GrpcLogAppender.java:resetClient(111)) - 21f15bd4-cfa2-4f88-85d5-ad2919bb380f@group-0E929E22572F->c76c366c-8643-4ee1-839d-0bd7e1d17140-GrpcLogAppender: Leader has not got in touch with Follower 21f15bd4-cfa2-4f88-85d5-ad2919bb380f@group-0E929E22572F->c76c366c-8643-4ee1-839d-0bd7e1d17140(c0,m0,n1, attendVote=true, lastRpcSendTime=0, lastRpcResponseTime=5006) yet, just keep nextIndex unchanged and retry.
2021-04-10 01:07:14,065 [21f15bd4-cfa2-4f88-85d5-ad2919bb380f@group-0E929E22572F-LeaderStateImpl] INFO  server.RaftServer$Division (LeaderStateImpl.java:yieldLeaderToHigherPriorityPeer(900)) - 21f15bd4-cfa2-4f88-85d5-ad2919bb380f@group-0E929E22572F-LeaderStateImpl send StartLeaderElectionRequest to follower:9eda0c20-f49c-4c2b-9c3e-213dec6e2110 on term:5 because follower's priority:1 is higher than leader's:0 and follower's lastEntry index:0 catch up with leader's:0
2021-04-10 01:07:14,070 [21f15bd4-cfa2-4f88-85d5-ad2919bb380f@group-0E929E22572F-LeaderStateImpl] WARN  server.RaftServer$Division (LeaderStateImpl.java:checkLeadership(944)) - 21f15bd4-cfa2-4f88-85d5-ad2919bb380f@group-0E929E22572F-LeaderStateImpl: Lost leadership on term: 5. Election timeout: 5200ms. In charge for: 10436ms. Conf: 0: [21f15bd4-cfa2-4f88-85d5-ad2919bb380f|rpc:172.17.0.2:35987|dataStream:|priority:0, c76c366c-8643-4ee1-839d-0bd7e1d17140|rpc:172.17.0.2:37239|dataStream:|priority:0, 9eda0c20-f49c-4c2b-9c3e-213dec6e2110|rpc:172.17.0.2:40767|dataStream:|priority:1], old=null
2021-04-10 01:07:14,070 [21f15bd4-cfa2-4f88-85d5-ad2919bb380f@group-0E929E22572F-LeaderStateImpl] WARN  server.RaftServer$Division (LeaderStateImpl.java:lambda$checkLeadership$15(948)) - Follower 21f15bd4-cfa2-4f88-85d5-ad2919bb380f@group-0E929E22572F->c76c366c-8643-4ee1-839d-0bd7e1d17140(c0,m0,n1, attendVote=true, lastRpcSendTime=358, lastRpcResponseTime=5364)
2021-04-10 01:07:14,070 [21f15bd4-cfa2-4f88-85d5-ad2919bb380f@group-0E929E22572F-LeaderStateImpl] WARN  server.RaftServer$Division (LeaderStateImpl.java:lambda$checkLeadership$15(948)) - Follower 21f15bd4-cfa2-4f88-85d5-ad2919bb380f@group-0E929E22572F->9eda0c20-f49c-4c2b-9c3e-213dec6e2110(c-1,m0,n1, attendVote=true, lastRpcSendTime=392, lastRpcResponseTime=15635)
2021-04-10 01:07:14,071 [21f15bd4-cfa2-4f88-85d5-ad2919bb380f@group-0E929E22572F-LeaderStateImpl] INFO  server.RaftServer$Division (RaftServerImpl.java:setRole(284)) - 21f15bd4-cfa2-4f88-85d5-ad2919bb380f@group-0E929E22572F: changes role from    LEADER to FOLLOWER at term 5 for StepDownReason:LOST_MAJORITY_HEARTBEATS
2021-04-10 01:07:14,071 [21f15bd4-cfa2-4f88-85d5-ad2919bb380f@group-0E929E22572F-LeaderStateImpl] INFO  impl.RoleInfo (RoleInfo.java:shutdownLeaderState(91)) - 21f15bd4-cfa2-4f88-85d5-ad2919bb380f: shutdown 21f15bd4-cfa2-4f88-85d5-ad2919bb380f@group-0E929E22572F-LeaderStateImpl
2021-04-10 01:07:14,071 [21f15bd4-cfa2-4f88-85d5-ad2919bb380f@group-0E929E22572F-LeaderStateImpl] INFO  metrics.RatisMetrics (RatisMetrics.java:unregister(43)) - Unregistering Metrics Registry : ratis_grpc.log_appender.21f15bd4-cfa2-4f88-85d5-ad2919bb380f@group-0E929E22572F
2021-04-10 01:07:14,071 [21f15bd4-cfa2-4f88-85d5-ad2919bb380f@group-0E929E22572F-LeaderStateImpl] INFO  metrics.RatisMetrics (RatisMetrics.java:unregister(43)) - Unregistering Metrics Registry : ratis_grpc.log_appender.21f15bd4-cfa2-4f88-85d5-ad2919bb380f@group-0E929E22572F
2021-04-10 01:07:14,071 [21f15bd4-cfa2-4f88-85d5-ad2919bb380f@group-0E929E22572F-LeaderStateImpl] INFO  impl.PendingRequests (PendingRequests.java:sendNotLeaderResponses(249)) - 21f15bd4-cfa2-4f88-85d5-ad2919bb380f@group-0E929E22572F-PendingRequests: sendNotLeaderResponses
2021-04-10 01:07:14,071 [21f15bd4-cfa2-4f88-85d5-ad2919bb380f@group-0E929E22572F-LeaderStateImpl] INFO  metrics.RatisMetrics (RatisMetrics.java:unregister(43)) - Unregistering Metrics Registry : ratis.log_appender.21f15bd4-cfa2-4f88-85d5-ad2919bb380f@group-0E929E22572F
2021-04-10 01:07:14,071 [21f15bd4-cfa2-4f88-85d5-ad2919bb380f@group-0E929E22572F-LeaderStateImpl] INFO  metrics.RatisMetrics (RatisMetrics.java:unregister(43)) - Unregistering Metrics Registry : ratis.server.21f15bd4-cfa2-4f88-85d5-ad2919bb380f@group-0E929E22572F
2021-04-10 01:07:14,072 [21f15bd4-cfa2-4f88-85d5-ad2919bb380f@group-0E929E22572F-LeaderStateImpl] INFO  impl.RoleInfo (RoleInfo.java:updateAndGet(130)) - 21f15bd4-cfa2-4f88-85d5-ad2919bb380f: start 21f15bd4-cfa2-4f88-85d5-ad2919bb380f@group-0E929E22572F-FollowerState
2021-04-10 01:07:14,967 [grpc-default-executor-5] WARN  server.GrpcLogAppender (LogUtils.java:warn(122)) - 51a677ad-ae3c-4805-a988-993e59f99449@group-923F87AB690E->8c8eae1d-dd67-4c0e-97f4-ede4c5bc644d-AppendLogResponseHandler: Failed appendEntries: org.apache.ratis.thirdparty.io.grpc.StatusRuntimeException: UNAVAILABLE: io exception
2021-04-10 01:07:14,968 [grpc-default-executor-5] WARN  server.GrpcLogAppender (GrpcLogAppender.java:resetClient(111)) - 51a677ad-ae3c-4805-a988-993e59f99449@group-923F87AB690E->8c8eae1d-dd67-4c0e-97f4-ede4c5bc644d-GrpcLogAppender: Leader has not got in touch with Follower 51a677ad-ae3c-4805-a988-993e59f99449@group-923F87AB690E->8c8eae1d-dd67-4c0e-97f4-ede4c5bc644d(c0,m0,n1, attendVote=true, lastRpcSendTime=0, lastRpcResponseTime=5002) yet, just keep nextIndex unchanged and retry.
2021-04-10 01:07:15,962 [Listener at 127.0.0.1/35629] INFO  ozoneimpl.OzoneContainer (OzoneContainer.java:stop(313)) - Attempting to stop container services.
2021-04-10 01:07:15,962 [ForkJoinPool.commonPool-worker-0] INFO  ozoneimpl.OzoneContainer (OzoneContainer.java:stop(313)) - Attempting to stop container services.
2021-04-10 01:07:15,964 [Listener at 127.0.0.1/35629] INFO  server.RaftServer (RaftServerProxy.java:lambda$close$6(391)) - 51a677ad-ae3c-4805-a988-993e59f99449: close
2021-04-10 01:07:15,964 [Listener at 127.0.0.1/35629] INFO  server.RaftServer$Division (RaftServerImpl.java:lambda$close$4(406)) - 51a677ad-ae3c-4805-a988-993e59f99449@group-923F87AB690E: shutdown
2021-04-10 01:07:15,964 [Listener at 127.0.0.1/35629] INFO  util.JmxRegister (JmxRegister.java:unregister(73)) - Successfully un-registered JMX Bean with object name Ratis:service=RaftServer,group=group-923F87AB690E,id=51a677ad-ae3c-4805-a988-993e59f99449
2021-04-10 01:07:15,965 [Listener at 127.0.0.1/35629] INFO  impl.RoleInfo (RoleInfo.java:shutdownLeaderState(91)) - 51a677ad-ae3c-4805-a988-993e59f99449: shutdown 51a677ad-ae3c-4805-a988-993e59f99449@group-923F87AB690E-LeaderStateImpl
2021-04-10 01:07:15,965 [Listener at 127.0.0.1/35629] INFO  metrics.RatisMetrics (RatisMetrics.java:unregister(43)) - Unregistering Metrics Registry : ratis_grpc.log_appender.51a677ad-ae3c-4805-a988-993e59f99449@group-923F87AB690E
2021-04-10 01:07:15,965 [Listener at 127.0.0.1/35629] INFO  metrics.RatisMetrics (RatisMetrics.java:unregister(43)) - Unregistering Metrics Registry : ratis_grpc.log_appender.51a677ad-ae3c-4805-a988-993e59f99449@group-923F87AB690E
2021-04-10 01:07:15,966 [Listener at 127.0.0.1/35629] INFO  impl.PendingRequests (PendingRequests.java:sendNotLeaderResponses(249)) - 51a677ad-ae3c-4805-a988-993e59f99449@group-923F87AB690E-PendingRequests: sendNotLeaderResponses
2021-04-10 01:07:15,965 [51a677ad-ae3c-4805-a988-993e59f99449@group-923F87AB690E->361947c2-eecd-45e2-9da6-933f9372b1c6-GrpcLogAppender-LogAppenderDaemon] WARN  server.GrpcLogAppender (GrpcLogAppender.java:mayWait(175)) - 51a677ad-ae3c-4805-a988-993e59f99449@group-923F87AB690E->361947c2-eecd-45e2-9da6-933f9372b1c6-GrpcLogAppender: Wait interrupted by java.lang.InterruptedException
2021-04-10 01:07:15,968 [ForkJoinPool.commonPool-worker-0] INFO  server.RaftServer (RaftServerProxy.java:lambda$close$6(391)) - 21f15bd4-cfa2-4f88-85d5-ad2919bb380f: close
2021-04-10 01:07:15,969 [ForkJoinPool.commonPool-worker-0] INFO  server.RaftServer$Division (RaftServerImpl.java:lambda$close$4(406)) - 21f15bd4-cfa2-4f88-85d5-ad2919bb380f@group-0E929E22572F: shutdown
2021-04-10 01:07:15,969 [ForkJoinPool.commonPool-worker-0] INFO  util.JmxRegister (JmxRegister.java:unregister(73)) - Successfully un-registered JMX Bean with object name Ratis:service=RaftServer,group=group-0E929E22572F,id=21f15bd4-cfa2-4f88-85d5-ad2919bb380f
2021-04-10 01:07:15,969 [ForkJoinPool.commonPool-worker-0] INFO  impl.RoleInfo (RoleInfo.java:shutdownFollowerState(108)) - 21f15bd4-cfa2-4f88-85d5-ad2919bb380f: shutdown 21f15bd4-cfa2-4f88-85d5-ad2919bb380f@group-0E929E22572F-FollowerState
2021-04-10 01:07:15,969 [ForkJoinPool.commonPool-worker-0] INFO  impl.StateMachineUpdater (StateMachineUpdater.java:stopAndJoin(149)) - 21f15bd4-cfa2-4f88-85d5-ad2919bb380f@group-0E929E22572F-StateMachineUpdater: set stopIndex = 0
2021-04-10 01:07:15,969 [21f15bd4-cfa2-4f88-85d5-ad2919bb380f@group-0E929E22572F-FollowerState] INFO  impl.FollowerState (FollowerState.java:run(143)) - 21f15bd4-cfa2-4f88-85d5-ad2919bb380f@group-0E929E22572F-FollowerState was interrupted: {}
java.lang.InterruptedException: sleep interrupted
	at java.lang.Thread.sleep(Native Method)
	at java.lang.Thread.sleep(Thread.java:340)
	at java.util.concurrent.TimeUnit.sleep(TimeUnit.java:386)
	at org.apache.ratis.util.TimeDuration.sleep(TimeDuration.java:324)
	at org.apache.ratis.util.TimeDuration.sleep(TimeDuration.java:309)
	at org.apache.ratis.server.impl.FollowerState.run(FollowerState.java:118)
2021-04-10 01:07:15,968 [Listener at 127.0.0.1/35629] INFO  metrics.RatisMetrics (RatisMetrics.java:unregister(43)) - Unregistering Metrics Registry : ratis.log_appender.51a677ad-ae3c-4805-a988-993e59f99449@group-923F87AB690E
2021-04-10 01:07:15,970 [Listener at 127.0.0.1/35629] INFO  metrics.RatisMetrics (RatisMetrics.java:unregister(43)) - Unregistering Metrics Registry : ratis.server.51a677ad-ae3c-4805-a988-993e59f99449@group-923F87AB690E
2021-04-10 01:07:15,970 [grpc-default-executor-5] INFO  server.GrpcServerProtocolService (GrpcServerProtocolService.java:onCompleted(140)) - 361947c2-eecd-45e2-9da6-933f9372b1c6: Completed APPEND_ENTRIES, lastRequest: 51a677ad-ae3c-4805-a988-993e59f99449->361947c2-eecd-45e2-9da6-933f9372b1c6#1-t4,previous=(t:0, i:0),leaderCommit=0,initializing? true,entries: size=1, first=(t:4, i:0), CONFIGURATIONENTRY
2021-04-10 01:07:15,969 [21f15bd4-cfa2-4f88-85d5-ad2919bb380f@group-0E929E22572F-StateMachineUpdater] INFO  ratis.ContainerStateMachine (ContainerStateMachine.java:takeSnapshot(292)) - group-0E929E22572F: Taking a snapshot at:(t:5, i:0) file /github/workspace/mnt/ozone/hadoop-ozone/integration-test/target/test-dir/MiniOzoneClusterImpl-da946c58-7c29-4448-876e-997be65f487e/datanode-1/data/ratis/1c27daa1-949f-46e1-994e-0e929e22572f/sm/snapshot.5_0
2021-04-10 01:07:15,972 [grpc-default-executor-3] INFO  server.GrpcLogAppender (GrpcLogAppender.java:onCompleted(344)) - 51a677ad-ae3c-4805-a988-993e59f99449@group-923F87AB690E->361947c2-eecd-45e2-9da6-933f9372b1c6-AppendLogResponseHandler: follower responses appendEntries COMPLETED
2021-04-10 01:07:15,972 [Listener at 127.0.0.1/35629] INFO  impl.StateMachineUpdater (StateMachineUpdater.java:stopAndJoin(149)) - 51a677ad-ae3c-4805-a988-993e59f99449@group-923F87AB690E-StateMachineUpdater: set stopIndex = 0
2021-04-10 01:07:15,972 [51a677ad-ae3c-4805-a988-993e59f99449@group-923F87AB690E-StateMachineUpdater] INFO  ratis.ContainerStateMachine (ContainerStateMachine.java:takeSnapshot(292)) - group-923F87AB690E: Taking a snapshot at:(t:4, i:0) file /github/workspace/mnt/ozone/hadoop-ozone/integration-test/target/test-dir/MiniOzoneClusterImpl-da946c58-7c29-4448-876e-997be65f487e/datanode-8/data/ratis/cc6f6b40-9f48-4411-b909-923f87ab690e/sm/snapshot.4_0
2021-04-10 01:07:15,972 [grpc-default-executor-3] INFO  leader.FollowerInfo (FollowerInfoImpl.java:lambda$new$0(46)) - 51a677ad-ae3c-4805-a988-993e59f99449@group-923F87AB690E->361947c2-eecd-45e2-9da6-933f9372b1c6: nextIndex: updateUnconditionally 1 -> 0
2021-04-10 01:07:15,972 [21f15bd4-cfa2-4f88-85d5-ad2919bb380f@group-0E929E22572F-StateMachineUpdater] INFO  ratis.ContainerStateMachine (ContainerStateMachine.java:takeSnapshot(303)) - group-0E929E22572F: Finished taking a snapshot at:(t:5, i:0) file:/github/workspace/mnt/ozone/hadoop-ozone/integration-test/target/test-dir/MiniOzoneClusterImpl-da946c58-7c29-4448-876e-997be65f487e/datanode-1/data/ratis/1c27daa1-949f-46e1-994e-0e929e22572f/sm/snapshot.5_0 took: 3 ms
2021-04-10 01:07:15,973 [21f15bd4-cfa2-4f88-85d5-ad2919bb380f@group-0E929E22572F-StateMachineUpdater] INFO  impl.StateMachineUpdater (StateMachineUpdater.java:takeSnapshot(281)) - 21f15bd4-cfa2-4f88-85d5-ad2919bb380f@group-0E929E22572F-StateMachineUpdater: Took a snapshot at index 0
2021-04-10 01:07:15,973 [51a677ad-ae3c-4805-a988-993e59f99449@group-923F87AB690E-StateMachineUpdater] INFO  ratis.ContainerStateMachine (ContainerStateMachine.java:takeSnapshot(303)) - group-923F87AB690E: Finished taking a snapshot at:(t:4, i:0) file:/github/workspace/mnt/ozone/hadoop-ozone/integration-test/target/test-dir/MiniOzoneClusterImpl-da946c58-7c29-4448-876e-997be65f487e/datanode-8/data/ratis/cc6f6b40-9f48-4411-b909-923f87ab690e/sm/snapshot.4_0 took: 0 ms
2021-04-10 01:07:15,973 [51a677ad-ae3c-4805-a988-993e59f99449@group-923F87AB690E-StateMachineUpdater] INFO  impl.StateMachineUpdater (StateMachineUpdater.java:takeSnapshot(281)) - 51a677ad-ae3c-4805-a988-993e59f99449@group-923F87AB690E-StateMachineUpdater: Took a snapshot at index 0
2021-04-10 01:07:15,973 [51a677ad-ae3c-4805-a988-993e59f99449@group-923F87AB690E-StateMachineUpdater] INFO  impl.StateMachineUpdater (StateMachineUpdater.java:lambda$new$0(89)) - 51a677ad-ae3c-4805-a988-993e59f99449@group-923F87AB690E-StateMachineUpdater: snapshotIndex: updateIncreasingly -1 -> 0
2021-04-10 01:07:15,973 [51a677ad-ae3c-4805-a988-993e59f99449@group-923F87AB690E-StateMachineUpdater] INFO  metrics.RatisMetrics (RatisMetrics.java:unregister(43)) - Unregistering Metrics Registry : ratis.state_machine.51a677ad-ae3c-4805-a988-993e59f99449@group-923F87AB690E
2021-04-10 01:07:15,973 [21f15bd4-cfa2-4f88-85d5-ad2919bb380f@group-0E929E22572F-StateMachineUpdater] INFO  impl.StateMachineUpdater (StateMachineUpdater.java:lambda$new$0(89)) - 21f15bd4-cfa2-4f88-85d5-ad2919bb380f@group-0E929E22572F-StateMachineUpdater: snapshotIndex: updateIncreasingly -1 -> 0
2021-04-10 01:07:15,973 [21f15bd4-cfa2-4f88-85d5-ad2919bb380f@group-0E929E22572F-StateMachineUpdater] INFO  metrics.RatisMetrics (RatisMetrics.java:unregister(43)) - Unregistering Metrics Registry : ratis.state_machine.21f15bd4-cfa2-4f88-85d5-ad2919bb380f@group-0E929E22572F
2021-04-10 01:07:15,974 [ForkJoinPool.commonPool-worker-0] INFO  server.RaftServer$Division (ServerState.java:close(405)) - 21f15bd4-cfa2-4f88-85d5-ad2919bb380f@group-0E929E22572F: closes. applyIndex: 0
2021-04-10 01:07:15,974 [Listener at 127.0.0.1/35629] INFO  server.RaftServer$Division (ServerState.java:close(405)) - 51a677ad-ae3c-4805-a988-993e59f99449@group-923F87AB690E: closes. applyIndex: 0
2021-04-10 01:07:15,974 [21f15bd4-cfa2-4f88-85d5-ad2919bb380f@group-0E929E22572F-SegmentedRaftLogWorker] INFO  segmented.SegmentedRaftLogWorker (SegmentedRaftLogWorker.java:run(327)) - 21f15bd4-cfa2-4f88-85d5-ad2919bb380f@group-0E929E22572F-SegmentedRaftLogWorker was interrupted, exiting. There are 0 tasks remaining in the queue.
2021-04-10 01:07:15,974 [51a677ad-ae3c-4805-a988-993e59f99449@group-923F87AB690E-SegmentedRaftLogWorker] INFO  segmented.SegmentedRaftLogWorker (SegmentedRaftLogWorker.java:run(327)) - 51a677ad-ae3c-4805-a988-993e59f99449@group-923F87AB690E-SegmentedRaftLogWorker was interrupted, exiting. There are 0 tasks remaining in the queue.
2021-04-10 01:07:15,975 [Listener at 127.0.0.1/35629] INFO  segmented.SegmentedRaftLogWorker (SegmentedRaftLogWorker.java:close(237)) - 51a677ad-ae3c-4805-a988-993e59f99449@group-923F87AB690E-SegmentedRaftLogWorker close()
2021-04-10 01:07:15,975 [ForkJoinPool.commonPool-worker-0] INFO  segmented.SegmentedRaftLogWorker (SegmentedRaftLogWorker.java:close(237)) - 21f15bd4-cfa2-4f88-85d5-ad2919bb380f@group-0E929E22572F-SegmentedRaftLogWorker close()
2021-04-10 01:07:15,975 [Listener at 127.0.0.1/35629] INFO  metrics.RatisMetrics (RatisMetrics.java:unregister(43)) - Unregistering Metrics Registry : ratis.log_worker.51a677ad-ae3c-4805-a988-993e59f99449@group-923F87AB690E
2021-04-10 01:07:15,976 [Listener at 127.0.0.1/35629] INFO  metrics.RatisMetrics (RatisMetrics.java:unregister(43)) - Unregistering Metrics Registry : ratis.leader_election.51a677ad-ae3c-4805-a988-993e59f99449@group-923F87AB690E
2021-04-10 01:07:15,976 [Listener at 127.0.0.1/35629] INFO  metrics.RatisMetrics (RatisMetrics.java:unregister(43)) - Unregistering Metrics Registry : ratis.server.51a677ad-ae3c-4805-a988-993e59f99449@group-923F87AB690E
2021-04-10 01:07:15,977 [Listener at 127.0.0.1/35629] INFO  server.RaftServer$Division (RaftServerImpl.java:lambda$close$4(406)) - 51a677ad-ae3c-4805-a988-993e59f99449@group-FA68FF2AD76B: shutdown
2021-04-10 01:07:15,976 [ForkJoinPool.commonPool-worker-0] INFO  metrics.RatisMetrics (RatisMetrics.java:unregister(43)) - Unregistering Metrics Registry : ratis.log_worker.21f15bd4-cfa2-4f88-85d5-ad2919bb380f@group-0E929E22572F
2021-04-10 01:07:15,977 [ForkJoinPool.commonPool-worker-0] INFO  metrics.RatisMetrics (RatisMetrics.java:unregister(43)) - Unregistering Metrics Registry : ratis.leader_election.21f15bd4-cfa2-4f88-85d5-ad2919bb380f@group-0E929E22572F
2021-04-10 01:07:15,977 [ForkJoinPool.commonPool-worker-0] INFO  metrics.RatisMetrics (RatisMetrics.java:unregister(43)) - Unregistering Metrics Registry : ratis.server.21f15bd4-cfa2-4f88-85d5-ad2919bb380f@group-0E929E22572F
2021-04-10 01:07:15,977 [ForkJoinPool.commonPool-worker-0] INFO  server.RaftServer$Division (RaftServerImpl.java:lambda$close$4(406)) - 21f15bd4-cfa2-4f88-85d5-ad2919bb380f@group-CCAC56D7FE7A: shutdown
2021-04-10 01:07:15,978 [ForkJoinPool.commonPool-worker-0] INFO  util.JmxRegister (JmxRegister.java:unregister(73)) - Successfully un-registered JMX Bean with object name Ratis:service=RaftServer,group=group-CCAC56D7FE7A,id=21f15bd4-cfa2-4f88-85d5-ad2919bb380f
2021-04-10 01:07:15,978 [ForkJoinPool.commonPool-worker-0] INFO  impl.RoleInfo (RoleInfo.java:shutdownLeaderState(91)) - 21f15bd4-cfa2-4f88-85d5-ad2919bb380f: shutdown 21f15bd4-cfa2-4f88-85d5-ad2919bb380f@group-CCAC56D7FE7A-LeaderStateImpl
2021-04-10 01:07:15,978 [ForkJoinPool.commonPool-worker-0] INFO  impl.PendingRequests (PendingRequests.java:sendNotLeaderResponses(249)) - 21f15bd4-cfa2-4f88-85d5-ad2919bb380f@group-CCAC56D7FE7A-PendingRequests: sendNotLeaderResponses
2021-04-10 01:07:15,978 [ForkJoinPool.commonPool-worker-0] INFO  metrics.RatisMetrics (RatisMetrics.java:unregister(43)) - Unregistering Metrics Registry : ratis.log_appender.21f15bd4-cfa2-4f88-85d5-ad2919bb380f@group-CCAC56D7FE7A
2021-04-10 01:07:15,978 [ForkJoinPool.commonPool-worker-0] INFO  metrics.RatisMetrics (RatisMetrics.java:unregister(43)) - Unregistering Metrics Registry : ratis.server.21f15bd4-cfa2-4f88-85d5-ad2919bb380f@group-CCAC56D7FE7A
2021-04-10 01:07:15,979 [ForkJoinPool.commonPool-worker-0] INFO  impl.StateMachineUpdater (StateMachineUpdater.java:stopAndJoin(149)) - 21f15bd4-cfa2-4f88-85d5-ad2919bb380f@group-CCAC56D7FE7A-StateMachineUpdater: set stopIndex = 0
2021-04-10 01:07:15,979 [Listener at 127.0.0.1/35629] INFO  util.JmxRegister (JmxRegister.java:unregister(73)) - Successfully un-registered JMX Bean with object name Ratis:service=RaftServer,group=group-FA68FF2AD76B,id=51a677ad-ae3c-4805-a988-993e59f99449
2021-04-10 01:07:15,979 [21f15bd4-cfa2-4f88-85d5-ad2919bb380f@group-CCAC56D7FE7A-StateMachineUpdater] INFO  ratis.ContainerStateMachine (ContainerStateMachine.java:takeSnapshot(292)) - group-CCAC56D7FE7A: Taking a snapshot at:(t:1, i:0) file /github/workspace/mnt/ozone/hadoop-ozone/integration-test/target/test-dir/MiniOzoneClusterImpl-da946c58-7c29-4448-876e-997be65f487e/datanode-1/data/ratis/25feec8a-8cac-4a53-8636-ccac56d7fe7a/sm/snapshot.1_0
2021-04-10 01:07:15,979 [Listener at 127.0.0.1/35629] INFO  impl.RoleInfo (RoleInfo.java:shutdownLeaderState(91)) - 51a677ad-ae3c-4805-a988-993e59f99449: shutdown 51a677ad-ae3c-4805-a988-993e59f99449@group-FA68FF2AD76B-LeaderStateImpl
2021-04-10 01:07:15,980 [Listener at 127.0.0.1/35629] INFO  impl.PendingRequests (PendingRequests.java:sendNotLeaderResponses(249)) - 51a677ad-ae3c-4805-a988-993e59f99449@group-FA68FF2AD76B-PendingRequests: sendNotLeaderResponses
2021-04-10 01:07:15,980 [21f15bd4-cfa2-4f88-85d5-ad2919bb380f@group-CCAC56D7FE7A-StateMachineUpdater] INFO  ratis.ContainerStateMachine (ContainerStateMachine.java:takeSnapshot(303)) - group-CCAC56D7FE7A: Finished taking a snapshot at:(t:1, i:0) file:/github/workspace/mnt/ozone/hadoop-ozone/integration-test/target/test-dir/MiniOzoneClusterImpl-da946c58-7c29-4448-876e-997be65f487e/datanode-1/data/ratis/25feec8a-8cac-4a53-8636-ccac56d7fe7a/sm/snapshot.1_0 took: 1 ms
2021-04-10 01:07:15,980 [Listener at 127.0.0.1/35629] INFO  metrics.RatisMetrics (RatisMetrics.java:unregister(43)) - Unregistering Metrics Registry : ratis.log_appender.51a677ad-ae3c-4805-a988-993e59f99449@group-FA68FF2AD76B
2021-04-10 01:07:15,980 [21f15bd4-cfa2-4f88-85d5-ad2919bb380f@group-CCAC56D7FE7A-StateMachineUpdater] INFO  impl.StateMachineUpdater (StateMachineUpdater.java:takeSnapshot(281)) - 21f15bd4-cfa2-4f88-85d5-ad2919bb380f@group-CCAC56D7FE7A-StateMachineUpdater: Took a snapshot at index 0
2021-04-10 01:07:15,980 [Listener at 127.0.0.1/35629] INFO  metrics.RatisMetrics (RatisMetrics.java:unregister(43)) - Unregistering Metrics Registry : ratis.server.51a677ad-ae3c-4805-a988-993e59f99449@group-FA68FF2AD76B
2021-04-10 01:07:15,981 [21f15bd4-cfa2-4f88-85d5-ad2919bb380f@group-CCAC56D7FE7A-StateMachineUpdater] INFO  impl.StateMachineUpdater (StateMachineUpdater.java:lambda$new$0(89)) - 21f15bd4-cfa2-4f88-85d5-ad2919bb380f@group-CCAC56D7FE7A-StateMachineUpdater: snapshotIndex: updateIncreasingly -1 -> 0
2021-04-10 01:07:15,981 [21f15bd4-cfa2-4f88-85d5-ad2919bb380f@group-CCAC56D7FE7A-StateMachineUpdater] INFO  metrics.RatisMetrics (RatisMetrics.java:unregister(43)) - Unregistering Metrics Registry : ratis.state_machine.21f15bd4-cfa2-4f88-85d5-ad2919bb380f@group-CCAC56D7FE7A
2021-04-10 01:07:15,981 [ForkJoinPool.commonPool-worker-0] INFO  server.RaftServer$Division (ServerState.java:close(405)) - 21f15bd4-cfa2-4f88-85d5-ad2919bb380f@group-CCAC56D7FE7A: closes. applyIndex: 0
2021-04-10 01:07:15,982 [21f15bd4-cfa2-4f88-85d5-ad2919bb380f@group-CCAC56D7FE7A-SegmentedRaftLogWorker] INFO  segmented.SegmentedRaftLogWorker (SegmentedRaftLogWorker.java:run(327)) - 21f15bd4-cfa2-4f88-85d5-ad2919bb380f@group-CCAC56D7FE7A-SegmentedRaftLogWorker was interrupted, exiting. There are 0 tasks remaining in the queue.
2021-04-10 01:07:15,982 [ForkJoinPool.commonPool-worker-0] INFO  segmented.SegmentedRaftLogWorker (SegmentedRaftLogWorker.java:close(237)) - 21f15bd4-cfa2-4f88-85d5-ad2919bb380f@group-CCAC56D7FE7A-SegmentedRaftLogWorker close()
2021-04-10 01:07:15,983 [ForkJoinPool.commonPool-worker-0] INFO  metrics.RatisMetrics (RatisMetrics.java:unregister(43)) - Unregistering Metrics Registry : ratis.log_worker.21f15bd4-cfa2-4f88-85d5-ad2919bb380f@group-CCAC56D7FE7A
2021-04-10 01:07:15,983 [ForkJoinPool.commonPool-worker-0] INFO  metrics.RatisMetrics (RatisMetrics.java:unregister(43)) - Unregistering Metrics Registry : ratis.leader_election.21f15bd4-cfa2-4f88-85d5-ad2919bb380f@group-CCAC56D7FE7A
2021-04-10 01:07:15,983 [ForkJoinPool.commonPool-worker-0] INFO  metrics.RatisMetrics (RatisMetrics.java:unregister(43)) - Unregistering Metrics Registry : ratis.server.21f15bd4-cfa2-4f88-85d5-ad2919bb380f@group-CCAC56D7FE7A
2021-04-10 01:07:15,983 [ForkJoinPool.commonPool-worker-0] INFO  server.GrpcService (GrpcService.java:closeImpl(262)) - 21f15bd4-cfa2-4f88-85d5-ad2919bb380f: shutdown server with port 35987 now
2021-04-10 01:07:15,983 [Listener at 127.0.0.1/35629] INFO  impl.StateMachineUpdater (StateMachineUpdater.java:stopAndJoin(149)) - 51a677ad-ae3c-4805-a988-993e59f99449@group-FA68FF2AD76B-StateMachineUpdater: set stopIndex = 0
2021-04-10 01:07:15,984 [51a677ad-ae3c-4805-a988-993e59f99449@group-FA68FF2AD76B-StateMachineUpdater] INFO  ratis.ContainerStateMachine (ContainerStateMachine.java:takeSnapshot(292)) - group-FA68FF2AD76B: Taking a snapshot at:(t:1, i:0) file /github/workspace/mnt/ozone/hadoop-ozone/integration-test/target/test-dir/MiniOzoneClusterImpl-da946c58-7c29-4448-876e-997be65f487e/datanode-8/data/ratis/c76e43d5-472b-4f8d-96f3-fa68ff2ad76b/sm/snapshot.1_0
2021-04-10 01:07:15,984 [51a677ad-ae3c-4805-a988-993e59f99449@group-FA68FF2AD76B-StateMachineUpdater] INFO  ratis.ContainerStateMachine (ContainerStateMachine.java:takeSnapshot(303)) - group-FA68FF2AD76B: Finished taking a snapshot at:(t:1, i:0) file:/github/workspace/mnt/ozone/hadoop-ozone/integration-test/target/test-dir/MiniOzoneClusterImpl-da946c58-7c29-4448-876e-997be65f487e/datanode-8/data/ratis/c76e43d5-472b-4f8d-96f3-fa68ff2ad76b/sm/snapshot.1_0 took: 1 ms
2021-04-10 01:07:15,984 [51a677ad-ae3c-4805-a988-993e59f99449@group-FA68FF2AD76B-StateMachineUpdater] INFO  impl.StateMachineUpdater (StateMachineUpdater.java:takeSnapshot(281)) - 51a677ad-ae3c-4805-a988-993e59f99449@group-FA68FF2AD76B-StateMachineUpdater: Took a snapshot at index 0
2021-04-10 01:07:15,985 [51a677ad-ae3c-4805-a988-993e59f99449@group-FA68FF2AD76B-StateMachineUpdater] INFO  impl.StateMachineUpdater (StateMachineUpdater.java:lambda$new$0(89)) - 51a677ad-ae3c-4805-a988-993e59f99449@group-FA68FF2AD76B-StateMachineUpdater: snapshotIndex: updateIncreasingly -1 -> 0
2021-04-10 01:07:15,985 [51a677ad-ae3c-4805-a988-993e59f99449@group-FA68FF2AD76B-StateMachineUpdater] INFO  metrics.RatisMetrics (RatisMetrics.java:unregister(43)) - Unregistering Metrics Registry : ratis.state_machine.51a677ad-ae3c-4805-a988-993e59f99449@group-FA68FF2AD76B
2021-04-10 01:07:15,985 [Listener at 127.0.0.1/35629] INFO  server.RaftServer$Division (ServerState.java:close(405)) - 51a677ad-ae3c-4805-a988-993e59f99449@group-FA68FF2AD76B: closes. applyIndex: 0
2021-04-10 01:07:15,986 [51a677ad-ae3c-4805-a988-993e59f99449@group-FA68FF2AD76B-SegmentedRaftLogWorker] INFO  segmented.SegmentedRaftLogWorker (SegmentedRaftLogWorker.java:run(327)) - 51a677ad-ae3c-4805-a988-993e59f99449@group-FA68FF2AD76B-SegmentedRaftLogWorker was interrupted, exiting. There are 0 tasks remaining in the queue.
2021-04-10 01:07:15,986 [Listener at 127.0.0.1/35629] INFO  segmented.SegmentedRaftLogWorker (SegmentedRaftLogWorker.java:close(237)) - 51a677ad-ae3c-4805-a988-993e59f99449@group-FA68FF2AD76B-SegmentedRaftLogWorker close()
2021-04-10 01:07:15,994 [ForkJoinPool.commonPool-worker-0] INFO  server.GrpcService (GrpcService.java:closeImpl(271)) - 21f15bd4-cfa2-4f88-85d5-ad2919bb380f: shutdown server with port 35987 successfully
2021-04-10 01:07:15,994 [org.apache.ratis.util.JvmPauseMonitor$$Lambda$503/290751331@4876c2d0] INFO  util.JvmPauseMonitor (JvmPauseMonitor.java:run(109)) - JvmPauseMonitor-21f15bd4-cfa2-4f88-85d5-ad2919bb380f: Stopped
2021-04-10 01:07:15,995 [Listener at 127.0.0.1/35629] INFO  metrics.RatisMetrics (RatisMetrics.java:unregister(43)) - Unregistering Metrics Registry : ratis.log_worker.51a677ad-ae3c-4805-a988-993e59f99449@group-FA68FF2AD76B
2021-04-10 01:07:15,996 [ForkJoinPool.commonPool-worker-0] INFO  utils.BackgroundService (BackgroundService.java:shutdown(132)) - Shutting down service BlockDeletingService
2021-04-10 01:07:15,997 [Listener at 127.0.0.1/35629] INFO  metrics.RatisMetrics (RatisMetrics.java:unregister(43)) - Unregistering Metrics Registry : ratis.leader_election.51a677ad-ae3c-4805-a988-993e59f99449@group-FA68FF2AD76B
2021-04-10 01:07:15,997 [ForkJoinPool.commonPool-worker-0] INFO  statemachine.DatanodeStateMachine (DatanodeStateMachine.java:stopDaemon(469)) - Ozone container server stopped.
2021-04-10 01:07:16,008 [Listener at 127.0.0.1/35629] INFO  metrics.RatisMetrics (RatisMetrics.java:unregister(43)) - Unregistering Metrics Registry : ratis.server.51a677ad-ae3c-4805-a988-993e59f99449@group-FA68FF2AD76B
2021-04-10 01:07:16,009 [Listener at 127.0.0.1/35629] INFO  server.GrpcService (GrpcService.java:closeImpl(262)) - 51a677ad-ae3c-4805-a988-993e59f99449: shutdown server with port 40287 now
2021-04-10 01:07:16,010 [ForkJoinPool.commonPool-worker-0] INFO  handler.ContextHandler (ContextHandler.java:doStop(1154)) - Stopped o.e.j.w.WebAppContext@75bd2c82{hddsDatanode,/,null,STOPPED}{jar:file:/home/user/.m2/repository/org/apache/hadoop/hadoop-hdds-container-service/1.1.0-SNAPSHOT/hadoop-hdds-container-service-1.1.0-SNAPSHOT.jar!/webapps/hddsDatanode}
2021-04-10 01:07:16,011 [ForkJoinPool.commonPool-worker-0] INFO  server.AbstractConnector (AbstractConnector.java:doStop(381)) - Stopped ServerConnector@4a79c8cf{HTTP/1.1, (http/1.1)}{0.0.0.0:0}
2021-04-10 01:07:16,011 [ForkJoinPool.commonPool-worker-0] INFO  server.session (HouseKeeper.java:stopScavenging(149)) - node0 Stopped scavenging
2021-04-10 01:07:16,011 [ForkJoinPool.commonPool-worker-0] INFO  handler.ContextHandler (ContextHandler.java:doStop(1154)) - Stopped o.e.j.s.ServletContextHandler@37443848{static,/static,jar:file:/home/user/.m2/repository/org/apache/hadoop/hadoop-hdds-container-service/1.1.0-SNAPSHOT/hadoop-hdds-container-service-1.1.0-SNAPSHOT.jar!/webapps/static,STOPPED}
2021-04-10 01:07:16,012 [Listener at 127.0.0.1/35629] INFO  server.GrpcService (GrpcService.java:closeImpl(271)) - 51a677ad-ae3c-4805-a988-993e59f99449: shutdown server with port 40287 successfully
2021-04-10 01:07:16,013 [org.apache.ratis.util.JvmPauseMonitor$$Lambda$503/290751331@4650f1a7] INFO  util.JvmPauseMonitor (JvmPauseMonitor.java:run(109)) - JvmPauseMonitor-51a677ad-ae3c-4805-a988-993e59f99449: Stopped
2021-04-10 01:07:16,014 [Listener at 127.0.0.1/35629] INFO  utils.BackgroundService (BackgroundService.java:shutdown(132)) - Shutting down service BlockDeletingService
2021-04-10 01:07:16,016 [Listener at 127.0.0.1/35629] INFO  statemachine.DatanodeStateMachine (DatanodeStateMachine.java:stopDaemon(469)) - Ozone container server stopped.
2021-04-10 01:07:16,021 [ForkJoinPool.commonPool-worker-0] INFO  handler.ContextHandler (ContextHandler.java:doStop(1154)) - Stopped o.e.j.s.ServletContextHandler@60e978dc{logs,/logs,file:///github/workspace/mnt/ozone/hadoop-ozone/integration-test/target/log,STOPPED}
2021-04-10 01:07:16,027 [Listener at 127.0.0.1/35629] INFO  handler.ContextHandler (ContextHandler.java:doStop(1154)) - Stopped o.e.j.w.WebAppContext@598f339e{hddsDatanode,/,null,STOPPED}{jar:file:/home/user/.m2/repository/org/apache/hadoop/hadoop-hdds-container-service/1.1.0-SNAPSHOT/hadoop-hdds-container-service-1.1.0-SNAPSHOT.jar!/webapps/hddsDatanode}
2021-04-10 01:07:16,028 [Listener at 127.0.0.1/35629] INFO  server.AbstractConnector (AbstractConnector.java:doStop(381)) - Stopped ServerConnector@2e9141d2{HTTP/1.1, (http/1.1)}{0.0.0.0:0}
2021-04-10 01:07:16,028 [Listener at 127.0.0.1/35629] INFO  server.session (HouseKeeper.java:stopScavenging(149)) - node0 Stopped scavenging
2021-04-10 01:07:16,028 [Listener at 127.0.0.1/35629] INFO  handler.ContextHandler (ContextHandler.java:doStop(1154)) - Stopped o.e.j.s.ServletContextHandler@43874d7f{static,/static,jar:file:/home/user/.m2/repository/org/apache/hadoop/hadoop-hdds-container-service/1.1.0-SNAPSHOT/hadoop-hdds-container-service-1.1.0-SNAPSHOT.jar!/webapps/static,STOPPED}
2021-04-10 01:07:16,028 [Listener at 127.0.0.1/35629] INFO  handler.ContextHandler (ContextHandler.java:doStop(1154)) - Stopped o.e.j.s.ServletContextHandler@57ab8f82{logs,/logs,file:///github/workspace/mnt/ozone/hadoop-ozone/integration-test/target/log,STOPPED}
2021-04-10 01:07:16,778 [Datanode State Machine Thread - 0] INFO  statemachine.DatanodeStateMachine (DatanodeStateMachine.java:lambda$startDaemon$0(411)) - Ozone container server started.
2021-04-10 01:07:20,449 [361947c2-eecd-45e2-9da6-933f9372b1c6@group-923F87AB690E-FollowerState] INFO  impl.FollowerState (FollowerState.java:run(134)) - 361947c2-eecd-45e2-9da6-933f9372b1c6@group-923F87AB690E-FollowerState: change to CANDIDATE, lastRpcElapsedTime:5473648632ns, electionTimeout:5165ms
2021-04-10 01:07:20,449 [361947c2-eecd-45e2-9da6-933f9372b1c6@group-923F87AB690E-FollowerState] INFO  impl.RoleInfo (RoleInfo.java:shutdownFollowerState(108)) - 361947c2-eecd-45e2-9da6-933f9372b1c6: shutdown 361947c2-eecd-45e2-9da6-933f9372b1c6@group-923F87AB690E-FollowerState
2021-04-10 01:07:20,449 [361947c2-eecd-45e2-9da6-933f9372b1c6@group-923F87AB690E-FollowerState] INFO  server.RaftServer$Division (RaftServerImpl.java:setRole(284)) - 361947c2-eecd-45e2-9da6-933f9372b1c6@group-923F87AB690E: changes role from  FOLLOWER to CANDIDATE at term 4 for changeToCandidate
2021-04-10 01:07:20,449 [361947c2-eecd-45e2-9da6-933f9372b1c6@group-923F87AB690E-FollowerState] INFO  server.RaftServerConfigKeys (ConfUtils.java:logGet(44)) - raft.server.leaderelection.pre-vote = false (custom)
2021-04-10 01:07:20,449 [361947c2-eecd-45e2-9da6-933f9372b1c6@group-923F87AB690E-FollowerState] INFO  impl.RoleInfo (RoleInfo.java:updateAndGet(130)) - 361947c2-eecd-45e2-9da6-933f9372b1c6: start 361947c2-eecd-45e2-9da6-933f9372b1c6@group-923F87AB690E-LeaderElection73
2021-04-10 01:07:20,450 [361947c2-eecd-45e2-9da6-933f9372b1c6@group-923F87AB690E-LeaderElection73] INFO  server.RaftServer$Division (ServerState.java:setLeader(271)) - 361947c2-eecd-45e2-9da6-933f9372b1c6@group-923F87AB690E: change Leader from 51a677ad-ae3c-4805-a988-993e59f99449 to null at term 4 for ELECTION
2021-04-10 01:07:20,451 [361947c2-eecd-45e2-9da6-933f9372b1c6@group-923F87AB690E-LeaderElection73] INFO  impl.LeaderElection (LeaderElection.java:askForVotes(306)) - 361947c2-eecd-45e2-9da6-933f9372b1c6@group-923F87AB690E-LeaderElection73 ELECTION round 0: submit vote requests at term 5 for 0: [361947c2-eecd-45e2-9da6-933f9372b1c6|rpc:172.17.0.2:46001|dataStream:|priority:0, 8c8eae1d-dd67-4c0e-97f4-ede4c5bc644d|rpc:172.17.0.2:39261|dataStream:|priority:0, 51a677ad-ae3c-4805-a988-993e59f99449|rpc:172.17.0.2:40287|dataStream:|priority:1], old=null
2021-04-10 01:07:20,454 [361947c2-eecd-45e2-9da6-933f9372b1c6@group-923F87AB690E-LeaderElection73] INFO  impl.LeaderElection (LogUtils.java:infoOrTrace(137)) - 361947c2-eecd-45e2-9da6-933f9372b1c6@group-923F87AB690E-LeaderElection73 got exception when requesting votes: java.util.concurrent.ExecutionException: org.apache.ratis.thirdparty.io.grpc.StatusRuntimeException: UNAVAILABLE: io exception
2021-04-10 01:07:20,455 [361947c2-eecd-45e2-9da6-933f9372b1c6@group-923F87AB690E-LeaderElection73] INFO  impl.LeaderElection (LogUtils.java:infoOrTrace(137)) - 361947c2-eecd-45e2-9da6-933f9372b1c6@group-923F87AB690E-LeaderElection73 got exception when requesting votes: java.util.concurrent.ExecutionException: org.apache.ratis.thirdparty.io.grpc.StatusRuntimeException: UNAVAILABLE: io exception
2021-04-10 01:07:20,455 [361947c2-eecd-45e2-9da6-933f9372b1c6@group-923F87AB690E-LeaderElection73] INFO  impl.LeaderElection (LeaderElection.java:logAndReturn(89)) - 361947c2-eecd-45e2-9da6-933f9372b1c6@group-923F87AB690E-LeaderElection73: ELECTION REJECTED received 0 response(s) and 2 exception(s):
2021-04-10 01:07:20,455 [361947c2-eecd-45e2-9da6-933f9372b1c6@group-923F87AB690E-LeaderElection73] INFO  impl.LeaderElection (LogUtils.java:infoOrTrace(137)) -   Exception 0: java.util.concurrent.ExecutionException: org.apache.ratis.thirdparty.io.grpc.StatusRuntimeException: UNAVAILABLE: io exception
2021-04-10 01:07:20,455 [361947c2-eecd-45e2-9da6-933f9372b1c6@group-923F87AB690E-LeaderElection73] INFO  impl.LeaderElection (LogUtils.java:infoOrTrace(137)) -   Exception 1: java.util.concurrent.ExecutionException: org.apache.ratis.thirdparty.io.grpc.StatusRuntimeException: UNAVAILABLE: io exception
2021-04-10 01:07:20,456 [361947c2-eecd-45e2-9da6-933f9372b1c6@group-923F87AB690E-LeaderElection73] INFO  impl.LeaderElection (LeaderElection.java:askForVotes(308)) - 361947c2-eecd-45e2-9da6-933f9372b1c6@group-923F87AB690E-LeaderElection73 ELECTION round 0: result REJECTED
2021-04-10 01:07:20,456 [361947c2-eecd-45e2-9da6-933f9372b1c6@group-923F87AB690E-LeaderElection73] INFO  server.RaftServer$Division (RaftServerImpl.java:setRole(284)) - 361947c2-eecd-45e2-9da6-933f9372b1c6@group-923F87AB690E: changes role from CANDIDATE to FOLLOWER at term 5 for REJECTED
2021-04-10 01:07:20,456 [361947c2-eecd-45e2-9da6-933f9372b1c6@group-923F87AB690E-LeaderElection73] INFO  impl.RoleInfo (RoleInfo.java:shutdownLeaderElection(121)) - 361947c2-eecd-45e2-9da6-933f9372b1c6: shutdown 361947c2-eecd-45e2-9da6-933f9372b1c6@group-923F87AB690E-LeaderElection73
2021-04-10 01:07:20,456 [361947c2-eecd-45e2-9da6-933f9372b1c6@group-923F87AB690E-LeaderElection73] INFO  impl.RoleInfo (RoleInfo.java:updateAndGet(130)) - 361947c2-eecd-45e2-9da6-933f9372b1c6: start 361947c2-eecd-45e2-9da6-933f9372b1c6@group-923F87AB690E-FollowerState
2021-04-10 01:07:21,026 [ForkJoinPool.commonPool-worker-0] INFO  ozoneimpl.OzoneContainer (OzoneContainer.java:stop(313)) - Attempting to stop container services.
2021-04-10 01:07:21,026 [ForkJoinPool.commonPool-worker-0] INFO  server.RaftServer (RaftServerProxy.java:lambda$close$6(391)) - 361947c2-eecd-45e2-9da6-933f9372b1c6: close
2021-04-10 01:07:21,026 [ForkJoinPool.commonPool-worker-0] INFO  server.RaftServer$Division (RaftServerImpl.java:lambda$close$4(406)) - 361947c2-eecd-45e2-9da6-933f9372b1c6@group-923F87AB690E: shutdown
2021-04-10 01:07:21,027 [ForkJoinPool.commonPool-worker-0] INFO  util.JmxRegister (JmxRegister.java:unregister(73)) - Successfully un-registered JMX Bean with object name Ratis:service=RaftServer,group=group-923F87AB690E,id=361947c2-eecd-45e2-9da6-933f9372b1c6
2021-04-10 01:07:21,027 [ForkJoinPool.commonPool-worker-0] INFO  impl.RoleInfo (RoleInfo.java:shutdownFollowerState(108)) - 361947c2-eecd-45e2-9da6-933f9372b1c6: shutdown 361947c2-eecd-45e2-9da6-933f9372b1c6@group-923F87AB690E-FollowerState
2021-04-10 01:07:21,027 [ForkJoinPool.commonPool-worker-0] INFO  impl.StateMachineUpdater (StateMachineUpdater.java:stopAndJoin(149)) - 361947c2-eecd-45e2-9da6-933f9372b1c6@group-923F87AB690E-StateMachineUpdater: set stopIndex = 0
2021-04-10 01:07:21,027 [361947c2-eecd-45e2-9da6-933f9372b1c6@group-923F87AB690E-FollowerState] INFO  impl.FollowerState (FollowerState.java:run(143)) - 361947c2-eecd-45e2-9da6-933f9372b1c6@group-923F87AB690E-FollowerState was interrupted: {}
java.lang.InterruptedException: sleep interrupted
	at java.lang.Thread.sleep(Native Method)
	at java.lang.Thread.sleep(Thread.java:340)
	at java.util.concurrent.TimeUnit.sleep(TimeUnit.java:386)
	at org.apache.ratis.util.TimeDuration.sleep(TimeDuration.java:324)
	at org.apache.ratis.util.TimeDuration.sleep(TimeDuration.java:309)
	at org.apache.ratis.server.impl.FollowerState.run(FollowerState.java:118)
2021-04-10 01:07:21,027 [361947c2-eecd-45e2-9da6-933f9372b1c6@group-923F87AB690E-StateMachineUpdater] INFO  ratis.ContainerStateMachine (ContainerStateMachine.java:takeSnapshot(292)) - group-923F87AB690E: Taking a snapshot at:(t:4, i:0) file /github/workspace/mnt/ozone/hadoop-ozone/integration-test/target/test-dir/MiniOzoneClusterImpl-da946c58-7c29-4448-876e-997be65f487e/datanode-6/data/ratis/cc6f6b40-9f48-4411-b909-923f87ab690e/sm/snapshot.4_0
2021-04-10 01:07:21,028 [361947c2-eecd-45e2-9da6-933f9372b1c6@group-923F87AB690E-StateMachineUpdater] INFO  ratis.ContainerStateMachine (ContainerStateMachine.java:takeSnapshot(303)) - group-923F87AB690E: Finished taking a snapshot at:(t:4, i:0) file:/github/workspace/mnt/ozone/hadoop-ozone/integration-test/target/test-dir/MiniOzoneClusterImpl-da946c58-7c29-4448-876e-997be65f487e/datanode-6/data/ratis/cc6f6b40-9f48-4411-b909-923f87ab690e/sm/snapshot.4_0 took: 1 ms
2021-04-10 01:07:21,028 [361947c2-eecd-45e2-9da6-933f9372b1c6@group-923F87AB690E-StateMachineUpdater] INFO  impl.StateMachineUpdater (StateMachineUpdater.java:takeSnapshot(281)) - 361947c2-eecd-45e2-9da6-933f9372b1c6@group-923F87AB690E-StateMachineUpdater: Took a snapshot at index 0
2021-04-10 01:07:21,029 [361947c2-eecd-45e2-9da6-933f9372b1c6@group-923F87AB690E-StateMachineUpdater] INFO  impl.StateMachineUpdater (StateMachineUpdater.java:lambda$new$0(89)) - 361947c2-eecd-45e2-9da6-933f9372b1c6@group-923F87AB690E-StateMachineUpdater: snapshotIndex: updateIncreasingly -1 -> 0
2021-04-10 01:07:21,029 [361947c2-eecd-45e2-9da6-933f9372b1c6@group-923F87AB690E-StateMachineUpdater] INFO  metrics.RatisMetrics (RatisMetrics.java:unregister(43)) - Unregistering Metrics Registry : ratis.state_machine.361947c2-eecd-45e2-9da6-933f9372b1c6@group-923F87AB690E
2021-04-10 01:07:21,029 [ForkJoinPool.commonPool-worker-0] INFO  server.RaftServer$Division (ServerState.java:close(405)) - 361947c2-eecd-45e2-9da6-933f9372b1c6@group-923F87AB690E: closes. applyIndex: 0
2021-04-10 01:07:21,029 [361947c2-eecd-45e2-9da6-933f9372b1c6@group-923F87AB690E-SegmentedRaftLogWorker] INFO  segmented.SegmentedRaftLogWorker (SegmentedRaftLogWorker.java:run(327)) - 361947c2-eecd-45e2-9da6-933f9372b1c6@group-923F87AB690E-SegmentedRaftLogWorker was interrupted, exiting. There are 0 tasks remaining in the queue.
2021-04-10 01:07:21,030 [ForkJoinPool.commonPool-worker-0] INFO  segmented.SegmentedRaftLogWorker (SegmentedRaftLogWorker.java:close(237)) - 361947c2-eecd-45e2-9da6-933f9372b1c6@group-923F87AB690E-SegmentedRaftLogWorker close()
2021-04-10 01:07:21,030 [ForkJoinPool.commonPool-worker-0] INFO  metrics.RatisMetrics (RatisMetrics.java:unregister(43)) - Unregistering Metrics Registry : ratis.log_worker.361947c2-eecd-45e2-9da6-933f9372b1c6@group-923F87AB690E
2021-04-10 01:07:21,031 [ForkJoinPool.commonPool-worker-0] INFO  metrics.RatisMetrics (RatisMetrics.java:unregister(43)) - Unregistering Metrics Registry : ratis.leader_election.361947c2-eecd-45e2-9da6-933f9372b1c6@group-923F87AB690E
2021-04-10 01:07:21,031 [ForkJoinPool.commonPool-worker-0] INFO  metrics.RatisMetrics (RatisMetrics.java:unregister(43)) - Unregistering Metrics Registry : ratis.server.361947c2-eecd-45e2-9da6-933f9372b1c6@group-923F87AB690E
2021-04-10 01:07:21,031 [ForkJoinPool.commonPool-worker-0] INFO  server.RaftServer$Division (RaftServerImpl.java:lambda$close$4(406)) - 361947c2-eecd-45e2-9da6-933f9372b1c6@group-FD7C0488E0CA: shutdown
2021-04-10 01:07:21,031 [ForkJoinPool.commonPool-worker-0] INFO  util.JmxRegister (JmxRegister.java:unregister(73)) - Successfully un-registered JMX Bean with object name Ratis:service=RaftServer,group=group-FD7C0488E0CA,id=361947c2-eecd-45e2-9da6-933f9372b1c6
2021-04-10 01:07:21,031 [ForkJoinPool.commonPool-worker-0] INFO  impl.RoleInfo (RoleInfo.java:shutdownLeaderState(91)) - 361947c2-eecd-45e2-9da6-933f9372b1c6: shutdown 361947c2-eecd-45e2-9da6-933f9372b1c6@group-FD7C0488E0CA-LeaderStateImpl
2021-04-10 01:07:21,031 [ForkJoinPool.commonPool-worker-0] INFO  impl.PendingRequests (PendingRequests.java:sendNotLeaderResponses(249)) - 361947c2-eecd-45e2-9da6-933f9372b1c6@group-FD7C0488E0CA-PendingRequests: sendNotLeaderResponses
2021-04-10 01:07:21,031 [ForkJoinPool.commonPool-worker-0] INFO  metrics.RatisMetrics (RatisMetrics.java:unregister(43)) - Unregistering Metrics Registry : ratis.log_appender.361947c2-eecd-45e2-9da6-933f9372b1c6@group-FD7C0488E0CA
2021-04-10 01:07:21,032 [ForkJoinPool.commonPool-worker-0] INFO  metrics.RatisMetrics (RatisMetrics.java:unregister(43)) - Unregistering Metrics Registry : ratis.server.361947c2-eecd-45e2-9da6-933f9372b1c6@group-FD7C0488E0CA
2021-04-10 01:07:21,033 [ForkJoinPool.commonPool-worker-0] INFO  impl.StateMachineUpdater (StateMachineUpdater.java:stopAndJoin(149)) - 361947c2-eecd-45e2-9da6-933f9372b1c6@group-FD7C0488E0CA-StateMachineUpdater: set stopIndex = 0
2021-04-10 01:07:21,033 [361947c2-eecd-45e2-9da6-933f9372b1c6@group-FD7C0488E0CA-StateMachineUpdater] INFO  ratis.ContainerStateMachine (ContainerStateMachine.java:takeSnapshot(292)) - group-FD7C0488E0CA: Taking a snapshot at:(t:1, i:0) file /github/workspace/mnt/ozone/hadoop-ozone/integration-test/target/test-dir/MiniOzoneClusterImpl-da946c58-7c29-4448-876e-997be65f487e/datanode-6/data/ratis/e498aa0e-7a57-4262-ae43-fd7c0488e0ca/sm/snapshot.1_0
2021-04-10 01:07:21,033 [361947c2-eecd-45e2-9da6-933f9372b1c6@group-FD7C0488E0CA-StateMachineUpdater] INFO  ratis.ContainerStateMachine (ContainerStateMachine.java:takeSnapshot(303)) - group-FD7C0488E0CA: Finished taking a snapshot at:(t:1, i:0) file:/github/workspace/mnt/ozone/hadoop-ozone/integration-test/target/test-dir/MiniOzoneClusterImpl-da946c58-7c29-4448-876e-997be65f487e/datanode-6/data/ratis/e498aa0e-7a57-4262-ae43-fd7c0488e0ca/sm/snapshot.1_0 took: 1 ms
2021-04-10 01:07:21,034 [361947c2-eecd-45e2-9da6-933f9372b1c6@group-FD7C0488E0CA-StateMachineUpdater] INFO  impl.StateMachineUpdater (StateMachineUpdater.java:takeSnapshot(281)) - 361947c2-eecd-45e2-9da6-933f9372b1c6@group-FD7C0488E0CA-StateMachineUpdater: Took a snapshot at index 0
2021-04-10 01:07:21,034 [361947c2-eecd-45e2-9da6-933f9372b1c6@group-FD7C0488E0CA-StateMachineUpdater] INFO  impl.StateMachineUpdater (StateMachineUpdater.java:lambda$new$0(89)) - 361947c2-eecd-45e2-9da6-933f9372b1c6@group-FD7C0488E0CA-StateMachineUpdater: snapshotIndex: updateIncreasingly -1 -> 0
2021-04-10 01:07:21,034 [361947c2-eecd-45e2-9da6-933f9372b1c6@group-FD7C0488E0CA-StateMachineUpdater] INFO  metrics.RatisMetrics (RatisMetrics.java:unregister(43)) - Unregistering Metrics Registry : ratis.state_machine.361947c2-eecd-45e2-9da6-933f9372b1c6@group-FD7C0488E0CA
2021-04-10 01:07:21,034 [ForkJoinPool.commonPool-worker-0] INFO  server.RaftServer$Division (ServerState.java:close(405)) - 361947c2-eecd-45e2-9da6-933f9372b1c6@group-FD7C0488E0CA: closes. applyIndex: 0
2021-04-10 01:07:21,034 [361947c2-eecd-45e2-9da6-933f9372b1c6@group-FD7C0488E0CA-SegmentedRaftLogWorker] INFO  segmented.SegmentedRaftLogWorker (SegmentedRaftLogWorker.java:run(327)) - 361947c2-eecd-45e2-9da6-933f9372b1c6@group-FD7C0488E0CA-SegmentedRaftLogWorker was interrupted, exiting. There are 0 tasks remaining in the queue.
2021-04-10 01:07:21,034 [ForkJoinPool.commonPool-worker-0] INFO  segmented.SegmentedRaftLogWorker (SegmentedRaftLogWorker.java:close(237)) - 361947c2-eecd-45e2-9da6-933f9372b1c6@group-FD7C0488E0CA-SegmentedRaftLogWorker close()
2021-04-10 01:07:21,035 [ForkJoinPool.commonPool-worker-0] INFO  metrics.RatisMetrics (RatisMetrics.java:unregister(43)) - Unregistering Metrics Registry : ratis.log_worker.361947c2-eecd-45e2-9da6-933f9372b1c6@group-FD7C0488E0CA
2021-04-10 01:07:21,035 [ForkJoinPool.commonPool-worker-0] INFO  metrics.RatisMetrics (RatisMetrics.java:unregister(43)) - Unregistering Metrics Registry : ratis.leader_election.361947c2-eecd-45e2-9da6-933f9372b1c6@group-FD7C0488E0CA
2021-04-10 01:07:21,035 [ForkJoinPool.commonPool-worker-0] INFO  metrics.RatisMetrics (RatisMetrics.java:unregister(43)) - Unregistering Metrics Registry : ratis.server.361947c2-eecd-45e2-9da6-933f9372b1c6@group-FD7C0488E0CA
2021-04-10 01:07:21,035 [ForkJoinPool.commonPool-worker-0] INFO  server.GrpcService (GrpcService.java:closeImpl(262)) - 361947c2-eecd-45e2-9da6-933f9372b1c6: shutdown server with port 46001 now
2021-04-10 01:07:21,038 [ForkJoinPool.commonPool-worker-0] INFO  server.GrpcService (GrpcService.java:closeImpl(271)) - 361947c2-eecd-45e2-9da6-933f9372b1c6: shutdown server with port 46001 successfully
2021-04-10 01:07:21,039 [org.apache.ratis.util.JvmPauseMonitor$$Lambda$503/290751331@613fdefd] INFO  util.JvmPauseMonitor (JvmPauseMonitor.java:run(109)) - JvmPauseMonitor-361947c2-eecd-45e2-9da6-933f9372b1c6: Stopped
2021-04-10 01:07:21,041 [ForkJoinPool.commonPool-worker-0] INFO  utils.BackgroundService (BackgroundService.java:shutdown(132)) - Shutting down service BlockDeletingService
2021-04-10 01:07:21,042 [ForkJoinPool.commonPool-worker-0] INFO  statemachine.DatanodeStateMachine (DatanodeStateMachine.java:stopDaemon(469)) - Ozone container server stopped.
2021-04-10 01:07:21,052 [ForkJoinPool.commonPool-worker-0] INFO  handler.ContextHandler (ContextHandler.java:doStop(1154)) - Stopped o.e.j.w.WebAppContext@618f0ba{hddsDatanode,/,null,STOPPED}{jar:file:/home/user/.m2/repository/org/apache/hadoop/hadoop-hdds-container-service/1.1.0-SNAPSHOT/hadoop-hdds-container-service-1.1.0-SNAPSHOT.jar!/webapps/hddsDatanode}
2021-04-10 01:07:21,053 [ForkJoinPool.commonPool-worker-0] INFO  server.AbstractConnector (AbstractConnector.java:doStop(381)) - Stopped ServerConnector@7a34bb07{HTTP/1.1, (http/1.1)}{0.0.0.0:0}
2021-04-10 01:07:21,054 [ForkJoinPool.commonPool-worker-0] INFO  server.session (HouseKeeper.java:stopScavenging(149)) - node0 Stopped scavenging
2021-04-10 01:07:21,054 [ForkJoinPool.commonPool-worker-0] INFO  handler.ContextHandler (ContextHandler.java:doStop(1154)) - Stopped o.e.j.s.ServletContextHandler@5a08108d{static,/static,jar:file:/home/user/.m2/repository/org/apache/hadoop/hadoop-hdds-container-service/1.1.0-SNAPSHOT/hadoop-hdds-container-service-1.1.0-SNAPSHOT.jar!/webapps/static,STOPPED}
2021-04-10 01:07:21,054 [ForkJoinPool.commonPool-worker-0] INFO  handler.ContextHandler (ContextHandler.java:doStop(1154)) - Stopped o.e.j.s.ServletContextHandler@67138427{logs,/logs,file:///github/workspace/mnt/ozone/hadoop-ozone/integration-test/target/log,STOPPED}
2021-04-10 01:07:21,058 [Listener at 127.0.0.1/35629] INFO  ozone.MiniOzoneClusterImpl (MiniOzoneClusterImpl.java:stopSCM(530)) - Stopping the StorageContainerManager
2021-04-10 01:07:21,059 [Listener at 127.0.0.1/35629] INFO  server.StorageContainerManager (StorageContainerManager.java:stop(1208)) - Stopping Replication Manager Service.
2021-04-10 01:07:21,059 [Listener at 127.0.0.1/35629] INFO  container.ReplicationManager (ReplicationManager.java:stop(267)) - Stopping Replication Monitor Thread.
2021-04-10 01:07:21,059 [Listener at 127.0.0.1/35629] INFO  server.StorageContainerManager (StorageContainerManager.java:stop(1215)) - Stopping the Datanode Admin Monitor.
2021-04-10 01:07:21,059 [Listener at 127.0.0.1/35629] INFO  server.StorageContainerManager (StorageContainerManager.java:stop(1222)) - Stopping Lease Manager of the command watchers
2021-04-10 01:07:21,059 [Listener at 127.0.0.1/35629] INFO  server.StorageContainerManager (StorageContainerManager.java:stop(1229)) - Stopping datanode service RPC server
2021-04-10 01:07:21,060 [Listener at 127.0.0.1/35629] INFO  server.SCMDatanodeProtocolServer (SCMDatanodeProtocolServer.java:stop(374)) - Stopping the RPC server for DataNodes
2021-04-10 01:07:21,060 [Listener at 127.0.0.1/35629] INFO  ipc.Server (Server.java:stop(3403)) - Stopping server on 44205
2021-04-10 01:07:21,062 [IPC Server listener on 0] INFO  ipc.Server (Server.java:run(1366)) - Stopping IPC Server listener on 0
2021-04-10 01:07:21,062 [IPC Server Responder] INFO  ipc.Server (Server.java:run(1502)) - Stopping IPC Server Responder
2021-04-10 01:07:21,122 [SCM Heartbeat Processing Thread - 0] WARN  node.NodeStateManager (NodeStateManager.java:scheduleNextHealthCheck(688)) - Current Thread is interrupted, shutting down HB processing thread for Node Manager.
2021-04-10 01:07:21,122 [Listener at 127.0.0.1/35629] INFO  server.StorageContainerManager (StorageContainerManager.java:stop(1237)) - Stopping block service RPC server
2021-04-10 01:07:21,123 [Listener at 127.0.0.1/35629] INFO  server.SCMBlockProtocolServer (SCMBlockProtocolServer.java:stop(158)) - Stopping the RPC server for Block Protocol
2021-04-10 01:07:21,123 [Listener at 127.0.0.1/35629] INFO  ipc.Server (Server.java:stop(3403)) - Stopping server on 35093
2021-04-10 01:07:21,125 [IPC Server listener on 0] INFO  ipc.Server (Server.java:run(1366)) - Stopping IPC Server listener on 0
2021-04-10 01:07:21,126 [IPC Server Responder] INFO  ipc.Server (Server.java:run(1502)) - Stopping IPC Server Responder
2021-04-10 01:07:21,126 [Listener at 127.0.0.1/35629] INFO  server.StorageContainerManager (StorageContainerManager.java:stop(1244)) - Stopping the StorageContainerLocationProtocol RPC server
2021-04-10 01:07:21,126 [Listener at 127.0.0.1/35629] INFO  server.SCMClientProtocolServer (SCMClientProtocolServer.java:stop(164)) - Stopping the RPC server for Client Protocol
2021-04-10 01:07:21,126 [Listener at 127.0.0.1/35629] INFO  ipc.Server (Server.java:stop(3403)) - Stopping server on 39887
2021-04-10 01:07:21,128 [IPC Server listener on 0] INFO  ipc.Server (Server.java:run(1366)) - Stopping IPC Server listener on 0
2021-04-10 01:07:21,129 [IPC Server Responder] INFO  ipc.Server (Server.java:run(1502)) - Stopping IPC Server Responder
2021-04-10 01:07:21,129 [Listener at 127.0.0.1/35629] INFO  server.StorageContainerManager (StorageContainerManager.java:stop(1251)) - Stopping Storage Container Manager HTTP server.
2021-04-10 01:07:21,129 [Listener at 127.0.0.1/35629] INFO  handler.ContextHandler (ContextHandler.java:doStop(1154)) - Stopped o.e.j.w.WebAppContext@47a2d9a9{scm,/,null,STOPPED}{file:/github/workspace/mnt/ozone/hadoop-ozone/integration-test/target/test-classes/webapps/scm}
2021-04-10 01:07:21,130 [Listener at 127.0.0.1/35629] INFO  server.AbstractConnector (AbstractConnector.java:doStop(381)) - Stopped ServerConnector@43b5a9fd{HTTP/1.1, (http/1.1)}{0.0.0.0:0}
2021-04-10 01:07:21,130 [Listener at 127.0.0.1/35629] INFO  server.session (HouseKeeper.java:stopScavenging(149)) - node0 Stopped scavenging
2021-04-10 01:07:21,130 [Listener at 127.0.0.1/35629] INFO  handler.ContextHandler (ContextHandler.java:doStop(1154)) - Stopped o.e.j.s.ServletContextHandler@42081e5f{static,/static,file:///github/workspace/mnt/ozone/hadoop-ozone/integration-test/target/test-classes/webapps/static,STOPPED}
2021-04-10 01:07:21,131 [Listener at 127.0.0.1/35629] INFO  handler.ContextHandler (ContextHandler.java:doStop(1154)) - Stopped o.e.j.s.ServletContextHandler@3449a463{logs,/logs,file:///github/workspace/mnt/ozone/hadoop-ozone/integration-test/target/log,STOPPED}
2021-04-10 01:07:21,131 [Listener at 127.0.0.1/35629] INFO  server.StorageContainerManager (StorageContainerManager.java:stop(1262)) - Stopping Block Manager Service.
2021-04-10 01:07:21,132 [Listener at 127.0.0.1/35629] INFO  utils.BackgroundService (BackgroundService.java:shutdown(132)) - Shutting down service SCMBlockDeletingService
2021-04-10 01:07:21,132 [Listener at 127.0.0.1/35629] INFO  utils.BackgroundService (BackgroundService.java:shutdown(132)) - Shutting down service SCMBlockDeletingService
2021-04-10 01:07:21,132 [Listener at 127.0.0.1/35629] INFO  server.StorageContainerManager (StorageContainerManager.java:stop(1287)) - Stopping SCM Event Queue.
2021-04-10 01:07:21,134 [Listener at 127.0.0.1/35629] WARN  pipeline.BackgroundPipelineCreator (BackgroundPipelineCreatorV2.java:stop(148)) - RatisPipelineUtilsThread is not running, just ignore.
2021-04-10 01:07:21,135 [Listener at 127.0.0.1/35629] INFO  impl.MetricsSystemImpl (MetricsSystemImpl.java:stop(210)) - Stopping HddsDatanode metrics system...
2021-04-10 01:07:21,142 [prometheus] INFO  impl.MetricsSinkAdapter (MetricsSinkAdapter.java:publishMetricsFromQueue(141)) - prometheus thread interrupted.
2021-04-10 01:07:21,142 [Listener at 127.0.0.1/35629] INFO  impl.MetricsSystemImpl (MetricsSystemImpl.java:stop(216)) - HddsDatanode metrics system stopped.
]]></system-out>
    <system-err><![CDATA[Apr 10, 2021 1:07:10 AM org.apache.ratis.thirdparty.io.grpc.internal.ManagedChannelOrphanWrapper$ManagedChannelReference cleanQueue
SEVERE: *~*~*~ Channel ManagedChannelImpl{logId=699, target=172.17.0.2:39951} was not shutdown properly!!! ~*~*~*
    Make sure to call shutdown()/shutdownNow() and wait until awaitTermination() returns true.
java.lang.RuntimeException: ManagedChannel allocation site
	at org.apache.ratis.thirdparty.io.grpc.internal.ManagedChannelOrphanWrapper$ManagedChannelReference.<init>(ManagedChannelOrphanWrapper.java:93)
	at org.apache.ratis.thirdparty.io.grpc.internal.ManagedChannelOrphanWrapper.<init>(ManagedChannelOrphanWrapper.java:53)
	at org.apache.ratis.thirdparty.io.grpc.internal.ManagedChannelOrphanWrapper.<init>(ManagedChannelOrphanWrapper.java:44)
	at org.apache.ratis.thirdparty.io.grpc.internal.ManagedChannelImplBuilder.build(ManagedChannelImplBuilder.java:596)
	at org.apache.ratis.thirdparty.io.grpc.ForwardingChannelBuilder.build(ForwardingChannelBuilder.java:255)
	at org.apache.ratis.grpc.client.GrpcClientProtocolClient.buildChannel(GrpcClientProtocolClient.java:159)
	at org.apache.ratis.grpc.client.GrpcClientProtocolClient.<init>(GrpcClientProtocolClient.java:110)
	at org.apache.ratis.grpc.client.GrpcClientRpc.lambda$new$0(GrpcClientRpc.java:57)
	at org.apache.ratis.util.PeerProxyMap$PeerAndProxy.lambda$getProxy$0(PeerProxyMap.java:63)
	at org.apache.ratis.util.LifeCycle.startAndTransition(LifeCycle.java:270)
	at org.apache.ratis.util.PeerProxyMap$PeerAndProxy.getProxy(PeerProxyMap.java:62)
	at org.apache.ratis.util.PeerProxyMap.getProxy(PeerProxyMap.java:114)
	at org.apache.ratis.grpc.client.GrpcClientRpc.sendRequestAsync(GrpcClientRpc.java:67)
	at org.apache.ratis.client.impl.OrderedAsync.sendRequest(OrderedAsync.java:235)
	at org.apache.ratis.client.impl.OrderedAsync.sendRequestWithRetry(OrderedAsync.java:189)
	at org.apache.ratis.util.SlidingWindow$Client.sendOrDelayRequest(SlidingWindow.java:280)
	at org.apache.ratis.util.SlidingWindow$Client.retry(SlidingWindow.java:296)
	at org.apache.ratis.client.impl.OrderedAsync.lambda$scheduleWithTimeout$7(OrderedAsync.java:222)
	at org.apache.ratis.util.TimeoutScheduler.lambda$onTimeout$0(TimeoutScheduler.java:141)
	at org.apache.ratis.util.TimeoutScheduler.lambda$onTimeout$1(TimeoutScheduler.java:155)
	at org.apache.ratis.util.LogUtils.runAndLog(LogUtils.java:38)
	at org.apache.ratis.util.LogUtils$1.run(LogUtils.java:79)
	at java.util.concurrent.Executors$RunnableAdapter.call(Executors.java:511)
	at java.util.concurrent.FutureTask.run(FutureTask.java:266)
	at java.util.concurrent.ScheduledThreadPoolExecutor$ScheduledFutureTask.access$201(ScheduledThreadPoolExecutor.java:180)
	at java.util.concurrent.ScheduledThreadPoolExecutor$ScheduledFutureTask.run(ScheduledThreadPoolExecutor.java:293)
	at java.util.concurrent.ThreadPoolExecutor.runWorker(ThreadPoolExecutor.java:1149)
	at java.util.concurrent.ThreadPoolExecutor$Worker.run(ThreadPoolExecutor.java:624)
	at java.lang.Thread.run(Thread.java:748)

]]></system-err>
  </testcase>
  <testcase name="test2WayCommitForTimeoutException" classname="org.apache.hadoop.ozone.client.rpc.TestWatchForCommit" time="43.416"/>
</testsuite>