<?xml version="1.0" encoding="UTF-8"?>
<testsuite xmlns:xsi="http://www.w3.org/2001/XMLSchema-instance" xsi:noNamespaceSchemaLocation="https://maven.apache.org/surefire/maven-surefire-plugin/xsd/surefire-test-report-3.0.xsd" version="3.0" name="org.apache.hadoop.ozone.client.rpc.TestOzoneRpcClientWithRatis" time="89.736" tests="121" errors="0" skipped="0" failures="1">
  <properties>
    <property name="awt.toolkit" value="sun.awt.X11.XToolkit"/>
    <property name="file.encoding.pkg" value="sun.io"/>
    <property name="java.specification.version" value="1.8"/>
    <property name="sun.cpu.isalist" value=""/>
    <property name="sun.jnu.encoding" value="UTF-8"/>
    <property name="java.class.path" value="/home/runner/work/ozone/ozone/hadoop-ozone/integration-test/target/test-classes:/home/runner/work/ozone/ozone/hadoop-ozone/integration-test/target/classes:/home/runner/.m2/repository/org/apache/ozone/ozone-common/1.4.0-SNAPSHOT/ozone-common-1.4.0-SNAPSHOT.jar:/home/runner/.m2/repository/io/grpc/grpc-netty/1.51.1/grpc-netty-1.51.1.jar:/home/runner/.m2/repository/io/grpc/grpc-core/1.51.1/grpc-core-1.51.1.jar:/home/runner/.m2/repository/com/google/android/annotations/4.1.1.4/annotations-4.1.1.4.jar:/home/runner/.m2/repository/org/codehaus/mojo/animal-sniffer-annotations/1.21/animal-sniffer-annotations-1.21.jar:/home/runner/.m2/repository/com/google/errorprone/error_prone_annotations/2.2.0/error_prone_annotations-2.2.0.jar:/home/runner/.m2/repository/io/perfmark/perfmark-api/0.25.0/perfmark-api-0.25.0.jar:/home/runner/.m2/repository/io/netty/netty-codec-http2/4.1.86.Final/netty-codec-http2-4.1.86.Final.jar:/home/runner/.m2/repository/io/netty/netty-common/4.1.86.Final/netty-common-4.1.86.Final.jar:/home/runner/.m2/repository/io/netty/netty-buffer/4.1.86.Final/netty-buffer-4.1.86.Final.jar:/home/runner/.m2/repository/io/netty/netty-codec-http/4.1.86.Final/netty-codec-http-4.1.86.Final.jar:/home/runner/.m2/repository/io/netty/netty-handler-proxy/4.1.86.Final/netty-handler-proxy-4.1.86.Final.jar:/home/runner/.m2/repository/io/netty/netty-codec-socks/4.1.86.Final/netty-codec-socks-4.1.86.Final.jar:/home/runner/.m2/repository/io/netty/netty-tcnative-boringssl-static/2.0.54.Final/netty-tcnative-boringssl-static-2.0.54.Final.jar:/home/runner/.m2/repository/io/netty/netty-tcnative-classes/2.0.54.Final/netty-tcnative-classes-2.0.54.Final.jar:/home/runner/.m2/repository/io/netty/netty-tcnative-boringssl-static/2.0.54.Final/netty-tcnative-boringssl-static-2.0.54.Final-linux-x86_64.jar:/home/runner/.m2/repository/io/netty/netty-tcnative-boringssl-static/2.0.54.Final/netty-tcnative-boringssl-static-2.0.54.Final-linux-aarch_64.jar:/home/runner/.m2/repository/io/netty/netty-tcnative-boringssl-static/2.0.54.Final/netty-tcnative-boringssl-static-2.0.54.Final-osx-x86_64.jar:/home/runner/.m2/repository/io/netty/netty-tcnative-boringssl-static/2.0.54.Final/netty-tcnative-boringssl-static-2.0.54.Final-osx-aarch_64.jar:/home/runner/.m2/repository/io/netty/netty-tcnative-boringssl-static/2.0.54.Final/netty-tcnative-boringssl-static-2.0.54.Final-windows-x86_64.jar:/home/runner/.m2/repository/org/apache/commons/commons-compress/1.21/commons-compress-1.21.jar:/home/runner/.m2/repository/org/apache/ozone/hdds-common/1.4.0-SNAPSHOT/hdds-common-1.4.0-SNAPSHOT.jar:/home/runner/.m2/repository/org/apache/ozone/hdds-client/1.4.0-SNAPSHOT/hdds-client-1.4.0-SNAPSHOT.jar:/home/runner/.m2/repository/org/apache/ozone/ozone-interface-client/1.4.0-SNAPSHOT/ozone-interface-client-1.4.0-SNAPSHOT.jar:/home/runner/.m2/repository/org/apache/hadoop/hadoop-hdfs-client/3.3.5/hadoop-hdfs-client-3.3.5.jar:/home/runner/.m2/repository/com/squareup/okhttp3/okhttp/4.9.3/okhttp-4.9.3.jar:/home/runner/.m2/repository/com/squareup/okio/okio/2.8.0/okio-2.8.0.jar:/home/runner/.m2/repository/org/jetbrains/kotlin/kotlin-stdlib-common/1.6.21/kotlin-stdlib-common-1.6.21.jar:/home/runner/.m2/repository/org/apache/ozone/hdds-test-utils/1.4.0-SNAPSHOT/hdds-test-utils-1.4.0-SNAPSHOT.jar:/home/runner/.m2/repository/com/google/guava/guava/31.1-jre/guava-31.1-jre.jar:/home/runner/.m2/repository/com/google/guava/failureaccess/1.0.1/failureaccess-1.0.1.jar:/home/runner/.m2/repository/com/google/guava/listenablefuture/9999.0-empty-to-avoid-conflict-with-guava/listenablefuture-9999.0-empty-to-avoid-conflict-with-guava.jar:/home/runner/.m2/repository/com/google/code/findbugs/jsr305/3.0.0/jsr305-3.0.0.jar:/home/runner/.m2/repository/org/checkerframework/checker-qual/3.12.0/checker-qual-3.12.0.jar:/home/runner/.m2/repository/com/google/j2objc/j2objc-annotations/1.3/j2objc-annotations-1.3.jar:/home/runner/.m2/repository/commons-io/commons-io/2.11.0/commons-io-2.11.0.jar:/home/runner/.m2/repository/commons-logging/commons-logging/1.2/commons-logging-1.2.jar:/home/runner/.m2/repository/ch/qos/reload4j/reload4j/1.2.22/reload4j-1.2.22.jar:/home/runner/.m2/repository/org/slf4j/slf4j-api/1.7.36/slf4j-api-1.7.36.jar:/home/runner/.m2/repository/org/apache/ozone/hdds-server-scm/1.4.0-SNAPSHOT/hdds-server-scm-1.4.0-SNAPSHOT.jar:/home/runner/.m2/repository/org/apache/ozone/hdds-container-service/1.4.0-SNAPSHOT/hdds-container-service-1.4.0-SNAPSHOT.jar:/home/runner/.m2/repository/org/apache/ozone/hdds-hadoop-dependency-server/1.4.0-SNAPSHOT/hdds-hadoop-dependency-server-1.4.0-SNAPSHOT.jar:/home/runner/.m2/repository/org/apache/hadoop/hadoop-hdfs/3.3.5/hadoop-hdfs-3.3.5.jar:/home/runner/.m2/repository/commons-daemon/commons-daemon/1.0.13/commons-daemon-1.0.13.jar:/home/runner/.m2/repository/org/apache/ozone/hdds-server-framework/1.4.0-SNAPSHOT/hdds-server-framework-1.4.0-SNAPSHOT.jar:/home/runner/.m2/repository/io/dropwizard/metrics/metrics-core/3.2.4/metrics-core-3.2.4.jar:/home/runner/.m2/repository/org/apache/commons/commons-text/1.4/commons-text-1.4.jar:/home/runner/.m2/repository/org/bouncycastle/bcprov-jdk15on/1.67/bcprov-jdk15on-1.67.jar:/home/runner/.m2/repository/com/google/protobuf/protobuf-java/2.5.0/protobuf-java-2.5.0.jar:/home/runner/.m2/repository/org/apache/ozone/hdds-server-framework/1.4.0-SNAPSHOT/hdds-server-framework-1.4.0-SNAPSHOT-tests.jar:/home/runner/.m2/repository/org/apache/ozone/hdds-interface-server/1.4.0-SNAPSHOT/hdds-interface-server-1.4.0-SNAPSHOT.jar:/home/runner/.m2/repository/org/apache/ozone/hdds-interface-admin/1.4.0-SNAPSHOT/hdds-interface-admin-1.4.0-SNAPSHOT.jar:/home/runner/.m2/repository/org/apache/ozone/hdds-managed-rocksdb/1.4.0-SNAPSHOT/hdds-managed-rocksdb-1.4.0-SNAPSHOT.jar:/home/runner/.m2/repository/org/rocksdb/rocksdbjni/7.7.3/rocksdbjni-7.7.3.jar:/home/runner/.m2/repository/org/slf4j/slf4j-reload4j/1.7.36/slf4j-reload4j-1.7.36.jar:/home/runner/.m2/repository/org/apache/commons/commons-configuration2/2.1.1/commons-configuration2-2.1.1.jar:/home/runner/.m2/repository/org/apache/logging/log4j/log4j-core/2.17.1/log4j-core-2.17.1.jar:/home/runner/.m2/repository/com/lmax/disruptor/3.4.2/disruptor-3.4.2.jar:/home/runner/.m2/repository/org/eclipse/jetty/jetty-util/9.4.51.v20230217/jetty-util-9.4.51.v20230217.jar:/home/runner/.m2/repository/org/eclipse/jetty/jetty-server/9.4.51.v20230217/jetty-server-9.4.51.v20230217.jar:/home/runner/.m2/repository/org/eclipse/jetty/jetty-http/9.4.51.v20230217/jetty-http-9.4.51.v20230217.jar:/home/runner/.m2/repository/org/eclipse/jetty/jetty-io/9.4.51.v20230217/jetty-io-9.4.51.v20230217.jar:/home/runner/.m2/repository/org/eclipse/jetty/jetty-servlet/9.4.51.v20230217/jetty-servlet-9.4.51.v20230217.jar:/home/runner/.m2/repository/org/eclipse/jetty/jetty-security/9.4.51.v20230217/jetty-security-9.4.51.v20230217.jar:/home/runner/.m2/repository/org/eclipse/jetty/jetty-util-ajax/9.4.51.v20230217/jetty-util-ajax-9.4.51.v20230217.jar:/home/runner/.m2/repository/org/eclipse/jetty/jetty-webapp/9.4.51.v20230217/jetty-webapp-9.4.51.v20230217.jar:/home/runner/.m2/repository/org/eclipse/jetty/jetty-xml/9.4.51.v20230217/jetty-xml-9.4.51.v20230217.jar:/home/runner/.m2/repository/org/apache/ratis/ratis-server/2.5.1/ratis-server-2.5.1.jar:/home/runner/.m2/repository/org/apache/ratis/ratis-thirdparty-misc/1.0.4/ratis-thirdparty-misc-1.0.4.jar:/home/runner/.m2/repository/org/apache/ratis/ratis-proto/2.5.1/ratis-proto-2.5.1.jar:/home/runner/.m2/repository/org/apache/ratis/ratis-common/2.5.1/ratis-common-2.5.1.jar:/home/runner/.m2/repository/org/apache/ratis/ratis-client/2.5.1/ratis-client-2.5.1.jar:/home/runner/.m2/repository/org/apache/ratis/ratis-server-api/2.5.1/ratis-server-api-2.5.1.jar:/home/runner/.m2/repository/org/apache/ratis/ratis-metrics/2.5.1/ratis-metrics-2.5.1.jar:/home/runner/.m2/repository/io/prometheus/simpleclient_dropwizard/0.7.0/simpleclient_dropwizard-0.7.0.jar:/home/runner/.m2/repository/io/prometheus/simpleclient/0.7.0/simpleclient-0.7.0.jar:/home/runner/.m2/repository/io/prometheus/simpleclient_common/0.7.0/simpleclient_common-0.7.0.jar:/home/runner/.m2/repository/com/fasterxml/jackson/datatype/jackson-datatype-jsr310/2.13.4/jackson-datatype-jsr310-2.13.4.jar:/home/runner/.m2/repository/com/fasterxml/jackson/core/jackson-core/2.13.4/jackson-core-2.13.4.jar:/home/runner/.m2/repository/com/github/spotbugs/spotbugs-annotations/3.1.12/spotbugs-annotations-3.1.12.jar:/home/runner/.m2/repository/org/apache/ozone/rocksdb-checkpoint-differ/1.4.0-SNAPSHOT/rocksdb-checkpoint-differ-1.4.0-SNAPSHOT.jar:/home/runner/.m2/repository/org/awaitility/awaitility/4.2.0/awaitility-4.2.0.jar:/home/runner/.m2/repository/org/hamcrest/hamcrest/2.1/hamcrest-2.1.jar:/home/runner/.m2/repository/org/apache/ozone/ozone-manager/1.4.0-SNAPSHOT/ozone-manager-1.4.0-SNAPSHOT.jar:/home/runner/.m2/repository/org/aspectj/aspectjrt/1.9.7/aspectjrt-1.9.7.jar:/home/runner/.m2/repository/org/aspectj/aspectjweaver/1.9.7/aspectjweaver-1.9.7.jar:/home/runner/.m2/repository/org/apache/ozone/hdds-interface-client/1.4.0-SNAPSHOT/hdds-interface-client-1.4.0-SNAPSHOT.jar:/home/runner/.m2/repository/org/apache/hadoop/thirdparty/hadoop-shaded-protobuf_3_7/1.1.1/hadoop-shaded-protobuf_3_7-1.1.1.jar:/home/runner/.m2/repository/org/apache/ozone/ozone-interface-storage/1.4.0-SNAPSHOT/ozone-interface-storage-1.4.0-SNAPSHOT.jar:/home/runner/.m2/repository/org/reflections/reflections/0.9.11/reflections-0.9.11.jar:/home/runner/.m2/repository/com/sun/jersey/jersey-client/1.19/jersey-client-1.19.jar:/home/runner/.m2/repository/org/codehaus/jackson/jackson-core-asl/1.9.13/jackson-core-asl-1.9.13.jar:/home/runner/.m2/repository/org/codehaus/jackson/jackson-mapper-asl/1.9.13/jackson-mapper-asl-1.9.13.jar:/home/runner/.m2/repository/org/codehaus/jackson/jackson-jaxrs/1.9.13/jackson-jaxrs-1.9.13.jar:/home/runner/.m2/repository/org/apache/ranger/ranger-intg/2.3.0/ranger-intg-2.3.0.jar:/home/runner/.m2/repository/org/apache/ranger/ranger-plugins-common/2.3.0/ranger-plugins-common-2.3.0.jar:/home/runner/.m2/repository/commons-lang/commons-lang/2.6/commons-lang-2.6.jar:/home/runner/.m2/repository/org/apache/ranger/ranger-plugins-cred/2.3.0/ranger-plugins-cred-2.3.0.jar:/home/runner/.m2/repository/org/apache/ranger/ranger-plugins-audit/2.3.0/ranger-plugins-audit-2.3.0.jar:/home/runner/.m2/repository/org/eclipse/jetty/jetty-client/9.4.51.v20230217/jetty-client-9.4.51.v20230217.jar:/home/runner/.m2/repository/org/apache/httpcomponents/httpmime/4.5.6/httpmime-4.5.6.jar:/home/runner/.m2/repository/org/apache/httpcomponents/httpcore-nio/4.4.13/httpcore-nio-4.4.13.jar:/home/runner/.m2/repository/org/apache/httpcomponents/httpasyncclient/4.1.3/httpasyncclient-4.1.3.jar:/home/runner/.m2/repository/com/carrotsearch/hppc/0.8.0/hppc-0.8.0.jar:/home/runner/.m2/repository/org/apache/orc/orc-core/1.5.8/orc-core-1.5.8.jar:/home/runner/.m2/repository/net/java/dev/jna/jna/5.2.0/jna-5.2.0.jar:/home/runner/.m2/repository/net/java/dev/jna/jna-platform/5.2.0/jna-platform-5.2.0.jar:/home/runner/.m2/repository/com/kstruct/gethostname4j/0.0.2/gethostname4j-0.0.2.jar:/home/runner/.m2/repository/org/apache/ranger/ranger-plugin-classloader/2.3.0/ranger-plugin-classloader-2.3.0.jar:/home/runner/.m2/repository/org/apache/ozone/hdds-rocks-native/1.4.0-SNAPSHOT/hdds-rocks-native-1.4.0-SNAPSHOT.jar:/home/runner/.m2/repository/org/apache/hadoop/hadoop-minikdc/3.3.5/hadoop-minikdc-3.3.5.jar:/home/runner/.m2/repository/org/apache/kerby/kerb-simplekdc/1.0.1/kerb-simplekdc-1.0.1.jar:/home/runner/.m2/repository/org/apache/kerby/kerb-client/1.0.1/kerb-client-1.0.1.jar:/home/runner/.m2/repository/org/apache/kerby/kerby-config/1.0.1/kerby-config-1.0.1.jar:/home/runner/.m2/repository/org/apache/kerby/kerb-common/1.0.1/kerb-common-1.0.1.jar:/home/runner/.m2/repository/org/apache/kerby/kerb-crypto/1.0.1/kerb-crypto-1.0.1.jar:/home/runner/.m2/repository/org/apache/kerby/kerb-util/1.0.1/kerb-util-1.0.1.jar:/home/runner/.m2/repository/org/apache/kerby/token-provider/1.0.1/token-provider-1.0.1.jar:/home/runner/.m2/repository/org/apache/kerby/kerb-admin/1.0.1/kerb-admin-1.0.1.jar:/home/runner/.m2/repository/org/apache/kerby/kerb-server/1.0.1/kerb-server-1.0.1.jar:/home/runner/.m2/repository/org/apache/kerby/kerb-identity/1.0.1/kerb-identity-1.0.1.jar:/home/runner/.m2/repository/org/apache/kerby/kerby-xdr/1.0.1/kerby-xdr-1.0.1.jar:/home/runner/.m2/repository/org/apache/ozone/ozone-s3gateway/1.4.0-SNAPSHOT/ozone-s3gateway-1.4.0-SNAPSHOT.jar:/home/runner/.m2/repository/org/javassist/javassist/3.21.0-GA/javassist-3.21.0-GA.jar:/home/runner/.m2/repository/org/jboss/weld/servlet/weld-servlet-shaded/3.1.9.Final/weld-servlet-shaded-3.1.9.Final.jar:/home/runner/.m2/repository/org/glassfish/jersey/containers/jersey-container-servlet-core/2.34/jersey-container-servlet-core-2.34.jar:/home/runner/.m2/repository/org/glassfish/hk2/external/jakarta.inject/2.6.1/jakarta.inject-2.6.1.jar:/home/runner/.m2/repository/org/glassfish/jersey/core/jersey-common/2.34/jersey-common-2.34.jar:/home/runner/.m2/repository/jakarta/ws/rs/jakarta.ws.rs-api/2.1.6/jakarta.ws.rs-api-2.1.6.jar:/home/runner/.m2/repository/org/glassfish/jersey/ext/cdi/jersey-cdi1x/2.34/jersey-cdi1x-2.34.jar:/home/runner/.m2/repository/org/glassfish/jersey/inject/jersey-hk2/2.34/jersey-hk2-2.34.jar:/home/runner/.m2/repository/org/glassfish/hk2/hk2-locator/2.6.1/hk2-locator-2.6.1.jar:/home/runner/.m2/repository/org/glassfish/jersey/media/jersey-media-jaxb/2.34/jersey-media-jaxb-2.34.jar:/home/runner/.m2/repository/org/glassfish/hk2/osgi-resource-locator/1.0.3/osgi-resource-locator-1.0.3.jar:/home/runner/.m2/repository/org/glassfish/hk2/hk2-api/2.5.0/hk2-api-2.5.0.jar:/home/runner/.m2/repository/org/glassfish/hk2/hk2-utils/2.5.0/hk2-utils-2.5.0.jar:/home/runner/.m2/repository/org/glassfish/hk2/external/aopalliance-repackaged/2.5.0/aopalliance-repackaged-2.5.0.jar:/home/runner/.m2/repository/com/fasterxml/jackson/dataformat/jackson-dataformat-xml/2.13.4/jackson-dataformat-xml-2.13.4.jar:/home/runner/.m2/repository/org/codehaus/woodstox/stax2-api/4.2.1/stax2-api-4.2.1.jar:/home/runner/.m2/repository/com/fasterxml/woodstox/woodstox-core/5.4.0/woodstox-core-5.4.0.jar:/home/runner/.m2/repository/com/fasterxml/jackson/module/jackson-module-jaxb-annotations/2.13.4/jackson-module-jaxb-annotations-2.13.4.jar:/home/runner/.m2/repository/jakarta/xml/bind/jakarta.xml.bind-api/2.3.3/jakarta.xml.bind-api-2.3.3.jar:/home/runner/.m2/repository/jakarta/activation/jakarta.activation-api/1.2.2/jakarta.activation-api-1.2.2.jar:/home/runner/.m2/repository/javax/enterprise/cdi-api/2.0/cdi-api-2.0.jar:/home/runner/.m2/repository/javax/el/javax.el-api/3.0.0/javax.el-api-3.0.0.jar:/home/runner/.m2/repository/javax/interceptor/javax.interceptor-api/1.2/javax.interceptor-api-1.2.jar:/home/runner/.m2/repository/javax/inject/javax.inject/1/javax.inject-1.jar:/home/runner/.m2/repository/javax/xml/bind/jaxb-api/2.3.0/jaxb-api-2.3.0.jar:/home/runner/.m2/repository/org/glassfish/jaxb/jaxb-runtime/2.3.0.1/jaxb-runtime-2.3.0.1.jar:/home/runner/.m2/repository/org/glassfish/jaxb/jaxb-core/2.3.0.1/jaxb-core-2.3.0.1.jar:/home/runner/.m2/repository/org/glassfish/jaxb/txw2/2.3.0.1/txw2-2.3.0.1.jar:/home/runner/.m2/repository/com/sun/istack/istack-commons-runtime/3.0.5/istack-commons-runtime-3.0.5.jar:/home/runner/.m2/repository/org/jvnet/staxex/stax-ex/1.7.8/stax-ex-1.7.8.jar:/home/runner/.m2/repository/com/sun/xml/fastinfoset/FastInfoset/1.2.13/FastInfoset-1.2.13.jar:/home/runner/.m2/repository/javax/activation/activation/1.1.1/activation-1.1.1.jar:/home/runner/.m2/repository/io/grpc/grpc-protobuf/1.51.1/grpc-protobuf-1.51.1.jar:/home/runner/.m2/repository/com/google/api/grpc/proto-google-common-protos/2.9.0/proto-google-common-protos-2.9.0.jar:/home/runner/.m2/repository/io/grpc/grpc-protobuf-lite/1.51.1/grpc-protobuf-lite-1.51.1.jar:/home/runner/.m2/repository/io/grpc/grpc-stub/1.51.1/grpc-stub-1.51.1.jar:/home/runner/.m2/repository/io/netty/netty-transport/4.1.86.Final/netty-transport-4.1.86.Final.jar:/home/runner/.m2/repository/io/netty/netty-resolver/4.1.86.Final/netty-resolver-4.1.86.Final.jar:/home/runner/.m2/repository/org/apache/ozone/ozone-csi/1.4.0-SNAPSHOT/ozone-csi-1.4.0-SNAPSHOT.jar:/home/runner/.m2/repository/com/google/protobuf/protobuf-java-util/3.19.6/protobuf-java-util-3.19.6.jar:/home/runner/.m2/repository/com/google/code/gson/gson/2.9.0/gson-2.9.0.jar:/home/runner/.m2/repository/org/apache/ozone/hdds-config/1.4.0-SNAPSHOT/hdds-config-1.4.0-SNAPSHOT.jar:/home/runner/.m2/repository/io/netty/netty-transport-native-epoll/4.1.86.Final/netty-transport-native-epoll-4.1.86.Final-linux-x86_64.jar:/home/runner/.m2/repository/io/netty/netty-transport-classes-epoll/4.1.86.Final/netty-transport-classes-epoll-4.1.86.Final.jar:/home/runner/.m2/repository/io/netty/netty-transport-native-unix-common/4.1.86.Final/netty-transport-native-unix-common-4.1.86.Final.jar:/home/runner/.m2/repository/org/apache/ozone/ozone-recon/1.4.0-SNAPSHOT/ozone-recon-1.4.0-SNAPSHOT.jar:/home/runner/.m2/repository/org/apache/ozone/ozone-reconcodegen/1.4.0-SNAPSHOT/ozone-reconcodegen-1.4.0-SNAPSHOT.jar:/home/runner/.m2/repository/com/google/inject/guice/5.1.0/guice-5.1.0.jar:/home/runner/.m2/repository/aopalliance/aopalliance/1.0/aopalliance-1.0.jar:/home/runner/.m2/repository/com/google/inject/extensions/guice-assistedinject/5.1.0/guice-assistedinject-5.1.0.jar:/home/runner/.m2/repository/com/google/inject/extensions/guice-servlet/5.1.0/guice-servlet-5.1.0.jar:/home/runner/.m2/repository/org/glassfish/jersey/containers/jersey-container-servlet/2.34/jersey-container-servlet-2.34.jar:/home/runner/.m2/repository/org/glassfish/hk2/guice-bridge/2.5.0/guice-bridge-2.5.0.jar:/home/runner/.m2/repository/org/glassfish/jersey/core/jersey-server/2.34/jersey-server-2.34.jar:/home/runner/.m2/repository/org/glassfish/jersey/core/jersey-client/2.34/jersey-client-2.34.jar:/home/runner/.m2/repository/jakarta/annotation/jakarta.annotation-api/1.3.5/jakarta.annotation-api-1.3.5.jar:/home/runner/.m2/repository/jakarta/validation/jakarta.validation-api/2.0.2/jakarta.validation-api-2.0.2.jar:/home/runner/.m2/repository/org/glassfish/jersey/media/jersey-media-json-jackson/2.34/jersey-media-json-jackson-2.34.jar:/home/runner/.m2/repository/org/glassfish/jersey/ext/jersey-entity-filtering/2.34/jersey-entity-filtering-2.34.jar:/home/runner/.m2/repository/org/jooq/jooq/3.11.10/jooq-3.11.10.jar:/home/runner/.m2/repository/org/jooq/jooq-meta/3.11.10/jooq-meta-3.11.10.jar:/home/runner/.m2/repository/org/jooq/jooq-codegen/3.11.10/jooq-codegen-3.11.10.jar:/home/runner/.m2/repository/com/jolbox/bonecp/0.8.0.RELEASE/bonecp-0.8.0.RELEASE.jar:/home/runner/.m2/repository/org/apache/derby/derby/10.14.2.0/derby-10.14.2.0.jar:/home/runner/.m2/repository/org/xerial/sqlite-jdbc/3.41.2.2/sqlite-jdbc-3.41.2.2.jar:/home/runner/.m2/repository/org/springframework/spring-jdbc/5.3.27/spring-jdbc-5.3.27.jar:/home/runner/.m2/repository/org/springframework/spring-beans/5.3.27/spring-beans-5.3.27.jar:/home/runner/.m2/repository/org/springframework/spring-core/5.3.27/spring-core-5.3.27.jar:/home/runner/.m2/repository/org/springframework/spring-tx/5.3.27/spring-tx-5.3.27.jar:/home/runner/.m2/repository/org/apache/ozone/ozone-client/1.4.0-SNAPSHOT/ozone-client-1.4.0-SNAPSHOT.jar:/home/runner/.m2/repository/org/apache/ozone/hdds-erasurecode/1.4.0-SNAPSHOT/hdds-erasurecode-1.4.0-SNAPSHOT.jar:/home/runner/.m2/repository/org/apache/ozone/ozone-filesystem/1.4.0-SNAPSHOT/ozone-filesystem-1.4.0-SNAPSHOT.jar:/home/runner/.m2/repository/org/apache/ozone/ozone-filesystem-common/1.4.0-SNAPSHOT/ozone-filesystem-common-1.4.0-SNAPSHOT.jar:/home/runner/.m2/repository/org/apache/ozone/ozone-tools/1.4.0-SNAPSHOT/ozone-tools-1.4.0-SNAPSHOT.jar:/home/runner/.m2/repository/com/amazonaws/aws-java-sdk-core/1.12.261/aws-java-sdk-core-1.12.261.jar:/home/runner/.m2/repository/org/apache/httpcomponents/httpclient/4.5.13/httpclient-4.5.13.jar:/home/runner/.m2/repository/org/apache/httpcomponents/httpcore/4.4.13/httpcore-4.4.13.jar:/home/runner/.m2/repository/software/amazon/ion/ion-java/1.0.2/ion-java-1.0.2.jar:/home/runner/.m2/repository/com/fasterxml/jackson/dataformat/jackson-dataformat-cbor/2.13.4/jackson-dataformat-cbor-2.13.4.jar:/home/runner/.m2/repository/joda-time/joda-time/2.10.6/joda-time-2.10.6.jar:/home/runner/.m2/repository/com/amazonaws/aws-java-sdk-s3/1.12.261/aws-java-sdk-s3-1.12.261.jar:/home/runner/.m2/repository/com/amazonaws/aws-java-sdk-kms/1.12.261/aws-java-sdk-kms-1.12.261.jar:/home/runner/.m2/repository/com/amazonaws/jmespath-java/1.12.261/jmespath-java-1.12.261.jar:/home/runner/.m2/repository/org/kohsuke/metainf-services/metainf-services/1.8/metainf-services-1.8.jar:/home/runner/.m2/repository/org/apache/ozone/hdds-tools/1.4.0-SNAPSHOT/hdds-tools-1.4.0-SNAPSHOT.jar:/home/runner/.m2/repository/org/apache/ratis/ratis-tools/2.5.1/ratis-tools-2.5.1.jar:/home/runner/.m2/repository/commons-cli/commons-cli/1.2/commons-cli-1.2.jar:/home/runner/.m2/repository/org/apache/commons/commons-lang3/3.7/commons-lang3-3.7.jar:/home/runner/.m2/repository/org/apache/ozone/ozone-manager/1.4.0-SNAPSHOT/ozone-manager-1.4.0-SNAPSHOT-tests.jar:/home/runner/.m2/repository/org/apache/ozone/hdds-common/1.4.0-SNAPSHOT/hdds-common-1.4.0-SNAPSHOT-tests.jar:/home/runner/.m2/repository/org/apache/ozone/hdds-hadoop-dependency-client/1.4.0-SNAPSHOT/hdds-hadoop-dependency-client-1.4.0-SNAPSHOT.jar:/home/runner/.m2/repository/info/picocli/picocli/4.6.1/picocli-4.6.1.jar:/home/runner/.m2/repository/com/fasterxml/jackson/core/jackson-annotations/2.13.4/jackson-annotations-2.13.4.jar:/home/runner/.m2/repository/org/apache/ozone/hdds-annotation-processing/1.4.0-SNAPSHOT/hdds-annotation-processing-1.4.0-SNAPSHOT.jar:/home/runner/.m2/repository/javax/annotation/javax.annotation-api/1.2/javax.annotation-api-1.2.jar:/home/runner/.m2/repository/org/apache/ratis/ratis-netty/2.5.1/ratis-netty-2.5.1.jar:/home/runner/.m2/repository/org/apache/ratis/ratis-grpc/2.5.1/ratis-grpc-2.5.1.jar:/home/runner/.m2/repository/org/apache/logging/log4j/log4j-api/2.17.1/log4j-api-2.17.1.jar:/home/runner/.m2/repository/org/apache/commons/commons-pool2/2.6.0/commons-pool2-2.6.0.jar:/home/runner/.m2/repository/org/bouncycastle/bcpkix-jdk15on/1.67/bcpkix-jdk15on-1.67.jar:/home/runner/.m2/repository/commons-validator/commons-validator/1.6/commons-validator-1.6.jar:/home/runner/.m2/repository/commons-beanutils/commons-beanutils/1.9.4/commons-beanutils-1.9.4.jar:/home/runner/.m2/repository/commons-digester/commons-digester/1.8.1/commons-digester-1.8.1.jar:/home/runner/.m2/repository/commons-collections/commons-collections/3.2.2/commons-collections-3.2.2.jar:/home/runner/.m2/repository/io/jaegertracing/jaeger-client/1.6.0/jaeger-client-1.6.0.jar:/home/runner/.m2/repository/io/jaegertracing/jaeger-thrift/1.6.0/jaeger-thrift-1.6.0.jar:/home/runner/.m2/repository/org/apache/thrift/libthrift/0.14.1/libthrift-0.14.1.jar:/home/runner/.m2/repository/io/jaegertracing/jaeger-core/1.6.0/jaeger-core-1.6.0.jar:/home/runner/.m2/repository/io/jaegertracing/jaeger-tracerresolver/1.6.0/jaeger-tracerresolver-1.6.0.jar:/home/runner/.m2/repository/io/opentracing/contrib/opentracing-tracerresolver/0.1.8/opentracing-tracerresolver-0.1.8.jar:/home/runner/.m2/repository/org/jetbrains/kotlin/kotlin-stdlib/1.6.21/kotlin-stdlib-1.6.21.jar:/home/runner/.m2/repository/org/jetbrains/annotations/13.0/annotations-13.0.jar:/home/runner/.m2/repository/io/opentracing/opentracing-util/0.33.0/opentracing-util-0.33.0.jar:/home/runner/.m2/repository/io/opentracing/opentracing-api/0.33.0/opentracing-api-0.33.0.jar:/home/runner/.m2/repository/io/opentracing/opentracing-noop/0.33.0/opentracing-noop-0.33.0.jar:/home/runner/.m2/repository/org/yaml/snakeyaml/2.0/snakeyaml-2.0.jar:/home/runner/.m2/repository/io/grpc/grpc-api/1.51.1/grpc-api-1.51.1.jar:/home/runner/.m2/repository/io/grpc/grpc-context/1.51.1/grpc-context-1.51.1.jar:/home/runner/.m2/repository/junit/junit/4.13.1/junit-4.13.1.jar:/home/runner/.m2/repository/org/hamcrest/hamcrest-core/1.3/hamcrest-core-1.3.jar:/home/runner/.m2/repository/org/junit/jupiter/junit-jupiter-api/5.8.2/junit-jupiter-api-5.8.2.jar:/home/runner/.m2/repository/org/opentest4j/opentest4j/1.2.0/opentest4j-1.2.0.jar:/home/runner/.m2/repository/org/junit/platform/junit-platform-commons/1.8.2/junit-platform-commons-1.8.2.jar:/home/runner/.m2/repository/org/apiguardian/apiguardian-api/1.1.2/apiguardian-api-1.1.2.jar:/home/runner/.m2/repository/org/junit/jupiter/junit-jupiter-params/5.8.2/junit-jupiter-params-5.8.2.jar:/home/runner/.m2/repository/org/junit/jupiter/junit-jupiter-migrationsupport/5.8.2/junit-jupiter-migrationsupport-5.8.2.jar:/home/runner/.m2/repository/org/junit/jupiter/junit-jupiter-engine/5.8.2/junit-jupiter-engine-5.8.2.jar:/home/runner/.m2/repository/org/junit/platform/junit-platform-engine/1.8.2/junit-platform-engine-1.8.2.jar:/home/runner/.m2/repository/org/junit/vintage/junit-vintage-engine/5.8.2/junit-vintage-engine-5.8.2.jar:/home/runner/.m2/repository/org/junit/platform/junit-platform-launcher/1.8.2/junit-platform-launcher-1.8.2.jar:/home/runner/.m2/repository/org/mockito/mockito-core/2.28.2/mockito-core-2.28.2.jar:/home/runner/.m2/repository/net/bytebuddy/byte-buddy/1.9.10/byte-buddy-1.9.10.jar:/home/runner/.m2/repository/net/bytebuddy/byte-buddy-agent/1.9.10/byte-buddy-agent-1.9.10.jar:/home/runner/.m2/repository/org/objenesis/objenesis/1.0/objenesis-1.0.jar:/home/runner/.m2/repository/org/apache/hadoop/hadoop-kms/3.3.5/hadoop-kms-3.3.5.jar:/home/runner/.m2/repository/org/apache/hadoop/hadoop-auth/3.3.5/hadoop-auth-3.3.5.jar:/home/runner/.m2/repository/com/nimbusds/nimbus-jose-jwt/9.8.1/nimbus-jose-jwt-9.8.1.jar:/home/runner/.m2/repository/com/github/stephenc/jcip/jcip-annotations/1.0-1/jcip-annotations-1.0-1.jar:/home/runner/.m2/repository/net/minidev/json-smart/2.4.7/json-smart-2.4.7.jar:/home/runner/.m2/repository/net/minidev/accessors-smart/2.4.7/accessors-smart-2.4.7.jar:/home/runner/.m2/repository/org/ow2/asm/asm/5.0.4/asm-5.0.4.jar:/home/runner/.m2/repository/org/apache/zookeeper/zookeeper/3.5.6/zookeeper-3.5.6.jar:/home/runner/.m2/repository/org/apache/zookeeper/zookeeper-jute/3.5.6/zookeeper-jute-3.5.6.jar:/home/runner/.m2/repository/org/apache/yetus/audience-annotations/0.5.0/audience-annotations-0.5.0.jar:/home/runner/.m2/repository/org/apache/curator/curator-framework/4.2.0/curator-framework-4.2.0.jar:/home/runner/.m2/repository/org/apache/hadoop/thirdparty/hadoop-shaded-guava/1.1.1/hadoop-shaded-guava-1.1.1.jar:/home/runner/.m2/repository/com/sun/jersey/jersey-core/1.19/jersey-core-1.19.jar:/home/runner/.m2/repository/javax/ws/rs/jsr311-api/1.1.1/jsr311-api-1.1.1.jar:/home/runner/.m2/repository/com/sun/jersey/jersey-server/1.19/jersey-server-1.19.jar:/home/runner/.m2/repository/javax/servlet/javax.servlet-api/3.1.0/javax.servlet-api-3.1.0.jar:/home/runner/.m2/repository/org/apache/hadoop/hadoop-common/3.3.5/hadoop-common-3.3.5.jar:/home/runner/.m2/repository/org/apache/commons/commons-math3/3.1.1/commons-math3-3.1.1.jar:/home/runner/.m2/repository/commons-net/commons-net/3.9.0/commons-net-3.9.0.jar:/home/runner/.m2/repository/com/sun/jersey/jersey-servlet/1.19/jersey-servlet-1.19.jar:/home/runner/.m2/repository/com/github/pjfanning/jersey-json/1.20/jersey-json-1.20.jar:/home/runner/.m2/repository/org/codehaus/jettison/jettison/1.1/jettison-1.1.jar:/home/runner/.m2/repository/com/sun/xml/bind/jaxb-impl/2.2.3-1/jaxb-impl-2.2.3-1.jar:/home/runner/.m2/repository/com/google/re2j/re2j/1.1/re2j-1.1.jar:/home/runner/.m2/repository/com/jcraft/jsch/0.1.54/jsch-0.1.54.jar:/home/runner/.m2/repository/org/apache/curator/curator-client/4.2.0/curator-client-4.2.0.jar:/home/runner/.m2/repository/org/apache/curator/curator-recipes/4.2.0/curator-recipes-4.2.0.jar:/home/runner/.m2/repository/org/apache/kerby/kerb-core/1.0.1/kerb-core-1.0.1.jar:/home/runner/.m2/repository/org/apache/kerby/kerby-pkix/1.0.1/kerby-pkix-1.0.1.jar:/home/runner/.m2/repository/org/apache/kerby/kerby-asn1/1.0.1/kerby-asn1-1.0.1.jar:/home/runner/.m2/repository/org/apache/kerby/kerby-util/1.0.1/kerby-util-1.0.1.jar:/home/runner/.m2/repository/dnsjava/dnsjava/2.1.7/dnsjava-2.1.7.jar:/home/runner/.m2/repository/org/xerial/snappy/snappy-java/1.1.8.2/snappy-java-1.1.8.2.jar:/home/runner/.m2/repository/com/fasterxml/jackson/core/jackson-databind/2.13.4.2/jackson-databind-2.13.4.2.jar:/home/runner/.m2/repository/org/apache/hadoop/hadoop-kms/3.3.5/hadoop-kms-3.3.5-tests.jar:/home/runner/.m2/repository/org/apache/ozone/hdds-server-scm/1.4.0-SNAPSHOT/hdds-server-scm-1.4.0-SNAPSHOT-tests.jar:/home/runner/.m2/repository/org/apache/ozone/hdds-container-service/1.4.0-SNAPSHOT/hdds-container-service-1.4.0-SNAPSHOT-tests.jar:/home/runner/.m2/repository/com/github/luben/zstd-jni/1.5.2-5/zstd-jni-1.5.2-5.jar:/home/runner/.m2/repository/commons-codec/commons-codec/1.15/commons-codec-1.15.jar:/home/runner/.m2/repository/io/netty/netty-codec/4.1.86.Final/netty-codec-4.1.86.Final.jar:/home/runner/.m2/repository/io/netty/netty-handler/4.1.86.Final/netty-handler-4.1.86.Final.jar:/home/runner/.m2/repository/org/apache/ozone/hdds-hadoop-dependency-test/1.4.0-SNAPSHOT/hdds-hadoop-dependency-test-1.4.0-SNAPSHOT.jar:/home/runner/.m2/repository/org/apache/hadoop/hadoop-common/3.3.5/hadoop-common-3.3.5-tests.jar:/home/runner/.m2/repository/org/apache/hadoop/hadoop-hdfs/3.3.5/hadoop-hdfs-3.3.5-tests.jar:/home/runner/.m2/repository/org/assertj/assertj-core/3.12.2/assertj-core-3.12.2.jar:/home/runner/.m2/repository/org/apache/hadoop/hadoop-distcp/3.3.5/hadoop-distcp-3.3.5.jar:/home/runner/.m2/repository/org/apache/hadoop/hadoop-mapreduce-client-jobclient/3.3.5/hadoop-mapreduce-client-jobclient-3.3.5.jar:/home/runner/.m2/repository/org/apache/hadoop/hadoop-mapreduce-client-common/3.3.5/hadoop-mapreduce-client-common-3.3.5.jar:/home/runner/.m2/repository/org/apache/hadoop/hadoop-yarn-common/3.3.5/hadoop-yarn-common-3.3.5.jar:/home/runner/.m2/repository/org/apache/hadoop/hadoop-yarn-api/3.3.5/hadoop-yarn-api-3.3.5.jar:/home/runner/.m2/repository/com/sun/jersey/contribs/jersey-guice/1.19/jersey-guice-1.19.jar:/home/runner/.m2/repository/com/fasterxml/jackson/jaxrs/jackson-jaxrs-json-provider/2.13.4/jackson-jaxrs-json-provider-2.13.4.jar:/home/runner/.m2/repository/com/fasterxml/jackson/jaxrs/jackson-jaxrs-base/2.13.4/jackson-jaxrs-base-2.13.4.jar:/home/runner/.m2/repository/org/apache/hadoop/hadoop-yarn-client/3.3.5/hadoop-yarn-client-3.3.5.jar:/home/runner/.m2/repository/org/eclipse/jetty/websocket/websocket-client/9.4.48.v20220622/websocket-client-9.4.48.v20220622.jar:/home/runner/.m2/repository/org/eclipse/jetty/websocket/websocket-common/9.4.48.v20220622/websocket-common-9.4.48.v20220622.jar:/home/runner/.m2/repository/org/eclipse/jetty/websocket/websocket-api/9.4.48.v20220622/websocket-api-9.4.48.v20220622.jar:/home/runner/.m2/repository/org/jline/jline/3.9.0/jline-3.9.0.jar:/home/runner/.m2/repository/org/apache/hadoop/hadoop-mapreduce-client-core/3.3.5/hadoop-mapreduce-client-core-3.3.5.jar:/home/runner/.m2/repository/org/apache/avro/avro/1.7.7/avro-1.7.7.jar:/home/runner/.m2/repository/com/thoughtworks/paranamer/paranamer/2.3/paranamer-2.3.jar:/home/runner/.m2/repository/org/apache/hadoop/hadoop-annotations/3.3.5/hadoop-annotations-3.3.5.jar:/usr/lib/jvm/temurin-8-jdk-amd64/jre/../lib/tools.jar:/home/runner/.m2/repository/io/netty/netty/3.10.6.Final/netty-3.10.6.Final.jar:/home/runner/.m2/repository/org/apache/hadoop/hadoop-distcp/3.3.5/hadoop-distcp-3.3.5-tests.jar:/home/runner/.m2/repository/org/slf4j/jul-to-slf4j/1.7.36/jul-to-slf4j-1.7.36.jar:"/>
    <property name="java.vm.vendor" value="Temurin"/>
    <property name="sun.arch.data.model" value="64"/>
    <property name="test.build.dir" value="/home/runner/work/ozone/ozone/hadoop-ozone/integration-test/target/test-dir"/>
    <property name="test.cache.data" value=""/>
    <property name="java.vendor.url" value="https://adoptium.net/"/>
    <property name="user.timezone" value="Etc/UTC"/>
    <property name="java.vm.specification.version" value="1.8"/>
    <property name="os.name" value="Linux"/>
    <property name="test.build.data" value="/home/runner/work/ozone/ozone/hadoop-ozone/integration-test/target/test-dir"/>
    <property name="sun.java.launcher" value="SUN_STANDARD"/>
    <property name="sun.boot.library.path" value="/usr/lib/jvm/temurin-8-jdk-amd64/jre/lib/amd64"/>
    <property name="sun.java.command" value="/home/runner/work/ozone/ozone/hadoop-ozone/integration-test/target/surefire/surefirebooter1217404382409514396.jar /home/runner/work/ozone/ozone/hadoop-ozone/integration-test/target/surefire 2023-06-02T19-13-05_518-jvmRun1 surefire9113707961379449909tmp surefire_283088045572379704907tmp"/>
    <property name="surefire.test.class.path" value="/home/runner/work/ozone/ozone/hadoop-ozone/integration-test/target/test-classes:/home/runner/work/ozone/ozone/hadoop-ozone/integration-test/target/classes:/home/runner/.m2/repository/org/apache/ozone/ozone-common/1.4.0-SNAPSHOT/ozone-common-1.4.0-SNAPSHOT.jar:/home/runner/.m2/repository/io/grpc/grpc-netty/1.51.1/grpc-netty-1.51.1.jar:/home/runner/.m2/repository/io/grpc/grpc-core/1.51.1/grpc-core-1.51.1.jar:/home/runner/.m2/repository/com/google/android/annotations/4.1.1.4/annotations-4.1.1.4.jar:/home/runner/.m2/repository/org/codehaus/mojo/animal-sniffer-annotations/1.21/animal-sniffer-annotations-1.21.jar:/home/runner/.m2/repository/com/google/errorprone/error_prone_annotations/2.2.0/error_prone_annotations-2.2.0.jar:/home/runner/.m2/repository/io/perfmark/perfmark-api/0.25.0/perfmark-api-0.25.0.jar:/home/runner/.m2/repository/io/netty/netty-codec-http2/4.1.86.Final/netty-codec-http2-4.1.86.Final.jar:/home/runner/.m2/repository/io/netty/netty-common/4.1.86.Final/netty-common-4.1.86.Final.jar:/home/runner/.m2/repository/io/netty/netty-buffer/4.1.86.Final/netty-buffer-4.1.86.Final.jar:/home/runner/.m2/repository/io/netty/netty-codec-http/4.1.86.Final/netty-codec-http-4.1.86.Final.jar:/home/runner/.m2/repository/io/netty/netty-handler-proxy/4.1.86.Final/netty-handler-proxy-4.1.86.Final.jar:/home/runner/.m2/repository/io/netty/netty-codec-socks/4.1.86.Final/netty-codec-socks-4.1.86.Final.jar:/home/runner/.m2/repository/io/netty/netty-tcnative-boringssl-static/2.0.54.Final/netty-tcnative-boringssl-static-2.0.54.Final.jar:/home/runner/.m2/repository/io/netty/netty-tcnative-classes/2.0.54.Final/netty-tcnative-classes-2.0.54.Final.jar:/home/runner/.m2/repository/io/netty/netty-tcnative-boringssl-static/2.0.54.Final/netty-tcnative-boringssl-static-2.0.54.Final-linux-x86_64.jar:/home/runner/.m2/repository/io/netty/netty-tcnative-boringssl-static/2.0.54.Final/netty-tcnative-boringssl-static-2.0.54.Final-linux-aarch_64.jar:/home/runner/.m2/repository/io/netty/netty-tcnative-boringssl-static/2.0.54.Final/netty-tcnative-boringssl-static-2.0.54.Final-osx-x86_64.jar:/home/runner/.m2/repository/io/netty/netty-tcnative-boringssl-static/2.0.54.Final/netty-tcnative-boringssl-static-2.0.54.Final-osx-aarch_64.jar:/home/runner/.m2/repository/io/netty/netty-tcnative-boringssl-static/2.0.54.Final/netty-tcnative-boringssl-static-2.0.54.Final-windows-x86_64.jar:/home/runner/.m2/repository/org/apache/commons/commons-compress/1.21/commons-compress-1.21.jar:/home/runner/.m2/repository/org/apache/ozone/hdds-common/1.4.0-SNAPSHOT/hdds-common-1.4.0-SNAPSHOT.jar:/home/runner/.m2/repository/org/apache/ozone/hdds-client/1.4.0-SNAPSHOT/hdds-client-1.4.0-SNAPSHOT.jar:/home/runner/.m2/repository/org/apache/ozone/ozone-interface-client/1.4.0-SNAPSHOT/ozone-interface-client-1.4.0-SNAPSHOT.jar:/home/runner/.m2/repository/org/apache/hadoop/hadoop-hdfs-client/3.3.5/hadoop-hdfs-client-3.3.5.jar:/home/runner/.m2/repository/com/squareup/okhttp3/okhttp/4.9.3/okhttp-4.9.3.jar:/home/runner/.m2/repository/com/squareup/okio/okio/2.8.0/okio-2.8.0.jar:/home/runner/.m2/repository/org/jetbrains/kotlin/kotlin-stdlib-common/1.6.21/kotlin-stdlib-common-1.6.21.jar:/home/runner/.m2/repository/org/apache/ozone/hdds-test-utils/1.4.0-SNAPSHOT/hdds-test-utils-1.4.0-SNAPSHOT.jar:/home/runner/.m2/repository/com/google/guava/guava/31.1-jre/guava-31.1-jre.jar:/home/runner/.m2/repository/com/google/guava/failureaccess/1.0.1/failureaccess-1.0.1.jar:/home/runner/.m2/repository/com/google/guava/listenablefuture/9999.0-empty-to-avoid-conflict-with-guava/listenablefuture-9999.0-empty-to-avoid-conflict-with-guava.jar:/home/runner/.m2/repository/com/google/code/findbugs/jsr305/3.0.0/jsr305-3.0.0.jar:/home/runner/.m2/repository/org/checkerframework/checker-qual/3.12.0/checker-qual-3.12.0.jar:/home/runner/.m2/repository/com/google/j2objc/j2objc-annotations/1.3/j2objc-annotations-1.3.jar:/home/runner/.m2/repository/commons-io/commons-io/2.11.0/commons-io-2.11.0.jar:/home/runner/.m2/repository/commons-logging/commons-logging/1.2/commons-logging-1.2.jar:/home/runner/.m2/repository/ch/qos/reload4j/reload4j/1.2.22/reload4j-1.2.22.jar:/home/runner/.m2/repository/org/slf4j/slf4j-api/1.7.36/slf4j-api-1.7.36.jar:/home/runner/.m2/repository/org/apache/ozone/hdds-server-scm/1.4.0-SNAPSHOT/hdds-server-scm-1.4.0-SNAPSHOT.jar:/home/runner/.m2/repository/org/apache/ozone/hdds-container-service/1.4.0-SNAPSHOT/hdds-container-service-1.4.0-SNAPSHOT.jar:/home/runner/.m2/repository/org/apache/ozone/hdds-hadoop-dependency-server/1.4.0-SNAPSHOT/hdds-hadoop-dependency-server-1.4.0-SNAPSHOT.jar:/home/runner/.m2/repository/org/apache/hadoop/hadoop-hdfs/3.3.5/hadoop-hdfs-3.3.5.jar:/home/runner/.m2/repository/commons-daemon/commons-daemon/1.0.13/commons-daemon-1.0.13.jar:/home/runner/.m2/repository/org/apache/ozone/hdds-server-framework/1.4.0-SNAPSHOT/hdds-server-framework-1.4.0-SNAPSHOT.jar:/home/runner/.m2/repository/io/dropwizard/metrics/metrics-core/3.2.4/metrics-core-3.2.4.jar:/home/runner/.m2/repository/org/apache/commons/commons-text/1.4/commons-text-1.4.jar:/home/runner/.m2/repository/org/bouncycastle/bcprov-jdk15on/1.67/bcprov-jdk15on-1.67.jar:/home/runner/.m2/repository/com/google/protobuf/protobuf-java/2.5.0/protobuf-java-2.5.0.jar:/home/runner/.m2/repository/org/apache/ozone/hdds-server-framework/1.4.0-SNAPSHOT/hdds-server-framework-1.4.0-SNAPSHOT-tests.jar:/home/runner/.m2/repository/org/apache/ozone/hdds-interface-server/1.4.0-SNAPSHOT/hdds-interface-server-1.4.0-SNAPSHOT.jar:/home/runner/.m2/repository/org/apache/ozone/hdds-interface-admin/1.4.0-SNAPSHOT/hdds-interface-admin-1.4.0-SNAPSHOT.jar:/home/runner/.m2/repository/org/apache/ozone/hdds-managed-rocksdb/1.4.0-SNAPSHOT/hdds-managed-rocksdb-1.4.0-SNAPSHOT.jar:/home/runner/.m2/repository/org/rocksdb/rocksdbjni/7.7.3/rocksdbjni-7.7.3.jar:/home/runner/.m2/repository/org/slf4j/slf4j-reload4j/1.7.36/slf4j-reload4j-1.7.36.jar:/home/runner/.m2/repository/org/apache/commons/commons-configuration2/2.1.1/commons-configuration2-2.1.1.jar:/home/runner/.m2/repository/org/apache/logging/log4j/log4j-core/2.17.1/log4j-core-2.17.1.jar:/home/runner/.m2/repository/com/lmax/disruptor/3.4.2/disruptor-3.4.2.jar:/home/runner/.m2/repository/org/eclipse/jetty/jetty-util/9.4.51.v20230217/jetty-util-9.4.51.v20230217.jar:/home/runner/.m2/repository/org/eclipse/jetty/jetty-server/9.4.51.v20230217/jetty-server-9.4.51.v20230217.jar:/home/runner/.m2/repository/org/eclipse/jetty/jetty-http/9.4.51.v20230217/jetty-http-9.4.51.v20230217.jar:/home/runner/.m2/repository/org/eclipse/jetty/jetty-io/9.4.51.v20230217/jetty-io-9.4.51.v20230217.jar:/home/runner/.m2/repository/org/eclipse/jetty/jetty-servlet/9.4.51.v20230217/jetty-servlet-9.4.51.v20230217.jar:/home/runner/.m2/repository/org/eclipse/jetty/jetty-security/9.4.51.v20230217/jetty-security-9.4.51.v20230217.jar:/home/runner/.m2/repository/org/eclipse/jetty/jetty-util-ajax/9.4.51.v20230217/jetty-util-ajax-9.4.51.v20230217.jar:/home/runner/.m2/repository/org/eclipse/jetty/jetty-webapp/9.4.51.v20230217/jetty-webapp-9.4.51.v20230217.jar:/home/runner/.m2/repository/org/eclipse/jetty/jetty-xml/9.4.51.v20230217/jetty-xml-9.4.51.v20230217.jar:/home/runner/.m2/repository/org/apache/ratis/ratis-server/2.5.1/ratis-server-2.5.1.jar:/home/runner/.m2/repository/org/apache/ratis/ratis-thirdparty-misc/1.0.4/ratis-thirdparty-misc-1.0.4.jar:/home/runner/.m2/repository/org/apache/ratis/ratis-proto/2.5.1/ratis-proto-2.5.1.jar:/home/runner/.m2/repository/org/apache/ratis/ratis-common/2.5.1/ratis-common-2.5.1.jar:/home/runner/.m2/repository/org/apache/ratis/ratis-client/2.5.1/ratis-client-2.5.1.jar:/home/runner/.m2/repository/org/apache/ratis/ratis-server-api/2.5.1/ratis-server-api-2.5.1.jar:/home/runner/.m2/repository/org/apache/ratis/ratis-metrics/2.5.1/ratis-metrics-2.5.1.jar:/home/runner/.m2/repository/io/prometheus/simpleclient_dropwizard/0.7.0/simpleclient_dropwizard-0.7.0.jar:/home/runner/.m2/repository/io/prometheus/simpleclient/0.7.0/simpleclient-0.7.0.jar:/home/runner/.m2/repository/io/prometheus/simpleclient_common/0.7.0/simpleclient_common-0.7.0.jar:/home/runner/.m2/repository/com/fasterxml/jackson/datatype/jackson-datatype-jsr310/2.13.4/jackson-datatype-jsr310-2.13.4.jar:/home/runner/.m2/repository/com/fasterxml/jackson/core/jackson-core/2.13.4/jackson-core-2.13.4.jar:/home/runner/.m2/repository/com/github/spotbugs/spotbugs-annotations/3.1.12/spotbugs-annotations-3.1.12.jar:/home/runner/.m2/repository/org/apache/ozone/rocksdb-checkpoint-differ/1.4.0-SNAPSHOT/rocksdb-checkpoint-differ-1.4.0-SNAPSHOT.jar:/home/runner/.m2/repository/org/awaitility/awaitility/4.2.0/awaitility-4.2.0.jar:/home/runner/.m2/repository/org/hamcrest/hamcrest/2.1/hamcrest-2.1.jar:/home/runner/.m2/repository/org/apache/ozone/ozone-manager/1.4.0-SNAPSHOT/ozone-manager-1.4.0-SNAPSHOT.jar:/home/runner/.m2/repository/org/aspectj/aspectjrt/1.9.7/aspectjrt-1.9.7.jar:/home/runner/.m2/repository/org/aspectj/aspectjweaver/1.9.7/aspectjweaver-1.9.7.jar:/home/runner/.m2/repository/org/apache/ozone/hdds-interface-client/1.4.0-SNAPSHOT/hdds-interface-client-1.4.0-SNAPSHOT.jar:/home/runner/.m2/repository/org/apache/hadoop/thirdparty/hadoop-shaded-protobuf_3_7/1.1.1/hadoop-shaded-protobuf_3_7-1.1.1.jar:/home/runner/.m2/repository/org/apache/ozone/ozone-interface-storage/1.4.0-SNAPSHOT/ozone-interface-storage-1.4.0-SNAPSHOT.jar:/home/runner/.m2/repository/org/reflections/reflections/0.9.11/reflections-0.9.11.jar:/home/runner/.m2/repository/com/sun/jersey/jersey-client/1.19/jersey-client-1.19.jar:/home/runner/.m2/repository/org/codehaus/jackson/jackson-core-asl/1.9.13/jackson-core-asl-1.9.13.jar:/home/runner/.m2/repository/org/codehaus/jackson/jackson-mapper-asl/1.9.13/jackson-mapper-asl-1.9.13.jar:/home/runner/.m2/repository/org/codehaus/jackson/jackson-jaxrs/1.9.13/jackson-jaxrs-1.9.13.jar:/home/runner/.m2/repository/org/apache/ranger/ranger-intg/2.3.0/ranger-intg-2.3.0.jar:/home/runner/.m2/repository/org/apache/ranger/ranger-plugins-common/2.3.0/ranger-plugins-common-2.3.0.jar:/home/runner/.m2/repository/commons-lang/commons-lang/2.6/commons-lang-2.6.jar:/home/runner/.m2/repository/org/apache/ranger/ranger-plugins-cred/2.3.0/ranger-plugins-cred-2.3.0.jar:/home/runner/.m2/repository/org/apache/ranger/ranger-plugins-audit/2.3.0/ranger-plugins-audit-2.3.0.jar:/home/runner/.m2/repository/org/eclipse/jetty/jetty-client/9.4.51.v20230217/jetty-client-9.4.51.v20230217.jar:/home/runner/.m2/repository/org/apache/httpcomponents/httpmime/4.5.6/httpmime-4.5.6.jar:/home/runner/.m2/repository/org/apache/httpcomponents/httpcore-nio/4.4.13/httpcore-nio-4.4.13.jar:/home/runner/.m2/repository/org/apache/httpcomponents/httpasyncclient/4.1.3/httpasyncclient-4.1.3.jar:/home/runner/.m2/repository/com/carrotsearch/hppc/0.8.0/hppc-0.8.0.jar:/home/runner/.m2/repository/org/apache/orc/orc-core/1.5.8/orc-core-1.5.8.jar:/home/runner/.m2/repository/net/java/dev/jna/jna/5.2.0/jna-5.2.0.jar:/home/runner/.m2/repository/net/java/dev/jna/jna-platform/5.2.0/jna-platform-5.2.0.jar:/home/runner/.m2/repository/com/kstruct/gethostname4j/0.0.2/gethostname4j-0.0.2.jar:/home/runner/.m2/repository/org/apache/ranger/ranger-plugin-classloader/2.3.0/ranger-plugin-classloader-2.3.0.jar:/home/runner/.m2/repository/org/apache/ozone/hdds-rocks-native/1.4.0-SNAPSHOT/hdds-rocks-native-1.4.0-SNAPSHOT.jar:/home/runner/.m2/repository/org/apache/hadoop/hadoop-minikdc/3.3.5/hadoop-minikdc-3.3.5.jar:/home/runner/.m2/repository/org/apache/kerby/kerb-simplekdc/1.0.1/kerb-simplekdc-1.0.1.jar:/home/runner/.m2/repository/org/apache/kerby/kerb-client/1.0.1/kerb-client-1.0.1.jar:/home/runner/.m2/repository/org/apache/kerby/kerby-config/1.0.1/kerby-config-1.0.1.jar:/home/runner/.m2/repository/org/apache/kerby/kerb-common/1.0.1/kerb-common-1.0.1.jar:/home/runner/.m2/repository/org/apache/kerby/kerb-crypto/1.0.1/kerb-crypto-1.0.1.jar:/home/runner/.m2/repository/org/apache/kerby/kerb-util/1.0.1/kerb-util-1.0.1.jar:/home/runner/.m2/repository/org/apache/kerby/token-provider/1.0.1/token-provider-1.0.1.jar:/home/runner/.m2/repository/org/apache/kerby/kerb-admin/1.0.1/kerb-admin-1.0.1.jar:/home/runner/.m2/repository/org/apache/kerby/kerb-server/1.0.1/kerb-server-1.0.1.jar:/home/runner/.m2/repository/org/apache/kerby/kerb-identity/1.0.1/kerb-identity-1.0.1.jar:/home/runner/.m2/repository/org/apache/kerby/kerby-xdr/1.0.1/kerby-xdr-1.0.1.jar:/home/runner/.m2/repository/org/apache/ozone/ozone-s3gateway/1.4.0-SNAPSHOT/ozone-s3gateway-1.4.0-SNAPSHOT.jar:/home/runner/.m2/repository/org/javassist/javassist/3.21.0-GA/javassist-3.21.0-GA.jar:/home/runner/.m2/repository/org/jboss/weld/servlet/weld-servlet-shaded/3.1.9.Final/weld-servlet-shaded-3.1.9.Final.jar:/home/runner/.m2/repository/org/glassfish/jersey/containers/jersey-container-servlet-core/2.34/jersey-container-servlet-core-2.34.jar:/home/runner/.m2/repository/org/glassfish/hk2/external/jakarta.inject/2.6.1/jakarta.inject-2.6.1.jar:/home/runner/.m2/repository/org/glassfish/jersey/core/jersey-common/2.34/jersey-common-2.34.jar:/home/runner/.m2/repository/jakarta/ws/rs/jakarta.ws.rs-api/2.1.6/jakarta.ws.rs-api-2.1.6.jar:/home/runner/.m2/repository/org/glassfish/jersey/ext/cdi/jersey-cdi1x/2.34/jersey-cdi1x-2.34.jar:/home/runner/.m2/repository/org/glassfish/jersey/inject/jersey-hk2/2.34/jersey-hk2-2.34.jar:/home/runner/.m2/repository/org/glassfish/hk2/hk2-locator/2.6.1/hk2-locator-2.6.1.jar:/home/runner/.m2/repository/org/glassfish/jersey/media/jersey-media-jaxb/2.34/jersey-media-jaxb-2.34.jar:/home/runner/.m2/repository/org/glassfish/hk2/osgi-resource-locator/1.0.3/osgi-resource-locator-1.0.3.jar:/home/runner/.m2/repository/org/glassfish/hk2/hk2-api/2.5.0/hk2-api-2.5.0.jar:/home/runner/.m2/repository/org/glassfish/hk2/hk2-utils/2.5.0/hk2-utils-2.5.0.jar:/home/runner/.m2/repository/org/glassfish/hk2/external/aopalliance-repackaged/2.5.0/aopalliance-repackaged-2.5.0.jar:/home/runner/.m2/repository/com/fasterxml/jackson/dataformat/jackson-dataformat-xml/2.13.4/jackson-dataformat-xml-2.13.4.jar:/home/runner/.m2/repository/org/codehaus/woodstox/stax2-api/4.2.1/stax2-api-4.2.1.jar:/home/runner/.m2/repository/com/fasterxml/woodstox/woodstox-core/5.4.0/woodstox-core-5.4.0.jar:/home/runner/.m2/repository/com/fasterxml/jackson/module/jackson-module-jaxb-annotations/2.13.4/jackson-module-jaxb-annotations-2.13.4.jar:/home/runner/.m2/repository/jakarta/xml/bind/jakarta.xml.bind-api/2.3.3/jakarta.xml.bind-api-2.3.3.jar:/home/runner/.m2/repository/jakarta/activation/jakarta.activation-api/1.2.2/jakarta.activation-api-1.2.2.jar:/home/runner/.m2/repository/javax/enterprise/cdi-api/2.0/cdi-api-2.0.jar:/home/runner/.m2/repository/javax/el/javax.el-api/3.0.0/javax.el-api-3.0.0.jar:/home/runner/.m2/repository/javax/interceptor/javax.interceptor-api/1.2/javax.interceptor-api-1.2.jar:/home/runner/.m2/repository/javax/inject/javax.inject/1/javax.inject-1.jar:/home/runner/.m2/repository/javax/xml/bind/jaxb-api/2.3.0/jaxb-api-2.3.0.jar:/home/runner/.m2/repository/org/glassfish/jaxb/jaxb-runtime/2.3.0.1/jaxb-runtime-2.3.0.1.jar:/home/runner/.m2/repository/org/glassfish/jaxb/jaxb-core/2.3.0.1/jaxb-core-2.3.0.1.jar:/home/runner/.m2/repository/org/glassfish/jaxb/txw2/2.3.0.1/txw2-2.3.0.1.jar:/home/runner/.m2/repository/com/sun/istack/istack-commons-runtime/3.0.5/istack-commons-runtime-3.0.5.jar:/home/runner/.m2/repository/org/jvnet/staxex/stax-ex/1.7.8/stax-ex-1.7.8.jar:/home/runner/.m2/repository/com/sun/xml/fastinfoset/FastInfoset/1.2.13/FastInfoset-1.2.13.jar:/home/runner/.m2/repository/javax/activation/activation/1.1.1/activation-1.1.1.jar:/home/runner/.m2/repository/io/grpc/grpc-protobuf/1.51.1/grpc-protobuf-1.51.1.jar:/home/runner/.m2/repository/com/google/api/grpc/proto-google-common-protos/2.9.0/proto-google-common-protos-2.9.0.jar:/home/runner/.m2/repository/io/grpc/grpc-protobuf-lite/1.51.1/grpc-protobuf-lite-1.51.1.jar:/home/runner/.m2/repository/io/grpc/grpc-stub/1.51.1/grpc-stub-1.51.1.jar:/home/runner/.m2/repository/io/netty/netty-transport/4.1.86.Final/netty-transport-4.1.86.Final.jar:/home/runner/.m2/repository/io/netty/netty-resolver/4.1.86.Final/netty-resolver-4.1.86.Final.jar:/home/runner/.m2/repository/org/apache/ozone/ozone-csi/1.4.0-SNAPSHOT/ozone-csi-1.4.0-SNAPSHOT.jar:/home/runner/.m2/repository/com/google/protobuf/protobuf-java-util/3.19.6/protobuf-java-util-3.19.6.jar:/home/runner/.m2/repository/com/google/code/gson/gson/2.9.0/gson-2.9.0.jar:/home/runner/.m2/repository/org/apache/ozone/hdds-config/1.4.0-SNAPSHOT/hdds-config-1.4.0-SNAPSHOT.jar:/home/runner/.m2/repository/io/netty/netty-transport-native-epoll/4.1.86.Final/netty-transport-native-epoll-4.1.86.Final-linux-x86_64.jar:/home/runner/.m2/repository/io/netty/netty-transport-classes-epoll/4.1.86.Final/netty-transport-classes-epoll-4.1.86.Final.jar:/home/runner/.m2/repository/io/netty/netty-transport-native-unix-common/4.1.86.Final/netty-transport-native-unix-common-4.1.86.Final.jar:/home/runner/.m2/repository/org/apache/ozone/ozone-recon/1.4.0-SNAPSHOT/ozone-recon-1.4.0-SNAPSHOT.jar:/home/runner/.m2/repository/org/apache/ozone/ozone-reconcodegen/1.4.0-SNAPSHOT/ozone-reconcodegen-1.4.0-SNAPSHOT.jar:/home/runner/.m2/repository/com/google/inject/guice/5.1.0/guice-5.1.0.jar:/home/runner/.m2/repository/aopalliance/aopalliance/1.0/aopalliance-1.0.jar:/home/runner/.m2/repository/com/google/inject/extensions/guice-assistedinject/5.1.0/guice-assistedinject-5.1.0.jar:/home/runner/.m2/repository/com/google/inject/extensions/guice-servlet/5.1.0/guice-servlet-5.1.0.jar:/home/runner/.m2/repository/org/glassfish/jersey/containers/jersey-container-servlet/2.34/jersey-container-servlet-2.34.jar:/home/runner/.m2/repository/org/glassfish/hk2/guice-bridge/2.5.0/guice-bridge-2.5.0.jar:/home/runner/.m2/repository/org/glassfish/jersey/core/jersey-server/2.34/jersey-server-2.34.jar:/home/runner/.m2/repository/org/glassfish/jersey/core/jersey-client/2.34/jersey-client-2.34.jar:/home/runner/.m2/repository/jakarta/annotation/jakarta.annotation-api/1.3.5/jakarta.annotation-api-1.3.5.jar:/home/runner/.m2/repository/jakarta/validation/jakarta.validation-api/2.0.2/jakarta.validation-api-2.0.2.jar:/home/runner/.m2/repository/org/glassfish/jersey/media/jersey-media-json-jackson/2.34/jersey-media-json-jackson-2.34.jar:/home/runner/.m2/repository/org/glassfish/jersey/ext/jersey-entity-filtering/2.34/jersey-entity-filtering-2.34.jar:/home/runner/.m2/repository/org/jooq/jooq/3.11.10/jooq-3.11.10.jar:/home/runner/.m2/repository/org/jooq/jooq-meta/3.11.10/jooq-meta-3.11.10.jar:/home/runner/.m2/repository/org/jooq/jooq-codegen/3.11.10/jooq-codegen-3.11.10.jar:/home/runner/.m2/repository/com/jolbox/bonecp/0.8.0.RELEASE/bonecp-0.8.0.RELEASE.jar:/home/runner/.m2/repository/org/apache/derby/derby/10.14.2.0/derby-10.14.2.0.jar:/home/runner/.m2/repository/org/xerial/sqlite-jdbc/3.41.2.2/sqlite-jdbc-3.41.2.2.jar:/home/runner/.m2/repository/org/springframework/spring-jdbc/5.3.27/spring-jdbc-5.3.27.jar:/home/runner/.m2/repository/org/springframework/spring-beans/5.3.27/spring-beans-5.3.27.jar:/home/runner/.m2/repository/org/springframework/spring-core/5.3.27/spring-core-5.3.27.jar:/home/runner/.m2/repository/org/springframework/spring-tx/5.3.27/spring-tx-5.3.27.jar:/home/runner/.m2/repository/org/apache/ozone/ozone-client/1.4.0-SNAPSHOT/ozone-client-1.4.0-SNAPSHOT.jar:/home/runner/.m2/repository/org/apache/ozone/hdds-erasurecode/1.4.0-SNAPSHOT/hdds-erasurecode-1.4.0-SNAPSHOT.jar:/home/runner/.m2/repository/org/apache/ozone/ozone-filesystem/1.4.0-SNAPSHOT/ozone-filesystem-1.4.0-SNAPSHOT.jar:/home/runner/.m2/repository/org/apache/ozone/ozone-filesystem-common/1.4.0-SNAPSHOT/ozone-filesystem-common-1.4.0-SNAPSHOT.jar:/home/runner/.m2/repository/org/apache/ozone/ozone-tools/1.4.0-SNAPSHOT/ozone-tools-1.4.0-SNAPSHOT.jar:/home/runner/.m2/repository/com/amazonaws/aws-java-sdk-core/1.12.261/aws-java-sdk-core-1.12.261.jar:/home/runner/.m2/repository/org/apache/httpcomponents/httpclient/4.5.13/httpclient-4.5.13.jar:/home/runner/.m2/repository/org/apache/httpcomponents/httpcore/4.4.13/httpcore-4.4.13.jar:/home/runner/.m2/repository/software/amazon/ion/ion-java/1.0.2/ion-java-1.0.2.jar:/home/runner/.m2/repository/com/fasterxml/jackson/dataformat/jackson-dataformat-cbor/2.13.4/jackson-dataformat-cbor-2.13.4.jar:/home/runner/.m2/repository/joda-time/joda-time/2.10.6/joda-time-2.10.6.jar:/home/runner/.m2/repository/com/amazonaws/aws-java-sdk-s3/1.12.261/aws-java-sdk-s3-1.12.261.jar:/home/runner/.m2/repository/com/amazonaws/aws-java-sdk-kms/1.12.261/aws-java-sdk-kms-1.12.261.jar:/home/runner/.m2/repository/com/amazonaws/jmespath-java/1.12.261/jmespath-java-1.12.261.jar:/home/runner/.m2/repository/org/kohsuke/metainf-services/metainf-services/1.8/metainf-services-1.8.jar:/home/runner/.m2/repository/org/apache/ozone/hdds-tools/1.4.0-SNAPSHOT/hdds-tools-1.4.0-SNAPSHOT.jar:/home/runner/.m2/repository/org/apache/ratis/ratis-tools/2.5.1/ratis-tools-2.5.1.jar:/home/runner/.m2/repository/commons-cli/commons-cli/1.2/commons-cli-1.2.jar:/home/runner/.m2/repository/org/apache/commons/commons-lang3/3.7/commons-lang3-3.7.jar:/home/runner/.m2/repository/org/apache/ozone/ozone-manager/1.4.0-SNAPSHOT/ozone-manager-1.4.0-SNAPSHOT-tests.jar:/home/runner/.m2/repository/org/apache/ozone/hdds-common/1.4.0-SNAPSHOT/hdds-common-1.4.0-SNAPSHOT-tests.jar:/home/runner/.m2/repository/org/apache/ozone/hdds-hadoop-dependency-client/1.4.0-SNAPSHOT/hdds-hadoop-dependency-client-1.4.0-SNAPSHOT.jar:/home/runner/.m2/repository/info/picocli/picocli/4.6.1/picocli-4.6.1.jar:/home/runner/.m2/repository/com/fasterxml/jackson/core/jackson-annotations/2.13.4/jackson-annotations-2.13.4.jar:/home/runner/.m2/repository/org/apache/ozone/hdds-annotation-processing/1.4.0-SNAPSHOT/hdds-annotation-processing-1.4.0-SNAPSHOT.jar:/home/runner/.m2/repository/javax/annotation/javax.annotation-api/1.2/javax.annotation-api-1.2.jar:/home/runner/.m2/repository/org/apache/ratis/ratis-netty/2.5.1/ratis-netty-2.5.1.jar:/home/runner/.m2/repository/org/apache/ratis/ratis-grpc/2.5.1/ratis-grpc-2.5.1.jar:/home/runner/.m2/repository/org/apache/logging/log4j/log4j-api/2.17.1/log4j-api-2.17.1.jar:/home/runner/.m2/repository/org/apache/commons/commons-pool2/2.6.0/commons-pool2-2.6.0.jar:/home/runner/.m2/repository/org/bouncycastle/bcpkix-jdk15on/1.67/bcpkix-jdk15on-1.67.jar:/home/runner/.m2/repository/commons-validator/commons-validator/1.6/commons-validator-1.6.jar:/home/runner/.m2/repository/commons-beanutils/commons-beanutils/1.9.4/commons-beanutils-1.9.4.jar:/home/runner/.m2/repository/commons-digester/commons-digester/1.8.1/commons-digester-1.8.1.jar:/home/runner/.m2/repository/commons-collections/commons-collections/3.2.2/commons-collections-3.2.2.jar:/home/runner/.m2/repository/io/jaegertracing/jaeger-client/1.6.0/jaeger-client-1.6.0.jar:/home/runner/.m2/repository/io/jaegertracing/jaeger-thrift/1.6.0/jaeger-thrift-1.6.0.jar:/home/runner/.m2/repository/org/apache/thrift/libthrift/0.14.1/libthrift-0.14.1.jar:/home/runner/.m2/repository/io/jaegertracing/jaeger-core/1.6.0/jaeger-core-1.6.0.jar:/home/runner/.m2/repository/io/jaegertracing/jaeger-tracerresolver/1.6.0/jaeger-tracerresolver-1.6.0.jar:/home/runner/.m2/repository/io/opentracing/contrib/opentracing-tracerresolver/0.1.8/opentracing-tracerresolver-0.1.8.jar:/home/runner/.m2/repository/org/jetbrains/kotlin/kotlin-stdlib/1.6.21/kotlin-stdlib-1.6.21.jar:/home/runner/.m2/repository/org/jetbrains/annotations/13.0/annotations-13.0.jar:/home/runner/.m2/repository/io/opentracing/opentracing-util/0.33.0/opentracing-util-0.33.0.jar:/home/runner/.m2/repository/io/opentracing/opentracing-api/0.33.0/opentracing-api-0.33.0.jar:/home/runner/.m2/repository/io/opentracing/opentracing-noop/0.33.0/opentracing-noop-0.33.0.jar:/home/runner/.m2/repository/org/yaml/snakeyaml/2.0/snakeyaml-2.0.jar:/home/runner/.m2/repository/io/grpc/grpc-api/1.51.1/grpc-api-1.51.1.jar:/home/runner/.m2/repository/io/grpc/grpc-context/1.51.1/grpc-context-1.51.1.jar:/home/runner/.m2/repository/junit/junit/4.13.1/junit-4.13.1.jar:/home/runner/.m2/repository/org/hamcrest/hamcrest-core/1.3/hamcrest-core-1.3.jar:/home/runner/.m2/repository/org/junit/jupiter/junit-jupiter-api/5.8.2/junit-jupiter-api-5.8.2.jar:/home/runner/.m2/repository/org/opentest4j/opentest4j/1.2.0/opentest4j-1.2.0.jar:/home/runner/.m2/repository/org/junit/platform/junit-platform-commons/1.8.2/junit-platform-commons-1.8.2.jar:/home/runner/.m2/repository/org/apiguardian/apiguardian-api/1.1.2/apiguardian-api-1.1.2.jar:/home/runner/.m2/repository/org/junit/jupiter/junit-jupiter-params/5.8.2/junit-jupiter-params-5.8.2.jar:/home/runner/.m2/repository/org/junit/jupiter/junit-jupiter-migrationsupport/5.8.2/junit-jupiter-migrationsupport-5.8.2.jar:/home/runner/.m2/repository/org/junit/jupiter/junit-jupiter-engine/5.8.2/junit-jupiter-engine-5.8.2.jar:/home/runner/.m2/repository/org/junit/platform/junit-platform-engine/1.8.2/junit-platform-engine-1.8.2.jar:/home/runner/.m2/repository/org/junit/vintage/junit-vintage-engine/5.8.2/junit-vintage-engine-5.8.2.jar:/home/runner/.m2/repository/org/junit/platform/junit-platform-launcher/1.8.2/junit-platform-launcher-1.8.2.jar:/home/runner/.m2/repository/org/mockito/mockito-core/2.28.2/mockito-core-2.28.2.jar:/home/runner/.m2/repository/net/bytebuddy/byte-buddy/1.9.10/byte-buddy-1.9.10.jar:/home/runner/.m2/repository/net/bytebuddy/byte-buddy-agent/1.9.10/byte-buddy-agent-1.9.10.jar:/home/runner/.m2/repository/org/objenesis/objenesis/1.0/objenesis-1.0.jar:/home/runner/.m2/repository/org/apache/hadoop/hadoop-kms/3.3.5/hadoop-kms-3.3.5.jar:/home/runner/.m2/repository/org/apache/hadoop/hadoop-auth/3.3.5/hadoop-auth-3.3.5.jar:/home/runner/.m2/repository/com/nimbusds/nimbus-jose-jwt/9.8.1/nimbus-jose-jwt-9.8.1.jar:/home/runner/.m2/repository/com/github/stephenc/jcip/jcip-annotations/1.0-1/jcip-annotations-1.0-1.jar:/home/runner/.m2/repository/net/minidev/json-smart/2.4.7/json-smart-2.4.7.jar:/home/runner/.m2/repository/net/minidev/accessors-smart/2.4.7/accessors-smart-2.4.7.jar:/home/runner/.m2/repository/org/ow2/asm/asm/5.0.4/asm-5.0.4.jar:/home/runner/.m2/repository/org/apache/zookeeper/zookeeper/3.5.6/zookeeper-3.5.6.jar:/home/runner/.m2/repository/org/apache/zookeeper/zookeeper-jute/3.5.6/zookeeper-jute-3.5.6.jar:/home/runner/.m2/repository/org/apache/yetus/audience-annotations/0.5.0/audience-annotations-0.5.0.jar:/home/runner/.m2/repository/org/apache/curator/curator-framework/4.2.0/curator-framework-4.2.0.jar:/home/runner/.m2/repository/org/apache/hadoop/thirdparty/hadoop-shaded-guava/1.1.1/hadoop-shaded-guava-1.1.1.jar:/home/runner/.m2/repository/com/sun/jersey/jersey-core/1.19/jersey-core-1.19.jar:/home/runner/.m2/repository/javax/ws/rs/jsr311-api/1.1.1/jsr311-api-1.1.1.jar:/home/runner/.m2/repository/com/sun/jersey/jersey-server/1.19/jersey-server-1.19.jar:/home/runner/.m2/repository/javax/servlet/javax.servlet-api/3.1.0/javax.servlet-api-3.1.0.jar:/home/runner/.m2/repository/org/apache/hadoop/hadoop-common/3.3.5/hadoop-common-3.3.5.jar:/home/runner/.m2/repository/org/apache/commons/commons-math3/3.1.1/commons-math3-3.1.1.jar:/home/runner/.m2/repository/commons-net/commons-net/3.9.0/commons-net-3.9.0.jar:/home/runner/.m2/repository/com/sun/jersey/jersey-servlet/1.19/jersey-servlet-1.19.jar:/home/runner/.m2/repository/com/github/pjfanning/jersey-json/1.20/jersey-json-1.20.jar:/home/runner/.m2/repository/org/codehaus/jettison/jettison/1.1/jettison-1.1.jar:/home/runner/.m2/repository/com/sun/xml/bind/jaxb-impl/2.2.3-1/jaxb-impl-2.2.3-1.jar:/home/runner/.m2/repository/com/google/re2j/re2j/1.1/re2j-1.1.jar:/home/runner/.m2/repository/com/jcraft/jsch/0.1.54/jsch-0.1.54.jar:/home/runner/.m2/repository/org/apache/curator/curator-client/4.2.0/curator-client-4.2.0.jar:/home/runner/.m2/repository/org/apache/curator/curator-recipes/4.2.0/curator-recipes-4.2.0.jar:/home/runner/.m2/repository/org/apache/kerby/kerb-core/1.0.1/kerb-core-1.0.1.jar:/home/runner/.m2/repository/org/apache/kerby/kerby-pkix/1.0.1/kerby-pkix-1.0.1.jar:/home/runner/.m2/repository/org/apache/kerby/kerby-asn1/1.0.1/kerby-asn1-1.0.1.jar:/home/runner/.m2/repository/org/apache/kerby/kerby-util/1.0.1/kerby-util-1.0.1.jar:/home/runner/.m2/repository/dnsjava/dnsjava/2.1.7/dnsjava-2.1.7.jar:/home/runner/.m2/repository/org/xerial/snappy/snappy-java/1.1.8.2/snappy-java-1.1.8.2.jar:/home/runner/.m2/repository/com/fasterxml/jackson/core/jackson-databind/2.13.4.2/jackson-databind-2.13.4.2.jar:/home/runner/.m2/repository/org/apache/hadoop/hadoop-kms/3.3.5/hadoop-kms-3.3.5-tests.jar:/home/runner/.m2/repository/org/apache/ozone/hdds-server-scm/1.4.0-SNAPSHOT/hdds-server-scm-1.4.0-SNAPSHOT-tests.jar:/home/runner/.m2/repository/org/apache/ozone/hdds-container-service/1.4.0-SNAPSHOT/hdds-container-service-1.4.0-SNAPSHOT-tests.jar:/home/runner/.m2/repository/com/github/luben/zstd-jni/1.5.2-5/zstd-jni-1.5.2-5.jar:/home/runner/.m2/repository/commons-codec/commons-codec/1.15/commons-codec-1.15.jar:/home/runner/.m2/repository/io/netty/netty-codec/4.1.86.Final/netty-codec-4.1.86.Final.jar:/home/runner/.m2/repository/io/netty/netty-handler/4.1.86.Final/netty-handler-4.1.86.Final.jar:/home/runner/.m2/repository/org/apache/ozone/hdds-hadoop-dependency-test/1.4.0-SNAPSHOT/hdds-hadoop-dependency-test-1.4.0-SNAPSHOT.jar:/home/runner/.m2/repository/org/apache/hadoop/hadoop-common/3.3.5/hadoop-common-3.3.5-tests.jar:/home/runner/.m2/repository/org/apache/hadoop/hadoop-hdfs/3.3.5/hadoop-hdfs-3.3.5-tests.jar:/home/runner/.m2/repository/org/assertj/assertj-core/3.12.2/assertj-core-3.12.2.jar:/home/runner/.m2/repository/org/apache/hadoop/hadoop-distcp/3.3.5/hadoop-distcp-3.3.5.jar:/home/runner/.m2/repository/org/apache/hadoop/hadoop-mapreduce-client-jobclient/3.3.5/hadoop-mapreduce-client-jobclient-3.3.5.jar:/home/runner/.m2/repository/org/apache/hadoop/hadoop-mapreduce-client-common/3.3.5/hadoop-mapreduce-client-common-3.3.5.jar:/home/runner/.m2/repository/org/apache/hadoop/hadoop-yarn-common/3.3.5/hadoop-yarn-common-3.3.5.jar:/home/runner/.m2/repository/org/apache/hadoop/hadoop-yarn-api/3.3.5/hadoop-yarn-api-3.3.5.jar:/home/runner/.m2/repository/com/sun/jersey/contribs/jersey-guice/1.19/jersey-guice-1.19.jar:/home/runner/.m2/repository/com/fasterxml/jackson/jaxrs/jackson-jaxrs-json-provider/2.13.4/jackson-jaxrs-json-provider-2.13.4.jar:/home/runner/.m2/repository/com/fasterxml/jackson/jaxrs/jackson-jaxrs-base/2.13.4/jackson-jaxrs-base-2.13.4.jar:/home/runner/.m2/repository/org/apache/hadoop/hadoop-yarn-client/3.3.5/hadoop-yarn-client-3.3.5.jar:/home/runner/.m2/repository/org/eclipse/jetty/websocket/websocket-client/9.4.48.v20220622/websocket-client-9.4.48.v20220622.jar:/home/runner/.m2/repository/org/eclipse/jetty/websocket/websocket-common/9.4.48.v20220622/websocket-common-9.4.48.v20220622.jar:/home/runner/.m2/repository/org/eclipse/jetty/websocket/websocket-api/9.4.48.v20220622/websocket-api-9.4.48.v20220622.jar:/home/runner/.m2/repository/org/jline/jline/3.9.0/jline-3.9.0.jar:/home/runner/.m2/repository/org/apache/hadoop/hadoop-mapreduce-client-core/3.3.5/hadoop-mapreduce-client-core-3.3.5.jar:/home/runner/.m2/repository/org/apache/avro/avro/1.7.7/avro-1.7.7.jar:/home/runner/.m2/repository/com/thoughtworks/paranamer/paranamer/2.3/paranamer-2.3.jar:/home/runner/.m2/repository/org/apache/hadoop/hadoop-annotations/3.3.5/hadoop-annotations-3.3.5.jar:/usr/lib/jvm/temurin-8-jdk-amd64/jre/../lib/tools.jar:/home/runner/.m2/repository/io/netty/netty/3.10.6.Final/netty-3.10.6.Final.jar:/home/runner/.m2/repository/org/apache/hadoop/hadoop-distcp/3.3.5/hadoop-distcp-3.3.5-tests.jar:/home/runner/.m2/repository/org/slf4j/jul-to-slf4j/1.7.36/jul-to-slf4j-1.7.36.jar:"/>
    <property name="sun.cpu.endian" value="little"/>
    <property name="user.home" value="/home/runner"/>
    <property name="user.language" value="en"/>
    <property name="java.specification.vendor" value="Oracle Corporation"/>
    <property name="java.home" value="/usr/lib/jvm/temurin-8-jdk-amd64/jre"/>
    <property name="java.security.krb5.conf" value="/home/runner/work/ozone/ozone/hadoop-ozone/integration-test/target/test-classes/krb5.conf"/>
    <property name="basedir" value="/home/runner/work/ozone/ozone/hadoop-ozone/integration-test"/>
    <property name="file.separator" value="/"/>
    <property name="line.separator" value="&#10;"/>
    <property name="java.vm.specification.vendor" value="Oracle Corporation"/>
    <property name="java.specification.name" value="Java Platform API Specification"/>
    <property name="java.awt.graphicsenv" value="sun.awt.X11GraphicsEnvironment"/>
    <property name="skip.installnpx" value="true"/>
    <property name="surefire.real.class.path" value="/home/runner/work/ozone/ozone/hadoop-ozone/integration-test/target/surefire/surefirebooter1217404382409514396.jar:/home/runner/.m2/repository/org/jacoco/org.jacoco.agent/0.8.5/org.jacoco.agent-0.8.5-runtime.jar"/>
    <property name="hadoop.log.dir" value="/home/runner/work/ozone/ozone/hadoop-ozone/integration-test/target/log"/>
    <property name="sun.boot.class.path" value="/usr/lib/jvm/temurin-8-jdk-amd64/jre/lib/resources.jar:/usr/lib/jvm/temurin-8-jdk-amd64/jre/lib/rt.jar:/usr/lib/jvm/temurin-8-jdk-amd64/jre/lib/sunrsasign.jar:/usr/lib/jvm/temurin-8-jdk-amd64/jre/lib/jsse.jar:/usr/lib/jvm/temurin-8-jdk-amd64/jre/lib/jce.jar:/usr/lib/jvm/temurin-8-jdk-amd64/jre/lib/charsets.jar:/usr/lib/jvm/temurin-8-jdk-amd64/jre/lib/jfr.jar:/usr/lib/jvm/temurin-8-jdk-amd64/jre/classes"/>
    <property name="sun.management.compiler" value="HotSpot 64-Bit Tiered Compilers"/>
    <property name="skip.npx" value="true"/>
    <property name="java.runtime.version" value="1.8.0_372-b07"/>
    <property name="java.net.preferIPv4Stack" value="true"/>
    <property name="user.name" value="runner"/>
    <property name="path.separator" value=":"/>
    <property name="java.security.egd" value="file:///dev/urandom"/>
    <property name="os.version" value="5.15.0-1038-azure"/>
    <property name="java.endorsed.dirs" value="/usr/lib/jvm/temurin-8-jdk-amd64/jre/lib/endorsed"/>
    <property name="java.runtime.name" value="OpenJDK Runtime Environment"/>
    <property name="file.encoding" value="UTF-8"/>
    <property name="java.vm.name" value="OpenJDK 64-Bit Server VM"/>
    <property name="test.build.webapps" value=""/>
    <property name="localRepository" value="/home/runner/.m2/repository"/>
    <property name="jetty.git.hash" value="b45c405e4544384de066f814ed42ae3dceacdd49"/>
    <property name="java.vendor.url.bug" value="https://github.com/adoptium/adoptium-support/issues"/>
    <property name="java.io.tmpdir" value="/tmp"/>
    <property name="require.test.libhadoop" value=""/>
    <property name="java.version" value="1.8.0_372"/>
    <property name="user.dir" value="/home/runner/work/ozone/ozone/hadoop-ozone/integration-test"/>
    <property name="os.arch" value="amd64"/>
    <property name="java.vm.specification.name" value="Java Virtual Machine Specification"/>
    <property name="test.build.classes" value="/home/runner/work/ozone/ozone/hadoop-ozone/integration-test/target/test-classes"/>
    <property name="java.awt.printerjob" value="sun.print.PSPrinterJob"/>
    <property name="sun.os.patch.level" value="unknown"/>
    <property name="org.apache.ratis.thirdparty.io.netty.allocator.useCacheForAllThreads" value="false"/>
    <property name="hadoop.tmp.dir" value="/home/runner/work/ozone/ozone/hadoop-ozone/integration-test/target/tmp"/>
    <property name="java.library.path" value="/usr/java/packages/lib/amd64:/usr/lib64:/lib64:/lib:/usr/lib"/>
    <property name="java.vm.info" value="mixed mode"/>
    <property name="java.vendor" value="Temurin"/>
    <property name="java.vm.version" value="25.372-b07"/>
    <property name="java.specification.maintenance.version" value="4"/>
    <property name="java.ext.dirs" value="/usr/lib/jvm/temurin-8-jdk-amd64/jre/lib/ext:/usr/java/packages/lib/ext"/>
    <property name="sun.io.unicode.encoding" value="UnicodeLittle"/>
    <property name="java.class.version" value="52.0"/>
  </properties>
  <testcase name="bucketUsedBytesOverWrite(BucketLayout)[1]" classname="org.apache.hadoop.ozone.client.rpc.TestOzoneRpcClientWithRatis" time="16.653">
    <system-out><![CDATA[2023-06-02 19:46:16,109 [main] WARN  server.ServerUtils (ServerUtils.java:getScmDbDir(155)) - ozone.scm.db.dirs is not configured. We recommend adding this setting. Falling back to ozone.metadata.dirs instead.
2023-06-02 19:46:16,334 [main] INFO  reflections.Reflections (Reflections.java:scan(232)) - Reflections took 177 ms to scan 7 urls, producing 158 keys and 371 values 
2023-06-02 19:46:16,512 [main] WARN  server.ServerUtils (ServerUtils.java:getScmDbDir(155)) - ozone.scm.db.dirs is not configured. We recommend adding this setting. Falling back to ozone.metadata.dirs instead.
2023-06-02 19:46:16,516 [main] INFO  ha.SCMHANodeDetails (SCMHANodeDetails.java:loadSCMHAConfig(209)) - ServiceID for StorageContainerManager is null
2023-06-02 19:46:16,522 [main] WARN  ha.SCMHANodeDetails (SCMHANodeDetails.java:validateSCMHAConfig(182)) - Invalid config ozone.scm.ratis.enable. The config was not specified, but the default value true conflicts with the expected config value false. Falling back to the expected value. Current State of SCM: SCM is running in Non-HA without Ratis Ratis SCM -> Non Ratis SCM or Non HA SCM -> HA SCM is not supported
2023-06-02 19:46:16,523 [main] INFO  ha.SCMHANodeDetails (SCMHANodeDetails.java:loadSCMHAConfig(214)) - ozone.scm.default.service.id is not defined, falling back to ozone.scm.service.ids to find serviceID for StorageContainerManager if it is HA enabled cluster
2023-06-02 19:46:17,271 [main] WARN  utils.HAUtils (HAUtils.java:getMetaDir(352)) - ozone.scm.db.dirs is not configured. We recommend adding this setting. Falling back to ozone.metadata.dirs instead.
2023-06-02 19:46:17,451 [main] WARN  db.DBStoreBuilder (DBStoreBuilder.java:applyDBDefinition(165)) - ozone.scm.db.dirs is not configured. We recommend adding this setting. Falling back to ozone.metadata.dirs instead.
2023-06-02 19:46:17,701 [main] INFO  net.NodeSchemaLoader (NodeSchemaLoader.java:loadSchemaFromFile(129)) - Loading schema from [jar:file:/home/runner/.m2/repository/org/apache/ozone/hdds-common/1.4.0-SNAPSHOT/hdds-common-1.4.0-SNAPSHOT.jar!/network-topology-default.xml]
2023-06-02 19:46:17,703 [main] INFO  net.NodeSchemaLoader (NodeSchemaLoader.java:loadSchema(176)) - Loading network topology layer schema file
2023-06-02 19:46:17,751 [main] INFO  metrics.MetricRegistries (MetricRegistriesLoader.java:load(64)) - Loaded MetricRegistries class org.apache.ratis.metrics.impl.MetricRegistriesImpl
2023-06-02 19:46:17,767 [main] INFO  upgrade.AbstractLayoutVersionManager (AbstractLayoutVersionManager.java:init(83)) - Initializing Layout version manager with metadata layout = HADOOP_PRC_PORTS_IN_DATANODEDETAILS (version = 7), software layout = HADOOP_PRC_PORTS_IN_DATANODEDETAILS (version = 7)
2023-06-02 19:46:17,990 [main] INFO  ha.SequenceIdGenerator (SequenceIdGenerator.java:upgradeToSequenceId(349)) - upgrade localId to 111677748019200000
2023-06-02 19:46:17,991 [main] INFO  ha.SequenceIdGenerator (SequenceIdGenerator.java:upgradeToSequenceId(359)) - upgrade delTxnId to 0
2023-06-02 19:46:17,995 [main] INFO  ha.SequenceIdGenerator (SequenceIdGenerator.java:upgradeToSequenceId(376)) - upgrade containerId to 0
2023-06-02 19:46:17,998 [main] INFO  ha.SequenceIdGenerator (SequenceIdGenerator.java:<init>(220)) - Init the HA SequenceIdGenerator.
2023-06-02 19:46:18,068 [main] INFO  node.SCMNodeManager (SCMNodeManager.java:<init>(159)) - Entering startup safe mode.
2023-06-02 19:46:18,093 [main] INFO  algorithms.ContainerPlacementPolicyFactory (ContainerPlacementPolicyFactory.java:getPolicyInternal(86)) - Create container placement policy of type org.apache.hadoop.hdds.scm.container.placement.algorithms.SCMContainerPlacementRackAware
2023-06-02 19:46:18,097 [main] INFO  algorithms.ContainerPlacementPolicyFactory (ContainerPlacementPolicyFactory.java:getPolicyInternal(86)) - Create container placement policy of type org.apache.hadoop.hdds.scm.container.placement.algorithms.SCMContainerPlacementRackScatter
2023-06-02 19:46:18,108 [main] INFO  pipeline.PipelineStateManagerImpl (PipelineStateManagerImpl.java:initialize(78)) - No pipeline exists in current db
2023-06-02 19:46:18,129 [main] INFO  algorithms.LeaderChoosePolicyFactory (LeaderChoosePolicyFactory.java:getPolicy(57)) - Create leader choose policy of type org.apache.hadoop.hdds.scm.pipeline.leader.choose.algorithms.MinLeaderCountChoosePolicy
2023-06-02 19:46:18,130 [main] INFO  algorithms.ContainerPlacementPolicyFactory (ContainerPlacementPolicyFactory.java:getPolicyInternal(86)) - Create container placement policy of type org.apache.hadoop.hdds.scm.container.placement.algorithms.SCMContainerPlacementRackScatter
2023-06-02 19:46:18,140 [main] INFO  ha.SCMServiceManager (SCMServiceManager.java:register(42)) - Registering service BackgroundPipelineCreator.
2023-06-02 19:46:18,140 [main] INFO  pipeline.BackgroundPipelineCreator (BackgroundPipelineCreator.java:start(124)) - Starting RatisPipelineUtilsThread.
2023-06-02 19:46:18,144 [main] INFO  BackgroundPipelineScrubber (BackgroundSCMService.java:start(68)) - Starting BackgroundPipelineScrubber Service.
2023-06-02 19:46:18,147 [main] INFO  ha.SCMServiceManager (SCMServiceManager.java:register(42)) - Registering service BackgroundPipelineScrubber.
2023-06-02 19:46:18,155 [main] INFO  ExpiredContainerReplicaOpScrubber (BackgroundSCMService.java:start(68)) - Starting ExpiredContainerReplicaOpScrubber Service.
2023-06-02 19:46:18,163 [main] INFO  ha.SCMServiceManager (SCMServiceManager.java:register(42)) - Registering service ExpiredContainerReplicaOpScrubber.
2023-06-02 19:46:18,213 [main] INFO  algorithms.PipelineChoosePolicyFactory (PipelineChoosePolicyFactory.java:createPipelineChoosePolicyFromClass(73)) - Create pipeline choose policy of type org.apache.hadoop.hdds.scm.pipeline.choose.algorithms.RandomPipelineChoosePolicy
2023-06-02 19:46:18,237 [main] INFO  ha.SCMServiceManager (SCMServiceManager.java:register(42)) - Registering service SCMBlockDeletingService.
2023-06-02 19:46:18,309 [main] INFO  replication.ReplicationManager (ReplicationManager.java:start(299)) - Starting Replication Monitor Thread.
2023-06-02 19:46:18,323 [main] INFO  ha.SCMServiceManager (SCMServiceManager.java:register(42)) - Registering service ReplicationManager.
2023-06-02 19:46:18,327 [ReplicationMonitor] INFO  replication.ReplicationManager (ReplicationManager.java:processAll(374)) - Replication Manager is not ready to run until 3000ms after safemode exit
2023-06-02 19:46:18,344 [main] INFO  safemode.ContainerSafeModeRule (ContainerSafeModeRule.java:<init>(89)) - containers with one replica threshold count 0
2023-06-02 19:46:18,349 [main] INFO  safemode.HealthyPipelineSafeModeRule (HealthyPipelineSafeModeRule.java:initializeRule(169)) - Total pipeline count is 0, healthy pipeline threshold count is 1
2023-06-02 19:46:18,351 [main] INFO  safemode.OneReplicaPipelineSafeModeRule (OneReplicaPipelineSafeModeRule.java:initializeRule(180)) - Total pipeline count is 0, pipeline's with at least one datanode reported threshold count is 0
2023-06-02 19:46:18,411 [main] INFO  server.StorageContainerManager (StorageContainerManager.java:<init>(404)) - SCM start with adminUsers: [runner]
2023-06-02 19:46:18,835 [main] INFO  audit.AuditLogger (AuditLogger.java:refreshDebugCmdSet(126)) - Refresh DebugCmdSet for SCMAudit to [].
2023-06-02 19:46:18,871 [main] INFO  ipc.CallQueueManager (CallQueueManager.java:<init>(90)) - Using callQueue: class java.util.concurrent.LinkedBlockingQueue, queueCapacity: 2000, scheduler: class org.apache.hadoop.ipc.DefaultRpcScheduler, ipcBackoff: false.
2023-06-02 19:46:18,919 [Socket Reader #1 for port 15002] INFO  ipc.Server (Server.java:run(1319)) - Starting Socket Reader #1 for port 15002
2023-06-02 19:46:18,967 [Listener at 0.0.0.0/15002] INFO  hdds.HddsUtils (HddsUtils.java:preserveThreadName(843)) - Restoring thread name: main
2023-06-02 19:46:18,999 [main] INFO  audit.AuditLogger (AuditLogger.java:refreshDebugCmdSet(126)) - Refresh DebugCmdSet for SCMAudit to [].
2023-06-02 19:46:19,005 [main] INFO  ipc.CallQueueManager (CallQueueManager.java:<init>(90)) - Using callQueue: class java.util.concurrent.LinkedBlockingQueue, queueCapacity: 2000, scheduler: class org.apache.hadoop.ipc.DefaultRpcScheduler, ipcBackoff: false.
2023-06-02 19:46:19,007 [Socket Reader #1 for port 15001] INFO  ipc.Server (Server.java:run(1319)) - Starting Socket Reader #1 for port 15001
2023-06-02 19:46:19,018 [Listener at 0.0.0.0/15001] INFO  hdds.HddsUtils (HddsUtils.java:preserveThreadName(843)) - Restoring thread name: main
2023-06-02 19:46:19,060 [main] INFO  audit.AuditLogger (AuditLogger.java:refreshDebugCmdSet(126)) - Refresh DebugCmdSet for SCMAudit to [].
2023-06-02 19:46:19,073 [main] INFO  ipc.CallQueueManager (CallQueueManager.java:<init>(90)) - Using callQueue: class java.util.concurrent.LinkedBlockingQueue, queueCapacity: 2000, scheduler: class org.apache.hadoop.ipc.DefaultRpcScheduler, ipcBackoff: false.
2023-06-02 19:46:19,075 [Socket Reader #1 for port 15000] INFO  ipc.Server (Server.java:run(1319)) - Starting Socket Reader #1 for port 15000
2023-06-02 19:46:19,087 [Listener at 0.0.0.0/15000] INFO  hdds.HddsUtils (HddsUtils.java:preserveThreadName(843)) - Restoring thread name: main
2023-06-02 19:46:19,151 [main] INFO  ha.SCMServiceManager (SCMServiceManager.java:register(42)) - Registering service ContainerBalancer.
2023-06-02 19:46:19,153 [main] INFO  server.StorageContainerManager (StorageContainerManager.java:<init>(416)) - 
Container Balancer status:
Key                            Value
Running                        false
Container Balancer Configuration values:
Key                                                Value
Threshold                                          10
Max Datanodes to Involve per Iteration(percent)    20
Max Size to Move per Iteration                     500GB
Max Size Entering Target per Iteration             26GB
Max Size Leaving Source per Iteration              26GB

2023-06-02 19:46:19,158 [main] INFO  ha.SCMContext (SCMContext.java:updateSafeModeStatus(228)) - Update SafeModeStatus from SafeModeStatus{safeModeStatus=true, preCheckPassed=false} to SafeModeStatus{safeModeStatus=true, preCheckPassed=false}.
2023-06-02 19:46:19,169 [main] INFO  server.StorageContainerManager (StorageContainerManager.java:start(1465)) - StorageContainerLocationProtocol RPC server is listening at /0.0.0.0:15000
2023-06-02 19:46:19,248 [main] WARN  impl.MetricsConfig (MetricsConfig.java:loadFirst(136)) - Cannot locate configuration: tried hadoop-metrics2-storagecontainermanager.properties,hadoop-metrics2.properties
2023-06-02 19:46:19,261 [main] INFO  impl.MetricsSystemImpl (MetricsSystemImpl.java:startTimer(378)) - Scheduled Metric snapshot period at 10 second(s).
2023-06-02 19:46:19,261 [main] INFO  impl.MetricsSystemImpl (MetricsSystemImpl.java:start(191)) - StorageContainerManager metrics system started
2023-06-02 19:46:19,557 [main] INFO  server.SCMClientProtocolServer (SCMClientProtocolServer.java:start(199)) - RPC server for Client  is listening at /0.0.0.0:15000
2023-06-02 19:46:19,558 [IPC Server Responder] INFO  ipc.Server (Server.java:run(1558)) - IPC Server Responder: starting
2023-06-02 19:46:19,569 [main] INFO  server.StorageContainerManager (StorageContainerManager.java:start(1479)) - ScmBlockLocationProtocol RPC server is listening at /0.0.0.0:15001
2023-06-02 19:46:19,588 [main] INFO  server.SCMBlockProtocolServer (SCMBlockProtocolServer.java:start(152)) - RPC server for Block Protocol is listening at /0.0.0.0:15001
2023-06-02 19:46:19,563 [IPC Server listener on 15000] INFO  ipc.Server (Server.java:run(1398)) - IPC Server listener on 15000: starting
2023-06-02 19:46:19,590 [IPC Server Responder] INFO  ipc.Server (Server.java:run(1558)) - IPC Server Responder: starting
2023-06-02 19:46:19,590 [IPC Server listener on 15001] INFO  ipc.Server (Server.java:run(1398)) - IPC Server listener on 15001: starting
2023-06-02 19:46:19,593 [main] INFO  server.SCMDatanodeProtocolServer (SCMDatanodeProtocolServer.java:start(193)) - ScmDatanodeProtocol RPC server for DataNodes is listening at /0.0.0.0:15002
2023-06-02 19:46:19,595 [IPC Server listener on 15002] INFO  ipc.Server (Server.java:run(1398)) - IPC Server listener on 15002: starting
2023-06-02 19:46:19,608 [IPC Server Responder] INFO  ipc.Server (Server.java:run(1558)) - IPC Server Responder: starting
2023-06-02 19:46:19,621 [JvmPauseMonitor0] INFO  util.JvmPauseMonitor (JvmPauseMonitor.java:run(103)) - JvmPauseMonitor-07308b00-a365-4b3a-bdcb-530168462b51: Started
2023-06-02 19:46:19,633 [main] INFO  http.BaseHttpServer (BaseHttpServer.java:newHttpServer2BuilderForOzone(224)) - Starting Web-server for scm at: http://0.0.0.0:15003
2023-06-02 19:46:19,633 [main] INFO  http.BaseHttpServer (BaseHttpServer.java:<init>(111)) - Hadoop Security Enabled: false Ozone Security Enabled: false Ozone HTTP Security Enabled: false 
2023-06-02 19:46:19,661 [main] INFO  util.log (Log.java:initialized(170)) - Logging initialized @5365ms to org.eclipse.jetty.util.log.Slf4jLog
2023-06-02 19:46:19,766 [main] WARN  server.AuthenticationFilter (AuthenticationFilter.java:constructSecretProvider(240)) - Unable to initialize FileSignerSecretProvider, falling back to use random secrets. Reason: Could not read signature secret file: /home/runner/hadoop-http-auth-signature-secret
2023-06-02 19:46:19,772 [main] INFO  http.HttpRequestLog (HttpRequestLog.java:getRequestLog(86)) - Http request log for http.requests.scm is not defined
2023-06-02 19:46:19,780 [main] INFO  http.HttpServer2 (HttpServer2.java:addGlobalFilter(1031)) - Added global filter 'safety' (class=org.apache.hadoop.hdds.server.http.HttpServer2$QuotingInputFilter)
2023-06-02 19:46:19,784 [main] INFO  http.HttpServer2 (HttpServer2.java:addFilter(1007)) - Added filter static_user_filter (class=org.apache.hadoop.http.lib.StaticUserWebFilter$StaticUserFilter) to context scm
2023-06-02 19:46:19,785 [main] INFO  http.HttpServer2 (HttpServer2.java:addFilter(1015)) - Added filter static_user_filter (class=org.apache.hadoop.http.lib.StaticUserWebFilter$StaticUserFilter) to context static
2023-06-02 19:46:19,785 [main] INFO  http.HttpServer2 (HttpServer2.java:addFilter(1015)) - Added filter static_user_filter (class=org.apache.hadoop.http.lib.StaticUserWebFilter$StaticUserFilter) to context logs
2023-06-02 19:46:19,829 [main] INFO  http.BaseHttpServer (BaseHttpServer.java:<init>(190)) - HTTP server of scm uses base directory /home/runner/work/ozone/ozone/hadoop-ozone/integration-test/target/test-dir/MiniOzoneClusterImpl-e4789928-4fd4-479e-857e-ac334458de01/ozone-meta/webserver
2023-06-02 19:46:19,831 [main] INFO  http.HttpServer2 (HttpServer2.java:bindListener(1250)) - Jetty bound to port 15003
2023-06-02 19:46:19,832 [main] INFO  server.Server (Server.java:doStart(375)) - jetty-9.4.51.v20230217; built: 2023-02-17T08:19:37.309Z; git: b45c405e4544384de066f814ed42ae3dceacdd49; jvm 1.8.0_372-b07
2023-06-02 19:46:19,873 [main] INFO  server.session (DefaultSessionIdManager.java:doStart(334)) - DefaultSessionIdManager workerName=node0
2023-06-02 19:46:19,873 [main] INFO  server.session (DefaultSessionIdManager.java:doStart(339)) - No SessionScavenger set, using defaults
2023-06-02 19:46:19,875 [main] INFO  server.session (HouseKeeper.java:startScavenging(132)) - node0 Scavenging every 660000ms
2023-06-02 19:46:19,889 [main] INFO  handler.ContextHandler (ContextHandler.java:doStart(921)) - Started o.e.j.s.ServletContextHandler@4acae4c7{logs,/logs,file:///home/runner/work/ozone/ozone/hadoop-ozone/integration-test/target/log,AVAILABLE}
2023-06-02 19:46:19,890 [main] INFO  handler.ContextHandler (ContextHandler.java:doStart(921)) - Started o.e.j.s.ServletContextHandler@41a3656f{static,/static,file:///home/runner/work/ozone/ozone/hadoop-ozone/integration-test/target/test-classes/webapps/static,AVAILABLE}
2023-06-02 19:46:19,939 [main] INFO  handler.ContextHandler (ContextHandler.java:doStart(921)) - Started o.e.j.w.WebAppContext@1be6c991{scm,/,file:///home/runner/work/ozone/ozone/hadoop-ozone/integration-test/target/test-classes/webapps/scm/,AVAILABLE}{file:/home/runner/work/ozone/ozone/hadoop-ozone/integration-test/target/test-classes/webapps/scm}
2023-06-02 19:46:19,960 [main] INFO  server.AbstractConnector (AbstractConnector.java:doStart(333)) - Started ServerConnector@333cedbd{HTTP/1.1, (http/1.1)}{0.0.0.0:15003}
2023-06-02 19:46:19,960 [main] INFO  server.Server (Server.java:doStart(415)) - Started @5665ms
2023-06-02 19:46:19,967 [main] INFO  impl.MetricsSinkAdapter (MetricsSinkAdapter.java:start(204)) - Sink prometheus started
2023-06-02 19:46:19,968 [main] INFO  impl.MetricsSystemImpl (MetricsSystemImpl.java:registerSink(305)) - Registered sink prometheus
2023-06-02 19:46:19,969 [main] INFO  http.BaseHttpServer (BaseHttpServer.java:updateConnectorAddress(344)) - HTTP server of scm listening at http://0.0.0.0:15003
2023-06-02 19:46:19,976 [main] WARN  server.ServerUtils (ServerUtils.java:getDBPath(311)) - ozone.om.db.dirs is not configured. We recommend adding this setting. Falling back to ozone.metadata.dirs instead.
2023-06-02 19:46:20,041 [main] INFO  audit.AuditLogger (AuditLogger.java:refreshDebugCmdSet(126)) - Refresh DebugCmdSet for OMAudit to [].
2023-06-02 19:46:20,143 [main] INFO  ha.OMHANodeDetails (OMHANodeDetails.java:loadOMHAConfig(115)) - ozone.om.internal.service.id is not defined, falling back to ozone.om.service.ids to find serviceID for OzoneManager if it is HA enabled cluster
2023-06-02 19:46:20,147 [main] INFO  ha.OMHANodeDetails (OMHANodeDetails.java:loadOMHAConfig(226)) - Configuration does not have ozone.om.address set. Falling back to the default OM address /127.0.0.1:15004
2023-06-02 19:46:20,148 [main] INFO  ha.OMHANodeDetails (OMHANodeDetails.java:getOMNodeDetailsForNonHA(254)) - OM Service ID is not set. Setting it to the default ID: omServiceIdDefault
2023-06-02 19:46:20,149 [main] INFO  ha.OMHANodeDetails (OMHANodeDetails.java:getOMNodeDetailsForNonHA(261)) - OM Node ID is not set. Setting it to the default ID: om1
2023-06-02 19:46:20,154 [main] WARN  server.ServerUtils (ServerUtils.java:getDBPath(311)) - ozone.om.db.dirs is not configured. We recommend adding this setting. Falling back to ozone.metadata.dirs instead.
2023-06-02 19:46:20,160 [main] INFO  upgrade.AbstractLayoutVersionManager (AbstractLayoutVersionManager.java:init(83)) - Initializing Layout version manager with metadata layout = FILESYSTEM_SNAPSHOT (version = 5), software layout = FILESYSTEM_SNAPSHOT (version = 5)
2023-06-02 19:46:20,265 [main] INFO  reflections.Reflections (Reflections.java:scan(232)) - Reflections took 100 ms to scan 2 urls, producing 177 keys and 490 values [using 2 cores]
2023-06-02 19:46:20,272 [main] INFO  upgrade.OMLayoutVersionManager (OMLayoutVersionManager.java:lambda$0(115)) - Skipping Upgrade Action MockOmUpgradeAction since it has been finalized.
2023-06-02 19:46:20,275 [main] WARN  server.ServerUtils (ServerUtils.java:getDBPath(311)) - ozone.om.db.dirs is not configured. We recommend adding this setting. Falling back to ozone.metadata.dirs instead.
2023-06-02 19:46:20,451 [main] INFO  proxy.SCMBlockLocationFailoverProxyProvider (SCMBlockLocationFailoverProxyProvider.java:<init>(114)) - Created block location fail-over proxy with 1 nodes: [nodeId=scmNodeId,nodeAddress=/0.0.0.0:15001]
2023-06-02 19:46:20,491 [main] INFO  proxy.SCMBlockLocationFailoverProxyProvider (SCMBlockLocationFailoverProxyProvider.java:<init>(114)) - Created block location fail-over proxy with 1 nodes: [nodeId=scmNodeId,nodeAddress=/0.0.0.0:15001]
2023-06-02 19:46:20,782 [main] INFO  om.OzoneManager (OzoneManager.java:<init>(642)) - OM start with adminUsers: [runner]
2023-06-02 19:46:20,802 [main] WARN  server.ServerUtils (ServerUtils.java:getDBPath(311)) - ozone.om.db.dirs is not configured. We recommend adding this setting. Falling back to ozone.metadata.dirs instead.
2023-06-02 19:46:20,841 [main] INFO  helpers.OmKeyInfo (OmKeyInfo.java:getCodec(71)) - OmKeyInfo.getCodec ignorePipeline = true
2023-06-02 19:46:21,214 [main] INFO  om.OzoneManager (OzoneManager.java:instantiateServices(771)) - S3 Multi-Tenancy is disabled
2023-06-02 19:46:21,249 [main] INFO  om.OmSnapshotManager (OmSnapshotManager.java:<init>(170)) - Ozone filesystem snapshot feature is enabled.
2023-06-02 19:46:21,258 [main] WARN  server.ServerUtils (ServerUtils.java:getDBPath(311)) - ozone.om.snapshot.diff.db.dir is not configured. We recommend adding this setting. Falling back to ozone.metadata.dirs instead.
2023-06-02 19:46:21,301 [main] INFO  utils.NativeLibraryLoader (NativeLibraryLoader.java:loadLibrary(103)) - Loading Library: ozone_rocksdb_tools
2023-06-02 19:46:21,375 [main] INFO  om.OzoneManager (OzoneManager.java:addS3GVolumeToDB(4251)) - Created Volume s3v With Owner runner required for S3Gateway operations.
2023-06-02 19:46:21,454 [main] WARN  server.ServerUtils (ServerUtils.java:getDefaultRatisDirectory(323)) - Storage directory for Ratis is not configured. It is a good idea to map this to an SSD disk. Falling back to ozone.metadata.dirs
2023-06-02 19:46:21,454 [main] WARN  utils.OzoneManagerRatisUtils (OzoneManagerRatisUtils.java:getOMRatisSnapshotDirectory(461)) - ozone.om.ratis.snapshot.dir is not configured. Falling back to ozone.metadata.dirs config
2023-06-02 19:46:21,472 [main] WARN  server.ServerUtils (ServerUtils.java:getDefaultRatisDirectory(323)) - Storage directory for Ratis is not configured. It is a good idea to map this to an SSD disk. Falling back to ozone.metadata.dirs
2023-06-02 19:46:21,501 [main] INFO  ratis.OzoneManagerRatisServer (OzoneManagerRatisServer.java:<init>(163)) - Instantiating OM Ratis server with groupID: omServiceIdDefault and peers: localhost:15007
2023-06-02 19:46:21,512 [main] INFO  ratis.OzoneManagerStateMachine (OzoneManagerStateMachine.java:loadSnapshotInfoFromDB(670)) - LastAppliedIndex is set from TransactionInfo from OM DB as (t:0, i:~)
2023-06-02 19:46:21,582 [main] INFO  server.RaftServer (ConfUtils.java:logGet(46)) - raft.rpc.type = GRPC (default)
2023-06-02 19:46:21,594 [main] INFO  grpc.GrpcConfigKeys (ConfUtils.java:logFallback(53)) - raft.grpc.admin.host = null (fallback to raft.grpc.server.host)
2023-06-02 19:46:21,596 [main] INFO  grpc.GrpcConfigKeys (ConfUtils.java:logFallback(53)) - raft.grpc.admin.port = 15007 (fallback to raft.grpc.server.port)
2023-06-02 19:46:21,596 [main] INFO  grpc.GrpcConfigKeys (ConfUtils.java:logFallback(53)) - raft.grpc.client.host = null (fallback to raft.grpc.server.host)
2023-06-02 19:46:21,597 [main] INFO  grpc.GrpcConfigKeys (ConfUtils.java:logFallback(53)) - raft.grpc.client.port = 15007 (fallback to raft.grpc.server.port)
2023-06-02 19:46:21,597 [main] INFO  grpc.GrpcConfigKeys (ConfUtils.java:logGet(46)) - raft.grpc.server.host = null (default)
2023-06-02 19:46:21,597 [main] INFO  grpc.GrpcConfigKeys (ConfUtils.java:logGet(46)) - raft.grpc.server.port = 15007 (custom)
2023-06-02 19:46:21,598 [main] INFO  server.GrpcService (ConfUtils.java:logGet(46)) - raft.grpc.message.size.max = 33554432 (custom)
2023-06-02 19:46:21,600 [main] INFO  server.RaftServerConfigKeys (ConfUtils.java:logGet(46)) - raft.server.log.appender.buffer.byte-limit = 33554432 (custom)
2023-06-02 19:46:21,600 [main] INFO  server.GrpcService (ConfUtils.java:logGet(46)) - raft.grpc.flow.control.window = 1MB (=1048576) (default)
2023-06-02 19:46:21,601 [main] INFO  server.RaftServerConfigKeys (ConfUtils.java:logGet(46)) - raft.server.rpc.request.timeout = 3000ms (default)
2023-06-02 19:46:21,615 [main] INFO  grpc.GrpcConfigKeys (ConfUtils.java:logGet(46)) - raft.grpc.server.heartbeat.channel = true (default)
2023-06-02 19:46:21,619 [main] INFO  grpc.GrpcConfigKeys (ConfUtils.java:logGet(46)) - raft.grpc.server.async.request.thread.pool.cached = true (default)
2023-06-02 19:46:21,620 [main] INFO  grpc.GrpcConfigKeys (ConfUtils.java:logGet(46)) - raft.grpc.server.async.request.thread.pool.size = 32 (default)
2023-06-02 19:46:21,875 [main] INFO  impl.DataStreamServerImpl (ConfUtils.java:logGet(46)) - raft.datastream.type = DISABLED (default)
2023-06-02 19:46:21,878 [main] INFO  server.RaftServerConfigKeys (ConfUtils.java:logGet(46)) - raft.server.threadpool.proxy.cached = true (default)
2023-06-02 19:46:21,879 [main] INFO  server.RaftServerConfigKeys (ConfUtils.java:logGet(46)) - raft.server.threadpool.proxy.size = 0 (default)
2023-06-02 19:46:21,879 [main] INFO  server.RaftServerConfigKeys (ConfUtils.java:logGet(46)) - raft.server.rpc.slowness.timeout = 120s (custom)
2023-06-02 19:46:21,880 [main] INFO  server.RaftServerConfigKeys (ConfUtils.java:logGet(46)) - raft.server.leaderelection.leader.step-down.wait-time = 10s (default)
2023-06-02 19:46:21,881 [main] INFO  server.RaftServerConfigKeys (ConfUtils.java:logGet(46)) - raft.server.storage.dir = [/home/runner/work/ozone/ozone/hadoop-ozone/integration-test/target/test-dir/MiniOzoneClusterImpl-e4789928-4fd4-479e-857e-ac334458de01/ozone-meta/ratis] (custom)
2023-06-02 19:46:21,894 [main] INFO  server.RaftServer (RaftServerProxy.java:addNew(98)) - om1: addNew group-C5BA1605619E:[om1|rpc:localhost:15007|priority:0|startupRole:FOLLOWER] returns group-C5BA1605619E:java.util.concurrent.CompletableFuture@703ecfa3[Not completed]
2023-06-02 19:46:21,895 [main] INFO  om.OzoneManager (OzoneManager.java:initializeRatisServer(2106)) - OzoneManager Ratis server initialized at port 15007
2023-06-02 19:46:21,899 [main] INFO  om.OzoneManager (OzoneManager.java:getRpcServer(1165)) - Creating RPC Server
2023-06-02 19:46:22,081 [om1-groupManagement] INFO  server.RaftServer$Division (RaftServerImpl.java:<init>(198)) - om1: new RaftServerImpl for group-C5BA1605619E:[om1|rpc:localhost:15007|priority:0|startupRole:FOLLOWER] with OzoneManagerStateMachine:uninitialized
2023-06-02 19:46:22,083 [om1-groupManagement] INFO  server.RaftServerConfigKeys (ConfUtils.java:logGet(46)) - raft.server.rpc.timeout.min = 1s (custom)
2023-06-02 19:46:22,083 [om1-groupManagement] INFO  server.RaftServerConfigKeys (ConfUtils.java:logGet(46)) - raft.server.rpc.timeout.max = 1200ms (custom)
2023-06-02 19:46:22,083 [om1-groupManagement] INFO  server.RaftServerConfigKeys (ConfUtils.java:logGet(46)) - raft.server.rpc.sleep.time = 25ms (default)
2023-06-02 19:46:22,083 [om1-groupManagement] INFO  server.RaftServerConfigKeys (ConfUtils.java:logGet(46)) - raft.server.rpc.slowness.timeout = 120s (custom)
2023-06-02 19:46:22,083 [om1-groupManagement] INFO  server.RaftServerConfigKeys (ConfUtils.java:logGet(46)) - raft.server.leaderelection.leader.step-down.wait-time = 10s (default)
2023-06-02 19:46:22,084 [om1-groupManagement] INFO  server.RaftServerConfigKeys (ConfUtils.java:logGet(46)) - raft.server.sleep.deviation.threshold = 300ms (default)
2023-06-02 19:46:22,114 [om1-groupManagement] INFO  server.RaftServer$Division (ServerState.java:<init>(120)) - om1@group-C5BA1605619E: ConfigurationManager, init=-1: peers:[om1|rpc:localhost:15007|priority:0|startupRole:FOLLOWER]|listeners:[], old=null, confs=<EMPTY_MAP>
2023-06-02 19:46:22,115 [om1-groupManagement] INFO  server.RaftServerConfigKeys (ConfUtils.java:logGet(46)) - raft.server.storage.dir = [/home/runner/work/ozone/ozone/hadoop-ozone/integration-test/target/test-dir/MiniOzoneClusterImpl-e4789928-4fd4-479e-857e-ac334458de01/ozone-meta/ratis] (custom)
2023-06-02 19:46:22,128 [om1-groupManagement] INFO  server.RaftServerConfigKeys (ConfUtils.java:logGet(46)) - raft.server.log.corruption.policy = EXCEPTION (default)
2023-06-02 19:46:22,129 [om1-groupManagement] INFO  server.RaftServerConfigKeys (ConfUtils.java:logGet(46)) - raft.server.storage.free-space.min = 0MB (=0) (default)
2023-06-02 19:46:22,153 [om1-groupManagement] INFO  server.RaftServerConfigKeys (ConfUtils.java:logGet(46)) - raft.server.notification.no-leader.timeout = 120s (custom)
2023-06-02 19:46:22,166 [om1-groupManagement] INFO  server.RaftServerConfigKeys (ConfUtils.java:logGet(46)) - raft.server.read.timeout = 10s (default)
2023-06-02 19:46:22,174 [om1-groupManagement] INFO  server.RaftServerConfigKeys (ConfUtils.java:logGet(46)) - raft.server.retrycache.expirytime = 300s (custom)
2023-06-02 19:46:22,174 [om1-groupManagement] INFO  server.RaftServerConfigKeys (ConfUtils.java:logGet(46)) - raft.server.retrycache.statistics.expirytime = 100μs (default)
2023-06-02 19:46:22,251 [om1-groupManagement] INFO  server.RaftServerConfigKeys (ConfUtils.java:logGet(46)) - raft.server.read.option = DEFAULT (default)
2023-06-02 19:46:22,322 [om1-groupManagement] INFO  server.RaftServerConfigKeys (ConfUtils.java:logGet(46)) - raft.server.rpc.request.timeout = 3000ms (default)
2023-06-02 19:46:22,328 [om1-groupManagement] INFO  server.RaftServerConfigKeys (ConfUtils.java:logGet(46)) - raft.server.log.appender.install.snapshot.enabled = false (custom)
2023-06-02 19:46:22,329 [om1-groupManagement] INFO  server.RaftServerConfigKeys (ConfUtils.java:logGet(46)) - raft.server.threadpool.server.cached = true (default)
2023-06-02 19:46:22,331 [om1-groupManagement] INFO  server.RaftServerConfigKeys (ConfUtils.java:logGet(46)) - raft.server.threadpool.server.size = 0 (default)
2023-06-02 19:46:22,332 [om1-groupManagement] INFO  server.RaftServerConfigKeys (ConfUtils.java:logGet(46)) - raft.server.threadpool.client.cached = true (default)
2023-06-02 19:46:22,332 [om1-groupManagement] INFO  server.RaftServerConfigKeys (ConfUtils.java:logGet(46)) - raft.server.threadpool.client.size = 0 (default)
2023-06-02 19:46:22,854 [main] INFO  reflections.Reflections (Reflections.java:scan(232)) - Reflections took 715 ms to scan 19 urls, producing 69 keys and 5280 values [using 2 cores]
2023-06-02 19:46:23,052 [main] INFO  ipc.CallQueueManager (CallQueueManager.java:<init>(90)) - Using callQueue: class java.util.concurrent.LinkedBlockingQueue, queueCapacity: 2000, scheduler: class org.apache.hadoop.ipc.DefaultRpcScheduler, ipcBackoff: false.
2023-06-02 19:46:23,059 [Socket Reader #1 for port 15004] INFO  ipc.Server (Server.java:run(1319)) - Starting Socket Reader #1 for port 15004
2023-06-02 19:46:23,078 [Listener at 127.0.0.1/15004] INFO  hdds.HddsUtils (HddsUtils.java:preserveThreadName(843)) - Restoring thread name: main
2023-06-02 19:46:23,109 [main] INFO  impl.MetricsSystemImpl (MetricsSystemImpl.java:init(158)) - OzoneManager metrics system started (again)
2023-06-02 19:46:23,123 [main] INFO  om.OzoneManager (OzoneManager.java:start(1587)) - OzoneManager RPC server is listening at localhost/127.0.0.1:15004
2023-06-02 19:46:23,124 [main] INFO  ratis.OzoneManagerRatisServer (OzoneManagerRatisServer.java:start(558)) - Starting OzoneManagerRatisServer om1 at port 15007
2023-06-02 19:46:23,127 [om1-impl-thread1] INFO  storage.RaftStorageDirectory (RaftStorageDirectoryImpl.java:analyzeStorage(137)) - The storage directory /home/runner/work/ozone/ozone/hadoop-ozone/integration-test/target/test-dir/MiniOzoneClusterImpl-e4789928-4fd4-479e-857e-ac334458de01/ozone-meta/ratis/bf265839-605b-3f16-9796-c5ba1605619e does not exist. Creating ...
2023-06-02 19:46:23,132 [om1-impl-thread1] INFO  storage.RaftStorageDirectory (RaftStorageDirectoryImpl.java:tryLock(231)) - Lock on /home/runner/work/ozone/ozone/hadoop-ozone/integration-test/target/test-dir/MiniOzoneClusterImpl-e4789928-4fd4-479e-857e-ac334458de01/ozone-meta/ratis/bf265839-605b-3f16-9796-c5ba1605619e/in_use.lock acquired by nodename 54141@fv-az459-618
2023-06-02 19:46:23,138 [om1-impl-thread1] INFO  storage.RaftStorage (RaftStorageImpl.java:format(96)) - Storage directory /home/runner/work/ozone/ozone/hadoop-ozone/integration-test/target/test-dir/MiniOzoneClusterImpl-e4789928-4fd4-479e-857e-ac334458de01/ozone-meta/ratis/bf265839-605b-3f16-9796-c5ba1605619e has been successfully formatted.
2023-06-02 19:46:23,142 [om1-impl-thread1] INFO  server.RaftServerConfigKeys (ConfUtils.java:logGet(46)) - raft.server.log.use.memory = false (default)
2023-06-02 19:46:23,150 [om1-impl-thread1] INFO  server.RaftServerConfigKeys (ConfUtils.java:logGet(46)) - raft.server.log.purge.gap = 1000000 (custom)
2023-06-02 19:46:23,150 [om1-impl-thread1] INFO  server.RaftServerConfigKeys (ConfUtils.java:logGet(46)) - raft.server.log.appender.buffer.byte-limit = 33554432 (custom)
2023-06-02 19:46:23,152 [om1-impl-thread1] INFO  server.RaftServerConfigKeys (ConfUtils.java:logGet(46)) - raft.server.log.statemachine.data.read.timeout = 1000ms (default)
2023-06-02 19:46:23,153 [om1-impl-thread1] INFO  server.RaftServerConfigKeys (ConfUtils.java:logGet(46)) - raft.server.log.purge.preservation.log.num = 0 (default)
2023-06-02 19:46:23,155 [om1-impl-thread1] INFO  server.RaftServerConfigKeys (ConfUtils.java:logGet(46)) - raft.server.log.segment.size.max = 4194304 (custom)
2023-06-02 19:46:23,161 [om1-impl-thread1] INFO  server.RaftServerConfigKeys (ConfUtils.java:logGet(46)) - raft.server.log.segment.cache.num.max = 2 (custom)
2023-06-02 19:46:23,162 [om1-impl-thread1] INFO  server.RaftServerConfigKeys (ConfUtils.java:logGet(46)) - raft.server.log.segment.cache.size.max = 200MB (=209715200) (default)
2023-06-02 19:46:23,162 [om1-impl-thread1] INFO  server.RaftServerConfigKeys (ConfUtils.java:logGet(46)) - raft.server.log.appender.buffer.byte-limit = 33554432 (custom)
2023-06-02 19:46:23,168 [om1-impl-thread1] INFO  segmented.SegmentedRaftLogWorker (SegmentedRaftLogWorker.java:<init>(188)) - new om1@group-C5BA1605619E-SegmentedRaftLogWorker for RaftStorageImpl:Storage Directory /home/runner/work/ozone/ozone/hadoop-ozone/integration-test/target/test-dir/MiniOzoneClusterImpl-e4789928-4fd4-479e-857e-ac334458de01/ozone-meta/ratis/bf265839-605b-3f16-9796-c5ba1605619e
2023-06-02 19:46:23,169 [om1-impl-thread1] INFO  server.RaftServerConfigKeys (ConfUtils.java:logGet(46)) - raft.server.log.queue.byte-limit = 64MB (=67108864) (default)
2023-06-02 19:46:23,169 [om1-impl-thread1] INFO  server.RaftServerConfigKeys (ConfUtils.java:logGet(46)) - raft.server.log.queue.element-limit = 4096 (default)
2023-06-02 19:46:23,170 [om1-impl-thread1] INFO  server.RaftServerConfigKeys (ConfUtils.java:logGet(46)) - raft.server.log.segment.size.max = 4194304 (custom)
2023-06-02 19:46:23,170 [om1-impl-thread1] INFO  server.RaftServerConfigKeys (ConfUtils.java:logGet(46)) - raft.server.log.preallocated.size = 4194304 (custom)
2023-06-02 19:46:23,171 [om1-impl-thread1] INFO  server.RaftServerConfigKeys (ConfUtils.java:logGet(46)) - raft.server.log.force.sync.num = 128 (default)
2023-06-02 19:46:23,172 [om1-impl-thread1] INFO  server.RaftServerConfigKeys (ConfUtils.java:logGet(46)) - raft.server.log.statemachine.data.sync = true (default)
2023-06-02 19:46:23,172 [om1-impl-thread1] INFO  server.RaftServerConfigKeys (ConfUtils.java:logGet(46)) - raft.server.log.statemachine.data.sync.timeout = 10s (default)
2023-06-02 19:46:23,172 [om1-impl-thread1] INFO  server.RaftServerConfigKeys (ConfUtils.java:logGet(46)) - raft.server.log.statemachine.data.sync.timeout.retry = -1 (default)
2023-06-02 19:46:23,182 [om1-impl-thread1] INFO  server.RaftServerConfigKeys (ConfUtils.java:logGet(46)) - raft.server.log.write.buffer.size = 64KB (=65536) (default)
2023-06-02 19:46:23,182 [om1-impl-thread1] INFO  server.RaftServerConfigKeys (ConfUtils.java:logGet(46)) - raft.server.log.appender.buffer.byte-limit = 33554432 (custom)
2023-06-02 19:46:23,188 [om1-impl-thread1] INFO  server.RaftServerConfigKeys (ConfUtils.java:logGet(46)) - raft.server.log.unsafe-flush.enabled = false (default)
2023-06-02 19:46:23,188 [om1-impl-thread1] INFO  server.RaftServerConfigKeys (ConfUtils.java:logGet(46)) - raft.server.log.async-flush.enabled = false (default)
2023-06-02 19:46:23,188 [om1-impl-thread1] INFO  server.RaftServerConfigKeys (ConfUtils.java:logGet(46)) - raft.server.log.statemachine.data.caching.enabled = false (default)
2023-06-02 19:46:23,199 [om1-impl-thread1] INFO  segmented.SegmentedRaftLogWorker (SegmentedRaftLogWorker.java:lambda$new$0(135)) - om1@group-C5BA1605619E-SegmentedRaftLogWorker: flushIndex: setUnconditionally 0 -> -1
2023-06-02 19:46:23,199 [om1-impl-thread1] INFO  segmented.SegmentedRaftLogWorker (SegmentedRaftLogWorker.java:lambda$new$0(135)) - om1@group-C5BA1605619E-SegmentedRaftLogWorker: safeCacheEvictIndex: setUnconditionally 0 -> -1
2023-06-02 19:46:23,201 [om1-impl-thread1] INFO  server.RaftServer$Division (RaftServerImpl.java:start(342)) - om1@group-C5BA1605619E: start as a follower, conf=-1: peers:[om1|rpc:localhost:15007|priority:0|startupRole:FOLLOWER]|listeners:[], old=null
2023-06-02 19:46:23,205 [om1-impl-thread1] INFO  server.RaftServer$Division (RaftServerImpl.java:setRole(329)) - om1@group-C5BA1605619E: changes role from      null to FOLLOWER at term 0 for startAsFollower
2023-06-02 19:46:23,207 [om1-impl-thread1] INFO  impl.RoleInfo (RoleInfo.java:updateAndGet(139)) - om1: start om1@group-C5BA1605619E-FollowerState
2023-06-02 19:46:23,212 [om1-impl-thread1] INFO  util.JmxRegister (JmxRegister.java:tryRegister(44)) - Successfully registered JMX Bean with object name Ratis:service=RaftServer,group=group-C5BA1605619E,id=om1
2023-06-02 19:46:23,214 [om1-impl-thread1] INFO  server.RaftServerConfigKeys (ConfUtils.java:logGet(46)) - raft.server.snapshot.auto.trigger.enabled = true (custom)
2023-06-02 19:46:23,214 [om1-impl-thread1] INFO  server.RaftServerConfigKeys (ConfUtils.java:logGet(46)) - raft.server.snapshot.auto.trigger.threshold = 400000 (default)
2023-06-02 19:46:23,215 [om1-impl-thread1] INFO  server.RaftServerConfigKeys (ConfUtils.java:logGet(46)) - raft.server.snapshot.retention.file.num = -1 (default)
2023-06-02 19:46:23,216 [om1-impl-thread1] INFO  server.RaftServerConfigKeys (ConfUtils.java:logGet(46)) - raft.server.log.purge.upto.snapshot.index = true (custom)
2023-06-02 19:46:23,217 [om1@group-C5BA1605619E-FollowerState] INFO  server.RaftServerConfigKeys (ConfUtils.java:logFallback(53)) - raft.server.rpc.first-election.timeout.min = 1s (fallback to raft.server.rpc.timeout.min)
2023-06-02 19:46:23,217 [om1@group-C5BA1605619E-FollowerState] INFO  server.RaftServerConfigKeys (ConfUtils.java:logFallback(53)) - raft.server.rpc.first-election.timeout.max = 1200ms (fallback to raft.server.rpc.timeout.max)
2023-06-02 19:46:23,220 [main] INFO  server.RaftServer (RaftServerProxy.java:startImpl(400)) - om1: start RPC server
2023-06-02 19:46:23,269 [main] INFO  server.GrpcService (GrpcService.java:startImpl(302)) - om1: GrpcService started, listening on 15007
2023-06-02 19:46:23,271 [main] INFO  om.OzoneManager (OzoneManager.java:start(1603)) - Version File has different layout version (5) than OM DB (null). That is expected if this OM has never been finalized to a newer layout version.
2023-06-02 19:46:23,274 [JvmPauseMonitor1] INFO  util.JvmPauseMonitor (JvmPauseMonitor.java:run(103)) - JvmPauseMonitor-om1: Started
2023-06-02 19:46:23,306 [main] INFO  http.BaseHttpServer (BaseHttpServer.java:newHttpServer2BuilderForOzone(224)) - Starting Web-server for ozoneManager at: http://0.0.0.0:15005
2023-06-02 19:46:23,306 [main] INFO  http.BaseHttpServer (BaseHttpServer.java:<init>(111)) - Hadoop Security Enabled: false Ozone Security Enabled: false Ozone HTTP Security Enabled: false 
2023-06-02 19:46:23,308 [main] WARN  server.AuthenticationFilter (AuthenticationFilter.java:constructSecretProvider(240)) - Unable to initialize FileSignerSecretProvider, falling back to use random secrets. Reason: Could not read signature secret file: /home/runner/hadoop-http-auth-signature-secret
2023-06-02 19:46:23,309 [main] INFO  http.HttpRequestLog (HttpRequestLog.java:getRequestLog(86)) - Http request log for http.requests.ozoneManager is not defined
2023-06-02 19:46:23,311 [main] INFO  http.HttpServer2 (HttpServer2.java:addGlobalFilter(1031)) - Added global filter 'safety' (class=org.apache.hadoop.hdds.server.http.HttpServer2$QuotingInputFilter)
2023-06-02 19:46:23,312 [main] INFO  http.HttpServer2 (HttpServer2.java:addFilter(1007)) - Added filter static_user_filter (class=org.apache.hadoop.http.lib.StaticUserWebFilter$StaticUserFilter) to context ozoneManager
2023-06-02 19:46:23,312 [main] INFO  http.HttpServer2 (HttpServer2.java:addFilter(1015)) - Added filter static_user_filter (class=org.apache.hadoop.http.lib.StaticUserWebFilter$StaticUserFilter) to context logs
2023-06-02 19:46:23,313 [main] INFO  http.HttpServer2 (HttpServer2.java:addFilter(1015)) - Added filter static_user_filter (class=org.apache.hadoop.http.lib.StaticUserWebFilter$StaticUserFilter) to context static
2023-06-02 19:46:23,315 [main] INFO  http.BaseHttpServer (BaseHttpServer.java:<init>(190)) - HTTP server of ozoneManager uses base directory /home/runner/work/ozone/ozone/hadoop-ozone/integration-test/target/test-dir/MiniOzoneClusterImpl-e4789928-4fd4-479e-857e-ac334458de01/ozone-meta/webserver
2023-06-02 19:46:23,317 [main] INFO  http.HttpServer2 (HttpServer2.java:bindListener(1250)) - Jetty bound to port 15005
2023-06-02 19:46:23,317 [main] INFO  server.Server (Server.java:doStart(375)) - jetty-9.4.51.v20230217; built: 2023-02-17T08:19:37.309Z; git: b45c405e4544384de066f814ed42ae3dceacdd49; jvm 1.8.0_372-b07
2023-06-02 19:46:23,326 [main] INFO  server.session (DefaultSessionIdManager.java:doStart(334)) - DefaultSessionIdManager workerName=node0
2023-06-02 19:46:23,327 [main] INFO  server.session (DefaultSessionIdManager.java:doStart(339)) - No SessionScavenger set, using defaults
2023-06-02 19:46:23,327 [main] INFO  server.session (HouseKeeper.java:startScavenging(132)) - node0 Scavenging every 600000ms
2023-06-02 19:46:23,328 [main] INFO  handler.ContextHandler (ContextHandler.java:doStart(921)) - Started o.e.j.s.ServletContextHandler@1ab1e83a{logs,/logs,file:///home/runner/work/ozone/ozone/hadoop-ozone/integration-test/target/log,AVAILABLE}
2023-06-02 19:46:23,328 [main] INFO  handler.ContextHandler (ContextHandler.java:doStart(921)) - Started o.e.j.s.ServletContextHandler@334e5403{static,/static,file:///home/runner/work/ozone/ozone/hadoop-ozone/integration-test/target/test-classes/webapps/static,AVAILABLE}
2023-06-02 19:46:23,332 [main] INFO  handler.ContextHandler (ContextHandler.java:doStart(921)) - Started o.e.j.w.WebAppContext@a32bf4f{ozoneManager,/,file:///home/runner/work/ozone/ozone/hadoop-ozone/integration-test/target/test-classes/webapps/ozoneManager/,AVAILABLE}{file:/home/runner/work/ozone/ozone/hadoop-ozone/integration-test/target/test-classes/webapps/ozoneManager}
2023-06-02 19:46:23,334 [main] INFO  server.AbstractConnector (AbstractConnector.java:doStart(333)) - Started ServerConnector@b022ec3{HTTP/1.1, (http/1.1)}{0.0.0.0:15005}
2023-06-02 19:46:23,334 [main] INFO  server.Server (Server.java:doStart(415)) - Started @9039ms
2023-06-02 19:46:23,334 [main] WARN  impl.MetricsSystemImpl (MetricsSystemImpl.java:register(279)) - Sink prometheus already exists!
2023-06-02 19:46:23,335 [main] INFO  http.BaseHttpServer (BaseHttpServer.java:updateConnectorAddress(344)) - HTTP server of ozoneManager listening at http://0.0.0.0:15005
2023-06-02 19:46:23,339 [IPC Server Responder] INFO  ipc.Server (Server.java:run(1558)) - IPC Server Responder: starting
2023-06-02 19:46:23,348 [IPC Server listener on 15004] INFO  ipc.Server (Server.java:run(1398)) - IPC Server listener on 15004: starting
2023-06-02 19:46:23,354 [main] INFO  om.OzoneManager (OzoneManager.java:startTrashEmptier(2059)) - Trash Interval set to 0. Files deleted won't move to trash
2023-06-02 19:46:23,583 [main] WARN  impl.MetricRegistriesImpl (MetricRegistriesImpl.java:addReporterRegistration(111)) - New reporters are added after registries were created. Some metrics will be missing from the reporter. Please add reporter before adding any new registry.
2023-06-02 19:46:23,584 [main] WARN  impl.MetricRegistriesImpl (MetricRegistriesImpl.java:addReporterRegistration(111)) - New reporters are added after registries were created. Some metrics will be missing from the reporter. Please add reporter before adding any new registry.
2023-06-02 19:46:23,584 [main] INFO  impl.MetricsSystemImpl (MetricsSystemImpl.java:init(158)) - HddsDatanode metrics system started (again)
2023-06-02 19:46:23,612 [main] INFO  ozone.HddsDatanodeService (HddsDatanodeService.java:start(261)) - HddsDatanodeService host:fv-az459-618.msq0az1vewme3jsxyslsv0htic.jx.internal.cloudapp.net ip:10.1.26.0
2023-06-02 19:46:23,659 [main] INFO  upgrade.AbstractLayoutVersionManager (AbstractLayoutVersionManager.java:init(83)) - Initializing Layout version manager with metadata layout = HADOOP_PRC_PORTS_IN_DATANODEDETAILS (version = 7), software layout = HADOOP_PRC_PORTS_IN_DATANODEDETAILS (version = 7)
2023-06-02 19:46:23,666 [main] INFO  statemachine.DatanodeStateMachine (DatanodeStateMachine.java:getEndPointTaskThreadPoolSize(271)) - Datanode State Machine Task Thread Pool size 2
2023-06-02 19:46:23,745 [main] INFO  volume.HddsVolume (HddsVolume.java:<init>(130)) - Creating HddsVolume: /home/runner/work/ozone/ozone/hadoop-ozone/integration-test/target/test-dir/MiniOzoneClusterImpl-e4789928-4fd4-479e-857e-ac334458de01/datanode-0/data-0/containers/hdds of storage type : DISK capacity : 9223372036854775807
2023-06-02 19:46:23,748 [main] INFO  volume.MutableVolumeSet (MutableVolumeSet.java:initializeVolumeSet(175)) - Added Volume : /home/runner/work/ozone/ozone/hadoop-ozone/integration-test/target/test-dir/MiniOzoneClusterImpl-e4789928-4fd4-479e-857e-ac334458de01/datanode-0/data-0/containers/hdds to VolumeSet
2023-06-02 19:46:23,748 [main] INFO  volume.ThrottledAsyncChecker (ThrottledAsyncChecker.java:schedule(141)) - Scheduling a check for /home/runner/work/ozone/ozone/hadoop-ozone/integration-test/target/test-dir/MiniOzoneClusterImpl-e4789928-4fd4-479e-857e-ac334458de01/datanode-0/data-0/containers/hdds
2023-06-02 19:46:23,776 [main] INFO  volume.StorageVolumeChecker (StorageVolumeChecker.java:checkAllVolumes(202)) - Scheduled health check for volume /home/runner/work/ozone/ozone/hadoop-ozone/integration-test/target/test-dir/MiniOzoneClusterImpl-e4789928-4fd4-479e-857e-ac334458de01/datanode-0/data-0/containers/hdds
2023-06-02 19:46:23,802 [main] INFO  volume.MutableVolumeSet (MutableVolumeSet.java:initializeVolumeSet(175)) - Added Volume : /home/runner/work/ozone/ozone/hadoop-ozone/integration-test/target/test-dir/MiniOzoneClusterImpl-e4789928-4fd4-479e-857e-ac334458de01/datanode-0/data/ratis to VolumeSet
2023-06-02 19:46:23,802 [main] INFO  volume.ThrottledAsyncChecker (ThrottledAsyncChecker.java:schedule(141)) - Scheduling a check for /home/runner/work/ozone/ozone/hadoop-ozone/integration-test/target/test-dir/MiniOzoneClusterImpl-e4789928-4fd4-479e-857e-ac334458de01/datanode-0/data/ratis
2023-06-02 19:46:23,803 [main] INFO  volume.StorageVolumeChecker (StorageVolumeChecker.java:checkAllVolumes(202)) - Scheduled health check for volume /home/runner/work/ozone/ozone/hadoop-ozone/integration-test/target/test-dir/MiniOzoneClusterImpl-e4789928-4fd4-479e-857e-ac334458de01/datanode-0/data/ratis
2023-06-02 19:46:23,831 [Thread-140] INFO  ozoneimpl.ContainerReader (ContainerReader.java:readVolume(175)) - Finish verifying containers on volume /home/runner/work/ozone/ozone/hadoop-ozone/integration-test/target/test-dir/MiniOzoneClusterImpl-e4789928-4fd4-479e-857e-ac334458de01/datanode-0/data-0/containers/hdds
2023-06-02 19:46:23,831 [main] INFO  ozoneimpl.OzoneContainer (OzoneContainer.java:buildContainerSet(303)) - Build ContainerSet costs 0s
2023-06-02 19:46:23,885 [main] INFO  audit.AuditLogger (AuditLogger.java:refreshDebugCmdSet(126)) - Refresh DebugCmdSet for DNAudit to [].
2023-06-02 19:46:23,919 [main] INFO  server.RaftServer (ConfUtils.java:logGet(46)) - raft.rpc.type = GRPC (default)
2023-06-02 19:46:23,920 [main] INFO  grpc.GrpcConfigKeys (ConfUtils.java:logFallback(53)) - raft.grpc.admin.host = null (fallback to raft.grpc.server.host)
2023-06-02 19:46:23,920 [main] INFO  grpc.GrpcConfigKeys (ConfUtils.java:logGet(46)) - raft.grpc.admin.port = 15013 (custom)
2023-06-02 19:46:23,921 [main] INFO  grpc.GrpcConfigKeys (ConfUtils.java:logFallback(53)) - raft.grpc.client.host = null (fallback to raft.grpc.server.host)
2023-06-02 19:46:23,921 [main] INFO  grpc.GrpcConfigKeys (ConfUtils.java:logGet(46)) - raft.grpc.client.port = 15012 (custom)
2023-06-02 19:46:23,921 [main] INFO  grpc.GrpcConfigKeys (ConfUtils.java:logGet(46)) - raft.grpc.server.host = null (default)
2023-06-02 19:46:23,921 [main] INFO  grpc.GrpcConfigKeys (ConfUtils.java:logGet(46)) - raft.grpc.server.port = 15014 (custom)
2023-06-02 19:46:23,921 [main] INFO  server.GrpcService (ConfUtils.java:logGet(46)) - raft.grpc.message.size.max = 32MB (=33554432) (custom)
2023-06-02 19:46:23,921 [main] INFO  server.RaftServerConfigKeys (ConfUtils.java:logGet(46)) - raft.server.log.appender.buffer.byte-limit = 33554432 (custom)
2023-06-02 19:46:23,922 [main] INFO  server.GrpcService (ConfUtils.java:logGet(46)) - raft.grpc.flow.control.window = 5MB (=5242880) (custom)
2023-06-02 19:46:23,922 [main] INFO  server.RaftServerConfigKeys (ConfUtils.java:logGet(46)) - raft.server.rpc.request.timeout = 60s (custom)
2023-06-02 19:46:23,922 [main] INFO  grpc.GrpcConfigKeys (ConfUtils.java:logGet(46)) - raft.grpc.server.heartbeat.channel = true (default)
2023-06-02 19:46:23,922 [main] INFO  grpc.GrpcConfigKeys (ConfUtils.java:logGet(46)) - raft.grpc.server.async.request.thread.pool.cached = true (default)
2023-06-02 19:46:23,922 [main] INFO  grpc.GrpcConfigKeys (ConfUtils.java:logGet(46)) - raft.grpc.server.async.request.thread.pool.size = 32 (default)
2023-06-02 19:46:23,926 [main] INFO  impl.DataStreamServerImpl (ConfUtils.java:logGet(46)) - raft.datastream.type = NETTY (custom)
2023-06-02 19:46:23,936 [main] INFO  server.RaftServerConfigKeys (ConfUtils.java:logGet(46)) - raft.server.data-stream.async.request.thread.pool.cached = false (default)
2023-06-02 19:46:23,937 [main] INFO  server.RaftServerConfigKeys (ConfUtils.java:logGet(46)) - raft.server.data-stream.async.request.thread.pool.size = 20 (custom)
2023-06-02 19:46:23,937 [main] INFO  server.RaftServerConfigKeys (ConfUtils.java:logGet(46)) - raft.server.data-stream.async.write.thread.pool.size = 16 (default)
2023-06-02 19:46:23,939 [main] INFO  server.RaftServerConfigKeys (ConfUtils.java:logGet(46)) - raft.server.data-stream.client.pool.size = 10 (default)
2023-06-02 19:46:23,942 [main] INFO  netty.NettyConfigKeys$DataStream (ConfUtils.java:logGet(46)) - raft.netty.dataStream.server.use-epoll = false (default)
2023-06-02 19:46:23,942 [main] INFO  netty.NettyConfigKeys$DataStream (ConfUtils.java:logGet(46)) - raft.netty.dataStream.server.boss-group.size = 0 (default)
2023-06-02 19:46:23,950 [main] INFO  netty.NettyConfigKeys$DataStream (ConfUtils.java:logGet(46)) - raft.netty.dataStream.server.worker-group.size = 0 (default)
2023-06-02 19:46:23,951 [main] INFO  netty.NettyConfigKeys$DataStream (ConfUtils.java:logGet(46)) - raft.netty.dataStream.server.tls.conf = null (default)
2023-06-02 19:46:23,953 [main] INFO  netty.NettyConfigKeys$DataStream (ConfUtils.java:logGet(46)) - raft.netty.dataStream.host = null (default)
2023-06-02 19:46:23,954 [main] INFO  netty.NettyConfigKeys$DataStream (ConfUtils.java:logGet(46)) - raft.netty.dataStream.port = 15015 (custom)
2023-06-02 19:46:23,964 [main] INFO  server.RaftServerConfigKeys (ConfUtils.java:logGet(46)) - raft.server.threadpool.proxy.cached = true (default)
2023-06-02 19:46:23,965 [main] INFO  server.RaftServerConfigKeys (ConfUtils.java:logGet(46)) - raft.server.threadpool.proxy.size = 0 (default)
2023-06-02 19:46:23,965 [main] INFO  server.RaftServerConfigKeys (ConfUtils.java:logGet(46)) - raft.server.rpc.slowness.timeout = 300s (custom)
2023-06-02 19:46:23,965 [main] INFO  server.RaftServerConfigKeys (ConfUtils.java:logGet(46)) - raft.server.leaderelection.leader.step-down.wait-time = 10s (default)
2023-06-02 19:46:23,965 [main] INFO  server.RaftServerConfigKeys (ConfUtils.java:logGet(46)) - raft.server.storage.dir = [/home/runner/work/ozone/ozone/hadoop-ozone/integration-test/target/test-dir/MiniOzoneClusterImpl-e4789928-4fd4-479e-857e-ac334458de01/datanode-0/data/ratis] (custom)
2023-06-02 19:46:23,993 [main] INFO  server.XceiverServerGrpc (XceiverServerGrpc.java:<init>(132)) - GrpcServer channel type EpollServerSocketChannel
2023-06-02 19:46:23,996 [9e7d7045-1d4c-4270-9434-63584a31babd-NettyServerStreamRpc-bossGroup--thread1] INFO  logging.LoggingHandler (AbstractInternalLogger.java:log(148)) - [id: 0x7d9a71d4] REGISTERED
2023-06-02 19:46:23,998 [9e7d7045-1d4c-4270-9434-63584a31babd-NettyServerStreamRpc-bossGroup--thread1] INFO  logging.LoggingHandler (AbstractInternalLogger.java:log(148)) - [id: 0x7d9a71d4] BIND: 0.0.0.0/0.0.0.0:15015
2023-06-02 19:46:23,999 [9e7d7045-1d4c-4270-9434-63584a31babd-NettyServerStreamRpc-bossGroup--thread1] INFO  logging.LoggingHandler (AbstractInternalLogger.java:log(148)) - [id: 0x7d9a71d4, L:/0:0:0:0:0:0:0:0:15015] ACTIVE
2023-06-02 19:46:24,035 [main] INFO  replication.ReplicationSupervisor (ReplicationSupervisor.java:nodeStateUpdated(305)) - Node state updated to IN_SERVICE, scaling executor pool size to 10
2023-06-02 19:46:24,087 [main] INFO  http.BaseHttpServer (BaseHttpServer.java:newHttpServer2BuilderForOzone(224)) - Starting Web-server for hddsDatanode at: http://0.0.0.0:15009
2023-06-02 19:46:24,088 [main] INFO  http.BaseHttpServer (BaseHttpServer.java:<init>(111)) - Hadoop Security Enabled: false Ozone Security Enabled: false Ozone HTTP Security Enabled: false 
2023-06-02 19:46:24,089 [main] WARN  server.AuthenticationFilter (AuthenticationFilter.java:constructSecretProvider(240)) - Unable to initialize FileSignerSecretProvider, falling back to use random secrets. Reason: Could not read signature secret file: /home/runner/hadoop-http-auth-signature-secret
2023-06-02 19:46:24,090 [main] INFO  http.HttpRequestLog (HttpRequestLog.java:getRequestLog(86)) - Http request log for http.requests.hddsDatanode is not defined
2023-06-02 19:46:24,092 [main] INFO  http.HttpServer2 (HttpServer2.java:addGlobalFilter(1031)) - Added global filter 'safety' (class=org.apache.hadoop.hdds.server.http.HttpServer2$QuotingInputFilter)
2023-06-02 19:46:24,093 [main] INFO  http.HttpServer2 (HttpServer2.java:addFilter(1007)) - Added filter static_user_filter (class=org.apache.hadoop.http.lib.StaticUserWebFilter$StaticUserFilter) to context hddsDatanode
2023-06-02 19:46:24,093 [main] INFO  http.HttpServer2 (HttpServer2.java:addFilter(1015)) - Added filter static_user_filter (class=org.apache.hadoop.http.lib.StaticUserWebFilter$StaticUserFilter) to context static
2023-06-02 19:46:24,093 [main] INFO  http.HttpServer2 (HttpServer2.java:addFilter(1015)) - Added filter static_user_filter (class=org.apache.hadoop.http.lib.StaticUserWebFilter$StaticUserFilter) to context logs
2023-06-02 19:46:24,094 [main] INFO  http.BaseHttpServer (BaseHttpServer.java:<init>(190)) - HTTP server of hddsDatanode uses base directory /home/runner/work/ozone/ozone/hadoop-ozone/integration-test/target/test-dir/MiniOzoneClusterImpl-e4789928-4fd4-479e-857e-ac334458de01/datanode-0/meta/webserver
2023-06-02 19:46:24,095 [main] INFO  http.HttpServer2 (HttpServer2.java:bindListener(1250)) - Jetty bound to port 15009
2023-06-02 19:46:24,095 [main] INFO  server.Server (Server.java:doStart(375)) - jetty-9.4.51.v20230217; built: 2023-02-17T08:19:37.309Z; git: b45c405e4544384de066f814ed42ae3dceacdd49; jvm 1.8.0_372-b07
2023-06-02 19:46:24,116 [main] INFO  server.session (DefaultSessionIdManager.java:doStart(334)) - DefaultSessionIdManager workerName=node0
2023-06-02 19:46:24,116 [main] INFO  server.session (DefaultSessionIdManager.java:doStart(339)) - No SessionScavenger set, using defaults
2023-06-02 19:46:24,116 [main] INFO  server.session (HouseKeeper.java:startScavenging(132)) - node0 Scavenging every 660000ms
2023-06-02 19:46:24,119 [main] INFO  handler.ContextHandler (ContextHandler.java:doStart(921)) - Started o.e.j.s.ServletContextHandler@4ddbfab2{logs,/logs,file:///home/runner/work/ozone/ozone/hadoop-ozone/integration-test/target/log,AVAILABLE}
2023-06-02 19:46:24,120 [main] INFO  handler.ContextHandler (ContextHandler.java:doStart(921)) - Started o.e.j.s.ServletContextHandler@7391fee4{static,/static,jar:file:/home/runner/.m2/repository/org/apache/ozone/hdds-container-service/1.4.0-SNAPSHOT/hdds-container-service-1.4.0-SNAPSHOT.jar!/webapps/static,AVAILABLE}
2023-06-02 19:46:24,386 [om1@group-C5BA1605619E-FollowerState] INFO  impl.FollowerState (FollowerState.java:run(143)) - om1@group-C5BA1605619E-FollowerState: change to CANDIDATE, lastRpcElapsedTime:1178799532ns, electionTimeout:1167ms
2023-06-02 19:46:24,387 [om1@group-C5BA1605619E-FollowerState] INFO  impl.RoleInfo (RoleInfo.java:shutdownFollowerState(110)) - om1: shutdown om1@group-C5BA1605619E-FollowerState
2023-06-02 19:46:24,389 [om1@group-C5BA1605619E-FollowerState] INFO  server.RaftServer$Division (RaftServerImpl.java:setRole(329)) - om1@group-C5BA1605619E: changes role from  FOLLOWER to CANDIDATE at term 0 for changeToCandidate
2023-06-02 19:46:24,391 [main] INFO  handler.ContextHandler (ContextHandler.java:doStart(921)) - Started o.e.j.w.WebAppContext@639c66cd{hddsDatanode,/,file:///home/runner/work/ozone/ozone/hadoop-ozone/integration-test/target/test-dir/MiniOzoneClusterImpl-e4789928-4fd4-479e-857e-ac334458de01/datanode-0/meta/webserver/jetty-0_0_0_0-15009-hdds-container-service-1_4_0-SNAPSHOT_jar-_-any-3534766223515109942/webapp/,AVAILABLE}{jar:file:/home/runner/.m2/repository/org/apache/ozone/hdds-container-service/1.4.0-SNAPSHOT/hdds-container-service-1.4.0-SNAPSHOT.jar!/webapps/hddsDatanode}
2023-06-02 19:46:24,393 [main] INFO  server.AbstractConnector (AbstractConnector.java:doStart(333)) - Started ServerConnector@4cf32e16{HTTP/1.1, (http/1.1)}{0.0.0.0:15009}
2023-06-02 19:46:24,394 [main] INFO  server.Server (Server.java:doStart(415)) - Started @10098ms
2023-06-02 19:46:24,394 [main] WARN  impl.MetricsSystemImpl (MetricsSystemImpl.java:register(279)) - Sink prometheus already exists!
2023-06-02 19:46:24,394 [main] INFO  http.BaseHttpServer (BaseHttpServer.java:updateConnectorAddress(344)) - HTTP server of hddsDatanode listening at http://0.0.0.0:15009
2023-06-02 19:46:24,397 [om1@group-C5BA1605619E-FollowerState] INFO  server.RaftServerConfigKeys (ConfUtils.java:logGet(46)) - raft.server.leaderelection.pre-vote = true (default)
2023-06-02 19:46:24,398 [om1@group-C5BA1605619E-FollowerState] INFO  impl.RoleInfo (RoleInfo.java:updateAndGet(139)) - om1: start om1@group-C5BA1605619E-LeaderElection1
2023-06-02 19:46:24,399 [main] INFO  ipc.CallQueueManager (CallQueueManager.java:<init>(90)) - Using callQueue: class java.util.concurrent.LinkedBlockingQueue, queueCapacity: 100, scheduler: class org.apache.hadoop.ipc.DefaultRpcScheduler, ipcBackoff: false.
2023-06-02 19:46:24,404 [om1@group-C5BA1605619E-LeaderElection1] INFO  impl.LeaderElection (LeaderElection.java:askForVotes(321)) - om1@group-C5BA1605619E-LeaderElection1 PRE_VOTE round 0: submit vote requests at term 0 for -1: peers:[om1|rpc:localhost:15007|priority:0|startupRole:FOLLOWER]|listeners:[], old=null
2023-06-02 19:46:24,405 [om1@group-C5BA1605619E-LeaderElection1] INFO  impl.LeaderElection (LeaderElection.java:askForVotes(323)) - om1@group-C5BA1605619E-LeaderElection1 PRE_VOTE round 0: result PASSED (term=0)
2023-06-02 19:46:24,406 [Socket Reader #1 for port 15010] INFO  ipc.Server (Server.java:run(1319)) - Starting Socket Reader #1 for port 15010
2023-06-02 19:46:24,408 [om1@group-C5BA1605619E-LeaderElection1] INFO  impl.LeaderElection (LeaderElection.java:askForVotes(321)) - om1@group-C5BA1605619E-LeaderElection1 ELECTION round 0: submit vote requests at term 1 for -1: peers:[om1|rpc:localhost:15007|priority:0|startupRole:FOLLOWER]|listeners:[], old=null
2023-06-02 19:46:24,408 [om1@group-C5BA1605619E-LeaderElection1] INFO  impl.LeaderElection (LeaderElection.java:askForVotes(323)) - om1@group-C5BA1605619E-LeaderElection1 ELECTION round 0: result PASSED (term=1)
2023-06-02 19:46:24,408 [om1@group-C5BA1605619E-LeaderElection1] INFO  impl.RoleInfo (RoleInfo.java:shutdownLeaderElection(130)) - om1: shutdown om1@group-C5BA1605619E-LeaderElection1
2023-06-02 19:46:24,409 [om1@group-C5BA1605619E-LeaderElection1] INFO  server.RaftServer$Division (RaftServerImpl.java:setRole(329)) - om1@group-C5BA1605619E: changes role from CANDIDATE to LEADER at term 1 for changeToLeader
2023-06-02 19:46:24,416 [om1@group-C5BA1605619E-LeaderElection1] INFO  server.RaftServer$Division (ServerState.java:setLeader(317)) - om1@group-C5BA1605619E: change Leader from null to om1 at term 1 for becomeLeader, leader elected after 2256ms
2023-06-02 19:46:24,420 [Listener at 0.0.0.0/15010] INFO  hdds.HddsUtils (HddsUtils.java:preserveThreadName(843)) - Restoring thread name: main
2023-06-02 19:46:24,420 [main] INFO  ozone.HddsDatanodeService (HddsDatanodeService.java:start(331)) - Datanode start with admins: [runner]
2023-06-02 19:46:24,420 [main] INFO  ozone.HddsDatanodeClientProtocolServer (HddsDatanodeClientProtocolServer.java:start(83)) - RPC server for Client /0.0.0.0:15010
2023-06-02 19:46:24,425 [om1@group-C5BA1605619E-LeaderElection1] INFO  server.RaftServerConfigKeys (ConfUtils.java:logGet(46)) - raft.server.staging.catchup.gap = 1000 (default)
2023-06-02 19:46:24,425 [IPC Server Responder] INFO  ipc.Server (Server.java:run(1558)) - IPC Server Responder: starting
2023-06-02 19:46:24,427 [IPC Server listener on 15010] INFO  ipc.Server (Server.java:run(1398)) - IPC Server listener on 15010: starting
2023-06-02 19:46:24,431 [main] WARN  impl.MetricRegistriesImpl (MetricRegistriesImpl.java:addReporterRegistration(111)) - New reporters are added after registries were created. Some metrics will be missing from the reporter. Please add reporter before adding any new registry.
2023-06-02 19:46:24,431 [main] WARN  impl.MetricRegistriesImpl (MetricRegistriesImpl.java:addReporterRegistration(111)) - New reporters are added after registries were created. Some metrics will be missing from the reporter. Please add reporter before adding any new registry.
2023-06-02 19:46:24,432 [main] INFO  impl.MetricsSystemImpl (MetricsSystemImpl.java:init(158)) - HddsDatanode metrics system started (again)
2023-06-02 19:46:24,442 [om1@group-C5BA1605619E-LeaderElection1] INFO  server.RaftServerConfigKeys (ConfUtils.java:logGet(46)) - raft.server.write.element-limit = 4096 (default)
2023-06-02 19:46:24,443 [om1@group-C5BA1605619E-LeaderElection1] INFO  server.RaftServerConfigKeys (ConfUtils.java:logGet(46)) - raft.server.write.byte-limit = 64MB (=67108864) (default)
2023-06-02 19:46:24,444 [Datanode State Machine Daemon Thread] INFO  statemachine.DatanodeStateMachine (DatanodeStateMachine.java:lambda$startDaemon$0(523)) - Ozone container server started.
2023-06-02 19:46:24,452 [om1@group-C5BA1605619E-LeaderElection1] INFO  server.RaftServerConfigKeys (ConfUtils.java:logGet(46)) - raft.server.watch.timeout = 10s (default)
2023-06-02 19:46:24,452 [om1@group-C5BA1605619E-LeaderElection1] INFO  server.RaftServerConfigKeys (ConfUtils.java:logGet(46)) - raft.server.watch.timeout.denomination = 1s (default)
2023-06-02 19:46:24,453 [om1@group-C5BA1605619E-LeaderElection1] INFO  server.RaftServerConfigKeys (ConfUtils.java:logGet(46)) - raft.server.watch.element-limit = 65536 (default)
2023-06-02 19:46:24,454 [main] INFO  ozone.HddsDatanodeService (HddsDatanodeService.java:start(261)) - HddsDatanodeService host:fv-az459-618.msq0az1vewme3jsxyslsv0htic.jx.internal.cloudapp.net ip:10.1.26.0
2023-06-02 19:46:24,472 [om1@group-C5BA1605619E-LeaderElection1] INFO  server.RaftServerConfigKeys (ConfUtils.java:logGet(46)) - raft.server.write.element-limit = 4096 (default)
2023-06-02 19:46:24,478 [om1@group-C5BA1605619E-LeaderElection1] INFO  server.RaftServerConfigKeys (ConfUtils.java:logGet(46)) - raft.server.write.follower.gap.ratio.max = -1.0 (default)
2023-06-02 19:46:24,484 [om1@group-C5BA1605619E-LeaderElection1] INFO  impl.RoleInfo (RoleInfo.java:updateAndGet(139)) - om1: start om1@group-C5BA1605619E-LeaderStateImpl
2023-06-02 19:46:24,489 [main] INFO  upgrade.AbstractLayoutVersionManager (AbstractLayoutVersionManager.java:init(83)) - Initializing Layout version manager with metadata layout = HADOOP_PRC_PORTS_IN_DATANODEDETAILS (version = 7), software layout = HADOOP_PRC_PORTS_IN_DATANODEDETAILS (version = 7)
2023-06-02 19:46:24,490 [main] INFO  statemachine.DatanodeStateMachine (DatanodeStateMachine.java:getEndPointTaskThreadPoolSize(271)) - Datanode State Machine Task Thread Pool size 2
2023-06-02 19:46:24,506 [main] INFO  volume.HddsVolume (HddsVolume.java:<init>(130)) - Creating HddsVolume: /home/runner/work/ozone/ozone/hadoop-ozone/integration-test/target/test-dir/MiniOzoneClusterImpl-e4789928-4fd4-479e-857e-ac334458de01/datanode-1/data-0/containers/hdds of storage type : DISK capacity : 9223372036854775807
2023-06-02 19:46:24,507 [main] INFO  volume.MutableVolumeSet (MutableVolumeSet.java:initializeVolumeSet(175)) - Added Volume : /home/runner/work/ozone/ozone/hadoop-ozone/integration-test/target/test-dir/MiniOzoneClusterImpl-e4789928-4fd4-479e-857e-ac334458de01/datanode-1/data-0/containers/hdds to VolumeSet
2023-06-02 19:46:24,507 [main] INFO  volume.ThrottledAsyncChecker (ThrottledAsyncChecker.java:schedule(141)) - Scheduling a check for /home/runner/work/ozone/ozone/hadoop-ozone/integration-test/target/test-dir/MiniOzoneClusterImpl-e4789928-4fd4-479e-857e-ac334458de01/datanode-1/data-0/containers/hdds
2023-06-02 19:46:24,516 [main] INFO  volume.StorageVolumeChecker (StorageVolumeChecker.java:checkAllVolumes(202)) - Scheduled health check for volume /home/runner/work/ozone/ozone/hadoop-ozone/integration-test/target/test-dir/MiniOzoneClusterImpl-e4789928-4fd4-479e-857e-ac334458de01/datanode-1/data-0/containers/hdds
2023-06-02 19:46:24,538 [main] INFO  volume.MutableVolumeSet (MutableVolumeSet.java:initializeVolumeSet(175)) - Added Volume : /home/runner/work/ozone/ozone/hadoop-ozone/integration-test/target/test-dir/MiniOzoneClusterImpl-e4789928-4fd4-479e-857e-ac334458de01/datanode-1/data/ratis to VolumeSet
2023-06-02 19:46:24,538 [main] INFO  volume.ThrottledAsyncChecker (ThrottledAsyncChecker.java:schedule(141)) - Scheduling a check for /home/runner/work/ozone/ozone/hadoop-ozone/integration-test/target/test-dir/MiniOzoneClusterImpl-e4789928-4fd4-479e-857e-ac334458de01/datanode-1/data/ratis
2023-06-02 19:46:24,543 [main] INFO  volume.StorageVolumeChecker (StorageVolumeChecker.java:checkAllVolumes(202)) - Scheduled health check for volume /home/runner/work/ozone/ozone/hadoop-ozone/integration-test/target/test-dir/MiniOzoneClusterImpl-e4789928-4fd4-479e-857e-ac334458de01/datanode-1/data/ratis
2023-06-02 19:46:24,561 [om1@group-C5BA1605619E-LeaderElection1] INFO  segmented.SegmentedRaftLogWorker (SegmentedRaftLogWorker.java:startLogSegment(447)) - om1@group-C5BA1605619E-SegmentedRaftLogWorker: Starting segment from index:0
2023-06-02 19:46:24,601 [Thread-159] INFO  ozoneimpl.ContainerReader (ContainerReader.java:readVolume(175)) - Finish verifying containers on volume /home/runner/work/ozone/ozone/hadoop-ozone/integration-test/target/test-dir/MiniOzoneClusterImpl-e4789928-4fd4-479e-857e-ac334458de01/datanode-1/data-0/containers/hdds
2023-06-02 19:46:24,603 [main] INFO  ozoneimpl.OzoneContainer (OzoneContainer.java:buildContainerSet(303)) - Build ContainerSet costs 0s
2023-06-02 19:46:24,609 [main] INFO  server.RaftServer (ConfUtils.java:logGet(46)) - raft.rpc.type = GRPC (default)
2023-06-02 19:46:24,609 [main] INFO  grpc.GrpcConfigKeys (ConfUtils.java:logFallback(53)) - raft.grpc.admin.host = null (fallback to raft.grpc.server.host)
2023-06-02 19:46:24,609 [main] INFO  grpc.GrpcConfigKeys (ConfUtils.java:logGet(46)) - raft.grpc.admin.port = 15022 (custom)
2023-06-02 19:46:24,614 [main] INFO  grpc.GrpcConfigKeys (ConfUtils.java:logFallback(53)) - raft.grpc.client.host = null (fallback to raft.grpc.server.host)
2023-06-02 19:46:24,614 [main] INFO  grpc.GrpcConfigKeys (ConfUtils.java:logGet(46)) - raft.grpc.client.port = 15021 (custom)
2023-06-02 19:46:24,614 [main] INFO  grpc.GrpcConfigKeys (ConfUtils.java:logGet(46)) - raft.grpc.server.host = null (default)
2023-06-02 19:46:24,614 [main] INFO  grpc.GrpcConfigKeys (ConfUtils.java:logGet(46)) - raft.grpc.server.port = 15023 (custom)
2023-06-02 19:46:24,614 [main] INFO  server.GrpcService (ConfUtils.java:logGet(46)) - raft.grpc.message.size.max = 32MB (=33554432) (custom)
2023-06-02 19:46:24,615 [main] INFO  server.RaftServerConfigKeys (ConfUtils.java:logGet(46)) - raft.server.log.appender.buffer.byte-limit = 33554432 (custom)
2023-06-02 19:46:24,615 [main] INFO  server.GrpcService (ConfUtils.java:logGet(46)) - raft.grpc.flow.control.window = 5MB (=5242880) (custom)
2023-06-02 19:46:24,615 [main] INFO  server.RaftServerConfigKeys (ConfUtils.java:logGet(46)) - raft.server.rpc.request.timeout = 60s (custom)
2023-06-02 19:46:24,615 [main] INFO  grpc.GrpcConfigKeys (ConfUtils.java:logGet(46)) - raft.grpc.server.heartbeat.channel = true (default)
2023-06-02 19:46:24,615 [main] INFO  grpc.GrpcConfigKeys (ConfUtils.java:logGet(46)) - raft.grpc.server.async.request.thread.pool.cached = true (default)
2023-06-02 19:46:24,615 [main] INFO  grpc.GrpcConfigKeys (ConfUtils.java:logGet(46)) - raft.grpc.server.async.request.thread.pool.size = 32 (default)
2023-06-02 19:46:24,636 [main] INFO  impl.DataStreamServerImpl (ConfUtils.java:logGet(46)) - raft.datastream.type = NETTY (custom)
2023-06-02 19:46:24,637 [main] INFO  server.RaftServerConfigKeys (ConfUtils.java:logGet(46)) - raft.server.data-stream.async.request.thread.pool.cached = false (default)
2023-06-02 19:46:24,637 [main] INFO  server.RaftServerConfigKeys (ConfUtils.java:logGet(46)) - raft.server.data-stream.async.request.thread.pool.size = 20 (custom)
2023-06-02 19:46:24,637 [main] INFO  server.RaftServerConfigKeys (ConfUtils.java:logGet(46)) - raft.server.data-stream.async.write.thread.pool.size = 16 (default)
2023-06-02 19:46:24,637 [main] INFO  server.RaftServerConfigKeys (ConfUtils.java:logGet(46)) - raft.server.data-stream.client.pool.size = 10 (default)
2023-06-02 19:46:24,638 [main] INFO  netty.NettyConfigKeys$DataStream (ConfUtils.java:logGet(46)) - raft.netty.dataStream.server.use-epoll = false (default)
2023-06-02 19:46:24,638 [main] INFO  netty.NettyConfigKeys$DataStream (ConfUtils.java:logGet(46)) - raft.netty.dataStream.server.boss-group.size = 0 (default)
2023-06-02 19:46:24,638 [main] INFO  netty.NettyConfigKeys$DataStream (ConfUtils.java:logGet(46)) - raft.netty.dataStream.server.worker-group.size = 0 (default)
2023-06-02 19:46:24,639 [main] INFO  netty.NettyConfigKeys$DataStream (ConfUtils.java:logGet(46)) - raft.netty.dataStream.server.tls.conf = null (default)
2023-06-02 19:46:24,639 [main] INFO  netty.NettyConfigKeys$DataStream (ConfUtils.java:logGet(46)) - raft.netty.dataStream.host = null (default)
2023-06-02 19:46:24,639 [main] INFO  netty.NettyConfigKeys$DataStream (ConfUtils.java:logGet(46)) - raft.netty.dataStream.port = 15024 (custom)
2023-06-02 19:46:24,640 [main] INFO  server.RaftServerConfigKeys (ConfUtils.java:logGet(46)) - raft.server.threadpool.proxy.cached = true (default)
2023-06-02 19:46:24,641 [main] INFO  server.RaftServerConfigKeys (ConfUtils.java:logGet(46)) - raft.server.threadpool.proxy.size = 0 (default)
2023-06-02 19:46:24,641 [main] INFO  server.RaftServerConfigKeys (ConfUtils.java:logGet(46)) - raft.server.rpc.slowness.timeout = 300s (custom)
2023-06-02 19:46:24,641 [main] INFO  server.RaftServerConfigKeys (ConfUtils.java:logGet(46)) - raft.server.leaderelection.leader.step-down.wait-time = 10s (default)
2023-06-02 19:46:24,642 [main] INFO  server.RaftServerConfigKeys (ConfUtils.java:logGet(46)) - raft.server.storage.dir = [/home/runner/work/ozone/ozone/hadoop-ozone/integration-test/target/test-dir/MiniOzoneClusterImpl-e4789928-4fd4-479e-857e-ac334458de01/datanode-1/data/ratis] (custom)
2023-06-02 19:46:24,644 [main] INFO  server.XceiverServerGrpc (XceiverServerGrpc.java:<init>(132)) - GrpcServer channel type EpollServerSocketChannel
2023-06-02 19:46:24,646 [main] INFO  replication.ReplicationSupervisor (ReplicationSupervisor.java:nodeStateUpdated(305)) - Node state updated to IN_SERVICE, scaling executor pool size to 10
2023-06-02 19:46:24,656 [main] INFO  http.BaseHttpServer (BaseHttpServer.java:newHttpServer2BuilderForOzone(224)) - Starting Web-server for hddsDatanode at: http://0.0.0.0:15018
2023-06-02 19:46:24,656 [main] INFO  http.BaseHttpServer (BaseHttpServer.java:<init>(111)) - Hadoop Security Enabled: false Ozone Security Enabled: false Ozone HTTP Security Enabled: false 
2023-06-02 19:46:24,657 [main] WARN  server.AuthenticationFilter (AuthenticationFilter.java:constructSecretProvider(240)) - Unable to initialize FileSignerSecretProvider, falling back to use random secrets. Reason: Could not read signature secret file: /home/runner/hadoop-http-auth-signature-secret
2023-06-02 19:46:24,664 [om1@group-C5BA1605619E-LeaderElection1] INFO  server.RaftServer$Division (ServerState.java:setRaftConf(434)) - om1@group-C5BA1605619E: set configuration 0: peers:[om1|rpc:localhost:15007|admin:|client:|dataStream:|priority:0|startupRole:FOLLOWER]|listeners:[], old=null
2023-06-02 19:46:24,683 [main] INFO  http.HttpRequestLog (HttpRequestLog.java:getRequestLog(86)) - Http request log for http.requests.hddsDatanode is not defined
2023-06-02 19:46:24,684 [main] INFO  http.HttpServer2 (HttpServer2.java:addGlobalFilter(1031)) - Added global filter 'safety' (class=org.apache.hadoop.hdds.server.http.HttpServer2$QuotingInputFilter)
2023-06-02 19:46:24,685 [main] INFO  http.HttpServer2 (HttpServer2.java:addFilter(1007)) - Added filter static_user_filter (class=org.apache.hadoop.http.lib.StaticUserWebFilter$StaticUserFilter) to context hddsDatanode
2023-06-02 19:46:24,686 [main] INFO  http.HttpServer2 (HttpServer2.java:addFilter(1015)) - Added filter static_user_filter (class=org.apache.hadoop.http.lib.StaticUserWebFilter$StaticUserFilter) to context logs
2023-06-02 19:46:24,686 [main] INFO  http.HttpServer2 (HttpServer2.java:addFilter(1015)) - Added filter static_user_filter (class=org.apache.hadoop.http.lib.StaticUserWebFilter$StaticUserFilter) to context static
2023-06-02 19:46:24,687 [main] INFO  http.BaseHttpServer (BaseHttpServer.java:<init>(190)) - HTTP server of hddsDatanode uses base directory /home/runner/work/ozone/ozone/hadoop-ozone/integration-test/target/test-dir/MiniOzoneClusterImpl-e4789928-4fd4-479e-857e-ac334458de01/datanode-1/meta/webserver
2023-06-02 19:46:24,670 [f5a51868-327c-422c-ad14-d572ec0233ee-NettyServerStreamRpc-bossGroup--thread1] INFO  logging.LoggingHandler (AbstractInternalLogger.java:log(148)) - [id: 0x0afb74dc] REGISTERED
2023-06-02 19:46:24,695 [f5a51868-327c-422c-ad14-d572ec0233ee-NettyServerStreamRpc-bossGroup--thread1] INFO  logging.LoggingHandler (AbstractInternalLogger.java:log(148)) - [id: 0x0afb74dc] BIND: 0.0.0.0/0.0.0.0:15024
2023-06-02 19:46:24,695 [f5a51868-327c-422c-ad14-d572ec0233ee-NettyServerStreamRpc-bossGroup--thread1] INFO  logging.LoggingHandler (AbstractInternalLogger.java:log(148)) - [id: 0x0afb74dc, L:/0:0:0:0:0:0:0:0:15024] ACTIVE
2023-06-02 19:46:24,695 [main] INFO  http.HttpServer2 (HttpServer2.java:bindListener(1250)) - Jetty bound to port 15018
2023-06-02 19:46:24,703 [main] INFO  server.Server (Server.java:doStart(375)) - jetty-9.4.51.v20230217; built: 2023-02-17T08:19:37.309Z; git: b45c405e4544384de066f814ed42ae3dceacdd49; jvm 1.8.0_372-b07
2023-06-02 19:46:24,728 [Datanode State Machine Task Thread - 0] INFO  datanode.InitDatanodeState (InitDatanodeState.java:persistContainerDatanodeDetails(138)) - DatanodeDetails is persisted to /home/runner/work/ozone/ozone/hadoop-ozone/integration-test/target/test-dir/MiniOzoneClusterImpl-e4789928-4fd4-479e-857e-ac334458de01/datanode-0/meta/datanode.id
2023-06-02 19:46:24,745 [main] INFO  server.session (DefaultSessionIdManager.java:doStart(334)) - DefaultSessionIdManager workerName=node0
2023-06-02 19:46:24,748 [main] INFO  server.session (DefaultSessionIdManager.java:doStart(339)) - No SessionScavenger set, using defaults
2023-06-02 19:46:24,749 [main] INFO  server.session (HouseKeeper.java:startScavenging(132)) - node0 Scavenging every 600000ms
2023-06-02 19:46:24,750 [main] INFO  handler.ContextHandler (ContextHandler.java:doStart(921)) - Started o.e.j.s.ServletContextHandler@2b14775c{logs,/logs,file:///home/runner/work/ozone/ozone/hadoop-ozone/integration-test/target/log,AVAILABLE}
2023-06-02 19:46:24,750 [main] INFO  handler.ContextHandler (ContextHandler.java:doStart(921)) - Started o.e.j.s.ServletContextHandler@2908b236{static,/static,jar:file:/home/runner/.m2/repository/org/apache/ozone/hdds-container-service/1.4.0-SNAPSHOT/hdds-container-service-1.4.0-SNAPSHOT.jar!/webapps/static,AVAILABLE}
2023-06-02 19:46:24,764 [om1@group-C5BA1605619E-SegmentedRaftLogWorker] INFO  segmented.SegmentedRaftLogWorker (SegmentedRaftLogWorker.java:execute(651)) - om1@group-C5BA1605619E-SegmentedRaftLogWorker: created new log segment /home/runner/work/ozone/ozone/hadoop-ozone/integration-test/target/test-dir/MiniOzoneClusterImpl-e4789928-4fd4-479e-857e-ac334458de01/ozone-meta/ratis/bf265839-605b-3f16-9796-c5ba1605619e/current/log_inprogress_0
2023-06-02 19:46:25,002 [om1@group-C5BA1605619E-StateMachineUpdater] INFO  ratis.OzoneManagerStateMachine (OzoneManagerStateMachine.java:notifyConfigurationChanged(201)) - Received Configuration change notification from Ratis. New Peer list:
[id: "om1"
address: "localhost:15007"
startupRole: FOLLOWER
]
2023-06-02 19:46:25,038 [main] INFO  handler.ContextHandler (ContextHandler.java:doStart(921)) - Started o.e.j.w.WebAppContext@37a01f53{hddsDatanode,/,file:///home/runner/work/ozone/ozone/hadoop-ozone/integration-test/target/test-dir/MiniOzoneClusterImpl-e4789928-4fd4-479e-857e-ac334458de01/datanode-1/meta/webserver/jetty-0_0_0_0-15018-hdds-container-service-1_4_0-SNAPSHOT_jar-_-any-3568599315275413616/webapp/,AVAILABLE}{jar:file:/home/runner/.m2/repository/org/apache/ozone/hdds-container-service/1.4.0-SNAPSHOT/hdds-container-service-1.4.0-SNAPSHOT.jar!/webapps/hddsDatanode}
2023-06-02 19:46:25,040 [main] INFO  server.AbstractConnector (AbstractConnector.java:doStart(333)) - Started ServerConnector@6b8abde9{HTTP/1.1, (http/1.1)}{0.0.0.0:15018}
2023-06-02 19:46:25,040 [main] INFO  server.Server (Server.java:doStart(415)) - Started @10745ms
2023-06-02 19:46:25,040 [main] WARN  impl.MetricsSystemImpl (MetricsSystemImpl.java:register(279)) - Sink prometheus already exists!
2023-06-02 19:46:25,041 [main] INFO  http.BaseHttpServer (BaseHttpServer.java:updateConnectorAddress(344)) - HTTP server of hddsDatanode listening at http://0.0.0.0:15018
2023-06-02 19:46:25,042 [main] INFO  ipc.CallQueueManager (CallQueueManager.java:<init>(90)) - Using callQueue: class java.util.concurrent.LinkedBlockingQueue, queueCapacity: 100, scheduler: class org.apache.hadoop.ipc.DefaultRpcScheduler, ipcBackoff: false.
2023-06-02 19:46:25,042 [Socket Reader #1 for port 15019] INFO  ipc.Server (Server.java:run(1319)) - Starting Socket Reader #1 for port 15019
2023-06-02 19:46:25,049 [Listener at 0.0.0.0/15019] INFO  hdds.HddsUtils (HddsUtils.java:preserveThreadName(843)) - Restoring thread name: main
2023-06-02 19:46:25,052 [main] INFO  ozone.HddsDatanodeService (HddsDatanodeService.java:start(331)) - Datanode start with admins: [runner]
2023-06-02 19:46:25,052 [main] INFO  ozone.HddsDatanodeClientProtocolServer (HddsDatanodeClientProtocolServer.java:start(83)) - RPC server for Client /0.0.0.0:15019
2023-06-02 19:46:25,052 [IPC Server Responder] INFO  ipc.Server (Server.java:run(1558)) - IPC Server Responder: starting
2023-06-02 19:46:25,052 [IPC Server listener on 15019] INFO  ipc.Server (Server.java:run(1398)) - IPC Server listener on 15019: starting
2023-06-02 19:46:25,053 [main] WARN  impl.MetricRegistriesImpl (MetricRegistriesImpl.java:addReporterRegistration(111)) - New reporters are added after registries were created. Some metrics will be missing from the reporter. Please add reporter before adding any new registry.
2023-06-02 19:46:25,053 [main] WARN  impl.MetricRegistriesImpl (MetricRegistriesImpl.java:addReporterRegistration(111)) - New reporters are added after registries were created. Some metrics will be missing from the reporter. Please add reporter before adding any new registry.
2023-06-02 19:46:25,053 [main] INFO  impl.MetricsSystemImpl (MetricsSystemImpl.java:init(158)) - HddsDatanode metrics system started (again)
2023-06-02 19:46:25,066 [Datanode State Machine Daemon Thread] INFO  statemachine.DatanodeStateMachine (DatanodeStateMachine.java:lambda$startDaemon$0(523)) - Ozone container server started.
2023-06-02 19:46:25,079 [main] INFO  ozone.HddsDatanodeService (HddsDatanodeService.java:start(261)) - HddsDatanodeService host:fv-az459-618.msq0az1vewme3jsxyslsv0htic.jx.internal.cloudapp.net ip:10.1.26.0
2023-06-02 19:46:25,112 [Datanode State Machine Task Thread - 0] INFO  datanode.InitDatanodeState (InitDatanodeState.java:persistContainerDatanodeDetails(138)) - DatanodeDetails is persisted to /home/runner/work/ozone/ozone/hadoop-ozone/integration-test/target/test-dir/MiniOzoneClusterImpl-e4789928-4fd4-479e-857e-ac334458de01/datanode-1/meta/datanode.id
2023-06-02 19:46:25,117 [main] INFO  upgrade.AbstractLayoutVersionManager (AbstractLayoutVersionManager.java:init(83)) - Initializing Layout version manager with metadata layout = HADOOP_PRC_PORTS_IN_DATANODEDETAILS (version = 7), software layout = HADOOP_PRC_PORTS_IN_DATANODEDETAILS (version = 7)
2023-06-02 19:46:25,118 [main] INFO  statemachine.DatanodeStateMachine (DatanodeStateMachine.java:getEndPointTaskThreadPoolSize(271)) - Datanode State Machine Task Thread Pool size 2
2023-06-02 19:46:25,120 [main] INFO  volume.HddsVolume (HddsVolume.java:<init>(130)) - Creating HddsVolume: /home/runner/work/ozone/ozone/hadoop-ozone/integration-test/target/test-dir/MiniOzoneClusterImpl-e4789928-4fd4-479e-857e-ac334458de01/datanode-2/data-0/containers/hdds of storage type : DISK capacity : 9223372036854775807
2023-06-02 19:46:25,121 [main] INFO  volume.MutableVolumeSet (MutableVolumeSet.java:initializeVolumeSet(175)) - Added Volume : /home/runner/work/ozone/ozone/hadoop-ozone/integration-test/target/test-dir/MiniOzoneClusterImpl-e4789928-4fd4-479e-857e-ac334458de01/datanode-2/data-0/containers/hdds to VolumeSet
2023-06-02 19:46:25,121 [main] INFO  volume.ThrottledAsyncChecker (ThrottledAsyncChecker.java:schedule(141)) - Scheduling a check for /home/runner/work/ozone/ozone/hadoop-ozone/integration-test/target/test-dir/MiniOzoneClusterImpl-e4789928-4fd4-479e-857e-ac334458de01/datanode-2/data-0/containers/hdds
2023-06-02 19:46:25,122 [main] INFO  volume.StorageVolumeChecker (StorageVolumeChecker.java:checkAllVolumes(202)) - Scheduled health check for volume /home/runner/work/ozone/ozone/hadoop-ozone/integration-test/target/test-dir/MiniOzoneClusterImpl-e4789928-4fd4-479e-857e-ac334458de01/datanode-2/data-0/containers/hdds
2023-06-02 19:46:25,136 [main] INFO  volume.MutableVolumeSet (MutableVolumeSet.java:initializeVolumeSet(175)) - Added Volume : /home/runner/work/ozone/ozone/hadoop-ozone/integration-test/target/test-dir/MiniOzoneClusterImpl-e4789928-4fd4-479e-857e-ac334458de01/datanode-2/data/ratis to VolumeSet
2023-06-02 19:46:25,137 [main] INFO  volume.ThrottledAsyncChecker (ThrottledAsyncChecker.java:schedule(141)) - Scheduling a check for /home/runner/work/ozone/ozone/hadoop-ozone/integration-test/target/test-dir/MiniOzoneClusterImpl-e4789928-4fd4-479e-857e-ac334458de01/datanode-2/data/ratis
2023-06-02 19:46:25,137 [main] INFO  volume.StorageVolumeChecker (StorageVolumeChecker.java:checkAllVolumes(202)) - Scheduled health check for volume /home/runner/work/ozone/ozone/hadoop-ozone/integration-test/target/test-dir/MiniOzoneClusterImpl-e4789928-4fd4-479e-857e-ac334458de01/datanode-2/data/ratis
2023-06-02 19:46:25,150 [Thread-176] INFO  ozoneimpl.ContainerReader (ContainerReader.java:readVolume(175)) - Finish verifying containers on volume /home/runner/work/ozone/ozone/hadoop-ozone/integration-test/target/test-dir/MiniOzoneClusterImpl-e4789928-4fd4-479e-857e-ac334458de01/datanode-2/data-0/containers/hdds
2023-06-02 19:46:25,150 [main] INFO  ozoneimpl.OzoneContainer (OzoneContainer.java:buildContainerSet(303)) - Build ContainerSet costs 0s
2023-06-02 19:46:25,153 [main] INFO  server.RaftServer (ConfUtils.java:logGet(46)) - raft.rpc.type = GRPC (default)
2023-06-02 19:46:25,153 [main] INFO  grpc.GrpcConfigKeys (ConfUtils.java:logFallback(53)) - raft.grpc.admin.host = null (fallback to raft.grpc.server.host)
2023-06-02 19:46:25,153 [main] INFO  grpc.GrpcConfigKeys (ConfUtils.java:logGet(46)) - raft.grpc.admin.port = 15031 (custom)
2023-06-02 19:46:25,153 [main] INFO  grpc.GrpcConfigKeys (ConfUtils.java:logFallback(53)) - raft.grpc.client.host = null (fallback to raft.grpc.server.host)
2023-06-02 19:46:25,154 [main] INFO  grpc.GrpcConfigKeys (ConfUtils.java:logGet(46)) - raft.grpc.client.port = 15030 (custom)
2023-06-02 19:46:25,154 [main] INFO  grpc.GrpcConfigKeys (ConfUtils.java:logGet(46)) - raft.grpc.server.host = null (default)
2023-06-02 19:46:25,154 [main] INFO  grpc.GrpcConfigKeys (ConfUtils.java:logGet(46)) - raft.grpc.server.port = 15032 (custom)
2023-06-02 19:46:25,154 [main] INFO  server.GrpcService (ConfUtils.java:logGet(46)) - raft.grpc.message.size.max = 32MB (=33554432) (custom)
2023-06-02 19:46:25,154 [main] INFO  server.RaftServerConfigKeys (ConfUtils.java:logGet(46)) - raft.server.log.appender.buffer.byte-limit = 33554432 (custom)
2023-06-02 19:46:25,154 [main] INFO  server.GrpcService (ConfUtils.java:logGet(46)) - raft.grpc.flow.control.window = 5MB (=5242880) (custom)
2023-06-02 19:46:25,154 [main] INFO  server.RaftServerConfigKeys (ConfUtils.java:logGet(46)) - raft.server.rpc.request.timeout = 60s (custom)
2023-06-02 19:46:25,155 [main] INFO  grpc.GrpcConfigKeys (ConfUtils.java:logGet(46)) - raft.grpc.server.heartbeat.channel = true (default)
2023-06-02 19:46:25,155 [main] INFO  grpc.GrpcConfigKeys (ConfUtils.java:logGet(46)) - raft.grpc.server.async.request.thread.pool.cached = true (default)
2023-06-02 19:46:25,155 [main] INFO  grpc.GrpcConfigKeys (ConfUtils.java:logGet(46)) - raft.grpc.server.async.request.thread.pool.size = 32 (default)
2023-06-02 19:46:25,158 [main] INFO  impl.DataStreamServerImpl (ConfUtils.java:logGet(46)) - raft.datastream.type = NETTY (custom)
2023-06-02 19:46:25,159 [main] INFO  server.RaftServerConfigKeys (ConfUtils.java:logGet(46)) - raft.server.data-stream.async.request.thread.pool.cached = false (default)
2023-06-02 19:46:25,159 [main] INFO  server.RaftServerConfigKeys (ConfUtils.java:logGet(46)) - raft.server.data-stream.async.request.thread.pool.size = 20 (custom)
2023-06-02 19:46:25,160 [main] INFO  server.RaftServerConfigKeys (ConfUtils.java:logGet(46)) - raft.server.data-stream.async.write.thread.pool.size = 16 (default)
2023-06-02 19:46:25,160 [main] INFO  server.RaftServerConfigKeys (ConfUtils.java:logGet(46)) - raft.server.data-stream.client.pool.size = 10 (default)
2023-06-02 19:46:25,160 [main] INFO  netty.NettyConfigKeys$DataStream (ConfUtils.java:logGet(46)) - raft.netty.dataStream.server.use-epoll = false (default)
2023-06-02 19:46:25,160 [main] INFO  netty.NettyConfigKeys$DataStream (ConfUtils.java:logGet(46)) - raft.netty.dataStream.server.boss-group.size = 0 (default)
2023-06-02 19:46:25,161 [main] INFO  netty.NettyConfigKeys$DataStream (ConfUtils.java:logGet(46)) - raft.netty.dataStream.server.worker-group.size = 0 (default)
2023-06-02 19:46:25,161 [main] INFO  netty.NettyConfigKeys$DataStream (ConfUtils.java:logGet(46)) - raft.netty.dataStream.server.tls.conf = null (default)
2023-06-02 19:46:25,161 [main] INFO  netty.NettyConfigKeys$DataStream (ConfUtils.java:logGet(46)) - raft.netty.dataStream.host = null (default)
2023-06-02 19:46:25,161 [main] INFO  netty.NettyConfigKeys$DataStream (ConfUtils.java:logGet(46)) - raft.netty.dataStream.port = 15033 (custom)
2023-06-02 19:46:25,163 [main] INFO  server.RaftServerConfigKeys (ConfUtils.java:logGet(46)) - raft.server.threadpool.proxy.cached = true (default)
2023-06-02 19:46:25,163 [main] INFO  server.RaftServerConfigKeys (ConfUtils.java:logGet(46)) - raft.server.threadpool.proxy.size = 0 (default)
2023-06-02 19:46:25,163 [main] INFO  server.RaftServerConfigKeys (ConfUtils.java:logGet(46)) - raft.server.rpc.slowness.timeout = 300s (custom)
2023-06-02 19:46:25,163 [main] INFO  server.RaftServerConfigKeys (ConfUtils.java:logGet(46)) - raft.server.leaderelection.leader.step-down.wait-time = 10s (default)
2023-06-02 19:46:25,163 [main] INFO  server.RaftServerConfigKeys (ConfUtils.java:logGet(46)) - raft.server.storage.dir = [/home/runner/work/ozone/ozone/hadoop-ozone/integration-test/target/test-dir/MiniOzoneClusterImpl-e4789928-4fd4-479e-857e-ac334458de01/datanode-2/data/ratis] (custom)
2023-06-02 19:46:25,168 [60ac4d22-094a-4270-8266-44944d79861e-NettyServerStreamRpc-bossGroup--thread1] INFO  logging.LoggingHandler (AbstractInternalLogger.java:log(148)) - [id: 0x9f1a6fba] REGISTERED
2023-06-02 19:46:25,170 [main] INFO  server.XceiverServerGrpc (XceiverServerGrpc.java:<init>(132)) - GrpcServer channel type EpollServerSocketChannel
2023-06-02 19:46:25,173 [main] INFO  replication.ReplicationSupervisor (ReplicationSupervisor.java:nodeStateUpdated(305)) - Node state updated to IN_SERVICE, scaling executor pool size to 10
2023-06-02 19:46:25,174 [60ac4d22-094a-4270-8266-44944d79861e-NettyServerStreamRpc-bossGroup--thread1] INFO  logging.LoggingHandler (AbstractInternalLogger.java:log(148)) - [id: 0x9f1a6fba] BIND: 0.0.0.0/0.0.0.0:15033
2023-06-02 19:46:25,174 [60ac4d22-094a-4270-8266-44944d79861e-NettyServerStreamRpc-bossGroup--thread1] INFO  logging.LoggingHandler (AbstractInternalLogger.java:log(148)) - [id: 0x9f1a6fba, L:/0:0:0:0:0:0:0:0:15033] ACTIVE
2023-06-02 19:46:25,176 [main] INFO  http.BaseHttpServer (BaseHttpServer.java:newHttpServer2BuilderForOzone(224)) - Starting Web-server for hddsDatanode at: http://0.0.0.0:15027
2023-06-02 19:46:25,176 [main] INFO  http.BaseHttpServer (BaseHttpServer.java:<init>(111)) - Hadoop Security Enabled: false Ozone Security Enabled: false Ozone HTTP Security Enabled: false 
2023-06-02 19:46:25,178 [main] WARN  server.AuthenticationFilter (AuthenticationFilter.java:constructSecretProvider(240)) - Unable to initialize FileSignerSecretProvider, falling back to use random secrets. Reason: Could not read signature secret file: /home/runner/hadoop-http-auth-signature-secret
2023-06-02 19:46:25,180 [main] INFO  http.HttpRequestLog (HttpRequestLog.java:getRequestLog(86)) - Http request log for http.requests.hddsDatanode is not defined
2023-06-02 19:46:25,182 [main] INFO  http.HttpServer2 (HttpServer2.java:addGlobalFilter(1031)) - Added global filter 'safety' (class=org.apache.hadoop.hdds.server.http.HttpServer2$QuotingInputFilter)
2023-06-02 19:46:25,182 [main] INFO  http.HttpServer2 (HttpServer2.java:addFilter(1007)) - Added filter static_user_filter (class=org.apache.hadoop.http.lib.StaticUserWebFilter$StaticUserFilter) to context hddsDatanode
2023-06-02 19:46:25,182 [main] INFO  http.HttpServer2 (HttpServer2.java:addFilter(1015)) - Added filter static_user_filter (class=org.apache.hadoop.http.lib.StaticUserWebFilter$StaticUserFilter) to context logs
2023-06-02 19:46:25,183 [main] INFO  http.HttpServer2 (HttpServer2.java:addFilter(1015)) - Added filter static_user_filter (class=org.apache.hadoop.http.lib.StaticUserWebFilter$StaticUserFilter) to context static
2023-06-02 19:46:25,184 [main] INFO  http.BaseHttpServer (BaseHttpServer.java:<init>(190)) - HTTP server of hddsDatanode uses base directory /home/runner/work/ozone/ozone/hadoop-ozone/integration-test/target/test-dir/MiniOzoneClusterImpl-e4789928-4fd4-479e-857e-ac334458de01/datanode-2/meta/webserver
2023-06-02 19:46:25,184 [main] INFO  http.HttpServer2 (HttpServer2.java:bindListener(1250)) - Jetty bound to port 15027
2023-06-02 19:46:25,185 [main] INFO  server.Server (Server.java:doStart(375)) - jetty-9.4.51.v20230217; built: 2023-02-17T08:19:37.309Z; git: b45c405e4544384de066f814ed42ae3dceacdd49; jvm 1.8.0_372-b07
2023-06-02 19:46:25,186 [main] INFO  server.session (DefaultSessionIdManager.java:doStart(334)) - DefaultSessionIdManager workerName=node0
2023-06-02 19:46:25,187 [main] INFO  server.session (DefaultSessionIdManager.java:doStart(339)) - No SessionScavenger set, using defaults
2023-06-02 19:46:25,187 [main] INFO  server.session (HouseKeeper.java:startScavenging(132)) - node0 Scavenging every 600000ms
2023-06-02 19:46:25,188 [main] INFO  handler.ContextHandler (ContextHandler.java:doStart(921)) - Started o.e.j.s.ServletContextHandler@691fffb9{logs,/logs,file:///home/runner/work/ozone/ozone/hadoop-ozone/integration-test/target/log,AVAILABLE}
2023-06-02 19:46:25,188 [main] INFO  handler.ContextHandler (ContextHandler.java:doStart(921)) - Started o.e.j.s.ServletContextHandler@56bf0270{static,/static,jar:file:/home/runner/.m2/repository/org/apache/ozone/hdds-container-service/1.4.0-SNAPSHOT/hdds-container-service-1.4.0-SNAPSHOT.jar!/webapps/static,AVAILABLE}
2023-06-02 19:46:25,421 [main] INFO  handler.ContextHandler (ContextHandler.java:doStart(921)) - Started o.e.j.w.WebAppContext@2156371c{hddsDatanode,/,file:///home/runner/work/ozone/ozone/hadoop-ozone/integration-test/target/test-dir/MiniOzoneClusterImpl-e4789928-4fd4-479e-857e-ac334458de01/datanode-2/meta/webserver/jetty-0_0_0_0-15027-hdds-container-service-1_4_0-SNAPSHOT_jar-_-any-3858396145416130416/webapp/,AVAILABLE}{jar:file:/home/runner/.m2/repository/org/apache/ozone/hdds-container-service/1.4.0-SNAPSHOT/hdds-container-service-1.4.0-SNAPSHOT.jar!/webapps/hddsDatanode}
2023-06-02 19:46:25,424 [main] INFO  server.AbstractConnector (AbstractConnector.java:doStart(333)) - Started ServerConnector@12a1a7b2{HTTP/1.1, (http/1.1)}{0.0.0.0:15027}
2023-06-02 19:46:25,424 [main] INFO  server.Server (Server.java:doStart(415)) - Started @11129ms
2023-06-02 19:46:25,424 [main] WARN  impl.MetricsSystemImpl (MetricsSystemImpl.java:register(279)) - Sink prometheus already exists!
2023-06-02 19:46:25,425 [main] INFO  http.BaseHttpServer (BaseHttpServer.java:updateConnectorAddress(344)) - HTTP server of hddsDatanode listening at http://0.0.0.0:15027
2023-06-02 19:46:25,426 [main] INFO  ipc.CallQueueManager (CallQueueManager.java:<init>(90)) - Using callQueue: class java.util.concurrent.LinkedBlockingQueue, queueCapacity: 100, scheduler: class org.apache.hadoop.ipc.DefaultRpcScheduler, ipcBackoff: false.
2023-06-02 19:46:25,427 [Socket Reader #1 for port 15028] INFO  ipc.Server (Server.java:run(1319)) - Starting Socket Reader #1 for port 15028
2023-06-02 19:46:25,431 [Listener at 0.0.0.0/15028] INFO  hdds.HddsUtils (HddsUtils.java:preserveThreadName(843)) - Restoring thread name: main
2023-06-02 19:46:25,436 [main] INFO  ozone.HddsDatanodeService (HddsDatanodeService.java:start(331)) - Datanode start with admins: [runner]
2023-06-02 19:46:25,436 [main] INFO  ozone.HddsDatanodeClientProtocolServer (HddsDatanodeClientProtocolServer.java:start(83)) - RPC server for Client /0.0.0.0:15028
2023-06-02 19:46:25,437 [IPC Server Responder] INFO  ipc.Server (Server.java:run(1558)) - IPC Server Responder: starting
2023-06-02 19:46:25,437 [IPC Server listener on 15028] INFO  ipc.Server (Server.java:run(1398)) - IPC Server listener on 15028: starting
2023-06-02 19:46:25,438 [main] WARN  impl.MetricRegistriesImpl (MetricRegistriesImpl.java:addReporterRegistration(111)) - New reporters are added after registries were created. Some metrics will be missing from the reporter. Please add reporter before adding any new registry.
2023-06-02 19:46:25,438 [main] WARN  impl.MetricRegistriesImpl (MetricRegistriesImpl.java:addReporterRegistration(111)) - New reporters are added after registries were created. Some metrics will be missing from the reporter. Please add reporter before adding any new registry.
2023-06-02 19:46:25,438 [main] INFO  impl.MetricsSystemImpl (MetricsSystemImpl.java:init(158)) - HddsDatanode metrics system started (again)
2023-06-02 19:46:25,451 [Datanode State Machine Daemon Thread] INFO  statemachine.DatanodeStateMachine (DatanodeStateMachine.java:lambda$startDaemon$0(523)) - Ozone container server started.
2023-06-02 19:46:25,462 [main] INFO  ozone.HddsDatanodeService (HddsDatanodeService.java:start(261)) - HddsDatanodeService host:fv-az459-618.msq0az1vewme3jsxyslsv0htic.jx.internal.cloudapp.net ip:10.1.26.0
2023-06-02 19:46:25,469 [Datanode State Machine Task Thread - 0] INFO  datanode.InitDatanodeState (InitDatanodeState.java:persistContainerDatanodeDetails(138)) - DatanodeDetails is persisted to /home/runner/work/ozone/ozone/hadoop-ozone/integration-test/target/test-dir/MiniOzoneClusterImpl-e4789928-4fd4-479e-857e-ac334458de01/datanode-2/meta/datanode.id
2023-06-02 19:46:25,487 [main] INFO  upgrade.AbstractLayoutVersionManager (AbstractLayoutVersionManager.java:init(83)) - Initializing Layout version manager with metadata layout = HADOOP_PRC_PORTS_IN_DATANODEDETAILS (version = 7), software layout = HADOOP_PRC_PORTS_IN_DATANODEDETAILS (version = 7)
2023-06-02 19:46:25,488 [main] INFO  statemachine.DatanodeStateMachine (DatanodeStateMachine.java:getEndPointTaskThreadPoolSize(271)) - Datanode State Machine Task Thread Pool size 2
2023-06-02 19:46:25,490 [main] INFO  volume.HddsVolume (HddsVolume.java:<init>(130)) - Creating HddsVolume: /home/runner/work/ozone/ozone/hadoop-ozone/integration-test/target/test-dir/MiniOzoneClusterImpl-e4789928-4fd4-479e-857e-ac334458de01/datanode-3/data-0/containers/hdds of storage type : DISK capacity : 9223372036854775807
2023-06-02 19:46:25,491 [main] INFO  volume.MutableVolumeSet (MutableVolumeSet.java:initializeVolumeSet(175)) - Added Volume : /home/runner/work/ozone/ozone/hadoop-ozone/integration-test/target/test-dir/MiniOzoneClusterImpl-e4789928-4fd4-479e-857e-ac334458de01/datanode-3/data-0/containers/hdds to VolumeSet
2023-06-02 19:46:25,491 [main] INFO  volume.ThrottledAsyncChecker (ThrottledAsyncChecker.java:schedule(141)) - Scheduling a check for /home/runner/work/ozone/ozone/hadoop-ozone/integration-test/target/test-dir/MiniOzoneClusterImpl-e4789928-4fd4-479e-857e-ac334458de01/datanode-3/data-0/containers/hdds
2023-06-02 19:46:25,492 [main] INFO  volume.StorageVolumeChecker (StorageVolumeChecker.java:checkAllVolumes(202)) - Scheduled health check for volume /home/runner/work/ozone/ozone/hadoop-ozone/integration-test/target/test-dir/MiniOzoneClusterImpl-e4789928-4fd4-479e-857e-ac334458de01/datanode-3/data-0/containers/hdds
2023-06-02 19:46:25,505 [main] INFO  volume.MutableVolumeSet (MutableVolumeSet.java:initializeVolumeSet(175)) - Added Volume : /home/runner/work/ozone/ozone/hadoop-ozone/integration-test/target/test-dir/MiniOzoneClusterImpl-e4789928-4fd4-479e-857e-ac334458de01/datanode-3/data/ratis to VolumeSet
2023-06-02 19:46:25,505 [main] INFO  volume.ThrottledAsyncChecker (ThrottledAsyncChecker.java:schedule(141)) - Scheduling a check for /home/runner/work/ozone/ozone/hadoop-ozone/integration-test/target/test-dir/MiniOzoneClusterImpl-e4789928-4fd4-479e-857e-ac334458de01/datanode-3/data/ratis
2023-06-02 19:46:25,506 [main] INFO  volume.StorageVolumeChecker (StorageVolumeChecker.java:checkAllVolumes(202)) - Scheduled health check for volume /home/runner/work/ozone/ozone/hadoop-ozone/integration-test/target/test-dir/MiniOzoneClusterImpl-e4789928-4fd4-479e-857e-ac334458de01/datanode-3/data/ratis
2023-06-02 19:46:25,519 [Thread-193] INFO  ozoneimpl.ContainerReader (ContainerReader.java:readVolume(175)) - Finish verifying containers on volume /home/runner/work/ozone/ozone/hadoop-ozone/integration-test/target/test-dir/MiniOzoneClusterImpl-e4789928-4fd4-479e-857e-ac334458de01/datanode-3/data-0/containers/hdds
2023-06-02 19:46:25,519 [main] INFO  ozoneimpl.OzoneContainer (OzoneContainer.java:buildContainerSet(303)) - Build ContainerSet costs 0s
2023-06-02 19:46:25,523 [main] INFO  server.RaftServer (ConfUtils.java:logGet(46)) - raft.rpc.type = GRPC (default)
2023-06-02 19:46:25,523 [main] INFO  grpc.GrpcConfigKeys (ConfUtils.java:logFallback(53)) - raft.grpc.admin.host = null (fallback to raft.grpc.server.host)
2023-06-02 19:46:25,523 [main] INFO  grpc.GrpcConfigKeys (ConfUtils.java:logGet(46)) - raft.grpc.admin.port = 15040 (custom)
2023-06-02 19:46:25,523 [main] INFO  grpc.GrpcConfigKeys (ConfUtils.java:logFallback(53)) - raft.grpc.client.host = null (fallback to raft.grpc.server.host)
2023-06-02 19:46:25,524 [main] INFO  grpc.GrpcConfigKeys (ConfUtils.java:logGet(46)) - raft.grpc.client.port = 15039 (custom)
2023-06-02 19:46:25,524 [main] INFO  grpc.GrpcConfigKeys (ConfUtils.java:logGet(46)) - raft.grpc.server.host = null (default)
2023-06-02 19:46:25,524 [main] INFO  grpc.GrpcConfigKeys (ConfUtils.java:logGet(46)) - raft.grpc.server.port = 15041 (custom)
2023-06-02 19:46:25,524 [main] INFO  server.GrpcService (ConfUtils.java:logGet(46)) - raft.grpc.message.size.max = 32MB (=33554432) (custom)
2023-06-02 19:46:25,524 [main] INFO  server.RaftServerConfigKeys (ConfUtils.java:logGet(46)) - raft.server.log.appender.buffer.byte-limit = 33554432 (custom)
2023-06-02 19:46:25,524 [main] INFO  server.GrpcService (ConfUtils.java:logGet(46)) - raft.grpc.flow.control.window = 5MB (=5242880) (custom)
2023-06-02 19:46:25,524 [main] INFO  server.RaftServerConfigKeys (ConfUtils.java:logGet(46)) - raft.server.rpc.request.timeout = 60s (custom)
2023-06-02 19:46:25,525 [main] INFO  grpc.GrpcConfigKeys (ConfUtils.java:logGet(46)) - raft.grpc.server.heartbeat.channel = true (default)
2023-06-02 19:46:25,525 [main] INFO  grpc.GrpcConfigKeys (ConfUtils.java:logGet(46)) - raft.grpc.server.async.request.thread.pool.cached = true (default)
2023-06-02 19:46:25,525 [main] INFO  grpc.GrpcConfigKeys (ConfUtils.java:logGet(46)) - raft.grpc.server.async.request.thread.pool.size = 32 (default)
2023-06-02 19:46:25,528 [main] INFO  impl.DataStreamServerImpl (ConfUtils.java:logGet(46)) - raft.datastream.type = NETTY (custom)
2023-06-02 19:46:25,528 [main] INFO  server.RaftServerConfigKeys (ConfUtils.java:logGet(46)) - raft.server.data-stream.async.request.thread.pool.cached = false (default)
2023-06-02 19:46:25,528 [main] INFO  server.RaftServerConfigKeys (ConfUtils.java:logGet(46)) - raft.server.data-stream.async.request.thread.pool.size = 20 (custom)
2023-06-02 19:46:25,528 [main] INFO  server.RaftServerConfigKeys (ConfUtils.java:logGet(46)) - raft.server.data-stream.async.write.thread.pool.size = 16 (default)
2023-06-02 19:46:25,529 [main] INFO  server.RaftServerConfigKeys (ConfUtils.java:logGet(46)) - raft.server.data-stream.client.pool.size = 10 (default)
2023-06-02 19:46:25,529 [main] INFO  netty.NettyConfigKeys$DataStream (ConfUtils.java:logGet(46)) - raft.netty.dataStream.server.use-epoll = false (default)
2023-06-02 19:46:25,529 [main] INFO  netty.NettyConfigKeys$DataStream (ConfUtils.java:logGet(46)) - raft.netty.dataStream.server.boss-group.size = 0 (default)
2023-06-02 19:46:25,529 [main] INFO  netty.NettyConfigKeys$DataStream (ConfUtils.java:logGet(46)) - raft.netty.dataStream.server.worker-group.size = 0 (default)
2023-06-02 19:46:25,530 [main] INFO  netty.NettyConfigKeys$DataStream (ConfUtils.java:logGet(46)) - raft.netty.dataStream.server.tls.conf = null (default)
2023-06-02 19:46:25,530 [main] INFO  netty.NettyConfigKeys$DataStream (ConfUtils.java:logGet(46)) - raft.netty.dataStream.host = null (default)
2023-06-02 19:46:25,530 [main] INFO  netty.NettyConfigKeys$DataStream (ConfUtils.java:logGet(46)) - raft.netty.dataStream.port = 15042 (custom)
2023-06-02 19:46:25,531 [main] INFO  server.RaftServerConfigKeys (ConfUtils.java:logGet(46)) - raft.server.threadpool.proxy.cached = true (default)
2023-06-02 19:46:25,531 [main] INFO  server.RaftServerConfigKeys (ConfUtils.java:logGet(46)) - raft.server.threadpool.proxy.size = 0 (default)
2023-06-02 19:46:25,531 [main] INFO  server.RaftServerConfigKeys (ConfUtils.java:logGet(46)) - raft.server.rpc.slowness.timeout = 300s (custom)
2023-06-02 19:46:25,531 [main] INFO  server.RaftServerConfigKeys (ConfUtils.java:logGet(46)) - raft.server.leaderelection.leader.step-down.wait-time = 10s (default)
2023-06-02 19:46:25,532 [main] INFO  server.RaftServerConfigKeys (ConfUtils.java:logGet(46)) - raft.server.storage.dir = [/home/runner/work/ozone/ozone/hadoop-ozone/integration-test/target/test-dir/MiniOzoneClusterImpl-e4789928-4fd4-479e-857e-ac334458de01/datanode-3/data/ratis] (custom)
2023-06-02 19:46:25,536 [42efe73c-3d9d-41e2-b05d-c69b43a81cba-NettyServerStreamRpc-bossGroup--thread1] INFO  logging.LoggingHandler (AbstractInternalLogger.java:log(148)) - [id: 0x0c47ea98] REGISTERED
2023-06-02 19:46:25,537 [42efe73c-3d9d-41e2-b05d-c69b43a81cba-NettyServerStreamRpc-bossGroup--thread1] INFO  logging.LoggingHandler (AbstractInternalLogger.java:log(148)) - [id: 0x0c47ea98] BIND: 0.0.0.0/0.0.0.0:15042
2023-06-02 19:46:25,537 [42efe73c-3d9d-41e2-b05d-c69b43a81cba-NettyServerStreamRpc-bossGroup--thread1] INFO  logging.LoggingHandler (AbstractInternalLogger.java:log(148)) - [id: 0x0c47ea98, L:/0:0:0:0:0:0:0:0:15042] ACTIVE
2023-06-02 19:46:25,541 [main] INFO  server.XceiverServerGrpc (XceiverServerGrpc.java:<init>(132)) - GrpcServer channel type EpollServerSocketChannel
2023-06-02 19:46:25,543 [main] INFO  replication.ReplicationSupervisor (ReplicationSupervisor.java:nodeStateUpdated(305)) - Node state updated to IN_SERVICE, scaling executor pool size to 10
2023-06-02 19:46:25,546 [main] INFO  http.BaseHttpServer (BaseHttpServer.java:newHttpServer2BuilderForOzone(224)) - Starting Web-server for hddsDatanode at: http://0.0.0.0:15036
2023-06-02 19:46:25,546 [main] INFO  http.BaseHttpServer (BaseHttpServer.java:<init>(111)) - Hadoop Security Enabled: false Ozone Security Enabled: false Ozone HTTP Security Enabled: false 
2023-06-02 19:46:25,547 [main] WARN  server.AuthenticationFilter (AuthenticationFilter.java:constructSecretProvider(240)) - Unable to initialize FileSignerSecretProvider, falling back to use random secrets. Reason: Could not read signature secret file: /home/runner/hadoop-http-auth-signature-secret
2023-06-02 19:46:25,549 [main] INFO  http.HttpRequestLog (HttpRequestLog.java:getRequestLog(86)) - Http request log for http.requests.hddsDatanode is not defined
2023-06-02 19:46:25,551 [main] INFO  http.HttpServer2 (HttpServer2.java:addGlobalFilter(1031)) - Added global filter 'safety' (class=org.apache.hadoop.hdds.server.http.HttpServer2$QuotingInputFilter)
2023-06-02 19:46:25,552 [main] INFO  http.HttpServer2 (HttpServer2.java:addFilter(1007)) - Added filter static_user_filter (class=org.apache.hadoop.http.lib.StaticUserWebFilter$StaticUserFilter) to context hddsDatanode
2023-06-02 19:46:25,552 [main] INFO  http.HttpServer2 (HttpServer2.java:addFilter(1015)) - Added filter static_user_filter (class=org.apache.hadoop.http.lib.StaticUserWebFilter$StaticUserFilter) to context logs
2023-06-02 19:46:25,552 [main] INFO  http.HttpServer2 (HttpServer2.java:addFilter(1015)) - Added filter static_user_filter (class=org.apache.hadoop.http.lib.StaticUserWebFilter$StaticUserFilter) to context static
2023-06-02 19:46:25,553 [main] INFO  http.BaseHttpServer (BaseHttpServer.java:<init>(190)) - HTTP server of hddsDatanode uses base directory /home/runner/work/ozone/ozone/hadoop-ozone/integration-test/target/test-dir/MiniOzoneClusterImpl-e4789928-4fd4-479e-857e-ac334458de01/datanode-3/meta/webserver
2023-06-02 19:46:25,553 [main] INFO  http.HttpServer2 (HttpServer2.java:bindListener(1250)) - Jetty bound to port 15036
2023-06-02 19:46:25,553 [main] INFO  server.Server (Server.java:doStart(375)) - jetty-9.4.51.v20230217; built: 2023-02-17T08:19:37.309Z; git: b45c405e4544384de066f814ed42ae3dceacdd49; jvm 1.8.0_372-b07
2023-06-02 19:46:25,572 [main] INFO  server.session (DefaultSessionIdManager.java:doStart(334)) - DefaultSessionIdManager workerName=node0
2023-06-02 19:46:25,572 [main] INFO  server.session (DefaultSessionIdManager.java:doStart(339)) - No SessionScavenger set, using defaults
2023-06-02 19:46:25,573 [main] INFO  server.session (HouseKeeper.java:startScavenging(132)) - node0 Scavenging every 660000ms
2023-06-02 19:46:25,576 [main] INFO  handler.ContextHandler (ContextHandler.java:doStart(921)) - Started o.e.j.s.ServletContextHandler@1a1a977f{logs,/logs,file:///home/runner/work/ozone/ozone/hadoop-ozone/integration-test/target/log,AVAILABLE}
2023-06-02 19:46:25,577 [main] INFO  handler.ContextHandler (ContextHandler.java:doStart(921)) - Started o.e.j.s.ServletContextHandler@86cc19{static,/static,jar:file:/home/runner/.m2/repository/org/apache/ozone/hdds-container-service/1.4.0-SNAPSHOT/hdds-container-service-1.4.0-SNAPSHOT.jar!/webapps/static,AVAILABLE}
2023-06-02 19:46:25,808 [main] INFO  handler.ContextHandler (ContextHandler.java:doStart(921)) - Started o.e.j.w.WebAppContext@49d5a547{hddsDatanode,/,file:///home/runner/work/ozone/ozone/hadoop-ozone/integration-test/target/test-dir/MiniOzoneClusterImpl-e4789928-4fd4-479e-857e-ac334458de01/datanode-3/meta/webserver/jetty-0_0_0_0-15036-hdds-container-service-1_4_0-SNAPSHOT_jar-_-any-1708764380922553281/webapp/,AVAILABLE}{jar:file:/home/runner/.m2/repository/org/apache/ozone/hdds-container-service/1.4.0-SNAPSHOT/hdds-container-service-1.4.0-SNAPSHOT.jar!/webapps/hddsDatanode}
2023-06-02 19:46:25,810 [main] INFO  server.AbstractConnector (AbstractConnector.java:doStart(333)) - Started ServerConnector@9cb9484{HTTP/1.1, (http/1.1)}{0.0.0.0:15036}
2023-06-02 19:46:25,810 [main] INFO  server.Server (Server.java:doStart(415)) - Started @11515ms
2023-06-02 19:46:25,810 [main] WARN  impl.MetricsSystemImpl (MetricsSystemImpl.java:register(279)) - Sink prometheus already exists!
2023-06-02 19:46:25,811 [main] INFO  http.BaseHttpServer (BaseHttpServer.java:updateConnectorAddress(344)) - HTTP server of hddsDatanode listening at http://0.0.0.0:15036
2023-06-02 19:46:25,811 [main] INFO  ipc.CallQueueManager (CallQueueManager.java:<init>(90)) - Using callQueue: class java.util.concurrent.LinkedBlockingQueue, queueCapacity: 100, scheduler: class org.apache.hadoop.ipc.DefaultRpcScheduler, ipcBackoff: false.
2023-06-02 19:46:25,813 [Socket Reader #1 for port 15037] INFO  ipc.Server (Server.java:run(1319)) - Starting Socket Reader #1 for port 15037
2023-06-02 19:46:25,819 [Listener at 0.0.0.0/15037] INFO  hdds.HddsUtils (HddsUtils.java:preserveThreadName(843)) - Restoring thread name: main
2023-06-02 19:46:25,820 [main] INFO  ozone.HddsDatanodeService (HddsDatanodeService.java:start(331)) - Datanode start with admins: [runner]
2023-06-02 19:46:25,820 [main] INFO  ozone.HddsDatanodeClientProtocolServer (HddsDatanodeClientProtocolServer.java:start(83)) - RPC server for Client /0.0.0.0:15037
2023-06-02 19:46:25,821 [IPC Server Responder] INFO  ipc.Server (Server.java:run(1558)) - IPC Server Responder: starting
2023-06-02 19:46:25,827 [IPC Server listener on 15037] INFO  ipc.Server (Server.java:run(1398)) - IPC Server listener on 15037: starting
2023-06-02 19:46:25,827 [Datanode State Machine Daemon Thread] INFO  statemachine.DatanodeStateMachine (DatanodeStateMachine.java:lambda$startDaemon$0(523)) - Ozone container server started.
2023-06-02 19:46:25,828 [main] WARN  impl.MetricRegistriesImpl (MetricRegistriesImpl.java:addReporterRegistration(111)) - New reporters are added after registries were created. Some metrics will be missing from the reporter. Please add reporter before adding any new registry.
2023-06-02 19:46:25,828 [main] WARN  impl.MetricRegistriesImpl (MetricRegistriesImpl.java:addReporterRegistration(111)) - New reporters are added after registries were created. Some metrics will be missing from the reporter. Please add reporter before adding any new registry.
2023-06-02 19:46:25,828 [main] INFO  impl.MetricsSystemImpl (MetricsSystemImpl.java:init(158)) - HddsDatanode metrics system started (again)
2023-06-02 19:46:25,847 [main] INFO  ozone.HddsDatanodeService (HddsDatanodeService.java:start(261)) - HddsDatanodeService host:fv-az459-618.msq0az1vewme3jsxyslsv0htic.jx.internal.cloudapp.net ip:10.1.26.0
2023-06-02 19:46:25,868 [Datanode State Machine Task Thread - 0] INFO  datanode.InitDatanodeState (InitDatanodeState.java:persistContainerDatanodeDetails(138)) - DatanodeDetails is persisted to /home/runner/work/ozone/ozone/hadoop-ozone/integration-test/target/test-dir/MiniOzoneClusterImpl-e4789928-4fd4-479e-857e-ac334458de01/datanode-3/meta/datanode.id
2023-06-02 19:46:25,878 [main] INFO  upgrade.AbstractLayoutVersionManager (AbstractLayoutVersionManager.java:init(83)) - Initializing Layout version manager with metadata layout = HADOOP_PRC_PORTS_IN_DATANODEDETAILS (version = 7), software layout = HADOOP_PRC_PORTS_IN_DATANODEDETAILS (version = 7)
2023-06-02 19:46:25,880 [main] INFO  statemachine.DatanodeStateMachine (DatanodeStateMachine.java:getEndPointTaskThreadPoolSize(271)) - Datanode State Machine Task Thread Pool size 2
2023-06-02 19:46:25,883 [main] INFO  volume.HddsVolume (HddsVolume.java:<init>(130)) - Creating HddsVolume: /home/runner/work/ozone/ozone/hadoop-ozone/integration-test/target/test-dir/MiniOzoneClusterImpl-e4789928-4fd4-479e-857e-ac334458de01/datanode-4/data-0/containers/hdds of storage type : DISK capacity : 9223372036854775807
2023-06-02 19:46:25,883 [main] INFO  volume.MutableVolumeSet (MutableVolumeSet.java:initializeVolumeSet(175)) - Added Volume : /home/runner/work/ozone/ozone/hadoop-ozone/integration-test/target/test-dir/MiniOzoneClusterImpl-e4789928-4fd4-479e-857e-ac334458de01/datanode-4/data-0/containers/hdds to VolumeSet
2023-06-02 19:46:25,884 [main] INFO  volume.ThrottledAsyncChecker (ThrottledAsyncChecker.java:schedule(141)) - Scheduling a check for /home/runner/work/ozone/ozone/hadoop-ozone/integration-test/target/test-dir/MiniOzoneClusterImpl-e4789928-4fd4-479e-857e-ac334458de01/datanode-4/data-0/containers/hdds
2023-06-02 19:46:25,887 [main] INFO  volume.StorageVolumeChecker (StorageVolumeChecker.java:checkAllVolumes(202)) - Scheduled health check for volume /home/runner/work/ozone/ozone/hadoop-ozone/integration-test/target/test-dir/MiniOzoneClusterImpl-e4789928-4fd4-479e-857e-ac334458de01/datanode-4/data-0/containers/hdds
2023-06-02 19:46:25,899 [main] INFO  volume.MutableVolumeSet (MutableVolumeSet.java:initializeVolumeSet(175)) - Added Volume : /home/runner/work/ozone/ozone/hadoop-ozone/integration-test/target/test-dir/MiniOzoneClusterImpl-e4789928-4fd4-479e-857e-ac334458de01/datanode-4/data/ratis to VolumeSet
2023-06-02 19:46:25,900 [main] INFO  volume.ThrottledAsyncChecker (ThrottledAsyncChecker.java:schedule(141)) - Scheduling a check for /home/runner/work/ozone/ozone/hadoop-ozone/integration-test/target/test-dir/MiniOzoneClusterImpl-e4789928-4fd4-479e-857e-ac334458de01/datanode-4/data/ratis
2023-06-02 19:46:25,900 [main] INFO  volume.StorageVolumeChecker (StorageVolumeChecker.java:checkAllVolumes(202)) - Scheduled health check for volume /home/runner/work/ozone/ozone/hadoop-ozone/integration-test/target/test-dir/MiniOzoneClusterImpl-e4789928-4fd4-479e-857e-ac334458de01/datanode-4/data/ratis
2023-06-02 19:46:25,915 [Thread-210] INFO  ozoneimpl.ContainerReader (ContainerReader.java:readVolume(175)) - Finish verifying containers on volume /home/runner/work/ozone/ozone/hadoop-ozone/integration-test/target/test-dir/MiniOzoneClusterImpl-e4789928-4fd4-479e-857e-ac334458de01/datanode-4/data-0/containers/hdds
2023-06-02 19:46:25,915 [main] INFO  ozoneimpl.OzoneContainer (OzoneContainer.java:buildContainerSet(303)) - Build ContainerSet costs 0s
2023-06-02 19:46:25,921 [main] INFO  server.RaftServer (ConfUtils.java:logGet(46)) - raft.rpc.type = GRPC (default)
2023-06-02 19:46:25,921 [main] INFO  grpc.GrpcConfigKeys (ConfUtils.java:logFallback(53)) - raft.grpc.admin.host = null (fallback to raft.grpc.server.host)
2023-06-02 19:46:25,921 [main] INFO  grpc.GrpcConfigKeys (ConfUtils.java:logGet(46)) - raft.grpc.admin.port = 15049 (custom)
2023-06-02 19:46:25,921 [main] INFO  grpc.GrpcConfigKeys (ConfUtils.java:logFallback(53)) - raft.grpc.client.host = null (fallback to raft.grpc.server.host)
2023-06-02 19:46:25,921 [main] INFO  grpc.GrpcConfigKeys (ConfUtils.java:logGet(46)) - raft.grpc.client.port = 15048 (custom)
2023-06-02 19:46:25,922 [main] INFO  grpc.GrpcConfigKeys (ConfUtils.java:logGet(46)) - raft.grpc.server.host = null (default)
2023-06-02 19:46:25,922 [main] INFO  grpc.GrpcConfigKeys (ConfUtils.java:logGet(46)) - raft.grpc.server.port = 15050 (custom)
2023-06-02 19:46:25,925 [main] INFO  server.GrpcService (ConfUtils.java:logGet(46)) - raft.grpc.message.size.max = 32MB (=33554432) (custom)
2023-06-02 19:46:25,925 [main] INFO  server.RaftServerConfigKeys (ConfUtils.java:logGet(46)) - raft.server.log.appender.buffer.byte-limit = 33554432 (custom)
2023-06-02 19:46:25,925 [main] INFO  server.GrpcService (ConfUtils.java:logGet(46)) - raft.grpc.flow.control.window = 5MB (=5242880) (custom)
2023-06-02 19:46:25,925 [main] INFO  server.RaftServerConfigKeys (ConfUtils.java:logGet(46)) - raft.server.rpc.request.timeout = 60s (custom)
2023-06-02 19:46:25,926 [main] INFO  grpc.GrpcConfigKeys (ConfUtils.java:logGet(46)) - raft.grpc.server.heartbeat.channel = true (default)
2023-06-02 19:46:25,926 [main] INFO  grpc.GrpcConfigKeys (ConfUtils.java:logGet(46)) - raft.grpc.server.async.request.thread.pool.cached = true (default)
2023-06-02 19:46:25,926 [main] INFO  grpc.GrpcConfigKeys (ConfUtils.java:logGet(46)) - raft.grpc.server.async.request.thread.pool.size = 32 (default)
2023-06-02 19:46:25,928 [main] INFO  impl.DataStreamServerImpl (ConfUtils.java:logGet(46)) - raft.datastream.type = NETTY (custom)
2023-06-02 19:46:25,929 [main] INFO  server.RaftServerConfigKeys (ConfUtils.java:logGet(46)) - raft.server.data-stream.async.request.thread.pool.cached = false (default)
2023-06-02 19:46:25,929 [main] INFO  server.RaftServerConfigKeys (ConfUtils.java:logGet(46)) - raft.server.data-stream.async.request.thread.pool.size = 20 (custom)
2023-06-02 19:46:25,929 [main] INFO  server.RaftServerConfigKeys (ConfUtils.java:logGet(46)) - raft.server.data-stream.async.write.thread.pool.size = 16 (default)
2023-06-02 19:46:25,929 [main] INFO  server.RaftServerConfigKeys (ConfUtils.java:logGet(46)) - raft.server.data-stream.client.pool.size = 10 (default)
2023-06-02 19:46:25,929 [main] INFO  netty.NettyConfigKeys$DataStream (ConfUtils.java:logGet(46)) - raft.netty.dataStream.server.use-epoll = false (default)
2023-06-02 19:46:25,929 [main] INFO  netty.NettyConfigKeys$DataStream (ConfUtils.java:logGet(46)) - raft.netty.dataStream.server.boss-group.size = 0 (default)
2023-06-02 19:46:25,930 [main] INFO  netty.NettyConfigKeys$DataStream (ConfUtils.java:logGet(46)) - raft.netty.dataStream.server.worker-group.size = 0 (default)
2023-06-02 19:46:25,931 [main] INFO  netty.NettyConfigKeys$DataStream (ConfUtils.java:logGet(46)) - raft.netty.dataStream.server.tls.conf = null (default)
2023-06-02 19:46:25,931 [main] INFO  netty.NettyConfigKeys$DataStream (ConfUtils.java:logGet(46)) - raft.netty.dataStream.host = null (default)
2023-06-02 19:46:25,931 [main] INFO  netty.NettyConfigKeys$DataStream (ConfUtils.java:logGet(46)) - raft.netty.dataStream.port = 15051 (custom)
2023-06-02 19:46:25,932 [main] INFO  server.RaftServerConfigKeys (ConfUtils.java:logGet(46)) - raft.server.threadpool.proxy.cached = true (default)
2023-06-02 19:46:25,932 [main] INFO  server.RaftServerConfigKeys (ConfUtils.java:logGet(46)) - raft.server.threadpool.proxy.size = 0 (default)
2023-06-02 19:46:25,933 [main] INFO  server.RaftServerConfigKeys (ConfUtils.java:logGet(46)) - raft.server.rpc.slowness.timeout = 300s (custom)
2023-06-02 19:46:25,933 [main] INFO  server.RaftServerConfigKeys (ConfUtils.java:logGet(46)) - raft.server.leaderelection.leader.step-down.wait-time = 10s (default)
2023-06-02 19:46:25,933 [main] INFO  server.RaftServerConfigKeys (ConfUtils.java:logGet(46)) - raft.server.storage.dir = [/home/runner/work/ozone/ozone/hadoop-ozone/integration-test/target/test-dir/MiniOzoneClusterImpl-e4789928-4fd4-479e-857e-ac334458de01/datanode-4/data/ratis] (custom)
2023-06-02 19:46:25,941 [main] INFO  server.XceiverServerGrpc (XceiverServerGrpc.java:<init>(132)) - GrpcServer channel type EpollServerSocketChannel
2023-06-02 19:46:25,943 [main] INFO  replication.ReplicationSupervisor (ReplicationSupervisor.java:nodeStateUpdated(305)) - Node state updated to IN_SERVICE, scaling executor pool size to 10
2023-06-02 19:46:25,959 [main] INFO  http.BaseHttpServer (BaseHttpServer.java:newHttpServer2BuilderForOzone(224)) - Starting Web-server for hddsDatanode at: http://0.0.0.0:15045
2023-06-02 19:46:25,960 [main] INFO  http.BaseHttpServer (BaseHttpServer.java:<init>(111)) - Hadoop Security Enabled: false Ozone Security Enabled: false Ozone HTTP Security Enabled: false 
2023-06-02 19:46:25,961 [main] WARN  server.AuthenticationFilter (AuthenticationFilter.java:constructSecretProvider(240)) - Unable to initialize FileSignerSecretProvider, falling back to use random secrets. Reason: Could not read signature secret file: /home/runner/hadoop-http-auth-signature-secret
2023-06-02 19:46:25,962 [3e53829d-da6c-4746-b554-01bfe538e40e-NettyServerStreamRpc-bossGroup--thread1] INFO  logging.LoggingHandler (AbstractInternalLogger.java:log(148)) - [id: 0xb87f6fb5] REGISTERED
2023-06-02 19:46:25,962 [3e53829d-da6c-4746-b554-01bfe538e40e-NettyServerStreamRpc-bossGroup--thread1] INFO  logging.LoggingHandler (AbstractInternalLogger.java:log(148)) - [id: 0xb87f6fb5] BIND: 0.0.0.0/0.0.0.0:15051
2023-06-02 19:46:25,962 [3e53829d-da6c-4746-b554-01bfe538e40e-NettyServerStreamRpc-bossGroup--thread1] INFO  logging.LoggingHandler (AbstractInternalLogger.java:log(148)) - [id: 0xb87f6fb5, L:/0:0:0:0:0:0:0:0:15051] ACTIVE
2023-06-02 19:46:25,963 [main] INFO  http.HttpRequestLog (HttpRequestLog.java:getRequestLog(86)) - Http request log for http.requests.hddsDatanode is not defined
2023-06-02 19:46:25,964 [main] INFO  http.HttpServer2 (HttpServer2.java:addGlobalFilter(1031)) - Added global filter 'safety' (class=org.apache.hadoop.hdds.server.http.HttpServer2$QuotingInputFilter)
2023-06-02 19:46:25,965 [main] INFO  http.HttpServer2 (HttpServer2.java:addFilter(1007)) - Added filter static_user_filter (class=org.apache.hadoop.http.lib.StaticUserWebFilter$StaticUserFilter) to context hddsDatanode
2023-06-02 19:46:25,965 [main] INFO  http.HttpServer2 (HttpServer2.java:addFilter(1015)) - Added filter static_user_filter (class=org.apache.hadoop.http.lib.StaticUserWebFilter$StaticUserFilter) to context static
2023-06-02 19:46:25,965 [main] INFO  http.HttpServer2 (HttpServer2.java:addFilter(1015)) - Added filter static_user_filter (class=org.apache.hadoop.http.lib.StaticUserWebFilter$StaticUserFilter) to context logs
2023-06-02 19:46:25,966 [main] INFO  http.BaseHttpServer (BaseHttpServer.java:<init>(190)) - HTTP server of hddsDatanode uses base directory /home/runner/work/ozone/ozone/hadoop-ozone/integration-test/target/test-dir/MiniOzoneClusterImpl-e4789928-4fd4-479e-857e-ac334458de01/datanode-4/meta/webserver
2023-06-02 19:46:25,966 [main] INFO  http.HttpServer2 (HttpServer2.java:bindListener(1250)) - Jetty bound to port 15045
2023-06-02 19:46:25,966 [main] INFO  server.Server (Server.java:doStart(375)) - jetty-9.4.51.v20230217; built: 2023-02-17T08:19:37.309Z; git: b45c405e4544384de066f814ed42ae3dceacdd49; jvm 1.8.0_372-b07
2023-06-02 19:46:25,973 [main] INFO  server.session (DefaultSessionIdManager.java:doStart(334)) - DefaultSessionIdManager workerName=node0
2023-06-02 19:46:25,973 [main] INFO  server.session (DefaultSessionIdManager.java:doStart(339)) - No SessionScavenger set, using defaults
2023-06-02 19:46:25,974 [main] INFO  server.session (HouseKeeper.java:startScavenging(132)) - node0 Scavenging every 660000ms
2023-06-02 19:46:25,974 [main] INFO  handler.ContextHandler (ContextHandler.java:doStart(921)) - Started o.e.j.s.ServletContextHandler@f664709{logs,/logs,file:///home/runner/work/ozone/ozone/hadoop-ozone/integration-test/target/log,AVAILABLE}
2023-06-02 19:46:25,975 [main] INFO  handler.ContextHandler (ContextHandler.java:doStart(921)) - Started o.e.j.s.ServletContextHandler@7ca1e839{static,/static,jar:file:/home/runner/.m2/repository/org/apache/ozone/hdds-container-service/1.4.0-SNAPSHOT/hdds-container-service-1.4.0-SNAPSHOT.jar!/webapps/static,AVAILABLE}
2023-06-02 19:46:26,200 [main] INFO  handler.ContextHandler (ContextHandler.java:doStart(921)) - Started o.e.j.w.WebAppContext@141dd31c{hddsDatanode,/,file:///home/runner/work/ozone/ozone/hadoop-ozone/integration-test/target/test-dir/MiniOzoneClusterImpl-e4789928-4fd4-479e-857e-ac334458de01/datanode-4/meta/webserver/jetty-0_0_0_0-15045-hdds-container-service-1_4_0-SNAPSHOT_jar-_-any-7669148488328326402/webapp/,AVAILABLE}{jar:file:/home/runner/.m2/repository/org/apache/ozone/hdds-container-service/1.4.0-SNAPSHOT/hdds-container-service-1.4.0-SNAPSHOT.jar!/webapps/hddsDatanode}
2023-06-02 19:46:26,204 [main] INFO  server.AbstractConnector (AbstractConnector.java:doStart(333)) - Started ServerConnector@3deddbbd{HTTP/1.1, (http/1.1)}{0.0.0.0:15045}
2023-06-02 19:46:26,204 [main] INFO  server.Server (Server.java:doStart(415)) - Started @11909ms
2023-06-02 19:46:26,205 [main] WARN  impl.MetricsSystemImpl (MetricsSystemImpl.java:register(279)) - Sink prometheus already exists!
2023-06-02 19:46:26,205 [main] INFO  http.BaseHttpServer (BaseHttpServer.java:updateConnectorAddress(344)) - HTTP server of hddsDatanode listening at http://0.0.0.0:15045
2023-06-02 19:46:26,206 [main] INFO  ipc.CallQueueManager (CallQueueManager.java:<init>(90)) - Using callQueue: class java.util.concurrent.LinkedBlockingQueue, queueCapacity: 100, scheduler: class org.apache.hadoop.ipc.DefaultRpcScheduler, ipcBackoff: false.
2023-06-02 19:46:26,207 [Socket Reader #1 for port 15046] INFO  ipc.Server (Server.java:run(1319)) - Starting Socket Reader #1 for port 15046
2023-06-02 19:46:26,211 [Listener at 0.0.0.0/15046] INFO  hdds.HddsUtils (HddsUtils.java:preserveThreadName(843)) - Restoring thread name: main
2023-06-02 19:46:26,216 [main] INFO  ozone.HddsDatanodeService (HddsDatanodeService.java:start(331)) - Datanode start with admins: [runner]
2023-06-02 19:46:26,216 [main] INFO  ozone.HddsDatanodeClientProtocolServer (HddsDatanodeClientProtocolServer.java:start(83)) - RPC server for Client /0.0.0.0:15046
2023-06-02 19:46:26,216 [IPC Server Responder] INFO  ipc.Server (Server.java:run(1558)) - IPC Server Responder: starting
2023-06-02 19:46:26,216 [IPC Server listener on 15046] INFO  ipc.Server (Server.java:run(1398)) - IPC Server listener on 15046: starting
2023-06-02 19:46:26,217 [main] WARN  impl.MetricRegistriesImpl (MetricRegistriesImpl.java:addReporterRegistration(111)) - New reporters are added after registries were created. Some metrics will be missing from the reporter. Please add reporter before adding any new registry.
2023-06-02 19:46:26,217 [main] WARN  impl.MetricRegistriesImpl (MetricRegistriesImpl.java:addReporterRegistration(111)) - New reporters are added after registries were created. Some metrics will be missing from the reporter. Please add reporter before adding any new registry.
2023-06-02 19:46:26,217 [main] INFO  impl.MetricsSystemImpl (MetricsSystemImpl.java:init(158)) - HddsDatanode metrics system started (again)
2023-06-02 19:46:26,223 [Datanode State Machine Daemon Thread] INFO  statemachine.DatanodeStateMachine (DatanodeStateMachine.java:lambda$startDaemon$0(523)) - Ozone container server started.
2023-06-02 19:46:26,241 [Datanode State Machine Task Thread - 0] INFO  datanode.InitDatanodeState (InitDatanodeState.java:persistContainerDatanodeDetails(138)) - DatanodeDetails is persisted to /home/runner/work/ozone/ozone/hadoop-ozone/integration-test/target/test-dir/MiniOzoneClusterImpl-e4789928-4fd4-479e-857e-ac334458de01/datanode-4/meta/datanode.id
2023-06-02 19:46:26,245 [main] INFO  ozone.HddsDatanodeService (HddsDatanodeService.java:start(261)) - HddsDatanodeService host:fv-az459-618.msq0az1vewme3jsxyslsv0htic.jx.internal.cloudapp.net ip:10.1.26.0
2023-06-02 19:46:26,270 [main] INFO  upgrade.AbstractLayoutVersionManager (AbstractLayoutVersionManager.java:init(83)) - Initializing Layout version manager with metadata layout = HADOOP_PRC_PORTS_IN_DATANODEDETAILS (version = 7), software layout = HADOOP_PRC_PORTS_IN_DATANODEDETAILS (version = 7)
2023-06-02 19:46:26,271 [main] INFO  statemachine.DatanodeStateMachine (DatanodeStateMachine.java:getEndPointTaskThreadPoolSize(271)) - Datanode State Machine Task Thread Pool size 2
2023-06-02 19:46:26,273 [main] INFO  volume.HddsVolume (HddsVolume.java:<init>(130)) - Creating HddsVolume: /home/runner/work/ozone/ozone/hadoop-ozone/integration-test/target/test-dir/MiniOzoneClusterImpl-e4789928-4fd4-479e-857e-ac334458de01/datanode-5/data-0/containers/hdds of storage type : DISK capacity : 9223372036854775807
2023-06-02 19:46:26,274 [main] INFO  volume.MutableVolumeSet (MutableVolumeSet.java:initializeVolumeSet(175)) - Added Volume : /home/runner/work/ozone/ozone/hadoop-ozone/integration-test/target/test-dir/MiniOzoneClusterImpl-e4789928-4fd4-479e-857e-ac334458de01/datanode-5/data-0/containers/hdds to VolumeSet
2023-06-02 19:46:26,274 [main] INFO  volume.ThrottledAsyncChecker (ThrottledAsyncChecker.java:schedule(141)) - Scheduling a check for /home/runner/work/ozone/ozone/hadoop-ozone/integration-test/target/test-dir/MiniOzoneClusterImpl-e4789928-4fd4-479e-857e-ac334458de01/datanode-5/data-0/containers/hdds
2023-06-02 19:46:26,274 [main] INFO  volume.StorageVolumeChecker (StorageVolumeChecker.java:checkAllVolumes(202)) - Scheduled health check for volume /home/runner/work/ozone/ozone/hadoop-ozone/integration-test/target/test-dir/MiniOzoneClusterImpl-e4789928-4fd4-479e-857e-ac334458de01/datanode-5/data-0/containers/hdds
2023-06-02 19:46:26,296 [main] INFO  volume.MutableVolumeSet (MutableVolumeSet.java:initializeVolumeSet(175)) - Added Volume : /home/runner/work/ozone/ozone/hadoop-ozone/integration-test/target/test-dir/MiniOzoneClusterImpl-e4789928-4fd4-479e-857e-ac334458de01/datanode-5/data/ratis to VolumeSet
2023-06-02 19:46:26,297 [main] INFO  volume.ThrottledAsyncChecker (ThrottledAsyncChecker.java:schedule(141)) - Scheduling a check for /home/runner/work/ozone/ozone/hadoop-ozone/integration-test/target/test-dir/MiniOzoneClusterImpl-e4789928-4fd4-479e-857e-ac334458de01/datanode-5/data/ratis
2023-06-02 19:46:26,297 [main] INFO  volume.StorageVolumeChecker (StorageVolumeChecker.java:checkAllVolumes(202)) - Scheduled health check for volume /home/runner/work/ozone/ozone/hadoop-ozone/integration-test/target/test-dir/MiniOzoneClusterImpl-e4789928-4fd4-479e-857e-ac334458de01/datanode-5/data/ratis
2023-06-02 19:46:26,313 [Thread-227] INFO  ozoneimpl.ContainerReader (ContainerReader.java:readVolume(175)) - Finish verifying containers on volume /home/runner/work/ozone/ozone/hadoop-ozone/integration-test/target/test-dir/MiniOzoneClusterImpl-e4789928-4fd4-479e-857e-ac334458de01/datanode-5/data-0/containers/hdds
2023-06-02 19:46:26,313 [main] INFO  ozoneimpl.OzoneContainer (OzoneContainer.java:buildContainerSet(303)) - Build ContainerSet costs 0s
2023-06-02 19:46:26,319 [main] INFO  server.RaftServer (ConfUtils.java:logGet(46)) - raft.rpc.type = GRPC (default)
2023-06-02 19:46:26,321 [main] INFO  grpc.GrpcConfigKeys (ConfUtils.java:logFallback(53)) - raft.grpc.admin.host = null (fallback to raft.grpc.server.host)
2023-06-02 19:46:26,322 [main] INFO  grpc.GrpcConfigKeys (ConfUtils.java:logGet(46)) - raft.grpc.admin.port = 15058 (custom)
2023-06-02 19:46:26,322 [main] INFO  grpc.GrpcConfigKeys (ConfUtils.java:logFallback(53)) - raft.grpc.client.host = null (fallback to raft.grpc.server.host)
2023-06-02 19:46:26,325 [main] INFO  grpc.GrpcConfigKeys (ConfUtils.java:logGet(46)) - raft.grpc.client.port = 15057 (custom)
2023-06-02 19:46:26,325 [main] INFO  grpc.GrpcConfigKeys (ConfUtils.java:logGet(46)) - raft.grpc.server.host = null (default)
2023-06-02 19:46:26,326 [main] INFO  grpc.GrpcConfigKeys (ConfUtils.java:logGet(46)) - raft.grpc.server.port = 15059 (custom)
2023-06-02 19:46:26,326 [main] INFO  server.GrpcService (ConfUtils.java:logGet(46)) - raft.grpc.message.size.max = 32MB (=33554432) (custom)
2023-06-02 19:46:26,327 [main] INFO  server.RaftServerConfigKeys (ConfUtils.java:logGet(46)) - raft.server.log.appender.buffer.byte-limit = 33554432 (custom)
2023-06-02 19:46:26,328 [main] INFO  server.GrpcService (ConfUtils.java:logGet(46)) - raft.grpc.flow.control.window = 5MB (=5242880) (custom)
2023-06-02 19:46:26,328 [main] INFO  server.RaftServerConfigKeys (ConfUtils.java:logGet(46)) - raft.server.rpc.request.timeout = 60s (custom)
2023-06-02 19:46:26,328 [main] INFO  grpc.GrpcConfigKeys (ConfUtils.java:logGet(46)) - raft.grpc.server.heartbeat.channel = true (default)
2023-06-02 19:46:26,328 [main] INFO  grpc.GrpcConfigKeys (ConfUtils.java:logGet(46)) - raft.grpc.server.async.request.thread.pool.cached = true (default)
2023-06-02 19:46:26,328 [main] INFO  grpc.GrpcConfigKeys (ConfUtils.java:logGet(46)) - raft.grpc.server.async.request.thread.pool.size = 32 (default)
2023-06-02 19:46:26,331 [main] INFO  impl.DataStreamServerImpl (ConfUtils.java:logGet(46)) - raft.datastream.type = NETTY (custom)
2023-06-02 19:46:26,331 [main] INFO  server.RaftServerConfigKeys (ConfUtils.java:logGet(46)) - raft.server.data-stream.async.request.thread.pool.cached = false (default)
2023-06-02 19:46:26,332 [main] INFO  server.RaftServerConfigKeys (ConfUtils.java:logGet(46)) - raft.server.data-stream.async.request.thread.pool.size = 20 (custom)
2023-06-02 19:46:26,332 [main] INFO  server.RaftServerConfigKeys (ConfUtils.java:logGet(46)) - raft.server.data-stream.async.write.thread.pool.size = 16 (default)
2023-06-02 19:46:26,332 [main] INFO  server.RaftServerConfigKeys (ConfUtils.java:logGet(46)) - raft.server.data-stream.client.pool.size = 10 (default)
2023-06-02 19:46:26,332 [main] INFO  netty.NettyConfigKeys$DataStream (ConfUtils.java:logGet(46)) - raft.netty.dataStream.server.use-epoll = false (default)
2023-06-02 19:46:26,332 [main] INFO  netty.NettyConfigKeys$DataStream (ConfUtils.java:logGet(46)) - raft.netty.dataStream.server.boss-group.size = 0 (default)
2023-06-02 19:46:26,333 [main] INFO  netty.NettyConfigKeys$DataStream (ConfUtils.java:logGet(46)) - raft.netty.dataStream.server.worker-group.size = 0 (default)
2023-06-02 19:46:26,334 [main] INFO  netty.NettyConfigKeys$DataStream (ConfUtils.java:logGet(46)) - raft.netty.dataStream.server.tls.conf = null (default)
2023-06-02 19:46:26,334 [main] INFO  netty.NettyConfigKeys$DataStream (ConfUtils.java:logGet(46)) - raft.netty.dataStream.host = null (default)
2023-06-02 19:46:26,334 [main] INFO  netty.NettyConfigKeys$DataStream (ConfUtils.java:logGet(46)) - raft.netty.dataStream.port = 15060 (custom)
2023-06-02 19:46:26,335 [main] INFO  server.RaftServerConfigKeys (ConfUtils.java:logGet(46)) - raft.server.threadpool.proxy.cached = true (default)
2023-06-02 19:46:26,335 [main] INFO  server.RaftServerConfigKeys (ConfUtils.java:logGet(46)) - raft.server.threadpool.proxy.size = 0 (default)
2023-06-02 19:46:26,335 [main] INFO  server.RaftServerConfigKeys (ConfUtils.java:logGet(46)) - raft.server.rpc.slowness.timeout = 300s (custom)
2023-06-02 19:46:26,335 [main] INFO  server.RaftServerConfigKeys (ConfUtils.java:logGet(46)) - raft.server.leaderelection.leader.step-down.wait-time = 10s (default)
2023-06-02 19:46:26,335 [main] INFO  server.RaftServerConfigKeys (ConfUtils.java:logGet(46)) - raft.server.storage.dir = [/home/runner/work/ozone/ozone/hadoop-ozone/integration-test/target/test-dir/MiniOzoneClusterImpl-e4789928-4fd4-479e-857e-ac334458de01/datanode-5/data/ratis] (custom)
2023-06-02 19:46:26,342 [f093f0f1-7dc1-44fa-8249-a003f257e421-NettyServerStreamRpc-bossGroup--thread1] INFO  logging.LoggingHandler (AbstractInternalLogger.java:log(148)) - [id: 0xdcb80a8c] REGISTERED
2023-06-02 19:46:26,342 [main] INFO  server.XceiverServerGrpc (XceiverServerGrpc.java:<init>(132)) - GrpcServer channel type EpollServerSocketChannel
2023-06-02 19:46:26,342 [f093f0f1-7dc1-44fa-8249-a003f257e421-NettyServerStreamRpc-bossGroup--thread1] INFO  logging.LoggingHandler (AbstractInternalLogger.java:log(148)) - [id: 0xdcb80a8c] BIND: 0.0.0.0/0.0.0.0:15060
2023-06-02 19:46:26,342 [f093f0f1-7dc1-44fa-8249-a003f257e421-NettyServerStreamRpc-bossGroup--thread1] INFO  logging.LoggingHandler (AbstractInternalLogger.java:log(148)) - [id: 0xdcb80a8c, L:/0:0:0:0:0:0:0:0:15060] ACTIVE
2023-06-02 19:46:26,344 [main] INFO  replication.ReplicationSupervisor (ReplicationSupervisor.java:nodeStateUpdated(305)) - Node state updated to IN_SERVICE, scaling executor pool size to 10
2023-06-02 19:46:26,347 [main] INFO  http.BaseHttpServer (BaseHttpServer.java:newHttpServer2BuilderForOzone(224)) - Starting Web-server for hddsDatanode at: http://0.0.0.0:15054
2023-06-02 19:46:26,347 [main] INFO  http.BaseHttpServer (BaseHttpServer.java:<init>(111)) - Hadoop Security Enabled: false Ozone Security Enabled: false Ozone HTTP Security Enabled: false 
2023-06-02 19:46:26,348 [main] WARN  server.AuthenticationFilter (AuthenticationFilter.java:constructSecretProvider(240)) - Unable to initialize FileSignerSecretProvider, falling back to use random secrets. Reason: Could not read signature secret file: /home/runner/hadoop-http-auth-signature-secret
2023-06-02 19:46:26,350 [main] INFO  http.HttpRequestLog (HttpRequestLog.java:getRequestLog(86)) - Http request log for http.requests.hddsDatanode is not defined
2023-06-02 19:46:26,351 [main] INFO  http.HttpServer2 (HttpServer2.java:addGlobalFilter(1031)) - Added global filter 'safety' (class=org.apache.hadoop.hdds.server.http.HttpServer2$QuotingInputFilter)
2023-06-02 19:46:26,353 [main] INFO  http.HttpServer2 (HttpServer2.java:addFilter(1007)) - Added filter static_user_filter (class=org.apache.hadoop.http.lib.StaticUserWebFilter$StaticUserFilter) to context hddsDatanode
2023-06-02 19:46:26,353 [main] INFO  http.HttpServer2 (HttpServer2.java:addFilter(1015)) - Added filter static_user_filter (class=org.apache.hadoop.http.lib.StaticUserWebFilter$StaticUserFilter) to context static
2023-06-02 19:46:26,353 [main] INFO  http.HttpServer2 (HttpServer2.java:addFilter(1015)) - Added filter static_user_filter (class=org.apache.hadoop.http.lib.StaticUserWebFilter$StaticUserFilter) to context logs
2023-06-02 19:46:26,355 [main] INFO  http.BaseHttpServer (BaseHttpServer.java:<init>(190)) - HTTP server of hddsDatanode uses base directory /home/runner/work/ozone/ozone/hadoop-ozone/integration-test/target/test-dir/MiniOzoneClusterImpl-e4789928-4fd4-479e-857e-ac334458de01/datanode-5/meta/webserver
2023-06-02 19:46:26,355 [main] INFO  http.HttpServer2 (HttpServer2.java:bindListener(1250)) - Jetty bound to port 15054
2023-06-02 19:46:26,356 [main] INFO  server.Server (Server.java:doStart(375)) - jetty-9.4.51.v20230217; built: 2023-02-17T08:19:37.309Z; git: b45c405e4544384de066f814ed42ae3dceacdd49; jvm 1.8.0_372-b07
2023-06-02 19:46:26,362 [main] INFO  server.session (DefaultSessionIdManager.java:doStart(334)) - DefaultSessionIdManager workerName=node0
2023-06-02 19:46:26,362 [main] INFO  server.session (DefaultSessionIdManager.java:doStart(339)) - No SessionScavenger set, using defaults
2023-06-02 19:46:26,363 [main] INFO  server.session (HouseKeeper.java:startScavenging(132)) - node0 Scavenging every 600000ms
2023-06-02 19:46:26,364 [main] INFO  handler.ContextHandler (ContextHandler.java:doStart(921)) - Started o.e.j.s.ServletContextHandler@65162814{logs,/logs,file:///home/runner/work/ozone/ozone/hadoop-ozone/integration-test/target/log,AVAILABLE}
2023-06-02 19:46:26,364 [main] INFO  handler.ContextHandler (ContextHandler.java:doStart(921)) - Started o.e.j.s.ServletContextHandler@1d24c0f4{static,/static,jar:file:/home/runner/.m2/repository/org/apache/ozone/hdds-container-service/1.4.0-SNAPSHOT/hdds-container-service-1.4.0-SNAPSHOT.jar!/webapps/static,AVAILABLE}
2023-06-02 19:46:26,656 [EndpointStateMachine task thread for /0.0.0.0:15002 - 0 ] INFO  utils.DatanodeStoreCache (DatanodeStoreCache.java:addDB(66)) - Added db /home/runner/work/ozone/ozone/hadoop-ozone/integration-test/target/test-dir/MiniOzoneClusterImpl-e4789928-4fd4-479e-857e-ac334458de01/datanode-0/data-0/containers/hdds/e4789928-4fd4-479e-857e-ac334458de01/DS-6fa030d4-44d1-474a-8312-6c99a50f1f4e/container.db to cache
2023-06-02 19:46:26,656 [EndpointStateMachine task thread for /0.0.0.0:15002 - 0 ] INFO  volume.HddsVolume (HddsVolume.java:createDbStore(350)) - SchemaV3 db is created and loaded at /home/runner/work/ozone/ozone/hadoop-ozone/integration-test/target/test-dir/MiniOzoneClusterImpl-e4789928-4fd4-479e-857e-ac334458de01/datanode-0/data-0/containers/hdds/e4789928-4fd4-479e-857e-ac334458de01/DS-6fa030d4-44d1-474a-8312-6c99a50f1f4e/container.db for volume DS-6fa030d4-44d1-474a-8312-6c99a50f1f4e
2023-06-02 19:46:26,661 [EndpointStateMachine task thread for /0.0.0.0:15002 - 0 ] INFO  ozoneimpl.OzoneContainer (OzoneContainer.java:start(398)) - Attempting to start container services.
2023-06-02 19:46:26,666 [EndpointStateMachine task thread for /0.0.0.0:15002 - 0 ] INFO  ozoneimpl.OzoneContainer (OzoneContainer.java:startContainerScrub(314)) - Scheduled background container scanners and the on-demand container scanner have been disabled.
2023-06-02 19:46:26,668 [EndpointStateMachine task thread for /0.0.0.0:15002 - 0 ] INFO  replication.ReplicationServer (ReplicationServer.java:start(128)) - ReplicationServer is started using port 15016
2023-06-02 19:46:26,668 [EndpointStateMachine task thread for /0.0.0.0:15002 - 0 ] INFO  ratis.XceiverServerRatis (XceiverServerRatis.java:start(517)) - Starting XceiverServerRatis 9e7d7045-1d4c-4270-9434-63584a31babd
2023-06-02 19:46:26,679 [EndpointStateMachine task thread for /0.0.0.0:15002 - 0 ] INFO  server.RaftServer (RaftServerProxy.java:startImpl(400)) - 9e7d7045-1d4c-4270-9434-63584a31babd: start RPC server
2023-06-02 19:46:26,696 [EndpointStateMachine task thread for /0.0.0.0:15002 - 0 ] INFO  server.GrpcService (GrpcService.java:startImpl(302)) - 9e7d7045-1d4c-4270-9434-63584a31babd: GrpcService started, listening on 15012
2023-06-02 19:46:26,700 [EndpointStateMachine task thread for /0.0.0.0:15002 - 0 ] INFO  server.GrpcService (GrpcService.java:startImpl(302)) - 9e7d7045-1d4c-4270-9434-63584a31babd: GrpcService started, listening on 15014
2023-06-02 19:46:26,703 [EndpointStateMachine task thread for /0.0.0.0:15002 - 0 ] INFO  server.GrpcService (GrpcService.java:startImpl(302)) - 9e7d7045-1d4c-4270-9434-63584a31babd: GrpcService started, listening on 15013
2023-06-02 19:46:26,708 [EndpointStateMachine task thread for /0.0.0.0:15002 - 0 ] INFO  ratis.XceiverServerRatis (XceiverServerRatis.java:getRealPort(543)) - XceiverServerRatis 9e7d7045-1d4c-4270-9434-63584a31babd is started using port 15012 for RATIS
2023-06-02 19:46:26,708 [EndpointStateMachine task thread for /0.0.0.0:15002 - 0 ] INFO  ratis.XceiverServerRatis (XceiverServerRatis.java:getRealPort(543)) - XceiverServerRatis 9e7d7045-1d4c-4270-9434-63584a31babd is started using port 15013 for RATIS_ADMIN
2023-06-02 19:46:26,708 [EndpointStateMachine task thread for /0.0.0.0:15002 - 0 ] INFO  ratis.XceiverServerRatis (XceiverServerRatis.java:getRealPort(543)) - XceiverServerRatis 9e7d7045-1d4c-4270-9434-63584a31babd is started using port 15014 for RATIS_SERVER
2023-06-02 19:46:26,708 [EndpointStateMachine task thread for /0.0.0.0:15002 - 0 ] INFO  ratis.XceiverServerRatis (XceiverServerRatis.java:getRealPort(543)) - XceiverServerRatis 9e7d7045-1d4c-4270-9434-63584a31babd is started using port 15015 for RATIS_DATASTREAM
2023-06-02 19:46:26,710 [JvmPauseMonitor2] INFO  util.JvmPauseMonitor (JvmPauseMonitor.java:run(103)) - JvmPauseMonitor-9e7d7045-1d4c-4270-9434-63584a31babd: Started
2023-06-02 19:46:26,726 [BlockDeletingService#0] INFO  interfaces.ContainerDeletionChoosingPolicyTemplate (ContainerDeletionChoosingPolicyTemplate.java:chooseContainerForBlockDeletion(83)) - Chosen 0/5000 blocks from 0 candidate containers.
2023-06-02 19:46:26,760 [main] INFO  handler.ContextHandler (ContextHandler.java:doStart(921)) - Started o.e.j.w.WebAppContext@750aab4d{hddsDatanode,/,file:///home/runner/work/ozone/ozone/hadoop-ozone/integration-test/target/test-dir/MiniOzoneClusterImpl-e4789928-4fd4-479e-857e-ac334458de01/datanode-5/meta/webserver/jetty-0_0_0_0-15054-hdds-container-service-1_4_0-SNAPSHOT_jar-_-any-6706695727581795059/webapp/,AVAILABLE}{jar:file:/home/runner/.m2/repository/org/apache/ozone/hdds-container-service/1.4.0-SNAPSHOT/hdds-container-service-1.4.0-SNAPSHOT.jar!/webapps/hddsDatanode}
2023-06-02 19:46:26,762 [main] INFO  server.AbstractConnector (AbstractConnector.java:doStart(333)) - Started ServerConnector@2d7ae8e7{HTTP/1.1, (http/1.1)}{0.0.0.0:15054}
2023-06-02 19:46:26,762 [main] INFO  server.Server (Server.java:doStart(415)) - Started @12467ms
2023-06-02 19:46:26,762 [main] WARN  impl.MetricsSystemImpl (MetricsSystemImpl.java:register(279)) - Sink prometheus already exists!
2023-06-02 19:46:26,763 [main] INFO  http.BaseHttpServer (BaseHttpServer.java:updateConnectorAddress(344)) - HTTP server of hddsDatanode listening at http://0.0.0.0:15054
2023-06-02 19:46:26,764 [main] INFO  ipc.CallQueueManager (CallQueueManager.java:<init>(90)) - Using callQueue: class java.util.concurrent.LinkedBlockingQueue, queueCapacity: 100, scheduler: class org.apache.hadoop.ipc.DefaultRpcScheduler, ipcBackoff: false.
2023-06-02 19:46:26,764 [Socket Reader #1 for port 15055] INFO  ipc.Server (Server.java:run(1319)) - Starting Socket Reader #1 for port 15055
2023-06-02 19:46:26,771 [Listener at 0.0.0.0/15055] INFO  hdds.HddsUtils (HddsUtils.java:preserveThreadName(843)) - Restoring thread name: main
2023-06-02 19:46:26,771 [main] INFO  ozone.HddsDatanodeService (HddsDatanodeService.java:start(331)) - Datanode start with admins: [runner]
2023-06-02 19:46:26,771 [main] INFO  ozone.HddsDatanodeClientProtocolServer (HddsDatanodeClientProtocolServer.java:start(83)) - RPC server for Client /0.0.0.0:15055
2023-06-02 19:46:26,772 [IPC Server Responder] INFO  ipc.Server (Server.java:run(1558)) - IPC Server Responder: starting
2023-06-02 19:46:26,772 [IPC Server listener on 15055] INFO  ipc.Server (Server.java:run(1398)) - IPC Server listener on 15055: starting
2023-06-02 19:46:26,773 [Datanode State Machine Daemon Thread] INFO  statemachine.DatanodeStateMachine (DatanodeStateMachine.java:lambda$startDaemon$0(523)) - Ozone container server started.
2023-06-02 19:46:26,773 [main] WARN  impl.MetricRegistriesImpl (MetricRegistriesImpl.java:addReporterRegistration(111)) - New reporters are added after registries were created. Some metrics will be missing from the reporter. Please add reporter before adding any new registry.
2023-06-02 19:46:26,779 [main] WARN  impl.MetricRegistriesImpl (MetricRegistriesImpl.java:addReporterRegistration(111)) - New reporters are added after registries were created. Some metrics will be missing from the reporter. Please add reporter before adding any new registry.
2023-06-02 19:46:26,779 [main] INFO  impl.MetricsSystemImpl (MetricsSystemImpl.java:init(158)) - HddsDatanode metrics system started (again)
2023-06-02 19:46:26,794 [main] INFO  ozone.HddsDatanodeService (HddsDatanodeService.java:start(261)) - HddsDatanodeService host:fv-az459-618.msq0az1vewme3jsxyslsv0htic.jx.internal.cloudapp.net ip:10.1.26.0
2023-06-02 19:46:26,803 [Datanode State Machine Task Thread - 0] INFO  datanode.InitDatanodeState (InitDatanodeState.java:persistContainerDatanodeDetails(138)) - DatanodeDetails is persisted to /home/runner/work/ozone/ozone/hadoop-ozone/integration-test/target/test-dir/MiniOzoneClusterImpl-e4789928-4fd4-479e-857e-ac334458de01/datanode-5/meta/datanode.id
2023-06-02 19:46:26,824 [main] INFO  upgrade.AbstractLayoutVersionManager (AbstractLayoutVersionManager.java:init(83)) - Initializing Layout version manager with metadata layout = HADOOP_PRC_PORTS_IN_DATANODEDETAILS (version = 7), software layout = HADOOP_PRC_PORTS_IN_DATANODEDETAILS (version = 7)
2023-06-02 19:46:26,826 [main] INFO  statemachine.DatanodeStateMachine (DatanodeStateMachine.java:getEndPointTaskThreadPoolSize(271)) - Datanode State Machine Task Thread Pool size 2
2023-06-02 19:46:26,831 [main] INFO  volume.HddsVolume (HddsVolume.java:<init>(130)) - Creating HddsVolume: /home/runner/work/ozone/ozone/hadoop-ozone/integration-test/target/test-dir/MiniOzoneClusterImpl-e4789928-4fd4-479e-857e-ac334458de01/datanode-6/data-0/containers/hdds of storage type : DISK capacity : 9223372036854775807
2023-06-02 19:46:26,831 [main] INFO  volume.MutableVolumeSet (MutableVolumeSet.java:initializeVolumeSet(175)) - Added Volume : /home/runner/work/ozone/ozone/hadoop-ozone/integration-test/target/test-dir/MiniOzoneClusterImpl-e4789928-4fd4-479e-857e-ac334458de01/datanode-6/data-0/containers/hdds to VolumeSet
2023-06-02 19:46:26,831 [main] INFO  volume.ThrottledAsyncChecker (ThrottledAsyncChecker.java:schedule(141)) - Scheduling a check for /home/runner/work/ozone/ozone/hadoop-ozone/integration-test/target/test-dir/MiniOzoneClusterImpl-e4789928-4fd4-479e-857e-ac334458de01/datanode-6/data-0/containers/hdds
2023-06-02 19:46:26,833 [main] INFO  volume.StorageVolumeChecker (StorageVolumeChecker.java:checkAllVolumes(202)) - Scheduled health check for volume /home/runner/work/ozone/ozone/hadoop-ozone/integration-test/target/test-dir/MiniOzoneClusterImpl-e4789928-4fd4-479e-857e-ac334458de01/datanode-6/data-0/containers/hdds
2023-06-02 19:46:26,848 [main] INFO  volume.MutableVolumeSet (MutableVolumeSet.java:initializeVolumeSet(175)) - Added Volume : /home/runner/work/ozone/ozone/hadoop-ozone/integration-test/target/test-dir/MiniOzoneClusterImpl-e4789928-4fd4-479e-857e-ac334458de01/datanode-6/data/ratis to VolumeSet
2023-06-02 19:46:26,849 [main] INFO  volume.ThrottledAsyncChecker (ThrottledAsyncChecker.java:schedule(141)) - Scheduling a check for /home/runner/work/ozone/ozone/hadoop-ozone/integration-test/target/test-dir/MiniOzoneClusterImpl-e4789928-4fd4-479e-857e-ac334458de01/datanode-6/data/ratis
2023-06-02 19:46:26,852 [main] INFO  volume.StorageVolumeChecker (StorageVolumeChecker.java:checkAllVolumes(202)) - Scheduled health check for volume /home/runner/work/ozone/ozone/hadoop-ozone/integration-test/target/test-dir/MiniOzoneClusterImpl-e4789928-4fd4-479e-857e-ac334458de01/datanode-6/data/ratis
2023-06-02 19:46:26,866 [Thread-250] INFO  ozoneimpl.ContainerReader (ContainerReader.java:readVolume(175)) - Finish verifying containers on volume /home/runner/work/ozone/ozone/hadoop-ozone/integration-test/target/test-dir/MiniOzoneClusterImpl-e4789928-4fd4-479e-857e-ac334458de01/datanode-6/data-0/containers/hdds
2023-06-02 19:46:26,866 [main] INFO  ozoneimpl.OzoneContainer (OzoneContainer.java:buildContainerSet(303)) - Build ContainerSet costs 0s
2023-06-02 19:46:26,869 [main] INFO  server.RaftServer (ConfUtils.java:logGet(46)) - raft.rpc.type = GRPC (default)
2023-06-02 19:46:26,869 [main] INFO  grpc.GrpcConfigKeys (ConfUtils.java:logFallback(53)) - raft.grpc.admin.host = null (fallback to raft.grpc.server.host)
2023-06-02 19:46:26,869 [main] INFO  grpc.GrpcConfigKeys (ConfUtils.java:logGet(46)) - raft.grpc.admin.port = 15067 (custom)
2023-06-02 19:46:26,869 [main] INFO  grpc.GrpcConfigKeys (ConfUtils.java:logFallback(53)) - raft.grpc.client.host = null (fallback to raft.grpc.server.host)
2023-06-02 19:46:26,869 [main] INFO  grpc.GrpcConfigKeys (ConfUtils.java:logGet(46)) - raft.grpc.client.port = 15066 (custom)
2023-06-02 19:46:26,869 [main] INFO  grpc.GrpcConfigKeys (ConfUtils.java:logGet(46)) - raft.grpc.server.host = null (default)
2023-06-02 19:46:26,870 [main] INFO  grpc.GrpcConfigKeys (ConfUtils.java:logGet(46)) - raft.grpc.server.port = 15068 (custom)
2023-06-02 19:46:26,870 [main] INFO  server.GrpcService (ConfUtils.java:logGet(46)) - raft.grpc.message.size.max = 32MB (=33554432) (custom)
2023-06-02 19:46:26,870 [main] INFO  server.RaftServerConfigKeys (ConfUtils.java:logGet(46)) - raft.server.log.appender.buffer.byte-limit = 33554432 (custom)
2023-06-02 19:46:26,870 [main] INFO  server.GrpcService (ConfUtils.java:logGet(46)) - raft.grpc.flow.control.window = 5MB (=5242880) (custom)
2023-06-02 19:46:26,870 [main] INFO  server.RaftServerConfigKeys (ConfUtils.java:logGet(46)) - raft.server.rpc.request.timeout = 60s (custom)
2023-06-02 19:46:26,870 [main] INFO  grpc.GrpcConfigKeys (ConfUtils.java:logGet(46)) - raft.grpc.server.heartbeat.channel = true (default)
2023-06-02 19:46:26,870 [main] INFO  grpc.GrpcConfigKeys (ConfUtils.java:logGet(46)) - raft.grpc.server.async.request.thread.pool.cached = true (default)
2023-06-02 19:46:26,871 [main] INFO  grpc.GrpcConfigKeys (ConfUtils.java:logGet(46)) - raft.grpc.server.async.request.thread.pool.size = 32 (default)
2023-06-02 19:46:26,878 [main] INFO  impl.DataStreamServerImpl (ConfUtils.java:logGet(46)) - raft.datastream.type = NETTY (custom)
2023-06-02 19:46:26,879 [main] INFO  server.RaftServerConfigKeys (ConfUtils.java:logGet(46)) - raft.server.data-stream.async.request.thread.pool.cached = false (default)
2023-06-02 19:46:26,880 [main] INFO  server.RaftServerConfigKeys (ConfUtils.java:logGet(46)) - raft.server.data-stream.async.request.thread.pool.size = 20 (custom)
2023-06-02 19:46:26,881 [main] INFO  server.RaftServerConfigKeys (ConfUtils.java:logGet(46)) - raft.server.data-stream.async.write.thread.pool.size = 16 (default)
2023-06-02 19:46:26,881 [main] INFO  server.RaftServerConfigKeys (ConfUtils.java:logGet(46)) - raft.server.data-stream.client.pool.size = 10 (default)
2023-06-02 19:46:26,884 [main] INFO  netty.NettyConfigKeys$DataStream (ConfUtils.java:logGet(46)) - raft.netty.dataStream.server.use-epoll = false (default)
2023-06-02 19:46:26,884 [main] INFO  netty.NettyConfigKeys$DataStream (ConfUtils.java:logGet(46)) - raft.netty.dataStream.server.boss-group.size = 0 (default)
2023-06-02 19:46:26,885 [main] INFO  netty.NettyConfigKeys$DataStream (ConfUtils.java:logGet(46)) - raft.netty.dataStream.server.worker-group.size = 0 (default)
2023-06-02 19:46:26,885 [main] INFO  netty.NettyConfigKeys$DataStream (ConfUtils.java:logGet(46)) - raft.netty.dataStream.server.tls.conf = null (default)
2023-06-02 19:46:26,886 [main] INFO  netty.NettyConfigKeys$DataStream (ConfUtils.java:logGet(46)) - raft.netty.dataStream.host = null (default)
2023-06-02 19:46:26,887 [main] INFO  netty.NettyConfigKeys$DataStream (ConfUtils.java:logGet(46)) - raft.netty.dataStream.port = 15069 (custom)
2023-06-02 19:46:26,888 [main] INFO  server.RaftServerConfigKeys (ConfUtils.java:logGet(46)) - raft.server.threadpool.proxy.cached = true (default)
2023-06-02 19:46:26,889 [main] INFO  server.RaftServerConfigKeys (ConfUtils.java:logGet(46)) - raft.server.threadpool.proxy.size = 0 (default)
2023-06-02 19:46:26,889 [main] INFO  server.RaftServerConfigKeys (ConfUtils.java:logGet(46)) - raft.server.rpc.slowness.timeout = 300s (custom)
2023-06-02 19:46:26,890 [68e68f39-32fc-4b84-93e4-f20720881325-NettyServerStreamRpc-bossGroup--thread1] INFO  logging.LoggingHandler (AbstractInternalLogger.java:log(148)) - [id: 0x96c8c68a] REGISTERED
2023-06-02 19:46:26,890 [main] INFO  server.RaftServerConfigKeys (ConfUtils.java:logGet(46)) - raft.server.leaderelection.leader.step-down.wait-time = 10s (default)
2023-06-02 19:46:26,890 [68e68f39-32fc-4b84-93e4-f20720881325-NettyServerStreamRpc-bossGroup--thread1] INFO  logging.LoggingHandler (AbstractInternalLogger.java:log(148)) - [id: 0x96c8c68a] BIND: 0.0.0.0/0.0.0.0:15069
2023-06-02 19:46:26,890 [main] INFO  server.RaftServerConfigKeys (ConfUtils.java:logGet(46)) - raft.server.storage.dir = [/home/runner/work/ozone/ozone/hadoop-ozone/integration-test/target/test-dir/MiniOzoneClusterImpl-e4789928-4fd4-479e-857e-ac334458de01/datanode-6/data/ratis] (custom)
2023-06-02 19:46:26,890 [68e68f39-32fc-4b84-93e4-f20720881325-NettyServerStreamRpc-bossGroup--thread1] INFO  logging.LoggingHandler (AbstractInternalLogger.java:log(148)) - [id: 0x96c8c68a, L:/0:0:0:0:0:0:0:0:15069] ACTIVE
2023-06-02 19:46:26,893 [main] INFO  server.XceiverServerGrpc (XceiverServerGrpc.java:<init>(132)) - GrpcServer channel type EpollServerSocketChannel
2023-06-02 19:46:26,899 [main] INFO  replication.ReplicationSupervisor (ReplicationSupervisor.java:nodeStateUpdated(305)) - Node state updated to IN_SERVICE, scaling executor pool size to 10
2023-06-02 19:46:26,905 [main] INFO  http.BaseHttpServer (BaseHttpServer.java:newHttpServer2BuilderForOzone(224)) - Starting Web-server for hddsDatanode at: http://0.0.0.0:15063
2023-06-02 19:46:26,905 [main] INFO  http.BaseHttpServer (BaseHttpServer.java:<init>(111)) - Hadoop Security Enabled: false Ozone Security Enabled: false Ozone HTTP Security Enabled: false 
2023-06-02 19:46:26,907 [main] WARN  server.AuthenticationFilter (AuthenticationFilter.java:constructSecretProvider(240)) - Unable to initialize FileSignerSecretProvider, falling back to use random secrets. Reason: Could not read signature secret file: /home/runner/hadoop-http-auth-signature-secret
2023-06-02 19:46:26,908 [main] INFO  http.HttpRequestLog (HttpRequestLog.java:getRequestLog(86)) - Http request log for http.requests.hddsDatanode is not defined
2023-06-02 19:46:26,909 [main] INFO  http.HttpServer2 (HttpServer2.java:addGlobalFilter(1031)) - Added global filter 'safety' (class=org.apache.hadoop.hdds.server.http.HttpServer2$QuotingInputFilter)
2023-06-02 19:46:26,910 [main] INFO  http.HttpServer2 (HttpServer2.java:addFilter(1007)) - Added filter static_user_filter (class=org.apache.hadoop.http.lib.StaticUserWebFilter$StaticUserFilter) to context hddsDatanode
2023-06-02 19:46:26,910 [main] INFO  http.HttpServer2 (HttpServer2.java:addFilter(1015)) - Added filter static_user_filter (class=org.apache.hadoop.http.lib.StaticUserWebFilter$StaticUserFilter) to context static
2023-06-02 19:46:26,911 [main] INFO  http.HttpServer2 (HttpServer2.java:addFilter(1015)) - Added filter static_user_filter (class=org.apache.hadoop.http.lib.StaticUserWebFilter$StaticUserFilter) to context logs
2023-06-02 19:46:26,911 [main] INFO  http.BaseHttpServer (BaseHttpServer.java:<init>(190)) - HTTP server of hddsDatanode uses base directory /home/runner/work/ozone/ozone/hadoop-ozone/integration-test/target/test-dir/MiniOzoneClusterImpl-e4789928-4fd4-479e-857e-ac334458de01/datanode-6/meta/webserver
2023-06-02 19:46:26,912 [main] INFO  http.HttpServer2 (HttpServer2.java:bindListener(1250)) - Jetty bound to port 15063
2023-06-02 19:46:26,912 [main] INFO  server.Server (Server.java:doStart(375)) - jetty-9.4.51.v20230217; built: 2023-02-17T08:19:37.309Z; git: b45c405e4544384de066f814ed42ae3dceacdd49; jvm 1.8.0_372-b07
2023-06-02 19:46:26,914 [main] INFO  server.session (DefaultSessionIdManager.java:doStart(334)) - DefaultSessionIdManager workerName=node0
2023-06-02 19:46:26,914 [main] INFO  server.session (DefaultSessionIdManager.java:doStart(339)) - No SessionScavenger set, using defaults
2023-06-02 19:46:26,914 [main] INFO  server.session (HouseKeeper.java:startScavenging(132)) - node0 Scavenging every 660000ms
2023-06-02 19:46:26,915 [main] INFO  handler.ContextHandler (ContextHandler.java:doStart(921)) - Started o.e.j.s.ServletContextHandler@19e369ba{logs,/logs,file:///home/runner/work/ozone/ozone/hadoop-ozone/integration-test/target/log,AVAILABLE}
2023-06-02 19:46:26,915 [main] INFO  handler.ContextHandler (ContextHandler.java:doStart(921)) - Started o.e.j.s.ServletContextHandler@17e7f4a0{static,/static,jar:file:/home/runner/.m2/repository/org/apache/ozone/hdds-container-service/1.4.0-SNAPSHOT/hdds-container-service-1.4.0-SNAPSHOT.jar!/webapps/static,AVAILABLE}
2023-06-02 19:46:27,118 [EndpointStateMachine task thread for /0.0.0.0:15002 - 0 ] INFO  utils.DatanodeStoreCache (DatanodeStoreCache.java:addDB(66)) - Added db /home/runner/work/ozone/ozone/hadoop-ozone/integration-test/target/test-dir/MiniOzoneClusterImpl-e4789928-4fd4-479e-857e-ac334458de01/datanode-1/data-0/containers/hdds/e4789928-4fd4-479e-857e-ac334458de01/DS-9bc6d6b9-70db-4364-a373-b59250678397/container.db to cache
2023-06-02 19:46:27,125 [EndpointStateMachine task thread for /0.0.0.0:15002 - 0 ] INFO  volume.HddsVolume (HddsVolume.java:createDbStore(350)) - SchemaV3 db is created and loaded at /home/runner/work/ozone/ozone/hadoop-ozone/integration-test/target/test-dir/MiniOzoneClusterImpl-e4789928-4fd4-479e-857e-ac334458de01/datanode-1/data-0/containers/hdds/e4789928-4fd4-479e-857e-ac334458de01/DS-9bc6d6b9-70db-4364-a373-b59250678397/container.db for volume DS-9bc6d6b9-70db-4364-a373-b59250678397
2023-06-02 19:46:27,127 [EndpointStateMachine task thread for /0.0.0.0:15002 - 0 ] INFO  ozoneimpl.OzoneContainer (OzoneContainer.java:start(398)) - Attempting to start container services.
2023-06-02 19:46:27,127 [EndpointStateMachine task thread for /0.0.0.0:15002 - 0 ] INFO  ozoneimpl.OzoneContainer (OzoneContainer.java:startContainerScrub(314)) - Scheduled background container scanners and the on-demand container scanner have been disabled.
2023-06-02 19:46:27,132 [EndpointStateMachine task thread for /0.0.0.0:15002 - 0 ] INFO  replication.ReplicationServer (ReplicationServer.java:start(128)) - ReplicationServer is started using port 15025
2023-06-02 19:46:27,132 [EndpointStateMachine task thread for /0.0.0.0:15002 - 0 ] INFO  ratis.XceiverServerRatis (XceiverServerRatis.java:start(517)) - Starting XceiverServerRatis f5a51868-327c-422c-ad14-d572ec0233ee
2023-06-02 19:46:27,147 [EndpointStateMachine task thread for /0.0.0.0:15002 - 0 ] INFO  server.RaftServer (RaftServerProxy.java:startImpl(400)) - f5a51868-327c-422c-ad14-d572ec0233ee: start RPC server
2023-06-02 19:46:27,159 [EndpointStateMachine task thread for /0.0.0.0:15002 - 0 ] INFO  server.GrpcService (GrpcService.java:startImpl(302)) - f5a51868-327c-422c-ad14-d572ec0233ee: GrpcService started, listening on 15021
2023-06-02 19:46:27,161 [EndpointStateMachine task thread for /0.0.0.0:15002 - 0 ] INFO  server.GrpcService (GrpcService.java:startImpl(302)) - f5a51868-327c-422c-ad14-d572ec0233ee: GrpcService started, listening on 15023
2023-06-02 19:46:27,164 [EndpointStateMachine task thread for /0.0.0.0:15002 - 0 ] INFO  server.GrpcService (GrpcService.java:startImpl(302)) - f5a51868-327c-422c-ad14-d572ec0233ee: GrpcService started, listening on 15022
2023-06-02 19:46:27,166 [EndpointStateMachine task thread for /0.0.0.0:15002 - 0 ] INFO  ratis.XceiverServerRatis (XceiverServerRatis.java:getRealPort(543)) - XceiverServerRatis f5a51868-327c-422c-ad14-d572ec0233ee is started using port 15021 for RATIS
2023-06-02 19:46:27,166 [EndpointStateMachine task thread for /0.0.0.0:15002 - 0 ] INFO  ratis.XceiverServerRatis (XceiverServerRatis.java:getRealPort(543)) - XceiverServerRatis f5a51868-327c-422c-ad14-d572ec0233ee is started using port 15022 for RATIS_ADMIN
2023-06-02 19:46:27,166 [EndpointStateMachine task thread for /0.0.0.0:15002 - 0 ] INFO  ratis.XceiverServerRatis (XceiverServerRatis.java:getRealPort(543)) - XceiverServerRatis f5a51868-327c-422c-ad14-d572ec0233ee is started using port 15023 for RATIS_SERVER
2023-06-02 19:46:27,166 [EndpointStateMachine task thread for /0.0.0.0:15002 - 0 ] INFO  ratis.XceiverServerRatis (XceiverServerRatis.java:getRealPort(543)) - XceiverServerRatis f5a51868-327c-422c-ad14-d572ec0233ee is started using port 15024 for RATIS_DATASTREAM
2023-06-02 19:46:27,169 [JvmPauseMonitor3] INFO  util.JvmPauseMonitor (JvmPauseMonitor.java:run(103)) - JvmPauseMonitor-f5a51868-327c-422c-ad14-d572ec0233ee: Started
2023-06-02 19:46:27,190 [BlockDeletingService#0] INFO  interfaces.ContainerDeletionChoosingPolicyTemplate (ContainerDeletionChoosingPolicyTemplate.java:chooseContainerForBlockDeletion(83)) - Chosen 0/5000 blocks from 0 candidate containers.
2023-06-02 19:46:27,203 [main] INFO  handler.ContextHandler (ContextHandler.java:doStart(921)) - Started o.e.j.w.WebAppContext@426b205{hddsDatanode,/,file:///home/runner/work/ozone/ozone/hadoop-ozone/integration-test/target/test-dir/MiniOzoneClusterImpl-e4789928-4fd4-479e-857e-ac334458de01/datanode-6/meta/webserver/jetty-0_0_0_0-15063-hdds-container-service-1_4_0-SNAPSHOT_jar-_-any-4672886279939897510/webapp/,AVAILABLE}{jar:file:/home/runner/.m2/repository/org/apache/ozone/hdds-container-service/1.4.0-SNAPSHOT/hdds-container-service-1.4.0-SNAPSHOT.jar!/webapps/hddsDatanode}
2023-06-02 19:46:27,205 [main] INFO  server.AbstractConnector (AbstractConnector.java:doStart(333)) - Started ServerConnector@5529c12a{HTTP/1.1, (http/1.1)}{0.0.0.0:15063}
2023-06-02 19:46:27,205 [main] INFO  server.Server (Server.java:doStart(415)) - Started @12910ms
2023-06-02 19:46:27,205 [main] WARN  impl.MetricsSystemImpl (MetricsSystemImpl.java:register(279)) - Sink prometheus already exists!
2023-06-02 19:46:27,206 [main] INFO  http.BaseHttpServer (BaseHttpServer.java:updateConnectorAddress(344)) - HTTP server of hddsDatanode listening at http://0.0.0.0:15063
2023-06-02 19:46:27,206 [main] INFO  ipc.CallQueueManager (CallQueueManager.java:<init>(90)) - Using callQueue: class java.util.concurrent.LinkedBlockingQueue, queueCapacity: 100, scheduler: class org.apache.hadoop.ipc.DefaultRpcScheduler, ipcBackoff: false.
2023-06-02 19:46:27,209 [Socket Reader #1 for port 15064] INFO  ipc.Server (Server.java:run(1319)) - Starting Socket Reader #1 for port 15064
2023-06-02 19:46:27,212 [Listener at 0.0.0.0/15064] INFO  hdds.HddsUtils (HddsUtils.java:preserveThreadName(843)) - Restoring thread name: main
2023-06-02 19:46:27,212 [main] INFO  ozone.HddsDatanodeService (HddsDatanodeService.java:start(331)) - Datanode start with admins: [runner]
2023-06-02 19:46:27,213 [main] INFO  ozone.HddsDatanodeClientProtocolServer (HddsDatanodeClientProtocolServer.java:start(83)) - RPC server for Client /0.0.0.0:15064
2023-06-02 19:46:27,215 [IPC Server Responder] INFO  ipc.Server (Server.java:run(1558)) - IPC Server Responder: starting
2023-06-02 19:46:27,217 [Datanode State Machine Daemon Thread] INFO  statemachine.DatanodeStateMachine (DatanodeStateMachine.java:lambda$startDaemon$0(523)) - Ozone container server started.
2023-06-02 19:46:27,217 [main] WARN  impl.MetricRegistriesImpl (MetricRegistriesImpl.java:addReporterRegistration(111)) - New reporters are added after registries were created. Some metrics will be missing from the reporter. Please add reporter before adding any new registry.
2023-06-02 19:46:27,218 [main] WARN  impl.MetricRegistriesImpl (MetricRegistriesImpl.java:addReporterRegistration(111)) - New reporters are added after registries were created. Some metrics will be missing from the reporter. Please add reporter before adding any new registry.
2023-06-02 19:46:27,218 [main] INFO  impl.MetricsSystemImpl (MetricsSystemImpl.java:init(158)) - HddsDatanode metrics system started (again)
2023-06-02 19:46:27,222 [IPC Server listener on 15064] INFO  ipc.Server (Server.java:run(1398)) - IPC Server listener on 15064: starting
2023-06-02 19:46:27,249 [main] INFO  ozone.HddsDatanodeService (HddsDatanodeService.java:start(261)) - HddsDatanodeService host:fv-az459-618.msq0az1vewme3jsxyslsv0htic.jx.internal.cloudapp.net ip:10.1.26.0
2023-06-02 19:46:27,265 [Datanode State Machine Task Thread - 0] INFO  datanode.InitDatanodeState (InitDatanodeState.java:persistContainerDatanodeDetails(138)) - DatanodeDetails is persisted to /home/runner/work/ozone/ozone/hadoop-ozone/integration-test/target/test-dir/MiniOzoneClusterImpl-e4789928-4fd4-479e-857e-ac334458de01/datanode-6/meta/datanode.id
2023-06-02 19:46:27,279 [main] INFO  upgrade.AbstractLayoutVersionManager (AbstractLayoutVersionManager.java:init(83)) - Initializing Layout version manager with metadata layout = HADOOP_PRC_PORTS_IN_DATANODEDETAILS (version = 7), software layout = HADOOP_PRC_PORTS_IN_DATANODEDETAILS (version = 7)
2023-06-02 19:46:27,281 [main] INFO  statemachine.DatanodeStateMachine (DatanodeStateMachine.java:getEndPointTaskThreadPoolSize(271)) - Datanode State Machine Task Thread Pool size 2
2023-06-02 19:46:27,285 [main] INFO  volume.HddsVolume (HddsVolume.java:<init>(130)) - Creating HddsVolume: /home/runner/work/ozone/ozone/hadoop-ozone/integration-test/target/test-dir/MiniOzoneClusterImpl-e4789928-4fd4-479e-857e-ac334458de01/datanode-7/data-0/containers/hdds of storage type : DISK capacity : 9223372036854775807
2023-06-02 19:46:27,285 [main] INFO  volume.MutableVolumeSet (MutableVolumeSet.java:initializeVolumeSet(175)) - Added Volume : /home/runner/work/ozone/ozone/hadoop-ozone/integration-test/target/test-dir/MiniOzoneClusterImpl-e4789928-4fd4-479e-857e-ac334458de01/datanode-7/data-0/containers/hdds to VolumeSet
2023-06-02 19:46:27,286 [main] INFO  volume.ThrottledAsyncChecker (ThrottledAsyncChecker.java:schedule(141)) - Scheduling a check for /home/runner/work/ozone/ozone/hadoop-ozone/integration-test/target/test-dir/MiniOzoneClusterImpl-e4789928-4fd4-479e-857e-ac334458de01/datanode-7/data-0/containers/hdds
2023-06-02 19:46:27,286 [main] INFO  volume.StorageVolumeChecker (StorageVolumeChecker.java:checkAllVolumes(202)) - Scheduled health check for volume /home/runner/work/ozone/ozone/hadoop-ozone/integration-test/target/test-dir/MiniOzoneClusterImpl-e4789928-4fd4-479e-857e-ac334458de01/datanode-7/data-0/containers/hdds
2023-06-02 19:46:27,302 [main] INFO  volume.MutableVolumeSet (MutableVolumeSet.java:initializeVolumeSet(175)) - Added Volume : /home/runner/work/ozone/ozone/hadoop-ozone/integration-test/target/test-dir/MiniOzoneClusterImpl-e4789928-4fd4-479e-857e-ac334458de01/datanode-7/data/ratis to VolumeSet
2023-06-02 19:46:27,302 [main] INFO  volume.ThrottledAsyncChecker (ThrottledAsyncChecker.java:schedule(141)) - Scheduling a check for /home/runner/work/ozone/ozone/hadoop-ozone/integration-test/target/test-dir/MiniOzoneClusterImpl-e4789928-4fd4-479e-857e-ac334458de01/datanode-7/data/ratis
2023-06-02 19:46:27,302 [main] INFO  volume.StorageVolumeChecker (StorageVolumeChecker.java:checkAllVolumes(202)) - Scheduled health check for volume /home/runner/work/ozone/ozone/hadoop-ozone/integration-test/target/test-dir/MiniOzoneClusterImpl-e4789928-4fd4-479e-857e-ac334458de01/datanode-7/data/ratis
2023-06-02 19:46:27,319 [Thread-272] INFO  ozoneimpl.ContainerReader (ContainerReader.java:readVolume(175)) - Finish verifying containers on volume /home/runner/work/ozone/ozone/hadoop-ozone/integration-test/target/test-dir/MiniOzoneClusterImpl-e4789928-4fd4-479e-857e-ac334458de01/datanode-7/data-0/containers/hdds
2023-06-02 19:46:27,320 [main] INFO  ozoneimpl.OzoneContainer (OzoneContainer.java:buildContainerSet(303)) - Build ContainerSet costs 0s
2023-06-02 19:46:27,326 [main] INFO  server.RaftServer (ConfUtils.java:logGet(46)) - raft.rpc.type = GRPC (default)
2023-06-02 19:46:27,326 [main] INFO  grpc.GrpcConfigKeys (ConfUtils.java:logFallback(53)) - raft.grpc.admin.host = null (fallback to raft.grpc.server.host)
2023-06-02 19:46:27,328 [main] INFO  grpc.GrpcConfigKeys (ConfUtils.java:logGet(46)) - raft.grpc.admin.port = 15076 (custom)
2023-06-02 19:46:27,328 [main] INFO  grpc.GrpcConfigKeys (ConfUtils.java:logFallback(53)) - raft.grpc.client.host = null (fallback to raft.grpc.server.host)
2023-06-02 19:46:27,329 [main] INFO  grpc.GrpcConfigKeys (ConfUtils.java:logGet(46)) - raft.grpc.client.port = 15075 (custom)
2023-06-02 19:46:27,329 [main] INFO  grpc.GrpcConfigKeys (ConfUtils.java:logGet(46)) - raft.grpc.server.host = null (default)
2023-06-02 19:46:27,329 [main] INFO  grpc.GrpcConfigKeys (ConfUtils.java:logGet(46)) - raft.grpc.server.port = 15077 (custom)
2023-06-02 19:46:27,330 [main] INFO  server.GrpcService (ConfUtils.java:logGet(46)) - raft.grpc.message.size.max = 32MB (=33554432) (custom)
2023-06-02 19:46:27,330 [main] INFO  server.RaftServerConfigKeys (ConfUtils.java:logGet(46)) - raft.server.log.appender.buffer.byte-limit = 33554432 (custom)
2023-06-02 19:46:27,330 [main] INFO  server.GrpcService (ConfUtils.java:logGet(46)) - raft.grpc.flow.control.window = 5MB (=5242880) (custom)
2023-06-02 19:46:27,331 [main] INFO  server.RaftServerConfigKeys (ConfUtils.java:logGet(46)) - raft.server.rpc.request.timeout = 60s (custom)
2023-06-02 19:46:27,331 [main] INFO  grpc.GrpcConfigKeys (ConfUtils.java:logGet(46)) - raft.grpc.server.heartbeat.channel = true (default)
2023-06-02 19:46:27,331 [main] INFO  grpc.GrpcConfigKeys (ConfUtils.java:logGet(46)) - raft.grpc.server.async.request.thread.pool.cached = true (default)
2023-06-02 19:46:27,331 [main] INFO  grpc.GrpcConfigKeys (ConfUtils.java:logGet(46)) - raft.grpc.server.async.request.thread.pool.size = 32 (default)
2023-06-02 19:46:27,334 [main] INFO  impl.DataStreamServerImpl (ConfUtils.java:logGet(46)) - raft.datastream.type = NETTY (custom)
2023-06-02 19:46:27,341 [main] INFO  server.RaftServerConfigKeys (ConfUtils.java:logGet(46)) - raft.server.data-stream.async.request.thread.pool.cached = false (default)
2023-06-02 19:46:27,341 [main] INFO  server.RaftServerConfigKeys (ConfUtils.java:logGet(46)) - raft.server.data-stream.async.request.thread.pool.size = 20 (custom)
2023-06-02 19:46:27,342 [main] INFO  server.RaftServerConfigKeys (ConfUtils.java:logGet(46)) - raft.server.data-stream.async.write.thread.pool.size = 16 (default)
2023-06-02 19:46:27,342 [main] INFO  server.RaftServerConfigKeys (ConfUtils.java:logGet(46)) - raft.server.data-stream.client.pool.size = 10 (default)
2023-06-02 19:46:27,343 [main] INFO  netty.NettyConfigKeys$DataStream (ConfUtils.java:logGet(46)) - raft.netty.dataStream.server.use-epoll = false (default)
2023-06-02 19:46:27,343 [main] INFO  netty.NettyConfigKeys$DataStream (ConfUtils.java:logGet(46)) - raft.netty.dataStream.server.boss-group.size = 0 (default)
2023-06-02 19:46:27,343 [main] INFO  netty.NettyConfigKeys$DataStream (ConfUtils.java:logGet(46)) - raft.netty.dataStream.server.worker-group.size = 0 (default)
2023-06-02 19:46:27,344 [main] INFO  netty.NettyConfigKeys$DataStream (ConfUtils.java:logGet(46)) - raft.netty.dataStream.server.tls.conf = null (default)
2023-06-02 19:46:27,344 [main] INFO  netty.NettyConfigKeys$DataStream (ConfUtils.java:logGet(46)) - raft.netty.dataStream.host = null (default)
2023-06-02 19:46:27,345 [main] INFO  netty.NettyConfigKeys$DataStream (ConfUtils.java:logGet(46)) - raft.netty.dataStream.port = 15078 (custom)
2023-06-02 19:46:27,351 [main] INFO  server.RaftServerConfigKeys (ConfUtils.java:logGet(46)) - raft.server.threadpool.proxy.cached = true (default)
2023-06-02 19:46:27,351 [main] INFO  server.RaftServerConfigKeys (ConfUtils.java:logGet(46)) - raft.server.threadpool.proxy.size = 0 (default)
2023-06-02 19:46:27,351 [main] INFO  server.RaftServerConfigKeys (ConfUtils.java:logGet(46)) - raft.server.rpc.slowness.timeout = 300s (custom)
2023-06-02 19:46:27,352 [main] INFO  server.RaftServerConfigKeys (ConfUtils.java:logGet(46)) - raft.server.leaderelection.leader.step-down.wait-time = 10s (default)
2023-06-02 19:46:27,353 [main] INFO  server.RaftServerConfigKeys (ConfUtils.java:logGet(46)) - raft.server.storage.dir = [/home/runner/work/ozone/ozone/hadoop-ozone/integration-test/target/test-dir/MiniOzoneClusterImpl-e4789928-4fd4-479e-857e-ac334458de01/datanode-7/data/ratis] (custom)
2023-06-02 19:46:27,370 [37ff51e8-4d98-426c-9b80-6778ef5a23bd-NettyServerStreamRpc-bossGroup--thread1] INFO  logging.LoggingHandler (AbstractInternalLogger.java:log(148)) - [id: 0x43ee3d7e] REGISTERED
2023-06-02 19:46:27,371 [37ff51e8-4d98-426c-9b80-6778ef5a23bd-NettyServerStreamRpc-bossGroup--thread1] INFO  logging.LoggingHandler (AbstractInternalLogger.java:log(148)) - [id: 0x43ee3d7e] BIND: 0.0.0.0/0.0.0.0:15078
2023-06-02 19:46:27,371 [37ff51e8-4d98-426c-9b80-6778ef5a23bd-NettyServerStreamRpc-bossGroup--thread1] INFO  logging.LoggingHandler (AbstractInternalLogger.java:log(148)) - [id: 0x43ee3d7e, L:/0:0:0:0:0:0:0:0:15078] ACTIVE
2023-06-02 19:46:27,374 [main] INFO  server.XceiverServerGrpc (XceiverServerGrpc.java:<init>(132)) - GrpcServer channel type EpollServerSocketChannel
2023-06-02 19:46:27,378 [main] INFO  replication.ReplicationSupervisor (ReplicationSupervisor.java:nodeStateUpdated(305)) - Node state updated to IN_SERVICE, scaling executor pool size to 10
2023-06-02 19:46:27,384 [main] INFO  http.BaseHttpServer (BaseHttpServer.java:newHttpServer2BuilderForOzone(224)) - Starting Web-server for hddsDatanode at: http://0.0.0.0:15072
2023-06-02 19:46:27,385 [main] INFO  http.BaseHttpServer (BaseHttpServer.java:<init>(111)) - Hadoop Security Enabled: false Ozone Security Enabled: false Ozone HTTP Security Enabled: false 
2023-06-02 19:46:27,387 [main] WARN  server.AuthenticationFilter (AuthenticationFilter.java:constructSecretProvider(240)) - Unable to initialize FileSignerSecretProvider, falling back to use random secrets. Reason: Could not read signature secret file: /home/runner/hadoop-http-auth-signature-secret
2023-06-02 19:46:27,392 [main] INFO  http.HttpRequestLog (HttpRequestLog.java:getRequestLog(86)) - Http request log for http.requests.hddsDatanode is not defined
2023-06-02 19:46:27,394 [main] INFO  http.HttpServer2 (HttpServer2.java:addGlobalFilter(1031)) - Added global filter 'safety' (class=org.apache.hadoop.hdds.server.http.HttpServer2$QuotingInputFilter)
2023-06-02 19:46:27,395 [main] INFO  http.HttpServer2 (HttpServer2.java:addFilter(1007)) - Added filter static_user_filter (class=org.apache.hadoop.http.lib.StaticUserWebFilter$StaticUserFilter) to context hddsDatanode
2023-06-02 19:46:27,395 [main] INFO  http.HttpServer2 (HttpServer2.java:addFilter(1015)) - Added filter static_user_filter (class=org.apache.hadoop.http.lib.StaticUserWebFilter$StaticUserFilter) to context logs
2023-06-02 19:46:27,395 [main] INFO  http.HttpServer2 (HttpServer2.java:addFilter(1015)) - Added filter static_user_filter (class=org.apache.hadoop.http.lib.StaticUserWebFilter$StaticUserFilter) to context static
2023-06-02 19:46:27,396 [main] INFO  http.BaseHttpServer (BaseHttpServer.java:<init>(190)) - HTTP server of hddsDatanode uses base directory /home/runner/work/ozone/ozone/hadoop-ozone/integration-test/target/test-dir/MiniOzoneClusterImpl-e4789928-4fd4-479e-857e-ac334458de01/datanode-7/meta/webserver
2023-06-02 19:46:27,397 [main] INFO  http.HttpServer2 (HttpServer2.java:bindListener(1250)) - Jetty bound to port 15072
2023-06-02 19:46:27,397 [main] INFO  server.Server (Server.java:doStart(375)) - jetty-9.4.51.v20230217; built: 2023-02-17T08:19:37.309Z; git: b45c405e4544384de066f814ed42ae3dceacdd49; jvm 1.8.0_372-b07
2023-06-02 19:46:27,420 [main] INFO  server.session (DefaultSessionIdManager.java:doStart(334)) - DefaultSessionIdManager workerName=node0
2023-06-02 19:46:27,420 [main] INFO  server.session (DefaultSessionIdManager.java:doStart(339)) - No SessionScavenger set, using defaults
2023-06-02 19:46:27,421 [main] INFO  server.session (HouseKeeper.java:startScavenging(132)) - node0 Scavenging every 660000ms
2023-06-02 19:46:27,423 [main] INFO  handler.ContextHandler (ContextHandler.java:doStart(921)) - Started o.e.j.s.ServletContextHandler@adace9c{logs,/logs,file:///home/runner/work/ozone/ozone/hadoop-ozone/integration-test/target/log,AVAILABLE}
2023-06-02 19:46:27,424 [main] INFO  handler.ContextHandler (ContextHandler.java:doStart(921)) - Started o.e.j.s.ServletContextHandler@2ca05318{static,/static,jar:file:/home/runner/.m2/repository/org/apache/ozone/hdds-container-service/1.4.0-SNAPSHOT/hdds-container-service-1.4.0-SNAPSHOT.jar!/webapps/static,AVAILABLE}
2023-06-02 19:46:27,520 [EndpointStateMachine task thread for /0.0.0.0:15002 - 0 ] INFO  utils.DatanodeStoreCache (DatanodeStoreCache.java:addDB(66)) - Added db /home/runner/work/ozone/ozone/hadoop-ozone/integration-test/target/test-dir/MiniOzoneClusterImpl-e4789928-4fd4-479e-857e-ac334458de01/datanode-2/data-0/containers/hdds/e4789928-4fd4-479e-857e-ac334458de01/DS-b0d64118-3dcc-4998-aefd-39d3a6644b54/container.db to cache
2023-06-02 19:46:27,520 [EndpointStateMachine task thread for /0.0.0.0:15002 - 0 ] INFO  volume.HddsVolume (HddsVolume.java:createDbStore(350)) - SchemaV3 db is created and loaded at /home/runner/work/ozone/ozone/hadoop-ozone/integration-test/target/test-dir/MiniOzoneClusterImpl-e4789928-4fd4-479e-857e-ac334458de01/datanode-2/data-0/containers/hdds/e4789928-4fd4-479e-857e-ac334458de01/DS-b0d64118-3dcc-4998-aefd-39d3a6644b54/container.db for volume DS-b0d64118-3dcc-4998-aefd-39d3a6644b54
2023-06-02 19:46:27,521 [EndpointStateMachine task thread for /0.0.0.0:15002 - 0 ] INFO  ozoneimpl.OzoneContainer (OzoneContainer.java:start(398)) - Attempting to start container services.
2023-06-02 19:46:27,522 [EndpointStateMachine task thread for /0.0.0.0:15002 - 0 ] INFO  ozoneimpl.OzoneContainer (OzoneContainer.java:startContainerScrub(314)) - Scheduled background container scanners and the on-demand container scanner have been disabled.
2023-06-02 19:46:27,525 [EndpointStateMachine task thread for /0.0.0.0:15002 - 0 ] INFO  replication.ReplicationServer (ReplicationServer.java:start(128)) - ReplicationServer is started using port 15034
2023-06-02 19:46:27,525 [EndpointStateMachine task thread for /0.0.0.0:15002 - 0 ] INFO  ratis.XceiverServerRatis (XceiverServerRatis.java:start(517)) - Starting XceiverServerRatis 60ac4d22-094a-4270-8266-44944d79861e
2023-06-02 19:46:27,544 [EndpointStateMachine task thread for /0.0.0.0:15002 - 0 ] INFO  server.RaftServer (RaftServerProxy.java:startImpl(400)) - 60ac4d22-094a-4270-8266-44944d79861e: start RPC server
2023-06-02 19:46:27,569 [EndpointStateMachine task thread for /0.0.0.0:15002 - 0 ] INFO  server.GrpcService (GrpcService.java:startImpl(302)) - 60ac4d22-094a-4270-8266-44944d79861e: GrpcService started, listening on 15030
2023-06-02 19:46:27,571 [EndpointStateMachine task thread for /0.0.0.0:15002 - 0 ] INFO  server.GrpcService (GrpcService.java:startImpl(302)) - 60ac4d22-094a-4270-8266-44944d79861e: GrpcService started, listening on 15032
2023-06-02 19:46:27,574 [EndpointStateMachine task thread for /0.0.0.0:15002 - 0 ] INFO  server.GrpcService (GrpcService.java:startImpl(302)) - 60ac4d22-094a-4270-8266-44944d79861e: GrpcService started, listening on 15031
2023-06-02 19:46:27,583 [EndpointStateMachine task thread for /0.0.0.0:15002 - 0 ] INFO  ratis.XceiverServerRatis (XceiverServerRatis.java:getRealPort(543)) - XceiverServerRatis 60ac4d22-094a-4270-8266-44944d79861e is started using port 15030 for RATIS
2023-06-02 19:46:27,583 [JvmPauseMonitor4] INFO  util.JvmPauseMonitor (JvmPauseMonitor.java:run(103)) - JvmPauseMonitor-60ac4d22-094a-4270-8266-44944d79861e: Started
2023-06-02 19:46:27,583 [EndpointStateMachine task thread for /0.0.0.0:15002 - 0 ] INFO  ratis.XceiverServerRatis (XceiverServerRatis.java:getRealPort(543)) - XceiverServerRatis 60ac4d22-094a-4270-8266-44944d79861e is started using port 15031 for RATIS_ADMIN
2023-06-02 19:46:27,583 [EndpointStateMachine task thread for /0.0.0.0:15002 - 0 ] INFO  ratis.XceiverServerRatis (XceiverServerRatis.java:getRealPort(543)) - XceiverServerRatis 60ac4d22-094a-4270-8266-44944d79861e is started using port 15032 for RATIS_SERVER
2023-06-02 19:46:27,583 [EndpointStateMachine task thread for /0.0.0.0:15002 - 0 ] INFO  ratis.XceiverServerRatis (XceiverServerRatis.java:getRealPort(543)) - XceiverServerRatis 60ac4d22-094a-4270-8266-44944d79861e is started using port 15033 for RATIS_DATASTREAM
2023-06-02 19:46:27,611 [BlockDeletingService#0] INFO  interfaces.ContainerDeletionChoosingPolicyTemplate (ContainerDeletionChoosingPolicyTemplate.java:chooseContainerForBlockDeletion(83)) - Chosen 0/5000 blocks from 0 candidate containers.
2023-06-02 19:46:27,711 [main] INFO  handler.ContextHandler (ContextHandler.java:doStart(921)) - Started o.e.j.w.WebAppContext@c882b6a{hddsDatanode,/,file:///home/runner/work/ozone/ozone/hadoop-ozone/integration-test/target/test-dir/MiniOzoneClusterImpl-e4789928-4fd4-479e-857e-ac334458de01/datanode-7/meta/webserver/jetty-0_0_0_0-15072-hdds-container-service-1_4_0-SNAPSHOT_jar-_-any-8803416311017170048/webapp/,AVAILABLE}{jar:file:/home/runner/.m2/repository/org/apache/ozone/hdds-container-service/1.4.0-SNAPSHOT/hdds-container-service-1.4.0-SNAPSHOT.jar!/webapps/hddsDatanode}
2023-06-02 19:46:27,713 [main] INFO  server.AbstractConnector (AbstractConnector.java:doStart(333)) - Started ServerConnector@263e08af{HTTP/1.1, (http/1.1)}{0.0.0.0:15072}
2023-06-02 19:46:27,713 [main] INFO  server.Server (Server.java:doStart(415)) - Started @13418ms
2023-06-02 19:46:27,713 [main] WARN  impl.MetricsSystemImpl (MetricsSystemImpl.java:register(279)) - Sink prometheus already exists!
2023-06-02 19:46:27,714 [main] INFO  http.BaseHttpServer (BaseHttpServer.java:updateConnectorAddress(344)) - HTTP server of hddsDatanode listening at http://0.0.0.0:15072
2023-06-02 19:46:27,715 [main] INFO  ipc.CallQueueManager (CallQueueManager.java:<init>(90)) - Using callQueue: class java.util.concurrent.LinkedBlockingQueue, queueCapacity: 100, scheduler: class org.apache.hadoop.ipc.DefaultRpcScheduler, ipcBackoff: false.
2023-06-02 19:46:27,719 [Socket Reader #1 for port 15073] INFO  ipc.Server (Server.java:run(1319)) - Starting Socket Reader #1 for port 15073
2023-06-02 19:46:27,726 [Listener at 0.0.0.0/15073] INFO  hdds.HddsUtils (HddsUtils.java:preserveThreadName(843)) - Restoring thread name: main
2023-06-02 19:46:27,728 [main] INFO  ozone.HddsDatanodeService (HddsDatanodeService.java:start(331)) - Datanode start with admins: [runner]
2023-06-02 19:46:27,729 [main] INFO  ozone.HddsDatanodeClientProtocolServer (HddsDatanodeClientProtocolServer.java:start(83)) - RPC server for Client /0.0.0.0:15073
2023-06-02 19:46:27,729 [IPC Server Responder] INFO  ipc.Server (Server.java:run(1558)) - IPC Server Responder: starting
2023-06-02 19:46:27,732 [Datanode State Machine Daemon Thread] INFO  statemachine.DatanodeStateMachine (DatanodeStateMachine.java:lambda$startDaemon$0(523)) - Ozone container server started.
2023-06-02 19:46:27,733 [IPC Server listener on 15073] INFO  ipc.Server (Server.java:run(1398)) - IPC Server listener on 15073: starting
2023-06-02 19:46:27,733 [main] WARN  impl.MetricRegistriesImpl (MetricRegistriesImpl.java:addReporterRegistration(111)) - New reporters are added after registries were created. Some metrics will be missing from the reporter. Please add reporter before adding any new registry.
2023-06-02 19:46:27,733 [main] WARN  impl.MetricRegistriesImpl (MetricRegistriesImpl.java:addReporterRegistration(111)) - New reporters are added after registries were created. Some metrics will be missing from the reporter. Please add reporter before adding any new registry.
2023-06-02 19:46:27,733 [main] INFO  impl.MetricsSystemImpl (MetricsSystemImpl.java:init(158)) - HddsDatanode metrics system started (again)
2023-06-02 19:46:27,757 [Datanode State Machine Task Thread - 0] INFO  datanode.InitDatanodeState (InitDatanodeState.java:persistContainerDatanodeDetails(138)) - DatanodeDetails is persisted to /home/runner/work/ozone/ozone/hadoop-ozone/integration-test/target/test-dir/MiniOzoneClusterImpl-e4789928-4fd4-479e-857e-ac334458de01/datanode-7/meta/datanode.id
2023-06-02 19:46:27,759 [main] INFO  ozone.HddsDatanodeService (HddsDatanodeService.java:start(261)) - HddsDatanodeService host:fv-az459-618.msq0az1vewme3jsxyslsv0htic.jx.internal.cloudapp.net ip:10.1.26.0
2023-06-02 19:46:27,783 [main] INFO  upgrade.AbstractLayoutVersionManager (AbstractLayoutVersionManager.java:init(83)) - Initializing Layout version manager with metadata layout = HADOOP_PRC_PORTS_IN_DATANODEDETAILS (version = 7), software layout = HADOOP_PRC_PORTS_IN_DATANODEDETAILS (version = 7)
2023-06-02 19:46:27,784 [main] INFO  statemachine.DatanodeStateMachine (DatanodeStateMachine.java:getEndPointTaskThreadPoolSize(271)) - Datanode State Machine Task Thread Pool size 2
2023-06-02 19:46:27,786 [main] INFO  volume.HddsVolume (HddsVolume.java:<init>(130)) - Creating HddsVolume: /home/runner/work/ozone/ozone/hadoop-ozone/integration-test/target/test-dir/MiniOzoneClusterImpl-e4789928-4fd4-479e-857e-ac334458de01/datanode-8/data-0/containers/hdds of storage type : DISK capacity : 9223372036854775807
2023-06-02 19:46:27,786 [main] INFO  volume.MutableVolumeSet (MutableVolumeSet.java:initializeVolumeSet(175)) - Added Volume : /home/runner/work/ozone/ozone/hadoop-ozone/integration-test/target/test-dir/MiniOzoneClusterImpl-e4789928-4fd4-479e-857e-ac334458de01/datanode-8/data-0/containers/hdds to VolumeSet
2023-06-02 19:46:27,787 [main] INFO  volume.ThrottledAsyncChecker (ThrottledAsyncChecker.java:schedule(141)) - Scheduling a check for /home/runner/work/ozone/ozone/hadoop-ozone/integration-test/target/test-dir/MiniOzoneClusterImpl-e4789928-4fd4-479e-857e-ac334458de01/datanode-8/data-0/containers/hdds
2023-06-02 19:46:27,787 [main] INFO  volume.StorageVolumeChecker (StorageVolumeChecker.java:checkAllVolumes(202)) - Scheduled health check for volume /home/runner/work/ozone/ozone/hadoop-ozone/integration-test/target/test-dir/MiniOzoneClusterImpl-e4789928-4fd4-479e-857e-ac334458de01/datanode-8/data-0/containers/hdds
2023-06-02 19:46:27,800 [main] INFO  volume.MutableVolumeSet (MutableVolumeSet.java:initializeVolumeSet(175)) - Added Volume : /home/runner/work/ozone/ozone/hadoop-ozone/integration-test/target/test-dir/MiniOzoneClusterImpl-e4789928-4fd4-479e-857e-ac334458de01/datanode-8/data/ratis to VolumeSet
2023-06-02 19:46:27,801 [main] INFO  volume.ThrottledAsyncChecker (ThrottledAsyncChecker.java:schedule(141)) - Scheduling a check for /home/runner/work/ozone/ozone/hadoop-ozone/integration-test/target/test-dir/MiniOzoneClusterImpl-e4789928-4fd4-479e-857e-ac334458de01/datanode-8/data/ratis
2023-06-02 19:46:27,801 [main] INFO  volume.StorageVolumeChecker (StorageVolumeChecker.java:checkAllVolumes(202)) - Scheduled health check for volume /home/runner/work/ozone/ozone/hadoop-ozone/integration-test/target/test-dir/MiniOzoneClusterImpl-e4789928-4fd4-479e-857e-ac334458de01/datanode-8/data/ratis
2023-06-02 19:46:27,814 [Thread-294] INFO  ozoneimpl.ContainerReader (ContainerReader.java:readVolume(175)) - Finish verifying containers on volume /home/runner/work/ozone/ozone/hadoop-ozone/integration-test/target/test-dir/MiniOzoneClusterImpl-e4789928-4fd4-479e-857e-ac334458de01/datanode-8/data-0/containers/hdds
2023-06-02 19:46:27,814 [main] INFO  ozoneimpl.OzoneContainer (OzoneContainer.java:buildContainerSet(303)) - Build ContainerSet costs 0s
2023-06-02 19:46:27,826 [main] INFO  server.RaftServer (ConfUtils.java:logGet(46)) - raft.rpc.type = GRPC (default)
2023-06-02 19:46:27,828 [main] INFO  grpc.GrpcConfigKeys (ConfUtils.java:logFallback(53)) - raft.grpc.admin.host = null (fallback to raft.grpc.server.host)
2023-06-02 19:46:27,829 [main] INFO  grpc.GrpcConfigKeys (ConfUtils.java:logGet(46)) - raft.grpc.admin.port = 15085 (custom)
2023-06-02 19:46:27,829 [main] INFO  grpc.GrpcConfigKeys (ConfUtils.java:logFallback(53)) - raft.grpc.client.host = null (fallback to raft.grpc.server.host)
2023-06-02 19:46:27,829 [main] INFO  grpc.GrpcConfigKeys (ConfUtils.java:logGet(46)) - raft.grpc.client.port = 15084 (custom)
2023-06-02 19:46:27,829 [main] INFO  grpc.GrpcConfigKeys (ConfUtils.java:logGet(46)) - raft.grpc.server.host = null (default)
2023-06-02 19:46:27,830 [main] INFO  grpc.GrpcConfigKeys (ConfUtils.java:logGet(46)) - raft.grpc.server.port = 15086 (custom)
2023-06-02 19:46:27,830 [main] INFO  server.GrpcService (ConfUtils.java:logGet(46)) - raft.grpc.message.size.max = 32MB (=33554432) (custom)
2023-06-02 19:46:27,831 [main] INFO  server.RaftServerConfigKeys (ConfUtils.java:logGet(46)) - raft.server.log.appender.buffer.byte-limit = 33554432 (custom)
2023-06-02 19:46:27,831 [main] INFO  server.GrpcService (ConfUtils.java:logGet(46)) - raft.grpc.flow.control.window = 5MB (=5242880) (custom)
2023-06-02 19:46:27,832 [main] INFO  server.RaftServerConfigKeys (ConfUtils.java:logGet(46)) - raft.server.rpc.request.timeout = 60s (custom)
2023-06-02 19:46:27,832 [main] INFO  grpc.GrpcConfigKeys (ConfUtils.java:logGet(46)) - raft.grpc.server.heartbeat.channel = true (default)
2023-06-02 19:46:27,832 [main] INFO  grpc.GrpcConfigKeys (ConfUtils.java:logGet(46)) - raft.grpc.server.async.request.thread.pool.cached = true (default)
2023-06-02 19:46:27,832 [main] INFO  grpc.GrpcConfigKeys (ConfUtils.java:logGet(46)) - raft.grpc.server.async.request.thread.pool.size = 32 (default)
2023-06-02 19:46:27,839 [main] INFO  impl.DataStreamServerImpl (ConfUtils.java:logGet(46)) - raft.datastream.type = NETTY (custom)
2023-06-02 19:46:27,841 [main] INFO  server.RaftServerConfigKeys (ConfUtils.java:logGet(46)) - raft.server.data-stream.async.request.thread.pool.cached = false (default)
2023-06-02 19:46:27,841 [main] INFO  server.RaftServerConfigKeys (ConfUtils.java:logGet(46)) - raft.server.data-stream.async.request.thread.pool.size = 20 (custom)
2023-06-02 19:46:27,841 [main] INFO  server.RaftServerConfigKeys (ConfUtils.java:logGet(46)) - raft.server.data-stream.async.write.thread.pool.size = 16 (default)
2023-06-02 19:46:27,841 [main] INFO  server.RaftServerConfigKeys (ConfUtils.java:logGet(46)) - raft.server.data-stream.client.pool.size = 10 (default)
2023-06-02 19:46:27,841 [main] INFO  netty.NettyConfigKeys$DataStream (ConfUtils.java:logGet(46)) - raft.netty.dataStream.server.use-epoll = false (default)
2023-06-02 19:46:27,842 [main] INFO  netty.NettyConfigKeys$DataStream (ConfUtils.java:logGet(46)) - raft.netty.dataStream.server.boss-group.size = 0 (default)
2023-06-02 19:46:27,843 [main] INFO  netty.NettyConfigKeys$DataStream (ConfUtils.java:logGet(46)) - raft.netty.dataStream.server.worker-group.size = 0 (default)
2023-06-02 19:46:27,844 [main] INFO  netty.NettyConfigKeys$DataStream (ConfUtils.java:logGet(46)) - raft.netty.dataStream.server.tls.conf = null (default)
2023-06-02 19:46:27,844 [main] INFO  netty.NettyConfigKeys$DataStream (ConfUtils.java:logGet(46)) - raft.netty.dataStream.host = null (default)
2023-06-02 19:46:27,844 [main] INFO  netty.NettyConfigKeys$DataStream (ConfUtils.java:logGet(46)) - raft.netty.dataStream.port = 15087 (custom)
2023-06-02 19:46:27,845 [main] INFO  server.RaftServerConfigKeys (ConfUtils.java:logGet(46)) - raft.server.threadpool.proxy.cached = true (default)
2023-06-02 19:46:27,845 [main] INFO  server.RaftServerConfigKeys (ConfUtils.java:logGet(46)) - raft.server.threadpool.proxy.size = 0 (default)
2023-06-02 19:46:27,845 [main] INFO  server.RaftServerConfigKeys (ConfUtils.java:logGet(46)) - raft.server.rpc.slowness.timeout = 300s (custom)
2023-06-02 19:46:27,845 [main] INFO  server.RaftServerConfigKeys (ConfUtils.java:logGet(46)) - raft.server.leaderelection.leader.step-down.wait-time = 10s (default)
2023-06-02 19:46:27,845 [main] INFO  server.RaftServerConfigKeys (ConfUtils.java:logGet(46)) - raft.server.storage.dir = [/home/runner/work/ozone/ozone/hadoop-ozone/integration-test/target/test-dir/MiniOzoneClusterImpl-e4789928-4fd4-479e-857e-ac334458de01/datanode-8/data/ratis] (custom)
2023-06-02 19:46:27,853 [main] INFO  server.XceiverServerGrpc (XceiverServerGrpc.java:<init>(132)) - GrpcServer channel type EpollServerSocketChannel
2023-06-02 19:46:27,857 [main] INFO  replication.ReplicationSupervisor (ReplicationSupervisor.java:nodeStateUpdated(305)) - Node state updated to IN_SERVICE, scaling executor pool size to 10
2023-06-02 19:46:27,859 [3444f24d-5019-4db9-b49c-a7d3f58b79dc-NettyServerStreamRpc-bossGroup--thread1] INFO  logging.LoggingHandler (AbstractInternalLogger.java:log(148)) - [id: 0xb2ebb75c] REGISTERED
2023-06-02 19:46:27,859 [3444f24d-5019-4db9-b49c-a7d3f58b79dc-NettyServerStreamRpc-bossGroup--thread1] INFO  logging.LoggingHandler (AbstractInternalLogger.java:log(148)) - [id: 0xb2ebb75c] BIND: 0.0.0.0/0.0.0.0:15087
2023-06-02 19:46:27,860 [3444f24d-5019-4db9-b49c-a7d3f58b79dc-NettyServerStreamRpc-bossGroup--thread1] INFO  logging.LoggingHandler (AbstractInternalLogger.java:log(148)) - [id: 0xb2ebb75c, L:/0:0:0:0:0:0:0:0:15087] ACTIVE
2023-06-02 19:46:27,866 [main] INFO  http.BaseHttpServer (BaseHttpServer.java:newHttpServer2BuilderForOzone(224)) - Starting Web-server for hddsDatanode at: http://0.0.0.0:15081
2023-06-02 19:46:27,866 [main] INFO  http.BaseHttpServer (BaseHttpServer.java:<init>(111)) - Hadoop Security Enabled: false Ozone Security Enabled: false Ozone HTTP Security Enabled: false 
2023-06-02 19:46:27,869 [main] WARN  server.AuthenticationFilter (AuthenticationFilter.java:constructSecretProvider(240)) - Unable to initialize FileSignerSecretProvider, falling back to use random secrets. Reason: Could not read signature secret file: /home/runner/hadoop-http-auth-signature-secret
2023-06-02 19:46:27,876 [main] INFO  http.HttpRequestLog (HttpRequestLog.java:getRequestLog(86)) - Http request log for http.requests.hddsDatanode is not defined
2023-06-02 19:46:27,878 [main] INFO  http.HttpServer2 (HttpServer2.java:addGlobalFilter(1031)) - Added global filter 'safety' (class=org.apache.hadoop.hdds.server.http.HttpServer2$QuotingInputFilter)
2023-06-02 19:46:27,880 [main] INFO  http.HttpServer2 (HttpServer2.java:addFilter(1007)) - Added filter static_user_filter (class=org.apache.hadoop.http.lib.StaticUserWebFilter$StaticUserFilter) to context hddsDatanode
2023-06-02 19:46:27,880 [main] INFO  http.HttpServer2 (HttpServer2.java:addFilter(1015)) - Added filter static_user_filter (class=org.apache.hadoop.http.lib.StaticUserWebFilter$StaticUserFilter) to context static
2023-06-02 19:46:27,880 [main] INFO  http.HttpServer2 (HttpServer2.java:addFilter(1015)) - Added filter static_user_filter (class=org.apache.hadoop.http.lib.StaticUserWebFilter$StaticUserFilter) to context logs
2023-06-02 19:46:27,881 [main] INFO  http.BaseHttpServer (BaseHttpServer.java:<init>(190)) - HTTP server of hddsDatanode uses base directory /home/runner/work/ozone/ozone/hadoop-ozone/integration-test/target/test-dir/MiniOzoneClusterImpl-e4789928-4fd4-479e-857e-ac334458de01/datanode-8/meta/webserver
2023-06-02 19:46:27,881 [main] INFO  http.HttpServer2 (HttpServer2.java:bindListener(1250)) - Jetty bound to port 15081
2023-06-02 19:46:27,882 [main] INFO  server.Server (Server.java:doStart(375)) - jetty-9.4.51.v20230217; built: 2023-02-17T08:19:37.309Z; git: b45c405e4544384de066f814ed42ae3dceacdd49; jvm 1.8.0_372-b07
2023-06-02 19:46:27,884 [main] INFO  server.session (DefaultSessionIdManager.java:doStart(334)) - DefaultSessionIdManager workerName=node0
2023-06-02 19:46:27,884 [main] INFO  server.session (DefaultSessionIdManager.java:doStart(339)) - No SessionScavenger set, using defaults
2023-06-02 19:46:27,884 [main] INFO  server.session (HouseKeeper.java:startScavenging(132)) - node0 Scavenging every 660000ms
2023-06-02 19:46:27,885 [main] INFO  handler.ContextHandler (ContextHandler.java:doStart(921)) - Started o.e.j.s.ServletContextHandler@73766249{logs,/logs,file:///home/runner/work/ozone/ozone/hadoop-ozone/integration-test/target/log,AVAILABLE}
2023-06-02 19:46:27,886 [main] INFO  handler.ContextHandler (ContextHandler.java:doStart(921)) - Started o.e.j.s.ServletContextHandler@2c60cab8{static,/static,jar:file:/home/runner/.m2/repository/org/apache/ozone/hdds-container-service/1.4.0-SNAPSHOT/hdds-container-service-1.4.0-SNAPSHOT.jar!/webapps/static,AVAILABLE}
2023-06-02 19:46:27,924 [EndpointStateMachine task thread for /0.0.0.0:15002 - 0 ] INFO  utils.DatanodeStoreCache (DatanodeStoreCache.java:addDB(66)) - Added db /home/runner/work/ozone/ozone/hadoop-ozone/integration-test/target/test-dir/MiniOzoneClusterImpl-e4789928-4fd4-479e-857e-ac334458de01/datanode-3/data-0/containers/hdds/e4789928-4fd4-479e-857e-ac334458de01/DS-98103462-616f-4ac4-89b3-b8d3d2853c66/container.db to cache
2023-06-02 19:46:27,925 [EndpointStateMachine task thread for /0.0.0.0:15002 - 0 ] INFO  volume.HddsVolume (HddsVolume.java:createDbStore(350)) - SchemaV3 db is created and loaded at /home/runner/work/ozone/ozone/hadoop-ozone/integration-test/target/test-dir/MiniOzoneClusterImpl-e4789928-4fd4-479e-857e-ac334458de01/datanode-3/data-0/containers/hdds/e4789928-4fd4-479e-857e-ac334458de01/DS-98103462-616f-4ac4-89b3-b8d3d2853c66/container.db for volume DS-98103462-616f-4ac4-89b3-b8d3d2853c66
2023-06-02 19:46:27,925 [EndpointStateMachine task thread for /0.0.0.0:15002 - 0 ] INFO  ozoneimpl.OzoneContainer (OzoneContainer.java:start(398)) - Attempting to start container services.
2023-06-02 19:46:27,925 [EndpointStateMachine task thread for /0.0.0.0:15002 - 0 ] INFO  ozoneimpl.OzoneContainer (OzoneContainer.java:startContainerScrub(314)) - Scheduled background container scanners and the on-demand container scanner have been disabled.
2023-06-02 19:46:27,928 [EndpointStateMachine task thread for /0.0.0.0:15002 - 0 ] INFO  replication.ReplicationServer (ReplicationServer.java:start(128)) - ReplicationServer is started using port 15043
2023-06-02 19:46:27,931 [EndpointStateMachine task thread for /0.0.0.0:15002 - 0 ] INFO  ratis.XceiverServerRatis (XceiverServerRatis.java:start(517)) - Starting XceiverServerRatis 42efe73c-3d9d-41e2-b05d-c69b43a81cba
2023-06-02 19:46:27,946 [EndpointStateMachine task thread for /0.0.0.0:15002 - 0 ] INFO  server.RaftServer (RaftServerProxy.java:startImpl(400)) - 42efe73c-3d9d-41e2-b05d-c69b43a81cba: start RPC server
2023-06-02 19:46:27,950 [EndpointStateMachine task thread for /0.0.0.0:15002 - 0 ] INFO  server.GrpcService (GrpcService.java:startImpl(302)) - 42efe73c-3d9d-41e2-b05d-c69b43a81cba: GrpcService started, listening on 15039
2023-06-02 19:46:27,952 [EndpointStateMachine task thread for /0.0.0.0:15002 - 0 ] INFO  server.GrpcService (GrpcService.java:startImpl(302)) - 42efe73c-3d9d-41e2-b05d-c69b43a81cba: GrpcService started, listening on 15041
2023-06-02 19:46:27,961 [EndpointStateMachine task thread for /0.0.0.0:15002 - 0 ] INFO  server.GrpcService (GrpcService.java:startImpl(302)) - 42efe73c-3d9d-41e2-b05d-c69b43a81cba: GrpcService started, listening on 15040
2023-06-02 19:46:27,962 [EndpointStateMachine task thread for /0.0.0.0:15002 - 0 ] INFO  ratis.XceiverServerRatis (XceiverServerRatis.java:getRealPort(543)) - XceiverServerRatis 42efe73c-3d9d-41e2-b05d-c69b43a81cba is started using port 15039 for RATIS
2023-06-02 19:46:27,962 [EndpointStateMachine task thread for /0.0.0.0:15002 - 0 ] INFO  ratis.XceiverServerRatis (XceiverServerRatis.java:getRealPort(543)) - XceiverServerRatis 42efe73c-3d9d-41e2-b05d-c69b43a81cba is started using port 15040 for RATIS_ADMIN
2023-06-02 19:46:27,962 [EndpointStateMachine task thread for /0.0.0.0:15002 - 0 ] INFO  ratis.XceiverServerRatis (XceiverServerRatis.java:getRealPort(543)) - XceiverServerRatis 42efe73c-3d9d-41e2-b05d-c69b43a81cba is started using port 15041 for RATIS_SERVER
2023-06-02 19:46:27,962 [EndpointStateMachine task thread for /0.0.0.0:15002 - 0 ] INFO  ratis.XceiverServerRatis (XceiverServerRatis.java:getRealPort(543)) - XceiverServerRatis 42efe73c-3d9d-41e2-b05d-c69b43a81cba is started using port 15042 for RATIS_DATASTREAM
2023-06-02 19:46:27,963 [JvmPauseMonitor5] INFO  util.JvmPauseMonitor (JvmPauseMonitor.java:run(103)) - JvmPauseMonitor-42efe73c-3d9d-41e2-b05d-c69b43a81cba: Started
2023-06-02 19:46:28,008 [BlockDeletingService#0] INFO  interfaces.ContainerDeletionChoosingPolicyTemplate (ContainerDeletionChoosingPolicyTemplate.java:chooseContainerForBlockDeletion(83)) - Chosen 0/5000 blocks from 0 candidate containers.
2023-06-02 19:46:28,194 [main] INFO  handler.ContextHandler (ContextHandler.java:doStart(921)) - Started o.e.j.w.WebAppContext@3df3c2d2{hddsDatanode,/,file:///home/runner/work/ozone/ozone/hadoop-ozone/integration-test/target/test-dir/MiniOzoneClusterImpl-e4789928-4fd4-479e-857e-ac334458de01/datanode-8/meta/webserver/jetty-0_0_0_0-15081-hdds-container-service-1_4_0-SNAPSHOT_jar-_-any-1039932321986860018/webapp/,AVAILABLE}{jar:file:/home/runner/.m2/repository/org/apache/ozone/hdds-container-service/1.4.0-SNAPSHOT/hdds-container-service-1.4.0-SNAPSHOT.jar!/webapps/hddsDatanode}
2023-06-02 19:46:28,196 [main] INFO  server.AbstractConnector (AbstractConnector.java:doStart(333)) - Started ServerConnector@6616966c{HTTP/1.1, (http/1.1)}{0.0.0.0:15081}
2023-06-02 19:46:28,197 [main] INFO  server.Server (Server.java:doStart(415)) - Started @13901ms
2023-06-02 19:46:28,197 [main] WARN  impl.MetricsSystemImpl (MetricsSystemImpl.java:register(279)) - Sink prometheus already exists!
2023-06-02 19:46:28,197 [main] INFO  http.BaseHttpServer (BaseHttpServer.java:updateConnectorAddress(344)) - HTTP server of hddsDatanode listening at http://0.0.0.0:15081
2023-06-02 19:46:28,198 [main] INFO  ipc.CallQueueManager (CallQueueManager.java:<init>(90)) - Using callQueue: class java.util.concurrent.LinkedBlockingQueue, queueCapacity: 100, scheduler: class org.apache.hadoop.ipc.DefaultRpcScheduler, ipcBackoff: false.
2023-06-02 19:46:28,199 [Socket Reader #1 for port 15082] INFO  ipc.Server (Server.java:run(1319)) - Starting Socket Reader #1 for port 15082
2023-06-02 19:46:28,207 [Listener at 0.0.0.0/15082] INFO  hdds.HddsUtils (HddsUtils.java:preserveThreadName(843)) - Restoring thread name: main
2023-06-02 19:46:28,208 [main] INFO  ozone.HddsDatanodeService (HddsDatanodeService.java:start(331)) - Datanode start with admins: [runner]
2023-06-02 19:46:28,208 [main] INFO  ozone.HddsDatanodeClientProtocolServer (HddsDatanodeClientProtocolServer.java:start(83)) - RPC server for Client /0.0.0.0:15082
2023-06-02 19:46:28,208 [IPC Server Responder] INFO  ipc.Server (Server.java:run(1558)) - IPC Server Responder: starting
2023-06-02 19:46:28,209 [IPC Server listener on 15082] INFO  ipc.Server (Server.java:run(1398)) - IPC Server listener on 15082: starting
2023-06-02 19:46:28,209 [main] WARN  impl.MetricRegistriesImpl (MetricRegistriesImpl.java:addReporterRegistration(111)) - New reporters are added after registries were created. Some metrics will be missing from the reporter. Please add reporter before adding any new registry.
2023-06-02 19:46:28,209 [main] WARN  impl.MetricRegistriesImpl (MetricRegistriesImpl.java:addReporterRegistration(111)) - New reporters are added after registries were created. Some metrics will be missing from the reporter. Please add reporter before adding any new registry.
2023-06-02 19:46:28,210 [main] INFO  impl.MetricsSystemImpl (MetricsSystemImpl.java:init(158)) - HddsDatanode metrics system started (again)
2023-06-02 19:46:28,218 [Datanode State Machine Daemon Thread] INFO  statemachine.DatanodeStateMachine (DatanodeStateMachine.java:lambda$startDaemon$0(523)) - Ozone container server started.
2023-06-02 19:46:28,234 [main] INFO  ozone.HddsDatanodeService (HddsDatanodeService.java:start(261)) - HddsDatanodeService host:fv-az459-618.msq0az1vewme3jsxyslsv0htic.jx.internal.cloudapp.net ip:10.1.26.0
2023-06-02 19:46:28,248 [Datanode State Machine Task Thread - 0] INFO  datanode.InitDatanodeState (InitDatanodeState.java:persistContainerDatanodeDetails(138)) - DatanodeDetails is persisted to /home/runner/work/ozone/ozone/hadoop-ozone/integration-test/target/test-dir/MiniOzoneClusterImpl-e4789928-4fd4-479e-857e-ac334458de01/datanode-8/meta/datanode.id
2023-06-02 19:46:28,269 [main] INFO  upgrade.AbstractLayoutVersionManager (AbstractLayoutVersionManager.java:init(83)) - Initializing Layout version manager with metadata layout = HADOOP_PRC_PORTS_IN_DATANODEDETAILS (version = 7), software layout = HADOOP_PRC_PORTS_IN_DATANODEDETAILS (version = 7)
2023-06-02 19:46:28,269 [main] INFO  statemachine.DatanodeStateMachine (DatanodeStateMachine.java:getEndPointTaskThreadPoolSize(271)) - Datanode State Machine Task Thread Pool size 2
2023-06-02 19:46:28,275 [main] INFO  volume.HddsVolume (HddsVolume.java:<init>(130)) - Creating HddsVolume: /home/runner/work/ozone/ozone/hadoop-ozone/integration-test/target/test-dir/MiniOzoneClusterImpl-e4789928-4fd4-479e-857e-ac334458de01/datanode-9/data-0/containers/hdds of storage type : DISK capacity : 9223372036854775807
2023-06-02 19:46:28,276 [main] INFO  volume.MutableVolumeSet (MutableVolumeSet.java:initializeVolumeSet(175)) - Added Volume : /home/runner/work/ozone/ozone/hadoop-ozone/integration-test/target/test-dir/MiniOzoneClusterImpl-e4789928-4fd4-479e-857e-ac334458de01/datanode-9/data-0/containers/hdds to VolumeSet
2023-06-02 19:46:28,276 [main] INFO  volume.ThrottledAsyncChecker (ThrottledAsyncChecker.java:schedule(141)) - Scheduling a check for /home/runner/work/ozone/ozone/hadoop-ozone/integration-test/target/test-dir/MiniOzoneClusterImpl-e4789928-4fd4-479e-857e-ac334458de01/datanode-9/data-0/containers/hdds
2023-06-02 19:46:28,277 [main] INFO  volume.StorageVolumeChecker (StorageVolumeChecker.java:checkAllVolumes(202)) - Scheduled health check for volume /home/runner/work/ozone/ozone/hadoop-ozone/integration-test/target/test-dir/MiniOzoneClusterImpl-e4789928-4fd4-479e-857e-ac334458de01/datanode-9/data-0/containers/hdds
2023-06-02 19:46:28,291 [main] INFO  volume.MutableVolumeSet (MutableVolumeSet.java:initializeVolumeSet(175)) - Added Volume : /home/runner/work/ozone/ozone/hadoop-ozone/integration-test/target/test-dir/MiniOzoneClusterImpl-e4789928-4fd4-479e-857e-ac334458de01/datanode-9/data/ratis to VolumeSet
2023-06-02 19:46:28,291 [main] INFO  volume.ThrottledAsyncChecker (ThrottledAsyncChecker.java:schedule(141)) - Scheduling a check for /home/runner/work/ozone/ozone/hadoop-ozone/integration-test/target/test-dir/MiniOzoneClusterImpl-e4789928-4fd4-479e-857e-ac334458de01/datanode-9/data/ratis
2023-06-02 19:46:28,291 [main] INFO  volume.StorageVolumeChecker (StorageVolumeChecker.java:checkAllVolumes(202)) - Scheduled health check for volume /home/runner/work/ozone/ozone/hadoop-ozone/integration-test/target/test-dir/MiniOzoneClusterImpl-e4789928-4fd4-479e-857e-ac334458de01/datanode-9/data/ratis
2023-06-02 19:46:28,307 [Thread-316] INFO  ozoneimpl.ContainerReader (ContainerReader.java:readVolume(175)) - Finish verifying containers on volume /home/runner/work/ozone/ozone/hadoop-ozone/integration-test/target/test-dir/MiniOzoneClusterImpl-e4789928-4fd4-479e-857e-ac334458de01/datanode-9/data-0/containers/hdds
2023-06-02 19:46:28,307 [main] INFO  ozoneimpl.OzoneContainer (OzoneContainer.java:buildContainerSet(303)) - Build ContainerSet costs 0s
2023-06-02 19:46:28,310 [main] INFO  server.RaftServer (ConfUtils.java:logGet(46)) - raft.rpc.type = GRPC (default)
2023-06-02 19:46:28,310 [main] INFO  grpc.GrpcConfigKeys (ConfUtils.java:logFallback(53)) - raft.grpc.admin.host = null (fallback to raft.grpc.server.host)
2023-06-02 19:46:28,310 [main] INFO  grpc.GrpcConfigKeys (ConfUtils.java:logGet(46)) - raft.grpc.admin.port = 15094 (custom)
2023-06-02 19:46:28,310 [main] INFO  grpc.GrpcConfigKeys (ConfUtils.java:logFallback(53)) - raft.grpc.client.host = null (fallback to raft.grpc.server.host)
2023-06-02 19:46:28,310 [main] INFO  grpc.GrpcConfigKeys (ConfUtils.java:logGet(46)) - raft.grpc.client.port = 15093 (custom)
2023-06-02 19:46:28,311 [main] INFO  grpc.GrpcConfigKeys (ConfUtils.java:logGet(46)) - raft.grpc.server.host = null (default)
2023-06-02 19:46:28,311 [main] INFO  grpc.GrpcConfigKeys (ConfUtils.java:logGet(46)) - raft.grpc.server.port = 15095 (custom)
2023-06-02 19:46:28,311 [main] INFO  server.GrpcService (ConfUtils.java:logGet(46)) - raft.grpc.message.size.max = 32MB (=33554432) (custom)
2023-06-02 19:46:28,311 [main] INFO  server.RaftServerConfigKeys (ConfUtils.java:logGet(46)) - raft.server.log.appender.buffer.byte-limit = 33554432 (custom)
2023-06-02 19:46:28,311 [main] INFO  server.GrpcService (ConfUtils.java:logGet(46)) - raft.grpc.flow.control.window = 5MB (=5242880) (custom)
2023-06-02 19:46:28,311 [main] INFO  server.RaftServerConfigKeys (ConfUtils.java:logGet(46)) - raft.server.rpc.request.timeout = 60s (custom)
2023-06-02 19:46:28,312 [EndpointStateMachine task thread for /0.0.0.0:15002 - 0 ] INFO  utils.DatanodeStoreCache (DatanodeStoreCache.java:addDB(66)) - Added db /home/runner/work/ozone/ozone/hadoop-ozone/integration-test/target/test-dir/MiniOzoneClusterImpl-e4789928-4fd4-479e-857e-ac334458de01/datanode-4/data-0/containers/hdds/e4789928-4fd4-479e-857e-ac334458de01/DS-0c415bd0-e3b5-4296-affb-d247f7fb8fca/container.db to cache
2023-06-02 19:46:28,313 [EndpointStateMachine task thread for /0.0.0.0:15002 - 0 ] INFO  volume.HddsVolume (HddsVolume.java:createDbStore(350)) - SchemaV3 db is created and loaded at /home/runner/work/ozone/ozone/hadoop-ozone/integration-test/target/test-dir/MiniOzoneClusterImpl-e4789928-4fd4-479e-857e-ac334458de01/datanode-4/data-0/containers/hdds/e4789928-4fd4-479e-857e-ac334458de01/DS-0c415bd0-e3b5-4296-affb-d247f7fb8fca/container.db for volume DS-0c415bd0-e3b5-4296-affb-d247f7fb8fca
2023-06-02 19:46:28,313 [EndpointStateMachine task thread for /0.0.0.0:15002 - 0 ] INFO  ozoneimpl.OzoneContainer (OzoneContainer.java:start(398)) - Attempting to start container services.
2023-06-02 19:46:28,313 [EndpointStateMachine task thread for /0.0.0.0:15002 - 0 ] INFO  ozoneimpl.OzoneContainer (OzoneContainer.java:startContainerScrub(314)) - Scheduled background container scanners and the on-demand container scanner have been disabled.
2023-06-02 19:46:28,313 [main] INFO  grpc.GrpcConfigKeys (ConfUtils.java:logGet(46)) - raft.grpc.server.heartbeat.channel = true (default)
2023-06-02 19:46:28,314 [main] INFO  grpc.GrpcConfigKeys (ConfUtils.java:logGet(46)) - raft.grpc.server.async.request.thread.pool.cached = true (default)
2023-06-02 19:46:28,314 [main] INFO  grpc.GrpcConfigKeys (ConfUtils.java:logGet(46)) - raft.grpc.server.async.request.thread.pool.size = 32 (default)
2023-06-02 19:46:28,316 [EndpointStateMachine task thread for /0.0.0.0:15002 - 0 ] INFO  replication.ReplicationServer (ReplicationServer.java:start(128)) - ReplicationServer is started using port 15052
2023-06-02 19:46:28,316 [EndpointStateMachine task thread for /0.0.0.0:15002 - 0 ] INFO  ratis.XceiverServerRatis (XceiverServerRatis.java:start(517)) - Starting XceiverServerRatis 3e53829d-da6c-4746-b554-01bfe538e40e
2023-06-02 19:46:28,319 [main] INFO  impl.DataStreamServerImpl (ConfUtils.java:logGet(46)) - raft.datastream.type = NETTY (custom)
2023-06-02 19:46:28,322 [main] INFO  server.RaftServerConfigKeys (ConfUtils.java:logGet(46)) - raft.server.data-stream.async.request.thread.pool.cached = false (default)
2023-06-02 19:46:28,322 [main] INFO  server.RaftServerConfigKeys (ConfUtils.java:logGet(46)) - raft.server.data-stream.async.request.thread.pool.size = 20 (custom)
2023-06-02 19:46:28,322 [main] INFO  server.RaftServerConfigKeys (ConfUtils.java:logGet(46)) - raft.server.data-stream.async.write.thread.pool.size = 16 (default)
2023-06-02 19:46:28,322 [main] INFO  server.RaftServerConfigKeys (ConfUtils.java:logGet(46)) - raft.server.data-stream.client.pool.size = 10 (default)
2023-06-02 19:46:28,322 [main] INFO  netty.NettyConfigKeys$DataStream (ConfUtils.java:logGet(46)) - raft.netty.dataStream.server.use-epoll = false (default)
2023-06-02 19:46:28,322 [main] INFO  netty.NettyConfigKeys$DataStream (ConfUtils.java:logGet(46)) - raft.netty.dataStream.server.boss-group.size = 0 (default)
2023-06-02 19:46:28,323 [EndpointStateMachine task thread for /0.0.0.0:15002 - 0 ] INFO  server.RaftServer (RaftServerProxy.java:startImpl(400)) - 3e53829d-da6c-4746-b554-01bfe538e40e: start RPC server
2023-06-02 19:46:28,339 [main] INFO  netty.NettyConfigKeys$DataStream (ConfUtils.java:logGet(46)) - raft.netty.dataStream.server.worker-group.size = 0 (default)
2023-06-02 19:46:28,339 [main] INFO  netty.NettyConfigKeys$DataStream (ConfUtils.java:logGet(46)) - raft.netty.dataStream.server.tls.conf = null (default)
2023-06-02 19:46:28,341 [main] INFO  netty.NettyConfigKeys$DataStream (ConfUtils.java:logGet(46)) - raft.netty.dataStream.host = null (default)
2023-06-02 19:46:28,341 [main] INFO  netty.NettyConfigKeys$DataStream (ConfUtils.java:logGet(46)) - raft.netty.dataStream.port = 15096 (custom)
2023-06-02 19:46:28,341 [EndpointStateMachine task thread for /0.0.0.0:15002 - 0 ] INFO  server.GrpcService (GrpcService.java:startImpl(302)) - 3e53829d-da6c-4746-b554-01bfe538e40e: GrpcService started, listening on 15048
2023-06-02 19:46:28,342 [main] INFO  server.RaftServerConfigKeys (ConfUtils.java:logGet(46)) - raft.server.threadpool.proxy.cached = true (default)
2023-06-02 19:46:28,342 [main] INFO  server.RaftServerConfigKeys (ConfUtils.java:logGet(46)) - raft.server.threadpool.proxy.size = 0 (default)
2023-06-02 19:46:28,343 [EndpointStateMachine task thread for /0.0.0.0:15002 - 0 ] INFO  server.GrpcService (GrpcService.java:startImpl(302)) - 3e53829d-da6c-4746-b554-01bfe538e40e: GrpcService started, listening on 15050
2023-06-02 19:46:28,343 [main] INFO  server.RaftServerConfigKeys (ConfUtils.java:logGet(46)) - raft.server.rpc.slowness.timeout = 300s (custom)
2023-06-02 19:46:28,344 [EndpointStateMachine task thread for /0.0.0.0:15002 - 0 ] INFO  server.GrpcService (GrpcService.java:startImpl(302)) - 3e53829d-da6c-4746-b554-01bfe538e40e: GrpcService started, listening on 15049
2023-06-02 19:46:28,344 [main] INFO  server.RaftServerConfigKeys (ConfUtils.java:logGet(46)) - raft.server.leaderelection.leader.step-down.wait-time = 10s (default)
2023-06-02 19:46:28,344 [EndpointStateMachine task thread for /0.0.0.0:15002 - 0 ] INFO  ratis.XceiverServerRatis (XceiverServerRatis.java:getRealPort(543)) - XceiverServerRatis 3e53829d-da6c-4746-b554-01bfe538e40e is started using port 15048 for RATIS
2023-06-02 19:46:28,344 [main] INFO  server.RaftServerConfigKeys (ConfUtils.java:logGet(46)) - raft.server.storage.dir = [/home/runner/work/ozone/ozone/hadoop-ozone/integration-test/target/test-dir/MiniOzoneClusterImpl-e4789928-4fd4-479e-857e-ac334458de01/datanode-9/data/ratis] (custom)
2023-06-02 19:46:28,345 [JvmPauseMonitor6] INFO  util.JvmPauseMonitor (JvmPauseMonitor.java:run(103)) - JvmPauseMonitor-3e53829d-da6c-4746-b554-01bfe538e40e: Started
2023-06-02 19:46:28,345 [EndpointStateMachine task thread for /0.0.0.0:15002 - 0 ] INFO  ratis.XceiverServerRatis (XceiverServerRatis.java:getRealPort(543)) - XceiverServerRatis 3e53829d-da6c-4746-b554-01bfe538e40e is started using port 15049 for RATIS_ADMIN
2023-06-02 19:46:28,345 [EndpointStateMachine task thread for /0.0.0.0:15002 - 0 ] INFO  ratis.XceiverServerRatis (XceiverServerRatis.java:getRealPort(543)) - XceiverServerRatis 3e53829d-da6c-4746-b554-01bfe538e40e is started using port 15050 for RATIS_SERVER
2023-06-02 19:46:28,345 [EndpointStateMachine task thread for /0.0.0.0:15002 - 0 ] INFO  ratis.XceiverServerRatis (XceiverServerRatis.java:getRealPort(543)) - XceiverServerRatis 3e53829d-da6c-4746-b554-01bfe538e40e is started using port 15051 for RATIS_DATASTREAM
2023-06-02 19:46:28,347 [93e73215-cf0c-4899-893f-1e32053e8cf3-NettyServerStreamRpc-bossGroup--thread1] INFO  logging.LoggingHandler (AbstractInternalLogger.java:log(148)) - [id: 0xd3fbc969] REGISTERED
2023-06-02 19:46:28,348 [93e73215-cf0c-4899-893f-1e32053e8cf3-NettyServerStreamRpc-bossGroup--thread1] INFO  logging.LoggingHandler (AbstractInternalLogger.java:log(148)) - [id: 0xd3fbc969] BIND: 0.0.0.0/0.0.0.0:15096
2023-06-02 19:46:28,348 [93e73215-cf0c-4899-893f-1e32053e8cf3-NettyServerStreamRpc-bossGroup--thread1] INFO  logging.LoggingHandler (AbstractInternalLogger.java:log(148)) - [id: 0xd3fbc969, L:/0:0:0:0:0:0:0:0:15096] ACTIVE
2023-06-02 19:46:28,349 [main] INFO  server.XceiverServerGrpc (XceiverServerGrpc.java:<init>(132)) - GrpcServer channel type EpollServerSocketChannel
2023-06-02 19:46:28,351 [main] INFO  replication.ReplicationSupervisor (ReplicationSupervisor.java:nodeStateUpdated(305)) - Node state updated to IN_SERVICE, scaling executor pool size to 10
2023-06-02 19:46:28,354 [main] INFO  http.BaseHttpServer (BaseHttpServer.java:newHttpServer2BuilderForOzone(224)) - Starting Web-server for hddsDatanode at: http://0.0.0.0:15090
2023-06-02 19:46:28,354 [main] INFO  http.BaseHttpServer (BaseHttpServer.java:<init>(111)) - Hadoop Security Enabled: false Ozone Security Enabled: false Ozone HTTP Security Enabled: false 
2023-06-02 19:46:28,357 [main] WARN  server.AuthenticationFilter (AuthenticationFilter.java:constructSecretProvider(240)) - Unable to initialize FileSignerSecretProvider, falling back to use random secrets. Reason: Could not read signature secret file: /home/runner/hadoop-http-auth-signature-secret
2023-06-02 19:46:28,357 [BlockDeletingService#0] INFO  interfaces.ContainerDeletionChoosingPolicyTemplate (ContainerDeletionChoosingPolicyTemplate.java:chooseContainerForBlockDeletion(83)) - Chosen 0/5000 blocks from 0 candidate containers.
2023-06-02 19:46:28,358 [main] INFO  http.HttpRequestLog (HttpRequestLog.java:getRequestLog(86)) - Http request log for http.requests.hddsDatanode is not defined
2023-06-02 19:46:28,359 [main] INFO  http.HttpServer2 (HttpServer2.java:addGlobalFilter(1031)) - Added global filter 'safety' (class=org.apache.hadoop.hdds.server.http.HttpServer2$QuotingInputFilter)
2023-06-02 19:46:28,360 [main] INFO  http.HttpServer2 (HttpServer2.java:addFilter(1007)) - Added filter static_user_filter (class=org.apache.hadoop.http.lib.StaticUserWebFilter$StaticUserFilter) to context hddsDatanode
2023-06-02 19:46:28,360 [main] INFO  http.HttpServer2 (HttpServer2.java:addFilter(1015)) - Added filter static_user_filter (class=org.apache.hadoop.http.lib.StaticUserWebFilter$StaticUserFilter) to context logs
2023-06-02 19:46:28,360 [main] INFO  http.HttpServer2 (HttpServer2.java:addFilter(1015)) - Added filter static_user_filter (class=org.apache.hadoop.http.lib.StaticUserWebFilter$StaticUserFilter) to context static
2023-06-02 19:46:28,362 [main] INFO  http.BaseHttpServer (BaseHttpServer.java:<init>(190)) - HTTP server of hddsDatanode uses base directory /home/runner/work/ozone/ozone/hadoop-ozone/integration-test/target/test-dir/MiniOzoneClusterImpl-e4789928-4fd4-479e-857e-ac334458de01/datanode-9/meta/webserver
2023-06-02 19:46:28,362 [main] INFO  http.HttpServer2 (HttpServer2.java:bindListener(1250)) - Jetty bound to port 15090
2023-06-02 19:46:28,362 [main] INFO  server.Server (Server.java:doStart(375)) - jetty-9.4.51.v20230217; built: 2023-02-17T08:19:37.309Z; git: b45c405e4544384de066f814ed42ae3dceacdd49; jvm 1.8.0_372-b07
2023-06-02 19:46:28,364 [main] INFO  server.session (DefaultSessionIdManager.java:doStart(334)) - DefaultSessionIdManager workerName=node0
2023-06-02 19:46:28,364 [main] INFO  server.session (DefaultSessionIdManager.java:doStart(339)) - No SessionScavenger set, using defaults
2023-06-02 19:46:28,364 [main] INFO  server.session (HouseKeeper.java:startScavenging(132)) - node0 Scavenging every 660000ms
2023-06-02 19:46:28,365 [main] INFO  handler.ContextHandler (ContextHandler.java:doStart(921)) - Started o.e.j.s.ServletContextHandler@876a3b3{logs,/logs,file:///home/runner/work/ozone/ozone/hadoop-ozone/integration-test/target/log,AVAILABLE}
2023-06-02 19:46:28,365 [main] INFO  handler.ContextHandler (ContextHandler.java:doStart(921)) - Started o.e.j.s.ServletContextHandler@4dab7ec2{static,/static,jar:file:/home/runner/.m2/repository/org/apache/ozone/hdds-container-service/1.4.0-SNAPSHOT/hdds-container-service-1.4.0-SNAPSHOT.jar!/webapps/static,AVAILABLE}
2023-06-02 19:46:28,538 [IPC Server handler 1 on default port 15002] INFO  net.NetworkTopologyImpl (NetworkTopologyImpl.java:add(112)) - Added a new node: /default-rack/9e7d7045-1d4c-4270-9434-63584a31babd
2023-06-02 19:46:28,541 [IPC Server handler 1 on default port 15002] INFO  node.SCMNodeManager (SCMNodeManager.java:register(407)) - Registered Data node : 9e7d7045-1d4c-4270-9434-63584a31babd{ip: 10.1.26.0, host: fv-az459-618.msq0az1vewme3jsxyslsv0htic.jx.internal.cloudapp.net, ports: [HTTP=15009, CLIENT_RPC=15010, REPLICATION=15016, RATIS=15012, RATIS_ADMIN=15013, RATIS_SERVER=15014, RATIS_DATASTREAM=15015, STANDALONE=15011], networkLocation: /default-rack, certSerialId: null, persistedOpState: null, persistedOpStateExpiryEpochSec: 0}
2023-06-02 19:46:28,555 [EventQueue-NewNodeForNewNodeHandler] INFO  pipeline.BackgroundPipelineCreator (BackgroundPipelineCreator.java:notifyEventTriggered(276)) - trigger a one-shot run on RatisPipelineUtilsThread.
2023-06-02 19:46:28,581 [EventQueue-NodeRegistrationContainerReportForDataNodeSafeModeRule] INFO  safemode.SCMSafeModeManager (DataNodeSafeModeRule.java:process(71)) - SCM in safe mode. 1 DataNodes registered, 3 required.
2023-06-02 19:46:28,607 [EventQueue-NodeRegistrationContainerReportForContainerSafeModeRule] INFO  safemode.SCMSafeModeManager (SCMSafeModeManager.java:validateSafeModeExitRules(200)) - ContainerSafeModeRule rule is successfully validated
2023-06-02 19:46:28,611 [EventQueue-PipelineReportForOneReplicaPipelineSafeModeRule] INFO  safemode.SCMSafeModeManager (SCMSafeModeManager.java:validateSafeModeExitRules(200)) - AtleastOneDatanodeReportedRule rule is successfully validated
2023-06-02 19:46:28,631 [main] INFO  handler.ContextHandler (ContextHandler.java:doStart(921)) - Started o.e.j.w.WebAppContext@37af6911{hddsDatanode,/,file:///home/runner/work/ozone/ozone/hadoop-ozone/integration-test/target/test-dir/MiniOzoneClusterImpl-e4789928-4fd4-479e-857e-ac334458de01/datanode-9/meta/webserver/jetty-0_0_0_0-15090-hdds-container-service-1_4_0-SNAPSHOT_jar-_-any-5890472507794587514/webapp/,AVAILABLE}{jar:file:/home/runner/.m2/repository/org/apache/ozone/hdds-container-service/1.4.0-SNAPSHOT/hdds-container-service-1.4.0-SNAPSHOT.jar!/webapps/hddsDatanode}
2023-06-02 19:46:28,633 [main] INFO  server.AbstractConnector (AbstractConnector.java:doStart(333)) - Started ServerConnector@25de39e{HTTP/1.1, (http/1.1)}{0.0.0.0:15090}
2023-06-02 19:46:28,633 [main] INFO  server.Server (Server.java:doStart(415)) - Started @14338ms
2023-06-02 19:46:28,633 [main] WARN  impl.MetricsSystemImpl (MetricsSystemImpl.java:register(279)) - Sink prometheus already exists!
2023-06-02 19:46:28,634 [main] INFO  http.BaseHttpServer (BaseHttpServer.java:updateConnectorAddress(344)) - HTTP server of hddsDatanode listening at http://0.0.0.0:15090
2023-06-02 19:46:28,634 [main] INFO  ipc.CallQueueManager (CallQueueManager.java:<init>(90)) - Using callQueue: class java.util.concurrent.LinkedBlockingQueue, queueCapacity: 100, scheduler: class org.apache.hadoop.ipc.DefaultRpcScheduler, ipcBackoff: false.
2023-06-02 19:46:28,635 [Socket Reader #1 for port 15091] INFO  ipc.Server (Server.java:run(1319)) - Starting Socket Reader #1 for port 15091
2023-06-02 19:46:28,651 [Listener at 0.0.0.0/15091] INFO  hdds.HddsUtils (HddsUtils.java:preserveThreadName(843)) - Restoring thread name: main
2023-06-02 19:46:28,660 [main] INFO  ozone.HddsDatanodeService (HddsDatanodeService.java:start(331)) - Datanode start with admins: [runner]
2023-06-02 19:46:28,660 [main] INFO  ozone.HddsDatanodeClientProtocolServer (HddsDatanodeClientProtocolServer.java:start(83)) - RPC server for Client /0.0.0.0:15091
2023-06-02 19:46:28,663 [IPC Server Responder] INFO  ipc.Server (Server.java:run(1558)) - IPC Server Responder: starting
2023-06-02 19:46:28,671 [IPC Server listener on 15091] INFO  ipc.Server (Server.java:run(1398)) - IPC Server listener on 15091: starting
2023-06-02 19:46:28,687 [main] WARN  impl.MetricRegistriesImpl (MetricRegistriesImpl.java:addReporterRegistration(111)) - New reporters are added after registries were created. Some metrics will be missing from the reporter. Please add reporter before adding any new registry.
2023-06-02 19:46:28,687 [main] WARN  impl.MetricRegistriesImpl (MetricRegistriesImpl.java:addReporterRegistration(111)) - New reporters are added after registries were created. Some metrics will be missing from the reporter. Please add reporter before adding any new registry.
2023-06-02 19:46:28,687 [main] INFO  impl.MetricsSystemImpl (MetricsSystemImpl.java:init(158)) - HddsDatanode metrics system started (again)
2023-06-02 19:46:28,697 [Datanode State Machine Daemon Thread] INFO  statemachine.DatanodeStateMachine (DatanodeStateMachine.java:lambda$startDaemon$0(523)) - Ozone container server started.
2023-06-02 19:46:28,713 [main] INFO  ozone.HddsDatanodeService (HddsDatanodeService.java:start(261)) - HddsDatanodeService host:fv-az459-618.msq0az1vewme3jsxyslsv0htic.jx.internal.cloudapp.net ip:10.1.26.0
2023-06-02 19:46:28,744 [main] INFO  upgrade.AbstractLayoutVersionManager (AbstractLayoutVersionManager.java:init(83)) - Initializing Layout version manager with metadata layout = HADOOP_PRC_PORTS_IN_DATANODEDETAILS (version = 7), software layout = HADOOP_PRC_PORTS_IN_DATANODEDETAILS (version = 7)
2023-06-02 19:46:28,745 [main] INFO  statemachine.DatanodeStateMachine (DatanodeStateMachine.java:getEndPointTaskThreadPoolSize(271)) - Datanode State Machine Task Thread Pool size 2
2023-06-02 19:46:28,752 [main] INFO  volume.HddsVolume (HddsVolume.java:<init>(130)) - Creating HddsVolume: /home/runner/work/ozone/ozone/hadoop-ozone/integration-test/target/test-dir/MiniOzoneClusterImpl-e4789928-4fd4-479e-857e-ac334458de01/datanode-10/data-0/containers/hdds of storage type : DISK capacity : 9223372036854775807
2023-06-02 19:46:28,752 [main] INFO  volume.MutableVolumeSet (MutableVolumeSet.java:initializeVolumeSet(175)) - Added Volume : /home/runner/work/ozone/ozone/hadoop-ozone/integration-test/target/test-dir/MiniOzoneClusterImpl-e4789928-4fd4-479e-857e-ac334458de01/datanode-10/data-0/containers/hdds to VolumeSet
2023-06-02 19:46:28,752 [main] INFO  volume.ThrottledAsyncChecker (ThrottledAsyncChecker.java:schedule(141)) - Scheduling a check for /home/runner/work/ozone/ozone/hadoop-ozone/integration-test/target/test-dir/MiniOzoneClusterImpl-e4789928-4fd4-479e-857e-ac334458de01/datanode-10/data-0/containers/hdds
2023-06-02 19:46:28,753 [main] INFO  volume.StorageVolumeChecker (StorageVolumeChecker.java:checkAllVolumes(202)) - Scheduled health check for volume /home/runner/work/ozone/ozone/hadoop-ozone/integration-test/target/test-dir/MiniOzoneClusterImpl-e4789928-4fd4-479e-857e-ac334458de01/datanode-10/data-0/containers/hdds
2023-06-02 19:46:28,762 [Datanode State Machine Task Thread - 0] INFO  datanode.InitDatanodeState (InitDatanodeState.java:persistContainerDatanodeDetails(138)) - DatanodeDetails is persisted to /home/runner/work/ozone/ozone/hadoop-ozone/integration-test/target/test-dir/MiniOzoneClusterImpl-e4789928-4fd4-479e-857e-ac334458de01/datanode-9/meta/datanode.id
2023-06-02 19:46:28,774 [main] INFO  volume.MutableVolumeSet (MutableVolumeSet.java:initializeVolumeSet(175)) - Added Volume : /home/runner/work/ozone/ozone/hadoop-ozone/integration-test/target/test-dir/MiniOzoneClusterImpl-e4789928-4fd4-479e-857e-ac334458de01/datanode-10/data/ratis to VolumeSet
2023-06-02 19:46:28,775 [main] INFO  volume.ThrottledAsyncChecker (ThrottledAsyncChecker.java:schedule(141)) - Scheduling a check for /home/runner/work/ozone/ozone/hadoop-ozone/integration-test/target/test-dir/MiniOzoneClusterImpl-e4789928-4fd4-479e-857e-ac334458de01/datanode-10/data/ratis
2023-06-02 19:46:28,776 [main] INFO  volume.StorageVolumeChecker (StorageVolumeChecker.java:checkAllVolumes(202)) - Scheduled health check for volume /home/runner/work/ozone/ozone/hadoop-ozone/integration-test/target/test-dir/MiniOzoneClusterImpl-e4789928-4fd4-479e-857e-ac334458de01/datanode-10/data/ratis
2023-06-02 19:46:28,787 [Thread-343] INFO  ozoneimpl.ContainerReader (ContainerReader.java:readVolume(175)) - Finish verifying containers on volume /home/runner/work/ozone/ozone/hadoop-ozone/integration-test/target/test-dir/MiniOzoneClusterImpl-e4789928-4fd4-479e-857e-ac334458de01/datanode-10/data-0/containers/hdds
2023-06-02 19:46:28,787 [main] INFO  ozoneimpl.OzoneContainer (OzoneContainer.java:buildContainerSet(303)) - Build ContainerSet costs 0s
2023-06-02 19:46:28,789 [main] INFO  server.RaftServer (ConfUtils.java:logGet(46)) - raft.rpc.type = GRPC (default)
2023-06-02 19:46:28,789 [main] INFO  grpc.GrpcConfigKeys (ConfUtils.java:logFallback(53)) - raft.grpc.admin.host = null (fallback to raft.grpc.server.host)
2023-06-02 19:46:28,790 [main] INFO  grpc.GrpcConfigKeys (ConfUtils.java:logGet(46)) - raft.grpc.admin.port = 15103 (custom)
2023-06-02 19:46:28,790 [main] INFO  grpc.GrpcConfigKeys (ConfUtils.java:logFallback(53)) - raft.grpc.client.host = null (fallback to raft.grpc.server.host)
2023-06-02 19:46:28,790 [main] INFO  grpc.GrpcConfigKeys (ConfUtils.java:logGet(46)) - raft.grpc.client.port = 15102 (custom)
2023-06-02 19:46:28,790 [main] INFO  grpc.GrpcConfigKeys (ConfUtils.java:logGet(46)) - raft.grpc.server.host = null (default)
2023-06-02 19:46:28,790 [main] INFO  grpc.GrpcConfigKeys (ConfUtils.java:logGet(46)) - raft.grpc.server.port = 15104 (custom)
2023-06-02 19:46:28,790 [main] INFO  server.GrpcService (ConfUtils.java:logGet(46)) - raft.grpc.message.size.max = 32MB (=33554432) (custom)
2023-06-02 19:46:28,790 [main] INFO  server.RaftServerConfigKeys (ConfUtils.java:logGet(46)) - raft.server.log.appender.buffer.byte-limit = 33554432 (custom)
2023-06-02 19:46:28,791 [main] INFO  server.GrpcService (ConfUtils.java:logGet(46)) - raft.grpc.flow.control.window = 5MB (=5242880) (custom)
2023-06-02 19:46:28,791 [main] INFO  server.RaftServerConfigKeys (ConfUtils.java:logGet(46)) - raft.server.rpc.request.timeout = 60s (custom)
2023-06-02 19:46:28,791 [main] INFO  grpc.GrpcConfigKeys (ConfUtils.java:logGet(46)) - raft.grpc.server.heartbeat.channel = true (default)
2023-06-02 19:46:28,791 [main] INFO  grpc.GrpcConfigKeys (ConfUtils.java:logGet(46)) - raft.grpc.server.async.request.thread.pool.cached = true (default)
2023-06-02 19:46:28,791 [main] INFO  grpc.GrpcConfigKeys (ConfUtils.java:logGet(46)) - raft.grpc.server.async.request.thread.pool.size = 32 (default)
2023-06-02 19:46:28,793 [main] INFO  impl.DataStreamServerImpl (ConfUtils.java:logGet(46)) - raft.datastream.type = NETTY (custom)
2023-06-02 19:46:28,794 [main] INFO  server.RaftServerConfigKeys (ConfUtils.java:logGet(46)) - raft.server.data-stream.async.request.thread.pool.cached = false (default)
2023-06-02 19:46:28,794 [main] INFO  server.RaftServerConfigKeys (ConfUtils.java:logGet(46)) - raft.server.data-stream.async.request.thread.pool.size = 20 (custom)
2023-06-02 19:46:28,797 [main] INFO  server.RaftServerConfigKeys (ConfUtils.java:logGet(46)) - raft.server.data-stream.async.write.thread.pool.size = 16 (default)
2023-06-02 19:46:28,798 [main] INFO  server.RaftServerConfigKeys (ConfUtils.java:logGet(46)) - raft.server.data-stream.client.pool.size = 10 (default)
2023-06-02 19:46:28,798 [main] INFO  netty.NettyConfigKeys$DataStream (ConfUtils.java:logGet(46)) - raft.netty.dataStream.server.use-epoll = false (default)
2023-06-02 19:46:28,798 [main] INFO  netty.NettyConfigKeys$DataStream (ConfUtils.java:logGet(46)) - raft.netty.dataStream.server.boss-group.size = 0 (default)
2023-06-02 19:46:28,799 [main] INFO  netty.NettyConfigKeys$DataStream (ConfUtils.java:logGet(46)) - raft.netty.dataStream.server.worker-group.size = 0 (default)
2023-06-02 19:46:28,800 [main] INFO  netty.NettyConfigKeys$DataStream (ConfUtils.java:logGet(46)) - raft.netty.dataStream.server.tls.conf = null (default)
2023-06-02 19:46:28,800 [main] INFO  netty.NettyConfigKeys$DataStream (ConfUtils.java:logGet(46)) - raft.netty.dataStream.host = null (default)
2023-06-02 19:46:28,800 [main] INFO  netty.NettyConfigKeys$DataStream (ConfUtils.java:logGet(46)) - raft.netty.dataStream.port = 15105 (custom)
2023-06-02 19:46:28,801 [main] INFO  server.RaftServerConfigKeys (ConfUtils.java:logGet(46)) - raft.server.threadpool.proxy.cached = true (default)
2023-06-02 19:46:28,801 [main] INFO  server.RaftServerConfigKeys (ConfUtils.java:logGet(46)) - raft.server.threadpool.proxy.size = 0 (default)
2023-06-02 19:46:28,801 [main] INFO  server.RaftServerConfigKeys (ConfUtils.java:logGet(46)) - raft.server.rpc.slowness.timeout = 300s (custom)
2023-06-02 19:46:28,802 [main] INFO  server.RaftServerConfigKeys (ConfUtils.java:logGet(46)) - raft.server.leaderelection.leader.step-down.wait-time = 10s (default)
2023-06-02 19:46:28,802 [main] INFO  server.RaftServerConfigKeys (ConfUtils.java:logGet(46)) - raft.server.storage.dir = [/home/runner/work/ozone/ozone/hadoop-ozone/integration-test/target/test-dir/MiniOzoneClusterImpl-e4789928-4fd4-479e-857e-ac334458de01/datanode-10/data/ratis] (custom)
2023-06-02 19:46:28,805 [c22c8f81-1e38-483d-9a9f-669266df5e1e-NettyServerStreamRpc-bossGroup--thread1] INFO  logging.LoggingHandler (AbstractInternalLogger.java:log(148)) - [id: 0x8b70405d] REGISTERED
2023-06-02 19:46:28,806 [c22c8f81-1e38-483d-9a9f-669266df5e1e-NettyServerStreamRpc-bossGroup--thread1] INFO  logging.LoggingHandler (AbstractInternalLogger.java:log(148)) - [id: 0x8b70405d] BIND: 0.0.0.0/0.0.0.0:15105
2023-06-02 19:46:28,806 [c22c8f81-1e38-483d-9a9f-669266df5e1e-NettyServerStreamRpc-bossGroup--thread1] INFO  logging.LoggingHandler (AbstractInternalLogger.java:log(148)) - [id: 0x8b70405d, L:/0:0:0:0:0:0:0:0:15105] ACTIVE
2023-06-02 19:46:28,808 [main] INFO  server.XceiverServerGrpc (XceiverServerGrpc.java:<init>(132)) - GrpcServer channel type EpollServerSocketChannel
2023-06-02 19:46:28,815 [main] INFO  replication.ReplicationSupervisor (ReplicationSupervisor.java:nodeStateUpdated(305)) - Node state updated to IN_SERVICE, scaling executor pool size to 10
2023-06-02 19:46:28,822 [main] INFO  http.BaseHttpServer (BaseHttpServer.java:newHttpServer2BuilderForOzone(224)) - Starting Web-server for hddsDatanode at: http://0.0.0.0:15099
2023-06-02 19:46:28,822 [main] INFO  http.BaseHttpServer (BaseHttpServer.java:<init>(111)) - Hadoop Security Enabled: false Ozone Security Enabled: false Ozone HTTP Security Enabled: false 
2023-06-02 19:46:28,824 [main] WARN  server.AuthenticationFilter (AuthenticationFilter.java:constructSecretProvider(240)) - Unable to initialize FileSignerSecretProvider, falling back to use random secrets. Reason: Could not read signature secret file: /home/runner/hadoop-http-auth-signature-secret
2023-06-02 19:46:28,826 [main] INFO  http.HttpRequestLog (HttpRequestLog.java:getRequestLog(86)) - Http request log for http.requests.hddsDatanode is not defined
2023-06-02 19:46:28,828 [main] INFO  http.HttpServer2 (HttpServer2.java:addGlobalFilter(1031)) - Added global filter 'safety' (class=org.apache.hadoop.hdds.server.http.HttpServer2$QuotingInputFilter)
2023-06-02 19:46:28,830 [main] INFO  http.HttpServer2 (HttpServer2.java:addFilter(1007)) - Added filter static_user_filter (class=org.apache.hadoop.http.lib.StaticUserWebFilter$StaticUserFilter) to context hddsDatanode
2023-06-02 19:46:28,830 [main] INFO  http.HttpServer2 (HttpServer2.java:addFilter(1015)) - Added filter static_user_filter (class=org.apache.hadoop.http.lib.StaticUserWebFilter$StaticUserFilter) to context logs
2023-06-02 19:46:28,830 [main] INFO  http.HttpServer2 (HttpServer2.java:addFilter(1015)) - Added filter static_user_filter (class=org.apache.hadoop.http.lib.StaticUserWebFilter$StaticUserFilter) to context static
2023-06-02 19:46:28,831 [main] INFO  http.BaseHttpServer (BaseHttpServer.java:<init>(190)) - HTTP server of hddsDatanode uses base directory /home/runner/work/ozone/ozone/hadoop-ozone/integration-test/target/test-dir/MiniOzoneClusterImpl-e4789928-4fd4-479e-857e-ac334458de01/datanode-10/meta/webserver
2023-06-02 19:46:28,831 [main] INFO  http.HttpServer2 (HttpServer2.java:bindListener(1250)) - Jetty bound to port 15099
2023-06-02 19:46:28,831 [main] INFO  server.Server (Server.java:doStart(375)) - jetty-9.4.51.v20230217; built: 2023-02-17T08:19:37.309Z; git: b45c405e4544384de066f814ed42ae3dceacdd49; jvm 1.8.0_372-b07
2023-06-02 19:46:28,834 [main] INFO  server.session (DefaultSessionIdManager.java:doStart(334)) - DefaultSessionIdManager workerName=node0
2023-06-02 19:46:28,834 [main] INFO  server.session (DefaultSessionIdManager.java:doStart(339)) - No SessionScavenger set, using defaults
2023-06-02 19:46:28,834 [main] INFO  server.session (HouseKeeper.java:startScavenging(132)) - node0 Scavenging every 660000ms
2023-06-02 19:46:28,835 [main] INFO  handler.ContextHandler (ContextHandler.java:doStart(921)) - Started o.e.j.s.ServletContextHandler@1768729f{logs,/logs,file:///home/runner/work/ozone/ozone/hadoop-ozone/integration-test/target/log,AVAILABLE}
2023-06-02 19:46:28,836 [main] INFO  handler.ContextHandler (ContextHandler.java:doStart(921)) - Started o.e.j.s.ServletContextHandler@2afcc6a7{static,/static,jar:file:/home/runner/.m2/repository/org/apache/ozone/hdds-container-service/1.4.0-SNAPSHOT/hdds-container-service-1.4.0-SNAPSHOT.jar!/webapps/static,AVAILABLE}
2023-06-02 19:46:28,870 [EndpointStateMachine task thread for /0.0.0.0:15002 - 0 ] INFO  utils.DatanodeStoreCache (DatanodeStoreCache.java:addDB(66)) - Added db /home/runner/work/ozone/ozone/hadoop-ozone/integration-test/target/test-dir/MiniOzoneClusterImpl-e4789928-4fd4-479e-857e-ac334458de01/datanode-5/data-0/containers/hdds/e4789928-4fd4-479e-857e-ac334458de01/DS-1c9704e3-512b-4d62-942a-051883f4095e/container.db to cache
2023-06-02 19:46:28,870 [EndpointStateMachine task thread for /0.0.0.0:15002 - 0 ] INFO  volume.HddsVolume (HddsVolume.java:createDbStore(350)) - SchemaV3 db is created and loaded at /home/runner/work/ozone/ozone/hadoop-ozone/integration-test/target/test-dir/MiniOzoneClusterImpl-e4789928-4fd4-479e-857e-ac334458de01/datanode-5/data-0/containers/hdds/e4789928-4fd4-479e-857e-ac334458de01/DS-1c9704e3-512b-4d62-942a-051883f4095e/container.db for volume DS-1c9704e3-512b-4d62-942a-051883f4095e
2023-06-02 19:46:28,871 [EndpointStateMachine task thread for /0.0.0.0:15002 - 0 ] INFO  ozoneimpl.OzoneContainer (OzoneContainer.java:start(398)) - Attempting to start container services.
2023-06-02 19:46:28,871 [EndpointStateMachine task thread for /0.0.0.0:15002 - 0 ] INFO  ozoneimpl.OzoneContainer (OzoneContainer.java:startContainerScrub(314)) - Scheduled background container scanners and the on-demand container scanner have been disabled.
2023-06-02 19:46:28,875 [EndpointStateMachine task thread for /0.0.0.0:15002 - 0 ] INFO  replication.ReplicationServer (ReplicationServer.java:start(128)) - ReplicationServer is started using port 15061
2023-06-02 19:46:28,875 [EndpointStateMachine task thread for /0.0.0.0:15002 - 0 ] INFO  ratis.XceiverServerRatis (XceiverServerRatis.java:start(517)) - Starting XceiverServerRatis f093f0f1-7dc1-44fa-8249-a003f257e421
2023-06-02 19:46:28,875 [EndpointStateMachine task thread for /0.0.0.0:15002 - 0 ] INFO  server.RaftServer (RaftServerProxy.java:startImpl(400)) - f093f0f1-7dc1-44fa-8249-a003f257e421: start RPC server
2023-06-02 19:46:28,888 [EndpointStateMachine task thread for /0.0.0.0:15002 - 0 ] INFO  server.GrpcService (GrpcService.java:startImpl(302)) - f093f0f1-7dc1-44fa-8249-a003f257e421: GrpcService started, listening on 15057
2023-06-02 19:46:28,889 [EndpointStateMachine task thread for /0.0.0.0:15002 - 0 ] INFO  server.GrpcService (GrpcService.java:startImpl(302)) - f093f0f1-7dc1-44fa-8249-a003f257e421: GrpcService started, listening on 15059
2023-06-02 19:46:28,890 [EndpointStateMachine task thread for /0.0.0.0:15002 - 0 ] INFO  server.GrpcService (GrpcService.java:startImpl(302)) - f093f0f1-7dc1-44fa-8249-a003f257e421: GrpcService started, listening on 15058
2023-06-02 19:46:28,891 [EndpointStateMachine task thread for /0.0.0.0:15002 - 0 ] INFO  ratis.XceiverServerRatis (XceiverServerRatis.java:getRealPort(543)) - XceiverServerRatis f093f0f1-7dc1-44fa-8249-a003f257e421 is started using port 15057 for RATIS
2023-06-02 19:46:28,891 [EndpointStateMachine task thread for /0.0.0.0:15002 - 0 ] INFO  ratis.XceiverServerRatis (XceiverServerRatis.java:getRealPort(543)) - XceiverServerRatis f093f0f1-7dc1-44fa-8249-a003f257e421 is started using port 15058 for RATIS_ADMIN
2023-06-02 19:46:28,891 [EndpointStateMachine task thread for /0.0.0.0:15002 - 0 ] INFO  ratis.XceiverServerRatis (XceiverServerRatis.java:getRealPort(543)) - XceiverServerRatis f093f0f1-7dc1-44fa-8249-a003f257e421 is started using port 15059 for RATIS_SERVER
2023-06-02 19:46:28,891 [EndpointStateMachine task thread for /0.0.0.0:15002 - 0 ] INFO  ratis.XceiverServerRatis (XceiverServerRatis.java:getRealPort(543)) - XceiverServerRatis f093f0f1-7dc1-44fa-8249-a003f257e421 is started using port 15060 for RATIS_DATASTREAM
2023-06-02 19:46:28,891 [JvmPauseMonitor7] INFO  util.JvmPauseMonitor (JvmPauseMonitor.java:run(103)) - JvmPauseMonitor-f093f0f1-7dc1-44fa-8249-a003f257e421: Started
2023-06-02 19:46:28,908 [BlockDeletingService#0] INFO  interfaces.ContainerDeletionChoosingPolicyTemplate (ContainerDeletionChoosingPolicyTemplate.java:chooseContainerForBlockDeletion(83)) - Chosen 0/5000 blocks from 0 candidate containers.
2023-06-02 19:46:29,082 [IPC Server handler 3 on default port 15002] INFO  net.NetworkTopologyImpl (NetworkTopologyImpl.java:add(112)) - Added a new node: /default-rack/f5a51868-327c-422c-ad14-d572ec0233ee
2023-06-02 19:46:29,082 [IPC Server handler 3 on default port 15002] INFO  node.SCMNodeManager (SCMNodeManager.java:register(407)) - Registered Data node : f5a51868-327c-422c-ad14-d572ec0233ee{ip: 10.1.26.0, host: fv-az459-618.msq0az1vewme3jsxyslsv0htic.jx.internal.cloudapp.net, ports: [HTTP=15018, CLIENT_RPC=15019, REPLICATION=15025, RATIS=15021, RATIS_ADMIN=15022, RATIS_SERVER=15023, RATIS_DATASTREAM=15024, STANDALONE=15020], networkLocation: /default-rack, certSerialId: null, persistedOpState: null, persistedOpStateExpiryEpochSec: 0}
2023-06-02 19:46:29,082 [EventQueue-NewNodeForNewNodeHandler] INFO  pipeline.BackgroundPipelineCreator (BackgroundPipelineCreator.java:notifyEventTriggered(276)) - trigger a one-shot run on RatisPipelineUtilsThread.
2023-06-02 19:46:29,084 [EventQueue-NodeRegistrationContainerReportForDataNodeSafeModeRule] INFO  safemode.SCMSafeModeManager (DataNodeSafeModeRule.java:process(71)) - SCM in safe mode. 2 DataNodes registered, 3 required.
2023-06-02 19:46:29,122 [main] INFO  handler.ContextHandler (ContextHandler.java:doStart(921)) - Started o.e.j.w.WebAppContext@c989407{hddsDatanode,/,file:///home/runner/work/ozone/ozone/hadoop-ozone/integration-test/target/test-dir/MiniOzoneClusterImpl-e4789928-4fd4-479e-857e-ac334458de01/datanode-10/meta/webserver/jetty-0_0_0_0-15099-hdds-container-service-1_4_0-SNAPSHOT_jar-_-any-3516486104710376698/webapp/,AVAILABLE}{jar:file:/home/runner/.m2/repository/org/apache/ozone/hdds-container-service/1.4.0-SNAPSHOT/hdds-container-service-1.4.0-SNAPSHOT.jar!/webapps/hddsDatanode}
2023-06-02 19:46:29,127 [main] INFO  server.AbstractConnector (AbstractConnector.java:doStart(333)) - Started ServerConnector@2b70ce89{HTTP/1.1, (http/1.1)}{0.0.0.0:15099}
2023-06-02 19:46:29,127 [main] INFO  server.Server (Server.java:doStart(415)) - Started @14832ms
2023-06-02 19:46:29,127 [main] WARN  impl.MetricsSystemImpl (MetricsSystemImpl.java:register(279)) - Sink prometheus already exists!
2023-06-02 19:46:29,129 [main] INFO  http.BaseHttpServer (BaseHttpServer.java:updateConnectorAddress(344)) - HTTP server of hddsDatanode listening at http://0.0.0.0:15099
2023-06-02 19:46:29,129 [main] INFO  ipc.CallQueueManager (CallQueueManager.java:<init>(90)) - Using callQueue: class java.util.concurrent.LinkedBlockingQueue, queueCapacity: 100, scheduler: class org.apache.hadoop.ipc.DefaultRpcScheduler, ipcBackoff: false.
2023-06-02 19:46:29,132 [Socket Reader #1 for port 15100] INFO  ipc.Server (Server.java:run(1319)) - Starting Socket Reader #1 for port 15100
2023-06-02 19:46:29,139 [Listener at 0.0.0.0/15100] INFO  hdds.HddsUtils (HddsUtils.java:preserveThreadName(843)) - Restoring thread name: main
2023-06-02 19:46:29,140 [main] INFO  ozone.HddsDatanodeService (HddsDatanodeService.java:start(331)) - Datanode start with admins: [runner]
2023-06-02 19:46:29,140 [main] INFO  ozone.HddsDatanodeClientProtocolServer (HddsDatanodeClientProtocolServer.java:start(83)) - RPC server for Client /0.0.0.0:15100
2023-06-02 19:46:29,140 [IPC Server Responder] INFO  ipc.Server (Server.java:run(1558)) - IPC Server Responder: starting
2023-06-02 19:46:29,142 [IPC Server listener on 15100] INFO  ipc.Server (Server.java:run(1398)) - IPC Server listener on 15100: starting
2023-06-02 19:46:29,148 [main] WARN  impl.MetricRegistriesImpl (MetricRegistriesImpl.java:addReporterRegistration(111)) - New reporters are added after registries were created. Some metrics will be missing from the reporter. Please add reporter before adding any new registry.
2023-06-02 19:46:29,148 [main] WARN  impl.MetricRegistriesImpl (MetricRegistriesImpl.java:addReporterRegistration(111)) - New reporters are added after registries were created. Some metrics will be missing from the reporter. Please add reporter before adding any new registry.
2023-06-02 19:46:29,149 [main] INFO  impl.MetricsSystemImpl (MetricsSystemImpl.java:init(158)) - HddsDatanode metrics system started (again)
2023-06-02 19:46:29,151 [Datanode State Machine Daemon Thread] INFO  statemachine.DatanodeStateMachine (DatanodeStateMachine.java:lambda$startDaemon$0(523)) - Ozone container server started.
2023-06-02 19:46:29,166 [main] INFO  ozone.HddsDatanodeService (HddsDatanodeService.java:start(261)) - HddsDatanodeService host:fv-az459-618.msq0az1vewme3jsxyslsv0htic.jx.internal.cloudapp.net ip:10.1.26.0
2023-06-02 19:46:29,175 [Datanode State Machine Task Thread - 0] INFO  datanode.InitDatanodeState (InitDatanodeState.java:persistContainerDatanodeDetails(138)) - DatanodeDetails is persisted to /home/runner/work/ozone/ozone/hadoop-ozone/integration-test/target/test-dir/MiniOzoneClusterImpl-e4789928-4fd4-479e-857e-ac334458de01/datanode-10/meta/datanode.id
2023-06-02 19:46:29,210 [main] INFO  upgrade.AbstractLayoutVersionManager (AbstractLayoutVersionManager.java:init(83)) - Initializing Layout version manager with metadata layout = HADOOP_PRC_PORTS_IN_DATANODEDETAILS (version = 7), software layout = HADOOP_PRC_PORTS_IN_DATANODEDETAILS (version = 7)
2023-06-02 19:46:29,211 [main] INFO  statemachine.DatanodeStateMachine (DatanodeStateMachine.java:getEndPointTaskThreadPoolSize(271)) - Datanode State Machine Task Thread Pool size 2
2023-06-02 19:46:29,216 [main] INFO  volume.HddsVolume (HddsVolume.java:<init>(130)) - Creating HddsVolume: /home/runner/work/ozone/ozone/hadoop-ozone/integration-test/target/test-dir/MiniOzoneClusterImpl-e4789928-4fd4-479e-857e-ac334458de01/datanode-11/data-0/containers/hdds of storage type : DISK capacity : 9223372036854775807
2023-06-02 19:46:29,216 [main] INFO  volume.MutableVolumeSet (MutableVolumeSet.java:initializeVolumeSet(175)) - Added Volume : /home/runner/work/ozone/ozone/hadoop-ozone/integration-test/target/test-dir/MiniOzoneClusterImpl-e4789928-4fd4-479e-857e-ac334458de01/datanode-11/data-0/containers/hdds to VolumeSet
2023-06-02 19:46:29,216 [main] INFO  volume.ThrottledAsyncChecker (ThrottledAsyncChecker.java:schedule(141)) - Scheduling a check for /home/runner/work/ozone/ozone/hadoop-ozone/integration-test/target/test-dir/MiniOzoneClusterImpl-e4789928-4fd4-479e-857e-ac334458de01/datanode-11/data-0/containers/hdds
2023-06-02 19:46:29,217 [main] INFO  volume.StorageVolumeChecker (StorageVolumeChecker.java:checkAllVolumes(202)) - Scheduled health check for volume /home/runner/work/ozone/ozone/hadoop-ozone/integration-test/target/test-dir/MiniOzoneClusterImpl-e4789928-4fd4-479e-857e-ac334458de01/datanode-11/data-0/containers/hdds
2023-06-02 19:46:29,230 [main] INFO  volume.MutableVolumeSet (MutableVolumeSet.java:initializeVolumeSet(175)) - Added Volume : /home/runner/work/ozone/ozone/hadoop-ozone/integration-test/target/test-dir/MiniOzoneClusterImpl-e4789928-4fd4-479e-857e-ac334458de01/datanode-11/data/ratis to VolumeSet
2023-06-02 19:46:29,231 [main] INFO  volume.ThrottledAsyncChecker (ThrottledAsyncChecker.java:schedule(141)) - Scheduling a check for /home/runner/work/ozone/ozone/hadoop-ozone/integration-test/target/test-dir/MiniOzoneClusterImpl-e4789928-4fd4-479e-857e-ac334458de01/datanode-11/data/ratis
2023-06-02 19:46:29,231 [main] INFO  volume.StorageVolumeChecker (StorageVolumeChecker.java:checkAllVolumes(202)) - Scheduled health check for volume /home/runner/work/ozone/ozone/hadoop-ozone/integration-test/target/test-dir/MiniOzoneClusterImpl-e4789928-4fd4-479e-857e-ac334458de01/datanode-11/data/ratis
2023-06-02 19:46:29,248 [Thread-365] INFO  ozoneimpl.ContainerReader (ContainerReader.java:readVolume(175)) - Finish verifying containers on volume /home/runner/work/ozone/ozone/hadoop-ozone/integration-test/target/test-dir/MiniOzoneClusterImpl-e4789928-4fd4-479e-857e-ac334458de01/datanode-11/data-0/containers/hdds
2023-06-02 19:46:29,248 [main] INFO  ozoneimpl.OzoneContainer (OzoneContainer.java:buildContainerSet(303)) - Build ContainerSet costs 0s
2023-06-02 19:46:29,250 [main] INFO  server.RaftServer (ConfUtils.java:logGet(46)) - raft.rpc.type = GRPC (default)
2023-06-02 19:46:29,251 [main] INFO  grpc.GrpcConfigKeys (ConfUtils.java:logFallback(53)) - raft.grpc.admin.host = null (fallback to raft.grpc.server.host)
2023-06-02 19:46:29,251 [main] INFO  grpc.GrpcConfigKeys (ConfUtils.java:logGet(46)) - raft.grpc.admin.port = 15112 (custom)
2023-06-02 19:46:29,251 [main] INFO  grpc.GrpcConfigKeys (ConfUtils.java:logFallback(53)) - raft.grpc.client.host = null (fallback to raft.grpc.server.host)
2023-06-02 19:46:29,251 [main] INFO  grpc.GrpcConfigKeys (ConfUtils.java:logGet(46)) - raft.grpc.client.port = 15111 (custom)
2023-06-02 19:46:29,251 [main] INFO  grpc.GrpcConfigKeys (ConfUtils.java:logGet(46)) - raft.grpc.server.host = null (default)
2023-06-02 19:46:29,252 [main] INFO  grpc.GrpcConfigKeys (ConfUtils.java:logGet(46)) - raft.grpc.server.port = 15113 (custom)
2023-06-02 19:46:29,252 [main] INFO  server.GrpcService (ConfUtils.java:logGet(46)) - raft.grpc.message.size.max = 32MB (=33554432) (custom)
2023-06-02 19:46:29,252 [main] INFO  server.RaftServerConfigKeys (ConfUtils.java:logGet(46)) - raft.server.log.appender.buffer.byte-limit = 33554432 (custom)
2023-06-02 19:46:29,252 [main] INFO  server.GrpcService (ConfUtils.java:logGet(46)) - raft.grpc.flow.control.window = 5MB (=5242880) (custom)
2023-06-02 19:46:29,252 [main] INFO  server.RaftServerConfigKeys (ConfUtils.java:logGet(46)) - raft.server.rpc.request.timeout = 60s (custom)
2023-06-02 19:46:29,252 [main] INFO  grpc.GrpcConfigKeys (ConfUtils.java:logGet(46)) - raft.grpc.server.heartbeat.channel = true (default)
2023-06-02 19:46:29,253 [main] INFO  grpc.GrpcConfigKeys (ConfUtils.java:logGet(46)) - raft.grpc.server.async.request.thread.pool.cached = true (default)
2023-06-02 19:46:29,253 [main] INFO  grpc.GrpcConfigKeys (ConfUtils.java:logGet(46)) - raft.grpc.server.async.request.thread.pool.size = 32 (default)
2023-06-02 19:46:29,255 [main] INFO  impl.DataStreamServerImpl (ConfUtils.java:logGet(46)) - raft.datastream.type = NETTY (custom)
2023-06-02 19:46:29,256 [main] INFO  server.RaftServerConfigKeys (ConfUtils.java:logGet(46)) - raft.server.data-stream.async.request.thread.pool.cached = false (default)
2023-06-02 19:46:29,256 [main] INFO  server.RaftServerConfigKeys (ConfUtils.java:logGet(46)) - raft.server.data-stream.async.request.thread.pool.size = 20 (custom)
2023-06-02 19:46:29,256 [main] INFO  server.RaftServerConfigKeys (ConfUtils.java:logGet(46)) - raft.server.data-stream.async.write.thread.pool.size = 16 (default)
2023-06-02 19:46:29,256 [main] INFO  server.RaftServerConfigKeys (ConfUtils.java:logGet(46)) - raft.server.data-stream.client.pool.size = 10 (default)
2023-06-02 19:46:29,257 [main] INFO  netty.NettyConfigKeys$DataStream (ConfUtils.java:logGet(46)) - raft.netty.dataStream.server.use-epoll = false (default)
2023-06-02 19:46:29,257 [main] INFO  netty.NettyConfigKeys$DataStream (ConfUtils.java:logGet(46)) - raft.netty.dataStream.server.boss-group.size = 0 (default)
2023-06-02 19:46:29,257 [main] INFO  netty.NettyConfigKeys$DataStream (ConfUtils.java:logGet(46)) - raft.netty.dataStream.server.worker-group.size = 0 (default)
2023-06-02 19:46:29,258 [main] INFO  netty.NettyConfigKeys$DataStream (ConfUtils.java:logGet(46)) - raft.netty.dataStream.server.tls.conf = null (default)
2023-06-02 19:46:29,258 [main] INFO  netty.NettyConfigKeys$DataStream (ConfUtils.java:logGet(46)) - raft.netty.dataStream.host = null (default)
2023-06-02 19:46:29,258 [main] INFO  netty.NettyConfigKeys$DataStream (ConfUtils.java:logGet(46)) - raft.netty.dataStream.port = 15114 (custom)
2023-06-02 19:46:29,259 [main] INFO  server.RaftServerConfigKeys (ConfUtils.java:logGet(46)) - raft.server.threadpool.proxy.cached = true (default)
2023-06-02 19:46:29,259 [main] INFO  server.RaftServerConfigKeys (ConfUtils.java:logGet(46)) - raft.server.threadpool.proxy.size = 0 (default)
2023-06-02 19:46:29,259 [main] INFO  server.RaftServerConfigKeys (ConfUtils.java:logGet(46)) - raft.server.rpc.slowness.timeout = 300s (custom)
2023-06-02 19:46:29,259 [main] INFO  server.RaftServerConfigKeys (ConfUtils.java:logGet(46)) - raft.server.leaderelection.leader.step-down.wait-time = 10s (default)
2023-06-02 19:46:29,259 [main] INFO  server.RaftServerConfigKeys (ConfUtils.java:logGet(46)) - raft.server.storage.dir = [/home/runner/work/ozone/ozone/hadoop-ozone/integration-test/target/test-dir/MiniOzoneClusterImpl-e4789928-4fd4-479e-857e-ac334458de01/datanode-11/data/ratis] (custom)
2023-06-02 19:46:29,272 [main] INFO  server.XceiverServerGrpc (XceiverServerGrpc.java:<init>(132)) - GrpcServer channel type EpollServerSocketChannel
2023-06-02 19:46:29,274 [a3512fa8-98cf-431f-8bbe-512df84cf246-NettyServerStreamRpc-bossGroup--thread1] INFO  logging.LoggingHandler (AbstractInternalLogger.java:log(148)) - [id: 0x3128af95] REGISTERED
2023-06-02 19:46:29,274 [a3512fa8-98cf-431f-8bbe-512df84cf246-NettyServerStreamRpc-bossGroup--thread1] INFO  logging.LoggingHandler (AbstractInternalLogger.java:log(148)) - [id: 0x3128af95] BIND: 0.0.0.0/0.0.0.0:15114
2023-06-02 19:46:29,274 [a3512fa8-98cf-431f-8bbe-512df84cf246-NettyServerStreamRpc-bossGroup--thread1] INFO  logging.LoggingHandler (AbstractInternalLogger.java:log(148)) - [id: 0x3128af95, L:/0:0:0:0:0:0:0:0:15114] ACTIVE
2023-06-02 19:46:29,400 [EndpointStateMachine task thread for /0.0.0.0:15002 - 0 ] INFO  utils.DatanodeStoreCache (DatanodeStoreCache.java:addDB(66)) - Added db /home/runner/work/ozone/ozone/hadoop-ozone/integration-test/target/test-dir/MiniOzoneClusterImpl-e4789928-4fd4-479e-857e-ac334458de01/datanode-6/data-0/containers/hdds/e4789928-4fd4-479e-857e-ac334458de01/DS-cff2ee52-8daf-495d-b9d2-bc2f058c8af1/container.db to cache
2023-06-02 19:46:29,400 [EndpointStateMachine task thread for /0.0.0.0:15002 - 0 ] INFO  volume.HddsVolume (HddsVolume.java:createDbStore(350)) - SchemaV3 db is created and loaded at /home/runner/work/ozone/ozone/hadoop-ozone/integration-test/target/test-dir/MiniOzoneClusterImpl-e4789928-4fd4-479e-857e-ac334458de01/datanode-6/data-0/containers/hdds/e4789928-4fd4-479e-857e-ac334458de01/DS-cff2ee52-8daf-495d-b9d2-bc2f058c8af1/container.db for volume DS-cff2ee52-8daf-495d-b9d2-bc2f058c8af1
2023-06-02 19:46:29,400 [EndpointStateMachine task thread for /0.0.0.0:15002 - 0 ] INFO  ozoneimpl.OzoneContainer (OzoneContainer.java:start(398)) - Attempting to start container services.
2023-06-02 19:46:29,401 [EndpointStateMachine task thread for /0.0.0.0:15002 - 0 ] INFO  ozoneimpl.OzoneContainer (OzoneContainer.java:startContainerScrub(314)) - Scheduled background container scanners and the on-demand container scanner have been disabled.
2023-06-02 19:46:29,402 [main] INFO  replication.ReplicationSupervisor (ReplicationSupervisor.java:nodeStateUpdated(305)) - Node state updated to IN_SERVICE, scaling executor pool size to 10
2023-06-02 19:46:29,416 [EndpointStateMachine task thread for /0.0.0.0:15002 - 0 ] INFO  replication.ReplicationServer (ReplicationServer.java:start(128)) - ReplicationServer is started using port 15070
2023-06-02 19:46:29,416 [EndpointStateMachine task thread for /0.0.0.0:15002 - 0 ] INFO  ratis.XceiverServerRatis (XceiverServerRatis.java:start(517)) - Starting XceiverServerRatis 68e68f39-32fc-4b84-93e4-f20720881325
2023-06-02 19:46:29,416 [EndpointStateMachine task thread for /0.0.0.0:15002 - 0 ] INFO  server.RaftServer (RaftServerProxy.java:startImpl(400)) - 68e68f39-32fc-4b84-93e4-f20720881325: start RPC server
2023-06-02 19:46:29,420 [EndpointStateMachine task thread for /0.0.0.0:15002 - 0 ] INFO  server.GrpcService (GrpcService.java:startImpl(302)) - 68e68f39-32fc-4b84-93e4-f20720881325: GrpcService started, listening on 15066
2023-06-02 19:46:29,421 [main] INFO  http.BaseHttpServer (BaseHttpServer.java:newHttpServer2BuilderForOzone(224)) - Starting Web-server for hddsDatanode at: http://0.0.0.0:15108
2023-06-02 19:46:29,421 [main] INFO  http.BaseHttpServer (BaseHttpServer.java:<init>(111)) - Hadoop Security Enabled: false Ozone Security Enabled: false Ozone HTTP Security Enabled: false 
2023-06-02 19:46:29,422 [main] WARN  server.AuthenticationFilter (AuthenticationFilter.java:constructSecretProvider(240)) - Unable to initialize FileSignerSecretProvider, falling back to use random secrets. Reason: Could not read signature secret file: /home/runner/hadoop-http-auth-signature-secret
2023-06-02 19:46:29,427 [main] INFO  http.HttpRequestLog (HttpRequestLog.java:getRequestLog(86)) - Http request log for http.requests.hddsDatanode is not defined
2023-06-02 19:46:29,428 [main] INFO  http.HttpServer2 (HttpServer2.java:addGlobalFilter(1031)) - Added global filter 'safety' (class=org.apache.hadoop.hdds.server.http.HttpServer2$QuotingInputFilter)
2023-06-02 19:46:29,429 [main] INFO  http.HttpServer2 (HttpServer2.java:addFilter(1007)) - Added filter static_user_filter (class=org.apache.hadoop.http.lib.StaticUserWebFilter$StaticUserFilter) to context hddsDatanode
2023-06-02 19:46:29,429 [main] INFO  http.HttpServer2 (HttpServer2.java:addFilter(1015)) - Added filter static_user_filter (class=org.apache.hadoop.http.lib.StaticUserWebFilter$StaticUserFilter) to context logs
2023-06-02 19:46:29,429 [main] INFO  http.HttpServer2 (HttpServer2.java:addFilter(1015)) - Added filter static_user_filter (class=org.apache.hadoop.http.lib.StaticUserWebFilter$StaticUserFilter) to context static
2023-06-02 19:46:29,430 [main] INFO  http.BaseHttpServer (BaseHttpServer.java:<init>(190)) - HTTP server of hddsDatanode uses base directory /home/runner/work/ozone/ozone/hadoop-ozone/integration-test/target/test-dir/MiniOzoneClusterImpl-e4789928-4fd4-479e-857e-ac334458de01/datanode-11/meta/webserver
2023-06-02 19:46:29,430 [main] INFO  http.HttpServer2 (HttpServer2.java:bindListener(1250)) - Jetty bound to port 15108
2023-06-02 19:46:29,430 [main] INFO  server.Server (Server.java:doStart(375)) - jetty-9.4.51.v20230217; built: 2023-02-17T08:19:37.309Z; git: b45c405e4544384de066f814ed42ae3dceacdd49; jvm 1.8.0_372-b07
2023-06-02 19:46:29,439 [main] INFO  server.session (DefaultSessionIdManager.java:doStart(334)) - DefaultSessionIdManager workerName=node0
2023-06-02 19:46:29,439 [main] INFO  server.session (DefaultSessionIdManager.java:doStart(339)) - No SessionScavenger set, using defaults
2023-06-02 19:46:29,439 [main] INFO  server.session (HouseKeeper.java:startScavenging(132)) - node0 Scavenging every 600000ms
2023-06-02 19:46:29,440 [main] INFO  handler.ContextHandler (ContextHandler.java:doStart(921)) - Started o.e.j.s.ServletContextHandler@6a556ae0{logs,/logs,file:///home/runner/work/ozone/ozone/hadoop-ozone/integration-test/target/log,AVAILABLE}
2023-06-02 19:46:29,440 [main] INFO  handler.ContextHandler (ContextHandler.java:doStart(921)) - Started o.e.j.s.ServletContextHandler@7d06fa4c{static,/static,jar:file:/home/runner/.m2/repository/org/apache/ozone/hdds-container-service/1.4.0-SNAPSHOT/hdds-container-service-1.4.0-SNAPSHOT.jar!/webapps/static,AVAILABLE}
2023-06-02 19:46:29,445 [EndpointStateMachine task thread for /0.0.0.0:15002 - 0 ] INFO  server.GrpcService (GrpcService.java:startImpl(302)) - 68e68f39-32fc-4b84-93e4-f20720881325: GrpcService started, listening on 15068
2023-06-02 19:46:29,447 [EndpointStateMachine task thread for /0.0.0.0:15002 - 0 ] INFO  server.GrpcService (GrpcService.java:startImpl(302)) - 68e68f39-32fc-4b84-93e4-f20720881325: GrpcService started, listening on 15067
2023-06-02 19:46:29,448 [EndpointStateMachine task thread for /0.0.0.0:15002 - 0 ] INFO  ratis.XceiverServerRatis (XceiverServerRatis.java:getRealPort(543)) - XceiverServerRatis 68e68f39-32fc-4b84-93e4-f20720881325 is started using port 15066 for RATIS
2023-06-02 19:46:29,448 [EndpointStateMachine task thread for /0.0.0.0:15002 - 0 ] INFO  ratis.XceiverServerRatis (XceiverServerRatis.java:getRealPort(543)) - XceiverServerRatis 68e68f39-32fc-4b84-93e4-f20720881325 is started using port 15067 for RATIS_ADMIN
2023-06-02 19:46:29,448 [EndpointStateMachine task thread for /0.0.0.0:15002 - 0 ] INFO  ratis.XceiverServerRatis (XceiverServerRatis.java:getRealPort(543)) - XceiverServerRatis 68e68f39-32fc-4b84-93e4-f20720881325 is started using port 15068 for RATIS_SERVER
2023-06-02 19:46:29,448 [EndpointStateMachine task thread for /0.0.0.0:15002 - 0 ] INFO  ratis.XceiverServerRatis (XceiverServerRatis.java:getRealPort(543)) - XceiverServerRatis 68e68f39-32fc-4b84-93e4-f20720881325 is started using port 15069 for RATIS_DATASTREAM
2023-06-02 19:46:29,448 [JvmPauseMonitor8] INFO  util.JvmPauseMonitor (JvmPauseMonitor.java:run(103)) - JvmPauseMonitor-68e68f39-32fc-4b84-93e4-f20720881325: Started
2023-06-02 19:46:29,472 [IPC Server handler 4 on default port 15002] INFO  net.NetworkTopologyImpl (NetworkTopologyImpl.java:add(112)) - Added a new node: /default-rack/60ac4d22-094a-4270-8266-44944d79861e
2023-06-02 19:46:29,472 [IPC Server handler 4 on default port 15002] INFO  node.SCMNodeManager (SCMNodeManager.java:register(407)) - Registered Data node : 60ac4d22-094a-4270-8266-44944d79861e{ip: 10.1.26.0, host: fv-az459-618.msq0az1vewme3jsxyslsv0htic.jx.internal.cloudapp.net, ports: [HTTP=15027, CLIENT_RPC=15028, REPLICATION=15034, RATIS=15030, RATIS_ADMIN=15031, RATIS_SERVER=15032, RATIS_DATASTREAM=15033, STANDALONE=15029], networkLocation: /default-rack, certSerialId: null, persistedOpState: null, persistedOpStateExpiryEpochSec: 0}
2023-06-02 19:46:29,472 [EventQueue-NodeRegistrationContainerReportForDataNodeSafeModeRule] INFO  safemode.SCMSafeModeManager (DataNodeSafeModeRule.java:process(71)) - SCM in safe mode. 3 DataNodes registered, 3 required.
2023-06-02 19:46:29,472 [EventQueue-NodeRegistrationContainerReportForDataNodeSafeModeRule] INFO  safemode.SCMSafeModeManager (SCMSafeModeManager.java:validateSafeModeExitRules(200)) - DataNodeSafeModeRule rule is successfully validated
2023-06-02 19:46:29,472 [EventQueue-NodeRegistrationContainerReportForDataNodeSafeModeRule] INFO  safemode.SCMSafeModeManager (SCMSafeModeManager.java:completePreCheck(229)) - All SCM safe mode pre check rules have passed
2023-06-02 19:46:29,472 [EventQueue-NodeRegistrationContainerReportForDataNodeSafeModeRule] INFO  ha.SCMContext (SCMContext.java:updateSafeModeStatus(228)) - Update SafeModeStatus from SafeModeStatus{safeModeStatus=true, preCheckPassed=false} to SafeModeStatus{safeModeStatus=true, preCheckPassed=true}.
2023-06-02 19:46:29,472 [EventQueue-NodeRegistrationContainerReportForDataNodeSafeModeRule] INFO  pipeline.BackgroundPipelineCreator (BackgroundPipelineCreator.java:notifyEventTriggered(276)) - trigger a one-shot run on RatisPipelineUtilsThread.
2023-06-02 19:46:29,472 [EventQueue-NewNodeForNewNodeHandler] INFO  pipeline.BackgroundPipelineCreator (BackgroundPipelineCreator.java:notifyEventTriggered(276)) - trigger a one-shot run on RatisPipelineUtilsThread.
2023-06-02 19:46:29,485 [BlockDeletingService#0] INFO  interfaces.ContainerDeletionChoosingPolicyTemplate (ContainerDeletionChoosingPolicyTemplate.java:chooseContainerForBlockDeletion(83)) - Chosen 0/5000 blocks from 0 candidate containers.
2023-06-02 19:46:29,497 [RatisPipelineUtilsThread - 0] INFO  pipeline.RatisPipelineProvider (RatisPipelineProvider.java:lambda$create$0(206)) - Sending CreatePipelineCommand for pipeline:PipelineID=afbb03c3-0d6a-47c3-950c-0c580015af9d to datanode:9e7d7045-1d4c-4270-9434-63584a31babd
2023-06-02 19:46:29,506 [RatisPipelineUtilsThread - 0] INFO  pipeline.RatisPipelineProvider (RatisPipelineProvider.java:lambda$create$0(206)) - Sending CreatePipelineCommand for pipeline:PipelineID=afbb03c3-0d6a-47c3-950c-0c580015af9d to datanode:f5a51868-327c-422c-ad14-d572ec0233ee
2023-06-02 19:46:29,506 [RatisPipelineUtilsThread - 0] INFO  pipeline.RatisPipelineProvider (RatisPipelineProvider.java:lambda$create$0(206)) - Sending CreatePipelineCommand for pipeline:PipelineID=afbb03c3-0d6a-47c3-950c-0c580015af9d to datanode:60ac4d22-094a-4270-8266-44944d79861e
2023-06-02 19:46:29,526 [RatisPipelineUtilsThread - 0] INFO  pipeline.PipelineStateManagerImpl (PipelineStateManagerImpl.java:addPipeline(103)) - Created pipeline Pipeline[ Id: afbb03c3-0d6a-47c3-950c-0c580015af9d, Nodes: 9e7d7045-1d4c-4270-9434-63584a31babd(fv-az459-618.msq0az1vewme3jsxyslsv0htic.jx.internal.cloudapp.net/10.1.26.0)f5a51868-327c-422c-ad14-d572ec0233ee(fv-az459-618.msq0az1vewme3jsxyslsv0htic.jx.internal.cloudapp.net/10.1.26.0)60ac4d22-094a-4270-8266-44944d79861e(fv-az459-618.msq0az1vewme3jsxyslsv0htic.jx.internal.cloudapp.net/10.1.26.0), ReplicationConfig: RATIS/THREE, State:ALLOCATED, leaderId:, CreationTimestamp2023-06-02T19:46:29.493Z[Etc/UTC]].
2023-06-02 19:46:29,536 [RatisPipelineUtilsThread - 0] INFO  pipeline.RatisPipelineProvider (RatisPipelineProvider.java:lambda$create$0(206)) - Sending CreatePipelineCommand for pipeline:PipelineID=cfb787f3-52f4-4437-91cf-498250132de1 to datanode:60ac4d22-094a-4270-8266-44944d79861e
2023-06-02 19:46:29,538 [RatisPipelineUtilsThread - 0] INFO  pipeline.RatisPipelineProvider (RatisPipelineProvider.java:lambda$create$0(206)) - Sending CreatePipelineCommand for pipeline:PipelineID=cfb787f3-52f4-4437-91cf-498250132de1 to datanode:f5a51868-327c-422c-ad14-d572ec0233ee
2023-06-02 19:46:29,539 [RatisPipelineUtilsThread - 0] INFO  pipeline.RatisPipelineProvider (RatisPipelineProvider.java:lambda$create$0(206)) - Sending CreatePipelineCommand for pipeline:PipelineID=cfb787f3-52f4-4437-91cf-498250132de1 to datanode:9e7d7045-1d4c-4270-9434-63584a31babd
2023-06-02 19:46:29,542 [RatisPipelineUtilsThread - 0] INFO  pipeline.PipelineStateManagerImpl (PipelineStateManagerImpl.java:addPipeline(103)) - Created pipeline Pipeline[ Id: cfb787f3-52f4-4437-91cf-498250132de1, Nodes: 60ac4d22-094a-4270-8266-44944d79861e(fv-az459-618.msq0az1vewme3jsxyslsv0htic.jx.internal.cloudapp.net/10.1.26.0)f5a51868-327c-422c-ad14-d572ec0233ee(fv-az459-618.msq0az1vewme3jsxyslsv0htic.jx.internal.cloudapp.net/10.1.26.0)9e7d7045-1d4c-4270-9434-63584a31babd(fv-az459-618.msq0az1vewme3jsxyslsv0htic.jx.internal.cloudapp.net/10.1.26.0), ReplicationConfig: RATIS/THREE, State:ALLOCATED, leaderId:, CreationTimestamp2023-06-02T19:46:29.536Z[Etc/UTC]].
2023-06-02 19:46:29,543 [RatisPipelineUtilsThread - 0] INFO  pipeline.PipelineManagerImpl (PipelineManagerImpl.java:recordMetricsForPipeline(826)) - Pipeline: PipelineID=cfb787f3-52f4-4437-91cf-498250132de1 contains same datanodes as previous pipelines: PipelineID=afbb03c3-0d6a-47c3-950c-0c580015af9d nodeIds: 60ac4d22-094a-4270-8266-44944d79861e, f5a51868-327c-422c-ad14-d572ec0233ee, 9e7d7045-1d4c-4270-9434-63584a31babd
2023-06-02 19:46:29,545 [RatisPipelineUtilsThread - 0] WARN  pipeline.PipelinePlacementPolicy (PipelinePlacementPolicy.java:filterViableNodes(160)) - Pipeline creation failed due to no sufficient healthy datanodes. Required 3. Found 0. Excluded 3.
2023-06-02 19:46:29,552 [RatisPipelineUtilsThread - 0] WARN  pipeline.PipelinePlacementPolicy (PipelinePlacementPolicy.java:filterViableNodes(160)) - Pipeline creation failed due to no sufficient healthy datanodes. Required 3. Found 0. Excluded 3.
2023-06-02 19:46:29,801 [EndpointStateMachine task thread for /0.0.0.0:15002 - 0 ] INFO  utils.DatanodeStoreCache (DatanodeStoreCache.java:addDB(66)) - Added db /home/runner/work/ozone/ozone/hadoop-ozone/integration-test/target/test-dir/MiniOzoneClusterImpl-e4789928-4fd4-479e-857e-ac334458de01/datanode-7/data-0/containers/hdds/e4789928-4fd4-479e-857e-ac334458de01/DS-0edb6c9f-e5a4-4a07-aadf-1fe959ca73b9/container.db to cache
2023-06-02 19:46:29,804 [EndpointStateMachine task thread for /0.0.0.0:15002 - 0 ] INFO  volume.HddsVolume (HddsVolume.java:createDbStore(350)) - SchemaV3 db is created and loaded at /home/runner/work/ozone/ozone/hadoop-ozone/integration-test/target/test-dir/MiniOzoneClusterImpl-e4789928-4fd4-479e-857e-ac334458de01/datanode-7/data-0/containers/hdds/e4789928-4fd4-479e-857e-ac334458de01/DS-0edb6c9f-e5a4-4a07-aadf-1fe959ca73b9/container.db for volume DS-0edb6c9f-e5a4-4a07-aadf-1fe959ca73b9
2023-06-02 19:46:29,804 [EndpointStateMachine task thread for /0.0.0.0:15002 - 0 ] INFO  ozoneimpl.OzoneContainer (OzoneContainer.java:start(398)) - Attempting to start container services.
2023-06-02 19:46:29,805 [EndpointStateMachine task thread for /0.0.0.0:15002 - 0 ] INFO  ozoneimpl.OzoneContainer (OzoneContainer.java:startContainerScrub(314)) - Scheduled background container scanners and the on-demand container scanner have been disabled.
2023-06-02 19:46:29,808 [EndpointStateMachine task thread for /0.0.0.0:15002 - 0 ] INFO  replication.ReplicationServer (ReplicationServer.java:start(128)) - ReplicationServer is started using port 15079
2023-06-02 19:46:29,808 [EndpointStateMachine task thread for /0.0.0.0:15002 - 0 ] INFO  ratis.XceiverServerRatis (XceiverServerRatis.java:start(517)) - Starting XceiverServerRatis 37ff51e8-4d98-426c-9b80-6778ef5a23bd
2023-06-02 19:46:29,810 [EndpointStateMachine task thread for /0.0.0.0:15002 - 0 ] INFO  server.RaftServer (RaftServerProxy.java:startImpl(400)) - 37ff51e8-4d98-426c-9b80-6778ef5a23bd: start RPC server
2023-06-02 19:46:29,816 [EndpointStateMachine task thread for /0.0.0.0:15002 - 0 ] INFO  server.GrpcService (GrpcService.java:startImpl(302)) - 37ff51e8-4d98-426c-9b80-6778ef5a23bd: GrpcService started, listening on 15075
2023-06-02 19:46:29,818 [EndpointStateMachine task thread for /0.0.0.0:15002 - 0 ] INFO  server.GrpcService (GrpcService.java:startImpl(302)) - 37ff51e8-4d98-426c-9b80-6778ef5a23bd: GrpcService started, listening on 15077
2023-06-02 19:46:29,823 [EndpointStateMachine task thread for /0.0.0.0:15002 - 0 ] INFO  server.GrpcService (GrpcService.java:startImpl(302)) - 37ff51e8-4d98-426c-9b80-6778ef5a23bd: GrpcService started, listening on 15076
2023-06-02 19:46:29,823 [EndpointStateMachine task thread for /0.0.0.0:15002 - 0 ] INFO  ratis.XceiverServerRatis (XceiverServerRatis.java:getRealPort(543)) - XceiverServerRatis 37ff51e8-4d98-426c-9b80-6778ef5a23bd is started using port 15075 for RATIS
2023-06-02 19:46:29,823 [EndpointStateMachine task thread for /0.0.0.0:15002 - 0 ] INFO  ratis.XceiverServerRatis (XceiverServerRatis.java:getRealPort(543)) - XceiverServerRatis 37ff51e8-4d98-426c-9b80-6778ef5a23bd is started using port 15076 for RATIS_ADMIN
2023-06-02 19:46:29,823 [JvmPauseMonitor9] INFO  util.JvmPauseMonitor (JvmPauseMonitor.java:run(103)) - JvmPauseMonitor-37ff51e8-4d98-426c-9b80-6778ef5a23bd: Started
2023-06-02 19:46:29,823 [EndpointStateMachine task thread for /0.0.0.0:15002 - 0 ] INFO  ratis.XceiverServerRatis (XceiverServerRatis.java:getRealPort(543)) - XceiverServerRatis 37ff51e8-4d98-426c-9b80-6778ef5a23bd is started using port 15077 for RATIS_SERVER
2023-06-02 19:46:29,823 [EndpointStateMachine task thread for /0.0.0.0:15002 - 0 ] INFO  ratis.XceiverServerRatis (XceiverServerRatis.java:getRealPort(543)) - XceiverServerRatis 37ff51e8-4d98-426c-9b80-6778ef5a23bd is started using port 15078 for RATIS_DATASTREAM
2023-06-02 19:46:29,831 [BlockDeletingService#0] INFO  interfaces.ContainerDeletionChoosingPolicyTemplate (ContainerDeletionChoosingPolicyTemplate.java:chooseContainerForBlockDeletion(83)) - Chosen 0/5000 blocks from 0 candidate containers.
2023-06-02 19:46:29,840 [main] INFO  handler.ContextHandler (ContextHandler.java:doStart(921)) - Started o.e.j.w.WebAppContext@7ede2028{hddsDatanode,/,file:///home/runner/work/ozone/ozone/hadoop-ozone/integration-test/target/test-dir/MiniOzoneClusterImpl-e4789928-4fd4-479e-857e-ac334458de01/datanode-11/meta/webserver/jetty-0_0_0_0-15108-hdds-container-service-1_4_0-SNAPSHOT_jar-_-any-4559540206534991315/webapp/,AVAILABLE}{jar:file:/home/runner/.m2/repository/org/apache/ozone/hdds-container-service/1.4.0-SNAPSHOT/hdds-container-service-1.4.0-SNAPSHOT.jar!/webapps/hddsDatanode}
2023-06-02 19:46:29,842 [main] INFO  server.AbstractConnector (AbstractConnector.java:doStart(333)) - Started ServerConnector@3df9ddf{HTTP/1.1, (http/1.1)}{0.0.0.0:15108}
2023-06-02 19:46:29,842 [main] INFO  server.Server (Server.java:doStart(415)) - Started @15547ms
2023-06-02 19:46:29,842 [main] WARN  impl.MetricsSystemImpl (MetricsSystemImpl.java:register(279)) - Sink prometheus already exists!
2023-06-02 19:46:29,843 [main] INFO  http.BaseHttpServer (BaseHttpServer.java:updateConnectorAddress(344)) - HTTP server of hddsDatanode listening at http://0.0.0.0:15108
2023-06-02 19:46:29,844 [main] INFO  ipc.CallQueueManager (CallQueueManager.java:<init>(90)) - Using callQueue: class java.util.concurrent.LinkedBlockingQueue, queueCapacity: 100, scheduler: class org.apache.hadoop.ipc.DefaultRpcScheduler, ipcBackoff: false.
2023-06-02 19:46:29,844 [Socket Reader #1 for port 15109] INFO  ipc.Server (Server.java:run(1319)) - Starting Socket Reader #1 for port 15109
2023-06-02 19:46:29,847 [Listener at 0.0.0.0/15109] INFO  hdds.HddsUtils (HddsUtils.java:preserveThreadName(843)) - Restoring thread name: main
2023-06-02 19:46:29,848 [main] INFO  ozone.HddsDatanodeService (HddsDatanodeService.java:start(331)) - Datanode start with admins: [runner]
2023-06-02 19:46:29,848 [main] INFO  ozone.HddsDatanodeClientProtocolServer (HddsDatanodeClientProtocolServer.java:start(83)) - RPC server for Client /0.0.0.0:15109
2023-06-02 19:46:29,848 [IPC Server listener on 15109] INFO  ipc.Server (Server.java:run(1398)) - IPC Server listener on 15109: starting
2023-06-02 19:46:29,849 [IPC Server Responder] INFO  ipc.Server (Server.java:run(1558)) - IPC Server Responder: starting
2023-06-02 19:46:29,849 [Datanode State Machine Daemon Thread] INFO  statemachine.DatanodeStateMachine (DatanodeStateMachine.java:lambda$startDaemon$0(523)) - Ozone container server started.
2023-06-02 19:46:29,849 [main] WARN  impl.MetricRegistriesImpl (MetricRegistriesImpl.java:addReporterRegistration(111)) - New reporters are added after registries were created. Some metrics will be missing from the reporter. Please add reporter before adding any new registry.
2023-06-02 19:46:29,853 [main] WARN  impl.MetricRegistriesImpl (MetricRegistriesImpl.java:addReporterRegistration(111)) - New reporters are added after registries were created. Some metrics will be missing from the reporter. Please add reporter before adding any new registry.
2023-06-02 19:46:29,853 [main] INFO  impl.MetricsSystemImpl (MetricsSystemImpl.java:init(158)) - HddsDatanode metrics system started (again)
2023-06-02 19:46:29,857 [IPC Server handler 3 on default port 15002] INFO  net.NetworkTopologyImpl (NetworkTopologyImpl.java:add(112)) - Added a new node: /default-rack/42efe73c-3d9d-41e2-b05d-c69b43a81cba
2023-06-02 19:46:29,857 [IPC Server handler 3 on default port 15002] INFO  node.SCMNodeManager (SCMNodeManager.java:register(407)) - Registered Data node : 42efe73c-3d9d-41e2-b05d-c69b43a81cba{ip: 10.1.26.0, host: fv-az459-618.msq0az1vewme3jsxyslsv0htic.jx.internal.cloudapp.net, ports: [HTTP=15036, CLIENT_RPC=15037, REPLICATION=15043, RATIS=15039, RATIS_ADMIN=15040, RATIS_SERVER=15041, RATIS_DATASTREAM=15042, STANDALONE=15038], networkLocation: /default-rack, certSerialId: null, persistedOpState: null, persistedOpStateExpiryEpochSec: 0}
2023-06-02 19:46:29,858 [EventQueue-NewNodeForNewNodeHandler] INFO  pipeline.BackgroundPipelineCreator (BackgroundPipelineCreator.java:notifyEventTriggered(276)) - trigger a one-shot run on RatisPipelineUtilsThread.
2023-06-02 19:46:29,858 [RatisPipelineUtilsThread - 0] WARN  pipeline.PipelinePlacementPolicy (PipelinePlacementPolicy.java:filterViableNodes(160)) - Pipeline creation failed due to no sufficient healthy datanodes. Required 3. Found 1. Excluded 3.
2023-06-02 19:46:29,881 [Datanode State Machine Task Thread - 0] INFO  datanode.InitDatanodeState (InitDatanodeState.java:persistContainerDatanodeDetails(138)) - DatanodeDetails is persisted to /home/runner/work/ozone/ozone/hadoop-ozone/integration-test/target/test-dir/MiniOzoneClusterImpl-e4789928-4fd4-479e-857e-ac334458de01/datanode-11/meta/datanode.id
2023-06-02 19:46:29,897 [main] INFO  ozone.HddsDatanodeService (HddsDatanodeService.java:start(261)) - HddsDatanodeService host:fv-az459-618.msq0az1vewme3jsxyslsv0htic.jx.internal.cloudapp.net ip:10.1.26.0
2023-06-02 19:46:29,935 [main] INFO  upgrade.AbstractLayoutVersionManager (AbstractLayoutVersionManager.java:init(83)) - Initializing Layout version manager with metadata layout = HADOOP_PRC_PORTS_IN_DATANODEDETAILS (version = 7), software layout = HADOOP_PRC_PORTS_IN_DATANODEDETAILS (version = 7)
2023-06-02 19:46:29,936 [main] INFO  statemachine.DatanodeStateMachine (DatanodeStateMachine.java:getEndPointTaskThreadPoolSize(271)) - Datanode State Machine Task Thread Pool size 2
2023-06-02 19:46:29,938 [main] INFO  volume.HddsVolume (HddsVolume.java:<init>(130)) - Creating HddsVolume: /home/runner/work/ozone/ozone/hadoop-ozone/integration-test/target/test-dir/MiniOzoneClusterImpl-e4789928-4fd4-479e-857e-ac334458de01/datanode-12/data-0/containers/hdds of storage type : DISK capacity : 9223372036854775807
2023-06-02 19:46:29,939 [main] INFO  volume.MutableVolumeSet (MutableVolumeSet.java:initializeVolumeSet(175)) - Added Volume : /home/runner/work/ozone/ozone/hadoop-ozone/integration-test/target/test-dir/MiniOzoneClusterImpl-e4789928-4fd4-479e-857e-ac334458de01/datanode-12/data-0/containers/hdds to VolumeSet
2023-06-02 19:46:29,939 [main] INFO  volume.ThrottledAsyncChecker (ThrottledAsyncChecker.java:schedule(141)) - Scheduling a check for /home/runner/work/ozone/ozone/hadoop-ozone/integration-test/target/test-dir/MiniOzoneClusterImpl-e4789928-4fd4-479e-857e-ac334458de01/datanode-12/data-0/containers/hdds
2023-06-02 19:46:29,945 [main] INFO  volume.StorageVolumeChecker (StorageVolumeChecker.java:checkAllVolumes(202)) - Scheduled health check for volume /home/runner/work/ozone/ozone/hadoop-ozone/integration-test/target/test-dir/MiniOzoneClusterImpl-e4789928-4fd4-479e-857e-ac334458de01/datanode-12/data-0/containers/hdds
2023-06-02 19:46:29,958 [main] INFO  volume.MutableVolumeSet (MutableVolumeSet.java:initializeVolumeSet(175)) - Added Volume : /home/runner/work/ozone/ozone/hadoop-ozone/integration-test/target/test-dir/MiniOzoneClusterImpl-e4789928-4fd4-479e-857e-ac334458de01/datanode-12/data/ratis to VolumeSet
2023-06-02 19:46:29,958 [main] INFO  volume.ThrottledAsyncChecker (ThrottledAsyncChecker.java:schedule(141)) - Scheduling a check for /home/runner/work/ozone/ozone/hadoop-ozone/integration-test/target/test-dir/MiniOzoneClusterImpl-e4789928-4fd4-479e-857e-ac334458de01/datanode-12/data/ratis
2023-06-02 19:46:29,958 [main] INFO  volume.StorageVolumeChecker (StorageVolumeChecker.java:checkAllVolumes(202)) - Scheduled health check for volume /home/runner/work/ozone/ozone/hadoop-ozone/integration-test/target/test-dir/MiniOzoneClusterImpl-e4789928-4fd4-479e-857e-ac334458de01/datanode-12/data/ratis
2023-06-02 19:46:29,974 [Thread-393] INFO  ozoneimpl.ContainerReader (ContainerReader.java:readVolume(175)) - Finish verifying containers on volume /home/runner/work/ozone/ozone/hadoop-ozone/integration-test/target/test-dir/MiniOzoneClusterImpl-e4789928-4fd4-479e-857e-ac334458de01/datanode-12/data-0/containers/hdds
2023-06-02 19:46:29,975 [main] INFO  ozoneimpl.OzoneContainer (OzoneContainer.java:buildContainerSet(303)) - Build ContainerSet costs 0s
2023-06-02 19:46:29,977 [main] INFO  server.RaftServer (ConfUtils.java:logGet(46)) - raft.rpc.type = GRPC (default)
2023-06-02 19:46:29,978 [main] INFO  grpc.GrpcConfigKeys (ConfUtils.java:logFallback(53)) - raft.grpc.admin.host = null (fallback to raft.grpc.server.host)
2023-06-02 19:46:29,978 [main] INFO  grpc.GrpcConfigKeys (ConfUtils.java:logGet(46)) - raft.grpc.admin.port = 15121 (custom)
2023-06-02 19:46:29,978 [main] INFO  grpc.GrpcConfigKeys (ConfUtils.java:logFallback(53)) - raft.grpc.client.host = null (fallback to raft.grpc.server.host)
2023-06-02 19:46:29,978 [main] INFO  grpc.GrpcConfigKeys (ConfUtils.java:logGet(46)) - raft.grpc.client.port = 15120 (custom)
2023-06-02 19:46:29,978 [main] INFO  grpc.GrpcConfigKeys (ConfUtils.java:logGet(46)) - raft.grpc.server.host = null (default)
2023-06-02 19:46:29,978 [main] INFO  grpc.GrpcConfigKeys (ConfUtils.java:logGet(46)) - raft.grpc.server.port = 15122 (custom)
2023-06-02 19:46:29,978 [main] INFO  server.GrpcService (ConfUtils.java:logGet(46)) - raft.grpc.message.size.max = 32MB (=33554432) (custom)
2023-06-02 19:46:29,979 [main] INFO  server.RaftServerConfigKeys (ConfUtils.java:logGet(46)) - raft.server.log.appender.buffer.byte-limit = 33554432 (custom)
2023-06-02 19:46:29,979 [main] INFO  server.GrpcService (ConfUtils.java:logGet(46)) - raft.grpc.flow.control.window = 5MB (=5242880) (custom)
2023-06-02 19:46:29,979 [main] INFO  server.RaftServerConfigKeys (ConfUtils.java:logGet(46)) - raft.server.rpc.request.timeout = 60s (custom)
2023-06-02 19:46:29,979 [main] INFO  grpc.GrpcConfigKeys (ConfUtils.java:logGet(46)) - raft.grpc.server.heartbeat.channel = true (default)
2023-06-02 19:46:29,983 [main] INFO  grpc.GrpcConfigKeys (ConfUtils.java:logGet(46)) - raft.grpc.server.async.request.thread.pool.cached = true (default)
2023-06-02 19:46:29,983 [main] INFO  grpc.GrpcConfigKeys (ConfUtils.java:logGet(46)) - raft.grpc.server.async.request.thread.pool.size = 32 (default)
2023-06-02 19:46:29,986 [main] INFO  impl.DataStreamServerImpl (ConfUtils.java:logGet(46)) - raft.datastream.type = NETTY (custom)
2023-06-02 19:46:29,987 [main] INFO  server.RaftServerConfigKeys (ConfUtils.java:logGet(46)) - raft.server.data-stream.async.request.thread.pool.cached = false (default)
2023-06-02 19:46:29,988 [main] INFO  server.RaftServerConfigKeys (ConfUtils.java:logGet(46)) - raft.server.data-stream.async.request.thread.pool.size = 20 (custom)
2023-06-02 19:46:29,988 [main] INFO  server.RaftServerConfigKeys (ConfUtils.java:logGet(46)) - raft.server.data-stream.async.write.thread.pool.size = 16 (default)
2023-06-02 19:46:29,988 [main] INFO  server.RaftServerConfigKeys (ConfUtils.java:logGet(46)) - raft.server.data-stream.client.pool.size = 10 (default)
2023-06-02 19:46:29,988 [main] INFO  netty.NettyConfigKeys$DataStream (ConfUtils.java:logGet(46)) - raft.netty.dataStream.server.use-epoll = false (default)
2023-06-02 19:46:29,988 [main] INFO  netty.NettyConfigKeys$DataStream (ConfUtils.java:logGet(46)) - raft.netty.dataStream.server.boss-group.size = 0 (default)
2023-06-02 19:46:29,989 [main] INFO  netty.NettyConfigKeys$DataStream (ConfUtils.java:logGet(46)) - raft.netty.dataStream.server.worker-group.size = 0 (default)
2023-06-02 19:46:29,989 [main] INFO  netty.NettyConfigKeys$DataStream (ConfUtils.java:logGet(46)) - raft.netty.dataStream.server.tls.conf = null (default)
2023-06-02 19:46:29,989 [main] INFO  netty.NettyConfigKeys$DataStream (ConfUtils.java:logGet(46)) - raft.netty.dataStream.host = null (default)
2023-06-02 19:46:29,989 [main] INFO  netty.NettyConfigKeys$DataStream (ConfUtils.java:logGet(46)) - raft.netty.dataStream.port = 15123 (custom)
2023-06-02 19:46:29,991 [main] INFO  server.RaftServerConfigKeys (ConfUtils.java:logGet(46)) - raft.server.threadpool.proxy.cached = true (default)
2023-06-02 19:46:29,991 [main] INFO  server.RaftServerConfigKeys (ConfUtils.java:logGet(46)) - raft.server.threadpool.proxy.size = 0 (default)
2023-06-02 19:46:29,991 [main] INFO  server.RaftServerConfigKeys (ConfUtils.java:logGet(46)) - raft.server.rpc.slowness.timeout = 300s (custom)
2023-06-02 19:46:29,991 [main] INFO  server.RaftServerConfigKeys (ConfUtils.java:logGet(46)) - raft.server.leaderelection.leader.step-down.wait-time = 10s (default)
2023-06-02 19:46:29,991 [main] INFO  server.RaftServerConfigKeys (ConfUtils.java:logGet(46)) - raft.server.storage.dir = [/home/runner/work/ozone/ozone/hadoop-ozone/integration-test/target/test-dir/MiniOzoneClusterImpl-e4789928-4fd4-479e-857e-ac334458de01/datanode-12/data/ratis] (custom)
2023-06-02 19:46:30,004 [main] INFO  server.XceiverServerGrpc (XceiverServerGrpc.java:<init>(132)) - GrpcServer channel type EpollServerSocketChannel
2023-06-02 19:46:30,006 [main] INFO  replication.ReplicationSupervisor (ReplicationSupervisor.java:nodeStateUpdated(305)) - Node state updated to IN_SERVICE, scaling executor pool size to 10
2023-06-02 19:46:30,012 [b4e9a744-1e05-4b97-b8d6-36b228de0114-NettyServerStreamRpc-bossGroup--thread1] INFO  logging.LoggingHandler (AbstractInternalLogger.java:log(148)) - [id: 0x7a298e48] REGISTERED
2023-06-02 19:46:30,012 [b4e9a744-1e05-4b97-b8d6-36b228de0114-NettyServerStreamRpc-bossGroup--thread1] INFO  logging.LoggingHandler (AbstractInternalLogger.java:log(148)) - [id: 0x7a298e48] BIND: 0.0.0.0/0.0.0.0:15123
2023-06-02 19:46:30,012 [b4e9a744-1e05-4b97-b8d6-36b228de0114-NettyServerStreamRpc-bossGroup--thread1] INFO  logging.LoggingHandler (AbstractInternalLogger.java:log(148)) - [id: 0x7a298e48, L:/0:0:0:0:0:0:0:0:15123] ACTIVE
2023-06-02 19:46:30,013 [main] INFO  http.BaseHttpServer (BaseHttpServer.java:newHttpServer2BuilderForOzone(224)) - Starting Web-server for hddsDatanode at: http://0.0.0.0:15117
2023-06-02 19:46:30,013 [main] INFO  http.BaseHttpServer (BaseHttpServer.java:<init>(111)) - Hadoop Security Enabled: false Ozone Security Enabled: false Ozone HTTP Security Enabled: false 
2023-06-02 19:46:30,014 [main] WARN  server.AuthenticationFilter (AuthenticationFilter.java:constructSecretProvider(240)) - Unable to initialize FileSignerSecretProvider, falling back to use random secrets. Reason: Could not read signature secret file: /home/runner/hadoop-http-auth-signature-secret
2023-06-02 19:46:30,015 [main] INFO  http.HttpRequestLog (HttpRequestLog.java:getRequestLog(86)) - Http request log for http.requests.hddsDatanode is not defined
2023-06-02 19:46:30,016 [main] INFO  http.HttpServer2 (HttpServer2.java:addGlobalFilter(1031)) - Added global filter 'safety' (class=org.apache.hadoop.hdds.server.http.HttpServer2$QuotingInputFilter)
2023-06-02 19:46:30,017 [main] INFO  http.HttpServer2 (HttpServer2.java:addFilter(1007)) - Added filter static_user_filter (class=org.apache.hadoop.http.lib.StaticUserWebFilter$StaticUserFilter) to context hddsDatanode
2023-06-02 19:46:30,017 [main] INFO  http.HttpServer2 (HttpServer2.java:addFilter(1015)) - Added filter static_user_filter (class=org.apache.hadoop.http.lib.StaticUserWebFilter$StaticUserFilter) to context logs
2023-06-02 19:46:30,017 [main] INFO  http.HttpServer2 (HttpServer2.java:addFilter(1015)) - Added filter static_user_filter (class=org.apache.hadoop.http.lib.StaticUserWebFilter$StaticUserFilter) to context static
2023-06-02 19:46:30,018 [main] INFO  http.BaseHttpServer (BaseHttpServer.java:<init>(190)) - HTTP server of hddsDatanode uses base directory /home/runner/work/ozone/ozone/hadoop-ozone/integration-test/target/test-dir/MiniOzoneClusterImpl-e4789928-4fd4-479e-857e-ac334458de01/datanode-12/meta/webserver
2023-06-02 19:46:30,018 [main] INFO  http.HttpServer2 (HttpServer2.java:bindListener(1250)) - Jetty bound to port 15117
2023-06-02 19:46:30,019 [main] INFO  server.Server (Server.java:doStart(375)) - jetty-9.4.51.v20230217; built: 2023-02-17T08:19:37.309Z; git: b45c405e4544384de066f814ed42ae3dceacdd49; jvm 1.8.0_372-b07
2023-06-02 19:46:30,024 [main] INFO  server.session (DefaultSessionIdManager.java:doStart(334)) - DefaultSessionIdManager workerName=node0
2023-06-02 19:46:30,025 [main] INFO  server.session (DefaultSessionIdManager.java:doStart(339)) - No SessionScavenger set, using defaults
2023-06-02 19:46:30,025 [main] INFO  server.session (HouseKeeper.java:startScavenging(132)) - node0 Scavenging every 600000ms
2023-06-02 19:46:30,026 [main] INFO  handler.ContextHandler (ContextHandler.java:doStart(921)) - Started o.e.j.s.ServletContextHandler@48bd1b0b{logs,/logs,file:///home/runner/work/ozone/ozone/hadoop-ozone/integration-test/target/log,AVAILABLE}
2023-06-02 19:46:30,026 [main] INFO  handler.ContextHandler (ContextHandler.java:doStart(921)) - Started o.e.j.s.ServletContextHandler@55006646{static,/static,jar:file:/home/runner/.m2/repository/org/apache/ozone/hdds-container-service/1.4.0-SNAPSHOT/hdds-container-service-1.4.0-SNAPSHOT.jar!/webapps/static,AVAILABLE}
2023-06-02 19:46:30,241 [IPC Server handler 4 on default port 15002] INFO  net.NetworkTopologyImpl (NetworkTopologyImpl.java:add(112)) - Added a new node: /default-rack/3e53829d-da6c-4746-b554-01bfe538e40e
2023-06-02 19:46:30,241 [IPC Server handler 4 on default port 15002] INFO  node.SCMNodeManager (SCMNodeManager.java:register(407)) - Registered Data node : 3e53829d-da6c-4746-b554-01bfe538e40e{ip: 10.1.26.0, host: fv-az459-618.msq0az1vewme3jsxyslsv0htic.jx.internal.cloudapp.net, ports: [HTTP=15045, CLIENT_RPC=15046, REPLICATION=15052, RATIS=15048, RATIS_ADMIN=15049, RATIS_SERVER=15050, RATIS_DATASTREAM=15051, STANDALONE=15047], networkLocation: /default-rack, certSerialId: null, persistedOpState: null, persistedOpStateExpiryEpochSec: 0}
2023-06-02 19:46:30,242 [EventQueue-NewNodeForNewNodeHandler] INFO  pipeline.BackgroundPipelineCreator (BackgroundPipelineCreator.java:notifyEventTriggered(276)) - trigger a one-shot run on RatisPipelineUtilsThread.
2023-06-02 19:46:30,242 [RatisPipelineUtilsThread - 0] WARN  pipeline.PipelinePlacementPolicy (PipelinePlacementPolicy.java:filterViableNodes(160)) - Pipeline creation failed due to no sufficient healthy datanodes. Required 3. Found 2. Excluded 3.
2023-06-02 19:46:30,265 [main] INFO  handler.ContextHandler (ContextHandler.java:doStart(921)) - Started o.e.j.w.WebAppContext@c9d26c8{hddsDatanode,/,file:///home/runner/work/ozone/ozone/hadoop-ozone/integration-test/target/test-dir/MiniOzoneClusterImpl-e4789928-4fd4-479e-857e-ac334458de01/datanode-12/meta/webserver/jetty-0_0_0_0-15117-hdds-container-service-1_4_0-SNAPSHOT_jar-_-any-4808332762770818580/webapp/,AVAILABLE}{jar:file:/home/runner/.m2/repository/org/apache/ozone/hdds-container-service/1.4.0-SNAPSHOT/hdds-container-service-1.4.0-SNAPSHOT.jar!/webapps/hddsDatanode}
2023-06-02 19:46:30,267 [main] INFO  server.AbstractConnector (AbstractConnector.java:doStart(333)) - Started ServerConnector@614d44c4{HTTP/1.1, (http/1.1)}{0.0.0.0:15117}
2023-06-02 19:46:30,267 [main] INFO  server.Server (Server.java:doStart(415)) - Started @15972ms
2023-06-02 19:46:30,268 [main] WARN  impl.MetricsSystemImpl (MetricsSystemImpl.java:register(279)) - Sink prometheus already exists!
2023-06-02 19:46:30,269 [main] INFO  http.BaseHttpServer (BaseHttpServer.java:updateConnectorAddress(344)) - HTTP server of hddsDatanode listening at http://0.0.0.0:15117
2023-06-02 19:46:30,269 [main] INFO  ipc.CallQueueManager (CallQueueManager.java:<init>(90)) - Using callQueue: class java.util.concurrent.LinkedBlockingQueue, queueCapacity: 100, scheduler: class org.apache.hadoop.ipc.DefaultRpcScheduler, ipcBackoff: false.
2023-06-02 19:46:30,270 [Socket Reader #1 for port 15118] INFO  ipc.Server (Server.java:run(1319)) - Starting Socket Reader #1 for port 15118
2023-06-02 19:46:30,271 [Listener at 0.0.0.0/15118] INFO  hdds.HddsUtils (HddsUtils.java:preserveThreadName(843)) - Restoring thread name: main
2023-06-02 19:46:30,283 [main] INFO  ozone.HddsDatanodeService (HddsDatanodeService.java:start(331)) - Datanode start with admins: [runner]
2023-06-02 19:46:30,283 [main] INFO  ozone.HddsDatanodeClientProtocolServer (HddsDatanodeClientProtocolServer.java:start(83)) - RPC server for Client /0.0.0.0:15118
2023-06-02 19:46:30,284 [IPC Server Responder] INFO  ipc.Server (Server.java:run(1558)) - IPC Server Responder: starting
2023-06-02 19:46:30,284 [IPC Server listener on 15118] INFO  ipc.Server (Server.java:run(1398)) - IPC Server listener on 15118: starting
2023-06-02 19:46:30,284 [main] WARN  impl.MetricRegistriesImpl (MetricRegistriesImpl.java:addReporterRegistration(111)) - New reporters are added after registries were created. Some metrics will be missing from the reporter. Please add reporter before adding any new registry.
2023-06-02 19:46:30,285 [main] WARN  impl.MetricRegistriesImpl (MetricRegistriesImpl.java:addReporterRegistration(111)) - New reporters are added after registries were created. Some metrics will be missing from the reporter. Please add reporter before adding any new registry.
2023-06-02 19:46:30,285 [main] INFO  impl.MetricsSystemImpl (MetricsSystemImpl.java:init(158)) - HddsDatanode metrics system started (again)
2023-06-02 19:46:30,293 [Datanode State Machine Daemon Thread] INFO  statemachine.DatanodeStateMachine (DatanodeStateMachine.java:lambda$startDaemon$0(523)) - Ozone container server started.
2023-06-02 19:46:30,313 [EndpointStateMachine task thread for /0.0.0.0:15002 - 0 ] INFO  utils.DatanodeStoreCache (DatanodeStoreCache.java:addDB(66)) - Added db /home/runner/work/ozone/ozone/hadoop-ozone/integration-test/target/test-dir/MiniOzoneClusterImpl-e4789928-4fd4-479e-857e-ac334458de01/datanode-8/data-0/containers/hdds/e4789928-4fd4-479e-857e-ac334458de01/DS-4b5b72a6-d2c2-494b-91d6-74adfce76137/container.db to cache
2023-06-02 19:46:30,313 [EndpointStateMachine task thread for /0.0.0.0:15002 - 0 ] INFO  volume.HddsVolume (HddsVolume.java:createDbStore(350)) - SchemaV3 db is created and loaded at /home/runner/work/ozone/ozone/hadoop-ozone/integration-test/target/test-dir/MiniOzoneClusterImpl-e4789928-4fd4-479e-857e-ac334458de01/datanode-8/data-0/containers/hdds/e4789928-4fd4-479e-857e-ac334458de01/DS-4b5b72a6-d2c2-494b-91d6-74adfce76137/container.db for volume DS-4b5b72a6-d2c2-494b-91d6-74adfce76137
2023-06-02 19:46:30,313 [EndpointStateMachine task thread for /0.0.0.0:15002 - 0 ] INFO  ozoneimpl.OzoneContainer (OzoneContainer.java:start(398)) - Attempting to start container services.
2023-06-02 19:46:30,314 [Datanode State Machine Task Thread - 0] INFO  datanode.InitDatanodeState (InitDatanodeState.java:persistContainerDatanodeDetails(138)) - DatanodeDetails is persisted to /home/runner/work/ozone/ozone/hadoop-ozone/integration-test/target/test-dir/MiniOzoneClusterImpl-e4789928-4fd4-479e-857e-ac334458de01/datanode-12/meta/datanode.id
2023-06-02 19:46:30,315 [EndpointStateMachine task thread for /0.0.0.0:15002 - 0 ] INFO  ozoneimpl.OzoneContainer (OzoneContainer.java:startContainerScrub(314)) - Scheduled background container scanners and the on-demand container scanner have been disabled.
2023-06-02 19:46:30,320 [main] INFO  ozone.HddsDatanodeService (HddsDatanodeService.java:start(261)) - HddsDatanodeService host:fv-az459-618.msq0az1vewme3jsxyslsv0htic.jx.internal.cloudapp.net ip:10.1.26.0
2023-06-02 19:46:30,321 [EndpointStateMachine task thread for /0.0.0.0:15002 - 0 ] INFO  replication.ReplicationServer (ReplicationServer.java:start(128)) - ReplicationServer is started using port 15088
2023-06-02 19:46:30,321 [EndpointStateMachine task thread for /0.0.0.0:15002 - 0 ] INFO  ratis.XceiverServerRatis (XceiverServerRatis.java:start(517)) - Starting XceiverServerRatis 3444f24d-5019-4db9-b49c-a7d3f58b79dc
2023-06-02 19:46:30,325 [EndpointStateMachine task thread for /0.0.0.0:15002 - 0 ] INFO  server.RaftServer (RaftServerProxy.java:startImpl(400)) - 3444f24d-5019-4db9-b49c-a7d3f58b79dc: start RPC server
2023-06-02 19:46:30,330 [EndpointStateMachine task thread for /0.0.0.0:15002 - 0 ] INFO  server.GrpcService (GrpcService.java:startImpl(302)) - 3444f24d-5019-4db9-b49c-a7d3f58b79dc: GrpcService started, listening on 15084
2023-06-02 19:46:30,330 [EndpointStateMachine task thread for /0.0.0.0:15002 - 0 ] INFO  server.GrpcService (GrpcService.java:startImpl(302)) - 3444f24d-5019-4db9-b49c-a7d3f58b79dc: GrpcService started, listening on 15086
2023-06-02 19:46:30,332 [EndpointStateMachine task thread for /0.0.0.0:15002 - 0 ] INFO  server.GrpcService (GrpcService.java:startImpl(302)) - 3444f24d-5019-4db9-b49c-a7d3f58b79dc: GrpcService started, listening on 15085
2023-06-02 19:46:30,335 [EndpointStateMachine task thread for /0.0.0.0:15002 - 0 ] INFO  ratis.XceiverServerRatis (XceiverServerRatis.java:getRealPort(543)) - XceiverServerRatis 3444f24d-5019-4db9-b49c-a7d3f58b79dc is started using port 15084 for RATIS
2023-06-02 19:46:30,335 [EndpointStateMachine task thread for /0.0.0.0:15002 - 0 ] INFO  ratis.XceiverServerRatis (XceiverServerRatis.java:getRealPort(543)) - XceiverServerRatis 3444f24d-5019-4db9-b49c-a7d3f58b79dc is started using port 15085 for RATIS_ADMIN
2023-06-02 19:46:30,335 [EndpointStateMachine task thread for /0.0.0.0:15002 - 0 ] INFO  ratis.XceiverServerRatis (XceiverServerRatis.java:getRealPort(543)) - XceiverServerRatis 3444f24d-5019-4db9-b49c-a7d3f58b79dc is started using port 15086 for RATIS_SERVER
2023-06-02 19:46:30,335 [EndpointStateMachine task thread for /0.0.0.0:15002 - 0 ] INFO  ratis.XceiverServerRatis (XceiverServerRatis.java:getRealPort(543)) - XceiverServerRatis 3444f24d-5019-4db9-b49c-a7d3f58b79dc is started using port 15087 for RATIS_DATASTREAM
2023-06-02 19:46:30,335 [JvmPauseMonitor10] INFO  util.JvmPauseMonitor (JvmPauseMonitor.java:run(103)) - JvmPauseMonitor-3444f24d-5019-4db9-b49c-a7d3f58b79dc: Started
2023-06-02 19:46:30,341 [BlockDeletingService#0] INFO  interfaces.ContainerDeletionChoosingPolicyTemplate (ContainerDeletionChoosingPolicyTemplate.java:chooseContainerForBlockDeletion(83)) - Chosen 0/5000 blocks from 0 candidate containers.
2023-06-02 19:46:30,349 [main] INFO  upgrade.AbstractLayoutVersionManager (AbstractLayoutVersionManager.java:init(83)) - Initializing Layout version manager with metadata layout = HADOOP_PRC_PORTS_IN_DATANODEDETAILS (version = 7), software layout = HADOOP_PRC_PORTS_IN_DATANODEDETAILS (version = 7)
2023-06-02 19:46:30,350 [main] INFO  statemachine.DatanodeStateMachine (DatanodeStateMachine.java:getEndPointTaskThreadPoolSize(271)) - Datanode State Machine Task Thread Pool size 2
2023-06-02 19:46:30,359 [main] INFO  volume.HddsVolume (HddsVolume.java:<init>(130)) - Creating HddsVolume: /home/runner/work/ozone/ozone/hadoop-ozone/integration-test/target/test-dir/MiniOzoneClusterImpl-e4789928-4fd4-479e-857e-ac334458de01/datanode-13/data-0/containers/hdds of storage type : DISK capacity : 9223372036854775807
2023-06-02 19:46:30,359 [main] INFO  volume.MutableVolumeSet (MutableVolumeSet.java:initializeVolumeSet(175)) - Added Volume : /home/runner/work/ozone/ozone/hadoop-ozone/integration-test/target/test-dir/MiniOzoneClusterImpl-e4789928-4fd4-479e-857e-ac334458de01/datanode-13/data-0/containers/hdds to VolumeSet
2023-06-02 19:46:30,359 [main] INFO  volume.ThrottledAsyncChecker (ThrottledAsyncChecker.java:schedule(141)) - Scheduling a check for /home/runner/work/ozone/ozone/hadoop-ozone/integration-test/target/test-dir/MiniOzoneClusterImpl-e4789928-4fd4-479e-857e-ac334458de01/datanode-13/data-0/containers/hdds
2023-06-02 19:46:30,370 [main] INFO  volume.StorageVolumeChecker (StorageVolumeChecker.java:checkAllVolumes(202)) - Scheduled health check for volume /home/runner/work/ozone/ozone/hadoop-ozone/integration-test/target/test-dir/MiniOzoneClusterImpl-e4789928-4fd4-479e-857e-ac334458de01/datanode-13/data-0/containers/hdds
2023-06-02 19:46:30,388 [main] INFO  volume.MutableVolumeSet (MutableVolumeSet.java:initializeVolumeSet(175)) - Added Volume : /home/runner/work/ozone/ozone/hadoop-ozone/integration-test/target/test-dir/MiniOzoneClusterImpl-e4789928-4fd4-479e-857e-ac334458de01/datanode-13/data/ratis to VolumeSet
2023-06-02 19:46:30,388 [main] INFO  volume.ThrottledAsyncChecker (ThrottledAsyncChecker.java:schedule(141)) - Scheduling a check for /home/runner/work/ozone/ozone/hadoop-ozone/integration-test/target/test-dir/MiniOzoneClusterImpl-e4789928-4fd4-479e-857e-ac334458de01/datanode-13/data/ratis
2023-06-02 19:46:30,388 [main] INFO  volume.StorageVolumeChecker (StorageVolumeChecker.java:checkAllVolumes(202)) - Scheduled health check for volume /home/runner/work/ozone/ozone/hadoop-ozone/integration-test/target/test-dir/MiniOzoneClusterImpl-e4789928-4fd4-479e-857e-ac334458de01/datanode-13/data/ratis
2023-06-02 19:46:30,402 [Thread-415] INFO  ozoneimpl.ContainerReader (ContainerReader.java:readVolume(175)) - Finish verifying containers on volume /home/runner/work/ozone/ozone/hadoop-ozone/integration-test/target/test-dir/MiniOzoneClusterImpl-e4789928-4fd4-479e-857e-ac334458de01/datanode-13/data-0/containers/hdds
2023-06-02 19:46:30,402 [main] INFO  ozoneimpl.OzoneContainer (OzoneContainer.java:buildContainerSet(303)) - Build ContainerSet costs 0s
2023-06-02 19:46:30,404 [main] INFO  server.RaftServer (ConfUtils.java:logGet(46)) - raft.rpc.type = GRPC (default)
2023-06-02 19:46:30,404 [main] INFO  grpc.GrpcConfigKeys (ConfUtils.java:logFallback(53)) - raft.grpc.admin.host = null (fallback to raft.grpc.server.host)
2023-06-02 19:46:30,405 [main] INFO  grpc.GrpcConfigKeys (ConfUtils.java:logGet(46)) - raft.grpc.admin.port = 15130 (custom)
2023-06-02 19:46:30,405 [main] INFO  grpc.GrpcConfigKeys (ConfUtils.java:logFallback(53)) - raft.grpc.client.host = null (fallback to raft.grpc.server.host)
2023-06-02 19:46:30,405 [main] INFO  grpc.GrpcConfigKeys (ConfUtils.java:logGet(46)) - raft.grpc.client.port = 15129 (custom)
2023-06-02 19:46:30,405 [main] INFO  grpc.GrpcConfigKeys (ConfUtils.java:logGet(46)) - raft.grpc.server.host = null (default)
2023-06-02 19:46:30,405 [main] INFO  grpc.GrpcConfigKeys (ConfUtils.java:logGet(46)) - raft.grpc.server.port = 15131 (custom)
2023-06-02 19:46:30,405 [main] INFO  server.GrpcService (ConfUtils.java:logGet(46)) - raft.grpc.message.size.max = 32MB (=33554432) (custom)
2023-06-02 19:46:30,405 [main] INFO  server.RaftServerConfigKeys (ConfUtils.java:logGet(46)) - raft.server.log.appender.buffer.byte-limit = 33554432 (custom)
2023-06-02 19:46:30,406 [main] INFO  server.GrpcService (ConfUtils.java:logGet(46)) - raft.grpc.flow.control.window = 5MB (=5242880) (custom)
2023-06-02 19:46:30,406 [main] INFO  server.RaftServerConfigKeys (ConfUtils.java:logGet(46)) - raft.server.rpc.request.timeout = 60s (custom)
2023-06-02 19:46:30,406 [main] INFO  grpc.GrpcConfigKeys (ConfUtils.java:logGet(46)) - raft.grpc.server.heartbeat.channel = true (default)
2023-06-02 19:46:30,406 [main] INFO  grpc.GrpcConfigKeys (ConfUtils.java:logGet(46)) - raft.grpc.server.async.request.thread.pool.cached = true (default)
2023-06-02 19:46:30,406 [main] INFO  grpc.GrpcConfigKeys (ConfUtils.java:logGet(46)) - raft.grpc.server.async.request.thread.pool.size = 32 (default)
2023-06-02 19:46:30,409 [main] INFO  impl.DataStreamServerImpl (ConfUtils.java:logGet(46)) - raft.datastream.type = NETTY (custom)
2023-06-02 19:46:30,409 [main] INFO  server.RaftServerConfigKeys (ConfUtils.java:logGet(46)) - raft.server.data-stream.async.request.thread.pool.cached = false (default)
2023-06-02 19:46:30,410 [main] INFO  server.RaftServerConfigKeys (ConfUtils.java:logGet(46)) - raft.server.data-stream.async.request.thread.pool.size = 20 (custom)
2023-06-02 19:46:30,410 [main] INFO  server.RaftServerConfigKeys (ConfUtils.java:logGet(46)) - raft.server.data-stream.async.write.thread.pool.size = 16 (default)
2023-06-02 19:46:30,410 [main] INFO  server.RaftServerConfigKeys (ConfUtils.java:logGet(46)) - raft.server.data-stream.client.pool.size = 10 (default)
2023-06-02 19:46:30,410 [main] INFO  netty.NettyConfigKeys$DataStream (ConfUtils.java:logGet(46)) - raft.netty.dataStream.server.use-epoll = false (default)
2023-06-02 19:46:30,410 [main] INFO  netty.NettyConfigKeys$DataStream (ConfUtils.java:logGet(46)) - raft.netty.dataStream.server.boss-group.size = 0 (default)
2023-06-02 19:46:30,411 [main] INFO  netty.NettyConfigKeys$DataStream (ConfUtils.java:logGet(46)) - raft.netty.dataStream.server.worker-group.size = 0 (default)
2023-06-02 19:46:30,411 [main] INFO  netty.NettyConfigKeys$DataStream (ConfUtils.java:logGet(46)) - raft.netty.dataStream.server.tls.conf = null (default)
2023-06-02 19:46:30,411 [main] INFO  netty.NettyConfigKeys$DataStream (ConfUtils.java:logGet(46)) - raft.netty.dataStream.host = null (default)
2023-06-02 19:46:30,412 [main] INFO  netty.NettyConfigKeys$DataStream (ConfUtils.java:logGet(46)) - raft.netty.dataStream.port = 15132 (custom)
2023-06-02 19:46:30,412 [main] INFO  server.RaftServerConfigKeys (ConfUtils.java:logGet(46)) - raft.server.threadpool.proxy.cached = true (default)
2023-06-02 19:46:30,412 [main] INFO  server.RaftServerConfigKeys (ConfUtils.java:logGet(46)) - raft.server.threadpool.proxy.size = 0 (default)
2023-06-02 19:46:30,412 [main] INFO  server.RaftServerConfigKeys (ConfUtils.java:logGet(46)) - raft.server.rpc.slowness.timeout = 300s (custom)
2023-06-02 19:46:30,413 [main] INFO  server.RaftServerConfigKeys (ConfUtils.java:logGet(46)) - raft.server.leaderelection.leader.step-down.wait-time = 10s (default)
2023-06-02 19:46:30,413 [main] INFO  server.RaftServerConfigKeys (ConfUtils.java:logGet(46)) - raft.server.storage.dir = [/home/runner/work/ozone/ozone/hadoop-ozone/integration-test/target/test-dir/MiniOzoneClusterImpl-e4789928-4fd4-479e-857e-ac334458de01/datanode-13/data/ratis] (custom)
2023-06-02 19:46:30,417 [0510a9b5-5640-4405-855a-d41528cb8ad5-NettyServerStreamRpc-bossGroup--thread1] INFO  logging.LoggingHandler (AbstractInternalLogger.java:log(148)) - [id: 0xc4bc3248] REGISTERED
2023-06-02 19:46:30,418 [main] INFO  server.XceiverServerGrpc (XceiverServerGrpc.java:<init>(132)) - GrpcServer channel type EpollServerSocketChannel
2023-06-02 19:46:30,420 [main] INFO  replication.ReplicationSupervisor (ReplicationSupervisor.java:nodeStateUpdated(305)) - Node state updated to IN_SERVICE, scaling executor pool size to 10
2023-06-02 19:46:30,421 [0510a9b5-5640-4405-855a-d41528cb8ad5-NettyServerStreamRpc-bossGroup--thread1] INFO  logging.LoggingHandler (AbstractInternalLogger.java:log(148)) - [id: 0xc4bc3248] BIND: 0.0.0.0/0.0.0.0:15132
2023-06-02 19:46:30,421 [0510a9b5-5640-4405-855a-d41528cb8ad5-NettyServerStreamRpc-bossGroup--thread1] INFO  logging.LoggingHandler (AbstractInternalLogger.java:log(148)) - [id: 0xc4bc3248, L:/0:0:0:0:0:0:0:0:15132] ACTIVE
2023-06-02 19:46:30,422 [main] INFO  http.BaseHttpServer (BaseHttpServer.java:newHttpServer2BuilderForOzone(224)) - Starting Web-server for hddsDatanode at: http://0.0.0.0:15126
2023-06-02 19:46:30,423 [main] INFO  http.BaseHttpServer (BaseHttpServer.java:<init>(111)) - Hadoop Security Enabled: false Ozone Security Enabled: false Ozone HTTP Security Enabled: false 
2023-06-02 19:46:30,424 [main] WARN  server.AuthenticationFilter (AuthenticationFilter.java:constructSecretProvider(240)) - Unable to initialize FileSignerSecretProvider, falling back to use random secrets. Reason: Could not read signature secret file: /home/runner/hadoop-http-auth-signature-secret
2023-06-02 19:46:30,425 [main] INFO  http.HttpRequestLog (HttpRequestLog.java:getRequestLog(86)) - Http request log for http.requests.hddsDatanode is not defined
2023-06-02 19:46:30,426 [main] INFO  http.HttpServer2 (HttpServer2.java:addGlobalFilter(1031)) - Added global filter 'safety' (class=org.apache.hadoop.hdds.server.http.HttpServer2$QuotingInputFilter)
2023-06-02 19:46:30,427 [main] INFO  http.HttpServer2 (HttpServer2.java:addFilter(1007)) - Added filter static_user_filter (class=org.apache.hadoop.http.lib.StaticUserWebFilter$StaticUserFilter) to context hddsDatanode
2023-06-02 19:46:30,428 [main] INFO  http.HttpServer2 (HttpServer2.java:addFilter(1015)) - Added filter static_user_filter (class=org.apache.hadoop.http.lib.StaticUserWebFilter$StaticUserFilter) to context static
2023-06-02 19:46:30,428 [main] INFO  http.HttpServer2 (HttpServer2.java:addFilter(1015)) - Added filter static_user_filter (class=org.apache.hadoop.http.lib.StaticUserWebFilter$StaticUserFilter) to context logs
2023-06-02 19:46:30,429 [main] INFO  http.BaseHttpServer (BaseHttpServer.java:<init>(190)) - HTTP server of hddsDatanode uses base directory /home/runner/work/ozone/ozone/hadoop-ozone/integration-test/target/test-dir/MiniOzoneClusterImpl-e4789928-4fd4-479e-857e-ac334458de01/datanode-13/meta/webserver
2023-06-02 19:46:30,429 [main] INFO  http.HttpServer2 (HttpServer2.java:bindListener(1250)) - Jetty bound to port 15126
2023-06-02 19:46:30,429 [main] INFO  server.Server (Server.java:doStart(375)) - jetty-9.4.51.v20230217; built: 2023-02-17T08:19:37.309Z; git: b45c405e4544384de066f814ed42ae3dceacdd49; jvm 1.8.0_372-b07
2023-06-02 19:46:30,432 [main] INFO  server.session (DefaultSessionIdManager.java:doStart(334)) - DefaultSessionIdManager workerName=node0
2023-06-02 19:46:30,432 [main] INFO  server.session (DefaultSessionIdManager.java:doStart(339)) - No SessionScavenger set, using defaults
2023-06-02 19:46:30,432 [main] INFO  server.session (HouseKeeper.java:startScavenging(132)) - node0 Scavenging every 660000ms
2023-06-02 19:46:30,434 [main] INFO  handler.ContextHandler (ContextHandler.java:doStart(921)) - Started o.e.j.s.ServletContextHandler@5205391d{logs,/logs,file:///home/runner/work/ozone/ozone/hadoop-ozone/integration-test/target/log,AVAILABLE}
2023-06-02 19:46:30,435 [main] INFO  handler.ContextHandler (ContextHandler.java:doStart(921)) - Started o.e.j.s.ServletContextHandler@561e62ed{static,/static,jar:file:/home/runner/.m2/repository/org/apache/ozone/hdds-container-service/1.4.0-SNAPSHOT/hdds-container-service-1.4.0-SNAPSHOT.jar!/webapps/static,AVAILABLE}
2023-06-02 19:46:30,673 [main] INFO  handler.ContextHandler (ContextHandler.java:doStart(921)) - Started o.e.j.w.WebAppContext@f55bfa8{hddsDatanode,/,file:///home/runner/work/ozone/ozone/hadoop-ozone/integration-test/target/test-dir/MiniOzoneClusterImpl-e4789928-4fd4-479e-857e-ac334458de01/datanode-13/meta/webserver/jetty-0_0_0_0-15126-hdds-container-service-1_4_0-SNAPSHOT_jar-_-any-5403667332279787724/webapp/,AVAILABLE}{jar:file:/home/runner/.m2/repository/org/apache/ozone/hdds-container-service/1.4.0-SNAPSHOT/hdds-container-service-1.4.0-SNAPSHOT.jar!/webapps/hddsDatanode}
2023-06-02 19:46:30,677 [main] INFO  server.AbstractConnector (AbstractConnector.java:doStart(333)) - Started ServerConnector@34f5265c{HTTP/1.1, (http/1.1)}{0.0.0.0:15126}
2023-06-02 19:46:30,677 [main] INFO  server.Server (Server.java:doStart(415)) - Started @16382ms
2023-06-02 19:46:30,677 [main] WARN  impl.MetricsSystemImpl (MetricsSystemImpl.java:register(279)) - Sink prometheus already exists!
2023-06-02 19:46:30,679 [main] INFO  http.BaseHttpServer (BaseHttpServer.java:updateConnectorAddress(344)) - HTTP server of hddsDatanode listening at http://0.0.0.0:15126
2023-06-02 19:46:30,679 [main] INFO  ipc.CallQueueManager (CallQueueManager.java:<init>(90)) - Using callQueue: class java.util.concurrent.LinkedBlockingQueue, queueCapacity: 100, scheduler: class org.apache.hadoop.ipc.DefaultRpcScheduler, ipcBackoff: false.
2023-06-02 19:46:30,681 [Socket Reader #1 for port 15127] INFO  ipc.Server (Server.java:run(1319)) - Starting Socket Reader #1 for port 15127
2023-06-02 19:46:30,701 [Listener at 0.0.0.0/15127] INFO  hdds.HddsUtils (HddsUtils.java:preserveThreadName(843)) - Restoring thread name: main
2023-06-02 19:46:30,701 [main] INFO  ozone.HddsDatanodeService (HddsDatanodeService.java:start(331)) - Datanode start with admins: [runner]
2023-06-02 19:46:30,701 [main] INFO  ozone.HddsDatanodeClientProtocolServer (HddsDatanodeClientProtocolServer.java:start(83)) - RPC server for Client /0.0.0.0:15127
2023-06-02 19:46:30,702 [IPC Server Responder] INFO  ipc.Server (Server.java:run(1558)) - IPC Server Responder: starting
2023-06-02 19:46:30,712 [IPC Server listener on 15127] INFO  ipc.Server (Server.java:run(1398)) - IPC Server listener on 15127: starting
2023-06-02 19:46:30,724 [Datanode State Machine Daemon Thread] INFO  statemachine.DatanodeStateMachine (DatanodeStateMachine.java:lambda$startDaemon$0(523)) - Ozone container server started.
2023-06-02 19:46:30,727 [main] INFO  ozone.MiniOzoneClusterImpl (MiniOzoneClusterImpl.java:lambda$waitForClusterToBeReady$0(222)) - Waiting for nodes to be ready. Got 5 of 14 DN Heartbeats.
2023-06-02 19:46:30,727 [main] INFO  ozone.MiniOzoneClusterImpl (MiniOzoneClusterImpl.java:lambda$waitForClusterToBeReady$0(225)) - Waiting for cluster to exit safe mode
2023-06-02 19:46:30,727 [main] INFO  ozone.MiniOzoneClusterImpl (MiniOzoneClusterImpl.java:lambda$waitForClusterToBeReady$0(227)) - SCM became leader
2023-06-02 19:46:30,747 [Datanode State Machine Task Thread - 0] INFO  datanode.InitDatanodeState (InitDatanodeState.java:persistContainerDatanodeDetails(138)) - DatanodeDetails is persisted to /home/runner/work/ozone/ozone/hadoop-ozone/integration-test/target/test-dir/MiniOzoneClusterImpl-e4789928-4fd4-479e-857e-ac334458de01/datanode-13/meta/datanode.id
2023-06-02 19:46:30,793 [EndpointStateMachine task thread for /0.0.0.0:15002 - 0 ] INFO  utils.DatanodeStoreCache (DatanodeStoreCache.java:addDB(66)) - Added db /home/runner/work/ozone/ozone/hadoop-ozone/integration-test/target/test-dir/MiniOzoneClusterImpl-e4789928-4fd4-479e-857e-ac334458de01/datanode-9/data-0/containers/hdds/e4789928-4fd4-479e-857e-ac334458de01/DS-e56eb1c3-616f-4008-987f-47d160759487/container.db to cache
2023-06-02 19:46:30,793 [EndpointStateMachine task thread for /0.0.0.0:15002 - 0 ] INFO  volume.HddsVolume (HddsVolume.java:createDbStore(350)) - SchemaV3 db is created and loaded at /home/runner/work/ozone/ozone/hadoop-ozone/integration-test/target/test-dir/MiniOzoneClusterImpl-e4789928-4fd4-479e-857e-ac334458de01/datanode-9/data-0/containers/hdds/e4789928-4fd4-479e-857e-ac334458de01/DS-e56eb1c3-616f-4008-987f-47d160759487/container.db for volume DS-e56eb1c3-616f-4008-987f-47d160759487
2023-06-02 19:46:30,794 [EndpointStateMachine task thread for /0.0.0.0:15002 - 0 ] INFO  ozoneimpl.OzoneContainer (OzoneContainer.java:start(398)) - Attempting to start container services.
2023-06-02 19:46:30,794 [EndpointStateMachine task thread for /0.0.0.0:15002 - 0 ] INFO  ozoneimpl.OzoneContainer (OzoneContainer.java:startContainerScrub(314)) - Scheduled background container scanners and the on-demand container scanner have been disabled.
2023-06-02 19:46:30,794 [EndpointStateMachine task thread for /0.0.0.0:15002 - 0 ] INFO  replication.ReplicationServer (ReplicationServer.java:start(128)) - ReplicationServer is started using port 15097
2023-06-02 19:46:30,795 [EndpointStateMachine task thread for /0.0.0.0:15002 - 0 ] INFO  ratis.XceiverServerRatis (XceiverServerRatis.java:start(517)) - Starting XceiverServerRatis 93e73215-cf0c-4899-893f-1e32053e8cf3
2023-06-02 19:46:30,795 [EndpointStateMachine task thread for /0.0.0.0:15002 - 0 ] INFO  server.RaftServer (RaftServerProxy.java:startImpl(400)) - 93e73215-cf0c-4899-893f-1e32053e8cf3: start RPC server
2023-06-02 19:46:30,799 [IPC Server handler 2 on default port 15002] INFO  net.NetworkTopologyImpl (NetworkTopologyImpl.java:add(112)) - Added a new node: /default-rack/f093f0f1-7dc1-44fa-8249-a003f257e421
2023-06-02 19:46:30,799 [IPC Server handler 2 on default port 15002] INFO  node.SCMNodeManager (SCMNodeManager.java:register(407)) - Registered Data node : f093f0f1-7dc1-44fa-8249-a003f257e421{ip: 10.1.26.0, host: fv-az459-618.msq0az1vewme3jsxyslsv0htic.jx.internal.cloudapp.net, ports: [HTTP=15054, CLIENT_RPC=15055, REPLICATION=15061, RATIS=15057, RATIS_ADMIN=15058, RATIS_SERVER=15059, RATIS_DATASTREAM=15060, STANDALONE=15056], networkLocation: /default-rack, certSerialId: null, persistedOpState: null, persistedOpStateExpiryEpochSec: 0}
2023-06-02 19:46:30,799 [EndpointStateMachine task thread for /0.0.0.0:15002 - 0 ] INFO  server.GrpcService (GrpcService.java:startImpl(302)) - 93e73215-cf0c-4899-893f-1e32053e8cf3: GrpcService started, listening on 15093
2023-06-02 19:46:30,800 [EndpointStateMachine task thread for /0.0.0.0:15002 - 0 ] INFO  server.GrpcService (GrpcService.java:startImpl(302)) - 93e73215-cf0c-4899-893f-1e32053e8cf3: GrpcService started, listening on 15095
2023-06-02 19:46:30,800 [EventQueue-NewNodeForNewNodeHandler] INFO  pipeline.BackgroundPipelineCreator (BackgroundPipelineCreator.java:notifyEventTriggered(276)) - trigger a one-shot run on RatisPipelineUtilsThread.
2023-06-02 19:46:30,800 [EndpointStateMachine task thread for /0.0.0.0:15002 - 0 ] INFO  server.GrpcService (GrpcService.java:startImpl(302)) - 93e73215-cf0c-4899-893f-1e32053e8cf3: GrpcService started, listening on 15094
2023-06-02 19:46:30,804 [RatisPipelineUtilsThread - 0] INFO  pipeline.RatisPipelineProvider (RatisPipelineProvider.java:lambda$create$0(206)) - Sending CreatePipelineCommand for pipeline:PipelineID=352e2afc-c078-428a-ace7-cb39d489bd91 to datanode:f093f0f1-7dc1-44fa-8249-a003f257e421
2023-06-02 19:46:30,804 [RatisPipelineUtilsThread - 0] INFO  pipeline.RatisPipelineProvider (RatisPipelineProvider.java:lambda$create$0(206)) - Sending CreatePipelineCommand for pipeline:PipelineID=352e2afc-c078-428a-ace7-cb39d489bd91 to datanode:3e53829d-da6c-4746-b554-01bfe538e40e
2023-06-02 19:46:30,804 [RatisPipelineUtilsThread - 0] INFO  pipeline.RatisPipelineProvider (RatisPipelineProvider.java:lambda$create$0(206)) - Sending CreatePipelineCommand for pipeline:PipelineID=352e2afc-c078-428a-ace7-cb39d489bd91 to datanode:42efe73c-3d9d-41e2-b05d-c69b43a81cba
2023-06-02 19:46:30,805 [RatisPipelineUtilsThread - 0] INFO  pipeline.PipelineStateManagerImpl (PipelineStateManagerImpl.java:addPipeline(103)) - Created pipeline Pipeline[ Id: 352e2afc-c078-428a-ace7-cb39d489bd91, Nodes: f093f0f1-7dc1-44fa-8249-a003f257e421(fv-az459-618.msq0az1vewme3jsxyslsv0htic.jx.internal.cloudapp.net/10.1.26.0)3e53829d-da6c-4746-b554-01bfe538e40e(fv-az459-618.msq0az1vewme3jsxyslsv0htic.jx.internal.cloudapp.net/10.1.26.0)42efe73c-3d9d-41e2-b05d-c69b43a81cba(fv-az459-618.msq0az1vewme3jsxyslsv0htic.jx.internal.cloudapp.net/10.1.26.0), ReplicationConfig: RATIS/THREE, State:ALLOCATED, leaderId:, CreationTimestamp2023-06-02T19:46:30.804Z[Etc/UTC]].
2023-06-02 19:46:30,805 [RatisPipelineUtilsThread - 0] INFO  pipeline.RatisPipelineProvider (RatisPipelineProvider.java:lambda$create$0(206)) - Sending CreatePipelineCommand for pipeline:PipelineID=a6b31af0-c308-4155-b9b5-c0a7cf4346c3 to datanode:42efe73c-3d9d-41e2-b05d-c69b43a81cba
2023-06-02 19:46:30,805 [RatisPipelineUtilsThread - 0] INFO  pipeline.RatisPipelineProvider (RatisPipelineProvider.java:lambda$create$0(206)) - Sending CreatePipelineCommand for pipeline:PipelineID=a6b31af0-c308-4155-b9b5-c0a7cf4346c3 to datanode:3e53829d-da6c-4746-b554-01bfe538e40e
2023-06-02 19:46:30,806 [RatisPipelineUtilsThread - 0] INFO  pipeline.RatisPipelineProvider (RatisPipelineProvider.java:lambda$create$0(206)) - Sending CreatePipelineCommand for pipeline:PipelineID=a6b31af0-c308-4155-b9b5-c0a7cf4346c3 to datanode:f093f0f1-7dc1-44fa-8249-a003f257e421
2023-06-02 19:46:30,806 [RatisPipelineUtilsThread - 0] INFO  pipeline.PipelineStateManagerImpl (PipelineStateManagerImpl.java:addPipeline(103)) - Created pipeline Pipeline[ Id: a6b31af0-c308-4155-b9b5-c0a7cf4346c3, Nodes: 42efe73c-3d9d-41e2-b05d-c69b43a81cba(fv-az459-618.msq0az1vewme3jsxyslsv0htic.jx.internal.cloudapp.net/10.1.26.0)3e53829d-da6c-4746-b554-01bfe538e40e(fv-az459-618.msq0az1vewme3jsxyslsv0htic.jx.internal.cloudapp.net/10.1.26.0)f093f0f1-7dc1-44fa-8249-a003f257e421(fv-az459-618.msq0az1vewme3jsxyslsv0htic.jx.internal.cloudapp.net/10.1.26.0), ReplicationConfig: RATIS/THREE, State:ALLOCATED, leaderId:, CreationTimestamp2023-06-02T19:46:30.805Z[Etc/UTC]].
2023-06-02 19:46:30,807 [RatisPipelineUtilsThread - 0] INFO  pipeline.PipelineManagerImpl (PipelineManagerImpl.java:recordMetricsForPipeline(826)) - Pipeline: PipelineID=a6b31af0-c308-4155-b9b5-c0a7cf4346c3 contains same datanodes as previous pipelines: PipelineID=352e2afc-c078-428a-ace7-cb39d489bd91 nodeIds: 42efe73c-3d9d-41e2-b05d-c69b43a81cba, 3e53829d-da6c-4746-b554-01bfe538e40e, f093f0f1-7dc1-44fa-8249-a003f257e421
2023-06-02 19:46:30,807 [RatisPipelineUtilsThread - 0] WARN  pipeline.PipelinePlacementPolicy (PipelinePlacementPolicy.java:filterViableNodes(160)) - Pipeline creation failed due to no sufficient healthy datanodes. Required 3. Found 0. Excluded 6.
2023-06-02 19:46:30,809 [EndpointStateMachine task thread for /0.0.0.0:15002 - 0 ] INFO  ratis.XceiverServerRatis (XceiverServerRatis.java:getRealPort(543)) - XceiverServerRatis 93e73215-cf0c-4899-893f-1e32053e8cf3 is started using port 15093 for RATIS
2023-06-02 19:46:30,811 [EndpointStateMachine task thread for /0.0.0.0:15002 - 0 ] INFO  ratis.XceiverServerRatis (XceiverServerRatis.java:getRealPort(543)) - XceiverServerRatis 93e73215-cf0c-4899-893f-1e32053e8cf3 is started using port 15094 for RATIS_ADMIN
2023-06-02 19:46:30,811 [EndpointStateMachine task thread for /0.0.0.0:15002 - 0 ] INFO  ratis.XceiverServerRatis (XceiverServerRatis.java:getRealPort(543)) - XceiverServerRatis 93e73215-cf0c-4899-893f-1e32053e8cf3 is started using port 15095 for RATIS_SERVER
2023-06-02 19:46:30,811 [EndpointStateMachine task thread for /0.0.0.0:15002 - 0 ] INFO  ratis.XceiverServerRatis (XceiverServerRatis.java:getRealPort(543)) - XceiverServerRatis 93e73215-cf0c-4899-893f-1e32053e8cf3 is started using port 15096 for RATIS_DATASTREAM
2023-06-02 19:46:30,813 [JvmPauseMonitor11] INFO  util.JvmPauseMonitor (JvmPauseMonitor.java:run(103)) - JvmPauseMonitor-93e73215-cf0c-4899-893f-1e32053e8cf3: Started
2023-06-02 19:46:30,814 [BlockDeletingService#0] INFO  interfaces.ContainerDeletionChoosingPolicyTemplate (ContainerDeletionChoosingPolicyTemplate.java:chooseContainerForBlockDeletion(83)) - Chosen 0/5000 blocks from 0 candidate containers.
2023-06-02 19:46:31,211 [EndpointStateMachine task thread for /0.0.0.0:15002 - 0 ] INFO  utils.DatanodeStoreCache (DatanodeStoreCache.java:addDB(66)) - Added db /home/runner/work/ozone/ozone/hadoop-ozone/integration-test/target/test-dir/MiniOzoneClusterImpl-e4789928-4fd4-479e-857e-ac334458de01/datanode-10/data-0/containers/hdds/e4789928-4fd4-479e-857e-ac334458de01/DS-25322db5-a47f-42d1-b62e-1ac8809df43c/container.db to cache
2023-06-02 19:46:31,211 [EndpointStateMachine task thread for /0.0.0.0:15002 - 0 ] INFO  volume.HddsVolume (HddsVolume.java:createDbStore(350)) - SchemaV3 db is created and loaded at /home/runner/work/ozone/ozone/hadoop-ozone/integration-test/target/test-dir/MiniOzoneClusterImpl-e4789928-4fd4-479e-857e-ac334458de01/datanode-10/data-0/containers/hdds/e4789928-4fd4-479e-857e-ac334458de01/DS-25322db5-a47f-42d1-b62e-1ac8809df43c/container.db for volume DS-25322db5-a47f-42d1-b62e-1ac8809df43c
2023-06-02 19:46:31,212 [EndpointStateMachine task thread for /0.0.0.0:15002 - 0 ] INFO  ozoneimpl.OzoneContainer (OzoneContainer.java:start(398)) - Attempting to start container services.
2023-06-02 19:46:31,212 [EndpointStateMachine task thread for /0.0.0.0:15002 - 0 ] INFO  ozoneimpl.OzoneContainer (OzoneContainer.java:startContainerScrub(314)) - Scheduled background container scanners and the on-demand container scanner have been disabled.
2023-06-02 19:46:31,212 [EndpointStateMachine task thread for /0.0.0.0:15002 - 0 ] INFO  replication.ReplicationServer (ReplicationServer.java:start(128)) - ReplicationServer is started using port 15106
2023-06-02 19:46:31,213 [EndpointStateMachine task thread for /0.0.0.0:15002 - 0 ] INFO  ratis.XceiverServerRatis (XceiverServerRatis.java:start(517)) - Starting XceiverServerRatis c22c8f81-1e38-483d-9a9f-669266df5e1e
2023-06-02 19:46:31,217 [EndpointStateMachine task thread for /0.0.0.0:15002 - 0 ] INFO  server.RaftServer (RaftServerProxy.java:startImpl(400)) - c22c8f81-1e38-483d-9a9f-669266df5e1e: start RPC server
2023-06-02 19:46:31,218 [EndpointStateMachine task thread for /0.0.0.0:15002 - 0 ] INFO  server.GrpcService (GrpcService.java:startImpl(302)) - c22c8f81-1e38-483d-9a9f-669266df5e1e: GrpcService started, listening on 15102
2023-06-02 19:46:31,224 [EndpointStateMachine task thread for /0.0.0.0:15002 - 0 ] INFO  server.GrpcService (GrpcService.java:startImpl(302)) - c22c8f81-1e38-483d-9a9f-669266df5e1e: GrpcService started, listening on 15104
2023-06-02 19:46:31,224 [EndpointStateMachine task thread for /0.0.0.0:15002 - 0 ] INFO  server.GrpcService (GrpcService.java:startImpl(302)) - c22c8f81-1e38-483d-9a9f-669266df5e1e: GrpcService started, listening on 15103
2023-06-02 19:46:31,224 [EndpointStateMachine task thread for /0.0.0.0:15002 - 0 ] INFO  ratis.XceiverServerRatis (XceiverServerRatis.java:getRealPort(543)) - XceiverServerRatis c22c8f81-1e38-483d-9a9f-669266df5e1e is started using port 15102 for RATIS
2023-06-02 19:46:31,224 [EndpointStateMachine task thread for /0.0.0.0:15002 - 0 ] INFO  ratis.XceiverServerRatis (XceiverServerRatis.java:getRealPort(543)) - XceiverServerRatis c22c8f81-1e38-483d-9a9f-669266df5e1e is started using port 15103 for RATIS_ADMIN
2023-06-02 19:46:31,225 [EndpointStateMachine task thread for /0.0.0.0:15002 - 0 ] INFO  ratis.XceiverServerRatis (XceiverServerRatis.java:getRealPort(543)) - XceiverServerRatis c22c8f81-1e38-483d-9a9f-669266df5e1e is started using port 15104 for RATIS_SERVER
2023-06-02 19:46:31,225 [EndpointStateMachine task thread for /0.0.0.0:15002 - 0 ] INFO  ratis.XceiverServerRatis (XceiverServerRatis.java:getRealPort(543)) - XceiverServerRatis c22c8f81-1e38-483d-9a9f-669266df5e1e is started using port 15105 for RATIS_DATASTREAM
2023-06-02 19:46:31,225 [JvmPauseMonitor12] INFO  util.JvmPauseMonitor (JvmPauseMonitor.java:run(103)) - JvmPauseMonitor-c22c8f81-1e38-483d-9a9f-669266df5e1e: Started
2023-06-02 19:46:31,229 [BlockDeletingService#0] INFO  interfaces.ContainerDeletionChoosingPolicyTemplate (ContainerDeletionChoosingPolicyTemplate.java:chooseContainerForBlockDeletion(83)) - Chosen 0/5000 blocks from 0 candidate containers.
2023-06-02 19:46:31,254 [IPC Server handler 10 on default port 15002] INFO  net.NetworkTopologyImpl (NetworkTopologyImpl.java:add(112)) - Added a new node: /default-rack/68e68f39-32fc-4b84-93e4-f20720881325
2023-06-02 19:46:31,254 [IPC Server handler 10 on default port 15002] INFO  node.SCMNodeManager (SCMNodeManager.java:register(407)) - Registered Data node : 68e68f39-32fc-4b84-93e4-f20720881325{ip: 10.1.26.0, host: fv-az459-618.msq0az1vewme3jsxyslsv0htic.jx.internal.cloudapp.net, ports: [HTTP=15063, CLIENT_RPC=15064, REPLICATION=15070, RATIS=15066, RATIS_ADMIN=15067, RATIS_SERVER=15068, RATIS_DATASTREAM=15069, STANDALONE=15065], networkLocation: /default-rack, certSerialId: null, persistedOpState: null, persistedOpStateExpiryEpochSec: 0}
2023-06-02 19:46:31,255 [EventQueue-NewNodeForNewNodeHandler] INFO  pipeline.BackgroundPipelineCreator (BackgroundPipelineCreator.java:notifyEventTriggered(276)) - trigger a one-shot run on RatisPipelineUtilsThread.
2023-06-02 19:46:31,256 [RatisPipelineUtilsThread - 0] WARN  pipeline.PipelinePlacementPolicy (PipelinePlacementPolicy.java:filterViableNodes(160)) - Pipeline creation failed due to no sufficient healthy datanodes. Required 3. Found 1. Excluded 6.
2023-06-02 19:46:31,500 [PipelineCommandHandlerThread-0] INFO  server.RaftServer (RaftServerProxy.java:addNew(98)) - 9e7d7045-1d4c-4270-9434-63584a31babd: addNew group-0C580015AF9D:[60ac4d22-094a-4270-8266-44944d79861e|rpc:10.1.26.0:15032|admin:10.1.26.0:15031|client:10.1.26.0:15030|dataStream:10.1.26.0:15033|priority:1|startupRole:FOLLOWER, 9e7d7045-1d4c-4270-9434-63584a31babd|rpc:10.1.26.0:15014|admin:10.1.26.0:15013|client:10.1.26.0:15012|dataStream:10.1.26.0:15015|priority:0|startupRole:FOLLOWER, f5a51868-327c-422c-ad14-d572ec0233ee|rpc:10.1.26.0:15023|admin:10.1.26.0:15022|client:10.1.26.0:15021|dataStream:10.1.26.0:15024|priority:0|startupRole:FOLLOWER] returns group-0C580015AF9D:java.util.concurrent.CompletableFuture@659f32d4[Not completed]
2023-06-02 19:46:31,513 [9e7d7045-1d4c-4270-9434-63584a31babd-groupManagement] INFO  server.RaftServer$Division (RaftServerImpl.java:<init>(198)) - 9e7d7045-1d4c-4270-9434-63584a31babd: new RaftServerImpl for group-0C580015AF9D:[60ac4d22-094a-4270-8266-44944d79861e|rpc:10.1.26.0:15032|admin:10.1.26.0:15031|client:10.1.26.0:15030|dataStream:10.1.26.0:15033|priority:1|startupRole:FOLLOWER, 9e7d7045-1d4c-4270-9434-63584a31babd|rpc:10.1.26.0:15014|admin:10.1.26.0:15013|client:10.1.26.0:15012|dataStream:10.1.26.0:15015|priority:0|startupRole:FOLLOWER, f5a51868-327c-422c-ad14-d572ec0233ee|rpc:10.1.26.0:15023|admin:10.1.26.0:15022|client:10.1.26.0:15021|dataStream:10.1.26.0:15024|priority:0|startupRole:FOLLOWER] with ContainerStateMachine:uninitialized
2023-06-02 19:46:31,513 [9e7d7045-1d4c-4270-9434-63584a31babd-groupManagement] INFO  server.RaftServerConfigKeys (ConfUtils.java:logGet(46)) - raft.server.rpc.timeout.min = 5s (custom)
2023-06-02 19:46:31,513 [9e7d7045-1d4c-4270-9434-63584a31babd-groupManagement] INFO  server.RaftServerConfigKeys (ConfUtils.java:logGet(46)) - raft.server.rpc.timeout.max = 5200ms (custom)
2023-06-02 19:46:31,513 [9e7d7045-1d4c-4270-9434-63584a31babd-groupManagement] INFO  server.RaftServerConfigKeys (ConfUtils.java:logGet(46)) - raft.server.rpc.sleep.time = 25ms (default)
2023-06-02 19:46:31,513 [9e7d7045-1d4c-4270-9434-63584a31babd-groupManagement] INFO  server.RaftServerConfigKeys (ConfUtils.java:logGet(46)) - raft.server.rpc.slowness.timeout = 300s (custom)
2023-06-02 19:46:31,513 [9e7d7045-1d4c-4270-9434-63584a31babd-groupManagement] INFO  server.RaftServerConfigKeys (ConfUtils.java:logGet(46)) - raft.server.leaderelection.leader.step-down.wait-time = 10s (default)
2023-06-02 19:46:31,513 [9e7d7045-1d4c-4270-9434-63584a31babd-groupManagement] INFO  server.RaftServerConfigKeys (ConfUtils.java:logGet(46)) - raft.server.sleep.deviation.threshold = 300ms (default)
2023-06-02 19:46:31,513 [9e7d7045-1d4c-4270-9434-63584a31babd-groupManagement] INFO  server.RaftServer$Division (ServerState.java:<init>(120)) - 9e7d7045-1d4c-4270-9434-63584a31babd@group-0C580015AF9D: ConfigurationManager, init=-1: peers:[60ac4d22-094a-4270-8266-44944d79861e|rpc:10.1.26.0:15032|admin:10.1.26.0:15031|client:10.1.26.0:15030|dataStream:10.1.26.0:15033|priority:1|startupRole:FOLLOWER, 9e7d7045-1d4c-4270-9434-63584a31babd|rpc:10.1.26.0:15014|admin:10.1.26.0:15013|client:10.1.26.0:15012|dataStream:10.1.26.0:15015|priority:0|startupRole:FOLLOWER, f5a51868-327c-422c-ad14-d572ec0233ee|rpc:10.1.26.0:15023|admin:10.1.26.0:15022|client:10.1.26.0:15021|dataStream:10.1.26.0:15024|priority:0|startupRole:FOLLOWER]|listeners:[], old=null, confs=<EMPTY_MAP>
2023-06-02 19:46:31,513 [9e7d7045-1d4c-4270-9434-63584a31babd-groupManagement] INFO  server.RaftServerConfigKeys (ConfUtils.java:logGet(46)) - raft.server.storage.dir = [/home/runner/work/ozone/ozone/hadoop-ozone/integration-test/target/test-dir/MiniOzoneClusterImpl-e4789928-4fd4-479e-857e-ac334458de01/datanode-0/data/ratis] (custom)
2023-06-02 19:46:31,514 [9e7d7045-1d4c-4270-9434-63584a31babd-groupManagement] INFO  server.RaftServerConfigKeys (ConfUtils.java:logGet(46)) - raft.server.log.corruption.policy = EXCEPTION (default)
2023-06-02 19:46:31,514 [9e7d7045-1d4c-4270-9434-63584a31babd-groupManagement] INFO  server.RaftServerConfigKeys (ConfUtils.java:logGet(46)) - raft.server.storage.free-space.min = 0MB (=0) (default)
2023-06-02 19:46:31,514 [9e7d7045-1d4c-4270-9434-63584a31babd-groupManagement] INFO  server.RaftServerConfigKeys (ConfUtils.java:logGet(46)) - raft.server.notification.no-leader.timeout = 300s (custom)
2023-06-02 19:46:31,514 [9e7d7045-1d4c-4270-9434-63584a31babd-groupManagement] INFO  server.RaftServerConfigKeys (ConfUtils.java:logGet(46)) - raft.server.read.timeout = 10s (default)
2023-06-02 19:46:31,514 [9e7d7045-1d4c-4270-9434-63584a31babd-groupManagement] INFO  server.RaftServerConfigKeys (ConfUtils.java:logGet(46)) - raft.server.retrycache.expirytime = 600000ms (custom)
2023-06-02 19:46:31,514 [9e7d7045-1d4c-4270-9434-63584a31babd-groupManagement] INFO  server.RaftServerConfigKeys (ConfUtils.java:logGet(46)) - raft.server.retrycache.statistics.expirytime = 100μs (default)
2023-06-02 19:46:31,514 [9e7d7045-1d4c-4270-9434-63584a31babd-groupManagement] INFO  server.RaftServerConfigKeys (ConfUtils.java:logGet(46)) - raft.server.read.option = DEFAULT (default)
2023-06-02 19:46:31,517 [9e7d7045-1d4c-4270-9434-63584a31babd-groupManagement] INFO  server.RaftServerConfigKeys (ConfUtils.java:logGet(46)) - raft.server.rpc.request.timeout = 60s (custom)
2023-06-02 19:46:31,518 [9e7d7045-1d4c-4270-9434-63584a31babd-groupManagement] INFO  server.RaftServerConfigKeys (ConfUtils.java:logGet(46)) - raft.server.log.appender.install.snapshot.enabled = false (custom)
2023-06-02 19:46:31,518 [9e7d7045-1d4c-4270-9434-63584a31babd-groupManagement] INFO  server.RaftServerConfigKeys (ConfUtils.java:logGet(46)) - raft.server.threadpool.server.cached = true (default)
2023-06-02 19:46:31,518 [9e7d7045-1d4c-4270-9434-63584a31babd-groupManagement] INFO  server.RaftServerConfigKeys (ConfUtils.java:logGet(46)) - raft.server.threadpool.server.size = 0 (default)
2023-06-02 19:46:31,518 [9e7d7045-1d4c-4270-9434-63584a31babd-groupManagement] INFO  server.RaftServerConfigKeys (ConfUtils.java:logGet(46)) - raft.server.threadpool.client.cached = true (default)
2023-06-02 19:46:31,518 [9e7d7045-1d4c-4270-9434-63584a31babd-groupManagement] INFO  server.RaftServerConfigKeys (ConfUtils.java:logGet(46)) - raft.server.threadpool.client.size = 0 (default)
2023-06-02 19:46:31,518 [9e7d7045-1d4c-4270-9434-63584a31babd-groupManagement] INFO  storage.RaftStorageDirectory (RaftStorageDirectoryImpl.java:analyzeStorage(137)) - The storage directory /home/runner/work/ozone/ozone/hadoop-ozone/integration-test/target/test-dir/MiniOzoneClusterImpl-e4789928-4fd4-479e-857e-ac334458de01/datanode-0/data/ratis/afbb03c3-0d6a-47c3-950c-0c580015af9d does not exist. Creating ...
2023-06-02 19:46:31,521 [9e7d7045-1d4c-4270-9434-63584a31babd-groupManagement] INFO  storage.RaftStorageDirectory (RaftStorageDirectoryImpl.java:tryLock(231)) - Lock on /home/runner/work/ozone/ozone/hadoop-ozone/integration-test/target/test-dir/MiniOzoneClusterImpl-e4789928-4fd4-479e-857e-ac334458de01/datanode-0/data/ratis/afbb03c3-0d6a-47c3-950c-0c580015af9d/in_use.lock acquired by nodename 54141@fv-az459-618
2023-06-02 19:46:31,522 [9e7d7045-1d4c-4270-9434-63584a31babd-groupManagement] INFO  storage.RaftStorage (RaftStorageImpl.java:format(96)) - Storage directory /home/runner/work/ozone/ozone/hadoop-ozone/integration-test/target/test-dir/MiniOzoneClusterImpl-e4789928-4fd4-479e-857e-ac334458de01/datanode-0/data/ratis/afbb03c3-0d6a-47c3-950c-0c580015af9d has been successfully formatted.
2023-06-02 19:46:31,533 [9e7d7045-1d4c-4270-9434-63584a31babd-groupManagement] INFO  ratis.ContainerStateMachine (ContainerStateMachine.java:loadSnapshot(262)) - group-0C580015AF9D: The snapshot info is null. Setting the last applied indexto:(t:0, i:~)
2023-06-02 19:46:31,533 [9e7d7045-1d4c-4270-9434-63584a31babd-groupManagement] INFO  server.RaftServerConfigKeys (ConfUtils.java:logGet(46)) - raft.server.log.use.memory = false (default)
2023-06-02 19:46:31,533 [9e7d7045-1d4c-4270-9434-63584a31babd-groupManagement] INFO  server.RaftServerConfigKeys (ConfUtils.java:logGet(46)) - raft.server.log.purge.gap = 1000000 (custom)
2023-06-02 19:46:31,534 [9e7d7045-1d4c-4270-9434-63584a31babd-groupManagement] INFO  server.RaftServerConfigKeys (ConfUtils.java:logGet(46)) - raft.server.log.appender.buffer.byte-limit = 33554432 (custom)
2023-06-02 19:46:31,534 [9e7d7045-1d4c-4270-9434-63584a31babd-groupManagement] INFO  server.RaftServerConfigKeys (ConfUtils.java:logGet(46)) - raft.server.log.statemachine.data.read.timeout = 1000ms (default)
2023-06-02 19:46:31,534 [9e7d7045-1d4c-4270-9434-63584a31babd-groupManagement] INFO  server.RaftServerConfigKeys (ConfUtils.java:logGet(46)) - raft.server.log.purge.preservation.log.num = 0 (default)
2023-06-02 19:46:31,534 [9e7d7045-1d4c-4270-9434-63584a31babd-groupManagement] INFO  server.RaftServerConfigKeys (ConfUtils.java:logGet(46)) - raft.server.log.segment.size.max = 1048576 (custom)
2023-06-02 19:46:31,535 [9e7d7045-1d4c-4270-9434-63584a31babd-groupManagement] INFO  server.RaftServerConfigKeys (ConfUtils.java:logGet(46)) - raft.server.log.segment.cache.num.max = 2 (custom)
2023-06-02 19:46:31,535 [9e7d7045-1d4c-4270-9434-63584a31babd-groupManagement] INFO  server.RaftServerConfigKeys (ConfUtils.java:logGet(46)) - raft.server.log.segment.cache.size.max = 200MB (=209715200) (default)
2023-06-02 19:46:31,535 [9e7d7045-1d4c-4270-9434-63584a31babd-groupManagement] INFO  server.RaftServerConfigKeys (ConfUtils.java:logGet(46)) - raft.server.log.appender.buffer.byte-limit = 33554432 (custom)
2023-06-02 19:46:31,536 [9e7d7045-1d4c-4270-9434-63584a31babd-groupManagement] INFO  segmented.SegmentedRaftLogWorker (SegmentedRaftLogWorker.java:<init>(188)) - new 9e7d7045-1d4c-4270-9434-63584a31babd@group-0C580015AF9D-SegmentedRaftLogWorker for RaftStorageImpl:Storage Directory /home/runner/work/ozone/ozone/hadoop-ozone/integration-test/target/test-dir/MiniOzoneClusterImpl-e4789928-4fd4-479e-857e-ac334458de01/datanode-0/data/ratis/afbb03c3-0d6a-47c3-950c-0c580015af9d
2023-06-02 19:46:31,536 [9e7d7045-1d4c-4270-9434-63584a31babd-groupManagement] INFO  server.RaftServerConfigKeys (ConfUtils.java:logGet(46)) - raft.server.log.queue.byte-limit = 4294967296 (custom)
2023-06-02 19:46:31,536 [9e7d7045-1d4c-4270-9434-63584a31babd-groupManagement] INFO  server.RaftServerConfigKeys (ConfUtils.java:logGet(46)) - raft.server.log.queue.element-limit = 1024 (custom)
2023-06-02 19:46:31,536 [9e7d7045-1d4c-4270-9434-63584a31babd-groupManagement] INFO  server.RaftServerConfigKeys (ConfUtils.java:logGet(46)) - raft.server.log.segment.size.max = 1048576 (custom)
2023-06-02 19:46:31,536 [9e7d7045-1d4c-4270-9434-63584a31babd-groupManagement] INFO  server.RaftServerConfigKeys (ConfUtils.java:logGet(46)) - raft.server.log.preallocated.size = 16384 (custom)
2023-06-02 19:46:31,536 [9e7d7045-1d4c-4270-9434-63584a31babd-groupManagement] INFO  server.RaftServerConfigKeys (ConfUtils.java:logGet(46)) - raft.server.log.force.sync.num = 128 (default)
2023-06-02 19:46:31,536 [9e7d7045-1d4c-4270-9434-63584a31babd-groupManagement] INFO  server.RaftServerConfigKeys (ConfUtils.java:logGet(46)) - raft.server.log.statemachine.data.sync = true (default)
2023-06-02 19:46:31,536 [9e7d7045-1d4c-4270-9434-63584a31babd-groupManagement] INFO  server.RaftServerConfigKeys (ConfUtils.java:logGet(46)) - raft.server.log.statemachine.data.sync.timeout = 10s (default)
2023-06-02 19:46:31,536 [9e7d7045-1d4c-4270-9434-63584a31babd-groupManagement] INFO  server.RaftServerConfigKeys (ConfUtils.java:logGet(46)) - raft.server.log.statemachine.data.sync.timeout.retry = -1 (default)
2023-06-02 19:46:31,547 [9e7d7045-1d4c-4270-9434-63584a31babd-groupManagement] INFO  server.RaftServerConfigKeys (ConfUtils.java:logGet(46)) - raft.server.log.write.buffer.size = 1048576 (custom)
2023-06-02 19:46:31,548 [9e7d7045-1d4c-4270-9434-63584a31babd-groupManagement] INFO  server.RaftServerConfigKeys (ConfUtils.java:logGet(46)) - raft.server.log.appender.buffer.byte-limit = 33554432 (custom)
2023-06-02 19:46:31,553 [9e7d7045-1d4c-4270-9434-63584a31babd-groupManagement] INFO  server.RaftServerConfigKeys (ConfUtils.java:logGet(46)) - raft.server.log.unsafe-flush.enabled = false (default)
2023-06-02 19:46:31,553 [9e7d7045-1d4c-4270-9434-63584a31babd-groupManagement] INFO  server.RaftServerConfigKeys (ConfUtils.java:logGet(46)) - raft.server.log.async-flush.enabled = false (default)
2023-06-02 19:46:31,553 [9e7d7045-1d4c-4270-9434-63584a31babd-groupManagement] INFO  server.RaftServerConfigKeys (ConfUtils.java:logGet(46)) - raft.server.log.statemachine.data.caching.enabled = true (custom)
2023-06-02 19:46:31,554 [9e7d7045-1d4c-4270-9434-63584a31babd-groupManagement] INFO  segmented.SegmentedRaftLogWorker (SegmentedRaftLogWorker.java:lambda$new$0(135)) - 9e7d7045-1d4c-4270-9434-63584a31babd@group-0C580015AF9D-SegmentedRaftLogWorker: flushIndex: setUnconditionally 0 -> -1
2023-06-02 19:46:31,554 [9e7d7045-1d4c-4270-9434-63584a31babd-groupManagement] INFO  segmented.SegmentedRaftLogWorker (SegmentedRaftLogWorker.java:lambda$new$0(135)) - 9e7d7045-1d4c-4270-9434-63584a31babd@group-0C580015AF9D-SegmentedRaftLogWorker: safeCacheEvictIndex: setUnconditionally 0 -> -1
2023-06-02 19:46:31,568 [9e7d7045-1d4c-4270-9434-63584a31babd-groupManagement] INFO  server.RaftServer$Division (RaftServerImpl.java:start(342)) - 9e7d7045-1d4c-4270-9434-63584a31babd@group-0C580015AF9D: start as a follower, conf=-1: peers:[60ac4d22-094a-4270-8266-44944d79861e|rpc:10.1.26.0:15032|admin:10.1.26.0:15031|client:10.1.26.0:15030|dataStream:10.1.26.0:15033|priority:1|startupRole:FOLLOWER, 9e7d7045-1d4c-4270-9434-63584a31babd|rpc:10.1.26.0:15014|admin:10.1.26.0:15013|client:10.1.26.0:15012|dataStream:10.1.26.0:15015|priority:0|startupRole:FOLLOWER, f5a51868-327c-422c-ad14-d572ec0233ee|rpc:10.1.26.0:15023|admin:10.1.26.0:15022|client:10.1.26.0:15021|dataStream:10.1.26.0:15024|priority:0|startupRole:FOLLOWER]|listeners:[], old=null
2023-06-02 19:46:31,568 [9e7d7045-1d4c-4270-9434-63584a31babd-groupManagement] INFO  server.RaftServer$Division (RaftServerImpl.java:setRole(329)) - 9e7d7045-1d4c-4270-9434-63584a31babd@group-0C580015AF9D: changes role from      null to FOLLOWER at term 0 for startAsFollower
2023-06-02 19:46:31,568 [9e7d7045-1d4c-4270-9434-63584a31babd-groupManagement] INFO  impl.RoleInfo (RoleInfo.java:updateAndGet(139)) - 9e7d7045-1d4c-4270-9434-63584a31babd: start 9e7d7045-1d4c-4270-9434-63584a31babd@group-0C580015AF9D-FollowerState
2023-06-02 19:46:31,569 [9e7d7045-1d4c-4270-9434-63584a31babd-groupManagement] INFO  util.JmxRegister (JmxRegister.java:tryRegister(44)) - Successfully registered JMX Bean with object name Ratis:service=RaftServer,group=group-0C580015AF9D,id=9e7d7045-1d4c-4270-9434-63584a31babd
2023-06-02 19:46:31,574 [9e7d7045-1d4c-4270-9434-63584a31babd-groupManagement] INFO  server.RaftServerConfigKeys (ConfUtils.java:logGet(46)) - raft.server.snapshot.auto.trigger.enabled = true (custom)
2023-06-02 19:46:31,575 [9e7d7045-1d4c-4270-9434-63584a31babd-groupManagement] INFO  server.RaftServerConfigKeys (ConfUtils.java:logGet(46)) - raft.server.snapshot.auto.trigger.threshold = 10000 (custom)
2023-06-02 19:46:31,575 [9e7d7045-1d4c-4270-9434-63584a31babd-groupManagement] INFO  server.RaftServerConfigKeys (ConfUtils.java:logGet(46)) - raft.server.snapshot.retention.file.num = 5 (custom)
2023-06-02 19:46:31,575 [9e7d7045-1d4c-4270-9434-63584a31babd-groupManagement] INFO  server.RaftServerConfigKeys (ConfUtils.java:logGet(46)) - raft.server.log.purge.upto.snapshot.index = false (default)
2023-06-02 19:46:31,575 [9e7d7045-1d4c-4270-9434-63584a31babd@group-0C580015AF9D-FollowerState] INFO  server.RaftServerConfigKeys (ConfUtils.java:logFallback(53)) - raft.server.rpc.first-election.timeout.min = 5s (fallback to raft.server.rpc.timeout.min)
2023-06-02 19:46:31,576 [9e7d7045-1d4c-4270-9434-63584a31babd@group-0C580015AF9D-FollowerState] INFO  server.RaftServerConfigKeys (ConfUtils.java:logFallback(53)) - raft.server.rpc.first-election.timeout.max = 5200ms (fallback to raft.server.rpc.timeout.max)
2023-06-02 19:46:31,589 [PipelineCommandHandlerThread-0] INFO  ratis.XceiverServerRatis (XceiverServerRatis.java:addGroup(804)) - Created group PipelineID=afbb03c3-0d6a-47c3-950c-0c580015af9d
2023-06-02 19:46:31,728 [main] INFO  ozone.MiniOzoneClusterImpl (MiniOzoneClusterImpl.java:lambda$waitForClusterToBeReady$0(222)) - Waiting for nodes to be ready. Got 7 of 14 DN Heartbeats.
2023-06-02 19:46:31,728 [main] INFO  ozone.MiniOzoneClusterImpl (MiniOzoneClusterImpl.java:lambda$waitForClusterToBeReady$0(225)) - Waiting for cluster to exit safe mode
2023-06-02 19:46:31,728 [main] INFO  ozone.MiniOzoneClusterImpl (MiniOzoneClusterImpl.java:lambda$waitForClusterToBeReady$0(227)) - SCM became leader
2023-06-02 19:46:31,751 [IPC Server handler 0 on default port 15002] INFO  net.NetworkTopologyImpl (NetworkTopologyImpl.java:add(112)) - Added a new node: /default-rack/37ff51e8-4d98-426c-9b80-6778ef5a23bd
2023-06-02 19:46:31,751 [IPC Server handler 0 on default port 15002] INFO  node.SCMNodeManager (SCMNodeManager.java:register(407)) - Registered Data node : 37ff51e8-4d98-426c-9b80-6778ef5a23bd{ip: 10.1.26.0, host: fv-az459-618.msq0az1vewme3jsxyslsv0htic.jx.internal.cloudapp.net, ports: [HTTP=15072, CLIENT_RPC=15073, REPLICATION=15079, RATIS=15075, RATIS_ADMIN=15076, RATIS_SERVER=15077, RATIS_DATASTREAM=15078, STANDALONE=15074], networkLocation: /default-rack, certSerialId: null, persistedOpState: null, persistedOpStateExpiryEpochSec: 0}
2023-06-02 19:46:31,751 [EventQueue-NewNodeForNewNodeHandler] INFO  pipeline.BackgroundPipelineCreator (BackgroundPipelineCreator.java:notifyEventTriggered(276)) - trigger a one-shot run on RatisPipelineUtilsThread.
2023-06-02 19:46:31,752 [RatisPipelineUtilsThread - 0] WARN  pipeline.PipelinePlacementPolicy (PipelinePlacementPolicy.java:filterViableNodes(160)) - Pipeline creation failed due to no sufficient healthy datanodes. Required 3. Found 2. Excluded 6.
2023-06-02 19:46:31,946 [EndpointStateMachine task thread for /0.0.0.0:15002 - 0 ] INFO  utils.DatanodeStoreCache (DatanodeStoreCache.java:addDB(66)) - Added db /home/runner/work/ozone/ozone/hadoop-ozone/integration-test/target/test-dir/MiniOzoneClusterImpl-e4789928-4fd4-479e-857e-ac334458de01/datanode-11/data-0/containers/hdds/e4789928-4fd4-479e-857e-ac334458de01/DS-f50a51e8-a8c0-42c9-bfb3-d06d6eb697f5/container.db to cache
2023-06-02 19:46:31,946 [EndpointStateMachine task thread for /0.0.0.0:15002 - 0 ] INFO  volume.HddsVolume (HddsVolume.java:createDbStore(350)) - SchemaV3 db is created and loaded at /home/runner/work/ozone/ozone/hadoop-ozone/integration-test/target/test-dir/MiniOzoneClusterImpl-e4789928-4fd4-479e-857e-ac334458de01/datanode-11/data-0/containers/hdds/e4789928-4fd4-479e-857e-ac334458de01/DS-f50a51e8-a8c0-42c9-bfb3-d06d6eb697f5/container.db for volume DS-f50a51e8-a8c0-42c9-bfb3-d06d6eb697f5
2023-06-02 19:46:31,946 [EndpointStateMachine task thread for /0.0.0.0:15002 - 0 ] INFO  ozoneimpl.OzoneContainer (OzoneContainer.java:start(398)) - Attempting to start container services.
2023-06-02 19:46:31,947 [EndpointStateMachine task thread for /0.0.0.0:15002 - 0 ] INFO  ozoneimpl.OzoneContainer (OzoneContainer.java:startContainerScrub(314)) - Scheduled background container scanners and the on-demand container scanner have been disabled.
2023-06-02 19:46:31,948 [EndpointStateMachine task thread for /0.0.0.0:15002 - 0 ] INFO  replication.ReplicationServer (ReplicationServer.java:start(128)) - ReplicationServer is started using port 15115
2023-06-02 19:46:31,948 [EndpointStateMachine task thread for /0.0.0.0:15002 - 0 ] INFO  ratis.XceiverServerRatis (XceiverServerRatis.java:start(517)) - Starting XceiverServerRatis a3512fa8-98cf-431f-8bbe-512df84cf246
2023-06-02 19:46:31,978 [EndpointStateMachine task thread for /0.0.0.0:15002 - 0 ] INFO  server.RaftServer (RaftServerProxy.java:startImpl(400)) - a3512fa8-98cf-431f-8bbe-512df84cf246: start RPC server
2023-06-02 19:46:31,990 [EndpointStateMachine task thread for /0.0.0.0:15002 - 0 ] INFO  server.GrpcService (GrpcService.java:startImpl(302)) - a3512fa8-98cf-431f-8bbe-512df84cf246: GrpcService started, listening on 15111
2023-06-02 19:46:31,991 [EndpointStateMachine task thread for /0.0.0.0:15002 - 0 ] INFO  server.GrpcService (GrpcService.java:startImpl(302)) - a3512fa8-98cf-431f-8bbe-512df84cf246: GrpcService started, listening on 15113
2023-06-02 19:46:31,991 [EndpointStateMachine task thread for /0.0.0.0:15002 - 0 ] INFO  server.GrpcService (GrpcService.java:startImpl(302)) - a3512fa8-98cf-431f-8bbe-512df84cf246: GrpcService started, listening on 15112
2023-06-02 19:46:31,991 [EndpointStateMachine task thread for /0.0.0.0:15002 - 0 ] INFO  ratis.XceiverServerRatis (XceiverServerRatis.java:getRealPort(543)) - XceiverServerRatis a3512fa8-98cf-431f-8bbe-512df84cf246 is started using port 15111 for RATIS
2023-06-02 19:46:31,991 [EndpointStateMachine task thread for /0.0.0.0:15002 - 0 ] INFO  ratis.XceiverServerRatis (XceiverServerRatis.java:getRealPort(543)) - XceiverServerRatis a3512fa8-98cf-431f-8bbe-512df84cf246 is started using port 15112 for RATIS_ADMIN
2023-06-02 19:46:31,992 [EndpointStateMachine task thread for /0.0.0.0:15002 - 0 ] INFO  ratis.XceiverServerRatis (XceiverServerRatis.java:getRealPort(543)) - XceiverServerRatis a3512fa8-98cf-431f-8bbe-512df84cf246 is started using port 15113 for RATIS_SERVER
2023-06-02 19:46:31,992 [EndpointStateMachine task thread for /0.0.0.0:15002 - 0 ] INFO  ratis.XceiverServerRatis (XceiverServerRatis.java:getRealPort(543)) - XceiverServerRatis a3512fa8-98cf-431f-8bbe-512df84cf246 is started using port 15114 for RATIS_DATASTREAM
2023-06-02 19:46:31,992 [JvmPauseMonitor13] INFO  util.JvmPauseMonitor (JvmPauseMonitor.java:run(103)) - JvmPauseMonitor-a3512fa8-98cf-431f-8bbe-512df84cf246: Started
2023-06-02 19:46:32,007 [BlockDeletingService#0] INFO  interfaces.ContainerDeletionChoosingPolicyTemplate (ContainerDeletionChoosingPolicyTemplate.java:chooseContainerForBlockDeletion(83)) - Chosen 0/5000 blocks from 0 candidate containers.
2023-06-02 19:46:32,109 [PipelineCommandHandlerThread-0] INFO  server.RaftServer (RaftServerProxy.java:addNew(98)) - f5a51868-327c-422c-ad14-d572ec0233ee: addNew group-0C580015AF9D:[60ac4d22-094a-4270-8266-44944d79861e|rpc:10.1.26.0:15032|admin:10.1.26.0:15031|client:10.1.26.0:15030|dataStream:10.1.26.0:15033|priority:1|startupRole:FOLLOWER, 9e7d7045-1d4c-4270-9434-63584a31babd|rpc:10.1.26.0:15014|admin:10.1.26.0:15013|client:10.1.26.0:15012|dataStream:10.1.26.0:15015|priority:0|startupRole:FOLLOWER, f5a51868-327c-422c-ad14-d572ec0233ee|rpc:10.1.26.0:15023|admin:10.1.26.0:15022|client:10.1.26.0:15021|dataStream:10.1.26.0:15024|priority:0|startupRole:FOLLOWER] returns group-0C580015AF9D:java.util.concurrent.CompletableFuture@5066e0f3[Not completed]
2023-06-02 19:46:32,123 [f5a51868-327c-422c-ad14-d572ec0233ee-groupManagement] INFO  server.RaftServer$Division (RaftServerImpl.java:<init>(198)) - f5a51868-327c-422c-ad14-d572ec0233ee: new RaftServerImpl for group-0C580015AF9D:[60ac4d22-094a-4270-8266-44944d79861e|rpc:10.1.26.0:15032|admin:10.1.26.0:15031|client:10.1.26.0:15030|dataStream:10.1.26.0:15033|priority:1|startupRole:FOLLOWER, 9e7d7045-1d4c-4270-9434-63584a31babd|rpc:10.1.26.0:15014|admin:10.1.26.0:15013|client:10.1.26.0:15012|dataStream:10.1.26.0:15015|priority:0|startupRole:FOLLOWER, f5a51868-327c-422c-ad14-d572ec0233ee|rpc:10.1.26.0:15023|admin:10.1.26.0:15022|client:10.1.26.0:15021|dataStream:10.1.26.0:15024|priority:0|startupRole:FOLLOWER] with ContainerStateMachine:uninitialized
2023-06-02 19:46:32,123 [f5a51868-327c-422c-ad14-d572ec0233ee-groupManagement] INFO  server.RaftServerConfigKeys (ConfUtils.java:logGet(46)) - raft.server.rpc.timeout.min = 5s (custom)
2023-06-02 19:46:32,123 [f5a51868-327c-422c-ad14-d572ec0233ee-groupManagement] INFO  server.RaftServerConfigKeys (ConfUtils.java:logGet(46)) - raft.server.rpc.timeout.max = 5200ms (custom)
2023-06-02 19:46:32,123 [f5a51868-327c-422c-ad14-d572ec0233ee-groupManagement] INFO  server.RaftServerConfigKeys (ConfUtils.java:logGet(46)) - raft.server.rpc.sleep.time = 25ms (default)
2023-06-02 19:46:32,124 [f5a51868-327c-422c-ad14-d572ec0233ee-groupManagement] INFO  server.RaftServerConfigKeys (ConfUtils.java:logGet(46)) - raft.server.rpc.slowness.timeout = 300s (custom)
2023-06-02 19:46:32,124 [f5a51868-327c-422c-ad14-d572ec0233ee-groupManagement] INFO  server.RaftServerConfigKeys (ConfUtils.java:logGet(46)) - raft.server.leaderelection.leader.step-down.wait-time = 10s (default)
2023-06-02 19:46:32,124 [f5a51868-327c-422c-ad14-d572ec0233ee-groupManagement] INFO  server.RaftServerConfigKeys (ConfUtils.java:logGet(46)) - raft.server.sleep.deviation.threshold = 300ms (default)
2023-06-02 19:46:32,124 [f5a51868-327c-422c-ad14-d572ec0233ee-groupManagement] INFO  server.RaftServer$Division (ServerState.java:<init>(120)) - f5a51868-327c-422c-ad14-d572ec0233ee@group-0C580015AF9D: ConfigurationManager, init=-1: peers:[60ac4d22-094a-4270-8266-44944d79861e|rpc:10.1.26.0:15032|admin:10.1.26.0:15031|client:10.1.26.0:15030|dataStream:10.1.26.0:15033|priority:1|startupRole:FOLLOWER, 9e7d7045-1d4c-4270-9434-63584a31babd|rpc:10.1.26.0:15014|admin:10.1.26.0:15013|client:10.1.26.0:15012|dataStream:10.1.26.0:15015|priority:0|startupRole:FOLLOWER, f5a51868-327c-422c-ad14-d572ec0233ee|rpc:10.1.26.0:15023|admin:10.1.26.0:15022|client:10.1.26.0:15021|dataStream:10.1.26.0:15024|priority:0|startupRole:FOLLOWER]|listeners:[], old=null, confs=<EMPTY_MAP>
2023-06-02 19:46:32,124 [f5a51868-327c-422c-ad14-d572ec0233ee-groupManagement] INFO  server.RaftServerConfigKeys (ConfUtils.java:logGet(46)) - raft.server.storage.dir = [/home/runner/work/ozone/ozone/hadoop-ozone/integration-test/target/test-dir/MiniOzoneClusterImpl-e4789928-4fd4-479e-857e-ac334458de01/datanode-1/data/ratis] (custom)
2023-06-02 19:46:32,124 [f5a51868-327c-422c-ad14-d572ec0233ee-groupManagement] INFO  server.RaftServerConfigKeys (ConfUtils.java:logGet(46)) - raft.server.log.corruption.policy = EXCEPTION (default)
2023-06-02 19:46:32,124 [f5a51868-327c-422c-ad14-d572ec0233ee-groupManagement] INFO  server.RaftServerConfigKeys (ConfUtils.java:logGet(46)) - raft.server.storage.free-space.min = 0MB (=0) (default)
2023-06-02 19:46:32,124 [f5a51868-327c-422c-ad14-d572ec0233ee-groupManagement] INFO  server.RaftServerConfigKeys (ConfUtils.java:logGet(46)) - raft.server.notification.no-leader.timeout = 300s (custom)
2023-06-02 19:46:32,124 [f5a51868-327c-422c-ad14-d572ec0233ee-groupManagement] INFO  server.RaftServerConfigKeys (ConfUtils.java:logGet(46)) - raft.server.read.timeout = 10s (default)
2023-06-02 19:46:32,124 [f5a51868-327c-422c-ad14-d572ec0233ee-groupManagement] INFO  server.RaftServerConfigKeys (ConfUtils.java:logGet(46)) - raft.server.retrycache.expirytime = 600000ms (custom)
2023-06-02 19:46:32,124 [f5a51868-327c-422c-ad14-d572ec0233ee-groupManagement] INFO  server.RaftServerConfigKeys (ConfUtils.java:logGet(46)) - raft.server.retrycache.statistics.expirytime = 100μs (default)
2023-06-02 19:46:32,124 [f5a51868-327c-422c-ad14-d572ec0233ee-groupManagement] INFO  server.RaftServerConfigKeys (ConfUtils.java:logGet(46)) - raft.server.read.option = DEFAULT (default)
2023-06-02 19:46:32,131 [f5a51868-327c-422c-ad14-d572ec0233ee-groupManagement] INFO  server.RaftServerConfigKeys (ConfUtils.java:logGet(46)) - raft.server.rpc.request.timeout = 60s (custom)
2023-06-02 19:46:32,131 [f5a51868-327c-422c-ad14-d572ec0233ee-groupManagement] INFO  server.RaftServerConfigKeys (ConfUtils.java:logGet(46)) - raft.server.log.appender.install.snapshot.enabled = false (custom)
2023-06-02 19:46:32,131 [f5a51868-327c-422c-ad14-d572ec0233ee-groupManagement] INFO  server.RaftServerConfigKeys (ConfUtils.java:logGet(46)) - raft.server.threadpool.server.cached = true (default)
2023-06-02 19:46:32,131 [f5a51868-327c-422c-ad14-d572ec0233ee-groupManagement] INFO  server.RaftServerConfigKeys (ConfUtils.java:logGet(46)) - raft.server.threadpool.server.size = 0 (default)
2023-06-02 19:46:32,131 [f5a51868-327c-422c-ad14-d572ec0233ee-groupManagement] INFO  server.RaftServerConfigKeys (ConfUtils.java:logGet(46)) - raft.server.threadpool.client.cached = true (default)
2023-06-02 19:46:32,131 [f5a51868-327c-422c-ad14-d572ec0233ee-groupManagement] INFO  server.RaftServerConfigKeys (ConfUtils.java:logGet(46)) - raft.server.threadpool.client.size = 0 (default)
2023-06-02 19:46:32,131 [f5a51868-327c-422c-ad14-d572ec0233ee-groupManagement] INFO  storage.RaftStorageDirectory (RaftStorageDirectoryImpl.java:analyzeStorage(137)) - The storage directory /home/runner/work/ozone/ozone/hadoop-ozone/integration-test/target/test-dir/MiniOzoneClusterImpl-e4789928-4fd4-479e-857e-ac334458de01/datanode-1/data/ratis/afbb03c3-0d6a-47c3-950c-0c580015af9d does not exist. Creating ...
2023-06-02 19:46:32,134 [f5a51868-327c-422c-ad14-d572ec0233ee-groupManagement] INFO  storage.RaftStorageDirectory (RaftStorageDirectoryImpl.java:tryLock(231)) - Lock on /home/runner/work/ozone/ozone/hadoop-ozone/integration-test/target/test-dir/MiniOzoneClusterImpl-e4789928-4fd4-479e-857e-ac334458de01/datanode-1/data/ratis/afbb03c3-0d6a-47c3-950c-0c580015af9d/in_use.lock acquired by nodename 54141@fv-az459-618
2023-06-02 19:46:32,140 [f5a51868-327c-422c-ad14-d572ec0233ee-groupManagement] INFO  storage.RaftStorage (RaftStorageImpl.java:format(96)) - Storage directory /home/runner/work/ozone/ozone/hadoop-ozone/integration-test/target/test-dir/MiniOzoneClusterImpl-e4789928-4fd4-479e-857e-ac334458de01/datanode-1/data/ratis/afbb03c3-0d6a-47c3-950c-0c580015af9d has been successfully formatted.
2023-06-02 19:46:32,144 [f5a51868-327c-422c-ad14-d572ec0233ee-groupManagement] INFO  ratis.ContainerStateMachine (ContainerStateMachine.java:loadSnapshot(262)) - group-0C580015AF9D: The snapshot info is null. Setting the last applied indexto:(t:0, i:~)
2023-06-02 19:46:32,145 [f5a51868-327c-422c-ad14-d572ec0233ee-groupManagement] INFO  server.RaftServerConfigKeys (ConfUtils.java:logGet(46)) - raft.server.log.use.memory = false (default)
2023-06-02 19:46:32,148 [f5a51868-327c-422c-ad14-d572ec0233ee-groupManagement] INFO  server.RaftServerConfigKeys (ConfUtils.java:logGet(46)) - raft.server.log.purge.gap = 1000000 (custom)
2023-06-02 19:46:32,148 [f5a51868-327c-422c-ad14-d572ec0233ee-groupManagement] INFO  server.RaftServerConfigKeys (ConfUtils.java:logGet(46)) - raft.server.log.appender.buffer.byte-limit = 33554432 (custom)
2023-06-02 19:46:32,148 [f5a51868-327c-422c-ad14-d572ec0233ee-groupManagement] INFO  server.RaftServerConfigKeys (ConfUtils.java:logGet(46)) - raft.server.log.statemachine.data.read.timeout = 1000ms (default)
2023-06-02 19:46:32,148 [f5a51868-327c-422c-ad14-d572ec0233ee-groupManagement] INFO  server.RaftServerConfigKeys (ConfUtils.java:logGet(46)) - raft.server.log.purge.preservation.log.num = 0 (default)
2023-06-02 19:46:32,149 [f5a51868-327c-422c-ad14-d572ec0233ee-groupManagement] INFO  server.RaftServerConfigKeys (ConfUtils.java:logGet(46)) - raft.server.log.segment.size.max = 1048576 (custom)
2023-06-02 19:46:32,150 [f5a51868-327c-422c-ad14-d572ec0233ee-groupManagement] INFO  server.RaftServerConfigKeys (ConfUtils.java:logGet(46)) - raft.server.log.segment.cache.num.max = 2 (custom)
2023-06-02 19:46:32,150 [f5a51868-327c-422c-ad14-d572ec0233ee-groupManagement] INFO  server.RaftServerConfigKeys (ConfUtils.java:logGet(46)) - raft.server.log.segment.cache.size.max = 200MB (=209715200) (default)
2023-06-02 19:46:32,150 [f5a51868-327c-422c-ad14-d572ec0233ee-groupManagement] INFO  server.RaftServerConfigKeys (ConfUtils.java:logGet(46)) - raft.server.log.appender.buffer.byte-limit = 33554432 (custom)
2023-06-02 19:46:32,150 [f5a51868-327c-422c-ad14-d572ec0233ee-groupManagement] INFO  segmented.SegmentedRaftLogWorker (SegmentedRaftLogWorker.java:<init>(188)) - new f5a51868-327c-422c-ad14-d572ec0233ee@group-0C580015AF9D-SegmentedRaftLogWorker for RaftStorageImpl:Storage Directory /home/runner/work/ozone/ozone/hadoop-ozone/integration-test/target/test-dir/MiniOzoneClusterImpl-e4789928-4fd4-479e-857e-ac334458de01/datanode-1/data/ratis/afbb03c3-0d6a-47c3-950c-0c580015af9d
2023-06-02 19:46:32,150 [f5a51868-327c-422c-ad14-d572ec0233ee-groupManagement] INFO  server.RaftServerConfigKeys (ConfUtils.java:logGet(46)) - raft.server.log.queue.byte-limit = 4294967296 (custom)
2023-06-02 19:46:32,152 [f5a51868-327c-422c-ad14-d572ec0233ee-groupManagement] INFO  server.RaftServerConfigKeys (ConfUtils.java:logGet(46)) - raft.server.log.queue.element-limit = 1024 (custom)
2023-06-02 19:46:32,153 [f5a51868-327c-422c-ad14-d572ec0233ee-groupManagement] INFO  server.RaftServerConfigKeys (ConfUtils.java:logGet(46)) - raft.server.log.segment.size.max = 1048576 (custom)
2023-06-02 19:46:32,153 [f5a51868-327c-422c-ad14-d572ec0233ee-groupManagement] INFO  server.RaftServerConfigKeys (ConfUtils.java:logGet(46)) - raft.server.log.preallocated.size = 16384 (custom)
2023-06-02 19:46:32,153 [f5a51868-327c-422c-ad14-d572ec0233ee-groupManagement] INFO  server.RaftServerConfigKeys (ConfUtils.java:logGet(46)) - raft.server.log.force.sync.num = 128 (default)
2023-06-02 19:46:32,153 [f5a51868-327c-422c-ad14-d572ec0233ee-groupManagement] INFO  server.RaftServerConfigKeys (ConfUtils.java:logGet(46)) - raft.server.log.statemachine.data.sync = true (default)
2023-06-02 19:46:32,153 [f5a51868-327c-422c-ad14-d572ec0233ee-groupManagement] INFO  server.RaftServerConfigKeys (ConfUtils.java:logGet(46)) - raft.server.log.statemachine.data.sync.timeout = 10s (default)
2023-06-02 19:46:32,153 [f5a51868-327c-422c-ad14-d572ec0233ee-groupManagement] INFO  server.RaftServerConfigKeys (ConfUtils.java:logGet(46)) - raft.server.log.statemachine.data.sync.timeout.retry = -1 (default)
2023-06-02 19:46:32,159 [f5a51868-327c-422c-ad14-d572ec0233ee-groupManagement] INFO  server.RaftServerConfigKeys (ConfUtils.java:logGet(46)) - raft.server.log.write.buffer.size = 1048576 (custom)
2023-06-02 19:46:32,160 [f5a51868-327c-422c-ad14-d572ec0233ee-groupManagement] INFO  server.RaftServerConfigKeys (ConfUtils.java:logGet(46)) - raft.server.log.appender.buffer.byte-limit = 33554432 (custom)
2023-06-02 19:46:32,173 [f5a51868-327c-422c-ad14-d572ec0233ee-groupManagement] INFO  server.RaftServerConfigKeys (ConfUtils.java:logGet(46)) - raft.server.log.unsafe-flush.enabled = false (default)
2023-06-02 19:46:32,173 [f5a51868-327c-422c-ad14-d572ec0233ee-groupManagement] INFO  server.RaftServerConfigKeys (ConfUtils.java:logGet(46)) - raft.server.log.async-flush.enabled = false (default)
2023-06-02 19:46:32,173 [f5a51868-327c-422c-ad14-d572ec0233ee-groupManagement] INFO  server.RaftServerConfigKeys (ConfUtils.java:logGet(46)) - raft.server.log.statemachine.data.caching.enabled = true (custom)
2023-06-02 19:46:32,174 [f5a51868-327c-422c-ad14-d572ec0233ee-groupManagement] INFO  segmented.SegmentedRaftLogWorker (SegmentedRaftLogWorker.java:lambda$new$0(135)) - f5a51868-327c-422c-ad14-d572ec0233ee@group-0C580015AF9D-SegmentedRaftLogWorker: flushIndex: setUnconditionally 0 -> -1
2023-06-02 19:46:32,174 [f5a51868-327c-422c-ad14-d572ec0233ee-groupManagement] INFO  segmented.SegmentedRaftLogWorker (SegmentedRaftLogWorker.java:lambda$new$0(135)) - f5a51868-327c-422c-ad14-d572ec0233ee@group-0C580015AF9D-SegmentedRaftLogWorker: safeCacheEvictIndex: setUnconditionally 0 -> -1
2023-06-02 19:46:32,187 [f5a51868-327c-422c-ad14-d572ec0233ee-groupManagement] INFO  server.RaftServer$Division (RaftServerImpl.java:start(342)) - f5a51868-327c-422c-ad14-d572ec0233ee@group-0C580015AF9D: start as a follower, conf=-1: peers:[60ac4d22-094a-4270-8266-44944d79861e|rpc:10.1.26.0:15032|admin:10.1.26.0:15031|client:10.1.26.0:15030|dataStream:10.1.26.0:15033|priority:1|startupRole:FOLLOWER, 9e7d7045-1d4c-4270-9434-63584a31babd|rpc:10.1.26.0:15014|admin:10.1.26.0:15013|client:10.1.26.0:15012|dataStream:10.1.26.0:15015|priority:0|startupRole:FOLLOWER, f5a51868-327c-422c-ad14-d572ec0233ee|rpc:10.1.26.0:15023|admin:10.1.26.0:15022|client:10.1.26.0:15021|dataStream:10.1.26.0:15024|priority:0|startupRole:FOLLOWER]|listeners:[], old=null
2023-06-02 19:46:32,187 [f5a51868-327c-422c-ad14-d572ec0233ee-groupManagement] INFO  server.RaftServer$Division (RaftServerImpl.java:setRole(329)) - f5a51868-327c-422c-ad14-d572ec0233ee@group-0C580015AF9D: changes role from      null to FOLLOWER at term 0 for startAsFollower
2023-06-02 19:46:32,187 [f5a51868-327c-422c-ad14-d572ec0233ee-groupManagement] INFO  impl.RoleInfo (RoleInfo.java:updateAndGet(139)) - f5a51868-327c-422c-ad14-d572ec0233ee: start f5a51868-327c-422c-ad14-d572ec0233ee@group-0C580015AF9D-FollowerState
2023-06-02 19:46:32,190 [f5a51868-327c-422c-ad14-d572ec0233ee-groupManagement] INFO  util.JmxRegister (JmxRegister.java:tryRegister(44)) - Successfully registered JMX Bean with object name Ratis:service=RaftServer,group=group-0C580015AF9D,id=f5a51868-327c-422c-ad14-d572ec0233ee
2023-06-02 19:46:32,192 [f5a51868-327c-422c-ad14-d572ec0233ee-groupManagement] INFO  server.RaftServerConfigKeys (ConfUtils.java:logGet(46)) - raft.server.snapshot.auto.trigger.enabled = true (custom)
2023-06-02 19:46:32,192 [f5a51868-327c-422c-ad14-d572ec0233ee-groupManagement] INFO  server.RaftServerConfigKeys (ConfUtils.java:logGet(46)) - raft.server.snapshot.auto.trigger.threshold = 10000 (custom)
2023-06-02 19:46:32,192 [f5a51868-327c-422c-ad14-d572ec0233ee@group-0C580015AF9D-FollowerState] INFO  server.RaftServerConfigKeys (ConfUtils.java:logFallback(53)) - raft.server.rpc.first-election.timeout.min = 5s (fallback to raft.server.rpc.timeout.min)
2023-06-02 19:46:32,192 [f5a51868-327c-422c-ad14-d572ec0233ee-groupManagement] INFO  server.RaftServerConfigKeys (ConfUtils.java:logGet(46)) - raft.server.snapshot.retention.file.num = 5 (custom)
2023-06-02 19:46:32,193 [f5a51868-327c-422c-ad14-d572ec0233ee-groupManagement] INFO  server.RaftServerConfigKeys (ConfUtils.java:logGet(46)) - raft.server.log.purge.upto.snapshot.index = false (default)
2023-06-02 19:46:32,194 [f5a51868-327c-422c-ad14-d572ec0233ee@group-0C580015AF9D-FollowerState] INFO  server.RaftServerConfigKeys (ConfUtils.java:logFallback(53)) - raft.server.rpc.first-election.timeout.max = 5200ms (fallback to raft.server.rpc.timeout.max)
2023-06-02 19:46:32,194 [PipelineCommandHandlerThread-0] INFO  ratis.XceiverServerRatis (XceiverServerRatis.java:addGroup(804)) - Created group PipelineID=afbb03c3-0d6a-47c3-950c-0c580015af9d
2023-06-02 19:46:32,233 [IPC Server handler 18 on default port 15002] INFO  net.NetworkTopologyImpl (NetworkTopologyImpl.java:add(112)) - Added a new node: /default-rack/3444f24d-5019-4db9-b49c-a7d3f58b79dc
2023-06-02 19:46:32,233 [IPC Server handler 18 on default port 15002] INFO  node.SCMNodeManager (SCMNodeManager.java:register(407)) - Registered Data node : 3444f24d-5019-4db9-b49c-a7d3f58b79dc{ip: 10.1.26.0, host: fv-az459-618.msq0az1vewme3jsxyslsv0htic.jx.internal.cloudapp.net, ports: [HTTP=15081, CLIENT_RPC=15082, REPLICATION=15088, RATIS=15084, RATIS_ADMIN=15085, RATIS_SERVER=15086, RATIS_DATASTREAM=15087, STANDALONE=15083], networkLocation: /default-rack, certSerialId: null, persistedOpState: null, persistedOpStateExpiryEpochSec: 0}
2023-06-02 19:46:32,233 [EventQueue-NewNodeForNewNodeHandler] INFO  pipeline.BackgroundPipelineCreator (BackgroundPipelineCreator.java:notifyEventTriggered(276)) - trigger a one-shot run on RatisPipelineUtilsThread.
2023-06-02 19:46:32,234 [RatisPipelineUtilsThread - 0] INFO  pipeline.RatisPipelineProvider (RatisPipelineProvider.java:lambda$create$0(206)) - Sending CreatePipelineCommand for pipeline:PipelineID=b5b8cea2-c681-4998-9b81-41e0cd0e9af8 to datanode:3444f24d-5019-4db9-b49c-a7d3f58b79dc
2023-06-02 19:46:32,236 [RatisPipelineUtilsThread - 0] INFO  pipeline.RatisPipelineProvider (RatisPipelineProvider.java:lambda$create$0(206)) - Sending CreatePipelineCommand for pipeline:PipelineID=b5b8cea2-c681-4998-9b81-41e0cd0e9af8 to datanode:37ff51e8-4d98-426c-9b80-6778ef5a23bd
2023-06-02 19:46:32,236 [RatisPipelineUtilsThread - 0] INFO  pipeline.RatisPipelineProvider (RatisPipelineProvider.java:lambda$create$0(206)) - Sending CreatePipelineCommand for pipeline:PipelineID=b5b8cea2-c681-4998-9b81-41e0cd0e9af8 to datanode:68e68f39-32fc-4b84-93e4-f20720881325
2023-06-02 19:46:32,237 [RatisPipelineUtilsThread - 0] INFO  pipeline.PipelineStateManagerImpl (PipelineStateManagerImpl.java:addPipeline(103)) - Created pipeline Pipeline[ Id: b5b8cea2-c681-4998-9b81-41e0cd0e9af8, Nodes: 3444f24d-5019-4db9-b49c-a7d3f58b79dc(fv-az459-618.msq0az1vewme3jsxyslsv0htic.jx.internal.cloudapp.net/10.1.26.0)37ff51e8-4d98-426c-9b80-6778ef5a23bd(fv-az459-618.msq0az1vewme3jsxyslsv0htic.jx.internal.cloudapp.net/10.1.26.0)68e68f39-32fc-4b84-93e4-f20720881325(fv-az459-618.msq0az1vewme3jsxyslsv0htic.jx.internal.cloudapp.net/10.1.26.0), ReplicationConfig: RATIS/THREE, State:ALLOCATED, leaderId:, CreationTimestamp2023-06-02T19:46:32.234Z[Etc/UTC]].
2023-06-02 19:46:32,237 [RatisPipelineUtilsThread - 0] INFO  pipeline.RatisPipelineProvider (RatisPipelineProvider.java:lambda$create$0(206)) - Sending CreatePipelineCommand for pipeline:PipelineID=a369836c-6100-40ff-9aaf-674b5112605d to datanode:3444f24d-5019-4db9-b49c-a7d3f58b79dc
2023-06-02 19:46:32,238 [RatisPipelineUtilsThread - 0] INFO  pipeline.RatisPipelineProvider (RatisPipelineProvider.java:lambda$create$0(206)) - Sending CreatePipelineCommand for pipeline:PipelineID=a369836c-6100-40ff-9aaf-674b5112605d to datanode:68e68f39-32fc-4b84-93e4-f20720881325
2023-06-02 19:46:32,238 [RatisPipelineUtilsThread - 0] INFO  pipeline.RatisPipelineProvider (RatisPipelineProvider.java:lambda$create$0(206)) - Sending CreatePipelineCommand for pipeline:PipelineID=a369836c-6100-40ff-9aaf-674b5112605d to datanode:37ff51e8-4d98-426c-9b80-6778ef5a23bd
2023-06-02 19:46:32,239 [RatisPipelineUtilsThread - 0] INFO  pipeline.PipelineStateManagerImpl (PipelineStateManagerImpl.java:addPipeline(103)) - Created pipeline Pipeline[ Id: a369836c-6100-40ff-9aaf-674b5112605d, Nodes: 3444f24d-5019-4db9-b49c-a7d3f58b79dc(fv-az459-618.msq0az1vewme3jsxyslsv0htic.jx.internal.cloudapp.net/10.1.26.0)68e68f39-32fc-4b84-93e4-f20720881325(fv-az459-618.msq0az1vewme3jsxyslsv0htic.jx.internal.cloudapp.net/10.1.26.0)37ff51e8-4d98-426c-9b80-6778ef5a23bd(fv-az459-618.msq0az1vewme3jsxyslsv0htic.jx.internal.cloudapp.net/10.1.26.0), ReplicationConfig: RATIS/THREE, State:ALLOCATED, leaderId:, CreationTimestamp2023-06-02T19:46:32.237Z[Etc/UTC]].
2023-06-02 19:46:32,239 [RatisPipelineUtilsThread - 0] INFO  pipeline.PipelineManagerImpl (PipelineManagerImpl.java:recordMetricsForPipeline(826)) - Pipeline: PipelineID=a369836c-6100-40ff-9aaf-674b5112605d contains same datanodes as previous pipelines: PipelineID=b5b8cea2-c681-4998-9b81-41e0cd0e9af8 nodeIds: 3444f24d-5019-4db9-b49c-a7d3f58b79dc, 68e68f39-32fc-4b84-93e4-f20720881325, 37ff51e8-4d98-426c-9b80-6778ef5a23bd
2023-06-02 19:46:32,240 [RatisPipelineUtilsThread - 0] WARN  pipeline.PipelinePlacementPolicy (PipelinePlacementPolicy.java:filterViableNodes(160)) - Pipeline creation failed due to no sufficient healthy datanodes. Required 3. Found 0. Excluded 9.
2023-06-02 19:46:32,310 [grpc-default-executor-1] INFO  server.RaftServer (RaftServerProxy.java:addNew(98)) - 60ac4d22-094a-4270-8266-44944d79861e: addNew group-0C580015AF9D:[60ac4d22-094a-4270-8266-44944d79861e|rpc:10.1.26.0:15032|admin:10.1.26.0:15031|client:10.1.26.0:15030|dataStream:10.1.26.0:15033|priority:1|startupRole:FOLLOWER, 9e7d7045-1d4c-4270-9434-63584a31babd|rpc:10.1.26.0:15014|admin:10.1.26.0:15013|client:10.1.26.0:15012|dataStream:10.1.26.0:15015|priority:0|startupRole:FOLLOWER, f5a51868-327c-422c-ad14-d572ec0233ee|rpc:10.1.26.0:15023|admin:10.1.26.0:15022|client:10.1.26.0:15021|dataStream:10.1.26.0:15024|priority:0|startupRole:FOLLOWER] returns group-0C580015AF9D:java.util.concurrent.CompletableFuture@6d696199[Not completed]
2023-06-02 19:46:32,320 [60ac4d22-094a-4270-8266-44944d79861e-groupManagement] INFO  server.RaftServer$Division (RaftServerImpl.java:<init>(198)) - 60ac4d22-094a-4270-8266-44944d79861e: new RaftServerImpl for group-0C580015AF9D:[60ac4d22-094a-4270-8266-44944d79861e|rpc:10.1.26.0:15032|admin:10.1.26.0:15031|client:10.1.26.0:15030|dataStream:10.1.26.0:15033|priority:1|startupRole:FOLLOWER, 9e7d7045-1d4c-4270-9434-63584a31babd|rpc:10.1.26.0:15014|admin:10.1.26.0:15013|client:10.1.26.0:15012|dataStream:10.1.26.0:15015|priority:0|startupRole:FOLLOWER, f5a51868-327c-422c-ad14-d572ec0233ee|rpc:10.1.26.0:15023|admin:10.1.26.0:15022|client:10.1.26.0:15021|dataStream:10.1.26.0:15024|priority:0|startupRole:FOLLOWER] with ContainerStateMachine:uninitialized
2023-06-02 19:46:32,320 [60ac4d22-094a-4270-8266-44944d79861e-groupManagement] INFO  server.RaftServerConfigKeys (ConfUtils.java:logGet(46)) - raft.server.rpc.timeout.min = 5s (custom)
2023-06-02 19:46:32,320 [60ac4d22-094a-4270-8266-44944d79861e-groupManagement] INFO  server.RaftServerConfigKeys (ConfUtils.java:logGet(46)) - raft.server.rpc.timeout.max = 5200ms (custom)
2023-06-02 19:46:32,320 [60ac4d22-094a-4270-8266-44944d79861e-groupManagement] INFO  server.RaftServerConfigKeys (ConfUtils.java:logGet(46)) - raft.server.rpc.sleep.time = 25ms (default)
2023-06-02 19:46:32,320 [60ac4d22-094a-4270-8266-44944d79861e-groupManagement] INFO  server.RaftServerConfigKeys (ConfUtils.java:logGet(46)) - raft.server.rpc.slowness.timeout = 300s (custom)
2023-06-02 19:46:32,321 [60ac4d22-094a-4270-8266-44944d79861e-groupManagement] INFO  server.RaftServerConfigKeys (ConfUtils.java:logGet(46)) - raft.server.leaderelection.leader.step-down.wait-time = 10s (default)
2023-06-02 19:46:32,321 [60ac4d22-094a-4270-8266-44944d79861e-groupManagement] INFO  server.RaftServerConfigKeys (ConfUtils.java:logGet(46)) - raft.server.sleep.deviation.threshold = 300ms (default)
2023-06-02 19:46:32,321 [60ac4d22-094a-4270-8266-44944d79861e-groupManagement] INFO  server.RaftServer$Division (ServerState.java:<init>(120)) - 60ac4d22-094a-4270-8266-44944d79861e@group-0C580015AF9D: ConfigurationManager, init=-1: peers:[60ac4d22-094a-4270-8266-44944d79861e|rpc:10.1.26.0:15032|admin:10.1.26.0:15031|client:10.1.26.0:15030|dataStream:10.1.26.0:15033|priority:1|startupRole:FOLLOWER, 9e7d7045-1d4c-4270-9434-63584a31babd|rpc:10.1.26.0:15014|admin:10.1.26.0:15013|client:10.1.26.0:15012|dataStream:10.1.26.0:15015|priority:0|startupRole:FOLLOWER, f5a51868-327c-422c-ad14-d572ec0233ee|rpc:10.1.26.0:15023|admin:10.1.26.0:15022|client:10.1.26.0:15021|dataStream:10.1.26.0:15024|priority:0|startupRole:FOLLOWER]|listeners:[], old=null, confs=<EMPTY_MAP>
2023-06-02 19:46:32,323 [60ac4d22-094a-4270-8266-44944d79861e-groupManagement] INFO  server.RaftServerConfigKeys (ConfUtils.java:logGet(46)) - raft.server.storage.dir = [/home/runner/work/ozone/ozone/hadoop-ozone/integration-test/target/test-dir/MiniOzoneClusterImpl-e4789928-4fd4-479e-857e-ac334458de01/datanode-2/data/ratis] (custom)
2023-06-02 19:46:32,323 [60ac4d22-094a-4270-8266-44944d79861e-groupManagement] INFO  server.RaftServerConfigKeys (ConfUtils.java:logGet(46)) - raft.server.log.corruption.policy = EXCEPTION (default)
2023-06-02 19:46:32,323 [60ac4d22-094a-4270-8266-44944d79861e-groupManagement] INFO  server.RaftServerConfigKeys (ConfUtils.java:logGet(46)) - raft.server.storage.free-space.min = 0MB (=0) (default)
2023-06-02 19:46:32,323 [60ac4d22-094a-4270-8266-44944d79861e-groupManagement] INFO  server.RaftServerConfigKeys (ConfUtils.java:logGet(46)) - raft.server.notification.no-leader.timeout = 300s (custom)
2023-06-02 19:46:32,323 [60ac4d22-094a-4270-8266-44944d79861e-groupManagement] INFO  server.RaftServerConfigKeys (ConfUtils.java:logGet(46)) - raft.server.read.timeout = 10s (default)
2023-06-02 19:46:32,323 [60ac4d22-094a-4270-8266-44944d79861e-groupManagement] INFO  server.RaftServerConfigKeys (ConfUtils.java:logGet(46)) - raft.server.retrycache.expirytime = 600000ms (custom)
2023-06-02 19:46:32,323 [60ac4d22-094a-4270-8266-44944d79861e-groupManagement] INFO  server.RaftServerConfigKeys (ConfUtils.java:logGet(46)) - raft.server.retrycache.statistics.expirytime = 100μs (default)
2023-06-02 19:46:32,324 [60ac4d22-094a-4270-8266-44944d79861e-groupManagement] INFO  server.RaftServerConfigKeys (ConfUtils.java:logGet(46)) - raft.server.read.option = DEFAULT (default)
2023-06-02 19:46:32,326 [60ac4d22-094a-4270-8266-44944d79861e-groupManagement] INFO  server.RaftServerConfigKeys (ConfUtils.java:logGet(46)) - raft.server.rpc.request.timeout = 60s (custom)
2023-06-02 19:46:32,326 [60ac4d22-094a-4270-8266-44944d79861e-groupManagement] INFO  server.RaftServerConfigKeys (ConfUtils.java:logGet(46)) - raft.server.log.appender.install.snapshot.enabled = false (custom)
2023-06-02 19:46:32,326 [60ac4d22-094a-4270-8266-44944d79861e-groupManagement] INFO  server.RaftServerConfigKeys (ConfUtils.java:logGet(46)) - raft.server.threadpool.server.cached = true (default)
2023-06-02 19:46:32,326 [60ac4d22-094a-4270-8266-44944d79861e-groupManagement] INFO  server.RaftServerConfigKeys (ConfUtils.java:logGet(46)) - raft.server.threadpool.server.size = 0 (default)
2023-06-02 19:46:32,326 [60ac4d22-094a-4270-8266-44944d79861e-groupManagement] INFO  server.RaftServerConfigKeys (ConfUtils.java:logGet(46)) - raft.server.threadpool.client.cached = true (default)
2023-06-02 19:46:32,326 [60ac4d22-094a-4270-8266-44944d79861e-groupManagement] INFO  server.RaftServerConfigKeys (ConfUtils.java:logGet(46)) - raft.server.threadpool.client.size = 0 (default)
2023-06-02 19:46:32,326 [60ac4d22-094a-4270-8266-44944d79861e-groupManagement] INFO  storage.RaftStorageDirectory (RaftStorageDirectoryImpl.java:analyzeStorage(137)) - The storage directory /home/runner/work/ozone/ozone/hadoop-ozone/integration-test/target/test-dir/MiniOzoneClusterImpl-e4789928-4fd4-479e-857e-ac334458de01/datanode-2/data/ratis/afbb03c3-0d6a-47c3-950c-0c580015af9d does not exist. Creating ...
2023-06-02 19:46:32,330 [60ac4d22-094a-4270-8266-44944d79861e-groupManagement] INFO  storage.RaftStorageDirectory (RaftStorageDirectoryImpl.java:tryLock(231)) - Lock on /home/runner/work/ozone/ozone/hadoop-ozone/integration-test/target/test-dir/MiniOzoneClusterImpl-e4789928-4fd4-479e-857e-ac334458de01/datanode-2/data/ratis/afbb03c3-0d6a-47c3-950c-0c580015af9d/in_use.lock acquired by nodename 54141@fv-az459-618
2023-06-02 19:46:32,333 [60ac4d22-094a-4270-8266-44944d79861e-groupManagement] INFO  storage.RaftStorage (RaftStorageImpl.java:format(96)) - Storage directory /home/runner/work/ozone/ozone/hadoop-ozone/integration-test/target/test-dir/MiniOzoneClusterImpl-e4789928-4fd4-479e-857e-ac334458de01/datanode-2/data/ratis/afbb03c3-0d6a-47c3-950c-0c580015af9d has been successfully formatted.
2023-06-02 19:46:32,341 [60ac4d22-094a-4270-8266-44944d79861e-groupManagement] INFO  ratis.ContainerStateMachine (ContainerStateMachine.java:loadSnapshot(262)) - group-0C580015AF9D: The snapshot info is null. Setting the last applied indexto:(t:0, i:~)
2023-06-02 19:46:32,342 [60ac4d22-094a-4270-8266-44944d79861e-groupManagement] INFO  server.RaftServerConfigKeys (ConfUtils.java:logGet(46)) - raft.server.log.use.memory = false (default)
2023-06-02 19:46:32,343 [60ac4d22-094a-4270-8266-44944d79861e-groupManagement] INFO  server.RaftServerConfigKeys (ConfUtils.java:logGet(46)) - raft.server.log.purge.gap = 1000000 (custom)
2023-06-02 19:46:32,344 [60ac4d22-094a-4270-8266-44944d79861e-groupManagement] INFO  server.RaftServerConfigKeys (ConfUtils.java:logGet(46)) - raft.server.log.appender.buffer.byte-limit = 33554432 (custom)
2023-06-02 19:46:32,344 [60ac4d22-094a-4270-8266-44944d79861e-groupManagement] INFO  server.RaftServerConfigKeys (ConfUtils.java:logGet(46)) - raft.server.log.statemachine.data.read.timeout = 1000ms (default)
2023-06-02 19:46:32,345 [60ac4d22-094a-4270-8266-44944d79861e-groupManagement] INFO  server.RaftServerConfigKeys (ConfUtils.java:logGet(46)) - raft.server.log.purge.preservation.log.num = 0 (default)
2023-06-02 19:46:32,345 [60ac4d22-094a-4270-8266-44944d79861e-groupManagement] INFO  server.RaftServerConfigKeys (ConfUtils.java:logGet(46)) - raft.server.log.segment.size.max = 1048576 (custom)
2023-06-02 19:46:32,348 [60ac4d22-094a-4270-8266-44944d79861e-groupManagement] INFO  server.RaftServerConfigKeys (ConfUtils.java:logGet(46)) - raft.server.log.segment.cache.num.max = 2 (custom)
2023-06-02 19:46:32,348 [60ac4d22-094a-4270-8266-44944d79861e-groupManagement] INFO  server.RaftServerConfigKeys (ConfUtils.java:logGet(46)) - raft.server.log.segment.cache.size.max = 200MB (=209715200) (default)
2023-06-02 19:46:32,348 [60ac4d22-094a-4270-8266-44944d79861e-groupManagement] INFO  server.RaftServerConfigKeys (ConfUtils.java:logGet(46)) - raft.server.log.appender.buffer.byte-limit = 33554432 (custom)
2023-06-02 19:46:32,348 [60ac4d22-094a-4270-8266-44944d79861e-groupManagement] INFO  segmented.SegmentedRaftLogWorker (SegmentedRaftLogWorker.java:<init>(188)) - new 60ac4d22-094a-4270-8266-44944d79861e@group-0C580015AF9D-SegmentedRaftLogWorker for RaftStorageImpl:Storage Directory /home/runner/work/ozone/ozone/hadoop-ozone/integration-test/target/test-dir/MiniOzoneClusterImpl-e4789928-4fd4-479e-857e-ac334458de01/datanode-2/data/ratis/afbb03c3-0d6a-47c3-950c-0c580015af9d
2023-06-02 19:46:32,348 [60ac4d22-094a-4270-8266-44944d79861e-groupManagement] INFO  server.RaftServerConfigKeys (ConfUtils.java:logGet(46)) - raft.server.log.queue.byte-limit = 4294967296 (custom)
2023-06-02 19:46:32,348 [60ac4d22-094a-4270-8266-44944d79861e-groupManagement] INFO  server.RaftServerConfigKeys (ConfUtils.java:logGet(46)) - raft.server.log.queue.element-limit = 1024 (custom)
2023-06-02 19:46:32,348 [60ac4d22-094a-4270-8266-44944d79861e-groupManagement] INFO  server.RaftServerConfigKeys (ConfUtils.java:logGet(46)) - raft.server.log.segment.size.max = 1048576 (custom)
2023-06-02 19:46:32,348 [60ac4d22-094a-4270-8266-44944d79861e-groupManagement] INFO  server.RaftServerConfigKeys (ConfUtils.java:logGet(46)) - raft.server.log.preallocated.size = 16384 (custom)
2023-06-02 19:46:32,348 [60ac4d22-094a-4270-8266-44944d79861e-groupManagement] INFO  server.RaftServerConfigKeys (ConfUtils.java:logGet(46)) - raft.server.log.force.sync.num = 128 (default)
2023-06-02 19:46:32,348 [60ac4d22-094a-4270-8266-44944d79861e-groupManagement] INFO  server.RaftServerConfigKeys (ConfUtils.java:logGet(46)) - raft.server.log.statemachine.data.sync = true (default)
2023-06-02 19:46:32,348 [60ac4d22-094a-4270-8266-44944d79861e-groupManagement] INFO  server.RaftServerConfigKeys (ConfUtils.java:logGet(46)) - raft.server.log.statemachine.data.sync.timeout = 10s (default)
2023-06-02 19:46:32,348 [60ac4d22-094a-4270-8266-44944d79861e-groupManagement] INFO  server.RaftServerConfigKeys (ConfUtils.java:logGet(46)) - raft.server.log.statemachine.data.sync.timeout.retry = -1 (default)
2023-06-02 19:46:32,350 [60ac4d22-094a-4270-8266-44944d79861e-groupManagement] INFO  server.RaftServerConfigKeys (ConfUtils.java:logGet(46)) - raft.server.log.write.buffer.size = 1048576 (custom)
2023-06-02 19:46:32,351 [60ac4d22-094a-4270-8266-44944d79861e-groupManagement] INFO  server.RaftServerConfigKeys (ConfUtils.java:logGet(46)) - raft.server.log.appender.buffer.byte-limit = 33554432 (custom)
2023-06-02 19:46:32,358 [60ac4d22-094a-4270-8266-44944d79861e-groupManagement] INFO  server.RaftServerConfigKeys (ConfUtils.java:logGet(46)) - raft.server.log.unsafe-flush.enabled = false (default)
2023-06-02 19:46:32,362 [60ac4d22-094a-4270-8266-44944d79861e-groupManagement] INFO  server.RaftServerConfigKeys (ConfUtils.java:logGet(46)) - raft.server.log.async-flush.enabled = false (default)
2023-06-02 19:46:32,362 [60ac4d22-094a-4270-8266-44944d79861e-groupManagement] INFO  server.RaftServerConfigKeys (ConfUtils.java:logGet(46)) - raft.server.log.statemachine.data.caching.enabled = true (custom)
2023-06-02 19:46:32,362 [60ac4d22-094a-4270-8266-44944d79861e-groupManagement] INFO  segmented.SegmentedRaftLogWorker (SegmentedRaftLogWorker.java:lambda$new$0(135)) - 60ac4d22-094a-4270-8266-44944d79861e@group-0C580015AF9D-SegmentedRaftLogWorker: flushIndex: setUnconditionally 0 -> -1
2023-06-02 19:46:32,362 [60ac4d22-094a-4270-8266-44944d79861e-groupManagement] INFO  segmented.SegmentedRaftLogWorker (SegmentedRaftLogWorker.java:lambda$new$0(135)) - 60ac4d22-094a-4270-8266-44944d79861e@group-0C580015AF9D-SegmentedRaftLogWorker: safeCacheEvictIndex: setUnconditionally 0 -> -1
2023-06-02 19:46:32,362 [60ac4d22-094a-4270-8266-44944d79861e-groupManagement] INFO  server.RaftServer$Division (RaftServerImpl.java:start(342)) - 60ac4d22-094a-4270-8266-44944d79861e@group-0C580015AF9D: start as a follower, conf=-1: peers:[60ac4d22-094a-4270-8266-44944d79861e|rpc:10.1.26.0:15032|admin:10.1.26.0:15031|client:10.1.26.0:15030|dataStream:10.1.26.0:15033|priority:1|startupRole:FOLLOWER, 9e7d7045-1d4c-4270-9434-63584a31babd|rpc:10.1.26.0:15014|admin:10.1.26.0:15013|client:10.1.26.0:15012|dataStream:10.1.26.0:15015|priority:0|startupRole:FOLLOWER, f5a51868-327c-422c-ad14-d572ec0233ee|rpc:10.1.26.0:15023|admin:10.1.26.0:15022|client:10.1.26.0:15021|dataStream:10.1.26.0:15024|priority:0|startupRole:FOLLOWER]|listeners:[], old=null
2023-06-02 19:46:32,363 [60ac4d22-094a-4270-8266-44944d79861e-groupManagement] INFO  server.RaftServer$Division (RaftServerImpl.java:setRole(329)) - 60ac4d22-094a-4270-8266-44944d79861e@group-0C580015AF9D: changes role from      null to FOLLOWER at term 0 for startAsFollower
2023-06-02 19:46:32,363 [60ac4d22-094a-4270-8266-44944d79861e-groupManagement] INFO  impl.RoleInfo (RoleInfo.java:updateAndGet(139)) - 60ac4d22-094a-4270-8266-44944d79861e: start 60ac4d22-094a-4270-8266-44944d79861e@group-0C580015AF9D-FollowerState
2023-06-02 19:46:32,363 [60ac4d22-094a-4270-8266-44944d79861e-groupManagement] INFO  util.JmxRegister (JmxRegister.java:tryRegister(44)) - Successfully registered JMX Bean with object name Ratis:service=RaftServer,group=group-0C580015AF9D,id=60ac4d22-094a-4270-8266-44944d79861e
2023-06-02 19:46:32,363 [60ac4d22-094a-4270-8266-44944d79861e-groupManagement] INFO  server.RaftServerConfigKeys (ConfUtils.java:logGet(46)) - raft.server.snapshot.auto.trigger.enabled = true (custom)
2023-06-02 19:46:32,363 [60ac4d22-094a-4270-8266-44944d79861e-groupManagement] INFO  server.RaftServerConfigKeys (ConfUtils.java:logGet(46)) - raft.server.snapshot.auto.trigger.threshold = 10000 (custom)
2023-06-02 19:46:32,363 [60ac4d22-094a-4270-8266-44944d79861e-groupManagement] INFO  server.RaftServerConfigKeys (ConfUtils.java:logGet(46)) - raft.server.snapshot.retention.file.num = 5 (custom)
2023-06-02 19:46:32,363 [60ac4d22-094a-4270-8266-44944d79861e-groupManagement] INFO  server.RaftServerConfigKeys (ConfUtils.java:logGet(46)) - raft.server.log.purge.upto.snapshot.index = false (default)
2023-06-02 19:46:32,379 [60ac4d22-094a-4270-8266-44944d79861e@group-0C580015AF9D-FollowerState] INFO  server.RaftServerConfigKeys (ConfUtils.java:logFallback(53)) - raft.server.rpc.first-election.timeout.min = 5s (fallback to raft.server.rpc.timeout.min)
2023-06-02 19:46:32,392 [60ac4d22-094a-4270-8266-44944d79861e@group-0C580015AF9D-FollowerState] INFO  server.RaftServerConfigKeys (ConfUtils.java:logFallback(53)) - raft.server.rpc.first-election.timeout.max = 5200ms (fallback to raft.server.rpc.timeout.max)
2023-06-02 19:46:32,400 [PipelineCommandHandlerThread-0] INFO  commandhandler.CreatePipelineCommandHandler (CreatePipelineCommandHandler.java:lambda$handle$2(124)) - Created Pipeline RATIS THREE PipelineID=afbb03c3-0d6a-47c3-950c-0c580015af9d.
2023-06-02 19:46:32,400 [PipelineCommandHandlerThread-0] INFO  server.RaftServer (RaftServerProxy.java:addNew(98)) - f5a51868-327c-422c-ad14-d572ec0233ee: addNew group-498250132DE1:[60ac4d22-094a-4270-8266-44944d79861e|rpc:10.1.26.0:15032|admin:10.1.26.0:15031|client:10.1.26.0:15030|dataStream:10.1.26.0:15033|priority:0|startupRole:FOLLOWER, 9e7d7045-1d4c-4270-9434-63584a31babd|rpc:10.1.26.0:15014|admin:10.1.26.0:15013|client:10.1.26.0:15012|dataStream:10.1.26.0:15015|priority:1|startupRole:FOLLOWER, f5a51868-327c-422c-ad14-d572ec0233ee|rpc:10.1.26.0:15023|admin:10.1.26.0:15022|client:10.1.26.0:15021|dataStream:10.1.26.0:15024|priority:0|startupRole:FOLLOWER] returns group-498250132DE1:java.util.concurrent.CompletableFuture@2edafb23[Not completed]
2023-06-02 19:46:32,401 [f5a51868-327c-422c-ad14-d572ec0233ee-groupManagement] INFO  server.RaftServer$Division (RaftServerImpl.java:<init>(198)) - f5a51868-327c-422c-ad14-d572ec0233ee: new RaftServerImpl for group-498250132DE1:[60ac4d22-094a-4270-8266-44944d79861e|rpc:10.1.26.0:15032|admin:10.1.26.0:15031|client:10.1.26.0:15030|dataStream:10.1.26.0:15033|priority:0|startupRole:FOLLOWER, 9e7d7045-1d4c-4270-9434-63584a31babd|rpc:10.1.26.0:15014|admin:10.1.26.0:15013|client:10.1.26.0:15012|dataStream:10.1.26.0:15015|priority:1|startupRole:FOLLOWER, f5a51868-327c-422c-ad14-d572ec0233ee|rpc:10.1.26.0:15023|admin:10.1.26.0:15022|client:10.1.26.0:15021|dataStream:10.1.26.0:15024|priority:0|startupRole:FOLLOWER] with ContainerStateMachine:uninitialized
2023-06-02 19:46:32,401 [f5a51868-327c-422c-ad14-d572ec0233ee-groupManagement] INFO  server.RaftServerConfigKeys (ConfUtils.java:logGet(46)) - raft.server.rpc.timeout.min = 5s (custom)
2023-06-02 19:46:32,402 [f5a51868-327c-422c-ad14-d572ec0233ee-groupManagement] INFO  server.RaftServerConfigKeys (ConfUtils.java:logGet(46)) - raft.server.rpc.timeout.max = 5200ms (custom)
2023-06-02 19:46:32,402 [f5a51868-327c-422c-ad14-d572ec0233ee-groupManagement] INFO  server.RaftServerConfigKeys (ConfUtils.java:logGet(46)) - raft.server.rpc.sleep.time = 25ms (default)
2023-06-02 19:46:32,402 [f5a51868-327c-422c-ad14-d572ec0233ee-groupManagement] INFO  server.RaftServerConfigKeys (ConfUtils.java:logGet(46)) - raft.server.rpc.slowness.timeout = 300s (custom)
2023-06-02 19:46:32,402 [f5a51868-327c-422c-ad14-d572ec0233ee-groupManagement] INFO  server.RaftServerConfigKeys (ConfUtils.java:logGet(46)) - raft.server.leaderelection.leader.step-down.wait-time = 10s (default)
2023-06-02 19:46:32,402 [f5a51868-327c-422c-ad14-d572ec0233ee-groupManagement] INFO  server.RaftServerConfigKeys (ConfUtils.java:logGet(46)) - raft.server.sleep.deviation.threshold = 300ms (default)
2023-06-02 19:46:32,402 [f5a51868-327c-422c-ad14-d572ec0233ee-groupManagement] INFO  server.RaftServer$Division (ServerState.java:<init>(120)) - f5a51868-327c-422c-ad14-d572ec0233ee@group-498250132DE1: ConfigurationManager, init=-1: peers:[60ac4d22-094a-4270-8266-44944d79861e|rpc:10.1.26.0:15032|admin:10.1.26.0:15031|client:10.1.26.0:15030|dataStream:10.1.26.0:15033|priority:0|startupRole:FOLLOWER, 9e7d7045-1d4c-4270-9434-63584a31babd|rpc:10.1.26.0:15014|admin:10.1.26.0:15013|client:10.1.26.0:15012|dataStream:10.1.26.0:15015|priority:1|startupRole:FOLLOWER, f5a51868-327c-422c-ad14-d572ec0233ee|rpc:10.1.26.0:15023|admin:10.1.26.0:15022|client:10.1.26.0:15021|dataStream:10.1.26.0:15024|priority:0|startupRole:FOLLOWER]|listeners:[], old=null, confs=<EMPTY_MAP>
2023-06-02 19:46:32,402 [f5a51868-327c-422c-ad14-d572ec0233ee-groupManagement] INFO  server.RaftServerConfigKeys (ConfUtils.java:logGet(46)) - raft.server.storage.dir = [/home/runner/work/ozone/ozone/hadoop-ozone/integration-test/target/test-dir/MiniOzoneClusterImpl-e4789928-4fd4-479e-857e-ac334458de01/datanode-1/data/ratis] (custom)
2023-06-02 19:46:32,402 [f5a51868-327c-422c-ad14-d572ec0233ee-groupManagement] INFO  server.RaftServerConfigKeys (ConfUtils.java:logGet(46)) - raft.server.log.corruption.policy = EXCEPTION (default)
2023-06-02 19:46:32,402 [f5a51868-327c-422c-ad14-d572ec0233ee-groupManagement] INFO  server.RaftServerConfigKeys (ConfUtils.java:logGet(46)) - raft.server.storage.free-space.min = 0MB (=0) (default)
2023-06-02 19:46:32,402 [f5a51868-327c-422c-ad14-d572ec0233ee-groupManagement] INFO  server.RaftServerConfigKeys (ConfUtils.java:logGet(46)) - raft.server.notification.no-leader.timeout = 300s (custom)
2023-06-02 19:46:32,402 [f5a51868-327c-422c-ad14-d572ec0233ee-groupManagement] INFO  server.RaftServerConfigKeys (ConfUtils.java:logGet(46)) - raft.server.read.timeout = 10s (default)
2023-06-02 19:46:32,402 [f5a51868-327c-422c-ad14-d572ec0233ee-groupManagement] INFO  server.RaftServerConfigKeys (ConfUtils.java:logGet(46)) - raft.server.retrycache.expirytime = 600000ms (custom)
2023-06-02 19:46:32,403 [f5a51868-327c-422c-ad14-d572ec0233ee-groupManagement] INFO  server.RaftServerConfigKeys (ConfUtils.java:logGet(46)) - raft.server.retrycache.statistics.expirytime = 100μs (default)
2023-06-02 19:46:32,403 [f5a51868-327c-422c-ad14-d572ec0233ee-groupManagement] INFO  server.RaftServerConfigKeys (ConfUtils.java:logGet(46)) - raft.server.read.option = DEFAULT (default)
2023-06-02 19:46:32,405 [f5a51868-327c-422c-ad14-d572ec0233ee-groupManagement] INFO  server.RaftServerConfigKeys (ConfUtils.java:logGet(46)) - raft.server.rpc.request.timeout = 60s (custom)
2023-06-02 19:46:32,406 [f5a51868-327c-422c-ad14-d572ec0233ee-groupManagement] INFO  server.RaftServerConfigKeys (ConfUtils.java:logGet(46)) - raft.server.log.appender.install.snapshot.enabled = false (custom)
2023-06-02 19:46:32,406 [f5a51868-327c-422c-ad14-d572ec0233ee-groupManagement] INFO  server.RaftServerConfigKeys (ConfUtils.java:logGet(46)) - raft.server.threadpool.server.cached = true (default)
2023-06-02 19:46:32,406 [f5a51868-327c-422c-ad14-d572ec0233ee-groupManagement] INFO  server.RaftServerConfigKeys (ConfUtils.java:logGet(46)) - raft.server.threadpool.server.size = 0 (default)
2023-06-02 19:46:32,406 [f5a51868-327c-422c-ad14-d572ec0233ee-groupManagement] INFO  server.RaftServerConfigKeys (ConfUtils.java:logGet(46)) - raft.server.threadpool.client.cached = true (default)
2023-06-02 19:46:32,406 [f5a51868-327c-422c-ad14-d572ec0233ee-groupManagement] INFO  server.RaftServerConfigKeys (ConfUtils.java:logGet(46)) - raft.server.threadpool.client.size = 0 (default)
2023-06-02 19:46:32,406 [f5a51868-327c-422c-ad14-d572ec0233ee-groupManagement] INFO  storage.RaftStorageDirectory (RaftStorageDirectoryImpl.java:analyzeStorage(137)) - The storage directory /home/runner/work/ozone/ozone/hadoop-ozone/integration-test/target/test-dir/MiniOzoneClusterImpl-e4789928-4fd4-479e-857e-ac334458de01/datanode-1/data/ratis/cfb787f3-52f4-4437-91cf-498250132de1 does not exist. Creating ...
2023-06-02 19:46:32,407 [f5a51868-327c-422c-ad14-d572ec0233ee-groupManagement] INFO  storage.RaftStorageDirectory (RaftStorageDirectoryImpl.java:tryLock(231)) - Lock on /home/runner/work/ozone/ozone/hadoop-ozone/integration-test/target/test-dir/MiniOzoneClusterImpl-e4789928-4fd4-479e-857e-ac334458de01/datanode-1/data/ratis/cfb787f3-52f4-4437-91cf-498250132de1/in_use.lock acquired by nodename 54141@fv-az459-618
2023-06-02 19:46:32,409 [f5a51868-327c-422c-ad14-d572ec0233ee-groupManagement] INFO  storage.RaftStorage (RaftStorageImpl.java:format(96)) - Storage directory /home/runner/work/ozone/ozone/hadoop-ozone/integration-test/target/test-dir/MiniOzoneClusterImpl-e4789928-4fd4-479e-857e-ac334458de01/datanode-1/data/ratis/cfb787f3-52f4-4437-91cf-498250132de1 has been successfully formatted.
2023-06-02 19:46:32,409 [f5a51868-327c-422c-ad14-d572ec0233ee-groupManagement] INFO  ratis.ContainerStateMachine (ContainerStateMachine.java:loadSnapshot(262)) - group-498250132DE1: The snapshot info is null. Setting the last applied indexto:(t:0, i:~)
2023-06-02 19:46:32,409 [f5a51868-327c-422c-ad14-d572ec0233ee-groupManagement] INFO  server.RaftServerConfigKeys (ConfUtils.java:logGet(46)) - raft.server.log.use.memory = false (default)
2023-06-02 19:46:32,419 [f5a51868-327c-422c-ad14-d572ec0233ee-groupManagement] INFO  server.RaftServerConfigKeys (ConfUtils.java:logGet(46)) - raft.server.log.purge.gap = 1000000 (custom)
2023-06-02 19:46:32,419 [f5a51868-327c-422c-ad14-d572ec0233ee-groupManagement] INFO  server.RaftServerConfigKeys (ConfUtils.java:logGet(46)) - raft.server.log.appender.buffer.byte-limit = 33554432 (custom)
2023-06-02 19:46:32,419 [f5a51868-327c-422c-ad14-d572ec0233ee-groupManagement] INFO  server.RaftServerConfigKeys (ConfUtils.java:logGet(46)) - raft.server.log.statemachine.data.read.timeout = 1000ms (default)
2023-06-02 19:46:32,419 [f5a51868-327c-422c-ad14-d572ec0233ee-groupManagement] INFO  server.RaftServerConfigKeys (ConfUtils.java:logGet(46)) - raft.server.log.purge.preservation.log.num = 0 (default)
2023-06-02 19:46:32,419 [f5a51868-327c-422c-ad14-d572ec0233ee-groupManagement] INFO  server.RaftServerConfigKeys (ConfUtils.java:logGet(46)) - raft.server.log.segment.size.max = 1048576 (custom)
2023-06-02 19:46:32,421 [f5a51868-327c-422c-ad14-d572ec0233ee-groupManagement] INFO  server.RaftServerConfigKeys (ConfUtils.java:logGet(46)) - raft.server.log.segment.cache.num.max = 2 (custom)
2023-06-02 19:46:32,421 [f5a51868-327c-422c-ad14-d572ec0233ee-groupManagement] INFO  server.RaftServerConfigKeys (ConfUtils.java:logGet(46)) - raft.server.log.segment.cache.size.max = 200MB (=209715200) (default)
2023-06-02 19:46:32,421 [f5a51868-327c-422c-ad14-d572ec0233ee-groupManagement] INFO  server.RaftServerConfigKeys (ConfUtils.java:logGet(46)) - raft.server.log.appender.buffer.byte-limit = 33554432 (custom)
2023-06-02 19:46:32,421 [f5a51868-327c-422c-ad14-d572ec0233ee-groupManagement] INFO  segmented.SegmentedRaftLogWorker (SegmentedRaftLogWorker.java:<init>(188)) - new f5a51868-327c-422c-ad14-d572ec0233ee@group-498250132DE1-SegmentedRaftLogWorker for RaftStorageImpl:Storage Directory /home/runner/work/ozone/ozone/hadoop-ozone/integration-test/target/test-dir/MiniOzoneClusterImpl-e4789928-4fd4-479e-857e-ac334458de01/datanode-1/data/ratis/cfb787f3-52f4-4437-91cf-498250132de1
2023-06-02 19:46:32,421 [f5a51868-327c-422c-ad14-d572ec0233ee-groupManagement] INFO  server.RaftServerConfigKeys (ConfUtils.java:logGet(46)) - raft.server.log.queue.byte-limit = 4294967296 (custom)
2023-06-02 19:46:32,421 [f5a51868-327c-422c-ad14-d572ec0233ee-groupManagement] INFO  server.RaftServerConfigKeys (ConfUtils.java:logGet(46)) - raft.server.log.queue.element-limit = 1024 (custom)
2023-06-02 19:46:32,421 [f5a51868-327c-422c-ad14-d572ec0233ee-groupManagement] INFO  server.RaftServerConfigKeys (ConfUtils.java:logGet(46)) - raft.server.log.segment.size.max = 1048576 (custom)
2023-06-02 19:46:32,421 [f5a51868-327c-422c-ad14-d572ec0233ee-groupManagement] INFO  server.RaftServerConfigKeys (ConfUtils.java:logGet(46)) - raft.server.log.preallocated.size = 16384 (custom)
2023-06-02 19:46:32,421 [f5a51868-327c-422c-ad14-d572ec0233ee-groupManagement] INFO  server.RaftServerConfigKeys (ConfUtils.java:logGet(46)) - raft.server.log.force.sync.num = 128 (default)
2023-06-02 19:46:32,421 [f5a51868-327c-422c-ad14-d572ec0233ee-groupManagement] INFO  server.RaftServerConfigKeys (ConfUtils.java:logGet(46)) - raft.server.log.statemachine.data.sync = true (default)
2023-06-02 19:46:32,421 [f5a51868-327c-422c-ad14-d572ec0233ee-groupManagement] INFO  server.RaftServerConfigKeys (ConfUtils.java:logGet(46)) - raft.server.log.statemachine.data.sync.timeout = 10s (default)
2023-06-02 19:46:32,421 [f5a51868-327c-422c-ad14-d572ec0233ee-groupManagement] INFO  server.RaftServerConfigKeys (ConfUtils.java:logGet(46)) - raft.server.log.statemachine.data.sync.timeout.retry = -1 (default)
2023-06-02 19:46:32,423 [f5a51868-327c-422c-ad14-d572ec0233ee-groupManagement] INFO  server.RaftServerConfigKeys (ConfUtils.java:logGet(46)) - raft.server.log.write.buffer.size = 1048576 (custom)
2023-06-02 19:46:32,424 [EndpointStateMachine task thread for /0.0.0.0:15002 - 0 ] INFO  utils.DatanodeStoreCache (DatanodeStoreCache.java:addDB(66)) - Added db /home/runner/work/ozone/ozone/hadoop-ozone/integration-test/target/test-dir/MiniOzoneClusterImpl-e4789928-4fd4-479e-857e-ac334458de01/datanode-12/data-0/containers/hdds/e4789928-4fd4-479e-857e-ac334458de01/DS-dff12c4d-6cf6-4152-873b-d127cec68cbf/container.db to cache
2023-06-02 19:46:32,425 [EndpointStateMachine task thread for /0.0.0.0:15002 - 0 ] INFO  volume.HddsVolume (HddsVolume.java:createDbStore(350)) - SchemaV3 db is created and loaded at /home/runner/work/ozone/ozone/hadoop-ozone/integration-test/target/test-dir/MiniOzoneClusterImpl-e4789928-4fd4-479e-857e-ac334458de01/datanode-12/data-0/containers/hdds/e4789928-4fd4-479e-857e-ac334458de01/DS-dff12c4d-6cf6-4152-873b-d127cec68cbf/container.db for volume DS-dff12c4d-6cf6-4152-873b-d127cec68cbf
2023-06-02 19:46:32,425 [EndpointStateMachine task thread for /0.0.0.0:15002 - 0 ] INFO  ozoneimpl.OzoneContainer (OzoneContainer.java:start(398)) - Attempting to start container services.
2023-06-02 19:46:32,426 [EndpointStateMachine task thread for /0.0.0.0:15002 - 0 ] INFO  ozoneimpl.OzoneContainer (OzoneContainer.java:startContainerScrub(314)) - Scheduled background container scanners and the on-demand container scanner have been disabled.
2023-06-02 19:46:32,426 [EndpointStateMachine task thread for /0.0.0.0:15002 - 0 ] INFO  replication.ReplicationServer (ReplicationServer.java:start(128)) - ReplicationServer is started using port 15124
2023-06-02 19:46:32,426 [EndpointStateMachine task thread for /0.0.0.0:15002 - 0 ] INFO  ratis.XceiverServerRatis (XceiverServerRatis.java:start(517)) - Starting XceiverServerRatis b4e9a744-1e05-4b97-b8d6-36b228de0114
2023-06-02 19:46:32,431 [f5a51868-327c-422c-ad14-d572ec0233ee-groupManagement] INFO  server.RaftServerConfigKeys (ConfUtils.java:logGet(46)) - raft.server.log.appender.buffer.byte-limit = 33554432 (custom)
2023-06-02 19:46:32,442 [EndpointStateMachine task thread for /0.0.0.0:15002 - 0 ] INFO  server.RaftServer (RaftServerProxy.java:startImpl(400)) - b4e9a744-1e05-4b97-b8d6-36b228de0114: start RPC server
2023-06-02 19:46:32,448 [f5a51868-327c-422c-ad14-d572ec0233ee-groupManagement] INFO  server.RaftServerConfigKeys (ConfUtils.java:logGet(46)) - raft.server.log.unsafe-flush.enabled = false (default)
2023-06-02 19:46:32,448 [f5a51868-327c-422c-ad14-d572ec0233ee-groupManagement] INFO  server.RaftServerConfigKeys (ConfUtils.java:logGet(46)) - raft.server.log.async-flush.enabled = false (default)
2023-06-02 19:46:32,448 [f5a51868-327c-422c-ad14-d572ec0233ee-groupManagement] INFO  server.RaftServerConfigKeys (ConfUtils.java:logGet(46)) - raft.server.log.statemachine.data.caching.enabled = true (custom)
2023-06-02 19:46:32,449 [f5a51868-327c-422c-ad14-d572ec0233ee-groupManagement] INFO  segmented.SegmentedRaftLogWorker (SegmentedRaftLogWorker.java:lambda$new$0(135)) - f5a51868-327c-422c-ad14-d572ec0233ee@group-498250132DE1-SegmentedRaftLogWorker: flushIndex: setUnconditionally 0 -> -1
2023-06-02 19:46:32,449 [f5a51868-327c-422c-ad14-d572ec0233ee-groupManagement] INFO  segmented.SegmentedRaftLogWorker (SegmentedRaftLogWorker.java:lambda$new$0(135)) - f5a51868-327c-422c-ad14-d572ec0233ee@group-498250132DE1-SegmentedRaftLogWorker: safeCacheEvictIndex: setUnconditionally 0 -> -1
2023-06-02 19:46:32,449 [f5a51868-327c-422c-ad14-d572ec0233ee-groupManagement] INFO  server.RaftServer$Division (RaftServerImpl.java:start(342)) - f5a51868-327c-422c-ad14-d572ec0233ee@group-498250132DE1: start as a follower, conf=-1: peers:[60ac4d22-094a-4270-8266-44944d79861e|rpc:10.1.26.0:15032|admin:10.1.26.0:15031|client:10.1.26.0:15030|dataStream:10.1.26.0:15033|priority:0|startupRole:FOLLOWER, 9e7d7045-1d4c-4270-9434-63584a31babd|rpc:10.1.26.0:15014|admin:10.1.26.0:15013|client:10.1.26.0:15012|dataStream:10.1.26.0:15015|priority:1|startupRole:FOLLOWER, f5a51868-327c-422c-ad14-d572ec0233ee|rpc:10.1.26.0:15023|admin:10.1.26.0:15022|client:10.1.26.0:15021|dataStream:10.1.26.0:15024|priority:0|startupRole:FOLLOWER]|listeners:[], old=null
2023-06-02 19:46:32,449 [f5a51868-327c-422c-ad14-d572ec0233ee-groupManagement] INFO  server.RaftServer$Division (RaftServerImpl.java:setRole(329)) - f5a51868-327c-422c-ad14-d572ec0233ee@group-498250132DE1: changes role from      null to FOLLOWER at term 0 for startAsFollower
2023-06-02 19:46:32,449 [f5a51868-327c-422c-ad14-d572ec0233ee-groupManagement] INFO  impl.RoleInfo (RoleInfo.java:updateAndGet(139)) - f5a51868-327c-422c-ad14-d572ec0233ee: start f5a51868-327c-422c-ad14-d572ec0233ee@group-498250132DE1-FollowerState
2023-06-02 19:46:32,449 [f5a51868-327c-422c-ad14-d572ec0233ee-groupManagement] INFO  util.JmxRegister (JmxRegister.java:tryRegister(44)) - Successfully registered JMX Bean with object name Ratis:service=RaftServer,group=group-498250132DE1,id=f5a51868-327c-422c-ad14-d572ec0233ee
2023-06-02 19:46:32,453 [f5a51868-327c-422c-ad14-d572ec0233ee-groupManagement] INFO  server.RaftServerConfigKeys (ConfUtils.java:logGet(46)) - raft.server.snapshot.auto.trigger.enabled = true (custom)
2023-06-02 19:46:32,453 [f5a51868-327c-422c-ad14-d572ec0233ee-groupManagement] INFO  server.RaftServerConfigKeys (ConfUtils.java:logGet(46)) - raft.server.snapshot.auto.trigger.threshold = 10000 (custom)
2023-06-02 19:46:32,453 [f5a51868-327c-422c-ad14-d572ec0233ee-groupManagement] INFO  server.RaftServerConfigKeys (ConfUtils.java:logGet(46)) - raft.server.snapshot.retention.file.num = 5 (custom)
2023-06-02 19:46:32,453 [f5a51868-327c-422c-ad14-d572ec0233ee-groupManagement] INFO  server.RaftServerConfigKeys (ConfUtils.java:logGet(46)) - raft.server.log.purge.upto.snapshot.index = false (default)
2023-06-02 19:46:32,454 [EndpointStateMachine task thread for /0.0.0.0:15002 - 0 ] INFO  server.GrpcService (GrpcService.java:startImpl(302)) - b4e9a744-1e05-4b97-b8d6-36b228de0114: GrpcService started, listening on 15120
2023-06-02 19:46:32,458 [EndpointStateMachine task thread for /0.0.0.0:15002 - 0 ] INFO  server.GrpcService (GrpcService.java:startImpl(302)) - b4e9a744-1e05-4b97-b8d6-36b228de0114: GrpcService started, listening on 15122
2023-06-02 19:46:32,458 [EndpointStateMachine task thread for /0.0.0.0:15002 - 0 ] INFO  server.GrpcService (GrpcService.java:startImpl(302)) - b4e9a744-1e05-4b97-b8d6-36b228de0114: GrpcService started, listening on 15121
2023-06-02 19:46:32,458 [EndpointStateMachine task thread for /0.0.0.0:15002 - 0 ] INFO  ratis.XceiverServerRatis (XceiverServerRatis.java:getRealPort(543)) - XceiverServerRatis b4e9a744-1e05-4b97-b8d6-36b228de0114 is started using port 15120 for RATIS
2023-06-02 19:46:32,459 [EndpointStateMachine task thread for /0.0.0.0:15002 - 0 ] INFO  ratis.XceiverServerRatis (XceiverServerRatis.java:getRealPort(543)) - XceiverServerRatis b4e9a744-1e05-4b97-b8d6-36b228de0114 is started using port 15121 for RATIS_ADMIN
2023-06-02 19:46:32,459 [EndpointStateMachine task thread for /0.0.0.0:15002 - 0 ] INFO  ratis.XceiverServerRatis (XceiverServerRatis.java:getRealPort(543)) - XceiverServerRatis b4e9a744-1e05-4b97-b8d6-36b228de0114 is started using port 15122 for RATIS_SERVER
2023-06-02 19:46:32,459 [EndpointStateMachine task thread for /0.0.0.0:15002 - 0 ] INFO  ratis.XceiverServerRatis (XceiverServerRatis.java:getRealPort(543)) - XceiverServerRatis b4e9a744-1e05-4b97-b8d6-36b228de0114 is started using port 15123 for RATIS_DATASTREAM
2023-06-02 19:46:32,459 [JvmPauseMonitor14] INFO  util.JvmPauseMonitor (JvmPauseMonitor.java:run(103)) - JvmPauseMonitor-b4e9a744-1e05-4b97-b8d6-36b228de0114: Started
2023-06-02 19:46:32,460 [BlockDeletingService#0] INFO  interfaces.ContainerDeletionChoosingPolicyTemplate (ContainerDeletionChoosingPolicyTemplate.java:chooseContainerForBlockDeletion(83)) - Chosen 0/5000 blocks from 0 candidate containers.
2023-06-02 19:46:32,462 [60ac4d22-094a-4270-8266-44944d79861e-groupManagement] INFO  server.RaftServer$Division (RaftServerImpl.java:<init>(198)) - 60ac4d22-094a-4270-8266-44944d79861e: new RaftServerImpl for group-498250132DE1:[60ac4d22-094a-4270-8266-44944d79861e|rpc:10.1.26.0:15032|admin:10.1.26.0:15031|client:10.1.26.0:15030|dataStream:10.1.26.0:15033|priority:0|startupRole:FOLLOWER, 9e7d7045-1d4c-4270-9434-63584a31babd|rpc:10.1.26.0:15014|admin:10.1.26.0:15013|client:10.1.26.0:15012|dataStream:10.1.26.0:15015|priority:1|startupRole:FOLLOWER, f5a51868-327c-422c-ad14-d572ec0233ee|rpc:10.1.26.0:15023|admin:10.1.26.0:15022|client:10.1.26.0:15021|dataStream:10.1.26.0:15024|priority:0|startupRole:FOLLOWER] with ContainerStateMachine:uninitialized
2023-06-02 19:46:32,462 [60ac4d22-094a-4270-8266-44944d79861e-groupManagement] INFO  server.RaftServerConfigKeys (ConfUtils.java:logGet(46)) - raft.server.rpc.timeout.min = 5s (custom)
2023-06-02 19:46:32,462 [60ac4d22-094a-4270-8266-44944d79861e-groupManagement] INFO  server.RaftServerConfigKeys (ConfUtils.java:logGet(46)) - raft.server.rpc.timeout.max = 5200ms (custom)
2023-06-02 19:46:32,462 [60ac4d22-094a-4270-8266-44944d79861e-groupManagement] INFO  server.RaftServerConfigKeys (ConfUtils.java:logGet(46)) - raft.server.rpc.sleep.time = 25ms (default)
2023-06-02 19:46:32,462 [60ac4d22-094a-4270-8266-44944d79861e-groupManagement] INFO  server.RaftServerConfigKeys (ConfUtils.java:logGet(46)) - raft.server.rpc.slowness.timeout = 300s (custom)
2023-06-02 19:46:32,462 [60ac4d22-094a-4270-8266-44944d79861e-groupManagement] INFO  server.RaftServerConfigKeys (ConfUtils.java:logGet(46)) - raft.server.leaderelection.leader.step-down.wait-time = 10s (default)
2023-06-02 19:46:32,462 [60ac4d22-094a-4270-8266-44944d79861e-groupManagement] INFO  server.RaftServerConfigKeys (ConfUtils.java:logGet(46)) - raft.server.sleep.deviation.threshold = 300ms (default)
2023-06-02 19:46:32,462 [60ac4d22-094a-4270-8266-44944d79861e-groupManagement] INFO  server.RaftServer$Division (ServerState.java:<init>(120)) - 60ac4d22-094a-4270-8266-44944d79861e@group-498250132DE1: ConfigurationManager, init=-1: peers:[60ac4d22-094a-4270-8266-44944d79861e|rpc:10.1.26.0:15032|admin:10.1.26.0:15031|client:10.1.26.0:15030|dataStream:10.1.26.0:15033|priority:0|startupRole:FOLLOWER, 9e7d7045-1d4c-4270-9434-63584a31babd|rpc:10.1.26.0:15014|admin:10.1.26.0:15013|client:10.1.26.0:15012|dataStream:10.1.26.0:15015|priority:1|startupRole:FOLLOWER, f5a51868-327c-422c-ad14-d572ec0233ee|rpc:10.1.26.0:15023|admin:10.1.26.0:15022|client:10.1.26.0:15021|dataStream:10.1.26.0:15024|priority:0|startupRole:FOLLOWER]|listeners:[], old=null, confs=<EMPTY_MAP>
2023-06-02 19:46:32,463 [60ac4d22-094a-4270-8266-44944d79861e-groupManagement] INFO  server.RaftServerConfigKeys (ConfUtils.java:logGet(46)) - raft.server.storage.dir = [/home/runner/work/ozone/ozone/hadoop-ozone/integration-test/target/test-dir/MiniOzoneClusterImpl-e4789928-4fd4-479e-857e-ac334458de01/datanode-2/data/ratis] (custom)
2023-06-02 19:46:32,463 [60ac4d22-094a-4270-8266-44944d79861e-groupManagement] INFO  server.RaftServerConfigKeys (ConfUtils.java:logGet(46)) - raft.server.log.corruption.policy = EXCEPTION (default)
2023-06-02 19:46:32,463 [60ac4d22-094a-4270-8266-44944d79861e-groupManagement] INFO  server.RaftServerConfigKeys (ConfUtils.java:logGet(46)) - raft.server.storage.free-space.min = 0MB (=0) (default)
2023-06-02 19:46:32,463 [60ac4d22-094a-4270-8266-44944d79861e-groupManagement] INFO  server.RaftServerConfigKeys (ConfUtils.java:logGet(46)) - raft.server.notification.no-leader.timeout = 300s (custom)
2023-06-02 19:46:32,463 [60ac4d22-094a-4270-8266-44944d79861e-groupManagement] INFO  server.RaftServerConfigKeys (ConfUtils.java:logGet(46)) - raft.server.read.timeout = 10s (default)
2023-06-02 19:46:32,463 [60ac4d22-094a-4270-8266-44944d79861e-groupManagement] INFO  server.RaftServerConfigKeys (ConfUtils.java:logGet(46)) - raft.server.retrycache.expirytime = 600000ms (custom)
2023-06-02 19:46:32,463 [60ac4d22-094a-4270-8266-44944d79861e-groupManagement] INFO  server.RaftServerConfigKeys (ConfUtils.java:logGet(46)) - raft.server.retrycache.statistics.expirytime = 100μs (default)
2023-06-02 19:46:32,463 [60ac4d22-094a-4270-8266-44944d79861e-groupManagement] INFO  server.RaftServerConfigKeys (ConfUtils.java:logGet(46)) - raft.server.read.option = DEFAULT (default)
2023-06-02 19:46:32,464 [f5a51868-327c-422c-ad14-d572ec0233ee@group-498250132DE1-FollowerState] INFO  server.RaftServerConfigKeys (ConfUtils.java:logFallback(53)) - raft.server.rpc.first-election.timeout.min = 5s (fallback to raft.server.rpc.timeout.min)
2023-06-02 19:46:32,465 [PipelineCommandHandlerThread-0] INFO  server.RaftServer (RaftServerProxy.java:addNew(98)) - 60ac4d22-094a-4270-8266-44944d79861e: addNew group-498250132DE1:[60ac4d22-094a-4270-8266-44944d79861e|rpc:10.1.26.0:15032|admin:10.1.26.0:15031|client:10.1.26.0:15030|dataStream:10.1.26.0:15033|priority:0|startupRole:FOLLOWER, 9e7d7045-1d4c-4270-9434-63584a31babd|rpc:10.1.26.0:15014|admin:10.1.26.0:15013|client:10.1.26.0:15012|dataStream:10.1.26.0:15015|priority:1|startupRole:FOLLOWER, f5a51868-327c-422c-ad14-d572ec0233ee|rpc:10.1.26.0:15023|admin:10.1.26.0:15022|client:10.1.26.0:15021|dataStream:10.1.26.0:15024|priority:0|startupRole:FOLLOWER] returns group-498250132DE1:java.util.concurrent.CompletableFuture@14801ca8[Not completed]
2023-06-02 19:46:32,465 [60ac4d22-094a-4270-8266-44944d79861e-groupManagement] INFO  server.RaftServerConfigKeys (ConfUtils.java:logGet(46)) - raft.server.rpc.request.timeout = 60s (custom)
2023-06-02 19:46:32,473 [60ac4d22-094a-4270-8266-44944d79861e-groupManagement] INFO  server.RaftServerConfigKeys (ConfUtils.java:logGet(46)) - raft.server.log.appender.install.snapshot.enabled = false (custom)
2023-06-02 19:46:32,474 [60ac4d22-094a-4270-8266-44944d79861e-groupManagement] INFO  server.RaftServerConfigKeys (ConfUtils.java:logGet(46)) - raft.server.threadpool.server.cached = true (default)
2023-06-02 19:46:32,474 [60ac4d22-094a-4270-8266-44944d79861e-groupManagement] INFO  server.RaftServerConfigKeys (ConfUtils.java:logGet(46)) - raft.server.threadpool.server.size = 0 (default)
2023-06-02 19:46:32,474 [60ac4d22-094a-4270-8266-44944d79861e-groupManagement] INFO  server.RaftServerConfigKeys (ConfUtils.java:logGet(46)) - raft.server.threadpool.client.cached = true (default)
2023-06-02 19:46:32,474 [60ac4d22-094a-4270-8266-44944d79861e-groupManagement] INFO  server.RaftServerConfigKeys (ConfUtils.java:logGet(46)) - raft.server.threadpool.client.size = 0 (default)
2023-06-02 19:46:32,474 [60ac4d22-094a-4270-8266-44944d79861e-groupManagement] INFO  storage.RaftStorageDirectory (RaftStorageDirectoryImpl.java:analyzeStorage(137)) - The storage directory /home/runner/work/ozone/ozone/hadoop-ozone/integration-test/target/test-dir/MiniOzoneClusterImpl-e4789928-4fd4-479e-857e-ac334458de01/datanode-2/data/ratis/cfb787f3-52f4-4437-91cf-498250132de1 does not exist. Creating ...
2023-06-02 19:46:32,474 [f5a51868-327c-422c-ad14-d572ec0233ee@group-498250132DE1-FollowerState] INFO  server.RaftServerConfigKeys (ConfUtils.java:logFallback(53)) - raft.server.rpc.first-election.timeout.max = 5200ms (fallback to raft.server.rpc.timeout.max)
2023-06-02 19:46:32,479 [PipelineCommandHandlerThread-0] INFO  ratis.XceiverServerRatis (XceiverServerRatis.java:addGroup(804)) - Created group PipelineID=cfb787f3-52f4-4437-91cf-498250132de1
2023-06-02 19:46:32,476 [60ac4d22-094a-4270-8266-44944d79861e-groupManagement] INFO  storage.RaftStorageDirectory (RaftStorageDirectoryImpl.java:tryLock(231)) - Lock on /home/runner/work/ozone/ozone/hadoop-ozone/integration-test/target/test-dir/MiniOzoneClusterImpl-e4789928-4fd4-479e-857e-ac334458de01/datanode-2/data/ratis/cfb787f3-52f4-4437-91cf-498250132de1/in_use.lock acquired by nodename 54141@fv-az459-618
2023-06-02 19:46:32,484 [60ac4d22-094a-4270-8266-44944d79861e-groupManagement] INFO  storage.RaftStorage (RaftStorageImpl.java:format(96)) - Storage directory /home/runner/work/ozone/ozone/hadoop-ozone/integration-test/target/test-dir/MiniOzoneClusterImpl-e4789928-4fd4-479e-857e-ac334458de01/datanode-2/data/ratis/cfb787f3-52f4-4437-91cf-498250132de1 has been successfully formatted.
2023-06-02 19:46:32,485 [60ac4d22-094a-4270-8266-44944d79861e-groupManagement] INFO  ratis.ContainerStateMachine (ContainerStateMachine.java:loadSnapshot(262)) - group-498250132DE1: The snapshot info is null. Setting the last applied indexto:(t:0, i:~)
2023-06-02 19:46:32,485 [60ac4d22-094a-4270-8266-44944d79861e-groupManagement] INFO  server.RaftServerConfigKeys (ConfUtils.java:logGet(46)) - raft.server.log.use.memory = false (default)
2023-06-02 19:46:32,485 [60ac4d22-094a-4270-8266-44944d79861e-groupManagement] INFO  server.RaftServerConfigKeys (ConfUtils.java:logGet(46)) - raft.server.log.purge.gap = 1000000 (custom)
2023-06-02 19:46:32,485 [60ac4d22-094a-4270-8266-44944d79861e-groupManagement] INFO  server.RaftServerConfigKeys (ConfUtils.java:logGet(46)) - raft.server.log.appender.buffer.byte-limit = 33554432 (custom)
2023-06-02 19:46:32,485 [60ac4d22-094a-4270-8266-44944d79861e-groupManagement] INFO  server.RaftServerConfigKeys (ConfUtils.java:logGet(46)) - raft.server.log.statemachine.data.read.timeout = 1000ms (default)
2023-06-02 19:46:32,485 [60ac4d22-094a-4270-8266-44944d79861e-groupManagement] INFO  server.RaftServerConfigKeys (ConfUtils.java:logGet(46)) - raft.server.log.purge.preservation.log.num = 0 (default)
2023-06-02 19:46:32,486 [60ac4d22-094a-4270-8266-44944d79861e-groupManagement] INFO  server.RaftServerConfigKeys (ConfUtils.java:logGet(46)) - raft.server.log.segment.size.max = 1048576 (custom)
2023-06-02 19:46:32,486 [60ac4d22-094a-4270-8266-44944d79861e-groupManagement] INFO  server.RaftServerConfigKeys (ConfUtils.java:logGet(46)) - raft.server.log.segment.cache.num.max = 2 (custom)
2023-06-02 19:46:32,486 [60ac4d22-094a-4270-8266-44944d79861e-groupManagement] INFO  server.RaftServerConfigKeys (ConfUtils.java:logGet(46)) - raft.server.log.segment.cache.size.max = 200MB (=209715200) (default)
2023-06-02 19:46:32,486 [60ac4d22-094a-4270-8266-44944d79861e-groupManagement] INFO  server.RaftServerConfigKeys (ConfUtils.java:logGet(46)) - raft.server.log.appender.buffer.byte-limit = 33554432 (custom)
2023-06-02 19:46:32,486 [60ac4d22-094a-4270-8266-44944d79861e-groupManagement] INFO  segmented.SegmentedRaftLogWorker (SegmentedRaftLogWorker.java:<init>(188)) - new 60ac4d22-094a-4270-8266-44944d79861e@group-498250132DE1-SegmentedRaftLogWorker for RaftStorageImpl:Storage Directory /home/runner/work/ozone/ozone/hadoop-ozone/integration-test/target/test-dir/MiniOzoneClusterImpl-e4789928-4fd4-479e-857e-ac334458de01/datanode-2/data/ratis/cfb787f3-52f4-4437-91cf-498250132de1
2023-06-02 19:46:32,487 [60ac4d22-094a-4270-8266-44944d79861e-groupManagement] INFO  server.RaftServerConfigKeys (ConfUtils.java:logGet(46)) - raft.server.log.queue.byte-limit = 4294967296 (custom)
2023-06-02 19:46:32,487 [60ac4d22-094a-4270-8266-44944d79861e-groupManagement] INFO  server.RaftServerConfigKeys (ConfUtils.java:logGet(46)) - raft.server.log.queue.element-limit = 1024 (custom)
2023-06-02 19:46:32,487 [60ac4d22-094a-4270-8266-44944d79861e-groupManagement] INFO  server.RaftServerConfigKeys (ConfUtils.java:logGet(46)) - raft.server.log.segment.size.max = 1048576 (custom)
2023-06-02 19:46:32,487 [60ac4d22-094a-4270-8266-44944d79861e-groupManagement] INFO  server.RaftServerConfigKeys (ConfUtils.java:logGet(46)) - raft.server.log.preallocated.size = 16384 (custom)
2023-06-02 19:46:32,487 [60ac4d22-094a-4270-8266-44944d79861e-groupManagement] INFO  server.RaftServerConfigKeys (ConfUtils.java:logGet(46)) - raft.server.log.force.sync.num = 128 (default)
2023-06-02 19:46:32,487 [60ac4d22-094a-4270-8266-44944d79861e-groupManagement] INFO  server.RaftServerConfigKeys (ConfUtils.java:logGet(46)) - raft.server.log.statemachine.data.sync = true (default)
2023-06-02 19:46:32,488 [60ac4d22-094a-4270-8266-44944d79861e-groupManagement] INFO  server.RaftServerConfigKeys (ConfUtils.java:logGet(46)) - raft.server.log.statemachine.data.sync.timeout = 10s (default)
2023-06-02 19:46:32,488 [60ac4d22-094a-4270-8266-44944d79861e-groupManagement] INFO  server.RaftServerConfigKeys (ConfUtils.java:logGet(46)) - raft.server.log.statemachine.data.sync.timeout.retry = -1 (default)
2023-06-02 19:46:32,482 [PipelineCommandHandlerThread-0] INFO  commandhandler.CreatePipelineCommandHandler (CreatePipelineCommandHandler.java:lambda$handle$2(124)) - Created Pipeline RATIS THREE PipelineID=afbb03c3-0d6a-47c3-950c-0c580015af9d.
2023-06-02 19:46:32,489 [PipelineCommandHandlerThread-0] INFO  server.RaftServer (RaftServerProxy.java:addNew(98)) - 9e7d7045-1d4c-4270-9434-63584a31babd: addNew group-498250132DE1:[60ac4d22-094a-4270-8266-44944d79861e|rpc:10.1.26.0:15032|admin:10.1.26.0:15031|client:10.1.26.0:15030|dataStream:10.1.26.0:15033|priority:0|startupRole:FOLLOWER, 9e7d7045-1d4c-4270-9434-63584a31babd|rpc:10.1.26.0:15014|admin:10.1.26.0:15013|client:10.1.26.0:15012|dataStream:10.1.26.0:15015|priority:1|startupRole:FOLLOWER, f5a51868-327c-422c-ad14-d572ec0233ee|rpc:10.1.26.0:15023|admin:10.1.26.0:15022|client:10.1.26.0:15021|dataStream:10.1.26.0:15024|priority:0|startupRole:FOLLOWER] returns group-498250132DE1:java.util.concurrent.CompletableFuture@b2ed359[Not completed]
2023-06-02 19:46:32,490 [9e7d7045-1d4c-4270-9434-63584a31babd-groupManagement] INFO  server.RaftServer$Division (RaftServerImpl.java:<init>(198)) - 9e7d7045-1d4c-4270-9434-63584a31babd: new RaftServerImpl for group-498250132DE1:[60ac4d22-094a-4270-8266-44944d79861e|rpc:10.1.26.0:15032|admin:10.1.26.0:15031|client:10.1.26.0:15030|dataStream:10.1.26.0:15033|priority:0|startupRole:FOLLOWER, 9e7d7045-1d4c-4270-9434-63584a31babd|rpc:10.1.26.0:15014|admin:10.1.26.0:15013|client:10.1.26.0:15012|dataStream:10.1.26.0:15015|priority:1|startupRole:FOLLOWER, f5a51868-327c-422c-ad14-d572ec0233ee|rpc:10.1.26.0:15023|admin:10.1.26.0:15022|client:10.1.26.0:15021|dataStream:10.1.26.0:15024|priority:0|startupRole:FOLLOWER] with ContainerStateMachine:uninitialized
2023-06-02 19:46:32,490 [9e7d7045-1d4c-4270-9434-63584a31babd-groupManagement] INFO  server.RaftServerConfigKeys (ConfUtils.java:logGet(46)) - raft.server.rpc.timeout.min = 5s (custom)
2023-06-02 19:46:32,490 [9e7d7045-1d4c-4270-9434-63584a31babd-groupManagement] INFO  server.RaftServerConfigKeys (ConfUtils.java:logGet(46)) - raft.server.rpc.timeout.max = 5200ms (custom)
2023-06-02 19:46:32,490 [60ac4d22-094a-4270-8266-44944d79861e-groupManagement] INFO  server.RaftServerConfigKeys (ConfUtils.java:logGet(46)) - raft.server.log.write.buffer.size = 1048576 (custom)
2023-06-02 19:46:32,490 [9e7d7045-1d4c-4270-9434-63584a31babd-groupManagement] INFO  server.RaftServerConfigKeys (ConfUtils.java:logGet(46)) - raft.server.rpc.sleep.time = 25ms (default)
2023-06-02 19:46:32,494 [9e7d7045-1d4c-4270-9434-63584a31babd-groupManagement] INFO  server.RaftServerConfigKeys (ConfUtils.java:logGet(46)) - raft.server.rpc.slowness.timeout = 300s (custom)
2023-06-02 19:46:32,494 [9e7d7045-1d4c-4270-9434-63584a31babd-groupManagement] INFO  server.RaftServerConfigKeys (ConfUtils.java:logGet(46)) - raft.server.leaderelection.leader.step-down.wait-time = 10s (default)
2023-06-02 19:46:32,494 [9e7d7045-1d4c-4270-9434-63584a31babd-groupManagement] INFO  server.RaftServerConfigKeys (ConfUtils.java:logGet(46)) - raft.server.sleep.deviation.threshold = 300ms (default)
2023-06-02 19:46:32,494 [9e7d7045-1d4c-4270-9434-63584a31babd-groupManagement] INFO  server.RaftServer$Division (ServerState.java:<init>(120)) - 9e7d7045-1d4c-4270-9434-63584a31babd@group-498250132DE1: ConfigurationManager, init=-1: peers:[60ac4d22-094a-4270-8266-44944d79861e|rpc:10.1.26.0:15032|admin:10.1.26.0:15031|client:10.1.26.0:15030|dataStream:10.1.26.0:15033|priority:0|startupRole:FOLLOWER, 9e7d7045-1d4c-4270-9434-63584a31babd|rpc:10.1.26.0:15014|admin:10.1.26.0:15013|client:10.1.26.0:15012|dataStream:10.1.26.0:15015|priority:1|startupRole:FOLLOWER, f5a51868-327c-422c-ad14-d572ec0233ee|rpc:10.1.26.0:15023|admin:10.1.26.0:15022|client:10.1.26.0:15021|dataStream:10.1.26.0:15024|priority:0|startupRole:FOLLOWER]|listeners:[], old=null, confs=<EMPTY_MAP>
2023-06-02 19:46:32,494 [9e7d7045-1d4c-4270-9434-63584a31babd-groupManagement] INFO  server.RaftServerConfigKeys (ConfUtils.java:logGet(46)) - raft.server.storage.dir = [/home/runner/work/ozone/ozone/hadoop-ozone/integration-test/target/test-dir/MiniOzoneClusterImpl-e4789928-4fd4-479e-857e-ac334458de01/datanode-0/data/ratis] (custom)
2023-06-02 19:46:32,494 [9e7d7045-1d4c-4270-9434-63584a31babd-groupManagement] INFO  server.RaftServerConfigKeys (ConfUtils.java:logGet(46)) - raft.server.log.corruption.policy = EXCEPTION (default)
2023-06-02 19:46:32,494 [9e7d7045-1d4c-4270-9434-63584a31babd-groupManagement] INFO  server.RaftServerConfigKeys (ConfUtils.java:logGet(46)) - raft.server.storage.free-space.min = 0MB (=0) (default)
2023-06-02 19:46:32,494 [9e7d7045-1d4c-4270-9434-63584a31babd-groupManagement] INFO  server.RaftServerConfigKeys (ConfUtils.java:logGet(46)) - raft.server.notification.no-leader.timeout = 300s (custom)
2023-06-02 19:46:32,494 [9e7d7045-1d4c-4270-9434-63584a31babd-groupManagement] INFO  server.RaftServerConfigKeys (ConfUtils.java:logGet(46)) - raft.server.read.timeout = 10s (default)
2023-06-02 19:46:32,495 [9e7d7045-1d4c-4270-9434-63584a31babd-groupManagement] INFO  server.RaftServerConfigKeys (ConfUtils.java:logGet(46)) - raft.server.retrycache.expirytime = 600000ms (custom)
2023-06-02 19:46:32,495 [9e7d7045-1d4c-4270-9434-63584a31babd-groupManagement] INFO  server.RaftServerConfigKeys (ConfUtils.java:logGet(46)) - raft.server.retrycache.statistics.expirytime = 100μs (default)
2023-06-02 19:46:32,495 [9e7d7045-1d4c-4270-9434-63584a31babd-groupManagement] INFO  server.RaftServerConfigKeys (ConfUtils.java:logGet(46)) - raft.server.read.option = DEFAULT (default)
2023-06-02 19:46:32,497 [9e7d7045-1d4c-4270-9434-63584a31babd-groupManagement] INFO  server.RaftServerConfigKeys (ConfUtils.java:logGet(46)) - raft.server.rpc.request.timeout = 60s (custom)
2023-06-02 19:46:32,497 [9e7d7045-1d4c-4270-9434-63584a31babd-groupManagement] INFO  server.RaftServerConfigKeys (ConfUtils.java:logGet(46)) - raft.server.log.appender.install.snapshot.enabled = false (custom)
2023-06-02 19:46:32,497 [9e7d7045-1d4c-4270-9434-63584a31babd-groupManagement] INFO  server.RaftServerConfigKeys (ConfUtils.java:logGet(46)) - raft.server.threadpool.server.cached = true (default)
2023-06-02 19:46:32,497 [9e7d7045-1d4c-4270-9434-63584a31babd-groupManagement] INFO  server.RaftServerConfigKeys (ConfUtils.java:logGet(46)) - raft.server.threadpool.server.size = 0 (default)
2023-06-02 19:46:32,497 [9e7d7045-1d4c-4270-9434-63584a31babd-groupManagement] INFO  server.RaftServerConfigKeys (ConfUtils.java:logGet(46)) - raft.server.threadpool.client.cached = true (default)
2023-06-02 19:46:32,497 [9e7d7045-1d4c-4270-9434-63584a31babd-groupManagement] INFO  server.RaftServerConfigKeys (ConfUtils.java:logGet(46)) - raft.server.threadpool.client.size = 0 (default)
2023-06-02 19:46:32,498 [9e7d7045-1d4c-4270-9434-63584a31babd-groupManagement] INFO  storage.RaftStorageDirectory (RaftStorageDirectoryImpl.java:analyzeStorage(137)) - The storage directory /home/runner/work/ozone/ozone/hadoop-ozone/integration-test/target/test-dir/MiniOzoneClusterImpl-e4789928-4fd4-479e-857e-ac334458de01/datanode-0/data/ratis/cfb787f3-52f4-4437-91cf-498250132de1 does not exist. Creating ...
2023-06-02 19:46:32,498 [60ac4d22-094a-4270-8266-44944d79861e-groupManagement] INFO  server.RaftServerConfigKeys (ConfUtils.java:logGet(46)) - raft.server.log.appender.buffer.byte-limit = 33554432 (custom)
2023-06-02 19:46:32,501 [9e7d7045-1d4c-4270-9434-63584a31babd-groupManagement] INFO  storage.RaftStorageDirectory (RaftStorageDirectoryImpl.java:tryLock(231)) - Lock on /home/runner/work/ozone/ozone/hadoop-ozone/integration-test/target/test-dir/MiniOzoneClusterImpl-e4789928-4fd4-479e-857e-ac334458de01/datanode-0/data/ratis/cfb787f3-52f4-4437-91cf-498250132de1/in_use.lock acquired by nodename 54141@fv-az459-618
2023-06-02 19:46:32,510 [60ac4d22-094a-4270-8266-44944d79861e-groupManagement] INFO  server.RaftServerConfigKeys (ConfUtils.java:logGet(46)) - raft.server.log.unsafe-flush.enabled = false (default)
2023-06-02 19:46:32,514 [9e7d7045-1d4c-4270-9434-63584a31babd-groupManagement] INFO  storage.RaftStorage (RaftStorageImpl.java:format(96)) - Storage directory /home/runner/work/ozone/ozone/hadoop-ozone/integration-test/target/test-dir/MiniOzoneClusterImpl-e4789928-4fd4-479e-857e-ac334458de01/datanode-0/data/ratis/cfb787f3-52f4-4437-91cf-498250132de1 has been successfully formatted.
2023-06-02 19:46:32,523 [60ac4d22-094a-4270-8266-44944d79861e-groupManagement] INFO  server.RaftServerConfigKeys (ConfUtils.java:logGet(46)) - raft.server.log.async-flush.enabled = false (default)
2023-06-02 19:46:32,523 [60ac4d22-094a-4270-8266-44944d79861e-groupManagement] INFO  server.RaftServerConfigKeys (ConfUtils.java:logGet(46)) - raft.server.log.statemachine.data.caching.enabled = true (custom)
2023-06-02 19:46:32,523 [60ac4d22-094a-4270-8266-44944d79861e-groupManagement] INFO  segmented.SegmentedRaftLogWorker (SegmentedRaftLogWorker.java:lambda$new$0(135)) - 60ac4d22-094a-4270-8266-44944d79861e@group-498250132DE1-SegmentedRaftLogWorker: flushIndex: setUnconditionally 0 -> -1
2023-06-02 19:46:32,523 [60ac4d22-094a-4270-8266-44944d79861e-groupManagement] INFO  segmented.SegmentedRaftLogWorker (SegmentedRaftLogWorker.java:lambda$new$0(135)) - 60ac4d22-094a-4270-8266-44944d79861e@group-498250132DE1-SegmentedRaftLogWorker: safeCacheEvictIndex: setUnconditionally 0 -> -1
2023-06-02 19:46:32,523 [60ac4d22-094a-4270-8266-44944d79861e-groupManagement] INFO  server.RaftServer$Division (RaftServerImpl.java:start(342)) - 60ac4d22-094a-4270-8266-44944d79861e@group-498250132DE1: start as a follower, conf=-1: peers:[60ac4d22-094a-4270-8266-44944d79861e|rpc:10.1.26.0:15032|admin:10.1.26.0:15031|client:10.1.26.0:15030|dataStream:10.1.26.0:15033|priority:0|startupRole:FOLLOWER, 9e7d7045-1d4c-4270-9434-63584a31babd|rpc:10.1.26.0:15014|admin:10.1.26.0:15013|client:10.1.26.0:15012|dataStream:10.1.26.0:15015|priority:1|startupRole:FOLLOWER, f5a51868-327c-422c-ad14-d572ec0233ee|rpc:10.1.26.0:15023|admin:10.1.26.0:15022|client:10.1.26.0:15021|dataStream:10.1.26.0:15024|priority:0|startupRole:FOLLOWER]|listeners:[], old=null
2023-06-02 19:46:32,523 [60ac4d22-094a-4270-8266-44944d79861e-groupManagement] INFO  server.RaftServer$Division (RaftServerImpl.java:setRole(329)) - 60ac4d22-094a-4270-8266-44944d79861e@group-498250132DE1: changes role from      null to FOLLOWER at term 0 for startAsFollower
2023-06-02 19:46:32,523 [60ac4d22-094a-4270-8266-44944d79861e-groupManagement] INFO  impl.RoleInfo (RoleInfo.java:updateAndGet(139)) - 60ac4d22-094a-4270-8266-44944d79861e: start 60ac4d22-094a-4270-8266-44944d79861e@group-498250132DE1-FollowerState
2023-06-02 19:46:32,524 [9e7d7045-1d4c-4270-9434-63584a31babd-groupManagement] INFO  ratis.ContainerStateMachine (ContainerStateMachine.java:loadSnapshot(262)) - group-498250132DE1: The snapshot info is null. Setting the last applied indexto:(t:0, i:~)
2023-06-02 19:46:32,532 [9e7d7045-1d4c-4270-9434-63584a31babd-groupManagement] INFO  server.RaftServerConfigKeys (ConfUtils.java:logGet(46)) - raft.server.log.use.memory = false (default)
2023-06-02 19:46:32,532 [9e7d7045-1d4c-4270-9434-63584a31babd-groupManagement] INFO  server.RaftServerConfigKeys (ConfUtils.java:logGet(46)) - raft.server.log.purge.gap = 1000000 (custom)
2023-06-02 19:46:32,532 [9e7d7045-1d4c-4270-9434-63584a31babd-groupManagement] INFO  server.RaftServerConfigKeys (ConfUtils.java:logGet(46)) - raft.server.log.appender.buffer.byte-limit = 33554432 (custom)
2023-06-02 19:46:32,532 [9e7d7045-1d4c-4270-9434-63584a31babd-groupManagement] INFO  server.RaftServerConfigKeys (ConfUtils.java:logGet(46)) - raft.server.log.statemachine.data.read.timeout = 1000ms (default)
2023-06-02 19:46:32,532 [9e7d7045-1d4c-4270-9434-63584a31babd-groupManagement] INFO  server.RaftServerConfigKeys (ConfUtils.java:logGet(46)) - raft.server.log.purge.preservation.log.num = 0 (default)
2023-06-02 19:46:32,533 [9e7d7045-1d4c-4270-9434-63584a31babd-groupManagement] INFO  server.RaftServerConfigKeys (ConfUtils.java:logGet(46)) - raft.server.log.segment.size.max = 1048576 (custom)
2023-06-02 19:46:32,533 [9e7d7045-1d4c-4270-9434-63584a31babd-groupManagement] INFO  server.RaftServerConfigKeys (ConfUtils.java:logGet(46)) - raft.server.log.segment.cache.num.max = 2 (custom)
2023-06-02 19:46:32,533 [9e7d7045-1d4c-4270-9434-63584a31babd-groupManagement] INFO  server.RaftServerConfigKeys (ConfUtils.java:logGet(46)) - raft.server.log.segment.cache.size.max = 200MB (=209715200) (default)
2023-06-02 19:46:32,533 [9e7d7045-1d4c-4270-9434-63584a31babd-groupManagement] INFO  server.RaftServerConfigKeys (ConfUtils.java:logGet(46)) - raft.server.log.appender.buffer.byte-limit = 33554432 (custom)
2023-06-02 19:46:32,533 [9e7d7045-1d4c-4270-9434-63584a31babd-groupManagement] INFO  segmented.SegmentedRaftLogWorker (SegmentedRaftLogWorker.java:<init>(188)) - new 9e7d7045-1d4c-4270-9434-63584a31babd@group-498250132DE1-SegmentedRaftLogWorker for RaftStorageImpl:Storage Directory /home/runner/work/ozone/ozone/hadoop-ozone/integration-test/target/test-dir/MiniOzoneClusterImpl-e4789928-4fd4-479e-857e-ac334458de01/datanode-0/data/ratis/cfb787f3-52f4-4437-91cf-498250132de1
2023-06-02 19:46:32,533 [9e7d7045-1d4c-4270-9434-63584a31babd-groupManagement] INFO  server.RaftServerConfigKeys (ConfUtils.java:logGet(46)) - raft.server.log.queue.byte-limit = 4294967296 (custom)
2023-06-02 19:46:32,533 [9e7d7045-1d4c-4270-9434-63584a31babd-groupManagement] INFO  server.RaftServerConfigKeys (ConfUtils.java:logGet(46)) - raft.server.log.queue.element-limit = 1024 (custom)
2023-06-02 19:46:32,533 [9e7d7045-1d4c-4270-9434-63584a31babd-groupManagement] INFO  server.RaftServerConfigKeys (ConfUtils.java:logGet(46)) - raft.server.log.segment.size.max = 1048576 (custom)
2023-06-02 19:46:32,534 [9e7d7045-1d4c-4270-9434-63584a31babd-groupManagement] INFO  server.RaftServerConfigKeys (ConfUtils.java:logGet(46)) - raft.server.log.preallocated.size = 16384 (custom)
2023-06-02 19:46:32,534 [9e7d7045-1d4c-4270-9434-63584a31babd-groupManagement] INFO  server.RaftServerConfigKeys (ConfUtils.java:logGet(46)) - raft.server.log.force.sync.num = 128 (default)
2023-06-02 19:46:32,534 [9e7d7045-1d4c-4270-9434-63584a31babd-groupManagement] INFO  server.RaftServerConfigKeys (ConfUtils.java:logGet(46)) - raft.server.log.statemachine.data.sync = true (default)
2023-06-02 19:46:32,534 [9e7d7045-1d4c-4270-9434-63584a31babd-groupManagement] INFO  server.RaftServerConfigKeys (ConfUtils.java:logGet(46)) - raft.server.log.statemachine.data.sync.timeout = 10s (default)
2023-06-02 19:46:32,534 [9e7d7045-1d4c-4270-9434-63584a31babd-groupManagement] INFO  server.RaftServerConfigKeys (ConfUtils.java:logGet(46)) - raft.server.log.statemachine.data.sync.timeout.retry = -1 (default)
2023-06-02 19:46:32,527 [60ac4d22-094a-4270-8266-44944d79861e-groupManagement] INFO  util.JmxRegister (JmxRegister.java:tryRegister(44)) - Successfully registered JMX Bean with object name Ratis:service=RaftServer,group=group-498250132DE1,id=60ac4d22-094a-4270-8266-44944d79861e
2023-06-02 19:46:32,535 [60ac4d22-094a-4270-8266-44944d79861e-groupManagement] INFO  server.RaftServerConfigKeys (ConfUtils.java:logGet(46)) - raft.server.snapshot.auto.trigger.enabled = true (custom)
2023-06-02 19:46:32,535 [60ac4d22-094a-4270-8266-44944d79861e-groupManagement] INFO  server.RaftServerConfigKeys (ConfUtils.java:logGet(46)) - raft.server.snapshot.auto.trigger.threshold = 10000 (custom)
2023-06-02 19:46:32,535 [60ac4d22-094a-4270-8266-44944d79861e-groupManagement] INFO  server.RaftServerConfigKeys (ConfUtils.java:logGet(46)) - raft.server.snapshot.retention.file.num = 5 (custom)
2023-06-02 19:46:32,535 [60ac4d22-094a-4270-8266-44944d79861e-groupManagement] INFO  server.RaftServerConfigKeys (ConfUtils.java:logGet(46)) - raft.server.log.purge.upto.snapshot.index = false (default)
2023-06-02 19:46:32,536 [PipelineCommandHandlerThread-0] INFO  ratis.XceiverServerRatis (XceiverServerRatis.java:addGroup(804)) - Created group PipelineID=cfb787f3-52f4-4437-91cf-498250132de1
2023-06-02 19:46:32,543 [9e7d7045-1d4c-4270-9434-63584a31babd-groupManagement] INFO  server.RaftServerConfigKeys (ConfUtils.java:logGet(46)) - raft.server.log.write.buffer.size = 1048576 (custom)
2023-06-02 19:46:32,544 [9e7d7045-1d4c-4270-9434-63584a31babd-groupManagement] INFO  server.RaftServerConfigKeys (ConfUtils.java:logGet(46)) - raft.server.log.appender.buffer.byte-limit = 33554432 (custom)
2023-06-02 19:46:32,553 [60ac4d22-094a-4270-8266-44944d79861e@group-498250132DE1-FollowerState] INFO  server.RaftServerConfigKeys (ConfUtils.java:logFallback(53)) - raft.server.rpc.first-election.timeout.min = 5s (fallback to raft.server.rpc.timeout.min)
2023-06-02 19:46:32,554 [60ac4d22-094a-4270-8266-44944d79861e@group-498250132DE1-FollowerState] INFO  server.RaftServerConfigKeys (ConfUtils.java:logFallback(53)) - raft.server.rpc.first-election.timeout.max = 5200ms (fallback to raft.server.rpc.timeout.max)
2023-06-02 19:46:32,554 [9e7d7045-1d4c-4270-9434-63584a31babd-groupManagement] INFO  server.RaftServerConfigKeys (ConfUtils.java:logGet(46)) - raft.server.log.unsafe-flush.enabled = false (default)
2023-06-02 19:46:32,558 [9e7d7045-1d4c-4270-9434-63584a31babd-groupManagement] INFO  server.RaftServerConfigKeys (ConfUtils.java:logGet(46)) - raft.server.log.async-flush.enabled = false (default)
2023-06-02 19:46:32,558 [9e7d7045-1d4c-4270-9434-63584a31babd-groupManagement] INFO  server.RaftServerConfigKeys (ConfUtils.java:logGet(46)) - raft.server.log.statemachine.data.caching.enabled = true (custom)
2023-06-02 19:46:32,558 [9e7d7045-1d4c-4270-9434-63584a31babd-groupManagement] INFO  segmented.SegmentedRaftLogWorker (SegmentedRaftLogWorker.java:lambda$new$0(135)) - 9e7d7045-1d4c-4270-9434-63584a31babd@group-498250132DE1-SegmentedRaftLogWorker: flushIndex: setUnconditionally 0 -> -1
2023-06-02 19:46:32,558 [9e7d7045-1d4c-4270-9434-63584a31babd-groupManagement] INFO  segmented.SegmentedRaftLogWorker (SegmentedRaftLogWorker.java:lambda$new$0(135)) - 9e7d7045-1d4c-4270-9434-63584a31babd@group-498250132DE1-SegmentedRaftLogWorker: safeCacheEvictIndex: setUnconditionally 0 -> -1
2023-06-02 19:46:32,563 [9e7d7045-1d4c-4270-9434-63584a31babd-groupManagement] INFO  server.RaftServer$Division (RaftServerImpl.java:start(342)) - 9e7d7045-1d4c-4270-9434-63584a31babd@group-498250132DE1: start as a follower, conf=-1: peers:[60ac4d22-094a-4270-8266-44944d79861e|rpc:10.1.26.0:15032|admin:10.1.26.0:15031|client:10.1.26.0:15030|dataStream:10.1.26.0:15033|priority:0|startupRole:FOLLOWER, 9e7d7045-1d4c-4270-9434-63584a31babd|rpc:10.1.26.0:15014|admin:10.1.26.0:15013|client:10.1.26.0:15012|dataStream:10.1.26.0:15015|priority:1|startupRole:FOLLOWER, f5a51868-327c-422c-ad14-d572ec0233ee|rpc:10.1.26.0:15023|admin:10.1.26.0:15022|client:10.1.26.0:15021|dataStream:10.1.26.0:15024|priority:0|startupRole:FOLLOWER]|listeners:[], old=null
2023-06-02 19:46:32,563 [9e7d7045-1d4c-4270-9434-63584a31babd-groupManagement] INFO  server.RaftServer$Division (RaftServerImpl.java:setRole(329)) - 9e7d7045-1d4c-4270-9434-63584a31babd@group-498250132DE1: changes role from      null to FOLLOWER at term 0 for startAsFollower
2023-06-02 19:46:32,563 [9e7d7045-1d4c-4270-9434-63584a31babd-groupManagement] INFO  impl.RoleInfo (RoleInfo.java:updateAndGet(139)) - 9e7d7045-1d4c-4270-9434-63584a31babd: start 9e7d7045-1d4c-4270-9434-63584a31babd@group-498250132DE1-FollowerState
2023-06-02 19:46:32,564 [9e7d7045-1d4c-4270-9434-63584a31babd-groupManagement] INFO  util.JmxRegister (JmxRegister.java:tryRegister(44)) - Successfully registered JMX Bean with object name Ratis:service=RaftServer,group=group-498250132DE1,id=9e7d7045-1d4c-4270-9434-63584a31babd
2023-06-02 19:46:32,564 [9e7d7045-1d4c-4270-9434-63584a31babd-groupManagement] INFO  server.RaftServerConfigKeys (ConfUtils.java:logGet(46)) - raft.server.snapshot.auto.trigger.enabled = true (custom)
2023-06-02 19:46:32,564 [9e7d7045-1d4c-4270-9434-63584a31babd-groupManagement] INFO  server.RaftServerConfigKeys (ConfUtils.java:logGet(46)) - raft.server.snapshot.auto.trigger.threshold = 10000 (custom)
2023-06-02 19:46:32,567 [9e7d7045-1d4c-4270-9434-63584a31babd-groupManagement] INFO  server.RaftServerConfigKeys (ConfUtils.java:logGet(46)) - raft.server.snapshot.retention.file.num = 5 (custom)
2023-06-02 19:46:32,568 [9e7d7045-1d4c-4270-9434-63584a31babd-groupManagement] INFO  server.RaftServerConfigKeys (ConfUtils.java:logGet(46)) - raft.server.log.purge.upto.snapshot.index = false (default)
2023-06-02 19:46:32,566 [9e7d7045-1d4c-4270-9434-63584a31babd@group-498250132DE1-FollowerState] INFO  server.RaftServerConfigKeys (ConfUtils.java:logFallback(53)) - raft.server.rpc.first-election.timeout.min = 5s (fallback to raft.server.rpc.timeout.min)
2023-06-02 19:46:32,579 [PipelineCommandHandlerThread-0] INFO  ratis.XceiverServerRatis (XceiverServerRatis.java:addGroup(804)) - Created group PipelineID=cfb787f3-52f4-4437-91cf-498250132de1
2023-06-02 19:46:32,585 [9e7d7045-1d4c-4270-9434-63584a31babd@group-498250132DE1-FollowerState] INFO  server.RaftServerConfigKeys (ConfUtils.java:logFallback(53)) - raft.server.rpc.first-election.timeout.max = 5200ms (fallback to raft.server.rpc.timeout.max)
2023-06-02 19:46:32,681 [PipelineCommandHandlerThread-0] INFO  commandhandler.CreatePipelineCommandHandler (CreatePipelineCommandHandler.java:lambda$handle$2(124)) - Created Pipeline RATIS THREE PipelineID=cfb787f3-52f4-4437-91cf-498250132de1.
2023-06-02 19:46:32,705 [PipelineCommandHandlerThread-0] INFO  commandhandler.CreatePipelineCommandHandler (CreatePipelineCommandHandler.java:lambda$handle$2(124)) - Created Pipeline RATIS THREE PipelineID=cfb787f3-52f4-4437-91cf-498250132de1.
2023-06-02 19:46:32,714 [PipelineCommandHandlerThread-0] INFO  commandhandler.CreatePipelineCommandHandler (CreatePipelineCommandHandler.java:lambda$handle$2(124)) - Created Pipeline RATIS THREE PipelineID=cfb787f3-52f4-4437-91cf-498250132de1.
2023-06-02 19:46:32,728 [main] INFO  ozone.MiniOzoneClusterImpl (MiniOzoneClusterImpl.java:lambda$waitForClusterToBeReady$0(222)) - Waiting for nodes to be ready. Got 9 of 14 DN Heartbeats.
2023-06-02 19:46:32,729 [main] INFO  ozone.MiniOzoneClusterImpl (MiniOzoneClusterImpl.java:lambda$waitForClusterToBeReady$0(225)) - Waiting for cluster to exit safe mode
2023-06-02 19:46:32,729 [main] INFO  ozone.MiniOzoneClusterImpl (MiniOzoneClusterImpl.java:lambda$waitForClusterToBeReady$0(227)) - SCM became leader
2023-06-02 19:46:32,748 [IPC Server handler 3 on default port 15002] INFO  net.NetworkTopologyImpl (NetworkTopologyImpl.java:add(112)) - Added a new node: /default-rack/93e73215-cf0c-4899-893f-1e32053e8cf3
2023-06-02 19:46:32,748 [IPC Server handler 3 on default port 15002] INFO  node.SCMNodeManager (SCMNodeManager.java:register(407)) - Registered Data node : 93e73215-cf0c-4899-893f-1e32053e8cf3{ip: 10.1.26.0, host: fv-az459-618.msq0az1vewme3jsxyslsv0htic.jx.internal.cloudapp.net, ports: [HTTP=15090, CLIENT_RPC=15091, REPLICATION=15097, RATIS=15093, RATIS_ADMIN=15094, RATIS_SERVER=15095, RATIS_DATASTREAM=15096, STANDALONE=15092], networkLocation: /default-rack, certSerialId: null, persistedOpState: null, persistedOpStateExpiryEpochSec: 0}
2023-06-02 19:46:32,749 [EventQueue-NewNodeForNewNodeHandler] INFO  pipeline.BackgroundPipelineCreator (BackgroundPipelineCreator.java:notifyEventTriggered(276)) - trigger a one-shot run on RatisPipelineUtilsThread.
2023-06-02 19:46:32,751 [RatisPipelineUtilsThread - 0] WARN  pipeline.PipelinePlacementPolicy (PipelinePlacementPolicy.java:filterViableNodes(160)) - Pipeline creation failed due to no sufficient healthy datanodes. Required 3. Found 1. Excluded 9.
2023-06-02 19:46:32,782 [EndpointStateMachine task thread for /0.0.0.0:15002 - 0 ] INFO  utils.DatanodeStoreCache (DatanodeStoreCache.java:addDB(66)) - Added db /home/runner/work/ozone/ozone/hadoop-ozone/integration-test/target/test-dir/MiniOzoneClusterImpl-e4789928-4fd4-479e-857e-ac334458de01/datanode-13/data-0/containers/hdds/e4789928-4fd4-479e-857e-ac334458de01/DS-1b619ded-dd8e-43e3-a118-c0ee05d62986/container.db to cache
2023-06-02 19:46:32,782 [EndpointStateMachine task thread for /0.0.0.0:15002 - 0 ] INFO  volume.HddsVolume (HddsVolume.java:createDbStore(350)) - SchemaV3 db is created and loaded at /home/runner/work/ozone/ozone/hadoop-ozone/integration-test/target/test-dir/MiniOzoneClusterImpl-e4789928-4fd4-479e-857e-ac334458de01/datanode-13/data-0/containers/hdds/e4789928-4fd4-479e-857e-ac334458de01/DS-1b619ded-dd8e-43e3-a118-c0ee05d62986/container.db for volume DS-1b619ded-dd8e-43e3-a118-c0ee05d62986
2023-06-02 19:46:32,783 [EndpointStateMachine task thread for /0.0.0.0:15002 - 0 ] INFO  ozoneimpl.OzoneContainer (OzoneContainer.java:start(398)) - Attempting to start container services.
2023-06-02 19:46:32,783 [EndpointStateMachine task thread for /0.0.0.0:15002 - 0 ] INFO  ozoneimpl.OzoneContainer (OzoneContainer.java:startContainerScrub(314)) - Scheduled background container scanners and the on-demand container scanner have been disabled.
2023-06-02 19:46:32,784 [EndpointStateMachine task thread for /0.0.0.0:15002 - 0 ] INFO  replication.ReplicationServer (ReplicationServer.java:start(128)) - ReplicationServer is started using port 15133
2023-06-02 19:46:32,784 [EndpointStateMachine task thread for /0.0.0.0:15002 - 0 ] INFO  ratis.XceiverServerRatis (XceiverServerRatis.java:start(517)) - Starting XceiverServerRatis 0510a9b5-5640-4405-855a-d41528cb8ad5
2023-06-02 19:46:32,784 [EndpointStateMachine task thread for /0.0.0.0:15002 - 0 ] INFO  server.RaftServer (RaftServerProxy.java:startImpl(400)) - 0510a9b5-5640-4405-855a-d41528cb8ad5: start RPC server
2023-06-02 19:46:32,785 [EndpointStateMachine task thread for /0.0.0.0:15002 - 0 ] INFO  server.GrpcService (GrpcService.java:startImpl(302)) - 0510a9b5-5640-4405-855a-d41528cb8ad5: GrpcService started, listening on 15129
2023-06-02 19:46:32,785 [EndpointStateMachine task thread for /0.0.0.0:15002 - 0 ] INFO  server.GrpcService (GrpcService.java:startImpl(302)) - 0510a9b5-5640-4405-855a-d41528cb8ad5: GrpcService started, listening on 15131
2023-06-02 19:46:32,787 [EndpointStateMachine task thread for /0.0.0.0:15002 - 0 ] INFO  server.GrpcService (GrpcService.java:startImpl(302)) - 0510a9b5-5640-4405-855a-d41528cb8ad5: GrpcService started, listening on 15130
2023-06-02 19:46:32,787 [EndpointStateMachine task thread for /0.0.0.0:15002 - 0 ] INFO  ratis.XceiverServerRatis (XceiverServerRatis.java:getRealPort(543)) - XceiverServerRatis 0510a9b5-5640-4405-855a-d41528cb8ad5 is started using port 15129 for RATIS
2023-06-02 19:46:32,787 [EndpointStateMachine task thread for /0.0.0.0:15002 - 0 ] INFO  ratis.XceiverServerRatis (XceiverServerRatis.java:getRealPort(543)) - XceiverServerRatis 0510a9b5-5640-4405-855a-d41528cb8ad5 is started using port 15130 for RATIS_ADMIN
2023-06-02 19:46:32,788 [EndpointStateMachine task thread for /0.0.0.0:15002 - 0 ] INFO  ratis.XceiverServerRatis (XceiverServerRatis.java:getRealPort(543)) - XceiverServerRatis 0510a9b5-5640-4405-855a-d41528cb8ad5 is started using port 15131 for RATIS_SERVER
2023-06-02 19:46:32,788 [EndpointStateMachine task thread for /0.0.0.0:15002 - 0 ] INFO  ratis.XceiverServerRatis (XceiverServerRatis.java:getRealPort(543)) - XceiverServerRatis 0510a9b5-5640-4405-855a-d41528cb8ad5 is started using port 15132 for RATIS_DATASTREAM
2023-06-02 19:46:32,788 [JvmPauseMonitor15] INFO  util.JvmPauseMonitor (JvmPauseMonitor.java:run(103)) - JvmPauseMonitor-0510a9b5-5640-4405-855a-d41528cb8ad5: Started
2023-06-02 19:46:32,789 [BlockDeletingService#0] INFO  interfaces.ContainerDeletionChoosingPolicyTemplate (ContainerDeletionChoosingPolicyTemplate.java:chooseContainerForBlockDeletion(83)) - Chosen 0/5000 blocks from 0 candidate containers.
2023-06-02 19:46:32,857 [PipelineCommandHandlerThread-0] INFO  server.RaftServer (RaftServerProxy.java:addNew(98)) - 42efe73c-3d9d-41e2-b05d-c69b43a81cba: addNew group-CB39D489BD91:[3e53829d-da6c-4746-b554-01bfe538e40e|rpc:10.1.26.0:15050|admin:10.1.26.0:15049|client:10.1.26.0:15048|dataStream:10.1.26.0:15051|priority:0|startupRole:FOLLOWER, f093f0f1-7dc1-44fa-8249-a003f257e421|rpc:10.1.26.0:15059|admin:10.1.26.0:15058|client:10.1.26.0:15057|dataStream:10.1.26.0:15060|priority:1|startupRole:FOLLOWER, 42efe73c-3d9d-41e2-b05d-c69b43a81cba|rpc:10.1.26.0:15041|admin:10.1.26.0:15040|client:10.1.26.0:15039|dataStream:10.1.26.0:15042|priority:0|startupRole:FOLLOWER] returns group-CB39D489BD91:java.util.concurrent.CompletableFuture@28245792[Not completed]
2023-06-02 19:46:32,858 [42efe73c-3d9d-41e2-b05d-c69b43a81cba-groupManagement] INFO  server.RaftServer$Division (RaftServerImpl.java:<init>(198)) - 42efe73c-3d9d-41e2-b05d-c69b43a81cba: new RaftServerImpl for group-CB39D489BD91:[3e53829d-da6c-4746-b554-01bfe538e40e|rpc:10.1.26.0:15050|admin:10.1.26.0:15049|client:10.1.26.0:15048|dataStream:10.1.26.0:15051|priority:0|startupRole:FOLLOWER, f093f0f1-7dc1-44fa-8249-a003f257e421|rpc:10.1.26.0:15059|admin:10.1.26.0:15058|client:10.1.26.0:15057|dataStream:10.1.26.0:15060|priority:1|startupRole:FOLLOWER, 42efe73c-3d9d-41e2-b05d-c69b43a81cba|rpc:10.1.26.0:15041|admin:10.1.26.0:15040|client:10.1.26.0:15039|dataStream:10.1.26.0:15042|priority:0|startupRole:FOLLOWER] with ContainerStateMachine:uninitialized
2023-06-02 19:46:32,858 [42efe73c-3d9d-41e2-b05d-c69b43a81cba-groupManagement] INFO  server.RaftServerConfigKeys (ConfUtils.java:logGet(46)) - raft.server.rpc.timeout.min = 5s (custom)
2023-06-02 19:46:32,858 [42efe73c-3d9d-41e2-b05d-c69b43a81cba-groupManagement] INFO  server.RaftServerConfigKeys (ConfUtils.java:logGet(46)) - raft.server.rpc.timeout.max = 5200ms (custom)
2023-06-02 19:46:32,859 [42efe73c-3d9d-41e2-b05d-c69b43a81cba-groupManagement] INFO  server.RaftServerConfigKeys (ConfUtils.java:logGet(46)) - raft.server.rpc.sleep.time = 25ms (default)
2023-06-02 19:46:32,859 [42efe73c-3d9d-41e2-b05d-c69b43a81cba-groupManagement] INFO  server.RaftServerConfigKeys (ConfUtils.java:logGet(46)) - raft.server.rpc.slowness.timeout = 300s (custom)
2023-06-02 19:46:32,859 [42efe73c-3d9d-41e2-b05d-c69b43a81cba-groupManagement] INFO  server.RaftServerConfigKeys (ConfUtils.java:logGet(46)) - raft.server.leaderelection.leader.step-down.wait-time = 10s (default)
2023-06-02 19:46:32,859 [42efe73c-3d9d-41e2-b05d-c69b43a81cba-groupManagement] INFO  server.RaftServerConfigKeys (ConfUtils.java:logGet(46)) - raft.server.sleep.deviation.threshold = 300ms (default)
2023-06-02 19:46:32,859 [42efe73c-3d9d-41e2-b05d-c69b43a81cba-groupManagement] INFO  server.RaftServer$Division (ServerState.java:<init>(120)) - 42efe73c-3d9d-41e2-b05d-c69b43a81cba@group-CB39D489BD91: ConfigurationManager, init=-1: peers:[3e53829d-da6c-4746-b554-01bfe538e40e|rpc:10.1.26.0:15050|admin:10.1.26.0:15049|client:10.1.26.0:15048|dataStream:10.1.26.0:15051|priority:0|startupRole:FOLLOWER, f093f0f1-7dc1-44fa-8249-a003f257e421|rpc:10.1.26.0:15059|admin:10.1.26.0:15058|client:10.1.26.0:15057|dataStream:10.1.26.0:15060|priority:1|startupRole:FOLLOWER, 42efe73c-3d9d-41e2-b05d-c69b43a81cba|rpc:10.1.26.0:15041|admin:10.1.26.0:15040|client:10.1.26.0:15039|dataStream:10.1.26.0:15042|priority:0|startupRole:FOLLOWER]|listeners:[], old=null, confs=<EMPTY_MAP>
2023-06-02 19:46:32,867 [42efe73c-3d9d-41e2-b05d-c69b43a81cba-groupManagement] INFO  server.RaftServerConfigKeys (ConfUtils.java:logGet(46)) - raft.server.storage.dir = [/home/runner/work/ozone/ozone/hadoop-ozone/integration-test/target/test-dir/MiniOzoneClusterImpl-e4789928-4fd4-479e-857e-ac334458de01/datanode-3/data/ratis] (custom)
2023-06-02 19:46:32,867 [42efe73c-3d9d-41e2-b05d-c69b43a81cba-groupManagement] INFO  server.RaftServerConfigKeys (ConfUtils.java:logGet(46)) - raft.server.log.corruption.policy = EXCEPTION (default)
2023-06-02 19:46:32,868 [42efe73c-3d9d-41e2-b05d-c69b43a81cba-groupManagement] INFO  server.RaftServerConfigKeys (ConfUtils.java:logGet(46)) - raft.server.storage.free-space.min = 0MB (=0) (default)
2023-06-02 19:46:32,868 [42efe73c-3d9d-41e2-b05d-c69b43a81cba-groupManagement] INFO  server.RaftServerConfigKeys (ConfUtils.java:logGet(46)) - raft.server.notification.no-leader.timeout = 300s (custom)
2023-06-02 19:46:32,868 [42efe73c-3d9d-41e2-b05d-c69b43a81cba-groupManagement] INFO  server.RaftServerConfigKeys (ConfUtils.java:logGet(46)) - raft.server.read.timeout = 10s (default)
2023-06-02 19:46:32,868 [42efe73c-3d9d-41e2-b05d-c69b43a81cba-groupManagement] INFO  server.RaftServerConfigKeys (ConfUtils.java:logGet(46)) - raft.server.retrycache.expirytime = 600000ms (custom)
2023-06-02 19:46:32,868 [42efe73c-3d9d-41e2-b05d-c69b43a81cba-groupManagement] INFO  server.RaftServerConfigKeys (ConfUtils.java:logGet(46)) - raft.server.retrycache.statistics.expirytime = 100μs (default)
2023-06-02 19:46:32,868 [42efe73c-3d9d-41e2-b05d-c69b43a81cba-groupManagement] INFO  server.RaftServerConfigKeys (ConfUtils.java:logGet(46)) - raft.server.read.option = DEFAULT (default)
2023-06-02 19:46:32,870 [42efe73c-3d9d-41e2-b05d-c69b43a81cba-groupManagement] INFO  server.RaftServerConfigKeys (ConfUtils.java:logGet(46)) - raft.server.rpc.request.timeout = 60s (custom)
2023-06-02 19:46:32,870 [42efe73c-3d9d-41e2-b05d-c69b43a81cba-groupManagement] INFO  server.RaftServerConfigKeys (ConfUtils.java:logGet(46)) - raft.server.log.appender.install.snapshot.enabled = false (custom)
2023-06-02 19:46:32,870 [42efe73c-3d9d-41e2-b05d-c69b43a81cba-groupManagement] INFO  server.RaftServerConfigKeys (ConfUtils.java:logGet(46)) - raft.server.threadpool.server.cached = true (default)
2023-06-02 19:46:32,870 [42efe73c-3d9d-41e2-b05d-c69b43a81cba-groupManagement] INFO  server.RaftServerConfigKeys (ConfUtils.java:logGet(46)) - raft.server.threadpool.server.size = 0 (default)
2023-06-02 19:46:32,870 [42efe73c-3d9d-41e2-b05d-c69b43a81cba-groupManagement] INFO  server.RaftServerConfigKeys (ConfUtils.java:logGet(46)) - raft.server.threadpool.client.cached = true (default)
2023-06-02 19:46:32,870 [42efe73c-3d9d-41e2-b05d-c69b43a81cba-groupManagement] INFO  server.RaftServerConfigKeys (ConfUtils.java:logGet(46)) - raft.server.threadpool.client.size = 0 (default)
2023-06-02 19:46:32,870 [42efe73c-3d9d-41e2-b05d-c69b43a81cba-groupManagement] INFO  storage.RaftStorageDirectory (RaftStorageDirectoryImpl.java:analyzeStorage(137)) - The storage directory /home/runner/work/ozone/ozone/hadoop-ozone/integration-test/target/test-dir/MiniOzoneClusterImpl-e4789928-4fd4-479e-857e-ac334458de01/datanode-3/data/ratis/352e2afc-c078-428a-ace7-cb39d489bd91 does not exist. Creating ...
2023-06-02 19:46:32,873 [42efe73c-3d9d-41e2-b05d-c69b43a81cba-groupManagement] INFO  storage.RaftStorageDirectory (RaftStorageDirectoryImpl.java:tryLock(231)) - Lock on /home/runner/work/ozone/ozone/hadoop-ozone/integration-test/target/test-dir/MiniOzoneClusterImpl-e4789928-4fd4-479e-857e-ac334458de01/datanode-3/data/ratis/352e2afc-c078-428a-ace7-cb39d489bd91/in_use.lock acquired by nodename 54141@fv-az459-618
2023-06-02 19:46:32,877 [42efe73c-3d9d-41e2-b05d-c69b43a81cba-groupManagement] INFO  storage.RaftStorage (RaftStorageImpl.java:format(96)) - Storage directory /home/runner/work/ozone/ozone/hadoop-ozone/integration-test/target/test-dir/MiniOzoneClusterImpl-e4789928-4fd4-479e-857e-ac334458de01/datanode-3/data/ratis/352e2afc-c078-428a-ace7-cb39d489bd91 has been successfully formatted.
2023-06-02 19:46:32,881 [42efe73c-3d9d-41e2-b05d-c69b43a81cba-groupManagement] INFO  ratis.ContainerStateMachine (ContainerStateMachine.java:loadSnapshot(262)) - group-CB39D489BD91: The snapshot info is null. Setting the last applied indexto:(t:0, i:~)
2023-06-02 19:46:32,881 [42efe73c-3d9d-41e2-b05d-c69b43a81cba-groupManagement] INFO  server.RaftServerConfigKeys (ConfUtils.java:logGet(46)) - raft.server.log.use.memory = false (default)
2023-06-02 19:46:32,881 [42efe73c-3d9d-41e2-b05d-c69b43a81cba-groupManagement] INFO  server.RaftServerConfigKeys (ConfUtils.java:logGet(46)) - raft.server.log.purge.gap = 1000000 (custom)
2023-06-02 19:46:32,881 [42efe73c-3d9d-41e2-b05d-c69b43a81cba-groupManagement] INFO  server.RaftServerConfigKeys (ConfUtils.java:logGet(46)) - raft.server.log.appender.buffer.byte-limit = 33554432 (custom)
2023-06-02 19:46:32,881 [42efe73c-3d9d-41e2-b05d-c69b43a81cba-groupManagement] INFO  server.RaftServerConfigKeys (ConfUtils.java:logGet(46)) - raft.server.log.statemachine.data.read.timeout = 1000ms (default)
2023-06-02 19:46:32,881 [42efe73c-3d9d-41e2-b05d-c69b43a81cba-groupManagement] INFO  server.RaftServerConfigKeys (ConfUtils.java:logGet(46)) - raft.server.log.purge.preservation.log.num = 0 (default)
2023-06-02 19:46:32,881 [42efe73c-3d9d-41e2-b05d-c69b43a81cba-groupManagement] INFO  server.RaftServerConfigKeys (ConfUtils.java:logGet(46)) - raft.server.log.segment.size.max = 1048576 (custom)
2023-06-02 19:46:32,882 [42efe73c-3d9d-41e2-b05d-c69b43a81cba-groupManagement] INFO  server.RaftServerConfigKeys (ConfUtils.java:logGet(46)) - raft.server.log.segment.cache.num.max = 2 (custom)
2023-06-02 19:46:32,882 [42efe73c-3d9d-41e2-b05d-c69b43a81cba-groupManagement] INFO  server.RaftServerConfigKeys (ConfUtils.java:logGet(46)) - raft.server.log.segment.cache.size.max = 200MB (=209715200) (default)
2023-06-02 19:46:32,882 [42efe73c-3d9d-41e2-b05d-c69b43a81cba-groupManagement] INFO  server.RaftServerConfigKeys (ConfUtils.java:logGet(46)) - raft.server.log.appender.buffer.byte-limit = 33554432 (custom)
2023-06-02 19:46:32,882 [42efe73c-3d9d-41e2-b05d-c69b43a81cba-groupManagement] INFO  segmented.SegmentedRaftLogWorker (SegmentedRaftLogWorker.java:<init>(188)) - new 42efe73c-3d9d-41e2-b05d-c69b43a81cba@group-CB39D489BD91-SegmentedRaftLogWorker for RaftStorageImpl:Storage Directory /home/runner/work/ozone/ozone/hadoop-ozone/integration-test/target/test-dir/MiniOzoneClusterImpl-e4789928-4fd4-479e-857e-ac334458de01/datanode-3/data/ratis/352e2afc-c078-428a-ace7-cb39d489bd91
2023-06-02 19:46:32,882 [42efe73c-3d9d-41e2-b05d-c69b43a81cba-groupManagement] INFO  server.RaftServerConfigKeys (ConfUtils.java:logGet(46)) - raft.server.log.queue.byte-limit = 4294967296 (custom)
2023-06-02 19:46:32,882 [42efe73c-3d9d-41e2-b05d-c69b43a81cba-groupManagement] INFO  server.RaftServerConfigKeys (ConfUtils.java:logGet(46)) - raft.server.log.queue.element-limit = 1024 (custom)
2023-06-02 19:46:32,882 [42efe73c-3d9d-41e2-b05d-c69b43a81cba-groupManagement] INFO  server.RaftServerConfigKeys (ConfUtils.java:logGet(46)) - raft.server.log.segment.size.max = 1048576 (custom)
2023-06-02 19:46:32,883 [42efe73c-3d9d-41e2-b05d-c69b43a81cba-groupManagement] INFO  server.RaftServerConfigKeys (ConfUtils.java:logGet(46)) - raft.server.log.preallocated.size = 16384 (custom)
2023-06-02 19:46:32,883 [42efe73c-3d9d-41e2-b05d-c69b43a81cba-groupManagement] INFO  server.RaftServerConfigKeys (ConfUtils.java:logGet(46)) - raft.server.log.force.sync.num = 128 (default)
2023-06-02 19:46:32,883 [42efe73c-3d9d-41e2-b05d-c69b43a81cba-groupManagement] INFO  server.RaftServerConfigKeys (ConfUtils.java:logGet(46)) - raft.server.log.statemachine.data.sync = true (default)
2023-06-02 19:46:32,883 [42efe73c-3d9d-41e2-b05d-c69b43a81cba-groupManagement] INFO  server.RaftServerConfigKeys (ConfUtils.java:logGet(46)) - raft.server.log.statemachine.data.sync.timeout = 10s (default)
2023-06-02 19:46:32,883 [42efe73c-3d9d-41e2-b05d-c69b43a81cba-groupManagement] INFO  server.RaftServerConfigKeys (ConfUtils.java:logGet(46)) - raft.server.log.statemachine.data.sync.timeout.retry = -1 (default)
2023-06-02 19:46:32,885 [42efe73c-3d9d-41e2-b05d-c69b43a81cba-groupManagement] INFO  server.RaftServerConfigKeys (ConfUtils.java:logGet(46)) - raft.server.log.write.buffer.size = 1048576 (custom)
2023-06-02 19:46:32,886 [42efe73c-3d9d-41e2-b05d-c69b43a81cba-groupManagement] INFO  server.RaftServerConfigKeys (ConfUtils.java:logGet(46)) - raft.server.log.appender.buffer.byte-limit = 33554432 (custom)
2023-06-02 19:46:32,897 [42efe73c-3d9d-41e2-b05d-c69b43a81cba-groupManagement] INFO  server.RaftServerConfigKeys (ConfUtils.java:logGet(46)) - raft.server.log.unsafe-flush.enabled = false (default)
2023-06-02 19:46:32,897 [42efe73c-3d9d-41e2-b05d-c69b43a81cba-groupManagement] INFO  server.RaftServerConfigKeys (ConfUtils.java:logGet(46)) - raft.server.log.async-flush.enabled = false (default)
2023-06-02 19:46:32,897 [42efe73c-3d9d-41e2-b05d-c69b43a81cba-groupManagement] INFO  server.RaftServerConfigKeys (ConfUtils.java:logGet(46)) - raft.server.log.statemachine.data.caching.enabled = true (custom)
2023-06-02 19:46:32,897 [42efe73c-3d9d-41e2-b05d-c69b43a81cba-groupManagement] INFO  segmented.SegmentedRaftLogWorker (SegmentedRaftLogWorker.java:lambda$new$0(135)) - 42efe73c-3d9d-41e2-b05d-c69b43a81cba@group-CB39D489BD91-SegmentedRaftLogWorker: flushIndex: setUnconditionally 0 -> -1
2023-06-02 19:46:32,897 [42efe73c-3d9d-41e2-b05d-c69b43a81cba-groupManagement] INFO  segmented.SegmentedRaftLogWorker (SegmentedRaftLogWorker.java:lambda$new$0(135)) - 42efe73c-3d9d-41e2-b05d-c69b43a81cba@group-CB39D489BD91-SegmentedRaftLogWorker: safeCacheEvictIndex: setUnconditionally 0 -> -1
2023-06-02 19:46:32,898 [42efe73c-3d9d-41e2-b05d-c69b43a81cba-groupManagement] INFO  server.RaftServer$Division (RaftServerImpl.java:start(342)) - 42efe73c-3d9d-41e2-b05d-c69b43a81cba@group-CB39D489BD91: start as a follower, conf=-1: peers:[3e53829d-da6c-4746-b554-01bfe538e40e|rpc:10.1.26.0:15050|admin:10.1.26.0:15049|client:10.1.26.0:15048|dataStream:10.1.26.0:15051|priority:0|startupRole:FOLLOWER, f093f0f1-7dc1-44fa-8249-a003f257e421|rpc:10.1.26.0:15059|admin:10.1.26.0:15058|client:10.1.26.0:15057|dataStream:10.1.26.0:15060|priority:1|startupRole:FOLLOWER, 42efe73c-3d9d-41e2-b05d-c69b43a81cba|rpc:10.1.26.0:15041|admin:10.1.26.0:15040|client:10.1.26.0:15039|dataStream:10.1.26.0:15042|priority:0|startupRole:FOLLOWER]|listeners:[], old=null
2023-06-02 19:46:32,898 [42efe73c-3d9d-41e2-b05d-c69b43a81cba-groupManagement] INFO  server.RaftServer$Division (RaftServerImpl.java:setRole(329)) - 42efe73c-3d9d-41e2-b05d-c69b43a81cba@group-CB39D489BD91: changes role from      null to FOLLOWER at term 0 for startAsFollower
2023-06-02 19:46:32,898 [42efe73c-3d9d-41e2-b05d-c69b43a81cba-groupManagement] INFO  impl.RoleInfo (RoleInfo.java:updateAndGet(139)) - 42efe73c-3d9d-41e2-b05d-c69b43a81cba: start 42efe73c-3d9d-41e2-b05d-c69b43a81cba@group-CB39D489BD91-FollowerState
2023-06-02 19:46:32,898 [42efe73c-3d9d-41e2-b05d-c69b43a81cba-groupManagement] INFO  util.JmxRegister (JmxRegister.java:tryRegister(44)) - Successfully registered JMX Bean with object name Ratis:service=RaftServer,group=group-CB39D489BD91,id=42efe73c-3d9d-41e2-b05d-c69b43a81cba
2023-06-02 19:46:32,898 [42efe73c-3d9d-41e2-b05d-c69b43a81cba-groupManagement] INFO  server.RaftServerConfigKeys (ConfUtils.java:logGet(46)) - raft.server.snapshot.auto.trigger.enabled = true (custom)
2023-06-02 19:46:32,898 [42efe73c-3d9d-41e2-b05d-c69b43a81cba-groupManagement] INFO  server.RaftServerConfigKeys (ConfUtils.java:logGet(46)) - raft.server.snapshot.auto.trigger.threshold = 10000 (custom)
2023-06-02 19:46:32,899 [42efe73c-3d9d-41e2-b05d-c69b43a81cba-groupManagement] INFO  server.RaftServerConfigKeys (ConfUtils.java:logGet(46)) - raft.server.snapshot.retention.file.num = 5 (custom)
2023-06-02 19:46:32,899 [42efe73c-3d9d-41e2-b05d-c69b43a81cba-groupManagement] INFO  server.RaftServerConfigKeys (ConfUtils.java:logGet(46)) - raft.server.log.purge.upto.snapshot.index = false (default)
2023-06-02 19:46:32,899 [42efe73c-3d9d-41e2-b05d-c69b43a81cba@group-CB39D489BD91-FollowerState] INFO  server.RaftServerConfigKeys (ConfUtils.java:logFallback(53)) - raft.server.rpc.first-election.timeout.min = 5s (fallback to raft.server.rpc.timeout.min)
2023-06-02 19:46:32,899 [42efe73c-3d9d-41e2-b05d-c69b43a81cba@group-CB39D489BD91-FollowerState] INFO  server.RaftServerConfigKeys (ConfUtils.java:logFallback(53)) - raft.server.rpc.first-election.timeout.max = 5200ms (fallback to raft.server.rpc.timeout.max)
2023-06-02 19:46:32,900 [PipelineCommandHandlerThread-0] INFO  ratis.XceiverServerRatis (XceiverServerRatis.java:addGroup(804)) - Created group PipelineID=352e2afc-c078-428a-ace7-cb39d489bd91
2023-06-02 19:46:32,918 [grpc-default-executor-0] INFO  server.RaftServer (RaftServerProxy.java:addNew(98)) - f093f0f1-7dc1-44fa-8249-a003f257e421: addNew group-CB39D489BD91:[3e53829d-da6c-4746-b554-01bfe538e40e|rpc:10.1.26.0:15050|admin:10.1.26.0:15049|client:10.1.26.0:15048|dataStream:10.1.26.0:15051|priority:0|startupRole:FOLLOWER, f093f0f1-7dc1-44fa-8249-a003f257e421|rpc:10.1.26.0:15059|admin:10.1.26.0:15058|client:10.1.26.0:15057|dataStream:10.1.26.0:15060|priority:1|startupRole:FOLLOWER, 42efe73c-3d9d-41e2-b05d-c69b43a81cba|rpc:10.1.26.0:15041|admin:10.1.26.0:15040|client:10.1.26.0:15039|dataStream:10.1.26.0:15042|priority:0|startupRole:FOLLOWER] returns group-CB39D489BD91:java.util.concurrent.CompletableFuture@5125c592[Not completed]
2023-06-02 19:46:32,920 [f093f0f1-7dc1-44fa-8249-a003f257e421-groupManagement] INFO  server.RaftServer$Division (RaftServerImpl.java:<init>(198)) - f093f0f1-7dc1-44fa-8249-a003f257e421: new RaftServerImpl for group-CB39D489BD91:[3e53829d-da6c-4746-b554-01bfe538e40e|rpc:10.1.26.0:15050|admin:10.1.26.0:15049|client:10.1.26.0:15048|dataStream:10.1.26.0:15051|priority:0|startupRole:FOLLOWER, f093f0f1-7dc1-44fa-8249-a003f257e421|rpc:10.1.26.0:15059|admin:10.1.26.0:15058|client:10.1.26.0:15057|dataStream:10.1.26.0:15060|priority:1|startupRole:FOLLOWER, 42efe73c-3d9d-41e2-b05d-c69b43a81cba|rpc:10.1.26.0:15041|admin:10.1.26.0:15040|client:10.1.26.0:15039|dataStream:10.1.26.0:15042|priority:0|startupRole:FOLLOWER] with ContainerStateMachine:uninitialized
2023-06-02 19:46:32,920 [f093f0f1-7dc1-44fa-8249-a003f257e421-groupManagement] INFO  server.RaftServerConfigKeys (ConfUtils.java:logGet(46)) - raft.server.rpc.timeout.min = 5s (custom)
2023-06-02 19:46:32,920 [f093f0f1-7dc1-44fa-8249-a003f257e421-groupManagement] INFO  server.RaftServerConfigKeys (ConfUtils.java:logGet(46)) - raft.server.rpc.timeout.max = 5200ms (custom)
2023-06-02 19:46:32,920 [f093f0f1-7dc1-44fa-8249-a003f257e421-groupManagement] INFO  server.RaftServerConfigKeys (ConfUtils.java:logGet(46)) - raft.server.rpc.sleep.time = 25ms (default)
2023-06-02 19:46:32,920 [f093f0f1-7dc1-44fa-8249-a003f257e421-groupManagement] INFO  server.RaftServerConfigKeys (ConfUtils.java:logGet(46)) - raft.server.rpc.slowness.timeout = 300s (custom)
2023-06-02 19:46:32,920 [f093f0f1-7dc1-44fa-8249-a003f257e421-groupManagement] INFO  server.RaftServerConfigKeys (ConfUtils.java:logGet(46)) - raft.server.leaderelection.leader.step-down.wait-time = 10s (default)
2023-06-02 19:46:32,920 [f093f0f1-7dc1-44fa-8249-a003f257e421-groupManagement] INFO  server.RaftServerConfigKeys (ConfUtils.java:logGet(46)) - raft.server.sleep.deviation.threshold = 300ms (default)
2023-06-02 19:46:32,920 [f093f0f1-7dc1-44fa-8249-a003f257e421-groupManagement] INFO  server.RaftServer$Division (ServerState.java:<init>(120)) - f093f0f1-7dc1-44fa-8249-a003f257e421@group-CB39D489BD91: ConfigurationManager, init=-1: peers:[3e53829d-da6c-4746-b554-01bfe538e40e|rpc:10.1.26.0:15050|admin:10.1.26.0:15049|client:10.1.26.0:15048|dataStream:10.1.26.0:15051|priority:0|startupRole:FOLLOWER, f093f0f1-7dc1-44fa-8249-a003f257e421|rpc:10.1.26.0:15059|admin:10.1.26.0:15058|client:10.1.26.0:15057|dataStream:10.1.26.0:15060|priority:1|startupRole:FOLLOWER, 42efe73c-3d9d-41e2-b05d-c69b43a81cba|rpc:10.1.26.0:15041|admin:10.1.26.0:15040|client:10.1.26.0:15039|dataStream:10.1.26.0:15042|priority:0|startupRole:FOLLOWER]|listeners:[], old=null, confs=<EMPTY_MAP>
2023-06-02 19:46:32,920 [f093f0f1-7dc1-44fa-8249-a003f257e421-groupManagement] INFO  server.RaftServerConfigKeys (ConfUtils.java:logGet(46)) - raft.server.storage.dir = [/home/runner/work/ozone/ozone/hadoop-ozone/integration-test/target/test-dir/MiniOzoneClusterImpl-e4789928-4fd4-479e-857e-ac334458de01/datanode-5/data/ratis] (custom)
2023-06-02 19:46:32,922 [f093f0f1-7dc1-44fa-8249-a003f257e421-groupManagement] INFO  server.RaftServerConfigKeys (ConfUtils.java:logGet(46)) - raft.server.log.corruption.policy = EXCEPTION (default)
2023-06-02 19:46:32,922 [f093f0f1-7dc1-44fa-8249-a003f257e421-groupManagement] INFO  server.RaftServerConfigKeys (ConfUtils.java:logGet(46)) - raft.server.storage.free-space.min = 0MB (=0) (default)
2023-06-02 19:46:32,924 [f093f0f1-7dc1-44fa-8249-a003f257e421-groupManagement] INFO  server.RaftServerConfigKeys (ConfUtils.java:logGet(46)) - raft.server.notification.no-leader.timeout = 300s (custom)
2023-06-02 19:46:32,924 [f093f0f1-7dc1-44fa-8249-a003f257e421-groupManagement] INFO  server.RaftServerConfigKeys (ConfUtils.java:logGet(46)) - raft.server.read.timeout = 10s (default)
2023-06-02 19:46:32,924 [f093f0f1-7dc1-44fa-8249-a003f257e421-groupManagement] INFO  server.RaftServerConfigKeys (ConfUtils.java:logGet(46)) - raft.server.retrycache.expirytime = 600000ms (custom)
2023-06-02 19:46:32,924 [f093f0f1-7dc1-44fa-8249-a003f257e421-groupManagement] INFO  server.RaftServerConfigKeys (ConfUtils.java:logGet(46)) - raft.server.retrycache.statistics.expirytime = 100μs (default)
2023-06-02 19:46:32,924 [f093f0f1-7dc1-44fa-8249-a003f257e421-groupManagement] INFO  server.RaftServerConfigKeys (ConfUtils.java:logGet(46)) - raft.server.read.option = DEFAULT (default)
2023-06-02 19:46:32,926 [f093f0f1-7dc1-44fa-8249-a003f257e421-groupManagement] INFO  server.RaftServerConfigKeys (ConfUtils.java:logGet(46)) - raft.server.rpc.request.timeout = 60s (custom)
2023-06-02 19:46:32,926 [f093f0f1-7dc1-44fa-8249-a003f257e421-groupManagement] INFO  server.RaftServerConfigKeys (ConfUtils.java:logGet(46)) - raft.server.log.appender.install.snapshot.enabled = false (custom)
2023-06-02 19:46:32,926 [f093f0f1-7dc1-44fa-8249-a003f257e421-groupManagement] INFO  server.RaftServerConfigKeys (ConfUtils.java:logGet(46)) - raft.server.threadpool.server.cached = true (default)
2023-06-02 19:46:32,926 [f093f0f1-7dc1-44fa-8249-a003f257e421-groupManagement] INFO  server.RaftServerConfigKeys (ConfUtils.java:logGet(46)) - raft.server.threadpool.server.size = 0 (default)
2023-06-02 19:46:32,926 [f093f0f1-7dc1-44fa-8249-a003f257e421-groupManagement] INFO  server.RaftServerConfigKeys (ConfUtils.java:logGet(46)) - raft.server.threadpool.client.cached = true (default)
2023-06-02 19:46:32,926 [f093f0f1-7dc1-44fa-8249-a003f257e421-groupManagement] INFO  server.RaftServerConfigKeys (ConfUtils.java:logGet(46)) - raft.server.threadpool.client.size = 0 (default)
2023-06-02 19:46:32,927 [f093f0f1-7dc1-44fa-8249-a003f257e421-groupManagement] INFO  storage.RaftStorageDirectory (RaftStorageDirectoryImpl.java:analyzeStorage(137)) - The storage directory /home/runner/work/ozone/ozone/hadoop-ozone/integration-test/target/test-dir/MiniOzoneClusterImpl-e4789928-4fd4-479e-857e-ac334458de01/datanode-5/data/ratis/352e2afc-c078-428a-ace7-cb39d489bd91 does not exist. Creating ...
2023-06-02 19:46:32,928 [f093f0f1-7dc1-44fa-8249-a003f257e421-groupManagement] INFO  storage.RaftStorageDirectory (RaftStorageDirectoryImpl.java:tryLock(231)) - Lock on /home/runner/work/ozone/ozone/hadoop-ozone/integration-test/target/test-dir/MiniOzoneClusterImpl-e4789928-4fd4-479e-857e-ac334458de01/datanode-5/data/ratis/352e2afc-c078-428a-ace7-cb39d489bd91/in_use.lock acquired by nodename 54141@fv-az459-618
2023-06-02 19:46:32,929 [f093f0f1-7dc1-44fa-8249-a003f257e421-groupManagement] INFO  storage.RaftStorage (RaftStorageImpl.java:format(96)) - Storage directory /home/runner/work/ozone/ozone/hadoop-ozone/integration-test/target/test-dir/MiniOzoneClusterImpl-e4789928-4fd4-479e-857e-ac334458de01/datanode-5/data/ratis/352e2afc-c078-428a-ace7-cb39d489bd91 has been successfully formatted.
2023-06-02 19:46:32,932 [f093f0f1-7dc1-44fa-8249-a003f257e421-groupManagement] INFO  ratis.ContainerStateMachine (ContainerStateMachine.java:loadSnapshot(262)) - group-CB39D489BD91: The snapshot info is null. Setting the last applied indexto:(t:0, i:~)
2023-06-02 19:46:32,933 [f093f0f1-7dc1-44fa-8249-a003f257e421-groupManagement] INFO  server.RaftServerConfigKeys (ConfUtils.java:logGet(46)) - raft.server.log.use.memory = false (default)
2023-06-02 19:46:32,933 [f093f0f1-7dc1-44fa-8249-a003f257e421-groupManagement] INFO  server.RaftServerConfigKeys (ConfUtils.java:logGet(46)) - raft.server.log.purge.gap = 1000000 (custom)
2023-06-02 19:46:32,933 [f093f0f1-7dc1-44fa-8249-a003f257e421-groupManagement] INFO  server.RaftServerConfigKeys (ConfUtils.java:logGet(46)) - raft.server.log.appender.buffer.byte-limit = 33554432 (custom)
2023-06-02 19:46:32,933 [f093f0f1-7dc1-44fa-8249-a003f257e421-groupManagement] INFO  server.RaftServerConfigKeys (ConfUtils.java:logGet(46)) - raft.server.log.statemachine.data.read.timeout = 1000ms (default)
2023-06-02 19:46:32,933 [f093f0f1-7dc1-44fa-8249-a003f257e421-groupManagement] INFO  server.RaftServerConfigKeys (ConfUtils.java:logGet(46)) - raft.server.log.purge.preservation.log.num = 0 (default)
2023-06-02 19:46:32,933 [f093f0f1-7dc1-44fa-8249-a003f257e421-groupManagement] INFO  server.RaftServerConfigKeys (ConfUtils.java:logGet(46)) - raft.server.log.segment.size.max = 1048576 (custom)
2023-06-02 19:46:32,934 [f093f0f1-7dc1-44fa-8249-a003f257e421-groupManagement] INFO  server.RaftServerConfigKeys (ConfUtils.java:logGet(46)) - raft.server.log.segment.cache.num.max = 2 (custom)
2023-06-02 19:46:32,934 [f093f0f1-7dc1-44fa-8249-a003f257e421-groupManagement] INFO  server.RaftServerConfigKeys (ConfUtils.java:logGet(46)) - raft.server.log.segment.cache.size.max = 200MB (=209715200) (default)
2023-06-02 19:46:32,934 [f093f0f1-7dc1-44fa-8249-a003f257e421-groupManagement] INFO  server.RaftServerConfigKeys (ConfUtils.java:logGet(46)) - raft.server.log.appender.buffer.byte-limit = 33554432 (custom)
2023-06-02 19:46:32,934 [f093f0f1-7dc1-44fa-8249-a003f257e421-groupManagement] INFO  segmented.SegmentedRaftLogWorker (SegmentedRaftLogWorker.java:<init>(188)) - new f093f0f1-7dc1-44fa-8249-a003f257e421@group-CB39D489BD91-SegmentedRaftLogWorker for RaftStorageImpl:Storage Directory /home/runner/work/ozone/ozone/hadoop-ozone/integration-test/target/test-dir/MiniOzoneClusterImpl-e4789928-4fd4-479e-857e-ac334458de01/datanode-5/data/ratis/352e2afc-c078-428a-ace7-cb39d489bd91
2023-06-02 19:46:32,934 [f093f0f1-7dc1-44fa-8249-a003f257e421-groupManagement] INFO  server.RaftServerConfigKeys (ConfUtils.java:logGet(46)) - raft.server.log.queue.byte-limit = 4294967296 (custom)
2023-06-02 19:46:32,934 [f093f0f1-7dc1-44fa-8249-a003f257e421-groupManagement] INFO  server.RaftServerConfigKeys (ConfUtils.java:logGet(46)) - raft.server.log.queue.element-limit = 1024 (custom)
2023-06-02 19:46:32,934 [f093f0f1-7dc1-44fa-8249-a003f257e421-groupManagement] INFO  server.RaftServerConfigKeys (ConfUtils.java:logGet(46)) - raft.server.log.segment.size.max = 1048576 (custom)
2023-06-02 19:46:32,935 [f093f0f1-7dc1-44fa-8249-a003f257e421-groupManagement] INFO  server.RaftServerConfigKeys (ConfUtils.java:logGet(46)) - raft.server.log.preallocated.size = 16384 (custom)
2023-06-02 19:46:32,935 [f093f0f1-7dc1-44fa-8249-a003f257e421-groupManagement] INFO  server.RaftServerConfigKeys (ConfUtils.java:logGet(46)) - raft.server.log.force.sync.num = 128 (default)
2023-06-02 19:46:32,935 [f093f0f1-7dc1-44fa-8249-a003f257e421-groupManagement] INFO  server.RaftServerConfigKeys (ConfUtils.java:logGet(46)) - raft.server.log.statemachine.data.sync = true (default)
2023-06-02 19:46:32,935 [f093f0f1-7dc1-44fa-8249-a003f257e421-groupManagement] INFO  server.RaftServerConfigKeys (ConfUtils.java:logGet(46)) - raft.server.log.statemachine.data.sync.timeout = 10s (default)
2023-06-02 19:46:32,935 [f093f0f1-7dc1-44fa-8249-a003f257e421-groupManagement] INFO  server.RaftServerConfigKeys (ConfUtils.java:logGet(46)) - raft.server.log.statemachine.data.sync.timeout.retry = -1 (default)
2023-06-02 19:46:32,937 [f093f0f1-7dc1-44fa-8249-a003f257e421-groupManagement] INFO  server.RaftServerConfigKeys (ConfUtils.java:logGet(46)) - raft.server.log.write.buffer.size = 1048576 (custom)
2023-06-02 19:46:32,938 [f093f0f1-7dc1-44fa-8249-a003f257e421-groupManagement] INFO  server.RaftServerConfigKeys (ConfUtils.java:logGet(46)) - raft.server.log.appender.buffer.byte-limit = 33554432 (custom)
2023-06-02 19:46:32,949 [f093f0f1-7dc1-44fa-8249-a003f257e421-groupManagement] INFO  server.RaftServerConfigKeys (ConfUtils.java:logGet(46)) - raft.server.log.unsafe-flush.enabled = false (default)
2023-06-02 19:46:32,949 [f093f0f1-7dc1-44fa-8249-a003f257e421-groupManagement] INFO  server.RaftServerConfigKeys (ConfUtils.java:logGet(46)) - raft.server.log.async-flush.enabled = false (default)
2023-06-02 19:46:32,949 [f093f0f1-7dc1-44fa-8249-a003f257e421-groupManagement] INFO  server.RaftServerConfigKeys (ConfUtils.java:logGet(46)) - raft.server.log.statemachine.data.caching.enabled = true (custom)
2023-06-02 19:46:32,950 [f093f0f1-7dc1-44fa-8249-a003f257e421-groupManagement] INFO  segmented.SegmentedRaftLogWorker (SegmentedRaftLogWorker.java:lambda$new$0(135)) - f093f0f1-7dc1-44fa-8249-a003f257e421@group-CB39D489BD91-SegmentedRaftLogWorker: flushIndex: setUnconditionally 0 -> -1
2023-06-02 19:46:32,950 [f093f0f1-7dc1-44fa-8249-a003f257e421-groupManagement] INFO  segmented.SegmentedRaftLogWorker (SegmentedRaftLogWorker.java:lambda$new$0(135)) - f093f0f1-7dc1-44fa-8249-a003f257e421@group-CB39D489BD91-SegmentedRaftLogWorker: safeCacheEvictIndex: setUnconditionally 0 -> -1
2023-06-02 19:46:32,950 [f093f0f1-7dc1-44fa-8249-a003f257e421-groupManagement] INFO  server.RaftServer$Division (RaftServerImpl.java:start(342)) - f093f0f1-7dc1-44fa-8249-a003f257e421@group-CB39D489BD91: start as a follower, conf=-1: peers:[3e53829d-da6c-4746-b554-01bfe538e40e|rpc:10.1.26.0:15050|admin:10.1.26.0:15049|client:10.1.26.0:15048|dataStream:10.1.26.0:15051|priority:0|startupRole:FOLLOWER, f093f0f1-7dc1-44fa-8249-a003f257e421|rpc:10.1.26.0:15059|admin:10.1.26.0:15058|client:10.1.26.0:15057|dataStream:10.1.26.0:15060|priority:1|startupRole:FOLLOWER, 42efe73c-3d9d-41e2-b05d-c69b43a81cba|rpc:10.1.26.0:15041|admin:10.1.26.0:15040|client:10.1.26.0:15039|dataStream:10.1.26.0:15042|priority:0|startupRole:FOLLOWER]|listeners:[], old=null
2023-06-02 19:46:32,950 [f093f0f1-7dc1-44fa-8249-a003f257e421-groupManagement] INFO  server.RaftServer$Division (RaftServerImpl.java:setRole(329)) - f093f0f1-7dc1-44fa-8249-a003f257e421@group-CB39D489BD91: changes role from      null to FOLLOWER at term 0 for startAsFollower
2023-06-02 19:46:32,950 [f093f0f1-7dc1-44fa-8249-a003f257e421-groupManagement] INFO  impl.RoleInfo (RoleInfo.java:updateAndGet(139)) - f093f0f1-7dc1-44fa-8249-a003f257e421: start f093f0f1-7dc1-44fa-8249-a003f257e421@group-CB39D489BD91-FollowerState
2023-06-02 19:46:32,951 [f093f0f1-7dc1-44fa-8249-a003f257e421-groupManagement] INFO  util.JmxRegister (JmxRegister.java:tryRegister(44)) - Successfully registered JMX Bean with object name Ratis:service=RaftServer,group=group-CB39D489BD91,id=f093f0f1-7dc1-44fa-8249-a003f257e421
2023-06-02 19:46:32,951 [f093f0f1-7dc1-44fa-8249-a003f257e421-groupManagement] INFO  server.RaftServerConfigKeys (ConfUtils.java:logGet(46)) - raft.server.snapshot.auto.trigger.enabled = true (custom)
2023-06-02 19:46:32,951 [f093f0f1-7dc1-44fa-8249-a003f257e421-groupManagement] INFO  server.RaftServerConfigKeys (ConfUtils.java:logGet(46)) - raft.server.snapshot.auto.trigger.threshold = 10000 (custom)
2023-06-02 19:46:32,951 [f093f0f1-7dc1-44fa-8249-a003f257e421-groupManagement] INFO  server.RaftServerConfigKeys (ConfUtils.java:logGet(46)) - raft.server.snapshot.retention.file.num = 5 (custom)
2023-06-02 19:46:32,951 [f093f0f1-7dc1-44fa-8249-a003f257e421-groupManagement] INFO  server.RaftServerConfigKeys (ConfUtils.java:logGet(46)) - raft.server.log.purge.upto.snapshot.index = false (default)
2023-06-02 19:46:32,952 [f093f0f1-7dc1-44fa-8249-a003f257e421@group-CB39D489BD91-FollowerState] INFO  server.RaftServerConfigKeys (ConfUtils.java:logFallback(53)) - raft.server.rpc.first-election.timeout.min = 5s (fallback to raft.server.rpc.timeout.min)
2023-06-02 19:46:32,952 [f093f0f1-7dc1-44fa-8249-a003f257e421@group-CB39D489BD91-FollowerState] INFO  server.RaftServerConfigKeys (ConfUtils.java:logFallback(53)) - raft.server.rpc.first-election.timeout.max = 5200ms (fallback to raft.server.rpc.timeout.max)
2023-06-02 19:46:32,986 [grpc-default-executor-0] INFO  server.RaftServer (RaftServerProxy.java:addNew(98)) - 3e53829d-da6c-4746-b554-01bfe538e40e: addNew group-CB39D489BD91:[3e53829d-da6c-4746-b554-01bfe538e40e|rpc:10.1.26.0:15050|admin:10.1.26.0:15049|client:10.1.26.0:15048|dataStream:10.1.26.0:15051|priority:0|startupRole:FOLLOWER, f093f0f1-7dc1-44fa-8249-a003f257e421|rpc:10.1.26.0:15059|admin:10.1.26.0:15058|client:10.1.26.0:15057|dataStream:10.1.26.0:15060|priority:1|startupRole:FOLLOWER, 42efe73c-3d9d-41e2-b05d-c69b43a81cba|rpc:10.1.26.0:15041|admin:10.1.26.0:15040|client:10.1.26.0:15039|dataStream:10.1.26.0:15042|priority:0|startupRole:FOLLOWER] returns group-CB39D489BD91:java.util.concurrent.CompletableFuture@1392a76b[Not completed]
2023-06-02 19:46:32,992 [3e53829d-da6c-4746-b554-01bfe538e40e-groupManagement] INFO  server.RaftServer$Division (RaftServerImpl.java:<init>(198)) - 3e53829d-da6c-4746-b554-01bfe538e40e: new RaftServerImpl for group-CB39D489BD91:[3e53829d-da6c-4746-b554-01bfe538e40e|rpc:10.1.26.0:15050|admin:10.1.26.0:15049|client:10.1.26.0:15048|dataStream:10.1.26.0:15051|priority:0|startupRole:FOLLOWER, f093f0f1-7dc1-44fa-8249-a003f257e421|rpc:10.1.26.0:15059|admin:10.1.26.0:15058|client:10.1.26.0:15057|dataStream:10.1.26.0:15060|priority:1|startupRole:FOLLOWER, 42efe73c-3d9d-41e2-b05d-c69b43a81cba|rpc:10.1.26.0:15041|admin:10.1.26.0:15040|client:10.1.26.0:15039|dataStream:10.1.26.0:15042|priority:0|startupRole:FOLLOWER] with ContainerStateMachine:uninitialized
2023-06-02 19:46:32,993 [3e53829d-da6c-4746-b554-01bfe538e40e-groupManagement] INFO  server.RaftServerConfigKeys (ConfUtils.java:logGet(46)) - raft.server.rpc.timeout.min = 5s (custom)
2023-06-02 19:46:32,993 [3e53829d-da6c-4746-b554-01bfe538e40e-groupManagement] INFO  server.RaftServerConfigKeys (ConfUtils.java:logGet(46)) - raft.server.rpc.timeout.max = 5200ms (custom)
2023-06-02 19:46:32,993 [3e53829d-da6c-4746-b554-01bfe538e40e-groupManagement] INFO  server.RaftServerConfigKeys (ConfUtils.java:logGet(46)) - raft.server.rpc.sleep.time = 25ms (default)
2023-06-02 19:46:32,993 [3e53829d-da6c-4746-b554-01bfe538e40e-groupManagement] INFO  server.RaftServerConfigKeys (ConfUtils.java:logGet(46)) - raft.server.rpc.slowness.timeout = 300s (custom)
2023-06-02 19:46:32,993 [3e53829d-da6c-4746-b554-01bfe538e40e-groupManagement] INFO  server.RaftServerConfigKeys (ConfUtils.java:logGet(46)) - raft.server.leaderelection.leader.step-down.wait-time = 10s (default)
2023-06-02 19:46:32,993 [3e53829d-da6c-4746-b554-01bfe538e40e-groupManagement] INFO  server.RaftServerConfigKeys (ConfUtils.java:logGet(46)) - raft.server.sleep.deviation.threshold = 300ms (default)
2023-06-02 19:46:32,993 [3e53829d-da6c-4746-b554-01bfe538e40e-groupManagement] INFO  server.RaftServer$Division (ServerState.java:<init>(120)) - 3e53829d-da6c-4746-b554-01bfe538e40e@group-CB39D489BD91: ConfigurationManager, init=-1: peers:[3e53829d-da6c-4746-b554-01bfe538e40e|rpc:10.1.26.0:15050|admin:10.1.26.0:15049|client:10.1.26.0:15048|dataStream:10.1.26.0:15051|priority:0|startupRole:FOLLOWER, f093f0f1-7dc1-44fa-8249-a003f257e421|rpc:10.1.26.0:15059|admin:10.1.26.0:15058|client:10.1.26.0:15057|dataStream:10.1.26.0:15060|priority:1|startupRole:FOLLOWER, 42efe73c-3d9d-41e2-b05d-c69b43a81cba|rpc:10.1.26.0:15041|admin:10.1.26.0:15040|client:10.1.26.0:15039|dataStream:10.1.26.0:15042|priority:0|startupRole:FOLLOWER]|listeners:[], old=null, confs=<EMPTY_MAP>
2023-06-02 19:46:32,993 [3e53829d-da6c-4746-b554-01bfe538e40e-groupManagement] INFO  server.RaftServerConfigKeys (ConfUtils.java:logGet(46)) - raft.server.storage.dir = [/home/runner/work/ozone/ozone/hadoop-ozone/integration-test/target/test-dir/MiniOzoneClusterImpl-e4789928-4fd4-479e-857e-ac334458de01/datanode-4/data/ratis] (custom)
2023-06-02 19:46:32,993 [3e53829d-da6c-4746-b554-01bfe538e40e-groupManagement] INFO  server.RaftServerConfigKeys (ConfUtils.java:logGet(46)) - raft.server.log.corruption.policy = EXCEPTION (default)
2023-06-02 19:46:32,993 [3e53829d-da6c-4746-b554-01bfe538e40e-groupManagement] INFO  server.RaftServerConfigKeys (ConfUtils.java:logGet(46)) - raft.server.storage.free-space.min = 0MB (=0) (default)
2023-06-02 19:46:32,994 [3e53829d-da6c-4746-b554-01bfe538e40e-groupManagement] INFO  server.RaftServerConfigKeys (ConfUtils.java:logGet(46)) - raft.server.notification.no-leader.timeout = 300s (custom)
2023-06-02 19:46:32,994 [3e53829d-da6c-4746-b554-01bfe538e40e-groupManagement] INFO  server.RaftServerConfigKeys (ConfUtils.java:logGet(46)) - raft.server.read.timeout = 10s (default)
2023-06-02 19:46:32,994 [3e53829d-da6c-4746-b554-01bfe538e40e-groupManagement] INFO  server.RaftServerConfigKeys (ConfUtils.java:logGet(46)) - raft.server.retrycache.expirytime = 600000ms (custom)
2023-06-02 19:46:32,994 [3e53829d-da6c-4746-b554-01bfe538e40e-groupManagement] INFO  server.RaftServerConfigKeys (ConfUtils.java:logGet(46)) - raft.server.retrycache.statistics.expirytime = 100μs (default)
2023-06-02 19:46:32,994 [3e53829d-da6c-4746-b554-01bfe538e40e-groupManagement] INFO  server.RaftServerConfigKeys (ConfUtils.java:logGet(46)) - raft.server.read.option = DEFAULT (default)
2023-06-02 19:46:32,995 [3e53829d-da6c-4746-b554-01bfe538e40e-groupManagement] INFO  server.RaftServerConfigKeys (ConfUtils.java:logGet(46)) - raft.server.rpc.request.timeout = 60s (custom)
2023-06-02 19:46:32,996 [3e53829d-da6c-4746-b554-01bfe538e40e-groupManagement] INFO  server.RaftServerConfigKeys (ConfUtils.java:logGet(46)) - raft.server.log.appender.install.snapshot.enabled = false (custom)
2023-06-02 19:46:32,996 [3e53829d-da6c-4746-b554-01bfe538e40e-groupManagement] INFO  server.RaftServerConfigKeys (ConfUtils.java:logGet(46)) - raft.server.threadpool.server.cached = true (default)
2023-06-02 19:46:32,996 [3e53829d-da6c-4746-b554-01bfe538e40e-groupManagement] INFO  server.RaftServerConfigKeys (ConfUtils.java:logGet(46)) - raft.server.threadpool.server.size = 0 (default)
2023-06-02 19:46:32,996 [3e53829d-da6c-4746-b554-01bfe538e40e-groupManagement] INFO  server.RaftServerConfigKeys (ConfUtils.java:logGet(46)) - raft.server.threadpool.client.cached = true (default)
2023-06-02 19:46:32,996 [3e53829d-da6c-4746-b554-01bfe538e40e-groupManagement] INFO  server.RaftServerConfigKeys (ConfUtils.java:logGet(46)) - raft.server.threadpool.client.size = 0 (default)
2023-06-02 19:46:32,996 [3e53829d-da6c-4746-b554-01bfe538e40e-groupManagement] INFO  storage.RaftStorageDirectory (RaftStorageDirectoryImpl.java:analyzeStorage(137)) - The storage directory /home/runner/work/ozone/ozone/hadoop-ozone/integration-test/target/test-dir/MiniOzoneClusterImpl-e4789928-4fd4-479e-857e-ac334458de01/datanode-4/data/ratis/352e2afc-c078-428a-ace7-cb39d489bd91 does not exist. Creating ...
2023-06-02 19:46:33,000 [3e53829d-da6c-4746-b554-01bfe538e40e-groupManagement] INFO  storage.RaftStorageDirectory (RaftStorageDirectoryImpl.java:tryLock(231)) - Lock on /home/runner/work/ozone/ozone/hadoop-ozone/integration-test/target/test-dir/MiniOzoneClusterImpl-e4789928-4fd4-479e-857e-ac334458de01/datanode-4/data/ratis/352e2afc-c078-428a-ace7-cb39d489bd91/in_use.lock acquired by nodename 54141@fv-az459-618
2023-06-02 19:46:33,001 [3e53829d-da6c-4746-b554-01bfe538e40e-groupManagement] INFO  storage.RaftStorage (RaftStorageImpl.java:format(96)) - Storage directory /home/runner/work/ozone/ozone/hadoop-ozone/integration-test/target/test-dir/MiniOzoneClusterImpl-e4789928-4fd4-479e-857e-ac334458de01/datanode-4/data/ratis/352e2afc-c078-428a-ace7-cb39d489bd91 has been successfully formatted.
2023-06-02 19:46:33,007 [3e53829d-da6c-4746-b554-01bfe538e40e-groupManagement] INFO  ratis.ContainerStateMachine (ContainerStateMachine.java:loadSnapshot(262)) - group-CB39D489BD91: The snapshot info is null. Setting the last applied indexto:(t:0, i:~)
2023-06-02 19:46:33,007 [3e53829d-da6c-4746-b554-01bfe538e40e-groupManagement] INFO  server.RaftServerConfigKeys (ConfUtils.java:logGet(46)) - raft.server.log.use.memory = false (default)
2023-06-02 19:46:33,007 [3e53829d-da6c-4746-b554-01bfe538e40e-groupManagement] INFO  server.RaftServerConfigKeys (ConfUtils.java:logGet(46)) - raft.server.log.purge.gap = 1000000 (custom)
2023-06-02 19:46:33,007 [3e53829d-da6c-4746-b554-01bfe538e40e-groupManagement] INFO  server.RaftServerConfigKeys (ConfUtils.java:logGet(46)) - raft.server.log.appender.buffer.byte-limit = 33554432 (custom)
2023-06-02 19:46:33,008 [3e53829d-da6c-4746-b554-01bfe538e40e-groupManagement] INFO  server.RaftServerConfigKeys (ConfUtils.java:logGet(46)) - raft.server.log.statemachine.data.read.timeout = 1000ms (default)
2023-06-02 19:46:33,008 [3e53829d-da6c-4746-b554-01bfe538e40e-groupManagement] INFO  server.RaftServerConfigKeys (ConfUtils.java:logGet(46)) - raft.server.log.purge.preservation.log.num = 0 (default)
2023-06-02 19:46:33,008 [3e53829d-da6c-4746-b554-01bfe538e40e-groupManagement] INFO  server.RaftServerConfigKeys (ConfUtils.java:logGet(46)) - raft.server.log.segment.size.max = 1048576 (custom)
2023-06-02 19:46:33,008 [3e53829d-da6c-4746-b554-01bfe538e40e-groupManagement] INFO  server.RaftServerConfigKeys (ConfUtils.java:logGet(46)) - raft.server.log.segment.cache.num.max = 2 (custom)
2023-06-02 19:46:33,008 [3e53829d-da6c-4746-b554-01bfe538e40e-groupManagement] INFO  server.RaftServerConfigKeys (ConfUtils.java:logGet(46)) - raft.server.log.segment.cache.size.max = 200MB (=209715200) (default)
2023-06-02 19:46:33,009 [3e53829d-da6c-4746-b554-01bfe538e40e-groupManagement] INFO  server.RaftServerConfigKeys (ConfUtils.java:logGet(46)) - raft.server.log.appender.buffer.byte-limit = 33554432 (custom)
2023-06-02 19:46:33,009 [3e53829d-da6c-4746-b554-01bfe538e40e-groupManagement] INFO  segmented.SegmentedRaftLogWorker (SegmentedRaftLogWorker.java:<init>(188)) - new 3e53829d-da6c-4746-b554-01bfe538e40e@group-CB39D489BD91-SegmentedRaftLogWorker for RaftStorageImpl:Storage Directory /home/runner/work/ozone/ozone/hadoop-ozone/integration-test/target/test-dir/MiniOzoneClusterImpl-e4789928-4fd4-479e-857e-ac334458de01/datanode-4/data/ratis/352e2afc-c078-428a-ace7-cb39d489bd91
2023-06-02 19:46:33,011 [3e53829d-da6c-4746-b554-01bfe538e40e-groupManagement] INFO  server.RaftServerConfigKeys (ConfUtils.java:logGet(46)) - raft.server.log.queue.byte-limit = 4294967296 (custom)
2023-06-02 19:46:33,012 [3e53829d-da6c-4746-b554-01bfe538e40e-groupManagement] INFO  server.RaftServerConfigKeys (ConfUtils.java:logGet(46)) - raft.server.log.queue.element-limit = 1024 (custom)
2023-06-02 19:46:33,012 [3e53829d-da6c-4746-b554-01bfe538e40e-groupManagement] INFO  server.RaftServerConfigKeys (ConfUtils.java:logGet(46)) - raft.server.log.segment.size.max = 1048576 (custom)
2023-06-02 19:46:33,012 [3e53829d-da6c-4746-b554-01bfe538e40e-groupManagement] INFO  server.RaftServerConfigKeys (ConfUtils.java:logGet(46)) - raft.server.log.preallocated.size = 16384 (custom)
2023-06-02 19:46:33,012 [3e53829d-da6c-4746-b554-01bfe538e40e-groupManagement] INFO  server.RaftServerConfigKeys (ConfUtils.java:logGet(46)) - raft.server.log.force.sync.num = 128 (default)
2023-06-02 19:46:33,012 [3e53829d-da6c-4746-b554-01bfe538e40e-groupManagement] INFO  server.RaftServerConfigKeys (ConfUtils.java:logGet(46)) - raft.server.log.statemachine.data.sync = true (default)
2023-06-02 19:46:33,012 [3e53829d-da6c-4746-b554-01bfe538e40e-groupManagement] INFO  server.RaftServerConfigKeys (ConfUtils.java:logGet(46)) - raft.server.log.statemachine.data.sync.timeout = 10s (default)
2023-06-02 19:46:33,012 [3e53829d-da6c-4746-b554-01bfe538e40e-groupManagement] INFO  server.RaftServerConfigKeys (ConfUtils.java:logGet(46)) - raft.server.log.statemachine.data.sync.timeout.retry = -1 (default)
2023-06-02 19:46:33,013 [3e53829d-da6c-4746-b554-01bfe538e40e-groupManagement] INFO  server.RaftServerConfigKeys (ConfUtils.java:logGet(46)) - raft.server.log.write.buffer.size = 1048576 (custom)
2023-06-02 19:46:33,014 [3e53829d-da6c-4746-b554-01bfe538e40e-groupManagement] INFO  server.RaftServerConfigKeys (ConfUtils.java:logGet(46)) - raft.server.log.appender.buffer.byte-limit = 33554432 (custom)
2023-06-02 19:46:33,024 [3e53829d-da6c-4746-b554-01bfe538e40e-groupManagement] INFO  server.RaftServerConfigKeys (ConfUtils.java:logGet(46)) - raft.server.log.unsafe-flush.enabled = false (default)
2023-06-02 19:46:33,025 [3e53829d-da6c-4746-b554-01bfe538e40e-groupManagement] INFO  server.RaftServerConfigKeys (ConfUtils.java:logGet(46)) - raft.server.log.async-flush.enabled = false (default)
2023-06-02 19:46:33,025 [3e53829d-da6c-4746-b554-01bfe538e40e-groupManagement] INFO  server.RaftServerConfigKeys (ConfUtils.java:logGet(46)) - raft.server.log.statemachine.data.caching.enabled = true (custom)
2023-06-02 19:46:33,025 [3e53829d-da6c-4746-b554-01bfe538e40e-groupManagement] INFO  segmented.SegmentedRaftLogWorker (SegmentedRaftLogWorker.java:lambda$new$0(135)) - 3e53829d-da6c-4746-b554-01bfe538e40e@group-CB39D489BD91-SegmentedRaftLogWorker: flushIndex: setUnconditionally 0 -> -1
2023-06-02 19:46:33,025 [3e53829d-da6c-4746-b554-01bfe538e40e-groupManagement] INFO  segmented.SegmentedRaftLogWorker (SegmentedRaftLogWorker.java:lambda$new$0(135)) - 3e53829d-da6c-4746-b554-01bfe538e40e@group-CB39D489BD91-SegmentedRaftLogWorker: safeCacheEvictIndex: setUnconditionally 0 -> -1
2023-06-02 19:46:33,025 [3e53829d-da6c-4746-b554-01bfe538e40e-groupManagement] INFO  server.RaftServer$Division (RaftServerImpl.java:start(342)) - 3e53829d-da6c-4746-b554-01bfe538e40e@group-CB39D489BD91: start as a follower, conf=-1: peers:[3e53829d-da6c-4746-b554-01bfe538e40e|rpc:10.1.26.0:15050|admin:10.1.26.0:15049|client:10.1.26.0:15048|dataStream:10.1.26.0:15051|priority:0|startupRole:FOLLOWER, f093f0f1-7dc1-44fa-8249-a003f257e421|rpc:10.1.26.0:15059|admin:10.1.26.0:15058|client:10.1.26.0:15057|dataStream:10.1.26.0:15060|priority:1|startupRole:FOLLOWER, 42efe73c-3d9d-41e2-b05d-c69b43a81cba|rpc:10.1.26.0:15041|admin:10.1.26.0:15040|client:10.1.26.0:15039|dataStream:10.1.26.0:15042|priority:0|startupRole:FOLLOWER]|listeners:[], old=null
2023-06-02 19:46:33,025 [3e53829d-da6c-4746-b554-01bfe538e40e-groupManagement] INFO  server.RaftServer$Division (RaftServerImpl.java:setRole(329)) - 3e53829d-da6c-4746-b554-01bfe538e40e@group-CB39D489BD91: changes role from      null to FOLLOWER at term 0 for startAsFollower
2023-06-02 19:46:33,025 [3e53829d-da6c-4746-b554-01bfe538e40e-groupManagement] INFO  impl.RoleInfo (RoleInfo.java:updateAndGet(139)) - 3e53829d-da6c-4746-b554-01bfe538e40e: start 3e53829d-da6c-4746-b554-01bfe538e40e@group-CB39D489BD91-FollowerState
2023-06-02 19:46:33,026 [3e53829d-da6c-4746-b554-01bfe538e40e-groupManagement] INFO  util.JmxRegister (JmxRegister.java:tryRegister(44)) - Successfully registered JMX Bean with object name Ratis:service=RaftServer,group=group-CB39D489BD91,id=3e53829d-da6c-4746-b554-01bfe538e40e
2023-06-02 19:46:33,026 [3e53829d-da6c-4746-b554-01bfe538e40e-groupManagement] INFO  server.RaftServerConfigKeys (ConfUtils.java:logGet(46)) - raft.server.snapshot.auto.trigger.enabled = true (custom)
2023-06-02 19:46:33,026 [3e53829d-da6c-4746-b554-01bfe538e40e-groupManagement] INFO  server.RaftServerConfigKeys (ConfUtils.java:logGet(46)) - raft.server.snapshot.auto.trigger.threshold = 10000 (custom)
2023-06-02 19:46:33,026 [3e53829d-da6c-4746-b554-01bfe538e40e-groupManagement] INFO  server.RaftServerConfigKeys (ConfUtils.java:logGet(46)) - raft.server.snapshot.retention.file.num = 5 (custom)
2023-06-02 19:46:33,026 [3e53829d-da6c-4746-b554-01bfe538e40e-groupManagement] INFO  server.RaftServerConfigKeys (ConfUtils.java:logGet(46)) - raft.server.log.purge.upto.snapshot.index = false (default)
2023-06-02 19:46:33,027 [3e53829d-da6c-4746-b554-01bfe538e40e@group-CB39D489BD91-FollowerState] INFO  server.RaftServerConfigKeys (ConfUtils.java:logFallback(53)) - raft.server.rpc.first-election.timeout.min = 5s (fallback to raft.server.rpc.timeout.min)
2023-06-02 19:46:33,027 [3e53829d-da6c-4746-b554-01bfe538e40e@group-CB39D489BD91-FollowerState] INFO  server.RaftServerConfigKeys (ConfUtils.java:logFallback(53)) - raft.server.rpc.first-election.timeout.max = 5200ms (fallback to raft.server.rpc.timeout.max)
2023-06-02 19:46:33,371 [JvmPauseMonitor12] WARN  util.JvmPauseMonitor (JvmPauseMonitor.java:detectPause(124)) - JvmPauseMonitor-c22c8f81-1e38-483d-9a9f-669266df5e1e: Detected pause in JVM or host machine approximately 0.143s with 0.335s GC time.
GC pool 'PS MarkSweep' had collection(s): count=1 time=242ms
GC pool 'PS Scavenge' had collection(s): count=1 time=93ms
2023-06-02 19:46:33,372 [JvmPauseMonitor2] WARN  util.JvmPauseMonitor (JvmPauseMonitor.java:detectPause(124)) - JvmPauseMonitor-9e7d7045-1d4c-4270-9434-63584a31babd: Detected pause in JVM or host machine approximately 0.156s with 0.335s GC time.
GC pool 'PS MarkSweep' had collection(s): count=1 time=242ms
GC pool 'PS Scavenge' had collection(s): count=1 time=93ms
2023-06-02 19:46:33,374 [JvmPauseMonitor3] WARN  util.JvmPauseMonitor (JvmPauseMonitor.java:detectPause(124)) - JvmPauseMonitor-f5a51868-327c-422c-ad14-d572ec0233ee: Detected pause in JVM or host machine approximately 0.188s with 0.335s GC time.
GC pool 'PS MarkSweep' had collection(s): count=1 time=242ms
GC pool 'PS Scavenge' had collection(s): count=1 time=93ms
2023-06-02 19:46:33,374 [JvmPauseMonitor0] WARN  util.JvmPauseMonitor (JvmPauseMonitor.java:detectPause(124)) - JvmPauseMonitor-07308b00-a365-4b3a-bdcb-530168462b51: Detected pause in JVM or host machine approximately 0.240s with 0.335s GC time.
GC pool 'PS MarkSweep' had collection(s): count=1 time=242ms
GC pool 'PS Scavenge' had collection(s): count=1 time=93ms
2023-06-02 19:46:33,375 [JvmPauseMonitor4] WARN  util.JvmPauseMonitor (JvmPauseMonitor.java:detectPause(124)) - JvmPauseMonitor-60ac4d22-094a-4270-8266-44944d79861e: Detected pause in JVM or host machine approximately 0.287s with 0.335s GC time.
GC pool 'PS MarkSweep' had collection(s): count=1 time=242ms
GC pool 'PS Scavenge' had collection(s): count=1 time=93ms
2023-06-02 19:46:33,376 [IPC Server handler 15 on default port 15002] INFO  net.NetworkTopologyImpl (NetworkTopologyImpl.java:add(112)) - Added a new node: /default-rack/c22c8f81-1e38-483d-9a9f-669266df5e1e
2023-06-02 19:46:33,376 [IPC Server handler 15 on default port 15002] INFO  node.SCMNodeManager (SCMNodeManager.java:register(407)) - Registered Data node : c22c8f81-1e38-483d-9a9f-669266df5e1e{ip: 10.1.26.0, host: fv-az459-618.msq0az1vewme3jsxyslsv0htic.jx.internal.cloudapp.net, ports: [HTTP=15099, CLIENT_RPC=15100, REPLICATION=15106, RATIS=15102, RATIS_ADMIN=15103, RATIS_SERVER=15104, RATIS_DATASTREAM=15105, STANDALONE=15101], networkLocation: /default-rack, certSerialId: null, persistedOpState: null, persistedOpStateExpiryEpochSec: 0}
2023-06-02 19:46:33,377 [EventQueue-NewNodeForNewNodeHandler] INFO  pipeline.BackgroundPipelineCreator (BackgroundPipelineCreator.java:notifyEventTriggered(276)) - trigger a one-shot run on RatisPipelineUtilsThread.
2023-06-02 19:46:33,377 [3e53829d-da6c-4746-b554-01bfe538e40e-groupManagement] INFO  server.RaftServer$Division (RaftServerImpl.java:<init>(198)) - 3e53829d-da6c-4746-b554-01bfe538e40e: new RaftServerImpl for group-C0A7CF4346C3:[3e53829d-da6c-4746-b554-01bfe538e40e|rpc:10.1.26.0:15050|admin:10.1.26.0:15049|client:10.1.26.0:15048|dataStream:10.1.26.0:15051|priority:0|startupRole:FOLLOWER, f093f0f1-7dc1-44fa-8249-a003f257e421|rpc:10.1.26.0:15059|admin:10.1.26.0:15058|client:10.1.26.0:15057|dataStream:10.1.26.0:15060|priority:0|startupRole:FOLLOWER, 42efe73c-3d9d-41e2-b05d-c69b43a81cba|rpc:10.1.26.0:15041|admin:10.1.26.0:15040|client:10.1.26.0:15039|dataStream:10.1.26.0:15042|priority:1|startupRole:FOLLOWER] with ContainerStateMachine:uninitialized
2023-06-02 19:46:33,377 [3e53829d-da6c-4746-b554-01bfe538e40e-groupManagement] INFO  server.RaftServerConfigKeys (ConfUtils.java:logGet(46)) - raft.server.rpc.timeout.min = 5s (custom)
2023-06-02 19:46:33,377 [3e53829d-da6c-4746-b554-01bfe538e40e-groupManagement] INFO  server.RaftServerConfigKeys (ConfUtils.java:logGet(46)) - raft.server.rpc.timeout.max = 5200ms (custom)
2023-06-02 19:46:33,377 [3e53829d-da6c-4746-b554-01bfe538e40e-groupManagement] INFO  server.RaftServerConfigKeys (ConfUtils.java:logGet(46)) - raft.server.rpc.sleep.time = 25ms (default)
2023-06-02 19:46:33,377 [3e53829d-da6c-4746-b554-01bfe538e40e-groupManagement] INFO  server.RaftServerConfigKeys (ConfUtils.java:logGet(46)) - raft.server.rpc.slowness.timeout = 300s (custom)
2023-06-02 19:46:33,377 [3e53829d-da6c-4746-b554-01bfe538e40e-groupManagement] INFO  server.RaftServerConfigKeys (ConfUtils.java:logGet(46)) - raft.server.leaderelection.leader.step-down.wait-time = 10s (default)
2023-06-02 19:46:33,377 [3e53829d-da6c-4746-b554-01bfe538e40e-groupManagement] INFO  server.RaftServerConfigKeys (ConfUtils.java:logGet(46)) - raft.server.sleep.deviation.threshold = 300ms (default)
2023-06-02 19:46:33,378 [3e53829d-da6c-4746-b554-01bfe538e40e-groupManagement] INFO  server.RaftServer$Division (ServerState.java:<init>(120)) - 3e53829d-da6c-4746-b554-01bfe538e40e@group-C0A7CF4346C3: ConfigurationManager, init=-1: peers:[3e53829d-da6c-4746-b554-01bfe538e40e|rpc:10.1.26.0:15050|admin:10.1.26.0:15049|client:10.1.26.0:15048|dataStream:10.1.26.0:15051|priority:0|startupRole:FOLLOWER, f093f0f1-7dc1-44fa-8249-a003f257e421|rpc:10.1.26.0:15059|admin:10.1.26.0:15058|client:10.1.26.0:15057|dataStream:10.1.26.0:15060|priority:0|startupRole:FOLLOWER, 42efe73c-3d9d-41e2-b05d-c69b43a81cba|rpc:10.1.26.0:15041|admin:10.1.26.0:15040|client:10.1.26.0:15039|dataStream:10.1.26.0:15042|priority:1|startupRole:FOLLOWER]|listeners:[], old=null, confs=<EMPTY_MAP>
2023-06-02 19:46:33,378 [3e53829d-da6c-4746-b554-01bfe538e40e-groupManagement] INFO  server.RaftServerConfigKeys (ConfUtils.java:logGet(46)) - raft.server.storage.dir = [/home/runner/work/ozone/ozone/hadoop-ozone/integration-test/target/test-dir/MiniOzoneClusterImpl-e4789928-4fd4-479e-857e-ac334458de01/datanode-4/data/ratis] (custom)
2023-06-02 19:46:33,378 [3e53829d-da6c-4746-b554-01bfe538e40e-groupManagement] INFO  server.RaftServerConfigKeys (ConfUtils.java:logGet(46)) - raft.server.log.corruption.policy = EXCEPTION (default)
2023-06-02 19:46:33,378 [3e53829d-da6c-4746-b554-01bfe538e40e-groupManagement] INFO  server.RaftServerConfigKeys (ConfUtils.java:logGet(46)) - raft.server.storage.free-space.min = 0MB (=0) (default)
2023-06-02 19:46:33,378 [3e53829d-da6c-4746-b554-01bfe538e40e-groupManagement] INFO  server.RaftServerConfigKeys (ConfUtils.java:logGet(46)) - raft.server.notification.no-leader.timeout = 300s (custom)
2023-06-02 19:46:33,378 [3e53829d-da6c-4746-b554-01bfe538e40e-groupManagement] INFO  server.RaftServerConfigKeys (ConfUtils.java:logGet(46)) - raft.server.read.timeout = 10s (default)
2023-06-02 19:46:33,378 [3e53829d-da6c-4746-b554-01bfe538e40e-groupManagement] INFO  server.RaftServerConfigKeys (ConfUtils.java:logGet(46)) - raft.server.retrycache.expirytime = 600000ms (custom)
2023-06-02 19:46:33,378 [3e53829d-da6c-4746-b554-01bfe538e40e-groupManagement] INFO  server.RaftServerConfigKeys (ConfUtils.java:logGet(46)) - raft.server.retrycache.statistics.expirytime = 100μs (default)
2023-06-02 19:46:33,378 [3e53829d-da6c-4746-b554-01bfe538e40e-groupManagement] INFO  server.RaftServerConfigKeys (ConfUtils.java:logGet(46)) - raft.server.read.option = DEFAULT (default)
2023-06-02 19:46:33,379 [RatisPipelineUtilsThread - 0] WARN  pipeline.PipelinePlacementPolicy (PipelinePlacementPolicy.java:filterViableNodes(160)) - Pipeline creation failed due to no sufficient healthy datanodes. Required 3. Found 2. Excluded 9.
2023-06-02 19:46:33,380 [PipelineCommandHandlerThread-0] INFO  server.RaftServer (RaftServerProxy.java:addNew(98)) - 3e53829d-da6c-4746-b554-01bfe538e40e: addNew group-C0A7CF4346C3:[3e53829d-da6c-4746-b554-01bfe538e40e|rpc:10.1.26.0:15050|admin:10.1.26.0:15049|client:10.1.26.0:15048|dataStream:10.1.26.0:15051|priority:0|startupRole:FOLLOWER, f093f0f1-7dc1-44fa-8249-a003f257e421|rpc:10.1.26.0:15059|admin:10.1.26.0:15058|client:10.1.26.0:15057|dataStream:10.1.26.0:15060|priority:0|startupRole:FOLLOWER, 42efe73c-3d9d-41e2-b05d-c69b43a81cba|rpc:10.1.26.0:15041|admin:10.1.26.0:15040|client:10.1.26.0:15039|dataStream:10.1.26.0:15042|priority:1|startupRole:FOLLOWER] returns group-C0A7CF4346C3:java.util.concurrent.CompletableFuture@6d6a099b[Not completed]
2023-06-02 19:46:33,392 [3e53829d-da6c-4746-b554-01bfe538e40e-groupManagement] INFO  server.RaftServerConfigKeys (ConfUtils.java:logGet(46)) - raft.server.rpc.request.timeout = 60s (custom)
2023-06-02 19:46:33,392 [3e53829d-da6c-4746-b554-01bfe538e40e-groupManagement] INFO  server.RaftServerConfigKeys (ConfUtils.java:logGet(46)) - raft.server.log.appender.install.snapshot.enabled = false (custom)
2023-06-02 19:46:33,392 [3e53829d-da6c-4746-b554-01bfe538e40e-groupManagement] INFO  server.RaftServerConfigKeys (ConfUtils.java:logGet(46)) - raft.server.threadpool.server.cached = true (default)
2023-06-02 19:46:33,393 [3e53829d-da6c-4746-b554-01bfe538e40e-groupManagement] INFO  server.RaftServerConfigKeys (ConfUtils.java:logGet(46)) - raft.server.threadpool.server.size = 0 (default)
2023-06-02 19:46:33,393 [3e53829d-da6c-4746-b554-01bfe538e40e-groupManagement] INFO  server.RaftServerConfigKeys (ConfUtils.java:logGet(46)) - raft.server.threadpool.client.cached = true (default)
2023-06-02 19:46:33,393 [3e53829d-da6c-4746-b554-01bfe538e40e-groupManagement] INFO  server.RaftServerConfigKeys (ConfUtils.java:logGet(46)) - raft.server.threadpool.client.size = 0 (default)
2023-06-02 19:46:33,393 [3e53829d-da6c-4746-b554-01bfe538e40e-groupManagement] INFO  storage.RaftStorageDirectory (RaftStorageDirectoryImpl.java:analyzeStorage(137)) - The storage directory /home/runner/work/ozone/ozone/hadoop-ozone/integration-test/target/test-dir/MiniOzoneClusterImpl-e4789928-4fd4-479e-857e-ac334458de01/datanode-4/data/ratis/a6b31af0-c308-4155-b9b5-c0a7cf4346c3 does not exist. Creating ...
2023-06-02 19:46:33,394 [3e53829d-da6c-4746-b554-01bfe538e40e-groupManagement] INFO  storage.RaftStorageDirectory (RaftStorageDirectoryImpl.java:tryLock(231)) - Lock on /home/runner/work/ozone/ozone/hadoop-ozone/integration-test/target/test-dir/MiniOzoneClusterImpl-e4789928-4fd4-479e-857e-ac334458de01/datanode-4/data/ratis/a6b31af0-c308-4155-b9b5-c0a7cf4346c3/in_use.lock acquired by nodename 54141@fv-az459-618
2023-06-02 19:46:33,407 [3e53829d-da6c-4746-b554-01bfe538e40e-groupManagement] INFO  storage.RaftStorage (RaftStorageImpl.java:format(96)) - Storage directory /home/runner/work/ozone/ozone/hadoop-ozone/integration-test/target/test-dir/MiniOzoneClusterImpl-e4789928-4fd4-479e-857e-ac334458de01/datanode-4/data/ratis/a6b31af0-c308-4155-b9b5-c0a7cf4346c3 has been successfully formatted.
2023-06-02 19:46:33,414 [3e53829d-da6c-4746-b554-01bfe538e40e-groupManagement] INFO  ratis.ContainerStateMachine (ContainerStateMachine.java:loadSnapshot(262)) - group-C0A7CF4346C3: The snapshot info is null. Setting the last applied indexto:(t:0, i:~)
2023-06-02 19:46:33,414 [3e53829d-da6c-4746-b554-01bfe538e40e-groupManagement] INFO  server.RaftServerConfigKeys (ConfUtils.java:logGet(46)) - raft.server.log.use.memory = false (default)
2023-06-02 19:46:33,414 [3e53829d-da6c-4746-b554-01bfe538e40e-groupManagement] INFO  server.RaftServerConfigKeys (ConfUtils.java:logGet(46)) - raft.server.log.purge.gap = 1000000 (custom)
2023-06-02 19:46:33,414 [3e53829d-da6c-4746-b554-01bfe538e40e-groupManagement] INFO  server.RaftServerConfigKeys (ConfUtils.java:logGet(46)) - raft.server.log.appender.buffer.byte-limit = 33554432 (custom)
2023-06-02 19:46:33,414 [3e53829d-da6c-4746-b554-01bfe538e40e-groupManagement] INFO  server.RaftServerConfigKeys (ConfUtils.java:logGet(46)) - raft.server.log.statemachine.data.read.timeout = 1000ms (default)
2023-06-02 19:46:33,415 [3e53829d-da6c-4746-b554-01bfe538e40e-groupManagement] INFO  server.RaftServerConfigKeys (ConfUtils.java:logGet(46)) - raft.server.log.purge.preservation.log.num = 0 (default)
2023-06-02 19:46:33,415 [3e53829d-da6c-4746-b554-01bfe538e40e-groupManagement] INFO  server.RaftServerConfigKeys (ConfUtils.java:logGet(46)) - raft.server.log.segment.size.max = 1048576 (custom)
2023-06-02 19:46:33,415 [3e53829d-da6c-4746-b554-01bfe538e40e-groupManagement] INFO  server.RaftServerConfigKeys (ConfUtils.java:logGet(46)) - raft.server.log.segment.cache.num.max = 2 (custom)
2023-06-02 19:46:33,415 [3e53829d-da6c-4746-b554-01bfe538e40e-groupManagement] INFO  server.RaftServerConfigKeys (ConfUtils.java:logGet(46)) - raft.server.log.segment.cache.size.max = 200MB (=209715200) (default)
2023-06-02 19:46:33,415 [3e53829d-da6c-4746-b554-01bfe538e40e-groupManagement] INFO  server.RaftServerConfigKeys (ConfUtils.java:logGet(46)) - raft.server.log.appender.buffer.byte-limit = 33554432 (custom)
2023-06-02 19:46:33,416 [3e53829d-da6c-4746-b554-01bfe538e40e-groupManagement] INFO  segmented.SegmentedRaftLogWorker (SegmentedRaftLogWorker.java:<init>(188)) - new 3e53829d-da6c-4746-b554-01bfe538e40e@group-C0A7CF4346C3-SegmentedRaftLogWorker for RaftStorageImpl:Storage Directory /home/runner/work/ozone/ozone/hadoop-ozone/integration-test/target/test-dir/MiniOzoneClusterImpl-e4789928-4fd4-479e-857e-ac334458de01/datanode-4/data/ratis/a6b31af0-c308-4155-b9b5-c0a7cf4346c3
2023-06-02 19:46:33,416 [3e53829d-da6c-4746-b554-01bfe538e40e-groupManagement] INFO  server.RaftServerConfigKeys (ConfUtils.java:logGet(46)) - raft.server.log.queue.byte-limit = 4294967296 (custom)
2023-06-02 19:46:33,416 [3e53829d-da6c-4746-b554-01bfe538e40e-groupManagement] INFO  server.RaftServerConfigKeys (ConfUtils.java:logGet(46)) - raft.server.log.queue.element-limit = 1024 (custom)
2023-06-02 19:46:33,416 [3e53829d-da6c-4746-b554-01bfe538e40e-groupManagement] INFO  server.RaftServerConfigKeys (ConfUtils.java:logGet(46)) - raft.server.log.segment.size.max = 1048576 (custom)
2023-06-02 19:46:33,416 [3e53829d-da6c-4746-b554-01bfe538e40e-groupManagement] INFO  server.RaftServerConfigKeys (ConfUtils.java:logGet(46)) - raft.server.log.preallocated.size = 16384 (custom)
2023-06-02 19:46:33,416 [3e53829d-da6c-4746-b554-01bfe538e40e-groupManagement] INFO  server.RaftServerConfigKeys (ConfUtils.java:logGet(46)) - raft.server.log.force.sync.num = 128 (default)
2023-06-02 19:46:33,416 [3e53829d-da6c-4746-b554-01bfe538e40e-groupManagement] INFO  server.RaftServerConfigKeys (ConfUtils.java:logGet(46)) - raft.server.log.statemachine.data.sync = true (default)
2023-06-02 19:46:33,416 [3e53829d-da6c-4746-b554-01bfe538e40e-groupManagement] INFO  server.RaftServerConfigKeys (ConfUtils.java:logGet(46)) - raft.server.log.statemachine.data.sync.timeout = 10s (default)
2023-06-02 19:46:33,416 [3e53829d-da6c-4746-b554-01bfe538e40e-groupManagement] INFO  server.RaftServerConfigKeys (ConfUtils.java:logGet(46)) - raft.server.log.statemachine.data.sync.timeout.retry = -1 (default)
2023-06-02 19:46:33,419 [3e53829d-da6c-4746-b554-01bfe538e40e-groupManagement] INFO  server.RaftServerConfigKeys (ConfUtils.java:logGet(46)) - raft.server.log.write.buffer.size = 1048576 (custom)
2023-06-02 19:46:33,421 [3e53829d-da6c-4746-b554-01bfe538e40e-groupManagement] INFO  server.RaftServerConfigKeys (ConfUtils.java:logGet(46)) - raft.server.log.appender.buffer.byte-limit = 33554432 (custom)
2023-06-02 19:46:33,432 [PipelineCommandHandlerThread-0] INFO  commandhandler.CreatePipelineCommandHandler (CreatePipelineCommandHandler.java:lambda$handle$2(124)) - Created Pipeline RATIS THREE PipelineID=352e2afc-c078-428a-ace7-cb39d489bd91.
2023-06-02 19:46:33,433 [PipelineCommandHandlerThread-0] INFO  server.RaftServer (RaftServerProxy.java:addNew(98)) - 42efe73c-3d9d-41e2-b05d-c69b43a81cba: addNew group-C0A7CF4346C3:[3e53829d-da6c-4746-b554-01bfe538e40e|rpc:10.1.26.0:15050|admin:10.1.26.0:15049|client:10.1.26.0:15048|dataStream:10.1.26.0:15051|priority:0|startupRole:FOLLOWER, f093f0f1-7dc1-44fa-8249-a003f257e421|rpc:10.1.26.0:15059|admin:10.1.26.0:15058|client:10.1.26.0:15057|dataStream:10.1.26.0:15060|priority:0|startupRole:FOLLOWER, 42efe73c-3d9d-41e2-b05d-c69b43a81cba|rpc:10.1.26.0:15041|admin:10.1.26.0:15040|client:10.1.26.0:15039|dataStream:10.1.26.0:15042|priority:1|startupRole:FOLLOWER] returns group-C0A7CF4346C3:java.util.concurrent.CompletableFuture@7cca4292[Not completed]
2023-06-02 19:46:33,434 [42efe73c-3d9d-41e2-b05d-c69b43a81cba-groupManagement] INFO  server.RaftServer$Division (RaftServerImpl.java:<init>(198)) - 42efe73c-3d9d-41e2-b05d-c69b43a81cba: new RaftServerImpl for group-C0A7CF4346C3:[3e53829d-da6c-4746-b554-01bfe538e40e|rpc:10.1.26.0:15050|admin:10.1.26.0:15049|client:10.1.26.0:15048|dataStream:10.1.26.0:15051|priority:0|startupRole:FOLLOWER, f093f0f1-7dc1-44fa-8249-a003f257e421|rpc:10.1.26.0:15059|admin:10.1.26.0:15058|client:10.1.26.0:15057|dataStream:10.1.26.0:15060|priority:0|startupRole:FOLLOWER, 42efe73c-3d9d-41e2-b05d-c69b43a81cba|rpc:10.1.26.0:15041|admin:10.1.26.0:15040|client:10.1.26.0:15039|dataStream:10.1.26.0:15042|priority:1|startupRole:FOLLOWER] with ContainerStateMachine:uninitialized
2023-06-02 19:46:33,434 [42efe73c-3d9d-41e2-b05d-c69b43a81cba-groupManagement] INFO  server.RaftServerConfigKeys (ConfUtils.java:logGet(46)) - raft.server.rpc.timeout.min = 5s (custom)
2023-06-02 19:46:33,434 [42efe73c-3d9d-41e2-b05d-c69b43a81cba-groupManagement] INFO  server.RaftServerConfigKeys (ConfUtils.java:logGet(46)) - raft.server.rpc.timeout.max = 5200ms (custom)
2023-06-02 19:46:33,434 [42efe73c-3d9d-41e2-b05d-c69b43a81cba-groupManagement] INFO  server.RaftServerConfigKeys (ConfUtils.java:logGet(46)) - raft.server.rpc.sleep.time = 25ms (default)
2023-06-02 19:46:33,434 [42efe73c-3d9d-41e2-b05d-c69b43a81cba-groupManagement] INFO  server.RaftServerConfigKeys (ConfUtils.java:logGet(46)) - raft.server.rpc.slowness.timeout = 300s (custom)
2023-06-02 19:46:33,434 [42efe73c-3d9d-41e2-b05d-c69b43a81cba-groupManagement] INFO  server.RaftServerConfigKeys (ConfUtils.java:logGet(46)) - raft.server.leaderelection.leader.step-down.wait-time = 10s (default)
2023-06-02 19:46:33,434 [42efe73c-3d9d-41e2-b05d-c69b43a81cba-groupManagement] INFO  server.RaftServerConfigKeys (ConfUtils.java:logGet(46)) - raft.server.sleep.deviation.threshold = 300ms (default)
2023-06-02 19:46:33,434 [42efe73c-3d9d-41e2-b05d-c69b43a81cba-groupManagement] INFO  server.RaftServer$Division (ServerState.java:<init>(120)) - 42efe73c-3d9d-41e2-b05d-c69b43a81cba@group-C0A7CF4346C3: ConfigurationManager, init=-1: peers:[3e53829d-da6c-4746-b554-01bfe538e40e|rpc:10.1.26.0:15050|admin:10.1.26.0:15049|client:10.1.26.0:15048|dataStream:10.1.26.0:15051|priority:0|startupRole:FOLLOWER, f093f0f1-7dc1-44fa-8249-a003f257e421|rpc:10.1.26.0:15059|admin:10.1.26.0:15058|client:10.1.26.0:15057|dataStream:10.1.26.0:15060|priority:0|startupRole:FOLLOWER, 42efe73c-3d9d-41e2-b05d-c69b43a81cba|rpc:10.1.26.0:15041|admin:10.1.26.0:15040|client:10.1.26.0:15039|dataStream:10.1.26.0:15042|priority:1|startupRole:FOLLOWER]|listeners:[], old=null, confs=<EMPTY_MAP>
2023-06-02 19:46:33,434 [42efe73c-3d9d-41e2-b05d-c69b43a81cba-groupManagement] INFO  server.RaftServerConfigKeys (ConfUtils.java:logGet(46)) - raft.server.storage.dir = [/home/runner/work/ozone/ozone/hadoop-ozone/integration-test/target/test-dir/MiniOzoneClusterImpl-e4789928-4fd4-479e-857e-ac334458de01/datanode-3/data/ratis] (custom)
2023-06-02 19:46:33,435 [42efe73c-3d9d-41e2-b05d-c69b43a81cba-groupManagement] INFO  server.RaftServerConfigKeys (ConfUtils.java:logGet(46)) - raft.server.log.corruption.policy = EXCEPTION (default)
2023-06-02 19:46:33,435 [42efe73c-3d9d-41e2-b05d-c69b43a81cba-groupManagement] INFO  server.RaftServerConfigKeys (ConfUtils.java:logGet(46)) - raft.server.storage.free-space.min = 0MB (=0) (default)
2023-06-02 19:46:33,435 [42efe73c-3d9d-41e2-b05d-c69b43a81cba-groupManagement] INFO  server.RaftServerConfigKeys (ConfUtils.java:logGet(46)) - raft.server.notification.no-leader.timeout = 300s (custom)
2023-06-02 19:46:33,435 [42efe73c-3d9d-41e2-b05d-c69b43a81cba-groupManagement] INFO  server.RaftServerConfigKeys (ConfUtils.java:logGet(46)) - raft.server.read.timeout = 10s (default)
2023-06-02 19:46:33,435 [42efe73c-3d9d-41e2-b05d-c69b43a81cba-groupManagement] INFO  server.RaftServerConfigKeys (ConfUtils.java:logGet(46)) - raft.server.retrycache.expirytime = 600000ms (custom)
2023-06-02 19:46:33,435 [42efe73c-3d9d-41e2-b05d-c69b43a81cba-groupManagement] INFO  server.RaftServerConfigKeys (ConfUtils.java:logGet(46)) - raft.server.retrycache.statistics.expirytime = 100μs (default)
2023-06-02 19:46:33,435 [42efe73c-3d9d-41e2-b05d-c69b43a81cba-groupManagement] INFO  server.RaftServerConfigKeys (ConfUtils.java:logGet(46)) - raft.server.read.option = DEFAULT (default)
2023-06-02 19:46:33,437 [42efe73c-3d9d-41e2-b05d-c69b43a81cba-groupManagement] INFO  server.RaftServerConfigKeys (ConfUtils.java:logGet(46)) - raft.server.rpc.request.timeout = 60s (custom)
2023-06-02 19:46:33,437 [3e53829d-da6c-4746-b554-01bfe538e40e-groupManagement] INFO  server.RaftServerConfigKeys (ConfUtils.java:logGet(46)) - raft.server.log.unsafe-flush.enabled = false (default)
2023-06-02 19:46:33,437 [3e53829d-da6c-4746-b554-01bfe538e40e-groupManagement] INFO  server.RaftServerConfigKeys (ConfUtils.java:logGet(46)) - raft.server.log.async-flush.enabled = false (default)
2023-06-02 19:46:33,438 [3e53829d-da6c-4746-b554-01bfe538e40e-groupManagement] INFO  server.RaftServerConfigKeys (ConfUtils.java:logGet(46)) - raft.server.log.statemachine.data.caching.enabled = true (custom)
2023-06-02 19:46:33,438 [3e53829d-da6c-4746-b554-01bfe538e40e-groupManagement] INFO  segmented.SegmentedRaftLogWorker (SegmentedRaftLogWorker.java:lambda$new$0(135)) - 3e53829d-da6c-4746-b554-01bfe538e40e@group-C0A7CF4346C3-SegmentedRaftLogWorker: flushIndex: setUnconditionally 0 -> -1
2023-06-02 19:46:33,438 [3e53829d-da6c-4746-b554-01bfe538e40e-groupManagement] INFO  segmented.SegmentedRaftLogWorker (SegmentedRaftLogWorker.java:lambda$new$0(135)) - 3e53829d-da6c-4746-b554-01bfe538e40e@group-C0A7CF4346C3-SegmentedRaftLogWorker: safeCacheEvictIndex: setUnconditionally 0 -> -1
2023-06-02 19:46:33,439 [42efe73c-3d9d-41e2-b05d-c69b43a81cba-groupManagement] INFO  server.RaftServerConfigKeys (ConfUtils.java:logGet(46)) - raft.server.log.appender.install.snapshot.enabled = false (custom)
2023-06-02 19:46:33,440 [42efe73c-3d9d-41e2-b05d-c69b43a81cba-groupManagement] INFO  server.RaftServerConfigKeys (ConfUtils.java:logGet(46)) - raft.server.threadpool.server.cached = true (default)
2023-06-02 19:46:33,440 [42efe73c-3d9d-41e2-b05d-c69b43a81cba-groupManagement] INFO  server.RaftServerConfigKeys (ConfUtils.java:logGet(46)) - raft.server.threadpool.server.size = 0 (default)
2023-06-02 19:46:33,440 [42efe73c-3d9d-41e2-b05d-c69b43a81cba-groupManagement] INFO  server.RaftServerConfigKeys (ConfUtils.java:logGet(46)) - raft.server.threadpool.client.cached = true (default)
2023-06-02 19:46:33,440 [42efe73c-3d9d-41e2-b05d-c69b43a81cba-groupManagement] INFO  server.RaftServerConfigKeys (ConfUtils.java:logGet(46)) - raft.server.threadpool.client.size = 0 (default)
2023-06-02 19:46:33,440 [42efe73c-3d9d-41e2-b05d-c69b43a81cba-groupManagement] INFO  storage.RaftStorageDirectory (RaftStorageDirectoryImpl.java:analyzeStorage(137)) - The storage directory /home/runner/work/ozone/ozone/hadoop-ozone/integration-test/target/test-dir/MiniOzoneClusterImpl-e4789928-4fd4-479e-857e-ac334458de01/datanode-3/data/ratis/a6b31af0-c308-4155-b9b5-c0a7cf4346c3 does not exist. Creating ...
2023-06-02 19:46:33,441 [42efe73c-3d9d-41e2-b05d-c69b43a81cba-groupManagement] INFO  storage.RaftStorageDirectory (RaftStorageDirectoryImpl.java:tryLock(231)) - Lock on /home/runner/work/ozone/ozone/hadoop-ozone/integration-test/target/test-dir/MiniOzoneClusterImpl-e4789928-4fd4-479e-857e-ac334458de01/datanode-3/data/ratis/a6b31af0-c308-4155-b9b5-c0a7cf4346c3/in_use.lock acquired by nodename 54141@fv-az459-618
2023-06-02 19:46:33,442 [3e53829d-da6c-4746-b554-01bfe538e40e-groupManagement] INFO  server.RaftServer$Division (RaftServerImpl.java:start(342)) - 3e53829d-da6c-4746-b554-01bfe538e40e@group-C0A7CF4346C3: start as a follower, conf=-1: peers:[3e53829d-da6c-4746-b554-01bfe538e40e|rpc:10.1.26.0:15050|admin:10.1.26.0:15049|client:10.1.26.0:15048|dataStream:10.1.26.0:15051|priority:0|startupRole:FOLLOWER, f093f0f1-7dc1-44fa-8249-a003f257e421|rpc:10.1.26.0:15059|admin:10.1.26.0:15058|client:10.1.26.0:15057|dataStream:10.1.26.0:15060|priority:0|startupRole:FOLLOWER, 42efe73c-3d9d-41e2-b05d-c69b43a81cba|rpc:10.1.26.0:15041|admin:10.1.26.0:15040|client:10.1.26.0:15039|dataStream:10.1.26.0:15042|priority:1|startupRole:FOLLOWER]|listeners:[], old=null
2023-06-02 19:46:33,446 [3e53829d-da6c-4746-b554-01bfe538e40e-groupManagement] INFO  server.RaftServer$Division (RaftServerImpl.java:setRole(329)) - 3e53829d-da6c-4746-b554-01bfe538e40e@group-C0A7CF4346C3: changes role from      null to FOLLOWER at term 0 for startAsFollower
2023-06-02 19:46:33,446 [3e53829d-da6c-4746-b554-01bfe538e40e-groupManagement] INFO  impl.RoleInfo (RoleInfo.java:updateAndGet(139)) - 3e53829d-da6c-4746-b554-01bfe538e40e: start 3e53829d-da6c-4746-b554-01bfe538e40e@group-C0A7CF4346C3-FollowerState
2023-06-02 19:46:33,446 [3e53829d-da6c-4746-b554-01bfe538e40e@group-C0A7CF4346C3-FollowerState] INFO  server.RaftServerConfigKeys (ConfUtils.java:logFallback(53)) - raft.server.rpc.first-election.timeout.min = 5s (fallback to raft.server.rpc.timeout.min)
2023-06-02 19:46:33,447 [3e53829d-da6c-4746-b554-01bfe538e40e@group-C0A7CF4346C3-FollowerState] INFO  server.RaftServerConfigKeys (ConfUtils.java:logFallback(53)) - raft.server.rpc.first-election.timeout.max = 5200ms (fallback to raft.server.rpc.timeout.max)
2023-06-02 19:46:33,447 [3e53829d-da6c-4746-b554-01bfe538e40e-groupManagement] INFO  util.JmxRegister (JmxRegister.java:tryRegister(44)) - Successfully registered JMX Bean with object name Ratis:service=RaftServer,group=group-C0A7CF4346C3,id=3e53829d-da6c-4746-b554-01bfe538e40e
2023-06-02 19:46:33,447 [3e53829d-da6c-4746-b554-01bfe538e40e-groupManagement] INFO  server.RaftServerConfigKeys (ConfUtils.java:logGet(46)) - raft.server.snapshot.auto.trigger.enabled = true (custom)
2023-06-02 19:46:33,447 [3e53829d-da6c-4746-b554-01bfe538e40e-groupManagement] INFO  server.RaftServerConfigKeys (ConfUtils.java:logGet(46)) - raft.server.snapshot.auto.trigger.threshold = 10000 (custom)
2023-06-02 19:46:33,447 [3e53829d-da6c-4746-b554-01bfe538e40e-groupManagement] INFO  server.RaftServerConfigKeys (ConfUtils.java:logGet(46)) - raft.server.snapshot.retention.file.num = 5 (custom)
2023-06-02 19:46:33,447 [3e53829d-da6c-4746-b554-01bfe538e40e-groupManagement] INFO  server.RaftServerConfigKeys (ConfUtils.java:logGet(46)) - raft.server.log.purge.upto.snapshot.index = false (default)
2023-06-02 19:46:33,447 [42efe73c-3d9d-41e2-b05d-c69b43a81cba-groupManagement] INFO  storage.RaftStorage (RaftStorageImpl.java:format(96)) - Storage directory /home/runner/work/ozone/ozone/hadoop-ozone/integration-test/target/test-dir/MiniOzoneClusterImpl-e4789928-4fd4-479e-857e-ac334458de01/datanode-3/data/ratis/a6b31af0-c308-4155-b9b5-c0a7cf4346c3 has been successfully formatted.
2023-06-02 19:46:33,457 [PipelineCommandHandlerThread-0] INFO  ratis.XceiverServerRatis (XceiverServerRatis.java:addGroup(804)) - Created group PipelineID=a6b31af0-c308-4155-b9b5-c0a7cf4346c3
2023-06-02 19:46:33,458 [42efe73c-3d9d-41e2-b05d-c69b43a81cba-groupManagement] INFO  ratis.ContainerStateMachine (ContainerStateMachine.java:loadSnapshot(262)) - group-C0A7CF4346C3: The snapshot info is null. Setting the last applied indexto:(t:0, i:~)
2023-06-02 19:46:33,458 [42efe73c-3d9d-41e2-b05d-c69b43a81cba-groupManagement] INFO  server.RaftServerConfigKeys (ConfUtils.java:logGet(46)) - raft.server.log.use.memory = false (default)
2023-06-02 19:46:33,458 [42efe73c-3d9d-41e2-b05d-c69b43a81cba-groupManagement] INFO  server.RaftServerConfigKeys (ConfUtils.java:logGet(46)) - raft.server.log.purge.gap = 1000000 (custom)
2023-06-02 19:46:33,458 [42efe73c-3d9d-41e2-b05d-c69b43a81cba-groupManagement] INFO  server.RaftServerConfigKeys (ConfUtils.java:logGet(46)) - raft.server.log.appender.buffer.byte-limit = 33554432 (custom)
2023-06-02 19:46:33,459 [42efe73c-3d9d-41e2-b05d-c69b43a81cba-groupManagement] INFO  server.RaftServerConfigKeys (ConfUtils.java:logGet(46)) - raft.server.log.statemachine.data.read.timeout = 1000ms (default)
2023-06-02 19:46:33,459 [42efe73c-3d9d-41e2-b05d-c69b43a81cba-groupManagement] INFO  server.RaftServerConfigKeys (ConfUtils.java:logGet(46)) - raft.server.log.purge.preservation.log.num = 0 (default)
2023-06-02 19:46:33,460 [42efe73c-3d9d-41e2-b05d-c69b43a81cba-groupManagement] INFO  server.RaftServerConfigKeys (ConfUtils.java:logGet(46)) - raft.server.log.segment.size.max = 1048576 (custom)
2023-06-02 19:46:33,461 [42efe73c-3d9d-41e2-b05d-c69b43a81cba-groupManagement] INFO  server.RaftServerConfigKeys (ConfUtils.java:logGet(46)) - raft.server.log.segment.cache.num.max = 2 (custom)
2023-06-02 19:46:33,461 [42efe73c-3d9d-41e2-b05d-c69b43a81cba-groupManagement] INFO  server.RaftServerConfigKeys (ConfUtils.java:logGet(46)) - raft.server.log.segment.cache.size.max = 200MB (=209715200) (default)
2023-06-02 19:46:33,461 [42efe73c-3d9d-41e2-b05d-c69b43a81cba-groupManagement] INFO  server.RaftServerConfigKeys (ConfUtils.java:logGet(46)) - raft.server.log.appender.buffer.byte-limit = 33554432 (custom)
2023-06-02 19:46:33,462 [42efe73c-3d9d-41e2-b05d-c69b43a81cba-groupManagement] INFO  segmented.SegmentedRaftLogWorker (SegmentedRaftLogWorker.java:<init>(188)) - new 42efe73c-3d9d-41e2-b05d-c69b43a81cba@group-C0A7CF4346C3-SegmentedRaftLogWorker for RaftStorageImpl:Storage Directory /home/runner/work/ozone/ozone/hadoop-ozone/integration-test/target/test-dir/MiniOzoneClusterImpl-e4789928-4fd4-479e-857e-ac334458de01/datanode-3/data/ratis/a6b31af0-c308-4155-b9b5-c0a7cf4346c3
2023-06-02 19:46:33,462 [42efe73c-3d9d-41e2-b05d-c69b43a81cba-groupManagement] INFO  server.RaftServerConfigKeys (ConfUtils.java:logGet(46)) - raft.server.log.queue.byte-limit = 4294967296 (custom)
2023-06-02 19:46:33,463 [42efe73c-3d9d-41e2-b05d-c69b43a81cba-groupManagement] INFO  server.RaftServerConfigKeys (ConfUtils.java:logGet(46)) - raft.server.log.queue.element-limit = 1024 (custom)
2023-06-02 19:46:33,463 [42efe73c-3d9d-41e2-b05d-c69b43a81cba-groupManagement] INFO  server.RaftServerConfigKeys (ConfUtils.java:logGet(46)) - raft.server.log.segment.size.max = 1048576 (custom)
2023-06-02 19:46:33,463 [42efe73c-3d9d-41e2-b05d-c69b43a81cba-groupManagement] INFO  server.RaftServerConfigKeys (ConfUtils.java:logGet(46)) - raft.server.log.preallocated.size = 16384 (custom)
2023-06-02 19:46:33,463 [42efe73c-3d9d-41e2-b05d-c69b43a81cba-groupManagement] INFO  server.RaftServerConfigKeys (ConfUtils.java:logGet(46)) - raft.server.log.force.sync.num = 128 (default)
2023-06-02 19:46:33,463 [42efe73c-3d9d-41e2-b05d-c69b43a81cba-groupManagement] INFO  server.RaftServerConfigKeys (ConfUtils.java:logGet(46)) - raft.server.log.statemachine.data.sync = true (default)
2023-06-02 19:46:33,463 [42efe73c-3d9d-41e2-b05d-c69b43a81cba-groupManagement] INFO  server.RaftServerConfigKeys (ConfUtils.java:logGet(46)) - raft.server.log.statemachine.data.sync.timeout = 10s (default)
2023-06-02 19:46:33,463 [42efe73c-3d9d-41e2-b05d-c69b43a81cba-groupManagement] INFO  server.RaftServerConfigKeys (ConfUtils.java:logGet(46)) - raft.server.log.statemachine.data.sync.timeout.retry = -1 (default)
2023-06-02 19:46:33,477 [42efe73c-3d9d-41e2-b05d-c69b43a81cba-groupManagement] INFO  server.RaftServerConfigKeys (ConfUtils.java:logGet(46)) - raft.server.log.write.buffer.size = 1048576 (custom)
2023-06-02 19:46:33,478 [42efe73c-3d9d-41e2-b05d-c69b43a81cba-groupManagement] INFO  server.RaftServerConfigKeys (ConfUtils.java:logGet(46)) - raft.server.log.appender.buffer.byte-limit = 33554432 (custom)
2023-06-02 19:46:33,493 [42efe73c-3d9d-41e2-b05d-c69b43a81cba-groupManagement] INFO  server.RaftServerConfigKeys (ConfUtils.java:logGet(46)) - raft.server.log.unsafe-flush.enabled = false (default)
2023-06-02 19:46:33,493 [42efe73c-3d9d-41e2-b05d-c69b43a81cba-groupManagement] INFO  server.RaftServerConfigKeys (ConfUtils.java:logGet(46)) - raft.server.log.async-flush.enabled = false (default)
2023-06-02 19:46:33,493 [42efe73c-3d9d-41e2-b05d-c69b43a81cba-groupManagement] INFO  server.RaftServerConfigKeys (ConfUtils.java:logGet(46)) - raft.server.log.statemachine.data.caching.enabled = true (custom)
2023-06-02 19:46:33,493 [42efe73c-3d9d-41e2-b05d-c69b43a81cba-groupManagement] INFO  segmented.SegmentedRaftLogWorker (SegmentedRaftLogWorker.java:lambda$new$0(135)) - 42efe73c-3d9d-41e2-b05d-c69b43a81cba@group-C0A7CF4346C3-SegmentedRaftLogWorker: flushIndex: setUnconditionally 0 -> -1
2023-06-02 19:46:33,493 [42efe73c-3d9d-41e2-b05d-c69b43a81cba-groupManagement] INFO  segmented.SegmentedRaftLogWorker (SegmentedRaftLogWorker.java:lambda$new$0(135)) - 42efe73c-3d9d-41e2-b05d-c69b43a81cba@group-C0A7CF4346C3-SegmentedRaftLogWorker: safeCacheEvictIndex: setUnconditionally 0 -> -1
2023-06-02 19:46:33,494 [42efe73c-3d9d-41e2-b05d-c69b43a81cba-groupManagement] INFO  server.RaftServer$Division (RaftServerImpl.java:start(342)) - 42efe73c-3d9d-41e2-b05d-c69b43a81cba@group-C0A7CF4346C3: start as a follower, conf=-1: peers:[3e53829d-da6c-4746-b554-01bfe538e40e|rpc:10.1.26.0:15050|admin:10.1.26.0:15049|client:10.1.26.0:15048|dataStream:10.1.26.0:15051|priority:0|startupRole:FOLLOWER, f093f0f1-7dc1-44fa-8249-a003f257e421|rpc:10.1.26.0:15059|admin:10.1.26.0:15058|client:10.1.26.0:15057|dataStream:10.1.26.0:15060|priority:0|startupRole:FOLLOWER, 42efe73c-3d9d-41e2-b05d-c69b43a81cba|rpc:10.1.26.0:15041|admin:10.1.26.0:15040|client:10.1.26.0:15039|dataStream:10.1.26.0:15042|priority:1|startupRole:FOLLOWER]|listeners:[], old=null
2023-06-02 19:46:33,494 [42efe73c-3d9d-41e2-b05d-c69b43a81cba-groupManagement] INFO  server.RaftServer$Division (RaftServerImpl.java:setRole(329)) - 42efe73c-3d9d-41e2-b05d-c69b43a81cba@group-C0A7CF4346C3: changes role from      null to FOLLOWER at term 0 for startAsFollower
2023-06-02 19:46:33,494 [42efe73c-3d9d-41e2-b05d-c69b43a81cba-groupManagement] INFO  impl.RoleInfo (RoleInfo.java:updateAndGet(139)) - 42efe73c-3d9d-41e2-b05d-c69b43a81cba: start 42efe73c-3d9d-41e2-b05d-c69b43a81cba@group-C0A7CF4346C3-FollowerState
2023-06-02 19:46:33,494 [42efe73c-3d9d-41e2-b05d-c69b43a81cba-groupManagement] INFO  util.JmxRegister (JmxRegister.java:tryRegister(44)) - Successfully registered JMX Bean with object name Ratis:service=RaftServer,group=group-C0A7CF4346C3,id=42efe73c-3d9d-41e2-b05d-c69b43a81cba
2023-06-02 19:46:33,494 [42efe73c-3d9d-41e2-b05d-c69b43a81cba-groupManagement] INFO  server.RaftServerConfigKeys (ConfUtils.java:logGet(46)) - raft.server.snapshot.auto.trigger.enabled = true (custom)
2023-06-02 19:46:33,495 [42efe73c-3d9d-41e2-b05d-c69b43a81cba-groupManagement] INFO  server.RaftServerConfigKeys (ConfUtils.java:logGet(46)) - raft.server.snapshot.auto.trigger.threshold = 10000 (custom)
2023-06-02 19:46:33,495 [42efe73c-3d9d-41e2-b05d-c69b43a81cba-groupManagement] INFO  server.RaftServerConfigKeys (ConfUtils.java:logGet(46)) - raft.server.snapshot.retention.file.num = 5 (custom)
2023-06-02 19:46:33,495 [42efe73c-3d9d-41e2-b05d-c69b43a81cba-groupManagement] INFO  server.RaftServerConfigKeys (ConfUtils.java:logGet(46)) - raft.server.log.purge.upto.snapshot.index = false (default)
2023-06-02 19:46:33,495 [42efe73c-3d9d-41e2-b05d-c69b43a81cba@group-C0A7CF4346C3-FollowerState] INFO  server.RaftServerConfigKeys (ConfUtils.java:logFallback(53)) - raft.server.rpc.first-election.timeout.min = 5s (fallback to raft.server.rpc.timeout.min)
2023-06-02 19:46:33,496 [42efe73c-3d9d-41e2-b05d-c69b43a81cba@group-C0A7CF4346C3-FollowerState] INFO  server.RaftServerConfigKeys (ConfUtils.java:logFallback(53)) - raft.server.rpc.first-election.timeout.max = 5200ms (fallback to raft.server.rpc.timeout.max)
2023-06-02 19:46:33,498 [PipelineCommandHandlerThread-0] INFO  ratis.XceiverServerRatis (XceiverServerRatis.java:addGroup(804)) - Created group PipelineID=a6b31af0-c308-4155-b9b5-c0a7cf4346c3
2023-06-02 19:46:33,583 [grpc-default-executor-1] INFO  server.RaftServer (RaftServerProxy.java:addNew(98)) - f093f0f1-7dc1-44fa-8249-a003f257e421: addNew group-C0A7CF4346C3:[3e53829d-da6c-4746-b554-01bfe538e40e|rpc:10.1.26.0:15050|admin:10.1.26.0:15049|client:10.1.26.0:15048|dataStream:10.1.26.0:15051|priority:0|startupRole:FOLLOWER, f093f0f1-7dc1-44fa-8249-a003f257e421|rpc:10.1.26.0:15059|admin:10.1.26.0:15058|client:10.1.26.0:15057|dataStream:10.1.26.0:15060|priority:0|startupRole:FOLLOWER, 42efe73c-3d9d-41e2-b05d-c69b43a81cba|rpc:10.1.26.0:15041|admin:10.1.26.0:15040|client:10.1.26.0:15039|dataStream:10.1.26.0:15042|priority:1|startupRole:FOLLOWER] returns group-C0A7CF4346C3:java.util.concurrent.CompletableFuture@2e34eae8[Not completed]
2023-06-02 19:46:33,586 [f093f0f1-7dc1-44fa-8249-a003f257e421-groupManagement] INFO  server.RaftServer$Division (RaftServerImpl.java:<init>(198)) - f093f0f1-7dc1-44fa-8249-a003f257e421: new RaftServerImpl for group-C0A7CF4346C3:[3e53829d-da6c-4746-b554-01bfe538e40e|rpc:10.1.26.0:15050|admin:10.1.26.0:15049|client:10.1.26.0:15048|dataStream:10.1.26.0:15051|priority:0|startupRole:FOLLOWER, f093f0f1-7dc1-44fa-8249-a003f257e421|rpc:10.1.26.0:15059|admin:10.1.26.0:15058|client:10.1.26.0:15057|dataStream:10.1.26.0:15060|priority:0|startupRole:FOLLOWER, 42efe73c-3d9d-41e2-b05d-c69b43a81cba|rpc:10.1.26.0:15041|admin:10.1.26.0:15040|client:10.1.26.0:15039|dataStream:10.1.26.0:15042|priority:1|startupRole:FOLLOWER] with ContainerStateMachine:uninitialized
2023-06-02 19:46:33,586 [f093f0f1-7dc1-44fa-8249-a003f257e421-groupManagement] INFO  server.RaftServerConfigKeys (ConfUtils.java:logGet(46)) - raft.server.rpc.timeout.min = 5s (custom)
2023-06-02 19:46:33,587 [f093f0f1-7dc1-44fa-8249-a003f257e421-groupManagement] INFO  server.RaftServerConfigKeys (ConfUtils.java:logGet(46)) - raft.server.rpc.timeout.max = 5200ms (custom)
2023-06-02 19:46:33,587 [f093f0f1-7dc1-44fa-8249-a003f257e421-groupManagement] INFO  server.RaftServerConfigKeys (ConfUtils.java:logGet(46)) - raft.server.rpc.sleep.time = 25ms (default)
2023-06-02 19:46:33,587 [f093f0f1-7dc1-44fa-8249-a003f257e421-groupManagement] INFO  server.RaftServerConfigKeys (ConfUtils.java:logGet(46)) - raft.server.rpc.slowness.timeout = 300s (custom)
2023-06-02 19:46:33,587 [f093f0f1-7dc1-44fa-8249-a003f257e421-groupManagement] INFO  server.RaftServerConfigKeys (ConfUtils.java:logGet(46)) - raft.server.leaderelection.leader.step-down.wait-time = 10s (default)
2023-06-02 19:46:33,587 [f093f0f1-7dc1-44fa-8249-a003f257e421-groupManagement] INFO  server.RaftServerConfigKeys (ConfUtils.java:logGet(46)) - raft.server.sleep.deviation.threshold = 300ms (default)
2023-06-02 19:46:33,587 [f093f0f1-7dc1-44fa-8249-a003f257e421-groupManagement] INFO  server.RaftServer$Division (ServerState.java:<init>(120)) - f093f0f1-7dc1-44fa-8249-a003f257e421@group-C0A7CF4346C3: ConfigurationManager, init=-1: peers:[3e53829d-da6c-4746-b554-01bfe538e40e|rpc:10.1.26.0:15050|admin:10.1.26.0:15049|client:10.1.26.0:15048|dataStream:10.1.26.0:15051|priority:0|startupRole:FOLLOWER, f093f0f1-7dc1-44fa-8249-a003f257e421|rpc:10.1.26.0:15059|admin:10.1.26.0:15058|client:10.1.26.0:15057|dataStream:10.1.26.0:15060|priority:0|startupRole:FOLLOWER, 42efe73c-3d9d-41e2-b05d-c69b43a81cba|rpc:10.1.26.0:15041|admin:10.1.26.0:15040|client:10.1.26.0:15039|dataStream:10.1.26.0:15042|priority:1|startupRole:FOLLOWER]|listeners:[], old=null, confs=<EMPTY_MAP>
2023-06-02 19:46:33,587 [f093f0f1-7dc1-44fa-8249-a003f257e421-groupManagement] INFO  server.RaftServerConfigKeys (ConfUtils.java:logGet(46)) - raft.server.storage.dir = [/home/runner/work/ozone/ozone/hadoop-ozone/integration-test/target/test-dir/MiniOzoneClusterImpl-e4789928-4fd4-479e-857e-ac334458de01/datanode-5/data/ratis] (custom)
2023-06-02 19:46:33,587 [f093f0f1-7dc1-44fa-8249-a003f257e421-groupManagement] INFO  server.RaftServerConfigKeys (ConfUtils.java:logGet(46)) - raft.server.log.corruption.policy = EXCEPTION (default)
2023-06-02 19:46:33,587 [f093f0f1-7dc1-44fa-8249-a003f257e421-groupManagement] INFO  server.RaftServerConfigKeys (ConfUtils.java:logGet(46)) - raft.server.storage.free-space.min = 0MB (=0) (default)
2023-06-02 19:46:33,587 [f093f0f1-7dc1-44fa-8249-a003f257e421-groupManagement] INFO  server.RaftServerConfigKeys (ConfUtils.java:logGet(46)) - raft.server.notification.no-leader.timeout = 300s (custom)
2023-06-02 19:46:33,587 [f093f0f1-7dc1-44fa-8249-a003f257e421-groupManagement] INFO  server.RaftServerConfigKeys (ConfUtils.java:logGet(46)) - raft.server.read.timeout = 10s (default)
2023-06-02 19:46:33,587 [f093f0f1-7dc1-44fa-8249-a003f257e421-groupManagement] INFO  server.RaftServerConfigKeys (ConfUtils.java:logGet(46)) - raft.server.retrycache.expirytime = 600000ms (custom)
2023-06-02 19:46:33,587 [f093f0f1-7dc1-44fa-8249-a003f257e421-groupManagement] INFO  server.RaftServerConfigKeys (ConfUtils.java:logGet(46)) - raft.server.retrycache.statistics.expirytime = 100μs (default)
2023-06-02 19:46:33,588 [f093f0f1-7dc1-44fa-8249-a003f257e421-groupManagement] INFO  server.RaftServerConfigKeys (ConfUtils.java:logGet(46)) - raft.server.read.option = DEFAULT (default)
2023-06-02 19:46:33,589 [f093f0f1-7dc1-44fa-8249-a003f257e421-groupManagement] INFO  server.RaftServerConfigKeys (ConfUtils.java:logGet(46)) - raft.server.rpc.request.timeout = 60s (custom)
2023-06-02 19:46:33,589 [f093f0f1-7dc1-44fa-8249-a003f257e421-groupManagement] INFO  server.RaftServerConfigKeys (ConfUtils.java:logGet(46)) - raft.server.log.appender.install.snapshot.enabled = false (custom)
2023-06-02 19:46:33,589 [f093f0f1-7dc1-44fa-8249-a003f257e421-groupManagement] INFO  server.RaftServerConfigKeys (ConfUtils.java:logGet(46)) - raft.server.threadpool.server.cached = true (default)
2023-06-02 19:46:33,589 [f093f0f1-7dc1-44fa-8249-a003f257e421-groupManagement] INFO  server.RaftServerConfigKeys (ConfUtils.java:logGet(46)) - raft.server.threadpool.server.size = 0 (default)
2023-06-02 19:46:33,589 [f093f0f1-7dc1-44fa-8249-a003f257e421-groupManagement] INFO  server.RaftServerConfigKeys (ConfUtils.java:logGet(46)) - raft.server.threadpool.client.cached = true (default)
2023-06-02 19:46:33,589 [f093f0f1-7dc1-44fa-8249-a003f257e421-groupManagement] INFO  server.RaftServerConfigKeys (ConfUtils.java:logGet(46)) - raft.server.threadpool.client.size = 0 (default)
2023-06-02 19:46:33,589 [f093f0f1-7dc1-44fa-8249-a003f257e421-groupManagement] INFO  storage.RaftStorageDirectory (RaftStorageDirectoryImpl.java:analyzeStorage(137)) - The storage directory /home/runner/work/ozone/ozone/hadoop-ozone/integration-test/target/test-dir/MiniOzoneClusterImpl-e4789928-4fd4-479e-857e-ac334458de01/datanode-5/data/ratis/a6b31af0-c308-4155-b9b5-c0a7cf4346c3 does not exist. Creating ...
2023-06-02 19:46:33,592 [f093f0f1-7dc1-44fa-8249-a003f257e421-groupManagement] INFO  storage.RaftStorageDirectory (RaftStorageDirectoryImpl.java:tryLock(231)) - Lock on /home/runner/work/ozone/ozone/hadoop-ozone/integration-test/target/test-dir/MiniOzoneClusterImpl-e4789928-4fd4-479e-857e-ac334458de01/datanode-5/data/ratis/a6b31af0-c308-4155-b9b5-c0a7cf4346c3/in_use.lock acquired by nodename 54141@fv-az459-618
2023-06-02 19:46:33,597 [f093f0f1-7dc1-44fa-8249-a003f257e421-groupManagement] INFO  storage.RaftStorage (RaftStorageImpl.java:format(96)) - Storage directory /home/runner/work/ozone/ozone/hadoop-ozone/integration-test/target/test-dir/MiniOzoneClusterImpl-e4789928-4fd4-479e-857e-ac334458de01/datanode-5/data/ratis/a6b31af0-c308-4155-b9b5-c0a7cf4346c3 has been successfully formatted.
2023-06-02 19:46:33,597 [f093f0f1-7dc1-44fa-8249-a003f257e421-groupManagement] INFO  ratis.ContainerStateMachine (ContainerStateMachine.java:loadSnapshot(262)) - group-C0A7CF4346C3: The snapshot info is null. Setting the last applied indexto:(t:0, i:~)
2023-06-02 19:46:33,597 [f093f0f1-7dc1-44fa-8249-a003f257e421-groupManagement] INFO  server.RaftServerConfigKeys (ConfUtils.java:logGet(46)) - raft.server.log.use.memory = false (default)
2023-06-02 19:46:33,598 [f093f0f1-7dc1-44fa-8249-a003f257e421-groupManagement] INFO  server.RaftServerConfigKeys (ConfUtils.java:logGet(46)) - raft.server.log.purge.gap = 1000000 (custom)
2023-06-02 19:46:33,598 [f093f0f1-7dc1-44fa-8249-a003f257e421-groupManagement] INFO  server.RaftServerConfigKeys (ConfUtils.java:logGet(46)) - raft.server.log.appender.buffer.byte-limit = 33554432 (custom)
2023-06-02 19:46:33,598 [f093f0f1-7dc1-44fa-8249-a003f257e421-groupManagement] INFO  server.RaftServerConfigKeys (ConfUtils.java:logGet(46)) - raft.server.log.statemachine.data.read.timeout = 1000ms (default)
2023-06-02 19:46:33,598 [f093f0f1-7dc1-44fa-8249-a003f257e421-groupManagement] INFO  server.RaftServerConfigKeys (ConfUtils.java:logGet(46)) - raft.server.log.purge.preservation.log.num = 0 (default)
2023-06-02 19:46:33,598 [f093f0f1-7dc1-44fa-8249-a003f257e421-groupManagement] INFO  server.RaftServerConfigKeys (ConfUtils.java:logGet(46)) - raft.server.log.segment.size.max = 1048576 (custom)
2023-06-02 19:46:33,599 [f093f0f1-7dc1-44fa-8249-a003f257e421-groupManagement] INFO  server.RaftServerConfigKeys (ConfUtils.java:logGet(46)) - raft.server.log.segment.cache.num.max = 2 (custom)
2023-06-02 19:46:33,599 [f093f0f1-7dc1-44fa-8249-a003f257e421-groupManagement] INFO  server.RaftServerConfigKeys (ConfUtils.java:logGet(46)) - raft.server.log.segment.cache.size.max = 200MB (=209715200) (default)
2023-06-02 19:46:33,599 [f093f0f1-7dc1-44fa-8249-a003f257e421-groupManagement] INFO  server.RaftServerConfigKeys (ConfUtils.java:logGet(46)) - raft.server.log.appender.buffer.byte-limit = 33554432 (custom)
2023-06-02 19:46:33,599 [f093f0f1-7dc1-44fa-8249-a003f257e421-groupManagement] INFO  segmented.SegmentedRaftLogWorker (SegmentedRaftLogWorker.java:<init>(188)) - new f093f0f1-7dc1-44fa-8249-a003f257e421@group-C0A7CF4346C3-SegmentedRaftLogWorker for RaftStorageImpl:Storage Directory /home/runner/work/ozone/ozone/hadoop-ozone/integration-test/target/test-dir/MiniOzoneClusterImpl-e4789928-4fd4-479e-857e-ac334458de01/datanode-5/data/ratis/a6b31af0-c308-4155-b9b5-c0a7cf4346c3
2023-06-02 19:46:33,601 [f093f0f1-7dc1-44fa-8249-a003f257e421-groupManagement] INFO  server.RaftServerConfigKeys (ConfUtils.java:logGet(46)) - raft.server.log.queue.byte-limit = 4294967296 (custom)
2023-06-02 19:46:33,601 [f093f0f1-7dc1-44fa-8249-a003f257e421-groupManagement] INFO  server.RaftServerConfigKeys (ConfUtils.java:logGet(46)) - raft.server.log.queue.element-limit = 1024 (custom)
2023-06-02 19:46:33,601 [f093f0f1-7dc1-44fa-8249-a003f257e421-groupManagement] INFO  server.RaftServerConfigKeys (ConfUtils.java:logGet(46)) - raft.server.log.segment.size.max = 1048576 (custom)
2023-06-02 19:46:33,601 [f093f0f1-7dc1-44fa-8249-a003f257e421-groupManagement] INFO  server.RaftServerConfigKeys (ConfUtils.java:logGet(46)) - raft.server.log.preallocated.size = 16384 (custom)
2023-06-02 19:46:33,601 [f093f0f1-7dc1-44fa-8249-a003f257e421-groupManagement] INFO  server.RaftServerConfigKeys (ConfUtils.java:logGet(46)) - raft.server.log.force.sync.num = 128 (default)
2023-06-02 19:46:33,601 [f093f0f1-7dc1-44fa-8249-a003f257e421-groupManagement] INFO  server.RaftServerConfigKeys (ConfUtils.java:logGet(46)) - raft.server.log.statemachine.data.sync = true (default)
2023-06-02 19:46:33,601 [f093f0f1-7dc1-44fa-8249-a003f257e421-groupManagement] INFO  server.RaftServerConfigKeys (ConfUtils.java:logGet(46)) - raft.server.log.statemachine.data.sync.timeout = 10s (default)
2023-06-02 19:46:33,601 [f093f0f1-7dc1-44fa-8249-a003f257e421-groupManagement] INFO  server.RaftServerConfigKeys (ConfUtils.java:logGet(46)) - raft.server.log.statemachine.data.sync.timeout.retry = -1 (default)
2023-06-02 19:46:33,603 [f093f0f1-7dc1-44fa-8249-a003f257e421-groupManagement] INFO  server.RaftServerConfigKeys (ConfUtils.java:logGet(46)) - raft.server.log.write.buffer.size = 1048576 (custom)
2023-06-02 19:46:33,605 [f093f0f1-7dc1-44fa-8249-a003f257e421-groupManagement] INFO  server.RaftServerConfigKeys (ConfUtils.java:logGet(46)) - raft.server.log.appender.buffer.byte-limit = 33554432 (custom)
2023-06-02 19:46:33,616 [f093f0f1-7dc1-44fa-8249-a003f257e421-groupManagement] INFO  server.RaftServerConfigKeys (ConfUtils.java:logGet(46)) - raft.server.log.unsafe-flush.enabled = false (default)
2023-06-02 19:46:33,616 [f093f0f1-7dc1-44fa-8249-a003f257e421-groupManagement] INFO  server.RaftServerConfigKeys (ConfUtils.java:logGet(46)) - raft.server.log.async-flush.enabled = false (default)
2023-06-02 19:46:33,616 [f093f0f1-7dc1-44fa-8249-a003f257e421-groupManagement] INFO  server.RaftServerConfigKeys (ConfUtils.java:logGet(46)) - raft.server.log.statemachine.data.caching.enabled = true (custom)
2023-06-02 19:46:33,617 [f093f0f1-7dc1-44fa-8249-a003f257e421-groupManagement] INFO  segmented.SegmentedRaftLogWorker (SegmentedRaftLogWorker.java:lambda$new$0(135)) - f093f0f1-7dc1-44fa-8249-a003f257e421@group-C0A7CF4346C3-SegmentedRaftLogWorker: flushIndex: setUnconditionally 0 -> -1
2023-06-02 19:46:33,617 [f093f0f1-7dc1-44fa-8249-a003f257e421-groupManagement] INFO  segmented.SegmentedRaftLogWorker (SegmentedRaftLogWorker.java:lambda$new$0(135)) - f093f0f1-7dc1-44fa-8249-a003f257e421@group-C0A7CF4346C3-SegmentedRaftLogWorker: safeCacheEvictIndex: setUnconditionally 0 -> -1
2023-06-02 19:46:33,617 [f093f0f1-7dc1-44fa-8249-a003f257e421-groupManagement] INFO  server.RaftServer$Division (RaftServerImpl.java:start(342)) - f093f0f1-7dc1-44fa-8249-a003f257e421@group-C0A7CF4346C3: start as a follower, conf=-1: peers:[3e53829d-da6c-4746-b554-01bfe538e40e|rpc:10.1.26.0:15050|admin:10.1.26.0:15049|client:10.1.26.0:15048|dataStream:10.1.26.0:15051|priority:0|startupRole:FOLLOWER, f093f0f1-7dc1-44fa-8249-a003f257e421|rpc:10.1.26.0:15059|admin:10.1.26.0:15058|client:10.1.26.0:15057|dataStream:10.1.26.0:15060|priority:0|startupRole:FOLLOWER, 42efe73c-3d9d-41e2-b05d-c69b43a81cba|rpc:10.1.26.0:15041|admin:10.1.26.0:15040|client:10.1.26.0:15039|dataStream:10.1.26.0:15042|priority:1|startupRole:FOLLOWER]|listeners:[], old=null
2023-06-02 19:46:33,617 [f093f0f1-7dc1-44fa-8249-a003f257e421-groupManagement] INFO  server.RaftServer$Division (RaftServerImpl.java:setRole(329)) - f093f0f1-7dc1-44fa-8249-a003f257e421@group-C0A7CF4346C3: changes role from      null to FOLLOWER at term 0 for startAsFollower
2023-06-02 19:46:33,617 [f093f0f1-7dc1-44fa-8249-a003f257e421-groupManagement] INFO  impl.RoleInfo (RoleInfo.java:updateAndGet(139)) - f093f0f1-7dc1-44fa-8249-a003f257e421: start f093f0f1-7dc1-44fa-8249-a003f257e421@group-C0A7CF4346C3-FollowerState
2023-06-02 19:46:33,618 [f093f0f1-7dc1-44fa-8249-a003f257e421-groupManagement] INFO  util.JmxRegister (JmxRegister.java:tryRegister(44)) - Successfully registered JMX Bean with object name Ratis:service=RaftServer,group=group-C0A7CF4346C3,id=f093f0f1-7dc1-44fa-8249-a003f257e421
2023-06-02 19:46:33,618 [f093f0f1-7dc1-44fa-8249-a003f257e421-groupManagement] INFO  server.RaftServerConfigKeys (ConfUtils.java:logGet(46)) - raft.server.snapshot.auto.trigger.enabled = true (custom)
2023-06-02 19:46:33,618 [f093f0f1-7dc1-44fa-8249-a003f257e421-groupManagement] INFO  server.RaftServerConfigKeys (ConfUtils.java:logGet(46)) - raft.server.snapshot.auto.trigger.threshold = 10000 (custom)
2023-06-02 19:46:33,618 [f093f0f1-7dc1-44fa-8249-a003f257e421-groupManagement] INFO  server.RaftServerConfigKeys (ConfUtils.java:logGet(46)) - raft.server.snapshot.retention.file.num = 5 (custom)
2023-06-02 19:46:33,618 [f093f0f1-7dc1-44fa-8249-a003f257e421-groupManagement] INFO  server.RaftServerConfigKeys (ConfUtils.java:logGet(46)) - raft.server.log.purge.upto.snapshot.index = false (default)
2023-06-02 19:46:33,619 [f093f0f1-7dc1-44fa-8249-a003f257e421@group-C0A7CF4346C3-FollowerState] INFO  server.RaftServerConfigKeys (ConfUtils.java:logFallback(53)) - raft.server.rpc.first-election.timeout.min = 5s (fallback to raft.server.rpc.timeout.min)
2023-06-02 19:46:33,619 [f093f0f1-7dc1-44fa-8249-a003f257e421@group-C0A7CF4346C3-FollowerState] INFO  server.RaftServerConfigKeys (ConfUtils.java:logFallback(53)) - raft.server.rpc.first-election.timeout.max = 5200ms (fallback to raft.server.rpc.timeout.max)
2023-06-02 19:46:33,622 [PipelineCommandHandlerThread-0] INFO  commandhandler.CreatePipelineCommandHandler (CreatePipelineCommandHandler.java:lambda$handle$2(124)) - Created Pipeline RATIS THREE PipelineID=a6b31af0-c308-4155-b9b5-c0a7cf4346c3.
2023-06-02 19:46:33,633 [PipelineCommandHandlerThread-0] INFO  commandhandler.CreatePipelineCommandHandler (CreatePipelineCommandHandler.java:lambda$handle$2(124)) - Created Pipeline RATIS THREE PipelineID=a6b31af0-c308-4155-b9b5-c0a7cf4346c3.
2023-06-02 19:46:33,729 [main] INFO  ozone.MiniOzoneClusterImpl (MiniOzoneClusterImpl.java:lambda$waitForClusterToBeReady$0(222)) - Waiting for nodes to be ready. Got 11 of 14 DN Heartbeats.
2023-06-02 19:46:33,730 [main] INFO  ozone.MiniOzoneClusterImpl (MiniOzoneClusterImpl.java:lambda$waitForClusterToBeReady$0(225)) - Waiting for cluster to exit safe mode
2023-06-02 19:46:33,730 [main] INFO  ozone.MiniOzoneClusterImpl (MiniOzoneClusterImpl.java:lambda$waitForClusterToBeReady$0(227)) - SCM became leader
2023-06-02 19:46:33,867 [IPC Server handler 4 on default port 15002] INFO  net.NetworkTopologyImpl (NetworkTopologyImpl.java:add(112)) - Added a new node: /default-rack/a3512fa8-98cf-431f-8bbe-512df84cf246
2023-06-02 19:46:33,867 [IPC Server handler 4 on default port 15002] INFO  node.SCMNodeManager (SCMNodeManager.java:register(407)) - Registered Data node : a3512fa8-98cf-431f-8bbe-512df84cf246{ip: 10.1.26.0, host: fv-az459-618.msq0az1vewme3jsxyslsv0htic.jx.internal.cloudapp.net, ports: [HTTP=15108, CLIENT_RPC=15109, REPLICATION=15115, RATIS=15111, RATIS_ADMIN=15112, RATIS_SERVER=15113, RATIS_DATASTREAM=15114, STANDALONE=15110], networkLocation: /default-rack, certSerialId: null, persistedOpState: null, persistedOpStateExpiryEpochSec: 0}
2023-06-02 19:46:33,867 [EventQueue-NewNodeForNewNodeHandler] INFO  pipeline.BackgroundPipelineCreator (BackgroundPipelineCreator.java:notifyEventTriggered(276)) - trigger a one-shot run on RatisPipelineUtilsThread.
2023-06-02 19:46:33,868 [RatisPipelineUtilsThread - 0] INFO  pipeline.RatisPipelineProvider (RatisPipelineProvider.java:lambda$create$0(206)) - Sending CreatePipelineCommand for pipeline:PipelineID=03270534-da8a-4a83-a4ea-6fca2abe0ad0 to datanode:a3512fa8-98cf-431f-8bbe-512df84cf246
2023-06-02 19:46:33,868 [RatisPipelineUtilsThread - 0] INFO  pipeline.RatisPipelineProvider (RatisPipelineProvider.java:lambda$create$0(206)) - Sending CreatePipelineCommand for pipeline:PipelineID=03270534-da8a-4a83-a4ea-6fca2abe0ad0 to datanode:93e73215-cf0c-4899-893f-1e32053e8cf3
2023-06-02 19:46:33,868 [RatisPipelineUtilsThread - 0] INFO  pipeline.RatisPipelineProvider (RatisPipelineProvider.java:lambda$create$0(206)) - Sending CreatePipelineCommand for pipeline:PipelineID=03270534-da8a-4a83-a4ea-6fca2abe0ad0 to datanode:c22c8f81-1e38-483d-9a9f-669266df5e1e
2023-06-02 19:46:33,869 [RatisPipelineUtilsThread - 0] INFO  pipeline.PipelineStateManagerImpl (PipelineStateManagerImpl.java:addPipeline(103)) - Created pipeline Pipeline[ Id: 03270534-da8a-4a83-a4ea-6fca2abe0ad0, Nodes: a3512fa8-98cf-431f-8bbe-512df84cf246(fv-az459-618.msq0az1vewme3jsxyslsv0htic.jx.internal.cloudapp.net/10.1.26.0)93e73215-cf0c-4899-893f-1e32053e8cf3(fv-az459-618.msq0az1vewme3jsxyslsv0htic.jx.internal.cloudapp.net/10.1.26.0)c22c8f81-1e38-483d-9a9f-669266df5e1e(fv-az459-618.msq0az1vewme3jsxyslsv0htic.jx.internal.cloudapp.net/10.1.26.0), ReplicationConfig: RATIS/THREE, State:ALLOCATED, leaderId:, CreationTimestamp2023-06-02T19:46:33.868Z[Etc/UTC]].
2023-06-02 19:46:33,870 [RatisPipelineUtilsThread - 0] INFO  pipeline.RatisPipelineProvider (RatisPipelineProvider.java:lambda$create$0(206)) - Sending CreatePipelineCommand for pipeline:PipelineID=2096249e-224b-436c-9463-ce6140418515 to datanode:a3512fa8-98cf-431f-8bbe-512df84cf246
2023-06-02 19:46:33,870 [RatisPipelineUtilsThread - 0] INFO  pipeline.RatisPipelineProvider (RatisPipelineProvider.java:lambda$create$0(206)) - Sending CreatePipelineCommand for pipeline:PipelineID=2096249e-224b-436c-9463-ce6140418515 to datanode:c22c8f81-1e38-483d-9a9f-669266df5e1e
2023-06-02 19:46:33,870 [RatisPipelineUtilsThread - 0] INFO  pipeline.RatisPipelineProvider (RatisPipelineProvider.java:lambda$create$0(206)) - Sending CreatePipelineCommand for pipeline:PipelineID=2096249e-224b-436c-9463-ce6140418515 to datanode:93e73215-cf0c-4899-893f-1e32053e8cf3
2023-06-02 19:46:33,871 [RatisPipelineUtilsThread - 0] INFO  pipeline.PipelineStateManagerImpl (PipelineStateManagerImpl.java:addPipeline(103)) - Created pipeline Pipeline[ Id: 2096249e-224b-436c-9463-ce6140418515, Nodes: a3512fa8-98cf-431f-8bbe-512df84cf246(fv-az459-618.msq0az1vewme3jsxyslsv0htic.jx.internal.cloudapp.net/10.1.26.0)c22c8f81-1e38-483d-9a9f-669266df5e1e(fv-az459-618.msq0az1vewme3jsxyslsv0htic.jx.internal.cloudapp.net/10.1.26.0)93e73215-cf0c-4899-893f-1e32053e8cf3(fv-az459-618.msq0az1vewme3jsxyslsv0htic.jx.internal.cloudapp.net/10.1.26.0), ReplicationConfig: RATIS/THREE, State:ALLOCATED, leaderId:, CreationTimestamp2023-06-02T19:46:33.870Z[Etc/UTC]].
2023-06-02 19:46:33,871 [RatisPipelineUtilsThread - 0] INFO  pipeline.PipelineManagerImpl (PipelineManagerImpl.java:recordMetricsForPipeline(826)) - Pipeline: PipelineID=2096249e-224b-436c-9463-ce6140418515 contains same datanodes as previous pipelines: PipelineID=03270534-da8a-4a83-a4ea-6fca2abe0ad0 nodeIds: a3512fa8-98cf-431f-8bbe-512df84cf246, c22c8f81-1e38-483d-9a9f-669266df5e1e, 93e73215-cf0c-4899-893f-1e32053e8cf3
2023-06-02 19:46:33,872 [RatisPipelineUtilsThread - 0] WARN  pipeline.PipelinePlacementPolicy (PipelinePlacementPolicy.java:filterViableNodes(160)) - Pipeline creation failed due to no sufficient healthy datanodes. Required 3. Found 0. Excluded 12.
2023-06-02 19:46:34,254 [PipelineCommandHandlerThread-0] INFO  server.RaftServer (RaftServerProxy.java:addNew(98)) - 68e68f39-32fc-4b84-93e4-f20720881325: addNew group-41E0CD0E9AF8:[68e68f39-32fc-4b84-93e4-f20720881325|rpc:10.1.26.0:15068|admin:10.1.26.0:15067|client:10.1.26.0:15066|dataStream:10.1.26.0:15069|priority:0|startupRole:FOLLOWER, 3444f24d-5019-4db9-b49c-a7d3f58b79dc|rpc:10.1.26.0:15086|admin:10.1.26.0:15085|client:10.1.26.0:15084|dataStream:10.1.26.0:15087|priority:1|startupRole:FOLLOWER, 37ff51e8-4d98-426c-9b80-6778ef5a23bd|rpc:10.1.26.0:15077|admin:10.1.26.0:15076|client:10.1.26.0:15075|dataStream:10.1.26.0:15078|priority:0|startupRole:FOLLOWER] returns group-41E0CD0E9AF8:java.util.concurrent.CompletableFuture@26a1c50b[Not completed]
2023-06-02 19:46:34,258 [68e68f39-32fc-4b84-93e4-f20720881325-groupManagement] INFO  server.RaftServer$Division (RaftServerImpl.java:<init>(198)) - 68e68f39-32fc-4b84-93e4-f20720881325: new RaftServerImpl for group-41E0CD0E9AF8:[68e68f39-32fc-4b84-93e4-f20720881325|rpc:10.1.26.0:15068|admin:10.1.26.0:15067|client:10.1.26.0:15066|dataStream:10.1.26.0:15069|priority:0|startupRole:FOLLOWER, 3444f24d-5019-4db9-b49c-a7d3f58b79dc|rpc:10.1.26.0:15086|admin:10.1.26.0:15085|client:10.1.26.0:15084|dataStream:10.1.26.0:15087|priority:1|startupRole:FOLLOWER, 37ff51e8-4d98-426c-9b80-6778ef5a23bd|rpc:10.1.26.0:15077|admin:10.1.26.0:15076|client:10.1.26.0:15075|dataStream:10.1.26.0:15078|priority:0|startupRole:FOLLOWER] with ContainerStateMachine:uninitialized
2023-06-02 19:46:34,258 [68e68f39-32fc-4b84-93e4-f20720881325-groupManagement] INFO  server.RaftServerConfigKeys (ConfUtils.java:logGet(46)) - raft.server.rpc.timeout.min = 5s (custom)
2023-06-02 19:46:34,259 [68e68f39-32fc-4b84-93e4-f20720881325-groupManagement] INFO  server.RaftServerConfigKeys (ConfUtils.java:logGet(46)) - raft.server.rpc.timeout.max = 5200ms (custom)
2023-06-02 19:46:34,259 [68e68f39-32fc-4b84-93e4-f20720881325-groupManagement] INFO  server.RaftServerConfigKeys (ConfUtils.java:logGet(46)) - raft.server.rpc.sleep.time = 25ms (default)
2023-06-02 19:46:34,259 [68e68f39-32fc-4b84-93e4-f20720881325-groupManagement] INFO  server.RaftServerConfigKeys (ConfUtils.java:logGet(46)) - raft.server.rpc.slowness.timeout = 300s (custom)
2023-06-02 19:46:34,259 [68e68f39-32fc-4b84-93e4-f20720881325-groupManagement] INFO  server.RaftServerConfigKeys (ConfUtils.java:logGet(46)) - raft.server.leaderelection.leader.step-down.wait-time = 10s (default)
2023-06-02 19:46:34,259 [68e68f39-32fc-4b84-93e4-f20720881325-groupManagement] INFO  server.RaftServerConfigKeys (ConfUtils.java:logGet(46)) - raft.server.sleep.deviation.threshold = 300ms (default)
2023-06-02 19:46:34,259 [68e68f39-32fc-4b84-93e4-f20720881325-groupManagement] INFO  server.RaftServer$Division (ServerState.java:<init>(120)) - 68e68f39-32fc-4b84-93e4-f20720881325@group-41E0CD0E9AF8: ConfigurationManager, init=-1: peers:[68e68f39-32fc-4b84-93e4-f20720881325|rpc:10.1.26.0:15068|admin:10.1.26.0:15067|client:10.1.26.0:15066|dataStream:10.1.26.0:15069|priority:0|startupRole:FOLLOWER, 3444f24d-5019-4db9-b49c-a7d3f58b79dc|rpc:10.1.26.0:15086|admin:10.1.26.0:15085|client:10.1.26.0:15084|dataStream:10.1.26.0:15087|priority:1|startupRole:FOLLOWER, 37ff51e8-4d98-426c-9b80-6778ef5a23bd|rpc:10.1.26.0:15077|admin:10.1.26.0:15076|client:10.1.26.0:15075|dataStream:10.1.26.0:15078|priority:0|startupRole:FOLLOWER]|listeners:[], old=null, confs=<EMPTY_MAP>
2023-06-02 19:46:34,259 [68e68f39-32fc-4b84-93e4-f20720881325-groupManagement] INFO  server.RaftServerConfigKeys (ConfUtils.java:logGet(46)) - raft.server.storage.dir = [/home/runner/work/ozone/ozone/hadoop-ozone/integration-test/target/test-dir/MiniOzoneClusterImpl-e4789928-4fd4-479e-857e-ac334458de01/datanode-6/data/ratis] (custom)
2023-06-02 19:46:34,259 [68e68f39-32fc-4b84-93e4-f20720881325-groupManagement] INFO  server.RaftServerConfigKeys (ConfUtils.java:logGet(46)) - raft.server.log.corruption.policy = EXCEPTION (default)
2023-06-02 19:46:34,259 [68e68f39-32fc-4b84-93e4-f20720881325-groupManagement] INFO  server.RaftServerConfigKeys (ConfUtils.java:logGet(46)) - raft.server.storage.free-space.min = 0MB (=0) (default)
2023-06-02 19:46:34,259 [68e68f39-32fc-4b84-93e4-f20720881325-groupManagement] INFO  server.RaftServerConfigKeys (ConfUtils.java:logGet(46)) - raft.server.notification.no-leader.timeout = 300s (custom)
2023-06-02 19:46:34,259 [68e68f39-32fc-4b84-93e4-f20720881325-groupManagement] INFO  server.RaftServerConfigKeys (ConfUtils.java:logGet(46)) - raft.server.read.timeout = 10s (default)
2023-06-02 19:46:34,259 [68e68f39-32fc-4b84-93e4-f20720881325-groupManagement] INFO  server.RaftServerConfigKeys (ConfUtils.java:logGet(46)) - raft.server.retrycache.expirytime = 600000ms (custom)
2023-06-02 19:46:34,260 [68e68f39-32fc-4b84-93e4-f20720881325-groupManagement] INFO  server.RaftServerConfigKeys (ConfUtils.java:logGet(46)) - raft.server.retrycache.statistics.expirytime = 100μs (default)
2023-06-02 19:46:34,260 [68e68f39-32fc-4b84-93e4-f20720881325-groupManagement] INFO  server.RaftServerConfigKeys (ConfUtils.java:logGet(46)) - raft.server.read.option = DEFAULT (default)
2023-06-02 19:46:34,262 [68e68f39-32fc-4b84-93e4-f20720881325-groupManagement] INFO  server.RaftServerConfigKeys (ConfUtils.java:logGet(46)) - raft.server.rpc.request.timeout = 60s (custom)
2023-06-02 19:46:34,262 [68e68f39-32fc-4b84-93e4-f20720881325-groupManagement] INFO  server.RaftServerConfigKeys (ConfUtils.java:logGet(46)) - raft.server.log.appender.install.snapshot.enabled = false (custom)
2023-06-02 19:46:34,262 [68e68f39-32fc-4b84-93e4-f20720881325-groupManagement] INFO  server.RaftServerConfigKeys (ConfUtils.java:logGet(46)) - raft.server.threadpool.server.cached = true (default)
2023-06-02 19:46:34,262 [68e68f39-32fc-4b84-93e4-f20720881325-groupManagement] INFO  server.RaftServerConfigKeys (ConfUtils.java:logGet(46)) - raft.server.threadpool.server.size = 0 (default)
2023-06-02 19:46:34,262 [68e68f39-32fc-4b84-93e4-f20720881325-groupManagement] INFO  server.RaftServerConfigKeys (ConfUtils.java:logGet(46)) - raft.server.threadpool.client.cached = true (default)
2023-06-02 19:46:34,262 [68e68f39-32fc-4b84-93e4-f20720881325-groupManagement] INFO  server.RaftServerConfigKeys (ConfUtils.java:logGet(46)) - raft.server.threadpool.client.size = 0 (default)
2023-06-02 19:46:34,262 [68e68f39-32fc-4b84-93e4-f20720881325-groupManagement] INFO  storage.RaftStorageDirectory (RaftStorageDirectoryImpl.java:analyzeStorage(137)) - The storage directory /home/runner/work/ozone/ozone/hadoop-ozone/integration-test/target/test-dir/MiniOzoneClusterImpl-e4789928-4fd4-479e-857e-ac334458de01/datanode-6/data/ratis/b5b8cea2-c681-4998-9b81-41e0cd0e9af8 does not exist. Creating ...
2023-06-02 19:46:34,264 [68e68f39-32fc-4b84-93e4-f20720881325-groupManagement] INFO  storage.RaftStorageDirectory (RaftStorageDirectoryImpl.java:tryLock(231)) - Lock on /home/runner/work/ozone/ozone/hadoop-ozone/integration-test/target/test-dir/MiniOzoneClusterImpl-e4789928-4fd4-479e-857e-ac334458de01/datanode-6/data/ratis/b5b8cea2-c681-4998-9b81-41e0cd0e9af8/in_use.lock acquired by nodename 54141@fv-az459-618
2023-06-02 19:46:34,265 [68e68f39-32fc-4b84-93e4-f20720881325-groupManagement] INFO  storage.RaftStorage (RaftStorageImpl.java:format(96)) - Storage directory /home/runner/work/ozone/ozone/hadoop-ozone/integration-test/target/test-dir/MiniOzoneClusterImpl-e4789928-4fd4-479e-857e-ac334458de01/datanode-6/data/ratis/b5b8cea2-c681-4998-9b81-41e0cd0e9af8 has been successfully formatted.
2023-06-02 19:46:34,267 [68e68f39-32fc-4b84-93e4-f20720881325-groupManagement] INFO  ratis.ContainerStateMachine (ContainerStateMachine.java:loadSnapshot(262)) - group-41E0CD0E9AF8: The snapshot info is null. Setting the last applied indexto:(t:0, i:~)
2023-06-02 19:46:34,267 [68e68f39-32fc-4b84-93e4-f20720881325-groupManagement] INFO  server.RaftServerConfigKeys (ConfUtils.java:logGet(46)) - raft.server.log.use.memory = false (default)
2023-06-02 19:46:34,267 [68e68f39-32fc-4b84-93e4-f20720881325-groupManagement] INFO  server.RaftServerConfigKeys (ConfUtils.java:logGet(46)) - raft.server.log.purge.gap = 1000000 (custom)
2023-06-02 19:46:34,268 [68e68f39-32fc-4b84-93e4-f20720881325-groupManagement] INFO  server.RaftServerConfigKeys (ConfUtils.java:logGet(46)) - raft.server.log.appender.buffer.byte-limit = 33554432 (custom)
2023-06-02 19:46:34,268 [68e68f39-32fc-4b84-93e4-f20720881325-groupManagement] INFO  server.RaftServerConfigKeys (ConfUtils.java:logGet(46)) - raft.server.log.statemachine.data.read.timeout = 1000ms (default)
2023-06-02 19:46:34,268 [68e68f39-32fc-4b84-93e4-f20720881325-groupManagement] INFO  server.RaftServerConfigKeys (ConfUtils.java:logGet(46)) - raft.server.log.purge.preservation.log.num = 0 (default)
2023-06-02 19:46:34,273 [68e68f39-32fc-4b84-93e4-f20720881325-groupManagement] INFO  server.RaftServerConfigKeys (ConfUtils.java:logGet(46)) - raft.server.log.segment.size.max = 1048576 (custom)
2023-06-02 19:46:34,273 [68e68f39-32fc-4b84-93e4-f20720881325-groupManagement] INFO  server.RaftServerConfigKeys (ConfUtils.java:logGet(46)) - raft.server.log.segment.cache.num.max = 2 (custom)
2023-06-02 19:46:34,273 [68e68f39-32fc-4b84-93e4-f20720881325-groupManagement] INFO  server.RaftServerConfigKeys (ConfUtils.java:logGet(46)) - raft.server.log.segment.cache.size.max = 200MB (=209715200) (default)
2023-06-02 19:46:34,273 [68e68f39-32fc-4b84-93e4-f20720881325-groupManagement] INFO  server.RaftServerConfigKeys (ConfUtils.java:logGet(46)) - raft.server.log.appender.buffer.byte-limit = 33554432 (custom)
2023-06-02 19:46:34,273 [68e68f39-32fc-4b84-93e4-f20720881325-groupManagement] INFO  segmented.SegmentedRaftLogWorker (SegmentedRaftLogWorker.java:<init>(188)) - new 68e68f39-32fc-4b84-93e4-f20720881325@group-41E0CD0E9AF8-SegmentedRaftLogWorker for RaftStorageImpl:Storage Directory /home/runner/work/ozone/ozone/hadoop-ozone/integration-test/target/test-dir/MiniOzoneClusterImpl-e4789928-4fd4-479e-857e-ac334458de01/datanode-6/data/ratis/b5b8cea2-c681-4998-9b81-41e0cd0e9af8
2023-06-02 19:46:34,274 [68e68f39-32fc-4b84-93e4-f20720881325-groupManagement] INFO  server.RaftServerConfigKeys (ConfUtils.java:logGet(46)) - raft.server.log.queue.byte-limit = 4294967296 (custom)
2023-06-02 19:46:34,274 [68e68f39-32fc-4b84-93e4-f20720881325-groupManagement] INFO  server.RaftServerConfigKeys (ConfUtils.java:logGet(46)) - raft.server.log.queue.element-limit = 1024 (custom)
2023-06-02 19:46:34,274 [68e68f39-32fc-4b84-93e4-f20720881325-groupManagement] INFO  server.RaftServerConfigKeys (ConfUtils.java:logGet(46)) - raft.server.log.segment.size.max = 1048576 (custom)
2023-06-02 19:46:34,274 [68e68f39-32fc-4b84-93e4-f20720881325-groupManagement] INFO  server.RaftServerConfigKeys (ConfUtils.java:logGet(46)) - raft.server.log.preallocated.size = 16384 (custom)
2023-06-02 19:46:34,274 [68e68f39-32fc-4b84-93e4-f20720881325-groupManagement] INFO  server.RaftServerConfigKeys (ConfUtils.java:logGet(46)) - raft.server.log.force.sync.num = 128 (default)
2023-06-02 19:46:34,274 [68e68f39-32fc-4b84-93e4-f20720881325-groupManagement] INFO  server.RaftServerConfigKeys (ConfUtils.java:logGet(46)) - raft.server.log.statemachine.data.sync = true (default)
2023-06-02 19:46:34,274 [68e68f39-32fc-4b84-93e4-f20720881325-groupManagement] INFO  server.RaftServerConfigKeys (ConfUtils.java:logGet(46)) - raft.server.log.statemachine.data.sync.timeout = 10s (default)
2023-06-02 19:46:34,274 [68e68f39-32fc-4b84-93e4-f20720881325-groupManagement] INFO  server.RaftServerConfigKeys (ConfUtils.java:logGet(46)) - raft.server.log.statemachine.data.sync.timeout.retry = -1 (default)
2023-06-02 19:46:34,275 [68e68f39-32fc-4b84-93e4-f20720881325-groupManagement] INFO  server.RaftServerConfigKeys (ConfUtils.java:logGet(46)) - raft.server.log.write.buffer.size = 1048576 (custom)
2023-06-02 19:46:34,276 [68e68f39-32fc-4b84-93e4-f20720881325-groupManagement] INFO  server.RaftServerConfigKeys (ConfUtils.java:logGet(46)) - raft.server.log.appender.buffer.byte-limit = 33554432 (custom)
2023-06-02 19:46:34,282 [68e68f39-32fc-4b84-93e4-f20720881325-groupManagement] INFO  server.RaftServerConfigKeys (ConfUtils.java:logGet(46)) - raft.server.log.unsafe-flush.enabled = false (default)
2023-06-02 19:46:34,282 [68e68f39-32fc-4b84-93e4-f20720881325-groupManagement] INFO  server.RaftServerConfigKeys (ConfUtils.java:logGet(46)) - raft.server.log.async-flush.enabled = false (default)
2023-06-02 19:46:34,282 [68e68f39-32fc-4b84-93e4-f20720881325-groupManagement] INFO  server.RaftServerConfigKeys (ConfUtils.java:logGet(46)) - raft.server.log.statemachine.data.caching.enabled = true (custom)
2023-06-02 19:46:34,282 [68e68f39-32fc-4b84-93e4-f20720881325-groupManagement] INFO  segmented.SegmentedRaftLogWorker (SegmentedRaftLogWorker.java:lambda$new$0(135)) - 68e68f39-32fc-4b84-93e4-f20720881325@group-41E0CD0E9AF8-SegmentedRaftLogWorker: flushIndex: setUnconditionally 0 -> -1
2023-06-02 19:46:34,282 [68e68f39-32fc-4b84-93e4-f20720881325-groupManagement] INFO  segmented.SegmentedRaftLogWorker (SegmentedRaftLogWorker.java:lambda$new$0(135)) - 68e68f39-32fc-4b84-93e4-f20720881325@group-41E0CD0E9AF8-SegmentedRaftLogWorker: safeCacheEvictIndex: setUnconditionally 0 -> -1
2023-06-02 19:46:34,283 [68e68f39-32fc-4b84-93e4-f20720881325-groupManagement] INFO  server.RaftServer$Division (RaftServerImpl.java:start(342)) - 68e68f39-32fc-4b84-93e4-f20720881325@group-41E0CD0E9AF8: start as a follower, conf=-1: peers:[68e68f39-32fc-4b84-93e4-f20720881325|rpc:10.1.26.0:15068|admin:10.1.26.0:15067|client:10.1.26.0:15066|dataStream:10.1.26.0:15069|priority:0|startupRole:FOLLOWER, 3444f24d-5019-4db9-b49c-a7d3f58b79dc|rpc:10.1.26.0:15086|admin:10.1.26.0:15085|client:10.1.26.0:15084|dataStream:10.1.26.0:15087|priority:1|startupRole:FOLLOWER, 37ff51e8-4d98-426c-9b80-6778ef5a23bd|rpc:10.1.26.0:15077|admin:10.1.26.0:15076|client:10.1.26.0:15075|dataStream:10.1.26.0:15078|priority:0|startupRole:FOLLOWER]|listeners:[], old=null
2023-06-02 19:46:34,283 [68e68f39-32fc-4b84-93e4-f20720881325-groupManagement] INFO  server.RaftServer$Division (RaftServerImpl.java:setRole(329)) - 68e68f39-32fc-4b84-93e4-f20720881325@group-41E0CD0E9AF8: changes role from      null to FOLLOWER at term 0 for startAsFollower
2023-06-02 19:46:34,284 [68e68f39-32fc-4b84-93e4-f20720881325-groupManagement] INFO  impl.RoleInfo (RoleInfo.java:updateAndGet(139)) - 68e68f39-32fc-4b84-93e4-f20720881325: start 68e68f39-32fc-4b84-93e4-f20720881325@group-41E0CD0E9AF8-FollowerState
2023-06-02 19:46:34,293 [68e68f39-32fc-4b84-93e4-f20720881325-groupManagement] INFO  util.JmxRegister (JmxRegister.java:tryRegister(44)) - Successfully registered JMX Bean with object name Ratis:service=RaftServer,group=group-41E0CD0E9AF8,id=68e68f39-32fc-4b84-93e4-f20720881325
2023-06-02 19:46:34,293 [68e68f39-32fc-4b84-93e4-f20720881325-groupManagement] INFO  server.RaftServerConfigKeys (ConfUtils.java:logGet(46)) - raft.server.snapshot.auto.trigger.enabled = true (custom)
2023-06-02 19:46:34,293 [68e68f39-32fc-4b84-93e4-f20720881325-groupManagement] INFO  server.RaftServerConfigKeys (ConfUtils.java:logGet(46)) - raft.server.snapshot.auto.trigger.threshold = 10000 (custom)
2023-06-02 19:46:34,293 [68e68f39-32fc-4b84-93e4-f20720881325-groupManagement] INFO  server.RaftServerConfigKeys (ConfUtils.java:logGet(46)) - raft.server.snapshot.retention.file.num = 5 (custom)
2023-06-02 19:46:34,293 [68e68f39-32fc-4b84-93e4-f20720881325-groupManagement] INFO  server.RaftServerConfigKeys (ConfUtils.java:logGet(46)) - raft.server.log.purge.upto.snapshot.index = false (default)
2023-06-02 19:46:34,295 [68e68f39-32fc-4b84-93e4-f20720881325@group-41E0CD0E9AF8-FollowerState] INFO  server.RaftServerConfigKeys (ConfUtils.java:logFallback(53)) - raft.server.rpc.first-election.timeout.min = 5s (fallback to raft.server.rpc.timeout.min)
2023-06-02 19:46:34,295 [68e68f39-32fc-4b84-93e4-f20720881325@group-41E0CD0E9AF8-FollowerState] INFO  server.RaftServerConfigKeys (ConfUtils.java:logFallback(53)) - raft.server.rpc.first-election.timeout.max = 5200ms (fallback to raft.server.rpc.timeout.max)
2023-06-02 19:46:34,295 [PipelineCommandHandlerThread-0] INFO  ratis.XceiverServerRatis (XceiverServerRatis.java:addGroup(804)) - Created group PipelineID=b5b8cea2-c681-4998-9b81-41e0cd0e9af8
2023-06-02 19:46:34,314 [grpc-default-executor-0] INFO  server.RaftServer (RaftServerProxy.java:addNew(98)) - 3444f24d-5019-4db9-b49c-a7d3f58b79dc: addNew group-41E0CD0E9AF8:[68e68f39-32fc-4b84-93e4-f20720881325|rpc:10.1.26.0:15068|admin:10.1.26.0:15067|client:10.1.26.0:15066|dataStream:10.1.26.0:15069|priority:0|startupRole:FOLLOWER, 3444f24d-5019-4db9-b49c-a7d3f58b79dc|rpc:10.1.26.0:15086|admin:10.1.26.0:15085|client:10.1.26.0:15084|dataStream:10.1.26.0:15087|priority:1|startupRole:FOLLOWER, 37ff51e8-4d98-426c-9b80-6778ef5a23bd|rpc:10.1.26.0:15077|admin:10.1.26.0:15076|client:10.1.26.0:15075|dataStream:10.1.26.0:15078|priority:0|startupRole:FOLLOWER] returns group-41E0CD0E9AF8:java.util.concurrent.CompletableFuture@8255f8a[Not completed]
2023-06-02 19:46:34,315 [IPC Server handler 12 on default port 15002] INFO  net.NetworkTopologyImpl (NetworkTopologyImpl.java:add(112)) - Added a new node: /default-rack/b4e9a744-1e05-4b97-b8d6-36b228de0114
2023-06-02 19:46:34,316 [IPC Server handler 12 on default port 15002] INFO  node.SCMNodeManager (SCMNodeManager.java:register(407)) - Registered Data node : b4e9a744-1e05-4b97-b8d6-36b228de0114{ip: 10.1.26.0, host: fv-az459-618.msq0az1vewme3jsxyslsv0htic.jx.internal.cloudapp.net, ports: [HTTP=15117, CLIENT_RPC=15118, REPLICATION=15124, RATIS=15120, RATIS_ADMIN=15121, RATIS_SERVER=15122, RATIS_DATASTREAM=15123, STANDALONE=15119], networkLocation: /default-rack, certSerialId: null, persistedOpState: null, persistedOpStateExpiryEpochSec: 0}
2023-06-02 19:46:34,316 [EventQueue-NewNodeForNewNodeHandler] INFO  pipeline.BackgroundPipelineCreator (BackgroundPipelineCreator.java:notifyEventTriggered(276)) - trigger a one-shot run on RatisPipelineUtilsThread.
2023-06-02 19:46:34,317 [RatisPipelineUtilsThread - 0] WARN  pipeline.PipelinePlacementPolicy (PipelinePlacementPolicy.java:filterViableNodes(160)) - Pipeline creation failed due to no sufficient healthy datanodes. Required 3. Found 1. Excluded 12.
2023-06-02 19:46:34,317 [3444f24d-5019-4db9-b49c-a7d3f58b79dc-groupManagement] INFO  server.RaftServer$Division (RaftServerImpl.java:<init>(198)) - 3444f24d-5019-4db9-b49c-a7d3f58b79dc: new RaftServerImpl for group-41E0CD0E9AF8:[68e68f39-32fc-4b84-93e4-f20720881325|rpc:10.1.26.0:15068|admin:10.1.26.0:15067|client:10.1.26.0:15066|dataStream:10.1.26.0:15069|priority:0|startupRole:FOLLOWER, 3444f24d-5019-4db9-b49c-a7d3f58b79dc|rpc:10.1.26.0:15086|admin:10.1.26.0:15085|client:10.1.26.0:15084|dataStream:10.1.26.0:15087|priority:1|startupRole:FOLLOWER, 37ff51e8-4d98-426c-9b80-6778ef5a23bd|rpc:10.1.26.0:15077|admin:10.1.26.0:15076|client:10.1.26.0:15075|dataStream:10.1.26.0:15078|priority:0|startupRole:FOLLOWER] with ContainerStateMachine:uninitialized
2023-06-02 19:46:34,318 [3444f24d-5019-4db9-b49c-a7d3f58b79dc-groupManagement] INFO  server.RaftServerConfigKeys (ConfUtils.java:logGet(46)) - raft.server.rpc.timeout.min = 5s (custom)
2023-06-02 19:46:34,318 [3444f24d-5019-4db9-b49c-a7d3f58b79dc-groupManagement] INFO  server.RaftServerConfigKeys (ConfUtils.java:logGet(46)) - raft.server.rpc.timeout.max = 5200ms (custom)
2023-06-02 19:46:34,318 [3444f24d-5019-4db9-b49c-a7d3f58b79dc-groupManagement] INFO  server.RaftServerConfigKeys (ConfUtils.java:logGet(46)) - raft.server.rpc.sleep.time = 25ms (default)
2023-06-02 19:46:34,318 [3444f24d-5019-4db9-b49c-a7d3f58b79dc-groupManagement] INFO  server.RaftServerConfigKeys (ConfUtils.java:logGet(46)) - raft.server.rpc.slowness.timeout = 300s (custom)
2023-06-02 19:46:34,318 [3444f24d-5019-4db9-b49c-a7d3f58b79dc-groupManagement] INFO  server.RaftServerConfigKeys (ConfUtils.java:logGet(46)) - raft.server.leaderelection.leader.step-down.wait-time = 10s (default)
2023-06-02 19:46:34,318 [3444f24d-5019-4db9-b49c-a7d3f58b79dc-groupManagement] INFO  server.RaftServerConfigKeys (ConfUtils.java:logGet(46)) - raft.server.sleep.deviation.threshold = 300ms (default)
2023-06-02 19:46:34,318 [3444f24d-5019-4db9-b49c-a7d3f58b79dc-groupManagement] INFO  server.RaftServer$Division (ServerState.java:<init>(120)) - 3444f24d-5019-4db9-b49c-a7d3f58b79dc@group-41E0CD0E9AF8: ConfigurationManager, init=-1: peers:[68e68f39-32fc-4b84-93e4-f20720881325|rpc:10.1.26.0:15068|admin:10.1.26.0:15067|client:10.1.26.0:15066|dataStream:10.1.26.0:15069|priority:0|startupRole:FOLLOWER, 3444f24d-5019-4db9-b49c-a7d3f58b79dc|rpc:10.1.26.0:15086|admin:10.1.26.0:15085|client:10.1.26.0:15084|dataStream:10.1.26.0:15087|priority:1|startupRole:FOLLOWER, 37ff51e8-4d98-426c-9b80-6778ef5a23bd|rpc:10.1.26.0:15077|admin:10.1.26.0:15076|client:10.1.26.0:15075|dataStream:10.1.26.0:15078|priority:0|startupRole:FOLLOWER]|listeners:[], old=null, confs=<EMPTY_MAP>
2023-06-02 19:46:34,318 [3444f24d-5019-4db9-b49c-a7d3f58b79dc-groupManagement] INFO  server.RaftServerConfigKeys (ConfUtils.java:logGet(46)) - raft.server.storage.dir = [/home/runner/work/ozone/ozone/hadoop-ozone/integration-test/target/test-dir/MiniOzoneClusterImpl-e4789928-4fd4-479e-857e-ac334458de01/datanode-8/data/ratis] (custom)
2023-06-02 19:46:34,319 [3444f24d-5019-4db9-b49c-a7d3f58b79dc-groupManagement] INFO  server.RaftServerConfigKeys (ConfUtils.java:logGet(46)) - raft.server.log.corruption.policy = EXCEPTION (default)
2023-06-02 19:46:34,319 [3444f24d-5019-4db9-b49c-a7d3f58b79dc-groupManagement] INFO  server.RaftServerConfigKeys (ConfUtils.java:logGet(46)) - raft.server.storage.free-space.min = 0MB (=0) (default)
2023-06-02 19:46:34,320 [3444f24d-5019-4db9-b49c-a7d3f58b79dc-groupManagement] INFO  server.RaftServerConfigKeys (ConfUtils.java:logGet(46)) - raft.server.notification.no-leader.timeout = 300s (custom)
2023-06-02 19:46:34,320 [3444f24d-5019-4db9-b49c-a7d3f58b79dc-groupManagement] INFO  server.RaftServerConfigKeys (ConfUtils.java:logGet(46)) - raft.server.read.timeout = 10s (default)
2023-06-02 19:46:34,320 [3444f24d-5019-4db9-b49c-a7d3f58b79dc-groupManagement] INFO  server.RaftServerConfigKeys (ConfUtils.java:logGet(46)) - raft.server.retrycache.expirytime = 600000ms (custom)
2023-06-02 19:46:34,320 [3444f24d-5019-4db9-b49c-a7d3f58b79dc-groupManagement] INFO  server.RaftServerConfigKeys (ConfUtils.java:logGet(46)) - raft.server.retrycache.statistics.expirytime = 100μs (default)
2023-06-02 19:46:34,320 [3444f24d-5019-4db9-b49c-a7d3f58b79dc-groupManagement] INFO  server.RaftServerConfigKeys (ConfUtils.java:logGet(46)) - raft.server.read.option = DEFAULT (default)
2023-06-02 19:46:34,324 [3444f24d-5019-4db9-b49c-a7d3f58b79dc-groupManagement] INFO  server.RaftServerConfigKeys (ConfUtils.java:logGet(46)) - raft.server.rpc.request.timeout = 60s (custom)
2023-06-02 19:46:34,324 [3444f24d-5019-4db9-b49c-a7d3f58b79dc-groupManagement] INFO  server.RaftServerConfigKeys (ConfUtils.java:logGet(46)) - raft.server.log.appender.install.snapshot.enabled = false (custom)
2023-06-02 19:46:34,324 [3444f24d-5019-4db9-b49c-a7d3f58b79dc-groupManagement] INFO  server.RaftServerConfigKeys (ConfUtils.java:logGet(46)) - raft.server.threadpool.server.cached = true (default)
2023-06-02 19:46:34,324 [3444f24d-5019-4db9-b49c-a7d3f58b79dc-groupManagement] INFO  server.RaftServerConfigKeys (ConfUtils.java:logGet(46)) - raft.server.threadpool.server.size = 0 (default)
2023-06-02 19:46:34,324 [3444f24d-5019-4db9-b49c-a7d3f58b79dc-groupManagement] INFO  server.RaftServerConfigKeys (ConfUtils.java:logGet(46)) - raft.server.threadpool.client.cached = true (default)
2023-06-02 19:46:34,324 [3444f24d-5019-4db9-b49c-a7d3f58b79dc-groupManagement] INFO  server.RaftServerConfigKeys (ConfUtils.java:logGet(46)) - raft.server.threadpool.client.size = 0 (default)
2023-06-02 19:46:34,324 [3444f24d-5019-4db9-b49c-a7d3f58b79dc-groupManagement] INFO  storage.RaftStorageDirectory (RaftStorageDirectoryImpl.java:analyzeStorage(137)) - The storage directory /home/runner/work/ozone/ozone/hadoop-ozone/integration-test/target/test-dir/MiniOzoneClusterImpl-e4789928-4fd4-479e-857e-ac334458de01/datanode-8/data/ratis/b5b8cea2-c681-4998-9b81-41e0cd0e9af8 does not exist. Creating ...
2023-06-02 19:46:34,328 [3444f24d-5019-4db9-b49c-a7d3f58b79dc-groupManagement] INFO  storage.RaftStorageDirectory (RaftStorageDirectoryImpl.java:tryLock(231)) - Lock on /home/runner/work/ozone/ozone/hadoop-ozone/integration-test/target/test-dir/MiniOzoneClusterImpl-e4789928-4fd4-479e-857e-ac334458de01/datanode-8/data/ratis/b5b8cea2-c681-4998-9b81-41e0cd0e9af8/in_use.lock acquired by nodename 54141@fv-az459-618
2023-06-02 19:46:34,331 [3444f24d-5019-4db9-b49c-a7d3f58b79dc-groupManagement] INFO  storage.RaftStorage (RaftStorageImpl.java:format(96)) - Storage directory /home/runner/work/ozone/ozone/hadoop-ozone/integration-test/target/test-dir/MiniOzoneClusterImpl-e4789928-4fd4-479e-857e-ac334458de01/datanode-8/data/ratis/b5b8cea2-c681-4998-9b81-41e0cd0e9af8 has been successfully formatted.
2023-06-02 19:46:34,334 [3444f24d-5019-4db9-b49c-a7d3f58b79dc-groupManagement] INFO  ratis.ContainerStateMachine (ContainerStateMachine.java:loadSnapshot(262)) - group-41E0CD0E9AF8: The snapshot info is null. Setting the last applied indexto:(t:0, i:~)
2023-06-02 19:46:34,334 [3444f24d-5019-4db9-b49c-a7d3f58b79dc-groupManagement] INFO  server.RaftServerConfigKeys (ConfUtils.java:logGet(46)) - raft.server.log.use.memory = false (default)
2023-06-02 19:46:34,334 [3444f24d-5019-4db9-b49c-a7d3f58b79dc-groupManagement] INFO  server.RaftServerConfigKeys (ConfUtils.java:logGet(46)) - raft.server.log.purge.gap = 1000000 (custom)
2023-06-02 19:46:34,334 [3444f24d-5019-4db9-b49c-a7d3f58b79dc-groupManagement] INFO  server.RaftServerConfigKeys (ConfUtils.java:logGet(46)) - raft.server.log.appender.buffer.byte-limit = 33554432 (custom)
2023-06-02 19:46:34,334 [3444f24d-5019-4db9-b49c-a7d3f58b79dc-groupManagement] INFO  server.RaftServerConfigKeys (ConfUtils.java:logGet(46)) - raft.server.log.statemachine.data.read.timeout = 1000ms (default)
2023-06-02 19:46:34,334 [3444f24d-5019-4db9-b49c-a7d3f58b79dc-groupManagement] INFO  server.RaftServerConfigKeys (ConfUtils.java:logGet(46)) - raft.server.log.purge.preservation.log.num = 0 (default)
2023-06-02 19:46:34,335 [3444f24d-5019-4db9-b49c-a7d3f58b79dc-groupManagement] INFO  server.RaftServerConfigKeys (ConfUtils.java:logGet(46)) - raft.server.log.segment.size.max = 1048576 (custom)
2023-06-02 19:46:34,335 [3444f24d-5019-4db9-b49c-a7d3f58b79dc-groupManagement] INFO  server.RaftServerConfigKeys (ConfUtils.java:logGet(46)) - raft.server.log.segment.cache.num.max = 2 (custom)
2023-06-02 19:46:34,335 [3444f24d-5019-4db9-b49c-a7d3f58b79dc-groupManagement] INFO  server.RaftServerConfigKeys (ConfUtils.java:logGet(46)) - raft.server.log.segment.cache.size.max = 200MB (=209715200) (default)
2023-06-02 19:46:34,336 [3444f24d-5019-4db9-b49c-a7d3f58b79dc-groupManagement] INFO  server.RaftServerConfigKeys (ConfUtils.java:logGet(46)) - raft.server.log.appender.buffer.byte-limit = 33554432 (custom)
2023-06-02 19:46:34,336 [3444f24d-5019-4db9-b49c-a7d3f58b79dc-groupManagement] INFO  segmented.SegmentedRaftLogWorker (SegmentedRaftLogWorker.java:<init>(188)) - new 3444f24d-5019-4db9-b49c-a7d3f58b79dc@group-41E0CD0E9AF8-SegmentedRaftLogWorker for RaftStorageImpl:Storage Directory /home/runner/work/ozone/ozone/hadoop-ozone/integration-test/target/test-dir/MiniOzoneClusterImpl-e4789928-4fd4-479e-857e-ac334458de01/datanode-8/data/ratis/b5b8cea2-c681-4998-9b81-41e0cd0e9af8
2023-06-02 19:46:34,336 [3444f24d-5019-4db9-b49c-a7d3f58b79dc-groupManagement] INFO  server.RaftServerConfigKeys (ConfUtils.java:logGet(46)) - raft.server.log.queue.byte-limit = 4294967296 (custom)
2023-06-02 19:46:34,336 [3444f24d-5019-4db9-b49c-a7d3f58b79dc-groupManagement] INFO  server.RaftServerConfigKeys (ConfUtils.java:logGet(46)) - raft.server.log.queue.element-limit = 1024 (custom)
2023-06-02 19:46:34,336 [3444f24d-5019-4db9-b49c-a7d3f58b79dc-groupManagement] INFO  server.RaftServerConfigKeys (ConfUtils.java:logGet(46)) - raft.server.log.segment.size.max = 1048576 (custom)
2023-06-02 19:46:34,336 [3444f24d-5019-4db9-b49c-a7d3f58b79dc-groupManagement] INFO  server.RaftServerConfigKeys (ConfUtils.java:logGet(46)) - raft.server.log.preallocated.size = 16384 (custom)
2023-06-02 19:46:34,336 [3444f24d-5019-4db9-b49c-a7d3f58b79dc-groupManagement] INFO  server.RaftServerConfigKeys (ConfUtils.java:logGet(46)) - raft.server.log.force.sync.num = 128 (default)
2023-06-02 19:46:34,336 [3444f24d-5019-4db9-b49c-a7d3f58b79dc-groupManagement] INFO  server.RaftServerConfigKeys (ConfUtils.java:logGet(46)) - raft.server.log.statemachine.data.sync = true (default)
2023-06-02 19:46:34,336 [3444f24d-5019-4db9-b49c-a7d3f58b79dc-groupManagement] INFO  server.RaftServerConfigKeys (ConfUtils.java:logGet(46)) - raft.server.log.statemachine.data.sync.timeout = 10s (default)
2023-06-02 19:46:34,336 [3444f24d-5019-4db9-b49c-a7d3f58b79dc-groupManagement] INFO  server.RaftServerConfigKeys (ConfUtils.java:logGet(46)) - raft.server.log.statemachine.data.sync.timeout.retry = -1 (default)
2023-06-02 19:46:34,337 [3444f24d-5019-4db9-b49c-a7d3f58b79dc-groupManagement] INFO  server.RaftServerConfigKeys (ConfUtils.java:logGet(46)) - raft.server.log.write.buffer.size = 1048576 (custom)
2023-06-02 19:46:34,339 [3444f24d-5019-4db9-b49c-a7d3f58b79dc-groupManagement] INFO  server.RaftServerConfigKeys (ConfUtils.java:logGet(46)) - raft.server.log.appender.buffer.byte-limit = 33554432 (custom)
2023-06-02 19:46:34,345 [3444f24d-5019-4db9-b49c-a7d3f58b79dc-groupManagement] INFO  server.RaftServerConfigKeys (ConfUtils.java:logGet(46)) - raft.server.log.unsafe-flush.enabled = false (default)
2023-06-02 19:46:34,345 [3444f24d-5019-4db9-b49c-a7d3f58b79dc-groupManagement] INFO  server.RaftServerConfigKeys (ConfUtils.java:logGet(46)) - raft.server.log.async-flush.enabled = false (default)
2023-06-02 19:46:34,345 [3444f24d-5019-4db9-b49c-a7d3f58b79dc-groupManagement] INFO  server.RaftServerConfigKeys (ConfUtils.java:logGet(46)) - raft.server.log.statemachine.data.caching.enabled = true (custom)
2023-06-02 19:46:34,345 [3444f24d-5019-4db9-b49c-a7d3f58b79dc-groupManagement] INFO  segmented.SegmentedRaftLogWorker (SegmentedRaftLogWorker.java:lambda$new$0(135)) - 3444f24d-5019-4db9-b49c-a7d3f58b79dc@group-41E0CD0E9AF8-SegmentedRaftLogWorker: flushIndex: setUnconditionally 0 -> -1
2023-06-02 19:46:34,345 [3444f24d-5019-4db9-b49c-a7d3f58b79dc-groupManagement] INFO  segmented.SegmentedRaftLogWorker (SegmentedRaftLogWorker.java:lambda$new$0(135)) - 3444f24d-5019-4db9-b49c-a7d3f58b79dc@group-41E0CD0E9AF8-SegmentedRaftLogWorker: safeCacheEvictIndex: setUnconditionally 0 -> -1
2023-06-02 19:46:34,345 [3444f24d-5019-4db9-b49c-a7d3f58b79dc-groupManagement] INFO  server.RaftServer$Division (RaftServerImpl.java:start(342)) - 3444f24d-5019-4db9-b49c-a7d3f58b79dc@group-41E0CD0E9AF8: start as a follower, conf=-1: peers:[68e68f39-32fc-4b84-93e4-f20720881325|rpc:10.1.26.0:15068|admin:10.1.26.0:15067|client:10.1.26.0:15066|dataStream:10.1.26.0:15069|priority:0|startupRole:FOLLOWER, 3444f24d-5019-4db9-b49c-a7d3f58b79dc|rpc:10.1.26.0:15086|admin:10.1.26.0:15085|client:10.1.26.0:15084|dataStream:10.1.26.0:15087|priority:1|startupRole:FOLLOWER, 37ff51e8-4d98-426c-9b80-6778ef5a23bd|rpc:10.1.26.0:15077|admin:10.1.26.0:15076|client:10.1.26.0:15075|dataStream:10.1.26.0:15078|priority:0|startupRole:FOLLOWER]|listeners:[], old=null
2023-06-02 19:46:34,346 [3444f24d-5019-4db9-b49c-a7d3f58b79dc-groupManagement] INFO  server.RaftServer$Division (RaftServerImpl.java:setRole(329)) - 3444f24d-5019-4db9-b49c-a7d3f58b79dc@group-41E0CD0E9AF8: changes role from      null to FOLLOWER at term 0 for startAsFollower
2023-06-02 19:46:34,346 [3444f24d-5019-4db9-b49c-a7d3f58b79dc-groupManagement] INFO  impl.RoleInfo (RoleInfo.java:updateAndGet(139)) - 3444f24d-5019-4db9-b49c-a7d3f58b79dc: start 3444f24d-5019-4db9-b49c-a7d3f58b79dc@group-41E0CD0E9AF8-FollowerState
2023-06-02 19:46:34,346 [3444f24d-5019-4db9-b49c-a7d3f58b79dc-groupManagement] INFO  util.JmxRegister (JmxRegister.java:tryRegister(44)) - Successfully registered JMX Bean with object name Ratis:service=RaftServer,group=group-41E0CD0E9AF8,id=3444f24d-5019-4db9-b49c-a7d3f58b79dc
2023-06-02 19:46:34,346 [3444f24d-5019-4db9-b49c-a7d3f58b79dc-groupManagement] INFO  server.RaftServerConfigKeys (ConfUtils.java:logGet(46)) - raft.server.snapshot.auto.trigger.enabled = true (custom)
2023-06-02 19:46:34,346 [3444f24d-5019-4db9-b49c-a7d3f58b79dc-groupManagement] INFO  server.RaftServerConfigKeys (ConfUtils.java:logGet(46)) - raft.server.snapshot.auto.trigger.threshold = 10000 (custom)
2023-06-02 19:46:34,346 [3444f24d-5019-4db9-b49c-a7d3f58b79dc-groupManagement] INFO  server.RaftServerConfigKeys (ConfUtils.java:logGet(46)) - raft.server.snapshot.retention.file.num = 5 (custom)
2023-06-02 19:46:34,346 [3444f24d-5019-4db9-b49c-a7d3f58b79dc-groupManagement] INFO  server.RaftServerConfigKeys (ConfUtils.java:logGet(46)) - raft.server.log.purge.upto.snapshot.index = false (default)
2023-06-02 19:46:34,347 [3444f24d-5019-4db9-b49c-a7d3f58b79dc@group-41E0CD0E9AF8-FollowerState] INFO  server.RaftServerConfigKeys (ConfUtils.java:logFallback(53)) - raft.server.rpc.first-election.timeout.min = 5s (fallback to raft.server.rpc.timeout.min)
2023-06-02 19:46:34,347 [3444f24d-5019-4db9-b49c-a7d3f58b79dc@group-41E0CD0E9AF8-FollowerState] INFO  server.RaftServerConfigKeys (ConfUtils.java:logFallback(53)) - raft.server.rpc.first-election.timeout.max = 5200ms (fallback to raft.server.rpc.timeout.max)
2023-06-02 19:46:34,375 [grpc-default-executor-0] INFO  server.RaftServer (RaftServerProxy.java:addNew(98)) - 37ff51e8-4d98-426c-9b80-6778ef5a23bd: addNew group-41E0CD0E9AF8:[68e68f39-32fc-4b84-93e4-f20720881325|rpc:10.1.26.0:15068|admin:10.1.26.0:15067|client:10.1.26.0:15066|dataStream:10.1.26.0:15069|priority:0|startupRole:FOLLOWER, 3444f24d-5019-4db9-b49c-a7d3f58b79dc|rpc:10.1.26.0:15086|admin:10.1.26.0:15085|client:10.1.26.0:15084|dataStream:10.1.26.0:15087|priority:1|startupRole:FOLLOWER, 37ff51e8-4d98-426c-9b80-6778ef5a23bd|rpc:10.1.26.0:15077|admin:10.1.26.0:15076|client:10.1.26.0:15075|dataStream:10.1.26.0:15078|priority:0|startupRole:FOLLOWER] returns group-41E0CD0E9AF8:java.util.concurrent.CompletableFuture@4dcdf7c5[Not completed]
2023-06-02 19:46:34,378 [37ff51e8-4d98-426c-9b80-6778ef5a23bd-groupManagement] INFO  server.RaftServer$Division (RaftServerImpl.java:<init>(198)) - 37ff51e8-4d98-426c-9b80-6778ef5a23bd: new RaftServerImpl for group-41E0CD0E9AF8:[68e68f39-32fc-4b84-93e4-f20720881325|rpc:10.1.26.0:15068|admin:10.1.26.0:15067|client:10.1.26.0:15066|dataStream:10.1.26.0:15069|priority:0|startupRole:FOLLOWER, 3444f24d-5019-4db9-b49c-a7d3f58b79dc|rpc:10.1.26.0:15086|admin:10.1.26.0:15085|client:10.1.26.0:15084|dataStream:10.1.26.0:15087|priority:1|startupRole:FOLLOWER, 37ff51e8-4d98-426c-9b80-6778ef5a23bd|rpc:10.1.26.0:15077|admin:10.1.26.0:15076|client:10.1.26.0:15075|dataStream:10.1.26.0:15078|priority:0|startupRole:FOLLOWER] with ContainerStateMachine:uninitialized
2023-06-02 19:46:34,378 [37ff51e8-4d98-426c-9b80-6778ef5a23bd-groupManagement] INFO  server.RaftServerConfigKeys (ConfUtils.java:logGet(46)) - raft.server.rpc.timeout.min = 5s (custom)
2023-06-02 19:46:34,378 [37ff51e8-4d98-426c-9b80-6778ef5a23bd-groupManagement] INFO  server.RaftServerConfigKeys (ConfUtils.java:logGet(46)) - raft.server.rpc.timeout.max = 5200ms (custom)
2023-06-02 19:46:34,379 [37ff51e8-4d98-426c-9b80-6778ef5a23bd-groupManagement] INFO  server.RaftServerConfigKeys (ConfUtils.java:logGet(46)) - raft.server.rpc.sleep.time = 25ms (default)
2023-06-02 19:46:34,379 [37ff51e8-4d98-426c-9b80-6778ef5a23bd-groupManagement] INFO  server.RaftServerConfigKeys (ConfUtils.java:logGet(46)) - raft.server.rpc.slowness.timeout = 300s (custom)
2023-06-02 19:46:34,379 [37ff51e8-4d98-426c-9b80-6778ef5a23bd-groupManagement] INFO  server.RaftServerConfigKeys (ConfUtils.java:logGet(46)) - raft.server.leaderelection.leader.step-down.wait-time = 10s (default)
2023-06-02 19:46:34,379 [37ff51e8-4d98-426c-9b80-6778ef5a23bd-groupManagement] INFO  server.RaftServerConfigKeys (ConfUtils.java:logGet(46)) - raft.server.sleep.deviation.threshold = 300ms (default)
2023-06-02 19:46:34,379 [37ff51e8-4d98-426c-9b80-6778ef5a23bd-groupManagement] INFO  server.RaftServer$Division (ServerState.java:<init>(120)) - 37ff51e8-4d98-426c-9b80-6778ef5a23bd@group-41E0CD0E9AF8: ConfigurationManager, init=-1: peers:[68e68f39-32fc-4b84-93e4-f20720881325|rpc:10.1.26.0:15068|admin:10.1.26.0:15067|client:10.1.26.0:15066|dataStream:10.1.26.0:15069|priority:0|startupRole:FOLLOWER, 3444f24d-5019-4db9-b49c-a7d3f58b79dc|rpc:10.1.26.0:15086|admin:10.1.26.0:15085|client:10.1.26.0:15084|dataStream:10.1.26.0:15087|priority:1|startupRole:FOLLOWER, 37ff51e8-4d98-426c-9b80-6778ef5a23bd|rpc:10.1.26.0:15077|admin:10.1.26.0:15076|client:10.1.26.0:15075|dataStream:10.1.26.0:15078|priority:0|startupRole:FOLLOWER]|listeners:[], old=null, confs=<EMPTY_MAP>
2023-06-02 19:46:34,379 [37ff51e8-4d98-426c-9b80-6778ef5a23bd-groupManagement] INFO  server.RaftServerConfigKeys (ConfUtils.java:logGet(46)) - raft.server.storage.dir = [/home/runner/work/ozone/ozone/hadoop-ozone/integration-test/target/test-dir/MiniOzoneClusterImpl-e4789928-4fd4-479e-857e-ac334458de01/datanode-7/data/ratis] (custom)
2023-06-02 19:46:34,379 [37ff51e8-4d98-426c-9b80-6778ef5a23bd-groupManagement] INFO  server.RaftServerConfigKeys (ConfUtils.java:logGet(46)) - raft.server.log.corruption.policy = EXCEPTION (default)
2023-06-02 19:46:34,379 [37ff51e8-4d98-426c-9b80-6778ef5a23bd-groupManagement] INFO  server.RaftServerConfigKeys (ConfUtils.java:logGet(46)) - raft.server.storage.free-space.min = 0MB (=0) (default)
2023-06-02 19:46:34,380 [37ff51e8-4d98-426c-9b80-6778ef5a23bd-groupManagement] INFO  server.RaftServerConfigKeys (ConfUtils.java:logGet(46)) - raft.server.notification.no-leader.timeout = 300s (custom)
2023-06-02 19:46:34,380 [37ff51e8-4d98-426c-9b80-6778ef5a23bd-groupManagement] INFO  server.RaftServerConfigKeys (ConfUtils.java:logGet(46)) - raft.server.read.timeout = 10s (default)
2023-06-02 19:46:34,380 [37ff51e8-4d98-426c-9b80-6778ef5a23bd-groupManagement] INFO  server.RaftServerConfigKeys (ConfUtils.java:logGet(46)) - raft.server.retrycache.expirytime = 600000ms (custom)
2023-06-02 19:46:34,380 [37ff51e8-4d98-426c-9b80-6778ef5a23bd-groupManagement] INFO  server.RaftServerConfigKeys (ConfUtils.java:logGet(46)) - raft.server.retrycache.statistics.expirytime = 100μs (default)
2023-06-02 19:46:34,380 [37ff51e8-4d98-426c-9b80-6778ef5a23bd-groupManagement] INFO  server.RaftServerConfigKeys (ConfUtils.java:logGet(46)) - raft.server.read.option = DEFAULT (default)
2023-06-02 19:46:34,385 [37ff51e8-4d98-426c-9b80-6778ef5a23bd-groupManagement] INFO  server.RaftServerConfigKeys (ConfUtils.java:logGet(46)) - raft.server.rpc.request.timeout = 60s (custom)
2023-06-02 19:46:34,385 [37ff51e8-4d98-426c-9b80-6778ef5a23bd-groupManagement] INFO  server.RaftServerConfigKeys (ConfUtils.java:logGet(46)) - raft.server.log.appender.install.snapshot.enabled = false (custom)
2023-06-02 19:46:34,385 [37ff51e8-4d98-426c-9b80-6778ef5a23bd-groupManagement] INFO  server.RaftServerConfigKeys (ConfUtils.java:logGet(46)) - raft.server.threadpool.server.cached = true (default)
2023-06-02 19:46:34,385 [37ff51e8-4d98-426c-9b80-6778ef5a23bd-groupManagement] INFO  server.RaftServerConfigKeys (ConfUtils.java:logGet(46)) - raft.server.threadpool.server.size = 0 (default)
2023-06-02 19:46:34,385 [37ff51e8-4d98-426c-9b80-6778ef5a23bd-groupManagement] INFO  server.RaftServerConfigKeys (ConfUtils.java:logGet(46)) - raft.server.threadpool.client.cached = true (default)
2023-06-02 19:46:34,385 [37ff51e8-4d98-426c-9b80-6778ef5a23bd-groupManagement] INFO  server.RaftServerConfigKeys (ConfUtils.java:logGet(46)) - raft.server.threadpool.client.size = 0 (default)
2023-06-02 19:46:34,385 [37ff51e8-4d98-426c-9b80-6778ef5a23bd-groupManagement] INFO  storage.RaftStorageDirectory (RaftStorageDirectoryImpl.java:analyzeStorage(137)) - The storage directory /home/runner/work/ozone/ozone/hadoop-ozone/integration-test/target/test-dir/MiniOzoneClusterImpl-e4789928-4fd4-479e-857e-ac334458de01/datanode-7/data/ratis/b5b8cea2-c681-4998-9b81-41e0cd0e9af8 does not exist. Creating ...
2023-06-02 19:46:34,387 [37ff51e8-4d98-426c-9b80-6778ef5a23bd-groupManagement] INFO  storage.RaftStorageDirectory (RaftStorageDirectoryImpl.java:tryLock(231)) - Lock on /home/runner/work/ozone/ozone/hadoop-ozone/integration-test/target/test-dir/MiniOzoneClusterImpl-e4789928-4fd4-479e-857e-ac334458de01/datanode-7/data/ratis/b5b8cea2-c681-4998-9b81-41e0cd0e9af8/in_use.lock acquired by nodename 54141@fv-az459-618
2023-06-02 19:46:34,388 [37ff51e8-4d98-426c-9b80-6778ef5a23bd-groupManagement] INFO  storage.RaftStorage (RaftStorageImpl.java:format(96)) - Storage directory /home/runner/work/ozone/ozone/hadoop-ozone/integration-test/target/test-dir/MiniOzoneClusterImpl-e4789928-4fd4-479e-857e-ac334458de01/datanode-7/data/ratis/b5b8cea2-c681-4998-9b81-41e0cd0e9af8 has been successfully formatted.
2023-06-02 19:46:34,390 [37ff51e8-4d98-426c-9b80-6778ef5a23bd-groupManagement] INFO  ratis.ContainerStateMachine (ContainerStateMachine.java:loadSnapshot(262)) - group-41E0CD0E9AF8: The snapshot info is null. Setting the last applied indexto:(t:0, i:~)
2023-06-02 19:46:34,390 [37ff51e8-4d98-426c-9b80-6778ef5a23bd-groupManagement] INFO  server.RaftServerConfigKeys (ConfUtils.java:logGet(46)) - raft.server.log.use.memory = false (default)
2023-06-02 19:46:34,390 [37ff51e8-4d98-426c-9b80-6778ef5a23bd-groupManagement] INFO  server.RaftServerConfigKeys (ConfUtils.java:logGet(46)) - raft.server.log.purge.gap = 1000000 (custom)
2023-06-02 19:46:34,390 [37ff51e8-4d98-426c-9b80-6778ef5a23bd-groupManagement] INFO  server.RaftServerConfigKeys (ConfUtils.java:logGet(46)) - raft.server.log.appender.buffer.byte-limit = 33554432 (custom)
2023-06-02 19:46:34,390 [37ff51e8-4d98-426c-9b80-6778ef5a23bd-groupManagement] INFO  server.RaftServerConfigKeys (ConfUtils.java:logGet(46)) - raft.server.log.statemachine.data.read.timeout = 1000ms (default)
2023-06-02 19:46:34,390 [37ff51e8-4d98-426c-9b80-6778ef5a23bd-groupManagement] INFO  server.RaftServerConfigKeys (ConfUtils.java:logGet(46)) - raft.server.log.purge.preservation.log.num = 0 (default)
2023-06-02 19:46:34,390 [37ff51e8-4d98-426c-9b80-6778ef5a23bd-groupManagement] INFO  server.RaftServerConfigKeys (ConfUtils.java:logGet(46)) - raft.server.log.segment.size.max = 1048576 (custom)
2023-06-02 19:46:34,394 [37ff51e8-4d98-426c-9b80-6778ef5a23bd-groupManagement] INFO  server.RaftServerConfigKeys (ConfUtils.java:logGet(46)) - raft.server.log.segment.cache.num.max = 2 (custom)
2023-06-02 19:46:34,394 [37ff51e8-4d98-426c-9b80-6778ef5a23bd-groupManagement] INFO  server.RaftServerConfigKeys (ConfUtils.java:logGet(46)) - raft.server.log.segment.cache.size.max = 200MB (=209715200) (default)
2023-06-02 19:46:34,394 [37ff51e8-4d98-426c-9b80-6778ef5a23bd-groupManagement] INFO  server.RaftServerConfigKeys (ConfUtils.java:logGet(46)) - raft.server.log.appender.buffer.byte-limit = 33554432 (custom)
2023-06-02 19:46:34,395 [37ff51e8-4d98-426c-9b80-6778ef5a23bd-groupManagement] INFO  segmented.SegmentedRaftLogWorker (SegmentedRaftLogWorker.java:<init>(188)) - new 37ff51e8-4d98-426c-9b80-6778ef5a23bd@group-41E0CD0E9AF8-SegmentedRaftLogWorker for RaftStorageImpl:Storage Directory /home/runner/work/ozone/ozone/hadoop-ozone/integration-test/target/test-dir/MiniOzoneClusterImpl-e4789928-4fd4-479e-857e-ac334458de01/datanode-7/data/ratis/b5b8cea2-c681-4998-9b81-41e0cd0e9af8
2023-06-02 19:46:34,395 [37ff51e8-4d98-426c-9b80-6778ef5a23bd-groupManagement] INFO  server.RaftServerConfigKeys (ConfUtils.java:logGet(46)) - raft.server.log.queue.byte-limit = 4294967296 (custom)
2023-06-02 19:46:34,395 [37ff51e8-4d98-426c-9b80-6778ef5a23bd-groupManagement] INFO  server.RaftServerConfigKeys (ConfUtils.java:logGet(46)) - raft.server.log.queue.element-limit = 1024 (custom)
2023-06-02 19:46:34,395 [37ff51e8-4d98-426c-9b80-6778ef5a23bd-groupManagement] INFO  server.RaftServerConfigKeys (ConfUtils.java:logGet(46)) - raft.server.log.segment.size.max = 1048576 (custom)
2023-06-02 19:46:34,396 [37ff51e8-4d98-426c-9b80-6778ef5a23bd-groupManagement] INFO  server.RaftServerConfigKeys (ConfUtils.java:logGet(46)) - raft.server.log.preallocated.size = 16384 (custom)
2023-06-02 19:46:34,396 [37ff51e8-4d98-426c-9b80-6778ef5a23bd-groupManagement] INFO  server.RaftServerConfigKeys (ConfUtils.java:logGet(46)) - raft.server.log.force.sync.num = 128 (default)
2023-06-02 19:46:34,396 [37ff51e8-4d98-426c-9b80-6778ef5a23bd-groupManagement] INFO  server.RaftServerConfigKeys (ConfUtils.java:logGet(46)) - raft.server.log.statemachine.data.sync = true (default)
2023-06-02 19:46:34,396 [37ff51e8-4d98-426c-9b80-6778ef5a23bd-groupManagement] INFO  server.RaftServerConfigKeys (ConfUtils.java:logGet(46)) - raft.server.log.statemachine.data.sync.timeout = 10s (default)
2023-06-02 19:46:34,396 [37ff51e8-4d98-426c-9b80-6778ef5a23bd-groupManagement] INFO  server.RaftServerConfigKeys (ConfUtils.java:logGet(46)) - raft.server.log.statemachine.data.sync.timeout.retry = -1 (default)
2023-06-02 19:46:34,399 [37ff51e8-4d98-426c-9b80-6778ef5a23bd-groupManagement] INFO  server.RaftServerConfigKeys (ConfUtils.java:logGet(46)) - raft.server.log.write.buffer.size = 1048576 (custom)
2023-06-02 19:46:34,400 [37ff51e8-4d98-426c-9b80-6778ef5a23bd-groupManagement] INFO  server.RaftServerConfigKeys (ConfUtils.java:logGet(46)) - raft.server.log.appender.buffer.byte-limit = 33554432 (custom)
2023-06-02 19:46:34,406 [37ff51e8-4d98-426c-9b80-6778ef5a23bd-groupManagement] INFO  server.RaftServerConfigKeys (ConfUtils.java:logGet(46)) - raft.server.log.unsafe-flush.enabled = false (default)
2023-06-02 19:46:34,406 [37ff51e8-4d98-426c-9b80-6778ef5a23bd-groupManagement] INFO  server.RaftServerConfigKeys (ConfUtils.java:logGet(46)) - raft.server.log.async-flush.enabled = false (default)
2023-06-02 19:46:34,406 [37ff51e8-4d98-426c-9b80-6778ef5a23bd-groupManagement] INFO  server.RaftServerConfigKeys (ConfUtils.java:logGet(46)) - raft.server.log.statemachine.data.caching.enabled = true (custom)
2023-06-02 19:46:34,406 [37ff51e8-4d98-426c-9b80-6778ef5a23bd-groupManagement] INFO  segmented.SegmentedRaftLogWorker (SegmentedRaftLogWorker.java:lambda$new$0(135)) - 37ff51e8-4d98-426c-9b80-6778ef5a23bd@group-41E0CD0E9AF8-SegmentedRaftLogWorker: flushIndex: setUnconditionally 0 -> -1
2023-06-02 19:46:34,406 [37ff51e8-4d98-426c-9b80-6778ef5a23bd-groupManagement] INFO  segmented.SegmentedRaftLogWorker (SegmentedRaftLogWorker.java:lambda$new$0(135)) - 37ff51e8-4d98-426c-9b80-6778ef5a23bd@group-41E0CD0E9AF8-SegmentedRaftLogWorker: safeCacheEvictIndex: setUnconditionally 0 -> -1
2023-06-02 19:46:34,406 [37ff51e8-4d98-426c-9b80-6778ef5a23bd-groupManagement] INFO  server.RaftServer$Division (RaftServerImpl.java:start(342)) - 37ff51e8-4d98-426c-9b80-6778ef5a23bd@group-41E0CD0E9AF8: start as a follower, conf=-1: peers:[68e68f39-32fc-4b84-93e4-f20720881325|rpc:10.1.26.0:15068|admin:10.1.26.0:15067|client:10.1.26.0:15066|dataStream:10.1.26.0:15069|priority:0|startupRole:FOLLOWER, 3444f24d-5019-4db9-b49c-a7d3f58b79dc|rpc:10.1.26.0:15086|admin:10.1.26.0:15085|client:10.1.26.0:15084|dataStream:10.1.26.0:15087|priority:1|startupRole:FOLLOWER, 37ff51e8-4d98-426c-9b80-6778ef5a23bd|rpc:10.1.26.0:15077|admin:10.1.26.0:15076|client:10.1.26.0:15075|dataStream:10.1.26.0:15078|priority:0|startupRole:FOLLOWER]|listeners:[], old=null
2023-06-02 19:46:34,407 [37ff51e8-4d98-426c-9b80-6778ef5a23bd-groupManagement] INFO  server.RaftServer$Division (RaftServerImpl.java:setRole(329)) - 37ff51e8-4d98-426c-9b80-6778ef5a23bd@group-41E0CD0E9AF8: changes role from      null to FOLLOWER at term 0 for startAsFollower
2023-06-02 19:46:34,407 [37ff51e8-4d98-426c-9b80-6778ef5a23bd-groupManagement] INFO  impl.RoleInfo (RoleInfo.java:updateAndGet(139)) - 37ff51e8-4d98-426c-9b80-6778ef5a23bd: start 37ff51e8-4d98-426c-9b80-6778ef5a23bd@group-41E0CD0E9AF8-FollowerState
2023-06-02 19:46:34,412 [37ff51e8-4d98-426c-9b80-6778ef5a23bd-groupManagement] INFO  util.JmxRegister (JmxRegister.java:tryRegister(44)) - Successfully registered JMX Bean with object name Ratis:service=RaftServer,group=group-41E0CD0E9AF8,id=37ff51e8-4d98-426c-9b80-6778ef5a23bd
2023-06-02 19:46:34,412 [37ff51e8-4d98-426c-9b80-6778ef5a23bd@group-41E0CD0E9AF8-FollowerState] INFO  server.RaftServerConfigKeys (ConfUtils.java:logFallback(53)) - raft.server.rpc.first-election.timeout.min = 5s (fallback to raft.server.rpc.timeout.min)
2023-06-02 19:46:34,412 [37ff51e8-4d98-426c-9b80-6778ef5a23bd@group-41E0CD0E9AF8-FollowerState] INFO  server.RaftServerConfigKeys (ConfUtils.java:logFallback(53)) - raft.server.rpc.first-election.timeout.max = 5200ms (fallback to raft.server.rpc.timeout.max)
2023-06-02 19:46:34,412 [37ff51e8-4d98-426c-9b80-6778ef5a23bd-groupManagement] INFO  server.RaftServerConfigKeys (ConfUtils.java:logGet(46)) - raft.server.snapshot.auto.trigger.enabled = true (custom)
2023-06-02 19:46:34,412 [37ff51e8-4d98-426c-9b80-6778ef5a23bd-groupManagement] INFO  server.RaftServerConfigKeys (ConfUtils.java:logGet(46)) - raft.server.snapshot.auto.trigger.threshold = 10000 (custom)
2023-06-02 19:46:34,412 [37ff51e8-4d98-426c-9b80-6778ef5a23bd-groupManagement] INFO  server.RaftServerConfigKeys (ConfUtils.java:logGet(46)) - raft.server.snapshot.retention.file.num = 5 (custom)
2023-06-02 19:46:34,412 [37ff51e8-4d98-426c-9b80-6778ef5a23bd-groupManagement] INFO  server.RaftServerConfigKeys (ConfUtils.java:logGet(46)) - raft.server.log.purge.upto.snapshot.index = false (default)
2023-06-02 19:46:34,427 [PipelineCommandHandlerThread-0] INFO  commandhandler.CreatePipelineCommandHandler (CreatePipelineCommandHandler.java:lambda$handle$2(124)) - Created Pipeline RATIS THREE PipelineID=b5b8cea2-c681-4998-9b81-41e0cd0e9af8.
2023-06-02 19:46:34,427 [PipelineCommandHandlerThread-0] INFO  server.RaftServer (RaftServerProxy.java:addNew(98)) - 68e68f39-32fc-4b84-93e4-f20720881325: addNew group-674B5112605D:[68e68f39-32fc-4b84-93e4-f20720881325|rpc:10.1.26.0:15068|admin:10.1.26.0:15067|client:10.1.26.0:15066|dataStream:10.1.26.0:15069|priority:1|startupRole:FOLLOWER, 3444f24d-5019-4db9-b49c-a7d3f58b79dc|rpc:10.1.26.0:15086|admin:10.1.26.0:15085|client:10.1.26.0:15084|dataStream:10.1.26.0:15087|priority:0|startupRole:FOLLOWER, 37ff51e8-4d98-426c-9b80-6778ef5a23bd|rpc:10.1.26.0:15077|admin:10.1.26.0:15076|client:10.1.26.0:15075|dataStream:10.1.26.0:15078|priority:0|startupRole:FOLLOWER] returns group-674B5112605D:java.util.concurrent.CompletableFuture@2be3c120[Not completed]
2023-06-02 19:46:34,428 [68e68f39-32fc-4b84-93e4-f20720881325-groupManagement] INFO  server.RaftServer$Division (RaftServerImpl.java:<init>(198)) - 68e68f39-32fc-4b84-93e4-f20720881325: new RaftServerImpl for group-674B5112605D:[68e68f39-32fc-4b84-93e4-f20720881325|rpc:10.1.26.0:15068|admin:10.1.26.0:15067|client:10.1.26.0:15066|dataStream:10.1.26.0:15069|priority:1|startupRole:FOLLOWER, 3444f24d-5019-4db9-b49c-a7d3f58b79dc|rpc:10.1.26.0:15086|admin:10.1.26.0:15085|client:10.1.26.0:15084|dataStream:10.1.26.0:15087|priority:0|startupRole:FOLLOWER, 37ff51e8-4d98-426c-9b80-6778ef5a23bd|rpc:10.1.26.0:15077|admin:10.1.26.0:15076|client:10.1.26.0:15075|dataStream:10.1.26.0:15078|priority:0|startupRole:FOLLOWER] with ContainerStateMachine:uninitialized
2023-06-02 19:46:34,428 [68e68f39-32fc-4b84-93e4-f20720881325-groupManagement] INFO  server.RaftServerConfigKeys (ConfUtils.java:logGet(46)) - raft.server.rpc.timeout.min = 5s (custom)
2023-06-02 19:46:34,428 [68e68f39-32fc-4b84-93e4-f20720881325-groupManagement] INFO  server.RaftServerConfigKeys (ConfUtils.java:logGet(46)) - raft.server.rpc.timeout.max = 5200ms (custom)
2023-06-02 19:46:34,428 [68e68f39-32fc-4b84-93e4-f20720881325-groupManagement] INFO  server.RaftServerConfigKeys (ConfUtils.java:logGet(46)) - raft.server.rpc.sleep.time = 25ms (default)
2023-06-02 19:46:34,428 [68e68f39-32fc-4b84-93e4-f20720881325-groupManagement] INFO  server.RaftServerConfigKeys (ConfUtils.java:logGet(46)) - raft.server.rpc.slowness.timeout = 300s (custom)
2023-06-02 19:46:34,428 [68e68f39-32fc-4b84-93e4-f20720881325-groupManagement] INFO  server.RaftServerConfigKeys (ConfUtils.java:logGet(46)) - raft.server.leaderelection.leader.step-down.wait-time = 10s (default)
2023-06-02 19:46:34,428 [68e68f39-32fc-4b84-93e4-f20720881325-groupManagement] INFO  server.RaftServerConfigKeys (ConfUtils.java:logGet(46)) - raft.server.sleep.deviation.threshold = 300ms (default)
2023-06-02 19:46:34,429 [68e68f39-32fc-4b84-93e4-f20720881325-groupManagement] INFO  server.RaftServer$Division (ServerState.java:<init>(120)) - 68e68f39-32fc-4b84-93e4-f20720881325@group-674B5112605D: ConfigurationManager, init=-1: peers:[68e68f39-32fc-4b84-93e4-f20720881325|rpc:10.1.26.0:15068|admin:10.1.26.0:15067|client:10.1.26.0:15066|dataStream:10.1.26.0:15069|priority:1|startupRole:FOLLOWER, 3444f24d-5019-4db9-b49c-a7d3f58b79dc|rpc:10.1.26.0:15086|admin:10.1.26.0:15085|client:10.1.26.0:15084|dataStream:10.1.26.0:15087|priority:0|startupRole:FOLLOWER, 37ff51e8-4d98-426c-9b80-6778ef5a23bd|rpc:10.1.26.0:15077|admin:10.1.26.0:15076|client:10.1.26.0:15075|dataStream:10.1.26.0:15078|priority:0|startupRole:FOLLOWER]|listeners:[], old=null, confs=<EMPTY_MAP>
2023-06-02 19:46:34,429 [68e68f39-32fc-4b84-93e4-f20720881325-groupManagement] INFO  server.RaftServerConfigKeys (ConfUtils.java:logGet(46)) - raft.server.storage.dir = [/home/runner/work/ozone/ozone/hadoop-ozone/integration-test/target/test-dir/MiniOzoneClusterImpl-e4789928-4fd4-479e-857e-ac334458de01/datanode-6/data/ratis] (custom)
2023-06-02 19:46:34,429 [68e68f39-32fc-4b84-93e4-f20720881325-groupManagement] INFO  server.RaftServerConfigKeys (ConfUtils.java:logGet(46)) - raft.server.log.corruption.policy = EXCEPTION (default)
2023-06-02 19:46:34,429 [68e68f39-32fc-4b84-93e4-f20720881325-groupManagement] INFO  server.RaftServerConfigKeys (ConfUtils.java:logGet(46)) - raft.server.storage.free-space.min = 0MB (=0) (default)
2023-06-02 19:46:34,429 [68e68f39-32fc-4b84-93e4-f20720881325-groupManagement] INFO  server.RaftServerConfigKeys (ConfUtils.java:logGet(46)) - raft.server.notification.no-leader.timeout = 300s (custom)
2023-06-02 19:46:34,429 [68e68f39-32fc-4b84-93e4-f20720881325-groupManagement] INFO  server.RaftServerConfigKeys (ConfUtils.java:logGet(46)) - raft.server.read.timeout = 10s (default)
2023-06-02 19:46:34,429 [68e68f39-32fc-4b84-93e4-f20720881325-groupManagement] INFO  server.RaftServerConfigKeys (ConfUtils.java:logGet(46)) - raft.server.retrycache.expirytime = 600000ms (custom)
2023-06-02 19:46:34,429 [68e68f39-32fc-4b84-93e4-f20720881325-groupManagement] INFO  server.RaftServerConfigKeys (ConfUtils.java:logGet(46)) - raft.server.retrycache.statistics.expirytime = 100μs (default)
2023-06-02 19:46:34,429 [68e68f39-32fc-4b84-93e4-f20720881325-groupManagement] INFO  server.RaftServerConfigKeys (ConfUtils.java:logGet(46)) - raft.server.read.option = DEFAULT (default)
2023-06-02 19:46:34,431 [68e68f39-32fc-4b84-93e4-f20720881325-groupManagement] INFO  server.RaftServerConfigKeys (ConfUtils.java:logGet(46)) - raft.server.rpc.request.timeout = 60s (custom)
2023-06-02 19:46:34,431 [68e68f39-32fc-4b84-93e4-f20720881325-groupManagement] INFO  server.RaftServerConfigKeys (ConfUtils.java:logGet(46)) - raft.server.log.appender.install.snapshot.enabled = false (custom)
2023-06-02 19:46:34,431 [68e68f39-32fc-4b84-93e4-f20720881325-groupManagement] INFO  server.RaftServerConfigKeys (ConfUtils.java:logGet(46)) - raft.server.threadpool.server.cached = true (default)
2023-06-02 19:46:34,431 [68e68f39-32fc-4b84-93e4-f20720881325-groupManagement] INFO  server.RaftServerConfigKeys (ConfUtils.java:logGet(46)) - raft.server.threadpool.server.size = 0 (default)
2023-06-02 19:46:34,431 [68e68f39-32fc-4b84-93e4-f20720881325-groupManagement] INFO  server.RaftServerConfigKeys (ConfUtils.java:logGet(46)) - raft.server.threadpool.client.cached = true (default)
2023-06-02 19:46:34,431 [68e68f39-32fc-4b84-93e4-f20720881325-groupManagement] INFO  server.RaftServerConfigKeys (ConfUtils.java:logGet(46)) - raft.server.threadpool.client.size = 0 (default)
2023-06-02 19:46:34,431 [68e68f39-32fc-4b84-93e4-f20720881325-groupManagement] INFO  storage.RaftStorageDirectory (RaftStorageDirectoryImpl.java:analyzeStorage(137)) - The storage directory /home/runner/work/ozone/ozone/hadoop-ozone/integration-test/target/test-dir/MiniOzoneClusterImpl-e4789928-4fd4-479e-857e-ac334458de01/datanode-6/data/ratis/a369836c-6100-40ff-9aaf-674b5112605d does not exist. Creating ...
2023-06-02 19:46:34,432 [68e68f39-32fc-4b84-93e4-f20720881325-groupManagement] INFO  storage.RaftStorageDirectory (RaftStorageDirectoryImpl.java:tryLock(231)) - Lock on /home/runner/work/ozone/ozone/hadoop-ozone/integration-test/target/test-dir/MiniOzoneClusterImpl-e4789928-4fd4-479e-857e-ac334458de01/datanode-6/data/ratis/a369836c-6100-40ff-9aaf-674b5112605d/in_use.lock acquired by nodename 54141@fv-az459-618
2023-06-02 19:46:34,434 [68e68f39-32fc-4b84-93e4-f20720881325-groupManagement] INFO  storage.RaftStorage (RaftStorageImpl.java:format(96)) - Storage directory /home/runner/work/ozone/ozone/hadoop-ozone/integration-test/target/test-dir/MiniOzoneClusterImpl-e4789928-4fd4-479e-857e-ac334458de01/datanode-6/data/ratis/a369836c-6100-40ff-9aaf-674b5112605d has been successfully formatted.
2023-06-02 19:46:34,434 [68e68f39-32fc-4b84-93e4-f20720881325-groupManagement] INFO  ratis.ContainerStateMachine (ContainerStateMachine.java:loadSnapshot(262)) - group-674B5112605D: The snapshot info is null. Setting the last applied indexto:(t:0, i:~)
2023-06-02 19:46:34,434 [68e68f39-32fc-4b84-93e4-f20720881325-groupManagement] INFO  server.RaftServerConfigKeys (ConfUtils.java:logGet(46)) - raft.server.log.use.memory = false (default)
2023-06-02 19:46:34,437 [68e68f39-32fc-4b84-93e4-f20720881325-groupManagement] INFO  server.RaftServerConfigKeys (ConfUtils.java:logGet(46)) - raft.server.log.purge.gap = 1000000 (custom)
2023-06-02 19:46:34,437 [68e68f39-32fc-4b84-93e4-f20720881325-groupManagement] INFO  server.RaftServerConfigKeys (ConfUtils.java:logGet(46)) - raft.server.log.appender.buffer.byte-limit = 33554432 (custom)
2023-06-02 19:46:34,437 [68e68f39-32fc-4b84-93e4-f20720881325-groupManagement] INFO  server.RaftServerConfigKeys (ConfUtils.java:logGet(46)) - raft.server.log.statemachine.data.read.timeout = 1000ms (default)
2023-06-02 19:46:34,437 [68e68f39-32fc-4b84-93e4-f20720881325-groupManagement] INFO  server.RaftServerConfigKeys (ConfUtils.java:logGet(46)) - raft.server.log.purge.preservation.log.num = 0 (default)
2023-06-02 19:46:34,437 [68e68f39-32fc-4b84-93e4-f20720881325-groupManagement] INFO  server.RaftServerConfigKeys (ConfUtils.java:logGet(46)) - raft.server.log.segment.size.max = 1048576 (custom)
2023-06-02 19:46:34,440 [68e68f39-32fc-4b84-93e4-f20720881325-groupManagement] INFO  server.RaftServerConfigKeys (ConfUtils.java:logGet(46)) - raft.server.log.segment.cache.num.max = 2 (custom)
2023-06-02 19:46:34,440 [68e68f39-32fc-4b84-93e4-f20720881325-groupManagement] INFO  server.RaftServerConfigKeys (ConfUtils.java:logGet(46)) - raft.server.log.segment.cache.size.max = 200MB (=209715200) (default)
2023-06-02 19:46:34,440 [68e68f39-32fc-4b84-93e4-f20720881325-groupManagement] INFO  server.RaftServerConfigKeys (ConfUtils.java:logGet(46)) - raft.server.log.appender.buffer.byte-limit = 33554432 (custom)
2023-06-02 19:46:34,440 [68e68f39-32fc-4b84-93e4-f20720881325-groupManagement] INFO  segmented.SegmentedRaftLogWorker (SegmentedRaftLogWorker.java:<init>(188)) - new 68e68f39-32fc-4b84-93e4-f20720881325@group-674B5112605D-SegmentedRaftLogWorker for RaftStorageImpl:Storage Directory /home/runner/work/ozone/ozone/hadoop-ozone/integration-test/target/test-dir/MiniOzoneClusterImpl-e4789928-4fd4-479e-857e-ac334458de01/datanode-6/data/ratis/a369836c-6100-40ff-9aaf-674b5112605d
2023-06-02 19:46:34,440 [68e68f39-32fc-4b84-93e4-f20720881325-groupManagement] INFO  server.RaftServerConfigKeys (ConfUtils.java:logGet(46)) - raft.server.log.queue.byte-limit = 4294967296 (custom)
2023-06-02 19:46:34,440 [68e68f39-32fc-4b84-93e4-f20720881325-groupManagement] INFO  server.RaftServerConfigKeys (ConfUtils.java:logGet(46)) - raft.server.log.queue.element-limit = 1024 (custom)
2023-06-02 19:46:34,440 [68e68f39-32fc-4b84-93e4-f20720881325-groupManagement] INFO  server.RaftServerConfigKeys (ConfUtils.java:logGet(46)) - raft.server.log.segment.size.max = 1048576 (custom)
2023-06-02 19:46:34,440 [68e68f39-32fc-4b84-93e4-f20720881325-groupManagement] INFO  server.RaftServerConfigKeys (ConfUtils.java:logGet(46)) - raft.server.log.preallocated.size = 16384 (custom)
2023-06-02 19:46:34,440 [68e68f39-32fc-4b84-93e4-f20720881325-groupManagement] INFO  server.RaftServerConfigKeys (ConfUtils.java:logGet(46)) - raft.server.log.force.sync.num = 128 (default)
2023-06-02 19:46:34,440 [68e68f39-32fc-4b84-93e4-f20720881325-groupManagement] INFO  server.RaftServerConfigKeys (ConfUtils.java:logGet(46)) - raft.server.log.statemachine.data.sync = true (default)
2023-06-02 19:46:34,440 [68e68f39-32fc-4b84-93e4-f20720881325-groupManagement] INFO  server.RaftServerConfigKeys (ConfUtils.java:logGet(46)) - raft.server.log.statemachine.data.sync.timeout = 10s (default)
2023-06-02 19:46:34,440 [68e68f39-32fc-4b84-93e4-f20720881325-groupManagement] INFO  server.RaftServerConfigKeys (ConfUtils.java:logGet(46)) - raft.server.log.statemachine.data.sync.timeout.retry = -1 (default)
2023-06-02 19:46:34,445 [68e68f39-32fc-4b84-93e4-f20720881325-groupManagement] INFO  server.RaftServerConfigKeys (ConfUtils.java:logGet(46)) - raft.server.log.write.buffer.size = 1048576 (custom)
2023-06-02 19:46:34,447 [68e68f39-32fc-4b84-93e4-f20720881325-groupManagement] INFO  server.RaftServerConfigKeys (ConfUtils.java:logGet(46)) - raft.server.log.appender.buffer.byte-limit = 33554432 (custom)
2023-06-02 19:46:34,455 [68e68f39-32fc-4b84-93e4-f20720881325-groupManagement] INFO  server.RaftServerConfigKeys (ConfUtils.java:logGet(46)) - raft.server.log.unsafe-flush.enabled = false (default)
2023-06-02 19:46:34,456 [68e68f39-32fc-4b84-93e4-f20720881325-groupManagement] INFO  server.RaftServerConfigKeys (ConfUtils.java:logGet(46)) - raft.server.log.async-flush.enabled = false (default)
2023-06-02 19:46:34,456 [68e68f39-32fc-4b84-93e4-f20720881325-groupManagement] INFO  server.RaftServerConfigKeys (ConfUtils.java:logGet(46)) - raft.server.log.statemachine.data.caching.enabled = true (custom)
2023-06-02 19:46:34,456 [68e68f39-32fc-4b84-93e4-f20720881325-groupManagement] INFO  segmented.SegmentedRaftLogWorker (SegmentedRaftLogWorker.java:lambda$new$0(135)) - 68e68f39-32fc-4b84-93e4-f20720881325@group-674B5112605D-SegmentedRaftLogWorker: flushIndex: setUnconditionally 0 -> -1
2023-06-02 19:46:34,456 [68e68f39-32fc-4b84-93e4-f20720881325-groupManagement] INFO  segmented.SegmentedRaftLogWorker (SegmentedRaftLogWorker.java:lambda$new$0(135)) - 68e68f39-32fc-4b84-93e4-f20720881325@group-674B5112605D-SegmentedRaftLogWorker: safeCacheEvictIndex: setUnconditionally 0 -> -1
2023-06-02 19:46:34,456 [68e68f39-32fc-4b84-93e4-f20720881325-groupManagement] INFO  server.RaftServer$Division (RaftServerImpl.java:start(342)) - 68e68f39-32fc-4b84-93e4-f20720881325@group-674B5112605D: start as a follower, conf=-1: peers:[68e68f39-32fc-4b84-93e4-f20720881325|rpc:10.1.26.0:15068|admin:10.1.26.0:15067|client:10.1.26.0:15066|dataStream:10.1.26.0:15069|priority:1|startupRole:FOLLOWER, 3444f24d-5019-4db9-b49c-a7d3f58b79dc|rpc:10.1.26.0:15086|admin:10.1.26.0:15085|client:10.1.26.0:15084|dataStream:10.1.26.0:15087|priority:0|startupRole:FOLLOWER, 37ff51e8-4d98-426c-9b80-6778ef5a23bd|rpc:10.1.26.0:15077|admin:10.1.26.0:15076|client:10.1.26.0:15075|dataStream:10.1.26.0:15078|priority:0|startupRole:FOLLOWER]|listeners:[], old=null
2023-06-02 19:46:34,456 [68e68f39-32fc-4b84-93e4-f20720881325-groupManagement] INFO  server.RaftServer$Division (RaftServerImpl.java:setRole(329)) - 68e68f39-32fc-4b84-93e4-f20720881325@group-674B5112605D: changes role from      null to FOLLOWER at term 0 for startAsFollower
2023-06-02 19:46:34,456 [68e68f39-32fc-4b84-93e4-f20720881325-groupManagement] INFO  impl.RoleInfo (RoleInfo.java:updateAndGet(139)) - 68e68f39-32fc-4b84-93e4-f20720881325: start 68e68f39-32fc-4b84-93e4-f20720881325@group-674B5112605D-FollowerState
2023-06-02 19:46:34,457 [68e68f39-32fc-4b84-93e4-f20720881325@group-674B5112605D-FollowerState] INFO  server.RaftServerConfigKeys (ConfUtils.java:logFallback(53)) - raft.server.rpc.first-election.timeout.min = 5s (fallback to raft.server.rpc.timeout.min)
2023-06-02 19:46:34,457 [68e68f39-32fc-4b84-93e4-f20720881325-groupManagement] INFO  util.JmxRegister (JmxRegister.java:tryRegister(44)) - Successfully registered JMX Bean with object name Ratis:service=RaftServer,group=group-674B5112605D,id=68e68f39-32fc-4b84-93e4-f20720881325
2023-06-02 19:46:34,457 [68e68f39-32fc-4b84-93e4-f20720881325@group-674B5112605D-FollowerState] INFO  server.RaftServerConfigKeys (ConfUtils.java:logFallback(53)) - raft.server.rpc.first-election.timeout.max = 5200ms (fallback to raft.server.rpc.timeout.max)
2023-06-02 19:46:34,457 [68e68f39-32fc-4b84-93e4-f20720881325-groupManagement] INFO  server.RaftServerConfigKeys (ConfUtils.java:logGet(46)) - raft.server.snapshot.auto.trigger.enabled = true (custom)
2023-06-02 19:46:34,457 [68e68f39-32fc-4b84-93e4-f20720881325-groupManagement] INFO  server.RaftServerConfigKeys (ConfUtils.java:logGet(46)) - raft.server.snapshot.auto.trigger.threshold = 10000 (custom)
2023-06-02 19:46:34,457 [68e68f39-32fc-4b84-93e4-f20720881325-groupManagement] INFO  server.RaftServerConfigKeys (ConfUtils.java:logGet(46)) - raft.server.snapshot.retention.file.num = 5 (custom)
2023-06-02 19:46:34,457 [68e68f39-32fc-4b84-93e4-f20720881325-groupManagement] INFO  server.RaftServerConfigKeys (ConfUtils.java:logGet(46)) - raft.server.log.purge.upto.snapshot.index = false (default)
2023-06-02 19:46:34,461 [PipelineCommandHandlerThread-0] INFO  ratis.XceiverServerRatis (XceiverServerRatis.java:addGroup(804)) - Created group PipelineID=a369836c-6100-40ff-9aaf-674b5112605d
2023-06-02 19:46:34,474 [grpc-default-executor-0] INFO  server.RaftServer (RaftServerProxy.java:addNew(98)) - 3444f24d-5019-4db9-b49c-a7d3f58b79dc: addNew group-674B5112605D:[68e68f39-32fc-4b84-93e4-f20720881325|rpc:10.1.26.0:15068|admin:10.1.26.0:15067|client:10.1.26.0:15066|dataStream:10.1.26.0:15069|priority:1|startupRole:FOLLOWER, 3444f24d-5019-4db9-b49c-a7d3f58b79dc|rpc:10.1.26.0:15086|admin:10.1.26.0:15085|client:10.1.26.0:15084|dataStream:10.1.26.0:15087|priority:0|startupRole:FOLLOWER, 37ff51e8-4d98-426c-9b80-6778ef5a23bd|rpc:10.1.26.0:15077|admin:10.1.26.0:15076|client:10.1.26.0:15075|dataStream:10.1.26.0:15078|priority:0|startupRole:FOLLOWER] returns group-674B5112605D:java.util.concurrent.CompletableFuture@7ab0a95b[Not completed]
2023-06-02 19:46:34,476 [3444f24d-5019-4db9-b49c-a7d3f58b79dc-groupManagement] INFO  server.RaftServer$Division (RaftServerImpl.java:<init>(198)) - 3444f24d-5019-4db9-b49c-a7d3f58b79dc: new RaftServerImpl for group-674B5112605D:[68e68f39-32fc-4b84-93e4-f20720881325|rpc:10.1.26.0:15068|admin:10.1.26.0:15067|client:10.1.26.0:15066|dataStream:10.1.26.0:15069|priority:1|startupRole:FOLLOWER, 3444f24d-5019-4db9-b49c-a7d3f58b79dc|rpc:10.1.26.0:15086|admin:10.1.26.0:15085|client:10.1.26.0:15084|dataStream:10.1.26.0:15087|priority:0|startupRole:FOLLOWER, 37ff51e8-4d98-426c-9b80-6778ef5a23bd|rpc:10.1.26.0:15077|admin:10.1.26.0:15076|client:10.1.26.0:15075|dataStream:10.1.26.0:15078|priority:0|startupRole:FOLLOWER] with ContainerStateMachine:uninitialized
2023-06-02 19:46:34,476 [3444f24d-5019-4db9-b49c-a7d3f58b79dc-groupManagement] INFO  server.RaftServerConfigKeys (ConfUtils.java:logGet(46)) - raft.server.rpc.timeout.min = 5s (custom)
2023-06-02 19:46:34,476 [3444f24d-5019-4db9-b49c-a7d3f58b79dc-groupManagement] INFO  server.RaftServerConfigKeys (ConfUtils.java:logGet(46)) - raft.server.rpc.timeout.max = 5200ms (custom)
2023-06-02 19:46:34,476 [3444f24d-5019-4db9-b49c-a7d3f58b79dc-groupManagement] INFO  server.RaftServerConfigKeys (ConfUtils.java:logGet(46)) - raft.server.rpc.sleep.time = 25ms (default)
2023-06-02 19:46:34,476 [3444f24d-5019-4db9-b49c-a7d3f58b79dc-groupManagement] INFO  server.RaftServerConfigKeys (ConfUtils.java:logGet(46)) - raft.server.rpc.slowness.timeout = 300s (custom)
2023-06-02 19:46:34,476 [3444f24d-5019-4db9-b49c-a7d3f58b79dc-groupManagement] INFO  server.RaftServerConfigKeys (ConfUtils.java:logGet(46)) - raft.server.leaderelection.leader.step-down.wait-time = 10s (default)
2023-06-02 19:46:34,476 [3444f24d-5019-4db9-b49c-a7d3f58b79dc-groupManagement] INFO  server.RaftServerConfigKeys (ConfUtils.java:logGet(46)) - raft.server.sleep.deviation.threshold = 300ms (default)
2023-06-02 19:46:34,476 [3444f24d-5019-4db9-b49c-a7d3f58b79dc-groupManagement] INFO  server.RaftServer$Division (ServerState.java:<init>(120)) - 3444f24d-5019-4db9-b49c-a7d3f58b79dc@group-674B5112605D: ConfigurationManager, init=-1: peers:[68e68f39-32fc-4b84-93e4-f20720881325|rpc:10.1.26.0:15068|admin:10.1.26.0:15067|client:10.1.26.0:15066|dataStream:10.1.26.0:15069|priority:1|startupRole:FOLLOWER, 3444f24d-5019-4db9-b49c-a7d3f58b79dc|rpc:10.1.26.0:15086|admin:10.1.26.0:15085|client:10.1.26.0:15084|dataStream:10.1.26.0:15087|priority:0|startupRole:FOLLOWER, 37ff51e8-4d98-426c-9b80-6778ef5a23bd|rpc:10.1.26.0:15077|admin:10.1.26.0:15076|client:10.1.26.0:15075|dataStream:10.1.26.0:15078|priority:0|startupRole:FOLLOWER]|listeners:[], old=null, confs=<EMPTY_MAP>
2023-06-02 19:46:34,476 [3444f24d-5019-4db9-b49c-a7d3f58b79dc-groupManagement] INFO  server.RaftServerConfigKeys (ConfUtils.java:logGet(46)) - raft.server.storage.dir = [/home/runner/work/ozone/ozone/hadoop-ozone/integration-test/target/test-dir/MiniOzoneClusterImpl-e4789928-4fd4-479e-857e-ac334458de01/datanode-8/data/ratis] (custom)
2023-06-02 19:46:34,476 [3444f24d-5019-4db9-b49c-a7d3f58b79dc-groupManagement] INFO  server.RaftServerConfigKeys (ConfUtils.java:logGet(46)) - raft.server.log.corruption.policy = EXCEPTION (default)
2023-06-02 19:46:34,476 [3444f24d-5019-4db9-b49c-a7d3f58b79dc-groupManagement] INFO  server.RaftServerConfigKeys (ConfUtils.java:logGet(46)) - raft.server.storage.free-space.min = 0MB (=0) (default)
2023-06-02 19:46:34,476 [3444f24d-5019-4db9-b49c-a7d3f58b79dc-groupManagement] INFO  server.RaftServerConfigKeys (ConfUtils.java:logGet(46)) - raft.server.notification.no-leader.timeout = 300s (custom)
2023-06-02 19:46:34,476 [3444f24d-5019-4db9-b49c-a7d3f58b79dc-groupManagement] INFO  server.RaftServerConfigKeys (ConfUtils.java:logGet(46)) - raft.server.read.timeout = 10s (default)
2023-06-02 19:46:34,477 [3444f24d-5019-4db9-b49c-a7d3f58b79dc-groupManagement] INFO  server.RaftServerConfigKeys (ConfUtils.java:logGet(46)) - raft.server.retrycache.expirytime = 600000ms (custom)
2023-06-02 19:46:34,477 [3444f24d-5019-4db9-b49c-a7d3f58b79dc-groupManagement] INFO  server.RaftServerConfigKeys (ConfUtils.java:logGet(46)) - raft.server.retrycache.statistics.expirytime = 100μs (default)
2023-06-02 19:46:34,477 [3444f24d-5019-4db9-b49c-a7d3f58b79dc-groupManagement] INFO  server.RaftServerConfigKeys (ConfUtils.java:logGet(46)) - raft.server.read.option = DEFAULT (default)
2023-06-02 19:46:34,481 [3444f24d-5019-4db9-b49c-a7d3f58b79dc-groupManagement] INFO  server.RaftServerConfigKeys (ConfUtils.java:logGet(46)) - raft.server.rpc.request.timeout = 60s (custom)
2023-06-02 19:46:34,481 [3444f24d-5019-4db9-b49c-a7d3f58b79dc-groupManagement] INFO  server.RaftServerConfigKeys (ConfUtils.java:logGet(46)) - raft.server.log.appender.install.snapshot.enabled = false (custom)
2023-06-02 19:46:34,481 [3444f24d-5019-4db9-b49c-a7d3f58b79dc-groupManagement] INFO  server.RaftServerConfigKeys (ConfUtils.java:logGet(46)) - raft.server.threadpool.server.cached = true (default)
2023-06-02 19:46:34,481 [3444f24d-5019-4db9-b49c-a7d3f58b79dc-groupManagement] INFO  server.RaftServerConfigKeys (ConfUtils.java:logGet(46)) - raft.server.threadpool.server.size = 0 (default)
2023-06-02 19:46:34,481 [3444f24d-5019-4db9-b49c-a7d3f58b79dc-groupManagement] INFO  server.RaftServerConfigKeys (ConfUtils.java:logGet(46)) - raft.server.threadpool.client.cached = true (default)
2023-06-02 19:46:34,481 [3444f24d-5019-4db9-b49c-a7d3f58b79dc-groupManagement] INFO  server.RaftServerConfigKeys (ConfUtils.java:logGet(46)) - raft.server.threadpool.client.size = 0 (default)
2023-06-02 19:46:34,481 [3444f24d-5019-4db9-b49c-a7d3f58b79dc-groupManagement] INFO  storage.RaftStorageDirectory (RaftStorageDirectoryImpl.java:analyzeStorage(137)) - The storage directory /home/runner/work/ozone/ozone/hadoop-ozone/integration-test/target/test-dir/MiniOzoneClusterImpl-e4789928-4fd4-479e-857e-ac334458de01/datanode-8/data/ratis/a369836c-6100-40ff-9aaf-674b5112605d does not exist. Creating ...
2023-06-02 19:46:34,483 [3444f24d-5019-4db9-b49c-a7d3f58b79dc-groupManagement] INFO  storage.RaftStorageDirectory (RaftStorageDirectoryImpl.java:tryLock(231)) - Lock on /home/runner/work/ozone/ozone/hadoop-ozone/integration-test/target/test-dir/MiniOzoneClusterImpl-e4789928-4fd4-479e-857e-ac334458de01/datanode-8/data/ratis/a369836c-6100-40ff-9aaf-674b5112605d/in_use.lock acquired by nodename 54141@fv-az459-618
2023-06-02 19:46:34,484 [3444f24d-5019-4db9-b49c-a7d3f58b79dc-groupManagement] INFO  storage.RaftStorage (RaftStorageImpl.java:format(96)) - Storage directory /home/runner/work/ozone/ozone/hadoop-ozone/integration-test/target/test-dir/MiniOzoneClusterImpl-e4789928-4fd4-479e-857e-ac334458de01/datanode-8/data/ratis/a369836c-6100-40ff-9aaf-674b5112605d has been successfully formatted.
2023-06-02 19:46:34,485 [3444f24d-5019-4db9-b49c-a7d3f58b79dc-groupManagement] INFO  ratis.ContainerStateMachine (ContainerStateMachine.java:loadSnapshot(262)) - group-674B5112605D: The snapshot info is null. Setting the last applied indexto:(t:0, i:~)
2023-06-02 19:46:34,485 [3444f24d-5019-4db9-b49c-a7d3f58b79dc-groupManagement] INFO  server.RaftServerConfigKeys (ConfUtils.java:logGet(46)) - raft.server.log.use.memory = false (default)
2023-06-02 19:46:34,485 [3444f24d-5019-4db9-b49c-a7d3f58b79dc-groupManagement] INFO  server.RaftServerConfigKeys (ConfUtils.java:logGet(46)) - raft.server.log.purge.gap = 1000000 (custom)
2023-06-02 19:46:34,485 [3444f24d-5019-4db9-b49c-a7d3f58b79dc-groupManagement] INFO  server.RaftServerConfigKeys (ConfUtils.java:logGet(46)) - raft.server.log.appender.buffer.byte-limit = 33554432 (custom)
2023-06-02 19:46:34,485 [3444f24d-5019-4db9-b49c-a7d3f58b79dc-groupManagement] INFO  server.RaftServerConfigKeys (ConfUtils.java:logGet(46)) - raft.server.log.statemachine.data.read.timeout = 1000ms (default)
2023-06-02 19:46:34,485 [3444f24d-5019-4db9-b49c-a7d3f58b79dc-groupManagement] INFO  server.RaftServerConfigKeys (ConfUtils.java:logGet(46)) - raft.server.log.purge.preservation.log.num = 0 (default)
2023-06-02 19:46:34,489 [3444f24d-5019-4db9-b49c-a7d3f58b79dc-groupManagement] INFO  server.RaftServerConfigKeys (ConfUtils.java:logGet(46)) - raft.server.log.segment.size.max = 1048576 (custom)
2023-06-02 19:46:34,490 [3444f24d-5019-4db9-b49c-a7d3f58b79dc-groupManagement] INFO  server.RaftServerConfigKeys (ConfUtils.java:logGet(46)) - raft.server.log.segment.cache.num.max = 2 (custom)
2023-06-02 19:46:34,490 [3444f24d-5019-4db9-b49c-a7d3f58b79dc-groupManagement] INFO  server.RaftServerConfigKeys (ConfUtils.java:logGet(46)) - raft.server.log.segment.cache.size.max = 200MB (=209715200) (default)
2023-06-02 19:46:34,490 [3444f24d-5019-4db9-b49c-a7d3f58b79dc-groupManagement] INFO  server.RaftServerConfigKeys (ConfUtils.java:logGet(46)) - raft.server.log.appender.buffer.byte-limit = 33554432 (custom)
2023-06-02 19:46:34,490 [3444f24d-5019-4db9-b49c-a7d3f58b79dc-groupManagement] INFO  segmented.SegmentedRaftLogWorker (SegmentedRaftLogWorker.java:<init>(188)) - new 3444f24d-5019-4db9-b49c-a7d3f58b79dc@group-674B5112605D-SegmentedRaftLogWorker for RaftStorageImpl:Storage Directory /home/runner/work/ozone/ozone/hadoop-ozone/integration-test/target/test-dir/MiniOzoneClusterImpl-e4789928-4fd4-479e-857e-ac334458de01/datanode-8/data/ratis/a369836c-6100-40ff-9aaf-674b5112605d
2023-06-02 19:46:34,491 [3444f24d-5019-4db9-b49c-a7d3f58b79dc-groupManagement] INFO  server.RaftServerConfigKeys (ConfUtils.java:logGet(46)) - raft.server.log.queue.byte-limit = 4294967296 (custom)
2023-06-02 19:46:34,491 [3444f24d-5019-4db9-b49c-a7d3f58b79dc-groupManagement] INFO  server.RaftServerConfigKeys (ConfUtils.java:logGet(46)) - raft.server.log.queue.element-limit = 1024 (custom)
2023-06-02 19:46:34,491 [3444f24d-5019-4db9-b49c-a7d3f58b79dc-groupManagement] INFO  server.RaftServerConfigKeys (ConfUtils.java:logGet(46)) - raft.server.log.segment.size.max = 1048576 (custom)
2023-06-02 19:46:34,491 [3444f24d-5019-4db9-b49c-a7d3f58b79dc-groupManagement] INFO  server.RaftServerConfigKeys (ConfUtils.java:logGet(46)) - raft.server.log.preallocated.size = 16384 (custom)
2023-06-02 19:46:34,491 [3444f24d-5019-4db9-b49c-a7d3f58b79dc-groupManagement] INFO  server.RaftServerConfigKeys (ConfUtils.java:logGet(46)) - raft.server.log.force.sync.num = 128 (default)
2023-06-02 19:46:34,491 [3444f24d-5019-4db9-b49c-a7d3f58b79dc-groupManagement] INFO  server.RaftServerConfigKeys (ConfUtils.java:logGet(46)) - raft.server.log.statemachine.data.sync = true (default)
2023-06-02 19:46:34,491 [3444f24d-5019-4db9-b49c-a7d3f58b79dc-groupManagement] INFO  server.RaftServerConfigKeys (ConfUtils.java:logGet(46)) - raft.server.log.statemachine.data.sync.timeout = 10s (default)
2023-06-02 19:46:34,491 [3444f24d-5019-4db9-b49c-a7d3f58b79dc-groupManagement] INFO  server.RaftServerConfigKeys (ConfUtils.java:logGet(46)) - raft.server.log.statemachine.data.sync.timeout.retry = -1 (default)
2023-06-02 19:46:34,495 [3444f24d-5019-4db9-b49c-a7d3f58b79dc-groupManagement] INFO  server.RaftServerConfigKeys (ConfUtils.java:logGet(46)) - raft.server.log.write.buffer.size = 1048576 (custom)
2023-06-02 19:46:34,496 [3444f24d-5019-4db9-b49c-a7d3f58b79dc-groupManagement] INFO  server.RaftServerConfigKeys (ConfUtils.java:logGet(46)) - raft.server.log.appender.buffer.byte-limit = 33554432 (custom)
2023-06-02 19:46:34,502 [3444f24d-5019-4db9-b49c-a7d3f58b79dc-groupManagement] INFO  server.RaftServerConfigKeys (ConfUtils.java:logGet(46)) - raft.server.log.unsafe-flush.enabled = false (default)
2023-06-02 19:46:34,502 [3444f24d-5019-4db9-b49c-a7d3f58b79dc-groupManagement] INFO  server.RaftServerConfigKeys (ConfUtils.java:logGet(46)) - raft.server.log.async-flush.enabled = false (default)
2023-06-02 19:46:34,502 [3444f24d-5019-4db9-b49c-a7d3f58b79dc-groupManagement] INFO  server.RaftServerConfigKeys (ConfUtils.java:logGet(46)) - raft.server.log.statemachine.data.caching.enabled = true (custom)
2023-06-02 19:46:34,502 [3444f24d-5019-4db9-b49c-a7d3f58b79dc-groupManagement] INFO  segmented.SegmentedRaftLogWorker (SegmentedRaftLogWorker.java:lambda$new$0(135)) - 3444f24d-5019-4db9-b49c-a7d3f58b79dc@group-674B5112605D-SegmentedRaftLogWorker: flushIndex: setUnconditionally 0 -> -1
2023-06-02 19:46:34,502 [3444f24d-5019-4db9-b49c-a7d3f58b79dc-groupManagement] INFO  segmented.SegmentedRaftLogWorker (SegmentedRaftLogWorker.java:lambda$new$0(135)) - 3444f24d-5019-4db9-b49c-a7d3f58b79dc@group-674B5112605D-SegmentedRaftLogWorker: safeCacheEvictIndex: setUnconditionally 0 -> -1
2023-06-02 19:46:34,503 [3444f24d-5019-4db9-b49c-a7d3f58b79dc-groupManagement] INFO  server.RaftServer$Division (RaftServerImpl.java:start(342)) - 3444f24d-5019-4db9-b49c-a7d3f58b79dc@group-674B5112605D: start as a follower, conf=-1: peers:[68e68f39-32fc-4b84-93e4-f20720881325|rpc:10.1.26.0:15068|admin:10.1.26.0:15067|client:10.1.26.0:15066|dataStream:10.1.26.0:15069|priority:1|startupRole:FOLLOWER, 3444f24d-5019-4db9-b49c-a7d3f58b79dc|rpc:10.1.26.0:15086|admin:10.1.26.0:15085|client:10.1.26.0:15084|dataStream:10.1.26.0:15087|priority:0|startupRole:FOLLOWER, 37ff51e8-4d98-426c-9b80-6778ef5a23bd|rpc:10.1.26.0:15077|admin:10.1.26.0:15076|client:10.1.26.0:15075|dataStream:10.1.26.0:15078|priority:0|startupRole:FOLLOWER]|listeners:[], old=null
2023-06-02 19:46:34,503 [3444f24d-5019-4db9-b49c-a7d3f58b79dc-groupManagement] INFO  server.RaftServer$Division (RaftServerImpl.java:setRole(329)) - 3444f24d-5019-4db9-b49c-a7d3f58b79dc@group-674B5112605D: changes role from      null to FOLLOWER at term 0 for startAsFollower
2023-06-02 19:46:34,503 [3444f24d-5019-4db9-b49c-a7d3f58b79dc-groupManagement] INFO  impl.RoleInfo (RoleInfo.java:updateAndGet(139)) - 3444f24d-5019-4db9-b49c-a7d3f58b79dc: start 3444f24d-5019-4db9-b49c-a7d3f58b79dc@group-674B5112605D-FollowerState
2023-06-02 19:46:34,505 [3444f24d-5019-4db9-b49c-a7d3f58b79dc-groupManagement] INFO  util.JmxRegister (JmxRegister.java:tryRegister(44)) - Successfully registered JMX Bean with object name Ratis:service=RaftServer,group=group-674B5112605D,id=3444f24d-5019-4db9-b49c-a7d3f58b79dc
2023-06-02 19:46:34,505 [3444f24d-5019-4db9-b49c-a7d3f58b79dc-groupManagement] INFO  server.RaftServerConfigKeys (ConfUtils.java:logGet(46)) - raft.server.snapshot.auto.trigger.enabled = true (custom)
2023-06-02 19:46:34,505 [3444f24d-5019-4db9-b49c-a7d3f58b79dc-groupManagement] INFO  server.RaftServerConfigKeys (ConfUtils.java:logGet(46)) - raft.server.snapshot.auto.trigger.threshold = 10000 (custom)
2023-06-02 19:46:34,505 [3444f24d-5019-4db9-b49c-a7d3f58b79dc-groupManagement] INFO  server.RaftServerConfigKeys (ConfUtils.java:logGet(46)) - raft.server.snapshot.retention.file.num = 5 (custom)
2023-06-02 19:46:34,505 [3444f24d-5019-4db9-b49c-a7d3f58b79dc-groupManagement] INFO  server.RaftServerConfigKeys (ConfUtils.java:logGet(46)) - raft.server.log.purge.upto.snapshot.index = false (default)
2023-06-02 19:46:34,506 [3444f24d-5019-4db9-b49c-a7d3f58b79dc@group-674B5112605D-FollowerState] INFO  server.RaftServerConfigKeys (ConfUtils.java:logFallback(53)) - raft.server.rpc.first-election.timeout.min = 5s (fallback to raft.server.rpc.timeout.min)
2023-06-02 19:46:34,506 [3444f24d-5019-4db9-b49c-a7d3f58b79dc@group-674B5112605D-FollowerState] INFO  server.RaftServerConfigKeys (ConfUtils.java:logFallback(53)) - raft.server.rpc.first-election.timeout.max = 5200ms (fallback to raft.server.rpc.timeout.max)
2023-06-02 19:46:34,534 [grpc-default-executor-0] INFO  server.RaftServer (RaftServerProxy.java:addNew(98)) - 37ff51e8-4d98-426c-9b80-6778ef5a23bd: addNew group-674B5112605D:[68e68f39-32fc-4b84-93e4-f20720881325|rpc:10.1.26.0:15068|admin:10.1.26.0:15067|client:10.1.26.0:15066|dataStream:10.1.26.0:15069|priority:1|startupRole:FOLLOWER, 3444f24d-5019-4db9-b49c-a7d3f58b79dc|rpc:10.1.26.0:15086|admin:10.1.26.0:15085|client:10.1.26.0:15084|dataStream:10.1.26.0:15087|priority:0|startupRole:FOLLOWER, 37ff51e8-4d98-426c-9b80-6778ef5a23bd|rpc:10.1.26.0:15077|admin:10.1.26.0:15076|client:10.1.26.0:15075|dataStream:10.1.26.0:15078|priority:0|startupRole:FOLLOWER] returns group-674B5112605D:java.util.concurrent.CompletableFuture@7de60ed2[Not completed]
2023-06-02 19:46:34,535 [37ff51e8-4d98-426c-9b80-6778ef5a23bd-groupManagement] INFO  server.RaftServer$Division (RaftServerImpl.java:<init>(198)) - 37ff51e8-4d98-426c-9b80-6778ef5a23bd: new RaftServerImpl for group-674B5112605D:[68e68f39-32fc-4b84-93e4-f20720881325|rpc:10.1.26.0:15068|admin:10.1.26.0:15067|client:10.1.26.0:15066|dataStream:10.1.26.0:15069|priority:1|startupRole:FOLLOWER, 3444f24d-5019-4db9-b49c-a7d3f58b79dc|rpc:10.1.26.0:15086|admin:10.1.26.0:15085|client:10.1.26.0:15084|dataStream:10.1.26.0:15087|priority:0|startupRole:FOLLOWER, 37ff51e8-4d98-426c-9b80-6778ef5a23bd|rpc:10.1.26.0:15077|admin:10.1.26.0:15076|client:10.1.26.0:15075|dataStream:10.1.26.0:15078|priority:0|startupRole:FOLLOWER] with ContainerStateMachine:uninitialized
2023-06-02 19:46:34,535 [37ff51e8-4d98-426c-9b80-6778ef5a23bd-groupManagement] INFO  server.RaftServerConfigKeys (ConfUtils.java:logGet(46)) - raft.server.rpc.timeout.min = 5s (custom)
2023-06-02 19:46:34,535 [37ff51e8-4d98-426c-9b80-6778ef5a23bd-groupManagement] INFO  server.RaftServerConfigKeys (ConfUtils.java:logGet(46)) - raft.server.rpc.timeout.max = 5200ms (custom)
2023-06-02 19:46:34,536 [37ff51e8-4d98-426c-9b80-6778ef5a23bd-groupManagement] INFO  server.RaftServerConfigKeys (ConfUtils.java:logGet(46)) - raft.server.rpc.sleep.time = 25ms (default)
2023-06-02 19:46:34,536 [37ff51e8-4d98-426c-9b80-6778ef5a23bd-groupManagement] INFO  server.RaftServerConfigKeys (ConfUtils.java:logGet(46)) - raft.server.rpc.slowness.timeout = 300s (custom)
2023-06-02 19:46:34,536 [37ff51e8-4d98-426c-9b80-6778ef5a23bd-groupManagement] INFO  server.RaftServerConfigKeys (ConfUtils.java:logGet(46)) - raft.server.leaderelection.leader.step-down.wait-time = 10s (default)
2023-06-02 19:46:34,536 [37ff51e8-4d98-426c-9b80-6778ef5a23bd-groupManagement] INFO  server.RaftServerConfigKeys (ConfUtils.java:logGet(46)) - raft.server.sleep.deviation.threshold = 300ms (default)
2023-06-02 19:46:34,536 [37ff51e8-4d98-426c-9b80-6778ef5a23bd-groupManagement] INFO  server.RaftServer$Division (ServerState.java:<init>(120)) - 37ff51e8-4d98-426c-9b80-6778ef5a23bd@group-674B5112605D: ConfigurationManager, init=-1: peers:[68e68f39-32fc-4b84-93e4-f20720881325|rpc:10.1.26.0:15068|admin:10.1.26.0:15067|client:10.1.26.0:15066|dataStream:10.1.26.0:15069|priority:1|startupRole:FOLLOWER, 3444f24d-5019-4db9-b49c-a7d3f58b79dc|rpc:10.1.26.0:15086|admin:10.1.26.0:15085|client:10.1.26.0:15084|dataStream:10.1.26.0:15087|priority:0|startupRole:FOLLOWER, 37ff51e8-4d98-426c-9b80-6778ef5a23bd|rpc:10.1.26.0:15077|admin:10.1.26.0:15076|client:10.1.26.0:15075|dataStream:10.1.26.0:15078|priority:0|startupRole:FOLLOWER]|listeners:[], old=null, confs=<EMPTY_MAP>
2023-06-02 19:46:34,536 [37ff51e8-4d98-426c-9b80-6778ef5a23bd-groupManagement] INFO  server.RaftServerConfigKeys (ConfUtils.java:logGet(46)) - raft.server.storage.dir = [/home/runner/work/ozone/ozone/hadoop-ozone/integration-test/target/test-dir/MiniOzoneClusterImpl-e4789928-4fd4-479e-857e-ac334458de01/datanode-7/data/ratis] (custom)
2023-06-02 19:46:34,536 [37ff51e8-4d98-426c-9b80-6778ef5a23bd-groupManagement] INFO  server.RaftServerConfigKeys (ConfUtils.java:logGet(46)) - raft.server.log.corruption.policy = EXCEPTION (default)
2023-06-02 19:46:34,536 [37ff51e8-4d98-426c-9b80-6778ef5a23bd-groupManagement] INFO  server.RaftServerConfigKeys (ConfUtils.java:logGet(46)) - raft.server.storage.free-space.min = 0MB (=0) (default)
2023-06-02 19:46:34,536 [37ff51e8-4d98-426c-9b80-6778ef5a23bd-groupManagement] INFO  server.RaftServerConfigKeys (ConfUtils.java:logGet(46)) - raft.server.notification.no-leader.timeout = 300s (custom)
2023-06-02 19:46:34,536 [37ff51e8-4d98-426c-9b80-6778ef5a23bd-groupManagement] INFO  server.RaftServerConfigKeys (ConfUtils.java:logGet(46)) - raft.server.read.timeout = 10s (default)
2023-06-02 19:46:34,536 [37ff51e8-4d98-426c-9b80-6778ef5a23bd-groupManagement] INFO  server.RaftServerConfigKeys (ConfUtils.java:logGet(46)) - raft.server.retrycache.expirytime = 600000ms (custom)
2023-06-02 19:46:34,536 [37ff51e8-4d98-426c-9b80-6778ef5a23bd-groupManagement] INFO  server.RaftServerConfigKeys (ConfUtils.java:logGet(46)) - raft.server.retrycache.statistics.expirytime = 100μs (default)
2023-06-02 19:46:34,536 [37ff51e8-4d98-426c-9b80-6778ef5a23bd-groupManagement] INFO  server.RaftServerConfigKeys (ConfUtils.java:logGet(46)) - raft.server.read.option = DEFAULT (default)
2023-06-02 19:46:34,538 [37ff51e8-4d98-426c-9b80-6778ef5a23bd-groupManagement] INFO  server.RaftServerConfigKeys (ConfUtils.java:logGet(46)) - raft.server.rpc.request.timeout = 60s (custom)
2023-06-02 19:46:34,538 [37ff51e8-4d98-426c-9b80-6778ef5a23bd-groupManagement] INFO  server.RaftServerConfigKeys (ConfUtils.java:logGet(46)) - raft.server.log.appender.install.snapshot.enabled = false (custom)
2023-06-02 19:46:34,538 [37ff51e8-4d98-426c-9b80-6778ef5a23bd-groupManagement] INFO  server.RaftServerConfigKeys (ConfUtils.java:logGet(46)) - raft.server.threadpool.server.cached = true (default)
2023-06-02 19:46:34,538 [37ff51e8-4d98-426c-9b80-6778ef5a23bd-groupManagement] INFO  server.RaftServerConfigKeys (ConfUtils.java:logGet(46)) - raft.server.threadpool.server.size = 0 (default)
2023-06-02 19:46:34,538 [37ff51e8-4d98-426c-9b80-6778ef5a23bd-groupManagement] INFO  server.RaftServerConfigKeys (ConfUtils.java:logGet(46)) - raft.server.threadpool.client.cached = true (default)
2023-06-02 19:46:34,538 [37ff51e8-4d98-426c-9b80-6778ef5a23bd-groupManagement] INFO  server.RaftServerConfigKeys (ConfUtils.java:logGet(46)) - raft.server.threadpool.client.size = 0 (default)
2023-06-02 19:46:34,539 [37ff51e8-4d98-426c-9b80-6778ef5a23bd-groupManagement] INFO  storage.RaftStorageDirectory (RaftStorageDirectoryImpl.java:analyzeStorage(137)) - The storage directory /home/runner/work/ozone/ozone/hadoop-ozone/integration-test/target/test-dir/MiniOzoneClusterImpl-e4789928-4fd4-479e-857e-ac334458de01/datanode-7/data/ratis/a369836c-6100-40ff-9aaf-674b5112605d does not exist. Creating ...
2023-06-02 19:46:34,540 [37ff51e8-4d98-426c-9b80-6778ef5a23bd-groupManagement] INFO  storage.RaftStorageDirectory (RaftStorageDirectoryImpl.java:tryLock(231)) - Lock on /home/runner/work/ozone/ozone/hadoop-ozone/integration-test/target/test-dir/MiniOzoneClusterImpl-e4789928-4fd4-479e-857e-ac334458de01/datanode-7/data/ratis/a369836c-6100-40ff-9aaf-674b5112605d/in_use.lock acquired by nodename 54141@fv-az459-618
2023-06-02 19:46:34,541 [37ff51e8-4d98-426c-9b80-6778ef5a23bd-groupManagement] INFO  storage.RaftStorage (RaftStorageImpl.java:format(96)) - Storage directory /home/runner/work/ozone/ozone/hadoop-ozone/integration-test/target/test-dir/MiniOzoneClusterImpl-e4789928-4fd4-479e-857e-ac334458de01/datanode-7/data/ratis/a369836c-6100-40ff-9aaf-674b5112605d has been successfully formatted.
2023-06-02 19:46:34,542 [37ff51e8-4d98-426c-9b80-6778ef5a23bd-groupManagement] INFO  ratis.ContainerStateMachine (ContainerStateMachine.java:loadSnapshot(262)) - group-674B5112605D: The snapshot info is null. Setting the last applied indexto:(t:0, i:~)
2023-06-02 19:46:34,542 [37ff51e8-4d98-426c-9b80-6778ef5a23bd-groupManagement] INFO  server.RaftServerConfigKeys (ConfUtils.java:logGet(46)) - raft.server.log.use.memory = false (default)
2023-06-02 19:46:34,544 [37ff51e8-4d98-426c-9b80-6778ef5a23bd-groupManagement] INFO  server.RaftServerConfigKeys (ConfUtils.java:logGet(46)) - raft.server.log.purge.gap = 1000000 (custom)
2023-06-02 19:46:34,544 [37ff51e8-4d98-426c-9b80-6778ef5a23bd-groupManagement] INFO  server.RaftServerConfigKeys (ConfUtils.java:logGet(46)) - raft.server.log.appender.buffer.byte-limit = 33554432 (custom)
2023-06-02 19:46:34,544 [37ff51e8-4d98-426c-9b80-6778ef5a23bd-groupManagement] INFO  server.RaftServerConfigKeys (ConfUtils.java:logGet(46)) - raft.server.log.statemachine.data.read.timeout = 1000ms (default)
2023-06-02 19:46:34,544 [37ff51e8-4d98-426c-9b80-6778ef5a23bd-groupManagement] INFO  server.RaftServerConfigKeys (ConfUtils.java:logGet(46)) - raft.server.log.purge.preservation.log.num = 0 (default)
2023-06-02 19:46:34,544 [37ff51e8-4d98-426c-9b80-6778ef5a23bd-groupManagement] INFO  server.RaftServerConfigKeys (ConfUtils.java:logGet(46)) - raft.server.log.segment.size.max = 1048576 (custom)
2023-06-02 19:46:34,545 [37ff51e8-4d98-426c-9b80-6778ef5a23bd-groupManagement] INFO  server.RaftServerConfigKeys (ConfUtils.java:logGet(46)) - raft.server.log.segment.cache.num.max = 2 (custom)
2023-06-02 19:46:34,545 [37ff51e8-4d98-426c-9b80-6778ef5a23bd-groupManagement] INFO  server.RaftServerConfigKeys (ConfUtils.java:logGet(46)) - raft.server.log.segment.cache.size.max = 200MB (=209715200) (default)
2023-06-02 19:46:34,545 [37ff51e8-4d98-426c-9b80-6778ef5a23bd-groupManagement] INFO  server.RaftServerConfigKeys (ConfUtils.java:logGet(46)) - raft.server.log.appender.buffer.byte-limit = 33554432 (custom)
2023-06-02 19:46:34,545 [37ff51e8-4d98-426c-9b80-6778ef5a23bd-groupManagement] INFO  segmented.SegmentedRaftLogWorker (SegmentedRaftLogWorker.java:<init>(188)) - new 37ff51e8-4d98-426c-9b80-6778ef5a23bd@group-674B5112605D-SegmentedRaftLogWorker for RaftStorageImpl:Storage Directory /home/runner/work/ozone/ozone/hadoop-ozone/integration-test/target/test-dir/MiniOzoneClusterImpl-e4789928-4fd4-479e-857e-ac334458de01/datanode-7/data/ratis/a369836c-6100-40ff-9aaf-674b5112605d
2023-06-02 19:46:34,545 [37ff51e8-4d98-426c-9b80-6778ef5a23bd-groupManagement] INFO  server.RaftServerConfigKeys (ConfUtils.java:logGet(46)) - raft.server.log.queue.byte-limit = 4294967296 (custom)
2023-06-02 19:46:34,545 [37ff51e8-4d98-426c-9b80-6778ef5a23bd-groupManagement] INFO  server.RaftServerConfigKeys (ConfUtils.java:logGet(46)) - raft.server.log.queue.element-limit = 1024 (custom)
2023-06-02 19:46:34,545 [37ff51e8-4d98-426c-9b80-6778ef5a23bd-groupManagement] INFO  server.RaftServerConfigKeys (ConfUtils.java:logGet(46)) - raft.server.log.segment.size.max = 1048576 (custom)
2023-06-02 19:46:34,545 [37ff51e8-4d98-426c-9b80-6778ef5a23bd-groupManagement] INFO  server.RaftServerConfigKeys (ConfUtils.java:logGet(46)) - raft.server.log.preallocated.size = 16384 (custom)
2023-06-02 19:46:34,545 [37ff51e8-4d98-426c-9b80-6778ef5a23bd-groupManagement] INFO  server.RaftServerConfigKeys (ConfUtils.java:logGet(46)) - raft.server.log.force.sync.num = 128 (default)
2023-06-02 19:46:34,545 [37ff51e8-4d98-426c-9b80-6778ef5a23bd-groupManagement] INFO  server.RaftServerConfigKeys (ConfUtils.java:logGet(46)) - raft.server.log.statemachine.data.sync = true (default)
2023-06-02 19:46:34,545 [37ff51e8-4d98-426c-9b80-6778ef5a23bd-groupManagement] INFO  server.RaftServerConfigKeys (ConfUtils.java:logGet(46)) - raft.server.log.statemachine.data.sync.timeout = 10s (default)
2023-06-02 19:46:34,545 [37ff51e8-4d98-426c-9b80-6778ef5a23bd-groupManagement] INFO  server.RaftServerConfigKeys (ConfUtils.java:logGet(46)) - raft.server.log.statemachine.data.sync.timeout.retry = -1 (default)
2023-06-02 19:46:34,547 [37ff51e8-4d98-426c-9b80-6778ef5a23bd-groupManagement] INFO  server.RaftServerConfigKeys (ConfUtils.java:logGet(46)) - raft.server.log.write.buffer.size = 1048576 (custom)
2023-06-02 19:46:34,549 [37ff51e8-4d98-426c-9b80-6778ef5a23bd-groupManagement] INFO  server.RaftServerConfigKeys (ConfUtils.java:logGet(46)) - raft.server.log.appender.buffer.byte-limit = 33554432 (custom)
2023-06-02 19:46:34,557 [37ff51e8-4d98-426c-9b80-6778ef5a23bd-groupManagement] INFO  server.RaftServerConfigKeys (ConfUtils.java:logGet(46)) - raft.server.log.unsafe-flush.enabled = false (default)
2023-06-02 19:46:34,558 [37ff51e8-4d98-426c-9b80-6778ef5a23bd-groupManagement] INFO  server.RaftServerConfigKeys (ConfUtils.java:logGet(46)) - raft.server.log.async-flush.enabled = false (default)
2023-06-02 19:46:34,558 [37ff51e8-4d98-426c-9b80-6778ef5a23bd-groupManagement] INFO  server.RaftServerConfigKeys (ConfUtils.java:logGet(46)) - raft.server.log.statemachine.data.caching.enabled = true (custom)
2023-06-02 19:46:34,558 [37ff51e8-4d98-426c-9b80-6778ef5a23bd-groupManagement] INFO  segmented.SegmentedRaftLogWorker (SegmentedRaftLogWorker.java:lambda$new$0(135)) - 37ff51e8-4d98-426c-9b80-6778ef5a23bd@group-674B5112605D-SegmentedRaftLogWorker: flushIndex: setUnconditionally 0 -> -1
2023-06-02 19:46:34,558 [37ff51e8-4d98-426c-9b80-6778ef5a23bd-groupManagement] INFO  segmented.SegmentedRaftLogWorker (SegmentedRaftLogWorker.java:lambda$new$0(135)) - 37ff51e8-4d98-426c-9b80-6778ef5a23bd@group-674B5112605D-SegmentedRaftLogWorker: safeCacheEvictIndex: setUnconditionally 0 -> -1
2023-06-02 19:46:34,558 [37ff51e8-4d98-426c-9b80-6778ef5a23bd-groupManagement] INFO  server.RaftServer$Division (RaftServerImpl.java:start(342)) - 37ff51e8-4d98-426c-9b80-6778ef5a23bd@group-674B5112605D: start as a follower, conf=-1: peers:[68e68f39-32fc-4b84-93e4-f20720881325|rpc:10.1.26.0:15068|admin:10.1.26.0:15067|client:10.1.26.0:15066|dataStream:10.1.26.0:15069|priority:1|startupRole:FOLLOWER, 3444f24d-5019-4db9-b49c-a7d3f58b79dc|rpc:10.1.26.0:15086|admin:10.1.26.0:15085|client:10.1.26.0:15084|dataStream:10.1.26.0:15087|priority:0|startupRole:FOLLOWER, 37ff51e8-4d98-426c-9b80-6778ef5a23bd|rpc:10.1.26.0:15077|admin:10.1.26.0:15076|client:10.1.26.0:15075|dataStream:10.1.26.0:15078|priority:0|startupRole:FOLLOWER]|listeners:[], old=null
2023-06-02 19:46:34,558 [37ff51e8-4d98-426c-9b80-6778ef5a23bd-groupManagement] INFO  server.RaftServer$Division (RaftServerImpl.java:setRole(329)) - 37ff51e8-4d98-426c-9b80-6778ef5a23bd@group-674B5112605D: changes role from      null to FOLLOWER at term 0 for startAsFollower
2023-06-02 19:46:34,558 [37ff51e8-4d98-426c-9b80-6778ef5a23bd-groupManagement] INFO  impl.RoleInfo (RoleInfo.java:updateAndGet(139)) - 37ff51e8-4d98-426c-9b80-6778ef5a23bd: start 37ff51e8-4d98-426c-9b80-6778ef5a23bd@group-674B5112605D-FollowerState
2023-06-02 19:46:34,563 [37ff51e8-4d98-426c-9b80-6778ef5a23bd-groupManagement] INFO  util.JmxRegister (JmxRegister.java:tryRegister(44)) - Successfully registered JMX Bean with object name Ratis:service=RaftServer,group=group-674B5112605D,id=37ff51e8-4d98-426c-9b80-6778ef5a23bd
2023-06-02 19:46:34,563 [37ff51e8-4d98-426c-9b80-6778ef5a23bd-groupManagement] INFO  server.RaftServerConfigKeys (ConfUtils.java:logGet(46)) - raft.server.snapshot.auto.trigger.enabled = true (custom)
2023-06-02 19:46:34,563 [37ff51e8-4d98-426c-9b80-6778ef5a23bd-groupManagement] INFO  server.RaftServerConfigKeys (ConfUtils.java:logGet(46)) - raft.server.snapshot.auto.trigger.threshold = 10000 (custom)
2023-06-02 19:46:34,563 [37ff51e8-4d98-426c-9b80-6778ef5a23bd-groupManagement] INFO  server.RaftServerConfigKeys (ConfUtils.java:logGet(46)) - raft.server.snapshot.retention.file.num = 5 (custom)
2023-06-02 19:46:34,563 [37ff51e8-4d98-426c-9b80-6778ef5a23bd-groupManagement] INFO  server.RaftServerConfigKeys (ConfUtils.java:logGet(46)) - raft.server.log.purge.upto.snapshot.index = false (default)
2023-06-02 19:46:34,564 [37ff51e8-4d98-426c-9b80-6778ef5a23bd@group-674B5112605D-FollowerState] INFO  server.RaftServerConfigKeys (ConfUtils.java:logFallback(53)) - raft.server.rpc.first-election.timeout.min = 5s (fallback to raft.server.rpc.timeout.min)
2023-06-02 19:46:34,564 [37ff51e8-4d98-426c-9b80-6778ef5a23bd@group-674B5112605D-FollowerState] INFO  server.RaftServerConfigKeys (ConfUtils.java:logFallback(53)) - raft.server.rpc.first-election.timeout.max = 5200ms (fallback to raft.server.rpc.timeout.max)
2023-06-02 19:46:34,585 [PipelineCommandHandlerThread-0] INFO  commandhandler.CreatePipelineCommandHandler (CreatePipelineCommandHandler.java:lambda$handle$2(124)) - Created Pipeline RATIS THREE PipelineID=a369836c-6100-40ff-9aaf-674b5112605d.
2023-06-02 19:46:34,730 [main] INFO  ozone.MiniOzoneClusterImpl (MiniOzoneClusterImpl.java:lambda$waitForClusterToBeReady$0(222)) - Waiting for nodes to be ready. Got 13 of 14 DN Heartbeats.
2023-06-02 19:46:34,730 [main] INFO  ozone.MiniOzoneClusterImpl (MiniOzoneClusterImpl.java:lambda$waitForClusterToBeReady$0(225)) - Waiting for cluster to exit safe mode
2023-06-02 19:46:34,730 [main] INFO  ozone.MiniOzoneClusterImpl (MiniOzoneClusterImpl.java:lambda$waitForClusterToBeReady$0(227)) - SCM became leader
2023-06-02 19:46:34,735 [IPC Server handler 4 on default port 15002] INFO  net.NetworkTopologyImpl (NetworkTopologyImpl.java:add(112)) - Added a new node: /default-rack/0510a9b5-5640-4405-855a-d41528cb8ad5
2023-06-02 19:46:34,736 [IPC Server handler 4 on default port 15002] INFO  node.SCMNodeManager (SCMNodeManager.java:register(407)) - Registered Data node : 0510a9b5-5640-4405-855a-d41528cb8ad5{ip: 10.1.26.0, host: fv-az459-618.msq0az1vewme3jsxyslsv0htic.jx.internal.cloudapp.net, ports: [HTTP=15126, CLIENT_RPC=15127, REPLICATION=15133, RATIS=15129, RATIS_ADMIN=15130, RATIS_SERVER=15131, RATIS_DATASTREAM=15132, STANDALONE=15128], networkLocation: /default-rack, certSerialId: null, persistedOpState: null, persistedOpStateExpiryEpochSec: 0}
2023-06-02 19:46:34,736 [EventQueue-NewNodeForNewNodeHandler] INFO  pipeline.BackgroundPipelineCreator (BackgroundPipelineCreator.java:notifyEventTriggered(276)) - trigger a one-shot run on RatisPipelineUtilsThread.
2023-06-02 19:46:34,737 [RatisPipelineUtilsThread - 0] WARN  pipeline.PipelinePlacementPolicy (PipelinePlacementPolicy.java:filterViableNodes(160)) - Pipeline creation failed due to no sufficient healthy datanodes. Required 3. Found 2. Excluded 12.
2023-06-02 19:46:35,731 [main] INFO  ozone.MiniOzoneClusterImpl (MiniOzoneClusterImpl.java:lambda$waitForClusterToBeReady$0(222)) - Nodes are ready. Got 14 of 14 DN Heartbeats.
2023-06-02 19:46:35,731 [main] INFO  ozone.MiniOzoneClusterImpl (MiniOzoneClusterImpl.java:lambda$waitForClusterToBeReady$0(225)) - Waiting for cluster to exit safe mode
2023-06-02 19:46:35,731 [main] INFO  ozone.MiniOzoneClusterImpl (MiniOzoneClusterImpl.java:lambda$waitForClusterToBeReady$0(227)) - SCM became leader
2023-06-02 19:46:35,746 [PipelineCommandHandlerThread-0] INFO  server.RaftServer (RaftServerProxy.java:addNew(98)) - 93e73215-cf0c-4899-893f-1e32053e8cf3: addNew group-6FCA2ABE0AD0:[93e73215-cf0c-4899-893f-1e32053e8cf3|rpc:10.1.26.0:15095|admin:10.1.26.0:15094|client:10.1.26.0:15093|dataStream:10.1.26.0:15096|priority:0|startupRole:FOLLOWER, a3512fa8-98cf-431f-8bbe-512df84cf246|rpc:10.1.26.0:15113|admin:10.1.26.0:15112|client:10.1.26.0:15111|dataStream:10.1.26.0:15114|priority:1|startupRole:FOLLOWER, c22c8f81-1e38-483d-9a9f-669266df5e1e|rpc:10.1.26.0:15104|admin:10.1.26.0:15103|client:10.1.26.0:15102|dataStream:10.1.26.0:15105|priority:0|startupRole:FOLLOWER] returns group-6FCA2ABE0AD0:java.util.concurrent.CompletableFuture@4576b8b0[Not completed]
2023-06-02 19:46:35,748 [93e73215-cf0c-4899-893f-1e32053e8cf3-groupManagement] INFO  server.RaftServer$Division (RaftServerImpl.java:<init>(198)) - 93e73215-cf0c-4899-893f-1e32053e8cf3: new RaftServerImpl for group-6FCA2ABE0AD0:[93e73215-cf0c-4899-893f-1e32053e8cf3|rpc:10.1.26.0:15095|admin:10.1.26.0:15094|client:10.1.26.0:15093|dataStream:10.1.26.0:15096|priority:0|startupRole:FOLLOWER, a3512fa8-98cf-431f-8bbe-512df84cf246|rpc:10.1.26.0:15113|admin:10.1.26.0:15112|client:10.1.26.0:15111|dataStream:10.1.26.0:15114|priority:1|startupRole:FOLLOWER, c22c8f81-1e38-483d-9a9f-669266df5e1e|rpc:10.1.26.0:15104|admin:10.1.26.0:15103|client:10.1.26.0:15102|dataStream:10.1.26.0:15105|priority:0|startupRole:FOLLOWER] with ContainerStateMachine:uninitialized
2023-06-02 19:46:35,748 [93e73215-cf0c-4899-893f-1e32053e8cf3-groupManagement] INFO  server.RaftServerConfigKeys (ConfUtils.java:logGet(46)) - raft.server.rpc.timeout.min = 5s (custom)
2023-06-02 19:46:35,748 [93e73215-cf0c-4899-893f-1e32053e8cf3-groupManagement] INFO  server.RaftServerConfigKeys (ConfUtils.java:logGet(46)) - raft.server.rpc.timeout.max = 5200ms (custom)
2023-06-02 19:46:35,748 [93e73215-cf0c-4899-893f-1e32053e8cf3-groupManagement] INFO  server.RaftServerConfigKeys (ConfUtils.java:logGet(46)) - raft.server.rpc.sleep.time = 25ms (default)
2023-06-02 19:46:35,748 [93e73215-cf0c-4899-893f-1e32053e8cf3-groupManagement] INFO  server.RaftServerConfigKeys (ConfUtils.java:logGet(46)) - raft.server.rpc.slowness.timeout = 300s (custom)
2023-06-02 19:46:35,748 [93e73215-cf0c-4899-893f-1e32053e8cf3-groupManagement] INFO  server.RaftServerConfigKeys (ConfUtils.java:logGet(46)) - raft.server.leaderelection.leader.step-down.wait-time = 10s (default)
2023-06-02 19:46:35,748 [93e73215-cf0c-4899-893f-1e32053e8cf3-groupManagement] INFO  server.RaftServerConfigKeys (ConfUtils.java:logGet(46)) - raft.server.sleep.deviation.threshold = 300ms (default)
2023-06-02 19:46:35,748 [93e73215-cf0c-4899-893f-1e32053e8cf3-groupManagement] INFO  server.RaftServer$Division (ServerState.java:<init>(120)) - 93e73215-cf0c-4899-893f-1e32053e8cf3@group-6FCA2ABE0AD0: ConfigurationManager, init=-1: peers:[93e73215-cf0c-4899-893f-1e32053e8cf3|rpc:10.1.26.0:15095|admin:10.1.26.0:15094|client:10.1.26.0:15093|dataStream:10.1.26.0:15096|priority:0|startupRole:FOLLOWER, a3512fa8-98cf-431f-8bbe-512df84cf246|rpc:10.1.26.0:15113|admin:10.1.26.0:15112|client:10.1.26.0:15111|dataStream:10.1.26.0:15114|priority:1|startupRole:FOLLOWER, c22c8f81-1e38-483d-9a9f-669266df5e1e|rpc:10.1.26.0:15104|admin:10.1.26.0:15103|client:10.1.26.0:15102|dataStream:10.1.26.0:15105|priority:0|startupRole:FOLLOWER]|listeners:[], old=null, confs=<EMPTY_MAP>
2023-06-02 19:46:35,748 [93e73215-cf0c-4899-893f-1e32053e8cf3-groupManagement] INFO  server.RaftServerConfigKeys (ConfUtils.java:logGet(46)) - raft.server.storage.dir = [/home/runner/work/ozone/ozone/hadoop-ozone/integration-test/target/test-dir/MiniOzoneClusterImpl-e4789928-4fd4-479e-857e-ac334458de01/datanode-9/data/ratis] (custom)
2023-06-02 19:46:35,749 [93e73215-cf0c-4899-893f-1e32053e8cf3-groupManagement] INFO  server.RaftServerConfigKeys (ConfUtils.java:logGet(46)) - raft.server.log.corruption.policy = EXCEPTION (default)
2023-06-02 19:46:35,749 [93e73215-cf0c-4899-893f-1e32053e8cf3-groupManagement] INFO  server.RaftServerConfigKeys (ConfUtils.java:logGet(46)) - raft.server.storage.free-space.min = 0MB (=0) (default)
2023-06-02 19:46:35,749 [93e73215-cf0c-4899-893f-1e32053e8cf3-groupManagement] INFO  server.RaftServerConfigKeys (ConfUtils.java:logGet(46)) - raft.server.notification.no-leader.timeout = 300s (custom)
2023-06-02 19:46:35,749 [93e73215-cf0c-4899-893f-1e32053e8cf3-groupManagement] INFO  server.RaftServerConfigKeys (ConfUtils.java:logGet(46)) - raft.server.read.timeout = 10s (default)
2023-06-02 19:46:35,749 [93e73215-cf0c-4899-893f-1e32053e8cf3-groupManagement] INFO  server.RaftServerConfigKeys (ConfUtils.java:logGet(46)) - raft.server.retrycache.expirytime = 600000ms (custom)
2023-06-02 19:46:35,749 [93e73215-cf0c-4899-893f-1e32053e8cf3-groupManagement] INFO  server.RaftServerConfigKeys (ConfUtils.java:logGet(46)) - raft.server.retrycache.statistics.expirytime = 100μs (default)
2023-06-02 19:46:35,749 [93e73215-cf0c-4899-893f-1e32053e8cf3-groupManagement] INFO  server.RaftServerConfigKeys (ConfUtils.java:logGet(46)) - raft.server.read.option = DEFAULT (default)
2023-06-02 19:46:35,751 [93e73215-cf0c-4899-893f-1e32053e8cf3-groupManagement] INFO  server.RaftServerConfigKeys (ConfUtils.java:logGet(46)) - raft.server.rpc.request.timeout = 60s (custom)
2023-06-02 19:46:35,751 [93e73215-cf0c-4899-893f-1e32053e8cf3-groupManagement] INFO  server.RaftServerConfigKeys (ConfUtils.java:logGet(46)) - raft.server.log.appender.install.snapshot.enabled = false (custom)
2023-06-02 19:46:35,751 [93e73215-cf0c-4899-893f-1e32053e8cf3-groupManagement] INFO  server.RaftServerConfigKeys (ConfUtils.java:logGet(46)) - raft.server.threadpool.server.cached = true (default)
2023-06-02 19:46:35,751 [93e73215-cf0c-4899-893f-1e32053e8cf3-groupManagement] INFO  server.RaftServerConfigKeys (ConfUtils.java:logGet(46)) - raft.server.threadpool.server.size = 0 (default)
2023-06-02 19:46:35,751 [93e73215-cf0c-4899-893f-1e32053e8cf3-groupManagement] INFO  server.RaftServerConfigKeys (ConfUtils.java:logGet(46)) - raft.server.threadpool.client.cached = true (default)
2023-06-02 19:46:35,751 [93e73215-cf0c-4899-893f-1e32053e8cf3-groupManagement] INFO  server.RaftServerConfigKeys (ConfUtils.java:logGet(46)) - raft.server.threadpool.client.size = 0 (default)
2023-06-02 19:46:35,751 [93e73215-cf0c-4899-893f-1e32053e8cf3-groupManagement] INFO  storage.RaftStorageDirectory (RaftStorageDirectoryImpl.java:analyzeStorage(137)) - The storage directory /home/runner/work/ozone/ozone/hadoop-ozone/integration-test/target/test-dir/MiniOzoneClusterImpl-e4789928-4fd4-479e-857e-ac334458de01/datanode-9/data/ratis/03270534-da8a-4a83-a4ea-6fca2abe0ad0 does not exist. Creating ...
2023-06-02 19:46:35,753 [93e73215-cf0c-4899-893f-1e32053e8cf3-groupManagement] INFO  storage.RaftStorageDirectory (RaftStorageDirectoryImpl.java:tryLock(231)) - Lock on /home/runner/work/ozone/ozone/hadoop-ozone/integration-test/target/test-dir/MiniOzoneClusterImpl-e4789928-4fd4-479e-857e-ac334458de01/datanode-9/data/ratis/03270534-da8a-4a83-a4ea-6fca2abe0ad0/in_use.lock acquired by nodename 54141@fv-az459-618
2023-06-02 19:46:35,755 [93e73215-cf0c-4899-893f-1e32053e8cf3-groupManagement] INFO  storage.RaftStorage (RaftStorageImpl.java:format(96)) - Storage directory /home/runner/work/ozone/ozone/hadoop-ozone/integration-test/target/test-dir/MiniOzoneClusterImpl-e4789928-4fd4-479e-857e-ac334458de01/datanode-9/data/ratis/03270534-da8a-4a83-a4ea-6fca2abe0ad0 has been successfully formatted.
2023-06-02 19:46:35,757 [93e73215-cf0c-4899-893f-1e32053e8cf3-groupManagement] INFO  ratis.ContainerStateMachine (ContainerStateMachine.java:loadSnapshot(262)) - group-6FCA2ABE0AD0: The snapshot info is null. Setting the last applied indexto:(t:0, i:~)
2023-06-02 19:46:35,757 [93e73215-cf0c-4899-893f-1e32053e8cf3-groupManagement] INFO  server.RaftServerConfigKeys (ConfUtils.java:logGet(46)) - raft.server.log.use.memory = false (default)
2023-06-02 19:46:35,758 [93e73215-cf0c-4899-893f-1e32053e8cf3-groupManagement] INFO  server.RaftServerConfigKeys (ConfUtils.java:logGet(46)) - raft.server.log.purge.gap = 1000000 (custom)
2023-06-02 19:46:35,758 [93e73215-cf0c-4899-893f-1e32053e8cf3-groupManagement] INFO  server.RaftServerConfigKeys (ConfUtils.java:logGet(46)) - raft.server.log.appender.buffer.byte-limit = 33554432 (custom)
2023-06-02 19:46:35,758 [93e73215-cf0c-4899-893f-1e32053e8cf3-groupManagement] INFO  server.RaftServerConfigKeys (ConfUtils.java:logGet(46)) - raft.server.log.statemachine.data.read.timeout = 1000ms (default)
2023-06-02 19:46:35,758 [93e73215-cf0c-4899-893f-1e32053e8cf3-groupManagement] INFO  server.RaftServerConfigKeys (ConfUtils.java:logGet(46)) - raft.server.log.purge.preservation.log.num = 0 (default)
2023-06-02 19:46:35,758 [93e73215-cf0c-4899-893f-1e32053e8cf3-groupManagement] INFO  server.RaftServerConfigKeys (ConfUtils.java:logGet(46)) - raft.server.log.segment.size.max = 1048576 (custom)
2023-06-02 19:46:35,759 [93e73215-cf0c-4899-893f-1e32053e8cf3-groupManagement] INFO  server.RaftServerConfigKeys (ConfUtils.java:logGet(46)) - raft.server.log.segment.cache.num.max = 2 (custom)
2023-06-02 19:46:35,759 [93e73215-cf0c-4899-893f-1e32053e8cf3-groupManagement] INFO  server.RaftServerConfigKeys (ConfUtils.java:logGet(46)) - raft.server.log.segment.cache.size.max = 200MB (=209715200) (default)
2023-06-02 19:46:35,759 [93e73215-cf0c-4899-893f-1e32053e8cf3-groupManagement] INFO  server.RaftServerConfigKeys (ConfUtils.java:logGet(46)) - raft.server.log.appender.buffer.byte-limit = 33554432 (custom)
2023-06-02 19:46:35,759 [93e73215-cf0c-4899-893f-1e32053e8cf3-groupManagement] INFO  segmented.SegmentedRaftLogWorker (SegmentedRaftLogWorker.java:<init>(188)) - new 93e73215-cf0c-4899-893f-1e32053e8cf3@group-6FCA2ABE0AD0-SegmentedRaftLogWorker for RaftStorageImpl:Storage Directory /home/runner/work/ozone/ozone/hadoop-ozone/integration-test/target/test-dir/MiniOzoneClusterImpl-e4789928-4fd4-479e-857e-ac334458de01/datanode-9/data/ratis/03270534-da8a-4a83-a4ea-6fca2abe0ad0
2023-06-02 19:46:35,759 [93e73215-cf0c-4899-893f-1e32053e8cf3-groupManagement] INFO  server.RaftServerConfigKeys (ConfUtils.java:logGet(46)) - raft.server.log.queue.byte-limit = 4294967296 (custom)
2023-06-02 19:46:35,759 [93e73215-cf0c-4899-893f-1e32053e8cf3-groupManagement] INFO  server.RaftServerConfigKeys (ConfUtils.java:logGet(46)) - raft.server.log.queue.element-limit = 1024 (custom)
2023-06-02 19:46:35,759 [93e73215-cf0c-4899-893f-1e32053e8cf3-groupManagement] INFO  server.RaftServerConfigKeys (ConfUtils.java:logGet(46)) - raft.server.log.segment.size.max = 1048576 (custom)
2023-06-02 19:46:35,759 [93e73215-cf0c-4899-893f-1e32053e8cf3-groupManagement] INFO  server.RaftServerConfigKeys (ConfUtils.java:logGet(46)) - raft.server.log.preallocated.size = 16384 (custom)
2023-06-02 19:46:35,759 [93e73215-cf0c-4899-893f-1e32053e8cf3-groupManagement] INFO  server.RaftServerConfigKeys (ConfUtils.java:logGet(46)) - raft.server.log.force.sync.num = 128 (default)
2023-06-02 19:46:35,759 [93e73215-cf0c-4899-893f-1e32053e8cf3-groupManagement] INFO  server.RaftServerConfigKeys (ConfUtils.java:logGet(46)) - raft.server.log.statemachine.data.sync = true (default)
2023-06-02 19:46:35,759 [93e73215-cf0c-4899-893f-1e32053e8cf3-groupManagement] INFO  server.RaftServerConfigKeys (ConfUtils.java:logGet(46)) - raft.server.log.statemachine.data.sync.timeout = 10s (default)
2023-06-02 19:46:35,759 [93e73215-cf0c-4899-893f-1e32053e8cf3-groupManagement] INFO  server.RaftServerConfigKeys (ConfUtils.java:logGet(46)) - raft.server.log.statemachine.data.sync.timeout.retry = -1 (default)
2023-06-02 19:46:35,760 [93e73215-cf0c-4899-893f-1e32053e8cf3-groupManagement] INFO  server.RaftServerConfigKeys (ConfUtils.java:logGet(46)) - raft.server.log.write.buffer.size = 1048576 (custom)
2023-06-02 19:46:35,761 [93e73215-cf0c-4899-893f-1e32053e8cf3-groupManagement] INFO  server.RaftServerConfigKeys (ConfUtils.java:logGet(46)) - raft.server.log.appender.buffer.byte-limit = 33554432 (custom)
2023-06-02 19:46:35,767 [93e73215-cf0c-4899-893f-1e32053e8cf3-groupManagement] INFO  server.RaftServerConfigKeys (ConfUtils.java:logGet(46)) - raft.server.log.unsafe-flush.enabled = false (default)
2023-06-02 19:46:35,767 [93e73215-cf0c-4899-893f-1e32053e8cf3-groupManagement] INFO  server.RaftServerConfigKeys (ConfUtils.java:logGet(46)) - raft.server.log.async-flush.enabled = false (default)
2023-06-02 19:46:35,767 [93e73215-cf0c-4899-893f-1e32053e8cf3-groupManagement] INFO  server.RaftServerConfigKeys (ConfUtils.java:logGet(46)) - raft.server.log.statemachine.data.caching.enabled = true (custom)
2023-06-02 19:46:35,767 [93e73215-cf0c-4899-893f-1e32053e8cf3-groupManagement] INFO  segmented.SegmentedRaftLogWorker (SegmentedRaftLogWorker.java:lambda$new$0(135)) - 93e73215-cf0c-4899-893f-1e32053e8cf3@group-6FCA2ABE0AD0-SegmentedRaftLogWorker: flushIndex: setUnconditionally 0 -> -1
2023-06-02 19:46:35,767 [93e73215-cf0c-4899-893f-1e32053e8cf3-groupManagement] INFO  segmented.SegmentedRaftLogWorker (SegmentedRaftLogWorker.java:lambda$new$0(135)) - 93e73215-cf0c-4899-893f-1e32053e8cf3@group-6FCA2ABE0AD0-SegmentedRaftLogWorker: safeCacheEvictIndex: setUnconditionally 0 -> -1
2023-06-02 19:46:35,767 [93e73215-cf0c-4899-893f-1e32053e8cf3-groupManagement] INFO  server.RaftServer$Division (RaftServerImpl.java:start(342)) - 93e73215-cf0c-4899-893f-1e32053e8cf3@group-6FCA2ABE0AD0: start as a follower, conf=-1: peers:[93e73215-cf0c-4899-893f-1e32053e8cf3|rpc:10.1.26.0:15095|admin:10.1.26.0:15094|client:10.1.26.0:15093|dataStream:10.1.26.0:15096|priority:0|startupRole:FOLLOWER, a3512fa8-98cf-431f-8bbe-512df84cf246|rpc:10.1.26.0:15113|admin:10.1.26.0:15112|client:10.1.26.0:15111|dataStream:10.1.26.0:15114|priority:1|startupRole:FOLLOWER, c22c8f81-1e38-483d-9a9f-669266df5e1e|rpc:10.1.26.0:15104|admin:10.1.26.0:15103|client:10.1.26.0:15102|dataStream:10.1.26.0:15105|priority:0|startupRole:FOLLOWER]|listeners:[], old=null
2023-06-02 19:46:35,768 [93e73215-cf0c-4899-893f-1e32053e8cf3-groupManagement] INFO  server.RaftServer$Division (RaftServerImpl.java:setRole(329)) - 93e73215-cf0c-4899-893f-1e32053e8cf3@group-6FCA2ABE0AD0: changes role from      null to FOLLOWER at term 0 for startAsFollower
2023-06-02 19:46:35,768 [93e73215-cf0c-4899-893f-1e32053e8cf3-groupManagement] INFO  impl.RoleInfo (RoleInfo.java:updateAndGet(139)) - 93e73215-cf0c-4899-893f-1e32053e8cf3: start 93e73215-cf0c-4899-893f-1e32053e8cf3@group-6FCA2ABE0AD0-FollowerState
2023-06-02 19:46:35,776 [93e73215-cf0c-4899-893f-1e32053e8cf3-groupManagement] INFO  util.JmxRegister (JmxRegister.java:tryRegister(44)) - Successfully registered JMX Bean with object name Ratis:service=RaftServer,group=group-6FCA2ABE0AD0,id=93e73215-cf0c-4899-893f-1e32053e8cf3
2023-06-02 19:46:35,776 [93e73215-cf0c-4899-893f-1e32053e8cf3-groupManagement] INFO  server.RaftServerConfigKeys (ConfUtils.java:logGet(46)) - raft.server.snapshot.auto.trigger.enabled = true (custom)
2023-06-02 19:46:35,776 [93e73215-cf0c-4899-893f-1e32053e8cf3-groupManagement] INFO  server.RaftServerConfigKeys (ConfUtils.java:logGet(46)) - raft.server.snapshot.auto.trigger.threshold = 10000 (custom)
2023-06-02 19:46:35,776 [93e73215-cf0c-4899-893f-1e32053e8cf3-groupManagement] INFO  server.RaftServerConfigKeys (ConfUtils.java:logGet(46)) - raft.server.snapshot.retention.file.num = 5 (custom)
2023-06-02 19:46:35,776 [93e73215-cf0c-4899-893f-1e32053e8cf3-groupManagement] INFO  server.RaftServerConfigKeys (ConfUtils.java:logGet(46)) - raft.server.log.purge.upto.snapshot.index = false (default)
2023-06-02 19:46:35,779 [PipelineCommandHandlerThread-0] INFO  ratis.XceiverServerRatis (XceiverServerRatis.java:addGroup(804)) - Created group PipelineID=03270534-da8a-4a83-a4ea-6fca2abe0ad0
2023-06-02 19:46:35,783 [93e73215-cf0c-4899-893f-1e32053e8cf3@group-6FCA2ABE0AD0-FollowerState] INFO  server.RaftServerConfigKeys (ConfUtils.java:logFallback(53)) - raft.server.rpc.first-election.timeout.min = 5s (fallback to raft.server.rpc.timeout.min)
2023-06-02 19:46:35,784 [93e73215-cf0c-4899-893f-1e32053e8cf3@group-6FCA2ABE0AD0-FollowerState] INFO  server.RaftServerConfigKeys (ConfUtils.java:logFallback(53)) - raft.server.rpc.first-election.timeout.max = 5200ms (fallback to raft.server.rpc.timeout.max)
2023-06-02 19:46:35,796 [grpc-default-executor-0] INFO  server.RaftServer (RaftServerProxy.java:addNew(98)) - a3512fa8-98cf-431f-8bbe-512df84cf246: addNew group-6FCA2ABE0AD0:[93e73215-cf0c-4899-893f-1e32053e8cf3|rpc:10.1.26.0:15095|admin:10.1.26.0:15094|client:10.1.26.0:15093|dataStream:10.1.26.0:15096|priority:0|startupRole:FOLLOWER, a3512fa8-98cf-431f-8bbe-512df84cf246|rpc:10.1.26.0:15113|admin:10.1.26.0:15112|client:10.1.26.0:15111|dataStream:10.1.26.0:15114|priority:1|startupRole:FOLLOWER, c22c8f81-1e38-483d-9a9f-669266df5e1e|rpc:10.1.26.0:15104|admin:10.1.26.0:15103|client:10.1.26.0:15102|dataStream:10.1.26.0:15105|priority:0|startupRole:FOLLOWER] returns group-6FCA2ABE0AD0:java.util.concurrent.CompletableFuture@7c4ec694[Not completed]
2023-06-02 19:46:35,802 [a3512fa8-98cf-431f-8bbe-512df84cf246-groupManagement] INFO  server.RaftServer$Division (RaftServerImpl.java:<init>(198)) - a3512fa8-98cf-431f-8bbe-512df84cf246: new RaftServerImpl for group-6FCA2ABE0AD0:[93e73215-cf0c-4899-893f-1e32053e8cf3|rpc:10.1.26.0:15095|admin:10.1.26.0:15094|client:10.1.26.0:15093|dataStream:10.1.26.0:15096|priority:0|startupRole:FOLLOWER, a3512fa8-98cf-431f-8bbe-512df84cf246|rpc:10.1.26.0:15113|admin:10.1.26.0:15112|client:10.1.26.0:15111|dataStream:10.1.26.0:15114|priority:1|startupRole:FOLLOWER, c22c8f81-1e38-483d-9a9f-669266df5e1e|rpc:10.1.26.0:15104|admin:10.1.26.0:15103|client:10.1.26.0:15102|dataStream:10.1.26.0:15105|priority:0|startupRole:FOLLOWER] with ContainerStateMachine:uninitialized
2023-06-02 19:46:35,802 [a3512fa8-98cf-431f-8bbe-512df84cf246-groupManagement] INFO  server.RaftServerConfigKeys (ConfUtils.java:logGet(46)) - raft.server.rpc.timeout.min = 5s (custom)
2023-06-02 19:46:35,802 [a3512fa8-98cf-431f-8bbe-512df84cf246-groupManagement] INFO  server.RaftServerConfigKeys (ConfUtils.java:logGet(46)) - raft.server.rpc.timeout.max = 5200ms (custom)
2023-06-02 19:46:35,802 [a3512fa8-98cf-431f-8bbe-512df84cf246-groupManagement] INFO  server.RaftServerConfigKeys (ConfUtils.java:logGet(46)) - raft.server.rpc.sleep.time = 25ms (default)
2023-06-02 19:46:35,802 [a3512fa8-98cf-431f-8bbe-512df84cf246-groupManagement] INFO  server.RaftServerConfigKeys (ConfUtils.java:logGet(46)) - raft.server.rpc.slowness.timeout = 300s (custom)
2023-06-02 19:46:35,802 [a3512fa8-98cf-431f-8bbe-512df84cf246-groupManagement] INFO  server.RaftServerConfigKeys (ConfUtils.java:logGet(46)) - raft.server.leaderelection.leader.step-down.wait-time = 10s (default)
2023-06-02 19:46:35,803 [a3512fa8-98cf-431f-8bbe-512df84cf246-groupManagement] INFO  server.RaftServerConfigKeys (ConfUtils.java:logGet(46)) - raft.server.sleep.deviation.threshold = 300ms (default)
2023-06-02 19:46:35,803 [a3512fa8-98cf-431f-8bbe-512df84cf246-groupManagement] INFO  server.RaftServer$Division (ServerState.java:<init>(120)) - a3512fa8-98cf-431f-8bbe-512df84cf246@group-6FCA2ABE0AD0: ConfigurationManager, init=-1: peers:[93e73215-cf0c-4899-893f-1e32053e8cf3|rpc:10.1.26.0:15095|admin:10.1.26.0:15094|client:10.1.26.0:15093|dataStream:10.1.26.0:15096|priority:0|startupRole:FOLLOWER, a3512fa8-98cf-431f-8bbe-512df84cf246|rpc:10.1.26.0:15113|admin:10.1.26.0:15112|client:10.1.26.0:15111|dataStream:10.1.26.0:15114|priority:1|startupRole:FOLLOWER, c22c8f81-1e38-483d-9a9f-669266df5e1e|rpc:10.1.26.0:15104|admin:10.1.26.0:15103|client:10.1.26.0:15102|dataStream:10.1.26.0:15105|priority:0|startupRole:FOLLOWER]|listeners:[], old=null, confs=<EMPTY_MAP>
2023-06-02 19:46:35,803 [a3512fa8-98cf-431f-8bbe-512df84cf246-groupManagement] INFO  server.RaftServerConfigKeys (ConfUtils.java:logGet(46)) - raft.server.storage.dir = [/home/runner/work/ozone/ozone/hadoop-ozone/integration-test/target/test-dir/MiniOzoneClusterImpl-e4789928-4fd4-479e-857e-ac334458de01/datanode-11/data/ratis] (custom)
2023-06-02 19:46:35,803 [a3512fa8-98cf-431f-8bbe-512df84cf246-groupManagement] INFO  server.RaftServerConfigKeys (ConfUtils.java:logGet(46)) - raft.server.log.corruption.policy = EXCEPTION (default)
2023-06-02 19:46:35,803 [a3512fa8-98cf-431f-8bbe-512df84cf246-groupManagement] INFO  server.RaftServerConfigKeys (ConfUtils.java:logGet(46)) - raft.server.storage.free-space.min = 0MB (=0) (default)
2023-06-02 19:46:35,803 [a3512fa8-98cf-431f-8bbe-512df84cf246-groupManagement] INFO  server.RaftServerConfigKeys (ConfUtils.java:logGet(46)) - raft.server.notification.no-leader.timeout = 300s (custom)
2023-06-02 19:46:35,803 [a3512fa8-98cf-431f-8bbe-512df84cf246-groupManagement] INFO  server.RaftServerConfigKeys (ConfUtils.java:logGet(46)) - raft.server.read.timeout = 10s (default)
2023-06-02 19:46:35,803 [a3512fa8-98cf-431f-8bbe-512df84cf246-groupManagement] INFO  server.RaftServerConfigKeys (ConfUtils.java:logGet(46)) - raft.server.retrycache.expirytime = 600000ms (custom)
2023-06-02 19:46:35,803 [a3512fa8-98cf-431f-8bbe-512df84cf246-groupManagement] INFO  server.RaftServerConfigKeys (ConfUtils.java:logGet(46)) - raft.server.retrycache.statistics.expirytime = 100μs (default)
2023-06-02 19:46:35,803 [a3512fa8-98cf-431f-8bbe-512df84cf246-groupManagement] INFO  server.RaftServerConfigKeys (ConfUtils.java:logGet(46)) - raft.server.read.option = DEFAULT (default)
2023-06-02 19:46:35,805 [a3512fa8-98cf-431f-8bbe-512df84cf246-groupManagement] INFO  server.RaftServerConfigKeys (ConfUtils.java:logGet(46)) - raft.server.rpc.request.timeout = 60s (custom)
2023-06-02 19:46:35,805 [a3512fa8-98cf-431f-8bbe-512df84cf246-groupManagement] INFO  server.RaftServerConfigKeys (ConfUtils.java:logGet(46)) - raft.server.log.appender.install.snapshot.enabled = false (custom)
2023-06-02 19:46:35,805 [a3512fa8-98cf-431f-8bbe-512df84cf246-groupManagement] INFO  server.RaftServerConfigKeys (ConfUtils.java:logGet(46)) - raft.server.threadpool.server.cached = true (default)
2023-06-02 19:46:35,805 [a3512fa8-98cf-431f-8bbe-512df84cf246-groupManagement] INFO  server.RaftServerConfigKeys (ConfUtils.java:logGet(46)) - raft.server.threadpool.server.size = 0 (default)
2023-06-02 19:46:35,805 [a3512fa8-98cf-431f-8bbe-512df84cf246-groupManagement] INFO  server.RaftServerConfigKeys (ConfUtils.java:logGet(46)) - raft.server.threadpool.client.cached = true (default)
2023-06-02 19:46:35,805 [a3512fa8-98cf-431f-8bbe-512df84cf246-groupManagement] INFO  server.RaftServerConfigKeys (ConfUtils.java:logGet(46)) - raft.server.threadpool.client.size = 0 (default)
2023-06-02 19:46:35,805 [a3512fa8-98cf-431f-8bbe-512df84cf246-groupManagement] INFO  storage.RaftStorageDirectory (RaftStorageDirectoryImpl.java:analyzeStorage(137)) - The storage directory /home/runner/work/ozone/ozone/hadoop-ozone/integration-test/target/test-dir/MiniOzoneClusterImpl-e4789928-4fd4-479e-857e-ac334458de01/datanode-11/data/ratis/03270534-da8a-4a83-a4ea-6fca2abe0ad0 does not exist. Creating ...
2023-06-02 19:46:35,806 [a3512fa8-98cf-431f-8bbe-512df84cf246-groupManagement] INFO  storage.RaftStorageDirectory (RaftStorageDirectoryImpl.java:tryLock(231)) - Lock on /home/runner/work/ozone/ozone/hadoop-ozone/integration-test/target/test-dir/MiniOzoneClusterImpl-e4789928-4fd4-479e-857e-ac334458de01/datanode-11/data/ratis/03270534-da8a-4a83-a4ea-6fca2abe0ad0/in_use.lock acquired by nodename 54141@fv-az459-618
2023-06-02 19:46:35,809 [a3512fa8-98cf-431f-8bbe-512df84cf246-groupManagement] INFO  storage.RaftStorage (RaftStorageImpl.java:format(96)) - Storage directory /home/runner/work/ozone/ozone/hadoop-ozone/integration-test/target/test-dir/MiniOzoneClusterImpl-e4789928-4fd4-479e-857e-ac334458de01/datanode-11/data/ratis/03270534-da8a-4a83-a4ea-6fca2abe0ad0 has been successfully formatted.
2023-06-02 19:46:35,816 [a3512fa8-98cf-431f-8bbe-512df84cf246-groupManagement] INFO  ratis.ContainerStateMachine (ContainerStateMachine.java:loadSnapshot(262)) - group-6FCA2ABE0AD0: The snapshot info is null. Setting the last applied indexto:(t:0, i:~)
2023-06-02 19:46:35,816 [a3512fa8-98cf-431f-8bbe-512df84cf246-groupManagement] INFO  server.RaftServerConfigKeys (ConfUtils.java:logGet(46)) - raft.server.log.use.memory = false (default)
2023-06-02 19:46:35,816 [a3512fa8-98cf-431f-8bbe-512df84cf246-groupManagement] INFO  server.RaftServerConfigKeys (ConfUtils.java:logGet(46)) - raft.server.log.purge.gap = 1000000 (custom)
2023-06-02 19:46:35,816 [a3512fa8-98cf-431f-8bbe-512df84cf246-groupManagement] INFO  server.RaftServerConfigKeys (ConfUtils.java:logGet(46)) - raft.server.log.appender.buffer.byte-limit = 33554432 (custom)
2023-06-02 19:46:35,816 [a3512fa8-98cf-431f-8bbe-512df84cf246-groupManagement] INFO  server.RaftServerConfigKeys (ConfUtils.java:logGet(46)) - raft.server.log.statemachine.data.read.timeout = 1000ms (default)
2023-06-02 19:46:35,816 [a3512fa8-98cf-431f-8bbe-512df84cf246-groupManagement] INFO  server.RaftServerConfigKeys (ConfUtils.java:logGet(46)) - raft.server.log.purge.preservation.log.num = 0 (default)
2023-06-02 19:46:35,817 [a3512fa8-98cf-431f-8bbe-512df84cf246-groupManagement] INFO  server.RaftServerConfigKeys (ConfUtils.java:logGet(46)) - raft.server.log.segment.size.max = 1048576 (custom)
2023-06-02 19:46:35,817 [a3512fa8-98cf-431f-8bbe-512df84cf246-groupManagement] INFO  server.RaftServerConfigKeys (ConfUtils.java:logGet(46)) - raft.server.log.segment.cache.num.max = 2 (custom)
2023-06-02 19:46:35,817 [a3512fa8-98cf-431f-8bbe-512df84cf246-groupManagement] INFO  server.RaftServerConfigKeys (ConfUtils.java:logGet(46)) - raft.server.log.segment.cache.size.max = 200MB (=209715200) (default)
2023-06-02 19:46:35,817 [a3512fa8-98cf-431f-8bbe-512df84cf246-groupManagement] INFO  server.RaftServerConfigKeys (ConfUtils.java:logGet(46)) - raft.server.log.appender.buffer.byte-limit = 33554432 (custom)
2023-06-02 19:46:35,817 [a3512fa8-98cf-431f-8bbe-512df84cf246-groupManagement] INFO  segmented.SegmentedRaftLogWorker (SegmentedRaftLogWorker.java:<init>(188)) - new a3512fa8-98cf-431f-8bbe-512df84cf246@group-6FCA2ABE0AD0-SegmentedRaftLogWorker for RaftStorageImpl:Storage Directory /home/runner/work/ozone/ozone/hadoop-ozone/integration-test/target/test-dir/MiniOzoneClusterImpl-e4789928-4fd4-479e-857e-ac334458de01/datanode-11/data/ratis/03270534-da8a-4a83-a4ea-6fca2abe0ad0
2023-06-02 19:46:35,817 [a3512fa8-98cf-431f-8bbe-512df84cf246-groupManagement] INFO  server.RaftServerConfigKeys (ConfUtils.java:logGet(46)) - raft.server.log.queue.byte-limit = 4294967296 (custom)
2023-06-02 19:46:35,817 [a3512fa8-98cf-431f-8bbe-512df84cf246-groupManagement] INFO  server.RaftServerConfigKeys (ConfUtils.java:logGet(46)) - raft.server.log.queue.element-limit = 1024 (custom)
2023-06-02 19:46:35,817 [a3512fa8-98cf-431f-8bbe-512df84cf246-groupManagement] INFO  server.RaftServerConfigKeys (ConfUtils.java:logGet(46)) - raft.server.log.segment.size.max = 1048576 (custom)
2023-06-02 19:46:35,818 [a3512fa8-98cf-431f-8bbe-512df84cf246-groupManagement] INFO  server.RaftServerConfigKeys (ConfUtils.java:logGet(46)) - raft.server.log.preallocated.size = 16384 (custom)
2023-06-02 19:46:35,818 [a3512fa8-98cf-431f-8bbe-512df84cf246-groupManagement] INFO  server.RaftServerConfigKeys (ConfUtils.java:logGet(46)) - raft.server.log.force.sync.num = 128 (default)
2023-06-02 19:46:35,818 [a3512fa8-98cf-431f-8bbe-512df84cf246-groupManagement] INFO  server.RaftServerConfigKeys (ConfUtils.java:logGet(46)) - raft.server.log.statemachine.data.sync = true (default)
2023-06-02 19:46:35,818 [a3512fa8-98cf-431f-8bbe-512df84cf246-groupManagement] INFO  server.RaftServerConfigKeys (ConfUtils.java:logGet(46)) - raft.server.log.statemachine.data.sync.timeout = 10s (default)
2023-06-02 19:46:35,818 [a3512fa8-98cf-431f-8bbe-512df84cf246-groupManagement] INFO  server.RaftServerConfigKeys (ConfUtils.java:logGet(46)) - raft.server.log.statemachine.data.sync.timeout.retry = -1 (default)
2023-06-02 19:46:35,819 [a3512fa8-98cf-431f-8bbe-512df84cf246-groupManagement] INFO  server.RaftServerConfigKeys (ConfUtils.java:logGet(46)) - raft.server.log.write.buffer.size = 1048576 (custom)
2023-06-02 19:46:35,820 [a3512fa8-98cf-431f-8bbe-512df84cf246-groupManagement] INFO  server.RaftServerConfigKeys (ConfUtils.java:logGet(46)) - raft.server.log.appender.buffer.byte-limit = 33554432 (custom)
2023-06-02 19:46:35,826 [a3512fa8-98cf-431f-8bbe-512df84cf246-groupManagement] INFO  server.RaftServerConfigKeys (ConfUtils.java:logGet(46)) - raft.server.log.unsafe-flush.enabled = false (default)
2023-06-02 19:46:35,826 [a3512fa8-98cf-431f-8bbe-512df84cf246-groupManagement] INFO  server.RaftServerConfigKeys (ConfUtils.java:logGet(46)) - raft.server.log.async-flush.enabled = false (default)
2023-06-02 19:46:35,826 [a3512fa8-98cf-431f-8bbe-512df84cf246-groupManagement] INFO  server.RaftServerConfigKeys (ConfUtils.java:logGet(46)) - raft.server.log.statemachine.data.caching.enabled = true (custom)
2023-06-02 19:46:35,826 [a3512fa8-98cf-431f-8bbe-512df84cf246-groupManagement] INFO  segmented.SegmentedRaftLogWorker (SegmentedRaftLogWorker.java:lambda$new$0(135)) - a3512fa8-98cf-431f-8bbe-512df84cf246@group-6FCA2ABE0AD0-SegmentedRaftLogWorker: flushIndex: setUnconditionally 0 -> -1
2023-06-02 19:46:35,826 [a3512fa8-98cf-431f-8bbe-512df84cf246-groupManagement] INFO  segmented.SegmentedRaftLogWorker (SegmentedRaftLogWorker.java:lambda$new$0(135)) - a3512fa8-98cf-431f-8bbe-512df84cf246@group-6FCA2ABE0AD0-SegmentedRaftLogWorker: safeCacheEvictIndex: setUnconditionally 0 -> -1
2023-06-02 19:46:35,826 [a3512fa8-98cf-431f-8bbe-512df84cf246-groupManagement] INFO  server.RaftServer$Division (RaftServerImpl.java:start(342)) - a3512fa8-98cf-431f-8bbe-512df84cf246@group-6FCA2ABE0AD0: start as a follower, conf=-1: peers:[93e73215-cf0c-4899-893f-1e32053e8cf3|rpc:10.1.26.0:15095|admin:10.1.26.0:15094|client:10.1.26.0:15093|dataStream:10.1.26.0:15096|priority:0|startupRole:FOLLOWER, a3512fa8-98cf-431f-8bbe-512df84cf246|rpc:10.1.26.0:15113|admin:10.1.26.0:15112|client:10.1.26.0:15111|dataStream:10.1.26.0:15114|priority:1|startupRole:FOLLOWER, c22c8f81-1e38-483d-9a9f-669266df5e1e|rpc:10.1.26.0:15104|admin:10.1.26.0:15103|client:10.1.26.0:15102|dataStream:10.1.26.0:15105|priority:0|startupRole:FOLLOWER]|listeners:[], old=null
2023-06-02 19:46:35,826 [a3512fa8-98cf-431f-8bbe-512df84cf246-groupManagement] INFO  server.RaftServer$Division (RaftServerImpl.java:setRole(329)) - a3512fa8-98cf-431f-8bbe-512df84cf246@group-6FCA2ABE0AD0: changes role from      null to FOLLOWER at term 0 for startAsFollower
2023-06-02 19:46:35,827 [a3512fa8-98cf-431f-8bbe-512df84cf246-groupManagement] INFO  impl.RoleInfo (RoleInfo.java:updateAndGet(139)) - a3512fa8-98cf-431f-8bbe-512df84cf246: start a3512fa8-98cf-431f-8bbe-512df84cf246@group-6FCA2ABE0AD0-FollowerState
2023-06-02 19:46:35,831 [a3512fa8-98cf-431f-8bbe-512df84cf246-groupManagement] INFO  util.JmxRegister (JmxRegister.java:tryRegister(44)) - Successfully registered JMX Bean with object name Ratis:service=RaftServer,group=group-6FCA2ABE0AD0,id=a3512fa8-98cf-431f-8bbe-512df84cf246
2023-06-02 19:46:35,831 [a3512fa8-98cf-431f-8bbe-512df84cf246-groupManagement] INFO  server.RaftServerConfigKeys (ConfUtils.java:logGet(46)) - raft.server.snapshot.auto.trigger.enabled = true (custom)
2023-06-02 19:46:35,831 [a3512fa8-98cf-431f-8bbe-512df84cf246-groupManagement] INFO  server.RaftServerConfigKeys (ConfUtils.java:logGet(46)) - raft.server.snapshot.auto.trigger.threshold = 10000 (custom)
2023-06-02 19:46:35,831 [a3512fa8-98cf-431f-8bbe-512df84cf246-groupManagement] INFO  server.RaftServerConfigKeys (ConfUtils.java:logGet(46)) - raft.server.snapshot.retention.file.num = 5 (custom)
2023-06-02 19:46:35,831 [a3512fa8-98cf-431f-8bbe-512df84cf246-groupManagement] INFO  server.RaftServerConfigKeys (ConfUtils.java:logGet(46)) - raft.server.log.purge.upto.snapshot.index = false (default)
2023-06-02 19:46:35,832 [a3512fa8-98cf-431f-8bbe-512df84cf246@group-6FCA2ABE0AD0-FollowerState] INFO  server.RaftServerConfigKeys (ConfUtils.java:logFallback(53)) - raft.server.rpc.first-election.timeout.min = 5s (fallback to raft.server.rpc.timeout.min)
2023-06-02 19:46:35,832 [a3512fa8-98cf-431f-8bbe-512df84cf246@group-6FCA2ABE0AD0-FollowerState] INFO  server.RaftServerConfigKeys (ConfUtils.java:logFallback(53)) - raft.server.rpc.first-election.timeout.max = 5200ms (fallback to raft.server.rpc.timeout.max)
2023-06-02 19:46:35,859 [grpc-default-executor-0] INFO  server.RaftServer (RaftServerProxy.java:addNew(98)) - c22c8f81-1e38-483d-9a9f-669266df5e1e: addNew group-6FCA2ABE0AD0:[93e73215-cf0c-4899-893f-1e32053e8cf3|rpc:10.1.26.0:15095|admin:10.1.26.0:15094|client:10.1.26.0:15093|dataStream:10.1.26.0:15096|priority:0|startupRole:FOLLOWER, a3512fa8-98cf-431f-8bbe-512df84cf246|rpc:10.1.26.0:15113|admin:10.1.26.0:15112|client:10.1.26.0:15111|dataStream:10.1.26.0:15114|priority:1|startupRole:FOLLOWER, c22c8f81-1e38-483d-9a9f-669266df5e1e|rpc:10.1.26.0:15104|admin:10.1.26.0:15103|client:10.1.26.0:15102|dataStream:10.1.26.0:15105|priority:0|startupRole:FOLLOWER] returns group-6FCA2ABE0AD0:java.util.concurrent.CompletableFuture@182e21b7[Not completed]
2023-06-02 19:46:35,860 [c22c8f81-1e38-483d-9a9f-669266df5e1e-groupManagement] INFO  server.RaftServer$Division (RaftServerImpl.java:<init>(198)) - c22c8f81-1e38-483d-9a9f-669266df5e1e: new RaftServerImpl for group-6FCA2ABE0AD0:[93e73215-cf0c-4899-893f-1e32053e8cf3|rpc:10.1.26.0:15095|admin:10.1.26.0:15094|client:10.1.26.0:15093|dataStream:10.1.26.0:15096|priority:0|startupRole:FOLLOWER, a3512fa8-98cf-431f-8bbe-512df84cf246|rpc:10.1.26.0:15113|admin:10.1.26.0:15112|client:10.1.26.0:15111|dataStream:10.1.26.0:15114|priority:1|startupRole:FOLLOWER, c22c8f81-1e38-483d-9a9f-669266df5e1e|rpc:10.1.26.0:15104|admin:10.1.26.0:15103|client:10.1.26.0:15102|dataStream:10.1.26.0:15105|priority:0|startupRole:FOLLOWER] with ContainerStateMachine:uninitialized
2023-06-02 19:46:35,860 [c22c8f81-1e38-483d-9a9f-669266df5e1e-groupManagement] INFO  server.RaftServerConfigKeys (ConfUtils.java:logGet(46)) - raft.server.rpc.timeout.min = 5s (custom)
2023-06-02 19:46:35,860 [c22c8f81-1e38-483d-9a9f-669266df5e1e-groupManagement] INFO  server.RaftServerConfigKeys (ConfUtils.java:logGet(46)) - raft.server.rpc.timeout.max = 5200ms (custom)
2023-06-02 19:46:35,861 [c22c8f81-1e38-483d-9a9f-669266df5e1e-groupManagement] INFO  server.RaftServerConfigKeys (ConfUtils.java:logGet(46)) - raft.server.rpc.sleep.time = 25ms (default)
2023-06-02 19:46:35,861 [c22c8f81-1e38-483d-9a9f-669266df5e1e-groupManagement] INFO  server.RaftServerConfigKeys (ConfUtils.java:logGet(46)) - raft.server.rpc.slowness.timeout = 300s (custom)
2023-06-02 19:46:35,861 [c22c8f81-1e38-483d-9a9f-669266df5e1e-groupManagement] INFO  server.RaftServerConfigKeys (ConfUtils.java:logGet(46)) - raft.server.leaderelection.leader.step-down.wait-time = 10s (default)
2023-06-02 19:46:35,861 [c22c8f81-1e38-483d-9a9f-669266df5e1e-groupManagement] INFO  server.RaftServerConfigKeys (ConfUtils.java:logGet(46)) - raft.server.sleep.deviation.threshold = 300ms (default)
2023-06-02 19:46:35,861 [c22c8f81-1e38-483d-9a9f-669266df5e1e-groupManagement] INFO  server.RaftServer$Division (ServerState.java:<init>(120)) - c22c8f81-1e38-483d-9a9f-669266df5e1e@group-6FCA2ABE0AD0: ConfigurationManager, init=-1: peers:[93e73215-cf0c-4899-893f-1e32053e8cf3|rpc:10.1.26.0:15095|admin:10.1.26.0:15094|client:10.1.26.0:15093|dataStream:10.1.26.0:15096|priority:0|startupRole:FOLLOWER, a3512fa8-98cf-431f-8bbe-512df84cf246|rpc:10.1.26.0:15113|admin:10.1.26.0:15112|client:10.1.26.0:15111|dataStream:10.1.26.0:15114|priority:1|startupRole:FOLLOWER, c22c8f81-1e38-483d-9a9f-669266df5e1e|rpc:10.1.26.0:15104|admin:10.1.26.0:15103|client:10.1.26.0:15102|dataStream:10.1.26.0:15105|priority:0|startupRole:FOLLOWER]|listeners:[], old=null, confs=<EMPTY_MAP>
2023-06-02 19:46:35,861 [c22c8f81-1e38-483d-9a9f-669266df5e1e-groupManagement] INFO  server.RaftServerConfigKeys (ConfUtils.java:logGet(46)) - raft.server.storage.dir = [/home/runner/work/ozone/ozone/hadoop-ozone/integration-test/target/test-dir/MiniOzoneClusterImpl-e4789928-4fd4-479e-857e-ac334458de01/datanode-10/data/ratis] (custom)
2023-06-02 19:46:35,861 [c22c8f81-1e38-483d-9a9f-669266df5e1e-groupManagement] INFO  server.RaftServerConfigKeys (ConfUtils.java:logGet(46)) - raft.server.log.corruption.policy = EXCEPTION (default)
2023-06-02 19:46:35,861 [c22c8f81-1e38-483d-9a9f-669266df5e1e-groupManagement] INFO  server.RaftServerConfigKeys (ConfUtils.java:logGet(46)) - raft.server.storage.free-space.min = 0MB (=0) (default)
2023-06-02 19:46:35,861 [c22c8f81-1e38-483d-9a9f-669266df5e1e-groupManagement] INFO  server.RaftServerConfigKeys (ConfUtils.java:logGet(46)) - raft.server.notification.no-leader.timeout = 300s (custom)
2023-06-02 19:46:35,861 [c22c8f81-1e38-483d-9a9f-669266df5e1e-groupManagement] INFO  server.RaftServerConfigKeys (ConfUtils.java:logGet(46)) - raft.server.read.timeout = 10s (default)
2023-06-02 19:46:35,861 [c22c8f81-1e38-483d-9a9f-669266df5e1e-groupManagement] INFO  server.RaftServerConfigKeys (ConfUtils.java:logGet(46)) - raft.server.retrycache.expirytime = 600000ms (custom)
2023-06-02 19:46:35,861 [c22c8f81-1e38-483d-9a9f-669266df5e1e-groupManagement] INFO  server.RaftServerConfigKeys (ConfUtils.java:logGet(46)) - raft.server.retrycache.statistics.expirytime = 100μs (default)
2023-06-02 19:46:35,861 [c22c8f81-1e38-483d-9a9f-669266df5e1e-groupManagement] INFO  server.RaftServerConfigKeys (ConfUtils.java:logGet(46)) - raft.server.read.option = DEFAULT (default)
2023-06-02 19:46:35,863 [c22c8f81-1e38-483d-9a9f-669266df5e1e-groupManagement] INFO  server.RaftServerConfigKeys (ConfUtils.java:logGet(46)) - raft.server.rpc.request.timeout = 60s (custom)
2023-06-02 19:46:35,863 [c22c8f81-1e38-483d-9a9f-669266df5e1e-groupManagement] INFO  server.RaftServerConfigKeys (ConfUtils.java:logGet(46)) - raft.server.log.appender.install.snapshot.enabled = false (custom)
2023-06-02 19:46:35,863 [c22c8f81-1e38-483d-9a9f-669266df5e1e-groupManagement] INFO  server.RaftServerConfigKeys (ConfUtils.java:logGet(46)) - raft.server.threadpool.server.cached = true (default)
2023-06-02 19:46:35,863 [c22c8f81-1e38-483d-9a9f-669266df5e1e-groupManagement] INFO  server.RaftServerConfigKeys (ConfUtils.java:logGet(46)) - raft.server.threadpool.server.size = 0 (default)
2023-06-02 19:46:35,863 [c22c8f81-1e38-483d-9a9f-669266df5e1e-groupManagement] INFO  server.RaftServerConfigKeys (ConfUtils.java:logGet(46)) - raft.server.threadpool.client.cached = true (default)
2023-06-02 19:46:35,863 [c22c8f81-1e38-483d-9a9f-669266df5e1e-groupManagement] INFO  server.RaftServerConfigKeys (ConfUtils.java:logGet(46)) - raft.server.threadpool.client.size = 0 (default)
2023-06-02 19:46:35,863 [c22c8f81-1e38-483d-9a9f-669266df5e1e-groupManagement] INFO  storage.RaftStorageDirectory (RaftStorageDirectoryImpl.java:analyzeStorage(137)) - The storage directory /home/runner/work/ozone/ozone/hadoop-ozone/integration-test/target/test-dir/MiniOzoneClusterImpl-e4789928-4fd4-479e-857e-ac334458de01/datanode-10/data/ratis/03270534-da8a-4a83-a4ea-6fca2abe0ad0 does not exist. Creating ...
2023-06-02 19:46:35,866 [c22c8f81-1e38-483d-9a9f-669266df5e1e-groupManagement] INFO  storage.RaftStorageDirectory (RaftStorageDirectoryImpl.java:tryLock(231)) - Lock on /home/runner/work/ozone/ozone/hadoop-ozone/integration-test/target/test-dir/MiniOzoneClusterImpl-e4789928-4fd4-479e-857e-ac334458de01/datanode-10/data/ratis/03270534-da8a-4a83-a4ea-6fca2abe0ad0/in_use.lock acquired by nodename 54141@fv-az459-618
2023-06-02 19:46:35,867 [c22c8f81-1e38-483d-9a9f-669266df5e1e-groupManagement] INFO  storage.RaftStorage (RaftStorageImpl.java:format(96)) - Storage directory /home/runner/work/ozone/ozone/hadoop-ozone/integration-test/target/test-dir/MiniOzoneClusterImpl-e4789928-4fd4-479e-857e-ac334458de01/datanode-10/data/ratis/03270534-da8a-4a83-a4ea-6fca2abe0ad0 has been successfully formatted.
2023-06-02 19:46:35,869 [c22c8f81-1e38-483d-9a9f-669266df5e1e-groupManagement] INFO  ratis.ContainerStateMachine (ContainerStateMachine.java:loadSnapshot(262)) - group-6FCA2ABE0AD0: The snapshot info is null. Setting the last applied indexto:(t:0, i:~)
2023-06-02 19:46:35,869 [c22c8f81-1e38-483d-9a9f-669266df5e1e-groupManagement] INFO  server.RaftServerConfigKeys (ConfUtils.java:logGet(46)) - raft.server.log.use.memory = false (default)
2023-06-02 19:46:35,869 [c22c8f81-1e38-483d-9a9f-669266df5e1e-groupManagement] INFO  server.RaftServerConfigKeys (ConfUtils.java:logGet(46)) - raft.server.log.purge.gap = 1000000 (custom)
2023-06-02 19:46:35,869 [c22c8f81-1e38-483d-9a9f-669266df5e1e-groupManagement] INFO  server.RaftServerConfigKeys (ConfUtils.java:logGet(46)) - raft.server.log.appender.buffer.byte-limit = 33554432 (custom)
2023-06-02 19:46:35,870 [c22c8f81-1e38-483d-9a9f-669266df5e1e-groupManagement] INFO  server.RaftServerConfigKeys (ConfUtils.java:logGet(46)) - raft.server.log.statemachine.data.read.timeout = 1000ms (default)
2023-06-02 19:46:35,870 [c22c8f81-1e38-483d-9a9f-669266df5e1e-groupManagement] INFO  server.RaftServerConfigKeys (ConfUtils.java:logGet(46)) - raft.server.log.purge.preservation.log.num = 0 (default)
2023-06-02 19:46:35,870 [c22c8f81-1e38-483d-9a9f-669266df5e1e-groupManagement] INFO  server.RaftServerConfigKeys (ConfUtils.java:logGet(46)) - raft.server.log.segment.size.max = 1048576 (custom)
2023-06-02 19:46:35,871 [c22c8f81-1e38-483d-9a9f-669266df5e1e-groupManagement] INFO  server.RaftServerConfigKeys (ConfUtils.java:logGet(46)) - raft.server.log.segment.cache.num.max = 2 (custom)
2023-06-02 19:46:35,871 [c22c8f81-1e38-483d-9a9f-669266df5e1e-groupManagement] INFO  server.RaftServerConfigKeys (ConfUtils.java:logGet(46)) - raft.server.log.segment.cache.size.max = 200MB (=209715200) (default)
2023-06-02 19:46:35,871 [c22c8f81-1e38-483d-9a9f-669266df5e1e-groupManagement] INFO  server.RaftServerConfigKeys (ConfUtils.java:logGet(46)) - raft.server.log.appender.buffer.byte-limit = 33554432 (custom)
2023-06-02 19:46:35,871 [c22c8f81-1e38-483d-9a9f-669266df5e1e-groupManagement] INFO  segmented.SegmentedRaftLogWorker (SegmentedRaftLogWorker.java:<init>(188)) - new c22c8f81-1e38-483d-9a9f-669266df5e1e@group-6FCA2ABE0AD0-SegmentedRaftLogWorker for RaftStorageImpl:Storage Directory /home/runner/work/ozone/ozone/hadoop-ozone/integration-test/target/test-dir/MiniOzoneClusterImpl-e4789928-4fd4-479e-857e-ac334458de01/datanode-10/data/ratis/03270534-da8a-4a83-a4ea-6fca2abe0ad0
2023-06-02 19:46:35,871 [c22c8f81-1e38-483d-9a9f-669266df5e1e-groupManagement] INFO  server.RaftServerConfigKeys (ConfUtils.java:logGet(46)) - raft.server.log.queue.byte-limit = 4294967296 (custom)
2023-06-02 19:46:35,871 [c22c8f81-1e38-483d-9a9f-669266df5e1e-groupManagement] INFO  server.RaftServerConfigKeys (ConfUtils.java:logGet(46)) - raft.server.log.queue.element-limit = 1024 (custom)
2023-06-02 19:46:35,871 [c22c8f81-1e38-483d-9a9f-669266df5e1e-groupManagement] INFO  server.RaftServerConfigKeys (ConfUtils.java:logGet(46)) - raft.server.log.segment.size.max = 1048576 (custom)
2023-06-02 19:46:35,871 [c22c8f81-1e38-483d-9a9f-669266df5e1e-groupManagement] INFO  server.RaftServerConfigKeys (ConfUtils.java:logGet(46)) - raft.server.log.preallocated.size = 16384 (custom)
2023-06-02 19:46:35,871 [c22c8f81-1e38-483d-9a9f-669266df5e1e-groupManagement] INFO  server.RaftServerConfigKeys (ConfUtils.java:logGet(46)) - raft.server.log.force.sync.num = 128 (default)
2023-06-02 19:46:35,871 [c22c8f81-1e38-483d-9a9f-669266df5e1e-groupManagement] INFO  server.RaftServerConfigKeys (ConfUtils.java:logGet(46)) - raft.server.log.statemachine.data.sync = true (default)
2023-06-02 19:46:35,871 [c22c8f81-1e38-483d-9a9f-669266df5e1e-groupManagement] INFO  server.RaftServerConfigKeys (ConfUtils.java:logGet(46)) - raft.server.log.statemachine.data.sync.timeout = 10s (default)
2023-06-02 19:46:35,871 [c22c8f81-1e38-483d-9a9f-669266df5e1e-groupManagement] INFO  server.RaftServerConfigKeys (ConfUtils.java:logGet(46)) - raft.server.log.statemachine.data.sync.timeout.retry = -1 (default)
2023-06-02 19:46:35,872 [c22c8f81-1e38-483d-9a9f-669266df5e1e-groupManagement] INFO  server.RaftServerConfigKeys (ConfUtils.java:logGet(46)) - raft.server.log.write.buffer.size = 1048576 (custom)
2023-06-02 19:46:35,873 [c22c8f81-1e38-483d-9a9f-669266df5e1e-groupManagement] INFO  server.RaftServerConfigKeys (ConfUtils.java:logGet(46)) - raft.server.log.appender.buffer.byte-limit = 33554432 (custom)
2023-06-02 19:46:35,878 [c22c8f81-1e38-483d-9a9f-669266df5e1e-groupManagement] INFO  server.RaftServerConfigKeys (ConfUtils.java:logGet(46)) - raft.server.log.unsafe-flush.enabled = false (default)
2023-06-02 19:46:35,879 [c22c8f81-1e38-483d-9a9f-669266df5e1e-groupManagement] INFO  server.RaftServerConfigKeys (ConfUtils.java:logGet(46)) - raft.server.log.async-flush.enabled = false (default)
2023-06-02 19:46:35,880 [c22c8f81-1e38-483d-9a9f-669266df5e1e-groupManagement] INFO  server.RaftServerConfigKeys (ConfUtils.java:logGet(46)) - raft.server.log.statemachine.data.caching.enabled = true (custom)
2023-06-02 19:46:35,881 [c22c8f81-1e38-483d-9a9f-669266df5e1e-groupManagement] INFO  segmented.SegmentedRaftLogWorker (SegmentedRaftLogWorker.java:lambda$new$0(135)) - c22c8f81-1e38-483d-9a9f-669266df5e1e@group-6FCA2ABE0AD0-SegmentedRaftLogWorker: flushIndex: setUnconditionally 0 -> -1
2023-06-02 19:46:35,881 [c22c8f81-1e38-483d-9a9f-669266df5e1e-groupManagement] INFO  segmented.SegmentedRaftLogWorker (SegmentedRaftLogWorker.java:lambda$new$0(135)) - c22c8f81-1e38-483d-9a9f-669266df5e1e@group-6FCA2ABE0AD0-SegmentedRaftLogWorker: safeCacheEvictIndex: setUnconditionally 0 -> -1
2023-06-02 19:46:35,882 [c22c8f81-1e38-483d-9a9f-669266df5e1e-groupManagement] INFO  server.RaftServer$Division (RaftServerImpl.java:start(342)) - c22c8f81-1e38-483d-9a9f-669266df5e1e@group-6FCA2ABE0AD0: start as a follower, conf=-1: peers:[93e73215-cf0c-4899-893f-1e32053e8cf3|rpc:10.1.26.0:15095|admin:10.1.26.0:15094|client:10.1.26.0:15093|dataStream:10.1.26.0:15096|priority:0|startupRole:FOLLOWER, a3512fa8-98cf-431f-8bbe-512df84cf246|rpc:10.1.26.0:15113|admin:10.1.26.0:15112|client:10.1.26.0:15111|dataStream:10.1.26.0:15114|priority:1|startupRole:FOLLOWER, c22c8f81-1e38-483d-9a9f-669266df5e1e|rpc:10.1.26.0:15104|admin:10.1.26.0:15103|client:10.1.26.0:15102|dataStream:10.1.26.0:15105|priority:0|startupRole:FOLLOWER]|listeners:[], old=null
2023-06-02 19:46:35,882 [c22c8f81-1e38-483d-9a9f-669266df5e1e-groupManagement] INFO  server.RaftServer$Division (RaftServerImpl.java:setRole(329)) - c22c8f81-1e38-483d-9a9f-669266df5e1e@group-6FCA2ABE0AD0: changes role from      null to FOLLOWER at term 0 for startAsFollower
2023-06-02 19:46:35,882 [c22c8f81-1e38-483d-9a9f-669266df5e1e-groupManagement] INFO  impl.RoleInfo (RoleInfo.java:updateAndGet(139)) - c22c8f81-1e38-483d-9a9f-669266df5e1e: start c22c8f81-1e38-483d-9a9f-669266df5e1e@group-6FCA2ABE0AD0-FollowerState
2023-06-02 19:46:35,882 [c22c8f81-1e38-483d-9a9f-669266df5e1e-groupManagement] INFO  util.JmxRegister (JmxRegister.java:tryRegister(44)) - Successfully registered JMX Bean with object name Ratis:service=RaftServer,group=group-6FCA2ABE0AD0,id=c22c8f81-1e38-483d-9a9f-669266df5e1e
2023-06-02 19:46:35,882 [c22c8f81-1e38-483d-9a9f-669266df5e1e@group-6FCA2ABE0AD0-FollowerState] INFO  server.RaftServerConfigKeys (ConfUtils.java:logFallback(53)) - raft.server.rpc.first-election.timeout.min = 5s (fallback to raft.server.rpc.timeout.min)
2023-06-02 19:46:35,882 [c22c8f81-1e38-483d-9a9f-669266df5e1e-groupManagement] INFO  server.RaftServerConfigKeys (ConfUtils.java:logGet(46)) - raft.server.snapshot.auto.trigger.enabled = true (custom)
2023-06-02 19:46:35,882 [c22c8f81-1e38-483d-9a9f-669266df5e1e@group-6FCA2ABE0AD0-FollowerState] INFO  server.RaftServerConfigKeys (ConfUtils.java:logFallback(53)) - raft.server.rpc.first-election.timeout.max = 5200ms (fallback to raft.server.rpc.timeout.max)
2023-06-02 19:46:35,882 [c22c8f81-1e38-483d-9a9f-669266df5e1e-groupManagement] INFO  server.RaftServerConfigKeys (ConfUtils.java:logGet(46)) - raft.server.snapshot.auto.trigger.threshold = 10000 (custom)
2023-06-02 19:46:35,883 [c22c8f81-1e38-483d-9a9f-669266df5e1e-groupManagement] INFO  server.RaftServerConfigKeys (ConfUtils.java:logGet(46)) - raft.server.snapshot.retention.file.num = 5 (custom)
2023-06-02 19:46:35,883 [c22c8f81-1e38-483d-9a9f-669266df5e1e-groupManagement] INFO  server.RaftServerConfigKeys (ConfUtils.java:logGet(46)) - raft.server.log.purge.upto.snapshot.index = false (default)
2023-06-02 19:46:35,891 [PipelineCommandHandlerThread-0] INFO  commandhandler.CreatePipelineCommandHandler (CreatePipelineCommandHandler.java:lambda$handle$2(124)) - Created Pipeline RATIS THREE PipelineID=03270534-da8a-4a83-a4ea-6fca2abe0ad0.
2023-06-02 19:46:35,892 [PipelineCommandHandlerThread-0] INFO  server.RaftServer (RaftServerProxy.java:addNew(98)) - 93e73215-cf0c-4899-893f-1e32053e8cf3: addNew group-CE6140418515:[93e73215-cf0c-4899-893f-1e32053e8cf3|rpc:10.1.26.0:15095|admin:10.1.26.0:15094|client:10.1.26.0:15093|dataStream:10.1.26.0:15096|priority:0|startupRole:FOLLOWER, a3512fa8-98cf-431f-8bbe-512df84cf246|rpc:10.1.26.0:15113|admin:10.1.26.0:15112|client:10.1.26.0:15111|dataStream:10.1.26.0:15114|priority:0|startupRole:FOLLOWER, c22c8f81-1e38-483d-9a9f-669266df5e1e|rpc:10.1.26.0:15104|admin:10.1.26.0:15103|client:10.1.26.0:15102|dataStream:10.1.26.0:15105|priority:1|startupRole:FOLLOWER] returns group-CE6140418515:java.util.concurrent.CompletableFuture@5e0505f7[Not completed]
2023-06-02 19:46:35,893 [93e73215-cf0c-4899-893f-1e32053e8cf3-groupManagement] INFO  server.RaftServer$Division (RaftServerImpl.java:<init>(198)) - 93e73215-cf0c-4899-893f-1e32053e8cf3: new RaftServerImpl for group-CE6140418515:[93e73215-cf0c-4899-893f-1e32053e8cf3|rpc:10.1.26.0:15095|admin:10.1.26.0:15094|client:10.1.26.0:15093|dataStream:10.1.26.0:15096|priority:0|startupRole:FOLLOWER, a3512fa8-98cf-431f-8bbe-512df84cf246|rpc:10.1.26.0:15113|admin:10.1.26.0:15112|client:10.1.26.0:15111|dataStream:10.1.26.0:15114|priority:0|startupRole:FOLLOWER, c22c8f81-1e38-483d-9a9f-669266df5e1e|rpc:10.1.26.0:15104|admin:10.1.26.0:15103|client:10.1.26.0:15102|dataStream:10.1.26.0:15105|priority:1|startupRole:FOLLOWER] with ContainerStateMachine:uninitialized
2023-06-02 19:46:35,893 [93e73215-cf0c-4899-893f-1e32053e8cf3-groupManagement] INFO  server.RaftServerConfigKeys (ConfUtils.java:logGet(46)) - raft.server.rpc.timeout.min = 5s (custom)
2023-06-02 19:46:35,893 [93e73215-cf0c-4899-893f-1e32053e8cf3-groupManagement] INFO  server.RaftServerConfigKeys (ConfUtils.java:logGet(46)) - raft.server.rpc.timeout.max = 5200ms (custom)
2023-06-02 19:46:35,893 [93e73215-cf0c-4899-893f-1e32053e8cf3-groupManagement] INFO  server.RaftServerConfigKeys (ConfUtils.java:logGet(46)) - raft.server.rpc.sleep.time = 25ms (default)
2023-06-02 19:46:35,893 [93e73215-cf0c-4899-893f-1e32053e8cf3-groupManagement] INFO  server.RaftServerConfigKeys (ConfUtils.java:logGet(46)) - raft.server.rpc.slowness.timeout = 300s (custom)
2023-06-02 19:46:35,893 [93e73215-cf0c-4899-893f-1e32053e8cf3-groupManagement] INFO  server.RaftServerConfigKeys (ConfUtils.java:logGet(46)) - raft.server.leaderelection.leader.step-down.wait-time = 10s (default)
2023-06-02 19:46:35,893 [93e73215-cf0c-4899-893f-1e32053e8cf3-groupManagement] INFO  server.RaftServerConfigKeys (ConfUtils.java:logGet(46)) - raft.server.sleep.deviation.threshold = 300ms (default)
2023-06-02 19:46:35,893 [93e73215-cf0c-4899-893f-1e32053e8cf3-groupManagement] INFO  server.RaftServer$Division (ServerState.java:<init>(120)) - 93e73215-cf0c-4899-893f-1e32053e8cf3@group-CE6140418515: ConfigurationManager, init=-1: peers:[93e73215-cf0c-4899-893f-1e32053e8cf3|rpc:10.1.26.0:15095|admin:10.1.26.0:15094|client:10.1.26.0:15093|dataStream:10.1.26.0:15096|priority:0|startupRole:FOLLOWER, a3512fa8-98cf-431f-8bbe-512df84cf246|rpc:10.1.26.0:15113|admin:10.1.26.0:15112|client:10.1.26.0:15111|dataStream:10.1.26.0:15114|priority:0|startupRole:FOLLOWER, c22c8f81-1e38-483d-9a9f-669266df5e1e|rpc:10.1.26.0:15104|admin:10.1.26.0:15103|client:10.1.26.0:15102|dataStream:10.1.26.0:15105|priority:1|startupRole:FOLLOWER]|listeners:[], old=null, confs=<EMPTY_MAP>
2023-06-02 19:46:35,893 [93e73215-cf0c-4899-893f-1e32053e8cf3-groupManagement] INFO  server.RaftServerConfigKeys (ConfUtils.java:logGet(46)) - raft.server.storage.dir = [/home/runner/work/ozone/ozone/hadoop-ozone/integration-test/target/test-dir/MiniOzoneClusterImpl-e4789928-4fd4-479e-857e-ac334458de01/datanode-9/data/ratis] (custom)
2023-06-02 19:46:35,894 [93e73215-cf0c-4899-893f-1e32053e8cf3-groupManagement] INFO  server.RaftServerConfigKeys (ConfUtils.java:logGet(46)) - raft.server.log.corruption.policy = EXCEPTION (default)
2023-06-02 19:46:35,894 [93e73215-cf0c-4899-893f-1e32053e8cf3-groupManagement] INFO  server.RaftServerConfigKeys (ConfUtils.java:logGet(46)) - raft.server.storage.free-space.min = 0MB (=0) (default)
2023-06-02 19:46:35,894 [93e73215-cf0c-4899-893f-1e32053e8cf3-groupManagement] INFO  server.RaftServerConfigKeys (ConfUtils.java:logGet(46)) - raft.server.notification.no-leader.timeout = 300s (custom)
2023-06-02 19:46:35,894 [93e73215-cf0c-4899-893f-1e32053e8cf3-groupManagement] INFO  server.RaftServerConfigKeys (ConfUtils.java:logGet(46)) - raft.server.read.timeout = 10s (default)
2023-06-02 19:46:35,894 [93e73215-cf0c-4899-893f-1e32053e8cf3-groupManagement] INFO  server.RaftServerConfigKeys (ConfUtils.java:logGet(46)) - raft.server.retrycache.expirytime = 600000ms (custom)
2023-06-02 19:46:35,894 [93e73215-cf0c-4899-893f-1e32053e8cf3-groupManagement] INFO  server.RaftServerConfigKeys (ConfUtils.java:logGet(46)) - raft.server.retrycache.statistics.expirytime = 100μs (default)
2023-06-02 19:46:35,894 [93e73215-cf0c-4899-893f-1e32053e8cf3-groupManagement] INFO  server.RaftServerConfigKeys (ConfUtils.java:logGet(46)) - raft.server.read.option = DEFAULT (default)
2023-06-02 19:46:35,897 [93e73215-cf0c-4899-893f-1e32053e8cf3-groupManagement] INFO  server.RaftServerConfigKeys (ConfUtils.java:logGet(46)) - raft.server.rpc.request.timeout = 60s (custom)
2023-06-02 19:46:35,897 [93e73215-cf0c-4899-893f-1e32053e8cf3-groupManagement] INFO  server.RaftServerConfigKeys (ConfUtils.java:logGet(46)) - raft.server.log.appender.install.snapshot.enabled = false (custom)
2023-06-02 19:46:35,897 [93e73215-cf0c-4899-893f-1e32053e8cf3-groupManagement] INFO  server.RaftServerConfigKeys (ConfUtils.java:logGet(46)) - raft.server.threadpool.server.cached = true (default)
2023-06-02 19:46:35,897 [93e73215-cf0c-4899-893f-1e32053e8cf3-groupManagement] INFO  server.RaftServerConfigKeys (ConfUtils.java:logGet(46)) - raft.server.threadpool.server.size = 0 (default)
2023-06-02 19:46:35,897 [93e73215-cf0c-4899-893f-1e32053e8cf3-groupManagement] INFO  server.RaftServerConfigKeys (ConfUtils.java:logGet(46)) - raft.server.threadpool.client.cached = true (default)
2023-06-02 19:46:35,897 [93e73215-cf0c-4899-893f-1e32053e8cf3-groupManagement] INFO  server.RaftServerConfigKeys (ConfUtils.java:logGet(46)) - raft.server.threadpool.client.size = 0 (default)
2023-06-02 19:46:35,897 [93e73215-cf0c-4899-893f-1e32053e8cf3-groupManagement] INFO  storage.RaftStorageDirectory (RaftStorageDirectoryImpl.java:analyzeStorage(137)) - The storage directory /home/runner/work/ozone/ozone/hadoop-ozone/integration-test/target/test-dir/MiniOzoneClusterImpl-e4789928-4fd4-479e-857e-ac334458de01/datanode-9/data/ratis/2096249e-224b-436c-9463-ce6140418515 does not exist. Creating ...
2023-06-02 19:46:35,898 [93e73215-cf0c-4899-893f-1e32053e8cf3-groupManagement] INFO  storage.RaftStorageDirectory (RaftStorageDirectoryImpl.java:tryLock(231)) - Lock on /home/runner/work/ozone/ozone/hadoop-ozone/integration-test/target/test-dir/MiniOzoneClusterImpl-e4789928-4fd4-479e-857e-ac334458de01/datanode-9/data/ratis/2096249e-224b-436c-9463-ce6140418515/in_use.lock acquired by nodename 54141@fv-az459-618
2023-06-02 19:46:35,900 [93e73215-cf0c-4899-893f-1e32053e8cf3-groupManagement] INFO  storage.RaftStorage (RaftStorageImpl.java:format(96)) - Storage directory /home/runner/work/ozone/ozone/hadoop-ozone/integration-test/target/test-dir/MiniOzoneClusterImpl-e4789928-4fd4-479e-857e-ac334458de01/datanode-9/data/ratis/2096249e-224b-436c-9463-ce6140418515 has been successfully formatted.
2023-06-02 19:46:35,900 [93e73215-cf0c-4899-893f-1e32053e8cf3-groupManagement] INFO  ratis.ContainerStateMachine (ContainerStateMachine.java:loadSnapshot(262)) - group-CE6140418515: The snapshot info is null. Setting the last applied indexto:(t:0, i:~)
2023-06-02 19:46:35,900 [93e73215-cf0c-4899-893f-1e32053e8cf3-groupManagement] INFO  server.RaftServerConfigKeys (ConfUtils.java:logGet(46)) - raft.server.log.use.memory = false (default)
2023-06-02 19:46:35,900 [93e73215-cf0c-4899-893f-1e32053e8cf3-groupManagement] INFO  server.RaftServerConfigKeys (ConfUtils.java:logGet(46)) - raft.server.log.purge.gap = 1000000 (custom)
2023-06-02 19:46:35,901 [93e73215-cf0c-4899-893f-1e32053e8cf3-groupManagement] INFO  server.RaftServerConfigKeys (ConfUtils.java:logGet(46)) - raft.server.log.appender.buffer.byte-limit = 33554432 (custom)
2023-06-02 19:46:35,901 [93e73215-cf0c-4899-893f-1e32053e8cf3-groupManagement] INFO  server.RaftServerConfigKeys (ConfUtils.java:logGet(46)) - raft.server.log.statemachine.data.read.timeout = 1000ms (default)
2023-06-02 19:46:35,901 [93e73215-cf0c-4899-893f-1e32053e8cf3-groupManagement] INFO  server.RaftServerConfigKeys (ConfUtils.java:logGet(46)) - raft.server.log.purge.preservation.log.num = 0 (default)
2023-06-02 19:46:35,902 [93e73215-cf0c-4899-893f-1e32053e8cf3-groupManagement] INFO  server.RaftServerConfigKeys (ConfUtils.java:logGet(46)) - raft.server.log.segment.size.max = 1048576 (custom)
2023-06-02 19:46:35,903 [93e73215-cf0c-4899-893f-1e32053e8cf3-groupManagement] INFO  server.RaftServerConfigKeys (ConfUtils.java:logGet(46)) - raft.server.log.segment.cache.num.max = 2 (custom)
2023-06-02 19:46:35,903 [93e73215-cf0c-4899-893f-1e32053e8cf3-groupManagement] INFO  server.RaftServerConfigKeys (ConfUtils.java:logGet(46)) - raft.server.log.segment.cache.size.max = 200MB (=209715200) (default)
2023-06-02 19:46:35,903 [93e73215-cf0c-4899-893f-1e32053e8cf3-groupManagement] INFO  server.RaftServerConfigKeys (ConfUtils.java:logGet(46)) - raft.server.log.appender.buffer.byte-limit = 33554432 (custom)
2023-06-02 19:46:35,903 [93e73215-cf0c-4899-893f-1e32053e8cf3-groupManagement] INFO  segmented.SegmentedRaftLogWorker (SegmentedRaftLogWorker.java:<init>(188)) - new 93e73215-cf0c-4899-893f-1e32053e8cf3@group-CE6140418515-SegmentedRaftLogWorker for RaftStorageImpl:Storage Directory /home/runner/work/ozone/ozone/hadoop-ozone/integration-test/target/test-dir/MiniOzoneClusterImpl-e4789928-4fd4-479e-857e-ac334458de01/datanode-9/data/ratis/2096249e-224b-436c-9463-ce6140418515
2023-06-02 19:46:35,903 [93e73215-cf0c-4899-893f-1e32053e8cf3-groupManagement] INFO  server.RaftServerConfigKeys (ConfUtils.java:logGet(46)) - raft.server.log.queue.byte-limit = 4294967296 (custom)
2023-06-02 19:46:35,903 [93e73215-cf0c-4899-893f-1e32053e8cf3-groupManagement] INFO  server.RaftServerConfigKeys (ConfUtils.java:logGet(46)) - raft.server.log.queue.element-limit = 1024 (custom)
2023-06-02 19:46:35,903 [93e73215-cf0c-4899-893f-1e32053e8cf3-groupManagement] INFO  server.RaftServerConfigKeys (ConfUtils.java:logGet(46)) - raft.server.log.segment.size.max = 1048576 (custom)
2023-06-02 19:46:35,904 [93e73215-cf0c-4899-893f-1e32053e8cf3-groupManagement] INFO  server.RaftServerConfigKeys (ConfUtils.java:logGet(46)) - raft.server.log.preallocated.size = 16384 (custom)
2023-06-02 19:46:35,904 [93e73215-cf0c-4899-893f-1e32053e8cf3-groupManagement] INFO  server.RaftServerConfigKeys (ConfUtils.java:logGet(46)) - raft.server.log.force.sync.num = 128 (default)
2023-06-02 19:46:35,904 [93e73215-cf0c-4899-893f-1e32053e8cf3-groupManagement] INFO  server.RaftServerConfigKeys (ConfUtils.java:logGet(46)) - raft.server.log.statemachine.data.sync = true (default)
2023-06-02 19:46:35,904 [93e73215-cf0c-4899-893f-1e32053e8cf3-groupManagement] INFO  server.RaftServerConfigKeys (ConfUtils.java:logGet(46)) - raft.server.log.statemachine.data.sync.timeout = 10s (default)
2023-06-02 19:46:35,904 [93e73215-cf0c-4899-893f-1e32053e8cf3-groupManagement] INFO  server.RaftServerConfigKeys (ConfUtils.java:logGet(46)) - raft.server.log.statemachine.data.sync.timeout.retry = -1 (default)
2023-06-02 19:46:35,905 [93e73215-cf0c-4899-893f-1e32053e8cf3-groupManagement] INFO  server.RaftServerConfigKeys (ConfUtils.java:logGet(46)) - raft.server.log.write.buffer.size = 1048576 (custom)
2023-06-02 19:46:35,906 [93e73215-cf0c-4899-893f-1e32053e8cf3-groupManagement] INFO  server.RaftServerConfigKeys (ConfUtils.java:logGet(46)) - raft.server.log.appender.buffer.byte-limit = 33554432 (custom)
2023-06-02 19:46:35,912 [93e73215-cf0c-4899-893f-1e32053e8cf3-groupManagement] INFO  server.RaftServerConfigKeys (ConfUtils.java:logGet(46)) - raft.server.log.unsafe-flush.enabled = false (default)
2023-06-02 19:46:35,912 [93e73215-cf0c-4899-893f-1e32053e8cf3-groupManagement] INFO  server.RaftServerConfigKeys (ConfUtils.java:logGet(46)) - raft.server.log.async-flush.enabled = false (default)
2023-06-02 19:46:35,912 [93e73215-cf0c-4899-893f-1e32053e8cf3-groupManagement] INFO  server.RaftServerConfigKeys (ConfUtils.java:logGet(46)) - raft.server.log.statemachine.data.caching.enabled = true (custom)
2023-06-02 19:46:35,912 [93e73215-cf0c-4899-893f-1e32053e8cf3-groupManagement] INFO  segmented.SegmentedRaftLogWorker (SegmentedRaftLogWorker.java:lambda$new$0(135)) - 93e73215-cf0c-4899-893f-1e32053e8cf3@group-CE6140418515-SegmentedRaftLogWorker: flushIndex: setUnconditionally 0 -> -1
2023-06-02 19:46:35,912 [93e73215-cf0c-4899-893f-1e32053e8cf3-groupManagement] INFO  segmented.SegmentedRaftLogWorker (SegmentedRaftLogWorker.java:lambda$new$0(135)) - 93e73215-cf0c-4899-893f-1e32053e8cf3@group-CE6140418515-SegmentedRaftLogWorker: safeCacheEvictIndex: setUnconditionally 0 -> -1
2023-06-02 19:46:35,912 [93e73215-cf0c-4899-893f-1e32053e8cf3-groupManagement] INFO  server.RaftServer$Division (RaftServerImpl.java:start(342)) - 93e73215-cf0c-4899-893f-1e32053e8cf3@group-CE6140418515: start as a follower, conf=-1: peers:[93e73215-cf0c-4899-893f-1e32053e8cf3|rpc:10.1.26.0:15095|admin:10.1.26.0:15094|client:10.1.26.0:15093|dataStream:10.1.26.0:15096|priority:0|startupRole:FOLLOWER, a3512fa8-98cf-431f-8bbe-512df84cf246|rpc:10.1.26.0:15113|admin:10.1.26.0:15112|client:10.1.26.0:15111|dataStream:10.1.26.0:15114|priority:0|startupRole:FOLLOWER, c22c8f81-1e38-483d-9a9f-669266df5e1e|rpc:10.1.26.0:15104|admin:10.1.26.0:15103|client:10.1.26.0:15102|dataStream:10.1.26.0:15105|priority:1|startupRole:FOLLOWER]|listeners:[], old=null
2023-06-02 19:46:35,912 [93e73215-cf0c-4899-893f-1e32053e8cf3-groupManagement] INFO  server.RaftServer$Division (RaftServerImpl.java:setRole(329)) - 93e73215-cf0c-4899-893f-1e32053e8cf3@group-CE6140418515: changes role from      null to FOLLOWER at term 0 for startAsFollower
2023-06-02 19:46:35,913 [93e73215-cf0c-4899-893f-1e32053e8cf3-groupManagement] INFO  impl.RoleInfo (RoleInfo.java:updateAndGet(139)) - 93e73215-cf0c-4899-893f-1e32053e8cf3: start 93e73215-cf0c-4899-893f-1e32053e8cf3@group-CE6140418515-FollowerState
2023-06-02 19:46:35,919 [93e73215-cf0c-4899-893f-1e32053e8cf3-groupManagement] INFO  util.JmxRegister (JmxRegister.java:tryRegister(44)) - Successfully registered JMX Bean with object name Ratis:service=RaftServer,group=group-CE6140418515,id=93e73215-cf0c-4899-893f-1e32053e8cf3
2023-06-02 19:46:35,919 [93e73215-cf0c-4899-893f-1e32053e8cf3@group-CE6140418515-FollowerState] INFO  server.RaftServerConfigKeys (ConfUtils.java:logFallback(53)) - raft.server.rpc.first-election.timeout.min = 5s (fallback to raft.server.rpc.timeout.min)
2023-06-02 19:46:35,919 [93e73215-cf0c-4899-893f-1e32053e8cf3@group-CE6140418515-FollowerState] INFO  server.RaftServerConfigKeys (ConfUtils.java:logFallback(53)) - raft.server.rpc.first-election.timeout.max = 5200ms (fallback to raft.server.rpc.timeout.max)
2023-06-02 19:46:35,919 [93e73215-cf0c-4899-893f-1e32053e8cf3-groupManagement] INFO  server.RaftServerConfigKeys (ConfUtils.java:logGet(46)) - raft.server.snapshot.auto.trigger.enabled = true (custom)
2023-06-02 19:46:35,919 [93e73215-cf0c-4899-893f-1e32053e8cf3-groupManagement] INFO  server.RaftServerConfigKeys (ConfUtils.java:logGet(46)) - raft.server.snapshot.auto.trigger.threshold = 10000 (custom)
2023-06-02 19:46:35,919 [93e73215-cf0c-4899-893f-1e32053e8cf3-groupManagement] INFO  server.RaftServerConfigKeys (ConfUtils.java:logGet(46)) - raft.server.snapshot.retention.file.num = 5 (custom)
2023-06-02 19:46:35,919 [93e73215-cf0c-4899-893f-1e32053e8cf3-groupManagement] INFO  server.RaftServerConfigKeys (ConfUtils.java:logGet(46)) - raft.server.log.purge.upto.snapshot.index = false (default)
2023-06-02 19:46:35,920 [PipelineCommandHandlerThread-0] INFO  ratis.XceiverServerRatis (XceiverServerRatis.java:addGroup(804)) - Created group PipelineID=2096249e-224b-436c-9463-ce6140418515
2023-06-02 19:46:35,934 [grpc-default-executor-0] INFO  server.RaftServer (RaftServerProxy.java:addNew(98)) - a3512fa8-98cf-431f-8bbe-512df84cf246: addNew group-CE6140418515:[93e73215-cf0c-4899-893f-1e32053e8cf3|rpc:10.1.26.0:15095|admin:10.1.26.0:15094|client:10.1.26.0:15093|dataStream:10.1.26.0:15096|priority:0|startupRole:FOLLOWER, a3512fa8-98cf-431f-8bbe-512df84cf246|rpc:10.1.26.0:15113|admin:10.1.26.0:15112|client:10.1.26.0:15111|dataStream:10.1.26.0:15114|priority:0|startupRole:FOLLOWER, c22c8f81-1e38-483d-9a9f-669266df5e1e|rpc:10.1.26.0:15104|admin:10.1.26.0:15103|client:10.1.26.0:15102|dataStream:10.1.26.0:15105|priority:1|startupRole:FOLLOWER] returns group-CE6140418515:java.util.concurrent.CompletableFuture@71460d28[Not completed]
2023-06-02 19:46:35,935 [a3512fa8-98cf-431f-8bbe-512df84cf246-groupManagement] INFO  server.RaftServer$Division (RaftServerImpl.java:<init>(198)) - a3512fa8-98cf-431f-8bbe-512df84cf246: new RaftServerImpl for group-CE6140418515:[93e73215-cf0c-4899-893f-1e32053e8cf3|rpc:10.1.26.0:15095|admin:10.1.26.0:15094|client:10.1.26.0:15093|dataStream:10.1.26.0:15096|priority:0|startupRole:FOLLOWER, a3512fa8-98cf-431f-8bbe-512df84cf246|rpc:10.1.26.0:15113|admin:10.1.26.0:15112|client:10.1.26.0:15111|dataStream:10.1.26.0:15114|priority:0|startupRole:FOLLOWER, c22c8f81-1e38-483d-9a9f-669266df5e1e|rpc:10.1.26.0:15104|admin:10.1.26.0:15103|client:10.1.26.0:15102|dataStream:10.1.26.0:15105|priority:1|startupRole:FOLLOWER] with ContainerStateMachine:uninitialized
2023-06-02 19:46:35,935 [a3512fa8-98cf-431f-8bbe-512df84cf246-groupManagement] INFO  server.RaftServerConfigKeys (ConfUtils.java:logGet(46)) - raft.server.rpc.timeout.min = 5s (custom)
2023-06-02 19:46:35,935 [a3512fa8-98cf-431f-8bbe-512df84cf246-groupManagement] INFO  server.RaftServerConfigKeys (ConfUtils.java:logGet(46)) - raft.server.rpc.timeout.max = 5200ms (custom)
2023-06-02 19:46:35,935 [a3512fa8-98cf-431f-8bbe-512df84cf246-groupManagement] INFO  server.RaftServerConfigKeys (ConfUtils.java:logGet(46)) - raft.server.rpc.sleep.time = 25ms (default)
2023-06-02 19:46:35,935 [a3512fa8-98cf-431f-8bbe-512df84cf246-groupManagement] INFO  server.RaftServerConfigKeys (ConfUtils.java:logGet(46)) - raft.server.rpc.slowness.timeout = 300s (custom)
2023-06-02 19:46:35,935 [a3512fa8-98cf-431f-8bbe-512df84cf246-groupManagement] INFO  server.RaftServerConfigKeys (ConfUtils.java:logGet(46)) - raft.server.leaderelection.leader.step-down.wait-time = 10s (default)
2023-06-02 19:46:35,935 [a3512fa8-98cf-431f-8bbe-512df84cf246-groupManagement] INFO  server.RaftServerConfigKeys (ConfUtils.java:logGet(46)) - raft.server.sleep.deviation.threshold = 300ms (default)
2023-06-02 19:46:35,935 [a3512fa8-98cf-431f-8bbe-512df84cf246-groupManagement] INFO  server.RaftServer$Division (ServerState.java:<init>(120)) - a3512fa8-98cf-431f-8bbe-512df84cf246@group-CE6140418515: ConfigurationManager, init=-1: peers:[93e73215-cf0c-4899-893f-1e32053e8cf3|rpc:10.1.26.0:15095|admin:10.1.26.0:15094|client:10.1.26.0:15093|dataStream:10.1.26.0:15096|priority:0|startupRole:FOLLOWER, a3512fa8-98cf-431f-8bbe-512df84cf246|rpc:10.1.26.0:15113|admin:10.1.26.0:15112|client:10.1.26.0:15111|dataStream:10.1.26.0:15114|priority:0|startupRole:FOLLOWER, c22c8f81-1e38-483d-9a9f-669266df5e1e|rpc:10.1.26.0:15104|admin:10.1.26.0:15103|client:10.1.26.0:15102|dataStream:10.1.26.0:15105|priority:1|startupRole:FOLLOWER]|listeners:[], old=null, confs=<EMPTY_MAP>
2023-06-02 19:46:35,935 [a3512fa8-98cf-431f-8bbe-512df84cf246-groupManagement] INFO  server.RaftServerConfigKeys (ConfUtils.java:logGet(46)) - raft.server.storage.dir = [/home/runner/work/ozone/ozone/hadoop-ozone/integration-test/target/test-dir/MiniOzoneClusterImpl-e4789928-4fd4-479e-857e-ac334458de01/datanode-11/data/ratis] (custom)
2023-06-02 19:46:35,936 [a3512fa8-98cf-431f-8bbe-512df84cf246-groupManagement] INFO  server.RaftServerConfigKeys (ConfUtils.java:logGet(46)) - raft.server.log.corruption.policy = EXCEPTION (default)
2023-06-02 19:46:35,936 [a3512fa8-98cf-431f-8bbe-512df84cf246-groupManagement] INFO  server.RaftServerConfigKeys (ConfUtils.java:logGet(46)) - raft.server.storage.free-space.min = 0MB (=0) (default)
2023-06-02 19:46:35,936 [a3512fa8-98cf-431f-8bbe-512df84cf246-groupManagement] INFO  server.RaftServerConfigKeys (ConfUtils.java:logGet(46)) - raft.server.notification.no-leader.timeout = 300s (custom)
2023-06-02 19:46:35,936 [a3512fa8-98cf-431f-8bbe-512df84cf246-groupManagement] INFO  server.RaftServerConfigKeys (ConfUtils.java:logGet(46)) - raft.server.read.timeout = 10s (default)
2023-06-02 19:46:35,936 [a3512fa8-98cf-431f-8bbe-512df84cf246-groupManagement] INFO  server.RaftServerConfigKeys (ConfUtils.java:logGet(46)) - raft.server.retrycache.expirytime = 600000ms (custom)
2023-06-02 19:46:35,936 [a3512fa8-98cf-431f-8bbe-512df84cf246-groupManagement] INFO  server.RaftServerConfigKeys (ConfUtils.java:logGet(46)) - raft.server.retrycache.statistics.expirytime = 100μs (default)
2023-06-02 19:46:35,936 [a3512fa8-98cf-431f-8bbe-512df84cf246-groupManagement] INFO  server.RaftServerConfigKeys (ConfUtils.java:logGet(46)) - raft.server.read.option = DEFAULT (default)
2023-06-02 19:46:35,937 [a3512fa8-98cf-431f-8bbe-512df84cf246-groupManagement] INFO  server.RaftServerConfigKeys (ConfUtils.java:logGet(46)) - raft.server.rpc.request.timeout = 60s (custom)
2023-06-02 19:46:35,937 [a3512fa8-98cf-431f-8bbe-512df84cf246-groupManagement] INFO  server.RaftServerConfigKeys (ConfUtils.java:logGet(46)) - raft.server.log.appender.install.snapshot.enabled = false (custom)
2023-06-02 19:46:35,937 [a3512fa8-98cf-431f-8bbe-512df84cf246-groupManagement] INFO  server.RaftServerConfigKeys (ConfUtils.java:logGet(46)) - raft.server.threadpool.server.cached = true (default)
2023-06-02 19:46:35,937 [a3512fa8-98cf-431f-8bbe-512df84cf246-groupManagement] INFO  server.RaftServerConfigKeys (ConfUtils.java:logGet(46)) - raft.server.threadpool.server.size = 0 (default)
2023-06-02 19:46:35,938 [a3512fa8-98cf-431f-8bbe-512df84cf246-groupManagement] INFO  server.RaftServerConfigKeys (ConfUtils.java:logGet(46)) - raft.server.threadpool.client.cached = true (default)
2023-06-02 19:46:35,938 [a3512fa8-98cf-431f-8bbe-512df84cf246-groupManagement] INFO  server.RaftServerConfigKeys (ConfUtils.java:logGet(46)) - raft.server.threadpool.client.size = 0 (default)
2023-06-02 19:46:35,938 [a3512fa8-98cf-431f-8bbe-512df84cf246-groupManagement] INFO  storage.RaftStorageDirectory (RaftStorageDirectoryImpl.java:analyzeStorage(137)) - The storage directory /home/runner/work/ozone/ozone/hadoop-ozone/integration-test/target/test-dir/MiniOzoneClusterImpl-e4789928-4fd4-479e-857e-ac334458de01/datanode-11/data/ratis/2096249e-224b-436c-9463-ce6140418515 does not exist. Creating ...
2023-06-02 19:46:35,939 [a3512fa8-98cf-431f-8bbe-512df84cf246-groupManagement] INFO  storage.RaftStorageDirectory (RaftStorageDirectoryImpl.java:tryLock(231)) - Lock on /home/runner/work/ozone/ozone/hadoop-ozone/integration-test/target/test-dir/MiniOzoneClusterImpl-e4789928-4fd4-479e-857e-ac334458de01/datanode-11/data/ratis/2096249e-224b-436c-9463-ce6140418515/in_use.lock acquired by nodename 54141@fv-az459-618
2023-06-02 19:46:35,943 [a3512fa8-98cf-431f-8bbe-512df84cf246-groupManagement] INFO  storage.RaftStorage (RaftStorageImpl.java:format(96)) - Storage directory /home/runner/work/ozone/ozone/hadoop-ozone/integration-test/target/test-dir/MiniOzoneClusterImpl-e4789928-4fd4-479e-857e-ac334458de01/datanode-11/data/ratis/2096249e-224b-436c-9463-ce6140418515 has been successfully formatted.
2023-06-02 19:46:35,944 [a3512fa8-98cf-431f-8bbe-512df84cf246-groupManagement] INFO  ratis.ContainerStateMachine (ContainerStateMachine.java:loadSnapshot(262)) - group-CE6140418515: The snapshot info is null. Setting the last applied indexto:(t:0, i:~)
2023-06-02 19:46:35,944 [a3512fa8-98cf-431f-8bbe-512df84cf246-groupManagement] INFO  server.RaftServerConfigKeys (ConfUtils.java:logGet(46)) - raft.server.log.use.memory = false (default)
2023-06-02 19:46:35,944 [a3512fa8-98cf-431f-8bbe-512df84cf246-groupManagement] INFO  server.RaftServerConfigKeys (ConfUtils.java:logGet(46)) - raft.server.log.purge.gap = 1000000 (custom)
2023-06-02 19:46:35,944 [a3512fa8-98cf-431f-8bbe-512df84cf246-groupManagement] INFO  server.RaftServerConfigKeys (ConfUtils.java:logGet(46)) - raft.server.log.appender.buffer.byte-limit = 33554432 (custom)
2023-06-02 19:46:35,944 [a3512fa8-98cf-431f-8bbe-512df84cf246-groupManagement] INFO  server.RaftServerConfigKeys (ConfUtils.java:logGet(46)) - raft.server.log.statemachine.data.read.timeout = 1000ms (default)
2023-06-02 19:46:35,944 [a3512fa8-98cf-431f-8bbe-512df84cf246-groupManagement] INFO  server.RaftServerConfigKeys (ConfUtils.java:logGet(46)) - raft.server.log.purge.preservation.log.num = 0 (default)
2023-06-02 19:46:35,944 [a3512fa8-98cf-431f-8bbe-512df84cf246-groupManagement] INFO  server.RaftServerConfigKeys (ConfUtils.java:logGet(46)) - raft.server.log.segment.size.max = 1048576 (custom)
2023-06-02 19:46:35,946 [a3512fa8-98cf-431f-8bbe-512df84cf246-groupManagement] INFO  server.RaftServerConfigKeys (ConfUtils.java:logGet(46)) - raft.server.log.segment.cache.num.max = 2 (custom)
2023-06-02 19:46:35,946 [a3512fa8-98cf-431f-8bbe-512df84cf246-groupManagement] INFO  server.RaftServerConfigKeys (ConfUtils.java:logGet(46)) - raft.server.log.segment.cache.size.max = 200MB (=209715200) (default)
2023-06-02 19:46:35,946 [a3512fa8-98cf-431f-8bbe-512df84cf246-groupManagement] INFO  server.RaftServerConfigKeys (ConfUtils.java:logGet(46)) - raft.server.log.appender.buffer.byte-limit = 33554432 (custom)
2023-06-02 19:46:35,946 [a3512fa8-98cf-431f-8bbe-512df84cf246-groupManagement] INFO  segmented.SegmentedRaftLogWorker (SegmentedRaftLogWorker.java:<init>(188)) - new a3512fa8-98cf-431f-8bbe-512df84cf246@group-CE6140418515-SegmentedRaftLogWorker for RaftStorageImpl:Storage Directory /home/runner/work/ozone/ozone/hadoop-ozone/integration-test/target/test-dir/MiniOzoneClusterImpl-e4789928-4fd4-479e-857e-ac334458de01/datanode-11/data/ratis/2096249e-224b-436c-9463-ce6140418515
2023-06-02 19:46:35,946 [a3512fa8-98cf-431f-8bbe-512df84cf246-groupManagement] INFO  server.RaftServerConfigKeys (ConfUtils.java:logGet(46)) - raft.server.log.queue.byte-limit = 4294967296 (custom)
2023-06-02 19:46:35,946 [a3512fa8-98cf-431f-8bbe-512df84cf246-groupManagement] INFO  server.RaftServerConfigKeys (ConfUtils.java:logGet(46)) - raft.server.log.queue.element-limit = 1024 (custom)
2023-06-02 19:46:35,946 [a3512fa8-98cf-431f-8bbe-512df84cf246-groupManagement] INFO  server.RaftServerConfigKeys (ConfUtils.java:logGet(46)) - raft.server.log.segment.size.max = 1048576 (custom)
2023-06-02 19:46:35,946 [a3512fa8-98cf-431f-8bbe-512df84cf246-groupManagement] INFO  server.RaftServerConfigKeys (ConfUtils.java:logGet(46)) - raft.server.log.preallocated.size = 16384 (custom)
2023-06-02 19:46:35,946 [a3512fa8-98cf-431f-8bbe-512df84cf246-groupManagement] INFO  server.RaftServerConfigKeys (ConfUtils.java:logGet(46)) - raft.server.log.force.sync.num = 128 (default)
2023-06-02 19:46:35,946 [a3512fa8-98cf-431f-8bbe-512df84cf246-groupManagement] INFO  server.RaftServerConfigKeys (ConfUtils.java:logGet(46)) - raft.server.log.statemachine.data.sync = true (default)
2023-06-02 19:46:35,947 [a3512fa8-98cf-431f-8bbe-512df84cf246-groupManagement] INFO  server.RaftServerConfigKeys (ConfUtils.java:logGet(46)) - raft.server.log.statemachine.data.sync.timeout = 10s (default)
2023-06-02 19:46:35,947 [a3512fa8-98cf-431f-8bbe-512df84cf246-groupManagement] INFO  server.RaftServerConfigKeys (ConfUtils.java:logGet(46)) - raft.server.log.statemachine.data.sync.timeout.retry = -1 (default)
2023-06-02 19:46:35,949 [a3512fa8-98cf-431f-8bbe-512df84cf246-groupManagement] INFO  server.RaftServerConfigKeys (ConfUtils.java:logGet(46)) - raft.server.log.write.buffer.size = 1048576 (custom)
2023-06-02 19:46:35,950 [a3512fa8-98cf-431f-8bbe-512df84cf246-groupManagement] INFO  server.RaftServerConfigKeys (ConfUtils.java:logGet(46)) - raft.server.log.appender.buffer.byte-limit = 33554432 (custom)
2023-06-02 19:46:35,955 [a3512fa8-98cf-431f-8bbe-512df84cf246-groupManagement] INFO  server.RaftServerConfigKeys (ConfUtils.java:logGet(46)) - raft.server.log.unsafe-flush.enabled = false (default)
2023-06-02 19:46:35,955 [a3512fa8-98cf-431f-8bbe-512df84cf246-groupManagement] INFO  server.RaftServerConfigKeys (ConfUtils.java:logGet(46)) - raft.server.log.async-flush.enabled = false (default)
2023-06-02 19:46:35,955 [a3512fa8-98cf-431f-8bbe-512df84cf246-groupManagement] INFO  server.RaftServerConfigKeys (ConfUtils.java:logGet(46)) - raft.server.log.statemachine.data.caching.enabled = true (custom)
2023-06-02 19:46:35,956 [a3512fa8-98cf-431f-8bbe-512df84cf246-groupManagement] INFO  segmented.SegmentedRaftLogWorker (SegmentedRaftLogWorker.java:lambda$new$0(135)) - a3512fa8-98cf-431f-8bbe-512df84cf246@group-CE6140418515-SegmentedRaftLogWorker: flushIndex: setUnconditionally 0 -> -1
2023-06-02 19:46:35,956 [a3512fa8-98cf-431f-8bbe-512df84cf246-groupManagement] INFO  segmented.SegmentedRaftLogWorker (SegmentedRaftLogWorker.java:lambda$new$0(135)) - a3512fa8-98cf-431f-8bbe-512df84cf246@group-CE6140418515-SegmentedRaftLogWorker: safeCacheEvictIndex: setUnconditionally 0 -> -1
2023-06-02 19:46:35,967 [a3512fa8-98cf-431f-8bbe-512df84cf246-groupManagement] INFO  server.RaftServer$Division (RaftServerImpl.java:start(342)) - a3512fa8-98cf-431f-8bbe-512df84cf246@group-CE6140418515: start as a follower, conf=-1: peers:[93e73215-cf0c-4899-893f-1e32053e8cf3|rpc:10.1.26.0:15095|admin:10.1.26.0:15094|client:10.1.26.0:15093|dataStream:10.1.26.0:15096|priority:0|startupRole:FOLLOWER, a3512fa8-98cf-431f-8bbe-512df84cf246|rpc:10.1.26.0:15113|admin:10.1.26.0:15112|client:10.1.26.0:15111|dataStream:10.1.26.0:15114|priority:0|startupRole:FOLLOWER, c22c8f81-1e38-483d-9a9f-669266df5e1e|rpc:10.1.26.0:15104|admin:10.1.26.0:15103|client:10.1.26.0:15102|dataStream:10.1.26.0:15105|priority:1|startupRole:FOLLOWER]|listeners:[], old=null
2023-06-02 19:46:35,967 [a3512fa8-98cf-431f-8bbe-512df84cf246-groupManagement] INFO  server.RaftServer$Division (RaftServerImpl.java:setRole(329)) - a3512fa8-98cf-431f-8bbe-512df84cf246@group-CE6140418515: changes role from      null to FOLLOWER at term 0 for startAsFollower
2023-06-02 19:46:35,968 [a3512fa8-98cf-431f-8bbe-512df84cf246-groupManagement] INFO  impl.RoleInfo (RoleInfo.java:updateAndGet(139)) - a3512fa8-98cf-431f-8bbe-512df84cf246: start a3512fa8-98cf-431f-8bbe-512df84cf246@group-CE6140418515-FollowerState
2023-06-02 19:46:35,968 [a3512fa8-98cf-431f-8bbe-512df84cf246@group-CE6140418515-FollowerState] INFO  server.RaftServerConfigKeys (ConfUtils.java:logFallback(53)) - raft.server.rpc.first-election.timeout.min = 5s (fallback to raft.server.rpc.timeout.min)
2023-06-02 19:46:35,968 [a3512fa8-98cf-431f-8bbe-512df84cf246-groupManagement] INFO  util.JmxRegister (JmxRegister.java:tryRegister(44)) - Successfully registered JMX Bean with object name Ratis:service=RaftServer,group=group-CE6140418515,id=a3512fa8-98cf-431f-8bbe-512df84cf246
2023-06-02 19:46:35,968 [a3512fa8-98cf-431f-8bbe-512df84cf246@group-CE6140418515-FollowerState] INFO  server.RaftServerConfigKeys (ConfUtils.java:logFallback(53)) - raft.server.rpc.first-election.timeout.max = 5200ms (fallback to raft.server.rpc.timeout.max)
2023-06-02 19:46:35,968 [a3512fa8-98cf-431f-8bbe-512df84cf246-groupManagement] INFO  server.RaftServerConfigKeys (ConfUtils.java:logGet(46)) - raft.server.snapshot.auto.trigger.enabled = true (custom)
2023-06-02 19:46:35,969 [a3512fa8-98cf-431f-8bbe-512df84cf246-groupManagement] INFO  server.RaftServerConfigKeys (ConfUtils.java:logGet(46)) - raft.server.snapshot.auto.trigger.threshold = 10000 (custom)
2023-06-02 19:46:35,969 [a3512fa8-98cf-431f-8bbe-512df84cf246-groupManagement] INFO  server.RaftServerConfigKeys (ConfUtils.java:logGet(46)) - raft.server.snapshot.retention.file.num = 5 (custom)
2023-06-02 19:46:35,969 [a3512fa8-98cf-431f-8bbe-512df84cf246-groupManagement] INFO  server.RaftServerConfigKeys (ConfUtils.java:logGet(46)) - raft.server.log.purge.upto.snapshot.index = false (default)
2023-06-02 19:46:35,994 [grpc-default-executor-0] INFO  server.RaftServer (RaftServerProxy.java:addNew(98)) - c22c8f81-1e38-483d-9a9f-669266df5e1e: addNew group-CE6140418515:[93e73215-cf0c-4899-893f-1e32053e8cf3|rpc:10.1.26.0:15095|admin:10.1.26.0:15094|client:10.1.26.0:15093|dataStream:10.1.26.0:15096|priority:0|startupRole:FOLLOWER, a3512fa8-98cf-431f-8bbe-512df84cf246|rpc:10.1.26.0:15113|admin:10.1.26.0:15112|client:10.1.26.0:15111|dataStream:10.1.26.0:15114|priority:0|startupRole:FOLLOWER, c22c8f81-1e38-483d-9a9f-669266df5e1e|rpc:10.1.26.0:15104|admin:10.1.26.0:15103|client:10.1.26.0:15102|dataStream:10.1.26.0:15105|priority:1|startupRole:FOLLOWER] returns group-CE6140418515:java.util.concurrent.CompletableFuture@180ca92e[Not completed]
2023-06-02 19:46:35,995 [c22c8f81-1e38-483d-9a9f-669266df5e1e-groupManagement] INFO  server.RaftServer$Division (RaftServerImpl.java:<init>(198)) - c22c8f81-1e38-483d-9a9f-669266df5e1e: new RaftServerImpl for group-CE6140418515:[93e73215-cf0c-4899-893f-1e32053e8cf3|rpc:10.1.26.0:15095|admin:10.1.26.0:15094|client:10.1.26.0:15093|dataStream:10.1.26.0:15096|priority:0|startupRole:FOLLOWER, a3512fa8-98cf-431f-8bbe-512df84cf246|rpc:10.1.26.0:15113|admin:10.1.26.0:15112|client:10.1.26.0:15111|dataStream:10.1.26.0:15114|priority:0|startupRole:FOLLOWER, c22c8f81-1e38-483d-9a9f-669266df5e1e|rpc:10.1.26.0:15104|admin:10.1.26.0:15103|client:10.1.26.0:15102|dataStream:10.1.26.0:15105|priority:1|startupRole:FOLLOWER] with ContainerStateMachine:uninitialized
2023-06-02 19:46:35,995 [c22c8f81-1e38-483d-9a9f-669266df5e1e-groupManagement] INFO  server.RaftServerConfigKeys (ConfUtils.java:logGet(46)) - raft.server.rpc.timeout.min = 5s (custom)
2023-06-02 19:46:35,996 [c22c8f81-1e38-483d-9a9f-669266df5e1e-groupManagement] INFO  server.RaftServerConfigKeys (ConfUtils.java:logGet(46)) - raft.server.rpc.timeout.max = 5200ms (custom)
2023-06-02 19:46:35,996 [c22c8f81-1e38-483d-9a9f-669266df5e1e-groupManagement] INFO  server.RaftServerConfigKeys (ConfUtils.java:logGet(46)) - raft.server.rpc.sleep.time = 25ms (default)
2023-06-02 19:46:35,996 [c22c8f81-1e38-483d-9a9f-669266df5e1e-groupManagement] INFO  server.RaftServerConfigKeys (ConfUtils.java:logGet(46)) - raft.server.rpc.slowness.timeout = 300s (custom)
2023-06-02 19:46:35,996 [c22c8f81-1e38-483d-9a9f-669266df5e1e-groupManagement] INFO  server.RaftServerConfigKeys (ConfUtils.java:logGet(46)) - raft.server.leaderelection.leader.step-down.wait-time = 10s (default)
2023-06-02 19:46:35,996 [c22c8f81-1e38-483d-9a9f-669266df5e1e-groupManagement] INFO  server.RaftServerConfigKeys (ConfUtils.java:logGet(46)) - raft.server.sleep.deviation.threshold = 300ms (default)
2023-06-02 19:46:35,996 [c22c8f81-1e38-483d-9a9f-669266df5e1e-groupManagement] INFO  server.RaftServer$Division (ServerState.java:<init>(120)) - c22c8f81-1e38-483d-9a9f-669266df5e1e@group-CE6140418515: ConfigurationManager, init=-1: peers:[93e73215-cf0c-4899-893f-1e32053e8cf3|rpc:10.1.26.0:15095|admin:10.1.26.0:15094|client:10.1.26.0:15093|dataStream:10.1.26.0:15096|priority:0|startupRole:FOLLOWER, a3512fa8-98cf-431f-8bbe-512df84cf246|rpc:10.1.26.0:15113|admin:10.1.26.0:15112|client:10.1.26.0:15111|dataStream:10.1.26.0:15114|priority:0|startupRole:FOLLOWER, c22c8f81-1e38-483d-9a9f-669266df5e1e|rpc:10.1.26.0:15104|admin:10.1.26.0:15103|client:10.1.26.0:15102|dataStream:10.1.26.0:15105|priority:1|startupRole:FOLLOWER]|listeners:[], old=null, confs=<EMPTY_MAP>
2023-06-02 19:46:35,996 [c22c8f81-1e38-483d-9a9f-669266df5e1e-groupManagement] INFO  server.RaftServerConfigKeys (ConfUtils.java:logGet(46)) - raft.server.storage.dir = [/home/runner/work/ozone/ozone/hadoop-ozone/integration-test/target/test-dir/MiniOzoneClusterImpl-e4789928-4fd4-479e-857e-ac334458de01/datanode-10/data/ratis] (custom)
2023-06-02 19:46:35,996 [c22c8f81-1e38-483d-9a9f-669266df5e1e-groupManagement] INFO  server.RaftServerConfigKeys (ConfUtils.java:logGet(46)) - raft.server.log.corruption.policy = EXCEPTION (default)
2023-06-02 19:46:35,996 [c22c8f81-1e38-483d-9a9f-669266df5e1e-groupManagement] INFO  server.RaftServerConfigKeys (ConfUtils.java:logGet(46)) - raft.server.storage.free-space.min = 0MB (=0) (default)
2023-06-02 19:46:35,996 [c22c8f81-1e38-483d-9a9f-669266df5e1e-groupManagement] INFO  server.RaftServerConfigKeys (ConfUtils.java:logGet(46)) - raft.server.notification.no-leader.timeout = 300s (custom)
2023-06-02 19:46:35,996 [c22c8f81-1e38-483d-9a9f-669266df5e1e-groupManagement] INFO  server.RaftServerConfigKeys (ConfUtils.java:logGet(46)) - raft.server.read.timeout = 10s (default)
2023-06-02 19:46:35,996 [c22c8f81-1e38-483d-9a9f-669266df5e1e-groupManagement] INFO  server.RaftServerConfigKeys (ConfUtils.java:logGet(46)) - raft.server.retrycache.expirytime = 600000ms (custom)
2023-06-02 19:46:35,996 [c22c8f81-1e38-483d-9a9f-669266df5e1e-groupManagement] INFO  server.RaftServerConfigKeys (ConfUtils.java:logGet(46)) - raft.server.retrycache.statistics.expirytime = 100μs (default)
2023-06-02 19:46:35,996 [c22c8f81-1e38-483d-9a9f-669266df5e1e-groupManagement] INFO  server.RaftServerConfigKeys (ConfUtils.java:logGet(46)) - raft.server.read.option = DEFAULT (default)
2023-06-02 19:46:35,998 [c22c8f81-1e38-483d-9a9f-669266df5e1e-groupManagement] INFO  server.RaftServerConfigKeys (ConfUtils.java:logGet(46)) - raft.server.rpc.request.timeout = 60s (custom)
2023-06-02 19:46:35,998 [c22c8f81-1e38-483d-9a9f-669266df5e1e-groupManagement] INFO  server.RaftServerConfigKeys (ConfUtils.java:logGet(46)) - raft.server.log.appender.install.snapshot.enabled = false (custom)
2023-06-02 19:46:35,998 [c22c8f81-1e38-483d-9a9f-669266df5e1e-groupManagement] INFO  server.RaftServerConfigKeys (ConfUtils.java:logGet(46)) - raft.server.threadpool.server.cached = true (default)
2023-06-02 19:46:36,004 [c22c8f81-1e38-483d-9a9f-669266df5e1e-groupManagement] INFO  server.RaftServerConfigKeys (ConfUtils.java:logGet(46)) - raft.server.threadpool.server.size = 0 (default)
2023-06-02 19:46:36,005 [c22c8f81-1e38-483d-9a9f-669266df5e1e-groupManagement] INFO  server.RaftServerConfigKeys (ConfUtils.java:logGet(46)) - raft.server.threadpool.client.cached = true (default)
2023-06-02 19:46:36,005 [c22c8f81-1e38-483d-9a9f-669266df5e1e-groupManagement] INFO  server.RaftServerConfigKeys (ConfUtils.java:logGet(46)) - raft.server.threadpool.client.size = 0 (default)
2023-06-02 19:46:36,005 [c22c8f81-1e38-483d-9a9f-669266df5e1e-groupManagement] INFO  storage.RaftStorageDirectory (RaftStorageDirectoryImpl.java:analyzeStorage(137)) - The storage directory /home/runner/work/ozone/ozone/hadoop-ozone/integration-test/target/test-dir/MiniOzoneClusterImpl-e4789928-4fd4-479e-857e-ac334458de01/datanode-10/data/ratis/2096249e-224b-436c-9463-ce6140418515 does not exist. Creating ...
2023-06-02 19:46:36,006 [c22c8f81-1e38-483d-9a9f-669266df5e1e-groupManagement] INFO  storage.RaftStorageDirectory (RaftStorageDirectoryImpl.java:tryLock(231)) - Lock on /home/runner/work/ozone/ozone/hadoop-ozone/integration-test/target/test-dir/MiniOzoneClusterImpl-e4789928-4fd4-479e-857e-ac334458de01/datanode-10/data/ratis/2096249e-224b-436c-9463-ce6140418515/in_use.lock acquired by nodename 54141@fv-az459-618
2023-06-02 19:46:36,007 [c22c8f81-1e38-483d-9a9f-669266df5e1e-groupManagement] INFO  storage.RaftStorage (RaftStorageImpl.java:format(96)) - Storage directory /home/runner/work/ozone/ozone/hadoop-ozone/integration-test/target/test-dir/MiniOzoneClusterImpl-e4789928-4fd4-479e-857e-ac334458de01/datanode-10/data/ratis/2096249e-224b-436c-9463-ce6140418515 has been successfully formatted.
2023-06-02 19:46:36,008 [c22c8f81-1e38-483d-9a9f-669266df5e1e-groupManagement] INFO  ratis.ContainerStateMachine (ContainerStateMachine.java:loadSnapshot(262)) - group-CE6140418515: The snapshot info is null. Setting the last applied indexto:(t:0, i:~)
2023-06-02 19:46:36,008 [c22c8f81-1e38-483d-9a9f-669266df5e1e-groupManagement] INFO  server.RaftServerConfigKeys (ConfUtils.java:logGet(46)) - raft.server.log.use.memory = false (default)
2023-06-02 19:46:36,008 [c22c8f81-1e38-483d-9a9f-669266df5e1e-groupManagement] INFO  server.RaftServerConfigKeys (ConfUtils.java:logGet(46)) - raft.server.log.purge.gap = 1000000 (custom)
2023-06-02 19:46:36,008 [c22c8f81-1e38-483d-9a9f-669266df5e1e-groupManagement] INFO  server.RaftServerConfigKeys (ConfUtils.java:logGet(46)) - raft.server.log.appender.buffer.byte-limit = 33554432 (custom)
2023-06-02 19:46:36,008 [c22c8f81-1e38-483d-9a9f-669266df5e1e-groupManagement] INFO  server.RaftServerConfigKeys (ConfUtils.java:logGet(46)) - raft.server.log.statemachine.data.read.timeout = 1000ms (default)
2023-06-02 19:46:36,008 [c22c8f81-1e38-483d-9a9f-669266df5e1e-groupManagement] INFO  server.RaftServerConfigKeys (ConfUtils.java:logGet(46)) - raft.server.log.purge.preservation.log.num = 0 (default)
2023-06-02 19:46:36,010 [c22c8f81-1e38-483d-9a9f-669266df5e1e-groupManagement] INFO  server.RaftServerConfigKeys (ConfUtils.java:logGet(46)) - raft.server.log.segment.size.max = 1048576 (custom)
2023-06-02 19:46:36,011 [c22c8f81-1e38-483d-9a9f-669266df5e1e-groupManagement] INFO  server.RaftServerConfigKeys (ConfUtils.java:logGet(46)) - raft.server.log.segment.cache.num.max = 2 (custom)
2023-06-02 19:46:36,011 [c22c8f81-1e38-483d-9a9f-669266df5e1e-groupManagement] INFO  server.RaftServerConfigKeys (ConfUtils.java:logGet(46)) - raft.server.log.segment.cache.size.max = 200MB (=209715200) (default)
2023-06-02 19:46:36,012 [c22c8f81-1e38-483d-9a9f-669266df5e1e-groupManagement] INFO  server.RaftServerConfigKeys (ConfUtils.java:logGet(46)) - raft.server.log.appender.buffer.byte-limit = 33554432 (custom)
2023-06-02 19:46:36,012 [c22c8f81-1e38-483d-9a9f-669266df5e1e-groupManagement] INFO  segmented.SegmentedRaftLogWorker (SegmentedRaftLogWorker.java:<init>(188)) - new c22c8f81-1e38-483d-9a9f-669266df5e1e@group-CE6140418515-SegmentedRaftLogWorker for RaftStorageImpl:Storage Directory /home/runner/work/ozone/ozone/hadoop-ozone/integration-test/target/test-dir/MiniOzoneClusterImpl-e4789928-4fd4-479e-857e-ac334458de01/datanode-10/data/ratis/2096249e-224b-436c-9463-ce6140418515
2023-06-02 19:46:36,012 [c22c8f81-1e38-483d-9a9f-669266df5e1e-groupManagement] INFO  server.RaftServerConfigKeys (ConfUtils.java:logGet(46)) - raft.server.log.queue.byte-limit = 4294967296 (custom)
2023-06-02 19:46:36,012 [c22c8f81-1e38-483d-9a9f-669266df5e1e-groupManagement] INFO  server.RaftServerConfigKeys (ConfUtils.java:logGet(46)) - raft.server.log.queue.element-limit = 1024 (custom)
2023-06-02 19:46:36,012 [c22c8f81-1e38-483d-9a9f-669266df5e1e-groupManagement] INFO  server.RaftServerConfigKeys (ConfUtils.java:logGet(46)) - raft.server.log.segment.size.max = 1048576 (custom)
2023-06-02 19:46:36,014 [c22c8f81-1e38-483d-9a9f-669266df5e1e-groupManagement] INFO  server.RaftServerConfigKeys (ConfUtils.java:logGet(46)) - raft.server.log.preallocated.size = 16384 (custom)
2023-06-02 19:46:36,014 [c22c8f81-1e38-483d-9a9f-669266df5e1e-groupManagement] INFO  server.RaftServerConfigKeys (ConfUtils.java:logGet(46)) - raft.server.log.force.sync.num = 128 (default)
2023-06-02 19:46:36,014 [c22c8f81-1e38-483d-9a9f-669266df5e1e-groupManagement] INFO  server.RaftServerConfigKeys (ConfUtils.java:logGet(46)) - raft.server.log.statemachine.data.sync = true (default)
2023-06-02 19:46:36,014 [c22c8f81-1e38-483d-9a9f-669266df5e1e-groupManagement] INFO  server.RaftServerConfigKeys (ConfUtils.java:logGet(46)) - raft.server.log.statemachine.data.sync.timeout = 10s (default)
2023-06-02 19:46:36,014 [c22c8f81-1e38-483d-9a9f-669266df5e1e-groupManagement] INFO  server.RaftServerConfigKeys (ConfUtils.java:logGet(46)) - raft.server.log.statemachine.data.sync.timeout.retry = -1 (default)
2023-06-02 19:46:36,015 [c22c8f81-1e38-483d-9a9f-669266df5e1e-groupManagement] INFO  server.RaftServerConfigKeys (ConfUtils.java:logGet(46)) - raft.server.log.write.buffer.size = 1048576 (custom)
2023-06-02 19:46:36,016 [c22c8f81-1e38-483d-9a9f-669266df5e1e-groupManagement] INFO  server.RaftServerConfigKeys (ConfUtils.java:logGet(46)) - raft.server.log.appender.buffer.byte-limit = 33554432 (custom)
2023-06-02 19:46:36,526 [JvmPauseMonitor7] WARN  util.JvmPauseMonitor (JvmPauseMonitor.java:detectPause(124)) - JvmPauseMonitor-f093f0f1-7dc1-44fa-8249-a003f257e421: Detected pause in JVM or host machine approximately 0.118s with 0.501s GC time.
GC pool 'PS MarkSweep' had collection(s): count=1 time=372ms
GC pool 'PS Scavenge' had collection(s): count=1 time=129ms
2023-06-02 19:46:36,526 [JvmPauseMonitor4] WARN  util.JvmPauseMonitor (JvmPauseMonitor.java:detectPause(124)) - JvmPauseMonitor-60ac4d22-094a-4270-8266-44944d79861e: Detected pause in JVM or host machine approximately 0.151s with 0.501s GC time.
GC pool 'PS MarkSweep' had collection(s): count=1 time=372ms
GC pool 'PS Scavenge' had collection(s): count=1 time=129ms
2023-06-02 19:46:36,527 [JvmPauseMonitor2] WARN  util.JvmPauseMonitor (JvmPauseMonitor.java:detectPause(124)) - JvmPauseMonitor-9e7d7045-1d4c-4270-9434-63584a31babd: Detected pause in JVM or host machine approximately 0.151s with 0.501s GC time.
GC pool 'PS MarkSweep' had collection(s): count=1 time=372ms
GC pool 'PS Scavenge' had collection(s): count=1 time=129ms
2023-06-02 19:46:36,527 [JvmPauseMonitor12] WARN  util.JvmPauseMonitor (JvmPauseMonitor.java:detectPause(124)) - JvmPauseMonitor-c22c8f81-1e38-483d-9a9f-669266df5e1e: Detected pause in JVM or host machine approximately 0.151s with 0.501s GC time.
GC pool 'PS MarkSweep' had collection(s): count=1 time=372ms
GC pool 'PS Scavenge' had collection(s): count=1 time=129ms
2023-06-02 19:46:36,527 [JvmPauseMonitor0] WARN  util.JvmPauseMonitor (JvmPauseMonitor.java:detectPause(124)) - JvmPauseMonitor-07308b00-a365-4b3a-bdcb-530168462b51: Detected pause in JVM or host machine approximately 0.151s with 0.501s GC time.
GC pool 'PS MarkSweep' had collection(s): count=1 time=372ms
GC pool 'PS Scavenge' had collection(s): count=1 time=129ms
2023-06-02 19:46:36,527 [JvmPauseMonitor3] WARN  util.JvmPauseMonitor (JvmPauseMonitor.java:detectPause(124)) - JvmPauseMonitor-f5a51868-327c-422c-ad14-d572ec0233ee: Detected pause in JVM or host machine approximately 0.152s with 0.501s GC time.
GC pool 'PS MarkSweep' had collection(s): count=1 time=372ms
GC pool 'PS Scavenge' had collection(s): count=1 time=129ms
2023-06-02 19:46:36,528 [JvmPauseMonitor11] WARN  util.JvmPauseMonitor (JvmPauseMonitor.java:detectPause(124)) - JvmPauseMonitor-93e73215-cf0c-4899-893f-1e32053e8cf3: Detected pause in JVM or host machine approximately 0.156s with 0.501s GC time.
GC pool 'PS MarkSweep' had collection(s): count=1 time=372ms
GC pool 'PS Scavenge' had collection(s): count=1 time=129ms
2023-06-02 19:46:36,528 [JvmPauseMonitor6] WARN  util.JvmPauseMonitor (JvmPauseMonitor.java:detectPause(124)) - JvmPauseMonitor-3e53829d-da6c-4746-b554-01bfe538e40e: Detected pause in JVM or host machine approximately 0.156s with 0.501s GC time.
GC pool 'PS MarkSweep' had collection(s): count=1 time=372ms
GC pool 'PS Scavenge' had collection(s): count=1 time=129ms
2023-06-02 19:46:36,528 [JvmPauseMonitor9] WARN  util.JvmPauseMonitor (JvmPauseMonitor.java:detectPause(124)) - JvmPauseMonitor-37ff51e8-4d98-426c-9b80-6778ef5a23bd: Detected pause in JVM or host machine approximately 0.157s with 0.501s GC time.
GC pool 'PS MarkSweep' had collection(s): count=1 time=372ms
GC pool 'PS Scavenge' had collection(s): count=1 time=129ms
2023-06-02 19:46:36,529 [JvmPauseMonitor10] WARN  util.JvmPauseMonitor (JvmPauseMonitor.java:detectPause(124)) - JvmPauseMonitor-3444f24d-5019-4db9-b49c-a7d3f58b79dc: Detected pause in JVM or host machine approximately 0.158s with 0.501s GC time.
GC pool 'PS MarkSweep' had collection(s): count=1 time=372ms
GC pool 'PS Scavenge' had collection(s): count=1 time=129ms
2023-06-02 19:46:36,529 [JvmPauseMonitor15] WARN  util.JvmPauseMonitor (JvmPauseMonitor.java:detectPause(124)) - JvmPauseMonitor-0510a9b5-5640-4405-855a-d41528cb8ad5: Detected pause in JVM or host machine approximately 0.158s with 0.501s GC time.
GC pool 'PS MarkSweep' had collection(s): count=1 time=372ms
GC pool 'PS Scavenge' had collection(s): count=1 time=129ms
2023-06-02 19:46:36,529 [JvmPauseMonitor1] WARN  util.JvmPauseMonitor (JvmPauseMonitor.java:detectPause(124)) - JvmPauseMonitor-om1: Detected pause in JVM or host machine approximately 0.158s with 0.501s GC time.
GC pool 'PS MarkSweep' had collection(s): count=1 time=372ms
GC pool 'PS Scavenge' had collection(s): count=1 time=129ms
2023-06-02 19:46:36,529 [c22c8f81-1e38-483d-9a9f-669266df5e1e-groupManagement] INFO  server.RaftServerConfigKeys (ConfUtils.java:logGet(46)) - raft.server.log.unsafe-flush.enabled = false (default)
2023-06-02 19:46:36,529 [c22c8f81-1e38-483d-9a9f-669266df5e1e-groupManagement] INFO  server.RaftServerConfigKeys (ConfUtils.java:logGet(46)) - raft.server.log.async-flush.enabled = false (default)
2023-06-02 19:46:36,529 [c22c8f81-1e38-483d-9a9f-669266df5e1e-groupManagement] INFO  server.RaftServerConfigKeys (ConfUtils.java:logGet(46)) - raft.server.log.statemachine.data.caching.enabled = true (custom)
2023-06-02 19:46:36,530 [c22c8f81-1e38-483d-9a9f-669266df5e1e-groupManagement] INFO  segmented.SegmentedRaftLogWorker (SegmentedRaftLogWorker.java:lambda$new$0(135)) - c22c8f81-1e38-483d-9a9f-669266df5e1e@group-CE6140418515-SegmentedRaftLogWorker: flushIndex: setUnconditionally 0 -> -1
2023-06-02 19:46:36,530 [c22c8f81-1e38-483d-9a9f-669266df5e1e-groupManagement] INFO  segmented.SegmentedRaftLogWorker (SegmentedRaftLogWorker.java:lambda$new$0(135)) - c22c8f81-1e38-483d-9a9f-669266df5e1e@group-CE6140418515-SegmentedRaftLogWorker: safeCacheEvictIndex: setUnconditionally 0 -> -1
2023-06-02 19:46:36,530 [c22c8f81-1e38-483d-9a9f-669266df5e1e-groupManagement] INFO  server.RaftServer$Division (RaftServerImpl.java:start(342)) - c22c8f81-1e38-483d-9a9f-669266df5e1e@group-CE6140418515: start as a follower, conf=-1: peers:[93e73215-cf0c-4899-893f-1e32053e8cf3|rpc:10.1.26.0:15095|admin:10.1.26.0:15094|client:10.1.26.0:15093|dataStream:10.1.26.0:15096|priority:0|startupRole:FOLLOWER, a3512fa8-98cf-431f-8bbe-512df84cf246|rpc:10.1.26.0:15113|admin:10.1.26.0:15112|client:10.1.26.0:15111|dataStream:10.1.26.0:15114|priority:0|startupRole:FOLLOWER, c22c8f81-1e38-483d-9a9f-669266df5e1e|rpc:10.1.26.0:15104|admin:10.1.26.0:15103|client:10.1.26.0:15102|dataStream:10.1.26.0:15105|priority:1|startupRole:FOLLOWER]|listeners:[], old=null
2023-06-02 19:46:36,530 [c22c8f81-1e38-483d-9a9f-669266df5e1e-groupManagement] INFO  server.RaftServer$Division (RaftServerImpl.java:setRole(329)) - c22c8f81-1e38-483d-9a9f-669266df5e1e@group-CE6140418515: changes role from      null to FOLLOWER at term 0 for startAsFollower
2023-06-02 19:46:36,530 [c22c8f81-1e38-483d-9a9f-669266df5e1e-groupManagement] INFO  impl.RoleInfo (RoleInfo.java:updateAndGet(139)) - c22c8f81-1e38-483d-9a9f-669266df5e1e: start c22c8f81-1e38-483d-9a9f-669266df5e1e@group-CE6140418515-FollowerState
2023-06-02 19:46:36,530 [c22c8f81-1e38-483d-9a9f-669266df5e1e-groupManagement] INFO  util.JmxRegister (JmxRegister.java:tryRegister(44)) - Successfully registered JMX Bean with object name Ratis:service=RaftServer,group=group-CE6140418515,id=c22c8f81-1e38-483d-9a9f-669266df5e1e
2023-06-02 19:46:36,531 [c22c8f81-1e38-483d-9a9f-669266df5e1e-groupManagement] INFO  server.RaftServerConfigKeys (ConfUtils.java:logGet(46)) - raft.server.snapshot.auto.trigger.enabled = true (custom)
2023-06-02 19:46:36,531 [c22c8f81-1e38-483d-9a9f-669266df5e1e-groupManagement] INFO  server.RaftServerConfigKeys (ConfUtils.java:logGet(46)) - raft.server.snapshot.auto.trigger.threshold = 10000 (custom)
2023-06-02 19:46:36,533 [c22c8f81-1e38-483d-9a9f-669266df5e1e-groupManagement] INFO  server.RaftServerConfigKeys (ConfUtils.java:logGet(46)) - raft.server.snapshot.retention.file.num = 5 (custom)
2023-06-02 19:46:36,533 [c22c8f81-1e38-483d-9a9f-669266df5e1e-groupManagement] INFO  server.RaftServerConfigKeys (ConfUtils.java:logGet(46)) - raft.server.log.purge.upto.snapshot.index = false (default)
2023-06-02 19:46:36,535 [c22c8f81-1e38-483d-9a9f-669266df5e1e@group-CE6140418515-FollowerState] INFO  server.RaftServerConfigKeys (ConfUtils.java:logFallback(53)) - raft.server.rpc.first-election.timeout.min = 5s (fallback to raft.server.rpc.timeout.min)
2023-06-02 19:46:36,535 [c22c8f81-1e38-483d-9a9f-669266df5e1e@group-CE6140418515-FollowerState] INFO  server.RaftServerConfigKeys (ConfUtils.java:logFallback(53)) - raft.server.rpc.first-election.timeout.max = 5200ms (fallback to raft.server.rpc.timeout.max)
2023-06-02 19:46:36,576 [PipelineCommandHandlerThread-0] INFO  commandhandler.CreatePipelineCommandHandler (CreatePipelineCommandHandler.java:lambda$handle$2(124)) - Created Pipeline RATIS THREE PipelineID=2096249e-224b-436c-9463-ce6140418515.
2023-06-02 19:46:36,651 [9e7d7045-1d4c-4270-9434-63584a31babd@group-0C580015AF9D-FollowerState] INFO  impl.FollowerState (FollowerState.java:run(143)) - 9e7d7045-1d4c-4270-9434-63584a31babd@group-0C580015AF9D-FollowerState: change to CANDIDATE, lastRpcElapsedTime:5082049891ns, electionTimeout:5074ms
2023-06-02 19:46:36,651 [9e7d7045-1d4c-4270-9434-63584a31babd@group-0C580015AF9D-FollowerState] INFO  impl.RoleInfo (RoleInfo.java:shutdownFollowerState(110)) - 9e7d7045-1d4c-4270-9434-63584a31babd: shutdown 9e7d7045-1d4c-4270-9434-63584a31babd@group-0C580015AF9D-FollowerState
2023-06-02 19:46:36,651 [9e7d7045-1d4c-4270-9434-63584a31babd@group-0C580015AF9D-FollowerState] INFO  server.RaftServer$Division (RaftServerImpl.java:setRole(329)) - 9e7d7045-1d4c-4270-9434-63584a31babd@group-0C580015AF9D: changes role from  FOLLOWER to CANDIDATE at term 0 for changeToCandidate
2023-06-02 19:46:36,651 [9e7d7045-1d4c-4270-9434-63584a31babd@group-0C580015AF9D-FollowerState] INFO  server.RaftServerConfigKeys (ConfUtils.java:logGet(46)) - raft.server.leaderelection.pre-vote = true (default)
2023-06-02 19:46:36,651 [9e7d7045-1d4c-4270-9434-63584a31babd@group-0C580015AF9D-FollowerState] INFO  impl.RoleInfo (RoleInfo.java:updateAndGet(139)) - 9e7d7045-1d4c-4270-9434-63584a31babd: start 9e7d7045-1d4c-4270-9434-63584a31babd@group-0C580015AF9D-LeaderElection2
2023-06-02 19:46:36,655 [9e7d7045-1d4c-4270-9434-63584a31babd@group-0C580015AF9D-LeaderElection2] INFO  impl.LeaderElection (LeaderElection.java:askForVotes(321)) - 9e7d7045-1d4c-4270-9434-63584a31babd@group-0C580015AF9D-LeaderElection2 PRE_VOTE round 0: submit vote requests at term 0 for -1: peers:[60ac4d22-094a-4270-8266-44944d79861e|rpc:10.1.26.0:15032|admin:10.1.26.0:15031|client:10.1.26.0:15030|dataStream:10.1.26.0:15033|priority:1|startupRole:FOLLOWER, 9e7d7045-1d4c-4270-9434-63584a31babd|rpc:10.1.26.0:15014|admin:10.1.26.0:15013|client:10.1.26.0:15012|dataStream:10.1.26.0:15015|priority:0|startupRole:FOLLOWER, f5a51868-327c-422c-ad14-d572ec0233ee|rpc:10.1.26.0:15023|admin:10.1.26.0:15022|client:10.1.26.0:15021|dataStream:10.1.26.0:15024|priority:0|startupRole:FOLLOWER]|listeners:[], old=null
2023-06-02 19:46:36,661 [9e7d7045-1d4c-4270-9434-63584a31babd@group-0C580015AF9D-LeaderElection2] INFO  server.RaftServerConfigKeys (ConfUtils.java:logFallback(53)) - raft.server.rpc.first-election.timeout.min = 5s (fallback to raft.server.rpc.timeout.min)
2023-06-02 19:46:36,661 [9e7d7045-1d4c-4270-9434-63584a31babd@group-0C580015AF9D-LeaderElection2] INFO  server.RaftServerConfigKeys (ConfUtils.java:logFallback(53)) - raft.server.rpc.first-election.timeout.max = 5200ms (fallback to raft.server.rpc.timeout.max)
2023-06-02 19:46:36,662 [9e7d7045-1d4c-4270-9434-63584a31babd@group-0C580015AF9D-LeaderElection2-1] INFO  server.GrpcServerProtocolClient (GrpcServerProtocolClient.java:<init>(65)) - Build channel for 60ac4d22-094a-4270-8266-44944d79861e
2023-06-02 19:46:36,664 [9e7d7045-1d4c-4270-9434-63584a31babd@group-0C580015AF9D-LeaderElection2-2] INFO  server.GrpcServerProtocolClient (GrpcServerProtocolClient.java:<init>(65)) - Build channel for f5a51868-327c-422c-ad14-d572ec0233ee
2023-06-02 19:46:36,677 [grpc-default-executor-0] INFO  server.RaftServer$Division (RaftServerImpl.java:requestVote(1302)) - 60ac4d22-094a-4270-8266-44944d79861e@group-0C580015AF9D: receive requestVote(PRE_VOTE, 9e7d7045-1d4c-4270-9434-63584a31babd, group-0C580015AF9D, 0, (t:0, i:0))
2023-06-02 19:46:36,681 [grpc-default-executor-1] INFO  server.RaftServer$Division (RaftServerImpl.java:requestVote(1302)) - f5a51868-327c-422c-ad14-d572ec0233ee@group-0C580015AF9D: receive requestVote(PRE_VOTE, 9e7d7045-1d4c-4270-9434-63584a31babd, group-0C580015AF9D, 0, (t:0, i:0))
2023-06-02 19:46:36,683 [grpc-default-executor-1] INFO  impl.VoteContext (VoteContext.java:log(49)) - f5a51868-327c-422c-ad14-d572ec0233ee@group-0C580015AF9D-FOLLOWER: accept PRE_VOTE from 9e7d7045-1d4c-4270-9434-63584a31babd: our priority 0 <= candidate's priority 0
2023-06-02 19:46:36,683 [grpc-default-executor-0] INFO  impl.VoteContext (VoteContext.java:log(49)) - 60ac4d22-094a-4270-8266-44944d79861e@group-0C580015AF9D-FOLLOWER: reject PRE_VOTE from 9e7d7045-1d4c-4270-9434-63584a31babd: our priority 1 > candidate's priority 0
2023-06-02 19:46:36,689 [grpc-default-executor-0] INFO  server.RaftServer$Division (RaftServerImpl.java:requestVote(1335)) - 60ac4d22-094a-4270-8266-44944d79861e@group-0C580015AF9D replies to PRE_VOTE vote request: 9e7d7045-1d4c-4270-9434-63584a31babd<-60ac4d22-094a-4270-8266-44944d79861e#0:FAIL-t0. Peer's state: 60ac4d22-094a-4270-8266-44944d79861e@group-0C580015AF9D:t0, leader=null, voted=, raftlog=Memoized:60ac4d22-094a-4270-8266-44944d79861e@group-0C580015AF9D-SegmentedRaftLog:OPENED:c-1, conf=-1: peers:[60ac4d22-094a-4270-8266-44944d79861e|rpc:10.1.26.0:15032|admin:10.1.26.0:15031|client:10.1.26.0:15030|dataStream:10.1.26.0:15033|priority:1|startupRole:FOLLOWER, 9e7d7045-1d4c-4270-9434-63584a31babd|rpc:10.1.26.0:15014|admin:10.1.26.0:15013|client:10.1.26.0:15012|dataStream:10.1.26.0:15015|priority:0|startupRole:FOLLOWER, f5a51868-327c-422c-ad14-d572ec0233ee|rpc:10.1.26.0:15023|admin:10.1.26.0:15022|client:10.1.26.0:15021|dataStream:10.1.26.0:15024|priority:0|startupRole:FOLLOWER]|listeners:[], old=null
2023-06-02 19:46:36,691 [grpc-default-executor-1] INFO  server.RaftServer$Division (RaftServerImpl.java:requestVote(1335)) - f5a51868-327c-422c-ad14-d572ec0233ee@group-0C580015AF9D replies to PRE_VOTE vote request: 9e7d7045-1d4c-4270-9434-63584a31babd<-f5a51868-327c-422c-ad14-d572ec0233ee#0:OK-t0. Peer's state: f5a51868-327c-422c-ad14-d572ec0233ee@group-0C580015AF9D:t0, leader=null, voted=, raftlog=Memoized:f5a51868-327c-422c-ad14-d572ec0233ee@group-0C580015AF9D-SegmentedRaftLog:OPENED:c-1, conf=-1: peers:[60ac4d22-094a-4270-8266-44944d79861e|rpc:10.1.26.0:15032|admin:10.1.26.0:15031|client:10.1.26.0:15030|dataStream:10.1.26.0:15033|priority:1|startupRole:FOLLOWER, 9e7d7045-1d4c-4270-9434-63584a31babd|rpc:10.1.26.0:15014|admin:10.1.26.0:15013|client:10.1.26.0:15012|dataStream:10.1.26.0:15015|priority:0|startupRole:FOLLOWER, f5a51868-327c-422c-ad14-d572ec0233ee|rpc:10.1.26.0:15023|admin:10.1.26.0:15022|client:10.1.26.0:15021|dataStream:10.1.26.0:15024|priority:0|startupRole:FOLLOWER]|listeners:[], old=null
2023-06-02 19:46:36,692 [9e7d7045-1d4c-4270-9434-63584a31babd@group-0C580015AF9D-LeaderElection2] INFO  impl.LeaderElection (LeaderElection.java:logAndReturn(90)) - 9e7d7045-1d4c-4270-9434-63584a31babd@group-0C580015AF9D-LeaderElection2: PRE_VOTE REJECTED received 2 response(s) and 0 exception(s):
2023-06-02 19:46:36,693 [9e7d7045-1d4c-4270-9434-63584a31babd@group-0C580015AF9D-LeaderElection2] INFO  impl.LeaderElection (LeaderElection.java:logAndReturn(94)) -   Response 0: 9e7d7045-1d4c-4270-9434-63584a31babd<-60ac4d22-094a-4270-8266-44944d79861e#0:FAIL-t0
2023-06-02 19:46:36,693 [9e7d7045-1d4c-4270-9434-63584a31babd@group-0C580015AF9D-LeaderElection2] INFO  impl.LeaderElection (LeaderElection.java:logAndReturn(94)) -   Response 1: 9e7d7045-1d4c-4270-9434-63584a31babd<-f5a51868-327c-422c-ad14-d572ec0233ee#0:OK-t0
2023-06-02 19:46:36,693 [9e7d7045-1d4c-4270-9434-63584a31babd@group-0C580015AF9D-LeaderElection2] INFO  impl.LeaderElection (LeaderElection.java:askForVotes(323)) - 9e7d7045-1d4c-4270-9434-63584a31babd@group-0C580015AF9D-LeaderElection2 PRE_VOTE round 0: result REJECTED
2023-06-02 19:46:36,699 [9e7d7045-1d4c-4270-9434-63584a31babd@group-0C580015AF9D-LeaderElection2] INFO  server.RaftServer$Division (RaftServerImpl.java:setRole(329)) - 9e7d7045-1d4c-4270-9434-63584a31babd@group-0C580015AF9D: changes role from CANDIDATE to FOLLOWER at term 0 for REJECTED
2023-06-02 19:46:36,699 [9e7d7045-1d4c-4270-9434-63584a31babd@group-0C580015AF9D-LeaderElection2] INFO  impl.RoleInfo (RoleInfo.java:shutdownLeaderElection(130)) - 9e7d7045-1d4c-4270-9434-63584a31babd: shutdown 9e7d7045-1d4c-4270-9434-63584a31babd@group-0C580015AF9D-LeaderElection2
2023-06-02 19:46:36,699 [9e7d7045-1d4c-4270-9434-63584a31babd@group-0C580015AF9D-LeaderElection2] INFO  impl.RoleInfo (RoleInfo.java:updateAndGet(139)) - 9e7d7045-1d4c-4270-9434-63584a31babd: start 9e7d7045-1d4c-4270-9434-63584a31babd@group-0C580015AF9D-FollowerState
2023-06-02 19:46:36,731 [main] INFO  ozone.MiniOzoneClusterImpl (MiniOzoneClusterImpl.java:lambda$waitForClusterToBeReady$0(222)) - Nodes are ready. Got 14 of 14 DN Heartbeats.
2023-06-02 19:46:36,732 [main] INFO  ozone.MiniOzoneClusterImpl (MiniOzoneClusterImpl.java:lambda$waitForClusterToBeReady$0(225)) - Waiting for cluster to exit safe mode
2023-06-02 19:46:36,732 [main] INFO  ozone.MiniOzoneClusterImpl (MiniOzoneClusterImpl.java:lambda$waitForClusterToBeReady$0(227)) - SCM became leader
2023-06-02 19:46:37,294 [f5a51868-327c-422c-ad14-d572ec0233ee@group-0C580015AF9D-FollowerState] INFO  server.RaftServerConfigKeys (ConfUtils.java:logFallback(53)) - raft.server.rpc.first-election.timeout.min = 5s (fallback to raft.server.rpc.timeout.min)
2023-06-02 19:46:37,295 [f5a51868-327c-422c-ad14-d572ec0233ee@group-0C580015AF9D-FollowerState] INFO  server.RaftServerConfigKeys (ConfUtils.java:logFallback(53)) - raft.server.rpc.first-election.timeout.max = 5200ms (fallback to raft.server.rpc.timeout.max)
2023-06-02 19:46:37,462 [60ac4d22-094a-4270-8266-44944d79861e@group-0C580015AF9D-FollowerState] INFO  impl.FollowerState (FollowerState.java:run(143)) - 60ac4d22-094a-4270-8266-44944d79861e@group-0C580015AF9D-FollowerState: change to CANDIDATE, lastRpcElapsedTime:5099743332ns, electionTimeout:5068ms
2023-06-02 19:46:37,464 [60ac4d22-094a-4270-8266-44944d79861e@group-0C580015AF9D-FollowerState] INFO  impl.RoleInfo (RoleInfo.java:shutdownFollowerState(110)) - 60ac4d22-094a-4270-8266-44944d79861e: shutdown 60ac4d22-094a-4270-8266-44944d79861e@group-0C580015AF9D-FollowerState
2023-06-02 19:46:37,464 [60ac4d22-094a-4270-8266-44944d79861e@group-0C580015AF9D-FollowerState] INFO  server.RaftServer$Division (RaftServerImpl.java:setRole(329)) - 60ac4d22-094a-4270-8266-44944d79861e@group-0C580015AF9D: changes role from  FOLLOWER to CANDIDATE at term 0 for changeToCandidate
2023-06-02 19:46:37,464 [60ac4d22-094a-4270-8266-44944d79861e@group-0C580015AF9D-FollowerState] INFO  server.RaftServerConfigKeys (ConfUtils.java:logGet(46)) - raft.server.leaderelection.pre-vote = true (default)
2023-06-02 19:46:37,464 [60ac4d22-094a-4270-8266-44944d79861e@group-0C580015AF9D-FollowerState] INFO  impl.RoleInfo (RoleInfo.java:updateAndGet(139)) - 60ac4d22-094a-4270-8266-44944d79861e: start 60ac4d22-094a-4270-8266-44944d79861e@group-0C580015AF9D-LeaderElection3
2023-06-02 19:46:37,468 [60ac4d22-094a-4270-8266-44944d79861e@group-0C580015AF9D-LeaderElection3] INFO  impl.LeaderElection (LeaderElection.java:askForVotes(321)) - 60ac4d22-094a-4270-8266-44944d79861e@group-0C580015AF9D-LeaderElection3 PRE_VOTE round 0: submit vote requests at term 0 for -1: peers:[60ac4d22-094a-4270-8266-44944d79861e|rpc:10.1.26.0:15032|admin:10.1.26.0:15031|client:10.1.26.0:15030|dataStream:10.1.26.0:15033|priority:1|startupRole:FOLLOWER, 9e7d7045-1d4c-4270-9434-63584a31babd|rpc:10.1.26.0:15014|admin:10.1.26.0:15013|client:10.1.26.0:15012|dataStream:10.1.26.0:15015|priority:0|startupRole:FOLLOWER, f5a51868-327c-422c-ad14-d572ec0233ee|rpc:10.1.26.0:15023|admin:10.1.26.0:15022|client:10.1.26.0:15021|dataStream:10.1.26.0:15024|priority:0|startupRole:FOLLOWER]|listeners:[], old=null
2023-06-02 19:46:37,470 [60ac4d22-094a-4270-8266-44944d79861e@group-0C580015AF9D-LeaderElection3] INFO  server.RaftServerConfigKeys (ConfUtils.java:logFallback(53)) - raft.server.rpc.first-election.timeout.min = 5s (fallback to raft.server.rpc.timeout.min)
2023-06-02 19:46:37,470 [60ac4d22-094a-4270-8266-44944d79861e@group-0C580015AF9D-LeaderElection3-1] INFO  server.GrpcServerProtocolClient (GrpcServerProtocolClient.java:<init>(65)) - Build channel for 9e7d7045-1d4c-4270-9434-63584a31babd
2023-06-02 19:46:37,470 [60ac4d22-094a-4270-8266-44944d79861e@group-0C580015AF9D-LeaderElection3] INFO  server.RaftServerConfigKeys (ConfUtils.java:logFallback(53)) - raft.server.rpc.first-election.timeout.max = 5200ms (fallback to raft.server.rpc.timeout.max)
2023-06-02 19:46:37,471 [60ac4d22-094a-4270-8266-44944d79861e@group-0C580015AF9D-LeaderElection3-2] INFO  server.GrpcServerProtocolClient (GrpcServerProtocolClient.java:<init>(65)) - Build channel for f5a51868-327c-422c-ad14-d572ec0233ee
2023-06-02 19:46:37,481 [grpc-default-executor-0] INFO  server.RaftServer$Division (RaftServerImpl.java:requestVote(1302)) - f5a51868-327c-422c-ad14-d572ec0233ee@group-0C580015AF9D: receive requestVote(PRE_VOTE, 60ac4d22-094a-4270-8266-44944d79861e, group-0C580015AF9D, 0, (t:0, i:0))
2023-06-02 19:46:37,482 [grpc-default-executor-0] INFO  impl.VoteContext (VoteContext.java:log(49)) - f5a51868-327c-422c-ad14-d572ec0233ee@group-0C580015AF9D-FOLLOWER: accept PRE_VOTE from 60ac4d22-094a-4270-8266-44944d79861e: our priority 0 <= candidate's priority 1
2023-06-02 19:46:37,482 [grpc-default-executor-0] INFO  server.RaftServer$Division (RaftServerImpl.java:requestVote(1335)) - f5a51868-327c-422c-ad14-d572ec0233ee@group-0C580015AF9D replies to PRE_VOTE vote request: 60ac4d22-094a-4270-8266-44944d79861e<-f5a51868-327c-422c-ad14-d572ec0233ee#0:OK-t0. Peer's state: f5a51868-327c-422c-ad14-d572ec0233ee@group-0C580015AF9D:t0, leader=null, voted=, raftlog=Memoized:f5a51868-327c-422c-ad14-d572ec0233ee@group-0C580015AF9D-SegmentedRaftLog:OPENED:c-1, conf=-1: peers:[60ac4d22-094a-4270-8266-44944d79861e|rpc:10.1.26.0:15032|admin:10.1.26.0:15031|client:10.1.26.0:15030|dataStream:10.1.26.0:15033|priority:1|startupRole:FOLLOWER, 9e7d7045-1d4c-4270-9434-63584a31babd|rpc:10.1.26.0:15014|admin:10.1.26.0:15013|client:10.1.26.0:15012|dataStream:10.1.26.0:15015|priority:0|startupRole:FOLLOWER, f5a51868-327c-422c-ad14-d572ec0233ee|rpc:10.1.26.0:15023|admin:10.1.26.0:15022|client:10.1.26.0:15021|dataStream:10.1.26.0:15024|priority:0|startupRole:FOLLOWER]|listeners:[], old=null
2023-06-02 19:46:37,483 [60ac4d22-094a-4270-8266-44944d79861e@group-0C580015AF9D-LeaderElection3] INFO  impl.LeaderElection (LeaderElection.java:logAndReturn(90)) - 60ac4d22-094a-4270-8266-44944d79861e@group-0C580015AF9D-LeaderElection3: PRE_VOTE PASSED received 1 response(s) and 0 exception(s):
2023-06-02 19:46:37,483 [60ac4d22-094a-4270-8266-44944d79861e@group-0C580015AF9D-LeaderElection3] INFO  impl.LeaderElection (LeaderElection.java:logAndReturn(94)) -   Response 0: 60ac4d22-094a-4270-8266-44944d79861e<-f5a51868-327c-422c-ad14-d572ec0233ee#0:OK-t0
2023-06-02 19:46:37,483 [60ac4d22-094a-4270-8266-44944d79861e@group-0C580015AF9D-LeaderElection3] INFO  impl.LeaderElection (LeaderElection.java:askForVotes(323)) - 60ac4d22-094a-4270-8266-44944d79861e@group-0C580015AF9D-LeaderElection3 PRE_VOTE round 0: result PASSED
2023-06-02 19:46:37,485 [60ac4d22-094a-4270-8266-44944d79861e@group-0C580015AF9D-LeaderElection3] INFO  impl.LeaderElection (LeaderElection.java:askForVotes(321)) - 60ac4d22-094a-4270-8266-44944d79861e@group-0C580015AF9D-LeaderElection3 ELECTION round 0: submit vote requests at term 1 for -1: peers:[60ac4d22-094a-4270-8266-44944d79861e|rpc:10.1.26.0:15032|admin:10.1.26.0:15031|client:10.1.26.0:15030|dataStream:10.1.26.0:15033|priority:1|startupRole:FOLLOWER, 9e7d7045-1d4c-4270-9434-63584a31babd|rpc:10.1.26.0:15014|admin:10.1.26.0:15013|client:10.1.26.0:15012|dataStream:10.1.26.0:15015|priority:0|startupRole:FOLLOWER, f5a51868-327c-422c-ad14-d572ec0233ee|rpc:10.1.26.0:15023|admin:10.1.26.0:15022|client:10.1.26.0:15021|dataStream:10.1.26.0:15024|priority:0|startupRole:FOLLOWER]|listeners:[], old=null
2023-06-02 19:46:37,489 [60ac4d22-094a-4270-8266-44944d79861e@group-0C580015AF9D-LeaderElection3] INFO  server.RaftServerConfigKeys (ConfUtils.java:logFallback(53)) - raft.server.rpc.first-election.timeout.min = 5s (fallback to raft.server.rpc.timeout.min)
2023-06-02 19:46:37,489 [60ac4d22-094a-4270-8266-44944d79861e@group-0C580015AF9D-LeaderElection3] INFO  server.RaftServerConfigKeys (ConfUtils.java:logFallback(53)) - raft.server.rpc.first-election.timeout.max = 5200ms (fallback to raft.server.rpc.timeout.max)
2023-06-02 19:46:37,494 [grpc-default-executor-0] INFO  server.RaftServer$Division (RaftServerImpl.java:requestVote(1302)) - f5a51868-327c-422c-ad14-d572ec0233ee@group-0C580015AF9D: receive requestVote(ELECTION, 60ac4d22-094a-4270-8266-44944d79861e, group-0C580015AF9D, 1, (t:0, i:0))
2023-06-02 19:46:37,495 [grpc-default-executor-0] INFO  impl.VoteContext (VoteContext.java:log(49)) - f5a51868-327c-422c-ad14-d572ec0233ee@group-0C580015AF9D-FOLLOWER: accept ELECTION from 60ac4d22-094a-4270-8266-44944d79861e: our priority 0 <= candidate's priority 1
2023-06-02 19:46:37,495 [grpc-default-executor-0] INFO  server.RaftServer$Division (RaftServerImpl.java:setRole(329)) - f5a51868-327c-422c-ad14-d572ec0233ee@group-0C580015AF9D: changes role from  FOLLOWER to FOLLOWER at term 1 for candidate:60ac4d22-094a-4270-8266-44944d79861e
2023-06-02 19:46:37,495 [grpc-default-executor-0] INFO  impl.RoleInfo (RoleInfo.java:shutdownFollowerState(110)) - f5a51868-327c-422c-ad14-d572ec0233ee: shutdown f5a51868-327c-422c-ad14-d572ec0233ee@group-0C580015AF9D-FollowerState
2023-06-02 19:46:37,495 [grpc-default-executor-0] INFO  impl.RoleInfo (RoleInfo.java:updateAndGet(139)) - f5a51868-327c-422c-ad14-d572ec0233ee: start f5a51868-327c-422c-ad14-d572ec0233ee@group-0C580015AF9D-FollowerState
2023-06-02 19:46:37,495 [f5a51868-327c-422c-ad14-d572ec0233ee@group-0C580015AF9D-FollowerState] INFO  impl.FollowerState (FollowerState.java:run(152)) - f5a51868-327c-422c-ad14-d572ec0233ee@group-0C580015AF9D-FollowerState was interrupted
2023-06-02 19:46:37,500 [grpc-default-executor-0] INFO  server.RaftServer$Division (RaftServerImpl.java:requestVote(1335)) - f5a51868-327c-422c-ad14-d572ec0233ee@group-0C580015AF9D replies to ELECTION vote request: 60ac4d22-094a-4270-8266-44944d79861e<-f5a51868-327c-422c-ad14-d572ec0233ee#0:OK-t1. Peer's state: f5a51868-327c-422c-ad14-d572ec0233ee@group-0C580015AF9D:t1, leader=null, voted=60ac4d22-094a-4270-8266-44944d79861e, raftlog=Memoized:f5a51868-327c-422c-ad14-d572ec0233ee@group-0C580015AF9D-SegmentedRaftLog:OPENED:c-1, conf=-1: peers:[60ac4d22-094a-4270-8266-44944d79861e|rpc:10.1.26.0:15032|admin:10.1.26.0:15031|client:10.1.26.0:15030|dataStream:10.1.26.0:15033|priority:1|startupRole:FOLLOWER, 9e7d7045-1d4c-4270-9434-63584a31babd|rpc:10.1.26.0:15014|admin:10.1.26.0:15013|client:10.1.26.0:15012|dataStream:10.1.26.0:15015|priority:0|startupRole:FOLLOWER, f5a51868-327c-422c-ad14-d572ec0233ee|rpc:10.1.26.0:15023|admin:10.1.26.0:15022|client:10.1.26.0:15021|dataStream:10.1.26.0:15024|priority:0|startupRole:FOLLOWER]|listeners:[], old=null
2023-06-02 19:46:37,506 [grpc-default-executor-1] INFO  server.RaftServer$Division (RaftServerImpl.java:requestVote(1302)) - 9e7d7045-1d4c-4270-9434-63584a31babd@group-0C580015AF9D: receive requestVote(ELECTION, 60ac4d22-094a-4270-8266-44944d79861e, group-0C580015AF9D, 1, (t:0, i:0))
2023-06-02 19:46:37,506 [grpc-default-executor-1] INFO  impl.VoteContext (VoteContext.java:log(49)) - 9e7d7045-1d4c-4270-9434-63584a31babd@group-0C580015AF9D-FOLLOWER: accept ELECTION from 60ac4d22-094a-4270-8266-44944d79861e: our priority 0 <= candidate's priority 1
2023-06-02 19:46:37,506 [grpc-default-executor-1] INFO  server.RaftServer$Division (RaftServerImpl.java:setRole(329)) - 9e7d7045-1d4c-4270-9434-63584a31babd@group-0C580015AF9D: changes role from  FOLLOWER to FOLLOWER at term 1 for candidate:60ac4d22-094a-4270-8266-44944d79861e
2023-06-02 19:46:37,506 [grpc-default-executor-1] INFO  impl.RoleInfo (RoleInfo.java:shutdownFollowerState(110)) - 9e7d7045-1d4c-4270-9434-63584a31babd: shutdown 9e7d7045-1d4c-4270-9434-63584a31babd@group-0C580015AF9D-FollowerState
2023-06-02 19:46:37,506 [grpc-default-executor-1] INFO  impl.RoleInfo (RoleInfo.java:updateAndGet(139)) - 9e7d7045-1d4c-4270-9434-63584a31babd: start 9e7d7045-1d4c-4270-9434-63584a31babd@group-0C580015AF9D-FollowerState
2023-06-02 19:46:37,506 [9e7d7045-1d4c-4270-9434-63584a31babd@group-0C580015AF9D-FollowerState] INFO  impl.FollowerState (FollowerState.java:run(152)) - 9e7d7045-1d4c-4270-9434-63584a31babd@group-0C580015AF9D-FollowerState was interrupted
2023-06-02 19:46:37,507 [grpc-default-executor-0] INFO  server.RaftServer$Division (RaftServerImpl.java:requestVote(1302)) - 9e7d7045-1d4c-4270-9434-63584a31babd@group-0C580015AF9D: receive requestVote(PRE_VOTE, 60ac4d22-094a-4270-8266-44944d79861e, group-0C580015AF9D, 0, (t:0, i:0))
2023-06-02 19:46:37,514 [60ac4d22-094a-4270-8266-44944d79861e@group-0C580015AF9D-LeaderElection3] INFO  impl.LeaderElection (LeaderElection.java:logAndReturn(90)) - 60ac4d22-094a-4270-8266-44944d79861e@group-0C580015AF9D-LeaderElection3: ELECTION PASSED received 1 response(s) and 0 exception(s):
2023-06-02 19:46:37,514 [60ac4d22-094a-4270-8266-44944d79861e@group-0C580015AF9D-LeaderElection3] INFO  impl.LeaderElection (LeaderElection.java:logAndReturn(94)) -   Response 0: 60ac4d22-094a-4270-8266-44944d79861e<-f5a51868-327c-422c-ad14-d572ec0233ee#0:OK-t1
2023-06-02 19:46:37,514 [60ac4d22-094a-4270-8266-44944d79861e@group-0C580015AF9D-LeaderElection3] INFO  impl.LeaderElection (LeaderElection.java:askForVotes(323)) - 60ac4d22-094a-4270-8266-44944d79861e@group-0C580015AF9D-LeaderElection3 ELECTION round 0: result PASSED
2023-06-02 19:46:37,514 [60ac4d22-094a-4270-8266-44944d79861e@group-0C580015AF9D-LeaderElection3] INFO  impl.RoleInfo (RoleInfo.java:shutdownLeaderElection(130)) - 60ac4d22-094a-4270-8266-44944d79861e: shutdown 60ac4d22-094a-4270-8266-44944d79861e@group-0C580015AF9D-LeaderElection3
2023-06-02 19:46:37,514 [60ac4d22-094a-4270-8266-44944d79861e@group-0C580015AF9D-LeaderElection3] INFO  server.RaftServer$Division (RaftServerImpl.java:setRole(329)) - 60ac4d22-094a-4270-8266-44944d79861e@group-0C580015AF9D: changes role from CANDIDATE to LEADER at term 1 for changeToLeader
2023-06-02 19:46:37,514 [60ac4d22-094a-4270-8266-44944d79861e@group-0C580015AF9D-LeaderElection3] INFO  ratis.XceiverServerRatis (XceiverServerRatis.java:handleLeaderChangedNotification(902)) - Leader change notification received for group: group-0C580015AF9D with new leaderId: 60ac4d22-094a-4270-8266-44944d79861e
2023-06-02 19:46:37,517 [grpc-default-executor-1] INFO  server.RaftServer$Division (RaftServerImpl.java:requestVote(1335)) - 9e7d7045-1d4c-4270-9434-63584a31babd@group-0C580015AF9D replies to ELECTION vote request: 60ac4d22-094a-4270-8266-44944d79861e<-9e7d7045-1d4c-4270-9434-63584a31babd#0:OK-t1. Peer's state: 9e7d7045-1d4c-4270-9434-63584a31babd@group-0C580015AF9D:t1, leader=null, voted=60ac4d22-094a-4270-8266-44944d79861e, raftlog=Memoized:9e7d7045-1d4c-4270-9434-63584a31babd@group-0C580015AF9D-SegmentedRaftLog:OPENED:c-1, conf=-1: peers:[60ac4d22-094a-4270-8266-44944d79861e|rpc:10.1.26.0:15032|admin:10.1.26.0:15031|client:10.1.26.0:15030|dataStream:10.1.26.0:15033|priority:1|startupRole:FOLLOWER, 9e7d7045-1d4c-4270-9434-63584a31babd|rpc:10.1.26.0:15014|admin:10.1.26.0:15013|client:10.1.26.0:15012|dataStream:10.1.26.0:15015|priority:0|startupRole:FOLLOWER, f5a51868-327c-422c-ad14-d572ec0233ee|rpc:10.1.26.0:15023|admin:10.1.26.0:15022|client:10.1.26.0:15021|dataStream:10.1.26.0:15024|priority:0|startupRole:FOLLOWER]|listeners:[], old=null
2023-06-02 19:46:37,517 [60ac4d22-094a-4270-8266-44944d79861e@group-0C580015AF9D-LeaderElection3] INFO  server.RaftServer$Division (ServerState.java:setLeader(317)) - 60ac4d22-094a-4270-8266-44944d79861e@group-0C580015AF9D: change Leader from null to 60ac4d22-094a-4270-8266-44944d79861e at term 1 for becomeLeader, leader elected after 5191ms
2023-06-02 19:46:37,517 [60ac4d22-094a-4270-8266-44944d79861e@group-0C580015AF9D-LeaderElection3] INFO  server.RaftServerConfigKeys (ConfUtils.java:logGet(46)) - raft.server.staging.catchup.gap = 1000 (default)
2023-06-02 19:46:37,517 [60ac4d22-094a-4270-8266-44944d79861e@group-0C580015AF9D-LeaderElection3] INFO  server.RaftServerConfigKeys (ConfUtils.java:logGet(46)) - raft.server.write.element-limit = 1024 (custom)
2023-06-02 19:46:37,518 [60ac4d22-094a-4270-8266-44944d79861e@group-0C580015AF9D-LeaderElection3] INFO  server.RaftServerConfigKeys (ConfUtils.java:logGet(46)) - raft.server.write.byte-limit = 1024 M (=1073741824) (custom)
2023-06-02 19:46:37,518 [60ac4d22-094a-4270-8266-44944d79861e@group-0C580015AF9D-LeaderElection3] INFO  server.RaftServerConfigKeys (ConfUtils.java:logGet(46)) - raft.server.watch.timeout = 180s (custom)
2023-06-02 19:46:37,518 [60ac4d22-094a-4270-8266-44944d79861e@group-0C580015AF9D-LeaderElection3] INFO  server.RaftServerConfigKeys (ConfUtils.java:logGet(46)) - raft.server.watch.timeout.denomination = 1s (default)
2023-06-02 19:46:37,518 [60ac4d22-094a-4270-8266-44944d79861e@group-0C580015AF9D-LeaderElection3] INFO  server.RaftServerConfigKeys (ConfUtils.java:logGet(46)) - raft.server.watch.element-limit = 65536 (default)
2023-06-02 19:46:37,518 [60ac4d22-094a-4270-8266-44944d79861e@group-0C580015AF9D-LeaderElection3] INFO  server.RaftServerConfigKeys (ConfUtils.java:logGet(46)) - raft.server.write.element-limit = 1024 (custom)
2023-06-02 19:46:37,518 [60ac4d22-094a-4270-8266-44944d79861e@group-0C580015AF9D-LeaderElection3] INFO  server.RaftServerConfigKeys (ConfUtils.java:logGet(46)) - raft.server.write.follower.gap.ratio.max = -1.0 (default)
2023-06-02 19:46:37,520 [grpc-default-executor-0] INFO  impl.VoteContext (VoteContext.java:log(49)) - 9e7d7045-1d4c-4270-9434-63584a31babd@group-0C580015AF9D-FOLLOWER: accept PRE_VOTE from 60ac4d22-094a-4270-8266-44944d79861e: our priority 0 <= candidate's priority 1
2023-06-02 19:46:37,520 [grpc-default-executor-0] INFO  server.RaftServer$Division (RaftServerImpl.java:requestVote(1335)) - 9e7d7045-1d4c-4270-9434-63584a31babd@group-0C580015AF9D replies to PRE_VOTE vote request: 60ac4d22-094a-4270-8266-44944d79861e<-9e7d7045-1d4c-4270-9434-63584a31babd#0:OK-t1. Peer's state: 9e7d7045-1d4c-4270-9434-63584a31babd@group-0C580015AF9D:t1, leader=null, voted=60ac4d22-094a-4270-8266-44944d79861e, raftlog=Memoized:9e7d7045-1d4c-4270-9434-63584a31babd@group-0C580015AF9D-SegmentedRaftLog:OPENED:c-1, conf=-1: peers:[60ac4d22-094a-4270-8266-44944d79861e|rpc:10.1.26.0:15032|admin:10.1.26.0:15031|client:10.1.26.0:15030|dataStream:10.1.26.0:15033|priority:1|startupRole:FOLLOWER, 9e7d7045-1d4c-4270-9434-63584a31babd|rpc:10.1.26.0:15014|admin:10.1.26.0:15013|client:10.1.26.0:15012|dataStream:10.1.26.0:15015|priority:0|startupRole:FOLLOWER, f5a51868-327c-422c-ad14-d572ec0233ee|rpc:10.1.26.0:15023|admin:10.1.26.0:15022|client:10.1.26.0:15021|dataStream:10.1.26.0:15024|priority:0|startupRole:FOLLOWER]|listeners:[], old=null
2023-06-02 19:46:37,520 [EventQueue-PipelineReportForPipelineReportHandler] INFO  pipeline.PipelineManagerImpl (PipelineManagerImpl.java:openPipeline(367)) - Pipeline Pipeline[ Id: afbb03c3-0d6a-47c3-950c-0c580015af9d, Nodes: 9e7d7045-1d4c-4270-9434-63584a31babd(fv-az459-618.msq0az1vewme3jsxyslsv0htic.jx.internal.cloudapp.net/10.1.26.0)f5a51868-327c-422c-ad14-d572ec0233ee(fv-az459-618.msq0az1vewme3jsxyslsv0htic.jx.internal.cloudapp.net/10.1.26.0)60ac4d22-094a-4270-8266-44944d79861e(fv-az459-618.msq0az1vewme3jsxyslsv0htic.jx.internal.cloudapp.net/10.1.26.0), ReplicationConfig: RATIS/THREE, State:ALLOCATED, leaderId:60ac4d22-094a-4270-8266-44944d79861e, CreationTimestamp2023-06-02T19:46:29.493Z[Etc/UTC]] moved to OPEN state
2023-06-02 19:46:37,543 [EventQueue-OpenPipelineForHealthyPipelineSafeModeRule] INFO  safemode.SCMSafeModeManager (HealthyPipelineSafeModeRule.java:process(137)) - SCM in safe mode. Healthy pipelines reported count is 1, required healthy pipeline reported count is 1
2023-06-02 19:46:37,543 [EventQueue-OpenPipelineForHealthyPipelineSafeModeRule] INFO  safemode.SCMSafeModeManager (SCMSafeModeManager.java:validateSafeModeExitRules(200)) - HealthyPipelineSafeModeRule rule is successfully validated
2023-06-02 19:46:37,543 [EventQueue-OpenPipelineForHealthyPipelineSafeModeRule] INFO  safemode.SCMSafeModeManager (SCMSafeModeManager.java:validateSafeModeExitRules(215)) - ScmSafeModeManager, all rules are successfully validated
2023-06-02 19:46:37,543 [EventQueue-OpenPipelineForHealthyPipelineSafeModeRule] INFO  safemode.SCMSafeModeManager (SCMSafeModeManager.java:exitSafeMode(244)) - SCM exiting safe mode.
2023-06-02 19:46:37,543 [EventQueue-OpenPipelineForHealthyPipelineSafeModeRule] INFO  ha.SCMContext (SCMContext.java:updateSafeModeStatus(228)) - Update SafeModeStatus from SafeModeStatus{safeModeStatus=true, preCheckPassed=true} to SafeModeStatus{safeModeStatus=false, preCheckPassed=true}.
2023-06-02 19:46:37,543 [EventQueue-OpenPipelineForHealthyPipelineSafeModeRule] INFO  pipeline.BackgroundPipelineCreator (BackgroundPipelineCreator.java:notifyStatusChanged(254)) - Service BackgroundPipelineCreator transitions to RUNNING.
2023-06-02 19:46:37,543 [EventQueue-OpenPipelineForHealthyPipelineSafeModeRule] INFO  BackgroundPipelineScrubber (BackgroundSCMService.java:notifyStatusChanged(82)) - Service BackgroundPipelineScrubber transitions to RUNNING.
2023-06-02 19:46:37,543 [EventQueue-OpenPipelineForHealthyPipelineSafeModeRule] INFO  ExpiredContainerReplicaOpScrubber (BackgroundSCMService.java:notifyStatusChanged(82)) - Service ExpiredContainerReplicaOpScrubber transitions to RUNNING.
2023-06-02 19:46:37,543 [EventQueue-OpenPipelineForHealthyPipelineSafeModeRule] INFO  replication.ReplicationManager (ReplicationManager.java:notifyStatusChanged(1369)) - Service ReplicationManager transitions to RUNNING.
2023-06-02 19:46:37,549 [EventQueue-OpenPipelineForHealthyPipelineSafeModeRule] WARN  balancer.ContainerBalancer (ContainerBalancer.java:shouldRun(135)) - Could not find persisted configuration for ContainerBalancer when checking if ContainerBalancer should run. ContainerBalancer should not run now.
2023-06-02 19:46:37,552 [f5a51868-327c-422c-ad14-d572ec0233ee@group-498250132DE1-FollowerState] INFO  impl.FollowerState (FollowerState.java:run(143)) - f5a51868-327c-422c-ad14-d572ec0233ee@group-498250132DE1-FollowerState: change to CANDIDATE, lastRpcElapsedTime:5103214412ns, electionTimeout:5071ms
2023-06-02 19:46:37,553 [f5a51868-327c-422c-ad14-d572ec0233ee@group-498250132DE1-FollowerState] INFO  impl.RoleInfo (RoleInfo.java:shutdownFollowerState(110)) - f5a51868-327c-422c-ad14-d572ec0233ee: shutdown f5a51868-327c-422c-ad14-d572ec0233ee@group-498250132DE1-FollowerState
2023-06-02 19:46:37,553 [f5a51868-327c-422c-ad14-d572ec0233ee@group-498250132DE1-FollowerState] INFO  server.RaftServer$Division (RaftServerImpl.java:setRole(329)) - f5a51868-327c-422c-ad14-d572ec0233ee@group-498250132DE1: changes role from  FOLLOWER to CANDIDATE at term 0 for changeToCandidate
2023-06-02 19:46:37,553 [f5a51868-327c-422c-ad14-d572ec0233ee@group-498250132DE1-FollowerState] INFO  server.RaftServerConfigKeys (ConfUtils.java:logGet(46)) - raft.server.leaderelection.pre-vote = true (default)
2023-06-02 19:46:37,553 [f5a51868-327c-422c-ad14-d572ec0233ee@group-498250132DE1-FollowerState] INFO  impl.RoleInfo (RoleInfo.java:updateAndGet(139)) - f5a51868-327c-422c-ad14-d572ec0233ee: start f5a51868-327c-422c-ad14-d572ec0233ee@group-498250132DE1-LeaderElection4
2023-06-02 19:46:37,562 [f5a51868-327c-422c-ad14-d572ec0233ee@group-498250132DE1-LeaderElection4] INFO  impl.LeaderElection (LeaderElection.java:askForVotes(321)) - f5a51868-327c-422c-ad14-d572ec0233ee@group-498250132DE1-LeaderElection4 PRE_VOTE round 0: submit vote requests at term 0 for -1: peers:[60ac4d22-094a-4270-8266-44944d79861e|rpc:10.1.26.0:15032|admin:10.1.26.0:15031|client:10.1.26.0:15030|dataStream:10.1.26.0:15033|priority:0|startupRole:FOLLOWER, 9e7d7045-1d4c-4270-9434-63584a31babd|rpc:10.1.26.0:15014|admin:10.1.26.0:15013|client:10.1.26.0:15012|dataStream:10.1.26.0:15015|priority:1|startupRole:FOLLOWER, f5a51868-327c-422c-ad14-d572ec0233ee|rpc:10.1.26.0:15023|admin:10.1.26.0:15022|client:10.1.26.0:15021|dataStream:10.1.26.0:15024|priority:0|startupRole:FOLLOWER]|listeners:[], old=null
2023-06-02 19:46:37,562 [f5a51868-327c-422c-ad14-d572ec0233ee@group-498250132DE1-LeaderElection4-1] INFO  server.GrpcServerProtocolClient (GrpcServerProtocolClient.java:<init>(65)) - Build channel for 60ac4d22-094a-4270-8266-44944d79861e
2023-06-02 19:46:37,563 [f5a51868-327c-422c-ad14-d572ec0233ee@group-498250132DE1-LeaderElection4] INFO  server.RaftServerConfigKeys (ConfUtils.java:logFallback(53)) - raft.server.rpc.first-election.timeout.min = 5s (fallback to raft.server.rpc.timeout.min)
2023-06-02 19:46:37,563 [f5a51868-327c-422c-ad14-d572ec0233ee@group-498250132DE1-LeaderElection4-2] INFO  server.GrpcServerProtocolClient (GrpcServerProtocolClient.java:<init>(65)) - Build channel for 9e7d7045-1d4c-4270-9434-63584a31babd
2023-06-02 19:46:37,566 [60ac4d22-094a-4270-8266-44944d79861e@group-0C580015AF9D-LeaderElection3] INFO  server.RaftServerConfigKeys (ConfUtils.java:logGet(46)) - raft.server.log.appender.snapshot.chunk.size.max = 16MB (=16777216) (default)
2023-06-02 19:46:37,571 [60ac4d22-094a-4270-8266-44944d79861e@group-0C580015AF9D-LeaderElection3] INFO  server.RaftServerConfigKeys (ConfUtils.java:logGet(46)) - raft.server.log.appender.buffer.byte-limit = 33554432 (custom)
2023-06-02 19:46:37,571 [60ac4d22-094a-4270-8266-44944d79861e@group-0C580015AF9D-LeaderElection3] INFO  server.RaftServerConfigKeys (ConfUtils.java:logGet(46)) - raft.server.log.appender.buffer.element-limit = 1 (custom)
2023-06-02 19:46:37,563 [f5a51868-327c-422c-ad14-d572ec0233ee@group-498250132DE1-LeaderElection4] INFO  server.RaftServerConfigKeys (ConfUtils.java:logFallback(53)) - raft.server.rpc.first-election.timeout.max = 5200ms (fallback to raft.server.rpc.timeout.max)
2023-06-02 19:46:37,578 [60ac4d22-094a-4270-8266-44944d79861e@group-0C580015AF9D-LeaderElection3] INFO  server.RaftServerConfigKeys (ConfUtils.java:logGet(46)) - raft.server.log.appender.wait-time.min = 10ms (default)
2023-06-02 19:46:37,578 [grpc-default-executor-0] INFO  server.RaftServer$Division (RaftServerImpl.java:requestVote(1302)) - 60ac4d22-094a-4270-8266-44944d79861e@group-498250132DE1: receive requestVote(PRE_VOTE, f5a51868-327c-422c-ad14-d572ec0233ee, group-498250132DE1, 0, (t:0, i:0))
2023-06-02 19:46:37,578 [grpc-default-executor-0] INFO  impl.VoteContext (VoteContext.java:log(49)) - 60ac4d22-094a-4270-8266-44944d79861e@group-498250132DE1-FOLLOWER: accept PRE_VOTE from f5a51868-327c-422c-ad14-d572ec0233ee: our priority 0 <= candidate's priority 0
2023-06-02 19:46:37,579 [grpc-default-executor-0] INFO  server.RaftServer$Division (RaftServerImpl.java:requestVote(1335)) - 60ac4d22-094a-4270-8266-44944d79861e@group-498250132DE1 replies to PRE_VOTE vote request: f5a51868-327c-422c-ad14-d572ec0233ee<-60ac4d22-094a-4270-8266-44944d79861e#0:OK-t0. Peer's state: 60ac4d22-094a-4270-8266-44944d79861e@group-498250132DE1:t0, leader=null, voted=, raftlog=Memoized:60ac4d22-094a-4270-8266-44944d79861e@group-498250132DE1-SegmentedRaftLog:OPENED:c-1, conf=-1: peers:[60ac4d22-094a-4270-8266-44944d79861e|rpc:10.1.26.0:15032|admin:10.1.26.0:15031|client:10.1.26.0:15030|dataStream:10.1.26.0:15033|priority:0|startupRole:FOLLOWER, 9e7d7045-1d4c-4270-9434-63584a31babd|rpc:10.1.26.0:15014|admin:10.1.26.0:15013|client:10.1.26.0:15012|dataStream:10.1.26.0:15015|priority:1|startupRole:FOLLOWER, f5a51868-327c-422c-ad14-d572ec0233ee|rpc:10.1.26.0:15023|admin:10.1.26.0:15022|client:10.1.26.0:15021|dataStream:10.1.26.0:15024|priority:0|startupRole:FOLLOWER]|listeners:[], old=null
2023-06-02 19:46:37,579 [60ac4d22-094a-4270-8266-44944d79861e@group-0C580015AF9D-LeaderElection3] INFO  grpc.GrpcConfigKeys (ConfUtils.java:logGet(46)) - raft.grpc.server.leader.outstanding.appends.max = 128 (default)
2023-06-02 19:46:37,579 [60ac4d22-094a-4270-8266-44944d79861e@group-0C580015AF9D-LeaderElection3] INFO  server.RaftServerConfigKeys (ConfUtils.java:logGet(46)) - raft.server.rpc.request.timeout = 60s (custom)
2023-06-02 19:46:37,580 [60ac4d22-094a-4270-8266-44944d79861e@group-0C580015AF9D-LeaderElection3] INFO  grpc.GrpcConfigKeys (ConfUtils.java:logGet(46)) - raft.grpc.server.install_snapshot.request.element-limit = 8 (default)
2023-06-02 19:46:37,580 [60ac4d22-094a-4270-8266-44944d79861e@group-0C580015AF9D-LeaderElection3] INFO  grpc.GrpcConfigKeys (ConfUtils.java:logGet(46)) - raft.grpc.server.install_snapshot.request.timeout = 3000ms (default)
2023-06-02 19:46:37,580 [60ac4d22-094a-4270-8266-44944d79861e@group-0C580015AF9D-LeaderElection3] INFO  server.RaftServerConfigKeys (ConfUtils.java:logGet(46)) - raft.server.log.appender.install.snapshot.enabled = false (custom)
2023-06-02 19:46:37,581 [60ac4d22-094a-4270-8266-44944d79861e@group-0C580015AF9D-LeaderElection3] INFO  grpc.GrpcConfigKeys (ConfUtils.java:logGet(46)) - raft.grpc.server.heartbeat.channel = true (default)
2023-06-02 19:46:37,590 [grpc-default-executor-0] INFO  server.RaftServer$Division (RaftServerImpl.java:requestVote(1302)) - 9e7d7045-1d4c-4270-9434-63584a31babd@group-498250132DE1: receive requestVote(PRE_VOTE, f5a51868-327c-422c-ad14-d572ec0233ee, group-498250132DE1, 0, (t:0, i:0))
2023-06-02 19:46:37,590 [grpc-default-executor-0] INFO  impl.VoteContext (VoteContext.java:log(49)) - 9e7d7045-1d4c-4270-9434-63584a31babd@group-498250132DE1-FOLLOWER: reject PRE_VOTE from f5a51868-327c-422c-ad14-d572ec0233ee: our priority 1 > candidate's priority 0
2023-06-02 19:46:37,590 [grpc-default-executor-0] INFO  server.RaftServer$Division (RaftServerImpl.java:requestVote(1335)) - 9e7d7045-1d4c-4270-9434-63584a31babd@group-498250132DE1 replies to PRE_VOTE vote request: f5a51868-327c-422c-ad14-d572ec0233ee<-9e7d7045-1d4c-4270-9434-63584a31babd#0:FAIL-t0. Peer's state: 9e7d7045-1d4c-4270-9434-63584a31babd@group-498250132DE1:t0, leader=null, voted=, raftlog=Memoized:9e7d7045-1d4c-4270-9434-63584a31babd@group-498250132DE1-SegmentedRaftLog:OPENED:c-1, conf=-1: peers:[60ac4d22-094a-4270-8266-44944d79861e|rpc:10.1.26.0:15032|admin:10.1.26.0:15031|client:10.1.26.0:15030|dataStream:10.1.26.0:15033|priority:0|startupRole:FOLLOWER, 9e7d7045-1d4c-4270-9434-63584a31babd|rpc:10.1.26.0:15014|admin:10.1.26.0:15013|client:10.1.26.0:15012|dataStream:10.1.26.0:15015|priority:1|startupRole:FOLLOWER, f5a51868-327c-422c-ad14-d572ec0233ee|rpc:10.1.26.0:15023|admin:10.1.26.0:15022|client:10.1.26.0:15021|dataStream:10.1.26.0:15024|priority:0|startupRole:FOLLOWER]|listeners:[], old=null
2023-06-02 19:46:37,601 [60ac4d22-094a-4270-8266-44944d79861e@group-0C580015AF9D-LeaderElection3] INFO  server.RaftServerConfigKeys (ConfUtils.java:logGet(46)) - raft.server.log.appender.snapshot.chunk.size.max = 16MB (=16777216) (default)
2023-06-02 19:46:37,601 [60ac4d22-094a-4270-8266-44944d79861e@group-0C580015AF9D-LeaderElection3] INFO  server.RaftServerConfigKeys (ConfUtils.java:logGet(46)) - raft.server.log.appender.buffer.byte-limit = 33554432 (custom)
2023-06-02 19:46:37,601 [60ac4d22-094a-4270-8266-44944d79861e@group-0C580015AF9D-LeaderElection3] INFO  server.RaftServerConfigKeys (ConfUtils.java:logGet(46)) - raft.server.log.appender.buffer.element-limit = 1 (custom)
2023-06-02 19:46:37,601 [60ac4d22-094a-4270-8266-44944d79861e@group-0C580015AF9D-LeaderElection3] INFO  server.RaftServerConfigKeys (ConfUtils.java:logGet(46)) - raft.server.log.appender.wait-time.min = 10ms (default)
2023-06-02 19:46:37,601 [60ac4d22-094a-4270-8266-44944d79861e@group-0C580015AF9D-LeaderElection3] INFO  grpc.GrpcConfigKeys (ConfUtils.java:logGet(46)) - raft.grpc.server.leader.outstanding.appends.max = 128 (default)
2023-06-02 19:46:37,601 [60ac4d22-094a-4270-8266-44944d79861e@group-0C580015AF9D-LeaderElection3] INFO  server.RaftServerConfigKeys (ConfUtils.java:logGet(46)) - raft.server.rpc.request.timeout = 60s (custom)
2023-06-02 19:46:37,601 [60ac4d22-094a-4270-8266-44944d79861e@group-0C580015AF9D-LeaderElection3] INFO  grpc.GrpcConfigKeys (ConfUtils.java:logGet(46)) - raft.grpc.server.install_snapshot.request.element-limit = 8 (default)
2023-06-02 19:46:37,602 [60ac4d22-094a-4270-8266-44944d79861e@group-0C580015AF9D-LeaderElection3] INFO  grpc.GrpcConfigKeys (ConfUtils.java:logGet(46)) - raft.grpc.server.install_snapshot.request.timeout = 3000ms (default)
2023-06-02 19:46:37,602 [60ac4d22-094a-4270-8266-44944d79861e@group-0C580015AF9D-LeaderElection3] INFO  server.RaftServerConfigKeys (ConfUtils.java:logGet(46)) - raft.server.log.appender.install.snapshot.enabled = false (custom)
2023-06-02 19:46:37,602 [60ac4d22-094a-4270-8266-44944d79861e@group-0C580015AF9D-LeaderElection3] INFO  grpc.GrpcConfigKeys (ConfUtils.java:logGet(46)) - raft.grpc.server.heartbeat.channel = true (default)
2023-06-02 19:46:37,603 [60ac4d22-094a-4270-8266-44944d79861e@group-0C580015AF9D-LeaderElection3] INFO  impl.RoleInfo (RoleInfo.java:updateAndGet(139)) - 60ac4d22-094a-4270-8266-44944d79861e: start 60ac4d22-094a-4270-8266-44944d79861e@group-0C580015AF9D-LeaderStateImpl
2023-06-02 19:46:37,606 [60ac4d22-094a-4270-8266-44944d79861e@group-0C580015AF9D-LeaderElection3] INFO  segmented.SegmentedRaftLogWorker (SegmentedRaftLogWorker.java:startLogSegment(447)) - 60ac4d22-094a-4270-8266-44944d79861e@group-0C580015AF9D-SegmentedRaftLogWorker: Starting segment from index:0
2023-06-02 19:46:37,608 [f5a51868-327c-422c-ad14-d572ec0233ee@group-498250132DE1-LeaderElection4] INFO  impl.LeaderElection (LeaderElection.java:logAndReturn(90)) - f5a51868-327c-422c-ad14-d572ec0233ee@group-498250132DE1-LeaderElection4: PRE_VOTE REJECTED received 2 response(s) and 0 exception(s):
2023-06-02 19:46:37,608 [f5a51868-327c-422c-ad14-d572ec0233ee@group-498250132DE1-LeaderElection4] INFO  impl.LeaderElection (LeaderElection.java:logAndReturn(94)) -   Response 0: f5a51868-327c-422c-ad14-d572ec0233ee<-60ac4d22-094a-4270-8266-44944d79861e#0:OK-t0
2023-06-02 19:46:37,608 [f5a51868-327c-422c-ad14-d572ec0233ee@group-498250132DE1-LeaderElection4] INFO  impl.LeaderElection (LeaderElection.java:logAndReturn(94)) -   Response 1: f5a51868-327c-422c-ad14-d572ec0233ee<-9e7d7045-1d4c-4270-9434-63584a31babd#0:FAIL-t0
2023-06-02 19:46:37,608 [60ac4d22-094a-4270-8266-44944d79861e@group-0C580015AF9D-SegmentedRaftLogWorker] INFO  segmented.SegmentedRaftLogWorker (SegmentedRaftLogWorker.java:execute(651)) - 60ac4d22-094a-4270-8266-44944d79861e@group-0C580015AF9D-SegmentedRaftLogWorker: created new log segment /home/runner/work/ozone/ozone/hadoop-ozone/integration-test/target/test-dir/MiniOzoneClusterImpl-e4789928-4fd4-479e-857e-ac334458de01/datanode-2/data/ratis/afbb03c3-0d6a-47c3-950c-0c580015af9d/current/log_inprogress_0
2023-06-02 19:46:37,615 [60ac4d22-094a-4270-8266-44944d79861e@group-0C580015AF9D-LeaderElection3] INFO  server.RaftServer$Division (ServerState.java:setRaftConf(434)) - 60ac4d22-094a-4270-8266-44944d79861e@group-0C580015AF9D: set configuration 0: peers:[60ac4d22-094a-4270-8266-44944d79861e|rpc:10.1.26.0:15032|admin:10.1.26.0:15031|client:10.1.26.0:15030|dataStream:10.1.26.0:15033|priority:1|startupRole:FOLLOWER, 9e7d7045-1d4c-4270-9434-63584a31babd|rpc:10.1.26.0:15014|admin:10.1.26.0:15013|client:10.1.26.0:15012|dataStream:10.1.26.0:15015|priority:0|startupRole:FOLLOWER, f5a51868-327c-422c-ad14-d572ec0233ee|rpc:10.1.26.0:15023|admin:10.1.26.0:15022|client:10.1.26.0:15021|dataStream:10.1.26.0:15024|priority:0|startupRole:FOLLOWER]|listeners:[], old=null
2023-06-02 19:46:37,618 [f5a51868-327c-422c-ad14-d572ec0233ee@group-498250132DE1-LeaderElection4] INFO  impl.LeaderElection (LeaderElection.java:askForVotes(323)) - f5a51868-327c-422c-ad14-d572ec0233ee@group-498250132DE1-LeaderElection4 PRE_VOTE round 0: result REJECTED
2023-06-02 19:46:37,619 [f5a51868-327c-422c-ad14-d572ec0233ee@group-498250132DE1-LeaderElection4] INFO  server.RaftServer$Division (RaftServerImpl.java:setRole(329)) - f5a51868-327c-422c-ad14-d572ec0233ee@group-498250132DE1: changes role from CANDIDATE to FOLLOWER at term 0 for REJECTED
2023-06-02 19:46:37,623 [f5a51868-327c-422c-ad14-d572ec0233ee@group-498250132DE1-LeaderElection4] INFO  impl.RoleInfo (RoleInfo.java:shutdownLeaderElection(130)) - f5a51868-327c-422c-ad14-d572ec0233ee: shutdown f5a51868-327c-422c-ad14-d572ec0233ee@group-498250132DE1-LeaderElection4
2023-06-02 19:46:37,623 [f5a51868-327c-422c-ad14-d572ec0233ee@group-498250132DE1-LeaderElection4] INFO  impl.RoleInfo (RoleInfo.java:updateAndGet(139)) - f5a51868-327c-422c-ad14-d572ec0233ee: start f5a51868-327c-422c-ad14-d572ec0233ee@group-498250132DE1-FollowerState
2023-06-02 19:46:37,648 [60ac4d22-094a-4270-8266-44944d79861e@group-498250132DE1-FollowerState] INFO  server.RaftServerConfigKeys (ConfUtils.java:logFallback(53)) - raft.server.rpc.first-election.timeout.min = 5s (fallback to raft.server.rpc.timeout.min)
2023-06-02 19:46:37,650 [60ac4d22-094a-4270-8266-44944d79861e@group-498250132DE1-FollowerState] INFO  server.RaftServerConfigKeys (ConfUtils.java:logFallback(53)) - raft.server.rpc.first-election.timeout.max = 5200ms (fallback to raft.server.rpc.timeout.max)
2023-06-02 19:46:37,686 [9e7d7045-1d4c-4270-9434-63584a31babd-server-thread1] INFO  ratis.XceiverServerRatis (XceiverServerRatis.java:handleLeaderChangedNotification(902)) - Leader change notification received for group: group-0C580015AF9D with new leaderId: 60ac4d22-094a-4270-8266-44944d79861e
2023-06-02 19:46:37,686 [9e7d7045-1d4c-4270-9434-63584a31babd-server-thread1] INFO  server.RaftServer$Division (ServerState.java:setLeader(317)) - 9e7d7045-1d4c-4270-9434-63584a31babd@group-0C580015AF9D: change Leader from null to 60ac4d22-094a-4270-8266-44944d79861e at term 1 for appendEntries, leader elected after 6172ms
2023-06-02 19:46:37,686 [f5a51868-327c-422c-ad14-d572ec0233ee-server-thread2] INFO  ratis.XceiverServerRatis (XceiverServerRatis.java:handleLeaderChangedNotification(902)) - Leader change notification received for group: group-0C580015AF9D with new leaderId: 60ac4d22-094a-4270-8266-44944d79861e
2023-06-02 19:46:37,687 [f5a51868-327c-422c-ad14-d572ec0233ee-server-thread2] INFO  server.RaftServer$Division (ServerState.java:setLeader(317)) - f5a51868-327c-422c-ad14-d572ec0233ee@group-0C580015AF9D: change Leader from null to 60ac4d22-094a-4270-8266-44944d79861e at term 1 for appendEntries, leader elected after 5561ms
2023-06-02 19:46:37,693 [f5a51868-327c-422c-ad14-d572ec0233ee-server-thread2] INFO  server.RaftServer$Division (ServerState.java:setRaftConf(434)) - f5a51868-327c-422c-ad14-d572ec0233ee@group-0C580015AF9D: set configuration 0: peers:[60ac4d22-094a-4270-8266-44944d79861e|rpc:10.1.26.0:15032|admin:10.1.26.0:15031|client:10.1.26.0:15030|dataStream:10.1.26.0:15033|priority:1|startupRole:FOLLOWER, 9e7d7045-1d4c-4270-9434-63584a31babd|rpc:10.1.26.0:15014|admin:10.1.26.0:15013|client:10.1.26.0:15012|dataStream:10.1.26.0:15015|priority:0|startupRole:FOLLOWER, f5a51868-327c-422c-ad14-d572ec0233ee|rpc:10.1.26.0:15023|admin:10.1.26.0:15022|client:10.1.26.0:15021|dataStream:10.1.26.0:15024|priority:0|startupRole:FOLLOWER]|listeners:[], old=null
2023-06-02 19:46:37,693 [f5a51868-327c-422c-ad14-d572ec0233ee-server-thread2] INFO  segmented.SegmentedRaftLogWorker (SegmentedRaftLogWorker.java:startLogSegment(447)) - f5a51868-327c-422c-ad14-d572ec0233ee@group-0C580015AF9D-SegmentedRaftLogWorker: Starting segment from index:0
2023-06-02 19:46:37,705 [f5a51868-327c-422c-ad14-d572ec0233ee@group-0C580015AF9D-SegmentedRaftLogWorker] INFO  segmented.SegmentedRaftLogWorker (SegmentedRaftLogWorker.java:execute(651)) - f5a51868-327c-422c-ad14-d572ec0233ee@group-0C580015AF9D-SegmentedRaftLogWorker: created new log segment /home/runner/work/ozone/ozone/hadoop-ozone/integration-test/target/test-dir/MiniOzoneClusterImpl-e4789928-4fd4-479e-857e-ac334458de01/datanode-1/data/ratis/afbb03c3-0d6a-47c3-950c-0c580015af9d/current/log_inprogress_0
2023-06-02 19:46:37,729 [9e7d7045-1d4c-4270-9434-63584a31babd@group-498250132DE1-FollowerState] INFO  impl.FollowerState (FollowerState.java:run(143)) - 9e7d7045-1d4c-4270-9434-63584a31babd@group-498250132DE1-FollowerState: change to CANDIDATE, lastRpcElapsedTime:5166581699ns, electionTimeout:5134ms
2023-06-02 19:46:37,730 [9e7d7045-1d4c-4270-9434-63584a31babd-server-thread2] INFO  server.RaftServer$Division (ServerState.java:setRaftConf(434)) - 9e7d7045-1d4c-4270-9434-63584a31babd@group-0C580015AF9D: set configuration 0: peers:[60ac4d22-094a-4270-8266-44944d79861e|rpc:10.1.26.0:15032|admin:10.1.26.0:15031|client:10.1.26.0:15030|dataStream:10.1.26.0:15033|priority:1|startupRole:FOLLOWER, 9e7d7045-1d4c-4270-9434-63584a31babd|rpc:10.1.26.0:15014|admin:10.1.26.0:15013|client:10.1.26.0:15012|dataStream:10.1.26.0:15015|priority:0|startupRole:FOLLOWER, f5a51868-327c-422c-ad14-d572ec0233ee|rpc:10.1.26.0:15023|admin:10.1.26.0:15022|client:10.1.26.0:15021|dataStream:10.1.26.0:15024|priority:0|startupRole:FOLLOWER]|listeners:[], old=null
2023-06-02 19:46:37,730 [9e7d7045-1d4c-4270-9434-63584a31babd@group-498250132DE1-FollowerState] INFO  impl.RoleInfo (RoleInfo.java:shutdownFollowerState(110)) - 9e7d7045-1d4c-4270-9434-63584a31babd: shutdown 9e7d7045-1d4c-4270-9434-63584a31babd@group-498250132DE1-FollowerState
2023-06-02 19:46:37,730 [9e7d7045-1d4c-4270-9434-63584a31babd@group-498250132DE1-FollowerState] INFO  server.RaftServer$Division (RaftServerImpl.java:setRole(329)) - 9e7d7045-1d4c-4270-9434-63584a31babd@group-498250132DE1: changes role from  FOLLOWER to CANDIDATE at term 0 for changeToCandidate
2023-06-02 19:46:37,730 [9e7d7045-1d4c-4270-9434-63584a31babd-server-thread2] INFO  segmented.SegmentedRaftLogWorker (SegmentedRaftLogWorker.java:startLogSegment(447)) - 9e7d7045-1d4c-4270-9434-63584a31babd@group-0C580015AF9D-SegmentedRaftLogWorker: Starting segment from index:0
2023-06-02 19:46:37,730 [9e7d7045-1d4c-4270-9434-63584a31babd@group-498250132DE1-FollowerState] INFO  server.RaftServerConfigKeys (ConfUtils.java:logGet(46)) - raft.server.leaderelection.pre-vote = true (default)
2023-06-02 19:46:37,730 [9e7d7045-1d4c-4270-9434-63584a31babd@group-498250132DE1-FollowerState] INFO  impl.RoleInfo (RoleInfo.java:updateAndGet(139)) - 9e7d7045-1d4c-4270-9434-63584a31babd: start 9e7d7045-1d4c-4270-9434-63584a31babd@group-498250132DE1-LeaderElection5
2023-06-02 19:46:37,732 [9e7d7045-1d4c-4270-9434-63584a31babd@group-0C580015AF9D-SegmentedRaftLogWorker] INFO  segmented.SegmentedRaftLogWorker (SegmentedRaftLogWorker.java:execute(651)) - 9e7d7045-1d4c-4270-9434-63584a31babd@group-0C580015AF9D-SegmentedRaftLogWorker: created new log segment /home/runner/work/ozone/ozone/hadoop-ozone/integration-test/target/test-dir/MiniOzoneClusterImpl-e4789928-4fd4-479e-857e-ac334458de01/datanode-0/data/ratis/afbb03c3-0d6a-47c3-950c-0c580015af9d/current/log_inprogress_0
2023-06-02 19:46:37,732 [main] INFO  ozone.MiniOzoneClusterImpl (MiniOzoneClusterImpl.java:lambda$waitForClusterToBeReady$0(222)) - Nodes are ready. Got 14 of 14 DN Heartbeats.
2023-06-02 19:46:37,733 [main] INFO  ozone.MiniOzoneClusterImpl (MiniOzoneClusterImpl.java:lambda$waitForClusterToBeReady$0(225)) - Cluster exits safe mode
2023-06-02 19:46:37,733 [main] INFO  ozone.MiniOzoneClusterImpl (MiniOzoneClusterImpl.java:lambda$waitForClusterToBeReady$0(227)) - SCM became leader
2023-06-02 19:46:37,737 [9e7d7045-1d4c-4270-9434-63584a31babd@group-498250132DE1-LeaderElection5] INFO  impl.LeaderElection (LeaderElection.java:askForVotes(321)) - 9e7d7045-1d4c-4270-9434-63584a31babd@group-498250132DE1-LeaderElection5 PRE_VOTE round 0: submit vote requests at term 0 for -1: peers:[60ac4d22-094a-4270-8266-44944d79861e|rpc:10.1.26.0:15032|admin:10.1.26.0:15031|client:10.1.26.0:15030|dataStream:10.1.26.0:15033|priority:0|startupRole:FOLLOWER, 9e7d7045-1d4c-4270-9434-63584a31babd|rpc:10.1.26.0:15014|admin:10.1.26.0:15013|client:10.1.26.0:15012|dataStream:10.1.26.0:15015|priority:1|startupRole:FOLLOWER, f5a51868-327c-422c-ad14-d572ec0233ee|rpc:10.1.26.0:15023|admin:10.1.26.0:15022|client:10.1.26.0:15021|dataStream:10.1.26.0:15024|priority:0|startupRole:FOLLOWER]|listeners:[], old=null
2023-06-02 19:46:37,744 [9e7d7045-1d4c-4270-9434-63584a31babd@group-498250132DE1-LeaderElection5] INFO  server.RaftServerConfigKeys (ConfUtils.java:logFallback(53)) - raft.server.rpc.first-election.timeout.min = 5s (fallback to raft.server.rpc.timeout.min)
2023-06-02 19:46:37,744 [9e7d7045-1d4c-4270-9434-63584a31babd@group-498250132DE1-LeaderElection5] INFO  server.RaftServerConfigKeys (ConfUtils.java:logFallback(53)) - raft.server.rpc.first-election.timeout.max = 5200ms (fallback to raft.server.rpc.timeout.max)
2023-06-02 19:46:37,751 [grpc-default-executor-3] INFO  server.RaftServer$Division (RaftServerImpl.java:requestVote(1302)) - f5a51868-327c-422c-ad14-d572ec0233ee@group-498250132DE1: receive requestVote(PRE_VOTE, 9e7d7045-1d4c-4270-9434-63584a31babd, group-498250132DE1, 0, (t:0, i:0))
2023-06-02 19:46:37,752 [grpc-default-executor-3] INFO  impl.VoteContext (VoteContext.java:log(49)) - f5a51868-327c-422c-ad14-d572ec0233ee@group-498250132DE1-FOLLOWER: accept PRE_VOTE from 9e7d7045-1d4c-4270-9434-63584a31babd: our priority 0 <= candidate's priority 1
2023-06-02 19:46:37,752 [grpc-default-executor-3] INFO  server.RaftServer$Division (RaftServerImpl.java:requestVote(1335)) - f5a51868-327c-422c-ad14-d572ec0233ee@group-498250132DE1 replies to PRE_VOTE vote request: 9e7d7045-1d4c-4270-9434-63584a31babd<-f5a51868-327c-422c-ad14-d572ec0233ee#0:OK-t0. Peer's state: f5a51868-327c-422c-ad14-d572ec0233ee@group-498250132DE1:t0, leader=null, voted=, raftlog=Memoized:f5a51868-327c-422c-ad14-d572ec0233ee@group-498250132DE1-SegmentedRaftLog:OPENED:c-1, conf=-1: peers:[60ac4d22-094a-4270-8266-44944d79861e|rpc:10.1.26.0:15032|admin:10.1.26.0:15031|client:10.1.26.0:15030|dataStream:10.1.26.0:15033|priority:0|startupRole:FOLLOWER, 9e7d7045-1d4c-4270-9434-63584a31babd|rpc:10.1.26.0:15014|admin:10.1.26.0:15013|client:10.1.26.0:15012|dataStream:10.1.26.0:15015|priority:1|startupRole:FOLLOWER, f5a51868-327c-422c-ad14-d572ec0233ee|rpc:10.1.26.0:15023|admin:10.1.26.0:15022|client:10.1.26.0:15021|dataStream:10.1.26.0:15024|priority:0|startupRole:FOLLOWER]|listeners:[], old=null
2023-06-02 19:46:37,754 [grpc-default-executor-1] INFO  server.RaftServer$Division (RaftServerImpl.java:requestVote(1302)) - 60ac4d22-094a-4270-8266-44944d79861e@group-498250132DE1: receive requestVote(PRE_VOTE, 9e7d7045-1d4c-4270-9434-63584a31babd, group-498250132DE1, 0, (t:0, i:0))
2023-06-02 19:46:37,755 [grpc-default-executor-1] INFO  impl.VoteContext (VoteContext.java:log(49)) - 60ac4d22-094a-4270-8266-44944d79861e@group-498250132DE1-FOLLOWER: accept PRE_VOTE from 9e7d7045-1d4c-4270-9434-63584a31babd: our priority 0 <= candidate's priority 1
2023-06-02 19:46:37,755 [grpc-default-executor-1] INFO  server.RaftServer$Division (RaftServerImpl.java:requestVote(1335)) - 60ac4d22-094a-4270-8266-44944d79861e@group-498250132DE1 replies to PRE_VOTE vote request: 9e7d7045-1d4c-4270-9434-63584a31babd<-60ac4d22-094a-4270-8266-44944d79861e#0:OK-t0. Peer's state: 60ac4d22-094a-4270-8266-44944d79861e@group-498250132DE1:t0, leader=null, voted=, raftlog=Memoized:60ac4d22-094a-4270-8266-44944d79861e@group-498250132DE1-SegmentedRaftLog:OPENED:c-1, conf=-1: peers:[60ac4d22-094a-4270-8266-44944d79861e|rpc:10.1.26.0:15032|admin:10.1.26.0:15031|client:10.1.26.0:15030|dataStream:10.1.26.0:15033|priority:0|startupRole:FOLLOWER, 9e7d7045-1d4c-4270-9434-63584a31babd|rpc:10.1.26.0:15014|admin:10.1.26.0:15013|client:10.1.26.0:15012|dataStream:10.1.26.0:15015|priority:1|startupRole:FOLLOWER, f5a51868-327c-422c-ad14-d572ec0233ee|rpc:10.1.26.0:15023|admin:10.1.26.0:15022|client:10.1.26.0:15021|dataStream:10.1.26.0:15024|priority:0|startupRole:FOLLOWER]|listeners:[], old=null
2023-06-02 19:46:37,756 [9e7d7045-1d4c-4270-9434-63584a31babd@group-498250132DE1-LeaderElection5] INFO  impl.LeaderElection (LeaderElection.java:logAndReturn(90)) - 9e7d7045-1d4c-4270-9434-63584a31babd@group-498250132DE1-LeaderElection5: PRE_VOTE PASSED received 1 response(s) and 0 exception(s):
2023-06-02 19:46:37,756 [9e7d7045-1d4c-4270-9434-63584a31babd@group-498250132DE1-LeaderElection5] INFO  impl.LeaderElection (LeaderElection.java:logAndReturn(94)) -   Response 0: 9e7d7045-1d4c-4270-9434-63584a31babd<-60ac4d22-094a-4270-8266-44944d79861e#0:OK-t0
2023-06-02 19:46:37,756 [9e7d7045-1d4c-4270-9434-63584a31babd@group-498250132DE1-LeaderElection5] INFO  impl.LeaderElection (LeaderElection.java:askForVotes(323)) - 9e7d7045-1d4c-4270-9434-63584a31babd@group-498250132DE1-LeaderElection5 PRE_VOTE round 0: result PASSED
2023-06-02 19:46:37,760 [9e7d7045-1d4c-4270-9434-63584a31babd@group-498250132DE1-LeaderElection5] INFO  impl.LeaderElection (LeaderElection.java:askForVotes(321)) - 9e7d7045-1d4c-4270-9434-63584a31babd@group-498250132DE1-LeaderElection5 ELECTION round 0: submit vote requests at term 1 for -1: peers:[60ac4d22-094a-4270-8266-44944d79861e|rpc:10.1.26.0:15032|admin:10.1.26.0:15031|client:10.1.26.0:15030|dataStream:10.1.26.0:15033|priority:0|startupRole:FOLLOWER, 9e7d7045-1d4c-4270-9434-63584a31babd|rpc:10.1.26.0:15014|admin:10.1.26.0:15013|client:10.1.26.0:15012|dataStream:10.1.26.0:15015|priority:1|startupRole:FOLLOWER, f5a51868-327c-422c-ad14-d572ec0233ee|rpc:10.1.26.0:15023|admin:10.1.26.0:15022|client:10.1.26.0:15021|dataStream:10.1.26.0:15024|priority:0|startupRole:FOLLOWER]|listeners:[], old=null
2023-06-02 19:46:37,765 [9e7d7045-1d4c-4270-9434-63584a31babd@group-498250132DE1-LeaderElection5] INFO  server.RaftServerConfigKeys (ConfUtils.java:logFallback(53)) - raft.server.rpc.first-election.timeout.min = 5s (fallback to raft.server.rpc.timeout.min)
2023-06-02 19:46:37,765 [9e7d7045-1d4c-4270-9434-63584a31babd@group-498250132DE1-LeaderElection5] INFO  server.RaftServerConfigKeys (ConfUtils.java:logFallback(53)) - raft.server.rpc.first-election.timeout.max = 5200ms (fallback to raft.server.rpc.timeout.max)
2023-06-02 19:46:37,774 [grpc-default-executor-1] INFO  server.RaftServer$Division (RaftServerImpl.java:requestVote(1302)) - 60ac4d22-094a-4270-8266-44944d79861e@group-498250132DE1: receive requestVote(ELECTION, 9e7d7045-1d4c-4270-9434-63584a31babd, group-498250132DE1, 1, (t:0, i:0))
2023-06-02 19:46:37,775 [grpc-default-executor-1] INFO  impl.VoteContext (VoteContext.java:log(49)) - 60ac4d22-094a-4270-8266-44944d79861e@group-498250132DE1-FOLLOWER: accept ELECTION from 9e7d7045-1d4c-4270-9434-63584a31babd: our priority 0 <= candidate's priority 1
2023-06-02 19:46:37,775 [grpc-default-executor-1] INFO  server.RaftServer$Division (RaftServerImpl.java:setRole(329)) - 60ac4d22-094a-4270-8266-44944d79861e@group-498250132DE1: changes role from  FOLLOWER to FOLLOWER at term 1 for candidate:9e7d7045-1d4c-4270-9434-63584a31babd
2023-06-02 19:46:37,775 [grpc-default-executor-1] INFO  impl.RoleInfo (RoleInfo.java:shutdownFollowerState(110)) - 60ac4d22-094a-4270-8266-44944d79861e: shutdown 60ac4d22-094a-4270-8266-44944d79861e@group-498250132DE1-FollowerState
2023-06-02 19:46:37,775 [grpc-default-executor-1] INFO  impl.RoleInfo (RoleInfo.java:updateAndGet(139)) - 60ac4d22-094a-4270-8266-44944d79861e: start 60ac4d22-094a-4270-8266-44944d79861e@group-498250132DE1-FollowerState
2023-06-02 19:46:37,775 [60ac4d22-094a-4270-8266-44944d79861e@group-498250132DE1-FollowerState] INFO  impl.FollowerState (FollowerState.java:run(152)) - 60ac4d22-094a-4270-8266-44944d79861e@group-498250132DE1-FollowerState was interrupted
2023-06-02 19:46:37,780 [grpc-default-executor-3] INFO  server.RaftServer$Division (RaftServerImpl.java:requestVote(1302)) - f5a51868-327c-422c-ad14-d572ec0233ee@group-498250132DE1: receive requestVote(ELECTION, 9e7d7045-1d4c-4270-9434-63584a31babd, group-498250132DE1, 1, (t:0, i:0))
2023-06-02 19:46:37,780 [grpc-default-executor-3] INFO  impl.VoteContext (VoteContext.java:log(49)) - f5a51868-327c-422c-ad14-d572ec0233ee@group-498250132DE1-FOLLOWER: accept ELECTION from 9e7d7045-1d4c-4270-9434-63584a31babd: our priority 0 <= candidate's priority 1
2023-06-02 19:46:37,780 [grpc-default-executor-1] INFO  server.RaftServer$Division (RaftServerImpl.java:requestVote(1335)) - 60ac4d22-094a-4270-8266-44944d79861e@group-498250132DE1 replies to ELECTION vote request: 9e7d7045-1d4c-4270-9434-63584a31babd<-60ac4d22-094a-4270-8266-44944d79861e#0:OK-t1. Peer's state: 60ac4d22-094a-4270-8266-44944d79861e@group-498250132DE1:t1, leader=null, voted=9e7d7045-1d4c-4270-9434-63584a31babd, raftlog=Memoized:60ac4d22-094a-4270-8266-44944d79861e@group-498250132DE1-SegmentedRaftLog:OPENED:c-1, conf=-1: peers:[60ac4d22-094a-4270-8266-44944d79861e|rpc:10.1.26.0:15032|admin:10.1.26.0:15031|client:10.1.26.0:15030|dataStream:10.1.26.0:15033|priority:0|startupRole:FOLLOWER, 9e7d7045-1d4c-4270-9434-63584a31babd|rpc:10.1.26.0:15014|admin:10.1.26.0:15013|client:10.1.26.0:15012|dataStream:10.1.26.0:15015|priority:1|startupRole:FOLLOWER, f5a51868-327c-422c-ad14-d572ec0233ee|rpc:10.1.26.0:15023|admin:10.1.26.0:15022|client:10.1.26.0:15021|dataStream:10.1.26.0:15024|priority:0|startupRole:FOLLOWER]|listeners:[], old=null
2023-06-02 19:46:37,781 [9e7d7045-1d4c-4270-9434-63584a31babd@group-498250132DE1-LeaderElection5] INFO  impl.LeaderElection (LeaderElection.java:logAndReturn(90)) - 9e7d7045-1d4c-4270-9434-63584a31babd@group-498250132DE1-LeaderElection5: ELECTION PASSED received 1 response(s) and 0 exception(s):
2023-06-02 19:46:37,781 [9e7d7045-1d4c-4270-9434-63584a31babd@group-498250132DE1-LeaderElection5] INFO  impl.LeaderElection (LeaderElection.java:logAndReturn(94)) -   Response 0: 9e7d7045-1d4c-4270-9434-63584a31babd<-60ac4d22-094a-4270-8266-44944d79861e#0:OK-t1
2023-06-02 19:46:37,781 [9e7d7045-1d4c-4270-9434-63584a31babd@group-498250132DE1-LeaderElection5] INFO  impl.LeaderElection (LeaderElection.java:askForVotes(323)) - 9e7d7045-1d4c-4270-9434-63584a31babd@group-498250132DE1-LeaderElection5 ELECTION round 0: result PASSED
2023-06-02 19:46:37,782 [9e7d7045-1d4c-4270-9434-63584a31babd@group-498250132DE1-LeaderElection5] INFO  impl.RoleInfo (RoleInfo.java:shutdownLeaderElection(130)) - 9e7d7045-1d4c-4270-9434-63584a31babd: shutdown 9e7d7045-1d4c-4270-9434-63584a31babd@group-498250132DE1-LeaderElection5
2023-06-02 19:46:37,782 [9e7d7045-1d4c-4270-9434-63584a31babd@group-498250132DE1-LeaderElection5] INFO  server.RaftServer$Division (RaftServerImpl.java:setRole(329)) - 9e7d7045-1d4c-4270-9434-63584a31babd@group-498250132DE1: changes role from CANDIDATE to LEADER at term 1 for changeToLeader
2023-06-02 19:46:37,782 [9e7d7045-1d4c-4270-9434-63584a31babd@group-498250132DE1-LeaderElection5] INFO  ratis.XceiverServerRatis (XceiverServerRatis.java:handleLeaderChangedNotification(902)) - Leader change notification received for group: group-498250132DE1 with new leaderId: 9e7d7045-1d4c-4270-9434-63584a31babd
2023-06-02 19:46:37,782 [9e7d7045-1d4c-4270-9434-63584a31babd@group-498250132DE1-LeaderElection5] INFO  server.RaftServer$Division (ServerState.java:setLeader(317)) - 9e7d7045-1d4c-4270-9434-63584a31babd@group-498250132DE1: change Leader from null to 9e7d7045-1d4c-4270-9434-63584a31babd at term 1 for becomeLeader, leader elected after 5287ms
2023-06-02 19:46:37,780 [grpc-default-executor-3] INFO  server.RaftServer$Division (RaftServerImpl.java:setRole(329)) - f5a51868-327c-422c-ad14-d572ec0233ee@group-498250132DE1: changes role from  FOLLOWER to FOLLOWER at term 1 for candidate:9e7d7045-1d4c-4270-9434-63584a31babd
2023-06-02 19:46:37,789 [grpc-default-executor-3] INFO  impl.RoleInfo (RoleInfo.java:shutdownFollowerState(110)) - f5a51868-327c-422c-ad14-d572ec0233ee: shutdown f5a51868-327c-422c-ad14-d572ec0233ee@group-498250132DE1-FollowerState
2023-06-02 19:46:37,790 [grpc-default-executor-3] INFO  impl.RoleInfo (RoleInfo.java:updateAndGet(139)) - f5a51868-327c-422c-ad14-d572ec0233ee: start f5a51868-327c-422c-ad14-d572ec0233ee@group-498250132DE1-FollowerState
2023-06-02 19:46:37,790 [f5a51868-327c-422c-ad14-d572ec0233ee@group-498250132DE1-FollowerState] INFO  impl.FollowerState (FollowerState.java:run(152)) - f5a51868-327c-422c-ad14-d572ec0233ee@group-498250132DE1-FollowerState was interrupted
2023-06-02 19:46:37,790 [9e7d7045-1d4c-4270-9434-63584a31babd@group-498250132DE1-LeaderElection5] INFO  server.RaftServerConfigKeys (ConfUtils.java:logGet(46)) - raft.server.staging.catchup.gap = 1000 (default)
2023-06-02 19:46:37,790 [EventQueue-PipelineReportForPipelineReportHandler] INFO  pipeline.PipelineManagerImpl (PipelineManagerImpl.java:openPipeline(367)) - Pipeline Pipeline[ Id: cfb787f3-52f4-4437-91cf-498250132de1, Nodes: 60ac4d22-094a-4270-8266-44944d79861e(fv-az459-618.msq0az1vewme3jsxyslsv0htic.jx.internal.cloudapp.net/10.1.26.0)f5a51868-327c-422c-ad14-d572ec0233ee(fv-az459-618.msq0az1vewme3jsxyslsv0htic.jx.internal.cloudapp.net/10.1.26.0)9e7d7045-1d4c-4270-9434-63584a31babd(fv-az459-618.msq0az1vewme3jsxyslsv0htic.jx.internal.cloudapp.net/10.1.26.0), ReplicationConfig: RATIS/THREE, State:ALLOCATED, leaderId:9e7d7045-1d4c-4270-9434-63584a31babd, CreationTimestamp2023-06-02T19:46:29.536Z[Etc/UTC]] moved to OPEN state
2023-06-02 19:46:37,807 [9e7d7045-1d4c-4270-9434-63584a31babd@group-498250132DE1-LeaderElection5] INFO  server.RaftServerConfigKeys (ConfUtils.java:logGet(46)) - raft.server.write.element-limit = 1024 (custom)
2023-06-02 19:46:37,807 [9e7d7045-1d4c-4270-9434-63584a31babd@group-498250132DE1-LeaderElection5] INFO  server.RaftServerConfigKeys (ConfUtils.java:logGet(46)) - raft.server.write.byte-limit = 1024 M (=1073741824) (custom)
2023-06-02 19:46:37,807 [9e7d7045-1d4c-4270-9434-63584a31babd@group-498250132DE1-LeaderElection5] INFO  server.RaftServerConfigKeys (ConfUtils.java:logGet(46)) - raft.server.watch.timeout = 180s (custom)
2023-06-02 19:46:37,807 [9e7d7045-1d4c-4270-9434-63584a31babd@group-498250132DE1-LeaderElection5] INFO  server.RaftServerConfigKeys (ConfUtils.java:logGet(46)) - raft.server.watch.timeout.denomination = 1s (default)
2023-06-02 19:46:37,807 [9e7d7045-1d4c-4270-9434-63584a31babd@group-498250132DE1-LeaderElection5] INFO  server.RaftServerConfigKeys (ConfUtils.java:logGet(46)) - raft.server.watch.element-limit = 65536 (default)
2023-06-02 19:46:37,807 [9e7d7045-1d4c-4270-9434-63584a31babd@group-498250132DE1-LeaderElection5] INFO  server.RaftServerConfigKeys (ConfUtils.java:logGet(46)) - raft.server.write.element-limit = 1024 (custom)
2023-06-02 19:46:37,807 [9e7d7045-1d4c-4270-9434-63584a31babd@group-498250132DE1-LeaderElection5] INFO  server.RaftServerConfigKeys (ConfUtils.java:logGet(46)) - raft.server.write.follower.gap.ratio.max = -1.0 (default)
2023-06-02 19:46:37,808 [9e7d7045-1d4c-4270-9434-63584a31babd@group-498250132DE1-LeaderElection5] INFO  server.RaftServerConfigKeys (ConfUtils.java:logGet(46)) - raft.server.log.appender.snapshot.chunk.size.max = 16MB (=16777216) (default)
2023-06-02 19:46:37,808 [9e7d7045-1d4c-4270-9434-63584a31babd@group-498250132DE1-LeaderElection5] INFO  server.RaftServerConfigKeys (ConfUtils.java:logGet(46)) - raft.server.log.appender.buffer.byte-limit = 33554432 (custom)
2023-06-02 19:46:37,808 [9e7d7045-1d4c-4270-9434-63584a31babd@group-498250132DE1-LeaderElection5] INFO  server.RaftServerConfigKeys (ConfUtils.java:logGet(46)) - raft.server.log.appender.buffer.element-limit = 1 (custom)
2023-06-02 19:46:37,808 [9e7d7045-1d4c-4270-9434-63584a31babd@group-498250132DE1-LeaderElection5] INFO  server.RaftServerConfigKeys (ConfUtils.java:logGet(46)) - raft.server.log.appender.wait-time.min = 10ms (default)
2023-06-02 19:46:37,809 [9e7d7045-1d4c-4270-9434-63584a31babd@group-498250132DE1-LeaderElection5] INFO  grpc.GrpcConfigKeys (ConfUtils.java:logGet(46)) - raft.grpc.server.leader.outstanding.appends.max = 128 (default)
2023-06-02 19:46:37,810 [9e7d7045-1d4c-4270-9434-63584a31babd@group-498250132DE1-LeaderElection5] INFO  server.RaftServerConfigKeys (ConfUtils.java:logGet(46)) - raft.server.rpc.request.timeout = 60s (custom)
2023-06-02 19:46:37,810 [9e7d7045-1d4c-4270-9434-63584a31babd@group-498250132DE1-LeaderElection5] INFO  grpc.GrpcConfigKeys (ConfUtils.java:logGet(46)) - raft.grpc.server.install_snapshot.request.element-limit = 8 (default)
2023-06-02 19:46:37,810 [9e7d7045-1d4c-4270-9434-63584a31babd@group-498250132DE1-LeaderElection5] INFO  grpc.GrpcConfigKeys (ConfUtils.java:logGet(46)) - raft.grpc.server.install_snapshot.request.timeout = 3000ms (default)
2023-06-02 19:46:37,810 [9e7d7045-1d4c-4270-9434-63584a31babd@group-498250132DE1-LeaderElection5] INFO  server.RaftServerConfigKeys (ConfUtils.java:logGet(46)) - raft.server.log.appender.install.snapshot.enabled = false (custom)
2023-06-02 19:46:37,810 [9e7d7045-1d4c-4270-9434-63584a31babd@group-498250132DE1-LeaderElection5] INFO  grpc.GrpcConfigKeys (ConfUtils.java:logGet(46)) - raft.grpc.server.heartbeat.channel = true (default)
2023-06-02 19:46:37,811 [grpc-default-executor-3] INFO  server.RaftServer$Division (RaftServerImpl.java:requestVote(1335)) - f5a51868-327c-422c-ad14-d572ec0233ee@group-498250132DE1 replies to ELECTION vote request: 9e7d7045-1d4c-4270-9434-63584a31babd<-f5a51868-327c-422c-ad14-d572ec0233ee#0:OK-t1. Peer's state: f5a51868-327c-422c-ad14-d572ec0233ee@group-498250132DE1:t1, leader=null, voted=9e7d7045-1d4c-4270-9434-63584a31babd, raftlog=Memoized:f5a51868-327c-422c-ad14-d572ec0233ee@group-498250132DE1-SegmentedRaftLog:OPENED:c-1, conf=-1: peers:[60ac4d22-094a-4270-8266-44944d79861e|rpc:10.1.26.0:15032|admin:10.1.26.0:15031|client:10.1.26.0:15030|dataStream:10.1.26.0:15033|priority:0|startupRole:FOLLOWER, 9e7d7045-1d4c-4270-9434-63584a31babd|rpc:10.1.26.0:15014|admin:10.1.26.0:15013|client:10.1.26.0:15012|dataStream:10.1.26.0:15015|priority:1|startupRole:FOLLOWER, f5a51868-327c-422c-ad14-d572ec0233ee|rpc:10.1.26.0:15023|admin:10.1.26.0:15022|client:10.1.26.0:15021|dataStream:10.1.26.0:15024|priority:0|startupRole:FOLLOWER]|listeners:[], old=null
2023-06-02 19:46:37,818 [9e7d7045-1d4c-4270-9434-63584a31babd@group-498250132DE1-LeaderElection5] INFO  server.RaftServerConfigKeys (ConfUtils.java:logGet(46)) - raft.server.log.appender.snapshot.chunk.size.max = 16MB (=16777216) (default)
2023-06-02 19:46:37,818 [9e7d7045-1d4c-4270-9434-63584a31babd@group-498250132DE1-LeaderElection5] INFO  server.RaftServerConfigKeys (ConfUtils.java:logGet(46)) - raft.server.log.appender.buffer.byte-limit = 33554432 (custom)
2023-06-02 19:46:37,818 [9e7d7045-1d4c-4270-9434-63584a31babd@group-498250132DE1-LeaderElection5] INFO  server.RaftServerConfigKeys (ConfUtils.java:logGet(46)) - raft.server.log.appender.buffer.element-limit = 1 (custom)
2023-06-02 19:46:37,818 [9e7d7045-1d4c-4270-9434-63584a31babd@group-498250132DE1-LeaderElection5] INFO  server.RaftServerConfigKeys (ConfUtils.java:logGet(46)) - raft.server.log.appender.wait-time.min = 10ms (default)
2023-06-02 19:46:37,818 [9e7d7045-1d4c-4270-9434-63584a31babd@group-498250132DE1-LeaderElection5] INFO  grpc.GrpcConfigKeys (ConfUtils.java:logGet(46)) - raft.grpc.server.leader.outstanding.appends.max = 128 (default)
2023-06-02 19:46:37,818 [9e7d7045-1d4c-4270-9434-63584a31babd@group-498250132DE1-LeaderElection5] INFO  server.RaftServerConfigKeys (ConfUtils.java:logGet(46)) - raft.server.rpc.request.timeout = 60s (custom)
2023-06-02 19:46:37,818 [9e7d7045-1d4c-4270-9434-63584a31babd@group-498250132DE1-LeaderElection5] INFO  grpc.GrpcConfigKeys (ConfUtils.java:logGet(46)) - raft.grpc.server.install_snapshot.request.element-limit = 8 (default)
2023-06-02 19:46:37,819 [9e7d7045-1d4c-4270-9434-63584a31babd@group-498250132DE1-LeaderElection5] INFO  grpc.GrpcConfigKeys (ConfUtils.java:logGet(46)) - raft.grpc.server.install_snapshot.request.timeout = 3000ms (default)
2023-06-02 19:46:37,821 [9e7d7045-1d4c-4270-9434-63584a31babd@group-498250132DE1-LeaderElection5] INFO  server.RaftServerConfigKeys (ConfUtils.java:logGet(46)) - raft.server.log.appender.install.snapshot.enabled = false (custom)
2023-06-02 19:46:37,821 [9e7d7045-1d4c-4270-9434-63584a31babd@group-498250132DE1-LeaderElection5] INFO  grpc.GrpcConfigKeys (ConfUtils.java:logGet(46)) - raft.grpc.server.heartbeat.channel = true (default)
2023-06-02 19:46:37,821 [9e7d7045-1d4c-4270-9434-63584a31babd@group-498250132DE1-LeaderElection5] INFO  impl.RoleInfo (RoleInfo.java:updateAndGet(139)) - 9e7d7045-1d4c-4270-9434-63584a31babd: start 9e7d7045-1d4c-4270-9434-63584a31babd@group-498250132DE1-LeaderStateImpl
2023-06-02 19:46:37,822 [9e7d7045-1d4c-4270-9434-63584a31babd@group-498250132DE1-LeaderElection5] INFO  segmented.SegmentedRaftLogWorker (SegmentedRaftLogWorker.java:startLogSegment(447)) - 9e7d7045-1d4c-4270-9434-63584a31babd@group-498250132DE1-SegmentedRaftLogWorker: Starting segment from index:0
2023-06-02 19:46:37,823 [9e7d7045-1d4c-4270-9434-63584a31babd@group-498250132DE1-SegmentedRaftLogWorker] INFO  segmented.SegmentedRaftLogWorker (SegmentedRaftLogWorker.java:execute(651)) - 9e7d7045-1d4c-4270-9434-63584a31babd@group-498250132DE1-SegmentedRaftLogWorker: created new log segment /home/runner/work/ozone/ozone/hadoop-ozone/integration-test/target/test-dir/MiniOzoneClusterImpl-e4789928-4fd4-479e-857e-ac334458de01/datanode-0/data/ratis/cfb787f3-52f4-4437-91cf-498250132de1/current/log_inprogress_0
2023-06-02 19:46:37,875 [f5a51868-327c-422c-ad14-d572ec0233ee-server-thread1] INFO  ratis.XceiverServerRatis (XceiverServerRatis.java:handleLeaderChangedNotification(902)) - Leader change notification received for group: group-498250132DE1 with new leaderId: 9e7d7045-1d4c-4270-9434-63584a31babd
2023-06-02 19:46:37,875 [f5a51868-327c-422c-ad14-d572ec0233ee-server-thread1] INFO  server.RaftServer$Division (ServerState.java:setLeader(317)) - f5a51868-327c-422c-ad14-d572ec0233ee@group-498250132DE1: change Leader from null to 9e7d7045-1d4c-4270-9434-63584a31babd at term 1 for appendEntries, leader elected after 5472ms
2023-06-02 19:46:37,888 [9e7d7045-1d4c-4270-9434-63584a31babd@group-498250132DE1-LeaderElection5] INFO  server.RaftServer$Division (ServerState.java:setRaftConf(434)) - 9e7d7045-1d4c-4270-9434-63584a31babd@group-498250132DE1: set configuration 0: peers:[60ac4d22-094a-4270-8266-44944d79861e|rpc:10.1.26.0:15032|admin:10.1.26.0:15031|client:10.1.26.0:15030|dataStream:10.1.26.0:15033|priority:0|startupRole:FOLLOWER, 9e7d7045-1d4c-4270-9434-63584a31babd|rpc:10.1.26.0:15014|admin:10.1.26.0:15013|client:10.1.26.0:15012|dataStream:10.1.26.0:15015|priority:1|startupRole:FOLLOWER, f5a51868-327c-422c-ad14-d572ec0233ee|rpc:10.1.26.0:15023|admin:10.1.26.0:15022|client:10.1.26.0:15021|dataStream:10.1.26.0:15024|priority:0|startupRole:FOLLOWER]|listeners:[], old=null
2023-06-02 19:46:37,891 [60ac4d22-094a-4270-8266-44944d79861e-server-thread1] INFO  ratis.XceiverServerRatis (XceiverServerRatis.java:handleLeaderChangedNotification(902)) - Leader change notification received for group: group-498250132DE1 with new leaderId: 9e7d7045-1d4c-4270-9434-63584a31babd
2023-06-02 19:46:37,892 [60ac4d22-094a-4270-8266-44944d79861e-server-thread1] INFO  server.RaftServer$Division (ServerState.java:setLeader(317)) - 60ac4d22-094a-4270-8266-44944d79861e@group-498250132DE1: change Leader from null to 9e7d7045-1d4c-4270-9434-63584a31babd at term 1 for appendEntries, leader elected after 5428ms
2023-06-02 19:46:37,903 [60ac4d22-094a-4270-8266-44944d79861e-server-thread1] INFO  server.RaftServer$Division (ServerState.java:setRaftConf(434)) - 60ac4d22-094a-4270-8266-44944d79861e@group-498250132DE1: set configuration 0: peers:[60ac4d22-094a-4270-8266-44944d79861e|rpc:10.1.26.0:15032|admin:10.1.26.0:15031|client:10.1.26.0:15030|dataStream:10.1.26.0:15033|priority:0|startupRole:FOLLOWER, 9e7d7045-1d4c-4270-9434-63584a31babd|rpc:10.1.26.0:15014|admin:10.1.26.0:15013|client:10.1.26.0:15012|dataStream:10.1.26.0:15015|priority:1|startupRole:FOLLOWER, f5a51868-327c-422c-ad14-d572ec0233ee|rpc:10.1.26.0:15023|admin:10.1.26.0:15022|client:10.1.26.0:15021|dataStream:10.1.26.0:15024|priority:0|startupRole:FOLLOWER]|listeners:[], old=null
2023-06-02 19:46:37,903 [60ac4d22-094a-4270-8266-44944d79861e-server-thread1] INFO  segmented.SegmentedRaftLogWorker (SegmentedRaftLogWorker.java:startLogSegment(447)) - 60ac4d22-094a-4270-8266-44944d79861e@group-498250132DE1-SegmentedRaftLogWorker: Starting segment from index:0
2023-06-02 19:46:37,908 [60ac4d22-094a-4270-8266-44944d79861e@group-498250132DE1-SegmentedRaftLogWorker] INFO  segmented.SegmentedRaftLogWorker (SegmentedRaftLogWorker.java:execute(651)) - 60ac4d22-094a-4270-8266-44944d79861e@group-498250132DE1-SegmentedRaftLogWorker: created new log segment /home/runner/work/ozone/ozone/hadoop-ozone/integration-test/target/test-dir/MiniOzoneClusterImpl-e4789928-4fd4-479e-857e-ac334458de01/datanode-2/data/ratis/cfb787f3-52f4-4437-91cf-498250132de1/current/log_inprogress_0
2023-06-02 19:46:37,941 [f5a51868-327c-422c-ad14-d572ec0233ee-server-thread2] INFO  server.RaftServer$Division (ServerState.java:setRaftConf(434)) - f5a51868-327c-422c-ad14-d572ec0233ee@group-498250132DE1: set configuration 0: peers:[60ac4d22-094a-4270-8266-44944d79861e|rpc:10.1.26.0:15032|admin:10.1.26.0:15031|client:10.1.26.0:15030|dataStream:10.1.26.0:15033|priority:0|startupRole:FOLLOWER, 9e7d7045-1d4c-4270-9434-63584a31babd|rpc:10.1.26.0:15014|admin:10.1.26.0:15013|client:10.1.26.0:15012|dataStream:10.1.26.0:15015|priority:1|startupRole:FOLLOWER, f5a51868-327c-422c-ad14-d572ec0233ee|rpc:10.1.26.0:15023|admin:10.1.26.0:15022|client:10.1.26.0:15021|dataStream:10.1.26.0:15024|priority:0|startupRole:FOLLOWER]|listeners:[], old=null
2023-06-02 19:46:37,941 [f5a51868-327c-422c-ad14-d572ec0233ee-server-thread2] INFO  segmented.SegmentedRaftLogWorker (SegmentedRaftLogWorker.java:startLogSegment(447)) - f5a51868-327c-422c-ad14-d572ec0233ee@group-498250132DE1-SegmentedRaftLogWorker: Starting segment from index:0
2023-06-02 19:46:37,943 [f5a51868-327c-422c-ad14-d572ec0233ee@group-498250132DE1-SegmentedRaftLogWorker] INFO  segmented.SegmentedRaftLogWorker (SegmentedRaftLogWorker.java:execute(651)) - f5a51868-327c-422c-ad14-d572ec0233ee@group-498250132DE1-SegmentedRaftLogWorker: created new log segment /home/runner/work/ozone/ozone/hadoop-ozone/integration-test/target/test-dir/MiniOzoneClusterImpl-e4789928-4fd4-479e-857e-ac334458de01/datanode-1/data/ratis/cfb787f3-52f4-4437-91cf-498250132de1/current/log_inprogress_0
2023-06-02 19:46:38,084 [42efe73c-3d9d-41e2-b05d-c69b43a81cba@group-CB39D489BD91-FollowerState] INFO  impl.FollowerState (FollowerState.java:run(143)) - 42efe73c-3d9d-41e2-b05d-c69b43a81cba@group-CB39D489BD91-FollowerState: change to CANDIDATE, lastRpcElapsedTime:5185931531ns, electionTimeout:5184ms
2023-06-02 19:46:38,084 [42efe73c-3d9d-41e2-b05d-c69b43a81cba@group-CB39D489BD91-FollowerState] INFO  impl.RoleInfo (RoleInfo.java:shutdownFollowerState(110)) - 42efe73c-3d9d-41e2-b05d-c69b43a81cba: shutdown 42efe73c-3d9d-41e2-b05d-c69b43a81cba@group-CB39D489BD91-FollowerState
2023-06-02 19:46:38,084 [42efe73c-3d9d-41e2-b05d-c69b43a81cba@group-CB39D489BD91-FollowerState] INFO  server.RaftServer$Division (RaftServerImpl.java:setRole(329)) - 42efe73c-3d9d-41e2-b05d-c69b43a81cba@group-CB39D489BD91: changes role from  FOLLOWER to CANDIDATE at term 0 for changeToCandidate
2023-06-02 19:46:38,084 [42efe73c-3d9d-41e2-b05d-c69b43a81cba@group-CB39D489BD91-FollowerState] INFO  server.RaftServerConfigKeys (ConfUtils.java:logGet(46)) - raft.server.leaderelection.pre-vote = true (default)
2023-06-02 19:46:38,084 [42efe73c-3d9d-41e2-b05d-c69b43a81cba@group-CB39D489BD91-FollowerState] INFO  impl.RoleInfo (RoleInfo.java:updateAndGet(139)) - 42efe73c-3d9d-41e2-b05d-c69b43a81cba: start 42efe73c-3d9d-41e2-b05d-c69b43a81cba@group-CB39D489BD91-LeaderElection6
2023-06-02 19:46:38,096 [3e53829d-da6c-4746-b554-01bfe538e40e@group-CB39D489BD91-FollowerState] INFO  impl.FollowerState (FollowerState.java:run(143)) - 3e53829d-da6c-4746-b554-01bfe538e40e@group-CB39D489BD91-FollowerState: change to CANDIDATE, lastRpcElapsedTime:5070959825ns, electionTimeout:5063ms
2023-06-02 19:46:38,097 [3e53829d-da6c-4746-b554-01bfe538e40e@group-CB39D489BD91-FollowerState] INFO  impl.RoleInfo (RoleInfo.java:shutdownFollowerState(110)) - 3e53829d-da6c-4746-b554-01bfe538e40e: shutdown 3e53829d-da6c-4746-b554-01bfe538e40e@group-CB39D489BD91-FollowerState
2023-06-02 19:46:38,097 [3e53829d-da6c-4746-b554-01bfe538e40e@group-CB39D489BD91-FollowerState] INFO  server.RaftServer$Division (RaftServerImpl.java:setRole(329)) - 3e53829d-da6c-4746-b554-01bfe538e40e@group-CB39D489BD91: changes role from  FOLLOWER to CANDIDATE at term 0 for changeToCandidate
2023-06-02 19:46:38,097 [3e53829d-da6c-4746-b554-01bfe538e40e@group-CB39D489BD91-FollowerState] INFO  server.RaftServerConfigKeys (ConfUtils.java:logGet(46)) - raft.server.leaderelection.pre-vote = true (default)
2023-06-02 19:46:38,097 [3e53829d-da6c-4746-b554-01bfe538e40e@group-CB39D489BD91-FollowerState] INFO  impl.RoleInfo (RoleInfo.java:updateAndGet(139)) - 3e53829d-da6c-4746-b554-01bfe538e40e: start 3e53829d-da6c-4746-b554-01bfe538e40e@group-CB39D489BD91-LeaderElection7
2023-06-02 19:46:38,112 [42efe73c-3d9d-41e2-b05d-c69b43a81cba@group-CB39D489BD91-LeaderElection6] INFO  impl.LeaderElection (LeaderElection.java:askForVotes(321)) - 42efe73c-3d9d-41e2-b05d-c69b43a81cba@group-CB39D489BD91-LeaderElection6 PRE_VOTE round 0: submit vote requests at term 0 for -1: peers:[3e53829d-da6c-4746-b554-01bfe538e40e|rpc:10.1.26.0:15050|admin:10.1.26.0:15049|client:10.1.26.0:15048|dataStream:10.1.26.0:15051|priority:0|startupRole:FOLLOWER, f093f0f1-7dc1-44fa-8249-a003f257e421|rpc:10.1.26.0:15059|admin:10.1.26.0:15058|client:10.1.26.0:15057|dataStream:10.1.26.0:15060|priority:1|startupRole:FOLLOWER, 42efe73c-3d9d-41e2-b05d-c69b43a81cba|rpc:10.1.26.0:15041|admin:10.1.26.0:15040|client:10.1.26.0:15039|dataStream:10.1.26.0:15042|priority:0|startupRole:FOLLOWER]|listeners:[], old=null
2023-06-02 19:46:38,113 [42efe73c-3d9d-41e2-b05d-c69b43a81cba@group-CB39D489BD91-LeaderElection6] INFO  server.RaftServerConfigKeys (ConfUtils.java:logFallback(53)) - raft.server.rpc.first-election.timeout.min = 5s (fallback to raft.server.rpc.timeout.min)
2023-06-02 19:46:38,113 [42efe73c-3d9d-41e2-b05d-c69b43a81cba@group-CB39D489BD91-LeaderElection6] INFO  server.RaftServerConfigKeys (ConfUtils.java:logFallback(53)) - raft.server.rpc.first-election.timeout.max = 5200ms (fallback to raft.server.rpc.timeout.max)
2023-06-02 19:46:38,115 [3e53829d-da6c-4746-b554-01bfe538e40e@group-CB39D489BD91-LeaderElection7] INFO  impl.LeaderElection (LeaderElection.java:askForVotes(321)) - 3e53829d-da6c-4746-b554-01bfe538e40e@group-CB39D489BD91-LeaderElection7 PRE_VOTE round 0: submit vote requests at term 0 for -1: peers:[3e53829d-da6c-4746-b554-01bfe538e40e|rpc:10.1.26.0:15050|admin:10.1.26.0:15049|client:10.1.26.0:15048|dataStream:10.1.26.0:15051|priority:0|startupRole:FOLLOWER, f093f0f1-7dc1-44fa-8249-a003f257e421|rpc:10.1.26.0:15059|admin:10.1.26.0:15058|client:10.1.26.0:15057|dataStream:10.1.26.0:15060|priority:1|startupRole:FOLLOWER, 42efe73c-3d9d-41e2-b05d-c69b43a81cba|rpc:10.1.26.0:15041|admin:10.1.26.0:15040|client:10.1.26.0:15039|dataStream:10.1.26.0:15042|priority:0|startupRole:FOLLOWER]|listeners:[], old=null
2023-06-02 19:46:38,116 [3e53829d-da6c-4746-b554-01bfe538e40e@group-CB39D489BD91-LeaderElection7] INFO  server.RaftServerConfigKeys (ConfUtils.java:logFallback(53)) - raft.server.rpc.first-election.timeout.min = 5s (fallback to raft.server.rpc.timeout.min)
2023-06-02 19:46:38,116 [3e53829d-da6c-4746-b554-01bfe538e40e@group-CB39D489BD91-LeaderElection7-1] INFO  server.GrpcServerProtocolClient (GrpcServerProtocolClient.java:<init>(65)) - Build channel for f093f0f1-7dc1-44fa-8249-a003f257e421
2023-06-02 19:46:38,123 [3e53829d-da6c-4746-b554-01bfe538e40e@group-CB39D489BD91-LeaderElection7-2] INFO  server.GrpcServerProtocolClient (GrpcServerProtocolClient.java:<init>(65)) - Build channel for 42efe73c-3d9d-41e2-b05d-c69b43a81cba
2023-06-02 19:46:38,119 [42efe73c-3d9d-41e2-b05d-c69b43a81cba@group-CB39D489BD91-LeaderElection6-2] INFO  server.GrpcServerProtocolClient (GrpcServerProtocolClient.java:<init>(65)) - Build channel for f093f0f1-7dc1-44fa-8249-a003f257e421
2023-06-02 19:46:38,118 [42efe73c-3d9d-41e2-b05d-c69b43a81cba@group-CB39D489BD91-LeaderElection6-1] INFO  server.GrpcServerProtocolClient (GrpcServerProtocolClient.java:<init>(65)) - Build channel for 3e53829d-da6c-4746-b554-01bfe538e40e
2023-06-02 19:46:38,118 [f093f0f1-7dc1-44fa-8249-a003f257e421@group-CB39D489BD91-FollowerState] INFO  impl.FollowerState (FollowerState.java:run(143)) - f093f0f1-7dc1-44fa-8249-a003f257e421@group-CB39D489BD91-FollowerState: change to CANDIDATE, lastRpcElapsedTime:5167751734ns, electionTimeout:5165ms
2023-06-02 19:46:38,125 [f093f0f1-7dc1-44fa-8249-a003f257e421@group-CB39D489BD91-FollowerState] INFO  impl.RoleInfo (RoleInfo.java:shutdownFollowerState(110)) - f093f0f1-7dc1-44fa-8249-a003f257e421: shutdown f093f0f1-7dc1-44fa-8249-a003f257e421@group-CB39D489BD91-FollowerState
2023-06-02 19:46:38,125 [f093f0f1-7dc1-44fa-8249-a003f257e421@group-CB39D489BD91-FollowerState] INFO  server.RaftServer$Division (RaftServerImpl.java:setRole(329)) - f093f0f1-7dc1-44fa-8249-a003f257e421@group-CB39D489BD91: changes role from  FOLLOWER to CANDIDATE at term 0 for changeToCandidate
2023-06-02 19:46:38,125 [f093f0f1-7dc1-44fa-8249-a003f257e421@group-CB39D489BD91-FollowerState] INFO  server.RaftServerConfigKeys (ConfUtils.java:logGet(46)) - raft.server.leaderelection.pre-vote = true (default)
2023-06-02 19:46:38,125 [f093f0f1-7dc1-44fa-8249-a003f257e421@group-CB39D489BD91-FollowerState] INFO  impl.RoleInfo (RoleInfo.java:updateAndGet(139)) - f093f0f1-7dc1-44fa-8249-a003f257e421: start f093f0f1-7dc1-44fa-8249-a003f257e421@group-CB39D489BD91-LeaderElection8
2023-06-02 19:46:38,116 [3e53829d-da6c-4746-b554-01bfe538e40e@group-CB39D489BD91-LeaderElection7] INFO  server.RaftServerConfigKeys (ConfUtils.java:logFallback(53)) - raft.server.rpc.first-election.timeout.max = 5200ms (fallback to raft.server.rpc.timeout.max)
2023-06-02 19:46:38,154 [f093f0f1-7dc1-44fa-8249-a003f257e421@group-CB39D489BD91-LeaderElection8] INFO  impl.LeaderElection (LeaderElection.java:askForVotes(321)) - f093f0f1-7dc1-44fa-8249-a003f257e421@group-CB39D489BD91-LeaderElection8 PRE_VOTE round 0: submit vote requests at term 0 for -1: peers:[3e53829d-da6c-4746-b554-01bfe538e40e|rpc:10.1.26.0:15050|admin:10.1.26.0:15049|client:10.1.26.0:15048|dataStream:10.1.26.0:15051|priority:0|startupRole:FOLLOWER, f093f0f1-7dc1-44fa-8249-a003f257e421|rpc:10.1.26.0:15059|admin:10.1.26.0:15058|client:10.1.26.0:15057|dataStream:10.1.26.0:15060|priority:1|startupRole:FOLLOWER, 42efe73c-3d9d-41e2-b05d-c69b43a81cba|rpc:10.1.26.0:15041|admin:10.1.26.0:15040|client:10.1.26.0:15039|dataStream:10.1.26.0:15042|priority:0|startupRole:FOLLOWER]|listeners:[], old=null
2023-06-02 19:46:38,155 [f093f0f1-7dc1-44fa-8249-a003f257e421@group-CB39D489BD91-LeaderElection8-1] INFO  server.GrpcServerProtocolClient (GrpcServerProtocolClient.java:<init>(65)) - Build channel for 3e53829d-da6c-4746-b554-01bfe538e40e
2023-06-02 19:46:38,155 [f093f0f1-7dc1-44fa-8249-a003f257e421@group-CB39D489BD91-LeaderElection8] INFO  server.RaftServerConfigKeys (ConfUtils.java:logFallback(53)) - raft.server.rpc.first-election.timeout.min = 5s (fallback to raft.server.rpc.timeout.min)
2023-06-02 19:46:38,155 [f093f0f1-7dc1-44fa-8249-a003f257e421@group-CB39D489BD91-LeaderElection8] INFO  server.RaftServerConfigKeys (ConfUtils.java:logFallback(53)) - raft.server.rpc.first-election.timeout.max = 5200ms (fallback to raft.server.rpc.timeout.max)
2023-06-02 19:46:38,157 [grpc-default-executor-5] INFO  server.RaftServer$Division (RaftServerImpl.java:requestVote(1302)) - f093f0f1-7dc1-44fa-8249-a003f257e421@group-CB39D489BD91: receive requestVote(PRE_VOTE, 3e53829d-da6c-4746-b554-01bfe538e40e, group-CB39D489BD91, 0, (t:0, i:0))
2023-06-02 19:46:38,157 [grpc-default-executor-5] INFO  impl.VoteContext (VoteContext.java:log(49)) - f093f0f1-7dc1-44fa-8249-a003f257e421@group-CB39D489BD91-CANDIDATE: reject PRE_VOTE from 3e53829d-da6c-4746-b554-01bfe538e40e: our priority 1 > candidate's priority 0
2023-06-02 19:46:38,157 [grpc-default-executor-5] INFO  server.RaftServer$Division (RaftServerImpl.java:requestVote(1335)) - f093f0f1-7dc1-44fa-8249-a003f257e421@group-CB39D489BD91 replies to PRE_VOTE vote request: 3e53829d-da6c-4746-b554-01bfe538e40e<-f093f0f1-7dc1-44fa-8249-a003f257e421#0:FAIL-t0. Peer's state: f093f0f1-7dc1-44fa-8249-a003f257e421@group-CB39D489BD91:t0, leader=null, voted=, raftlog=Memoized:f093f0f1-7dc1-44fa-8249-a003f257e421@group-CB39D489BD91-SegmentedRaftLog:OPENED:c-1, conf=-1: peers:[3e53829d-da6c-4746-b554-01bfe538e40e|rpc:10.1.26.0:15050|admin:10.1.26.0:15049|client:10.1.26.0:15048|dataStream:10.1.26.0:15051|priority:0|startupRole:FOLLOWER, f093f0f1-7dc1-44fa-8249-a003f257e421|rpc:10.1.26.0:15059|admin:10.1.26.0:15058|client:10.1.26.0:15057|dataStream:10.1.26.0:15060|priority:1|startupRole:FOLLOWER, 42efe73c-3d9d-41e2-b05d-c69b43a81cba|rpc:10.1.26.0:15041|admin:10.1.26.0:15040|client:10.1.26.0:15039|dataStream:10.1.26.0:15042|priority:0|startupRole:FOLLOWER]|listeners:[], old=null
2023-06-02 19:46:38,164 [grpc-default-executor-0] INFO  server.RaftServer$Division (RaftServerImpl.java:requestVote(1302)) - f093f0f1-7dc1-44fa-8249-a003f257e421@group-CB39D489BD91: receive requestVote(PRE_VOTE, 42efe73c-3d9d-41e2-b05d-c69b43a81cba, group-CB39D489BD91, 0, (t:0, i:0))
2023-06-02 19:46:38,164 [grpc-default-executor-0] INFO  impl.VoteContext (VoteContext.java:log(49)) - f093f0f1-7dc1-44fa-8249-a003f257e421@group-CB39D489BD91-CANDIDATE: reject PRE_VOTE from 42efe73c-3d9d-41e2-b05d-c69b43a81cba: our priority 1 > candidate's priority 0
2023-06-02 19:46:38,164 [grpc-default-executor-0] INFO  server.RaftServer$Division (RaftServerImpl.java:requestVote(1335)) - f093f0f1-7dc1-44fa-8249-a003f257e421@group-CB39D489BD91 replies to PRE_VOTE vote request: 42efe73c-3d9d-41e2-b05d-c69b43a81cba<-f093f0f1-7dc1-44fa-8249-a003f257e421#0:FAIL-t0. Peer's state: f093f0f1-7dc1-44fa-8249-a003f257e421@group-CB39D489BD91:t0, leader=null, voted=, raftlog=Memoized:f093f0f1-7dc1-44fa-8249-a003f257e421@group-CB39D489BD91-SegmentedRaftLog:OPENED:c-1, conf=-1: peers:[3e53829d-da6c-4746-b554-01bfe538e40e|rpc:10.1.26.0:15050|admin:10.1.26.0:15049|client:10.1.26.0:15048|dataStream:10.1.26.0:15051|priority:0|startupRole:FOLLOWER, f093f0f1-7dc1-44fa-8249-a003f257e421|rpc:10.1.26.0:15059|admin:10.1.26.0:15058|client:10.1.26.0:15057|dataStream:10.1.26.0:15060|priority:1|startupRole:FOLLOWER, 42efe73c-3d9d-41e2-b05d-c69b43a81cba|rpc:10.1.26.0:15041|admin:10.1.26.0:15040|client:10.1.26.0:15039|dataStream:10.1.26.0:15042|priority:0|startupRole:FOLLOWER]|listeners:[], old=null
2023-06-02 19:46:38,167 [f093f0f1-7dc1-44fa-8249-a003f257e421@group-CB39D489BD91-LeaderElection8-2] INFO  server.GrpcServerProtocolClient (GrpcServerProtocolClient.java:<init>(65)) - Build channel for 42efe73c-3d9d-41e2-b05d-c69b43a81cba
2023-06-02 19:46:38,169 [42efe73c-3d9d-41e2-b05d-c69b43a81cba@group-CB39D489BD91-LeaderElection6] INFO  impl.LeaderElection (LeaderElection.java:logAndReturn(90)) - 42efe73c-3d9d-41e2-b05d-c69b43a81cba@group-CB39D489BD91-LeaderElection6: PRE_VOTE REJECTED received 1 response(s) and 0 exception(s):
2023-06-02 19:46:38,170 [42efe73c-3d9d-41e2-b05d-c69b43a81cba@group-CB39D489BD91-LeaderElection6] INFO  impl.LeaderElection (LeaderElection.java:logAndReturn(94)) -   Response 0: 42efe73c-3d9d-41e2-b05d-c69b43a81cba<-f093f0f1-7dc1-44fa-8249-a003f257e421#0:FAIL-t0
2023-06-02 19:46:38,170 [42efe73c-3d9d-41e2-b05d-c69b43a81cba@group-CB39D489BD91-LeaderElection6] INFO  impl.LeaderElection (LeaderElection.java:askForVotes(323)) - 42efe73c-3d9d-41e2-b05d-c69b43a81cba@group-CB39D489BD91-LeaderElection6 PRE_VOTE round 0: result REJECTED
2023-06-02 19:46:38,170 [42efe73c-3d9d-41e2-b05d-c69b43a81cba@group-CB39D489BD91-LeaderElection6] INFO  server.RaftServer$Division (RaftServerImpl.java:setRole(329)) - 42efe73c-3d9d-41e2-b05d-c69b43a81cba@group-CB39D489BD91: changes role from CANDIDATE to FOLLOWER at term 0 for REJECTED
2023-06-02 19:46:38,170 [42efe73c-3d9d-41e2-b05d-c69b43a81cba@group-CB39D489BD91-LeaderElection6] INFO  impl.RoleInfo (RoleInfo.java:shutdownLeaderElection(130)) - 42efe73c-3d9d-41e2-b05d-c69b43a81cba: shutdown 42efe73c-3d9d-41e2-b05d-c69b43a81cba@group-CB39D489BD91-LeaderElection6
2023-06-02 19:46:38,170 [42efe73c-3d9d-41e2-b05d-c69b43a81cba@group-CB39D489BD91-LeaderElection6] INFO  impl.RoleInfo (RoleInfo.java:updateAndGet(139)) - 42efe73c-3d9d-41e2-b05d-c69b43a81cba: start 42efe73c-3d9d-41e2-b05d-c69b43a81cba@group-CB39D489BD91-FollowerState
2023-06-02 19:46:38,172 [3e53829d-da6c-4746-b554-01bfe538e40e@group-CB39D489BD91-LeaderElection7] INFO  impl.LeaderElection (LeaderElection.java:logAndReturn(90)) - 3e53829d-da6c-4746-b554-01bfe538e40e@group-CB39D489BD91-LeaderElection7: PRE_VOTE REJECTED received 1 response(s) and 0 exception(s):
2023-06-02 19:46:38,173 [3e53829d-da6c-4746-b554-01bfe538e40e@group-CB39D489BD91-LeaderElection7] INFO  impl.LeaderElection (LeaderElection.java:logAndReturn(94)) -   Response 0: 3e53829d-da6c-4746-b554-01bfe538e40e<-f093f0f1-7dc1-44fa-8249-a003f257e421#0:FAIL-t0
2023-06-02 19:46:38,173 [3e53829d-da6c-4746-b554-01bfe538e40e@group-CB39D489BD91-LeaderElection7] INFO  impl.LeaderElection (LeaderElection.java:askForVotes(323)) - 3e53829d-da6c-4746-b554-01bfe538e40e@group-CB39D489BD91-LeaderElection7 PRE_VOTE round 0: result REJECTED
2023-06-02 19:46:38,173 [3e53829d-da6c-4746-b554-01bfe538e40e@group-CB39D489BD91-LeaderElection7] INFO  server.RaftServer$Division (RaftServerImpl.java:setRole(329)) - 3e53829d-da6c-4746-b554-01bfe538e40e@group-CB39D489BD91: changes role from CANDIDATE to FOLLOWER at term 0 for REJECTED
2023-06-02 19:46:38,173 [3e53829d-da6c-4746-b554-01bfe538e40e@group-CB39D489BD91-LeaderElection7] INFO  impl.RoleInfo (RoleInfo.java:shutdownLeaderElection(130)) - 3e53829d-da6c-4746-b554-01bfe538e40e: shutdown 3e53829d-da6c-4746-b554-01bfe538e40e@group-CB39D489BD91-LeaderElection7
2023-06-02 19:46:38,173 [3e53829d-da6c-4746-b554-01bfe538e40e@group-CB39D489BD91-LeaderElection7] INFO  impl.RoleInfo (RoleInfo.java:updateAndGet(139)) - 3e53829d-da6c-4746-b554-01bfe538e40e: start 3e53829d-da6c-4746-b554-01bfe538e40e@group-CB39D489BD91-FollowerState
2023-06-02 19:46:38,187 [grpc-default-executor-0] INFO  server.RaftServer$Division (RaftServerImpl.java:requestVote(1302)) - 42efe73c-3d9d-41e2-b05d-c69b43a81cba@group-CB39D489BD91: receive requestVote(PRE_VOTE, 3e53829d-da6c-4746-b554-01bfe538e40e, group-CB39D489BD91, 0, (t:0, i:0))
2023-06-02 19:46:38,188 [grpc-default-executor-0] INFO  impl.VoteContext (VoteContext.java:log(49)) - 42efe73c-3d9d-41e2-b05d-c69b43a81cba@group-CB39D489BD91-FOLLOWER: accept PRE_VOTE from 3e53829d-da6c-4746-b554-01bfe538e40e: our priority 0 <= candidate's priority 0
2023-06-02 19:46:38,188 [grpc-default-executor-0] INFO  server.RaftServer$Division (RaftServerImpl.java:requestVote(1335)) - 42efe73c-3d9d-41e2-b05d-c69b43a81cba@group-CB39D489BD91 replies to PRE_VOTE vote request: 3e53829d-da6c-4746-b554-01bfe538e40e<-42efe73c-3d9d-41e2-b05d-c69b43a81cba#0:OK-t0. Peer's state: 42efe73c-3d9d-41e2-b05d-c69b43a81cba@group-CB39D489BD91:t0, leader=null, voted=, raftlog=Memoized:42efe73c-3d9d-41e2-b05d-c69b43a81cba@group-CB39D489BD91-SegmentedRaftLog:OPENED:c-1, conf=-1: peers:[3e53829d-da6c-4746-b554-01bfe538e40e|rpc:10.1.26.0:15050|admin:10.1.26.0:15049|client:10.1.26.0:15048|dataStream:10.1.26.0:15051|priority:0|startupRole:FOLLOWER, f093f0f1-7dc1-44fa-8249-a003f257e421|rpc:10.1.26.0:15059|admin:10.1.26.0:15058|client:10.1.26.0:15057|dataStream:10.1.26.0:15060|priority:1|startupRole:FOLLOWER, 42efe73c-3d9d-41e2-b05d-c69b43a81cba|rpc:10.1.26.0:15041|admin:10.1.26.0:15040|client:10.1.26.0:15039|dataStream:10.1.26.0:15042|priority:0|startupRole:FOLLOWER]|listeners:[], old=null
2023-06-02 19:46:38,199 [grpc-default-executor-0] INFO  server.RaftServer$Division (RaftServerImpl.java:requestVote(1302)) - 3e53829d-da6c-4746-b554-01bfe538e40e@group-CB39D489BD91: receive requestVote(PRE_VOTE, f093f0f1-7dc1-44fa-8249-a003f257e421, group-CB39D489BD91, 0, (t:0, i:0))
2023-06-02 19:46:38,199 [grpc-default-executor-0] INFO  impl.VoteContext (VoteContext.java:log(49)) - 3e53829d-da6c-4746-b554-01bfe538e40e@group-CB39D489BD91-FOLLOWER: accept PRE_VOTE from f093f0f1-7dc1-44fa-8249-a003f257e421: our priority 0 <= candidate's priority 1
2023-06-02 19:46:38,199 [grpc-default-executor-0] INFO  server.RaftServer$Division (RaftServerImpl.java:requestVote(1335)) - 3e53829d-da6c-4746-b554-01bfe538e40e@group-CB39D489BD91 replies to PRE_VOTE vote request: f093f0f1-7dc1-44fa-8249-a003f257e421<-3e53829d-da6c-4746-b554-01bfe538e40e#0:OK-t0. Peer's state: 3e53829d-da6c-4746-b554-01bfe538e40e@group-CB39D489BD91:t0, leader=null, voted=, raftlog=Memoized:3e53829d-da6c-4746-b554-01bfe538e40e@group-CB39D489BD91-SegmentedRaftLog:OPENED:c-1, conf=-1: peers:[3e53829d-da6c-4746-b554-01bfe538e40e|rpc:10.1.26.0:15050|admin:10.1.26.0:15049|client:10.1.26.0:15048|dataStream:10.1.26.0:15051|priority:0|startupRole:FOLLOWER, f093f0f1-7dc1-44fa-8249-a003f257e421|rpc:10.1.26.0:15059|admin:10.1.26.0:15058|client:10.1.26.0:15057|dataStream:10.1.26.0:15060|priority:1|startupRole:FOLLOWER, 42efe73c-3d9d-41e2-b05d-c69b43a81cba|rpc:10.1.26.0:15041|admin:10.1.26.0:15040|client:10.1.26.0:15039|dataStream:10.1.26.0:15042|priority:0|startupRole:FOLLOWER]|listeners:[], old=null
2023-06-02 19:46:38,201 [grpc-default-executor-2] INFO  server.RaftServer$Division (RaftServerImpl.java:requestVote(1302)) - 3e53829d-da6c-4746-b554-01bfe538e40e@group-CB39D489BD91: receive requestVote(PRE_VOTE, 42efe73c-3d9d-41e2-b05d-c69b43a81cba, group-CB39D489BD91, 0, (t:0, i:0))
2023-06-02 19:46:38,201 [grpc-default-executor-2] INFO  impl.VoteContext (VoteContext.java:log(49)) - 3e53829d-da6c-4746-b554-01bfe538e40e@group-CB39D489BD91-FOLLOWER: accept PRE_VOTE from 42efe73c-3d9d-41e2-b05d-c69b43a81cba: our priority 0 <= candidate's priority 0
2023-06-02 19:46:38,202 [grpc-default-executor-2] INFO  server.RaftServer$Division (RaftServerImpl.java:requestVote(1335)) - 3e53829d-da6c-4746-b554-01bfe538e40e@group-CB39D489BD91 replies to PRE_VOTE vote request: 42efe73c-3d9d-41e2-b05d-c69b43a81cba<-3e53829d-da6c-4746-b554-01bfe538e40e#0:OK-t0. Peer's state: 3e53829d-da6c-4746-b554-01bfe538e40e@group-CB39D489BD91:t0, leader=null, voted=, raftlog=Memoized:3e53829d-da6c-4746-b554-01bfe538e40e@group-CB39D489BD91-SegmentedRaftLog:OPENED:c-1, conf=-1: peers:[3e53829d-da6c-4746-b554-01bfe538e40e|rpc:10.1.26.0:15050|admin:10.1.26.0:15049|client:10.1.26.0:15048|dataStream:10.1.26.0:15051|priority:0|startupRole:FOLLOWER, f093f0f1-7dc1-44fa-8249-a003f257e421|rpc:10.1.26.0:15059|admin:10.1.26.0:15058|client:10.1.26.0:15057|dataStream:10.1.26.0:15060|priority:1|startupRole:FOLLOWER, 42efe73c-3d9d-41e2-b05d-c69b43a81cba|rpc:10.1.26.0:15041|admin:10.1.26.0:15040|client:10.1.26.0:15039|dataStream:10.1.26.0:15042|priority:0|startupRole:FOLLOWER]|listeners:[], old=null
2023-06-02 19:46:38,205 [f093f0f1-7dc1-44fa-8249-a003f257e421@group-CB39D489BD91-LeaderElection8] INFO  impl.LeaderElection (LeaderElection.java:logAndReturn(90)) - f093f0f1-7dc1-44fa-8249-a003f257e421@group-CB39D489BD91-LeaderElection8: PRE_VOTE PASSED received 1 response(s) and 0 exception(s):
2023-06-02 19:46:38,207 [f093f0f1-7dc1-44fa-8249-a003f257e421@group-CB39D489BD91-LeaderElection8] INFO  impl.LeaderElection (LeaderElection.java:logAndReturn(94)) -   Response 0: f093f0f1-7dc1-44fa-8249-a003f257e421<-3e53829d-da6c-4746-b554-01bfe538e40e#0:OK-t0
2023-06-02 19:46:38,207 [f093f0f1-7dc1-44fa-8249-a003f257e421@group-CB39D489BD91-LeaderElection8] INFO  impl.LeaderElection (LeaderElection.java:askForVotes(323)) - f093f0f1-7dc1-44fa-8249-a003f257e421@group-CB39D489BD91-LeaderElection8 PRE_VOTE round 0: result PASSED
2023-06-02 19:46:38,207 [grpc-default-executor-2] INFO  server.RaftServer$Division (RaftServerImpl.java:requestVote(1302)) - 42efe73c-3d9d-41e2-b05d-c69b43a81cba@group-CB39D489BD91: receive requestVote(PRE_VOTE, f093f0f1-7dc1-44fa-8249-a003f257e421, group-CB39D489BD91, 0, (t:0, i:0))
2023-06-02 19:46:38,208 [grpc-default-executor-2] INFO  impl.VoteContext (VoteContext.java:log(49)) - 42efe73c-3d9d-41e2-b05d-c69b43a81cba@group-CB39D489BD91-FOLLOWER: accept PRE_VOTE from f093f0f1-7dc1-44fa-8249-a003f257e421: our priority 0 <= candidate's priority 1
2023-06-02 19:46:38,208 [grpc-default-executor-2] INFO  server.RaftServer$Division (RaftServerImpl.java:requestVote(1335)) - 42efe73c-3d9d-41e2-b05d-c69b43a81cba@group-CB39D489BD91 replies to PRE_VOTE vote request: f093f0f1-7dc1-44fa-8249-a003f257e421<-42efe73c-3d9d-41e2-b05d-c69b43a81cba#0:OK-t0. Peer's state: 42efe73c-3d9d-41e2-b05d-c69b43a81cba@group-CB39D489BD91:t0, leader=null, voted=, raftlog=Memoized:42efe73c-3d9d-41e2-b05d-c69b43a81cba@group-CB39D489BD91-SegmentedRaftLog:OPENED:c-1, conf=-1: peers:[3e53829d-da6c-4746-b554-01bfe538e40e|rpc:10.1.26.0:15050|admin:10.1.26.0:15049|client:10.1.26.0:15048|dataStream:10.1.26.0:15051|priority:0|startupRole:FOLLOWER, f093f0f1-7dc1-44fa-8249-a003f257e421|rpc:10.1.26.0:15059|admin:10.1.26.0:15058|client:10.1.26.0:15057|dataStream:10.1.26.0:15060|priority:1|startupRole:FOLLOWER, 42efe73c-3d9d-41e2-b05d-c69b43a81cba|rpc:10.1.26.0:15041|admin:10.1.26.0:15040|client:10.1.26.0:15039|dataStream:10.1.26.0:15042|priority:0|startupRole:FOLLOWER]|listeners:[], old=null
2023-06-02 19:46:38,211 [f093f0f1-7dc1-44fa-8249-a003f257e421@group-CB39D489BD91-LeaderElection8] INFO  impl.LeaderElection (LeaderElection.java:askForVotes(321)) - f093f0f1-7dc1-44fa-8249-a003f257e421@group-CB39D489BD91-LeaderElection8 ELECTION round 0: submit vote requests at term 1 for -1: peers:[3e53829d-da6c-4746-b554-01bfe538e40e|rpc:10.1.26.0:15050|admin:10.1.26.0:15049|client:10.1.26.0:15048|dataStream:10.1.26.0:15051|priority:0|startupRole:FOLLOWER, f093f0f1-7dc1-44fa-8249-a003f257e421|rpc:10.1.26.0:15059|admin:10.1.26.0:15058|client:10.1.26.0:15057|dataStream:10.1.26.0:15060|priority:1|startupRole:FOLLOWER, 42efe73c-3d9d-41e2-b05d-c69b43a81cba|rpc:10.1.26.0:15041|admin:10.1.26.0:15040|client:10.1.26.0:15039|dataStream:10.1.26.0:15042|priority:0|startupRole:FOLLOWER]|listeners:[], old=null
2023-06-02 19:46:38,222 [grpc-default-executor-2] INFO  server.RaftServer$Division (RaftServerImpl.java:requestVote(1302)) - 3e53829d-da6c-4746-b554-01bfe538e40e@group-CB39D489BD91: receive requestVote(ELECTION, f093f0f1-7dc1-44fa-8249-a003f257e421, group-CB39D489BD91, 1, (t:0, i:0))
2023-06-02 19:46:38,222 [grpc-default-executor-2] INFO  impl.VoteContext (VoteContext.java:log(49)) - 3e53829d-da6c-4746-b554-01bfe538e40e@group-CB39D489BD91-FOLLOWER: accept ELECTION from f093f0f1-7dc1-44fa-8249-a003f257e421: our priority 0 <= candidate's priority 1
2023-06-02 19:46:38,222 [grpc-default-executor-2] INFO  server.RaftServer$Division (RaftServerImpl.java:setRole(329)) - 3e53829d-da6c-4746-b554-01bfe538e40e@group-CB39D489BD91: changes role from  FOLLOWER to FOLLOWER at term 1 for candidate:f093f0f1-7dc1-44fa-8249-a003f257e421
2023-06-02 19:46:38,222 [grpc-default-executor-2] INFO  impl.RoleInfo (RoleInfo.java:shutdownFollowerState(110)) - 3e53829d-da6c-4746-b554-01bfe538e40e: shutdown 3e53829d-da6c-4746-b554-01bfe538e40e@group-CB39D489BD91-FollowerState
2023-06-02 19:46:38,231 [f093f0f1-7dc1-44fa-8249-a003f257e421@group-CB39D489BD91-LeaderElection8] INFO  server.RaftServerConfigKeys (ConfUtils.java:logFallback(53)) - raft.server.rpc.first-election.timeout.min = 5s (fallback to raft.server.rpc.timeout.min)
2023-06-02 19:46:38,231 [f093f0f1-7dc1-44fa-8249-a003f257e421@group-CB39D489BD91-LeaderElection8] INFO  server.RaftServerConfigKeys (ConfUtils.java:logFallback(53)) - raft.server.rpc.first-election.timeout.max = 5200ms (fallback to raft.server.rpc.timeout.max)
2023-06-02 19:46:38,231 [grpc-default-executor-2] INFO  impl.RoleInfo (RoleInfo.java:updateAndGet(139)) - 3e53829d-da6c-4746-b554-01bfe538e40e: start 3e53829d-da6c-4746-b554-01bfe538e40e@group-CB39D489BD91-FollowerState
2023-06-02 19:46:38,231 [3e53829d-da6c-4746-b554-01bfe538e40e@group-CB39D489BD91-FollowerState] INFO  impl.FollowerState (FollowerState.java:run(152)) - 3e53829d-da6c-4746-b554-01bfe538e40e@group-CB39D489BD91-FollowerState was interrupted
2023-06-02 19:46:38,241 [grpc-default-executor-2] INFO  server.RaftServer$Division (RaftServerImpl.java:requestVote(1335)) - 3e53829d-da6c-4746-b554-01bfe538e40e@group-CB39D489BD91 replies to ELECTION vote request: f093f0f1-7dc1-44fa-8249-a003f257e421<-3e53829d-da6c-4746-b554-01bfe538e40e#0:OK-t1. Peer's state: 3e53829d-da6c-4746-b554-01bfe538e40e@group-CB39D489BD91:t1, leader=null, voted=f093f0f1-7dc1-44fa-8249-a003f257e421, raftlog=Memoized:3e53829d-da6c-4746-b554-01bfe538e40e@group-CB39D489BD91-SegmentedRaftLog:OPENED:c-1, conf=-1: peers:[3e53829d-da6c-4746-b554-01bfe538e40e|rpc:10.1.26.0:15050|admin:10.1.26.0:15049|client:10.1.26.0:15048|dataStream:10.1.26.0:15051|priority:0|startupRole:FOLLOWER, f093f0f1-7dc1-44fa-8249-a003f257e421|rpc:10.1.26.0:15059|admin:10.1.26.0:15058|client:10.1.26.0:15057|dataStream:10.1.26.0:15060|priority:1|startupRole:FOLLOWER, 42efe73c-3d9d-41e2-b05d-c69b43a81cba|rpc:10.1.26.0:15041|admin:10.1.26.0:15040|client:10.1.26.0:15039|dataStream:10.1.26.0:15042|priority:0|startupRole:FOLLOWER]|listeners:[], old=null
2023-06-02 19:46:38,243 [f093f0f1-7dc1-44fa-8249-a003f257e421@group-CB39D489BD91-LeaderElection8] INFO  impl.LeaderElection (LeaderElection.java:logAndReturn(90)) - f093f0f1-7dc1-44fa-8249-a003f257e421@group-CB39D489BD91-LeaderElection8: ELECTION PASSED received 1 response(s) and 0 exception(s):
2023-06-02 19:46:38,243 [f093f0f1-7dc1-44fa-8249-a003f257e421@group-CB39D489BD91-LeaderElection8] INFO  impl.LeaderElection (LeaderElection.java:logAndReturn(94)) -   Response 0: f093f0f1-7dc1-44fa-8249-a003f257e421<-3e53829d-da6c-4746-b554-01bfe538e40e#0:OK-t1
2023-06-02 19:46:38,243 [f093f0f1-7dc1-44fa-8249-a003f257e421@group-CB39D489BD91-LeaderElection8] INFO  impl.LeaderElection (LeaderElection.java:askForVotes(323)) - f093f0f1-7dc1-44fa-8249-a003f257e421@group-CB39D489BD91-LeaderElection8 ELECTION round 0: result PASSED
2023-06-02 19:46:38,243 [f093f0f1-7dc1-44fa-8249-a003f257e421@group-CB39D489BD91-LeaderElection8] INFO  impl.RoleInfo (RoleInfo.java:shutdownLeaderElection(130)) - f093f0f1-7dc1-44fa-8249-a003f257e421: shutdown f093f0f1-7dc1-44fa-8249-a003f257e421@group-CB39D489BD91-LeaderElection8
2023-06-02 19:46:38,243 [f093f0f1-7dc1-44fa-8249-a003f257e421@group-CB39D489BD91-LeaderElection8] INFO  server.RaftServer$Division (RaftServerImpl.java:setRole(329)) - f093f0f1-7dc1-44fa-8249-a003f257e421@group-CB39D489BD91: changes role from CANDIDATE to LEADER at term 1 for changeToLeader
2023-06-02 19:46:38,243 [f093f0f1-7dc1-44fa-8249-a003f257e421@group-CB39D489BD91-LeaderElection8] INFO  ratis.XceiverServerRatis (XceiverServerRatis.java:handleLeaderChangedNotification(902)) - Leader change notification received for group: group-CB39D489BD91 with new leaderId: f093f0f1-7dc1-44fa-8249-a003f257e421
2023-06-02 19:46:38,243 [f093f0f1-7dc1-44fa-8249-a003f257e421@group-CB39D489BD91-LeaderElection8] INFO  server.RaftServer$Division (ServerState.java:setLeader(317)) - f093f0f1-7dc1-44fa-8249-a003f257e421@group-CB39D489BD91: change Leader from null to f093f0f1-7dc1-44fa-8249-a003f257e421 at term 1 for becomeLeader, leader elected after 5321ms
2023-06-02 19:46:38,244 [f093f0f1-7dc1-44fa-8249-a003f257e421@group-CB39D489BD91-LeaderElection8] INFO  server.RaftServerConfigKeys (ConfUtils.java:logGet(46)) - raft.server.staging.catchup.gap = 1000 (default)
2023-06-02 19:46:38,244 [f093f0f1-7dc1-44fa-8249-a003f257e421@group-CB39D489BD91-LeaderElection8] INFO  server.RaftServerConfigKeys (ConfUtils.java:logGet(46)) - raft.server.write.element-limit = 1024 (custom)
2023-06-02 19:46:38,244 [f093f0f1-7dc1-44fa-8249-a003f257e421@group-CB39D489BD91-LeaderElection8] INFO  server.RaftServerConfigKeys (ConfUtils.java:logGet(46)) - raft.server.write.byte-limit = 1024 M (=1073741824) (custom)
2023-06-02 19:46:38,244 [grpc-default-executor-2] INFO  server.RaftServer$Division (RaftServerImpl.java:requestVote(1302)) - 42efe73c-3d9d-41e2-b05d-c69b43a81cba@group-CB39D489BD91: receive requestVote(ELECTION, f093f0f1-7dc1-44fa-8249-a003f257e421, group-CB39D489BD91, 1, (t:0, i:0))
2023-06-02 19:46:38,244 [f093f0f1-7dc1-44fa-8249-a003f257e421@group-CB39D489BD91-LeaderElection8] INFO  server.RaftServerConfigKeys (ConfUtils.java:logGet(46)) - raft.server.watch.timeout = 180s (custom)
2023-06-02 19:46:38,244 [f093f0f1-7dc1-44fa-8249-a003f257e421@group-CB39D489BD91-LeaderElection8] INFO  server.RaftServerConfigKeys (ConfUtils.java:logGet(46)) - raft.server.watch.timeout.denomination = 1s (default)
2023-06-02 19:46:38,244 [f093f0f1-7dc1-44fa-8249-a003f257e421@group-CB39D489BD91-LeaderElection8] INFO  server.RaftServerConfigKeys (ConfUtils.java:logGet(46)) - raft.server.watch.element-limit = 65536 (default)
2023-06-02 19:46:38,244 [grpc-default-executor-2] INFO  impl.VoteContext (VoteContext.java:log(49)) - 42efe73c-3d9d-41e2-b05d-c69b43a81cba@group-CB39D489BD91-FOLLOWER: accept ELECTION from f093f0f1-7dc1-44fa-8249-a003f257e421: our priority 0 <= candidate's priority 1
2023-06-02 19:46:38,245 [grpc-default-executor-2] INFO  server.RaftServer$Division (RaftServerImpl.java:setRole(329)) - 42efe73c-3d9d-41e2-b05d-c69b43a81cba@group-CB39D489BD91: changes role from  FOLLOWER to FOLLOWER at term 1 for candidate:f093f0f1-7dc1-44fa-8249-a003f257e421
2023-06-02 19:46:38,245 [grpc-default-executor-2] INFO  impl.RoleInfo (RoleInfo.java:shutdownFollowerState(110)) - 42efe73c-3d9d-41e2-b05d-c69b43a81cba: shutdown 42efe73c-3d9d-41e2-b05d-c69b43a81cba@group-CB39D489BD91-FollowerState
2023-06-02 19:46:38,245 [grpc-default-executor-2] INFO  impl.RoleInfo (RoleInfo.java:updateAndGet(139)) - 42efe73c-3d9d-41e2-b05d-c69b43a81cba: start 42efe73c-3d9d-41e2-b05d-c69b43a81cba@group-CB39D489BD91-FollowerState
2023-06-02 19:46:38,245 [42efe73c-3d9d-41e2-b05d-c69b43a81cba@group-CB39D489BD91-FollowerState] INFO  impl.FollowerState (FollowerState.java:run(152)) - 42efe73c-3d9d-41e2-b05d-c69b43a81cba@group-CB39D489BD91-FollowerState was interrupted
2023-06-02 19:46:38,247 [EventQueue-PipelineReportForPipelineReportHandler] INFO  pipeline.PipelineManagerImpl (PipelineManagerImpl.java:openPipeline(367)) - Pipeline Pipeline[ Id: 352e2afc-c078-428a-ace7-cb39d489bd91, Nodes: f093f0f1-7dc1-44fa-8249-a003f257e421(fv-az459-618.msq0az1vewme3jsxyslsv0htic.jx.internal.cloudapp.net/10.1.26.0)3e53829d-da6c-4746-b554-01bfe538e40e(fv-az459-618.msq0az1vewme3jsxyslsv0htic.jx.internal.cloudapp.net/10.1.26.0)42efe73c-3d9d-41e2-b05d-c69b43a81cba(fv-az459-618.msq0az1vewme3jsxyslsv0htic.jx.internal.cloudapp.net/10.1.26.0), ReplicationConfig: RATIS/THREE, State:ALLOCATED, leaderId:f093f0f1-7dc1-44fa-8249-a003f257e421, CreationTimestamp2023-06-02T19:46:30.804Z[Etc/UTC]] moved to OPEN state
2023-06-02 19:46:38,244 [f093f0f1-7dc1-44fa-8249-a003f257e421@group-CB39D489BD91-LeaderElection8] INFO  server.RaftServerConfigKeys (ConfUtils.java:logGet(46)) - raft.server.write.element-limit = 1024 (custom)
2023-06-02 19:46:38,248 [f093f0f1-7dc1-44fa-8249-a003f257e421@group-CB39D489BD91-LeaderElection8] INFO  server.RaftServerConfigKeys (ConfUtils.java:logGet(46)) - raft.server.write.follower.gap.ratio.max = -1.0 (default)
2023-06-02 19:46:38,249 [f093f0f1-7dc1-44fa-8249-a003f257e421@group-CB39D489BD91-LeaderElection8] INFO  server.RaftServerConfigKeys (ConfUtils.java:logGet(46)) - raft.server.log.appender.snapshot.chunk.size.max = 16MB (=16777216) (default)
2023-06-02 19:46:38,249 [f093f0f1-7dc1-44fa-8249-a003f257e421@group-CB39D489BD91-LeaderElection8] INFO  server.RaftServerConfigKeys (ConfUtils.java:logGet(46)) - raft.server.log.appender.buffer.byte-limit = 33554432 (custom)
2023-06-02 19:46:38,249 [f093f0f1-7dc1-44fa-8249-a003f257e421@group-CB39D489BD91-LeaderElection8] INFO  server.RaftServerConfigKeys (ConfUtils.java:logGet(46)) - raft.server.log.appender.buffer.element-limit = 1 (custom)
2023-06-02 19:46:38,259 [f093f0f1-7dc1-44fa-8249-a003f257e421@group-CB39D489BD91-LeaderElection8] INFO  server.RaftServerConfigKeys (ConfUtils.java:logGet(46)) - raft.server.log.appender.wait-time.min = 10ms (default)
2023-06-02 19:46:38,259 [f093f0f1-7dc1-44fa-8249-a003f257e421@group-CB39D489BD91-LeaderElection8] INFO  grpc.GrpcConfigKeys (ConfUtils.java:logGet(46)) - raft.grpc.server.leader.outstanding.appends.max = 128 (default)
2023-06-02 19:46:38,262 [f093f0f1-7dc1-44fa-8249-a003f257e421@group-CB39D489BD91-LeaderElection8] INFO  server.RaftServerConfigKeys (ConfUtils.java:logGet(46)) - raft.server.rpc.request.timeout = 60s (custom)
2023-06-02 19:46:38,262 [f093f0f1-7dc1-44fa-8249-a003f257e421@group-CB39D489BD91-LeaderElection8] INFO  grpc.GrpcConfigKeys (ConfUtils.java:logGet(46)) - raft.grpc.server.install_snapshot.request.element-limit = 8 (default)
2023-06-02 19:46:38,263 [f093f0f1-7dc1-44fa-8249-a003f257e421@group-CB39D489BD91-LeaderElection8] INFO  grpc.GrpcConfigKeys (ConfUtils.java:logGet(46)) - raft.grpc.server.install_snapshot.request.timeout = 3000ms (default)
2023-06-02 19:46:38,268 [grpc-default-executor-2] INFO  server.RaftServer$Division (RaftServerImpl.java:requestVote(1335)) - 42efe73c-3d9d-41e2-b05d-c69b43a81cba@group-CB39D489BD91 replies to ELECTION vote request: f093f0f1-7dc1-44fa-8249-a003f257e421<-42efe73c-3d9d-41e2-b05d-c69b43a81cba#0:OK-t1. Peer's state: 42efe73c-3d9d-41e2-b05d-c69b43a81cba@group-CB39D489BD91:t1, leader=null, voted=f093f0f1-7dc1-44fa-8249-a003f257e421, raftlog=Memoized:42efe73c-3d9d-41e2-b05d-c69b43a81cba@group-CB39D489BD91-SegmentedRaftLog:OPENED:c-1, conf=-1: peers:[3e53829d-da6c-4746-b554-01bfe538e40e|rpc:10.1.26.0:15050|admin:10.1.26.0:15049|client:10.1.26.0:15048|dataStream:10.1.26.0:15051|priority:0|startupRole:FOLLOWER, f093f0f1-7dc1-44fa-8249-a003f257e421|rpc:10.1.26.0:15059|admin:10.1.26.0:15058|client:10.1.26.0:15057|dataStream:10.1.26.0:15060|priority:1|startupRole:FOLLOWER, 42efe73c-3d9d-41e2-b05d-c69b43a81cba|rpc:10.1.26.0:15041|admin:10.1.26.0:15040|client:10.1.26.0:15039|dataStream:10.1.26.0:15042|priority:0|startupRole:FOLLOWER]|listeners:[], old=null
2023-06-02 19:46:38,270 [f093f0f1-7dc1-44fa-8249-a003f257e421@group-CB39D489BD91-LeaderElection8] INFO  server.RaftServerConfigKeys (ConfUtils.java:logGet(46)) - raft.server.log.appender.install.snapshot.enabled = false (custom)
2023-06-02 19:46:38,270 [f093f0f1-7dc1-44fa-8249-a003f257e421@group-CB39D489BD91-LeaderElection8] INFO  grpc.GrpcConfigKeys (ConfUtils.java:logGet(46)) - raft.grpc.server.heartbeat.channel = true (default)
2023-06-02 19:46:38,275 [f093f0f1-7dc1-44fa-8249-a003f257e421@group-CB39D489BD91-LeaderElection8] INFO  server.RaftServerConfigKeys (ConfUtils.java:logGet(46)) - raft.server.log.appender.snapshot.chunk.size.max = 16MB (=16777216) (default)
2023-06-02 19:46:38,275 [f093f0f1-7dc1-44fa-8249-a003f257e421@group-CB39D489BD91-LeaderElection8] INFO  server.RaftServerConfigKeys (ConfUtils.java:logGet(46)) - raft.server.log.appender.buffer.byte-limit = 33554432 (custom)
2023-06-02 19:46:38,275 [f093f0f1-7dc1-44fa-8249-a003f257e421@group-CB39D489BD91-LeaderElection8] INFO  server.RaftServerConfigKeys (ConfUtils.java:logGet(46)) - raft.server.log.appender.buffer.element-limit = 1 (custom)
2023-06-02 19:46:38,277 [f093f0f1-7dc1-44fa-8249-a003f257e421@group-CB39D489BD91-LeaderElection8] INFO  server.RaftServerConfigKeys (ConfUtils.java:logGet(46)) - raft.server.log.appender.wait-time.min = 10ms (default)
2023-06-02 19:46:38,277 [f093f0f1-7dc1-44fa-8249-a003f257e421@group-CB39D489BD91-LeaderElection8] INFO  grpc.GrpcConfigKeys (ConfUtils.java:logGet(46)) - raft.grpc.server.leader.outstanding.appends.max = 128 (default)
2023-06-02 19:46:38,277 [f093f0f1-7dc1-44fa-8249-a003f257e421@group-CB39D489BD91-LeaderElection8] INFO  server.RaftServerConfigKeys (ConfUtils.java:logGet(46)) - raft.server.rpc.request.timeout = 60s (custom)
2023-06-02 19:46:38,277 [f093f0f1-7dc1-44fa-8249-a003f257e421@group-CB39D489BD91-LeaderElection8] INFO  grpc.GrpcConfigKeys (ConfUtils.java:logGet(46)) - raft.grpc.server.install_snapshot.request.element-limit = 8 (default)
2023-06-02 19:46:38,277 [f093f0f1-7dc1-44fa-8249-a003f257e421@group-CB39D489BD91-LeaderElection8] INFO  grpc.GrpcConfigKeys (ConfUtils.java:logGet(46)) - raft.grpc.server.install_snapshot.request.timeout = 3000ms (default)
2023-06-02 19:46:38,277 [f093f0f1-7dc1-44fa-8249-a003f257e421@group-CB39D489BD91-LeaderElection8] INFO  server.RaftServerConfigKeys (ConfUtils.java:logGet(46)) - raft.server.log.appender.install.snapshot.enabled = false (custom)
2023-06-02 19:46:38,277 [f093f0f1-7dc1-44fa-8249-a003f257e421@group-CB39D489BD91-LeaderElection8] INFO  grpc.GrpcConfigKeys (ConfUtils.java:logGet(46)) - raft.grpc.server.heartbeat.channel = true (default)
2023-06-02 19:46:38,277 [f093f0f1-7dc1-44fa-8249-a003f257e421@group-CB39D489BD91-LeaderElection8] INFO  impl.RoleInfo (RoleInfo.java:updateAndGet(139)) - f093f0f1-7dc1-44fa-8249-a003f257e421: start f093f0f1-7dc1-44fa-8249-a003f257e421@group-CB39D489BD91-LeaderStateImpl
2023-06-02 19:46:38,278 [f093f0f1-7dc1-44fa-8249-a003f257e421@group-CB39D489BD91-LeaderElection8] INFO  segmented.SegmentedRaftLogWorker (SegmentedRaftLogWorker.java:startLogSegment(447)) - f093f0f1-7dc1-44fa-8249-a003f257e421@group-CB39D489BD91-SegmentedRaftLogWorker: Starting segment from index:0
2023-06-02 19:46:38,280 [f093f0f1-7dc1-44fa-8249-a003f257e421@group-CB39D489BD91-SegmentedRaftLogWorker] INFO  segmented.SegmentedRaftLogWorker (SegmentedRaftLogWorker.java:execute(651)) - f093f0f1-7dc1-44fa-8249-a003f257e421@group-CB39D489BD91-SegmentedRaftLogWorker: created new log segment /home/runner/work/ozone/ozone/hadoop-ozone/integration-test/target/test-dir/MiniOzoneClusterImpl-e4789928-4fd4-479e-857e-ac334458de01/datanode-5/data/ratis/352e2afc-c078-428a-ace7-cb39d489bd91/current/log_inprogress_0
2023-06-02 19:46:38,296 [f093f0f1-7dc1-44fa-8249-a003f257e421@group-CB39D489BD91-LeaderElection8] INFO  server.RaftServer$Division (ServerState.java:setRaftConf(434)) - f093f0f1-7dc1-44fa-8249-a003f257e421@group-CB39D489BD91: set configuration 0: peers:[3e53829d-da6c-4746-b554-01bfe538e40e|rpc:10.1.26.0:15050|admin:10.1.26.0:15049|client:10.1.26.0:15048|dataStream:10.1.26.0:15051|priority:0|startupRole:FOLLOWER, f093f0f1-7dc1-44fa-8249-a003f257e421|rpc:10.1.26.0:15059|admin:10.1.26.0:15058|client:10.1.26.0:15057|dataStream:10.1.26.0:15060|priority:1|startupRole:FOLLOWER, 42efe73c-3d9d-41e2-b05d-c69b43a81cba|rpc:10.1.26.0:15041|admin:10.1.26.0:15040|client:10.1.26.0:15039|dataStream:10.1.26.0:15042|priority:0|startupRole:FOLLOWER]|listeners:[], old=null
2023-06-02 19:46:38,321 [3e53829d-da6c-4746-b554-01bfe538e40e-server-thread1] INFO  ratis.XceiverServerRatis (XceiverServerRatis.java:handleLeaderChangedNotification(902)) - Leader change notification received for group: group-CB39D489BD91 with new leaderId: f093f0f1-7dc1-44fa-8249-a003f257e421
2023-06-02 19:46:38,321 [3e53829d-da6c-4746-b554-01bfe538e40e-server-thread1] INFO  server.RaftServer$Division (ServerState.java:setLeader(317)) - 3e53829d-da6c-4746-b554-01bfe538e40e@group-CB39D489BD91: change Leader from null to f093f0f1-7dc1-44fa-8249-a003f257e421 at term 1 for appendEntries, leader elected after 5327ms
2023-06-02 19:46:38,322 [42efe73c-3d9d-41e2-b05d-c69b43a81cba-server-thread2] INFO  ratis.XceiverServerRatis (XceiverServerRatis.java:handleLeaderChangedNotification(902)) - Leader change notification received for group: group-CB39D489BD91 with new leaderId: f093f0f1-7dc1-44fa-8249-a003f257e421
2023-06-02 19:46:38,322 [42efe73c-3d9d-41e2-b05d-c69b43a81cba-server-thread2] INFO  server.RaftServer$Division (ServerState.java:setLeader(317)) - 42efe73c-3d9d-41e2-b05d-c69b43a81cba@group-CB39D489BD91: change Leader from null to f093f0f1-7dc1-44fa-8249-a003f257e421 at term 1 for appendEntries, leader elected after 5454ms
2023-06-02 19:46:38,336 [42efe73c-3d9d-41e2-b05d-c69b43a81cba-server-thread2] INFO  server.RaftServer$Division (ServerState.java:setRaftConf(434)) - 42efe73c-3d9d-41e2-b05d-c69b43a81cba@group-CB39D489BD91: set configuration 0: peers:[3e53829d-da6c-4746-b554-01bfe538e40e|rpc:10.1.26.0:15050|admin:10.1.26.0:15049|client:10.1.26.0:15048|dataStream:10.1.26.0:15051|priority:0|startupRole:FOLLOWER, f093f0f1-7dc1-44fa-8249-a003f257e421|rpc:10.1.26.0:15059|admin:10.1.26.0:15058|client:10.1.26.0:15057|dataStream:10.1.26.0:15060|priority:1|startupRole:FOLLOWER, 42efe73c-3d9d-41e2-b05d-c69b43a81cba|rpc:10.1.26.0:15041|admin:10.1.26.0:15040|client:10.1.26.0:15039|dataStream:10.1.26.0:15042|priority:0|startupRole:FOLLOWER]|listeners:[], old=null
2023-06-02 19:46:38,336 [3e53829d-da6c-4746-b554-01bfe538e40e-server-thread2] INFO  server.RaftServer$Division (ServerState.java:setRaftConf(434)) - 3e53829d-da6c-4746-b554-01bfe538e40e@group-CB39D489BD91: set configuration 0: peers:[3e53829d-da6c-4746-b554-01bfe538e40e|rpc:10.1.26.0:15050|admin:10.1.26.0:15049|client:10.1.26.0:15048|dataStream:10.1.26.0:15051|priority:0|startupRole:FOLLOWER, f093f0f1-7dc1-44fa-8249-a003f257e421|rpc:10.1.26.0:15059|admin:10.1.26.0:15058|client:10.1.26.0:15057|dataStream:10.1.26.0:15060|priority:1|startupRole:FOLLOWER, 42efe73c-3d9d-41e2-b05d-c69b43a81cba|rpc:10.1.26.0:15041|admin:10.1.26.0:15040|client:10.1.26.0:15039|dataStream:10.1.26.0:15042|priority:0|startupRole:FOLLOWER]|listeners:[], old=null
2023-06-02 19:46:38,337 [42efe73c-3d9d-41e2-b05d-c69b43a81cba-server-thread2] INFO  segmented.SegmentedRaftLogWorker (SegmentedRaftLogWorker.java:startLogSegment(447)) - 42efe73c-3d9d-41e2-b05d-c69b43a81cba@group-CB39D489BD91-SegmentedRaftLogWorker: Starting segment from index:0
2023-06-02 19:46:38,337 [3e53829d-da6c-4746-b554-01bfe538e40e-server-thread2] INFO  segmented.SegmentedRaftLogWorker (SegmentedRaftLogWorker.java:startLogSegment(447)) - 3e53829d-da6c-4746-b554-01bfe538e40e@group-CB39D489BD91-SegmentedRaftLogWorker: Starting segment from index:0
2023-06-02 19:46:38,340 [3e53829d-da6c-4746-b554-01bfe538e40e@group-CB39D489BD91-SegmentedRaftLogWorker] INFO  segmented.SegmentedRaftLogWorker (SegmentedRaftLogWorker.java:execute(651)) - 3e53829d-da6c-4746-b554-01bfe538e40e@group-CB39D489BD91-SegmentedRaftLogWorker: created new log segment /home/runner/work/ozone/ozone/hadoop-ozone/integration-test/target/test-dir/MiniOzoneClusterImpl-e4789928-4fd4-479e-857e-ac334458de01/datanode-4/data/ratis/352e2afc-c078-428a-ace7-cb39d489bd91/current/log_inprogress_0
2023-06-02 19:46:38,341 [42efe73c-3d9d-41e2-b05d-c69b43a81cba@group-CB39D489BD91-SegmentedRaftLogWorker] INFO  segmented.SegmentedRaftLogWorker (SegmentedRaftLogWorker.java:execute(651)) - 42efe73c-3d9d-41e2-b05d-c69b43a81cba@group-CB39D489BD91-SegmentedRaftLogWorker: created new log segment /home/runner/work/ozone/ozone/hadoop-ozone/integration-test/target/test-dir/MiniOzoneClusterImpl-e4789928-4fd4-479e-857e-ac334458de01/datanode-3/data/ratis/352e2afc-c078-428a-ace7-cb39d489bd91/current/log_inprogress_0
2023-06-02 19:46:38,495 [3e53829d-da6c-4746-b554-01bfe538e40e@group-C0A7CF4346C3-FollowerState] INFO  impl.FollowerState (FollowerState.java:run(143)) - 3e53829d-da6c-4746-b554-01bfe538e40e@group-C0A7CF4346C3-FollowerState: change to CANDIDATE, lastRpcElapsedTime:5048711583ns, electionTimeout:5043ms
2023-06-02 19:46:38,495 [3e53829d-da6c-4746-b554-01bfe538e40e@group-C0A7CF4346C3-FollowerState] INFO  impl.RoleInfo (RoleInfo.java:shutdownFollowerState(110)) - 3e53829d-da6c-4746-b554-01bfe538e40e: shutdown 3e53829d-da6c-4746-b554-01bfe538e40e@group-C0A7CF4346C3-FollowerState
2023-06-02 19:46:38,495 [3e53829d-da6c-4746-b554-01bfe538e40e@group-C0A7CF4346C3-FollowerState] INFO  server.RaftServer$Division (RaftServerImpl.java:setRole(329)) - 3e53829d-da6c-4746-b554-01bfe538e40e@group-C0A7CF4346C3: changes role from  FOLLOWER to CANDIDATE at term 0 for changeToCandidate
2023-06-02 19:46:38,495 [3e53829d-da6c-4746-b554-01bfe538e40e@group-C0A7CF4346C3-FollowerState] INFO  server.RaftServerConfigKeys (ConfUtils.java:logGet(46)) - raft.server.leaderelection.pre-vote = true (default)
2023-06-02 19:46:38,495 [3e53829d-da6c-4746-b554-01bfe538e40e@group-C0A7CF4346C3-FollowerState] INFO  impl.RoleInfo (RoleInfo.java:updateAndGet(139)) - 3e53829d-da6c-4746-b554-01bfe538e40e: start 3e53829d-da6c-4746-b554-01bfe538e40e@group-C0A7CF4346C3-LeaderElection9
2023-06-02 19:46:38,510 [3e53829d-da6c-4746-b554-01bfe538e40e@group-C0A7CF4346C3-LeaderElection9] INFO  impl.LeaderElection (LeaderElection.java:askForVotes(321)) - 3e53829d-da6c-4746-b554-01bfe538e40e@group-C0A7CF4346C3-LeaderElection9 PRE_VOTE round 0: submit vote requests at term 0 for -1: peers:[3e53829d-da6c-4746-b554-01bfe538e40e|rpc:10.1.26.0:15050|admin:10.1.26.0:15049|client:10.1.26.0:15048|dataStream:10.1.26.0:15051|priority:0|startupRole:FOLLOWER, f093f0f1-7dc1-44fa-8249-a003f257e421|rpc:10.1.26.0:15059|admin:10.1.26.0:15058|client:10.1.26.0:15057|dataStream:10.1.26.0:15060|priority:0|startupRole:FOLLOWER, 42efe73c-3d9d-41e2-b05d-c69b43a81cba|rpc:10.1.26.0:15041|admin:10.1.26.0:15040|client:10.1.26.0:15039|dataStream:10.1.26.0:15042|priority:1|startupRole:FOLLOWER]|listeners:[], old=null
2023-06-02 19:46:38,511 [3e53829d-da6c-4746-b554-01bfe538e40e@group-C0A7CF4346C3-LeaderElection9] INFO  server.RaftServerConfigKeys (ConfUtils.java:logFallback(53)) - raft.server.rpc.first-election.timeout.min = 5s (fallback to raft.server.rpc.timeout.min)
2023-06-02 19:46:38,512 [3e53829d-da6c-4746-b554-01bfe538e40e@group-C0A7CF4346C3-LeaderElection9] INFO  server.RaftServerConfigKeys (ConfUtils.java:logFallback(53)) - raft.server.rpc.first-election.timeout.max = 5200ms (fallback to raft.server.rpc.timeout.max)
2023-06-02 19:46:38,513 [grpc-default-executor-5] INFO  server.RaftServer$Division (RaftServerImpl.java:requestVote(1302)) - f093f0f1-7dc1-44fa-8249-a003f257e421@group-C0A7CF4346C3: receive requestVote(PRE_VOTE, 3e53829d-da6c-4746-b554-01bfe538e40e, group-C0A7CF4346C3, 0, (t:0, i:0))
2023-06-02 19:46:38,513 [grpc-default-executor-5] INFO  impl.VoteContext (VoteContext.java:log(49)) - f093f0f1-7dc1-44fa-8249-a003f257e421@group-C0A7CF4346C3-FOLLOWER: accept PRE_VOTE from 3e53829d-da6c-4746-b554-01bfe538e40e: our priority 0 <= candidate's priority 0
2023-06-02 19:46:38,513 [grpc-default-executor-5] INFO  server.RaftServer$Division (RaftServerImpl.java:requestVote(1335)) - f093f0f1-7dc1-44fa-8249-a003f257e421@group-C0A7CF4346C3 replies to PRE_VOTE vote request: 3e53829d-da6c-4746-b554-01bfe538e40e<-f093f0f1-7dc1-44fa-8249-a003f257e421#0:OK-t0. Peer's state: f093f0f1-7dc1-44fa-8249-a003f257e421@group-C0A7CF4346C3:t0, leader=null, voted=, raftlog=Memoized:f093f0f1-7dc1-44fa-8249-a003f257e421@group-C0A7CF4346C3-SegmentedRaftLog:OPENED:c-1, conf=-1: peers:[3e53829d-da6c-4746-b554-01bfe538e40e|rpc:10.1.26.0:15050|admin:10.1.26.0:15049|client:10.1.26.0:15048|dataStream:10.1.26.0:15051|priority:0|startupRole:FOLLOWER, f093f0f1-7dc1-44fa-8249-a003f257e421|rpc:10.1.26.0:15059|admin:10.1.26.0:15058|client:10.1.26.0:15057|dataStream:10.1.26.0:15060|priority:0|startupRole:FOLLOWER, 42efe73c-3d9d-41e2-b05d-c69b43a81cba|rpc:10.1.26.0:15041|admin:10.1.26.0:15040|client:10.1.26.0:15039|dataStream:10.1.26.0:15042|priority:1|startupRole:FOLLOWER]|listeners:[], old=null
2023-06-02 19:46:38,518 [grpc-default-executor-5] INFO  server.RaftServer$Division (RaftServerImpl.java:requestVote(1302)) - 42efe73c-3d9d-41e2-b05d-c69b43a81cba@group-C0A7CF4346C3: receive requestVote(PRE_VOTE, 3e53829d-da6c-4746-b554-01bfe538e40e, group-C0A7CF4346C3, 0, (t:0, i:0))
2023-06-02 19:46:38,518 [grpc-default-executor-5] INFO  impl.VoteContext (VoteContext.java:log(49)) - 42efe73c-3d9d-41e2-b05d-c69b43a81cba@group-C0A7CF4346C3-FOLLOWER: reject PRE_VOTE from 3e53829d-da6c-4746-b554-01bfe538e40e: our priority 1 > candidate's priority 0
2023-06-02 19:46:38,518 [grpc-default-executor-5] INFO  server.RaftServer$Division (RaftServerImpl.java:requestVote(1335)) - 42efe73c-3d9d-41e2-b05d-c69b43a81cba@group-C0A7CF4346C3 replies to PRE_VOTE vote request: 3e53829d-da6c-4746-b554-01bfe538e40e<-42efe73c-3d9d-41e2-b05d-c69b43a81cba#0:FAIL-t0. Peer's state: 42efe73c-3d9d-41e2-b05d-c69b43a81cba@group-C0A7CF4346C3:t0, leader=null, voted=, raftlog=Memoized:42efe73c-3d9d-41e2-b05d-c69b43a81cba@group-C0A7CF4346C3-SegmentedRaftLog:OPENED:c-1, conf=-1: peers:[3e53829d-da6c-4746-b554-01bfe538e40e|rpc:10.1.26.0:15050|admin:10.1.26.0:15049|client:10.1.26.0:15048|dataStream:10.1.26.0:15051|priority:0|startupRole:FOLLOWER, f093f0f1-7dc1-44fa-8249-a003f257e421|rpc:10.1.26.0:15059|admin:10.1.26.0:15058|client:10.1.26.0:15057|dataStream:10.1.26.0:15060|priority:0|startupRole:FOLLOWER, 42efe73c-3d9d-41e2-b05d-c69b43a81cba|rpc:10.1.26.0:15041|admin:10.1.26.0:15040|client:10.1.26.0:15039|dataStream:10.1.26.0:15042|priority:1|startupRole:FOLLOWER]|listeners:[], old=null
2023-06-02 19:46:38,522 [3e53829d-da6c-4746-b554-01bfe538e40e@group-C0A7CF4346C3-LeaderElection9] INFO  impl.LeaderElection (LeaderElection.java:logAndReturn(90)) - 3e53829d-da6c-4746-b554-01bfe538e40e@group-C0A7CF4346C3-LeaderElection9: PRE_VOTE REJECTED received 2 response(s) and 0 exception(s):
2023-06-02 19:46:38,522 [3e53829d-da6c-4746-b554-01bfe538e40e@group-C0A7CF4346C3-LeaderElection9] INFO  impl.LeaderElection (LeaderElection.java:logAndReturn(94)) -   Response 0: 3e53829d-da6c-4746-b554-01bfe538e40e<-f093f0f1-7dc1-44fa-8249-a003f257e421#0:OK-t0
2023-06-02 19:46:38,522 [3e53829d-da6c-4746-b554-01bfe538e40e@group-C0A7CF4346C3-LeaderElection9] INFO  impl.LeaderElection (LeaderElection.java:logAndReturn(94)) -   Response 1: 3e53829d-da6c-4746-b554-01bfe538e40e<-42efe73c-3d9d-41e2-b05d-c69b43a81cba#0:FAIL-t0
2023-06-02 19:46:38,522 [3e53829d-da6c-4746-b554-01bfe538e40e@group-C0A7CF4346C3-LeaderElection9] INFO  impl.LeaderElection (LeaderElection.java:askForVotes(323)) - 3e53829d-da6c-4746-b554-01bfe538e40e@group-C0A7CF4346C3-LeaderElection9 PRE_VOTE round 0: result REJECTED
2023-06-02 19:46:38,522 [3e53829d-da6c-4746-b554-01bfe538e40e@group-C0A7CF4346C3-LeaderElection9] INFO  server.RaftServer$Division (RaftServerImpl.java:setRole(329)) - 3e53829d-da6c-4746-b554-01bfe538e40e@group-C0A7CF4346C3: changes role from CANDIDATE to FOLLOWER at term 0 for REJECTED
2023-06-02 19:46:38,522 [3e53829d-da6c-4746-b554-01bfe538e40e@group-C0A7CF4346C3-LeaderElection9] INFO  impl.RoleInfo (RoleInfo.java:shutdownLeaderElection(130)) - 3e53829d-da6c-4746-b554-01bfe538e40e: shutdown 3e53829d-da6c-4746-b554-01bfe538e40e@group-C0A7CF4346C3-LeaderElection9
2023-06-02 19:46:38,526 [3e53829d-da6c-4746-b554-01bfe538e40e@group-C0A7CF4346C3-LeaderElection9] INFO  impl.RoleInfo (RoleInfo.java:updateAndGet(139)) - 3e53829d-da6c-4746-b554-01bfe538e40e: start 3e53829d-da6c-4746-b554-01bfe538e40e@group-C0A7CF4346C3-FollowerState
2023-06-02 19:46:38,541 [42efe73c-3d9d-41e2-b05d-c69b43a81cba@group-C0A7CF4346C3-FollowerState] INFO  impl.FollowerState (FollowerState.java:run(143)) - 42efe73c-3d9d-41e2-b05d-c69b43a81cba@group-C0A7CF4346C3-FollowerState: change to CANDIDATE, lastRpcElapsedTime:5047273608ns, electionTimeout:5042ms
2023-06-02 19:46:38,541 [42efe73c-3d9d-41e2-b05d-c69b43a81cba@group-C0A7CF4346C3-FollowerState] INFO  impl.RoleInfo (RoleInfo.java:shutdownFollowerState(110)) - 42efe73c-3d9d-41e2-b05d-c69b43a81cba: shutdown 42efe73c-3d9d-41e2-b05d-c69b43a81cba@group-C0A7CF4346C3-FollowerState
2023-06-02 19:46:38,541 [42efe73c-3d9d-41e2-b05d-c69b43a81cba@group-C0A7CF4346C3-FollowerState] INFO  server.RaftServer$Division (RaftServerImpl.java:setRole(329)) - 42efe73c-3d9d-41e2-b05d-c69b43a81cba@group-C0A7CF4346C3: changes role from  FOLLOWER to CANDIDATE at term 0 for changeToCandidate
2023-06-02 19:46:38,541 [42efe73c-3d9d-41e2-b05d-c69b43a81cba@group-C0A7CF4346C3-FollowerState] INFO  server.RaftServerConfigKeys (ConfUtils.java:logGet(46)) - raft.server.leaderelection.pre-vote = true (default)
2023-06-02 19:46:38,542 [42efe73c-3d9d-41e2-b05d-c69b43a81cba@group-C0A7CF4346C3-FollowerState] INFO  impl.RoleInfo (RoleInfo.java:updateAndGet(139)) - 42efe73c-3d9d-41e2-b05d-c69b43a81cba: start 42efe73c-3d9d-41e2-b05d-c69b43a81cba@group-C0A7CF4346C3-LeaderElection10
2023-06-02 19:46:38,545 [42efe73c-3d9d-41e2-b05d-c69b43a81cba@group-C0A7CF4346C3-LeaderElection10] INFO  impl.LeaderElection (LeaderElection.java:askForVotes(321)) - 42efe73c-3d9d-41e2-b05d-c69b43a81cba@group-C0A7CF4346C3-LeaderElection10 PRE_VOTE round 0: submit vote requests at term 0 for -1: peers:[3e53829d-da6c-4746-b554-01bfe538e40e|rpc:10.1.26.0:15050|admin:10.1.26.0:15049|client:10.1.26.0:15048|dataStream:10.1.26.0:15051|priority:0|startupRole:FOLLOWER, f093f0f1-7dc1-44fa-8249-a003f257e421|rpc:10.1.26.0:15059|admin:10.1.26.0:15058|client:10.1.26.0:15057|dataStream:10.1.26.0:15060|priority:0|startupRole:FOLLOWER, 42efe73c-3d9d-41e2-b05d-c69b43a81cba|rpc:10.1.26.0:15041|admin:10.1.26.0:15040|client:10.1.26.0:15039|dataStream:10.1.26.0:15042|priority:1|startupRole:FOLLOWER]|listeners:[], old=null
2023-06-02 19:46:38,548 [42efe73c-3d9d-41e2-b05d-c69b43a81cba@group-C0A7CF4346C3-LeaderElection10] INFO  server.RaftServerConfigKeys (ConfUtils.java:logFallback(53)) - raft.server.rpc.first-election.timeout.min = 5s (fallback to raft.server.rpc.timeout.min)
2023-06-02 19:46:38,548 [42efe73c-3d9d-41e2-b05d-c69b43a81cba@group-C0A7CF4346C3-LeaderElection10] INFO  server.RaftServerConfigKeys (ConfUtils.java:logFallback(53)) - raft.server.rpc.first-election.timeout.max = 5200ms (fallback to raft.server.rpc.timeout.max)
2023-06-02 19:46:38,548 [grpc-default-executor-5] INFO  server.RaftServer$Division (RaftServerImpl.java:requestVote(1302)) - 3e53829d-da6c-4746-b554-01bfe538e40e@group-C0A7CF4346C3: receive requestVote(PRE_VOTE, 42efe73c-3d9d-41e2-b05d-c69b43a81cba, group-C0A7CF4346C3, 0, (t:0, i:0))
2023-06-02 19:46:38,548 [grpc-default-executor-5] INFO  impl.VoteContext (VoteContext.java:log(49)) - 3e53829d-da6c-4746-b554-01bfe538e40e@group-C0A7CF4346C3-FOLLOWER: accept PRE_VOTE from 42efe73c-3d9d-41e2-b05d-c69b43a81cba: our priority 0 <= candidate's priority 1
2023-06-02 19:46:38,548 [grpc-default-executor-5] INFO  server.RaftServer$Division (RaftServerImpl.java:requestVote(1335)) - 3e53829d-da6c-4746-b554-01bfe538e40e@group-C0A7CF4346C3 replies to PRE_VOTE vote request: 42efe73c-3d9d-41e2-b05d-c69b43a81cba<-3e53829d-da6c-4746-b554-01bfe538e40e#0:OK-t0. Peer's state: 3e53829d-da6c-4746-b554-01bfe538e40e@group-C0A7CF4346C3:t0, leader=null, voted=, raftlog=Memoized:3e53829d-da6c-4746-b554-01bfe538e40e@group-C0A7CF4346C3-SegmentedRaftLog:OPENED:c-1, conf=-1: peers:[3e53829d-da6c-4746-b554-01bfe538e40e|rpc:10.1.26.0:15050|admin:10.1.26.0:15049|client:10.1.26.0:15048|dataStream:10.1.26.0:15051|priority:0|startupRole:FOLLOWER, f093f0f1-7dc1-44fa-8249-a003f257e421|rpc:10.1.26.0:15059|admin:10.1.26.0:15058|client:10.1.26.0:15057|dataStream:10.1.26.0:15060|priority:0|startupRole:FOLLOWER, 42efe73c-3d9d-41e2-b05d-c69b43a81cba|rpc:10.1.26.0:15041|admin:10.1.26.0:15040|client:10.1.26.0:15039|dataStream:10.1.26.0:15042|priority:1|startupRole:FOLLOWER]|listeners:[], old=null
2023-06-02 19:46:38,551 [42efe73c-3d9d-41e2-b05d-c69b43a81cba@group-C0A7CF4346C3-LeaderElection10] INFO  impl.LeaderElection (LeaderElection.java:logAndReturn(90)) - 42efe73c-3d9d-41e2-b05d-c69b43a81cba@group-C0A7CF4346C3-LeaderElection10: PRE_VOTE PASSED received 1 response(s) and 0 exception(s):
2023-06-02 19:46:38,551 [42efe73c-3d9d-41e2-b05d-c69b43a81cba@group-C0A7CF4346C3-LeaderElection10] INFO  impl.LeaderElection (LeaderElection.java:logAndReturn(94)) -   Response 0: 42efe73c-3d9d-41e2-b05d-c69b43a81cba<-3e53829d-da6c-4746-b554-01bfe538e40e#0:OK-t0
2023-06-02 19:46:38,551 [42efe73c-3d9d-41e2-b05d-c69b43a81cba@group-C0A7CF4346C3-LeaderElection10] INFO  impl.LeaderElection (LeaderElection.java:askForVotes(323)) - 42efe73c-3d9d-41e2-b05d-c69b43a81cba@group-C0A7CF4346C3-LeaderElection10 PRE_VOTE round 0: result PASSED
2023-06-02 19:46:38,560 [grpc-default-executor-5] INFO  server.RaftServer$Division (RaftServerImpl.java:requestVote(1302)) - f093f0f1-7dc1-44fa-8249-a003f257e421@group-C0A7CF4346C3: receive requestVote(PRE_VOTE, 42efe73c-3d9d-41e2-b05d-c69b43a81cba, group-C0A7CF4346C3, 0, (t:0, i:0))
2023-06-02 19:46:38,560 [grpc-default-executor-5] INFO  impl.VoteContext (VoteContext.java:log(49)) - f093f0f1-7dc1-44fa-8249-a003f257e421@group-C0A7CF4346C3-FOLLOWER: accept PRE_VOTE from 42efe73c-3d9d-41e2-b05d-c69b43a81cba: our priority 0 <= candidate's priority 1
2023-06-02 19:46:38,560 [grpc-default-executor-5] INFO  server.RaftServer$Division (RaftServerImpl.java:requestVote(1335)) - f093f0f1-7dc1-44fa-8249-a003f257e421@group-C0A7CF4346C3 replies to PRE_VOTE vote request: 42efe73c-3d9d-41e2-b05d-c69b43a81cba<-f093f0f1-7dc1-44fa-8249-a003f257e421#0:OK-t0. Peer's state: f093f0f1-7dc1-44fa-8249-a003f257e421@group-C0A7CF4346C3:t0, leader=null, voted=, raftlog=Memoized:f093f0f1-7dc1-44fa-8249-a003f257e421@group-C0A7CF4346C3-SegmentedRaftLog:OPENED:c-1, conf=-1: peers:[3e53829d-da6c-4746-b554-01bfe538e40e|rpc:10.1.26.0:15050|admin:10.1.26.0:15049|client:10.1.26.0:15048|dataStream:10.1.26.0:15051|priority:0|startupRole:FOLLOWER, f093f0f1-7dc1-44fa-8249-a003f257e421|rpc:10.1.26.0:15059|admin:10.1.26.0:15058|client:10.1.26.0:15057|dataStream:10.1.26.0:15060|priority:0|startupRole:FOLLOWER, 42efe73c-3d9d-41e2-b05d-c69b43a81cba|rpc:10.1.26.0:15041|admin:10.1.26.0:15040|client:10.1.26.0:15039|dataStream:10.1.26.0:15042|priority:1|startupRole:FOLLOWER]|listeners:[], old=null
2023-06-02 19:46:38,561 [42efe73c-3d9d-41e2-b05d-c69b43a81cba@group-C0A7CF4346C3-LeaderElection10] INFO  impl.LeaderElection (LeaderElection.java:askForVotes(321)) - 42efe73c-3d9d-41e2-b05d-c69b43a81cba@group-C0A7CF4346C3-LeaderElection10 ELECTION round 0: submit vote requests at term 1 for -1: peers:[3e53829d-da6c-4746-b554-01bfe538e40e|rpc:10.1.26.0:15050|admin:10.1.26.0:15049|client:10.1.26.0:15048|dataStream:10.1.26.0:15051|priority:0|startupRole:FOLLOWER, f093f0f1-7dc1-44fa-8249-a003f257e421|rpc:10.1.26.0:15059|admin:10.1.26.0:15058|client:10.1.26.0:15057|dataStream:10.1.26.0:15060|priority:0|startupRole:FOLLOWER, 42efe73c-3d9d-41e2-b05d-c69b43a81cba|rpc:10.1.26.0:15041|admin:10.1.26.0:15040|client:10.1.26.0:15039|dataStream:10.1.26.0:15042|priority:1|startupRole:FOLLOWER]|listeners:[], old=null
2023-06-02 19:46:38,571 [42efe73c-3d9d-41e2-b05d-c69b43a81cba@group-C0A7CF4346C3-LeaderElection10] INFO  server.RaftServerConfigKeys (ConfUtils.java:logFallback(53)) - raft.server.rpc.first-election.timeout.min = 5s (fallback to raft.server.rpc.timeout.min)
2023-06-02 19:46:38,571 [42efe73c-3d9d-41e2-b05d-c69b43a81cba@group-C0A7CF4346C3-LeaderElection10] INFO  server.RaftServerConfigKeys (ConfUtils.java:logFallback(53)) - raft.server.rpc.first-election.timeout.max = 5200ms (fallback to raft.server.rpc.timeout.max)
2023-06-02 19:46:38,581 [grpc-default-executor-4] INFO  server.RaftServer$Division (RaftServerImpl.java:requestVote(1302)) - f093f0f1-7dc1-44fa-8249-a003f257e421@group-C0A7CF4346C3: receive requestVote(ELECTION, 42efe73c-3d9d-41e2-b05d-c69b43a81cba, group-C0A7CF4346C3, 1, (t:0, i:0))
2023-06-02 19:46:38,583 [grpc-default-executor-4] INFO  impl.VoteContext (VoteContext.java:log(49)) - f093f0f1-7dc1-44fa-8249-a003f257e421@group-C0A7CF4346C3-FOLLOWER: accept ELECTION from 42efe73c-3d9d-41e2-b05d-c69b43a81cba: our priority 0 <= candidate's priority 1
2023-06-02 19:46:38,583 [grpc-default-executor-4] INFO  server.RaftServer$Division (RaftServerImpl.java:setRole(329)) - f093f0f1-7dc1-44fa-8249-a003f257e421@group-C0A7CF4346C3: changes role from  FOLLOWER to FOLLOWER at term 1 for candidate:42efe73c-3d9d-41e2-b05d-c69b43a81cba
2023-06-02 19:46:38,583 [grpc-default-executor-4] INFO  impl.RoleInfo (RoleInfo.java:shutdownFollowerState(110)) - f093f0f1-7dc1-44fa-8249-a003f257e421: shutdown f093f0f1-7dc1-44fa-8249-a003f257e421@group-C0A7CF4346C3-FollowerState
2023-06-02 19:46:38,584 [grpc-default-executor-4] INFO  impl.RoleInfo (RoleInfo.java:updateAndGet(139)) - f093f0f1-7dc1-44fa-8249-a003f257e421: start f093f0f1-7dc1-44fa-8249-a003f257e421@group-C0A7CF4346C3-FollowerState
2023-06-02 19:46:38,584 [f093f0f1-7dc1-44fa-8249-a003f257e421@group-C0A7CF4346C3-FollowerState] INFO  impl.FollowerState (FollowerState.java:run(152)) - f093f0f1-7dc1-44fa-8249-a003f257e421@group-C0A7CF4346C3-FollowerState was interrupted
2023-06-02 19:46:38,584 [grpc-default-executor-5] INFO  server.RaftServer$Division (RaftServerImpl.java:requestVote(1302)) - 3e53829d-da6c-4746-b554-01bfe538e40e@group-C0A7CF4346C3: receive requestVote(ELECTION, 42efe73c-3d9d-41e2-b05d-c69b43a81cba, group-C0A7CF4346C3, 1, (t:0, i:0))
2023-06-02 19:46:38,584 [grpc-default-executor-5] INFO  impl.VoteContext (VoteContext.java:log(49)) - 3e53829d-da6c-4746-b554-01bfe538e40e@group-C0A7CF4346C3-FOLLOWER: accept ELECTION from 42efe73c-3d9d-41e2-b05d-c69b43a81cba: our priority 0 <= candidate's priority 1
2023-06-02 19:46:38,588 [grpc-default-executor-4] INFO  server.RaftServer$Division (RaftServerImpl.java:requestVote(1335)) - f093f0f1-7dc1-44fa-8249-a003f257e421@group-C0A7CF4346C3 replies to ELECTION vote request: 42efe73c-3d9d-41e2-b05d-c69b43a81cba<-f093f0f1-7dc1-44fa-8249-a003f257e421#0:OK-t1. Peer's state: f093f0f1-7dc1-44fa-8249-a003f257e421@group-C0A7CF4346C3:t1, leader=null, voted=42efe73c-3d9d-41e2-b05d-c69b43a81cba, raftlog=Memoized:f093f0f1-7dc1-44fa-8249-a003f257e421@group-C0A7CF4346C3-SegmentedRaftLog:OPENED:c-1, conf=-1: peers:[3e53829d-da6c-4746-b554-01bfe538e40e|rpc:10.1.26.0:15050|admin:10.1.26.0:15049|client:10.1.26.0:15048|dataStream:10.1.26.0:15051|priority:0|startupRole:FOLLOWER, f093f0f1-7dc1-44fa-8249-a003f257e421|rpc:10.1.26.0:15059|admin:10.1.26.0:15058|client:10.1.26.0:15057|dataStream:10.1.26.0:15060|priority:0|startupRole:FOLLOWER, 42efe73c-3d9d-41e2-b05d-c69b43a81cba|rpc:10.1.26.0:15041|admin:10.1.26.0:15040|client:10.1.26.0:15039|dataStream:10.1.26.0:15042|priority:1|startupRole:FOLLOWER]|listeners:[], old=null
2023-06-02 19:46:38,590 [grpc-default-executor-5] INFO  server.RaftServer$Division (RaftServerImpl.java:setRole(329)) - 3e53829d-da6c-4746-b554-01bfe538e40e@group-C0A7CF4346C3: changes role from  FOLLOWER to FOLLOWER at term 1 for candidate:42efe73c-3d9d-41e2-b05d-c69b43a81cba
2023-06-02 19:46:38,590 [42efe73c-3d9d-41e2-b05d-c69b43a81cba@group-C0A7CF4346C3-LeaderElection10] INFO  impl.LeaderElection (LeaderElection.java:logAndReturn(90)) - 42efe73c-3d9d-41e2-b05d-c69b43a81cba@group-C0A7CF4346C3-LeaderElection10: ELECTION PASSED received 1 response(s) and 0 exception(s):
2023-06-02 19:46:38,590 [grpc-default-executor-5] INFO  impl.RoleInfo (RoleInfo.java:shutdownFollowerState(110)) - 3e53829d-da6c-4746-b554-01bfe538e40e: shutdown 3e53829d-da6c-4746-b554-01bfe538e40e@group-C0A7CF4346C3-FollowerState
2023-06-02 19:46:38,590 [42efe73c-3d9d-41e2-b05d-c69b43a81cba@group-C0A7CF4346C3-LeaderElection10] INFO  impl.LeaderElection (LeaderElection.java:logAndReturn(94)) -   Response 0: 42efe73c-3d9d-41e2-b05d-c69b43a81cba<-f093f0f1-7dc1-44fa-8249-a003f257e421#0:OK-t1
2023-06-02 19:46:38,590 [grpc-default-executor-5] INFO  impl.RoleInfo (RoleInfo.java:updateAndGet(139)) - 3e53829d-da6c-4746-b554-01bfe538e40e: start 3e53829d-da6c-4746-b554-01bfe538e40e@group-C0A7CF4346C3-FollowerState
2023-06-02 19:46:38,590 [42efe73c-3d9d-41e2-b05d-c69b43a81cba@group-C0A7CF4346C3-LeaderElection10] INFO  impl.LeaderElection (LeaderElection.java:askForVotes(323)) - 42efe73c-3d9d-41e2-b05d-c69b43a81cba@group-C0A7CF4346C3-LeaderElection10 ELECTION round 0: result PASSED
2023-06-02 19:46:38,590 [42efe73c-3d9d-41e2-b05d-c69b43a81cba@group-C0A7CF4346C3-LeaderElection10] INFO  impl.RoleInfo (RoleInfo.java:shutdownLeaderElection(130)) - 42efe73c-3d9d-41e2-b05d-c69b43a81cba: shutdown 42efe73c-3d9d-41e2-b05d-c69b43a81cba@group-C0A7CF4346C3-LeaderElection10
2023-06-02 19:46:38,590 [3e53829d-da6c-4746-b554-01bfe538e40e@group-C0A7CF4346C3-FollowerState] INFO  impl.FollowerState (FollowerState.java:run(152)) - 3e53829d-da6c-4746-b554-01bfe538e40e@group-C0A7CF4346C3-FollowerState was interrupted
2023-06-02 19:46:38,590 [42efe73c-3d9d-41e2-b05d-c69b43a81cba@group-C0A7CF4346C3-LeaderElection10] INFO  server.RaftServer$Division (RaftServerImpl.java:setRole(329)) - 42efe73c-3d9d-41e2-b05d-c69b43a81cba@group-C0A7CF4346C3: changes role from CANDIDATE to LEADER at term 1 for changeToLeader
2023-06-02 19:46:38,590 [42efe73c-3d9d-41e2-b05d-c69b43a81cba@group-C0A7CF4346C3-LeaderElection10] INFO  ratis.XceiverServerRatis (XceiverServerRatis.java:handleLeaderChangedNotification(902)) - Leader change notification received for group: group-C0A7CF4346C3 with new leaderId: 42efe73c-3d9d-41e2-b05d-c69b43a81cba
2023-06-02 19:46:38,590 [42efe73c-3d9d-41e2-b05d-c69b43a81cba@group-C0A7CF4346C3-LeaderElection10] INFO  server.RaftServer$Division (ServerState.java:setLeader(317)) - 42efe73c-3d9d-41e2-b05d-c69b43a81cba@group-C0A7CF4346C3: change Leader from null to 42efe73c-3d9d-41e2-b05d-c69b43a81cba at term 1 for becomeLeader, leader elected after 5155ms
2023-06-02 19:46:38,590 [42efe73c-3d9d-41e2-b05d-c69b43a81cba@group-C0A7CF4346C3-LeaderElection10] INFO  server.RaftServerConfigKeys (ConfUtils.java:logGet(46)) - raft.server.staging.catchup.gap = 1000 (default)
2023-06-02 19:46:38,591 [42efe73c-3d9d-41e2-b05d-c69b43a81cba@group-C0A7CF4346C3-LeaderElection10] INFO  server.RaftServerConfigKeys (ConfUtils.java:logGet(46)) - raft.server.write.element-limit = 1024 (custom)
2023-06-02 19:46:38,591 [42efe73c-3d9d-41e2-b05d-c69b43a81cba@group-C0A7CF4346C3-LeaderElection10] INFO  server.RaftServerConfigKeys (ConfUtils.java:logGet(46)) - raft.server.write.byte-limit = 1024 M (=1073741824) (custom)
2023-06-02 19:46:38,591 [42efe73c-3d9d-41e2-b05d-c69b43a81cba@group-C0A7CF4346C3-LeaderElection10] INFO  server.RaftServerConfigKeys (ConfUtils.java:logGet(46)) - raft.server.watch.timeout = 180s (custom)
2023-06-02 19:46:38,591 [42efe73c-3d9d-41e2-b05d-c69b43a81cba@group-C0A7CF4346C3-LeaderElection10] INFO  server.RaftServerConfigKeys (ConfUtils.java:logGet(46)) - raft.server.watch.timeout.denomination = 1s (default)
2023-06-02 19:46:38,591 [42efe73c-3d9d-41e2-b05d-c69b43a81cba@group-C0A7CF4346C3-LeaderElection10] INFO  server.RaftServerConfigKeys (ConfUtils.java:logGet(46)) - raft.server.watch.element-limit = 65536 (default)
2023-06-02 19:46:38,591 [42efe73c-3d9d-41e2-b05d-c69b43a81cba@group-C0A7CF4346C3-LeaderElection10] INFO  server.RaftServerConfigKeys (ConfUtils.java:logGet(46)) - raft.server.write.element-limit = 1024 (custom)
2023-06-02 19:46:38,591 [42efe73c-3d9d-41e2-b05d-c69b43a81cba@group-C0A7CF4346C3-LeaderElection10] INFO  server.RaftServerConfigKeys (ConfUtils.java:logGet(46)) - raft.server.write.follower.gap.ratio.max = -1.0 (default)
2023-06-02 19:46:38,592 [42efe73c-3d9d-41e2-b05d-c69b43a81cba@group-C0A7CF4346C3-LeaderElection10] INFO  server.RaftServerConfigKeys (ConfUtils.java:logGet(46)) - raft.server.log.appender.snapshot.chunk.size.max = 16MB (=16777216) (default)
2023-06-02 19:46:38,592 [42efe73c-3d9d-41e2-b05d-c69b43a81cba@group-C0A7CF4346C3-LeaderElection10] INFO  server.RaftServerConfigKeys (ConfUtils.java:logGet(46)) - raft.server.log.appender.buffer.byte-limit = 33554432 (custom)
2023-06-02 19:46:38,592 [42efe73c-3d9d-41e2-b05d-c69b43a81cba@group-C0A7CF4346C3-LeaderElection10] INFO  server.RaftServerConfigKeys (ConfUtils.java:logGet(46)) - raft.server.log.appender.buffer.element-limit = 1 (custom)
2023-06-02 19:46:38,592 [42efe73c-3d9d-41e2-b05d-c69b43a81cba@group-C0A7CF4346C3-LeaderElection10] INFO  server.RaftServerConfigKeys (ConfUtils.java:logGet(46)) - raft.server.log.appender.wait-time.min = 10ms (default)
2023-06-02 19:46:38,592 [grpc-default-executor-5] INFO  server.RaftServer$Division (RaftServerImpl.java:requestVote(1335)) - 3e53829d-da6c-4746-b554-01bfe538e40e@group-C0A7CF4346C3 replies to ELECTION vote request: 42efe73c-3d9d-41e2-b05d-c69b43a81cba<-3e53829d-da6c-4746-b554-01bfe538e40e#0:OK-t1. Peer's state: 3e53829d-da6c-4746-b554-01bfe538e40e@group-C0A7CF4346C3:t1, leader=null, voted=42efe73c-3d9d-41e2-b05d-c69b43a81cba, raftlog=Memoized:3e53829d-da6c-4746-b554-01bfe538e40e@group-C0A7CF4346C3-SegmentedRaftLog:OPENED:c-1, conf=-1: peers:[3e53829d-da6c-4746-b554-01bfe538e40e|rpc:10.1.26.0:15050|admin:10.1.26.0:15049|client:10.1.26.0:15048|dataStream:10.1.26.0:15051|priority:0|startupRole:FOLLOWER, f093f0f1-7dc1-44fa-8249-a003f257e421|rpc:10.1.26.0:15059|admin:10.1.26.0:15058|client:10.1.26.0:15057|dataStream:10.1.26.0:15060|priority:0|startupRole:FOLLOWER, 42efe73c-3d9d-41e2-b05d-c69b43a81cba|rpc:10.1.26.0:15041|admin:10.1.26.0:15040|client:10.1.26.0:15039|dataStream:10.1.26.0:15042|priority:1|startupRole:FOLLOWER]|listeners:[], old=null
2023-06-02 19:46:38,592 [42efe73c-3d9d-41e2-b05d-c69b43a81cba@group-C0A7CF4346C3-LeaderElection10] INFO  grpc.GrpcConfigKeys (ConfUtils.java:logGet(46)) - raft.grpc.server.leader.outstanding.appends.max = 128 (default)
2023-06-02 19:46:38,593 [42efe73c-3d9d-41e2-b05d-c69b43a81cba@group-C0A7CF4346C3-LeaderElection10] INFO  server.RaftServerConfigKeys (ConfUtils.java:logGet(46)) - raft.server.rpc.request.timeout = 60s (custom)
2023-06-02 19:46:38,593 [42efe73c-3d9d-41e2-b05d-c69b43a81cba@group-C0A7CF4346C3-LeaderElection10] INFO  grpc.GrpcConfigKeys (ConfUtils.java:logGet(46)) - raft.grpc.server.install_snapshot.request.element-limit = 8 (default)
2023-06-02 19:46:38,593 [42efe73c-3d9d-41e2-b05d-c69b43a81cba@group-C0A7CF4346C3-LeaderElection10] INFO  grpc.GrpcConfigKeys (ConfUtils.java:logGet(46)) - raft.grpc.server.install_snapshot.request.timeout = 3000ms (default)
2023-06-02 19:46:38,593 [42efe73c-3d9d-41e2-b05d-c69b43a81cba@group-C0A7CF4346C3-LeaderElection10] INFO  server.RaftServerConfigKeys (ConfUtils.java:logGet(46)) - raft.server.log.appender.install.snapshot.enabled = false (custom)
2023-06-02 19:46:38,594 [EventQueue-PipelineReportForPipelineReportHandler] INFO  pipeline.PipelineManagerImpl (PipelineManagerImpl.java:openPipeline(367)) - Pipeline Pipeline[ Id: a6b31af0-c308-4155-b9b5-c0a7cf4346c3, Nodes: 42efe73c-3d9d-41e2-b05d-c69b43a81cba(fv-az459-618.msq0az1vewme3jsxyslsv0htic.jx.internal.cloudapp.net/10.1.26.0)3e53829d-da6c-4746-b554-01bfe538e40e(fv-az459-618.msq0az1vewme3jsxyslsv0htic.jx.internal.cloudapp.net/10.1.26.0)f093f0f1-7dc1-44fa-8249-a003f257e421(fv-az459-618.msq0az1vewme3jsxyslsv0htic.jx.internal.cloudapp.net/10.1.26.0), ReplicationConfig: RATIS/THREE, State:ALLOCATED, leaderId:42efe73c-3d9d-41e2-b05d-c69b43a81cba, CreationTimestamp2023-06-02T19:46:30.805Z[Etc/UTC]] moved to OPEN state
2023-06-02 19:46:38,594 [42efe73c-3d9d-41e2-b05d-c69b43a81cba@group-C0A7CF4346C3-LeaderElection10] INFO  grpc.GrpcConfigKeys (ConfUtils.java:logGet(46)) - raft.grpc.server.heartbeat.channel = true (default)
2023-06-02 19:46:38,598 [42efe73c-3d9d-41e2-b05d-c69b43a81cba@group-C0A7CF4346C3-LeaderElection10] INFO  server.RaftServerConfigKeys (ConfUtils.java:logGet(46)) - raft.server.log.appender.snapshot.chunk.size.max = 16MB (=16777216) (default)
2023-06-02 19:46:38,598 [42efe73c-3d9d-41e2-b05d-c69b43a81cba@group-C0A7CF4346C3-LeaderElection10] INFO  server.RaftServerConfigKeys (ConfUtils.java:logGet(46)) - raft.server.log.appender.buffer.byte-limit = 33554432 (custom)
2023-06-02 19:46:38,598 [42efe73c-3d9d-41e2-b05d-c69b43a81cba@group-C0A7CF4346C3-LeaderElection10] INFO  server.RaftServerConfigKeys (ConfUtils.java:logGet(46)) - raft.server.log.appender.buffer.element-limit = 1 (custom)
2023-06-02 19:46:38,600 [42efe73c-3d9d-41e2-b05d-c69b43a81cba@group-C0A7CF4346C3-LeaderElection10] INFO  server.RaftServerConfigKeys (ConfUtils.java:logGet(46)) - raft.server.log.appender.wait-time.min = 10ms (default)
2023-06-02 19:46:38,601 [42efe73c-3d9d-41e2-b05d-c69b43a81cba@group-C0A7CF4346C3-LeaderElection10] INFO  grpc.GrpcConfigKeys (ConfUtils.java:logGet(46)) - raft.grpc.server.leader.outstanding.appends.max = 128 (default)
2023-06-02 19:46:38,601 [42efe73c-3d9d-41e2-b05d-c69b43a81cba@group-C0A7CF4346C3-LeaderElection10] INFO  server.RaftServerConfigKeys (ConfUtils.java:logGet(46)) - raft.server.rpc.request.timeout = 60s (custom)
2023-06-02 19:46:38,601 [42efe73c-3d9d-41e2-b05d-c69b43a81cba@group-C0A7CF4346C3-LeaderElection10] INFO  grpc.GrpcConfigKeys (ConfUtils.java:logGet(46)) - raft.grpc.server.install_snapshot.request.element-limit = 8 (default)
2023-06-02 19:46:38,601 [42efe73c-3d9d-41e2-b05d-c69b43a81cba@group-C0A7CF4346C3-LeaderElection10] INFO  grpc.GrpcConfigKeys (ConfUtils.java:logGet(46)) - raft.grpc.server.install_snapshot.request.timeout = 3000ms (default)
2023-06-02 19:46:38,601 [42efe73c-3d9d-41e2-b05d-c69b43a81cba@group-C0A7CF4346C3-LeaderElection10] INFO  server.RaftServerConfigKeys (ConfUtils.java:logGet(46)) - raft.server.log.appender.install.snapshot.enabled = false (custom)
2023-06-02 19:46:38,601 [42efe73c-3d9d-41e2-b05d-c69b43a81cba@group-C0A7CF4346C3-LeaderElection10] INFO  grpc.GrpcConfigKeys (ConfUtils.java:logGet(46)) - raft.grpc.server.heartbeat.channel = true (default)
2023-06-02 19:46:38,601 [42efe73c-3d9d-41e2-b05d-c69b43a81cba@group-C0A7CF4346C3-LeaderElection10] INFO  impl.RoleInfo (RoleInfo.java:updateAndGet(139)) - 42efe73c-3d9d-41e2-b05d-c69b43a81cba: start 42efe73c-3d9d-41e2-b05d-c69b43a81cba@group-C0A7CF4346C3-LeaderStateImpl
2023-06-02 19:46:38,601 [42efe73c-3d9d-41e2-b05d-c69b43a81cba@group-C0A7CF4346C3-LeaderElection10] INFO  segmented.SegmentedRaftLogWorker (SegmentedRaftLogWorker.java:startLogSegment(447)) - 42efe73c-3d9d-41e2-b05d-c69b43a81cba@group-C0A7CF4346C3-SegmentedRaftLogWorker: Starting segment from index:0
2023-06-02 19:46:38,603 [42efe73c-3d9d-41e2-b05d-c69b43a81cba@group-C0A7CF4346C3-SegmentedRaftLogWorker] INFO  segmented.SegmentedRaftLogWorker (SegmentedRaftLogWorker.java:execute(651)) - 42efe73c-3d9d-41e2-b05d-c69b43a81cba@group-C0A7CF4346C3-SegmentedRaftLogWorker: created new log segment /home/runner/work/ozone/ozone/hadoop-ozone/integration-test/target/test-dir/MiniOzoneClusterImpl-e4789928-4fd4-479e-857e-ac334458de01/datanode-3/data/ratis/a6b31af0-c308-4155-b9b5-c0a7cf4346c3/current/log_inprogress_0
2023-06-02 19:46:38,636 [3e53829d-da6c-4746-b554-01bfe538e40e-server-thread1] INFO  ratis.XceiverServerRatis (XceiverServerRatis.java:handleLeaderChangedNotification(902)) - Leader change notification received for group: group-C0A7CF4346C3 with new leaderId: 42efe73c-3d9d-41e2-b05d-c69b43a81cba
2023-06-02 19:46:38,636 [3e53829d-da6c-4746-b554-01bfe538e40e-server-thread1] INFO  server.RaftServer$Division (ServerState.java:setLeader(317)) - 3e53829d-da6c-4746-b554-01bfe538e40e@group-C0A7CF4346C3: change Leader from null to 42efe73c-3d9d-41e2-b05d-c69b43a81cba at term 1 for appendEntries, leader elected after 5257ms
2023-06-02 19:46:38,637 [f093f0f1-7dc1-44fa-8249-a003f257e421-server-thread2] INFO  ratis.XceiverServerRatis (XceiverServerRatis.java:handleLeaderChangedNotification(902)) - Leader change notification received for group: group-C0A7CF4346C3 with new leaderId: 42efe73c-3d9d-41e2-b05d-c69b43a81cba
2023-06-02 19:46:38,637 [f093f0f1-7dc1-44fa-8249-a003f257e421-server-thread2] INFO  server.RaftServer$Division (ServerState.java:setLeader(317)) - f093f0f1-7dc1-44fa-8249-a003f257e421@group-C0A7CF4346C3: change Leader from null to 42efe73c-3d9d-41e2-b05d-c69b43a81cba at term 1 for appendEntries, leader elected after 5049ms
2023-06-02 19:46:38,638 [42efe73c-3d9d-41e2-b05d-c69b43a81cba@group-C0A7CF4346C3-LeaderElection10] INFO  server.RaftServer$Division (ServerState.java:setRaftConf(434)) - 42efe73c-3d9d-41e2-b05d-c69b43a81cba@group-C0A7CF4346C3: set configuration 0: peers:[3e53829d-da6c-4746-b554-01bfe538e40e|rpc:10.1.26.0:15050|admin:10.1.26.0:15049|client:10.1.26.0:15048|dataStream:10.1.26.0:15051|priority:0|startupRole:FOLLOWER, f093f0f1-7dc1-44fa-8249-a003f257e421|rpc:10.1.26.0:15059|admin:10.1.26.0:15058|client:10.1.26.0:15057|dataStream:10.1.26.0:15060|priority:0|startupRole:FOLLOWER, 42efe73c-3d9d-41e2-b05d-c69b43a81cba|rpc:10.1.26.0:15041|admin:10.1.26.0:15040|client:10.1.26.0:15039|dataStream:10.1.26.0:15042|priority:1|startupRole:FOLLOWER]|listeners:[], old=null
2023-06-02 19:46:38,641 [f093f0f1-7dc1-44fa-8249-a003f257e421-server-thread2] INFO  server.RaftServer$Division (ServerState.java:setRaftConf(434)) - f093f0f1-7dc1-44fa-8249-a003f257e421@group-C0A7CF4346C3: set configuration 0: peers:[3e53829d-da6c-4746-b554-01bfe538e40e|rpc:10.1.26.0:15050|admin:10.1.26.0:15049|client:10.1.26.0:15048|dataStream:10.1.26.0:15051|priority:0|startupRole:FOLLOWER, f093f0f1-7dc1-44fa-8249-a003f257e421|rpc:10.1.26.0:15059|admin:10.1.26.0:15058|client:10.1.26.0:15057|dataStream:10.1.26.0:15060|priority:0|startupRole:FOLLOWER, 42efe73c-3d9d-41e2-b05d-c69b43a81cba|rpc:10.1.26.0:15041|admin:10.1.26.0:15040|client:10.1.26.0:15039|dataStream:10.1.26.0:15042|priority:1|startupRole:FOLLOWER]|listeners:[], old=null
2023-06-02 19:46:38,642 [f093f0f1-7dc1-44fa-8249-a003f257e421-server-thread2] INFO  segmented.SegmentedRaftLogWorker (SegmentedRaftLogWorker.java:startLogSegment(447)) - f093f0f1-7dc1-44fa-8249-a003f257e421@group-C0A7CF4346C3-SegmentedRaftLogWorker: Starting segment from index:0
2023-06-02 19:46:38,647 [3e53829d-da6c-4746-b554-01bfe538e40e-server-thread2] INFO  server.RaftServer$Division (ServerState.java:setRaftConf(434)) - 3e53829d-da6c-4746-b554-01bfe538e40e@group-C0A7CF4346C3: set configuration 0: peers:[3e53829d-da6c-4746-b554-01bfe538e40e|rpc:10.1.26.0:15050|admin:10.1.26.0:15049|client:10.1.26.0:15048|dataStream:10.1.26.0:15051|priority:0|startupRole:FOLLOWER, f093f0f1-7dc1-44fa-8249-a003f257e421|rpc:10.1.26.0:15059|admin:10.1.26.0:15058|client:10.1.26.0:15057|dataStream:10.1.26.0:15060|priority:0|startupRole:FOLLOWER, 42efe73c-3d9d-41e2-b05d-c69b43a81cba|rpc:10.1.26.0:15041|admin:10.1.26.0:15040|client:10.1.26.0:15039|dataStream:10.1.26.0:15042|priority:1|startupRole:FOLLOWER]|listeners:[], old=null
2023-06-02 19:46:38,649 [f093f0f1-7dc1-44fa-8249-a003f257e421@group-C0A7CF4346C3-SegmentedRaftLogWorker] INFO  segmented.SegmentedRaftLogWorker (SegmentedRaftLogWorker.java:execute(651)) - f093f0f1-7dc1-44fa-8249-a003f257e421@group-C0A7CF4346C3-SegmentedRaftLogWorker: created new log segment /home/runner/work/ozone/ozone/hadoop-ozone/integration-test/target/test-dir/MiniOzoneClusterImpl-e4789928-4fd4-479e-857e-ac334458de01/datanode-5/data/ratis/a6b31af0-c308-4155-b9b5-c0a7cf4346c3/current/log_inprogress_0
2023-06-02 19:46:38,650 [3e53829d-da6c-4746-b554-01bfe538e40e-server-thread2] INFO  segmented.SegmentedRaftLogWorker (SegmentedRaftLogWorker.java:startLogSegment(447)) - 3e53829d-da6c-4746-b554-01bfe538e40e@group-C0A7CF4346C3-SegmentedRaftLogWorker: Starting segment from index:0
2023-06-02 19:46:38,651 [3e53829d-da6c-4746-b554-01bfe538e40e@group-C0A7CF4346C3-SegmentedRaftLogWorker] INFO  segmented.SegmentedRaftLogWorker (SegmentedRaftLogWorker.java:execute(651)) - 3e53829d-da6c-4746-b554-01bfe538e40e@group-C0A7CF4346C3-SegmentedRaftLogWorker: created new log segment /home/runner/work/ozone/ozone/hadoop-ozone/integration-test/target/test-dir/MiniOzoneClusterImpl-e4789928-4fd4-479e-857e-ac334458de01/datanode-4/data/ratis/a6b31af0-c308-4155-b9b5-c0a7cf4346c3/current/log_inprogress_0
2023-06-02 19:46:38,719 [main] INFO  rpc.RpcClient (RpcClient.java:createVolume(459)) - Creating Volume: 0eba7981-d798-4da1-bea5-9d6e44e5aed2, with runner as owner and space quota set to -1 bytes, counts quota set to -1
2023-06-02 19:46:38,805 [OM StateMachine ApplyTransaction Thread - 0] INFO  volume.OMVolumeCreateRequest (OMVolumeCreateRequest.java:validateAndUpdateCache(196)) - created volume:0eba7981-d798-4da1-bea5-9d6e44e5aed2 for user:runner
2023-06-02 19:46:38,841 [main] INFO  rpc.RpcClient (RpcClient.java:createBucket(686)) - Creating Bucket: 0eba7981-d798-4da1-bea5-9d6e44e5aed2/243b59d1-32ae-436a-a15b-0478398fbd2e, with bucket layout OBJECT_STORE, runner as owner, Versioning true, Storage Type set to DISK and Encryption set to false, Replication Type set to server-side default replication type, Namespace Quota set to -1, Space Quota set to -1 
2023-06-02 19:46:38,860 [OM StateMachine ApplyTransaction Thread - 0] INFO  bucket.OMBucketCreateRequest (OMBucketCreateRequest.java:validateAndUpdateCache(270)) - created bucket: 243b59d1-32ae-436a-a15b-0478398fbd2e of layout OBJECT_STORE in volume: 0eba7981-d798-4da1-bea5-9d6e44e5aed2
2023-06-02 19:46:38,946 [IPC Server handler 19 on default port 15001] INFO  pipeline.RatisPipelineProvider (RatisPipelineProvider.java:lambda$create$0(206)) - Sending CreatePipelineCommand for pipeline:PipelineID=e688934b-2b4d-4cc0-b470-80a260e51cec to datanode:60ac4d22-094a-4270-8266-44944d79861e
2023-06-02 19:46:38,947 [IPC Server handler 19 on default port 15001] INFO  pipeline.PipelineStateManagerImpl (PipelineStateManagerImpl.java:addPipeline(103)) - Created pipeline Pipeline[ Id: e688934b-2b4d-4cc0-b470-80a260e51cec, Nodes: 60ac4d22-094a-4270-8266-44944d79861e(fv-az459-618.msq0az1vewme3jsxyslsv0htic.jx.internal.cloudapp.net/10.1.26.0), ReplicationConfig: RATIS/ONE, State:ALLOCATED, leaderId:, CreationTimestamp2023-06-02T19:46:38.946Z[Etc/UTC]].
2023-06-02 19:46:39,450 [68e68f39-32fc-4b84-93e4-f20720881325@group-41E0CD0E9AF8-FollowerState] INFO  impl.FollowerState (FollowerState.java:run(143)) - 68e68f39-32fc-4b84-93e4-f20720881325@group-41E0CD0E9AF8-FollowerState: change to CANDIDATE, lastRpcElapsedTime:5166778383ns, electionTimeout:5155ms
2023-06-02 19:46:39,451 [68e68f39-32fc-4b84-93e4-f20720881325@group-41E0CD0E9AF8-FollowerState] INFO  impl.RoleInfo (RoleInfo.java:shutdownFollowerState(110)) - 68e68f39-32fc-4b84-93e4-f20720881325: shutdown 68e68f39-32fc-4b84-93e4-f20720881325@group-41E0CD0E9AF8-FollowerState
2023-06-02 19:46:39,451 [68e68f39-32fc-4b84-93e4-f20720881325@group-41E0CD0E9AF8-FollowerState] INFO  server.RaftServer$Division (RaftServerImpl.java:setRole(329)) - 68e68f39-32fc-4b84-93e4-f20720881325@group-41E0CD0E9AF8: changes role from  FOLLOWER to CANDIDATE at term 0 for changeToCandidate
2023-06-02 19:46:39,451 [68e68f39-32fc-4b84-93e4-f20720881325@group-41E0CD0E9AF8-FollowerState] INFO  server.RaftServerConfigKeys (ConfUtils.java:logGet(46)) - raft.server.leaderelection.pre-vote = true (default)
2023-06-02 19:46:39,451 [68e68f39-32fc-4b84-93e4-f20720881325@group-41E0CD0E9AF8-FollowerState] INFO  impl.RoleInfo (RoleInfo.java:updateAndGet(139)) - 68e68f39-32fc-4b84-93e4-f20720881325: start 68e68f39-32fc-4b84-93e4-f20720881325@group-41E0CD0E9AF8-LeaderElection11
2023-06-02 19:46:39,469 [68e68f39-32fc-4b84-93e4-f20720881325@group-41E0CD0E9AF8-LeaderElection11] INFO  impl.LeaderElection (LeaderElection.java:askForVotes(321)) - 68e68f39-32fc-4b84-93e4-f20720881325@group-41E0CD0E9AF8-LeaderElection11 PRE_VOTE round 0: submit vote requests at term 0 for -1: peers:[68e68f39-32fc-4b84-93e4-f20720881325|rpc:10.1.26.0:15068|admin:10.1.26.0:15067|client:10.1.26.0:15066|dataStream:10.1.26.0:15069|priority:0|startupRole:FOLLOWER, 3444f24d-5019-4db9-b49c-a7d3f58b79dc|rpc:10.1.26.0:15086|admin:10.1.26.0:15085|client:10.1.26.0:15084|dataStream:10.1.26.0:15087|priority:1|startupRole:FOLLOWER, 37ff51e8-4d98-426c-9b80-6778ef5a23bd|rpc:10.1.26.0:15077|admin:10.1.26.0:15076|client:10.1.26.0:15075|dataStream:10.1.26.0:15078|priority:0|startupRole:FOLLOWER]|listeners:[], old=null
2023-06-02 19:46:39,471 [68e68f39-32fc-4b84-93e4-f20720881325@group-41E0CD0E9AF8-LeaderElection11-1] INFO  server.GrpcServerProtocolClient (GrpcServerProtocolClient.java:<init>(65)) - Build channel for 3444f24d-5019-4db9-b49c-a7d3f58b79dc
2023-06-02 19:46:39,476 [68e68f39-32fc-4b84-93e4-f20720881325@group-41E0CD0E9AF8-LeaderElection11] INFO  server.RaftServerConfigKeys (ConfUtils.java:logFallback(53)) - raft.server.rpc.first-election.timeout.min = 5s (fallback to raft.server.rpc.timeout.min)
2023-06-02 19:46:39,476 [68e68f39-32fc-4b84-93e4-f20720881325@group-41E0CD0E9AF8-LeaderElection11] INFO  server.RaftServerConfigKeys (ConfUtils.java:logFallback(53)) - raft.server.rpc.first-election.timeout.max = 5200ms (fallback to raft.server.rpc.timeout.max)
2023-06-02 19:46:39,477 [68e68f39-32fc-4b84-93e4-f20720881325@group-41E0CD0E9AF8-LeaderElection11-2] INFO  server.GrpcServerProtocolClient (GrpcServerProtocolClient.java:<init>(65)) - Build channel for 37ff51e8-4d98-426c-9b80-6778ef5a23bd
2023-06-02 19:46:39,479 [grpc-default-executor-1] INFO  server.RaftServer$Division (RaftServerImpl.java:requestVote(1302)) - 3444f24d-5019-4db9-b49c-a7d3f58b79dc@group-41E0CD0E9AF8: receive requestVote(PRE_VOTE, 68e68f39-32fc-4b84-93e4-f20720881325, group-41E0CD0E9AF8, 0, (t:0, i:0))
2023-06-02 19:46:39,479 [grpc-default-executor-1] INFO  impl.VoteContext (VoteContext.java:log(49)) - 3444f24d-5019-4db9-b49c-a7d3f58b79dc@group-41E0CD0E9AF8-FOLLOWER: reject PRE_VOTE from 68e68f39-32fc-4b84-93e4-f20720881325: our priority 1 > candidate's priority 0
2023-06-02 19:46:39,479 [grpc-default-executor-1] INFO  server.RaftServer$Division (RaftServerImpl.java:requestVote(1335)) - 3444f24d-5019-4db9-b49c-a7d3f58b79dc@group-41E0CD0E9AF8 replies to PRE_VOTE vote request: 68e68f39-32fc-4b84-93e4-f20720881325<-3444f24d-5019-4db9-b49c-a7d3f58b79dc#0:FAIL-t0. Peer's state: 3444f24d-5019-4db9-b49c-a7d3f58b79dc@group-41E0CD0E9AF8:t0, leader=null, voted=, raftlog=Memoized:3444f24d-5019-4db9-b49c-a7d3f58b79dc@group-41E0CD0E9AF8-SegmentedRaftLog:OPENED:c-1, conf=-1: peers:[68e68f39-32fc-4b84-93e4-f20720881325|rpc:10.1.26.0:15068|admin:10.1.26.0:15067|client:10.1.26.0:15066|dataStream:10.1.26.0:15069|priority:0|startupRole:FOLLOWER, 3444f24d-5019-4db9-b49c-a7d3f58b79dc|rpc:10.1.26.0:15086|admin:10.1.26.0:15085|client:10.1.26.0:15084|dataStream:10.1.26.0:15087|priority:1|startupRole:FOLLOWER, 37ff51e8-4d98-426c-9b80-6778ef5a23bd|rpc:10.1.26.0:15077|admin:10.1.26.0:15076|client:10.1.26.0:15075|dataStream:10.1.26.0:15078|priority:0|startupRole:FOLLOWER]|listeners:[], old=null
2023-06-02 19:46:39,481 [68e68f39-32fc-4b84-93e4-f20720881325@group-41E0CD0E9AF8-LeaderElection11] INFO  impl.LeaderElection (LeaderElection.java:logAndReturn(90)) - 68e68f39-32fc-4b84-93e4-f20720881325@group-41E0CD0E9AF8-LeaderElection11: PRE_VOTE REJECTED received 1 response(s) and 0 exception(s):
2023-06-02 19:46:39,481 [68e68f39-32fc-4b84-93e4-f20720881325@group-41E0CD0E9AF8-LeaderElection11] INFO  impl.LeaderElection (LeaderElection.java:logAndReturn(94)) -   Response 0: 68e68f39-32fc-4b84-93e4-f20720881325<-3444f24d-5019-4db9-b49c-a7d3f58b79dc#0:FAIL-t0
2023-06-02 19:46:39,481 [68e68f39-32fc-4b84-93e4-f20720881325@group-41E0CD0E9AF8-LeaderElection11] INFO  impl.LeaderElection (LeaderElection.java:askForVotes(323)) - 68e68f39-32fc-4b84-93e4-f20720881325@group-41E0CD0E9AF8-LeaderElection11 PRE_VOTE round 0: result REJECTED
2023-06-02 19:46:39,481 [68e68f39-32fc-4b84-93e4-f20720881325@group-41E0CD0E9AF8-LeaderElection11] INFO  server.RaftServer$Division (RaftServerImpl.java:setRole(329)) - 68e68f39-32fc-4b84-93e4-f20720881325@group-41E0CD0E9AF8: changes role from CANDIDATE to FOLLOWER at term 0 for REJECTED
2023-06-02 19:46:39,481 [68e68f39-32fc-4b84-93e4-f20720881325@group-41E0CD0E9AF8-LeaderElection11] INFO  impl.RoleInfo (RoleInfo.java:shutdownLeaderElection(130)) - 68e68f39-32fc-4b84-93e4-f20720881325: shutdown 68e68f39-32fc-4b84-93e4-f20720881325@group-41E0CD0E9AF8-LeaderElection11
2023-06-02 19:46:39,481 [68e68f39-32fc-4b84-93e4-f20720881325@group-41E0CD0E9AF8-LeaderElection11] INFO  impl.RoleInfo (RoleInfo.java:updateAndGet(139)) - 68e68f39-32fc-4b84-93e4-f20720881325: start 68e68f39-32fc-4b84-93e4-f20720881325@group-41E0CD0E9AF8-FollowerState
2023-06-02 19:46:39,499 [3444f24d-5019-4db9-b49c-a7d3f58b79dc@group-41E0CD0E9AF8-FollowerState] INFO  impl.FollowerState (FollowerState.java:run(143)) - 3444f24d-5019-4db9-b49c-a7d3f58b79dc@group-41E0CD0E9AF8-FollowerState: change to CANDIDATE, lastRpcElapsedTime:5153757375ns, electionTimeout:5134ms
2023-06-02 19:46:39,500 [3444f24d-5019-4db9-b49c-a7d3f58b79dc@group-41E0CD0E9AF8-FollowerState] INFO  impl.RoleInfo (RoleInfo.java:shutdownFollowerState(110)) - 3444f24d-5019-4db9-b49c-a7d3f58b79dc: shutdown 3444f24d-5019-4db9-b49c-a7d3f58b79dc@group-41E0CD0E9AF8-FollowerState
2023-06-02 19:46:39,500 [3444f24d-5019-4db9-b49c-a7d3f58b79dc@group-41E0CD0E9AF8-FollowerState] INFO  server.RaftServer$Division (RaftServerImpl.java:setRole(329)) - 3444f24d-5019-4db9-b49c-a7d3f58b79dc@group-41E0CD0E9AF8: changes role from  FOLLOWER to CANDIDATE at term 0 for changeToCandidate
2023-06-02 19:46:39,500 [3444f24d-5019-4db9-b49c-a7d3f58b79dc@group-41E0CD0E9AF8-FollowerState] INFO  server.RaftServerConfigKeys (ConfUtils.java:logGet(46)) - raft.server.leaderelection.pre-vote = true (default)
2023-06-02 19:46:39,500 [3444f24d-5019-4db9-b49c-a7d3f58b79dc@group-41E0CD0E9AF8-FollowerState] INFO  impl.RoleInfo (RoleInfo.java:updateAndGet(139)) - 3444f24d-5019-4db9-b49c-a7d3f58b79dc: start 3444f24d-5019-4db9-b49c-a7d3f58b79dc@group-41E0CD0E9AF8-LeaderElection12
2023-06-02 19:46:39,500 [grpc-default-executor-1] INFO  server.RaftServer$Division (RaftServerImpl.java:requestVote(1302)) - 37ff51e8-4d98-426c-9b80-6778ef5a23bd@group-41E0CD0E9AF8: receive requestVote(PRE_VOTE, 68e68f39-32fc-4b84-93e4-f20720881325, group-41E0CD0E9AF8, 0, (t:0, i:0))
2023-06-02 19:46:39,500 [grpc-default-executor-1] INFO  impl.VoteContext (VoteContext.java:log(49)) - 37ff51e8-4d98-426c-9b80-6778ef5a23bd@group-41E0CD0E9AF8-FOLLOWER: accept PRE_VOTE from 68e68f39-32fc-4b84-93e4-f20720881325: our priority 0 <= candidate's priority 0
2023-06-02 19:46:39,501 [grpc-default-executor-1] INFO  server.RaftServer$Division (RaftServerImpl.java:requestVote(1335)) - 37ff51e8-4d98-426c-9b80-6778ef5a23bd@group-41E0CD0E9AF8 replies to PRE_VOTE vote request: 68e68f39-32fc-4b84-93e4-f20720881325<-37ff51e8-4d98-426c-9b80-6778ef5a23bd#0:OK-t0. Peer's state: 37ff51e8-4d98-426c-9b80-6778ef5a23bd@group-41E0CD0E9AF8:t0, leader=null, voted=, raftlog=Memoized:37ff51e8-4d98-426c-9b80-6778ef5a23bd@group-41E0CD0E9AF8-SegmentedRaftLog:OPENED:c-1, conf=-1: peers:[68e68f39-32fc-4b84-93e4-f20720881325|rpc:10.1.26.0:15068|admin:10.1.26.0:15067|client:10.1.26.0:15066|dataStream:10.1.26.0:15069|priority:0|startupRole:FOLLOWER, 3444f24d-5019-4db9-b49c-a7d3f58b79dc|rpc:10.1.26.0:15086|admin:10.1.26.0:15085|client:10.1.26.0:15084|dataStream:10.1.26.0:15087|priority:1|startupRole:FOLLOWER, 37ff51e8-4d98-426c-9b80-6778ef5a23bd|rpc:10.1.26.0:15077|admin:10.1.26.0:15076|client:10.1.26.0:15075|dataStream:10.1.26.0:15078|priority:0|startupRole:FOLLOWER]|listeners:[], old=null
2023-06-02 19:46:39,514 [3444f24d-5019-4db9-b49c-a7d3f58b79dc@group-41E0CD0E9AF8-LeaderElection12] INFO  impl.LeaderElection (LeaderElection.java:askForVotes(321)) - 3444f24d-5019-4db9-b49c-a7d3f58b79dc@group-41E0CD0E9AF8-LeaderElection12 PRE_VOTE round 0: submit vote requests at term 0 for -1: peers:[68e68f39-32fc-4b84-93e4-f20720881325|rpc:10.1.26.0:15068|admin:10.1.26.0:15067|client:10.1.26.0:15066|dataStream:10.1.26.0:15069|priority:0|startupRole:FOLLOWER, 3444f24d-5019-4db9-b49c-a7d3f58b79dc|rpc:10.1.26.0:15086|admin:10.1.26.0:15085|client:10.1.26.0:15084|dataStream:10.1.26.0:15087|priority:1|startupRole:FOLLOWER, 37ff51e8-4d98-426c-9b80-6778ef5a23bd|rpc:10.1.26.0:15077|admin:10.1.26.0:15076|client:10.1.26.0:15075|dataStream:10.1.26.0:15078|priority:0|startupRole:FOLLOWER]|listeners:[], old=null
2023-06-02 19:46:39,515 [3444f24d-5019-4db9-b49c-a7d3f58b79dc@group-674B5112605D-FollowerState] INFO  impl.FollowerState (FollowerState.java:run(143)) - 3444f24d-5019-4db9-b49c-a7d3f58b79dc@group-674B5112605D-FollowerState: change to CANDIDATE, lastRpcElapsedTime:5011827729ns, electionTimeout:5008ms
2023-06-02 19:46:39,515 [3444f24d-5019-4db9-b49c-a7d3f58b79dc@group-674B5112605D-FollowerState] INFO  impl.RoleInfo (RoleInfo.java:shutdownFollowerState(110)) - 3444f24d-5019-4db9-b49c-a7d3f58b79dc: shutdown 3444f24d-5019-4db9-b49c-a7d3f58b79dc@group-674B5112605D-FollowerState
2023-06-02 19:46:39,515 [3444f24d-5019-4db9-b49c-a7d3f58b79dc@group-674B5112605D-FollowerState] INFO  server.RaftServer$Division (RaftServerImpl.java:setRole(329)) - 3444f24d-5019-4db9-b49c-a7d3f58b79dc@group-674B5112605D: changes role from  FOLLOWER to CANDIDATE at term 0 for changeToCandidate
2023-06-02 19:46:39,515 [3444f24d-5019-4db9-b49c-a7d3f58b79dc@group-674B5112605D-FollowerState] INFO  server.RaftServerConfigKeys (ConfUtils.java:logGet(46)) - raft.server.leaderelection.pre-vote = true (default)
2023-06-02 19:46:39,515 [3444f24d-5019-4db9-b49c-a7d3f58b79dc@group-674B5112605D-FollowerState] INFO  impl.RoleInfo (RoleInfo.java:updateAndGet(139)) - 3444f24d-5019-4db9-b49c-a7d3f58b79dc: start 3444f24d-5019-4db9-b49c-a7d3f58b79dc@group-674B5112605D-LeaderElection13
2023-06-02 19:46:39,527 [3444f24d-5019-4db9-b49c-a7d3f58b79dc@group-41E0CD0E9AF8-LeaderElection12] INFO  server.RaftServerConfigKeys (ConfUtils.java:logFallback(53)) - raft.server.rpc.first-election.timeout.min = 5s (fallback to raft.server.rpc.timeout.min)
2023-06-02 19:46:39,527 [3444f24d-5019-4db9-b49c-a7d3f58b79dc@group-41E0CD0E9AF8-LeaderElection12] INFO  server.RaftServerConfigKeys (ConfUtils.java:logFallback(53)) - raft.server.rpc.first-election.timeout.max = 5200ms (fallback to raft.server.rpc.timeout.max)
2023-06-02 19:46:39,529 [3444f24d-5019-4db9-b49c-a7d3f58b79dc@group-674B5112605D-LeaderElection13] INFO  impl.LeaderElection (LeaderElection.java:askForVotes(321)) - 3444f24d-5019-4db9-b49c-a7d3f58b79dc@group-674B5112605D-LeaderElection13 PRE_VOTE round 0: submit vote requests at term 0 for -1: peers:[68e68f39-32fc-4b84-93e4-f20720881325|rpc:10.1.26.0:15068|admin:10.1.26.0:15067|client:10.1.26.0:15066|dataStream:10.1.26.0:15069|priority:1|startupRole:FOLLOWER, 3444f24d-5019-4db9-b49c-a7d3f58b79dc|rpc:10.1.26.0:15086|admin:10.1.26.0:15085|client:10.1.26.0:15084|dataStream:10.1.26.0:15087|priority:0|startupRole:FOLLOWER, 37ff51e8-4d98-426c-9b80-6778ef5a23bd|rpc:10.1.26.0:15077|admin:10.1.26.0:15076|client:10.1.26.0:15075|dataStream:10.1.26.0:15078|priority:0|startupRole:FOLLOWER]|listeners:[], old=null
2023-06-02 19:46:39,529 [3444f24d-5019-4db9-b49c-a7d3f58b79dc@group-41E0CD0E9AF8-LeaderElection12-2] INFO  server.GrpcServerProtocolClient (GrpcServerProtocolClient.java:<init>(65)) - Build channel for 37ff51e8-4d98-426c-9b80-6778ef5a23bd
2023-06-02 19:46:39,535 [3444f24d-5019-4db9-b49c-a7d3f58b79dc@group-41E0CD0E9AF8-LeaderElection12-1] INFO  server.GrpcServerProtocolClient (GrpcServerProtocolClient.java:<init>(65)) - Build channel for 68e68f39-32fc-4b84-93e4-f20720881325
2023-06-02 19:46:39,545 [3444f24d-5019-4db9-b49c-a7d3f58b79dc@group-674B5112605D-LeaderElection13] INFO  server.RaftServerConfigKeys (ConfUtils.java:logFallback(53)) - raft.server.rpc.first-election.timeout.min = 5s (fallback to raft.server.rpc.timeout.min)
2023-06-02 19:46:39,546 [3444f24d-5019-4db9-b49c-a7d3f58b79dc@group-674B5112605D-LeaderElection13] INFO  server.RaftServerConfigKeys (ConfUtils.java:logFallback(53)) - raft.server.rpc.first-election.timeout.max = 5200ms (fallback to raft.server.rpc.timeout.max)
2023-06-02 19:46:39,551 [grpc-default-executor-2] INFO  server.RaftServer$Division (RaftServerImpl.java:requestVote(1302)) - 37ff51e8-4d98-426c-9b80-6778ef5a23bd@group-674B5112605D: receive requestVote(PRE_VOTE, 3444f24d-5019-4db9-b49c-a7d3f58b79dc, group-674B5112605D, 0, (t:0, i:0))
2023-06-02 19:46:39,551 [grpc-default-executor-2] INFO  impl.VoteContext (VoteContext.java:log(49)) - 37ff51e8-4d98-426c-9b80-6778ef5a23bd@group-674B5112605D-FOLLOWER: accept PRE_VOTE from 3444f24d-5019-4db9-b49c-a7d3f58b79dc: our priority 0 <= candidate's priority 0
2023-06-02 19:46:39,551 [grpc-default-executor-2] INFO  server.RaftServer$Division (RaftServerImpl.java:requestVote(1335)) - 37ff51e8-4d98-426c-9b80-6778ef5a23bd@group-674B5112605D replies to PRE_VOTE vote request: 3444f24d-5019-4db9-b49c-a7d3f58b79dc<-37ff51e8-4d98-426c-9b80-6778ef5a23bd#0:OK-t0. Peer's state: 37ff51e8-4d98-426c-9b80-6778ef5a23bd@group-674B5112605D:t0, leader=null, voted=, raftlog=Memoized:37ff51e8-4d98-426c-9b80-6778ef5a23bd@group-674B5112605D-SegmentedRaftLog:OPENED:c-1, conf=-1: peers:[68e68f39-32fc-4b84-93e4-f20720881325|rpc:10.1.26.0:15068|admin:10.1.26.0:15067|client:10.1.26.0:15066|dataStream:10.1.26.0:15069|priority:1|startupRole:FOLLOWER, 3444f24d-5019-4db9-b49c-a7d3f58b79dc|rpc:10.1.26.0:15086|admin:10.1.26.0:15085|client:10.1.26.0:15084|dataStream:10.1.26.0:15087|priority:0|startupRole:FOLLOWER, 37ff51e8-4d98-426c-9b80-6778ef5a23bd|rpc:10.1.26.0:15077|admin:10.1.26.0:15076|client:10.1.26.0:15075|dataStream:10.1.26.0:15078|priority:0|startupRole:FOLLOWER]|listeners:[], old=null
2023-06-02 19:46:39,552 [grpc-default-executor-1] INFO  server.RaftServer$Division (RaftServerImpl.java:requestVote(1302)) - 37ff51e8-4d98-426c-9b80-6778ef5a23bd@group-41E0CD0E9AF8: receive requestVote(PRE_VOTE, 3444f24d-5019-4db9-b49c-a7d3f58b79dc, group-41E0CD0E9AF8, 0, (t:0, i:0))
2023-06-02 19:46:39,552 [grpc-default-executor-1] INFO  impl.VoteContext (VoteContext.java:log(49)) - 37ff51e8-4d98-426c-9b80-6778ef5a23bd@group-41E0CD0E9AF8-FOLLOWER: accept PRE_VOTE from 3444f24d-5019-4db9-b49c-a7d3f58b79dc: our priority 0 <= candidate's priority 1
2023-06-02 19:46:39,553 [grpc-default-executor-1] INFO  server.RaftServer$Division (RaftServerImpl.java:requestVote(1335)) - 37ff51e8-4d98-426c-9b80-6778ef5a23bd@group-41E0CD0E9AF8 replies to PRE_VOTE vote request: 3444f24d-5019-4db9-b49c-a7d3f58b79dc<-37ff51e8-4d98-426c-9b80-6778ef5a23bd#0:OK-t0. Peer's state: 37ff51e8-4d98-426c-9b80-6778ef5a23bd@group-41E0CD0E9AF8:t0, leader=null, voted=, raftlog=Memoized:37ff51e8-4d98-426c-9b80-6778ef5a23bd@group-41E0CD0E9AF8-SegmentedRaftLog:OPENED:c-1, conf=-1: peers:[68e68f39-32fc-4b84-93e4-f20720881325|rpc:10.1.26.0:15068|admin:10.1.26.0:15067|client:10.1.26.0:15066|dataStream:10.1.26.0:15069|priority:0|startupRole:FOLLOWER, 3444f24d-5019-4db9-b49c-a7d3f58b79dc|rpc:10.1.26.0:15086|admin:10.1.26.0:15085|client:10.1.26.0:15084|dataStream:10.1.26.0:15087|priority:1|startupRole:FOLLOWER, 37ff51e8-4d98-426c-9b80-6778ef5a23bd|rpc:10.1.26.0:15077|admin:10.1.26.0:15076|client:10.1.26.0:15075|dataStream:10.1.26.0:15078|priority:0|startupRole:FOLLOWER]|listeners:[], old=null
2023-06-02 19:46:39,555 [3444f24d-5019-4db9-b49c-a7d3f58b79dc@group-41E0CD0E9AF8-LeaderElection12] INFO  impl.LeaderElection (LeaderElection.java:logAndReturn(90)) - 3444f24d-5019-4db9-b49c-a7d3f58b79dc@group-41E0CD0E9AF8-LeaderElection12: PRE_VOTE PASSED received 1 response(s) and 0 exception(s):
2023-06-02 19:46:39,555 [3444f24d-5019-4db9-b49c-a7d3f58b79dc@group-41E0CD0E9AF8-LeaderElection12] INFO  impl.LeaderElection (LeaderElection.java:logAndReturn(94)) -   Response 0: 3444f24d-5019-4db9-b49c-a7d3f58b79dc<-37ff51e8-4d98-426c-9b80-6778ef5a23bd#0:OK-t0
2023-06-02 19:46:39,555 [3444f24d-5019-4db9-b49c-a7d3f58b79dc@group-41E0CD0E9AF8-LeaderElection12] INFO  impl.LeaderElection (LeaderElection.java:askForVotes(323)) - 3444f24d-5019-4db9-b49c-a7d3f58b79dc@group-41E0CD0E9AF8-LeaderElection12 PRE_VOTE round 0: result PASSED
2023-06-02 19:46:39,557 [68e68f39-32fc-4b84-93e4-f20720881325@group-674B5112605D-FollowerState] INFO  impl.FollowerState (FollowerState.java:run(143)) - 68e68f39-32fc-4b84-93e4-f20720881325@group-674B5112605D-FollowerState: change to CANDIDATE, lastRpcElapsedTime:5100824061ns, electionTimeout:5098ms
2023-06-02 19:46:39,557 [68e68f39-32fc-4b84-93e4-f20720881325@group-674B5112605D-FollowerState] INFO  impl.RoleInfo (RoleInfo.java:shutdownFollowerState(110)) - 68e68f39-32fc-4b84-93e4-f20720881325: shutdown 68e68f39-32fc-4b84-93e4-f20720881325@group-674B5112605D-FollowerState
2023-06-02 19:46:39,558 [68e68f39-32fc-4b84-93e4-f20720881325@group-674B5112605D-FollowerState] INFO  server.RaftServer$Division (RaftServerImpl.java:setRole(329)) - 68e68f39-32fc-4b84-93e4-f20720881325@group-674B5112605D: changes role from  FOLLOWER to CANDIDATE at term 0 for changeToCandidate
2023-06-02 19:46:39,558 [68e68f39-32fc-4b84-93e4-f20720881325@group-674B5112605D-FollowerState] INFO  server.RaftServerConfigKeys (ConfUtils.java:logGet(46)) - raft.server.leaderelection.pre-vote = true (default)
2023-06-02 19:46:39,558 [68e68f39-32fc-4b84-93e4-f20720881325@group-674B5112605D-FollowerState] INFO  impl.RoleInfo (RoleInfo.java:updateAndGet(139)) - 68e68f39-32fc-4b84-93e4-f20720881325: start 68e68f39-32fc-4b84-93e4-f20720881325@group-674B5112605D-LeaderElection14
2023-06-02 19:46:39,558 [grpc-default-executor-1] INFO  server.RaftServer$Division (RaftServerImpl.java:requestVote(1302)) - 68e68f39-32fc-4b84-93e4-f20720881325@group-41E0CD0E9AF8: receive requestVote(PRE_VOTE, 3444f24d-5019-4db9-b49c-a7d3f58b79dc, group-41E0CD0E9AF8, 0, (t:0, i:0))
2023-06-02 19:46:39,558 [grpc-default-executor-1] INFO  impl.VoteContext (VoteContext.java:log(49)) - 68e68f39-32fc-4b84-93e4-f20720881325@group-41E0CD0E9AF8-FOLLOWER: accept PRE_VOTE from 3444f24d-5019-4db9-b49c-a7d3f58b79dc: our priority 0 <= candidate's priority 1
2023-06-02 19:46:39,558 [grpc-default-executor-1] INFO  server.RaftServer$Division (RaftServerImpl.java:requestVote(1335)) - 68e68f39-32fc-4b84-93e4-f20720881325@group-41E0CD0E9AF8 replies to PRE_VOTE vote request: 3444f24d-5019-4db9-b49c-a7d3f58b79dc<-68e68f39-32fc-4b84-93e4-f20720881325#0:OK-t0. Peer's state: 68e68f39-32fc-4b84-93e4-f20720881325@group-41E0CD0E9AF8:t0, leader=null, voted=, raftlog=Memoized:68e68f39-32fc-4b84-93e4-f20720881325@group-41E0CD0E9AF8-SegmentedRaftLog:OPENED:c-1, conf=-1: peers:[68e68f39-32fc-4b84-93e4-f20720881325|rpc:10.1.26.0:15068|admin:10.1.26.0:15067|client:10.1.26.0:15066|dataStream:10.1.26.0:15069|priority:0|startupRole:FOLLOWER, 3444f24d-5019-4db9-b49c-a7d3f58b79dc|rpc:10.1.26.0:15086|admin:10.1.26.0:15085|client:10.1.26.0:15084|dataStream:10.1.26.0:15087|priority:1|startupRole:FOLLOWER, 37ff51e8-4d98-426c-9b80-6778ef5a23bd|rpc:10.1.26.0:15077|admin:10.1.26.0:15076|client:10.1.26.0:15075|dataStream:10.1.26.0:15078|priority:0|startupRole:FOLLOWER]|listeners:[], old=null
2023-06-02 19:46:39,559 [grpc-default-executor-2] INFO  server.RaftServer$Division (RaftServerImpl.java:requestVote(1302)) - 68e68f39-32fc-4b84-93e4-f20720881325@group-674B5112605D: receive requestVote(PRE_VOTE, 3444f24d-5019-4db9-b49c-a7d3f58b79dc, group-674B5112605D, 0, (t:0, i:0))
2023-06-02 19:46:39,569 [grpc-default-executor-2] INFO  impl.VoteContext (VoteContext.java:log(49)) - 68e68f39-32fc-4b84-93e4-f20720881325@group-674B5112605D-CANDIDATE: reject PRE_VOTE from 3444f24d-5019-4db9-b49c-a7d3f58b79dc: our priority 1 > candidate's priority 0
2023-06-02 19:46:39,569 [grpc-default-executor-2] INFO  server.RaftServer$Division (RaftServerImpl.java:requestVote(1335)) - 68e68f39-32fc-4b84-93e4-f20720881325@group-674B5112605D replies to PRE_VOTE vote request: 3444f24d-5019-4db9-b49c-a7d3f58b79dc<-68e68f39-32fc-4b84-93e4-f20720881325#0:FAIL-t0. Peer's state: 68e68f39-32fc-4b84-93e4-f20720881325@group-674B5112605D:t0, leader=null, voted=, raftlog=Memoized:68e68f39-32fc-4b84-93e4-f20720881325@group-674B5112605D-SegmentedRaftLog:OPENED:c-1, conf=-1: peers:[68e68f39-32fc-4b84-93e4-f20720881325|rpc:10.1.26.0:15068|admin:10.1.26.0:15067|client:10.1.26.0:15066|dataStream:10.1.26.0:15069|priority:1|startupRole:FOLLOWER, 3444f24d-5019-4db9-b49c-a7d3f58b79dc|rpc:10.1.26.0:15086|admin:10.1.26.0:15085|client:10.1.26.0:15084|dataStream:10.1.26.0:15087|priority:0|startupRole:FOLLOWER, 37ff51e8-4d98-426c-9b80-6778ef5a23bd|rpc:10.1.26.0:15077|admin:10.1.26.0:15076|client:10.1.26.0:15075|dataStream:10.1.26.0:15078|priority:0|startupRole:FOLLOWER]|listeners:[], old=null
2023-06-02 19:46:39,569 [3444f24d-5019-4db9-b49c-a7d3f58b79dc@group-41E0CD0E9AF8-LeaderElection12] INFO  impl.LeaderElection (LeaderElection.java:askForVotes(321)) - 3444f24d-5019-4db9-b49c-a7d3f58b79dc@group-41E0CD0E9AF8-LeaderElection12 ELECTION round 0: submit vote requests at term 1 for -1: peers:[68e68f39-32fc-4b84-93e4-f20720881325|rpc:10.1.26.0:15068|admin:10.1.26.0:15067|client:10.1.26.0:15066|dataStream:10.1.26.0:15069|priority:0|startupRole:FOLLOWER, 3444f24d-5019-4db9-b49c-a7d3f58b79dc|rpc:10.1.26.0:15086|admin:10.1.26.0:15085|client:10.1.26.0:15084|dataStream:10.1.26.0:15087|priority:1|startupRole:FOLLOWER, 37ff51e8-4d98-426c-9b80-6778ef5a23bd|rpc:10.1.26.0:15077|admin:10.1.26.0:15076|client:10.1.26.0:15075|dataStream:10.1.26.0:15078|priority:0|startupRole:FOLLOWER]|listeners:[], old=null
2023-06-02 19:46:39,575 [3444f24d-5019-4db9-b49c-a7d3f58b79dc@group-41E0CD0E9AF8-LeaderElection12] INFO  server.RaftServerConfigKeys (ConfUtils.java:logFallback(53)) - raft.server.rpc.first-election.timeout.min = 5s (fallback to raft.server.rpc.timeout.min)
2023-06-02 19:46:39,576 [3444f24d-5019-4db9-b49c-a7d3f58b79dc@group-41E0CD0E9AF8-LeaderElection12] INFO  server.RaftServerConfigKeys (ConfUtils.java:logFallback(53)) - raft.server.rpc.first-election.timeout.max = 5200ms (fallback to raft.server.rpc.timeout.max)
2023-06-02 19:46:39,583 [3444f24d-5019-4db9-b49c-a7d3f58b79dc@group-674B5112605D-LeaderElection13] INFO  impl.LeaderElection (LeaderElection.java:logAndReturn(90)) - 3444f24d-5019-4db9-b49c-a7d3f58b79dc@group-674B5112605D-LeaderElection13: PRE_VOTE REJECTED received 2 response(s) and 0 exception(s):
2023-06-02 19:46:39,583 [3444f24d-5019-4db9-b49c-a7d3f58b79dc@group-674B5112605D-LeaderElection13] INFO  impl.LeaderElection (LeaderElection.java:logAndReturn(94)) -   Response 0: 3444f24d-5019-4db9-b49c-a7d3f58b79dc<-68e68f39-32fc-4b84-93e4-f20720881325#0:FAIL-t0
2023-06-02 19:46:39,583 [3444f24d-5019-4db9-b49c-a7d3f58b79dc@group-674B5112605D-LeaderElection13] INFO  impl.LeaderElection (LeaderElection.java:logAndReturn(94)) -   Response 1: 3444f24d-5019-4db9-b49c-a7d3f58b79dc<-37ff51e8-4d98-426c-9b80-6778ef5a23bd#0:OK-t0
2023-06-02 19:46:39,583 [3444f24d-5019-4db9-b49c-a7d3f58b79dc@group-674B5112605D-LeaderElection13] INFO  impl.LeaderElection (LeaderElection.java:askForVotes(323)) - 3444f24d-5019-4db9-b49c-a7d3f58b79dc@group-674B5112605D-LeaderElection13 PRE_VOTE round 0: result REJECTED
2023-06-02 19:46:39,583 [3444f24d-5019-4db9-b49c-a7d3f58b79dc@group-674B5112605D-LeaderElection13] INFO  server.RaftServer$Division (RaftServerImpl.java:setRole(329)) - 3444f24d-5019-4db9-b49c-a7d3f58b79dc@group-674B5112605D: changes role from CANDIDATE to FOLLOWER at term 0 for REJECTED
2023-06-02 19:46:39,583 [3444f24d-5019-4db9-b49c-a7d3f58b79dc@group-674B5112605D-LeaderElection13] INFO  impl.RoleInfo (RoleInfo.java:shutdownLeaderElection(130)) - 3444f24d-5019-4db9-b49c-a7d3f58b79dc: shutdown 3444f24d-5019-4db9-b49c-a7d3f58b79dc@group-674B5112605D-LeaderElection13
2023-06-02 19:46:39,583 [3444f24d-5019-4db9-b49c-a7d3f58b79dc@group-674B5112605D-LeaderElection13] INFO  impl.RoleInfo (RoleInfo.java:updateAndGet(139)) - 3444f24d-5019-4db9-b49c-a7d3f58b79dc: start 3444f24d-5019-4db9-b49c-a7d3f58b79dc@group-674B5112605D-FollowerState
2023-06-02 19:46:39,584 [grpc-default-executor-2] INFO  server.RaftServer$Division (RaftServerImpl.java:requestVote(1302)) - 68e68f39-32fc-4b84-93e4-f20720881325@group-41E0CD0E9AF8: receive requestVote(ELECTION, 3444f24d-5019-4db9-b49c-a7d3f58b79dc, group-41E0CD0E9AF8, 1, (t:0, i:0))
2023-06-02 19:46:39,584 [grpc-default-executor-2] INFO  impl.VoteContext (VoteContext.java:log(49)) - 68e68f39-32fc-4b84-93e4-f20720881325@group-41E0CD0E9AF8-FOLLOWER: accept ELECTION from 3444f24d-5019-4db9-b49c-a7d3f58b79dc: our priority 0 <= candidate's priority 1
2023-06-02 19:46:39,584 [grpc-default-executor-2] INFO  server.RaftServer$Division (RaftServerImpl.java:setRole(329)) - 68e68f39-32fc-4b84-93e4-f20720881325@group-41E0CD0E9AF8: changes role from  FOLLOWER to FOLLOWER at term 1 for candidate:3444f24d-5019-4db9-b49c-a7d3f58b79dc
2023-06-02 19:46:39,584 [grpc-default-executor-2] INFO  impl.RoleInfo (RoleInfo.java:shutdownFollowerState(110)) - 68e68f39-32fc-4b84-93e4-f20720881325: shutdown 68e68f39-32fc-4b84-93e4-f20720881325@group-41E0CD0E9AF8-FollowerState
2023-06-02 19:46:39,587 [68e68f39-32fc-4b84-93e4-f20720881325@group-674B5112605D-LeaderElection14] INFO  impl.LeaderElection (LeaderElection.java:askForVotes(321)) - 68e68f39-32fc-4b84-93e4-f20720881325@group-674B5112605D-LeaderElection14 PRE_VOTE round 0: submit vote requests at term 0 for -1: peers:[68e68f39-32fc-4b84-93e4-f20720881325|rpc:10.1.26.0:15068|admin:10.1.26.0:15067|client:10.1.26.0:15066|dataStream:10.1.26.0:15069|priority:1|startupRole:FOLLOWER, 3444f24d-5019-4db9-b49c-a7d3f58b79dc|rpc:10.1.26.0:15086|admin:10.1.26.0:15085|client:10.1.26.0:15084|dataStream:10.1.26.0:15087|priority:0|startupRole:FOLLOWER, 37ff51e8-4d98-426c-9b80-6778ef5a23bd|rpc:10.1.26.0:15077|admin:10.1.26.0:15076|client:10.1.26.0:15075|dataStream:10.1.26.0:15078|priority:0|startupRole:FOLLOWER]|listeners:[], old=null
2023-06-02 19:46:39,588 [grpc-default-executor-3] INFO  server.RaftServer$Division (RaftServerImpl.java:requestVote(1302)) - 37ff51e8-4d98-426c-9b80-6778ef5a23bd@group-41E0CD0E9AF8: receive requestVote(ELECTION, 3444f24d-5019-4db9-b49c-a7d3f58b79dc, group-41E0CD0E9AF8, 1, (t:0, i:0))
2023-06-02 19:46:39,589 [68e68f39-32fc-4b84-93e4-f20720881325@group-674B5112605D-LeaderElection14] INFO  server.RaftServerConfigKeys (ConfUtils.java:logFallback(53)) - raft.server.rpc.first-election.timeout.min = 5s (fallback to raft.server.rpc.timeout.min)
2023-06-02 19:46:39,589 [68e68f39-32fc-4b84-93e4-f20720881325@group-674B5112605D-LeaderElection14] INFO  server.RaftServerConfigKeys (ConfUtils.java:logFallback(53)) - raft.server.rpc.first-election.timeout.max = 5200ms (fallback to raft.server.rpc.timeout.max)
2023-06-02 19:46:39,592 [grpc-default-executor-2] INFO  impl.RoleInfo (RoleInfo.java:updateAndGet(139)) - 68e68f39-32fc-4b84-93e4-f20720881325: start 68e68f39-32fc-4b84-93e4-f20720881325@group-41E0CD0E9AF8-FollowerState
2023-06-02 19:46:39,592 [68e68f39-32fc-4b84-93e4-f20720881325@group-41E0CD0E9AF8-FollowerState] INFO  impl.FollowerState (FollowerState.java:run(152)) - 68e68f39-32fc-4b84-93e4-f20720881325@group-41E0CD0E9AF8-FollowerState was interrupted
2023-06-02 19:46:39,592 [grpc-default-executor-3] INFO  impl.VoteContext (VoteContext.java:log(49)) - 37ff51e8-4d98-426c-9b80-6778ef5a23bd@group-41E0CD0E9AF8-FOLLOWER: accept ELECTION from 3444f24d-5019-4db9-b49c-a7d3f58b79dc: our priority 0 <= candidate's priority 1
2023-06-02 19:46:39,592 [grpc-default-executor-3] INFO  server.RaftServer$Division (RaftServerImpl.java:setRole(329)) - 37ff51e8-4d98-426c-9b80-6778ef5a23bd@group-41E0CD0E9AF8: changes role from  FOLLOWER to FOLLOWER at term 1 for candidate:3444f24d-5019-4db9-b49c-a7d3f58b79dc
2023-06-02 19:46:39,592 [grpc-default-executor-3] INFO  impl.RoleInfo (RoleInfo.java:shutdownFollowerState(110)) - 37ff51e8-4d98-426c-9b80-6778ef5a23bd: shutdown 37ff51e8-4d98-426c-9b80-6778ef5a23bd@group-41E0CD0E9AF8-FollowerState
2023-06-02 19:46:39,593 [37ff51e8-4d98-426c-9b80-6778ef5a23bd@group-41E0CD0E9AF8-FollowerState] INFO  impl.FollowerState (FollowerState.java:run(152)) - 37ff51e8-4d98-426c-9b80-6778ef5a23bd@group-41E0CD0E9AF8-FollowerState was interrupted
2023-06-02 19:46:39,593 [grpc-default-executor-3] INFO  impl.RoleInfo (RoleInfo.java:updateAndGet(139)) - 37ff51e8-4d98-426c-9b80-6778ef5a23bd: start 37ff51e8-4d98-426c-9b80-6778ef5a23bd@group-41E0CD0E9AF8-FollowerState
2023-06-02 19:46:39,594 [grpc-default-executor-2] INFO  server.RaftServer$Division (RaftServerImpl.java:requestVote(1335)) - 68e68f39-32fc-4b84-93e4-f20720881325@group-41E0CD0E9AF8 replies to ELECTION vote request: 3444f24d-5019-4db9-b49c-a7d3f58b79dc<-68e68f39-32fc-4b84-93e4-f20720881325#0:OK-t1. Peer's state: 68e68f39-32fc-4b84-93e4-f20720881325@group-41E0CD0E9AF8:t1, leader=null, voted=3444f24d-5019-4db9-b49c-a7d3f58b79dc, raftlog=Memoized:68e68f39-32fc-4b84-93e4-f20720881325@group-41E0CD0E9AF8-SegmentedRaftLog:OPENED:c-1, conf=-1: peers:[68e68f39-32fc-4b84-93e4-f20720881325|rpc:10.1.26.0:15068|admin:10.1.26.0:15067|client:10.1.26.0:15066|dataStream:10.1.26.0:15069|priority:0|startupRole:FOLLOWER, 3444f24d-5019-4db9-b49c-a7d3f58b79dc|rpc:10.1.26.0:15086|admin:10.1.26.0:15085|client:10.1.26.0:15084|dataStream:10.1.26.0:15087|priority:1|startupRole:FOLLOWER, 37ff51e8-4d98-426c-9b80-6778ef5a23bd|rpc:10.1.26.0:15077|admin:10.1.26.0:15076|client:10.1.26.0:15075|dataStream:10.1.26.0:15078|priority:0|startupRole:FOLLOWER]|listeners:[], old=null
2023-06-02 19:46:39,597 [grpc-default-executor-2] INFO  server.RaftServer$Division (RaftServerImpl.java:requestVote(1302)) - 37ff51e8-4d98-426c-9b80-6778ef5a23bd@group-674B5112605D: receive requestVote(PRE_VOTE, 68e68f39-32fc-4b84-93e4-f20720881325, group-674B5112605D, 0, (t:0, i:0))
2023-06-02 19:46:39,597 [grpc-default-executor-2] INFO  impl.VoteContext (VoteContext.java:log(49)) - 37ff51e8-4d98-426c-9b80-6778ef5a23bd@group-674B5112605D-FOLLOWER: accept PRE_VOTE from 68e68f39-32fc-4b84-93e4-f20720881325: our priority 0 <= candidate's priority 1
2023-06-02 19:46:39,597 [grpc-default-executor-2] INFO  server.RaftServer$Division (RaftServerImpl.java:requestVote(1335)) - 37ff51e8-4d98-426c-9b80-6778ef5a23bd@group-674B5112605D replies to PRE_VOTE vote request: 68e68f39-32fc-4b84-93e4-f20720881325<-37ff51e8-4d98-426c-9b80-6778ef5a23bd#0:OK-t0. Peer's state: 37ff51e8-4d98-426c-9b80-6778ef5a23bd@group-674B5112605D:t0, leader=null, voted=, raftlog=Memoized:37ff51e8-4d98-426c-9b80-6778ef5a23bd@group-674B5112605D-SegmentedRaftLog:OPENED:c-1, conf=-1: peers:[68e68f39-32fc-4b84-93e4-f20720881325|rpc:10.1.26.0:15068|admin:10.1.26.0:15067|client:10.1.26.0:15066|dataStream:10.1.26.0:15069|priority:1|startupRole:FOLLOWER, 3444f24d-5019-4db9-b49c-a7d3f58b79dc|rpc:10.1.26.0:15086|admin:10.1.26.0:15085|client:10.1.26.0:15084|dataStream:10.1.26.0:15087|priority:0|startupRole:FOLLOWER, 37ff51e8-4d98-426c-9b80-6778ef5a23bd|rpc:10.1.26.0:15077|admin:10.1.26.0:15076|client:10.1.26.0:15075|dataStream:10.1.26.0:15078|priority:0|startupRole:FOLLOWER]|listeners:[], old=null
2023-06-02 19:46:39,597 [grpc-default-executor-3] INFO  server.RaftServer$Division (RaftServerImpl.java:requestVote(1335)) - 37ff51e8-4d98-426c-9b80-6778ef5a23bd@group-41E0CD0E9AF8 replies to ELECTION vote request: 3444f24d-5019-4db9-b49c-a7d3f58b79dc<-37ff51e8-4d98-426c-9b80-6778ef5a23bd#0:OK-t1. Peer's state: 37ff51e8-4d98-426c-9b80-6778ef5a23bd@group-41E0CD0E9AF8:t1, leader=null, voted=3444f24d-5019-4db9-b49c-a7d3f58b79dc, raftlog=Memoized:37ff51e8-4d98-426c-9b80-6778ef5a23bd@group-41E0CD0E9AF8-SegmentedRaftLog:OPENED:c-1, conf=-1: peers:[68e68f39-32fc-4b84-93e4-f20720881325|rpc:10.1.26.0:15068|admin:10.1.26.0:15067|client:10.1.26.0:15066|dataStream:10.1.26.0:15069|priority:0|startupRole:FOLLOWER, 3444f24d-5019-4db9-b49c-a7d3f58b79dc|rpc:10.1.26.0:15086|admin:10.1.26.0:15085|client:10.1.26.0:15084|dataStream:10.1.26.0:15087|priority:1|startupRole:FOLLOWER, 37ff51e8-4d98-426c-9b80-6778ef5a23bd|rpc:10.1.26.0:15077|admin:10.1.26.0:15076|client:10.1.26.0:15075|dataStream:10.1.26.0:15078|priority:0|startupRole:FOLLOWER]|listeners:[], old=null
2023-06-02 19:46:39,599 [3444f24d-5019-4db9-b49c-a7d3f58b79dc@group-41E0CD0E9AF8-LeaderElection12] INFO  impl.LeaderElection (LeaderElection.java:logAndReturn(90)) - 3444f24d-5019-4db9-b49c-a7d3f58b79dc@group-41E0CD0E9AF8-LeaderElection12: ELECTION PASSED received 1 response(s) and 0 exception(s):
2023-06-02 19:46:39,600 [3444f24d-5019-4db9-b49c-a7d3f58b79dc@group-41E0CD0E9AF8-LeaderElection12] INFO  impl.LeaderElection (LeaderElection.java:logAndReturn(94)) -   Response 0: 3444f24d-5019-4db9-b49c-a7d3f58b79dc<-37ff51e8-4d98-426c-9b80-6778ef5a23bd#0:OK-t1
2023-06-02 19:46:39,600 [3444f24d-5019-4db9-b49c-a7d3f58b79dc@group-41E0CD0E9AF8-LeaderElection12] INFO  impl.LeaderElection (LeaderElection.java:askForVotes(323)) - 3444f24d-5019-4db9-b49c-a7d3f58b79dc@group-41E0CD0E9AF8-LeaderElection12 ELECTION round 0: result PASSED
2023-06-02 19:46:39,600 [3444f24d-5019-4db9-b49c-a7d3f58b79dc@group-41E0CD0E9AF8-LeaderElection12] INFO  impl.RoleInfo (RoleInfo.java:shutdownLeaderElection(130)) - 3444f24d-5019-4db9-b49c-a7d3f58b79dc: shutdown 3444f24d-5019-4db9-b49c-a7d3f58b79dc@group-41E0CD0E9AF8-LeaderElection12
2023-06-02 19:46:39,600 [3444f24d-5019-4db9-b49c-a7d3f58b79dc@group-41E0CD0E9AF8-LeaderElection12] INFO  server.RaftServer$Division (RaftServerImpl.java:setRole(329)) - 3444f24d-5019-4db9-b49c-a7d3f58b79dc@group-41E0CD0E9AF8: changes role from CANDIDATE to LEADER at term 1 for changeToLeader
2023-06-02 19:46:39,600 [3444f24d-5019-4db9-b49c-a7d3f58b79dc@group-41E0CD0E9AF8-LeaderElection12] INFO  ratis.XceiverServerRatis (XceiverServerRatis.java:handleLeaderChangedNotification(902)) - Leader change notification received for group: group-41E0CD0E9AF8 with new leaderId: 3444f24d-5019-4db9-b49c-a7d3f58b79dc
2023-06-02 19:46:39,600 [3444f24d-5019-4db9-b49c-a7d3f58b79dc@group-41E0CD0E9AF8-LeaderElection12] INFO  server.RaftServer$Division (ServerState.java:setLeader(317)) - 3444f24d-5019-4db9-b49c-a7d3f58b79dc@group-41E0CD0E9AF8: change Leader from null to 3444f24d-5019-4db9-b49c-a7d3f58b79dc at term 1 for becomeLeader, leader elected after 5280ms
2023-06-02 19:46:39,600 [3444f24d-5019-4db9-b49c-a7d3f58b79dc@group-41E0CD0E9AF8-LeaderElection12] INFO  server.RaftServerConfigKeys (ConfUtils.java:logGet(46)) - raft.server.staging.catchup.gap = 1000 (default)
2023-06-02 19:46:39,600 [3444f24d-5019-4db9-b49c-a7d3f58b79dc@group-41E0CD0E9AF8-LeaderElection12] INFO  server.RaftServerConfigKeys (ConfUtils.java:logGet(46)) - raft.server.write.element-limit = 1024 (custom)
2023-06-02 19:46:39,600 [3444f24d-5019-4db9-b49c-a7d3f58b79dc@group-41E0CD0E9AF8-LeaderElection12] INFO  server.RaftServerConfigKeys (ConfUtils.java:logGet(46)) - raft.server.write.byte-limit = 1024 M (=1073741824) (custom)
2023-06-02 19:46:39,601 [3444f24d-5019-4db9-b49c-a7d3f58b79dc@group-41E0CD0E9AF8-LeaderElection12] INFO  server.RaftServerConfigKeys (ConfUtils.java:logGet(46)) - raft.server.watch.timeout = 180s (custom)
2023-06-02 19:46:39,601 [3444f24d-5019-4db9-b49c-a7d3f58b79dc@group-41E0CD0E9AF8-LeaderElection12] INFO  server.RaftServerConfigKeys (ConfUtils.java:logGet(46)) - raft.server.watch.timeout.denomination = 1s (default)
2023-06-02 19:46:39,601 [3444f24d-5019-4db9-b49c-a7d3f58b79dc@group-41E0CD0E9AF8-LeaderElection12] INFO  server.RaftServerConfigKeys (ConfUtils.java:logGet(46)) - raft.server.watch.element-limit = 65536 (default)
2023-06-02 19:46:39,601 [3444f24d-5019-4db9-b49c-a7d3f58b79dc@group-41E0CD0E9AF8-LeaderElection12] INFO  server.RaftServerConfigKeys (ConfUtils.java:logGet(46)) - raft.server.write.element-limit = 1024 (custom)
2023-06-02 19:46:39,601 [3444f24d-5019-4db9-b49c-a7d3f58b79dc@group-41E0CD0E9AF8-LeaderElection12] INFO  server.RaftServerConfigKeys (ConfUtils.java:logGet(46)) - raft.server.write.follower.gap.ratio.max = -1.0 (default)
2023-06-02 19:46:39,602 [grpc-default-executor-4] INFO  server.RaftServer$Division (RaftServerImpl.java:requestVote(1302)) - 3444f24d-5019-4db9-b49c-a7d3f58b79dc@group-674B5112605D: receive requestVote(PRE_VOTE, 68e68f39-32fc-4b84-93e4-f20720881325, group-674B5112605D, 0, (t:0, i:0))
2023-06-02 19:46:39,602 [grpc-default-executor-4] INFO  impl.VoteContext (VoteContext.java:log(49)) - 3444f24d-5019-4db9-b49c-a7d3f58b79dc@group-674B5112605D-FOLLOWER: accept PRE_VOTE from 68e68f39-32fc-4b84-93e4-f20720881325: our priority 0 <= candidate's priority 1
2023-06-02 19:46:39,602 [grpc-default-executor-4] INFO  server.RaftServer$Division (RaftServerImpl.java:requestVote(1335)) - 3444f24d-5019-4db9-b49c-a7d3f58b79dc@group-674B5112605D replies to PRE_VOTE vote request: 68e68f39-32fc-4b84-93e4-f20720881325<-3444f24d-5019-4db9-b49c-a7d3f58b79dc#0:OK-t0. Peer's state: 3444f24d-5019-4db9-b49c-a7d3f58b79dc@group-674B5112605D:t0, leader=null, voted=, raftlog=Memoized:3444f24d-5019-4db9-b49c-a7d3f58b79dc@group-674B5112605D-SegmentedRaftLog:OPENED:c-1, conf=-1: peers:[68e68f39-32fc-4b84-93e4-f20720881325|rpc:10.1.26.0:15068|admin:10.1.26.0:15067|client:10.1.26.0:15066|dataStream:10.1.26.0:15069|priority:1|startupRole:FOLLOWER, 3444f24d-5019-4db9-b49c-a7d3f58b79dc|rpc:10.1.26.0:15086|admin:10.1.26.0:15085|client:10.1.26.0:15084|dataStream:10.1.26.0:15087|priority:0|startupRole:FOLLOWER, 37ff51e8-4d98-426c-9b80-6778ef5a23bd|rpc:10.1.26.0:15077|admin:10.1.26.0:15076|client:10.1.26.0:15075|dataStream:10.1.26.0:15078|priority:0|startupRole:FOLLOWER]|listeners:[], old=null
2023-06-02 19:46:39,606 [68e68f39-32fc-4b84-93e4-f20720881325@group-674B5112605D-LeaderElection14] INFO  impl.LeaderElection (LeaderElection.java:logAndReturn(90)) - 68e68f39-32fc-4b84-93e4-f20720881325@group-674B5112605D-LeaderElection14: PRE_VOTE PASSED received 1 response(s) and 0 exception(s):
2023-06-02 19:46:39,606 [68e68f39-32fc-4b84-93e4-f20720881325@group-674B5112605D-LeaderElection14] INFO  impl.LeaderElection (LeaderElection.java:logAndReturn(94)) -   Response 0: 68e68f39-32fc-4b84-93e4-f20720881325<-3444f24d-5019-4db9-b49c-a7d3f58b79dc#0:OK-t0
2023-06-02 19:46:39,606 [68e68f39-32fc-4b84-93e4-f20720881325@group-674B5112605D-LeaderElection14] INFO  impl.LeaderElection (LeaderElection.java:askForVotes(323)) - 68e68f39-32fc-4b84-93e4-f20720881325@group-674B5112605D-LeaderElection14 PRE_VOTE round 0: result PASSED
2023-06-02 19:46:39,612 [68e68f39-32fc-4b84-93e4-f20720881325@group-674B5112605D-LeaderElection14] INFO  impl.LeaderElection (LeaderElection.java:askForVotes(321)) - 68e68f39-32fc-4b84-93e4-f20720881325@group-674B5112605D-LeaderElection14 ELECTION round 0: submit vote requests at term 1 for -1: peers:[68e68f39-32fc-4b84-93e4-f20720881325|rpc:10.1.26.0:15068|admin:10.1.26.0:15067|client:10.1.26.0:15066|dataStream:10.1.26.0:15069|priority:1|startupRole:FOLLOWER, 3444f24d-5019-4db9-b49c-a7d3f58b79dc|rpc:10.1.26.0:15086|admin:10.1.26.0:15085|client:10.1.26.0:15084|dataStream:10.1.26.0:15087|priority:0|startupRole:FOLLOWER, 37ff51e8-4d98-426c-9b80-6778ef5a23bd|rpc:10.1.26.0:15077|admin:10.1.26.0:15076|client:10.1.26.0:15075|dataStream:10.1.26.0:15078|priority:0|startupRole:FOLLOWER]|listeners:[], old=null
2023-06-02 19:46:39,613 [68e68f39-32fc-4b84-93e4-f20720881325@group-674B5112605D-LeaderElection14] INFO  server.RaftServerConfigKeys (ConfUtils.java:logFallback(53)) - raft.server.rpc.first-election.timeout.min = 5s (fallback to raft.server.rpc.timeout.min)
2023-06-02 19:46:39,613 [68e68f39-32fc-4b84-93e4-f20720881325@group-674B5112605D-LeaderElection14] INFO  server.RaftServerConfigKeys (ConfUtils.java:logFallback(53)) - raft.server.rpc.first-election.timeout.max = 5200ms (fallback to raft.server.rpc.timeout.max)
2023-06-02 19:46:39,615 [EventQueue-PipelineReportForPipelineReportHandler] INFO  pipeline.PipelineManagerImpl (PipelineManagerImpl.java:openPipeline(367)) - Pipeline Pipeline[ Id: b5b8cea2-c681-4998-9b81-41e0cd0e9af8, Nodes: 3444f24d-5019-4db9-b49c-a7d3f58b79dc(fv-az459-618.msq0az1vewme3jsxyslsv0htic.jx.internal.cloudapp.net/10.1.26.0)37ff51e8-4d98-426c-9b80-6778ef5a23bd(fv-az459-618.msq0az1vewme3jsxyslsv0htic.jx.internal.cloudapp.net/10.1.26.0)68e68f39-32fc-4b84-93e4-f20720881325(fv-az459-618.msq0az1vewme3jsxyslsv0htic.jx.internal.cloudapp.net/10.1.26.0), ReplicationConfig: RATIS/THREE, State:ALLOCATED, leaderId:3444f24d-5019-4db9-b49c-a7d3f58b79dc, CreationTimestamp2023-06-02T19:46:32.234Z[Etc/UTC]] moved to OPEN state
2023-06-02 19:46:39,618 [3444f24d-5019-4db9-b49c-a7d3f58b79dc@group-41E0CD0E9AF8-LeaderElection12] INFO  server.RaftServerConfigKeys (ConfUtils.java:logGet(46)) - raft.server.log.appender.snapshot.chunk.size.max = 16MB (=16777216) (default)
2023-06-02 19:46:39,618 [3444f24d-5019-4db9-b49c-a7d3f58b79dc@group-41E0CD0E9AF8-LeaderElection12] INFO  server.RaftServerConfigKeys (ConfUtils.java:logGet(46)) - raft.server.log.appender.buffer.byte-limit = 33554432 (custom)
2023-06-02 19:46:39,618 [3444f24d-5019-4db9-b49c-a7d3f58b79dc@group-41E0CD0E9AF8-LeaderElection12] INFO  server.RaftServerConfigKeys (ConfUtils.java:logGet(46)) - raft.server.log.appender.buffer.element-limit = 1 (custom)
2023-06-02 19:46:39,619 [3444f24d-5019-4db9-b49c-a7d3f58b79dc@group-41E0CD0E9AF8-LeaderElection12] INFO  server.RaftServerConfigKeys (ConfUtils.java:logGet(46)) - raft.server.log.appender.wait-time.min = 10ms (default)
2023-06-02 19:46:39,619 [3444f24d-5019-4db9-b49c-a7d3f58b79dc@group-41E0CD0E9AF8-LeaderElection12] INFO  grpc.GrpcConfigKeys (ConfUtils.java:logGet(46)) - raft.grpc.server.leader.outstanding.appends.max = 128 (default)
2023-06-02 19:46:39,619 [3444f24d-5019-4db9-b49c-a7d3f58b79dc@group-41E0CD0E9AF8-LeaderElection12] INFO  server.RaftServerConfigKeys (ConfUtils.java:logGet(46)) - raft.server.rpc.request.timeout = 60s (custom)
2023-06-02 19:46:39,619 [3444f24d-5019-4db9-b49c-a7d3f58b79dc@group-41E0CD0E9AF8-LeaderElection12] INFO  grpc.GrpcConfigKeys (ConfUtils.java:logGet(46)) - raft.grpc.server.install_snapshot.request.element-limit = 8 (default)
2023-06-02 19:46:39,619 [3444f24d-5019-4db9-b49c-a7d3f58b79dc@group-41E0CD0E9AF8-LeaderElection12] INFO  grpc.GrpcConfigKeys (ConfUtils.java:logGet(46)) - raft.grpc.server.install_snapshot.request.timeout = 3000ms (default)
2023-06-02 19:46:39,619 [grpc-default-executor-3] INFO  server.RaftServer$Division (RaftServerImpl.java:requestVote(1302)) - 3444f24d-5019-4db9-b49c-a7d3f58b79dc@group-674B5112605D: receive requestVote(ELECTION, 68e68f39-32fc-4b84-93e4-f20720881325, group-674B5112605D, 1, (t:0, i:0))
2023-06-02 19:46:39,619 [grpc-default-executor-3] INFO  impl.VoteContext (VoteContext.java:log(49)) - 3444f24d-5019-4db9-b49c-a7d3f58b79dc@group-674B5112605D-FOLLOWER: accept ELECTION from 68e68f39-32fc-4b84-93e4-f20720881325: our priority 0 <= candidate's priority 1
2023-06-02 19:46:39,619 [grpc-default-executor-3] INFO  server.RaftServer$Division (RaftServerImpl.java:setRole(329)) - 3444f24d-5019-4db9-b49c-a7d3f58b79dc@group-674B5112605D: changes role from  FOLLOWER to FOLLOWER at term 1 for candidate:68e68f39-32fc-4b84-93e4-f20720881325
2023-06-02 19:46:39,619 [grpc-default-executor-3] INFO  impl.RoleInfo (RoleInfo.java:shutdownFollowerState(110)) - 3444f24d-5019-4db9-b49c-a7d3f58b79dc: shutdown 3444f24d-5019-4db9-b49c-a7d3f58b79dc@group-674B5112605D-FollowerState
2023-06-02 19:46:39,619 [grpc-default-executor-3] INFO  impl.RoleInfo (RoleInfo.java:updateAndGet(139)) - 3444f24d-5019-4db9-b49c-a7d3f58b79dc: start 3444f24d-5019-4db9-b49c-a7d3f58b79dc@group-674B5112605D-FollowerState
2023-06-02 19:46:39,621 [3444f24d-5019-4db9-b49c-a7d3f58b79dc@group-674B5112605D-FollowerState] INFO  impl.FollowerState (FollowerState.java:run(152)) - 3444f24d-5019-4db9-b49c-a7d3f58b79dc@group-674B5112605D-FollowerState was interrupted
2023-06-02 19:46:39,619 [3444f24d-5019-4db9-b49c-a7d3f58b79dc@group-41E0CD0E9AF8-LeaderElection12] INFO  server.RaftServerConfigKeys (ConfUtils.java:logGet(46)) - raft.server.log.appender.install.snapshot.enabled = false (custom)
2023-06-02 19:46:39,623 [3444f24d-5019-4db9-b49c-a7d3f58b79dc@group-41E0CD0E9AF8-LeaderElection12] INFO  grpc.GrpcConfigKeys (ConfUtils.java:logGet(46)) - raft.grpc.server.heartbeat.channel = true (default)
2023-06-02 19:46:39,623 [grpc-default-executor-3] INFO  server.RaftServer$Division (RaftServerImpl.java:requestVote(1335)) - 3444f24d-5019-4db9-b49c-a7d3f58b79dc@group-674B5112605D replies to ELECTION vote request: 68e68f39-32fc-4b84-93e4-f20720881325<-3444f24d-5019-4db9-b49c-a7d3f58b79dc#0:OK-t1. Peer's state: 3444f24d-5019-4db9-b49c-a7d3f58b79dc@group-674B5112605D:t1, leader=null, voted=68e68f39-32fc-4b84-93e4-f20720881325, raftlog=Memoized:3444f24d-5019-4db9-b49c-a7d3f58b79dc@group-674B5112605D-SegmentedRaftLog:OPENED:c-1, conf=-1: peers:[68e68f39-32fc-4b84-93e4-f20720881325|rpc:10.1.26.0:15068|admin:10.1.26.0:15067|client:10.1.26.0:15066|dataStream:10.1.26.0:15069|priority:1|startupRole:FOLLOWER, 3444f24d-5019-4db9-b49c-a7d3f58b79dc|rpc:10.1.26.0:15086|admin:10.1.26.0:15085|client:10.1.26.0:15084|dataStream:10.1.26.0:15087|priority:0|startupRole:FOLLOWER, 37ff51e8-4d98-426c-9b80-6778ef5a23bd|rpc:10.1.26.0:15077|admin:10.1.26.0:15076|client:10.1.26.0:15075|dataStream:10.1.26.0:15078|priority:0|startupRole:FOLLOWER]|listeners:[], old=null
2023-06-02 19:46:39,624 [3444f24d-5019-4db9-b49c-a7d3f58b79dc@group-41E0CD0E9AF8-LeaderElection12] INFO  server.RaftServerConfigKeys (ConfUtils.java:logGet(46)) - raft.server.log.appender.snapshot.chunk.size.max = 16MB (=16777216) (default)
2023-06-02 19:46:39,624 [3444f24d-5019-4db9-b49c-a7d3f58b79dc@group-41E0CD0E9AF8-LeaderElection12] INFO  server.RaftServerConfigKeys (ConfUtils.java:logGet(46)) - raft.server.log.appender.buffer.byte-limit = 33554432 (custom)
2023-06-02 19:46:39,624 [3444f24d-5019-4db9-b49c-a7d3f58b79dc@group-41E0CD0E9AF8-LeaderElection12] INFO  server.RaftServerConfigKeys (ConfUtils.java:logGet(46)) - raft.server.log.appender.buffer.element-limit = 1 (custom)
2023-06-02 19:46:39,624 [3444f24d-5019-4db9-b49c-a7d3f58b79dc@group-41E0CD0E9AF8-LeaderElection12] INFO  server.RaftServerConfigKeys (ConfUtils.java:logGet(46)) - raft.server.log.appender.wait-time.min = 10ms (default)
2023-06-02 19:46:39,625 [3444f24d-5019-4db9-b49c-a7d3f58b79dc@group-41E0CD0E9AF8-LeaderElection12] INFO  grpc.GrpcConfigKeys (ConfUtils.java:logGet(46)) - raft.grpc.server.leader.outstanding.appends.max = 128 (default)
2023-06-02 19:46:39,625 [3444f24d-5019-4db9-b49c-a7d3f58b79dc@group-41E0CD0E9AF8-LeaderElection12] INFO  server.RaftServerConfigKeys (ConfUtils.java:logGet(46)) - raft.server.rpc.request.timeout = 60s (custom)
2023-06-02 19:46:39,625 [3444f24d-5019-4db9-b49c-a7d3f58b79dc@group-41E0CD0E9AF8-LeaderElection12] INFO  grpc.GrpcConfigKeys (ConfUtils.java:logGet(46)) - raft.grpc.server.install_snapshot.request.element-limit = 8 (default)
2023-06-02 19:46:39,625 [3444f24d-5019-4db9-b49c-a7d3f58b79dc@group-41E0CD0E9AF8-LeaderElection12] INFO  grpc.GrpcConfigKeys (ConfUtils.java:logGet(46)) - raft.grpc.server.install_snapshot.request.timeout = 3000ms (default)
2023-06-02 19:46:39,626 [3444f24d-5019-4db9-b49c-a7d3f58b79dc@group-41E0CD0E9AF8-LeaderElection12] INFO  server.RaftServerConfigKeys (ConfUtils.java:logGet(46)) - raft.server.log.appender.install.snapshot.enabled = false (custom)
2023-06-02 19:46:39,626 [3444f24d-5019-4db9-b49c-a7d3f58b79dc@group-41E0CD0E9AF8-LeaderElection12] INFO  grpc.GrpcConfigKeys (ConfUtils.java:logGet(46)) - raft.grpc.server.heartbeat.channel = true (default)
2023-06-02 19:46:39,626 [3444f24d-5019-4db9-b49c-a7d3f58b79dc@group-41E0CD0E9AF8-LeaderElection12] INFO  impl.RoleInfo (RoleInfo.java:updateAndGet(139)) - 3444f24d-5019-4db9-b49c-a7d3f58b79dc: start 3444f24d-5019-4db9-b49c-a7d3f58b79dc@group-41E0CD0E9AF8-LeaderStateImpl
2023-06-02 19:46:39,627 [3444f24d-5019-4db9-b49c-a7d3f58b79dc@group-41E0CD0E9AF8-LeaderElection12] INFO  segmented.SegmentedRaftLogWorker (SegmentedRaftLogWorker.java:startLogSegment(447)) - 3444f24d-5019-4db9-b49c-a7d3f58b79dc@group-41E0CD0E9AF8-SegmentedRaftLogWorker: Starting segment from index:0
2023-06-02 19:46:39,628 [68e68f39-32fc-4b84-93e4-f20720881325@group-674B5112605D-LeaderElection14] INFO  impl.LeaderElection (LeaderElection.java:logAndReturn(90)) - 68e68f39-32fc-4b84-93e4-f20720881325@group-674B5112605D-LeaderElection14: ELECTION PASSED received 1 response(s) and 0 exception(s):
2023-06-02 19:46:39,628 [68e68f39-32fc-4b84-93e4-f20720881325@group-674B5112605D-LeaderElection14] INFO  impl.LeaderElection (LeaderElection.java:logAndReturn(94)) -   Response 0: 68e68f39-32fc-4b84-93e4-f20720881325<-3444f24d-5019-4db9-b49c-a7d3f58b79dc#0:OK-t1
2023-06-02 19:46:39,628 [3444f24d-5019-4db9-b49c-a7d3f58b79dc@group-41E0CD0E9AF8-SegmentedRaftLogWorker] INFO  segmented.SegmentedRaftLogWorker (SegmentedRaftLogWorker.java:execute(651)) - 3444f24d-5019-4db9-b49c-a7d3f58b79dc@group-41E0CD0E9AF8-SegmentedRaftLogWorker: created new log segment /home/runner/work/ozone/ozone/hadoop-ozone/integration-test/target/test-dir/MiniOzoneClusterImpl-e4789928-4fd4-479e-857e-ac334458de01/datanode-8/data/ratis/b5b8cea2-c681-4998-9b81-41e0cd0e9af8/current/log_inprogress_0
2023-06-02 19:46:39,632 [68e68f39-32fc-4b84-93e4-f20720881325@group-674B5112605D-LeaderElection14] INFO  impl.LeaderElection (LeaderElection.java:askForVotes(323)) - 68e68f39-32fc-4b84-93e4-f20720881325@group-674B5112605D-LeaderElection14 ELECTION round 0: result PASSED
2023-06-02 19:46:39,632 [68e68f39-32fc-4b84-93e4-f20720881325@group-674B5112605D-LeaderElection14] INFO  impl.RoleInfo (RoleInfo.java:shutdownLeaderElection(130)) - 68e68f39-32fc-4b84-93e4-f20720881325: shutdown 68e68f39-32fc-4b84-93e4-f20720881325@group-674B5112605D-LeaderElection14
2023-06-02 19:46:39,632 [68e68f39-32fc-4b84-93e4-f20720881325@group-674B5112605D-LeaderElection14] INFO  server.RaftServer$Division (RaftServerImpl.java:setRole(329)) - 68e68f39-32fc-4b84-93e4-f20720881325@group-674B5112605D: changes role from CANDIDATE to LEADER at term 1 for changeToLeader
2023-06-02 19:46:39,632 [68e68f39-32fc-4b84-93e4-f20720881325@group-674B5112605D-LeaderElection14] INFO  ratis.XceiverServerRatis (XceiverServerRatis.java:handleLeaderChangedNotification(902)) - Leader change notification received for group: group-674B5112605D with new leaderId: 68e68f39-32fc-4b84-93e4-f20720881325
2023-06-02 19:46:39,633 [68e68f39-32fc-4b84-93e4-f20720881325@group-674B5112605D-LeaderElection14] INFO  server.RaftServer$Division (ServerState.java:setLeader(317)) - 68e68f39-32fc-4b84-93e4-f20720881325@group-674B5112605D: change Leader from null to 68e68f39-32fc-4b84-93e4-f20720881325 at term 1 for becomeLeader, leader elected after 5203ms
2023-06-02 19:46:39,633 [68e68f39-32fc-4b84-93e4-f20720881325@group-674B5112605D-LeaderElection14] INFO  server.RaftServerConfigKeys (ConfUtils.java:logGet(46)) - raft.server.staging.catchup.gap = 1000 (default)
2023-06-02 19:46:39,633 [68e68f39-32fc-4b84-93e4-f20720881325@group-674B5112605D-LeaderElection14] INFO  server.RaftServerConfigKeys (ConfUtils.java:logGet(46)) - raft.server.write.element-limit = 1024 (custom)
2023-06-02 19:46:39,633 [68e68f39-32fc-4b84-93e4-f20720881325@group-674B5112605D-LeaderElection14] INFO  server.RaftServerConfigKeys (ConfUtils.java:logGet(46)) - raft.server.write.byte-limit = 1024 M (=1073741824) (custom)
2023-06-02 19:46:39,633 [68e68f39-32fc-4b84-93e4-f20720881325@group-674B5112605D-LeaderElection14] INFO  server.RaftServerConfigKeys (ConfUtils.java:logGet(46)) - raft.server.watch.timeout = 180s (custom)
2023-06-02 19:46:39,633 [68e68f39-32fc-4b84-93e4-f20720881325@group-674B5112605D-LeaderElection14] INFO  server.RaftServerConfigKeys (ConfUtils.java:logGet(46)) - raft.server.watch.timeout.denomination = 1s (default)
2023-06-02 19:46:39,633 [68e68f39-32fc-4b84-93e4-f20720881325@group-674B5112605D-LeaderElection14] INFO  server.RaftServerConfigKeys (ConfUtils.java:logGet(46)) - raft.server.watch.element-limit = 65536 (default)
2023-06-02 19:46:39,633 [68e68f39-32fc-4b84-93e4-f20720881325@group-674B5112605D-LeaderElection14] INFO  server.RaftServerConfigKeys (ConfUtils.java:logGet(46)) - raft.server.write.element-limit = 1024 (custom)
2023-06-02 19:46:39,633 [68e68f39-32fc-4b84-93e4-f20720881325@group-674B5112605D-LeaderElection14] INFO  server.RaftServerConfigKeys (ConfUtils.java:logGet(46)) - raft.server.write.follower.gap.ratio.max = -1.0 (default)
2023-06-02 19:46:39,634 [68e68f39-32fc-4b84-93e4-f20720881325@group-674B5112605D-LeaderElection14] INFO  server.RaftServerConfigKeys (ConfUtils.java:logGet(46)) - raft.server.log.appender.snapshot.chunk.size.max = 16MB (=16777216) (default)
2023-06-02 19:46:39,634 [68e68f39-32fc-4b84-93e4-f20720881325@group-674B5112605D-LeaderElection14] INFO  server.RaftServerConfigKeys (ConfUtils.java:logGet(46)) - raft.server.log.appender.buffer.byte-limit = 33554432 (custom)
2023-06-02 19:46:39,634 [68e68f39-32fc-4b84-93e4-f20720881325@group-674B5112605D-LeaderElection14] INFO  server.RaftServerConfigKeys (ConfUtils.java:logGet(46)) - raft.server.log.appender.buffer.element-limit = 1 (custom)
2023-06-02 19:46:39,634 [68e68f39-32fc-4b84-93e4-f20720881325@group-674B5112605D-LeaderElection14] INFO  server.RaftServerConfigKeys (ConfUtils.java:logGet(46)) - raft.server.log.appender.wait-time.min = 10ms (default)
2023-06-02 19:46:39,634 [68e68f39-32fc-4b84-93e4-f20720881325@group-674B5112605D-LeaderElection14] INFO  grpc.GrpcConfigKeys (ConfUtils.java:logGet(46)) - raft.grpc.server.leader.outstanding.appends.max = 128 (default)
2023-06-02 19:46:39,634 [68e68f39-32fc-4b84-93e4-f20720881325@group-674B5112605D-LeaderElection14] INFO  server.RaftServerConfigKeys (ConfUtils.java:logGet(46)) - raft.server.rpc.request.timeout = 60s (custom)
2023-06-02 19:46:39,634 [68e68f39-32fc-4b84-93e4-f20720881325@group-674B5112605D-LeaderElection14] INFO  grpc.GrpcConfigKeys (ConfUtils.java:logGet(46)) - raft.grpc.server.install_snapshot.request.element-limit = 8 (default)
2023-06-02 19:46:39,635 [68e68f39-32fc-4b84-93e4-f20720881325@group-674B5112605D-LeaderElection14] INFO  grpc.GrpcConfigKeys (ConfUtils.java:logGet(46)) - raft.grpc.server.install_snapshot.request.timeout = 3000ms (default)
2023-06-02 19:46:39,635 [68e68f39-32fc-4b84-93e4-f20720881325@group-674B5112605D-LeaderElection14] INFO  server.RaftServerConfigKeys (ConfUtils.java:logGet(46)) - raft.server.log.appender.install.snapshot.enabled = false (custom)
2023-06-02 19:46:39,643 [68e68f39-32fc-4b84-93e4-f20720881325@group-674B5112605D-LeaderElection14] INFO  grpc.GrpcConfigKeys (ConfUtils.java:logGet(46)) - raft.grpc.server.heartbeat.channel = true (default)
2023-06-02 19:46:39,641 [3444f24d-5019-4db9-b49c-a7d3f58b79dc@group-41E0CD0E9AF8-LeaderElection12] INFO  server.RaftServer$Division (ServerState.java:setRaftConf(434)) - 3444f24d-5019-4db9-b49c-a7d3f58b79dc@group-41E0CD0E9AF8: set configuration 0: peers:[68e68f39-32fc-4b84-93e4-f20720881325|rpc:10.1.26.0:15068|admin:10.1.26.0:15067|client:10.1.26.0:15066|dataStream:10.1.26.0:15069|priority:0|startupRole:FOLLOWER, 3444f24d-5019-4db9-b49c-a7d3f58b79dc|rpc:10.1.26.0:15086|admin:10.1.26.0:15085|client:10.1.26.0:15084|dataStream:10.1.26.0:15087|priority:1|startupRole:FOLLOWER, 37ff51e8-4d98-426c-9b80-6778ef5a23bd|rpc:10.1.26.0:15077|admin:10.1.26.0:15076|client:10.1.26.0:15075|dataStream:10.1.26.0:15078|priority:0|startupRole:FOLLOWER]|listeners:[], old=null
2023-06-02 19:46:39,644 [68e68f39-32fc-4b84-93e4-f20720881325@group-674B5112605D-LeaderElection14] INFO  server.RaftServerConfigKeys (ConfUtils.java:logGet(46)) - raft.server.log.appender.snapshot.chunk.size.max = 16MB (=16777216) (default)
2023-06-02 19:46:39,644 [68e68f39-32fc-4b84-93e4-f20720881325@group-674B5112605D-LeaderElection14] INFO  server.RaftServerConfigKeys (ConfUtils.java:logGet(46)) - raft.server.log.appender.buffer.byte-limit = 33554432 (custom)
2023-06-02 19:46:39,644 [68e68f39-32fc-4b84-93e4-f20720881325@group-674B5112605D-LeaderElection14] INFO  server.RaftServerConfigKeys (ConfUtils.java:logGet(46)) - raft.server.log.appender.buffer.element-limit = 1 (custom)
2023-06-02 19:46:39,644 [68e68f39-32fc-4b84-93e4-f20720881325@group-674B5112605D-LeaderElection14] INFO  server.RaftServerConfigKeys (ConfUtils.java:logGet(46)) - raft.server.log.appender.wait-time.min = 10ms (default)
2023-06-02 19:46:39,645 [EventQueue-PipelineReportForPipelineReportHandler] INFO  pipeline.PipelineManagerImpl (PipelineManagerImpl.java:openPipeline(367)) - Pipeline Pipeline[ Id: a369836c-6100-40ff-9aaf-674b5112605d, Nodes: 3444f24d-5019-4db9-b49c-a7d3f58b79dc(fv-az459-618.msq0az1vewme3jsxyslsv0htic.jx.internal.cloudapp.net/10.1.26.0)68e68f39-32fc-4b84-93e4-f20720881325(fv-az459-618.msq0az1vewme3jsxyslsv0htic.jx.internal.cloudapp.net/10.1.26.0)37ff51e8-4d98-426c-9b80-6778ef5a23bd(fv-az459-618.msq0az1vewme3jsxyslsv0htic.jx.internal.cloudapp.net/10.1.26.0), ReplicationConfig: RATIS/THREE, State:ALLOCATED, leaderId:68e68f39-32fc-4b84-93e4-f20720881325, CreationTimestamp2023-06-02T19:46:32.237Z[Etc/UTC]] moved to OPEN state
2023-06-02 19:46:39,649 [68e68f39-32fc-4b84-93e4-f20720881325@group-674B5112605D-LeaderElection14] INFO  grpc.GrpcConfigKeys (ConfUtils.java:logGet(46)) - raft.grpc.server.leader.outstanding.appends.max = 128 (default)
2023-06-02 19:46:39,649 [68e68f39-32fc-4b84-93e4-f20720881325@group-674B5112605D-LeaderElection14] INFO  server.RaftServerConfigKeys (ConfUtils.java:logGet(46)) - raft.server.rpc.request.timeout = 60s (custom)
2023-06-02 19:46:39,649 [68e68f39-32fc-4b84-93e4-f20720881325@group-674B5112605D-LeaderElection14] INFO  grpc.GrpcConfigKeys (ConfUtils.java:logGet(46)) - raft.grpc.server.install_snapshot.request.element-limit = 8 (default)
2023-06-02 19:46:39,649 [68e68f39-32fc-4b84-93e4-f20720881325@group-674B5112605D-LeaderElection14] INFO  grpc.GrpcConfigKeys (ConfUtils.java:logGet(46)) - raft.grpc.server.install_snapshot.request.timeout = 3000ms (default)
2023-06-02 19:46:39,649 [68e68f39-32fc-4b84-93e4-f20720881325@group-674B5112605D-LeaderElection14] INFO  server.RaftServerConfigKeys (ConfUtils.java:logGet(46)) - raft.server.log.appender.install.snapshot.enabled = false (custom)
2023-06-02 19:46:39,649 [68e68f39-32fc-4b84-93e4-f20720881325@group-674B5112605D-LeaderElection14] INFO  grpc.GrpcConfigKeys (ConfUtils.java:logGet(46)) - raft.grpc.server.heartbeat.channel = true (default)
2023-06-02 19:46:39,649 [68e68f39-32fc-4b84-93e4-f20720881325@group-674B5112605D-LeaderElection14] INFO  impl.RoleInfo (RoleInfo.java:updateAndGet(139)) - 68e68f39-32fc-4b84-93e4-f20720881325: start 68e68f39-32fc-4b84-93e4-f20720881325@group-674B5112605D-LeaderStateImpl
2023-06-02 19:46:39,650 [68e68f39-32fc-4b84-93e4-f20720881325@group-674B5112605D-LeaderElection14] INFO  segmented.SegmentedRaftLogWorker (SegmentedRaftLogWorker.java:startLogSegment(447)) - 68e68f39-32fc-4b84-93e4-f20720881325@group-674B5112605D-SegmentedRaftLogWorker: Starting segment from index:0
2023-06-02 19:46:39,650 [grpc-default-executor-2] INFO  server.RaftServer$Division (RaftServerImpl.java:requestVote(1302)) - 37ff51e8-4d98-426c-9b80-6778ef5a23bd@group-674B5112605D: receive requestVote(ELECTION, 68e68f39-32fc-4b84-93e4-f20720881325, group-674B5112605D, 1, (t:0, i:0))
2023-06-02 19:46:39,650 [grpc-default-executor-2] INFO  impl.VoteContext (VoteContext.java:log(49)) - 37ff51e8-4d98-426c-9b80-6778ef5a23bd@group-674B5112605D-FOLLOWER: accept ELECTION from 68e68f39-32fc-4b84-93e4-f20720881325: our priority 0 <= candidate's priority 1
2023-06-02 19:46:39,650 [grpc-default-executor-2] INFO  server.RaftServer$Division (RaftServerImpl.java:setRole(329)) - 37ff51e8-4d98-426c-9b80-6778ef5a23bd@group-674B5112605D: changes role from  FOLLOWER to FOLLOWER at term 1 for candidate:68e68f39-32fc-4b84-93e4-f20720881325
2023-06-02 19:46:39,650 [grpc-default-executor-2] INFO  impl.RoleInfo (RoleInfo.java:shutdownFollowerState(110)) - 37ff51e8-4d98-426c-9b80-6778ef5a23bd: shutdown 37ff51e8-4d98-426c-9b80-6778ef5a23bd@group-674B5112605D-FollowerState
2023-06-02 19:46:39,652 [68e68f39-32fc-4b84-93e4-f20720881325@group-674B5112605D-SegmentedRaftLogWorker] INFO  segmented.SegmentedRaftLogWorker (SegmentedRaftLogWorker.java:execute(651)) - 68e68f39-32fc-4b84-93e4-f20720881325@group-674B5112605D-SegmentedRaftLogWorker: created new log segment /home/runner/work/ozone/ozone/hadoop-ozone/integration-test/target/test-dir/MiniOzoneClusterImpl-e4789928-4fd4-479e-857e-ac334458de01/datanode-6/data/ratis/a369836c-6100-40ff-9aaf-674b5112605d/current/log_inprogress_0
2023-06-02 19:46:39,655 [68e68f39-32fc-4b84-93e4-f20720881325-server-thread1] INFO  ratis.XceiverServerRatis (XceiverServerRatis.java:handleLeaderChangedNotification(902)) - Leader change notification received for group: group-41E0CD0E9AF8 with new leaderId: 3444f24d-5019-4db9-b49c-a7d3f58b79dc
2023-06-02 19:46:39,655 [68e68f39-32fc-4b84-93e4-f20720881325-server-thread1] INFO  server.RaftServer$Division (ServerState.java:setLeader(317)) - 68e68f39-32fc-4b84-93e4-f20720881325@group-41E0CD0E9AF8: change Leader from null to 3444f24d-5019-4db9-b49c-a7d3f58b79dc at term 1 for appendEntries, leader elected after 5395ms
2023-06-02 19:46:39,656 [grpc-default-executor-2] INFO  impl.RoleInfo (RoleInfo.java:updateAndGet(139)) - 37ff51e8-4d98-426c-9b80-6778ef5a23bd: start 37ff51e8-4d98-426c-9b80-6778ef5a23bd@group-674B5112605D-FollowerState
2023-06-02 19:46:39,656 [37ff51e8-4d98-426c-9b80-6778ef5a23bd@group-674B5112605D-FollowerState] INFO  impl.FollowerState (FollowerState.java:run(152)) - 37ff51e8-4d98-426c-9b80-6778ef5a23bd@group-674B5112605D-FollowerState was interrupted
2023-06-02 19:46:39,665 [37ff51e8-4d98-426c-9b80-6778ef5a23bd-server-thread1] INFO  ratis.XceiverServerRatis (XceiverServerRatis.java:handleLeaderChangedNotification(902)) - Leader change notification received for group: group-41E0CD0E9AF8 with new leaderId: 3444f24d-5019-4db9-b49c-a7d3f58b79dc
2023-06-02 19:46:39,665 [37ff51e8-4d98-426c-9b80-6778ef5a23bd-server-thread1] INFO  server.RaftServer$Division (ServerState.java:setLeader(317)) - 37ff51e8-4d98-426c-9b80-6778ef5a23bd@group-41E0CD0E9AF8: change Leader from null to 3444f24d-5019-4db9-b49c-a7d3f58b79dc at term 1 for appendEntries, leader elected after 5284ms
2023-06-02 19:46:39,673 [68e68f39-32fc-4b84-93e4-f20720881325@group-674B5112605D-LeaderElection14] INFO  server.RaftServer$Division (ServerState.java:setRaftConf(434)) - 68e68f39-32fc-4b84-93e4-f20720881325@group-674B5112605D: set configuration 0: peers:[68e68f39-32fc-4b84-93e4-f20720881325|rpc:10.1.26.0:15068|admin:10.1.26.0:15067|client:10.1.26.0:15066|dataStream:10.1.26.0:15069|priority:1|startupRole:FOLLOWER, 3444f24d-5019-4db9-b49c-a7d3f58b79dc|rpc:10.1.26.0:15086|admin:10.1.26.0:15085|client:10.1.26.0:15084|dataStream:10.1.26.0:15087|priority:0|startupRole:FOLLOWER, 37ff51e8-4d98-426c-9b80-6778ef5a23bd|rpc:10.1.26.0:15077|admin:10.1.26.0:15076|client:10.1.26.0:15075|dataStream:10.1.26.0:15078|priority:0|startupRole:FOLLOWER]|listeners:[], old=null
2023-06-02 19:46:39,673 [68e68f39-32fc-4b84-93e4-f20720881325-server-thread2] INFO  server.RaftServer$Division (ServerState.java:setRaftConf(434)) - 68e68f39-32fc-4b84-93e4-f20720881325@group-41E0CD0E9AF8: set configuration 0: peers:[68e68f39-32fc-4b84-93e4-f20720881325|rpc:10.1.26.0:15068|admin:10.1.26.0:15067|client:10.1.26.0:15066|dataStream:10.1.26.0:15069|priority:0|startupRole:FOLLOWER, 3444f24d-5019-4db9-b49c-a7d3f58b79dc|rpc:10.1.26.0:15086|admin:10.1.26.0:15085|client:10.1.26.0:15084|dataStream:10.1.26.0:15087|priority:1|startupRole:FOLLOWER, 37ff51e8-4d98-426c-9b80-6778ef5a23bd|rpc:10.1.26.0:15077|admin:10.1.26.0:15076|client:10.1.26.0:15075|dataStream:10.1.26.0:15078|priority:0|startupRole:FOLLOWER]|listeners:[], old=null
2023-06-02 19:46:39,674 [68e68f39-32fc-4b84-93e4-f20720881325-server-thread2] INFO  segmented.SegmentedRaftLogWorker (SegmentedRaftLogWorker.java:startLogSegment(447)) - 68e68f39-32fc-4b84-93e4-f20720881325@group-41E0CD0E9AF8-SegmentedRaftLogWorker: Starting segment from index:0
2023-06-02 19:46:39,673 [grpc-default-executor-2] INFO  server.RaftServer$Division (RaftServerImpl.java:requestVote(1335)) - 37ff51e8-4d98-426c-9b80-6778ef5a23bd@group-674B5112605D replies to ELECTION vote request: 68e68f39-32fc-4b84-93e4-f20720881325<-37ff51e8-4d98-426c-9b80-6778ef5a23bd#0:OK-t1. Peer's state: 37ff51e8-4d98-426c-9b80-6778ef5a23bd@group-674B5112605D:t1, leader=null, voted=68e68f39-32fc-4b84-93e4-f20720881325, raftlog=Memoized:37ff51e8-4d98-426c-9b80-6778ef5a23bd@group-674B5112605D-SegmentedRaftLog:OPENED:c-1, conf=-1: peers:[68e68f39-32fc-4b84-93e4-f20720881325|rpc:10.1.26.0:15068|admin:10.1.26.0:15067|client:10.1.26.0:15066|dataStream:10.1.26.0:15069|priority:1|startupRole:FOLLOWER, 3444f24d-5019-4db9-b49c-a7d3f58b79dc|rpc:10.1.26.0:15086|admin:10.1.26.0:15085|client:10.1.26.0:15084|dataStream:10.1.26.0:15087|priority:0|startupRole:FOLLOWER, 37ff51e8-4d98-426c-9b80-6778ef5a23bd|rpc:10.1.26.0:15077|admin:10.1.26.0:15076|client:10.1.26.0:15075|dataStream:10.1.26.0:15078|priority:0|startupRole:FOLLOWER]|listeners:[], old=null
2023-06-02 19:46:39,675 [68e68f39-32fc-4b84-93e4-f20720881325@group-41E0CD0E9AF8-SegmentedRaftLogWorker] INFO  segmented.SegmentedRaftLogWorker (SegmentedRaftLogWorker.java:execute(651)) - 68e68f39-32fc-4b84-93e4-f20720881325@group-41E0CD0E9AF8-SegmentedRaftLogWorker: created new log segment /home/runner/work/ozone/ozone/hadoop-ozone/integration-test/target/test-dir/MiniOzoneClusterImpl-e4789928-4fd4-479e-857e-ac334458de01/datanode-6/data/ratis/b5b8cea2-c681-4998-9b81-41e0cd0e9af8/current/log_inprogress_0
2023-06-02 19:46:39,687 [3444f24d-5019-4db9-b49c-a7d3f58b79dc-server-thread2] INFO  ratis.XceiverServerRatis (XceiverServerRatis.java:handleLeaderChangedNotification(902)) - Leader change notification received for group: group-674B5112605D with new leaderId: 68e68f39-32fc-4b84-93e4-f20720881325
2023-06-02 19:46:39,687 [3444f24d-5019-4db9-b49c-a7d3f58b79dc-server-thread2] INFO  server.RaftServer$Division (ServerState.java:setLeader(317)) - 3444f24d-5019-4db9-b49c-a7d3f58b79dc@group-674B5112605D: change Leader from null to 68e68f39-32fc-4b84-93e4-f20720881325 at term 1 for appendEntries, leader elected after 5210ms
2023-06-02 19:46:39,691 [37ff51e8-4d98-426c-9b80-6778ef5a23bd-server-thread3] INFO  server.RaftServer$Division (ServerState.java:setRaftConf(434)) - 37ff51e8-4d98-426c-9b80-6778ef5a23bd@group-41E0CD0E9AF8: set configuration 0: peers:[68e68f39-32fc-4b84-93e4-f20720881325|rpc:10.1.26.0:15068|admin:10.1.26.0:15067|client:10.1.26.0:15066|dataStream:10.1.26.0:15069|priority:0|startupRole:FOLLOWER, 3444f24d-5019-4db9-b49c-a7d3f58b79dc|rpc:10.1.26.0:15086|admin:10.1.26.0:15085|client:10.1.26.0:15084|dataStream:10.1.26.0:15087|priority:1|startupRole:FOLLOWER, 37ff51e8-4d98-426c-9b80-6778ef5a23bd|rpc:10.1.26.0:15077|admin:10.1.26.0:15076|client:10.1.26.0:15075|dataStream:10.1.26.0:15078|priority:0|startupRole:FOLLOWER]|listeners:[], old=null
2023-06-02 19:46:39,692 [37ff51e8-4d98-426c-9b80-6778ef5a23bd-server-thread3] INFO  segmented.SegmentedRaftLogWorker (SegmentedRaftLogWorker.java:startLogSegment(447)) - 37ff51e8-4d98-426c-9b80-6778ef5a23bd@group-41E0CD0E9AF8-SegmentedRaftLogWorker: Starting segment from index:0
2023-06-02 19:46:39,693 [3444f24d-5019-4db9-b49c-a7d3f58b79dc-server-thread1] INFO  server.RaftServer$Division (ServerState.java:setRaftConf(434)) - 3444f24d-5019-4db9-b49c-a7d3f58b79dc@group-674B5112605D: set configuration 0: peers:[68e68f39-32fc-4b84-93e4-f20720881325|rpc:10.1.26.0:15068|admin:10.1.26.0:15067|client:10.1.26.0:15066|dataStream:10.1.26.0:15069|priority:1|startupRole:FOLLOWER, 3444f24d-5019-4db9-b49c-a7d3f58b79dc|rpc:10.1.26.0:15086|admin:10.1.26.0:15085|client:10.1.26.0:15084|dataStream:10.1.26.0:15087|priority:0|startupRole:FOLLOWER, 37ff51e8-4d98-426c-9b80-6778ef5a23bd|rpc:10.1.26.0:15077|admin:10.1.26.0:15076|client:10.1.26.0:15075|dataStream:10.1.26.0:15078|priority:0|startupRole:FOLLOWER]|listeners:[], old=null
2023-06-02 19:46:39,693 [3444f24d-5019-4db9-b49c-a7d3f58b79dc-server-thread1] INFO  segmented.SegmentedRaftLogWorker (SegmentedRaftLogWorker.java:startLogSegment(447)) - 3444f24d-5019-4db9-b49c-a7d3f58b79dc@group-674B5112605D-SegmentedRaftLogWorker: Starting segment from index:0
2023-06-02 19:46:39,693 [37ff51e8-4d98-426c-9b80-6778ef5a23bd@group-41E0CD0E9AF8-SegmentedRaftLogWorker] INFO  segmented.SegmentedRaftLogWorker (SegmentedRaftLogWorker.java:execute(651)) - 37ff51e8-4d98-426c-9b80-6778ef5a23bd@group-41E0CD0E9AF8-SegmentedRaftLogWorker: created new log segment /home/runner/work/ozone/ozone/hadoop-ozone/integration-test/target/test-dir/MiniOzoneClusterImpl-e4789928-4fd4-479e-857e-ac334458de01/datanode-7/data/ratis/b5b8cea2-c681-4998-9b81-41e0cd0e9af8/current/log_inprogress_0
2023-06-02 19:46:39,696 [3444f24d-5019-4db9-b49c-a7d3f58b79dc@group-674B5112605D-SegmentedRaftLogWorker] INFO  segmented.SegmentedRaftLogWorker (SegmentedRaftLogWorker.java:execute(651)) - 3444f24d-5019-4db9-b49c-a7d3f58b79dc@group-674B5112605D-SegmentedRaftLogWorker: created new log segment /home/runner/work/ozone/ozone/hadoop-ozone/integration-test/target/test-dir/MiniOzoneClusterImpl-e4789928-4fd4-479e-857e-ac334458de01/datanode-8/data/ratis/a369836c-6100-40ff-9aaf-674b5112605d/current/log_inprogress_0
2023-06-02 19:46:39,707 [37ff51e8-4d98-426c-9b80-6778ef5a23bd-server-thread2] INFO  ratis.XceiverServerRatis (XceiverServerRatis.java:handleLeaderChangedNotification(902)) - Leader change notification received for group: group-674B5112605D with new leaderId: 68e68f39-32fc-4b84-93e4-f20720881325
2023-06-02 19:46:39,707 [37ff51e8-4d98-426c-9b80-6778ef5a23bd-server-thread2] INFO  server.RaftServer$Division (ServerState.java:setLeader(317)) - 37ff51e8-4d98-426c-9b80-6778ef5a23bd@group-674B5112605D: change Leader from null to 68e68f39-32fc-4b84-93e4-f20720881325 at term 1 for appendEntries, leader elected after 5170ms
2023-06-02 19:46:39,713 [37ff51e8-4d98-426c-9b80-6778ef5a23bd-server-thread1] INFO  server.RaftServer$Division (ServerState.java:setRaftConf(434)) - 37ff51e8-4d98-426c-9b80-6778ef5a23bd@group-674B5112605D: set configuration 0: peers:[68e68f39-32fc-4b84-93e4-f20720881325|rpc:10.1.26.0:15068|admin:10.1.26.0:15067|client:10.1.26.0:15066|dataStream:10.1.26.0:15069|priority:1|startupRole:FOLLOWER, 3444f24d-5019-4db9-b49c-a7d3f58b79dc|rpc:10.1.26.0:15086|admin:10.1.26.0:15085|client:10.1.26.0:15084|dataStream:10.1.26.0:15087|priority:0|startupRole:FOLLOWER, 37ff51e8-4d98-426c-9b80-6778ef5a23bd|rpc:10.1.26.0:15077|admin:10.1.26.0:15076|client:10.1.26.0:15075|dataStream:10.1.26.0:15078|priority:0|startupRole:FOLLOWER]|listeners:[], old=null
2023-06-02 19:46:39,713 [37ff51e8-4d98-426c-9b80-6778ef5a23bd-server-thread1] INFO  segmented.SegmentedRaftLogWorker (SegmentedRaftLogWorker.java:startLogSegment(447)) - 37ff51e8-4d98-426c-9b80-6778ef5a23bd@group-674B5112605D-SegmentedRaftLogWorker: Starting segment from index:0
2023-06-02 19:46:39,716 [37ff51e8-4d98-426c-9b80-6778ef5a23bd@group-674B5112605D-SegmentedRaftLogWorker] INFO  segmented.SegmentedRaftLogWorker (SegmentedRaftLogWorker.java:execute(651)) - 37ff51e8-4d98-426c-9b80-6778ef5a23bd@group-674B5112605D-SegmentedRaftLogWorker: created new log segment /home/runner/work/ozone/ozone/hadoop-ozone/integration-test/target/test-dir/MiniOzoneClusterImpl-e4789928-4fd4-479e-857e-ac334458de01/datanode-7/data/ratis/a369836c-6100-40ff-9aaf-674b5112605d/current/log_inprogress_0
2023-06-02 19:46:40,519 [PipelineCommandHandlerThread-0] INFO  server.RaftServer (RaftServerProxy.java:addNew(98)) - 60ac4d22-094a-4270-8266-44944d79861e: addNew group-80A260E51CEC:[60ac4d22-094a-4270-8266-44944d79861e|rpc:10.1.26.0:15032|admin:10.1.26.0:15031|client:10.1.26.0:15030|dataStream:10.1.26.0:15033|priority:1|startupRole:FOLLOWER] returns group-80A260E51CEC:java.util.concurrent.CompletableFuture@3ff2830[Not completed]
2023-06-02 19:46:40,520 [60ac4d22-094a-4270-8266-44944d79861e-groupManagement] INFO  server.RaftServer$Division (RaftServerImpl.java:<init>(198)) - 60ac4d22-094a-4270-8266-44944d79861e: new RaftServerImpl for group-80A260E51CEC:[60ac4d22-094a-4270-8266-44944d79861e|rpc:10.1.26.0:15032|admin:10.1.26.0:15031|client:10.1.26.0:15030|dataStream:10.1.26.0:15033|priority:1|startupRole:FOLLOWER] with ContainerStateMachine:uninitialized
2023-06-02 19:46:40,520 [60ac4d22-094a-4270-8266-44944d79861e-groupManagement] INFO  server.RaftServerConfigKeys (ConfUtils.java:logGet(46)) - raft.server.rpc.timeout.min = 5s (custom)
2023-06-02 19:46:40,520 [60ac4d22-094a-4270-8266-44944d79861e-groupManagement] INFO  server.RaftServerConfigKeys (ConfUtils.java:logGet(46)) - raft.server.rpc.timeout.max = 5200ms (custom)
2023-06-02 19:46:40,520 [60ac4d22-094a-4270-8266-44944d79861e-groupManagement] INFO  server.RaftServerConfigKeys (ConfUtils.java:logGet(46)) - raft.server.rpc.sleep.time = 25ms (default)
2023-06-02 19:46:40,520 [60ac4d22-094a-4270-8266-44944d79861e-groupManagement] INFO  server.RaftServerConfigKeys (ConfUtils.java:logGet(46)) - raft.server.rpc.slowness.timeout = 300s (custom)
2023-06-02 19:46:40,520 [60ac4d22-094a-4270-8266-44944d79861e-groupManagement] INFO  server.RaftServerConfigKeys (ConfUtils.java:logGet(46)) - raft.server.leaderelection.leader.step-down.wait-time = 10s (default)
2023-06-02 19:46:40,520 [60ac4d22-094a-4270-8266-44944d79861e-groupManagement] INFO  server.RaftServerConfigKeys (ConfUtils.java:logGet(46)) - raft.server.sleep.deviation.threshold = 300ms (default)
2023-06-02 19:46:40,520 [60ac4d22-094a-4270-8266-44944d79861e-groupManagement] INFO  server.RaftServer$Division (ServerState.java:<init>(120)) - 60ac4d22-094a-4270-8266-44944d79861e@group-80A260E51CEC: ConfigurationManager, init=-1: peers:[60ac4d22-094a-4270-8266-44944d79861e|rpc:10.1.26.0:15032|admin:10.1.26.0:15031|client:10.1.26.0:15030|dataStream:10.1.26.0:15033|priority:1|startupRole:FOLLOWER]|listeners:[], old=null, confs=<EMPTY_MAP>
2023-06-02 19:46:40,520 [60ac4d22-094a-4270-8266-44944d79861e-groupManagement] INFO  server.RaftServerConfigKeys (ConfUtils.java:logGet(46)) - raft.server.storage.dir = [/home/runner/work/ozone/ozone/hadoop-ozone/integration-test/target/test-dir/MiniOzoneClusterImpl-e4789928-4fd4-479e-857e-ac334458de01/datanode-2/data/ratis] (custom)
2023-06-02 19:46:40,521 [60ac4d22-094a-4270-8266-44944d79861e-groupManagement] INFO  server.RaftServerConfigKeys (ConfUtils.java:logGet(46)) - raft.server.log.corruption.policy = EXCEPTION (default)
2023-06-02 19:46:40,521 [60ac4d22-094a-4270-8266-44944d79861e-groupManagement] INFO  server.RaftServerConfigKeys (ConfUtils.java:logGet(46)) - raft.server.storage.free-space.min = 0MB (=0) (default)
2023-06-02 19:46:40,521 [60ac4d22-094a-4270-8266-44944d79861e-groupManagement] INFO  server.RaftServerConfigKeys (ConfUtils.java:logGet(46)) - raft.server.notification.no-leader.timeout = 300s (custom)
2023-06-02 19:46:40,521 [60ac4d22-094a-4270-8266-44944d79861e-groupManagement] INFO  server.RaftServerConfigKeys (ConfUtils.java:logGet(46)) - raft.server.read.timeout = 10s (default)
2023-06-02 19:46:40,521 [60ac4d22-094a-4270-8266-44944d79861e-groupManagement] INFO  server.RaftServerConfigKeys (ConfUtils.java:logGet(46)) - raft.server.retrycache.expirytime = 600000ms (custom)
2023-06-02 19:46:40,521 [60ac4d22-094a-4270-8266-44944d79861e-groupManagement] INFO  server.RaftServerConfigKeys (ConfUtils.java:logGet(46)) - raft.server.retrycache.statistics.expirytime = 100μs (default)
2023-06-02 19:46:40,521 [60ac4d22-094a-4270-8266-44944d79861e-groupManagement] INFO  server.RaftServerConfigKeys (ConfUtils.java:logGet(46)) - raft.server.read.option = DEFAULT (default)
2023-06-02 19:46:40,522 [60ac4d22-094a-4270-8266-44944d79861e-groupManagement] INFO  server.RaftServerConfigKeys (ConfUtils.java:logGet(46)) - raft.server.rpc.request.timeout = 60s (custom)
2023-06-02 19:46:40,522 [60ac4d22-094a-4270-8266-44944d79861e-groupManagement] INFO  server.RaftServerConfigKeys (ConfUtils.java:logGet(46)) - raft.server.log.appender.install.snapshot.enabled = false (custom)
2023-06-02 19:46:40,522 [60ac4d22-094a-4270-8266-44944d79861e-groupManagement] INFO  server.RaftServerConfigKeys (ConfUtils.java:logGet(46)) - raft.server.threadpool.server.cached = true (default)
2023-06-02 19:46:40,522 [60ac4d22-094a-4270-8266-44944d79861e-groupManagement] INFO  server.RaftServerConfigKeys (ConfUtils.java:logGet(46)) - raft.server.threadpool.server.size = 0 (default)
2023-06-02 19:46:40,522 [60ac4d22-094a-4270-8266-44944d79861e-groupManagement] INFO  server.RaftServerConfigKeys (ConfUtils.java:logGet(46)) - raft.server.threadpool.client.cached = true (default)
2023-06-02 19:46:40,522 [60ac4d22-094a-4270-8266-44944d79861e-groupManagement] INFO  server.RaftServerConfigKeys (ConfUtils.java:logGet(46)) - raft.server.threadpool.client.size = 0 (default)
2023-06-02 19:46:40,522 [60ac4d22-094a-4270-8266-44944d79861e-groupManagement] INFO  storage.RaftStorageDirectory (RaftStorageDirectoryImpl.java:analyzeStorage(137)) - The storage directory /home/runner/work/ozone/ozone/hadoop-ozone/integration-test/target/test-dir/MiniOzoneClusterImpl-e4789928-4fd4-479e-857e-ac334458de01/datanode-2/data/ratis/e688934b-2b4d-4cc0-b470-80a260e51cec does not exist. Creating ...
2023-06-02 19:46:40,524 [60ac4d22-094a-4270-8266-44944d79861e-groupManagement] INFO  storage.RaftStorageDirectory (RaftStorageDirectoryImpl.java:tryLock(231)) - Lock on /home/runner/work/ozone/ozone/hadoop-ozone/integration-test/target/test-dir/MiniOzoneClusterImpl-e4789928-4fd4-479e-857e-ac334458de01/datanode-2/data/ratis/e688934b-2b4d-4cc0-b470-80a260e51cec/in_use.lock acquired by nodename 54141@fv-az459-618
2023-06-02 19:46:40,525 [60ac4d22-094a-4270-8266-44944d79861e-groupManagement] INFO  storage.RaftStorage (RaftStorageImpl.java:format(96)) - Storage directory /home/runner/work/ozone/ozone/hadoop-ozone/integration-test/target/test-dir/MiniOzoneClusterImpl-e4789928-4fd4-479e-857e-ac334458de01/datanode-2/data/ratis/e688934b-2b4d-4cc0-b470-80a260e51cec has been successfully formatted.
2023-06-02 19:46:40,526 [60ac4d22-094a-4270-8266-44944d79861e-groupManagement] INFO  ratis.ContainerStateMachine (ContainerStateMachine.java:loadSnapshot(262)) - group-80A260E51CEC: The snapshot info is null. Setting the last applied indexto:(t:0, i:~)
2023-06-02 19:46:40,526 [60ac4d22-094a-4270-8266-44944d79861e-groupManagement] INFO  server.RaftServerConfigKeys (ConfUtils.java:logGet(46)) - raft.server.log.use.memory = false (default)
2023-06-02 19:46:40,526 [60ac4d22-094a-4270-8266-44944d79861e-groupManagement] INFO  server.RaftServerConfigKeys (ConfUtils.java:logGet(46)) - raft.server.log.purge.gap = 1000000 (custom)
2023-06-02 19:46:40,526 [60ac4d22-094a-4270-8266-44944d79861e-groupManagement] INFO  server.RaftServerConfigKeys (ConfUtils.java:logGet(46)) - raft.server.log.appender.buffer.byte-limit = 33554432 (custom)
2023-06-02 19:46:40,526 [60ac4d22-094a-4270-8266-44944d79861e-groupManagement] INFO  server.RaftServerConfigKeys (ConfUtils.java:logGet(46)) - raft.server.log.statemachine.data.read.timeout = 1000ms (default)
2023-06-02 19:46:40,526 [60ac4d22-094a-4270-8266-44944d79861e-groupManagement] INFO  server.RaftServerConfigKeys (ConfUtils.java:logGet(46)) - raft.server.log.purge.preservation.log.num = 0 (default)
2023-06-02 19:46:40,526 [60ac4d22-094a-4270-8266-44944d79861e-groupManagement] INFO  server.RaftServerConfigKeys (ConfUtils.java:logGet(46)) - raft.server.log.segment.size.max = 1048576 (custom)
2023-06-02 19:46:40,527 [EventQueue-PipelineReportForPipelineReportHandler] INFO  pipeline.PipelineManagerImpl (PipelineManagerImpl.java:openPipeline(367)) - Pipeline Pipeline[ Id: e688934b-2b4d-4cc0-b470-80a260e51cec, Nodes: 60ac4d22-094a-4270-8266-44944d79861e(fv-az459-618.msq0az1vewme3jsxyslsv0htic.jx.internal.cloudapp.net/10.1.26.0), ReplicationConfig: RATIS/ONE, State:ALLOCATED, leaderId:60ac4d22-094a-4270-8266-44944d79861e, CreationTimestamp2023-06-02T19:46:38.946Z[Etc/UTC]] moved to OPEN state
2023-06-02 19:46:40,528 [60ac4d22-094a-4270-8266-44944d79861e-groupManagement] INFO  server.RaftServerConfigKeys (ConfUtils.java:logGet(46)) - raft.server.log.segment.cache.num.max = 2 (custom)
2023-06-02 19:46:40,528 [60ac4d22-094a-4270-8266-44944d79861e-groupManagement] INFO  server.RaftServerConfigKeys (ConfUtils.java:logGet(46)) - raft.server.log.segment.cache.size.max = 200MB (=209715200) (default)
2023-06-02 19:46:40,528 [60ac4d22-094a-4270-8266-44944d79861e-groupManagement] INFO  server.RaftServerConfigKeys (ConfUtils.java:logGet(46)) - raft.server.log.appender.buffer.byte-limit = 33554432 (custom)
2023-06-02 19:46:40,528 [60ac4d22-094a-4270-8266-44944d79861e-groupManagement] INFO  segmented.SegmentedRaftLogWorker (SegmentedRaftLogWorker.java:<init>(188)) - new 60ac4d22-094a-4270-8266-44944d79861e@group-80A260E51CEC-SegmentedRaftLogWorker for RaftStorageImpl:Storage Directory /home/runner/work/ozone/ozone/hadoop-ozone/integration-test/target/test-dir/MiniOzoneClusterImpl-e4789928-4fd4-479e-857e-ac334458de01/datanode-2/data/ratis/e688934b-2b4d-4cc0-b470-80a260e51cec
2023-06-02 19:46:40,529 [60ac4d22-094a-4270-8266-44944d79861e-groupManagement] INFO  server.RaftServerConfigKeys (ConfUtils.java:logGet(46)) - raft.server.log.queue.byte-limit = 4294967296 (custom)
2023-06-02 19:46:40,529 [60ac4d22-094a-4270-8266-44944d79861e-groupManagement] INFO  server.RaftServerConfigKeys (ConfUtils.java:logGet(46)) - raft.server.log.queue.element-limit = 1024 (custom)
2023-06-02 19:46:40,529 [60ac4d22-094a-4270-8266-44944d79861e-groupManagement] INFO  server.RaftServerConfigKeys (ConfUtils.java:logGet(46)) - raft.server.log.segment.size.max = 1048576 (custom)
2023-06-02 19:46:40,529 [60ac4d22-094a-4270-8266-44944d79861e-groupManagement] INFO  server.RaftServerConfigKeys (ConfUtils.java:logGet(46)) - raft.server.log.preallocated.size = 16384 (custom)
2023-06-02 19:46:40,529 [60ac4d22-094a-4270-8266-44944d79861e-groupManagement] INFO  server.RaftServerConfigKeys (ConfUtils.java:logGet(46)) - raft.server.log.force.sync.num = 128 (default)
2023-06-02 19:46:40,529 [60ac4d22-094a-4270-8266-44944d79861e-groupManagement] INFO  server.RaftServerConfigKeys (ConfUtils.java:logGet(46)) - raft.server.log.statemachine.data.sync = true (default)
2023-06-02 19:46:40,529 [60ac4d22-094a-4270-8266-44944d79861e-groupManagement] INFO  server.RaftServerConfigKeys (ConfUtils.java:logGet(46)) - raft.server.log.statemachine.data.sync.timeout = 10s (default)
2023-06-02 19:46:40,529 [60ac4d22-094a-4270-8266-44944d79861e-groupManagement] INFO  server.RaftServerConfigKeys (ConfUtils.java:logGet(46)) - raft.server.log.statemachine.data.sync.timeout.retry = -1 (default)
2023-06-02 19:46:40,530 [60ac4d22-094a-4270-8266-44944d79861e-groupManagement] INFO  server.RaftServerConfigKeys (ConfUtils.java:logGet(46)) - raft.server.log.write.buffer.size = 1048576 (custom)
2023-06-02 19:46:40,530 [60ac4d22-094a-4270-8266-44944d79861e-groupManagement] INFO  server.RaftServerConfigKeys (ConfUtils.java:logGet(46)) - raft.server.log.appender.buffer.byte-limit = 33554432 (custom)
2023-06-02 19:46:40,536 [60ac4d22-094a-4270-8266-44944d79861e-groupManagement] INFO  server.RaftServerConfigKeys (ConfUtils.java:logGet(46)) - raft.server.log.unsafe-flush.enabled = false (default)
2023-06-02 19:46:40,537 [60ac4d22-094a-4270-8266-44944d79861e-groupManagement] INFO  server.RaftServerConfigKeys (ConfUtils.java:logGet(46)) - raft.server.log.async-flush.enabled = false (default)
2023-06-02 19:46:40,537 [60ac4d22-094a-4270-8266-44944d79861e-groupManagement] INFO  server.RaftServerConfigKeys (ConfUtils.java:logGet(46)) - raft.server.log.statemachine.data.caching.enabled = true (custom)
2023-06-02 19:46:40,537 [60ac4d22-094a-4270-8266-44944d79861e-groupManagement] INFO  segmented.SegmentedRaftLogWorker (SegmentedRaftLogWorker.java:lambda$new$0(135)) - 60ac4d22-094a-4270-8266-44944d79861e@group-80A260E51CEC-SegmentedRaftLogWorker: flushIndex: setUnconditionally 0 -> -1
2023-06-02 19:46:40,538 [60ac4d22-094a-4270-8266-44944d79861e-groupManagement] INFO  segmented.SegmentedRaftLogWorker (SegmentedRaftLogWorker.java:lambda$new$0(135)) - 60ac4d22-094a-4270-8266-44944d79861e@group-80A260E51CEC-SegmentedRaftLogWorker: safeCacheEvictIndex: setUnconditionally 0 -> -1
2023-06-02 19:46:40,538 [60ac4d22-094a-4270-8266-44944d79861e-groupManagement] INFO  server.RaftServer$Division (RaftServerImpl.java:start(342)) - 60ac4d22-094a-4270-8266-44944d79861e@group-80A260E51CEC: start as a follower, conf=-1: peers:[60ac4d22-094a-4270-8266-44944d79861e|rpc:10.1.26.0:15032|admin:10.1.26.0:15031|client:10.1.26.0:15030|dataStream:10.1.26.0:15033|priority:1|startupRole:FOLLOWER]|listeners:[], old=null
2023-06-02 19:46:40,538 [60ac4d22-094a-4270-8266-44944d79861e-groupManagement] INFO  server.RaftServer$Division (RaftServerImpl.java:setRole(329)) - 60ac4d22-094a-4270-8266-44944d79861e@group-80A260E51CEC: changes role from      null to FOLLOWER at term 0 for startAsFollower
2023-06-02 19:46:40,538 [60ac4d22-094a-4270-8266-44944d79861e-groupManagement] INFO  impl.RoleInfo (RoleInfo.java:updateAndGet(139)) - 60ac4d22-094a-4270-8266-44944d79861e: start 60ac4d22-094a-4270-8266-44944d79861e@group-80A260E51CEC-FollowerState
2023-06-02 19:46:40,538 [60ac4d22-094a-4270-8266-44944d79861e-groupManagement] INFO  util.JmxRegister (JmxRegister.java:tryRegister(44)) - Successfully registered JMX Bean with object name Ratis:service=RaftServer,group=group-80A260E51CEC,id=60ac4d22-094a-4270-8266-44944d79861e
2023-06-02 19:46:40,538 [60ac4d22-094a-4270-8266-44944d79861e-groupManagement] INFO  server.RaftServerConfigKeys (ConfUtils.java:logGet(46)) - raft.server.snapshot.auto.trigger.enabled = true (custom)
2023-06-02 19:46:40,539 [60ac4d22-094a-4270-8266-44944d79861e-groupManagement] INFO  server.RaftServerConfigKeys (ConfUtils.java:logGet(46)) - raft.server.snapshot.auto.trigger.threshold = 10000 (custom)
2023-06-02 19:46:40,539 [60ac4d22-094a-4270-8266-44944d79861e-groupManagement] INFO  server.RaftServerConfigKeys (ConfUtils.java:logGet(46)) - raft.server.snapshot.retention.file.num = 5 (custom)
2023-06-02 19:46:40,539 [60ac4d22-094a-4270-8266-44944d79861e-groupManagement] INFO  server.RaftServerConfigKeys (ConfUtils.java:logGet(46)) - raft.server.log.purge.upto.snapshot.index = false (default)
2023-06-02 19:46:40,540 [60ac4d22-094a-4270-8266-44944d79861e@group-80A260E51CEC-FollowerState] INFO  server.RaftServerConfigKeys (ConfUtils.java:logFallback(53)) - raft.server.rpc.first-election.timeout.min = 5s (fallback to raft.server.rpc.timeout.min)
2023-06-02 19:46:40,540 [60ac4d22-094a-4270-8266-44944d79861e@group-80A260E51CEC-FollowerState] INFO  server.RaftServerConfigKeys (ConfUtils.java:logFallback(53)) - raft.server.rpc.first-election.timeout.max = 5200ms (fallback to raft.server.rpc.timeout.max)
2023-06-02 19:46:40,540 [PipelineCommandHandlerThread-0] INFO  ratis.XceiverServerRatis (XceiverServerRatis.java:addGroup(804)) - Created group PipelineID=e688934b-2b4d-4cc0-b470-80a260e51cec
2023-06-02 19:46:40,540 [PipelineCommandHandlerThread-0] INFO  commandhandler.CreatePipelineCommandHandler (CreatePipelineCommandHandler.java:lambda$handle$2(124)) - Created Pipeline RATIS ONE PipelineID=e688934b-2b4d-4cc0-b470-80a260e51cec.
2023-06-02 19:46:40,577 [IPC Server handler 19 on default port 15001] INFO  ha.SequenceIdGenerator (SequenceIdGenerator.java:getNextId(128)) - Allocate a batch for containerId, change lastId from 0 to 1000.
2023-06-02 19:46:40,590 [IPC Server handler 19 on default port 15001] WARN  ha.SequenceIdGenerator (SequenceIdGenerator.java:allocateBatch(237)) - Failed to allocate a batch for localId, expected lastId is 0, actual lastId is 111677748019200000.
2023-06-02 19:46:40,590 [IPC Server handler 19 on default port 15001] INFO  ha.SequenceIdGenerator (SequenceIdGenerator.java:getNextId(128)) - Allocate a batch for localId, change lastId from 111677748019200000 to 111677748019201000.
2023-06-02 19:46:40,685 [main] INFO  impl.MetricsSystemImpl (MetricsSystemImpl.java:init(158)) - XceiverClientMetrics metrics system started (again)
2023-06-02 19:46:40,686 [main] INFO  lib.Interns (Interns.java:removeEldestEntry(50)) - Metrics intern cache overflow at 2011 for MetricsSystem={MetricsSystem=MetricsInfoImpl{name=MetricsSystem, description=MetricsSystem}, MetricsSystem record=MetricsInfoImpl{name=MetricsSystem, description=MetricsSystem record}}
2023-06-02 19:46:40,839 [93e73215-cf0c-4899-893f-1e32053e8cf3@group-6FCA2ABE0AD0-FollowerState] INFO  impl.FollowerState (FollowerState.java:run(143)) - 93e73215-cf0c-4899-893f-1e32053e8cf3@group-6FCA2ABE0AD0-FollowerState: change to CANDIDATE, lastRpcElapsedTime:5071061386ns, electionTimeout:5055ms
2023-06-02 19:46:40,839 [93e73215-cf0c-4899-893f-1e32053e8cf3@group-6FCA2ABE0AD0-FollowerState] INFO  impl.RoleInfo (RoleInfo.java:shutdownFollowerState(110)) - 93e73215-cf0c-4899-893f-1e32053e8cf3: shutdown 93e73215-cf0c-4899-893f-1e32053e8cf3@group-6FCA2ABE0AD0-FollowerState
2023-06-02 19:46:40,839 [93e73215-cf0c-4899-893f-1e32053e8cf3@group-6FCA2ABE0AD0-FollowerState] INFO  server.RaftServer$Division (RaftServerImpl.java:setRole(329)) - 93e73215-cf0c-4899-893f-1e32053e8cf3@group-6FCA2ABE0AD0: changes role from  FOLLOWER to CANDIDATE at term 0 for changeToCandidate
2023-06-02 19:46:40,839 [93e73215-cf0c-4899-893f-1e32053e8cf3@group-6FCA2ABE0AD0-FollowerState] INFO  server.RaftServerConfigKeys (ConfUtils.java:logGet(46)) - raft.server.leaderelection.pre-vote = true (default)
2023-06-02 19:46:40,839 [93e73215-cf0c-4899-893f-1e32053e8cf3@group-6FCA2ABE0AD0-FollowerState] INFO  impl.RoleInfo (RoleInfo.java:updateAndGet(139)) - 93e73215-cf0c-4899-893f-1e32053e8cf3: start 93e73215-cf0c-4899-893f-1e32053e8cf3@group-6FCA2ABE0AD0-LeaderElection15
2023-06-02 19:46:40,850 [93e73215-cf0c-4899-893f-1e32053e8cf3@group-6FCA2ABE0AD0-LeaderElection15] INFO  impl.LeaderElection (LeaderElection.java:askForVotes(321)) - 93e73215-cf0c-4899-893f-1e32053e8cf3@group-6FCA2ABE0AD0-LeaderElection15 PRE_VOTE round 0: submit vote requests at term 0 for -1: peers:[93e73215-cf0c-4899-893f-1e32053e8cf3|rpc:10.1.26.0:15095|admin:10.1.26.0:15094|client:10.1.26.0:15093|dataStream:10.1.26.0:15096|priority:0|startupRole:FOLLOWER, a3512fa8-98cf-431f-8bbe-512df84cf246|rpc:10.1.26.0:15113|admin:10.1.26.0:15112|client:10.1.26.0:15111|dataStream:10.1.26.0:15114|priority:1|startupRole:FOLLOWER, c22c8f81-1e38-483d-9a9f-669266df5e1e|rpc:10.1.26.0:15104|admin:10.1.26.0:15103|client:10.1.26.0:15102|dataStream:10.1.26.0:15105|priority:0|startupRole:FOLLOWER]|listeners:[], old=null
2023-06-02 19:46:40,851 [93e73215-cf0c-4899-893f-1e32053e8cf3@group-6FCA2ABE0AD0-LeaderElection15-1] INFO  server.GrpcServerProtocolClient (GrpcServerProtocolClient.java:<init>(65)) - Build channel for a3512fa8-98cf-431f-8bbe-512df84cf246
2023-06-02 19:46:40,854 [93e73215-cf0c-4899-893f-1e32053e8cf3@group-6FCA2ABE0AD0-LeaderElection15] INFO  server.RaftServerConfigKeys (ConfUtils.java:logFallback(53)) - raft.server.rpc.first-election.timeout.min = 5s (fallback to raft.server.rpc.timeout.min)
2023-06-02 19:46:40,854 [93e73215-cf0c-4899-893f-1e32053e8cf3@group-6FCA2ABE0AD0-LeaderElection15] INFO  server.RaftServerConfigKeys (ConfUtils.java:logFallback(53)) - raft.server.rpc.first-election.timeout.max = 5200ms (fallback to raft.server.rpc.timeout.max)
2023-06-02 19:46:40,868 [93e73215-cf0c-4899-893f-1e32053e8cf3@group-6FCA2ABE0AD0-LeaderElection15-2] INFO  server.GrpcServerProtocolClient (GrpcServerProtocolClient.java:<init>(65)) - Build channel for c22c8f81-1e38-483d-9a9f-669266df5e1e
2023-06-02 19:46:40,876 [grpc-default-executor-9] INFO  server.RaftServer$Division (RaftServerImpl.java:requestVote(1302)) - a3512fa8-98cf-431f-8bbe-512df84cf246@group-6FCA2ABE0AD0: receive requestVote(PRE_VOTE, 93e73215-cf0c-4899-893f-1e32053e8cf3, group-6FCA2ABE0AD0, 0, (t:0, i:0))
2023-06-02 19:46:40,876 [grpc-default-executor-9] INFO  impl.VoteContext (VoteContext.java:log(49)) - a3512fa8-98cf-431f-8bbe-512df84cf246@group-6FCA2ABE0AD0-FOLLOWER: reject PRE_VOTE from 93e73215-cf0c-4899-893f-1e32053e8cf3: our priority 1 > candidate's priority 0
2023-06-02 19:46:40,876 [grpc-default-executor-9] INFO  server.RaftServer$Division (RaftServerImpl.java:requestVote(1335)) - a3512fa8-98cf-431f-8bbe-512df84cf246@group-6FCA2ABE0AD0 replies to PRE_VOTE vote request: 93e73215-cf0c-4899-893f-1e32053e8cf3<-a3512fa8-98cf-431f-8bbe-512df84cf246#0:FAIL-t0. Peer's state: a3512fa8-98cf-431f-8bbe-512df84cf246@group-6FCA2ABE0AD0:t0, leader=null, voted=, raftlog=Memoized:a3512fa8-98cf-431f-8bbe-512df84cf246@group-6FCA2ABE0AD0-SegmentedRaftLog:OPENED:c-1, conf=-1: peers:[93e73215-cf0c-4899-893f-1e32053e8cf3|rpc:10.1.26.0:15095|admin:10.1.26.0:15094|client:10.1.26.0:15093|dataStream:10.1.26.0:15096|priority:0|startupRole:FOLLOWER, a3512fa8-98cf-431f-8bbe-512df84cf246|rpc:10.1.26.0:15113|admin:10.1.26.0:15112|client:10.1.26.0:15111|dataStream:10.1.26.0:15114|priority:1|startupRole:FOLLOWER, c22c8f81-1e38-483d-9a9f-669266df5e1e|rpc:10.1.26.0:15104|admin:10.1.26.0:15103|client:10.1.26.0:15102|dataStream:10.1.26.0:15105|priority:0|startupRole:FOLLOWER]|listeners:[], old=null
2023-06-02 19:46:40,878 [grpc-default-executor-9] INFO  server.RaftServer$Division (RaftServerImpl.java:requestVote(1302)) - c22c8f81-1e38-483d-9a9f-669266df5e1e@group-6FCA2ABE0AD0: receive requestVote(PRE_VOTE, 93e73215-cf0c-4899-893f-1e32053e8cf3, group-6FCA2ABE0AD0, 0, (t:0, i:0))
2023-06-02 19:46:40,878 [grpc-default-executor-9] INFO  impl.VoteContext (VoteContext.java:log(49)) - c22c8f81-1e38-483d-9a9f-669266df5e1e@group-6FCA2ABE0AD0-FOLLOWER: accept PRE_VOTE from 93e73215-cf0c-4899-893f-1e32053e8cf3: our priority 0 <= candidate's priority 0
2023-06-02 19:46:40,878 [grpc-default-executor-9] INFO  server.RaftServer$Division (RaftServerImpl.java:requestVote(1335)) - c22c8f81-1e38-483d-9a9f-669266df5e1e@group-6FCA2ABE0AD0 replies to PRE_VOTE vote request: 93e73215-cf0c-4899-893f-1e32053e8cf3<-c22c8f81-1e38-483d-9a9f-669266df5e1e#0:OK-t0. Peer's state: c22c8f81-1e38-483d-9a9f-669266df5e1e@group-6FCA2ABE0AD0:t0, leader=null, voted=, raftlog=Memoized:c22c8f81-1e38-483d-9a9f-669266df5e1e@group-6FCA2ABE0AD0-SegmentedRaftLog:OPENED:c-1, conf=-1: peers:[93e73215-cf0c-4899-893f-1e32053e8cf3|rpc:10.1.26.0:15095|admin:10.1.26.0:15094|client:10.1.26.0:15093|dataStream:10.1.26.0:15096|priority:0|startupRole:FOLLOWER, a3512fa8-98cf-431f-8bbe-512df84cf246|rpc:10.1.26.0:15113|admin:10.1.26.0:15112|client:10.1.26.0:15111|dataStream:10.1.26.0:15114|priority:1|startupRole:FOLLOWER, c22c8f81-1e38-483d-9a9f-669266df5e1e|rpc:10.1.26.0:15104|admin:10.1.26.0:15103|client:10.1.26.0:15102|dataStream:10.1.26.0:15105|priority:0|startupRole:FOLLOWER]|listeners:[], old=null
2023-06-02 19:46:40,879 [93e73215-cf0c-4899-893f-1e32053e8cf3@group-6FCA2ABE0AD0-LeaderElection15] INFO  impl.LeaderElection (LeaderElection.java:logAndReturn(90)) - 93e73215-cf0c-4899-893f-1e32053e8cf3@group-6FCA2ABE0AD0-LeaderElection15: PRE_VOTE REJECTED received 1 response(s) and 0 exception(s):
2023-06-02 19:46:40,879 [93e73215-cf0c-4899-893f-1e32053e8cf3@group-6FCA2ABE0AD0-LeaderElection15] INFO  impl.LeaderElection (LeaderElection.java:logAndReturn(94)) -   Response 0: 93e73215-cf0c-4899-893f-1e32053e8cf3<-a3512fa8-98cf-431f-8bbe-512df84cf246#0:FAIL-t0
2023-06-02 19:46:40,879 [93e73215-cf0c-4899-893f-1e32053e8cf3@group-6FCA2ABE0AD0-LeaderElection15] INFO  impl.LeaderElection (LeaderElection.java:askForVotes(323)) - 93e73215-cf0c-4899-893f-1e32053e8cf3@group-6FCA2ABE0AD0-LeaderElection15 PRE_VOTE round 0: result REJECTED
2023-06-02 19:46:40,879 [93e73215-cf0c-4899-893f-1e32053e8cf3@group-6FCA2ABE0AD0-LeaderElection15] INFO  server.RaftServer$Division (RaftServerImpl.java:setRole(329)) - 93e73215-cf0c-4899-893f-1e32053e8cf3@group-6FCA2ABE0AD0: changes role from CANDIDATE to FOLLOWER at term 0 for REJECTED
2023-06-02 19:46:40,879 [93e73215-cf0c-4899-893f-1e32053e8cf3@group-6FCA2ABE0AD0-LeaderElection15] INFO  impl.RoleInfo (RoleInfo.java:shutdownLeaderElection(130)) - 93e73215-cf0c-4899-893f-1e32053e8cf3: shutdown 93e73215-cf0c-4899-893f-1e32053e8cf3@group-6FCA2ABE0AD0-LeaderElection15
2023-06-02 19:46:40,879 [93e73215-cf0c-4899-893f-1e32053e8cf3@group-6FCA2ABE0AD0-LeaderElection15] INFO  impl.RoleInfo (RoleInfo.java:updateAndGet(139)) - 93e73215-cf0c-4899-893f-1e32053e8cf3: start 93e73215-cf0c-4899-893f-1e32053e8cf3@group-6FCA2ABE0AD0-FollowerState
2023-06-02 19:46:40,929 [93e73215-cf0c-4899-893f-1e32053e8cf3@group-CE6140418515-FollowerState] INFO  impl.FollowerState (FollowerState.java:run(143)) - 93e73215-cf0c-4899-893f-1e32053e8cf3@group-CE6140418515-FollowerState: change to CANDIDATE, lastRpcElapsedTime:5016739157ns, electionTimeout:5010ms
2023-06-02 19:46:40,930 [93e73215-cf0c-4899-893f-1e32053e8cf3@group-CE6140418515-FollowerState] INFO  impl.RoleInfo (RoleInfo.java:shutdownFollowerState(110)) - 93e73215-cf0c-4899-893f-1e32053e8cf3: shutdown 93e73215-cf0c-4899-893f-1e32053e8cf3@group-CE6140418515-FollowerState
2023-06-02 19:46:40,930 [93e73215-cf0c-4899-893f-1e32053e8cf3@group-CE6140418515-FollowerState] INFO  server.RaftServer$Division (RaftServerImpl.java:setRole(329)) - 93e73215-cf0c-4899-893f-1e32053e8cf3@group-CE6140418515: changes role from  FOLLOWER to CANDIDATE at term 0 for changeToCandidate
2023-06-02 19:46:40,930 [93e73215-cf0c-4899-893f-1e32053e8cf3@group-CE6140418515-FollowerState] INFO  server.RaftServerConfigKeys (ConfUtils.java:logGet(46)) - raft.server.leaderelection.pre-vote = true (default)
2023-06-02 19:46:40,930 [93e73215-cf0c-4899-893f-1e32053e8cf3@group-CE6140418515-FollowerState] INFO  impl.RoleInfo (RoleInfo.java:updateAndGet(139)) - 93e73215-cf0c-4899-893f-1e32053e8cf3: start 93e73215-cf0c-4899-893f-1e32053e8cf3@group-CE6140418515-LeaderElection16
2023-06-02 19:46:40,933 [93e73215-cf0c-4899-893f-1e32053e8cf3@group-CE6140418515-LeaderElection16] INFO  impl.LeaderElection (LeaderElection.java:askForVotes(321)) - 93e73215-cf0c-4899-893f-1e32053e8cf3@group-CE6140418515-LeaderElection16 PRE_VOTE round 0: submit vote requests at term 0 for -1: peers:[93e73215-cf0c-4899-893f-1e32053e8cf3|rpc:10.1.26.0:15095|admin:10.1.26.0:15094|client:10.1.26.0:15093|dataStream:10.1.26.0:15096|priority:0|startupRole:FOLLOWER, a3512fa8-98cf-431f-8bbe-512df84cf246|rpc:10.1.26.0:15113|admin:10.1.26.0:15112|client:10.1.26.0:15111|dataStream:10.1.26.0:15114|priority:0|startupRole:FOLLOWER, c22c8f81-1e38-483d-9a9f-669266df5e1e|rpc:10.1.26.0:15104|admin:10.1.26.0:15103|client:10.1.26.0:15102|dataStream:10.1.26.0:15105|priority:1|startupRole:FOLLOWER]|listeners:[], old=null
2023-06-02 19:46:40,935 [93e73215-cf0c-4899-893f-1e32053e8cf3@group-CE6140418515-LeaderElection16] INFO  server.RaftServerConfigKeys (ConfUtils.java:logFallback(53)) - raft.server.rpc.first-election.timeout.min = 5s (fallback to raft.server.rpc.timeout.min)
2023-06-02 19:46:40,935 [93e73215-cf0c-4899-893f-1e32053e8cf3@group-CE6140418515-LeaderElection16] INFO  server.RaftServerConfigKeys (ConfUtils.java:logFallback(53)) - raft.server.rpc.first-election.timeout.max = 5200ms (fallback to raft.server.rpc.timeout.max)
2023-06-02 19:46:40,936 [grpc-default-executor-9] INFO  server.RaftServer$Division (RaftServerImpl.java:requestVote(1302)) - a3512fa8-98cf-431f-8bbe-512df84cf246@group-CE6140418515: receive requestVote(PRE_VOTE, 93e73215-cf0c-4899-893f-1e32053e8cf3, group-CE6140418515, 0, (t:0, i:0))
2023-06-02 19:46:40,936 [grpc-default-executor-9] INFO  impl.VoteContext (VoteContext.java:log(49)) - a3512fa8-98cf-431f-8bbe-512df84cf246@group-CE6140418515-FOLLOWER: accept PRE_VOTE from 93e73215-cf0c-4899-893f-1e32053e8cf3: our priority 0 <= candidate's priority 0
2023-06-02 19:46:40,936 [grpc-default-executor-9] INFO  server.RaftServer$Division (RaftServerImpl.java:requestVote(1335)) - a3512fa8-98cf-431f-8bbe-512df84cf246@group-CE6140418515 replies to PRE_VOTE vote request: 93e73215-cf0c-4899-893f-1e32053e8cf3<-a3512fa8-98cf-431f-8bbe-512df84cf246#0:OK-t0. Peer's state: a3512fa8-98cf-431f-8bbe-512df84cf246@group-CE6140418515:t0, leader=null, voted=, raftlog=Memoized:a3512fa8-98cf-431f-8bbe-512df84cf246@group-CE6140418515-SegmentedRaftLog:OPENED:c-1, conf=-1: peers:[93e73215-cf0c-4899-893f-1e32053e8cf3|rpc:10.1.26.0:15095|admin:10.1.26.0:15094|client:10.1.26.0:15093|dataStream:10.1.26.0:15096|priority:0|startupRole:FOLLOWER, a3512fa8-98cf-431f-8bbe-512df84cf246|rpc:10.1.26.0:15113|admin:10.1.26.0:15112|client:10.1.26.0:15111|dataStream:10.1.26.0:15114|priority:0|startupRole:FOLLOWER, c22c8f81-1e38-483d-9a9f-669266df5e1e|rpc:10.1.26.0:15104|admin:10.1.26.0:15103|client:10.1.26.0:15102|dataStream:10.1.26.0:15105|priority:1|startupRole:FOLLOWER]|listeners:[], old=null
2023-06-02 19:46:40,940 [grpc-default-executor-9] INFO  server.RaftServer$Division (RaftServerImpl.java:requestVote(1302)) - c22c8f81-1e38-483d-9a9f-669266df5e1e@group-CE6140418515: receive requestVote(PRE_VOTE, 93e73215-cf0c-4899-893f-1e32053e8cf3, group-CE6140418515, 0, (t:0, i:0))
2023-06-02 19:46:40,940 [grpc-default-executor-9] INFO  impl.VoteContext (VoteContext.java:log(49)) - c22c8f81-1e38-483d-9a9f-669266df5e1e@group-CE6140418515-FOLLOWER: reject PRE_VOTE from 93e73215-cf0c-4899-893f-1e32053e8cf3: our priority 1 > candidate's priority 0
2023-06-02 19:46:40,940 [grpc-default-executor-9] INFO  server.RaftServer$Division (RaftServerImpl.java:requestVote(1335)) - c22c8f81-1e38-483d-9a9f-669266df5e1e@group-CE6140418515 replies to PRE_VOTE vote request: 93e73215-cf0c-4899-893f-1e32053e8cf3<-c22c8f81-1e38-483d-9a9f-669266df5e1e#0:FAIL-t0. Peer's state: c22c8f81-1e38-483d-9a9f-669266df5e1e@group-CE6140418515:t0, leader=null, voted=, raftlog=Memoized:c22c8f81-1e38-483d-9a9f-669266df5e1e@group-CE6140418515-SegmentedRaftLog:OPENED:c-1, conf=-1: peers:[93e73215-cf0c-4899-893f-1e32053e8cf3|rpc:10.1.26.0:15095|admin:10.1.26.0:15094|client:10.1.26.0:15093|dataStream:10.1.26.0:15096|priority:0|startupRole:FOLLOWER, a3512fa8-98cf-431f-8bbe-512df84cf246|rpc:10.1.26.0:15113|admin:10.1.26.0:15112|client:10.1.26.0:15111|dataStream:10.1.26.0:15114|priority:0|startupRole:FOLLOWER, c22c8f81-1e38-483d-9a9f-669266df5e1e|rpc:10.1.26.0:15104|admin:10.1.26.0:15103|client:10.1.26.0:15102|dataStream:10.1.26.0:15105|priority:1|startupRole:FOLLOWER]|listeners:[], old=null
2023-06-02 19:46:40,942 [93e73215-cf0c-4899-893f-1e32053e8cf3@group-CE6140418515-LeaderElection16] INFO  impl.LeaderElection (LeaderElection.java:logAndReturn(90)) - 93e73215-cf0c-4899-893f-1e32053e8cf3@group-CE6140418515-LeaderElection16: PRE_VOTE REJECTED received 2 response(s) and 0 exception(s):
2023-06-02 19:46:40,942 [93e73215-cf0c-4899-893f-1e32053e8cf3@group-CE6140418515-LeaderElection16] INFO  impl.LeaderElection (LeaderElection.java:logAndReturn(94)) -   Response 0: 93e73215-cf0c-4899-893f-1e32053e8cf3<-a3512fa8-98cf-431f-8bbe-512df84cf246#0:OK-t0
2023-06-02 19:46:40,942 [93e73215-cf0c-4899-893f-1e32053e8cf3@group-CE6140418515-LeaderElection16] INFO  impl.LeaderElection (LeaderElection.java:logAndReturn(94)) -   Response 1: 93e73215-cf0c-4899-893f-1e32053e8cf3<-c22c8f81-1e38-483d-9a9f-669266df5e1e#0:FAIL-t0
2023-06-02 19:46:40,942 [93e73215-cf0c-4899-893f-1e32053e8cf3@group-CE6140418515-LeaderElection16] INFO  impl.LeaderElection (LeaderElection.java:askForVotes(323)) - 93e73215-cf0c-4899-893f-1e32053e8cf3@group-CE6140418515-LeaderElection16 PRE_VOTE round 0: result REJECTED
2023-06-02 19:46:40,942 [93e73215-cf0c-4899-893f-1e32053e8cf3@group-CE6140418515-LeaderElection16] INFO  server.RaftServer$Division (RaftServerImpl.java:setRole(329)) - 93e73215-cf0c-4899-893f-1e32053e8cf3@group-CE6140418515: changes role from CANDIDATE to FOLLOWER at term 0 for REJECTED
2023-06-02 19:46:40,942 [93e73215-cf0c-4899-893f-1e32053e8cf3@group-CE6140418515-LeaderElection16] INFO  impl.RoleInfo (RoleInfo.java:shutdownLeaderElection(130)) - 93e73215-cf0c-4899-893f-1e32053e8cf3: shutdown 93e73215-cf0c-4899-893f-1e32053e8cf3@group-CE6140418515-LeaderElection16
2023-06-02 19:46:40,942 [93e73215-cf0c-4899-893f-1e32053e8cf3@group-CE6140418515-LeaderElection16] INFO  impl.RoleInfo (RoleInfo.java:updateAndGet(139)) - 93e73215-cf0c-4899-893f-1e32053e8cf3: start 93e73215-cf0c-4899-893f-1e32053e8cf3@group-CE6140418515-FollowerState
2023-06-02 19:46:40,982 [a3512fa8-98cf-431f-8bbe-512df84cf246@group-6FCA2ABE0AD0-FollowerState] INFO  impl.FollowerState (FollowerState.java:run(143)) - a3512fa8-98cf-431f-8bbe-512df84cf246@group-6FCA2ABE0AD0-FollowerState: change to CANDIDATE, lastRpcElapsedTime:5155412984ns, electionTimeout:5148ms
2023-06-02 19:46:40,982 [a3512fa8-98cf-431f-8bbe-512df84cf246@group-6FCA2ABE0AD0-FollowerState] INFO  impl.RoleInfo (RoleInfo.java:shutdownFollowerState(110)) - a3512fa8-98cf-431f-8bbe-512df84cf246: shutdown a3512fa8-98cf-431f-8bbe-512df84cf246@group-6FCA2ABE0AD0-FollowerState
2023-06-02 19:46:40,982 [a3512fa8-98cf-431f-8bbe-512df84cf246@group-6FCA2ABE0AD0-FollowerState] INFO  server.RaftServer$Division (RaftServerImpl.java:setRole(329)) - a3512fa8-98cf-431f-8bbe-512df84cf246@group-6FCA2ABE0AD0: changes role from  FOLLOWER to CANDIDATE at term 0 for changeToCandidate
2023-06-02 19:46:40,982 [a3512fa8-98cf-431f-8bbe-512df84cf246@group-6FCA2ABE0AD0-FollowerState] INFO  server.RaftServerConfigKeys (ConfUtils.java:logGet(46)) - raft.server.leaderelection.pre-vote = true (default)
2023-06-02 19:46:40,982 [a3512fa8-98cf-431f-8bbe-512df84cf246@group-6FCA2ABE0AD0-FollowerState] INFO  impl.RoleInfo (RoleInfo.java:updateAndGet(139)) - a3512fa8-98cf-431f-8bbe-512df84cf246: start a3512fa8-98cf-431f-8bbe-512df84cf246@group-6FCA2ABE0AD0-LeaderElection17
2023-06-02 19:46:40,983 [a3512fa8-98cf-431f-8bbe-512df84cf246@group-6FCA2ABE0AD0-LeaderElection17] INFO  impl.LeaderElection (LeaderElection.java:askForVotes(321)) - a3512fa8-98cf-431f-8bbe-512df84cf246@group-6FCA2ABE0AD0-LeaderElection17 PRE_VOTE round 0: submit vote requests at term 0 for -1: peers:[93e73215-cf0c-4899-893f-1e32053e8cf3|rpc:10.1.26.0:15095|admin:10.1.26.0:15094|client:10.1.26.0:15093|dataStream:10.1.26.0:15096|priority:0|startupRole:FOLLOWER, a3512fa8-98cf-431f-8bbe-512df84cf246|rpc:10.1.26.0:15113|admin:10.1.26.0:15112|client:10.1.26.0:15111|dataStream:10.1.26.0:15114|priority:1|startupRole:FOLLOWER, c22c8f81-1e38-483d-9a9f-669266df5e1e|rpc:10.1.26.0:15104|admin:10.1.26.0:15103|client:10.1.26.0:15102|dataStream:10.1.26.0:15105|priority:0|startupRole:FOLLOWER]|listeners:[], old=null
2023-06-02 19:46:40,984 [a3512fa8-98cf-431f-8bbe-512df84cf246@group-6FCA2ABE0AD0-LeaderElection17-1] INFO  server.GrpcServerProtocolClient (GrpcServerProtocolClient.java:<init>(65)) - Build channel for 93e73215-cf0c-4899-893f-1e32053e8cf3
2023-06-02 19:46:40,991 [a3512fa8-98cf-431f-8bbe-512df84cf246@group-6FCA2ABE0AD0-LeaderElection17] INFO  server.RaftServerConfigKeys (ConfUtils.java:logFallback(53)) - raft.server.rpc.first-election.timeout.min = 5s (fallback to raft.server.rpc.timeout.min)
2023-06-02 19:46:40,991 [a3512fa8-98cf-431f-8bbe-512df84cf246@group-6FCA2ABE0AD0-LeaderElection17] INFO  server.RaftServerConfigKeys (ConfUtils.java:logFallback(53)) - raft.server.rpc.first-election.timeout.max = 5200ms (fallback to raft.server.rpc.timeout.max)
2023-06-02 19:46:40,993 [grpc-default-executor-9] INFO  server.RaftServer$Division (RaftServerImpl.java:requestVote(1302)) - 93e73215-cf0c-4899-893f-1e32053e8cf3@group-6FCA2ABE0AD0: receive requestVote(PRE_VOTE, a3512fa8-98cf-431f-8bbe-512df84cf246, group-6FCA2ABE0AD0, 0, (t:0, i:0))
2023-06-02 19:46:40,995 [grpc-default-executor-9] INFO  impl.VoteContext (VoteContext.java:log(49)) - 93e73215-cf0c-4899-893f-1e32053e8cf3@group-6FCA2ABE0AD0-FOLLOWER: accept PRE_VOTE from a3512fa8-98cf-431f-8bbe-512df84cf246: our priority 0 <= candidate's priority 1
2023-06-02 19:46:40,995 [grpc-default-executor-9] INFO  server.RaftServer$Division (RaftServerImpl.java:requestVote(1335)) - 93e73215-cf0c-4899-893f-1e32053e8cf3@group-6FCA2ABE0AD0 replies to PRE_VOTE vote request: a3512fa8-98cf-431f-8bbe-512df84cf246<-93e73215-cf0c-4899-893f-1e32053e8cf3#0:OK-t0. Peer's state: 93e73215-cf0c-4899-893f-1e32053e8cf3@group-6FCA2ABE0AD0:t0, leader=null, voted=, raftlog=Memoized:93e73215-cf0c-4899-893f-1e32053e8cf3@group-6FCA2ABE0AD0-SegmentedRaftLog:OPENED:c-1, conf=-1: peers:[93e73215-cf0c-4899-893f-1e32053e8cf3|rpc:10.1.26.0:15095|admin:10.1.26.0:15094|client:10.1.26.0:15093|dataStream:10.1.26.0:15096|priority:0|startupRole:FOLLOWER, a3512fa8-98cf-431f-8bbe-512df84cf246|rpc:10.1.26.0:15113|admin:10.1.26.0:15112|client:10.1.26.0:15111|dataStream:10.1.26.0:15114|priority:1|startupRole:FOLLOWER, c22c8f81-1e38-483d-9a9f-669266df5e1e|rpc:10.1.26.0:15104|admin:10.1.26.0:15103|client:10.1.26.0:15102|dataStream:10.1.26.0:15105|priority:0|startupRole:FOLLOWER]|listeners:[], old=null
2023-06-02 19:46:40,996 [a3512fa8-98cf-431f-8bbe-512df84cf246@group-6FCA2ABE0AD0-LeaderElection17-2] INFO  server.GrpcServerProtocolClient (GrpcServerProtocolClient.java:<init>(65)) - Build channel for c22c8f81-1e38-483d-9a9f-669266df5e1e
2023-06-02 19:46:40,997 [a3512fa8-98cf-431f-8bbe-512df84cf246@group-6FCA2ABE0AD0-LeaderElection17] INFO  impl.LeaderElection (LeaderElection.java:logAndReturn(90)) - a3512fa8-98cf-431f-8bbe-512df84cf246@group-6FCA2ABE0AD0-LeaderElection17: PRE_VOTE PASSED received 1 response(s) and 0 exception(s):
2023-06-02 19:46:40,997 [a3512fa8-98cf-431f-8bbe-512df84cf246@group-6FCA2ABE0AD0-LeaderElection17] INFO  impl.LeaderElection (LeaderElection.java:logAndReturn(94)) -   Response 0: a3512fa8-98cf-431f-8bbe-512df84cf246<-93e73215-cf0c-4899-893f-1e32053e8cf3#0:OK-t0
2023-06-02 19:46:40,997 [a3512fa8-98cf-431f-8bbe-512df84cf246@group-6FCA2ABE0AD0-LeaderElection17] INFO  impl.LeaderElection (LeaderElection.java:askForVotes(323)) - a3512fa8-98cf-431f-8bbe-512df84cf246@group-6FCA2ABE0AD0-LeaderElection17 PRE_VOTE round 0: result PASSED
2023-06-02 19:46:41,000 [a3512fa8-98cf-431f-8bbe-512df84cf246@group-6FCA2ABE0AD0-LeaderElection17] INFO  impl.LeaderElection (LeaderElection.java:askForVotes(321)) - a3512fa8-98cf-431f-8bbe-512df84cf246@group-6FCA2ABE0AD0-LeaderElection17 ELECTION round 0: submit vote requests at term 1 for -1: peers:[93e73215-cf0c-4899-893f-1e32053e8cf3|rpc:10.1.26.0:15095|admin:10.1.26.0:15094|client:10.1.26.0:15093|dataStream:10.1.26.0:15096|priority:0|startupRole:FOLLOWER, a3512fa8-98cf-431f-8bbe-512df84cf246|rpc:10.1.26.0:15113|admin:10.1.26.0:15112|client:10.1.26.0:15111|dataStream:10.1.26.0:15114|priority:1|startupRole:FOLLOWER, c22c8f81-1e38-483d-9a9f-669266df5e1e|rpc:10.1.26.0:15104|admin:10.1.26.0:15103|client:10.1.26.0:15102|dataStream:10.1.26.0:15105|priority:0|startupRole:FOLLOWER]|listeners:[], old=null
2023-06-02 19:46:41,002 [grpc-default-executor-9] INFO  server.RaftServer$Division (RaftServerImpl.java:requestVote(1302)) - c22c8f81-1e38-483d-9a9f-669266df5e1e@group-6FCA2ABE0AD0: receive requestVote(PRE_VOTE, a3512fa8-98cf-431f-8bbe-512df84cf246, group-6FCA2ABE0AD0, 0, (t:0, i:0))
2023-06-02 19:46:41,002 [grpc-default-executor-9] INFO  impl.VoteContext (VoteContext.java:log(49)) - c22c8f81-1e38-483d-9a9f-669266df5e1e@group-6FCA2ABE0AD0-FOLLOWER: accept PRE_VOTE from a3512fa8-98cf-431f-8bbe-512df84cf246: our priority 0 <= candidate's priority 1
2023-06-02 19:46:41,002 [grpc-default-executor-9] INFO  server.RaftServer$Division (RaftServerImpl.java:requestVote(1335)) - c22c8f81-1e38-483d-9a9f-669266df5e1e@group-6FCA2ABE0AD0 replies to PRE_VOTE vote request: a3512fa8-98cf-431f-8bbe-512df84cf246<-c22c8f81-1e38-483d-9a9f-669266df5e1e#0:OK-t0. Peer's state: c22c8f81-1e38-483d-9a9f-669266df5e1e@group-6FCA2ABE0AD0:t0, leader=null, voted=, raftlog=Memoized:c22c8f81-1e38-483d-9a9f-669266df5e1e@group-6FCA2ABE0AD0-SegmentedRaftLog:OPENED:c-1, conf=-1: peers:[93e73215-cf0c-4899-893f-1e32053e8cf3|rpc:10.1.26.0:15095|admin:10.1.26.0:15094|client:10.1.26.0:15093|dataStream:10.1.26.0:15096|priority:0|startupRole:FOLLOWER, a3512fa8-98cf-431f-8bbe-512df84cf246|rpc:10.1.26.0:15113|admin:10.1.26.0:15112|client:10.1.26.0:15111|dataStream:10.1.26.0:15114|priority:1|startupRole:FOLLOWER, c22c8f81-1e38-483d-9a9f-669266df5e1e|rpc:10.1.26.0:15104|admin:10.1.26.0:15103|client:10.1.26.0:15102|dataStream:10.1.26.0:15105|priority:0|startupRole:FOLLOWER]|listeners:[], old=null
2023-06-02 19:46:41,007 [grpc-default-executor-9] INFO  server.RaftServer$Division (RaftServerImpl.java:requestVote(1302)) - 93e73215-cf0c-4899-893f-1e32053e8cf3@group-6FCA2ABE0AD0: receive requestVote(ELECTION, a3512fa8-98cf-431f-8bbe-512df84cf246, group-6FCA2ABE0AD0, 1, (t:0, i:0))
2023-06-02 19:46:41,007 [grpc-default-executor-9] INFO  impl.VoteContext (VoteContext.java:log(49)) - 93e73215-cf0c-4899-893f-1e32053e8cf3@group-6FCA2ABE0AD0-FOLLOWER: accept ELECTION from a3512fa8-98cf-431f-8bbe-512df84cf246: our priority 0 <= candidate's priority 1
2023-06-02 19:46:41,007 [grpc-default-executor-9] INFO  server.RaftServer$Division (RaftServerImpl.java:setRole(329)) - 93e73215-cf0c-4899-893f-1e32053e8cf3@group-6FCA2ABE0AD0: changes role from  FOLLOWER to FOLLOWER at term 1 for candidate:a3512fa8-98cf-431f-8bbe-512df84cf246
2023-06-02 19:46:41,007 [grpc-default-executor-9] INFO  impl.RoleInfo (RoleInfo.java:shutdownFollowerState(110)) - 93e73215-cf0c-4899-893f-1e32053e8cf3: shutdown 93e73215-cf0c-4899-893f-1e32053e8cf3@group-6FCA2ABE0AD0-FollowerState
2023-06-02 19:46:41,007 [a3512fa8-98cf-431f-8bbe-512df84cf246@group-6FCA2ABE0AD0-LeaderElection17] INFO  server.RaftServerConfigKeys (ConfUtils.java:logFallback(53)) - raft.server.rpc.first-election.timeout.min = 5s (fallback to raft.server.rpc.timeout.min)
2023-06-02 19:46:41,008 [a3512fa8-98cf-431f-8bbe-512df84cf246@group-6FCA2ABE0AD0-LeaderElection17] INFO  server.RaftServerConfigKeys (ConfUtils.java:logFallback(53)) - raft.server.rpc.first-election.timeout.max = 5200ms (fallback to raft.server.rpc.timeout.max)
2023-06-02 19:46:41,008 [grpc-default-executor-9] INFO  impl.RoleInfo (RoleInfo.java:updateAndGet(139)) - 93e73215-cf0c-4899-893f-1e32053e8cf3: start 93e73215-cf0c-4899-893f-1e32053e8cf3@group-6FCA2ABE0AD0-FollowerState
2023-06-02 19:46:41,008 [93e73215-cf0c-4899-893f-1e32053e8cf3@group-6FCA2ABE0AD0-FollowerState] INFO  impl.FollowerState (FollowerState.java:run(152)) - 93e73215-cf0c-4899-893f-1e32053e8cf3@group-6FCA2ABE0AD0-FollowerState was interrupted
2023-06-02 19:46:41,009 [grpc-default-executor-1] INFO  server.RaftServer$Division (RaftServerImpl.java:requestVote(1302)) - c22c8f81-1e38-483d-9a9f-669266df5e1e@group-6FCA2ABE0AD0: receive requestVote(ELECTION, a3512fa8-98cf-431f-8bbe-512df84cf246, group-6FCA2ABE0AD0, 1, (t:0, i:0))
2023-06-02 19:46:41,011 [grpc-default-executor-1] INFO  impl.VoteContext (VoteContext.java:log(49)) - c22c8f81-1e38-483d-9a9f-669266df5e1e@group-6FCA2ABE0AD0-FOLLOWER: accept ELECTION from a3512fa8-98cf-431f-8bbe-512df84cf246: our priority 0 <= candidate's priority 1
2023-06-02 19:46:41,011 [grpc-default-executor-1] INFO  server.RaftServer$Division (RaftServerImpl.java:setRole(329)) - c22c8f81-1e38-483d-9a9f-669266df5e1e@group-6FCA2ABE0AD0: changes role from  FOLLOWER to FOLLOWER at term 1 for candidate:a3512fa8-98cf-431f-8bbe-512df84cf246
2023-06-02 19:46:41,011 [grpc-default-executor-1] INFO  impl.RoleInfo (RoleInfo.java:shutdownFollowerState(110)) - c22c8f81-1e38-483d-9a9f-669266df5e1e: shutdown c22c8f81-1e38-483d-9a9f-669266df5e1e@group-6FCA2ABE0AD0-FollowerState
2023-06-02 19:46:41,012 [grpc-default-executor-1] INFO  impl.RoleInfo (RoleInfo.java:updateAndGet(139)) - c22c8f81-1e38-483d-9a9f-669266df5e1e: start c22c8f81-1e38-483d-9a9f-669266df5e1e@group-6FCA2ABE0AD0-FollowerState
2023-06-02 19:46:41,012 [c22c8f81-1e38-483d-9a9f-669266df5e1e@group-6FCA2ABE0AD0-FollowerState] INFO  impl.FollowerState (FollowerState.java:run(152)) - c22c8f81-1e38-483d-9a9f-669266df5e1e@group-6FCA2ABE0AD0-FollowerState was interrupted
2023-06-02 19:46:41,013 [grpc-default-executor-1] INFO  server.RaftServer$Division (RaftServerImpl.java:requestVote(1335)) - c22c8f81-1e38-483d-9a9f-669266df5e1e@group-6FCA2ABE0AD0 replies to ELECTION vote request: a3512fa8-98cf-431f-8bbe-512df84cf246<-c22c8f81-1e38-483d-9a9f-669266df5e1e#0:OK-t1. Peer's state: c22c8f81-1e38-483d-9a9f-669266df5e1e@group-6FCA2ABE0AD0:t1, leader=null, voted=a3512fa8-98cf-431f-8bbe-512df84cf246, raftlog=Memoized:c22c8f81-1e38-483d-9a9f-669266df5e1e@group-6FCA2ABE0AD0-SegmentedRaftLog:OPENED:c-1, conf=-1: peers:[93e73215-cf0c-4899-893f-1e32053e8cf3|rpc:10.1.26.0:15095|admin:10.1.26.0:15094|client:10.1.26.0:15093|dataStream:10.1.26.0:15096|priority:0|startupRole:FOLLOWER, a3512fa8-98cf-431f-8bbe-512df84cf246|rpc:10.1.26.0:15113|admin:10.1.26.0:15112|client:10.1.26.0:15111|dataStream:10.1.26.0:15114|priority:1|startupRole:FOLLOWER, c22c8f81-1e38-483d-9a9f-669266df5e1e|rpc:10.1.26.0:15104|admin:10.1.26.0:15103|client:10.1.26.0:15102|dataStream:10.1.26.0:15105|priority:0|startupRole:FOLLOWER]|listeners:[], old=null
2023-06-02 19:46:41,015 [a3512fa8-98cf-431f-8bbe-512df84cf246@group-6FCA2ABE0AD0-LeaderElection17] INFO  impl.LeaderElection (LeaderElection.java:logAndReturn(90)) - a3512fa8-98cf-431f-8bbe-512df84cf246@group-6FCA2ABE0AD0-LeaderElection17: ELECTION PASSED received 1 response(s) and 0 exception(s):
2023-06-02 19:46:41,015 [a3512fa8-98cf-431f-8bbe-512df84cf246@group-6FCA2ABE0AD0-LeaderElection17] INFO  impl.LeaderElection (LeaderElection.java:logAndReturn(94)) -   Response 0: a3512fa8-98cf-431f-8bbe-512df84cf246<-c22c8f81-1e38-483d-9a9f-669266df5e1e#0:OK-t1
2023-06-02 19:46:41,015 [a3512fa8-98cf-431f-8bbe-512df84cf246@group-6FCA2ABE0AD0-LeaderElection17] INFO  impl.LeaderElection (LeaderElection.java:askForVotes(323)) - a3512fa8-98cf-431f-8bbe-512df84cf246@group-6FCA2ABE0AD0-LeaderElection17 ELECTION round 0: result PASSED
2023-06-02 19:46:41,015 [a3512fa8-98cf-431f-8bbe-512df84cf246@group-6FCA2ABE0AD0-LeaderElection17] INFO  impl.RoleInfo (RoleInfo.java:shutdownLeaderElection(130)) - a3512fa8-98cf-431f-8bbe-512df84cf246: shutdown a3512fa8-98cf-431f-8bbe-512df84cf246@group-6FCA2ABE0AD0-LeaderElection17
2023-06-02 19:46:41,015 [a3512fa8-98cf-431f-8bbe-512df84cf246@group-6FCA2ABE0AD0-LeaderElection17] INFO  server.RaftServer$Division (RaftServerImpl.java:setRole(329)) - a3512fa8-98cf-431f-8bbe-512df84cf246@group-6FCA2ABE0AD0: changes role from CANDIDATE to LEADER at term 1 for changeToLeader
2023-06-02 19:46:41,015 [a3512fa8-98cf-431f-8bbe-512df84cf246@group-6FCA2ABE0AD0-LeaderElection17] INFO  ratis.XceiverServerRatis (XceiverServerRatis.java:handleLeaderChangedNotification(902)) - Leader change notification received for group: group-6FCA2ABE0AD0 with new leaderId: a3512fa8-98cf-431f-8bbe-512df84cf246
2023-06-02 19:46:41,015 [a3512fa8-98cf-431f-8bbe-512df84cf246@group-6FCA2ABE0AD0-LeaderElection17] INFO  server.RaftServer$Division (ServerState.java:setLeader(317)) - a3512fa8-98cf-431f-8bbe-512df84cf246@group-6FCA2ABE0AD0: change Leader from null to a3512fa8-98cf-431f-8bbe-512df84cf246 at term 1 for becomeLeader, leader elected after 5212ms
2023-06-02 19:46:41,015 [a3512fa8-98cf-431f-8bbe-512df84cf246@group-6FCA2ABE0AD0-LeaderElection17] INFO  server.RaftServerConfigKeys (ConfUtils.java:logGet(46)) - raft.server.staging.catchup.gap = 1000 (default)
2023-06-02 19:46:41,016 [a3512fa8-98cf-431f-8bbe-512df84cf246@group-6FCA2ABE0AD0-LeaderElection17] INFO  server.RaftServerConfigKeys (ConfUtils.java:logGet(46)) - raft.server.write.element-limit = 1024 (custom)
2023-06-02 19:46:41,016 [a3512fa8-98cf-431f-8bbe-512df84cf246@group-6FCA2ABE0AD0-LeaderElection17] INFO  server.RaftServerConfigKeys (ConfUtils.java:logGet(46)) - raft.server.write.byte-limit = 1024 M (=1073741824) (custom)
2023-06-02 19:46:41,016 [a3512fa8-98cf-431f-8bbe-512df84cf246@group-6FCA2ABE0AD0-LeaderElection17] INFO  server.RaftServerConfigKeys (ConfUtils.java:logGet(46)) - raft.server.watch.timeout = 180s (custom)
2023-06-02 19:46:41,016 [a3512fa8-98cf-431f-8bbe-512df84cf246@group-6FCA2ABE0AD0-LeaderElection17] INFO  server.RaftServerConfigKeys (ConfUtils.java:logGet(46)) - raft.server.watch.timeout.denomination = 1s (default)
2023-06-02 19:46:41,016 [a3512fa8-98cf-431f-8bbe-512df84cf246@group-6FCA2ABE0AD0-LeaderElection17] INFO  server.RaftServerConfigKeys (ConfUtils.java:logGet(46)) - raft.server.watch.element-limit = 65536 (default)
2023-06-02 19:46:41,016 [a3512fa8-98cf-431f-8bbe-512df84cf246@group-6FCA2ABE0AD0-LeaderElection17] INFO  server.RaftServerConfigKeys (ConfUtils.java:logGet(46)) - raft.server.write.element-limit = 1024 (custom)
2023-06-02 19:46:41,016 [a3512fa8-98cf-431f-8bbe-512df84cf246@group-6FCA2ABE0AD0-LeaderElection17] INFO  server.RaftServerConfigKeys (ConfUtils.java:logGet(46)) - raft.server.write.follower.gap.ratio.max = -1.0 (default)
2023-06-02 19:46:41,017 [a3512fa8-98cf-431f-8bbe-512df84cf246@group-6FCA2ABE0AD0-LeaderElection17] INFO  server.RaftServerConfigKeys (ConfUtils.java:logGet(46)) - raft.server.log.appender.snapshot.chunk.size.max = 16MB (=16777216) (default)
2023-06-02 19:46:41,017 [a3512fa8-98cf-431f-8bbe-512df84cf246@group-6FCA2ABE0AD0-LeaderElection17] INFO  server.RaftServerConfigKeys (ConfUtils.java:logGet(46)) - raft.server.log.appender.buffer.byte-limit = 33554432 (custom)
2023-06-02 19:46:41,017 [a3512fa8-98cf-431f-8bbe-512df84cf246@group-6FCA2ABE0AD0-LeaderElection17] INFO  server.RaftServerConfigKeys (ConfUtils.java:logGet(46)) - raft.server.log.appender.buffer.element-limit = 1 (custom)
2023-06-02 19:46:41,017 [a3512fa8-98cf-431f-8bbe-512df84cf246@group-6FCA2ABE0AD0-LeaderElection17] INFO  server.RaftServerConfigKeys (ConfUtils.java:logGet(46)) - raft.server.log.appender.wait-time.min = 10ms (default)
2023-06-02 19:46:41,017 [a3512fa8-98cf-431f-8bbe-512df84cf246@group-6FCA2ABE0AD0-LeaderElection17] INFO  grpc.GrpcConfigKeys (ConfUtils.java:logGet(46)) - raft.grpc.server.leader.outstanding.appends.max = 128 (default)
2023-06-02 19:46:41,017 [a3512fa8-98cf-431f-8bbe-512df84cf246@group-6FCA2ABE0AD0-LeaderElection17] INFO  server.RaftServerConfigKeys (ConfUtils.java:logGet(46)) - raft.server.rpc.request.timeout = 60s (custom)
2023-06-02 19:46:41,017 [a3512fa8-98cf-431f-8bbe-512df84cf246@group-6FCA2ABE0AD0-LeaderElection17] INFO  grpc.GrpcConfigKeys (ConfUtils.java:logGet(46)) - raft.grpc.server.install_snapshot.request.element-limit = 8 (default)
2023-06-02 19:46:41,017 [a3512fa8-98cf-431f-8bbe-512df84cf246@group-6FCA2ABE0AD0-LeaderElection17] INFO  grpc.GrpcConfigKeys (ConfUtils.java:logGet(46)) - raft.grpc.server.install_snapshot.request.timeout = 3000ms (default)
2023-06-02 19:46:41,017 [a3512fa8-98cf-431f-8bbe-512df84cf246@group-6FCA2ABE0AD0-LeaderElection17] INFO  server.RaftServerConfigKeys (ConfUtils.java:logGet(46)) - raft.server.log.appender.install.snapshot.enabled = false (custom)
2023-06-02 19:46:41,017 [a3512fa8-98cf-431f-8bbe-512df84cf246@group-6FCA2ABE0AD0-LeaderElection17] INFO  grpc.GrpcConfigKeys (ConfUtils.java:logGet(46)) - raft.grpc.server.heartbeat.channel = true (default)
2023-06-02 19:46:41,018 [a3512fa8-98cf-431f-8bbe-512df84cf246@group-6FCA2ABE0AD0-LeaderElection17] INFO  server.RaftServerConfigKeys (ConfUtils.java:logGet(46)) - raft.server.log.appender.snapshot.chunk.size.max = 16MB (=16777216) (default)
2023-06-02 19:46:41,018 [a3512fa8-98cf-431f-8bbe-512df84cf246@group-6FCA2ABE0AD0-LeaderElection17] INFO  server.RaftServerConfigKeys (ConfUtils.java:logGet(46)) - raft.server.log.appender.buffer.byte-limit = 33554432 (custom)
2023-06-02 19:46:41,018 [a3512fa8-98cf-431f-8bbe-512df84cf246@group-6FCA2ABE0AD0-LeaderElection17] INFO  server.RaftServerConfigKeys (ConfUtils.java:logGet(46)) - raft.server.log.appender.buffer.element-limit = 1 (custom)
2023-06-02 19:46:41,018 [a3512fa8-98cf-431f-8bbe-512df84cf246@group-6FCA2ABE0AD0-LeaderElection17] INFO  server.RaftServerConfigKeys (ConfUtils.java:logGet(46)) - raft.server.log.appender.wait-time.min = 10ms (default)
2023-06-02 19:46:41,019 [a3512fa8-98cf-431f-8bbe-512df84cf246@group-6FCA2ABE0AD0-LeaderElection17] INFO  grpc.GrpcConfigKeys (ConfUtils.java:logGet(46)) - raft.grpc.server.leader.outstanding.appends.max = 128 (default)
2023-06-02 19:46:41,019 [a3512fa8-98cf-431f-8bbe-512df84cf246@group-6FCA2ABE0AD0-LeaderElection17] INFO  server.RaftServerConfigKeys (ConfUtils.java:logGet(46)) - raft.server.rpc.request.timeout = 60s (custom)
2023-06-02 19:46:41,019 [a3512fa8-98cf-431f-8bbe-512df84cf246@group-6FCA2ABE0AD0-LeaderElection17] INFO  grpc.GrpcConfigKeys (ConfUtils.java:logGet(46)) - raft.grpc.server.install_snapshot.request.element-limit = 8 (default)
2023-06-02 19:46:41,019 [a3512fa8-98cf-431f-8bbe-512df84cf246@group-6FCA2ABE0AD0-LeaderElection17] INFO  grpc.GrpcConfigKeys (ConfUtils.java:logGet(46)) - raft.grpc.server.install_snapshot.request.timeout = 3000ms (default)
2023-06-02 19:46:41,019 [a3512fa8-98cf-431f-8bbe-512df84cf246@group-6FCA2ABE0AD0-LeaderElection17] INFO  server.RaftServerConfigKeys (ConfUtils.java:logGet(46)) - raft.server.log.appender.install.snapshot.enabled = false (custom)
2023-06-02 19:46:41,019 [a3512fa8-98cf-431f-8bbe-512df84cf246@group-6FCA2ABE0AD0-LeaderElection17] INFO  grpc.GrpcConfigKeys (ConfUtils.java:logGet(46)) - raft.grpc.server.heartbeat.channel = true (default)
2023-06-02 19:46:41,020 [a3512fa8-98cf-431f-8bbe-512df84cf246@group-6FCA2ABE0AD0-LeaderElection17] INFO  impl.RoleInfo (RoleInfo.java:updateAndGet(139)) - a3512fa8-98cf-431f-8bbe-512df84cf246: start a3512fa8-98cf-431f-8bbe-512df84cf246@group-6FCA2ABE0AD0-LeaderStateImpl
2023-06-02 19:46:41,020 [EventQueue-PipelineReportForPipelineReportHandler] INFO  pipeline.PipelineManagerImpl (PipelineManagerImpl.java:openPipeline(367)) - Pipeline Pipeline[ Id: 03270534-da8a-4a83-a4ea-6fca2abe0ad0, Nodes: a3512fa8-98cf-431f-8bbe-512df84cf246(fv-az459-618.msq0az1vewme3jsxyslsv0htic.jx.internal.cloudapp.net/10.1.26.0)93e73215-cf0c-4899-893f-1e32053e8cf3(fv-az459-618.msq0az1vewme3jsxyslsv0htic.jx.internal.cloudapp.net/10.1.26.0)c22c8f81-1e38-483d-9a9f-669266df5e1e(fv-az459-618.msq0az1vewme3jsxyslsv0htic.jx.internal.cloudapp.net/10.1.26.0), ReplicationConfig: RATIS/THREE, State:ALLOCATED, leaderId:a3512fa8-98cf-431f-8bbe-512df84cf246, CreationTimestamp2023-06-02T19:46:33.868Z[Etc/UTC]] moved to OPEN state
2023-06-02 19:46:41,020 [a3512fa8-98cf-431f-8bbe-512df84cf246@group-6FCA2ABE0AD0-LeaderElection17] INFO  segmented.SegmentedRaftLogWorker (SegmentedRaftLogWorker.java:startLogSegment(447)) - a3512fa8-98cf-431f-8bbe-512df84cf246@group-6FCA2ABE0AD0-SegmentedRaftLogWorker: Starting segment from index:0
2023-06-02 19:46:41,019 [grpc-default-executor-9] INFO  server.RaftServer$Division (RaftServerImpl.java:requestVote(1335)) - 93e73215-cf0c-4899-893f-1e32053e8cf3@group-6FCA2ABE0AD0 replies to ELECTION vote request: a3512fa8-98cf-431f-8bbe-512df84cf246<-93e73215-cf0c-4899-893f-1e32053e8cf3#0:OK-t1. Peer's state: 93e73215-cf0c-4899-893f-1e32053e8cf3@group-6FCA2ABE0AD0:t1, leader=null, voted=a3512fa8-98cf-431f-8bbe-512df84cf246, raftlog=Memoized:93e73215-cf0c-4899-893f-1e32053e8cf3@group-6FCA2ABE0AD0-SegmentedRaftLog:OPENED:c-1, conf=-1: peers:[93e73215-cf0c-4899-893f-1e32053e8cf3|rpc:10.1.26.0:15095|admin:10.1.26.0:15094|client:10.1.26.0:15093|dataStream:10.1.26.0:15096|priority:0|startupRole:FOLLOWER, a3512fa8-98cf-431f-8bbe-512df84cf246|rpc:10.1.26.0:15113|admin:10.1.26.0:15112|client:10.1.26.0:15111|dataStream:10.1.26.0:15114|priority:1|startupRole:FOLLOWER, c22c8f81-1e38-483d-9a9f-669266df5e1e|rpc:10.1.26.0:15104|admin:10.1.26.0:15103|client:10.1.26.0:15102|dataStream:10.1.26.0:15105|priority:0|startupRole:FOLLOWER]|listeners:[], old=null
2023-06-02 19:46:41,024 [a3512fa8-98cf-431f-8bbe-512df84cf246@group-6FCA2ABE0AD0-SegmentedRaftLogWorker] INFO  segmented.SegmentedRaftLogWorker (SegmentedRaftLogWorker.java:execute(651)) - a3512fa8-98cf-431f-8bbe-512df84cf246@group-6FCA2ABE0AD0-SegmentedRaftLogWorker: created new log segment /home/runner/work/ozone/ozone/hadoop-ozone/integration-test/target/test-dir/MiniOzoneClusterImpl-e4789928-4fd4-479e-857e-ac334458de01/datanode-11/data/ratis/03270534-da8a-4a83-a4ea-6fca2abe0ad0/current/log_inprogress_0
2023-06-02 19:46:41,041 [a3512fa8-98cf-431f-8bbe-512df84cf246@group-6FCA2ABE0AD0-LeaderElection17] INFO  server.RaftServer$Division (ServerState.java:setRaftConf(434)) - a3512fa8-98cf-431f-8bbe-512df84cf246@group-6FCA2ABE0AD0: set configuration 0: peers:[93e73215-cf0c-4899-893f-1e32053e8cf3|rpc:10.1.26.0:15095|admin:10.1.26.0:15094|client:10.1.26.0:15093|dataStream:10.1.26.0:15096|priority:0|startupRole:FOLLOWER, a3512fa8-98cf-431f-8bbe-512df84cf246|rpc:10.1.26.0:15113|admin:10.1.26.0:15112|client:10.1.26.0:15111|dataStream:10.1.26.0:15114|priority:1|startupRole:FOLLOWER, c22c8f81-1e38-483d-9a9f-669266df5e1e|rpc:10.1.26.0:15104|admin:10.1.26.0:15103|client:10.1.26.0:15102|dataStream:10.1.26.0:15105|priority:0|startupRole:FOLLOWER]|listeners:[], old=null
2023-06-02 19:46:41,048 [a3512fa8-98cf-431f-8bbe-512df84cf246@group-CE6140418515-FollowerState] INFO  server.RaftServerConfigKeys (ConfUtils.java:logFallback(53)) - raft.server.rpc.first-election.timeout.min = 5s (fallback to raft.server.rpc.timeout.min)
2023-06-02 19:46:41,048 [a3512fa8-98cf-431f-8bbe-512df84cf246@group-CE6140418515-FollowerState] INFO  server.RaftServerConfigKeys (ConfUtils.java:logFallback(53)) - raft.server.rpc.first-election.timeout.max = 5200ms (fallback to raft.server.rpc.timeout.max)
2023-06-02 19:46:41,051 [93e73215-cf0c-4899-893f-1e32053e8cf3-server-thread1] INFO  ratis.XceiverServerRatis (XceiverServerRatis.java:handleLeaderChangedNotification(902)) - Leader change notification received for group: group-6FCA2ABE0AD0 with new leaderId: a3512fa8-98cf-431f-8bbe-512df84cf246
2023-06-02 19:46:41,051 [93e73215-cf0c-4899-893f-1e32053e8cf3-server-thread1] INFO  server.RaftServer$Division (ServerState.java:setLeader(317)) - 93e73215-cf0c-4899-893f-1e32053e8cf3@group-6FCA2ABE0AD0: change Leader from null to a3512fa8-98cf-431f-8bbe-512df84cf246 at term 1 for appendEntries, leader elected after 5301ms
2023-06-02 19:46:41,056 [93e73215-cf0c-4899-893f-1e32053e8cf3-server-thread1] INFO  server.RaftServer$Division (ServerState.java:setRaftConf(434)) - 93e73215-cf0c-4899-893f-1e32053e8cf3@group-6FCA2ABE0AD0: set configuration 0: peers:[93e73215-cf0c-4899-893f-1e32053e8cf3|rpc:10.1.26.0:15095|admin:10.1.26.0:15094|client:10.1.26.0:15093|dataStream:10.1.26.0:15096|priority:0|startupRole:FOLLOWER, a3512fa8-98cf-431f-8bbe-512df84cf246|rpc:10.1.26.0:15113|admin:10.1.26.0:15112|client:10.1.26.0:15111|dataStream:10.1.26.0:15114|priority:1|startupRole:FOLLOWER, c22c8f81-1e38-483d-9a9f-669266df5e1e|rpc:10.1.26.0:15104|admin:10.1.26.0:15103|client:10.1.26.0:15102|dataStream:10.1.26.0:15105|priority:0|startupRole:FOLLOWER]|listeners:[], old=null
2023-06-02 19:46:41,056 [93e73215-cf0c-4899-893f-1e32053e8cf3-server-thread1] INFO  segmented.SegmentedRaftLogWorker (SegmentedRaftLogWorker.java:startLogSegment(447)) - 93e73215-cf0c-4899-893f-1e32053e8cf3@group-6FCA2ABE0AD0-SegmentedRaftLogWorker: Starting segment from index:0
2023-06-02 19:46:41,060 [c22c8f81-1e38-483d-9a9f-669266df5e1e-server-thread2] INFO  ratis.XceiverServerRatis (XceiverServerRatis.java:handleLeaderChangedNotification(902)) - Leader change notification received for group: group-6FCA2ABE0AD0 with new leaderId: a3512fa8-98cf-431f-8bbe-512df84cf246
2023-06-02 19:46:41,060 [c22c8f81-1e38-483d-9a9f-669266df5e1e-server-thread2] INFO  server.RaftServer$Division (ServerState.java:setLeader(317)) - c22c8f81-1e38-483d-9a9f-669266df5e1e@group-6FCA2ABE0AD0: change Leader from null to a3512fa8-98cf-431f-8bbe-512df84cf246 at term 1 for appendEntries, leader elected after 5199ms
2023-06-02 19:46:41,060 [c22c8f81-1e38-483d-9a9f-669266df5e1e-server-thread2] INFO  server.RaftServer$Division (ServerState.java:setRaftConf(434)) - c22c8f81-1e38-483d-9a9f-669266df5e1e@group-6FCA2ABE0AD0: set configuration 0: peers:[93e73215-cf0c-4899-893f-1e32053e8cf3|rpc:10.1.26.0:15095|admin:10.1.26.0:15094|client:10.1.26.0:15093|dataStream:10.1.26.0:15096|priority:0|startupRole:FOLLOWER, a3512fa8-98cf-431f-8bbe-512df84cf246|rpc:10.1.26.0:15113|admin:10.1.26.0:15112|client:10.1.26.0:15111|dataStream:10.1.26.0:15114|priority:1|startupRole:FOLLOWER, c22c8f81-1e38-483d-9a9f-669266df5e1e|rpc:10.1.26.0:15104|admin:10.1.26.0:15103|client:10.1.26.0:15102|dataStream:10.1.26.0:15105|priority:0|startupRole:FOLLOWER]|listeners:[], old=null
2023-06-02 19:46:41,061 [c22c8f81-1e38-483d-9a9f-669266df5e1e-server-thread2] INFO  segmented.SegmentedRaftLogWorker (SegmentedRaftLogWorker.java:startLogSegment(447)) - c22c8f81-1e38-483d-9a9f-669266df5e1e@group-6FCA2ABE0AD0-SegmentedRaftLogWorker: Starting segment from index:0
2023-06-02 19:46:41,065 [c22c8f81-1e38-483d-9a9f-669266df5e1e@group-6FCA2ABE0AD0-SegmentedRaftLogWorker] INFO  segmented.SegmentedRaftLogWorker (SegmentedRaftLogWorker.java:execute(651)) - c22c8f81-1e38-483d-9a9f-669266df5e1e@group-6FCA2ABE0AD0-SegmentedRaftLogWorker: created new log segment /home/runner/work/ozone/ozone/hadoop-ozone/integration-test/target/test-dir/MiniOzoneClusterImpl-e4789928-4fd4-479e-857e-ac334458de01/datanode-10/data/ratis/03270534-da8a-4a83-a4ea-6fca2abe0ad0/current/log_inprogress_0
2023-06-02 19:46:41,067 [93e73215-cf0c-4899-893f-1e32053e8cf3@group-6FCA2ABE0AD0-SegmentedRaftLogWorker] INFO  segmented.SegmentedRaftLogWorker (SegmentedRaftLogWorker.java:execute(651)) - 93e73215-cf0c-4899-893f-1e32053e8cf3@group-6FCA2ABE0AD0-SegmentedRaftLogWorker: created new log segment /home/runner/work/ozone/ozone/hadoop-ozone/integration-test/target/test-dir/MiniOzoneClusterImpl-e4789928-4fd4-479e-857e-ac334458de01/datanode-9/data/ratis/03270534-da8a-4a83-a4ea-6fca2abe0ad0/current/log_inprogress_0
2023-06-02 19:46:41,724 [c22c8f81-1e38-483d-9a9f-669266df5e1e@group-CE6140418515-FollowerState] INFO  impl.FollowerState (FollowerState.java:run(143)) - c22c8f81-1e38-483d-9a9f-669266df5e1e@group-CE6140418515-FollowerState: change to CANDIDATE, lastRpcElapsedTime:5193956114ns, electionTimeout:5187ms
2023-06-02 19:46:41,724 [c22c8f81-1e38-483d-9a9f-669266df5e1e@group-CE6140418515-FollowerState] INFO  impl.RoleInfo (RoleInfo.java:shutdownFollowerState(110)) - c22c8f81-1e38-483d-9a9f-669266df5e1e: shutdown c22c8f81-1e38-483d-9a9f-669266df5e1e@group-CE6140418515-FollowerState
2023-06-02 19:46:41,725 [c22c8f81-1e38-483d-9a9f-669266df5e1e@group-CE6140418515-FollowerState] INFO  server.RaftServer$Division (RaftServerImpl.java:setRole(329)) - c22c8f81-1e38-483d-9a9f-669266df5e1e@group-CE6140418515: changes role from  FOLLOWER to CANDIDATE at term 0 for changeToCandidate
2023-06-02 19:46:41,725 [c22c8f81-1e38-483d-9a9f-669266df5e1e@group-CE6140418515-FollowerState] INFO  server.RaftServerConfigKeys (ConfUtils.java:logGet(46)) - raft.server.leaderelection.pre-vote = true (default)
2023-06-02 19:46:41,725 [c22c8f81-1e38-483d-9a9f-669266df5e1e@group-CE6140418515-FollowerState] INFO  impl.RoleInfo (RoleInfo.java:updateAndGet(139)) - c22c8f81-1e38-483d-9a9f-669266df5e1e: start c22c8f81-1e38-483d-9a9f-669266df5e1e@group-CE6140418515-LeaderElection18
2023-06-02 19:46:41,725 [c22c8f81-1e38-483d-9a9f-669266df5e1e@group-CE6140418515-LeaderElection18] INFO  impl.LeaderElection (LeaderElection.java:askForVotes(321)) - c22c8f81-1e38-483d-9a9f-669266df5e1e@group-CE6140418515-LeaderElection18 PRE_VOTE round 0: submit vote requests at term 0 for -1: peers:[93e73215-cf0c-4899-893f-1e32053e8cf3|rpc:10.1.26.0:15095|admin:10.1.26.0:15094|client:10.1.26.0:15093|dataStream:10.1.26.0:15096|priority:0|startupRole:FOLLOWER, a3512fa8-98cf-431f-8bbe-512df84cf246|rpc:10.1.26.0:15113|admin:10.1.26.0:15112|client:10.1.26.0:15111|dataStream:10.1.26.0:15114|priority:0|startupRole:FOLLOWER, c22c8f81-1e38-483d-9a9f-669266df5e1e|rpc:10.1.26.0:15104|admin:10.1.26.0:15103|client:10.1.26.0:15102|dataStream:10.1.26.0:15105|priority:1|startupRole:FOLLOWER]|listeners:[], old=null
2023-06-02 19:46:41,726 [c22c8f81-1e38-483d-9a9f-669266df5e1e@group-CE6140418515-LeaderElection18] INFO  server.RaftServerConfigKeys (ConfUtils.java:logFallback(53)) - raft.server.rpc.first-election.timeout.min = 5s (fallback to raft.server.rpc.timeout.min)
2023-06-02 19:46:41,726 [c22c8f81-1e38-483d-9a9f-669266df5e1e@group-CE6140418515-LeaderElection18-1] INFO  server.GrpcServerProtocolClient (GrpcServerProtocolClient.java:<init>(65)) - Build channel for 93e73215-cf0c-4899-893f-1e32053e8cf3
2023-06-02 19:46:41,726 [c22c8f81-1e38-483d-9a9f-669266df5e1e@group-CE6140418515-LeaderElection18] INFO  server.RaftServerConfigKeys (ConfUtils.java:logFallback(53)) - raft.server.rpc.first-election.timeout.max = 5200ms (fallback to raft.server.rpc.timeout.max)
2023-06-02 19:46:41,726 [c22c8f81-1e38-483d-9a9f-669266df5e1e@group-CE6140418515-LeaderElection18-2] INFO  server.GrpcServerProtocolClient (GrpcServerProtocolClient.java:<init>(65)) - Build channel for a3512fa8-98cf-431f-8bbe-512df84cf246
2023-06-02 19:46:41,746 [grpc-default-executor-2] INFO  server.RaftServer$Division (RaftServerImpl.java:requestVote(1302)) - 93e73215-cf0c-4899-893f-1e32053e8cf3@group-CE6140418515: receive requestVote(PRE_VOTE, c22c8f81-1e38-483d-9a9f-669266df5e1e, group-CE6140418515, 0, (t:0, i:0))
2023-06-02 19:46:41,746 [grpc-default-executor-2] INFO  impl.VoteContext (VoteContext.java:log(49)) - 93e73215-cf0c-4899-893f-1e32053e8cf3@group-CE6140418515-FOLLOWER: accept PRE_VOTE from c22c8f81-1e38-483d-9a9f-669266df5e1e: our priority 0 <= candidate's priority 1
2023-06-02 19:46:41,746 [grpc-default-executor-2] INFO  server.RaftServer$Division (RaftServerImpl.java:requestVote(1335)) - 93e73215-cf0c-4899-893f-1e32053e8cf3@group-CE6140418515 replies to PRE_VOTE vote request: c22c8f81-1e38-483d-9a9f-669266df5e1e<-93e73215-cf0c-4899-893f-1e32053e8cf3#0:OK-t0. Peer's state: 93e73215-cf0c-4899-893f-1e32053e8cf3@group-CE6140418515:t0, leader=null, voted=, raftlog=Memoized:93e73215-cf0c-4899-893f-1e32053e8cf3@group-CE6140418515-SegmentedRaftLog:OPENED:c-1, conf=-1: peers:[93e73215-cf0c-4899-893f-1e32053e8cf3|rpc:10.1.26.0:15095|admin:10.1.26.0:15094|client:10.1.26.0:15093|dataStream:10.1.26.0:15096|priority:0|startupRole:FOLLOWER, a3512fa8-98cf-431f-8bbe-512df84cf246|rpc:10.1.26.0:15113|admin:10.1.26.0:15112|client:10.1.26.0:15111|dataStream:10.1.26.0:15114|priority:0|startupRole:FOLLOWER, c22c8f81-1e38-483d-9a9f-669266df5e1e|rpc:10.1.26.0:15104|admin:10.1.26.0:15103|client:10.1.26.0:15102|dataStream:10.1.26.0:15105|priority:1|startupRole:FOLLOWER]|listeners:[], old=null
2023-06-02 19:46:41,749 [grpc-default-executor-2] INFO  server.RaftServer$Division (RaftServerImpl.java:requestVote(1302)) - a3512fa8-98cf-431f-8bbe-512df84cf246@group-CE6140418515: receive requestVote(PRE_VOTE, c22c8f81-1e38-483d-9a9f-669266df5e1e, group-CE6140418515, 0, (t:0, i:0))
2023-06-02 19:46:41,749 [grpc-default-executor-2] INFO  impl.VoteContext (VoteContext.java:log(49)) - a3512fa8-98cf-431f-8bbe-512df84cf246@group-CE6140418515-FOLLOWER: accept PRE_VOTE from c22c8f81-1e38-483d-9a9f-669266df5e1e: our priority 0 <= candidate's priority 1
2023-06-02 19:46:41,750 [grpc-default-executor-2] INFO  server.RaftServer$Division (RaftServerImpl.java:requestVote(1335)) - a3512fa8-98cf-431f-8bbe-512df84cf246@group-CE6140418515 replies to PRE_VOTE vote request: c22c8f81-1e38-483d-9a9f-669266df5e1e<-a3512fa8-98cf-431f-8bbe-512df84cf246#0:OK-t0. Peer's state: a3512fa8-98cf-431f-8bbe-512df84cf246@group-CE6140418515:t0, leader=null, voted=, raftlog=Memoized:a3512fa8-98cf-431f-8bbe-512df84cf246@group-CE6140418515-SegmentedRaftLog:OPENED:c-1, conf=-1: peers:[93e73215-cf0c-4899-893f-1e32053e8cf3|rpc:10.1.26.0:15095|admin:10.1.26.0:15094|client:10.1.26.0:15093|dataStream:10.1.26.0:15096|priority:0|startupRole:FOLLOWER, a3512fa8-98cf-431f-8bbe-512df84cf246|rpc:10.1.26.0:15113|admin:10.1.26.0:15112|client:10.1.26.0:15111|dataStream:10.1.26.0:15114|priority:0|startupRole:FOLLOWER, c22c8f81-1e38-483d-9a9f-669266df5e1e|rpc:10.1.26.0:15104|admin:10.1.26.0:15103|client:10.1.26.0:15102|dataStream:10.1.26.0:15105|priority:1|startupRole:FOLLOWER]|listeners:[], old=null
2023-06-02 19:46:41,750 [c22c8f81-1e38-483d-9a9f-669266df5e1e@group-CE6140418515-LeaderElection18] INFO  impl.LeaderElection (LeaderElection.java:logAndReturn(90)) - c22c8f81-1e38-483d-9a9f-669266df5e1e@group-CE6140418515-LeaderElection18: PRE_VOTE PASSED received 1 response(s) and 0 exception(s):
2023-06-02 19:46:41,750 [c22c8f81-1e38-483d-9a9f-669266df5e1e@group-CE6140418515-LeaderElection18] INFO  impl.LeaderElection (LeaderElection.java:logAndReturn(94)) -   Response 0: c22c8f81-1e38-483d-9a9f-669266df5e1e<-93e73215-cf0c-4899-893f-1e32053e8cf3#0:OK-t0
2023-06-02 19:46:41,750 [c22c8f81-1e38-483d-9a9f-669266df5e1e@group-CE6140418515-LeaderElection18] INFO  impl.LeaderElection (LeaderElection.java:askForVotes(323)) - c22c8f81-1e38-483d-9a9f-669266df5e1e@group-CE6140418515-LeaderElection18 PRE_VOTE round 0: result PASSED
2023-06-02 19:46:41,752 [c22c8f81-1e38-483d-9a9f-669266df5e1e@group-CE6140418515-LeaderElection18] INFO  impl.LeaderElection (LeaderElection.java:askForVotes(321)) - c22c8f81-1e38-483d-9a9f-669266df5e1e@group-CE6140418515-LeaderElection18 ELECTION round 0: submit vote requests at term 1 for -1: peers:[93e73215-cf0c-4899-893f-1e32053e8cf3|rpc:10.1.26.0:15095|admin:10.1.26.0:15094|client:10.1.26.0:15093|dataStream:10.1.26.0:15096|priority:0|startupRole:FOLLOWER, a3512fa8-98cf-431f-8bbe-512df84cf246|rpc:10.1.26.0:15113|admin:10.1.26.0:15112|client:10.1.26.0:15111|dataStream:10.1.26.0:15114|priority:0|startupRole:FOLLOWER, c22c8f81-1e38-483d-9a9f-669266df5e1e|rpc:10.1.26.0:15104|admin:10.1.26.0:15103|client:10.1.26.0:15102|dataStream:10.1.26.0:15105|priority:1|startupRole:FOLLOWER]|listeners:[], old=null
2023-06-02 19:46:41,753 [c22c8f81-1e38-483d-9a9f-669266df5e1e@group-CE6140418515-LeaderElection18] INFO  server.RaftServerConfigKeys (ConfUtils.java:logFallback(53)) - raft.server.rpc.first-election.timeout.min = 5s (fallback to raft.server.rpc.timeout.min)
2023-06-02 19:46:41,753 [c22c8f81-1e38-483d-9a9f-669266df5e1e@group-CE6140418515-LeaderElection18] INFO  server.RaftServerConfigKeys (ConfUtils.java:logFallback(53)) - raft.server.rpc.first-election.timeout.max = 5200ms (fallback to raft.server.rpc.timeout.max)
2023-06-02 19:46:41,755 [grpc-default-executor-2] INFO  server.RaftServer$Division (RaftServerImpl.java:requestVote(1302)) - 93e73215-cf0c-4899-893f-1e32053e8cf3@group-CE6140418515: receive requestVote(ELECTION, c22c8f81-1e38-483d-9a9f-669266df5e1e, group-CE6140418515, 1, (t:0, i:0))
2023-06-02 19:46:41,755 [grpc-default-executor-1] INFO  server.RaftServer$Division (RaftServerImpl.java:requestVote(1302)) - a3512fa8-98cf-431f-8bbe-512df84cf246@group-CE6140418515: receive requestVote(ELECTION, c22c8f81-1e38-483d-9a9f-669266df5e1e, group-CE6140418515, 1, (t:0, i:0))
2023-06-02 19:46:41,755 [grpc-default-executor-2] INFO  impl.VoteContext (VoteContext.java:log(49)) - 93e73215-cf0c-4899-893f-1e32053e8cf3@group-CE6140418515-FOLLOWER: accept ELECTION from c22c8f81-1e38-483d-9a9f-669266df5e1e: our priority 0 <= candidate's priority 1
2023-06-02 19:46:41,756 [grpc-default-executor-2] INFO  server.RaftServer$Division (RaftServerImpl.java:setRole(329)) - 93e73215-cf0c-4899-893f-1e32053e8cf3@group-CE6140418515: changes role from  FOLLOWER to FOLLOWER at term 1 for candidate:c22c8f81-1e38-483d-9a9f-669266df5e1e
2023-06-02 19:46:41,756 [grpc-default-executor-2] INFO  impl.RoleInfo (RoleInfo.java:shutdownFollowerState(110)) - 93e73215-cf0c-4899-893f-1e32053e8cf3: shutdown 93e73215-cf0c-4899-893f-1e32053e8cf3@group-CE6140418515-FollowerState
2023-06-02 19:46:41,756 [grpc-default-executor-1] INFO  impl.VoteContext (VoteContext.java:log(49)) - a3512fa8-98cf-431f-8bbe-512df84cf246@group-CE6140418515-FOLLOWER: accept ELECTION from c22c8f81-1e38-483d-9a9f-669266df5e1e: our priority 0 <= candidate's priority 1
2023-06-02 19:46:41,756 [grpc-default-executor-1] INFO  server.RaftServer$Division (RaftServerImpl.java:setRole(329)) - a3512fa8-98cf-431f-8bbe-512df84cf246@group-CE6140418515: changes role from  FOLLOWER to FOLLOWER at term 1 for candidate:c22c8f81-1e38-483d-9a9f-669266df5e1e
2023-06-02 19:46:41,756 [grpc-default-executor-1] INFO  impl.RoleInfo (RoleInfo.java:shutdownFollowerState(110)) - a3512fa8-98cf-431f-8bbe-512df84cf246: shutdown a3512fa8-98cf-431f-8bbe-512df84cf246@group-CE6140418515-FollowerState
2023-06-02 19:46:41,756 [a3512fa8-98cf-431f-8bbe-512df84cf246@group-CE6140418515-FollowerState] INFO  impl.FollowerState (FollowerState.java:run(152)) - a3512fa8-98cf-431f-8bbe-512df84cf246@group-CE6140418515-FollowerState was interrupted
2023-06-02 19:46:41,756 [grpc-default-executor-2] INFO  impl.RoleInfo (RoleInfo.java:updateAndGet(139)) - 93e73215-cf0c-4899-893f-1e32053e8cf3: start 93e73215-cf0c-4899-893f-1e32053e8cf3@group-CE6140418515-FollowerState
2023-06-02 19:46:41,756 [grpc-default-executor-1] INFO  impl.RoleInfo (RoleInfo.java:updateAndGet(139)) - a3512fa8-98cf-431f-8bbe-512df84cf246: start a3512fa8-98cf-431f-8bbe-512df84cf246@group-CE6140418515-FollowerState
2023-06-02 19:46:41,756 [93e73215-cf0c-4899-893f-1e32053e8cf3@group-CE6140418515-FollowerState] INFO  impl.FollowerState (FollowerState.java:run(152)) - 93e73215-cf0c-4899-893f-1e32053e8cf3@group-CE6140418515-FollowerState was interrupted
2023-06-02 19:46:41,760 [grpc-default-executor-1] INFO  server.RaftServer$Division (RaftServerImpl.java:requestVote(1335)) - a3512fa8-98cf-431f-8bbe-512df84cf246@group-CE6140418515 replies to ELECTION vote request: c22c8f81-1e38-483d-9a9f-669266df5e1e<-a3512fa8-98cf-431f-8bbe-512df84cf246#0:OK-t1. Peer's state: a3512fa8-98cf-431f-8bbe-512df84cf246@group-CE6140418515:t1, leader=null, voted=c22c8f81-1e38-483d-9a9f-669266df5e1e, raftlog=Memoized:a3512fa8-98cf-431f-8bbe-512df84cf246@group-CE6140418515-SegmentedRaftLog:OPENED:c-1, conf=-1: peers:[93e73215-cf0c-4899-893f-1e32053e8cf3|rpc:10.1.26.0:15095|admin:10.1.26.0:15094|client:10.1.26.0:15093|dataStream:10.1.26.0:15096|priority:0|startupRole:FOLLOWER, a3512fa8-98cf-431f-8bbe-512df84cf246|rpc:10.1.26.0:15113|admin:10.1.26.0:15112|client:10.1.26.0:15111|dataStream:10.1.26.0:15114|priority:0|startupRole:FOLLOWER, c22c8f81-1e38-483d-9a9f-669266df5e1e|rpc:10.1.26.0:15104|admin:10.1.26.0:15103|client:10.1.26.0:15102|dataStream:10.1.26.0:15105|priority:1|startupRole:FOLLOWER]|listeners:[], old=null
2023-06-02 19:46:41,760 [grpc-default-executor-2] INFO  server.RaftServer$Division (RaftServerImpl.java:requestVote(1335)) - 93e73215-cf0c-4899-893f-1e32053e8cf3@group-CE6140418515 replies to ELECTION vote request: c22c8f81-1e38-483d-9a9f-669266df5e1e<-93e73215-cf0c-4899-893f-1e32053e8cf3#0:OK-t1. Peer's state: 93e73215-cf0c-4899-893f-1e32053e8cf3@group-CE6140418515:t1, leader=null, voted=c22c8f81-1e38-483d-9a9f-669266df5e1e, raftlog=Memoized:93e73215-cf0c-4899-893f-1e32053e8cf3@group-CE6140418515-SegmentedRaftLog:OPENED:c-1, conf=-1: peers:[93e73215-cf0c-4899-893f-1e32053e8cf3|rpc:10.1.26.0:15095|admin:10.1.26.0:15094|client:10.1.26.0:15093|dataStream:10.1.26.0:15096|priority:0|startupRole:FOLLOWER, a3512fa8-98cf-431f-8bbe-512df84cf246|rpc:10.1.26.0:15113|admin:10.1.26.0:15112|client:10.1.26.0:15111|dataStream:10.1.26.0:15114|priority:0|startupRole:FOLLOWER, c22c8f81-1e38-483d-9a9f-669266df5e1e|rpc:10.1.26.0:15104|admin:10.1.26.0:15103|client:10.1.26.0:15102|dataStream:10.1.26.0:15105|priority:1|startupRole:FOLLOWER]|listeners:[], old=null
2023-06-02 19:46:41,761 [c22c8f81-1e38-483d-9a9f-669266df5e1e@group-CE6140418515-LeaderElection18] INFO  impl.LeaderElection (LeaderElection.java:logAndReturn(90)) - c22c8f81-1e38-483d-9a9f-669266df5e1e@group-CE6140418515-LeaderElection18: ELECTION PASSED received 1 response(s) and 0 exception(s):
2023-06-02 19:46:41,761 [c22c8f81-1e38-483d-9a9f-669266df5e1e@group-CE6140418515-LeaderElection18] INFO  impl.LeaderElection (LeaderElection.java:logAndReturn(94)) -   Response 0: c22c8f81-1e38-483d-9a9f-669266df5e1e<-a3512fa8-98cf-431f-8bbe-512df84cf246#0:OK-t1
2023-06-02 19:46:41,761 [c22c8f81-1e38-483d-9a9f-669266df5e1e@group-CE6140418515-LeaderElection18] INFO  impl.LeaderElection (LeaderElection.java:askForVotes(323)) - c22c8f81-1e38-483d-9a9f-669266df5e1e@group-CE6140418515-LeaderElection18 ELECTION round 0: result PASSED
2023-06-02 19:46:41,762 [c22c8f81-1e38-483d-9a9f-669266df5e1e@group-CE6140418515-LeaderElection18] INFO  impl.RoleInfo (RoleInfo.java:shutdownLeaderElection(130)) - c22c8f81-1e38-483d-9a9f-669266df5e1e: shutdown c22c8f81-1e38-483d-9a9f-669266df5e1e@group-CE6140418515-LeaderElection18
2023-06-02 19:46:41,762 [c22c8f81-1e38-483d-9a9f-669266df5e1e@group-CE6140418515-LeaderElection18] INFO  server.RaftServer$Division (RaftServerImpl.java:setRole(329)) - c22c8f81-1e38-483d-9a9f-669266df5e1e@group-CE6140418515: changes role from CANDIDATE to LEADER at term 1 for changeToLeader
2023-06-02 19:46:41,762 [c22c8f81-1e38-483d-9a9f-669266df5e1e@group-CE6140418515-LeaderElection18] INFO  ratis.XceiverServerRatis (XceiverServerRatis.java:handleLeaderChangedNotification(902)) - Leader change notification received for group: group-CE6140418515 with new leaderId: c22c8f81-1e38-483d-9a9f-669266df5e1e
2023-06-02 19:46:41,762 [c22c8f81-1e38-483d-9a9f-669266df5e1e@group-CE6140418515-LeaderElection18] INFO  server.RaftServer$Division (ServerState.java:setLeader(317)) - c22c8f81-1e38-483d-9a9f-669266df5e1e@group-CE6140418515: change Leader from null to c22c8f81-1e38-483d-9a9f-669266df5e1e at term 1 for becomeLeader, leader elected after 5765ms
2023-06-02 19:46:41,762 [c22c8f81-1e38-483d-9a9f-669266df5e1e@group-CE6140418515-LeaderElection18] INFO  server.RaftServerConfigKeys (ConfUtils.java:logGet(46)) - raft.server.staging.catchup.gap = 1000 (default)
2023-06-02 19:46:41,762 [c22c8f81-1e38-483d-9a9f-669266df5e1e@group-CE6140418515-LeaderElection18] INFO  server.RaftServerConfigKeys (ConfUtils.java:logGet(46)) - raft.server.write.element-limit = 1024 (custom)
2023-06-02 19:46:41,762 [c22c8f81-1e38-483d-9a9f-669266df5e1e@group-CE6140418515-LeaderElection18] INFO  server.RaftServerConfigKeys (ConfUtils.java:logGet(46)) - raft.server.write.byte-limit = 1024 M (=1073741824) (custom)
2023-06-02 19:46:41,763 [c22c8f81-1e38-483d-9a9f-669266df5e1e@group-CE6140418515-LeaderElection18] INFO  server.RaftServerConfigKeys (ConfUtils.java:logGet(46)) - raft.server.watch.timeout = 180s (custom)
2023-06-02 19:46:41,763 [c22c8f81-1e38-483d-9a9f-669266df5e1e@group-CE6140418515-LeaderElection18] INFO  server.RaftServerConfigKeys (ConfUtils.java:logGet(46)) - raft.server.watch.timeout.denomination = 1s (default)
2023-06-02 19:46:41,763 [c22c8f81-1e38-483d-9a9f-669266df5e1e@group-CE6140418515-LeaderElection18] INFO  server.RaftServerConfigKeys (ConfUtils.java:logGet(46)) - raft.server.watch.element-limit = 65536 (default)
2023-06-02 19:46:41,763 [c22c8f81-1e38-483d-9a9f-669266df5e1e@group-CE6140418515-LeaderElection18] INFO  server.RaftServerConfigKeys (ConfUtils.java:logGet(46)) - raft.server.write.element-limit = 1024 (custom)
2023-06-02 19:46:41,763 [c22c8f81-1e38-483d-9a9f-669266df5e1e@group-CE6140418515-LeaderElection18] INFO  server.RaftServerConfigKeys (ConfUtils.java:logGet(46)) - raft.server.write.follower.gap.ratio.max = -1.0 (default)
2023-06-02 19:46:41,763 [c22c8f81-1e38-483d-9a9f-669266df5e1e@group-CE6140418515-LeaderElection18] INFO  server.RaftServerConfigKeys (ConfUtils.java:logGet(46)) - raft.server.log.appender.snapshot.chunk.size.max = 16MB (=16777216) (default)
2023-06-02 19:46:41,764 [c22c8f81-1e38-483d-9a9f-669266df5e1e@group-CE6140418515-LeaderElection18] INFO  server.RaftServerConfigKeys (ConfUtils.java:logGet(46)) - raft.server.log.appender.buffer.byte-limit = 33554432 (custom)
2023-06-02 19:46:41,764 [c22c8f81-1e38-483d-9a9f-669266df5e1e@group-CE6140418515-LeaderElection18] INFO  server.RaftServerConfigKeys (ConfUtils.java:logGet(46)) - raft.server.log.appender.buffer.element-limit = 1 (custom)
2023-06-02 19:46:41,764 [c22c8f81-1e38-483d-9a9f-669266df5e1e@group-CE6140418515-LeaderElection18] INFO  server.RaftServerConfigKeys (ConfUtils.java:logGet(46)) - raft.server.log.appender.wait-time.min = 10ms (default)
2023-06-02 19:46:41,764 [c22c8f81-1e38-483d-9a9f-669266df5e1e@group-CE6140418515-LeaderElection18] INFO  grpc.GrpcConfigKeys (ConfUtils.java:logGet(46)) - raft.grpc.server.leader.outstanding.appends.max = 128 (default)
2023-06-02 19:46:41,764 [c22c8f81-1e38-483d-9a9f-669266df5e1e@group-CE6140418515-LeaderElection18] INFO  server.RaftServerConfigKeys (ConfUtils.java:logGet(46)) - raft.server.rpc.request.timeout = 60s (custom)
2023-06-02 19:46:41,764 [c22c8f81-1e38-483d-9a9f-669266df5e1e@group-CE6140418515-LeaderElection18] INFO  grpc.GrpcConfigKeys (ConfUtils.java:logGet(46)) - raft.grpc.server.install_snapshot.request.element-limit = 8 (default)
2023-06-02 19:46:41,764 [c22c8f81-1e38-483d-9a9f-669266df5e1e@group-CE6140418515-LeaderElection18] INFO  grpc.GrpcConfigKeys (ConfUtils.java:logGet(46)) - raft.grpc.server.install_snapshot.request.timeout = 3000ms (default)
2023-06-02 19:46:41,764 [c22c8f81-1e38-483d-9a9f-669266df5e1e@group-CE6140418515-LeaderElection18] INFO  server.RaftServerConfigKeys (ConfUtils.java:logGet(46)) - raft.server.log.appender.install.snapshot.enabled = false (custom)
2023-06-02 19:46:41,764 [c22c8f81-1e38-483d-9a9f-669266df5e1e@group-CE6140418515-LeaderElection18] INFO  grpc.GrpcConfigKeys (ConfUtils.java:logGet(46)) - raft.grpc.server.heartbeat.channel = true (default)
2023-06-02 19:46:41,765 [c22c8f81-1e38-483d-9a9f-669266df5e1e@group-CE6140418515-LeaderElection18] INFO  server.RaftServerConfigKeys (ConfUtils.java:logGet(46)) - raft.server.log.appender.snapshot.chunk.size.max = 16MB (=16777216) (default)
2023-06-02 19:46:41,765 [c22c8f81-1e38-483d-9a9f-669266df5e1e@group-CE6140418515-LeaderElection18] INFO  server.RaftServerConfigKeys (ConfUtils.java:logGet(46)) - raft.server.log.appender.buffer.byte-limit = 33554432 (custom)
2023-06-02 19:46:41,765 [c22c8f81-1e38-483d-9a9f-669266df5e1e@group-CE6140418515-LeaderElection18] INFO  server.RaftServerConfigKeys (ConfUtils.java:logGet(46)) - raft.server.log.appender.buffer.element-limit = 1 (custom)
2023-06-02 19:46:41,765 [c22c8f81-1e38-483d-9a9f-669266df5e1e@group-CE6140418515-LeaderElection18] INFO  server.RaftServerConfigKeys (ConfUtils.java:logGet(46)) - raft.server.log.appender.wait-time.min = 10ms (default)
2023-06-02 19:46:41,765 [c22c8f81-1e38-483d-9a9f-669266df5e1e@group-CE6140418515-LeaderElection18] INFO  grpc.GrpcConfigKeys (ConfUtils.java:logGet(46)) - raft.grpc.server.leader.outstanding.appends.max = 128 (default)
2023-06-02 19:46:41,765 [c22c8f81-1e38-483d-9a9f-669266df5e1e@group-CE6140418515-LeaderElection18] INFO  server.RaftServerConfigKeys (ConfUtils.java:logGet(46)) - raft.server.rpc.request.timeout = 60s (custom)
2023-06-02 19:46:41,765 [c22c8f81-1e38-483d-9a9f-669266df5e1e@group-CE6140418515-LeaderElection18] INFO  grpc.GrpcConfigKeys (ConfUtils.java:logGet(46)) - raft.grpc.server.install_snapshot.request.element-limit = 8 (default)
2023-06-02 19:46:41,765 [c22c8f81-1e38-483d-9a9f-669266df5e1e@group-CE6140418515-LeaderElection18] INFO  grpc.GrpcConfigKeys (ConfUtils.java:logGet(46)) - raft.grpc.server.install_snapshot.request.timeout = 3000ms (default)
2023-06-02 19:46:41,765 [c22c8f81-1e38-483d-9a9f-669266df5e1e@group-CE6140418515-LeaderElection18] INFO  server.RaftServerConfigKeys (ConfUtils.java:logGet(46)) - raft.server.log.appender.install.snapshot.enabled = false (custom)
2023-06-02 19:46:41,765 [c22c8f81-1e38-483d-9a9f-669266df5e1e@group-CE6140418515-LeaderElection18] INFO  grpc.GrpcConfigKeys (ConfUtils.java:logGet(46)) - raft.grpc.server.heartbeat.channel = true (default)
2023-06-02 19:46:41,765 [c22c8f81-1e38-483d-9a9f-669266df5e1e@group-CE6140418515-LeaderElection18] INFO  impl.RoleInfo (RoleInfo.java:updateAndGet(139)) - c22c8f81-1e38-483d-9a9f-669266df5e1e: start c22c8f81-1e38-483d-9a9f-669266df5e1e@group-CE6140418515-LeaderStateImpl
2023-06-02 19:46:41,766 [c22c8f81-1e38-483d-9a9f-669266df5e1e@group-CE6140418515-LeaderElection18] INFO  segmented.SegmentedRaftLogWorker (SegmentedRaftLogWorker.java:startLogSegment(447)) - c22c8f81-1e38-483d-9a9f-669266df5e1e@group-CE6140418515-SegmentedRaftLogWorker: Starting segment from index:0
2023-06-02 19:46:41,767 [EventQueue-PipelineReportForPipelineReportHandler] INFO  pipeline.PipelineManagerImpl (PipelineManagerImpl.java:openPipeline(367)) - Pipeline Pipeline[ Id: 2096249e-224b-436c-9463-ce6140418515, Nodes: a3512fa8-98cf-431f-8bbe-512df84cf246(fv-az459-618.msq0az1vewme3jsxyslsv0htic.jx.internal.cloudapp.net/10.1.26.0)c22c8f81-1e38-483d-9a9f-669266df5e1e(fv-az459-618.msq0az1vewme3jsxyslsv0htic.jx.internal.cloudapp.net/10.1.26.0)93e73215-cf0c-4899-893f-1e32053e8cf3(fv-az459-618.msq0az1vewme3jsxyslsv0htic.jx.internal.cloudapp.net/10.1.26.0), ReplicationConfig: RATIS/THREE, State:ALLOCATED, leaderId:c22c8f81-1e38-483d-9a9f-669266df5e1e, CreationTimestamp2023-06-02T19:46:33.870Z[Etc/UTC]] moved to OPEN state
2023-06-02 19:46:41,768 [c22c8f81-1e38-483d-9a9f-669266df5e1e@group-CE6140418515-SegmentedRaftLogWorker] INFO  segmented.SegmentedRaftLogWorker (SegmentedRaftLogWorker.java:execute(651)) - c22c8f81-1e38-483d-9a9f-669266df5e1e@group-CE6140418515-SegmentedRaftLogWorker: created new log segment /home/runner/work/ozone/ozone/hadoop-ozone/integration-test/target/test-dir/MiniOzoneClusterImpl-e4789928-4fd4-479e-857e-ac334458de01/datanode-10/data/ratis/2096249e-224b-436c-9463-ce6140418515/current/log_inprogress_0
2023-06-02 19:46:41,774 [c22c8f81-1e38-483d-9a9f-669266df5e1e@group-CE6140418515-LeaderElection18] INFO  server.RaftServer$Division (ServerState.java:setRaftConf(434)) - c22c8f81-1e38-483d-9a9f-669266df5e1e@group-CE6140418515: set configuration 0: peers:[93e73215-cf0c-4899-893f-1e32053e8cf3|rpc:10.1.26.0:15095|admin:10.1.26.0:15094|client:10.1.26.0:15093|dataStream:10.1.26.0:15096|priority:0|startupRole:FOLLOWER, a3512fa8-98cf-431f-8bbe-512df84cf246|rpc:10.1.26.0:15113|admin:10.1.26.0:15112|client:10.1.26.0:15111|dataStream:10.1.26.0:15114|priority:0|startupRole:FOLLOWER, c22c8f81-1e38-483d-9a9f-669266df5e1e|rpc:10.1.26.0:15104|admin:10.1.26.0:15103|client:10.1.26.0:15102|dataStream:10.1.26.0:15105|priority:1|startupRole:FOLLOWER]|listeners:[], old=null
2023-06-02 19:46:41,776 [93e73215-cf0c-4899-893f-1e32053e8cf3-server-thread1] INFO  ratis.XceiverServerRatis (XceiverServerRatis.java:handleLeaderChangedNotification(902)) - Leader change notification received for group: group-CE6140418515 with new leaderId: c22c8f81-1e38-483d-9a9f-669266df5e1e
2023-06-02 19:46:41,776 [93e73215-cf0c-4899-893f-1e32053e8cf3-server-thread1] INFO  server.RaftServer$Division (ServerState.java:setLeader(317)) - 93e73215-cf0c-4899-893f-1e32053e8cf3@group-CE6140418515: change Leader from null to c22c8f81-1e38-483d-9a9f-669266df5e1e at term 1 for appendEntries, leader elected after 5881ms
2023-06-02 19:46:41,781 [a3512fa8-98cf-431f-8bbe-512df84cf246-server-thread1] INFO  ratis.XceiverServerRatis (XceiverServerRatis.java:handleLeaderChangedNotification(902)) - Leader change notification received for group: group-CE6140418515 with new leaderId: c22c8f81-1e38-483d-9a9f-669266df5e1e
2023-06-02 19:46:41,781 [a3512fa8-98cf-431f-8bbe-512df84cf246-server-thread1] INFO  server.RaftServer$Division (ServerState.java:setLeader(317)) - a3512fa8-98cf-431f-8bbe-512df84cf246@group-CE6140418515: change Leader from null to c22c8f81-1e38-483d-9a9f-669266df5e1e at term 1 for appendEntries, leader elected after 5845ms
2023-06-02 19:46:41,784 [93e73215-cf0c-4899-893f-1e32053e8cf3-server-thread2] INFO  server.RaftServer$Division (ServerState.java:setRaftConf(434)) - 93e73215-cf0c-4899-893f-1e32053e8cf3@group-CE6140418515: set configuration 0: peers:[93e73215-cf0c-4899-893f-1e32053e8cf3|rpc:10.1.26.0:15095|admin:10.1.26.0:15094|client:10.1.26.0:15093|dataStream:10.1.26.0:15096|priority:0|startupRole:FOLLOWER, a3512fa8-98cf-431f-8bbe-512df84cf246|rpc:10.1.26.0:15113|admin:10.1.26.0:15112|client:10.1.26.0:15111|dataStream:10.1.26.0:15114|priority:0|startupRole:FOLLOWER, c22c8f81-1e38-483d-9a9f-669266df5e1e|rpc:10.1.26.0:15104|admin:10.1.26.0:15103|client:10.1.26.0:15102|dataStream:10.1.26.0:15105|priority:1|startupRole:FOLLOWER]|listeners:[], old=null
2023-06-02 19:46:41,784 [93e73215-cf0c-4899-893f-1e32053e8cf3-server-thread2] INFO  segmented.SegmentedRaftLogWorker (SegmentedRaftLogWorker.java:startLogSegment(447)) - 93e73215-cf0c-4899-893f-1e32053e8cf3@group-CE6140418515-SegmentedRaftLogWorker: Starting segment from index:0
2023-06-02 19:46:41,790 [93e73215-cf0c-4899-893f-1e32053e8cf3@group-CE6140418515-SegmentedRaftLogWorker] INFO  segmented.SegmentedRaftLogWorker (SegmentedRaftLogWorker.java:execute(651)) - 93e73215-cf0c-4899-893f-1e32053e8cf3@group-CE6140418515-SegmentedRaftLogWorker: created new log segment /home/runner/work/ozone/ozone/hadoop-ozone/integration-test/target/test-dir/MiniOzoneClusterImpl-e4789928-4fd4-479e-857e-ac334458de01/datanode-9/data/ratis/2096249e-224b-436c-9463-ce6140418515/current/log_inprogress_0
2023-06-02 19:46:41,791 [a3512fa8-98cf-431f-8bbe-512df84cf246-server-thread1] INFO  server.RaftServer$Division (ServerState.java:setRaftConf(434)) - a3512fa8-98cf-431f-8bbe-512df84cf246@group-CE6140418515: set configuration 0: peers:[93e73215-cf0c-4899-893f-1e32053e8cf3|rpc:10.1.26.0:15095|admin:10.1.26.0:15094|client:10.1.26.0:15093|dataStream:10.1.26.0:15096|priority:0|startupRole:FOLLOWER, a3512fa8-98cf-431f-8bbe-512df84cf246|rpc:10.1.26.0:15113|admin:10.1.26.0:15112|client:10.1.26.0:15111|dataStream:10.1.26.0:15114|priority:0|startupRole:FOLLOWER, c22c8f81-1e38-483d-9a9f-669266df5e1e|rpc:10.1.26.0:15104|admin:10.1.26.0:15103|client:10.1.26.0:15102|dataStream:10.1.26.0:15105|priority:1|startupRole:FOLLOWER]|listeners:[], old=null
2023-06-02 19:46:41,791 [a3512fa8-98cf-431f-8bbe-512df84cf246-server-thread1] INFO  segmented.SegmentedRaftLogWorker (SegmentedRaftLogWorker.java:startLogSegment(447)) - a3512fa8-98cf-431f-8bbe-512df84cf246@group-CE6140418515-SegmentedRaftLogWorker: Starting segment from index:0
2023-06-02 19:46:41,793 [a3512fa8-98cf-431f-8bbe-512df84cf246@group-CE6140418515-SegmentedRaftLogWorker] INFO  segmented.SegmentedRaftLogWorker (SegmentedRaftLogWorker.java:execute(651)) - a3512fa8-98cf-431f-8bbe-512df84cf246@group-CE6140418515-SegmentedRaftLogWorker: created new log segment /home/runner/work/ozone/ozone/hadoop-ozone/integration-test/target/test-dir/MiniOzoneClusterImpl-e4789928-4fd4-479e-857e-ac334458de01/datanode-11/data/ratis/2096249e-224b-436c-9463-ce6140418515/current/log_inprogress_0
2023-06-02 19:46:45,592 [60ac4d22-094a-4270-8266-44944d79861e@group-80A260E51CEC-FollowerState] INFO  impl.FollowerState (FollowerState.java:run(143)) - 60ac4d22-094a-4270-8266-44944d79861e@group-80A260E51CEC-FollowerState: change to CANDIDATE, lastRpcElapsedTime:5053977883ns, electionTimeout:5052ms
2023-06-02 19:46:45,592 [60ac4d22-094a-4270-8266-44944d79861e@group-80A260E51CEC-FollowerState] INFO  impl.RoleInfo (RoleInfo.java:shutdownFollowerState(110)) - 60ac4d22-094a-4270-8266-44944d79861e: shutdown 60ac4d22-094a-4270-8266-44944d79861e@group-80A260E51CEC-FollowerState
2023-06-02 19:46:45,593 [60ac4d22-094a-4270-8266-44944d79861e@group-80A260E51CEC-FollowerState] INFO  server.RaftServer$Division (RaftServerImpl.java:setRole(329)) - 60ac4d22-094a-4270-8266-44944d79861e@group-80A260E51CEC: changes role from  FOLLOWER to CANDIDATE at term 0 for changeToCandidate
2023-06-02 19:46:45,593 [60ac4d22-094a-4270-8266-44944d79861e@group-80A260E51CEC-FollowerState] INFO  server.RaftServerConfigKeys (ConfUtils.java:logGet(46)) - raft.server.leaderelection.pre-vote = true (default)
2023-06-02 19:46:45,593 [60ac4d22-094a-4270-8266-44944d79861e@group-80A260E51CEC-FollowerState] INFO  impl.RoleInfo (RoleInfo.java:updateAndGet(139)) - 60ac4d22-094a-4270-8266-44944d79861e: start 60ac4d22-094a-4270-8266-44944d79861e@group-80A260E51CEC-LeaderElection19
2023-06-02 19:46:45,599 [60ac4d22-094a-4270-8266-44944d79861e@group-80A260E51CEC-LeaderElection19] INFO  impl.LeaderElection (LeaderElection.java:askForVotes(321)) - 60ac4d22-094a-4270-8266-44944d79861e@group-80A260E51CEC-LeaderElection19 PRE_VOTE round 0: submit vote requests at term 0 for -1: peers:[60ac4d22-094a-4270-8266-44944d79861e|rpc:10.1.26.0:15032|admin:10.1.26.0:15031|client:10.1.26.0:15030|dataStream:10.1.26.0:15033|priority:1|startupRole:FOLLOWER]|listeners:[], old=null
2023-06-02 19:46:45,599 [60ac4d22-094a-4270-8266-44944d79861e@group-80A260E51CEC-LeaderElection19] INFO  impl.LeaderElection (LeaderElection.java:askForVotes(323)) - 60ac4d22-094a-4270-8266-44944d79861e@group-80A260E51CEC-LeaderElection19 PRE_VOTE round 0: result PASSED (term=0)
2023-06-02 19:46:45,601 [60ac4d22-094a-4270-8266-44944d79861e@group-80A260E51CEC-LeaderElection19] INFO  impl.LeaderElection (LeaderElection.java:askForVotes(321)) - 60ac4d22-094a-4270-8266-44944d79861e@group-80A260E51CEC-LeaderElection19 ELECTION round 0: submit vote requests at term 1 for -1: peers:[60ac4d22-094a-4270-8266-44944d79861e|rpc:10.1.26.0:15032|admin:10.1.26.0:15031|client:10.1.26.0:15030|dataStream:10.1.26.0:15033|priority:1|startupRole:FOLLOWER]|listeners:[], old=null
2023-06-02 19:46:45,601 [60ac4d22-094a-4270-8266-44944d79861e@group-80A260E51CEC-LeaderElection19] INFO  impl.LeaderElection (LeaderElection.java:askForVotes(323)) - 60ac4d22-094a-4270-8266-44944d79861e@group-80A260E51CEC-LeaderElection19 ELECTION round 0: result PASSED (term=1)
2023-06-02 19:46:45,601 [60ac4d22-094a-4270-8266-44944d79861e@group-80A260E51CEC-LeaderElection19] INFO  impl.RoleInfo (RoleInfo.java:shutdownLeaderElection(130)) - 60ac4d22-094a-4270-8266-44944d79861e: shutdown 60ac4d22-094a-4270-8266-44944d79861e@group-80A260E51CEC-LeaderElection19
2023-06-02 19:46:45,601 [60ac4d22-094a-4270-8266-44944d79861e@group-80A260E51CEC-LeaderElection19] INFO  server.RaftServer$Division (RaftServerImpl.java:setRole(329)) - 60ac4d22-094a-4270-8266-44944d79861e@group-80A260E51CEC: changes role from CANDIDATE to LEADER at term 1 for changeToLeader
2023-06-02 19:46:45,601 [60ac4d22-094a-4270-8266-44944d79861e@group-80A260E51CEC-LeaderElection19] INFO  ratis.XceiverServerRatis (XceiverServerRatis.java:handleLeaderChangedNotification(902)) - Leader change notification received for group: group-80A260E51CEC with new leaderId: 60ac4d22-094a-4270-8266-44944d79861e
2023-06-02 19:46:45,602 [60ac4d22-094a-4270-8266-44944d79861e@group-80A260E51CEC-LeaderElection19] INFO  server.RaftServer$Division (ServerState.java:setLeader(317)) - 60ac4d22-094a-4270-8266-44944d79861e@group-80A260E51CEC: change Leader from null to 60ac4d22-094a-4270-8266-44944d79861e at term 1 for becomeLeader, leader elected after 5080ms
2023-06-02 19:46:45,602 [60ac4d22-094a-4270-8266-44944d79861e@group-80A260E51CEC-LeaderElection19] INFO  server.RaftServerConfigKeys (ConfUtils.java:logGet(46)) - raft.server.staging.catchup.gap = 1000 (default)
2023-06-02 19:46:45,603 [60ac4d22-094a-4270-8266-44944d79861e@group-80A260E51CEC-LeaderElection19] INFO  server.RaftServerConfigKeys (ConfUtils.java:logGet(46)) - raft.server.write.element-limit = 1024 (custom)
2023-06-02 19:46:45,603 [60ac4d22-094a-4270-8266-44944d79861e@group-80A260E51CEC-LeaderElection19] INFO  server.RaftServerConfigKeys (ConfUtils.java:logGet(46)) - raft.server.write.byte-limit = 1024 M (=1073741824) (custom)
2023-06-02 19:46:45,603 [60ac4d22-094a-4270-8266-44944d79861e@group-80A260E51CEC-LeaderElection19] INFO  server.RaftServerConfigKeys (ConfUtils.java:logGet(46)) - raft.server.watch.timeout = 180s (custom)
2023-06-02 19:46:45,603 [60ac4d22-094a-4270-8266-44944d79861e@group-80A260E51CEC-LeaderElection19] INFO  server.RaftServerConfigKeys (ConfUtils.java:logGet(46)) - raft.server.watch.timeout.denomination = 1s (default)
2023-06-02 19:46:45,603 [60ac4d22-094a-4270-8266-44944d79861e@group-80A260E51CEC-LeaderElection19] INFO  server.RaftServerConfigKeys (ConfUtils.java:logGet(46)) - raft.server.watch.element-limit = 65536 (default)
2023-06-02 19:46:45,603 [60ac4d22-094a-4270-8266-44944d79861e@group-80A260E51CEC-LeaderElection19] INFO  server.RaftServerConfigKeys (ConfUtils.java:logGet(46)) - raft.server.write.element-limit = 1024 (custom)
2023-06-02 19:46:45,603 [60ac4d22-094a-4270-8266-44944d79861e@group-80A260E51CEC-LeaderElection19] INFO  server.RaftServerConfigKeys (ConfUtils.java:logGet(46)) - raft.server.write.follower.gap.ratio.max = -1.0 (default)
2023-06-02 19:46:45,604 [60ac4d22-094a-4270-8266-44944d79861e@group-80A260E51CEC-LeaderElection19] INFO  impl.RoleInfo (RoleInfo.java:updateAndGet(139)) - 60ac4d22-094a-4270-8266-44944d79861e: start 60ac4d22-094a-4270-8266-44944d79861e@group-80A260E51CEC-LeaderStateImpl
2023-06-02 19:46:45,604 [60ac4d22-094a-4270-8266-44944d79861e@group-80A260E51CEC-LeaderElection19] INFO  segmented.SegmentedRaftLogWorker (SegmentedRaftLogWorker.java:startLogSegment(447)) - 60ac4d22-094a-4270-8266-44944d79861e@group-80A260E51CEC-SegmentedRaftLogWorker: Starting segment from index:0
2023-06-02 19:46:45,605 [60ac4d22-094a-4270-8266-44944d79861e@group-80A260E51CEC-LeaderElection19] INFO  server.RaftServer$Division (ServerState.java:setRaftConf(434)) - 60ac4d22-094a-4270-8266-44944d79861e@group-80A260E51CEC: set configuration 0: peers:[60ac4d22-094a-4270-8266-44944d79861e|rpc:10.1.26.0:15032|admin:10.1.26.0:15031|client:10.1.26.0:15030|dataStream:10.1.26.0:15033|priority:1|startupRole:FOLLOWER]|listeners:[], old=null
2023-06-02 19:46:45,605 [60ac4d22-094a-4270-8266-44944d79861e@group-80A260E51CEC-SegmentedRaftLogWorker] INFO  segmented.SegmentedRaftLogWorker (SegmentedRaftLogWorker.java:execute(651)) - 60ac4d22-094a-4270-8266-44944d79861e@group-80A260E51CEC-SegmentedRaftLogWorker: created new log segment /home/runner/work/ozone/ozone/hadoop-ozone/integration-test/target/test-dir/MiniOzoneClusterImpl-e4789928-4fd4-479e-857e-ac334458de01/datanode-2/data/ratis/e688934b-2b4d-4cc0-b470-80a260e51cec/current/log_inprogress_0
]]></system-out>
  </testcase>
  <testcase name="bucketUsedBytesOverWrite(BucketLayout)[2]" classname="org.apache.hadoop.ozone.client.rpc.TestOzoneRpcClientWithRatis" time="0.11">
    <system-out><![CDATA[2023-06-02 19:46:55,345 [main] INFO  rpc.RpcClient (RpcClient.java:createVolume(459)) - Creating Volume: e3dc3be4-63a3-4c69-b5e0-aa0c52aa5fc1, with runner as owner and space quota set to -1 bytes, counts quota set to -1
2023-06-02 19:46:55,349 [OM StateMachine ApplyTransaction Thread - 0] INFO  volume.OMVolumeCreateRequest (OMVolumeCreateRequest.java:validateAndUpdateCache(196)) - created volume:e3dc3be4-63a3-4c69-b5e0-aa0c52aa5fc1 for user:runner
2023-06-02 19:46:55,352 [main] INFO  rpc.RpcClient (RpcClient.java:createBucket(686)) - Creating Bucket: e3dc3be4-63a3-4c69-b5e0-aa0c52aa5fc1/9912acab-fa41-41a3-b70a-bd20a7e3af3f, with bucket layout LEGACY, runner as owner, Versioning true, Storage Type set to DISK and Encryption set to false, Replication Type set to server-side default replication type, Namespace Quota set to -1, Space Quota set to -1 
2023-06-02 19:46:55,356 [OM StateMachine ApplyTransaction Thread - 0] INFO  bucket.OMBucketCreateRequest (OMBucketCreateRequest.java:validateAndUpdateCache(270)) - created bucket: 9912acab-fa41-41a3-b70a-bd20a7e3af3f of layout LEGACY in volume: e3dc3be4-63a3-4c69-b5e0-aa0c52aa5fc1
]]></system-out>
  </testcase>
  <testcase name="bucketUsedBytesOverWrite(BucketLayout)[3]" classname="org.apache.hadoop.ozone.client.rpc.TestOzoneRpcClientWithRatis" time="0.131">
    <system-out><![CDATA[2023-06-02 19:46:55,462 [main] INFO  rpc.RpcClient (RpcClient.java:createVolume(459)) - Creating Volume: eb127ae8-0de9-4eb0-8509-93b2a4eb5974, with runner as owner and space quota set to -1 bytes, counts quota set to -1
2023-06-02 19:46:55,466 [OM StateMachine ApplyTransaction Thread - 0] INFO  volume.OMVolumeCreateRequest (OMVolumeCreateRequest.java:validateAndUpdateCache(196)) - created volume:eb127ae8-0de9-4eb0-8509-93b2a4eb5974 for user:runner
2023-06-02 19:46:55,473 [main] INFO  rpc.RpcClient (RpcClient.java:createBucket(686)) - Creating Bucket: eb127ae8-0de9-4eb0-8509-93b2a4eb5974/1360eb77-70cb-4b00-8db7-f0869f52df9e, with bucket layout FILE_SYSTEM_OPTIMIZED, runner as owner, Versioning true, Storage Type set to DISK and Encryption set to false, Replication Type set to server-side default replication type, Namespace Quota set to -1, Space Quota set to -1 
2023-06-02 19:46:55,477 [OM StateMachine ApplyTransaction Thread - 0] INFO  bucket.OMBucketCreateRequest (OMBucketCreateRequest.java:validateAndUpdateCache(270)) - created bucket: 1360eb77-70cb-4b00-8db7-f0869f52df9e of layout FILE_SYSTEM_OPTIMIZED in volume: eb127ae8-0de9-4eb0-8509-93b2a4eb5974
]]></system-out>
  </testcase>
  <testcase name="testAbortUploadFail" classname="org.apache.hadoop.ozone.client.rpc.TestOzoneRpcClientWithRatis" time="0.05">
    <system-out><![CDATA[2023-06-02 19:46:55,589 [main] INFO  rpc.RpcClient (RpcClient.java:createVolume(459)) - Creating Volume: 36f85713-0ca9-404b-85ee-be897a05eaa4, with runner as owner and space quota set to -1 bytes, counts quota set to -1
2023-06-02 19:46:55,593 [OM StateMachine ApplyTransaction Thread - 0] INFO  volume.OMVolumeCreateRequest (OMVolumeCreateRequest.java:validateAndUpdateCache(196)) - created volume:36f85713-0ca9-404b-85ee-be897a05eaa4 for user:runner
2023-06-02 19:46:55,595 [main] INFO  rpc.RpcClient (RpcClient.java:createBucket(686)) - Creating Bucket: 36f85713-0ca9-404b-85ee-be897a05eaa4/17262199-13e2-4418-8ad8-bfebd9675770, with server-side default bucket layout, runner as owner, Versioning false, Storage Type set to DISK and Encryption set to false, Replication Type set to server-side default replication type, Namespace Quota set to -1, Space Quota set to -1 
2023-06-02 19:46:55,599 [OM StateMachine ApplyTransaction Thread - 0] INFO  bucket.OMBucketCreateRequest (OMBucketCreateRequest.java:validateAndUpdateCache(270)) - created bucket: 17262199-13e2-4418-8ad8-bfebd9675770 of layout FILE_SYSTEM_OPTIMIZED in volume: 36f85713-0ca9-404b-85ee-be897a05eaa4
19:46:55.616 [OM StateMachine ApplyTransaction Thread - 0] ERROR OMAudit - user=runner | ip=127.0.0.1 | op=ABORT_MULTIPART_UPLOAD {volume=36f85713-0ca9-404b-85ee-be897a05eaa4, bucket=17262199-13e2-4418-8ad8-bfebd9675770, key=e3140967-8cd3-43e3-ae87-5fc49b8005f9, dataSize=0, replicationType=NONE, replicationFactor=ZERO} | ret=FAILURE
org.apache.hadoop.ozone.om.exceptions.OMException: Abort Multipart Upload Failed: volume: 36f85713-0ca9-404b-85ee-be897a05eaa4bucket: 17262199-13e2-4418-8ad8-bfebd9675770key: e3140967-8cd3-43e3-ae87-5fc49b8005f9
	at org.apache.hadoop.ozone.om.request.s3.multipart.S3MultipartUploadAbortRequest.validateAndUpdateCache(S3MultipartUploadAbortRequest.java:159) ~[ozone-manager-1.4.0-SNAPSHOT.jar:?]
	at org.apache.hadoop.ozone.protocolPB.OzoneManagerRequestHandler.handleWriteRequest(OzoneManagerRequestHandler.java:338) ~[ozone-manager-1.4.0-SNAPSHOT.jar:?]
	at org.apache.hadoop.ozone.om.ratis.OzoneManagerStateMachine.runCommand(OzoneManagerStateMachine.java:567) ~[ozone-manager-1.4.0-SNAPSHOT.jar:?]
	at org.apache.hadoop.ozone.om.ratis.OzoneManagerStateMachine.lambda$1(OzoneManagerStateMachine.java:358) ~[ozone-manager-1.4.0-SNAPSHOT.jar:?]
	at java.util.concurrent.CompletableFuture$AsyncSupply.run(CompletableFuture.java:1604) [?:1.8.0_372]
	at java.util.concurrent.ThreadPoolExecutor.runWorker(ThreadPoolExecutor.java:1149) [?:1.8.0_372]
	at java.util.concurrent.ThreadPoolExecutor$Worker.run(ThreadPoolExecutor.java:624) [?:1.8.0_372]
	at java.lang.Thread.run(Thread.java:750) [?:1.8.0_372]
2023-06-02 19:46:55,636 [OM StateMachine ApplyTransaction Thread - 0] ERROR multipart.S3MultipartUploadAbortRequest (S3MultipartUploadAbortRequest.java:validateAndUpdateCache(218)) - Abort Multipart request is failed for KeyName e3140967-8cd3-43e3-ae87-5fc49b8005f9 in VolumeName/Bucket 36f85713-0ca9-404b-85ee-be897a05eaa4/17262199-13e2-4418-8ad8-bfebd9675770
NO_SUCH_MULTIPART_UPLOAD_ERROR org.apache.hadoop.ozone.om.exceptions.OMException: Abort Multipart Upload Failed: volume: 36f85713-0ca9-404b-85ee-be897a05eaa4bucket: 17262199-13e2-4418-8ad8-bfebd9675770key: e3140967-8cd3-43e3-ae87-5fc49b8005f9
	at org.apache.hadoop.ozone.om.request.s3.multipart.S3MultipartUploadAbortRequest.validateAndUpdateCache(S3MultipartUploadAbortRequest.java:159)
	at org.apache.hadoop.ozone.protocolPB.OzoneManagerRequestHandler.handleWriteRequest(OzoneManagerRequestHandler.java:338)
	at org.apache.hadoop.ozone.om.ratis.OzoneManagerStateMachine.runCommand(OzoneManagerStateMachine.java:567)
	at org.apache.hadoop.ozone.om.ratis.OzoneManagerStateMachine.lambda$1(OzoneManagerStateMachine.java:358)
	at java.util.concurrent.CompletableFuture$AsyncSupply.run(CompletableFuture.java:1604)
	at java.util.concurrent.ThreadPoolExecutor.runWorker(ThreadPoolExecutor.java:1149)
	at java.util.concurrent.ThreadPoolExecutor$Worker.run(ThreadPoolExecutor.java:624)
	at java.lang.Thread.run(Thread.java:750)
]]></system-out>
  </testcase>
  <testcase name="testAbortUploadFailWithInProgressPartUpload" classname="org.apache.hadoop.ozone.client.rpc.TestOzoneRpcClientWithRatis" time="0.186">
    <system-out><![CDATA[2023-06-02 19:46:55,639 [main] INFO  rpc.RpcClient (RpcClient.java:createVolume(459)) - Creating Volume: ad6c003b-fc06-4659-90bb-e74fef6d9719, with runner as owner and space quota set to -1 bytes, counts quota set to -1
2023-06-02 19:46:55,648 [OM StateMachine ApplyTransaction Thread - 0] INFO  volume.OMVolumeCreateRequest (OMVolumeCreateRequest.java:validateAndUpdateCache(196)) - created volume:ad6c003b-fc06-4659-90bb-e74fef6d9719 for user:runner
2023-06-02 19:46:55,651 [main] INFO  rpc.RpcClient (RpcClient.java:createBucket(686)) - Creating Bucket: ad6c003b-fc06-4659-90bb-e74fef6d9719/937ab551-24bf-413b-a277-928ded426d1a, with server-side default bucket layout, runner as owner, Versioning false, Storage Type set to DISK and Encryption set to false, Replication Type set to server-side default replication type, Namespace Quota set to -1, Space Quota set to -1 
2023-06-02 19:46:55,656 [OM StateMachine ApplyTransaction Thread - 0] INFO  bucket.OMBucketCreateRequest (OMBucketCreateRequest.java:validateAndUpdateCache(270)) - created bucket: 937ab551-24bf-413b-a277-928ded426d1a of layout FILE_SYSTEM_OPTIMIZED in volume: ad6c003b-fc06-4659-90bb-e74fef6d9719
19:46:55.822 [OM StateMachine ApplyTransaction Thread - 0] ERROR OMAudit - user=runner | ip=127.0.0.1 | op=COMMIT_MULTIPART_UPLOAD_PARTKEY {volume=ad6c003b-fc06-4659-90bb-e74fef6d9719, bucket=937ab551-24bf-413b-a277-928ded426d1a, key=28d167ad-c452-44c6-a999-d5db909ec733, dataSize=4, replicationType=NONE, replicationFactor=ZERO, partNumber=1, partName=/ad6c003b-fc06-4659-90bb-e74fef6d9719/937ab551-24bf-413b-a277-928ded426d1a/28d167ad-c452-44c6-a999-d5db909ec733-4d841fe1-00cf-4555-99d3-0beaaec15a10-110476343094018055-1} | ret=FAILURE
org.apache.hadoop.ozone.om.exceptions.OMException: No such Multipart upload is with specified uploadId 4d841fe1-00cf-4555-99d3-0beaaec15a10-110476343094018055
	at org.apache.hadoop.ozone.om.request.s3.multipart.S3MultipartUploadCommitPartRequest.validateAndUpdateCache(S3MultipartUploadCommitPartRequest.java:188) ~[ozone-manager-1.4.0-SNAPSHOT.jar:?]
	at org.apache.hadoop.ozone.protocolPB.OzoneManagerRequestHandler.handleWriteRequest(OzoneManagerRequestHandler.java:338) ~[ozone-manager-1.4.0-SNAPSHOT.jar:?]
	at org.apache.hadoop.ozone.om.ratis.OzoneManagerStateMachine.runCommand(OzoneManagerStateMachine.java:567) ~[ozone-manager-1.4.0-SNAPSHOT.jar:?]
	at org.apache.hadoop.ozone.om.ratis.OzoneManagerStateMachine.lambda$1(OzoneManagerStateMachine.java:358) ~[ozone-manager-1.4.0-SNAPSHOT.jar:?]
	at java.util.concurrent.CompletableFuture$AsyncSupply.run(CompletableFuture.java:1604) [?:1.8.0_372]
	at java.util.concurrent.ThreadPoolExecutor.runWorker(ThreadPoolExecutor.java:1149) [?:1.8.0_372]
	at java.util.concurrent.ThreadPoolExecutor$Worker.run(ThreadPoolExecutor.java:624) [?:1.8.0_372]
	at java.lang.Thread.run(Thread.java:750) [?:1.8.0_372]
2023-06-02 19:46:55,823 [OM StateMachine ApplyTransaction Thread - 0] ERROR multipart.S3MultipartUploadCommitPartRequest (S3MultipartUploadCommitPartRequest.java:logResult(327)) - MultipartUpload Commit is failed for Key:28d167ad-c452-44c6-a999-d5db909ec733 in Volume/Bucket ad6c003b-fc06-4659-90bb-e74fef6d9719/937ab551-24bf-413b-a277-928ded426d1a
NO_SUCH_MULTIPART_UPLOAD_ERROR org.apache.hadoop.ozone.om.exceptions.OMException: No such Multipart upload is with specified uploadId 4d841fe1-00cf-4555-99d3-0beaaec15a10-110476343094018055
	at org.apache.hadoop.ozone.om.request.s3.multipart.S3MultipartUploadCommitPartRequest.validateAndUpdateCache(S3MultipartUploadCommitPartRequest.java:188)
	at org.apache.hadoop.ozone.protocolPB.OzoneManagerRequestHandler.handleWriteRequest(OzoneManagerRequestHandler.java:338)
	at org.apache.hadoop.ozone.om.ratis.OzoneManagerStateMachine.runCommand(OzoneManagerStateMachine.java:567)
	at org.apache.hadoop.ozone.om.ratis.OzoneManagerStateMachine.lambda$1(OzoneManagerStateMachine.java:358)
	at java.util.concurrent.CompletableFuture$AsyncSupply.run(CompletableFuture.java:1604)
	at java.util.concurrent.ThreadPoolExecutor.runWorker(ThreadPoolExecutor.java:1149)
	at java.util.concurrent.ThreadPoolExecutor$Worker.run(ThreadPoolExecutor.java:624)
	at java.lang.Thread.run(Thread.java:750)
]]></system-out>
  </testcase>
  <testcase name="testAbortUploadSuccessWithOutAnyParts" classname="org.apache.hadoop.ozone.client.rpc.TestOzoneRpcClientWithRatis" time="0.023">
    <system-out><![CDATA[2023-06-02 19:46:55,827 [main] INFO  rpc.RpcClient (RpcClient.java:createVolume(459)) - Creating Volume: 9aacf41d-bd6f-4c2e-a857-0275f4cdc8cc, with runner as owner and space quota set to -1 bytes, counts quota set to -1
2023-06-02 19:46:55,831 [OM StateMachine ApplyTransaction Thread - 0] INFO  volume.OMVolumeCreateRequest (OMVolumeCreateRequest.java:validateAndUpdateCache(196)) - created volume:9aacf41d-bd6f-4c2e-a857-0275f4cdc8cc for user:runner
2023-06-02 19:46:55,833 [main] INFO  rpc.RpcClient (RpcClient.java:createBucket(686)) - Creating Bucket: 9aacf41d-bd6f-4c2e-a857-0275f4cdc8cc/126ee9dc-142f-47cf-8eb0-3380c37d8982, with server-side default bucket layout, runner as owner, Versioning false, Storage Type set to DISK and Encryption set to false, Replication Type set to server-side default replication type, Namespace Quota set to -1, Space Quota set to -1 
2023-06-02 19:46:55,837 [OM StateMachine ApplyTransaction Thread - 0] INFO  bucket.OMBucketCreateRequest (OMBucketCreateRequest.java:validateAndUpdateCache(270)) - created bucket: 126ee9dc-142f-47cf-8eb0-3380c37d8982 of layout FILE_SYSTEM_OPTIMIZED in volume: 9aacf41d-bd6f-4c2e-a857-0275f4cdc8cc
]]></system-out>
  </testcase>
  <testcase name="testAbortUploadSuccessWithParts" classname="org.apache.hadoop.ozone.client.rpc.TestOzoneRpcClientWithRatis" time="0.077">
    <system-out><![CDATA[2023-06-02 19:46:55,851 [main] INFO  rpc.RpcClient (RpcClient.java:createVolume(459)) - Creating Volume: ca66c401-c374-4baa-b168-ff63d40c71df, with runner as owner and space quota set to -1 bytes, counts quota set to -1
2023-06-02 19:46:55,855 [OM StateMachine ApplyTransaction Thread - 0] INFO  volume.OMVolumeCreateRequest (OMVolumeCreateRequest.java:validateAndUpdateCache(196)) - created volume:ca66c401-c374-4baa-b168-ff63d40c71df for user:runner
2023-06-02 19:46:55,857 [main] INFO  rpc.RpcClient (RpcClient.java:createBucket(686)) - Creating Bucket: ca66c401-c374-4baa-b168-ff63d40c71df/35d980fb-dfb9-4f4f-ad99-ce28271dfaff, with server-side default bucket layout, runner as owner, Versioning false, Storage Type set to DISK and Encryption set to false, Replication Type set to server-side default replication type, Namespace Quota set to -1, Space Quota set to -1 
2023-06-02 19:46:55,862 [OM StateMachine ApplyTransaction Thread - 0] INFO  bucket.OMBucketCreateRequest (OMBucketCreateRequest.java:validateAndUpdateCache(270)) - created bucket: 35d980fb-dfb9-4f4f-ad99-ce28271dfaff of layout FILE_SYSTEM_OPTIMIZED in volume: ca66c401-c374-4baa-b168-ff63d40c71df
]]></system-out>
  </testcase>
  <testcase name="testAclsAfterCallingSetBucketProperty" classname="org.apache.hadoop.ozone.client.rpc.TestOzoneRpcClientWithRatis" time="0.046">
    <system-out><![CDATA[2023-06-02 19:46:55,928 [main] INFO  rpc.RpcClient (RpcClient.java:createVolume(459)) - Creating Volume: bc4518c9-80ae-4373-9713-5a1da7497622, with runner as owner and space quota set to -1 bytes, counts quota set to -1
2023-06-02 19:46:55,932 [OM StateMachine ApplyTransaction Thread - 0] INFO  volume.OMVolumeCreateRequest (OMVolumeCreateRequest.java:validateAndUpdateCache(196)) - created volume:bc4518c9-80ae-4373-9713-5a1da7497622 for user:runner
2023-06-02 19:46:55,934 [main] INFO  rpc.RpcClient (RpcClient.java:createBucket(686)) - Creating Bucket: bc4518c9-80ae-4373-9713-5a1da7497622/c2c120db-1c57-481e-b637-e89b0a0d0a90, with server-side default bucket layout, runner as owner, Versioning false, Storage Type set to DISK and Encryption set to false, Replication Type set to server-side default replication type, Namespace Quota set to -1, Space Quota set to -1 
2023-06-02 19:46:55,940 [OM StateMachine ApplyTransaction Thread - 0] INFO  bucket.OMBucketCreateRequest (OMBucketCreateRequest.java:validateAndUpdateCache(270)) - created bucket: c2c120db-1c57-481e-b637-e89b0a0d0a90 of layout FILE_SYSTEM_OPTIMIZED in volume: bc4518c9-80ae-4373-9713-5a1da7497622
]]></system-out>
  </testcase>
  <testcase name="testAddBucketAcl" classname="org.apache.hadoop.ozone.client.rpc.TestOzoneRpcClientWithRatis" time="0.028">
    <system-out><![CDATA[2023-06-02 19:46:55,975 [main] INFO  rpc.RpcClient (RpcClient.java:createVolume(459)) - Creating Volume: 21876a76-6627-4097-9868-e19be45c4f68, with runner as owner and space quota set to -1 bytes, counts quota set to -1
2023-06-02 19:46:55,979 [OM StateMachine ApplyTransaction Thread - 0] INFO  volume.OMVolumeCreateRequest (OMVolumeCreateRequest.java:validateAndUpdateCache(196)) - created volume:21876a76-6627-4097-9868-e19be45c4f68 for user:runner
2023-06-02 19:46:55,982 [main] INFO  rpc.RpcClient (RpcClient.java:createBucket(686)) - Creating Bucket: 21876a76-6627-4097-9868-e19be45c4f68/5f7d4816-602d-4e1e-be7e-573d32d88452, with server-side default bucket layout, runner as owner, Versioning false, Storage Type set to DISK and Encryption set to false, Replication Type set to server-side default replication type, Namespace Quota set to -1, Space Quota set to -1 
2023-06-02 19:46:55,985 [OM StateMachine ApplyTransaction Thread - 0] INFO  bucket.OMBucketCreateRequest (OMBucketCreateRequest.java:validateAndUpdateCache(270)) - created bucket: 5f7d4816-602d-4e1e-be7e-573d32d88452 of layout FILE_SYSTEM_OPTIMIZED in volume: 21876a76-6627-4097-9868-e19be45c4f68
]]></system-out>
  </testcase>
  <testcase name="testBucketQuota(ReplicationConfig)[1]" classname="org.apache.hadoop.ozone.client.rpc.TestOzoneRpcClientWithRatis" time="0.707">
    <system-out><![CDATA[2023-06-02 19:46:56,007 [main] INFO  rpc.RpcClient (RpcClient.java:createVolume(459)) - Creating Volume: a9c2b269-344d-4a3f-8f0d-28138604ff19, with runner as owner and space quota set to -1 bytes, counts quota set to -1
2023-06-02 19:46:56,010 [OM StateMachine ApplyTransaction Thread - 0] INFO  volume.OMVolumeCreateRequest (OMVolumeCreateRequest.java:validateAndUpdateCache(196)) - created volume:a9c2b269-344d-4a3f-8f0d-28138604ff19 for user:runner
2023-06-02 19:46:56,012 [main] INFO  rpc.RpcClient (RpcClient.java:createBucket(686)) - Creating Bucket: a9c2b269-344d-4a3f-8f0d-28138604ff19/3426568e-03ec-48e9-921d-43f4dc9189d9, with server-side default bucket layout, runner as owner, Versioning false, Storage Type set to DISK and Encryption set to false, Replication Type set to server-side default replication type, Namespace Quota set to -1, Space Quota set to -1 
2023-06-02 19:46:56,015 [OM StateMachine ApplyTransaction Thread - 0] INFO  bucket.OMBucketCreateRequest (OMBucketCreateRequest.java:validateAndUpdateCache(270)) - created bucket: 3426568e-03ec-48e9-921d-43f4dc9189d9 of layout FILE_SYSTEM_OPTIMIZED in volume: a9c2b269-344d-4a3f-8f0d-28138604ff19
2023-06-02 19:46:56,079 [main] INFO  rpc.RpcClient (RpcClient.java:createVolume(459)) - Creating Volume: 0ca1b559-5209-41ce-aeaf-4080652e0fa8, with runner as owner and space quota set to -1 bytes, counts quota set to -1
2023-06-02 19:46:56,088 [OM StateMachine ApplyTransaction Thread - 0] INFO  volume.OMVolumeCreateRequest (OMVolumeCreateRequest.java:validateAndUpdateCache(196)) - created volume:0ca1b559-5209-41ce-aeaf-4080652e0fa8 for user:runner
2023-06-02 19:46:56,091 [main] INFO  rpc.RpcClient (RpcClient.java:createBucket(686)) - Creating Bucket: 0ca1b559-5209-41ce-aeaf-4080652e0fa8/e7075bc8-f2db-4810-9d0f-3fde4fe4da13, with server-side default bucket layout, runner as owner, Versioning false, Storage Type set to DISK and Encryption set to false, Replication Type set to server-side default replication type, Namespace Quota set to -1, Space Quota set to -1 
2023-06-02 19:46:56,096 [OM StateMachine ApplyTransaction Thread - 0] INFO  bucket.OMBucketCreateRequest (OMBucketCreateRequest.java:validateAndUpdateCache(270)) - created bucket: e7075bc8-f2db-4810-9d0f-3fde4fe4da13 of layout FILE_SYSTEM_OPTIMIZED in volume: 0ca1b559-5209-41ce-aeaf-4080652e0fa8
2023-06-02 19:46:56,198 [main] INFO  rpc.RpcClient (RpcClient.java:createVolume(459)) - Creating Volume: aaea4d54-08ea-45f5-9d88-603701ca29f6, with runner as owner and space quota set to -1 bytes, counts quota set to -1
2023-06-02 19:46:56,202 [OM StateMachine ApplyTransaction Thread - 0] INFO  volume.OMVolumeCreateRequest (OMVolumeCreateRequest.java:validateAndUpdateCache(196)) - created volume:aaea4d54-08ea-45f5-9d88-603701ca29f6 for user:runner
2023-06-02 19:46:56,204 [main] INFO  rpc.RpcClient (RpcClient.java:createBucket(686)) - Creating Bucket: aaea4d54-08ea-45f5-9d88-603701ca29f6/22ced08d-baf9-4a55-a13c-24606aeb2005, with server-side default bucket layout, runner as owner, Versioning false, Storage Type set to DISK and Encryption set to false, Replication Type set to server-side default replication type, Namespace Quota set to -1, Space Quota set to -1 
2023-06-02 19:46:56,208 [OM StateMachine ApplyTransaction Thread - 0] INFO  bucket.OMBucketCreateRequest (OMBucketCreateRequest.java:validateAndUpdateCache(270)) - created bucket: 22ced08d-baf9-4a55-a13c-24606aeb2005 of layout FILE_SYSTEM_OPTIMIZED in volume: aaea4d54-08ea-45f5-9d88-603701ca29f6
2023-06-02 19:46:56,457 [main] INFO  rpc.RpcClient (RpcClient.java:createVolume(459)) - Creating Volume: 72d9fd6f-fa06-4cce-9902-b2801f7e4fd3, with runner as owner and space quota set to -1 bytes, counts quota set to -1
2023-06-02 19:46:56,461 [OM StateMachine ApplyTransaction Thread - 0] INFO  volume.OMVolumeCreateRequest (OMVolumeCreateRequest.java:validateAndUpdateCache(196)) - created volume:72d9fd6f-fa06-4cce-9902-b2801f7e4fd3 for user:runner
2023-06-02 19:46:56,463 [main] INFO  rpc.RpcClient (RpcClient.java:createBucket(686)) - Creating Bucket: 72d9fd6f-fa06-4cce-9902-b2801f7e4fd3/e3fdbdce-0ba0-479a-823e-57923622d1a4, with server-side default bucket layout, runner as owner, Versioning false, Storage Type set to DISK and Encryption set to false, Replication Type set to server-side default replication type, Namespace Quota set to -1, Space Quota set to -1 
2023-06-02 19:46:56,467 [OM StateMachine ApplyTransaction Thread - 0] INFO  bucket.OMBucketCreateRequest (OMBucketCreateRequest.java:validateAndUpdateCache(270)) - created bucket: e3fdbdce-0ba0-479a-823e-57923622d1a4 of layout FILE_SYSTEM_OPTIMIZED in volume: 72d9fd6f-fa06-4cce-9902-b2801f7e4fd3
]]></system-out>
  </testcase>
  <testcase name="testBucketQuota(ReplicationConfig)[2]" classname="org.apache.hadoop.ozone.client.rpc.TestOzoneRpcClientWithRatis" time="6.273">
    <system-out><![CDATA[2023-06-02 19:46:56,716 [main] INFO  rpc.RpcClient (RpcClient.java:createVolume(459)) - Creating Volume: 59633586-56eb-4550-bd60-e19898482b87, with runner as owner and space quota set to -1 bytes, counts quota set to -1
2023-06-02 19:46:56,720 [OM StateMachine ApplyTransaction Thread - 0] INFO  volume.OMVolumeCreateRequest (OMVolumeCreateRequest.java:validateAndUpdateCache(196)) - created volume:59633586-56eb-4550-bd60-e19898482b87 for user:runner
2023-06-02 19:46:56,724 [main] INFO  rpc.RpcClient (RpcClient.java:createBucket(686)) - Creating Bucket: 59633586-56eb-4550-bd60-e19898482b87/1a23252a-2f3c-4567-bbd7-3fa4cdce0a79, with server-side default bucket layout, runner as owner, Versioning false, Storage Type set to DISK and Encryption set to false, Replication Type set to server-side default replication type, Namespace Quota set to -1, Space Quota set to -1 
2023-06-02 19:46:56,728 [OM StateMachine ApplyTransaction Thread - 0] INFO  bucket.OMBucketCreateRequest (OMBucketCreateRequest.java:validateAndUpdateCache(270)) - created bucket: 1a23252a-2f3c-4567-bbd7-3fa4cdce0a79 of layout FILE_SYSTEM_OPTIMIZED in volume: 59633586-56eb-4550-bd60-e19898482b87
2023-06-02 19:46:56,779 [main] INFO  rpc.RpcClient (RpcClient.java:createVolume(459)) - Creating Volume: 54134f03-900c-4feb-9185-43077c00d543, with runner as owner and space quota set to -1 bytes, counts quota set to -1
2023-06-02 19:46:56,782 [OM StateMachine ApplyTransaction Thread - 0] INFO  volume.OMVolumeCreateRequest (OMVolumeCreateRequest.java:validateAndUpdateCache(196)) - created volume:54134f03-900c-4feb-9185-43077c00d543 for user:runner
2023-06-02 19:46:56,784 [main] INFO  rpc.RpcClient (RpcClient.java:createBucket(686)) - Creating Bucket: 54134f03-900c-4feb-9185-43077c00d543/6082864e-e53b-4cac-bc77-31f24b97119d, with server-side default bucket layout, runner as owner, Versioning false, Storage Type set to DISK and Encryption set to false, Replication Type set to server-side default replication type, Namespace Quota set to -1, Space Quota set to -1 
2023-06-02 19:46:56,788 [OM StateMachine ApplyTransaction Thread - 0] INFO  bucket.OMBucketCreateRequest (OMBucketCreateRequest.java:validateAndUpdateCache(270)) - created bucket: 6082864e-e53b-4cac-bc77-31f24b97119d of layout FILE_SYSTEM_OPTIMIZED in volume: 54134f03-900c-4feb-9185-43077c00d543
2023-06-02 19:46:57,103 [main] INFO  rpc.RpcClient (RpcClient.java:createVolume(459)) - Creating Volume: d58e9ce5-0915-4bd6-ad85-be0df43a4aa3, with runner as owner and space quota set to -1 bytes, counts quota set to -1
2023-06-02 19:46:57,107 [OM StateMachine ApplyTransaction Thread - 0] INFO  volume.OMVolumeCreateRequest (OMVolumeCreateRequest.java:validateAndUpdateCache(196)) - created volume:d58e9ce5-0915-4bd6-ad85-be0df43a4aa3 for user:runner
2023-06-02 19:46:57,110 [main] INFO  rpc.RpcClient (RpcClient.java:createBucket(686)) - Creating Bucket: d58e9ce5-0915-4bd6-ad85-be0df43a4aa3/cfae23cf-ad11-444a-925f-28eb4b5e3096, with server-side default bucket layout, runner as owner, Versioning false, Storage Type set to DISK and Encryption set to false, Replication Type set to server-side default replication type, Namespace Quota set to -1, Space Quota set to -1 
2023-06-02 19:46:57,114 [OM StateMachine ApplyTransaction Thread - 0] INFO  bucket.OMBucketCreateRequest (OMBucketCreateRequest.java:validateAndUpdateCache(270)) - created bucket: cfae23cf-ad11-444a-925f-28eb4b5e3096 of layout FILE_SYSTEM_OPTIMIZED in volume: d58e9ce5-0915-4bd6-ad85-be0df43a4aa3
2023-06-02 19:46:57,690 [main] INFO  rpc.RpcClient (RpcClient.java:createVolume(459)) - Creating Volume: a573de40-137c-411c-aceb-40579bf0dc78, with runner as owner and space quota set to -1 bytes, counts quota set to -1
2023-06-02 19:46:57,693 [OM StateMachine ApplyTransaction Thread - 0] INFO  volume.OMVolumeCreateRequest (OMVolumeCreateRequest.java:validateAndUpdateCache(196)) - created volume:a573de40-137c-411c-aceb-40579bf0dc78 for user:runner
2023-06-02 19:46:57,696 [main] INFO  rpc.RpcClient (RpcClient.java:createBucket(686)) - Creating Bucket: a573de40-137c-411c-aceb-40579bf0dc78/a218e403-bd7f-4328-87ea-66ad764ab37e, with server-side default bucket layout, runner as owner, Versioning false, Storage Type set to DISK and Encryption set to false, Replication Type set to server-side default replication type, Namespace Quota set to -1, Space Quota set to -1 
2023-06-02 19:46:57,699 [OM StateMachine ApplyTransaction Thread - 0] INFO  bucket.OMBucketCreateRequest (OMBucketCreateRequest.java:validateAndUpdateCache(270)) - created bucket: a218e403-bd7f-4328-87ea-66ad764ab37e of layout FILE_SYSTEM_OPTIMIZED in volume: a573de40-137c-411c-aceb-40579bf0dc78
2023-06-02 19:46:58,270 [main] INFO  rpc.RpcClient (RpcClient.java:createVolume(459)) - Creating Volume: 5d2db1bc-b341-48c0-8f48-4faa73a9c138, with runner as owner and space quota set to -1 bytes, counts quota set to -1
2023-06-02 19:46:58,273 [OM StateMachine ApplyTransaction Thread - 0] INFO  volume.OMVolumeCreateRequest (OMVolumeCreateRequest.java:validateAndUpdateCache(196)) - created volume:5d2db1bc-b341-48c0-8f48-4faa73a9c138 for user:runner
2023-06-02 19:46:58,275 [main] INFO  rpc.RpcClient (RpcClient.java:createBucket(686)) - Creating Bucket: 5d2db1bc-b341-48c0-8f48-4faa73a9c138/2073266f-3058-4684-b3cc-9a13a80f9601, with server-side default bucket layout, runner as owner, Versioning false, Storage Type set to DISK and Encryption set to false, Replication Type set to server-side default replication type, Namespace Quota set to -1, Space Quota set to -1 
2023-06-02 19:46:58,278 [OM StateMachine ApplyTransaction Thread - 0] INFO  bucket.OMBucketCreateRequest (OMBucketCreateRequest.java:validateAndUpdateCache(270)) - created bucket: 2073266f-3058-4684-b3cc-9a13a80f9601 of layout FILE_SYSTEM_OPTIMIZED in volume: 5d2db1bc-b341-48c0-8f48-4faa73a9c138
2023-06-02 19:46:59,233 [main] INFO  rpc.RpcClient (RpcClient.java:createVolume(459)) - Creating Volume: fc18bbf2-46f8-4861-9aa5-577b8e8b8442, with runner as owner and space quota set to -1 bytes, counts quota set to -1
2023-06-02 19:46:59,236 [OM StateMachine ApplyTransaction Thread - 0] INFO  volume.OMVolumeCreateRequest (OMVolumeCreateRequest.java:validateAndUpdateCache(196)) - created volume:fc18bbf2-46f8-4861-9aa5-577b8e8b8442 for user:runner
2023-06-02 19:46:59,238 [main] INFO  rpc.RpcClient (RpcClient.java:createBucket(686)) - Creating Bucket: fc18bbf2-46f8-4861-9aa5-577b8e8b8442/47b90448-5a8a-46f5-b805-41c91a2c07fa, with server-side default bucket layout, runner as owner, Versioning false, Storage Type set to DISK and Encryption set to false, Replication Type set to server-side default replication type, Namespace Quota set to -1, Space Quota set to -1 
2023-06-02 19:46:59,242 [OM StateMachine ApplyTransaction Thread - 0] INFO  bucket.OMBucketCreateRequest (OMBucketCreateRequest.java:validateAndUpdateCache(270)) - created bucket: 47b90448-5a8a-46f5-b805-41c91a2c07fa of layout FILE_SYSTEM_OPTIMIZED in volume: fc18bbf2-46f8-4861-9aa5-577b8e8b8442
2023-06-02 19:47:00,265 [main] INFO  rpc.RpcClient (RpcClient.java:createVolume(459)) - Creating Volume: d8677a9b-bb6d-4a4b-afef-63549270246e, with runner as owner and space quota set to -1 bytes, counts quota set to -1
2023-06-02 19:47:00,268 [OM StateMachine ApplyTransaction Thread - 0] INFO  volume.OMVolumeCreateRequest (OMVolumeCreateRequest.java:validateAndUpdateCache(196)) - created volume:d8677a9b-bb6d-4a4b-afef-63549270246e for user:runner
2023-06-02 19:47:00,270 [main] INFO  rpc.RpcClient (RpcClient.java:createBucket(686)) - Creating Bucket: d8677a9b-bb6d-4a4b-afef-63549270246e/ef2fecac-bfc4-4371-bc85-66067e40c296, with server-side default bucket layout, runner as owner, Versioning false, Storage Type set to DISK and Encryption set to false, Replication Type set to server-side default replication type, Namespace Quota set to -1, Space Quota set to -1 
2023-06-02 19:47:00,272 [OM StateMachine ApplyTransaction Thread - 0] INFO  bucket.OMBucketCreateRequest (OMBucketCreateRequest.java:validateAndUpdateCache(270)) - created bucket: ef2fecac-bfc4-4371-bc85-66067e40c296 of layout FILE_SYSTEM_OPTIMIZED in volume: d8677a9b-bb6d-4a4b-afef-63549270246e
2023-06-02 19:47:01,771 [main] INFO  rpc.RpcClient (RpcClient.java:createVolume(459)) - Creating Volume: bb7b5d92-03c9-4695-95d2-1af7d886322a, with runner as owner and space quota set to -1 bytes, counts quota set to -1
2023-06-02 19:47:01,773 [OM StateMachine ApplyTransaction Thread - 0] INFO  volume.OMVolumeCreateRequest (OMVolumeCreateRequest.java:validateAndUpdateCache(196)) - created volume:bb7b5d92-03c9-4695-95d2-1af7d886322a for user:runner
2023-06-02 19:47:01,776 [main] INFO  rpc.RpcClient (RpcClient.java:createBucket(686)) - Creating Bucket: bb7b5d92-03c9-4695-95d2-1af7d886322a/b053f687-3654-4480-a677-a97ef46e0a63, with server-side default bucket layout, runner as owner, Versioning false, Storage Type set to DISK and Encryption set to false, Replication Type set to server-side default replication type, Namespace Quota set to -1, Space Quota set to -1 
2023-06-02 19:47:01,778 [OM StateMachine ApplyTransaction Thread - 0] INFO  bucket.OMBucketCreateRequest (OMBucketCreateRequest.java:validateAndUpdateCache(270)) - created bucket: b053f687-3654-4480-a677-a97ef46e0a63 of layout FILE_SYSTEM_OPTIMIZED in volume: bb7b5d92-03c9-4695-95d2-1af7d886322a
]]></system-out>
  </testcase>
  <testcase name="testBucketQuota(ReplicationConfig)[3]" classname="org.apache.hadoop.ozone.client.rpc.TestOzoneRpcClientWithRatis" time="6.462">
    <system-out><![CDATA[2023-06-02 19:47:02,990 [main] INFO  rpc.RpcClient (RpcClient.java:createVolume(459)) - Creating Volume: 89991afd-f2f1-4db2-a8e9-219aca3cdd8c, with runner as owner and space quota set to -1 bytes, counts quota set to -1
2023-06-02 19:47:02,993 [OM StateMachine ApplyTransaction Thread - 0] INFO  volume.OMVolumeCreateRequest (OMVolumeCreateRequest.java:validateAndUpdateCache(196)) - created volume:89991afd-f2f1-4db2-a8e9-219aca3cdd8c for user:runner
2023-06-02 19:47:02,995 [main] INFO  rpc.RpcClient (RpcClient.java:createBucket(686)) - Creating Bucket: 89991afd-f2f1-4db2-a8e9-219aca3cdd8c/47c2ee7d-8d50-44a0-af3c-dfd6810e2a5c, with server-side default bucket layout, runner as owner, Versioning false, Storage Type set to DISK and Encryption set to false, Replication Type set to server-side default replication type, Namespace Quota set to -1, Space Quota set to -1 
2023-06-02 19:47:02,999 [OM StateMachine ApplyTransaction Thread - 0] INFO  bucket.OMBucketCreateRequest (OMBucketCreateRequest.java:validateAndUpdateCache(270)) - created bucket: 47c2ee7d-8d50-44a0-af3c-dfd6810e2a5c of layout FILE_SYSTEM_OPTIMIZED in volume: 89991afd-f2f1-4db2-a8e9-219aca3cdd8c
2023-06-02 19:47:03,013 [IPC Server handler 2 on default port 15001] INFO  pipeline.PipelineStateManagerImpl (PipelineStateManagerImpl.java:addPipeline(103)) - Created pipeline Pipeline[ Id: 1d104b54-b59d-4eca-9d1a-26a63616b3d5, Nodes: 37ff51e8-4d98-426c-9b80-6778ef5a23bd(fv-az459-618.msq0az1vewme3jsxyslsv0htic.jx.internal.cloudapp.net/10.1.26.0)a3512fa8-98cf-431f-8bbe-512df84cf246(fv-az459-618.msq0az1vewme3jsxyslsv0htic.jx.internal.cloudapp.net/10.1.26.0)42efe73c-3d9d-41e2-b05d-c69b43a81cba(fv-az459-618.msq0az1vewme3jsxyslsv0htic.jx.internal.cloudapp.net/10.1.26.0)f5a51868-327c-422c-ad14-d572ec0233ee(fv-az459-618.msq0az1vewme3jsxyslsv0htic.jx.internal.cloudapp.net/10.1.26.0)3e53829d-da6c-4746-b554-01bfe538e40e(fv-az459-618.msq0az1vewme3jsxyslsv0htic.jx.internal.cloudapp.net/10.1.26.0), ReplicationConfig: EC{rs-3-2-1024k}, State:ALLOCATED, leaderId:, CreationTimestamp2023-06-02T19:47:03.012Z[Etc/UTC]].
2023-06-02 19:47:03,014 [IPC Server handler 2 on default port 15001] INFO  pipeline.PipelineManagerImpl (PipelineManagerImpl.java:openPipeline(367)) - Pipeline Pipeline[ Id: 1d104b54-b59d-4eca-9d1a-26a63616b3d5, Nodes: 37ff51e8-4d98-426c-9b80-6778ef5a23bd(fv-az459-618.msq0az1vewme3jsxyslsv0htic.jx.internal.cloudapp.net/10.1.26.0)a3512fa8-98cf-431f-8bbe-512df84cf246(fv-az459-618.msq0az1vewme3jsxyslsv0htic.jx.internal.cloudapp.net/10.1.26.0)42efe73c-3d9d-41e2-b05d-c69b43a81cba(fv-az459-618.msq0az1vewme3jsxyslsv0htic.jx.internal.cloudapp.net/10.1.26.0)f5a51868-327c-422c-ad14-d572ec0233ee(fv-az459-618.msq0az1vewme3jsxyslsv0htic.jx.internal.cloudapp.net/10.1.26.0)3e53829d-da6c-4746-b554-01bfe538e40e(fv-az459-618.msq0az1vewme3jsxyslsv0htic.jx.internal.cloudapp.net/10.1.26.0), ReplicationConfig: EC{rs-3-2-1024k}, State:ALLOCATED, leaderId:, CreationTimestamp2023-06-02T19:47:03.012Z[Etc/UTC]] moved to OPEN state
2023-06-02 19:47:03,075 [main] WARN  erasurecode.ErasureCodeNative (ErasureCodeNative.java:<clinit>(55)) - ISA-L support is not available in your platform... using builtin-java codec where applicable
2023-06-02 19:47:03,209 [IPC Server handler 1 on default port 15001] INFO  pipeline.PipelineStateManagerImpl (PipelineStateManagerImpl.java:addPipeline(103)) - Created pipeline Pipeline[ Id: 79bfd4d8-dd84-4677-8a5d-aa291b295c20, Nodes: c22c8f81-1e38-483d-9a9f-669266df5e1e(fv-az459-618.msq0az1vewme3jsxyslsv0htic.jx.internal.cloudapp.net/10.1.26.0)f5a51868-327c-422c-ad14-d572ec0233ee(fv-az459-618.msq0az1vewme3jsxyslsv0htic.jx.internal.cloudapp.net/10.1.26.0)93e73215-cf0c-4899-893f-1e32053e8cf3(fv-az459-618.msq0az1vewme3jsxyslsv0htic.jx.internal.cloudapp.net/10.1.26.0)42efe73c-3d9d-41e2-b05d-c69b43a81cba(fv-az459-618.msq0az1vewme3jsxyslsv0htic.jx.internal.cloudapp.net/10.1.26.0)3e53829d-da6c-4746-b554-01bfe538e40e(fv-az459-618.msq0az1vewme3jsxyslsv0htic.jx.internal.cloudapp.net/10.1.26.0), ReplicationConfig: EC{rs-3-2-1024k}, State:ALLOCATED, leaderId:, CreationTimestamp2023-06-02T19:47:03.208Z[Etc/UTC]].
2023-06-02 19:47:03,210 [IPC Server handler 1 on default port 15001] INFO  pipeline.PipelineManagerImpl (PipelineManagerImpl.java:openPipeline(367)) - Pipeline Pipeline[ Id: 79bfd4d8-dd84-4677-8a5d-aa291b295c20, Nodes: c22c8f81-1e38-483d-9a9f-669266df5e1e(fv-az459-618.msq0az1vewme3jsxyslsv0htic.jx.internal.cloudapp.net/10.1.26.0)f5a51868-327c-422c-ad14-d572ec0233ee(fv-az459-618.msq0az1vewme3jsxyslsv0htic.jx.internal.cloudapp.net/10.1.26.0)93e73215-cf0c-4899-893f-1e32053e8cf3(fv-az459-618.msq0az1vewme3jsxyslsv0htic.jx.internal.cloudapp.net/10.1.26.0)42efe73c-3d9d-41e2-b05d-c69b43a81cba(fv-az459-618.msq0az1vewme3jsxyslsv0htic.jx.internal.cloudapp.net/10.1.26.0)3e53829d-da6c-4746-b554-01bfe538e40e(fv-az459-618.msq0az1vewme3jsxyslsv0htic.jx.internal.cloudapp.net/10.1.26.0), ReplicationConfig: EC{rs-3-2-1024k}, State:ALLOCATED, leaderId:, CreationTimestamp2023-06-02T19:47:03.208Z[Etc/UTC]] moved to OPEN state
2023-06-02 19:47:03,259 [main] INFO  rpc.RpcClient (RpcClient.java:createVolume(459)) - Creating Volume: 7c0e36b1-f3b9-4c9d-97a6-cf31f1edfbb0, with runner as owner and space quota set to -1 bytes, counts quota set to -1
2023-06-02 19:47:03,262 [OM StateMachine ApplyTransaction Thread - 0] INFO  volume.OMVolumeCreateRequest (OMVolumeCreateRequest.java:validateAndUpdateCache(196)) - created volume:7c0e36b1-f3b9-4c9d-97a6-cf31f1edfbb0 for user:runner
2023-06-02 19:47:03,264 [main] INFO  rpc.RpcClient (RpcClient.java:createBucket(686)) - Creating Bucket: 7c0e36b1-f3b9-4c9d-97a6-cf31f1edfbb0/6ce83ef9-f52c-4f7a-8fc9-ddb32d813acc, with server-side default bucket layout, runner as owner, Versioning false, Storage Type set to DISK and Encryption set to false, Replication Type set to server-side default replication type, Namespace Quota set to -1, Space Quota set to -1 
2023-06-02 19:47:03,267 [OM StateMachine ApplyTransaction Thread - 0] INFO  bucket.OMBucketCreateRequest (OMBucketCreateRequest.java:validateAndUpdateCache(270)) - created bucket: 6ce83ef9-f52c-4f7a-8fc9-ddb32d813acc of layout FILE_SYSTEM_OPTIMIZED in volume: 7c0e36b1-f3b9-4c9d-97a6-cf31f1edfbb0
2023-06-02 19:47:03,272 [IPC Server handler 5 on default port 15001] INFO  pipeline.PipelineStateManagerImpl (PipelineStateManagerImpl.java:addPipeline(103)) - Created pipeline Pipeline[ Id: b5fde81d-d67b-47ee-8abd-ebe7a6dd011f, Nodes: 93e73215-cf0c-4899-893f-1e32053e8cf3(fv-az459-618.msq0az1vewme3jsxyslsv0htic.jx.internal.cloudapp.net/10.1.26.0)f093f0f1-7dc1-44fa-8249-a003f257e421(fv-az459-618.msq0az1vewme3jsxyslsv0htic.jx.internal.cloudapp.net/10.1.26.0)3e53829d-da6c-4746-b554-01bfe538e40e(fv-az459-618.msq0az1vewme3jsxyslsv0htic.jx.internal.cloudapp.net/10.1.26.0)37ff51e8-4d98-426c-9b80-6778ef5a23bd(fv-az459-618.msq0az1vewme3jsxyslsv0htic.jx.internal.cloudapp.net/10.1.26.0)3444f24d-5019-4db9-b49c-a7d3f58b79dc(fv-az459-618.msq0az1vewme3jsxyslsv0htic.jx.internal.cloudapp.net/10.1.26.0), ReplicationConfig: EC{rs-3-2-1024k}, State:ALLOCATED, leaderId:, CreationTimestamp2023-06-02T19:47:03.271Z[Etc/UTC]].
2023-06-02 19:47:03,273 [IPC Server handler 5 on default port 15001] INFO  pipeline.PipelineManagerImpl (PipelineManagerImpl.java:openPipeline(367)) - Pipeline Pipeline[ Id: b5fde81d-d67b-47ee-8abd-ebe7a6dd011f, Nodes: 93e73215-cf0c-4899-893f-1e32053e8cf3(fv-az459-618.msq0az1vewme3jsxyslsv0htic.jx.internal.cloudapp.net/10.1.26.0)f093f0f1-7dc1-44fa-8249-a003f257e421(fv-az459-618.msq0az1vewme3jsxyslsv0htic.jx.internal.cloudapp.net/10.1.26.0)3e53829d-da6c-4746-b554-01bfe538e40e(fv-az459-618.msq0az1vewme3jsxyslsv0htic.jx.internal.cloudapp.net/10.1.26.0)37ff51e8-4d98-426c-9b80-6778ef5a23bd(fv-az459-618.msq0az1vewme3jsxyslsv0htic.jx.internal.cloudapp.net/10.1.26.0)3444f24d-5019-4db9-b49c-a7d3f58b79dc(fv-az459-618.msq0az1vewme3jsxyslsv0htic.jx.internal.cloudapp.net/10.1.26.0), ReplicationConfig: EC{rs-3-2-1024k}, State:ALLOCATED, leaderId:, CreationTimestamp2023-06-02T19:47:03.271Z[Etc/UTC]] moved to OPEN state
2023-06-02 19:47:03,496 [IPC Server handler 12 on default port 15001] INFO  pipeline.PipelineStateManagerImpl (PipelineStateManagerImpl.java:addPipeline(103)) - Created pipeline Pipeline[ Id: 75ece0b2-5725-4902-ab18-f4340bc9fad6, Nodes: 37ff51e8-4d98-426c-9b80-6778ef5a23bd(fv-az459-618.msq0az1vewme3jsxyslsv0htic.jx.internal.cloudapp.net/10.1.26.0)68e68f39-32fc-4b84-93e4-f20720881325(fv-az459-618.msq0az1vewme3jsxyslsv0htic.jx.internal.cloudapp.net/10.1.26.0)42efe73c-3d9d-41e2-b05d-c69b43a81cba(fv-az459-618.msq0az1vewme3jsxyslsv0htic.jx.internal.cloudapp.net/10.1.26.0)3e53829d-da6c-4746-b554-01bfe538e40e(fv-az459-618.msq0az1vewme3jsxyslsv0htic.jx.internal.cloudapp.net/10.1.26.0)a3512fa8-98cf-431f-8bbe-512df84cf246(fv-az459-618.msq0az1vewme3jsxyslsv0htic.jx.internal.cloudapp.net/10.1.26.0), ReplicationConfig: EC{rs-3-2-1024k}, State:ALLOCATED, leaderId:, CreationTimestamp2023-06-02T19:47:03.495Z[Etc/UTC]].
2023-06-02 19:47:03,497 [IPC Server handler 12 on default port 15001] INFO  pipeline.PipelineManagerImpl (PipelineManagerImpl.java:openPipeline(367)) - Pipeline Pipeline[ Id: 75ece0b2-5725-4902-ab18-f4340bc9fad6, Nodes: 37ff51e8-4d98-426c-9b80-6778ef5a23bd(fv-az459-618.msq0az1vewme3jsxyslsv0htic.jx.internal.cloudapp.net/10.1.26.0)68e68f39-32fc-4b84-93e4-f20720881325(fv-az459-618.msq0az1vewme3jsxyslsv0htic.jx.internal.cloudapp.net/10.1.26.0)42efe73c-3d9d-41e2-b05d-c69b43a81cba(fv-az459-618.msq0az1vewme3jsxyslsv0htic.jx.internal.cloudapp.net/10.1.26.0)3e53829d-da6c-4746-b554-01bfe538e40e(fv-az459-618.msq0az1vewme3jsxyslsv0htic.jx.internal.cloudapp.net/10.1.26.0)a3512fa8-98cf-431f-8bbe-512df84cf246(fv-az459-618.msq0az1vewme3jsxyslsv0htic.jx.internal.cloudapp.net/10.1.26.0), ReplicationConfig: EC{rs-3-2-1024k}, State:ALLOCATED, leaderId:, CreationTimestamp2023-06-02T19:47:03.495Z[Etc/UTC]] moved to OPEN state
2023-06-02 19:47:03,659 [main] INFO  rpc.RpcClient (RpcClient.java:createVolume(459)) - Creating Volume: c8b0e8b2-0bc9-4501-90cf-febce0807be3, with runner as owner and space quota set to -1 bytes, counts quota set to -1
2023-06-02 19:47:03,662 [OM StateMachine ApplyTransaction Thread - 0] INFO  volume.OMVolumeCreateRequest (OMVolumeCreateRequest.java:validateAndUpdateCache(196)) - created volume:c8b0e8b2-0bc9-4501-90cf-febce0807be3 for user:runner
2023-06-02 19:47:03,664 [main] INFO  rpc.RpcClient (RpcClient.java:createBucket(686)) - Creating Bucket: c8b0e8b2-0bc9-4501-90cf-febce0807be3/37dc4d43-45a4-416d-9f63-7312ee835065, with server-side default bucket layout, runner as owner, Versioning false, Storage Type set to DISK and Encryption set to false, Replication Type set to server-side default replication type, Namespace Quota set to -1, Space Quota set to -1 
2023-06-02 19:47:03,667 [OM StateMachine ApplyTransaction Thread - 0] INFO  bucket.OMBucketCreateRequest (OMBucketCreateRequest.java:validateAndUpdateCache(270)) - created bucket: 37dc4d43-45a4-416d-9f63-7312ee835065 of layout FILE_SYSTEM_OPTIMIZED in volume: c8b0e8b2-0bc9-4501-90cf-febce0807be3
2023-06-02 19:47:03,673 [IPC Server handler 0 on default port 15001] INFO  pipeline.PipelineStateManagerImpl (PipelineStateManagerImpl.java:addPipeline(103)) - Created pipeline Pipeline[ Id: 9f6b14b8-3fdb-4e4e-9a55-0eee9abf0dd4, Nodes: f093f0f1-7dc1-44fa-8249-a003f257e421(fv-az459-618.msq0az1vewme3jsxyslsv0htic.jx.internal.cloudapp.net/10.1.26.0)9e7d7045-1d4c-4270-9434-63584a31babd(fv-az459-618.msq0az1vewme3jsxyslsv0htic.jx.internal.cloudapp.net/10.1.26.0)f5a51868-327c-422c-ad14-d572ec0233ee(fv-az459-618.msq0az1vewme3jsxyslsv0htic.jx.internal.cloudapp.net/10.1.26.0)3e53829d-da6c-4746-b554-01bfe538e40e(fv-az459-618.msq0az1vewme3jsxyslsv0htic.jx.internal.cloudapp.net/10.1.26.0)a3512fa8-98cf-431f-8bbe-512df84cf246(fv-az459-618.msq0az1vewme3jsxyslsv0htic.jx.internal.cloudapp.net/10.1.26.0), ReplicationConfig: EC{rs-3-2-1024k}, State:ALLOCATED, leaderId:, CreationTimestamp2023-06-02T19:47:03.672Z[Etc/UTC]].
2023-06-02 19:47:03,674 [IPC Server handler 0 on default port 15001] INFO  pipeline.PipelineManagerImpl (PipelineManagerImpl.java:openPipeline(367)) - Pipeline Pipeline[ Id: 9f6b14b8-3fdb-4e4e-9a55-0eee9abf0dd4, Nodes: f093f0f1-7dc1-44fa-8249-a003f257e421(fv-az459-618.msq0az1vewme3jsxyslsv0htic.jx.internal.cloudapp.net/10.1.26.0)9e7d7045-1d4c-4270-9434-63584a31babd(fv-az459-618.msq0az1vewme3jsxyslsv0htic.jx.internal.cloudapp.net/10.1.26.0)f5a51868-327c-422c-ad14-d572ec0233ee(fv-az459-618.msq0az1vewme3jsxyslsv0htic.jx.internal.cloudapp.net/10.1.26.0)3e53829d-da6c-4746-b554-01bfe538e40e(fv-az459-618.msq0az1vewme3jsxyslsv0htic.jx.internal.cloudapp.net/10.1.26.0)a3512fa8-98cf-431f-8bbe-512df84cf246(fv-az459-618.msq0az1vewme3jsxyslsv0htic.jx.internal.cloudapp.net/10.1.26.0), ReplicationConfig: EC{rs-3-2-1024k}, State:ALLOCATED, leaderId:, CreationTimestamp2023-06-02T19:47:03.672Z[Etc/UTC]] moved to OPEN state
2023-06-02 19:47:04,166 [main] INFO  rpc.RpcClient (RpcClient.java:createVolume(459)) - Creating Volume: 470a9052-e256-428b-8223-91461648754a, with runner as owner and space quota set to -1 bytes, counts quota set to -1
2023-06-02 19:47:04,169 [OM StateMachine ApplyTransaction Thread - 0] INFO  volume.OMVolumeCreateRequest (OMVolumeCreateRequest.java:validateAndUpdateCache(196)) - created volume:470a9052-e256-428b-8223-91461648754a for user:runner
2023-06-02 19:47:04,171 [main] INFO  rpc.RpcClient (RpcClient.java:createBucket(686)) - Creating Bucket: 470a9052-e256-428b-8223-91461648754a/d99b1374-4369-419f-aef3-f9729180d5e7, with server-side default bucket layout, runner as owner, Versioning false, Storage Type set to DISK and Encryption set to false, Replication Type set to server-side default replication type, Namespace Quota set to -1, Space Quota set to -1 
2023-06-02 19:47:04,173 [OM StateMachine ApplyTransaction Thread - 0] INFO  bucket.OMBucketCreateRequest (OMBucketCreateRequest.java:validateAndUpdateCache(270)) - created bucket: d99b1374-4369-419f-aef3-f9729180d5e7 of layout FILE_SYSTEM_OPTIMIZED in volume: 470a9052-e256-428b-8223-91461648754a
2023-06-02 19:47:04,495 [main] INFO  rpc.RpcClient (RpcClient.java:createVolume(459)) - Creating Volume: 18959f9d-5b0a-40a2-8900-3cbf62d490b5, with runner as owner and space quota set to -1 bytes, counts quota set to -1
2023-06-02 19:47:04,497 [OM StateMachine ApplyTransaction Thread - 0] INFO  volume.OMVolumeCreateRequest (OMVolumeCreateRequest.java:validateAndUpdateCache(196)) - created volume:18959f9d-5b0a-40a2-8900-3cbf62d490b5 for user:runner
2023-06-02 19:47:04,499 [main] INFO  rpc.RpcClient (RpcClient.java:createBucket(686)) - Creating Bucket: 18959f9d-5b0a-40a2-8900-3cbf62d490b5/5e356470-47c0-4e42-9924-8c38f2ffe902, with server-side default bucket layout, runner as owner, Versioning false, Storage Type set to DISK and Encryption set to false, Replication Type set to server-side default replication type, Namespace Quota set to -1, Space Quota set to -1 
2023-06-02 19:47:04,501 [OM StateMachine ApplyTransaction Thread - 0] INFO  bucket.OMBucketCreateRequest (OMBucketCreateRequest.java:validateAndUpdateCache(270)) - created bucket: 5e356470-47c0-4e42-9924-8c38f2ffe902 of layout FILE_SYSTEM_OPTIMIZED in volume: 18959f9d-5b0a-40a2-8900-3cbf62d490b5
2023-06-02 19:47:05,325 [main] INFO  rpc.RpcClient (RpcClient.java:createVolume(459)) - Creating Volume: ea1a458f-6360-4ed7-9a8f-6125cffe1781, with runner as owner and space quota set to -1 bytes, counts quota set to -1
2023-06-02 19:47:05,327 [OM StateMachine ApplyTransaction Thread - 0] INFO  volume.OMVolumeCreateRequest (OMVolumeCreateRequest.java:validateAndUpdateCache(196)) - created volume:ea1a458f-6360-4ed7-9a8f-6125cffe1781 for user:runner
2023-06-02 19:47:05,329 [main] INFO  rpc.RpcClient (RpcClient.java:createBucket(686)) - Creating Bucket: ea1a458f-6360-4ed7-9a8f-6125cffe1781/c8a72092-1504-4c45-ba9a-b485e058e954, with server-side default bucket layout, runner as owner, Versioning false, Storage Type set to DISK and Encryption set to false, Replication Type set to server-side default replication type, Namespace Quota set to -1, Space Quota set to -1 
2023-06-02 19:47:05,331 [OM StateMachine ApplyTransaction Thread - 0] INFO  bucket.OMBucketCreateRequest (OMBucketCreateRequest.java:validateAndUpdateCache(270)) - created bucket: c8a72092-1504-4c45-ba9a-b485e058e954 of layout FILE_SYSTEM_OPTIMIZED in volume: ea1a458f-6360-4ed7-9a8f-6125cffe1781
2023-06-02 19:47:05,826 [main] INFO  rpc.RpcClient (RpcClient.java:createVolume(459)) - Creating Volume: 4bd02ac6-02ff-4a27-8910-dbd6dba9e581, with runner as owner and space quota set to -1 bytes, counts quota set to -1
2023-06-02 19:47:05,829 [OM StateMachine ApplyTransaction Thread - 0] INFO  volume.OMVolumeCreateRequest (OMVolumeCreateRequest.java:validateAndUpdateCache(196)) - created volume:4bd02ac6-02ff-4a27-8910-dbd6dba9e581 for user:runner
2023-06-02 19:47:05,831 [main] INFO  rpc.RpcClient (RpcClient.java:createBucket(686)) - Creating Bucket: 4bd02ac6-02ff-4a27-8910-dbd6dba9e581/1b181c6e-5b00-4772-bce0-72cffa8fff1d, with server-side default bucket layout, runner as owner, Versioning false, Storage Type set to DISK and Encryption set to false, Replication Type set to server-side default replication type, Namespace Quota set to -1, Space Quota set to -1 
2023-06-02 19:47:05,833 [OM StateMachine ApplyTransaction Thread - 0] INFO  bucket.OMBucketCreateRequest (OMBucketCreateRequest.java:validateAndUpdateCache(270)) - created bucket: 1b181c6e-5b00-4772-bce0-72cffa8fff1d of layout FILE_SYSTEM_OPTIMIZED in volume: 4bd02ac6-02ff-4a27-8910-dbd6dba9e581
2023-06-02 19:47:06,318 [main] INFO  rpc.RpcClient (RpcClient.java:createVolume(459)) - Creating Volume: 81bc07b6-396c-4f9c-97f5-b512aa00b26f, with runner as owner and space quota set to -1 bytes, counts quota set to -1
2023-06-02 19:47:06,321 [OM StateMachine ApplyTransaction Thread - 0] INFO  volume.OMVolumeCreateRequest (OMVolumeCreateRequest.java:validateAndUpdateCache(196)) - created volume:81bc07b6-396c-4f9c-97f5-b512aa00b26f for user:runner
2023-06-02 19:47:06,323 [main] INFO  rpc.RpcClient (RpcClient.java:createBucket(686)) - Creating Bucket: 81bc07b6-396c-4f9c-97f5-b512aa00b26f/64fed54d-a1c8-469f-acb4-d136b43a0f80, with server-side default bucket layout, runner as owner, Versioning false, Storage Type set to DISK and Encryption set to false, Replication Type set to server-side default replication type, Namespace Quota set to -1, Space Quota set to -1 
2023-06-02 19:47:06,329 [OM StateMachine ApplyTransaction Thread - 0] INFO  bucket.OMBucketCreateRequest (OMBucketCreateRequest.java:validateAndUpdateCache(270)) - created bucket: 64fed54d-a1c8-469f-acb4-d136b43a0f80 of layout FILE_SYSTEM_OPTIMIZED in volume: 81bc07b6-396c-4f9c-97f5-b512aa00b26f
2023-06-02 19:47:06,771 [main] INFO  rpc.RpcClient (RpcClient.java:createVolume(459)) - Creating Volume: 7ec23b3b-a6d4-474b-aade-b5fe82691e29, with runner as owner and space quota set to -1 bytes, counts quota set to -1
2023-06-02 19:47:06,774 [OM StateMachine ApplyTransaction Thread - 0] INFO  volume.OMVolumeCreateRequest (OMVolumeCreateRequest.java:validateAndUpdateCache(196)) - created volume:7ec23b3b-a6d4-474b-aade-b5fe82691e29 for user:runner
2023-06-02 19:47:06,776 [main] INFO  rpc.RpcClient (RpcClient.java:createBucket(686)) - Creating Bucket: 7ec23b3b-a6d4-474b-aade-b5fe82691e29/e81d6b88-473b-495c-a2b1-ddf49cc9ec35, with server-side default bucket layout, runner as owner, Versioning false, Storage Type set to DISK and Encryption set to false, Replication Type set to server-side default replication type, Namespace Quota set to -1, Space Quota set to -1 
2023-06-02 19:47:06,778 [OM StateMachine ApplyTransaction Thread - 0] INFO  bucket.OMBucketCreateRequest (OMBucketCreateRequest.java:validateAndUpdateCache(270)) - created bucket: e81d6b88-473b-495c-a2b1-ddf49cc9ec35 of layout FILE_SYSTEM_OPTIMIZED in volume: 7ec23b3b-a6d4-474b-aade-b5fe82691e29
2023-06-02 19:47:07,456 [main] INFO  rpc.RpcClient (RpcClient.java:createVolume(459)) - Creating Volume: 4a19787b-23b3-4b88-925e-f864f54b1140, with runner as owner and space quota set to -1 bytes, counts quota set to -1
2023-06-02 19:47:07,459 [OM StateMachine ApplyTransaction Thread - 0] INFO  volume.OMVolumeCreateRequest (OMVolumeCreateRequest.java:validateAndUpdateCache(196)) - created volume:4a19787b-23b3-4b88-925e-f864f54b1140 for user:runner
2023-06-02 19:47:07,461 [main] INFO  rpc.RpcClient (RpcClient.java:createBucket(686)) - Creating Bucket: 4a19787b-23b3-4b88-925e-f864f54b1140/503e4a85-7793-49b5-9760-7aa38c1c070e, with server-side default bucket layout, runner as owner, Versioning false, Storage Type set to DISK and Encryption set to false, Replication Type set to server-side default replication type, Namespace Quota set to -1, Space Quota set to -1 
2023-06-02 19:47:07,464 [OM StateMachine ApplyTransaction Thread - 0] INFO  bucket.OMBucketCreateRequest (OMBucketCreateRequest.java:validateAndUpdateCache(270)) - created bucket: 503e4a85-7793-49b5-9760-7aa38c1c070e of layout FILE_SYSTEM_OPTIMIZED in volume: 4a19787b-23b3-4b88-925e-f864f54b1140
2023-06-02 19:47:08,035 [main] INFO  rpc.RpcClient (RpcClient.java:createVolume(459)) - Creating Volume: 0b9b4fdc-79ee-4141-88d4-f7e9264b29bb, with runner as owner and space quota set to -1 bytes, counts quota set to -1
2023-06-02 19:47:08,038 [OM StateMachine ApplyTransaction Thread - 0] INFO  volume.OMVolumeCreateRequest (OMVolumeCreateRequest.java:validateAndUpdateCache(196)) - created volume:0b9b4fdc-79ee-4141-88d4-f7e9264b29bb for user:runner
2023-06-02 19:47:08,040 [main] INFO  rpc.RpcClient (RpcClient.java:createBucket(686)) - Creating Bucket: 0b9b4fdc-79ee-4141-88d4-f7e9264b29bb/9c2e497f-e294-4f01-889f-31af1336ca49, with server-side default bucket layout, runner as owner, Versioning false, Storage Type set to DISK and Encryption set to false, Replication Type set to server-side default replication type, Namespace Quota set to -1, Space Quota set to -1 
2023-06-02 19:47:08,043 [OM StateMachine ApplyTransaction Thread - 0] INFO  bucket.OMBucketCreateRequest (OMBucketCreateRequest.java:validateAndUpdateCache(270)) - created bucket: 9c2e497f-e294-4f01-889f-31af1336ca49 of layout FILE_SYSTEM_OPTIMIZED in volume: 0b9b4fdc-79ee-4141-88d4-f7e9264b29bb
2023-06-02 19:47:08,888 [main] INFO  rpc.RpcClient (RpcClient.java:createVolume(459)) - Creating Volume: ce8cd08a-a253-4771-bb6c-01e052228d4a, with runner as owner and space quota set to -1 bytes, counts quota set to -1
2023-06-02 19:47:08,891 [OM StateMachine ApplyTransaction Thread - 0] INFO  volume.OMVolumeCreateRequest (OMVolumeCreateRequest.java:validateAndUpdateCache(196)) - created volume:ce8cd08a-a253-4771-bb6c-01e052228d4a for user:runner
2023-06-02 19:47:08,893 [main] INFO  rpc.RpcClient (RpcClient.java:createBucket(686)) - Creating Bucket: ce8cd08a-a253-4771-bb6c-01e052228d4a/8b58873d-b799-493d-a53f-2d746ccccabf, with server-side default bucket layout, runner as owner, Versioning false, Storage Type set to DISK and Encryption set to false, Replication Type set to server-side default replication type, Namespace Quota set to -1, Space Quota set to -1 
2023-06-02 19:47:08,895 [OM StateMachine ApplyTransaction Thread - 0] INFO  bucket.OMBucketCreateRequest (OMBucketCreateRequest.java:validateAndUpdateCache(270)) - created bucket: 8b58873d-b799-493d-a53f-2d746ccccabf of layout FILE_SYSTEM_OPTIMIZED in volume: ce8cd08a-a253-4771-bb6c-01e052228d4a
]]></system-out>
  </testcase>
  <testcase name="testBucketQuotaInNamespace" classname="org.apache.hadoop.ozone.client.rpc.TestOzoneRpcClientWithRatis" time="0.154">
    <system-out><![CDATA[2023-06-02 19:47:09,456 [main] INFO  rpc.RpcClient (RpcClient.java:createVolume(459)) - Creating Volume: bf01cf37-9b20-4960-a51f-8a66f4cdc5aa, with runner as owner and space quota set to -1 bytes, counts quota set to -1
2023-06-02 19:47:09,463 [OM StateMachine ApplyTransaction Thread - 0] INFO  volume.OMVolumeCreateRequest (OMVolumeCreateRequest.java:validateAndUpdateCache(196)) - created volume:bf01cf37-9b20-4960-a51f-8a66f4cdc5aa for user:runner
2023-06-02 19:47:09,469 [main] INFO  rpc.RpcClient (RpcClient.java:createBucket(686)) - Creating Bucket: bf01cf37-9b20-4960-a51f-8a66f4cdc5aa/bc6d2b55-e774-48e0-98ba-3063f351046f, with server-side default bucket layout, runner as owner, Versioning false, Storage Type set to DISK and Encryption set to false, Replication Type set to server-side default replication type, Namespace Quota set to -1, Space Quota set to -1 
2023-06-02 19:47:09,473 [OM StateMachine ApplyTransaction Thread - 0] INFO  bucket.OMBucketCreateRequest (OMBucketCreateRequest.java:validateAndUpdateCache(270)) - created bucket: bc6d2b55-e774-48e0-98ba-3063f351046f of layout FILE_SYSTEM_OPTIMIZED in volume: bf01cf37-9b20-4960-a51f-8a66f4cdc5aa
19:47:09.585 [OM StateMachine ApplyTransaction Thread - 0] ERROR OMAudit - user=runner | ip=127.0.0.1 | op=ALLOCATE_KEY {volume=bf01cf37-9b20-4960-a51f-8a66f4cdc5aa, bucket=bc6d2b55-e774-48e0-98ba-3063f351046f, key=9d7c6a0f-439a-45d2-b844-74a7a876372a, dataSize=12, replicationType=RATIS, replicationFactor=ONE} | ret=FAILURE
org.apache.hadoop.ozone.om.exceptions.OMException: The namespace quota of Bucket:bc6d2b55-e774-48e0-98ba-3063f351046f exceeded: quotaInNamespace: 2 but namespace consumed: 3.
	at org.apache.hadoop.ozone.om.request.key.OMKeyRequest.checkBucketQuotaInNamespace(OMKeyRequest.java:555) ~[ozone-manager-1.4.0-SNAPSHOT.jar:?]
	at org.apache.hadoop.ozone.om.request.key.OMKeyCreateRequestWithFSO.validateAndUpdateCache(OMKeyCreateRequestWithFSO.java:189) ~[ozone-manager-1.4.0-SNAPSHOT.jar:?]
	at org.apache.hadoop.ozone.protocolPB.OzoneManagerRequestHandler.handleWriteRequest(OzoneManagerRequestHandler.java:338) ~[ozone-manager-1.4.0-SNAPSHOT.jar:?]
	at org.apache.hadoop.ozone.om.ratis.OzoneManagerStateMachine.runCommand(OzoneManagerStateMachine.java:567) ~[ozone-manager-1.4.0-SNAPSHOT.jar:?]
	at org.apache.hadoop.ozone.om.ratis.OzoneManagerStateMachine.lambda$1(OzoneManagerStateMachine.java:358) ~[ozone-manager-1.4.0-SNAPSHOT.jar:?]
	at java.util.concurrent.CompletableFuture$AsyncSupply.run(CompletableFuture.java:1604) [?:1.8.0_372]
	at java.util.concurrent.ThreadPoolExecutor.runWorker(ThreadPoolExecutor.java:1149) [?:1.8.0_372]
	at java.util.concurrent.ThreadPoolExecutor$Worker.run(ThreadPoolExecutor.java:624) [?:1.8.0_372]
	at java.lang.Thread.run(Thread.java:750) [?:1.8.0_372]
2023-06-02 19:47:09,585 [OM StateMachine ApplyTransaction Thread - 0] ERROR key.OMKeyCreateRequest (OMKeyCreateRequest.java:logResult(380)) - Key creation failed. Volume:bf01cf37-9b20-4960-a51f-8a66f4cdc5aa, Bucket:bc6d2b55-e774-48e0-98ba-3063f351046f, Key:9d7c6a0f-439a-45d2-b844-74a7a876372a. 
QUOTA_EXCEEDED org.apache.hadoop.ozone.om.exceptions.OMException: The namespace quota of Bucket:bc6d2b55-e774-48e0-98ba-3063f351046f exceeded: quotaInNamespace: 2 but namespace consumed: 3.
	at org.apache.hadoop.ozone.om.request.key.OMKeyRequest.checkBucketQuotaInNamespace(OMKeyRequest.java:555)
	at org.apache.hadoop.ozone.om.request.key.OMKeyCreateRequestWithFSO.validateAndUpdateCache(OMKeyCreateRequestWithFSO.java:189)
	at org.apache.hadoop.ozone.protocolPB.OzoneManagerRequestHandler.handleWriteRequest(OzoneManagerRequestHandler.java:338)
	at org.apache.hadoop.ozone.om.ratis.OzoneManagerStateMachine.runCommand(OzoneManagerStateMachine.java:567)
	at org.apache.hadoop.ozone.om.ratis.OzoneManagerStateMachine.lambda$1(OzoneManagerStateMachine.java:358)
	at java.util.concurrent.CompletableFuture$AsyncSupply.run(CompletableFuture.java:1604)
	at java.util.concurrent.ThreadPoolExecutor.runWorker(ThreadPoolExecutor.java:1149)
	at java.util.concurrent.ThreadPoolExecutor$Worker.run(ThreadPoolExecutor.java:624)
	at java.lang.Thread.run(Thread.java:750)
]]></system-out>
  </testcase>
  <testcase name="testBucketSetOwner" classname="org.apache.hadoop.ozone.client.rpc.TestOzoneRpcClientWithRatis" time="0.039">
    <system-out><![CDATA[2023-06-02 19:47:09,610 [main] INFO  rpc.RpcClient (RpcClient.java:createVolume(459)) - Creating Volume: cbc60ed6-9a13-4d8e-8723-2d9c5589ef11, with runner as owner and space quota set to -1 bytes, counts quota set to -1
2023-06-02 19:47:09,612 [OM StateMachine ApplyTransaction Thread - 0] INFO  volume.OMVolumeCreateRequest (OMVolumeCreateRequest.java:validateAndUpdateCache(196)) - created volume:cbc60ed6-9a13-4d8e-8723-2d9c5589ef11 for user:runner
2023-06-02 19:47:09,614 [main] INFO  rpc.RpcClient (RpcClient.java:createBucket(686)) - Creating Bucket: cbc60ed6-9a13-4d8e-8723-2d9c5589ef11/88263f5b-f150-40c8-bc81-9e41954d57f7, with server-side default bucket layout, runner as owner, Versioning false, Storage Type set to DISK and Encryption set to false, Replication Type set to server-side default replication type, Namespace Quota set to -1, Space Quota set to -1 
2023-06-02 19:47:09,617 [OM StateMachine ApplyTransaction Thread - 0] INFO  bucket.OMBucketCreateRequest (OMBucketCreateRequest.java:validateAndUpdateCache(270)) - created bucket: 88263f5b-f150-40c8-bc81-9e41954d57f7 of layout FILE_SYSTEM_OPTIMIZED in volume: cbc60ed6-9a13-4d8e-8723-2d9c5589ef11
]]></system-out>
  </testcase>
  <testcase name="testBucketUsedBytes" classname="org.apache.hadoop.ozone.client.rpc.TestOzoneRpcClientWithRatis" time="0.075">
    <system-out><![CDATA[2023-06-02 19:47:09,649 [main] INFO  rpc.RpcClient (RpcClient.java:createVolume(459)) - Creating Volume: ddd8695e-f297-47e8-bcdd-8c6f4c32e1b1, with runner as owner and space quota set to -1 bytes, counts quota set to -1
2023-06-02 19:47:09,652 [OM StateMachine ApplyTransaction Thread - 0] INFO  volume.OMVolumeCreateRequest (OMVolumeCreateRequest.java:validateAndUpdateCache(196)) - created volume:ddd8695e-f297-47e8-bcdd-8c6f4c32e1b1 for user:runner
2023-06-02 19:47:09,654 [main] INFO  rpc.RpcClient (RpcClient.java:createBucket(686)) - Creating Bucket: ddd8695e-f297-47e8-bcdd-8c6f4c32e1b1/65426557-4f99-49d5-b48d-643a3ce9f582, with bucket layout OBJECT_STORE, runner as owner, Versioning false, Storage Type set to DISK and Encryption set to false, Replication Type set to server-side default replication type, Namespace Quota set to -1, Space Quota set to -1 
2023-06-02 19:47:09,656 [OM StateMachine ApplyTransaction Thread - 0] INFO  bucket.OMBucketCreateRequest (OMBucketCreateRequest.java:validateAndUpdateCache(270)) - created bucket: 65426557-4f99-49d5-b48d-643a3ce9f582 of layout OBJECT_STORE in volume: ddd8695e-f297-47e8-bcdd-8c6f4c32e1b1
]]></system-out>
  </testcase>
  <testcase name="testBucketUsedNamespace(BucketLayout)[1]" classname="org.apache.hadoop.ozone.client.rpc.TestOzoneRpcClientWithRatis" time="0.14">
    <system-out><![CDATA[2023-06-02 19:47:09,726 [main] INFO  rpc.RpcClient (RpcClient.java:createVolume(459)) - Creating Volume: 630d38e7-fa82-4c4d-b208-8316dedd19ed, with runner as owner and space quota set to -1 bytes, counts quota set to -1
2023-06-02 19:47:09,730 [OM StateMachine ApplyTransaction Thread - 0] INFO  volume.OMVolumeCreateRequest (OMVolumeCreateRequest.java:validateAndUpdateCache(196)) - created volume:630d38e7-fa82-4c4d-b208-8316dedd19ed for user:runner
2023-06-02 19:47:09,731 [main] INFO  rpc.RpcClient (RpcClient.java:createBucket(686)) - Creating Bucket: 630d38e7-fa82-4c4d-b208-8316dedd19ed/767b27c0-0a7d-4ee8-b527-7d56bb83edfe, with bucket layout OBJECT_STORE, runner as owner, Versioning false, Storage Type set to DISK and Encryption set to false, Replication Type set to server-side default replication type, Namespace Quota set to -1, Space Quota set to -1 
2023-06-02 19:47:09,734 [OM StateMachine ApplyTransaction Thread - 0] INFO  bucket.OMBucketCreateRequest (OMBucketCreateRequest.java:validateAndUpdateCache(270)) - created bucket: 767b27c0-0a7d-4ee8-b527-7d56bb83edfe of layout OBJECT_STORE in volume: 630d38e7-fa82-4c4d-b208-8316dedd19ed
]]></system-out>
  </testcase>
  <testcase name="testBucketUsedNamespace(BucketLayout)[2]" classname="org.apache.hadoop.ozone.client.rpc.TestOzoneRpcClientWithRatis" time="0.14">
    <system-out><![CDATA[2023-06-02 19:47:09,868 [main] INFO  rpc.RpcClient (RpcClient.java:createVolume(459)) - Creating Volume: f7406d2e-f52d-473c-bd77-62037658b27a, with runner as owner and space quota set to -1 bytes, counts quota set to -1
2023-06-02 19:47:09,871 [OM StateMachine ApplyTransaction Thread - 0] INFO  volume.OMVolumeCreateRequest (OMVolumeCreateRequest.java:validateAndUpdateCache(196)) - created volume:f7406d2e-f52d-473c-bd77-62037658b27a for user:runner
2023-06-02 19:47:09,873 [main] INFO  rpc.RpcClient (RpcClient.java:createBucket(686)) - Creating Bucket: f7406d2e-f52d-473c-bd77-62037658b27a/d344de87-b6cb-4a3d-83f1-fc7b3405ec6e, with bucket layout LEGACY, runner as owner, Versioning false, Storage Type set to DISK and Encryption set to false, Replication Type set to server-side default replication type, Namespace Quota set to -1, Space Quota set to -1 
2023-06-02 19:47:09,875 [OM StateMachine ApplyTransaction Thread - 0] INFO  bucket.OMBucketCreateRequest (OMBucketCreateRequest.java:validateAndUpdateCache(270)) - created bucket: d344de87-b6cb-4a3d-83f1-fc7b3405ec6e of layout LEGACY in volume: f7406d2e-f52d-473c-bd77-62037658b27a
]]></system-out>
  </testcase>
  <testcase name="testBucketUsedNamespace(BucketLayout)[3]" classname="org.apache.hadoop.ozone.client.rpc.TestOzoneRpcClientWithRatis" time="0.136">
    <system-out><![CDATA[2023-06-02 19:47:10,009 [main] INFO  rpc.RpcClient (RpcClient.java:createVolume(459)) - Creating Volume: 2ab6aa7f-b7c3-475f-8e11-4510a3db98a9, with runner as owner and space quota set to -1 bytes, counts quota set to -1
2023-06-02 19:47:10,013 [OM StateMachine ApplyTransaction Thread - 0] INFO  volume.OMVolumeCreateRequest (OMVolumeCreateRequest.java:validateAndUpdateCache(196)) - created volume:2ab6aa7f-b7c3-475f-8e11-4510a3db98a9 for user:runner
2023-06-02 19:47:10,014 [main] INFO  rpc.RpcClient (RpcClient.java:createBucket(686)) - Creating Bucket: 2ab6aa7f-b7c3-475f-8e11-4510a3db98a9/995566de-4aa6-44d9-9a9a-b0460450dd76, with bucket layout FILE_SYSTEM_OPTIMIZED, runner as owner, Versioning false, Storage Type set to DISK and Encryption set to false, Replication Type set to server-side default replication type, Namespace Quota set to -1, Space Quota set to -1 
2023-06-02 19:47:10,016 [OM StateMachine ApplyTransaction Thread - 0] INFO  bucket.OMBucketCreateRequest (OMBucketCreateRequest.java:validateAndUpdateCache(270)) - created bucket: 995566de-4aa6-44d9-9a9a-b0460450dd76 of layout FILE_SYSTEM_OPTIMIZED in volume: 2ab6aa7f-b7c3-475f-8e11-4510a3db98a9
]]></system-out>
  </testcase>
  <testcase name="testCheckUsedBytesQuota" classname="org.apache.hadoop.ozone.client.rpc.TestOzoneRpcClientWithRatis" time="0.797">
    <system-out><![CDATA[2023-06-02 19:47:10,145 [main] INFO  rpc.RpcClient (RpcClient.java:createVolume(459)) - Creating Volume: cebf45ad-6bb6-4066-869c-6024048f60b6, with runner as owner and space quota set to -1 bytes, counts quota set to -1
2023-06-02 19:47:10,147 [OM StateMachine ApplyTransaction Thread - 0] INFO  volume.OMVolumeCreateRequest (OMVolumeCreateRequest.java:validateAndUpdateCache(196)) - created volume:cebf45ad-6bb6-4066-869c-6024048f60b6 for user:runner
2023-06-02 19:47:10,149 [main] INFO  rpc.RpcClient (RpcClient.java:createBucket(686)) - Creating Bucket: cebf45ad-6bb6-4066-869c-6024048f60b6/58940238-1d38-43e0-8439-9f04a5bb13b1, with server-side default bucket layout, runner as owner, Versioning false, Storage Type set to DISK and Encryption set to false, Replication Type set to server-side default replication type, Namespace Quota set to -1, Space Quota set to -1 
2023-06-02 19:47:10,151 [OM StateMachine ApplyTransaction Thread - 0] INFO  bucket.OMBucketCreateRequest (OMBucketCreateRequest.java:validateAndUpdateCache(270)) - created bucket: 58940238-1d38-43e0-8439-9f04a5bb13b1 of layout FILE_SYSTEM_OPTIMIZED in volume: cebf45ad-6bb6-4066-869c-6024048f60b6
2023-06-02 19:47:10,156 [main] INFO  rpc.RpcClient (RpcClient.java:createBucket(686)) - Creating Bucket: cebf45ad-6bb6-4066-869c-6024048f60b6/bf3d7f91-0cd3-4807-bb20-72beaee0c8b7, with server-side default bucket layout, runner as owner, Versioning false, Storage Type set to DISK and Encryption set to false, Replication Type set to server-side default replication type, Namespace Quota set to -1, Space Quota set to -1 
2023-06-02 19:47:10,158 [OM StateMachine ApplyTransaction Thread - 0] INFO  bucket.OMBucketCreateRequest (OMBucketCreateRequest.java:validateAndUpdateCache(270)) - created bucket: bf3d7f91-0cd3-4807-bb20-72beaee0c8b7 of layout FILE_SYSTEM_OPTIMIZED in volume: cebf45ad-6bb6-4066-869c-6024048f60b6
19:47:10.179 [OM StateMachine ApplyTransaction Thread - 0] ERROR OMAudit - user=runner | ip=127.0.0.1 | op=ALLOCATE_KEY {volume=cebf45ad-6bb6-4066-869c-6024048f60b6, bucket=bf3d7f91-0cd3-4807-bb20-72beaee0c8b7, key=4cd12991-0669-4fc1-901d-f6dc2b304ad2, dataSize=12, replicationType=RATIS, replicationFactor=ONE} | ret=FAILURE
org.apache.hadoop.ozone.om.exceptions.OMException: The DiskSpace quota of bucket:bf3d7f91-0cd3-4807-bb20-72beaee0c8b7 exceeded quotaInBytes: 1 Bytes but diskspace consumed: 4194304 Bytes.
	at org.apache.hadoop.ozone.om.request.key.OMKeyRequest.checkBucketQuotaInBytes(OMKeyRequest.java:536) ~[ozone-manager-1.4.0-SNAPSHOT.jar:?]
	at org.apache.hadoop.ozone.om.request.key.OMKeyCreateRequestWithFSO.validateAndUpdateCache(OMKeyCreateRequestWithFSO.java:187) ~[ozone-manager-1.4.0-SNAPSHOT.jar:?]
	at org.apache.hadoop.ozone.protocolPB.OzoneManagerRequestHandler.handleWriteRequest(OzoneManagerRequestHandler.java:338) ~[ozone-manager-1.4.0-SNAPSHOT.jar:?]
	at org.apache.hadoop.ozone.om.ratis.OzoneManagerStateMachine.runCommand(OzoneManagerStateMachine.java:567) ~[ozone-manager-1.4.0-SNAPSHOT.jar:?]
	at org.apache.hadoop.ozone.om.ratis.OzoneManagerStateMachine.lambda$1(OzoneManagerStateMachine.java:358) ~[ozone-manager-1.4.0-SNAPSHOT.jar:?]
	at java.util.concurrent.CompletableFuture$AsyncSupply.run(CompletableFuture.java:1604) [?:1.8.0_372]
	at java.util.concurrent.ThreadPoolExecutor.runWorker(ThreadPoolExecutor.java:1149) [?:1.8.0_372]
	at java.util.concurrent.ThreadPoolExecutor$Worker.run(ThreadPoolExecutor.java:624) [?:1.8.0_372]
	at java.lang.Thread.run(Thread.java:750) [?:1.8.0_372]
2023-06-02 19:47:10,180 [OM StateMachine ApplyTransaction Thread - 0] ERROR key.OMKeyCreateRequest (OMKeyCreateRequest.java:logResult(380)) - Key creation failed. Volume:cebf45ad-6bb6-4066-869c-6024048f60b6, Bucket:bf3d7f91-0cd3-4807-bb20-72beaee0c8b7, Key:4cd12991-0669-4fc1-901d-f6dc2b304ad2. 
QUOTA_EXCEEDED org.apache.hadoop.ozone.om.exceptions.OMException: The DiskSpace quota of bucket:bf3d7f91-0cd3-4807-bb20-72beaee0c8b7 exceeded quotaInBytes: 1 Bytes but diskspace consumed: 4194304 Bytes.
	at org.apache.hadoop.ozone.om.request.key.OMKeyRequest.checkBucketQuotaInBytes(OMKeyRequest.java:536)
	at org.apache.hadoop.ozone.om.request.key.OMKeyCreateRequestWithFSO.validateAndUpdateCache(OMKeyCreateRequestWithFSO.java:187)
	at org.apache.hadoop.ozone.protocolPB.OzoneManagerRequestHandler.handleWriteRequest(OzoneManagerRequestHandler.java:338)
	at org.apache.hadoop.ozone.om.ratis.OzoneManagerStateMachine.runCommand(OzoneManagerStateMachine.java:567)
	at org.apache.hadoop.ozone.om.ratis.OzoneManagerStateMachine.lambda$1(OzoneManagerStateMachine.java:358)
	at java.util.concurrent.CompletableFuture$AsyncSupply.run(CompletableFuture.java:1604)
	at java.util.concurrent.ThreadPoolExecutor.runWorker(ThreadPoolExecutor.java:1149)
	at java.util.concurrent.ThreadPoolExecutor$Worker.run(ThreadPoolExecutor.java:624)
	at java.lang.Thread.run(Thread.java:750)
19:47:10.196 [OM StateMachine ApplyTransaction Thread - 0] ERROR OMAudit - user=runner | ip=127.0.0.1 | op=CREATE_FILE {volume=cebf45ad-6bb6-4066-869c-6024048f60b6, bucket=bf3d7f91-0cd3-4807-bb20-72beaee0c8b7, key=f5893d88-d18c-46aa-8b4b-649418901670, dataSize=4194304, replicationType=RATIS, replicationFactor=ONE} | ret=FAILURE
org.apache.hadoop.ozone.om.exceptions.OMException: The DiskSpace quota of bucket:bf3d7f91-0cd3-4807-bb20-72beaee0c8b7 exceeded quotaInBytes: 1 Bytes but diskspace consumed: 4194304 Bytes.
	at org.apache.hadoop.ozone.om.request.key.OMKeyRequest.checkBucketQuotaInBytes(OMKeyRequest.java:536) ~[ozone-manager-1.4.0-SNAPSHOT.jar:?]
	at org.apache.hadoop.ozone.om.request.file.OMFileCreateRequestWithFSO.validateAndUpdateCache(OMFileCreateRequestWithFSO.java:201) ~[ozone-manager-1.4.0-SNAPSHOT.jar:?]
	at org.apache.hadoop.ozone.protocolPB.OzoneManagerRequestHandler.handleWriteRequest(OzoneManagerRequestHandler.java:338) ~[ozone-manager-1.4.0-SNAPSHOT.jar:?]
	at org.apache.hadoop.ozone.om.ratis.OzoneManagerStateMachine.runCommand(OzoneManagerStateMachine.java:567) ~[ozone-manager-1.4.0-SNAPSHOT.jar:?]
	at org.apache.hadoop.ozone.om.ratis.OzoneManagerStateMachine.lambda$1(OzoneManagerStateMachine.java:358) ~[ozone-manager-1.4.0-SNAPSHOT.jar:?]
	at java.util.concurrent.CompletableFuture$AsyncSupply.run(CompletableFuture.java:1604) [?:1.8.0_372]
	at java.util.concurrent.ThreadPoolExecutor.runWorker(ThreadPoolExecutor.java:1149) [?:1.8.0_372]
	at java.util.concurrent.ThreadPoolExecutor$Worker.run(ThreadPoolExecutor.java:624) [?:1.8.0_372]
	at java.lang.Thread.run(Thread.java:750) [?:1.8.0_372]
2023-06-02 19:47:10,197 [OM StateMachine ApplyTransaction Thread - 0] ERROR file.OMFileCreateRequestWithFSO (OMFileCreateRequestWithFSO.java:validateAndUpdateCache(260)) - File create failed. Volume:cebf45ad-6bb6-4066-869c-6024048f60b6, Bucket:bf3d7f91-0cd3-4807-bb20-72beaee0c8b7, Key:f5893d88-d18c-46aa-8b4b-649418901670.
QUOTA_EXCEEDED org.apache.hadoop.ozone.om.exceptions.OMException: The DiskSpace quota of bucket:bf3d7f91-0cd3-4807-bb20-72beaee0c8b7 exceeded quotaInBytes: 1 Bytes but diskspace consumed: 4194304 Bytes.
	at org.apache.hadoop.ozone.om.request.key.OMKeyRequest.checkBucketQuotaInBytes(OMKeyRequest.java:536)
	at org.apache.hadoop.ozone.om.request.file.OMFileCreateRequestWithFSO.validateAndUpdateCache(OMFileCreateRequestWithFSO.java:201)
	at org.apache.hadoop.ozone.protocolPB.OzoneManagerRequestHandler.handleWriteRequest(OzoneManagerRequestHandler.java:338)
	at org.apache.hadoop.ozone.om.ratis.OzoneManagerStateMachine.runCommand(OzoneManagerStateMachine.java:567)
	at org.apache.hadoop.ozone.om.ratis.OzoneManagerStateMachine.lambda$1(OzoneManagerStateMachine.java:358)
	at java.util.concurrent.CompletableFuture$AsyncSupply.run(CompletableFuture.java:1604)
	at java.util.concurrent.ThreadPoolExecutor.runWorker(ThreadPoolExecutor.java:1149)
	at java.util.concurrent.ThreadPoolExecutor$Worker.run(ThreadPoolExecutor.java:624)
	at java.lang.Thread.run(Thread.java:750)
2023-06-02 19:47:10,896 [OM StateMachine ApplyTransaction Thread - 0] ERROR key.OMAllocateBlockRequestWithFSO (OMAllocateBlockRequestWithFSO.java:validateAndUpdateCache(182)) - Allocate Block failed. Volume:cebf45ad-6bb6-4066-869c-6024048f60b6, Bucket:bf3d7f91-0cd3-4807-bb20-72beaee0c8b7, OpenKey:/-9223372036854631168/-9223372036854629632/-9223372036854629632/c511a238-b945-4c5e-bb15-c553b1e02b2c/110476344046846029. Exception:{}
QUOTA_EXCEEDED org.apache.hadoop.ozone.om.exceptions.OMException: The DiskSpace quota of bucket:bf3d7f91-0cd3-4807-bb20-72beaee0c8b7 exceeded quotaInBytes: 16777216 Bytes but diskspace consumed: 20971520 Bytes.
	at org.apache.hadoop.ozone.om.request.key.OMKeyRequest.checkBucketQuotaInBytes(OMKeyRequest.java:536)
	at org.apache.hadoop.ozone.om.request.key.OMAllocateBlockRequestWithFSO.validateAndUpdateCache(OMAllocateBlockRequestWithFSO.java:155)
	at org.apache.hadoop.ozone.protocolPB.OzoneManagerRequestHandler.handleWriteRequest(OzoneManagerRequestHandler.java:338)
	at org.apache.hadoop.ozone.om.ratis.OzoneManagerStateMachine.runCommand(OzoneManagerStateMachine.java:567)
	at org.apache.hadoop.ozone.om.ratis.OzoneManagerStateMachine.lambda$1(OzoneManagerStateMachine.java:358)
	at java.util.concurrent.CompletableFuture$AsyncSupply.run(CompletableFuture.java:1604)
	at java.util.concurrent.ThreadPoolExecutor.runWorker(ThreadPoolExecutor.java:1149)
	at java.util.concurrent.ThreadPoolExecutor$Worker.run(ThreadPoolExecutor.java:624)
	at java.lang.Thread.run(Thread.java:750)
19:47:10.897 [OM StateMachine ApplyTransaction Thread - 0] ERROR OMAudit - user=runner | ip=127.0.0.1 | op=ALLOCATE_BLOCK {volume=cebf45ad-6bb6-4066-869c-6024048f60b6, bucket=bf3d7f91-0cd3-4807-bb20-72beaee0c8b7, key=c511a238-b945-4c5e-bb15-c553b1e02b2c, dataSize=12, replicationType=RATIS, replicationFactor=ONE, clientID=110476344046846029} | ret=FAILURE
org.apache.hadoop.ozone.om.exceptions.OMException: The DiskSpace quota of bucket:bf3d7f91-0cd3-4807-bb20-72beaee0c8b7 exceeded quotaInBytes: 16777216 Bytes but diskspace consumed: 20971520 Bytes.
	at org.apache.hadoop.ozone.om.request.key.OMKeyRequest.checkBucketQuotaInBytes(OMKeyRequest.java:536) ~[ozone-manager-1.4.0-SNAPSHOT.jar:?]
	at org.apache.hadoop.ozone.om.request.key.OMAllocateBlockRequestWithFSO.validateAndUpdateCache(OMAllocateBlockRequestWithFSO.java:155) ~[ozone-manager-1.4.0-SNAPSHOT.jar:?]
	at org.apache.hadoop.ozone.protocolPB.OzoneManagerRequestHandler.handleWriteRequest(OzoneManagerRequestHandler.java:338) ~[ozone-manager-1.4.0-SNAPSHOT.jar:?]
	at org.apache.hadoop.ozone.om.ratis.OzoneManagerStateMachine.runCommand(OzoneManagerStateMachine.java:567) ~[ozone-manager-1.4.0-SNAPSHOT.jar:?]
	at org.apache.hadoop.ozone.om.ratis.OzoneManagerStateMachine.lambda$1(OzoneManagerStateMachine.java:358) ~[ozone-manager-1.4.0-SNAPSHOT.jar:?]
	at java.util.concurrent.CompletableFuture$AsyncSupply.run(CompletableFuture.java:1604) [?:1.8.0_372]
	at java.util.concurrent.ThreadPoolExecutor.runWorker(ThreadPoolExecutor.java:1149) [?:1.8.0_372]
	at java.util.concurrent.ThreadPoolExecutor$Worker.run(ThreadPoolExecutor.java:624) [?:1.8.0_372]
	at java.lang.Thread.run(Thread.java:750) [?:1.8.0_372]
]]></system-out>
  </testcase>
  <testcase name="testCommitPartAfterCompleteUpload" classname="org.apache.hadoop.ozone.client.rpc.TestOzoneRpcClientWithRatis" time="0.523">
    <system-out><![CDATA[2023-06-02 19:47:10,943 [main] INFO  rpc.RpcClient (RpcClient.java:createVolume(459)) - Creating Volume: c7952f73-5053-4b08-a393-3736308204e8, with runner as owner and space quota set to -1 bytes, counts quota set to -1
2023-06-02 19:47:10,945 [OM StateMachine ApplyTransaction Thread - 0] INFO  volume.OMVolumeCreateRequest (OMVolumeCreateRequest.java:validateAndUpdateCache(196)) - created volume:c7952f73-5053-4b08-a393-3736308204e8 for user:runner
2023-06-02 19:47:10,947 [main] INFO  rpc.RpcClient (RpcClient.java:createBucket(686)) - Creating Bucket: c7952f73-5053-4b08-a393-3736308204e8/dae4739a-4396-4af4-aff5-b037df423720, with server-side default bucket layout, runner as owner, Versioning false, Storage Type set to DISK and Encryption set to false, Replication Type set to server-side default replication type, Namespace Quota set to -1, Space Quota set to -1 
2023-06-02 19:47:10,949 [OM StateMachine ApplyTransaction Thread - 0] INFO  bucket.OMBucketCreateRequest (OMBucketCreateRequest.java:validateAndUpdateCache(270)) - created bucket: dae4739a-4396-4af4-aff5-b037df423720 of layout FILE_SYSTEM_OPTIMIZED in volume: c7952f73-5053-4b08-a393-3736308204e8
2023-06-02 19:47:11,284 [IPC Server handler 3 on default port 15001] WARN  node.SCMNodeManager (SCMNodeManager.java:getNodesByAddress(1381)) - Cannot find node for address 127.0.0.1
19:47:11.464 [OM StateMachine ApplyTransaction Thread - 0] ERROR OMAudit - user=runner | ip=127.0.0.1 | op=COMMIT_MULTIPART_UPLOAD_PARTKEY {volume=c7952f73-5053-4b08-a393-3736308204e8, bucket=dae4739a-4396-4af4-aff5-b037df423720, key=a70ee548-f9bc-4b5b-81f4-959bfc9a3686, dataSize=5242880, replicationType=NONE, replicationFactor=ZERO, partNumber=2, partName=/c7952f73-5053-4b08-a393-3736308204e8/dae4739a-4396-4af4-aff5-b037df423720/a70ee548-f9bc-4b5b-81f4-959bfc9a3686-1fe1dca1-ad5a-49a4-8dfe-368b80359f72-110476344095604816-2} | ret=FAILURE
org.apache.hadoop.ozone.om.exceptions.OMException: No such Multipart upload is with specified uploadId 1fe1dca1-ad5a-49a4-8dfe-368b80359f72-110476344095604816
	at org.apache.hadoop.ozone.om.request.s3.multipart.S3MultipartUploadCommitPartRequest.validateAndUpdateCache(S3MultipartUploadCommitPartRequest.java:188) ~[ozone-manager-1.4.0-SNAPSHOT.jar:?]
	at org.apache.hadoop.ozone.protocolPB.OzoneManagerRequestHandler.handleWriteRequest(OzoneManagerRequestHandler.java:338) ~[ozone-manager-1.4.0-SNAPSHOT.jar:?]
	at org.apache.hadoop.ozone.om.ratis.OzoneManagerStateMachine.runCommand(OzoneManagerStateMachine.java:567) ~[ozone-manager-1.4.0-SNAPSHOT.jar:?]
	at org.apache.hadoop.ozone.om.ratis.OzoneManagerStateMachine.lambda$1(OzoneManagerStateMachine.java:358) ~[ozone-manager-1.4.0-SNAPSHOT.jar:?]
	at java.util.concurrent.CompletableFuture$AsyncSupply.run(CompletableFuture.java:1604) [?:1.8.0_372]
	at java.util.concurrent.ThreadPoolExecutor.runWorker(ThreadPoolExecutor.java:1149) [?:1.8.0_372]
	at java.util.concurrent.ThreadPoolExecutor$Worker.run(ThreadPoolExecutor.java:624) [?:1.8.0_372]
	at java.lang.Thread.run(Thread.java:750) [?:1.8.0_372]
2023-06-02 19:47:11,465 [OM StateMachine ApplyTransaction Thread - 0] ERROR multipart.S3MultipartUploadCommitPartRequest (S3MultipartUploadCommitPartRequest.java:logResult(327)) - MultipartUpload Commit is failed for Key:a70ee548-f9bc-4b5b-81f4-959bfc9a3686 in Volume/Bucket c7952f73-5053-4b08-a393-3736308204e8/dae4739a-4396-4af4-aff5-b037df423720
NO_SUCH_MULTIPART_UPLOAD_ERROR org.apache.hadoop.ozone.om.exceptions.OMException: No such Multipart upload is with specified uploadId 1fe1dca1-ad5a-49a4-8dfe-368b80359f72-110476344095604816
	at org.apache.hadoop.ozone.om.request.s3.multipart.S3MultipartUploadCommitPartRequest.validateAndUpdateCache(S3MultipartUploadCommitPartRequest.java:188)
	at org.apache.hadoop.ozone.protocolPB.OzoneManagerRequestHandler.handleWriteRequest(OzoneManagerRequestHandler.java:338)
	at org.apache.hadoop.ozone.om.ratis.OzoneManagerStateMachine.runCommand(OzoneManagerStateMachine.java:567)
	at org.apache.hadoop.ozone.om.ratis.OzoneManagerStateMachine.lambda$1(OzoneManagerStateMachine.java:358)
	at java.util.concurrent.CompletableFuture$AsyncSupply.run(CompletableFuture.java:1604)
	at java.util.concurrent.ThreadPoolExecutor.runWorker(ThreadPoolExecutor.java:1149)
	at java.util.concurrent.ThreadPoolExecutor$Worker.run(ThreadPoolExecutor.java:624)
	at java.lang.Thread.run(Thread.java:750)
]]></system-out>
  </testcase>
  <testcase name="testCreateBucket" classname="org.apache.hadoop.ozone.client.rpc.TestOzoneRpcClientWithRatis" time="0.01">
    <system-out><![CDATA[2023-06-02 19:47:11,467 [main] INFO  rpc.RpcClient (RpcClient.java:createVolume(459)) - Creating Volume: 0227ecbf-0e20-4aa5-aa4e-6794d6ac0047, with runner as owner and space quota set to -1 bytes, counts quota set to -1
2023-06-02 19:47:11,469 [OM StateMachine ApplyTransaction Thread - 0] INFO  volume.OMVolumeCreateRequest (OMVolumeCreateRequest.java:validateAndUpdateCache(196)) - created volume:0227ecbf-0e20-4aa5-aa4e-6794d6ac0047 for user:runner
2023-06-02 19:47:11,471 [main] INFO  rpc.RpcClient (RpcClient.java:createBucket(686)) - Creating Bucket: 0227ecbf-0e20-4aa5-aa4e-6794d6ac0047/51adfe08-82eb-4c03-a95f-1c104293e27f, with server-side default bucket layout, runner as owner, Versioning false, Storage Type set to DISK and Encryption set to false, Replication Type set to server-side default replication type, Namespace Quota set to -1, Space Quota set to -1 
2023-06-02 19:47:11,474 [OM StateMachine ApplyTransaction Thread - 0] INFO  bucket.OMBucketCreateRequest (OMBucketCreateRequest.java:validateAndUpdateCache(270)) - created bucket: 51adfe08-82eb-4c03-a95f-1c104293e27f of layout FILE_SYSTEM_OPTIMIZED in volume: 0227ecbf-0e20-4aa5-aa4e-6794d6ac0047
]]></system-out>
  </testcase>
  <testcase name="testCreateBucketWithAcls" classname="org.apache.hadoop.ozone.client.rpc.TestOzoneRpcClientWithRatis" time="0.01">
    <system-out><![CDATA[2023-06-02 19:47:11,479 [main] INFO  rpc.RpcClient (RpcClient.java:createVolume(459)) - Creating Volume: d6541071-6dd2-429f-8647-6f9832577bf9, with runner as owner and space quota set to -1 bytes, counts quota set to -1
2023-06-02 19:47:11,481 [OM StateMachine ApplyTransaction Thread - 0] INFO  volume.OMVolumeCreateRequest (OMVolumeCreateRequest.java:validateAndUpdateCache(196)) - created volume:d6541071-6dd2-429f-8647-6f9832577bf9 for user:runner
2023-06-02 19:47:11,483 [main] INFO  rpc.RpcClient (RpcClient.java:createBucket(686)) - Creating Bucket: d6541071-6dd2-429f-8647-6f9832577bf9/732b6d8d-9812-40fc-9cbb-f2141d8d203f, with server-side default bucket layout, runner as owner, Versioning false, Storage Type set to DISK and Encryption set to false, Replication Type set to server-side default replication type, Namespace Quota set to -1, Space Quota set to -1 
2023-06-02 19:47:11,485 [OM StateMachine ApplyTransaction Thread - 0] INFO  bucket.OMBucketCreateRequest (OMBucketCreateRequest.java:validateAndUpdateCache(270)) - created bucket: 732b6d8d-9812-40fc-9cbb-f2141d8d203f of layout FILE_SYSTEM_OPTIMIZED in volume: d6541071-6dd2-429f-8647-6f9832577bf9
]]></system-out>
  </testcase>
  <testcase name="testCreateBucketWithAllArgument" classname="org.apache.hadoop.ozone.client.rpc.TestOzoneRpcClientWithRatis" time="0.017">
    <system-out><![CDATA[2023-06-02 19:47:11,489 [main] INFO  rpc.RpcClient (RpcClient.java:createVolume(459)) - Creating Volume: 9a9a008b-8554-45b8-9b08-b022fabca8e8, with runner as owner and space quota set to -1 bytes, counts quota set to -1
2023-06-02 19:47:11,491 [OM StateMachine ApplyTransaction Thread - 0] INFO  volume.OMVolumeCreateRequest (OMVolumeCreateRequest.java:validateAndUpdateCache(196)) - created volume:9a9a008b-8554-45b8-9b08-b022fabca8e8 for user:runner
2023-06-02 19:47:11,497 [main] INFO  rpc.RpcClient (RpcClient.java:createBucket(686)) - Creating Bucket: 9a9a008b-8554-45b8-9b08-b022fabca8e8/49dd84c7-2fa0-48cb-93fc-21a3b54e7dcd, with server-side default bucket layout, runner as owner, Versioning true, Storage Type set to SSD and Encryption set to false, Replication Type set to EC, Namespace Quota set to -1, Space Quota set to -1 
2023-06-02 19:47:11,502 [OM StateMachine ApplyTransaction Thread - 0] INFO  bucket.OMBucketCreateRequest (OMBucketCreateRequest.java:validateAndUpdateCache(270)) - created bucket: 49dd84c7-2fa0-48cb-93fc-21a3b54e7dcd of layout FILE_SYSTEM_OPTIMIZED in volume: 9a9a008b-8554-45b8-9b08-b022fabca8e8
]]></system-out>
  </testcase>
  <testcase name="testCreateBucketWithMetadata" classname="org.apache.hadoop.ozone.client.rpc.TestOzoneRpcClientWithRatis" time="0.01">
    <system-out><![CDATA[2023-06-02 19:47:11,510 [main] INFO  rpc.RpcClient (RpcClient.java:createVolume(459)) - Creating Volume: 6dea4009-2ae7-4da7-b03a-b1d6fc53024d, with runner as owner and space quota set to -1 bytes, counts quota set to -1
2023-06-02 19:47:11,514 [OM StateMachine ApplyTransaction Thread - 0] INFO  volume.OMVolumeCreateRequest (OMVolumeCreateRequest.java:validateAndUpdateCache(196)) - created volume:6dea4009-2ae7-4da7-b03a-b1d6fc53024d for user:runner
2023-06-02 19:47:11,516 [main] INFO  rpc.RpcClient (RpcClient.java:createBucket(686)) - Creating Bucket: 6dea4009-2ae7-4da7-b03a-b1d6fc53024d/f824a79c-4e3b-471e-8df6-f47cb416200d, with server-side default bucket layout, runner as owner, Versioning false, Storage Type set to DISK and Encryption set to false, Replication Type set to server-side default replication type, Namespace Quota set to -1, Space Quota set to -1 
2023-06-02 19:47:11,518 [OM StateMachine ApplyTransaction Thread - 0] INFO  bucket.OMBucketCreateRequest (OMBucketCreateRequest.java:validateAndUpdateCache(270)) - created bucket: f824a79c-4e3b-471e-8df6-f47cb416200d of layout FILE_SYSTEM_OPTIMIZED in volume: 6dea4009-2ae7-4da7-b03a-b1d6fc53024d
]]></system-out>
  </testcase>
  <testcase name="testCreateBucketWithReplicationConfig" classname="org.apache.hadoop.ozone.client.rpc.TestOzoneRpcClientWithRatis" time="0.009">
    <system-out><![CDATA[2023-06-02 19:47:11,521 [main] INFO  rpc.RpcClient (RpcClient.java:createVolume(459)) - Creating Volume: c5449f91-b891-4a01-8ae3-02c2359f4078, with runner as owner and space quota set to -1 bytes, counts quota set to -1
2023-06-02 19:47:11,523 [OM StateMachine ApplyTransaction Thread - 0] INFO  volume.OMVolumeCreateRequest (OMVolumeCreateRequest.java:validateAndUpdateCache(196)) - created volume:c5449f91-b891-4a01-8ae3-02c2359f4078 for user:runner
2023-06-02 19:47:11,524 [main] INFO  rpc.RpcClient (RpcClient.java:createBucket(686)) - Creating Bucket: c5449f91-b891-4a01-8ae3-02c2359f4078/e68a821e-0a7e-4996-98c1-cf128ff80e5f, with server-side default bucket layout, runner as owner, Versioning false, Storage Type set to DISK and Encryption set to false, Replication Type set to EC, Namespace Quota set to -1, Space Quota set to -1 
2023-06-02 19:47:11,527 [OM StateMachine ApplyTransaction Thread - 0] INFO  bucket.OMBucketCreateRequest (OMBucketCreateRequest.java:validateAndUpdateCache(270)) - created bucket: e68a821e-0a7e-4996-98c1-cf128ff80e5f of layout FILE_SYSTEM_OPTIMIZED in volume: c5449f91-b891-4a01-8ae3-02c2359f4078
]]></system-out>
  </testcase>
  <testcase name="testCreateBucketWithStorageType" classname="org.apache.hadoop.ozone.client.rpc.TestOzoneRpcClientWithRatis" time="0.013">
    <system-out><![CDATA[2023-06-02 19:47:11,535 [main] INFO  rpc.RpcClient (RpcClient.java:createVolume(459)) - Creating Volume: 9005d886-eab6-4822-8afe-ddbd1a8d51f4, with runner as owner and space quota set to -1 bytes, counts quota set to -1
2023-06-02 19:47:11,537 [OM StateMachine ApplyTransaction Thread - 0] INFO  volume.OMVolumeCreateRequest (OMVolumeCreateRequest.java:validateAndUpdateCache(196)) - created volume:9005d886-eab6-4822-8afe-ddbd1a8d51f4 for user:runner
2023-06-02 19:47:11,540 [main] INFO  rpc.RpcClient (RpcClient.java:createBucket(686)) - Creating Bucket: 9005d886-eab6-4822-8afe-ddbd1a8d51f4/ee6db54c-d190-4dff-9c04-c18b559d6dd4, with server-side default bucket layout, runner as owner, Versioning false, Storage Type set to SSD and Encryption set to false, Replication Type set to server-side default replication type, Namespace Quota set to -1, Space Quota set to -1 
2023-06-02 19:47:11,542 [OM StateMachine ApplyTransaction Thread - 0] INFO  bucket.OMBucketCreateRequest (OMBucketCreateRequest.java:validateAndUpdateCache(270)) - created bucket: ee6db54c-d190-4dff-9c04-c18b559d6dd4 of layout FILE_SYSTEM_OPTIMIZED in volume: 9005d886-eab6-4822-8afe-ddbd1a8d51f4
]]></system-out>
  </testcase>
  <testcase name="testCreateBucketWithVersioning" classname="org.apache.hadoop.ozone.client.rpc.TestOzoneRpcClientWithRatis" time="0.01">
    <system-out><![CDATA[2023-06-02 19:47:11,545 [main] INFO  rpc.RpcClient (RpcClient.java:createVolume(459)) - Creating Volume: 28f6b160-8e17-4da2-8a46-33a249994533, with runner as owner and space quota set to -1 bytes, counts quota set to -1
2023-06-02 19:47:11,549 [OM StateMachine ApplyTransaction Thread - 0] INFO  volume.OMVolumeCreateRequest (OMVolumeCreateRequest.java:validateAndUpdateCache(196)) - created volume:28f6b160-8e17-4da2-8a46-33a249994533 for user:runner
2023-06-02 19:47:11,551 [main] INFO  rpc.RpcClient (RpcClient.java:createBucket(686)) - Creating Bucket: 28f6b160-8e17-4da2-8a46-33a249994533/b1bbee3c-1108-48a0-989f-4445c8f30ed3, with server-side default bucket layout, runner as owner, Versioning true, Storage Type set to DISK and Encryption set to false, Replication Type set to server-side default replication type, Namespace Quota set to -1, Space Quota set to -1 
2023-06-02 19:47:11,553 [OM StateMachine ApplyTransaction Thread - 0] INFO  bucket.OMBucketCreateRequest (OMBucketCreateRequest.java:validateAndUpdateCache(270)) - created bucket: b1bbee3c-1108-48a0-989f-4445c8f30ed3 of layout FILE_SYSTEM_OPTIMIZED in volume: 28f6b160-8e17-4da2-8a46-33a249994533
]]></system-out>
  </testcase>
  <testcase name="testCreateS3Bucket" classname="org.apache.hadoop.ozone.client.rpc.TestOzoneRpcClientWithRatis" time="0.014">
    <system-out><![CDATA[2023-06-02 19:47:11,563 [main] INFO  rpc.RpcClient (RpcClient.java:createBucket(686)) - Creating Bucket: s3v/a8440417-292b-43a5-9a6c-136c95a155f9, with bucket layout OBJECT_STORE, runner as owner, Versioning false, Storage Type set to DISK and Encryption set to false, Replication Type set to server-side default replication type, Namespace Quota set to -1, Space Quota set to -1 
2023-06-02 19:47:11,565 [OM StateMachine ApplyTransaction Thread - 0] INFO  bucket.OMBucketCreateRequest (OMBucketCreateRequest.java:validateAndUpdateCache(270)) - created bucket: a8440417-292b-43a5-9a6c-136c95a155f9 of layout OBJECT_STORE in volume: s3v
]]></system-out>
  </testcase>
  <testcase name="testCreateVolumeWithMetadata" classname="org.apache.hadoop.ozone.client.rpc.TestOzoneRpcClientWithRatis" time="0.189">
    <system-out><![CDATA[2023-06-02 19:47:11,585 [main] INFO  rpc.RpcClient (RpcClient.java:createVolume(459)) - Creating Volume: 233b8ecc-9699-40cb-8d4c-f18a12b36e5a, with runner as owner and space quota set to -1 bytes, counts quota set to -1
2023-06-02 19:47:11,766 [OM StateMachine ApplyTransaction Thread - 0] INFO  volume.OMVolumeCreateRequest (OMVolumeCreateRequest.java:validateAndUpdateCache(196)) - created volume:233b8ecc-9699-40cb-8d4c-f18a12b36e5a for user:runner
]]></system-out>
  </testcase>
  <testcase name="testDefaultS3GVolumeExists" classname="org.apache.hadoop.ozone.client.rpc.TestOzoneRpcClientWithRatis" time="0.002"/>
  <testcase name="testDeleteBucket" classname="org.apache.hadoop.ozone.client.rpc.TestOzoneRpcClientWithRatis" time="0.016">
    <system-out><![CDATA[2023-06-02 19:47:11,771 [main] INFO  rpc.RpcClient (RpcClient.java:createVolume(459)) - Creating Volume: 7ae7d7f7-f727-4bf6-945a-9462da7d837b, with runner as owner and space quota set to -1 bytes, counts quota set to -1
2023-06-02 19:47:11,774 [OM StateMachine ApplyTransaction Thread - 0] INFO  volume.OMVolumeCreateRequest (OMVolumeCreateRequest.java:validateAndUpdateCache(196)) - created volume:7ae7d7f7-f727-4bf6-945a-9462da7d837b for user:runner
2023-06-02 19:47:11,775 [main] INFO  rpc.RpcClient (RpcClient.java:createBucket(686)) - Creating Bucket: 7ae7d7f7-f727-4bf6-945a-9462da7d837b/7b4cf0fd-95b0-486a-8c90-a1ffce828c5d, with server-side default bucket layout, runner as owner, Versioning false, Storage Type set to DISK and Encryption set to false, Replication Type set to server-side default replication type, Namespace Quota set to -1, Space Quota set to -1 
2023-06-02 19:47:11,777 [OM StateMachine ApplyTransaction Thread - 0] INFO  bucket.OMBucketCreateRequest (OMBucketCreateRequest.java:validateAndUpdateCache(270)) - created bucket: 7b4cf0fd-95b0-486a-8c90-a1ffce828c5d of layout FILE_SYSTEM_OPTIMIZED in volume: 7ae7d7f7-f727-4bf6-945a-9462da7d837b
19:47:11.782 [IPC Server handler 6 on default port 15004] ERROR OMAudit - user=runner | ip=127.0.0.1 | op=READ_BUCKET {volume=7ae7d7f7-f727-4bf6-945a-9462da7d837b, bucket=7b4cf0fd-95b0-486a-8c90-a1ffce828c5d} | ret=FAILURE
org.apache.hadoop.ozone.om.exceptions.OMException: Bucket not found
	at org.apache.hadoop.ozone.om.OzoneManager.getBucketOwner(OzoneManager.java:2498) ~[ozone-manager-1.4.0-SNAPSHOT.jar:?]
	at org.apache.hadoop.ozone.om.OzoneManager.getBucketOwner(OzoneManager.java:2468) ~[ozone-manager-1.4.0-SNAPSHOT.jar:?]
	at org.apache.hadoop.ozone.om.OmMetadataReader.checkAcls(OmMetadataReader.java:444) ~[ozone-manager-1.4.0-SNAPSHOT.jar:?]
	at org.apache.hadoop.ozone.om.OzoneManager.getBucketInfo(OzoneManager.java:2758) ~[ozone-manager-1.4.0-SNAPSHOT.jar:?]
	at org.apache.hadoop.ozone.protocolPB.OzoneManagerRequestHandler.infoBucket(OzoneManagerRequestHandler.java:510) ~[ozone-manager-1.4.0-SNAPSHOT.jar:?]
	at org.apache.hadoop.ozone.protocolPB.OzoneManagerRequestHandler.handleReadRequest(OzoneManagerRequestHandler.java:189) ~[ozone-manager-1.4.0-SNAPSHOT.jar:?]
	at org.apache.hadoop.ozone.protocolPB.OzoneManagerProtocolServerSideTranslatorPB.submitReadRequestToOM(OzoneManagerProtocolServerSideTranslatorPB.java:223) ~[ozone-manager-1.4.0-SNAPSHOT.jar:?]
	at org.apache.hadoop.ozone.protocolPB.OzoneManagerProtocolServerSideTranslatorPB.processRequest(OzoneManagerProtocolServerSideTranslatorPB.java:177) ~[ozone-manager-1.4.0-SNAPSHOT.jar:?]
	at org.apache.hadoop.hdds.server.OzoneProtocolMessageDispatcher.processRequest(OzoneProtocolMessageDispatcher.java:87) [hdds-server-framework-1.4.0-SNAPSHOT.jar:?]
	at org.apache.hadoop.ozone.protocolPB.OzoneManagerProtocolServerSideTranslatorPB.submitRequest(OzoneManagerProtocolServerSideTranslatorPB.java:147) [ozone-manager-1.4.0-SNAPSHOT.jar:?]
	at org.apache.hadoop.ozone.protocol.proto.OzoneManagerProtocolProtos$OzoneManagerService$2.callBlockingMethod(OzoneManagerProtocolProtos.java) [ozone-interface-client-1.4.0-SNAPSHOT.jar:?]
	at org.apache.hadoop.ipc.ProtobufRpcEngine$Server.processCall(ProtobufRpcEngine.java:484) [hadoop-common-3.3.5.jar:?]
	at org.apache.hadoop.ipc.ProtobufRpcEngine2$Server$ProtoBufRpcInvoker.call(ProtobufRpcEngine2.java:595) [hadoop-common-3.3.5.jar:?]
	at org.apache.hadoop.ipc.ProtobufRpcEngine2$Server$ProtoBufRpcInvoker.call(ProtobufRpcEngine2.java:573) [hadoop-common-3.3.5.jar:?]
	at org.apache.hadoop.ipc.RPC$Server.call(RPC.java:1213) [hadoop-common-3.3.5.jar:?]
	at org.apache.hadoop.ipc.Server$RpcCall.run(Server.java:1089) [hadoop-common-3.3.5.jar:?]
	at org.apache.hadoop.ipc.Server$RpcCall.run(Server.java:1012) [hadoop-common-3.3.5.jar:?]
	at java.security.AccessController.doPrivileged(Native Method) ~[?:1.8.0_372]
	at javax.security.auth.Subject.doAs(Subject.java:422) [?:1.8.0_372]
	at org.apache.hadoop.security.UserGroupInformation.doAs(UserGroupInformation.java:1899) [hadoop-common-3.3.5.jar:?]
	at org.apache.hadoop.ipc.Server$Handler.run(Server.java:3026) [hadoop-common-3.3.5.jar:?]
]]></system-out>
  </testcase>
  <testcase name="testDeleteBucketWithTheSamePrefix(BucketLayout)[1]" classname="org.apache.hadoop.ozone.client.rpc.TestOzoneRpcClientWithRatis" time="0.024">
    <system-out><![CDATA[2023-06-02 19:47:11,789 [main] INFO  rpc.RpcClient (RpcClient.java:createVolume(459)) - Creating Volume: 6cf5ce29-5eba-4daf-b431-3c0883df4105, with runner as owner and space quota set to -1 bytes, counts quota set to -1
2023-06-02 19:47:11,791 [OM StateMachine ApplyTransaction Thread - 0] INFO  volume.OMVolumeCreateRequest (OMVolumeCreateRequest.java:validateAndUpdateCache(196)) - created volume:6cf5ce29-5eba-4daf-b431-3c0883df4105 for user:runner
2023-06-02 19:47:11,793 [main] INFO  rpc.RpcClient (RpcClient.java:createBucket(686)) - Creating Bucket: 6cf5ce29-5eba-4daf-b431-3c0883df4105/bucket1, with bucket layout OBJECT_STORE, runner as owner, Versioning false, Storage Type set to DISK and Encryption set to false, Replication Type set to server-side default replication type, Namespace Quota set to -1, Space Quota set to -1 
2023-06-02 19:47:11,795 [OM StateMachine ApplyTransaction Thread - 0] INFO  bucket.OMBucketCreateRequest (OMBucketCreateRequest.java:validateAndUpdateCache(270)) - created bucket: bucket1 of layout OBJECT_STORE in volume: 6cf5ce29-5eba-4daf-b431-3c0883df4105
2023-06-02 19:47:11,796 [main] INFO  rpc.RpcClient (RpcClient.java:createBucket(686)) - Creating Bucket: 6cf5ce29-5eba-4daf-b431-3c0883df4105/bucket11, with bucket layout OBJECT_STORE, runner as owner, Versioning false, Storage Type set to DISK and Encryption set to false, Replication Type set to server-side default replication type, Namespace Quota set to -1, Space Quota set to -1 
2023-06-02 19:47:11,797 [OM StateMachine ApplyTransaction Thread - 0] INFO  bucket.OMBucketCreateRequest (OMBucketCreateRequest.java:validateAndUpdateCache(270)) - created bucket: bucket11 of layout OBJECT_STORE in volume: 6cf5ce29-5eba-4daf-b431-3c0883df4105
19:47:11.811 [IPC Server handler 3 on default port 15004] ERROR OMAudit - user=runner | ip=127.0.0.1 | op=READ_BUCKET {volume=6cf5ce29-5eba-4daf-b431-3c0883df4105, bucket=bucket1} | ret=FAILURE
org.apache.hadoop.ozone.om.exceptions.OMException: Bucket not found
	at org.apache.hadoop.ozone.om.OzoneManager.getBucketOwner(OzoneManager.java:2498) ~[ozone-manager-1.4.0-SNAPSHOT.jar:?]
	at org.apache.hadoop.ozone.om.OzoneManager.getBucketOwner(OzoneManager.java:2468) ~[ozone-manager-1.4.0-SNAPSHOT.jar:?]
	at org.apache.hadoop.ozone.om.OmMetadataReader.checkAcls(OmMetadataReader.java:444) ~[ozone-manager-1.4.0-SNAPSHOT.jar:?]
	at org.apache.hadoop.ozone.om.OzoneManager.getBucketInfo(OzoneManager.java:2758) ~[ozone-manager-1.4.0-SNAPSHOT.jar:?]
	at org.apache.hadoop.ozone.protocolPB.OzoneManagerRequestHandler.infoBucket(OzoneManagerRequestHandler.java:510) ~[ozone-manager-1.4.0-SNAPSHOT.jar:?]
	at org.apache.hadoop.ozone.protocolPB.OzoneManagerRequestHandler.handleReadRequest(OzoneManagerRequestHandler.java:189) ~[ozone-manager-1.4.0-SNAPSHOT.jar:?]
	at org.apache.hadoop.ozone.protocolPB.OzoneManagerProtocolServerSideTranslatorPB.submitReadRequestToOM(OzoneManagerProtocolServerSideTranslatorPB.java:223) ~[ozone-manager-1.4.0-SNAPSHOT.jar:?]
	at org.apache.hadoop.ozone.protocolPB.OzoneManagerProtocolServerSideTranslatorPB.processRequest(OzoneManagerProtocolServerSideTranslatorPB.java:177) ~[ozone-manager-1.4.0-SNAPSHOT.jar:?]
	at org.apache.hadoop.hdds.server.OzoneProtocolMessageDispatcher.processRequest(OzoneProtocolMessageDispatcher.java:87) [hdds-server-framework-1.4.0-SNAPSHOT.jar:?]
	at org.apache.hadoop.ozone.protocolPB.OzoneManagerProtocolServerSideTranslatorPB.submitRequest(OzoneManagerProtocolServerSideTranslatorPB.java:147) [ozone-manager-1.4.0-SNAPSHOT.jar:?]
	at org.apache.hadoop.ozone.protocol.proto.OzoneManagerProtocolProtos$OzoneManagerService$2.callBlockingMethod(OzoneManagerProtocolProtos.java) [ozone-interface-client-1.4.0-SNAPSHOT.jar:?]
	at org.apache.hadoop.ipc.ProtobufRpcEngine$Server.processCall(ProtobufRpcEngine.java:484) [hadoop-common-3.3.5.jar:?]
	at org.apache.hadoop.ipc.ProtobufRpcEngine2$Server$ProtoBufRpcInvoker.call(ProtobufRpcEngine2.java:595) [hadoop-common-3.3.5.jar:?]
	at org.apache.hadoop.ipc.ProtobufRpcEngine2$Server$ProtoBufRpcInvoker.call(ProtobufRpcEngine2.java:573) [hadoop-common-3.3.5.jar:?]
	at org.apache.hadoop.ipc.RPC$Server.call(RPC.java:1213) [hadoop-common-3.3.5.jar:?]
	at org.apache.hadoop.ipc.Server$RpcCall.run(Server.java:1089) [hadoop-common-3.3.5.jar:?]
	at org.apache.hadoop.ipc.Server$RpcCall.run(Server.java:1012) [hadoop-common-3.3.5.jar:?]
	at java.security.AccessController.doPrivileged(Native Method) ~[?:1.8.0_372]
	at javax.security.auth.Subject.doAs(Subject.java:422) [?:1.8.0_372]
	at org.apache.hadoop.security.UserGroupInformation.doAs(UserGroupInformation.java:1899) [hadoop-common-3.3.5.jar:?]
	at org.apache.hadoop.ipc.Server$Handler.run(Server.java:3026) [hadoop-common-3.3.5.jar:?]
]]></system-out>
  </testcase>
  <testcase name="testDeleteBucketWithTheSamePrefix(BucketLayout)[2]" classname="org.apache.hadoop.ozone.client.rpc.TestOzoneRpcClientWithRatis" time="0.026">
    <system-out><![CDATA[2023-06-02 19:47:11,814 [main] INFO  rpc.RpcClient (RpcClient.java:createVolume(459)) - Creating Volume: 41265c97-2d7c-412e-88da-6028616248a1, with runner as owner and space quota set to -1 bytes, counts quota set to -1
2023-06-02 19:47:11,816 [OM StateMachine ApplyTransaction Thread - 0] INFO  volume.OMVolumeCreateRequest (OMVolumeCreateRequest.java:validateAndUpdateCache(196)) - created volume:41265c97-2d7c-412e-88da-6028616248a1 for user:runner
2023-06-02 19:47:11,817 [main] INFO  rpc.RpcClient (RpcClient.java:createBucket(686)) - Creating Bucket: 41265c97-2d7c-412e-88da-6028616248a1/bucket1, with bucket layout LEGACY, runner as owner, Versioning false, Storage Type set to DISK and Encryption set to false, Replication Type set to server-side default replication type, Namespace Quota set to -1, Space Quota set to -1 
2023-06-02 19:47:11,820 [OM StateMachine ApplyTransaction Thread - 0] INFO  bucket.OMBucketCreateRequest (OMBucketCreateRequest.java:validateAndUpdateCache(270)) - created bucket: bucket1 of layout LEGACY in volume: 41265c97-2d7c-412e-88da-6028616248a1
2023-06-02 19:47:11,821 [main] INFO  rpc.RpcClient (RpcClient.java:createBucket(686)) - Creating Bucket: 41265c97-2d7c-412e-88da-6028616248a1/bucket11, with bucket layout LEGACY, runner as owner, Versioning false, Storage Type set to DISK and Encryption set to false, Replication Type set to server-side default replication type, Namespace Quota set to -1, Space Quota set to -1 
2023-06-02 19:47:11,823 [OM StateMachine ApplyTransaction Thread - 0] INFO  bucket.OMBucketCreateRequest (OMBucketCreateRequest.java:validateAndUpdateCache(270)) - created bucket: bucket11 of layout LEGACY in volume: 41265c97-2d7c-412e-88da-6028616248a1
19:47:11.838 [IPC Server handler 17 on default port 15004] ERROR OMAudit - user=runner | ip=127.0.0.1 | op=READ_BUCKET {volume=41265c97-2d7c-412e-88da-6028616248a1, bucket=bucket1} | ret=FAILURE
org.apache.hadoop.ozone.om.exceptions.OMException: Bucket not found
	at org.apache.hadoop.ozone.om.OzoneManager.getBucketOwner(OzoneManager.java:2498) ~[ozone-manager-1.4.0-SNAPSHOT.jar:?]
	at org.apache.hadoop.ozone.om.OzoneManager.getBucketOwner(OzoneManager.java:2468) ~[ozone-manager-1.4.0-SNAPSHOT.jar:?]
	at org.apache.hadoop.ozone.om.OmMetadataReader.checkAcls(OmMetadataReader.java:444) ~[ozone-manager-1.4.0-SNAPSHOT.jar:?]
	at org.apache.hadoop.ozone.om.OzoneManager.getBucketInfo(OzoneManager.java:2758) ~[ozone-manager-1.4.0-SNAPSHOT.jar:?]
	at org.apache.hadoop.ozone.protocolPB.OzoneManagerRequestHandler.infoBucket(OzoneManagerRequestHandler.java:510) ~[ozone-manager-1.4.0-SNAPSHOT.jar:?]
	at org.apache.hadoop.ozone.protocolPB.OzoneManagerRequestHandler.handleReadRequest(OzoneManagerRequestHandler.java:189) ~[ozone-manager-1.4.0-SNAPSHOT.jar:?]
	at org.apache.hadoop.ozone.protocolPB.OzoneManagerProtocolServerSideTranslatorPB.submitReadRequestToOM(OzoneManagerProtocolServerSideTranslatorPB.java:223) ~[ozone-manager-1.4.0-SNAPSHOT.jar:?]
	at org.apache.hadoop.ozone.protocolPB.OzoneManagerProtocolServerSideTranslatorPB.processRequest(OzoneManagerProtocolServerSideTranslatorPB.java:177) ~[ozone-manager-1.4.0-SNAPSHOT.jar:?]
	at org.apache.hadoop.hdds.server.OzoneProtocolMessageDispatcher.processRequest(OzoneProtocolMessageDispatcher.java:87) [hdds-server-framework-1.4.0-SNAPSHOT.jar:?]
	at org.apache.hadoop.ozone.protocolPB.OzoneManagerProtocolServerSideTranslatorPB.submitRequest(OzoneManagerProtocolServerSideTranslatorPB.java:147) [ozone-manager-1.4.0-SNAPSHOT.jar:?]
	at org.apache.hadoop.ozone.protocol.proto.OzoneManagerProtocolProtos$OzoneManagerService$2.callBlockingMethod(OzoneManagerProtocolProtos.java) [ozone-interface-client-1.4.0-SNAPSHOT.jar:?]
	at org.apache.hadoop.ipc.ProtobufRpcEngine$Server.processCall(ProtobufRpcEngine.java:484) [hadoop-common-3.3.5.jar:?]
	at org.apache.hadoop.ipc.ProtobufRpcEngine2$Server$ProtoBufRpcInvoker.call(ProtobufRpcEngine2.java:595) [hadoop-common-3.3.5.jar:?]
	at org.apache.hadoop.ipc.ProtobufRpcEngine2$Server$ProtoBufRpcInvoker.call(ProtobufRpcEngine2.java:573) [hadoop-common-3.3.5.jar:?]
	at org.apache.hadoop.ipc.RPC$Server.call(RPC.java:1213) [hadoop-common-3.3.5.jar:?]
	at org.apache.hadoop.ipc.Server$RpcCall.run(Server.java:1089) [hadoop-common-3.3.5.jar:?]
	at org.apache.hadoop.ipc.Server$RpcCall.run(Server.java:1012) [hadoop-common-3.3.5.jar:?]
	at java.security.AccessController.doPrivileged(Native Method) ~[?:1.8.0_372]
	at javax.security.auth.Subject.doAs(Subject.java:422) [?:1.8.0_372]
	at org.apache.hadoop.security.UserGroupInformation.doAs(UserGroupInformation.java:1899) [hadoop-common-3.3.5.jar:?]
	at org.apache.hadoop.ipc.Server$Handler.run(Server.java:3026) [hadoop-common-3.3.5.jar:?]
]]></system-out>
  </testcase>
  <testcase name="testDeleteBucketWithTheSamePrefix(BucketLayout)[3]" classname="org.apache.hadoop.ozone.client.rpc.TestOzoneRpcClientWithRatis" time="0.031">
    <system-out><![CDATA[2023-06-02 19:47:11,843 [main] INFO  rpc.RpcClient (RpcClient.java:createVolume(459)) - Creating Volume: b372ee15-5326-4226-a19e-5d01762c7f66, with runner as owner and space quota set to -1 bytes, counts quota set to -1
2023-06-02 19:47:11,845 [OM StateMachine ApplyTransaction Thread - 0] INFO  volume.OMVolumeCreateRequest (OMVolumeCreateRequest.java:validateAndUpdateCache(196)) - created volume:b372ee15-5326-4226-a19e-5d01762c7f66 for user:runner
2023-06-02 19:47:11,850 [main] INFO  rpc.RpcClient (RpcClient.java:createBucket(686)) - Creating Bucket: b372ee15-5326-4226-a19e-5d01762c7f66/bucket1, with bucket layout FILE_SYSTEM_OPTIMIZED, runner as owner, Versioning false, Storage Type set to DISK and Encryption set to false, Replication Type set to server-side default replication type, Namespace Quota set to -1, Space Quota set to -1 
2023-06-02 19:47:11,852 [OM StateMachine ApplyTransaction Thread - 0] INFO  bucket.OMBucketCreateRequest (OMBucketCreateRequest.java:validateAndUpdateCache(270)) - created bucket: bucket1 of layout FILE_SYSTEM_OPTIMIZED in volume: b372ee15-5326-4226-a19e-5d01762c7f66
2023-06-02 19:47:11,854 [main] INFO  rpc.RpcClient (RpcClient.java:createBucket(686)) - Creating Bucket: b372ee15-5326-4226-a19e-5d01762c7f66/bucket11, with bucket layout FILE_SYSTEM_OPTIMIZED, runner as owner, Versioning false, Storage Type set to DISK and Encryption set to false, Replication Type set to server-side default replication type, Namespace Quota set to -1, Space Quota set to -1 
2023-06-02 19:47:11,856 [OM StateMachine ApplyTransaction Thread - 0] INFO  bucket.OMBucketCreateRequest (OMBucketCreateRequest.java:validateAndUpdateCache(270)) - created bucket: bucket11 of layout FILE_SYSTEM_OPTIMIZED in volume: b372ee15-5326-4226-a19e-5d01762c7f66
19:47:11.871 [IPC Server handler 4 on default port 15004] ERROR OMAudit - user=runner | ip=127.0.0.1 | op=READ_BUCKET {volume=b372ee15-5326-4226-a19e-5d01762c7f66, bucket=bucket1} | ret=FAILURE
org.apache.hadoop.ozone.om.exceptions.OMException: Bucket not found
	at org.apache.hadoop.ozone.om.OzoneManager.getBucketOwner(OzoneManager.java:2498) ~[ozone-manager-1.4.0-SNAPSHOT.jar:?]
	at org.apache.hadoop.ozone.om.OzoneManager.getBucketOwner(OzoneManager.java:2468) ~[ozone-manager-1.4.0-SNAPSHOT.jar:?]
	at org.apache.hadoop.ozone.om.OmMetadataReader.checkAcls(OmMetadataReader.java:444) ~[ozone-manager-1.4.0-SNAPSHOT.jar:?]
	at org.apache.hadoop.ozone.om.OzoneManager.getBucketInfo(OzoneManager.java:2758) ~[ozone-manager-1.4.0-SNAPSHOT.jar:?]
	at org.apache.hadoop.ozone.protocolPB.OzoneManagerRequestHandler.infoBucket(OzoneManagerRequestHandler.java:510) ~[ozone-manager-1.4.0-SNAPSHOT.jar:?]
	at org.apache.hadoop.ozone.protocolPB.OzoneManagerRequestHandler.handleReadRequest(OzoneManagerRequestHandler.java:189) ~[ozone-manager-1.4.0-SNAPSHOT.jar:?]
	at org.apache.hadoop.ozone.protocolPB.OzoneManagerProtocolServerSideTranslatorPB.submitReadRequestToOM(OzoneManagerProtocolServerSideTranslatorPB.java:223) ~[ozone-manager-1.4.0-SNAPSHOT.jar:?]
	at org.apache.hadoop.ozone.protocolPB.OzoneManagerProtocolServerSideTranslatorPB.processRequest(OzoneManagerProtocolServerSideTranslatorPB.java:177) ~[ozone-manager-1.4.0-SNAPSHOT.jar:?]
	at org.apache.hadoop.hdds.server.OzoneProtocolMessageDispatcher.processRequest(OzoneProtocolMessageDispatcher.java:87) [hdds-server-framework-1.4.0-SNAPSHOT.jar:?]
	at org.apache.hadoop.ozone.protocolPB.OzoneManagerProtocolServerSideTranslatorPB.submitRequest(OzoneManagerProtocolServerSideTranslatorPB.java:147) [ozone-manager-1.4.0-SNAPSHOT.jar:?]
	at org.apache.hadoop.ozone.protocol.proto.OzoneManagerProtocolProtos$OzoneManagerService$2.callBlockingMethod(OzoneManagerProtocolProtos.java) [ozone-interface-client-1.4.0-SNAPSHOT.jar:?]
	at org.apache.hadoop.ipc.ProtobufRpcEngine$Server.processCall(ProtobufRpcEngine.java:484) [hadoop-common-3.3.5.jar:?]
	at org.apache.hadoop.ipc.ProtobufRpcEngine2$Server$ProtoBufRpcInvoker.call(ProtobufRpcEngine2.java:595) [hadoop-common-3.3.5.jar:?]
	at org.apache.hadoop.ipc.ProtobufRpcEngine2$Server$ProtoBufRpcInvoker.call(ProtobufRpcEngine2.java:573) [hadoop-common-3.3.5.jar:?]
	at org.apache.hadoop.ipc.RPC$Server.call(RPC.java:1213) [hadoop-common-3.3.5.jar:?]
	at org.apache.hadoop.ipc.Server$RpcCall.run(Server.java:1089) [hadoop-common-3.3.5.jar:?]
	at org.apache.hadoop.ipc.Server$RpcCall.run(Server.java:1012) [hadoop-common-3.3.5.jar:?]
	at java.security.AccessController.doPrivileged(Native Method) ~[?:1.8.0_372]
	at javax.security.auth.Subject.doAs(Subject.java:422) [?:1.8.0_372]
	at org.apache.hadoop.security.UserGroupInformation.doAs(UserGroupInformation.java:1899) [hadoop-common-3.3.5.jar:?]
	at org.apache.hadoop.ipc.Server$Handler.run(Server.java:3026) [hadoop-common-3.3.5.jar:?]
]]></system-out>
  </testcase>
  <testcase name="testDeleteKey" classname="org.apache.hadoop.ozone.client.rpc.TestOzoneRpcClientWithRatis" time="0.038">
    <system-out><![CDATA[2023-06-02 19:47:11,873 [main] INFO  rpc.RpcClient (RpcClient.java:createVolume(459)) - Creating Volume: e9377aad-533c-4d8c-b0f7-b989d05a1c17, with runner as owner and space quota set to -1 bytes, counts quota set to -1
2023-06-02 19:47:11,875 [OM StateMachine ApplyTransaction Thread - 0] INFO  volume.OMVolumeCreateRequest (OMVolumeCreateRequest.java:validateAndUpdateCache(196)) - created volume:e9377aad-533c-4d8c-b0f7-b989d05a1c17 for user:runner
2023-06-02 19:47:11,877 [main] INFO  rpc.RpcClient (RpcClient.java:createBucket(686)) - Creating Bucket: e9377aad-533c-4d8c-b0f7-b989d05a1c17/d4dfa106-87c3-45cb-9160-ea71539ec26a, with server-side default bucket layout, runner as owner, Versioning false, Storage Type set to DISK and Encryption set to false, Replication Type set to server-side default replication type, Namespace Quota set to -1, Space Quota set to -1 
2023-06-02 19:47:11,879 [OM StateMachine ApplyTransaction Thread - 0] INFO  bucket.OMBucketCreateRequest (OMBucketCreateRequest.java:validateAndUpdateCache(270)) - created bucket: d4dfa106-87c3-45cb-9160-ea71539ec26a of layout FILE_SYSTEM_OPTIMIZED in volume: e9377aad-533c-4d8c-b0f7-b989d05a1c17
2023-06-02 19:47:11,901 [IPC Server handler 4 on default port 15001] WARN  node.SCMNodeManager (SCMNodeManager.java:getNodesByAddress(1381)) - Cannot find node for address 127.0.0.1
19:47:11.910 [IPC Server handler 16 on default port 15004] ERROR OMAudit - user=runner | ip=127.0.0.1 | op=READ_KEY {volume=e9377aad-533c-4d8c-b0f7-b989d05a1c17, bucket=d4dfa106-87c3-45cb-9160-ea71539ec26a, key=2b7c5aab-4f81-4e16-a09f-9b3facc66f85, dataSize=0, replicationConfig=null} | ret=FAILURE
org.apache.hadoop.ozone.om.exceptions.OMException: Key:2b7c5aab-4f81-4e16-a09f-9b3facc66f85 not found
	at org.apache.hadoop.ozone.om.KeyManagerImpl.readKeyInfo(KeyManagerImpl.java:437) ~[ozone-manager-1.4.0-SNAPSHOT.jar:?]
	at org.apache.hadoop.ozone.om.KeyManagerImpl.lambda$9(KeyManagerImpl.java:1930) ~[ozone-manager-1.4.0-SNAPSHOT.jar:?]
	at org.apache.hadoop.util.MetricUtil.captureLatencyNs(MetricUtil.java:37) ~[hdds-common-1.4.0-SNAPSHOT.jar:?]
	at org.apache.hadoop.ozone.om.KeyManagerImpl.getKeyInfo(KeyManagerImpl.java:1928) ~[ozone-manager-1.4.0-SNAPSHOT.jar:?]
	at org.apache.hadoop.ozone.om.OmMetadataReader.getKeyInfo(OmMetadataReader.java:210) ~[ozone-manager-1.4.0-SNAPSHOT.jar:?]
	at org.apache.hadoop.ozone.om.OzoneManager.getKeyInfo(OzoneManager.java:2793) ~[ozone-manager-1.4.0-SNAPSHOT.jar:?]
	at org.apache.hadoop.ozone.protocolPB.OzoneManagerRequestHandler.getKeyInfo(OzoneManagerRequestHandler.java:550) ~[ozone-manager-1.4.0-SNAPSHOT.jar:?]
	at org.apache.hadoop.ozone.protocolPB.OzoneManagerRequestHandler.handleReadRequest(OzoneManagerRequestHandler.java:293) ~[ozone-manager-1.4.0-SNAPSHOT.jar:?]
	at org.apache.hadoop.ozone.protocolPB.OzoneManagerProtocolServerSideTranslatorPB.submitReadRequestToOM(OzoneManagerProtocolServerSideTranslatorPB.java:223) ~[ozone-manager-1.4.0-SNAPSHOT.jar:?]
	at org.apache.hadoop.ozone.protocolPB.OzoneManagerProtocolServerSideTranslatorPB.processRequest(OzoneManagerProtocolServerSideTranslatorPB.java:177) ~[ozone-manager-1.4.0-SNAPSHOT.jar:?]
	at org.apache.hadoop.hdds.server.OzoneProtocolMessageDispatcher.processRequest(OzoneProtocolMessageDispatcher.java:87) [hdds-server-framework-1.4.0-SNAPSHOT.jar:?]
	at org.apache.hadoop.ozone.protocolPB.OzoneManagerProtocolServerSideTranslatorPB.submitRequest(OzoneManagerProtocolServerSideTranslatorPB.java:147) [ozone-manager-1.4.0-SNAPSHOT.jar:?]
	at org.apache.hadoop.ozone.protocol.proto.OzoneManagerProtocolProtos$OzoneManagerService$2.callBlockingMethod(OzoneManagerProtocolProtos.java) [ozone-interface-client-1.4.0-SNAPSHOT.jar:?]
	at org.apache.hadoop.ipc.ProtobufRpcEngine$Server.processCall(ProtobufRpcEngine.java:484) [hadoop-common-3.3.5.jar:?]
	at org.apache.hadoop.ipc.ProtobufRpcEngine2$Server$ProtoBufRpcInvoker.call(ProtobufRpcEngine2.java:595) [hadoop-common-3.3.5.jar:?]
	at org.apache.hadoop.ipc.ProtobufRpcEngine2$Server$ProtoBufRpcInvoker.call(ProtobufRpcEngine2.java:573) [hadoop-common-3.3.5.jar:?]
	at org.apache.hadoop.ipc.RPC$Server.call(RPC.java:1213) [hadoop-common-3.3.5.jar:?]
	at org.apache.hadoop.ipc.Server$RpcCall.run(Server.java:1089) [hadoop-common-3.3.5.jar:?]
	at org.apache.hadoop.ipc.Server$RpcCall.run(Server.java:1012) [hadoop-common-3.3.5.jar:?]
	at java.security.AccessController.doPrivileged(Native Method) ~[?:1.8.0_372]
	at javax.security.auth.Subject.doAs(Subject.java:422) [?:1.8.0_372]
	at org.apache.hadoop.security.UserGroupInformation.doAs(UserGroupInformation.java:1899) [hadoop-common-3.3.5.jar:?]
	at org.apache.hadoop.ipc.Server$Handler.run(Server.java:3026) [hadoop-common-3.3.5.jar:?]
]]></system-out>
  </testcase>
  <testcase name="testDeleteS3Bucket" classname="org.apache.hadoop.ozone.client.rpc.TestOzoneRpcClientWithRatis" time="0.012">
    <system-out><![CDATA[2023-06-02 19:47:11,913 [main] INFO  rpc.RpcClient (RpcClient.java:createBucket(686)) - Creating Bucket: s3v/8ef3827a-4a75-45b4-9397-0222b0349f98, with bucket layout OBJECT_STORE, runner as owner, Versioning false, Storage Type set to DISK and Encryption set to false, Replication Type set to server-side default replication type, Namespace Quota set to -1, Space Quota set to -1 
2023-06-02 19:47:11,915 [OM StateMachine ApplyTransaction Thread - 0] INFO  bucket.OMBucketCreateRequest (OMBucketCreateRequest.java:validateAndUpdateCache(270)) - created bucket: 8ef3827a-4a75-45b4-9397-0222b0349f98 of layout OBJECT_STORE in volume: s3v
19:47:11.923 [IPC Server handler 1 on default port 15004] ERROR OMAudit - user=runner | ip=127.0.0.1 | op=READ_BUCKET {volume=s3v, bucket=8ef3827a-4a75-45b4-9397-0222b0349f98} | ret=FAILURE
org.apache.hadoop.ozone.om.exceptions.OMException: Bucket not found
	at org.apache.hadoop.ozone.om.OzoneManager.getBucketOwner(OzoneManager.java:2498) ~[ozone-manager-1.4.0-SNAPSHOT.jar:?]
	at org.apache.hadoop.ozone.om.OzoneManager.getBucketOwner(OzoneManager.java:2468) ~[ozone-manager-1.4.0-SNAPSHOT.jar:?]
	at org.apache.hadoop.ozone.om.OmMetadataReader.checkAcls(OmMetadataReader.java:444) ~[ozone-manager-1.4.0-SNAPSHOT.jar:?]
	at org.apache.hadoop.ozone.om.OzoneManager.getBucketInfo(OzoneManager.java:2758) ~[ozone-manager-1.4.0-SNAPSHOT.jar:?]
	at org.apache.hadoop.ozone.protocolPB.OzoneManagerRequestHandler.infoBucket(OzoneManagerRequestHandler.java:510) ~[ozone-manager-1.4.0-SNAPSHOT.jar:?]
	at org.apache.hadoop.ozone.protocolPB.OzoneManagerRequestHandler.handleReadRequest(OzoneManagerRequestHandler.java:189) ~[ozone-manager-1.4.0-SNAPSHOT.jar:?]
	at org.apache.hadoop.ozone.protocolPB.OzoneManagerProtocolServerSideTranslatorPB.submitReadRequestToOM(OzoneManagerProtocolServerSideTranslatorPB.java:223) ~[ozone-manager-1.4.0-SNAPSHOT.jar:?]
	at org.apache.hadoop.ozone.protocolPB.OzoneManagerProtocolServerSideTranslatorPB.processRequest(OzoneManagerProtocolServerSideTranslatorPB.java:177) ~[ozone-manager-1.4.0-SNAPSHOT.jar:?]
	at org.apache.hadoop.hdds.server.OzoneProtocolMessageDispatcher.processRequest(OzoneProtocolMessageDispatcher.java:87) [hdds-server-framework-1.4.0-SNAPSHOT.jar:?]
	at org.apache.hadoop.ozone.protocolPB.OzoneManagerProtocolServerSideTranslatorPB.submitRequest(OzoneManagerProtocolServerSideTranslatorPB.java:147) [ozone-manager-1.4.0-SNAPSHOT.jar:?]
	at org.apache.hadoop.ozone.protocol.proto.OzoneManagerProtocolProtos$OzoneManagerService$2.callBlockingMethod(OzoneManagerProtocolProtos.java) [ozone-interface-client-1.4.0-SNAPSHOT.jar:?]
	at org.apache.hadoop.ipc.ProtobufRpcEngine$Server.processCall(ProtobufRpcEngine.java:484) [hadoop-common-3.3.5.jar:?]
	at org.apache.hadoop.ipc.ProtobufRpcEngine2$Server$ProtoBufRpcInvoker.call(ProtobufRpcEngine2.java:595) [hadoop-common-3.3.5.jar:?]
	at org.apache.hadoop.ipc.ProtobufRpcEngine2$Server$ProtoBufRpcInvoker.call(ProtobufRpcEngine2.java:573) [hadoop-common-3.3.5.jar:?]
	at org.apache.hadoop.ipc.RPC$Server.call(RPC.java:1213) [hadoop-common-3.3.5.jar:?]
	at org.apache.hadoop.ipc.Server$RpcCall.run(Server.java:1089) [hadoop-common-3.3.5.jar:?]
	at org.apache.hadoop.ipc.Server$RpcCall.run(Server.java:1012) [hadoop-common-3.3.5.jar:?]
	at java.security.AccessController.doPrivileged(Native Method) ~[?:1.8.0_372]
	at javax.security.auth.Subject.doAs(Subject.java:422) [?:1.8.0_372]
	at org.apache.hadoop.security.UserGroupInformation.doAs(UserGroupInformation.java:1899) [hadoop-common-3.3.5.jar:?]
	at org.apache.hadoop.ipc.Server$Handler.run(Server.java:3026) [hadoop-common-3.3.5.jar:?]
]]></system-out>
  </testcase>
  <testcase name="testDeleteS3NonExistingBucket" classname="org.apache.hadoop.ozone.client.rpc.TestOzoneRpcClientWithRatis" time="0.004">
    <system-out><![CDATA[19:47:11.927 [OM StateMachine ApplyTransaction Thread - 0] ERROR OMAudit - user=runner | ip=127.0.0.1 | op=DELETE_BUCKET {volume=s3v, bucket=68873d76-11a9-4541-9301-03475e191d37} | ret=FAILURE
org.apache.hadoop.ozone.om.exceptions.OMException: Bucket not found
	at org.apache.hadoop.ozone.om.OzoneManager.getBucketOwner(OzoneManager.java:2498) ~[ozone-manager-1.4.0-SNAPSHOT.jar:?]
	at org.apache.hadoop.ozone.om.OzoneManager.getBucketOwner(OzoneManager.java:2468) ~[ozone-manager-1.4.0-SNAPSHOT.jar:?]
	at org.apache.hadoop.ozone.om.request.OMClientRequest.checkAcls(OMClientRequest.java:217) ~[ozone-manager-1.4.0-SNAPSHOT.jar:?]
	at org.apache.hadoop.ozone.om.request.bucket.OMBucketDeleteRequest.validateAndUpdateCache(OMBucketDeleteRequest.java:112) ~[ozone-manager-1.4.0-SNAPSHOT.jar:?]
	at org.apache.hadoop.ozone.protocolPB.OzoneManagerRequestHandler.handleWriteRequest(OzoneManagerRequestHandler.java:338) ~[ozone-manager-1.4.0-SNAPSHOT.jar:?]
	at org.apache.hadoop.ozone.om.ratis.OzoneManagerStateMachine.runCommand(OzoneManagerStateMachine.java:567) ~[ozone-manager-1.4.0-SNAPSHOT.jar:?]
	at org.apache.hadoop.ozone.om.ratis.OzoneManagerStateMachine.lambda$1(OzoneManagerStateMachine.java:358) ~[ozone-manager-1.4.0-SNAPSHOT.jar:?]
	at java.util.concurrent.CompletableFuture$AsyncSupply.run(CompletableFuture.java:1604) [?:1.8.0_372]
	at java.util.concurrent.ThreadPoolExecutor.runWorker(ThreadPoolExecutor.java:1149) [?:1.8.0_372]
	at java.util.concurrent.ThreadPoolExecutor$Worker.run(ThreadPoolExecutor.java:624) [?:1.8.0_372]
	at java.lang.Thread.run(Thread.java:750) [?:1.8.0_372]
2023-06-02 19:47:11,928 [OM StateMachine ApplyTransaction Thread - 0] ERROR bucket.OMBucketDeleteRequest (OMBucketDeleteRequest.java:validateAndUpdateCache(212)) - Delete bucket failed for bucket:68873d76-11a9-4541-9301-03475e191d37 in volume:s3v
BUCKET_NOT_FOUND org.apache.hadoop.ozone.om.exceptions.OMException: Bucket not found
	at org.apache.hadoop.ozone.om.OzoneManager.getBucketOwner(OzoneManager.java:2498)
	at org.apache.hadoop.ozone.om.OzoneManager.getBucketOwner(OzoneManager.java:2468)
	at org.apache.hadoop.ozone.om.request.OMClientRequest.checkAcls(OMClientRequest.java:217)
	at org.apache.hadoop.ozone.om.request.bucket.OMBucketDeleteRequest.validateAndUpdateCache(OMBucketDeleteRequest.java:112)
	at org.apache.hadoop.ozone.protocolPB.OzoneManagerRequestHandler.handleWriteRequest(OzoneManagerRequestHandler.java:338)
	at org.apache.hadoop.ozone.om.ratis.OzoneManagerStateMachine.runCommand(OzoneManagerStateMachine.java:567)
	at org.apache.hadoop.ozone.om.ratis.OzoneManagerStateMachine.lambda$1(OzoneManagerStateMachine.java:358)
	at java.util.concurrent.CompletableFuture$AsyncSupply.run(CompletableFuture.java:1604)
	at java.util.concurrent.ThreadPoolExecutor.runWorker(ThreadPoolExecutor.java:1149)
	at java.util.concurrent.ThreadPoolExecutor$Worker.run(ThreadPoolExecutor.java:624)
	at java.lang.Thread.run(Thread.java:750)
]]></system-out>
  </testcase>
  <testcase name="testDeleteVolume" classname="org.apache.hadoop.ozone.client.rpc.TestOzoneRpcClientWithRatis" time="0.009">
    <system-out><![CDATA[2023-06-02 19:47:11,930 [main] INFO  rpc.RpcClient (RpcClient.java:createVolume(459)) - Creating Volume: 3fe81f0b-aa0b-49ec-9d68-7a244f5da7eb, with runner as owner and space quota set to -1 bytes, counts quota set to -1
2023-06-02 19:47:11,932 [OM StateMachine ApplyTransaction Thread - 0] INFO  volume.OMVolumeCreateRequest (OMVolumeCreateRequest.java:validateAndUpdateCache(196)) - created volume:3fe81f0b-aa0b-49ec-9d68-7a244f5da7eb for user:runner
19:47:11.938 [IPC Server handler 5 on default port 15004] ERROR OMAudit - user=runner | ip=127.0.0.1 | op=READ_VOLUME {volume=3fe81f0b-aa0b-49ec-9d68-7a244f5da7eb} | ret=FAILURE
org.apache.hadoop.ozone.om.exceptions.OMException: Volume 3fe81f0b-aa0b-49ec-9d68-7a244f5da7eb is not found
	at org.apache.hadoop.ozone.om.OzoneManager.getVolumeOwner(OzoneManager.java:2453) ~[ozone-manager-1.4.0-SNAPSHOT.jar:?]
	at org.apache.hadoop.ozone.om.OzoneManager.getVolumeOwner(OzoneManager.java:2426) ~[ozone-manager-1.4.0-SNAPSHOT.jar:?]
	at org.apache.hadoop.ozone.om.OmMetadataReader.checkAcls(OmMetadataReader.java:443) ~[ozone-manager-1.4.0-SNAPSHOT.jar:?]
	at org.apache.hadoop.ozone.om.OzoneManager.getVolumeInfo(OzoneManager.java:2573) ~[ozone-manager-1.4.0-SNAPSHOT.jar:?]
	at org.apache.hadoop.ozone.protocolPB.OzoneManagerRequestHandler.infoVolume(OzoneManagerRequestHandler.java:436) ~[ozone-manager-1.4.0-SNAPSHOT.jar:?]
	at org.apache.hadoop.ozone.protocolPB.OzoneManagerRequestHandler.handleReadRequest(OzoneManagerRequestHandler.java:179) ~[ozone-manager-1.4.0-SNAPSHOT.jar:?]
	at org.apache.hadoop.ozone.protocolPB.OzoneManagerProtocolServerSideTranslatorPB.submitReadRequestToOM(OzoneManagerProtocolServerSideTranslatorPB.java:223) ~[ozone-manager-1.4.0-SNAPSHOT.jar:?]
	at org.apache.hadoop.ozone.protocolPB.OzoneManagerProtocolServerSideTranslatorPB.processRequest(OzoneManagerProtocolServerSideTranslatorPB.java:177) ~[ozone-manager-1.4.0-SNAPSHOT.jar:?]
	at org.apache.hadoop.hdds.server.OzoneProtocolMessageDispatcher.processRequest(OzoneProtocolMessageDispatcher.java:87) [hdds-server-framework-1.4.0-SNAPSHOT.jar:?]
	at org.apache.hadoop.ozone.protocolPB.OzoneManagerProtocolServerSideTranslatorPB.submitRequest(OzoneManagerProtocolServerSideTranslatorPB.java:147) [ozone-manager-1.4.0-SNAPSHOT.jar:?]
	at org.apache.hadoop.ozone.protocol.proto.OzoneManagerProtocolProtos$OzoneManagerService$2.callBlockingMethod(OzoneManagerProtocolProtos.java) [ozone-interface-client-1.4.0-SNAPSHOT.jar:?]
	at org.apache.hadoop.ipc.ProtobufRpcEngine$Server.processCall(ProtobufRpcEngine.java:484) [hadoop-common-3.3.5.jar:?]
	at org.apache.hadoop.ipc.ProtobufRpcEngine2$Server$ProtoBufRpcInvoker.call(ProtobufRpcEngine2.java:595) [hadoop-common-3.3.5.jar:?]
	at org.apache.hadoop.ipc.ProtobufRpcEngine2$Server$ProtoBufRpcInvoker.call(ProtobufRpcEngine2.java:573) [hadoop-common-3.3.5.jar:?]
	at org.apache.hadoop.ipc.RPC$Server.call(RPC.java:1213) [hadoop-common-3.3.5.jar:?]
	at org.apache.hadoop.ipc.Server$RpcCall.run(Server.java:1089) [hadoop-common-3.3.5.jar:?]
	at org.apache.hadoop.ipc.Server$RpcCall.run(Server.java:1012) [hadoop-common-3.3.5.jar:?]
	at java.security.AccessController.doPrivileged(Native Method) ~[?:1.8.0_372]
	at javax.security.auth.Subject.doAs(Subject.java:422) [?:1.8.0_372]
	at org.apache.hadoop.security.UserGroupInformation.doAs(UserGroupInformation.java:1899) [hadoop-common-3.3.5.jar:?]
	at org.apache.hadoop.ipc.Server$Handler.run(Server.java:3026) [hadoop-common-3.3.5.jar:?]
]]></system-out>
  </testcase>
  <testcase name="testDeletedKeyForGDPR" classname="org.apache.hadoop.ozone.client.rpc.TestOzoneRpcClientWithRatis" time="0.128">
    <system-out><![CDATA[2023-06-02 19:47:11,940 [main] INFO  rpc.RpcClient (RpcClient.java:createVolume(459)) - Creating Volume: 5f227e03-6eb0-43a8-9692-0b38e8b9884b, with runner as owner and space quota set to -1 bytes, counts quota set to -1
2023-06-02 19:47:11,945 [OM StateMachine ApplyTransaction Thread - 0] INFO  volume.OMVolumeCreateRequest (OMVolumeCreateRequest.java:validateAndUpdateCache(196)) - created volume:5f227e03-6eb0-43a8-9692-0b38e8b9884b for user:runner
2023-06-02 19:47:11,947 [main] INFO  rpc.RpcClient (RpcClient.java:createBucket(686)) - Creating Bucket: 5f227e03-6eb0-43a8-9692-0b38e8b9884b/66eaf8d4-e8c5-47a6-bdd8-581d1c7cd179, with server-side default bucket layout, runner as owner, Versioning false, Storage Type set to DISK and Encryption set to false, Replication Type set to server-side default replication type, Namespace Quota set to -1, Space Quota set to -1 
2023-06-02 19:47:11,950 [OM StateMachine ApplyTransaction Thread - 0] INFO  bucket.OMBucketCreateRequest (OMBucketCreateRequest.java:validateAndUpdateCache(270)) - created bucket: 66eaf8d4-e8c5-47a6-bdd8-581d1c7cd179 of layout FILE_SYSTEM_OPTIMIZED in volume: 5f227e03-6eb0-43a8-9692-0b38e8b9884b
2023-06-02 19:47:12,020 [IPC Server handler 9 on default port 15001] WARN  node.SCMNodeManager (SCMNodeManager.java:getNodesByAddress(1381)) - Cannot find node for address 127.0.0.1
2023-06-02 19:47:12,023 [IPC Server handler 17 on default port 15001] WARN  node.SCMNodeManager (SCMNodeManager.java:getNodesByAddress(1381)) - Cannot find node for address 127.0.0.1
]]></system-out>
  </testcase>
  <testcase name="testFSOBucketUsedBytes" classname="org.apache.hadoop.ozone.client.rpc.TestOzoneRpcClientWithRatis" time="0.066">
    <system-out><![CDATA[2023-06-02 19:47:12,068 [main] INFO  rpc.RpcClient (RpcClient.java:createVolume(459)) - Creating Volume: c9338f61-a31b-4bee-8202-aab7f5857555, with runner as owner and space quota set to -1 bytes, counts quota set to -1
2023-06-02 19:47:12,070 [OM StateMachine ApplyTransaction Thread - 0] INFO  volume.OMVolumeCreateRequest (OMVolumeCreateRequest.java:validateAndUpdateCache(196)) - created volume:c9338f61-a31b-4bee-8202-aab7f5857555 for user:runner
2023-06-02 19:47:12,072 [main] INFO  rpc.RpcClient (RpcClient.java:createBucket(686)) - Creating Bucket: c9338f61-a31b-4bee-8202-aab7f5857555/04a5b505-c9bc-414f-8f70-631b875ebdda, with bucket layout FILE_SYSTEM_OPTIMIZED, runner as owner, Versioning false, Storage Type set to DISK and Encryption set to false, Replication Type set to server-side default replication type, Namespace Quota set to -1, Space Quota set to -1 
2023-06-02 19:47:12,074 [OM StateMachine ApplyTransaction Thread - 0] INFO  bucket.OMBucketCreateRequest (OMBucketCreateRequest.java:validateAndUpdateCache(270)) - created bucket: 04a5b505-c9bc-414f-8f70-631b875ebdda of layout FILE_SYSTEM_OPTIMIZED in volume: c9338f61-a31b-4bee-8202-aab7f5857555
]]></system-out>
  </testcase>
  <testcase name="testGetKeyAndFileWithNetworkTopology" classname="org.apache.hadoop.ozone.client.rpc.TestOzoneRpcClientWithRatis" time="0.139">
    <system-out><![CDATA[2023-06-02 19:47:12,134 [main] INFO  rpc.RpcClient (RpcClient.java:createVolume(459)) - Creating Volume: a175c10f-9592-40ef-96c3-849f0174e501, with runner as owner and space quota set to -1 bytes, counts quota set to -1
2023-06-02 19:47:12,136 [OM StateMachine ApplyTransaction Thread - 0] INFO  volume.OMVolumeCreateRequest (OMVolumeCreateRequest.java:validateAndUpdateCache(196)) - created volume:a175c10f-9592-40ef-96c3-849f0174e501 for user:runner
2023-06-02 19:47:12,138 [main] INFO  rpc.RpcClient (RpcClient.java:createBucket(686)) - Creating Bucket: a175c10f-9592-40ef-96c3-849f0174e501/d17f12f6-1c70-4d98-8446-4df86783ed4b, with server-side default bucket layout, runner as owner, Versioning false, Storage Type set to DISK and Encryption set to false, Replication Type set to server-side default replication type, Namespace Quota set to -1, Space Quota set to -1 
2023-06-02 19:47:12,140 [OM StateMachine ApplyTransaction Thread - 0] INFO  bucket.OMBucketCreateRequest (OMBucketCreateRequest.java:validateAndUpdateCache(270)) - created bucket: d17f12f6-1c70-4d98-8446-4df86783ed4b of layout FILE_SYSTEM_OPTIMIZED in volume: a175c10f-9592-40ef-96c3-849f0174e501
2023-06-02 19:47:12,194 [IPC Server handler 13 on default port 15001] WARN  node.SCMNodeManager (SCMNodeManager.java:getNodesByAddress(1381)) - Cannot find node for address 127.0.0.1
2023-06-02 19:47:12,229 [IPC Server handler 11 on default port 15001] WARN  node.SCMNodeManager (SCMNodeManager.java:getNodesByAddress(1381)) - Cannot find node for address 127.0.0.1
]]></system-out>
  </testcase>
  <testcase name="testGetKeyDetails" classname="org.apache.hadoop.ozone.client.rpc.TestOzoneRpcClientWithRatis" time="0.052">
    <system-out><![CDATA[2023-06-02 19:47:12,274 [main] INFO  rpc.RpcClient (RpcClient.java:createVolume(459)) - Creating Volume: 93cb198f-794f-4550-9f57-ce8c586a5c51, with runner as owner and space quota set to -1 bytes, counts quota set to -1
2023-06-02 19:47:12,277 [OM StateMachine ApplyTransaction Thread - 0] INFO  volume.OMVolumeCreateRequest (OMVolumeCreateRequest.java:validateAndUpdateCache(196)) - created volume:93cb198f-794f-4550-9f57-ce8c586a5c51 for user:runner
2023-06-02 19:47:12,280 [main] INFO  rpc.RpcClient (RpcClient.java:createBucket(686)) - Creating Bucket: 93cb198f-794f-4550-9f57-ce8c586a5c51/0698dfad-c219-44eb-973e-597a9f0c07b6, with server-side default bucket layout, runner as owner, Versioning false, Storage Type set to DISK and Encryption set to false, Replication Type set to server-side default replication type, Namespace Quota set to -1, Space Quota set to -1 
2023-06-02 19:47:12,282 [OM StateMachine ApplyTransaction Thread - 0] INFO  bucket.OMBucketCreateRequest (OMBucketCreateRequest.java:validateAndUpdateCache(270)) - created bucket: 0698dfad-c219-44eb-973e-597a9f0c07b6 of layout FILE_SYSTEM_OPTIMIZED in volume: 93cb198f-794f-4550-9f57-ce8c586a5c51
2023-06-02 19:47:12,315 [IPC Server handler 19 on default port 15001] WARN  node.SCMNodeManager (SCMNodeManager.java:getNodesByAddress(1381)) - Cannot find node for address 127.0.0.1
]]></system-out>
  </testcase>
  <testcase name="testHeadObject" classname="org.apache.hadoop.ozone.client.rpc.TestOzoneRpcClientWithRatis" time="0.137">
    <system-out><![CDATA[2023-06-02 19:47:12,326 [main] INFO  rpc.RpcClient (RpcClient.java:createVolume(459)) - Creating Volume: e83ab9a0-7fef-4280-b98a-458b975fc074, with runner as owner and space quota set to -1 bytes, counts quota set to -1
2023-06-02 19:47:12,329 [OM StateMachine ApplyTransaction Thread - 0] INFO  volume.OMVolumeCreateRequest (OMVolumeCreateRequest.java:validateAndUpdateCache(196)) - created volume:e83ab9a0-7fef-4280-b98a-458b975fc074 for user:runner
2023-06-02 19:47:12,331 [main] INFO  rpc.RpcClient (RpcClient.java:createBucket(686)) - Creating Bucket: e83ab9a0-7fef-4280-b98a-458b975fc074/c9dc5876-b049-4f6c-b4ac-6b282ec47feb, with server-side default bucket layout, runner as owner, Versioning false, Storage Type set to DISK and Encryption set to false, Replication Type set to server-side default replication type, Namespace Quota set to -1, Space Quota set to -1 
2023-06-02 19:47:12,333 [OM StateMachine ApplyTransaction Thread - 0] INFO  bucket.OMBucketCreateRequest (OMBucketCreateRequest.java:validateAndUpdateCache(270)) - created bucket: c9dc5876-b049-4f6c-b4ac-6b282ec47feb of layout FILE_SYSTEM_OPTIMIZED in volume: e83ab9a0-7fef-4280-b98a-458b975fc074
19:47:12.463 [IPC Server handler 19 on default port 15004] ERROR OMAudit - user=runner | ip=127.0.0.1 | op=READ_KEY {volume=e83ab9a0-7fef-4280-b98a-458b975fc074, bucket=c9dc5876-b049-4f6c-b4ac-6b282ec47feb, key=3f78f7a3-f792-4a27-b1d1-027f73043c93, dataSize=0, replicationConfig=null} | ret=FAILURE
org.apache.hadoop.ozone.om.exceptions.OMException: Key:3f78f7a3-f792-4a27-b1d1-027f73043c93 not found
	at org.apache.hadoop.ozone.om.KeyManagerImpl.readKeyInfo(KeyManagerImpl.java:437) ~[ozone-manager-1.4.0-SNAPSHOT.jar:?]
	at org.apache.hadoop.ozone.om.KeyManagerImpl.lambda$9(KeyManagerImpl.java:1930) ~[ozone-manager-1.4.0-SNAPSHOT.jar:?]
	at org.apache.hadoop.util.MetricUtil.captureLatencyNs(MetricUtil.java:37) ~[hdds-common-1.4.0-SNAPSHOT.jar:?]
	at org.apache.hadoop.ozone.om.KeyManagerImpl.getKeyInfo(KeyManagerImpl.java:1928) ~[ozone-manager-1.4.0-SNAPSHOT.jar:?]
	at org.apache.hadoop.ozone.om.OmMetadataReader.getKeyInfo(OmMetadataReader.java:210) ~[ozone-manager-1.4.0-SNAPSHOT.jar:?]
	at org.apache.hadoop.ozone.om.OzoneManager.getKeyInfo(OzoneManager.java:2793) ~[ozone-manager-1.4.0-SNAPSHOT.jar:?]
	at org.apache.hadoop.ozone.protocolPB.OzoneManagerRequestHandler.getKeyInfo(OzoneManagerRequestHandler.java:550) ~[ozone-manager-1.4.0-SNAPSHOT.jar:?]
	at org.apache.hadoop.ozone.protocolPB.OzoneManagerRequestHandler.handleReadRequest(OzoneManagerRequestHandler.java:293) ~[ozone-manager-1.4.0-SNAPSHOT.jar:?]
	at org.apache.hadoop.ozone.protocolPB.OzoneManagerProtocolServerSideTranslatorPB.submitReadRequestToOM(OzoneManagerProtocolServerSideTranslatorPB.java:223) ~[ozone-manager-1.4.0-SNAPSHOT.jar:?]
	at org.apache.hadoop.ozone.protocolPB.OzoneManagerProtocolServerSideTranslatorPB.processRequest(OzoneManagerProtocolServerSideTranslatorPB.java:177) ~[ozone-manager-1.4.0-SNAPSHOT.jar:?]
	at org.apache.hadoop.hdds.server.OzoneProtocolMessageDispatcher.processRequest(OzoneProtocolMessageDispatcher.java:87) [hdds-server-framework-1.4.0-SNAPSHOT.jar:?]
	at org.apache.hadoop.ozone.protocolPB.OzoneManagerProtocolServerSideTranslatorPB.submitRequest(OzoneManagerProtocolServerSideTranslatorPB.java:147) [ozone-manager-1.4.0-SNAPSHOT.jar:?]
	at org.apache.hadoop.ozone.protocol.proto.OzoneManagerProtocolProtos$OzoneManagerService$2.callBlockingMethod(OzoneManagerProtocolProtos.java) [ozone-interface-client-1.4.0-SNAPSHOT.jar:?]
	at org.apache.hadoop.ipc.ProtobufRpcEngine$Server.processCall(ProtobufRpcEngine.java:484) [hadoop-common-3.3.5.jar:?]
	at org.apache.hadoop.ipc.ProtobufRpcEngine2$Server$ProtoBufRpcInvoker.call(ProtobufRpcEngine2.java:595) [hadoop-common-3.3.5.jar:?]
	at org.apache.hadoop.ipc.ProtobufRpcEngine2$Server$ProtoBufRpcInvoker.call(ProtobufRpcEngine2.java:573) [hadoop-common-3.3.5.jar:?]
	at org.apache.hadoop.ipc.RPC$Server.call(RPC.java:1213) [hadoop-common-3.3.5.jar:?]
	at org.apache.hadoop.ipc.Server$RpcCall.run(Server.java:1089) [hadoop-common-3.3.5.jar:?]
	at org.apache.hadoop.ipc.Server$RpcCall.run(Server.java:1012) [hadoop-common-3.3.5.jar:?]
	at java.security.AccessController.doPrivileged(Native Method) ~[?:1.8.0_372]
	at javax.security.auth.Subject.doAs(Subject.java:422) [?:1.8.0_372]
	at org.apache.hadoop.security.UserGroupInformation.doAs(UserGroupInformation.java:1899) [hadoop-common-3.3.5.jar:?]
	at org.apache.hadoop.ipc.Server$Handler.run(Server.java:3026) [hadoop-common-3.3.5.jar:?]
]]></system-out>
  </testcase>
  <testcase name="testInitiateMultipartUpload(ReplicationConfig)[1]" classname="org.apache.hadoop.ozone.client.rpc.TestOzoneRpcClientWithRatis" time="0.014">
    <system-out><![CDATA[2023-06-02 19:47:12,466 [main] INFO  rpc.RpcClient (RpcClient.java:createVolume(459)) - Creating Volume: 6595ca10-ed85-49cc-9498-6bfde6b84a6c, with runner as owner and space quota set to -1 bytes, counts quota set to -1
2023-06-02 19:47:12,468 [OM StateMachine ApplyTransaction Thread - 0] INFO  volume.OMVolumeCreateRequest (OMVolumeCreateRequest.java:validateAndUpdateCache(196)) - created volume:6595ca10-ed85-49cc-9498-6bfde6b84a6c for user:runner
2023-06-02 19:47:12,469 [main] INFO  rpc.RpcClient (RpcClient.java:createBucket(686)) - Creating Bucket: 6595ca10-ed85-49cc-9498-6bfde6b84a6c/275d159f-3dc7-4492-873a-d1981c10ac3b, with server-side default bucket layout, runner as owner, Versioning false, Storage Type set to DISK and Encryption set to false, Replication Type set to server-side default replication type, Namespace Quota set to -1, Space Quota set to -1 
2023-06-02 19:47:12,471 [OM StateMachine ApplyTransaction Thread - 0] INFO  bucket.OMBucketCreateRequest (OMBucketCreateRequest.java:validateAndUpdateCache(270)) - created bucket: 275d159f-3dc7-4492-873a-d1981c10ac3b of layout FILE_SYSTEM_OPTIMIZED in volume: 6595ca10-ed85-49cc-9498-6bfde6b84a6c
]]></system-out>
  </testcase>
  <testcase name="testInitiateMultipartUpload(ReplicationConfig)[2]" classname="org.apache.hadoop.ozone.client.rpc.TestOzoneRpcClientWithRatis" time="0.013">
    <system-out><![CDATA[2023-06-02 19:47:12,481 [main] INFO  rpc.RpcClient (RpcClient.java:createVolume(459)) - Creating Volume: 77a7bc7e-ba37-44a6-8459-47c17bf40d0d, with runner as owner and space quota set to -1 bytes, counts quota set to -1
2023-06-02 19:47:12,483 [OM StateMachine ApplyTransaction Thread - 0] INFO  volume.OMVolumeCreateRequest (OMVolumeCreateRequest.java:validateAndUpdateCache(196)) - created volume:77a7bc7e-ba37-44a6-8459-47c17bf40d0d for user:runner
2023-06-02 19:47:12,484 [main] INFO  rpc.RpcClient (RpcClient.java:createBucket(686)) - Creating Bucket: 77a7bc7e-ba37-44a6-8459-47c17bf40d0d/e97b2e66-0f80-49ab-862b-2f158d510876, with server-side default bucket layout, runner as owner, Versioning false, Storage Type set to DISK and Encryption set to false, Replication Type set to server-side default replication type, Namespace Quota set to -1, Space Quota set to -1 
2023-06-02 19:47:12,487 [OM StateMachine ApplyTransaction Thread - 0] INFO  bucket.OMBucketCreateRequest (OMBucketCreateRequest.java:validateAndUpdateCache(270)) - created bucket: e97b2e66-0f80-49ab-862b-2f158d510876 of layout FILE_SYSTEM_OPTIMIZED in volume: 77a7bc7e-ba37-44a6-8459-47c17bf40d0d
]]></system-out>
  </testcase>
  <testcase name="testInitiateMultipartUpload(ReplicationConfig)[3]" classname="org.apache.hadoop.ozone.client.rpc.TestOzoneRpcClientWithRatis" time="0.014">
    <system-out><![CDATA[2023-06-02 19:47:12,495 [main] INFO  rpc.RpcClient (RpcClient.java:createVolume(459)) - Creating Volume: fa91d9be-a104-4cc7-9b77-f334a2d6f729, with runner as owner and space quota set to -1 bytes, counts quota set to -1
2023-06-02 19:47:12,497 [OM StateMachine ApplyTransaction Thread - 0] INFO  volume.OMVolumeCreateRequest (OMVolumeCreateRequest.java:validateAndUpdateCache(196)) - created volume:fa91d9be-a104-4cc7-9b77-f334a2d6f729 for user:runner
2023-06-02 19:47:12,499 [main] INFO  rpc.RpcClient (RpcClient.java:createBucket(686)) - Creating Bucket: fa91d9be-a104-4cc7-9b77-f334a2d6f729/d59423b4-1239-46e2-be99-2cb58b8064ae, with server-side default bucket layout, runner as owner, Versioning false, Storage Type set to DISK and Encryption set to false, Replication Type set to server-side default replication type, Namespace Quota set to -1, Space Quota set to -1 
2023-06-02 19:47:12,500 [OM StateMachine ApplyTransaction Thread - 0] INFO  bucket.OMBucketCreateRequest (OMBucketCreateRequest.java:validateAndUpdateCache(270)) - created bucket: d59423b4-1239-46e2-be99-2cb58b8064ae of layout FILE_SYSTEM_OPTIMIZED in volume: fa91d9be-a104-4cc7-9b77-f334a2d6f729
]]></system-out>
  </testcase>
  <testcase name="testInitiateMultipartUploadWithDefaultReplication" classname="org.apache.hadoop.ozone.client.rpc.TestOzoneRpcClientWithRatis" time="0.012">
    <system-out><![CDATA[2023-06-02 19:47:12,509 [main] INFO  rpc.RpcClient (RpcClient.java:createVolume(459)) - Creating Volume: 38b65eb2-332a-444d-8b46-ff94cabe9e2f, with runner as owner and space quota set to -1 bytes, counts quota set to -1
2023-06-02 19:47:12,511 [OM StateMachine ApplyTransaction Thread - 0] INFO  volume.OMVolumeCreateRequest (OMVolumeCreateRequest.java:validateAndUpdateCache(196)) - created volume:38b65eb2-332a-444d-8b46-ff94cabe9e2f for user:runner
2023-06-02 19:47:12,512 [main] INFO  rpc.RpcClient (RpcClient.java:createBucket(686)) - Creating Bucket: 38b65eb2-332a-444d-8b46-ff94cabe9e2f/fb1bdfd1-ec55-414c-a9be-fda356563a0c, with server-side default bucket layout, runner as owner, Versioning false, Storage Type set to DISK and Encryption set to false, Replication Type set to server-side default replication type, Namespace Quota set to -1, Space Quota set to -1 
2023-06-02 19:47:12,514 [OM StateMachine ApplyTransaction Thread - 0] INFO  bucket.OMBucketCreateRequest (OMBucketCreateRequest.java:validateAndUpdateCache(270)) - created bucket: fb1bdfd1-ec55-414c-a9be-fda356563a0c of layout FILE_SYSTEM_OPTIMIZED in volume: 38b65eb2-332a-444d-8b46-ff94cabe9e2f
]]></system-out>
  </testcase>
  <testcase name="testInvalidBucketCreation" classname="org.apache.hadoop.ozone.client.rpc.TestOzoneRpcClientWithRatis" time="0.006">
    <system-out><![CDATA[2023-06-02 19:47:12,522 [main] INFO  rpc.RpcClient (RpcClient.java:createVolume(459)) - Creating Volume: 2cefc87d-7c9d-443a-9a34-658b5e846e8a, with runner as owner and space quota set to -1 bytes, counts quota set to -1
2023-06-02 19:47:12,524 [OM StateMachine ApplyTransaction Thread - 0] INFO  volume.OMVolumeCreateRequest (OMVolumeCreateRequest.java:validateAndUpdateCache(196)) - created volume:2cefc87d-7c9d-443a-9a34-658b5e846e8a for user:runner
]]></system-out>
  </testcase>
  <testcase name="testKeyReadWriteForGDPR" classname="org.apache.hadoop.ozone.client.rpc.TestOzoneRpcClientWithRatis" time="0.05">
    <system-out><![CDATA[2023-06-02 19:47:12,529 [main] INFO  rpc.RpcClient (RpcClient.java:createVolume(459)) - Creating Volume: 6f169413-a9b7-4c9b-b0a8-ca7712106fbe, with runner as owner and space quota set to -1 bytes, counts quota set to -1
2023-06-02 19:47:12,531 [OM StateMachine ApplyTransaction Thread - 0] INFO  volume.OMVolumeCreateRequest (OMVolumeCreateRequest.java:validateAndUpdateCache(196)) - created volume:6f169413-a9b7-4c9b-b0a8-ca7712106fbe for user:runner
2023-06-02 19:47:12,533 [main] INFO  rpc.RpcClient (RpcClient.java:createBucket(686)) - Creating Bucket: 6f169413-a9b7-4c9b-b0a8-ca7712106fbe/efa31946-9d75-48fd-965a-46deaccc80f9, with bucket layout OBJECT_STORE, runner as owner, Versioning false, Storage Type set to DISK and Encryption set to false, Replication Type set to server-side default replication type, Namespace Quota set to -1, Space Quota set to -1 
2023-06-02 19:47:12,535 [OM StateMachine ApplyTransaction Thread - 0] INFO  bucket.OMBucketCreateRequest (OMBucketCreateRequest.java:validateAndUpdateCache(270)) - created bucket: efa31946-9d75-48fd-965a-46deaccc80f9 of layout OBJECT_STORE in volume: 6f169413-a9b7-4c9b-b0a8-ca7712106fbe
2023-06-02 19:47:12,558 [IPC Server handler 10 on default port 15001] WARN  node.SCMNodeManager (SCMNodeManager.java:getNodesByAddress(1381)) - Cannot find node for address 127.0.0.1
2023-06-02 19:47:12,560 [IPC Server handler 6 on default port 15001] WARN  node.SCMNodeManager (SCMNodeManager.java:getNodesByAddress(1381)) - Cannot find node for address 127.0.0.1
2023-06-02 19:47:12,573 [IPC Server handler 2 on default port 15001] WARN  node.SCMNodeManager (SCMNodeManager.java:getNodesByAddress(1381)) - Cannot find node for address 127.0.0.1
2023-06-02 19:47:12,575 [IPC Server handler 1 on default port 15001] WARN  node.SCMNodeManager (SCMNodeManager.java:getNodesByAddress(1381)) - Cannot find node for address 127.0.0.1
]]></system-out>
  </testcase>
  <testcase name="testKeysRename" classname="org.apache.hadoop.ozone.client.rpc.TestOzoneRpcClientWithRatis" time="0.064">
    <system-out><![CDATA[2023-06-02 19:47:12,580 [main] INFO  rpc.RpcClient (RpcClient.java:createVolume(459)) - Creating Volume: 33fbdc03-a241-4bfc-a486-a9d29b694275, with runner as owner and space quota set to -1 bytes, counts quota set to -1
2023-06-02 19:47:12,583 [OM StateMachine ApplyTransaction Thread - 0] INFO  volume.OMVolumeCreateRequest (OMVolumeCreateRequest.java:validateAndUpdateCache(196)) - created volume:33fbdc03-a241-4bfc-a486-a9d29b694275 for user:runner
2023-06-02 19:47:12,584 [main] INFO  rpc.RpcClient (RpcClient.java:createBucket(686)) - Creating Bucket: 33fbdc03-a241-4bfc-a486-a9d29b694275/3e97e57d-04c6-46fd-8781-6011a9c23e5d, with bucket layout OBJECT_STORE, runner as owner, Versioning false, Storage Type set to DISK and Encryption set to false, Replication Type set to server-side default replication type, Namespace Quota set to -1, Space Quota set to -1 
2023-06-02 19:47:12,586 [OM StateMachine ApplyTransaction Thread - 0] INFO  bucket.OMBucketCreateRequest (OMBucketCreateRequest.java:validateAndUpdateCache(270)) - created bucket: 3e97e57d-04c6-46fd-8781-6011a9c23e5d of layout OBJECT_STORE in volume: 33fbdc03-a241-4bfc-a486-a9d29b694275
2023-06-02 19:47:12,601 [IPC Server handler 4 on default port 15001] WARN  node.SCMNodeManager (SCMNodeManager.java:getNodesByAddress(1381)) - Cannot find node for address 127.0.0.1
2023-06-02 19:47:12,617 [IPC Server handler 8 on default port 15001] WARN  node.SCMNodeManager (SCMNodeManager.java:getNodesByAddress(1381)) - Cannot find node for address 127.0.0.1
2023-06-02 19:47:12,637 [IPC Server handler 9 on default port 15001] WARN  node.SCMNodeManager (SCMNodeManager.java:getNodesByAddress(1381)) - Cannot find node for address 127.0.0.1
2023-06-02 19:47:12,640 [IPC Server handler 17 on default port 15001] WARN  node.SCMNodeManager (SCMNodeManager.java:getNodesByAddress(1381)) - Cannot find node for address 127.0.0.1
19:47:12.641 [IPC Server handler 16 on default port 15004] ERROR OMAudit - user=runner | ip=127.0.0.1 | op=READ_KEY {volume=33fbdc03-a241-4bfc-a486-a9d29b694275, bucket=3e97e57d-04c6-46fd-8781-6011a9c23e5d, key=dir/file1, dataSize=0, replicationConfig=null} | ret=FAILURE
org.apache.hadoop.ozone.om.exceptions.OMException: Key:dir/file1 not found
	at org.apache.hadoop.ozone.om.KeyManagerImpl.readKeyInfo(KeyManagerImpl.java:437) ~[ozone-manager-1.4.0-SNAPSHOT.jar:?]
	at org.apache.hadoop.ozone.om.KeyManagerImpl.lambda$9(KeyManagerImpl.java:1930) ~[ozone-manager-1.4.0-SNAPSHOT.jar:?]
	at org.apache.hadoop.util.MetricUtil.captureLatencyNs(MetricUtil.java:37) ~[hdds-common-1.4.0-SNAPSHOT.jar:?]
	at org.apache.hadoop.ozone.om.KeyManagerImpl.getKeyInfo(KeyManagerImpl.java:1928) ~[ozone-manager-1.4.0-SNAPSHOT.jar:?]
	at org.apache.hadoop.ozone.om.OmMetadataReader.getKeyInfo(OmMetadataReader.java:210) ~[ozone-manager-1.4.0-SNAPSHOT.jar:?]
	at org.apache.hadoop.ozone.om.OzoneManager.getKeyInfo(OzoneManager.java:2793) ~[ozone-manager-1.4.0-SNAPSHOT.jar:?]
	at org.apache.hadoop.ozone.protocolPB.OzoneManagerRequestHandler.getKeyInfo(OzoneManagerRequestHandler.java:550) ~[ozone-manager-1.4.0-SNAPSHOT.jar:?]
	at org.apache.hadoop.ozone.protocolPB.OzoneManagerRequestHandler.handleReadRequest(OzoneManagerRequestHandler.java:293) ~[ozone-manager-1.4.0-SNAPSHOT.jar:?]
	at org.apache.hadoop.ozone.protocolPB.OzoneManagerProtocolServerSideTranslatorPB.submitReadRequestToOM(OzoneManagerProtocolServerSideTranslatorPB.java:223) ~[ozone-manager-1.4.0-SNAPSHOT.jar:?]
	at org.apache.hadoop.ozone.protocolPB.OzoneManagerProtocolServerSideTranslatorPB.processRequest(OzoneManagerProtocolServerSideTranslatorPB.java:177) ~[ozone-manager-1.4.0-SNAPSHOT.jar:?]
	at org.apache.hadoop.hdds.server.OzoneProtocolMessageDispatcher.processRequest(OzoneProtocolMessageDispatcher.java:87) [hdds-server-framework-1.4.0-SNAPSHOT.jar:?]
	at org.apache.hadoop.ozone.protocolPB.OzoneManagerProtocolServerSideTranslatorPB.submitRequest(OzoneManagerProtocolServerSideTranslatorPB.java:147) [ozone-manager-1.4.0-SNAPSHOT.jar:?]
	at org.apache.hadoop.ozone.protocol.proto.OzoneManagerProtocolProtos$OzoneManagerService$2.callBlockingMethod(OzoneManagerProtocolProtos.java) [ozone-interface-client-1.4.0-SNAPSHOT.jar:?]
	at org.apache.hadoop.ipc.ProtobufRpcEngine$Server.processCall(ProtobufRpcEngine.java:484) [hadoop-common-3.3.5.jar:?]
	at org.apache.hadoop.ipc.ProtobufRpcEngine2$Server$ProtoBufRpcInvoker.call(ProtobufRpcEngine2.java:595) [hadoop-common-3.3.5.jar:?]
	at org.apache.hadoop.ipc.ProtobufRpcEngine2$Server$ProtoBufRpcInvoker.call(ProtobufRpcEngine2.java:573) [hadoop-common-3.3.5.jar:?]
	at org.apache.hadoop.ipc.RPC$Server.call(RPC.java:1213) [hadoop-common-3.3.5.jar:?]
	at org.apache.hadoop.ipc.Server$RpcCall.run(Server.java:1089) [hadoop-common-3.3.5.jar:?]
	at org.apache.hadoop.ipc.Server$RpcCall.run(Server.java:1012) [hadoop-common-3.3.5.jar:?]
	at java.security.AccessController.doPrivileged(Native Method) ~[?:1.8.0_372]
	at javax.security.auth.Subject.doAs(Subject.java:422) [?:1.8.0_372]
	at org.apache.hadoop.security.UserGroupInformation.doAs(UserGroupInformation.java:1899) [hadoop-common-3.3.5.jar:?]
	at org.apache.hadoop.ipc.Server$Handler.run(Server.java:3026) [hadoop-common-3.3.5.jar:?]
19:47:12.643 [IPC Server handler 18 on default port 15004] ERROR OMAudit - user=runner | ip=127.0.0.1 | op=READ_KEY {volume=33fbdc03-a241-4bfc-a486-a9d29b694275, bucket=3e97e57d-04c6-46fd-8781-6011a9c23e5d, key=dir/file2, dataSize=0, replicationConfig=null} | ret=FAILURE
org.apache.hadoop.ozone.om.exceptions.OMException: Key:dir/file2 not found
	at org.apache.hadoop.ozone.om.KeyManagerImpl.readKeyInfo(KeyManagerImpl.java:437) ~[ozone-manager-1.4.0-SNAPSHOT.jar:?]
	at org.apache.hadoop.ozone.om.KeyManagerImpl.lambda$9(KeyManagerImpl.java:1930) ~[ozone-manager-1.4.0-SNAPSHOT.jar:?]
	at org.apache.hadoop.util.MetricUtil.captureLatencyNs(MetricUtil.java:37) ~[hdds-common-1.4.0-SNAPSHOT.jar:?]
	at org.apache.hadoop.ozone.om.KeyManagerImpl.getKeyInfo(KeyManagerImpl.java:1928) ~[ozone-manager-1.4.0-SNAPSHOT.jar:?]
	at org.apache.hadoop.ozone.om.OmMetadataReader.getKeyInfo(OmMetadataReader.java:210) ~[ozone-manager-1.4.0-SNAPSHOT.jar:?]
	at org.apache.hadoop.ozone.om.OzoneManager.getKeyInfo(OzoneManager.java:2793) ~[ozone-manager-1.4.0-SNAPSHOT.jar:?]
	at org.apache.hadoop.ozone.protocolPB.OzoneManagerRequestHandler.getKeyInfo(OzoneManagerRequestHandler.java:550) ~[ozone-manager-1.4.0-SNAPSHOT.jar:?]
	at org.apache.hadoop.ozone.protocolPB.OzoneManagerRequestHandler.handleReadRequest(OzoneManagerRequestHandler.java:293) ~[ozone-manager-1.4.0-SNAPSHOT.jar:?]
	at org.apache.hadoop.ozone.protocolPB.OzoneManagerProtocolServerSideTranslatorPB.submitReadRequestToOM(OzoneManagerProtocolServerSideTranslatorPB.java:223) ~[ozone-manager-1.4.0-SNAPSHOT.jar:?]
	at org.apache.hadoop.ozone.protocolPB.OzoneManagerProtocolServerSideTranslatorPB.processRequest(OzoneManagerProtocolServerSideTranslatorPB.java:177) ~[ozone-manager-1.4.0-SNAPSHOT.jar:?]
	at org.apache.hadoop.hdds.server.OzoneProtocolMessageDispatcher.processRequest(OzoneProtocolMessageDispatcher.java:87) [hdds-server-framework-1.4.0-SNAPSHOT.jar:?]
	at org.apache.hadoop.ozone.protocolPB.OzoneManagerProtocolServerSideTranslatorPB.submitRequest(OzoneManagerProtocolServerSideTranslatorPB.java:147) [ozone-manager-1.4.0-SNAPSHOT.jar:?]
	at org.apache.hadoop.ozone.protocol.proto.OzoneManagerProtocolProtos$OzoneManagerService$2.callBlockingMethod(OzoneManagerProtocolProtos.java) [ozone-interface-client-1.4.0-SNAPSHOT.jar:?]
	at org.apache.hadoop.ipc.ProtobufRpcEngine$Server.processCall(ProtobufRpcEngine.java:484) [hadoop-common-3.3.5.jar:?]
	at org.apache.hadoop.ipc.ProtobufRpcEngine2$Server$ProtoBufRpcInvoker.call(ProtobufRpcEngine2.java:595) [hadoop-common-3.3.5.jar:?]
	at org.apache.hadoop.ipc.ProtobufRpcEngine2$Server$ProtoBufRpcInvoker.call(ProtobufRpcEngine2.java:573) [hadoop-common-3.3.5.jar:?]
	at org.apache.hadoop.ipc.RPC$Server.call(RPC.java:1213) [hadoop-common-3.3.5.jar:?]
	at org.apache.hadoop.ipc.Server$RpcCall.run(Server.java:1089) [hadoop-common-3.3.5.jar:?]
	at org.apache.hadoop.ipc.Server$RpcCall.run(Server.java:1012) [hadoop-common-3.3.5.jar:?]
	at java.security.AccessController.doPrivileged(Native Method) ~[?:1.8.0_372]
	at javax.security.auth.Subject.doAs(Subject.java:422) [?:1.8.0_372]
	at org.apache.hadoop.security.UserGroupInformation.doAs(UserGroupInformation.java:1899) [hadoop-common-3.3.5.jar:?]
	at org.apache.hadoop.ipc.Server$Handler.run(Server.java:3026) [hadoop-common-3.3.5.jar:?]
]]></system-out>
  </testcase>
  <testcase name="testKeysRenameFail" classname="org.apache.hadoop.ozone.client.rpc.TestOzoneRpcClientWithRatis" time="0.037">
    <system-out><![CDATA[2023-06-02 19:47:12,646 [main] INFO  rpc.RpcClient (RpcClient.java:createVolume(459)) - Creating Volume: 0e7a6c73-5efc-4c45-9a75-f7ac993d1155, with runner as owner and space quota set to -1 bytes, counts quota set to -1
2023-06-02 19:47:12,649 [OM StateMachine ApplyTransaction Thread - 0] INFO  volume.OMVolumeCreateRequest (OMVolumeCreateRequest.java:validateAndUpdateCache(196)) - created volume:0e7a6c73-5efc-4c45-9a75-f7ac993d1155 for user:runner
2023-06-02 19:47:12,651 [main] INFO  rpc.RpcClient (RpcClient.java:createBucket(686)) - Creating Bucket: 0e7a6c73-5efc-4c45-9a75-f7ac993d1155/6f61b36b-1e4e-4323-bfe8-a3ac32954480, with bucket layout OBJECT_STORE, runner as owner, Versioning false, Storage Type set to DISK and Encryption set to false, Replication Type set to server-side default replication type, Namespace Quota set to -1, Space Quota set to -1 
2023-06-02 19:47:12,654 [OM StateMachine ApplyTransaction Thread - 0] INFO  bucket.OMBucketCreateRequest (OMBucketCreateRequest.java:validateAndUpdateCache(270)) - created bucket: 6f61b36b-1e4e-4323-bfe8-a3ac32954480 of layout OBJECT_STORE in volume: 0e7a6c73-5efc-4c45-9a75-f7ac993d1155
2023-06-02 19:47:12,672 [IPC Server handler 3 on default port 15001] WARN  node.SCMNodeManager (SCMNodeManager.java:getNodesByAddress(1381)) - Cannot find node for address 127.0.0.1
2023-06-02 19:47:12,675 [OM StateMachine ApplyTransaction Thread - 0] ERROR key.OMKeysRenameRequest (OMKeysRenameRequest.java:validateAndUpdateCache(190)) - Received a request to rename a Key does not exist /0e7a6c73-5efc-4c45-9a75-f7ac993d1155/6f61b36b-1e4e-4323-bfe8-a3ac32954480/dir/file2
2023-06-02 19:47:12,678 [IPC Server handler 7 on default port 15001] WARN  node.SCMNodeManager (SCMNodeManager.java:getNodesByAddress(1381)) - Cannot find node for address 127.0.0.1
19:47:12.679 [IPC Server handler 4 on default port 15004] ERROR OMAudit - user=runner | ip=127.0.0.1 | op=READ_KEY {volume=0e7a6c73-5efc-4c45-9a75-f7ac993d1155, bucket=6f61b36b-1e4e-4323-bfe8-a3ac32954480, key=dir/file2, dataSize=0, replicationConfig=null} | ret=FAILURE
org.apache.hadoop.ozone.om.exceptions.OMException: Key:dir/file2 not found
	at org.apache.hadoop.ozone.om.KeyManagerImpl.readKeyInfo(KeyManagerImpl.java:437) ~[ozone-manager-1.4.0-SNAPSHOT.jar:?]
	at org.apache.hadoop.ozone.om.KeyManagerImpl.lambda$9(KeyManagerImpl.java:1930) ~[ozone-manager-1.4.0-SNAPSHOT.jar:?]
	at org.apache.hadoop.util.MetricUtil.captureLatencyNs(MetricUtil.java:37) ~[hdds-common-1.4.0-SNAPSHOT.jar:?]
	at org.apache.hadoop.ozone.om.KeyManagerImpl.getKeyInfo(KeyManagerImpl.java:1928) ~[ozone-manager-1.4.0-SNAPSHOT.jar:?]
	at org.apache.hadoop.ozone.om.OmMetadataReader.getKeyInfo(OmMetadataReader.java:210) ~[ozone-manager-1.4.0-SNAPSHOT.jar:?]
	at org.apache.hadoop.ozone.om.OzoneManager.getKeyInfo(OzoneManager.java:2793) ~[ozone-manager-1.4.0-SNAPSHOT.jar:?]
	at org.apache.hadoop.ozone.protocolPB.OzoneManagerRequestHandler.getKeyInfo(OzoneManagerRequestHandler.java:550) ~[ozone-manager-1.4.0-SNAPSHOT.jar:?]
	at org.apache.hadoop.ozone.protocolPB.OzoneManagerRequestHandler.handleReadRequest(OzoneManagerRequestHandler.java:293) ~[ozone-manager-1.4.0-SNAPSHOT.jar:?]
	at org.apache.hadoop.ozone.protocolPB.OzoneManagerProtocolServerSideTranslatorPB.submitReadRequestToOM(OzoneManagerProtocolServerSideTranslatorPB.java:223) ~[ozone-manager-1.4.0-SNAPSHOT.jar:?]
	at org.apache.hadoop.ozone.protocolPB.OzoneManagerProtocolServerSideTranslatorPB.processRequest(OzoneManagerProtocolServerSideTranslatorPB.java:177) ~[ozone-manager-1.4.0-SNAPSHOT.jar:?]
	at org.apache.hadoop.hdds.server.OzoneProtocolMessageDispatcher.processRequest(OzoneProtocolMessageDispatcher.java:87) [hdds-server-framework-1.4.0-SNAPSHOT.jar:?]
	at org.apache.hadoop.ozone.protocolPB.OzoneManagerProtocolServerSideTranslatorPB.submitRequest(OzoneManagerProtocolServerSideTranslatorPB.java:147) [ozone-manager-1.4.0-SNAPSHOT.jar:?]
	at org.apache.hadoop.ozone.protocol.proto.OzoneManagerProtocolProtos$OzoneManagerService$2.callBlockingMethod(OzoneManagerProtocolProtos.java) [ozone-interface-client-1.4.0-SNAPSHOT.jar:?]
	at org.apache.hadoop.ipc.ProtobufRpcEngine$Server.processCall(ProtobufRpcEngine.java:484) [hadoop-common-3.3.5.jar:?]
	at org.apache.hadoop.ipc.ProtobufRpcEngine2$Server$ProtoBufRpcInvoker.call(ProtobufRpcEngine2.java:595) [hadoop-common-3.3.5.jar:?]
	at org.apache.hadoop.ipc.ProtobufRpcEngine2$Server$ProtoBufRpcInvoker.call(ProtobufRpcEngine2.java:573) [hadoop-common-3.3.5.jar:?]
	at org.apache.hadoop.ipc.RPC$Server.call(RPC.java:1213) [hadoop-common-3.3.5.jar:?]
	at org.apache.hadoop.ipc.Server$RpcCall.run(Server.java:1089) [hadoop-common-3.3.5.jar:?]
	at org.apache.hadoop.ipc.Server$RpcCall.run(Server.java:1012) [hadoop-common-3.3.5.jar:?]
	at java.security.AccessController.doPrivileged(Native Method) ~[?:1.8.0_372]
	at javax.security.auth.Subject.doAs(Subject.java:422) [?:1.8.0_372]
	at org.apache.hadoop.security.UserGroupInformation.doAs(UserGroupInformation.java:1899) [hadoop-common-3.3.5.jar:?]
	at org.apache.hadoop.ipc.Server$Handler.run(Server.java:3026) [hadoop-common-3.3.5.jar:?]
]]></system-out>
  </testcase>
  <testcase name="testListBucket" classname="org.apache.hadoop.ozone.client.rpc.TestOzoneRpcClientWithRatis" time="0.311">
    <system-out><![CDATA[2023-06-02 19:47:12,685 [main] INFO  rpc.RpcClient (RpcClient.java:createVolume(459)) - Creating Volume: vol-a-25170, with runner as owner and space quota set to -1 bytes, counts quota set to -1
2023-06-02 19:47:12,688 [OM StateMachine ApplyTransaction Thread - 0] INFO  volume.OMVolumeCreateRequest (OMVolumeCreateRequest.java:validateAndUpdateCache(196)) - created volume:vol-a-25170 for user:runner
2023-06-02 19:47:12,689 [main] INFO  rpc.RpcClient (RpcClient.java:createVolume(459)) - Creating Volume: vol-b-57490, with runner as owner and space quota set to -1 bytes, counts quota set to -1
2023-06-02 19:47:12,692 [OM StateMachine ApplyTransaction Thread - 0] INFO  volume.OMVolumeCreateRequest (OMVolumeCreateRequest.java:validateAndUpdateCache(196)) - created volume:vol-b-57490 for user:runner
2023-06-02 19:47:12,694 [main] INFO  rpc.RpcClient (RpcClient.java:createBucket(686)) - Creating Bucket: vol-a-25170/bucket-a-0-43365, with server-side default bucket layout, runner as owner, Versioning false, Storage Type set to DISK and Encryption set to false, Replication Type set to server-side default replication type, Namespace Quota set to -1, Space Quota set to -1 
2023-06-02 19:47:12,696 [OM StateMachine ApplyTransaction Thread - 0] INFO  bucket.OMBucketCreateRequest (OMBucketCreateRequest.java:validateAndUpdateCache(270)) - created bucket: bucket-a-0-43365 of layout FILE_SYSTEM_OPTIMIZED in volume: vol-a-25170
2023-06-02 19:47:12,729 [OM StateMachine ApplyTransaction Thread - 0] INFO  snapshot.OMSnapshotCreateRequest (OMSnapshotCreateRequest.java:validateAndUpdateCache(231)) - Created snapshot 's20230602-194712.711' under path 'vol-a-25170/bucket-a-0-43365'
2023-06-02 19:47:12,730 [main] INFO  rpc.RpcClient (RpcClient.java:createBucket(686)) - Creating Bucket: vol-b-57490/bucket-a-0-32023, with server-side default bucket layout, runner as owner, Versioning false, Storage Type set to DISK and Encryption set to false, Replication Type set to server-side default replication type, Namespace Quota set to -1, Space Quota set to -1 
2023-06-02 19:47:12,733 [OM StateMachine ApplyTransaction Thread - 0] INFO  bucket.OMBucketCreateRequest (OMBucketCreateRequest.java:validateAndUpdateCache(270)) - created bucket: bucket-a-0-32023 of layout FILE_SYSTEM_OPTIMIZED in volume: vol-b-57490
2023-06-02 19:47:12,737 [OM StateMachine ApplyTransaction Thread - 0] INFO  snapshot.OMSnapshotCreateRequest (OMSnapshotCreateRequest.java:validateAndUpdateCache(231)) - Created snapshot 's20230602-194712.734' under path 'vol-b-57490/bucket-a-0-32023'
2023-06-02 19:47:12,740 [main] INFO  rpc.RpcClient (RpcClient.java:createBucket(686)) - Creating Bucket: vol-a-25170/bucket-a-1-74018, with server-side default bucket layout, runner as owner, Versioning false, Storage Type set to DISK and Encryption set to false, Replication Type set to server-side default replication type, Namespace Quota set to -1, Space Quota set to -1 
2023-06-02 19:47:12,742 [OM StateMachine ApplyTransaction Thread - 0] INFO  bucket.OMBucketCreateRequest (OMBucketCreateRequest.java:validateAndUpdateCache(270)) - created bucket: bucket-a-1-74018 of layout FILE_SYSTEM_OPTIMIZED in volume: vol-a-25170
2023-06-02 19:47:12,746 [OM StateMachine ApplyTransaction Thread - 0] INFO  snapshot.OMSnapshotCreateRequest (OMSnapshotCreateRequest.java:validateAndUpdateCache(231)) - Created snapshot 's20230602-194712.744' under path 'vol-a-25170/bucket-a-1-74018'
2023-06-02 19:47:12,747 [main] INFO  rpc.RpcClient (RpcClient.java:createBucket(686)) - Creating Bucket: vol-b-57490/bucket-a-1-68966, with server-side default bucket layout, runner as owner, Versioning false, Storage Type set to DISK and Encryption set to false, Replication Type set to server-side default replication type, Namespace Quota set to -1, Space Quota set to -1 
2023-06-02 19:47:12,749 [OM StateMachine ApplyTransaction Thread - 0] INFO  bucket.OMBucketCreateRequest (OMBucketCreateRequest.java:validateAndUpdateCache(270)) - created bucket: bucket-a-1-68966 of layout FILE_SYSTEM_OPTIMIZED in volume: vol-b-57490
2023-06-02 19:47:12,752 [OM StateMachine ApplyTransaction Thread - 0] INFO  snapshot.OMSnapshotCreateRequest (OMSnapshotCreateRequest.java:validateAndUpdateCache(231)) - Created snapshot 's20230602-194712.750' under path 'vol-b-57490/bucket-a-1-68966'
2023-06-02 19:47:12,752 [main] INFO  rpc.RpcClient (RpcClient.java:createBucket(686)) - Creating Bucket: vol-a-25170/bucket-a-2-56410, with server-side default bucket layout, runner as owner, Versioning false, Storage Type set to DISK and Encryption set to false, Replication Type set to server-side default replication type, Namespace Quota set to -1, Space Quota set to -1 
2023-06-02 19:47:12,755 [OM StateMachine ApplyTransaction Thread - 0] INFO  bucket.OMBucketCreateRequest (OMBucketCreateRequest.java:validateAndUpdateCache(270)) - created bucket: bucket-a-2-56410 of layout FILE_SYSTEM_OPTIMIZED in volume: vol-a-25170
2023-06-02 19:47:12,757 [OM StateMachine ApplyTransaction Thread - 0] INFO  snapshot.OMSnapshotCreateRequest (OMSnapshotCreateRequest.java:validateAndUpdateCache(231)) - Created snapshot 's20230602-194712.756' under path 'vol-a-25170/bucket-a-2-56410'
2023-06-02 19:47:12,760 [main] INFO  rpc.RpcClient (RpcClient.java:createBucket(686)) - Creating Bucket: vol-b-57490/bucket-a-2-51761, with server-side default bucket layout, runner as owner, Versioning false, Storage Type set to DISK and Encryption set to false, Replication Type set to server-side default replication type, Namespace Quota set to -1, Space Quota set to -1 
2023-06-02 19:47:12,762 [OM StateMachine ApplyTransaction Thread - 0] INFO  bucket.OMBucketCreateRequest (OMBucketCreateRequest.java:validateAndUpdateCache(270)) - created bucket: bucket-a-2-51761 of layout FILE_SYSTEM_OPTIMIZED in volume: vol-b-57490
2023-06-02 19:47:12,765 [OM StateMachine ApplyTransaction Thread - 0] INFO  snapshot.OMSnapshotCreateRequest (OMSnapshotCreateRequest.java:validateAndUpdateCache(231)) - Created snapshot 's20230602-194712.763' under path 'vol-b-57490/bucket-a-2-51761'
2023-06-02 19:47:12,766 [main] INFO  rpc.RpcClient (RpcClient.java:createBucket(686)) - Creating Bucket: vol-a-25170/bucket-a-3-10088, with server-side default bucket layout, runner as owner, Versioning false, Storage Type set to DISK and Encryption set to false, Replication Type set to server-side default replication type, Namespace Quota set to -1, Space Quota set to -1 
2023-06-02 19:47:12,768 [OM StateMachine ApplyTransaction Thread - 0] INFO  bucket.OMBucketCreateRequest (OMBucketCreateRequest.java:validateAndUpdateCache(270)) - created bucket: bucket-a-3-10088 of layout FILE_SYSTEM_OPTIMIZED in volume: vol-a-25170
2023-06-02 19:47:12,771 [OM StateMachine ApplyTransaction Thread - 0] INFO  snapshot.OMSnapshotCreateRequest (OMSnapshotCreateRequest.java:validateAndUpdateCache(231)) - Created snapshot 's20230602-194712.769' under path 'vol-a-25170/bucket-a-3-10088'
2023-06-02 19:47:12,772 [main] INFO  rpc.RpcClient (RpcClient.java:createBucket(686)) - Creating Bucket: vol-b-57490/bucket-a-3-64548, with server-side default bucket layout, runner as owner, Versioning false, Storage Type set to DISK and Encryption set to false, Replication Type set to server-side default replication type, Namespace Quota set to -1, Space Quota set to -1 
2023-06-02 19:47:12,774 [OM StateMachine ApplyTransaction Thread - 0] INFO  bucket.OMBucketCreateRequest (OMBucketCreateRequest.java:validateAndUpdateCache(270)) - created bucket: bucket-a-3-64548 of layout FILE_SYSTEM_OPTIMIZED in volume: vol-b-57490
2023-06-02 19:47:12,778 [OM StateMachine ApplyTransaction Thread - 0] INFO  snapshot.OMSnapshotCreateRequest (OMSnapshotCreateRequest.java:validateAndUpdateCache(231)) - Created snapshot 's20230602-194712.775' under path 'vol-b-57490/bucket-a-3-64548'
2023-06-02 19:47:12,780 [main] INFO  rpc.RpcClient (RpcClient.java:createBucket(686)) - Creating Bucket: vol-a-25170/bucket-a-4-73937, with server-side default bucket layout, runner as owner, Versioning false, Storage Type set to DISK and Encryption set to false, Replication Type set to server-side default replication type, Namespace Quota set to -1, Space Quota set to -1 
2023-06-02 19:47:12,782 [OM StateMachine ApplyTransaction Thread - 0] INFO  bucket.OMBucketCreateRequest (OMBucketCreateRequest.java:validateAndUpdateCache(270)) - created bucket: bucket-a-4-73937 of layout FILE_SYSTEM_OPTIMIZED in volume: vol-a-25170
2023-06-02 19:47:12,785 [OM StateMachine ApplyTransaction Thread - 0] INFO  snapshot.OMSnapshotCreateRequest (OMSnapshotCreateRequest.java:validateAndUpdateCache(231)) - Created snapshot 's20230602-194712.784' under path 'vol-a-25170/bucket-a-4-73937'
2023-06-02 19:47:12,786 [main] INFO  rpc.RpcClient (RpcClient.java:createBucket(686)) - Creating Bucket: vol-b-57490/bucket-a-4-00878, with server-side default bucket layout, runner as owner, Versioning false, Storage Type set to DISK and Encryption set to false, Replication Type set to server-side default replication type, Namespace Quota set to -1, Space Quota set to -1 
2023-06-02 19:47:12,789 [OM StateMachine ApplyTransaction Thread - 0] INFO  bucket.OMBucketCreateRequest (OMBucketCreateRequest.java:validateAndUpdateCache(270)) - created bucket: bucket-a-4-00878 of layout FILE_SYSTEM_OPTIMIZED in volume: vol-b-57490
2023-06-02 19:47:12,792 [OM StateMachine ApplyTransaction Thread - 0] INFO  snapshot.OMSnapshotCreateRequest (OMSnapshotCreateRequest.java:validateAndUpdateCache(231)) - Created snapshot 's20230602-194712.790' under path 'vol-b-57490/bucket-a-4-00878'
2023-06-02 19:47:12,792 [main] INFO  rpc.RpcClient (RpcClient.java:createBucket(686)) - Creating Bucket: vol-a-25170/bucket-a-5-16214, with server-side default bucket layout, runner as owner, Versioning false, Storage Type set to DISK and Encryption set to false, Replication Type set to server-side default replication type, Namespace Quota set to -1, Space Quota set to -1 
2023-06-02 19:47:12,794 [OM StateMachine ApplyTransaction Thread - 0] INFO  bucket.OMBucketCreateRequest (OMBucketCreateRequest.java:validateAndUpdateCache(270)) - created bucket: bucket-a-5-16214 of layout FILE_SYSTEM_OPTIMIZED in volume: vol-a-25170
2023-06-02 19:47:12,798 [OM StateMachine ApplyTransaction Thread - 0] INFO  snapshot.OMSnapshotCreateRequest (OMSnapshotCreateRequest.java:validateAndUpdateCache(231)) - Created snapshot 's20230602-194712.796' under path 'vol-a-25170/bucket-a-5-16214'
2023-06-02 19:47:12,799 [main] INFO  rpc.RpcClient (RpcClient.java:createBucket(686)) - Creating Bucket: vol-b-57490/bucket-a-5-55325, with server-side default bucket layout, runner as owner, Versioning false, Storage Type set to DISK and Encryption set to false, Replication Type set to server-side default replication type, Namespace Quota set to -1, Space Quota set to -1 
2023-06-02 19:47:12,802 [OM StateMachine ApplyTransaction Thread - 0] INFO  bucket.OMBucketCreateRequest (OMBucketCreateRequest.java:validateAndUpdateCache(270)) - created bucket: bucket-a-5-55325 of layout FILE_SYSTEM_OPTIMIZED in volume: vol-b-57490
2023-06-02 19:47:12,804 [OM StateMachine ApplyTransaction Thread - 0] INFO  snapshot.OMSnapshotCreateRequest (OMSnapshotCreateRequest.java:validateAndUpdateCache(231)) - Created snapshot 's20230602-194712.803' under path 'vol-b-57490/bucket-a-5-55325'
2023-06-02 19:47:12,805 [main] INFO  rpc.RpcClient (RpcClient.java:createBucket(686)) - Creating Bucket: vol-a-25170/bucket-a-6-41678, with server-side default bucket layout, runner as owner, Versioning false, Storage Type set to DISK and Encryption set to false, Replication Type set to server-side default replication type, Namespace Quota set to -1, Space Quota set to -1 
2023-06-02 19:47:12,807 [OM StateMachine ApplyTransaction Thread - 0] INFO  bucket.OMBucketCreateRequest (OMBucketCreateRequest.java:validateAndUpdateCache(270)) - created bucket: bucket-a-6-41678 of layout FILE_SYSTEM_OPTIMIZED in volume: vol-a-25170
2023-06-02 19:47:12,810 [OM StateMachine ApplyTransaction Thread - 0] INFO  snapshot.OMSnapshotCreateRequest (OMSnapshotCreateRequest.java:validateAndUpdateCache(231)) - Created snapshot 's20230602-194712.808' under path 'vol-a-25170/bucket-a-6-41678'
2023-06-02 19:47:12,812 [main] INFO  rpc.RpcClient (RpcClient.java:createBucket(686)) - Creating Bucket: vol-b-57490/bucket-a-6-37052, with server-side default bucket layout, runner as owner, Versioning false, Storage Type set to DISK and Encryption set to false, Replication Type set to server-side default replication type, Namespace Quota set to -1, Space Quota set to -1 
2023-06-02 19:47:12,815 [OM StateMachine ApplyTransaction Thread - 0] INFO  bucket.OMBucketCreateRequest (OMBucketCreateRequest.java:validateAndUpdateCache(270)) - created bucket: bucket-a-6-37052 of layout FILE_SYSTEM_OPTIMIZED in volume: vol-b-57490
2023-06-02 19:47:12,819 [OM StateMachine ApplyTransaction Thread - 0] INFO  snapshot.OMSnapshotCreateRequest (OMSnapshotCreateRequest.java:validateAndUpdateCache(231)) - Created snapshot 's20230602-194712.817' under path 'vol-b-57490/bucket-a-6-37052'
2023-06-02 19:47:12,819 [main] INFO  rpc.RpcClient (RpcClient.java:createBucket(686)) - Creating Bucket: vol-a-25170/bucket-a-7-83904, with server-side default bucket layout, runner as owner, Versioning false, Storage Type set to DISK and Encryption set to false, Replication Type set to server-side default replication type, Namespace Quota set to -1, Space Quota set to -1 
2023-06-02 19:47:12,822 [OM StateMachine ApplyTransaction Thread - 0] INFO  bucket.OMBucketCreateRequest (OMBucketCreateRequest.java:validateAndUpdateCache(270)) - created bucket: bucket-a-7-83904 of layout FILE_SYSTEM_OPTIMIZED in volume: vol-a-25170
2023-06-02 19:47:12,824 [OM StateMachine ApplyTransaction Thread - 0] INFO  snapshot.OMSnapshotCreateRequest (OMSnapshotCreateRequest.java:validateAndUpdateCache(231)) - Created snapshot 's20230602-194712.823' under path 'vol-a-25170/bucket-a-7-83904'
2023-06-02 19:47:12,824 [main] INFO  rpc.RpcClient (RpcClient.java:createBucket(686)) - Creating Bucket: vol-b-57490/bucket-a-7-89438, with server-side default bucket layout, runner as owner, Versioning false, Storage Type set to DISK and Encryption set to false, Replication Type set to server-side default replication type, Namespace Quota set to -1, Space Quota set to -1 
2023-06-02 19:47:12,826 [OM StateMachine ApplyTransaction Thread - 0] INFO  bucket.OMBucketCreateRequest (OMBucketCreateRequest.java:validateAndUpdateCache(270)) - created bucket: bucket-a-7-89438 of layout FILE_SYSTEM_OPTIMIZED in volume: vol-b-57490
2023-06-02 19:47:12,829 [OM StateMachine ApplyTransaction Thread - 0] INFO  snapshot.OMSnapshotCreateRequest (OMSnapshotCreateRequest.java:validateAndUpdateCache(231)) - Created snapshot 's20230602-194712.827' under path 'vol-b-57490/bucket-a-7-89438'
2023-06-02 19:47:12,829 [main] INFO  rpc.RpcClient (RpcClient.java:createBucket(686)) - Creating Bucket: vol-a-25170/bucket-a-8-95901, with server-side default bucket layout, runner as owner, Versioning false, Storage Type set to DISK and Encryption set to false, Replication Type set to server-side default replication type, Namespace Quota set to -1, Space Quota set to -1 
2023-06-02 19:47:12,832 [OM StateMachine ApplyTransaction Thread - 0] INFO  bucket.OMBucketCreateRequest (OMBucketCreateRequest.java:validateAndUpdateCache(270)) - created bucket: bucket-a-8-95901 of layout FILE_SYSTEM_OPTIMIZED in volume: vol-a-25170
2023-06-02 19:47:12,834 [OM StateMachine ApplyTransaction Thread - 0] INFO  snapshot.OMSnapshotCreateRequest (OMSnapshotCreateRequest.java:validateAndUpdateCache(231)) - Created snapshot 's20230602-194712.833' under path 'vol-a-25170/bucket-a-8-95901'
2023-06-02 19:47:12,835 [main] INFO  rpc.RpcClient (RpcClient.java:createBucket(686)) - Creating Bucket: vol-b-57490/bucket-a-8-46182, with server-side default bucket layout, runner as owner, Versioning false, Storage Type set to DISK and Encryption set to false, Replication Type set to server-side default replication type, Namespace Quota set to -1, Space Quota set to -1 
2023-06-02 19:47:12,838 [OM StateMachine ApplyTransaction Thread - 0] INFO  bucket.OMBucketCreateRequest (OMBucketCreateRequest.java:validateAndUpdateCache(270)) - created bucket: bucket-a-8-46182 of layout FILE_SYSTEM_OPTIMIZED in volume: vol-b-57490
2023-06-02 19:47:12,843 [OM StateMachine ApplyTransaction Thread - 0] INFO  snapshot.OMSnapshotCreateRequest (OMSnapshotCreateRequest.java:validateAndUpdateCache(231)) - Created snapshot 's20230602-194712.840' under path 'vol-b-57490/bucket-a-8-46182'
2023-06-02 19:47:12,844 [main] INFO  rpc.RpcClient (RpcClient.java:createBucket(686)) - Creating Bucket: vol-a-25170/bucket-a-9-08334, with server-side default bucket layout, runner as owner, Versioning false, Storage Type set to DISK and Encryption set to false, Replication Type set to server-side default replication type, Namespace Quota set to -1, Space Quota set to -1 
2023-06-02 19:47:12,844 [OMDoubleBufferFlushThread] INFO  db.RDBCheckpointManager (RDBCheckpointManager.java:createCheckpoint(89)) - Created checkpoint in rocksDB at /home/runner/work/ozone/ozone/hadoop-ozone/integration-test/target/test-dir/MiniOzoneClusterImpl-e4789928-4fd4-479e-857e-ac334458de01/ozone-meta/db.snapshots/checkpointState/om.db-61811652-98a2-4a51-bc0d-d0d19f5515b8 in 109 milliseconds
2023-06-02 19:47:12,848 [OM StateMachine ApplyTransaction Thread - 0] INFO  bucket.OMBucketCreateRequest (OMBucketCreateRequest.java:validateAndUpdateCache(270)) - created bucket: bucket-a-9-08334 of layout FILE_SYSTEM_OPTIMIZED in volume: vol-a-25170
2023-06-02 19:47:12,850 [OM StateMachine ApplyTransaction Thread - 0] INFO  snapshot.OMSnapshotCreateRequest (OMSnapshotCreateRequest.java:validateAndUpdateCache(231)) - Created snapshot 's20230602-194712.849' under path 'vol-a-25170/bucket-a-9-08334'
2023-06-02 19:47:12,851 [main] INFO  rpc.RpcClient (RpcClient.java:createBucket(686)) - Creating Bucket: vol-b-57490/bucket-a-9-40206, with server-side default bucket layout, runner as owner, Versioning false, Storage Type set to DISK and Encryption set to false, Replication Type set to server-side default replication type, Namespace Quota set to -1, Space Quota set to -1 
2023-06-02 19:47:12,852 [OM StateMachine ApplyTransaction Thread - 0] INFO  bucket.OMBucketCreateRequest (OMBucketCreateRequest.java:validateAndUpdateCache(270)) - created bucket: bucket-a-9-40206 of layout FILE_SYSTEM_OPTIMIZED in volume: vol-b-57490
2023-06-02 19:47:12,855 [OM StateMachine ApplyTransaction Thread - 0] INFO  snapshot.OMSnapshotCreateRequest (OMSnapshotCreateRequest.java:validateAndUpdateCache(231)) - Created snapshot 's20230602-194712.853' under path 'vol-b-57490/bucket-a-9-40206'
2023-06-02 19:47:12,860 [main] INFO  rpc.RpcClient (RpcClient.java:createBucket(686)) - Creating Bucket: vol-a-25170/bucket-b-0-79858, with server-side default bucket layout, runner as owner, Versioning false, Storage Type set to DISK and Encryption set to false, Replication Type set to server-side default replication type, Namespace Quota set to -1, Space Quota set to -1 
2023-06-02 19:47:12,862 [OM StateMachine ApplyTransaction Thread - 0] INFO  bucket.OMBucketCreateRequest (OMBucketCreateRequest.java:validateAndUpdateCache(270)) - created bucket: bucket-b-0-79858 of layout FILE_SYSTEM_OPTIMIZED in volume: vol-a-25170
2023-06-02 19:47:12,864 [OM StateMachine ApplyTransaction Thread - 0] INFO  snapshot.OMSnapshotCreateRequest (OMSnapshotCreateRequest.java:validateAndUpdateCache(231)) - Created snapshot 's20230602-194712.863' under path 'vol-a-25170/bucket-b-0-79858'
2023-06-02 19:47:12,865 [main] INFO  rpc.RpcClient (RpcClient.java:createBucket(686)) - Creating Bucket: vol-b-57490/bucket-b-0-55861, with server-side default bucket layout, runner as owner, Versioning false, Storage Type set to DISK and Encryption set to false, Replication Type set to server-side default replication type, Namespace Quota set to -1, Space Quota set to -1 
2023-06-02 19:47:12,867 [OM StateMachine ApplyTransaction Thread - 0] INFO  bucket.OMBucketCreateRequest (OMBucketCreateRequest.java:validateAndUpdateCache(270)) - created bucket: bucket-b-0-55861 of layout FILE_SYSTEM_OPTIMIZED in volume: vol-b-57490
2023-06-02 19:47:12,867 [main] INFO  rpc.RpcClient (RpcClient.java:createBucket(686)) - Creating Bucket: vol-a-25170/bucket-b-1-06157, with server-side default bucket layout, runner as owner, Versioning false, Storage Type set to DISK and Encryption set to false, Replication Type set to server-side default replication type, Namespace Quota set to -1, Space Quota set to -1 
2023-06-02 19:47:12,869 [OM StateMachine ApplyTransaction Thread - 0] INFO  bucket.OMBucketCreateRequest (OMBucketCreateRequest.java:validateAndUpdateCache(270)) - created bucket: bucket-b-1-06157 of layout FILE_SYSTEM_OPTIMIZED in volume: vol-a-25170
2023-06-02 19:47:12,872 [OM StateMachine ApplyTransaction Thread - 0] INFO  snapshot.OMSnapshotCreateRequest (OMSnapshotCreateRequest.java:validateAndUpdateCache(231)) - Created snapshot 's20230602-194712.871' under path 'vol-a-25170/bucket-b-1-06157'
2023-06-02 19:47:12,872 [main] INFO  rpc.RpcClient (RpcClient.java:createBucket(686)) - Creating Bucket: vol-b-57490/bucket-b-1-27682, with server-side default bucket layout, runner as owner, Versioning false, Storage Type set to DISK and Encryption set to false, Replication Type set to server-side default replication type, Namespace Quota set to -1, Space Quota set to -1 
2023-06-02 19:47:12,874 [OM StateMachine ApplyTransaction Thread - 0] INFO  bucket.OMBucketCreateRequest (OMBucketCreateRequest.java:validateAndUpdateCache(270)) - created bucket: bucket-b-1-27682 of layout FILE_SYSTEM_OPTIMIZED in volume: vol-b-57490
2023-06-02 19:47:12,874 [main] INFO  rpc.RpcClient (RpcClient.java:createBucket(686)) - Creating Bucket: vol-a-25170/bucket-b-2-90892, with server-side default bucket layout, runner as owner, Versioning false, Storage Type set to DISK and Encryption set to false, Replication Type set to server-side default replication type, Namespace Quota set to -1, Space Quota set to -1 
2023-06-02 19:47:12,876 [OM StateMachine ApplyTransaction Thread - 0] INFO  bucket.OMBucketCreateRequest (OMBucketCreateRequest.java:validateAndUpdateCache(270)) - created bucket: bucket-b-2-90892 of layout FILE_SYSTEM_OPTIMIZED in volume: vol-a-25170
2023-06-02 19:47:12,878 [OM StateMachine ApplyTransaction Thread - 0] INFO  snapshot.OMSnapshotCreateRequest (OMSnapshotCreateRequest.java:validateAndUpdateCache(231)) - Created snapshot 's20230602-194712.877' under path 'vol-a-25170/bucket-b-2-90892'
2023-06-02 19:47:12,879 [main] INFO  rpc.RpcClient (RpcClient.java:createBucket(686)) - Creating Bucket: vol-b-57490/bucket-b-2-51462, with server-side default bucket layout, runner as owner, Versioning false, Storage Type set to DISK and Encryption set to false, Replication Type set to server-side default replication type, Namespace Quota set to -1, Space Quota set to -1 
2023-06-02 19:47:12,881 [OM StateMachine ApplyTransaction Thread - 0] INFO  bucket.OMBucketCreateRequest (OMBucketCreateRequest.java:validateAndUpdateCache(270)) - created bucket: bucket-b-2-51462 of layout FILE_SYSTEM_OPTIMIZED in volume: vol-b-57490
2023-06-02 19:47:12,881 [main] INFO  rpc.RpcClient (RpcClient.java:createBucket(686)) - Creating Bucket: vol-a-25170/bucket-b-3-94871, with server-side default bucket layout, runner as owner, Versioning false, Storage Type set to DISK and Encryption set to false, Replication Type set to server-side default replication type, Namespace Quota set to -1, Space Quota set to -1 
2023-06-02 19:47:12,883 [OM StateMachine ApplyTransaction Thread - 0] INFO  bucket.OMBucketCreateRequest (OMBucketCreateRequest.java:validateAndUpdateCache(270)) - created bucket: bucket-b-3-94871 of layout FILE_SYSTEM_OPTIMIZED in volume: vol-a-25170
2023-06-02 19:47:12,885 [OM StateMachine ApplyTransaction Thread - 0] INFO  snapshot.OMSnapshotCreateRequest (OMSnapshotCreateRequest.java:validateAndUpdateCache(231)) - Created snapshot 's20230602-194712.884' under path 'vol-a-25170/bucket-b-3-94871'
2023-06-02 19:47:12,886 [main] INFO  rpc.RpcClient (RpcClient.java:createBucket(686)) - Creating Bucket: vol-b-57490/bucket-b-3-75880, with server-side default bucket layout, runner as owner, Versioning false, Storage Type set to DISK and Encryption set to false, Replication Type set to server-side default replication type, Namespace Quota set to -1, Space Quota set to -1 
2023-06-02 19:47:12,888 [OM StateMachine ApplyTransaction Thread - 0] INFO  bucket.OMBucketCreateRequest (OMBucketCreateRequest.java:validateAndUpdateCache(270)) - created bucket: bucket-b-3-75880 of layout FILE_SYSTEM_OPTIMIZED in volume: vol-b-57490
2023-06-02 19:47:12,888 [main] INFO  rpc.RpcClient (RpcClient.java:createBucket(686)) - Creating Bucket: vol-a-25170/bucket-b-4-65922, with server-side default bucket layout, runner as owner, Versioning false, Storage Type set to DISK and Encryption set to false, Replication Type set to server-side default replication type, Namespace Quota set to -1, Space Quota set to -1 
2023-06-02 19:47:12,890 [OM StateMachine ApplyTransaction Thread - 0] INFO  bucket.OMBucketCreateRequest (OMBucketCreateRequest.java:validateAndUpdateCache(270)) - created bucket: bucket-b-4-65922 of layout FILE_SYSTEM_OPTIMIZED in volume: vol-a-25170
2023-06-02 19:47:12,892 [OM StateMachine ApplyTransaction Thread - 0] INFO  snapshot.OMSnapshotCreateRequest (OMSnapshotCreateRequest.java:validateAndUpdateCache(231)) - Created snapshot 's20230602-194712.891' under path 'vol-a-25170/bucket-b-4-65922'
2023-06-02 19:47:12,893 [main] INFO  rpc.RpcClient (RpcClient.java:createBucket(686)) - Creating Bucket: vol-b-57490/bucket-b-4-77930, with server-side default bucket layout, runner as owner, Versioning false, Storage Type set to DISK and Encryption set to false, Replication Type set to server-side default replication type, Namespace Quota set to -1, Space Quota set to -1 
2023-06-02 19:47:12,894 [OM StateMachine ApplyTransaction Thread - 0] INFO  bucket.OMBucketCreateRequest (OMBucketCreateRequest.java:validateAndUpdateCache(270)) - created bucket: bucket-b-4-77930 of layout FILE_SYSTEM_OPTIMIZED in volume: vol-b-57490
2023-06-02 19:47:12,895 [main] INFO  rpc.RpcClient (RpcClient.java:createBucket(686)) - Creating Bucket: vol-a-25170/bucket-b-5-14612, with server-side default bucket layout, runner as owner, Versioning false, Storage Type set to DISK and Encryption set to false, Replication Type set to server-side default replication type, Namespace Quota set to -1, Space Quota set to -1 
2023-06-02 19:47:12,897 [OM StateMachine ApplyTransaction Thread - 0] INFO  bucket.OMBucketCreateRequest (OMBucketCreateRequest.java:validateAndUpdateCache(270)) - created bucket: bucket-b-5-14612 of layout FILE_SYSTEM_OPTIMIZED in volume: vol-a-25170
2023-06-02 19:47:12,899 [OM StateMachine ApplyTransaction Thread - 0] INFO  snapshot.OMSnapshotCreateRequest (OMSnapshotCreateRequest.java:validateAndUpdateCache(231)) - Created snapshot 's20230602-194712.898' under path 'vol-a-25170/bucket-b-5-14612'
2023-06-02 19:47:12,899 [main] INFO  rpc.RpcClient (RpcClient.java:createBucket(686)) - Creating Bucket: vol-b-57490/bucket-b-5-75753, with server-side default bucket layout, runner as owner, Versioning false, Storage Type set to DISK and Encryption set to false, Replication Type set to server-side default replication type, Namespace Quota set to -1, Space Quota set to -1 
2023-06-02 19:47:12,901 [OM StateMachine ApplyTransaction Thread - 0] INFO  bucket.OMBucketCreateRequest (OMBucketCreateRequest.java:validateAndUpdateCache(270)) - created bucket: bucket-b-5-75753 of layout FILE_SYSTEM_OPTIMIZED in volume: vol-b-57490
2023-06-02 19:47:12,902 [main] INFO  rpc.RpcClient (RpcClient.java:createBucket(686)) - Creating Bucket: vol-a-25170/bucket-b-6-26052, with server-side default bucket layout, runner as owner, Versioning false, Storage Type set to DISK and Encryption set to false, Replication Type set to server-side default replication type, Namespace Quota set to -1, Space Quota set to -1 
2023-06-02 19:47:12,903 [OM StateMachine ApplyTransaction Thread - 0] INFO  bucket.OMBucketCreateRequest (OMBucketCreateRequest.java:validateAndUpdateCache(270)) - created bucket: bucket-b-6-26052 of layout FILE_SYSTEM_OPTIMIZED in volume: vol-a-25170
2023-06-02 19:47:12,905 [OM StateMachine ApplyTransaction Thread - 0] INFO  snapshot.OMSnapshotCreateRequest (OMSnapshotCreateRequest.java:validateAndUpdateCache(231)) - Created snapshot 's20230602-194712.905' under path 'vol-a-25170/bucket-b-6-26052'
2023-06-02 19:47:12,906 [main] INFO  rpc.RpcClient (RpcClient.java:createBucket(686)) - Creating Bucket: vol-b-57490/bucket-b-6-74647, with server-side default bucket layout, runner as owner, Versioning false, Storage Type set to DISK and Encryption set to false, Replication Type set to server-side default replication type, Namespace Quota set to -1, Space Quota set to -1 
2023-06-02 19:47:12,907 [OMDoubleBufferFlushThread] INFO  db.RDBCheckpointUtils (RDBCheckpointUtils.java:waitForCheckpointDirectoryExist(59)) - Waited for 61 milliseconds for checkpoint directory /home/runner/work/ozone/ozone/hadoop-ozone/integration-test/target/test-dir/MiniOzoneClusterImpl-e4789928-4fd4-479e-857e-ac334458de01/ozone-meta/db.snapshots/checkpointState/om.db-61811652-98a2-4a51-bc0d-d0d19f5515b8 availability.
2023-06-02 19:47:12,908 [OM StateMachine ApplyTransaction Thread - 0] INFO  bucket.OMBucketCreateRequest (OMBucketCreateRequest.java:validateAndUpdateCache(270)) - created bucket: bucket-b-6-74647 of layout FILE_SYSTEM_OPTIMIZED in volume: vol-b-57490
2023-06-02 19:47:12,909 [main] INFO  rpc.RpcClient (RpcClient.java:createBucket(686)) - Creating Bucket: vol-a-25170/bucket-b-7-93812, with server-side default bucket layout, runner as owner, Versioning false, Storage Type set to DISK and Encryption set to false, Replication Type set to server-side default replication type, Namespace Quota set to -1, Space Quota set to -1 
2023-06-02 19:47:12,910 [OMDoubleBufferFlushThread] INFO  om.OmSnapshotManager (OmSnapshotManager.java:createOmSnapshotCheckpoint(409)) - Created checkpoint : /home/runner/work/ozone/ozone/hadoop-ozone/integration-test/target/test-dir/MiniOzoneClusterImpl-e4789928-4fd4-479e-857e-ac334458de01/ozone-meta/db.snapshots/checkpointState/om.db-61811652-98a2-4a51-bc0d-d0d19f5515b8 for snapshot s20230602-194712.711
2023-06-02 19:47:12,916 [OM StateMachine ApplyTransaction Thread - 0] INFO  bucket.OMBucketCreateRequest (OMBucketCreateRequest.java:validateAndUpdateCache(270)) - created bucket: bucket-b-7-93812 of layout FILE_SYSTEM_OPTIMIZED in volume: vol-a-25170
2023-06-02 19:47:12,925 [OM StateMachine ApplyTransaction Thread - 0] INFO  snapshot.OMSnapshotCreateRequest (OMSnapshotCreateRequest.java:validateAndUpdateCache(231)) - Created snapshot 's20230602-194712.924' under path 'vol-a-25170/bucket-b-7-93812'
2023-06-02 19:47:12,926 [main] INFO  rpc.RpcClient (RpcClient.java:createBucket(686)) - Creating Bucket: vol-b-57490/bucket-b-7-10630, with server-side default bucket layout, runner as owner, Versioning false, Storage Type set to DISK and Encryption set to false, Replication Type set to server-side default replication type, Namespace Quota set to -1, Space Quota set to -1 
2023-06-02 19:47:12,928 [OM StateMachine ApplyTransaction Thread - 0] INFO  bucket.OMBucketCreateRequest (OMBucketCreateRequest.java:validateAndUpdateCache(270)) - created bucket: bucket-b-7-10630 of layout FILE_SYSTEM_OPTIMIZED in volume: vol-b-57490
2023-06-02 19:47:12,929 [main] INFO  rpc.RpcClient (RpcClient.java:createBucket(686)) - Creating Bucket: vol-a-25170/bucket-b-8-78432, with server-side default bucket layout, runner as owner, Versioning false, Storage Type set to DISK and Encryption set to false, Replication Type set to server-side default replication type, Namespace Quota set to -1, Space Quota set to -1 
2023-06-02 19:47:12,931 [OM StateMachine ApplyTransaction Thread - 0] INFO  bucket.OMBucketCreateRequest (OMBucketCreateRequest.java:validateAndUpdateCache(270)) - created bucket: bucket-b-8-78432 of layout FILE_SYSTEM_OPTIMIZED in volume: vol-a-25170
2023-06-02 19:47:12,934 [OM StateMachine ApplyTransaction Thread - 0] INFO  snapshot.OMSnapshotCreateRequest (OMSnapshotCreateRequest.java:validateAndUpdateCache(231)) - Created snapshot 's20230602-194712.932' under path 'vol-a-25170/bucket-b-8-78432'
2023-06-02 19:47:12,934 [main] INFO  rpc.RpcClient (RpcClient.java:createBucket(686)) - Creating Bucket: vol-b-57490/bucket-b-8-39217, with server-side default bucket layout, runner as owner, Versioning false, Storage Type set to DISK and Encryption set to false, Replication Type set to server-side default replication type, Namespace Quota set to -1, Space Quota set to -1 
2023-06-02 19:47:12,936 [OM StateMachine ApplyTransaction Thread - 0] INFO  bucket.OMBucketCreateRequest (OMBucketCreateRequest.java:validateAndUpdateCache(270)) - created bucket: bucket-b-8-39217 of layout FILE_SYSTEM_OPTIMIZED in volume: vol-b-57490
2023-06-02 19:47:12,937 [main] INFO  rpc.RpcClient (RpcClient.java:createBucket(686)) - Creating Bucket: vol-a-25170/bucket-b-9-52081, with server-side default bucket layout, runner as owner, Versioning false, Storage Type set to DISK and Encryption set to false, Replication Type set to server-side default replication type, Namespace Quota set to -1, Space Quota set to -1 
2023-06-02 19:47:12,938 [OM StateMachine ApplyTransaction Thread - 0] INFO  bucket.OMBucketCreateRequest (OMBucketCreateRequest.java:validateAndUpdateCache(270)) - created bucket: bucket-b-9-52081 of layout FILE_SYSTEM_OPTIMIZED in volume: vol-a-25170
2023-06-02 19:47:12,941 [OM StateMachine ApplyTransaction Thread - 0] INFO  snapshot.OMSnapshotCreateRequest (OMSnapshotCreateRequest.java:validateAndUpdateCache(231)) - Created snapshot 's20230602-194712.940' under path 'vol-a-25170/bucket-b-9-52081'
2023-06-02 19:47:12,941 [main] INFO  rpc.RpcClient (RpcClient.java:createBucket(686)) - Creating Bucket: vol-b-57490/bucket-b-9-15032, with server-side default bucket layout, runner as owner, Versioning false, Storage Type set to DISK and Encryption set to false, Replication Type set to server-side default replication type, Namespace Quota set to -1, Space Quota set to -1 
2023-06-02 19:47:12,944 [OM StateMachine ApplyTransaction Thread - 0] INFO  bucket.OMBucketCreateRequest (OMBucketCreateRequest.java:validateAndUpdateCache(270)) - created bucket: bucket-b-9-15032 of layout FILE_SYSTEM_OPTIMIZED in volume: vol-b-57490
2023-06-02 19:47:12,953 [OMDoubleBufferFlushThread] INFO  db.RDBCheckpointManager (RDBCheckpointManager.java:createCheckpoint(89)) - Created checkpoint in rocksDB at /home/runner/work/ozone/ozone/hadoop-ozone/integration-test/target/test-dir/MiniOzoneClusterImpl-e4789928-4fd4-479e-857e-ac334458de01/ozone-meta/db.snapshots/checkpointState/om.db-6baf90e3-b272-44fc-9098-cbc1364a343a in 31 milliseconds
2023-06-02 19:47:12,954 [OMDoubleBufferFlushThread] INFO  db.RDBCheckpointUtils (RDBCheckpointUtils.java:waitForCheckpointDirectoryExist(59)) - Waited for 1 milliseconds for checkpoint directory /home/runner/work/ozone/ozone/hadoop-ozone/integration-test/target/test-dir/MiniOzoneClusterImpl-e4789928-4fd4-479e-857e-ac334458de01/ozone-meta/db.snapshots/checkpointState/om.db-6baf90e3-b272-44fc-9098-cbc1364a343a availability.
2023-06-02 19:47:12,954 [OMDoubleBufferFlushThread] INFO  om.OmSnapshotManager (OmSnapshotManager.java:createOmSnapshotCheckpoint(409)) - Created checkpoint : /home/runner/work/ozone/ozone/hadoop-ozone/integration-test/target/test-dir/MiniOzoneClusterImpl-e4789928-4fd4-479e-857e-ac334458de01/ozone-meta/db.snapshots/checkpointState/om.db-6baf90e3-b272-44fc-9098-cbc1364a343a for snapshot s20230602-194712.734
2023-06-02 19:47:12,955 [OMDoubleBufferFlushThread] WARN  rocksdiff.RocksDBCheckpointDiffer (RocksDBCheckpointDiffer.java:setCurrentCompactionLog(312)) - Compaction log exists: /home/runner/work/ozone/ozone/hadoop-ozone/integration-test/target/test-dir/MiniOzoneClusterImpl-e4789928-4fd4-479e-857e-ac334458de01/ozone-meta/db.snapshots/diffState/compaction-log/0000000000000001416.log. Will append
2023-06-02 19:47:12,984 [OMDoubleBufferFlushThread] INFO  db.RDBCheckpointManager (RDBCheckpointManager.java:createCheckpoint(89)) - Created checkpoint in rocksDB at /home/runner/work/ozone/ozone/hadoop-ozone/integration-test/target/test-dir/MiniOzoneClusterImpl-e4789928-4fd4-479e-857e-ac334458de01/ozone-meta/db.snapshots/checkpointState/om.db-1a8448a8-d436-4bb8-9be3-5aee0bfe359d in 28 milliseconds
2023-06-02 19:47:12,990 [OMDoubleBufferFlushThread] INFO  db.RDBCheckpointUtils (RDBCheckpointUtils.java:waitForCheckpointDirectoryExist(59)) - Waited for 6 milliseconds for checkpoint directory /home/runner/work/ozone/ozone/hadoop-ozone/integration-test/target/test-dir/MiniOzoneClusterImpl-e4789928-4fd4-479e-857e-ac334458de01/ozone-meta/db.snapshots/checkpointState/om.db-1a8448a8-d436-4bb8-9be3-5aee0bfe359d availability.
2023-06-02 19:47:12,991 [OMDoubleBufferFlushThread] INFO  om.OmSnapshotManager (OmSnapshotManager.java:createOmSnapshotCheckpoint(409)) - Created checkpoint : /home/runner/work/ozone/ozone/hadoop-ozone/integration-test/target/test-dir/MiniOzoneClusterImpl-e4789928-4fd4-479e-857e-ac334458de01/ozone-meta/db.snapshots/checkpointState/om.db-1a8448a8-d436-4bb8-9be3-5aee0bfe359d for snapshot s20230602-194712.744
2023-06-02 19:47:12,991 [OMDoubleBufferFlushThread] WARN  rocksdiff.RocksDBCheckpointDiffer (RocksDBCheckpointDiffer.java:setCurrentCompactionLog(312)) - Compaction log exists: /home/runner/work/ozone/ozone/hadoop-ozone/integration-test/target/test-dir/MiniOzoneClusterImpl-e4789928-4fd4-479e-857e-ac334458de01/ozone-meta/db.snapshots/diffState/compaction-log/0000000000000001416.log. Will append
]]></system-out>
  </testcase>
  <testcase name="testListBucketsOnEmptyVolume" classname="org.apache.hadoop.ozone.client.rpc.TestOzoneRpcClientWithRatis" time="0.006">
    <system-out><![CDATA[2023-06-02 19:47:12,995 [main] INFO  rpc.RpcClient (RpcClient.java:createVolume(459)) - Creating Volume: vol-empty, with runner as owner and space quota set to -1 bytes, counts quota set to -1
2023-06-02 19:47:12,998 [OM StateMachine ApplyTransaction Thread - 0] INFO  volume.OMVolumeCreateRequest (OMVolumeCreateRequest.java:validateAndUpdateCache(196)) - created volume:vol-empty for user:runner
]]></system-out>
  </testcase>
  <testcase name="testListBucketsReplicationConfig" classname="org.apache.hadoop.ozone.client.rpc.TestOzoneRpcClientWithRatis" time="0.03">
    <system-out><![CDATA[2023-06-02 19:47:13,002 [main] INFO  rpc.RpcClient (RpcClient.java:createVolume(459)) - Creating Volume: 82756447-1662-41bf-99f6-90b8c3490c49, with runner as owner and space quota set to -1 bytes, counts quota set to -1
2023-06-02 19:47:13,010 [OM StateMachine ApplyTransaction Thread - 0] INFO  volume.OMVolumeCreateRequest (OMVolumeCreateRequest.java:validateAndUpdateCache(196)) - created volume:82756447-1662-41bf-99f6-90b8c3490c49 for user:runner
2023-06-02 19:47:13,005 [Thread-1156] INFO  rocksdiff.RocksDBCheckpointDiffer (RocksDBCheckpointDiffer.java:onCompactionCompleted(527)) - Skipped the compaction entry. Compaction input files: [/home/runner/work/ozone/ozone/hadoop-ozone/integration-test/target/test-dir/MiniOzoneClusterImpl-e4789928-4fd4-479e-857e-ac334458de01/ozone-meta/om.db/000053.sst] and output files: [/home/runner/work/ozone/ozone/hadoop-ozone/integration-test/target/test-dir/MiniOzoneClusterImpl-e4789928-4fd4-479e-857e-ac334458de01/ozone-meta/om.db/000053.sst] are same.
2023-06-02 19:47:13,012 [main] INFO  rpc.RpcClient (RpcClient.java:createBucket(686)) - Creating Bucket: 82756447-1662-41bf-99f6-90b8c3490c49/514c4303-c978-4d40-b8dc-e1b0c52c2475, with server-side default bucket layout, runner as owner, Versioning false, Storage Type set to DISK and Encryption set to false, Replication Type set to server-side default replication type, Namespace Quota set to -1, Space Quota set to -1 
2023-06-02 19:47:13,014 [OM StateMachine ApplyTransaction Thread - 0] INFO  bucket.OMBucketCreateRequest (OMBucketCreateRequest.java:validateAndUpdateCache(270)) - created bucket: 514c4303-c978-4d40-b8dc-e1b0c52c2475 of layout FILE_SYSTEM_OPTIMIZED in volume: 82756447-1662-41bf-99f6-90b8c3490c49
2023-06-02 19:47:13,018 [main] INFO  rpc.RpcClient (RpcClient.java:createBucket(686)) - Creating Bucket: 82756447-1662-41bf-99f6-90b8c3490c49/a848741c-009a-4d0c-9005-2af5d61c2580, with server-side default bucket layout, runner as owner, Versioning false, Storage Type set to DISK and Encryption set to false, Replication Type set to EC, Namespace Quota set to -1, Space Quota set to -1 
2023-06-02 19:47:13,020 [OM StateMachine ApplyTransaction Thread - 0] INFO  bucket.OMBucketCreateRequest (OMBucketCreateRequest.java:validateAndUpdateCache(270)) - created bucket: a848741c-009a-4d0c-9005-2af5d61c2580 of layout FILE_SYSTEM_OPTIMIZED in volume: 82756447-1662-41bf-99f6-90b8c3490c49
2023-06-02 19:47:13,023 [main] INFO  rpc.RpcClient (RpcClient.java:createBucket(686)) - Creating Bucket: 82756447-1662-41bf-99f6-90b8c3490c49/2f1feb68-1c4e-4be4-85ee-67e5e0489e73, with server-side default bucket layout, runner as owner, Versioning false, Storage Type set to DISK and Encryption set to false, Replication Type set to RATIS, Namespace Quota set to -1, Space Quota set to -1 
2023-06-02 19:47:13,025 [OMDoubleBufferFlushThread] INFO  db.RDBCheckpointManager (RDBCheckpointManager.java:createCheckpoint(89)) - Created checkpoint in rocksDB at /home/runner/work/ozone/ozone/hadoop-ozone/integration-test/target/test-dir/MiniOzoneClusterImpl-e4789928-4fd4-479e-857e-ac334458de01/ozone-meta/db.snapshots/checkpointState/om.db-4b26e416-1365-469b-a674-9d10b43dbcf9 in 32 milliseconds
2023-06-02 19:47:13,030 [OM StateMachine ApplyTransaction Thread - 0] INFO  bucket.OMBucketCreateRequest (OMBucketCreateRequest.java:validateAndUpdateCache(270)) - created bucket: 2f1feb68-1c4e-4be4-85ee-67e5e0489e73 of layout FILE_SYSTEM_OPTIMIZED in volume: 82756447-1662-41bf-99f6-90b8c3490c49
]]></system-out>
  </testcase>
  <testcase name="testListKey" classname="org.apache.hadoop.ozone.client.rpc.TestOzoneRpcClientWithRatis" time="1.566">
    <system-out><![CDATA[2023-06-02 19:47:13,032 [main] INFO  rpc.RpcClient (RpcClient.java:createVolume(459)) - Creating Volume: vol-a-17515, with runner as owner and space quota set to -1 bytes, counts quota set to -1
2023-06-02 19:47:13,035 [OMDoubleBufferFlushThread] INFO  db.RDBCheckpointUtils (RDBCheckpointUtils.java:waitForCheckpointDirectoryExist(59)) - Waited for 10 milliseconds for checkpoint directory /home/runner/work/ozone/ozone/hadoop-ozone/integration-test/target/test-dir/MiniOzoneClusterImpl-e4789928-4fd4-479e-857e-ac334458de01/ozone-meta/db.snapshots/checkpointState/om.db-4b26e416-1365-469b-a674-9d10b43dbcf9 availability.
2023-06-02 19:47:13,035 [OM StateMachine ApplyTransaction Thread - 0] INFO  volume.OMVolumeCreateRequest (OMVolumeCreateRequest.java:validateAndUpdateCache(196)) - created volume:vol-a-17515 for user:runner
2023-06-02 19:47:13,035 [OMDoubleBufferFlushThread] INFO  om.OmSnapshotManager (OmSnapshotManager.java:createOmSnapshotCheckpoint(409)) - Created checkpoint : /home/runner/work/ozone/ozone/hadoop-ozone/integration-test/target/test-dir/MiniOzoneClusterImpl-e4789928-4fd4-479e-857e-ac334458de01/ozone-meta/db.snapshots/checkpointState/om.db-4b26e416-1365-469b-a674-9d10b43dbcf9 for snapshot s20230602-194712.750
2023-06-02 19:47:13,035 [OMDoubleBufferFlushThread] WARN  rocksdiff.RocksDBCheckpointDiffer (RocksDBCheckpointDiffer.java:setCurrentCompactionLog(312)) - Compaction log exists: /home/runner/work/ozone/ozone/hadoop-ozone/integration-test/target/test-dir/MiniOzoneClusterImpl-e4789928-4fd4-479e-857e-ac334458de01/ozone-meta/db.snapshots/diffState/compaction-log/0000000000000001416.log. Will append
2023-06-02 19:47:13,037 [main] INFO  rpc.RpcClient (RpcClient.java:createVolume(459)) - Creating Volume: vol-b-66523, with runner as owner and space quota set to -1 bytes, counts quota set to -1
2023-06-02 19:47:13,039 [OM StateMachine ApplyTransaction Thread - 0] INFO  volume.OMVolumeCreateRequest (OMVolumeCreateRequest.java:validateAndUpdateCache(196)) - created volume:vol-b-66523 for user:runner
2023-06-02 19:47:13,042 [main] INFO  rpc.RpcClient (RpcClient.java:createBucket(686)) - Creating Bucket: vol-a-17515/buc-a-78578, with server-side default bucket layout, runner as owner, Versioning false, Storage Type set to DISK and Encryption set to false, Replication Type set to server-side default replication type, Namespace Quota set to -1, Space Quota set to -1 
2023-06-02 19:47:13,045 [OM StateMachine ApplyTransaction Thread - 0] INFO  bucket.OMBucketCreateRequest (OMBucketCreateRequest.java:validateAndUpdateCache(270)) - created bucket: buc-a-78578 of layout FILE_SYSTEM_OPTIMIZED in volume: vol-a-17515
2023-06-02 19:47:13,045 [main] INFO  rpc.RpcClient (RpcClient.java:createBucket(686)) - Creating Bucket: vol-a-17515/buc-b-81445, with server-side default bucket layout, runner as owner, Versioning false, Storage Type set to DISK and Encryption set to false, Replication Type set to server-side default replication type, Namespace Quota set to -1, Space Quota set to -1 
2023-06-02 19:47:13,047 [OM StateMachine ApplyTransaction Thread - 0] INFO  bucket.OMBucketCreateRequest (OMBucketCreateRequest.java:validateAndUpdateCache(270)) - created bucket: buc-b-81445 of layout FILE_SYSTEM_OPTIMIZED in volume: vol-a-17515
2023-06-02 19:47:13,051 [main] INFO  rpc.RpcClient (RpcClient.java:createBucket(686)) - Creating Bucket: vol-b-66523/buc-a-78578, with server-side default bucket layout, runner as owner, Versioning false, Storage Type set to DISK and Encryption set to false, Replication Type set to server-side default replication type, Namespace Quota set to -1, Space Quota set to -1 
2023-06-02 19:47:13,054 [OM StateMachine ApplyTransaction Thread - 0] INFO  bucket.OMBucketCreateRequest (OMBucketCreateRequest.java:validateAndUpdateCache(270)) - created bucket: buc-a-78578 of layout FILE_SYSTEM_OPTIMIZED in volume: vol-b-66523
2023-06-02 19:47:13,055 [main] INFO  rpc.RpcClient (RpcClient.java:createBucket(686)) - Creating Bucket: vol-b-66523/buc-b-81445, with server-side default bucket layout, runner as owner, Versioning false, Storage Type set to DISK and Encryption set to false, Replication Type set to server-side default replication type, Namespace Quota set to -1, Space Quota set to -1 
2023-06-02 19:47:13,055 [Thread-1244] INFO  rocksdiff.RocksDBCheckpointDiffer (RocksDBCheckpointDiffer.java:onCompactionCompleted(527)) - Skipped the compaction entry. Compaction input files: [/home/runner/work/ozone/ozone/hadoop-ozone/integration-test/target/test-dir/MiniOzoneClusterImpl-e4789928-4fd4-479e-857e-ac334458de01/ozone-meta/om.db/000080.sst, /home/runner/work/ozone/ozone/hadoop-ozone/integration-test/target/test-dir/MiniOzoneClusterImpl-e4789928-4fd4-479e-857e-ac334458de01/ozone-meta/om.db/000074.sst, /home/runner/work/ozone/ozone/hadoop-ozone/integration-test/target/test-dir/MiniOzoneClusterImpl-e4789928-4fd4-479e-857e-ac334458de01/ozone-meta/om.db/000068.sst, /home/runner/work/ozone/ozone/hadoop-ozone/integration-test/target/test-dir/MiniOzoneClusterImpl-e4789928-4fd4-479e-857e-ac334458de01/ozone-meta/om.db/000055.sst] and output files: [/home/runner/work/ozone/ozone/hadoop-ozone/integration-test/target/test-dir/MiniOzoneClusterImpl-e4789928-4fd4-479e-857e-ac334458de01/ozone-meta/om.db/000080.sst, /home/runner/work/ozone/ozone/hadoop-ozone/integration-test/target/test-dir/MiniOzoneClusterImpl-e4789928-4fd4-479e-857e-ac334458de01/ozone-meta/om.db/000074.sst, /home/runner/work/ozone/ozone/hadoop-ozone/integration-test/target/test-dir/MiniOzoneClusterImpl-e4789928-4fd4-479e-857e-ac334458de01/ozone-meta/om.db/000068.sst, /home/runner/work/ozone/ozone/hadoop-ozone/integration-test/target/test-dir/MiniOzoneClusterImpl-e4789928-4fd4-479e-857e-ac334458de01/ozone-meta/om.db/000055.sst] are same.
2023-06-02 19:47:13,056 [OM StateMachine ApplyTransaction Thread - 0] INFO  bucket.OMBucketCreateRequest (OMBucketCreateRequest.java:validateAndUpdateCache(270)) - created bucket: buc-b-81445 of layout FILE_SYSTEM_OPTIMIZED in volume: vol-b-66523
2023-06-02 19:47:13,059 [Thread-1257] INFO  rocksdiff.RocksDBCheckpointDiffer (RocksDBCheckpointDiffer.java:onCompactionCompleted(527)) - Skipped the compaction entry. Compaction input files: [/home/runner/work/ozone/ozone/hadoop-ozone/integration-test/target/test-dir/MiniOzoneClusterImpl-e4789928-4fd4-479e-857e-ac334458de01/ozone-meta/om.db/000071.sst, /home/runner/work/ozone/ozone/hadoop-ozone/integration-test/target/test-dir/MiniOzoneClusterImpl-e4789928-4fd4-479e-857e-ac334458de01/ozone-meta/om.db/000065.sst, /home/runner/work/ozone/ozone/hadoop-ozone/integration-test/target/test-dir/MiniOzoneClusterImpl-e4789928-4fd4-479e-857e-ac334458de01/ozone-meta/om.db/000076.sst] and output files: [/home/runner/work/ozone/ozone/hadoop-ozone/integration-test/target/test-dir/MiniOzoneClusterImpl-e4789928-4fd4-479e-857e-ac334458de01/ozone-meta/om.db/000071.sst, /home/runner/work/ozone/ozone/hadoop-ozone/integration-test/target/test-dir/MiniOzoneClusterImpl-e4789928-4fd4-479e-857e-ac334458de01/ozone-meta/om.db/000065.sst, /home/runner/work/ozone/ozone/hadoop-ozone/integration-test/target/test-dir/MiniOzoneClusterImpl-e4789928-4fd4-479e-857e-ac334458de01/ozone-meta/om.db/000076.sst] are same.
2023-06-02 19:47:13,064 [Thread-1264] INFO  rocksdiff.RocksDBCheckpointDiffer (RocksDBCheckpointDiffer.java:onCompactionCompleted(527)) - Skipped the compaction entry. Compaction input files: [/home/runner/work/ozone/ozone/hadoop-ozone/integration-test/target/test-dir/MiniOzoneClusterImpl-e4789928-4fd4-479e-857e-ac334458de01/ozone-meta/om.db/000066.sst] and output files: [/home/runner/work/ozone/ozone/hadoop-ozone/integration-test/target/test-dir/MiniOzoneClusterImpl-e4789928-4fd4-479e-857e-ac334458de01/ozone-meta/om.db/000066.sst] are same.
2023-06-02 19:47:13,068 [OMDoubleBufferFlushThread] INFO  db.RDBCheckpointManager (RDBCheckpointManager.java:createCheckpoint(89)) - Created checkpoint in rocksDB at /home/runner/work/ozone/ozone/hadoop-ozone/integration-test/target/test-dir/MiniOzoneClusterImpl-e4789928-4fd4-479e-857e-ac334458de01/ozone-meta/db.snapshots/checkpointState/om.db-cb39a019-746e-4936-b504-1c7a1d306af5 in 30 milliseconds
2023-06-02 19:47:13,074 [OMDoubleBufferFlushThread] INFO  db.RDBCheckpointUtils (RDBCheckpointUtils.java:waitForCheckpointDirectoryExist(59)) - Waited for 6 milliseconds for checkpoint directory /home/runner/work/ozone/ozone/hadoop-ozone/integration-test/target/test-dir/MiniOzoneClusterImpl-e4789928-4fd4-479e-857e-ac334458de01/ozone-meta/db.snapshots/checkpointState/om.db-cb39a019-746e-4936-b504-1c7a1d306af5 availability.
2023-06-02 19:47:13,075 [OMDoubleBufferFlushThread] INFO  om.OmSnapshotManager (OmSnapshotManager.java:createOmSnapshotCheckpoint(409)) - Created checkpoint : /home/runner/work/ozone/ozone/hadoop-ozone/integration-test/target/test-dir/MiniOzoneClusterImpl-e4789928-4fd4-479e-857e-ac334458de01/ozone-meta/db.snapshots/checkpointState/om.db-cb39a019-746e-4936-b504-1c7a1d306af5 for snapshot s20230602-194712.756
2023-06-02 19:47:13,075 [OMDoubleBufferFlushThread] WARN  rocksdiff.RocksDBCheckpointDiffer (RocksDBCheckpointDiffer.java:setCurrentCompactionLog(312)) - Compaction log exists: /home/runner/work/ozone/ozone/hadoop-ozone/integration-test/target/test-dir/MiniOzoneClusterImpl-e4789928-4fd4-479e-857e-ac334458de01/ozone-meta/db.snapshots/diffState/compaction-log/0000000000000001416.log. Will append
2023-06-02 19:47:13,091 [Thread-1300] INFO  rocksdiff.RocksDBCheckpointDiffer (RocksDBCheckpointDiffer.java:onCompactionCompleted(527)) - Skipped the compaction entry. Compaction input files: [/home/runner/work/ozone/ozone/hadoop-ozone/integration-test/target/test-dir/MiniOzoneClusterImpl-e4789928-4fd4-479e-857e-ac334458de01/ozone-meta/om.db/000077.sst, /home/runner/work/ozone/ozone/hadoop-ozone/integration-test/target/test-dir/MiniOzoneClusterImpl-e4789928-4fd4-479e-857e-ac334458de01/ozone-meta/om.db/000072.sst, /home/runner/work/ozone/ozone/hadoop-ozone/integration-test/target/test-dir/MiniOzoneClusterImpl-e4789928-4fd4-479e-857e-ac334458de01/ozone-meta/om.db/000083.sst] and output files: [/home/runner/work/ozone/ozone/hadoop-ozone/integration-test/target/test-dir/MiniOzoneClusterImpl-e4789928-4fd4-479e-857e-ac334458de01/ozone-meta/om.db/000077.sst, /home/runner/work/ozone/ozone/hadoop-ozone/integration-test/target/test-dir/MiniOzoneClusterImpl-e4789928-4fd4-479e-857e-ac334458de01/ozone-meta/om.db/000072.sst, /home/runner/work/ozone/ozone/hadoop-ozone/integration-test/target/test-dir/MiniOzoneClusterImpl-e4789928-4fd4-479e-857e-ac334458de01/ozone-meta/om.db/000083.sst] are same.
2023-06-02 19:47:13,111 [OMDoubleBufferFlushThread] INFO  db.RDBCheckpointManager (RDBCheckpointManager.java:createCheckpoint(89)) - Created checkpoint in rocksDB at /home/runner/work/ozone/ozone/hadoop-ozone/integration-test/target/test-dir/MiniOzoneClusterImpl-e4789928-4fd4-479e-857e-ac334458de01/ozone-meta/db.snapshots/checkpointState/om.db-cbd21461-d4eb-4194-889c-1914c98f649b in 34 milliseconds
2023-06-02 19:47:13,112 [OMDoubleBufferFlushThread] INFO  db.RDBCheckpointUtils (RDBCheckpointUtils.java:waitForCheckpointDirectoryExist(59)) - Waited for 1 milliseconds for checkpoint directory /home/runner/work/ozone/ozone/hadoop-ozone/integration-test/target/test-dir/MiniOzoneClusterImpl-e4789928-4fd4-479e-857e-ac334458de01/ozone-meta/db.snapshots/checkpointState/om.db-cbd21461-d4eb-4194-889c-1914c98f649b availability.
2023-06-02 19:47:13,113 [OMDoubleBufferFlushThread] INFO  om.OmSnapshotManager (OmSnapshotManager.java:createOmSnapshotCheckpoint(409)) - Created checkpoint : /home/runner/work/ozone/ozone/hadoop-ozone/integration-test/target/test-dir/MiniOzoneClusterImpl-e4789928-4fd4-479e-857e-ac334458de01/ozone-meta/db.snapshots/checkpointState/om.db-cbd21461-d4eb-4194-889c-1914c98f649b for snapshot s20230602-194712.763
2023-06-02 19:47:13,113 [OMDoubleBufferFlushThread] WARN  rocksdiff.RocksDBCheckpointDiffer (RocksDBCheckpointDiffer.java:setCurrentCompactionLog(312)) - Compaction log exists: /home/runner/work/ozone/ozone/hadoop-ozone/integration-test/target/test-dir/MiniOzoneClusterImpl-e4789928-4fd4-479e-857e-ac334458de01/ozone-meta/db.snapshots/diffState/compaction-log/0000000000000001416.log. Will append
2023-06-02 19:47:13,149 [OMDoubleBufferFlushThread] INFO  db.RDBCheckpointManager (RDBCheckpointManager.java:createCheckpoint(89)) - Created checkpoint in rocksDB at /home/runner/work/ozone/ozone/hadoop-ozone/integration-test/target/test-dir/MiniOzoneClusterImpl-e4789928-4fd4-479e-857e-ac334458de01/ozone-meta/db.snapshots/checkpointState/om.db-58dafafb-a13d-48c4-bc47-03207337392a in 28 milliseconds
2023-06-02 19:47:13,157 [OMDoubleBufferFlushThread] INFO  db.RDBCheckpointUtils (RDBCheckpointUtils.java:waitForCheckpointDirectoryExist(59)) - Waited for 8 milliseconds for checkpoint directory /home/runner/work/ozone/ozone/hadoop-ozone/integration-test/target/test-dir/MiniOzoneClusterImpl-e4789928-4fd4-479e-857e-ac334458de01/ozone-meta/db.snapshots/checkpointState/om.db-58dafafb-a13d-48c4-bc47-03207337392a availability.
2023-06-02 19:47:13,158 [OMDoubleBufferFlushThread] INFO  om.OmSnapshotManager (OmSnapshotManager.java:createOmSnapshotCheckpoint(409)) - Created checkpoint : /home/runner/work/ozone/ozone/hadoop-ozone/integration-test/target/test-dir/MiniOzoneClusterImpl-e4789928-4fd4-479e-857e-ac334458de01/ozone-meta/db.snapshots/checkpointState/om.db-58dafafb-a13d-48c4-bc47-03207337392a for snapshot s20230602-194712.769
2023-06-02 19:47:13,158 [OMDoubleBufferFlushThread] WARN  rocksdiff.RocksDBCheckpointDiffer (RocksDBCheckpointDiffer.java:setCurrentCompactionLog(312)) - Compaction log exists: /home/runner/work/ozone/ozone/hadoop-ozone/integration-test/target/test-dir/MiniOzoneClusterImpl-e4789928-4fd4-479e-857e-ac334458de01/ozone-meta/db.snapshots/diffState/compaction-log/0000000000000001416.log. Will append
2023-06-02 19:47:13,177 [Thread-1392] INFO  rocksdiff.RocksDBCheckpointDiffer (RocksDBCheckpointDiffer.java:onCompactionCompleted(527)) - Skipped the compaction entry. Compaction input files: [/home/runner/work/ozone/ozone/hadoop-ozone/integration-test/target/test-dir/MiniOzoneClusterImpl-e4789928-4fd4-479e-857e-ac334458de01/ozone-meta/om.db/000082.sst] and output files: [/home/runner/work/ozone/ozone/hadoop-ozone/integration-test/target/test-dir/MiniOzoneClusterImpl-e4789928-4fd4-479e-857e-ac334458de01/ozone-meta/om.db/000082.sst] are same.
2023-06-02 19:47:13,219 [OMDoubleBufferFlushThread] INFO  db.RDBCheckpointManager (RDBCheckpointManager.java:createCheckpoint(89)) - Created checkpoint in rocksDB at /home/runner/work/ozone/ozone/hadoop-ozone/integration-test/target/test-dir/MiniOzoneClusterImpl-e4789928-4fd4-479e-857e-ac334458de01/ozone-meta/db.snapshots/checkpointState/om.db-373dc419-b6a5-4bdd-8b0c-65c0b980618c in 59 milliseconds
2023-06-02 19:47:13,227 [OMDoubleBufferFlushThread] INFO  db.RDBCheckpointUtils (RDBCheckpointUtils.java:waitForCheckpointDirectoryExist(59)) - Waited for 7 milliseconds for checkpoint directory /home/runner/work/ozone/ozone/hadoop-ozone/integration-test/target/test-dir/MiniOzoneClusterImpl-e4789928-4fd4-479e-857e-ac334458de01/ozone-meta/db.snapshots/checkpointState/om.db-373dc419-b6a5-4bdd-8b0c-65c0b980618c availability.
2023-06-02 19:47:13,227 [OMDoubleBufferFlushThread] INFO  om.OmSnapshotManager (OmSnapshotManager.java:createOmSnapshotCheckpoint(409)) - Created checkpoint : /home/runner/work/ozone/ozone/hadoop-ozone/integration-test/target/test-dir/MiniOzoneClusterImpl-e4789928-4fd4-479e-857e-ac334458de01/ozone-meta/db.snapshots/checkpointState/om.db-373dc419-b6a5-4bdd-8b0c-65c0b980618c for snapshot s20230602-194712.775
2023-06-02 19:47:13,228 [OMDoubleBufferFlushThread] WARN  rocksdiff.RocksDBCheckpointDiffer (RocksDBCheckpointDiffer.java:setCurrentCompactionLog(312)) - Compaction log exists: /home/runner/work/ozone/ozone/hadoop-ozone/integration-test/target/test-dir/MiniOzoneClusterImpl-e4789928-4fd4-479e-857e-ac334458de01/ozone-meta/db.snapshots/diffState/compaction-log/0000000000000001416.log. Will append
2023-06-02 19:47:13,259 [Thread-1514] INFO  rocksdiff.RocksDBCheckpointDiffer (RocksDBCheckpointDiffer.java:onCompactionCompleted(527)) - Skipped the compaction entry. Compaction input files: [/home/runner/work/ozone/ozone/hadoop-ozone/integration-test/target/test-dir/MiniOzoneClusterImpl-e4789928-4fd4-479e-857e-ac334458de01/ozone-meta/om.db/000087.sst] and output files: [/home/runner/work/ozone/ozone/hadoop-ozone/integration-test/target/test-dir/MiniOzoneClusterImpl-e4789928-4fd4-479e-857e-ac334458de01/ozone-meta/om.db/000087.sst] are same.
2023-06-02 19:47:13,262 [Thread-1522] INFO  rocksdiff.RocksDBCheckpointDiffer (RocksDBCheckpointDiffer.java:onCompactionCompleted(527)) - Skipped the compaction entry. Compaction input files: [/home/runner/work/ozone/ozone/hadoop-ozone/integration-test/target/test-dir/MiniOzoneClusterImpl-e4789928-4fd4-479e-857e-ac334458de01/ozone-meta/om.db/000088.sst] and output files: [/home/runner/work/ozone/ozone/hadoop-ozone/integration-test/target/test-dir/MiniOzoneClusterImpl-e4789928-4fd4-479e-857e-ac334458de01/ozone-meta/om.db/000088.sst] are same.
2023-06-02 19:47:13,275 [OMDoubleBufferFlushThread] INFO  db.RDBCheckpointManager (RDBCheckpointManager.java:createCheckpoint(89)) - Created checkpoint in rocksDB at /home/runner/work/ozone/ozone/hadoop-ozone/integration-test/target/test-dir/MiniOzoneClusterImpl-e4789928-4fd4-479e-857e-ac334458de01/ozone-meta/db.snapshots/checkpointState/om.db-0340e9fb-5154-43a3-8156-b44b378fa6e9 in 44 milliseconds
2023-06-02 19:47:13,285 [OMDoubleBufferFlushThread] INFO  db.RDBCheckpointUtils (RDBCheckpointUtils.java:waitForCheckpointDirectoryExist(59)) - Waited for 10 milliseconds for checkpoint directory /home/runner/work/ozone/ozone/hadoop-ozone/integration-test/target/test-dir/MiniOzoneClusterImpl-e4789928-4fd4-479e-857e-ac334458de01/ozone-meta/db.snapshots/checkpointState/om.db-0340e9fb-5154-43a3-8156-b44b378fa6e9 availability.
2023-06-02 19:47:13,285 [OMDoubleBufferFlushThread] INFO  om.OmSnapshotManager (OmSnapshotManager.java:createOmSnapshotCheckpoint(409)) - Created checkpoint : /home/runner/work/ozone/ozone/hadoop-ozone/integration-test/target/test-dir/MiniOzoneClusterImpl-e4789928-4fd4-479e-857e-ac334458de01/ozone-meta/db.snapshots/checkpointState/om.db-0340e9fb-5154-43a3-8156-b44b378fa6e9 for snapshot s20230602-194712.784
2023-06-02 19:47:13,285 [OMDoubleBufferFlushThread] WARN  rocksdiff.RocksDBCheckpointDiffer (RocksDBCheckpointDiffer.java:setCurrentCompactionLog(312)) - Compaction log exists: /home/runner/work/ozone/ozone/hadoop-ozone/integration-test/target/test-dir/MiniOzoneClusterImpl-e4789928-4fd4-479e-857e-ac334458de01/ozone-meta/db.snapshots/diffState/compaction-log/0000000000000001416.log. Will append
2023-06-02 19:47:13,295 [Thread-1544] INFO  rocksdiff.RocksDBCheckpointDiffer (RocksDBCheckpointDiffer.java:onCompactionCompleted(527)) - Skipped the compaction entry. Compaction input files: [/home/runner/work/ozone/ozone/hadoop-ozone/integration-test/target/test-dir/MiniOzoneClusterImpl-e4789928-4fd4-479e-857e-ac334458de01/ozone-meta/om.db/000092.sst] and output files: [/home/runner/work/ozone/ozone/hadoop-ozone/integration-test/target/test-dir/MiniOzoneClusterImpl-e4789928-4fd4-479e-857e-ac334458de01/ozone-meta/om.db/000092.sst] are same.
2023-06-02 19:47:13,301 [Thread-1566] INFO  rocksdiff.RocksDBCheckpointDiffer (RocksDBCheckpointDiffer.java:onCompactionCompleted(527)) - Skipped the compaction entry. Compaction input files: [/home/runner/work/ozone/ozone/hadoop-ozone/integration-test/target/test-dir/MiniOzoneClusterImpl-e4789928-4fd4-479e-857e-ac334458de01/ozone-meta/om.db/000093.sst] and output files: [/home/runner/work/ozone/ozone/hadoop-ozone/integration-test/target/test-dir/MiniOzoneClusterImpl-e4789928-4fd4-479e-857e-ac334458de01/ozone-meta/om.db/000093.sst] are same.
2023-06-02 19:47:13,311 [OMDoubleBufferFlushThread] INFO  db.RDBCheckpointManager (RDBCheckpointManager.java:createCheckpoint(89)) - Created checkpoint in rocksDB at /home/runner/work/ozone/ozone/hadoop-ozone/integration-test/target/test-dir/MiniOzoneClusterImpl-e4789928-4fd4-479e-857e-ac334458de01/ozone-meta/db.snapshots/checkpointState/om.db-da8a99da-bbab-44ed-be03-30e5d9db519f in 24 milliseconds
2023-06-02 19:47:13,312 [OMDoubleBufferFlushThread] INFO  db.RDBCheckpointUtils (RDBCheckpointUtils.java:waitForCheckpointDirectoryExist(59)) - Waited for 1 milliseconds for checkpoint directory /home/runner/work/ozone/ozone/hadoop-ozone/integration-test/target/test-dir/MiniOzoneClusterImpl-e4789928-4fd4-479e-857e-ac334458de01/ozone-meta/db.snapshots/checkpointState/om.db-da8a99da-bbab-44ed-be03-30e5d9db519f availability.
2023-06-02 19:47:13,312 [OMDoubleBufferFlushThread] INFO  om.OmSnapshotManager (OmSnapshotManager.java:createOmSnapshotCheckpoint(409)) - Created checkpoint : /home/runner/work/ozone/ozone/hadoop-ozone/integration-test/target/test-dir/MiniOzoneClusterImpl-e4789928-4fd4-479e-857e-ac334458de01/ozone-meta/db.snapshots/checkpointState/om.db-da8a99da-bbab-44ed-be03-30e5d9db519f for snapshot s20230602-194712.790
2023-06-02 19:47:13,312 [OMDoubleBufferFlushThread] WARN  rocksdiff.RocksDBCheckpointDiffer (RocksDBCheckpointDiffer.java:setCurrentCompactionLog(312)) - Compaction log exists: /home/runner/work/ozone/ozone/hadoop-ozone/integration-test/target/test-dir/MiniOzoneClusterImpl-e4789928-4fd4-479e-857e-ac334458de01/ozone-meta/db.snapshots/diffState/compaction-log/0000000000000001416.log. Will append
2023-06-02 19:47:13,329 [Thread-1602] INFO  rocksdiff.RocksDBCheckpointDiffer (RocksDBCheckpointDiffer.java:onCompactionCompleted(527)) - Skipped the compaction entry. Compaction input files: [/home/runner/work/ozone/ozone/hadoop-ozone/integration-test/target/test-dir/MiniOzoneClusterImpl-e4789928-4fd4-479e-857e-ac334458de01/ozone-meta/om.db/000097.sst] and output files: [/home/runner/work/ozone/ozone/hadoop-ozone/integration-test/target/test-dir/MiniOzoneClusterImpl-e4789928-4fd4-479e-857e-ac334458de01/ozone-meta/om.db/000097.sst] are same.
2023-06-02 19:47:13,337 [Thread-1618] INFO  rocksdiff.RocksDBCheckpointDiffer (RocksDBCheckpointDiffer.java:onCompactionCompleted(527)) - Skipped the compaction entry. Compaction input files: [/home/runner/work/ozone/ozone/hadoop-ozone/integration-test/target/test-dir/MiniOzoneClusterImpl-e4789928-4fd4-479e-857e-ac334458de01/ozone-meta/om.db/000098.sst] and output files: [/home/runner/work/ozone/ozone/hadoop-ozone/integration-test/target/test-dir/MiniOzoneClusterImpl-e4789928-4fd4-479e-857e-ac334458de01/ozone-meta/om.db/000098.sst] are same.
2023-06-02 19:47:13,351 [OMDoubleBufferFlushThread] INFO  db.RDBCheckpointManager (RDBCheckpointManager.java:createCheckpoint(89)) - Created checkpoint in rocksDB at /home/runner/work/ozone/ozone/hadoop-ozone/integration-test/target/test-dir/MiniOzoneClusterImpl-e4789928-4fd4-479e-857e-ac334458de01/ozone-meta/db.snapshots/checkpointState/om.db-c95dbede-b6b5-4f73-903a-d10ac31c9eab in 30 milliseconds
2023-06-02 19:47:13,351 [OMDoubleBufferFlushThread] INFO  db.RDBCheckpointUtils (RDBCheckpointUtils.java:waitForCheckpointDirectoryExist(59)) - Waited for 0 milliseconds for checkpoint directory /home/runner/work/ozone/ozone/hadoop-ozone/integration-test/target/test-dir/MiniOzoneClusterImpl-e4789928-4fd4-479e-857e-ac334458de01/ozone-meta/db.snapshots/checkpointState/om.db-c95dbede-b6b5-4f73-903a-d10ac31c9eab availability.
2023-06-02 19:47:13,352 [OMDoubleBufferFlushThread] INFO  om.OmSnapshotManager (OmSnapshotManager.java:createOmSnapshotCheckpoint(409)) - Created checkpoint : /home/runner/work/ozone/ozone/hadoop-ozone/integration-test/target/test-dir/MiniOzoneClusterImpl-e4789928-4fd4-479e-857e-ac334458de01/ozone-meta/db.snapshots/checkpointState/om.db-c95dbede-b6b5-4f73-903a-d10ac31c9eab for snapshot s20230602-194712.796
2023-06-02 19:47:13,352 [OMDoubleBufferFlushThread] WARN  rocksdiff.RocksDBCheckpointDiffer (RocksDBCheckpointDiffer.java:setCurrentCompactionLog(312)) - Compaction log exists: /home/runner/work/ozone/ozone/hadoop-ozone/integration-test/target/test-dir/MiniOzoneClusterImpl-e4789928-4fd4-479e-857e-ac334458de01/ozone-meta/db.snapshots/diffState/compaction-log/0000000000000001416.log. Will append
2023-06-02 19:47:13,369 [Thread-1655] INFO  rocksdiff.RocksDBCheckpointDiffer (RocksDBCheckpointDiffer.java:onCompactionCompleted(527)) - Skipped the compaction entry. Compaction input files: [/home/runner/work/ozone/ozone/hadoop-ozone/integration-test/target/test-dir/MiniOzoneClusterImpl-e4789928-4fd4-479e-857e-ac334458de01/ozone-meta/om.db/000104.sst] and output files: [/home/runner/work/ozone/ozone/hadoop-ozone/integration-test/target/test-dir/MiniOzoneClusterImpl-e4789928-4fd4-479e-857e-ac334458de01/ozone-meta/om.db/000104.sst] are same.
2023-06-02 19:47:13,375 [Thread-1674] INFO  rocksdiff.RocksDBCheckpointDiffer (RocksDBCheckpointDiffer.java:onCompactionCompleted(527)) - Skipped the compaction entry. Compaction input files: [/home/runner/work/ozone/ozone/hadoop-ozone/integration-test/target/test-dir/MiniOzoneClusterImpl-e4789928-4fd4-479e-857e-ac334458de01/ozone-meta/om.db/000105.sst] and output files: [/home/runner/work/ozone/ozone/hadoop-ozone/integration-test/target/test-dir/MiniOzoneClusterImpl-e4789928-4fd4-479e-857e-ac334458de01/ozone-meta/om.db/000105.sst] are same.
2023-06-02 19:47:13,402 [OMDoubleBufferFlushThread] INFO  db.RDBCheckpointManager (RDBCheckpointManager.java:createCheckpoint(89)) - Created checkpoint in rocksDB at /home/runner/work/ozone/ozone/hadoop-ozone/integration-test/target/test-dir/MiniOzoneClusterImpl-e4789928-4fd4-479e-857e-ac334458de01/ozone-meta/db.snapshots/checkpointState/om.db-f19029e8-5a05-40e3-8f2c-d4abc9574380 in 47 milliseconds
2023-06-02 19:47:13,408 [OMDoubleBufferFlushThread] INFO  db.RDBCheckpointUtils (RDBCheckpointUtils.java:waitForCheckpointDirectoryExist(59)) - Waited for 6 milliseconds for checkpoint directory /home/runner/work/ozone/ozone/hadoop-ozone/integration-test/target/test-dir/MiniOzoneClusterImpl-e4789928-4fd4-479e-857e-ac334458de01/ozone-meta/db.snapshots/checkpointState/om.db-f19029e8-5a05-40e3-8f2c-d4abc9574380 availability.
2023-06-02 19:47:13,411 [OMDoubleBufferFlushThread] INFO  om.OmSnapshotManager (OmSnapshotManager.java:createOmSnapshotCheckpoint(409)) - Created checkpoint : /home/runner/work/ozone/ozone/hadoop-ozone/integration-test/target/test-dir/MiniOzoneClusterImpl-e4789928-4fd4-479e-857e-ac334458de01/ozone-meta/db.snapshots/checkpointState/om.db-f19029e8-5a05-40e3-8f2c-d4abc9574380 for snapshot s20230602-194712.803
2023-06-02 19:47:13,411 [OMDoubleBufferFlushThread] WARN  rocksdiff.RocksDBCheckpointDiffer (RocksDBCheckpointDiffer.java:setCurrentCompactionLog(312)) - Compaction log exists: /home/runner/work/ozone/ozone/hadoop-ozone/integration-test/target/test-dir/MiniOzoneClusterImpl-e4789928-4fd4-479e-857e-ac334458de01/ozone-meta/db.snapshots/diffState/compaction-log/0000000000000001416.log. Will append
2023-06-02 19:47:13,429 [Thread-1754] INFO  rocksdiff.RocksDBCheckpointDiffer (RocksDBCheckpointDiffer.java:onCompactionCompleted(527)) - Skipped the compaction entry. Compaction input files: [/home/runner/work/ozone/ozone/hadoop-ozone/integration-test/target/test-dir/MiniOzoneClusterImpl-e4789928-4fd4-479e-857e-ac334458de01/ozone-meta/om.db/000109.sst] and output files: [/home/runner/work/ozone/ozone/hadoop-ozone/integration-test/target/test-dir/MiniOzoneClusterImpl-e4789928-4fd4-479e-857e-ac334458de01/ozone-meta/om.db/000109.sst] are same.
2023-06-02 19:47:13,436 [Thread-1774] INFO  rocksdiff.RocksDBCheckpointDiffer (RocksDBCheckpointDiffer.java:onCompactionCompleted(527)) - Skipped the compaction entry. Compaction input files: [/home/runner/work/ozone/ozone/hadoop-ozone/integration-test/target/test-dir/MiniOzoneClusterImpl-e4789928-4fd4-479e-857e-ac334458de01/ozone-meta/om.db/000110.sst] and output files: [/home/runner/work/ozone/ozone/hadoop-ozone/integration-test/target/test-dir/MiniOzoneClusterImpl-e4789928-4fd4-479e-857e-ac334458de01/ozone-meta/om.db/000110.sst] are same.
2023-06-02 19:47:13,453 [OMDoubleBufferFlushThread] INFO  db.RDBCheckpointManager (RDBCheckpointManager.java:createCheckpoint(89)) - Created checkpoint in rocksDB at /home/runner/work/ozone/ozone/hadoop-ozone/integration-test/target/test-dir/MiniOzoneClusterImpl-e4789928-4fd4-479e-857e-ac334458de01/ozone-meta/db.snapshots/checkpointState/om.db-19c22a28-6e31-4642-863a-b2336b968060 in 30 milliseconds
2023-06-02 19:47:13,464 [OMDoubleBufferFlushThread] INFO  db.RDBCheckpointUtils (RDBCheckpointUtils.java:waitForCheckpointDirectoryExist(59)) - Waited for 11 milliseconds for checkpoint directory /home/runner/work/ozone/ozone/hadoop-ozone/integration-test/target/test-dir/MiniOzoneClusterImpl-e4789928-4fd4-479e-857e-ac334458de01/ozone-meta/db.snapshots/checkpointState/om.db-19c22a28-6e31-4642-863a-b2336b968060 availability.
2023-06-02 19:47:13,465 [OMDoubleBufferFlushThread] INFO  om.OmSnapshotManager (OmSnapshotManager.java:createOmSnapshotCheckpoint(409)) - Created checkpoint : /home/runner/work/ozone/ozone/hadoop-ozone/integration-test/target/test-dir/MiniOzoneClusterImpl-e4789928-4fd4-479e-857e-ac334458de01/ozone-meta/db.snapshots/checkpointState/om.db-19c22a28-6e31-4642-863a-b2336b968060 for snapshot s20230602-194712.808
2023-06-02 19:47:13,465 [OMDoubleBufferFlushThread] WARN  rocksdiff.RocksDBCheckpointDiffer (RocksDBCheckpointDiffer.java:setCurrentCompactionLog(312)) - Compaction log exists: /home/runner/work/ozone/ozone/hadoop-ozone/integration-test/target/test-dir/MiniOzoneClusterImpl-e4789928-4fd4-479e-857e-ac334458de01/ozone-meta/db.snapshots/diffState/compaction-log/0000000000000001416.log. Will append
2023-06-02 19:47:13,478 [Thread-1814] INFO  rocksdiff.RocksDBCheckpointDiffer (RocksDBCheckpointDiffer.java:onCompactionCompleted(527)) - Skipped the compaction entry. Compaction input files: [/home/runner/work/ozone/ozone/hadoop-ozone/integration-test/target/test-dir/MiniOzoneClusterImpl-e4789928-4fd4-479e-857e-ac334458de01/ozone-meta/om.db/000114.sst] and output files: [/home/runner/work/ozone/ozone/hadoop-ozone/integration-test/target/test-dir/MiniOzoneClusterImpl-e4789928-4fd4-479e-857e-ac334458de01/ozone-meta/om.db/000114.sst] are same.
2023-06-02 19:47:13,484 [Thread-1830] INFO  rocksdiff.RocksDBCheckpointDiffer (RocksDBCheckpointDiffer.java:onCompactionCompleted(527)) - Skipped the compaction entry. Compaction input files: [/home/runner/work/ozone/ozone/hadoop-ozone/integration-test/target/test-dir/MiniOzoneClusterImpl-e4789928-4fd4-479e-857e-ac334458de01/ozone-meta/om.db/000115.sst] and output files: [/home/runner/work/ozone/ozone/hadoop-ozone/integration-test/target/test-dir/MiniOzoneClusterImpl-e4789928-4fd4-479e-857e-ac334458de01/ozone-meta/om.db/000115.sst] are same.
2023-06-02 19:47:13,501 [OMDoubleBufferFlushThread] INFO  db.RDBCheckpointManager (RDBCheckpointManager.java:createCheckpoint(89)) - Created checkpoint in rocksDB at /home/runner/work/ozone/ozone/hadoop-ozone/integration-test/target/test-dir/MiniOzoneClusterImpl-e4789928-4fd4-479e-857e-ac334458de01/ozone-meta/db.snapshots/checkpointState/om.db-674037da-aa06-496d-bf2f-df7bba2c411e in 34 milliseconds
2023-06-02 19:47:13,510 [OMDoubleBufferFlushThread] INFO  db.RDBCheckpointUtils (RDBCheckpointUtils.java:waitForCheckpointDirectoryExist(59)) - Waited for 8 milliseconds for checkpoint directory /home/runner/work/ozone/ozone/hadoop-ozone/integration-test/target/test-dir/MiniOzoneClusterImpl-e4789928-4fd4-479e-857e-ac334458de01/ozone-meta/db.snapshots/checkpointState/om.db-674037da-aa06-496d-bf2f-df7bba2c411e availability.
2023-06-02 19:47:13,511 [OMDoubleBufferFlushThread] INFO  om.OmSnapshotManager (OmSnapshotManager.java:createOmSnapshotCheckpoint(409)) - Created checkpoint : /home/runner/work/ozone/ozone/hadoop-ozone/integration-test/target/test-dir/MiniOzoneClusterImpl-e4789928-4fd4-479e-857e-ac334458de01/ozone-meta/db.snapshots/checkpointState/om.db-674037da-aa06-496d-bf2f-df7bba2c411e for snapshot s20230602-194712.817
2023-06-02 19:47:13,511 [OMDoubleBufferFlushThread] WARN  rocksdiff.RocksDBCheckpointDiffer (RocksDBCheckpointDiffer.java:setCurrentCompactionLog(312)) - Compaction log exists: /home/runner/work/ozone/ozone/hadoop-ozone/integration-test/target/test-dir/MiniOzoneClusterImpl-e4789928-4fd4-479e-857e-ac334458de01/ozone-meta/db.snapshots/diffState/compaction-log/0000000000000001416.log. Will append
2023-06-02 19:47:13,526 [Thread-1866] INFO  rocksdiff.RocksDBCheckpointDiffer (RocksDBCheckpointDiffer.java:onCompactionCompleted(527)) - Skipped the compaction entry. Compaction input files: [/home/runner/work/ozone/ozone/hadoop-ozone/integration-test/target/test-dir/MiniOzoneClusterImpl-e4789928-4fd4-479e-857e-ac334458de01/ozone-meta/om.db/000119.sst] and output files: [/home/runner/work/ozone/ozone/hadoop-ozone/integration-test/target/test-dir/MiniOzoneClusterImpl-e4789928-4fd4-479e-857e-ac334458de01/ozone-meta/om.db/000119.sst] are same.
2023-06-02 19:47:13,532 [Thread-1886] INFO  rocksdiff.RocksDBCheckpointDiffer (RocksDBCheckpointDiffer.java:onCompactionCompleted(527)) - Skipped the compaction entry. Compaction input files: [/home/runner/work/ozone/ozone/hadoop-ozone/integration-test/target/test-dir/MiniOzoneClusterImpl-e4789928-4fd4-479e-857e-ac334458de01/ozone-meta/om.db/000120.sst] and output files: [/home/runner/work/ozone/ozone/hadoop-ozone/integration-test/target/test-dir/MiniOzoneClusterImpl-e4789928-4fd4-479e-857e-ac334458de01/ozone-meta/om.db/000120.sst] are same.
2023-06-02 19:47:13,546 [OMDoubleBufferFlushThread] INFO  db.RDBCheckpointManager (RDBCheckpointManager.java:createCheckpoint(89)) - Created checkpoint in rocksDB at /home/runner/work/ozone/ozone/hadoop-ozone/integration-test/target/test-dir/MiniOzoneClusterImpl-e4789928-4fd4-479e-857e-ac334458de01/ozone-meta/db.snapshots/checkpointState/om.db-da4ab3e6-9de6-42df-a347-54a1ee31a0cb in 30 milliseconds
2023-06-02 19:47:13,547 [OMDoubleBufferFlushThread] INFO  db.RDBCheckpointUtils (RDBCheckpointUtils.java:waitForCheckpointDirectoryExist(59)) - Waited for 1 milliseconds for checkpoint directory /home/runner/work/ozone/ozone/hadoop-ozone/integration-test/target/test-dir/MiniOzoneClusterImpl-e4789928-4fd4-479e-857e-ac334458de01/ozone-meta/db.snapshots/checkpointState/om.db-da4ab3e6-9de6-42df-a347-54a1ee31a0cb availability.
2023-06-02 19:47:13,547 [OMDoubleBufferFlushThread] INFO  om.OmSnapshotManager (OmSnapshotManager.java:createOmSnapshotCheckpoint(409)) - Created checkpoint : /home/runner/work/ozone/ozone/hadoop-ozone/integration-test/target/test-dir/MiniOzoneClusterImpl-e4789928-4fd4-479e-857e-ac334458de01/ozone-meta/db.snapshots/checkpointState/om.db-da4ab3e6-9de6-42df-a347-54a1ee31a0cb for snapshot s20230602-194712.823
2023-06-02 19:47:13,548 [OMDoubleBufferFlushThread] WARN  rocksdiff.RocksDBCheckpointDiffer (RocksDBCheckpointDiffer.java:setCurrentCompactionLog(312)) - Compaction log exists: /home/runner/work/ozone/ozone/hadoop-ozone/integration-test/target/test-dir/MiniOzoneClusterImpl-e4789928-4fd4-479e-857e-ac334458de01/ozone-meta/db.snapshots/diffState/compaction-log/0000000000000001416.log. Will append
2023-06-02 19:47:13,561 [Thread-1925] INFO  rocksdiff.RocksDBCheckpointDiffer (RocksDBCheckpointDiffer.java:onCompactionCompleted(527)) - Skipped the compaction entry. Compaction input files: [/home/runner/work/ozone/ozone/hadoop-ozone/integration-test/target/test-dir/MiniOzoneClusterImpl-e4789928-4fd4-479e-857e-ac334458de01/ozone-meta/om.db/000126.sst] and output files: [/home/runner/work/ozone/ozone/hadoop-ozone/integration-test/target/test-dir/MiniOzoneClusterImpl-e4789928-4fd4-479e-857e-ac334458de01/ozone-meta/om.db/000126.sst] are same.
2023-06-02 19:47:13,570 [Thread-1943] INFO  rocksdiff.RocksDBCheckpointDiffer (RocksDBCheckpointDiffer.java:onCompactionCompleted(527)) - Skipped the compaction entry. Compaction input files: [/home/runner/work/ozone/ozone/hadoop-ozone/integration-test/target/test-dir/MiniOzoneClusterImpl-e4789928-4fd4-479e-857e-ac334458de01/ozone-meta/om.db/000127.sst] and output files: [/home/runner/work/ozone/ozone/hadoop-ozone/integration-test/target/test-dir/MiniOzoneClusterImpl-e4789928-4fd4-479e-857e-ac334458de01/ozone-meta/om.db/000127.sst] are same.
2023-06-02 19:47:13,595 [OMDoubleBufferFlushThread] INFO  db.RDBCheckpointManager (RDBCheckpointManager.java:createCheckpoint(89)) - Created checkpoint in rocksDB at /home/runner/work/ozone/ozone/hadoop-ozone/integration-test/target/test-dir/MiniOzoneClusterImpl-e4789928-4fd4-479e-857e-ac334458de01/ozone-meta/db.snapshots/checkpointState/om.db-17249eff-dc64-410e-9594-62cdb399c753 in 45 milliseconds
2023-06-02 19:47:13,599 [OMDoubleBufferFlushThread] INFO  db.RDBCheckpointUtils (RDBCheckpointUtils.java:waitForCheckpointDirectoryExist(59)) - Waited for 4 milliseconds for checkpoint directory /home/runner/work/ozone/ozone/hadoop-ozone/integration-test/target/test-dir/MiniOzoneClusterImpl-e4789928-4fd4-479e-857e-ac334458de01/ozone-meta/db.snapshots/checkpointState/om.db-17249eff-dc64-410e-9594-62cdb399c753 availability.
2023-06-02 19:47:13,600 [OMDoubleBufferFlushThread] INFO  om.OmSnapshotManager (OmSnapshotManager.java:createOmSnapshotCheckpoint(409)) - Created checkpoint : /home/runner/work/ozone/ozone/hadoop-ozone/integration-test/target/test-dir/MiniOzoneClusterImpl-e4789928-4fd4-479e-857e-ac334458de01/ozone-meta/db.snapshots/checkpointState/om.db-17249eff-dc64-410e-9594-62cdb399c753 for snapshot s20230602-194712.827
2023-06-02 19:47:13,600 [OMDoubleBufferFlushThread] WARN  rocksdiff.RocksDBCheckpointDiffer (RocksDBCheckpointDiffer.java:setCurrentCompactionLog(312)) - Compaction log exists: /home/runner/work/ozone/ozone/hadoop-ozone/integration-test/target/test-dir/MiniOzoneClusterImpl-e4789928-4fd4-479e-857e-ac334458de01/ozone-meta/db.snapshots/diffState/compaction-log/0000000000000001416.log. Will append
2023-06-02 19:47:13,610 [Thread-2020] INFO  rocksdiff.RocksDBCheckpointDiffer (RocksDBCheckpointDiffer.java:onCompactionCompleted(527)) - Skipped the compaction entry. Compaction input files: [/home/runner/work/ozone/ozone/hadoop-ozone/integration-test/target/test-dir/MiniOzoneClusterImpl-e4789928-4fd4-479e-857e-ac334458de01/ozone-meta/om.db/000131.sst] and output files: [/home/runner/work/ozone/ozone/hadoop-ozone/integration-test/target/test-dir/MiniOzoneClusterImpl-e4789928-4fd4-479e-857e-ac334458de01/ozone-meta/om.db/000131.sst] are same.
2023-06-02 19:47:13,622 [Thread-2042] INFO  rocksdiff.RocksDBCheckpointDiffer (RocksDBCheckpointDiffer.java:onCompactionCompleted(527)) - Skipped the compaction entry. Compaction input files: [/home/runner/work/ozone/ozone/hadoop-ozone/integration-test/target/test-dir/MiniOzoneClusterImpl-e4789928-4fd4-479e-857e-ac334458de01/ozone-meta/om.db/000132.sst] and output files: [/home/runner/work/ozone/ozone/hadoop-ozone/integration-test/target/test-dir/MiniOzoneClusterImpl-e4789928-4fd4-479e-857e-ac334458de01/ozone-meta/om.db/000132.sst] are same.
2023-06-02 19:47:13,637 [OMDoubleBufferFlushThread] INFO  db.RDBCheckpointManager (RDBCheckpointManager.java:createCheckpoint(89)) - Created checkpoint in rocksDB at /home/runner/work/ozone/ozone/hadoop-ozone/integration-test/target/test-dir/MiniOzoneClusterImpl-e4789928-4fd4-479e-857e-ac334458de01/ozone-meta/db.snapshots/checkpointState/om.db-eade0142-ca5e-45c4-96f7-8c2124a9d5f9 in 34 milliseconds
2023-06-02 19:47:13,638 [OMDoubleBufferFlushThread] INFO  db.RDBCheckpointUtils (RDBCheckpointUtils.java:waitForCheckpointDirectoryExist(59)) - Waited for 1 milliseconds for checkpoint directory /home/runner/work/ozone/ozone/hadoop-ozone/integration-test/target/test-dir/MiniOzoneClusterImpl-e4789928-4fd4-479e-857e-ac334458de01/ozone-meta/db.snapshots/checkpointState/om.db-eade0142-ca5e-45c4-96f7-8c2124a9d5f9 availability.
2023-06-02 19:47:13,639 [OMDoubleBufferFlushThread] INFO  om.OmSnapshotManager (OmSnapshotManager.java:createOmSnapshotCheckpoint(409)) - Created checkpoint : /home/runner/work/ozone/ozone/hadoop-ozone/integration-test/target/test-dir/MiniOzoneClusterImpl-e4789928-4fd4-479e-857e-ac334458de01/ozone-meta/db.snapshots/checkpointState/om.db-eade0142-ca5e-45c4-96f7-8c2124a9d5f9 for snapshot s20230602-194712.833
2023-06-02 19:47:13,639 [OMDoubleBufferFlushThread] WARN  rocksdiff.RocksDBCheckpointDiffer (RocksDBCheckpointDiffer.java:setCurrentCompactionLog(312)) - Compaction log exists: /home/runner/work/ozone/ozone/hadoop-ozone/integration-test/target/test-dir/MiniOzoneClusterImpl-e4789928-4fd4-479e-857e-ac334458de01/ozone-meta/db.snapshots/diffState/compaction-log/0000000000000001416.log. Will append
2023-06-02 19:47:13,659 [Thread-2083] INFO  rocksdiff.RocksDBCheckpointDiffer (RocksDBCheckpointDiffer.java:onCompactionCompleted(527)) - Skipped the compaction entry. Compaction input files: [/home/runner/work/ozone/ozone/hadoop-ozone/integration-test/target/test-dir/MiniOzoneClusterImpl-e4789928-4fd4-479e-857e-ac334458de01/ozone-meta/om.db/000136.sst] and output files: [/home/runner/work/ozone/ozone/hadoop-ozone/integration-test/target/test-dir/MiniOzoneClusterImpl-e4789928-4fd4-479e-857e-ac334458de01/ozone-meta/om.db/000136.sst] are same.
2023-06-02 19:47:13,673 [Thread-2101] INFO  rocksdiff.RocksDBCheckpointDiffer (RocksDBCheckpointDiffer.java:onCompactionCompleted(527)) - Skipped the compaction entry. Compaction input files: [/home/runner/work/ozone/ozone/hadoop-ozone/integration-test/target/test-dir/MiniOzoneClusterImpl-e4789928-4fd4-479e-857e-ac334458de01/ozone-meta/om.db/000137.sst] and output files: [/home/runner/work/ozone/ozone/hadoop-ozone/integration-test/target/test-dir/MiniOzoneClusterImpl-e4789928-4fd4-479e-857e-ac334458de01/ozone-meta/om.db/000137.sst] are same.
2023-06-02 19:47:13,689 [OMDoubleBufferFlushThread] INFO  db.RDBCheckpointManager (RDBCheckpointManager.java:createCheckpoint(89)) - Created checkpoint in rocksDB at /home/runner/work/ozone/ozone/hadoop-ozone/integration-test/target/test-dir/MiniOzoneClusterImpl-e4789928-4fd4-479e-857e-ac334458de01/ozone-meta/db.snapshots/checkpointState/om.db-da09f957-958c-4652-850f-aee8471d0ea0 in 45 milliseconds
2023-06-02 19:47:13,694 [OMDoubleBufferFlushThread] INFO  db.RDBCheckpointUtils (RDBCheckpointUtils.java:waitForCheckpointDirectoryExist(59)) - Waited for 5 milliseconds for checkpoint directory /home/runner/work/ozone/ozone/hadoop-ozone/integration-test/target/test-dir/MiniOzoneClusterImpl-e4789928-4fd4-479e-857e-ac334458de01/ozone-meta/db.snapshots/checkpointState/om.db-da09f957-958c-4652-850f-aee8471d0ea0 availability.
2023-06-02 19:47:13,694 [OMDoubleBufferFlushThread] INFO  om.OmSnapshotManager (OmSnapshotManager.java:createOmSnapshotCheckpoint(409)) - Created checkpoint : /home/runner/work/ozone/ozone/hadoop-ozone/integration-test/target/test-dir/MiniOzoneClusterImpl-e4789928-4fd4-479e-857e-ac334458de01/ozone-meta/db.snapshots/checkpointState/om.db-da09f957-958c-4652-850f-aee8471d0ea0 for snapshot s20230602-194712.840
2023-06-02 19:47:13,694 [OMDoubleBufferFlushThread] WARN  rocksdiff.RocksDBCheckpointDiffer (RocksDBCheckpointDiffer.java:setCurrentCompactionLog(312)) - Compaction log exists: /home/runner/work/ozone/ozone/hadoop-ozone/integration-test/target/test-dir/MiniOzoneClusterImpl-e4789928-4fd4-479e-857e-ac334458de01/ozone-meta/db.snapshots/diffState/compaction-log/0000000000000001416.log. Will append
2023-06-02 19:47:13,705 [Thread-2141] INFO  rocksdiff.RocksDBCheckpointDiffer (RocksDBCheckpointDiffer.java:onCompactionCompleted(527)) - Skipped the compaction entry. Compaction input files: [/home/runner/work/ozone/ozone/hadoop-ozone/integration-test/target/test-dir/MiniOzoneClusterImpl-e4789928-4fd4-479e-857e-ac334458de01/ozone-meta/om.db/000141.sst] and output files: [/home/runner/work/ozone/ozone/hadoop-ozone/integration-test/target/test-dir/MiniOzoneClusterImpl-e4789928-4fd4-479e-857e-ac334458de01/ozone-meta/om.db/000141.sst] are same.
2023-06-02 19:47:13,713 [Thread-2158] INFO  rocksdiff.RocksDBCheckpointDiffer (RocksDBCheckpointDiffer.java:onCompactionCompleted(527)) - Skipped the compaction entry. Compaction input files: [/home/runner/work/ozone/ozone/hadoop-ozone/integration-test/target/test-dir/MiniOzoneClusterImpl-e4789928-4fd4-479e-857e-ac334458de01/ozone-meta/om.db/000142.sst] and output files: [/home/runner/work/ozone/ozone/hadoop-ozone/integration-test/target/test-dir/MiniOzoneClusterImpl-e4789928-4fd4-479e-857e-ac334458de01/ozone-meta/om.db/000142.sst] are same.
2023-06-02 19:47:13,736 [OMDoubleBufferFlushThread] INFO  db.RDBCheckpointManager (RDBCheckpointManager.java:createCheckpoint(89)) - Created checkpoint in rocksDB at /home/runner/work/ozone/ozone/hadoop-ozone/integration-test/target/test-dir/MiniOzoneClusterImpl-e4789928-4fd4-479e-857e-ac334458de01/ozone-meta/db.snapshots/checkpointState/om.db-143a0814-d6c0-4908-96f0-58ef4a9caa8f in 40 milliseconds
2023-06-02 19:47:13,747 [OMDoubleBufferFlushThread] INFO  db.RDBCheckpointUtils (RDBCheckpointUtils.java:waitForCheckpointDirectoryExist(59)) - Waited for 11 milliseconds for checkpoint directory /home/runner/work/ozone/ozone/hadoop-ozone/integration-test/target/test-dir/MiniOzoneClusterImpl-e4789928-4fd4-479e-857e-ac334458de01/ozone-meta/db.snapshots/checkpointState/om.db-143a0814-d6c0-4908-96f0-58ef4a9caa8f availability.
2023-06-02 19:47:13,747 [OMDoubleBufferFlushThread] INFO  om.OmSnapshotManager (OmSnapshotManager.java:createOmSnapshotCheckpoint(409)) - Created checkpoint : /home/runner/work/ozone/ozone/hadoop-ozone/integration-test/target/test-dir/MiniOzoneClusterImpl-e4789928-4fd4-479e-857e-ac334458de01/ozone-meta/db.snapshots/checkpointState/om.db-143a0814-d6c0-4908-96f0-58ef4a9caa8f for snapshot s20230602-194712.849
2023-06-02 19:47:13,748 [OMDoubleBufferFlushThread] WARN  rocksdiff.RocksDBCheckpointDiffer (RocksDBCheckpointDiffer.java:setCurrentCompactionLog(312)) - Compaction log exists: /home/runner/work/ozone/ozone/hadoop-ozone/integration-test/target/test-dir/MiniOzoneClusterImpl-e4789928-4fd4-479e-857e-ac334458de01/ozone-meta/db.snapshots/diffState/compaction-log/0000000000000001416.log. Will append
2023-06-02 19:47:13,757 [Thread-2191] INFO  rocksdiff.RocksDBCheckpointDiffer (RocksDBCheckpointDiffer.java:onCompactionCompleted(527)) - Skipped the compaction entry. Compaction input files: [/home/runner/work/ozone/ozone/hadoop-ozone/integration-test/target/test-dir/MiniOzoneClusterImpl-e4789928-4fd4-479e-857e-ac334458de01/ozone-meta/om.db/000148.sst] and output files: [/home/runner/work/ozone/ozone/hadoop-ozone/integration-test/target/test-dir/MiniOzoneClusterImpl-e4789928-4fd4-479e-857e-ac334458de01/ozone-meta/om.db/000148.sst] are same.
2023-06-02 19:47:13,763 [Thread-2213] INFO  rocksdiff.RocksDBCheckpointDiffer (RocksDBCheckpointDiffer.java:onCompactionCompleted(527)) - Skipped the compaction entry. Compaction input files: [/home/runner/work/ozone/ozone/hadoop-ozone/integration-test/target/test-dir/MiniOzoneClusterImpl-e4789928-4fd4-479e-857e-ac334458de01/ozone-meta/om.db/000149.sst] and output files: [/home/runner/work/ozone/ozone/hadoop-ozone/integration-test/target/test-dir/MiniOzoneClusterImpl-e4789928-4fd4-479e-857e-ac334458de01/ozone-meta/om.db/000149.sst] are same.
2023-06-02 19:47:13,775 [OMDoubleBufferFlushThread] INFO  db.RDBCheckpointManager (RDBCheckpointManager.java:createCheckpoint(89)) - Created checkpoint in rocksDB at /home/runner/work/ozone/ozone/hadoop-ozone/integration-test/target/test-dir/MiniOzoneClusterImpl-e4789928-4fd4-479e-857e-ac334458de01/ozone-meta/db.snapshots/checkpointState/om.db-5d7445d8-797e-4657-8cf7-4e0965062f68 in 25 milliseconds
2023-06-02 19:47:13,784 [OMDoubleBufferFlushThread] INFO  db.RDBCheckpointUtils (RDBCheckpointUtils.java:waitForCheckpointDirectoryExist(59)) - Waited for 9 milliseconds for checkpoint directory /home/runner/work/ozone/ozone/hadoop-ozone/integration-test/target/test-dir/MiniOzoneClusterImpl-e4789928-4fd4-479e-857e-ac334458de01/ozone-meta/db.snapshots/checkpointState/om.db-5d7445d8-797e-4657-8cf7-4e0965062f68 availability.
2023-06-02 19:47:13,785 [OMDoubleBufferFlushThread] INFO  om.OmSnapshotManager (OmSnapshotManager.java:createOmSnapshotCheckpoint(409)) - Created checkpoint : /home/runner/work/ozone/ozone/hadoop-ozone/integration-test/target/test-dir/MiniOzoneClusterImpl-e4789928-4fd4-479e-857e-ac334458de01/ozone-meta/db.snapshots/checkpointState/om.db-5d7445d8-797e-4657-8cf7-4e0965062f68 for snapshot s20230602-194712.853
2023-06-02 19:47:13,785 [OMDoubleBufferFlushThread] WARN  rocksdiff.RocksDBCheckpointDiffer (RocksDBCheckpointDiffer.java:setCurrentCompactionLog(312)) - Compaction log exists: /home/runner/work/ozone/ozone/hadoop-ozone/integration-test/target/test-dir/MiniOzoneClusterImpl-e4789928-4fd4-479e-857e-ac334458de01/ozone-meta/db.snapshots/diffState/compaction-log/0000000000000001416.log. Will append
2023-06-02 19:47:13,806 [Thread-2290] INFO  rocksdiff.RocksDBCheckpointDiffer (RocksDBCheckpointDiffer.java:onCompactionCompleted(527)) - Skipped the compaction entry. Compaction input files: [/home/runner/work/ozone/ozone/hadoop-ozone/integration-test/target/test-dir/MiniOzoneClusterImpl-e4789928-4fd4-479e-857e-ac334458de01/ozone-meta/om.db/000153.sst] and output files: [/home/runner/work/ozone/ozone/hadoop-ozone/integration-test/target/test-dir/MiniOzoneClusterImpl-e4789928-4fd4-479e-857e-ac334458de01/ozone-meta/om.db/000153.sst] are same.
2023-06-02 19:47:13,810 [Thread-2303] INFO  rocksdiff.RocksDBCheckpointDiffer (RocksDBCheckpointDiffer.java:onCompactionCompleted(527)) - Skipped the compaction entry. Compaction input files: [/home/runner/work/ozone/ozone/hadoop-ozone/integration-test/target/test-dir/MiniOzoneClusterImpl-e4789928-4fd4-479e-857e-ac334458de01/ozone-meta/om.db/000154.sst] and output files: [/home/runner/work/ozone/ozone/hadoop-ozone/integration-test/target/test-dir/MiniOzoneClusterImpl-e4789928-4fd4-479e-857e-ac334458de01/ozone-meta/om.db/000154.sst] are same.
2023-06-02 19:47:13,830 [OMDoubleBufferFlushThread] INFO  db.RDBCheckpointManager (RDBCheckpointManager.java:createCheckpoint(89)) - Created checkpoint in rocksDB at /home/runner/work/ozone/ozone/hadoop-ozone/integration-test/target/test-dir/MiniOzoneClusterImpl-e4789928-4fd4-479e-857e-ac334458de01/ozone-meta/db.snapshots/checkpointState/om.db-faaf9d23-e19c-4183-b516-21c81d347ebd in 39 milliseconds
2023-06-02 19:47:13,836 [OMDoubleBufferFlushThread] INFO  db.RDBCheckpointUtils (RDBCheckpointUtils.java:waitForCheckpointDirectoryExist(59)) - Waited for 5 milliseconds for checkpoint directory /home/runner/work/ozone/ozone/hadoop-ozone/integration-test/target/test-dir/MiniOzoneClusterImpl-e4789928-4fd4-479e-857e-ac334458de01/ozone-meta/db.snapshots/checkpointState/om.db-faaf9d23-e19c-4183-b516-21c81d347ebd availability.
2023-06-02 19:47:13,836 [OMDoubleBufferFlushThread] INFO  om.OmSnapshotManager (OmSnapshotManager.java:createOmSnapshotCheckpoint(409)) - Created checkpoint : /home/runner/work/ozone/ozone/hadoop-ozone/integration-test/target/test-dir/MiniOzoneClusterImpl-e4789928-4fd4-479e-857e-ac334458de01/ozone-meta/db.snapshots/checkpointState/om.db-faaf9d23-e19c-4183-b516-21c81d347ebd for snapshot s20230602-194712.863
2023-06-02 19:47:13,837 [OMDoubleBufferFlushThread] WARN  rocksdiff.RocksDBCheckpointDiffer (RocksDBCheckpointDiffer.java:setCurrentCompactionLog(312)) - Compaction log exists: /home/runner/work/ozone/ozone/hadoop-ozone/integration-test/target/test-dir/MiniOzoneClusterImpl-e4789928-4fd4-479e-857e-ac334458de01/ozone-meta/db.snapshots/diffState/compaction-log/0000000000000001416.log. Will append
2023-06-02 19:47:13,848 [Thread-2343] INFO  rocksdiff.RocksDBCheckpointDiffer (RocksDBCheckpointDiffer.java:onCompactionCompleted(527)) - Skipped the compaction entry. Compaction input files: [/home/runner/work/ozone/ozone/hadoop-ozone/integration-test/target/test-dir/MiniOzoneClusterImpl-e4789928-4fd4-479e-857e-ac334458de01/ozone-meta/om.db/000158.sst] and output files: [/home/runner/work/ozone/ozone/hadoop-ozone/integration-test/target/test-dir/MiniOzoneClusterImpl-e4789928-4fd4-479e-857e-ac334458de01/ozone-meta/om.db/000158.sst] are same.
2023-06-02 19:47:13,854 [Thread-2354] INFO  rocksdiff.RocksDBCheckpointDiffer (RocksDBCheckpointDiffer.java:onCompactionCompleted(527)) - Skipped the compaction entry. Compaction input files: [/home/runner/work/ozone/ozone/hadoop-ozone/integration-test/target/test-dir/MiniOzoneClusterImpl-e4789928-4fd4-479e-857e-ac334458de01/ozone-meta/om.db/000159.sst] and output files: [/home/runner/work/ozone/ozone/hadoop-ozone/integration-test/target/test-dir/MiniOzoneClusterImpl-e4789928-4fd4-479e-857e-ac334458de01/ozone-meta/om.db/000159.sst] are same.
2023-06-02 19:47:13,874 [OMDoubleBufferFlushThread] INFO  db.RDBCheckpointManager (RDBCheckpointManager.java:createCheckpoint(89)) - Created checkpoint in rocksDB at /home/runner/work/ozone/ozone/hadoop-ozone/integration-test/target/test-dir/MiniOzoneClusterImpl-e4789928-4fd4-479e-857e-ac334458de01/ozone-meta/db.snapshots/checkpointState/om.db-aac9796e-0d8d-4b4e-b7f4-8ea04b27459f in 35 milliseconds
2023-06-02 19:47:13,886 [OMDoubleBufferFlushThread] INFO  db.RDBCheckpointUtils (RDBCheckpointUtils.java:waitForCheckpointDirectoryExist(59)) - Waited for 11 milliseconds for checkpoint directory /home/runner/work/ozone/ozone/hadoop-ozone/integration-test/target/test-dir/MiniOzoneClusterImpl-e4789928-4fd4-479e-857e-ac334458de01/ozone-meta/db.snapshots/checkpointState/om.db-aac9796e-0d8d-4b4e-b7f4-8ea04b27459f availability.
2023-06-02 19:47:13,887 [OMDoubleBufferFlushThread] INFO  om.OmSnapshotManager (OmSnapshotManager.java:createOmSnapshotCheckpoint(409)) - Created checkpoint : /home/runner/work/ozone/ozone/hadoop-ozone/integration-test/target/test-dir/MiniOzoneClusterImpl-e4789928-4fd4-479e-857e-ac334458de01/ozone-meta/db.snapshots/checkpointState/om.db-aac9796e-0d8d-4b4e-b7f4-8ea04b27459f for snapshot s20230602-194712.871
2023-06-02 19:47:13,887 [OMDoubleBufferFlushThread] WARN  rocksdiff.RocksDBCheckpointDiffer (RocksDBCheckpointDiffer.java:setCurrentCompactionLog(312)) - Compaction log exists: /home/runner/work/ozone/ozone/hadoop-ozone/integration-test/target/test-dir/MiniOzoneClusterImpl-e4789928-4fd4-479e-857e-ac334458de01/ozone-meta/db.snapshots/diffState/compaction-log/0000000000000001416.log. Will append
2023-06-02 19:47:13,900 [Thread-2399] INFO  rocksdiff.RocksDBCheckpointDiffer (RocksDBCheckpointDiffer.java:onCompactionCompleted(527)) - Skipped the compaction entry. Compaction input files: [/home/runner/work/ozone/ozone/hadoop-ozone/integration-test/target/test-dir/MiniOzoneClusterImpl-e4789928-4fd4-479e-857e-ac334458de01/ozone-meta/om.db/000163.sst] and output files: [/home/runner/work/ozone/ozone/hadoop-ozone/integration-test/target/test-dir/MiniOzoneClusterImpl-e4789928-4fd4-479e-857e-ac334458de01/ozone-meta/om.db/000163.sst] are same.
2023-06-02 19:47:13,908 [Thread-2419] INFO  rocksdiff.RocksDBCheckpointDiffer (RocksDBCheckpointDiffer.java:onCompactionCompleted(527)) - Skipped the compaction entry. Compaction input files: [/home/runner/work/ozone/ozone/hadoop-ozone/integration-test/target/test-dir/MiniOzoneClusterImpl-e4789928-4fd4-479e-857e-ac334458de01/ozone-meta/om.db/000164.sst] and output files: [/home/runner/work/ozone/ozone/hadoop-ozone/integration-test/target/test-dir/MiniOzoneClusterImpl-e4789928-4fd4-479e-857e-ac334458de01/ozone-meta/om.db/000164.sst] are same.
2023-06-02 19:47:13,919 [OMDoubleBufferFlushThread] INFO  db.RDBCheckpointManager (RDBCheckpointManager.java:createCheckpoint(89)) - Created checkpoint in rocksDB at /home/runner/work/ozone/ozone/hadoop-ozone/integration-test/target/test-dir/MiniOzoneClusterImpl-e4789928-4fd4-479e-857e-ac334458de01/ozone-meta/db.snapshots/checkpointState/om.db-fc2e91ba-d954-4a8d-9ac8-91a962300c71 in 29 milliseconds
2023-06-02 19:47:13,921 [OMDoubleBufferFlushThread] INFO  db.RDBCheckpointUtils (RDBCheckpointUtils.java:waitForCheckpointDirectoryExist(59)) - Waited for 2 milliseconds for checkpoint directory /home/runner/work/ozone/ozone/hadoop-ozone/integration-test/target/test-dir/MiniOzoneClusterImpl-e4789928-4fd4-479e-857e-ac334458de01/ozone-meta/db.snapshots/checkpointState/om.db-fc2e91ba-d954-4a8d-9ac8-91a962300c71 availability.
2023-06-02 19:47:13,922 [OMDoubleBufferFlushThread] INFO  om.OmSnapshotManager (OmSnapshotManager.java:createOmSnapshotCheckpoint(409)) - Created checkpoint : /home/runner/work/ozone/ozone/hadoop-ozone/integration-test/target/test-dir/MiniOzoneClusterImpl-e4789928-4fd4-479e-857e-ac334458de01/ozone-meta/db.snapshots/checkpointState/om.db-fc2e91ba-d954-4a8d-9ac8-91a962300c71 for snapshot s20230602-194712.877
2023-06-02 19:47:13,922 [OMDoubleBufferFlushThread] WARN  rocksdiff.RocksDBCheckpointDiffer (RocksDBCheckpointDiffer.java:setCurrentCompactionLog(312)) - Compaction log exists: /home/runner/work/ozone/ozone/hadoop-ozone/integration-test/target/test-dir/MiniOzoneClusterImpl-e4789928-4fd4-479e-857e-ac334458de01/ozone-meta/db.snapshots/diffState/compaction-log/0000000000000001416.log. Will append
2023-06-02 19:47:13,934 [Thread-2449] INFO  rocksdiff.RocksDBCheckpointDiffer (RocksDBCheckpointDiffer.java:onCompactionCompleted(527)) - Skipped the compaction entry. Compaction input files: [/home/runner/work/ozone/ozone/hadoop-ozone/integration-test/target/test-dir/MiniOzoneClusterImpl-e4789928-4fd4-479e-857e-ac334458de01/ozone-meta/om.db/000170.sst] and output files: [/home/runner/work/ozone/ozone/hadoop-ozone/integration-test/target/test-dir/MiniOzoneClusterImpl-e4789928-4fd4-479e-857e-ac334458de01/ozone-meta/om.db/000170.sst] are same.
2023-06-02 19:47:13,942 [Thread-2469] INFO  rocksdiff.RocksDBCheckpointDiffer (RocksDBCheckpointDiffer.java:onCompactionCompleted(527)) - Skipped the compaction entry. Compaction input files: [/home/runner/work/ozone/ozone/hadoop-ozone/integration-test/target/test-dir/MiniOzoneClusterImpl-e4789928-4fd4-479e-857e-ac334458de01/ozone-meta/om.db/000171.sst] and output files: [/home/runner/work/ozone/ozone/hadoop-ozone/integration-test/target/test-dir/MiniOzoneClusterImpl-e4789928-4fd4-479e-857e-ac334458de01/ozone-meta/om.db/000171.sst] are same.
2023-06-02 19:47:13,956 [OMDoubleBufferFlushThread] INFO  db.RDBCheckpointManager (RDBCheckpointManager.java:createCheckpoint(89)) - Created checkpoint in rocksDB at /home/runner/work/ozone/ozone/hadoop-ozone/integration-test/target/test-dir/MiniOzoneClusterImpl-e4789928-4fd4-479e-857e-ac334458de01/ozone-meta/db.snapshots/checkpointState/om.db-c26093dc-e9c4-4351-968b-27c61765c425 in 31 milliseconds
2023-06-02 19:47:13,977 [OMDoubleBufferFlushThread] INFO  db.RDBCheckpointUtils (RDBCheckpointUtils.java:waitForCheckpointDirectoryExist(59)) - Waited for 21 milliseconds for checkpoint directory /home/runner/work/ozone/ozone/hadoop-ozone/integration-test/target/test-dir/MiniOzoneClusterImpl-e4789928-4fd4-479e-857e-ac334458de01/ozone-meta/db.snapshots/checkpointState/om.db-c26093dc-e9c4-4351-968b-27c61765c425 availability.
2023-06-02 19:47:13,978 [OMDoubleBufferFlushThread] INFO  om.OmSnapshotManager (OmSnapshotManager.java:createOmSnapshotCheckpoint(409)) - Created checkpoint : /home/runner/work/ozone/ozone/hadoop-ozone/integration-test/target/test-dir/MiniOzoneClusterImpl-e4789928-4fd4-479e-857e-ac334458de01/ozone-meta/db.snapshots/checkpointState/om.db-c26093dc-e9c4-4351-968b-27c61765c425 for snapshot s20230602-194712.884
2023-06-02 19:47:13,978 [OMDoubleBufferFlushThread] WARN  rocksdiff.RocksDBCheckpointDiffer (RocksDBCheckpointDiffer.java:setCurrentCompactionLog(312)) - Compaction log exists: /home/runner/work/ozone/ozone/hadoop-ozone/integration-test/target/test-dir/MiniOzoneClusterImpl-e4789928-4fd4-479e-857e-ac334458de01/ozone-meta/db.snapshots/diffState/compaction-log/0000000000000001416.log. Will append
2023-06-02 19:47:14,021 [Thread-2625] INFO  rocksdiff.RocksDBCheckpointDiffer (RocksDBCheckpointDiffer.java:onCompactionCompleted(527)) - Skipped the compaction entry. Compaction input files: [/home/runner/work/ozone/ozone/hadoop-ozone/integration-test/target/test-dir/MiniOzoneClusterImpl-e4789928-4fd4-479e-857e-ac334458de01/ozone-meta/om.db/000176.sst, /home/runner/work/ozone/ozone/hadoop-ozone/integration-test/target/test-dir/MiniOzoneClusterImpl-e4789928-4fd4-479e-857e-ac334458de01/ozone-meta/om.db/000181.sst, /home/runner/work/ozone/ozone/hadoop-ozone/integration-test/target/test-dir/MiniOzoneClusterImpl-e4789928-4fd4-479e-857e-ac334458de01/ozone-meta/om.db/000186.sst, /home/runner/work/ozone/ozone/hadoop-ozone/integration-test/target/test-dir/MiniOzoneClusterImpl-e4789928-4fd4-479e-857e-ac334458de01/ozone-meta/om.db/000194.sst] and output files: [/home/runner/work/ozone/ozone/hadoop-ozone/integration-test/target/test-dir/MiniOzoneClusterImpl-e4789928-4fd4-479e-857e-ac334458de01/ozone-meta/om.db/000176.sst, /home/runner/work/ozone/ozone/hadoop-ozone/integration-test/target/test-dir/MiniOzoneClusterImpl-e4789928-4fd4-479e-857e-ac334458de01/ozone-meta/om.db/000181.sst, /home/runner/work/ozone/ozone/hadoop-ozone/integration-test/target/test-dir/MiniOzoneClusterImpl-e4789928-4fd4-479e-857e-ac334458de01/ozone-meta/om.db/000186.sst, /home/runner/work/ozone/ozone/hadoop-ozone/integration-test/target/test-dir/MiniOzoneClusterImpl-e4789928-4fd4-479e-857e-ac334458de01/ozone-meta/om.db/000194.sst] are same.
2023-06-02 19:47:14,023 [OMDoubleBufferFlushThread] INFO  db.RDBCheckpointManager (RDBCheckpointManager.java:createCheckpoint(89)) - Created checkpoint in rocksDB at /home/runner/work/ozone/ozone/hadoop-ozone/integration-test/target/test-dir/MiniOzoneClusterImpl-e4789928-4fd4-479e-857e-ac334458de01/ozone-meta/db.snapshots/checkpointState/om.db-860c6923-52af-48d8-9164-2276ed5c7308 in 40 milliseconds
2023-06-02 19:47:14,023 [OMDoubleBufferFlushThread] INFO  db.RDBCheckpointUtils (RDBCheckpointUtils.java:waitForCheckpointDirectoryExist(59)) - Waited for 0 milliseconds for checkpoint directory /home/runner/work/ozone/ozone/hadoop-ozone/integration-test/target/test-dir/MiniOzoneClusterImpl-e4789928-4fd4-479e-857e-ac334458de01/ozone-meta/db.snapshots/checkpointState/om.db-860c6923-52af-48d8-9164-2276ed5c7308 availability.
2023-06-02 19:47:14,024 [OMDoubleBufferFlushThread] INFO  om.OmSnapshotManager (OmSnapshotManager.java:createOmSnapshotCheckpoint(409)) - Created checkpoint : /home/runner/work/ozone/ozone/hadoop-ozone/integration-test/target/test-dir/MiniOzoneClusterImpl-e4789928-4fd4-479e-857e-ac334458de01/ozone-meta/db.snapshots/checkpointState/om.db-860c6923-52af-48d8-9164-2276ed5c7308 for snapshot s20230602-194712.891
2023-06-02 19:47:14,024 [OMDoubleBufferFlushThread] WARN  rocksdiff.RocksDBCheckpointDiffer (RocksDBCheckpointDiffer.java:setCurrentCompactionLog(312)) - Compaction log exists: /home/runner/work/ozone/ozone/hadoop-ozone/integration-test/target/test-dir/MiniOzoneClusterImpl-e4789928-4fd4-479e-857e-ac334458de01/ozone-meta/db.snapshots/diffState/compaction-log/0000000000000001416.log. Will append
2023-06-02 19:47:14,062 [OMDoubleBufferFlushThread] INFO  db.RDBCheckpointManager (RDBCheckpointManager.java:createCheckpoint(89)) - Created checkpoint in rocksDB at /home/runner/work/ozone/ozone/hadoop-ozone/integration-test/target/test-dir/MiniOzoneClusterImpl-e4789928-4fd4-479e-857e-ac334458de01/ozone-meta/db.snapshots/checkpointState/om.db-dce06730-cbd0-4b4a-987e-a3e3a46ea748 in 34 milliseconds
2023-06-02 19:47:14,072 [OMDoubleBufferFlushThread] INFO  db.RDBCheckpointUtils (RDBCheckpointUtils.java:waitForCheckpointDirectoryExist(59)) - Waited for 10 milliseconds for checkpoint directory /home/runner/work/ozone/ozone/hadoop-ozone/integration-test/target/test-dir/MiniOzoneClusterImpl-e4789928-4fd4-479e-857e-ac334458de01/ozone-meta/db.snapshots/checkpointState/om.db-dce06730-cbd0-4b4a-987e-a3e3a46ea748 availability.
2023-06-02 19:47:14,073 [OMDoubleBufferFlushThread] INFO  om.OmSnapshotManager (OmSnapshotManager.java:createOmSnapshotCheckpoint(409)) - Created checkpoint : /home/runner/work/ozone/ozone/hadoop-ozone/integration-test/target/test-dir/MiniOzoneClusterImpl-e4789928-4fd4-479e-857e-ac334458de01/ozone-meta/db.snapshots/checkpointState/om.db-dce06730-cbd0-4b4a-987e-a3e3a46ea748 for snapshot s20230602-194712.898
2023-06-02 19:47:14,073 [OMDoubleBufferFlushThread] WARN  rocksdiff.RocksDBCheckpointDiffer (RocksDBCheckpointDiffer.java:setCurrentCompactionLog(312)) - Compaction log exists: /home/runner/work/ozone/ozone/hadoop-ozone/integration-test/target/test-dir/MiniOzoneClusterImpl-e4789928-4fd4-479e-857e-ac334458de01/ozone-meta/db.snapshots/diffState/compaction-log/0000000000000001416.log. Will append
2023-06-02 19:47:14,103 [OMDoubleBufferFlushThread] INFO  db.RDBCheckpointManager (RDBCheckpointManager.java:createCheckpoint(89)) - Created checkpoint in rocksDB at /home/runner/work/ozone/ozone/hadoop-ozone/integration-test/target/test-dir/MiniOzoneClusterImpl-e4789928-4fd4-479e-857e-ac334458de01/ozone-meta/db.snapshots/checkpointState/om.db-8e58a349-d91d-4bf8-b499-2ce831865932 in 25 milliseconds
2023-06-02 19:47:14,105 [OMDoubleBufferFlushThread] INFO  db.RDBCheckpointUtils (RDBCheckpointUtils.java:waitForCheckpointDirectoryExist(59)) - Waited for 1 milliseconds for checkpoint directory /home/runner/work/ozone/ozone/hadoop-ozone/integration-test/target/test-dir/MiniOzoneClusterImpl-e4789928-4fd4-479e-857e-ac334458de01/ozone-meta/db.snapshots/checkpointState/om.db-8e58a349-d91d-4bf8-b499-2ce831865932 availability.
2023-06-02 19:47:14,106 [OMDoubleBufferFlushThread] INFO  om.OmSnapshotManager (OmSnapshotManager.java:createOmSnapshotCheckpoint(409)) - Created checkpoint : /home/runner/work/ozone/ozone/hadoop-ozone/integration-test/target/test-dir/MiniOzoneClusterImpl-e4789928-4fd4-479e-857e-ac334458de01/ozone-meta/db.snapshots/checkpointState/om.db-8e58a349-d91d-4bf8-b499-2ce831865932 for snapshot s20230602-194712.905
2023-06-02 19:47:14,106 [OMDoubleBufferFlushThread] WARN  rocksdiff.RocksDBCheckpointDiffer (RocksDBCheckpointDiffer.java:setCurrentCompactionLog(312)) - Compaction log exists: /home/runner/work/ozone/ozone/hadoop-ozone/integration-test/target/test-dir/MiniOzoneClusterImpl-e4789928-4fd4-479e-857e-ac334458de01/ozone-meta/db.snapshots/diffState/compaction-log/0000000000000001416.log. Will append
2023-06-02 19:47:14,161 [OMDoubleBufferFlushThread] INFO  db.RDBCheckpointManager (RDBCheckpointManager.java:createCheckpoint(89)) - Created checkpoint in rocksDB at /home/runner/work/ozone/ozone/hadoop-ozone/integration-test/target/test-dir/MiniOzoneClusterImpl-e4789928-4fd4-479e-857e-ac334458de01/ozone-meta/db.snapshots/checkpointState/om.db-6069d85e-15b4-4300-aaa4-3106255c68b6 in 48 milliseconds
2023-06-02 19:47:14,169 [OMDoubleBufferFlushThread] INFO  db.RDBCheckpointUtils (RDBCheckpointUtils.java:waitForCheckpointDirectoryExist(59)) - Waited for 8 milliseconds for checkpoint directory /home/runner/work/ozone/ozone/hadoop-ozone/integration-test/target/test-dir/MiniOzoneClusterImpl-e4789928-4fd4-479e-857e-ac334458de01/ozone-meta/db.snapshots/checkpointState/om.db-6069d85e-15b4-4300-aaa4-3106255c68b6 availability.
2023-06-02 19:47:14,172 [OMDoubleBufferFlushThread] INFO  om.OmSnapshotManager (OmSnapshotManager.java:createOmSnapshotCheckpoint(409)) - Created checkpoint : /home/runner/work/ozone/ozone/hadoop-ozone/integration-test/target/test-dir/MiniOzoneClusterImpl-e4789928-4fd4-479e-857e-ac334458de01/ozone-meta/db.snapshots/checkpointState/om.db-6069d85e-15b4-4300-aaa4-3106255c68b6 for snapshot s20230602-194712.924
2023-06-02 19:47:14,198 [Thread-2863] INFO  rocksdiff.RocksDBCheckpointDiffer (RocksDBCheckpointDiffer.java:onCompactionCompleted(527)) - Skipped the compaction entry. Compaction input files: [/home/runner/work/ozone/ozone/hadoop-ozone/integration-test/target/test-dir/MiniOzoneClusterImpl-e4789928-4fd4-479e-857e-ac334458de01/ozone-meta/om.db/000199.sst, /home/runner/work/ozone/ozone/hadoop-ozone/integration-test/target/test-dir/MiniOzoneClusterImpl-e4789928-4fd4-479e-857e-ac334458de01/ozone-meta/om.db/000204.sst, /home/runner/work/ozone/ozone/hadoop-ozone/integration-test/target/test-dir/MiniOzoneClusterImpl-e4789928-4fd4-479e-857e-ac334458de01/ozone-meta/om.db/000209.sst, /home/runner/work/ozone/ozone/hadoop-ozone/integration-test/target/test-dir/MiniOzoneClusterImpl-e4789928-4fd4-479e-857e-ac334458de01/ozone-meta/om.db/000217.sst] and output files: [/home/runner/work/ozone/ozone/hadoop-ozone/integration-test/target/test-dir/MiniOzoneClusterImpl-e4789928-4fd4-479e-857e-ac334458de01/ozone-meta/om.db/000199.sst, /home/runner/work/ozone/ozone/hadoop-ozone/integration-test/target/test-dir/MiniOzoneClusterImpl-e4789928-4fd4-479e-857e-ac334458de01/ozone-meta/om.db/000204.sst, /home/runner/work/ozone/ozone/hadoop-ozone/integration-test/target/test-dir/MiniOzoneClusterImpl-e4789928-4fd4-479e-857e-ac334458de01/ozone-meta/om.db/000209.sst, /home/runner/work/ozone/ozone/hadoop-ozone/integration-test/target/test-dir/MiniOzoneClusterImpl-e4789928-4fd4-479e-857e-ac334458de01/ozone-meta/om.db/000217.sst] are same.
2023-06-02 19:47:14,213 [OMDoubleBufferFlushThread] INFO  db.RDBCheckpointManager (RDBCheckpointManager.java:createCheckpoint(89)) - Created checkpoint in rocksDB at /home/runner/work/ozone/ozone/hadoop-ozone/integration-test/target/test-dir/MiniOzoneClusterImpl-e4789928-4fd4-479e-857e-ac334458de01/ozone-meta/db.snapshots/checkpointState/om.db-99b23d68-af02-4a02-bee5-8befe4556a08 in 36 milliseconds
2023-06-02 19:47:14,222 [OMDoubleBufferFlushThread] INFO  db.RDBCheckpointUtils (RDBCheckpointUtils.java:waitForCheckpointDirectoryExist(59)) - Waited for 9 milliseconds for checkpoint directory /home/runner/work/ozone/ozone/hadoop-ozone/integration-test/target/test-dir/MiniOzoneClusterImpl-e4789928-4fd4-479e-857e-ac334458de01/ozone-meta/db.snapshots/checkpointState/om.db-99b23d68-af02-4a02-bee5-8befe4556a08 availability.
2023-06-02 19:47:14,225 [OMDoubleBufferFlushThread] INFO  om.OmSnapshotManager (OmSnapshotManager.java:createOmSnapshotCheckpoint(409)) - Created checkpoint : /home/runner/work/ozone/ozone/hadoop-ozone/integration-test/target/test-dir/MiniOzoneClusterImpl-e4789928-4fd4-479e-857e-ac334458de01/ozone-meta/db.snapshots/checkpointState/om.db-99b23d68-af02-4a02-bee5-8befe4556a08 for snapshot s20230602-194712.932
2023-06-02 19:47:14,225 [OMDoubleBufferFlushThread] WARN  rocksdiff.RocksDBCheckpointDiffer (RocksDBCheckpointDiffer.java:setCurrentCompactionLog(312)) - Compaction log exists: /home/runner/work/ozone/ozone/hadoop-ozone/integration-test/target/test-dir/MiniOzoneClusterImpl-e4789928-4fd4-479e-857e-ac334458de01/ozone-meta/db.snapshots/diffState/compaction-log/0000000000000001423.log. Will append
2023-06-02 19:47:14,258 [OMDoubleBufferFlushThread] INFO  db.RDBCheckpointManager (RDBCheckpointManager.java:createCheckpoint(89)) - Created checkpoint in rocksDB at /home/runner/work/ozone/ozone/hadoop-ozone/integration-test/target/test-dir/MiniOzoneClusterImpl-e4789928-4fd4-479e-857e-ac334458de01/ozone-meta/db.snapshots/checkpointState/om.db-8b6d81a4-980a-44fa-ae45-fb8eda005a6d in 30 milliseconds
2023-06-02 19:47:14,260 [OMDoubleBufferFlushThread] INFO  db.RDBCheckpointUtils (RDBCheckpointUtils.java:waitForCheckpointDirectoryExist(59)) - Waited for 2 milliseconds for checkpoint directory /home/runner/work/ozone/ozone/hadoop-ozone/integration-test/target/test-dir/MiniOzoneClusterImpl-e4789928-4fd4-479e-857e-ac334458de01/ozone-meta/db.snapshots/checkpointState/om.db-8b6d81a4-980a-44fa-ae45-fb8eda005a6d availability.
2023-06-02 19:47:14,261 [OMDoubleBufferFlushThread] INFO  om.OmSnapshotManager (OmSnapshotManager.java:createOmSnapshotCheckpoint(409)) - Created checkpoint : /home/runner/work/ozone/ozone/hadoop-ozone/integration-test/target/test-dir/MiniOzoneClusterImpl-e4789928-4fd4-479e-857e-ac334458de01/ozone-meta/db.snapshots/checkpointState/om.db-8b6d81a4-980a-44fa-ae45-fb8eda005a6d for snapshot s20230602-194712.940
2023-06-02 19:47:14,261 [OMDoubleBufferFlushThread] WARN  rocksdiff.RocksDBCheckpointDiffer (RocksDBCheckpointDiffer.java:setCurrentCompactionLog(312)) - Compaction log exists: /home/runner/work/ozone/ozone/hadoop-ozone/integration-test/target/test-dir/MiniOzoneClusterImpl-e4789928-4fd4-479e-857e-ac334458de01/ozone-meta/db.snapshots/diffState/compaction-log/0000000000000001423.log. Will append
19:47:14.558 [IPC Server handler 3 on default port 15004] ERROR OMAudit - user=runner | ip=127.0.0.1 | op=GET_FILE_STATUS {volume=vol-a-17515, bucket=buc-a-78578, key=key-, dataSize=0, replicationConfig=null} | ret=FAILURE
org.apache.hadoop.ozone.om.exceptions.OMException: Unable to get file status: volume: vol-a-17515 bucket: buc-a-78578 key: key-
	at org.apache.hadoop.ozone.om.KeyManagerImpl.getOzoneFileStatusFSO(KeyManagerImpl.java:1320) ~[ozone-manager-1.4.0-SNAPSHOT.jar:?]
	at org.apache.hadoop.ozone.om.KeyManagerImpl.getFileStatus(KeyManagerImpl.java:1112) ~[ozone-manager-1.4.0-SNAPSHOT.jar:?]
	at org.apache.hadoop.ozone.om.OmMetadataReader.getFileStatus(OmMetadataReader.java:287) ~[ozone-manager-1.4.0-SNAPSHOT.jar:?]
	at org.apache.hadoop.ozone.om.OzoneManager.getFileStatus(OzoneManager.java:3486) ~[ozone-manager-1.4.0-SNAPSHOT.jar:?]
	at org.apache.hadoop.ozone.protocolPB.OzoneManagerRequestHandler.getOzoneFileStatus(OzoneManagerRequestHandler.java:936) ~[ozone-manager-1.4.0-SNAPSHOT.jar:?]
	at org.apache.hadoop.ozone.protocolPB.OzoneManagerRequestHandler.handleReadRequest(OzoneManagerRequestHandler.java:239) ~[ozone-manager-1.4.0-SNAPSHOT.jar:?]
	at org.apache.hadoop.ozone.protocolPB.OzoneManagerProtocolServerSideTranslatorPB.submitReadRequestToOM(OzoneManagerProtocolServerSideTranslatorPB.java:223) ~[ozone-manager-1.4.0-SNAPSHOT.jar:?]
	at org.apache.hadoop.ozone.protocolPB.OzoneManagerProtocolServerSideTranslatorPB.processRequest(OzoneManagerProtocolServerSideTranslatorPB.java:177) ~[ozone-manager-1.4.0-SNAPSHOT.jar:?]
	at org.apache.hadoop.hdds.server.OzoneProtocolMessageDispatcher.processRequest(OzoneProtocolMessageDispatcher.java:87) [hdds-server-framework-1.4.0-SNAPSHOT.jar:?]
	at org.apache.hadoop.ozone.protocolPB.OzoneManagerProtocolServerSideTranslatorPB.submitRequest(OzoneManagerProtocolServerSideTranslatorPB.java:147) [ozone-manager-1.4.0-SNAPSHOT.jar:?]
	at org.apache.hadoop.ozone.protocol.proto.OzoneManagerProtocolProtos$OzoneManagerService$2.callBlockingMethod(OzoneManagerProtocolProtos.java) [ozone-interface-client-1.4.0-SNAPSHOT.jar:?]
	at org.apache.hadoop.ipc.ProtobufRpcEngine$Server.processCall(ProtobufRpcEngine.java:484) [hadoop-common-3.3.5.jar:?]
	at org.apache.hadoop.ipc.ProtobufRpcEngine2$Server$ProtoBufRpcInvoker.call(ProtobufRpcEngine2.java:595) [hadoop-common-3.3.5.jar:?]
	at org.apache.hadoop.ipc.ProtobufRpcEngine2$Server$ProtoBufRpcInvoker.call(ProtobufRpcEngine2.java:573) [hadoop-common-3.3.5.jar:?]
	at org.apache.hadoop.ipc.RPC$Server.call(RPC.java:1213) [hadoop-common-3.3.5.jar:?]
	at org.apache.hadoop.ipc.Server$RpcCall.run(Server.java:1089) [hadoop-common-3.3.5.jar:?]
	at org.apache.hadoop.ipc.Server$RpcCall.run(Server.java:1012) [hadoop-common-3.3.5.jar:?]
	at java.security.AccessController.doPrivileged(Native Method) ~[?:1.8.0_372]
	at javax.security.auth.Subject.doAs(Subject.java:422) [?:1.8.0_372]
	at org.apache.hadoop.security.UserGroupInformation.doAs(UserGroupInformation.java:1899) [hadoop-common-3.3.5.jar:?]
	at org.apache.hadoop.ipc.Server$Handler.run(Server.java:3026) [hadoop-common-3.3.5.jar:?]
19:47:14.566 [IPC Server handler 0 on default port 15004] ERROR OMAudit - user=runner | ip=127.0.0.1 | op=GET_FILE_STATUS {volume=vol-a-17515, bucket=buc-b-81445, key=key-, dataSize=0, replicationConfig=null} | ret=FAILURE
org.apache.hadoop.ozone.om.exceptions.OMException: Unable to get file status: volume: vol-a-17515 bucket: buc-b-81445 key: key-
	at org.apache.hadoop.ozone.om.KeyManagerImpl.getOzoneFileStatusFSO(KeyManagerImpl.java:1320) ~[ozone-manager-1.4.0-SNAPSHOT.jar:?]
	at org.apache.hadoop.ozone.om.KeyManagerImpl.getFileStatus(KeyManagerImpl.java:1112) ~[ozone-manager-1.4.0-SNAPSHOT.jar:?]
	at org.apache.hadoop.ozone.om.OmMetadataReader.getFileStatus(OmMetadataReader.java:287) ~[ozone-manager-1.4.0-SNAPSHOT.jar:?]
	at org.apache.hadoop.ozone.om.OzoneManager.getFileStatus(OzoneManager.java:3486) ~[ozone-manager-1.4.0-SNAPSHOT.jar:?]
	at org.apache.hadoop.ozone.protocolPB.OzoneManagerRequestHandler.getOzoneFileStatus(OzoneManagerRequestHandler.java:936) ~[ozone-manager-1.4.0-SNAPSHOT.jar:?]
	at org.apache.hadoop.ozone.protocolPB.OzoneManagerRequestHandler.handleReadRequest(OzoneManagerRequestHandler.java:239) ~[ozone-manager-1.4.0-SNAPSHOT.jar:?]
	at org.apache.hadoop.ozone.protocolPB.OzoneManagerProtocolServerSideTranslatorPB.submitReadRequestToOM(OzoneManagerProtocolServerSideTranslatorPB.java:223) ~[ozone-manager-1.4.0-SNAPSHOT.jar:?]
	at org.apache.hadoop.ozone.protocolPB.OzoneManagerProtocolServerSideTranslatorPB.processRequest(OzoneManagerProtocolServerSideTranslatorPB.java:177) ~[ozone-manager-1.4.0-SNAPSHOT.jar:?]
	at org.apache.hadoop.hdds.server.OzoneProtocolMessageDispatcher.processRequest(OzoneProtocolMessageDispatcher.java:87) [hdds-server-framework-1.4.0-SNAPSHOT.jar:?]
	at org.apache.hadoop.ozone.protocolPB.OzoneManagerProtocolServerSideTranslatorPB.submitRequest(OzoneManagerProtocolServerSideTranslatorPB.java:147) [ozone-manager-1.4.0-SNAPSHOT.jar:?]
	at org.apache.hadoop.ozone.protocol.proto.OzoneManagerProtocolProtos$OzoneManagerService$2.callBlockingMethod(OzoneManagerProtocolProtos.java) [ozone-interface-client-1.4.0-SNAPSHOT.jar:?]
	at org.apache.hadoop.ipc.ProtobufRpcEngine$Server.processCall(ProtobufRpcEngine.java:484) [hadoop-common-3.3.5.jar:?]
	at org.apache.hadoop.ipc.ProtobufRpcEngine2$Server$ProtoBufRpcInvoker.call(ProtobufRpcEngine2.java:595) [hadoop-common-3.3.5.jar:?]
	at org.apache.hadoop.ipc.ProtobufRpcEngine2$Server$ProtoBufRpcInvoker.call(ProtobufRpcEngine2.java:573) [hadoop-common-3.3.5.jar:?]
	at org.apache.hadoop.ipc.RPC$Server.call(RPC.java:1213) [hadoop-common-3.3.5.jar:?]
	at org.apache.hadoop.ipc.Server$RpcCall.run(Server.java:1089) [hadoop-common-3.3.5.jar:?]
	at org.apache.hadoop.ipc.Server$RpcCall.run(Server.java:1012) [hadoop-common-3.3.5.jar:?]
	at java.security.AccessController.doPrivileged(Native Method) ~[?:1.8.0_372]
	at javax.security.auth.Subject.doAs(Subject.java:422) [?:1.8.0_372]
	at org.apache.hadoop.security.UserGroupInformation.doAs(UserGroupInformation.java:1899) [hadoop-common-3.3.5.jar:?]
	at org.apache.hadoop.ipc.Server$Handler.run(Server.java:3026) [hadoop-common-3.3.5.jar:?]
19:47:14.575 [IPC Server handler 9 on default port 15004] ERROR OMAudit - user=runner | ip=127.0.0.1 | op=GET_FILE_STATUS {volume=vol-b-66523, bucket=buc-a-78578, key=key-, dataSize=0, replicationConfig=null} | ret=FAILURE
org.apache.hadoop.ozone.om.exceptions.OMException: Unable to get file status: volume: vol-b-66523 bucket: buc-a-78578 key: key-
	at org.apache.hadoop.ozone.om.KeyManagerImpl.getOzoneFileStatusFSO(KeyManagerImpl.java:1320) ~[ozone-manager-1.4.0-SNAPSHOT.jar:?]
	at org.apache.hadoop.ozone.om.KeyManagerImpl.getFileStatus(KeyManagerImpl.java:1112) ~[ozone-manager-1.4.0-SNAPSHOT.jar:?]
	at org.apache.hadoop.ozone.om.OmMetadataReader.getFileStatus(OmMetadataReader.java:287) ~[ozone-manager-1.4.0-SNAPSHOT.jar:?]
	at org.apache.hadoop.ozone.om.OzoneManager.getFileStatus(OzoneManager.java:3486) ~[ozone-manager-1.4.0-SNAPSHOT.jar:?]
	at org.apache.hadoop.ozone.protocolPB.OzoneManagerRequestHandler.getOzoneFileStatus(OzoneManagerRequestHandler.java:936) ~[ozone-manager-1.4.0-SNAPSHOT.jar:?]
	at org.apache.hadoop.ozone.protocolPB.OzoneManagerRequestHandler.handleReadRequest(OzoneManagerRequestHandler.java:239) ~[ozone-manager-1.4.0-SNAPSHOT.jar:?]
	at org.apache.hadoop.ozone.protocolPB.OzoneManagerProtocolServerSideTranslatorPB.submitReadRequestToOM(OzoneManagerProtocolServerSideTranslatorPB.java:223) ~[ozone-manager-1.4.0-SNAPSHOT.jar:?]
	at org.apache.hadoop.ozone.protocolPB.OzoneManagerProtocolServerSideTranslatorPB.processRequest(OzoneManagerProtocolServerSideTranslatorPB.java:177) ~[ozone-manager-1.4.0-SNAPSHOT.jar:?]
	at org.apache.hadoop.hdds.server.OzoneProtocolMessageDispatcher.processRequest(OzoneProtocolMessageDispatcher.java:87) [hdds-server-framework-1.4.0-SNAPSHOT.jar:?]
	at org.apache.hadoop.ozone.protocolPB.OzoneManagerProtocolServerSideTranslatorPB.submitRequest(OzoneManagerProtocolServerSideTranslatorPB.java:147) [ozone-manager-1.4.0-SNAPSHOT.jar:?]
	at org.apache.hadoop.ozone.protocol.proto.OzoneManagerProtocolProtos$OzoneManagerService$2.callBlockingMethod(OzoneManagerProtocolProtos.java) [ozone-interface-client-1.4.0-SNAPSHOT.jar:?]
	at org.apache.hadoop.ipc.ProtobufRpcEngine$Server.processCall(ProtobufRpcEngine.java:484) [hadoop-common-3.3.5.jar:?]
	at org.apache.hadoop.ipc.ProtobufRpcEngine2$Server$ProtoBufRpcInvoker.call(ProtobufRpcEngine2.java:595) [hadoop-common-3.3.5.jar:?]
	at org.apache.hadoop.ipc.ProtobufRpcEngine2$Server$ProtoBufRpcInvoker.call(ProtobufRpcEngine2.java:573) [hadoop-common-3.3.5.jar:?]
	at org.apache.hadoop.ipc.RPC$Server.call(RPC.java:1213) [hadoop-common-3.3.5.jar:?]
	at org.apache.hadoop.ipc.Server$RpcCall.run(Server.java:1089) [hadoop-common-3.3.5.jar:?]
	at org.apache.hadoop.ipc.Server$RpcCall.run(Server.java:1012) [hadoop-common-3.3.5.jar:?]
	at java.security.AccessController.doPrivileged(Native Method) ~[?:1.8.0_372]
	at javax.security.auth.Subject.doAs(Subject.java:422) [?:1.8.0_372]
	at org.apache.hadoop.security.UserGroupInformation.doAs(UserGroupInformation.java:1899) [hadoop-common-3.3.5.jar:?]
	at org.apache.hadoop.ipc.Server$Handler.run(Server.java:3026) [hadoop-common-3.3.5.jar:?]
19:47:14.584 [IPC Server handler 17 on default port 15004] ERROR OMAudit - user=runner | ip=127.0.0.1 | op=GET_FILE_STATUS {volume=vol-b-66523, bucket=buc-b-81445, key=key-, dataSize=0, replicationConfig=null} | ret=FAILURE
org.apache.hadoop.ozone.om.exceptions.OMException: Unable to get file status: volume: vol-b-66523 bucket: buc-b-81445 key: key-
	at org.apache.hadoop.ozone.om.KeyManagerImpl.getOzoneFileStatusFSO(KeyManagerImpl.java:1320) ~[ozone-manager-1.4.0-SNAPSHOT.jar:?]
	at org.apache.hadoop.ozone.om.KeyManagerImpl.getFileStatus(KeyManagerImpl.java:1112) ~[ozone-manager-1.4.0-SNAPSHOT.jar:?]
	at org.apache.hadoop.ozone.om.OmMetadataReader.getFileStatus(OmMetadataReader.java:287) ~[ozone-manager-1.4.0-SNAPSHOT.jar:?]
	at org.apache.hadoop.ozone.om.OzoneManager.getFileStatus(OzoneManager.java:3486) ~[ozone-manager-1.4.0-SNAPSHOT.jar:?]
	at org.apache.hadoop.ozone.protocolPB.OzoneManagerRequestHandler.getOzoneFileStatus(OzoneManagerRequestHandler.java:936) ~[ozone-manager-1.4.0-SNAPSHOT.jar:?]
	at org.apache.hadoop.ozone.protocolPB.OzoneManagerRequestHandler.handleReadRequest(OzoneManagerRequestHandler.java:239) ~[ozone-manager-1.4.0-SNAPSHOT.jar:?]
	at org.apache.hadoop.ozone.protocolPB.OzoneManagerProtocolServerSideTranslatorPB.submitReadRequestToOM(OzoneManagerProtocolServerSideTranslatorPB.java:223) ~[ozone-manager-1.4.0-SNAPSHOT.jar:?]
	at org.apache.hadoop.ozone.protocolPB.OzoneManagerProtocolServerSideTranslatorPB.processRequest(OzoneManagerProtocolServerSideTranslatorPB.java:177) ~[ozone-manager-1.4.0-SNAPSHOT.jar:?]
	at org.apache.hadoop.hdds.server.OzoneProtocolMessageDispatcher.processRequest(OzoneProtocolMessageDispatcher.java:87) [hdds-server-framework-1.4.0-SNAPSHOT.jar:?]
	at org.apache.hadoop.ozone.protocolPB.OzoneManagerProtocolServerSideTranslatorPB.submitRequest(OzoneManagerProtocolServerSideTranslatorPB.java:147) [ozone-manager-1.4.0-SNAPSHOT.jar:?]
	at org.apache.hadoop.ozone.protocol.proto.OzoneManagerProtocolProtos$OzoneManagerService$2.callBlockingMethod(OzoneManagerProtocolProtos.java) [ozone-interface-client-1.4.0-SNAPSHOT.jar:?]
	at org.apache.hadoop.ipc.ProtobufRpcEngine$Server.processCall(ProtobufRpcEngine.java:484) [hadoop-common-3.3.5.jar:?]
	at org.apache.hadoop.ipc.ProtobufRpcEngine2$Server$ProtoBufRpcInvoker.call(ProtobufRpcEngine2.java:595) [hadoop-common-3.3.5.jar:?]
	at org.apache.hadoop.ipc.ProtobufRpcEngine2$Server$ProtoBufRpcInvoker.call(ProtobufRpcEngine2.java:573) [hadoop-common-3.3.5.jar:?]
	at org.apache.hadoop.ipc.RPC$Server.call(RPC.java:1213) [hadoop-common-3.3.5.jar:?]
	at org.apache.hadoop.ipc.Server$RpcCall.run(Server.java:1089) [hadoop-common-3.3.5.jar:?]
	at org.apache.hadoop.ipc.Server$RpcCall.run(Server.java:1012) [hadoop-common-3.3.5.jar:?]
	at java.security.AccessController.doPrivileged(Native Method) ~[?:1.8.0_372]
	at javax.security.auth.Subject.doAs(Subject.java:422) [?:1.8.0_372]
	at org.apache.hadoop.security.UserGroupInformation.doAs(UserGroupInformation.java:1899) [hadoop-common-3.3.5.jar:?]
	at org.apache.hadoop.ipc.Server$Handler.run(Server.java:3026) [hadoop-common-3.3.5.jar:?]
19:47:14.590 [IPC Server handler 10 on default port 15004] ERROR OMAudit - user=runner | ip=127.0.0.1 | op=GET_FILE_STATUS {volume=vol-a-17515, bucket=buc-a-78578, key=key-a-, dataSize=0, replicationConfig=null} | ret=FAILURE
org.apache.hadoop.ozone.om.exceptions.OMException: Unable to get file status: volume: vol-a-17515 bucket: buc-a-78578 key: key-a-
	at org.apache.hadoop.ozone.om.KeyManagerImpl.getOzoneFileStatusFSO(KeyManagerImpl.java:1320) ~[ozone-manager-1.4.0-SNAPSHOT.jar:?]
	at org.apache.hadoop.ozone.om.KeyManagerImpl.getFileStatus(KeyManagerImpl.java:1112) ~[ozone-manager-1.4.0-SNAPSHOT.jar:?]
	at org.apache.hadoop.ozone.om.OmMetadataReader.getFileStatus(OmMetadataReader.java:287) ~[ozone-manager-1.4.0-SNAPSHOT.jar:?]
	at org.apache.hadoop.ozone.om.OzoneManager.getFileStatus(OzoneManager.java:3486) ~[ozone-manager-1.4.0-SNAPSHOT.jar:?]
	at org.apache.hadoop.ozone.protocolPB.OzoneManagerRequestHandler.getOzoneFileStatus(OzoneManagerRequestHandler.java:936) ~[ozone-manager-1.4.0-SNAPSHOT.jar:?]
	at org.apache.hadoop.ozone.protocolPB.OzoneManagerRequestHandler.handleReadRequest(OzoneManagerRequestHandler.java:239) ~[ozone-manager-1.4.0-SNAPSHOT.jar:?]
	at org.apache.hadoop.ozone.protocolPB.OzoneManagerProtocolServerSideTranslatorPB.submitReadRequestToOM(OzoneManagerProtocolServerSideTranslatorPB.java:223) ~[ozone-manager-1.4.0-SNAPSHOT.jar:?]
	at org.apache.hadoop.ozone.protocolPB.OzoneManagerProtocolServerSideTranslatorPB.processRequest(OzoneManagerProtocolServerSideTranslatorPB.java:177) ~[ozone-manager-1.4.0-SNAPSHOT.jar:?]
	at org.apache.hadoop.hdds.server.OzoneProtocolMessageDispatcher.processRequest(OzoneProtocolMessageDispatcher.java:87) [hdds-server-framework-1.4.0-SNAPSHOT.jar:?]
	at org.apache.hadoop.ozone.protocolPB.OzoneManagerProtocolServerSideTranslatorPB.submitRequest(OzoneManagerProtocolServerSideTranslatorPB.java:147) [ozone-manager-1.4.0-SNAPSHOT.jar:?]
	at org.apache.hadoop.ozone.protocol.proto.OzoneManagerProtocolProtos$OzoneManagerService$2.callBlockingMethod(OzoneManagerProtocolProtos.java) [ozone-interface-client-1.4.0-SNAPSHOT.jar:?]
	at org.apache.hadoop.ipc.ProtobufRpcEngine$Server.processCall(ProtobufRpcEngine.java:484) [hadoop-common-3.3.5.jar:?]
	at org.apache.hadoop.ipc.ProtobufRpcEngine2$Server$ProtoBufRpcInvoker.call(ProtobufRpcEngine2.java:595) [hadoop-common-3.3.5.jar:?]
	at org.apache.hadoop.ipc.ProtobufRpcEngine2$Server$ProtoBufRpcInvoker.call(ProtobufRpcEngine2.java:573) [hadoop-common-3.3.5.jar:?]
	at org.apache.hadoop.ipc.RPC$Server.call(RPC.java:1213) [hadoop-common-3.3.5.jar:?]
	at org.apache.hadoop.ipc.Server$RpcCall.run(Server.java:1089) [hadoop-common-3.3.5.jar:?]
	at org.apache.hadoop.ipc.Server$RpcCall.run(Server.java:1012) [hadoop-common-3.3.5.jar:?]
	at java.security.AccessController.doPrivileged(Native Method) ~[?:1.8.0_372]
	at javax.security.auth.Subject.doAs(Subject.java:422) [?:1.8.0_372]
	at org.apache.hadoop.security.UserGroupInformation.doAs(UserGroupInformation.java:1899) [hadoop-common-3.3.5.jar:?]
	at org.apache.hadoop.ipc.Server$Handler.run(Server.java:3026) [hadoop-common-3.3.5.jar:?]
19:47:14.596 [IPC Server handler 1 on default port 15004] ERROR OMAudit - user=runner | ip=127.0.0.1 | op=GET_FILE_STATUS {volume=vol-a-17515, bucket=buc-a-78578, key=key-b-, dataSize=0, replicationConfig=null} | ret=FAILURE
org.apache.hadoop.ozone.om.exceptions.OMException: Unable to get file status: volume: vol-a-17515 bucket: buc-a-78578 key: key-b-
	at org.apache.hadoop.ozone.om.KeyManagerImpl.getOzoneFileStatusFSO(KeyManagerImpl.java:1320) ~[ozone-manager-1.4.0-SNAPSHOT.jar:?]
	at org.apache.hadoop.ozone.om.KeyManagerImpl.getFileStatus(KeyManagerImpl.java:1112) ~[ozone-manager-1.4.0-SNAPSHOT.jar:?]
	at org.apache.hadoop.ozone.om.OmMetadataReader.getFileStatus(OmMetadataReader.java:287) ~[ozone-manager-1.4.0-SNAPSHOT.jar:?]
	at org.apache.hadoop.ozone.om.OzoneManager.getFileStatus(OzoneManager.java:3486) ~[ozone-manager-1.4.0-SNAPSHOT.jar:?]
	at org.apache.hadoop.ozone.protocolPB.OzoneManagerRequestHandler.getOzoneFileStatus(OzoneManagerRequestHandler.java:936) ~[ozone-manager-1.4.0-SNAPSHOT.jar:?]
	at org.apache.hadoop.ozone.protocolPB.OzoneManagerRequestHandler.handleReadRequest(OzoneManagerRequestHandler.java:239) ~[ozone-manager-1.4.0-SNAPSHOT.jar:?]
	at org.apache.hadoop.ozone.protocolPB.OzoneManagerProtocolServerSideTranslatorPB.submitReadRequestToOM(OzoneManagerProtocolServerSideTranslatorPB.java:223) ~[ozone-manager-1.4.0-SNAPSHOT.jar:?]
	at org.apache.hadoop.ozone.protocolPB.OzoneManagerProtocolServerSideTranslatorPB.processRequest(OzoneManagerProtocolServerSideTranslatorPB.java:177) ~[ozone-manager-1.4.0-SNAPSHOT.jar:?]
	at org.apache.hadoop.hdds.server.OzoneProtocolMessageDispatcher.processRequest(OzoneProtocolMessageDispatcher.java:87) [hdds-server-framework-1.4.0-SNAPSHOT.jar:?]
	at org.apache.hadoop.ozone.protocolPB.OzoneManagerProtocolServerSideTranslatorPB.submitRequest(OzoneManagerProtocolServerSideTranslatorPB.java:147) [ozone-manager-1.4.0-SNAPSHOT.jar:?]
	at org.apache.hadoop.ozone.protocol.proto.OzoneManagerProtocolProtos$OzoneManagerService$2.callBlockingMethod(OzoneManagerProtocolProtos.java) [ozone-interface-client-1.4.0-SNAPSHOT.jar:?]
	at org.apache.hadoop.ipc.ProtobufRpcEngine$Server.processCall(ProtobufRpcEngine.java:484) [hadoop-common-3.3.5.jar:?]
	at org.apache.hadoop.ipc.ProtobufRpcEngine2$Server$ProtoBufRpcInvoker.call(ProtobufRpcEngine2.java:595) [hadoop-common-3.3.5.jar:?]
	at org.apache.hadoop.ipc.ProtobufRpcEngine2$Server$ProtoBufRpcInvoker.call(ProtobufRpcEngine2.java:573) [hadoop-common-3.3.5.jar:?]
	at org.apache.hadoop.ipc.RPC$Server.call(RPC.java:1213) [hadoop-common-3.3.5.jar:?]
	at org.apache.hadoop.ipc.Server$RpcCall.run(Server.java:1089) [hadoop-common-3.3.5.jar:?]
	at org.apache.hadoop.ipc.Server$RpcCall.run(Server.java:1012) [hadoop-common-3.3.5.jar:?]
	at java.security.AccessController.doPrivileged(Native Method) ~[?:1.8.0_372]
	at javax.security.auth.Subject.doAs(Subject.java:422) [?:1.8.0_372]
	at org.apache.hadoop.security.UserGroupInformation.doAs(UserGroupInformation.java:1899) [hadoop-common-3.3.5.jar:?]
	at org.apache.hadoop.ipc.Server$Handler.run(Server.java:3026) [hadoop-common-3.3.5.jar:?]
]]></system-out>
  </testcase>
  <testcase name="testListKeyOnEmptyBucket" classname="org.apache.hadoop.ozone.client.rpc.TestOzoneRpcClientWithRatis" time="0.014">
    <system-out><![CDATA[2023-06-02 19:47:14,599 [main] INFO  rpc.RpcClient (RpcClient.java:createVolume(459)) - Creating Volume: vol-42220, with runner as owner and space quota set to -1 bytes, counts quota set to -1
2023-06-02 19:47:14,602 [OM StateMachine ApplyTransaction Thread - 0] INFO  volume.OMVolumeCreateRequest (OMVolumeCreateRequest.java:validateAndUpdateCache(196)) - created volume:vol-42220 for user:runner
2023-06-02 19:47:14,604 [main] INFO  rpc.RpcClient (RpcClient.java:createBucket(686)) - Creating Bucket: vol-42220/buc-06523, with server-side default bucket layout, runner as owner, Versioning false, Storage Type set to DISK and Encryption set to false, Replication Type set to server-side default replication type, Namespace Quota set to -1, Space Quota set to -1 
2023-06-02 19:47:14,606 [OM StateMachine ApplyTransaction Thread - 0] INFO  bucket.OMBucketCreateRequest (OMBucketCreateRequest.java:validateAndUpdateCache(270)) - created bucket: buc-06523 of layout FILE_SYSTEM_OPTIMIZED in volume: vol-42220
]]></system-out>
  </testcase>
  <testcase name="testListMultipartUploadParts(ReplicationConfig)[1]" classname="org.apache.hadoop.ozone.client.rpc.TestOzoneRpcClientWithRatis" time="0.182">
    <system-out><![CDATA[2023-06-02 19:47:14,615 [main] INFO  rpc.RpcClient (RpcClient.java:createVolume(459)) - Creating Volume: 8381339e-77e1-45fa-a92d-80858aff5550, with runner as owner and space quota set to -1 bytes, counts quota set to -1
2023-06-02 19:47:14,618 [OM StateMachine ApplyTransaction Thread - 0] INFO  volume.OMVolumeCreateRequest (OMVolumeCreateRequest.java:validateAndUpdateCache(196)) - created volume:8381339e-77e1-45fa-a92d-80858aff5550 for user:runner
2023-06-02 19:47:14,619 [main] INFO  rpc.RpcClient (RpcClient.java:createBucket(686)) - Creating Bucket: 8381339e-77e1-45fa-a92d-80858aff5550/4e41709b-5ddf-4912-b850-8851e0a0b440, with server-side default bucket layout, runner as owner, Versioning false, Storage Type set to DISK and Encryption set to false, Replication Type set to server-side default replication type, Namespace Quota set to -1, Space Quota set to -1 
2023-06-02 19:47:14,621 [OM StateMachine ApplyTransaction Thread - 0] INFO  bucket.OMBucketCreateRequest (OMBucketCreateRequest.java:validateAndUpdateCache(270)) - created bucket: 4e41709b-5ddf-4912-b850-8851e0a0b440 of layout FILE_SYSTEM_OPTIMIZED in volume: 8381339e-77e1-45fa-a92d-80858aff5550
]]></system-out>
  </testcase>
  <testcase name="testListMultipartUploadParts(ReplicationConfig)[2]" classname="org.apache.hadoop.ozone.client.rpc.TestOzoneRpcClientWithRatis" time="0.866">
    <system-out><![CDATA[2023-06-02 19:47:14,798 [main] INFO  rpc.RpcClient (RpcClient.java:createVolume(459)) - Creating Volume: 30ecdace-3dd9-4efb-a1b9-938b7bad1f91, with runner as owner and space quota set to -1 bytes, counts quota set to -1
2023-06-02 19:47:14,800 [OM StateMachine ApplyTransaction Thread - 0] INFO  volume.OMVolumeCreateRequest (OMVolumeCreateRequest.java:validateAndUpdateCache(196)) - created volume:30ecdace-3dd9-4efb-a1b9-938b7bad1f91 for user:runner
2023-06-02 19:47:14,802 [main] INFO  rpc.RpcClient (RpcClient.java:createBucket(686)) - Creating Bucket: 30ecdace-3dd9-4efb-a1b9-938b7bad1f91/a48db30b-18ec-4dfb-9bd2-92ca88f7ee00, with server-side default bucket layout, runner as owner, Versioning false, Storage Type set to DISK and Encryption set to false, Replication Type set to server-side default replication type, Namespace Quota set to -1, Space Quota set to -1 
2023-06-02 19:47:14,805 [OM StateMachine ApplyTransaction Thread - 0] INFO  bucket.OMBucketCreateRequest (OMBucketCreateRequest.java:validateAndUpdateCache(270)) - created bucket: a48db30b-18ec-4dfb-9bd2-92ca88f7ee00 of layout FILE_SYSTEM_OPTIMIZED in volume: 30ecdace-3dd9-4efb-a1b9-938b7bad1f91
]]></system-out>
  </testcase>
  <testcase name="testListMultipartUploadParts(ReplicationConfig)[3]" classname="org.apache.hadoop.ozone.client.rpc.TestOzoneRpcClientWithRatis" time="0.714">
    <system-out><![CDATA[2023-06-02 19:47:15,665 [main] INFO  rpc.RpcClient (RpcClient.java:createVolume(459)) - Creating Volume: 2d9d39bd-87a2-4111-b792-a65bcbf568db, with runner as owner and space quota set to -1 bytes, counts quota set to -1
2023-06-02 19:47:15,668 [OM StateMachine ApplyTransaction Thread - 0] INFO  volume.OMVolumeCreateRequest (OMVolumeCreateRequest.java:validateAndUpdateCache(196)) - created volume:2d9d39bd-87a2-4111-b792-a65bcbf568db for user:runner
2023-06-02 19:47:15,669 [main] INFO  rpc.RpcClient (RpcClient.java:createBucket(686)) - Creating Bucket: 2d9d39bd-87a2-4111-b792-a65bcbf568db/6b12ac64-726e-4d0e-b597-901ccf450e75, with server-side default bucket layout, runner as owner, Versioning false, Storage Type set to DISK and Encryption set to false, Replication Type set to server-side default replication type, Namespace Quota set to -1, Space Quota set to -1 
2023-06-02 19:47:15,672 [OM StateMachine ApplyTransaction Thread - 0] INFO  bucket.OMBucketCreateRequest (OMBucketCreateRequest.java:validateAndUpdateCache(270)) - created bucket: 6b12ac64-726e-4d0e-b597-901ccf450e75 of layout FILE_SYSTEM_OPTIMIZED in volume: 2d9d39bd-87a2-4111-b792-a65bcbf568db
]]></system-out>
  </testcase>
  <testcase name="testListMultipartUploadPartsWithContinuation(ReplicationConfig)[1]" classname="org.apache.hadoop.ozone.client.rpc.TestOzoneRpcClientWithRatis" time="0.211">
    <system-out><![CDATA[2023-06-02 19:47:16,381 [main] INFO  rpc.RpcClient (RpcClient.java:createVolume(459)) - Creating Volume: cea5655a-ca07-40ae-ab97-05f0ab5ba123, with runner as owner and space quota set to -1 bytes, counts quota set to -1
2023-06-02 19:47:16,383 [OM StateMachine ApplyTransaction Thread - 0] INFO  volume.OMVolumeCreateRequest (OMVolumeCreateRequest.java:validateAndUpdateCache(196)) - created volume:cea5655a-ca07-40ae-ab97-05f0ab5ba123 for user:runner
2023-06-02 19:47:16,385 [main] INFO  rpc.RpcClient (RpcClient.java:createBucket(686)) - Creating Bucket: cea5655a-ca07-40ae-ab97-05f0ab5ba123/767ef9e3-60ad-4f7e-89da-cd782abfee4e, with server-side default bucket layout, runner as owner, Versioning false, Storage Type set to DISK and Encryption set to false, Replication Type set to server-side default replication type, Namespace Quota set to -1, Space Quota set to -1 
2023-06-02 19:47:16,387 [OM StateMachine ApplyTransaction Thread - 0] INFO  bucket.OMBucketCreateRequest (OMBucketCreateRequest.java:validateAndUpdateCache(270)) - created bucket: 767ef9e3-60ad-4f7e-89da-cd782abfee4e of layout FILE_SYSTEM_OPTIMIZED in volume: cea5655a-ca07-40ae-ab97-05f0ab5ba123
]]></system-out>
  </testcase>
  <testcase name="testListMultipartUploadPartsWithContinuation(ReplicationConfig)[2]" classname="org.apache.hadoop.ozone.client.rpc.TestOzoneRpcClientWithRatis" time="0.777">
    <system-out><![CDATA[2023-06-02 19:47:16,592 [main] INFO  rpc.RpcClient (RpcClient.java:createVolume(459)) - Creating Volume: 6e863bdd-a582-4ed6-afe1-8c7ea227b3a2, with runner as owner and space quota set to -1 bytes, counts quota set to -1
2023-06-02 19:47:16,594 [OM StateMachine ApplyTransaction Thread - 0] INFO  volume.OMVolumeCreateRequest (OMVolumeCreateRequest.java:validateAndUpdateCache(196)) - created volume:6e863bdd-a582-4ed6-afe1-8c7ea227b3a2 for user:runner
2023-06-02 19:47:16,599 [main] INFO  rpc.RpcClient (RpcClient.java:createBucket(686)) - Creating Bucket: 6e863bdd-a582-4ed6-afe1-8c7ea227b3a2/3368ff5d-45a8-49ca-bd73-e58a79f3de4d, with server-side default bucket layout, runner as owner, Versioning false, Storage Type set to DISK and Encryption set to false, Replication Type set to server-side default replication type, Namespace Quota set to -1, Space Quota set to -1 
2023-06-02 19:47:16,602 [OM StateMachine ApplyTransaction Thread - 0] INFO  bucket.OMBucketCreateRequest (OMBucketCreateRequest.java:validateAndUpdateCache(270)) - created bucket: 3368ff5d-45a8-49ca-bd73-e58a79f3de4d of layout FILE_SYSTEM_OPTIMIZED in volume: 6e863bdd-a582-4ed6-afe1-8c7ea227b3a2
]]></system-out>
  </testcase>
  <testcase name="testListMultipartUploadPartsWithContinuation(ReplicationConfig)[3]" classname="org.apache.hadoop.ozone.client.rpc.TestOzoneRpcClientWithRatis" time="0.325">
    <system-out><![CDATA[2023-06-02 19:47:17,370 [main] INFO  rpc.RpcClient (RpcClient.java:createVolume(459)) - Creating Volume: 0ee595e8-086f-4c04-9d77-48b4a13c07d9, with runner as owner and space quota set to -1 bytes, counts quota set to -1
2023-06-02 19:47:17,374 [OM StateMachine ApplyTransaction Thread - 0] INFO  volume.OMVolumeCreateRequest (OMVolumeCreateRequest.java:validateAndUpdateCache(196)) - created volume:0ee595e8-086f-4c04-9d77-48b4a13c07d9 for user:runner
2023-06-02 19:47:17,375 [main] INFO  rpc.RpcClient (RpcClient.java:createBucket(686)) - Creating Bucket: 0ee595e8-086f-4c04-9d77-48b4a13c07d9/4923160b-24b9-4190-b49e-290e8286395d, with server-side default bucket layout, runner as owner, Versioning false, Storage Type set to DISK and Encryption set to false, Replication Type set to server-side default replication type, Namespace Quota set to -1, Space Quota set to -1 
2023-06-02 19:47:17,377 [OM StateMachine ApplyTransaction Thread - 0] INFO  bucket.OMBucketCreateRequest (OMBucketCreateRequest.java:validateAndUpdateCache(270)) - created bucket: 4923160b-24b9-4190-b49e-290e8286395d of layout FILE_SYSTEM_OPTIMIZED in volume: 0ee595e8-086f-4c04-9d77-48b4a13c07d9
]]></system-out>
  </testcase>
  <testcase name="testListPartsInvalidMaxParts" classname="org.apache.hadoop.ozone.client.rpc.TestOzoneRpcClientWithRatis" time="0.009">
    <system-out><![CDATA[2023-06-02 19:47:17,696 [main] INFO  rpc.RpcClient (RpcClient.java:createVolume(459)) - Creating Volume: 22353d3d-eb57-4353-954d-517fd05abff6, with runner as owner and space quota set to -1 bytes, counts quota set to -1
2023-06-02 19:47:17,699 [OM StateMachine ApplyTransaction Thread - 0] INFO  volume.OMVolumeCreateRequest (OMVolumeCreateRequest.java:validateAndUpdateCache(196)) - created volume:22353d3d-eb57-4353-954d-517fd05abff6 for user:runner
2023-06-02 19:47:17,701 [main] INFO  rpc.RpcClient (RpcClient.java:createBucket(686)) - Creating Bucket: 22353d3d-eb57-4353-954d-517fd05abff6/d9f04a5e-b7ef-4a0b-a73e-2f6da00897d9, with server-side default bucket layout, runner as owner, Versioning false, Storage Type set to DISK and Encryption set to false, Replication Type set to server-side default replication type, Namespace Quota set to -1, Space Quota set to -1 
2023-06-02 19:47:17,703 [OM StateMachine ApplyTransaction Thread - 0] INFO  bucket.OMBucketCreateRequest (OMBucketCreateRequest.java:validateAndUpdateCache(270)) - created bucket: d9f04a5e-b7ef-4a0b-a73e-2f6da00897d9 of layout FILE_SYSTEM_OPTIMIZED in volume: 22353d3d-eb57-4353-954d-517fd05abff6
]]></system-out>
  </testcase>
  <testcase name="testListPartsInvalidPartMarker" classname="org.apache.hadoop.ozone.client.rpc.TestOzoneRpcClientWithRatis" time="0.006">
    <system-out><![CDATA[2023-06-02 19:47:17,705 [main] INFO  rpc.RpcClient (RpcClient.java:createVolume(459)) - Creating Volume: 5318e520-1d7d-4531-af96-42063c7b79b4, with runner as owner and space quota set to -1 bytes, counts quota set to -1
2023-06-02 19:47:17,707 [OM StateMachine ApplyTransaction Thread - 0] INFO  volume.OMVolumeCreateRequest (OMVolumeCreateRequest.java:validateAndUpdateCache(196)) - created volume:5318e520-1d7d-4531-af96-42063c7b79b4 for user:runner
2023-06-02 19:47:17,708 [main] INFO  rpc.RpcClient (RpcClient.java:createBucket(686)) - Creating Bucket: 5318e520-1d7d-4531-af96-42063c7b79b4/0614c445-93ab-4d10-8ae7-d77b547ee244, with server-side default bucket layout, runner as owner, Versioning false, Storage Type set to DISK and Encryption set to false, Replication Type set to server-side default replication type, Namespace Quota set to -1, Space Quota set to -1 
2023-06-02 19:47:17,710 [OM StateMachine ApplyTransaction Thread - 0] INFO  bucket.OMBucketCreateRequest (OMBucketCreateRequest.java:validateAndUpdateCache(270)) - created bucket: 0614c445-93ab-4d10-8ae7-d77b547ee244 of layout FILE_SYSTEM_OPTIMIZED in volume: 5318e520-1d7d-4531-af96-42063c7b79b4
]]></system-out>
  </testcase>
  <testcase name="testListPartsWithInvalidUploadID" classname="org.apache.hadoop.ozone.client.rpc.TestOzoneRpcClientWithRatis" time="0.009">
    <system-out><![CDATA[2023-06-02 19:47:17,713 [main] INFO  rpc.RpcClient (RpcClient.java:createVolume(459)) - Creating Volume: 312336cc-7e7c-4c86-a22e-d390b6dd22f7, with runner as owner and space quota set to -1 bytes, counts quota set to -1
2023-06-02 19:47:17,714 [OM StateMachine ApplyTransaction Thread - 0] INFO  volume.OMVolumeCreateRequest (OMVolumeCreateRequest.java:validateAndUpdateCache(196)) - created volume:312336cc-7e7c-4c86-a22e-d390b6dd22f7 for user:runner
2023-06-02 19:47:17,717 [main] INFO  rpc.RpcClient (RpcClient.java:createBucket(686)) - Creating Bucket: 312336cc-7e7c-4c86-a22e-d390b6dd22f7/ae098f2c-910b-43fc-ab59-d403bcc69f83, with server-side default bucket layout, runner as owner, Versioning false, Storage Type set to DISK and Encryption set to false, Replication Type set to server-side default replication type, Namespace Quota set to -1, Space Quota set to -1 
2023-06-02 19:47:17,719 [OM StateMachine ApplyTransaction Thread - 0] INFO  bucket.OMBucketCreateRequest (OMBucketCreateRequest.java:validateAndUpdateCache(270)) - created bucket: ae098f2c-910b-43fc-ab59-d403bcc69f83 of layout FILE_SYSTEM_OPTIMIZED in volume: 312336cc-7e7c-4c86-a22e-d390b6dd22f7
19:47:17.720 [IPC Server handler 11 on default port 15004] ERROR OMAudit - user=runner | ip=127.0.0.1 | op=LIST_MULTIPART_UPLOAD_PARTS {volume=312336cc-7e7c-4c86-a22e-d390b6dd22f7, bucket=ae098f2c-910b-43fc-ab59-d403bcc69f83, key=6a0af790-0ae5-4ce7-8bd3-aa78d9da9aff, uploadID=random, partNumberMarker=100, maxParts=2} | ret=FAILURE
org.apache.hadoop.ozone.om.exceptions.OMException: No Such Multipart upload exists for this key.
	at org.apache.hadoop.ozone.om.KeyManagerImpl.listParts(KeyManagerImpl.java:732) ~[ozone-manager-1.4.0-SNAPSHOT.jar:?]
	at org.apache.hadoop.ozone.om.OzoneManager.listParts(OzoneManager.java:3444) ~[ozone-manager-1.4.0-SNAPSHOT.jar:?]
	at org.apache.hadoop.ozone.protocolPB.OzoneManagerRequestHandler.listParts(OzoneManagerRequestHandler.java:848) ~[ozone-manager-1.4.0-SNAPSHOT.jar:?]
	at org.apache.hadoop.ozone.protocolPB.OzoneManagerRequestHandler.handleReadRequest(OzoneManagerRequestHandler.java:215) ~[ozone-manager-1.4.0-SNAPSHOT.jar:?]
	at org.apache.hadoop.ozone.protocolPB.OzoneManagerProtocolServerSideTranslatorPB.submitReadRequestToOM(OzoneManagerProtocolServerSideTranslatorPB.java:223) ~[ozone-manager-1.4.0-SNAPSHOT.jar:?]
	at org.apache.hadoop.ozone.protocolPB.OzoneManagerProtocolServerSideTranslatorPB.processRequest(OzoneManagerProtocolServerSideTranslatorPB.java:177) ~[ozone-manager-1.4.0-SNAPSHOT.jar:?]
	at org.apache.hadoop.hdds.server.OzoneProtocolMessageDispatcher.processRequest(OzoneProtocolMessageDispatcher.java:87) [hdds-server-framework-1.4.0-SNAPSHOT.jar:?]
	at org.apache.hadoop.ozone.protocolPB.OzoneManagerProtocolServerSideTranslatorPB.submitRequest(OzoneManagerProtocolServerSideTranslatorPB.java:147) [ozone-manager-1.4.0-SNAPSHOT.jar:?]
	at org.apache.hadoop.ozone.protocol.proto.OzoneManagerProtocolProtos$OzoneManagerService$2.callBlockingMethod(OzoneManagerProtocolProtos.java) [ozone-interface-client-1.4.0-SNAPSHOT.jar:?]
	at org.apache.hadoop.ipc.ProtobufRpcEngine$Server.processCall(ProtobufRpcEngine.java:484) [hadoop-common-3.3.5.jar:?]
	at org.apache.hadoop.ipc.ProtobufRpcEngine2$Server$ProtoBufRpcInvoker.call(ProtobufRpcEngine2.java:595) [hadoop-common-3.3.5.jar:?]
	at org.apache.hadoop.ipc.ProtobufRpcEngine2$Server$ProtoBufRpcInvoker.call(ProtobufRpcEngine2.java:573) [hadoop-common-3.3.5.jar:?]
	at org.apache.hadoop.ipc.RPC$Server.call(RPC.java:1213) [hadoop-common-3.3.5.jar:?]
	at org.apache.hadoop.ipc.Server$RpcCall.run(Server.java:1089) [hadoop-common-3.3.5.jar:?]
	at org.apache.hadoop.ipc.Server$RpcCall.run(Server.java:1012) [hadoop-common-3.3.5.jar:?]
	at java.security.AccessController.doPrivileged(Native Method) ~[?:1.8.0_372]
	at javax.security.auth.Subject.doAs(Subject.java:422) [?:1.8.0_372]
	at org.apache.hadoop.security.UserGroupInformation.doAs(UserGroupInformation.java:1899) [hadoop-common-3.3.5.jar:?]
	at org.apache.hadoop.ipc.Server$Handler.run(Server.java:3026) [hadoop-common-3.3.5.jar:?]
]]></system-out>
  </testcase>
  <testcase name="testListPartsWithPartMarkerGreaterThanPartCount" classname="org.apache.hadoop.ozone.client.rpc.TestOzoneRpcClientWithRatis" time="0.062">
    <system-out><![CDATA[2023-06-02 19:47:17,722 [main] INFO  rpc.RpcClient (RpcClient.java:createVolume(459)) - Creating Volume: b5807064-4269-41d9-a0c5-d4720069ef3d, with runner as owner and space quota set to -1 bytes, counts quota set to -1
2023-06-02 19:47:17,725 [OM StateMachine ApplyTransaction Thread - 0] INFO  volume.OMVolumeCreateRequest (OMVolumeCreateRequest.java:validateAndUpdateCache(196)) - created volume:b5807064-4269-41d9-a0c5-d4720069ef3d for user:runner
2023-06-02 19:47:17,726 [main] INFO  rpc.RpcClient (RpcClient.java:createBucket(686)) - Creating Bucket: b5807064-4269-41d9-a0c5-d4720069ef3d/01192dd8-e48d-4dca-94b2-71d7f00e6afa, with server-side default bucket layout, runner as owner, Versioning false, Storage Type set to DISK and Encryption set to false, Replication Type set to server-side default replication type, Namespace Quota set to -1, Space Quota set to -1 
2023-06-02 19:47:17,728 [OM StateMachine ApplyTransaction Thread - 0] INFO  bucket.OMBucketCreateRequest (OMBucketCreateRequest.java:validateAndUpdateCache(270)) - created bucket: 01192dd8-e48d-4dca-94b2-71d7f00e6afa of layout FILE_SYSTEM_OPTIMIZED in volume: b5807064-4269-41d9-a0c5-d4720069ef3d
]]></system-out>
  </testcase>
  <testcase name="testListVolume" classname="org.apache.hadoop.ozone.client.rpc.TestOzoneRpcClientWithRatis" time="0.064">
    <system-out><![CDATA[2023-06-02 19:47:17,785 [main] INFO  rpc.RpcClient (RpcClient.java:createVolume(459)) - Creating Volume: vol-list-a-0-24192, with runner as owner and space quota set to -1 bytes, counts quota set to -1
2023-06-02 19:47:17,787 [OM StateMachine ApplyTransaction Thread - 0] INFO  volume.OMVolumeCreateRequest (OMVolumeCreateRequest.java:validateAndUpdateCache(196)) - created volume:vol-list-a-0-24192 for user:runner
2023-06-02 19:47:17,788 [main] INFO  rpc.RpcClient (RpcClient.java:createVolume(459)) - Creating Volume: vol-list-a-1-38533, with runner as owner and space quota set to -1 bytes, counts quota set to -1
2023-06-02 19:47:17,790 [OM StateMachine ApplyTransaction Thread - 0] INFO  volume.OMVolumeCreateRequest (OMVolumeCreateRequest.java:validateAndUpdateCache(196)) - created volume:vol-list-a-1-38533 for user:runner
2023-06-02 19:47:17,791 [main] INFO  rpc.RpcClient (RpcClient.java:createVolume(459)) - Creating Volume: vol-list-a-2-91022, with runner as owner and space quota set to -1 bytes, counts quota set to -1
2023-06-02 19:47:17,792 [OM StateMachine ApplyTransaction Thread - 0] INFO  volume.OMVolumeCreateRequest (OMVolumeCreateRequest.java:validateAndUpdateCache(196)) - created volume:vol-list-a-2-91022 for user:runner
2023-06-02 19:47:17,793 [main] INFO  rpc.RpcClient (RpcClient.java:createVolume(459)) - Creating Volume: vol-list-a-3-48886, with runner as owner and space quota set to -1 bytes, counts quota set to -1
2023-06-02 19:47:17,795 [OM StateMachine ApplyTransaction Thread - 0] INFO  volume.OMVolumeCreateRequest (OMVolumeCreateRequest.java:validateAndUpdateCache(196)) - created volume:vol-list-a-3-48886 for user:runner
2023-06-02 19:47:17,796 [main] INFO  rpc.RpcClient (RpcClient.java:createVolume(459)) - Creating Volume: vol-list-a-4-64826, with runner as owner and space quota set to -1 bytes, counts quota set to -1
2023-06-02 19:47:17,797 [OM StateMachine ApplyTransaction Thread - 0] INFO  volume.OMVolumeCreateRequest (OMVolumeCreateRequest.java:validateAndUpdateCache(196)) - created volume:vol-list-a-4-64826 for user:runner
2023-06-02 19:47:17,798 [main] INFO  rpc.RpcClient (RpcClient.java:createVolume(459)) - Creating Volume: vol-list-a-5-00931, with runner as owner and space quota set to -1 bytes, counts quota set to -1
2023-06-02 19:47:17,802 [OM StateMachine ApplyTransaction Thread - 0] INFO  volume.OMVolumeCreateRequest (OMVolumeCreateRequest.java:validateAndUpdateCache(196)) - created volume:vol-list-a-5-00931 for user:runner
2023-06-02 19:47:17,803 [main] INFO  rpc.RpcClient (RpcClient.java:createVolume(459)) - Creating Volume: vol-list-a-6-44560, with runner as owner and space quota set to -1 bytes, counts quota set to -1
2023-06-02 19:47:17,804 [OM StateMachine ApplyTransaction Thread - 0] INFO  volume.OMVolumeCreateRequest (OMVolumeCreateRequest.java:validateAndUpdateCache(196)) - created volume:vol-list-a-6-44560 for user:runner
2023-06-02 19:47:17,804 [main] INFO  rpc.RpcClient (RpcClient.java:createVolume(459)) - Creating Volume: vol-list-a-7-79335, with runner as owner and space quota set to -1 bytes, counts quota set to -1
2023-06-02 19:47:17,806 [OM StateMachine ApplyTransaction Thread - 0] INFO  volume.OMVolumeCreateRequest (OMVolumeCreateRequest.java:validateAndUpdateCache(196)) - created volume:vol-list-a-7-79335 for user:runner
2023-06-02 19:47:17,807 [main] INFO  rpc.RpcClient (RpcClient.java:createVolume(459)) - Creating Volume: vol-list-a-8-84590, with runner as owner and space quota set to -1 bytes, counts quota set to -1
2023-06-02 19:47:17,809 [OM StateMachine ApplyTransaction Thread - 0] INFO  volume.OMVolumeCreateRequest (OMVolumeCreateRequest.java:validateAndUpdateCache(196)) - created volume:vol-list-a-8-84590 for user:runner
2023-06-02 19:47:17,809 [main] INFO  rpc.RpcClient (RpcClient.java:createVolume(459)) - Creating Volume: vol-list-a-9-52320, with runner as owner and space quota set to -1 bytes, counts quota set to -1
2023-06-02 19:47:17,811 [OM StateMachine ApplyTransaction Thread - 0] INFO  volume.OMVolumeCreateRequest (OMVolumeCreateRequest.java:validateAndUpdateCache(196)) - created volume:vol-list-a-9-52320 for user:runner
2023-06-02 19:47:17,812 [main] INFO  rpc.RpcClient (RpcClient.java:createVolume(459)) - Creating Volume: vol-list-b-0-34393, with runner as owner and space quota set to -1 bytes, counts quota set to -1
2023-06-02 19:47:17,814 [OM StateMachine ApplyTransaction Thread - 0] INFO  volume.OMVolumeCreateRequest (OMVolumeCreateRequest.java:validateAndUpdateCache(196)) - created volume:vol-list-b-0-34393 for user:runner
2023-06-02 19:47:17,814 [main] INFO  rpc.RpcClient (RpcClient.java:createVolume(459)) - Creating Volume: vol-list-b-1-52233, with runner as owner and space quota set to -1 bytes, counts quota set to -1
2023-06-02 19:47:17,816 [OM StateMachine ApplyTransaction Thread - 0] INFO  volume.OMVolumeCreateRequest (OMVolumeCreateRequest.java:validateAndUpdateCache(196)) - created volume:vol-list-b-1-52233 for user:runner
2023-06-02 19:47:17,816 [main] INFO  rpc.RpcClient (RpcClient.java:createVolume(459)) - Creating Volume: vol-list-b-2-08167, with runner as owner and space quota set to -1 bytes, counts quota set to -1
2023-06-02 19:47:17,818 [OM StateMachine ApplyTransaction Thread - 0] INFO  volume.OMVolumeCreateRequest (OMVolumeCreateRequest.java:validateAndUpdateCache(196)) - created volume:vol-list-b-2-08167 for user:runner
2023-06-02 19:47:17,818 [main] INFO  rpc.RpcClient (RpcClient.java:createVolume(459)) - Creating Volume: vol-list-b-3-49376, with runner as owner and space quota set to -1 bytes, counts quota set to -1
2023-06-02 19:47:17,820 [OM StateMachine ApplyTransaction Thread - 0] INFO  volume.OMVolumeCreateRequest (OMVolumeCreateRequest.java:validateAndUpdateCache(196)) - created volume:vol-list-b-3-49376 for user:runner
2023-06-02 19:47:17,821 [main] INFO  rpc.RpcClient (RpcClient.java:createVolume(459)) - Creating Volume: vol-list-b-4-03070, with runner as owner and space quota set to -1 bytes, counts quota set to -1
2023-06-02 19:47:17,822 [OM StateMachine ApplyTransaction Thread - 0] INFO  volume.OMVolumeCreateRequest (OMVolumeCreateRequest.java:validateAndUpdateCache(196)) - created volume:vol-list-b-4-03070 for user:runner
2023-06-02 19:47:17,823 [main] INFO  rpc.RpcClient (RpcClient.java:createVolume(459)) - Creating Volume: vol-list-b-5-97042, with runner as owner and space quota set to -1 bytes, counts quota set to -1
2023-06-02 19:47:17,825 [OM StateMachine ApplyTransaction Thread - 0] INFO  volume.OMVolumeCreateRequest (OMVolumeCreateRequest.java:validateAndUpdateCache(196)) - created volume:vol-list-b-5-97042 for user:runner
2023-06-02 19:47:17,825 [main] INFO  rpc.RpcClient (RpcClient.java:createVolume(459)) - Creating Volume: vol-list-b-6-70473, with runner as owner and space quota set to -1 bytes, counts quota set to -1
2023-06-02 19:47:17,827 [OM StateMachine ApplyTransaction Thread - 0] INFO  volume.OMVolumeCreateRequest (OMVolumeCreateRequest.java:validateAndUpdateCache(196)) - created volume:vol-list-b-6-70473 for user:runner
2023-06-02 19:47:17,827 [main] INFO  rpc.RpcClient (RpcClient.java:createVolume(459)) - Creating Volume: vol-list-b-7-34265, with runner as owner and space quota set to -1 bytes, counts quota set to -1
2023-06-02 19:47:17,829 [OM StateMachine ApplyTransaction Thread - 0] INFO  volume.OMVolumeCreateRequest (OMVolumeCreateRequest.java:validateAndUpdateCache(196)) - created volume:vol-list-b-7-34265 for user:runner
2023-06-02 19:47:17,830 [main] INFO  rpc.RpcClient (RpcClient.java:createVolume(459)) - Creating Volume: vol-list-b-8-29268, with runner as owner and space quota set to -1 bytes, counts quota set to -1
2023-06-02 19:47:17,831 [OM StateMachine ApplyTransaction Thread - 0] INFO  volume.OMVolumeCreateRequest (OMVolumeCreateRequest.java:validateAndUpdateCache(196)) - created volume:vol-list-b-8-29268 for user:runner
2023-06-02 19:47:17,832 [main] INFO  rpc.RpcClient (RpcClient.java:createVolume(459)) - Creating Volume: vol-list-b-9-36026, with runner as owner and space quota set to -1 bytes, counts quota set to -1
2023-06-02 19:47:17,833 [OM StateMachine ApplyTransaction Thread - 0] INFO  volume.OMVolumeCreateRequest (OMVolumeCreateRequest.java:validateAndUpdateCache(196)) - created volume:vol-list-b-9-36026 for user:runner
]]></system-out>
  </testcase>
  <testcase name="testMissingParentBucketUsedNamespace(BucketLayout)[1]" classname="org.apache.hadoop.ozone.client.rpc.TestOzoneRpcClientWithRatis" time="0.023">
    <system-out><![CDATA[2023-06-02 19:47:17,851 [main] INFO  rpc.RpcClient (RpcClient.java:createVolume(459)) - Creating Volume: a927940a-481b-477e-b5f9-93b87fd526fa, with runner as owner and space quota set to -1 bytes, counts quota set to -1
2023-06-02 19:47:17,853 [OM StateMachine ApplyTransaction Thread - 0] INFO  volume.OMVolumeCreateRequest (OMVolumeCreateRequest.java:validateAndUpdateCache(196)) - created volume:a927940a-481b-477e-b5f9-93b87fd526fa for user:runner
2023-06-02 19:47:17,855 [main] INFO  rpc.RpcClient (RpcClient.java:createBucket(686)) - Creating Bucket: a927940a-481b-477e-b5f9-93b87fd526fa/e0de3975-4e30-4f57-bbd9-fb0105aa1a92, with bucket layout OBJECT_STORE, runner as owner, Versioning false, Storage Type set to DISK and Encryption set to false, Replication Type set to server-side default replication type, Namespace Quota set to -1, Space Quota set to -1 
2023-06-02 19:47:17,857 [OM StateMachine ApplyTransaction Thread - 0] INFO  bucket.OMBucketCreateRequest (OMBucketCreateRequest.java:validateAndUpdateCache(270)) - created bucket: e0de3975-4e30-4f57-bbd9-fb0105aa1a92 of layout OBJECT_STORE in volume: a927940a-481b-477e-b5f9-93b87fd526fa
]]></system-out>
  </testcase>
  <testcase name="testMissingParentBucketUsedNamespace(BucketLayout)[2]" classname="org.apache.hadoop.ozone.client.rpc.TestOzoneRpcClientWithRatis" time="0.025">
    <system-out><![CDATA[2023-06-02 19:47:17,876 [main] INFO  rpc.RpcClient (RpcClient.java:createVolume(459)) - Creating Volume: 87df5f89-ba6e-4fca-8102-7fb6cd99cf57, with runner as owner and space quota set to -1 bytes, counts quota set to -1
2023-06-02 19:47:17,879 [OM StateMachine ApplyTransaction Thread - 0] INFO  volume.OMVolumeCreateRequest (OMVolumeCreateRequest.java:validateAndUpdateCache(196)) - created volume:87df5f89-ba6e-4fca-8102-7fb6cd99cf57 for user:runner
2023-06-02 19:47:17,881 [main] INFO  rpc.RpcClient (RpcClient.java:createBucket(686)) - Creating Bucket: 87df5f89-ba6e-4fca-8102-7fb6cd99cf57/3fc36316-6375-445f-ad2c-9a037a1e5331, with bucket layout LEGACY, runner as owner, Versioning false, Storage Type set to DISK and Encryption set to false, Replication Type set to server-side default replication type, Namespace Quota set to -1, Space Quota set to -1 
2023-06-02 19:47:17,883 [OM StateMachine ApplyTransaction Thread - 0] INFO  bucket.OMBucketCreateRequest (OMBucketCreateRequest.java:validateAndUpdateCache(270)) - created bucket: 3fc36316-6375-445f-ad2c-9a037a1e5331 of layout LEGACY in volume: 87df5f89-ba6e-4fca-8102-7fb6cd99cf57
]]></system-out>
  </testcase>
  <testcase name="testMissingParentBucketUsedNamespace(BucketLayout)[3]" classname="org.apache.hadoop.ozone.client.rpc.TestOzoneRpcClientWithRatis" time="0.023">
    <system-out><![CDATA[2023-06-02 19:47:17,902 [main] INFO  rpc.RpcClient (RpcClient.java:createVolume(459)) - Creating Volume: 1feea4da-97f9-424e-a099-72546c78d498, with runner as owner and space quota set to -1 bytes, counts quota set to -1
2023-06-02 19:47:17,904 [OM StateMachine ApplyTransaction Thread - 0] INFO  volume.OMVolumeCreateRequest (OMVolumeCreateRequest.java:validateAndUpdateCache(196)) - created volume:1feea4da-97f9-424e-a099-72546c78d498 for user:runner
2023-06-02 19:47:17,905 [main] INFO  rpc.RpcClient (RpcClient.java:createBucket(686)) - Creating Bucket: 1feea4da-97f9-424e-a099-72546c78d498/9553ed04-a792-4fe9-8121-25e26b3ffd6c, with bucket layout FILE_SYSTEM_OPTIMIZED, runner as owner, Versioning false, Storage Type set to DISK and Encryption set to false, Replication Type set to server-side default replication type, Namespace Quota set to -1, Space Quota set to -1 
2023-06-02 19:47:17,907 [OM StateMachine ApplyTransaction Thread - 0] INFO  bucket.OMBucketCreateRequest (OMBucketCreateRequest.java:validateAndUpdateCache(270)) - created bucket: 9553ed04-a792-4fe9-8121-25e26b3ffd6c of layout FILE_SYSTEM_OPTIMIZED in volume: 1feea4da-97f9-424e-a099-72546c78d498
]]></system-out>
  </testcase>
  <testcase name="testMultiPartUploadWithStream" classname="org.apache.hadoop.ozone.client.rpc.TestOzoneRpcClientWithRatis" time="0.358">
    <system-out><![CDATA[2023-06-02 19:47:17,925 [main] INFO  rpc.RpcClient (RpcClient.java:createVolume(459)) - Creating Volume: bd4ba5c1-3c5d-4c9f-a013-383b1de6d0f6, with runner as owner and space quota set to -1 bytes, counts quota set to -1
2023-06-02 19:47:17,927 [OM StateMachine ApplyTransaction Thread - 0] INFO  volume.OMVolumeCreateRequest (OMVolumeCreateRequest.java:validateAndUpdateCache(196)) - created volume:bd4ba5c1-3c5d-4c9f-a013-383b1de6d0f6 for user:runner
2023-06-02 19:47:17,928 [main] INFO  rpc.RpcClient (RpcClient.java:createBucket(686)) - Creating Bucket: bd4ba5c1-3c5d-4c9f-a013-383b1de6d0f6/4a9876f5-7680-4188-8dc9-0258ab796429, with server-side default bucket layout, runner as owner, Versioning false, Storage Type set to DISK and Encryption set to false, Replication Type set to server-side default replication type, Namespace Quota set to -1, Space Quota set to -1 
2023-06-02 19:47:17,930 [OM StateMachine ApplyTransaction Thread - 0] INFO  bucket.OMBucketCreateRequest (OMBucketCreateRequest.java:validateAndUpdateCache(270)) - created bucket: 4a9876f5-7680-4188-8dc9-0258ab796429 of layout FILE_SYSTEM_OPTIMIZED in volume: bd4ba5c1-3c5d-4c9f-a013-383b1de6d0f6
2023-06-02 19:47:17,958 [main] INFO  client.DataStreamClient (ConfUtils.java:logGet(46)) - raft.datastream.type = NETTY (custom)
2023-06-02 19:47:17,963 [main] INFO  netty.NettyConfigKeys$DataStream (ConfUtils.java:logGet(46)) - raft.netty.dataStream.client.tls.conf = null (default)
2023-06-02 19:47:17,964 [main] INFO  netty.NettyConfigKeys$DataStream (ConfUtils.java:logGet(46)) - raft.netty.dataStream.client.reply.queue.grace-period = 1s (default)
2023-06-02 19:47:17,968 [main] INFO  netty.NettyConfigKeys$DataStream (ConfUtils.java:logGet(46)) - raft.netty.dataStream.client.worker-group.share = false (default)
2023-06-02 19:47:17,968 [main] INFO  netty.NettyConfigKeys$DataStream (ConfUtils.java:logGet(46)) - raft.netty.dataStream.client.worker-group.size = 4 (default)
2023-06-02 19:47:18,000 [3444f24d-5019-4db9-b49c-a7d3f58b79dc-NettyServerStreamRpc-bossGroup--thread1] INFO  logging.LoggingHandler (AbstractInternalLogger.java:log(148)) - [id: 0xb2ebb75c, L:/0:0:0:0:0:0:0:0:15087] READ: [id: 0x9e1212fe, L:/10.1.26.0:15087 - R:/10.1.26.0:40486]
2023-06-02 19:47:18,003 [3444f24d-5019-4db9-b49c-a7d3f58b79dc-NettyServerStreamRpc-bossGroup--thread1] INFO  logging.LoggingHandler (AbstractInternalLogger.java:log(148)) - [id: 0xb2ebb75c, L:/0:0:0:0:0:0:0:0:15087] READ COMPLETE
2023-06-02 19:47:18,073 [3444f24d-5019-4db9-b49c-a7d3f58b79dc-NettyServerStreamRpc-workerGroup--thread1] INFO  client.DataStreamClient (ConfUtils.java:logGet(46)) - raft.datastream.type = NETTY (custom)
2023-06-02 19:47:18,077 [3444f24d-5019-4db9-b49c-a7d3f58b79dc-NettyServerStreamRpc-workerGroup--thread1] INFO  netty.NettyConfigKeys$DataStream (ConfUtils.java:logGet(46)) - raft.netty.dataStream.client.tls.conf = null (default)
2023-06-02 19:47:18,080 [3444f24d-5019-4db9-b49c-a7d3f58b79dc-NettyServerStreamRpc-workerGroup--thread1] INFO  netty.NettyConfigKeys$DataStream (ConfUtils.java:logGet(46)) - raft.netty.dataStream.client.reply.queue.grace-period = 1s (default)
2023-06-02 19:47:18,080 [3444f24d-5019-4db9-b49c-a7d3f58b79dc-NettyServerStreamRpc-workerGroup--thread1] INFO  netty.NettyConfigKeys$DataStream (ConfUtils.java:logGet(46)) - raft.netty.dataStream.client.worker-group.share = false (default)
2023-06-02 19:47:18,080 [3444f24d-5019-4db9-b49c-a7d3f58b79dc-NettyServerStreamRpc-workerGroup--thread1] INFO  netty.NettyConfigKeys$DataStream (ConfUtils.java:logGet(46)) - raft.netty.dataStream.client.worker-group.size = 4 (default)
2023-06-02 19:47:18,087 [68e68f39-32fc-4b84-93e4-f20720881325-NettyServerStreamRpc-bossGroup--thread1] INFO  logging.LoggingHandler (AbstractInternalLogger.java:log(148)) - [id: 0x96c8c68a, L:/0:0:0:0:0:0:0:0:15069] READ: [id: 0x0256c936, L:/10.1.26.0:15069 - R:/10.1.26.0:46282]
2023-06-02 19:47:18,087 [68e68f39-32fc-4b84-93e4-f20720881325-NettyServerStreamRpc-bossGroup--thread1] INFO  logging.LoggingHandler (AbstractInternalLogger.java:log(148)) - [id: 0x96c8c68a, L:/0:0:0:0:0:0:0:0:15069] READ COMPLETE
2023-06-02 19:47:18,090 [68e68f39-32fc-4b84-93e4-f20720881325-NettyServerStreamRpc-workerGroup--thread1] INFO  client.DataStreamClient (ConfUtils.java:logGet(46)) - raft.datastream.type = NETTY (custom)
2023-06-02 19:47:18,090 [68e68f39-32fc-4b84-93e4-f20720881325-NettyServerStreamRpc-workerGroup--thread1] INFO  netty.NettyConfigKeys$DataStream (ConfUtils.java:logGet(46)) - raft.netty.dataStream.client.tls.conf = null (default)
2023-06-02 19:47:18,090 [68e68f39-32fc-4b84-93e4-f20720881325-NettyServerStreamRpc-workerGroup--thread1] INFO  netty.NettyConfigKeys$DataStream (ConfUtils.java:logGet(46)) - raft.netty.dataStream.client.reply.queue.grace-period = 1s (default)
2023-06-02 19:47:18,090 [68e68f39-32fc-4b84-93e4-f20720881325-NettyServerStreamRpc-workerGroup--thread1] INFO  netty.NettyConfigKeys$DataStream (ConfUtils.java:logGet(46)) - raft.netty.dataStream.client.worker-group.share = false (default)
2023-06-02 19:47:18,090 [68e68f39-32fc-4b84-93e4-f20720881325-NettyServerStreamRpc-workerGroup--thread1] INFO  netty.NettyConfigKeys$DataStream (ConfUtils.java:logGet(46)) - raft.netty.dataStream.client.worker-group.size = 4 (default)
2023-06-02 19:47:18,102 [37ff51e8-4d98-426c-9b80-6778ef5a23bd-NettyServerStreamRpc-bossGroup--thread1] INFO  logging.LoggingHandler (AbstractInternalLogger.java:log(148)) - [id: 0x43ee3d7e, L:/0:0:0:0:0:0:0:0:15078] READ: [id: 0x86f73410, L:/10.1.26.0:15078 - R:/10.1.26.0:44282]
2023-06-02 19:47:18,108 [37ff51e8-4d98-426c-9b80-6778ef5a23bd-NettyServerStreamRpc-bossGroup--thread1] INFO  logging.LoggingHandler (AbstractInternalLogger.java:log(148)) - [id: 0x43ee3d7e, L:/0:0:0:0:0:0:0:0:15078] READ COMPLETE
]]></system-out>
  </testcase>
  <testcase name="testMultipartUploadOverride(ReplicationConfig)[1]" classname="org.apache.hadoop.ozone.client.rpc.TestOzoneRpcClientWithRatis" time="0.509">
    <system-out><![CDATA[2023-06-02 19:47:18,286 [main] INFO  rpc.RpcClient (RpcClient.java:createVolume(459)) - Creating Volume: 4f3f5e9e-454c-4c85-98e4-d9f6e875bd21, with runner as owner and space quota set to -1 bytes, counts quota set to -1
2023-06-02 19:47:18,290 [OM StateMachine ApplyTransaction Thread - 0] INFO  volume.OMVolumeCreateRequest (OMVolumeCreateRequest.java:validateAndUpdateCache(196)) - created volume:4f3f5e9e-454c-4c85-98e4-d9f6e875bd21 for user:runner
2023-06-02 19:47:18,292 [main] INFO  rpc.RpcClient (RpcClient.java:createBucket(686)) - Creating Bucket: 4f3f5e9e-454c-4c85-98e4-d9f6e875bd21/550318c4-f06e-4d3b-9bfe-22672ec876ab, with server-side default bucket layout, runner as owner, Versioning false, Storage Type set to DISK and Encryption set to false, Replication Type set to server-side default replication type, Namespace Quota set to -1, Space Quota set to -1 
2023-06-02 19:47:18,294 [OM StateMachine ApplyTransaction Thread - 0] INFO  bucket.OMBucketCreateRequest (OMBucketCreateRequest.java:validateAndUpdateCache(270)) - created bucket: 550318c4-f06e-4d3b-9bfe-22672ec876ab of layout FILE_SYSTEM_OPTIMIZED in volume: 4f3f5e9e-454c-4c85-98e4-d9f6e875bd21
2023-06-02 19:47:18,429 [IPC Server handler 14 on default port 15001] WARN  node.SCMNodeManager (SCMNodeManager.java:getNodesByAddress(1381)) - Cannot find node for address 127.0.0.1
2023-06-02 19:47:18,680 [IPC Server handler 15 on default port 15001] WARN  node.SCMNodeManager (SCMNodeManager.java:getNodesByAddress(1381)) - Cannot find node for address 127.0.0.1
]]></system-out>
  </testcase>
  <testcase name="testMultipartUploadOverride(ReplicationConfig)[2]" classname="org.apache.hadoop.ozone.client.rpc.TestOzoneRpcClientWithRatis" time="1.739">
    <system-out><![CDATA[2023-06-02 19:47:18,796 [main] INFO  rpc.RpcClient (RpcClient.java:createVolume(459)) - Creating Volume: b9437e9d-9269-4341-ab81-20e7b0cd9243, with runner as owner and space quota set to -1 bytes, counts quota set to -1
2023-06-02 19:47:18,800 [OM StateMachine ApplyTransaction Thread - 0] INFO  volume.OMVolumeCreateRequest (OMVolumeCreateRequest.java:validateAndUpdateCache(196)) - created volume:b9437e9d-9269-4341-ab81-20e7b0cd9243 for user:runner
2023-06-02 19:47:18,802 [main] INFO  rpc.RpcClient (RpcClient.java:createBucket(686)) - Creating Bucket: b9437e9d-9269-4341-ab81-20e7b0cd9243/134baa4f-da54-4c4b-bf84-07a8404ac7de, with server-side default bucket layout, runner as owner, Versioning false, Storage Type set to DISK and Encryption set to false, Replication Type set to server-side default replication type, Namespace Quota set to -1, Space Quota set to -1 
2023-06-02 19:47:18,805 [OM StateMachine ApplyTransaction Thread - 0] INFO  bucket.OMBucketCreateRequest (OMBucketCreateRequest.java:validateAndUpdateCache(270)) - created bucket: 134baa4f-da54-4c4b-bf84-07a8404ac7de of layout FILE_SYSTEM_OPTIMIZED in volume: b9437e9d-9269-4341-ab81-20e7b0cd9243
2023-06-02 19:47:19,616 [IPC Server handler 0 on default port 15001] WARN  node.SCMNodeManager (SCMNodeManager.java:getNodesByAddress(1381)) - Cannot find node for address 127.0.0.1
2023-06-02 19:47:19,617 [IPC Server handler 19 on default port 15001] WARN  node.SCMNodeManager (SCMNodeManager.java:getNodesByAddress(1381)) - Cannot find node for address 127.0.0.1
2023-06-02 19:47:19,618 [IPC Server handler 18 on default port 15001] WARN  node.SCMNodeManager (SCMNodeManager.java:getNodesByAddress(1381)) - Cannot find node for address 127.0.0.1
2023-06-02 19:47:19,618 [IPC Server handler 15 on default port 15001] WARN  node.SCMNodeManager (SCMNodeManager.java:getNodesByAddress(1381)) - Cannot find node for address 127.0.0.1
2023-06-02 19:47:20,390 [IPC Server handler 17 on default port 15001] WARN  node.SCMNodeManager (SCMNodeManager.java:getNodesByAddress(1381)) - Cannot find node for address 127.0.0.1
2023-06-02 19:47:20,391 [IPC Server handler 14 on default port 15001] WARN  node.SCMNodeManager (SCMNodeManager.java:getNodesByAddress(1381)) - Cannot find node for address 127.0.0.1
2023-06-02 19:47:20,392 [IPC Server handler 3 on default port 15001] WARN  node.SCMNodeManager (SCMNodeManager.java:getNodesByAddress(1381)) - Cannot find node for address 127.0.0.1
]]></system-out>
  </testcase>
  <testcase name="testMultipartUploadOverride(ReplicationConfig)[3]" classname="org.apache.hadoop.ozone.client.rpc.TestOzoneRpcClientWithRatis" time="0.819">
    <system-out><![CDATA[2023-06-02 19:47:20,537 [main] INFO  rpc.RpcClient (RpcClient.java:createVolume(459)) - Creating Volume: 647fd48c-2bd6-415b-b6ea-50c2dbd84db9, with runner as owner and space quota set to -1 bytes, counts quota set to -1
2023-06-02 19:47:20,540 [OM StateMachine ApplyTransaction Thread - 0] INFO  volume.OMVolumeCreateRequest (OMVolumeCreateRequest.java:validateAndUpdateCache(196)) - created volume:647fd48c-2bd6-415b-b6ea-50c2dbd84db9 for user:runner
2023-06-02 19:47:20,542 [main] INFO  rpc.RpcClient (RpcClient.java:createBucket(686)) - Creating Bucket: 647fd48c-2bd6-415b-b6ea-50c2dbd84db9/f78133f5-105d-4c10-9d89-d27df486c003, with server-side default bucket layout, runner as owner, Versioning false, Storage Type set to DISK and Encryption set to false, Replication Type set to server-side default replication type, Namespace Quota set to -1, Space Quota set to -1 
2023-06-02 19:47:20,544 [OM StateMachine ApplyTransaction Thread - 0] INFO  bucket.OMBucketCreateRequest (OMBucketCreateRequest.java:validateAndUpdateCache(270)) - created bucket: f78133f5-105d-4c10-9d89-d27df486c003 of layout FILE_SYSTEM_OPTIMIZED in volume: 647fd48c-2bd6-415b-b6ea-50c2dbd84db9
2023-06-02 19:47:20,783 [IPC Server handler 2 on default port 15001] WARN  node.SCMNodeManager (SCMNodeManager.java:getNodesByAddress(1381)) - Cannot find node for address 127.0.0.1
2023-06-02 19:47:20,784 [IPC Server handler 1 on default port 15001] WARN  node.SCMNodeManager (SCMNodeManager.java:getNodesByAddress(1381)) - Cannot find node for address 127.0.0.1
2023-06-02 19:47:21,207 [IPC Server handler 9 on default port 15001] WARN  node.SCMNodeManager (SCMNodeManager.java:getNodesByAddress(1381)) - Cannot find node for address 127.0.0.1
2023-06-02 19:47:21,208 [IPC Server handler 17 on default port 15001] WARN  node.SCMNodeManager (SCMNodeManager.java:getNodesByAddress(1381)) - Cannot find node for address 127.0.0.1
2023-06-02 19:47:21,209 [IPC Server handler 14 on default port 15001] WARN  node.SCMNodeManager (SCMNodeManager.java:getNodesByAddress(1381)) - Cannot find node for address 127.0.0.1
]]></system-out>
  </testcase>
  <testcase name="testMultipartUploadWithACL" classname="org.apache.hadoop.ozone.client.rpc.TestOzoneRpcClientWithRatis" time="0.844">
    <system-out><![CDATA[2023-06-02 19:47:21,355 [main] INFO  rpc.RpcClient (RpcClient.java:createVolume(459)) - Creating Volume: a11dc3c6-c3cc-4a9f-9239-a7219544a03b, with runner as owner and space quota set to -1 bytes, counts quota set to -1
2023-06-02 19:47:21,357 [OM StateMachine ApplyTransaction Thread - 0] INFO  volume.OMVolumeCreateRequest (OMVolumeCreateRequest.java:validateAndUpdateCache(196)) - created volume:a11dc3c6-c3cc-4a9f-9239-a7219544a03b for user:runner
2023-06-02 19:47:21,359 [main] INFO  rpc.RpcClient (RpcClient.java:createBucket(686)) - Creating Bucket: a11dc3c6-c3cc-4a9f-9239-a7219544a03b/0a6cb62b-92fd-496a-9352-e909d0f5fc5e, with bucket layout OBJECT_STORE, runner as owner, Versioning false, Storage Type set to DISK and Encryption set to false, Replication Type set to server-side default replication type, Namespace Quota set to -1, Space Quota set to -1 
2023-06-02 19:47:21,362 [OM StateMachine ApplyTransaction Thread - 0] INFO  bucket.OMBucketCreateRequest (OMBucketCreateRequest.java:validateAndUpdateCache(270)) - created bucket: 0a6cb62b-92fd-496a-9352-e909d0f5fc5e of layout OBJECT_STORE in volume: a11dc3c6-c3cc-4a9f-9239-a7219544a03b
2023-06-02 19:47:21,518 [IPC Server handler 0 on default port 15001] WARN  node.SCMNodeManager (SCMNodeManager.java:getNodesByAddress(1381)) - Cannot find node for address 127.0.0.1
2023-06-02 19:47:21,710 [JvmPauseMonitor7] WARN  util.JvmPauseMonitor (JvmPauseMonitor.java:detectPause(124)) - JvmPauseMonitor-f093f0f1-7dc1-44fa-8249-a003f257e421: Detected pause in JVM or host machine approximately 0.118s with 0.118s GC time.
GC pool 'PS Scavenge' had collection(s): count=1 time=118ms
2023-06-02 19:47:21,710 [JvmPauseMonitor4] WARN  util.JvmPauseMonitor (JvmPauseMonitor.java:detectPause(124)) - JvmPauseMonitor-60ac4d22-094a-4270-8266-44944d79861e: Detected pause in JVM or host machine approximately 0.121s with 0.118s GC time.
GC pool 'PS Scavenge' had collection(s): count=1 time=118ms
2023-06-02 19:47:21,710 [JvmPauseMonitor12] WARN  util.JvmPauseMonitor (JvmPauseMonitor.java:detectPause(124)) - JvmPauseMonitor-c22c8f81-1e38-483d-9a9f-669266df5e1e: Detected pause in JVM or host machine approximately 0.121s with 0.118s GC time.
GC pool 'PS Scavenge' had collection(s): count=1 time=118ms
2023-06-02 19:47:21,710 [JvmPauseMonitor10] WARN  util.JvmPauseMonitor (JvmPauseMonitor.java:detectPause(124)) - JvmPauseMonitor-3444f24d-5019-4db9-b49c-a7d3f58b79dc: Detected pause in JVM or host machine approximately 0.121s with 0.118s GC time.
GC pool 'PS Scavenge' had collection(s): count=1 time=118ms
2023-06-02 19:47:21,710 [JvmPauseMonitor11] WARN  util.JvmPauseMonitor (JvmPauseMonitor.java:detectPause(124)) - JvmPauseMonitor-93e73215-cf0c-4899-893f-1e32053e8cf3: Detected pause in JVM or host machine approximately 0.121s with 0.118s GC time.
GC pool 'PS Scavenge' had collection(s): count=1 time=118ms
2023-06-02 19:47:21,710 [JvmPauseMonitor0] WARN  util.JvmPauseMonitor (JvmPauseMonitor.java:detectPause(124)) - JvmPauseMonitor-07308b00-a365-4b3a-bdcb-530168462b51: Detected pause in JVM or host machine approximately 0.122s with 0.118s GC time.
GC pool 'PS Scavenge' had collection(s): count=1 time=118ms
2023-06-02 19:47:21,710 [JvmPauseMonitor6] WARN  util.JvmPauseMonitor (JvmPauseMonitor.java:detectPause(124)) - JvmPauseMonitor-3e53829d-da6c-4746-b554-01bfe538e40e: Detected pause in JVM or host machine approximately 0.124s with 0.118s GC time.
GC pool 'PS Scavenge' had collection(s): count=1 time=118ms
2023-06-02 19:47:21,711 [JvmPauseMonitor8] WARN  util.JvmPauseMonitor (JvmPauseMonitor.java:detectPause(124)) - JvmPauseMonitor-68e68f39-32fc-4b84-93e4-f20720881325: Detected pause in JVM or host machine approximately 0.129s with 0.118s GC time.
GC pool 'PS Scavenge' had collection(s): count=1 time=118ms
2023-06-02 19:47:21,711 [JvmPauseMonitor3] WARN  util.JvmPauseMonitor (JvmPauseMonitor.java:detectPause(124)) - JvmPauseMonitor-f5a51868-327c-422c-ad14-d572ec0233ee: Detected pause in JVM or host machine approximately 0.130s with 0.118s GC time.
GC pool 'PS Scavenge' had collection(s): count=1 time=118ms
2023-06-02 19:47:21,711 [JvmPauseMonitor9] WARN  util.JvmPauseMonitor (JvmPauseMonitor.java:detectPause(124)) - JvmPauseMonitor-37ff51e8-4d98-426c-9b80-6778ef5a23bd: Detected pause in JVM or host machine approximately 0.129s with 0.118s GC time.
GC pool 'PS Scavenge' had collection(s): count=1 time=118ms
2023-06-02 19:47:21,711 [JvmPauseMonitor2] WARN  util.JvmPauseMonitor (JvmPauseMonitor.java:detectPause(124)) - JvmPauseMonitor-9e7d7045-1d4c-4270-9434-63584a31babd: Detected pause in JVM or host machine approximately 0.129s with 0.118s GC time.
GC pool 'PS Scavenge' had collection(s): count=1 time=118ms
2023-06-02 19:47:21,716 [JvmPauseMonitor15] WARN  util.JvmPauseMonitor (JvmPauseMonitor.java:detectPause(124)) - JvmPauseMonitor-0510a9b5-5640-4405-855a-d41528cb8ad5: Detected pause in JVM or host machine approximately 0.138s with 0.118s GC time.
GC pool 'PS Scavenge' had collection(s): count=1 time=118ms
2023-06-02 19:47:21,716 [JvmPauseMonitor1] WARN  util.JvmPauseMonitor (JvmPauseMonitor.java:detectPause(124)) - JvmPauseMonitor-om1: Detected pause in JVM or host machine approximately 0.138s with 0.118s GC time.
GC pool 'PS Scavenge' had collection(s): count=1 time=118ms
2023-06-02 19:47:21,806 [OM StateMachine ApplyTransaction Thread - 0] WARN  om.OzoneManager (OmMetadataReader.java:checkAcls(506)) - User test-user doesn't have CREATE permission to access key Volume:a11dc3c6-c3cc-4a9f-9239-a7219544a03b Bucket:0a6cb62b-92fd-496a-9352-e909d0f5fc5e Key:49879095-a83c-40f0-b249-ae3681461b59
19:47:21.806 [OM StateMachine ApplyTransaction Thread - 0] ERROR OMAudit - user=test-user | ip=127.0.0.1 | op=INITIATE_MULTIPART_UPLOAD {volume=a11dc3c6-c3cc-4a9f-9239-a7219544a03b, bucket=0a6cb62b-92fd-496a-9352-e909d0f5fc5e, key=49879095-a83c-40f0-b249-ae3681461b59, dataSize=0, replicationType=RATIS, replicationFactor=ONE} | ret=FAILURE
org.apache.hadoop.ozone.om.exceptions.OMException: User test-user doesn't have CREATE permission to access key Volume:a11dc3c6-c3cc-4a9f-9239-a7219544a03b Bucket:0a6cb62b-92fd-496a-9352-e909d0f5fc5e Key:49879095-a83c-40f0-b249-ae3681461b59
	at org.apache.hadoop.ozone.om.OmMetadataReader.checkAcls(OmMetadataReader.java:509) ~[ozone-manager-1.4.0-SNAPSHOT.jar:?]
	at org.apache.hadoop.ozone.om.OmMetadataReader.checkAcls(OmMetadataReader.java:484) ~[ozone-manager-1.4.0-SNAPSHOT.jar:?]
	at org.apache.hadoop.ozone.om.OzoneAclUtils.checkAllAcls(OzoneAclUtils.java:121) ~[ozone-manager-1.4.0-SNAPSHOT.jar:?]
	at org.apache.hadoop.ozone.om.request.OMClientRequest.checkAcls(OMClientRequest.java:364) ~[ozone-manager-1.4.0-SNAPSHOT.jar:?]
	at org.apache.hadoop.ozone.om.request.OMClientRequest.checkAcls(OMClientRequest.java:215) ~[ozone-manager-1.4.0-SNAPSHOT.jar:?]
	at org.apache.hadoop.ozone.om.request.key.OMKeyRequest.checkKeyAcls(OMKeyRequest.java:343) ~[ozone-manager-1.4.0-SNAPSHOT.jar:?]
	at org.apache.hadoop.ozone.om.request.s3.multipart.S3InitiateMultipartUploadRequest.validateAndUpdateCache(S3InitiateMultipartUploadRequest.java:146) ~[ozone-manager-1.4.0-SNAPSHOT.jar:?]
	at org.apache.hadoop.ozone.protocolPB.OzoneManagerRequestHandler.handleWriteRequest(OzoneManagerRequestHandler.java:338) ~[ozone-manager-1.4.0-SNAPSHOT.jar:?]
	at org.apache.hadoop.ozone.om.ratis.OzoneManagerStateMachine.runCommand(OzoneManagerStateMachine.java:567) ~[ozone-manager-1.4.0-SNAPSHOT.jar:?]
	at org.apache.hadoop.ozone.om.ratis.OzoneManagerStateMachine.lambda$1(OzoneManagerStateMachine.java:358) ~[ozone-manager-1.4.0-SNAPSHOT.jar:?]
	at java.util.concurrent.CompletableFuture$AsyncSupply.run(CompletableFuture.java:1604) [?:1.8.0_372]
	at java.util.concurrent.ThreadPoolExecutor.runWorker(ThreadPoolExecutor.java:1149) [?:1.8.0_372]
	at java.util.concurrent.ThreadPoolExecutor$Worker.run(ThreadPoolExecutor.java:624) [?:1.8.0_372]
	at java.lang.Thread.run(Thread.java:750) [?:1.8.0_372]
2023-06-02 19:47:21,807 [OM StateMachine ApplyTransaction Thread - 0] ERROR multipart.S3InitiateMultipartUploadRequest (S3InitiateMultipartUploadRequest.java:logResult(269)) - S3 InitiateMultipart Upload request for Key 49879095-a83c-40f0-b249-ae3681461b59 in Volume/Bucket a11dc3c6-c3cc-4a9f-9239-a7219544a03b/0a6cb62b-92fd-496a-9352-e909d0f5fc5e is failed
PERMISSION_DENIED org.apache.hadoop.ozone.om.exceptions.OMException: User test-user doesn't have CREATE permission to access key Volume:a11dc3c6-c3cc-4a9f-9239-a7219544a03b Bucket:0a6cb62b-92fd-496a-9352-e909d0f5fc5e Key:49879095-a83c-40f0-b249-ae3681461b59
	at org.apache.hadoop.ozone.om.OmMetadataReader.checkAcls(OmMetadataReader.java:509)
	at org.apache.hadoop.ozone.om.OmMetadataReader.checkAcls(OmMetadataReader.java:484)
	at org.apache.hadoop.ozone.om.OzoneAclUtils.checkAllAcls(OzoneAclUtils.java:121)
	at org.apache.hadoop.ozone.om.request.OMClientRequest.checkAcls(OMClientRequest.java:364)
	at org.apache.hadoop.ozone.om.request.OMClientRequest.checkAcls(OMClientRequest.java:215)
	at org.apache.hadoop.ozone.om.request.key.OMKeyRequest.checkKeyAcls(OMKeyRequest.java:343)
	at org.apache.hadoop.ozone.om.request.s3.multipart.S3InitiateMultipartUploadRequest.validateAndUpdateCache(S3InitiateMultipartUploadRequest.java:146)
	at org.apache.hadoop.ozone.protocolPB.OzoneManagerRequestHandler.handleWriteRequest(OzoneManagerRequestHandler.java:338)
	at org.apache.hadoop.ozone.om.ratis.OzoneManagerStateMachine.runCommand(OzoneManagerStateMachine.java:567)
	at org.apache.hadoop.ozone.om.ratis.OzoneManagerStateMachine.lambda$1(OzoneManagerStateMachine.java:358)
	at java.util.concurrent.CompletableFuture$AsyncSupply.run(CompletableFuture.java:1604)
	at java.util.concurrent.ThreadPoolExecutor.runWorker(ThreadPoolExecutor.java:1149)
	at java.util.concurrent.ThreadPoolExecutor$Worker.run(ThreadPoolExecutor.java:624)
	at java.lang.Thread.run(Thread.java:750)
2023-06-02 19:47:22,194 [IPC Server handler 19 on default port 15004] WARN  om.OzoneManager (OmMetadataReader.java:checkAcls(506)) - User test-user doesn't have READ permission to access key Volume:a11dc3c6-c3cc-4a9f-9239-a7219544a03b Bucket:0a6cb62b-92fd-496a-9352-e909d0f5fc5e Key:e624a679-dfea-4cf9-b8e0-c69afaa93b96
19:47:22.198 [IPC Server handler 19 on default port 15004] ERROR OMAudit - user=test-user | ip=127.0.0.1 | op=READ_KEY {volume=a11dc3c6-c3cc-4a9f-9239-a7219544a03b, bucket=0a6cb62b-92fd-496a-9352-e909d0f5fc5e, key=e624a679-dfea-4cf9-b8e0-c69afaa93b96, dataSize=0, replicationConfig=null} | ret=FAILURE
org.apache.hadoop.ozone.om.exceptions.OMException: User test-user doesn't have READ permission to access key Volume:a11dc3c6-c3cc-4a9f-9239-a7219544a03b Bucket:0a6cb62b-92fd-496a-9352-e909d0f5fc5e Key:e624a679-dfea-4cf9-b8e0-c69afaa93b96
	at org.apache.hadoop.ozone.om.OmMetadataReader.checkAcls(OmMetadataReader.java:509) ~[ozone-manager-1.4.0-SNAPSHOT.jar:?]
	at org.apache.hadoop.ozone.om.OmMetadataReader.checkAcls(OmMetadataReader.java:484) ~[ozone-manager-1.4.0-SNAPSHOT.jar:?]
	at org.apache.hadoop.ozone.om.OzoneAclUtils.checkAllAcls(OzoneAclUtils.java:121) ~[ozone-manager-1.4.0-SNAPSHOT.jar:?]
	at org.apache.hadoop.ozone.om.OmMetadataReader.checkAcls(OmMetadataReader.java:446) ~[ozone-manager-1.4.0-SNAPSHOT.jar:?]
	at org.apache.hadoop.ozone.om.OmMetadataReader.lambda$3(OmMetadataReader.java:202) ~[ozone-manager-1.4.0-SNAPSHOT.jar:?]
	at org.apache.hadoop.util.MetricUtil.captureLatencyNs(MetricUtil.java:48) ~[hdds-common-1.4.0-SNAPSHOT.jar:?]
	at org.apache.hadoop.ozone.om.OmMetadataReader.getKeyInfo(OmMetadataReader.java:201) ~[ozone-manager-1.4.0-SNAPSHOT.jar:?]
	at org.apache.hadoop.ozone.om.OzoneManager.getKeyInfo(OzoneManager.java:2793) ~[ozone-manager-1.4.0-SNAPSHOT.jar:?]
	at org.apache.hadoop.ozone.protocolPB.OzoneManagerRequestHandler.getKeyInfo(OzoneManagerRequestHandler.java:550) ~[ozone-manager-1.4.0-SNAPSHOT.jar:?]
	at org.apache.hadoop.ozone.protocolPB.OzoneManagerRequestHandler.handleReadRequest(OzoneManagerRequestHandler.java:293) ~[ozone-manager-1.4.0-SNAPSHOT.jar:?]
	at org.apache.hadoop.ozone.protocolPB.OzoneManagerProtocolServerSideTranslatorPB.submitReadRequestToOM(OzoneManagerProtocolServerSideTranslatorPB.java:223) ~[ozone-manager-1.4.0-SNAPSHOT.jar:?]
	at org.apache.hadoop.ozone.protocolPB.OzoneManagerProtocolServerSideTranslatorPB.processRequest(OzoneManagerProtocolServerSideTranslatorPB.java:177) ~[ozone-manager-1.4.0-SNAPSHOT.jar:?]
	at org.apache.hadoop.hdds.server.OzoneProtocolMessageDispatcher.processRequest(OzoneProtocolMessageDispatcher.java:87) [hdds-server-framework-1.4.0-SNAPSHOT.jar:?]
	at org.apache.hadoop.ozone.protocolPB.OzoneManagerProtocolServerSideTranslatorPB.submitRequest(OzoneManagerProtocolServerSideTranslatorPB.java:147) [ozone-manager-1.4.0-SNAPSHOT.jar:?]
	at org.apache.hadoop.ozone.protocol.proto.OzoneManagerProtocolProtos$OzoneManagerService$2.callBlockingMethod(OzoneManagerProtocolProtos.java) [ozone-interface-client-1.4.0-SNAPSHOT.jar:?]
	at org.apache.hadoop.ipc.ProtobufRpcEngine$Server.processCall(ProtobufRpcEngine.java:484) [hadoop-common-3.3.5.jar:?]
	at org.apache.hadoop.ipc.ProtobufRpcEngine2$Server$ProtoBufRpcInvoker.call(ProtobufRpcEngine2.java:595) [hadoop-common-3.3.5.jar:?]
	at org.apache.hadoop.ipc.ProtobufRpcEngine2$Server$ProtoBufRpcInvoker.call(ProtobufRpcEngine2.java:573) [hadoop-common-3.3.5.jar:?]
	at org.apache.hadoop.ipc.RPC$Server.call(RPC.java:1213) [hadoop-common-3.3.5.jar:?]
	at org.apache.hadoop.ipc.Server$RpcCall.run(Server.java:1089) [hadoop-common-3.3.5.jar:?]
	at org.apache.hadoop.ipc.Server$RpcCall.run(Server.java:1012) [hadoop-common-3.3.5.jar:?]
	at java.security.AccessController.doPrivileged(Native Method) ~[?:1.8.0_372]
	at javax.security.auth.Subject.doAs(Subject.java:422) [?:1.8.0_372]
	at org.apache.hadoop.security.UserGroupInformation.doAs(UserGroupInformation.java:1899) [hadoop-common-3.3.5.jar:?]
	at org.apache.hadoop.ipc.Server$Handler.run(Server.java:3026) [hadoop-common-3.3.5.jar:?]
]]></system-out>
  </testcase>
  <testcase name="testMultipartUploadWithMissingParts" classname="org.apache.hadoop.ozone.client.rpc.TestOzoneRpcClientWithRatis" time="0.038">
    <system-out><![CDATA[2023-06-02 19:47:22,200 [main] INFO  rpc.RpcClient (RpcClient.java:createVolume(459)) - Creating Volume: 0afc21ff-d63f-447e-acc7-80b5995a8df8, with runner as owner and space quota set to -1 bytes, counts quota set to -1
2023-06-02 19:47:22,203 [OM StateMachine ApplyTransaction Thread - 0] INFO  volume.OMVolumeCreateRequest (OMVolumeCreateRequest.java:validateAndUpdateCache(196)) - created volume:0afc21ff-d63f-447e-acc7-80b5995a8df8 for user:runner
2023-06-02 19:47:22,205 [main] INFO  rpc.RpcClient (RpcClient.java:createBucket(686)) - Creating Bucket: 0afc21ff-d63f-447e-acc7-80b5995a8df8/a937c60e-3ff4-4618-90a3-16116c414739, with server-side default bucket layout, runner as owner, Versioning false, Storage Type set to DISK and Encryption set to false, Replication Type set to server-side default replication type, Namespace Quota set to -1, Space Quota set to -1 
2023-06-02 19:47:22,206 [OM StateMachine ApplyTransaction Thread - 0] INFO  bucket.OMBucketCreateRequest (OMBucketCreateRequest.java:validateAndUpdateCache(270)) - created bucket: a937c60e-3ff4-4618-90a3-16116c414739 of layout FILE_SYSTEM_OPTIMIZED in volume: 0afc21ff-d63f-447e-acc7-80b5995a8df8
19:47:22.236 [OM StateMachine ApplyTransaction Thread - 0] ERROR OMAudit - user=runner | ip=127.0.0.1 | op=COMPLETE_MULTIPART_UPLOAD {volume=0afc21ff-d63f-447e-acc7-80b5995a8df8, bucket=a937c60e-3ff4-4618-90a3-16116c414739, key=398b9fae-1a69-4d44-9b2b-31a6489ffe41, dataSize=0, replicationType=NONE, replicationFactor=ZERO, multipartList=[partNumber: 3 partName: "random" ]} | ret=FAILURE
org.apache.hadoop.ozone.om.exceptions.OMException: Complete Multipart Upload Failed: volume: 0afc21ff-d63f-447e-acc7-80b5995a8df8 bucket: a937c60e-3ff4-4618-90a3-16116c414739 key: 398b9fae-1a69-4d44-9b2b-31a6489ffe41. Provided Part info is { random, 3}, whereas OM has partName null
	at org.apache.hadoop.ozone.om.request.s3.multipart.S3MultipartUploadCompleteRequest.getMultipartDataSize(S3MultipartUploadCompleteRequest.java:502) ~[ozone-manager-1.4.0-SNAPSHOT.jar:?]
	at org.apache.hadoop.ozone.om.request.s3.multipart.S3MultipartUploadCompleteRequest.validateAndUpdateCache(S3MultipartUploadCompleteRequest.java:195) ~[ozone-manager-1.4.0-SNAPSHOT.jar:?]
	at org.apache.hadoop.ozone.protocolPB.OzoneManagerRequestHandler.handleWriteRequest(OzoneManagerRequestHandler.java:338) ~[ozone-manager-1.4.0-SNAPSHOT.jar:?]
	at org.apache.hadoop.ozone.om.ratis.OzoneManagerStateMachine.runCommand(OzoneManagerStateMachine.java:567) ~[ozone-manager-1.4.0-SNAPSHOT.jar:?]
	at org.apache.hadoop.ozone.om.ratis.OzoneManagerStateMachine.lambda$1(OzoneManagerStateMachine.java:358) ~[ozone-manager-1.4.0-SNAPSHOT.jar:?]
	at java.util.concurrent.CompletableFuture$AsyncSupply.run(CompletableFuture.java:1604) [?:1.8.0_372]
	at java.util.concurrent.ThreadPoolExecutor.runWorker(ThreadPoolExecutor.java:1149) [?:1.8.0_372]
	at java.util.concurrent.ThreadPoolExecutor$Worker.run(ThreadPoolExecutor.java:624) [?:1.8.0_372]
	at java.lang.Thread.run(Thread.java:750) [?:1.8.0_372]
2023-06-02 19:47:22,237 [OM StateMachine ApplyTransaction Thread - 0] ERROR multipart.S3MultipartUploadCompleteRequest (S3MultipartUploadCompleteRequest.java:logResult(346)) - MultipartUpload Complete request failed for Key: 398b9fae-1a69-4d44-9b2b-31a6489ffe41 in Volume/Bucket 0afc21ff-d63f-447e-acc7-80b5995a8df8/a937c60e-3ff4-4618-90a3-16116c414739
INVALID_PART org.apache.hadoop.ozone.om.exceptions.OMException: Complete Multipart Upload Failed: volume: 0afc21ff-d63f-447e-acc7-80b5995a8df8 bucket: a937c60e-3ff4-4618-90a3-16116c414739 key: 398b9fae-1a69-4d44-9b2b-31a6489ffe41. Provided Part info is { random, 3}, whereas OM has partName null
	at org.apache.hadoop.ozone.om.request.s3.multipart.S3MultipartUploadCompleteRequest.getMultipartDataSize(S3MultipartUploadCompleteRequest.java:502)
	at org.apache.hadoop.ozone.om.request.s3.multipart.S3MultipartUploadCompleteRequest.validateAndUpdateCache(S3MultipartUploadCompleteRequest.java:195)
	at org.apache.hadoop.ozone.protocolPB.OzoneManagerRequestHandler.handleWriteRequest(OzoneManagerRequestHandler.java:338)
	at org.apache.hadoop.ozone.om.ratis.OzoneManagerStateMachine.runCommand(OzoneManagerStateMachine.java:567)
	at org.apache.hadoop.ozone.om.ratis.OzoneManagerStateMachine.lambda$1(OzoneManagerStateMachine.java:358)
	at java.util.concurrent.CompletableFuture$AsyncSupply.run(CompletableFuture.java:1604)
	at java.util.concurrent.ThreadPoolExecutor.runWorker(ThreadPoolExecutor.java:1149)
	at java.util.concurrent.ThreadPoolExecutor$Worker.run(ThreadPoolExecutor.java:624)
	at java.lang.Thread.run(Thread.java:750)
]]></system-out>
  </testcase>
  <testcase name="testMultipartUploadWithPartsLessThanMinSize" classname="org.apache.hadoop.ozone.client.rpc.TestOzoneRpcClientWithRatis" time="0.042">
    <system-out><![CDATA[2023-06-02 19:47:22,239 [main] INFO  rpc.RpcClient (RpcClient.java:createVolume(459)) - Creating Volume: 2f1a7b72-4af1-434b-b426-0304816b2880, with runner as owner and space quota set to -1 bytes, counts quota set to -1
2023-06-02 19:47:22,241 [OM StateMachine ApplyTransaction Thread - 0] INFO  volume.OMVolumeCreateRequest (OMVolumeCreateRequest.java:validateAndUpdateCache(196)) - created volume:2f1a7b72-4af1-434b-b426-0304816b2880 for user:runner
2023-06-02 19:47:22,242 [main] INFO  rpc.RpcClient (RpcClient.java:createBucket(686)) - Creating Bucket: 2f1a7b72-4af1-434b-b426-0304816b2880/56cf7272-95c8-4521-839b-ac0eafeeec25, with server-side default bucket layout, runner as owner, Versioning false, Storage Type set to DISK and Encryption set to false, Replication Type set to server-side default replication type, Namespace Quota set to -1, Space Quota set to -1 
2023-06-02 19:47:22,243 [OM StateMachine ApplyTransaction Thread - 0] INFO  bucket.OMBucketCreateRequest (OMBucketCreateRequest.java:validateAndUpdateCache(270)) - created bucket: 56cf7272-95c8-4521-839b-ac0eafeeec25 of layout FILE_SYSTEM_OPTIMIZED in volume: 2f1a7b72-4af1-434b-b426-0304816b2880
2023-06-02 19:47:22,279 [OM StateMachine ApplyTransaction Thread - 0] ERROR multipart.S3MultipartUploadCompleteRequest (S3MultipartUploadCompleteRequest.java:getMultipartDataSize(521)) - MultipartUpload: /2f1a7b72-4af1-434b-b426-0304816b2880/56cf7272-95c8-4521-839b-ac0eafeeec25/0fda5f8b-a189-4207-8282-a23cabfbbb8e Part number: 1 size 4  is less than minimum part size 5242880
19:47:22.279 [OM StateMachine ApplyTransaction Thread - 0] ERROR OMAudit - user=runner | ip=127.0.0.1 | op=COMPLETE_MULTIPART_UPLOAD {volume=2f1a7b72-4af1-434b-b426-0304816b2880, bucket=56cf7272-95c8-4521-839b-ac0eafeeec25, key=0fda5f8b-a189-4207-8282-a23cabfbbb8e, dataSize=0, replicationType=NONE, replicationFactor=ZERO, multipartList=[partNumber: 1 partName: "/2f1a7b72-4af1-434b-b426-0304816b2880/56cf7272-95c8-4521-839b-ac0eafeeec25/0fda5f8b-a189-4207-8282-a23cabfbbb8e-bde99ad0-f32f-4a84-a722-5c57f29f3935-110476344835768570-1" , partNumber: 2 partName: "/2f1a7b72-4af1-434b-b426-0304816b2880/56cf7272-95c8-4521-839b-ac0eafeeec25/0fda5f8b-a189-4207-8282-a23cabfbbb8e-bde99ad0-f32f-4a84-a722-5c57f29f3935-110476344835768570-2" ]} | ret=FAILURE
org.apache.hadoop.ozone.om.exceptions.OMException: Complete Multipart Upload Failed: volume: 2f1a7b72-4af1-434b-b426-0304816b2880 bucket: 56cf7272-95c8-4521-839b-ac0eafeeec25 key: 0fda5f8b-a189-4207-8282-a23cabfbbb8e. Entity too small.
	at org.apache.hadoop.ozone.om.request.s3.multipart.S3MultipartUploadCompleteRequest.getMultipartDataSize(S3MultipartUploadCompleteRequest.java:525) ~[ozone-manager-1.4.0-SNAPSHOT.jar:?]
	at org.apache.hadoop.ozone.om.request.s3.multipart.S3MultipartUploadCompleteRequest.validateAndUpdateCache(S3MultipartUploadCompleteRequest.java:195) ~[ozone-manager-1.4.0-SNAPSHOT.jar:?]
	at org.apache.hadoop.ozone.protocolPB.OzoneManagerRequestHandler.handleWriteRequest(OzoneManagerRequestHandler.java:338) ~[ozone-manager-1.4.0-SNAPSHOT.jar:?]
	at org.apache.hadoop.ozone.om.ratis.OzoneManagerStateMachine.runCommand(OzoneManagerStateMachine.java:567) ~[ozone-manager-1.4.0-SNAPSHOT.jar:?]
	at org.apache.hadoop.ozone.om.ratis.OzoneManagerStateMachine.lambda$1(OzoneManagerStateMachine.java:358) ~[ozone-manager-1.4.0-SNAPSHOT.jar:?]
	at java.util.concurrent.CompletableFuture$AsyncSupply.run(CompletableFuture.java:1604) [?:1.8.0_372]
	at java.util.concurrent.ThreadPoolExecutor.runWorker(ThreadPoolExecutor.java:1149) [?:1.8.0_372]
	at java.util.concurrent.ThreadPoolExecutor$Worker.run(ThreadPoolExecutor.java:624) [?:1.8.0_372]
	at java.lang.Thread.run(Thread.java:750) [?:1.8.0_372]
2023-06-02 19:47:22,279 [OM StateMachine ApplyTransaction Thread - 0] ERROR multipart.S3MultipartUploadCompleteRequest (S3MultipartUploadCompleteRequest.java:logResult(346)) - MultipartUpload Complete request failed for Key: 0fda5f8b-a189-4207-8282-a23cabfbbb8e in Volume/Bucket 2f1a7b72-4af1-434b-b426-0304816b2880/56cf7272-95c8-4521-839b-ac0eafeeec25
ENTITY_TOO_SMALL org.apache.hadoop.ozone.om.exceptions.OMException: Complete Multipart Upload Failed: volume: 2f1a7b72-4af1-434b-b426-0304816b2880 bucket: 56cf7272-95c8-4521-839b-ac0eafeeec25 key: 0fda5f8b-a189-4207-8282-a23cabfbbb8e. Entity too small.
	at org.apache.hadoop.ozone.om.request.s3.multipart.S3MultipartUploadCompleteRequest.getMultipartDataSize(S3MultipartUploadCompleteRequest.java:525)
	at org.apache.hadoop.ozone.om.request.s3.multipart.S3MultipartUploadCompleteRequest.validateAndUpdateCache(S3MultipartUploadCompleteRequest.java:195)
	at org.apache.hadoop.ozone.protocolPB.OzoneManagerRequestHandler.handleWriteRequest(OzoneManagerRequestHandler.java:338)
	at org.apache.hadoop.ozone.om.ratis.OzoneManagerStateMachine.runCommand(OzoneManagerStateMachine.java:567)
	at org.apache.hadoop.ozone.om.ratis.OzoneManagerStateMachine.lambda$1(OzoneManagerStateMachine.java:358)
	at java.util.concurrent.CompletableFuture$AsyncSupply.run(CompletableFuture.java:1604)
	at java.util.concurrent.ThreadPoolExecutor.runWorker(ThreadPoolExecutor.java:1149)
	at java.util.concurrent.ThreadPoolExecutor$Worker.run(ThreadPoolExecutor.java:624)
	at java.lang.Thread.run(Thread.java:750)
]]></system-out>
  </testcase>
  <testcase name="testMultipartUploadWithPartsMisMatchWithIncorrectPartName" classname="org.apache.hadoop.ozone.client.rpc.TestOzoneRpcClientWithRatis" time="0.031">
    <system-out><![CDATA[2023-06-02 19:47:22,281 [main] INFO  rpc.RpcClient (RpcClient.java:createVolume(459)) - Creating Volume: f4194989-46ec-4df1-8bac-285f9b2539fd, with runner as owner and space quota set to -1 bytes, counts quota set to -1
2023-06-02 19:47:22,283 [OM StateMachine ApplyTransaction Thread - 0] INFO  volume.OMVolumeCreateRequest (OMVolumeCreateRequest.java:validateAndUpdateCache(196)) - created volume:f4194989-46ec-4df1-8bac-285f9b2539fd for user:runner
2023-06-02 19:47:22,284 [main] INFO  rpc.RpcClient (RpcClient.java:createBucket(686)) - Creating Bucket: f4194989-46ec-4df1-8bac-285f9b2539fd/318dd20a-ae98-4cc7-95fa-db30254f7764, with server-side default bucket layout, runner as owner, Versioning false, Storage Type set to DISK and Encryption set to false, Replication Type set to server-side default replication type, Namespace Quota set to -1, Space Quota set to -1 
2023-06-02 19:47:22,286 [OM StateMachine ApplyTransaction Thread - 0] INFO  bucket.OMBucketCreateRequest (OMBucketCreateRequest.java:validateAndUpdateCache(270)) - created bucket: 318dd20a-ae98-4cc7-95fa-db30254f7764 of layout FILE_SYSTEM_OPTIMIZED in volume: f4194989-46ec-4df1-8bac-285f9b2539fd
19:47:22.310 [OM StateMachine ApplyTransaction Thread - 0] ERROR OMAudit - user=runner | ip=127.0.0.1 | op=COMPLETE_MULTIPART_UPLOAD {volume=f4194989-46ec-4df1-8bac-285f9b2539fd, bucket=318dd20a-ae98-4cc7-95fa-db30254f7764, key=b14bb776-278d-46aa-8b53-5a205aaf3f0a, dataSize=0, replicationType=NONE, replicationFactor=ZERO, multipartList=[partNumber: 1 partName: "8503418b-b20d-4845-a13b-539636fb4381" ]} | ret=FAILURE
org.apache.hadoop.ozone.om.exceptions.OMException: Complete Multipart Upload Failed: volume: f4194989-46ec-4df1-8bac-285f9b2539fd bucket: 318dd20a-ae98-4cc7-95fa-db30254f7764 key: b14bb776-278d-46aa-8b53-5a205aaf3f0a. Provided Part info is { 8503418b-b20d-4845-a13b-539636fb4381, 1}, whereas OM has partName /f4194989-46ec-4df1-8bac-285f9b2539fd/318dd20a-ae98-4cc7-95fa-db30254f7764/b14bb776-278d-46aa-8b53-5a205aaf3f0a-14203574-b71f-47c3-a313-a89adced10f8-110476344838586621-1
	at org.apache.hadoop.ozone.om.request.s3.multipart.S3MultipartUploadCompleteRequest.getMultipartDataSize(S3MultipartUploadCompleteRequest.java:502) ~[ozone-manager-1.4.0-SNAPSHOT.jar:?]
	at org.apache.hadoop.ozone.om.request.s3.multipart.S3MultipartUploadCompleteRequest.validateAndUpdateCache(S3MultipartUploadCompleteRequest.java:195) ~[ozone-manager-1.4.0-SNAPSHOT.jar:?]
	at org.apache.hadoop.ozone.protocolPB.OzoneManagerRequestHandler.handleWriteRequest(OzoneManagerRequestHandler.java:338) ~[ozone-manager-1.4.0-SNAPSHOT.jar:?]
	at org.apache.hadoop.ozone.om.ratis.OzoneManagerStateMachine.runCommand(OzoneManagerStateMachine.java:567) ~[ozone-manager-1.4.0-SNAPSHOT.jar:?]
	at org.apache.hadoop.ozone.om.ratis.OzoneManagerStateMachine.lambda$1(OzoneManagerStateMachine.java:358) ~[ozone-manager-1.4.0-SNAPSHOT.jar:?]
	at java.util.concurrent.CompletableFuture$AsyncSupply.run(CompletableFuture.java:1604) [?:1.8.0_372]
	at java.util.concurrent.ThreadPoolExecutor.runWorker(ThreadPoolExecutor.java:1149) [?:1.8.0_372]
	at java.util.concurrent.ThreadPoolExecutor$Worker.run(ThreadPoolExecutor.java:624) [?:1.8.0_372]
	at java.lang.Thread.run(Thread.java:750) [?:1.8.0_372]
2023-06-02 19:47:22,311 [OM StateMachine ApplyTransaction Thread - 0] ERROR multipart.S3MultipartUploadCompleteRequest (S3MultipartUploadCompleteRequest.java:logResult(346)) - MultipartUpload Complete request failed for Key: b14bb776-278d-46aa-8b53-5a205aaf3f0a in Volume/Bucket f4194989-46ec-4df1-8bac-285f9b2539fd/318dd20a-ae98-4cc7-95fa-db30254f7764
INVALID_PART org.apache.hadoop.ozone.om.exceptions.OMException: Complete Multipart Upload Failed: volume: f4194989-46ec-4df1-8bac-285f9b2539fd bucket: 318dd20a-ae98-4cc7-95fa-db30254f7764 key: b14bb776-278d-46aa-8b53-5a205aaf3f0a. Provided Part info is { 8503418b-b20d-4845-a13b-539636fb4381, 1}, whereas OM has partName /f4194989-46ec-4df1-8bac-285f9b2539fd/318dd20a-ae98-4cc7-95fa-db30254f7764/b14bb776-278d-46aa-8b53-5a205aaf3f0a-14203574-b71f-47c3-a313-a89adced10f8-110476344838586621-1
	at org.apache.hadoop.ozone.om.request.s3.multipart.S3MultipartUploadCompleteRequest.getMultipartDataSize(S3MultipartUploadCompleteRequest.java:502)
	at org.apache.hadoop.ozone.om.request.s3.multipart.S3MultipartUploadCompleteRequest.validateAndUpdateCache(S3MultipartUploadCompleteRequest.java:195)
	at org.apache.hadoop.ozone.protocolPB.OzoneManagerRequestHandler.handleWriteRequest(OzoneManagerRequestHandler.java:338)
	at org.apache.hadoop.ozone.om.ratis.OzoneManagerStateMachine.runCommand(OzoneManagerStateMachine.java:567)
	at org.apache.hadoop.ozone.om.ratis.OzoneManagerStateMachine.lambda$1(OzoneManagerStateMachine.java:358)
	at java.util.concurrent.CompletableFuture$AsyncSupply.run(CompletableFuture.java:1604)
	at java.util.concurrent.ThreadPoolExecutor.runWorker(ThreadPoolExecutor.java:1149)
	at java.util.concurrent.ThreadPoolExecutor$Worker.run(ThreadPoolExecutor.java:624)
	at java.lang.Thread.run(Thread.java:750)
]]></system-out>
  </testcase>
  <testcase name="testMultipartUploadWithPartsMisMatchWithListSizeDifferent" classname="org.apache.hadoop.ozone.client.rpc.TestOzoneRpcClientWithRatis" time="0.014">
    <system-out><![CDATA[2023-06-02 19:47:22,313 [main] INFO  rpc.RpcClient (RpcClient.java:createVolume(459)) - Creating Volume: 85297c21-501c-45e3-8e9b-8e234717f0e7, with runner as owner and space quota set to -1 bytes, counts quota set to -1
2023-06-02 19:47:22,315 [OM StateMachine ApplyTransaction Thread - 0] INFO  volume.OMVolumeCreateRequest (OMVolumeCreateRequest.java:validateAndUpdateCache(196)) - created volume:85297c21-501c-45e3-8e9b-8e234717f0e7 for user:runner
2023-06-02 19:47:22,316 [main] INFO  rpc.RpcClient (RpcClient.java:createBucket(686)) - Creating Bucket: 85297c21-501c-45e3-8e9b-8e234717f0e7/291029a0-3182-48a9-9b0e-7ca2965ec095, with server-side default bucket layout, runner as owner, Versioning false, Storage Type set to DISK and Encryption set to false, Replication Type set to server-side default replication type, Namespace Quota set to -1, Space Quota set to -1 
2023-06-02 19:47:22,318 [OM StateMachine ApplyTransaction Thread - 0] INFO  bucket.OMBucketCreateRequest (OMBucketCreateRequest.java:validateAndUpdateCache(270)) - created bucket: 291029a0-3182-48a9-9b0e-7ca2965ec095 of layout FILE_SYSTEM_OPTIMIZED in volume: 85297c21-501c-45e3-8e9b-8e234717f0e7
2023-06-02 19:47:22,325 [OM StateMachine ApplyTransaction Thread - 0] ERROR multipart.S3MultipartUploadCompleteRequest (S3MultipartUploadCompleteRequest.java:validateAndUpdateCache(181)) - Complete MultipartUpload failed for key /85297c21-501c-45e3-8e9b-8e234717f0e7/291029a0-3182-48a9-9b0e-7ca2965ec095/6e654fa9-88f3-4571-8bf8-e686f82c32b4 , MPU Key has no parts in OM, parts given to upload are [partNumber: 1
partName: "22d07490-1c8a-4332-bd3b-a3c4de00b902"
]
19:47:22.325 [OM StateMachine ApplyTransaction Thread - 0] ERROR OMAudit - user=runner | ip=127.0.0.1 | op=COMPLETE_MULTIPART_UPLOAD {volume=85297c21-501c-45e3-8e9b-8e234717f0e7, bucket=291029a0-3182-48a9-9b0e-7ca2965ec095, key=6e654fa9-88f3-4571-8bf8-e686f82c32b4, dataSize=0, replicationType=NONE, replicationFactor=ZERO, multipartList=[partNumber: 1 partName: "22d07490-1c8a-4332-bd3b-a3c4de00b902" ]} | ret=FAILURE
org.apache.hadoop.ozone.om.exceptions.OMException: Complete Multipart Upload Failed: volume: 85297c21-501c-45e3-8e9b-8e234717f0e7 bucket: 291029a0-3182-48a9-9b0e-7ca2965ec095 key: 6e654fa9-88f3-4571-8bf8-e686f82c32b4
	at org.apache.hadoop.ozone.om.request.s3.multipart.S3MultipartUploadCompleteRequest.validateAndUpdateCache(S3MultipartUploadCompleteRequest.java:184) ~[ozone-manager-1.4.0-SNAPSHOT.jar:?]
	at org.apache.hadoop.ozone.protocolPB.OzoneManagerRequestHandler.handleWriteRequest(OzoneManagerRequestHandler.java:338) ~[ozone-manager-1.4.0-SNAPSHOT.jar:?]
	at org.apache.hadoop.ozone.om.ratis.OzoneManagerStateMachine.runCommand(OzoneManagerStateMachine.java:567) ~[ozone-manager-1.4.0-SNAPSHOT.jar:?]
	at org.apache.hadoop.ozone.om.ratis.OzoneManagerStateMachine.lambda$1(OzoneManagerStateMachine.java:358) ~[ozone-manager-1.4.0-SNAPSHOT.jar:?]
	at java.util.concurrent.CompletableFuture$AsyncSupply.run(CompletableFuture.java:1604) [?:1.8.0_372]
	at java.util.concurrent.ThreadPoolExecutor.runWorker(ThreadPoolExecutor.java:1149) [?:1.8.0_372]
	at java.util.concurrent.ThreadPoolExecutor$Worker.run(ThreadPoolExecutor.java:624) [?:1.8.0_372]
	at java.lang.Thread.run(Thread.java:750) [?:1.8.0_372]
2023-06-02 19:47:22,325 [OM StateMachine ApplyTransaction Thread - 0] ERROR multipart.S3MultipartUploadCompleteRequest (S3MultipartUploadCompleteRequest.java:logResult(346)) - MultipartUpload Complete request failed for Key: 6e654fa9-88f3-4571-8bf8-e686f82c32b4 in Volume/Bucket 85297c21-501c-45e3-8e9b-8e234717f0e7/291029a0-3182-48a9-9b0e-7ca2965ec095
INVALID_PART org.apache.hadoop.ozone.om.exceptions.OMException: Complete Multipart Upload Failed: volume: 85297c21-501c-45e3-8e9b-8e234717f0e7 bucket: 291029a0-3182-48a9-9b0e-7ca2965ec095 key: 6e654fa9-88f3-4571-8bf8-e686f82c32b4
	at org.apache.hadoop.ozone.om.request.s3.multipart.S3MultipartUploadCompleteRequest.validateAndUpdateCache(S3MultipartUploadCompleteRequest.java:184)
	at org.apache.hadoop.ozone.protocolPB.OzoneManagerRequestHandler.handleWriteRequest(OzoneManagerRequestHandler.java:338)
	at org.apache.hadoop.ozone.om.ratis.OzoneManagerStateMachine.runCommand(OzoneManagerStateMachine.java:567)
	at org.apache.hadoop.ozone.om.ratis.OzoneManagerStateMachine.lambda$1(OzoneManagerStateMachine.java:358)
	at java.util.concurrent.CompletableFuture$AsyncSupply.run(CompletableFuture.java:1604)
	at java.util.concurrent.ThreadPoolExecutor.runWorker(ThreadPoolExecutor.java:1149)
	at java.util.concurrent.ThreadPoolExecutor$Worker.run(ThreadPoolExecutor.java:624)
	at java.lang.Thread.run(Thread.java:750)
]]></system-out>
  </testcase>
  <testcase name="testNativeAclsForBucket" classname="org.apache.hadoop.ozone.client.rpc.TestOzoneRpcClientWithRatis" time="0.094">
    <system-out><![CDATA[2023-06-02 19:47:22,328 [main] INFO  rpc.RpcClient (RpcClient.java:createVolume(459)) - Creating Volume: 05fd4d2a-6a86-4d05-8b62-6d58f6b44477, with runner as owner and space quota set to -1 bytes, counts quota set to -1
2023-06-02 19:47:22,330 [OM StateMachine ApplyTransaction Thread - 0] INFO  volume.OMVolumeCreateRequest (OMVolumeCreateRequest.java:validateAndUpdateCache(196)) - created volume:05fd4d2a-6a86-4d05-8b62-6d58f6b44477 for user:runner
2023-06-02 19:47:22,331 [main] INFO  rpc.RpcClient (RpcClient.java:createBucket(686)) - Creating Bucket: 05fd4d2a-6a86-4d05-8b62-6d58f6b44477/df14b458-c76f-47ff-ade0-94a59c5400c5, with server-side default bucket layout, runner as owner, Versioning false, Storage Type set to DISK and Encryption set to false, Replication Type set to server-side default replication type, Namespace Quota set to -1, Space Quota set to -1 
2023-06-02 19:47:22,333 [OM StateMachine ApplyTransaction Thread - 0] INFO  bucket.OMBucketCreateRequest (OMBucketCreateRequest.java:validateAndUpdateCache(270)) - created bucket: df14b458-c76f-47ff-ade0-94a59c5400c5 of layout FILE_SYSTEM_OPTIMIZED in volume: 05fd4d2a-6a86-4d05-8b62-6d58f6b44477
2023-06-02 19:47:22,416 [main] INFO  rpc.RpcClient (RpcClient.java:createBucket(686)) - Creating Bucket: 05fd4d2a-6a86-4d05-8b62-6d58f6b44477/df14b458-c76f-47ff-ade0-94a59c5400c5, with server-side default bucket layout, runner as owner, Versioning false, Storage Type set to DISK and Encryption set to false, Replication Type set to server-side default replication type, Namespace Quota set to -1, Space Quota set to -1 
2023-06-02 19:47:22,418 [OM StateMachine ApplyTransaction Thread - 0] INFO  bucket.OMBucketCreateRequest (OMBucketCreateRequest.java:validateAndUpdateCache(270)) - created bucket: df14b458-c76f-47ff-ade0-94a59c5400c5 of layout FILE_SYSTEM_OPTIMIZED in volume: 05fd4d2a-6a86-4d05-8b62-6d58f6b44477
]]></system-out>
  </testcase>
  <testcase name="testNativeAclsForKey" classname="org.apache.hadoop.ozone.client.rpc.TestOzoneRpcClientWithRatis" time="0.221">
    <system-out><![CDATA[2023-06-02 19:47:22,423 [main] INFO  rpc.RpcClient (RpcClient.java:createVolume(459)) - Creating Volume: 681e4257-c08f-4d6f-9432-2b1b36dd5a8b, with runner as owner and space quota set to -1 bytes, counts quota set to -1
2023-06-02 19:47:22,425 [OM StateMachine ApplyTransaction Thread - 0] INFO  volume.OMVolumeCreateRequest (OMVolumeCreateRequest.java:validateAndUpdateCache(196)) - created volume:681e4257-c08f-4d6f-9432-2b1b36dd5a8b for user:runner
2023-06-02 19:47:22,427 [main] INFO  rpc.RpcClient (RpcClient.java:createBucket(686)) - Creating Bucket: 681e4257-c08f-4d6f-9432-2b1b36dd5a8b/a05b07af-8305-47db-af33-2da82a2d0f5d, with server-side default bucket layout, runner as owner, Versioning false, Storage Type set to DISK and Encryption set to false, Replication Type set to server-side default replication type, Namespace Quota set to -1, Space Quota set to -1 
2023-06-02 19:47:22,429 [OM StateMachine ApplyTransaction Thread - 0] INFO  bucket.OMBucketCreateRequest (OMBucketCreateRequest.java:validateAndUpdateCache(270)) - created bucket: a05b07af-8305-47db-af33-2da82a2d0f5d of layout FILE_SYSTEM_OPTIMIZED in volume: 681e4257-c08f-4d6f-9432-2b1b36dd5a8b
]]></system-out>
  </testcase>
  <testcase name="testNativeAclsForPrefix" classname="org.apache.hadoop.ozone.client.rpc.TestOzoneRpcClientWithRatis" time="0.093">
    <system-out><![CDATA[2023-06-02 19:47:22,643 [main] INFO  rpc.RpcClient (RpcClient.java:createVolume(459)) - Creating Volume: 365ef2ef-683d-4bb6-88a4-99759ef3c139, with runner as owner and space quota set to -1 bytes, counts quota set to -1
2023-06-02 19:47:22,645 [OM StateMachine ApplyTransaction Thread - 0] INFO  volume.OMVolumeCreateRequest (OMVolumeCreateRequest.java:validateAndUpdateCache(196)) - created volume:365ef2ef-683d-4bb6-88a4-99759ef3c139 for user:runner
2023-06-02 19:47:22,646 [main] INFO  rpc.RpcClient (RpcClient.java:createBucket(686)) - Creating Bucket: 365ef2ef-683d-4bb6-88a4-99759ef3c139/d1300452-9e13-4ded-b313-f6845f35eec9, with server-side default bucket layout, runner as owner, Versioning false, Storage Type set to DISK and Encryption set to false, Replication Type set to server-side default replication type, Namespace Quota set to -1, Space Quota set to -1 
2023-06-02 19:47:22,648 [OM StateMachine ApplyTransaction Thread - 0] INFO  bucket.OMBucketCreateRequest (OMBucketCreateRequest.java:validateAndUpdateCache(270)) - created bucket: d1300452-9e13-4ded-b313-f6845f35eec9 of layout FILE_SYSTEM_OPTIMIZED in volume: 365ef2ef-683d-4bb6-88a4-99759ef3c139
]]></system-out>
  </testcase>
  <testcase name="testNativeAclsForVolume" classname="org.apache.hadoop.ozone.client.rpc.TestOzoneRpcClientWithRatis" time="0.065">
    <system-out><![CDATA[2023-06-02 19:47:22,737 [main] INFO  rpc.RpcClient (RpcClient.java:createVolume(459)) - Creating Volume: a97ca4d7-2284-42ae-b92c-349e376812be, with runner as owner and space quota set to -1 bytes, counts quota set to -1
2023-06-02 19:47:22,739 [OM StateMachine ApplyTransaction Thread - 0] INFO  volume.OMVolumeCreateRequest (OMVolumeCreateRequest.java:validateAndUpdateCache(196)) - created volume:a97ca4d7-2284-42ae-b92c-349e376812be for user:runner
]]></system-out>
  </testcase>
  <testcase name="testNoSuchUploadError" classname="org.apache.hadoop.ozone.client.rpc.TestOzoneRpcClientWithRatis" time="0.01">
    <system-out><![CDATA[2023-06-02 19:47:22,803 [main] INFO  rpc.RpcClient (RpcClient.java:createVolume(459)) - Creating Volume: 9ab0eb19-8681-4521-8da7-57210d9c64cc, with runner as owner and space quota set to -1 bytes, counts quota set to -1
2023-06-02 19:47:22,805 [OM StateMachine ApplyTransaction Thread - 0] INFO  volume.OMVolumeCreateRequest (OMVolumeCreateRequest.java:validateAndUpdateCache(196)) - created volume:9ab0eb19-8681-4521-8da7-57210d9c64cc for user:runner
2023-06-02 19:47:22,807 [main] INFO  rpc.RpcClient (RpcClient.java:createBucket(686)) - Creating Bucket: 9ab0eb19-8681-4521-8da7-57210d9c64cc/48311df6-a3d4-4307-8b7e-073dfe2a05a8, with server-side default bucket layout, runner as owner, Versioning false, Storage Type set to DISK and Encryption set to false, Replication Type set to server-side default replication type, Namespace Quota set to -1, Space Quota set to -1 
2023-06-02 19:47:22,809 [OM StateMachine ApplyTransaction Thread - 0] INFO  bucket.OMBucketCreateRequest (OMBucketCreateRequest.java:validateAndUpdateCache(270)) - created bucket: 48311df6-a3d4-4307-8b7e-073dfe2a05a8 of layout FILE_SYSTEM_OPTIMIZED in volume: 9ab0eb19-8681-4521-8da7-57210d9c64cc
19:47:22.812 [OM StateMachine ApplyTransaction Thread - 0] ERROR OMAudit - user=runner | ip=127.0.0.1 | op=ALLOCATE_KEY {volume=9ab0eb19-8681-4521-8da7-57210d9c64cc, bucket=48311df6-a3d4-4307-8b7e-073dfe2a05a8, key=44e2ae48-8255-4f08-9330-504276d9e045, dataSize=12, replicationType=NONE, replicationFactor=ZERO} | ret=FAILURE
org.apache.hadoop.ozone.om.exceptions.OMException: No such Multipart upload is with specified uploadId random
	at org.apache.hadoop.ozone.om.request.key.OMKeyRequest.prepareMultipartFileInfo(OMKeyRequest.java:765) ~[ozone-manager-1.4.0-SNAPSHOT.jar:?]
	at org.apache.hadoop.ozone.om.request.key.OMKeyRequest.prepareFileInfo(OMKeyRequest.java:652) ~[ozone-manager-1.4.0-SNAPSHOT.jar:?]
	at org.apache.hadoop.ozone.om.request.key.OMKeyCreateRequestWithFSO.validateAndUpdateCache(OMKeyCreateRequestWithFSO.java:162) ~[ozone-manager-1.4.0-SNAPSHOT.jar:?]
	at org.apache.hadoop.ozone.protocolPB.OzoneManagerRequestHandler.handleWriteRequest(OzoneManagerRequestHandler.java:338) ~[ozone-manager-1.4.0-SNAPSHOT.jar:?]
	at org.apache.hadoop.ozone.om.ratis.OzoneManagerStateMachine.runCommand(OzoneManagerStateMachine.java:567) ~[ozone-manager-1.4.0-SNAPSHOT.jar:?]
	at org.apache.hadoop.ozone.om.ratis.OzoneManagerStateMachine.lambda$1(OzoneManagerStateMachine.java:358) ~[ozone-manager-1.4.0-SNAPSHOT.jar:?]
	at java.util.concurrent.CompletableFuture$AsyncSupply.run(CompletableFuture.java:1604) [?:1.8.0_372]
	at java.util.concurrent.ThreadPoolExecutor.runWorker(ThreadPoolExecutor.java:1149) [?:1.8.0_372]
	at java.util.concurrent.ThreadPoolExecutor$Worker.run(ThreadPoolExecutor.java:624) [?:1.8.0_372]
	at java.lang.Thread.run(Thread.java:750) [?:1.8.0_372]
2023-06-02 19:47:22,813 [OM StateMachine ApplyTransaction Thread - 0] ERROR key.OMKeyCreateRequest (OMKeyCreateRequest.java:logResult(380)) - Key creation failed. Volume:9ab0eb19-8681-4521-8da7-57210d9c64cc, Bucket:48311df6-a3d4-4307-8b7e-073dfe2a05a8, Key:44e2ae48-8255-4f08-9330-504276d9e045. 
NO_SUCH_MULTIPART_UPLOAD_ERROR org.apache.hadoop.ozone.om.exceptions.OMException: No such Multipart upload is with specified uploadId random
	at org.apache.hadoop.ozone.om.request.key.OMKeyRequest.prepareMultipartFileInfo(OMKeyRequest.java:765)
	at org.apache.hadoop.ozone.om.request.key.OMKeyRequest.prepareFileInfo(OMKeyRequest.java:652)
	at org.apache.hadoop.ozone.om.request.key.OMKeyCreateRequestWithFSO.validateAndUpdateCache(OMKeyCreateRequestWithFSO.java:162)
	at org.apache.hadoop.ozone.protocolPB.OzoneManagerRequestHandler.handleWriteRequest(OzoneManagerRequestHandler.java:338)
	at org.apache.hadoop.ozone.om.ratis.OzoneManagerStateMachine.runCommand(OzoneManagerStateMachine.java:567)
	at org.apache.hadoop.ozone.om.ratis.OzoneManagerStateMachine.lambda$1(OzoneManagerStateMachine.java:358)
	at java.util.concurrent.CompletableFuture$AsyncSupply.run(CompletableFuture.java:1604)
	at java.util.concurrent.ThreadPoolExecutor.runWorker(ThreadPoolExecutor.java:1149)
	at java.util.concurrent.ThreadPoolExecutor$Worker.run(ThreadPoolExecutor.java:624)
	at java.lang.Thread.run(Thread.java:750)
]]></system-out>
  </testcase>
  <testcase name="testOMClientProxyProvider" classname="org.apache.hadoop.ozone.client.rpc.TestOzoneRpcClientWithRatis" time="0.002"/>
  <testcase name="testOverWriteKeyWithAndWithOutVersioning" classname="org.apache.hadoop.ozone.client.rpc.TestOzoneRpcClientWithRatis" time="0.54">
    <failure type="java.lang.AssertionError"><![CDATA[java.lang.AssertionError
	at org.junit.Assert.fail(Assert.java:87)
	at org.junit.Assert.assertTrue(Assert.java:42)
	at org.junit.Assert.assertTrue(Assert.java:53)
	at org.apache.hadoop.ozone.client.rpc.TestOzoneRpcClientAbstract.checkExceptedResultForVersioningTest(TestOzoneRpcClientAbstract.java:4060)
	at org.apache.hadoop.ozone.client.rpc.TestOzoneRpcClientAbstract.testOverWriteKeyWithAndWithOutVersioning(TestOzoneRpcClientAbstract.java:4083)
	at sun.reflect.NativeMethodAccessorImpl.invoke0(Native Method)
	at sun.reflect.NativeMethodAccessorImpl.invoke(NativeMethodAccessorImpl.java:62)
	at sun.reflect.DelegatingMethodAccessorImpl.invoke(DelegatingMethodAccessorImpl.java:43)
	at java.lang.reflect.Method.invoke(Method.java:498)
	at org.junit.platform.commons.util.ReflectionUtils.invokeMethod(ReflectionUtils.java:725)
	at org.junit.jupiter.engine.execution.MethodInvocation.proceed(MethodInvocation.java:60)
	at org.junit.jupiter.engine.execution.InvocationInterceptorChain$ValidatingInvocation.proceed(InvocationInterceptorChain.java:131)
	at org.junit.jupiter.engine.extension.TimeoutExtension.intercept(TimeoutExtension.java:149)
	at org.junit.jupiter.engine.extension.TimeoutExtension.interceptTestableMethod(TimeoutExtension.java:140)
	at org.junit.jupiter.engine.extension.TimeoutExtension.interceptTestMethod(TimeoutExtension.java:84)
	at org.junit.jupiter.engine.execution.ExecutableInvoker$ReflectiveInterceptorCall.lambda$ofVoidMethod$0(ExecutableInvoker.java:115)
	at org.junit.jupiter.engine.execution.ExecutableInvoker.lambda$invoke$0(ExecutableInvoker.java:105)
	at org.junit.jupiter.engine.execution.InvocationInterceptorChain$InterceptedInvocation.proceed(InvocationInterceptorChain.java:106)
	at org.junit.jupiter.engine.execution.InvocationInterceptorChain.proceed(InvocationInterceptorChain.java:64)
	at org.junit.jupiter.engine.execution.InvocationInterceptorChain.chainAndInvoke(InvocationInterceptorChain.java:45)
	at org.junit.jupiter.engine.execution.InvocationInterceptorChain.invoke(InvocationInterceptorChain.java:37)
	at org.junit.jupiter.engine.execution.ExecutableInvoker.invoke(ExecutableInvoker.java:104)
	at org.junit.jupiter.engine.execution.ExecutableInvoker.invoke(ExecutableInvoker.java:98)
	at org.junit.jupiter.engine.descriptor.TestMethodTestDescriptor.lambda$invokeTestMethod$7(TestMethodTestDescriptor.java:214)
	at org.junit.platform.engine.support.hierarchical.ThrowableCollector.execute(ThrowableCollector.java:73)
	at org.junit.jupiter.engine.descriptor.TestMethodTestDescriptor.invokeTestMethod(TestMethodTestDescriptor.java:210)
	at org.junit.jupiter.engine.descriptor.TestMethodTestDescriptor.execute(TestMethodTestDescriptor.java:135)
	at org.junit.jupiter.engine.descriptor.TestMethodTestDescriptor.execute(TestMethodTestDescriptor.java:66)
	at org.junit.platform.engine.support.hierarchical.NodeTestTask.lambda$executeRecursively$6(NodeTestTask.java:151)
	at org.junit.platform.engine.support.hierarchical.ThrowableCollector.execute(ThrowableCollector.java:73)
	at org.junit.platform.engine.support.hierarchical.NodeTestTask.lambda$executeRecursively$8(NodeTestTask.java:141)
	at org.junit.platform.engine.support.hierarchical.Node.around(Node.java:137)
	at org.junit.platform.engine.support.hierarchical.NodeTestTask.lambda$executeRecursively$9(NodeTestTask.java:139)
	at org.junit.platform.engine.support.hierarchical.ThrowableCollector.execute(ThrowableCollector.java:73)
	at org.junit.platform.engine.support.hierarchical.NodeTestTask.executeRecursively(NodeTestTask.java:138)
	at org.junit.platform.engine.support.hierarchical.NodeTestTask.execute(NodeTestTask.java:95)
	at java.util.ArrayList.forEach(ArrayList.java:1259)
	at org.junit.platform.engine.support.hierarchical.SameThreadHierarchicalTestExecutorService.invokeAll(SameThreadHierarchicalTestExecutorService.java:41)
	at org.junit.platform.engine.support.hierarchical.NodeTestTask.lambda$executeRecursively$6(NodeTestTask.java:155)
	at org.junit.platform.engine.support.hierarchical.ThrowableCollector.execute(ThrowableCollector.java:73)
	at org.junit.platform.engine.support.hierarchical.NodeTestTask.lambda$executeRecursively$8(NodeTestTask.java:141)
	at org.junit.platform.engine.support.hierarchical.Node.around(Node.java:137)
	at org.junit.platform.engine.support.hierarchical.NodeTestTask.lambda$executeRecursively$9(NodeTestTask.java:139)
	at org.junit.platform.engine.support.hierarchical.ThrowableCollector.execute(ThrowableCollector.java:73)
	at org.junit.platform.engine.support.hierarchical.NodeTestTask.executeRecursively(NodeTestTask.java:138)
	at org.junit.platform.engine.support.hierarchical.NodeTestTask.execute(NodeTestTask.java:95)
	at java.util.ArrayList.forEach(ArrayList.java:1259)
	at org.junit.platform.engine.support.hierarchical.SameThreadHierarchicalTestExecutorService.invokeAll(SameThreadHierarchicalTestExecutorService.java:41)
	at org.junit.platform.engine.support.hierarchical.NodeTestTask.lambda$executeRecursively$6(NodeTestTask.java:155)
	at org.junit.platform.engine.support.hierarchical.ThrowableCollector.execute(ThrowableCollector.java:73)
	at org.junit.platform.engine.support.hierarchical.NodeTestTask.lambda$executeRecursively$8(NodeTestTask.java:141)
	at org.junit.platform.engine.support.hierarchical.Node.around(Node.java:137)
	at org.junit.platform.engine.support.hierarchical.NodeTestTask.lambda$executeRecursively$9(NodeTestTask.java:139)
	at org.junit.platform.engine.support.hierarchical.ThrowableCollector.execute(ThrowableCollector.java:73)
	at org.junit.platform.engine.support.hierarchical.NodeTestTask.executeRecursively(NodeTestTask.java:138)
	at org.junit.platform.engine.support.hierarchical.NodeTestTask.execute(NodeTestTask.java:95)
	at org.junit.platform.engine.support.hierarchical.SameThreadHierarchicalTestExecutorService.submit(SameThreadHierarchicalTestExecutorService.java:35)
	at org.junit.platform.engine.support.hierarchical.HierarchicalTestExecutor.execute(HierarchicalTestExecutor.java:57)
	at org.junit.platform.engine.support.hierarchical.HierarchicalTestEngine.execute(HierarchicalTestEngine.java:54)
	at org.junit.platform.launcher.core.EngineExecutionOrchestrator.execute(EngineExecutionOrchestrator.java:107)
	at org.junit.platform.launcher.core.EngineExecutionOrchestrator.execute(EngineExecutionOrchestrator.java:88)
	at org.junit.platform.launcher.core.EngineExecutionOrchestrator.lambda$execute$0(EngineExecutionOrchestrator.java:54)
	at org.junit.platform.launcher.core.EngineExecutionOrchestrator.withInterceptedStreams(EngineExecutionOrchestrator.java:67)
	at org.junit.platform.launcher.core.EngineExecutionOrchestrator.execute(EngineExecutionOrchestrator.java:52)
	at org.junit.platform.launcher.core.DefaultLauncher.execute(DefaultLauncher.java:114)
	at org.junit.platform.launcher.core.DefaultLauncher.execute(DefaultLauncher.java:86)
	at org.junit.platform.launcher.core.DefaultLauncherSession$DelegatingLauncher.execute(DefaultLauncherSession.java:86)
	at org.junit.platform.launcher.core.SessionPerRequestLauncher.execute(SessionPerRequestLauncher.java:53)
	at org.apache.maven.surefire.junitplatform.JUnitPlatformProvider.execute(JUnitPlatformProvider.java:188)
	at org.apache.maven.surefire.junitplatform.JUnitPlatformProvider.invokeAllTests(JUnitPlatformProvider.java:154)
	at org.apache.maven.surefire.junitplatform.JUnitPlatformProvider.invoke(JUnitPlatformProvider.java:124)
	at org.apache.maven.surefire.booter.ForkedBooter.runSuitesInProcess(ForkedBooter.java:428)
	at org.apache.maven.surefire.booter.ForkedBooter.execute(ForkedBooter.java:162)
	at org.apache.maven.surefire.booter.ForkedBooter.run(ForkedBooter.java:562)
	at org.apache.maven.surefire.booter.ForkedBooter.main(ForkedBooter.java:548)
]]></failure>
    <system-out><![CDATA[2023-06-02 19:47:22,816 [main] INFO  rpc.RpcClient (RpcClient.java:createVolume(459)) - Creating Volume: f70f24dd-0f69-429b-9354-709c0c1fa1e6, with runner as owner and space quota set to -1 bytes, counts quota set to -1
2023-06-02 19:47:22,819 [OM StateMachine ApplyTransaction Thread - 0] INFO  volume.OMVolumeCreateRequest (OMVolumeCreateRequest.java:validateAndUpdateCache(196)) - created volume:f70f24dd-0f69-429b-9354-709c0c1fa1e6 for user:runner
2023-06-02 19:47:22,820 [main] INFO  rpc.RpcClient (RpcClient.java:createBucket(686)) - Creating Bucket: f70f24dd-0f69-429b-9354-709c0c1fa1e6/d03ed3cb-37d8-476e-ab7f-2383aabeed11, with bucket layout OBJECT_STORE, runner as owner, Versioning false, Storage Type set to DISK and Encryption set to false, Replication Type set to server-side default replication type, Namespace Quota set to -1, Space Quota set to -1 
2023-06-02 19:47:22,823 [OM StateMachine ApplyTransaction Thread - 0] INFO  bucket.OMBucketCreateRequest (OMBucketCreateRequest.java:validateAndUpdateCache(270)) - created bucket: d03ed3cb-37d8-476e-ab7f-2383aabeed11 of layout OBJECT_STORE in volume: f70f24dd-0f69-429b-9354-709c0c1fa1e6
2023-06-02 19:47:23,302 [SstFilteringService#0] WARN  server.ServerUtils (ServerUtils.java:getDBPath(311)) - ozone.om.db.dirs is not configured. We recommend adding this setting. Falling back to ozone.metadata.dirs instead.
2023-06-02 19:47:23,304 [SstFilteringService#0] INFO  helpers.OmKeyInfo (OmKeyInfo.java:getCodec(71)) - OmKeyInfo.getCodec ignorePipeline = true
2023-06-02 19:47:23,320 [IPC Server handler 11 on default port 15001] INFO  ha.SequenceIdGenerator (SequenceIdGenerator.java:getNextId(128)) - Allocate a batch for delTxnId, change lastId from 0 to 1000.
]]></system-out>
  </testcase>
  <testcase name="testPutKey" classname="org.apache.hadoop.ozone.client.rpc.TestOzoneRpcClientWithRatis" time="0.293">
    <system-out><![CDATA[2023-06-02 19:47:23,364 [main] INFO  rpc.RpcClient (RpcClient.java:createVolume(459)) - Creating Volume: 08498dc3-868f-4a91-a8af-7edf60988061, with runner as owner and space quota set to -1 bytes, counts quota set to -1
2023-06-02 19:47:23,368 [OM StateMachine ApplyTransaction Thread - 0] INFO  volume.OMVolumeCreateRequest (OMVolumeCreateRequest.java:validateAndUpdateCache(196)) - created volume:08498dc3-868f-4a91-a8af-7edf60988061 for user:runner
2023-06-02 19:47:23,374 [main] INFO  rpc.RpcClient (RpcClient.java:createBucket(686)) - Creating Bucket: 08498dc3-868f-4a91-a8af-7edf60988061/bbe38f7e-a5c6-4ca8-8967-6032fd5be127, with server-side default bucket layout, runner as owner, Versioning false, Storage Type set to DISK and Encryption set to false, Replication Type set to server-side default replication type, Namespace Quota set to -1, Space Quota set to -1 
2023-06-02 19:47:23,380 [OM StateMachine ApplyTransaction Thread - 0] INFO  bucket.OMBucketCreateRequest (OMBucketCreateRequest.java:validateAndUpdateCache(270)) - created bucket: bbe38f7e-a5c6-4ca8-8967-6032fd5be127 of layout FILE_SYSTEM_OPTIMIZED in volume: 08498dc3-868f-4a91-a8af-7edf60988061
2023-06-02 19:47:23,395 [SstFilteringService#0] WARN  server.ServerUtils (ServerUtils.java:getDBPath(311)) - ozone.om.db.dirs is not configured. We recommend adding this setting. Falling back to ozone.metadata.dirs instead.
2023-06-02 19:47:23,397 [SstFilteringService#0] INFO  helpers.OmKeyInfo (OmKeyInfo.java:getCodec(71)) - OmKeyInfo.getCodec ignorePipeline = true
2023-06-02 19:47:23,400 [IPC Server handler 10 on default port 15001] WARN  node.SCMNodeManager (SCMNodeManager.java:getNodesByAddress(1381)) - Cannot find node for address 127.0.0.1
2023-06-02 19:47:23,402 [IPC Server handler 15 on default port 15001] WARN  node.SCMNodeManager (SCMNodeManager.java:getNodesByAddress(1381)) - Cannot find node for address 127.0.0.1
2023-06-02 19:47:23,430 [IPC Server handler 19 on default port 15001] WARN  node.SCMNodeManager (SCMNodeManager.java:getNodesByAddress(1381)) - Cannot find node for address 127.0.0.1
2023-06-02 19:47:23,433 [IPC Server handler 6 on default port 15001] WARN  node.SCMNodeManager (SCMNodeManager.java:getNodesByAddress(1381)) - Cannot find node for address 127.0.0.1
2023-06-02 19:47:23,467 [IPC Server handler 1 on default port 15001] WARN  node.SCMNodeManager (SCMNodeManager.java:getNodesByAddress(1381)) - Cannot find node for address 127.0.0.1
2023-06-02 19:47:23,470 [IPC Server handler 5 on default port 15001] WARN  node.SCMNodeManager (SCMNodeManager.java:getNodesByAddress(1381)) - Cannot find node for address 127.0.0.1
2023-06-02 19:47:23,496 [IPC Server handler 12 on default port 15001] WARN  node.SCMNodeManager (SCMNodeManager.java:getNodesByAddress(1381)) - Cannot find node for address 127.0.0.1
2023-06-02 19:47:23,498 [IPC Server handler 8 on default port 15001] WARN  node.SCMNodeManager (SCMNodeManager.java:getNodesByAddress(1381)) - Cannot find node for address 127.0.0.1
2023-06-02 19:47:23,525 [IPC Server handler 17 on default port 15001] WARN  node.SCMNodeManager (SCMNodeManager.java:getNodesByAddress(1381)) - Cannot find node for address 127.0.0.1
2023-06-02 19:47:23,528 [IPC Server handler 14 on default port 15001] WARN  node.SCMNodeManager (SCMNodeManager.java:getNodesByAddress(1381)) - Cannot find node for address 127.0.0.1
2023-06-02 19:47:23,554 [IPC Server handler 7 on default port 15001] WARN  node.SCMNodeManager (SCMNodeManager.java:getNodesByAddress(1381)) - Cannot find node for address 127.0.0.1
2023-06-02 19:47:23,556 [IPC Server handler 16 on default port 15001] WARN  node.SCMNodeManager (SCMNodeManager.java:getNodesByAddress(1381)) - Cannot find node for address 127.0.0.1
2023-06-02 19:47:23,577 [IPC Server handler 11 on default port 15001] WARN  node.SCMNodeManager (SCMNodeManager.java:getNodesByAddress(1381)) - Cannot find node for address 127.0.0.1
2023-06-02 19:47:23,579 [IPC Server handler 0 on default port 15001] WARN  node.SCMNodeManager (SCMNodeManager.java:getNodesByAddress(1381)) - Cannot find node for address 127.0.0.1
2023-06-02 19:47:23,599 [IPC Server handler 15 on default port 15001] WARN  node.SCMNodeManager (SCMNodeManager.java:getNodesByAddress(1381)) - Cannot find node for address 127.0.0.1
2023-06-02 19:47:23,601 [IPC Server handler 18 on default port 15001] WARN  node.SCMNodeManager (SCMNodeManager.java:getNodesByAddress(1381)) - Cannot find node for address 127.0.0.1
2023-06-02 19:47:23,621 [IPC Server handler 6 on default port 15001] WARN  node.SCMNodeManager (SCMNodeManager.java:getNodesByAddress(1381)) - Cannot find node for address 127.0.0.1
2023-06-02 19:47:23,623 [IPC Server handler 2 on default port 15001] WARN  node.SCMNodeManager (SCMNodeManager.java:getNodesByAddress(1381)) - Cannot find node for address 127.0.0.1
2023-06-02 19:47:23,647 [IPC Server handler 5 on default port 15001] WARN  node.SCMNodeManager (SCMNodeManager.java:getNodesByAddress(1381)) - Cannot find node for address 127.0.0.1
2023-06-02 19:47:23,650 [IPC Server handler 4 on default port 15001] WARN  node.SCMNodeManager (SCMNodeManager.java:getNodesByAddress(1381)) - Cannot find node for address 127.0.0.1
]]></system-out>
  </testcase>
  <testcase name="testPutKeyRatisOneNode" classname="org.apache.hadoop.ozone.client.rpc.TestOzoneRpcClientWithRatis" time="0.259">
    <system-out><![CDATA[2023-06-02 19:47:23,657 [main] INFO  rpc.RpcClient (RpcClient.java:createVolume(459)) - Creating Volume: e0e9c8b2-2348-416e-b901-17d660d36f27, with runner as owner and space quota set to -1 bytes, counts quota set to -1
2023-06-02 19:47:23,660 [OM StateMachine ApplyTransaction Thread - 0] INFO  volume.OMVolumeCreateRequest (OMVolumeCreateRequest.java:validateAndUpdateCache(196)) - created volume:e0e9c8b2-2348-416e-b901-17d660d36f27 for user:runner
2023-06-02 19:47:23,662 [main] INFO  rpc.RpcClient (RpcClient.java:createBucket(686)) - Creating Bucket: e0e9c8b2-2348-416e-b901-17d660d36f27/c2e7b95b-4040-4754-93f1-368d3bfeb355, with server-side default bucket layout, runner as owner, Versioning false, Storage Type set to DISK and Encryption set to false, Replication Type set to server-side default replication type, Namespace Quota set to -1, Space Quota set to -1 
2023-06-02 19:47:23,664 [OM StateMachine ApplyTransaction Thread - 0] INFO  bucket.OMBucketCreateRequest (OMBucketCreateRequest.java:validateAndUpdateCache(270)) - created bucket: c2e7b95b-4040-4754-93f1-368d3bfeb355 of layout FILE_SYSTEM_OPTIMIZED in volume: e0e9c8b2-2348-416e-b901-17d660d36f27
2023-06-02 19:47:23,678 [IPC Server handler 8 on default port 15001] WARN  node.SCMNodeManager (SCMNodeManager.java:getNodesByAddress(1381)) - Cannot find node for address 127.0.0.1
2023-06-02 19:47:23,680 [IPC Server handler 9 on default port 15001] WARN  node.SCMNodeManager (SCMNodeManager.java:getNodesByAddress(1381)) - Cannot find node for address 127.0.0.1
2023-06-02 19:47:23,700 [IPC Server handler 14 on default port 15001] WARN  node.SCMNodeManager (SCMNodeManager.java:getNodesByAddress(1381)) - Cannot find node for address 127.0.0.1
2023-06-02 19:47:23,703 [IPC Server handler 3 on default port 15001] WARN  node.SCMNodeManager (SCMNodeManager.java:getNodesByAddress(1381)) - Cannot find node for address 127.0.0.1
2023-06-02 19:47:23,725 [IPC Server handler 16 on default port 15001] WARN  node.SCMNodeManager (SCMNodeManager.java:getNodesByAddress(1381)) - Cannot find node for address 127.0.0.1
2023-06-02 19:47:23,727 [IPC Server handler 13 on default port 15001] WARN  node.SCMNodeManager (SCMNodeManager.java:getNodesByAddress(1381)) - Cannot find node for address 127.0.0.1
2023-06-02 19:47:23,749 [IPC Server handler 0 on default port 15001] WARN  node.SCMNodeManager (SCMNodeManager.java:getNodesByAddress(1381)) - Cannot find node for address 127.0.0.1
2023-06-02 19:47:23,751 [IPC Server handler 10 on default port 15001] WARN  node.SCMNodeManager (SCMNodeManager.java:getNodesByAddress(1381)) - Cannot find node for address 127.0.0.1
2023-06-02 19:47:23,773 [IPC Server handler 18 on default port 15001] WARN  node.SCMNodeManager (SCMNodeManager.java:getNodesByAddress(1381)) - Cannot find node for address 127.0.0.1
2023-06-02 19:47:23,776 [IPC Server handler 19 on default port 15001] WARN  node.SCMNodeManager (SCMNodeManager.java:getNodesByAddress(1381)) - Cannot find node for address 127.0.0.1
2023-06-02 19:47:23,802 [IPC Server handler 2 on default port 15001] WARN  node.SCMNodeManager (SCMNodeManager.java:getNodesByAddress(1381)) - Cannot find node for address 127.0.0.1
2023-06-02 19:47:23,804 [IPC Server handler 1 on default port 15001] WARN  node.SCMNodeManager (SCMNodeManager.java:getNodesByAddress(1381)) - Cannot find node for address 127.0.0.1
2023-06-02 19:47:23,826 [IPC Server handler 4 on default port 15001] WARN  node.SCMNodeManager (SCMNodeManager.java:getNodesByAddress(1381)) - Cannot find node for address 127.0.0.1
2023-06-02 19:47:23,828 [IPC Server handler 12 on default port 15001] WARN  node.SCMNodeManager (SCMNodeManager.java:getNodesByAddress(1381)) - Cannot find node for address 127.0.0.1
2023-06-02 19:47:23,852 [IPC Server handler 9 on default port 15001] WARN  node.SCMNodeManager (SCMNodeManager.java:getNodesByAddress(1381)) - Cannot find node for address 127.0.0.1
2023-06-02 19:47:23,854 [IPC Server handler 17 on default port 15001] WARN  node.SCMNodeManager (SCMNodeManager.java:getNodesByAddress(1381)) - Cannot find node for address 127.0.0.1
2023-06-02 19:47:23,879 [IPC Server handler 3 on default port 15001] WARN  node.SCMNodeManager (SCMNodeManager.java:getNodesByAddress(1381)) - Cannot find node for address 127.0.0.1
2023-06-02 19:47:23,882 [IPC Server handler 7 on default port 15001] WARN  node.SCMNodeManager (SCMNodeManager.java:getNodesByAddress(1381)) - Cannot find node for address 127.0.0.1
2023-06-02 19:47:23,908 [IPC Server handler 13 on default port 15001] WARN  node.SCMNodeManager (SCMNodeManager.java:getNodesByAddress(1381)) - Cannot find node for address 127.0.0.1
2023-06-02 19:47:23,910 [IPC Server handler 11 on default port 15001] WARN  node.SCMNodeManager (SCMNodeManager.java:getNodesByAddress(1381)) - Cannot find node for address 127.0.0.1
]]></system-out>
  </testcase>
  <testcase name="testPutKeyRatisThreeNodes" classname="org.apache.hadoop.ozone.client.rpc.TestOzoneRpcClientWithRatis" time="0.593">
    <system-out><![CDATA[2023-06-02 19:47:23,918 [main] INFO  rpc.RpcClient (RpcClient.java:createVolume(459)) - Creating Volume: b8fac0de-228b-494d-8f2e-8a572d68bef8, with runner as owner and space quota set to -1 bytes, counts quota set to -1
2023-06-02 19:47:23,920 [OM StateMachine ApplyTransaction Thread - 0] INFO  volume.OMVolumeCreateRequest (OMVolumeCreateRequest.java:validateAndUpdateCache(196)) - created volume:b8fac0de-228b-494d-8f2e-8a572d68bef8 for user:runner
2023-06-02 19:47:23,921 [main] INFO  rpc.RpcClient (RpcClient.java:createBucket(686)) - Creating Bucket: b8fac0de-228b-494d-8f2e-8a572d68bef8/ea8d698e-39e0-4cfa-8a98-e9593d3da4e4, with server-side default bucket layout, runner as owner, Versioning false, Storage Type set to DISK and Encryption set to false, Replication Type set to server-side default replication type, Namespace Quota set to -1, Space Quota set to -1 
2023-06-02 19:47:23,923 [OM StateMachine ApplyTransaction Thread - 0] INFO  bucket.OMBucketCreateRequest (OMBucketCreateRequest.java:validateAndUpdateCache(270)) - created bucket: ea8d698e-39e0-4cfa-8a98-e9593d3da4e4 of layout FILE_SYSTEM_OPTIMIZED in volume: b8fac0de-228b-494d-8f2e-8a572d68bef8
2023-06-02 19:47:23,960 [IPC Server handler 10 on default port 15001] WARN  node.SCMNodeManager (SCMNodeManager.java:getNodesByAddress(1381)) - Cannot find node for address 127.0.0.1
2023-06-02 19:47:23,962 [IPC Server handler 15 on default port 15001] WARN  node.SCMNodeManager (SCMNodeManager.java:getNodesByAddress(1381)) - Cannot find node for address 127.0.0.1
2023-06-02 19:47:24,016 [IPC Server handler 19 on default port 15001] WARN  node.SCMNodeManager (SCMNodeManager.java:getNodesByAddress(1381)) - Cannot find node for address 127.0.0.1
2023-06-02 19:47:24,022 [IPC Server handler 6 on default port 15001] WARN  node.SCMNodeManager (SCMNodeManager.java:getNodesByAddress(1381)) - Cannot find node for address 127.0.0.1
2023-06-02 19:47:24,076 [IPC Server handler 1 on default port 15001] WARN  node.SCMNodeManager (SCMNodeManager.java:getNodesByAddress(1381)) - Cannot find node for address 127.0.0.1
2023-06-02 19:47:24,079 [IPC Server handler 5 on default port 15001] WARN  node.SCMNodeManager (SCMNodeManager.java:getNodesByAddress(1381)) - Cannot find node for address 127.0.0.1
2023-06-02 19:47:24,132 [IPC Server handler 12 on default port 15001] WARN  node.SCMNodeManager (SCMNodeManager.java:getNodesByAddress(1381)) - Cannot find node for address 127.0.0.1
2023-06-02 19:47:24,134 [IPC Server handler 8 on default port 15001] WARN  node.SCMNodeManager (SCMNodeManager.java:getNodesByAddress(1381)) - Cannot find node for address 127.0.0.1
2023-06-02 19:47:24,181 [IPC Server handler 17 on default port 15001] WARN  node.SCMNodeManager (SCMNodeManager.java:getNodesByAddress(1381)) - Cannot find node for address 127.0.0.1
2023-06-02 19:47:24,183 [IPC Server handler 14 on default port 15001] WARN  node.SCMNodeManager (SCMNodeManager.java:getNodesByAddress(1381)) - Cannot find node for address 127.0.0.1
2023-06-02 19:47:24,241 [IPC Server handler 7 on default port 15001] WARN  node.SCMNodeManager (SCMNodeManager.java:getNodesByAddress(1381)) - Cannot find node for address 127.0.0.1
2023-06-02 19:47:24,243 [IPC Server handler 16 on default port 15001] WARN  node.SCMNodeManager (SCMNodeManager.java:getNodesByAddress(1381)) - Cannot find node for address 127.0.0.1
2023-06-02 19:47:24,333 [IPC Server handler 11 on default port 15001] WARN  node.SCMNodeManager (SCMNodeManager.java:getNodesByAddress(1381)) - Cannot find node for address 127.0.0.1
2023-06-02 19:47:24,335 [IPC Server handler 0 on default port 15001] WARN  node.SCMNodeManager (SCMNodeManager.java:getNodesByAddress(1381)) - Cannot find node for address 127.0.0.1
2023-06-02 19:47:24,395 [IPC Server handler 15 on default port 15001] WARN  node.SCMNodeManager (SCMNodeManager.java:getNodesByAddress(1381)) - Cannot find node for address 127.0.0.1
2023-06-02 19:47:24,397 [IPC Server handler 18 on default port 15001] WARN  node.SCMNodeManager (SCMNodeManager.java:getNodesByAddress(1381)) - Cannot find node for address 127.0.0.1
2023-06-02 19:47:24,447 [IPC Server handler 6 on default port 15001] WARN  node.SCMNodeManager (SCMNodeManager.java:getNodesByAddress(1381)) - Cannot find node for address 127.0.0.1
2023-06-02 19:47:24,450 [IPC Server handler 2 on default port 15001] WARN  node.SCMNodeManager (SCMNodeManager.java:getNodesByAddress(1381)) - Cannot find node for address 127.0.0.1
2023-06-02 19:47:24,500 [IPC Server handler 5 on default port 15001] WARN  node.SCMNodeManager (SCMNodeManager.java:getNodesByAddress(1381)) - Cannot find node for address 127.0.0.1
2023-06-02 19:47:24,504 [IPC Server handler 4 on default port 15001] WARN  node.SCMNodeManager (SCMNodeManager.java:getNodesByAddress(1381)) - Cannot find node for address 127.0.0.1
]]></system-out>
  </testcase>
  <testcase name="testPutKeyRatisThreeNodesParallel" classname="org.apache.hadoop.ozone.client.rpc.TestOzoneRpcClientWithRatis" time="7.878">
    <system-out><![CDATA[2023-06-02 19:47:24,513 [main] INFO  rpc.RpcClient (RpcClient.java:createVolume(459)) - Creating Volume: 5a15dbae-105f-41a6-b97e-48d27cf3a1ba, with runner as owner and space quota set to -1 bytes, counts quota set to -1
2023-06-02 19:47:24,515 [OM StateMachine ApplyTransaction Thread - 0] INFO  volume.OMVolumeCreateRequest (OMVolumeCreateRequest.java:validateAndUpdateCache(196)) - created volume:5a15dbae-105f-41a6-b97e-48d27cf3a1ba for user:runner
2023-06-02 19:47:24,516 [main] INFO  rpc.RpcClient (RpcClient.java:createBucket(686)) - Creating Bucket: 5a15dbae-105f-41a6-b97e-48d27cf3a1ba/d4f9c9e4-994b-45e3-8a29-0032c77630c6, with server-side default bucket layout, runner as owner, Versioning false, Storage Type set to DISK and Encryption set to false, Replication Type set to server-side default replication type, Namespace Quota set to -1, Space Quota set to -1 
2023-06-02 19:47:24,518 [OM StateMachine ApplyTransaction Thread - 0] INFO  bucket.OMBucketCreateRequest (OMBucketCreateRequest.java:validateAndUpdateCache(270)) - created bucket: d4f9c9e4-994b-45e3-8a29-0032c77630c6 of layout FILE_SYSTEM_OPTIMIZED in volume: 5a15dbae-105f-41a6-b97e-48d27cf3a1ba
2023-06-02 19:47:25,702 [IPC Server handler 12 on default port 15001] WARN  node.SCMNodeManager (SCMNodeManager.java:getNodesByAddress(1381)) - Cannot find node for address 127.0.0.1
2023-06-02 19:47:25,706 [IPC Server handler 8 on default port 15001] WARN  node.SCMNodeManager (SCMNodeManager.java:getNodesByAddress(1381)) - Cannot find node for address 127.0.0.1
2023-06-02 19:47:25,707 [IPC Server handler 9 on default port 15001] WARN  node.SCMNodeManager (SCMNodeManager.java:getNodesByAddress(1381)) - Cannot find node for address 127.0.0.1
2023-06-02 19:47:25,708 [IPC Server handler 17 on default port 15001] WARN  node.SCMNodeManager (SCMNodeManager.java:getNodesByAddress(1381)) - Cannot find node for address 127.0.0.1
2023-06-02 19:47:25,711 [IPC Server handler 14 on default port 15001] WARN  node.SCMNodeManager (SCMNodeManager.java:getNodesByAddress(1381)) - Cannot find node for address 127.0.0.1
2023-06-02 19:47:25,711 [IPC Server handler 3 on default port 15001] WARN  node.SCMNodeManager (SCMNodeManager.java:getNodesByAddress(1381)) - Cannot find node for address 127.0.0.1
2023-06-02 19:47:25,712 [IPC Server handler 7 on default port 15001] WARN  node.SCMNodeManager (SCMNodeManager.java:getNodesByAddress(1381)) - Cannot find node for address 127.0.0.1
2023-06-02 19:47:25,713 [IPC Server handler 16 on default port 15001] WARN  node.SCMNodeManager (SCMNodeManager.java:getNodesByAddress(1381)) - Cannot find node for address 127.0.0.1
2023-06-02 19:47:25,731 [IPC Server handler 13 on default port 15001] WARN  node.SCMNodeManager (SCMNodeManager.java:getNodesByAddress(1381)) - Cannot find node for address 127.0.0.1
2023-06-02 19:47:25,731 [IPC Server handler 11 on default port 15001] WARN  node.SCMNodeManager (SCMNodeManager.java:getNodesByAddress(1381)) - Cannot find node for address 127.0.0.1
2023-06-02 19:47:25,732 [IPC Server handler 0 on default port 15001] WARN  node.SCMNodeManager (SCMNodeManager.java:getNodesByAddress(1381)) - Cannot find node for address 127.0.0.1
2023-06-02 19:47:25,735 [IPC Server handler 10 on default port 15001] WARN  node.SCMNodeManager (SCMNodeManager.java:getNodesByAddress(1381)) - Cannot find node for address 127.0.0.1
2023-06-02 19:47:25,737 [IPC Server handler 15 on default port 15001] WARN  node.SCMNodeManager (SCMNodeManager.java:getNodesByAddress(1381)) - Cannot find node for address 127.0.0.1
2023-06-02 19:47:25,738 [IPC Server handler 18 on default port 15001] WARN  node.SCMNodeManager (SCMNodeManager.java:getNodesByAddress(1381)) - Cannot find node for address 127.0.0.1
2023-06-02 19:47:26,313 [JvmPauseMonitor9] WARN  util.JvmPauseMonitor (JvmPauseMonitor.java:detectPause(124)) - JvmPauseMonitor-37ff51e8-4d98-426c-9b80-6778ef5a23bd: Detected pause in JVM or host machine approximately 0.101s with 0.178s GC time.
GC pool 'PS Scavenge' had collection(s): count=1 time=178ms
2023-06-02 19:47:26,313 [JvmPauseMonitor6] WARN  util.JvmPauseMonitor (JvmPauseMonitor.java:detectPause(124)) - JvmPauseMonitor-3e53829d-da6c-4746-b554-01bfe538e40e: Detected pause in JVM or host machine approximately 0.101s with 0.178s GC time.
GC pool 'PS Scavenge' had collection(s): count=1 time=178ms
2023-06-02 19:47:26,313 [JvmPauseMonitor2] WARN  util.JvmPauseMonitor (JvmPauseMonitor.java:detectPause(124)) - JvmPauseMonitor-9e7d7045-1d4c-4270-9434-63584a31babd: Detected pause in JVM or host machine approximately 0.101s with 0.178s GC time.
GC pool 'PS Scavenge' had collection(s): count=1 time=178ms
2023-06-02 19:47:26,314 [JvmPauseMonitor3] WARN  util.JvmPauseMonitor (JvmPauseMonitor.java:detectPause(124)) - JvmPauseMonitor-f5a51868-327c-422c-ad14-d572ec0233ee: Detected pause in JVM or host machine approximately 0.102s with 0.178s GC time.
GC pool 'PS Scavenge' had collection(s): count=1 time=178ms
2023-06-02 19:47:26,314 [JvmPauseMonitor8] WARN  util.JvmPauseMonitor (JvmPauseMonitor.java:detectPause(124)) - JvmPauseMonitor-68e68f39-32fc-4b84-93e4-f20720881325: Detected pause in JVM or host machine approximately 0.102s with 0.178s GC time.
GC pool 'PS Scavenge' had collection(s): count=1 time=178ms
2023-06-02 19:47:26,314 [JvmPauseMonitor0] WARN  util.JvmPauseMonitor (JvmPauseMonitor.java:detectPause(124)) - JvmPauseMonitor-07308b00-a365-4b3a-bdcb-530168462b51: Detected pause in JVM or host machine approximately 0.103s with 0.178s GC time.
GC pool 'PS Scavenge' had collection(s): count=1 time=178ms
2023-06-02 19:47:26,314 [JvmPauseMonitor11] WARN  util.JvmPauseMonitor (JvmPauseMonitor.java:detectPause(124)) - JvmPauseMonitor-93e73215-cf0c-4899-893f-1e32053e8cf3: Detected pause in JVM or host machine approximately 0.103s with 0.178s GC time.
GC pool 'PS Scavenge' had collection(s): count=1 time=178ms
2023-06-02 19:47:26,314 [JvmPauseMonitor10] WARN  util.JvmPauseMonitor (JvmPauseMonitor.java:detectPause(124)) - JvmPauseMonitor-3444f24d-5019-4db9-b49c-a7d3f58b79dc: Detected pause in JVM or host machine approximately 0.104s with 0.178s GC time.
GC pool 'PS Scavenge' had collection(s): count=1 time=178ms
2023-06-02 19:47:26,314 [JvmPauseMonitor12] WARN  util.JvmPauseMonitor (JvmPauseMonitor.java:detectPause(124)) - JvmPauseMonitor-c22c8f81-1e38-483d-9a9f-669266df5e1e: Detected pause in JVM or host machine approximately 0.104s with 0.178s GC time.
GC pool 'PS Scavenge' had collection(s): count=1 time=178ms
2023-06-02 19:47:26,314 [JvmPauseMonitor7] WARN  util.JvmPauseMonitor (JvmPauseMonitor.java:detectPause(124)) - JvmPauseMonitor-f093f0f1-7dc1-44fa-8249-a003f257e421: Detected pause in JVM or host machine approximately 0.104s with 0.178s GC time.
GC pool 'PS Scavenge' had collection(s): count=1 time=178ms
2023-06-02 19:47:26,315 [JvmPauseMonitor4] WARN  util.JvmPauseMonitor (JvmPauseMonitor.java:detectPause(124)) - JvmPauseMonitor-60ac4d22-094a-4270-8266-44944d79861e: Detected pause in JVM or host machine approximately 0.104s with 0.178s GC time.
GC pool 'PS Scavenge' had collection(s): count=1 time=178ms
2023-06-02 19:47:26,727 [BlockDeletingService#0] INFO  interfaces.ContainerDeletionChoosingPolicyTemplate (ContainerDeletionChoosingPolicyTemplate.java:chooseContainerForBlockDeletion(83)) - Chosen 0/5000 blocks from 0 candidate containers.
2023-06-02 19:47:27,141 [IPC Server handler 1 on default port 15001] WARN  node.SCMNodeManager (SCMNodeManager.java:getNodesByAddress(1381)) - Cannot find node for address 127.0.0.1
2023-06-02 19:47:27,142 [IPC Server handler 2 on default port 15001] WARN  node.SCMNodeManager (SCMNodeManager.java:getNodesByAddress(1381)) - Cannot find node for address 127.0.0.1
2023-06-02 19:47:27,145 [IPC Server handler 6 on default port 15001] WARN  node.SCMNodeManager (SCMNodeManager.java:getNodesByAddress(1381)) - Cannot find node for address 127.0.0.1
2023-06-02 19:47:27,146 [IPC Server handler 19 on default port 15001] WARN  node.SCMNodeManager (SCMNodeManager.java:getNodesByAddress(1381)) - Cannot find node for address 127.0.0.1
2023-06-02 19:47:27,197 [BlockDeletingService#0] INFO  interfaces.ContainerDeletionChoosingPolicyTemplate (ContainerDeletionChoosingPolicyTemplate.java:chooseContainerForBlockDeletion(83)) - Chosen 0/5000 blocks from 0 candidate containers.
2023-06-02 19:47:27,203 [IPC Server handler 12 on default port 15001] WARN  node.SCMNodeManager (SCMNodeManager.java:getNodesByAddress(1381)) - Cannot find node for address 127.0.0.1
2023-06-02 19:47:27,206 [IPC Server handler 8 on default port 15001] WARN  node.SCMNodeManager (SCMNodeManager.java:getNodesByAddress(1381)) - Cannot find node for address 127.0.0.1
2023-06-02 19:47:27,207 [IPC Server handler 9 on default port 15001] WARN  node.SCMNodeManager (SCMNodeManager.java:getNodesByAddress(1381)) - Cannot find node for address 127.0.0.1
2023-06-02 19:47:27,211 [IPC Server handler 17 on default port 15001] WARN  node.SCMNodeManager (SCMNodeManager.java:getNodesByAddress(1381)) - Cannot find node for address 127.0.0.1
2023-06-02 19:47:27,213 [IPC Server handler 14 on default port 15001] WARN  node.SCMNodeManager (SCMNodeManager.java:getNodesByAddress(1381)) - Cannot find node for address 127.0.0.1
2023-06-02 19:47:27,214 [IPC Server handler 3 on default port 15001] WARN  node.SCMNodeManager (SCMNodeManager.java:getNodesByAddress(1381)) - Cannot find node for address 127.0.0.1
2023-06-02 19:47:27,659 [BlockDeletingService#0] INFO  interfaces.ContainerDeletionChoosingPolicyTemplate (ContainerDeletionChoosingPolicyTemplate.java:chooseContainerForBlockDeletion(83)) - Chosen 0/5000 blocks from 0 candidate containers.
2023-06-02 19:47:28,008 [BlockDeletingService#0] INFO  interfaces.ContainerDeletionChoosingPolicyTemplate (ContainerDeletionChoosingPolicyTemplate.java:chooseContainerForBlockDeletion(83)) - Chosen 0/5000 blocks from 0 candidate containers.
2023-06-02 19:47:28,358 [BlockDeletingService#0] INFO  interfaces.ContainerDeletionChoosingPolicyTemplate (ContainerDeletionChoosingPolicyTemplate.java:chooseContainerForBlockDeletion(83)) - Chosen 0/5000 blocks from 0 candidate containers.
2023-06-02 19:47:28,908 [BlockDeletingService#0] INFO  interfaces.ContainerDeletionChoosingPolicyTemplate (ContainerDeletionChoosingPolicyTemplate.java:chooseContainerForBlockDeletion(83)) - Chosen 0/5000 blocks from 0 candidate containers.
2023-06-02 19:47:29,027 [IPC Server handler 4 on default port 15001] WARN  node.SCMNodeManager (SCMNodeManager.java:getNodesByAddress(1381)) - Cannot find node for address 127.0.0.1
2023-06-02 19:47:29,028 [IPC Server handler 5 on default port 15001] WARN  node.SCMNodeManager (SCMNodeManager.java:getNodesByAddress(1381)) - Cannot find node for address 127.0.0.1
2023-06-02 19:47:29,029 [IPC Server handler 1 on default port 15001] WARN  node.SCMNodeManager (SCMNodeManager.java:getNodesByAddress(1381)) - Cannot find node for address 127.0.0.1
2023-06-02 19:47:29,031 [IPC Server handler 2 on default port 15001] WARN  node.SCMNodeManager (SCMNodeManager.java:getNodesByAddress(1381)) - Cannot find node for address 127.0.0.1
2023-06-02 19:47:29,032 [IPC Server handler 6 on default port 15001] WARN  node.SCMNodeManager (SCMNodeManager.java:getNodesByAddress(1381)) - Cannot find node for address 127.0.0.1
2023-06-02 19:47:29,035 [IPC Server handler 19 on default port 15001] WARN  node.SCMNodeManager (SCMNodeManager.java:getNodesByAddress(1381)) - Cannot find node for address 127.0.0.1
2023-06-02 19:47:29,059 [IPC Server handler 12 on default port 15001] WARN  node.SCMNodeManager (SCMNodeManager.java:getNodesByAddress(1381)) - Cannot find node for address 127.0.0.1
2023-06-02 19:47:29,061 [IPC Server handler 8 on default port 15001] WARN  node.SCMNodeManager (SCMNodeManager.java:getNodesByAddress(1381)) - Cannot find node for address 127.0.0.1
2023-06-02 19:47:29,062 [IPC Server handler 9 on default port 15001] WARN  node.SCMNodeManager (SCMNodeManager.java:getNodesByAddress(1381)) - Cannot find node for address 127.0.0.1
2023-06-02 19:47:29,065 [IPC Server handler 17 on default port 15001] WARN  node.SCMNodeManager (SCMNodeManager.java:getNodesByAddress(1381)) - Cannot find node for address 127.0.0.1
2023-06-02 19:47:29,066 [IPC Server handler 14 on default port 15001] WARN  node.SCMNodeManager (SCMNodeManager.java:getNodesByAddress(1381)) - Cannot find node for address 127.0.0.1
2023-06-02 19:47:29,066 [IPC Server handler 3 on default port 15001] WARN  node.SCMNodeManager (SCMNodeManager.java:getNodesByAddress(1381)) - Cannot find node for address 127.0.0.1
2023-06-02 19:47:29,907 [BlockDeletingService#0] INFO  interfaces.ContainerDeletionChoosingPolicyTemplate (ContainerDeletionChoosingPolicyTemplate.java:chooseContainerForBlockDeletion(83)) - Chosen 0/5000 blocks from 0 candidate containers.
2023-06-02 19:47:29,917 [JvmPauseMonitor13] WARN  util.JvmPauseMonitor (JvmPauseMonitor.java:detectPause(124)) - JvmPauseMonitor-a3512fa8-98cf-431f-8bbe-512df84cf246: Detected pause in JVM or host machine approximately 0.255s with 0.453s GC time.
GC pool 'PS MarkSweep' had collection(s): count=1 time=375ms
GC pool 'PS Scavenge' had collection(s): count=1 time=78ms
2023-06-02 19:47:29,917 [JvmPauseMonitor14] WARN  util.JvmPauseMonitor (JvmPauseMonitor.java:detectPause(124)) - JvmPauseMonitor-b4e9a744-1e05-4b97-b8d6-36b228de0114: Detected pause in JVM or host machine approximately 0.255s with 0.453s GC time.
GC pool 'PS MarkSweep' had collection(s): count=1 time=375ms
GC pool 'PS Scavenge' had collection(s): count=1 time=78ms
2023-06-02 19:47:29,917 [JvmPauseMonitor5] WARN  util.JvmPauseMonitor (JvmPauseMonitor.java:detectPause(124)) - JvmPauseMonitor-42efe73c-3d9d-41e2-b05d-c69b43a81cba: Detected pause in JVM or host machine approximately 0.256s with 0.453s GC time.
GC pool 'PS MarkSweep' had collection(s): count=1 time=375ms
GC pool 'PS Scavenge' had collection(s): count=1 time=78ms
2023-06-02 19:47:29,918 [3e53829d-da6c-4746-b554-01bfe538e40e@group-C0A7CF4346C3-FollowerState] WARN  impl.FollowerState (FollowerState.java:run(130)) - Unexpected long sleep: sleep 5125ms but took extra 360322314ns (> threshold = 300ms)
2023-06-02 19:47:29,921 [BlockDeletingService#0] INFO  interfaces.ContainerDeletionChoosingPolicyTemplate (ContainerDeletionChoosingPolicyTemplate.java:chooseContainerForBlockDeletion(83)) - Chosen 0/5000 blocks from 0 candidate containers.
2023-06-02 19:47:30,341 [BlockDeletingService#0] INFO  interfaces.ContainerDeletionChoosingPolicyTemplate (ContainerDeletionChoosingPolicyTemplate.java:chooseContainerForBlockDeletion(83)) - Chosen 0/5000 blocks from 0 candidate containers.
2023-06-02 19:47:30,802 [IPC Server handler 10 on default port 15001] WARN  node.SCMNodeManager (SCMNodeManager.java:getNodesByAddress(1381)) - Cannot find node for address 127.0.0.1
2023-06-02 19:47:30,803 [IPC Server handler 15 on default port 15001] WARN  node.SCMNodeManager (SCMNodeManager.java:getNodesByAddress(1381)) - Cannot find node for address 127.0.0.1
2023-06-02 19:47:30,803 [IPC Server handler 0 on default port 15001] WARN  node.SCMNodeManager (SCMNodeManager.java:getNodesByAddress(1381)) - Cannot find node for address 127.0.0.1
2023-06-02 19:47:30,806 [IPC Server handler 11 on default port 15001] WARN  node.SCMNodeManager (SCMNodeManager.java:getNodesByAddress(1381)) - Cannot find node for address 127.0.0.1
2023-06-02 19:47:30,808 [IPC Server handler 13 on default port 15001] WARN  node.SCMNodeManager (SCMNodeManager.java:getNodesByAddress(1381)) - Cannot find node for address 127.0.0.1
2023-06-02 19:47:30,808 [IPC Server handler 16 on default port 15001] WARN  node.SCMNodeManager (SCMNodeManager.java:getNodesByAddress(1381)) - Cannot find node for address 127.0.0.1
2023-06-02 19:47:30,814 [BlockDeletingService#0] INFO  interfaces.ContainerDeletionChoosingPolicyTemplate (ContainerDeletionChoosingPolicyTemplate.java:chooseContainerForBlockDeletion(83)) - Chosen 0/5000 blocks from 0 candidate containers.
2023-06-02 19:47:30,866 [IPC Server handler 7 on default port 15001] WARN  node.SCMNodeManager (SCMNodeManager.java:getNodesByAddress(1381)) - Cannot find node for address 127.0.0.1
2023-06-02 19:47:30,867 [IPC Server handler 4 on default port 15001] WARN  node.SCMNodeManager (SCMNodeManager.java:getNodesByAddress(1381)) - Cannot find node for address 127.0.0.1
2023-06-02 19:47:30,868 [IPC Server handler 19 on default port 15001] WARN  node.SCMNodeManager (SCMNodeManager.java:getNodesByAddress(1381)) - Cannot find node for address 127.0.0.1
2023-06-02 19:47:30,872 [IPC Server handler 6 on default port 15001] WARN  node.SCMNodeManager (SCMNodeManager.java:getNodesByAddress(1381)) - Cannot find node for address 127.0.0.1
2023-06-02 19:47:30,872 [IPC Server handler 2 on default port 15001] WARN  node.SCMNodeManager (SCMNodeManager.java:getNodesByAddress(1381)) - Cannot find node for address 127.0.0.1
2023-06-02 19:47:30,873 [IPC Server handler 1 on default port 15001] WARN  node.SCMNodeManager (SCMNodeManager.java:getNodesByAddress(1381)) - Cannot find node for address 127.0.0.1
2023-06-02 19:47:31,229 [BlockDeletingService#0] INFO  interfaces.ContainerDeletionChoosingPolicyTemplate (ContainerDeletionChoosingPolicyTemplate.java:chooseContainerForBlockDeletion(83)) - Chosen 0/5000 blocks from 0 candidate containers.
2023-06-02 19:47:32,009 [BlockDeletingService#0] INFO  interfaces.ContainerDeletionChoosingPolicyTemplate (ContainerDeletionChoosingPolicyTemplate.java:chooseContainerForBlockDeletion(83)) - Chosen 0/5000 blocks from 0 candidate containers.
2023-06-02 19:47:32,160 [IPC Server handler 10 on default port 15001] WARN  node.SCMNodeManager (SCMNodeManager.java:getNodesByAddress(1381)) - Cannot find node for address 127.0.0.1
2023-06-02 19:47:32,161 [IPC Server handler 15 on default port 15001] WARN  node.SCMNodeManager (SCMNodeManager.java:getNodesByAddress(1381)) - Cannot find node for address 127.0.0.1
2023-06-02 19:47:32,163 [IPC Server handler 0 on default port 15001] WARN  node.SCMNodeManager (SCMNodeManager.java:getNodesByAddress(1381)) - Cannot find node for address 127.0.0.1
2023-06-02 19:47:32,164 [IPC Server handler 11 on default port 15001] WARN  node.SCMNodeManager (SCMNodeManager.java:getNodesByAddress(1381)) - Cannot find node for address 127.0.0.1
2023-06-02 19:47:32,228 [IPC Server handler 13 on default port 15001] WARN  node.SCMNodeManager (SCMNodeManager.java:getNodesByAddress(1381)) - Cannot find node for address 127.0.0.1
2023-06-02 19:47:32,229 [IPC Server handler 16 on default port 15001] WARN  node.SCMNodeManager (SCMNodeManager.java:getNodesByAddress(1381)) - Cannot find node for address 127.0.0.1
2023-06-02 19:47:32,230 [IPC Server handler 7 on default port 15001] WARN  node.SCMNodeManager (SCMNodeManager.java:getNodesByAddress(1381)) - Cannot find node for address 127.0.0.1
2023-06-02 19:47:32,233 [IPC Server handler 4 on default port 15001] WARN  node.SCMNodeManager (SCMNodeManager.java:getNodesByAddress(1381)) - Cannot find node for address 127.0.0.1
2023-06-02 19:47:32,235 [IPC Server handler 19 on default port 15001] WARN  node.SCMNodeManager (SCMNodeManager.java:getNodesByAddress(1381)) - Cannot find node for address 127.0.0.1
2023-06-02 19:47:32,236 [IPC Server handler 6 on default port 15001] WARN  node.SCMNodeManager (SCMNodeManager.java:getNodesByAddress(1381)) - Cannot find node for address 127.0.0.1
]]></system-out>
  </testcase>
  <testcase name="testPutKeyWithReplicationConfig(String, boolean)[1]" classname="org.apache.hadoop.ozone.client.rpc.TestOzoneRpcClientWithRatis" time="0.016">
    <system-out><![CDATA[2023-06-02 19:47:32,435 [main] INFO  rpc.RpcClient (RpcClient.java:createVolume(459)) - Creating Volume: 061dc9ea-ef56-47b4-a6f2-43b0e055edca, with runner as owner and space quota set to -1 bytes, counts quota set to -1
2023-06-02 19:47:32,438 [OM StateMachine ApplyTransaction Thread - 0] INFO  volume.OMVolumeCreateRequest (OMVolumeCreateRequest.java:validateAndUpdateCache(196)) - created volume:061dc9ea-ef56-47b4-a6f2-43b0e055edca for user:runner
2023-06-02 19:47:32,439 [main] INFO  rpc.RpcClient (RpcClient.java:createBucket(686)) - Creating Bucket: 061dc9ea-ef56-47b4-a6f2-43b0e055edca/ce83c401-9fda-446d-8508-f0321821ed2a, with server-side default bucket layout, runner as owner, Versioning false, Storage Type set to DISK and Encryption set to false, Replication Type set to server-side default replication type, Namespace Quota set to -1, Space Quota set to -1 
2023-06-02 19:47:32,442 [OM StateMachine ApplyTransaction Thread - 0] INFO  bucket.OMBucketCreateRequest (OMBucketCreateRequest.java:validateAndUpdateCache(270)) - created bucket: ce83c401-9fda-446d-8508-f0321821ed2a of layout FILE_SYSTEM_OPTIMIZED in volume: 061dc9ea-ef56-47b4-a6f2-43b0e055edca
]]></system-out>
  </testcase>
  <testcase name="testPutKeyWithReplicationConfig(String, boolean)[2]" classname="org.apache.hadoop.ozone.client.rpc.TestOzoneRpcClientWithRatis" time="0.01">
    <system-out><![CDATA[2023-06-02 19:47:32,451 [main] INFO  rpc.RpcClient (RpcClient.java:createVolume(459)) - Creating Volume: 0439801d-ce0f-47cb-8d95-2c6e73cb9c0d, with runner as owner and space quota set to -1 bytes, counts quota set to -1
2023-06-02 19:47:32,454 [OM StateMachine ApplyTransaction Thread - 0] INFO  volume.OMVolumeCreateRequest (OMVolumeCreateRequest.java:validateAndUpdateCache(196)) - created volume:0439801d-ce0f-47cb-8d95-2c6e73cb9c0d for user:runner
2023-06-02 19:47:32,455 [main] INFO  rpc.RpcClient (RpcClient.java:createBucket(686)) - Creating Bucket: 0439801d-ce0f-47cb-8d95-2c6e73cb9c0d/396d3e16-0f83-47a6-98f0-e18f242365ba, with server-side default bucket layout, runner as owner, Versioning false, Storage Type set to DISK and Encryption set to false, Replication Type set to server-side default replication type, Namespace Quota set to -1, Space Quota set to -1 
2023-06-02 19:47:32,457 [OM StateMachine ApplyTransaction Thread - 0] INFO  bucket.OMBucketCreateRequest (OMBucketCreateRequest.java:validateAndUpdateCache(270)) - created bucket: 396d3e16-0f83-47a6-98f0-e18f242365ba of layout FILE_SYSTEM_OPTIMIZED in volume: 0439801d-ce0f-47cb-8d95-2c6e73cb9c0d
]]></system-out>
  </testcase>
  <testcase name="testPutKeyWithReplicationConfig(String, boolean)[3]" classname="org.apache.hadoop.ozone.client.rpc.TestOzoneRpcClientWithRatis" time="0.144">
    <system-out><![CDATA[2023-06-02 19:47:32,460 [BlockDeletingService#0] INFO  interfaces.ContainerDeletionChoosingPolicyTemplate (ContainerDeletionChoosingPolicyTemplate.java:chooseContainerForBlockDeletion(83)) - Chosen 0/5000 blocks from 0 candidate containers.
2023-06-02 19:47:32,464 [main] INFO  rpc.RpcClient (RpcClient.java:createVolume(459)) - Creating Volume: 6df7f3fb-13dd-4a5b-8f88-4843428e264a, with runner as owner and space quota set to -1 bytes, counts quota set to -1
2023-06-02 19:47:32,468 [OM StateMachine ApplyTransaction Thread - 0] INFO  volume.OMVolumeCreateRequest (OMVolumeCreateRequest.java:validateAndUpdateCache(196)) - created volume:6df7f3fb-13dd-4a5b-8f88-4843428e264a for user:runner
2023-06-02 19:47:32,470 [main] INFO  rpc.RpcClient (RpcClient.java:createBucket(686)) - Creating Bucket: 6df7f3fb-13dd-4a5b-8f88-4843428e264a/cdc4827c-652f-4985-99ea-b1eedf5b57bc, with server-side default bucket layout, runner as owner, Versioning false, Storage Type set to DISK and Encryption set to false, Replication Type set to server-side default replication type, Namespace Quota set to -1, Space Quota set to -1 
2023-06-02 19:47:32,471 [OM StateMachine ApplyTransaction Thread - 0] INFO  bucket.OMBucketCreateRequest (OMBucketCreateRequest.java:validateAndUpdateCache(270)) - created bucket: cdc4827c-652f-4985-99ea-b1eedf5b57bc of layout FILE_SYSTEM_OPTIMIZED in volume: 6df7f3fb-13dd-4a5b-8f88-4843428e264a
2023-06-02 19:47:32,597 [IPC Server handler 1 on default port 15001] WARN  node.SCMNodeManager (SCMNodeManager.java:getNodesByAddress(1381)) - Cannot find node for address 127.0.0.1
2023-06-02 19:47:32,600 [IPC Server handler 8 on default port 15001] WARN  node.SCMNodeManager (SCMNodeManager.java:getNodesByAddress(1381)) - Cannot find node for address 127.0.0.1
]]></system-out>
  </testcase>
  <testcase name="testPutKeyWithReplicationConfig(String, boolean)[4]" classname="org.apache.hadoop.ozone.client.rpc.TestOzoneRpcClientWithRatis" time="0.221">
    <system-out><![CDATA[2023-06-02 19:47:32,609 [main] INFO  rpc.RpcClient (RpcClient.java:createVolume(459)) - Creating Volume: 18f37e6f-bbfc-43f3-98ff-edd1df9cd10b, with runner as owner and space quota set to -1 bytes, counts quota set to -1
2023-06-02 19:47:32,611 [OM StateMachine ApplyTransaction Thread - 0] INFO  volume.OMVolumeCreateRequest (OMVolumeCreateRequest.java:validateAndUpdateCache(196)) - created volume:18f37e6f-bbfc-43f3-98ff-edd1df9cd10b for user:runner
2023-06-02 19:47:32,612 [main] INFO  rpc.RpcClient (RpcClient.java:createBucket(686)) - Creating Bucket: 18f37e6f-bbfc-43f3-98ff-edd1df9cd10b/71b09ebd-573e-43b4-80bc-5db0bb1b8803, with server-side default bucket layout, runner as owner, Versioning false, Storage Type set to DISK and Encryption set to false, Replication Type set to server-side default replication type, Namespace Quota set to -1, Space Quota set to -1 
2023-06-02 19:47:32,614 [OM StateMachine ApplyTransaction Thread - 0] INFO  bucket.OMBucketCreateRequest (OMBucketCreateRequest.java:validateAndUpdateCache(270)) - created bucket: 71b09ebd-573e-43b4-80bc-5db0bb1b8803 of layout FILE_SYSTEM_OPTIMIZED in volume: 18f37e6f-bbfc-43f3-98ff-edd1df9cd10b
2023-06-02 19:47:32,618 [IPC Server handler 5 on default port 15001] INFO  pipeline.PipelineStateManagerImpl (PipelineStateManagerImpl.java:addPipeline(103)) - Created pipeline Pipeline[ Id: e119fc91-d3c1-4264-b203-a74808cafaa8, Nodes: 3444f24d-5019-4db9-b49c-a7d3f58b79dc(fv-az459-618.msq0az1vewme3jsxyslsv0htic.jx.internal.cloudapp.net/10.1.26.0)0510a9b5-5640-4405-855a-d41528cb8ad5(fv-az459-618.msq0az1vewme3jsxyslsv0htic.jx.internal.cloudapp.net/10.1.26.0)68e68f39-32fc-4b84-93e4-f20720881325(fv-az459-618.msq0az1vewme3jsxyslsv0htic.jx.internal.cloudapp.net/10.1.26.0)c22c8f81-1e38-483d-9a9f-669266df5e1e(fv-az459-618.msq0az1vewme3jsxyslsv0htic.jx.internal.cloudapp.net/10.1.26.0)9e7d7045-1d4c-4270-9434-63584a31babd(fv-az459-618.msq0az1vewme3jsxyslsv0htic.jx.internal.cloudapp.net/10.1.26.0)b4e9a744-1e05-4b97-b8d6-36b228de0114(fv-az459-618.msq0az1vewme3jsxyslsv0htic.jx.internal.cloudapp.net/10.1.26.0)f093f0f1-7dc1-44fa-8249-a003f257e421(fv-az459-618.msq0az1vewme3jsxyslsv0htic.jx.internal.cloudapp.net/10.1.26.0)37ff51e8-4d98-426c-9b80-6778ef5a23bd(fv-az459-618.msq0az1vewme3jsxyslsv0htic.jx.internal.cloudapp.net/10.1.26.0)93e73215-cf0c-4899-893f-1e32053e8cf3(fv-az459-618.msq0az1vewme3jsxyslsv0htic.jx.internal.cloudapp.net/10.1.26.0), ReplicationConfig: EC{rs-6-3-1024k}, State:ALLOCATED, leaderId:, CreationTimestamp2023-06-02T19:47:32.617Z[Etc/UTC]].
2023-06-02 19:47:32,619 [IPC Server handler 5 on default port 15001] INFO  pipeline.PipelineManagerImpl (PipelineManagerImpl.java:openPipeline(367)) - Pipeline Pipeline[ Id: e119fc91-d3c1-4264-b203-a74808cafaa8, Nodes: 3444f24d-5019-4db9-b49c-a7d3f58b79dc(fv-az459-618.msq0az1vewme3jsxyslsv0htic.jx.internal.cloudapp.net/10.1.26.0)0510a9b5-5640-4405-855a-d41528cb8ad5(fv-az459-618.msq0az1vewme3jsxyslsv0htic.jx.internal.cloudapp.net/10.1.26.0)68e68f39-32fc-4b84-93e4-f20720881325(fv-az459-618.msq0az1vewme3jsxyslsv0htic.jx.internal.cloudapp.net/10.1.26.0)c22c8f81-1e38-483d-9a9f-669266df5e1e(fv-az459-618.msq0az1vewme3jsxyslsv0htic.jx.internal.cloudapp.net/10.1.26.0)9e7d7045-1d4c-4270-9434-63584a31babd(fv-az459-618.msq0az1vewme3jsxyslsv0htic.jx.internal.cloudapp.net/10.1.26.0)b4e9a744-1e05-4b97-b8d6-36b228de0114(fv-az459-618.msq0az1vewme3jsxyslsv0htic.jx.internal.cloudapp.net/10.1.26.0)f093f0f1-7dc1-44fa-8249-a003f257e421(fv-az459-618.msq0az1vewme3jsxyslsv0htic.jx.internal.cloudapp.net/10.1.26.0)37ff51e8-4d98-426c-9b80-6778ef5a23bd(fv-az459-618.msq0az1vewme3jsxyslsv0htic.jx.internal.cloudapp.net/10.1.26.0)93e73215-cf0c-4899-893f-1e32053e8cf3(fv-az459-618.msq0az1vewme3jsxyslsv0htic.jx.internal.cloudapp.net/10.1.26.0), ReplicationConfig: EC{rs-6-3-1024k}, State:ALLOCATED, leaderId:, CreationTimestamp2023-06-02T19:47:32.617Z[Etc/UTC]] moved to OPEN state
2023-06-02 19:47:32,789 [BlockDeletingService#0] INFO  interfaces.ContainerDeletionChoosingPolicyTemplate (ContainerDeletionChoosingPolicyTemplate.java:chooseContainerForBlockDeletion(83)) - Chosen 0/5000 blocks from 0 candidate containers.
2023-06-02 19:47:32,812 [IPC Server handler 9 on default port 15001] WARN  node.SCMNodeManager (SCMNodeManager.java:getNodesByAddress(1381)) - Cannot find node for address 127.0.0.1
2023-06-02 19:47:32,814 [IPC Server handler 3 on default port 15001] WARN  node.SCMNodeManager (SCMNodeManager.java:getNodesByAddress(1381)) - Cannot find node for address 127.0.0.1
]]></system-out>
  </testcase>
  <testcase name="testPutKeyWithReplicationConfig(String, boolean)[5]" classname="org.apache.hadoop.ozone.client.rpc.TestOzoneRpcClientWithRatis" time="0.202">
    <system-out><![CDATA[2023-06-02 19:47:32,830 [main] INFO  rpc.RpcClient (RpcClient.java:createVolume(459)) - Creating Volume: 3eec34de-b197-48f3-9512-3794829c22cb, with runner as owner and space quota set to -1 bytes, counts quota set to -1
2023-06-02 19:47:32,832 [OM StateMachine ApplyTransaction Thread - 0] INFO  volume.OMVolumeCreateRequest (OMVolumeCreateRequest.java:validateAndUpdateCache(196)) - created volume:3eec34de-b197-48f3-9512-3794829c22cb for user:runner
2023-06-02 19:47:32,833 [main] INFO  rpc.RpcClient (RpcClient.java:createBucket(686)) - Creating Bucket: 3eec34de-b197-48f3-9512-3794829c22cb/b644cbe0-cfc1-4d59-acf8-8bc4f96f5f71, with server-side default bucket layout, runner as owner, Versioning false, Storage Type set to DISK and Encryption set to false, Replication Type set to server-side default replication type, Namespace Quota set to -1, Space Quota set to -1 
2023-06-02 19:47:32,835 [OM StateMachine ApplyTransaction Thread - 0] INFO  bucket.OMBucketCreateRequest (OMBucketCreateRequest.java:validateAndUpdateCache(270)) - created bucket: b644cbe0-cfc1-4d59-acf8-8bc4f96f5f71 of layout FILE_SYSTEM_OPTIMIZED in volume: 3eec34de-b197-48f3-9512-3794829c22cb
2023-06-02 19:47:32,839 [IPC Server handler 14 on default port 15001] INFO  pipeline.PipelineStateManagerImpl (PipelineStateManagerImpl.java:addPipeline(103)) - Created pipeline Pipeline[ Id: 16188082-2d66-4ce6-9878-b4501810ff9b, Nodes: 68e68f39-32fc-4b84-93e4-f20720881325(fv-az459-618.msq0az1vewme3jsxyslsv0htic.jx.internal.cloudapp.net/10.1.26.0)60ac4d22-094a-4270-8266-44944d79861e(fv-az459-618.msq0az1vewme3jsxyslsv0htic.jx.internal.cloudapp.net/10.1.26.0)a3512fa8-98cf-431f-8bbe-512df84cf246(fv-az459-618.msq0az1vewme3jsxyslsv0htic.jx.internal.cloudapp.net/10.1.26.0)9e7d7045-1d4c-4270-9434-63584a31babd(fv-az459-618.msq0az1vewme3jsxyslsv0htic.jx.internal.cloudapp.net/10.1.26.0)c22c8f81-1e38-483d-9a9f-669266df5e1e(fv-az459-618.msq0az1vewme3jsxyslsv0htic.jx.internal.cloudapp.net/10.1.26.0)f5a51868-327c-422c-ad14-d572ec0233ee(fv-az459-618.msq0az1vewme3jsxyslsv0htic.jx.internal.cloudapp.net/10.1.26.0)42efe73c-3d9d-41e2-b05d-c69b43a81cba(fv-az459-618.msq0az1vewme3jsxyslsv0htic.jx.internal.cloudapp.net/10.1.26.0)93e73215-cf0c-4899-893f-1e32053e8cf3(fv-az459-618.msq0az1vewme3jsxyslsv0htic.jx.internal.cloudapp.net/10.1.26.0)3444f24d-5019-4db9-b49c-a7d3f58b79dc(fv-az459-618.msq0az1vewme3jsxyslsv0htic.jx.internal.cloudapp.net/10.1.26.0)3e53829d-da6c-4746-b554-01bfe538e40e(fv-az459-618.msq0az1vewme3jsxyslsv0htic.jx.internal.cloudapp.net/10.1.26.0)37ff51e8-4d98-426c-9b80-6778ef5a23bd(fv-az459-618.msq0az1vewme3jsxyslsv0htic.jx.internal.cloudapp.net/10.1.26.0)b4e9a744-1e05-4b97-b8d6-36b228de0114(fv-az459-618.msq0az1vewme3jsxyslsv0htic.jx.internal.cloudapp.net/10.1.26.0)0510a9b5-5640-4405-855a-d41528cb8ad5(fv-az459-618.msq0az1vewme3jsxyslsv0htic.jx.internal.cloudapp.net/10.1.26.0)f093f0f1-7dc1-44fa-8249-a003f257e421(fv-az459-618.msq0az1vewme3jsxyslsv0htic.jx.internal.cloudapp.net/10.1.26.0), ReplicationConfig: EC{rs-10-4-1024k}, State:ALLOCATED, leaderId:, CreationTimestamp2023-06-02T19:47:32.838Z[Etc/UTC]].
2023-06-02 19:47:32,841 [IPC Server handler 14 on default port 15001] INFO  pipeline.PipelineManagerImpl (PipelineManagerImpl.java:openPipeline(367)) - Pipeline Pipeline[ Id: 16188082-2d66-4ce6-9878-b4501810ff9b, Nodes: 68e68f39-32fc-4b84-93e4-f20720881325(fv-az459-618.msq0az1vewme3jsxyslsv0htic.jx.internal.cloudapp.net/10.1.26.0)60ac4d22-094a-4270-8266-44944d79861e(fv-az459-618.msq0az1vewme3jsxyslsv0htic.jx.internal.cloudapp.net/10.1.26.0)a3512fa8-98cf-431f-8bbe-512df84cf246(fv-az459-618.msq0az1vewme3jsxyslsv0htic.jx.internal.cloudapp.net/10.1.26.0)9e7d7045-1d4c-4270-9434-63584a31babd(fv-az459-618.msq0az1vewme3jsxyslsv0htic.jx.internal.cloudapp.net/10.1.26.0)c22c8f81-1e38-483d-9a9f-669266df5e1e(fv-az459-618.msq0az1vewme3jsxyslsv0htic.jx.internal.cloudapp.net/10.1.26.0)f5a51868-327c-422c-ad14-d572ec0233ee(fv-az459-618.msq0az1vewme3jsxyslsv0htic.jx.internal.cloudapp.net/10.1.26.0)42efe73c-3d9d-41e2-b05d-c69b43a81cba(fv-az459-618.msq0az1vewme3jsxyslsv0htic.jx.internal.cloudapp.net/10.1.26.0)93e73215-cf0c-4899-893f-1e32053e8cf3(fv-az459-618.msq0az1vewme3jsxyslsv0htic.jx.internal.cloudapp.net/10.1.26.0)3444f24d-5019-4db9-b49c-a7d3f58b79dc(fv-az459-618.msq0az1vewme3jsxyslsv0htic.jx.internal.cloudapp.net/10.1.26.0)3e53829d-da6c-4746-b554-01bfe538e40e(fv-az459-618.msq0az1vewme3jsxyslsv0htic.jx.internal.cloudapp.net/10.1.26.0)37ff51e8-4d98-426c-9b80-6778ef5a23bd(fv-az459-618.msq0az1vewme3jsxyslsv0htic.jx.internal.cloudapp.net/10.1.26.0)b4e9a744-1e05-4b97-b8d6-36b228de0114(fv-az459-618.msq0az1vewme3jsxyslsv0htic.jx.internal.cloudapp.net/10.1.26.0)0510a9b5-5640-4405-855a-d41528cb8ad5(fv-az459-618.msq0az1vewme3jsxyslsv0htic.jx.internal.cloudapp.net/10.1.26.0)f093f0f1-7dc1-44fa-8249-a003f257e421(fv-az459-618.msq0az1vewme3jsxyslsv0htic.jx.internal.cloudapp.net/10.1.26.0), ReplicationConfig: EC{rs-10-4-1024k}, State:ALLOCATED, leaderId:, CreationTimestamp2023-06-02T19:47:32.838Z[Etc/UTC]] moved to OPEN state
2023-06-02 19:47:33,021 [IPC Server handler 17 on default port 15001] WARN  node.SCMNodeManager (SCMNodeManager.java:getNodesByAddress(1381)) - Cannot find node for address 127.0.0.1
2023-06-02 19:47:33,023 [IPC Server handler 12 on default port 15001] WARN  node.SCMNodeManager (SCMNodeManager.java:getNodesByAddress(1381)) - Cannot find node for address 127.0.0.1
]]></system-out>
  </testcase>
  <testcase name="testReadKeyWithCorruptedData" classname="org.apache.hadoop.ozone.client.rpc.TestOzoneRpcClientWithRatis" time="0.099">
    <system-out><![CDATA[2023-06-02 19:47:33,032 [main] INFO  rpc.RpcClient (RpcClient.java:createVolume(459)) - Creating Volume: da342b16-d681-468c-9f1a-a13d91e5a59e, with runner as owner and space quota set to -1 bytes, counts quota set to -1
2023-06-02 19:47:33,034 [OM StateMachine ApplyTransaction Thread - 0] INFO  volume.OMVolumeCreateRequest (OMVolumeCreateRequest.java:validateAndUpdateCache(196)) - created volume:da342b16-d681-468c-9f1a-a13d91e5a59e for user:runner
2023-06-02 19:47:33,036 [main] INFO  rpc.RpcClient (RpcClient.java:createBucket(686)) - Creating Bucket: da342b16-d681-468c-9f1a-a13d91e5a59e/60519c8e-ee7e-43ad-9d65-4edc6e1a4a7c, with server-side default bucket layout, runner as owner, Versioning false, Storage Type set to DISK and Encryption set to false, Replication Type set to server-side default replication type, Namespace Quota set to -1, Space Quota set to -1 
2023-06-02 19:47:33,038 [OM StateMachine ApplyTransaction Thread - 0] INFO  bucket.OMBucketCreateRequest (OMBucketCreateRequest.java:validateAndUpdateCache(270)) - created bucket: 60519c8e-ee7e-43ad-9d65-4edc6e1a4a7c of layout FILE_SYSTEM_OPTIMIZED in volume: da342b16-d681-468c-9f1a-a13d91e5a59e
2023-06-02 19:47:33,055 [IPC Server handler 10 on default port 15001] WARN  node.SCMNodeManager (SCMNodeManager.java:getNodesByAddress(1381)) - Cannot find node for address 127.0.0.1
2023-06-02 19:47:33,116 [IPC Server handler 15 on default port 15001] WARN  node.SCMNodeManager (SCMNodeManager.java:getNodesByAddress(1381)) - Cannot find node for address 127.0.0.1
2023-06-02 19:47:33,121 [main] ERROR scm.XceiverClientGrpc (XceiverClientGrpc.java:sendCommandWithRetry(453)) - Failed to execute command ReadChunk on the pipeline Pipeline[ Id: e688934b-2b4d-4cc0-b470-80a260e51cec, Nodes: 60ac4d22-094a-4270-8266-44944d79861e(fv-az459-618.msq0az1vewme3jsxyslsv0htic.jx.internal.cloudapp.net/10.1.26.0), ReplicationConfig: STANDALONE/ONE, State:OPEN, leaderId:60ac4d22-094a-4270-8266-44944d79861e, CreationTimestamp2023-06-02T19:46:38.946Z[Etc/UTC]].
2023-06-02 19:47:33,127 [main] ERROR scm.XceiverClientGrpc (XceiverClientGrpc.java:sendCommandWithRetry(453)) - Failed to execute command ReadChunk on the pipeline Pipeline[ Id: e688934b-2b4d-4cc0-b470-80a260e51cec, Nodes: 60ac4d22-094a-4270-8266-44944d79861e(fv-az459-618.msq0az1vewme3jsxyslsv0htic.jx.internal.cloudapp.net/10.1.26.0), ReplicationConfig: STANDALONE/ONE, State:OPEN, leaderId:60ac4d22-094a-4270-8266-44944d79861e, CreationTimestamp2023-06-02T19:46:38.946Z[Etc/UTC]].
2023-06-02 19:47:33,129 [main] ERROR scm.XceiverClientGrpc (XceiverClientGrpc.java:sendCommandWithRetry(453)) - Failed to execute command ReadChunk on the pipeline Pipeline[ Id: e688934b-2b4d-4cc0-b470-80a260e51cec, Nodes: 60ac4d22-094a-4270-8266-44944d79861e(fv-az459-618.msq0az1vewme3jsxyslsv0htic.jx.internal.cloudapp.net/10.1.26.0), ReplicationConfig: STANDALONE/ONE, State:OPEN, leaderId:60ac4d22-094a-4270-8266-44944d79861e, CreationTimestamp2023-06-02T19:46:38.946Z[Etc/UTC]].
]]></system-out>
  </testcase>
  <testcase name="testReadKeyWithCorruptedDataWithMutiNodes" classname="org.apache.hadoop.ozone.client.rpc.TestOzoneRpcClientWithRatis" time="0.148">
    <system-out><![CDATA[2023-06-02 19:47:33,131 [main] INFO  rpc.RpcClient (RpcClient.java:createVolume(459)) - Creating Volume: cbcb0db3-1da8-4575-b480-c14bf809043f, with runner as owner and space quota set to -1 bytes, counts quota set to -1
2023-06-02 19:47:33,133 [OM StateMachine ApplyTransaction Thread - 0] INFO  volume.OMVolumeCreateRequest (OMVolumeCreateRequest.java:validateAndUpdateCache(196)) - created volume:cbcb0db3-1da8-4575-b480-c14bf809043f for user:runner
2023-06-02 19:47:33,135 [main] INFO  rpc.RpcClient (RpcClient.java:createBucket(686)) - Creating Bucket: cbcb0db3-1da8-4575-b480-c14bf809043f/ee3a5074-639a-4729-a8ef-41f5a19f621d, with server-side default bucket layout, runner as owner, Versioning false, Storage Type set to DISK and Encryption set to false, Replication Type set to server-side default replication type, Namespace Quota set to -1, Space Quota set to -1 
2023-06-02 19:47:33,136 [OM StateMachine ApplyTransaction Thread - 0] INFO  bucket.OMBucketCreateRequest (OMBucketCreateRequest.java:validateAndUpdateCache(270)) - created bucket: ee3a5074-639a-4729-a8ef-41f5a19f621d of layout FILE_SYSTEM_OPTIMIZED in volume: cbcb0db3-1da8-4575-b480-c14bf809043f
2023-06-02 19:47:33,184 [IPC Server handler 13 on default port 15001] WARN  node.SCMNodeManager (SCMNodeManager.java:getNodesByAddress(1381)) - Cannot find node for address 127.0.0.1
2023-06-02 19:47:33,192 [IPC Server handler 16 on default port 15001] WARN  node.SCMNodeManager (SCMNodeManager.java:getNodesByAddress(1381)) - Cannot find node for address 127.0.0.1
2023-06-02 19:47:33,211 [IPC Server handler 7 on default port 15001] WARN  node.SCMNodeManager (SCMNodeManager.java:getNodesByAddress(1381)) - Cannot find node for address 127.0.0.1
2023-06-02 19:47:33,225 [IPC Server handler 4 on default port 15001] WARN  node.SCMNodeManager (SCMNodeManager.java:getNodesByAddress(1381)) - Cannot find node for address 127.0.0.1
2023-06-02 19:47:33,233 [main] ERROR scm.XceiverClientGrpc (XceiverClientGrpc.java:sendCommandWithRetry(453)) - Failed to execute command ReadChunk on the pipeline Pipeline[ Id: cfb787f3-52f4-4437-91cf-498250132de1, Nodes: 60ac4d22-094a-4270-8266-44944d79861e(fv-az459-618.msq0az1vewme3jsxyslsv0htic.jx.internal.cloudapp.net/10.1.26.0)f5a51868-327c-422c-ad14-d572ec0233ee(fv-az459-618.msq0az1vewme3jsxyslsv0htic.jx.internal.cloudapp.net/10.1.26.0)9e7d7045-1d4c-4270-9434-63584a31babd(fv-az459-618.msq0az1vewme3jsxyslsv0htic.jx.internal.cloudapp.net/10.1.26.0), ReplicationConfig: STANDALONE/THREE, State:OPEN, leaderId:9e7d7045-1d4c-4270-9434-63584a31babd, CreationTimestamp2023-06-02T19:46:29.536Z[Etc/UTC]].
2023-06-02 19:47:33,234 [main] WARN  storage.ContainerProtocolCalls (ContainerProtocolCalls.java:tryEachDatanode(147)) - Failed to read chunk 111677748019200369_chunk_1 (len=12) conID: 7 locID: 111677748019200369 bcsId: 153 from 60ac4d22-094a-4270-8266-44944d79861e(fv-az459-618.msq0az1vewme3jsxyslsv0htic.jx.internal.cloudapp.net/10.1.26.0); will try another datanode.
org.apache.hadoop.ozone.common.OzoneChecksumException: Checksum mismatch at index 0
	at org.apache.hadoop.ozone.common.ChecksumData.verifyChecksumDataMatches(ChecksumData.java:139)
	at org.apache.hadoop.ozone.common.Checksum.verifyChecksum(Checksum.java:295)
	at org.apache.hadoop.hdds.scm.storage.ChunkInputStream.lambda$new$0(ChunkInputStream.java:492)
	at org.apache.hadoop.hdds.scm.XceiverClientGrpc.sendCommandWithRetry(XceiverClientGrpc.java:410)
	at org.apache.hadoop.hdds.scm.XceiverClientGrpc.lambda$sendCommandWithTraceIDAndRetry$0(XceiverClientGrpc.java:349)
	at org.apache.hadoop.hdds.tracing.TracingUtil.executeInSpan(TracingUtil.java:196)
	at org.apache.hadoop.hdds.tracing.TracingUtil.executeInNewSpan(TracingUtil.java:170)
	at org.apache.hadoop.hdds.scm.XceiverClientGrpc.sendCommandWithTraceIDAndRetry(XceiverClientGrpc.java:343)
	at org.apache.hadoop.hdds.scm.XceiverClientGrpc.sendCommand(XceiverClientGrpc.java:324)
	at org.apache.hadoop.hdds.scm.storage.ContainerProtocolCalls.readChunk(ContainerProtocolCalls.java:355)
	at org.apache.hadoop.hdds.scm.storage.ContainerProtocolCalls.lambda$readChunk$2(ContainerProtocolCalls.java:342)
	at org.apache.hadoop.hdds.scm.storage.ContainerProtocolCalls.tryEachDatanode(ContainerProtocolCalls.java:143)
	at org.apache.hadoop.hdds.scm.storage.ContainerProtocolCalls.readChunk(ContainerProtocolCalls.java:341)
	at org.apache.hadoop.hdds.scm.storage.ChunkInputStream.readChunk(ChunkInputStream.java:430)
	at org.apache.hadoop.hdds.scm.storage.ChunkInputStream.readChunkDataIntoBuffers(ChunkInputStream.java:404)
	at org.apache.hadoop.hdds.scm.storage.ChunkInputStream.readChunkFromContainer(ChunkInputStream.java:389)
	at org.apache.hadoop.hdds.scm.storage.ChunkInputStream.prepareRead(ChunkInputStream.java:331)
	at org.apache.hadoop.hdds.scm.storage.ChunkInputStream.read(ChunkInputStream.java:175)
	at org.apache.hadoop.hdds.scm.storage.ByteArrayReader.readFromBlock(ByteArrayReader.java:57)
	at org.apache.hadoop.hdds.scm.storage.BlockInputStream.readWithStrategy(BlockInputStream.java:327)
	at org.apache.hadoop.hdds.scm.storage.ExtendedInputStream.read(ExtendedInputStream.java:56)
	at org.apache.hadoop.hdds.scm.storage.ByteArrayReader.readFromBlock(ByteArrayReader.java:57)
	at org.apache.hadoop.hdds.scm.storage.MultipartInputStream.readWithStrategy(MultipartInputStream.java:96)
	at org.apache.hadoop.hdds.scm.storage.ExtendedInputStream.read(ExtendedInputStream.java:56)
	at org.apache.hadoop.ozone.client.io.OzoneInputStream.read(OzoneInputStream.java:56)
	at java.io.InputStream.read(InputStream.java:101)
	at org.apache.hadoop.ozone.client.rpc.TestOzoneRpcClientAbstract.testReadKeyWithCorruptedDataWithMutiNodes(TestOzoneRpcClientAbstract.java:2044)
	at sun.reflect.NativeMethodAccessorImpl.invoke0(Native Method)
	at sun.reflect.NativeMethodAccessorImpl.invoke(NativeMethodAccessorImpl.java:62)
	at sun.reflect.DelegatingMethodAccessorImpl.invoke(DelegatingMethodAccessorImpl.java:43)
	at java.lang.reflect.Method.invoke(Method.java:498)
	at org.junit.platform.commons.util.ReflectionUtils.invokeMethod(ReflectionUtils.java:725)
	at org.junit.jupiter.engine.execution.MethodInvocation.proceed(MethodInvocation.java:60)
	at org.junit.jupiter.engine.execution.InvocationInterceptorChain$ValidatingInvocation.proceed(InvocationInterceptorChain.java:131)
	at org.junit.jupiter.engine.extension.TimeoutExtension.intercept(TimeoutExtension.java:149)
	at org.junit.jupiter.engine.extension.TimeoutExtension.interceptTestableMethod(TimeoutExtension.java:140)
	at org.junit.jupiter.engine.extension.TimeoutExtension.interceptTestMethod(TimeoutExtension.java:84)
	at org.junit.jupiter.engine.execution.ExecutableInvoker$ReflectiveInterceptorCall.lambda$ofVoidMethod$0(ExecutableInvoker.java:115)
	at org.junit.jupiter.engine.execution.ExecutableInvoker.lambda$invoke$0(ExecutableInvoker.java:105)
	at org.junit.jupiter.engine.execution.InvocationInterceptorChain$InterceptedInvocation.proceed(InvocationInterceptorChain.java:106)
	at org.junit.jupiter.engine.execution.InvocationInterceptorChain.proceed(InvocationInterceptorChain.java:64)
	at org.junit.jupiter.engine.execution.InvocationInterceptorChain.chainAndInvoke(InvocationInterceptorChain.java:45)
	at org.junit.jupiter.engine.execution.InvocationInterceptorChain.invoke(InvocationInterceptorChain.java:37)
	at org.junit.jupiter.engine.execution.ExecutableInvoker.invoke(ExecutableInvoker.java:104)
	at org.junit.jupiter.engine.execution.ExecutableInvoker.invoke(ExecutableInvoker.java:98)
	at org.junit.jupiter.engine.descriptor.TestMethodTestDescriptor.lambda$invokeTestMethod$7(TestMethodTestDescriptor.java:214)
	at org.junit.platform.engine.support.hierarchical.ThrowableCollector.execute(ThrowableCollector.java:73)
	at org.junit.jupiter.engine.descriptor.TestMethodTestDescriptor.invokeTestMethod(TestMethodTestDescriptor.java:210)
	at org.junit.jupiter.engine.descriptor.TestMethodTestDescriptor.execute(TestMethodTestDescriptor.java:135)
	at org.junit.jupiter.engine.descriptor.TestMethodTestDescriptor.execute(TestMethodTestDescriptor.java:66)
	at org.junit.platform.engine.support.hierarchical.NodeTestTask.lambda$executeRecursively$6(NodeTestTask.java:151)
	at org.junit.platform.engine.support.hierarchical.ThrowableCollector.execute(ThrowableCollector.java:73)
	at org.junit.platform.engine.support.hierarchical.NodeTestTask.lambda$executeRecursively$8(NodeTestTask.java:141)
	at org.junit.platform.engine.support.hierarchical.Node.around(Node.java:137)
	at org.junit.platform.engine.support.hierarchical.NodeTestTask.lambda$executeRecursively$9(NodeTestTask.java:139)
	at org.junit.platform.engine.support.hierarchical.ThrowableCollector.execute(ThrowableCollector.java:73)
	at org.junit.platform.engine.support.hierarchical.NodeTestTask.executeRecursively(NodeTestTask.java:138)
	at org.junit.platform.engine.support.hierarchical.NodeTestTask.execute(NodeTestTask.java:95)
	at java.util.ArrayList.forEach(ArrayList.java:1259)
	at org.junit.platform.engine.support.hierarchical.SameThreadHierarchicalTestExecutorService.invokeAll(SameThreadHierarchicalTestExecutorService.java:41)
	at org.junit.platform.engine.support.hierarchical.NodeTestTask.lambda$executeRecursively$6(NodeTestTask.java:155)
	at org.junit.platform.engine.support.hierarchical.ThrowableCollector.execute(ThrowableCollector.java:73)
	at org.junit.platform.engine.support.hierarchical.NodeTestTask.lambda$executeRecursively$8(NodeTestTask.java:141)
	at org.junit.platform.engine.support.hierarchical.Node.around(Node.java:137)
	at org.junit.platform.engine.support.hierarchical.NodeTestTask.lambda$executeRecursively$9(NodeTestTask.java:139)
	at org.junit.platform.engine.support.hierarchical.ThrowableCollector.execute(ThrowableCollector.java:73)
	at org.junit.platform.engine.support.hierarchical.NodeTestTask.executeRecursively(NodeTestTask.java:138)
	at org.junit.platform.engine.support.hierarchical.NodeTestTask.execute(NodeTestTask.java:95)
	at java.util.ArrayList.forEach(ArrayList.java:1259)
	at org.junit.platform.engine.support.hierarchical.SameThreadHierarchicalTestExecutorService.invokeAll(SameThreadHierarchicalTestExecutorService.java:41)
	at org.junit.platform.engine.support.hierarchical.NodeTestTask.lambda$executeRecursively$6(NodeTestTask.java:155)
	at org.junit.platform.engine.support.hierarchical.ThrowableCollector.execute(ThrowableCollector.java:73)
	at org.junit.platform.engine.support.hierarchical.NodeTestTask.lambda$executeRecursively$8(NodeTestTask.java:141)
	at org.junit.platform.engine.support.hierarchical.Node.around(Node.java:137)
	at org.junit.platform.engine.support.hierarchical.NodeTestTask.lambda$executeRecursively$9(NodeTestTask.java:139)
	at org.junit.platform.engine.support.hierarchical.ThrowableCollector.execute(ThrowableCollector.java:73)
	at org.junit.platform.engine.support.hierarchical.NodeTestTask.executeRecursively(NodeTestTask.java:138)
	at org.junit.platform.engine.support.hierarchical.NodeTestTask.execute(NodeTestTask.java:95)
	at org.junit.platform.engine.support.hierarchical.SameThreadHierarchicalTestExecutorService.submit(SameThreadHierarchicalTestExecutorService.java:35)
	at org.junit.platform.engine.support.hierarchical.HierarchicalTestExecutor.execute(HierarchicalTestExecutor.java:57)
	at org.junit.platform.engine.support.hierarchical.HierarchicalTestEngine.execute(HierarchicalTestEngine.java:54)
	at org.junit.platform.launcher.core.EngineExecutionOrchestrator.execute(EngineExecutionOrchestrator.java:107)
	at org.junit.platform.launcher.core.EngineExecutionOrchestrator.execute(EngineExecutionOrchestrator.java:88)
	at org.junit.platform.launcher.core.EngineExecutionOrchestrator.lambda$execute$0(EngineExecutionOrchestrator.java:54)
	at org.junit.platform.launcher.core.EngineExecutionOrchestrator.withInterceptedStreams(EngineExecutionOrchestrator.java:67)
	at org.junit.platform.launcher.core.EngineExecutionOrchestrator.execute(EngineExecutionOrchestrator.java:52)
	at org.junit.platform.launcher.core.DefaultLauncher.execute(DefaultLauncher.java:114)
	at org.junit.platform.launcher.core.DefaultLauncher.execute(DefaultLauncher.java:86)
	at org.junit.platform.launcher.core.DefaultLauncherSession$DelegatingLauncher.execute(DefaultLauncherSession.java:86)
	at org.junit.platform.launcher.core.SessionPerRequestLauncher.execute(SessionPerRequestLauncher.java:53)
	at org.apache.maven.surefire.junitplatform.JUnitPlatformProvider.execute(JUnitPlatformProvider.java:188)
	at org.apache.maven.surefire.junitplatform.JUnitPlatformProvider.invokeAllTests(JUnitPlatformProvider.java:154)
	at org.apache.maven.surefire.junitplatform.JUnitPlatformProvider.invoke(JUnitPlatformProvider.java:124)
	at org.apache.maven.surefire.booter.ForkedBooter.runSuitesInProcess(ForkedBooter.java:428)
	at org.apache.maven.surefire.booter.ForkedBooter.execute(ForkedBooter.java:162)
	at org.apache.maven.surefire.booter.ForkedBooter.run(ForkedBooter.java:562)
	at org.apache.maven.surefire.booter.ForkedBooter.main(ForkedBooter.java:548)
2023-06-02 19:47:33,240 [main] ERROR scm.XceiverClientGrpc (XceiverClientGrpc.java:sendCommandWithRetry(453)) - Failed to execute command ReadChunk on the pipeline Pipeline[ Id: cfb787f3-52f4-4437-91cf-498250132de1, Nodes: 60ac4d22-094a-4270-8266-44944d79861e(fv-az459-618.msq0az1vewme3jsxyslsv0htic.jx.internal.cloudapp.net/10.1.26.0)f5a51868-327c-422c-ad14-d572ec0233ee(fv-az459-618.msq0az1vewme3jsxyslsv0htic.jx.internal.cloudapp.net/10.1.26.0)9e7d7045-1d4c-4270-9434-63584a31babd(fv-az459-618.msq0az1vewme3jsxyslsv0htic.jx.internal.cloudapp.net/10.1.26.0), ReplicationConfig: STANDALONE/THREE, State:OPEN, leaderId:9e7d7045-1d4c-4270-9434-63584a31babd, CreationTimestamp2023-06-02T19:46:29.536Z[Etc/UTC]].
2023-06-02 19:47:33,240 [main] WARN  storage.ContainerProtocolCalls (ContainerProtocolCalls.java:tryEachDatanode(147)) - Failed to read chunk 111677748019200369_chunk_1 (len=12) conID: 7 locID: 111677748019200369 bcsId: 153 from f5a51868-327c-422c-ad14-d572ec0233ee(fv-az459-618.msq0az1vewme3jsxyslsv0htic.jx.internal.cloudapp.net/10.1.26.0); will try another datanode.
org.apache.hadoop.ozone.common.OzoneChecksumException: Checksum mismatch at index 0
	at org.apache.hadoop.ozone.common.ChecksumData.verifyChecksumDataMatches(ChecksumData.java:139)
	at org.apache.hadoop.ozone.common.Checksum.verifyChecksum(Checksum.java:295)
	at org.apache.hadoop.hdds.scm.storage.ChunkInputStream.lambda$new$0(ChunkInputStream.java:492)
	at org.apache.hadoop.hdds.scm.XceiverClientGrpc.sendCommandWithRetry(XceiverClientGrpc.java:410)
	at org.apache.hadoop.hdds.scm.XceiverClientGrpc.lambda$sendCommandWithTraceIDAndRetry$0(XceiverClientGrpc.java:349)
	at org.apache.hadoop.hdds.tracing.TracingUtil.executeInSpan(TracingUtil.java:196)
	at org.apache.hadoop.hdds.tracing.TracingUtil.executeInNewSpan(TracingUtil.java:170)
	at org.apache.hadoop.hdds.scm.XceiverClientGrpc.sendCommandWithTraceIDAndRetry(XceiverClientGrpc.java:343)
	at org.apache.hadoop.hdds.scm.XceiverClientGrpc.sendCommand(XceiverClientGrpc.java:324)
	at org.apache.hadoop.hdds.scm.storage.ContainerProtocolCalls.readChunk(ContainerProtocolCalls.java:355)
	at org.apache.hadoop.hdds.scm.storage.ContainerProtocolCalls.lambda$readChunk$2(ContainerProtocolCalls.java:342)
	at org.apache.hadoop.hdds.scm.storage.ContainerProtocolCalls.tryEachDatanode(ContainerProtocolCalls.java:143)
	at org.apache.hadoop.hdds.scm.storage.ContainerProtocolCalls.readChunk(ContainerProtocolCalls.java:341)
	at org.apache.hadoop.hdds.scm.storage.ChunkInputStream.readChunk(ChunkInputStream.java:430)
	at org.apache.hadoop.hdds.scm.storage.ChunkInputStream.readChunkDataIntoBuffers(ChunkInputStream.java:404)
	at org.apache.hadoop.hdds.scm.storage.ChunkInputStream.readChunkFromContainer(ChunkInputStream.java:389)
	at org.apache.hadoop.hdds.scm.storage.ChunkInputStream.prepareRead(ChunkInputStream.java:331)
	at org.apache.hadoop.hdds.scm.storage.ChunkInputStream.read(ChunkInputStream.java:175)
	at org.apache.hadoop.hdds.scm.storage.ByteArrayReader.readFromBlock(ByteArrayReader.java:57)
	at org.apache.hadoop.hdds.scm.storage.BlockInputStream.readWithStrategy(BlockInputStream.java:327)
	at org.apache.hadoop.hdds.scm.storage.ExtendedInputStream.read(ExtendedInputStream.java:56)
	at org.apache.hadoop.hdds.scm.storage.ByteArrayReader.readFromBlock(ByteArrayReader.java:57)
	at org.apache.hadoop.hdds.scm.storage.MultipartInputStream.readWithStrategy(MultipartInputStream.java:96)
	at org.apache.hadoop.hdds.scm.storage.ExtendedInputStream.read(ExtendedInputStream.java:56)
	at org.apache.hadoop.ozone.client.io.OzoneInputStream.read(OzoneInputStream.java:56)
	at java.io.InputStream.read(InputStream.java:101)
	at org.apache.hadoop.ozone.client.rpc.TestOzoneRpcClientAbstract.testReadKeyWithCorruptedDataWithMutiNodes(TestOzoneRpcClientAbstract.java:2044)
	at sun.reflect.NativeMethodAccessorImpl.invoke0(Native Method)
	at sun.reflect.NativeMethodAccessorImpl.invoke(NativeMethodAccessorImpl.java:62)
	at sun.reflect.DelegatingMethodAccessorImpl.invoke(DelegatingMethodAccessorImpl.java:43)
	at java.lang.reflect.Method.invoke(Method.java:498)
	at org.junit.platform.commons.util.ReflectionUtils.invokeMethod(ReflectionUtils.java:725)
	at org.junit.jupiter.engine.execution.MethodInvocation.proceed(MethodInvocation.java:60)
	at org.junit.jupiter.engine.execution.InvocationInterceptorChain$ValidatingInvocation.proceed(InvocationInterceptorChain.java:131)
	at org.junit.jupiter.engine.extension.TimeoutExtension.intercept(TimeoutExtension.java:149)
	at org.junit.jupiter.engine.extension.TimeoutExtension.interceptTestableMethod(TimeoutExtension.java:140)
	at org.junit.jupiter.engine.extension.TimeoutExtension.interceptTestMethod(TimeoutExtension.java:84)
	at org.junit.jupiter.engine.execution.ExecutableInvoker$ReflectiveInterceptorCall.lambda$ofVoidMethod$0(ExecutableInvoker.java:115)
	at org.junit.jupiter.engine.execution.ExecutableInvoker.lambda$invoke$0(ExecutableInvoker.java:105)
	at org.junit.jupiter.engine.execution.InvocationInterceptorChain$InterceptedInvocation.proceed(InvocationInterceptorChain.java:106)
	at org.junit.jupiter.engine.execution.InvocationInterceptorChain.proceed(InvocationInterceptorChain.java:64)
	at org.junit.jupiter.engine.execution.InvocationInterceptorChain.chainAndInvoke(InvocationInterceptorChain.java:45)
	at org.junit.jupiter.engine.execution.InvocationInterceptorChain.invoke(InvocationInterceptorChain.java:37)
	at org.junit.jupiter.engine.execution.ExecutableInvoker.invoke(ExecutableInvoker.java:104)
	at org.junit.jupiter.engine.execution.ExecutableInvoker.invoke(ExecutableInvoker.java:98)
	at org.junit.jupiter.engine.descriptor.TestMethodTestDescriptor.lambda$invokeTestMethod$7(TestMethodTestDescriptor.java:214)
	at org.junit.platform.engine.support.hierarchical.ThrowableCollector.execute(ThrowableCollector.java:73)
	at org.junit.jupiter.engine.descriptor.TestMethodTestDescriptor.invokeTestMethod(TestMethodTestDescriptor.java:210)
	at org.junit.jupiter.engine.descriptor.TestMethodTestDescriptor.execute(TestMethodTestDescriptor.java:135)
	at org.junit.jupiter.engine.descriptor.TestMethodTestDescriptor.execute(TestMethodTestDescriptor.java:66)
	at org.junit.platform.engine.support.hierarchical.NodeTestTask.lambda$executeRecursively$6(NodeTestTask.java:151)
	at org.junit.platform.engine.support.hierarchical.ThrowableCollector.execute(ThrowableCollector.java:73)
	at org.junit.platform.engine.support.hierarchical.NodeTestTask.lambda$executeRecursively$8(NodeTestTask.java:141)
	at org.junit.platform.engine.support.hierarchical.Node.around(Node.java:137)
	at org.junit.platform.engine.support.hierarchical.NodeTestTask.lambda$executeRecursively$9(NodeTestTask.java:139)
	at org.junit.platform.engine.support.hierarchical.ThrowableCollector.execute(ThrowableCollector.java:73)
	at org.junit.platform.engine.support.hierarchical.NodeTestTask.executeRecursively(NodeTestTask.java:138)
	at org.junit.platform.engine.support.hierarchical.NodeTestTask.execute(NodeTestTask.java:95)
	at java.util.ArrayList.forEach(ArrayList.java:1259)
	at org.junit.platform.engine.support.hierarchical.SameThreadHierarchicalTestExecutorService.invokeAll(SameThreadHierarchicalTestExecutorService.java:41)
	at org.junit.platform.engine.support.hierarchical.NodeTestTask.lambda$executeRecursively$6(NodeTestTask.java:155)
	at org.junit.platform.engine.support.hierarchical.ThrowableCollector.execute(ThrowableCollector.java:73)
	at org.junit.platform.engine.support.hierarchical.NodeTestTask.lambda$executeRecursively$8(NodeTestTask.java:141)
	at org.junit.platform.engine.support.hierarchical.Node.around(Node.java:137)
	at org.junit.platform.engine.support.hierarchical.NodeTestTask.lambda$executeRecursively$9(NodeTestTask.java:139)
	at org.junit.platform.engine.support.hierarchical.ThrowableCollector.execute(ThrowableCollector.java:73)
	at org.junit.platform.engine.support.hierarchical.NodeTestTask.executeRecursively(NodeTestTask.java:138)
	at org.junit.platform.engine.support.hierarchical.NodeTestTask.execute(NodeTestTask.java:95)
	at java.util.ArrayList.forEach(ArrayList.java:1259)
	at org.junit.platform.engine.support.hierarchical.SameThreadHierarchicalTestExecutorService.invokeAll(SameThreadHierarchicalTestExecutorService.java:41)
	at org.junit.platform.engine.support.hierarchical.NodeTestTask.lambda$executeRecursively$6(NodeTestTask.java:155)
	at org.junit.platform.engine.support.hierarchical.ThrowableCollector.execute(ThrowableCollector.java:73)
	at org.junit.platform.engine.support.hierarchical.NodeTestTask.lambda$executeRecursively$8(NodeTestTask.java:141)
	at org.junit.platform.engine.support.hierarchical.Node.around(Node.java:137)
	at org.junit.platform.engine.support.hierarchical.NodeTestTask.lambda$executeRecursively$9(NodeTestTask.java:139)
	at org.junit.platform.engine.support.hierarchical.ThrowableCollector.execute(ThrowableCollector.java:73)
	at org.junit.platform.engine.support.hierarchical.NodeTestTask.executeRecursively(NodeTestTask.java:138)
	at org.junit.platform.engine.support.hierarchical.NodeTestTask.execute(NodeTestTask.java:95)
	at org.junit.platform.engine.support.hierarchical.SameThreadHierarchicalTestExecutorService.submit(SameThreadHierarchicalTestExecutorService.java:35)
	at org.junit.platform.engine.support.hierarchical.HierarchicalTestExecutor.execute(HierarchicalTestExecutor.java:57)
	at org.junit.platform.engine.support.hierarchical.HierarchicalTestEngine.execute(HierarchicalTestEngine.java:54)
	at org.junit.platform.launcher.core.EngineExecutionOrchestrator.execute(EngineExecutionOrchestrator.java:107)
	at org.junit.platform.launcher.core.EngineExecutionOrchestrator.execute(EngineExecutionOrchestrator.java:88)
	at org.junit.platform.launcher.core.EngineExecutionOrchestrator.lambda$execute$0(EngineExecutionOrchestrator.java:54)
	at org.junit.platform.launcher.core.EngineExecutionOrchestrator.withInterceptedStreams(EngineExecutionOrchestrator.java:67)
	at org.junit.platform.launcher.core.EngineExecutionOrchestrator.execute(EngineExecutionOrchestrator.java:52)
	at org.junit.platform.launcher.core.DefaultLauncher.execute(DefaultLauncher.java:114)
	at org.junit.platform.launcher.core.DefaultLauncher.execute(DefaultLauncher.java:86)
	at org.junit.platform.launcher.core.DefaultLauncherSession$DelegatingLauncher.execute(DefaultLauncherSession.java:86)
	at org.junit.platform.launcher.core.SessionPerRequestLauncher.execute(SessionPerRequestLauncher.java:53)
	at org.apache.maven.surefire.junitplatform.JUnitPlatformProvider.execute(JUnitPlatformProvider.java:188)
	at org.apache.maven.surefire.junitplatform.JUnitPlatformProvider.invokeAllTests(JUnitPlatformProvider.java:154)
	at org.apache.maven.surefire.junitplatform.JUnitPlatformProvider.invoke(JUnitPlatformProvider.java:124)
	at org.apache.maven.surefire.booter.ForkedBooter.runSuitesInProcess(ForkedBooter.java:428)
	at org.apache.maven.surefire.booter.ForkedBooter.execute(ForkedBooter.java:162)
	at org.apache.maven.surefire.booter.ForkedBooter.run(ForkedBooter.java:562)
	at org.apache.maven.surefire.booter.ForkedBooter.main(ForkedBooter.java:548)
2023-06-02 19:47:33,250 [main] ERROR scm.XceiverClientGrpc (XceiverClientGrpc.java:sendCommandWithRetry(453)) - Failed to execute command ReadChunk on the pipeline Pipeline[ Id: cfb787f3-52f4-4437-91cf-498250132de1, Nodes: 60ac4d22-094a-4270-8266-44944d79861e(fv-az459-618.msq0az1vewme3jsxyslsv0htic.jx.internal.cloudapp.net/10.1.26.0)f5a51868-327c-422c-ad14-d572ec0233ee(fv-az459-618.msq0az1vewme3jsxyslsv0htic.jx.internal.cloudapp.net/10.1.26.0)9e7d7045-1d4c-4270-9434-63584a31babd(fv-az459-618.msq0az1vewme3jsxyslsv0htic.jx.internal.cloudapp.net/10.1.26.0), ReplicationConfig: STANDALONE/THREE, State:OPEN, leaderId:9e7d7045-1d4c-4270-9434-63584a31babd, CreationTimestamp2023-06-02T19:46:29.536Z[Etc/UTC]].
2023-06-02 19:47:33,254 [main] ERROR scm.XceiverClientGrpc (XceiverClientGrpc.java:sendCommandWithRetry(453)) - Failed to execute command ReadChunk on the pipeline Pipeline[ Id: cfb787f3-52f4-4437-91cf-498250132de1, Nodes: 60ac4d22-094a-4270-8266-44944d79861e(fv-az459-618.msq0az1vewme3jsxyslsv0htic.jx.internal.cloudapp.net/10.1.26.0)f5a51868-327c-422c-ad14-d572ec0233ee(fv-az459-618.msq0az1vewme3jsxyslsv0htic.jx.internal.cloudapp.net/10.1.26.0)9e7d7045-1d4c-4270-9434-63584a31babd(fv-az459-618.msq0az1vewme3jsxyslsv0htic.jx.internal.cloudapp.net/10.1.26.0), ReplicationConfig: STANDALONE/THREE, State:OPEN, leaderId:9e7d7045-1d4c-4270-9434-63584a31babd, CreationTimestamp2023-06-02T19:46:29.536Z[Etc/UTC]].
2023-06-02 19:47:33,254 [main] WARN  storage.ContainerProtocolCalls (ContainerProtocolCalls.java:tryEachDatanode(147)) - Failed to read chunk 111677748019200369_chunk_1 (len=12) conID: 7 locID: 111677748019200369 bcsId: 153 from 60ac4d22-094a-4270-8266-44944d79861e(fv-az459-618.msq0az1vewme3jsxyslsv0htic.jx.internal.cloudapp.net/10.1.26.0); will try another datanode.
org.apache.hadoop.ozone.common.OzoneChecksumException: Checksum mismatch at index 0
	at org.apache.hadoop.ozone.common.ChecksumData.verifyChecksumDataMatches(ChecksumData.java:139)
	at org.apache.hadoop.ozone.common.Checksum.verifyChecksum(Checksum.java:295)
	at org.apache.hadoop.hdds.scm.storage.ChunkInputStream.lambda$new$0(ChunkInputStream.java:492)
	at org.apache.hadoop.hdds.scm.XceiverClientGrpc.sendCommandWithRetry(XceiverClientGrpc.java:410)
	at org.apache.hadoop.hdds.scm.XceiverClientGrpc.lambda$sendCommandWithTraceIDAndRetry$0(XceiverClientGrpc.java:349)
	at org.apache.hadoop.hdds.tracing.TracingUtil.executeInSpan(TracingUtil.java:196)
	at org.apache.hadoop.hdds.tracing.TracingUtil.executeInNewSpan(TracingUtil.java:170)
	at org.apache.hadoop.hdds.scm.XceiverClientGrpc.sendCommandWithTraceIDAndRetry(XceiverClientGrpc.java:343)
	at org.apache.hadoop.hdds.scm.XceiverClientGrpc.sendCommand(XceiverClientGrpc.java:324)
	at org.apache.hadoop.hdds.scm.storage.ContainerProtocolCalls.readChunk(ContainerProtocolCalls.java:355)
	at org.apache.hadoop.hdds.scm.storage.ContainerProtocolCalls.lambda$readChunk$2(ContainerProtocolCalls.java:342)
	at org.apache.hadoop.hdds.scm.storage.ContainerProtocolCalls.tryEachDatanode(ContainerProtocolCalls.java:143)
	at org.apache.hadoop.hdds.scm.storage.ContainerProtocolCalls.readChunk(ContainerProtocolCalls.java:341)
	at org.apache.hadoop.hdds.scm.storage.ChunkInputStream.readChunk(ChunkInputStream.java:430)
	at org.apache.hadoop.hdds.scm.storage.ChunkInputStream.readChunkDataIntoBuffers(ChunkInputStream.java:404)
	at org.apache.hadoop.hdds.scm.storage.ChunkInputStream.readChunkFromContainer(ChunkInputStream.java:389)
	at org.apache.hadoop.hdds.scm.storage.ChunkInputStream.prepareRead(ChunkInputStream.java:321)
	at org.apache.hadoop.hdds.scm.storage.ChunkInputStream.read(ChunkInputStream.java:175)
	at org.apache.hadoop.hdds.scm.storage.ByteArrayReader.readFromBlock(ByteArrayReader.java:57)
	at org.apache.hadoop.hdds.scm.storage.BlockInputStream.readWithStrategy(BlockInputStream.java:327)
	at org.apache.hadoop.hdds.scm.storage.ExtendedInputStream.read(ExtendedInputStream.java:56)
	at org.apache.hadoop.hdds.scm.storage.ByteArrayReader.readFromBlock(ByteArrayReader.java:57)
	at org.apache.hadoop.hdds.scm.storage.MultipartInputStream.readWithStrategy(MultipartInputStream.java:96)
	at org.apache.hadoop.hdds.scm.storage.ExtendedInputStream.read(ExtendedInputStream.java:56)
	at org.apache.hadoop.ozone.client.io.OzoneInputStream.read(OzoneInputStream.java:56)
	at java.io.InputStream.read(InputStream.java:101)
	at org.apache.hadoop.ozone.client.rpc.TestOzoneRpcClientAbstract.testReadKeyWithCorruptedDataWithMutiNodes(TestOzoneRpcClientAbstract.java:2044)
	at sun.reflect.NativeMethodAccessorImpl.invoke0(Native Method)
	at sun.reflect.NativeMethodAccessorImpl.invoke(NativeMethodAccessorImpl.java:62)
	at sun.reflect.DelegatingMethodAccessorImpl.invoke(DelegatingMethodAccessorImpl.java:43)
	at java.lang.reflect.Method.invoke(Method.java:498)
	at org.junit.platform.commons.util.ReflectionUtils.invokeMethod(ReflectionUtils.java:725)
	at org.junit.jupiter.engine.execution.MethodInvocation.proceed(MethodInvocation.java:60)
	at org.junit.jupiter.engine.execution.InvocationInterceptorChain$ValidatingInvocation.proceed(InvocationInterceptorChain.java:131)
	at org.junit.jupiter.engine.extension.TimeoutExtension.intercept(TimeoutExtension.java:149)
	at org.junit.jupiter.engine.extension.TimeoutExtension.interceptTestableMethod(TimeoutExtension.java:140)
	at org.junit.jupiter.engine.extension.TimeoutExtension.interceptTestMethod(TimeoutExtension.java:84)
	at org.junit.jupiter.engine.execution.ExecutableInvoker$ReflectiveInterceptorCall.lambda$ofVoidMethod$0(ExecutableInvoker.java:115)
	at org.junit.jupiter.engine.execution.ExecutableInvoker.lambda$invoke$0(ExecutableInvoker.java:105)
	at org.junit.jupiter.engine.execution.InvocationInterceptorChain$InterceptedInvocation.proceed(InvocationInterceptorChain.java:106)
	at org.junit.jupiter.engine.execution.InvocationInterceptorChain.proceed(InvocationInterceptorChain.java:64)
	at org.junit.jupiter.engine.execution.InvocationInterceptorChain.chainAndInvoke(InvocationInterceptorChain.java:45)
	at org.junit.jupiter.engine.execution.InvocationInterceptorChain.invoke(InvocationInterceptorChain.java:37)
	at org.junit.jupiter.engine.execution.ExecutableInvoker.invoke(ExecutableInvoker.java:104)
	at org.junit.jupiter.engine.execution.ExecutableInvoker.invoke(ExecutableInvoker.java:98)
	at org.junit.jupiter.engine.descriptor.TestMethodTestDescriptor.lambda$invokeTestMethod$7(TestMethodTestDescriptor.java:214)
	at org.junit.platform.engine.support.hierarchical.ThrowableCollector.execute(ThrowableCollector.java:73)
	at org.junit.jupiter.engine.descriptor.TestMethodTestDescriptor.invokeTestMethod(TestMethodTestDescriptor.java:210)
	at org.junit.jupiter.engine.descriptor.TestMethodTestDescriptor.execute(TestMethodTestDescriptor.java:135)
	at org.junit.jupiter.engine.descriptor.TestMethodTestDescriptor.execute(TestMethodTestDescriptor.java:66)
	at org.junit.platform.engine.support.hierarchical.NodeTestTask.lambda$executeRecursively$6(NodeTestTask.java:151)
	at org.junit.platform.engine.support.hierarchical.ThrowableCollector.execute(ThrowableCollector.java:73)
	at org.junit.platform.engine.support.hierarchical.NodeTestTask.lambda$executeRecursively$8(NodeTestTask.java:141)
	at org.junit.platform.engine.support.hierarchical.Node.around(Node.java:137)
	at org.junit.platform.engine.support.hierarchical.NodeTestTask.lambda$executeRecursively$9(NodeTestTask.java:139)
	at org.junit.platform.engine.support.hierarchical.ThrowableCollector.execute(ThrowableCollector.java:73)
	at org.junit.platform.engine.support.hierarchical.NodeTestTask.executeRecursively(NodeTestTask.java:138)
	at org.junit.platform.engine.support.hierarchical.NodeTestTask.execute(NodeTestTask.java:95)
	at java.util.ArrayList.forEach(ArrayList.java:1259)
	at org.junit.platform.engine.support.hierarchical.SameThreadHierarchicalTestExecutorService.invokeAll(SameThreadHierarchicalTestExecutorService.java:41)
	at org.junit.platform.engine.support.hierarchical.NodeTestTask.lambda$executeRecursively$6(NodeTestTask.java:155)
	at org.junit.platform.engine.support.hierarchical.ThrowableCollector.execute(ThrowableCollector.java:73)
	at org.junit.platform.engine.support.hierarchical.NodeTestTask.lambda$executeRecursively$8(NodeTestTask.java:141)
	at org.junit.platform.engine.support.hierarchical.Node.around(Node.java:137)
	at org.junit.platform.engine.support.hierarchical.NodeTestTask.lambda$executeRecursively$9(NodeTestTask.java:139)
	at org.junit.platform.engine.support.hierarchical.ThrowableCollector.execute(ThrowableCollector.java:73)
	at org.junit.platform.engine.support.hierarchical.NodeTestTask.executeRecursively(NodeTestTask.java:138)
	at org.junit.platform.engine.support.hierarchical.NodeTestTask.execute(NodeTestTask.java:95)
	at java.util.ArrayList.forEach(ArrayList.java:1259)
	at org.junit.platform.engine.support.hierarchical.SameThreadHierarchicalTestExecutorService.invokeAll(SameThreadHierarchicalTestExecutorService.java:41)
	at org.junit.platform.engine.support.hierarchical.NodeTestTask.lambda$executeRecursively$6(NodeTestTask.java:155)
	at org.junit.platform.engine.support.hierarchical.ThrowableCollector.execute(ThrowableCollector.java:73)
	at org.junit.platform.engine.support.hierarchical.NodeTestTask.lambda$executeRecursively$8(NodeTestTask.java:141)
	at org.junit.platform.engine.support.hierarchical.Node.around(Node.java:137)
	at org.junit.platform.engine.support.hierarchical.NodeTestTask.lambda$executeRecursively$9(NodeTestTask.java:139)
	at org.junit.platform.engine.support.hierarchical.ThrowableCollector.execute(ThrowableCollector.java:73)
	at org.junit.platform.engine.support.hierarchical.NodeTestTask.executeRecursively(NodeTestTask.java:138)
	at org.junit.platform.engine.support.hierarchical.NodeTestTask.execute(NodeTestTask.java:95)
	at org.junit.platform.engine.support.hierarchical.SameThreadHierarchicalTestExecutorService.submit(SameThreadHierarchicalTestExecutorService.java:35)
	at org.junit.platform.engine.support.hierarchical.HierarchicalTestExecutor.execute(HierarchicalTestExecutor.java:57)
	at org.junit.platform.engine.support.hierarchical.HierarchicalTestEngine.execute(HierarchicalTestEngine.java:54)
	at org.junit.platform.launcher.core.EngineExecutionOrchestrator.execute(EngineExecutionOrchestrator.java:107)
	at org.junit.platform.launcher.core.EngineExecutionOrchestrator.execute(EngineExecutionOrchestrator.java:88)
	at org.junit.platform.launcher.core.EngineExecutionOrchestrator.lambda$execute$0(EngineExecutionOrchestrator.java:54)
	at org.junit.platform.launcher.core.EngineExecutionOrchestrator.withInterceptedStreams(EngineExecutionOrchestrator.java:67)
	at org.junit.platform.launcher.core.EngineExecutionOrchestrator.execute(EngineExecutionOrchestrator.java:52)
	at org.junit.platform.launcher.core.DefaultLauncher.execute(DefaultLauncher.java:114)
	at org.junit.platform.launcher.core.DefaultLauncher.execute(DefaultLauncher.java:86)
	at org.junit.platform.launcher.core.DefaultLauncherSession$DelegatingLauncher.execute(DefaultLauncherSession.java:86)
	at org.junit.platform.launcher.core.SessionPerRequestLauncher.execute(SessionPerRequestLauncher.java:53)
	at org.apache.maven.surefire.junitplatform.JUnitPlatformProvider.execute(JUnitPlatformProvider.java:188)
	at org.apache.maven.surefire.junitplatform.JUnitPlatformProvider.invokeAllTests(JUnitPlatformProvider.java:154)
	at org.apache.maven.surefire.junitplatform.JUnitPlatformProvider.invoke(JUnitPlatformProvider.java:124)
	at org.apache.maven.surefire.booter.ForkedBooter.runSuitesInProcess(ForkedBooter.java:428)
	at org.apache.maven.surefire.booter.ForkedBooter.execute(ForkedBooter.java:162)
	at org.apache.maven.surefire.booter.ForkedBooter.run(ForkedBooter.java:562)
	at org.apache.maven.surefire.booter.ForkedBooter.main(ForkedBooter.java:548)
2023-06-02 19:47:33,260 [main] ERROR scm.XceiverClientGrpc (XceiverClientGrpc.java:sendCommandWithRetry(453)) - Failed to execute command ReadChunk on the pipeline Pipeline[ Id: cfb787f3-52f4-4437-91cf-498250132de1, Nodes: 60ac4d22-094a-4270-8266-44944d79861e(fv-az459-618.msq0az1vewme3jsxyslsv0htic.jx.internal.cloudapp.net/10.1.26.0)f5a51868-327c-422c-ad14-d572ec0233ee(fv-az459-618.msq0az1vewme3jsxyslsv0htic.jx.internal.cloudapp.net/10.1.26.0)9e7d7045-1d4c-4270-9434-63584a31babd(fv-az459-618.msq0az1vewme3jsxyslsv0htic.jx.internal.cloudapp.net/10.1.26.0), ReplicationConfig: STANDALONE/THREE, State:OPEN, leaderId:9e7d7045-1d4c-4270-9434-63584a31babd, CreationTimestamp2023-06-02T19:46:29.536Z[Etc/UTC]].
2023-06-02 19:47:33,260 [main] WARN  storage.ContainerProtocolCalls (ContainerProtocolCalls.java:tryEachDatanode(147)) - Failed to read chunk 111677748019200369_chunk_1 (len=12) conID: 7 locID: 111677748019200369 bcsId: 153 from f5a51868-327c-422c-ad14-d572ec0233ee(fv-az459-618.msq0az1vewme3jsxyslsv0htic.jx.internal.cloudapp.net/10.1.26.0); will try another datanode.
org.apache.hadoop.ozone.common.OzoneChecksumException: Checksum mismatch at index 0
	at org.apache.hadoop.ozone.common.ChecksumData.verifyChecksumDataMatches(ChecksumData.java:139)
	at org.apache.hadoop.ozone.common.Checksum.verifyChecksum(Checksum.java:295)
	at org.apache.hadoop.hdds.scm.storage.ChunkInputStream.lambda$new$0(ChunkInputStream.java:492)
	at org.apache.hadoop.hdds.scm.XceiverClientGrpc.sendCommandWithRetry(XceiverClientGrpc.java:410)
	at org.apache.hadoop.hdds.scm.XceiverClientGrpc.lambda$sendCommandWithTraceIDAndRetry$0(XceiverClientGrpc.java:349)
	at org.apache.hadoop.hdds.tracing.TracingUtil.executeInSpan(TracingUtil.java:196)
	at org.apache.hadoop.hdds.tracing.TracingUtil.executeInNewSpan(TracingUtil.java:170)
	at org.apache.hadoop.hdds.scm.XceiverClientGrpc.sendCommandWithTraceIDAndRetry(XceiverClientGrpc.java:343)
	at org.apache.hadoop.hdds.scm.XceiverClientGrpc.sendCommand(XceiverClientGrpc.java:324)
	at org.apache.hadoop.hdds.scm.storage.ContainerProtocolCalls.readChunk(ContainerProtocolCalls.java:355)
	at org.apache.hadoop.hdds.scm.storage.ContainerProtocolCalls.lambda$readChunk$2(ContainerProtocolCalls.java:342)
	at org.apache.hadoop.hdds.scm.storage.ContainerProtocolCalls.tryEachDatanode(ContainerProtocolCalls.java:143)
	at org.apache.hadoop.hdds.scm.storage.ContainerProtocolCalls.readChunk(ContainerProtocolCalls.java:341)
	at org.apache.hadoop.hdds.scm.storage.ChunkInputStream.readChunk(ChunkInputStream.java:430)
	at org.apache.hadoop.hdds.scm.storage.ChunkInputStream.readChunkDataIntoBuffers(ChunkInputStream.java:404)
	at org.apache.hadoop.hdds.scm.storage.ChunkInputStream.readChunkFromContainer(ChunkInputStream.java:389)
	at org.apache.hadoop.hdds.scm.storage.ChunkInputStream.prepareRead(ChunkInputStream.java:321)
	at org.apache.hadoop.hdds.scm.storage.ChunkInputStream.read(ChunkInputStream.java:175)
	at org.apache.hadoop.hdds.scm.storage.ByteArrayReader.readFromBlock(ByteArrayReader.java:57)
	at org.apache.hadoop.hdds.scm.storage.BlockInputStream.readWithStrategy(BlockInputStream.java:327)
	at org.apache.hadoop.hdds.scm.storage.ExtendedInputStream.read(ExtendedInputStream.java:56)
	at org.apache.hadoop.hdds.scm.storage.ByteArrayReader.readFromBlock(ByteArrayReader.java:57)
	at org.apache.hadoop.hdds.scm.storage.MultipartInputStream.readWithStrategy(MultipartInputStream.java:96)
	at org.apache.hadoop.hdds.scm.storage.ExtendedInputStream.read(ExtendedInputStream.java:56)
	at org.apache.hadoop.ozone.client.io.OzoneInputStream.read(OzoneInputStream.java:56)
	at java.io.InputStream.read(InputStream.java:101)
	at org.apache.hadoop.ozone.client.rpc.TestOzoneRpcClientAbstract.testReadKeyWithCorruptedDataWithMutiNodes(TestOzoneRpcClientAbstract.java:2044)
	at sun.reflect.NativeMethodAccessorImpl.invoke0(Native Method)
	at sun.reflect.NativeMethodAccessorImpl.invoke(NativeMethodAccessorImpl.java:62)
	at sun.reflect.DelegatingMethodAccessorImpl.invoke(DelegatingMethodAccessorImpl.java:43)
	at java.lang.reflect.Method.invoke(Method.java:498)
	at org.junit.platform.commons.util.ReflectionUtils.invokeMethod(ReflectionUtils.java:725)
	at org.junit.jupiter.engine.execution.MethodInvocation.proceed(MethodInvocation.java:60)
	at org.junit.jupiter.engine.execution.InvocationInterceptorChain$ValidatingInvocation.proceed(InvocationInterceptorChain.java:131)
	at org.junit.jupiter.engine.extension.TimeoutExtension.intercept(TimeoutExtension.java:149)
	at org.junit.jupiter.engine.extension.TimeoutExtension.interceptTestableMethod(TimeoutExtension.java:140)
	at org.junit.jupiter.engine.extension.TimeoutExtension.interceptTestMethod(TimeoutExtension.java:84)
	at org.junit.jupiter.engine.execution.ExecutableInvoker$ReflectiveInterceptorCall.lambda$ofVoidMethod$0(ExecutableInvoker.java:115)
	at org.junit.jupiter.engine.execution.ExecutableInvoker.lambda$invoke$0(ExecutableInvoker.java:105)
	at org.junit.jupiter.engine.execution.InvocationInterceptorChain$InterceptedInvocation.proceed(InvocationInterceptorChain.java:106)
	at org.junit.jupiter.engine.execution.InvocationInterceptorChain.proceed(InvocationInterceptorChain.java:64)
	at org.junit.jupiter.engine.execution.InvocationInterceptorChain.chainAndInvoke(InvocationInterceptorChain.java:45)
	at org.junit.jupiter.engine.execution.InvocationInterceptorChain.invoke(InvocationInterceptorChain.java:37)
	at org.junit.jupiter.engine.execution.ExecutableInvoker.invoke(ExecutableInvoker.java:104)
	at org.junit.jupiter.engine.execution.ExecutableInvoker.invoke(ExecutableInvoker.java:98)
	at org.junit.jupiter.engine.descriptor.TestMethodTestDescriptor.lambda$invokeTestMethod$7(TestMethodTestDescriptor.java:214)
	at org.junit.platform.engine.support.hierarchical.ThrowableCollector.execute(ThrowableCollector.java:73)
	at org.junit.jupiter.engine.descriptor.TestMethodTestDescriptor.invokeTestMethod(TestMethodTestDescriptor.java:210)
	at org.junit.jupiter.engine.descriptor.TestMethodTestDescriptor.execute(TestMethodTestDescriptor.java:135)
	at org.junit.jupiter.engine.descriptor.TestMethodTestDescriptor.execute(TestMethodTestDescriptor.java:66)
	at org.junit.platform.engine.support.hierarchical.NodeTestTask.lambda$executeRecursively$6(NodeTestTask.java:151)
	at org.junit.platform.engine.support.hierarchical.ThrowableCollector.execute(ThrowableCollector.java:73)
	at org.junit.platform.engine.support.hierarchical.NodeTestTask.lambda$executeRecursively$8(NodeTestTask.java:141)
	at org.junit.platform.engine.support.hierarchical.Node.around(Node.java:137)
	at org.junit.platform.engine.support.hierarchical.NodeTestTask.lambda$executeRecursively$9(NodeTestTask.java:139)
	at org.junit.platform.engine.support.hierarchical.ThrowableCollector.execute(ThrowableCollector.java:73)
	at org.junit.platform.engine.support.hierarchical.NodeTestTask.executeRecursively(NodeTestTask.java:138)
	at org.junit.platform.engine.support.hierarchical.NodeTestTask.execute(NodeTestTask.java:95)
	at java.util.ArrayList.forEach(ArrayList.java:1259)
	at org.junit.platform.engine.support.hierarchical.SameThreadHierarchicalTestExecutorService.invokeAll(SameThreadHierarchicalTestExecutorService.java:41)
	at org.junit.platform.engine.support.hierarchical.NodeTestTask.lambda$executeRecursively$6(NodeTestTask.java:155)
	at org.junit.platform.engine.support.hierarchical.ThrowableCollector.execute(ThrowableCollector.java:73)
	at org.junit.platform.engine.support.hierarchical.NodeTestTask.lambda$executeRecursively$8(NodeTestTask.java:141)
	at org.junit.platform.engine.support.hierarchical.Node.around(Node.java:137)
	at org.junit.platform.engine.support.hierarchical.NodeTestTask.lambda$executeRecursively$9(NodeTestTask.java:139)
	at org.junit.platform.engine.support.hierarchical.ThrowableCollector.execute(ThrowableCollector.java:73)
	at org.junit.platform.engine.support.hierarchical.NodeTestTask.executeRecursively(NodeTestTask.java:138)
	at org.junit.platform.engine.support.hierarchical.NodeTestTask.execute(NodeTestTask.java:95)
	at java.util.ArrayList.forEach(ArrayList.java:1259)
	at org.junit.platform.engine.support.hierarchical.SameThreadHierarchicalTestExecutorService.invokeAll(SameThreadHierarchicalTestExecutorService.java:41)
	at org.junit.platform.engine.support.hierarchical.NodeTestTask.lambda$executeRecursively$6(NodeTestTask.java:155)
	at org.junit.platform.engine.support.hierarchical.ThrowableCollector.execute(ThrowableCollector.java:73)
	at org.junit.platform.engine.support.hierarchical.NodeTestTask.lambda$executeRecursively$8(NodeTestTask.java:141)
	at org.junit.platform.engine.support.hierarchical.Node.around(Node.java:137)
	at org.junit.platform.engine.support.hierarchical.NodeTestTask.lambda$executeRecursively$9(NodeTestTask.java:139)
	at org.junit.platform.engine.support.hierarchical.ThrowableCollector.execute(ThrowableCollector.java:73)
	at org.junit.platform.engine.support.hierarchical.NodeTestTask.executeRecursively(NodeTestTask.java:138)
	at org.junit.platform.engine.support.hierarchical.NodeTestTask.execute(NodeTestTask.java:95)
	at org.junit.platform.engine.support.hierarchical.SameThreadHierarchicalTestExecutorService.submit(SameThreadHierarchicalTestExecutorService.java:35)
	at org.junit.platform.engine.support.hierarchical.HierarchicalTestExecutor.execute(HierarchicalTestExecutor.java:57)
	at org.junit.platform.engine.support.hierarchical.HierarchicalTestEngine.execute(HierarchicalTestEngine.java:54)
	at org.junit.platform.launcher.core.EngineExecutionOrchestrator.execute(EngineExecutionOrchestrator.java:107)
	at org.junit.platform.launcher.core.EngineExecutionOrchestrator.execute(EngineExecutionOrchestrator.java:88)
	at org.junit.platform.launcher.core.EngineExecutionOrchestrator.lambda$execute$0(EngineExecutionOrchestrator.java:54)
	at org.junit.platform.launcher.core.EngineExecutionOrchestrator.withInterceptedStreams(EngineExecutionOrchestrator.java:67)
	at org.junit.platform.launcher.core.EngineExecutionOrchestrator.execute(EngineExecutionOrchestrator.java:52)
	at org.junit.platform.launcher.core.DefaultLauncher.execute(DefaultLauncher.java:114)
	at org.junit.platform.launcher.core.DefaultLauncher.execute(DefaultLauncher.java:86)
	at org.junit.platform.launcher.core.DefaultLauncherSession$DelegatingLauncher.execute(DefaultLauncherSession.java:86)
	at org.junit.platform.launcher.core.SessionPerRequestLauncher.execute(SessionPerRequestLauncher.java:53)
	at org.apache.maven.surefire.junitplatform.JUnitPlatformProvider.execute(JUnitPlatformProvider.java:188)
	at org.apache.maven.surefire.junitplatform.JUnitPlatformProvider.invokeAllTests(JUnitPlatformProvider.java:154)
	at org.apache.maven.surefire.junitplatform.JUnitPlatformProvider.invoke(JUnitPlatformProvider.java:124)
	at org.apache.maven.surefire.booter.ForkedBooter.runSuitesInProcess(ForkedBooter.java:428)
	at org.apache.maven.surefire.booter.ForkedBooter.execute(ForkedBooter.java:162)
	at org.apache.maven.surefire.booter.ForkedBooter.run(ForkedBooter.java:562)
	at org.apache.maven.surefire.booter.ForkedBooter.main(ForkedBooter.java:548)
2023-06-02 19:47:33,264 [main] ERROR scm.XceiverClientGrpc (XceiverClientGrpc.java:sendCommandWithRetry(453)) - Failed to execute command ReadChunk on the pipeline Pipeline[ Id: cfb787f3-52f4-4437-91cf-498250132de1, Nodes: 60ac4d22-094a-4270-8266-44944d79861e(fv-az459-618.msq0az1vewme3jsxyslsv0htic.jx.internal.cloudapp.net/10.1.26.0)f5a51868-327c-422c-ad14-d572ec0233ee(fv-az459-618.msq0az1vewme3jsxyslsv0htic.jx.internal.cloudapp.net/10.1.26.0)9e7d7045-1d4c-4270-9434-63584a31babd(fv-az459-618.msq0az1vewme3jsxyslsv0htic.jx.internal.cloudapp.net/10.1.26.0), ReplicationConfig: STANDALONE/THREE, State:OPEN, leaderId:9e7d7045-1d4c-4270-9434-63584a31babd, CreationTimestamp2023-06-02T19:46:29.536Z[Etc/UTC]].
2023-06-02 19:47:33,269 [main] ERROR scm.XceiverClientGrpc (XceiverClientGrpc.java:sendCommandWithRetry(453)) - Failed to execute command ReadChunk on the pipeline Pipeline[ Id: cfb787f3-52f4-4437-91cf-498250132de1, Nodes: 60ac4d22-094a-4270-8266-44944d79861e(fv-az459-618.msq0az1vewme3jsxyslsv0htic.jx.internal.cloudapp.net/10.1.26.0)f5a51868-327c-422c-ad14-d572ec0233ee(fv-az459-618.msq0az1vewme3jsxyslsv0htic.jx.internal.cloudapp.net/10.1.26.0)9e7d7045-1d4c-4270-9434-63584a31babd(fv-az459-618.msq0az1vewme3jsxyslsv0htic.jx.internal.cloudapp.net/10.1.26.0), ReplicationConfig: STANDALONE/THREE, State:OPEN, leaderId:9e7d7045-1d4c-4270-9434-63584a31babd, CreationTimestamp2023-06-02T19:46:29.536Z[Etc/UTC]].
2023-06-02 19:47:33,269 [main] WARN  storage.ContainerProtocolCalls (ContainerProtocolCalls.java:tryEachDatanode(147)) - Failed to read chunk 111677748019200369_chunk_1 (len=12) conID: 7 locID: 111677748019200369 bcsId: 153 from 60ac4d22-094a-4270-8266-44944d79861e(fv-az459-618.msq0az1vewme3jsxyslsv0htic.jx.internal.cloudapp.net/10.1.26.0); will try another datanode.
org.apache.hadoop.ozone.common.OzoneChecksumException: Checksum mismatch at index 0
	at org.apache.hadoop.ozone.common.ChecksumData.verifyChecksumDataMatches(ChecksumData.java:139)
	at org.apache.hadoop.ozone.common.Checksum.verifyChecksum(Checksum.java:295)
	at org.apache.hadoop.hdds.scm.storage.ChunkInputStream.lambda$new$0(ChunkInputStream.java:492)
	at org.apache.hadoop.hdds.scm.XceiverClientGrpc.sendCommandWithRetry(XceiverClientGrpc.java:410)
	at org.apache.hadoop.hdds.scm.XceiverClientGrpc.lambda$sendCommandWithTraceIDAndRetry$0(XceiverClientGrpc.java:349)
	at org.apache.hadoop.hdds.tracing.TracingUtil.executeInSpan(TracingUtil.java:196)
	at org.apache.hadoop.hdds.tracing.TracingUtil.executeInNewSpan(TracingUtil.java:170)
	at org.apache.hadoop.hdds.scm.XceiverClientGrpc.sendCommandWithTraceIDAndRetry(XceiverClientGrpc.java:343)
	at org.apache.hadoop.hdds.scm.XceiverClientGrpc.sendCommand(XceiverClientGrpc.java:324)
	at org.apache.hadoop.hdds.scm.storage.ContainerProtocolCalls.readChunk(ContainerProtocolCalls.java:355)
	at org.apache.hadoop.hdds.scm.storage.ContainerProtocolCalls.lambda$readChunk$2(ContainerProtocolCalls.java:342)
	at org.apache.hadoop.hdds.scm.storage.ContainerProtocolCalls.tryEachDatanode(ContainerProtocolCalls.java:143)
	at org.apache.hadoop.hdds.scm.storage.ContainerProtocolCalls.readChunk(ContainerProtocolCalls.java:341)
	at org.apache.hadoop.hdds.scm.storage.ChunkInputStream.readChunk(ChunkInputStream.java:430)
	at org.apache.hadoop.hdds.scm.storage.ChunkInputStream.readChunkDataIntoBuffers(ChunkInputStream.java:404)
	at org.apache.hadoop.hdds.scm.storage.ChunkInputStream.readChunkFromContainer(ChunkInputStream.java:389)
	at org.apache.hadoop.hdds.scm.storage.ChunkInputStream.prepareRead(ChunkInputStream.java:321)
	at org.apache.hadoop.hdds.scm.storage.ChunkInputStream.read(ChunkInputStream.java:175)
	at org.apache.hadoop.hdds.scm.storage.ByteArrayReader.readFromBlock(ByteArrayReader.java:57)
	at org.apache.hadoop.hdds.scm.storage.BlockInputStream.readWithStrategy(BlockInputStream.java:327)
	at org.apache.hadoop.hdds.scm.storage.ExtendedInputStream.read(ExtendedInputStream.java:56)
	at org.apache.hadoop.hdds.scm.storage.ByteArrayReader.readFromBlock(ByteArrayReader.java:57)
	at org.apache.hadoop.hdds.scm.storage.MultipartInputStream.readWithStrategy(MultipartInputStream.java:96)
	at org.apache.hadoop.hdds.scm.storage.ExtendedInputStream.read(ExtendedInputStream.java:56)
	at org.apache.hadoop.ozone.client.io.OzoneInputStream.read(OzoneInputStream.java:56)
	at java.io.InputStream.read(InputStream.java:101)
	at org.apache.hadoop.ozone.client.rpc.TestOzoneRpcClientAbstract.testReadKeyWithCorruptedDataWithMutiNodes(TestOzoneRpcClientAbstract.java:2044)
	at sun.reflect.NativeMethodAccessorImpl.invoke0(Native Method)
	at sun.reflect.NativeMethodAccessorImpl.invoke(NativeMethodAccessorImpl.java:62)
	at sun.reflect.DelegatingMethodAccessorImpl.invoke(DelegatingMethodAccessorImpl.java:43)
	at java.lang.reflect.Method.invoke(Method.java:498)
	at org.junit.platform.commons.util.ReflectionUtils.invokeMethod(ReflectionUtils.java:725)
	at org.junit.jupiter.engine.execution.MethodInvocation.proceed(MethodInvocation.java:60)
	at org.junit.jupiter.engine.execution.InvocationInterceptorChain$ValidatingInvocation.proceed(InvocationInterceptorChain.java:131)
	at org.junit.jupiter.engine.extension.TimeoutExtension.intercept(TimeoutExtension.java:149)
	at org.junit.jupiter.engine.extension.TimeoutExtension.interceptTestableMethod(TimeoutExtension.java:140)
	at org.junit.jupiter.engine.extension.TimeoutExtension.interceptTestMethod(TimeoutExtension.java:84)
	at org.junit.jupiter.engine.execution.ExecutableInvoker$ReflectiveInterceptorCall.lambda$ofVoidMethod$0(ExecutableInvoker.java:115)
	at org.junit.jupiter.engine.execution.ExecutableInvoker.lambda$invoke$0(ExecutableInvoker.java:105)
	at org.junit.jupiter.engine.execution.InvocationInterceptorChain$InterceptedInvocation.proceed(InvocationInterceptorChain.java:106)
	at org.junit.jupiter.engine.execution.InvocationInterceptorChain.proceed(InvocationInterceptorChain.java:64)
	at org.junit.jupiter.engine.execution.InvocationInterceptorChain.chainAndInvoke(InvocationInterceptorChain.java:45)
	at org.junit.jupiter.engine.execution.InvocationInterceptorChain.invoke(InvocationInterceptorChain.java:37)
	at org.junit.jupiter.engine.execution.ExecutableInvoker.invoke(ExecutableInvoker.java:104)
	at org.junit.jupiter.engine.execution.ExecutableInvoker.invoke(ExecutableInvoker.java:98)
	at org.junit.jupiter.engine.descriptor.TestMethodTestDescriptor.lambda$invokeTestMethod$7(TestMethodTestDescriptor.java:214)
	at org.junit.platform.engine.support.hierarchical.ThrowableCollector.execute(ThrowableCollector.java:73)
	at org.junit.jupiter.engine.descriptor.TestMethodTestDescriptor.invokeTestMethod(TestMethodTestDescriptor.java:210)
	at org.junit.jupiter.engine.descriptor.TestMethodTestDescriptor.execute(TestMethodTestDescriptor.java:135)
	at org.junit.jupiter.engine.descriptor.TestMethodTestDescriptor.execute(TestMethodTestDescriptor.java:66)
	at org.junit.platform.engine.support.hierarchical.NodeTestTask.lambda$executeRecursively$6(NodeTestTask.java:151)
	at org.junit.platform.engine.support.hierarchical.ThrowableCollector.execute(ThrowableCollector.java:73)
	at org.junit.platform.engine.support.hierarchical.NodeTestTask.lambda$executeRecursively$8(NodeTestTask.java:141)
	at org.junit.platform.engine.support.hierarchical.Node.around(Node.java:137)
	at org.junit.platform.engine.support.hierarchical.NodeTestTask.lambda$executeRecursively$9(NodeTestTask.java:139)
	at org.junit.platform.engine.support.hierarchical.ThrowableCollector.execute(ThrowableCollector.java:73)
	at org.junit.platform.engine.support.hierarchical.NodeTestTask.executeRecursively(NodeTestTask.java:138)
	at org.junit.platform.engine.support.hierarchical.NodeTestTask.execute(NodeTestTask.java:95)
	at java.util.ArrayList.forEach(ArrayList.java:1259)
	at org.junit.platform.engine.support.hierarchical.SameThreadHierarchicalTestExecutorService.invokeAll(SameThreadHierarchicalTestExecutorService.java:41)
	at org.junit.platform.engine.support.hierarchical.NodeTestTask.lambda$executeRecursively$6(NodeTestTask.java:155)
	at org.junit.platform.engine.support.hierarchical.ThrowableCollector.execute(ThrowableCollector.java:73)
	at org.junit.platform.engine.support.hierarchical.NodeTestTask.lambda$executeRecursively$8(NodeTestTask.java:141)
	at org.junit.platform.engine.support.hierarchical.Node.around(Node.java:137)
	at org.junit.platform.engine.support.hierarchical.NodeTestTask.lambda$executeRecursively$9(NodeTestTask.java:139)
	at org.junit.platform.engine.support.hierarchical.ThrowableCollector.execute(ThrowableCollector.java:73)
	at org.junit.platform.engine.support.hierarchical.NodeTestTask.executeRecursively(NodeTestTask.java:138)
	at org.junit.platform.engine.support.hierarchical.NodeTestTask.execute(NodeTestTask.java:95)
	at java.util.ArrayList.forEach(ArrayList.java:1259)
	at org.junit.platform.engine.support.hierarchical.SameThreadHierarchicalTestExecutorService.invokeAll(SameThreadHierarchicalTestExecutorService.java:41)
	at org.junit.platform.engine.support.hierarchical.NodeTestTask.lambda$executeRecursively$6(NodeTestTask.java:155)
	at org.junit.platform.engine.support.hierarchical.ThrowableCollector.execute(ThrowableCollector.java:73)
	at org.junit.platform.engine.support.hierarchical.NodeTestTask.lambda$executeRecursively$8(NodeTestTask.java:141)
	at org.junit.platform.engine.support.hierarchical.Node.around(Node.java:137)
	at org.junit.platform.engine.support.hierarchical.NodeTestTask.lambda$executeRecursively$9(NodeTestTask.java:139)
	at org.junit.platform.engine.support.hierarchical.ThrowableCollector.execute(ThrowableCollector.java:73)
	at org.junit.platform.engine.support.hierarchical.NodeTestTask.executeRecursively(NodeTestTask.java:138)
	at org.junit.platform.engine.support.hierarchical.NodeTestTask.execute(NodeTestTask.java:95)
	at org.junit.platform.engine.support.hierarchical.SameThreadHierarchicalTestExecutorService.submit(SameThreadHierarchicalTestExecutorService.java:35)
	at org.junit.platform.engine.support.hierarchical.HierarchicalTestExecutor.execute(HierarchicalTestExecutor.java:57)
	at org.junit.platform.engine.support.hierarchical.HierarchicalTestEngine.execute(HierarchicalTestEngine.java:54)
	at org.junit.platform.launcher.core.EngineExecutionOrchestrator.execute(EngineExecutionOrchestrator.java:107)
	at org.junit.platform.launcher.core.EngineExecutionOrchestrator.execute(EngineExecutionOrchestrator.java:88)
	at org.junit.platform.launcher.core.EngineExecutionOrchestrator.lambda$execute$0(EngineExecutionOrchestrator.java:54)
	at org.junit.platform.launcher.core.EngineExecutionOrchestrator.withInterceptedStreams(EngineExecutionOrchestrator.java:67)
	at org.junit.platform.launcher.core.EngineExecutionOrchestrator.execute(EngineExecutionOrchestrator.java:52)
	at org.junit.platform.launcher.core.DefaultLauncher.execute(DefaultLauncher.java:114)
	at org.junit.platform.launcher.core.DefaultLauncher.execute(DefaultLauncher.java:86)
	at org.junit.platform.launcher.core.DefaultLauncherSession$DelegatingLauncher.execute(DefaultLauncherSession.java:86)
	at org.junit.platform.launcher.core.SessionPerRequestLauncher.execute(SessionPerRequestLauncher.java:53)
	at org.apache.maven.surefire.junitplatform.JUnitPlatformProvider.execute(JUnitPlatformProvider.java:188)
	at org.apache.maven.surefire.junitplatform.JUnitPlatformProvider.invokeAllTests(JUnitPlatformProvider.java:154)
	at org.apache.maven.surefire.junitplatform.JUnitPlatformProvider.invoke(JUnitPlatformProvider.java:124)
	at org.apache.maven.surefire.booter.ForkedBooter.runSuitesInProcess(ForkedBooter.java:428)
	at org.apache.maven.surefire.booter.ForkedBooter.execute(ForkedBooter.java:162)
	at org.apache.maven.surefire.booter.ForkedBooter.run(ForkedBooter.java:562)
	at org.apache.maven.surefire.booter.ForkedBooter.main(ForkedBooter.java:548)
2023-06-02 19:47:33,274 [main] ERROR scm.XceiverClientGrpc (XceiverClientGrpc.java:sendCommandWithRetry(453)) - Failed to execute command ReadChunk on the pipeline Pipeline[ Id: cfb787f3-52f4-4437-91cf-498250132de1, Nodes: 60ac4d22-094a-4270-8266-44944d79861e(fv-az459-618.msq0az1vewme3jsxyslsv0htic.jx.internal.cloudapp.net/10.1.26.0)f5a51868-327c-422c-ad14-d572ec0233ee(fv-az459-618.msq0az1vewme3jsxyslsv0htic.jx.internal.cloudapp.net/10.1.26.0)9e7d7045-1d4c-4270-9434-63584a31babd(fv-az459-618.msq0az1vewme3jsxyslsv0htic.jx.internal.cloudapp.net/10.1.26.0), ReplicationConfig: STANDALONE/THREE, State:OPEN, leaderId:9e7d7045-1d4c-4270-9434-63584a31babd, CreationTimestamp2023-06-02T19:46:29.536Z[Etc/UTC]].
2023-06-02 19:47:33,275 [main] WARN  storage.ContainerProtocolCalls (ContainerProtocolCalls.java:tryEachDatanode(147)) - Failed to read chunk 111677748019200369_chunk_1 (len=12) conID: 7 locID: 111677748019200369 bcsId: 153 from f5a51868-327c-422c-ad14-d572ec0233ee(fv-az459-618.msq0az1vewme3jsxyslsv0htic.jx.internal.cloudapp.net/10.1.26.0); will try another datanode.
org.apache.hadoop.ozone.common.OzoneChecksumException: Checksum mismatch at index 0
	at org.apache.hadoop.ozone.common.ChecksumData.verifyChecksumDataMatches(ChecksumData.java:139)
	at org.apache.hadoop.ozone.common.Checksum.verifyChecksum(Checksum.java:295)
	at org.apache.hadoop.hdds.scm.storage.ChunkInputStream.lambda$new$0(ChunkInputStream.java:492)
	at org.apache.hadoop.hdds.scm.XceiverClientGrpc.sendCommandWithRetry(XceiverClientGrpc.java:410)
	at org.apache.hadoop.hdds.scm.XceiverClientGrpc.lambda$sendCommandWithTraceIDAndRetry$0(XceiverClientGrpc.java:349)
	at org.apache.hadoop.hdds.tracing.TracingUtil.executeInSpan(TracingUtil.java:196)
	at org.apache.hadoop.hdds.tracing.TracingUtil.executeInNewSpan(TracingUtil.java:170)
	at org.apache.hadoop.hdds.scm.XceiverClientGrpc.sendCommandWithTraceIDAndRetry(XceiverClientGrpc.java:343)
	at org.apache.hadoop.hdds.scm.XceiverClientGrpc.sendCommand(XceiverClientGrpc.java:324)
	at org.apache.hadoop.hdds.scm.storage.ContainerProtocolCalls.readChunk(ContainerProtocolCalls.java:355)
	at org.apache.hadoop.hdds.scm.storage.ContainerProtocolCalls.lambda$readChunk$2(ContainerProtocolCalls.java:342)
	at org.apache.hadoop.hdds.scm.storage.ContainerProtocolCalls.tryEachDatanode(ContainerProtocolCalls.java:143)
	at org.apache.hadoop.hdds.scm.storage.ContainerProtocolCalls.readChunk(ContainerProtocolCalls.java:341)
	at org.apache.hadoop.hdds.scm.storage.ChunkInputStream.readChunk(ChunkInputStream.java:430)
	at org.apache.hadoop.hdds.scm.storage.ChunkInputStream.readChunkDataIntoBuffers(ChunkInputStream.java:404)
	at org.apache.hadoop.hdds.scm.storage.ChunkInputStream.readChunkFromContainer(ChunkInputStream.java:389)
	at org.apache.hadoop.hdds.scm.storage.ChunkInputStream.prepareRead(ChunkInputStream.java:321)
	at org.apache.hadoop.hdds.scm.storage.ChunkInputStream.read(ChunkInputStream.java:175)
	at org.apache.hadoop.hdds.scm.storage.ByteArrayReader.readFromBlock(ByteArrayReader.java:57)
	at org.apache.hadoop.hdds.scm.storage.BlockInputStream.readWithStrategy(BlockInputStream.java:327)
	at org.apache.hadoop.hdds.scm.storage.ExtendedInputStream.read(ExtendedInputStream.java:56)
	at org.apache.hadoop.hdds.scm.storage.ByteArrayReader.readFromBlock(ByteArrayReader.java:57)
	at org.apache.hadoop.hdds.scm.storage.MultipartInputStream.readWithStrategy(MultipartInputStream.java:96)
	at org.apache.hadoop.hdds.scm.storage.ExtendedInputStream.read(ExtendedInputStream.java:56)
	at org.apache.hadoop.ozone.client.io.OzoneInputStream.read(OzoneInputStream.java:56)
	at java.io.InputStream.read(InputStream.java:101)
	at org.apache.hadoop.ozone.client.rpc.TestOzoneRpcClientAbstract.testReadKeyWithCorruptedDataWithMutiNodes(TestOzoneRpcClientAbstract.java:2044)
	at sun.reflect.NativeMethodAccessorImpl.invoke0(Native Method)
	at sun.reflect.NativeMethodAccessorImpl.invoke(NativeMethodAccessorImpl.java:62)
	at sun.reflect.DelegatingMethodAccessorImpl.invoke(DelegatingMethodAccessorImpl.java:43)
	at java.lang.reflect.Method.invoke(Method.java:498)
	at org.junit.platform.commons.util.ReflectionUtils.invokeMethod(ReflectionUtils.java:725)
	at org.junit.jupiter.engine.execution.MethodInvocation.proceed(MethodInvocation.java:60)
	at org.junit.jupiter.engine.execution.InvocationInterceptorChain$ValidatingInvocation.proceed(InvocationInterceptorChain.java:131)
	at org.junit.jupiter.engine.extension.TimeoutExtension.intercept(TimeoutExtension.java:149)
	at org.junit.jupiter.engine.extension.TimeoutExtension.interceptTestableMethod(TimeoutExtension.java:140)
	at org.junit.jupiter.engine.extension.TimeoutExtension.interceptTestMethod(TimeoutExtension.java:84)
	at org.junit.jupiter.engine.execution.ExecutableInvoker$ReflectiveInterceptorCall.lambda$ofVoidMethod$0(ExecutableInvoker.java:115)
	at org.junit.jupiter.engine.execution.ExecutableInvoker.lambda$invoke$0(ExecutableInvoker.java:105)
	at org.junit.jupiter.engine.execution.InvocationInterceptorChain$InterceptedInvocation.proceed(InvocationInterceptorChain.java:106)
	at org.junit.jupiter.engine.execution.InvocationInterceptorChain.proceed(InvocationInterceptorChain.java:64)
	at org.junit.jupiter.engine.execution.InvocationInterceptorChain.chainAndInvoke(InvocationInterceptorChain.java:45)
	at org.junit.jupiter.engine.execution.InvocationInterceptorChain.invoke(InvocationInterceptorChain.java:37)
	at org.junit.jupiter.engine.execution.ExecutableInvoker.invoke(ExecutableInvoker.java:104)
	at org.junit.jupiter.engine.execution.ExecutableInvoker.invoke(ExecutableInvoker.java:98)
	at org.junit.jupiter.engine.descriptor.TestMethodTestDescriptor.lambda$invokeTestMethod$7(TestMethodTestDescriptor.java:214)
	at org.junit.platform.engine.support.hierarchical.ThrowableCollector.execute(ThrowableCollector.java:73)
	at org.junit.jupiter.engine.descriptor.TestMethodTestDescriptor.invokeTestMethod(TestMethodTestDescriptor.java:210)
	at org.junit.jupiter.engine.descriptor.TestMethodTestDescriptor.execute(TestMethodTestDescriptor.java:135)
	at org.junit.jupiter.engine.descriptor.TestMethodTestDescriptor.execute(TestMethodTestDescriptor.java:66)
	at org.junit.platform.engine.support.hierarchical.NodeTestTask.lambda$executeRecursively$6(NodeTestTask.java:151)
	at org.junit.platform.engine.support.hierarchical.ThrowableCollector.execute(ThrowableCollector.java:73)
	at org.junit.platform.engine.support.hierarchical.NodeTestTask.lambda$executeRecursively$8(NodeTestTask.java:141)
	at org.junit.platform.engine.support.hierarchical.Node.around(Node.java:137)
	at org.junit.platform.engine.support.hierarchical.NodeTestTask.lambda$executeRecursively$9(NodeTestTask.java:139)
	at org.junit.platform.engine.support.hierarchical.ThrowableCollector.execute(ThrowableCollector.java:73)
	at org.junit.platform.engine.support.hierarchical.NodeTestTask.executeRecursively(NodeTestTask.java:138)
	at org.junit.platform.engine.support.hierarchical.NodeTestTask.execute(NodeTestTask.java:95)
	at java.util.ArrayList.forEach(ArrayList.java:1259)
	at org.junit.platform.engine.support.hierarchical.SameThreadHierarchicalTestExecutorService.invokeAll(SameThreadHierarchicalTestExecutorService.java:41)
	at org.junit.platform.engine.support.hierarchical.NodeTestTask.lambda$executeRecursively$6(NodeTestTask.java:155)
	at org.junit.platform.engine.support.hierarchical.ThrowableCollector.execute(ThrowableCollector.java:73)
	at org.junit.platform.engine.support.hierarchical.NodeTestTask.lambda$executeRecursively$8(NodeTestTask.java:141)
	at org.junit.platform.engine.support.hierarchical.Node.around(Node.java:137)
	at org.junit.platform.engine.support.hierarchical.NodeTestTask.lambda$executeRecursively$9(NodeTestTask.java:139)
	at org.junit.platform.engine.support.hierarchical.ThrowableCollector.execute(ThrowableCollector.java:73)
	at org.junit.platform.engine.support.hierarchical.NodeTestTask.executeRecursively(NodeTestTask.java:138)
	at org.junit.platform.engine.support.hierarchical.NodeTestTask.execute(NodeTestTask.java:95)
	at java.util.ArrayList.forEach(ArrayList.java:1259)
	at org.junit.platform.engine.support.hierarchical.SameThreadHierarchicalTestExecutorService.invokeAll(SameThreadHierarchicalTestExecutorService.java:41)
	at org.junit.platform.engine.support.hierarchical.NodeTestTask.lambda$executeRecursively$6(NodeTestTask.java:155)
	at org.junit.platform.engine.support.hierarchical.ThrowableCollector.execute(ThrowableCollector.java:73)
	at org.junit.platform.engine.support.hierarchical.NodeTestTask.lambda$executeRecursively$8(NodeTestTask.java:141)
	at org.junit.platform.engine.support.hierarchical.Node.around(Node.java:137)
	at org.junit.platform.engine.support.hierarchical.NodeTestTask.lambda$executeRecursively$9(NodeTestTask.java:139)
	at org.junit.platform.engine.support.hierarchical.ThrowableCollector.execute(ThrowableCollector.java:73)
	at org.junit.platform.engine.support.hierarchical.NodeTestTask.executeRecursively(NodeTestTask.java:138)
	at org.junit.platform.engine.support.hierarchical.NodeTestTask.execute(NodeTestTask.java:95)
	at org.junit.platform.engine.support.hierarchical.SameThreadHierarchicalTestExecutorService.submit(SameThreadHierarchicalTestExecutorService.java:35)
	at org.junit.platform.engine.support.hierarchical.HierarchicalTestExecutor.execute(HierarchicalTestExecutor.java:57)
	at org.junit.platform.engine.support.hierarchical.HierarchicalTestEngine.execute(HierarchicalTestEngine.java:54)
	at org.junit.platform.launcher.core.EngineExecutionOrchestrator.execute(EngineExecutionOrchestrator.java:107)
	at org.junit.platform.launcher.core.EngineExecutionOrchestrator.execute(EngineExecutionOrchestrator.java:88)
	at org.junit.platform.launcher.core.EngineExecutionOrchestrator.lambda$execute$0(EngineExecutionOrchestrator.java:54)
	at org.junit.platform.launcher.core.EngineExecutionOrchestrator.withInterceptedStreams(EngineExecutionOrchestrator.java:67)
	at org.junit.platform.launcher.core.EngineExecutionOrchestrator.execute(EngineExecutionOrchestrator.java:52)
	at org.junit.platform.launcher.core.DefaultLauncher.execute(DefaultLauncher.java:114)
	at org.junit.platform.launcher.core.DefaultLauncher.execute(DefaultLauncher.java:86)
	at org.junit.platform.launcher.core.DefaultLauncherSession$DelegatingLauncher.execute(DefaultLauncherSession.java:86)
	at org.junit.platform.launcher.core.SessionPerRequestLauncher.execute(SessionPerRequestLauncher.java:53)
	at org.apache.maven.surefire.junitplatform.JUnitPlatformProvider.execute(JUnitPlatformProvider.java:188)
	at org.apache.maven.surefire.junitplatform.JUnitPlatformProvider.invokeAllTests(JUnitPlatformProvider.java:154)
	at org.apache.maven.surefire.junitplatform.JUnitPlatformProvider.invoke(JUnitPlatformProvider.java:124)
	at org.apache.maven.surefire.booter.ForkedBooter.runSuitesInProcess(ForkedBooter.java:428)
	at org.apache.maven.surefire.booter.ForkedBooter.execute(ForkedBooter.java:162)
	at org.apache.maven.surefire.booter.ForkedBooter.run(ForkedBooter.java:562)
	at org.apache.maven.surefire.booter.ForkedBooter.main(ForkedBooter.java:548)
2023-06-02 19:47:33,279 [main] ERROR scm.XceiverClientGrpc (XceiverClientGrpc.java:sendCommandWithRetry(453)) - Failed to execute command ReadChunk on the pipeline Pipeline[ Id: cfb787f3-52f4-4437-91cf-498250132de1, Nodes: 60ac4d22-094a-4270-8266-44944d79861e(fv-az459-618.msq0az1vewme3jsxyslsv0htic.jx.internal.cloudapp.net/10.1.26.0)f5a51868-327c-422c-ad14-d572ec0233ee(fv-az459-618.msq0az1vewme3jsxyslsv0htic.jx.internal.cloudapp.net/10.1.26.0)9e7d7045-1d4c-4270-9434-63584a31babd(fv-az459-618.msq0az1vewme3jsxyslsv0htic.jx.internal.cloudapp.net/10.1.26.0), ReplicationConfig: STANDALONE/THREE, State:OPEN, leaderId:9e7d7045-1d4c-4270-9434-63584a31babd, CreationTimestamp2023-06-02T19:46:29.536Z[Etc/UTC]].
]]></system-out>
  </testcase>
  <testcase name="testReadKeyWithVerifyChecksumFlagDisable" classname="org.apache.hadoop.ozone.client.rpc.TestOzoneRpcClientWithRatis" time="0.086">
    <system-out><![CDATA[2023-06-02 19:47:33,280 [main] INFO  rpc.RpcClient (RpcClient.java:createVolume(459)) - Creating Volume: 343e9086-9f4e-48bd-805c-5cd849e07802, with runner as owner and space quota set to -1 bytes, counts quota set to -1
2023-06-02 19:47:33,283 [OM StateMachine ApplyTransaction Thread - 0] INFO  volume.OMVolumeCreateRequest (OMVolumeCreateRequest.java:validateAndUpdateCache(196)) - created volume:343e9086-9f4e-48bd-805c-5cd849e07802 for user:runner
2023-06-02 19:47:33,284 [main] INFO  rpc.RpcClient (RpcClient.java:createBucket(686)) - Creating Bucket: 343e9086-9f4e-48bd-805c-5cd849e07802/768a127e-15bc-4f4d-a199-e576777eccba, with server-side default bucket layout, runner as owner, Versioning false, Storage Type set to DISK and Encryption set to false, Replication Type set to server-side default replication type, Namespace Quota set to -1, Space Quota set to -1 
2023-06-02 19:47:33,286 [OM StateMachine ApplyTransaction Thread - 0] INFO  bucket.OMBucketCreateRequest (OMBucketCreateRequest.java:validateAndUpdateCache(270)) - created bucket: 768a127e-15bc-4f4d-a199-e576777eccba of layout FILE_SYSTEM_OPTIMIZED in volume: 343e9086-9f4e-48bd-805c-5cd849e07802
2023-06-02 19:47:33,299 [IPC Server handler 1 on default port 15001] WARN  node.SCMNodeManager (SCMNodeManager.java:getNodesByAddress(1381)) - Cannot find node for address 127.0.0.1
]]></system-out>
  </testcase>
  <testcase name="testReadKeyWithVerifyChecksumFlagEnable" classname="org.apache.hadoop.ozone.client.rpc.TestOzoneRpcClientWithRatis" time="0.086">
    <system-out><![CDATA[2023-06-02 19:47:33,367 [main] INFO  rpc.RpcClient (RpcClient.java:createVolume(459)) - Creating Volume: 7375a819-376f-4331-aa14-b0cadf292a00, with runner as owner and space quota set to -1 bytes, counts quota set to -1
2023-06-02 19:47:33,369 [OM StateMachine ApplyTransaction Thread - 0] INFO  volume.OMVolumeCreateRequest (OMVolumeCreateRequest.java:validateAndUpdateCache(196)) - created volume:7375a819-376f-4331-aa14-b0cadf292a00 for user:runner
2023-06-02 19:47:33,370 [main] INFO  rpc.RpcClient (RpcClient.java:createBucket(686)) - Creating Bucket: 7375a819-376f-4331-aa14-b0cadf292a00/470feed6-8571-443a-a647-77c744652243, with server-side default bucket layout, runner as owner, Versioning false, Storage Type set to DISK and Encryption set to false, Replication Type set to server-side default replication type, Namespace Quota set to -1, Space Quota set to -1 
2023-06-02 19:47:33,372 [OM StateMachine ApplyTransaction Thread - 0] INFO  bucket.OMBucketCreateRequest (OMBucketCreateRequest.java:validateAndUpdateCache(270)) - created bucket: 470feed6-8571-443a-a647-77c744652243 of layout FILE_SYSTEM_OPTIMIZED in volume: 7375a819-376f-4331-aa14-b0cadf292a00
2023-06-02 19:47:33,387 [IPC Server handler 5 on default port 15001] WARN  node.SCMNodeManager (SCMNodeManager.java:getNodesByAddress(1381)) - Cannot find node for address 127.0.0.1
2023-06-02 19:47:33,445 [main] ERROR scm.XceiverClientGrpc (XceiverClientGrpc.java:sendCommandWithRetry(453)) - Failed to execute command ReadChunk on the pipeline Pipeline[ Id: e688934b-2b4d-4cc0-b470-80a260e51cec, Nodes: 60ac4d22-094a-4270-8266-44944d79861e(fv-az459-618.msq0az1vewme3jsxyslsv0htic.jx.internal.cloudapp.net/10.1.26.0), ReplicationConfig: STANDALONE/ONE, State:OPEN, leaderId:60ac4d22-094a-4270-8266-44944d79861e, CreationTimestamp2023-06-02T19:46:38.946Z[Etc/UTC]].
2023-06-02 19:47:33,448 [main] ERROR scm.XceiverClientGrpc (XceiverClientGrpc.java:sendCommandWithRetry(453)) - Failed to execute command ReadChunk on the pipeline Pipeline[ Id: e688934b-2b4d-4cc0-b470-80a260e51cec, Nodes: 60ac4d22-094a-4270-8266-44944d79861e(fv-az459-618.msq0az1vewme3jsxyslsv0htic.jx.internal.cloudapp.net/10.1.26.0), ReplicationConfig: STANDALONE/ONE, State:OPEN, leaderId:60ac4d22-094a-4270-8266-44944d79861e, CreationTimestamp2023-06-02T19:46:38.946Z[Etc/UTC]].
2023-06-02 19:47:33,450 [main] ERROR scm.XceiverClientGrpc (XceiverClientGrpc.java:sendCommandWithRetry(453)) - Failed to execute command ReadChunk on the pipeline Pipeline[ Id: e688934b-2b4d-4cc0-b470-80a260e51cec, Nodes: 60ac4d22-094a-4270-8266-44944d79861e(fv-az459-618.msq0az1vewme3jsxyslsv0htic.jx.internal.cloudapp.net/10.1.26.0), ReplicationConfig: STANDALONE/ONE, State:OPEN, leaderId:60ac4d22-094a-4270-8266-44944d79861e, CreationTimestamp2023-06-02T19:46:38.946Z[Etc/UTC]].
]]></system-out>
  </testcase>
  <testcase name="testRemoveBucketAcl" classname="org.apache.hadoop.ozone.client.rpc.TestOzoneRpcClientWithRatis" time="0.012">
    <system-out><![CDATA[2023-06-02 19:47:33,453 [main] INFO  rpc.RpcClient (RpcClient.java:createVolume(459)) - Creating Volume: 230be6f0-31ce-44cf-bac7-493566657fcc, with runner as owner and space quota set to -1 bytes, counts quota set to -1
2023-06-02 19:47:33,456 [OM StateMachine ApplyTransaction Thread - 0] INFO  volume.OMVolumeCreateRequest (OMVolumeCreateRequest.java:validateAndUpdateCache(196)) - created volume:230be6f0-31ce-44cf-bac7-493566657fcc for user:runner
2023-06-02 19:47:33,458 [main] INFO  rpc.RpcClient (RpcClient.java:createBucket(686)) - Creating Bucket: 230be6f0-31ce-44cf-bac7-493566657fcc/4c56264f-8442-4555-9ef4-59e343f59766, with server-side default bucket layout, runner as owner, Versioning false, Storage Type set to DISK and Encryption set to false, Replication Type set to server-side default replication type, Namespace Quota set to -1, Space Quota set to -1 
2023-06-02 19:47:33,459 [OM StateMachine ApplyTransaction Thread - 0] INFO  bucket.OMBucketCreateRequest (OMBucketCreateRequest.java:validateAndUpdateCache(270)) - created bucket: 4c56264f-8442-4555-9ef4-59e343f59766 of layout FILE_SYSTEM_OPTIMIZED in volume: 230be6f0-31ce-44cf-bac7-493566657fcc
]]></system-out>
  </testcase>
  <testcase name="testRemoveBucketAclUsingRpcClientRemoveAcl" classname="org.apache.hadoop.ozone.client.rpc.TestOzoneRpcClientWithRatis" time="0.011">
    <system-out><![CDATA[2023-06-02 19:47:33,465 [main] INFO  rpc.RpcClient (RpcClient.java:createVolume(459)) - Creating Volume: 2252fefd-83e1-492b-8fad-79282f6db10d, with runner as owner and space quota set to -1 bytes, counts quota set to -1
2023-06-02 19:47:33,467 [OM StateMachine ApplyTransaction Thread - 0] INFO  volume.OMVolumeCreateRequest (OMVolumeCreateRequest.java:validateAndUpdateCache(196)) - created volume:2252fefd-83e1-492b-8fad-79282f6db10d for user:runner
2023-06-02 19:47:33,469 [main] INFO  rpc.RpcClient (RpcClient.java:createBucket(686)) - Creating Bucket: 2252fefd-83e1-492b-8fad-79282f6db10d/2b9afb53-7558-436b-8c80-5c003add14d8, with server-side default bucket layout, runner as owner, Versioning false, Storage Type set to DISK and Encryption set to false, Replication Type set to server-side default replication type, Namespace Quota set to -1, Space Quota set to -1 
2023-06-02 19:47:33,470 [OM StateMachine ApplyTransaction Thread - 0] INFO  bucket.OMBucketCreateRequest (OMBucketCreateRequest.java:validateAndUpdateCache(270)) - created bucket: 2b9afb53-7558-436b-8c80-5c003add14d8 of layout FILE_SYSTEM_OPTIMIZED in volume: 2252fefd-83e1-492b-8fad-79282f6db10d
]]></system-out>
  </testcase>
  <testcase name="testRenameKey" classname="org.apache.hadoop.ozone.client.rpc.TestOzoneRpcClientWithRatis" time="0.039">
    <system-out><![CDATA[2023-06-02 19:47:33,477 [main] INFO  rpc.RpcClient (RpcClient.java:createVolume(459)) - Creating Volume: 599b958b-372c-4590-8d8a-bdde01a34d41, with runner as owner and space quota set to -1 bytes, counts quota set to -1
2023-06-02 19:47:33,478 [OM StateMachine ApplyTransaction Thread - 0] INFO  volume.OMVolumeCreateRequest (OMVolumeCreateRequest.java:validateAndUpdateCache(196)) - created volume:599b958b-372c-4590-8d8a-bdde01a34d41 for user:runner
2023-06-02 19:47:33,480 [main] INFO  rpc.RpcClient (RpcClient.java:createBucket(686)) - Creating Bucket: 599b958b-372c-4590-8d8a-bdde01a34d41/f06b80b7-893d-49bf-b37d-e8fee7d6ab29, with server-side default bucket layout, runner as owner, Versioning false, Storage Type set to DISK and Encryption set to false, Replication Type set to server-side default replication type, Namespace Quota set to -1, Space Quota set to -1 
2023-06-02 19:47:33,481 [OM StateMachine ApplyTransaction Thread - 0] INFO  bucket.OMBucketCreateRequest (OMBucketCreateRequest.java:validateAndUpdateCache(270)) - created bucket: f06b80b7-893d-49bf-b37d-e8fee7d6ab29 of layout FILE_SYSTEM_OPTIMIZED in volume: 599b958b-372c-4590-8d8a-bdde01a34d41
2023-06-02 19:47:33,495 [IPC Server handler 3 on default port 15001] WARN  node.SCMNodeManager (SCMNodeManager.java:getNodesByAddress(1381)) - Cannot find node for address 127.0.0.1
2023-06-02 19:47:33,508 [IPC Server handler 14 on default port 15001] WARN  node.SCMNodeManager (SCMNodeManager.java:getNodesByAddress(1381)) - Cannot find node for address 127.0.0.1
19:47:33.512 [IPC Server handler 10 on default port 15004] ERROR OMAudit - user=runner | ip=127.0.0.1 | op=READ_KEY {volume=599b958b-372c-4590-8d8a-bdde01a34d41, bucket=f06b80b7-893d-49bf-b37d-e8fee7d6ab29, key=827789ad-b2d5-41f9-91cd-cafe6ac16b12, dataSize=0, replicationConfig=null} | ret=FAILURE
org.apache.hadoop.ozone.om.exceptions.OMException: Key:827789ad-b2d5-41f9-91cd-cafe6ac16b12 not found
	at org.apache.hadoop.ozone.om.KeyManagerImpl.readKeyInfo(KeyManagerImpl.java:437) ~[ozone-manager-1.4.0-SNAPSHOT.jar:?]
	at org.apache.hadoop.ozone.om.KeyManagerImpl.lambda$9(KeyManagerImpl.java:1930) ~[ozone-manager-1.4.0-SNAPSHOT.jar:?]
	at org.apache.hadoop.util.MetricUtil.captureLatencyNs(MetricUtil.java:37) ~[hdds-common-1.4.0-SNAPSHOT.jar:?]
	at org.apache.hadoop.ozone.om.KeyManagerImpl.getKeyInfo(KeyManagerImpl.java:1928) ~[ozone-manager-1.4.0-SNAPSHOT.jar:?]
	at org.apache.hadoop.ozone.om.OmMetadataReader.getKeyInfo(OmMetadataReader.java:210) ~[ozone-manager-1.4.0-SNAPSHOT.jar:?]
	at org.apache.hadoop.ozone.om.OzoneManager.getKeyInfo(OzoneManager.java:2793) ~[ozone-manager-1.4.0-SNAPSHOT.jar:?]
	at org.apache.hadoop.ozone.protocolPB.OzoneManagerRequestHandler.getKeyInfo(OzoneManagerRequestHandler.java:550) ~[ozone-manager-1.4.0-SNAPSHOT.jar:?]
	at org.apache.hadoop.ozone.protocolPB.OzoneManagerRequestHandler.handleReadRequest(OzoneManagerRequestHandler.java:293) ~[ozone-manager-1.4.0-SNAPSHOT.jar:?]
	at org.apache.hadoop.ozone.protocolPB.OzoneManagerProtocolServerSideTranslatorPB.submitReadRequestToOM(OzoneManagerProtocolServerSideTranslatorPB.java:223) ~[ozone-manager-1.4.0-SNAPSHOT.jar:?]
	at org.apache.hadoop.ozone.protocolPB.OzoneManagerProtocolServerSideTranslatorPB.processRequest(OzoneManagerProtocolServerSideTranslatorPB.java:177) ~[ozone-manager-1.4.0-SNAPSHOT.jar:?]
	at org.apache.hadoop.hdds.server.OzoneProtocolMessageDispatcher.processRequest(OzoneProtocolMessageDispatcher.java:87) [hdds-server-framework-1.4.0-SNAPSHOT.jar:?]
	at org.apache.hadoop.ozone.protocolPB.OzoneManagerProtocolServerSideTranslatorPB.submitRequest(OzoneManagerProtocolServerSideTranslatorPB.java:147) [ozone-manager-1.4.0-SNAPSHOT.jar:?]
	at org.apache.hadoop.ozone.protocol.proto.OzoneManagerProtocolProtos$OzoneManagerService$2.callBlockingMethod(OzoneManagerProtocolProtos.java) [ozone-interface-client-1.4.0-SNAPSHOT.jar:?]
	at org.apache.hadoop.ipc.ProtobufRpcEngine$Server.processCall(ProtobufRpcEngine.java:484) [hadoop-common-3.3.5.jar:?]
	at org.apache.hadoop.ipc.ProtobufRpcEngine2$Server$ProtoBufRpcInvoker.call(ProtobufRpcEngine2.java:595) [hadoop-common-3.3.5.jar:?]
	at org.apache.hadoop.ipc.ProtobufRpcEngine2$Server$ProtoBufRpcInvoker.call(ProtobufRpcEngine2.java:573) [hadoop-common-3.3.5.jar:?]
	at org.apache.hadoop.ipc.RPC$Server.call(RPC.java:1213) [hadoop-common-3.3.5.jar:?]
	at org.apache.hadoop.ipc.Server$RpcCall.run(Server.java:1089) [hadoop-common-3.3.5.jar:?]
	at org.apache.hadoop.ipc.Server$RpcCall.run(Server.java:1012) [hadoop-common-3.3.5.jar:?]
	at java.security.AccessController.doPrivileged(Native Method) ~[?:1.8.0_372]
	at javax.security.auth.Subject.doAs(Subject.java:422) [?:1.8.0_372]
	at org.apache.hadoop.security.UserGroupInformation.doAs(UserGroupInformation.java:1899) [hadoop-common-3.3.5.jar:?]
	at org.apache.hadoop.ipc.Server$Handler.run(Server.java:3026) [hadoop-common-3.3.5.jar:?]
2023-06-02 19:47:33,514 [IPC Server handler 17 on default port 15001] WARN  node.SCMNodeManager (SCMNodeManager.java:getNodesByAddress(1381)) - Cannot find node for address 127.0.0.1
]]></system-out>
  </testcase>
  <testcase name="testSetAndClrQuota" classname="org.apache.hadoop.ozone.client.rpc.TestOzoneRpcClientWithRatis" time="0.064">
    <system-out><![CDATA[2023-06-02 19:47:33,516 [main] INFO  rpc.RpcClient (RpcClient.java:createVolume(459)) - Creating Volume: 42b8a733-2f24-4ab1-a9f2-e70cfe1fb659, with runner as owner and space quota set to -1 bytes, counts quota set to -1
2023-06-02 19:47:33,518 [OM StateMachine ApplyTransaction Thread - 0] INFO  volume.OMVolumeCreateRequest (OMVolumeCreateRequest.java:validateAndUpdateCache(196)) - created volume:42b8a733-2f24-4ab1-a9f2-e70cfe1fb659 for user:runner
2023-06-02 19:47:33,519 [main] INFO  rpc.RpcClient (RpcClient.java:createBucket(686)) - Creating Bucket: 42b8a733-2f24-4ab1-a9f2-e70cfe1fb659/f0480aab-a18e-470a-8d34-ba109ce62883, with server-side default bucket layout, runner as owner, Versioning false, Storage Type set to DISK and Encryption set to false, Replication Type set to server-side default replication type, Namespace Quota set to -1, Space Quota set to -1 
2023-06-02 19:47:33,521 [OM StateMachine ApplyTransaction Thread - 0] INFO  bucket.OMBucketCreateRequest (OMBucketCreateRequest.java:validateAndUpdateCache(270)) - created bucket: f0480aab-a18e-470a-8d34-ba109ce62883 of layout FILE_SYSTEM_OPTIMIZED in volume: 42b8a733-2f24-4ab1-a9f2-e70cfe1fb659
2023-06-02 19:47:33,529 [main] INFO  rpc.RpcClient (RpcClient.java:createBucket(686)) - Creating Bucket: 42b8a733-2f24-4ab1-a9f2-e70cfe1fb659/0ec5188c-b102-45df-bb74-6ab1692fda8b, with server-side default bucket layout, runner as owner, Versioning false, Storage Type set to DISK and Encryption set to false, Replication Type set to server-side default replication type, Namespace Quota set to -1, Space Quota set to -1 
2023-06-02 19:47:33,530 [OM StateMachine ApplyTransaction Thread - 0] INFO  bucket.OMBucketCreateRequest (OMBucketCreateRequest.java:validateAndUpdateCache(270)) - created bucket: 0ec5188c-b102-45df-bb74-6ab1692fda8b of layout FILE_SYSTEM_OPTIMIZED in volume: 42b8a733-2f24-4ab1-a9f2-e70cfe1fb659
19:47:33.543 [OM StateMachine ApplyTransaction Thread - 0] ERROR OMAudit - user=runner | ip=127.0.0.1 | op=UPDATE_BUCKET {volume=42b8a733-2f24-4ab1-a9f2-e70cfe1fb659, bucket=f0480aab-a18e-470a-8d34-ba109ce62883, gdprEnabled=null, isVersionEnabled=null} | ret=FAILURE
org.apache.hadoop.ozone.om.exceptions.OMException: Can not clear bucket spaceQuota because volume spaceQuota is not cleared.
	at org.apache.hadoop.ozone.om.request.bucket.OMBucketSetPropertyRequest.checkQuotaBytesValid(OMBucketSetPropertyRequest.java:303) ~[ozone-manager-1.4.0-SNAPSHOT.jar:?]
	at org.apache.hadoop.ozone.om.request.bucket.OMBucketSetPropertyRequest.validateAndUpdateCache(OMBucketSetPropertyRequest.java:184) ~[ozone-manager-1.4.0-SNAPSHOT.jar:?]
	at org.apache.hadoop.ozone.protocolPB.OzoneManagerRequestHandler.handleWriteRequest(OzoneManagerRequestHandler.java:338) ~[ozone-manager-1.4.0-SNAPSHOT.jar:?]
	at org.apache.hadoop.ozone.om.ratis.OzoneManagerStateMachine.runCommand(OzoneManagerStateMachine.java:567) ~[ozone-manager-1.4.0-SNAPSHOT.jar:?]
	at org.apache.hadoop.ozone.om.ratis.OzoneManagerStateMachine.lambda$1(OzoneManagerStateMachine.java:358) ~[ozone-manager-1.4.0-SNAPSHOT.jar:?]
	at java.util.concurrent.CompletableFuture$AsyncSupply.run(CompletableFuture.java:1604) [?:1.8.0_372]
	at java.util.concurrent.ThreadPoolExecutor.runWorker(ThreadPoolExecutor.java:1149) [?:1.8.0_372]
	at java.util.concurrent.ThreadPoolExecutor$Worker.run(ThreadPoolExecutor.java:624) [?:1.8.0_372]
	at java.lang.Thread.run(Thread.java:750) [?:1.8.0_372]
2023-06-02 19:47:33,543 [OM StateMachine ApplyTransaction Thread - 0] ERROR bucket.OMBucketSetPropertyRequest (OMBucketSetPropertyRequest.java:validateAndUpdateCache(263)) - Setting bucket property failed for bucket:f0480aab-a18e-470a-8d34-ba109ce62883 in volume:42b8a733-2f24-4ab1-a9f2-e70cfe1fb659
QUOTA_ERROR org.apache.hadoop.ozone.om.exceptions.OMException: Can not clear bucket spaceQuota because volume spaceQuota is not cleared.
	at org.apache.hadoop.ozone.om.request.bucket.OMBucketSetPropertyRequest.checkQuotaBytesValid(OMBucketSetPropertyRequest.java:303)
	at org.apache.hadoop.ozone.om.request.bucket.OMBucketSetPropertyRequest.validateAndUpdateCache(OMBucketSetPropertyRequest.java:184)
	at org.apache.hadoop.ozone.protocolPB.OzoneManagerRequestHandler.handleWriteRequest(OzoneManagerRequestHandler.java:338)
	at org.apache.hadoop.ozone.om.ratis.OzoneManagerStateMachine.runCommand(OzoneManagerStateMachine.java:567)
	at org.apache.hadoop.ozone.om.ratis.OzoneManagerStateMachine.lambda$1(OzoneManagerStateMachine.java:358)
	at java.util.concurrent.CompletableFuture$AsyncSupply.run(CompletableFuture.java:1604)
	at java.util.concurrent.ThreadPoolExecutor.runWorker(ThreadPoolExecutor.java:1149)
	at java.util.concurrent.ThreadPoolExecutor$Worker.run(ThreadPoolExecutor.java:624)
	at java.lang.Thread.run(Thread.java:750)
]]></system-out>
  </testcase>
  <testcase name="testSetBucketQuotaIllegal" classname="org.apache.hadoop.ozone.client.rpc.TestOzoneRpcClientWithRatis" time="0.016">
    <system-out><![CDATA[2023-06-02 19:47:33,580 [main] INFO  rpc.RpcClient (RpcClient.java:createVolume(459)) - Creating Volume: 26386d24-5380-4bba-a171-65e8ab465fa6, with runner as owner and space quota set to -1 bytes, counts quota set to -1
2023-06-02 19:47:33,582 [OM StateMachine ApplyTransaction Thread - 0] INFO  volume.OMVolumeCreateRequest (OMVolumeCreateRequest.java:validateAndUpdateCache(196)) - created volume:26386d24-5380-4bba-a171-65e8ab465fa6 for user:runner
2023-06-02 19:47:33,584 [main] INFO  rpc.RpcClient (RpcClient.java:createBucket(686)) - Creating Bucket: 26386d24-5380-4bba-a171-65e8ab465fa6/d908c7e3-31f4-4d95-94bf-c1b052f0cd03, with server-side default bucket layout, runner as owner, Versioning false, Storage Type set to DISK and Encryption set to false, Replication Type set to server-side default replication type, Namespace Quota set to -1, Space Quota set to -1 
2023-06-02 19:47:33,585 [OM StateMachine ApplyTransaction Thread - 0] INFO  bucket.OMBucketCreateRequest (OMBucketCreateRequest.java:validateAndUpdateCache(270)) - created bucket: d908c7e3-31f4-4d95-94bf-c1b052f0cd03 of layout FILE_SYSTEM_OPTIMIZED in volume: 26386d24-5380-4bba-a171-65e8ab465fa6
]]></system-out>
  </testcase>
  <testcase name="testSetBucketStorageType" classname="org.apache.hadoop.ozone.client.rpc.TestOzoneRpcClientWithRatis" time="0.011">
    <system-out><![CDATA[2023-06-02 19:47:33,598 [main] INFO  rpc.RpcClient (RpcClient.java:createVolume(459)) - Creating Volume: 96083aec-9185-43cf-8bf1-7ad1323acb57, with runner as owner and space quota set to -1 bytes, counts quota set to -1
2023-06-02 19:47:33,600 [OM StateMachine ApplyTransaction Thread - 0] INFO  volume.OMVolumeCreateRequest (OMVolumeCreateRequest.java:validateAndUpdateCache(196)) - created volume:96083aec-9185-43cf-8bf1-7ad1323acb57 for user:runner
2023-06-02 19:47:33,601 [main] INFO  rpc.RpcClient (RpcClient.java:createBucket(686)) - Creating Bucket: 96083aec-9185-43cf-8bf1-7ad1323acb57/6687529e-a3e7-41a2-a2cb-fecf8c206443, with server-side default bucket layout, runner as owner, Versioning false, Storage Type set to DISK and Encryption set to false, Replication Type set to server-side default replication type, Namespace Quota set to -1, Space Quota set to -1 
2023-06-02 19:47:33,603 [OM StateMachine ApplyTransaction Thread - 0] INFO  bucket.OMBucketCreateRequest (OMBucketCreateRequest.java:validateAndUpdateCache(270)) - created bucket: 6687529e-a3e7-41a2-a2cb-fecf8c206443 of layout FILE_SYSTEM_OPTIMIZED in volume: 96083aec-9185-43cf-8bf1-7ad1323acb57
]]></system-out>
  </testcase>
  <testcase name="testSetBucketVersioning" classname="org.apache.hadoop.ozone.client.rpc.TestOzoneRpcClientWithRatis" time="0.009">
    <system-out><![CDATA[2023-06-02 19:47:33,607 [main] INFO  rpc.RpcClient (RpcClient.java:createVolume(459)) - Creating Volume: 681df951-7b21-4675-b4ac-f1abb293171c, with runner as owner and space quota set to -1 bytes, counts quota set to -1
2023-06-02 19:47:33,609 [OM StateMachine ApplyTransaction Thread - 0] INFO  volume.OMVolumeCreateRequest (OMVolumeCreateRequest.java:validateAndUpdateCache(196)) - created volume:681df951-7b21-4675-b4ac-f1abb293171c for user:runner
2023-06-02 19:47:33,610 [main] INFO  rpc.RpcClient (RpcClient.java:createBucket(686)) - Creating Bucket: 681df951-7b21-4675-b4ac-f1abb293171c/c4a19d4a-a43f-4a71-afbc-66f61c001fd3, with server-side default bucket layout, runner as owner, Versioning false, Storage Type set to DISK and Encryption set to false, Replication Type set to server-side default replication type, Namespace Quota set to -1, Space Quota set to -1 
2023-06-02 19:47:33,612 [OM StateMachine ApplyTransaction Thread - 0] INFO  bucket.OMBucketCreateRequest (OMBucketCreateRequest.java:validateAndUpdateCache(270)) - created bucket: c4a19d4a-a43f-4a71-afbc-66f61c001fd3 of layout FILE_SYSTEM_OPTIMIZED in volume: 681df951-7b21-4675-b4ac-f1abb293171c
]]></system-out>
  </testcase>
  <testcase name="testSetECReplicationConfigOnBucket" classname="org.apache.hadoop.ozone.client.rpc.TestOzoneRpcClientWithRatis" time="0.018">
    <system-out><![CDATA[2023-06-02 19:47:33,618 [main] INFO  rpc.RpcClient (RpcClient.java:createVolume(459)) - Creating Volume: 8451a087-61b4-4e40-a6af-2c931a1e2187, with runner as owner and space quota set to -1 bytes, counts quota set to -1
2023-06-02 19:47:33,619 [OM StateMachine ApplyTransaction Thread - 0] INFO  volume.OMVolumeCreateRequest (OMVolumeCreateRequest.java:validateAndUpdateCache(196)) - created volume:8451a087-61b4-4e40-a6af-2c931a1e2187 for user:runner
2023-06-02 19:47:33,622 [main] INFO  rpc.RpcClient (RpcClient.java:createBucket(686)) - Creating Bucket: 8451a087-61b4-4e40-a6af-2c931a1e2187/f18e4286-fd9e-46a8-a083-e63f86784815, with server-side default bucket layout, runner as owner, Versioning true, Storage Type set to DISK and Encryption set to false, Replication Type set to STAND_ALONE, Namespace Quota set to -1, Space Quota set to -1 
2023-06-02 19:47:33,624 [OM StateMachine ApplyTransaction Thread - 0] INFO  bucket.OMBucketCreateRequest (OMBucketCreateRequest.java:validateAndUpdateCache(270)) - created bucket: f18e4286-fd9e-46a8-a083-e63f86784815 of layout FILE_SYSTEM_OPTIMIZED in volume: 8451a087-61b4-4e40-a6af-2c931a1e2187
]]></system-out>
  </testcase>
  <testcase name="testSetS3VolumeAcl" classname="org.apache.hadoop.ozone.client.rpc.TestOzoneRpcClientWithRatis" time="0.005"/>
  <testcase name="testSetVolumeQuota" classname="org.apache.hadoop.ozone.client.rpc.TestOzoneRpcClientWithRatis" time="0.011">
    <system-out><![CDATA[2023-06-02 19:47:33,640 [main] INFO  rpc.RpcClient (RpcClient.java:createVolume(459)) - Creating Volume: 17588c14-e159-4c97-ac26-ffde3bd22f14, with runner as owner and space quota set to -1 bytes, counts quota set to -1
2023-06-02 19:47:33,641 [OM StateMachine ApplyTransaction Thread - 0] INFO  volume.OMVolumeCreateRequest (OMVolumeCreateRequest.java:validateAndUpdateCache(196)) - created volume:17588c14-e159-4c97-ac26-ffde3bd22f14 for user:runner
]]></system-out>
  </testcase>
  <testcase name="testSetVolumeQuotaIllegal" classname="org.apache.hadoop.ozone.client.rpc.TestOzoneRpcClientWithRatis" time="0.01">
    <system-out><![CDATA[2023-06-02 19:47:33,651 [main] INFO  rpc.RpcClient (RpcClient.java:createVolume(459)) - Creating Volume: e3a584b4-f78f-4a73-864a-174bb93fae8e, with runner as owner and space quota set to -1 bytes, counts quota set to -1
2023-06-02 19:47:33,653 [OM StateMachine ApplyTransaction Thread - 0] INFO  volume.OMVolumeCreateRequest (OMVolumeCreateRequest.java:validateAndUpdateCache(196)) - created volume:e3a584b4-f78f-4a73-864a-174bb93fae8e for user:runner
]]></system-out>
  </testcase>
  <testcase name="testUploadPartOverride(ReplicationConfig)[1]" classname="org.apache.hadoop.ozone.client.rpc.TestOzoneRpcClientWithRatis" time="0.042">
    <system-out><![CDATA[2023-06-02 19:47:33,664 [main] INFO  rpc.RpcClient (RpcClient.java:createVolume(459)) - Creating Volume: 8b0d45ca-7a4f-4818-b308-eefced9468bb, with runner as owner and space quota set to -1 bytes, counts quota set to -1
2023-06-02 19:47:33,666 [OM StateMachine ApplyTransaction Thread - 0] INFO  volume.OMVolumeCreateRequest (OMVolumeCreateRequest.java:validateAndUpdateCache(196)) - created volume:8b0d45ca-7a4f-4818-b308-eefced9468bb for user:runner
2023-06-02 19:47:33,667 [main] INFO  rpc.RpcClient (RpcClient.java:createBucket(686)) - Creating Bucket: 8b0d45ca-7a4f-4818-b308-eefced9468bb/8f5dd690-56e7-4c27-8326-214ce8e583dd, with server-side default bucket layout, runner as owner, Versioning false, Storage Type set to DISK and Encryption set to false, Replication Type set to server-side default replication type, Namespace Quota set to -1, Space Quota set to -1 
2023-06-02 19:47:33,669 [OM StateMachine ApplyTransaction Thread - 0] INFO  bucket.OMBucketCreateRequest (OMBucketCreateRequest.java:validateAndUpdateCache(270)) - created bucket: 8f5dd690-56e7-4c27-8326-214ce8e583dd of layout FILE_SYSTEM_OPTIMIZED in volume: 8b0d45ca-7a4f-4818-b308-eefced9468bb
]]></system-out>
  </testcase>
  <testcase name="testUploadPartOverride(ReplicationConfig)[2]" classname="org.apache.hadoop.ozone.client.rpc.TestOzoneRpcClientWithRatis" time="0.083">
    <system-out><![CDATA[2023-06-02 19:47:33,706 [main] INFO  rpc.RpcClient (RpcClient.java:createVolume(459)) - Creating Volume: 54b2ff6a-d154-4033-86ef-6bc8db8aa8c6, with runner as owner and space quota set to -1 bytes, counts quota set to -1
2023-06-02 19:47:33,708 [OM StateMachine ApplyTransaction Thread - 0] INFO  volume.OMVolumeCreateRequest (OMVolumeCreateRequest.java:validateAndUpdateCache(196)) - created volume:54b2ff6a-d154-4033-86ef-6bc8db8aa8c6 for user:runner
2023-06-02 19:47:33,709 [main] INFO  rpc.RpcClient (RpcClient.java:createBucket(686)) - Creating Bucket: 54b2ff6a-d154-4033-86ef-6bc8db8aa8c6/9f1484a7-b25b-4b3b-b648-77118d672baf, with server-side default bucket layout, runner as owner, Versioning false, Storage Type set to DISK and Encryption set to false, Replication Type set to server-side default replication type, Namespace Quota set to -1, Space Quota set to -1 
2023-06-02 19:47:33,711 [OM StateMachine ApplyTransaction Thread - 0] INFO  bucket.OMBucketCreateRequest (OMBucketCreateRequest.java:validateAndUpdateCache(270)) - created bucket: 9f1484a7-b25b-4b3b-b648-77118d672baf of layout FILE_SYSTEM_OPTIMIZED in volume: 54b2ff6a-d154-4033-86ef-6bc8db8aa8c6
]]></system-out>
  </testcase>
  <testcase name="testUploadPartOverride(ReplicationConfig)[3]" classname="org.apache.hadoop.ozone.client.rpc.TestOzoneRpcClientWithRatis" time="0.123">
    <system-out><![CDATA[2023-06-02 19:47:33,790 [main] INFO  rpc.RpcClient (RpcClient.java:createVolume(459)) - Creating Volume: cbee659e-df61-459f-9354-0f748a64dcf2, with runner as owner and space quota set to -1 bytes, counts quota set to -1
2023-06-02 19:47:33,792 [OM StateMachine ApplyTransaction Thread - 0] INFO  volume.OMVolumeCreateRequest (OMVolumeCreateRequest.java:validateAndUpdateCache(196)) - created volume:cbee659e-df61-459f-9354-0f748a64dcf2 for user:runner
2023-06-02 19:47:33,794 [main] INFO  rpc.RpcClient (RpcClient.java:createBucket(686)) - Creating Bucket: cbee659e-df61-459f-9354-0f748a64dcf2/446a49ce-c34d-4a07-8eec-1fba81218e5d, with server-side default bucket layout, runner as owner, Versioning false, Storage Type set to DISK and Encryption set to false, Replication Type set to server-side default replication type, Namespace Quota set to -1, Space Quota set to -1 
2023-06-02 19:47:33,796 [OM StateMachine ApplyTransaction Thread - 0] INFO  bucket.OMBucketCreateRequest (OMBucketCreateRequest.java:validateAndUpdateCache(270)) - created bucket: 446a49ce-c34d-4a07-8eec-1fba81218e5d of layout FILE_SYSTEM_OPTIMIZED in volume: cbee659e-df61-459f-9354-0f748a64dcf2
]]></system-out>
  </testcase>
  <testcase name="testUploadPartWithNoOverride(ReplicationConfig)[1]" classname="org.apache.hadoop.ozone.client.rpc.TestOzoneRpcClientWithRatis" time="0.025">
    <system-out><![CDATA[2023-06-02 19:47:33,917 [main] INFO  rpc.RpcClient (RpcClient.java:createVolume(459)) - Creating Volume: 6f2cde49-4347-4c09-af2c-cf5e793e81b1, with runner as owner and space quota set to -1 bytes, counts quota set to -1
2023-06-02 19:47:33,919 [OM StateMachine ApplyTransaction Thread - 0] INFO  volume.OMVolumeCreateRequest (OMVolumeCreateRequest.java:validateAndUpdateCache(196)) - created volume:6f2cde49-4347-4c09-af2c-cf5e793e81b1 for user:runner
2023-06-02 19:47:33,920 [main] INFO  rpc.RpcClient (RpcClient.java:createBucket(686)) - Creating Bucket: 6f2cde49-4347-4c09-af2c-cf5e793e81b1/2d3d39d6-0f44-45a7-98a4-00d381a90c7c, with server-side default bucket layout, runner as owner, Versioning false, Storage Type set to DISK and Encryption set to false, Replication Type set to server-side default replication type, Namespace Quota set to -1, Space Quota set to -1 
2023-06-02 19:47:33,922 [OM StateMachine ApplyTransaction Thread - 0] INFO  bucket.OMBucketCreateRequest (OMBucketCreateRequest.java:validateAndUpdateCache(270)) - created bucket: 2d3d39d6-0f44-45a7-98a4-00d381a90c7c of layout FILE_SYSTEM_OPTIMIZED in volume: 6f2cde49-4347-4c09-af2c-cf5e793e81b1
]]></system-out>
  </testcase>
  <testcase name="testUploadPartWithNoOverride(ReplicationConfig)[2]" classname="org.apache.hadoop.ozone.client.rpc.TestOzoneRpcClientWithRatis" time="0.049">
    <system-out><![CDATA[2023-06-02 19:47:33,940 [main] INFO  rpc.RpcClient (RpcClient.java:createVolume(459)) - Creating Volume: f2f2a6d8-d7b0-4cba-93e5-a5371c1305f5, with runner as owner and space quota set to -1 bytes, counts quota set to -1
2023-06-02 19:47:33,943 [OM StateMachine ApplyTransaction Thread - 0] INFO  volume.OMVolumeCreateRequest (OMVolumeCreateRequest.java:validateAndUpdateCache(196)) - created volume:f2f2a6d8-d7b0-4cba-93e5-a5371c1305f5 for user:runner
2023-06-02 19:47:33,944 [main] INFO  rpc.RpcClient (RpcClient.java:createBucket(686)) - Creating Bucket: f2f2a6d8-d7b0-4cba-93e5-a5371c1305f5/4fcf78c8-d436-4cad-9aa0-6fcc505c72c2, with server-side default bucket layout, runner as owner, Versioning false, Storage Type set to DISK and Encryption set to false, Replication Type set to server-side default replication type, Namespace Quota set to -1, Space Quota set to -1 
2023-06-02 19:47:33,946 [OM StateMachine ApplyTransaction Thread - 0] INFO  bucket.OMBucketCreateRequest (OMBucketCreateRequest.java:validateAndUpdateCache(270)) - created bucket: 4fcf78c8-d436-4cad-9aa0-6fcc505c72c2 of layout FILE_SYSTEM_OPTIMIZED in volume: f2f2a6d8-d7b0-4cba-93e5-a5371c1305f5
]]></system-out>
  </testcase>
  <testcase name="testUploadPartWithNoOverride(ReplicationConfig)[3]" classname="org.apache.hadoop.ozone.client.rpc.TestOzoneRpcClientWithRatis" time="0.076">
    <system-out><![CDATA[2023-06-02 19:47:33,990 [main] INFO  rpc.RpcClient (RpcClient.java:createVolume(459)) - Creating Volume: f08dffda-647e-4100-8269-15b5e364c127, with runner as owner and space quota set to -1 bytes, counts quota set to -1
2023-06-02 19:47:33,994 [OM StateMachine ApplyTransaction Thread - 0] INFO  volume.OMVolumeCreateRequest (OMVolumeCreateRequest.java:validateAndUpdateCache(196)) - created volume:f08dffda-647e-4100-8269-15b5e364c127 for user:runner
2023-06-02 19:47:33,996 [main] INFO  rpc.RpcClient (RpcClient.java:createBucket(686)) - Creating Bucket: f08dffda-647e-4100-8269-15b5e364c127/bd1c4da6-1fd5-4e66-9e07-7f202b71cdde, with server-side default bucket layout, runner as owner, Versioning false, Storage Type set to DISK and Encryption set to false, Replication Type set to server-side default replication type, Namespace Quota set to -1, Space Quota set to -1 
2023-06-02 19:47:33,997 [OM StateMachine ApplyTransaction Thread - 0] INFO  bucket.OMBucketCreateRequest (OMBucketCreateRequest.java:validateAndUpdateCache(270)) - created bucket: bd1c4da6-1fd5-4e66-9e07-7f202b71cdde of layout FILE_SYSTEM_OPTIMIZED in volume: f08dffda-647e-4100-8269-15b5e364c127
]]></system-out>
  </testcase>
  <testcase name="testUploadWithStreamAndMemoryMappedBuffer" classname="org.apache.hadoop.ozone.client.rpc.TestOzoneRpcClientWithRatis" time="0.223">
    <system-out><![CDATA[2023-06-02 19:47:34,066 [main] INFO  rpc.RpcClient (RpcClient.java:createVolume(459)) - Creating Volume: vol-a1a819e0-1e0a-4a4d-89d0-cab9347eb76d, with runner as owner and space quota set to -1 bytes, counts quota set to -1
2023-06-02 19:47:34,070 [OM StateMachine ApplyTransaction Thread - 0] INFO  volume.OMVolumeCreateRequest (OMVolumeCreateRequest.java:validateAndUpdateCache(196)) - created volume:vol-a1a819e0-1e0a-4a4d-89d0-cab9347eb76d for user:runner
2023-06-02 19:47:34,073 [main] INFO  rpc.RpcClient (RpcClient.java:createBucket(686)) - Creating Bucket: vol-a1a819e0-1e0a-4a4d-89d0-cab9347eb76d/buck-64740da2-70b8-451a-bda2-616fcfcdb5c2, with server-side default bucket layout, runner as owner, Versioning false, Storage Type set to DISK and Encryption set to false, Replication Type set to RATIS, Namespace Quota set to -1, Space Quota set to -1 
2023-06-02 19:47:34,075 [OM StateMachine ApplyTransaction Thread - 0] INFO  bucket.OMBucketCreateRequest (OMBucketCreateRequest.java:validateAndUpdateCache(270)) - created bucket: buck-64740da2-70b8-451a-bda2-616fcfcdb5c2 of layout FILE_SYSTEM_OPTIMIZED in volume: vol-a1a819e0-1e0a-4a4d-89d0-cab9347eb76d
2023-06-02 19:47:34,084 [main] INFO  client.DataStreamClient (ConfUtils.java:logGet(46)) - raft.datastream.type = NETTY (custom)
2023-06-02 19:47:34,085 [main] INFO  netty.NettyConfigKeys$DataStream (ConfUtils.java:logGet(46)) - raft.netty.dataStream.client.tls.conf = null (default)
2023-06-02 19:47:34,085 [main] INFO  netty.NettyConfigKeys$DataStream (ConfUtils.java:logGet(46)) - raft.netty.dataStream.client.reply.queue.grace-period = 1s (default)
2023-06-02 19:47:34,085 [main] INFO  netty.NettyConfigKeys$DataStream (ConfUtils.java:logGet(46)) - raft.netty.dataStream.client.worker-group.share = false (default)
2023-06-02 19:47:34,085 [main] INFO  netty.NettyConfigKeys$DataStream (ConfUtils.java:logGet(46)) - raft.netty.dataStream.client.worker-group.size = 4 (default)
2023-06-02 19:47:34,099 [a3512fa8-98cf-431f-8bbe-512df84cf246-NettyServerStreamRpc-bossGroup--thread1] INFO  logging.LoggingHandler (AbstractInternalLogger.java:log(148)) - [id: 0x3128af95, L:/0:0:0:0:0:0:0:0:15114] READ: [id: 0xd7c2b239, L:/10.1.26.0:15114 - R:/10.1.26.0:42308]
2023-06-02 19:47:34,099 [a3512fa8-98cf-431f-8bbe-512df84cf246-NettyServerStreamRpc-bossGroup--thread1] INFO  logging.LoggingHandler (AbstractInternalLogger.java:log(148)) - [id: 0x3128af95, L:/0:0:0:0:0:0:0:0:15114] READ COMPLETE
2023-06-02 19:47:34,102 [a3512fa8-98cf-431f-8bbe-512df84cf246-NettyServerStreamRpc-workerGroup--thread1] INFO  client.DataStreamClient (ConfUtils.java:logGet(46)) - raft.datastream.type = NETTY (custom)
2023-06-02 19:47:34,102 [a3512fa8-98cf-431f-8bbe-512df84cf246-NettyServerStreamRpc-workerGroup--thread1] INFO  netty.NettyConfigKeys$DataStream (ConfUtils.java:logGet(46)) - raft.netty.dataStream.client.tls.conf = null (default)
2023-06-02 19:47:34,102 [a3512fa8-98cf-431f-8bbe-512df84cf246-NettyServerStreamRpc-workerGroup--thread1] INFO  netty.NettyConfigKeys$DataStream (ConfUtils.java:logGet(46)) - raft.netty.dataStream.client.reply.queue.grace-period = 1s (default)
2023-06-02 19:47:34,103 [a3512fa8-98cf-431f-8bbe-512df84cf246-NettyServerStreamRpc-workerGroup--thread1] INFO  netty.NettyConfigKeys$DataStream (ConfUtils.java:logGet(46)) - raft.netty.dataStream.client.worker-group.share = false (default)
2023-06-02 19:47:34,103 [a3512fa8-98cf-431f-8bbe-512df84cf246-NettyServerStreamRpc-workerGroup--thread1] INFO  netty.NettyConfigKeys$DataStream (ConfUtils.java:logGet(46)) - raft.netty.dataStream.client.worker-group.size = 4 (default)
2023-06-02 19:47:34,112 [93e73215-cf0c-4899-893f-1e32053e8cf3-NettyServerStreamRpc-bossGroup--thread1] INFO  logging.LoggingHandler (AbstractInternalLogger.java:log(148)) - [id: 0xd3fbc969, L:/0:0:0:0:0:0:0:0:15096] READ: [id: 0x80a0708d, L:/10.1.26.0:15096 - R:/10.1.26.0:42886]
2023-06-02 19:47:34,113 [93e73215-cf0c-4899-893f-1e32053e8cf3-NettyServerStreamRpc-bossGroup--thread1] INFO  logging.LoggingHandler (AbstractInternalLogger.java:log(148)) - [id: 0xd3fbc969, L:/0:0:0:0:0:0:0:0:15096] READ COMPLETE
2023-06-02 19:47:34,115 [93e73215-cf0c-4899-893f-1e32053e8cf3-NettyServerStreamRpc-workerGroup--thread1] INFO  client.DataStreamClient (ConfUtils.java:logGet(46)) - raft.datastream.type = NETTY (custom)
2023-06-02 19:47:34,115 [93e73215-cf0c-4899-893f-1e32053e8cf3-NettyServerStreamRpc-workerGroup--thread1] INFO  netty.NettyConfigKeys$DataStream (ConfUtils.java:logGet(46)) - raft.netty.dataStream.client.tls.conf = null (default)
2023-06-02 19:47:34,115 [93e73215-cf0c-4899-893f-1e32053e8cf3-NettyServerStreamRpc-workerGroup--thread1] INFO  netty.NettyConfigKeys$DataStream (ConfUtils.java:logGet(46)) - raft.netty.dataStream.client.reply.queue.grace-period = 1s (default)
2023-06-02 19:47:34,116 [93e73215-cf0c-4899-893f-1e32053e8cf3-NettyServerStreamRpc-workerGroup--thread1] INFO  netty.NettyConfigKeys$DataStream (ConfUtils.java:logGet(46)) - raft.netty.dataStream.client.worker-group.share = false (default)
2023-06-02 19:47:34,116 [93e73215-cf0c-4899-893f-1e32053e8cf3-NettyServerStreamRpc-workerGroup--thread1] INFO  netty.NettyConfigKeys$DataStream (ConfUtils.java:logGet(46)) - raft.netty.dataStream.client.worker-group.size = 4 (default)
2023-06-02 19:47:34,135 [c22c8f81-1e38-483d-9a9f-669266df5e1e-NettyServerStreamRpc-bossGroup--thread1] INFO  logging.LoggingHandler (AbstractInternalLogger.java:log(148)) - [id: 0x8b70405d, L:/0:0:0:0:0:0:0:0:15105] READ: [id: 0xaa6c143b, L:/10.1.26.0:15105 - R:/10.1.26.0:39378]
2023-06-02 19:47:34,146 [c22c8f81-1e38-483d-9a9f-669266df5e1e-NettyServerStreamRpc-bossGroup--thread1] INFO  logging.LoggingHandler (AbstractInternalLogger.java:log(148)) - [id: 0x8b70405d, L:/0:0:0:0:0:0:0:0:15105] READ COMPLETE
2023-06-02 19:47:34,281 [IPC Server handler 2 on default port 15001] WARN  node.SCMNodeManager (SCMNodeManager.java:getNodesByAddress(1381)) - Cannot find node for address 127.0.0.1
]]></system-out>
  </testcase>
  <testcase name="testUsedBytesWithUploadPart" classname="org.apache.hadoop.ozone.client.rpc.TestOzoneRpcClientWithRatis" time="0.22">
    <system-out><![CDATA[2023-06-02 19:47:34,391 [main] INFO  rpc.RpcClient (RpcClient.java:createVolume(459)) - Creating Volume: d631f27f-7c0a-415b-a111-a79d5c0f8003, with runner as owner and space quota set to -1 bytes, counts quota set to -1
2023-06-02 19:47:34,394 [OM StateMachine ApplyTransaction Thread - 0] INFO  volume.OMVolumeCreateRequest (OMVolumeCreateRequest.java:validateAndUpdateCache(196)) - created volume:d631f27f-7c0a-415b-a111-a79d5c0f8003 for user:runner
2023-06-02 19:47:34,396 [main] INFO  rpc.RpcClient (RpcClient.java:createBucket(686)) - Creating Bucket: d631f27f-7c0a-415b-a111-a79d5c0f8003/603487ab-7d01-4e98-abb1-4d4e2c4a4139, with server-side default bucket layout, runner as owner, Versioning false, Storage Type set to DISK and Encryption set to false, Replication Type set to server-side default replication type, Namespace Quota set to -1, Space Quota set to -1 
2023-06-02 19:47:34,398 [OM StateMachine ApplyTransaction Thread - 0] INFO  bucket.OMBucketCreateRequest (OMBucketCreateRequest.java:validateAndUpdateCache(270)) - created bucket: 603487ab-7d01-4e98-abb1-4d4e2c4a4139 of layout FILE_SYSTEM_OPTIMIZED in volume: d631f27f-7c0a-415b-a111-a79d5c0f8003
]]></system-out>
  </testcase>
  <testcase name="testValidateBlockLengthWithCommitKey" classname="org.apache.hadoop.ozone.client.rpc.TestOzoneRpcClientWithRatis" time="0.022">
    <system-out><![CDATA[2023-06-02 19:47:34,510 [main] INFO  rpc.RpcClient (RpcClient.java:createVolume(459)) - Creating Volume: 5ef0d9b1-aee8-4c4e-b30f-e31a1ad42cd1, with runner as owner and space quota set to -1 bytes, counts quota set to -1
2023-06-02 19:47:34,512 [OM StateMachine ApplyTransaction Thread - 0] INFO  volume.OMVolumeCreateRequest (OMVolumeCreateRequest.java:validateAndUpdateCache(196)) - created volume:5ef0d9b1-aee8-4c4e-b30f-e31a1ad42cd1 for user:runner
2023-06-02 19:47:34,513 [main] INFO  rpc.RpcClient (RpcClient.java:createBucket(686)) - Creating Bucket: 5ef0d9b1-aee8-4c4e-b30f-e31a1ad42cd1/756d404d-375e-4e03-b9c3-411510c4a988, with server-side default bucket layout, runner as owner, Versioning false, Storage Type set to DISK and Encryption set to false, Replication Type set to server-side default replication type, Namespace Quota set to -1, Space Quota set to -1 
2023-06-02 19:47:34,515 [OM StateMachine ApplyTransaction Thread - 0] INFO  bucket.OMBucketCreateRequest (OMBucketCreateRequest.java:validateAndUpdateCache(270)) - created bucket: 756d404d-375e-4e03-b9c3-411510c4a988 of layout FILE_SYSTEM_OPTIMIZED in volume: 5ef0d9b1-aee8-4c4e-b30f-e31a1ad42cd1
]]></system-out>
  </testcase>
  <testcase name="testVolumeSetOwner" classname="org.apache.hadoop.ozone.client.rpc.TestOzoneRpcClientWithRatis" time="0.009">
    <system-out><![CDATA[2023-06-02 19:47:34,532 [main] INFO  rpc.RpcClient (RpcClient.java:createVolume(459)) - Creating Volume: d5025703-2cbb-44ba-aa2a-ad5b0ae09de5, with runner as owner and space quota set to -1 bytes, counts quota set to -1
2023-06-02 19:47:34,534 [OM StateMachine ApplyTransaction Thread - 0] INFO  volume.OMVolumeCreateRequest (OMVolumeCreateRequest.java:validateAndUpdateCache(196)) - created volume:d5025703-2cbb-44ba-aa2a-ad5b0ae09de5 for user:runner
2023-06-02 19:47:34,541 [OM StateMachine ApplyTransaction Thread - 0] WARN  volume.OMVolumeSetOwnerRequest (OMVolumeSetOwnerRequest.java:validateAndUpdateCache(132)) - Volume 'd5025703-2cbb-44ba-aa2a-ad5b0ae09de5' owner is already user 'someRandomUser1'.
]]></system-out>
  </testcase>
  <testcase name="testVolumeUsedNamespace" classname="org.apache.hadoop.ozone.client.rpc.TestOzoneRpcClientWithRatis" time="0.022">
    <system-out><![CDATA[2023-06-02 19:47:34,542 [main] INFO  rpc.RpcClient (RpcClient.java:createVolume(459)) - Creating Volume: 603e24fb-3481-41e6-80e9-0d37bd021121, with runner as owner and space quota set to -1 bytes, counts quota set to 1
2023-06-02 19:47:34,544 [OM StateMachine ApplyTransaction Thread - 0] INFO  volume.OMVolumeCreateRequest (OMVolumeCreateRequest.java:validateAndUpdateCache(196)) - created volume:603e24fb-3481-41e6-80e9-0d37bd021121 for user:runner
2023-06-02 19:47:34,545 [main] INFO  rpc.RpcClient (RpcClient.java:createBucket(686)) - Creating Bucket: 603e24fb-3481-41e6-80e9-0d37bd021121/25d7302e-b3af-4144-9043-a65589cda2f9, with server-side default bucket layout, runner as owner, Versioning false, Storage Type set to DISK and Encryption set to false, Replication Type set to server-side default replication type, Namespace Quota set to -1, Space Quota set to -1 
2023-06-02 19:47:34,546 [OM StateMachine ApplyTransaction Thread - 0] INFO  bucket.OMBucketCreateRequest (OMBucketCreateRequest.java:validateAndUpdateCache(270)) - created bucket: 25d7302e-b3af-4144-9043-a65589cda2f9 of layout FILE_SYSTEM_OPTIMIZED in volume: 603e24fb-3481-41e6-80e9-0d37bd021121
2023-06-02 19:47:34,548 [main] INFO  rpc.RpcClient (RpcClient.java:createBucket(686)) - Creating Bucket: 603e24fb-3481-41e6-80e9-0d37bd021121/6816393b-3c4b-4e45-8ed9-4f2041bdcb26, with server-side default bucket layout, runner as owner, Versioning false, Storage Type set to DISK and Encryption set to false, Replication Type set to server-side default replication type, Namespace Quota set to -1, Space Quota set to -1 
19:47:34.550 [OM StateMachine ApplyTransaction Thread - 0] ERROR OMAudit - user=runner | ip=127.0.0.1 | op=CREATE_BUCKET {volume=603e24fb-3481-41e6-80e9-0d37bd021121, bucket=6816393b-3c4b-4e45-8ed9-4f2041bdcb26, bucketLayout=FILE_SYSTEM_OPTIMIZED, gdprEnabled=null, acls=[user:runner:a[ACCESS], group:docker:a[ACCESS], group:adm:a[ACCESS], group:systemd-journal:a[ACCESS]], isVersionEnabled=false, storageType=DISK, creationTime=1685735254548, bucketEncryptionKey=null, modificationTime=1685735254548, usedBytes=0, usedNamespace=0} | ret=FAILURE
org.apache.hadoop.ozone.om.exceptions.OMException: The namespace quota of Volume:603e24fb-3481-41e6-80e9-0d37bd021121 exceeded: quotaInNamespace: 1 but namespace consumed: 2.
	at org.apache.hadoop.ozone.om.request.bucket.OMBucketCreateRequest.checkQuotaInNamespace(OMBucketCreateRequest.java:357) ~[ozone-manager-1.4.0-SNAPSHOT.jar:?]
	at org.apache.hadoop.ozone.om.request.bucket.OMBucketCreateRequest.validateAndUpdateCache(OMBucketCreateRequest.java:233) ~[ozone-manager-1.4.0-SNAPSHOT.jar:?]
	at org.apache.hadoop.ozone.protocolPB.OzoneManagerRequestHandler.handleWriteRequest(OzoneManagerRequestHandler.java:338) ~[ozone-manager-1.4.0-SNAPSHOT.jar:?]
	at org.apache.hadoop.ozone.om.ratis.OzoneManagerStateMachine.runCommand(OzoneManagerStateMachine.java:567) ~[ozone-manager-1.4.0-SNAPSHOT.jar:?]
	at org.apache.hadoop.ozone.om.ratis.OzoneManagerStateMachine.lambda$1(OzoneManagerStateMachine.java:358) ~[ozone-manager-1.4.0-SNAPSHOT.jar:?]
	at java.util.concurrent.CompletableFuture$AsyncSupply.run(CompletableFuture.java:1604) [?:1.8.0_372]
	at java.util.concurrent.ThreadPoolExecutor.runWorker(ThreadPoolExecutor.java:1149) [?:1.8.0_372]
	at java.util.concurrent.ThreadPoolExecutor$Worker.run(ThreadPoolExecutor.java:624) [?:1.8.0_372]
	at java.lang.Thread.run(Thread.java:750) [?:1.8.0_372]
2023-06-02 19:47:34,550 [OM StateMachine ApplyTransaction Thread - 0] ERROR bucket.OMBucketCreateRequest (OMBucketCreateRequest.java:validateAndUpdateCache(282)) - Bucket creation failed for bucket:6816393b-3c4b-4e45-8ed9-4f2041bdcb26 in volume:603e24fb-3481-41e6-80e9-0d37bd021121
QUOTA_EXCEEDED org.apache.hadoop.ozone.om.exceptions.OMException: The namespace quota of Volume:603e24fb-3481-41e6-80e9-0d37bd021121 exceeded: quotaInNamespace: 1 but namespace consumed: 2.
	at org.apache.hadoop.ozone.om.request.bucket.OMBucketCreateRequest.checkQuotaInNamespace(OMBucketCreateRequest.java:357)
	at org.apache.hadoop.ozone.om.request.bucket.OMBucketCreateRequest.validateAndUpdateCache(OMBucketCreateRequest.java:233)
	at org.apache.hadoop.ozone.protocolPB.OzoneManagerRequestHandler.handleWriteRequest(OzoneManagerRequestHandler.java:338)
	at org.apache.hadoop.ozone.om.ratis.OzoneManagerStateMachine.runCommand(OzoneManagerStateMachine.java:567)
	at org.apache.hadoop.ozone.om.ratis.OzoneManagerStateMachine.lambda$1(OzoneManagerStateMachine.java:358)
	at java.util.concurrent.CompletableFuture$AsyncSupply.run(CompletableFuture.java:1604)
	at java.util.concurrent.ThreadPoolExecutor.runWorker(ThreadPoolExecutor.java:1149)
	at java.util.concurrent.ThreadPoolExecutor$Worker.run(ThreadPoolExecutor.java:624)
	at java.lang.Thread.run(Thread.java:750)
2023-06-02 19:47:34,551 [main] INFO  rpc.RpcClient (RpcClient.java:createVolume(459)) - Creating Volume: c0e60546-7319-41db-b91a-ca20950d47e4, with runner as owner and space quota set to -1 bytes, counts quota set to -1
2023-06-02 19:47:34,553 [OM StateMachine ApplyTransaction Thread - 0] INFO  volume.OMVolumeCreateRequest (OMVolumeCreateRequest.java:validateAndUpdateCache(196)) - created volume:c0e60546-7319-41db-b91a-ca20950d47e4 for user:runner
2023-06-02 19:47:34,554 [main] INFO  rpc.RpcClient (RpcClient.java:createBucket(686)) - Creating Bucket: c0e60546-7319-41db-b91a-ca20950d47e4/5bf1f036-1b7d-4e44-8252-dc3d493407f9, with server-side default bucket layout, runner as owner, Versioning false, Storage Type set to DISK and Encryption set to false, Replication Type set to server-side default replication type, Namespace Quota set to -1, Space Quota set to -1 
2023-06-02 19:47:34,556 [OM StateMachine ApplyTransaction Thread - 0] INFO  bucket.OMBucketCreateRequest (OMBucketCreateRequest.java:validateAndUpdateCache(270)) - created bucket: 5bf1f036-1b7d-4e44-8252-dc3d493407f9 of layout FILE_SYSTEM_OPTIMIZED in volume: c0e60546-7319-41db-b91a-ca20950d47e4
]]></system-out>
  </testcase>
</testsuite>