<?xml version="1.0" encoding="UTF-8"?>
<testsuite xmlns:xsi="http://www.w3.org/2001/XMLSchema-instance" xsi:noNamespaceSchemaLocation="https://maven.apache.org/surefire/maven-surefire-plugin/xsd/surefire-test-report.xsd" name="org.apache.hadoop.ozone.client.rpc.TestCommitWatcher" time="124.447" tests="2" errors="1" skipped="0" failures="0">
  <properties>
    <property name="awt.toolkit" value="sun.awt.X11.XToolkit"/>
    <property name="file.encoding.pkg" value="sun.io"/>
    <property name="java.specification.version" value="1.8"/>
    <property name="sun.cpu.isalist" value=""/>
    <property name="sun.jnu.encoding" value="ANSI_X3.4-1968"/>
    <property name="java.class.path" value="/github/workspace/mnt/ozone/hadoop-ozone/integration-test/target/test-classes:/github/workspace/mnt/ozone/hadoop-ozone/integration-test/target/classes:/home/user/.m2/repository/org/apache/hadoop/hadoop-ozone-common/1.2.0-SNAPSHOT/hadoop-ozone-common-1.2.0-SNAPSHOT.jar:/home/user/.m2/repository/org/apache/commons/commons-compress/1.20/commons-compress-1.20.jar:/home/user/.m2/repository/org/apache/hadoop/hadoop-hdds-common/1.2.0-SNAPSHOT/hadoop-hdds-common-1.2.0-SNAPSHOT.jar:/home/user/.m2/repository/org/apache/hadoop/hadoop-hdds-client/1.2.0-SNAPSHOT/hadoop-hdds-client-1.2.0-SNAPSHOT.jar:/home/user/.m2/repository/org/apache/hadoop/hadoop-ozone-interface-client/1.2.0-SNAPSHOT/hadoop-ozone-interface-client-1.2.0-SNAPSHOT.jar:/home/user/.m2/repository/org/apache/hadoop/hadoop-hdds-test-utils/1.2.0-SNAPSHOT/hadoop-hdds-test-utils-1.2.0-SNAPSHOT.jar:/home/user/.m2/repository/com/google/guava/guava/30.1.1-jre/guava-30.1.1-jre.jar:/home/user/.m2/repository/com/google/guava/failureaccess/1.0.1/failureaccess-1.0.1.jar:/home/user/.m2/repository/com/google/guava/listenablefuture/9999.0-empty-to-avoid-conflict-with-guava/listenablefuture-9999.0-empty-to-avoid-conflict-with-guava.jar:/home/user/.m2/repository/com/google/code/findbugs/jsr305/3.0.0/jsr305-3.0.0.jar:/home/user/.m2/repository/org/checkerframework/checker-qual/3.8.0/checker-qual-3.8.0.jar:/home/user/.m2/repository/com/google/errorprone/error_prone_annotations/2.2.0/error_prone_annotations-2.2.0.jar:/home/user/.m2/repository/com/google/j2objc/j2objc-annotations/1.3/j2objc-annotations-1.3.jar:/home/user/.m2/repository/commons-io/commons-io/2.5/commons-io-2.5.jar:/home/user/.m2/repository/commons-logging/commons-logging/1.2/commons-logging-1.2.jar:/home/user/.m2/repository/log4j/log4j/1.2.17/log4j-1.2.17.jar:/home/user/.m2/repository/org/slf4j/slf4j-api/1.7.30/slf4j-api-1.7.30.jar:/home/user/.m2/repository/org/apache/hadoop/hadoop-hdds-server-scm/1.2.0-SNAPSHOT/hadoop-hdds-server-scm-1.2.0-SNAPSHOT.jar:/home/user/.m2/repository/org/apache/hadoop/hadoop-hdds-container-service/1.2.0-SNAPSHOT/hadoop-hdds-container-service-1.2.0-SNAPSHOT.jar:/home/user/.m2/repository/org/apache/hadoop/hadoop-hdds-hadoop-dependency-server/1.2.0-SNAPSHOT/hadoop-hdds-hadoop-dependency-server-1.2.0-SNAPSHOT.jar:/home/user/.m2/repository/org/apache/hadoop/hadoop-hdfs/3.2.2/hadoop-hdfs-3.2.2.jar:/home/user/.m2/repository/org/apache/hadoop/hadoop-hdds-server-framework/1.2.0-SNAPSHOT/hadoop-hdds-server-framework-1.2.0-SNAPSHOT.jar:/home/user/.m2/repository/org/apache/hadoop/hadoop-hdds-interface-server/1.2.0-SNAPSHOT/hadoop-hdds-interface-server-1.2.0-SNAPSHOT.jar:/home/user/.m2/repository/org/eclipse/jetty/jetty-servlet/9.4.35.v20201120/jetty-servlet-9.4.35.v20201120.jar:/home/user/.m2/repository/org/eclipse/jetty/jetty-security/9.4.35.v20201120/jetty-security-9.4.35.v20201120.jar:/home/user/.m2/repository/org/rocksdb/rocksdbjni/6.8.1/rocksdbjni-6.8.1.jar:/home/user/.m2/repository/io/prometheus/simpleclient_dropwizard/0.7.0/simpleclient_dropwizard-0.7.0.jar:/home/user/.m2/repository/io/prometheus/simpleclient/0.7.0/simpleclient-0.7.0.jar:/home/user/.m2/repository/io/prometheus/simpleclient_common/0.7.0/simpleclient_common-0.7.0.jar:/home/user/.m2/repository/com/fasterxml/jackson/datatype/jackson-datatype-jsr310/2.12.1/jackson-datatype-jsr310-2.12.1.jar:/home/user/.m2/repository/io/dropwizard/metrics/metrics-core/3.2.4/metrics-core-3.2.4.jar:/home/user/.m2/repository/org/apache/hadoop/hadoop-hdfs-client/3.2.2/hadoop-hdfs-client-3.2.2.jar:/home/user/.m2/repository/org/bouncycastle/bcprov-jdk15on/1.67/bcprov-jdk15on-1.67.jar:/home/user/.m2/repository/com/google/protobuf/protobuf-java/2.5.0/protobuf-java-2.5.0.jar:/home/user/.m2/repository/org/apache/hadoop/hadoop-ozone-ozone-manager/1.2.0-SNAPSHOT/hadoop-ozone-ozone-manager-1.2.0-SNAPSHOT.jar:/home/user/.m2/repository/org/apache/hadoop/hadoop-hdds-interface-client/1.2.0-SNAPSHOT/hadoop-hdds-interface-client-1.2.0-SNAPSHOT.jar:/home/user/.m2/repository/org/apache/ratis/ratis-thirdparty-misc/0.7.0-a398b19-SNAPSHOT/ratis-thirdparty-misc-0.7.0-a398b19-SNAPSHOT.jar:/home/user/.m2/repository/org/apache/hadoop/hadoop-ozone-interface-storage/1.2.0-SNAPSHOT/hadoop-ozone-interface-storage-1.2.0-SNAPSHOT.jar:/home/user/.m2/repository/org/apache/hadoop/hadoop-minikdc/3.2.2/hadoop-minikdc-3.2.2.jar:/home/user/.m2/repository/org/apache/kerby/kerb-simplekdc/1.0.1/kerb-simplekdc-1.0.1.jar:/home/user/.m2/repository/org/apache/kerby/kerb-client/1.0.1/kerb-client-1.0.1.jar:/home/user/.m2/repository/org/apache/kerby/kerby-config/1.0.1/kerby-config-1.0.1.jar:/home/user/.m2/repository/org/apache/kerby/kerb-core/1.0.1/kerb-core-1.0.1.jar:/home/user/.m2/repository/org/apache/kerby/kerby-pkix/1.0.1/kerby-pkix-1.0.1.jar:/home/user/.m2/repository/org/apache/kerby/kerby-asn1/1.0.1/kerby-asn1-1.0.1.jar:/home/user/.m2/repository/org/apache/kerby/kerby-util/1.0.1/kerby-util-1.0.1.jar:/home/user/.m2/repository/org/apache/kerby/kerb-common/1.0.1/kerb-common-1.0.1.jar:/home/user/.m2/repository/org/apache/kerby/kerb-crypto/1.0.1/kerb-crypto-1.0.1.jar:/home/user/.m2/repository/org/apache/kerby/kerb-util/1.0.1/kerb-util-1.0.1.jar:/home/user/.m2/repository/org/apache/kerby/token-provider/1.0.1/token-provider-1.0.1.jar:/home/user/.m2/repository/org/apache/kerby/kerb-admin/1.0.1/kerb-admin-1.0.1.jar:/home/user/.m2/repository/org/apache/kerby/kerb-server/1.0.1/kerb-server-1.0.1.jar:/home/user/.m2/repository/org/apache/kerby/kerb-identity/1.0.1/kerb-identity-1.0.1.jar:/home/user/.m2/repository/org/apache/kerby/kerby-xdr/1.0.1/kerby-xdr-1.0.1.jar:/home/user/.m2/repository/org/slf4j/slf4j-log4j12/1.7.30/slf4j-log4j12-1.7.30.jar:/home/user/.m2/repository/org/apache/hadoop/hadoop-ozone-s3gateway/1.2.0-SNAPSHOT/hadoop-ozone-s3gateway-1.2.0-SNAPSHOT.jar:/home/user/.m2/repository/org/jboss/weld/servlet/weld-servlet/2.4.7.Final/weld-servlet-2.4.7.Final.jar:/home/user/.m2/repository/org/glassfish/jersey/containers/jersey-container-servlet-core/2.33/jersey-container-servlet-core-2.33.jar:/home/user/.m2/repository/org/glassfish/hk2/external/jakarta.inject/2.6.1/jakarta.inject-2.6.1.jar:/home/user/.m2/repository/org/glassfish/jersey/core/jersey-common/2.33/jersey-common-2.33.jar:/home/user/.m2/repository/jakarta/ws/rs/jakarta.ws.rs-api/2.1.6/jakarta.ws.rs-api-2.1.6.jar:/home/user/.m2/repository/org/glassfish/jersey/ext/cdi/jersey-cdi1x/2.33/jersey-cdi1x-2.33.jar:/home/user/.m2/repository/org/glassfish/jersey/inject/jersey-hk2/2.33/jersey-hk2-2.33.jar:/home/user/.m2/repository/org/glassfish/hk2/hk2-locator/2.6.1/hk2-locator-2.6.1.jar:/home/user/.m2/repository/org/javassist/javassist/3.25.0-GA/javassist-3.25.0-GA.jar:/home/user/.m2/repository/org/glassfish/jersey/media/jersey-media-jaxb/2.33/jersey-media-jaxb-2.33.jar:/home/user/.m2/repository/org/glassfish/hk2/osgi-resource-locator/1.0.3/osgi-resource-locator-1.0.3.jar:/home/user/.m2/repository/org/glassfish/hk2/hk2-api/2.5.0/hk2-api-2.5.0.jar:/home/user/.m2/repository/org/glassfish/hk2/hk2-utils/2.5.0/hk2-utils-2.5.0.jar:/home/user/.m2/repository/org/glassfish/hk2/external/aopalliance-repackaged/2.5.0/aopalliance-repackaged-2.5.0.jar:/home/user/.m2/repository/com/fasterxml/jackson/dataformat/jackson-dataformat-xml/2.12.1/jackson-dataformat-xml-2.12.1.jar:/home/user/.m2/repository/com/fasterxml/jackson/core/jackson-core/2.12.1/jackson-core-2.12.1.jar:/home/user/.m2/repository/com/fasterxml/jackson/module/jackson-module-jaxb-annotations/2.12.1/jackson-module-jaxb-annotations-2.12.1.jar:/home/user/.m2/repository/jakarta/xml/bind/jakarta.xml.bind-api/2.3.2/jakarta.xml.bind-api-2.3.2.jar:/home/user/.m2/repository/jakarta/activation/jakarta.activation-api/1.2.1/jakarta.activation-api-1.2.1.jar:/home/user/.m2/repository/org/codehaus/woodstox/stax2-api/3.1.4/stax2-api-3.1.4.jar:/home/user/.m2/repository/com/fasterxml/woodstox/woodstox-core/5.0.3/woodstox-core-5.0.3.jar:/home/user/.m2/repository/javax/enterprise/cdi-api/1.2/cdi-api-1.2.jar:/home/user/.m2/repository/javax/el/javax.el-api/3.0.0/javax.el-api-3.0.0.jar:/home/user/.m2/repository/javax/interceptor/javax.interceptor-api/1.2/javax.interceptor-api-1.2.jar:/home/user/.m2/repository/javax/inject/javax.inject/1/javax.inject-1.jar:/home/user/.m2/repository/javax/xml/bind/jaxb-api/2.3.0/jaxb-api-2.3.0.jar:/home/user/.m2/repository/org/glassfish/jaxb/jaxb-runtime/2.3.0.1/jaxb-runtime-2.3.0.1.jar:/home/user/.m2/repository/org/glassfish/jaxb/jaxb-core/2.3.0.1/jaxb-core-2.3.0.1.jar:/home/user/.m2/repository/org/glassfish/jaxb/txw2/2.3.0.1/txw2-2.3.0.1.jar:/home/user/.m2/repository/com/sun/istack/istack-commons-runtime/3.0.5/istack-commons-runtime-3.0.5.jar:/home/user/.m2/repository/org/jvnet/staxex/stax-ex/1.7.8/stax-ex-1.7.8.jar:/home/user/.m2/repository/com/sun/xml/fastinfoset/FastInfoset/1.2.13/FastInfoset-1.2.13.jar:/home/user/.m2/repository/javax/activation/activation/1.1.1/activation-1.1.1.jar:/home/user/.m2/repository/org/apache/hadoop/hadoop-ozone-csi/1.2.0-SNAPSHOT/hadoop-ozone-csi-1.2.0-SNAPSHOT.jar:/home/user/.m2/repository/com/google/protobuf/protobuf-java-util/3.12.0/protobuf-java-util-3.12.0.jar:/home/user/.m2/repository/com/google/code/gson/gson/2.2.4/gson-2.2.4.jar:/home/user/.m2/repository/org/apache/hadoop/hadoop-hdds-config/1.2.0-SNAPSHOT/hadoop-hdds-config-1.2.0-SNAPSHOT.jar:/home/user/.m2/repository/io/grpc/grpc-netty/1.33.0/grpc-netty-1.33.0.jar:/home/user/.m2/repository/io/grpc/grpc-core/1.33.0/grpc-core-1.33.0.jar:/home/user/.m2/repository/com/google/android/annotations/4.1.1.4/annotations-4.1.1.4.jar:/home/user/.m2/repository/io/netty/netty-codec-http2/4.1.51.Final/netty-codec-http2-4.1.51.Final.jar:/home/user/.m2/repository/io/netty/netty-codec/4.1.51.Final/netty-codec-4.1.51.Final.jar:/home/user/.m2/repository/io/netty/netty-handler/4.1.51.Final/netty-handler-4.1.51.Final.jar:/home/user/.m2/repository/io/netty/netty-codec-http/4.1.51.Final/netty-codec-http-4.1.51.Final.jar:/home/user/.m2/repository/io/netty/netty-handler-proxy/4.1.51.Final/netty-handler-proxy-4.1.51.Final.jar:/home/user/.m2/repository/io/netty/netty-codec-socks/4.1.51.Final/netty-codec-socks-4.1.51.Final.jar:/home/user/.m2/repository/io/perfmark/perfmark-api/0.19.0/perfmark-api-0.19.0.jar:/home/user/.m2/repository/org/codehaus/mojo/animal-sniffer-annotations/1.18/animal-sniffer-annotations-1.18.jar:/home/user/.m2/repository/io/netty/netty-transport-native-epoll/4.1.63.Final/netty-transport-native-epoll-4.1.63.Final.jar:/home/user/.m2/repository/io/netty/netty-common/4.1.63.Final/netty-common-4.1.63.Final.jar:/home/user/.m2/repository/io/netty/netty-buffer/4.1.63.Final/netty-buffer-4.1.63.Final.jar:/home/user/.m2/repository/io/netty/netty-transport/4.1.63.Final/netty-transport-4.1.63.Final.jar:/home/user/.m2/repository/io/netty/netty-resolver/4.1.63.Final/netty-resolver-4.1.63.Final.jar:/home/user/.m2/repository/io/netty/netty-transport-native-unix-common/4.1.63.Final/netty-transport-native-unix-common-4.1.63.Final.jar:/home/user/.m2/repository/io/grpc/grpc-protobuf/1.33.0/grpc-protobuf-1.33.0.jar:/home/user/.m2/repository/io/grpc/grpc-api/1.33.0/grpc-api-1.33.0.jar:/home/user/.m2/repository/io/grpc/grpc-context/1.33.0/grpc-context-1.33.0.jar:/home/user/.m2/repository/com/google/api/grpc/proto-google-common-protos/1.17.0/proto-google-common-protos-1.17.0.jar:/home/user/.m2/repository/io/grpc/grpc-protobuf-lite/1.33.0/grpc-protobuf-lite-1.33.0.jar:/home/user/.m2/repository/io/grpc/grpc-stub/1.33.0/grpc-stub-1.33.0.jar:/home/user/.m2/repository/org/apache/hadoop/hadoop-ozone-recon/1.2.0-SNAPSHOT/hadoop-ozone-recon-1.2.0-SNAPSHOT.jar:/home/user/.m2/repository/org/apache/hadoop/hadoop-ozone-reconcodegen/1.2.0-SNAPSHOT/hadoop-ozone-reconcodegen-1.2.0-SNAPSHOT.jar:/home/user/.m2/repository/com/google/inject/extensions/guice-multibindings/4.0/guice-multibindings-4.0.jar:/home/user/.m2/repository/com/google/inject/guice/4.0/guice-4.0.jar:/home/user/.m2/repository/aopalliance/aopalliance/1.0/aopalliance-1.0.jar:/home/user/.m2/repository/com/google/inject/extensions/guice-assistedinject/4.0/guice-assistedinject-4.0.jar:/home/user/.m2/repository/com/google/inject/extensions/guice-servlet/4.0/guice-servlet-4.0.jar:/home/user/.m2/repository/org/glassfish/jersey/containers/jersey-container-servlet/2.33/jersey-container-servlet-2.33.jar:/home/user/.m2/repository/org/glassfish/hk2/guice-bridge/2.5.0/guice-bridge-2.5.0.jar:/home/user/.m2/repository/org/glassfish/jersey/core/jersey-server/2.33/jersey-server-2.33.jar:/home/user/.m2/repository/org/glassfish/jersey/core/jersey-client/2.33/jersey-client-2.33.jar:/home/user/.m2/repository/jakarta/annotation/jakarta.annotation-api/1.3.5/jakarta.annotation-api-1.3.5.jar:/home/user/.m2/repository/jakarta/validation/jakarta.validation-api/2.0.2/jakarta.validation-api-2.0.2.jar:/home/user/.m2/repository/org/glassfish/jersey/media/jersey-media-json-jackson/2.33/jersey-media-json-jackson-2.33.jar:/home/user/.m2/repository/org/glassfish/jersey/ext/jersey-entity-filtering/2.33/jersey-entity-filtering-2.33.jar:/home/user/.m2/repository/org/jooq/jooq/3.11.10/jooq-3.11.10.jar:/home/user/.m2/repository/org/jooq/jooq-meta/3.11.10/jooq-meta-3.11.10.jar:/home/user/.m2/repository/org/jooq/jooq-codegen/3.11.10/jooq-codegen-3.11.10.jar:/home/user/.m2/repository/com/jolbox/bonecp/0.8.0.RELEASE/bonecp-0.8.0.RELEASE.jar:/home/user/.m2/repository/org/apache/derby/derby/10.14.2.0/derby-10.14.2.0.jar:/home/user/.m2/repository/org/xerial/sqlite-jdbc/3.25.2/sqlite-jdbc-3.25.2.jar:/home/user/.m2/repository/org/springframework/spring-jdbc/5.2.11.RELEASE/spring-jdbc-5.2.11.RELEASE.jar:/home/user/.m2/repository/org/springframework/spring-beans/5.2.11.RELEASE/spring-beans-5.2.11.RELEASE.jar:/home/user/.m2/repository/org/springframework/spring-core/5.2.11.RELEASE/spring-core-5.2.11.RELEASE.jar:/home/user/.m2/repository/org/springframework/spring-jcl/5.2.11.RELEASE/spring-jcl-5.2.11.RELEASE.jar:/home/user/.m2/repository/org/springframework/spring-tx/5.2.11.RELEASE/spring-tx-5.2.11.RELEASE.jar:/home/user/.m2/repository/org/apache/hadoop/hadoop-ozone-client/1.2.0-SNAPSHOT/hadoop-ozone-client-1.2.0-SNAPSHOT.jar:/home/user/.m2/repository/org/apache/hadoop/hadoop-ozone-filesystem/1.2.0-SNAPSHOT/hadoop-ozone-filesystem-1.2.0-SNAPSHOT.jar:/home/user/.m2/repository/org/apache/hadoop/hadoop-ozone-filesystem-common/1.2.0-SNAPSHOT/hadoop-ozone-filesystem-common-1.2.0-SNAPSHOT.jar:/home/user/.m2/repository/org/apache/hadoop/hadoop-ozone-tools/1.2.0-SNAPSHOT/hadoop-ozone-tools-1.2.0-SNAPSHOT.jar:/home/user/.m2/repository/org/apache/ratis/ratis-tools/2.1.0-43915d2-SNAPSHOT/ratis-tools-2.1.0-43915d2-SNAPSHOT.jar:/home/user/.m2/repository/org/apache/ratis/ratis-proto/2.1.0-43915d2-SNAPSHOT/ratis-proto-2.1.0-43915d2-SNAPSHOT.jar:/home/user/.m2/repository/org/apache/ratis/ratis-common/2.1.0-43915d2-SNAPSHOT/ratis-common-2.1.0-43915d2-SNAPSHOT.jar:/home/user/.m2/repository/com/amazonaws/aws-java-sdk-core/1.11.901/aws-java-sdk-core-1.11.901.jar:/home/user/.m2/repository/org/apache/httpcomponents/httpclient/4.5.13/httpclient-4.5.13.jar:/home/user/.m2/repository/org/apache/httpcomponents/httpcore/4.4.13/httpcore-4.4.13.jar:/home/user/.m2/repository/software/amazon/ion/ion-java/1.0.2/ion-java-1.0.2.jar:/home/user/.m2/repository/com/fasterxml/jackson/dataformat/jackson-dataformat-cbor/2.12.1/jackson-dataformat-cbor-2.12.1.jar:/home/user/.m2/repository/joda-time/joda-time/2.8.1/joda-time-2.8.1.jar:/home/user/.m2/repository/com/amazonaws/aws-java-sdk-s3/1.11.901/aws-java-sdk-s3-1.11.901.jar:/home/user/.m2/repository/com/amazonaws/aws-java-sdk-kms/1.11.901/aws-java-sdk-kms-1.11.901.jar:/home/user/.m2/repository/com/amazonaws/jmespath-java/1.11.901/jmespath-java-1.11.901.jar:/home/user/.m2/repository/org/kohsuke/metainf-services/metainf-services/1.8/metainf-services-1.8.jar:/home/user/.m2/repository/org/apache/hadoop/hadoop-hdds-tools/1.2.0-SNAPSHOT/hadoop-hdds-tools-1.2.0-SNAPSHOT.jar:/home/user/.m2/repository/commons-cli/commons-cli/1.2/commons-cli-1.2.jar:/home/user/.m2/repository/org/apache/commons/commons-lang3/3.7/commons-lang3-3.7.jar:/home/user/.m2/repository/org/apache/hadoop/hadoop-ozone-ozone-manager/1.2.0-SNAPSHOT/hadoop-ozone-ozone-manager-1.2.0-SNAPSHOT-tests.jar:/home/user/.m2/repository/org/apache/hadoop/hadoop-hdds-common/1.2.0-SNAPSHOT/hadoop-hdds-common-1.2.0-SNAPSHOT-tests.jar:/home/user/.m2/repository/org/apache/hadoop/hadoop-hdds-hadoop-dependency-client/1.2.0-SNAPSHOT/hadoop-hdds-hadoop-dependency-client-1.2.0-SNAPSHOT.jar:/home/user/.m2/repository/info/picocli/picocli/4.4.0/picocli-4.4.0.jar:/home/user/.m2/repository/com/fasterxml/jackson/core/jackson-annotations/2.12.1/jackson-annotations-2.12.1.jar:/home/user/.m2/repository/javax/annotation/javax.annotation-api/1.2/javax.annotation-api-1.2.jar:/home/user/.m2/repository/org/fusesource/leveldbjni/leveldbjni-all/1.8/leveldbjni-all-1.8.jar:/home/user/.m2/repository/org/apache/ratis/ratis-server/2.1.0-43915d2-SNAPSHOT/ratis-server-2.1.0-43915d2-SNAPSHOT.jar:/home/user/.m2/repository/org/apache/ratis/ratis-client/2.1.0-43915d2-SNAPSHOT/ratis-client-2.1.0-43915d2-SNAPSHOT.jar:/home/user/.m2/repository/org/apache/ratis/ratis-server-api/2.1.0-43915d2-SNAPSHOT/ratis-server-api-2.1.0-43915d2-SNAPSHOT.jar:/home/user/.m2/repository/org/apache/ratis/ratis-metrics/2.1.0-43915d2-SNAPSHOT/ratis-metrics-2.1.0-43915d2-SNAPSHOT.jar:/home/user/.m2/repository/org/apache/ratis/ratis-netty/2.1.0-43915d2-SNAPSHOT/ratis-netty-2.1.0-43915d2-SNAPSHOT.jar:/home/user/.m2/repository/org/apache/ratis/ratis-grpc/2.1.0-43915d2-SNAPSHOT/ratis-grpc-2.1.0-43915d2-SNAPSHOT.jar:/home/user/.m2/repository/org/apache/logging/log4j/log4j-api/2.13.3/log4j-api-2.13.3.jar:/home/user/.m2/repository/org/apache/logging/log4j/log4j-core/2.13.3/log4j-core-2.13.3.jar:/home/user/.m2/repository/com/lmax/disruptor/3.4.2/disruptor-3.4.2.jar:/home/user/.m2/repository/org/apache/commons/commons-pool2/2.6.0/commons-pool2-2.6.0.jar:/home/user/.m2/repository/org/bouncycastle/bcpkix-jdk15on/1.67/bcpkix-jdk15on-1.67.jar:/home/user/.m2/repository/commons-validator/commons-validator/1.6/commons-validator-1.6.jar:/home/user/.m2/repository/commons-beanutils/commons-beanutils/1.9.4/commons-beanutils-1.9.4.jar:/home/user/.m2/repository/commons-digester/commons-digester/1.8.1/commons-digester-1.8.1.jar:/home/user/.m2/repository/commons-collections/commons-collections/3.2.2/commons-collections-3.2.2.jar:/home/user/.m2/repository/io/jaegertracing/jaeger-client/1.6.0/jaeger-client-1.6.0.jar:/home/user/.m2/repository/io/jaegertracing/jaeger-thrift/1.6.0/jaeger-thrift-1.6.0.jar:/home/user/.m2/repository/org/apache/thrift/libthrift/0.14.1/libthrift-0.14.1.jar:/home/user/.m2/repository/com/squareup/okhttp3/okhttp/4.9.0/okhttp-4.9.0.jar:/home/user/.m2/repository/com/squareup/okio/okio/2.8.0/okio-2.8.0.jar:/home/user/.m2/repository/io/jaegertracing/jaeger-core/1.6.0/jaeger-core-1.6.0.jar:/home/user/.m2/repository/io/jaegertracing/jaeger-tracerresolver/1.6.0/jaeger-tracerresolver-1.6.0.jar:/home/user/.m2/repository/io/opentracing/contrib/opentracing-tracerresolver/0.1.8/opentracing-tracerresolver-0.1.8.jar:/home/user/.m2/repository/org/jetbrains/kotlin/kotlin-stdlib/1.4.31/kotlin-stdlib-1.4.31.jar:/home/user/.m2/repository/org/jetbrains/kotlin/kotlin-stdlib-common/1.4.31/kotlin-stdlib-common-1.4.31.jar:/home/user/.m2/repository/org/jetbrains/annotations/13.0/annotations-13.0.jar:/home/user/.m2/repository/io/opentracing/opentracing-util/0.33.0/opentracing-util-0.33.0.jar:/home/user/.m2/repository/io/opentracing/opentracing-api/0.33.0/opentracing-api-0.33.0.jar:/home/user/.m2/repository/io/opentracing/opentracing-noop/0.33.0/opentracing-noop-0.33.0.jar:/home/user/.m2/repository/org/yaml/snakeyaml/1.26/snakeyaml-1.26.jar:/home/user/.m2/repository/org/apache/hadoop/hadoop-hdds-interface-admin/1.2.0-SNAPSHOT/hadoop-hdds-interface-admin-1.2.0-SNAPSHOT.jar:/home/user/.m2/repository/junit/junit/4.13.1/junit-4.13.1.jar:/home/user/.m2/repository/org/hamcrest/hamcrest-core/1.3/hamcrest-core-1.3.jar:/home/user/.m2/repository/org/junit/jupiter/junit-jupiter-api/5.7.0/junit-jupiter-api-5.7.0.jar:/home/user/.m2/repository/org/apiguardian/apiguardian-api/1.1.0/apiguardian-api-1.1.0.jar:/home/user/.m2/repository/org/opentest4j/opentest4j/1.2.0/opentest4j-1.2.0.jar:/home/user/.m2/repository/org/junit/platform/junit-platform-commons/1.7.0/junit-platform-commons-1.7.0.jar:/home/user/.m2/repository/org/junit/jupiter/junit-jupiter-engine/5.7.0/junit-jupiter-engine-5.7.0.jar:/home/user/.m2/repository/org/junit/platform/junit-platform-engine/1.7.0/junit-platform-engine-1.7.0.jar:/home/user/.m2/repository/org/junit/vintage/junit-vintage-engine/5.7.0/junit-vintage-engine-5.7.0.jar:/home/user/.m2/repository/org/junit/platform/junit-platform-launcher/1.7.0/junit-platform-launcher-1.7.0.jar:/home/user/.m2/repository/org/openjdk/jmh/jmh-core/1.19/jmh-core-1.19.jar:/home/user/.m2/repository/net/sf/jopt-simple/jopt-simple/4.6/jopt-simple-4.6.jar:/home/user/.m2/repository/org/apache/commons/commons-math3/3.1.1/commons-math3-3.1.1.jar:/home/user/.m2/repository/org/openjdk/jmh/jmh-generator-annprocess/1.19/jmh-generator-annprocess-1.19.jar:/home/user/.m2/repository/org/mockito/mockito-all/1.8.5/mockito-all-1.8.5.jar:/home/user/.m2/repository/org/apache/hadoop/hadoop-kms/3.2.2/hadoop-kms-3.2.2.jar:/home/user/.m2/repository/org/apache/hadoop/hadoop-auth/3.2.2/hadoop-auth-3.2.2.jar:/home/user/.m2/repository/com/nimbusds/nimbus-jose-jwt/7.9/nimbus-jose-jwt-7.9.jar:/home/user/.m2/repository/com/github/stephenc/jcip/jcip-annotations/1.0-1/jcip-annotations-1.0-1.jar:/home/user/.m2/repository/net/minidev/json-smart/2.3/json-smart-2.3.jar:/home/user/.m2/repository/net/minidev/accessors-smart/1.2/accessors-smart-1.2.jar:/home/user/.m2/repository/org/ow2/asm/asm/5.0.4/asm-5.0.4.jar:/home/user/.m2/repository/org/apache/zookeeper/zookeeper/3.4.13/zookeeper-3.4.13.jar:/home/user/.m2/repository/org/apache/yetus/audience-annotations/0.5.0/audience-annotations-0.5.0.jar:/home/user/.m2/repository/org/apache/curator/curator-framework/2.13.0/curator-framework-2.13.0.jar:/home/user/.m2/repository/com/sun/jersey/jersey-core/1.19/jersey-core-1.19.jar:/home/user/.m2/repository/javax/ws/rs/jsr311-api/1.1.1/jsr311-api-1.1.1.jar:/home/user/.m2/repository/com/sun/jersey/jersey-server/1.19/jersey-server-1.19.jar:/home/user/.m2/repository/javax/servlet/javax.servlet-api/3.1.0/javax.servlet-api-3.1.0.jar:/home/user/.m2/repository/org/eclipse/jetty/jetty-server/9.4.35.v20201120/jetty-server-9.4.35.v20201120.jar:/home/user/.m2/repository/org/eclipse/jetty/jetty-http/9.4.35.v20201120/jetty-http-9.4.35.v20201120.jar:/home/user/.m2/repository/org/eclipse/jetty/jetty-io/9.4.35.v20201120/jetty-io-9.4.35.v20201120.jar:/home/user/.m2/repository/org/eclipse/jetty/jetty-webapp/9.4.35.v20201120/jetty-webapp-9.4.35.v20201120.jar:/home/user/.m2/repository/org/eclipse/jetty/jetty-xml/9.4.35.v20201120/jetty-xml-9.4.35.v20201120.jar:/home/user/.m2/repository/org/apache/hadoop/hadoop-common/3.2.2/hadoop-common-3.2.2.jar:/home/user/.m2/repository/commons-net/commons-net/3.6/commons-net-3.6.jar:/home/user/.m2/repository/javax/activation/javax.activation-api/1.2.0/javax.activation-api-1.2.0.jar:/home/user/.m2/repository/com/sun/jersey/jersey-servlet/1.19/jersey-servlet-1.19.jar:/home/user/.m2/repository/com/sun/jersey/jersey-json/1.19/jersey-json-1.19.jar:/home/user/.m2/repository/org/codehaus/jettison/jettison/1.1/jettison-1.1.jar:/home/user/.m2/repository/com/sun/xml/bind/jaxb-impl/2.2.3-1/jaxb-impl-2.2.3-1.jar:/home/user/.m2/repository/org/codehaus/jackson/jackson-jaxrs/1.9.2/jackson-jaxrs-1.9.2.jar:/home/user/.m2/repository/org/codehaus/jackson/jackson-xc/1.9.2/jackson-xc-1.9.2.jar:/home/user/.m2/repository/org/apache/commons/commons-configuration2/2.1.1/commons-configuration2-2.1.1.jar:/home/user/.m2/repository/org/apache/commons/commons-text/1.4/commons-text-1.4.jar:/home/user/.m2/repository/com/google/re2j/re2j/1.1/re2j-1.1.jar:/home/user/.m2/repository/com/jcraft/jsch/0.1.54/jsch-0.1.54.jar:/home/user/.m2/repository/org/apache/curator/curator-client/2.13.0/curator-client-2.13.0.jar:/home/user/.m2/repository/org/apache/curator/curator-recipes/2.13.0/curator-recipes-2.13.0.jar:/home/user/.m2/repository/dnsjava/dnsjava/2.1.7/dnsjava-2.1.7.jar:/home/user/.m2/repository/org/slf4j/jul-to-slf4j/1.7.30/jul-to-slf4j-1.7.30.jar:/home/user/.m2/repository/org/eclipse/jetty/jetty-util/9.4.35.v20201120/jetty-util-9.4.35.v20201120.jar:/home/user/.m2/repository/com/fasterxml/jackson/core/jackson-databind/2.12.1/jackson-databind-2.12.1.jar:/home/user/.m2/repository/org/apache/hadoop/hadoop-kms/3.2.2/hadoop-kms-3.2.2-tests.jar:/home/user/.m2/repository/org/apache/hadoop/hadoop-hdds-server-scm/1.2.0-SNAPSHOT/hadoop-hdds-server-scm-1.2.0-SNAPSHOT-tests.jar:/home/user/.m2/repository/org/apache/hadoop/hadoop-hdds-container-service/1.2.0-SNAPSHOT/hadoop-hdds-container-service-1.2.0-SNAPSHOT-tests.jar:/home/user/.m2/repository/commons-codec/commons-codec/1.11/commons-codec-1.11.jar:/home/user/.m2/repository/org/apache/hadoop/hadoop-hdds-hadoop-dependency-test/1.2.0-SNAPSHOT/hadoop-hdds-hadoop-dependency-test-1.2.0-SNAPSHOT.jar:/home/user/.m2/repository/org/apache/hadoop/hadoop-common/3.2.2/hadoop-common-3.2.2-tests.jar:/home/user/.m2/repository/org/apache/hadoop/hadoop-hdfs/3.2.2/hadoop-hdfs-3.2.2-tests.jar:/home/user/.m2/repository/org/eclipse/jetty/jetty-util-ajax/9.4.35.v20201120/jetty-util-ajax-9.4.35.v20201120.jar:/home/user/.m2/repository/commons-daemon/commons-daemon/1.0.13/commons-daemon-1.0.13.jar:/home/user/.m2/repository/io/netty/netty/3.10.6.Final/netty-3.10.6.Final.jar:/home/user/.m2/repository/io/netty/netty-all/4.1.63.Final/netty-all-4.1.63.Final.jar:/home/user/.m2/repository/org/apache/htrace/htrace-core4/4.1.0-incubating/htrace-core4-4.1.0-incubating.jar:/home/user/.m2/repository/org/apache/hadoop/hadoop-distcp/3.2.2/hadoop-distcp-3.2.2.jar:/home/user/.m2/repository/org/apache/hadoop/hadoop-mapreduce-client-jobclient/3.2.2/hadoop-mapreduce-client-jobclient-3.2.2.jar:/home/user/.m2/repository/org/apache/hadoop/hadoop-mapreduce-client-common/3.2.2/hadoop-mapreduce-client-common-3.2.2.jar:/home/user/.m2/repository/org/apache/hadoop/hadoop-yarn-common/3.2.2/hadoop-yarn-common-3.2.2.jar:/home/user/.m2/repository/org/apache/hadoop/hadoop-yarn-api/3.2.2/hadoop-yarn-api-3.2.2.jar:/home/user/.m2/repository/com/sun/jersey/jersey-client/1.19/jersey-client-1.19.jar:/home/user/.m2/repository/com/sun/jersey/contribs/jersey-guice/1.19/jersey-guice-1.19.jar:/home/user/.m2/repository/com/fasterxml/jackson/jaxrs/jackson-jaxrs-json-provider/2.12.1/jackson-jaxrs-json-provider-2.12.1.jar:/home/user/.m2/repository/com/fasterxml/jackson/jaxrs/jackson-jaxrs-base/2.12.1/jackson-jaxrs-base-2.12.1.jar:/home/user/.m2/repository/org/apache/hadoop/hadoop-yarn-client/3.2.2/hadoop-yarn-client-3.2.2.jar:/home/user/.m2/repository/org/apache/hadoop/hadoop-mapreduce-client-core/3.2.2/hadoop-mapreduce-client-core-3.2.2.jar:/home/user/.m2/repository/org/apache/avro/avro/1.7.7/avro-1.7.7.jar:/home/user/.m2/repository/org/codehaus/jackson/jackson-core-asl/1.9.13/jackson-core-asl-1.9.13.jar:/home/user/.m2/repository/org/codehaus/jackson/jackson-mapper-asl/1.9.13/jackson-mapper-asl-1.9.13.jar:/home/user/.m2/repository/com/thoughtworks/paranamer/paranamer/2.3/paranamer-2.3.jar:/home/user/.m2/repository/org/xerial/snappy/snappy-java/1.0.5/snappy-java-1.0.5.jar:/home/user/.m2/repository/org/apache/hadoop/hadoop-annotations/3.2.2/hadoop-annotations-3.2.2.jar:/usr/lib/jvm/java-1.8.0-openjdk-1.8.0.232.b09-0.el7_7.x86_64/jre/../lib/tools.jar:/home/user/.m2/repository/org/apache/hadoop/hadoop-distcp/3.2.2/hadoop-distcp-3.2.2-tests.jar:"/>
    <property name="java.vm.vendor" value="Oracle Corporation"/>
    <property name="sun.arch.data.model" value="64"/>
    <property name="test.build.dir" value="/github/workspace/mnt/ozone/hadoop-ozone/integration-test/target/test-dir"/>
    <property name="test.cache.data" value=""/>
    <property name="java.vendor.url" value="http://java.oracle.com/"/>
    <property name="user.timezone" value=""/>
    <property name="java.vm.specification.version" value="1.8"/>
    <property name="os.name" value="Linux"/>
    <property name="test.build.data" value="/github/workspace/mnt/ozone/hadoop-ozone/integration-test/target/test-dir"/>
    <property name="user.country" value="US"/>
    <property name="sun.java.launcher" value="SUN_STANDARD"/>
    <property name="sun.boot.library.path" value="/usr/lib/jvm/java-1.8.0-openjdk-1.8.0.232.b09-0.el7_7.x86_64/jre/lib/amd64"/>
    <property name="sun.java.command" value="/github/workspace/mnt/ozone/hadoop-ozone/integration-test/target/surefire/surefirebooter4571512311476403470.jar /github/workspace/mnt/ozone/hadoop-ozone/integration-test/target/surefire 2021-04-28T00-58-40_039-jvmRun1 surefire3046174451014687719tmp surefire_51286754975167279559tmp"/>
    <property name="surefire.test.class.path" value="/github/workspace/mnt/ozone/hadoop-ozone/integration-test/target/test-classes:/github/workspace/mnt/ozone/hadoop-ozone/integration-test/target/classes:/home/user/.m2/repository/org/apache/hadoop/hadoop-ozone-common/1.2.0-SNAPSHOT/hadoop-ozone-common-1.2.0-SNAPSHOT.jar:/home/user/.m2/repository/org/apache/commons/commons-compress/1.20/commons-compress-1.20.jar:/home/user/.m2/repository/org/apache/hadoop/hadoop-hdds-common/1.2.0-SNAPSHOT/hadoop-hdds-common-1.2.0-SNAPSHOT.jar:/home/user/.m2/repository/org/apache/hadoop/hadoop-hdds-client/1.2.0-SNAPSHOT/hadoop-hdds-client-1.2.0-SNAPSHOT.jar:/home/user/.m2/repository/org/apache/hadoop/hadoop-ozone-interface-client/1.2.0-SNAPSHOT/hadoop-ozone-interface-client-1.2.0-SNAPSHOT.jar:/home/user/.m2/repository/org/apache/hadoop/hadoop-hdds-test-utils/1.2.0-SNAPSHOT/hadoop-hdds-test-utils-1.2.0-SNAPSHOT.jar:/home/user/.m2/repository/com/google/guava/guava/30.1.1-jre/guava-30.1.1-jre.jar:/home/user/.m2/repository/com/google/guava/failureaccess/1.0.1/failureaccess-1.0.1.jar:/home/user/.m2/repository/com/google/guava/listenablefuture/9999.0-empty-to-avoid-conflict-with-guava/listenablefuture-9999.0-empty-to-avoid-conflict-with-guava.jar:/home/user/.m2/repository/com/google/code/findbugs/jsr305/3.0.0/jsr305-3.0.0.jar:/home/user/.m2/repository/org/checkerframework/checker-qual/3.8.0/checker-qual-3.8.0.jar:/home/user/.m2/repository/com/google/errorprone/error_prone_annotations/2.2.0/error_prone_annotations-2.2.0.jar:/home/user/.m2/repository/com/google/j2objc/j2objc-annotations/1.3/j2objc-annotations-1.3.jar:/home/user/.m2/repository/commons-io/commons-io/2.5/commons-io-2.5.jar:/home/user/.m2/repository/commons-logging/commons-logging/1.2/commons-logging-1.2.jar:/home/user/.m2/repository/log4j/log4j/1.2.17/log4j-1.2.17.jar:/home/user/.m2/repository/org/slf4j/slf4j-api/1.7.30/slf4j-api-1.7.30.jar:/home/user/.m2/repository/org/apache/hadoop/hadoop-hdds-server-scm/1.2.0-SNAPSHOT/hadoop-hdds-server-scm-1.2.0-SNAPSHOT.jar:/home/user/.m2/repository/org/apache/hadoop/hadoop-hdds-container-service/1.2.0-SNAPSHOT/hadoop-hdds-container-service-1.2.0-SNAPSHOT.jar:/home/user/.m2/repository/org/apache/hadoop/hadoop-hdds-hadoop-dependency-server/1.2.0-SNAPSHOT/hadoop-hdds-hadoop-dependency-server-1.2.0-SNAPSHOT.jar:/home/user/.m2/repository/org/apache/hadoop/hadoop-hdfs/3.2.2/hadoop-hdfs-3.2.2.jar:/home/user/.m2/repository/org/apache/hadoop/hadoop-hdds-server-framework/1.2.0-SNAPSHOT/hadoop-hdds-server-framework-1.2.0-SNAPSHOT.jar:/home/user/.m2/repository/org/apache/hadoop/hadoop-hdds-interface-server/1.2.0-SNAPSHOT/hadoop-hdds-interface-server-1.2.0-SNAPSHOT.jar:/home/user/.m2/repository/org/eclipse/jetty/jetty-servlet/9.4.35.v20201120/jetty-servlet-9.4.35.v20201120.jar:/home/user/.m2/repository/org/eclipse/jetty/jetty-security/9.4.35.v20201120/jetty-security-9.4.35.v20201120.jar:/home/user/.m2/repository/org/rocksdb/rocksdbjni/6.8.1/rocksdbjni-6.8.1.jar:/home/user/.m2/repository/io/prometheus/simpleclient_dropwizard/0.7.0/simpleclient_dropwizard-0.7.0.jar:/home/user/.m2/repository/io/prometheus/simpleclient/0.7.0/simpleclient-0.7.0.jar:/home/user/.m2/repository/io/prometheus/simpleclient_common/0.7.0/simpleclient_common-0.7.0.jar:/home/user/.m2/repository/com/fasterxml/jackson/datatype/jackson-datatype-jsr310/2.12.1/jackson-datatype-jsr310-2.12.1.jar:/home/user/.m2/repository/io/dropwizard/metrics/metrics-core/3.2.4/metrics-core-3.2.4.jar:/home/user/.m2/repository/org/apache/hadoop/hadoop-hdfs-client/3.2.2/hadoop-hdfs-client-3.2.2.jar:/home/user/.m2/repository/org/bouncycastle/bcprov-jdk15on/1.67/bcprov-jdk15on-1.67.jar:/home/user/.m2/repository/com/google/protobuf/protobuf-java/2.5.0/protobuf-java-2.5.0.jar:/home/user/.m2/repository/org/apache/hadoop/hadoop-ozone-ozone-manager/1.2.0-SNAPSHOT/hadoop-ozone-ozone-manager-1.2.0-SNAPSHOT.jar:/home/user/.m2/repository/org/apache/hadoop/hadoop-hdds-interface-client/1.2.0-SNAPSHOT/hadoop-hdds-interface-client-1.2.0-SNAPSHOT.jar:/home/user/.m2/repository/org/apache/ratis/ratis-thirdparty-misc/0.7.0-a398b19-SNAPSHOT/ratis-thirdparty-misc-0.7.0-a398b19-SNAPSHOT.jar:/home/user/.m2/repository/org/apache/hadoop/hadoop-ozone-interface-storage/1.2.0-SNAPSHOT/hadoop-ozone-interface-storage-1.2.0-SNAPSHOT.jar:/home/user/.m2/repository/org/apache/hadoop/hadoop-minikdc/3.2.2/hadoop-minikdc-3.2.2.jar:/home/user/.m2/repository/org/apache/kerby/kerb-simplekdc/1.0.1/kerb-simplekdc-1.0.1.jar:/home/user/.m2/repository/org/apache/kerby/kerb-client/1.0.1/kerb-client-1.0.1.jar:/home/user/.m2/repository/org/apache/kerby/kerby-config/1.0.1/kerby-config-1.0.1.jar:/home/user/.m2/repository/org/apache/kerby/kerb-core/1.0.1/kerb-core-1.0.1.jar:/home/user/.m2/repository/org/apache/kerby/kerby-pkix/1.0.1/kerby-pkix-1.0.1.jar:/home/user/.m2/repository/org/apache/kerby/kerby-asn1/1.0.1/kerby-asn1-1.0.1.jar:/home/user/.m2/repository/org/apache/kerby/kerby-util/1.0.1/kerby-util-1.0.1.jar:/home/user/.m2/repository/org/apache/kerby/kerb-common/1.0.1/kerb-common-1.0.1.jar:/home/user/.m2/repository/org/apache/kerby/kerb-crypto/1.0.1/kerb-crypto-1.0.1.jar:/home/user/.m2/repository/org/apache/kerby/kerb-util/1.0.1/kerb-util-1.0.1.jar:/home/user/.m2/repository/org/apache/kerby/token-provider/1.0.1/token-provider-1.0.1.jar:/home/user/.m2/repository/org/apache/kerby/kerb-admin/1.0.1/kerb-admin-1.0.1.jar:/home/user/.m2/repository/org/apache/kerby/kerb-server/1.0.1/kerb-server-1.0.1.jar:/home/user/.m2/repository/org/apache/kerby/kerb-identity/1.0.1/kerb-identity-1.0.1.jar:/home/user/.m2/repository/org/apache/kerby/kerby-xdr/1.0.1/kerby-xdr-1.0.1.jar:/home/user/.m2/repository/org/slf4j/slf4j-log4j12/1.7.30/slf4j-log4j12-1.7.30.jar:/home/user/.m2/repository/org/apache/hadoop/hadoop-ozone-s3gateway/1.2.0-SNAPSHOT/hadoop-ozone-s3gateway-1.2.0-SNAPSHOT.jar:/home/user/.m2/repository/org/jboss/weld/servlet/weld-servlet/2.4.7.Final/weld-servlet-2.4.7.Final.jar:/home/user/.m2/repository/org/glassfish/jersey/containers/jersey-container-servlet-core/2.33/jersey-container-servlet-core-2.33.jar:/home/user/.m2/repository/org/glassfish/hk2/external/jakarta.inject/2.6.1/jakarta.inject-2.6.1.jar:/home/user/.m2/repository/org/glassfish/jersey/core/jersey-common/2.33/jersey-common-2.33.jar:/home/user/.m2/repository/jakarta/ws/rs/jakarta.ws.rs-api/2.1.6/jakarta.ws.rs-api-2.1.6.jar:/home/user/.m2/repository/org/glassfish/jersey/ext/cdi/jersey-cdi1x/2.33/jersey-cdi1x-2.33.jar:/home/user/.m2/repository/org/glassfish/jersey/inject/jersey-hk2/2.33/jersey-hk2-2.33.jar:/home/user/.m2/repository/org/glassfish/hk2/hk2-locator/2.6.1/hk2-locator-2.6.1.jar:/home/user/.m2/repository/org/javassist/javassist/3.25.0-GA/javassist-3.25.0-GA.jar:/home/user/.m2/repository/org/glassfish/jersey/media/jersey-media-jaxb/2.33/jersey-media-jaxb-2.33.jar:/home/user/.m2/repository/org/glassfish/hk2/osgi-resource-locator/1.0.3/osgi-resource-locator-1.0.3.jar:/home/user/.m2/repository/org/glassfish/hk2/hk2-api/2.5.0/hk2-api-2.5.0.jar:/home/user/.m2/repository/org/glassfish/hk2/hk2-utils/2.5.0/hk2-utils-2.5.0.jar:/home/user/.m2/repository/org/glassfish/hk2/external/aopalliance-repackaged/2.5.0/aopalliance-repackaged-2.5.0.jar:/home/user/.m2/repository/com/fasterxml/jackson/dataformat/jackson-dataformat-xml/2.12.1/jackson-dataformat-xml-2.12.1.jar:/home/user/.m2/repository/com/fasterxml/jackson/core/jackson-core/2.12.1/jackson-core-2.12.1.jar:/home/user/.m2/repository/com/fasterxml/jackson/module/jackson-module-jaxb-annotations/2.12.1/jackson-module-jaxb-annotations-2.12.1.jar:/home/user/.m2/repository/jakarta/xml/bind/jakarta.xml.bind-api/2.3.2/jakarta.xml.bind-api-2.3.2.jar:/home/user/.m2/repository/jakarta/activation/jakarta.activation-api/1.2.1/jakarta.activation-api-1.2.1.jar:/home/user/.m2/repository/org/codehaus/woodstox/stax2-api/3.1.4/stax2-api-3.1.4.jar:/home/user/.m2/repository/com/fasterxml/woodstox/woodstox-core/5.0.3/woodstox-core-5.0.3.jar:/home/user/.m2/repository/javax/enterprise/cdi-api/1.2/cdi-api-1.2.jar:/home/user/.m2/repository/javax/el/javax.el-api/3.0.0/javax.el-api-3.0.0.jar:/home/user/.m2/repository/javax/interceptor/javax.interceptor-api/1.2/javax.interceptor-api-1.2.jar:/home/user/.m2/repository/javax/inject/javax.inject/1/javax.inject-1.jar:/home/user/.m2/repository/javax/xml/bind/jaxb-api/2.3.0/jaxb-api-2.3.0.jar:/home/user/.m2/repository/org/glassfish/jaxb/jaxb-runtime/2.3.0.1/jaxb-runtime-2.3.0.1.jar:/home/user/.m2/repository/org/glassfish/jaxb/jaxb-core/2.3.0.1/jaxb-core-2.3.0.1.jar:/home/user/.m2/repository/org/glassfish/jaxb/txw2/2.3.0.1/txw2-2.3.0.1.jar:/home/user/.m2/repository/com/sun/istack/istack-commons-runtime/3.0.5/istack-commons-runtime-3.0.5.jar:/home/user/.m2/repository/org/jvnet/staxex/stax-ex/1.7.8/stax-ex-1.7.8.jar:/home/user/.m2/repository/com/sun/xml/fastinfoset/FastInfoset/1.2.13/FastInfoset-1.2.13.jar:/home/user/.m2/repository/javax/activation/activation/1.1.1/activation-1.1.1.jar:/home/user/.m2/repository/org/apache/hadoop/hadoop-ozone-csi/1.2.0-SNAPSHOT/hadoop-ozone-csi-1.2.0-SNAPSHOT.jar:/home/user/.m2/repository/com/google/protobuf/protobuf-java-util/3.12.0/protobuf-java-util-3.12.0.jar:/home/user/.m2/repository/com/google/code/gson/gson/2.2.4/gson-2.2.4.jar:/home/user/.m2/repository/org/apache/hadoop/hadoop-hdds-config/1.2.0-SNAPSHOT/hadoop-hdds-config-1.2.0-SNAPSHOT.jar:/home/user/.m2/repository/io/grpc/grpc-netty/1.33.0/grpc-netty-1.33.0.jar:/home/user/.m2/repository/io/grpc/grpc-core/1.33.0/grpc-core-1.33.0.jar:/home/user/.m2/repository/com/google/android/annotations/4.1.1.4/annotations-4.1.1.4.jar:/home/user/.m2/repository/io/netty/netty-codec-http2/4.1.51.Final/netty-codec-http2-4.1.51.Final.jar:/home/user/.m2/repository/io/netty/netty-codec/4.1.51.Final/netty-codec-4.1.51.Final.jar:/home/user/.m2/repository/io/netty/netty-handler/4.1.51.Final/netty-handler-4.1.51.Final.jar:/home/user/.m2/repository/io/netty/netty-codec-http/4.1.51.Final/netty-codec-http-4.1.51.Final.jar:/home/user/.m2/repository/io/netty/netty-handler-proxy/4.1.51.Final/netty-handler-proxy-4.1.51.Final.jar:/home/user/.m2/repository/io/netty/netty-codec-socks/4.1.51.Final/netty-codec-socks-4.1.51.Final.jar:/home/user/.m2/repository/io/perfmark/perfmark-api/0.19.0/perfmark-api-0.19.0.jar:/home/user/.m2/repository/org/codehaus/mojo/animal-sniffer-annotations/1.18/animal-sniffer-annotations-1.18.jar:/home/user/.m2/repository/io/netty/netty-transport-native-epoll/4.1.63.Final/netty-transport-native-epoll-4.1.63.Final.jar:/home/user/.m2/repository/io/netty/netty-common/4.1.63.Final/netty-common-4.1.63.Final.jar:/home/user/.m2/repository/io/netty/netty-buffer/4.1.63.Final/netty-buffer-4.1.63.Final.jar:/home/user/.m2/repository/io/netty/netty-transport/4.1.63.Final/netty-transport-4.1.63.Final.jar:/home/user/.m2/repository/io/netty/netty-resolver/4.1.63.Final/netty-resolver-4.1.63.Final.jar:/home/user/.m2/repository/io/netty/netty-transport-native-unix-common/4.1.63.Final/netty-transport-native-unix-common-4.1.63.Final.jar:/home/user/.m2/repository/io/grpc/grpc-protobuf/1.33.0/grpc-protobuf-1.33.0.jar:/home/user/.m2/repository/io/grpc/grpc-api/1.33.0/grpc-api-1.33.0.jar:/home/user/.m2/repository/io/grpc/grpc-context/1.33.0/grpc-context-1.33.0.jar:/home/user/.m2/repository/com/google/api/grpc/proto-google-common-protos/1.17.0/proto-google-common-protos-1.17.0.jar:/home/user/.m2/repository/io/grpc/grpc-protobuf-lite/1.33.0/grpc-protobuf-lite-1.33.0.jar:/home/user/.m2/repository/io/grpc/grpc-stub/1.33.0/grpc-stub-1.33.0.jar:/home/user/.m2/repository/org/apache/hadoop/hadoop-ozone-recon/1.2.0-SNAPSHOT/hadoop-ozone-recon-1.2.0-SNAPSHOT.jar:/home/user/.m2/repository/org/apache/hadoop/hadoop-ozone-reconcodegen/1.2.0-SNAPSHOT/hadoop-ozone-reconcodegen-1.2.0-SNAPSHOT.jar:/home/user/.m2/repository/com/google/inject/extensions/guice-multibindings/4.0/guice-multibindings-4.0.jar:/home/user/.m2/repository/com/google/inject/guice/4.0/guice-4.0.jar:/home/user/.m2/repository/aopalliance/aopalliance/1.0/aopalliance-1.0.jar:/home/user/.m2/repository/com/google/inject/extensions/guice-assistedinject/4.0/guice-assistedinject-4.0.jar:/home/user/.m2/repository/com/google/inject/extensions/guice-servlet/4.0/guice-servlet-4.0.jar:/home/user/.m2/repository/org/glassfish/jersey/containers/jersey-container-servlet/2.33/jersey-container-servlet-2.33.jar:/home/user/.m2/repository/org/glassfish/hk2/guice-bridge/2.5.0/guice-bridge-2.5.0.jar:/home/user/.m2/repository/org/glassfish/jersey/core/jersey-server/2.33/jersey-server-2.33.jar:/home/user/.m2/repository/org/glassfish/jersey/core/jersey-client/2.33/jersey-client-2.33.jar:/home/user/.m2/repository/jakarta/annotation/jakarta.annotation-api/1.3.5/jakarta.annotation-api-1.3.5.jar:/home/user/.m2/repository/jakarta/validation/jakarta.validation-api/2.0.2/jakarta.validation-api-2.0.2.jar:/home/user/.m2/repository/org/glassfish/jersey/media/jersey-media-json-jackson/2.33/jersey-media-json-jackson-2.33.jar:/home/user/.m2/repository/org/glassfish/jersey/ext/jersey-entity-filtering/2.33/jersey-entity-filtering-2.33.jar:/home/user/.m2/repository/org/jooq/jooq/3.11.10/jooq-3.11.10.jar:/home/user/.m2/repository/org/jooq/jooq-meta/3.11.10/jooq-meta-3.11.10.jar:/home/user/.m2/repository/org/jooq/jooq-codegen/3.11.10/jooq-codegen-3.11.10.jar:/home/user/.m2/repository/com/jolbox/bonecp/0.8.0.RELEASE/bonecp-0.8.0.RELEASE.jar:/home/user/.m2/repository/org/apache/derby/derby/10.14.2.0/derby-10.14.2.0.jar:/home/user/.m2/repository/org/xerial/sqlite-jdbc/3.25.2/sqlite-jdbc-3.25.2.jar:/home/user/.m2/repository/org/springframework/spring-jdbc/5.2.11.RELEASE/spring-jdbc-5.2.11.RELEASE.jar:/home/user/.m2/repository/org/springframework/spring-beans/5.2.11.RELEASE/spring-beans-5.2.11.RELEASE.jar:/home/user/.m2/repository/org/springframework/spring-core/5.2.11.RELEASE/spring-core-5.2.11.RELEASE.jar:/home/user/.m2/repository/org/springframework/spring-jcl/5.2.11.RELEASE/spring-jcl-5.2.11.RELEASE.jar:/home/user/.m2/repository/org/springframework/spring-tx/5.2.11.RELEASE/spring-tx-5.2.11.RELEASE.jar:/home/user/.m2/repository/org/apache/hadoop/hadoop-ozone-client/1.2.0-SNAPSHOT/hadoop-ozone-client-1.2.0-SNAPSHOT.jar:/home/user/.m2/repository/org/apache/hadoop/hadoop-ozone-filesystem/1.2.0-SNAPSHOT/hadoop-ozone-filesystem-1.2.0-SNAPSHOT.jar:/home/user/.m2/repository/org/apache/hadoop/hadoop-ozone-filesystem-common/1.2.0-SNAPSHOT/hadoop-ozone-filesystem-common-1.2.0-SNAPSHOT.jar:/home/user/.m2/repository/org/apache/hadoop/hadoop-ozone-tools/1.2.0-SNAPSHOT/hadoop-ozone-tools-1.2.0-SNAPSHOT.jar:/home/user/.m2/repository/org/apache/ratis/ratis-tools/2.1.0-43915d2-SNAPSHOT/ratis-tools-2.1.0-43915d2-SNAPSHOT.jar:/home/user/.m2/repository/org/apache/ratis/ratis-proto/2.1.0-43915d2-SNAPSHOT/ratis-proto-2.1.0-43915d2-SNAPSHOT.jar:/home/user/.m2/repository/org/apache/ratis/ratis-common/2.1.0-43915d2-SNAPSHOT/ratis-common-2.1.0-43915d2-SNAPSHOT.jar:/home/user/.m2/repository/com/amazonaws/aws-java-sdk-core/1.11.901/aws-java-sdk-core-1.11.901.jar:/home/user/.m2/repository/org/apache/httpcomponents/httpclient/4.5.13/httpclient-4.5.13.jar:/home/user/.m2/repository/org/apache/httpcomponents/httpcore/4.4.13/httpcore-4.4.13.jar:/home/user/.m2/repository/software/amazon/ion/ion-java/1.0.2/ion-java-1.0.2.jar:/home/user/.m2/repository/com/fasterxml/jackson/dataformat/jackson-dataformat-cbor/2.12.1/jackson-dataformat-cbor-2.12.1.jar:/home/user/.m2/repository/joda-time/joda-time/2.8.1/joda-time-2.8.1.jar:/home/user/.m2/repository/com/amazonaws/aws-java-sdk-s3/1.11.901/aws-java-sdk-s3-1.11.901.jar:/home/user/.m2/repository/com/amazonaws/aws-java-sdk-kms/1.11.901/aws-java-sdk-kms-1.11.901.jar:/home/user/.m2/repository/com/amazonaws/jmespath-java/1.11.901/jmespath-java-1.11.901.jar:/home/user/.m2/repository/org/kohsuke/metainf-services/metainf-services/1.8/metainf-services-1.8.jar:/home/user/.m2/repository/org/apache/hadoop/hadoop-hdds-tools/1.2.0-SNAPSHOT/hadoop-hdds-tools-1.2.0-SNAPSHOT.jar:/home/user/.m2/repository/commons-cli/commons-cli/1.2/commons-cli-1.2.jar:/home/user/.m2/repository/org/apache/commons/commons-lang3/3.7/commons-lang3-3.7.jar:/home/user/.m2/repository/org/apache/hadoop/hadoop-ozone-ozone-manager/1.2.0-SNAPSHOT/hadoop-ozone-ozone-manager-1.2.0-SNAPSHOT-tests.jar:/home/user/.m2/repository/org/apache/hadoop/hadoop-hdds-common/1.2.0-SNAPSHOT/hadoop-hdds-common-1.2.0-SNAPSHOT-tests.jar:/home/user/.m2/repository/org/apache/hadoop/hadoop-hdds-hadoop-dependency-client/1.2.0-SNAPSHOT/hadoop-hdds-hadoop-dependency-client-1.2.0-SNAPSHOT.jar:/home/user/.m2/repository/info/picocli/picocli/4.4.0/picocli-4.4.0.jar:/home/user/.m2/repository/com/fasterxml/jackson/core/jackson-annotations/2.12.1/jackson-annotations-2.12.1.jar:/home/user/.m2/repository/javax/annotation/javax.annotation-api/1.2/javax.annotation-api-1.2.jar:/home/user/.m2/repository/org/fusesource/leveldbjni/leveldbjni-all/1.8/leveldbjni-all-1.8.jar:/home/user/.m2/repository/org/apache/ratis/ratis-server/2.1.0-43915d2-SNAPSHOT/ratis-server-2.1.0-43915d2-SNAPSHOT.jar:/home/user/.m2/repository/org/apache/ratis/ratis-client/2.1.0-43915d2-SNAPSHOT/ratis-client-2.1.0-43915d2-SNAPSHOT.jar:/home/user/.m2/repository/org/apache/ratis/ratis-server-api/2.1.0-43915d2-SNAPSHOT/ratis-server-api-2.1.0-43915d2-SNAPSHOT.jar:/home/user/.m2/repository/org/apache/ratis/ratis-metrics/2.1.0-43915d2-SNAPSHOT/ratis-metrics-2.1.0-43915d2-SNAPSHOT.jar:/home/user/.m2/repository/org/apache/ratis/ratis-netty/2.1.0-43915d2-SNAPSHOT/ratis-netty-2.1.0-43915d2-SNAPSHOT.jar:/home/user/.m2/repository/org/apache/ratis/ratis-grpc/2.1.0-43915d2-SNAPSHOT/ratis-grpc-2.1.0-43915d2-SNAPSHOT.jar:/home/user/.m2/repository/org/apache/logging/log4j/log4j-api/2.13.3/log4j-api-2.13.3.jar:/home/user/.m2/repository/org/apache/logging/log4j/log4j-core/2.13.3/log4j-core-2.13.3.jar:/home/user/.m2/repository/com/lmax/disruptor/3.4.2/disruptor-3.4.2.jar:/home/user/.m2/repository/org/apache/commons/commons-pool2/2.6.0/commons-pool2-2.6.0.jar:/home/user/.m2/repository/org/bouncycastle/bcpkix-jdk15on/1.67/bcpkix-jdk15on-1.67.jar:/home/user/.m2/repository/commons-validator/commons-validator/1.6/commons-validator-1.6.jar:/home/user/.m2/repository/commons-beanutils/commons-beanutils/1.9.4/commons-beanutils-1.9.4.jar:/home/user/.m2/repository/commons-digester/commons-digester/1.8.1/commons-digester-1.8.1.jar:/home/user/.m2/repository/commons-collections/commons-collections/3.2.2/commons-collections-3.2.2.jar:/home/user/.m2/repository/io/jaegertracing/jaeger-client/1.6.0/jaeger-client-1.6.0.jar:/home/user/.m2/repository/io/jaegertracing/jaeger-thrift/1.6.0/jaeger-thrift-1.6.0.jar:/home/user/.m2/repository/org/apache/thrift/libthrift/0.14.1/libthrift-0.14.1.jar:/home/user/.m2/repository/com/squareup/okhttp3/okhttp/4.9.0/okhttp-4.9.0.jar:/home/user/.m2/repository/com/squareup/okio/okio/2.8.0/okio-2.8.0.jar:/home/user/.m2/repository/io/jaegertracing/jaeger-core/1.6.0/jaeger-core-1.6.0.jar:/home/user/.m2/repository/io/jaegertracing/jaeger-tracerresolver/1.6.0/jaeger-tracerresolver-1.6.0.jar:/home/user/.m2/repository/io/opentracing/contrib/opentracing-tracerresolver/0.1.8/opentracing-tracerresolver-0.1.8.jar:/home/user/.m2/repository/org/jetbrains/kotlin/kotlin-stdlib/1.4.31/kotlin-stdlib-1.4.31.jar:/home/user/.m2/repository/org/jetbrains/kotlin/kotlin-stdlib-common/1.4.31/kotlin-stdlib-common-1.4.31.jar:/home/user/.m2/repository/org/jetbrains/annotations/13.0/annotations-13.0.jar:/home/user/.m2/repository/io/opentracing/opentracing-util/0.33.0/opentracing-util-0.33.0.jar:/home/user/.m2/repository/io/opentracing/opentracing-api/0.33.0/opentracing-api-0.33.0.jar:/home/user/.m2/repository/io/opentracing/opentracing-noop/0.33.0/opentracing-noop-0.33.0.jar:/home/user/.m2/repository/org/yaml/snakeyaml/1.26/snakeyaml-1.26.jar:/home/user/.m2/repository/org/apache/hadoop/hadoop-hdds-interface-admin/1.2.0-SNAPSHOT/hadoop-hdds-interface-admin-1.2.0-SNAPSHOT.jar:/home/user/.m2/repository/junit/junit/4.13.1/junit-4.13.1.jar:/home/user/.m2/repository/org/hamcrest/hamcrest-core/1.3/hamcrest-core-1.3.jar:/home/user/.m2/repository/org/junit/jupiter/junit-jupiter-api/5.7.0/junit-jupiter-api-5.7.0.jar:/home/user/.m2/repository/org/apiguardian/apiguardian-api/1.1.0/apiguardian-api-1.1.0.jar:/home/user/.m2/repository/org/opentest4j/opentest4j/1.2.0/opentest4j-1.2.0.jar:/home/user/.m2/repository/org/junit/platform/junit-platform-commons/1.7.0/junit-platform-commons-1.7.0.jar:/home/user/.m2/repository/org/junit/jupiter/junit-jupiter-engine/5.7.0/junit-jupiter-engine-5.7.0.jar:/home/user/.m2/repository/org/junit/platform/junit-platform-engine/1.7.0/junit-platform-engine-1.7.0.jar:/home/user/.m2/repository/org/junit/vintage/junit-vintage-engine/5.7.0/junit-vintage-engine-5.7.0.jar:/home/user/.m2/repository/org/junit/platform/junit-platform-launcher/1.7.0/junit-platform-launcher-1.7.0.jar:/home/user/.m2/repository/org/openjdk/jmh/jmh-core/1.19/jmh-core-1.19.jar:/home/user/.m2/repository/net/sf/jopt-simple/jopt-simple/4.6/jopt-simple-4.6.jar:/home/user/.m2/repository/org/apache/commons/commons-math3/3.1.1/commons-math3-3.1.1.jar:/home/user/.m2/repository/org/openjdk/jmh/jmh-generator-annprocess/1.19/jmh-generator-annprocess-1.19.jar:/home/user/.m2/repository/org/mockito/mockito-all/1.8.5/mockito-all-1.8.5.jar:/home/user/.m2/repository/org/apache/hadoop/hadoop-kms/3.2.2/hadoop-kms-3.2.2.jar:/home/user/.m2/repository/org/apache/hadoop/hadoop-auth/3.2.2/hadoop-auth-3.2.2.jar:/home/user/.m2/repository/com/nimbusds/nimbus-jose-jwt/7.9/nimbus-jose-jwt-7.9.jar:/home/user/.m2/repository/com/github/stephenc/jcip/jcip-annotations/1.0-1/jcip-annotations-1.0-1.jar:/home/user/.m2/repository/net/minidev/json-smart/2.3/json-smart-2.3.jar:/home/user/.m2/repository/net/minidev/accessors-smart/1.2/accessors-smart-1.2.jar:/home/user/.m2/repository/org/ow2/asm/asm/5.0.4/asm-5.0.4.jar:/home/user/.m2/repository/org/apache/zookeeper/zookeeper/3.4.13/zookeeper-3.4.13.jar:/home/user/.m2/repository/org/apache/yetus/audience-annotations/0.5.0/audience-annotations-0.5.0.jar:/home/user/.m2/repository/org/apache/curator/curator-framework/2.13.0/curator-framework-2.13.0.jar:/home/user/.m2/repository/com/sun/jersey/jersey-core/1.19/jersey-core-1.19.jar:/home/user/.m2/repository/javax/ws/rs/jsr311-api/1.1.1/jsr311-api-1.1.1.jar:/home/user/.m2/repository/com/sun/jersey/jersey-server/1.19/jersey-server-1.19.jar:/home/user/.m2/repository/javax/servlet/javax.servlet-api/3.1.0/javax.servlet-api-3.1.0.jar:/home/user/.m2/repository/org/eclipse/jetty/jetty-server/9.4.35.v20201120/jetty-server-9.4.35.v20201120.jar:/home/user/.m2/repository/org/eclipse/jetty/jetty-http/9.4.35.v20201120/jetty-http-9.4.35.v20201120.jar:/home/user/.m2/repository/org/eclipse/jetty/jetty-io/9.4.35.v20201120/jetty-io-9.4.35.v20201120.jar:/home/user/.m2/repository/org/eclipse/jetty/jetty-webapp/9.4.35.v20201120/jetty-webapp-9.4.35.v20201120.jar:/home/user/.m2/repository/org/eclipse/jetty/jetty-xml/9.4.35.v20201120/jetty-xml-9.4.35.v20201120.jar:/home/user/.m2/repository/org/apache/hadoop/hadoop-common/3.2.2/hadoop-common-3.2.2.jar:/home/user/.m2/repository/commons-net/commons-net/3.6/commons-net-3.6.jar:/home/user/.m2/repository/javax/activation/javax.activation-api/1.2.0/javax.activation-api-1.2.0.jar:/home/user/.m2/repository/com/sun/jersey/jersey-servlet/1.19/jersey-servlet-1.19.jar:/home/user/.m2/repository/com/sun/jersey/jersey-json/1.19/jersey-json-1.19.jar:/home/user/.m2/repository/org/codehaus/jettison/jettison/1.1/jettison-1.1.jar:/home/user/.m2/repository/com/sun/xml/bind/jaxb-impl/2.2.3-1/jaxb-impl-2.2.3-1.jar:/home/user/.m2/repository/org/codehaus/jackson/jackson-jaxrs/1.9.2/jackson-jaxrs-1.9.2.jar:/home/user/.m2/repository/org/codehaus/jackson/jackson-xc/1.9.2/jackson-xc-1.9.2.jar:/home/user/.m2/repository/org/apache/commons/commons-configuration2/2.1.1/commons-configuration2-2.1.1.jar:/home/user/.m2/repository/org/apache/commons/commons-text/1.4/commons-text-1.4.jar:/home/user/.m2/repository/com/google/re2j/re2j/1.1/re2j-1.1.jar:/home/user/.m2/repository/com/jcraft/jsch/0.1.54/jsch-0.1.54.jar:/home/user/.m2/repository/org/apache/curator/curator-client/2.13.0/curator-client-2.13.0.jar:/home/user/.m2/repository/org/apache/curator/curator-recipes/2.13.0/curator-recipes-2.13.0.jar:/home/user/.m2/repository/dnsjava/dnsjava/2.1.7/dnsjava-2.1.7.jar:/home/user/.m2/repository/org/slf4j/jul-to-slf4j/1.7.30/jul-to-slf4j-1.7.30.jar:/home/user/.m2/repository/org/eclipse/jetty/jetty-util/9.4.35.v20201120/jetty-util-9.4.35.v20201120.jar:/home/user/.m2/repository/com/fasterxml/jackson/core/jackson-databind/2.12.1/jackson-databind-2.12.1.jar:/home/user/.m2/repository/org/apache/hadoop/hadoop-kms/3.2.2/hadoop-kms-3.2.2-tests.jar:/home/user/.m2/repository/org/apache/hadoop/hadoop-hdds-server-scm/1.2.0-SNAPSHOT/hadoop-hdds-server-scm-1.2.0-SNAPSHOT-tests.jar:/home/user/.m2/repository/org/apache/hadoop/hadoop-hdds-container-service/1.2.0-SNAPSHOT/hadoop-hdds-container-service-1.2.0-SNAPSHOT-tests.jar:/home/user/.m2/repository/commons-codec/commons-codec/1.11/commons-codec-1.11.jar:/home/user/.m2/repository/org/apache/hadoop/hadoop-hdds-hadoop-dependency-test/1.2.0-SNAPSHOT/hadoop-hdds-hadoop-dependency-test-1.2.0-SNAPSHOT.jar:/home/user/.m2/repository/org/apache/hadoop/hadoop-common/3.2.2/hadoop-common-3.2.2-tests.jar:/home/user/.m2/repository/org/apache/hadoop/hadoop-hdfs/3.2.2/hadoop-hdfs-3.2.2-tests.jar:/home/user/.m2/repository/org/eclipse/jetty/jetty-util-ajax/9.4.35.v20201120/jetty-util-ajax-9.4.35.v20201120.jar:/home/user/.m2/repository/commons-daemon/commons-daemon/1.0.13/commons-daemon-1.0.13.jar:/home/user/.m2/repository/io/netty/netty/3.10.6.Final/netty-3.10.6.Final.jar:/home/user/.m2/repository/io/netty/netty-all/4.1.63.Final/netty-all-4.1.63.Final.jar:/home/user/.m2/repository/org/apache/htrace/htrace-core4/4.1.0-incubating/htrace-core4-4.1.0-incubating.jar:/home/user/.m2/repository/org/apache/hadoop/hadoop-distcp/3.2.2/hadoop-distcp-3.2.2.jar:/home/user/.m2/repository/org/apache/hadoop/hadoop-mapreduce-client-jobclient/3.2.2/hadoop-mapreduce-client-jobclient-3.2.2.jar:/home/user/.m2/repository/org/apache/hadoop/hadoop-mapreduce-client-common/3.2.2/hadoop-mapreduce-client-common-3.2.2.jar:/home/user/.m2/repository/org/apache/hadoop/hadoop-yarn-common/3.2.2/hadoop-yarn-common-3.2.2.jar:/home/user/.m2/repository/org/apache/hadoop/hadoop-yarn-api/3.2.2/hadoop-yarn-api-3.2.2.jar:/home/user/.m2/repository/com/sun/jersey/jersey-client/1.19/jersey-client-1.19.jar:/home/user/.m2/repository/com/sun/jersey/contribs/jersey-guice/1.19/jersey-guice-1.19.jar:/home/user/.m2/repository/com/fasterxml/jackson/jaxrs/jackson-jaxrs-json-provider/2.12.1/jackson-jaxrs-json-provider-2.12.1.jar:/home/user/.m2/repository/com/fasterxml/jackson/jaxrs/jackson-jaxrs-base/2.12.1/jackson-jaxrs-base-2.12.1.jar:/home/user/.m2/repository/org/apache/hadoop/hadoop-yarn-client/3.2.2/hadoop-yarn-client-3.2.2.jar:/home/user/.m2/repository/org/apache/hadoop/hadoop-mapreduce-client-core/3.2.2/hadoop-mapreduce-client-core-3.2.2.jar:/home/user/.m2/repository/org/apache/avro/avro/1.7.7/avro-1.7.7.jar:/home/user/.m2/repository/org/codehaus/jackson/jackson-core-asl/1.9.13/jackson-core-asl-1.9.13.jar:/home/user/.m2/repository/org/codehaus/jackson/jackson-mapper-asl/1.9.13/jackson-mapper-asl-1.9.13.jar:/home/user/.m2/repository/com/thoughtworks/paranamer/paranamer/2.3/paranamer-2.3.jar:/home/user/.m2/repository/org/xerial/snappy/snappy-java/1.0.5/snappy-java-1.0.5.jar:/home/user/.m2/repository/org/apache/hadoop/hadoop-annotations/3.2.2/hadoop-annotations-3.2.2.jar:/usr/lib/jvm/java-1.8.0-openjdk-1.8.0.232.b09-0.el7_7.x86_64/jre/../lib/tools.jar:/home/user/.m2/repository/org/apache/hadoop/hadoop-distcp/3.2.2/hadoop-distcp-3.2.2-tests.jar:"/>
    <property name="sun.cpu.endian" value="little"/>
    <property name="user.home" value="/home/user"/>
    <property name="user.language" value="en"/>
    <property name="java.specification.vendor" value="Oracle Corporation"/>
    <property name="java.home" value="/usr/lib/jvm/java-1.8.0-openjdk-1.8.0.232.b09-0.el7_7.x86_64/jre"/>
    <property name="java.security.krb5.conf" value="/github/workspace/mnt/ozone/hadoop-ozone/integration-test/target/test-classes/krb5.conf"/>
    <property name="basedir" value="/github/workspace/mnt/ozone/hadoop-ozone/integration-test"/>
    <property name="file.separator" value="/"/>
    <property name="line.separator" value="&#10;"/>
    <property name="java.vm.specification.vendor" value="Oracle Corporation"/>
    <property name="java.specification.name" value="Java Platform API Specification"/>
    <property name="java.awt.graphicsenv" value="sun.awt.X11GraphicsEnvironment"/>
    <property name="skip.installnpx" value="true"/>
    <property name="surefire.real.class.path" value="/github/workspace/mnt/ozone/hadoop-ozone/integration-test/target/surefire/surefirebooter4571512311476403470.jar:/home/user/.m2/repository/org/jacoco/org.jacoco.agent/0.8.5/org.jacoco.agent-0.8.5-runtime.jar"/>
    <property name="hadoop.log.dir" value="/github/workspace/mnt/ozone/hadoop-ozone/integration-test/target/log"/>
    <property name="sun.boot.class.path" value="/usr/lib/jvm/java-1.8.0-openjdk-1.8.0.232.b09-0.el7_7.x86_64/jre/lib/resources.jar:/usr/lib/jvm/java-1.8.0-openjdk-1.8.0.232.b09-0.el7_7.x86_64/jre/lib/rt.jar:/usr/lib/jvm/java-1.8.0-openjdk-1.8.0.232.b09-0.el7_7.x86_64/jre/lib/sunrsasign.jar:/usr/lib/jvm/java-1.8.0-openjdk-1.8.0.232.b09-0.el7_7.x86_64/jre/lib/jsse.jar:/usr/lib/jvm/java-1.8.0-openjdk-1.8.0.232.b09-0.el7_7.x86_64/jre/lib/jce.jar:/usr/lib/jvm/java-1.8.0-openjdk-1.8.0.232.b09-0.el7_7.x86_64/jre/lib/charsets.jar:/usr/lib/jvm/java-1.8.0-openjdk-1.8.0.232.b09-0.el7_7.x86_64/jre/lib/jfr.jar:/usr/lib/jvm/java-1.8.0-openjdk-1.8.0.232.b09-0.el7_7.x86_64/jre/classes"/>
    <property name="sun.management.compiler" value="HotSpot 64-Bit Tiered Compilers"/>
    <property name="skip.npx" value="true"/>
    <property name="java.runtime.version" value="1.8.0_232-b09"/>
    <property name="java.net.preferIPv4Stack" value="true"/>
    <property name="user.name" value="jenkins1001"/>
    <property name="path.separator" value=":"/>
    <property name="java.security.egd" value="file:///dev/urandom"/>
    <property name="os.version" value="5.4.0-1046-azure"/>
    <property name="java.endorsed.dirs" value="/usr/lib/jvm/java-1.8.0-openjdk-1.8.0.232.b09-0.el7_7.x86_64/jre/lib/endorsed"/>
    <property name="java.runtime.name" value="OpenJDK Runtime Environment"/>
    <property name="file.encoding" value="ANSI_X3.4-1968"/>
    <property name="java.vm.name" value="OpenJDK 64-Bit Server VM"/>
    <property name="test.build.webapps" value=""/>
    <property name="localRepository" value="/home/user/.m2/repository"/>
    <property name="java.vendor.url.bug" value="http://bugreport.sun.com/bugreport/"/>
    <property name="java.io.tmpdir" value="/tmp"/>
    <property name="require.test.libhadoop" value=""/>
    <property name="java.version" value="1.8.0_232"/>
    <property name="user.dir" value="/github/workspace/mnt/ozone/hadoop-ozone/integration-test"/>
    <property name="os.arch" value="amd64"/>
    <property name="java.vm.specification.name" value="Java Virtual Machine Specification"/>
    <property name="test.build.classes" value="/github/workspace/mnt/ozone/hadoop-ozone/integration-test/target/test-classes"/>
    <property name="java.awt.printerjob" value="sun.print.PSPrinterJob"/>
    <property name="sun.os.patch.level" value="unknown"/>
    <property name="hadoop.tmp.dir" value="/github/workspace/mnt/ozone/hadoop-ozone/integration-test/target/tmp"/>
    <property name="java.library.path" value="/usr/lib:/usr/java/packages/lib/amd64:/usr/lib64:/lib64:/lib:/usr/lib"/>
    <property name="java.vm.info" value="mixed mode"/>
    <property name="java.vendor" value="Oracle Corporation"/>
    <property name="java.vm.version" value="25.232-b09"/>
    <property name="java.ext.dirs" value="/usr/lib/jvm/java-1.8.0-openjdk-1.8.0.232.b09-0.el7_7.x86_64/jre/lib/ext:/usr/java/packages/lib/ext"/>
    <property name="sun.io.unicode.encoding" value="UnicodeLittle"/>
    <property name="java.class.version" value="52.0"/>
  </properties>
  <testcase name="testReleaseBuffers" classname="org.apache.hadoop.ozone.client.rpc.TestCommitWatcher" time="56.91">
    <error message="org.apache.ratis.protocol.exceptions.AlreadyClosedException: SlidingWindow$Client:client-78EFAB83A0EA-&gt;RAFT is closed." type="java.util.concurrent.ExecutionException">java.util.concurrent.ExecutionException: org.apache.ratis.protocol.exceptions.AlreadyClosedException: SlidingWindow$Client:client-78EFAB83A0EA->RAFT is closed.
	at java.util.concurrent.CompletableFuture.reportGet(CompletableFuture.java:357)
	at java.util.concurrent.CompletableFuture.get(CompletableFuture.java:1908)
	at org.apache.hadoop.ozone.client.rpc.TestCommitWatcher.testReleaseBuffers(TestCommitWatcher.java:219)
	at sun.reflect.NativeMethodAccessorImpl.invoke0(Native Method)
	at sun.reflect.NativeMethodAccessorImpl.invoke(NativeMethodAccessorImpl.java:62)
	at sun.reflect.DelegatingMethodAccessorImpl.invoke(DelegatingMethodAccessorImpl.java:43)
	at java.lang.reflect.Method.invoke(Method.java:498)
	at org.junit.runners.model.FrameworkMethod$1.runReflectiveCall(FrameworkMethod.java:59)
	at org.junit.internal.runners.model.ReflectiveCallable.run(ReflectiveCallable.java:12)
	at org.junit.runners.model.FrameworkMethod.invokeExplosively(FrameworkMethod.java:56)
	at org.junit.internal.runners.statements.InvokeMethod.evaluate(InvokeMethod.java:17)
	at org.junit.internal.runners.statements.RunBefores.evaluate(RunBefores.java:26)
	at org.junit.internal.runners.statements.RunAfters.evaluate(RunAfters.java:27)
	at org.junit.internal.runners.statements.FailOnTimeout$CallableStatement.call(FailOnTimeout.java:288)
	at org.junit.internal.runners.statements.FailOnTimeout$CallableStatement.call(FailOnTimeout.java:282)
	at java.util.concurrent.FutureTask.run(FutureTask.java:266)
	at java.lang.Thread.run(Thread.java:748)
Caused by: org.apache.ratis.protocol.exceptions.AlreadyClosedException: SlidingWindow$Client:client-78EFAB83A0EA->RAFT is closed.
	at org.apache.ratis.util.SlidingWindow$Client.alreadyClosed(SlidingWindow.java:378)
	at org.apache.ratis.util.SlidingWindow$Client.fail(SlidingWindow.java:366)
	at org.apache.ratis.client.impl.OrderedAsync.failAllAsyncRequests(OrderedAsync.java:148)
	at org.apache.ratis.client.impl.OrderedAsync.handleAsyncRetryFailure(OrderedAsync.java:152)
	at org.apache.ratis.client.impl.OrderedAsync.lambda$sendRequest$10(OrderedAsync.java:252)
	at java.util.concurrent.CompletableFuture.uniExceptionally(CompletableFuture.java:884)
	at java.util.concurrent.CompletableFuture$UniExceptionally.tryFire(CompletableFuture.java:866)
	at java.util.concurrent.CompletableFuture.postComplete(CompletableFuture.java:488)
	at java.util.concurrent.CompletableFuture.completeExceptionally(CompletableFuture.java:1990)
	at org.apache.ratis.grpc.client.GrpcClientProtocolClient$AsyncStreamObservers.completeReplyExceptionally(GrpcClientProtocolClient.java:388)
	at org.apache.ratis.grpc.client.GrpcClientProtocolClient$AsyncStreamObservers.access$000(GrpcClientProtocolClient.java:294)
	at org.apache.ratis.grpc.client.GrpcClientProtocolClient$AsyncStreamObservers$1.onNext(GrpcClientProtocolClient.java:308)
	at org.apache.ratis.grpc.client.GrpcClientProtocolClient$AsyncStreamObservers$1.onNext(GrpcClientProtocolClient.java:299)
	at org.apache.ratis.thirdparty.io.grpc.stub.ClientCalls$StreamObserverToCallListenerAdapter.onMessage(ClientCalls.java:465)
	at org.apache.ratis.thirdparty.io.grpc.ForwardingClientCallListener.onMessage(ForwardingClientCallListener.java:33)
	at org.apache.ratis.thirdparty.io.grpc.internal.ClientCallImpl$ClientStreamListenerImpl$1MessagesAvailable.runInternal(ClientCallImpl.java:715)
	at org.apache.ratis.thirdparty.io.grpc.internal.ClientCallImpl$ClientStreamListenerImpl$1MessagesAvailable.runInContext(ClientCallImpl.java:700)
	at org.apache.ratis.thirdparty.io.grpc.internal.ContextRunnable.run(ContextRunnable.java:37)
	at org.apache.ratis.thirdparty.io.grpc.internal.SerializingExecutor.run(SerializingExecutor.java:123)
	at java.util.concurrent.ThreadPoolExecutor.runWorker(ThreadPoolExecutor.java:1149)
	at java.util.concurrent.ThreadPoolExecutor$Worker.run(ThreadPoolExecutor.java:624)
	... 1 more
Caused by: org.apache.ratis.protocol.exceptions.RaftRetryFailureException: Failed RaftClientRequest:client-78EFAB83A0EA->42fd2707-1841-40d3-b54b-6f39f935cc38@group-A8230B39765F, cid=8, seq=1*, Watch(0), null for 3 attempts with RequestTypeDependentRetryPolicy{WRITE->org.apache.ratis.retry.ExceptionDependentRetry@43e65005, WATCH->org.apache.ratis.retry.ExceptionDependentRetry@277c1d45}
	at org.apache.ratis.client.impl.RaftClientImpl.noMoreRetries(RaftClientImpl.java:254)
	... 19 more
Caused by: org.apache.ratis.protocol.exceptions.NotLeaderException: Server 42fd2707-1841-40d3-b54b-6f39f935cc38@group-A8230B39765F is not the leader
	at org.apache.ratis.client.impl.ClientProtoUtils.toRaftClientReply(ClientProtoUtils.java:368)
	at org.apache.ratis.grpc.client.GrpcClientProtocolClient$AsyncStreamObservers$1.onNext(GrpcClientProtocolClient.java:304)
	... 10 more
</error>
    <system-out><![CDATA[2021-04-28 01:09:24,247 [Time-limited test] WARN  server.ServerUtils (ServerUtils.java:getScmDbDir(148)) - ozone.scm.db.dirs is not configured. We recommend adding this setting. Falling back to ozone.metadata.dirs instead.
2021-04-28 01:09:24,291 [Time-limited test] INFO  ha.SCMHANodeDetails (SCMHANodeDetails.java:loadSCMHAConfig(149)) - ServiceID for StorageContainerManager is null
2021-04-28 01:09:24,292 [Time-limited test] INFO  ha.SCMHANodeDetails (SCMHANodeDetails.java:loadSCMHAConfig(154)) - ozone.scm.default.service.id is not defined, falling back to ozone.scm.service.ids to find serviceID for StorageContainerManager if it is HA enabled cluster
2021-04-28 01:09:24,350 [Time-limited test] WARN  server.ServerUtils (ServerUtils.java:getScmDbDir(148)) - ozone.scm.db.dirs is not configured. We recommend adding this setting. Falling back to ozone.metadata.dirs instead.
2021-04-28 01:09:24,373 [Time-limited test] WARN  utils.HAUtils (HAUtils.java:getMetaDir(326)) - ozone.scm.db.dirs is not configured. We recommend adding this setting. Falling back to ozone.metadata.dirs instead.
2021-04-28 01:09:24,483 [Time-limited test] WARN  db.DBStoreBuilder (DBStoreBuilder.java:applyDBDefinition(145)) - ozone.scm.db.dirs is not configured. We recommend adding this setting. Falling back to ozone.metadata.dirs instead.
2021-04-28 01:09:24,601 [Time-limited test] INFO  net.NodeSchemaLoader (NodeSchemaLoader.java:loadSchemaFromFile(129)) - Loading schema from [jar:file:/home/user/.m2/repository/org/apache/hadoop/hadoop-hdds-common/1.2.0-SNAPSHOT/hadoop-hdds-common-1.2.0-SNAPSHOT.jar!/network-topology-default.xml, jar:file:/home/user/.m2/repository/org/apache/hadoop/hadoop-ozone-ozone-manager/1.2.0-SNAPSHOT/hadoop-ozone-ozone-manager-1.2.0-SNAPSHOT-tests.jar!/network-topology-default.xml, jar:file:/home/user/.m2/repository/org/apache/hadoop/hadoop-hdds-server-scm/1.2.0-SNAPSHOT/hadoop-hdds-server-scm-1.2.0-SNAPSHOT-tests.jar!/network-topology-default.xml]
2021-04-28 01:09:24,603 [Time-limited test] INFO  net.NodeSchemaLoader (NodeSchemaLoader.java:loadSchema(176)) - Loading network topology layer schema file
2021-04-28 01:09:24,655 [Time-limited test] INFO  ha.SequenceIdGenerator (SequenceIdGenerator.java:upgradeToSequenceId(300)) - upgrade localId to 107544261427200000
2021-04-28 01:09:24,656 [Time-limited test] INFO  ha.SequenceIdGenerator (SequenceIdGenerator.java:upgradeToSequenceId(310)) - upgrade delTxnId to 0
2021-04-28 01:09:24,659 [Time-limited test] INFO  ha.SequenceIdGenerator (SequenceIdGenerator.java:upgradeToSequenceId(324)) - upgrade containerId to 0
2021-04-28 01:09:24,661 [Time-limited test] INFO  ha.SequenceIdGenerator (SequenceIdGenerator.java:<init>(196)) - Init the HA SequenceIdGenerator.
2021-04-28 01:09:24,703 [Time-limited test] WARN  server.ServerUtils (ServerUtils.java:sanitizeUserArgs(73)) - ozone.scm.stale.node.interval value = 1000000 is larger than max = 100000 based on the key value of ozone.scm.heartbeat.thread.interval, reset to the max value 100000.
2021-04-28 01:09:24,703 [Time-limited test] WARN  server.ServerUtils (ServerUtils.java:sanitizeUserArgs(73)) - ozone.scm.stale.node.interval value = 1000000 is larger than max = 100000 based on the key value of ozone.scm.heartbeat.thread.interval, reset to the max value 100000.
2021-04-28 01:09:24,710 [Time-limited test] INFO  node.SCMNodeManager (SCMNodeManager.java:<init>(125)) - Entering startup safe mode.
2021-04-28 01:09:24,863 [Time-limited test] INFO  algorithms.ContainerPlacementPolicyFactory (ContainerPlacementPolicyFactory.java:getPolicy(60)) - Create container placement policy of type org.apache.hadoop.hdds.scm.container.placement.algorithms.SCMContainerPlacementRandom
2021-04-28 01:09:24,876 [Time-limited test] INFO  pipeline.PipelineStateManager (PipelineStateManagerV2Impl.java:initialize(78)) - No pipeline exists in current db
2021-04-28 01:09:24,914 [Time-limited test] INFO  algorithms.LeaderChoosePolicyFactory (LeaderChoosePolicyFactory.java:getPolicy(57)) - Create leader choose policy of type org.apache.hadoop.hdds.scm.pipeline.leader.choose.algorithms.MinLeaderCountChoosePolicy
2021-04-28 01:09:24,921 [Time-limited test] INFO  ha.SCMServiceManager (SCMServiceManager.java:register(43)) - Registering service BackgroundPipelineCreator.
2021-04-28 01:09:24,922 [Time-limited test] INFO  pipeline.BackgroundPipelineCreator (BackgroundPipelineCreatorV2.java:start(130)) - Starting RatisPipelineUtilsThread.
2021-04-28 01:09:24,952 [Time-limited test] INFO  algorithms.PipelineChoosePolicyFactory (PipelineChoosePolicyFactory.java:createPipelineChoosePolicyFromClass(73)) - Create pipeline choose policy of type org.apache.hadoop.hdds.scm.pipeline.choose.algorithms.RandomPipelineChoosePolicy
2021-04-28 01:09:24,970 [Time-limited test] INFO  ha.SCMServiceManager (SCMServiceManager.java:register(43)) - Registering service SCMBlockDeletingService.
2021-04-28 01:09:24,996 [Time-limited test] INFO  ha.SCMServiceManager (SCMServiceManager.java:register(43)) - Registering service ReplicationManager.
2021-04-28 01:09:25,000 [Time-limited test] INFO  container.ReplicationManager (ReplicationManager.java:start(226)) - Starting Replication Monitor Thread.
2021-04-28 01:09:25,008 [ReplicationMonitor] INFO  container.ReplicationManager (ReplicationManager.java:run(290)) - Replication Monitor Thread took 0 milliseconds for processing 0 containers.
2021-04-28 01:09:25,013 [Time-limited test] INFO  safemode.HealthyPipelineSafeModeRule (HealthyPipelineSafeModeRule.java:<init>(90)) - Total pipeline count is 0, healthy pipeline threshold count is 0
2021-04-28 01:09:25,016 [Time-limited test] INFO  safemode.OneReplicaPipelineSafeModeRule (OneReplicaPipelineSafeModeRule.java:<init>(86)) - Total pipeline count is 0, pipeline's with at least one datanode reported threshold count is 0
2021-04-28 01:09:25,385 [Time-limited test] INFO  ipc.CallQueueManager (CallQueueManager.java:<init>(85)) - Using callQueue: class java.util.concurrent.LinkedBlockingQueue, queueCapacity: 2000, scheduler: class org.apache.hadoop.ipc.DefaultRpcScheduler, ipcBackoff: false.
2021-04-28 01:09:25,406 [Socket Reader #1 for port 0] INFO  ipc.Server (Server.java:run(1255)) - Starting Socket Reader #1 for port 0
2021-04-28 01:09:25,451 [Listener at 0.0.0.0/46599] INFO  ipc.CallQueueManager (CallQueueManager.java:<init>(85)) - Using callQueue: class java.util.concurrent.LinkedBlockingQueue, queueCapacity: 2000, scheduler: class org.apache.hadoop.ipc.DefaultRpcScheduler, ipcBackoff: false.
2021-04-28 01:09:25,452 [Socket Reader #1 for port 0] INFO  ipc.Server (Server.java:run(1255)) - Starting Socket Reader #1 for port 0
2021-04-28 01:09:25,466 [Listener at 0.0.0.0/34689] INFO  ipc.CallQueueManager (CallQueueManager.java:<init>(85)) - Using callQueue: class java.util.concurrent.LinkedBlockingQueue, queueCapacity: 2000, scheduler: class org.apache.hadoop.ipc.DefaultRpcScheduler, ipcBackoff: false.
2021-04-28 01:09:25,468 [Socket Reader #1 for port 0] INFO  ipc.Server (Server.java:run(1255)) - Starting Socket Reader #1 for port 0
2021-04-28 01:09:25,472 [Listener at 0.0.0.0/36041] INFO  server.StorageContainerManager (StorageContainerManager.java:<init>(406)) - Container Balancer status:
Key                            Value
Running                        false
Container Balancer Configuration values:
Key                            Value
Threshold                      0.100000
Max Datanodes to Balance       5
Max Size to Move               10737418240B

2021-04-28 01:09:25,473 [Listener at 0.0.0.0/36041] WARN  events.EventQueue (EventQueue.java:fireEvent(185)) - No event handler registered for event TypedEvent{payloadType=SafeModeStatus, name='Safe mode status'}
2021-04-28 01:09:25,474 [Listener at 0.0.0.0/36041] INFO  ha.SCMContext (SCMContext.java:updateSafeModeStatus(147)) - Update SafeModeStatus from SafeModeStatus{safeModeStatus=true, preCheckPassed=false} to SafeModeStatus{safeModeStatus=true, preCheckPassed=false}.
2021-04-28 01:09:25,478 [Listener at 0.0.0.0/36041] INFO  server.StorageContainerManager (StorageContainerManager.java:start(1142)) - StorageContainerLocationProtocol RPC server is listening at /0.0.0.0:36041
2021-04-28 01:09:25,536 [Listener at 0.0.0.0/36041] WARN  impl.MetricsConfig (MetricsConfig.java:loadFirst(136)) - Cannot locate configuration: tried hadoop-metrics2-storagecontainermanager.properties,hadoop-metrics2.properties
2021-04-28 01:09:25,552 [Listener at 0.0.0.0/36041] INFO  impl.MetricsSystemImpl (MetricsSystemImpl.java:startTimer(378)) - Scheduled Metric snapshot period at 10 second(s).
2021-04-28 01:09:25,552 [Listener at 0.0.0.0/36041] INFO  impl.MetricsSystemImpl (MetricsSystemImpl.java:start(191)) - StorageContainerManager metrics system started
2021-04-28 01:09:25,783 [Listener at 0.0.0.0/36041] INFO  server.SCMClientProtocolServer (SCMClientProtocolServer.java:start(157)) - RPC server for Client  is listening at /0.0.0.0:36041
2021-04-28 01:09:25,785 [IPC Server Responder] INFO  ipc.Server (Server.java:run(1497)) - IPC Server Responder: starting
2021-04-28 01:09:25,786 [IPC Server listener on 0] INFO  ipc.Server (Server.java:run(1334)) - IPC Server listener on 0: starting
2021-04-28 01:09:25,791 [Listener at 0.0.0.0/36041] INFO  server.StorageContainerManager (StorageContainerManager.java:start(1156)) - ScmBlockLocationProtocol RPC server is listening at /0.0.0.0:34689
2021-04-28 01:09:25,792 [Listener at 0.0.0.0/36041] INFO  server.SCMBlockProtocolServer (SCMBlockProtocolServer.java:start(149)) - RPC server for Block Protocol is listening at /0.0.0.0:34689
2021-04-28 01:09:25,793 [IPC Server Responder] INFO  ipc.Server (Server.java:run(1497)) - IPC Server Responder: starting
2021-04-28 01:09:25,794 [IPC Server listener on 0] INFO  ipc.Server (Server.java:run(1334)) - IPC Server listener on 0: starting
2021-04-28 01:09:25,796 [Listener at 0.0.0.0/36041] INFO  server.StorageContainerManager (StorageContainerManager.java:start(1162)) - ScmDatanodeProtocl RPC server is listening at /0.0.0.0:46599
2021-04-28 01:09:25,796 [Listener at 0.0.0.0/36041] INFO  server.SCMDatanodeProtocolServer (SCMDatanodeProtocolServer.java:start(174)) - RPC server for DataNodes is listening at /0.0.0.0:46599
2021-04-28 01:09:25,798 [IPC Server Responder] INFO  ipc.Server (Server.java:run(1497)) - IPC Server Responder: starting
2021-04-28 01:09:25,798 [IPC Server listener on 0] INFO  ipc.Server (Server.java:run(1334)) - IPC Server listener on 0: starting
2021-04-28 01:09:25,814 [org.apache.hadoop.util.JvmPauseMonitor$Monitor@f1d63e0] INFO  util.JvmPauseMonitor (JvmPauseMonitor.java:run(188)) - Starting JVM pause monitor
2021-04-28 01:09:25,838 [Listener at 0.0.0.0/36041] INFO  http.BaseHttpServer (BaseHttpServer.java:newHttpServer2BuilderForOzone(207)) - Starting Web-server for scm at: http://0.0.0.0:0
2021-04-28 01:09:25,839 [Listener at 0.0.0.0/36041] INFO  http.BaseHttpServer (BaseHttpServer.java:<init>(106)) - Hadoop Security Enabled: false Ozone Security Enabled: false Ozone HTTP Security Enabled: false 
2021-04-28 01:09:25,867 [Listener at 0.0.0.0/36041] INFO  util.log (Log.java:initialized(169)) - Logging initialized @2918ms to org.eclipse.jetty.util.log.Slf4jLog
2021-04-28 01:09:25,971 [Listener at 0.0.0.0/36041] INFO  server.AuthenticationFilter (AuthenticationFilter.java:constructSecretProvider(240)) - Unable to initialize FileSignerSecretProvider, falling back to use random secrets.
2021-04-28 01:09:25,976 [Listener at 0.0.0.0/36041] WARN  http.HttpRequestLog (HttpRequestLog.java:getRequestLog(103)) - Jetty request log can only be enabled using Log4j
2021-04-28 01:09:25,980 [Listener at 0.0.0.0/36041] INFO  http.HttpServer2 (HttpServer2.java:addGlobalFilter(1020)) - Added global filter 'safety' (class=org.apache.hadoop.hdds.server.http.HttpServer2$QuotingInputFilter)
2021-04-28 01:09:25,982 [Listener at 0.0.0.0/36041] INFO  http.HttpServer2 (HttpServer2.java:addFilter(996)) - Added filter static_user_filter (class=org.apache.hadoop.http.lib.StaticUserWebFilter$StaticUserFilter) to context scm
2021-04-28 01:09:25,983 [Listener at 0.0.0.0/36041] INFO  http.HttpServer2 (HttpServer2.java:addFilter(1004)) - Added filter static_user_filter (class=org.apache.hadoop.http.lib.StaticUserWebFilter$StaticUserFilter) to context logs
2021-04-28 01:09:25,983 [Listener at 0.0.0.0/36041] INFO  http.HttpServer2 (HttpServer2.java:addFilter(1004)) - Added filter static_user_filter (class=org.apache.hadoop.http.lib.StaticUserWebFilter$StaticUserFilter) to context static
2021-04-28 01:09:26,023 [Listener at 0.0.0.0/36041] INFO  http.HttpServer2 (HttpServer2.java:bindListener(1238)) - Jetty bound to port 34685
2021-04-28 01:09:26,025 [Listener at 0.0.0.0/36041] INFO  server.Server (Server.java:doStart(375)) - jetty-9.4.35.v20201120; built: 2020-11-20T21:17:03.964Z; git: bdc54f03a5e0a7e280fab27f55c3c75ee8da89fb; jvm 1.8.0_232-b09
2021-04-28 01:09:26,060 [Listener at 0.0.0.0/36041] INFO  server.session (DefaultSessionIdManager.java:doStart(334)) - DefaultSessionIdManager workerName=node0
2021-04-28 01:09:26,061 [Listener at 0.0.0.0/36041] INFO  server.session (DefaultSessionIdManager.java:doStart(339)) - No SessionScavenger set, using defaults
2021-04-28 01:09:26,062 [Listener at 0.0.0.0/36041] INFO  server.session (HouseKeeper.java:startScavenging(132)) - node0 Scavenging every 660000ms
2021-04-28 01:09:26,075 [Listener at 0.0.0.0/36041] INFO  handler.ContextHandler (ContextHandler.java:doStart(916)) - Started o.e.j.s.ServletContextHandler@163da72d{logs,/logs,file:///github/workspace/mnt/ozone/hadoop-ozone/integration-test/target/log,AVAILABLE}
2021-04-28 01:09:26,076 [Listener at 0.0.0.0/36041] INFO  handler.ContextHandler (ContextHandler.java:doStart(916)) - Started o.e.j.s.ServletContextHandler@737c05f7{static,/static,file:///github/workspace/mnt/ozone/hadoop-ozone/integration-test/target/test-classes/webapps/static,AVAILABLE}
2021-04-28 01:09:26,171 [Listener at 0.0.0.0/36041] INFO  handler.ContextHandler (ContextHandler.java:doStart(916)) - Started o.e.j.w.WebAppContext@33acbe6b{scm,/,file:///github/workspace/mnt/ozone/hadoop-ozone/integration-test/target/test-classes/webapps/scm/,AVAILABLE}{file:/github/workspace/mnt/ozone/hadoop-ozone/integration-test/target/test-classes/webapps/scm}
2021-04-28 01:09:26,179 [Listener at 0.0.0.0/36041] INFO  server.AbstractConnector (AbstractConnector.java:doStart(331)) - Started ServerConnector@2d3b6ec6{HTTP/1.1, (http/1.1)}{0.0.0.0:34685}
2021-04-28 01:09:26,180 [Listener at 0.0.0.0/36041] INFO  server.Server (Server.java:doStart(415)) - Started @3230ms
2021-04-28 01:09:26,182 [Listener at 0.0.0.0/36041] INFO  impl.MetricsSinkAdapter (MetricsSinkAdapter.java:start(204)) - Sink prometheus started
2021-04-28 01:09:26,182 [Listener at 0.0.0.0/36041] INFO  impl.MetricsSystemImpl (MetricsSystemImpl.java:registerSink(305)) - Registered sink prometheus
2021-04-28 01:09:26,186 [Listener at 0.0.0.0/36041] INFO  http.BaseHttpServer (BaseHttpServer.java:updateConnectorAddress(327)) - HTTP server of scm listening at http://0.0.0.0:34685
2021-04-28 01:09:26,187 [Listener at 0.0.0.0/36041] WARN  server.ServerUtils (ServerUtils.java:getDBPath(225)) - ozone.om.db.dirs is not configured. We recommend adding this setting. Falling back to ozone.metadata.dirs instead.
2021-04-28 01:09:26,282 [Listener at 0.0.0.0/36041] INFO  ha.OMHANodeDetails (OMHANodeDetails.java:loadOMHAConfig(105)) - ozone.om.internal.service.id is not defined, falling back to ozone.om.service.ids to find serviceID for OzoneManager if it is HA enabled cluster
2021-04-28 01:09:26,285 [Listener at 0.0.0.0/36041] INFO  ha.OMHANodeDetails (OMHANodeDetails.java:loadOMHAConfig(212)) - Configuration does not have ozone.om.address set. Falling back to the default OM address /127.0.0.1:0
2021-04-28 01:09:26,285 [Listener at 0.0.0.0/36041] INFO  ha.OMHANodeDetails (OMHANodeDetails.java:getOMNodeDetails(240)) - OM Service ID is not set. Setting it to the default ID: omServiceIdDefault
2021-04-28 01:09:26,285 [Listener at 0.0.0.0/36041] INFO  ha.OMHANodeDetails (OMHANodeDetails.java:getOMNodeDetails(247)) - OM Node ID is not set. Setting it to the default ID: om1
2021-04-28 01:09:26,287 [Listener at 0.0.0.0/36041] WARN  server.ServerUtils (ServerUtils.java:getDBPath(225)) - ozone.om.db.dirs is not configured. We recommend adding this setting. Falling back to ozone.metadata.dirs instead.
2021-04-28 01:09:26,288 [Listener at 0.0.0.0/36041] WARN  server.ServerUtils (ServerUtils.java:getDBPath(225)) - ozone.om.db.dirs is not configured. We recommend adding this setting. Falling back to ozone.metadata.dirs instead.
2021-04-28 01:09:26,966 [Listener at 0.0.0.0/36041] WARN  server.ServerUtils (ServerUtils.java:getDBPath(225)) - ozone.om.db.dirs is not configured. We recommend adding this setting. Falling back to ozone.metadata.dirs instead.
2021-04-28 01:09:26,972 [Listener at 0.0.0.0/36041] INFO  codec.OmKeyInfoCodec (OmKeyInfoCodec.java:<init>(43)) - OmKeyInfoCodec ignorePipeline = true
2021-04-28 01:09:26,973 [Listener at 0.0.0.0/36041] INFO  codec.RepeatedOmKeyInfoCodec (RepeatedOmKeyInfoCodec.java:<init>(42)) - RepeatedOmKeyInfoCodec ignorePipeline = true
2021-04-28 01:09:27,105 [Listener at 0.0.0.0/36041] INFO  om.OzoneManager (OzoneManager.java:addS3GVolumeToDB(3726)) - Created Volume s3v With Owner jenkins1001 required for S3Gateway operations.
2021-04-28 01:09:27,111 [Listener at 0.0.0.0/36041] WARN  server.ServerUtils (ServerUtils.java:getDefaultRatisDirectory(237)) - Storage directory for Ratis is not configured. It is a good idea to map this to an SSD disk. Falling back to ozone.metadata.dirs
2021-04-28 01:09:27,111 [Listener at 0.0.0.0/36041] WARN  ratis.OzoneManagerRatisServer (OzoneManagerRatisServer.java:getOMRatisSnapshotDirectory(634)) - ozone.om.ratis.snapshot.dir is not configured. Falling back to ozone.metadata.dirs config
2021-04-28 01:09:27,118 [Listener at 0.0.0.0/36041] INFO  metrics.MetricRegistries (MetricRegistriesLoader.java:load(64)) - Loaded MetricRegistries class org.apache.ratis.metrics.impl.MetricRegistriesImpl
2021-04-28 01:09:27,142 [Listener at 0.0.0.0/36041] WARN  server.ServerUtils (ServerUtils.java:getDefaultRatisDirectory(237)) - Storage directory for Ratis is not configured. It is a good idea to map this to an SSD disk. Falling back to ozone.metadata.dirs
2021-04-28 01:09:27,163 [Listener at 0.0.0.0/36041] INFO  ratis.OzoneManagerRatisServer (OzoneManagerRatisServer.java:<init>(288)) - Instantiating OM Ratis server with GroupID: omServiceIdDefault and Raft Peers: localhost:9872
2021-04-28 01:09:27,173 [Listener at 0.0.0.0/36041] INFO  ratis.OzoneManagerStateMachine (OzoneManagerStateMachine.java:loadSnapshotInfoFromDB(520)) - LastAppliedIndex is set from TransactionInfo from OM DB as (t:0, i:~)
2021-04-28 01:09:27,201 [Listener at 0.0.0.0/36041] INFO  server.RaftServer (ConfUtils.java:logGet(44)) - raft.rpc.type = GRPC (default)
2021-04-28 01:09:27,255 [Listener at 0.0.0.0/36041] INFO  grpc.GrpcFactory (GrpcFactory.java:checkPooledByteBufAllocatorUseCacheForAllThreads(48)) - PERFORMANCE WARNING: useCacheForAllThreads is true that may cause Netty to create a lot garbage objects and, as a result, trigger GC.
	It is recommended to disable useCacheForAllThreads by setting -Dorg.apache.ratis.thirdparty.io.netty.allocator.useCacheForAllThreads=false in command line.
2021-04-28 01:09:27,259 [Listener at 0.0.0.0/36041] INFO  grpc.GrpcConfigKeys (ConfUtils.java:logGet(44)) - raft.grpc.admin.port = -1 (default)
2021-04-28 01:09:27,260 [Listener at 0.0.0.0/36041] INFO  grpc.GrpcConfigKeys (ConfUtils.java:logGet(44)) - raft.grpc.server.port = 9872 (custom)
2021-04-28 01:09:27,260 [Listener at 0.0.0.0/36041] INFO  grpc.GrpcConfigKeys (ConfUtils.java:logGet(44)) - raft.grpc.client.port = -1 (default)
2021-04-28 01:09:27,260 [Listener at 0.0.0.0/36041] INFO  grpc.GrpcConfigKeys (ConfUtils.java:logGet(44)) - raft.grpc.server.port = 9872 (custom)
2021-04-28 01:09:27,260 [Listener at 0.0.0.0/36041] INFO  grpc.GrpcConfigKeys (ConfUtils.java:logGet(44)) - raft.grpc.server.port = 9872 (custom)
2021-04-28 01:09:27,261 [Listener at 0.0.0.0/36041] INFO  server.GrpcService (ConfUtils.java:logGet(44)) - raft.grpc.message.size.max = 33554432 (custom)
2021-04-28 01:09:27,262 [Listener at 0.0.0.0/36041] INFO  server.RaftServerConfigKeys (ConfUtils.java:logGet(44)) - raft.server.log.appender.buffer.byte-limit = 33554432 (custom)
2021-04-28 01:09:27,263 [Listener at 0.0.0.0/36041] INFO  server.GrpcService (ConfUtils.java:logGet(44)) - raft.grpc.flow.control.window = 1MB (=1048576) (default)
2021-04-28 01:09:27,263 [Listener at 0.0.0.0/36041] INFO  server.RaftServerConfigKeys (ConfUtils.java:logGet(44)) - raft.server.rpc.request.timeout = 3000ms (default)
2021-04-28 01:09:27,438 [Listener at 0.0.0.0/36041] INFO  impl.DataStreamServerImpl (ConfUtils.java:logGet(44)) - raft.datastream.type = DISABLED (default)
2021-04-28 01:09:27,440 [Listener at 0.0.0.0/36041] INFO  server.RaftServerConfigKeys (ConfUtils.java:logGet(44)) - raft.server.rpc.slowness.timeout = 120s (custom)
2021-04-28 01:09:27,440 [Listener at 0.0.0.0/36041] INFO  server.RaftServerConfigKeys (ConfUtils.java:logGet(44)) - raft.server.leaderelection.leader.step-down.wait-time = 10s (default)
2021-04-28 01:09:27,450 [Listener at 0.0.0.0/36041] INFO  server.RaftServerConfigKeys (ConfUtils.java:logGet(44)) - raft.server.storage.dir = [/github/workspace/mnt/ozone/hadoop-ozone/integration-test/target/test-dir/MiniOzoneClusterImpl-d7076e4a-bb1a-46d0-b0f9-1975ab90d2da/ozone-meta/ratis] (custom)
2021-04-28 01:09:27,456 [Listener at 0.0.0.0/36041] INFO  server.RaftServer (RaftServerProxy.java:addNew(95)) - om1: addNew group-C5BA1605619E:[om1|rpc:localhost:9872|priority:0] returns group-C5BA1605619E:java.util.concurrent.CompletableFuture@262b31b1[Not completed]
2021-04-28 01:09:27,456 [Listener at 0.0.0.0/36041] INFO  om.OzoneManager (OzoneManager.java:initializeRatisServer(1294)) - OzoneManager Ratis server initialized at port 9872
2021-04-28 01:09:27,472 [Listener at 0.0.0.0/36041] INFO  ipc.CallQueueManager (CallQueueManager.java:<init>(85)) - Using callQueue: class java.util.concurrent.LinkedBlockingQueue, queueCapacity: 2000, scheduler: class org.apache.hadoop.ipc.DefaultRpcScheduler, ipcBackoff: false.
2021-04-28 01:09:27,475 [pool-32-thread-1] INFO  server.RaftServer$Division (RaftServerImpl.java:<init>(180)) - om1: new RaftServerImpl for group-C5BA1605619E:[om1|rpc:localhost:9872|priority:0] with OzoneManagerStateMachine:uninitialized
2021-04-28 01:09:27,478 [pool-32-thread-1] INFO  server.RaftServerConfigKeys (ConfUtils.java:logGet(44)) - raft.server.rpc.timeout.min = 1s (custom)
2021-04-28 01:09:27,478 [pool-32-thread-1] INFO  server.RaftServerConfigKeys (ConfUtils.java:logGet(44)) - raft.server.rpc.timeout.max = 1200ms (custom)
2021-04-28 01:09:27,479 [pool-32-thread-1] INFO  server.RaftServerConfigKeys (ConfUtils.java:logGet(44)) - raft.server.rpc.sleep.time = 25ms (default)
2021-04-28 01:09:27,479 [pool-32-thread-1] INFO  server.RaftServerConfigKeys (ConfUtils.java:logGet(44)) - raft.server.rpc.slowness.timeout = 120s (custom)
2021-04-28 01:09:27,479 [pool-32-thread-1] INFO  server.RaftServerConfigKeys (ConfUtils.java:logGet(44)) - raft.server.leaderelection.leader.step-down.wait-time = 10s (default)
2021-04-28 01:09:27,479 [pool-32-thread-1] INFO  server.RaftServerConfigKeys (ConfUtils.java:logGet(44)) - raft.server.sleep.deviation.threshold = 300ms (default)
2021-04-28 01:09:27,479 [pool-32-thread-1] INFO  server.RaftServerConfigKeys (ConfUtils.java:logGet(44)) - raft.server.log.appender.install.snapshot.enabled = false (custom)
2021-04-28 01:09:27,484 [pool-32-thread-1] INFO  server.RaftServer$Division (ServerState.java:<init>(105)) - om1@group-C5BA1605619E: ConfigurationManager, init=-1: [om1|rpc:localhost:9872|priority:0], old=null, confs=<EMPTY_MAP>
2021-04-28 01:09:27,484 [pool-32-thread-1] INFO  server.RaftServerConfigKeys (ConfUtils.java:logGet(44)) - raft.server.storage.dir = [/github/workspace/mnt/ozone/hadoop-ozone/integration-test/target/test-dir/MiniOzoneClusterImpl-d7076e4a-bb1a-46d0-b0f9-1975ab90d2da/ozone-meta/ratis] (custom)
2021-04-28 01:09:27,485 [Socket Reader #1 for port 0] INFO  ipc.Server (Server.java:run(1255)) - Starting Socket Reader #1 for port 0
2021-04-28 01:09:27,488 [pool-32-thread-1] INFO  server.RaftServerConfigKeys (ConfUtils.java:logGet(44)) - raft.server.log.corruption.policy = EXCEPTION (default)
2021-04-28 01:09:27,490 [pool-32-thread-1] INFO  storage.RaftStorageDirectory (RaftStorageDirectoryImpl.java:analyzeStorage(132)) - The storage directory /github/workspace/mnt/ozone/hadoop-ozone/integration-test/target/test-dir/MiniOzoneClusterImpl-d7076e4a-bb1a-46d0-b0f9-1975ab90d2da/ozone-meta/ratis/bf265839-605b-3f16-9796-c5ba1605619e does not exist. Creating ...
2021-04-28 01:09:27,493 [pool-32-thread-1] INFO  storage.RaftStorageDirectory (RaftStorageDirectoryImpl.java:tryLock(215)) - Lock on /github/workspace/mnt/ozone/hadoop-ozone/integration-test/target/test-dir/MiniOzoneClusterImpl-d7076e4a-bb1a-46d0-b0f9-1975ab90d2da/ozone-meta/ratis/bf265839-605b-3f16-9796-c5ba1605619e/in_use.lock acquired by nodename 10892@c8a4b84cbf99
2021-04-28 01:09:27,499 [pool-32-thread-1] INFO  storage.RaftStorage (RaftStorageImpl.java:format(87)) - Storage directory /github/workspace/mnt/ozone/hadoop-ozone/integration-test/target/test-dir/MiniOzoneClusterImpl-d7076e4a-bb1a-46d0-b0f9-1975ab90d2da/ozone-meta/ratis/bf265839-605b-3f16-9796-c5ba1605619e has been successfully formatted.
2021-04-28 01:09:27,504 [pool-32-thread-1] INFO  server.RaftServerConfigKeys (ConfUtils.java:logGet(44)) - raft.server.notification.no-leader.timeout = 120s (custom)
2021-04-28 01:09:27,511 [pool-32-thread-1] INFO  server.RaftServerConfigKeys (ConfUtils.java:logGet(44)) - raft.server.log.use.memory = false (default)
2021-04-28 01:09:27,525 [pool-32-thread-1] INFO  server.RaftServerConfigKeys (ConfUtils.java:logGet(44)) - raft.server.log.purge.gap = 1000000 (custom)
2021-04-28 01:09:27,525 [pool-32-thread-1] INFO  server.RaftServerConfigKeys (ConfUtils.java:logGet(44)) - raft.server.log.appender.buffer.byte-limit = 33554432 (custom)
2021-04-28 01:09:27,529 [pool-32-thread-1] INFO  metrics.RatisMetrics (RatisMetrics.java:lambda$create$0(36)) - Creating Metrics Registry : ratis.log_worker.om1@group-C5BA1605619E
2021-04-28 01:09:27,536 [Listener at 127.0.0.1/36361] INFO  impl.MetricsSystemImpl (MetricsSystemImpl.java:init(158)) - OzoneManager metrics system started (again)
2021-04-28 01:09:27,537 [Listener at 127.0.0.1/36361] INFO  om.OzoneManager (OzoneManager.java:start(1104)) - OzoneManager RPC server is listening at localhost/127.0.0.1:36361
2021-04-28 01:09:27,537 [Listener at 127.0.0.1/36361] INFO  ratis.OzoneManagerRatisServer (OzoneManagerRatisServer.java:start(388)) - Starting OzoneManagerRatisServer om1 at port 9872
2021-04-28 01:09:27,544 [pool-32-thread-1] INFO  server.RaftServerConfigKeys (ConfUtils.java:logGet(44)) - raft.server.log.segment.size.max = 4194304 (custom)
2021-04-28 01:09:27,551 [pool-32-thread-1] INFO  server.RaftServerConfigKeys (ConfUtils.java:logGet(44)) - raft.server.log.segment.cache.num.max = 2 (custom)
2021-04-28 01:09:27,552 [pool-32-thread-1] INFO  server.RaftServerConfigKeys (ConfUtils.java:logGet(44)) - raft.server.log.segment.cache.size.max = 200MB (=209715200) (default)
2021-04-28 01:09:27,557 [pool-32-thread-1] INFO  segmented.SegmentedRaftLogWorker (SegmentedRaftLogWorker.java:<init>(182)) - new om1@group-C5BA1605619E-SegmentedRaftLogWorker for RaftStorageImpl:Storage Directory /github/workspace/mnt/ozone/hadoop-ozone/integration-test/target/test-dir/MiniOzoneClusterImpl-d7076e4a-bb1a-46d0-b0f9-1975ab90d2da/ozone-meta/ratis/bf265839-605b-3f16-9796-c5ba1605619e
2021-04-28 01:09:27,557 [pool-32-thread-1] INFO  server.RaftServerConfigKeys (ConfUtils.java:logGet(44)) - raft.server.log.queue.byte-limit = 64MB (=67108864) (default)
2021-04-28 01:09:27,557 [pool-32-thread-1] INFO  server.RaftServerConfigKeys (ConfUtils.java:logGet(44)) - raft.server.log.queue.element-limit = 4096 (default)
2021-04-28 01:09:27,558 [pool-32-thread-1] INFO  server.RaftServerConfigKeys (ConfUtils.java:logGet(44)) - raft.server.log.segment.size.max = 4194304 (custom)
2021-04-28 01:09:27,559 [pool-32-thread-1] INFO  server.RaftServerConfigKeys (ConfUtils.java:logGet(44)) - raft.server.log.preallocated.size = 4194304 (custom)
2021-04-28 01:09:27,559 [pool-32-thread-1] INFO  server.RaftServerConfigKeys (ConfUtils.java:logGet(44)) - raft.server.log.force.sync.num = 128 (default)
2021-04-28 01:09:27,560 [pool-32-thread-1] INFO  server.RaftServerConfigKeys (ConfUtils.java:logGet(44)) - raft.server.log.statemachine.data.sync = true (default)
2021-04-28 01:09:27,560 [pool-32-thread-1] INFO  server.RaftServerConfigKeys (ConfUtils.java:logGet(44)) - raft.server.log.statemachine.data.sync.timeout = 10s (default)
2021-04-28 01:09:27,561 [pool-32-thread-1] INFO  server.RaftServerConfigKeys (ConfUtils.java:logGet(44)) - raft.server.log.statemachine.data.sync.timeout.retry = -1 (default)
2021-04-28 01:09:27,568 [pool-32-thread-1] INFO  server.RaftServerConfigKeys (ConfUtils.java:logGet(44)) - raft.server.log.write.buffer.size = 64KB (=65536) (default)
2021-04-28 01:09:27,569 [pool-32-thread-1] INFO  server.RaftServerConfigKeys (ConfUtils.java:logGet(44)) - raft.server.log.statemachine.data.caching.enabled = false (default)
2021-04-28 01:09:27,578 [pool-32-thread-1] INFO  segmented.SegmentedRaftLogWorker (SegmentedRaftLogWorker.java:lambda$new$0(133)) - om1@group-C5BA1605619E-SegmentedRaftLogWorker: flushIndex: setUnconditionally 0 -> -1
2021-04-28 01:09:27,578 [pool-32-thread-1] INFO  segmented.SegmentedRaftLogWorker (SegmentedRaftLogWorker.java:lambda$new$0(133)) - om1@group-C5BA1605619E-SegmentedRaftLogWorker: safeCacheEvictIndex: setUnconditionally 0 -> -1
2021-04-28 01:09:27,581 [pool-32-thread-1] INFO  server.RaftServerConfigKeys (ConfUtils.java:logGet(44)) - raft.server.snapshot.auto.trigger.enabled = true (custom)
2021-04-28 01:09:27,582 [pool-32-thread-1] INFO  server.RaftServerConfigKeys (ConfUtils.java:logGet(44)) - raft.server.snapshot.auto.trigger.threshold = 400000 (default)
2021-04-28 01:09:27,582 [pool-32-thread-1] INFO  server.RaftServerConfigKeys (ConfUtils.java:logGet(44)) - raft.server.snapshot.retention.file.num = -1 (default)
2021-04-28 01:09:27,583 [pool-32-thread-1] INFO  server.RaftServerConfigKeys (ConfUtils.java:logGet(44)) - raft.server.log.purge.upto.snapshot.index = true (custom)
2021-04-28 01:09:27,584 [pool-32-thread-1] INFO  server.RaftServerConfigKeys (ConfUtils.java:logGet(44)) - raft.server.retrycache.expirytime = 300s (custom)
2021-04-28 01:09:27,584 [pool-32-thread-1] INFO  server.RaftServerConfigKeys (ConfUtils.java:logGet(44)) - raft.server.retrycache.statistics.expirytime = 100?s (default)
2021-04-28 01:09:27,602 [pool-32-thread-1] INFO  metrics.RatisMetrics (RatisMetrics.java:lambda$create$0(36)) - Creating Metrics Registry : ratis.leader_election.om1@group-C5BA1605619E
2021-04-28 01:09:27,605 [pool-32-thread-1] INFO  metrics.RatisMetrics (RatisMetrics.java:lambda$create$0(36)) - Creating Metrics Registry : ratis.server.om1@group-C5BA1605619E
2021-04-28 01:09:27,610 [Listener at 127.0.0.1/36361] INFO  server.RaftServer$Division (RaftServerImpl.java:start(295)) - om1@group-C5BA1605619E: start as a follower, conf=-1: [om1|rpc:localhost:9872|priority:0], old=null
2021-04-28 01:09:27,612 [Listener at 127.0.0.1/36361] INFO  server.RaftServer$Division (RaftServerImpl.java:setRole(284)) - om1@group-C5BA1605619E: changes role from      null to FOLLOWER at term 0 for startAsFollower
2021-04-28 01:09:27,613 [Listener at 127.0.0.1/36361] INFO  impl.RoleInfo (RoleInfo.java:updateAndGet(130)) - om1: start om1@group-C5BA1605619E-FollowerState
2021-04-28 01:09:27,614 [Listener at 127.0.0.1/36361] INFO  util.JmxRegister (JmxRegister.java:tryRegister(44)) - Successfully registered JMX Bean with object name Ratis:service=RaftServer,group=group-C5BA1605619E,id=om1
2021-04-28 01:09:27,615 [Listener at 127.0.0.1/36361] INFO  metrics.RatisMetrics (RatisMetrics.java:lambda$create$0(36)) - Creating Metrics Registry : ratis.state_machine.om1@group-C5BA1605619E
2021-04-28 01:09:27,621 [Listener at 127.0.0.1/36361] INFO  server.RaftServer (RaftServerProxy.java:lambda$start$5(374)) - om1: start RPC server
2021-04-28 01:09:27,663 [Listener at 127.0.0.1/36361] INFO  server.GrpcService (GrpcService.java:startImpl(253)) - om1: GrpcService started, listening on 9872
2021-04-28 01:09:27,666 [org.apache.ratis.util.JvmPauseMonitor$$Lambda$504/1823345790@393684ae] INFO  util.JvmPauseMonitor (JvmPauseMonitor.java:run(103)) - JvmPauseMonitor-om1: Started
2021-04-28 01:09:27,676 [Listener at 127.0.0.1/36361] INFO  http.BaseHttpServer (BaseHttpServer.java:newHttpServer2BuilderForOzone(207)) - Starting Web-server for ozoneManager at: http://0.0.0.0:0
2021-04-28 01:09:27,677 [Listener at 127.0.0.1/36361] INFO  http.BaseHttpServer (BaseHttpServer.java:<init>(106)) - Hadoop Security Enabled: false Ozone Security Enabled: false Ozone HTTP Security Enabled: false 
2021-04-28 01:09:27,678 [Listener at 127.0.0.1/36361] INFO  server.AuthenticationFilter (AuthenticationFilter.java:constructSecretProvider(240)) - Unable to initialize FileSignerSecretProvider, falling back to use random secrets.
2021-04-28 01:09:27,689 [Listener at 127.0.0.1/36361] WARN  http.HttpRequestLog (HttpRequestLog.java:getRequestLog(103)) - Jetty request log can only be enabled using Log4j
2021-04-28 01:09:27,690 [Listener at 127.0.0.1/36361] INFO  http.HttpServer2 (HttpServer2.java:addGlobalFilter(1020)) - Added global filter 'safety' (class=org.apache.hadoop.hdds.server.http.HttpServer2$QuotingInputFilter)
2021-04-28 01:09:27,691 [Listener at 127.0.0.1/36361] INFO  http.HttpServer2 (HttpServer2.java:addFilter(996)) - Added filter static_user_filter (class=org.apache.hadoop.http.lib.StaticUserWebFilter$StaticUserFilter) to context ozoneManager
2021-04-28 01:09:27,692 [Listener at 127.0.0.1/36361] INFO  http.HttpServer2 (HttpServer2.java:addFilter(1004)) - Added filter static_user_filter (class=org.apache.hadoop.http.lib.StaticUserWebFilter$StaticUserFilter) to context logs
2021-04-28 01:09:27,692 [Listener at 127.0.0.1/36361] INFO  http.HttpServer2 (HttpServer2.java:addFilter(1004)) - Added filter static_user_filter (class=org.apache.hadoop.http.lib.StaticUserWebFilter$StaticUserFilter) to context static
2021-04-28 01:09:27,694 [Listener at 127.0.0.1/36361] INFO  http.HttpServer2 (HttpServer2.java:bindListener(1238)) - Jetty bound to port 43881
2021-04-28 01:09:27,694 [Listener at 127.0.0.1/36361] INFO  server.Server (Server.java:doStart(375)) - jetty-9.4.35.v20201120; built: 2020-11-20T21:17:03.964Z; git: bdc54f03a5e0a7e280fab27f55c3c75ee8da89fb; jvm 1.8.0_232-b09
2021-04-28 01:09:27,698 [Listener at 127.0.0.1/36361] INFO  server.session (DefaultSessionIdManager.java:doStart(334)) - DefaultSessionIdManager workerName=node0
2021-04-28 01:09:27,699 [Listener at 127.0.0.1/36361] INFO  server.session (DefaultSessionIdManager.java:doStart(339)) - No SessionScavenger set, using defaults
2021-04-28 01:09:27,699 [Listener at 127.0.0.1/36361] INFO  server.session (HouseKeeper.java:startScavenging(132)) - node0 Scavenging every 600000ms
2021-04-28 01:09:27,699 [Listener at 127.0.0.1/36361] INFO  handler.ContextHandler (ContextHandler.java:doStart(916)) - Started o.e.j.s.ServletContextHandler@1cdf8828{logs,/logs,file:///github/workspace/mnt/ozone/hadoop-ozone/integration-test/target/log,AVAILABLE}
2021-04-28 01:09:27,700 [Listener at 127.0.0.1/36361] INFO  handler.ContextHandler (ContextHandler.java:doStart(916)) - Started o.e.j.s.ServletContextHandler@ca7d86b{static,/static,file:///github/workspace/mnt/ozone/hadoop-ozone/integration-test/target/test-classes/webapps/static,AVAILABLE}
2021-04-28 01:09:27,703 [Listener at 127.0.0.1/36361] INFO  handler.ContextHandler (ContextHandler.java:doStart(916)) - Started o.e.j.w.WebAppContext@503ace68{ozoneManager,/,file:///github/workspace/mnt/ozone/hadoop-ozone/integration-test/target/test-classes/webapps/ozoneManager/,AVAILABLE}{file:/github/workspace/mnt/ozone/hadoop-ozone/integration-test/target/test-classes/webapps/ozoneManager}
2021-04-28 01:09:27,705 [Listener at 127.0.0.1/36361] INFO  server.AbstractConnector (AbstractConnector.java:doStart(331)) - Started ServerConnector@649096dc{HTTP/1.1, (http/1.1)}{0.0.0.0:43881}
2021-04-28 01:09:27,705 [Listener at 127.0.0.1/36361] INFO  server.Server (Server.java:doStart(415)) - Started @4756ms
2021-04-28 01:09:27,705 [Listener at 127.0.0.1/36361] WARN  impl.MetricsSystemImpl (MetricsSystemImpl.java:register(279)) - Sink prometheus already exists!
2021-04-28 01:09:27,709 [Listener at 127.0.0.1/36361] INFO  http.BaseHttpServer (BaseHttpServer.java:updateConnectorAddress(327)) - HTTP server of ozoneManager listening at http://0.0.0.0:43881
2021-04-28 01:09:27,709 [IPC Server Responder] INFO  ipc.Server (Server.java:run(1497)) - IPC Server Responder: starting
2021-04-28 01:09:27,709 [IPC Server listener on 0] INFO  ipc.Server (Server.java:run(1334)) - IPC Server listener on 0: starting
2021-04-28 01:09:27,714 [Listener at 127.0.0.1/36361] INFO  om.OzoneManager (OzoneManager.java:startTrashEmptier(1234)) - Trash Interval set to 0. Files deleted will not move to trash
2021-04-28 01:09:27,729 [org.apache.hadoop.util.JvmPauseMonitor$Monitor@2eb47951] INFO  util.JvmPauseMonitor (JvmPauseMonitor.java:run(188)) - Starting JVM pause monitor
2021-04-28 01:09:27,880 [Listener at 127.0.0.1/36361] INFO  impl.MetricsSystemImpl (MetricsSystemImpl.java:init(158)) - HddsDatanode metrics system started (again)
2021-04-28 01:09:27,884 [Listener at 127.0.0.1/36361] INFO  ozone.HddsDatanodeService (HddsDatanodeService.java:start(217)) - HddsDatanodeService host:c8a4b84cbf99 ip:172.17.0.2
2021-04-28 01:09:27,935 [Listener at 127.0.0.1/36361] INFO  volume.HddsVolume (HddsVolume.java:<init>(176)) - Creating Volume: /github/workspace/mnt/ozone/hadoop-ozone/integration-test/target/test-dir/MiniOzoneClusterImpl-d7076e4a-bb1a-46d0-b0f9-1975ab90d2da/datanode-0/data-0/containers/hdds of storage type : DISK and capacity : 9223372036854775807
2021-04-28 01:09:27,937 [Listener at 127.0.0.1/36361] INFO  volume.MutableVolumeSet (MutableVolumeSet.java:initializeVolumeSet(191)) - Added Volume : /github/workspace/mnt/ozone/hadoop-ozone/integration-test/target/test-dir/MiniOzoneClusterImpl-d7076e4a-bb1a-46d0-b0f9-1975ab90d2da/datanode-0/data-0/containers/hdds to VolumeSet
2021-04-28 01:09:27,938 [Listener at 127.0.0.1/36361] INFO  volume.ThrottledAsyncChecker (ThrottledAsyncChecker.java:schedule(141)) - Scheduling a check for /github/workspace/mnt/ozone/hadoop-ozone/integration-test/target/test-dir/MiniOzoneClusterImpl-d7076e4a-bb1a-46d0-b0f9-1975ab90d2da/datanode-0/data-0/containers/hdds
2021-04-28 01:09:27,958 [Listener at 127.0.0.1/36361] INFO  volume.HddsVolumeChecker (HddsVolumeChecker.java:checkAllVolumes(200)) - Scheduled health check for volume /github/workspace/mnt/ozone/hadoop-ozone/integration-test/target/test-dir/MiniOzoneClusterImpl-d7076e4a-bb1a-46d0-b0f9-1975ab90d2da/datanode-0/data-0/containers/hdds
2021-04-28 01:09:27,979 [Listener at 127.0.0.1/36361] INFO  ozoneimpl.ContainerReader (ContainerReader.java:<init>(98)) - Running in upgrade mode:true
2021-04-28 01:09:27,982 [Thread-127] INFO  ozoneimpl.ContainerReader (ContainerReader.java:readVolume(142)) - Start to verify containers on volume /github/workspace/mnt/ozone/hadoop-ozone/integration-test/target/test-dir/MiniOzoneClusterImpl-d7076e4a-bb1a-46d0-b0f9-1975ab90d2da/datanode-0/data-0/containers/hdds
2021-04-28 01:09:27,982 [Thread-127] INFO  ozoneimpl.ContainerReader (ContainerReader.java:readVolume(174)) - Finish verifying containers on volume /github/workspace/mnt/ozone/hadoop-ozone/integration-test/target/test-dir/MiniOzoneClusterImpl-d7076e4a-bb1a-46d0-b0f9-1975ab90d2da/datanode-0/data-0/containers/hdds
2021-04-28 01:09:27,982 [Listener at 127.0.0.1/36361] INFO  ozoneimpl.OzoneContainer (OzoneContainer.java:buildContainerSet(225)) - Build ContainerSet costs 0s
2021-04-28 01:09:28,036 [Listener at 127.0.0.1/36361] INFO  server.RaftServer (ConfUtils.java:logGet(44)) - raft.rpc.type = GRPC (default)
2021-04-28 01:09:28,037 [Listener at 127.0.0.1/36361] INFO  grpc.GrpcFactory (GrpcFactory.java:checkPooledByteBufAllocatorUseCacheForAllThreads(48)) - PERFORMANCE WARNING: useCacheForAllThreads is true that may cause Netty to create a lot garbage objects and, as a result, trigger GC.
	It is recommended to disable useCacheForAllThreads by setting -Dorg.apache.ratis.thirdparty.io.netty.allocator.useCacheForAllThreads=false in command line.
2021-04-28 01:09:28,037 [Listener at 127.0.0.1/36361] INFO  grpc.GrpcConfigKeys (ConfUtils.java:logGet(44)) - raft.grpc.admin.port = 0 (custom)
2021-04-28 01:09:28,037 [Listener at 127.0.0.1/36361] INFO  grpc.GrpcConfigKeys (ConfUtils.java:logGet(44)) - raft.grpc.client.port = 0 (custom)
2021-04-28 01:09:28,037 [Listener at 127.0.0.1/36361] INFO  grpc.GrpcConfigKeys (ConfUtils.java:logGet(44)) - raft.grpc.server.port = 0 (default)
2021-04-28 01:09:28,037 [Listener at 127.0.0.1/36361] INFO  server.GrpcService (ConfUtils.java:logGet(44)) - raft.grpc.message.size.max = 32MB (=33554432) (custom)
2021-04-28 01:09:28,038 [Listener at 127.0.0.1/36361] INFO  server.RaftServerConfigKeys (ConfUtils.java:logGet(44)) - raft.server.log.appender.buffer.byte-limit = 33554432 (custom)
2021-04-28 01:09:28,038 [Listener at 127.0.0.1/36361] INFO  server.GrpcService (ConfUtils.java:logGet(44)) - raft.grpc.flow.control.window = 5MB (=5242880) (custom)
2021-04-28 01:09:28,038 [Listener at 127.0.0.1/36361] INFO  server.RaftServerConfigKeys (ConfUtils.java:logGet(44)) - raft.server.rpc.request.timeout = 3000ms (default)
2021-04-28 01:09:28,039 [Listener at 127.0.0.1/36361] INFO  impl.DataStreamServerImpl (ConfUtils.java:logGet(44)) - raft.datastream.type = DISABLED (default)
2021-04-28 01:09:28,040 [Listener at 127.0.0.1/36361] INFO  server.RaftServerConfigKeys (ConfUtils.java:logGet(44)) - raft.server.rpc.slowness.timeout = 300000ms (custom)
2021-04-28 01:09:28,040 [Listener at 127.0.0.1/36361] INFO  server.RaftServerConfigKeys (ConfUtils.java:logGet(44)) - raft.server.leaderelection.leader.step-down.wait-time = 10s (default)
2021-04-28 01:09:28,040 [Listener at 127.0.0.1/36361] INFO  server.RaftServerConfigKeys (ConfUtils.java:logGet(44)) - raft.server.storage.dir = [/github/workspace/mnt/ozone/hadoop-ozone/integration-test/target/test-dir/MiniOzoneClusterImpl-d7076e4a-bb1a-46d0-b0f9-1975ab90d2da/datanode-0/data/ratis] (custom)
2021-04-28 01:09:28,096 [Listener at 127.0.0.1/36361] INFO  http.BaseHttpServer (BaseHttpServer.java:newHttpServer2BuilderForOzone(207)) - Starting Web-server for hddsDatanode at: http://0.0.0.0:0
2021-04-28 01:09:28,097 [Listener at 127.0.0.1/36361] INFO  http.BaseHttpServer (BaseHttpServer.java:<init>(106)) - Hadoop Security Enabled: false Ozone Security Enabled: false Ozone HTTP Security Enabled: false 
2021-04-28 01:09:28,098 [Listener at 127.0.0.1/36361] INFO  server.AuthenticationFilter (AuthenticationFilter.java:constructSecretProvider(240)) - Unable to initialize FileSignerSecretProvider, falling back to use random secrets.
2021-04-28 01:09:28,099 [Listener at 127.0.0.1/36361] WARN  http.HttpRequestLog (HttpRequestLog.java:getRequestLog(103)) - Jetty request log can only be enabled using Log4j
2021-04-28 01:09:28,100 [Listener at 127.0.0.1/36361] INFO  http.HttpServer2 (HttpServer2.java:addGlobalFilter(1020)) - Added global filter 'safety' (class=org.apache.hadoop.hdds.server.http.HttpServer2$QuotingInputFilter)
2021-04-28 01:09:28,100 [Listener at 127.0.0.1/36361] INFO  http.HttpServer2 (HttpServer2.java:addFilter(996)) - Added filter static_user_filter (class=org.apache.hadoop.http.lib.StaticUserWebFilter$StaticUserFilter) to context hddsDatanode
2021-04-28 01:09:28,101 [Listener at 127.0.0.1/36361] INFO  http.HttpServer2 (HttpServer2.java:addFilter(1004)) - Added filter static_user_filter (class=org.apache.hadoop.http.lib.StaticUserWebFilter$StaticUserFilter) to context logs
2021-04-28 01:09:28,101 [Listener at 127.0.0.1/36361] INFO  http.HttpServer2 (HttpServer2.java:addFilter(1004)) - Added filter static_user_filter (class=org.apache.hadoop.http.lib.StaticUserWebFilter$StaticUserFilter) to context static
2021-04-28 01:09:28,101 [Listener at 127.0.0.1/36361] INFO  http.HttpServer2 (HttpServer2.java:bindListener(1238)) - Jetty bound to port 45117
2021-04-28 01:09:28,101 [Listener at 127.0.0.1/36361] INFO  server.Server (Server.java:doStart(375)) - jetty-9.4.35.v20201120; built: 2020-11-20T21:17:03.964Z; git: bdc54f03a5e0a7e280fab27f55c3c75ee8da89fb; jvm 1.8.0_232-b09
2021-04-28 01:09:28,110 [Listener at 127.0.0.1/36361] INFO  server.session (DefaultSessionIdManager.java:doStart(334)) - DefaultSessionIdManager workerName=node0
2021-04-28 01:09:28,110 [Listener at 127.0.0.1/36361] INFO  server.session (DefaultSessionIdManager.java:doStart(339)) - No SessionScavenger set, using defaults
2021-04-28 01:09:28,110 [Listener at 127.0.0.1/36361] INFO  server.session (HouseKeeper.java:startScavenging(132)) - node0 Scavenging every 660000ms
2021-04-28 01:09:28,111 [Listener at 127.0.0.1/36361] INFO  handler.ContextHandler (ContextHandler.java:doStart(916)) - Started o.e.j.s.ServletContextHandler@702eb56b{logs,/logs,file:///github/workspace/mnt/ozone/hadoop-ozone/integration-test/target/log,AVAILABLE}
2021-04-28 01:09:28,111 [Listener at 127.0.0.1/36361] INFO  handler.ContextHandler (ContextHandler.java:doStart(916)) - Started o.e.j.s.ServletContextHandler@6cd16dae{static,/static,jar:file:/home/user/.m2/repository/org/apache/hadoop/hadoop-hdds-container-service/1.2.0-SNAPSHOT/hadoop-hdds-container-service-1.2.0-SNAPSHOT.jar!/webapps/static,AVAILABLE}
2021-04-28 01:09:28,270 [Listener at 127.0.0.1/36361] INFO  handler.ContextHandler (ContextHandler.java:doStart(916)) - Started o.e.j.w.WebAppContext@42af80fa{hddsDatanode,/,file:///tmp/jetty-0_0_0_0-45117-hadoop-hdds-container-service-1_2_0-SNAPSHOT_jar-_-any-5840854255081685491/webapp/,AVAILABLE}{jar:file:/home/user/.m2/repository/org/apache/hadoop/hadoop-hdds-container-service/1.2.0-SNAPSHOT/hadoop-hdds-container-service-1.2.0-SNAPSHOT.jar!/webapps/hddsDatanode}
2021-04-28 01:09:28,273 [Listener at 127.0.0.1/36361] INFO  server.AbstractConnector (AbstractConnector.java:doStart(331)) - Started ServerConnector@53fa9dc0{HTTP/1.1, (http/1.1)}{0.0.0.0:45117}
2021-04-28 01:09:28,274 [Listener at 127.0.0.1/36361] INFO  server.Server (Server.java:doStart(415)) - Started @5324ms
2021-04-28 01:09:28,274 [Listener at 127.0.0.1/36361] WARN  impl.MetricsSystemImpl (MetricsSystemImpl.java:register(279)) - Sink prometheus already exists!
2021-04-28 01:09:28,277 [Listener at 127.0.0.1/36361] INFO  http.BaseHttpServer (BaseHttpServer.java:updateConnectorAddress(327)) - HTTP server of hddsDatanode listening at http://0.0.0.0:45117
2021-04-28 01:09:28,278 [Listener at 127.0.0.1/36361] INFO  impl.MetricsSystemImpl (MetricsSystemImpl.java:init(158)) - HddsDatanode metrics system started (again)
2021-04-28 01:09:28,279 [Listener at 127.0.0.1/36361] INFO  ozone.HddsDatanodeService (HddsDatanodeService.java:start(217)) - HddsDatanodeService host:c8a4b84cbf99 ip:172.17.0.2
2021-04-28 01:09:28,282 [Listener at 127.0.0.1/36361] INFO  volume.HddsVolume (HddsVolume.java:<init>(176)) - Creating Volume: /github/workspace/mnt/ozone/hadoop-ozone/integration-test/target/test-dir/MiniOzoneClusterImpl-d7076e4a-bb1a-46d0-b0f9-1975ab90d2da/datanode-1/data-0/containers/hdds of storage type : DISK and capacity : 9223372036854775807
2021-04-28 01:09:28,283 [Listener at 127.0.0.1/36361] INFO  volume.MutableVolumeSet (MutableVolumeSet.java:initializeVolumeSet(191)) - Added Volume : /github/workspace/mnt/ozone/hadoop-ozone/integration-test/target/test-dir/MiniOzoneClusterImpl-d7076e4a-bb1a-46d0-b0f9-1975ab90d2da/datanode-1/data-0/containers/hdds to VolumeSet
2021-04-28 01:09:28,283 [Listener at 127.0.0.1/36361] INFO  volume.ThrottledAsyncChecker (ThrottledAsyncChecker.java:schedule(141)) - Scheduling a check for /github/workspace/mnt/ozone/hadoop-ozone/integration-test/target/test-dir/MiniOzoneClusterImpl-d7076e4a-bb1a-46d0-b0f9-1975ab90d2da/datanode-1/data-0/containers/hdds
2021-04-28 01:09:28,283 [Listener at 127.0.0.1/36361] INFO  volume.HddsVolumeChecker (HddsVolumeChecker.java:checkAllVolumes(200)) - Scheduled health check for volume /github/workspace/mnt/ozone/hadoop-ozone/integration-test/target/test-dir/MiniOzoneClusterImpl-d7076e4a-bb1a-46d0-b0f9-1975ab90d2da/datanode-1/data-0/containers/hdds
2021-04-28 01:09:28,298 [Listener at 127.0.0.1/36361] INFO  ozoneimpl.ContainerReader (ContainerReader.java:<init>(98)) - Running in upgrade mode:true
2021-04-28 01:09:28,303 [org.apache.hadoop.util.JvmPauseMonitor$Monitor@477d9dba] INFO  util.JvmPauseMonitor (JvmPauseMonitor.java:run(188)) - Starting JVM pause monitor
2021-04-28 01:09:28,308 [Thread-136] INFO  ozoneimpl.ContainerReader (ContainerReader.java:readVolume(142)) - Start to verify containers on volume /github/workspace/mnt/ozone/hadoop-ozone/integration-test/target/test-dir/MiniOzoneClusterImpl-d7076e4a-bb1a-46d0-b0f9-1975ab90d2da/datanode-1/data-0/containers/hdds
2021-04-28 01:09:28,311 [Thread-136] INFO  ozoneimpl.ContainerReader (ContainerReader.java:readVolume(174)) - Finish verifying containers on volume /github/workspace/mnt/ozone/hadoop-ozone/integration-test/target/test-dir/MiniOzoneClusterImpl-d7076e4a-bb1a-46d0-b0f9-1975ab90d2da/datanode-1/data-0/containers/hdds
2021-04-28 01:09:28,311 [Listener at 127.0.0.1/36361] INFO  ozoneimpl.OzoneContainer (OzoneContainer.java:buildContainerSet(225)) - Build ContainerSet costs 0s
2021-04-28 01:09:28,314 [Listener at 127.0.0.1/36361] INFO  server.RaftServer (ConfUtils.java:logGet(44)) - raft.rpc.type = GRPC (default)
2021-04-28 01:09:28,314 [Listener at 127.0.0.1/36361] INFO  grpc.GrpcFactory (GrpcFactory.java:checkPooledByteBufAllocatorUseCacheForAllThreads(48)) - PERFORMANCE WARNING: useCacheForAllThreads is true that may cause Netty to create a lot garbage objects and, as a result, trigger GC.
	It is recommended to disable useCacheForAllThreads by setting -Dorg.apache.ratis.thirdparty.io.netty.allocator.useCacheForAllThreads=false in command line.
2021-04-28 01:09:28,315 [Listener at 127.0.0.1/36361] INFO  grpc.GrpcConfigKeys (ConfUtils.java:logGet(44)) - raft.grpc.admin.port = 0 (custom)
2021-04-28 01:09:28,315 [Listener at 127.0.0.1/36361] INFO  grpc.GrpcConfigKeys (ConfUtils.java:logGet(44)) - raft.grpc.client.port = 0 (custom)
2021-04-28 01:09:28,315 [Listener at 127.0.0.1/36361] INFO  grpc.GrpcConfigKeys (ConfUtils.java:logGet(44)) - raft.grpc.server.port = 0 (default)
2021-04-28 01:09:28,315 [Listener at 127.0.0.1/36361] INFO  server.GrpcService (ConfUtils.java:logGet(44)) - raft.grpc.message.size.max = 32MB (=33554432) (custom)
2021-04-28 01:09:28,315 [Listener at 127.0.0.1/36361] INFO  server.RaftServerConfigKeys (ConfUtils.java:logGet(44)) - raft.server.log.appender.buffer.byte-limit = 33554432 (custom)
2021-04-28 01:09:28,315 [Listener at 127.0.0.1/36361] INFO  server.GrpcService (ConfUtils.java:logGet(44)) - raft.grpc.flow.control.window = 5MB (=5242880) (custom)
2021-04-28 01:09:28,315 [Listener at 127.0.0.1/36361] INFO  server.RaftServerConfigKeys (ConfUtils.java:logGet(44)) - raft.server.rpc.request.timeout = 3000ms (default)
2021-04-28 01:09:28,316 [Listener at 127.0.0.1/36361] INFO  impl.DataStreamServerImpl (ConfUtils.java:logGet(44)) - raft.datastream.type = DISABLED (default)
2021-04-28 01:09:28,317 [Listener at 127.0.0.1/36361] INFO  server.RaftServerConfigKeys (ConfUtils.java:logGet(44)) - raft.server.rpc.slowness.timeout = 300000ms (custom)
2021-04-28 01:09:28,317 [Listener at 127.0.0.1/36361] INFO  server.RaftServerConfigKeys (ConfUtils.java:logGet(44)) - raft.server.leaderelection.leader.step-down.wait-time = 10s (default)
2021-04-28 01:09:28,317 [Listener at 127.0.0.1/36361] INFO  server.RaftServerConfigKeys (ConfUtils.java:logGet(44)) - raft.server.storage.dir = [/github/workspace/mnt/ozone/hadoop-ozone/integration-test/target/test-dir/MiniOzoneClusterImpl-d7076e4a-bb1a-46d0-b0f9-1975ab90d2da/datanode-1/data/ratis] (custom)
2021-04-28 01:09:28,352 [Listener at 127.0.0.1/36361] INFO  http.BaseHttpServer (BaseHttpServer.java:newHttpServer2BuilderForOzone(207)) - Starting Web-server for hddsDatanode at: http://0.0.0.0:0
2021-04-28 01:09:28,352 [Listener at 127.0.0.1/36361] INFO  http.BaseHttpServer (BaseHttpServer.java:<init>(106)) - Hadoop Security Enabled: false Ozone Security Enabled: false Ozone HTTP Security Enabled: false 
2021-04-28 01:09:28,354 [Listener at 127.0.0.1/36361] INFO  server.AuthenticationFilter (AuthenticationFilter.java:constructSecretProvider(240)) - Unable to initialize FileSignerSecretProvider, falling back to use random secrets.
2021-04-28 01:09:28,354 [Listener at 127.0.0.1/36361] WARN  http.HttpRequestLog (HttpRequestLog.java:getRequestLog(103)) - Jetty request log can only be enabled using Log4j
2021-04-28 01:09:28,355 [Listener at 127.0.0.1/36361] INFO  http.HttpServer2 (HttpServer2.java:addGlobalFilter(1020)) - Added global filter 'safety' (class=org.apache.hadoop.hdds.server.http.HttpServer2$QuotingInputFilter)
2021-04-28 01:09:28,356 [Listener at 127.0.0.1/36361] INFO  http.HttpServer2 (HttpServer2.java:addFilter(996)) - Added filter static_user_filter (class=org.apache.hadoop.http.lib.StaticUserWebFilter$StaticUserFilter) to context hddsDatanode
2021-04-28 01:09:28,356 [Listener at 127.0.0.1/36361] INFO  http.HttpServer2 (HttpServer2.java:addFilter(1004)) - Added filter static_user_filter (class=org.apache.hadoop.http.lib.StaticUserWebFilter$StaticUserFilter) to context static
2021-04-28 01:09:28,356 [Listener at 127.0.0.1/36361] INFO  http.HttpServer2 (HttpServer2.java:addFilter(1004)) - Added filter static_user_filter (class=org.apache.hadoop.http.lib.StaticUserWebFilter$StaticUserFilter) to context logs
2021-04-28 01:09:28,357 [Listener at 127.0.0.1/36361] INFO  http.HttpServer2 (HttpServer2.java:bindListener(1238)) - Jetty bound to port 46265
2021-04-28 01:09:28,357 [Listener at 127.0.0.1/36361] INFO  server.Server (Server.java:doStart(375)) - jetty-9.4.35.v20201120; built: 2020-11-20T21:17:03.964Z; git: bdc54f03a5e0a7e280fab27f55c3c75ee8da89fb; jvm 1.8.0_232-b09
2021-04-28 01:09:28,418 [Listener at 127.0.0.1/36361] INFO  server.session (DefaultSessionIdManager.java:doStart(334)) - DefaultSessionIdManager workerName=node0
2021-04-28 01:09:28,418 [Listener at 127.0.0.1/36361] INFO  server.session (DefaultSessionIdManager.java:doStart(339)) - No SessionScavenger set, using defaults
2021-04-28 01:09:28,418 [Listener at 127.0.0.1/36361] INFO  server.session (HouseKeeper.java:startScavenging(132)) - node0 Scavenging every 660000ms
2021-04-28 01:09:28,422 [Listener at 127.0.0.1/36361] INFO  handler.ContextHandler (ContextHandler.java:doStart(916)) - Started o.e.j.s.ServletContextHandler@106b7dd7{logs,/logs,file:///github/workspace/mnt/ozone/hadoop-ozone/integration-test/target/log,AVAILABLE}
2021-04-28 01:09:28,422 [Listener at 127.0.0.1/36361] INFO  handler.ContextHandler (ContextHandler.java:doStart(916)) - Started o.e.j.s.ServletContextHandler@414d6347{static,/static,jar:file:/home/user/.m2/repository/org/apache/hadoop/hadoop-hdds-container-service/1.2.0-SNAPSHOT/hadoop-hdds-container-service-1.2.0-SNAPSHOT.jar!/webapps/static,AVAILABLE}
2021-04-28 01:09:28,492 [Datanode State Machine Task Thread - 0] INFO  datanode.InitDatanodeState (InitDatanodeState.java:persistContainerDatanodeDetails(145)) - DatanodeDetails is persisted to /github/workspace/mnt/ozone/hadoop-ozone/integration-test/target/test-dir/MiniOzoneClusterImpl-d7076e4a-bb1a-46d0-b0f9-1975ab90d2da/datanode-0/meta/datanode.id
2021-04-28 01:09:28,601 [Listener at 127.0.0.1/36361] INFO  handler.ContextHandler (ContextHandler.java:doStart(916)) - Started o.e.j.w.WebAppContext@4c6a01c4{hddsDatanode,/,file:///tmp/jetty-0_0_0_0-46265-hadoop-hdds-container-service-1_2_0-SNAPSHOT_jar-_-any-3010241605940324540/webapp/,AVAILABLE}{jar:file:/home/user/.m2/repository/org/apache/hadoop/hadoop-hdds-container-service/1.2.0-SNAPSHOT/hadoop-hdds-container-service-1.2.0-SNAPSHOT.jar!/webapps/hddsDatanode}
2021-04-28 01:09:28,602 [Listener at 127.0.0.1/36361] INFO  server.AbstractConnector (AbstractConnector.java:doStart(331)) - Started ServerConnector@38c5a1fa{HTTP/1.1, (http/1.1)}{0.0.0.0:46265}
2021-04-28 01:09:28,603 [Listener at 127.0.0.1/36361] INFO  server.Server (Server.java:doStart(415)) - Started @5653ms
2021-04-28 01:09:28,603 [Listener at 127.0.0.1/36361] WARN  impl.MetricsSystemImpl (MetricsSystemImpl.java:register(279)) - Sink prometheus already exists!
2021-04-28 01:09:28,670 [om1@group-C5BA1605619E-FollowerState] INFO  impl.FollowerState (FollowerState.java:run(134)) - om1@group-C5BA1605619E-FollowerState: change to CANDIDATE, lastRpcElapsedTime:1057769524ns, electionTimeout:1053ms
2021-04-28 01:09:28,672 [om1@group-C5BA1605619E-FollowerState] INFO  impl.RoleInfo (RoleInfo.java:shutdownFollowerState(108)) - om1: shutdown om1@group-C5BA1605619E-FollowerState
2021-04-28 01:09:28,672 [om1@group-C5BA1605619E-FollowerState] INFO  server.RaftServer$Division (RaftServerImpl.java:setRole(284)) - om1@group-C5BA1605619E: changes role from  FOLLOWER to CANDIDATE at term 0 for changeToCandidate
2021-04-28 01:09:28,675 [om1@group-C5BA1605619E-FollowerState] INFO  server.RaftServerConfigKeys (ConfUtils.java:logGet(44)) - raft.server.leaderelection.pre-vote = false (custom)
2021-04-28 01:09:28,676 [om1@group-C5BA1605619E-FollowerState] INFO  impl.RoleInfo (RoleInfo.java:updateAndGet(130)) - om1: start om1@group-C5BA1605619E-LeaderElection1
2021-04-28 01:09:28,681 [Listener at 127.0.0.1/36361] INFO  http.BaseHttpServer (BaseHttpServer.java:updateConnectorAddress(327)) - HTTP server of hddsDatanode listening at http://0.0.0.0:46265
2021-04-28 01:09:28,683 [Listener at 127.0.0.1/36361] INFO  impl.MetricsSystemImpl (MetricsSystemImpl.java:init(158)) - HddsDatanode metrics system started (again)
2021-04-28 01:09:28,684 [Listener at 127.0.0.1/36361] INFO  ozone.HddsDatanodeService (HddsDatanodeService.java:start(217)) - HddsDatanodeService host:c8a4b84cbf99 ip:172.17.0.2
2021-04-28 01:09:28,686 [Listener at 127.0.0.1/36361] INFO  volume.HddsVolume (HddsVolume.java:<init>(176)) - Creating Volume: /github/workspace/mnt/ozone/hadoop-ozone/integration-test/target/test-dir/MiniOzoneClusterImpl-d7076e4a-bb1a-46d0-b0f9-1975ab90d2da/datanode-2/data-0/containers/hdds of storage type : DISK and capacity : 9223372036854775807
2021-04-28 01:09:28,686 [Listener at 127.0.0.1/36361] INFO  volume.MutableVolumeSet (MutableVolumeSet.java:initializeVolumeSet(191)) - Added Volume : /github/workspace/mnt/ozone/hadoop-ozone/integration-test/target/test-dir/MiniOzoneClusterImpl-d7076e4a-bb1a-46d0-b0f9-1975ab90d2da/datanode-2/data-0/containers/hdds to VolumeSet
2021-04-28 01:09:28,687 [Listener at 127.0.0.1/36361] INFO  volume.ThrottledAsyncChecker (ThrottledAsyncChecker.java:schedule(141)) - Scheduling a check for /github/workspace/mnt/ozone/hadoop-ozone/integration-test/target/test-dir/MiniOzoneClusterImpl-d7076e4a-bb1a-46d0-b0f9-1975ab90d2da/datanode-2/data-0/containers/hdds
2021-04-28 01:09:28,688 [Listener at 127.0.0.1/36361] INFO  volume.HddsVolumeChecker (HddsVolumeChecker.java:checkAllVolumes(200)) - Scheduled health check for volume /github/workspace/mnt/ozone/hadoop-ozone/integration-test/target/test-dir/MiniOzoneClusterImpl-d7076e4a-bb1a-46d0-b0f9-1975ab90d2da/datanode-2/data-0/containers/hdds
2021-04-28 01:09:28,695 [om1@group-C5BA1605619E-LeaderElection1] INFO  impl.LeaderElection (LeaderElection.java:askForVotes(306)) - om1@group-C5BA1605619E-LeaderElection1 ELECTION round 0: submit vote requests at term 1 for -1: [om1|rpc:localhost:9872|priority:0], old=null
2021-04-28 01:09:28,696 [om1@group-C5BA1605619E-LeaderElection1] INFO  impl.LeaderElection (LeaderElection.java:askForVotes(308)) - om1@group-C5BA1605619E-LeaderElection1 ELECTION round 0: result PASSED (term=1)
2021-04-28 01:09:28,697 [om1@group-C5BA1605619E-LeaderElection1] INFO  impl.RoleInfo (RoleInfo.java:shutdownLeaderElection(121)) - om1: shutdown om1@group-C5BA1605619E-LeaderElection1
2021-04-28 01:09:28,697 [om1@group-C5BA1605619E-LeaderElection1] INFO  server.RaftServer$Division (RaftServerImpl.java:setRole(284)) - om1@group-C5BA1605619E: changes role from CANDIDATE to LEADER at term 1 for changeToLeader
2021-04-28 01:09:28,697 [om1@group-C5BA1605619E-LeaderElection1] INFO  server.RaftServer$Division (ServerState.java:setLeader(271)) - om1@group-C5BA1605619E: change Leader from null to om1 at term 1 for becomeLeader, leader elected after 1193ms
2021-04-28 01:09:28,703 [om1@group-C5BA1605619E-LeaderElection1] INFO  server.RaftServerConfigKeys (ConfUtils.java:logGet(44)) - raft.server.staging.catchup.gap = 1000 (default)
2021-04-28 01:09:28,706 [org.apache.hadoop.util.JvmPauseMonitor$Monitor@30c7ac55] INFO  util.JvmPauseMonitor (JvmPauseMonitor.java:run(188)) - Starting JVM pause monitor
2021-04-28 01:09:28,714 [om1@group-C5BA1605619E-LeaderElection1] INFO  metrics.RatisMetrics (RatisMetrics.java:lambda$create$0(36)) - Creating Metrics Registry : ratis.log_appender.om1@group-C5BA1605619E
2021-04-28 01:09:28,716 [om1@group-C5BA1605619E-LeaderElection1] INFO  server.RaftServerConfigKeys (ConfUtils.java:logGet(44)) - raft.server.write.element-limit = 4096 (default)
2021-04-28 01:09:28,716 [om1@group-C5BA1605619E-LeaderElection1] INFO  server.RaftServerConfigKeys (ConfUtils.java:logGet(44)) - raft.server.write.byte-limit = 64MB (=67108864) (default)
2021-04-28 01:09:28,725 [om1@group-C5BA1605619E-LeaderElection1] INFO  server.RaftServerConfigKeys (ConfUtils.java:logGet(44)) - raft.server.watch.timeout = 10s (default)
2021-04-28 01:09:28,728 [om1@group-C5BA1605619E-LeaderElection1] INFO  server.RaftServerConfigKeys (ConfUtils.java:logGet(44)) - raft.server.watch.timeout.denomination = 1s (default)
2021-04-28 01:09:28,729 [om1@group-C5BA1605619E-LeaderElection1] INFO  server.RaftServerConfigKeys (ConfUtils.java:logGet(44)) - raft.server.watch.element-limit = 65536 (default)
2021-04-28 01:09:28,730 [Datanode State Machine Task Thread - 0] INFO  datanode.InitDatanodeState (InitDatanodeState.java:persistContainerDatanodeDetails(145)) - DatanodeDetails is persisted to /github/workspace/mnt/ozone/hadoop-ozone/integration-test/target/test-dir/MiniOzoneClusterImpl-d7076e4a-bb1a-46d0-b0f9-1975ab90d2da/datanode-1/meta/datanode.id
2021-04-28 01:09:28,738 [Listener at 127.0.0.1/36361] INFO  ozoneimpl.ContainerReader (ContainerReader.java:<init>(98)) - Running in upgrade mode:true
2021-04-28 01:09:28,741 [om1@group-C5BA1605619E-LeaderElection1] INFO  impl.RoleInfo (RoleInfo.java:updateAndGet(130)) - om1: start om1@group-C5BA1605619E-LeaderStateImpl
2021-04-28 01:09:28,743 [Thread-151] INFO  ozoneimpl.ContainerReader (ContainerReader.java:readVolume(142)) - Start to verify containers on volume /github/workspace/mnt/ozone/hadoop-ozone/integration-test/target/test-dir/MiniOzoneClusterImpl-d7076e4a-bb1a-46d0-b0f9-1975ab90d2da/datanode-2/data-0/containers/hdds
2021-04-28 01:09:28,743 [Thread-151] INFO  ozoneimpl.ContainerReader (ContainerReader.java:readVolume(174)) - Finish verifying containers on volume /github/workspace/mnt/ozone/hadoop-ozone/integration-test/target/test-dir/MiniOzoneClusterImpl-d7076e4a-bb1a-46d0-b0f9-1975ab90d2da/datanode-2/data-0/containers/hdds
2021-04-28 01:09:28,743 [Listener at 127.0.0.1/36361] INFO  ozoneimpl.OzoneContainer (OzoneContainer.java:buildContainerSet(225)) - Build ContainerSet costs 0s
2021-04-28 01:09:28,746 [Listener at 127.0.0.1/36361] INFO  server.RaftServer (ConfUtils.java:logGet(44)) - raft.rpc.type = GRPC (default)
2021-04-28 01:09:28,746 [Listener at 127.0.0.1/36361] INFO  grpc.GrpcFactory (GrpcFactory.java:checkPooledByteBufAllocatorUseCacheForAllThreads(48)) - PERFORMANCE WARNING: useCacheForAllThreads is true that may cause Netty to create a lot garbage objects and, as a result, trigger GC.
	It is recommended to disable useCacheForAllThreads by setting -Dorg.apache.ratis.thirdparty.io.netty.allocator.useCacheForAllThreads=false in command line.
2021-04-28 01:09:28,746 [Listener at 127.0.0.1/36361] INFO  grpc.GrpcConfigKeys (ConfUtils.java:logGet(44)) - raft.grpc.admin.port = 0 (custom)
2021-04-28 01:09:28,746 [Listener at 127.0.0.1/36361] INFO  grpc.GrpcConfigKeys (ConfUtils.java:logGet(44)) - raft.grpc.client.port = 0 (custom)
2021-04-28 01:09:28,747 [Listener at 127.0.0.1/36361] INFO  grpc.GrpcConfigKeys (ConfUtils.java:logGet(44)) - raft.grpc.server.port = 0 (default)
2021-04-28 01:09:28,747 [Listener at 127.0.0.1/36361] INFO  server.GrpcService (ConfUtils.java:logGet(44)) - raft.grpc.message.size.max = 32MB (=33554432) (custom)
2021-04-28 01:09:28,747 [Listener at 127.0.0.1/36361] INFO  server.RaftServerConfigKeys (ConfUtils.java:logGet(44)) - raft.server.log.appender.buffer.byte-limit = 33554432 (custom)
2021-04-28 01:09:28,747 [Listener at 127.0.0.1/36361] INFO  server.GrpcService (ConfUtils.java:logGet(44)) - raft.grpc.flow.control.window = 5MB (=5242880) (custom)
2021-04-28 01:09:28,747 [Listener at 127.0.0.1/36361] INFO  server.RaftServerConfigKeys (ConfUtils.java:logGet(44)) - raft.server.rpc.request.timeout = 3000ms (default)
2021-04-28 01:09:28,748 [Listener at 127.0.0.1/36361] INFO  impl.DataStreamServerImpl (ConfUtils.java:logGet(44)) - raft.datastream.type = DISABLED (default)
2021-04-28 01:09:28,749 [Listener at 127.0.0.1/36361] INFO  server.RaftServerConfigKeys (ConfUtils.java:logGet(44)) - raft.server.rpc.slowness.timeout = 300000ms (custom)
2021-04-28 01:09:28,749 [Listener at 127.0.0.1/36361] INFO  server.RaftServerConfigKeys (ConfUtils.java:logGet(44)) - raft.server.leaderelection.leader.step-down.wait-time = 10s (default)
2021-04-28 01:09:28,749 [Listener at 127.0.0.1/36361] INFO  server.RaftServerConfigKeys (ConfUtils.java:logGet(44)) - raft.server.storage.dir = [/github/workspace/mnt/ozone/hadoop-ozone/integration-test/target/test-dir/MiniOzoneClusterImpl-d7076e4a-bb1a-46d0-b0f9-1975ab90d2da/datanode-2/data/ratis] (custom)
2021-04-28 01:09:28,763 [Listener at 127.0.0.1/36361] INFO  http.BaseHttpServer (BaseHttpServer.java:newHttpServer2BuilderForOzone(207)) - Starting Web-server for hddsDatanode at: http://0.0.0.0:0
2021-04-28 01:09:28,764 [Listener at 127.0.0.1/36361] INFO  http.BaseHttpServer (BaseHttpServer.java:<init>(106)) - Hadoop Security Enabled: false Ozone Security Enabled: false Ozone HTTP Security Enabled: false 
2021-04-28 01:09:28,765 [Listener at 127.0.0.1/36361] INFO  server.AuthenticationFilter (AuthenticationFilter.java:constructSecretProvider(240)) - Unable to initialize FileSignerSecretProvider, falling back to use random secrets.
2021-04-28 01:09:28,769 [Listener at 127.0.0.1/36361] WARN  http.HttpRequestLog (HttpRequestLog.java:getRequestLog(103)) - Jetty request log can only be enabled using Log4j
2021-04-28 01:09:28,770 [Listener at 127.0.0.1/36361] INFO  http.HttpServer2 (HttpServer2.java:addGlobalFilter(1020)) - Added global filter 'safety' (class=org.apache.hadoop.hdds.server.http.HttpServer2$QuotingInputFilter)
2021-04-28 01:09:28,771 [Listener at 127.0.0.1/36361] INFO  http.HttpServer2 (HttpServer2.java:addFilter(996)) - Added filter static_user_filter (class=org.apache.hadoop.http.lib.StaticUserWebFilter$StaticUserFilter) to context hddsDatanode
2021-04-28 01:09:28,772 [Listener at 127.0.0.1/36361] INFO  http.HttpServer2 (HttpServer2.java:addFilter(1004)) - Added filter static_user_filter (class=org.apache.hadoop.http.lib.StaticUserWebFilter$StaticUserFilter) to context logs
2021-04-28 01:09:28,772 [Listener at 127.0.0.1/36361] INFO  http.HttpServer2 (HttpServer2.java:addFilter(1004)) - Added filter static_user_filter (class=org.apache.hadoop.http.lib.StaticUserWebFilter$StaticUserFilter) to context static
2021-04-28 01:09:28,772 [Listener at 127.0.0.1/36361] INFO  http.HttpServer2 (HttpServer2.java:bindListener(1238)) - Jetty bound to port 40201
2021-04-28 01:09:28,772 [Listener at 127.0.0.1/36361] INFO  server.Server (Server.java:doStart(375)) - jetty-9.4.35.v20201120; built: 2020-11-20T21:17:03.964Z; git: bdc54f03a5e0a7e280fab27f55c3c75ee8da89fb; jvm 1.8.0_232-b09
2021-04-28 01:09:28,775 [Listener at 127.0.0.1/36361] INFO  server.session (DefaultSessionIdManager.java:doStart(334)) - DefaultSessionIdManager workerName=node0
2021-04-28 01:09:28,775 [Listener at 127.0.0.1/36361] INFO  server.session (DefaultSessionIdManager.java:doStart(339)) - No SessionScavenger set, using defaults
2021-04-28 01:09:28,775 [Listener at 127.0.0.1/36361] INFO  server.session (HouseKeeper.java:startScavenging(132)) - node0 Scavenging every 600000ms
2021-04-28 01:09:28,776 [Listener at 127.0.0.1/36361] INFO  handler.ContextHandler (ContextHandler.java:doStart(916)) - Started o.e.j.s.ServletContextHandler@101b460{logs,/logs,file:///github/workspace/mnt/ozone/hadoop-ozone/integration-test/target/log,AVAILABLE}
2021-04-28 01:09:28,776 [Listener at 127.0.0.1/36361] INFO  handler.ContextHandler (ContextHandler.java:doStart(916)) - Started o.e.j.s.ServletContextHandler@3b54f7d7{static,/static,jar:file:/home/user/.m2/repository/org/apache/hadoop/hadoop-hdds-container-service/1.2.0-SNAPSHOT/hadoop-hdds-container-service-1.2.0-SNAPSHOT.jar!/webapps/static,AVAILABLE}
2021-04-28 01:09:28,772 [om1@group-C5BA1605619E-LeaderElection1] INFO  segmented.SegmentedRaftLogWorker (SegmentedRaftLogWorker.java:startLogSegment(394)) - om1@group-C5BA1605619E-SegmentedRaftLogWorker: Starting segment from index:0
2021-04-28 01:09:28,836 [om1@group-C5BA1605619E-LeaderElection1] INFO  server.RaftServer$Division (ServerState.java:setRaftConf(373)) - om1@group-C5BA1605619E: set configuration 0: [om1|rpc:localhost:9872|admin:|client:|dataStream:|priority:0], old=null
2021-04-28 01:09:28,905 [om1@group-C5BA1605619E-SegmentedRaftLogWorker] INFO  segmented.SegmentedRaftLogWorker (SegmentedRaftLogWorker.java:execute(601)) - om1@group-C5BA1605619E-SegmentedRaftLogWorker: created new log segment /github/workspace/mnt/ozone/hadoop-ozone/integration-test/target/test-dir/MiniOzoneClusterImpl-d7076e4a-bb1a-46d0-b0f9-1975ab90d2da/ozone-meta/ratis/bf265839-605b-3f16-9796-c5ba1605619e/current/log_inprogress_0
2021-04-28 01:09:28,988 [Listener at 127.0.0.1/36361] INFO  handler.ContextHandler (ContextHandler.java:doStart(916)) - Started o.e.j.w.WebAppContext@6d48653c{hddsDatanode,/,file:///tmp/jetty-0_0_0_0-40201-hadoop-hdds-container-service-1_2_0-SNAPSHOT_jar-_-any-7977210634375386747/webapp/,AVAILABLE}{jar:file:/home/user/.m2/repository/org/apache/hadoop/hadoop-hdds-container-service/1.2.0-SNAPSHOT/hadoop-hdds-container-service-1.2.0-SNAPSHOT.jar!/webapps/hddsDatanode}
2021-04-28 01:09:28,993 [Listener at 127.0.0.1/36361] INFO  server.AbstractConnector (AbstractConnector.java:doStart(331)) - Started ServerConnector@773e1b6f{HTTP/1.1, (http/1.1)}{0.0.0.0:40201}
2021-04-28 01:09:28,993 [Listener at 127.0.0.1/36361] INFO  server.Server (Server.java:doStart(415)) - Started @6044ms
2021-04-28 01:09:28,993 [Listener at 127.0.0.1/36361] WARN  impl.MetricsSystemImpl (MetricsSystemImpl.java:register(279)) - Sink prometheus already exists!
2021-04-28 01:09:28,998 [Listener at 127.0.0.1/36361] INFO  http.BaseHttpServer (BaseHttpServer.java:updateConnectorAddress(327)) - HTTP server of hddsDatanode listening at http://0.0.0.0:40201
2021-04-28 01:09:28,998 [Listener at 127.0.0.1/36361] INFO  impl.MetricsSystemImpl (MetricsSystemImpl.java:init(158)) - HddsDatanode metrics system started (again)
2021-04-28 01:09:28,999 [Listener at 127.0.0.1/36361] INFO  ozone.HddsDatanodeService (HddsDatanodeService.java:start(217)) - HddsDatanodeService host:c8a4b84cbf99 ip:172.17.0.2
2021-04-28 01:09:29,003 [Listener at 127.0.0.1/36361] INFO  volume.HddsVolume (HddsVolume.java:<init>(176)) - Creating Volume: /github/workspace/mnt/ozone/hadoop-ozone/integration-test/target/test-dir/MiniOzoneClusterImpl-d7076e4a-bb1a-46d0-b0f9-1975ab90d2da/datanode-3/data-0/containers/hdds of storage type : DISK and capacity : 9223372036854775807
2021-04-28 01:09:29,003 [Listener at 127.0.0.1/36361] INFO  volume.MutableVolumeSet (MutableVolumeSet.java:initializeVolumeSet(191)) - Added Volume : /github/workspace/mnt/ozone/hadoop-ozone/integration-test/target/test-dir/MiniOzoneClusterImpl-d7076e4a-bb1a-46d0-b0f9-1975ab90d2da/datanode-3/data-0/containers/hdds to VolumeSet
2021-04-28 01:09:29,003 [Listener at 127.0.0.1/36361] INFO  volume.ThrottledAsyncChecker (ThrottledAsyncChecker.java:schedule(141)) - Scheduling a check for /github/workspace/mnt/ozone/hadoop-ozone/integration-test/target/test-dir/MiniOzoneClusterImpl-d7076e4a-bb1a-46d0-b0f9-1975ab90d2da/datanode-3/data-0/containers/hdds
2021-04-28 01:09:29,006 [Listener at 127.0.0.1/36361] INFO  volume.HddsVolumeChecker (HddsVolumeChecker.java:checkAllVolumes(200)) - Scheduled health check for volume /github/workspace/mnt/ozone/hadoop-ozone/integration-test/target/test-dir/MiniOzoneClusterImpl-d7076e4a-bb1a-46d0-b0f9-1975ab90d2da/datanode-3/data-0/containers/hdds
2021-04-28 01:09:29,032 [Listener at 127.0.0.1/36361] INFO  ozoneimpl.ContainerReader (ContainerReader.java:<init>(98)) - Running in upgrade mode:true
2021-04-28 01:09:29,032 [org.apache.hadoop.util.JvmPauseMonitor$Monitor@73e9db15] INFO  util.JvmPauseMonitor (JvmPauseMonitor.java:run(188)) - Starting JVM pause monitor
2021-04-28 01:09:29,041 [Thread-162] INFO  ozoneimpl.ContainerReader (ContainerReader.java:readVolume(142)) - Start to verify containers on volume /github/workspace/mnt/ozone/hadoop-ozone/integration-test/target/test-dir/MiniOzoneClusterImpl-d7076e4a-bb1a-46d0-b0f9-1975ab90d2da/datanode-3/data-0/containers/hdds
2021-04-28 01:09:29,041 [Thread-162] INFO  ozoneimpl.ContainerReader (ContainerReader.java:readVolume(174)) - Finish verifying containers on volume /github/workspace/mnt/ozone/hadoop-ozone/integration-test/target/test-dir/MiniOzoneClusterImpl-d7076e4a-bb1a-46d0-b0f9-1975ab90d2da/datanode-3/data-0/containers/hdds
2021-04-28 01:09:29,046 [Listener at 127.0.0.1/36361] INFO  ozoneimpl.OzoneContainer (OzoneContainer.java:buildContainerSet(225)) - Build ContainerSet costs 0s
2021-04-28 01:09:29,048 [Datanode State Machine Task Thread - 0] INFO  datanode.InitDatanodeState (InitDatanodeState.java:persistContainerDatanodeDetails(145)) - DatanodeDetails is persisted to /github/workspace/mnt/ozone/hadoop-ozone/integration-test/target/test-dir/MiniOzoneClusterImpl-d7076e4a-bb1a-46d0-b0f9-1975ab90d2da/datanode-2/meta/datanode.id
2021-04-28 01:09:29,049 [Listener at 127.0.0.1/36361] INFO  server.RaftServer (ConfUtils.java:logGet(44)) - raft.rpc.type = GRPC (default)
2021-04-28 01:09:29,049 [Listener at 127.0.0.1/36361] INFO  grpc.GrpcFactory (GrpcFactory.java:checkPooledByteBufAllocatorUseCacheForAllThreads(48)) - PERFORMANCE WARNING: useCacheForAllThreads is true that may cause Netty to create a lot garbage objects and, as a result, trigger GC.
	It is recommended to disable useCacheForAllThreads by setting -Dorg.apache.ratis.thirdparty.io.netty.allocator.useCacheForAllThreads=false in command line.
2021-04-28 01:09:29,051 [Listener at 127.0.0.1/36361] INFO  grpc.GrpcConfigKeys (ConfUtils.java:logGet(44)) - raft.grpc.admin.port = 0 (custom)
2021-04-28 01:09:29,051 [Listener at 127.0.0.1/36361] INFO  grpc.GrpcConfigKeys (ConfUtils.java:logGet(44)) - raft.grpc.client.port = 0 (custom)
2021-04-28 01:09:29,051 [Listener at 127.0.0.1/36361] INFO  grpc.GrpcConfigKeys (ConfUtils.java:logGet(44)) - raft.grpc.server.port = 0 (default)
2021-04-28 01:09:29,052 [Listener at 127.0.0.1/36361] INFO  server.GrpcService (ConfUtils.java:logGet(44)) - raft.grpc.message.size.max = 32MB (=33554432) (custom)
2021-04-28 01:09:29,052 [Listener at 127.0.0.1/36361] INFO  server.RaftServerConfigKeys (ConfUtils.java:logGet(44)) - raft.server.log.appender.buffer.byte-limit = 33554432 (custom)
2021-04-28 01:09:29,052 [Listener at 127.0.0.1/36361] INFO  server.GrpcService (ConfUtils.java:logGet(44)) - raft.grpc.flow.control.window = 5MB (=5242880) (custom)
2021-04-28 01:09:29,052 [Listener at 127.0.0.1/36361] INFO  server.RaftServerConfigKeys (ConfUtils.java:logGet(44)) - raft.server.rpc.request.timeout = 3000ms (default)
2021-04-28 01:09:29,053 [Listener at 127.0.0.1/36361] INFO  impl.DataStreamServerImpl (ConfUtils.java:logGet(44)) - raft.datastream.type = DISABLED (default)
2021-04-28 01:09:29,053 [Listener at 127.0.0.1/36361] INFO  server.RaftServerConfigKeys (ConfUtils.java:logGet(44)) - raft.server.rpc.slowness.timeout = 300000ms (custom)
2021-04-28 01:09:29,054 [Listener at 127.0.0.1/36361] INFO  server.RaftServerConfigKeys (ConfUtils.java:logGet(44)) - raft.server.leaderelection.leader.step-down.wait-time = 10s (default)
2021-04-28 01:09:29,054 [Listener at 127.0.0.1/36361] INFO  server.RaftServerConfigKeys (ConfUtils.java:logGet(44)) - raft.server.storage.dir = [/github/workspace/mnt/ozone/hadoop-ozone/integration-test/target/test-dir/MiniOzoneClusterImpl-d7076e4a-bb1a-46d0-b0f9-1975ab90d2da/datanode-3/data/ratis] (custom)
2021-04-28 01:09:29,062 [Listener at 127.0.0.1/36361] INFO  http.BaseHttpServer (BaseHttpServer.java:newHttpServer2BuilderForOzone(207)) - Starting Web-server for hddsDatanode at: http://0.0.0.0:0
2021-04-28 01:09:29,062 [Listener at 127.0.0.1/36361] INFO  http.BaseHttpServer (BaseHttpServer.java:<init>(106)) - Hadoop Security Enabled: false Ozone Security Enabled: false Ozone HTTP Security Enabled: false 
2021-04-28 01:09:29,064 [Listener at 127.0.0.1/36361] INFO  server.AuthenticationFilter (AuthenticationFilter.java:constructSecretProvider(240)) - Unable to initialize FileSignerSecretProvider, falling back to use random secrets.
2021-04-28 01:09:29,065 [Listener at 127.0.0.1/36361] WARN  http.HttpRequestLog (HttpRequestLog.java:getRequestLog(103)) - Jetty request log can only be enabled using Log4j
2021-04-28 01:09:29,066 [Listener at 127.0.0.1/36361] INFO  http.HttpServer2 (HttpServer2.java:addGlobalFilter(1020)) - Added global filter 'safety' (class=org.apache.hadoop.hdds.server.http.HttpServer2$QuotingInputFilter)
2021-04-28 01:09:29,067 [Listener at 127.0.0.1/36361] INFO  http.HttpServer2 (HttpServer2.java:addFilter(996)) - Added filter static_user_filter (class=org.apache.hadoop.http.lib.StaticUserWebFilter$StaticUserFilter) to context hddsDatanode
2021-04-28 01:09:29,067 [Listener at 127.0.0.1/36361] INFO  http.HttpServer2 (HttpServer2.java:addFilter(1004)) - Added filter static_user_filter (class=org.apache.hadoop.http.lib.StaticUserWebFilter$StaticUserFilter) to context logs
2021-04-28 01:09:29,067 [Listener at 127.0.0.1/36361] INFO  http.HttpServer2 (HttpServer2.java:addFilter(1004)) - Added filter static_user_filter (class=org.apache.hadoop.http.lib.StaticUserWebFilter$StaticUserFilter) to context static
2021-04-28 01:09:29,067 [Listener at 127.0.0.1/36361] INFO  http.HttpServer2 (HttpServer2.java:bindListener(1238)) - Jetty bound to port 40213
2021-04-28 01:09:29,068 [Listener at 127.0.0.1/36361] INFO  server.Server (Server.java:doStart(375)) - jetty-9.4.35.v20201120; built: 2020-11-20T21:17:03.964Z; git: bdc54f03a5e0a7e280fab27f55c3c75ee8da89fb; jvm 1.8.0_232-b09
2021-04-28 01:09:29,072 [Listener at 127.0.0.1/36361] INFO  server.session (DefaultSessionIdManager.java:doStart(334)) - DefaultSessionIdManager workerName=node0
2021-04-28 01:09:29,072 [Listener at 127.0.0.1/36361] INFO  server.session (DefaultSessionIdManager.java:doStart(339)) - No SessionScavenger set, using defaults
2021-04-28 01:09:29,072 [Listener at 127.0.0.1/36361] INFO  server.session (HouseKeeper.java:startScavenging(132)) - node0 Scavenging every 660000ms
2021-04-28 01:09:29,073 [Listener at 127.0.0.1/36361] INFO  handler.ContextHandler (ContextHandler.java:doStart(916)) - Started o.e.j.s.ServletContextHandler@210c835d{logs,/logs,file:///github/workspace/mnt/ozone/hadoop-ozone/integration-test/target/log,AVAILABLE}
2021-04-28 01:09:29,074 [Listener at 127.0.0.1/36361] INFO  handler.ContextHandler (ContextHandler.java:doStart(916)) - Started o.e.j.s.ServletContextHandler@3798151b{static,/static,jar:file:/home/user/.m2/repository/org/apache/hadoop/hadoop-hdds-container-service/1.2.0-SNAPSHOT/hadoop-hdds-container-service-1.2.0-SNAPSHOT.jar!/webapps/static,AVAILABLE}
2021-04-28 01:09:29,213 [Listener at 127.0.0.1/36361] INFO  handler.ContextHandler (ContextHandler.java:doStart(916)) - Started o.e.j.w.WebAppContext@7c35b867{hddsDatanode,/,file:///tmp/jetty-0_0_0_0-40213-hadoop-hdds-container-service-1_2_0-SNAPSHOT_jar-_-any-5966942077535945897/webapp/,AVAILABLE}{jar:file:/home/user/.m2/repository/org/apache/hadoop/hadoop-hdds-container-service/1.2.0-SNAPSHOT/hadoop-hdds-container-service-1.2.0-SNAPSHOT.jar!/webapps/hddsDatanode}
2021-04-28 01:09:29,215 [Listener at 127.0.0.1/36361] INFO  server.AbstractConnector (AbstractConnector.java:doStart(331)) - Started ServerConnector@365b879f{HTTP/1.1, (http/1.1)}{0.0.0.0:40213}
2021-04-28 01:09:29,215 [Listener at 127.0.0.1/36361] INFO  server.Server (Server.java:doStart(415)) - Started @6266ms
2021-04-28 01:09:29,216 [Listener at 127.0.0.1/36361] WARN  impl.MetricsSystemImpl (MetricsSystemImpl.java:register(279)) - Sink prometheus already exists!
2021-04-28 01:09:29,218 [Listener at 127.0.0.1/36361] INFO  http.BaseHttpServer (BaseHttpServer.java:updateConnectorAddress(327)) - HTTP server of hddsDatanode listening at http://0.0.0.0:40213
2021-04-28 01:09:29,220 [Listener at 127.0.0.1/36361] INFO  impl.MetricsSystemImpl (MetricsSystemImpl.java:init(158)) - HddsDatanode metrics system started (again)
2021-04-28 01:09:29,221 [Listener at 127.0.0.1/36361] INFO  ozone.HddsDatanodeService (HddsDatanodeService.java:start(217)) - HddsDatanodeService host:c8a4b84cbf99 ip:172.17.0.2
2021-04-28 01:09:29,223 [Listener at 127.0.0.1/36361] INFO  volume.HddsVolume (HddsVolume.java:<init>(176)) - Creating Volume: /github/workspace/mnt/ozone/hadoop-ozone/integration-test/target/test-dir/MiniOzoneClusterImpl-d7076e4a-bb1a-46d0-b0f9-1975ab90d2da/datanode-4/data-0/containers/hdds of storage type : DISK and capacity : 9223372036854775807
2021-04-28 01:09:29,223 [Listener at 127.0.0.1/36361] INFO  volume.MutableVolumeSet (MutableVolumeSet.java:initializeVolumeSet(191)) - Added Volume : /github/workspace/mnt/ozone/hadoop-ozone/integration-test/target/test-dir/MiniOzoneClusterImpl-d7076e4a-bb1a-46d0-b0f9-1975ab90d2da/datanode-4/data-0/containers/hdds to VolumeSet
2021-04-28 01:09:29,223 [Listener at 127.0.0.1/36361] INFO  volume.ThrottledAsyncChecker (ThrottledAsyncChecker.java:schedule(141)) - Scheduling a check for /github/workspace/mnt/ozone/hadoop-ozone/integration-test/target/test-dir/MiniOzoneClusterImpl-d7076e4a-bb1a-46d0-b0f9-1975ab90d2da/datanode-4/data-0/containers/hdds
2021-04-28 01:09:29,224 [Listener at 127.0.0.1/36361] INFO  volume.HddsVolumeChecker (HddsVolumeChecker.java:checkAllVolumes(200)) - Scheduled health check for volume /github/workspace/mnt/ozone/hadoop-ozone/integration-test/target/test-dir/MiniOzoneClusterImpl-d7076e4a-bb1a-46d0-b0f9-1975ab90d2da/datanode-4/data-0/containers/hdds
2021-04-28 01:09:29,243 [Listener at 127.0.0.1/36361] INFO  ozoneimpl.ContainerReader (ContainerReader.java:<init>(98)) - Running in upgrade mode:true
2021-04-28 01:09:29,243 [org.apache.hadoop.util.JvmPauseMonitor$Monitor@7cec01a1] INFO  util.JvmPauseMonitor (JvmPauseMonitor.java:run(188)) - Starting JVM pause monitor
2021-04-28 01:09:29,245 [Thread-173] INFO  ozoneimpl.ContainerReader (ContainerReader.java:readVolume(142)) - Start to verify containers on volume /github/workspace/mnt/ozone/hadoop-ozone/integration-test/target/test-dir/MiniOzoneClusterImpl-d7076e4a-bb1a-46d0-b0f9-1975ab90d2da/datanode-4/data-0/containers/hdds
2021-04-28 01:09:29,245 [Thread-173] INFO  ozoneimpl.ContainerReader (ContainerReader.java:readVolume(174)) - Finish verifying containers on volume /github/workspace/mnt/ozone/hadoop-ozone/integration-test/target/test-dir/MiniOzoneClusterImpl-d7076e4a-bb1a-46d0-b0f9-1975ab90d2da/datanode-4/data-0/containers/hdds
2021-04-28 01:09:29,246 [Listener at 127.0.0.1/36361] INFO  ozoneimpl.OzoneContainer (OzoneContainer.java:buildContainerSet(225)) - Build ContainerSet costs 0s
2021-04-28 01:09:29,248 [Listener at 127.0.0.1/36361] INFO  server.RaftServer (ConfUtils.java:logGet(44)) - raft.rpc.type = GRPC (default)
2021-04-28 01:09:29,248 [Listener at 127.0.0.1/36361] INFO  grpc.GrpcFactory (GrpcFactory.java:checkPooledByteBufAllocatorUseCacheForAllThreads(48)) - PERFORMANCE WARNING: useCacheForAllThreads is true that may cause Netty to create a lot garbage objects and, as a result, trigger GC.
	It is recommended to disable useCacheForAllThreads by setting -Dorg.apache.ratis.thirdparty.io.netty.allocator.useCacheForAllThreads=false in command line.
2021-04-28 01:09:29,248 [Listener at 127.0.0.1/36361] INFO  grpc.GrpcConfigKeys (ConfUtils.java:logGet(44)) - raft.grpc.admin.port = 0 (custom)
2021-04-28 01:09:29,249 [Listener at 127.0.0.1/36361] INFO  grpc.GrpcConfigKeys (ConfUtils.java:logGet(44)) - raft.grpc.client.port = 0 (custom)
2021-04-28 01:09:29,249 [Listener at 127.0.0.1/36361] INFO  grpc.GrpcConfigKeys (ConfUtils.java:logGet(44)) - raft.grpc.server.port = 0 (default)
2021-04-28 01:09:29,249 [Listener at 127.0.0.1/36361] INFO  server.GrpcService (ConfUtils.java:logGet(44)) - raft.grpc.message.size.max = 32MB (=33554432) (custom)
2021-04-28 01:09:29,249 [Listener at 127.0.0.1/36361] INFO  server.RaftServerConfigKeys (ConfUtils.java:logGet(44)) - raft.server.log.appender.buffer.byte-limit = 33554432 (custom)
2021-04-28 01:09:29,249 [Listener at 127.0.0.1/36361] INFO  server.GrpcService (ConfUtils.java:logGet(44)) - raft.grpc.flow.control.window = 5MB (=5242880) (custom)
2021-04-28 01:09:29,249 [Listener at 127.0.0.1/36361] INFO  server.RaftServerConfigKeys (ConfUtils.java:logGet(44)) - raft.server.rpc.request.timeout = 3000ms (default)
2021-04-28 01:09:29,250 [Listener at 127.0.0.1/36361] INFO  impl.DataStreamServerImpl (ConfUtils.java:logGet(44)) - raft.datastream.type = DISABLED (default)
2021-04-28 01:09:29,251 [Listener at 127.0.0.1/36361] INFO  server.RaftServerConfigKeys (ConfUtils.java:logGet(44)) - raft.server.rpc.slowness.timeout = 300000ms (custom)
2021-04-28 01:09:29,251 [Listener at 127.0.0.1/36361] INFO  server.RaftServerConfigKeys (ConfUtils.java:logGet(44)) - raft.server.leaderelection.leader.step-down.wait-time = 10s (default)
2021-04-28 01:09:29,251 [Listener at 127.0.0.1/36361] INFO  server.RaftServerConfigKeys (ConfUtils.java:logGet(44)) - raft.server.storage.dir = [/github/workspace/mnt/ozone/hadoop-ozone/integration-test/target/test-dir/MiniOzoneClusterImpl-d7076e4a-bb1a-46d0-b0f9-1975ab90d2da/datanode-4/data/ratis] (custom)
2021-04-28 01:09:29,256 [Listener at 127.0.0.1/36361] INFO  http.BaseHttpServer (BaseHttpServer.java:newHttpServer2BuilderForOzone(207)) - Starting Web-server for hddsDatanode at: http://0.0.0.0:0
2021-04-28 01:09:29,256 [Listener at 127.0.0.1/36361] INFO  http.BaseHttpServer (BaseHttpServer.java:<init>(106)) - Hadoop Security Enabled: false Ozone Security Enabled: false Ozone HTTP Security Enabled: false 
2021-04-28 01:09:29,257 [Listener at 127.0.0.1/36361] INFO  server.AuthenticationFilter (AuthenticationFilter.java:constructSecretProvider(240)) - Unable to initialize FileSignerSecretProvider, falling back to use random secrets.
2021-04-28 01:09:29,260 [Datanode State Machine Task Thread - 0] INFO  datanode.InitDatanodeState (InitDatanodeState.java:persistContainerDatanodeDetails(145)) - DatanodeDetails is persisted to /github/workspace/mnt/ozone/hadoop-ozone/integration-test/target/test-dir/MiniOzoneClusterImpl-d7076e4a-bb1a-46d0-b0f9-1975ab90d2da/datanode-3/meta/datanode.id
2021-04-28 01:09:29,261 [Listener at 127.0.0.1/36361] WARN  http.HttpRequestLog (HttpRequestLog.java:getRequestLog(103)) - Jetty request log can only be enabled using Log4j
2021-04-28 01:09:29,262 [Listener at 127.0.0.1/36361] INFO  http.HttpServer2 (HttpServer2.java:addGlobalFilter(1020)) - Added global filter 'safety' (class=org.apache.hadoop.hdds.server.http.HttpServer2$QuotingInputFilter)
2021-04-28 01:09:29,263 [Listener at 127.0.0.1/36361] INFO  http.HttpServer2 (HttpServer2.java:addFilter(996)) - Added filter static_user_filter (class=org.apache.hadoop.http.lib.StaticUserWebFilter$StaticUserFilter) to context hddsDatanode
2021-04-28 01:09:29,263 [Listener at 127.0.0.1/36361] INFO  http.HttpServer2 (HttpServer2.java:addFilter(1004)) - Added filter static_user_filter (class=org.apache.hadoop.http.lib.StaticUserWebFilter$StaticUserFilter) to context logs
2021-04-28 01:09:29,263 [Listener at 127.0.0.1/36361] INFO  http.HttpServer2 (HttpServer2.java:addFilter(1004)) - Added filter static_user_filter (class=org.apache.hadoop.http.lib.StaticUserWebFilter$StaticUserFilter) to context static
2021-04-28 01:09:29,264 [Listener at 127.0.0.1/36361] INFO  http.HttpServer2 (HttpServer2.java:bindListener(1238)) - Jetty bound to port 37391
2021-04-28 01:09:29,264 [Listener at 127.0.0.1/36361] INFO  server.Server (Server.java:doStart(375)) - jetty-9.4.35.v20201120; built: 2020-11-20T21:17:03.964Z; git: bdc54f03a5e0a7e280fab27f55c3c75ee8da89fb; jvm 1.8.0_232-b09
2021-04-28 01:09:29,267 [Listener at 127.0.0.1/36361] INFO  server.session (DefaultSessionIdManager.java:doStart(334)) - DefaultSessionIdManager workerName=node0
2021-04-28 01:09:29,268 [Listener at 127.0.0.1/36361] INFO  server.session (DefaultSessionIdManager.java:doStart(339)) - No SessionScavenger set, using defaults
2021-04-28 01:09:29,268 [Listener at 127.0.0.1/36361] INFO  server.session (HouseKeeper.java:startScavenging(132)) - node0 Scavenging every 660000ms
2021-04-28 01:09:29,269 [Listener at 127.0.0.1/36361] INFO  handler.ContextHandler (ContextHandler.java:doStart(916)) - Started o.e.j.s.ServletContextHandler@25070333{logs,/logs,file:///github/workspace/mnt/ozone/hadoop-ozone/integration-test/target/log,AVAILABLE}
2021-04-28 01:09:29,269 [Listener at 127.0.0.1/36361] INFO  handler.ContextHandler (ContextHandler.java:doStart(916)) - Started o.e.j.s.ServletContextHandler@7e0bf511{static,/static,jar:file:/home/user/.m2/repository/org/apache/hadoop/hadoop-hdds-container-service/1.2.0-SNAPSHOT/hadoop-hdds-container-service-1.2.0-SNAPSHOT.jar!/webapps/static,AVAILABLE}
2021-04-28 01:09:29,408 [Listener at 127.0.0.1/36361] INFO  handler.ContextHandler (ContextHandler.java:doStart(916)) - Started o.e.j.w.WebAppContext@22baff01{hddsDatanode,/,file:///tmp/jetty-0_0_0_0-37391-hadoop-hdds-container-service-1_2_0-SNAPSHOT_jar-_-any-7880264864971734837/webapp/,AVAILABLE}{jar:file:/home/user/.m2/repository/org/apache/hadoop/hadoop-hdds-container-service/1.2.0-SNAPSHOT/hadoop-hdds-container-service-1.2.0-SNAPSHOT.jar!/webapps/hddsDatanode}
2021-04-28 01:09:29,415 [Listener at 127.0.0.1/36361] INFO  server.AbstractConnector (AbstractConnector.java:doStart(331)) - Started ServerConnector@4341270a{HTTP/1.1, (http/1.1)}{0.0.0.0:37391}
2021-04-28 01:09:29,415 [Listener at 127.0.0.1/36361] INFO  server.Server (Server.java:doStart(415)) - Started @6466ms
2021-04-28 01:09:29,416 [Listener at 127.0.0.1/36361] WARN  impl.MetricsSystemImpl (MetricsSystemImpl.java:register(279)) - Sink prometheus already exists!
2021-04-28 01:09:29,420 [Listener at 127.0.0.1/36361] INFO  http.BaseHttpServer (BaseHttpServer.java:updateConnectorAddress(327)) - HTTP server of hddsDatanode listening at http://0.0.0.0:37391
2021-04-28 01:09:29,425 [Listener at 127.0.0.1/36361] INFO  impl.MetricsSystemImpl (MetricsSystemImpl.java:init(158)) - HddsDatanode metrics system started (again)
2021-04-28 01:09:29,427 [Listener at 127.0.0.1/36361] INFO  ozone.HddsDatanodeService (HddsDatanodeService.java:start(217)) - HddsDatanodeService host:c8a4b84cbf99 ip:172.17.0.2
2021-04-28 01:09:29,438 [org.apache.hadoop.util.JvmPauseMonitor$Monitor@61ef3bfb] INFO  util.JvmPauseMonitor (JvmPauseMonitor.java:run(188)) - Starting JVM pause monitor
2021-04-28 01:09:29,443 [Listener at 127.0.0.1/36361] INFO  volume.HddsVolume (HddsVolume.java:<init>(176)) - Creating Volume: /github/workspace/mnt/ozone/hadoop-ozone/integration-test/target/test-dir/MiniOzoneClusterImpl-d7076e4a-bb1a-46d0-b0f9-1975ab90d2da/datanode-5/data-0/containers/hdds of storage type : DISK and capacity : 9223372036854775807
2021-04-28 01:09:29,444 [Listener at 127.0.0.1/36361] INFO  volume.MutableVolumeSet (MutableVolumeSet.java:initializeVolumeSet(191)) - Added Volume : /github/workspace/mnt/ozone/hadoop-ozone/integration-test/target/test-dir/MiniOzoneClusterImpl-d7076e4a-bb1a-46d0-b0f9-1975ab90d2da/datanode-5/data-0/containers/hdds to VolumeSet
2021-04-28 01:09:29,444 [Listener at 127.0.0.1/36361] INFO  volume.ThrottledAsyncChecker (ThrottledAsyncChecker.java:schedule(141)) - Scheduling a check for /github/workspace/mnt/ozone/hadoop-ozone/integration-test/target/test-dir/MiniOzoneClusterImpl-d7076e4a-bb1a-46d0-b0f9-1975ab90d2da/datanode-5/data-0/containers/hdds
2021-04-28 01:09:29,444 [Datanode State Machine Task Thread - 0] INFO  datanode.InitDatanodeState (InitDatanodeState.java:persistContainerDatanodeDetails(145)) - DatanodeDetails is persisted to /github/workspace/mnt/ozone/hadoop-ozone/integration-test/target/test-dir/MiniOzoneClusterImpl-d7076e4a-bb1a-46d0-b0f9-1975ab90d2da/datanode-4/meta/datanode.id
2021-04-28 01:09:29,445 [Listener at 127.0.0.1/36361] INFO  volume.HddsVolumeChecker (HddsVolumeChecker.java:checkAllVolumes(200)) - Scheduled health check for volume /github/workspace/mnt/ozone/hadoop-ozone/integration-test/target/test-dir/MiniOzoneClusterImpl-d7076e4a-bb1a-46d0-b0f9-1975ab90d2da/datanode-5/data-0/containers/hdds
2021-04-28 01:09:29,458 [Listener at 127.0.0.1/36361] INFO  ozoneimpl.ContainerReader (ContainerReader.java:<init>(98)) - Running in upgrade mode:true
2021-04-28 01:09:29,458 [Thread-184] INFO  ozoneimpl.ContainerReader (ContainerReader.java:readVolume(142)) - Start to verify containers on volume /github/workspace/mnt/ozone/hadoop-ozone/integration-test/target/test-dir/MiniOzoneClusterImpl-d7076e4a-bb1a-46d0-b0f9-1975ab90d2da/datanode-5/data-0/containers/hdds
2021-04-28 01:09:29,459 [Thread-184] INFO  ozoneimpl.ContainerReader (ContainerReader.java:readVolume(174)) - Finish verifying containers on volume /github/workspace/mnt/ozone/hadoop-ozone/integration-test/target/test-dir/MiniOzoneClusterImpl-d7076e4a-bb1a-46d0-b0f9-1975ab90d2da/datanode-5/data-0/containers/hdds
2021-04-28 01:09:29,459 [Listener at 127.0.0.1/36361] INFO  ozoneimpl.OzoneContainer (OzoneContainer.java:buildContainerSet(225)) - Build ContainerSet costs 0s
2021-04-28 01:09:29,461 [Listener at 127.0.0.1/36361] INFO  server.RaftServer (ConfUtils.java:logGet(44)) - raft.rpc.type = GRPC (default)
2021-04-28 01:09:29,461 [Listener at 127.0.0.1/36361] INFO  grpc.GrpcFactory (GrpcFactory.java:checkPooledByteBufAllocatorUseCacheForAllThreads(48)) - PERFORMANCE WARNING: useCacheForAllThreads is true that may cause Netty to create a lot garbage objects and, as a result, trigger GC.
	It is recommended to disable useCacheForAllThreads by setting -Dorg.apache.ratis.thirdparty.io.netty.allocator.useCacheForAllThreads=false in command line.
2021-04-28 01:09:29,461 [Listener at 127.0.0.1/36361] INFO  grpc.GrpcConfigKeys (ConfUtils.java:logGet(44)) - raft.grpc.admin.port = 0 (custom)
2021-04-28 01:09:29,461 [Listener at 127.0.0.1/36361] INFO  grpc.GrpcConfigKeys (ConfUtils.java:logGet(44)) - raft.grpc.client.port = 0 (custom)
2021-04-28 01:09:29,462 [Listener at 127.0.0.1/36361] INFO  grpc.GrpcConfigKeys (ConfUtils.java:logGet(44)) - raft.grpc.server.port = 0 (default)
2021-04-28 01:09:29,462 [Listener at 127.0.0.1/36361] INFO  server.GrpcService (ConfUtils.java:logGet(44)) - raft.grpc.message.size.max = 32MB (=33554432) (custom)
2021-04-28 01:09:29,462 [Listener at 127.0.0.1/36361] INFO  server.RaftServerConfigKeys (ConfUtils.java:logGet(44)) - raft.server.log.appender.buffer.byte-limit = 33554432 (custom)
2021-04-28 01:09:29,462 [Listener at 127.0.0.1/36361] INFO  server.GrpcService (ConfUtils.java:logGet(44)) - raft.grpc.flow.control.window = 5MB (=5242880) (custom)
2021-04-28 01:09:29,462 [Listener at 127.0.0.1/36361] INFO  server.RaftServerConfigKeys (ConfUtils.java:logGet(44)) - raft.server.rpc.request.timeout = 3000ms (default)
2021-04-28 01:09:29,463 [Listener at 127.0.0.1/36361] INFO  impl.DataStreamServerImpl (ConfUtils.java:logGet(44)) - raft.datastream.type = DISABLED (default)
2021-04-28 01:09:29,463 [Listener at 127.0.0.1/36361] INFO  server.RaftServerConfigKeys (ConfUtils.java:logGet(44)) - raft.server.rpc.slowness.timeout = 300000ms (custom)
2021-04-28 01:09:29,463 [Listener at 127.0.0.1/36361] INFO  server.RaftServerConfigKeys (ConfUtils.java:logGet(44)) - raft.server.leaderelection.leader.step-down.wait-time = 10s (default)
2021-04-28 01:09:29,464 [Listener at 127.0.0.1/36361] INFO  server.RaftServerConfigKeys (ConfUtils.java:logGet(44)) - raft.server.storage.dir = [/github/workspace/mnt/ozone/hadoop-ozone/integration-test/target/test-dir/MiniOzoneClusterImpl-d7076e4a-bb1a-46d0-b0f9-1975ab90d2da/datanode-5/data/ratis] (custom)
2021-04-28 01:09:29,469 [Listener at 127.0.0.1/36361] INFO  http.BaseHttpServer (BaseHttpServer.java:newHttpServer2BuilderForOzone(207)) - Starting Web-server for hddsDatanode at: http://0.0.0.0:0
2021-04-28 01:09:29,469 [Listener at 127.0.0.1/36361] INFO  http.BaseHttpServer (BaseHttpServer.java:<init>(106)) - Hadoop Security Enabled: false Ozone Security Enabled: false Ozone HTTP Security Enabled: false 
2021-04-28 01:09:29,471 [Listener at 127.0.0.1/36361] INFO  server.AuthenticationFilter (AuthenticationFilter.java:constructSecretProvider(240)) - Unable to initialize FileSignerSecretProvider, falling back to use random secrets.
2021-04-28 01:09:29,471 [Listener at 127.0.0.1/36361] WARN  http.HttpRequestLog (HttpRequestLog.java:getRequestLog(103)) - Jetty request log can only be enabled using Log4j
2021-04-28 01:09:29,472 [Listener at 127.0.0.1/36361] INFO  http.HttpServer2 (HttpServer2.java:addGlobalFilter(1020)) - Added global filter 'safety' (class=org.apache.hadoop.hdds.server.http.HttpServer2$QuotingInputFilter)
2021-04-28 01:09:29,473 [Listener at 127.0.0.1/36361] INFO  http.HttpServer2 (HttpServer2.java:addFilter(996)) - Added filter static_user_filter (class=org.apache.hadoop.http.lib.StaticUserWebFilter$StaticUserFilter) to context hddsDatanode
2021-04-28 01:09:29,473 [Listener at 127.0.0.1/36361] INFO  http.HttpServer2 (HttpServer2.java:addFilter(1004)) - Added filter static_user_filter (class=org.apache.hadoop.http.lib.StaticUserWebFilter$StaticUserFilter) to context logs
2021-04-28 01:09:29,473 [Listener at 127.0.0.1/36361] INFO  http.HttpServer2 (HttpServer2.java:addFilter(1004)) - Added filter static_user_filter (class=org.apache.hadoop.http.lib.StaticUserWebFilter$StaticUserFilter) to context static
2021-04-28 01:09:29,473 [Listener at 127.0.0.1/36361] INFO  http.HttpServer2 (HttpServer2.java:bindListener(1238)) - Jetty bound to port 43827
2021-04-28 01:09:29,473 [Listener at 127.0.0.1/36361] INFO  server.Server (Server.java:doStart(375)) - jetty-9.4.35.v20201120; built: 2020-11-20T21:17:03.964Z; git: bdc54f03a5e0a7e280fab27f55c3c75ee8da89fb; jvm 1.8.0_232-b09
2021-04-28 01:09:29,475 [Listener at 127.0.0.1/36361] INFO  server.session (DefaultSessionIdManager.java:doStart(334)) - DefaultSessionIdManager workerName=node0
2021-04-28 01:09:29,475 [Listener at 127.0.0.1/36361] INFO  server.session (DefaultSessionIdManager.java:doStart(339)) - No SessionScavenger set, using defaults
2021-04-28 01:09:29,475 [Listener at 127.0.0.1/36361] INFO  server.session (HouseKeeper.java:startScavenging(132)) - node0 Scavenging every 600000ms
2021-04-28 01:09:29,476 [Listener at 127.0.0.1/36361] INFO  handler.ContextHandler (ContextHandler.java:doStart(916)) - Started o.e.j.s.ServletContextHandler@6d4e7bbe{logs,/logs,file:///github/workspace/mnt/ozone/hadoop-ozone/integration-test/target/log,AVAILABLE}
2021-04-28 01:09:29,476 [Listener at 127.0.0.1/36361] INFO  handler.ContextHandler (ContextHandler.java:doStart(916)) - Started o.e.j.s.ServletContextHandler@391e7317{static,/static,jar:file:/home/user/.m2/repository/org/apache/hadoop/hadoop-hdds-container-service/1.2.0-SNAPSHOT/hadoop-hdds-container-service-1.2.0-SNAPSHOT.jar!/webapps/static,AVAILABLE}
2021-04-28 01:09:29,619 [Listener at 127.0.0.1/36361] INFO  handler.ContextHandler (ContextHandler.java:doStart(916)) - Started o.e.j.w.WebAppContext@7ddb3311{hddsDatanode,/,file:///tmp/jetty-0_0_0_0-43827-hadoop-hdds-container-service-1_2_0-SNAPSHOT_jar-_-any-7513140602394574732/webapp/,AVAILABLE}{jar:file:/home/user/.m2/repository/org/apache/hadoop/hadoop-hdds-container-service/1.2.0-SNAPSHOT/hadoop-hdds-container-service-1.2.0-SNAPSHOT.jar!/webapps/hddsDatanode}
2021-04-28 01:09:29,622 [Listener at 127.0.0.1/36361] INFO  server.AbstractConnector (AbstractConnector.java:doStart(331)) - Started ServerConnector@1699f8de{HTTP/1.1, (http/1.1)}{0.0.0.0:43827}
2021-04-28 01:09:29,623 [Listener at 127.0.0.1/36361] INFO  server.Server (Server.java:doStart(415)) - Started @6673ms
2021-04-28 01:09:29,623 [Listener at 127.0.0.1/36361] WARN  impl.MetricsSystemImpl (MetricsSystemImpl.java:register(279)) - Sink prometheus already exists!
2021-04-28 01:09:29,627 [Listener at 127.0.0.1/36361] INFO  http.BaseHttpServer (BaseHttpServer.java:updateConnectorAddress(327)) - HTTP server of hddsDatanode listening at http://0.0.0.0:43827
2021-04-28 01:09:29,627 [Listener at 127.0.0.1/36361] INFO  impl.MetricsSystemImpl (MetricsSystemImpl.java:init(158)) - HddsDatanode metrics system started (again)
2021-04-28 01:09:29,628 [Listener at 127.0.0.1/36361] INFO  ozone.HddsDatanodeService (HddsDatanodeService.java:start(217)) - HddsDatanodeService host:c8a4b84cbf99 ip:172.17.0.2
2021-04-28 01:09:29,631 [Listener at 127.0.0.1/36361] INFO  volume.HddsVolume (HddsVolume.java:<init>(176)) - Creating Volume: /github/workspace/mnt/ozone/hadoop-ozone/integration-test/target/test-dir/MiniOzoneClusterImpl-d7076e4a-bb1a-46d0-b0f9-1975ab90d2da/datanode-6/data-0/containers/hdds of storage type : DISK and capacity : 9223372036854775807
2021-04-28 01:09:29,631 [Listener at 127.0.0.1/36361] INFO  volume.MutableVolumeSet (MutableVolumeSet.java:initializeVolumeSet(191)) - Added Volume : /github/workspace/mnt/ozone/hadoop-ozone/integration-test/target/test-dir/MiniOzoneClusterImpl-d7076e4a-bb1a-46d0-b0f9-1975ab90d2da/datanode-6/data-0/containers/hdds to VolumeSet
2021-04-28 01:09:29,636 [Listener at 127.0.0.1/36361] INFO  volume.ThrottledAsyncChecker (ThrottledAsyncChecker.java:schedule(141)) - Scheduling a check for /github/workspace/mnt/ozone/hadoop-ozone/integration-test/target/test-dir/MiniOzoneClusterImpl-d7076e4a-bb1a-46d0-b0f9-1975ab90d2da/datanode-6/data-0/containers/hdds
2021-04-28 01:09:29,639 [Listener at 127.0.0.1/36361] INFO  volume.HddsVolumeChecker (HddsVolumeChecker.java:checkAllVolumes(200)) - Scheduled health check for volume /github/workspace/mnt/ozone/hadoop-ozone/integration-test/target/test-dir/MiniOzoneClusterImpl-d7076e4a-bb1a-46d0-b0f9-1975ab90d2da/datanode-6/data-0/containers/hdds
2021-04-28 01:09:29,644 [org.apache.hadoop.util.JvmPauseMonitor$Monitor@571100a5] INFO  util.JvmPauseMonitor (JvmPauseMonitor.java:run(188)) - Starting JVM pause monitor
2021-04-28 01:09:29,647 [Datanode State Machine Task Thread - 0] INFO  datanode.InitDatanodeState (InitDatanodeState.java:persistContainerDatanodeDetails(145)) - DatanodeDetails is persisted to /github/workspace/mnt/ozone/hadoop-ozone/integration-test/target/test-dir/MiniOzoneClusterImpl-d7076e4a-bb1a-46d0-b0f9-1975ab90d2da/datanode-5/meta/datanode.id
2021-04-28 01:09:29,659 [Listener at 127.0.0.1/36361] INFO  ozoneimpl.ContainerReader (ContainerReader.java:<init>(98)) - Running in upgrade mode:true
2021-04-28 01:09:29,659 [Thread-195] INFO  ozoneimpl.ContainerReader (ContainerReader.java:readVolume(142)) - Start to verify containers on volume /github/workspace/mnt/ozone/hadoop-ozone/integration-test/target/test-dir/MiniOzoneClusterImpl-d7076e4a-bb1a-46d0-b0f9-1975ab90d2da/datanode-6/data-0/containers/hdds
2021-04-28 01:09:29,659 [Thread-195] INFO  ozoneimpl.ContainerReader (ContainerReader.java:readVolume(174)) - Finish verifying containers on volume /github/workspace/mnt/ozone/hadoop-ozone/integration-test/target/test-dir/MiniOzoneClusterImpl-d7076e4a-bb1a-46d0-b0f9-1975ab90d2da/datanode-6/data-0/containers/hdds
2021-04-28 01:09:29,659 [Listener at 127.0.0.1/36361] INFO  ozoneimpl.OzoneContainer (OzoneContainer.java:buildContainerSet(225)) - Build ContainerSet costs 0s
2021-04-28 01:09:29,662 [Listener at 127.0.0.1/36361] INFO  server.RaftServer (ConfUtils.java:logGet(44)) - raft.rpc.type = GRPC (default)
2021-04-28 01:09:29,662 [Listener at 127.0.0.1/36361] INFO  grpc.GrpcFactory (GrpcFactory.java:checkPooledByteBufAllocatorUseCacheForAllThreads(48)) - PERFORMANCE WARNING: useCacheForAllThreads is true that may cause Netty to create a lot garbage objects and, as a result, trigger GC.
	It is recommended to disable useCacheForAllThreads by setting -Dorg.apache.ratis.thirdparty.io.netty.allocator.useCacheForAllThreads=false in command line.
2021-04-28 01:09:29,662 [Listener at 127.0.0.1/36361] INFO  grpc.GrpcConfigKeys (ConfUtils.java:logGet(44)) - raft.grpc.admin.port = 0 (custom)
2021-04-28 01:09:29,662 [Listener at 127.0.0.1/36361] INFO  grpc.GrpcConfigKeys (ConfUtils.java:logGet(44)) - raft.grpc.client.port = 0 (custom)
2021-04-28 01:09:29,662 [Listener at 127.0.0.1/36361] INFO  grpc.GrpcConfigKeys (ConfUtils.java:logGet(44)) - raft.grpc.server.port = 0 (default)
2021-04-28 01:09:29,662 [Listener at 127.0.0.1/36361] INFO  server.GrpcService (ConfUtils.java:logGet(44)) - raft.grpc.message.size.max = 32MB (=33554432) (custom)
2021-04-28 01:09:29,663 [Listener at 127.0.0.1/36361] INFO  server.RaftServerConfigKeys (ConfUtils.java:logGet(44)) - raft.server.log.appender.buffer.byte-limit = 33554432 (custom)
2021-04-28 01:09:29,663 [Listener at 127.0.0.1/36361] INFO  server.GrpcService (ConfUtils.java:logGet(44)) - raft.grpc.flow.control.window = 5MB (=5242880) (custom)
2021-04-28 01:09:29,663 [Listener at 127.0.0.1/36361] INFO  server.RaftServerConfigKeys (ConfUtils.java:logGet(44)) - raft.server.rpc.request.timeout = 3000ms (default)
2021-04-28 01:09:29,664 [Listener at 127.0.0.1/36361] INFO  impl.DataStreamServerImpl (ConfUtils.java:logGet(44)) - raft.datastream.type = DISABLED (default)
2021-04-28 01:09:29,664 [Listener at 127.0.0.1/36361] INFO  server.RaftServerConfigKeys (ConfUtils.java:logGet(44)) - raft.server.rpc.slowness.timeout = 300000ms (custom)
2021-04-28 01:09:29,664 [Listener at 127.0.0.1/36361] INFO  server.RaftServerConfigKeys (ConfUtils.java:logGet(44)) - raft.server.leaderelection.leader.step-down.wait-time = 10s (default)
2021-04-28 01:09:29,664 [Listener at 127.0.0.1/36361] INFO  server.RaftServerConfigKeys (ConfUtils.java:logGet(44)) - raft.server.storage.dir = [/github/workspace/mnt/ozone/hadoop-ozone/integration-test/target/test-dir/MiniOzoneClusterImpl-d7076e4a-bb1a-46d0-b0f9-1975ab90d2da/datanode-6/data/ratis] (custom)
2021-04-28 01:09:29,670 [Listener at 127.0.0.1/36361] INFO  http.BaseHttpServer (BaseHttpServer.java:newHttpServer2BuilderForOzone(207)) - Starting Web-server for hddsDatanode at: http://0.0.0.0:0
2021-04-28 01:09:29,670 [Listener at 127.0.0.1/36361] INFO  http.BaseHttpServer (BaseHttpServer.java:<init>(106)) - Hadoop Security Enabled: false Ozone Security Enabled: false Ozone HTTP Security Enabled: false 
2021-04-28 01:09:29,671 [Listener at 127.0.0.1/36361] INFO  server.AuthenticationFilter (AuthenticationFilter.java:constructSecretProvider(240)) - Unable to initialize FileSignerSecretProvider, falling back to use random secrets.
2021-04-28 01:09:29,672 [Listener at 127.0.0.1/36361] WARN  http.HttpRequestLog (HttpRequestLog.java:getRequestLog(103)) - Jetty request log can only be enabled using Log4j
2021-04-28 01:09:29,673 [Listener at 127.0.0.1/36361] INFO  http.HttpServer2 (HttpServer2.java:addGlobalFilter(1020)) - Added global filter 'safety' (class=org.apache.hadoop.hdds.server.http.HttpServer2$QuotingInputFilter)
2021-04-28 01:09:29,673 [Listener at 127.0.0.1/36361] INFO  http.HttpServer2 (HttpServer2.java:addFilter(996)) - Added filter static_user_filter (class=org.apache.hadoop.http.lib.StaticUserWebFilter$StaticUserFilter) to context hddsDatanode
2021-04-28 01:09:29,674 [Listener at 127.0.0.1/36361] INFO  http.HttpServer2 (HttpServer2.java:addFilter(1004)) - Added filter static_user_filter (class=org.apache.hadoop.http.lib.StaticUserWebFilter$StaticUserFilter) to context static
2021-04-28 01:09:29,674 [Listener at 127.0.0.1/36361] INFO  http.HttpServer2 (HttpServer2.java:addFilter(1004)) - Added filter static_user_filter (class=org.apache.hadoop.http.lib.StaticUserWebFilter$StaticUserFilter) to context logs
2021-04-28 01:09:29,674 [Listener at 127.0.0.1/36361] INFO  http.HttpServer2 (HttpServer2.java:bindListener(1238)) - Jetty bound to port 43197
2021-04-28 01:09:29,674 [Listener at 127.0.0.1/36361] INFO  server.Server (Server.java:doStart(375)) - jetty-9.4.35.v20201120; built: 2020-11-20T21:17:03.964Z; git: bdc54f03a5e0a7e280fab27f55c3c75ee8da89fb; jvm 1.8.0_232-b09
2021-04-28 01:09:29,677 [Listener at 127.0.0.1/36361] INFO  server.session (DefaultSessionIdManager.java:doStart(334)) - DefaultSessionIdManager workerName=node0
2021-04-28 01:09:29,677 [Listener at 127.0.0.1/36361] INFO  server.session (DefaultSessionIdManager.java:doStart(339)) - No SessionScavenger set, using defaults
2021-04-28 01:09:29,678 [Listener at 127.0.0.1/36361] INFO  server.session (HouseKeeper.java:startScavenging(132)) - node0 Scavenging every 660000ms
2021-04-28 01:09:29,678 [Listener at 127.0.0.1/36361] INFO  handler.ContextHandler (ContextHandler.java:doStart(916)) - Started o.e.j.s.ServletContextHandler@68c8279e{logs,/logs,file:///github/workspace/mnt/ozone/hadoop-ozone/integration-test/target/log,AVAILABLE}
2021-04-28 01:09:29,679 [Listener at 127.0.0.1/36361] INFO  handler.ContextHandler (ContextHandler.java:doStart(916)) - Started o.e.j.s.ServletContextHandler@7e1f1cde{static,/static,jar:file:/home/user/.m2/repository/org/apache/hadoop/hadoop-hdds-container-service/1.2.0-SNAPSHOT/hadoop-hdds-container-service-1.2.0-SNAPSHOT.jar!/webapps/static,AVAILABLE}
2021-04-28 01:09:29,818 [Listener at 127.0.0.1/36361] INFO  handler.ContextHandler (ContextHandler.java:doStart(916)) - Started o.e.j.w.WebAppContext@18ceb732{hddsDatanode,/,file:///tmp/jetty-0_0_0_0-43197-hadoop-hdds-container-service-1_2_0-SNAPSHOT_jar-_-any-1837199022525167054/webapp/,AVAILABLE}{jar:file:/home/user/.m2/repository/org/apache/hadoop/hadoop-hdds-container-service/1.2.0-SNAPSHOT/hadoop-hdds-container-service-1.2.0-SNAPSHOT.jar!/webapps/hddsDatanode}
2021-04-28 01:09:29,819 [Listener at 127.0.0.1/36361] INFO  server.AbstractConnector (AbstractConnector.java:doStart(331)) - Started ServerConnector@611ce253{HTTP/1.1, (http/1.1)}{0.0.0.0:43197}
2021-04-28 01:09:29,821 [Listener at 127.0.0.1/36361] INFO  server.Server (Server.java:doStart(415)) - Started @6872ms
2021-04-28 01:09:29,821 [Listener at 127.0.0.1/36361] WARN  impl.MetricsSystemImpl (MetricsSystemImpl.java:register(279)) - Sink prometheus already exists!
2021-04-28 01:09:29,900 [Listener at 127.0.0.1/36361] INFO  http.BaseHttpServer (BaseHttpServer.java:updateConnectorAddress(327)) - HTTP server of hddsDatanode listening at http://0.0.0.0:43197
2021-04-28 01:09:29,903 [Listener at 127.0.0.1/36361] INFO  ozone.MiniOzoneClusterImpl (MiniOzoneClusterImpl.java:lambda$waitForClusterToBeReady$0(224)) - Waiting for nodes to be ready. Got 0 of 7 DN Heartbeats.
2021-04-28 01:09:29,903 [Listener at 127.0.0.1/36361] INFO  ozone.MiniOzoneClusterImpl (MiniOzoneClusterImpl.java:lambda$waitForClusterToBeReady$0(227)) - Waiting for cluster to exit safe mode
2021-04-28 01:09:29,903 [Listener at 127.0.0.1/36361] INFO  ozone.MiniOzoneClusterImpl (MiniOzoneClusterImpl.java:lambda$waitForClusterToBeReady$0(230)) - SCM became leader
2021-04-28 01:09:29,909 [org.apache.hadoop.util.JvmPauseMonitor$Monitor@7e19c70c] INFO  util.JvmPauseMonitor (JvmPauseMonitor.java:run(188)) - Starting JVM pause monitor
2021-04-28 01:09:29,911 [Datanode State Machine Task Thread - 0] INFO  datanode.InitDatanodeState (InitDatanodeState.java:persistContainerDatanodeDetails(145)) - DatanodeDetails is persisted to /github/workspace/mnt/ozone/hadoop-ozone/integration-test/target/test-dir/MiniOzoneClusterImpl-d7076e4a-bb1a-46d0-b0f9-1975ab90d2da/datanode-6/meta/datanode.id
2021-04-28 01:09:30,352 [EndpointStateMachine task thread for /0.0.0.0:46599 - 0 ] INFO  ozoneimpl.OzoneContainer (OzoneContainer.java:start(292)) - Attempting to start container services.
2021-04-28 01:09:30,354 [EndpointStateMachine task thread for /0.0.0.0:46599 - 0 ] INFO  ozoneimpl.OzoneContainer (OzoneContainer.java:startContainerScrub(238)) - Background container scanner has been disabled.
2021-04-28 01:09:30,359 [EndpointStateMachine task thread for /0.0.0.0:46599 - 0 ] INFO  replication.ReplicationServer (ReplicationServer.java:start(106)) - ReplicationServer is started using port 38781
2021-04-28 01:09:30,362 [EndpointStateMachine task thread for /0.0.0.0:46599 - 0 ] INFO  ratis.XceiverServerRatis (XceiverServerRatis.java:start(490)) - Starting XceiverServerRatis 43d3847f-81c3-43e7-b86e-40be164eab80
2021-04-28 01:09:30,366 [EndpointStateMachine task thread for /0.0.0.0:46599 - 0 ] INFO  server.RaftServer (RaftServerProxy.java:lambda$start$5(374)) - 43d3847f-81c3-43e7-b86e-40be164eab80: start RPC server
2021-04-28 01:09:30,367 [EndpointStateMachine task thread for /0.0.0.0:46599 - 0 ] INFO  server.GrpcService (GrpcService.java:startImpl(253)) - 43d3847f-81c3-43e7-b86e-40be164eab80: GrpcService started, listening on 36611
2021-04-28 01:09:30,369 [EndpointStateMachine task thread for /0.0.0.0:46599 - 0 ] INFO  ratis.XceiverServerRatis (XceiverServerRatis.java:getRealPort(511)) - XceiverServerRatis 43d3847f-81c3-43e7-b86e-40be164eab80 is started using port 36611 for RATIS
2021-04-28 01:09:30,369 [EndpointStateMachine task thread for /0.0.0.0:46599 - 0 ] INFO  ratis.XceiverServerRatis (XceiverServerRatis.java:getRealPort(511)) - XceiverServerRatis 43d3847f-81c3-43e7-b86e-40be164eab80 is started using port 36611 for RATIS_ADMIN
2021-04-28 01:09:30,369 [EndpointStateMachine task thread for /0.0.0.0:46599 - 0 ] INFO  ratis.XceiverServerRatis (XceiverServerRatis.java:getRealPort(511)) - XceiverServerRatis 43d3847f-81c3-43e7-b86e-40be164eab80 is started using port 36611 for RATIS_SERVER
2021-04-28 01:09:30,370 [org.apache.ratis.util.JvmPauseMonitor$$Lambda$504/1823345790@1f44e2ac] INFO  util.JvmPauseMonitor (JvmPauseMonitor.java:run(103)) - JvmPauseMonitor-43d3847f-81c3-43e7-b86e-40be164eab80: Started
2021-04-28 01:09:30,370 [EndpointStateMachine task thread for /0.0.0.0:46599 - 0 ] INFO  server.XceiverServerGrpc (XceiverServerGrpc.java:start(135)) - XceiverServerGrpc 43d3847f-81c3-43e7-b86e-40be164eab80 is started using port 46017
2021-04-28 01:09:30,711 [EndpointStateMachine task thread for /0.0.0.0:46599 - 0 ] INFO  ozoneimpl.OzoneContainer (OzoneContainer.java:start(292)) - Attempting to start container services.
2021-04-28 01:09:30,712 [EndpointStateMachine task thread for /0.0.0.0:46599 - 0 ] INFO  ozoneimpl.OzoneContainer (OzoneContainer.java:startContainerScrub(238)) - Background container scanner has been disabled.
2021-04-28 01:09:30,717 [EndpointStateMachine task thread for /0.0.0.0:46599 - 0 ] INFO  replication.ReplicationServer (ReplicationServer.java:start(106)) - ReplicationServer is started using port 46685
2021-04-28 01:09:30,722 [EndpointStateMachine task thread for /0.0.0.0:46599 - 0 ] INFO  ratis.XceiverServerRatis (XceiverServerRatis.java:start(490)) - Starting XceiverServerRatis f65384a4-a8a4-4787-a0e5-96e28e751202
2021-04-28 01:09:30,728 [EndpointStateMachine task thread for /0.0.0.0:46599 - 0 ] INFO  server.RaftServer (RaftServerProxy.java:lambda$start$5(374)) - f65384a4-a8a4-4787-a0e5-96e28e751202: start RPC server
2021-04-28 01:09:30,729 [EndpointStateMachine task thread for /0.0.0.0:46599 - 0 ] INFO  server.GrpcService (GrpcService.java:startImpl(253)) - f65384a4-a8a4-4787-a0e5-96e28e751202: GrpcService started, listening on 43161
2021-04-28 01:09:30,729 [EndpointStateMachine task thread for /0.0.0.0:46599 - 0 ] INFO  ratis.XceiverServerRatis (XceiverServerRatis.java:getRealPort(511)) - XceiverServerRatis f65384a4-a8a4-4787-a0e5-96e28e751202 is started using port 43161 for RATIS
2021-04-28 01:09:30,729 [org.apache.ratis.util.JvmPauseMonitor$$Lambda$504/1823345790@408bdd6f] INFO  util.JvmPauseMonitor (JvmPauseMonitor.java:run(103)) - JvmPauseMonitor-f65384a4-a8a4-4787-a0e5-96e28e751202: Started
2021-04-28 01:09:30,729 [EndpointStateMachine task thread for /0.0.0.0:46599 - 0 ] INFO  ratis.XceiverServerRatis (XceiverServerRatis.java:getRealPort(511)) - XceiverServerRatis f65384a4-a8a4-4787-a0e5-96e28e751202 is started using port 43161 for RATIS_ADMIN
2021-04-28 01:09:30,730 [EndpointStateMachine task thread for /0.0.0.0:46599 - 0 ] INFO  ratis.XceiverServerRatis (XceiverServerRatis.java:getRealPort(511)) - XceiverServerRatis f65384a4-a8a4-4787-a0e5-96e28e751202 is started using port 43161 for RATIS_SERVER
2021-04-28 01:09:30,730 [EndpointStateMachine task thread for /0.0.0.0:46599 - 0 ] INFO  server.XceiverServerGrpc (XceiverServerGrpc.java:start(135)) - XceiverServerGrpc f65384a4-a8a4-4787-a0e5-96e28e751202 is started using port 34083
2021-04-28 01:09:30,903 [Listener at 127.0.0.1/36361] INFO  ozone.MiniOzoneClusterImpl (MiniOzoneClusterImpl.java:lambda$waitForClusterToBeReady$0(224)) - Waiting for nodes to be ready. Got 0 of 7 DN Heartbeats.
2021-04-28 01:09:30,904 [Listener at 127.0.0.1/36361] INFO  ozone.MiniOzoneClusterImpl (MiniOzoneClusterImpl.java:lambda$waitForClusterToBeReady$0(227)) - Waiting for cluster to exit safe mode
2021-04-28 01:09:30,904 [Listener at 127.0.0.1/36361] INFO  ozone.MiniOzoneClusterImpl (MiniOzoneClusterImpl.java:lambda$waitForClusterToBeReady$0(230)) - SCM became leader
2021-04-28 01:09:31,037 [EndpointStateMachine task thread for /0.0.0.0:46599 - 0 ] INFO  ozoneimpl.OzoneContainer (OzoneContainer.java:start(292)) - Attempting to start container services.
2021-04-28 01:09:31,039 [EndpointStateMachine task thread for /0.0.0.0:46599 - 0 ] INFO  ozoneimpl.OzoneContainer (OzoneContainer.java:startContainerScrub(238)) - Background container scanner has been disabled.
2021-04-28 01:09:31,042 [EndpointStateMachine task thread for /0.0.0.0:46599 - 0 ] INFO  replication.ReplicationServer (ReplicationServer.java:start(106)) - ReplicationServer is started using port 42143
2021-04-28 01:09:31,043 [EndpointStateMachine task thread for /0.0.0.0:46599 - 0 ] INFO  ratis.XceiverServerRatis (XceiverServerRatis.java:start(490)) - Starting XceiverServerRatis 42fd2707-1841-40d3-b54b-6f39f935cc38
2021-04-28 01:09:31,044 [EndpointStateMachine task thread for /0.0.0.0:46599 - 0 ] INFO  server.RaftServer (RaftServerProxy.java:lambda$start$5(374)) - 42fd2707-1841-40d3-b54b-6f39f935cc38: start RPC server
2021-04-28 01:09:31,045 [EndpointStateMachine task thread for /0.0.0.0:46599 - 0 ] INFO  server.GrpcService (GrpcService.java:startImpl(253)) - 42fd2707-1841-40d3-b54b-6f39f935cc38: GrpcService started, listening on 41223
2021-04-28 01:09:31,046 [EndpointStateMachine task thread for /0.0.0.0:46599 - 0 ] INFO  ratis.XceiverServerRatis (XceiverServerRatis.java:getRealPort(511)) - XceiverServerRatis 42fd2707-1841-40d3-b54b-6f39f935cc38 is started using port 41223 for RATIS
2021-04-28 01:09:31,046 [EndpointStateMachine task thread for /0.0.0.0:46599 - 0 ] INFO  ratis.XceiverServerRatis (XceiverServerRatis.java:getRealPort(511)) - XceiverServerRatis 42fd2707-1841-40d3-b54b-6f39f935cc38 is started using port 41223 for RATIS_ADMIN
2021-04-28 01:09:31,046 [EndpointStateMachine task thread for /0.0.0.0:46599 - 0 ] INFO  ratis.XceiverServerRatis (XceiverServerRatis.java:getRealPort(511)) - XceiverServerRatis 42fd2707-1841-40d3-b54b-6f39f935cc38 is started using port 41223 for RATIS_SERVER
2021-04-28 01:09:31,046 [org.apache.ratis.util.JvmPauseMonitor$$Lambda$504/1823345790@622ec151] INFO  util.JvmPauseMonitor (JvmPauseMonitor.java:run(103)) - JvmPauseMonitor-42fd2707-1841-40d3-b54b-6f39f935cc38: Started
2021-04-28 01:09:31,052 [EndpointStateMachine task thread for /0.0.0.0:46599 - 0 ] INFO  server.XceiverServerGrpc (XceiverServerGrpc.java:start(135)) - XceiverServerGrpc 42fd2707-1841-40d3-b54b-6f39f935cc38 is started using port 42535
2021-04-28 01:09:31,248 [EndpointStateMachine task thread for /0.0.0.0:46599 - 0 ] INFO  ozoneimpl.OzoneContainer (OzoneContainer.java:start(292)) - Attempting to start container services.
2021-04-28 01:09:31,248 [EndpointStateMachine task thread for /0.0.0.0:46599 - 0 ] INFO  ozoneimpl.OzoneContainer (OzoneContainer.java:startContainerScrub(238)) - Background container scanner has been disabled.
2021-04-28 01:09:31,250 [EndpointStateMachine task thread for /0.0.0.0:46599 - 0 ] INFO  replication.ReplicationServer (ReplicationServer.java:start(106)) - ReplicationServer is started using port 39815
2021-04-28 01:09:31,250 [EndpointStateMachine task thread for /0.0.0.0:46599 - 0 ] INFO  ratis.XceiverServerRatis (XceiverServerRatis.java:start(490)) - Starting XceiverServerRatis 3dc34c93-7aa4-4f5d-882a-22c345cc0d73
2021-04-28 01:09:31,252 [EndpointStateMachine task thread for /0.0.0.0:46599 - 0 ] INFO  server.RaftServer (RaftServerProxy.java:lambda$start$5(374)) - 3dc34c93-7aa4-4f5d-882a-22c345cc0d73: start RPC server
2021-04-28 01:09:31,254 [EndpointStateMachine task thread for /0.0.0.0:46599 - 0 ] INFO  server.GrpcService (GrpcService.java:startImpl(253)) - 3dc34c93-7aa4-4f5d-882a-22c345cc0d73: GrpcService started, listening on 34555
2021-04-28 01:09:31,254 [EndpointStateMachine task thread for /0.0.0.0:46599 - 0 ] INFO  ratis.XceiverServerRatis (XceiverServerRatis.java:getRealPort(511)) - XceiverServerRatis 3dc34c93-7aa4-4f5d-882a-22c345cc0d73 is started using port 34555 for RATIS
2021-04-28 01:09:31,254 [org.apache.ratis.util.JvmPauseMonitor$$Lambda$504/1823345790@95d0caf] INFO  util.JvmPauseMonitor (JvmPauseMonitor.java:run(103)) - JvmPauseMonitor-3dc34c93-7aa4-4f5d-882a-22c345cc0d73: Started
2021-04-28 01:09:31,254 [EndpointStateMachine task thread for /0.0.0.0:46599 - 0 ] INFO  ratis.XceiverServerRatis (XceiverServerRatis.java:getRealPort(511)) - XceiverServerRatis 3dc34c93-7aa4-4f5d-882a-22c345cc0d73 is started using port 34555 for RATIS_ADMIN
2021-04-28 01:09:31,254 [EndpointStateMachine task thread for /0.0.0.0:46599 - 0 ] INFO  ratis.XceiverServerRatis (XceiverServerRatis.java:getRealPort(511)) - XceiverServerRatis 3dc34c93-7aa4-4f5d-882a-22c345cc0d73 is started using port 34555 for RATIS_SERVER
2021-04-28 01:09:31,256 [EndpointStateMachine task thread for /0.0.0.0:46599 - 0 ] INFO  server.XceiverServerGrpc (XceiverServerGrpc.java:start(135)) - XceiverServerGrpc 3dc34c93-7aa4-4f5d-882a-22c345cc0d73 is started using port 36395
2021-04-28 01:09:31,470 [EndpointStateMachine task thread for /0.0.0.0:46599 - 0 ] INFO  ozoneimpl.OzoneContainer (OzoneContainer.java:start(292)) - Attempting to start container services.
2021-04-28 01:09:31,470 [EndpointStateMachine task thread for /0.0.0.0:46599 - 0 ] INFO  ozoneimpl.OzoneContainer (OzoneContainer.java:startContainerScrub(238)) - Background container scanner has been disabled.
2021-04-28 01:09:31,472 [EndpointStateMachine task thread for /0.0.0.0:46599 - 0 ] INFO  replication.ReplicationServer (ReplicationServer.java:start(106)) - ReplicationServer is started using port 42367
2021-04-28 01:09:31,473 [EndpointStateMachine task thread for /0.0.0.0:46599 - 0 ] INFO  ratis.XceiverServerRatis (XceiverServerRatis.java:start(490)) - Starting XceiverServerRatis c9444e84-7d1e-434a-8350-34c756d48665
2021-04-28 01:09:31,473 [EndpointStateMachine task thread for /0.0.0.0:46599 - 0 ] INFO  server.RaftServer (RaftServerProxy.java:lambda$start$5(374)) - c9444e84-7d1e-434a-8350-34c756d48665: start RPC server
2021-04-28 01:09:31,474 [EndpointStateMachine task thread for /0.0.0.0:46599 - 0 ] INFO  server.GrpcService (GrpcService.java:startImpl(253)) - c9444e84-7d1e-434a-8350-34c756d48665: GrpcService started, listening on 40945
2021-04-28 01:09:31,475 [EndpointStateMachine task thread for /0.0.0.0:46599 - 0 ] INFO  ratis.XceiverServerRatis (XceiverServerRatis.java:getRealPort(511)) - XceiverServerRatis c9444e84-7d1e-434a-8350-34c756d48665 is started using port 40945 for RATIS
2021-04-28 01:09:31,475 [EndpointStateMachine task thread for /0.0.0.0:46599 - 0 ] INFO  ratis.XceiverServerRatis (XceiverServerRatis.java:getRealPort(511)) - XceiverServerRatis c9444e84-7d1e-434a-8350-34c756d48665 is started using port 40945 for RATIS_ADMIN
2021-04-28 01:09:31,475 [EndpointStateMachine task thread for /0.0.0.0:46599 - 0 ] INFO  ratis.XceiverServerRatis (XceiverServerRatis.java:getRealPort(511)) - XceiverServerRatis c9444e84-7d1e-434a-8350-34c756d48665 is started using port 40945 for RATIS_SERVER
2021-04-28 01:09:31,476 [org.apache.ratis.util.JvmPauseMonitor$$Lambda$504/1823345790@606a7e5d] INFO  util.JvmPauseMonitor (JvmPauseMonitor.java:run(103)) - JvmPauseMonitor-c9444e84-7d1e-434a-8350-34c756d48665: Started
2021-04-28 01:09:31,476 [EndpointStateMachine task thread for /0.0.0.0:46599 - 0 ] INFO  server.XceiverServerGrpc (XceiverServerGrpc.java:start(135)) - XceiverServerGrpc c9444e84-7d1e-434a-8350-34c756d48665 is started using port 34205
2021-04-28 01:09:31,648 [EndpointStateMachine task thread for /0.0.0.0:46599 - 0 ] INFO  ozoneimpl.OzoneContainer (OzoneContainer.java:start(292)) - Attempting to start container services.
2021-04-28 01:09:31,649 [EndpointStateMachine task thread for /0.0.0.0:46599 - 0 ] INFO  ozoneimpl.OzoneContainer (OzoneContainer.java:startContainerScrub(238)) - Background container scanner has been disabled.
2021-04-28 01:09:31,650 [EndpointStateMachine task thread for /0.0.0.0:46599 - 0 ] INFO  replication.ReplicationServer (ReplicationServer.java:start(106)) - ReplicationServer is started using port 43429
2021-04-28 01:09:31,651 [EndpointStateMachine task thread for /0.0.0.0:46599 - 0 ] INFO  ratis.XceiverServerRatis (XceiverServerRatis.java:start(490)) - Starting XceiverServerRatis 0fca32f9-76ae-40c1-a223-13204f8d545a
2021-04-28 01:09:31,652 [EndpointStateMachine task thread for /0.0.0.0:46599 - 0 ] INFO  server.RaftServer (RaftServerProxy.java:lambda$start$5(374)) - 0fca32f9-76ae-40c1-a223-13204f8d545a: start RPC server
2021-04-28 01:09:31,654 [EndpointStateMachine task thread for /0.0.0.0:46599 - 0 ] INFO  server.GrpcService (GrpcService.java:startImpl(253)) - 0fca32f9-76ae-40c1-a223-13204f8d545a: GrpcService started, listening on 34055
2021-04-28 01:09:31,654 [EndpointStateMachine task thread for /0.0.0.0:46599 - 0 ] INFO  ratis.XceiverServerRatis (XceiverServerRatis.java:getRealPort(511)) - XceiverServerRatis 0fca32f9-76ae-40c1-a223-13204f8d545a is started using port 34055 for RATIS
2021-04-28 01:09:31,654 [org.apache.ratis.util.JvmPauseMonitor$$Lambda$504/1823345790@67c085d8] INFO  util.JvmPauseMonitor (JvmPauseMonitor.java:run(103)) - JvmPauseMonitor-0fca32f9-76ae-40c1-a223-13204f8d545a: Started
2021-04-28 01:09:31,654 [EndpointStateMachine task thread for /0.0.0.0:46599 - 0 ] INFO  ratis.XceiverServerRatis (XceiverServerRatis.java:getRealPort(511)) - XceiverServerRatis 0fca32f9-76ae-40c1-a223-13204f8d545a is started using port 34055 for RATIS_ADMIN
2021-04-28 01:09:31,655 [EndpointStateMachine task thread for /0.0.0.0:46599 - 0 ] INFO  ratis.XceiverServerRatis (XceiverServerRatis.java:getRealPort(511)) - XceiverServerRatis 0fca32f9-76ae-40c1-a223-13204f8d545a is started using port 34055 for RATIS_SERVER
2021-04-28 01:09:31,656 [EndpointStateMachine task thread for /0.0.0.0:46599 - 0 ] INFO  server.XceiverServerGrpc (XceiverServerGrpc.java:start(135)) - XceiverServerGrpc 0fca32f9-76ae-40c1-a223-13204f8d545a is started using port 39971
2021-04-28 01:09:31,904 [Listener at 127.0.0.1/36361] INFO  ozone.MiniOzoneClusterImpl (MiniOzoneClusterImpl.java:lambda$waitForClusterToBeReady$0(224)) - Waiting for nodes to be ready. Got 0 of 7 DN Heartbeats.
2021-04-28 01:09:31,904 [Listener at 127.0.0.1/36361] INFO  ozone.MiniOzoneClusterImpl (MiniOzoneClusterImpl.java:lambda$waitForClusterToBeReady$0(227)) - Waiting for cluster to exit safe mode
2021-04-28 01:09:31,904 [Listener at 127.0.0.1/36361] INFO  ozone.MiniOzoneClusterImpl (MiniOzoneClusterImpl.java:lambda$waitForClusterToBeReady$0(230)) - SCM became leader
2021-04-28 01:09:31,914 [EndpointStateMachine task thread for /0.0.0.0:46599 - 0 ] INFO  ozoneimpl.OzoneContainer (OzoneContainer.java:start(292)) - Attempting to start container services.
2021-04-28 01:09:31,914 [EndpointStateMachine task thread for /0.0.0.0:46599 - 0 ] INFO  ozoneimpl.OzoneContainer (OzoneContainer.java:startContainerScrub(238)) - Background container scanner has been disabled.
2021-04-28 01:09:31,920 [EndpointStateMachine task thread for /0.0.0.0:46599 - 0 ] INFO  replication.ReplicationServer (ReplicationServer.java:start(106)) - ReplicationServer is started using port 38465
2021-04-28 01:09:31,920 [EndpointStateMachine task thread for /0.0.0.0:46599 - 0 ] INFO  ratis.XceiverServerRatis (XceiverServerRatis.java:start(490)) - Starting XceiverServerRatis 516c2186-7081-446e-b4e0-00439124a839
2021-04-28 01:09:31,921 [EndpointStateMachine task thread for /0.0.0.0:46599 - 0 ] INFO  server.RaftServer (RaftServerProxy.java:lambda$start$5(374)) - 516c2186-7081-446e-b4e0-00439124a839: start RPC server
2021-04-28 01:09:31,923 [EndpointStateMachine task thread for /0.0.0.0:46599 - 0 ] INFO  server.GrpcService (GrpcService.java:startImpl(253)) - 516c2186-7081-446e-b4e0-00439124a839: GrpcService started, listening on 39685
2021-04-28 01:09:31,923 [EndpointStateMachine task thread for /0.0.0.0:46599 - 0 ] INFO  ratis.XceiverServerRatis (XceiverServerRatis.java:getRealPort(511)) - XceiverServerRatis 516c2186-7081-446e-b4e0-00439124a839 is started using port 39685 for RATIS
2021-04-28 01:09:31,924 [EndpointStateMachine task thread for /0.0.0.0:46599 - 0 ] INFO  ratis.XceiverServerRatis (XceiverServerRatis.java:getRealPort(511)) - XceiverServerRatis 516c2186-7081-446e-b4e0-00439124a839 is started using port 39685 for RATIS_ADMIN
2021-04-28 01:09:31,924 [EndpointStateMachine task thread for /0.0.0.0:46599 - 0 ] INFO  ratis.XceiverServerRatis (XceiverServerRatis.java:getRealPort(511)) - XceiverServerRatis 516c2186-7081-446e-b4e0-00439124a839 is started using port 39685 for RATIS_SERVER
2021-04-28 01:09:31,924 [org.apache.ratis.util.JvmPauseMonitor$$Lambda$504/1823345790@73b222bc] INFO  util.JvmPauseMonitor (JvmPauseMonitor.java:run(103)) - JvmPauseMonitor-516c2186-7081-446e-b4e0-00439124a839: Started
2021-04-28 01:09:31,925 [EndpointStateMachine task thread for /0.0.0.0:46599 - 0 ] INFO  server.XceiverServerGrpc (XceiverServerGrpc.java:start(135)) - XceiverServerGrpc 516c2186-7081-446e-b4e0-00439124a839 is started using port 42529
2021-04-28 01:09:32,335 [IPC Server handler 4 on default port 46599] INFO  net.NetworkTopologyImpl (NetworkTopologyImpl.java:add(112)) - Added a new node: /default-rack/43d3847f-81c3-43e7-b86e-40be164eab80
2021-04-28 01:09:32,338 [IPC Server handler 4 on default port 46599] INFO  node.SCMNodeManager (SCMNodeManager.java:register(348)) - Registered Data node : 43d3847f-81c3-43e7-b86e-40be164eab80{ip: 172.17.0.2, host: c8a4b84cbf99, ports: [REPLICATION=38781, RATIS=36611, RATIS_ADMIN=36611, RATIS_SERVER=36611, STANDALONE=46017], networkLocation: /default-rack, certSerialId: null, persistedOpState: null, persistedOpStateExpiryEpochSec: 0}
2021-04-28 01:09:32,340 [EventQueue-NewNodeForNewNodeHandler] INFO  pipeline.BackgroundPipelineCreator (BackgroundPipelineCreatorV2.java:notifyEventTriggered(282)) - trigger a one-shot run on RatisPipelineUtilsThread.
2021-04-28 01:09:32,343 [EventQueue-NodeRegistrationContainerReportForContainerSafeModeRule] INFO  safemode.SCMSafeModeManager (SCMSafeModeManager.java:validateSafeModeExitRules(201)) - ContainerSafeModeRule rule is successfully validated
2021-04-28 01:09:32,343 [EventQueue-NodeRegistrationContainerReportForDataNodeSafeModeRule] INFO  safemode.SCMSafeModeManager (DataNodeSafeModeRule.java:process(71)) - SCM in safe mode. 1 DataNodes registered, 1 required.
2021-04-28 01:09:32,343 [EventQueue-NodeRegistrationContainerReportForDataNodeSafeModeRule] INFO  safemode.SCMSafeModeManager (SCMSafeModeManager.java:validateSafeModeExitRules(201)) - DataNodeSafeModeRule rule is successfully validated
2021-04-28 01:09:32,343 [EventQueue-NodeRegistrationContainerReportForDataNodeSafeModeRule] INFO  safemode.SCMSafeModeManager (SCMSafeModeManager.java:completePreCheck(229)) - All SCM safe mode pre check rules have passed
2021-04-28 01:09:32,343 [EventQueue-NodeRegistrationContainerReportForDataNodeSafeModeRule] WARN  events.EventQueue (EventQueue.java:fireEvent(185)) - No event handler registered for event TypedEvent{payloadType=SafeModeStatus, name='Safe mode status'}
2021-04-28 01:09:32,343 [EventQueue-NodeRegistrationContainerReportForDataNodeSafeModeRule] INFO  ha.SCMContext (SCMContext.java:updateSafeModeStatus(147)) - Update SafeModeStatus from SafeModeStatus{safeModeStatus=true, preCheckPassed=false} to SafeModeStatus{safeModeStatus=true, preCheckPassed=true}.
2021-04-28 01:09:32,344 [EventQueue-NodeRegistrationContainerReportForDataNodeSafeModeRule] INFO  pipeline.BackgroundPipelineCreator (BackgroundPipelineCreatorV2.java:notifyEventTriggered(282)) - trigger a one-shot run on RatisPipelineUtilsThread.
2021-04-28 01:09:32,344 [EventQueue-PipelineReportForOneReplicaPipelineSafeModeRule] INFO  safemode.SCMSafeModeManager (SCMSafeModeManager.java:validateSafeModeExitRules(201)) - AtleastOneDatanodeReportedRule rule is successfully validated
2021-04-28 01:09:32,364 [RatisPipelineUtilsThread - 0] INFO  pipeline.RatisPipelineProvider (RatisPipelineProvider.java:lambda$create$0(170)) - Sending CreatePipelineCommand for pipeline:PipelineID=d17bde08-dc29-4d74-bbda-0bbbfb4b228d to datanode:43d3847f-81c3-43e7-b86e-40be164eab80
2021-04-28 01:09:32,372 [RatisPipelineUtilsThread - 0] INFO  pipeline.PipelineStateManager (PipelineStateManagerV2Impl.java:addPipeline(101)) - Created pipeline Pipeline[ Id: d17bde08-dc29-4d74-bbda-0bbbfb4b228d, Nodes: 43d3847f-81c3-43e7-b86e-40be164eab80{ip: 172.17.0.2, host: c8a4b84cbf99, ports: [REPLICATION=38781, RATIS=36611, RATIS_ADMIN=36611, RATIS_SERVER=36611, STANDALONE=46017], networkLocation: /default-rack, certSerialId: null, persistedOpState: IN_SERVICE, persistedOpStateExpiryEpochSec: 0}, ReplicationConfig: RATIS/ONE, State:ALLOCATED, leaderId:, CreationTimestamp2021-04-28T01:09:32.360Z].
2021-04-28 01:09:32,375 [RatisPipelineUtilsThread - 0] WARN  pipeline.PipelinePlacementPolicy (PipelinePlacementPolicy.java:filterViableNodes(149)) - Pipeline creation failed due to no sufficient healthy datanodes. Required 3. Found 1.
2021-04-28 01:09:32,708 [IPC Server handler 7 on default port 46599] INFO  net.NetworkTopologyImpl (NetworkTopologyImpl.java:add(112)) - Added a new node: /default-rack/f65384a4-a8a4-4787-a0e5-96e28e751202
2021-04-28 01:09:32,709 [IPC Server handler 7 on default port 46599] INFO  node.SCMNodeManager (SCMNodeManager.java:register(348)) - Registered Data node : f65384a4-a8a4-4787-a0e5-96e28e751202{ip: 172.17.0.2, host: c8a4b84cbf99, ports: [REPLICATION=46685, RATIS=43161, RATIS_ADMIN=43161, RATIS_SERVER=43161, STANDALONE=34083], networkLocation: /default-rack, certSerialId: null, persistedOpState: null, persistedOpStateExpiryEpochSec: 0}
2021-04-28 01:09:32,709 [EventQueue-NewNodeForNewNodeHandler] INFO  pipeline.BackgroundPipelineCreator (BackgroundPipelineCreatorV2.java:notifyEventTriggered(282)) - trigger a one-shot run on RatisPipelineUtilsThread.
2021-04-28 01:09:32,709 [EventQueue-NodeRegistrationContainerReportForContainerSafeModeRule] INFO  safemode.SCMSafeModeManager (SCMSafeModeManager.java:validateSafeModeExitRules(201)) - ContainerSafeModeRule rule is successfully validated
2021-04-28 01:09:32,709 [EventQueue-NodeRegistrationContainerReportForDataNodeSafeModeRule] INFO  safemode.SCMSafeModeManager (SCMSafeModeManager.java:validateSafeModeExitRules(201)) - DataNodeSafeModeRule rule is successfully validated
2021-04-28 01:09:32,709 [EventQueue-PipelineReportForOneReplicaPipelineSafeModeRule] INFO  safemode.SCMSafeModeManager (SCMSafeModeManager.java:validateSafeModeExitRules(201)) - AtleastOneDatanodeReportedRule rule is successfully validated
2021-04-28 01:09:32,711 [RatisPipelineUtilsThread - 0] INFO  pipeline.RatisPipelineProvider (RatisPipelineProvider.java:lambda$create$0(170)) - Sending CreatePipelineCommand for pipeline:PipelineID=5fde851c-c9c9-4a28-9c72-42b4e16aa8fa to datanode:f65384a4-a8a4-4787-a0e5-96e28e751202
2021-04-28 01:09:32,712 [RatisPipelineUtilsThread - 0] INFO  pipeline.PipelineStateManager (PipelineStateManagerV2Impl.java:addPipeline(101)) - Created pipeline Pipeline[ Id: 5fde851c-c9c9-4a28-9c72-42b4e16aa8fa, Nodes: f65384a4-a8a4-4787-a0e5-96e28e751202{ip: 172.17.0.2, host: c8a4b84cbf99, ports: [REPLICATION=46685, RATIS=43161, RATIS_ADMIN=43161, RATIS_SERVER=43161, STANDALONE=34083], networkLocation: /default-rack, certSerialId: null, persistedOpState: IN_SERVICE, persistedOpStateExpiryEpochSec: 0}, ReplicationConfig: RATIS/ONE, State:ALLOCATED, leaderId:, CreationTimestamp2021-04-28T01:09:32.711Z].
2021-04-28 01:09:32,712 [RatisPipelineUtilsThread - 0] WARN  pipeline.PipelinePlacementPolicy (PipelinePlacementPolicy.java:filterViableNodes(149)) - Pipeline creation failed due to no sufficient healthy datanodes. Required 3. Found 2.
2021-04-28 01:09:32,905 [Listener at 127.0.0.1/36361] INFO  ozone.MiniOzoneClusterImpl (MiniOzoneClusterImpl.java:lambda$waitForClusterToBeReady$0(224)) - Waiting for nodes to be ready. Got 2 of 7 DN Heartbeats.
2021-04-28 01:09:32,906 [Listener at 127.0.0.1/36361] INFO  ozone.MiniOzoneClusterImpl (MiniOzoneClusterImpl.java:lambda$waitForClusterToBeReady$0(227)) - Waiting for cluster to exit safe mode
2021-04-28 01:09:32,906 [Listener at 127.0.0.1/36361] INFO  ozone.MiniOzoneClusterImpl (MiniOzoneClusterImpl.java:lambda$waitForClusterToBeReady$0(230)) - SCM became leader
2021-04-28 01:09:33,035 [IPC Server handler 8 on default port 46599] INFO  net.NetworkTopologyImpl (NetworkTopologyImpl.java:add(112)) - Added a new node: /default-rack/42fd2707-1841-40d3-b54b-6f39f935cc38
2021-04-28 01:09:33,035 [IPC Server handler 8 on default port 46599] INFO  node.SCMNodeManager (SCMNodeManager.java:register(348)) - Registered Data node : 42fd2707-1841-40d3-b54b-6f39f935cc38{ip: 172.17.0.2, host: c8a4b84cbf99, ports: [REPLICATION=42143, RATIS=41223, RATIS_ADMIN=41223, RATIS_SERVER=41223, STANDALONE=42535], networkLocation: /default-rack, certSerialId: null, persistedOpState: null, persistedOpStateExpiryEpochSec: 0}
2021-04-28 01:09:33,035 [EventQueue-NewNodeForNewNodeHandler] INFO  pipeline.BackgroundPipelineCreator (BackgroundPipelineCreatorV2.java:notifyEventTriggered(282)) - trigger a one-shot run on RatisPipelineUtilsThread.
2021-04-28 01:09:33,035 [EventQueue-NodeRegistrationContainerReportForContainerSafeModeRule] INFO  safemode.SCMSafeModeManager (SCMSafeModeManager.java:validateSafeModeExitRules(201)) - ContainerSafeModeRule rule is successfully validated
2021-04-28 01:09:33,036 [EventQueue-NodeRegistrationContainerReportForDataNodeSafeModeRule] INFO  safemode.SCMSafeModeManager (SCMSafeModeManager.java:validateSafeModeExitRules(201)) - DataNodeSafeModeRule rule is successfully validated
2021-04-28 01:09:33,036 [EventQueue-PipelineReportForOneReplicaPipelineSafeModeRule] INFO  safemode.SCMSafeModeManager (SCMSafeModeManager.java:validateSafeModeExitRules(201)) - AtleastOneDatanodeReportedRule rule is successfully validated
2021-04-28 01:09:33,037 [RatisPipelineUtilsThread - 0] INFO  pipeline.RatisPipelineProvider (RatisPipelineProvider.java:lambda$create$0(170)) - Sending CreatePipelineCommand for pipeline:PipelineID=f5ee1fcb-8c60-4dad-82b1-8d4b036da8cf to datanode:42fd2707-1841-40d3-b54b-6f39f935cc38
2021-04-28 01:09:33,038 [RatisPipelineUtilsThread - 0] INFO  pipeline.PipelineStateManager (PipelineStateManagerV2Impl.java:addPipeline(101)) - Created pipeline Pipeline[ Id: f5ee1fcb-8c60-4dad-82b1-8d4b036da8cf, Nodes: 42fd2707-1841-40d3-b54b-6f39f935cc38{ip: 172.17.0.2, host: c8a4b84cbf99, ports: [REPLICATION=42143, RATIS=41223, RATIS_ADMIN=41223, RATIS_SERVER=41223, STANDALONE=42535], networkLocation: /default-rack, certSerialId: null, persistedOpState: IN_SERVICE, persistedOpStateExpiryEpochSec: 0}, ReplicationConfig: RATIS/ONE, State:ALLOCATED, leaderId:, CreationTimestamp2021-04-28T01:09:33.037Z].
2021-04-28 01:09:33,040 [RatisPipelineUtilsThread - 0] INFO  pipeline.RatisPipelineProvider (RatisPipelineProvider.java:lambda$create$0(170)) - Sending CreatePipelineCommand for pipeline:PipelineID=ec4b5416-ebc2-40d3-845e-a8230b39765f to datanode:43d3847f-81c3-43e7-b86e-40be164eab80
2021-04-28 01:09:33,040 [RatisPipelineUtilsThread - 0] INFO  pipeline.RatisPipelineProvider (RatisPipelineProvider.java:lambda$create$0(170)) - Sending CreatePipelineCommand for pipeline:PipelineID=ec4b5416-ebc2-40d3-845e-a8230b39765f to datanode:f65384a4-a8a4-4787-a0e5-96e28e751202
2021-04-28 01:09:33,040 [RatisPipelineUtilsThread - 0] INFO  pipeline.RatisPipelineProvider (RatisPipelineProvider.java:lambda$create$0(170)) - Sending CreatePipelineCommand for pipeline:PipelineID=ec4b5416-ebc2-40d3-845e-a8230b39765f to datanode:42fd2707-1841-40d3-b54b-6f39f935cc38
2021-04-28 01:09:33,041 [RatisPipelineUtilsThread - 0] INFO  pipeline.PipelineStateManager (PipelineStateManagerV2Impl.java:addPipeline(101)) - Created pipeline Pipeline[ Id: ec4b5416-ebc2-40d3-845e-a8230b39765f, Nodes: 43d3847f-81c3-43e7-b86e-40be164eab80{ip: 172.17.0.2, host: c8a4b84cbf99, ports: [REPLICATION=38781, RATIS=36611, RATIS_ADMIN=36611, RATIS_SERVER=36611, STANDALONE=46017], networkLocation: /default-rack, certSerialId: null, persistedOpState: IN_SERVICE, persistedOpStateExpiryEpochSec: 0}f65384a4-a8a4-4787-a0e5-96e28e751202{ip: 172.17.0.2, host: c8a4b84cbf99, ports: [REPLICATION=46685, RATIS=43161, RATIS_ADMIN=43161, RATIS_SERVER=43161, STANDALONE=34083], networkLocation: /default-rack, certSerialId: null, persistedOpState: IN_SERVICE, persistedOpStateExpiryEpochSec: 0}42fd2707-1841-40d3-b54b-6f39f935cc38{ip: 172.17.0.2, host: c8a4b84cbf99, ports: [REPLICATION=42143, RATIS=41223, RATIS_ADMIN=41223, RATIS_SERVER=41223, STANDALONE=42535], networkLocation: /default-rack, certSerialId: null, persistedOpState: IN_SERVICE, persistedOpStateExpiryEpochSec: 0}, ReplicationConfig: RATIS/THREE, State:ALLOCATED, leaderId:, CreationTimestamp2021-04-28T01:09:33.040Z].
2021-04-28 01:09:33,043 [RatisPipelineUtilsThread - 0] INFO  pipeline.RatisPipelineProvider (RatisPipelineProvider.java:lambda$create$0(170)) - Sending CreatePipelineCommand for pipeline:PipelineID=25f1310e-fe38-48ae-bbd4-6799236c1344 to datanode:43d3847f-81c3-43e7-b86e-40be164eab80
2021-04-28 01:09:33,043 [RatisPipelineUtilsThread - 0] INFO  pipeline.RatisPipelineProvider (RatisPipelineProvider.java:lambda$create$0(170)) - Sending CreatePipelineCommand for pipeline:PipelineID=25f1310e-fe38-48ae-bbd4-6799236c1344 to datanode:f65384a4-a8a4-4787-a0e5-96e28e751202
2021-04-28 01:09:33,043 [RatisPipelineUtilsThread - 0] INFO  pipeline.RatisPipelineProvider (RatisPipelineProvider.java:lambda$create$0(170)) - Sending CreatePipelineCommand for pipeline:PipelineID=25f1310e-fe38-48ae-bbd4-6799236c1344 to datanode:42fd2707-1841-40d3-b54b-6f39f935cc38
2021-04-28 01:09:33,043 [RatisPipelineUtilsThread - 0] INFO  pipeline.PipelineStateManager (PipelineStateManagerV2Impl.java:addPipeline(101)) - Created pipeline Pipeline[ Id: 25f1310e-fe38-48ae-bbd4-6799236c1344, Nodes: 43d3847f-81c3-43e7-b86e-40be164eab80{ip: 172.17.0.2, host: c8a4b84cbf99, ports: [REPLICATION=38781, RATIS=36611, RATIS_ADMIN=36611, RATIS_SERVER=36611, STANDALONE=46017], networkLocation: /default-rack, certSerialId: null, persistedOpState: IN_SERVICE, persistedOpStateExpiryEpochSec: 0}f65384a4-a8a4-4787-a0e5-96e28e751202{ip: 172.17.0.2, host: c8a4b84cbf99, ports: [REPLICATION=46685, RATIS=43161, RATIS_ADMIN=43161, RATIS_SERVER=43161, STANDALONE=34083], networkLocation: /default-rack, certSerialId: null, persistedOpState: IN_SERVICE, persistedOpStateExpiryEpochSec: 0}42fd2707-1841-40d3-b54b-6f39f935cc38{ip: 172.17.0.2, host: c8a4b84cbf99, ports: [REPLICATION=42143, RATIS=41223, RATIS_ADMIN=41223, RATIS_SERVER=41223, STANDALONE=42535], networkLocation: /default-rack, certSerialId: null, persistedOpState: IN_SERVICE, persistedOpStateExpiryEpochSec: 0}, ReplicationConfig: RATIS/THREE, State:ALLOCATED, leaderId:, CreationTimestamp2021-04-28T01:09:33.042Z].
2021-04-28 01:09:33,044 [RatisPipelineUtilsThread - 0] INFO  pipeline.PipelineManagerV2Impl (PipelineManagerV2Impl.java:recordMetricsForPipeline(589)) - Pipeline: PipelineID=25f1310e-fe38-48ae-bbd4-6799236c1344 contains same datanodes as previous pipelines: PipelineID=ec4b5416-ebc2-40d3-845e-a8230b39765f nodeIds: 43d3847f-81c3-43e7-b86e-40be164eab80, f65384a4-a8a4-4787-a0e5-96e28e751202, 42fd2707-1841-40d3-b54b-6f39f935cc38
2021-04-28 01:09:33,246 [IPC Server handler 4 on default port 46599] INFO  net.NetworkTopologyImpl (NetworkTopologyImpl.java:add(112)) - Added a new node: /default-rack/3dc34c93-7aa4-4f5d-882a-22c345cc0d73
2021-04-28 01:09:33,246 [IPC Server handler 4 on default port 46599] INFO  node.SCMNodeManager (SCMNodeManager.java:register(348)) - Registered Data node : 3dc34c93-7aa4-4f5d-882a-22c345cc0d73{ip: 172.17.0.2, host: c8a4b84cbf99, ports: [REPLICATION=39815, RATIS=34555, RATIS_ADMIN=34555, RATIS_SERVER=34555, STANDALONE=36395], networkLocation: /default-rack, certSerialId: null, persistedOpState: null, persistedOpStateExpiryEpochSec: 0}
2021-04-28 01:09:33,247 [EventQueue-NewNodeForNewNodeHandler] INFO  pipeline.BackgroundPipelineCreator (BackgroundPipelineCreatorV2.java:notifyEventTriggered(282)) - trigger a one-shot run on RatisPipelineUtilsThread.
2021-04-28 01:09:33,247 [EventQueue-NodeRegistrationContainerReportForContainerSafeModeRule] INFO  safemode.SCMSafeModeManager (SCMSafeModeManager.java:validateSafeModeExitRules(201)) - ContainerSafeModeRule rule is successfully validated
2021-04-28 01:09:33,247 [EventQueue-NodeRegistrationContainerReportForDataNodeSafeModeRule] INFO  safemode.SCMSafeModeManager (SCMSafeModeManager.java:validateSafeModeExitRules(201)) - DataNodeSafeModeRule rule is successfully validated
2021-04-28 01:09:33,247 [EventQueue-PipelineReportForOneReplicaPipelineSafeModeRule] INFO  safemode.SCMSafeModeManager (SCMSafeModeManager.java:validateSafeModeExitRules(201)) - AtleastOneDatanodeReportedRule rule is successfully validated
2021-04-28 01:09:33,248 [RatisPipelineUtilsThread - 0] INFO  pipeline.RatisPipelineProvider (RatisPipelineProvider.java:lambda$create$0(170)) - Sending CreatePipelineCommand for pipeline:PipelineID=32c504ed-7615-4568-aa16-2b645bf534fb to datanode:3dc34c93-7aa4-4f5d-882a-22c345cc0d73
2021-04-28 01:09:33,249 [RatisPipelineUtilsThread - 0] INFO  pipeline.PipelineStateManager (PipelineStateManagerV2Impl.java:addPipeline(101)) - Created pipeline Pipeline[ Id: 32c504ed-7615-4568-aa16-2b645bf534fb, Nodes: 3dc34c93-7aa4-4f5d-882a-22c345cc0d73{ip: 172.17.0.2, host: c8a4b84cbf99, ports: [REPLICATION=39815, RATIS=34555, RATIS_ADMIN=34555, RATIS_SERVER=34555, STANDALONE=36395], networkLocation: /default-rack, certSerialId: null, persistedOpState: IN_SERVICE, persistedOpStateExpiryEpochSec: 0}, ReplicationConfig: RATIS/ONE, State:ALLOCATED, leaderId:, CreationTimestamp2021-04-28T01:09:33.248Z].
2021-04-28 01:09:33,440 [IPC Server handler 2 on default port 46599] INFO  net.NetworkTopologyImpl (NetworkTopologyImpl.java:add(112)) - Added a new node: /default-rack/c9444e84-7d1e-434a-8350-34c756d48665
2021-04-28 01:09:33,441 [IPC Server handler 2 on default port 46599] INFO  node.SCMNodeManager (SCMNodeManager.java:register(348)) - Registered Data node : c9444e84-7d1e-434a-8350-34c756d48665{ip: 172.17.0.2, host: c8a4b84cbf99, ports: [REPLICATION=42367, RATIS=40945, RATIS_ADMIN=40945, RATIS_SERVER=40945, STANDALONE=34205], networkLocation: /default-rack, certSerialId: null, persistedOpState: null, persistedOpStateExpiryEpochSec: 0}
2021-04-28 01:09:33,441 [EventQueue-NewNodeForNewNodeHandler] INFO  pipeline.BackgroundPipelineCreator (BackgroundPipelineCreatorV2.java:notifyEventTriggered(282)) - trigger a one-shot run on RatisPipelineUtilsThread.
2021-04-28 01:09:33,442 [EventQueue-NodeRegistrationContainerReportForContainerSafeModeRule] INFO  safemode.SCMSafeModeManager (SCMSafeModeManager.java:validateSafeModeExitRules(201)) - ContainerSafeModeRule rule is successfully validated
2021-04-28 01:09:33,442 [EventQueue-NodeRegistrationContainerReportForDataNodeSafeModeRule] INFO  safemode.SCMSafeModeManager (SCMSafeModeManager.java:validateSafeModeExitRules(201)) - DataNodeSafeModeRule rule is successfully validated
2021-04-28 01:09:33,442 [EventQueue-PipelineReportForOneReplicaPipelineSafeModeRule] INFO  safemode.SCMSafeModeManager (SCMSafeModeManager.java:validateSafeModeExitRules(201)) - AtleastOneDatanodeReportedRule rule is successfully validated
2021-04-28 01:09:33,442 [RatisPipelineUtilsThread - 0] INFO  pipeline.RatisPipelineProvider (RatisPipelineProvider.java:lambda$create$0(170)) - Sending CreatePipelineCommand for pipeline:PipelineID=504354f1-d3e9-4154-8299-4682be63d858 to datanode:c9444e84-7d1e-434a-8350-34c756d48665
2021-04-28 01:09:33,443 [RatisPipelineUtilsThread - 0] INFO  pipeline.PipelineStateManager (PipelineStateManagerV2Impl.java:addPipeline(101)) - Created pipeline Pipeline[ Id: 504354f1-d3e9-4154-8299-4682be63d858, Nodes: c9444e84-7d1e-434a-8350-34c756d48665{ip: 172.17.0.2, host: c8a4b84cbf99, ports: [REPLICATION=42367, RATIS=40945, RATIS_ADMIN=40945, RATIS_SERVER=40945, STANDALONE=34205], networkLocation: /default-rack, certSerialId: null, persistedOpState: IN_SERVICE, persistedOpStateExpiryEpochSec: 0}, ReplicationConfig: RATIS/ONE, State:ALLOCATED, leaderId:, CreationTimestamp2021-04-28T01:09:33.442Z].
2021-04-28 01:09:33,646 [IPC Server handler 7 on default port 46599] INFO  net.NetworkTopologyImpl (NetworkTopologyImpl.java:add(112)) - Added a new node: /default-rack/0fca32f9-76ae-40c1-a223-13204f8d545a
2021-04-28 01:09:33,646 [IPC Server handler 7 on default port 46599] INFO  node.SCMNodeManager (SCMNodeManager.java:register(348)) - Registered Data node : 0fca32f9-76ae-40c1-a223-13204f8d545a{ip: 172.17.0.2, host: c8a4b84cbf99, ports: [REPLICATION=43429, RATIS=34055, RATIS_ADMIN=34055, RATIS_SERVER=34055, STANDALONE=39971], networkLocation: /default-rack, certSerialId: null, persistedOpState: null, persistedOpStateExpiryEpochSec: 0}
2021-04-28 01:09:33,646 [EventQueue-NewNodeForNewNodeHandler] INFO  pipeline.BackgroundPipelineCreator (BackgroundPipelineCreatorV2.java:notifyEventTriggered(282)) - trigger a one-shot run on RatisPipelineUtilsThread.
2021-04-28 01:09:33,647 [EventQueue-NodeRegistrationContainerReportForDataNodeSafeModeRule] INFO  safemode.SCMSafeModeManager (SCMSafeModeManager.java:validateSafeModeExitRules(201)) - DataNodeSafeModeRule rule is successfully validated
2021-04-28 01:09:33,647 [EventQueue-NodeRegistrationContainerReportForContainerSafeModeRule] INFO  safemode.SCMSafeModeManager (SCMSafeModeManager.java:validateSafeModeExitRules(201)) - ContainerSafeModeRule rule is successfully validated
2021-04-28 01:09:33,647 [EventQueue-PipelineReportForOneReplicaPipelineSafeModeRule] INFO  safemode.SCMSafeModeManager (SCMSafeModeManager.java:validateSafeModeExitRules(201)) - AtleastOneDatanodeReportedRule rule is successfully validated
2021-04-28 01:09:33,648 [RatisPipelineUtilsThread - 0] INFO  pipeline.RatisPipelineProvider (RatisPipelineProvider.java:lambda$create$0(170)) - Sending CreatePipelineCommand for pipeline:PipelineID=6a0a0a70-9eb6-48ed-9954-2ee4d9ca95e6 to datanode:0fca32f9-76ae-40c1-a223-13204f8d545a
2021-04-28 01:09:33,649 [RatisPipelineUtilsThread - 0] INFO  pipeline.PipelineStateManager (PipelineStateManagerV2Impl.java:addPipeline(101)) - Created pipeline Pipeline[ Id: 6a0a0a70-9eb6-48ed-9954-2ee4d9ca95e6, Nodes: 0fca32f9-76ae-40c1-a223-13204f8d545a{ip: 172.17.0.2, host: c8a4b84cbf99, ports: [REPLICATION=43429, RATIS=34055, RATIS_ADMIN=34055, RATIS_SERVER=34055, STANDALONE=39971], networkLocation: /default-rack, certSerialId: null, persistedOpState: IN_SERVICE, persistedOpStateExpiryEpochSec: 0}, ReplicationConfig: RATIS/ONE, State:ALLOCATED, leaderId:, CreationTimestamp2021-04-28T01:09:33.648Z].
2021-04-28 01:09:33,649 [RatisPipelineUtilsThread - 0] INFO  pipeline.RatisPipelineProvider (RatisPipelineProvider.java:lambda$create$0(170)) - Sending CreatePipelineCommand for pipeline:PipelineID=d1b4f0a7-ea19-4a99-90ab-01b766403d27 to datanode:3dc34c93-7aa4-4f5d-882a-22c345cc0d73
2021-04-28 01:09:33,649 [RatisPipelineUtilsThread - 0] INFO  pipeline.RatisPipelineProvider (RatisPipelineProvider.java:lambda$create$0(170)) - Sending CreatePipelineCommand for pipeline:PipelineID=d1b4f0a7-ea19-4a99-90ab-01b766403d27 to datanode:c9444e84-7d1e-434a-8350-34c756d48665
2021-04-28 01:09:33,649 [RatisPipelineUtilsThread - 0] INFO  pipeline.RatisPipelineProvider (RatisPipelineProvider.java:lambda$create$0(170)) - Sending CreatePipelineCommand for pipeline:PipelineID=d1b4f0a7-ea19-4a99-90ab-01b766403d27 to datanode:0fca32f9-76ae-40c1-a223-13204f8d545a
2021-04-28 01:09:33,650 [RatisPipelineUtilsThread - 0] INFO  pipeline.PipelineStateManager (PipelineStateManagerV2Impl.java:addPipeline(101)) - Created pipeline Pipeline[ Id: d1b4f0a7-ea19-4a99-90ab-01b766403d27, Nodes: 3dc34c93-7aa4-4f5d-882a-22c345cc0d73{ip: 172.17.0.2, host: c8a4b84cbf99, ports: [REPLICATION=39815, RATIS=34555, RATIS_ADMIN=34555, RATIS_SERVER=34555, STANDALONE=36395], networkLocation: /default-rack, certSerialId: null, persistedOpState: IN_SERVICE, persistedOpStateExpiryEpochSec: 0}c9444e84-7d1e-434a-8350-34c756d48665{ip: 172.17.0.2, host: c8a4b84cbf99, ports: [REPLICATION=42367, RATIS=40945, RATIS_ADMIN=40945, RATIS_SERVER=40945, STANDALONE=34205], networkLocation: /default-rack, certSerialId: null, persistedOpState: IN_SERVICE, persistedOpStateExpiryEpochSec: 0}0fca32f9-76ae-40c1-a223-13204f8d545a{ip: 172.17.0.2, host: c8a4b84cbf99, ports: [REPLICATION=43429, RATIS=34055, RATIS_ADMIN=34055, RATIS_SERVER=34055, STANDALONE=39971], networkLocation: /default-rack, certSerialId: null, persistedOpState: IN_SERVICE, persistedOpStateExpiryEpochSec: 0}, ReplicationConfig: RATIS/THREE, State:ALLOCATED, leaderId:, CreationTimestamp2021-04-28T01:09:33.649Z].
2021-04-28 01:09:33,651 [RatisPipelineUtilsThread - 0] INFO  pipeline.RatisPipelineProvider (RatisPipelineProvider.java:lambda$create$0(170)) - Sending CreatePipelineCommand for pipeline:PipelineID=caff8bd0-7063-4efd-97e9-f7136f15fb93 to datanode:0fca32f9-76ae-40c1-a223-13204f8d545a
2021-04-28 01:09:33,651 [RatisPipelineUtilsThread - 0] INFO  pipeline.RatisPipelineProvider (RatisPipelineProvider.java:lambda$create$0(170)) - Sending CreatePipelineCommand for pipeline:PipelineID=caff8bd0-7063-4efd-97e9-f7136f15fb93 to datanode:c9444e84-7d1e-434a-8350-34c756d48665
2021-04-28 01:09:33,651 [RatisPipelineUtilsThread - 0] INFO  pipeline.RatisPipelineProvider (RatisPipelineProvider.java:lambda$create$0(170)) - Sending CreatePipelineCommand for pipeline:PipelineID=caff8bd0-7063-4efd-97e9-f7136f15fb93 to datanode:3dc34c93-7aa4-4f5d-882a-22c345cc0d73
2021-04-28 01:09:33,652 [RatisPipelineUtilsThread - 0] INFO  pipeline.PipelineStateManager (PipelineStateManagerV2Impl.java:addPipeline(101)) - Created pipeline Pipeline[ Id: caff8bd0-7063-4efd-97e9-f7136f15fb93, Nodes: 0fca32f9-76ae-40c1-a223-13204f8d545a{ip: 172.17.0.2, host: c8a4b84cbf99, ports: [REPLICATION=43429, RATIS=34055, RATIS_ADMIN=34055, RATIS_SERVER=34055, STANDALONE=39971], networkLocation: /default-rack, certSerialId: null, persistedOpState: IN_SERVICE, persistedOpStateExpiryEpochSec: 0}c9444e84-7d1e-434a-8350-34c756d48665{ip: 172.17.0.2, host: c8a4b84cbf99, ports: [REPLICATION=42367, RATIS=40945, RATIS_ADMIN=40945, RATIS_SERVER=40945, STANDALONE=34205], networkLocation: /default-rack, certSerialId: null, persistedOpState: IN_SERVICE, persistedOpStateExpiryEpochSec: 0}3dc34c93-7aa4-4f5d-882a-22c345cc0d73{ip: 172.17.0.2, host: c8a4b84cbf99, ports: [REPLICATION=39815, RATIS=34555, RATIS_ADMIN=34555, RATIS_SERVER=34555, STANDALONE=36395], networkLocation: /default-rack, certSerialId: null, persistedOpState: IN_SERVICE, persistedOpStateExpiryEpochSec: 0}, ReplicationConfig: RATIS/THREE, State:ALLOCATED, leaderId:, CreationTimestamp2021-04-28T01:09:33.651Z].
2021-04-28 01:09:33,652 [RatisPipelineUtilsThread - 0] INFO  pipeline.PipelineManagerV2Impl (PipelineManagerV2Impl.java:recordMetricsForPipeline(589)) - Pipeline: PipelineID=caff8bd0-7063-4efd-97e9-f7136f15fb93 contains same datanodes as previous pipelines: PipelineID=d1b4f0a7-ea19-4a99-90ab-01b766403d27 nodeIds: 0fca32f9-76ae-40c1-a223-13204f8d545a, c9444e84-7d1e-434a-8350-34c756d48665, 3dc34c93-7aa4-4f5d-882a-22c345cc0d73
2021-04-28 01:09:33,906 [Listener at 127.0.0.1/36361] INFO  ozone.MiniOzoneClusterImpl (MiniOzoneClusterImpl.java:lambda$waitForClusterToBeReady$0(224)) - Waiting for nodes to be ready. Got 6 of 7 DN Heartbeats.
2021-04-28 01:09:33,907 [Listener at 127.0.0.1/36361] INFO  ozone.MiniOzoneClusterImpl (MiniOzoneClusterImpl.java:lambda$waitForClusterToBeReady$0(227)) - Waiting for cluster to exit safe mode
2021-04-28 01:09:33,907 [Listener at 127.0.0.1/36361] INFO  ozone.MiniOzoneClusterImpl (MiniOzoneClusterImpl.java:lambda$waitForClusterToBeReady$0(230)) - SCM became leader
2021-04-28 01:09:33,912 [IPC Server handler 0 on default port 46599] INFO  net.NetworkTopologyImpl (NetworkTopologyImpl.java:add(112)) - Added a new node: /default-rack/516c2186-7081-446e-b4e0-00439124a839
2021-04-28 01:09:33,912 [IPC Server handler 0 on default port 46599] INFO  node.SCMNodeManager (SCMNodeManager.java:register(348)) - Registered Data node : 516c2186-7081-446e-b4e0-00439124a839{ip: 172.17.0.2, host: c8a4b84cbf99, ports: [REPLICATION=38465, RATIS=39685, RATIS_ADMIN=39685, RATIS_SERVER=39685, STANDALONE=42529], networkLocation: /default-rack, certSerialId: null, persistedOpState: null, persistedOpStateExpiryEpochSec: 0}
2021-04-28 01:09:33,912 [EventQueue-NewNodeForNewNodeHandler] INFO  pipeline.BackgroundPipelineCreator (BackgroundPipelineCreatorV2.java:notifyEventTriggered(282)) - trigger a one-shot run on RatisPipelineUtilsThread.
2021-04-28 01:09:33,912 [EventQueue-PipelineReportForOneReplicaPipelineSafeModeRule] INFO  safemode.SCMSafeModeManager (SCMSafeModeManager.java:validateSafeModeExitRules(201)) - AtleastOneDatanodeReportedRule rule is successfully validated
2021-04-28 01:09:33,913 [EventQueue-NodeRegistrationContainerReportForContainerSafeModeRule] INFO  safemode.SCMSafeModeManager (SCMSafeModeManager.java:validateSafeModeExitRules(201)) - ContainerSafeModeRule rule is successfully validated
2021-04-28 01:09:33,913 [EventQueue-NodeRegistrationContainerReportForDataNodeSafeModeRule] INFO  safemode.SCMSafeModeManager (SCMSafeModeManager.java:validateSafeModeExitRules(201)) - DataNodeSafeModeRule rule is successfully validated
2021-04-28 01:09:33,913 [RatisPipelineUtilsThread - 0] INFO  pipeline.RatisPipelineProvider (RatisPipelineProvider.java:lambda$create$0(170)) - Sending CreatePipelineCommand for pipeline:PipelineID=67f5cbed-1d36-4b3d-82d0-eb297b609b55 to datanode:516c2186-7081-446e-b4e0-00439124a839
2021-04-28 01:09:33,914 [RatisPipelineUtilsThread - 0] INFO  pipeline.PipelineStateManager (PipelineStateManagerV2Impl.java:addPipeline(101)) - Created pipeline Pipeline[ Id: 67f5cbed-1d36-4b3d-82d0-eb297b609b55, Nodes: 516c2186-7081-446e-b4e0-00439124a839{ip: 172.17.0.2, host: c8a4b84cbf99, ports: [REPLICATION=38465, RATIS=39685, RATIS_ADMIN=39685, RATIS_SERVER=39685, STANDALONE=42529], networkLocation: /default-rack, certSerialId: null, persistedOpState: IN_SERVICE, persistedOpStateExpiryEpochSec: 0}, ReplicationConfig: RATIS/ONE, State:ALLOCATED, leaderId:, CreationTimestamp2021-04-28T01:09:33.913Z].
2021-04-28 01:09:34,907 [Listener at 127.0.0.1/36361] INFO  ozone.MiniOzoneClusterImpl (MiniOzoneClusterImpl.java:lambda$waitForClusterToBeReady$0(224)) - Nodes are ready. Got 7 of 7 DN Heartbeats.
2021-04-28 01:09:34,908 [Listener at 127.0.0.1/36361] INFO  ozone.MiniOzoneClusterImpl (MiniOzoneClusterImpl.java:lambda$waitForClusterToBeReady$0(227)) - Waiting for cluster to exit safe mode
2021-04-28 01:09:34,908 [Listener at 127.0.0.1/36361] INFO  ozone.MiniOzoneClusterImpl (MiniOzoneClusterImpl.java:lambda$waitForClusterToBeReady$0(230)) - SCM became leader
2021-04-28 01:09:35,155 [org.apache.ratis.util.JvmPauseMonitor$$Lambda$504/1823345790@622ec151] WARN  util.JvmPauseMonitor (JvmPauseMonitor.java:detectPause(124)) - JvmPauseMonitor-42fd2707-1841-40d3-b54b-6f39f935cc38: Detected pause in JVM or host machine (eg GC): pause of approximately 101195439ns.
GC pool 'PS MarkSweep' had collection(s): count=1 time=110ms
GC pool 'PS Scavenge' had collection(s): count=1 time=8ms
2021-04-28 01:09:35,321 [Command processor thread] INFO  server.RaftServer (RaftServerProxy.java:addNew(95)) - 43d3847f-81c3-43e7-b86e-40be164eab80: addNew group-0BBBFB4B228D:[43d3847f-81c3-43e7-b86e-40be164eab80|rpc:172.17.0.2:36611|priority:1] returns group-0BBBFB4B228D:java.util.concurrent.CompletableFuture@112750e8[Not completed]
2021-04-28 01:09:35,332 [pool-45-thread-1] INFO  server.RaftServer$Division (RaftServerImpl.java:<init>(180)) - 43d3847f-81c3-43e7-b86e-40be164eab80: new RaftServerImpl for group-0BBBFB4B228D:[43d3847f-81c3-43e7-b86e-40be164eab80|rpc:172.17.0.2:36611|priority:1] with ContainerStateMachine:uninitialized
2021-04-28 01:09:35,333 [pool-45-thread-1] INFO  server.RaftServerConfigKeys (ConfUtils.java:logGet(44)) - raft.server.rpc.timeout.min = 5s (custom)
2021-04-28 01:09:35,333 [pool-45-thread-1] INFO  server.RaftServerConfigKeys (ConfUtils.java:logGet(44)) - raft.server.rpc.timeout.max = 5200ms (custom)
2021-04-28 01:09:35,333 [pool-45-thread-1] INFO  server.RaftServerConfigKeys (ConfUtils.java:logGet(44)) - raft.server.rpc.sleep.time = 25ms (default)
2021-04-28 01:09:35,333 [pool-45-thread-1] INFO  server.RaftServerConfigKeys (ConfUtils.java:logGet(44)) - raft.server.rpc.slowness.timeout = 300000ms (custom)
2021-04-28 01:09:35,333 [pool-45-thread-1] INFO  server.RaftServerConfigKeys (ConfUtils.java:logGet(44)) - raft.server.leaderelection.leader.step-down.wait-time = 10s (default)
2021-04-28 01:09:35,333 [pool-45-thread-1] INFO  server.RaftServerConfigKeys (ConfUtils.java:logGet(44)) - raft.server.sleep.deviation.threshold = 300ms (default)
2021-04-28 01:09:35,333 [pool-45-thread-1] INFO  server.RaftServerConfigKeys (ConfUtils.java:logGet(44)) - raft.server.log.appender.install.snapshot.enabled = false (custom)
2021-04-28 01:09:35,334 [pool-45-thread-1] INFO  server.RaftServer$Division (ServerState.java:<init>(105)) - 43d3847f-81c3-43e7-b86e-40be164eab80@group-0BBBFB4B228D: ConfigurationManager, init=-1: [43d3847f-81c3-43e7-b86e-40be164eab80|rpc:172.17.0.2:36611|priority:1], old=null, confs=<EMPTY_MAP>
2021-04-28 01:09:35,334 [pool-45-thread-1] INFO  server.RaftServerConfigKeys (ConfUtils.java:logGet(44)) - raft.server.storage.dir = [/github/workspace/mnt/ozone/hadoop-ozone/integration-test/target/test-dir/MiniOzoneClusterImpl-d7076e4a-bb1a-46d0-b0f9-1975ab90d2da/datanode-0/data/ratis] (custom)
2021-04-28 01:09:35,334 [pool-45-thread-1] INFO  server.RaftServerConfigKeys (ConfUtils.java:logGet(44)) - raft.server.log.corruption.policy = EXCEPTION (default)
2021-04-28 01:09:35,334 [pool-45-thread-1] INFO  storage.RaftStorageDirectory (RaftStorageDirectoryImpl.java:analyzeStorage(132)) - The storage directory /github/workspace/mnt/ozone/hadoop-ozone/integration-test/target/test-dir/MiniOzoneClusterImpl-d7076e4a-bb1a-46d0-b0f9-1975ab90d2da/datanode-0/data/ratis/d17bde08-dc29-4d74-bbda-0bbbfb4b228d does not exist. Creating ...
2021-04-28 01:09:35,335 [pool-45-thread-1] INFO  storage.RaftStorageDirectory (RaftStorageDirectoryImpl.java:tryLock(215)) - Lock on /github/workspace/mnt/ozone/hadoop-ozone/integration-test/target/test-dir/MiniOzoneClusterImpl-d7076e4a-bb1a-46d0-b0f9-1975ab90d2da/datanode-0/data/ratis/d17bde08-dc29-4d74-bbda-0bbbfb4b228d/in_use.lock acquired by nodename 10892@c8a4b84cbf99
2021-04-28 01:09:35,337 [pool-45-thread-1] INFO  storage.RaftStorage (RaftStorageImpl.java:format(87)) - Storage directory /github/workspace/mnt/ozone/hadoop-ozone/integration-test/target/test-dir/MiniOzoneClusterImpl-d7076e4a-bb1a-46d0-b0f9-1975ab90d2da/datanode-0/data/ratis/d17bde08-dc29-4d74-bbda-0bbbfb4b228d has been successfully formatted.
2021-04-28 01:09:35,340 [pool-45-thread-1] INFO  ratis.ContainerStateMachine (ContainerStateMachine.java:loadSnapshot(224)) - group-0BBBFB4B228D: The snapshot info is null. Setting the last applied indexto:(t:0, i:~)
2021-04-28 01:09:35,341 [pool-45-thread-1] INFO  server.RaftServerConfigKeys (ConfUtils.java:logGet(44)) - raft.server.notification.no-leader.timeout = 300000ms (custom)
2021-04-28 01:09:35,341 [pool-45-thread-1] INFO  server.RaftServerConfigKeys (ConfUtils.java:logGet(44)) - raft.server.log.use.memory = false (default)
2021-04-28 01:09:35,341 [pool-45-thread-1] INFO  server.RaftServerConfigKeys (ConfUtils.java:logGet(44)) - raft.server.log.purge.gap = 1000000 (custom)
2021-04-28 01:09:35,341 [pool-45-thread-1] INFO  server.RaftServerConfigKeys (ConfUtils.java:logGet(44)) - raft.server.log.appender.buffer.byte-limit = 33554432 (custom)
2021-04-28 01:09:35,341 [pool-45-thread-1] INFO  metrics.RatisMetrics (RatisMetrics.java:lambda$create$0(36)) - Creating Metrics Registry : ratis.log_worker.43d3847f-81c3-43e7-b86e-40be164eab80@group-0BBBFB4B228D
2021-04-28 01:09:35,341 [pool-45-thread-1] INFO  server.RaftServerConfigKeys (ConfUtils.java:logGet(44)) - raft.server.log.segment.size.max = 1048576 (custom)
2021-04-28 01:09:35,349 [pool-45-thread-1] INFO  server.RaftServerConfigKeys (ConfUtils.java:logGet(44)) - raft.server.log.segment.cache.num.max = 2 (custom)
2021-04-28 01:09:35,350 [pool-45-thread-1] INFO  server.RaftServerConfigKeys (ConfUtils.java:logGet(44)) - raft.server.log.segment.cache.size.max = 200MB (=209715200) (default)
2021-04-28 01:09:35,350 [pool-45-thread-1] INFO  segmented.SegmentedRaftLogWorker (SegmentedRaftLogWorker.java:<init>(182)) - new 43d3847f-81c3-43e7-b86e-40be164eab80@group-0BBBFB4B228D-SegmentedRaftLogWorker for RaftStorageImpl:Storage Directory /github/workspace/mnt/ozone/hadoop-ozone/integration-test/target/test-dir/MiniOzoneClusterImpl-d7076e4a-bb1a-46d0-b0f9-1975ab90d2da/datanode-0/data/ratis/d17bde08-dc29-4d74-bbda-0bbbfb4b228d
2021-04-28 01:09:35,350 [pool-45-thread-1] INFO  server.RaftServerConfigKeys (ConfUtils.java:logGet(44)) - raft.server.log.queue.byte-limit = 2147483647 (custom)
2021-04-28 01:09:35,350 [pool-45-thread-1] INFO  server.RaftServerConfigKeys (ConfUtils.java:logGet(44)) - raft.server.log.queue.element-limit = 1024 (custom)
2021-04-28 01:09:35,350 [pool-45-thread-1] INFO  server.RaftServerConfigKeys (ConfUtils.java:logGet(44)) - raft.server.log.segment.size.max = 1048576 (custom)
2021-04-28 01:09:35,350 [pool-45-thread-1] INFO  server.RaftServerConfigKeys (ConfUtils.java:logGet(44)) - raft.server.log.preallocated.size = 16384 (custom)
2021-04-28 01:09:35,350 [pool-45-thread-1] INFO  server.RaftServerConfigKeys (ConfUtils.java:logGet(44)) - raft.server.log.force.sync.num = 128 (default)
2021-04-28 01:09:35,350 [pool-45-thread-1] INFO  server.RaftServerConfigKeys (ConfUtils.java:logGet(44)) - raft.server.log.statemachine.data.sync = true (default)
2021-04-28 01:09:35,350 [pool-45-thread-1] INFO  server.RaftServerConfigKeys (ConfUtils.java:logGet(44)) - raft.server.log.statemachine.data.sync.timeout = 10s (default)
2021-04-28 01:09:35,350 [pool-45-thread-1] INFO  server.RaftServerConfigKeys (ConfUtils.java:logGet(44)) - raft.server.log.statemachine.data.sync.timeout.retry = -1 (default)
2021-04-28 01:09:35,355 [pool-45-thread-1] INFO  server.RaftServerConfigKeys (ConfUtils.java:logGet(44)) - raft.server.log.write.buffer.size = 1048576 (custom)
2021-04-28 01:09:35,357 [pool-45-thread-1] INFO  server.RaftServerConfigKeys (ConfUtils.java:logGet(44)) - raft.server.log.statemachine.data.caching.enabled = true (custom)
2021-04-28 01:09:35,359 [pool-45-thread-1] INFO  segmented.SegmentedRaftLogWorker (SegmentedRaftLogWorker.java:lambda$new$0(133)) - 43d3847f-81c3-43e7-b86e-40be164eab80@group-0BBBFB4B228D-SegmentedRaftLogWorker: flushIndex: setUnconditionally 0 -> -1
2021-04-28 01:09:35,360 [pool-45-thread-1] INFO  segmented.SegmentedRaftLogWorker (SegmentedRaftLogWorker.java:lambda$new$0(133)) - 43d3847f-81c3-43e7-b86e-40be164eab80@group-0BBBFB4B228D-SegmentedRaftLogWorker: safeCacheEvictIndex: setUnconditionally 0 -> -1
2021-04-28 01:09:35,360 [EventQueue-PipelineReportForOneReplicaPipelineSafeModeRule] INFO  safemode.SCMSafeModeManager (SCMSafeModeManager.java:validateSafeModeExitRules(201)) - AtleastOneDatanodeReportedRule rule is successfully validated
2021-04-28 01:09:35,360 [EventQueue-PipelineReportForPipelineReportHandler] INFO  pipeline.PipelineManagerV2Impl (PipelineManagerV2Impl.java:openPipeline(270)) - Pipeline Pipeline[ Id: d17bde08-dc29-4d74-bbda-0bbbfb4b228d, Nodes: 43d3847f-81c3-43e7-b86e-40be164eab80{ip: 172.17.0.2, host: c8a4b84cbf99, ports: [REPLICATION=38781, RATIS=36611, RATIS_ADMIN=36611, RATIS_SERVER=36611, STANDALONE=46017], networkLocation: /default-rack, certSerialId: null, persistedOpState: IN_SERVICE, persistedOpStateExpiryEpochSec: 0}, ReplicationConfig: RATIS/ONE, State:ALLOCATED, leaderId:43d3847f-81c3-43e7-b86e-40be164eab80, CreationTimestamp2021-04-28T01:09:32.360Z] moved to OPEN state
2021-04-28 01:09:35,374 [EventQueue-OpenPipelineForHealthyPipelineSafeModeRule] INFO  safemode.SCMSafeModeManager (HealthyPipelineSafeModeRule.java:process(130)) - SCM in safe mode. Healthy pipelines reported count is 0, required healthy pipeline reported count is 1
2021-04-28 01:09:35,377 [pool-45-thread-1] INFO  server.RaftServerConfigKeys (ConfUtils.java:logGet(44)) - raft.server.snapshot.auto.trigger.enabled = true (custom)
2021-04-28 01:09:35,378 [pool-45-thread-1] INFO  server.RaftServerConfigKeys (ConfUtils.java:logGet(44)) - raft.server.snapshot.auto.trigger.threshold = 10000 (custom)
2021-04-28 01:09:35,378 [pool-45-thread-1] INFO  server.RaftServerConfigKeys (ConfUtils.java:logGet(44)) - raft.server.snapshot.retention.file.num = 5 (custom)
2021-04-28 01:09:35,378 [pool-45-thread-1] INFO  server.RaftServerConfigKeys (ConfUtils.java:logGet(44)) - raft.server.log.purge.upto.snapshot.index = false (default)
2021-04-28 01:09:35,378 [pool-45-thread-1] INFO  server.RaftServerConfigKeys (ConfUtils.java:logGet(44)) - raft.server.retrycache.expirytime = 600000ms (custom)
2021-04-28 01:09:35,378 [pool-45-thread-1] INFO  server.RaftServerConfigKeys (ConfUtils.java:logGet(44)) - raft.server.retrycache.statistics.expirytime = 100?s (default)
2021-04-28 01:09:35,378 [pool-45-thread-1] INFO  metrics.RatisMetrics (RatisMetrics.java:lambda$create$0(36)) - Creating Metrics Registry : ratis.leader_election.43d3847f-81c3-43e7-b86e-40be164eab80@group-0BBBFB4B228D
2021-04-28 01:09:35,384 [pool-45-thread-1] INFO  metrics.RatisMetrics (RatisMetrics.java:lambda$create$0(36)) - Creating Metrics Registry : ratis.server.43d3847f-81c3-43e7-b86e-40be164eab80@group-0BBBFB4B228D
2021-04-28 01:09:35,388 [pool-45-thread-1] INFO  server.RaftServer$Division (RaftServerImpl.java:start(295)) - 43d3847f-81c3-43e7-b86e-40be164eab80@group-0BBBFB4B228D: start as a follower, conf=-1: [43d3847f-81c3-43e7-b86e-40be164eab80|rpc:172.17.0.2:36611|priority:1], old=null
2021-04-28 01:09:35,389 [pool-45-thread-1] INFO  server.RaftServer$Division (RaftServerImpl.java:setRole(284)) - 43d3847f-81c3-43e7-b86e-40be164eab80@group-0BBBFB4B228D: changes role from      null to FOLLOWER at term 0 for startAsFollower
2021-04-28 01:09:35,389 [pool-45-thread-1] INFO  impl.RoleInfo (RoleInfo.java:updateAndGet(130)) - 43d3847f-81c3-43e7-b86e-40be164eab80: start 43d3847f-81c3-43e7-b86e-40be164eab80@group-0BBBFB4B228D-FollowerState
2021-04-28 01:09:35,390 [pool-45-thread-1] INFO  util.JmxRegister (JmxRegister.java:tryRegister(44)) - Successfully registered JMX Bean with object name Ratis:service=RaftServer,group=group-0BBBFB4B228D,id=43d3847f-81c3-43e7-b86e-40be164eab80
2021-04-28 01:09:35,397 [pool-45-thread-1] INFO  metrics.RatisMetrics (RatisMetrics.java:lambda$create$0(36)) - Creating Metrics Registry : ratis.state_machine.43d3847f-81c3-43e7-b86e-40be164eab80@group-0BBBFB4B228D
2021-04-28 01:09:35,405 [Command processor thread] INFO  ratis.XceiverServerRatis (XceiverServerRatis.java:addGroup(808)) - Created group PipelineID=d17bde08-dc29-4d74-bbda-0bbbfb4b228d
2021-04-28 01:09:35,405 [Command processor thread] INFO  commandhandler.CreatePipelineCommandHandler (CreatePipelineCommandHandler.java:handle(106)) - Created Pipeline RATIS ONE PipelineID=d17bde08-dc29-4d74-bbda-0bbbfb4b228d.
2021-04-28 01:09:35,405 [Command processor thread] INFO  server.RaftServer (RaftServerProxy.java:addNew(95)) - 43d3847f-81c3-43e7-b86e-40be164eab80: addNew group-A8230B39765F:[43d3847f-81c3-43e7-b86e-40be164eab80|rpc:172.17.0.2:36611|priority:0, f65384a4-a8a4-4787-a0e5-96e28e751202|rpc:172.17.0.2:43161|priority:1, 42fd2707-1841-40d3-b54b-6f39f935cc38|rpc:172.17.0.2:41223|priority:0] returns group-A8230B39765F:java.util.concurrent.CompletableFuture@726fdc0d[Not completed]
2021-04-28 01:09:35,408 [pool-45-thread-1] INFO  server.RaftServer$Division (RaftServerImpl.java:<init>(180)) - 43d3847f-81c3-43e7-b86e-40be164eab80: new RaftServerImpl for group-A8230B39765F:[43d3847f-81c3-43e7-b86e-40be164eab80|rpc:172.17.0.2:36611|priority:0, f65384a4-a8a4-4787-a0e5-96e28e751202|rpc:172.17.0.2:43161|priority:1, 42fd2707-1841-40d3-b54b-6f39f935cc38|rpc:172.17.0.2:41223|priority:0] with ContainerStateMachine:uninitialized
2021-04-28 01:09:35,408 [pool-45-thread-1] INFO  server.RaftServerConfigKeys (ConfUtils.java:logGet(44)) - raft.server.rpc.timeout.min = 5s (custom)
2021-04-28 01:09:35,408 [pool-45-thread-1] INFO  server.RaftServerConfigKeys (ConfUtils.java:logGet(44)) - raft.server.rpc.timeout.max = 5200ms (custom)
2021-04-28 01:09:35,408 [pool-45-thread-1] INFO  server.RaftServerConfigKeys (ConfUtils.java:logGet(44)) - raft.server.rpc.sleep.time = 25ms (default)
2021-04-28 01:09:35,408 [pool-45-thread-1] INFO  server.RaftServerConfigKeys (ConfUtils.java:logGet(44)) - raft.server.rpc.slowness.timeout = 300000ms (custom)
2021-04-28 01:09:35,408 [pool-45-thread-1] INFO  server.RaftServerConfigKeys (ConfUtils.java:logGet(44)) - raft.server.leaderelection.leader.step-down.wait-time = 10s (default)
2021-04-28 01:09:35,408 [pool-45-thread-1] INFO  server.RaftServerConfigKeys (ConfUtils.java:logGet(44)) - raft.server.sleep.deviation.threshold = 300ms (default)
2021-04-28 01:09:35,408 [pool-45-thread-1] INFO  server.RaftServerConfigKeys (ConfUtils.java:logGet(44)) - raft.server.log.appender.install.snapshot.enabled = false (custom)
2021-04-28 01:09:35,408 [pool-45-thread-1] INFO  server.RaftServer$Division (ServerState.java:<init>(105)) - 43d3847f-81c3-43e7-b86e-40be164eab80@group-A8230B39765F: ConfigurationManager, init=-1: [43d3847f-81c3-43e7-b86e-40be164eab80|rpc:172.17.0.2:36611|priority:0, f65384a4-a8a4-4787-a0e5-96e28e751202|rpc:172.17.0.2:43161|priority:1, 42fd2707-1841-40d3-b54b-6f39f935cc38|rpc:172.17.0.2:41223|priority:0], old=null, confs=<EMPTY_MAP>
2021-04-28 01:09:35,408 [pool-45-thread-1] INFO  server.RaftServerConfigKeys (ConfUtils.java:logGet(44)) - raft.server.storage.dir = [/github/workspace/mnt/ozone/hadoop-ozone/integration-test/target/test-dir/MiniOzoneClusterImpl-d7076e4a-bb1a-46d0-b0f9-1975ab90d2da/datanode-0/data/ratis] (custom)
2021-04-28 01:09:35,409 [pool-45-thread-1] INFO  server.RaftServerConfigKeys (ConfUtils.java:logGet(44)) - raft.server.log.corruption.policy = EXCEPTION (default)
2021-04-28 01:09:35,409 [pool-45-thread-1] INFO  storage.RaftStorageDirectory (RaftStorageDirectoryImpl.java:analyzeStorage(132)) - The storage directory /github/workspace/mnt/ozone/hadoop-ozone/integration-test/target/test-dir/MiniOzoneClusterImpl-d7076e4a-bb1a-46d0-b0f9-1975ab90d2da/datanode-0/data/ratis/ec4b5416-ebc2-40d3-845e-a8230b39765f does not exist. Creating ...
2021-04-28 01:09:35,410 [pool-45-thread-1] INFO  storage.RaftStorageDirectory (RaftStorageDirectoryImpl.java:tryLock(215)) - Lock on /github/workspace/mnt/ozone/hadoop-ozone/integration-test/target/test-dir/MiniOzoneClusterImpl-d7076e4a-bb1a-46d0-b0f9-1975ab90d2da/datanode-0/data/ratis/ec4b5416-ebc2-40d3-845e-a8230b39765f/in_use.lock acquired by nodename 10892@c8a4b84cbf99
2021-04-28 01:09:35,411 [pool-45-thread-1] INFO  storage.RaftStorage (RaftStorageImpl.java:format(87)) - Storage directory /github/workspace/mnt/ozone/hadoop-ozone/integration-test/target/test-dir/MiniOzoneClusterImpl-d7076e4a-bb1a-46d0-b0f9-1975ab90d2da/datanode-0/data/ratis/ec4b5416-ebc2-40d3-845e-a8230b39765f has been successfully formatted.
2021-04-28 01:09:35,411 [pool-45-thread-1] INFO  ratis.ContainerStateMachine (ContainerStateMachine.java:loadSnapshot(224)) - group-A8230B39765F: The snapshot info is null. Setting the last applied indexto:(t:0, i:~)
2021-04-28 01:09:35,411 [pool-45-thread-1] INFO  server.RaftServerConfigKeys (ConfUtils.java:logGet(44)) - raft.server.notification.no-leader.timeout = 300000ms (custom)
2021-04-28 01:09:35,411 [pool-45-thread-1] INFO  server.RaftServerConfigKeys (ConfUtils.java:logGet(44)) - raft.server.log.use.memory = false (default)
2021-04-28 01:09:35,412 [pool-45-thread-1] INFO  server.RaftServerConfigKeys (ConfUtils.java:logGet(44)) - raft.server.log.purge.gap = 1000000 (custom)
2021-04-28 01:09:35,412 [pool-45-thread-1] INFO  server.RaftServerConfigKeys (ConfUtils.java:logGet(44)) - raft.server.log.appender.buffer.byte-limit = 33554432 (custom)
2021-04-28 01:09:35,412 [pool-45-thread-1] INFO  metrics.RatisMetrics (RatisMetrics.java:lambda$create$0(36)) - Creating Metrics Registry : ratis.log_worker.43d3847f-81c3-43e7-b86e-40be164eab80@group-A8230B39765F
2021-04-28 01:09:35,412 [pool-45-thread-1] INFO  server.RaftServerConfigKeys (ConfUtils.java:logGet(44)) - raft.server.log.segment.size.max = 1048576 (custom)
2021-04-28 01:09:35,413 [pool-45-thread-1] INFO  server.RaftServerConfigKeys (ConfUtils.java:logGet(44)) - raft.server.log.segment.cache.num.max = 2 (custom)
2021-04-28 01:09:35,413 [pool-45-thread-1] INFO  server.RaftServerConfigKeys (ConfUtils.java:logGet(44)) - raft.server.log.segment.cache.size.max = 200MB (=209715200) (default)
2021-04-28 01:09:35,413 [pool-45-thread-1] INFO  segmented.SegmentedRaftLogWorker (SegmentedRaftLogWorker.java:<init>(182)) - new 43d3847f-81c3-43e7-b86e-40be164eab80@group-A8230B39765F-SegmentedRaftLogWorker for RaftStorageImpl:Storage Directory /github/workspace/mnt/ozone/hadoop-ozone/integration-test/target/test-dir/MiniOzoneClusterImpl-d7076e4a-bb1a-46d0-b0f9-1975ab90d2da/datanode-0/data/ratis/ec4b5416-ebc2-40d3-845e-a8230b39765f
2021-04-28 01:09:35,413 [pool-45-thread-1] INFO  server.RaftServerConfigKeys (ConfUtils.java:logGet(44)) - raft.server.log.queue.byte-limit = 2147483647 (custom)
2021-04-28 01:09:35,413 [pool-45-thread-1] INFO  server.RaftServerConfigKeys (ConfUtils.java:logGet(44)) - raft.server.log.queue.element-limit = 1024 (custom)
2021-04-28 01:09:35,413 [pool-45-thread-1] INFO  server.RaftServerConfigKeys (ConfUtils.java:logGet(44)) - raft.server.log.segment.size.max = 1048576 (custom)
2021-04-28 01:09:35,413 [pool-45-thread-1] INFO  server.RaftServerConfigKeys (ConfUtils.java:logGet(44)) - raft.server.log.preallocated.size = 16384 (custom)
2021-04-28 01:09:35,413 [pool-45-thread-1] INFO  server.RaftServerConfigKeys (ConfUtils.java:logGet(44)) - raft.server.log.force.sync.num = 128 (default)
2021-04-28 01:09:35,413 [pool-45-thread-1] INFO  server.RaftServerConfigKeys (ConfUtils.java:logGet(44)) - raft.server.log.statemachine.data.sync = true (default)
2021-04-28 01:09:35,413 [pool-45-thread-1] INFO  server.RaftServerConfigKeys (ConfUtils.java:logGet(44)) - raft.server.log.statemachine.data.sync.timeout = 10s (default)
2021-04-28 01:09:35,414 [pool-45-thread-1] INFO  server.RaftServerConfigKeys (ConfUtils.java:logGet(44)) - raft.server.log.statemachine.data.sync.timeout.retry = -1 (default)
2021-04-28 01:09:35,415 [pool-45-thread-1] INFO  server.RaftServerConfigKeys (ConfUtils.java:logGet(44)) - raft.server.log.write.buffer.size = 1048576 (custom)
2021-04-28 01:09:35,416 [pool-45-thread-1] INFO  server.RaftServerConfigKeys (ConfUtils.java:logGet(44)) - raft.server.log.statemachine.data.caching.enabled = true (custom)
2021-04-28 01:09:35,416 [pool-45-thread-1] INFO  segmented.SegmentedRaftLogWorker (SegmentedRaftLogWorker.java:lambda$new$0(133)) - 43d3847f-81c3-43e7-b86e-40be164eab80@group-A8230B39765F-SegmentedRaftLogWorker: flushIndex: setUnconditionally 0 -> -1
2021-04-28 01:09:35,416 [pool-45-thread-1] INFO  segmented.SegmentedRaftLogWorker (SegmentedRaftLogWorker.java:lambda$new$0(133)) - 43d3847f-81c3-43e7-b86e-40be164eab80@group-A8230B39765F-SegmentedRaftLogWorker: safeCacheEvictIndex: setUnconditionally 0 -> -1
2021-04-28 01:09:35,416 [pool-45-thread-1] INFO  server.RaftServerConfigKeys (ConfUtils.java:logGet(44)) - raft.server.snapshot.auto.trigger.enabled = true (custom)
2021-04-28 01:09:35,416 [pool-45-thread-1] INFO  server.RaftServerConfigKeys (ConfUtils.java:logGet(44)) - raft.server.snapshot.auto.trigger.threshold = 10000 (custom)
2021-04-28 01:09:35,416 [pool-45-thread-1] INFO  server.RaftServerConfigKeys (ConfUtils.java:logGet(44)) - raft.server.snapshot.retention.file.num = 5 (custom)
2021-04-28 01:09:35,416 [pool-45-thread-1] INFO  server.RaftServerConfigKeys (ConfUtils.java:logGet(44)) - raft.server.log.purge.upto.snapshot.index = false (default)
2021-04-28 01:09:35,416 [pool-45-thread-1] INFO  server.RaftServerConfigKeys (ConfUtils.java:logGet(44)) - raft.server.retrycache.expirytime = 600000ms (custom)
2021-04-28 01:09:35,416 [pool-45-thread-1] INFO  server.RaftServerConfigKeys (ConfUtils.java:logGet(44)) - raft.server.retrycache.statistics.expirytime = 100?s (default)
2021-04-28 01:09:35,417 [pool-45-thread-1] INFO  metrics.RatisMetrics (RatisMetrics.java:lambda$create$0(36)) - Creating Metrics Registry : ratis.leader_election.43d3847f-81c3-43e7-b86e-40be164eab80@group-A8230B39765F
2021-04-28 01:09:35,418 [pool-45-thread-1] INFO  metrics.RatisMetrics (RatisMetrics.java:lambda$create$0(36)) - Creating Metrics Registry : ratis.server.43d3847f-81c3-43e7-b86e-40be164eab80@group-A8230B39765F
2021-04-28 01:09:35,419 [pool-45-thread-1] INFO  server.RaftServer$Division (RaftServerImpl.java:start(295)) - 43d3847f-81c3-43e7-b86e-40be164eab80@group-A8230B39765F: start as a follower, conf=-1: [43d3847f-81c3-43e7-b86e-40be164eab80|rpc:172.17.0.2:36611|priority:0, f65384a4-a8a4-4787-a0e5-96e28e751202|rpc:172.17.0.2:43161|priority:1, 42fd2707-1841-40d3-b54b-6f39f935cc38|rpc:172.17.0.2:41223|priority:0], old=null
2021-04-28 01:09:35,419 [pool-45-thread-1] INFO  server.RaftServer$Division (RaftServerImpl.java:setRole(284)) - 43d3847f-81c3-43e7-b86e-40be164eab80@group-A8230B39765F: changes role from      null to FOLLOWER at term 0 for startAsFollower
2021-04-28 01:09:35,419 [pool-45-thread-1] INFO  impl.RoleInfo (RoleInfo.java:updateAndGet(130)) - 43d3847f-81c3-43e7-b86e-40be164eab80: start 43d3847f-81c3-43e7-b86e-40be164eab80@group-A8230B39765F-FollowerState
2021-04-28 01:09:35,420 [EventQueue-PipelineReportForOneReplicaPipelineSafeModeRule] INFO  safemode.SCMSafeModeManager (SCMSafeModeManager.java:validateSafeModeExitRules(201)) - AtleastOneDatanodeReportedRule rule is successfully validated
2021-04-28 01:09:35,420 [EventQueue-OpenPipelineForHealthyPipelineSafeModeRule] INFO  safemode.SCMSafeModeManager (HealthyPipelineSafeModeRule.java:process(130)) - SCM in safe mode. Healthy pipelines reported count is 0, required healthy pipeline reported count is 1
2021-04-28 01:09:35,420 [pool-45-thread-1] INFO  util.JmxRegister (JmxRegister.java:tryRegister(44)) - Successfully registered JMX Bean with object name Ratis:service=RaftServer,group=group-A8230B39765F,id=43d3847f-81c3-43e7-b86e-40be164eab80
2021-04-28 01:09:35,420 [pool-45-thread-1] INFO  metrics.RatisMetrics (RatisMetrics.java:lambda$create$0(36)) - Creating Metrics Registry : ratis.state_machine.43d3847f-81c3-43e7-b86e-40be164eab80@group-A8230B39765F
2021-04-28 01:09:35,421 [Command processor thread] INFO  ratis.XceiverServerRatis (XceiverServerRatis.java:addGroup(808)) - Created group PipelineID=ec4b5416-ebc2-40d3-845e-a8230b39765f
2021-04-28 01:09:35,450 [Command processor thread] INFO  metrics.RatisMetrics (RatisMetrics.java:lambda$create$0(36)) - Creating Metrics Registry : ratis.client_message_metrics.client-41CF324B30AA->f65384a4-a8a4-4787-a0e5-96e28e751202
2021-04-28 01:09:35,733 [Command processor thread] INFO  server.RaftServer (RaftServerProxy.java:addNew(95)) - f65384a4-a8a4-4787-a0e5-96e28e751202: addNew group-42B4E16AA8FA:[f65384a4-a8a4-4787-a0e5-96e28e751202|rpc:172.17.0.2:43161|priority:1] returns group-42B4E16AA8FA:java.util.concurrent.CompletableFuture@1e932793[Not completed]
2021-04-28 01:09:35,811 [grpc-default-executor-0] INFO  metrics.RatisMetrics (RatisMetrics.java:lambda$create$0(36)) - Creating Metrics Registry : ratis.server_message_metrics.f65384a4-a8a4-4787-a0e5-96e28e751202
2021-04-28 01:09:35,812 [pool-60-thread-1] INFO  server.RaftServer$Division (RaftServerImpl.java:<init>(180)) - f65384a4-a8a4-4787-a0e5-96e28e751202: new RaftServerImpl for group-42B4E16AA8FA:[f65384a4-a8a4-4787-a0e5-96e28e751202|rpc:172.17.0.2:43161|priority:1] with ContainerStateMachine:uninitialized
2021-04-28 01:09:35,818 [pool-60-thread-1] INFO  server.RaftServerConfigKeys (ConfUtils.java:logGet(44)) - raft.server.rpc.timeout.min = 5s (custom)
2021-04-28 01:09:35,818 [pool-60-thread-1] INFO  server.RaftServerConfigKeys (ConfUtils.java:logGet(44)) - raft.server.rpc.timeout.max = 5200ms (custom)
2021-04-28 01:09:35,818 [pool-60-thread-1] INFO  server.RaftServerConfigKeys (ConfUtils.java:logGet(44)) - raft.server.rpc.sleep.time = 25ms (default)
2021-04-28 01:09:35,818 [pool-60-thread-1] INFO  server.RaftServerConfigKeys (ConfUtils.java:logGet(44)) - raft.server.rpc.slowness.timeout = 300000ms (custom)
2021-04-28 01:09:35,818 [pool-60-thread-1] INFO  server.RaftServerConfigKeys (ConfUtils.java:logGet(44)) - raft.server.leaderelection.leader.step-down.wait-time = 10s (default)
2021-04-28 01:09:35,818 [pool-60-thread-1] INFO  server.RaftServerConfigKeys (ConfUtils.java:logGet(44)) - raft.server.sleep.deviation.threshold = 300ms (default)
2021-04-28 01:09:35,818 [pool-60-thread-1] INFO  server.RaftServerConfigKeys (ConfUtils.java:logGet(44)) - raft.server.log.appender.install.snapshot.enabled = false (custom)
2021-04-28 01:09:35,818 [pool-60-thread-1] INFO  server.RaftServer$Division (ServerState.java:<init>(105)) - f65384a4-a8a4-4787-a0e5-96e28e751202@group-42B4E16AA8FA: ConfigurationManager, init=-1: [f65384a4-a8a4-4787-a0e5-96e28e751202|rpc:172.17.0.2:43161|priority:1], old=null, confs=<EMPTY_MAP>
2021-04-28 01:09:35,818 [pool-60-thread-1] INFO  server.RaftServerConfigKeys (ConfUtils.java:logGet(44)) - raft.server.storage.dir = [/github/workspace/mnt/ozone/hadoop-ozone/integration-test/target/test-dir/MiniOzoneClusterImpl-d7076e4a-bb1a-46d0-b0f9-1975ab90d2da/datanode-1/data/ratis] (custom)
2021-04-28 01:09:35,819 [pool-60-thread-1] INFO  server.RaftServerConfigKeys (ConfUtils.java:logGet(44)) - raft.server.log.corruption.policy = EXCEPTION (default)
2021-04-28 01:09:35,819 [pool-60-thread-1] INFO  storage.RaftStorageDirectory (RaftStorageDirectoryImpl.java:analyzeStorage(132)) - The storage directory /github/workspace/mnt/ozone/hadoop-ozone/integration-test/target/test-dir/MiniOzoneClusterImpl-d7076e4a-bb1a-46d0-b0f9-1975ab90d2da/datanode-1/data/ratis/5fde851c-c9c9-4a28-9c72-42b4e16aa8fa does not exist. Creating ...
2021-04-28 01:09:35,820 [pool-60-thread-1] INFO  storage.RaftStorageDirectory (RaftStorageDirectoryImpl.java:tryLock(215)) - Lock on /github/workspace/mnt/ozone/hadoop-ozone/integration-test/target/test-dir/MiniOzoneClusterImpl-d7076e4a-bb1a-46d0-b0f9-1975ab90d2da/datanode-1/data/ratis/5fde851c-c9c9-4a28-9c72-42b4e16aa8fa/in_use.lock acquired by nodename 10892@c8a4b84cbf99
2021-04-28 01:09:35,822 [pool-60-thread-1] INFO  storage.RaftStorage (RaftStorageImpl.java:format(87)) - Storage directory /github/workspace/mnt/ozone/hadoop-ozone/integration-test/target/test-dir/MiniOzoneClusterImpl-d7076e4a-bb1a-46d0-b0f9-1975ab90d2da/datanode-1/data/ratis/5fde851c-c9c9-4a28-9c72-42b4e16aa8fa has been successfully formatted.
2021-04-28 01:09:35,822 [pool-60-thread-1] INFO  ratis.ContainerStateMachine (ContainerStateMachine.java:loadSnapshot(224)) - group-42B4E16AA8FA: The snapshot info is null. Setting the last applied indexto:(t:0, i:~)
2021-04-28 01:09:35,828 [pool-60-thread-1] INFO  server.RaftServerConfigKeys (ConfUtils.java:logGet(44)) - raft.server.notification.no-leader.timeout = 300000ms (custom)
2021-04-28 01:09:35,828 [pool-60-thread-1] INFO  server.RaftServerConfigKeys (ConfUtils.java:logGet(44)) - raft.server.log.use.memory = false (default)
2021-04-28 01:09:35,828 [pool-60-thread-1] INFO  server.RaftServerConfigKeys (ConfUtils.java:logGet(44)) - raft.server.log.purge.gap = 1000000 (custom)
2021-04-28 01:09:35,828 [pool-60-thread-1] INFO  server.RaftServerConfigKeys (ConfUtils.java:logGet(44)) - raft.server.log.appender.buffer.byte-limit = 33554432 (custom)
2021-04-28 01:09:35,828 [pool-60-thread-1] INFO  metrics.RatisMetrics (RatisMetrics.java:lambda$create$0(36)) - Creating Metrics Registry : ratis.log_worker.f65384a4-a8a4-4787-a0e5-96e28e751202@group-42B4E16AA8FA
2021-04-28 01:09:35,828 [pool-60-thread-1] INFO  server.RaftServerConfigKeys (ConfUtils.java:logGet(44)) - raft.server.log.segment.size.max = 1048576 (custom)
2021-04-28 01:09:35,829 [pool-60-thread-1] INFO  server.RaftServerConfigKeys (ConfUtils.java:logGet(44)) - raft.server.log.segment.cache.num.max = 2 (custom)
2021-04-28 01:09:35,829 [pool-60-thread-1] INFO  server.RaftServerConfigKeys (ConfUtils.java:logGet(44)) - raft.server.log.segment.cache.size.max = 200MB (=209715200) (default)
2021-04-28 01:09:35,829 [pool-60-thread-1] INFO  segmented.SegmentedRaftLogWorker (SegmentedRaftLogWorker.java:<init>(182)) - new f65384a4-a8a4-4787-a0e5-96e28e751202@group-42B4E16AA8FA-SegmentedRaftLogWorker for RaftStorageImpl:Storage Directory /github/workspace/mnt/ozone/hadoop-ozone/integration-test/target/test-dir/MiniOzoneClusterImpl-d7076e4a-bb1a-46d0-b0f9-1975ab90d2da/datanode-1/data/ratis/5fde851c-c9c9-4a28-9c72-42b4e16aa8fa
2021-04-28 01:09:35,829 [pool-60-thread-1] INFO  server.RaftServerConfigKeys (ConfUtils.java:logGet(44)) - raft.server.log.queue.byte-limit = 2147483647 (custom)
2021-04-28 01:09:35,829 [pool-60-thread-1] INFO  server.RaftServerConfigKeys (ConfUtils.java:logGet(44)) - raft.server.log.queue.element-limit = 1024 (custom)
2021-04-28 01:09:35,829 [pool-60-thread-1] INFO  server.RaftServerConfigKeys (ConfUtils.java:logGet(44)) - raft.server.log.segment.size.max = 1048576 (custom)
2021-04-28 01:09:35,829 [pool-60-thread-1] INFO  server.RaftServerConfigKeys (ConfUtils.java:logGet(44)) - raft.server.log.preallocated.size = 16384 (custom)
2021-04-28 01:09:35,829 [pool-60-thread-1] INFO  server.RaftServerConfigKeys (ConfUtils.java:logGet(44)) - raft.server.log.force.sync.num = 128 (default)
2021-04-28 01:09:35,829 [pool-60-thread-1] INFO  server.RaftServerConfigKeys (ConfUtils.java:logGet(44)) - raft.server.log.statemachine.data.sync = true (default)
2021-04-28 01:09:35,829 [pool-60-thread-1] INFO  server.RaftServerConfigKeys (ConfUtils.java:logGet(44)) - raft.server.log.statemachine.data.sync.timeout = 10s (default)
2021-04-28 01:09:35,829 [pool-60-thread-1] INFO  server.RaftServerConfigKeys (ConfUtils.java:logGet(44)) - raft.server.log.statemachine.data.sync.timeout.retry = -1 (default)
2021-04-28 01:09:35,830 [pool-60-thread-1] INFO  server.RaftServerConfigKeys (ConfUtils.java:logGet(44)) - raft.server.log.write.buffer.size = 1048576 (custom)
2021-04-28 01:09:35,831 [grpc-default-executor-0] INFO  server.RaftServer (RaftServerProxy.java:addNew(95)) - f65384a4-a8a4-4787-a0e5-96e28e751202: addNew group-A8230B39765F:[43d3847f-81c3-43e7-b86e-40be164eab80|rpc:172.17.0.2:36611|dataStream:|priority:0, f65384a4-a8a4-4787-a0e5-96e28e751202|rpc:172.17.0.2:43161|dataStream:|priority:1, 42fd2707-1841-40d3-b54b-6f39f935cc38|rpc:172.17.0.2:41223|dataStream:|priority:0] returns group-A8230B39765F:java.util.concurrent.CompletableFuture@19aec7b5[Not completed]
2021-04-28 01:09:35,831 [pool-60-thread-1] INFO  server.RaftServerConfigKeys (ConfUtils.java:logGet(44)) - raft.server.log.statemachine.data.caching.enabled = true (custom)
2021-04-28 01:09:35,831 [pool-60-thread-1] INFO  segmented.SegmentedRaftLogWorker (SegmentedRaftLogWorker.java:lambda$new$0(133)) - f65384a4-a8a4-4787-a0e5-96e28e751202@group-42B4E16AA8FA-SegmentedRaftLogWorker: flushIndex: setUnconditionally 0 -> -1
2021-04-28 01:09:35,831 [pool-60-thread-1] INFO  segmented.SegmentedRaftLogWorker (SegmentedRaftLogWorker.java:lambda$new$0(133)) - f65384a4-a8a4-4787-a0e5-96e28e751202@group-42B4E16AA8FA-SegmentedRaftLogWorker: safeCacheEvictIndex: setUnconditionally 0 -> -1
2021-04-28 01:09:35,832 [EventQueue-PipelineReportForOneReplicaPipelineSafeModeRule] INFO  safemode.SCMSafeModeManager (SCMSafeModeManager.java:validateSafeModeExitRules(201)) - AtleastOneDatanodeReportedRule rule is successfully validated
2021-04-28 01:09:35,832 [EventQueue-PipelineReportForPipelineReportHandler] INFO  pipeline.PipelineManagerV2Impl (PipelineManagerV2Impl.java:openPipeline(270)) - Pipeline Pipeline[ Id: 5fde851c-c9c9-4a28-9c72-42b4e16aa8fa, Nodes: f65384a4-a8a4-4787-a0e5-96e28e751202{ip: 172.17.0.2, host: c8a4b84cbf99, ports: [REPLICATION=46685, RATIS=43161, RATIS_ADMIN=43161, RATIS_SERVER=43161, STANDALONE=34083], networkLocation: /default-rack, certSerialId: null, persistedOpState: IN_SERVICE, persistedOpStateExpiryEpochSec: 0}, ReplicationConfig: RATIS/ONE, State:ALLOCATED, leaderId:f65384a4-a8a4-4787-a0e5-96e28e751202, CreationTimestamp2021-04-28T01:09:32.711Z] moved to OPEN state
2021-04-28 01:09:35,833 [EventQueue-OpenPipelineForHealthyPipelineSafeModeRule] INFO  safemode.SCMSafeModeManager (HealthyPipelineSafeModeRule.java:process(130)) - SCM in safe mode. Healthy pipelines reported count is 0, required healthy pipeline reported count is 1
2021-04-28 01:09:35,833 [pool-60-thread-1] INFO  server.RaftServerConfigKeys (ConfUtils.java:logGet(44)) - raft.server.snapshot.auto.trigger.enabled = true (custom)
2021-04-28 01:09:35,838 [pool-60-thread-1] INFO  server.RaftServerConfigKeys (ConfUtils.java:logGet(44)) - raft.server.snapshot.auto.trigger.threshold = 10000 (custom)
2021-04-28 01:09:35,838 [pool-60-thread-1] INFO  server.RaftServerConfigKeys (ConfUtils.java:logGet(44)) - raft.server.snapshot.retention.file.num = 5 (custom)
2021-04-28 01:09:35,838 [pool-60-thread-1] INFO  server.RaftServerConfigKeys (ConfUtils.java:logGet(44)) - raft.server.log.purge.upto.snapshot.index = false (default)
2021-04-28 01:09:35,838 [pool-60-thread-1] INFO  server.RaftServerConfigKeys (ConfUtils.java:logGet(44)) - raft.server.retrycache.expirytime = 600000ms (custom)
2021-04-28 01:09:35,838 [pool-60-thread-1] INFO  server.RaftServerConfigKeys (ConfUtils.java:logGet(44)) - raft.server.retrycache.statistics.expirytime = 100?s (default)
2021-04-28 01:09:35,838 [pool-60-thread-1] INFO  metrics.RatisMetrics (RatisMetrics.java:lambda$create$0(36)) - Creating Metrics Registry : ratis.leader_election.f65384a4-a8a4-4787-a0e5-96e28e751202@group-42B4E16AA8FA
2021-04-28 01:09:35,839 [pool-60-thread-1] INFO  metrics.RatisMetrics (RatisMetrics.java:lambda$create$0(36)) - Creating Metrics Registry : ratis.server.f65384a4-a8a4-4787-a0e5-96e28e751202@group-42B4E16AA8FA
2021-04-28 01:09:35,840 [pool-60-thread-1] INFO  server.RaftServer$Division (RaftServerImpl.java:<init>(180)) - f65384a4-a8a4-4787-a0e5-96e28e751202: new RaftServerImpl for group-A8230B39765F:[43d3847f-81c3-43e7-b86e-40be164eab80|rpc:172.17.0.2:36611|dataStream:|priority:0, f65384a4-a8a4-4787-a0e5-96e28e751202|rpc:172.17.0.2:43161|dataStream:|priority:1, 42fd2707-1841-40d3-b54b-6f39f935cc38|rpc:172.17.0.2:41223|dataStream:|priority:0] with ContainerStateMachine:uninitialized
2021-04-28 01:09:35,841 [pool-60-thread-1] INFO  server.RaftServerConfigKeys (ConfUtils.java:logGet(44)) - raft.server.rpc.timeout.min = 5s (custom)
2021-04-28 01:09:35,841 [pool-60-thread-1] INFO  server.RaftServerConfigKeys (ConfUtils.java:logGet(44)) - raft.server.rpc.timeout.max = 5200ms (custom)
2021-04-28 01:09:35,841 [pool-60-thread-1] INFO  server.RaftServerConfigKeys (ConfUtils.java:logGet(44)) - raft.server.rpc.sleep.time = 25ms (default)
2021-04-28 01:09:35,841 [pool-60-thread-1] INFO  server.RaftServerConfigKeys (ConfUtils.java:logGet(44)) - raft.server.rpc.slowness.timeout = 300000ms (custom)
2021-04-28 01:09:35,841 [pool-60-thread-1] INFO  server.RaftServerConfigKeys (ConfUtils.java:logGet(44)) - raft.server.leaderelection.leader.step-down.wait-time = 10s (default)
2021-04-28 01:09:35,841 [pool-60-thread-1] INFO  server.RaftServerConfigKeys (ConfUtils.java:logGet(44)) - raft.server.sleep.deviation.threshold = 300ms (default)
2021-04-28 01:09:35,841 [pool-60-thread-1] INFO  server.RaftServerConfigKeys (ConfUtils.java:logGet(44)) - raft.server.log.appender.install.snapshot.enabled = false (custom)
2021-04-28 01:09:35,841 [pool-60-thread-1] INFO  server.RaftServer$Division (ServerState.java:<init>(105)) - f65384a4-a8a4-4787-a0e5-96e28e751202@group-A8230B39765F: ConfigurationManager, init=-1: [43d3847f-81c3-43e7-b86e-40be164eab80|rpc:172.17.0.2:36611|dataStream:|priority:0, f65384a4-a8a4-4787-a0e5-96e28e751202|rpc:172.17.0.2:43161|dataStream:|priority:1, 42fd2707-1841-40d3-b54b-6f39f935cc38|rpc:172.17.0.2:41223|dataStream:|priority:0], old=null, confs=<EMPTY_MAP>
2021-04-28 01:09:35,841 [pool-60-thread-1] INFO  server.RaftServerConfigKeys (ConfUtils.java:logGet(44)) - raft.server.storage.dir = [/github/workspace/mnt/ozone/hadoop-ozone/integration-test/target/test-dir/MiniOzoneClusterImpl-d7076e4a-bb1a-46d0-b0f9-1975ab90d2da/datanode-1/data/ratis] (custom)
2021-04-28 01:09:35,841 [pool-60-thread-1] INFO  server.RaftServerConfigKeys (ConfUtils.java:logGet(44)) - raft.server.log.corruption.policy = EXCEPTION (default)
2021-04-28 01:09:35,841 [pool-60-thread-1] INFO  storage.RaftStorageDirectory (RaftStorageDirectoryImpl.java:analyzeStorage(132)) - The storage directory /github/workspace/mnt/ozone/hadoop-ozone/integration-test/target/test-dir/MiniOzoneClusterImpl-d7076e4a-bb1a-46d0-b0f9-1975ab90d2da/datanode-1/data/ratis/ec4b5416-ebc2-40d3-845e-a8230b39765f does not exist. Creating ...
2021-04-28 01:09:35,845 [pool-60-thread-1] INFO  storage.RaftStorageDirectory (RaftStorageDirectoryImpl.java:tryLock(215)) - Lock on /github/workspace/mnt/ozone/hadoop-ozone/integration-test/target/test-dir/MiniOzoneClusterImpl-d7076e4a-bb1a-46d0-b0f9-1975ab90d2da/datanode-1/data/ratis/ec4b5416-ebc2-40d3-845e-a8230b39765f/in_use.lock acquired by nodename 10892@c8a4b84cbf99
2021-04-28 01:09:35,846 [pool-60-thread-1] INFO  storage.RaftStorage (RaftStorageImpl.java:format(87)) - Storage directory /github/workspace/mnt/ozone/hadoop-ozone/integration-test/target/test-dir/MiniOzoneClusterImpl-d7076e4a-bb1a-46d0-b0f9-1975ab90d2da/datanode-1/data/ratis/ec4b5416-ebc2-40d3-845e-a8230b39765f has been successfully formatted.
2021-04-28 01:09:35,847 [pool-60-thread-1] INFO  ratis.ContainerStateMachine (ContainerStateMachine.java:loadSnapshot(224)) - group-A8230B39765F: The snapshot info is null. Setting the last applied indexto:(t:0, i:~)
2021-04-28 01:09:35,847 [pool-60-thread-1] INFO  server.RaftServerConfigKeys (ConfUtils.java:logGet(44)) - raft.server.notification.no-leader.timeout = 300000ms (custom)
2021-04-28 01:09:35,848 [pool-60-thread-1] INFO  server.RaftServerConfigKeys (ConfUtils.java:logGet(44)) - raft.server.log.use.memory = false (default)
2021-04-28 01:09:35,848 [EventQueue-PipelineReportForOneReplicaPipelineSafeModeRule] INFO  safemode.SCMSafeModeManager (SCMSafeModeManager.java:validateSafeModeExitRules(201)) - AtleastOneDatanodeReportedRule rule is successfully validated
2021-04-28 01:09:35,848 [EventQueue-OpenPipelineForHealthyPipelineSafeModeRule] INFO  safemode.SCMSafeModeManager (HealthyPipelineSafeModeRule.java:process(130)) - SCM in safe mode. Healthy pipelines reported count is 0, required healthy pipeline reported count is 1
2021-04-28 01:09:35,848 [pool-60-thread-1] INFO  server.RaftServerConfigKeys (ConfUtils.java:logGet(44)) - raft.server.log.purge.gap = 1000000 (custom)
2021-04-28 01:09:35,848 [pool-60-thread-1] INFO  server.RaftServerConfigKeys (ConfUtils.java:logGet(44)) - raft.server.log.appender.buffer.byte-limit = 33554432 (custom)
2021-04-28 01:09:35,848 [pool-60-thread-1] INFO  metrics.RatisMetrics (RatisMetrics.java:lambda$create$0(36)) - Creating Metrics Registry : ratis.log_worker.f65384a4-a8a4-4787-a0e5-96e28e751202@group-A8230B39765F
2021-04-28 01:09:35,848 [pool-60-thread-1] INFO  server.RaftServerConfigKeys (ConfUtils.java:logGet(44)) - raft.server.log.segment.size.max = 1048576 (custom)
2021-04-28 01:09:35,849 [pool-60-thread-1] INFO  server.RaftServerConfigKeys (ConfUtils.java:logGet(44)) - raft.server.log.segment.cache.num.max = 2 (custom)
2021-04-28 01:09:35,849 [pool-60-thread-1] INFO  server.RaftServerConfigKeys (ConfUtils.java:logGet(44)) - raft.server.log.segment.cache.size.max = 200MB (=209715200) (default)
2021-04-28 01:09:35,849 [pool-60-thread-1] INFO  segmented.SegmentedRaftLogWorker (SegmentedRaftLogWorker.java:<init>(182)) - new f65384a4-a8a4-4787-a0e5-96e28e751202@group-A8230B39765F-SegmentedRaftLogWorker for RaftStorageImpl:Storage Directory /github/workspace/mnt/ozone/hadoop-ozone/integration-test/target/test-dir/MiniOzoneClusterImpl-d7076e4a-bb1a-46d0-b0f9-1975ab90d2da/datanode-1/data/ratis/ec4b5416-ebc2-40d3-845e-a8230b39765f
2021-04-28 01:09:35,849 [pool-60-thread-1] INFO  server.RaftServerConfigKeys (ConfUtils.java:logGet(44)) - raft.server.log.queue.byte-limit = 2147483647 (custom)
2021-04-28 01:09:35,849 [pool-60-thread-1] INFO  server.RaftServerConfigKeys (ConfUtils.java:logGet(44)) - raft.server.log.queue.element-limit = 1024 (custom)
2021-04-28 01:09:35,849 [pool-60-thread-1] INFO  server.RaftServerConfigKeys (ConfUtils.java:logGet(44)) - raft.server.log.segment.size.max = 1048576 (custom)
2021-04-28 01:09:35,849 [pool-60-thread-1] INFO  server.RaftServerConfigKeys (ConfUtils.java:logGet(44)) - raft.server.log.preallocated.size = 16384 (custom)
2021-04-28 01:09:35,850 [pool-60-thread-1] INFO  server.RaftServerConfigKeys (ConfUtils.java:logGet(44)) - raft.server.log.force.sync.num = 128 (default)
2021-04-28 01:09:35,850 [pool-60-thread-1] INFO  server.RaftServerConfigKeys (ConfUtils.java:logGet(44)) - raft.server.log.statemachine.data.sync = true (default)
2021-04-28 01:09:35,850 [pool-60-thread-1] INFO  server.RaftServerConfigKeys (ConfUtils.java:logGet(44)) - raft.server.log.statemachine.data.sync.timeout = 10s (default)
2021-04-28 01:09:35,850 [pool-60-thread-1] INFO  server.RaftServerConfigKeys (ConfUtils.java:logGet(44)) - raft.server.log.statemachine.data.sync.timeout.retry = -1 (default)
2021-04-28 01:09:35,851 [pool-60-thread-1] INFO  server.RaftServerConfigKeys (ConfUtils.java:logGet(44)) - raft.server.log.write.buffer.size = 1048576 (custom)
2021-04-28 01:09:35,852 [pool-60-thread-1] INFO  server.RaftServerConfigKeys (ConfUtils.java:logGet(44)) - raft.server.log.statemachine.data.caching.enabled = true (custom)
2021-04-28 01:09:35,852 [pool-60-thread-1] INFO  segmented.SegmentedRaftLogWorker (SegmentedRaftLogWorker.java:lambda$new$0(133)) - f65384a4-a8a4-4787-a0e5-96e28e751202@group-A8230B39765F-SegmentedRaftLogWorker: flushIndex: setUnconditionally 0 -> -1
2021-04-28 01:09:35,852 [pool-60-thread-1] INFO  segmented.SegmentedRaftLogWorker (SegmentedRaftLogWorker.java:lambda$new$0(133)) - f65384a4-a8a4-4787-a0e5-96e28e751202@group-A8230B39765F-SegmentedRaftLogWorker: safeCacheEvictIndex: setUnconditionally 0 -> -1
2021-04-28 01:09:35,853 [pool-60-thread-1] INFO  server.RaftServerConfigKeys (ConfUtils.java:logGet(44)) - raft.server.snapshot.auto.trigger.enabled = true (custom)
2021-04-28 01:09:35,853 [pool-60-thread-1] INFO  server.RaftServerConfigKeys (ConfUtils.java:logGet(44)) - raft.server.snapshot.auto.trigger.threshold = 10000 (custom)
2021-04-28 01:09:35,853 [pool-60-thread-1] INFO  server.RaftServerConfigKeys (ConfUtils.java:logGet(44)) - raft.server.snapshot.retention.file.num = 5 (custom)
2021-04-28 01:09:35,853 [pool-60-thread-1] INFO  server.RaftServerConfigKeys (ConfUtils.java:logGet(44)) - raft.server.log.purge.upto.snapshot.index = false (default)
2021-04-28 01:09:35,854 [pool-60-thread-1] INFO  server.RaftServerConfigKeys (ConfUtils.java:logGet(44)) - raft.server.retrycache.expirytime = 600000ms (custom)
2021-04-28 01:09:35,854 [pool-60-thread-1] INFO  server.RaftServerConfigKeys (ConfUtils.java:logGet(44)) - raft.server.retrycache.statistics.expirytime = 100?s (default)
2021-04-28 01:09:35,854 [pool-60-thread-1] INFO  metrics.RatisMetrics (RatisMetrics.java:lambda$create$0(36)) - Creating Metrics Registry : ratis.leader_election.f65384a4-a8a4-4787-a0e5-96e28e751202@group-A8230B39765F
2021-04-28 01:09:35,854 [pool-60-thread-1] INFO  metrics.RatisMetrics (RatisMetrics.java:lambda$create$0(36)) - Creating Metrics Registry : ratis.server.f65384a4-a8a4-4787-a0e5-96e28e751202@group-A8230B39765F
2021-04-28 01:09:35,855 [pool-60-thread-1] INFO  server.RaftServer$Division (RaftServerImpl.java:start(295)) - f65384a4-a8a4-4787-a0e5-96e28e751202@group-42B4E16AA8FA: start as a follower, conf=-1: [f65384a4-a8a4-4787-a0e5-96e28e751202|rpc:172.17.0.2:43161|priority:1], old=null
2021-04-28 01:09:35,855 [pool-60-thread-1] INFO  server.RaftServer$Division (RaftServerImpl.java:setRole(284)) - f65384a4-a8a4-4787-a0e5-96e28e751202@group-42B4E16AA8FA: changes role from      null to FOLLOWER at term 0 for startAsFollower
2021-04-28 01:09:35,855 [pool-60-thread-1] INFO  impl.RoleInfo (RoleInfo.java:updateAndGet(130)) - f65384a4-a8a4-4787-a0e5-96e28e751202: start f65384a4-a8a4-4787-a0e5-96e28e751202@group-42B4E16AA8FA-FollowerState
2021-04-28 01:09:35,859 [pool-60-thread-1] INFO  util.JmxRegister (JmxRegister.java:tryRegister(44)) - Successfully registered JMX Bean with object name Ratis:service=RaftServer,group=group-42B4E16AA8FA,id=f65384a4-a8a4-4787-a0e5-96e28e751202
2021-04-28 01:09:35,859 [pool-60-thread-1] INFO  metrics.RatisMetrics (RatisMetrics.java:lambda$create$0(36)) - Creating Metrics Registry : ratis.state_machine.f65384a4-a8a4-4787-a0e5-96e28e751202@group-42B4E16AA8FA
2021-04-28 01:09:35,860 [pool-60-thread-1] INFO  server.RaftServer$Division (RaftServerImpl.java:start(295)) - f65384a4-a8a4-4787-a0e5-96e28e751202@group-A8230B39765F: start as a follower, conf=-1: [43d3847f-81c3-43e7-b86e-40be164eab80|rpc:172.17.0.2:36611|dataStream:|priority:0, f65384a4-a8a4-4787-a0e5-96e28e751202|rpc:172.17.0.2:43161|dataStream:|priority:1, 42fd2707-1841-40d3-b54b-6f39f935cc38|rpc:172.17.0.2:41223|dataStream:|priority:0], old=null
2021-04-28 01:09:35,860 [pool-60-thread-1] INFO  server.RaftServer$Division (RaftServerImpl.java:setRole(284)) - f65384a4-a8a4-4787-a0e5-96e28e751202@group-A8230B39765F: changes role from      null to FOLLOWER at term 0 for startAsFollower
2021-04-28 01:09:35,860 [pool-60-thread-1] INFO  impl.RoleInfo (RoleInfo.java:updateAndGet(130)) - f65384a4-a8a4-4787-a0e5-96e28e751202: start f65384a4-a8a4-4787-a0e5-96e28e751202@group-A8230B39765F-FollowerState
2021-04-28 01:09:35,860 [Command processor thread] INFO  ratis.XceiverServerRatis (XceiverServerRatis.java:addGroup(808)) - Created group PipelineID=5fde851c-c9c9-4a28-9c72-42b4e16aa8fa
2021-04-28 01:09:35,860 [Command processor thread] INFO  commandhandler.CreatePipelineCommandHandler (CreatePipelineCommandHandler.java:handle(106)) - Created Pipeline RATIS ONE PipelineID=5fde851c-c9c9-4a28-9c72-42b4e16aa8fa.
2021-04-28 01:09:35,870 [pool-60-thread-1] INFO  util.JmxRegister (JmxRegister.java:tryRegister(44)) - Successfully registered JMX Bean with object name Ratis:service=RaftServer,group=group-A8230B39765F,id=f65384a4-a8a4-4787-a0e5-96e28e751202
2021-04-28 01:09:35,870 [pool-60-thread-1] INFO  metrics.RatisMetrics (RatisMetrics.java:lambda$create$0(36)) - Creating Metrics Registry : ratis.state_machine.f65384a4-a8a4-4787-a0e5-96e28e751202@group-A8230B39765F
2021-04-28 01:09:35,870 [Command processor thread] INFO  server.RaftServer (RaftServerProxy.java:addNew(95)) - f65384a4-a8a4-4787-a0e5-96e28e751202: addNew group-6799236C1344:[43d3847f-81c3-43e7-b86e-40be164eab80|rpc:172.17.0.2:36611|priority:1, f65384a4-a8a4-4787-a0e5-96e28e751202|rpc:172.17.0.2:43161|priority:0, 42fd2707-1841-40d3-b54b-6f39f935cc38|rpc:172.17.0.2:41223|priority:0] returns group-6799236C1344:java.util.concurrent.CompletableFuture@1aacb099[Not completed]
2021-04-28 01:09:35,872 [pool-60-thread-1] INFO  server.RaftServer$Division (RaftServerImpl.java:<init>(180)) - f65384a4-a8a4-4787-a0e5-96e28e751202: new RaftServerImpl for group-6799236C1344:[43d3847f-81c3-43e7-b86e-40be164eab80|rpc:172.17.0.2:36611|priority:1, f65384a4-a8a4-4787-a0e5-96e28e751202|rpc:172.17.0.2:43161|priority:0, 42fd2707-1841-40d3-b54b-6f39f935cc38|rpc:172.17.0.2:41223|priority:0] with ContainerStateMachine:uninitialized
2021-04-28 01:09:35,873 [pool-60-thread-1] INFO  server.RaftServerConfigKeys (ConfUtils.java:logGet(44)) - raft.server.rpc.timeout.min = 5s (custom)
2021-04-28 01:09:35,873 [pool-60-thread-1] INFO  server.RaftServerConfigKeys (ConfUtils.java:logGet(44)) - raft.server.rpc.timeout.max = 5200ms (custom)
2021-04-28 01:09:35,873 [pool-60-thread-1] INFO  server.RaftServerConfigKeys (ConfUtils.java:logGet(44)) - raft.server.rpc.sleep.time = 25ms (default)
2021-04-28 01:09:35,873 [pool-60-thread-1] INFO  server.RaftServerConfigKeys (ConfUtils.java:logGet(44)) - raft.server.rpc.slowness.timeout = 300000ms (custom)
2021-04-28 01:09:35,873 [pool-60-thread-1] INFO  server.RaftServerConfigKeys (ConfUtils.java:logGet(44)) - raft.server.leaderelection.leader.step-down.wait-time = 10s (default)
2021-04-28 01:09:35,873 [pool-60-thread-1] INFO  server.RaftServerConfigKeys (ConfUtils.java:logGet(44)) - raft.server.sleep.deviation.threshold = 300ms (default)
2021-04-28 01:09:35,873 [pool-60-thread-1] INFO  server.RaftServerConfigKeys (ConfUtils.java:logGet(44)) - raft.server.log.appender.install.snapshot.enabled = false (custom)
2021-04-28 01:09:35,873 [pool-60-thread-1] INFO  server.RaftServer$Division (ServerState.java:<init>(105)) - f65384a4-a8a4-4787-a0e5-96e28e751202@group-6799236C1344: ConfigurationManager, init=-1: [43d3847f-81c3-43e7-b86e-40be164eab80|rpc:172.17.0.2:36611|priority:1, f65384a4-a8a4-4787-a0e5-96e28e751202|rpc:172.17.0.2:43161|priority:0, 42fd2707-1841-40d3-b54b-6f39f935cc38|rpc:172.17.0.2:41223|priority:0], old=null, confs=<EMPTY_MAP>
2021-04-28 01:09:35,873 [pool-60-thread-1] INFO  server.RaftServerConfigKeys (ConfUtils.java:logGet(44)) - raft.server.storage.dir = [/github/workspace/mnt/ozone/hadoop-ozone/integration-test/target/test-dir/MiniOzoneClusterImpl-d7076e4a-bb1a-46d0-b0f9-1975ab90d2da/datanode-1/data/ratis] (custom)
2021-04-28 01:09:35,873 [pool-60-thread-1] INFO  server.RaftServerConfigKeys (ConfUtils.java:logGet(44)) - raft.server.log.corruption.policy = EXCEPTION (default)
2021-04-28 01:09:35,873 [pool-60-thread-1] INFO  storage.RaftStorageDirectory (RaftStorageDirectoryImpl.java:analyzeStorage(132)) - The storage directory /github/workspace/mnt/ozone/hadoop-ozone/integration-test/target/test-dir/MiniOzoneClusterImpl-d7076e4a-bb1a-46d0-b0f9-1975ab90d2da/datanode-1/data/ratis/25f1310e-fe38-48ae-bbd4-6799236c1344 does not exist. Creating ...
2021-04-28 01:09:35,874 [pool-60-thread-1] INFO  storage.RaftStorageDirectory (RaftStorageDirectoryImpl.java:tryLock(215)) - Lock on /github/workspace/mnt/ozone/hadoop-ozone/integration-test/target/test-dir/MiniOzoneClusterImpl-d7076e4a-bb1a-46d0-b0f9-1975ab90d2da/datanode-1/data/ratis/25f1310e-fe38-48ae-bbd4-6799236c1344/in_use.lock acquired by nodename 10892@c8a4b84cbf99
2021-04-28 01:09:35,876 [pool-60-thread-1] INFO  storage.RaftStorage (RaftStorageImpl.java:format(87)) - Storage directory /github/workspace/mnt/ozone/hadoop-ozone/integration-test/target/test-dir/MiniOzoneClusterImpl-d7076e4a-bb1a-46d0-b0f9-1975ab90d2da/datanode-1/data/ratis/25f1310e-fe38-48ae-bbd4-6799236c1344 has been successfully formatted.
2021-04-28 01:09:35,877 [pool-60-thread-1] INFO  ratis.ContainerStateMachine (ContainerStateMachine.java:loadSnapshot(224)) - group-6799236C1344: The snapshot info is null. Setting the last applied indexto:(t:0, i:~)
2021-04-28 01:09:35,877 [pool-60-thread-1] INFO  server.RaftServerConfigKeys (ConfUtils.java:logGet(44)) - raft.server.notification.no-leader.timeout = 300000ms (custom)
2021-04-28 01:09:35,877 [pool-60-thread-1] INFO  server.RaftServerConfigKeys (ConfUtils.java:logGet(44)) - raft.server.log.use.memory = false (default)
2021-04-28 01:09:35,877 [pool-60-thread-1] INFO  server.RaftServerConfigKeys (ConfUtils.java:logGet(44)) - raft.server.log.purge.gap = 1000000 (custom)
2021-04-28 01:09:35,877 [pool-60-thread-1] INFO  server.RaftServerConfigKeys (ConfUtils.java:logGet(44)) - raft.server.log.appender.buffer.byte-limit = 33554432 (custom)
2021-04-28 01:09:35,877 [pool-60-thread-1] INFO  metrics.RatisMetrics (RatisMetrics.java:lambda$create$0(36)) - Creating Metrics Registry : ratis.log_worker.f65384a4-a8a4-4787-a0e5-96e28e751202@group-6799236C1344
2021-04-28 01:09:35,878 [EventQueue-PipelineReportForOneReplicaPipelineSafeModeRule] INFO  safemode.SCMSafeModeManager (SCMSafeModeManager.java:validateSafeModeExitRules(201)) - AtleastOneDatanodeReportedRule rule is successfully validated
2021-04-28 01:09:35,879 [pool-60-thread-1] INFO  server.RaftServerConfigKeys (ConfUtils.java:logGet(44)) - raft.server.log.segment.size.max = 1048576 (custom)
2021-04-28 01:09:35,880 [pool-60-thread-1] INFO  server.RaftServerConfigKeys (ConfUtils.java:logGet(44)) - raft.server.log.segment.cache.num.max = 2 (custom)
2021-04-28 01:09:35,880 [pool-60-thread-1] INFO  server.RaftServerConfigKeys (ConfUtils.java:logGet(44)) - raft.server.log.segment.cache.size.max = 200MB (=209715200) (default)
2021-04-28 01:09:35,880 [pool-60-thread-1] INFO  segmented.SegmentedRaftLogWorker (SegmentedRaftLogWorker.java:<init>(182)) - new f65384a4-a8a4-4787-a0e5-96e28e751202@group-6799236C1344-SegmentedRaftLogWorker for RaftStorageImpl:Storage Directory /github/workspace/mnt/ozone/hadoop-ozone/integration-test/target/test-dir/MiniOzoneClusterImpl-d7076e4a-bb1a-46d0-b0f9-1975ab90d2da/datanode-1/data/ratis/25f1310e-fe38-48ae-bbd4-6799236c1344
2021-04-28 01:09:35,880 [pool-60-thread-1] INFO  server.RaftServerConfigKeys (ConfUtils.java:logGet(44)) - raft.server.log.queue.byte-limit = 2147483647 (custom)
2021-04-28 01:09:35,880 [pool-60-thread-1] INFO  server.RaftServerConfigKeys (ConfUtils.java:logGet(44)) - raft.server.log.queue.element-limit = 1024 (custom)
2021-04-28 01:09:35,880 [pool-60-thread-1] INFO  server.RaftServerConfigKeys (ConfUtils.java:logGet(44)) - raft.server.log.segment.size.max = 1048576 (custom)
2021-04-28 01:09:35,880 [pool-60-thread-1] INFO  server.RaftServerConfigKeys (ConfUtils.java:logGet(44)) - raft.server.log.preallocated.size = 16384 (custom)
2021-04-28 01:09:35,880 [pool-60-thread-1] INFO  server.RaftServerConfigKeys (ConfUtils.java:logGet(44)) - raft.server.log.force.sync.num = 128 (default)
2021-04-28 01:09:35,880 [pool-60-thread-1] INFO  server.RaftServerConfigKeys (ConfUtils.java:logGet(44)) - raft.server.log.statemachine.data.sync = true (default)
2021-04-28 01:09:35,880 [pool-60-thread-1] INFO  server.RaftServerConfigKeys (ConfUtils.java:logGet(44)) - raft.server.log.statemachine.data.sync.timeout = 10s (default)
2021-04-28 01:09:35,880 [pool-60-thread-1] INFO  server.RaftServerConfigKeys (ConfUtils.java:logGet(44)) - raft.server.log.statemachine.data.sync.timeout.retry = -1 (default)
2021-04-28 01:09:35,881 [pool-60-thread-1] INFO  server.RaftServerConfigKeys (ConfUtils.java:logGet(44)) - raft.server.log.write.buffer.size = 1048576 (custom)
2021-04-28 01:09:35,882 [pool-60-thread-1] INFO  server.RaftServerConfigKeys (ConfUtils.java:logGet(44)) - raft.server.log.statemachine.data.caching.enabled = true (custom)
2021-04-28 01:09:35,882 [pool-60-thread-1] INFO  segmented.SegmentedRaftLogWorker (SegmentedRaftLogWorker.java:lambda$new$0(133)) - f65384a4-a8a4-4787-a0e5-96e28e751202@group-6799236C1344-SegmentedRaftLogWorker: flushIndex: setUnconditionally 0 -> -1
2021-04-28 01:09:35,882 [pool-60-thread-1] INFO  segmented.SegmentedRaftLogWorker (SegmentedRaftLogWorker.java:lambda$new$0(133)) - f65384a4-a8a4-4787-a0e5-96e28e751202@group-6799236C1344-SegmentedRaftLogWorker: safeCacheEvictIndex: setUnconditionally 0 -> -1
2021-04-28 01:09:35,882 [pool-60-thread-1] INFO  server.RaftServerConfigKeys (ConfUtils.java:logGet(44)) - raft.server.snapshot.auto.trigger.enabled = true (custom)
2021-04-28 01:09:35,882 [pool-60-thread-1] INFO  server.RaftServerConfigKeys (ConfUtils.java:logGet(44)) - raft.server.snapshot.auto.trigger.threshold = 10000 (custom)
2021-04-28 01:09:35,882 [pool-60-thread-1] INFO  server.RaftServerConfigKeys (ConfUtils.java:logGet(44)) - raft.server.snapshot.retention.file.num = 5 (custom)
2021-04-28 01:09:35,883 [pool-60-thread-1] INFO  server.RaftServerConfigKeys (ConfUtils.java:logGet(44)) - raft.server.log.purge.upto.snapshot.index = false (default)
2021-04-28 01:09:35,883 [pool-60-thread-1] INFO  server.RaftServerConfigKeys (ConfUtils.java:logGet(44)) - raft.server.retrycache.expirytime = 600000ms (custom)
2021-04-28 01:09:35,883 [pool-60-thread-1] INFO  server.RaftServerConfigKeys (ConfUtils.java:logGet(44)) - raft.server.retrycache.statistics.expirytime = 100?s (default)
2021-04-28 01:09:35,883 [pool-60-thread-1] INFO  metrics.RatisMetrics (RatisMetrics.java:lambda$create$0(36)) - Creating Metrics Registry : ratis.leader_election.f65384a4-a8a4-4787-a0e5-96e28e751202@group-6799236C1344
2021-04-28 01:09:35,883 [pool-60-thread-1] INFO  metrics.RatisMetrics (RatisMetrics.java:lambda$create$0(36)) - Creating Metrics Registry : ratis.server.f65384a4-a8a4-4787-a0e5-96e28e751202@group-6799236C1344
2021-04-28 01:09:35,884 [pool-60-thread-1] INFO  server.RaftServer$Division (RaftServerImpl.java:start(295)) - f65384a4-a8a4-4787-a0e5-96e28e751202@group-6799236C1344: start as a follower, conf=-1: [43d3847f-81c3-43e7-b86e-40be164eab80|rpc:172.17.0.2:36611|priority:1, f65384a4-a8a4-4787-a0e5-96e28e751202|rpc:172.17.0.2:43161|priority:0, 42fd2707-1841-40d3-b54b-6f39f935cc38|rpc:172.17.0.2:41223|priority:0], old=null
2021-04-28 01:09:35,884 [pool-60-thread-1] INFO  server.RaftServer$Division (RaftServerImpl.java:setRole(284)) - f65384a4-a8a4-4787-a0e5-96e28e751202@group-6799236C1344: changes role from      null to FOLLOWER at term 0 for startAsFollower
2021-04-28 01:09:35,884 [pool-60-thread-1] INFO  impl.RoleInfo (RoleInfo.java:updateAndGet(130)) - f65384a4-a8a4-4787-a0e5-96e28e751202: start f65384a4-a8a4-4787-a0e5-96e28e751202@group-6799236C1344-FollowerState
2021-04-28 01:09:35,884 [pool-60-thread-1] INFO  util.JmxRegister (JmxRegister.java:tryRegister(44)) - Successfully registered JMX Bean with object name Ratis:service=RaftServer,group=group-6799236C1344,id=f65384a4-a8a4-4787-a0e5-96e28e751202
2021-04-28 01:09:35,884 [pool-60-thread-1] INFO  metrics.RatisMetrics (RatisMetrics.java:lambda$create$0(36)) - Creating Metrics Registry : ratis.state_machine.f65384a4-a8a4-4787-a0e5-96e28e751202@group-6799236C1344
2021-04-28 01:09:35,885 [Command processor thread] INFO  ratis.XceiverServerRatis (XceiverServerRatis.java:addGroup(808)) - Created group PipelineID=25f1310e-fe38-48ae-bbd4-6799236c1344
2021-04-28 01:09:35,886 [Command processor thread] INFO  metrics.RatisMetrics (RatisMetrics.java:lambda$create$0(36)) - Creating Metrics Registry : ratis.client_message_metrics.client-3F785331C11D->43d3847f-81c3-43e7-b86e-40be164eab80
2021-04-28 01:09:35,887 [EventQueue-OpenPipelineForHealthyPipelineSafeModeRule] INFO  safemode.SCMSafeModeManager (HealthyPipelineSafeModeRule.java:process(130)) - SCM in safe mode. Healthy pipelines reported count is 0, required healthy pipeline reported count is 1
2021-04-28 01:09:35,908 [Listener at 127.0.0.1/36361] INFO  ozone.MiniOzoneClusterImpl (MiniOzoneClusterImpl.java:lambda$waitForClusterToBeReady$0(224)) - Nodes are ready. Got 7 of 7 DN Heartbeats.
2021-04-28 01:09:35,908 [Listener at 127.0.0.1/36361] INFO  ozone.MiniOzoneClusterImpl (MiniOzoneClusterImpl.java:lambda$waitForClusterToBeReady$0(227)) - Waiting for cluster to exit safe mode
2021-04-28 01:09:35,908 [Listener at 127.0.0.1/36361] INFO  ozone.MiniOzoneClusterImpl (MiniOzoneClusterImpl.java:lambda$waitForClusterToBeReady$0(230)) - SCM became leader
2021-04-28 01:09:35,913 [grpc-default-executor-0] INFO  metrics.RatisMetrics (RatisMetrics.java:lambda$create$0(36)) - Creating Metrics Registry : ratis.server_message_metrics.43d3847f-81c3-43e7-b86e-40be164eab80
2021-04-28 01:09:35,915 [grpc-default-executor-0] INFO  server.RaftServer (RaftServerProxy.java:addNew(95)) - 43d3847f-81c3-43e7-b86e-40be164eab80: addNew group-6799236C1344:[43d3847f-81c3-43e7-b86e-40be164eab80|rpc:172.17.0.2:36611|dataStream:|priority:1, f65384a4-a8a4-4787-a0e5-96e28e751202|rpc:172.17.0.2:43161|dataStream:|priority:0, 42fd2707-1841-40d3-b54b-6f39f935cc38|rpc:172.17.0.2:41223|dataStream:|priority:0] returns group-6799236C1344:java.util.concurrent.CompletableFuture@fd15784[Not completed]
2021-04-28 01:09:35,923 [pool-45-thread-1] INFO  server.RaftServer$Division (RaftServerImpl.java:<init>(180)) - 43d3847f-81c3-43e7-b86e-40be164eab80: new RaftServerImpl for group-6799236C1344:[43d3847f-81c3-43e7-b86e-40be164eab80|rpc:172.17.0.2:36611|dataStream:|priority:1, f65384a4-a8a4-4787-a0e5-96e28e751202|rpc:172.17.0.2:43161|dataStream:|priority:0, 42fd2707-1841-40d3-b54b-6f39f935cc38|rpc:172.17.0.2:41223|dataStream:|priority:0] with ContainerStateMachine:uninitialized
2021-04-28 01:09:35,923 [pool-45-thread-1] INFO  server.RaftServerConfigKeys (ConfUtils.java:logGet(44)) - raft.server.rpc.timeout.min = 5s (custom)
2021-04-28 01:09:35,923 [pool-45-thread-1] INFO  server.RaftServerConfigKeys (ConfUtils.java:logGet(44)) - raft.server.rpc.timeout.max = 5200ms (custom)
2021-04-28 01:09:35,923 [pool-45-thread-1] INFO  server.RaftServerConfigKeys (ConfUtils.java:logGet(44)) - raft.server.rpc.sleep.time = 25ms (default)
2021-04-28 01:09:35,923 [pool-45-thread-1] INFO  server.RaftServerConfigKeys (ConfUtils.java:logGet(44)) - raft.server.rpc.slowness.timeout = 300000ms (custom)
2021-04-28 01:09:35,923 [pool-45-thread-1] INFO  server.RaftServerConfigKeys (ConfUtils.java:logGet(44)) - raft.server.leaderelection.leader.step-down.wait-time = 10s (default)
2021-04-28 01:09:35,923 [pool-45-thread-1] INFO  server.RaftServerConfigKeys (ConfUtils.java:logGet(44)) - raft.server.sleep.deviation.threshold = 300ms (default)
2021-04-28 01:09:35,923 [pool-45-thread-1] INFO  server.RaftServerConfigKeys (ConfUtils.java:logGet(44)) - raft.server.log.appender.install.snapshot.enabled = false (custom)
2021-04-28 01:09:35,923 [pool-45-thread-1] INFO  server.RaftServer$Division (ServerState.java:<init>(105)) - 43d3847f-81c3-43e7-b86e-40be164eab80@group-6799236C1344: ConfigurationManager, init=-1: [43d3847f-81c3-43e7-b86e-40be164eab80|rpc:172.17.0.2:36611|dataStream:|priority:1, f65384a4-a8a4-4787-a0e5-96e28e751202|rpc:172.17.0.2:43161|dataStream:|priority:0, 42fd2707-1841-40d3-b54b-6f39f935cc38|rpc:172.17.0.2:41223|dataStream:|priority:0], old=null, confs=<EMPTY_MAP>
2021-04-28 01:09:35,924 [pool-45-thread-1] INFO  server.RaftServerConfigKeys (ConfUtils.java:logGet(44)) - raft.server.storage.dir = [/github/workspace/mnt/ozone/hadoop-ozone/integration-test/target/test-dir/MiniOzoneClusterImpl-d7076e4a-bb1a-46d0-b0f9-1975ab90d2da/datanode-0/data/ratis] (custom)
2021-04-28 01:09:35,924 [pool-45-thread-1] INFO  server.RaftServerConfigKeys (ConfUtils.java:logGet(44)) - raft.server.log.corruption.policy = EXCEPTION (default)
2021-04-28 01:09:35,924 [pool-45-thread-1] INFO  storage.RaftStorageDirectory (RaftStorageDirectoryImpl.java:analyzeStorage(132)) - The storage directory /github/workspace/mnt/ozone/hadoop-ozone/integration-test/target/test-dir/MiniOzoneClusterImpl-d7076e4a-bb1a-46d0-b0f9-1975ab90d2da/datanode-0/data/ratis/25f1310e-fe38-48ae-bbd4-6799236c1344 does not exist. Creating ...
2021-04-28 01:09:35,925 [pool-45-thread-1] INFO  storage.RaftStorageDirectory (RaftStorageDirectoryImpl.java:tryLock(215)) - Lock on /github/workspace/mnt/ozone/hadoop-ozone/integration-test/target/test-dir/MiniOzoneClusterImpl-d7076e4a-bb1a-46d0-b0f9-1975ab90d2da/datanode-0/data/ratis/25f1310e-fe38-48ae-bbd4-6799236c1344/in_use.lock acquired by nodename 10892@c8a4b84cbf99
2021-04-28 01:09:35,927 [pool-45-thread-1] INFO  storage.RaftStorage (RaftStorageImpl.java:format(87)) - Storage directory /github/workspace/mnt/ozone/hadoop-ozone/integration-test/target/test-dir/MiniOzoneClusterImpl-d7076e4a-bb1a-46d0-b0f9-1975ab90d2da/datanode-0/data/ratis/25f1310e-fe38-48ae-bbd4-6799236c1344 has been successfully formatted.
2021-04-28 01:09:35,927 [pool-45-thread-1] INFO  ratis.ContainerStateMachine (ContainerStateMachine.java:loadSnapshot(224)) - group-6799236C1344: The snapshot info is null. Setting the last applied indexto:(t:0, i:~)
2021-04-28 01:09:35,927 [pool-45-thread-1] INFO  server.RaftServerConfigKeys (ConfUtils.java:logGet(44)) - raft.server.notification.no-leader.timeout = 300000ms (custom)
2021-04-28 01:09:35,928 [pool-45-thread-1] INFO  server.RaftServerConfigKeys (ConfUtils.java:logGet(44)) - raft.server.log.use.memory = false (default)
2021-04-28 01:09:35,928 [pool-45-thread-1] INFO  server.RaftServerConfigKeys (ConfUtils.java:logGet(44)) - raft.server.log.purge.gap = 1000000 (custom)
2021-04-28 01:09:35,928 [pool-45-thread-1] INFO  server.RaftServerConfigKeys (ConfUtils.java:logGet(44)) - raft.server.log.appender.buffer.byte-limit = 33554432 (custom)
2021-04-28 01:09:35,928 [pool-45-thread-1] INFO  metrics.RatisMetrics (RatisMetrics.java:lambda$create$0(36)) - Creating Metrics Registry : ratis.log_worker.43d3847f-81c3-43e7-b86e-40be164eab80@group-6799236C1344
2021-04-28 01:09:35,928 [pool-45-thread-1] INFO  server.RaftServerConfigKeys (ConfUtils.java:logGet(44)) - raft.server.log.segment.size.max = 1048576 (custom)
2021-04-28 01:09:35,929 [pool-45-thread-1] INFO  server.RaftServerConfigKeys (ConfUtils.java:logGet(44)) - raft.server.log.segment.cache.num.max = 2 (custom)
2021-04-28 01:09:35,929 [EventQueue-OpenPipelineForHealthyPipelineSafeModeRule] INFO  safemode.SCMSafeModeManager (HealthyPipelineSafeModeRule.java:process(130)) - SCM in safe mode. Healthy pipelines reported count is 0, required healthy pipeline reported count is 1
2021-04-28 01:09:35,929 [EventQueue-PipelineReportForOneReplicaPipelineSafeModeRule] INFO  safemode.SCMSafeModeManager (SCMSafeModeManager.java:validateSafeModeExitRules(201)) - AtleastOneDatanodeReportedRule rule is successfully validated
2021-04-28 01:09:35,929 [pool-45-thread-1] INFO  server.RaftServerConfigKeys (ConfUtils.java:logGet(44)) - raft.server.log.segment.cache.size.max = 200MB (=209715200) (default)
2021-04-28 01:09:35,930 [pool-45-thread-1] INFO  segmented.SegmentedRaftLogWorker (SegmentedRaftLogWorker.java:<init>(182)) - new 43d3847f-81c3-43e7-b86e-40be164eab80@group-6799236C1344-SegmentedRaftLogWorker for RaftStorageImpl:Storage Directory /github/workspace/mnt/ozone/hadoop-ozone/integration-test/target/test-dir/MiniOzoneClusterImpl-d7076e4a-bb1a-46d0-b0f9-1975ab90d2da/datanode-0/data/ratis/25f1310e-fe38-48ae-bbd4-6799236c1344
2021-04-28 01:09:35,930 [pool-45-thread-1] INFO  server.RaftServerConfigKeys (ConfUtils.java:logGet(44)) - raft.server.log.queue.byte-limit = 2147483647 (custom)
2021-04-28 01:09:35,930 [pool-45-thread-1] INFO  server.RaftServerConfigKeys (ConfUtils.java:logGet(44)) - raft.server.log.queue.element-limit = 1024 (custom)
2021-04-28 01:09:35,930 [pool-45-thread-1] INFO  server.RaftServerConfigKeys (ConfUtils.java:logGet(44)) - raft.server.log.segment.size.max = 1048576 (custom)
2021-04-28 01:09:35,930 [pool-45-thread-1] INFO  server.RaftServerConfigKeys (ConfUtils.java:logGet(44)) - raft.server.log.preallocated.size = 16384 (custom)
2021-04-28 01:09:35,930 [pool-45-thread-1] INFO  server.RaftServerConfigKeys (ConfUtils.java:logGet(44)) - raft.server.log.force.sync.num = 128 (default)
2021-04-28 01:09:35,930 [pool-45-thread-1] INFO  server.RaftServerConfigKeys (ConfUtils.java:logGet(44)) - raft.server.log.statemachine.data.sync = true (default)
2021-04-28 01:09:35,930 [pool-45-thread-1] INFO  server.RaftServerConfigKeys (ConfUtils.java:logGet(44)) - raft.server.log.statemachine.data.sync.timeout = 10s (default)
2021-04-28 01:09:35,930 [pool-45-thread-1] INFO  server.RaftServerConfigKeys (ConfUtils.java:logGet(44)) - raft.server.log.statemachine.data.sync.timeout.retry = -1 (default)
2021-04-28 01:09:35,931 [pool-45-thread-1] INFO  server.RaftServerConfigKeys (ConfUtils.java:logGet(44)) - raft.server.log.write.buffer.size = 1048576 (custom)
2021-04-28 01:09:35,932 [pool-45-thread-1] INFO  server.RaftServerConfigKeys (ConfUtils.java:logGet(44)) - raft.server.log.statemachine.data.caching.enabled = true (custom)
2021-04-28 01:09:35,932 [pool-45-thread-1] INFO  segmented.SegmentedRaftLogWorker (SegmentedRaftLogWorker.java:lambda$new$0(133)) - 43d3847f-81c3-43e7-b86e-40be164eab80@group-6799236C1344-SegmentedRaftLogWorker: flushIndex: setUnconditionally 0 -> -1
2021-04-28 01:09:35,933 [pool-45-thread-1] INFO  segmented.SegmentedRaftLogWorker (SegmentedRaftLogWorker.java:lambda$new$0(133)) - 43d3847f-81c3-43e7-b86e-40be164eab80@group-6799236C1344-SegmentedRaftLogWorker: safeCacheEvictIndex: setUnconditionally 0 -> -1
2021-04-28 01:09:35,940 [pool-45-thread-1] INFO  server.RaftServerConfigKeys (ConfUtils.java:logGet(44)) - raft.server.snapshot.auto.trigger.enabled = true (custom)
2021-04-28 01:09:35,940 [pool-45-thread-1] INFO  server.RaftServerConfigKeys (ConfUtils.java:logGet(44)) - raft.server.snapshot.auto.trigger.threshold = 10000 (custom)
2021-04-28 01:09:35,941 [pool-45-thread-1] INFO  server.RaftServerConfigKeys (ConfUtils.java:logGet(44)) - raft.server.snapshot.retention.file.num = 5 (custom)
2021-04-28 01:09:35,941 [pool-45-thread-1] INFO  server.RaftServerConfigKeys (ConfUtils.java:logGet(44)) - raft.server.log.purge.upto.snapshot.index = false (default)
2021-04-28 01:09:35,941 [pool-45-thread-1] INFO  server.RaftServerConfigKeys (ConfUtils.java:logGet(44)) - raft.server.retrycache.expirytime = 600000ms (custom)
2021-04-28 01:09:35,941 [pool-45-thread-1] INFO  server.RaftServerConfigKeys (ConfUtils.java:logGet(44)) - raft.server.retrycache.statistics.expirytime = 100?s (default)
2021-04-28 01:09:35,941 [pool-45-thread-1] INFO  metrics.RatisMetrics (RatisMetrics.java:lambda$create$0(36)) - Creating Metrics Registry : ratis.leader_election.43d3847f-81c3-43e7-b86e-40be164eab80@group-6799236C1344
2021-04-28 01:09:35,942 [pool-45-thread-1] INFO  metrics.RatisMetrics (RatisMetrics.java:lambda$create$0(36)) - Creating Metrics Registry : ratis.server.43d3847f-81c3-43e7-b86e-40be164eab80@group-6799236C1344
2021-04-28 01:09:35,942 [pool-45-thread-1] INFO  server.RaftServer$Division (RaftServerImpl.java:start(295)) - 43d3847f-81c3-43e7-b86e-40be164eab80@group-6799236C1344: start as a follower, conf=-1: [43d3847f-81c3-43e7-b86e-40be164eab80|rpc:172.17.0.2:36611|dataStream:|priority:1, f65384a4-a8a4-4787-a0e5-96e28e751202|rpc:172.17.0.2:43161|dataStream:|priority:0, 42fd2707-1841-40d3-b54b-6f39f935cc38|rpc:172.17.0.2:41223|dataStream:|priority:0], old=null
2021-04-28 01:09:35,942 [pool-45-thread-1] INFO  server.RaftServer$Division (RaftServerImpl.java:setRole(284)) - 43d3847f-81c3-43e7-b86e-40be164eab80@group-6799236C1344: changes role from      null to FOLLOWER at term 0 for startAsFollower
2021-04-28 01:09:35,949 [pool-45-thread-1] INFO  impl.RoleInfo (RoleInfo.java:updateAndGet(130)) - 43d3847f-81c3-43e7-b86e-40be164eab80: start 43d3847f-81c3-43e7-b86e-40be164eab80@group-6799236C1344-FollowerState
2021-04-28 01:09:35,952 [Command processor thread] INFO  metrics.RatisMetrics (RatisMetrics.java:lambda$create$0(36)) - Creating Metrics Registry : ratis.client_message_metrics.client-88BEB95D9535->42fd2707-1841-40d3-b54b-6f39f935cc38
2021-04-28 01:09:35,952 [pool-45-thread-1] INFO  util.JmxRegister (JmxRegister.java:tryRegister(44)) - Successfully registered JMX Bean with object name Ratis:service=RaftServer,group=group-6799236C1344,id=43d3847f-81c3-43e7-b86e-40be164eab80
2021-04-28 01:09:35,953 [pool-45-thread-1] INFO  metrics.RatisMetrics (RatisMetrics.java:lambda$create$0(36)) - Creating Metrics Registry : ratis.state_machine.43d3847f-81c3-43e7-b86e-40be164eab80@group-6799236C1344
2021-04-28 01:09:35,974 [grpc-default-executor-0] INFO  metrics.RatisMetrics (RatisMetrics.java:lambda$create$0(36)) - Creating Metrics Registry : ratis.server_message_metrics.42fd2707-1841-40d3-b54b-6f39f935cc38
2021-04-28 01:09:35,979 [grpc-default-executor-0] INFO  server.RaftServer (RaftServerProxy.java:addNew(95)) - 42fd2707-1841-40d3-b54b-6f39f935cc38: addNew group-A8230B39765F:[43d3847f-81c3-43e7-b86e-40be164eab80|rpc:172.17.0.2:36611|dataStream:|priority:0, f65384a4-a8a4-4787-a0e5-96e28e751202|rpc:172.17.0.2:43161|dataStream:|priority:1, 42fd2707-1841-40d3-b54b-6f39f935cc38|rpc:172.17.0.2:41223|dataStream:|priority:0] returns group-A8230B39765F:java.util.concurrent.CompletableFuture@6eb993da[Not completed]
2021-04-28 01:09:35,984 [pool-77-thread-1] INFO  server.RaftServer$Division (RaftServerImpl.java:<init>(180)) - 42fd2707-1841-40d3-b54b-6f39f935cc38: new RaftServerImpl for group-A8230B39765F:[43d3847f-81c3-43e7-b86e-40be164eab80|rpc:172.17.0.2:36611|dataStream:|priority:0, f65384a4-a8a4-4787-a0e5-96e28e751202|rpc:172.17.0.2:43161|dataStream:|priority:1, 42fd2707-1841-40d3-b54b-6f39f935cc38|rpc:172.17.0.2:41223|dataStream:|priority:0] with ContainerStateMachine:uninitialized
2021-04-28 01:09:35,985 [Command processor thread] INFO  metrics.RatisMetrics (RatisMetrics.java:lambda$create$0(36)) - Creating Metrics Registry : ratis.client_message_metrics.client-53548FE6FFBD->42fd2707-1841-40d3-b54b-6f39f935cc38
2021-04-28 01:09:36,000 [pool-77-thread-1] INFO  server.RaftServerConfigKeys (ConfUtils.java:logGet(44)) - raft.server.rpc.timeout.min = 5s (custom)
2021-04-28 01:09:36,000 [pool-77-thread-1] INFO  server.RaftServerConfigKeys (ConfUtils.java:logGet(44)) - raft.server.rpc.timeout.max = 5200ms (custom)
2021-04-28 01:09:36,000 [pool-77-thread-1] INFO  server.RaftServerConfigKeys (ConfUtils.java:logGet(44)) - raft.server.rpc.sleep.time = 25ms (default)
2021-04-28 01:09:36,000 [pool-77-thread-1] INFO  server.RaftServerConfigKeys (ConfUtils.java:logGet(44)) - raft.server.rpc.slowness.timeout = 300000ms (custom)
2021-04-28 01:09:36,000 [pool-77-thread-1] INFO  server.RaftServerConfigKeys (ConfUtils.java:logGet(44)) - raft.server.leaderelection.leader.step-down.wait-time = 10s (default)
2021-04-28 01:09:36,000 [pool-77-thread-1] INFO  server.RaftServerConfigKeys (ConfUtils.java:logGet(44)) - raft.server.sleep.deviation.threshold = 300ms (default)
2021-04-28 01:09:36,000 [pool-77-thread-1] INFO  server.RaftServerConfigKeys (ConfUtils.java:logGet(44)) - raft.server.log.appender.install.snapshot.enabled = false (custom)
2021-04-28 01:09:36,001 [pool-77-thread-1] INFO  server.RaftServer$Division (ServerState.java:<init>(105)) - 42fd2707-1841-40d3-b54b-6f39f935cc38@group-A8230B39765F: ConfigurationManager, init=-1: [43d3847f-81c3-43e7-b86e-40be164eab80|rpc:172.17.0.2:36611|dataStream:|priority:0, f65384a4-a8a4-4787-a0e5-96e28e751202|rpc:172.17.0.2:43161|dataStream:|priority:1, 42fd2707-1841-40d3-b54b-6f39f935cc38|rpc:172.17.0.2:41223|dataStream:|priority:0], old=null, confs=<EMPTY_MAP>
2021-04-28 01:09:36,001 [pool-77-thread-1] INFO  server.RaftServerConfigKeys (ConfUtils.java:logGet(44)) - raft.server.storage.dir = [/github/workspace/mnt/ozone/hadoop-ozone/integration-test/target/test-dir/MiniOzoneClusterImpl-d7076e4a-bb1a-46d0-b0f9-1975ab90d2da/datanode-2/data/ratis] (custom)
2021-04-28 01:09:36,001 [pool-77-thread-1] INFO  server.RaftServerConfigKeys (ConfUtils.java:logGet(44)) - raft.server.log.corruption.policy = EXCEPTION (default)
2021-04-28 01:09:36,001 [pool-77-thread-1] INFO  storage.RaftStorageDirectory (RaftStorageDirectoryImpl.java:analyzeStorage(132)) - The storage directory /github/workspace/mnt/ozone/hadoop-ozone/integration-test/target/test-dir/MiniOzoneClusterImpl-d7076e4a-bb1a-46d0-b0f9-1975ab90d2da/datanode-2/data/ratis/ec4b5416-ebc2-40d3-845e-a8230b39765f does not exist. Creating ...
2021-04-28 01:09:36,003 [pool-77-thread-1] INFO  storage.RaftStorageDirectory (RaftStorageDirectoryImpl.java:tryLock(215)) - Lock on /github/workspace/mnt/ozone/hadoop-ozone/integration-test/target/test-dir/MiniOzoneClusterImpl-d7076e4a-bb1a-46d0-b0f9-1975ab90d2da/datanode-2/data/ratis/ec4b5416-ebc2-40d3-845e-a8230b39765f/in_use.lock acquired by nodename 10892@c8a4b84cbf99
2021-04-28 01:09:36,004 [pool-77-thread-1] INFO  storage.RaftStorage (RaftStorageImpl.java:format(87)) - Storage directory /github/workspace/mnt/ozone/hadoop-ozone/integration-test/target/test-dir/MiniOzoneClusterImpl-d7076e4a-bb1a-46d0-b0f9-1975ab90d2da/datanode-2/data/ratis/ec4b5416-ebc2-40d3-845e-a8230b39765f has been successfully formatted.
2021-04-28 01:09:36,004 [pool-77-thread-1] INFO  ratis.ContainerStateMachine (ContainerStateMachine.java:loadSnapshot(224)) - group-A8230B39765F: The snapshot info is null. Setting the last applied indexto:(t:0, i:~)
2021-04-28 01:09:36,004 [pool-77-thread-1] INFO  server.RaftServerConfigKeys (ConfUtils.java:logGet(44)) - raft.server.notification.no-leader.timeout = 300000ms (custom)
2021-04-28 01:09:36,004 [pool-77-thread-1] INFO  server.RaftServerConfigKeys (ConfUtils.java:logGet(44)) - raft.server.log.use.memory = false (default)
2021-04-28 01:09:36,005 [pool-77-thread-1] INFO  server.RaftServerConfigKeys (ConfUtils.java:logGet(44)) - raft.server.log.purge.gap = 1000000 (custom)
2021-04-28 01:09:36,005 [pool-77-thread-1] INFO  server.RaftServerConfigKeys (ConfUtils.java:logGet(44)) - raft.server.log.appender.buffer.byte-limit = 33554432 (custom)
2021-04-28 01:09:36,005 [pool-77-thread-1] INFO  metrics.RatisMetrics (RatisMetrics.java:lambda$create$0(36)) - Creating Metrics Registry : ratis.log_worker.42fd2707-1841-40d3-b54b-6f39f935cc38@group-A8230B39765F
2021-04-28 01:09:36,005 [pool-77-thread-1] INFO  server.RaftServerConfigKeys (ConfUtils.java:logGet(44)) - raft.server.log.segment.size.max = 1048576 (custom)
2021-04-28 01:09:36,005 [pool-77-thread-1] INFO  server.RaftServerConfigKeys (ConfUtils.java:logGet(44)) - raft.server.log.segment.cache.num.max = 2 (custom)
2021-04-28 01:09:36,005 [pool-77-thread-1] INFO  server.RaftServerConfigKeys (ConfUtils.java:logGet(44)) - raft.server.log.segment.cache.size.max = 200MB (=209715200) (default)
2021-04-28 01:09:36,005 [pool-77-thread-1] INFO  segmented.SegmentedRaftLogWorker (SegmentedRaftLogWorker.java:<init>(182)) - new 42fd2707-1841-40d3-b54b-6f39f935cc38@group-A8230B39765F-SegmentedRaftLogWorker for RaftStorageImpl:Storage Directory /github/workspace/mnt/ozone/hadoop-ozone/integration-test/target/test-dir/MiniOzoneClusterImpl-d7076e4a-bb1a-46d0-b0f9-1975ab90d2da/datanode-2/data/ratis/ec4b5416-ebc2-40d3-845e-a8230b39765f
2021-04-28 01:09:36,005 [pool-77-thread-1] INFO  server.RaftServerConfigKeys (ConfUtils.java:logGet(44)) - raft.server.log.queue.byte-limit = 2147483647 (custom)
2021-04-28 01:09:36,006 [pool-77-thread-1] INFO  server.RaftServerConfigKeys (ConfUtils.java:logGet(44)) - raft.server.log.queue.element-limit = 1024 (custom)
2021-04-28 01:09:36,006 [pool-77-thread-1] INFO  server.RaftServerConfigKeys (ConfUtils.java:logGet(44)) - raft.server.log.segment.size.max = 1048576 (custom)
2021-04-28 01:09:36,006 [pool-77-thread-1] INFO  server.RaftServerConfigKeys (ConfUtils.java:logGet(44)) - raft.server.log.preallocated.size = 16384 (custom)
2021-04-28 01:09:36,006 [pool-77-thread-1] INFO  server.RaftServerConfigKeys (ConfUtils.java:logGet(44)) - raft.server.log.force.sync.num = 128 (default)
2021-04-28 01:09:36,006 [pool-77-thread-1] INFO  server.RaftServerConfigKeys (ConfUtils.java:logGet(44)) - raft.server.log.statemachine.data.sync = true (default)
2021-04-28 01:09:36,006 [pool-77-thread-1] INFO  server.RaftServerConfigKeys (ConfUtils.java:logGet(44)) - raft.server.log.statemachine.data.sync.timeout = 10s (default)
2021-04-28 01:09:36,006 [pool-77-thread-1] INFO  server.RaftServerConfigKeys (ConfUtils.java:logGet(44)) - raft.server.log.statemachine.data.sync.timeout.retry = -1 (default)
2021-04-28 01:09:36,007 [pool-77-thread-1] INFO  server.RaftServerConfigKeys (ConfUtils.java:logGet(44)) - raft.server.log.write.buffer.size = 1048576 (custom)
2021-04-28 01:09:36,007 [pool-77-thread-1] INFO  server.RaftServerConfigKeys (ConfUtils.java:logGet(44)) - raft.server.log.statemachine.data.caching.enabled = true (custom)
2021-04-28 01:09:36,010 [pool-77-thread-1] INFO  segmented.SegmentedRaftLogWorker (SegmentedRaftLogWorker.java:lambda$new$0(133)) - 42fd2707-1841-40d3-b54b-6f39f935cc38@group-A8230B39765F-SegmentedRaftLogWorker: flushIndex: setUnconditionally 0 -> -1
2021-04-28 01:09:36,010 [pool-77-thread-1] INFO  segmented.SegmentedRaftLogWorker (SegmentedRaftLogWorker.java:lambda$new$0(133)) - 42fd2707-1841-40d3-b54b-6f39f935cc38@group-A8230B39765F-SegmentedRaftLogWorker: safeCacheEvictIndex: setUnconditionally 0 -> -1
2021-04-28 01:09:36,011 [EventQueue-PipelineReportForOneReplicaPipelineSafeModeRule] INFO  safemode.SCMSafeModeManager (SCMSafeModeManager.java:validateSafeModeExitRules(201)) - AtleastOneDatanodeReportedRule rule is successfully validated
2021-04-28 01:09:36,012 [pool-77-thread-1] INFO  server.RaftServerConfigKeys (ConfUtils.java:logGet(44)) - raft.server.snapshot.auto.trigger.enabled = true (custom)
2021-04-28 01:09:36,012 [pool-77-thread-1] INFO  server.RaftServerConfigKeys (ConfUtils.java:logGet(44)) - raft.server.snapshot.auto.trigger.threshold = 10000 (custom)
2021-04-28 01:09:36,012 [pool-77-thread-1] INFO  server.RaftServerConfigKeys (ConfUtils.java:logGet(44)) - raft.server.snapshot.retention.file.num = 5 (custom)
2021-04-28 01:09:36,012 [pool-77-thread-1] INFO  server.RaftServerConfigKeys (ConfUtils.java:logGet(44)) - raft.server.log.purge.upto.snapshot.index = false (default)
2021-04-28 01:09:36,012 [pool-77-thread-1] INFO  server.RaftServerConfigKeys (ConfUtils.java:logGet(44)) - raft.server.retrycache.expirytime = 600000ms (custom)
2021-04-28 01:09:36,012 [pool-77-thread-1] INFO  server.RaftServerConfigKeys (ConfUtils.java:logGet(44)) - raft.server.retrycache.statistics.expirytime = 100?s (default)
2021-04-28 01:09:36,012 [pool-77-thread-1] INFO  metrics.RatisMetrics (RatisMetrics.java:lambda$create$0(36)) - Creating Metrics Registry : ratis.leader_election.42fd2707-1841-40d3-b54b-6f39f935cc38@group-A8230B39765F
2021-04-28 01:09:36,013 [pool-77-thread-1] INFO  metrics.RatisMetrics (RatisMetrics.java:lambda$create$0(36)) - Creating Metrics Registry : ratis.server.42fd2707-1841-40d3-b54b-6f39f935cc38@group-A8230B39765F
2021-04-28 01:09:36,014 [pool-77-thread-1] INFO  server.RaftServer$Division (RaftServerImpl.java:start(295)) - 42fd2707-1841-40d3-b54b-6f39f935cc38@group-A8230B39765F: start as a follower, conf=-1: [43d3847f-81c3-43e7-b86e-40be164eab80|rpc:172.17.0.2:36611|dataStream:|priority:0, f65384a4-a8a4-4787-a0e5-96e28e751202|rpc:172.17.0.2:43161|dataStream:|priority:1, 42fd2707-1841-40d3-b54b-6f39f935cc38|rpc:172.17.0.2:41223|dataStream:|priority:0], old=null
2021-04-28 01:09:36,015 [pool-77-thread-1] INFO  server.RaftServer$Division (RaftServerImpl.java:setRole(284)) - 42fd2707-1841-40d3-b54b-6f39f935cc38@group-A8230B39765F: changes role from      null to FOLLOWER at term 0 for startAsFollower
2021-04-28 01:09:36,015 [pool-77-thread-1] INFO  impl.RoleInfo (RoleInfo.java:updateAndGet(130)) - 42fd2707-1841-40d3-b54b-6f39f935cc38: start 42fd2707-1841-40d3-b54b-6f39f935cc38@group-A8230B39765F-FollowerState
2021-04-28 01:09:36,016 [pool-77-thread-1] INFO  util.JmxRegister (JmxRegister.java:tryRegister(44)) - Successfully registered JMX Bean with object name Ratis:service=RaftServer,group=group-A8230B39765F,id=42fd2707-1841-40d3-b54b-6f39f935cc38
2021-04-28 01:09:36,017 [grpc-default-executor-0] INFO  server.RaftServer (RaftServerProxy.java:addNew(95)) - 42fd2707-1841-40d3-b54b-6f39f935cc38: addNew group-6799236C1344:[43d3847f-81c3-43e7-b86e-40be164eab80|rpc:172.17.0.2:36611|dataStream:|priority:1, f65384a4-a8a4-4787-a0e5-96e28e751202|rpc:172.17.0.2:43161|dataStream:|priority:0, 42fd2707-1841-40d3-b54b-6f39f935cc38|rpc:172.17.0.2:41223|dataStream:|priority:0] returns group-6799236C1344:java.util.concurrent.CompletableFuture@334c3eef[Not completed]
2021-04-28 01:09:36,017 [pool-77-thread-1] INFO  metrics.RatisMetrics (RatisMetrics.java:lambda$create$0(36)) - Creating Metrics Registry : ratis.state_machine.42fd2707-1841-40d3-b54b-6f39f935cc38@group-A8230B39765F
2021-04-28 01:09:36,022 [pool-77-thread-1] INFO  server.RaftServer$Division (RaftServerImpl.java:<init>(180)) - 42fd2707-1841-40d3-b54b-6f39f935cc38: new RaftServerImpl for group-6799236C1344:[43d3847f-81c3-43e7-b86e-40be164eab80|rpc:172.17.0.2:36611|dataStream:|priority:1, f65384a4-a8a4-4787-a0e5-96e28e751202|rpc:172.17.0.2:43161|dataStream:|priority:0, 42fd2707-1841-40d3-b54b-6f39f935cc38|rpc:172.17.0.2:41223|dataStream:|priority:0] with ContainerStateMachine:uninitialized
2021-04-28 01:09:36,022 [pool-77-thread-1] INFO  server.RaftServerConfigKeys (ConfUtils.java:logGet(44)) - raft.server.rpc.timeout.min = 5s (custom)
2021-04-28 01:09:36,023 [pool-77-thread-1] INFO  server.RaftServerConfigKeys (ConfUtils.java:logGet(44)) - raft.server.rpc.timeout.max = 5200ms (custom)
2021-04-28 01:09:36,023 [pool-77-thread-1] INFO  server.RaftServerConfigKeys (ConfUtils.java:logGet(44)) - raft.server.rpc.sleep.time = 25ms (default)
2021-04-28 01:09:36,023 [pool-77-thread-1] INFO  server.RaftServerConfigKeys (ConfUtils.java:logGet(44)) - raft.server.rpc.slowness.timeout = 300000ms (custom)
2021-04-28 01:09:36,023 [pool-77-thread-1] INFO  server.RaftServerConfigKeys (ConfUtils.java:logGet(44)) - raft.server.leaderelection.leader.step-down.wait-time = 10s (default)
2021-04-28 01:09:36,023 [pool-77-thread-1] INFO  server.RaftServerConfigKeys (ConfUtils.java:logGet(44)) - raft.server.sleep.deviation.threshold = 300ms (default)
2021-04-28 01:09:36,023 [pool-77-thread-1] INFO  server.RaftServerConfigKeys (ConfUtils.java:logGet(44)) - raft.server.log.appender.install.snapshot.enabled = false (custom)
2021-04-28 01:09:36,023 [pool-77-thread-1] INFO  server.RaftServer$Division (ServerState.java:<init>(105)) - 42fd2707-1841-40d3-b54b-6f39f935cc38@group-6799236C1344: ConfigurationManager, init=-1: [43d3847f-81c3-43e7-b86e-40be164eab80|rpc:172.17.0.2:36611|dataStream:|priority:1, f65384a4-a8a4-4787-a0e5-96e28e751202|rpc:172.17.0.2:43161|dataStream:|priority:0, 42fd2707-1841-40d3-b54b-6f39f935cc38|rpc:172.17.0.2:41223|dataStream:|priority:0], old=null, confs=<EMPTY_MAP>
2021-04-28 01:09:36,023 [pool-77-thread-1] INFO  server.RaftServerConfigKeys (ConfUtils.java:logGet(44)) - raft.server.storage.dir = [/github/workspace/mnt/ozone/hadoop-ozone/integration-test/target/test-dir/MiniOzoneClusterImpl-d7076e4a-bb1a-46d0-b0f9-1975ab90d2da/datanode-2/data/ratis] (custom)
2021-04-28 01:09:36,023 [pool-77-thread-1] INFO  server.RaftServerConfigKeys (ConfUtils.java:logGet(44)) - raft.server.log.corruption.policy = EXCEPTION (default)
2021-04-28 01:09:36,023 [pool-77-thread-1] INFO  storage.RaftStorageDirectory (RaftStorageDirectoryImpl.java:analyzeStorage(132)) - The storage directory /github/workspace/mnt/ozone/hadoop-ozone/integration-test/target/test-dir/MiniOzoneClusterImpl-d7076e4a-bb1a-46d0-b0f9-1975ab90d2da/datanode-2/data/ratis/25f1310e-fe38-48ae-bbd4-6799236c1344 does not exist. Creating ...
2021-04-28 01:09:36,025 [pool-77-thread-1] INFO  storage.RaftStorageDirectory (RaftStorageDirectoryImpl.java:tryLock(215)) - Lock on /github/workspace/mnt/ozone/hadoop-ozone/integration-test/target/test-dir/MiniOzoneClusterImpl-d7076e4a-bb1a-46d0-b0f9-1975ab90d2da/datanode-2/data/ratis/25f1310e-fe38-48ae-bbd4-6799236c1344/in_use.lock acquired by nodename 10892@c8a4b84cbf99
2021-04-28 01:09:36,027 [pool-77-thread-1] INFO  storage.RaftStorage (RaftStorageImpl.java:format(87)) - Storage directory /github/workspace/mnt/ozone/hadoop-ozone/integration-test/target/test-dir/MiniOzoneClusterImpl-d7076e4a-bb1a-46d0-b0f9-1975ab90d2da/datanode-2/data/ratis/25f1310e-fe38-48ae-bbd4-6799236c1344 has been successfully formatted.
2021-04-28 01:09:36,027 [pool-77-thread-1] INFO  ratis.ContainerStateMachine (ContainerStateMachine.java:loadSnapshot(224)) - group-6799236C1344: The snapshot info is null. Setting the last applied indexto:(t:0, i:~)
2021-04-28 01:09:36,028 [pool-77-thread-1] INFO  server.RaftServerConfigKeys (ConfUtils.java:logGet(44)) - raft.server.notification.no-leader.timeout = 300000ms (custom)
2021-04-28 01:09:36,028 [pool-77-thread-1] INFO  server.RaftServerConfigKeys (ConfUtils.java:logGet(44)) - raft.server.log.use.memory = false (default)
2021-04-28 01:09:36,028 [pool-77-thread-1] INFO  server.RaftServerConfigKeys (ConfUtils.java:logGet(44)) - raft.server.log.purge.gap = 1000000 (custom)
2021-04-28 01:09:36,028 [pool-77-thread-1] INFO  server.RaftServerConfigKeys (ConfUtils.java:logGet(44)) - raft.server.log.appender.buffer.byte-limit = 33554432 (custom)
2021-04-28 01:09:36,028 [pool-77-thread-1] INFO  metrics.RatisMetrics (RatisMetrics.java:lambda$create$0(36)) - Creating Metrics Registry : ratis.log_worker.42fd2707-1841-40d3-b54b-6f39f935cc38@group-6799236C1344
2021-04-28 01:09:36,028 [pool-77-thread-1] INFO  server.RaftServerConfigKeys (ConfUtils.java:logGet(44)) - raft.server.log.segment.size.max = 1048576 (custom)
2021-04-28 01:09:36,029 [pool-77-thread-1] INFO  server.RaftServerConfigKeys (ConfUtils.java:logGet(44)) - raft.server.log.segment.cache.num.max = 2 (custom)
2021-04-28 01:09:36,029 [pool-77-thread-1] INFO  server.RaftServerConfigKeys (ConfUtils.java:logGet(44)) - raft.server.log.segment.cache.size.max = 200MB (=209715200) (default)
2021-04-28 01:09:36,029 [pool-77-thread-1] INFO  segmented.SegmentedRaftLogWorker (SegmentedRaftLogWorker.java:<init>(182)) - new 42fd2707-1841-40d3-b54b-6f39f935cc38@group-6799236C1344-SegmentedRaftLogWorker for RaftStorageImpl:Storage Directory /github/workspace/mnt/ozone/hadoop-ozone/integration-test/target/test-dir/MiniOzoneClusterImpl-d7076e4a-bb1a-46d0-b0f9-1975ab90d2da/datanode-2/data/ratis/25f1310e-fe38-48ae-bbd4-6799236c1344
2021-04-28 01:09:36,029 [pool-77-thread-1] INFO  server.RaftServerConfigKeys (ConfUtils.java:logGet(44)) - raft.server.log.queue.byte-limit = 2147483647 (custom)
2021-04-28 01:09:36,029 [pool-77-thread-1] INFO  server.RaftServerConfigKeys (ConfUtils.java:logGet(44)) - raft.server.log.queue.element-limit = 1024 (custom)
2021-04-28 01:09:36,030 [pool-77-thread-1] INFO  server.RaftServerConfigKeys (ConfUtils.java:logGet(44)) - raft.server.log.segment.size.max = 1048576 (custom)
2021-04-28 01:09:36,031 [EventQueue-PipelineReportForOneReplicaPipelineSafeModeRule] INFO  safemode.SCMSafeModeManager (SCMSafeModeManager.java:validateSafeModeExitRules(201)) - AtleastOneDatanodeReportedRule rule is successfully validated
2021-04-28 01:09:36,031 [Command processor thread] INFO  commandhandler.CreatePipelineCommandHandler (CreatePipelineCommandHandler.java:handle(106)) - Created Pipeline RATIS THREE PipelineID=ec4b5416-ebc2-40d3-845e-a8230b39765f.
2021-04-28 01:09:36,031 [pool-77-thread-1] INFO  server.RaftServerConfigKeys (ConfUtils.java:logGet(44)) - raft.server.log.preallocated.size = 16384 (custom)
2021-04-28 01:09:36,032 [pool-77-thread-1] INFO  server.RaftServerConfigKeys (ConfUtils.java:logGet(44)) - raft.server.log.force.sync.num = 128 (default)
2021-04-28 01:09:36,032 [pool-77-thread-1] INFO  server.RaftServerConfigKeys (ConfUtils.java:logGet(44)) - raft.server.log.statemachine.data.sync = true (default)
2021-04-28 01:09:36,032 [pool-77-thread-1] INFO  server.RaftServerConfigKeys (ConfUtils.java:logGet(44)) - raft.server.log.statemachine.data.sync.timeout = 10s (default)
2021-04-28 01:09:36,032 [pool-77-thread-1] INFO  server.RaftServerConfigKeys (ConfUtils.java:logGet(44)) - raft.server.log.statemachine.data.sync.timeout.retry = -1 (default)
2021-04-28 01:09:36,033 [Command processor thread] INFO  server.RaftServer (RaftServerProxy.java:addNew(95)) - 42fd2707-1841-40d3-b54b-6f39f935cc38: addNew group-8D4B036DA8CF:[42fd2707-1841-40d3-b54b-6f39f935cc38|rpc:172.17.0.2:41223|priority:1] returns group-8D4B036DA8CF:java.util.concurrent.CompletableFuture@7ee948cf[Not completed]
2021-04-28 01:09:36,033 [pool-77-thread-1] INFO  server.RaftServerConfigKeys (ConfUtils.java:logGet(44)) - raft.server.log.write.buffer.size = 1048576 (custom)
2021-04-28 01:09:36,034 [pool-77-thread-1] INFO  server.RaftServerConfigKeys (ConfUtils.java:logGet(44)) - raft.server.log.statemachine.data.caching.enabled = true (custom)
2021-04-28 01:09:36,034 [pool-77-thread-1] INFO  segmented.SegmentedRaftLogWorker (SegmentedRaftLogWorker.java:lambda$new$0(133)) - 42fd2707-1841-40d3-b54b-6f39f935cc38@group-6799236C1344-SegmentedRaftLogWorker: flushIndex: setUnconditionally 0 -> -1
2021-04-28 01:09:36,034 [pool-77-thread-1] INFO  segmented.SegmentedRaftLogWorker (SegmentedRaftLogWorker.java:lambda$new$0(133)) - 42fd2707-1841-40d3-b54b-6f39f935cc38@group-6799236C1344-SegmentedRaftLogWorker: safeCacheEvictIndex: setUnconditionally 0 -> -1
2021-04-28 01:09:36,035 [pool-77-thread-1] INFO  server.RaftServerConfigKeys (ConfUtils.java:logGet(44)) - raft.server.snapshot.auto.trigger.enabled = true (custom)
2021-04-28 01:09:36,035 [pool-77-thread-1] INFO  server.RaftServerConfigKeys (ConfUtils.java:logGet(44)) - raft.server.snapshot.auto.trigger.threshold = 10000 (custom)
2021-04-28 01:09:36,035 [pool-77-thread-1] INFO  server.RaftServerConfigKeys (ConfUtils.java:logGet(44)) - raft.server.snapshot.retention.file.num = 5 (custom)
2021-04-28 01:09:36,035 [pool-77-thread-1] INFO  server.RaftServerConfigKeys (ConfUtils.java:logGet(44)) - raft.server.log.purge.upto.snapshot.index = false (default)
2021-04-28 01:09:36,035 [pool-77-thread-1] INFO  server.RaftServerConfigKeys (ConfUtils.java:logGet(44)) - raft.server.retrycache.expirytime = 600000ms (custom)
2021-04-28 01:09:36,035 [pool-77-thread-1] INFO  server.RaftServerConfigKeys (ConfUtils.java:logGet(44)) - raft.server.retrycache.statistics.expirytime = 100?s (default)
2021-04-28 01:09:36,035 [pool-77-thread-1] INFO  metrics.RatisMetrics (RatisMetrics.java:lambda$create$0(36)) - Creating Metrics Registry : ratis.leader_election.42fd2707-1841-40d3-b54b-6f39f935cc38@group-6799236C1344
2021-04-28 01:09:36,036 [pool-77-thread-1] INFO  metrics.RatisMetrics (RatisMetrics.java:lambda$create$0(36)) - Creating Metrics Registry : ratis.server.42fd2707-1841-40d3-b54b-6f39f935cc38@group-6799236C1344
2021-04-28 01:09:36,037 [pool-77-thread-1] INFO  server.RaftServer$Division (RaftServerImpl.java:<init>(180)) - 42fd2707-1841-40d3-b54b-6f39f935cc38: new RaftServerImpl for group-8D4B036DA8CF:[42fd2707-1841-40d3-b54b-6f39f935cc38|rpc:172.17.0.2:41223|priority:1] with ContainerStateMachine:uninitialized
2021-04-28 01:09:36,037 [pool-77-thread-1] INFO  server.RaftServerConfigKeys (ConfUtils.java:logGet(44)) - raft.server.rpc.timeout.min = 5s (custom)
2021-04-28 01:09:36,037 [pool-77-thread-1] INFO  server.RaftServerConfigKeys (ConfUtils.java:logGet(44)) - raft.server.rpc.timeout.max = 5200ms (custom)
2021-04-28 01:09:36,037 [pool-77-thread-1] INFO  server.RaftServerConfigKeys (ConfUtils.java:logGet(44)) - raft.server.rpc.sleep.time = 25ms (default)
2021-04-28 01:09:36,037 [pool-77-thread-1] INFO  server.RaftServerConfigKeys (ConfUtils.java:logGet(44)) - raft.server.rpc.slowness.timeout = 300000ms (custom)
2021-04-28 01:09:36,037 [pool-77-thread-1] INFO  server.RaftServerConfigKeys (ConfUtils.java:logGet(44)) - raft.server.leaderelection.leader.step-down.wait-time = 10s (default)
2021-04-28 01:09:36,038 [pool-77-thread-1] INFO  server.RaftServerConfigKeys (ConfUtils.java:logGet(44)) - raft.server.sleep.deviation.threshold = 300ms (default)
2021-04-28 01:09:36,038 [pool-77-thread-1] INFO  server.RaftServerConfigKeys (ConfUtils.java:logGet(44)) - raft.server.log.appender.install.snapshot.enabled = false (custom)
2021-04-28 01:09:36,038 [pool-77-thread-1] INFO  server.RaftServer$Division (ServerState.java:<init>(105)) - 42fd2707-1841-40d3-b54b-6f39f935cc38@group-8D4B036DA8CF: ConfigurationManager, init=-1: [42fd2707-1841-40d3-b54b-6f39f935cc38|rpc:172.17.0.2:41223|priority:1], old=null, confs=<EMPTY_MAP>
2021-04-28 01:09:36,038 [pool-77-thread-1] INFO  server.RaftServerConfigKeys (ConfUtils.java:logGet(44)) - raft.server.storage.dir = [/github/workspace/mnt/ozone/hadoop-ozone/integration-test/target/test-dir/MiniOzoneClusterImpl-d7076e4a-bb1a-46d0-b0f9-1975ab90d2da/datanode-2/data/ratis] (custom)
2021-04-28 01:09:36,038 [pool-77-thread-1] INFO  server.RaftServerConfigKeys (ConfUtils.java:logGet(44)) - raft.server.log.corruption.policy = EXCEPTION (default)
2021-04-28 01:09:36,038 [pool-77-thread-1] INFO  storage.RaftStorageDirectory (RaftStorageDirectoryImpl.java:analyzeStorage(132)) - The storage directory /github/workspace/mnt/ozone/hadoop-ozone/integration-test/target/test-dir/MiniOzoneClusterImpl-d7076e4a-bb1a-46d0-b0f9-1975ab90d2da/datanode-2/data/ratis/f5ee1fcb-8c60-4dad-82b1-8d4b036da8cf does not exist. Creating ...
2021-04-28 01:09:36,039 [pool-77-thread-1] INFO  storage.RaftStorageDirectory (RaftStorageDirectoryImpl.java:tryLock(215)) - Lock on /github/workspace/mnt/ozone/hadoop-ozone/integration-test/target/test-dir/MiniOzoneClusterImpl-d7076e4a-bb1a-46d0-b0f9-1975ab90d2da/datanode-2/data/ratis/f5ee1fcb-8c60-4dad-82b1-8d4b036da8cf/in_use.lock acquired by nodename 10892@c8a4b84cbf99
2021-04-28 01:09:36,040 [pool-77-thread-1] INFO  storage.RaftStorage (RaftStorageImpl.java:format(87)) - Storage directory /github/workspace/mnt/ozone/hadoop-ozone/integration-test/target/test-dir/MiniOzoneClusterImpl-d7076e4a-bb1a-46d0-b0f9-1975ab90d2da/datanode-2/data/ratis/f5ee1fcb-8c60-4dad-82b1-8d4b036da8cf has been successfully formatted.
2021-04-28 01:09:36,040 [pool-77-thread-1] INFO  ratis.ContainerStateMachine (ContainerStateMachine.java:loadSnapshot(224)) - group-8D4B036DA8CF: The snapshot info is null. Setting the last applied indexto:(t:0, i:~)
2021-04-28 01:09:36,041 [pool-77-thread-1] INFO  server.RaftServerConfigKeys (ConfUtils.java:logGet(44)) - raft.server.notification.no-leader.timeout = 300000ms (custom)
2021-04-28 01:09:36,041 [pool-77-thread-1] INFO  server.RaftServerConfigKeys (ConfUtils.java:logGet(44)) - raft.server.log.use.memory = false (default)
2021-04-28 01:09:36,041 [pool-77-thread-1] INFO  server.RaftServerConfigKeys (ConfUtils.java:logGet(44)) - raft.server.log.purge.gap = 1000000 (custom)
2021-04-28 01:09:36,041 [pool-77-thread-1] INFO  server.RaftServerConfigKeys (ConfUtils.java:logGet(44)) - raft.server.log.appender.buffer.byte-limit = 33554432 (custom)
2021-04-28 01:09:36,042 [EventQueue-PipelineReportForPipelineReportHandler] INFO  pipeline.PipelineManagerV2Impl (PipelineManagerV2Impl.java:openPipeline(270)) - Pipeline Pipeline[ Id: f5ee1fcb-8c60-4dad-82b1-8d4b036da8cf, Nodes: 42fd2707-1841-40d3-b54b-6f39f935cc38{ip: 172.17.0.2, host: c8a4b84cbf99, ports: [REPLICATION=42143, RATIS=41223, RATIS_ADMIN=41223, RATIS_SERVER=41223, STANDALONE=42535], networkLocation: /default-rack, certSerialId: null, persistedOpState: IN_SERVICE, persistedOpStateExpiryEpochSec: 0}, ReplicationConfig: RATIS/ONE, State:ALLOCATED, leaderId:42fd2707-1841-40d3-b54b-6f39f935cc38, CreationTimestamp2021-04-28T01:09:33.037Z] moved to OPEN state
2021-04-28 01:09:36,043 [EventQueue-OpenPipelineForHealthyPipelineSafeModeRule] INFO  safemode.SCMSafeModeManager (HealthyPipelineSafeModeRule.java:process(130)) - SCM in safe mode. Healthy pipelines reported count is 0, required healthy pipeline reported count is 1
2021-04-28 01:09:36,042 [EventQueue-PipelineReportForOneReplicaPipelineSafeModeRule] INFO  safemode.SCMSafeModeManager (SCMSafeModeManager.java:validateSafeModeExitRules(201)) - AtleastOneDatanodeReportedRule rule is successfully validated
2021-04-28 01:09:36,050 [pool-77-thread-1] INFO  metrics.RatisMetrics (RatisMetrics.java:lambda$create$0(36)) - Creating Metrics Registry : ratis.log_worker.42fd2707-1841-40d3-b54b-6f39f935cc38@group-8D4B036DA8CF
2021-04-28 01:09:36,051 [pool-77-thread-1] INFO  server.RaftServerConfigKeys (ConfUtils.java:logGet(44)) - raft.server.log.segment.size.max = 1048576 (custom)
2021-04-28 01:09:36,051 [pool-77-thread-1] INFO  server.RaftServerConfigKeys (ConfUtils.java:logGet(44)) - raft.server.log.segment.cache.num.max = 2 (custom)
2021-04-28 01:09:36,051 [pool-77-thread-1] INFO  server.RaftServerConfigKeys (ConfUtils.java:logGet(44)) - raft.server.log.segment.cache.size.max = 200MB (=209715200) (default)
2021-04-28 01:09:36,051 [pool-77-thread-1] INFO  segmented.SegmentedRaftLogWorker (SegmentedRaftLogWorker.java:<init>(182)) - new 42fd2707-1841-40d3-b54b-6f39f935cc38@group-8D4B036DA8CF-SegmentedRaftLogWorker for RaftStorageImpl:Storage Directory /github/workspace/mnt/ozone/hadoop-ozone/integration-test/target/test-dir/MiniOzoneClusterImpl-d7076e4a-bb1a-46d0-b0f9-1975ab90d2da/datanode-2/data/ratis/f5ee1fcb-8c60-4dad-82b1-8d4b036da8cf
2021-04-28 01:09:36,051 [pool-77-thread-1] INFO  server.RaftServerConfigKeys (ConfUtils.java:logGet(44)) - raft.server.log.queue.byte-limit = 2147483647 (custom)
2021-04-28 01:09:36,051 [pool-77-thread-1] INFO  server.RaftServerConfigKeys (ConfUtils.java:logGet(44)) - raft.server.log.queue.element-limit = 1024 (custom)
2021-04-28 01:09:36,051 [pool-77-thread-1] INFO  server.RaftServerConfigKeys (ConfUtils.java:logGet(44)) - raft.server.log.segment.size.max = 1048576 (custom)
2021-04-28 01:09:36,051 [pool-77-thread-1] INFO  server.RaftServerConfigKeys (ConfUtils.java:logGet(44)) - raft.server.log.preallocated.size = 16384 (custom)
2021-04-28 01:09:36,051 [pool-77-thread-1] INFO  server.RaftServerConfigKeys (ConfUtils.java:logGet(44)) - raft.server.log.force.sync.num = 128 (default)
2021-04-28 01:09:36,051 [pool-77-thread-1] INFO  server.RaftServerConfigKeys (ConfUtils.java:logGet(44)) - raft.server.log.statemachine.data.sync = true (default)
2021-04-28 01:09:36,051 [pool-77-thread-1] INFO  server.RaftServerConfigKeys (ConfUtils.java:logGet(44)) - raft.server.log.statemachine.data.sync.timeout = 10s (default)
2021-04-28 01:09:36,052 [pool-77-thread-1] INFO  server.RaftServerConfigKeys (ConfUtils.java:logGet(44)) - raft.server.log.statemachine.data.sync.timeout.retry = -1 (default)
2021-04-28 01:09:36,053 [pool-77-thread-1] INFO  server.RaftServerConfigKeys (ConfUtils.java:logGet(44)) - raft.server.log.write.buffer.size = 1048576 (custom)
2021-04-28 01:09:36,055 [pool-77-thread-1] INFO  server.RaftServerConfigKeys (ConfUtils.java:logGet(44)) - raft.server.log.statemachine.data.caching.enabled = true (custom)
2021-04-28 01:09:36,055 [pool-77-thread-1] INFO  segmented.SegmentedRaftLogWorker (SegmentedRaftLogWorker.java:lambda$new$0(133)) - 42fd2707-1841-40d3-b54b-6f39f935cc38@group-8D4B036DA8CF-SegmentedRaftLogWorker: flushIndex: setUnconditionally 0 -> -1
2021-04-28 01:09:36,055 [pool-77-thread-1] INFO  segmented.SegmentedRaftLogWorker (SegmentedRaftLogWorker.java:lambda$new$0(133)) - 42fd2707-1841-40d3-b54b-6f39f935cc38@group-8D4B036DA8CF-SegmentedRaftLogWorker: safeCacheEvictIndex: setUnconditionally 0 -> -1
2021-04-28 01:09:36,056 [pool-77-thread-1] INFO  server.RaftServerConfigKeys (ConfUtils.java:logGet(44)) - raft.server.snapshot.auto.trigger.enabled = true (custom)
2021-04-28 01:09:36,056 [pool-77-thread-1] INFO  server.RaftServerConfigKeys (ConfUtils.java:logGet(44)) - raft.server.snapshot.auto.trigger.threshold = 10000 (custom)
2021-04-28 01:09:36,056 [pool-77-thread-1] INFO  server.RaftServerConfigKeys (ConfUtils.java:logGet(44)) - raft.server.snapshot.retention.file.num = 5 (custom)
2021-04-28 01:09:36,056 [pool-77-thread-1] INFO  server.RaftServerConfigKeys (ConfUtils.java:logGet(44)) - raft.server.log.purge.upto.snapshot.index = false (default)
2021-04-28 01:09:36,056 [pool-77-thread-1] INFO  server.RaftServerConfigKeys (ConfUtils.java:logGet(44)) - raft.server.retrycache.expirytime = 600000ms (custom)
2021-04-28 01:09:36,056 [pool-77-thread-1] INFO  server.RaftServerConfigKeys (ConfUtils.java:logGet(44)) - raft.server.retrycache.statistics.expirytime = 100?s (default)
2021-04-28 01:09:36,056 [pool-77-thread-1] INFO  metrics.RatisMetrics (RatisMetrics.java:lambda$create$0(36)) - Creating Metrics Registry : ratis.leader_election.42fd2707-1841-40d3-b54b-6f39f935cc38@group-8D4B036DA8CF
2021-04-28 01:09:36,056 [pool-77-thread-1] INFO  metrics.RatisMetrics (RatisMetrics.java:lambda$create$0(36)) - Creating Metrics Registry : ratis.server.42fd2707-1841-40d3-b54b-6f39f935cc38@group-8D4B036DA8CF
2021-04-28 01:09:36,057 [pool-77-thread-1] INFO  server.RaftServer$Division (RaftServerImpl.java:start(295)) - 42fd2707-1841-40d3-b54b-6f39f935cc38@group-6799236C1344: start as a follower, conf=-1: [43d3847f-81c3-43e7-b86e-40be164eab80|rpc:172.17.0.2:36611|dataStream:|priority:1, f65384a4-a8a4-4787-a0e5-96e28e751202|rpc:172.17.0.2:43161|dataStream:|priority:0, 42fd2707-1841-40d3-b54b-6f39f935cc38|rpc:172.17.0.2:41223|dataStream:|priority:0], old=null
2021-04-28 01:09:36,057 [pool-77-thread-1] INFO  server.RaftServer$Division (RaftServerImpl.java:setRole(284)) - 42fd2707-1841-40d3-b54b-6f39f935cc38@group-6799236C1344: changes role from      null to FOLLOWER at term 0 for startAsFollower
2021-04-28 01:09:36,057 [pool-77-thread-1] INFO  impl.RoleInfo (RoleInfo.java:updateAndGet(130)) - 42fd2707-1841-40d3-b54b-6f39f935cc38: start 42fd2707-1841-40d3-b54b-6f39f935cc38@group-6799236C1344-FollowerState
2021-04-28 01:09:36,061 [pool-77-thread-1] INFO  util.JmxRegister (JmxRegister.java:tryRegister(44)) - Successfully registered JMX Bean with object name Ratis:service=RaftServer,group=group-6799236C1344,id=42fd2707-1841-40d3-b54b-6f39f935cc38
2021-04-28 01:09:36,061 [pool-77-thread-1] INFO  metrics.RatisMetrics (RatisMetrics.java:lambda$create$0(36)) - Creating Metrics Registry : ratis.state_machine.42fd2707-1841-40d3-b54b-6f39f935cc38@group-6799236C1344
2021-04-28 01:09:36,062 [pool-77-thread-1] INFO  server.RaftServer$Division (RaftServerImpl.java:start(295)) - 42fd2707-1841-40d3-b54b-6f39f935cc38@group-8D4B036DA8CF: start as a follower, conf=-1: [42fd2707-1841-40d3-b54b-6f39f935cc38|rpc:172.17.0.2:41223|priority:1], old=null
2021-04-28 01:09:36,062 [pool-77-thread-1] INFO  server.RaftServer$Division (RaftServerImpl.java:setRole(284)) - 42fd2707-1841-40d3-b54b-6f39f935cc38@group-8D4B036DA8CF: changes role from      null to FOLLOWER at term 0 for startAsFollower
2021-04-28 01:09:36,062 [pool-77-thread-1] INFO  impl.RoleInfo (RoleInfo.java:updateAndGet(130)) - 42fd2707-1841-40d3-b54b-6f39f935cc38: start 42fd2707-1841-40d3-b54b-6f39f935cc38@group-8D4B036DA8CF-FollowerState
2021-04-28 01:09:36,068 [Command processor thread] INFO  commandhandler.CreatePipelineCommandHandler (CreatePipelineCommandHandler.java:handle(106)) - Created Pipeline RATIS THREE PipelineID=25f1310e-fe38-48ae-bbd4-6799236c1344.
2021-04-28 01:09:36,069 [pool-77-thread-1] INFO  util.JmxRegister (JmxRegister.java:tryRegister(44)) - Successfully registered JMX Bean with object name Ratis:service=RaftServer,group=group-8D4B036DA8CF,id=42fd2707-1841-40d3-b54b-6f39f935cc38
2021-04-28 01:09:36,069 [pool-77-thread-1] INFO  metrics.RatisMetrics (RatisMetrics.java:lambda$create$0(36)) - Creating Metrics Registry : ratis.state_machine.42fd2707-1841-40d3-b54b-6f39f935cc38@group-8D4B036DA8CF
2021-04-28 01:09:36,070 [Command processor thread] INFO  ratis.XceiverServerRatis (XceiverServerRatis.java:addGroup(808)) - Created group PipelineID=f5ee1fcb-8c60-4dad-82b1-8d4b036da8cf
2021-04-28 01:09:36,070 [Command processor thread] INFO  commandhandler.CreatePipelineCommandHandler (CreatePipelineCommandHandler.java:handle(106)) - Created Pipeline RATIS ONE PipelineID=f5ee1fcb-8c60-4dad-82b1-8d4b036da8cf.
2021-04-28 01:09:36,247 [Command processor thread] INFO  server.RaftServer (RaftServerProxy.java:addNew(95)) - 3dc34c93-7aa4-4f5d-882a-22c345cc0d73: addNew group-2B645BF534FB:[3dc34c93-7aa4-4f5d-882a-22c345cc0d73|rpc:172.17.0.2:34555|priority:1] returns group-2B645BF534FB:java.util.concurrent.CompletableFuture@6b354bf2[Not completed]
2021-04-28 01:09:36,248 [pool-93-thread-1] INFO  server.RaftServer$Division (RaftServerImpl.java:<init>(180)) - 3dc34c93-7aa4-4f5d-882a-22c345cc0d73: new RaftServerImpl for group-2B645BF534FB:[3dc34c93-7aa4-4f5d-882a-22c345cc0d73|rpc:172.17.0.2:34555|priority:1] with ContainerStateMachine:uninitialized
2021-04-28 01:09:36,249 [pool-93-thread-1] INFO  server.RaftServerConfigKeys (ConfUtils.java:logGet(44)) - raft.server.rpc.timeout.min = 5s (custom)
2021-04-28 01:09:36,249 [pool-93-thread-1] INFO  server.RaftServerConfigKeys (ConfUtils.java:logGet(44)) - raft.server.rpc.timeout.max = 5200ms (custom)
2021-04-28 01:09:36,249 [pool-93-thread-1] INFO  server.RaftServerConfigKeys (ConfUtils.java:logGet(44)) - raft.server.rpc.sleep.time = 25ms (default)
2021-04-28 01:09:36,249 [pool-93-thread-1] INFO  server.RaftServerConfigKeys (ConfUtils.java:logGet(44)) - raft.server.rpc.slowness.timeout = 300000ms (custom)
2021-04-28 01:09:36,249 [pool-93-thread-1] INFO  server.RaftServerConfigKeys (ConfUtils.java:logGet(44)) - raft.server.leaderelection.leader.step-down.wait-time = 10s (default)
2021-04-28 01:09:36,249 [pool-93-thread-1] INFO  server.RaftServerConfigKeys (ConfUtils.java:logGet(44)) - raft.server.sleep.deviation.threshold = 300ms (default)
2021-04-28 01:09:36,250 [pool-93-thread-1] INFO  server.RaftServerConfigKeys (ConfUtils.java:logGet(44)) - raft.server.log.appender.install.snapshot.enabled = false (custom)
2021-04-28 01:09:36,250 [pool-93-thread-1] INFO  server.RaftServer$Division (ServerState.java:<init>(105)) - 3dc34c93-7aa4-4f5d-882a-22c345cc0d73@group-2B645BF534FB: ConfigurationManager, init=-1: [3dc34c93-7aa4-4f5d-882a-22c345cc0d73|rpc:172.17.0.2:34555|priority:1], old=null, confs=<EMPTY_MAP>
2021-04-28 01:09:36,250 [pool-93-thread-1] INFO  server.RaftServerConfigKeys (ConfUtils.java:logGet(44)) - raft.server.storage.dir = [/github/workspace/mnt/ozone/hadoop-ozone/integration-test/target/test-dir/MiniOzoneClusterImpl-d7076e4a-bb1a-46d0-b0f9-1975ab90d2da/datanode-3/data/ratis] (custom)
2021-04-28 01:09:36,250 [pool-93-thread-1] INFO  server.RaftServerConfigKeys (ConfUtils.java:logGet(44)) - raft.server.log.corruption.policy = EXCEPTION (default)
2021-04-28 01:09:36,251 [pool-93-thread-1] INFO  storage.RaftStorageDirectory (RaftStorageDirectoryImpl.java:analyzeStorage(132)) - The storage directory /github/workspace/mnt/ozone/hadoop-ozone/integration-test/target/test-dir/MiniOzoneClusterImpl-d7076e4a-bb1a-46d0-b0f9-1975ab90d2da/datanode-3/data/ratis/32c504ed-7615-4568-aa16-2b645bf534fb does not exist. Creating ...
2021-04-28 01:09:36,252 [pool-93-thread-1] INFO  storage.RaftStorageDirectory (RaftStorageDirectoryImpl.java:tryLock(215)) - Lock on /github/workspace/mnt/ozone/hadoop-ozone/integration-test/target/test-dir/MiniOzoneClusterImpl-d7076e4a-bb1a-46d0-b0f9-1975ab90d2da/datanode-3/data/ratis/32c504ed-7615-4568-aa16-2b645bf534fb/in_use.lock acquired by nodename 10892@c8a4b84cbf99
2021-04-28 01:09:36,252 [pool-93-thread-1] INFO  storage.RaftStorage (RaftStorageImpl.java:format(87)) - Storage directory /github/workspace/mnt/ozone/hadoop-ozone/integration-test/target/test-dir/MiniOzoneClusterImpl-d7076e4a-bb1a-46d0-b0f9-1975ab90d2da/datanode-3/data/ratis/32c504ed-7615-4568-aa16-2b645bf534fb has been successfully formatted.
2021-04-28 01:09:36,254 [pool-93-thread-1] INFO  ratis.ContainerStateMachine (ContainerStateMachine.java:loadSnapshot(224)) - group-2B645BF534FB: The snapshot info is null. Setting the last applied indexto:(t:0, i:~)
2021-04-28 01:09:36,254 [pool-93-thread-1] INFO  server.RaftServerConfigKeys (ConfUtils.java:logGet(44)) - raft.server.notification.no-leader.timeout = 300000ms (custom)
2021-04-28 01:09:36,254 [pool-93-thread-1] INFO  server.RaftServerConfigKeys (ConfUtils.java:logGet(44)) - raft.server.log.use.memory = false (default)
2021-04-28 01:09:36,254 [pool-93-thread-1] INFO  server.RaftServerConfigKeys (ConfUtils.java:logGet(44)) - raft.server.log.purge.gap = 1000000 (custom)
2021-04-28 01:09:36,254 [pool-93-thread-1] INFO  server.RaftServerConfigKeys (ConfUtils.java:logGet(44)) - raft.server.log.appender.buffer.byte-limit = 33554432 (custom)
2021-04-28 01:09:36,254 [pool-93-thread-1] INFO  metrics.RatisMetrics (RatisMetrics.java:lambda$create$0(36)) - Creating Metrics Registry : ratis.log_worker.3dc34c93-7aa4-4f5d-882a-22c345cc0d73@group-2B645BF534FB
2021-04-28 01:09:36,254 [pool-93-thread-1] INFO  server.RaftServerConfigKeys (ConfUtils.java:logGet(44)) - raft.server.log.segment.size.max = 1048576 (custom)
2021-04-28 01:09:36,255 [pool-93-thread-1] INFO  server.RaftServerConfigKeys (ConfUtils.java:logGet(44)) - raft.server.log.segment.cache.num.max = 2 (custom)
2021-04-28 01:09:36,255 [pool-93-thread-1] INFO  server.RaftServerConfigKeys (ConfUtils.java:logGet(44)) - raft.server.log.segment.cache.size.max = 200MB (=209715200) (default)
2021-04-28 01:09:36,255 [pool-93-thread-1] INFO  segmented.SegmentedRaftLogWorker (SegmentedRaftLogWorker.java:<init>(182)) - new 3dc34c93-7aa4-4f5d-882a-22c345cc0d73@group-2B645BF534FB-SegmentedRaftLogWorker for RaftStorageImpl:Storage Directory /github/workspace/mnt/ozone/hadoop-ozone/integration-test/target/test-dir/MiniOzoneClusterImpl-d7076e4a-bb1a-46d0-b0f9-1975ab90d2da/datanode-3/data/ratis/32c504ed-7615-4568-aa16-2b645bf534fb
2021-04-28 01:09:36,255 [pool-93-thread-1] INFO  server.RaftServerConfigKeys (ConfUtils.java:logGet(44)) - raft.server.log.queue.byte-limit = 2147483647 (custom)
2021-04-28 01:09:36,255 [pool-93-thread-1] INFO  server.RaftServerConfigKeys (ConfUtils.java:logGet(44)) - raft.server.log.queue.element-limit = 1024 (custom)
2021-04-28 01:09:36,255 [pool-93-thread-1] INFO  server.RaftServerConfigKeys (ConfUtils.java:logGet(44)) - raft.server.log.segment.size.max = 1048576 (custom)
2021-04-28 01:09:36,255 [pool-93-thread-1] INFO  server.RaftServerConfigKeys (ConfUtils.java:logGet(44)) - raft.server.log.preallocated.size = 16384 (custom)
2021-04-28 01:09:36,255 [pool-93-thread-1] INFO  server.RaftServerConfigKeys (ConfUtils.java:logGet(44)) - raft.server.log.force.sync.num = 128 (default)
2021-04-28 01:09:36,255 [pool-93-thread-1] INFO  server.RaftServerConfigKeys (ConfUtils.java:logGet(44)) - raft.server.log.statemachine.data.sync = true (default)
2021-04-28 01:09:36,255 [pool-93-thread-1] INFO  server.RaftServerConfigKeys (ConfUtils.java:logGet(44)) - raft.server.log.statemachine.data.sync.timeout = 10s (default)
2021-04-28 01:09:36,255 [pool-93-thread-1] INFO  server.RaftServerConfigKeys (ConfUtils.java:logGet(44)) - raft.server.log.statemachine.data.sync.timeout.retry = -1 (default)
2021-04-28 01:09:36,256 [pool-93-thread-1] INFO  server.RaftServerConfigKeys (ConfUtils.java:logGet(44)) - raft.server.log.write.buffer.size = 1048576 (custom)
2021-04-28 01:09:36,257 [EventQueue-PipelineReportForOneReplicaPipelineSafeModeRule] INFO  safemode.SCMSafeModeManager (SCMSafeModeManager.java:validateSafeModeExitRules(201)) - AtleastOneDatanodeReportedRule rule is successfully validated
2021-04-28 01:09:36,258 [EventQueue-PipelineReportForPipelineReportHandler] INFO  pipeline.PipelineManagerV2Impl (PipelineManagerV2Impl.java:openPipeline(270)) - Pipeline Pipeline[ Id: 32c504ed-7615-4568-aa16-2b645bf534fb, Nodes: 3dc34c93-7aa4-4f5d-882a-22c345cc0d73{ip: 172.17.0.2, host: c8a4b84cbf99, ports: [REPLICATION=39815, RATIS=34555, RATIS_ADMIN=34555, RATIS_SERVER=34555, STANDALONE=36395], networkLocation: /default-rack, certSerialId: null, persistedOpState: IN_SERVICE, persistedOpStateExpiryEpochSec: 0}, ReplicationConfig: RATIS/ONE, State:ALLOCATED, leaderId:3dc34c93-7aa4-4f5d-882a-22c345cc0d73, CreationTimestamp2021-04-28T01:09:33.248Z] moved to OPEN state
2021-04-28 01:09:36,258 [EventQueue-OpenPipelineForHealthyPipelineSafeModeRule] INFO  safemode.SCMSafeModeManager (HealthyPipelineSafeModeRule.java:process(130)) - SCM in safe mode. Healthy pipelines reported count is 0, required healthy pipeline reported count is 1
2021-04-28 01:09:36,258 [pool-93-thread-1] INFO  server.RaftServerConfigKeys (ConfUtils.java:logGet(44)) - raft.server.log.statemachine.data.caching.enabled = true (custom)
2021-04-28 01:09:36,259 [pool-93-thread-1] INFO  segmented.SegmentedRaftLogWorker (SegmentedRaftLogWorker.java:lambda$new$0(133)) - 3dc34c93-7aa4-4f5d-882a-22c345cc0d73@group-2B645BF534FB-SegmentedRaftLogWorker: flushIndex: setUnconditionally 0 -> -1
2021-04-28 01:09:36,259 [pool-93-thread-1] INFO  segmented.SegmentedRaftLogWorker (SegmentedRaftLogWorker.java:lambda$new$0(133)) - 3dc34c93-7aa4-4f5d-882a-22c345cc0d73@group-2B645BF534FB-SegmentedRaftLogWorker: safeCacheEvictIndex: setUnconditionally 0 -> -1
2021-04-28 01:09:36,262 [pool-93-thread-1] INFO  server.RaftServerConfigKeys (ConfUtils.java:logGet(44)) - raft.server.snapshot.auto.trigger.enabled = true (custom)
2021-04-28 01:09:36,262 [pool-93-thread-1] INFO  server.RaftServerConfigKeys (ConfUtils.java:logGet(44)) - raft.server.snapshot.auto.trigger.threshold = 10000 (custom)
2021-04-28 01:09:36,262 [pool-93-thread-1] INFO  server.RaftServerConfigKeys (ConfUtils.java:logGet(44)) - raft.server.snapshot.retention.file.num = 5 (custom)
2021-04-28 01:09:36,262 [pool-93-thread-1] INFO  server.RaftServerConfigKeys (ConfUtils.java:logGet(44)) - raft.server.log.purge.upto.snapshot.index = false (default)
2021-04-28 01:09:36,262 [pool-93-thread-1] INFO  server.RaftServerConfigKeys (ConfUtils.java:logGet(44)) - raft.server.retrycache.expirytime = 600000ms (custom)
2021-04-28 01:09:36,262 [pool-93-thread-1] INFO  server.RaftServerConfigKeys (ConfUtils.java:logGet(44)) - raft.server.retrycache.statistics.expirytime = 100?s (default)
2021-04-28 01:09:36,262 [pool-93-thread-1] INFO  metrics.RatisMetrics (RatisMetrics.java:lambda$create$0(36)) - Creating Metrics Registry : ratis.leader_election.3dc34c93-7aa4-4f5d-882a-22c345cc0d73@group-2B645BF534FB
2021-04-28 01:09:36,262 [pool-93-thread-1] INFO  metrics.RatisMetrics (RatisMetrics.java:lambda$create$0(36)) - Creating Metrics Registry : ratis.server.3dc34c93-7aa4-4f5d-882a-22c345cc0d73@group-2B645BF534FB
2021-04-28 01:09:36,263 [pool-93-thread-1] INFO  server.RaftServer$Division (RaftServerImpl.java:start(295)) - 3dc34c93-7aa4-4f5d-882a-22c345cc0d73@group-2B645BF534FB: start as a follower, conf=-1: [3dc34c93-7aa4-4f5d-882a-22c345cc0d73|rpc:172.17.0.2:34555|priority:1], old=null
2021-04-28 01:09:36,263 [pool-93-thread-1] INFO  server.RaftServer$Division (RaftServerImpl.java:setRole(284)) - 3dc34c93-7aa4-4f5d-882a-22c345cc0d73@group-2B645BF534FB: changes role from      null to FOLLOWER at term 0 for startAsFollower
2021-04-28 01:09:36,263 [pool-93-thread-1] INFO  impl.RoleInfo (RoleInfo.java:updateAndGet(130)) - 3dc34c93-7aa4-4f5d-882a-22c345cc0d73: start 3dc34c93-7aa4-4f5d-882a-22c345cc0d73@group-2B645BF534FB-FollowerState
2021-04-28 01:09:36,264 [pool-93-thread-1] INFO  util.JmxRegister (JmxRegister.java:tryRegister(44)) - Successfully registered JMX Bean with object name Ratis:service=RaftServer,group=group-2B645BF534FB,id=3dc34c93-7aa4-4f5d-882a-22c345cc0d73
2021-04-28 01:09:36,264 [pool-93-thread-1] INFO  metrics.RatisMetrics (RatisMetrics.java:lambda$create$0(36)) - Creating Metrics Registry : ratis.state_machine.3dc34c93-7aa4-4f5d-882a-22c345cc0d73@group-2B645BF534FB
2021-04-28 01:09:36,264 [Command processor thread] INFO  ratis.XceiverServerRatis (XceiverServerRatis.java:addGroup(808)) - Created group PipelineID=32c504ed-7615-4568-aa16-2b645bf534fb
2021-04-28 01:09:36,265 [Command processor thread] INFO  commandhandler.CreatePipelineCommandHandler (CreatePipelineCommandHandler.java:handle(106)) - Created Pipeline RATIS ONE PipelineID=32c504ed-7615-4568-aa16-2b645bf534fb.
2021-04-28 01:09:36,265 [Command processor thread] INFO  server.RaftServer (RaftServerProxy.java:addNew(95)) - 3dc34c93-7aa4-4f5d-882a-22c345cc0d73: addNew group-01B766403D27:[3dc34c93-7aa4-4f5d-882a-22c345cc0d73|rpc:172.17.0.2:34555|priority:0, 0fca32f9-76ae-40c1-a223-13204f8d545a|rpc:172.17.0.2:34055|priority:0, c9444e84-7d1e-434a-8350-34c756d48665|rpc:172.17.0.2:40945|priority:1] returns group-01B766403D27:java.util.concurrent.CompletableFuture@6f0ac24c[Not completed]
2021-04-28 01:09:36,266 [pool-93-thread-1] INFO  server.RaftServer$Division (RaftServerImpl.java:<init>(180)) - 3dc34c93-7aa4-4f5d-882a-22c345cc0d73: new RaftServerImpl for group-01B766403D27:[3dc34c93-7aa4-4f5d-882a-22c345cc0d73|rpc:172.17.0.2:34555|priority:0, 0fca32f9-76ae-40c1-a223-13204f8d545a|rpc:172.17.0.2:34055|priority:0, c9444e84-7d1e-434a-8350-34c756d48665|rpc:172.17.0.2:40945|priority:1] with ContainerStateMachine:uninitialized
2021-04-28 01:09:36,266 [pool-93-thread-1] INFO  server.RaftServerConfigKeys (ConfUtils.java:logGet(44)) - raft.server.rpc.timeout.min = 5s (custom)
2021-04-28 01:09:36,266 [pool-93-thread-1] INFO  server.RaftServerConfigKeys (ConfUtils.java:logGet(44)) - raft.server.rpc.timeout.max = 5200ms (custom)
2021-04-28 01:09:36,266 [pool-93-thread-1] INFO  server.RaftServerConfigKeys (ConfUtils.java:logGet(44)) - raft.server.rpc.sleep.time = 25ms (default)
2021-04-28 01:09:36,266 [pool-93-thread-1] INFO  server.RaftServerConfigKeys (ConfUtils.java:logGet(44)) - raft.server.rpc.slowness.timeout = 300000ms (custom)
2021-04-28 01:09:36,266 [pool-93-thread-1] INFO  server.RaftServerConfigKeys (ConfUtils.java:logGet(44)) - raft.server.leaderelection.leader.step-down.wait-time = 10s (default)
2021-04-28 01:09:36,266 [pool-93-thread-1] INFO  server.RaftServerConfigKeys (ConfUtils.java:logGet(44)) - raft.server.sleep.deviation.threshold = 300ms (default)
2021-04-28 01:09:36,266 [pool-93-thread-1] INFO  server.RaftServerConfigKeys (ConfUtils.java:logGet(44)) - raft.server.log.appender.install.snapshot.enabled = false (custom)
2021-04-28 01:09:36,266 [pool-93-thread-1] INFO  server.RaftServer$Division (ServerState.java:<init>(105)) - 3dc34c93-7aa4-4f5d-882a-22c345cc0d73@group-01B766403D27: ConfigurationManager, init=-1: [3dc34c93-7aa4-4f5d-882a-22c345cc0d73|rpc:172.17.0.2:34555|priority:0, 0fca32f9-76ae-40c1-a223-13204f8d545a|rpc:172.17.0.2:34055|priority:0, c9444e84-7d1e-434a-8350-34c756d48665|rpc:172.17.0.2:40945|priority:1], old=null, confs=<EMPTY_MAP>
2021-04-28 01:09:36,266 [pool-93-thread-1] INFO  server.RaftServerConfigKeys (ConfUtils.java:logGet(44)) - raft.server.storage.dir = [/github/workspace/mnt/ozone/hadoop-ozone/integration-test/target/test-dir/MiniOzoneClusterImpl-d7076e4a-bb1a-46d0-b0f9-1975ab90d2da/datanode-3/data/ratis] (custom)
2021-04-28 01:09:36,266 [pool-93-thread-1] INFO  server.RaftServerConfigKeys (ConfUtils.java:logGet(44)) - raft.server.log.corruption.policy = EXCEPTION (default)
2021-04-28 01:09:36,266 [pool-93-thread-1] INFO  storage.RaftStorageDirectory (RaftStorageDirectoryImpl.java:analyzeStorage(132)) - The storage directory /github/workspace/mnt/ozone/hadoop-ozone/integration-test/target/test-dir/MiniOzoneClusterImpl-d7076e4a-bb1a-46d0-b0f9-1975ab90d2da/datanode-3/data/ratis/d1b4f0a7-ea19-4a99-90ab-01b766403d27 does not exist. Creating ...
2021-04-28 01:09:36,267 [pool-93-thread-1] INFO  storage.RaftStorageDirectory (RaftStorageDirectoryImpl.java:tryLock(215)) - Lock on /github/workspace/mnt/ozone/hadoop-ozone/integration-test/target/test-dir/MiniOzoneClusterImpl-d7076e4a-bb1a-46d0-b0f9-1975ab90d2da/datanode-3/data/ratis/d1b4f0a7-ea19-4a99-90ab-01b766403d27/in_use.lock acquired by nodename 10892@c8a4b84cbf99
2021-04-28 01:09:36,268 [pool-93-thread-1] INFO  storage.RaftStorage (RaftStorageImpl.java:format(87)) - Storage directory /github/workspace/mnt/ozone/hadoop-ozone/integration-test/target/test-dir/MiniOzoneClusterImpl-d7076e4a-bb1a-46d0-b0f9-1975ab90d2da/datanode-3/data/ratis/d1b4f0a7-ea19-4a99-90ab-01b766403d27 has been successfully formatted.
2021-04-28 01:09:36,268 [pool-93-thread-1] INFO  ratis.ContainerStateMachine (ContainerStateMachine.java:loadSnapshot(224)) - group-01B766403D27: The snapshot info is null. Setting the last applied indexto:(t:0, i:~)
2021-04-28 01:09:36,269 [pool-93-thread-1] INFO  server.RaftServerConfigKeys (ConfUtils.java:logGet(44)) - raft.server.notification.no-leader.timeout = 300000ms (custom)
2021-04-28 01:09:36,269 [pool-93-thread-1] INFO  server.RaftServerConfigKeys (ConfUtils.java:logGet(44)) - raft.server.log.use.memory = false (default)
2021-04-28 01:09:36,269 [pool-93-thread-1] INFO  server.RaftServerConfigKeys (ConfUtils.java:logGet(44)) - raft.server.log.purge.gap = 1000000 (custom)
2021-04-28 01:09:36,270 [pool-93-thread-1] INFO  server.RaftServerConfigKeys (ConfUtils.java:logGet(44)) - raft.server.log.appender.buffer.byte-limit = 33554432 (custom)
2021-04-28 01:09:36,270 [pool-93-thread-1] INFO  metrics.RatisMetrics (RatisMetrics.java:lambda$create$0(36)) - Creating Metrics Registry : ratis.log_worker.3dc34c93-7aa4-4f5d-882a-22c345cc0d73@group-01B766403D27
2021-04-28 01:09:36,270 [EventQueue-OpenPipelineForHealthyPipelineSafeModeRule] INFO  safemode.SCMSafeModeManager (HealthyPipelineSafeModeRule.java:process(130)) - SCM in safe mode. Healthy pipelines reported count is 0, required healthy pipeline reported count is 1
2021-04-28 01:09:36,270 [EventQueue-PipelineReportForOneReplicaPipelineSafeModeRule] INFO  safemode.SCMSafeModeManager (SCMSafeModeManager.java:validateSafeModeExitRules(201)) - AtleastOneDatanodeReportedRule rule is successfully validated
2021-04-28 01:09:36,273 [pool-93-thread-1] INFO  server.RaftServerConfigKeys (ConfUtils.java:logGet(44)) - raft.server.log.segment.size.max = 1048576 (custom)
2021-04-28 01:09:36,274 [pool-93-thread-1] INFO  server.RaftServerConfigKeys (ConfUtils.java:logGet(44)) - raft.server.log.segment.cache.num.max = 2 (custom)
2021-04-28 01:09:36,274 [pool-93-thread-1] INFO  server.RaftServerConfigKeys (ConfUtils.java:logGet(44)) - raft.server.log.segment.cache.size.max = 200MB (=209715200) (default)
2021-04-28 01:09:36,274 [pool-93-thread-1] INFO  segmented.SegmentedRaftLogWorker (SegmentedRaftLogWorker.java:<init>(182)) - new 3dc34c93-7aa4-4f5d-882a-22c345cc0d73@group-01B766403D27-SegmentedRaftLogWorker for RaftStorageImpl:Storage Directory /github/workspace/mnt/ozone/hadoop-ozone/integration-test/target/test-dir/MiniOzoneClusterImpl-d7076e4a-bb1a-46d0-b0f9-1975ab90d2da/datanode-3/data/ratis/d1b4f0a7-ea19-4a99-90ab-01b766403d27
2021-04-28 01:09:36,274 [pool-93-thread-1] INFO  server.RaftServerConfigKeys (ConfUtils.java:logGet(44)) - raft.server.log.queue.byte-limit = 2147483647 (custom)
2021-04-28 01:09:36,274 [pool-93-thread-1] INFO  server.RaftServerConfigKeys (ConfUtils.java:logGet(44)) - raft.server.log.queue.element-limit = 1024 (custom)
2021-04-28 01:09:36,274 [pool-93-thread-1] INFO  server.RaftServerConfigKeys (ConfUtils.java:logGet(44)) - raft.server.log.segment.size.max = 1048576 (custom)
2021-04-28 01:09:36,274 [pool-93-thread-1] INFO  server.RaftServerConfigKeys (ConfUtils.java:logGet(44)) - raft.server.log.preallocated.size = 16384 (custom)
2021-04-28 01:09:36,274 [pool-93-thread-1] INFO  server.RaftServerConfigKeys (ConfUtils.java:logGet(44)) - raft.server.log.force.sync.num = 128 (default)
2021-04-28 01:09:36,274 [pool-93-thread-1] INFO  server.RaftServerConfigKeys (ConfUtils.java:logGet(44)) - raft.server.log.statemachine.data.sync = true (default)
2021-04-28 01:09:36,274 [pool-93-thread-1] INFO  server.RaftServerConfigKeys (ConfUtils.java:logGet(44)) - raft.server.log.statemachine.data.sync.timeout = 10s (default)
2021-04-28 01:09:36,274 [pool-93-thread-1] INFO  server.RaftServerConfigKeys (ConfUtils.java:logGet(44)) - raft.server.log.statemachine.data.sync.timeout.retry = -1 (default)
2021-04-28 01:09:36,275 [pool-93-thread-1] INFO  server.RaftServerConfigKeys (ConfUtils.java:logGet(44)) - raft.server.log.write.buffer.size = 1048576 (custom)
2021-04-28 01:09:36,276 [pool-93-thread-1] INFO  server.RaftServerConfigKeys (ConfUtils.java:logGet(44)) - raft.server.log.statemachine.data.caching.enabled = true (custom)
2021-04-28 01:09:36,276 [pool-93-thread-1] INFO  segmented.SegmentedRaftLogWorker (SegmentedRaftLogWorker.java:lambda$new$0(133)) - 3dc34c93-7aa4-4f5d-882a-22c345cc0d73@group-01B766403D27-SegmentedRaftLogWorker: flushIndex: setUnconditionally 0 -> -1
2021-04-28 01:09:36,276 [pool-93-thread-1] INFO  segmented.SegmentedRaftLogWorker (SegmentedRaftLogWorker.java:lambda$new$0(133)) - 3dc34c93-7aa4-4f5d-882a-22c345cc0d73@group-01B766403D27-SegmentedRaftLogWorker: safeCacheEvictIndex: setUnconditionally 0 -> -1
2021-04-28 01:09:36,281 [pool-93-thread-1] INFO  server.RaftServerConfigKeys (ConfUtils.java:logGet(44)) - raft.server.snapshot.auto.trigger.enabled = true (custom)
2021-04-28 01:09:36,281 [pool-93-thread-1] INFO  server.RaftServerConfigKeys (ConfUtils.java:logGet(44)) - raft.server.snapshot.auto.trigger.threshold = 10000 (custom)
2021-04-28 01:09:36,281 [pool-93-thread-1] INFO  server.RaftServerConfigKeys (ConfUtils.java:logGet(44)) - raft.server.snapshot.retention.file.num = 5 (custom)
2021-04-28 01:09:36,282 [pool-93-thread-1] INFO  server.RaftServerConfigKeys (ConfUtils.java:logGet(44)) - raft.server.log.purge.upto.snapshot.index = false (default)
2021-04-28 01:09:36,282 [pool-93-thread-1] INFO  server.RaftServerConfigKeys (ConfUtils.java:logGet(44)) - raft.server.retrycache.expirytime = 600000ms (custom)
2021-04-28 01:09:36,282 [pool-93-thread-1] INFO  server.RaftServerConfigKeys (ConfUtils.java:logGet(44)) - raft.server.retrycache.statistics.expirytime = 100?s (default)
2021-04-28 01:09:36,282 [pool-93-thread-1] INFO  metrics.RatisMetrics (RatisMetrics.java:lambda$create$0(36)) - Creating Metrics Registry : ratis.leader_election.3dc34c93-7aa4-4f5d-882a-22c345cc0d73@group-01B766403D27
2021-04-28 01:09:36,282 [pool-93-thread-1] INFO  metrics.RatisMetrics (RatisMetrics.java:lambda$create$0(36)) - Creating Metrics Registry : ratis.server.3dc34c93-7aa4-4f5d-882a-22c345cc0d73@group-01B766403D27
2021-04-28 01:09:36,283 [pool-93-thread-1] INFO  server.RaftServer$Division (RaftServerImpl.java:start(295)) - 3dc34c93-7aa4-4f5d-882a-22c345cc0d73@group-01B766403D27: start as a follower, conf=-1: [3dc34c93-7aa4-4f5d-882a-22c345cc0d73|rpc:172.17.0.2:34555|priority:0, 0fca32f9-76ae-40c1-a223-13204f8d545a|rpc:172.17.0.2:34055|priority:0, c9444e84-7d1e-434a-8350-34c756d48665|rpc:172.17.0.2:40945|priority:1], old=null
2021-04-28 01:09:36,283 [pool-93-thread-1] INFO  server.RaftServer$Division (RaftServerImpl.java:setRole(284)) - 3dc34c93-7aa4-4f5d-882a-22c345cc0d73@group-01B766403D27: changes role from      null to FOLLOWER at term 0 for startAsFollower
2021-04-28 01:09:36,283 [pool-93-thread-1] INFO  impl.RoleInfo (RoleInfo.java:updateAndGet(130)) - 3dc34c93-7aa4-4f5d-882a-22c345cc0d73: start 3dc34c93-7aa4-4f5d-882a-22c345cc0d73@group-01B766403D27-FollowerState
2021-04-28 01:09:36,283 [pool-93-thread-1] INFO  util.JmxRegister (JmxRegister.java:tryRegister(44)) - Successfully registered JMX Bean with object name Ratis:service=RaftServer,group=group-01B766403D27,id=3dc34c93-7aa4-4f5d-882a-22c345cc0d73
2021-04-28 01:09:36,283 [pool-93-thread-1] INFO  metrics.RatisMetrics (RatisMetrics.java:lambda$create$0(36)) - Creating Metrics Registry : ratis.state_machine.3dc34c93-7aa4-4f5d-882a-22c345cc0d73@group-01B766403D27
2021-04-28 01:09:36,284 [Command processor thread] INFO  ratis.XceiverServerRatis (XceiverServerRatis.java:addGroup(808)) - Created group PipelineID=d1b4f0a7-ea19-4a99-90ab-01b766403d27
2021-04-28 01:09:36,285 [Command processor thread] INFO  metrics.RatisMetrics (RatisMetrics.java:lambda$create$0(36)) - Creating Metrics Registry : ratis.client_message_metrics.client-B5F72D662B86->c9444e84-7d1e-434a-8350-34c756d48665
2021-04-28 01:09:36,297 [grpc-default-executor-0] INFO  metrics.RatisMetrics (RatisMetrics.java:lambda$create$0(36)) - Creating Metrics Registry : ratis.server_message_metrics.c9444e84-7d1e-434a-8350-34c756d48665
2021-04-28 01:09:36,299 [grpc-default-executor-0] INFO  server.RaftServer (RaftServerProxy.java:addNew(95)) - c9444e84-7d1e-434a-8350-34c756d48665: addNew group-01B766403D27:[3dc34c93-7aa4-4f5d-882a-22c345cc0d73|rpc:172.17.0.2:34555|dataStream:|priority:0, 0fca32f9-76ae-40c1-a223-13204f8d545a|rpc:172.17.0.2:34055|dataStream:|priority:0, c9444e84-7d1e-434a-8350-34c756d48665|rpc:172.17.0.2:40945|dataStream:|priority:1] returns group-01B766403D27:java.util.concurrent.CompletableFuture@18eb4fe6[Not completed]
2021-04-28 01:09:36,302 [pool-108-thread-1] INFO  server.RaftServer$Division (RaftServerImpl.java:<init>(180)) - c9444e84-7d1e-434a-8350-34c756d48665: new RaftServerImpl for group-01B766403D27:[3dc34c93-7aa4-4f5d-882a-22c345cc0d73|rpc:172.17.0.2:34555|dataStream:|priority:0, 0fca32f9-76ae-40c1-a223-13204f8d545a|rpc:172.17.0.2:34055|dataStream:|priority:0, c9444e84-7d1e-434a-8350-34c756d48665|rpc:172.17.0.2:40945|dataStream:|priority:1] with ContainerStateMachine:uninitialized
2021-04-28 01:09:36,302 [pool-108-thread-1] INFO  server.RaftServerConfigKeys (ConfUtils.java:logGet(44)) - raft.server.rpc.timeout.min = 5s (custom)
2021-04-28 01:09:36,302 [pool-108-thread-1] INFO  server.RaftServerConfigKeys (ConfUtils.java:logGet(44)) - raft.server.rpc.timeout.max = 5200ms (custom)
2021-04-28 01:09:36,302 [pool-108-thread-1] INFO  server.RaftServerConfigKeys (ConfUtils.java:logGet(44)) - raft.server.rpc.sleep.time = 25ms (default)
2021-04-28 01:09:36,303 [pool-108-thread-1] INFO  server.RaftServerConfigKeys (ConfUtils.java:logGet(44)) - raft.server.rpc.slowness.timeout = 300000ms (custom)
2021-04-28 01:09:36,303 [pool-108-thread-1] INFO  server.RaftServerConfigKeys (ConfUtils.java:logGet(44)) - raft.server.leaderelection.leader.step-down.wait-time = 10s (default)
2021-04-28 01:09:36,303 [pool-108-thread-1] INFO  server.RaftServerConfigKeys (ConfUtils.java:logGet(44)) - raft.server.sleep.deviation.threshold = 300ms (default)
2021-04-28 01:09:36,303 [pool-108-thread-1] INFO  server.RaftServerConfigKeys (ConfUtils.java:logGet(44)) - raft.server.log.appender.install.snapshot.enabled = false (custom)
2021-04-28 01:09:36,303 [pool-108-thread-1] INFO  server.RaftServer$Division (ServerState.java:<init>(105)) - c9444e84-7d1e-434a-8350-34c756d48665@group-01B766403D27: ConfigurationManager, init=-1: [3dc34c93-7aa4-4f5d-882a-22c345cc0d73|rpc:172.17.0.2:34555|dataStream:|priority:0, 0fca32f9-76ae-40c1-a223-13204f8d545a|rpc:172.17.0.2:34055|dataStream:|priority:0, c9444e84-7d1e-434a-8350-34c756d48665|rpc:172.17.0.2:40945|dataStream:|priority:1], old=null, confs=<EMPTY_MAP>
2021-04-28 01:09:36,303 [pool-108-thread-1] INFO  server.RaftServerConfigKeys (ConfUtils.java:logGet(44)) - raft.server.storage.dir = [/github/workspace/mnt/ozone/hadoop-ozone/integration-test/target/test-dir/MiniOzoneClusterImpl-d7076e4a-bb1a-46d0-b0f9-1975ab90d2da/datanode-4/data/ratis] (custom)
2021-04-28 01:09:36,303 [pool-108-thread-1] INFO  server.RaftServerConfigKeys (ConfUtils.java:logGet(44)) - raft.server.log.corruption.policy = EXCEPTION (default)
2021-04-28 01:09:36,303 [pool-108-thread-1] INFO  storage.RaftStorageDirectory (RaftStorageDirectoryImpl.java:analyzeStorage(132)) - The storage directory /github/workspace/mnt/ozone/hadoop-ozone/integration-test/target/test-dir/MiniOzoneClusterImpl-d7076e4a-bb1a-46d0-b0f9-1975ab90d2da/datanode-4/data/ratis/d1b4f0a7-ea19-4a99-90ab-01b766403d27 does not exist. Creating ...
2021-04-28 01:09:36,304 [pool-108-thread-1] INFO  storage.RaftStorageDirectory (RaftStorageDirectoryImpl.java:tryLock(215)) - Lock on /github/workspace/mnt/ozone/hadoop-ozone/integration-test/target/test-dir/MiniOzoneClusterImpl-d7076e4a-bb1a-46d0-b0f9-1975ab90d2da/datanode-4/data/ratis/d1b4f0a7-ea19-4a99-90ab-01b766403d27/in_use.lock acquired by nodename 10892@c8a4b84cbf99
2021-04-28 01:09:36,305 [pool-108-thread-1] INFO  storage.RaftStorage (RaftStorageImpl.java:format(87)) - Storage directory /github/workspace/mnt/ozone/hadoop-ozone/integration-test/target/test-dir/MiniOzoneClusterImpl-d7076e4a-bb1a-46d0-b0f9-1975ab90d2da/datanode-4/data/ratis/d1b4f0a7-ea19-4a99-90ab-01b766403d27 has been successfully formatted.
2021-04-28 01:09:36,306 [pool-108-thread-1] INFO  ratis.ContainerStateMachine (ContainerStateMachine.java:loadSnapshot(224)) - group-01B766403D27: The snapshot info is null. Setting the last applied indexto:(t:0, i:~)
2021-04-28 01:09:36,309 [pool-108-thread-1] INFO  server.RaftServerConfigKeys (ConfUtils.java:logGet(44)) - raft.server.notification.no-leader.timeout = 300000ms (custom)
2021-04-28 01:09:36,309 [pool-108-thread-1] INFO  server.RaftServerConfigKeys (ConfUtils.java:logGet(44)) - raft.server.log.use.memory = false (default)
2021-04-28 01:09:36,309 [pool-108-thread-1] INFO  server.RaftServerConfigKeys (ConfUtils.java:logGet(44)) - raft.server.log.purge.gap = 1000000 (custom)
2021-04-28 01:09:36,309 [pool-108-thread-1] INFO  server.RaftServerConfigKeys (ConfUtils.java:logGet(44)) - raft.server.log.appender.buffer.byte-limit = 33554432 (custom)
2021-04-28 01:09:36,309 [pool-108-thread-1] INFO  metrics.RatisMetrics (RatisMetrics.java:lambda$create$0(36)) - Creating Metrics Registry : ratis.log_worker.c9444e84-7d1e-434a-8350-34c756d48665@group-01B766403D27
2021-04-28 01:09:36,309 [EventQueue-PipelineReportForOneReplicaPipelineSafeModeRule] INFO  safemode.SCMSafeModeManager (SCMSafeModeManager.java:validateSafeModeExitRules(201)) - AtleastOneDatanodeReportedRule rule is successfully validated
2021-04-28 01:09:36,313 [pool-108-thread-1] INFO  server.RaftServerConfigKeys (ConfUtils.java:logGet(44)) - raft.server.log.segment.size.max = 1048576 (custom)
2021-04-28 01:09:36,314 [pool-108-thread-1] INFO  server.RaftServerConfigKeys (ConfUtils.java:logGet(44)) - raft.server.log.segment.cache.num.max = 2 (custom)
2021-04-28 01:09:36,314 [pool-108-thread-1] INFO  server.RaftServerConfigKeys (ConfUtils.java:logGet(44)) - raft.server.log.segment.cache.size.max = 200MB (=209715200) (default)
2021-04-28 01:09:36,314 [pool-108-thread-1] INFO  segmented.SegmentedRaftLogWorker (SegmentedRaftLogWorker.java:<init>(182)) - new c9444e84-7d1e-434a-8350-34c756d48665@group-01B766403D27-SegmentedRaftLogWorker for RaftStorageImpl:Storage Directory /github/workspace/mnt/ozone/hadoop-ozone/integration-test/target/test-dir/MiniOzoneClusterImpl-d7076e4a-bb1a-46d0-b0f9-1975ab90d2da/datanode-4/data/ratis/d1b4f0a7-ea19-4a99-90ab-01b766403d27
2021-04-28 01:09:36,315 [pool-108-thread-1] INFO  server.RaftServerConfigKeys (ConfUtils.java:logGet(44)) - raft.server.log.queue.byte-limit = 2147483647 (custom)
2021-04-28 01:09:36,315 [pool-108-thread-1] INFO  server.RaftServerConfigKeys (ConfUtils.java:logGet(44)) - raft.server.log.queue.element-limit = 1024 (custom)
2021-04-28 01:09:36,315 [pool-108-thread-1] INFO  server.RaftServerConfigKeys (ConfUtils.java:logGet(44)) - raft.server.log.segment.size.max = 1048576 (custom)
2021-04-28 01:09:36,315 [pool-108-thread-1] INFO  server.RaftServerConfigKeys (ConfUtils.java:logGet(44)) - raft.server.log.preallocated.size = 16384 (custom)
2021-04-28 01:09:36,315 [pool-108-thread-1] INFO  server.RaftServerConfigKeys (ConfUtils.java:logGet(44)) - raft.server.log.force.sync.num = 128 (default)
2021-04-28 01:09:36,315 [pool-108-thread-1] INFO  server.RaftServerConfigKeys (ConfUtils.java:logGet(44)) - raft.server.log.statemachine.data.sync = true (default)
2021-04-28 01:09:36,315 [pool-108-thread-1] INFO  server.RaftServerConfigKeys (ConfUtils.java:logGet(44)) - raft.server.log.statemachine.data.sync.timeout = 10s (default)
2021-04-28 01:09:36,315 [pool-108-thread-1] INFO  server.RaftServerConfigKeys (ConfUtils.java:logGet(44)) - raft.server.log.statemachine.data.sync.timeout.retry = -1 (default)
2021-04-28 01:09:36,317 [pool-108-thread-1] INFO  server.RaftServerConfigKeys (ConfUtils.java:logGet(44)) - raft.server.log.write.buffer.size = 1048576 (custom)
2021-04-28 01:09:36,318 [pool-108-thread-1] INFO  server.RaftServerConfigKeys (ConfUtils.java:logGet(44)) - raft.server.log.statemachine.data.caching.enabled = true (custom)
2021-04-28 01:09:36,318 [pool-108-thread-1] INFO  segmented.SegmentedRaftLogWorker (SegmentedRaftLogWorker.java:lambda$new$0(133)) - c9444e84-7d1e-434a-8350-34c756d48665@group-01B766403D27-SegmentedRaftLogWorker: flushIndex: setUnconditionally 0 -> -1
2021-04-28 01:09:36,318 [pool-108-thread-1] INFO  segmented.SegmentedRaftLogWorker (SegmentedRaftLogWorker.java:lambda$new$0(133)) - c9444e84-7d1e-434a-8350-34c756d48665@group-01B766403D27-SegmentedRaftLogWorker: safeCacheEvictIndex: setUnconditionally 0 -> -1
2021-04-28 01:09:36,318 [pool-108-thread-1] INFO  server.RaftServerConfigKeys (ConfUtils.java:logGet(44)) - raft.server.snapshot.auto.trigger.enabled = true (custom)
2021-04-28 01:09:36,318 [pool-108-thread-1] INFO  server.RaftServerConfigKeys (ConfUtils.java:logGet(44)) - raft.server.snapshot.auto.trigger.threshold = 10000 (custom)
2021-04-28 01:09:36,318 [pool-108-thread-1] INFO  server.RaftServerConfigKeys (ConfUtils.java:logGet(44)) - raft.server.snapshot.retention.file.num = 5 (custom)
2021-04-28 01:09:36,318 [pool-108-thread-1] INFO  server.RaftServerConfigKeys (ConfUtils.java:logGet(44)) - raft.server.log.purge.upto.snapshot.index = false (default)
2021-04-28 01:09:36,319 [pool-108-thread-1] INFO  server.RaftServerConfigKeys (ConfUtils.java:logGet(44)) - raft.server.retrycache.expirytime = 600000ms (custom)
2021-04-28 01:09:36,319 [pool-108-thread-1] INFO  server.RaftServerConfigKeys (ConfUtils.java:logGet(44)) - raft.server.retrycache.statistics.expirytime = 100?s (default)
2021-04-28 01:09:36,319 [pool-108-thread-1] INFO  metrics.RatisMetrics (RatisMetrics.java:lambda$create$0(36)) - Creating Metrics Registry : ratis.leader_election.c9444e84-7d1e-434a-8350-34c756d48665@group-01B766403D27
2021-04-28 01:09:36,319 [pool-108-thread-1] INFO  metrics.RatisMetrics (RatisMetrics.java:lambda$create$0(36)) - Creating Metrics Registry : ratis.server.c9444e84-7d1e-434a-8350-34c756d48665@group-01B766403D27
2021-04-28 01:09:36,320 [pool-108-thread-1] INFO  server.RaftServer$Division (RaftServerImpl.java:start(295)) - c9444e84-7d1e-434a-8350-34c756d48665@group-01B766403D27: start as a follower, conf=-1: [3dc34c93-7aa4-4f5d-882a-22c345cc0d73|rpc:172.17.0.2:34555|dataStream:|priority:0, 0fca32f9-76ae-40c1-a223-13204f8d545a|rpc:172.17.0.2:34055|dataStream:|priority:0, c9444e84-7d1e-434a-8350-34c756d48665|rpc:172.17.0.2:40945|dataStream:|priority:1], old=null
2021-04-28 01:09:36,320 [pool-108-thread-1] INFO  server.RaftServer$Division (RaftServerImpl.java:setRole(284)) - c9444e84-7d1e-434a-8350-34c756d48665@group-01B766403D27: changes role from      null to FOLLOWER at term 0 for startAsFollower
2021-04-28 01:09:36,320 [pool-108-thread-1] INFO  impl.RoleInfo (RoleInfo.java:updateAndGet(130)) - c9444e84-7d1e-434a-8350-34c756d48665: start c9444e84-7d1e-434a-8350-34c756d48665@group-01B766403D27-FollowerState
2021-04-28 01:09:36,320 [pool-108-thread-1] INFO  util.JmxRegister (JmxRegister.java:tryRegister(44)) - Successfully registered JMX Bean with object name Ratis:service=RaftServer,group=group-01B766403D27,id=c9444e84-7d1e-434a-8350-34c756d48665
2021-04-28 01:09:36,320 [pool-108-thread-1] INFO  metrics.RatisMetrics (RatisMetrics.java:lambda$create$0(36)) - Creating Metrics Registry : ratis.state_machine.c9444e84-7d1e-434a-8350-34c756d48665@group-01B766403D27
2021-04-28 01:09:36,327 [Command processor thread] INFO  metrics.RatisMetrics (RatisMetrics.java:lambda$create$0(36)) - Creating Metrics Registry : ratis.client_message_metrics.client-FA1B19A927AF->0fca32f9-76ae-40c1-a223-13204f8d545a
2021-04-28 01:09:36,333 [grpc-default-executor-0] INFO  metrics.RatisMetrics (RatisMetrics.java:lambda$create$0(36)) - Creating Metrics Registry : ratis.server_message_metrics.0fca32f9-76ae-40c1-a223-13204f8d545a
2021-04-28 01:09:36,341 [grpc-default-executor-0] INFO  server.RaftServer (RaftServerProxy.java:addNew(95)) - 0fca32f9-76ae-40c1-a223-13204f8d545a: addNew group-01B766403D27:[3dc34c93-7aa4-4f5d-882a-22c345cc0d73|rpc:172.17.0.2:34555|dataStream:|priority:0, 0fca32f9-76ae-40c1-a223-13204f8d545a|rpc:172.17.0.2:34055|dataStream:|priority:0, c9444e84-7d1e-434a-8350-34c756d48665|rpc:172.17.0.2:40945|dataStream:|priority:1] returns group-01B766403D27:java.util.concurrent.CompletableFuture@314b1db8[Not completed]
2021-04-28 01:09:36,342 [pool-125-thread-1] INFO  server.RaftServer$Division (RaftServerImpl.java:<init>(180)) - 0fca32f9-76ae-40c1-a223-13204f8d545a: new RaftServerImpl for group-01B766403D27:[3dc34c93-7aa4-4f5d-882a-22c345cc0d73|rpc:172.17.0.2:34555|dataStream:|priority:0, 0fca32f9-76ae-40c1-a223-13204f8d545a|rpc:172.17.0.2:34055|dataStream:|priority:0, c9444e84-7d1e-434a-8350-34c756d48665|rpc:172.17.0.2:40945|dataStream:|priority:1] with ContainerStateMachine:uninitialized
2021-04-28 01:09:36,344 [pool-125-thread-1] INFO  server.RaftServerConfigKeys (ConfUtils.java:logGet(44)) - raft.server.rpc.timeout.min = 5s (custom)
2021-04-28 01:09:36,344 [pool-125-thread-1] INFO  server.RaftServerConfigKeys (ConfUtils.java:logGet(44)) - raft.server.rpc.timeout.max = 5200ms (custom)
2021-04-28 01:09:36,344 [pool-125-thread-1] INFO  server.RaftServerConfigKeys (ConfUtils.java:logGet(44)) - raft.server.rpc.sleep.time = 25ms (default)
2021-04-28 01:09:36,344 [pool-125-thread-1] INFO  server.RaftServerConfigKeys (ConfUtils.java:logGet(44)) - raft.server.rpc.slowness.timeout = 300000ms (custom)
2021-04-28 01:09:36,344 [pool-125-thread-1] INFO  server.RaftServerConfigKeys (ConfUtils.java:logGet(44)) - raft.server.leaderelection.leader.step-down.wait-time = 10s (default)
2021-04-28 01:09:36,344 [pool-125-thread-1] INFO  server.RaftServerConfigKeys (ConfUtils.java:logGet(44)) - raft.server.sleep.deviation.threshold = 300ms (default)
2021-04-28 01:09:36,344 [pool-125-thread-1] INFO  server.RaftServerConfigKeys (ConfUtils.java:logGet(44)) - raft.server.log.appender.install.snapshot.enabled = false (custom)
2021-04-28 01:09:36,344 [pool-125-thread-1] INFO  server.RaftServer$Division (ServerState.java:<init>(105)) - 0fca32f9-76ae-40c1-a223-13204f8d545a@group-01B766403D27: ConfigurationManager, init=-1: [3dc34c93-7aa4-4f5d-882a-22c345cc0d73|rpc:172.17.0.2:34555|dataStream:|priority:0, 0fca32f9-76ae-40c1-a223-13204f8d545a|rpc:172.17.0.2:34055|dataStream:|priority:0, c9444e84-7d1e-434a-8350-34c756d48665|rpc:172.17.0.2:40945|dataStream:|priority:1], old=null, confs=<EMPTY_MAP>
2021-04-28 01:09:36,344 [pool-125-thread-1] INFO  server.RaftServerConfigKeys (ConfUtils.java:logGet(44)) - raft.server.storage.dir = [/github/workspace/mnt/ozone/hadoop-ozone/integration-test/target/test-dir/MiniOzoneClusterImpl-d7076e4a-bb1a-46d0-b0f9-1975ab90d2da/datanode-5/data/ratis] (custom)
2021-04-28 01:09:36,344 [pool-125-thread-1] INFO  server.RaftServerConfigKeys (ConfUtils.java:logGet(44)) - raft.server.log.corruption.policy = EXCEPTION (default)
2021-04-28 01:09:36,345 [pool-125-thread-1] INFO  storage.RaftStorageDirectory (RaftStorageDirectoryImpl.java:analyzeStorage(132)) - The storage directory /github/workspace/mnt/ozone/hadoop-ozone/integration-test/target/test-dir/MiniOzoneClusterImpl-d7076e4a-bb1a-46d0-b0f9-1975ab90d2da/datanode-5/data/ratis/d1b4f0a7-ea19-4a99-90ab-01b766403d27 does not exist. Creating ...
2021-04-28 01:09:36,349 [pool-125-thread-1] INFO  storage.RaftStorageDirectory (RaftStorageDirectoryImpl.java:tryLock(215)) - Lock on /github/workspace/mnt/ozone/hadoop-ozone/integration-test/target/test-dir/MiniOzoneClusterImpl-d7076e4a-bb1a-46d0-b0f9-1975ab90d2da/datanode-5/data/ratis/d1b4f0a7-ea19-4a99-90ab-01b766403d27/in_use.lock acquired by nodename 10892@c8a4b84cbf99
2021-04-28 01:09:36,350 [pool-125-thread-1] INFO  storage.RaftStorage (RaftStorageImpl.java:format(87)) - Storage directory /github/workspace/mnt/ozone/hadoop-ozone/integration-test/target/test-dir/MiniOzoneClusterImpl-d7076e4a-bb1a-46d0-b0f9-1975ab90d2da/datanode-5/data/ratis/d1b4f0a7-ea19-4a99-90ab-01b766403d27 has been successfully formatted.
2021-04-28 01:09:36,351 [pool-125-thread-1] INFO  ratis.ContainerStateMachine (ContainerStateMachine.java:loadSnapshot(224)) - group-01B766403D27: The snapshot info is null. Setting the last applied indexto:(t:0, i:~)
2021-04-28 01:09:36,357 [pool-125-thread-1] INFO  server.RaftServerConfigKeys (ConfUtils.java:logGet(44)) - raft.server.notification.no-leader.timeout = 300000ms (custom)
2021-04-28 01:09:36,357 [pool-125-thread-1] INFO  server.RaftServerConfigKeys (ConfUtils.java:logGet(44)) - raft.server.log.use.memory = false (default)
2021-04-28 01:09:36,357 [pool-125-thread-1] INFO  server.RaftServerConfigKeys (ConfUtils.java:logGet(44)) - raft.server.log.purge.gap = 1000000 (custom)
2021-04-28 01:09:36,357 [pool-125-thread-1] INFO  server.RaftServerConfigKeys (ConfUtils.java:logGet(44)) - raft.server.log.appender.buffer.byte-limit = 33554432 (custom)
2021-04-28 01:09:36,358 [pool-125-thread-1] INFO  metrics.RatisMetrics (RatisMetrics.java:lambda$create$0(36)) - Creating Metrics Registry : ratis.log_worker.0fca32f9-76ae-40c1-a223-13204f8d545a@group-01B766403D27
2021-04-28 01:09:36,358 [pool-125-thread-1] INFO  server.RaftServerConfigKeys (ConfUtils.java:logGet(44)) - raft.server.log.segment.size.max = 1048576 (custom)
2021-04-28 01:09:36,358 [pool-125-thread-1] INFO  server.RaftServerConfigKeys (ConfUtils.java:logGet(44)) - raft.server.log.segment.cache.num.max = 2 (custom)
2021-04-28 01:09:36,358 [pool-125-thread-1] INFO  server.RaftServerConfigKeys (ConfUtils.java:logGet(44)) - raft.server.log.segment.cache.size.max = 200MB (=209715200) (default)
2021-04-28 01:09:36,358 [pool-125-thread-1] INFO  segmented.SegmentedRaftLogWorker (SegmentedRaftLogWorker.java:<init>(182)) - new 0fca32f9-76ae-40c1-a223-13204f8d545a@group-01B766403D27-SegmentedRaftLogWorker for RaftStorageImpl:Storage Directory /github/workspace/mnt/ozone/hadoop-ozone/integration-test/target/test-dir/MiniOzoneClusterImpl-d7076e4a-bb1a-46d0-b0f9-1975ab90d2da/datanode-5/data/ratis/d1b4f0a7-ea19-4a99-90ab-01b766403d27
2021-04-28 01:09:36,358 [pool-125-thread-1] INFO  server.RaftServerConfigKeys (ConfUtils.java:logGet(44)) - raft.server.log.queue.byte-limit = 2147483647 (custom)
2021-04-28 01:09:36,358 [pool-125-thread-1] INFO  server.RaftServerConfigKeys (ConfUtils.java:logGet(44)) - raft.server.log.queue.element-limit = 1024 (custom)
2021-04-28 01:09:36,358 [pool-125-thread-1] INFO  server.RaftServerConfigKeys (ConfUtils.java:logGet(44)) - raft.server.log.segment.size.max = 1048576 (custom)
2021-04-28 01:09:36,358 [pool-125-thread-1] INFO  server.RaftServerConfigKeys (ConfUtils.java:logGet(44)) - raft.server.log.preallocated.size = 16384 (custom)
2021-04-28 01:09:36,358 [pool-125-thread-1] INFO  server.RaftServerConfigKeys (ConfUtils.java:logGet(44)) - raft.server.log.force.sync.num = 128 (default)
2021-04-28 01:09:36,358 [pool-125-thread-1] INFO  server.RaftServerConfigKeys (ConfUtils.java:logGet(44)) - raft.server.log.statemachine.data.sync = true (default)
2021-04-28 01:09:36,359 [EventQueue-PipelineReportForOneReplicaPipelineSafeModeRule] INFO  safemode.SCMSafeModeManager (SCMSafeModeManager.java:validateSafeModeExitRules(201)) - AtleastOneDatanodeReportedRule rule is successfully validated
2021-04-28 01:09:36,359 [pool-125-thread-1] INFO  server.RaftServerConfigKeys (ConfUtils.java:logGet(44)) - raft.server.log.statemachine.data.sync.timeout = 10s (default)
2021-04-28 01:09:36,359 [pool-125-thread-1] INFO  server.RaftServerConfigKeys (ConfUtils.java:logGet(44)) - raft.server.log.statemachine.data.sync.timeout.retry = -1 (default)
2021-04-28 01:09:36,360 [pool-125-thread-1] INFO  server.RaftServerConfigKeys (ConfUtils.java:logGet(44)) - raft.server.log.write.buffer.size = 1048576 (custom)
2021-04-28 01:09:36,361 [pool-125-thread-1] INFO  server.RaftServerConfigKeys (ConfUtils.java:logGet(44)) - raft.server.log.statemachine.data.caching.enabled = true (custom)
2021-04-28 01:09:36,361 [pool-125-thread-1] INFO  segmented.SegmentedRaftLogWorker (SegmentedRaftLogWorker.java:lambda$new$0(133)) - 0fca32f9-76ae-40c1-a223-13204f8d545a@group-01B766403D27-SegmentedRaftLogWorker: flushIndex: setUnconditionally 0 -> -1
2021-04-28 01:09:36,361 [pool-125-thread-1] INFO  segmented.SegmentedRaftLogWorker (SegmentedRaftLogWorker.java:lambda$new$0(133)) - 0fca32f9-76ae-40c1-a223-13204f8d545a@group-01B766403D27-SegmentedRaftLogWorker: safeCacheEvictIndex: setUnconditionally 0 -> -1
2021-04-28 01:09:36,361 [pool-125-thread-1] INFO  server.RaftServerConfigKeys (ConfUtils.java:logGet(44)) - raft.server.snapshot.auto.trigger.enabled = true (custom)
2021-04-28 01:09:36,361 [pool-125-thread-1] INFO  server.RaftServerConfigKeys (ConfUtils.java:logGet(44)) - raft.server.snapshot.auto.trigger.threshold = 10000 (custom)
2021-04-28 01:09:36,361 [pool-125-thread-1] INFO  server.RaftServerConfigKeys (ConfUtils.java:logGet(44)) - raft.server.snapshot.retention.file.num = 5 (custom)
2021-04-28 01:09:36,361 [pool-125-thread-1] INFO  server.RaftServerConfigKeys (ConfUtils.java:logGet(44)) - raft.server.log.purge.upto.snapshot.index = false (default)
2021-04-28 01:09:36,361 [pool-125-thread-1] INFO  server.RaftServerConfigKeys (ConfUtils.java:logGet(44)) - raft.server.retrycache.expirytime = 600000ms (custom)
2021-04-28 01:09:36,362 [pool-125-thread-1] INFO  server.RaftServerConfigKeys (ConfUtils.java:logGet(44)) - raft.server.retrycache.statistics.expirytime = 100?s (default)
2021-04-28 01:09:36,362 [pool-125-thread-1] INFO  metrics.RatisMetrics (RatisMetrics.java:lambda$create$0(36)) - Creating Metrics Registry : ratis.leader_election.0fca32f9-76ae-40c1-a223-13204f8d545a@group-01B766403D27
2021-04-28 01:09:36,362 [pool-125-thread-1] INFO  metrics.RatisMetrics (RatisMetrics.java:lambda$create$0(36)) - Creating Metrics Registry : ratis.server.0fca32f9-76ae-40c1-a223-13204f8d545a@group-01B766403D27
2021-04-28 01:09:36,363 [pool-125-thread-1] INFO  server.RaftServer$Division (RaftServerImpl.java:start(295)) - 0fca32f9-76ae-40c1-a223-13204f8d545a@group-01B766403D27: start as a follower, conf=-1: [3dc34c93-7aa4-4f5d-882a-22c345cc0d73|rpc:172.17.0.2:34555|dataStream:|priority:0, 0fca32f9-76ae-40c1-a223-13204f8d545a|rpc:172.17.0.2:34055|dataStream:|priority:0, c9444e84-7d1e-434a-8350-34c756d48665|rpc:172.17.0.2:40945|dataStream:|priority:1], old=null
2021-04-28 01:09:36,363 [pool-125-thread-1] INFO  server.RaftServer$Division (RaftServerImpl.java:setRole(284)) - 0fca32f9-76ae-40c1-a223-13204f8d545a@group-01B766403D27: changes role from      null to FOLLOWER at term 0 for startAsFollower
2021-04-28 01:09:36,363 [pool-125-thread-1] INFO  impl.RoleInfo (RoleInfo.java:updateAndGet(130)) - 0fca32f9-76ae-40c1-a223-13204f8d545a: start 0fca32f9-76ae-40c1-a223-13204f8d545a@group-01B766403D27-FollowerState
2021-04-28 01:09:36,363 [pool-125-thread-1] INFO  util.JmxRegister (JmxRegister.java:tryRegister(44)) - Successfully registered JMX Bean with object name Ratis:service=RaftServer,group=group-01B766403D27,id=0fca32f9-76ae-40c1-a223-13204f8d545a
2021-04-28 01:09:36,363 [pool-125-thread-1] INFO  metrics.RatisMetrics (RatisMetrics.java:lambda$create$0(36)) - Creating Metrics Registry : ratis.state_machine.0fca32f9-76ae-40c1-a223-13204f8d545a@group-01B766403D27
2021-04-28 01:09:36,368 [Command processor thread] INFO  commandhandler.CreatePipelineCommandHandler (CreatePipelineCommandHandler.java:handle(106)) - Created Pipeline RATIS THREE PipelineID=d1b4f0a7-ea19-4a99-90ab-01b766403d27.
2021-04-28 01:09:36,369 [Command processor thread] INFO  server.RaftServer (RaftServerProxy.java:addNew(95)) - 3dc34c93-7aa4-4f5d-882a-22c345cc0d73: addNew group-F7136F15FB93:[0fca32f9-76ae-40c1-a223-13204f8d545a|rpc:172.17.0.2:34055|priority:1, 3dc34c93-7aa4-4f5d-882a-22c345cc0d73|rpc:172.17.0.2:34555|priority:0, c9444e84-7d1e-434a-8350-34c756d48665|rpc:172.17.0.2:40945|priority:0] returns group-F7136F15FB93:java.util.concurrent.CompletableFuture@1f53f1d4[Not completed]
2021-04-28 01:09:36,370 [pool-93-thread-1] INFO  server.RaftServer$Division (RaftServerImpl.java:<init>(180)) - 3dc34c93-7aa4-4f5d-882a-22c345cc0d73: new RaftServerImpl for group-F7136F15FB93:[0fca32f9-76ae-40c1-a223-13204f8d545a|rpc:172.17.0.2:34055|priority:1, 3dc34c93-7aa4-4f5d-882a-22c345cc0d73|rpc:172.17.0.2:34555|priority:0, c9444e84-7d1e-434a-8350-34c756d48665|rpc:172.17.0.2:40945|priority:0] with ContainerStateMachine:uninitialized
2021-04-28 01:09:36,370 [pool-93-thread-1] INFO  server.RaftServerConfigKeys (ConfUtils.java:logGet(44)) - raft.server.rpc.timeout.min = 5s (custom)
2021-04-28 01:09:36,370 [pool-93-thread-1] INFO  server.RaftServerConfigKeys (ConfUtils.java:logGet(44)) - raft.server.rpc.timeout.max = 5200ms (custom)
2021-04-28 01:09:36,370 [pool-93-thread-1] INFO  server.RaftServerConfigKeys (ConfUtils.java:logGet(44)) - raft.server.rpc.sleep.time = 25ms (default)
2021-04-28 01:09:36,370 [pool-93-thread-1] INFO  server.RaftServerConfigKeys (ConfUtils.java:logGet(44)) - raft.server.rpc.slowness.timeout = 300000ms (custom)
2021-04-28 01:09:36,370 [pool-93-thread-1] INFO  server.RaftServerConfigKeys (ConfUtils.java:logGet(44)) - raft.server.leaderelection.leader.step-down.wait-time = 10s (default)
2021-04-28 01:09:36,370 [pool-93-thread-1] INFO  server.RaftServerConfigKeys (ConfUtils.java:logGet(44)) - raft.server.sleep.deviation.threshold = 300ms (default)
2021-04-28 01:09:36,370 [pool-93-thread-1] INFO  server.RaftServerConfigKeys (ConfUtils.java:logGet(44)) - raft.server.log.appender.install.snapshot.enabled = false (custom)
2021-04-28 01:09:36,370 [pool-93-thread-1] INFO  server.RaftServer$Division (ServerState.java:<init>(105)) - 3dc34c93-7aa4-4f5d-882a-22c345cc0d73@group-F7136F15FB93: ConfigurationManager, init=-1: [0fca32f9-76ae-40c1-a223-13204f8d545a|rpc:172.17.0.2:34055|priority:1, 3dc34c93-7aa4-4f5d-882a-22c345cc0d73|rpc:172.17.0.2:34555|priority:0, c9444e84-7d1e-434a-8350-34c756d48665|rpc:172.17.0.2:40945|priority:0], old=null, confs=<EMPTY_MAP>
2021-04-28 01:09:36,370 [pool-93-thread-1] INFO  server.RaftServerConfigKeys (ConfUtils.java:logGet(44)) - raft.server.storage.dir = [/github/workspace/mnt/ozone/hadoop-ozone/integration-test/target/test-dir/MiniOzoneClusterImpl-d7076e4a-bb1a-46d0-b0f9-1975ab90d2da/datanode-3/data/ratis] (custom)
2021-04-28 01:09:36,370 [pool-93-thread-1] INFO  server.RaftServerConfigKeys (ConfUtils.java:logGet(44)) - raft.server.log.corruption.policy = EXCEPTION (default)
2021-04-28 01:09:36,370 [pool-93-thread-1] INFO  storage.RaftStorageDirectory (RaftStorageDirectoryImpl.java:analyzeStorage(132)) - The storage directory /github/workspace/mnt/ozone/hadoop-ozone/integration-test/target/test-dir/MiniOzoneClusterImpl-d7076e4a-bb1a-46d0-b0f9-1975ab90d2da/datanode-3/data/ratis/caff8bd0-7063-4efd-97e9-f7136f15fb93 does not exist. Creating ...
2021-04-28 01:09:36,371 [pool-93-thread-1] INFO  storage.RaftStorageDirectory (RaftStorageDirectoryImpl.java:tryLock(215)) - Lock on /github/workspace/mnt/ozone/hadoop-ozone/integration-test/target/test-dir/MiniOzoneClusterImpl-d7076e4a-bb1a-46d0-b0f9-1975ab90d2da/datanode-3/data/ratis/caff8bd0-7063-4efd-97e9-f7136f15fb93/in_use.lock acquired by nodename 10892@c8a4b84cbf99
2021-04-28 01:09:36,372 [pool-93-thread-1] INFO  storage.RaftStorage (RaftStorageImpl.java:format(87)) - Storage directory /github/workspace/mnt/ozone/hadoop-ozone/integration-test/target/test-dir/MiniOzoneClusterImpl-d7076e4a-bb1a-46d0-b0f9-1975ab90d2da/datanode-3/data/ratis/caff8bd0-7063-4efd-97e9-f7136f15fb93 has been successfully formatted.
2021-04-28 01:09:36,372 [pool-93-thread-1] INFO  ratis.ContainerStateMachine (ContainerStateMachine.java:loadSnapshot(224)) - group-F7136F15FB93: The snapshot info is null. Setting the last applied indexto:(t:0, i:~)
2021-04-28 01:09:36,373 [pool-93-thread-1] INFO  server.RaftServerConfigKeys (ConfUtils.java:logGet(44)) - raft.server.notification.no-leader.timeout = 300000ms (custom)
2021-04-28 01:09:36,373 [pool-93-thread-1] INFO  server.RaftServerConfigKeys (ConfUtils.java:logGet(44)) - raft.server.log.use.memory = false (default)
2021-04-28 01:09:36,373 [pool-93-thread-1] INFO  server.RaftServerConfigKeys (ConfUtils.java:logGet(44)) - raft.server.log.purge.gap = 1000000 (custom)
2021-04-28 01:09:36,373 [pool-93-thread-1] INFO  server.RaftServerConfigKeys (ConfUtils.java:logGet(44)) - raft.server.log.appender.buffer.byte-limit = 33554432 (custom)
2021-04-28 01:09:36,373 [pool-93-thread-1] INFO  metrics.RatisMetrics (RatisMetrics.java:lambda$create$0(36)) - Creating Metrics Registry : ratis.log_worker.3dc34c93-7aa4-4f5d-882a-22c345cc0d73@group-F7136F15FB93
2021-04-28 01:09:36,373 [pool-93-thread-1] INFO  server.RaftServerConfigKeys (ConfUtils.java:logGet(44)) - raft.server.log.segment.size.max = 1048576 (custom)
2021-04-28 01:09:36,376 [pool-93-thread-1] INFO  server.RaftServerConfigKeys (ConfUtils.java:logGet(44)) - raft.server.log.segment.cache.num.max = 2 (custom)
2021-04-28 01:09:36,376 [pool-93-thread-1] INFO  server.RaftServerConfigKeys (ConfUtils.java:logGet(44)) - raft.server.log.segment.cache.size.max = 200MB (=209715200) (default)
2021-04-28 01:09:36,377 [pool-93-thread-1] INFO  segmented.SegmentedRaftLogWorker (SegmentedRaftLogWorker.java:<init>(182)) - new 3dc34c93-7aa4-4f5d-882a-22c345cc0d73@group-F7136F15FB93-SegmentedRaftLogWorker for RaftStorageImpl:Storage Directory /github/workspace/mnt/ozone/hadoop-ozone/integration-test/target/test-dir/MiniOzoneClusterImpl-d7076e4a-bb1a-46d0-b0f9-1975ab90d2da/datanode-3/data/ratis/caff8bd0-7063-4efd-97e9-f7136f15fb93
2021-04-28 01:09:36,377 [pool-93-thread-1] INFO  server.RaftServerConfigKeys (ConfUtils.java:logGet(44)) - raft.server.log.queue.byte-limit = 2147483647 (custom)
2021-04-28 01:09:36,377 [pool-93-thread-1] INFO  server.RaftServerConfigKeys (ConfUtils.java:logGet(44)) - raft.server.log.queue.element-limit = 1024 (custom)
2021-04-28 01:09:36,377 [pool-93-thread-1] INFO  server.RaftServerConfigKeys (ConfUtils.java:logGet(44)) - raft.server.log.segment.size.max = 1048576 (custom)
2021-04-28 01:09:36,377 [pool-93-thread-1] INFO  server.RaftServerConfigKeys (ConfUtils.java:logGet(44)) - raft.server.log.preallocated.size = 16384 (custom)
2021-04-28 01:09:36,382 [EventQueue-PipelineReportForOneReplicaPipelineSafeModeRule] INFO  safemode.SCMSafeModeManager (SCMSafeModeManager.java:validateSafeModeExitRules(201)) - AtleastOneDatanodeReportedRule rule is successfully validated
2021-04-28 01:09:36,382 [EventQueue-OpenPipelineForHealthyPipelineSafeModeRule] INFO  safemode.SCMSafeModeManager (HealthyPipelineSafeModeRule.java:process(130)) - SCM in safe mode. Healthy pipelines reported count is 0, required healthy pipeline reported count is 1
2021-04-28 01:09:36,383 [pool-93-thread-1] INFO  server.RaftServerConfigKeys (ConfUtils.java:logGet(44)) - raft.server.log.force.sync.num = 128 (default)
2021-04-28 01:09:36,383 [pool-93-thread-1] INFO  server.RaftServerConfigKeys (ConfUtils.java:logGet(44)) - raft.server.log.statemachine.data.sync = true (default)
2021-04-28 01:09:36,383 [pool-93-thread-1] INFO  server.RaftServerConfigKeys (ConfUtils.java:logGet(44)) - raft.server.log.statemachine.data.sync.timeout = 10s (default)
2021-04-28 01:09:36,384 [pool-93-thread-1] INFO  server.RaftServerConfigKeys (ConfUtils.java:logGet(44)) - raft.server.log.statemachine.data.sync.timeout.retry = -1 (default)
2021-04-28 01:09:36,384 [pool-93-thread-1] INFO  server.RaftServerConfigKeys (ConfUtils.java:logGet(44)) - raft.server.log.write.buffer.size = 1048576 (custom)
2021-04-28 01:09:36,385 [pool-93-thread-1] INFO  server.RaftServerConfigKeys (ConfUtils.java:logGet(44)) - raft.server.log.statemachine.data.caching.enabled = true (custom)
2021-04-28 01:09:36,385 [pool-93-thread-1] INFO  segmented.SegmentedRaftLogWorker (SegmentedRaftLogWorker.java:lambda$new$0(133)) - 3dc34c93-7aa4-4f5d-882a-22c345cc0d73@group-F7136F15FB93-SegmentedRaftLogWorker: flushIndex: setUnconditionally 0 -> -1
2021-04-28 01:09:36,385 [pool-93-thread-1] INFO  segmented.SegmentedRaftLogWorker (SegmentedRaftLogWorker.java:lambda$new$0(133)) - 3dc34c93-7aa4-4f5d-882a-22c345cc0d73@group-F7136F15FB93-SegmentedRaftLogWorker: safeCacheEvictIndex: setUnconditionally 0 -> -1
2021-04-28 01:09:36,389 [pool-93-thread-1] INFO  server.RaftServerConfigKeys (ConfUtils.java:logGet(44)) - raft.server.snapshot.auto.trigger.enabled = true (custom)
2021-04-28 01:09:36,389 [pool-93-thread-1] INFO  server.RaftServerConfigKeys (ConfUtils.java:logGet(44)) - raft.server.snapshot.auto.trigger.threshold = 10000 (custom)
2021-04-28 01:09:36,389 [pool-93-thread-1] INFO  server.RaftServerConfigKeys (ConfUtils.java:logGet(44)) - raft.server.snapshot.retention.file.num = 5 (custom)
2021-04-28 01:09:36,389 [pool-93-thread-1] INFO  server.RaftServerConfigKeys (ConfUtils.java:logGet(44)) - raft.server.log.purge.upto.snapshot.index = false (default)
2021-04-28 01:09:36,389 [pool-93-thread-1] INFO  server.RaftServerConfigKeys (ConfUtils.java:logGet(44)) - raft.server.retrycache.expirytime = 600000ms (custom)
2021-04-28 01:09:36,390 [pool-93-thread-1] INFO  server.RaftServerConfigKeys (ConfUtils.java:logGet(44)) - raft.server.retrycache.statistics.expirytime = 100?s (default)
2021-04-28 01:09:36,390 [pool-93-thread-1] INFO  metrics.RatisMetrics (RatisMetrics.java:lambda$create$0(36)) - Creating Metrics Registry : ratis.leader_election.3dc34c93-7aa4-4f5d-882a-22c345cc0d73@group-F7136F15FB93
2021-04-28 01:09:36,390 [pool-93-thread-1] INFO  metrics.RatisMetrics (RatisMetrics.java:lambda$create$0(36)) - Creating Metrics Registry : ratis.server.3dc34c93-7aa4-4f5d-882a-22c345cc0d73@group-F7136F15FB93
2021-04-28 01:09:36,391 [pool-93-thread-1] INFO  server.RaftServer$Division (RaftServerImpl.java:start(295)) - 3dc34c93-7aa4-4f5d-882a-22c345cc0d73@group-F7136F15FB93: start as a follower, conf=-1: [0fca32f9-76ae-40c1-a223-13204f8d545a|rpc:172.17.0.2:34055|priority:1, 3dc34c93-7aa4-4f5d-882a-22c345cc0d73|rpc:172.17.0.2:34555|priority:0, c9444e84-7d1e-434a-8350-34c756d48665|rpc:172.17.0.2:40945|priority:0], old=null
2021-04-28 01:09:36,391 [pool-93-thread-1] INFO  server.RaftServer$Division (RaftServerImpl.java:setRole(284)) - 3dc34c93-7aa4-4f5d-882a-22c345cc0d73@group-F7136F15FB93: changes role from      null to FOLLOWER at term 0 for startAsFollower
2021-04-28 01:09:36,391 [pool-93-thread-1] INFO  impl.RoleInfo (RoleInfo.java:updateAndGet(130)) - 3dc34c93-7aa4-4f5d-882a-22c345cc0d73: start 3dc34c93-7aa4-4f5d-882a-22c345cc0d73@group-F7136F15FB93-FollowerState
2021-04-28 01:09:36,392 [pool-93-thread-1] INFO  util.JmxRegister (JmxRegister.java:tryRegister(44)) - Successfully registered JMX Bean with object name Ratis:service=RaftServer,group=group-F7136F15FB93,id=3dc34c93-7aa4-4f5d-882a-22c345cc0d73
2021-04-28 01:09:36,392 [pool-93-thread-1] INFO  metrics.RatisMetrics (RatisMetrics.java:lambda$create$0(36)) - Creating Metrics Registry : ratis.state_machine.3dc34c93-7aa4-4f5d-882a-22c345cc0d73@group-F7136F15FB93
2021-04-28 01:09:36,394 [Command processor thread] INFO  ratis.XceiverServerRatis (XceiverServerRatis.java:addGroup(808)) - Created group PipelineID=caff8bd0-7063-4efd-97e9-f7136f15fb93
2021-04-28 01:09:36,395 [Command processor thread] INFO  metrics.RatisMetrics (RatisMetrics.java:lambda$create$0(36)) - Creating Metrics Registry : ratis.client_message_metrics.client-FC86984444E5->0fca32f9-76ae-40c1-a223-13204f8d545a
2021-04-28 01:09:36,403 [grpc-default-executor-0] INFO  server.RaftServer (RaftServerProxy.java:addNew(95)) - 0fca32f9-76ae-40c1-a223-13204f8d545a: addNew group-F7136F15FB93:[0fca32f9-76ae-40c1-a223-13204f8d545a|rpc:172.17.0.2:34055|dataStream:|priority:1, 3dc34c93-7aa4-4f5d-882a-22c345cc0d73|rpc:172.17.0.2:34555|dataStream:|priority:0, c9444e84-7d1e-434a-8350-34c756d48665|rpc:172.17.0.2:40945|dataStream:|priority:0] returns group-F7136F15FB93:java.util.concurrent.CompletableFuture@64919bc4[Not completed]
2021-04-28 01:09:36,404 [pool-125-thread-1] INFO  server.RaftServer$Division (RaftServerImpl.java:<init>(180)) - 0fca32f9-76ae-40c1-a223-13204f8d545a: new RaftServerImpl for group-F7136F15FB93:[0fca32f9-76ae-40c1-a223-13204f8d545a|rpc:172.17.0.2:34055|dataStream:|priority:1, 3dc34c93-7aa4-4f5d-882a-22c345cc0d73|rpc:172.17.0.2:34555|dataStream:|priority:0, c9444e84-7d1e-434a-8350-34c756d48665|rpc:172.17.0.2:40945|dataStream:|priority:0] with ContainerStateMachine:uninitialized
2021-04-28 01:09:36,405 [pool-125-thread-1] INFO  server.RaftServerConfigKeys (ConfUtils.java:logGet(44)) - raft.server.rpc.timeout.min = 5s (custom)
2021-04-28 01:09:36,405 [pool-125-thread-1] INFO  server.RaftServerConfigKeys (ConfUtils.java:logGet(44)) - raft.server.rpc.timeout.max = 5200ms (custom)
2021-04-28 01:09:36,405 [pool-125-thread-1] INFO  server.RaftServerConfigKeys (ConfUtils.java:logGet(44)) - raft.server.rpc.sleep.time = 25ms (default)
2021-04-28 01:09:36,405 [pool-125-thread-1] INFO  server.RaftServerConfigKeys (ConfUtils.java:logGet(44)) - raft.server.rpc.slowness.timeout = 300000ms (custom)
2021-04-28 01:09:36,405 [pool-125-thread-1] INFO  server.RaftServerConfigKeys (ConfUtils.java:logGet(44)) - raft.server.leaderelection.leader.step-down.wait-time = 10s (default)
2021-04-28 01:09:36,405 [pool-125-thread-1] INFO  server.RaftServerConfigKeys (ConfUtils.java:logGet(44)) - raft.server.sleep.deviation.threshold = 300ms (default)
2021-04-28 01:09:36,405 [pool-125-thread-1] INFO  server.RaftServerConfigKeys (ConfUtils.java:logGet(44)) - raft.server.log.appender.install.snapshot.enabled = false (custom)
2021-04-28 01:09:36,405 [pool-125-thread-1] INFO  server.RaftServer$Division (ServerState.java:<init>(105)) - 0fca32f9-76ae-40c1-a223-13204f8d545a@group-F7136F15FB93: ConfigurationManager, init=-1: [0fca32f9-76ae-40c1-a223-13204f8d545a|rpc:172.17.0.2:34055|dataStream:|priority:1, 3dc34c93-7aa4-4f5d-882a-22c345cc0d73|rpc:172.17.0.2:34555|dataStream:|priority:0, c9444e84-7d1e-434a-8350-34c756d48665|rpc:172.17.0.2:40945|dataStream:|priority:0], old=null, confs=<EMPTY_MAP>
2021-04-28 01:09:36,405 [pool-125-thread-1] INFO  server.RaftServerConfigKeys (ConfUtils.java:logGet(44)) - raft.server.storage.dir = [/github/workspace/mnt/ozone/hadoop-ozone/integration-test/target/test-dir/MiniOzoneClusterImpl-d7076e4a-bb1a-46d0-b0f9-1975ab90d2da/datanode-5/data/ratis] (custom)
2021-04-28 01:09:36,405 [pool-125-thread-1] INFO  server.RaftServerConfigKeys (ConfUtils.java:logGet(44)) - raft.server.log.corruption.policy = EXCEPTION (default)
2021-04-28 01:09:36,405 [pool-125-thread-1] INFO  storage.RaftStorageDirectory (RaftStorageDirectoryImpl.java:analyzeStorage(132)) - The storage directory /github/workspace/mnt/ozone/hadoop-ozone/integration-test/target/test-dir/MiniOzoneClusterImpl-d7076e4a-bb1a-46d0-b0f9-1975ab90d2da/datanode-5/data/ratis/caff8bd0-7063-4efd-97e9-f7136f15fb93 does not exist. Creating ...
2021-04-28 01:09:36,406 [pool-125-thread-1] INFO  storage.RaftStorageDirectory (RaftStorageDirectoryImpl.java:tryLock(215)) - Lock on /github/workspace/mnt/ozone/hadoop-ozone/integration-test/target/test-dir/MiniOzoneClusterImpl-d7076e4a-bb1a-46d0-b0f9-1975ab90d2da/datanode-5/data/ratis/caff8bd0-7063-4efd-97e9-f7136f15fb93/in_use.lock acquired by nodename 10892@c8a4b84cbf99
2021-04-28 01:09:36,407 [pool-125-thread-1] INFO  storage.RaftStorage (RaftStorageImpl.java:format(87)) - Storage directory /github/workspace/mnt/ozone/hadoop-ozone/integration-test/target/test-dir/MiniOzoneClusterImpl-d7076e4a-bb1a-46d0-b0f9-1975ab90d2da/datanode-5/data/ratis/caff8bd0-7063-4efd-97e9-f7136f15fb93 has been successfully formatted.
2021-04-28 01:09:36,408 [pool-125-thread-1] INFO  ratis.ContainerStateMachine (ContainerStateMachine.java:loadSnapshot(224)) - group-F7136F15FB93: The snapshot info is null. Setting the last applied indexto:(t:0, i:~)
2021-04-28 01:09:36,408 [pool-125-thread-1] INFO  server.RaftServerConfigKeys (ConfUtils.java:logGet(44)) - raft.server.notification.no-leader.timeout = 300000ms (custom)
2021-04-28 01:09:36,408 [pool-125-thread-1] INFO  server.RaftServerConfigKeys (ConfUtils.java:logGet(44)) - raft.server.log.use.memory = false (default)
2021-04-28 01:09:36,408 [pool-125-thread-1] INFO  server.RaftServerConfigKeys (ConfUtils.java:logGet(44)) - raft.server.log.purge.gap = 1000000 (custom)
2021-04-28 01:09:36,408 [pool-125-thread-1] INFO  server.RaftServerConfigKeys (ConfUtils.java:logGet(44)) - raft.server.log.appender.buffer.byte-limit = 33554432 (custom)
2021-04-28 01:09:36,408 [pool-125-thread-1] INFO  metrics.RatisMetrics (RatisMetrics.java:lambda$create$0(36)) - Creating Metrics Registry : ratis.log_worker.0fca32f9-76ae-40c1-a223-13204f8d545a@group-F7136F15FB93
2021-04-28 01:09:36,409 [EventQueue-PipelineReportForOneReplicaPipelineSafeModeRule] INFO  safemode.SCMSafeModeManager (SCMSafeModeManager.java:validateSafeModeExitRules(201)) - AtleastOneDatanodeReportedRule rule is successfully validated
2021-04-28 01:09:36,410 [pool-125-thread-1] INFO  server.RaftServerConfigKeys (ConfUtils.java:logGet(44)) - raft.server.log.segment.size.max = 1048576 (custom)
2021-04-28 01:09:36,410 [pool-125-thread-1] INFO  server.RaftServerConfigKeys (ConfUtils.java:logGet(44)) - raft.server.log.segment.cache.num.max = 2 (custom)
2021-04-28 01:09:36,410 [pool-125-thread-1] INFO  server.RaftServerConfigKeys (ConfUtils.java:logGet(44)) - raft.server.log.segment.cache.size.max = 200MB (=209715200) (default)
2021-04-28 01:09:36,410 [pool-125-thread-1] INFO  segmented.SegmentedRaftLogWorker (SegmentedRaftLogWorker.java:<init>(182)) - new 0fca32f9-76ae-40c1-a223-13204f8d545a@group-F7136F15FB93-SegmentedRaftLogWorker for RaftStorageImpl:Storage Directory /github/workspace/mnt/ozone/hadoop-ozone/integration-test/target/test-dir/MiniOzoneClusterImpl-d7076e4a-bb1a-46d0-b0f9-1975ab90d2da/datanode-5/data/ratis/caff8bd0-7063-4efd-97e9-f7136f15fb93
2021-04-28 01:09:36,410 [pool-125-thread-1] INFO  server.RaftServerConfigKeys (ConfUtils.java:logGet(44)) - raft.server.log.queue.byte-limit = 2147483647 (custom)
2021-04-28 01:09:36,410 [pool-125-thread-1] INFO  server.RaftServerConfigKeys (ConfUtils.java:logGet(44)) - raft.server.log.queue.element-limit = 1024 (custom)
2021-04-28 01:09:36,410 [pool-125-thread-1] INFO  server.RaftServerConfigKeys (ConfUtils.java:logGet(44)) - raft.server.log.segment.size.max = 1048576 (custom)
2021-04-28 01:09:36,410 [pool-125-thread-1] INFO  server.RaftServerConfigKeys (ConfUtils.java:logGet(44)) - raft.server.log.preallocated.size = 16384 (custom)
2021-04-28 01:09:36,410 [pool-125-thread-1] INFO  server.RaftServerConfigKeys (ConfUtils.java:logGet(44)) - raft.server.log.force.sync.num = 128 (default)
2021-04-28 01:09:36,411 [pool-125-thread-1] INFO  server.RaftServerConfigKeys (ConfUtils.java:logGet(44)) - raft.server.log.statemachine.data.sync = true (default)
2021-04-28 01:09:36,411 [pool-125-thread-1] INFO  server.RaftServerConfigKeys (ConfUtils.java:logGet(44)) - raft.server.log.statemachine.data.sync.timeout = 10s (default)
2021-04-28 01:09:36,411 [pool-125-thread-1] INFO  server.RaftServerConfigKeys (ConfUtils.java:logGet(44)) - raft.server.log.statemachine.data.sync.timeout.retry = -1 (default)
2021-04-28 01:09:36,411 [pool-125-thread-1] INFO  server.RaftServerConfigKeys (ConfUtils.java:logGet(44)) - raft.server.log.write.buffer.size = 1048576 (custom)
2021-04-28 01:09:36,412 [pool-125-thread-1] INFO  server.RaftServerConfigKeys (ConfUtils.java:logGet(44)) - raft.server.log.statemachine.data.caching.enabled = true (custom)
2021-04-28 01:09:36,412 [pool-125-thread-1] INFO  segmented.SegmentedRaftLogWorker (SegmentedRaftLogWorker.java:lambda$new$0(133)) - 0fca32f9-76ae-40c1-a223-13204f8d545a@group-F7136F15FB93-SegmentedRaftLogWorker: flushIndex: setUnconditionally 0 -> -1
2021-04-28 01:09:36,412 [pool-125-thread-1] INFO  segmented.SegmentedRaftLogWorker (SegmentedRaftLogWorker.java:lambda$new$0(133)) - 0fca32f9-76ae-40c1-a223-13204f8d545a@group-F7136F15FB93-SegmentedRaftLogWorker: safeCacheEvictIndex: setUnconditionally 0 -> -1
2021-04-28 01:09:36,420 [pool-125-thread-1] INFO  server.RaftServerConfigKeys (ConfUtils.java:logGet(44)) - raft.server.snapshot.auto.trigger.enabled = true (custom)
2021-04-28 01:09:36,420 [pool-125-thread-1] INFO  server.RaftServerConfigKeys (ConfUtils.java:logGet(44)) - raft.server.snapshot.auto.trigger.threshold = 10000 (custom)
2021-04-28 01:09:36,420 [pool-125-thread-1] INFO  server.RaftServerConfigKeys (ConfUtils.java:logGet(44)) - raft.server.snapshot.retention.file.num = 5 (custom)
2021-04-28 01:09:36,420 [pool-125-thread-1] INFO  server.RaftServerConfigKeys (ConfUtils.java:logGet(44)) - raft.server.log.purge.upto.snapshot.index = false (default)
2021-04-28 01:09:36,421 [pool-125-thread-1] INFO  server.RaftServerConfigKeys (ConfUtils.java:logGet(44)) - raft.server.retrycache.expirytime = 600000ms (custom)
2021-04-28 01:09:36,421 [pool-125-thread-1] INFO  server.RaftServerConfigKeys (ConfUtils.java:logGet(44)) - raft.server.retrycache.statistics.expirytime = 100?s (default)
2021-04-28 01:09:36,421 [pool-125-thread-1] INFO  metrics.RatisMetrics (RatisMetrics.java:lambda$create$0(36)) - Creating Metrics Registry : ratis.leader_election.0fca32f9-76ae-40c1-a223-13204f8d545a@group-F7136F15FB93
2021-04-28 01:09:36,421 [pool-125-thread-1] INFO  metrics.RatisMetrics (RatisMetrics.java:lambda$create$0(36)) - Creating Metrics Registry : ratis.server.0fca32f9-76ae-40c1-a223-13204f8d545a@group-F7136F15FB93
2021-04-28 01:09:36,422 [pool-125-thread-1] INFO  server.RaftServer$Division (RaftServerImpl.java:start(295)) - 0fca32f9-76ae-40c1-a223-13204f8d545a@group-F7136F15FB93: start as a follower, conf=-1: [0fca32f9-76ae-40c1-a223-13204f8d545a|rpc:172.17.0.2:34055|dataStream:|priority:1, 3dc34c93-7aa4-4f5d-882a-22c345cc0d73|rpc:172.17.0.2:34555|dataStream:|priority:0, c9444e84-7d1e-434a-8350-34c756d48665|rpc:172.17.0.2:40945|dataStream:|priority:0], old=null
2021-04-28 01:09:36,422 [pool-125-thread-1] INFO  server.RaftServer$Division (RaftServerImpl.java:setRole(284)) - 0fca32f9-76ae-40c1-a223-13204f8d545a@group-F7136F15FB93: changes role from      null to FOLLOWER at term 0 for startAsFollower
2021-04-28 01:09:36,422 [pool-125-thread-1] INFO  impl.RoleInfo (RoleInfo.java:updateAndGet(130)) - 0fca32f9-76ae-40c1-a223-13204f8d545a: start 0fca32f9-76ae-40c1-a223-13204f8d545a@group-F7136F15FB93-FollowerState
2021-04-28 01:09:36,424 [pool-125-thread-1] INFO  util.JmxRegister (JmxRegister.java:tryRegister(44)) - Successfully registered JMX Bean with object name Ratis:service=RaftServer,group=group-F7136F15FB93,id=0fca32f9-76ae-40c1-a223-13204f8d545a
2021-04-28 01:09:36,424 [pool-125-thread-1] INFO  metrics.RatisMetrics (RatisMetrics.java:lambda$create$0(36)) - Creating Metrics Registry : ratis.state_machine.0fca32f9-76ae-40c1-a223-13204f8d545a@group-F7136F15FB93
2021-04-28 01:09:36,434 [Command processor thread] INFO  metrics.RatisMetrics (RatisMetrics.java:lambda$create$0(36)) - Creating Metrics Registry : ratis.client_message_metrics.client-EFC704005A1E->c9444e84-7d1e-434a-8350-34c756d48665
2021-04-28 01:09:36,439 [Command processor thread] INFO  server.RaftServer (RaftServerProxy.java:addNew(95)) - c9444e84-7d1e-434a-8350-34c756d48665: addNew group-4682BE63D858:[c9444e84-7d1e-434a-8350-34c756d48665|rpc:172.17.0.2:40945|priority:1] returns group-4682BE63D858:java.util.concurrent.CompletableFuture@43fd602a[Not completed]
2021-04-28 01:09:36,440 [pool-108-thread-1] INFO  server.RaftServer$Division (RaftServerImpl.java:<init>(180)) - c9444e84-7d1e-434a-8350-34c756d48665: new RaftServerImpl for group-4682BE63D858:[c9444e84-7d1e-434a-8350-34c756d48665|rpc:172.17.0.2:40945|priority:1] with ContainerStateMachine:uninitialized
2021-04-28 01:09:36,440 [pool-108-thread-1] INFO  server.RaftServerConfigKeys (ConfUtils.java:logGet(44)) - raft.server.rpc.timeout.min = 5s (custom)
2021-04-28 01:09:36,440 [pool-108-thread-1] INFO  server.RaftServerConfigKeys (ConfUtils.java:logGet(44)) - raft.server.rpc.timeout.max = 5200ms (custom)
2021-04-28 01:09:36,440 [pool-108-thread-1] INFO  server.RaftServerConfigKeys (ConfUtils.java:logGet(44)) - raft.server.rpc.sleep.time = 25ms (default)
2021-04-28 01:09:36,440 [pool-108-thread-1] INFO  server.RaftServerConfigKeys (ConfUtils.java:logGet(44)) - raft.server.rpc.slowness.timeout = 300000ms (custom)
2021-04-28 01:09:36,441 [pool-108-thread-1] INFO  server.RaftServerConfigKeys (ConfUtils.java:logGet(44)) - raft.server.leaderelection.leader.step-down.wait-time = 10s (default)
2021-04-28 01:09:36,441 [pool-108-thread-1] INFO  server.RaftServerConfigKeys (ConfUtils.java:logGet(44)) - raft.server.sleep.deviation.threshold = 300ms (default)
2021-04-28 01:09:36,441 [pool-108-thread-1] INFO  server.RaftServerConfigKeys (ConfUtils.java:logGet(44)) - raft.server.log.appender.install.snapshot.enabled = false (custom)
2021-04-28 01:09:36,441 [pool-108-thread-1] INFO  server.RaftServer$Division (ServerState.java:<init>(105)) - c9444e84-7d1e-434a-8350-34c756d48665@group-4682BE63D858: ConfigurationManager, init=-1: [c9444e84-7d1e-434a-8350-34c756d48665|rpc:172.17.0.2:40945|priority:1], old=null, confs=<EMPTY_MAP>
2021-04-28 01:09:36,441 [pool-108-thread-1] INFO  server.RaftServerConfigKeys (ConfUtils.java:logGet(44)) - raft.server.storage.dir = [/github/workspace/mnt/ozone/hadoop-ozone/integration-test/target/test-dir/MiniOzoneClusterImpl-d7076e4a-bb1a-46d0-b0f9-1975ab90d2da/datanode-4/data/ratis] (custom)
2021-04-28 01:09:36,441 [pool-108-thread-1] INFO  server.RaftServerConfigKeys (ConfUtils.java:logGet(44)) - raft.server.log.corruption.policy = EXCEPTION (default)
2021-04-28 01:09:36,441 [pool-108-thread-1] INFO  storage.RaftStorageDirectory (RaftStorageDirectoryImpl.java:analyzeStorage(132)) - The storage directory /github/workspace/mnt/ozone/hadoop-ozone/integration-test/target/test-dir/MiniOzoneClusterImpl-d7076e4a-bb1a-46d0-b0f9-1975ab90d2da/datanode-4/data/ratis/504354f1-d3e9-4154-8299-4682be63d858 does not exist. Creating ...
2021-04-28 01:09:36,442 [pool-108-thread-1] INFO  storage.RaftStorageDirectory (RaftStorageDirectoryImpl.java:tryLock(215)) - Lock on /github/workspace/mnt/ozone/hadoop-ozone/integration-test/target/test-dir/MiniOzoneClusterImpl-d7076e4a-bb1a-46d0-b0f9-1975ab90d2da/datanode-4/data/ratis/504354f1-d3e9-4154-8299-4682be63d858/in_use.lock acquired by nodename 10892@c8a4b84cbf99
2021-04-28 01:09:36,443 [grpc-default-executor-0] INFO  server.RaftServer (RaftServerProxy.java:addNew(95)) - c9444e84-7d1e-434a-8350-34c756d48665: addNew group-F7136F15FB93:[0fca32f9-76ae-40c1-a223-13204f8d545a|rpc:172.17.0.2:34055|dataStream:|priority:1, 3dc34c93-7aa4-4f5d-882a-22c345cc0d73|rpc:172.17.0.2:34555|dataStream:|priority:0, c9444e84-7d1e-434a-8350-34c756d48665|rpc:172.17.0.2:40945|dataStream:|priority:0] returns group-F7136F15FB93:java.util.concurrent.CompletableFuture@326d15bc[Not completed]
2021-04-28 01:09:36,445 [pool-108-thread-1] INFO  storage.RaftStorage (RaftStorageImpl.java:format(87)) - Storage directory /github/workspace/mnt/ozone/hadoop-ozone/integration-test/target/test-dir/MiniOzoneClusterImpl-d7076e4a-bb1a-46d0-b0f9-1975ab90d2da/datanode-4/data/ratis/504354f1-d3e9-4154-8299-4682be63d858 has been successfully formatted.
2021-04-28 01:09:36,446 [pool-108-thread-1] INFO  ratis.ContainerStateMachine (ContainerStateMachine.java:loadSnapshot(224)) - group-4682BE63D858: The snapshot info is null. Setting the last applied indexto:(t:0, i:~)
2021-04-28 01:09:36,446 [pool-108-thread-1] INFO  server.RaftServerConfigKeys (ConfUtils.java:logGet(44)) - raft.server.notification.no-leader.timeout = 300000ms (custom)
2021-04-28 01:09:36,447 [pool-108-thread-1] INFO  server.RaftServerConfigKeys (ConfUtils.java:logGet(44)) - raft.server.log.use.memory = false (default)
2021-04-28 01:09:36,447 [pool-108-thread-1] INFO  server.RaftServerConfigKeys (ConfUtils.java:logGet(44)) - raft.server.log.purge.gap = 1000000 (custom)
2021-04-28 01:09:36,447 [pool-108-thread-1] INFO  server.RaftServerConfigKeys (ConfUtils.java:logGet(44)) - raft.server.log.appender.buffer.byte-limit = 33554432 (custom)
2021-04-28 01:09:36,447 [pool-108-thread-1] INFO  metrics.RatisMetrics (RatisMetrics.java:lambda$create$0(36)) - Creating Metrics Registry : ratis.log_worker.c9444e84-7d1e-434a-8350-34c756d48665@group-4682BE63D858
2021-04-28 01:09:36,447 [pool-108-thread-1] INFO  server.RaftServerConfigKeys (ConfUtils.java:logGet(44)) - raft.server.log.segment.size.max = 1048576 (custom)
2021-04-28 01:09:36,447 [pool-108-thread-1] INFO  server.RaftServerConfigKeys (ConfUtils.java:logGet(44)) - raft.server.log.segment.cache.num.max = 2 (custom)
2021-04-28 01:09:36,447 [pool-108-thread-1] INFO  server.RaftServerConfigKeys (ConfUtils.java:logGet(44)) - raft.server.log.segment.cache.size.max = 200MB (=209715200) (default)
2021-04-28 01:09:36,447 [pool-108-thread-1] INFO  segmented.SegmentedRaftLogWorker (SegmentedRaftLogWorker.java:<init>(182)) - new c9444e84-7d1e-434a-8350-34c756d48665@group-4682BE63D858-SegmentedRaftLogWorker for RaftStorageImpl:Storage Directory /github/workspace/mnt/ozone/hadoop-ozone/integration-test/target/test-dir/MiniOzoneClusterImpl-d7076e4a-bb1a-46d0-b0f9-1975ab90d2da/datanode-4/data/ratis/504354f1-d3e9-4154-8299-4682be63d858
2021-04-28 01:09:36,447 [pool-108-thread-1] INFO  server.RaftServerConfigKeys (ConfUtils.java:logGet(44)) - raft.server.log.queue.byte-limit = 2147483647 (custom)
2021-04-28 01:09:36,447 [pool-108-thread-1] INFO  server.RaftServerConfigKeys (ConfUtils.java:logGet(44)) - raft.server.log.queue.element-limit = 1024 (custom)
2021-04-28 01:09:36,448 [pool-108-thread-1] INFO  server.RaftServerConfigKeys (ConfUtils.java:logGet(44)) - raft.server.log.segment.size.max = 1048576 (custom)
2021-04-28 01:09:36,448 [pool-108-thread-1] INFO  server.RaftServerConfigKeys (ConfUtils.java:logGet(44)) - raft.server.log.preallocated.size = 16384 (custom)
2021-04-28 01:09:36,448 [pool-108-thread-1] INFO  server.RaftServerConfigKeys (ConfUtils.java:logGet(44)) - raft.server.log.force.sync.num = 128 (default)
2021-04-28 01:09:36,448 [pool-108-thread-1] INFO  server.RaftServerConfigKeys (ConfUtils.java:logGet(44)) - raft.server.log.statemachine.data.sync = true (default)
2021-04-28 01:09:36,448 [pool-108-thread-1] INFO  server.RaftServerConfigKeys (ConfUtils.java:logGet(44)) - raft.server.log.statemachine.data.sync.timeout = 10s (default)
2021-04-28 01:09:36,448 [pool-108-thread-1] INFO  server.RaftServerConfigKeys (ConfUtils.java:logGet(44)) - raft.server.log.statemachine.data.sync.timeout.retry = -1 (default)
2021-04-28 01:09:36,448 [pool-108-thread-1] INFO  server.RaftServerConfigKeys (ConfUtils.java:logGet(44)) - raft.server.log.write.buffer.size = 1048576 (custom)
2021-04-28 01:09:36,449 [pool-108-thread-1] INFO  server.RaftServerConfigKeys (ConfUtils.java:logGet(44)) - raft.server.log.statemachine.data.caching.enabled = true (custom)
2021-04-28 01:09:36,459 [pool-108-thread-1] INFO  segmented.SegmentedRaftLogWorker (SegmentedRaftLogWorker.java:lambda$new$0(133)) - c9444e84-7d1e-434a-8350-34c756d48665@group-4682BE63D858-SegmentedRaftLogWorker: flushIndex: setUnconditionally 0 -> -1
2021-04-28 01:09:36,459 [pool-108-thread-1] INFO  segmented.SegmentedRaftLogWorker (SegmentedRaftLogWorker.java:lambda$new$0(133)) - c9444e84-7d1e-434a-8350-34c756d48665@group-4682BE63D858-SegmentedRaftLogWorker: safeCacheEvictIndex: setUnconditionally 0 -> -1
2021-04-28 01:09:36,460 [EventQueue-PipelineReportForOneReplicaPipelineSafeModeRule] INFO  safemode.SCMSafeModeManager (SCMSafeModeManager.java:validateSafeModeExitRules(201)) - AtleastOneDatanodeReportedRule rule is successfully validated
2021-04-28 01:09:36,460 [EventQueue-PipelineReportForPipelineReportHandler] INFO  pipeline.PipelineManagerV2Impl (PipelineManagerV2Impl.java:openPipeline(270)) - Pipeline Pipeline[ Id: 504354f1-d3e9-4154-8299-4682be63d858, Nodes: c9444e84-7d1e-434a-8350-34c756d48665{ip: 172.17.0.2, host: c8a4b84cbf99, ports: [REPLICATION=42367, RATIS=40945, RATIS_ADMIN=40945, RATIS_SERVER=40945, STANDALONE=34205], networkLocation: /default-rack, certSerialId: null, persistedOpState: IN_SERVICE, persistedOpStateExpiryEpochSec: 0}, ReplicationConfig: RATIS/ONE, State:ALLOCATED, leaderId:c9444e84-7d1e-434a-8350-34c756d48665, CreationTimestamp2021-04-28T01:09:33.442Z] moved to OPEN state
2021-04-28 01:09:36,461 [EventQueue-OpenPipelineForHealthyPipelineSafeModeRule] INFO  safemode.SCMSafeModeManager (HealthyPipelineSafeModeRule.java:process(130)) - SCM in safe mode. Healthy pipelines reported count is 0, required healthy pipeline reported count is 1
2021-04-28 01:09:36,461 [pool-108-thread-1] INFO  server.RaftServerConfigKeys (ConfUtils.java:logGet(44)) - raft.server.snapshot.auto.trigger.enabled = true (custom)
2021-04-28 01:09:36,466 [pool-108-thread-1] INFO  server.RaftServerConfigKeys (ConfUtils.java:logGet(44)) - raft.server.snapshot.auto.trigger.threshold = 10000 (custom)
2021-04-28 01:09:36,466 [pool-108-thread-1] INFO  server.RaftServerConfigKeys (ConfUtils.java:logGet(44)) - raft.server.snapshot.retention.file.num = 5 (custom)
2021-04-28 01:09:36,466 [pool-108-thread-1] INFO  server.RaftServerConfigKeys (ConfUtils.java:logGet(44)) - raft.server.log.purge.upto.snapshot.index = false (default)
2021-04-28 01:09:36,466 [pool-108-thread-1] INFO  server.RaftServerConfigKeys (ConfUtils.java:logGet(44)) - raft.server.retrycache.expirytime = 600000ms (custom)
2021-04-28 01:09:36,466 [pool-108-thread-1] INFO  server.RaftServerConfigKeys (ConfUtils.java:logGet(44)) - raft.server.retrycache.statistics.expirytime = 100?s (default)
2021-04-28 01:09:36,466 [pool-108-thread-1] INFO  metrics.RatisMetrics (RatisMetrics.java:lambda$create$0(36)) - Creating Metrics Registry : ratis.leader_election.c9444e84-7d1e-434a-8350-34c756d48665@group-4682BE63D858
2021-04-28 01:09:36,466 [pool-108-thread-1] INFO  metrics.RatisMetrics (RatisMetrics.java:lambda$create$0(36)) - Creating Metrics Registry : ratis.server.c9444e84-7d1e-434a-8350-34c756d48665@group-4682BE63D858
2021-04-28 01:09:36,468 [pool-108-thread-1] INFO  server.RaftServer$Division (RaftServerImpl.java:<init>(180)) - c9444e84-7d1e-434a-8350-34c756d48665: new RaftServerImpl for group-F7136F15FB93:[0fca32f9-76ae-40c1-a223-13204f8d545a|rpc:172.17.0.2:34055|dataStream:|priority:1, 3dc34c93-7aa4-4f5d-882a-22c345cc0d73|rpc:172.17.0.2:34555|dataStream:|priority:0, c9444e84-7d1e-434a-8350-34c756d48665|rpc:172.17.0.2:40945|dataStream:|priority:0] with ContainerStateMachine:uninitialized
2021-04-28 01:09:36,468 [pool-108-thread-1] INFO  server.RaftServerConfigKeys (ConfUtils.java:logGet(44)) - raft.server.rpc.timeout.min = 5s (custom)
2021-04-28 01:09:36,468 [pool-108-thread-1] INFO  server.RaftServerConfigKeys (ConfUtils.java:logGet(44)) - raft.server.rpc.timeout.max = 5200ms (custom)
2021-04-28 01:09:36,468 [pool-108-thread-1] INFO  server.RaftServerConfigKeys (ConfUtils.java:logGet(44)) - raft.server.rpc.sleep.time = 25ms (default)
2021-04-28 01:09:36,468 [pool-108-thread-1] INFO  server.RaftServerConfigKeys (ConfUtils.java:logGet(44)) - raft.server.rpc.slowness.timeout = 300000ms (custom)
2021-04-28 01:09:36,468 [pool-108-thread-1] INFO  server.RaftServerConfigKeys (ConfUtils.java:logGet(44)) - raft.server.leaderelection.leader.step-down.wait-time = 10s (default)
2021-04-28 01:09:36,468 [pool-108-thread-1] INFO  server.RaftServerConfigKeys (ConfUtils.java:logGet(44)) - raft.server.sleep.deviation.threshold = 300ms (default)
2021-04-28 01:09:36,468 [pool-108-thread-1] INFO  server.RaftServerConfigKeys (ConfUtils.java:logGet(44)) - raft.server.log.appender.install.snapshot.enabled = false (custom)
2021-04-28 01:09:36,468 [pool-108-thread-1] INFO  server.RaftServer$Division (ServerState.java:<init>(105)) - c9444e84-7d1e-434a-8350-34c756d48665@group-F7136F15FB93: ConfigurationManager, init=-1: [0fca32f9-76ae-40c1-a223-13204f8d545a|rpc:172.17.0.2:34055|dataStream:|priority:1, 3dc34c93-7aa4-4f5d-882a-22c345cc0d73|rpc:172.17.0.2:34555|dataStream:|priority:0, c9444e84-7d1e-434a-8350-34c756d48665|rpc:172.17.0.2:40945|dataStream:|priority:0], old=null, confs=<EMPTY_MAP>
2021-04-28 01:09:36,468 [pool-108-thread-1] INFO  server.RaftServerConfigKeys (ConfUtils.java:logGet(44)) - raft.server.storage.dir = [/github/workspace/mnt/ozone/hadoop-ozone/integration-test/target/test-dir/MiniOzoneClusterImpl-d7076e4a-bb1a-46d0-b0f9-1975ab90d2da/datanode-4/data/ratis] (custom)
2021-04-28 01:09:36,468 [pool-108-thread-1] INFO  server.RaftServerConfigKeys (ConfUtils.java:logGet(44)) - raft.server.log.corruption.policy = EXCEPTION (default)
2021-04-28 01:09:36,469 [pool-108-thread-1] INFO  storage.RaftStorageDirectory (RaftStorageDirectoryImpl.java:analyzeStorage(132)) - The storage directory /github/workspace/mnt/ozone/hadoop-ozone/integration-test/target/test-dir/MiniOzoneClusterImpl-d7076e4a-bb1a-46d0-b0f9-1975ab90d2da/datanode-4/data/ratis/caff8bd0-7063-4efd-97e9-f7136f15fb93 does not exist. Creating ...
2021-04-28 01:09:36,470 [pool-108-thread-1] INFO  storage.RaftStorageDirectory (RaftStorageDirectoryImpl.java:tryLock(215)) - Lock on /github/workspace/mnt/ozone/hadoop-ozone/integration-test/target/test-dir/MiniOzoneClusterImpl-d7076e4a-bb1a-46d0-b0f9-1975ab90d2da/datanode-4/data/ratis/caff8bd0-7063-4efd-97e9-f7136f15fb93/in_use.lock acquired by nodename 10892@c8a4b84cbf99
2021-04-28 01:09:36,471 [pool-108-thread-1] INFO  storage.RaftStorage (RaftStorageImpl.java:format(87)) - Storage directory /github/workspace/mnt/ozone/hadoop-ozone/integration-test/target/test-dir/MiniOzoneClusterImpl-d7076e4a-bb1a-46d0-b0f9-1975ab90d2da/datanode-4/data/ratis/caff8bd0-7063-4efd-97e9-f7136f15fb93 has been successfully formatted.
2021-04-28 01:09:36,471 [pool-108-thread-1] INFO  ratis.ContainerStateMachine (ContainerStateMachine.java:loadSnapshot(224)) - group-F7136F15FB93: The snapshot info is null. Setting the last applied indexto:(t:0, i:~)
2021-04-28 01:09:36,472 [pool-108-thread-1] INFO  server.RaftServerConfigKeys (ConfUtils.java:logGet(44)) - raft.server.notification.no-leader.timeout = 300000ms (custom)
2021-04-28 01:09:36,472 [pool-108-thread-1] INFO  server.RaftServerConfigKeys (ConfUtils.java:logGet(44)) - raft.server.log.use.memory = false (default)
2021-04-28 01:09:36,472 [pool-108-thread-1] INFO  server.RaftServerConfigKeys (ConfUtils.java:logGet(44)) - raft.server.log.purge.gap = 1000000 (custom)
2021-04-28 01:09:36,472 [pool-108-thread-1] INFO  server.RaftServerConfigKeys (ConfUtils.java:logGet(44)) - raft.server.log.appender.buffer.byte-limit = 33554432 (custom)
2021-04-28 01:09:36,472 [pool-108-thread-1] INFO  metrics.RatisMetrics (RatisMetrics.java:lambda$create$0(36)) - Creating Metrics Registry : ratis.log_worker.c9444e84-7d1e-434a-8350-34c756d48665@group-F7136F15FB93
2021-04-28 01:09:36,473 [EventQueue-PipelineReportForOneReplicaPipelineSafeModeRule] INFO  safemode.SCMSafeModeManager (SCMSafeModeManager.java:validateSafeModeExitRules(201)) - AtleastOneDatanodeReportedRule rule is successfully validated
2021-04-28 01:09:36,473 [EventQueue-OpenPipelineForHealthyPipelineSafeModeRule] INFO  safemode.SCMSafeModeManager (HealthyPipelineSafeModeRule.java:process(130)) - SCM in safe mode. Healthy pipelines reported count is 0, required healthy pipeline reported count is 1
2021-04-28 01:09:36,473 [pool-108-thread-1] INFO  server.RaftServerConfigKeys (ConfUtils.java:logGet(44)) - raft.server.log.segment.size.max = 1048576 (custom)
2021-04-28 01:09:36,473 [pool-108-thread-1] INFO  server.RaftServerConfigKeys (ConfUtils.java:logGet(44)) - raft.server.log.segment.cache.num.max = 2 (custom)
2021-04-28 01:09:36,474 [pool-108-thread-1] INFO  server.RaftServerConfigKeys (ConfUtils.java:logGet(44)) - raft.server.log.segment.cache.size.max = 200MB (=209715200) (default)
2021-04-28 01:09:36,474 [pool-108-thread-1] INFO  segmented.SegmentedRaftLogWorker (SegmentedRaftLogWorker.java:<init>(182)) - new c9444e84-7d1e-434a-8350-34c756d48665@group-F7136F15FB93-SegmentedRaftLogWorker for RaftStorageImpl:Storage Directory /github/workspace/mnt/ozone/hadoop-ozone/integration-test/target/test-dir/MiniOzoneClusterImpl-d7076e4a-bb1a-46d0-b0f9-1975ab90d2da/datanode-4/data/ratis/caff8bd0-7063-4efd-97e9-f7136f15fb93
2021-04-28 01:09:36,474 [pool-108-thread-1] INFO  server.RaftServerConfigKeys (ConfUtils.java:logGet(44)) - raft.server.log.queue.byte-limit = 2147483647 (custom)
2021-04-28 01:09:36,474 [pool-108-thread-1] INFO  server.RaftServerConfigKeys (ConfUtils.java:logGet(44)) - raft.server.log.queue.element-limit = 1024 (custom)
2021-04-28 01:09:36,474 [pool-108-thread-1] INFO  server.RaftServerConfigKeys (ConfUtils.java:logGet(44)) - raft.server.log.segment.size.max = 1048576 (custom)
2021-04-28 01:09:36,474 [pool-108-thread-1] INFO  server.RaftServerConfigKeys (ConfUtils.java:logGet(44)) - raft.server.log.preallocated.size = 16384 (custom)
2021-04-28 01:09:36,474 [pool-108-thread-1] INFO  server.RaftServerConfigKeys (ConfUtils.java:logGet(44)) - raft.server.log.force.sync.num = 128 (default)
2021-04-28 01:09:36,474 [pool-108-thread-1] INFO  server.RaftServerConfigKeys (ConfUtils.java:logGet(44)) - raft.server.log.statemachine.data.sync = true (default)
2021-04-28 01:09:36,474 [pool-108-thread-1] INFO  server.RaftServerConfigKeys (ConfUtils.java:logGet(44)) - raft.server.log.statemachine.data.sync.timeout = 10s (default)
2021-04-28 01:09:36,474 [pool-108-thread-1] INFO  server.RaftServerConfigKeys (ConfUtils.java:logGet(44)) - raft.server.log.statemachine.data.sync.timeout.retry = -1 (default)
2021-04-28 01:09:36,475 [pool-108-thread-1] INFO  server.RaftServerConfigKeys (ConfUtils.java:logGet(44)) - raft.server.log.write.buffer.size = 1048576 (custom)
2021-04-28 01:09:36,475 [pool-108-thread-1] INFO  server.RaftServerConfigKeys (ConfUtils.java:logGet(44)) - raft.server.log.statemachine.data.caching.enabled = true (custom)
2021-04-28 01:09:36,476 [pool-108-thread-1] INFO  segmented.SegmentedRaftLogWorker (SegmentedRaftLogWorker.java:lambda$new$0(133)) - c9444e84-7d1e-434a-8350-34c756d48665@group-F7136F15FB93-SegmentedRaftLogWorker: flushIndex: setUnconditionally 0 -> -1
2021-04-28 01:09:36,476 [pool-108-thread-1] INFO  segmented.SegmentedRaftLogWorker (SegmentedRaftLogWorker.java:lambda$new$0(133)) - c9444e84-7d1e-434a-8350-34c756d48665@group-F7136F15FB93-SegmentedRaftLogWorker: safeCacheEvictIndex: setUnconditionally 0 -> -1
2021-04-28 01:09:36,476 [pool-108-thread-1] INFO  server.RaftServerConfigKeys (ConfUtils.java:logGet(44)) - raft.server.snapshot.auto.trigger.enabled = true (custom)
2021-04-28 01:09:36,476 [pool-108-thread-1] INFO  server.RaftServerConfigKeys (ConfUtils.java:logGet(44)) - raft.server.snapshot.auto.trigger.threshold = 10000 (custom)
2021-04-28 01:09:36,476 [pool-108-thread-1] INFO  server.RaftServerConfigKeys (ConfUtils.java:logGet(44)) - raft.server.snapshot.retention.file.num = 5 (custom)
2021-04-28 01:09:36,476 [pool-108-thread-1] INFO  server.RaftServerConfigKeys (ConfUtils.java:logGet(44)) - raft.server.log.purge.upto.snapshot.index = false (default)
2021-04-28 01:09:36,476 [pool-108-thread-1] INFO  server.RaftServerConfigKeys (ConfUtils.java:logGet(44)) - raft.server.retrycache.expirytime = 600000ms (custom)
2021-04-28 01:09:36,476 [pool-108-thread-1] INFO  server.RaftServerConfigKeys (ConfUtils.java:logGet(44)) - raft.server.retrycache.statistics.expirytime = 100?s (default)
2021-04-28 01:09:36,476 [pool-108-thread-1] INFO  metrics.RatisMetrics (RatisMetrics.java:lambda$create$0(36)) - Creating Metrics Registry : ratis.leader_election.c9444e84-7d1e-434a-8350-34c756d48665@group-F7136F15FB93
2021-04-28 01:09:36,477 [pool-108-thread-1] INFO  metrics.RatisMetrics (RatisMetrics.java:lambda$create$0(36)) - Creating Metrics Registry : ratis.server.c9444e84-7d1e-434a-8350-34c756d48665@group-F7136F15FB93
2021-04-28 01:09:36,477 [pool-108-thread-1] INFO  server.RaftServer$Division (RaftServerImpl.java:start(295)) - c9444e84-7d1e-434a-8350-34c756d48665@group-4682BE63D858: start as a follower, conf=-1: [c9444e84-7d1e-434a-8350-34c756d48665|rpc:172.17.0.2:40945|priority:1], old=null
2021-04-28 01:09:36,477 [pool-108-thread-1] INFO  server.RaftServer$Division (RaftServerImpl.java:setRole(284)) - c9444e84-7d1e-434a-8350-34c756d48665@group-4682BE63D858: changes role from      null to FOLLOWER at term 0 for startAsFollower
2021-04-28 01:09:36,478 [pool-108-thread-1] INFO  impl.RoleInfo (RoleInfo.java:updateAndGet(130)) - c9444e84-7d1e-434a-8350-34c756d48665: start c9444e84-7d1e-434a-8350-34c756d48665@group-4682BE63D858-FollowerState
2021-04-28 01:09:36,478 [pool-108-thread-1] INFO  util.JmxRegister (JmxRegister.java:tryRegister(44)) - Successfully registered JMX Bean with object name Ratis:service=RaftServer,group=group-4682BE63D858,id=c9444e84-7d1e-434a-8350-34c756d48665
2021-04-28 01:09:36,478 [pool-108-thread-1] INFO  metrics.RatisMetrics (RatisMetrics.java:lambda$create$0(36)) - Creating Metrics Registry : ratis.state_machine.c9444e84-7d1e-434a-8350-34c756d48665@group-4682BE63D858
2021-04-28 01:09:36,479 [pool-108-thread-1] INFO  server.RaftServer$Division (RaftServerImpl.java:start(295)) - c9444e84-7d1e-434a-8350-34c756d48665@group-F7136F15FB93: start as a follower, conf=-1: [0fca32f9-76ae-40c1-a223-13204f8d545a|rpc:172.17.0.2:34055|dataStream:|priority:1, 3dc34c93-7aa4-4f5d-882a-22c345cc0d73|rpc:172.17.0.2:34555|dataStream:|priority:0, c9444e84-7d1e-434a-8350-34c756d48665|rpc:172.17.0.2:40945|dataStream:|priority:0], old=null
2021-04-28 01:09:36,479 [pool-108-thread-1] INFO  server.RaftServer$Division (RaftServerImpl.java:setRole(284)) - c9444e84-7d1e-434a-8350-34c756d48665@group-F7136F15FB93: changes role from      null to FOLLOWER at term 0 for startAsFollower
2021-04-28 01:09:36,479 [pool-108-thread-1] INFO  impl.RoleInfo (RoleInfo.java:updateAndGet(130)) - c9444e84-7d1e-434a-8350-34c756d48665: start c9444e84-7d1e-434a-8350-34c756d48665@group-F7136F15FB93-FollowerState
2021-04-28 01:09:36,479 [Command processor thread] INFO  ratis.XceiverServerRatis (XceiverServerRatis.java:addGroup(808)) - Created group PipelineID=504354f1-d3e9-4154-8299-4682be63d858
2021-04-28 01:09:36,479 [Command processor thread] INFO  commandhandler.CreatePipelineCommandHandler (CreatePipelineCommandHandler.java:handle(106)) - Created Pipeline RATIS ONE PipelineID=504354f1-d3e9-4154-8299-4682be63d858.
2021-04-28 01:09:36,479 [pool-108-thread-1] INFO  util.JmxRegister (JmxRegister.java:tryRegister(44)) - Successfully registered JMX Bean with object name Ratis:service=RaftServer,group=group-F7136F15FB93,id=c9444e84-7d1e-434a-8350-34c756d48665
2021-04-28 01:09:36,479 [pool-108-thread-1] INFO  metrics.RatisMetrics (RatisMetrics.java:lambda$create$0(36)) - Creating Metrics Registry : ratis.state_machine.c9444e84-7d1e-434a-8350-34c756d48665@group-F7136F15FB93
2021-04-28 01:09:36,487 [Command processor thread] INFO  commandhandler.CreatePipelineCommandHandler (CreatePipelineCommandHandler.java:handle(106)) - Created Pipeline RATIS THREE PipelineID=caff8bd0-7063-4efd-97e9-f7136f15fb93.
2021-04-28 01:09:36,645 [Command processor thread] INFO  server.RaftServer (RaftServerProxy.java:addNew(95)) - 0fca32f9-76ae-40c1-a223-13204f8d545a: addNew group-2EE4D9CA95E6:[0fca32f9-76ae-40c1-a223-13204f8d545a|rpc:172.17.0.2:34055|priority:1] returns group-2EE4D9CA95E6:java.util.concurrent.CompletableFuture@6440dc99[Not completed]
2021-04-28 01:09:36,646 [pool-125-thread-1] INFO  server.RaftServer$Division (RaftServerImpl.java:<init>(180)) - 0fca32f9-76ae-40c1-a223-13204f8d545a: new RaftServerImpl for group-2EE4D9CA95E6:[0fca32f9-76ae-40c1-a223-13204f8d545a|rpc:172.17.0.2:34055|priority:1] with ContainerStateMachine:uninitialized
2021-04-28 01:09:36,646 [pool-125-thread-1] INFO  server.RaftServerConfigKeys (ConfUtils.java:logGet(44)) - raft.server.rpc.timeout.min = 5s (custom)
2021-04-28 01:09:36,646 [pool-125-thread-1] INFO  server.RaftServerConfigKeys (ConfUtils.java:logGet(44)) - raft.server.rpc.timeout.max = 5200ms (custom)
2021-04-28 01:09:36,646 [pool-125-thread-1] INFO  server.RaftServerConfigKeys (ConfUtils.java:logGet(44)) - raft.server.rpc.sleep.time = 25ms (default)
2021-04-28 01:09:36,646 [pool-125-thread-1] INFO  server.RaftServerConfigKeys (ConfUtils.java:logGet(44)) - raft.server.rpc.slowness.timeout = 300000ms (custom)
2021-04-28 01:09:36,646 [pool-125-thread-1] INFO  server.RaftServerConfigKeys (ConfUtils.java:logGet(44)) - raft.server.leaderelection.leader.step-down.wait-time = 10s (default)
2021-04-28 01:09:36,646 [pool-125-thread-1] INFO  server.RaftServerConfigKeys (ConfUtils.java:logGet(44)) - raft.server.sleep.deviation.threshold = 300ms (default)
2021-04-28 01:09:36,646 [pool-125-thread-1] INFO  server.RaftServerConfigKeys (ConfUtils.java:logGet(44)) - raft.server.log.appender.install.snapshot.enabled = false (custom)
2021-04-28 01:09:36,646 [pool-125-thread-1] INFO  server.RaftServer$Division (ServerState.java:<init>(105)) - 0fca32f9-76ae-40c1-a223-13204f8d545a@group-2EE4D9CA95E6: ConfigurationManager, init=-1: [0fca32f9-76ae-40c1-a223-13204f8d545a|rpc:172.17.0.2:34055|priority:1], old=null, confs=<EMPTY_MAP>
2021-04-28 01:09:36,646 [pool-125-thread-1] INFO  server.RaftServerConfigKeys (ConfUtils.java:logGet(44)) - raft.server.storage.dir = [/github/workspace/mnt/ozone/hadoop-ozone/integration-test/target/test-dir/MiniOzoneClusterImpl-d7076e4a-bb1a-46d0-b0f9-1975ab90d2da/datanode-5/data/ratis] (custom)
2021-04-28 01:09:36,647 [pool-125-thread-1] INFO  server.RaftServerConfigKeys (ConfUtils.java:logGet(44)) - raft.server.log.corruption.policy = EXCEPTION (default)
2021-04-28 01:09:36,647 [pool-125-thread-1] INFO  storage.RaftStorageDirectory (RaftStorageDirectoryImpl.java:analyzeStorage(132)) - The storage directory /github/workspace/mnt/ozone/hadoop-ozone/integration-test/target/test-dir/MiniOzoneClusterImpl-d7076e4a-bb1a-46d0-b0f9-1975ab90d2da/datanode-5/data/ratis/6a0a0a70-9eb6-48ed-9954-2ee4d9ca95e6 does not exist. Creating ...
2021-04-28 01:09:36,671 [pool-125-thread-1] INFO  storage.RaftStorageDirectory (RaftStorageDirectoryImpl.java:tryLock(215)) - Lock on /github/workspace/mnt/ozone/hadoop-ozone/integration-test/target/test-dir/MiniOzoneClusterImpl-d7076e4a-bb1a-46d0-b0f9-1975ab90d2da/datanode-5/data/ratis/6a0a0a70-9eb6-48ed-9954-2ee4d9ca95e6/in_use.lock acquired by nodename 10892@c8a4b84cbf99
2021-04-28 01:09:36,672 [pool-125-thread-1] INFO  storage.RaftStorage (RaftStorageImpl.java:format(87)) - Storage directory /github/workspace/mnt/ozone/hadoop-ozone/integration-test/target/test-dir/MiniOzoneClusterImpl-d7076e4a-bb1a-46d0-b0f9-1975ab90d2da/datanode-5/data/ratis/6a0a0a70-9eb6-48ed-9954-2ee4d9ca95e6 has been successfully formatted.
2021-04-28 01:09:36,672 [pool-125-thread-1] INFO  ratis.ContainerStateMachine (ContainerStateMachine.java:loadSnapshot(224)) - group-2EE4D9CA95E6: The snapshot info is null. Setting the last applied indexto:(t:0, i:~)
2021-04-28 01:09:36,673 [pool-125-thread-1] INFO  server.RaftServerConfigKeys (ConfUtils.java:logGet(44)) - raft.server.notification.no-leader.timeout = 300000ms (custom)
2021-04-28 01:09:36,673 [pool-125-thread-1] INFO  server.RaftServerConfigKeys (ConfUtils.java:logGet(44)) - raft.server.log.use.memory = false (default)
2021-04-28 01:09:36,673 [pool-125-thread-1] INFO  server.RaftServerConfigKeys (ConfUtils.java:logGet(44)) - raft.server.log.purge.gap = 1000000 (custom)
2021-04-28 01:09:36,673 [pool-125-thread-1] INFO  server.RaftServerConfigKeys (ConfUtils.java:logGet(44)) - raft.server.log.appender.buffer.byte-limit = 33554432 (custom)
2021-04-28 01:09:36,673 [pool-125-thread-1] INFO  metrics.RatisMetrics (RatisMetrics.java:lambda$create$0(36)) - Creating Metrics Registry : ratis.log_worker.0fca32f9-76ae-40c1-a223-13204f8d545a@group-2EE4D9CA95E6
2021-04-28 01:09:36,673 [pool-125-thread-1] INFO  server.RaftServerConfigKeys (ConfUtils.java:logGet(44)) - raft.server.log.segment.size.max = 1048576 (custom)
2021-04-28 01:09:36,674 [pool-125-thread-1] INFO  server.RaftServerConfigKeys (ConfUtils.java:logGet(44)) - raft.server.log.segment.cache.num.max = 2 (custom)
2021-04-28 01:09:36,674 [pool-125-thread-1] INFO  server.RaftServerConfigKeys (ConfUtils.java:logGet(44)) - raft.server.log.segment.cache.size.max = 200MB (=209715200) (default)
2021-04-28 01:09:36,674 [pool-125-thread-1] INFO  segmented.SegmentedRaftLogWorker (SegmentedRaftLogWorker.java:<init>(182)) - new 0fca32f9-76ae-40c1-a223-13204f8d545a@group-2EE4D9CA95E6-SegmentedRaftLogWorker for RaftStorageImpl:Storage Directory /github/workspace/mnt/ozone/hadoop-ozone/integration-test/target/test-dir/MiniOzoneClusterImpl-d7076e4a-bb1a-46d0-b0f9-1975ab90d2da/datanode-5/data/ratis/6a0a0a70-9eb6-48ed-9954-2ee4d9ca95e6
2021-04-28 01:09:36,674 [pool-125-thread-1] INFO  server.RaftServerConfigKeys (ConfUtils.java:logGet(44)) - raft.server.log.queue.byte-limit = 2147483647 (custom)
2021-04-28 01:09:36,674 [pool-125-thread-1] INFO  server.RaftServerConfigKeys (ConfUtils.java:logGet(44)) - raft.server.log.queue.element-limit = 1024 (custom)
2021-04-28 01:09:36,674 [pool-125-thread-1] INFO  server.RaftServerConfigKeys (ConfUtils.java:logGet(44)) - raft.server.log.segment.size.max = 1048576 (custom)
2021-04-28 01:09:36,675 [pool-125-thread-1] INFO  server.RaftServerConfigKeys (ConfUtils.java:logGet(44)) - raft.server.log.preallocated.size = 16384 (custom)
2021-04-28 01:09:36,675 [pool-125-thread-1] INFO  server.RaftServerConfigKeys (ConfUtils.java:logGet(44)) - raft.server.log.force.sync.num = 128 (default)
2021-04-28 01:09:36,675 [pool-125-thread-1] INFO  server.RaftServerConfigKeys (ConfUtils.java:logGet(44)) - raft.server.log.statemachine.data.sync = true (default)
2021-04-28 01:09:36,675 [pool-125-thread-1] INFO  server.RaftServerConfigKeys (ConfUtils.java:logGet(44)) - raft.server.log.statemachine.data.sync.timeout = 10s (default)
2021-04-28 01:09:36,675 [pool-125-thread-1] INFO  server.RaftServerConfigKeys (ConfUtils.java:logGet(44)) - raft.server.log.statemachine.data.sync.timeout.retry = -1 (default)
2021-04-28 01:09:36,675 [EventQueue-PipelineReportForOneReplicaPipelineSafeModeRule] INFO  safemode.SCMSafeModeManager (SCMSafeModeManager.java:validateSafeModeExitRules(201)) - AtleastOneDatanodeReportedRule rule is successfully validated
2021-04-28 01:09:36,675 [EventQueue-PipelineReportForPipelineReportHandler] INFO  pipeline.PipelineManagerV2Impl (PipelineManagerV2Impl.java:openPipeline(270)) - Pipeline Pipeline[ Id: 6a0a0a70-9eb6-48ed-9954-2ee4d9ca95e6, Nodes: 0fca32f9-76ae-40c1-a223-13204f8d545a{ip: 172.17.0.2, host: c8a4b84cbf99, ports: [REPLICATION=43429, RATIS=34055, RATIS_ADMIN=34055, RATIS_SERVER=34055, STANDALONE=39971], networkLocation: /default-rack, certSerialId: null, persistedOpState: IN_SERVICE, persistedOpStateExpiryEpochSec: 0}, ReplicationConfig: RATIS/ONE, State:ALLOCATED, leaderId:0fca32f9-76ae-40c1-a223-13204f8d545a, CreationTimestamp2021-04-28T01:09:33.648Z] moved to OPEN state
2021-04-28 01:09:36,675 [pool-125-thread-1] INFO  server.RaftServerConfigKeys (ConfUtils.java:logGet(44)) - raft.server.log.write.buffer.size = 1048576 (custom)
2021-04-28 01:09:36,675 [EventQueue-OpenPipelineForHealthyPipelineSafeModeRule] INFO  safemode.SCMSafeModeManager (HealthyPipelineSafeModeRule.java:process(130)) - SCM in safe mode. Healthy pipelines reported count is 0, required healthy pipeline reported count is 1
2021-04-28 01:09:36,677 [pool-125-thread-1] INFO  server.RaftServerConfigKeys (ConfUtils.java:logGet(44)) - raft.server.log.statemachine.data.caching.enabled = true (custom)
2021-04-28 01:09:36,677 [pool-125-thread-1] INFO  segmented.SegmentedRaftLogWorker (SegmentedRaftLogWorker.java:lambda$new$0(133)) - 0fca32f9-76ae-40c1-a223-13204f8d545a@group-2EE4D9CA95E6-SegmentedRaftLogWorker: flushIndex: setUnconditionally 0 -> -1
2021-04-28 01:09:36,677 [pool-125-thread-1] INFO  segmented.SegmentedRaftLogWorker (SegmentedRaftLogWorker.java:lambda$new$0(133)) - 0fca32f9-76ae-40c1-a223-13204f8d545a@group-2EE4D9CA95E6-SegmentedRaftLogWorker: safeCacheEvictIndex: setUnconditionally 0 -> -1
2021-04-28 01:09:36,677 [pool-125-thread-1] INFO  server.RaftServerConfigKeys (ConfUtils.java:logGet(44)) - raft.server.snapshot.auto.trigger.enabled = true (custom)
2021-04-28 01:09:36,677 [pool-125-thread-1] INFO  server.RaftServerConfigKeys (ConfUtils.java:logGet(44)) - raft.server.snapshot.auto.trigger.threshold = 10000 (custom)
2021-04-28 01:09:36,677 [pool-125-thread-1] INFO  server.RaftServerConfigKeys (ConfUtils.java:logGet(44)) - raft.server.snapshot.retention.file.num = 5 (custom)
2021-04-28 01:09:36,677 [pool-125-thread-1] INFO  server.RaftServerConfigKeys (ConfUtils.java:logGet(44)) - raft.server.log.purge.upto.snapshot.index = false (default)
2021-04-28 01:09:36,677 [pool-125-thread-1] INFO  server.RaftServerConfigKeys (ConfUtils.java:logGet(44)) - raft.server.retrycache.expirytime = 600000ms (custom)
2021-04-28 01:09:36,677 [pool-125-thread-1] INFO  server.RaftServerConfigKeys (ConfUtils.java:logGet(44)) - raft.server.retrycache.statistics.expirytime = 100?s (default)
2021-04-28 01:09:36,678 [pool-125-thread-1] INFO  metrics.RatisMetrics (RatisMetrics.java:lambda$create$0(36)) - Creating Metrics Registry : ratis.leader_election.0fca32f9-76ae-40c1-a223-13204f8d545a@group-2EE4D9CA95E6
2021-04-28 01:09:36,678 [pool-125-thread-1] INFO  metrics.RatisMetrics (RatisMetrics.java:lambda$create$0(36)) - Creating Metrics Registry : ratis.server.0fca32f9-76ae-40c1-a223-13204f8d545a@group-2EE4D9CA95E6
2021-04-28 01:09:36,678 [pool-125-thread-1] INFO  server.RaftServer$Division (RaftServerImpl.java:start(295)) - 0fca32f9-76ae-40c1-a223-13204f8d545a@group-2EE4D9CA95E6: start as a follower, conf=-1: [0fca32f9-76ae-40c1-a223-13204f8d545a|rpc:172.17.0.2:34055|priority:1], old=null
2021-04-28 01:09:36,678 [pool-125-thread-1] INFO  server.RaftServer$Division (RaftServerImpl.java:setRole(284)) - 0fca32f9-76ae-40c1-a223-13204f8d545a@group-2EE4D9CA95E6: changes role from      null to FOLLOWER at term 0 for startAsFollower
2021-04-28 01:09:36,679 [pool-125-thread-1] INFO  impl.RoleInfo (RoleInfo.java:updateAndGet(130)) - 0fca32f9-76ae-40c1-a223-13204f8d545a: start 0fca32f9-76ae-40c1-a223-13204f8d545a@group-2EE4D9CA95E6-FollowerState
2021-04-28 01:09:36,679 [pool-125-thread-1] INFO  util.JmxRegister (JmxRegister.java:tryRegister(44)) - Successfully registered JMX Bean with object name Ratis:service=RaftServer,group=group-2EE4D9CA95E6,id=0fca32f9-76ae-40c1-a223-13204f8d545a
2021-04-28 01:09:36,679 [pool-125-thread-1] INFO  metrics.RatisMetrics (RatisMetrics.java:lambda$create$0(36)) - Creating Metrics Registry : ratis.state_machine.0fca32f9-76ae-40c1-a223-13204f8d545a@group-2EE4D9CA95E6
2021-04-28 01:09:36,680 [Command processor thread] INFO  ratis.XceiverServerRatis (XceiverServerRatis.java:addGroup(808)) - Created group PipelineID=6a0a0a70-9eb6-48ed-9954-2ee4d9ca95e6
2021-04-28 01:09:36,680 [Command processor thread] INFO  commandhandler.CreatePipelineCommandHandler (CreatePipelineCommandHandler.java:handle(106)) - Created Pipeline RATIS ONE PipelineID=6a0a0a70-9eb6-48ed-9954-2ee4d9ca95e6.
2021-04-28 01:09:36,878 [EventQueue-PipelineReportForOneReplicaPipelineSafeModeRule] INFO  safemode.SCMSafeModeManager (SCMSafeModeManager.java:validateSafeModeExitRules(201)) - AtleastOneDatanodeReportedRule rule is successfully validated
2021-04-28 01:09:36,878 [EventQueue-OpenPipelineForHealthyPipelineSafeModeRule] INFO  safemode.SCMSafeModeManager (HealthyPipelineSafeModeRule.java:process(130)) - SCM in safe mode. Healthy pipelines reported count is 0, required healthy pipeline reported count is 1
2021-04-28 01:09:36,908 [Listener at 127.0.0.1/36361] INFO  ozone.MiniOzoneClusterImpl (MiniOzoneClusterImpl.java:lambda$waitForClusterToBeReady$0(224)) - Nodes are ready. Got 7 of 7 DN Heartbeats.
2021-04-28 01:09:36,908 [Listener at 127.0.0.1/36361] INFO  ozone.MiniOzoneClusterImpl (MiniOzoneClusterImpl.java:lambda$waitForClusterToBeReady$0(227)) - Waiting for cluster to exit safe mode
2021-04-28 01:09:36,909 [Listener at 127.0.0.1/36361] INFO  ozone.MiniOzoneClusterImpl (MiniOzoneClusterImpl.java:lambda$waitForClusterToBeReady$0(230)) - SCM became leader
2021-04-28 01:09:36,911 [Command processor thread] INFO  server.RaftServer (RaftServerProxy.java:addNew(95)) - 516c2186-7081-446e-b4e0-00439124a839: addNew group-EB297B609B55:[516c2186-7081-446e-b4e0-00439124a839|rpc:172.17.0.2:39685|priority:1] returns group-EB297B609B55:java.util.concurrent.CompletableFuture@15cd8dc3[Not completed]
2021-04-28 01:09:36,913 [pool-141-thread-1] INFO  server.RaftServer$Division (RaftServerImpl.java:<init>(180)) - 516c2186-7081-446e-b4e0-00439124a839: new RaftServerImpl for group-EB297B609B55:[516c2186-7081-446e-b4e0-00439124a839|rpc:172.17.0.2:39685|priority:1] with ContainerStateMachine:uninitialized
2021-04-28 01:09:36,913 [pool-141-thread-1] INFO  server.RaftServerConfigKeys (ConfUtils.java:logGet(44)) - raft.server.rpc.timeout.min = 5s (custom)
2021-04-28 01:09:36,913 [pool-141-thread-1] INFO  server.RaftServerConfigKeys (ConfUtils.java:logGet(44)) - raft.server.rpc.timeout.max = 5200ms (custom)
2021-04-28 01:09:36,913 [pool-141-thread-1] INFO  server.RaftServerConfigKeys (ConfUtils.java:logGet(44)) - raft.server.rpc.sleep.time = 25ms (default)
2021-04-28 01:09:36,913 [pool-141-thread-1] INFO  server.RaftServerConfigKeys (ConfUtils.java:logGet(44)) - raft.server.rpc.slowness.timeout = 300000ms (custom)
2021-04-28 01:09:36,914 [pool-141-thread-1] INFO  server.RaftServerConfigKeys (ConfUtils.java:logGet(44)) - raft.server.leaderelection.leader.step-down.wait-time = 10s (default)
2021-04-28 01:09:36,914 [pool-141-thread-1] INFO  server.RaftServerConfigKeys (ConfUtils.java:logGet(44)) - raft.server.sleep.deviation.threshold = 300ms (default)
2021-04-28 01:09:36,914 [pool-141-thread-1] INFO  server.RaftServerConfigKeys (ConfUtils.java:logGet(44)) - raft.server.log.appender.install.snapshot.enabled = false (custom)
2021-04-28 01:09:36,914 [pool-141-thread-1] INFO  server.RaftServer$Division (ServerState.java:<init>(105)) - 516c2186-7081-446e-b4e0-00439124a839@group-EB297B609B55: ConfigurationManager, init=-1: [516c2186-7081-446e-b4e0-00439124a839|rpc:172.17.0.2:39685|priority:1], old=null, confs=<EMPTY_MAP>
2021-04-28 01:09:36,914 [pool-141-thread-1] INFO  server.RaftServerConfigKeys (ConfUtils.java:logGet(44)) - raft.server.storage.dir = [/github/workspace/mnt/ozone/hadoop-ozone/integration-test/target/test-dir/MiniOzoneClusterImpl-d7076e4a-bb1a-46d0-b0f9-1975ab90d2da/datanode-6/data/ratis] (custom)
2021-04-28 01:09:36,914 [pool-141-thread-1] INFO  server.RaftServerConfigKeys (ConfUtils.java:logGet(44)) - raft.server.log.corruption.policy = EXCEPTION (default)
2021-04-28 01:09:36,914 [pool-141-thread-1] INFO  storage.RaftStorageDirectory (RaftStorageDirectoryImpl.java:analyzeStorage(132)) - The storage directory /github/workspace/mnt/ozone/hadoop-ozone/integration-test/target/test-dir/MiniOzoneClusterImpl-d7076e4a-bb1a-46d0-b0f9-1975ab90d2da/datanode-6/data/ratis/67f5cbed-1d36-4b3d-82d0-eb297b609b55 does not exist. Creating ...
2021-04-28 01:09:36,915 [pool-141-thread-1] INFO  storage.RaftStorageDirectory (RaftStorageDirectoryImpl.java:tryLock(215)) - Lock on /github/workspace/mnt/ozone/hadoop-ozone/integration-test/target/test-dir/MiniOzoneClusterImpl-d7076e4a-bb1a-46d0-b0f9-1975ab90d2da/datanode-6/data/ratis/67f5cbed-1d36-4b3d-82d0-eb297b609b55/in_use.lock acquired by nodename 10892@c8a4b84cbf99
2021-04-28 01:09:36,917 [pool-141-thread-1] INFO  storage.RaftStorage (RaftStorageImpl.java:format(87)) - Storage directory /github/workspace/mnt/ozone/hadoop-ozone/integration-test/target/test-dir/MiniOzoneClusterImpl-d7076e4a-bb1a-46d0-b0f9-1975ab90d2da/datanode-6/data/ratis/67f5cbed-1d36-4b3d-82d0-eb297b609b55 has been successfully formatted.
2021-04-28 01:09:36,917 [pool-141-thread-1] INFO  ratis.ContainerStateMachine (ContainerStateMachine.java:loadSnapshot(224)) - group-EB297B609B55: The snapshot info is null. Setting the last applied indexto:(t:0, i:~)
2021-04-28 01:09:36,918 [pool-141-thread-1] INFO  server.RaftServerConfigKeys (ConfUtils.java:logGet(44)) - raft.server.notification.no-leader.timeout = 300000ms (custom)
2021-04-28 01:09:36,918 [pool-141-thread-1] INFO  server.RaftServerConfigKeys (ConfUtils.java:logGet(44)) - raft.server.log.use.memory = false (default)
2021-04-28 01:09:36,918 [pool-141-thread-1] INFO  server.RaftServerConfigKeys (ConfUtils.java:logGet(44)) - raft.server.log.purge.gap = 1000000 (custom)
2021-04-28 01:09:36,918 [pool-141-thread-1] INFO  server.RaftServerConfigKeys (ConfUtils.java:logGet(44)) - raft.server.log.appender.buffer.byte-limit = 33554432 (custom)
2021-04-28 01:09:36,918 [pool-141-thread-1] INFO  metrics.RatisMetrics (RatisMetrics.java:lambda$create$0(36)) - Creating Metrics Registry : ratis.log_worker.516c2186-7081-446e-b4e0-00439124a839@group-EB297B609B55
2021-04-28 01:09:36,918 [pool-141-thread-1] INFO  server.RaftServerConfigKeys (ConfUtils.java:logGet(44)) - raft.server.log.segment.size.max = 1048576 (custom)
2021-04-28 01:09:36,918 [EventQueue-PipelineReportForOneReplicaPipelineSafeModeRule] INFO  safemode.SCMSafeModeManager (SCMSafeModeManager.java:validateSafeModeExitRules(201)) - AtleastOneDatanodeReportedRule rule is successfully validated
2021-04-28 01:09:36,919 [pool-141-thread-1] INFO  server.RaftServerConfigKeys (ConfUtils.java:logGet(44)) - raft.server.log.segment.cache.num.max = 2 (custom)
2021-04-28 01:09:36,919 [EventQueue-PipelineReportForPipelineReportHandler] INFO  pipeline.PipelineManagerV2Impl (PipelineManagerV2Impl.java:openPipeline(270)) - Pipeline Pipeline[ Id: 67f5cbed-1d36-4b3d-82d0-eb297b609b55, Nodes: 516c2186-7081-446e-b4e0-00439124a839{ip: 172.17.0.2, host: c8a4b84cbf99, ports: [REPLICATION=38465, RATIS=39685, RATIS_ADMIN=39685, RATIS_SERVER=39685, STANDALONE=42529], networkLocation: /default-rack, certSerialId: null, persistedOpState: IN_SERVICE, persistedOpStateExpiryEpochSec: 0}, ReplicationConfig: RATIS/ONE, State:ALLOCATED, leaderId:516c2186-7081-446e-b4e0-00439124a839, CreationTimestamp2021-04-28T01:09:33.913Z] moved to OPEN state
2021-04-28 01:09:36,919 [pool-141-thread-1] INFO  server.RaftServerConfigKeys (ConfUtils.java:logGet(44)) - raft.server.log.segment.cache.size.max = 200MB (=209715200) (default)
2021-04-28 01:09:36,919 [pool-141-thread-1] INFO  segmented.SegmentedRaftLogWorker (SegmentedRaftLogWorker.java:<init>(182)) - new 516c2186-7081-446e-b4e0-00439124a839@group-EB297B609B55-SegmentedRaftLogWorker for RaftStorageImpl:Storage Directory /github/workspace/mnt/ozone/hadoop-ozone/integration-test/target/test-dir/MiniOzoneClusterImpl-d7076e4a-bb1a-46d0-b0f9-1975ab90d2da/datanode-6/data/ratis/67f5cbed-1d36-4b3d-82d0-eb297b609b55
2021-04-28 01:09:36,919 [pool-141-thread-1] INFO  server.RaftServerConfigKeys (ConfUtils.java:logGet(44)) - raft.server.log.queue.byte-limit = 2147483647 (custom)
2021-04-28 01:09:36,919 [pool-141-thread-1] INFO  server.RaftServerConfigKeys (ConfUtils.java:logGet(44)) - raft.server.log.queue.element-limit = 1024 (custom)
2021-04-28 01:09:36,919 [pool-141-thread-1] INFO  server.RaftServerConfigKeys (ConfUtils.java:logGet(44)) - raft.server.log.segment.size.max = 1048576 (custom)
2021-04-28 01:09:36,919 [pool-141-thread-1] INFO  server.RaftServerConfigKeys (ConfUtils.java:logGet(44)) - raft.server.log.preallocated.size = 16384 (custom)
2021-04-28 01:09:36,919 [pool-141-thread-1] INFO  server.RaftServerConfigKeys (ConfUtils.java:logGet(44)) - raft.server.log.force.sync.num = 128 (default)
2021-04-28 01:09:36,919 [pool-141-thread-1] INFO  server.RaftServerConfigKeys (ConfUtils.java:logGet(44)) - raft.server.log.statemachine.data.sync = true (default)
2021-04-28 01:09:36,919 [pool-141-thread-1] INFO  server.RaftServerConfigKeys (ConfUtils.java:logGet(44)) - raft.server.log.statemachine.data.sync.timeout = 10s (default)
2021-04-28 01:09:36,919 [pool-141-thread-1] INFO  server.RaftServerConfigKeys (ConfUtils.java:logGet(44)) - raft.server.log.statemachine.data.sync.timeout.retry = -1 (default)
2021-04-28 01:09:36,920 [pool-141-thread-1] INFO  server.RaftServerConfigKeys (ConfUtils.java:logGet(44)) - raft.server.log.write.buffer.size = 1048576 (custom)
2021-04-28 01:09:36,920 [pool-141-thread-1] INFO  server.RaftServerConfigKeys (ConfUtils.java:logGet(44)) - raft.server.log.statemachine.data.caching.enabled = true (custom)
2021-04-28 01:09:36,920 [pool-141-thread-1] INFO  segmented.SegmentedRaftLogWorker (SegmentedRaftLogWorker.java:lambda$new$0(133)) - 516c2186-7081-446e-b4e0-00439124a839@group-EB297B609B55-SegmentedRaftLogWorker: flushIndex: setUnconditionally 0 -> -1
2021-04-28 01:09:36,920 [pool-141-thread-1] INFO  segmented.SegmentedRaftLogWorker (SegmentedRaftLogWorker.java:lambda$new$0(133)) - 516c2186-7081-446e-b4e0-00439124a839@group-EB297B609B55-SegmentedRaftLogWorker: safeCacheEvictIndex: setUnconditionally 0 -> -1
2021-04-28 01:09:36,919 [EventQueue-OpenPipelineForHealthyPipelineSafeModeRule] INFO  safemode.SCMSafeModeManager (HealthyPipelineSafeModeRule.java:process(130)) - SCM in safe mode. Healthy pipelines reported count is 0, required healthy pipeline reported count is 1
2021-04-28 01:09:36,926 [pool-141-thread-1] INFO  server.RaftServerConfigKeys (ConfUtils.java:logGet(44)) - raft.server.snapshot.auto.trigger.enabled = true (custom)
2021-04-28 01:09:36,926 [pool-141-thread-1] INFO  server.RaftServerConfigKeys (ConfUtils.java:logGet(44)) - raft.server.snapshot.auto.trigger.threshold = 10000 (custom)
2021-04-28 01:09:36,926 [pool-141-thread-1] INFO  server.RaftServerConfigKeys (ConfUtils.java:logGet(44)) - raft.server.snapshot.retention.file.num = 5 (custom)
2021-04-28 01:09:36,926 [pool-141-thread-1] INFO  server.RaftServerConfigKeys (ConfUtils.java:logGet(44)) - raft.server.log.purge.upto.snapshot.index = false (default)
2021-04-28 01:09:36,926 [pool-141-thread-1] INFO  server.RaftServerConfigKeys (ConfUtils.java:logGet(44)) - raft.server.retrycache.expirytime = 600000ms (custom)
2021-04-28 01:09:36,926 [pool-141-thread-1] INFO  server.RaftServerConfigKeys (ConfUtils.java:logGet(44)) - raft.server.retrycache.statistics.expirytime = 100?s (default)
2021-04-28 01:09:36,927 [pool-141-thread-1] INFO  metrics.RatisMetrics (RatisMetrics.java:lambda$create$0(36)) - Creating Metrics Registry : ratis.leader_election.516c2186-7081-446e-b4e0-00439124a839@group-EB297B609B55
2021-04-28 01:09:36,927 [pool-141-thread-1] INFO  metrics.RatisMetrics (RatisMetrics.java:lambda$create$0(36)) - Creating Metrics Registry : ratis.server.516c2186-7081-446e-b4e0-00439124a839@group-EB297B609B55
2021-04-28 01:09:36,927 [pool-141-thread-1] INFO  server.RaftServer$Division (RaftServerImpl.java:start(295)) - 516c2186-7081-446e-b4e0-00439124a839@group-EB297B609B55: start as a follower, conf=-1: [516c2186-7081-446e-b4e0-00439124a839|rpc:172.17.0.2:39685|priority:1], old=null
2021-04-28 01:09:36,928 [pool-141-thread-1] INFO  server.RaftServer$Division (RaftServerImpl.java:setRole(284)) - 516c2186-7081-446e-b4e0-00439124a839@group-EB297B609B55: changes role from      null to FOLLOWER at term 0 for startAsFollower
2021-04-28 01:09:36,928 [pool-141-thread-1] INFO  impl.RoleInfo (RoleInfo.java:updateAndGet(130)) - 516c2186-7081-446e-b4e0-00439124a839: start 516c2186-7081-446e-b4e0-00439124a839@group-EB297B609B55-FollowerState
2021-04-28 01:09:36,928 [EventQueue-PipelineReportForOneReplicaPipelineSafeModeRule] INFO  safemode.SCMSafeModeManager (SCMSafeModeManager.java:validateSafeModeExitRules(201)) - AtleastOneDatanodeReportedRule rule is successfully validated
2021-04-28 01:09:36,928 [EventQueue-OpenPipelineForHealthyPipelineSafeModeRule] INFO  safemode.SCMSafeModeManager (HealthyPipelineSafeModeRule.java:process(130)) - SCM in safe mode. Healthy pipelines reported count is 0, required healthy pipeline reported count is 1
2021-04-28 01:09:36,930 [pool-141-thread-1] INFO  util.JmxRegister (JmxRegister.java:tryRegister(44)) - Successfully registered JMX Bean with object name Ratis:service=RaftServer,group=group-EB297B609B55,id=516c2186-7081-446e-b4e0-00439124a839
2021-04-28 01:09:36,931 [pool-141-thread-1] INFO  metrics.RatisMetrics (RatisMetrics.java:lambda$create$0(36)) - Creating Metrics Registry : ratis.state_machine.516c2186-7081-446e-b4e0-00439124a839@group-EB297B609B55
2021-04-28 01:09:36,934 [Command processor thread] INFO  ratis.XceiverServerRatis (XceiverServerRatis.java:addGroup(808)) - Created group PipelineID=67f5cbed-1d36-4b3d-82d0-eb297b609b55
2021-04-28 01:09:36,934 [Command processor thread] INFO  commandhandler.CreatePipelineCommandHandler (CreatePipelineCommandHandler.java:handle(106)) - Created Pipeline RATIS ONE PipelineID=67f5cbed-1d36-4b3d-82d0-eb297b609b55.
2021-04-28 01:09:37,041 [EventQueue-PipelineReportForOneReplicaPipelineSafeModeRule] INFO  safemode.SCMSafeModeManager (SCMSafeModeManager.java:validateSafeModeExitRules(201)) - AtleastOneDatanodeReportedRule rule is successfully validated
2021-04-28 01:09:37,041 [EventQueue-OpenPipelineForHealthyPipelineSafeModeRule] INFO  safemode.SCMSafeModeManager (HealthyPipelineSafeModeRule.java:process(130)) - SCM in safe mode. Healthy pipelines reported count is 0, required healthy pipeline reported count is 1
2021-04-28 01:09:37,374 [EventQueue-PipelineReportForOneReplicaPipelineSafeModeRule] INFO  safemode.SCMSafeModeManager (SCMSafeModeManager.java:validateSafeModeExitRules(201)) - AtleastOneDatanodeReportedRule rule is successfully validated
2021-04-28 01:09:37,374 [EventQueue-OpenPipelineForHealthyPipelineSafeModeRule] INFO  safemode.SCMSafeModeManager (HealthyPipelineSafeModeRule.java:process(130)) - SCM in safe mode. Healthy pipelines reported count is 0, required healthy pipeline reported count is 1
2021-04-28 01:09:37,473 [EventQueue-PipelineReportForOneReplicaPipelineSafeModeRule] INFO  safemode.SCMSafeModeManager (SCMSafeModeManager.java:validateSafeModeExitRules(201)) - AtleastOneDatanodeReportedRule rule is successfully validated
2021-04-28 01:09:37,474 [EventQueue-OpenPipelineForHealthyPipelineSafeModeRule] INFO  safemode.SCMSafeModeManager (HealthyPipelineSafeModeRule.java:process(130)) - SCM in safe mode. Healthy pipelines reported count is 0, required healthy pipeline reported count is 1
2021-04-28 01:09:37,674 [EventQueue-PipelineReportForOneReplicaPipelineSafeModeRule] INFO  safemode.SCMSafeModeManager (SCMSafeModeManager.java:validateSafeModeExitRules(201)) - AtleastOneDatanodeReportedRule rule is successfully validated
2021-04-28 01:09:37,675 [EventQueue-OpenPipelineForHealthyPipelineSafeModeRule] INFO  safemode.SCMSafeModeManager (HealthyPipelineSafeModeRule.java:process(130)) - SCM in safe mode. Healthy pipelines reported count is 0, required healthy pipeline reported count is 1
2021-04-28 01:09:37,879 [EventQueue-PipelineReportForOneReplicaPipelineSafeModeRule] INFO  safemode.SCMSafeModeManager (SCMSafeModeManager.java:validateSafeModeExitRules(201)) - AtleastOneDatanodeReportedRule rule is successfully validated
2021-04-28 01:09:37,879 [EventQueue-OpenPipelineForHealthyPipelineSafeModeRule] INFO  safemode.SCMSafeModeManager (HealthyPipelineSafeModeRule.java:process(130)) - SCM in safe mode. Healthy pipelines reported count is 0, required healthy pipeline reported count is 1
2021-04-28 01:09:37,909 [Listener at 127.0.0.1/36361] INFO  ozone.MiniOzoneClusterImpl (MiniOzoneClusterImpl.java:lambda$waitForClusterToBeReady$0(224)) - Nodes are ready. Got 7 of 7 DN Heartbeats.
2021-04-28 01:09:37,909 [Listener at 127.0.0.1/36361] INFO  ozone.MiniOzoneClusterImpl (MiniOzoneClusterImpl.java:lambda$waitForClusterToBeReady$0(227)) - Waiting for cluster to exit safe mode
2021-04-28 01:09:37,909 [Listener at 127.0.0.1/36361] INFO  ozone.MiniOzoneClusterImpl (MiniOzoneClusterImpl.java:lambda$waitForClusterToBeReady$0(230)) - SCM became leader
2021-04-28 01:09:37,918 [EventQueue-OpenPipelineForHealthyPipelineSafeModeRule] INFO  safemode.SCMSafeModeManager (HealthyPipelineSafeModeRule.java:process(130)) - SCM in safe mode. Healthy pipelines reported count is 0, required healthy pipeline reported count is 1
2021-04-28 01:09:37,918 [EventQueue-PipelineReportForOneReplicaPipelineSafeModeRule] INFO  safemode.SCMSafeModeManager (SCMSafeModeManager.java:validateSafeModeExitRules(201)) - AtleastOneDatanodeReportedRule rule is successfully validated
2021-04-28 01:09:37,927 [EventQueue-PipelineReportForOneReplicaPipelineSafeModeRule] INFO  safemode.SCMSafeModeManager (SCMSafeModeManager.java:validateSafeModeExitRules(201)) - AtleastOneDatanodeReportedRule rule is successfully validated
2021-04-28 01:09:37,928 [EventQueue-OpenPipelineForHealthyPipelineSafeModeRule] INFO  safemode.SCMSafeModeManager (HealthyPipelineSafeModeRule.java:process(130)) - SCM in safe mode. Healthy pipelines reported count is 0, required healthy pipeline reported count is 1
2021-04-28 01:09:38,041 [EventQueue-PipelineReportForOneReplicaPipelineSafeModeRule] INFO  safemode.SCMSafeModeManager (SCMSafeModeManager.java:validateSafeModeExitRules(201)) - AtleastOneDatanodeReportedRule rule is successfully validated
2021-04-28 01:09:38,042 [EventQueue-OpenPipelineForHealthyPipelineSafeModeRule] INFO  safemode.SCMSafeModeManager (HealthyPipelineSafeModeRule.java:process(130)) - SCM in safe mode. Healthy pipelines reported count is 0, required healthy pipeline reported count is 1
2021-04-28 01:09:38,374 [EventQueue-PipelineReportForOneReplicaPipelineSafeModeRule] INFO  safemode.SCMSafeModeManager (SCMSafeModeManager.java:validateSafeModeExitRules(201)) - AtleastOneDatanodeReportedRule rule is successfully validated
2021-04-28 01:09:38,374 [EventQueue-OpenPipelineForHealthyPipelineSafeModeRule] INFO  safemode.SCMSafeModeManager (HealthyPipelineSafeModeRule.java:process(130)) - SCM in safe mode. Healthy pipelines reported count is 0, required healthy pipeline reported count is 1
2021-04-28 01:09:38,473 [EventQueue-PipelineReportForOneReplicaPipelineSafeModeRule] INFO  safemode.SCMSafeModeManager (SCMSafeModeManager.java:validateSafeModeExitRules(201)) - AtleastOneDatanodeReportedRule rule is successfully validated
2021-04-28 01:09:38,473 [EventQueue-OpenPipelineForHealthyPipelineSafeModeRule] INFO  safemode.SCMSafeModeManager (HealthyPipelineSafeModeRule.java:process(130)) - SCM in safe mode. Healthy pipelines reported count is 0, required healthy pipeline reported count is 1
2021-04-28 01:09:38,674 [EventQueue-PipelineReportForOneReplicaPipelineSafeModeRule] INFO  safemode.SCMSafeModeManager (SCMSafeModeManager.java:validateSafeModeExitRules(201)) - AtleastOneDatanodeReportedRule rule is successfully validated
2021-04-28 01:09:38,675 [EventQueue-OpenPipelineForHealthyPipelineSafeModeRule] INFO  safemode.SCMSafeModeManager (HealthyPipelineSafeModeRule.java:process(130)) - SCM in safe mode. Healthy pipelines reported count is 0, required healthy pipeline reported count is 1
2021-04-28 01:09:38,878 [EventQueue-PipelineReportForOneReplicaPipelineSafeModeRule] INFO  safemode.SCMSafeModeManager (SCMSafeModeManager.java:validateSafeModeExitRules(201)) - AtleastOneDatanodeReportedRule rule is successfully validated
2021-04-28 01:09:38,879 [EventQueue-OpenPipelineForHealthyPipelineSafeModeRule] INFO  safemode.SCMSafeModeManager (HealthyPipelineSafeModeRule.java:process(130)) - SCM in safe mode. Healthy pipelines reported count is 0, required healthy pipeline reported count is 1
2021-04-28 01:09:38,909 [Listener at 127.0.0.1/36361] INFO  ozone.MiniOzoneClusterImpl (MiniOzoneClusterImpl.java:lambda$waitForClusterToBeReady$0(224)) - Nodes are ready. Got 7 of 7 DN Heartbeats.
2021-04-28 01:09:38,910 [Listener at 127.0.0.1/36361] INFO  ozone.MiniOzoneClusterImpl (MiniOzoneClusterImpl.java:lambda$waitForClusterToBeReady$0(227)) - Waiting for cluster to exit safe mode
2021-04-28 01:09:38,910 [Listener at 127.0.0.1/36361] INFO  ozone.MiniOzoneClusterImpl (MiniOzoneClusterImpl.java:lambda$waitForClusterToBeReady$0(230)) - SCM became leader
2021-04-28 01:09:38,918 [EventQueue-PipelineReportForOneReplicaPipelineSafeModeRule] INFO  safemode.SCMSafeModeManager (SCMSafeModeManager.java:validateSafeModeExitRules(201)) - AtleastOneDatanodeReportedRule rule is successfully validated
2021-04-28 01:09:38,918 [EventQueue-OpenPipelineForHealthyPipelineSafeModeRule] INFO  safemode.SCMSafeModeManager (HealthyPipelineSafeModeRule.java:process(130)) - SCM in safe mode. Healthy pipelines reported count is 0, required healthy pipeline reported count is 1
2021-04-28 01:09:38,928 [EventQueue-PipelineReportForOneReplicaPipelineSafeModeRule] INFO  safemode.SCMSafeModeManager (SCMSafeModeManager.java:validateSafeModeExitRules(201)) - AtleastOneDatanodeReportedRule rule is successfully validated
2021-04-28 01:09:38,928 [EventQueue-OpenPipelineForHealthyPipelineSafeModeRule] INFO  safemode.SCMSafeModeManager (HealthyPipelineSafeModeRule.java:process(130)) - SCM in safe mode. Healthy pipelines reported count is 0, required healthy pipeline reported count is 1
2021-04-28 01:09:39,042 [EventQueue-PipelineReportForOneReplicaPipelineSafeModeRule] INFO  safemode.SCMSafeModeManager (SCMSafeModeManager.java:validateSafeModeExitRules(201)) - AtleastOneDatanodeReportedRule rule is successfully validated
2021-04-28 01:09:39,042 [EventQueue-OpenPipelineForHealthyPipelineSafeModeRule] INFO  safemode.SCMSafeModeManager (HealthyPipelineSafeModeRule.java:process(130)) - SCM in safe mode. Healthy pipelines reported count is 0, required healthy pipeline reported count is 1
2021-04-28 01:09:39,374 [EventQueue-PipelineReportForOneReplicaPipelineSafeModeRule] INFO  safemode.SCMSafeModeManager (SCMSafeModeManager.java:validateSafeModeExitRules(201)) - AtleastOneDatanodeReportedRule rule is successfully validated
2021-04-28 01:09:39,374 [EventQueue-OpenPipelineForHealthyPipelineSafeModeRule] INFO  safemode.SCMSafeModeManager (HealthyPipelineSafeModeRule.java:process(130)) - SCM in safe mode. Healthy pipelines reported count is 0, required healthy pipeline reported count is 1
2021-04-28 01:09:39,473 [EventQueue-PipelineReportForOneReplicaPipelineSafeModeRule] INFO  safemode.SCMSafeModeManager (SCMSafeModeManager.java:validateSafeModeExitRules(201)) - AtleastOneDatanodeReportedRule rule is successfully validated
2021-04-28 01:09:39,473 [EventQueue-OpenPipelineForHealthyPipelineSafeModeRule] INFO  safemode.SCMSafeModeManager (HealthyPipelineSafeModeRule.java:process(130)) - SCM in safe mode. Healthy pipelines reported count is 0, required healthy pipeline reported count is 1
2021-04-28 01:09:39,674 [EventQueue-PipelineReportForOneReplicaPipelineSafeModeRule] INFO  safemode.SCMSafeModeManager (SCMSafeModeManager.java:validateSafeModeExitRules(201)) - AtleastOneDatanodeReportedRule rule is successfully validated
2021-04-28 01:09:39,675 [EventQueue-OpenPipelineForHealthyPipelineSafeModeRule] INFO  safemode.SCMSafeModeManager (HealthyPipelineSafeModeRule.java:process(130)) - SCM in safe mode. Healthy pipelines reported count is 0, required healthy pipeline reported count is 1
2021-04-28 01:09:39,879 [EventQueue-PipelineReportForOneReplicaPipelineSafeModeRule] INFO  safemode.SCMSafeModeManager (SCMSafeModeManager.java:validateSafeModeExitRules(201)) - AtleastOneDatanodeReportedRule rule is successfully validated
2021-04-28 01:09:39,879 [EventQueue-OpenPipelineForHealthyPipelineSafeModeRule] INFO  safemode.SCMSafeModeManager (HealthyPipelineSafeModeRule.java:process(130)) - SCM in safe mode. Healthy pipelines reported count is 0, required healthy pipeline reported count is 1
2021-04-28 01:09:39,910 [Listener at 127.0.0.1/36361] INFO  ozone.MiniOzoneClusterImpl (MiniOzoneClusterImpl.java:lambda$waitForClusterToBeReady$0(224)) - Nodes are ready. Got 7 of 7 DN Heartbeats.
2021-04-28 01:09:39,910 [Listener at 127.0.0.1/36361] INFO  ozone.MiniOzoneClusterImpl (MiniOzoneClusterImpl.java:lambda$waitForClusterToBeReady$0(227)) - Waiting for cluster to exit safe mode
2021-04-28 01:09:39,910 [Listener at 127.0.0.1/36361] INFO  ozone.MiniOzoneClusterImpl (MiniOzoneClusterImpl.java:lambda$waitForClusterToBeReady$0(230)) - SCM became leader
2021-04-28 01:09:39,918 [EventQueue-PipelineReportForOneReplicaPipelineSafeModeRule] INFO  safemode.SCMSafeModeManager (SCMSafeModeManager.java:validateSafeModeExitRules(201)) - AtleastOneDatanodeReportedRule rule is successfully validated
2021-04-28 01:09:39,918 [EventQueue-OpenPipelineForHealthyPipelineSafeModeRule] INFO  safemode.SCMSafeModeManager (HealthyPipelineSafeModeRule.java:process(130)) - SCM in safe mode. Healthy pipelines reported count is 0, required healthy pipeline reported count is 1
2021-04-28 01:09:39,928 [EventQueue-PipelineReportForOneReplicaPipelineSafeModeRule] INFO  safemode.SCMSafeModeManager (SCMSafeModeManager.java:validateSafeModeExitRules(201)) - AtleastOneDatanodeReportedRule rule is successfully validated
2021-04-28 01:09:39,929 [EventQueue-OpenPipelineForHealthyPipelineSafeModeRule] INFO  safemode.SCMSafeModeManager (HealthyPipelineSafeModeRule.java:process(130)) - SCM in safe mode. Healthy pipelines reported count is 0, required healthy pipeline reported count is 1
2021-04-28 01:09:40,041 [EventQueue-OpenPipelineForHealthyPipelineSafeModeRule] INFO  safemode.SCMSafeModeManager (HealthyPipelineSafeModeRule.java:process(130)) - SCM in safe mode. Healthy pipelines reported count is 0, required healthy pipeline reported count is 1
2021-04-28 01:09:40,041 [EventQueue-PipelineReportForOneReplicaPipelineSafeModeRule] INFO  safemode.SCMSafeModeManager (SCMSafeModeManager.java:validateSafeModeExitRules(201)) - AtleastOneDatanodeReportedRule rule is successfully validated
2021-04-28 01:09:40,374 [EventQueue-PipelineReportForOneReplicaPipelineSafeModeRule] INFO  safemode.SCMSafeModeManager (SCMSafeModeManager.java:validateSafeModeExitRules(201)) - AtleastOneDatanodeReportedRule rule is successfully validated
2021-04-28 01:09:40,374 [EventQueue-OpenPipelineForHealthyPipelineSafeModeRule] INFO  safemode.SCMSafeModeManager (HealthyPipelineSafeModeRule.java:process(130)) - SCM in safe mode. Healthy pipelines reported count is 0, required healthy pipeline reported count is 1
2021-04-28 01:09:40,473 [EventQueue-PipelineReportForOneReplicaPipelineSafeModeRule] INFO  safemode.SCMSafeModeManager (SCMSafeModeManager.java:validateSafeModeExitRules(201)) - AtleastOneDatanodeReportedRule rule is successfully validated
2021-04-28 01:09:40,473 [EventQueue-OpenPipelineForHealthyPipelineSafeModeRule] INFO  safemode.SCMSafeModeManager (HealthyPipelineSafeModeRule.java:process(130)) - SCM in safe mode. Healthy pipelines reported count is 0, required healthy pipeline reported count is 1
2021-04-28 01:09:40,502 [43d3847f-81c3-43e7-b86e-40be164eab80@group-A8230B39765F-FollowerState] INFO  impl.FollowerState (FollowerState.java:run(134)) - 43d3847f-81c3-43e7-b86e-40be164eab80@group-A8230B39765F-FollowerState: change to CANDIDATE, lastRpcElapsedTime:5082993084ns, electionTimeout:5081ms
2021-04-28 01:09:40,503 [43d3847f-81c3-43e7-b86e-40be164eab80@group-A8230B39765F-FollowerState] INFO  impl.RoleInfo (RoleInfo.java:shutdownFollowerState(108)) - 43d3847f-81c3-43e7-b86e-40be164eab80: shutdown 43d3847f-81c3-43e7-b86e-40be164eab80@group-A8230B39765F-FollowerState
2021-04-28 01:09:40,503 [43d3847f-81c3-43e7-b86e-40be164eab80@group-A8230B39765F-FollowerState] INFO  server.RaftServer$Division (RaftServerImpl.java:setRole(284)) - 43d3847f-81c3-43e7-b86e-40be164eab80@group-A8230B39765F: changes role from  FOLLOWER to CANDIDATE at term 0 for changeToCandidate
2021-04-28 01:09:40,503 [43d3847f-81c3-43e7-b86e-40be164eab80@group-A8230B39765F-FollowerState] INFO  server.RaftServerConfigKeys (ConfUtils.java:logGet(44)) - raft.server.leaderelection.pre-vote = false (custom)
2021-04-28 01:09:40,504 [43d3847f-81c3-43e7-b86e-40be164eab80@group-A8230B39765F-FollowerState] INFO  impl.RoleInfo (RoleInfo.java:updateAndGet(130)) - 43d3847f-81c3-43e7-b86e-40be164eab80: start 43d3847f-81c3-43e7-b86e-40be164eab80@group-A8230B39765F-LeaderElection2
2021-04-28 01:09:40,506 [43d3847f-81c3-43e7-b86e-40be164eab80@group-A8230B39765F-LeaderElection2] INFO  impl.LeaderElection (LeaderElection.java:askForVotes(306)) - 43d3847f-81c3-43e7-b86e-40be164eab80@group-A8230B39765F-LeaderElection2 ELECTION round 0: submit vote requests at term 1 for -1: [43d3847f-81c3-43e7-b86e-40be164eab80|rpc:172.17.0.2:36611|priority:0, f65384a4-a8a4-4787-a0e5-96e28e751202|rpc:172.17.0.2:43161|priority:1, 42fd2707-1841-40d3-b54b-6f39f935cc38|rpc:172.17.0.2:41223|priority:0], old=null
2021-04-28 01:09:40,535 [grpc-default-executor-0] INFO  server.RaftServer$Division (RaftServerImpl.java:requestVote(1042)) - f65384a4-a8a4-4787-a0e5-96e28e751202@group-A8230B39765F: receive requestVote(ELECTION, 43d3847f-81c3-43e7-b86e-40be164eab80, group-A8230B39765F, 1, (t:0, i:0))
2021-04-28 01:09:40,536 [grpc-default-executor-0] INFO  impl.VoteContext (VoteContext.java:log(48)) - f65384a4-a8a4-4787-a0e5-96e28e751202@group-A8230B39765F-FOLLOWER: reject ELECTION from 43d3847f-81c3-43e7-b86e-40be164eab80: our priority 1 > candidate's priority 0
2021-04-28 01:09:40,537 [grpc-default-executor-0] INFO  server.RaftServer$Division (RaftServerImpl.java:setRole(284)) - f65384a4-a8a4-4787-a0e5-96e28e751202@group-A8230B39765F: changes role from  FOLLOWER to FOLLOWER at term 1 for candidate:43d3847f-81c3-43e7-b86e-40be164eab80
2021-04-28 01:09:40,537 [grpc-default-executor-0] INFO  impl.RoleInfo (RoleInfo.java:shutdownFollowerState(108)) - f65384a4-a8a4-4787-a0e5-96e28e751202: shutdown f65384a4-a8a4-4787-a0e5-96e28e751202@group-A8230B39765F-FollowerState
2021-04-28 01:09:40,537 [grpc-default-executor-0] INFO  impl.RoleInfo (RoleInfo.java:updateAndGet(130)) - f65384a4-a8a4-4787-a0e5-96e28e751202: start f65384a4-a8a4-4787-a0e5-96e28e751202@group-A8230B39765F-FollowerState
2021-04-28 01:09:40,537 [f65384a4-a8a4-4787-a0e5-96e28e751202@group-A8230B39765F-FollowerState] INFO  impl.FollowerState (FollowerState.java:run(143)) - f65384a4-a8a4-4787-a0e5-96e28e751202@group-A8230B39765F-FollowerState was interrupted: {}
java.lang.InterruptedException: sleep interrupted
	at java.lang.Thread.sleep(Native Method)
	at java.lang.Thread.sleep(Thread.java:340)
	at java.util.concurrent.TimeUnit.sleep(TimeUnit.java:386)
	at org.apache.ratis.util.TimeDuration.sleep(TimeDuration.java:324)
	at org.apache.ratis.util.TimeDuration.sleep(TimeDuration.java:309)
	at org.apache.ratis.server.impl.FollowerState.run(FollowerState.java:118)
2021-04-28 01:09:40,549 [grpc-default-executor-0] INFO  server.RaftServer$Division (RaftServerImpl.java:requestVote(1074)) - f65384a4-a8a4-4787-a0e5-96e28e751202@group-A8230B39765F replies to ELECTION vote request: 43d3847f-81c3-43e7-b86e-40be164eab80<-f65384a4-a8a4-4787-a0e5-96e28e751202#0:FAIL-t1. Peer's state: f65384a4-a8a4-4787-a0e5-96e28e751202@group-A8230B39765F:t1, leader=null, voted=null, raftlog=f65384a4-a8a4-4787-a0e5-96e28e751202@group-A8230B39765F-SegmentedRaftLog:OPENED:c-1,f-1,i0, conf=-1: [43d3847f-81c3-43e7-b86e-40be164eab80|rpc:172.17.0.2:36611|dataStream:|priority:0, f65384a4-a8a4-4787-a0e5-96e28e751202|rpc:172.17.0.2:43161|dataStream:|priority:1, 42fd2707-1841-40d3-b54b-6f39f935cc38|rpc:172.17.0.2:41223|dataStream:|priority:0], old=null
2021-04-28 01:09:40,558 [43d3847f-81c3-43e7-b86e-40be164eab80@group-A8230B39765F-LeaderElection2] INFO  impl.LeaderElection (LeaderElection.java:logAndReturn(89)) - 43d3847f-81c3-43e7-b86e-40be164eab80@group-A8230B39765F-LeaderElection2: ELECTION REJECTED received 1 response(s) and 0 exception(s):
2021-04-28 01:09:40,558 [43d3847f-81c3-43e7-b86e-40be164eab80@group-A8230B39765F-LeaderElection2] INFO  impl.LeaderElection (LeaderElection.java:logAndReturn(93)) -   Response 0: 43d3847f-81c3-43e7-b86e-40be164eab80<-f65384a4-a8a4-4787-a0e5-96e28e751202#0:FAIL-t1
2021-04-28 01:09:40,558 [43d3847f-81c3-43e7-b86e-40be164eab80@group-A8230B39765F-LeaderElection2] INFO  impl.LeaderElection (LeaderElection.java:askForVotes(308)) - 43d3847f-81c3-43e7-b86e-40be164eab80@group-A8230B39765F-LeaderElection2 ELECTION round 0: result REJECTED
2021-04-28 01:09:40,558 [43d3847f-81c3-43e7-b86e-40be164eab80@group-A8230B39765F-LeaderElection2] INFO  server.RaftServer$Division (RaftServerImpl.java:setRole(284)) - 43d3847f-81c3-43e7-b86e-40be164eab80@group-A8230B39765F: changes role from CANDIDATE to FOLLOWER at term 1 for REJECTED
2021-04-28 01:09:40,558 [43d3847f-81c3-43e7-b86e-40be164eab80@group-A8230B39765F-LeaderElection2] INFO  impl.RoleInfo (RoleInfo.java:shutdownLeaderElection(121)) - 43d3847f-81c3-43e7-b86e-40be164eab80: shutdown 43d3847f-81c3-43e7-b86e-40be164eab80@group-A8230B39765F-LeaderElection2
2021-04-28 01:09:40,559 [43d3847f-81c3-43e7-b86e-40be164eab80@group-A8230B39765F-LeaderElection2] INFO  impl.RoleInfo (RoleInfo.java:updateAndGet(130)) - 43d3847f-81c3-43e7-b86e-40be164eab80: start 43d3847f-81c3-43e7-b86e-40be164eab80@group-A8230B39765F-FollowerState
2021-04-28 01:09:40,559 [grpc-default-executor-1] INFO  server.RaftServer$Division (RaftServerImpl.java:requestVote(1042)) - 42fd2707-1841-40d3-b54b-6f39f935cc38@group-A8230B39765F: receive requestVote(ELECTION, 43d3847f-81c3-43e7-b86e-40be164eab80, group-A8230B39765F, 1, (t:0, i:0))
2021-04-28 01:09:40,561 [grpc-default-executor-1] INFO  impl.VoteContext (VoteContext.java:log(48)) - 42fd2707-1841-40d3-b54b-6f39f935cc38@group-A8230B39765F-FOLLOWER: accept ELECTION from 43d3847f-81c3-43e7-b86e-40be164eab80: our priority 0 <= candidate's priority 0
2021-04-28 01:09:40,561 [grpc-default-executor-1] INFO  server.RaftServer$Division (RaftServerImpl.java:setRole(284)) - 42fd2707-1841-40d3-b54b-6f39f935cc38@group-A8230B39765F: changes role from  FOLLOWER to FOLLOWER at term 1 for candidate:43d3847f-81c3-43e7-b86e-40be164eab80
2021-04-28 01:09:40,561 [grpc-default-executor-1] INFO  impl.RoleInfo (RoleInfo.java:shutdownFollowerState(108)) - 42fd2707-1841-40d3-b54b-6f39f935cc38: shutdown 42fd2707-1841-40d3-b54b-6f39f935cc38@group-A8230B39765F-FollowerState
2021-04-28 01:09:40,561 [grpc-default-executor-1] INFO  impl.RoleInfo (RoleInfo.java:updateAndGet(130)) - 42fd2707-1841-40d3-b54b-6f39f935cc38: start 42fd2707-1841-40d3-b54b-6f39f935cc38@group-A8230B39765F-FollowerState
2021-04-28 01:09:40,561 [42fd2707-1841-40d3-b54b-6f39f935cc38@group-A8230B39765F-FollowerState] INFO  impl.FollowerState (FollowerState.java:run(143)) - 42fd2707-1841-40d3-b54b-6f39f935cc38@group-A8230B39765F-FollowerState was interrupted: {}
java.lang.InterruptedException: sleep interrupted
	at java.lang.Thread.sleep(Native Method)
	at java.lang.Thread.sleep(Thread.java:340)
	at java.util.concurrent.TimeUnit.sleep(TimeUnit.java:386)
	at org.apache.ratis.util.TimeDuration.sleep(TimeDuration.java:324)
	at org.apache.ratis.util.TimeDuration.sleep(TimeDuration.java:309)
	at org.apache.ratis.server.impl.FollowerState.run(FollowerState.java:118)
2021-04-28 01:09:40,565 [grpc-default-executor-1] INFO  server.RaftServer$Division (RaftServerImpl.java:requestVote(1074)) - 42fd2707-1841-40d3-b54b-6f39f935cc38@group-A8230B39765F replies to ELECTION vote request: 43d3847f-81c3-43e7-b86e-40be164eab80<-42fd2707-1841-40d3-b54b-6f39f935cc38#0:OK-t1. Peer's state: 42fd2707-1841-40d3-b54b-6f39f935cc38@group-A8230B39765F:t1, leader=null, voted=43d3847f-81c3-43e7-b86e-40be164eab80, raftlog=42fd2707-1841-40d3-b54b-6f39f935cc38@group-A8230B39765F-SegmentedRaftLog:OPENED:c-1,f-1,i0, conf=-1: [43d3847f-81c3-43e7-b86e-40be164eab80|rpc:172.17.0.2:36611|dataStream:|priority:0, f65384a4-a8a4-4787-a0e5-96e28e751202|rpc:172.17.0.2:43161|dataStream:|priority:1, 42fd2707-1841-40d3-b54b-6f39f935cc38|rpc:172.17.0.2:41223|dataStream:|priority:0], old=null
2021-04-28 01:09:40,585 [43d3847f-81c3-43e7-b86e-40be164eab80@group-0BBBFB4B228D-FollowerState] INFO  impl.FollowerState (FollowerState.java:run(134)) - 43d3847f-81c3-43e7-b86e-40be164eab80@group-0BBBFB4B228D-FollowerState: change to CANDIDATE, lastRpcElapsedTime:5195359964ns, electionTimeout:5188ms
2021-04-28 01:09:40,585 [43d3847f-81c3-43e7-b86e-40be164eab80@group-0BBBFB4B228D-FollowerState] INFO  impl.RoleInfo (RoleInfo.java:shutdownFollowerState(108)) - 43d3847f-81c3-43e7-b86e-40be164eab80: shutdown 43d3847f-81c3-43e7-b86e-40be164eab80@group-0BBBFB4B228D-FollowerState
2021-04-28 01:09:40,585 [43d3847f-81c3-43e7-b86e-40be164eab80@group-0BBBFB4B228D-FollowerState] INFO  server.RaftServer$Division (RaftServerImpl.java:setRole(284)) - 43d3847f-81c3-43e7-b86e-40be164eab80@group-0BBBFB4B228D: changes role from  FOLLOWER to CANDIDATE at term 0 for changeToCandidate
2021-04-28 01:09:40,585 [43d3847f-81c3-43e7-b86e-40be164eab80@group-0BBBFB4B228D-FollowerState] INFO  server.RaftServerConfigKeys (ConfUtils.java:logGet(44)) - raft.server.leaderelection.pre-vote = false (custom)
2021-04-28 01:09:40,585 [43d3847f-81c3-43e7-b86e-40be164eab80@group-0BBBFB4B228D-FollowerState] INFO  impl.RoleInfo (RoleInfo.java:updateAndGet(130)) - 43d3847f-81c3-43e7-b86e-40be164eab80: start 43d3847f-81c3-43e7-b86e-40be164eab80@group-0BBBFB4B228D-LeaderElection3
2021-04-28 01:09:40,587 [43d3847f-81c3-43e7-b86e-40be164eab80@group-0BBBFB4B228D-LeaderElection3] INFO  impl.LeaderElection (LeaderElection.java:askForVotes(306)) - 43d3847f-81c3-43e7-b86e-40be164eab80@group-0BBBFB4B228D-LeaderElection3 ELECTION round 0: submit vote requests at term 1 for -1: [43d3847f-81c3-43e7-b86e-40be164eab80|rpc:172.17.0.2:36611|priority:1], old=null
2021-04-28 01:09:40,588 [43d3847f-81c3-43e7-b86e-40be164eab80@group-0BBBFB4B228D-LeaderElection3] INFO  impl.LeaderElection (LeaderElection.java:askForVotes(308)) - 43d3847f-81c3-43e7-b86e-40be164eab80@group-0BBBFB4B228D-LeaderElection3 ELECTION round 0: result PASSED (term=1)
2021-04-28 01:09:40,588 [43d3847f-81c3-43e7-b86e-40be164eab80@group-0BBBFB4B228D-LeaderElection3] INFO  impl.RoleInfo (RoleInfo.java:shutdownLeaderElection(121)) - 43d3847f-81c3-43e7-b86e-40be164eab80: shutdown 43d3847f-81c3-43e7-b86e-40be164eab80@group-0BBBFB4B228D-LeaderElection3
2021-04-28 01:09:40,588 [43d3847f-81c3-43e7-b86e-40be164eab80@group-0BBBFB4B228D-LeaderElection3] INFO  server.RaftServer$Division (RaftServerImpl.java:setRole(284)) - 43d3847f-81c3-43e7-b86e-40be164eab80@group-0BBBFB4B228D: changes role from CANDIDATE to LEADER at term 1 for changeToLeader
2021-04-28 01:09:40,588 [43d3847f-81c3-43e7-b86e-40be164eab80@group-0BBBFB4B228D-LeaderElection3] INFO  ratis.XceiverServerRatis (XceiverServerRatis.java:handleLeaderChangedNotification(906)) - Leader change notification received for group: group-0BBBFB4B228D with new leaderId: 43d3847f-81c3-43e7-b86e-40be164eab80
2021-04-28 01:09:40,588 [43d3847f-81c3-43e7-b86e-40be164eab80@group-0BBBFB4B228D-LeaderElection3] INFO  server.RaftServer$Division (ServerState.java:setLeader(271)) - 43d3847f-81c3-43e7-b86e-40be164eab80@group-0BBBFB4B228D: change Leader from null to 43d3847f-81c3-43e7-b86e-40be164eab80 at term 1 for becomeLeader, leader elected after 5247ms
2021-04-28 01:09:40,588 [43d3847f-81c3-43e7-b86e-40be164eab80@group-0BBBFB4B228D-LeaderElection3] INFO  server.RaftServerConfigKeys (ConfUtils.java:logGet(44)) - raft.server.staging.catchup.gap = 1000 (default)
2021-04-28 01:09:40,589 [43d3847f-81c3-43e7-b86e-40be164eab80@group-0BBBFB4B228D-LeaderElection3] INFO  metrics.RatisMetrics (RatisMetrics.java:lambda$create$0(36)) - Creating Metrics Registry : ratis.log_appender.43d3847f-81c3-43e7-b86e-40be164eab80@group-0BBBFB4B228D
2021-04-28 01:09:40,589 [43d3847f-81c3-43e7-b86e-40be164eab80@group-0BBBFB4B228D-LeaderElection3] INFO  server.RaftServerConfigKeys (ConfUtils.java:logGet(44)) - raft.server.write.element-limit = 1024 (custom)
2021-04-28 01:09:40,589 [EventQueue-PipelineReportForOneReplicaPipelineSafeModeRule] INFO  safemode.SCMSafeModeManager (SCMSafeModeManager.java:validateSafeModeExitRules(201)) - AtleastOneDatanodeReportedRule rule is successfully validated
2021-04-28 01:09:40,590 [EventQueue-OpenPipelineForHealthyPipelineSafeModeRule] INFO  safemode.SCMSafeModeManager (HealthyPipelineSafeModeRule.java:process(130)) - SCM in safe mode. Healthy pipelines reported count is 0, required healthy pipeline reported count is 1
2021-04-28 01:09:40,590 [43d3847f-81c3-43e7-b86e-40be164eab80@group-0BBBFB4B228D-LeaderElection3] INFO  server.RaftServerConfigKeys (ConfUtils.java:logGet(44)) - raft.server.write.byte-limit = 1073741824 (custom)
2021-04-28 01:09:40,590 [43d3847f-81c3-43e7-b86e-40be164eab80@group-0BBBFB4B228D-LeaderElection3] INFO  server.RaftServerConfigKeys (ConfUtils.java:logGet(44)) - raft.server.watch.timeout = 3000ms (custom)
2021-04-28 01:09:40,590 [43d3847f-81c3-43e7-b86e-40be164eab80@group-0BBBFB4B228D-LeaderElection3] INFO  server.RaftServerConfigKeys (ConfUtils.java:logGet(44)) - raft.server.watch.timeout.denomination = 1s (default)
2021-04-28 01:09:40,590 [43d3847f-81c3-43e7-b86e-40be164eab80@group-0BBBFB4B228D-LeaderElection3] INFO  server.RaftServerConfigKeys (ConfUtils.java:logGet(44)) - raft.server.watch.element-limit = 65536 (default)
2021-04-28 01:09:40,590 [43d3847f-81c3-43e7-b86e-40be164eab80@group-0BBBFB4B228D-LeaderElection3] INFO  impl.RoleInfo (RoleInfo.java:updateAndGet(130)) - 43d3847f-81c3-43e7-b86e-40be164eab80: start 43d3847f-81c3-43e7-b86e-40be164eab80@group-0BBBFB4B228D-LeaderStateImpl
2021-04-28 01:09:40,591 [43d3847f-81c3-43e7-b86e-40be164eab80@group-0BBBFB4B228D-LeaderElection3] INFO  segmented.SegmentedRaftLogWorker (SegmentedRaftLogWorker.java:startLogSegment(394)) - 43d3847f-81c3-43e7-b86e-40be164eab80@group-0BBBFB4B228D-SegmentedRaftLogWorker: Starting segment from index:0
2021-04-28 01:09:40,592 [43d3847f-81c3-43e7-b86e-40be164eab80@group-0BBBFB4B228D-SegmentedRaftLogWorker] INFO  segmented.SegmentedRaftLogWorker (SegmentedRaftLogWorker.java:execute(601)) - 43d3847f-81c3-43e7-b86e-40be164eab80@group-0BBBFB4B228D-SegmentedRaftLogWorker: created new log segment /github/workspace/mnt/ozone/hadoop-ozone/integration-test/target/test-dir/MiniOzoneClusterImpl-d7076e4a-bb1a-46d0-b0f9-1975ab90d2da/datanode-0/data/ratis/d17bde08-dc29-4d74-bbda-0bbbfb4b228d/current/log_inprogress_0
2021-04-28 01:09:40,594 [43d3847f-81c3-43e7-b86e-40be164eab80@group-0BBBFB4B228D-LeaderElection3] INFO  server.RaftServer$Division (ServerState.java:setRaftConf(373)) - 43d3847f-81c3-43e7-b86e-40be164eab80@group-0BBBFB4B228D: set configuration 0: [43d3847f-81c3-43e7-b86e-40be164eab80|rpc:172.17.0.2:36611|dataStream:|priority:1], old=null
2021-04-28 01:09:40,674 [EventQueue-PipelineReportForOneReplicaPipelineSafeModeRule] INFO  safemode.SCMSafeModeManager (SCMSafeModeManager.java:validateSafeModeExitRules(201)) - AtleastOneDatanodeReportedRule rule is successfully validated
2021-04-28 01:09:40,675 [EventQueue-OpenPipelineForHealthyPipelineSafeModeRule] INFO  safemode.SCMSafeModeManager (HealthyPipelineSafeModeRule.java:process(130)) - SCM in safe mode. Healthy pipelines reported count is 0, required healthy pipeline reported count is 1
2021-04-28 01:09:40,876 [f65384a4-a8a4-4787-a0e5-96e28e751202@group-42B4E16AA8FA-FollowerState] INFO  impl.FollowerState (FollowerState.java:run(134)) - f65384a4-a8a4-4787-a0e5-96e28e751202@group-42B4E16AA8FA-FollowerState: change to CANDIDATE, lastRpcElapsedTime:5020733741ns, electionTimeout:5015ms
2021-04-28 01:09:40,876 [f65384a4-a8a4-4787-a0e5-96e28e751202@group-42B4E16AA8FA-FollowerState] INFO  impl.RoleInfo (RoleInfo.java:shutdownFollowerState(108)) - f65384a4-a8a4-4787-a0e5-96e28e751202: shutdown f65384a4-a8a4-4787-a0e5-96e28e751202@group-42B4E16AA8FA-FollowerState
2021-04-28 01:09:40,876 [f65384a4-a8a4-4787-a0e5-96e28e751202@group-42B4E16AA8FA-FollowerState] INFO  server.RaftServer$Division (RaftServerImpl.java:setRole(284)) - f65384a4-a8a4-4787-a0e5-96e28e751202@group-42B4E16AA8FA: changes role from  FOLLOWER to CANDIDATE at term 0 for changeToCandidate
2021-04-28 01:09:40,876 [f65384a4-a8a4-4787-a0e5-96e28e751202@group-42B4E16AA8FA-FollowerState] INFO  server.RaftServerConfigKeys (ConfUtils.java:logGet(44)) - raft.server.leaderelection.pre-vote = false (custom)
2021-04-28 01:09:40,876 [f65384a4-a8a4-4787-a0e5-96e28e751202@group-42B4E16AA8FA-FollowerState] INFO  impl.RoleInfo (RoleInfo.java:updateAndGet(130)) - f65384a4-a8a4-4787-a0e5-96e28e751202: start f65384a4-a8a4-4787-a0e5-96e28e751202@group-42B4E16AA8FA-LeaderElection4
2021-04-28 01:09:40,879 [EventQueue-PipelineReportForOneReplicaPipelineSafeModeRule] INFO  safemode.SCMSafeModeManager (SCMSafeModeManager.java:validateSafeModeExitRules(201)) - AtleastOneDatanodeReportedRule rule is successfully validated
2021-04-28 01:09:40,880 [EventQueue-OpenPipelineForHealthyPipelineSafeModeRule] INFO  safemode.SCMSafeModeManager (HealthyPipelineSafeModeRule.java:process(130)) - SCM in safe mode. Healthy pipelines reported count is 0, required healthy pipeline reported count is 1
2021-04-28 01:09:40,882 [f65384a4-a8a4-4787-a0e5-96e28e751202@group-42B4E16AA8FA-LeaderElection4] INFO  impl.LeaderElection (LeaderElection.java:askForVotes(306)) - f65384a4-a8a4-4787-a0e5-96e28e751202@group-42B4E16AA8FA-LeaderElection4 ELECTION round 0: submit vote requests at term 1 for -1: [f65384a4-a8a4-4787-a0e5-96e28e751202|rpc:172.17.0.2:43161|priority:1], old=null
2021-04-28 01:09:40,882 [f65384a4-a8a4-4787-a0e5-96e28e751202@group-42B4E16AA8FA-LeaderElection4] INFO  impl.LeaderElection (LeaderElection.java:askForVotes(308)) - f65384a4-a8a4-4787-a0e5-96e28e751202@group-42B4E16AA8FA-LeaderElection4 ELECTION round 0: result PASSED (term=1)
2021-04-28 01:09:40,882 [f65384a4-a8a4-4787-a0e5-96e28e751202@group-42B4E16AA8FA-LeaderElection4] INFO  impl.RoleInfo (RoleInfo.java:shutdownLeaderElection(121)) - f65384a4-a8a4-4787-a0e5-96e28e751202: shutdown f65384a4-a8a4-4787-a0e5-96e28e751202@group-42B4E16AA8FA-LeaderElection4
2021-04-28 01:09:40,883 [f65384a4-a8a4-4787-a0e5-96e28e751202@group-42B4E16AA8FA-LeaderElection4] INFO  server.RaftServer$Division (RaftServerImpl.java:setRole(284)) - f65384a4-a8a4-4787-a0e5-96e28e751202@group-42B4E16AA8FA: changes role from CANDIDATE to LEADER at term 1 for changeToLeader
2021-04-28 01:09:40,883 [f65384a4-a8a4-4787-a0e5-96e28e751202@group-42B4E16AA8FA-LeaderElection4] INFO  ratis.XceiverServerRatis (XceiverServerRatis.java:handleLeaderChangedNotification(906)) - Leader change notification received for group: group-42B4E16AA8FA with new leaderId: f65384a4-a8a4-4787-a0e5-96e28e751202
2021-04-28 01:09:40,883 [f65384a4-a8a4-4787-a0e5-96e28e751202@group-42B4E16AA8FA-LeaderElection4] INFO  server.RaftServer$Division (ServerState.java:setLeader(271)) - f65384a4-a8a4-4787-a0e5-96e28e751202@group-42B4E16AA8FA: change Leader from null to f65384a4-a8a4-4787-a0e5-96e28e751202 at term 1 for becomeLeader, leader elected after 5055ms
2021-04-28 01:09:40,883 [f65384a4-a8a4-4787-a0e5-96e28e751202@group-42B4E16AA8FA-LeaderElection4] INFO  server.RaftServerConfigKeys (ConfUtils.java:logGet(44)) - raft.server.staging.catchup.gap = 1000 (default)
2021-04-28 01:09:40,883 [f65384a4-a8a4-4787-a0e5-96e28e751202@group-42B4E16AA8FA-LeaderElection4] INFO  metrics.RatisMetrics (RatisMetrics.java:lambda$create$0(36)) - Creating Metrics Registry : ratis.log_appender.f65384a4-a8a4-4787-a0e5-96e28e751202@group-42B4E16AA8FA
2021-04-28 01:09:40,883 [f65384a4-a8a4-4787-a0e5-96e28e751202@group-42B4E16AA8FA-LeaderElection4] INFO  server.RaftServerConfigKeys (ConfUtils.java:logGet(44)) - raft.server.write.element-limit = 1024 (custom)
2021-04-28 01:09:40,883 [f65384a4-a8a4-4787-a0e5-96e28e751202@group-42B4E16AA8FA-LeaderElection4] INFO  server.RaftServerConfigKeys (ConfUtils.java:logGet(44)) - raft.server.write.byte-limit = 1073741824 (custom)
2021-04-28 01:09:40,884 [f65384a4-a8a4-4787-a0e5-96e28e751202@group-42B4E16AA8FA-LeaderElection4] INFO  server.RaftServerConfigKeys (ConfUtils.java:logGet(44)) - raft.server.watch.timeout = 3000ms (custom)
2021-04-28 01:09:40,884 [f65384a4-a8a4-4787-a0e5-96e28e751202@group-42B4E16AA8FA-LeaderElection4] INFO  server.RaftServerConfigKeys (ConfUtils.java:logGet(44)) - raft.server.watch.timeout.denomination = 1s (default)
2021-04-28 01:09:40,884 [f65384a4-a8a4-4787-a0e5-96e28e751202@group-42B4E16AA8FA-LeaderElection4] INFO  server.RaftServerConfigKeys (ConfUtils.java:logGet(44)) - raft.server.watch.element-limit = 65536 (default)
2021-04-28 01:09:40,884 [f65384a4-a8a4-4787-a0e5-96e28e751202@group-42B4E16AA8FA-LeaderElection4] INFO  impl.RoleInfo (RoleInfo.java:updateAndGet(130)) - f65384a4-a8a4-4787-a0e5-96e28e751202: start f65384a4-a8a4-4787-a0e5-96e28e751202@group-42B4E16AA8FA-LeaderStateImpl
2021-04-28 01:09:40,884 [f65384a4-a8a4-4787-a0e5-96e28e751202@group-42B4E16AA8FA-LeaderElection4] INFO  segmented.SegmentedRaftLogWorker (SegmentedRaftLogWorker.java:startLogSegment(394)) - f65384a4-a8a4-4787-a0e5-96e28e751202@group-42B4E16AA8FA-SegmentedRaftLogWorker: Starting segment from index:0
2021-04-28 01:09:40,886 [f65384a4-a8a4-4787-a0e5-96e28e751202@group-42B4E16AA8FA-SegmentedRaftLogWorker] INFO  segmented.SegmentedRaftLogWorker (SegmentedRaftLogWorker.java:execute(601)) - f65384a4-a8a4-4787-a0e5-96e28e751202@group-42B4E16AA8FA-SegmentedRaftLogWorker: created new log segment /github/workspace/mnt/ozone/hadoop-ozone/integration-test/target/test-dir/MiniOzoneClusterImpl-d7076e4a-bb1a-46d0-b0f9-1975ab90d2da/datanode-1/data/ratis/5fde851c-c9c9-4a28-9c72-42b4e16aa8fa/current/log_inprogress_0
2021-04-28 01:09:40,886 [EventQueue-PipelineReportForOneReplicaPipelineSafeModeRule] INFO  safemode.SCMSafeModeManager (SCMSafeModeManager.java:validateSafeModeExitRules(201)) - AtleastOneDatanodeReportedRule rule is successfully validated
2021-04-28 01:09:40,887 [EventQueue-OpenPipelineForHealthyPipelineSafeModeRule] INFO  safemode.SCMSafeModeManager (HealthyPipelineSafeModeRule.java:process(130)) - SCM in safe mode. Healthy pipelines reported count is 0, required healthy pipeline reported count is 1
2021-04-28 01:09:40,889 [f65384a4-a8a4-4787-a0e5-96e28e751202@group-42B4E16AA8FA-LeaderElection4] INFO  server.RaftServer$Division (ServerState.java:setRaftConf(373)) - f65384a4-a8a4-4787-a0e5-96e28e751202@group-42B4E16AA8FA: set configuration 0: [f65384a4-a8a4-4787-a0e5-96e28e751202|rpc:172.17.0.2:43161|dataStream:|priority:1], old=null
2021-04-28 01:09:40,891 [f65384a4-a8a4-4787-a0e5-96e28e751202@group-6799236C1344-FollowerState] INFO  impl.FollowerState (FollowerState.java:run(134)) - f65384a4-a8a4-4787-a0e5-96e28e751202@group-6799236C1344-FollowerState: change to CANDIDATE, lastRpcElapsedTime:5007019321ns, electionTimeout:5006ms
2021-04-28 01:09:40,891 [f65384a4-a8a4-4787-a0e5-96e28e751202@group-6799236C1344-FollowerState] INFO  impl.RoleInfo (RoleInfo.java:shutdownFollowerState(108)) - f65384a4-a8a4-4787-a0e5-96e28e751202: shutdown f65384a4-a8a4-4787-a0e5-96e28e751202@group-6799236C1344-FollowerState
2021-04-28 01:09:40,891 [f65384a4-a8a4-4787-a0e5-96e28e751202@group-6799236C1344-FollowerState] INFO  server.RaftServer$Division (RaftServerImpl.java:setRole(284)) - f65384a4-a8a4-4787-a0e5-96e28e751202@group-6799236C1344: changes role from  FOLLOWER to CANDIDATE at term 0 for changeToCandidate
2021-04-28 01:09:40,891 [f65384a4-a8a4-4787-a0e5-96e28e751202@group-6799236C1344-FollowerState] INFO  server.RaftServerConfigKeys (ConfUtils.java:logGet(44)) - raft.server.leaderelection.pre-vote = false (custom)
2021-04-28 01:09:40,892 [f65384a4-a8a4-4787-a0e5-96e28e751202@group-6799236C1344-FollowerState] INFO  impl.RoleInfo (RoleInfo.java:updateAndGet(130)) - f65384a4-a8a4-4787-a0e5-96e28e751202: start f65384a4-a8a4-4787-a0e5-96e28e751202@group-6799236C1344-LeaderElection5
2021-04-28 01:09:40,894 [f65384a4-a8a4-4787-a0e5-96e28e751202@group-6799236C1344-LeaderElection5] INFO  impl.LeaderElection (LeaderElection.java:askForVotes(306)) - f65384a4-a8a4-4787-a0e5-96e28e751202@group-6799236C1344-LeaderElection5 ELECTION round 0: submit vote requests at term 1 for -1: [43d3847f-81c3-43e7-b86e-40be164eab80|rpc:172.17.0.2:36611|priority:1, f65384a4-a8a4-4787-a0e5-96e28e751202|rpc:172.17.0.2:43161|priority:0, 42fd2707-1841-40d3-b54b-6f39f935cc38|rpc:172.17.0.2:41223|priority:0], old=null
2021-04-28 01:09:40,911 [Listener at 127.0.0.1/36361] INFO  ozone.MiniOzoneClusterImpl (MiniOzoneClusterImpl.java:lambda$waitForClusterToBeReady$0(224)) - Nodes are ready. Got 7 of 7 DN Heartbeats.
2021-04-28 01:09:40,911 [Listener at 127.0.0.1/36361] INFO  ozone.MiniOzoneClusterImpl (MiniOzoneClusterImpl.java:lambda$waitForClusterToBeReady$0(227)) - Waiting for cluster to exit safe mode
2021-04-28 01:09:40,911 [Listener at 127.0.0.1/36361] INFO  ozone.MiniOzoneClusterImpl (MiniOzoneClusterImpl.java:lambda$waitForClusterToBeReady$0(230)) - SCM became leader
2021-04-28 01:09:40,921 [EventQueue-PipelineReportForOneReplicaPipelineSafeModeRule] INFO  safemode.SCMSafeModeManager (SCMSafeModeManager.java:validateSafeModeExitRules(201)) - AtleastOneDatanodeReportedRule rule is successfully validated
2021-04-28 01:09:40,926 [grpc-default-executor-0] INFO  server.RaftServer$Division (RaftServerImpl.java:requestVote(1042)) - 43d3847f-81c3-43e7-b86e-40be164eab80@group-6799236C1344: receive requestVote(ELECTION, f65384a4-a8a4-4787-a0e5-96e28e751202, group-6799236C1344, 1, (t:0, i:0))
2021-04-28 01:09:40,921 [EventQueue-OpenPipelineForHealthyPipelineSafeModeRule] INFO  safemode.SCMSafeModeManager (HealthyPipelineSafeModeRule.java:process(130)) - SCM in safe mode. Healthy pipelines reported count is 0, required healthy pipeline reported count is 1
2021-04-28 01:09:40,927 [grpc-default-executor-0] INFO  impl.VoteContext (VoteContext.java:log(48)) - 43d3847f-81c3-43e7-b86e-40be164eab80@group-6799236C1344-FOLLOWER: reject ELECTION from f65384a4-a8a4-4787-a0e5-96e28e751202: our priority 1 > candidate's priority 0
2021-04-28 01:09:40,927 [grpc-default-executor-0] INFO  server.RaftServer$Division (RaftServerImpl.java:setRole(284)) - 43d3847f-81c3-43e7-b86e-40be164eab80@group-6799236C1344: changes role from  FOLLOWER to FOLLOWER at term 1 for candidate:f65384a4-a8a4-4787-a0e5-96e28e751202
2021-04-28 01:09:40,927 [grpc-default-executor-0] INFO  impl.RoleInfo (RoleInfo.java:shutdownFollowerState(108)) - 43d3847f-81c3-43e7-b86e-40be164eab80: shutdown 43d3847f-81c3-43e7-b86e-40be164eab80@group-6799236C1344-FollowerState
2021-04-28 01:09:40,927 [grpc-default-executor-0] INFO  impl.RoleInfo (RoleInfo.java:updateAndGet(130)) - 43d3847f-81c3-43e7-b86e-40be164eab80: start 43d3847f-81c3-43e7-b86e-40be164eab80@group-6799236C1344-FollowerState
2021-04-28 01:09:40,927 [43d3847f-81c3-43e7-b86e-40be164eab80@group-6799236C1344-FollowerState] INFO  impl.FollowerState (FollowerState.java:run(143)) - 43d3847f-81c3-43e7-b86e-40be164eab80@group-6799236C1344-FollowerState was interrupted: {}
java.lang.InterruptedException: sleep interrupted
	at java.lang.Thread.sleep(Native Method)
	at java.lang.Thread.sleep(Thread.java:340)
	at java.util.concurrent.TimeUnit.sleep(TimeUnit.java:386)
	at org.apache.ratis.util.TimeDuration.sleep(TimeDuration.java:324)
	at org.apache.ratis.util.TimeDuration.sleep(TimeDuration.java:309)
	at org.apache.ratis.server.impl.FollowerState.run(FollowerState.java:118)
2021-04-28 01:09:40,929 [grpc-default-executor-0] INFO  server.RaftServer$Division (RaftServerImpl.java:requestVote(1074)) - 43d3847f-81c3-43e7-b86e-40be164eab80@group-6799236C1344 replies to ELECTION vote request: f65384a4-a8a4-4787-a0e5-96e28e751202<-43d3847f-81c3-43e7-b86e-40be164eab80#0:FAIL-t1. Peer's state: 43d3847f-81c3-43e7-b86e-40be164eab80@group-6799236C1344:t1, leader=null, voted=null, raftlog=43d3847f-81c3-43e7-b86e-40be164eab80@group-6799236C1344-SegmentedRaftLog:OPENED:c-1,f-1,i0, conf=-1: [43d3847f-81c3-43e7-b86e-40be164eab80|rpc:172.17.0.2:36611|dataStream:|priority:1, f65384a4-a8a4-4787-a0e5-96e28e751202|rpc:172.17.0.2:43161|dataStream:|priority:0, 42fd2707-1841-40d3-b54b-6f39f935cc38|rpc:172.17.0.2:41223|dataStream:|priority:0], old=null
2021-04-28 01:09:40,933 [f65384a4-a8a4-4787-a0e5-96e28e751202@group-6799236C1344-LeaderElection5] INFO  impl.LeaderElection (LeaderElection.java:logAndReturn(89)) - f65384a4-a8a4-4787-a0e5-96e28e751202@group-6799236C1344-LeaderElection5: ELECTION REJECTED received 1 response(s) and 0 exception(s):
2021-04-28 01:09:40,933 [f65384a4-a8a4-4787-a0e5-96e28e751202@group-6799236C1344-LeaderElection5] INFO  impl.LeaderElection (LeaderElection.java:logAndReturn(93)) -   Response 0: f65384a4-a8a4-4787-a0e5-96e28e751202<-43d3847f-81c3-43e7-b86e-40be164eab80#0:FAIL-t1
2021-04-28 01:09:40,933 [f65384a4-a8a4-4787-a0e5-96e28e751202@group-6799236C1344-LeaderElection5] INFO  impl.LeaderElection (LeaderElection.java:askForVotes(308)) - f65384a4-a8a4-4787-a0e5-96e28e751202@group-6799236C1344-LeaderElection5 ELECTION round 0: result REJECTED
2021-04-28 01:09:40,933 [f65384a4-a8a4-4787-a0e5-96e28e751202@group-6799236C1344-LeaderElection5] INFO  server.RaftServer$Division (RaftServerImpl.java:setRole(284)) - f65384a4-a8a4-4787-a0e5-96e28e751202@group-6799236C1344: changes role from CANDIDATE to FOLLOWER at term 1 for REJECTED
2021-04-28 01:09:40,933 [f65384a4-a8a4-4787-a0e5-96e28e751202@group-6799236C1344-LeaderElection5] INFO  impl.RoleInfo (RoleInfo.java:shutdownLeaderElection(121)) - f65384a4-a8a4-4787-a0e5-96e28e751202: shutdown f65384a4-a8a4-4787-a0e5-96e28e751202@group-6799236C1344-LeaderElection5
2021-04-28 01:09:40,933 [f65384a4-a8a4-4787-a0e5-96e28e751202@group-6799236C1344-LeaderElection5] INFO  impl.RoleInfo (RoleInfo.java:updateAndGet(130)) - f65384a4-a8a4-4787-a0e5-96e28e751202: start f65384a4-a8a4-4787-a0e5-96e28e751202@group-6799236C1344-FollowerState
2021-04-28 01:09:40,935 [grpc-default-executor-1] INFO  server.RaftServer$Division (RaftServerImpl.java:requestVote(1042)) - 42fd2707-1841-40d3-b54b-6f39f935cc38@group-6799236C1344: receive requestVote(ELECTION, f65384a4-a8a4-4787-a0e5-96e28e751202, group-6799236C1344, 1, (t:0, i:0))
2021-04-28 01:09:40,942 [grpc-default-executor-1] INFO  impl.VoteContext (VoteContext.java:log(48)) - 42fd2707-1841-40d3-b54b-6f39f935cc38@group-6799236C1344-FOLLOWER: accept ELECTION from f65384a4-a8a4-4787-a0e5-96e28e751202: our priority 0 <= candidate's priority 0
2021-04-28 01:09:40,942 [grpc-default-executor-1] INFO  server.RaftServer$Division (RaftServerImpl.java:setRole(284)) - 42fd2707-1841-40d3-b54b-6f39f935cc38@group-6799236C1344: changes role from  FOLLOWER to FOLLOWER at term 1 for candidate:f65384a4-a8a4-4787-a0e5-96e28e751202
2021-04-28 01:09:40,942 [grpc-default-executor-1] INFO  impl.RoleInfo (RoleInfo.java:shutdownFollowerState(108)) - 42fd2707-1841-40d3-b54b-6f39f935cc38: shutdown 42fd2707-1841-40d3-b54b-6f39f935cc38@group-6799236C1344-FollowerState
2021-04-28 01:09:40,942 [grpc-default-executor-1] INFO  impl.RoleInfo (RoleInfo.java:updateAndGet(130)) - 42fd2707-1841-40d3-b54b-6f39f935cc38: start 42fd2707-1841-40d3-b54b-6f39f935cc38@group-6799236C1344-FollowerState
2021-04-28 01:09:40,942 [42fd2707-1841-40d3-b54b-6f39f935cc38@group-6799236C1344-FollowerState] INFO  impl.FollowerState (FollowerState.java:run(143)) - 42fd2707-1841-40d3-b54b-6f39f935cc38@group-6799236C1344-FollowerState was interrupted: {}
java.lang.InterruptedException: sleep interrupted
	at java.lang.Thread.sleep(Native Method)
	at java.lang.Thread.sleep(Thread.java:340)
	at java.util.concurrent.TimeUnit.sleep(TimeUnit.java:386)
	at org.apache.ratis.util.TimeDuration.sleep(TimeDuration.java:324)
	at org.apache.ratis.util.TimeDuration.sleep(TimeDuration.java:309)
	at org.apache.ratis.server.impl.FollowerState.run(FollowerState.java:118)
2021-04-28 01:09:40,943 [grpc-default-executor-1] INFO  server.RaftServer$Division (RaftServerImpl.java:requestVote(1074)) - 42fd2707-1841-40d3-b54b-6f39f935cc38@group-6799236C1344 replies to ELECTION vote request: f65384a4-a8a4-4787-a0e5-96e28e751202<-42fd2707-1841-40d3-b54b-6f39f935cc38#0:OK-t1. Peer's state: 42fd2707-1841-40d3-b54b-6f39f935cc38@group-6799236C1344:t1, leader=null, voted=f65384a4-a8a4-4787-a0e5-96e28e751202, raftlog=42fd2707-1841-40d3-b54b-6f39f935cc38@group-6799236C1344-SegmentedRaftLog:OPENED:c-1,f-1,i0, conf=-1: [43d3847f-81c3-43e7-b86e-40be164eab80|rpc:172.17.0.2:36611|dataStream:|priority:1, f65384a4-a8a4-4787-a0e5-96e28e751202|rpc:172.17.0.2:43161|dataStream:|priority:0, 42fd2707-1841-40d3-b54b-6f39f935cc38|rpc:172.17.0.2:41223|dataStream:|priority:0], old=null
2021-04-28 01:09:41,041 [EventQueue-PipelineReportForOneReplicaPipelineSafeModeRule] INFO  safemode.SCMSafeModeManager (SCMSafeModeManager.java:validateSafeModeExitRules(201)) - AtleastOneDatanodeReportedRule rule is successfully validated
2021-04-28 01:09:41,041 [EventQueue-OpenPipelineForHealthyPipelineSafeModeRule] INFO  safemode.SCMSafeModeManager (HealthyPipelineSafeModeRule.java:process(130)) - SCM in safe mode. Healthy pipelines reported count is 0, required healthy pipeline reported count is 1
2021-04-28 01:09:41,217 [42fd2707-1841-40d3-b54b-6f39f935cc38@group-8D4B036DA8CF-FollowerState] INFO  impl.FollowerState (FollowerState.java:run(134)) - 42fd2707-1841-40d3-b54b-6f39f935cc38@group-8D4B036DA8CF-FollowerState: change to CANDIDATE, lastRpcElapsedTime:5155055810ns, electionTimeout:5148ms
2021-04-28 01:09:41,219 [42fd2707-1841-40d3-b54b-6f39f935cc38@group-8D4B036DA8CF-FollowerState] INFO  impl.RoleInfo (RoleInfo.java:shutdownFollowerState(108)) - 42fd2707-1841-40d3-b54b-6f39f935cc38: shutdown 42fd2707-1841-40d3-b54b-6f39f935cc38@group-8D4B036DA8CF-FollowerState
2021-04-28 01:09:41,219 [42fd2707-1841-40d3-b54b-6f39f935cc38@group-8D4B036DA8CF-FollowerState] INFO  server.RaftServer$Division (RaftServerImpl.java:setRole(284)) - 42fd2707-1841-40d3-b54b-6f39f935cc38@group-8D4B036DA8CF: changes role from  FOLLOWER to CANDIDATE at term 0 for changeToCandidate
2021-04-28 01:09:41,219 [42fd2707-1841-40d3-b54b-6f39f935cc38@group-8D4B036DA8CF-FollowerState] INFO  server.RaftServerConfigKeys (ConfUtils.java:logGet(44)) - raft.server.leaderelection.pre-vote = false (custom)
2021-04-28 01:09:41,219 [42fd2707-1841-40d3-b54b-6f39f935cc38@group-8D4B036DA8CF-FollowerState] INFO  impl.RoleInfo (RoleInfo.java:updateAndGet(130)) - 42fd2707-1841-40d3-b54b-6f39f935cc38: start 42fd2707-1841-40d3-b54b-6f39f935cc38@group-8D4B036DA8CF-LeaderElection6
2021-04-28 01:09:41,221 [42fd2707-1841-40d3-b54b-6f39f935cc38@group-8D4B036DA8CF-LeaderElection6] INFO  impl.LeaderElection (LeaderElection.java:askForVotes(306)) - 42fd2707-1841-40d3-b54b-6f39f935cc38@group-8D4B036DA8CF-LeaderElection6 ELECTION round 0: submit vote requests at term 1 for -1: [42fd2707-1841-40d3-b54b-6f39f935cc38|rpc:172.17.0.2:41223|priority:1], old=null
2021-04-28 01:09:41,221 [42fd2707-1841-40d3-b54b-6f39f935cc38@group-8D4B036DA8CF-LeaderElection6] INFO  impl.LeaderElection (LeaderElection.java:askForVotes(308)) - 42fd2707-1841-40d3-b54b-6f39f935cc38@group-8D4B036DA8CF-LeaderElection6 ELECTION round 0: result PASSED (term=1)
2021-04-28 01:09:41,222 [42fd2707-1841-40d3-b54b-6f39f935cc38@group-8D4B036DA8CF-LeaderElection6] INFO  impl.RoleInfo (RoleInfo.java:shutdownLeaderElection(121)) - 42fd2707-1841-40d3-b54b-6f39f935cc38: shutdown 42fd2707-1841-40d3-b54b-6f39f935cc38@group-8D4B036DA8CF-LeaderElection6
2021-04-28 01:09:41,222 [42fd2707-1841-40d3-b54b-6f39f935cc38@group-8D4B036DA8CF-LeaderElection6] INFO  server.RaftServer$Division (RaftServerImpl.java:setRole(284)) - 42fd2707-1841-40d3-b54b-6f39f935cc38@group-8D4B036DA8CF: changes role from CANDIDATE to LEADER at term 1 for changeToLeader
2021-04-28 01:09:41,222 [42fd2707-1841-40d3-b54b-6f39f935cc38@group-8D4B036DA8CF-LeaderElection6] INFO  ratis.XceiverServerRatis (XceiverServerRatis.java:handleLeaderChangedNotification(906)) - Leader change notification received for group: group-8D4B036DA8CF with new leaderId: 42fd2707-1841-40d3-b54b-6f39f935cc38
2021-04-28 01:09:41,222 [42fd2707-1841-40d3-b54b-6f39f935cc38@group-8D4B036DA8CF-LeaderElection6] INFO  server.RaftServer$Division (ServerState.java:setLeader(271)) - 42fd2707-1841-40d3-b54b-6f39f935cc38@group-8D4B036DA8CF: change Leader from null to 42fd2707-1841-40d3-b54b-6f39f935cc38 at term 1 for becomeLeader, leader elected after 5180ms
2021-04-28 01:09:41,222 [42fd2707-1841-40d3-b54b-6f39f935cc38@group-8D4B036DA8CF-LeaderElection6] INFO  server.RaftServerConfigKeys (ConfUtils.java:logGet(44)) - raft.server.staging.catchup.gap = 1000 (default)
2021-04-28 01:09:41,222 [42fd2707-1841-40d3-b54b-6f39f935cc38@group-8D4B036DA8CF-LeaderElection6] INFO  metrics.RatisMetrics (RatisMetrics.java:lambda$create$0(36)) - Creating Metrics Registry : ratis.log_appender.42fd2707-1841-40d3-b54b-6f39f935cc38@group-8D4B036DA8CF
2021-04-28 01:09:41,223 [EventQueue-OpenPipelineForHealthyPipelineSafeModeRule] INFO  safemode.SCMSafeModeManager (HealthyPipelineSafeModeRule.java:process(130)) - SCM in safe mode. Healthy pipelines reported count is 0, required healthy pipeline reported count is 1
2021-04-28 01:09:41,224 [EventQueue-PipelineReportForOneReplicaPipelineSafeModeRule] INFO  safemode.SCMSafeModeManager (SCMSafeModeManager.java:validateSafeModeExitRules(201)) - AtleastOneDatanodeReportedRule rule is successfully validated
2021-04-28 01:09:41,224 [42fd2707-1841-40d3-b54b-6f39f935cc38@group-8D4B036DA8CF-LeaderElection6] INFO  server.RaftServerConfigKeys (ConfUtils.java:logGet(44)) - raft.server.write.element-limit = 1024 (custom)
2021-04-28 01:09:41,224 [42fd2707-1841-40d3-b54b-6f39f935cc38@group-8D4B036DA8CF-LeaderElection6] INFO  server.RaftServerConfigKeys (ConfUtils.java:logGet(44)) - raft.server.write.byte-limit = 1073741824 (custom)
2021-04-28 01:09:41,225 [42fd2707-1841-40d3-b54b-6f39f935cc38@group-8D4B036DA8CF-LeaderElection6] INFO  server.RaftServerConfigKeys (ConfUtils.java:logGet(44)) - raft.server.watch.timeout = 3000ms (custom)
2021-04-28 01:09:41,225 [42fd2707-1841-40d3-b54b-6f39f935cc38@group-8D4B036DA8CF-LeaderElection6] INFO  server.RaftServerConfigKeys (ConfUtils.java:logGet(44)) - raft.server.watch.timeout.denomination = 1s (default)
2021-04-28 01:09:41,225 [42fd2707-1841-40d3-b54b-6f39f935cc38@group-8D4B036DA8CF-LeaderElection6] INFO  server.RaftServerConfigKeys (ConfUtils.java:logGet(44)) - raft.server.watch.element-limit = 65536 (default)
2021-04-28 01:09:41,225 [42fd2707-1841-40d3-b54b-6f39f935cc38@group-8D4B036DA8CF-LeaderElection6] INFO  impl.RoleInfo (RoleInfo.java:updateAndGet(130)) - 42fd2707-1841-40d3-b54b-6f39f935cc38: start 42fd2707-1841-40d3-b54b-6f39f935cc38@group-8D4B036DA8CF-LeaderStateImpl
2021-04-28 01:09:41,225 [42fd2707-1841-40d3-b54b-6f39f935cc38@group-8D4B036DA8CF-LeaderElection6] INFO  segmented.SegmentedRaftLogWorker (SegmentedRaftLogWorker.java:startLogSegment(394)) - 42fd2707-1841-40d3-b54b-6f39f935cc38@group-8D4B036DA8CF-SegmentedRaftLogWorker: Starting segment from index:0
2021-04-28 01:09:41,227 [42fd2707-1841-40d3-b54b-6f39f935cc38@group-8D4B036DA8CF-SegmentedRaftLogWorker] INFO  segmented.SegmentedRaftLogWorker (SegmentedRaftLogWorker.java:execute(601)) - 42fd2707-1841-40d3-b54b-6f39f935cc38@group-8D4B036DA8CF-SegmentedRaftLogWorker: created new log segment /github/workspace/mnt/ozone/hadoop-ozone/integration-test/target/test-dir/MiniOzoneClusterImpl-d7076e4a-bb1a-46d0-b0f9-1975ab90d2da/datanode-2/data/ratis/f5ee1fcb-8c60-4dad-82b1-8d4b036da8cf/current/log_inprogress_0
2021-04-28 01:09:41,228 [42fd2707-1841-40d3-b54b-6f39f935cc38@group-8D4B036DA8CF-LeaderElection6] INFO  server.RaftServer$Division (ServerState.java:setRaftConf(373)) - 42fd2707-1841-40d3-b54b-6f39f935cc38@group-8D4B036DA8CF: set configuration 0: [42fd2707-1841-40d3-b54b-6f39f935cc38|rpc:172.17.0.2:41223|dataStream:|priority:1], old=null
2021-04-28 01:09:41,365 [3dc34c93-7aa4-4f5d-882a-22c345cc0d73@group-2B645BF534FB-FollowerState] INFO  impl.FollowerState (FollowerState.java:run(134)) - 3dc34c93-7aa4-4f5d-882a-22c345cc0d73@group-2B645BF534FB-FollowerState: change to CANDIDATE, lastRpcElapsedTime:5101423442ns, electionTimeout:5101ms
2021-04-28 01:09:41,365 [3dc34c93-7aa4-4f5d-882a-22c345cc0d73@group-2B645BF534FB-FollowerState] INFO  impl.RoleInfo (RoleInfo.java:shutdownFollowerState(108)) - 3dc34c93-7aa4-4f5d-882a-22c345cc0d73: shutdown 3dc34c93-7aa4-4f5d-882a-22c345cc0d73@group-2B645BF534FB-FollowerState
2021-04-28 01:09:41,365 [3dc34c93-7aa4-4f5d-882a-22c345cc0d73@group-2B645BF534FB-FollowerState] INFO  server.RaftServer$Division (RaftServerImpl.java:setRole(284)) - 3dc34c93-7aa4-4f5d-882a-22c345cc0d73@group-2B645BF534FB: changes role from  FOLLOWER to CANDIDATE at term 0 for changeToCandidate
2021-04-28 01:09:41,365 [3dc34c93-7aa4-4f5d-882a-22c345cc0d73@group-2B645BF534FB-FollowerState] INFO  server.RaftServerConfigKeys (ConfUtils.java:logGet(44)) - raft.server.leaderelection.pre-vote = false (custom)
2021-04-28 01:09:41,365 [3dc34c93-7aa4-4f5d-882a-22c345cc0d73@group-2B645BF534FB-FollowerState] INFO  impl.RoleInfo (RoleInfo.java:updateAndGet(130)) - 3dc34c93-7aa4-4f5d-882a-22c345cc0d73: start 3dc34c93-7aa4-4f5d-882a-22c345cc0d73@group-2B645BF534FB-LeaderElection7
2021-04-28 01:09:41,368 [3dc34c93-7aa4-4f5d-882a-22c345cc0d73@group-2B645BF534FB-LeaderElection7] INFO  impl.LeaderElection (LeaderElection.java:askForVotes(306)) - 3dc34c93-7aa4-4f5d-882a-22c345cc0d73@group-2B645BF534FB-LeaderElection7 ELECTION round 0: submit vote requests at term 1 for -1: [3dc34c93-7aa4-4f5d-882a-22c345cc0d73|rpc:172.17.0.2:34555|priority:1], old=null
2021-04-28 01:09:41,368 [3dc34c93-7aa4-4f5d-882a-22c345cc0d73@group-2B645BF534FB-LeaderElection7] INFO  impl.LeaderElection (LeaderElection.java:askForVotes(308)) - 3dc34c93-7aa4-4f5d-882a-22c345cc0d73@group-2B645BF534FB-LeaderElection7 ELECTION round 0: result PASSED (term=1)
2021-04-28 01:09:41,368 [3dc34c93-7aa4-4f5d-882a-22c345cc0d73@group-2B645BF534FB-LeaderElection7] INFO  impl.RoleInfo (RoleInfo.java:shutdownLeaderElection(121)) - 3dc34c93-7aa4-4f5d-882a-22c345cc0d73: shutdown 3dc34c93-7aa4-4f5d-882a-22c345cc0d73@group-2B645BF534FB-LeaderElection7
2021-04-28 01:09:41,369 [3dc34c93-7aa4-4f5d-882a-22c345cc0d73@group-2B645BF534FB-LeaderElection7] INFO  server.RaftServer$Division (RaftServerImpl.java:setRole(284)) - 3dc34c93-7aa4-4f5d-882a-22c345cc0d73@group-2B645BF534FB: changes role from CANDIDATE to LEADER at term 1 for changeToLeader
2021-04-28 01:09:41,369 [3dc34c93-7aa4-4f5d-882a-22c345cc0d73@group-2B645BF534FB-LeaderElection7] INFO  ratis.XceiverServerRatis (XceiverServerRatis.java:handleLeaderChangedNotification(906)) - Leader change notification received for group: group-2B645BF534FB with new leaderId: 3dc34c93-7aa4-4f5d-882a-22c345cc0d73
2021-04-28 01:09:41,369 [3dc34c93-7aa4-4f5d-882a-22c345cc0d73@group-2B645BF534FB-LeaderElection7] INFO  server.RaftServer$Division (ServerState.java:setLeader(271)) - 3dc34c93-7aa4-4f5d-882a-22c345cc0d73@group-2B645BF534FB: change Leader from null to 3dc34c93-7aa4-4f5d-882a-22c345cc0d73 at term 1 for becomeLeader, leader elected after 5114ms
2021-04-28 01:09:41,369 [3dc34c93-7aa4-4f5d-882a-22c345cc0d73@group-2B645BF534FB-LeaderElection7] INFO  server.RaftServerConfigKeys (ConfUtils.java:logGet(44)) - raft.server.staging.catchup.gap = 1000 (default)
2021-04-28 01:09:41,369 [3dc34c93-7aa4-4f5d-882a-22c345cc0d73@group-2B645BF534FB-LeaderElection7] INFO  metrics.RatisMetrics (RatisMetrics.java:lambda$create$0(36)) - Creating Metrics Registry : ratis.log_appender.3dc34c93-7aa4-4f5d-882a-22c345cc0d73@group-2B645BF534FB
2021-04-28 01:09:41,369 [3dc34c93-7aa4-4f5d-882a-22c345cc0d73@group-2B645BF534FB-LeaderElection7] INFO  server.RaftServerConfigKeys (ConfUtils.java:logGet(44)) - raft.server.write.element-limit = 1024 (custom)
2021-04-28 01:09:41,369 [3dc34c93-7aa4-4f5d-882a-22c345cc0d73@group-2B645BF534FB-LeaderElection7] INFO  server.RaftServerConfigKeys (ConfUtils.java:logGet(44)) - raft.server.write.byte-limit = 1073741824 (custom)
2021-04-28 01:09:41,370 [3dc34c93-7aa4-4f5d-882a-22c345cc0d73@group-2B645BF534FB-LeaderElection7] INFO  server.RaftServerConfigKeys (ConfUtils.java:logGet(44)) - raft.server.watch.timeout = 3000ms (custom)
2021-04-28 01:09:41,370 [3dc34c93-7aa4-4f5d-882a-22c345cc0d73@group-2B645BF534FB-LeaderElection7] INFO  server.RaftServerConfigKeys (ConfUtils.java:logGet(44)) - raft.server.watch.timeout.denomination = 1s (default)
2021-04-28 01:09:41,370 [3dc34c93-7aa4-4f5d-882a-22c345cc0d73@group-2B645BF534FB-LeaderElection7] INFO  server.RaftServerConfigKeys (ConfUtils.java:logGet(44)) - raft.server.watch.element-limit = 65536 (default)
2021-04-28 01:09:41,370 [3dc34c93-7aa4-4f5d-882a-22c345cc0d73@group-2B645BF534FB-LeaderElection7] INFO  impl.RoleInfo (RoleInfo.java:updateAndGet(130)) - 3dc34c93-7aa4-4f5d-882a-22c345cc0d73: start 3dc34c93-7aa4-4f5d-882a-22c345cc0d73@group-2B645BF534FB-LeaderStateImpl
2021-04-28 01:09:41,371 [EventQueue-OpenPipelineForHealthyPipelineSafeModeRule] INFO  safemode.SCMSafeModeManager (HealthyPipelineSafeModeRule.java:process(130)) - SCM in safe mode. Healthy pipelines reported count is 0, required healthy pipeline reported count is 1
2021-04-28 01:09:41,371 [3dc34c93-7aa4-4f5d-882a-22c345cc0d73@group-2B645BF534FB-LeaderElection7] INFO  segmented.SegmentedRaftLogWorker (SegmentedRaftLogWorker.java:startLogSegment(394)) - 3dc34c93-7aa4-4f5d-882a-22c345cc0d73@group-2B645BF534FB-SegmentedRaftLogWorker: Starting segment from index:0
2021-04-28 01:09:41,372 [EventQueue-PipelineReportForOneReplicaPipelineSafeModeRule] INFO  safemode.SCMSafeModeManager (SCMSafeModeManager.java:validateSafeModeExitRules(201)) - AtleastOneDatanodeReportedRule rule is successfully validated
2021-04-28 01:09:41,374 [3dc34c93-7aa4-4f5d-882a-22c345cc0d73@group-2B645BF534FB-LeaderElection7] INFO  server.RaftServer$Division (ServerState.java:setRaftConf(373)) - 3dc34c93-7aa4-4f5d-882a-22c345cc0d73@group-2B645BF534FB: set configuration 0: [3dc34c93-7aa4-4f5d-882a-22c345cc0d73|rpc:172.17.0.2:34555|dataStream:|priority:1], old=null
2021-04-28 01:09:41,374 [3dc34c93-7aa4-4f5d-882a-22c345cc0d73@group-2B645BF534FB-SegmentedRaftLogWorker] INFO  segmented.SegmentedRaftLogWorker (SegmentedRaftLogWorker.java:execute(601)) - 3dc34c93-7aa4-4f5d-882a-22c345cc0d73@group-2B645BF534FB-SegmentedRaftLogWorker: created new log segment /github/workspace/mnt/ozone/hadoop-ozone/integration-test/target/test-dir/MiniOzoneClusterImpl-d7076e4a-bb1a-46d0-b0f9-1975ab90d2da/datanode-3/data/ratis/32c504ed-7615-4568-aa16-2b645bf534fb/current/log_inprogress_0
2021-04-28 01:09:41,401 [3dc34c93-7aa4-4f5d-882a-22c345cc0d73@group-01B766403D27-FollowerState] INFO  impl.FollowerState (FollowerState.java:run(134)) - 3dc34c93-7aa4-4f5d-882a-22c345cc0d73@group-01B766403D27-FollowerState: change to CANDIDATE, lastRpcElapsedTime:5117970786ns, electionTimeout:5117ms
2021-04-28 01:09:41,401 [3dc34c93-7aa4-4f5d-882a-22c345cc0d73@group-01B766403D27-FollowerState] INFO  impl.RoleInfo (RoleInfo.java:shutdownFollowerState(108)) - 3dc34c93-7aa4-4f5d-882a-22c345cc0d73: shutdown 3dc34c93-7aa4-4f5d-882a-22c345cc0d73@group-01B766403D27-FollowerState
2021-04-28 01:09:41,401 [3dc34c93-7aa4-4f5d-882a-22c345cc0d73@group-01B766403D27-FollowerState] INFO  server.RaftServer$Division (RaftServerImpl.java:setRole(284)) - 3dc34c93-7aa4-4f5d-882a-22c345cc0d73@group-01B766403D27: changes role from  FOLLOWER to CANDIDATE at term 0 for changeToCandidate
2021-04-28 01:09:41,401 [3dc34c93-7aa4-4f5d-882a-22c345cc0d73@group-01B766403D27-FollowerState] INFO  server.RaftServerConfigKeys (ConfUtils.java:logGet(44)) - raft.server.leaderelection.pre-vote = false (custom)
2021-04-28 01:09:41,402 [3dc34c93-7aa4-4f5d-882a-22c345cc0d73@group-01B766403D27-FollowerState] INFO  impl.RoleInfo (RoleInfo.java:updateAndGet(130)) - 3dc34c93-7aa4-4f5d-882a-22c345cc0d73: start 3dc34c93-7aa4-4f5d-882a-22c345cc0d73@group-01B766403D27-LeaderElection8
2021-04-28 01:09:41,404 [3dc34c93-7aa4-4f5d-882a-22c345cc0d73@group-01B766403D27-LeaderElection8] INFO  impl.LeaderElection (LeaderElection.java:askForVotes(306)) - 3dc34c93-7aa4-4f5d-882a-22c345cc0d73@group-01B766403D27-LeaderElection8 ELECTION round 0: submit vote requests at term 1 for -1: [3dc34c93-7aa4-4f5d-882a-22c345cc0d73|rpc:172.17.0.2:34555|priority:0, 0fca32f9-76ae-40c1-a223-13204f8d545a|rpc:172.17.0.2:34055|priority:0, c9444e84-7d1e-434a-8350-34c756d48665|rpc:172.17.0.2:40945|priority:1], old=null
2021-04-28 01:09:41,414 [grpc-default-executor-1] INFO  server.RaftServer$Division (RaftServerImpl.java:requestVote(1042)) - c9444e84-7d1e-434a-8350-34c756d48665@group-01B766403D27: receive requestVote(ELECTION, 3dc34c93-7aa4-4f5d-882a-22c345cc0d73, group-01B766403D27, 1, (t:0, i:0))
2021-04-28 01:09:41,414 [grpc-default-executor-1] INFO  impl.VoteContext (VoteContext.java:log(48)) - c9444e84-7d1e-434a-8350-34c756d48665@group-01B766403D27-FOLLOWER: reject ELECTION from 3dc34c93-7aa4-4f5d-882a-22c345cc0d73: our priority 1 > candidate's priority 0
2021-04-28 01:09:41,414 [grpc-default-executor-1] INFO  server.RaftServer$Division (RaftServerImpl.java:setRole(284)) - c9444e84-7d1e-434a-8350-34c756d48665@group-01B766403D27: changes role from  FOLLOWER to FOLLOWER at term 1 for candidate:3dc34c93-7aa4-4f5d-882a-22c345cc0d73
2021-04-28 01:09:41,414 [grpc-default-executor-1] INFO  impl.RoleInfo (RoleInfo.java:shutdownFollowerState(108)) - c9444e84-7d1e-434a-8350-34c756d48665: shutdown c9444e84-7d1e-434a-8350-34c756d48665@group-01B766403D27-FollowerState
2021-04-28 01:09:41,414 [grpc-default-executor-1] INFO  impl.RoleInfo (RoleInfo.java:updateAndGet(130)) - c9444e84-7d1e-434a-8350-34c756d48665: start c9444e84-7d1e-434a-8350-34c756d48665@group-01B766403D27-FollowerState
2021-04-28 01:09:41,414 [c9444e84-7d1e-434a-8350-34c756d48665@group-01B766403D27-FollowerState] INFO  impl.FollowerState (FollowerState.java:run(143)) - c9444e84-7d1e-434a-8350-34c756d48665@group-01B766403D27-FollowerState was interrupted: {}
java.lang.InterruptedException: sleep interrupted
	at java.lang.Thread.sleep(Native Method)
	at java.lang.Thread.sleep(Thread.java:340)
	at java.util.concurrent.TimeUnit.sleep(TimeUnit.java:386)
	at org.apache.ratis.util.TimeDuration.sleep(TimeDuration.java:324)
	at org.apache.ratis.util.TimeDuration.sleep(TimeDuration.java:309)
	at org.apache.ratis.server.impl.FollowerState.run(FollowerState.java:118)
2021-04-28 01:09:41,422 [grpc-default-executor-1] INFO  server.RaftServer$Division (RaftServerImpl.java:requestVote(1074)) - c9444e84-7d1e-434a-8350-34c756d48665@group-01B766403D27 replies to ELECTION vote request: 3dc34c93-7aa4-4f5d-882a-22c345cc0d73<-c9444e84-7d1e-434a-8350-34c756d48665#0:FAIL-t1. Peer's state: c9444e84-7d1e-434a-8350-34c756d48665@group-01B766403D27:t1, leader=null, voted=null, raftlog=c9444e84-7d1e-434a-8350-34c756d48665@group-01B766403D27-SegmentedRaftLog:OPENED:c-1,f-1,i0, conf=-1: [3dc34c93-7aa4-4f5d-882a-22c345cc0d73|rpc:172.17.0.2:34555|dataStream:|priority:0, 0fca32f9-76ae-40c1-a223-13204f8d545a|rpc:172.17.0.2:34055|dataStream:|priority:0, c9444e84-7d1e-434a-8350-34c756d48665|rpc:172.17.0.2:40945|dataStream:|priority:1], old=null
2021-04-28 01:09:41,424 [3dc34c93-7aa4-4f5d-882a-22c345cc0d73@group-01B766403D27-LeaderElection8] INFO  impl.LeaderElection (LeaderElection.java:logAndReturn(89)) - 3dc34c93-7aa4-4f5d-882a-22c345cc0d73@group-01B766403D27-LeaderElection8: ELECTION REJECTED received 1 response(s) and 0 exception(s):
2021-04-28 01:09:41,424 [3dc34c93-7aa4-4f5d-882a-22c345cc0d73@group-01B766403D27-LeaderElection8] INFO  impl.LeaderElection (LeaderElection.java:logAndReturn(93)) -   Response 0: 3dc34c93-7aa4-4f5d-882a-22c345cc0d73<-c9444e84-7d1e-434a-8350-34c756d48665#0:FAIL-t1
2021-04-28 01:09:41,424 [3dc34c93-7aa4-4f5d-882a-22c345cc0d73@group-01B766403D27-LeaderElection8] INFO  impl.LeaderElection (LeaderElection.java:askForVotes(308)) - 3dc34c93-7aa4-4f5d-882a-22c345cc0d73@group-01B766403D27-LeaderElection8 ELECTION round 0: result REJECTED
2021-04-28 01:09:41,424 [3dc34c93-7aa4-4f5d-882a-22c345cc0d73@group-01B766403D27-LeaderElection8] INFO  server.RaftServer$Division (RaftServerImpl.java:setRole(284)) - 3dc34c93-7aa4-4f5d-882a-22c345cc0d73@group-01B766403D27: changes role from CANDIDATE to FOLLOWER at term 1 for REJECTED
2021-04-28 01:09:41,424 [3dc34c93-7aa4-4f5d-882a-22c345cc0d73@group-01B766403D27-LeaderElection8] INFO  impl.RoleInfo (RoleInfo.java:shutdownLeaderElection(121)) - 3dc34c93-7aa4-4f5d-882a-22c345cc0d73: shutdown 3dc34c93-7aa4-4f5d-882a-22c345cc0d73@group-01B766403D27-LeaderElection8
2021-04-28 01:09:41,425 [3dc34c93-7aa4-4f5d-882a-22c345cc0d73@group-01B766403D27-LeaderElection8] INFO  impl.RoleInfo (RoleInfo.java:updateAndGet(130)) - 3dc34c93-7aa4-4f5d-882a-22c345cc0d73: start 3dc34c93-7aa4-4f5d-882a-22c345cc0d73@group-01B766403D27-FollowerState
2021-04-28 01:09:41,426 [3dc34c93-7aa4-4f5d-882a-22c345cc0d73@group-F7136F15FB93-FollowerState] INFO  impl.FollowerState (FollowerState.java:run(134)) - 3dc34c93-7aa4-4f5d-882a-22c345cc0d73@group-F7136F15FB93-FollowerState: change to CANDIDATE, lastRpcElapsedTime:5034546658ns, electionTimeout:5033ms
2021-04-28 01:09:41,426 [grpc-default-executor-1] INFO  server.RaftServer$Division (RaftServerImpl.java:requestVote(1042)) - 0fca32f9-76ae-40c1-a223-13204f8d545a@group-01B766403D27: receive requestVote(ELECTION, 3dc34c93-7aa4-4f5d-882a-22c345cc0d73, group-01B766403D27, 1, (t:0, i:0))
2021-04-28 01:09:41,426 [3dc34c93-7aa4-4f5d-882a-22c345cc0d73@group-F7136F15FB93-FollowerState] INFO  impl.RoleInfo (RoleInfo.java:shutdownFollowerState(108)) - 3dc34c93-7aa4-4f5d-882a-22c345cc0d73: shutdown 3dc34c93-7aa4-4f5d-882a-22c345cc0d73@group-F7136F15FB93-FollowerState
2021-04-28 01:09:41,426 [grpc-default-executor-1] INFO  impl.VoteContext (VoteContext.java:log(48)) - 0fca32f9-76ae-40c1-a223-13204f8d545a@group-01B766403D27-FOLLOWER: accept ELECTION from 3dc34c93-7aa4-4f5d-882a-22c345cc0d73: our priority 0 <= candidate's priority 0
2021-04-28 01:09:41,426 [grpc-default-executor-1] INFO  server.RaftServer$Division (RaftServerImpl.java:setRole(284)) - 0fca32f9-76ae-40c1-a223-13204f8d545a@group-01B766403D27: changes role from  FOLLOWER to FOLLOWER at term 1 for candidate:3dc34c93-7aa4-4f5d-882a-22c345cc0d73
2021-04-28 01:09:41,426 [grpc-default-executor-1] INFO  impl.RoleInfo (RoleInfo.java:shutdownFollowerState(108)) - 0fca32f9-76ae-40c1-a223-13204f8d545a: shutdown 0fca32f9-76ae-40c1-a223-13204f8d545a@group-01B766403D27-FollowerState
2021-04-28 01:09:41,426 [grpc-default-executor-1] INFO  impl.RoleInfo (RoleInfo.java:updateAndGet(130)) - 0fca32f9-76ae-40c1-a223-13204f8d545a: start 0fca32f9-76ae-40c1-a223-13204f8d545a@group-01B766403D27-FollowerState
2021-04-28 01:09:41,427 [0fca32f9-76ae-40c1-a223-13204f8d545a@group-01B766403D27-FollowerState] INFO  impl.FollowerState (FollowerState.java:run(143)) - 0fca32f9-76ae-40c1-a223-13204f8d545a@group-01B766403D27-FollowerState was interrupted: {}
java.lang.InterruptedException: sleep interrupted
	at java.lang.Thread.sleep(Native Method)
	at java.lang.Thread.sleep(Thread.java:340)
	at java.util.concurrent.TimeUnit.sleep(TimeUnit.java:386)
	at org.apache.ratis.util.TimeDuration.sleep(TimeDuration.java:324)
	at org.apache.ratis.util.TimeDuration.sleep(TimeDuration.java:309)
	at org.apache.ratis.server.impl.FollowerState.run(FollowerState.java:118)
2021-04-28 01:09:41,426 [3dc34c93-7aa4-4f5d-882a-22c345cc0d73@group-F7136F15FB93-FollowerState] INFO  server.RaftServer$Division (RaftServerImpl.java:setRole(284)) - 3dc34c93-7aa4-4f5d-882a-22c345cc0d73@group-F7136F15FB93: changes role from  FOLLOWER to CANDIDATE at term 0 for changeToCandidate
2021-04-28 01:09:41,427 [3dc34c93-7aa4-4f5d-882a-22c345cc0d73@group-F7136F15FB93-FollowerState] INFO  server.RaftServerConfigKeys (ConfUtils.java:logGet(44)) - raft.server.leaderelection.pre-vote = false (custom)
2021-04-28 01:09:41,427 [3dc34c93-7aa4-4f5d-882a-22c345cc0d73@group-F7136F15FB93-FollowerState] INFO  impl.RoleInfo (RoleInfo.java:updateAndGet(130)) - 3dc34c93-7aa4-4f5d-882a-22c345cc0d73: start 3dc34c93-7aa4-4f5d-882a-22c345cc0d73@group-F7136F15FB93-LeaderElection9
2021-04-28 01:09:41,438 [grpc-default-executor-1] INFO  server.RaftServer$Division (RaftServerImpl.java:requestVote(1074)) - 0fca32f9-76ae-40c1-a223-13204f8d545a@group-01B766403D27 replies to ELECTION vote request: 3dc34c93-7aa4-4f5d-882a-22c345cc0d73<-0fca32f9-76ae-40c1-a223-13204f8d545a#0:OK-t1. Peer's state: 0fca32f9-76ae-40c1-a223-13204f8d545a@group-01B766403D27:t1, leader=null, voted=3dc34c93-7aa4-4f5d-882a-22c345cc0d73, raftlog=0fca32f9-76ae-40c1-a223-13204f8d545a@group-01B766403D27-SegmentedRaftLog:OPENED:c-1,f-1,i0, conf=-1: [3dc34c93-7aa4-4f5d-882a-22c345cc0d73|rpc:172.17.0.2:34555|dataStream:|priority:0, 0fca32f9-76ae-40c1-a223-13204f8d545a|rpc:172.17.0.2:34055|dataStream:|priority:0, c9444e84-7d1e-434a-8350-34c756d48665|rpc:172.17.0.2:40945|dataStream:|priority:1], old=null
2021-04-28 01:09:41,440 [3dc34c93-7aa4-4f5d-882a-22c345cc0d73@group-F7136F15FB93-LeaderElection9] INFO  impl.LeaderElection (LeaderElection.java:askForVotes(306)) - 3dc34c93-7aa4-4f5d-882a-22c345cc0d73@group-F7136F15FB93-LeaderElection9 ELECTION round 0: submit vote requests at term 1 for -1: [0fca32f9-76ae-40c1-a223-13204f8d545a|rpc:172.17.0.2:34055|priority:1, 3dc34c93-7aa4-4f5d-882a-22c345cc0d73|rpc:172.17.0.2:34555|priority:0, c9444e84-7d1e-434a-8350-34c756d48665|rpc:172.17.0.2:40945|priority:0], old=null
2021-04-28 01:09:41,444 [grpc-default-executor-1] INFO  server.RaftServer$Division (RaftServerImpl.java:requestVote(1042)) - 0fca32f9-76ae-40c1-a223-13204f8d545a@group-F7136F15FB93: receive requestVote(ELECTION, 3dc34c93-7aa4-4f5d-882a-22c345cc0d73, group-F7136F15FB93, 1, (t:0, i:0))
2021-04-28 01:09:41,445 [grpc-default-executor-1] INFO  impl.VoteContext (VoteContext.java:log(48)) - 0fca32f9-76ae-40c1-a223-13204f8d545a@group-F7136F15FB93-FOLLOWER: reject ELECTION from 3dc34c93-7aa4-4f5d-882a-22c345cc0d73: our priority 1 > candidate's priority 0
2021-04-28 01:09:41,445 [grpc-default-executor-1] INFO  server.RaftServer$Division (RaftServerImpl.java:setRole(284)) - 0fca32f9-76ae-40c1-a223-13204f8d545a@group-F7136F15FB93: changes role from  FOLLOWER to FOLLOWER at term 1 for candidate:3dc34c93-7aa4-4f5d-882a-22c345cc0d73
2021-04-28 01:09:41,445 [grpc-default-executor-1] INFO  impl.RoleInfo (RoleInfo.java:shutdownFollowerState(108)) - 0fca32f9-76ae-40c1-a223-13204f8d545a: shutdown 0fca32f9-76ae-40c1-a223-13204f8d545a@group-F7136F15FB93-FollowerState
2021-04-28 01:09:41,445 [grpc-default-executor-1] INFO  impl.RoleInfo (RoleInfo.java:updateAndGet(130)) - 0fca32f9-76ae-40c1-a223-13204f8d545a: start 0fca32f9-76ae-40c1-a223-13204f8d545a@group-F7136F15FB93-FollowerState
2021-04-28 01:09:41,445 [0fca32f9-76ae-40c1-a223-13204f8d545a@group-F7136F15FB93-FollowerState] INFO  impl.FollowerState (FollowerState.java:run(143)) - 0fca32f9-76ae-40c1-a223-13204f8d545a@group-F7136F15FB93-FollowerState was interrupted: {}
java.lang.InterruptedException: sleep interrupted
	at java.lang.Thread.sleep(Native Method)
	at java.lang.Thread.sleep(Thread.java:340)
	at java.util.concurrent.TimeUnit.sleep(TimeUnit.java:386)
	at org.apache.ratis.util.TimeDuration.sleep(TimeDuration.java:324)
	at org.apache.ratis.util.TimeDuration.sleep(TimeDuration.java:309)
	at org.apache.ratis.server.impl.FollowerState.run(FollowerState.java:118)
2021-04-28 01:09:41,447 [grpc-default-executor-0] INFO  server.RaftServer$Division (RaftServerImpl.java:requestVote(1042)) - c9444e84-7d1e-434a-8350-34c756d48665@group-F7136F15FB93: receive requestVote(ELECTION, 3dc34c93-7aa4-4f5d-882a-22c345cc0d73, group-F7136F15FB93, 1, (t:0, i:0))
2021-04-28 01:09:41,447 [grpc-default-executor-0] INFO  impl.VoteContext (VoteContext.java:log(48)) - c9444e84-7d1e-434a-8350-34c756d48665@group-F7136F15FB93-FOLLOWER: accept ELECTION from 3dc34c93-7aa4-4f5d-882a-22c345cc0d73: our priority 0 <= candidate's priority 0
2021-04-28 01:09:41,447 [grpc-default-executor-1] INFO  server.RaftServer$Division (RaftServerImpl.java:requestVote(1074)) - 0fca32f9-76ae-40c1-a223-13204f8d545a@group-F7136F15FB93 replies to ELECTION vote request: 3dc34c93-7aa4-4f5d-882a-22c345cc0d73<-0fca32f9-76ae-40c1-a223-13204f8d545a#0:FAIL-t1. Peer's state: 0fca32f9-76ae-40c1-a223-13204f8d545a@group-F7136F15FB93:t1, leader=null, voted=null, raftlog=0fca32f9-76ae-40c1-a223-13204f8d545a@group-F7136F15FB93-SegmentedRaftLog:OPENED:c-1,f-1,i0, conf=-1: [0fca32f9-76ae-40c1-a223-13204f8d545a|rpc:172.17.0.2:34055|dataStream:|priority:1, 3dc34c93-7aa4-4f5d-882a-22c345cc0d73|rpc:172.17.0.2:34555|dataStream:|priority:0, c9444e84-7d1e-434a-8350-34c756d48665|rpc:172.17.0.2:40945|dataStream:|priority:0], old=null
2021-04-28 01:09:41,447 [grpc-default-executor-0] INFO  server.RaftServer$Division (RaftServerImpl.java:setRole(284)) - c9444e84-7d1e-434a-8350-34c756d48665@group-F7136F15FB93: changes role from  FOLLOWER to FOLLOWER at term 1 for candidate:3dc34c93-7aa4-4f5d-882a-22c345cc0d73
2021-04-28 01:09:41,447 [grpc-default-executor-0] INFO  impl.RoleInfo (RoleInfo.java:shutdownFollowerState(108)) - c9444e84-7d1e-434a-8350-34c756d48665: shutdown c9444e84-7d1e-434a-8350-34c756d48665@group-F7136F15FB93-FollowerState
2021-04-28 01:09:41,447 [grpc-default-executor-0] INFO  impl.RoleInfo (RoleInfo.java:updateAndGet(130)) - c9444e84-7d1e-434a-8350-34c756d48665: start c9444e84-7d1e-434a-8350-34c756d48665@group-F7136F15FB93-FollowerState
2021-04-28 01:09:41,447 [c9444e84-7d1e-434a-8350-34c756d48665@group-F7136F15FB93-FollowerState] INFO  impl.FollowerState (FollowerState.java:run(143)) - c9444e84-7d1e-434a-8350-34c756d48665@group-F7136F15FB93-FollowerState was interrupted: {}
java.lang.InterruptedException: sleep interrupted
	at java.lang.Thread.sleep(Native Method)
	at java.lang.Thread.sleep(Thread.java:340)
	at java.util.concurrent.TimeUnit.sleep(TimeUnit.java:386)
	at org.apache.ratis.util.TimeDuration.sleep(TimeDuration.java:324)
	at org.apache.ratis.util.TimeDuration.sleep(TimeDuration.java:309)
	at org.apache.ratis.server.impl.FollowerState.run(FollowerState.java:118)
2021-04-28 01:09:41,449 [grpc-default-executor-0] INFO  server.RaftServer$Division (RaftServerImpl.java:requestVote(1074)) - c9444e84-7d1e-434a-8350-34c756d48665@group-F7136F15FB93 replies to ELECTION vote request: 3dc34c93-7aa4-4f5d-882a-22c345cc0d73<-c9444e84-7d1e-434a-8350-34c756d48665#0:OK-t1. Peer's state: c9444e84-7d1e-434a-8350-34c756d48665@group-F7136F15FB93:t1, leader=null, voted=3dc34c93-7aa4-4f5d-882a-22c345cc0d73, raftlog=c9444e84-7d1e-434a-8350-34c756d48665@group-F7136F15FB93-SegmentedRaftLog:OPENED:c-1,f-1,i0, conf=-1: [0fca32f9-76ae-40c1-a223-13204f8d545a|rpc:172.17.0.2:34055|dataStream:|priority:1, 3dc34c93-7aa4-4f5d-882a-22c345cc0d73|rpc:172.17.0.2:34555|dataStream:|priority:0, c9444e84-7d1e-434a-8350-34c756d48665|rpc:172.17.0.2:40945|dataStream:|priority:0], old=null
2021-04-28 01:09:41,452 [3dc34c93-7aa4-4f5d-882a-22c345cc0d73@group-F7136F15FB93-LeaderElection9] INFO  impl.LeaderElection (LeaderElection.java:logAndReturn(89)) - 3dc34c93-7aa4-4f5d-882a-22c345cc0d73@group-F7136F15FB93-LeaderElection9: ELECTION REJECTED received 2 response(s) and 0 exception(s):
2021-04-28 01:09:41,452 [3dc34c93-7aa4-4f5d-882a-22c345cc0d73@group-F7136F15FB93-LeaderElection9] INFO  impl.LeaderElection (LeaderElection.java:logAndReturn(93)) -   Response 0: 3dc34c93-7aa4-4f5d-882a-22c345cc0d73<-0fca32f9-76ae-40c1-a223-13204f8d545a#0:FAIL-t1
2021-04-28 01:09:41,452 [3dc34c93-7aa4-4f5d-882a-22c345cc0d73@group-F7136F15FB93-LeaderElection9] INFO  impl.LeaderElection (LeaderElection.java:logAndReturn(93)) -   Response 1: 3dc34c93-7aa4-4f5d-882a-22c345cc0d73<-c9444e84-7d1e-434a-8350-34c756d48665#0:OK-t1
2021-04-28 01:09:41,452 [3dc34c93-7aa4-4f5d-882a-22c345cc0d73@group-F7136F15FB93-LeaderElection9] INFO  impl.LeaderElection (LeaderElection.java:askForVotes(308)) - 3dc34c93-7aa4-4f5d-882a-22c345cc0d73@group-F7136F15FB93-LeaderElection9 ELECTION round 0: result REJECTED
2021-04-28 01:09:41,453 [3dc34c93-7aa4-4f5d-882a-22c345cc0d73@group-F7136F15FB93-LeaderElection9] INFO  server.RaftServer$Division (RaftServerImpl.java:setRole(284)) - 3dc34c93-7aa4-4f5d-882a-22c345cc0d73@group-F7136F15FB93: changes role from CANDIDATE to FOLLOWER at term 1 for REJECTED
2021-04-28 01:09:41,453 [3dc34c93-7aa4-4f5d-882a-22c345cc0d73@group-F7136F15FB93-LeaderElection9] INFO  impl.RoleInfo (RoleInfo.java:shutdownLeaderElection(121)) - 3dc34c93-7aa4-4f5d-882a-22c345cc0d73: shutdown 3dc34c93-7aa4-4f5d-882a-22c345cc0d73@group-F7136F15FB93-LeaderElection9
2021-04-28 01:09:41,453 [3dc34c93-7aa4-4f5d-882a-22c345cc0d73@group-F7136F15FB93-LeaderElection9] INFO  impl.RoleInfo (RoleInfo.java:updateAndGet(130)) - 3dc34c93-7aa4-4f5d-882a-22c345cc0d73: start 3dc34c93-7aa4-4f5d-882a-22c345cc0d73@group-F7136F15FB93-FollowerState
2021-04-28 01:09:41,473 [EventQueue-OpenPipelineForHealthyPipelineSafeModeRule] INFO  safemode.SCMSafeModeManager (HealthyPipelineSafeModeRule.java:process(130)) - SCM in safe mode. Healthy pipelines reported count is 0, required healthy pipeline reported count is 1
2021-04-28 01:09:41,474 [EventQueue-PipelineReportForOneReplicaPipelineSafeModeRule] INFO  safemode.SCMSafeModeManager (SCMSafeModeManager.java:validateSafeModeExitRules(201)) - AtleastOneDatanodeReportedRule rule is successfully validated
2021-04-28 01:09:41,589 [EventQueue-PipelineReportForOneReplicaPipelineSafeModeRule] INFO  safemode.SCMSafeModeManager (SCMSafeModeManager.java:validateSafeModeExitRules(201)) - AtleastOneDatanodeReportedRule rule is successfully validated
2021-04-28 01:09:41,589 [EventQueue-OpenPipelineForHealthyPipelineSafeModeRule] INFO  safemode.SCMSafeModeManager (HealthyPipelineSafeModeRule.java:process(130)) - SCM in safe mode. Healthy pipelines reported count is 0, required healthy pipeline reported count is 1
2021-04-28 01:09:41,674 [EventQueue-PipelineReportForOneReplicaPipelineSafeModeRule] INFO  safemode.SCMSafeModeManager (SCMSafeModeManager.java:validateSafeModeExitRules(201)) - AtleastOneDatanodeReportedRule rule is successfully validated
2021-04-28 01:09:41,675 [EventQueue-OpenPipelineForHealthyPipelineSafeModeRule] INFO  safemode.SCMSafeModeManager (HealthyPipelineSafeModeRule.java:process(130)) - SCM in safe mode. Healthy pipelines reported count is 0, required healthy pipeline reported count is 1
2021-04-28 01:09:41,677 [c9444e84-7d1e-434a-8350-34c756d48665@group-4682BE63D858-FollowerState] INFO  impl.FollowerState (FollowerState.java:run(134)) - c9444e84-7d1e-434a-8350-34c756d48665@group-4682BE63D858-FollowerState: change to CANDIDATE, lastRpcElapsedTime:5199953099ns, electionTimeout:5199ms
2021-04-28 01:09:41,678 [c9444e84-7d1e-434a-8350-34c756d48665@group-4682BE63D858-FollowerState] INFO  impl.RoleInfo (RoleInfo.java:shutdownFollowerState(108)) - c9444e84-7d1e-434a-8350-34c756d48665: shutdown c9444e84-7d1e-434a-8350-34c756d48665@group-4682BE63D858-FollowerState
2021-04-28 01:09:41,678 [c9444e84-7d1e-434a-8350-34c756d48665@group-4682BE63D858-FollowerState] INFO  server.RaftServer$Division (RaftServerImpl.java:setRole(284)) - c9444e84-7d1e-434a-8350-34c756d48665@group-4682BE63D858: changes role from  FOLLOWER to CANDIDATE at term 0 for changeToCandidate
2021-04-28 01:09:41,678 [c9444e84-7d1e-434a-8350-34c756d48665@group-4682BE63D858-FollowerState] INFO  server.RaftServerConfigKeys (ConfUtils.java:logGet(44)) - raft.server.leaderelection.pre-vote = false (custom)
2021-04-28 01:09:41,678 [c9444e84-7d1e-434a-8350-34c756d48665@group-4682BE63D858-FollowerState] INFO  impl.RoleInfo (RoleInfo.java:updateAndGet(130)) - c9444e84-7d1e-434a-8350-34c756d48665: start c9444e84-7d1e-434a-8350-34c756d48665@group-4682BE63D858-LeaderElection10
2021-04-28 01:09:41,681 [c9444e84-7d1e-434a-8350-34c756d48665@group-4682BE63D858-LeaderElection10] INFO  impl.LeaderElection (LeaderElection.java:askForVotes(306)) - c9444e84-7d1e-434a-8350-34c756d48665@group-4682BE63D858-LeaderElection10 ELECTION round 0: submit vote requests at term 1 for -1: [c9444e84-7d1e-434a-8350-34c756d48665|rpc:172.17.0.2:40945|priority:1], old=null
2021-04-28 01:09:41,681 [c9444e84-7d1e-434a-8350-34c756d48665@group-4682BE63D858-LeaderElection10] INFO  impl.LeaderElection (LeaderElection.java:askForVotes(308)) - c9444e84-7d1e-434a-8350-34c756d48665@group-4682BE63D858-LeaderElection10 ELECTION round 0: result PASSED (term=1)
2021-04-28 01:09:41,681 [c9444e84-7d1e-434a-8350-34c756d48665@group-4682BE63D858-LeaderElection10] INFO  impl.RoleInfo (RoleInfo.java:shutdownLeaderElection(121)) - c9444e84-7d1e-434a-8350-34c756d48665: shutdown c9444e84-7d1e-434a-8350-34c756d48665@group-4682BE63D858-LeaderElection10
2021-04-28 01:09:41,681 [c9444e84-7d1e-434a-8350-34c756d48665@group-4682BE63D858-LeaderElection10] INFO  server.RaftServer$Division (RaftServerImpl.java:setRole(284)) - c9444e84-7d1e-434a-8350-34c756d48665@group-4682BE63D858: changes role from CANDIDATE to LEADER at term 1 for changeToLeader
2021-04-28 01:09:41,681 [c9444e84-7d1e-434a-8350-34c756d48665@group-4682BE63D858-LeaderElection10] INFO  ratis.XceiverServerRatis (XceiverServerRatis.java:handleLeaderChangedNotification(906)) - Leader change notification received for group: group-4682BE63D858 with new leaderId: c9444e84-7d1e-434a-8350-34c756d48665
2021-04-28 01:09:41,682 [c9444e84-7d1e-434a-8350-34c756d48665@group-4682BE63D858-LeaderElection10] INFO  server.RaftServer$Division (ServerState.java:setLeader(271)) - c9444e84-7d1e-434a-8350-34c756d48665@group-4682BE63D858: change Leader from null to c9444e84-7d1e-434a-8350-34c756d48665 at term 1 for becomeLeader, leader elected after 5234ms
2021-04-28 01:09:41,682 [c9444e84-7d1e-434a-8350-34c756d48665@group-4682BE63D858-LeaderElection10] INFO  server.RaftServerConfigKeys (ConfUtils.java:logGet(44)) - raft.server.staging.catchup.gap = 1000 (default)
2021-04-28 01:09:41,682 [c9444e84-7d1e-434a-8350-34c756d48665@group-4682BE63D858-LeaderElection10] INFO  metrics.RatisMetrics (RatisMetrics.java:lambda$create$0(36)) - Creating Metrics Registry : ratis.log_appender.c9444e84-7d1e-434a-8350-34c756d48665@group-4682BE63D858
2021-04-28 01:09:41,682 [c9444e84-7d1e-434a-8350-34c756d48665@group-4682BE63D858-LeaderElection10] INFO  server.RaftServerConfigKeys (ConfUtils.java:logGet(44)) - raft.server.write.element-limit = 1024 (custom)
2021-04-28 01:09:41,682 [c9444e84-7d1e-434a-8350-34c756d48665@group-4682BE63D858-LeaderElection10] INFO  server.RaftServerConfigKeys (ConfUtils.java:logGet(44)) - raft.server.write.byte-limit = 1073741824 (custom)
2021-04-28 01:09:41,683 [c9444e84-7d1e-434a-8350-34c756d48665@group-4682BE63D858-LeaderElection10] INFO  server.RaftServerConfigKeys (ConfUtils.java:logGet(44)) - raft.server.watch.timeout = 3000ms (custom)
2021-04-28 01:09:41,683 [EventQueue-PipelineReportForOneReplicaPipelineSafeModeRule] INFO  safemode.SCMSafeModeManager (SCMSafeModeManager.java:validateSafeModeExitRules(201)) - AtleastOneDatanodeReportedRule rule is successfully validated
2021-04-28 01:09:41,683 [EventQueue-OpenPipelineForHealthyPipelineSafeModeRule] INFO  safemode.SCMSafeModeManager (HealthyPipelineSafeModeRule.java:process(130)) - SCM in safe mode. Healthy pipelines reported count is 0, required healthy pipeline reported count is 1
2021-04-28 01:09:41,683 [c9444e84-7d1e-434a-8350-34c756d48665@group-4682BE63D858-LeaderElection10] INFO  server.RaftServerConfigKeys (ConfUtils.java:logGet(44)) - raft.server.watch.timeout.denomination = 1s (default)
2021-04-28 01:09:41,685 [c9444e84-7d1e-434a-8350-34c756d48665@group-4682BE63D858-LeaderElection10] INFO  server.RaftServerConfigKeys (ConfUtils.java:logGet(44)) - raft.server.watch.element-limit = 65536 (default)
2021-04-28 01:09:41,685 [c9444e84-7d1e-434a-8350-34c756d48665@group-4682BE63D858-LeaderElection10] INFO  impl.RoleInfo (RoleInfo.java:updateAndGet(130)) - c9444e84-7d1e-434a-8350-34c756d48665: start c9444e84-7d1e-434a-8350-34c756d48665@group-4682BE63D858-LeaderStateImpl
2021-04-28 01:09:41,686 [c9444e84-7d1e-434a-8350-34c756d48665@group-4682BE63D858-LeaderElection10] INFO  segmented.SegmentedRaftLogWorker (SegmentedRaftLogWorker.java:startLogSegment(394)) - c9444e84-7d1e-434a-8350-34c756d48665@group-4682BE63D858-SegmentedRaftLogWorker: Starting segment from index:0
2021-04-28 01:09:41,694 [c9444e84-7d1e-434a-8350-34c756d48665@group-4682BE63D858-LeaderElection10] INFO  server.RaftServer$Division (ServerState.java:setRaftConf(373)) - c9444e84-7d1e-434a-8350-34c756d48665@group-4682BE63D858: set configuration 0: [c9444e84-7d1e-434a-8350-34c756d48665|rpc:172.17.0.2:40945|dataStream:|priority:1], old=null
2021-04-28 01:09:41,694 [c9444e84-7d1e-434a-8350-34c756d48665@group-4682BE63D858-SegmentedRaftLogWorker] INFO  segmented.SegmentedRaftLogWorker (SegmentedRaftLogWorker.java:execute(601)) - c9444e84-7d1e-434a-8350-34c756d48665@group-4682BE63D858-SegmentedRaftLogWorker: created new log segment /github/workspace/mnt/ozone/hadoop-ozone/integration-test/target/test-dir/MiniOzoneClusterImpl-d7076e4a-bb1a-46d0-b0f9-1975ab90d2da/datanode-4/data/ratis/504354f1-d3e9-4154-8299-4682be63d858/current/log_inprogress_0
2021-04-28 01:09:41,731 [0fca32f9-76ae-40c1-a223-13204f8d545a@group-2EE4D9CA95E6-FollowerState] INFO  impl.FollowerState (FollowerState.java:run(134)) - 0fca32f9-76ae-40c1-a223-13204f8d545a@group-2EE4D9CA95E6-FollowerState: change to CANDIDATE, lastRpcElapsedTime:5052477414ns, electionTimeout:5052ms
2021-04-28 01:09:41,731 [0fca32f9-76ae-40c1-a223-13204f8d545a@group-2EE4D9CA95E6-FollowerState] INFO  impl.RoleInfo (RoleInfo.java:shutdownFollowerState(108)) - 0fca32f9-76ae-40c1-a223-13204f8d545a: shutdown 0fca32f9-76ae-40c1-a223-13204f8d545a@group-2EE4D9CA95E6-FollowerState
2021-04-28 01:09:41,731 [0fca32f9-76ae-40c1-a223-13204f8d545a@group-2EE4D9CA95E6-FollowerState] INFO  server.RaftServer$Division (RaftServerImpl.java:setRole(284)) - 0fca32f9-76ae-40c1-a223-13204f8d545a@group-2EE4D9CA95E6: changes role from  FOLLOWER to CANDIDATE at term 0 for changeToCandidate
2021-04-28 01:09:41,732 [0fca32f9-76ae-40c1-a223-13204f8d545a@group-2EE4D9CA95E6-FollowerState] INFO  server.RaftServerConfigKeys (ConfUtils.java:logGet(44)) - raft.server.leaderelection.pre-vote = false (custom)
2021-04-28 01:09:41,732 [0fca32f9-76ae-40c1-a223-13204f8d545a@group-2EE4D9CA95E6-FollowerState] INFO  impl.RoleInfo (RoleInfo.java:updateAndGet(130)) - 0fca32f9-76ae-40c1-a223-13204f8d545a: start 0fca32f9-76ae-40c1-a223-13204f8d545a@group-2EE4D9CA95E6-LeaderElection11
2021-04-28 01:09:41,734 [0fca32f9-76ae-40c1-a223-13204f8d545a@group-2EE4D9CA95E6-LeaderElection11] INFO  impl.LeaderElection (LeaderElection.java:askForVotes(306)) - 0fca32f9-76ae-40c1-a223-13204f8d545a@group-2EE4D9CA95E6-LeaderElection11 ELECTION round 0: submit vote requests at term 1 for -1: [0fca32f9-76ae-40c1-a223-13204f8d545a|rpc:172.17.0.2:34055|priority:1], old=null
2021-04-28 01:09:41,734 [0fca32f9-76ae-40c1-a223-13204f8d545a@group-2EE4D9CA95E6-LeaderElection11] INFO  impl.LeaderElection (LeaderElection.java:askForVotes(308)) - 0fca32f9-76ae-40c1-a223-13204f8d545a@group-2EE4D9CA95E6-LeaderElection11 ELECTION round 0: result PASSED (term=1)
2021-04-28 01:09:41,734 [0fca32f9-76ae-40c1-a223-13204f8d545a@group-2EE4D9CA95E6-LeaderElection11] INFO  impl.RoleInfo (RoleInfo.java:shutdownLeaderElection(121)) - 0fca32f9-76ae-40c1-a223-13204f8d545a: shutdown 0fca32f9-76ae-40c1-a223-13204f8d545a@group-2EE4D9CA95E6-LeaderElection11
2021-04-28 01:09:41,734 [0fca32f9-76ae-40c1-a223-13204f8d545a@group-2EE4D9CA95E6-LeaderElection11] INFO  server.RaftServer$Division (RaftServerImpl.java:setRole(284)) - 0fca32f9-76ae-40c1-a223-13204f8d545a@group-2EE4D9CA95E6: changes role from CANDIDATE to LEADER at term 1 for changeToLeader
2021-04-28 01:09:41,734 [0fca32f9-76ae-40c1-a223-13204f8d545a@group-2EE4D9CA95E6-LeaderElection11] INFO  ratis.XceiverServerRatis (XceiverServerRatis.java:handleLeaderChangedNotification(906)) - Leader change notification received for group: group-2EE4D9CA95E6 with new leaderId: 0fca32f9-76ae-40c1-a223-13204f8d545a
2021-04-28 01:09:41,736 [0fca32f9-76ae-40c1-a223-13204f8d545a@group-2EE4D9CA95E6-LeaderElection11] INFO  server.RaftServer$Division (ServerState.java:setLeader(271)) - 0fca32f9-76ae-40c1-a223-13204f8d545a@group-2EE4D9CA95E6: change Leader from null to 0fca32f9-76ae-40c1-a223-13204f8d545a at term 1 for becomeLeader, leader elected after 5061ms
2021-04-28 01:09:41,736 [0fca32f9-76ae-40c1-a223-13204f8d545a@group-2EE4D9CA95E6-LeaderElection11] INFO  server.RaftServerConfigKeys (ConfUtils.java:logGet(44)) - raft.server.staging.catchup.gap = 1000 (default)
2021-04-28 01:09:41,736 [0fca32f9-76ae-40c1-a223-13204f8d545a@group-2EE4D9CA95E6-LeaderElection11] INFO  metrics.RatisMetrics (RatisMetrics.java:lambda$create$0(36)) - Creating Metrics Registry : ratis.log_appender.0fca32f9-76ae-40c1-a223-13204f8d545a@group-2EE4D9CA95E6
2021-04-28 01:09:41,736 [0fca32f9-76ae-40c1-a223-13204f8d545a@group-2EE4D9CA95E6-LeaderElection11] INFO  server.RaftServerConfigKeys (ConfUtils.java:logGet(44)) - raft.server.write.element-limit = 1024 (custom)
2021-04-28 01:09:41,736 [0fca32f9-76ae-40c1-a223-13204f8d545a@group-2EE4D9CA95E6-LeaderElection11] INFO  server.RaftServerConfigKeys (ConfUtils.java:logGet(44)) - raft.server.write.byte-limit = 1073741824 (custom)
2021-04-28 01:09:41,737 [0fca32f9-76ae-40c1-a223-13204f8d545a@group-2EE4D9CA95E6-LeaderElection11] INFO  server.RaftServerConfigKeys (ConfUtils.java:logGet(44)) - raft.server.watch.timeout = 3000ms (custom)
2021-04-28 01:09:41,737 [EventQueue-PipelineReportForOneReplicaPipelineSafeModeRule] INFO  safemode.SCMSafeModeManager (SCMSafeModeManager.java:validateSafeModeExitRules(201)) - AtleastOneDatanodeReportedRule rule is successfully validated
2021-04-28 01:09:41,737 [0fca32f9-76ae-40c1-a223-13204f8d545a@group-2EE4D9CA95E6-LeaderElection11] INFO  server.RaftServerConfigKeys (ConfUtils.java:logGet(44)) - raft.server.watch.timeout.denomination = 1s (default)
2021-04-28 01:09:41,741 [0fca32f9-76ae-40c1-a223-13204f8d545a@group-2EE4D9CA95E6-LeaderElection11] INFO  server.RaftServerConfigKeys (ConfUtils.java:logGet(44)) - raft.server.watch.element-limit = 65536 (default)
2021-04-28 01:09:41,737 [EventQueue-OpenPipelineForHealthyPipelineSafeModeRule] INFO  safemode.SCMSafeModeManager (HealthyPipelineSafeModeRule.java:process(130)) - SCM in safe mode. Healthy pipelines reported count is 0, required healthy pipeline reported count is 1
2021-04-28 01:09:41,742 [0fca32f9-76ae-40c1-a223-13204f8d545a@group-2EE4D9CA95E6-LeaderElection11] INFO  impl.RoleInfo (RoleInfo.java:updateAndGet(130)) - 0fca32f9-76ae-40c1-a223-13204f8d545a: start 0fca32f9-76ae-40c1-a223-13204f8d545a@group-2EE4D9CA95E6-LeaderStateImpl
2021-04-28 01:09:41,742 [0fca32f9-76ae-40c1-a223-13204f8d545a@group-2EE4D9CA95E6-LeaderElection11] INFO  segmented.SegmentedRaftLogWorker (SegmentedRaftLogWorker.java:startLogSegment(394)) - 0fca32f9-76ae-40c1-a223-13204f8d545a@group-2EE4D9CA95E6-SegmentedRaftLogWorker: Starting segment from index:0
2021-04-28 01:09:41,743 [0fca32f9-76ae-40c1-a223-13204f8d545a@group-2EE4D9CA95E6-LeaderElection11] INFO  server.RaftServer$Division (ServerState.java:setRaftConf(373)) - 0fca32f9-76ae-40c1-a223-13204f8d545a@group-2EE4D9CA95E6: set configuration 0: [0fca32f9-76ae-40c1-a223-13204f8d545a|rpc:172.17.0.2:34055|dataStream:|priority:1], old=null
2021-04-28 01:09:41,743 [0fca32f9-76ae-40c1-a223-13204f8d545a@group-2EE4D9CA95E6-SegmentedRaftLogWorker] INFO  segmented.SegmentedRaftLogWorker (SegmentedRaftLogWorker.java:execute(601)) - 0fca32f9-76ae-40c1-a223-13204f8d545a@group-2EE4D9CA95E6-SegmentedRaftLogWorker: created new log segment /github/workspace/mnt/ozone/hadoop-ozone/integration-test/target/test-dir/MiniOzoneClusterImpl-d7076e4a-bb1a-46d0-b0f9-1975ab90d2da/datanode-5/data/ratis/6a0a0a70-9eb6-48ed-9954-2ee4d9ca95e6/current/log_inprogress_0
2021-04-28 01:09:41,884 [EventQueue-PipelineReportForOneReplicaPipelineSafeModeRule] INFO  safemode.SCMSafeModeManager (SCMSafeModeManager.java:validateSafeModeExitRules(201)) - AtleastOneDatanodeReportedRule rule is successfully validated
2021-04-28 01:09:41,885 [EventQueue-OpenPipelineForHealthyPipelineSafeModeRule] INFO  safemode.SCMSafeModeManager (HealthyPipelineSafeModeRule.java:process(130)) - SCM in safe mode. Healthy pipelines reported count is 0, required healthy pipeline reported count is 1
2021-04-28 01:09:41,912 [Listener at 127.0.0.1/36361] INFO  ozone.MiniOzoneClusterImpl (MiniOzoneClusterImpl.java:lambda$waitForClusterToBeReady$0(224)) - Nodes are ready. Got 7 of 7 DN Heartbeats.
2021-04-28 01:09:41,912 [Listener at 127.0.0.1/36361] INFO  ozone.MiniOzoneClusterImpl (MiniOzoneClusterImpl.java:lambda$waitForClusterToBeReady$0(227)) - Waiting for cluster to exit safe mode
2021-04-28 01:09:41,912 [Listener at 127.0.0.1/36361] INFO  ozone.MiniOzoneClusterImpl (MiniOzoneClusterImpl.java:lambda$waitForClusterToBeReady$0(230)) - SCM became leader
2021-04-28 01:09:41,920 [EventQueue-OpenPipelineForHealthyPipelineSafeModeRule] INFO  safemode.SCMSafeModeManager (HealthyPipelineSafeModeRule.java:process(130)) - SCM in safe mode. Healthy pipelines reported count is 0, required healthy pipeline reported count is 1
2021-04-28 01:09:41,920 [EventQueue-PipelineReportForOneReplicaPipelineSafeModeRule] INFO  safemode.SCMSafeModeManager (SCMSafeModeManager.java:validateSafeModeExitRules(201)) - AtleastOneDatanodeReportedRule rule is successfully validated
2021-04-28 01:09:41,974 [516c2186-7081-446e-b4e0-00439124a839@group-EB297B609B55-FollowerState] INFO  impl.FollowerState (FollowerState.java:run(134)) - 516c2186-7081-446e-b4e0-00439124a839@group-EB297B609B55-FollowerState: change to CANDIDATE, lastRpcElapsedTime:5046545161ns, electionTimeout:5046ms
2021-04-28 01:09:41,975 [516c2186-7081-446e-b4e0-00439124a839@group-EB297B609B55-FollowerState] INFO  impl.RoleInfo (RoleInfo.java:shutdownFollowerState(108)) - 516c2186-7081-446e-b4e0-00439124a839: shutdown 516c2186-7081-446e-b4e0-00439124a839@group-EB297B609B55-FollowerState
2021-04-28 01:09:41,975 [516c2186-7081-446e-b4e0-00439124a839@group-EB297B609B55-FollowerState] INFO  server.RaftServer$Division (RaftServerImpl.java:setRole(284)) - 516c2186-7081-446e-b4e0-00439124a839@group-EB297B609B55: changes role from  FOLLOWER to CANDIDATE at term 0 for changeToCandidate
2021-04-28 01:09:41,976 [516c2186-7081-446e-b4e0-00439124a839@group-EB297B609B55-FollowerState] INFO  server.RaftServerConfigKeys (ConfUtils.java:logGet(44)) - raft.server.leaderelection.pre-vote = false (custom)
2021-04-28 01:09:41,976 [516c2186-7081-446e-b4e0-00439124a839@group-EB297B609B55-FollowerState] INFO  impl.RoleInfo (RoleInfo.java:updateAndGet(130)) - 516c2186-7081-446e-b4e0-00439124a839: start 516c2186-7081-446e-b4e0-00439124a839@group-EB297B609B55-LeaderElection12
2021-04-28 01:09:41,980 [516c2186-7081-446e-b4e0-00439124a839@group-EB297B609B55-LeaderElection12] INFO  impl.LeaderElection (LeaderElection.java:askForVotes(306)) - 516c2186-7081-446e-b4e0-00439124a839@group-EB297B609B55-LeaderElection12 ELECTION round 0: submit vote requests at term 1 for -1: [516c2186-7081-446e-b4e0-00439124a839|rpc:172.17.0.2:39685|priority:1], old=null
2021-04-28 01:09:41,980 [516c2186-7081-446e-b4e0-00439124a839@group-EB297B609B55-LeaderElection12] INFO  impl.LeaderElection (LeaderElection.java:askForVotes(308)) - 516c2186-7081-446e-b4e0-00439124a839@group-EB297B609B55-LeaderElection12 ELECTION round 0: result PASSED (term=1)
2021-04-28 01:09:41,980 [516c2186-7081-446e-b4e0-00439124a839@group-EB297B609B55-LeaderElection12] INFO  impl.RoleInfo (RoleInfo.java:shutdownLeaderElection(121)) - 516c2186-7081-446e-b4e0-00439124a839: shutdown 516c2186-7081-446e-b4e0-00439124a839@group-EB297B609B55-LeaderElection12
2021-04-28 01:09:41,980 [516c2186-7081-446e-b4e0-00439124a839@group-EB297B609B55-LeaderElection12] INFO  server.RaftServer$Division (RaftServerImpl.java:setRole(284)) - 516c2186-7081-446e-b4e0-00439124a839@group-EB297B609B55: changes role from CANDIDATE to LEADER at term 1 for changeToLeader
2021-04-28 01:09:41,980 [516c2186-7081-446e-b4e0-00439124a839@group-EB297B609B55-LeaderElection12] INFO  ratis.XceiverServerRatis (XceiverServerRatis.java:handleLeaderChangedNotification(906)) - Leader change notification received for group: group-EB297B609B55 with new leaderId: 516c2186-7081-446e-b4e0-00439124a839
2021-04-28 01:09:41,980 [516c2186-7081-446e-b4e0-00439124a839@group-EB297B609B55-LeaderElection12] INFO  server.RaftServer$Division (ServerState.java:setLeader(271)) - 516c2186-7081-446e-b4e0-00439124a839@group-EB297B609B55: change Leader from null to 516c2186-7081-446e-b4e0-00439124a839 at term 1 for becomeLeader, leader elected after 5062ms
2021-04-28 01:09:41,980 [516c2186-7081-446e-b4e0-00439124a839@group-EB297B609B55-LeaderElection12] INFO  server.RaftServerConfigKeys (ConfUtils.java:logGet(44)) - raft.server.staging.catchup.gap = 1000 (default)
2021-04-28 01:09:41,981 [516c2186-7081-446e-b4e0-00439124a839@group-EB297B609B55-LeaderElection12] INFO  metrics.RatisMetrics (RatisMetrics.java:lambda$create$0(36)) - Creating Metrics Registry : ratis.log_appender.516c2186-7081-446e-b4e0-00439124a839@group-EB297B609B55
2021-04-28 01:09:41,981 [EventQueue-OpenPipelineForHealthyPipelineSafeModeRule] INFO  safemode.SCMSafeModeManager (HealthyPipelineSafeModeRule.java:process(130)) - SCM in safe mode. Healthy pipelines reported count is 0, required healthy pipeline reported count is 1
2021-04-28 01:09:41,982 [EventQueue-PipelineReportForOneReplicaPipelineSafeModeRule] INFO  safemode.SCMSafeModeManager (SCMSafeModeManager.java:validateSafeModeExitRules(201)) - AtleastOneDatanodeReportedRule rule is successfully validated
2021-04-28 01:09:41,983 [516c2186-7081-446e-b4e0-00439124a839@group-EB297B609B55-LeaderElection12] INFO  server.RaftServerConfigKeys (ConfUtils.java:logGet(44)) - raft.server.write.element-limit = 1024 (custom)
2021-04-28 01:09:41,983 [516c2186-7081-446e-b4e0-00439124a839@group-EB297B609B55-LeaderElection12] INFO  server.RaftServerConfigKeys (ConfUtils.java:logGet(44)) - raft.server.write.byte-limit = 1073741824 (custom)
2021-04-28 01:09:41,983 [516c2186-7081-446e-b4e0-00439124a839@group-EB297B609B55-LeaderElection12] INFO  server.RaftServerConfigKeys (ConfUtils.java:logGet(44)) - raft.server.watch.timeout = 3000ms (custom)
2021-04-28 01:09:41,983 [516c2186-7081-446e-b4e0-00439124a839@group-EB297B609B55-LeaderElection12] INFO  server.RaftServerConfigKeys (ConfUtils.java:logGet(44)) - raft.server.watch.timeout.denomination = 1s (default)
2021-04-28 01:09:41,983 [516c2186-7081-446e-b4e0-00439124a839@group-EB297B609B55-LeaderElection12] INFO  server.RaftServerConfigKeys (ConfUtils.java:logGet(44)) - raft.server.watch.element-limit = 65536 (default)
2021-04-28 01:09:41,983 [516c2186-7081-446e-b4e0-00439124a839@group-EB297B609B55-LeaderElection12] INFO  impl.RoleInfo (RoleInfo.java:updateAndGet(130)) - 516c2186-7081-446e-b4e0-00439124a839: start 516c2186-7081-446e-b4e0-00439124a839@group-EB297B609B55-LeaderStateImpl
2021-04-28 01:09:41,983 [516c2186-7081-446e-b4e0-00439124a839@group-EB297B609B55-LeaderElection12] INFO  segmented.SegmentedRaftLogWorker (SegmentedRaftLogWorker.java:startLogSegment(394)) - 516c2186-7081-446e-b4e0-00439124a839@group-EB297B609B55-SegmentedRaftLogWorker: Starting segment from index:0
2021-04-28 01:09:41,984 [516c2186-7081-446e-b4e0-00439124a839@group-EB297B609B55-SegmentedRaftLogWorker] INFO  segmented.SegmentedRaftLogWorker (SegmentedRaftLogWorker.java:execute(601)) - 516c2186-7081-446e-b4e0-00439124a839@group-EB297B609B55-SegmentedRaftLogWorker: created new log segment /github/workspace/mnt/ozone/hadoop-ozone/integration-test/target/test-dir/MiniOzoneClusterImpl-d7076e4a-bb1a-46d0-b0f9-1975ab90d2da/datanode-6/data/ratis/67f5cbed-1d36-4b3d-82d0-eb297b609b55/current/log_inprogress_0
2021-04-28 01:09:41,988 [516c2186-7081-446e-b4e0-00439124a839@group-EB297B609B55-LeaderElection12] INFO  server.RaftServer$Division (ServerState.java:setRaftConf(373)) - 516c2186-7081-446e-b4e0-00439124a839@group-EB297B609B55: set configuration 0: [516c2186-7081-446e-b4e0-00439124a839|rpc:172.17.0.2:39685|dataStream:|priority:1], old=null
2021-04-28 01:09:42,223 [EventQueue-PipelineReportForOneReplicaPipelineSafeModeRule] INFO  safemode.SCMSafeModeManager (SCMSafeModeManager.java:validateSafeModeExitRules(201)) - AtleastOneDatanodeReportedRule rule is successfully validated
2021-04-28 01:09:42,224 [EventQueue-OpenPipelineForHealthyPipelineSafeModeRule] INFO  safemode.SCMSafeModeManager (HealthyPipelineSafeModeRule.java:process(130)) - SCM in safe mode. Healthy pipelines reported count is 0, required healthy pipeline reported count is 1
2021-04-28 01:09:42,370 [EventQueue-PipelineReportForOneReplicaPipelineSafeModeRule] INFO  safemode.SCMSafeModeManager (SCMSafeModeManager.java:validateSafeModeExitRules(201)) - AtleastOneDatanodeReportedRule rule is successfully validated
2021-04-28 01:09:42,370 [EventQueue-OpenPipelineForHealthyPipelineSafeModeRule] INFO  safemode.SCMSafeModeManager (HealthyPipelineSafeModeRule.java:process(130)) - SCM in safe mode. Healthy pipelines reported count is 0, required healthy pipeline reported count is 1
2021-04-28 01:09:42,589 [EventQueue-PipelineReportForOneReplicaPipelineSafeModeRule] INFO  safemode.SCMSafeModeManager (SCMSafeModeManager.java:validateSafeModeExitRules(201)) - AtleastOneDatanodeReportedRule rule is successfully validated
2021-04-28 01:09:42,589 [EventQueue-OpenPipelineForHealthyPipelineSafeModeRule] INFO  safemode.SCMSafeModeManager (HealthyPipelineSafeModeRule.java:process(130)) - SCM in safe mode. Healthy pipelines reported count is 0, required healthy pipeline reported count is 1
2021-04-28 01:09:42,683 [EventQueue-OpenPipelineForHealthyPipelineSafeModeRule] INFO  safemode.SCMSafeModeManager (HealthyPipelineSafeModeRule.java:process(130)) - SCM in safe mode. Healthy pipelines reported count is 0, required healthy pipeline reported count is 1
2021-04-28 01:09:42,683 [EventQueue-PipelineReportForOneReplicaPipelineSafeModeRule] INFO  safemode.SCMSafeModeManager (SCMSafeModeManager.java:validateSafeModeExitRules(201)) - AtleastOneDatanodeReportedRule rule is successfully validated
2021-04-28 01:09:42,738 [EventQueue-PipelineReportForOneReplicaPipelineSafeModeRule] INFO  safemode.SCMSafeModeManager (SCMSafeModeManager.java:validateSafeModeExitRules(201)) - AtleastOneDatanodeReportedRule rule is successfully validated
2021-04-28 01:09:42,738 [EventQueue-OpenPipelineForHealthyPipelineSafeModeRule] INFO  safemode.SCMSafeModeManager (HealthyPipelineSafeModeRule.java:process(130)) - SCM in safe mode. Healthy pipelines reported count is 0, required healthy pipeline reported count is 1
2021-04-28 01:09:42,884 [EventQueue-PipelineReportForOneReplicaPipelineSafeModeRule] INFO  safemode.SCMSafeModeManager (SCMSafeModeManager.java:validateSafeModeExitRules(201)) - AtleastOneDatanodeReportedRule rule is successfully validated
2021-04-28 01:09:42,885 [EventQueue-OpenPipelineForHealthyPipelineSafeModeRule] INFO  safemode.SCMSafeModeManager (HealthyPipelineSafeModeRule.java:process(130)) - SCM in safe mode. Healthy pipelines reported count is 0, required healthy pipeline reported count is 1
2021-04-28 01:09:42,912 [Listener at 127.0.0.1/36361] INFO  ozone.MiniOzoneClusterImpl (MiniOzoneClusterImpl.java:lambda$waitForClusterToBeReady$0(224)) - Nodes are ready. Got 7 of 7 DN Heartbeats.
2021-04-28 01:09:42,912 [Listener at 127.0.0.1/36361] INFO  ozone.MiniOzoneClusterImpl (MiniOzoneClusterImpl.java:lambda$waitForClusterToBeReady$0(227)) - Waiting for cluster to exit safe mode
2021-04-28 01:09:42,912 [Listener at 127.0.0.1/36361] INFO  ozone.MiniOzoneClusterImpl (MiniOzoneClusterImpl.java:lambda$waitForClusterToBeReady$0(230)) - SCM became leader
2021-04-28 01:09:42,981 [EventQueue-PipelineReportForOneReplicaPipelineSafeModeRule] INFO  safemode.SCMSafeModeManager (SCMSafeModeManager.java:validateSafeModeExitRules(201)) - AtleastOneDatanodeReportedRule rule is successfully validated
2021-04-28 01:09:42,982 [EventQueue-OpenPipelineForHealthyPipelineSafeModeRule] INFO  safemode.SCMSafeModeManager (HealthyPipelineSafeModeRule.java:process(130)) - SCM in safe mode. Healthy pipelines reported count is 0, required healthy pipeline reported count is 1
2021-04-28 01:09:43,223 [EventQueue-PipelineReportForOneReplicaPipelineSafeModeRule] INFO  safemode.SCMSafeModeManager (SCMSafeModeManager.java:validateSafeModeExitRules(201)) - AtleastOneDatanodeReportedRule rule is successfully validated
2021-04-28 01:09:43,224 [EventQueue-OpenPipelineForHealthyPipelineSafeModeRule] INFO  safemode.SCMSafeModeManager (HealthyPipelineSafeModeRule.java:process(130)) - SCM in safe mode. Healthy pipelines reported count is 0, required healthy pipeline reported count is 1
2021-04-28 01:09:43,370 [EventQueue-PipelineReportForOneReplicaPipelineSafeModeRule] INFO  safemode.SCMSafeModeManager (SCMSafeModeManager.java:validateSafeModeExitRules(201)) - AtleastOneDatanodeReportedRule rule is successfully validated
2021-04-28 01:09:43,370 [EventQueue-OpenPipelineForHealthyPipelineSafeModeRule] INFO  safemode.SCMSafeModeManager (HealthyPipelineSafeModeRule.java:process(130)) - SCM in safe mode. Healthy pipelines reported count is 0, required healthy pipeline reported count is 1
2021-04-28 01:09:43,589 [EventQueue-PipelineReportForOneReplicaPipelineSafeModeRule] INFO  safemode.SCMSafeModeManager (SCMSafeModeManager.java:validateSafeModeExitRules(201)) - AtleastOneDatanodeReportedRule rule is successfully validated
2021-04-28 01:09:43,589 [EventQueue-OpenPipelineForHealthyPipelineSafeModeRule] INFO  safemode.SCMSafeModeManager (HealthyPipelineSafeModeRule.java:process(130)) - SCM in safe mode. Healthy pipelines reported count is 0, required healthy pipeline reported count is 1
2021-04-28 01:09:43,682 [EventQueue-PipelineReportForOneReplicaPipelineSafeModeRule] INFO  safemode.SCMSafeModeManager (SCMSafeModeManager.java:validateSafeModeExitRules(201)) - AtleastOneDatanodeReportedRule rule is successfully validated
2021-04-28 01:09:43,683 [EventQueue-OpenPipelineForHealthyPipelineSafeModeRule] INFO  safemode.SCMSafeModeManager (HealthyPipelineSafeModeRule.java:process(130)) - SCM in safe mode. Healthy pipelines reported count is 0, required healthy pipeline reported count is 1
2021-04-28 01:09:43,742 [EventQueue-OpenPipelineForHealthyPipelineSafeModeRule] INFO  safemode.SCMSafeModeManager (HealthyPipelineSafeModeRule.java:process(130)) - SCM in safe mode. Healthy pipelines reported count is 0, required healthy pipeline reported count is 1
2021-04-28 01:09:43,742 [EventQueue-PipelineReportForOneReplicaPipelineSafeModeRule] INFO  safemode.SCMSafeModeManager (SCMSafeModeManager.java:validateSafeModeExitRules(201)) - AtleastOneDatanodeReportedRule rule is successfully validated
2021-04-28 01:09:43,884 [EventQueue-PipelineReportForOneReplicaPipelineSafeModeRule] INFO  safemode.SCMSafeModeManager (SCMSafeModeManager.java:validateSafeModeExitRules(201)) - AtleastOneDatanodeReportedRule rule is successfully validated
2021-04-28 01:09:43,884 [EventQueue-OpenPipelineForHealthyPipelineSafeModeRule] INFO  safemode.SCMSafeModeManager (HealthyPipelineSafeModeRule.java:process(130)) - SCM in safe mode. Healthy pipelines reported count is 0, required healthy pipeline reported count is 1
2021-04-28 01:09:43,913 [Listener at 127.0.0.1/36361] INFO  ozone.MiniOzoneClusterImpl (MiniOzoneClusterImpl.java:lambda$waitForClusterToBeReady$0(224)) - Nodes are ready. Got 7 of 7 DN Heartbeats.
2021-04-28 01:09:43,913 [Listener at 127.0.0.1/36361] INFO  ozone.MiniOzoneClusterImpl (MiniOzoneClusterImpl.java:lambda$waitForClusterToBeReady$0(227)) - Waiting for cluster to exit safe mode
2021-04-28 01:09:43,913 [Listener at 127.0.0.1/36361] INFO  ozone.MiniOzoneClusterImpl (MiniOzoneClusterImpl.java:lambda$waitForClusterToBeReady$0(230)) - SCM became leader
2021-04-28 01:09:43,981 [EventQueue-PipelineReportForOneReplicaPipelineSafeModeRule] INFO  safemode.SCMSafeModeManager (SCMSafeModeManager.java:validateSafeModeExitRules(201)) - AtleastOneDatanodeReportedRule rule is successfully validated
2021-04-28 01:09:43,981 [EventQueue-OpenPipelineForHealthyPipelineSafeModeRule] INFO  safemode.SCMSafeModeManager (HealthyPipelineSafeModeRule.java:process(130)) - SCM in safe mode. Healthy pipelines reported count is 0, required healthy pipeline reported count is 1
2021-04-28 01:09:44,223 [EventQueue-PipelineReportForOneReplicaPipelineSafeModeRule] INFO  safemode.SCMSafeModeManager (SCMSafeModeManager.java:validateSafeModeExitRules(201)) - AtleastOneDatanodeReportedRule rule is successfully validated
2021-04-28 01:09:44,224 [EventQueue-OpenPipelineForHealthyPipelineSafeModeRule] INFO  safemode.SCMSafeModeManager (HealthyPipelineSafeModeRule.java:process(130)) - SCM in safe mode. Healthy pipelines reported count is 0, required healthy pipeline reported count is 1
2021-04-28 01:09:44,371 [EventQueue-PipelineReportForOneReplicaPipelineSafeModeRule] INFO  safemode.SCMSafeModeManager (SCMSafeModeManager.java:validateSafeModeExitRules(201)) - AtleastOneDatanodeReportedRule rule is successfully validated
2021-04-28 01:09:44,371 [EventQueue-OpenPipelineForHealthyPipelineSafeModeRule] INFO  safemode.SCMSafeModeManager (HealthyPipelineSafeModeRule.java:process(130)) - SCM in safe mode. Healthy pipelines reported count is 0, required healthy pipeline reported count is 1
2021-04-28 01:09:44,589 [EventQueue-PipelineReportForOneReplicaPipelineSafeModeRule] INFO  safemode.SCMSafeModeManager (SCMSafeModeManager.java:validateSafeModeExitRules(201)) - AtleastOneDatanodeReportedRule rule is successfully validated
2021-04-28 01:09:44,589 [EventQueue-OpenPipelineForHealthyPipelineSafeModeRule] INFO  safemode.SCMSafeModeManager (HealthyPipelineSafeModeRule.java:process(130)) - SCM in safe mode. Healthy pipelines reported count is 0, required healthy pipeline reported count is 1
2021-04-28 01:09:44,683 [EventQueue-PipelineReportForOneReplicaPipelineSafeModeRule] INFO  safemode.SCMSafeModeManager (SCMSafeModeManager.java:validateSafeModeExitRules(201)) - AtleastOneDatanodeReportedRule rule is successfully validated
2021-04-28 01:09:44,684 [EventQueue-OpenPipelineForHealthyPipelineSafeModeRule] INFO  safemode.SCMSafeModeManager (HealthyPipelineSafeModeRule.java:process(130)) - SCM in safe mode. Healthy pipelines reported count is 0, required healthy pipeline reported count is 1
2021-04-28 01:09:44,742 [EventQueue-PipelineReportForOneReplicaPipelineSafeModeRule] INFO  safemode.SCMSafeModeManager (SCMSafeModeManager.java:validateSafeModeExitRules(201)) - AtleastOneDatanodeReportedRule rule is successfully validated
2021-04-28 01:09:44,742 [EventQueue-OpenPipelineForHealthyPipelineSafeModeRule] INFO  safemode.SCMSafeModeManager (HealthyPipelineSafeModeRule.java:process(130)) - SCM in safe mode. Healthy pipelines reported count is 0, required healthy pipeline reported count is 1
2021-04-28 01:09:44,884 [EventQueue-OpenPipelineForHealthyPipelineSafeModeRule] INFO  safemode.SCMSafeModeManager (HealthyPipelineSafeModeRule.java:process(130)) - SCM in safe mode. Healthy pipelines reported count is 0, required healthy pipeline reported count is 1
2021-04-28 01:09:44,884 [EventQueue-PipelineReportForOneReplicaPipelineSafeModeRule] INFO  safemode.SCMSafeModeManager (SCMSafeModeManager.java:validateSafeModeExitRules(201)) - AtleastOneDatanodeReportedRule rule is successfully validated
2021-04-28 01:09:44,913 [Listener at 127.0.0.1/36361] INFO  ozone.MiniOzoneClusterImpl (MiniOzoneClusterImpl.java:lambda$waitForClusterToBeReady$0(224)) - Nodes are ready. Got 7 of 7 DN Heartbeats.
2021-04-28 01:09:44,913 [Listener at 127.0.0.1/36361] INFO  ozone.MiniOzoneClusterImpl (MiniOzoneClusterImpl.java:lambda$waitForClusterToBeReady$0(227)) - Waiting for cluster to exit safe mode
2021-04-28 01:09:44,913 [Listener at 127.0.0.1/36361] INFO  ozone.MiniOzoneClusterImpl (MiniOzoneClusterImpl.java:lambda$waitForClusterToBeReady$0(230)) - SCM became leader
2021-04-28 01:09:44,981 [EventQueue-OpenPipelineForHealthyPipelineSafeModeRule] INFO  safemode.SCMSafeModeManager (HealthyPipelineSafeModeRule.java:process(130)) - SCM in safe mode. Healthy pipelines reported count is 0, required healthy pipeline reported count is 1
2021-04-28 01:09:44,981 [EventQueue-PipelineReportForOneReplicaPipelineSafeModeRule] INFO  safemode.SCMSafeModeManager (SCMSafeModeManager.java:validateSafeModeExitRules(201)) - AtleastOneDatanodeReportedRule rule is successfully validated
2021-04-28 01:09:45,223 [EventQueue-PipelineReportForOneReplicaPipelineSafeModeRule] INFO  safemode.SCMSafeModeManager (SCMSafeModeManager.java:validateSafeModeExitRules(201)) - AtleastOneDatanodeReportedRule rule is successfully validated
2021-04-28 01:09:45,224 [EventQueue-OpenPipelineForHealthyPipelineSafeModeRule] INFO  safemode.SCMSafeModeManager (HealthyPipelineSafeModeRule.java:process(130)) - SCM in safe mode. Healthy pipelines reported count is 0, required healthy pipeline reported count is 1
2021-04-28 01:09:45,371 [EventQueue-PipelineReportForOneReplicaPipelineSafeModeRule] INFO  safemode.SCMSafeModeManager (SCMSafeModeManager.java:validateSafeModeExitRules(201)) - AtleastOneDatanodeReportedRule rule is successfully validated
2021-04-28 01:09:45,372 [EventQueue-OpenPipelineForHealthyPipelineSafeModeRule] INFO  safemode.SCMSafeModeManager (HealthyPipelineSafeModeRule.java:process(130)) - SCM in safe mode. Healthy pipelines reported count is 0, required healthy pipeline reported count is 1
2021-04-28 01:09:45,589 [EventQueue-PipelineReportForOneReplicaPipelineSafeModeRule] INFO  safemode.SCMSafeModeManager (SCMSafeModeManager.java:validateSafeModeExitRules(201)) - AtleastOneDatanodeReportedRule rule is successfully validated
2021-04-28 01:09:45,590 [EventQueue-OpenPipelineForHealthyPipelineSafeModeRule] INFO  safemode.SCMSafeModeManager (HealthyPipelineSafeModeRule.java:process(130)) - SCM in safe mode. Healthy pipelines reported count is 0, required healthy pipeline reported count is 1
2021-04-28 01:09:45,683 [EventQueue-PipelineReportForOneReplicaPipelineSafeModeRule] INFO  safemode.SCMSafeModeManager (SCMSafeModeManager.java:validateSafeModeExitRules(201)) - AtleastOneDatanodeReportedRule rule is successfully validated
2021-04-28 01:09:45,684 [EventQueue-OpenPipelineForHealthyPipelineSafeModeRule] INFO  safemode.SCMSafeModeManager (HealthyPipelineSafeModeRule.java:process(130)) - SCM in safe mode. Healthy pipelines reported count is 0, required healthy pipeline reported count is 1
2021-04-28 01:09:45,716 [f65384a4-a8a4-4787-a0e5-96e28e751202@group-A8230B39765F-FollowerState] INFO  impl.FollowerState (FollowerState.java:run(134)) - f65384a4-a8a4-4787-a0e5-96e28e751202@group-A8230B39765F-FollowerState: change to CANDIDATE, lastRpcElapsedTime:5179011400ns, electionTimeout:5168ms
2021-04-28 01:09:45,716 [f65384a4-a8a4-4787-a0e5-96e28e751202@group-A8230B39765F-FollowerState] INFO  impl.RoleInfo (RoleInfo.java:shutdownFollowerState(108)) - f65384a4-a8a4-4787-a0e5-96e28e751202: shutdown f65384a4-a8a4-4787-a0e5-96e28e751202@group-A8230B39765F-FollowerState
2021-04-28 01:09:45,716 [f65384a4-a8a4-4787-a0e5-96e28e751202@group-A8230B39765F-FollowerState] INFO  server.RaftServer$Division (RaftServerImpl.java:setRole(284)) - f65384a4-a8a4-4787-a0e5-96e28e751202@group-A8230B39765F: changes role from  FOLLOWER to CANDIDATE at term 1 for changeToCandidate
2021-04-28 01:09:45,716 [f65384a4-a8a4-4787-a0e5-96e28e751202@group-A8230B39765F-FollowerState] INFO  server.RaftServerConfigKeys (ConfUtils.java:logGet(44)) - raft.server.leaderelection.pre-vote = false (custom)
2021-04-28 01:09:45,716 [f65384a4-a8a4-4787-a0e5-96e28e751202@group-A8230B39765F-FollowerState] INFO  impl.RoleInfo (RoleInfo.java:updateAndGet(130)) - f65384a4-a8a4-4787-a0e5-96e28e751202: start f65384a4-a8a4-4787-a0e5-96e28e751202@group-A8230B39765F-LeaderElection13
2021-04-28 01:09:45,718 [f65384a4-a8a4-4787-a0e5-96e28e751202@group-A8230B39765F-LeaderElection13] INFO  impl.LeaderElection (LeaderElection.java:askForVotes(306)) - f65384a4-a8a4-4787-a0e5-96e28e751202@group-A8230B39765F-LeaderElection13 ELECTION round 0: submit vote requests at term 2 for -1: [43d3847f-81c3-43e7-b86e-40be164eab80|rpc:172.17.0.2:36611|dataStream:|priority:0, f65384a4-a8a4-4787-a0e5-96e28e751202|rpc:172.17.0.2:43161|dataStream:|priority:1, 42fd2707-1841-40d3-b54b-6f39f935cc38|rpc:172.17.0.2:41223|dataStream:|priority:0], old=null
2021-04-28 01:09:45,723 [grpc-default-executor-0] INFO  server.RaftServer$Division (RaftServerImpl.java:requestVote(1042)) - 43d3847f-81c3-43e7-b86e-40be164eab80@group-A8230B39765F: receive requestVote(ELECTION, f65384a4-a8a4-4787-a0e5-96e28e751202, group-A8230B39765F, 2, (t:0, i:0))
2021-04-28 01:09:45,724 [grpc-default-executor-0] INFO  impl.VoteContext (VoteContext.java:log(48)) - 43d3847f-81c3-43e7-b86e-40be164eab80@group-A8230B39765F-FOLLOWER: accept ELECTION from f65384a4-a8a4-4787-a0e5-96e28e751202: our priority 0 <= candidate's priority 1
2021-04-28 01:09:45,724 [grpc-default-executor-0] INFO  server.RaftServer$Division (RaftServerImpl.java:setRole(284)) - 43d3847f-81c3-43e7-b86e-40be164eab80@group-A8230B39765F: changes role from  FOLLOWER to FOLLOWER at term 2 for candidate:f65384a4-a8a4-4787-a0e5-96e28e751202
2021-04-28 01:09:45,724 [grpc-default-executor-0] INFO  impl.RoleInfo (RoleInfo.java:shutdownFollowerState(108)) - 43d3847f-81c3-43e7-b86e-40be164eab80: shutdown 43d3847f-81c3-43e7-b86e-40be164eab80@group-A8230B39765F-FollowerState
2021-04-28 01:09:45,724 [grpc-default-executor-0] INFO  impl.RoleInfo (RoleInfo.java:updateAndGet(130)) - 43d3847f-81c3-43e7-b86e-40be164eab80: start 43d3847f-81c3-43e7-b86e-40be164eab80@group-A8230B39765F-FollowerState
2021-04-28 01:09:45,724 [43d3847f-81c3-43e7-b86e-40be164eab80@group-A8230B39765F-FollowerState] INFO  impl.FollowerState (FollowerState.java:run(143)) - 43d3847f-81c3-43e7-b86e-40be164eab80@group-A8230B39765F-FollowerState was interrupted: {}
java.lang.InterruptedException: sleep interrupted
	at java.lang.Thread.sleep(Native Method)
	at java.lang.Thread.sleep(Thread.java:340)
	at java.util.concurrent.TimeUnit.sleep(TimeUnit.java:386)
	at org.apache.ratis.util.TimeDuration.sleep(TimeDuration.java:324)
	at org.apache.ratis.util.TimeDuration.sleep(TimeDuration.java:309)
	at org.apache.ratis.server.impl.FollowerState.run(FollowerState.java:118)
2021-04-28 01:09:45,730 [grpc-default-executor-1] INFO  server.RaftServer$Division (RaftServerImpl.java:requestVote(1042)) - 42fd2707-1841-40d3-b54b-6f39f935cc38@group-A8230B39765F: receive requestVote(ELECTION, f65384a4-a8a4-4787-a0e5-96e28e751202, group-A8230B39765F, 2, (t:0, i:0))
2021-04-28 01:09:45,731 [grpc-default-executor-1] INFO  impl.VoteContext (VoteContext.java:log(48)) - 42fd2707-1841-40d3-b54b-6f39f935cc38@group-A8230B39765F-FOLLOWER: accept ELECTION from f65384a4-a8a4-4787-a0e5-96e28e751202: our priority 0 <= candidate's priority 1
2021-04-28 01:09:45,731 [grpc-default-executor-1] INFO  server.RaftServer$Division (RaftServerImpl.java:setRole(284)) - 42fd2707-1841-40d3-b54b-6f39f935cc38@group-A8230B39765F: changes role from  FOLLOWER to FOLLOWER at term 2 for candidate:f65384a4-a8a4-4787-a0e5-96e28e751202
2021-04-28 01:09:45,731 [grpc-default-executor-1] INFO  impl.RoleInfo (RoleInfo.java:shutdownFollowerState(108)) - 42fd2707-1841-40d3-b54b-6f39f935cc38: shutdown 42fd2707-1841-40d3-b54b-6f39f935cc38@group-A8230B39765F-FollowerState
2021-04-28 01:09:45,731 [grpc-default-executor-1] INFO  impl.RoleInfo (RoleInfo.java:updateAndGet(130)) - 42fd2707-1841-40d3-b54b-6f39f935cc38: start 42fd2707-1841-40d3-b54b-6f39f935cc38@group-A8230B39765F-FollowerState
2021-04-28 01:09:45,731 [grpc-default-executor-0] INFO  server.RaftServer$Division (RaftServerImpl.java:requestVote(1074)) - 43d3847f-81c3-43e7-b86e-40be164eab80@group-A8230B39765F replies to ELECTION vote request: f65384a4-a8a4-4787-a0e5-96e28e751202<-43d3847f-81c3-43e7-b86e-40be164eab80#0:OK-t2. Peer's state: 43d3847f-81c3-43e7-b86e-40be164eab80@group-A8230B39765F:t2, leader=null, voted=f65384a4-a8a4-4787-a0e5-96e28e751202, raftlog=43d3847f-81c3-43e7-b86e-40be164eab80@group-A8230B39765F-SegmentedRaftLog:OPENED:c-1,f-1,i0, conf=-1: [43d3847f-81c3-43e7-b86e-40be164eab80|rpc:172.17.0.2:36611|priority:0, f65384a4-a8a4-4787-a0e5-96e28e751202|rpc:172.17.0.2:43161|priority:1, 42fd2707-1841-40d3-b54b-6f39f935cc38|rpc:172.17.0.2:41223|priority:0], old=null
2021-04-28 01:09:45,736 [grpc-default-executor-1] INFO  server.RaftServer$Division (RaftServerImpl.java:requestVote(1074)) - 42fd2707-1841-40d3-b54b-6f39f935cc38@group-A8230B39765F replies to ELECTION vote request: f65384a4-a8a4-4787-a0e5-96e28e751202<-42fd2707-1841-40d3-b54b-6f39f935cc38#0:OK-t2. Peer's state: 42fd2707-1841-40d3-b54b-6f39f935cc38@group-A8230B39765F:t2, leader=null, voted=f65384a4-a8a4-4787-a0e5-96e28e751202, raftlog=42fd2707-1841-40d3-b54b-6f39f935cc38@group-A8230B39765F-SegmentedRaftLog:OPENED:c-1,f-1,i0, conf=-1: [43d3847f-81c3-43e7-b86e-40be164eab80|rpc:172.17.0.2:36611|dataStream:|priority:0, f65384a4-a8a4-4787-a0e5-96e28e751202|rpc:172.17.0.2:43161|dataStream:|priority:1, 42fd2707-1841-40d3-b54b-6f39f935cc38|rpc:172.17.0.2:41223|dataStream:|priority:0], old=null
2021-04-28 01:09:45,737 [42fd2707-1841-40d3-b54b-6f39f935cc38@group-A8230B39765F-FollowerState] INFO  impl.FollowerState (FollowerState.java:run(134)) - 42fd2707-1841-40d3-b54b-6f39f935cc38@group-A8230B39765F-FollowerState: change to CANDIDATE, lastRpcElapsedTime:5171890238ns, electionTimeout:5161ms
2021-04-28 01:09:45,738 [42fd2707-1841-40d3-b54b-6f39f935cc38@group-A8230B39765F-FollowerState] INFO  impl.RoleInfo (RoleInfo.java:shutdownFollowerState(108)) - 42fd2707-1841-40d3-b54b-6f39f935cc38: shutdown 42fd2707-1841-40d3-b54b-6f39f935cc38@group-A8230B39765F-FollowerState
2021-04-28 01:09:45,738 [42fd2707-1841-40d3-b54b-6f39f935cc38@group-A8230B39765F-FollowerState] INFO  server.RaftServer$Division (RaftServerImpl.java:setRole(284)) - 42fd2707-1841-40d3-b54b-6f39f935cc38@group-A8230B39765F: changes role from  FOLLOWER to CANDIDATE at term 2 for changeToCandidate
2021-04-28 01:09:45,738 [42fd2707-1841-40d3-b54b-6f39f935cc38@group-A8230B39765F-FollowerState] INFO  impl.FollowerState (FollowerState.java:run(143)) - 42fd2707-1841-40d3-b54b-6f39f935cc38@group-A8230B39765F-FollowerState was interrupted: {}
java.lang.InterruptedException: sleep interrupted
	at java.lang.Thread.sleep(Native Method)
	at java.lang.Thread.sleep(Thread.java:340)
	at java.util.concurrent.TimeUnit.sleep(TimeUnit.java:386)
	at org.apache.ratis.util.TimeDuration.sleep(TimeDuration.java:324)
	at org.apache.ratis.util.TimeDuration.sleep(TimeDuration.java:309)
	at org.apache.ratis.server.impl.FollowerState.run(FollowerState.java:118)
2021-04-28 01:09:45,738 [42fd2707-1841-40d3-b54b-6f39f935cc38@group-A8230B39765F-FollowerState] INFO  server.RaftServerConfigKeys (ConfUtils.java:logGet(44)) - raft.server.leaderelection.pre-vote = false (custom)
2021-04-28 01:09:45,739 [42fd2707-1841-40d3-b54b-6f39f935cc38@group-A8230B39765F-FollowerState] INFO  impl.RoleInfo (RoleInfo.java:updateAndGet(130)) - 42fd2707-1841-40d3-b54b-6f39f935cc38: start 42fd2707-1841-40d3-b54b-6f39f935cc38@group-A8230B39765F-LeaderElection14
2021-04-28 01:09:45,742 [EventQueue-PipelineReportForOneReplicaPipelineSafeModeRule] INFO  safemode.SCMSafeModeManager (SCMSafeModeManager.java:validateSafeModeExitRules(201)) - AtleastOneDatanodeReportedRule rule is successfully validated
2021-04-28 01:09:45,742 [EventQueue-OpenPipelineForHealthyPipelineSafeModeRule] INFO  safemode.SCMSafeModeManager (HealthyPipelineSafeModeRule.java:process(130)) - SCM in safe mode. Healthy pipelines reported count is 0, required healthy pipeline reported count is 1
2021-04-28 01:09:45,745 [f65384a4-a8a4-4787-a0e5-96e28e751202@group-A8230B39765F-LeaderElection13] INFO  impl.LeaderElection (LeaderElection.java:logAndReturn(89)) - f65384a4-a8a4-4787-a0e5-96e28e751202@group-A8230B39765F-LeaderElection13: ELECTION PASSED received 1 response(s) and 0 exception(s):
2021-04-28 01:09:45,745 [f65384a4-a8a4-4787-a0e5-96e28e751202@group-A8230B39765F-LeaderElection13] INFO  impl.LeaderElection (LeaderElection.java:logAndReturn(93)) -   Response 0: f65384a4-a8a4-4787-a0e5-96e28e751202<-43d3847f-81c3-43e7-b86e-40be164eab80#0:OK-t2
2021-04-28 01:09:45,745 [f65384a4-a8a4-4787-a0e5-96e28e751202@group-A8230B39765F-LeaderElection13] INFO  impl.LeaderElection (LeaderElection.java:askForVotes(308)) - f65384a4-a8a4-4787-a0e5-96e28e751202@group-A8230B39765F-LeaderElection13 ELECTION round 0: result PASSED
2021-04-28 01:09:45,745 [f65384a4-a8a4-4787-a0e5-96e28e751202@group-A8230B39765F-LeaderElection13] INFO  impl.RoleInfo (RoleInfo.java:shutdownLeaderElection(121)) - f65384a4-a8a4-4787-a0e5-96e28e751202: shutdown f65384a4-a8a4-4787-a0e5-96e28e751202@group-A8230B39765F-LeaderElection13
2021-04-28 01:09:45,746 [f65384a4-a8a4-4787-a0e5-96e28e751202@group-A8230B39765F-LeaderElection13] INFO  server.RaftServer$Division (RaftServerImpl.java:setRole(284)) - f65384a4-a8a4-4787-a0e5-96e28e751202@group-A8230B39765F: changes role from CANDIDATE to LEADER at term 2 for changeToLeader
2021-04-28 01:09:45,746 [f65384a4-a8a4-4787-a0e5-96e28e751202@group-A8230B39765F-LeaderElection13] INFO  ratis.XceiverServerRatis (XceiverServerRatis.java:handleLeaderChangedNotification(906)) - Leader change notification received for group: group-A8230B39765F with new leaderId: f65384a4-a8a4-4787-a0e5-96e28e751202
2021-04-28 01:09:45,746 [f65384a4-a8a4-4787-a0e5-96e28e751202@group-A8230B39765F-LeaderElection13] INFO  server.RaftServer$Division (ServerState.java:setLeader(271)) - f65384a4-a8a4-4787-a0e5-96e28e751202@group-A8230B39765F: change Leader from null to f65384a4-a8a4-4787-a0e5-96e28e751202 at term 2 for becomeLeader, leader elected after 9898ms
2021-04-28 01:09:45,746 [f65384a4-a8a4-4787-a0e5-96e28e751202@group-A8230B39765F-LeaderElection13] INFO  server.RaftServerConfigKeys (ConfUtils.java:logGet(44)) - raft.server.staging.catchup.gap = 1000 (default)
2021-04-28 01:09:45,746 [f65384a4-a8a4-4787-a0e5-96e28e751202@group-A8230B39765F-LeaderElection13] INFO  metrics.RatisMetrics (RatisMetrics.java:lambda$create$0(36)) - Creating Metrics Registry : ratis.log_appender.f65384a4-a8a4-4787-a0e5-96e28e751202@group-A8230B39765F
2021-04-28 01:09:45,746 [f65384a4-a8a4-4787-a0e5-96e28e751202@group-A8230B39765F-LeaderElection13] INFO  server.RaftServerConfigKeys (ConfUtils.java:logGet(44)) - raft.server.write.element-limit = 1024 (custom)
2021-04-28 01:09:45,746 [f65384a4-a8a4-4787-a0e5-96e28e751202@group-A8230B39765F-LeaderElection13] INFO  server.RaftServerConfigKeys (ConfUtils.java:logGet(44)) - raft.server.write.byte-limit = 1073741824 (custom)
2021-04-28 01:09:45,746 [f65384a4-a8a4-4787-a0e5-96e28e751202@group-A8230B39765F-LeaderElection13] INFO  server.RaftServerConfigKeys (ConfUtils.java:logGet(44)) - raft.server.watch.timeout = 3000ms (custom)
2021-04-28 01:09:45,746 [f65384a4-a8a4-4787-a0e5-96e28e751202@group-A8230B39765F-LeaderElection13] INFO  server.RaftServerConfigKeys (ConfUtils.java:logGet(44)) - raft.server.watch.timeout.denomination = 1s (default)
2021-04-28 01:09:45,746 [f65384a4-a8a4-4787-a0e5-96e28e751202@group-A8230B39765F-LeaderElection13] INFO  server.RaftServerConfigKeys (ConfUtils.java:logGet(44)) - raft.server.watch.element-limit = 65536 (default)
2021-04-28 01:09:45,750 [EventQueue-PipelineReportForPipelineReportHandler] INFO  pipeline.PipelineManagerV2Impl (PipelineManagerV2Impl.java:openPipeline(270)) - Pipeline Pipeline[ Id: ec4b5416-ebc2-40d3-845e-a8230b39765f, Nodes: 43d3847f-81c3-43e7-b86e-40be164eab80{ip: 172.17.0.2, host: c8a4b84cbf99, ports: [REPLICATION=38781, RATIS=36611, RATIS_ADMIN=36611, RATIS_SERVER=36611, STANDALONE=46017], networkLocation: /default-rack, certSerialId: null, persistedOpState: IN_SERVICE, persistedOpStateExpiryEpochSec: 0}f65384a4-a8a4-4787-a0e5-96e28e751202{ip: 172.17.0.2, host: c8a4b84cbf99, ports: [REPLICATION=46685, RATIS=43161, RATIS_ADMIN=43161, RATIS_SERVER=43161, STANDALONE=34083], networkLocation: /default-rack, certSerialId: null, persistedOpState: IN_SERVICE, persistedOpStateExpiryEpochSec: 0}42fd2707-1841-40d3-b54b-6f39f935cc38{ip: 172.17.0.2, host: c8a4b84cbf99, ports: [REPLICATION=42143, RATIS=41223, RATIS_ADMIN=41223, RATIS_SERVER=41223, STANDALONE=42535], networkLocation: /default-rack, certSerialId: null, persistedOpState: IN_SERVICE, persistedOpStateExpiryEpochSec: 0}, ReplicationConfig: RATIS/THREE, State:ALLOCATED, leaderId:f65384a4-a8a4-4787-a0e5-96e28e751202, CreationTimestamp2021-04-28T01:09:33.040Z] moved to OPEN state
2021-04-28 01:09:45,750 [EventQueue-PipelineReportForOneReplicaPipelineSafeModeRule] INFO  safemode.SCMSafeModeManager (SCMSafeModeManager.java:validateSafeModeExitRules(201)) - AtleastOneDatanodeReportedRule rule is successfully validated
2021-04-28 01:09:45,753 [EventQueue-OpenPipelineForHealthyPipelineSafeModeRule] INFO  safemode.SCMSafeModeManager (HealthyPipelineSafeModeRule.java:process(130)) - SCM in safe mode. Healthy pipelines reported count is 0, required healthy pipeline reported count is 1
2021-04-28 01:09:45,754 [EventQueue-OpenPipelineForHealthyPipelineSafeModeRule] INFO  safemode.SCMSafeModeManager (HealthyPipelineSafeModeRule.java:process(130)) - SCM in safe mode. Healthy pipelines reported count is 1, required healthy pipeline reported count is 1
2021-04-28 01:09:45,754 [EventQueue-OpenPipelineForHealthyPipelineSafeModeRule] INFO  safemode.SCMSafeModeManager (SCMSafeModeManager.java:validateSafeModeExitRules(201)) - HealthyPipelineSafeModeRule rule is successfully validated
2021-04-28 01:09:45,754 [EventQueue-OpenPipelineForHealthyPipelineSafeModeRule] INFO  safemode.SCMSafeModeManager (SCMSafeModeManager.java:validateSafeModeExitRules(215)) - ScmSafeModeManager, all rules are successfully validated
2021-04-28 01:09:45,754 [EventQueue-OpenPipelineForHealthyPipelineSafeModeRule] INFO  safemode.SCMSafeModeManager (SCMSafeModeManager.java:exitSafeMode(244)) - SCM exiting safe mode.
2021-04-28 01:09:45,754 [EventQueue-OpenPipelineForHealthyPipelineSafeModeRule] WARN  events.EventQueue (EventQueue.java:fireEvent(185)) - No event handler registered for event TypedEvent{payloadType=SafeModeStatus, name='Safe mode status'}
2021-04-28 01:09:45,754 [EventQueue-OpenPipelineForHealthyPipelineSafeModeRule] INFO  ha.SCMContext (SCMContext.java:updateSafeModeStatus(147)) - Update SafeModeStatus from SafeModeStatus{safeModeStatus=true, preCheckPassed=true} to SafeModeStatus{safeModeStatus=false, preCheckPassed=true}.
2021-04-28 01:09:45,754 [EventQueue-OpenPipelineForHealthyPipelineSafeModeRule] INFO  pipeline.BackgroundPipelineCreator (BackgroundPipelineCreatorV2.java:notifyStatusChanged(261)) - Service BackgroundPipelineCreator transitions to RUNNING.
2021-04-28 01:09:45,754 [EventQueue-OpenPipelineForHealthyPipelineSafeModeRule] INFO  container.ReplicationManager (ReplicationManager.java:notifyStatusChanged(1279)) - Service ReplicationManager transitions to RUNNING.
2021-04-28 01:09:45,754 [f65384a4-a8a4-4787-a0e5-96e28e751202@group-A8230B39765F-LeaderElection13] INFO  server.RaftServerConfigKeys (ConfUtils.java:logGet(44)) - raft.server.log.appender.snapshot.chunk.size.max = 16MB (=16777216) (default)
2021-04-28 01:09:45,754 [f65384a4-a8a4-4787-a0e5-96e28e751202@group-A8230B39765F-LeaderElection13] INFO  server.RaftServerConfigKeys (ConfUtils.java:logGet(44)) - raft.server.log.appender.buffer.byte-limit = 33554432 (custom)
2021-04-28 01:09:45,755 [f65384a4-a8a4-4787-a0e5-96e28e751202@group-A8230B39765F-LeaderElection13] INFO  server.RaftServerConfigKeys (ConfUtils.java:logGet(44)) - raft.server.log.appender.buffer.element-limit = 1 (custom)
2021-04-28 01:09:45,757 [f65384a4-a8a4-4787-a0e5-96e28e751202@group-A8230B39765F-LeaderElection13] INFO  grpc.GrpcConfigKeys (ConfUtils.java:logGet(44)) - raft.grpc.server.leader.outstanding.appends.max = 128 (default)
2021-04-28 01:09:45,757 [f65384a4-a8a4-4787-a0e5-96e28e751202@group-A8230B39765F-LeaderElection13] INFO  server.RaftServerConfigKeys (ConfUtils.java:logGet(44)) - raft.server.rpc.request.timeout = 3000ms (default)
2021-04-28 01:09:45,757 [f65384a4-a8a4-4787-a0e5-96e28e751202@group-A8230B39765F-LeaderElection13] INFO  server.RaftServerConfigKeys (ConfUtils.java:logGet(44)) - raft.server.log.appender.install.snapshot.enabled = false (custom)
2021-04-28 01:09:45,758 [f65384a4-a8a4-4787-a0e5-96e28e751202@group-A8230B39765F-LeaderElection13] INFO  metrics.RatisMetrics (RatisMetrics.java:lambda$create$0(36)) - Creating Metrics Registry : ratis_grpc.log_appender.f65384a4-a8a4-4787-a0e5-96e28e751202@group-A8230B39765F
2021-04-28 01:09:45,761 [f65384a4-a8a4-4787-a0e5-96e28e751202@group-A8230B39765F-LeaderElection13] INFO  server.RaftServerConfigKeys (ConfUtils.java:logGet(44)) - raft.server.log.appender.snapshot.chunk.size.max = 16MB (=16777216) (default)
2021-04-28 01:09:45,761 [f65384a4-a8a4-4787-a0e5-96e28e751202@group-A8230B39765F-LeaderElection13] INFO  server.RaftServerConfigKeys (ConfUtils.java:logGet(44)) - raft.server.log.appender.buffer.byte-limit = 33554432 (custom)
2021-04-28 01:09:45,761 [f65384a4-a8a4-4787-a0e5-96e28e751202@group-A8230B39765F-LeaderElection13] INFO  server.RaftServerConfigKeys (ConfUtils.java:logGet(44)) - raft.server.log.appender.buffer.element-limit = 1 (custom)
2021-04-28 01:09:45,761 [f65384a4-a8a4-4787-a0e5-96e28e751202@group-A8230B39765F-LeaderElection13] INFO  grpc.GrpcConfigKeys (ConfUtils.java:logGet(44)) - raft.grpc.server.leader.outstanding.appends.max = 128 (default)
2021-04-28 01:09:45,761 [f65384a4-a8a4-4787-a0e5-96e28e751202@group-A8230B39765F-LeaderElection13] INFO  server.RaftServerConfigKeys (ConfUtils.java:logGet(44)) - raft.server.rpc.request.timeout = 3000ms (default)
2021-04-28 01:09:45,761 [f65384a4-a8a4-4787-a0e5-96e28e751202@group-A8230B39765F-LeaderElection13] INFO  server.RaftServerConfigKeys (ConfUtils.java:logGet(44)) - raft.server.log.appender.install.snapshot.enabled = false (custom)
2021-04-28 01:09:45,762 [42fd2707-1841-40d3-b54b-6f39f935cc38@group-A8230B39765F-LeaderElection14] INFO  impl.LeaderElection (LeaderElection.java:askForVotes(306)) - 42fd2707-1841-40d3-b54b-6f39f935cc38@group-A8230B39765F-LeaderElection14 ELECTION round 0: submit vote requests at term 3 for -1: [43d3847f-81c3-43e7-b86e-40be164eab80|rpc:172.17.0.2:36611|dataStream:|priority:0, f65384a4-a8a4-4787-a0e5-96e28e751202|rpc:172.17.0.2:43161|dataStream:|priority:1, 42fd2707-1841-40d3-b54b-6f39f935cc38|rpc:172.17.0.2:41223|dataStream:|priority:0], old=null
2021-04-28 01:09:45,763 [f65384a4-a8a4-4787-a0e5-96e28e751202@group-A8230B39765F-LeaderElection13] INFO  impl.RoleInfo (RoleInfo.java:updateAndGet(130)) - f65384a4-a8a4-4787-a0e5-96e28e751202: start f65384a4-a8a4-4787-a0e5-96e28e751202@group-A8230B39765F-LeaderStateImpl
2021-04-28 01:09:45,764 [f65384a4-a8a4-4787-a0e5-96e28e751202@group-A8230B39765F-LeaderElection13] INFO  segmented.SegmentedRaftLogWorker (SegmentedRaftLogWorker.java:startLogSegment(394)) - f65384a4-a8a4-4787-a0e5-96e28e751202@group-A8230B39765F-SegmentedRaftLogWorker: Starting segment from index:0
2021-04-28 01:09:45,766 [f65384a4-a8a4-4787-a0e5-96e28e751202@group-A8230B39765F-SegmentedRaftLogWorker] INFO  segmented.SegmentedRaftLogWorker (SegmentedRaftLogWorker.java:execute(601)) - f65384a4-a8a4-4787-a0e5-96e28e751202@group-A8230B39765F-SegmentedRaftLogWorker: created new log segment /github/workspace/mnt/ozone/hadoop-ozone/integration-test/target/test-dir/MiniOzoneClusterImpl-d7076e4a-bb1a-46d0-b0f9-1975ab90d2da/datanode-1/data/ratis/ec4b5416-ebc2-40d3-845e-a8230b39765f/current/log_inprogress_0
2021-04-28 01:09:45,782 [f65384a4-a8a4-4787-a0e5-96e28e751202@group-A8230B39765F-LeaderElection13] INFO  server.RaftServer$Division (ServerState.java:setRaftConf(373)) - f65384a4-a8a4-4787-a0e5-96e28e751202@group-A8230B39765F: set configuration 0: [43d3847f-81c3-43e7-b86e-40be164eab80|rpc:172.17.0.2:36611|dataStream:|priority:0, f65384a4-a8a4-4787-a0e5-96e28e751202|rpc:172.17.0.2:43161|dataStream:|priority:1, 42fd2707-1841-40d3-b54b-6f39f935cc38|rpc:172.17.0.2:41223|dataStream:|priority:0], old=null
2021-04-28 01:09:45,786 [grpc-default-executor-1] INFO  server.RaftServer$Division (RaftServerImpl.java:requestVote(1042)) - 43d3847f-81c3-43e7-b86e-40be164eab80@group-A8230B39765F: receive requestVote(ELECTION, 42fd2707-1841-40d3-b54b-6f39f935cc38, group-A8230B39765F, 3, (t:0, i:0))
2021-04-28 01:09:45,786 [grpc-default-executor-1] INFO  impl.VoteContext (VoteContext.java:log(48)) - 43d3847f-81c3-43e7-b86e-40be164eab80@group-A8230B39765F-FOLLOWER: accept ELECTION from 42fd2707-1841-40d3-b54b-6f39f935cc38: our priority 0 <= candidate's priority 0
2021-04-28 01:09:45,786 [grpc-default-executor-1] INFO  server.RaftServer$Division (RaftServerImpl.java:setRole(284)) - 43d3847f-81c3-43e7-b86e-40be164eab80@group-A8230B39765F: changes role from  FOLLOWER to FOLLOWER at term 3 for candidate:42fd2707-1841-40d3-b54b-6f39f935cc38
2021-04-28 01:09:45,786 [grpc-default-executor-1] INFO  impl.RoleInfo (RoleInfo.java:shutdownFollowerState(108)) - 43d3847f-81c3-43e7-b86e-40be164eab80: shutdown 43d3847f-81c3-43e7-b86e-40be164eab80@group-A8230B39765F-FollowerState
2021-04-28 01:09:45,786 [grpc-default-executor-1] INFO  impl.RoleInfo (RoleInfo.java:updateAndGet(130)) - 43d3847f-81c3-43e7-b86e-40be164eab80: start 43d3847f-81c3-43e7-b86e-40be164eab80@group-A8230B39765F-FollowerState
2021-04-28 01:09:45,786 [43d3847f-81c3-43e7-b86e-40be164eab80@group-A8230B39765F-FollowerState] INFO  impl.FollowerState (FollowerState.java:run(143)) - 43d3847f-81c3-43e7-b86e-40be164eab80@group-A8230B39765F-FollowerState was interrupted: {}
java.lang.InterruptedException: sleep interrupted
	at java.lang.Thread.sleep(Native Method)
	at java.lang.Thread.sleep(Thread.java:340)
	at java.util.concurrent.TimeUnit.sleep(TimeUnit.java:386)
	at org.apache.ratis.util.TimeDuration.sleep(TimeDuration.java:324)
	at org.apache.ratis.util.TimeDuration.sleep(TimeDuration.java:309)
	at org.apache.ratis.server.impl.FollowerState.run(FollowerState.java:118)
2021-04-28 01:09:45,792 [grpc-default-executor-0] INFO  server.RaftServer$Division (RaftServerImpl.java:requestVote(1042)) - f65384a4-a8a4-4787-a0e5-96e28e751202@group-A8230B39765F: receive requestVote(ELECTION, 42fd2707-1841-40d3-b54b-6f39f935cc38, group-A8230B39765F, 3, (t:0, i:0))
2021-04-28 01:09:45,793 [grpc-default-executor-1] INFO  server.RaftServer$Division (RaftServerImpl.java:requestVote(1074)) - 43d3847f-81c3-43e7-b86e-40be164eab80@group-A8230B39765F replies to ELECTION vote request: 42fd2707-1841-40d3-b54b-6f39f935cc38<-43d3847f-81c3-43e7-b86e-40be164eab80#0:OK-t3. Peer's state: 43d3847f-81c3-43e7-b86e-40be164eab80@group-A8230B39765F:t3, leader=null, voted=42fd2707-1841-40d3-b54b-6f39f935cc38, raftlog=43d3847f-81c3-43e7-b86e-40be164eab80@group-A8230B39765F-SegmentedRaftLog:OPENED:c-1,f-1,i0, conf=-1: [43d3847f-81c3-43e7-b86e-40be164eab80|rpc:172.17.0.2:36611|priority:0, f65384a4-a8a4-4787-a0e5-96e28e751202|rpc:172.17.0.2:43161|priority:1, 42fd2707-1841-40d3-b54b-6f39f935cc38|rpc:172.17.0.2:41223|priority:0], old=null
2021-04-28 01:09:45,815 [grpc-default-executor-0] INFO  impl.VoteContext (VoteContext.java:log(48)) - f65384a4-a8a4-4787-a0e5-96e28e751202@group-A8230B39765F-LEADER: reject ELECTION from 42fd2707-1841-40d3-b54b-6f39f935cc38: our last entry (t:2, i:0) > candidate's last entry (t:0, i:0)
2021-04-28 01:09:45,815 [grpc-default-executor-0] INFO  server.RaftServer$Division (ServerState.java:setLeader(271)) - f65384a4-a8a4-4787-a0e5-96e28e751202@group-A8230B39765F: change Leader from f65384a4-a8a4-4787-a0e5-96e28e751202 to null at term 3 for updateCurrentTerm
2021-04-28 01:09:45,815 [grpc-default-executor-0] INFO  server.RaftServer$Division (RaftServerImpl.java:setRole(284)) - f65384a4-a8a4-4787-a0e5-96e28e751202@group-A8230B39765F: changes role from    LEADER to FOLLOWER at term 3 for candidate:42fd2707-1841-40d3-b54b-6f39f935cc38
2021-04-28 01:09:45,815 [grpc-default-executor-0] INFO  impl.RoleInfo (RoleInfo.java:shutdownLeaderState(91)) - f65384a4-a8a4-4787-a0e5-96e28e751202: shutdown f65384a4-a8a4-4787-a0e5-96e28e751202@group-A8230B39765F-LeaderStateImpl
2021-04-28 01:09:45,816 [grpc-default-executor-0] INFO  metrics.RatisMetrics (RatisMetrics.java:unregister(43)) - Unregistering Metrics Registry : ratis_grpc.log_appender.f65384a4-a8a4-4787-a0e5-96e28e751202@group-A8230B39765F
2021-04-28 01:09:45,816 [grpc-default-executor-0] INFO  metrics.RatisMetrics (RatisMetrics.java:unregister(43)) - Unregistering Metrics Registry : ratis_grpc.log_appender.f65384a4-a8a4-4787-a0e5-96e28e751202@group-A8230B39765F
2021-04-28 01:09:45,817 [grpc-default-executor-0] INFO  impl.PendingRequests (PendingRequests.java:sendNotLeaderResponses(249)) - f65384a4-a8a4-4787-a0e5-96e28e751202@group-A8230B39765F-PendingRequests: sendNotLeaderResponses
2021-04-28 01:09:45,818 [grpc-default-executor-0] INFO  metrics.RatisMetrics (RatisMetrics.java:unregister(43)) - Unregistering Metrics Registry : ratis.log_appender.f65384a4-a8a4-4787-a0e5-96e28e751202@group-A8230B39765F
2021-04-28 01:09:45,818 [grpc-default-executor-0] INFO  metrics.RatisMetrics (RatisMetrics.java:unregister(43)) - Unregistering Metrics Registry : ratis.server.f65384a4-a8a4-4787-a0e5-96e28e751202@group-A8230B39765F
2021-04-28 01:09:45,818 [f65384a4-a8a4-4787-a0e5-96e28e751202@group-A8230B39765F->42fd2707-1841-40d3-b54b-6f39f935cc38-GrpcLogAppender-LogAppenderDaemon] WARN  server.GrpcLogAppender (GrpcLogAppender.java:mayWait(175)) - f65384a4-a8a4-4787-a0e5-96e28e751202@group-A8230B39765F->42fd2707-1841-40d3-b54b-6f39f935cc38-GrpcLogAppender: Wait interrupted by java.lang.InterruptedException
2021-04-28 01:09:45,821 [grpc-default-executor-0] INFO  impl.RoleInfo (RoleInfo.java:updateAndGet(130)) - f65384a4-a8a4-4787-a0e5-96e28e751202: start f65384a4-a8a4-4787-a0e5-96e28e751202@group-A8230B39765F-FollowerState
2021-04-28 01:09:45,818 [f65384a4-a8a4-4787-a0e5-96e28e751202@group-A8230B39765F->43d3847f-81c3-43e7-b86e-40be164eab80-GrpcLogAppender-LogAppenderDaemon] WARN  server.GrpcLogAppender (GrpcLogAppender.java:mayWait(175)) - f65384a4-a8a4-4787-a0e5-96e28e751202@group-A8230B39765F->43d3847f-81c3-43e7-b86e-40be164eab80-GrpcLogAppender: Wait interrupted by java.lang.InterruptedException
2021-04-28 01:09:45,828 [grpc-default-executor-3] INFO  server.GrpcServerProtocolService (GrpcServerProtocolService.java:onCompleted(140)) - 43d3847f-81c3-43e7-b86e-40be164eab80: Completed APPEND_ENTRIES, lastRequest: f65384a4-a8a4-4787-a0e5-96e28e751202->43d3847f-81c3-43e7-b86e-40be164eab80#1-t2,previous=(t:0, i:0),leaderCommit=0,initializing? true,entries: size=1, first=(t:2, i:0), CONFIGURATIONENTRY
2021-04-28 01:09:45,828 [grpc-default-executor-0] INFO  server.RaftServer$Division (RaftServerImpl.java:requestVote(1074)) - f65384a4-a8a4-4787-a0e5-96e28e751202@group-A8230B39765F replies to ELECTION vote request: 42fd2707-1841-40d3-b54b-6f39f935cc38<-f65384a4-a8a4-4787-a0e5-96e28e751202#0:FAIL-t3. Peer's state: f65384a4-a8a4-4787-a0e5-96e28e751202@group-A8230B39765F:t3, leader=null, voted=null, raftlog=f65384a4-a8a4-4787-a0e5-96e28e751202@group-A8230B39765F-SegmentedRaftLog:OPENED:c0,f0,i0, conf=0: [43d3847f-81c3-43e7-b86e-40be164eab80|rpc:172.17.0.2:36611|dataStream:|priority:0, f65384a4-a8a4-4787-a0e5-96e28e751202|rpc:172.17.0.2:43161|dataStream:|priority:1, 42fd2707-1841-40d3-b54b-6f39f935cc38|rpc:172.17.0.2:41223|dataStream:|priority:0], old=null
2021-04-28 01:09:45,828 [grpc-default-executor-1] INFO  server.GrpcServerProtocolService (GrpcServerProtocolService.java:onCompleted(140)) - 42fd2707-1841-40d3-b54b-6f39f935cc38: Completed APPEND_ENTRIES, lastRequest: null
2021-04-28 01:09:45,830 [42fd2707-1841-40d3-b54b-6f39f935cc38@group-A8230B39765F-LeaderElection14] INFO  impl.LeaderElection (LeaderElection.java:logAndReturn(89)) - 42fd2707-1841-40d3-b54b-6f39f935cc38@group-A8230B39765F-LeaderElection14: ELECTION REJECTED received 2 response(s) and 0 exception(s):
2021-04-28 01:09:45,831 [42fd2707-1841-40d3-b54b-6f39f935cc38@group-A8230B39765F-LeaderElection14] INFO  impl.LeaderElection (LeaderElection.java:logAndReturn(93)) -   Response 0: 42fd2707-1841-40d3-b54b-6f39f935cc38<-43d3847f-81c3-43e7-b86e-40be164eab80#0:OK-t3
2021-04-28 01:09:45,831 [42fd2707-1841-40d3-b54b-6f39f935cc38@group-A8230B39765F-LeaderElection14] INFO  impl.LeaderElection (LeaderElection.java:logAndReturn(93)) -   Response 1: 42fd2707-1841-40d3-b54b-6f39f935cc38<-f65384a4-a8a4-4787-a0e5-96e28e751202#0:FAIL-t3
2021-04-28 01:09:45,831 [42fd2707-1841-40d3-b54b-6f39f935cc38@group-A8230B39765F-LeaderElection14] INFO  impl.LeaderElection (LeaderElection.java:askForVotes(308)) - 42fd2707-1841-40d3-b54b-6f39f935cc38@group-A8230B39765F-LeaderElection14 ELECTION round 0: result REJECTED
2021-04-28 01:09:45,831 [42fd2707-1841-40d3-b54b-6f39f935cc38@group-A8230B39765F-LeaderElection14] INFO  server.RaftServer$Division (RaftServerImpl.java:setRole(284)) - 42fd2707-1841-40d3-b54b-6f39f935cc38@group-A8230B39765F: changes role from CANDIDATE to FOLLOWER at term 3 for REJECTED
2021-04-28 01:09:45,831 [42fd2707-1841-40d3-b54b-6f39f935cc38@group-A8230B39765F-LeaderElection14] INFO  impl.RoleInfo (RoleInfo.java:shutdownLeaderElection(121)) - 42fd2707-1841-40d3-b54b-6f39f935cc38: shutdown 42fd2707-1841-40d3-b54b-6f39f935cc38@group-A8230B39765F-LeaderElection14
2021-04-28 01:09:45,831 [42fd2707-1841-40d3-b54b-6f39f935cc38@group-A8230B39765F-LeaderElection14] INFO  impl.RoleInfo (RoleInfo.java:updateAndGet(130)) - 42fd2707-1841-40d3-b54b-6f39f935cc38: start 42fd2707-1841-40d3-b54b-6f39f935cc38@group-A8230B39765F-FollowerState
2021-04-28 01:09:45,832 [grpc-default-executor-1] INFO  server.GrpcLogAppender (GrpcLogAppender.java:onCompleted(344)) - f65384a4-a8a4-4787-a0e5-96e28e751202@group-A8230B39765F->42fd2707-1841-40d3-b54b-6f39f935cc38-AppendLogResponseHandler: follower responses appendEntries COMPLETED
2021-04-28 01:09:45,839 [grpc-default-executor-1] INFO  leader.FollowerInfo (FollowerInfoImpl.java:lambda$new$0(46)) - f65384a4-a8a4-4787-a0e5-96e28e751202@group-A8230B39765F->42fd2707-1841-40d3-b54b-6f39f935cc38: nextIndex: updateUnconditionally 1 -> 0
2021-04-28 01:09:45,833 [grpc-default-executor-4] INFO  server.GrpcLogAppender (GrpcLogAppender.java:onCompleted(344)) - f65384a4-a8a4-4787-a0e5-96e28e751202@group-A8230B39765F->43d3847f-81c3-43e7-b86e-40be164eab80-AppendLogResponseHandler: follower responses appendEntries COMPLETED
2021-04-28 01:09:45,840 [grpc-default-executor-4] INFO  leader.FollowerInfo (FollowerInfoImpl.java:lambda$new$0(46)) - f65384a4-a8a4-4787-a0e5-96e28e751202@group-A8230B39765F->43d3847f-81c3-43e7-b86e-40be164eab80: nextIndex: updateUnconditionally 1 -> 0
2021-04-28 01:09:45,914 [Listener at 127.0.0.1/36361] INFO  ozone.MiniOzoneClusterImpl (MiniOzoneClusterImpl.java:lambda$waitForClusterToBeReady$0(224)) - Nodes are ready. Got 7 of 7 DN Heartbeats.
2021-04-28 01:09:45,914 [Listener at 127.0.0.1/36361] INFO  ozone.MiniOzoneClusterImpl (MiniOzoneClusterImpl.java:lambda$waitForClusterToBeReady$0(227)) - Cluster exits safe mode
2021-04-28 01:09:45,914 [Listener at 127.0.0.1/36361] INFO  ozone.MiniOzoneClusterImpl (MiniOzoneClusterImpl.java:lambda$waitForClusterToBeReady$0(230)) - SCM became leader
2021-04-28 01:09:46,003 [42fd2707-1841-40d3-b54b-6f39f935cc38@group-6799236C1344-FollowerState] INFO  impl.FollowerState (FollowerState.java:run(134)) - 42fd2707-1841-40d3-b54b-6f39f935cc38@group-6799236C1344-FollowerState: change to CANDIDATE, lastRpcElapsedTime:5059843661ns, electionTimeout:5058ms
2021-04-28 01:09:46,003 [42fd2707-1841-40d3-b54b-6f39f935cc38@group-6799236C1344-FollowerState] INFO  impl.RoleInfo (RoleInfo.java:shutdownFollowerState(108)) - 42fd2707-1841-40d3-b54b-6f39f935cc38: shutdown 42fd2707-1841-40d3-b54b-6f39f935cc38@group-6799236C1344-FollowerState
2021-04-28 01:09:46,003 [42fd2707-1841-40d3-b54b-6f39f935cc38@group-6799236C1344-FollowerState] INFO  server.RaftServer$Division (RaftServerImpl.java:setRole(284)) - 42fd2707-1841-40d3-b54b-6f39f935cc38@group-6799236C1344: changes role from  FOLLOWER to CANDIDATE at term 1 for changeToCandidate
2021-04-28 01:09:46,004 [42fd2707-1841-40d3-b54b-6f39f935cc38@group-6799236C1344-FollowerState] INFO  server.RaftServerConfigKeys (ConfUtils.java:logGet(44)) - raft.server.leaderelection.pre-vote = false (custom)
2021-04-28 01:09:46,004 [42fd2707-1841-40d3-b54b-6f39f935cc38@group-6799236C1344-FollowerState] INFO  impl.RoleInfo (RoleInfo.java:updateAndGet(130)) - 42fd2707-1841-40d3-b54b-6f39f935cc38: start 42fd2707-1841-40d3-b54b-6f39f935cc38@group-6799236C1344-LeaderElection15
2021-04-28 01:09:46,014 [42fd2707-1841-40d3-b54b-6f39f935cc38@group-6799236C1344-LeaderElection15] INFO  impl.LeaderElection (LeaderElection.java:askForVotes(306)) - 42fd2707-1841-40d3-b54b-6f39f935cc38@group-6799236C1344-LeaderElection15 ELECTION round 0: submit vote requests at term 2 for -1: [43d3847f-81c3-43e7-b86e-40be164eab80|rpc:172.17.0.2:36611|dataStream:|priority:1, f65384a4-a8a4-4787-a0e5-96e28e751202|rpc:172.17.0.2:43161|dataStream:|priority:0, 42fd2707-1841-40d3-b54b-6f39f935cc38|rpc:172.17.0.2:41223|dataStream:|priority:0], old=null
2021-04-28 01:09:46,015 [f65384a4-a8a4-4787-a0e5-96e28e751202@group-6799236C1344-FollowerState] INFO  impl.FollowerState (FollowerState.java:run(134)) - f65384a4-a8a4-4787-a0e5-96e28e751202@group-6799236C1344-FollowerState: change to CANDIDATE, lastRpcElapsedTime:5081845453ns, electionTimeout:5073ms
2021-04-28 01:09:46,015 [f65384a4-a8a4-4787-a0e5-96e28e751202@group-6799236C1344-FollowerState] INFO  impl.RoleInfo (RoleInfo.java:shutdownFollowerState(108)) - f65384a4-a8a4-4787-a0e5-96e28e751202: shutdown f65384a4-a8a4-4787-a0e5-96e28e751202@group-6799236C1344-FollowerState
2021-04-28 01:09:46,015 [f65384a4-a8a4-4787-a0e5-96e28e751202@group-6799236C1344-FollowerState] INFO  server.RaftServer$Division (RaftServerImpl.java:setRole(284)) - f65384a4-a8a4-4787-a0e5-96e28e751202@group-6799236C1344: changes role from  FOLLOWER to CANDIDATE at term 1 for changeToCandidate
2021-04-28 01:09:46,024 [f65384a4-a8a4-4787-a0e5-96e28e751202@group-6799236C1344-FollowerState] INFO  server.RaftServerConfigKeys (ConfUtils.java:logGet(44)) - raft.server.leaderelection.pre-vote = false (custom)
2021-04-28 01:09:46,024 [f65384a4-a8a4-4787-a0e5-96e28e751202@group-6799236C1344-FollowerState] INFO  impl.RoleInfo (RoleInfo.java:updateAndGet(130)) - f65384a4-a8a4-4787-a0e5-96e28e751202: start f65384a4-a8a4-4787-a0e5-96e28e751202@group-6799236C1344-LeaderElection16
2021-04-28 01:09:46,030 [grpc-default-executor-3] INFO  server.RaftServer$Division (RaftServerImpl.java:requestVote(1042)) - f65384a4-a8a4-4787-a0e5-96e28e751202@group-6799236C1344: receive requestVote(ELECTION, 42fd2707-1841-40d3-b54b-6f39f935cc38, group-6799236C1344, 2, (t:0, i:0))
2021-04-28 01:09:46,030 [grpc-default-executor-4] INFO  server.RaftServer$Division (RaftServerImpl.java:requestVote(1042)) - 43d3847f-81c3-43e7-b86e-40be164eab80@group-6799236C1344: receive requestVote(ELECTION, 42fd2707-1841-40d3-b54b-6f39f935cc38, group-6799236C1344, 2, (t:0, i:0))
2021-04-28 01:09:46,033 [grpc-default-executor-4] INFO  impl.VoteContext (VoteContext.java:log(48)) - 43d3847f-81c3-43e7-b86e-40be164eab80@group-6799236C1344-FOLLOWER: reject ELECTION from 42fd2707-1841-40d3-b54b-6f39f935cc38: our priority 1 > candidate's priority 0
2021-04-28 01:09:46,033 [grpc-default-executor-4] INFO  server.RaftServer$Division (RaftServerImpl.java:setRole(284)) - 43d3847f-81c3-43e7-b86e-40be164eab80@group-6799236C1344: changes role from  FOLLOWER to FOLLOWER at term 2 for candidate:42fd2707-1841-40d3-b54b-6f39f935cc38
2021-04-28 01:09:46,033 [grpc-default-executor-4] INFO  impl.RoleInfo (RoleInfo.java:shutdownFollowerState(108)) - 43d3847f-81c3-43e7-b86e-40be164eab80: shutdown 43d3847f-81c3-43e7-b86e-40be164eab80@group-6799236C1344-FollowerState
2021-04-28 01:09:46,033 [grpc-default-executor-4] INFO  impl.RoleInfo (RoleInfo.java:updateAndGet(130)) - 43d3847f-81c3-43e7-b86e-40be164eab80: start 43d3847f-81c3-43e7-b86e-40be164eab80@group-6799236C1344-FollowerState
2021-04-28 01:09:46,033 [43d3847f-81c3-43e7-b86e-40be164eab80@group-6799236C1344-FollowerState] INFO  impl.FollowerState (FollowerState.java:run(143)) - 43d3847f-81c3-43e7-b86e-40be164eab80@group-6799236C1344-FollowerState was interrupted: {}
java.lang.InterruptedException: sleep interrupted
	at java.lang.Thread.sleep(Native Method)
	at java.lang.Thread.sleep(Thread.java:340)
	at java.util.concurrent.TimeUnit.sleep(TimeUnit.java:386)
	at org.apache.ratis.util.TimeDuration.sleep(TimeDuration.java:324)
	at org.apache.ratis.util.TimeDuration.sleep(TimeDuration.java:309)
	at org.apache.ratis.server.impl.FollowerState.run(FollowerState.java:118)
2021-04-28 01:09:46,035 [grpc-default-executor-4] INFO  server.RaftServer$Division (RaftServerImpl.java:requestVote(1074)) - 43d3847f-81c3-43e7-b86e-40be164eab80@group-6799236C1344 replies to ELECTION vote request: 42fd2707-1841-40d3-b54b-6f39f935cc38<-43d3847f-81c3-43e7-b86e-40be164eab80#0:FAIL-t2. Peer's state: 43d3847f-81c3-43e7-b86e-40be164eab80@group-6799236C1344:t2, leader=null, voted=null, raftlog=43d3847f-81c3-43e7-b86e-40be164eab80@group-6799236C1344-SegmentedRaftLog:OPENED:c-1,f-1,i0, conf=-1: [43d3847f-81c3-43e7-b86e-40be164eab80|rpc:172.17.0.2:36611|dataStream:|priority:1, f65384a4-a8a4-4787-a0e5-96e28e751202|rpc:172.17.0.2:43161|dataStream:|priority:0, 42fd2707-1841-40d3-b54b-6f39f935cc38|rpc:172.17.0.2:41223|dataStream:|priority:0], old=null
2021-04-28 01:09:46,036 [42fd2707-1841-40d3-b54b-6f39f935cc38@group-6799236C1344-LeaderElection15] INFO  impl.LeaderElection (LeaderElection.java:logAndReturn(89)) - 42fd2707-1841-40d3-b54b-6f39f935cc38@group-6799236C1344-LeaderElection15: ELECTION REJECTED received 1 response(s) and 0 exception(s):
2021-04-28 01:09:46,036 [42fd2707-1841-40d3-b54b-6f39f935cc38@group-6799236C1344-LeaderElection15] INFO  impl.LeaderElection (LeaderElection.java:logAndReturn(93)) -   Response 0: 42fd2707-1841-40d3-b54b-6f39f935cc38<-43d3847f-81c3-43e7-b86e-40be164eab80#0:FAIL-t2
2021-04-28 01:09:46,036 [42fd2707-1841-40d3-b54b-6f39f935cc38@group-6799236C1344-LeaderElection15] INFO  impl.LeaderElection (LeaderElection.java:askForVotes(308)) - 42fd2707-1841-40d3-b54b-6f39f935cc38@group-6799236C1344-LeaderElection15 ELECTION round 0: result REJECTED
2021-04-28 01:09:46,036 [42fd2707-1841-40d3-b54b-6f39f935cc38@group-6799236C1344-LeaderElection15] INFO  server.RaftServer$Division (RaftServerImpl.java:setRole(284)) - 42fd2707-1841-40d3-b54b-6f39f935cc38@group-6799236C1344: changes role from CANDIDATE to FOLLOWER at term 2 for REJECTED
2021-04-28 01:09:46,036 [42fd2707-1841-40d3-b54b-6f39f935cc38@group-6799236C1344-LeaderElection15] INFO  impl.RoleInfo (RoleInfo.java:shutdownLeaderElection(121)) - 42fd2707-1841-40d3-b54b-6f39f935cc38: shutdown 42fd2707-1841-40d3-b54b-6f39f935cc38@group-6799236C1344-LeaderElection15
2021-04-28 01:09:46,036 [42fd2707-1841-40d3-b54b-6f39f935cc38@group-6799236C1344-LeaderElection15] INFO  impl.RoleInfo (RoleInfo.java:updateAndGet(130)) - 42fd2707-1841-40d3-b54b-6f39f935cc38: start 42fd2707-1841-40d3-b54b-6f39f935cc38@group-6799236C1344-FollowerState
2021-04-28 01:09:46,042 [grpc-default-executor-3] INFO  impl.VoteContext (VoteContext.java:log(48)) - f65384a4-a8a4-4787-a0e5-96e28e751202@group-6799236C1344-CANDIDATE: reject ELECTION from 42fd2707-1841-40d3-b54b-6f39f935cc38: already has voted for f65384a4-a8a4-4787-a0e5-96e28e751202 at current term 2
2021-04-28 01:09:46,042 [f65384a4-a8a4-4787-a0e5-96e28e751202@group-6799236C1344-LeaderElection16] INFO  impl.LeaderElection (LeaderElection.java:askForVotes(306)) - f65384a4-a8a4-4787-a0e5-96e28e751202@group-6799236C1344-LeaderElection16 ELECTION round 0: submit vote requests at term 2 for -1: [43d3847f-81c3-43e7-b86e-40be164eab80|rpc:172.17.0.2:36611|priority:1, f65384a4-a8a4-4787-a0e5-96e28e751202|rpc:172.17.0.2:43161|priority:0, 42fd2707-1841-40d3-b54b-6f39f935cc38|rpc:172.17.0.2:41223|priority:0], old=null
2021-04-28 01:09:46,053 [grpc-default-executor-3] INFO  server.RaftServer$Division (RaftServerImpl.java:requestVote(1074)) - f65384a4-a8a4-4787-a0e5-96e28e751202@group-6799236C1344 replies to ELECTION vote request: 42fd2707-1841-40d3-b54b-6f39f935cc38<-f65384a4-a8a4-4787-a0e5-96e28e751202#0:FAIL-t2. Peer's state: f65384a4-a8a4-4787-a0e5-96e28e751202@group-6799236C1344:t2, leader=null, voted=f65384a4-a8a4-4787-a0e5-96e28e751202, raftlog=f65384a4-a8a4-4787-a0e5-96e28e751202@group-6799236C1344-SegmentedRaftLog:OPENED:c-1,f-1,i0, conf=-1: [43d3847f-81c3-43e7-b86e-40be164eab80|rpc:172.17.0.2:36611|priority:1, f65384a4-a8a4-4787-a0e5-96e28e751202|rpc:172.17.0.2:43161|priority:0, 42fd2707-1841-40d3-b54b-6f39f935cc38|rpc:172.17.0.2:41223|priority:0], old=null
2021-04-28 01:09:46,074 [grpc-default-executor-3] INFO  server.RaftServer$Division (RaftServerImpl.java:requestVote(1042)) - 43d3847f-81c3-43e7-b86e-40be164eab80@group-6799236C1344: receive requestVote(ELECTION, f65384a4-a8a4-4787-a0e5-96e28e751202, group-6799236C1344, 2, (t:0, i:0))
2021-04-28 01:09:46,074 [grpc-default-executor-3] INFO  impl.VoteContext (VoteContext.java:log(48)) - 43d3847f-81c3-43e7-b86e-40be164eab80@group-6799236C1344-FOLLOWER: reject ELECTION from f65384a4-a8a4-4787-a0e5-96e28e751202: our priority 1 > candidate's priority 0
2021-04-28 01:09:46,074 [grpc-default-executor-3] INFO  server.RaftServer$Division (RaftServerImpl.java:setRole(284)) - 43d3847f-81c3-43e7-b86e-40be164eab80@group-6799236C1344: changes role from  FOLLOWER to FOLLOWER at term 2 for candidate:f65384a4-a8a4-4787-a0e5-96e28e751202
2021-04-28 01:09:46,074 [grpc-default-executor-3] INFO  impl.RoleInfo (RoleInfo.java:shutdownFollowerState(108)) - 43d3847f-81c3-43e7-b86e-40be164eab80: shutdown 43d3847f-81c3-43e7-b86e-40be164eab80@group-6799236C1344-FollowerState
2021-04-28 01:09:46,074 [grpc-default-executor-3] INFO  impl.RoleInfo (RoleInfo.java:updateAndGet(130)) - 43d3847f-81c3-43e7-b86e-40be164eab80: start 43d3847f-81c3-43e7-b86e-40be164eab80@group-6799236C1344-FollowerState
2021-04-28 01:09:46,075 [43d3847f-81c3-43e7-b86e-40be164eab80@group-6799236C1344-FollowerState] INFO  impl.FollowerState (FollowerState.java:run(143)) - 43d3847f-81c3-43e7-b86e-40be164eab80@group-6799236C1344-FollowerState was interrupted: {}
java.lang.InterruptedException: sleep interrupted
	at java.lang.Thread.sleep(Native Method)
	at java.lang.Thread.sleep(Thread.java:340)
	at java.util.concurrent.TimeUnit.sleep(TimeUnit.java:386)
	at org.apache.ratis.util.TimeDuration.sleep(TimeDuration.java:324)
	at org.apache.ratis.util.TimeDuration.sleep(TimeDuration.java:309)
	at org.apache.ratis.server.impl.FollowerState.run(FollowerState.java:118)
2021-04-28 01:09:46,075 [grpc-default-executor-3] INFO  server.RaftServer$Division (RaftServerImpl.java:requestVote(1074)) - 43d3847f-81c3-43e7-b86e-40be164eab80@group-6799236C1344 replies to ELECTION vote request: f65384a4-a8a4-4787-a0e5-96e28e751202<-43d3847f-81c3-43e7-b86e-40be164eab80#0:FAIL-t2. Peer's state: 43d3847f-81c3-43e7-b86e-40be164eab80@group-6799236C1344:t2, leader=null, voted=null, raftlog=43d3847f-81c3-43e7-b86e-40be164eab80@group-6799236C1344-SegmentedRaftLog:OPENED:c-1,f-1,i0, conf=-1: [43d3847f-81c3-43e7-b86e-40be164eab80|rpc:172.17.0.2:36611|dataStream:|priority:1, f65384a4-a8a4-4787-a0e5-96e28e751202|rpc:172.17.0.2:43161|dataStream:|priority:0, 42fd2707-1841-40d3-b54b-6f39f935cc38|rpc:172.17.0.2:41223|dataStream:|priority:0], old=null
2021-04-28 01:09:46,078 [grpc-default-executor-4] INFO  server.RaftServer$Division (RaftServerImpl.java:requestVote(1042)) - 42fd2707-1841-40d3-b54b-6f39f935cc38@group-6799236C1344: receive requestVote(ELECTION, f65384a4-a8a4-4787-a0e5-96e28e751202, group-6799236C1344, 2, (t:0, i:0))
2021-04-28 01:09:46,078 [grpc-default-executor-4] INFO  impl.VoteContext (VoteContext.java:log(48)) - 42fd2707-1841-40d3-b54b-6f39f935cc38@group-6799236C1344-FOLLOWER: reject ELECTION from f65384a4-a8a4-4787-a0e5-96e28e751202: already has voted for 42fd2707-1841-40d3-b54b-6f39f935cc38 at current term 2
2021-04-28 01:09:46,079 [grpc-default-executor-4] INFO  server.RaftServer$Division (RaftServerImpl.java:requestVote(1074)) - 42fd2707-1841-40d3-b54b-6f39f935cc38@group-6799236C1344 replies to ELECTION vote request: f65384a4-a8a4-4787-a0e5-96e28e751202<-42fd2707-1841-40d3-b54b-6f39f935cc38#0:FAIL-t2. Peer's state: 42fd2707-1841-40d3-b54b-6f39f935cc38@group-6799236C1344:t2, leader=null, voted=42fd2707-1841-40d3-b54b-6f39f935cc38, raftlog=42fd2707-1841-40d3-b54b-6f39f935cc38@group-6799236C1344-SegmentedRaftLog:OPENED:c-1,f-1,i0, conf=-1: [43d3847f-81c3-43e7-b86e-40be164eab80|rpc:172.17.0.2:36611|dataStream:|priority:1, f65384a4-a8a4-4787-a0e5-96e28e751202|rpc:172.17.0.2:43161|dataStream:|priority:0, 42fd2707-1841-40d3-b54b-6f39f935cc38|rpc:172.17.0.2:41223|dataStream:|priority:0], old=null
2021-04-28 01:09:46,080 [f65384a4-a8a4-4787-a0e5-96e28e751202@group-6799236C1344-LeaderElection16] INFO  impl.LeaderElection (LeaderElection.java:logAndReturn(89)) - f65384a4-a8a4-4787-a0e5-96e28e751202@group-6799236C1344-LeaderElection16: ELECTION REJECTED received 1 response(s) and 0 exception(s):
2021-04-28 01:09:46,081 [f65384a4-a8a4-4787-a0e5-96e28e751202@group-6799236C1344-LeaderElection16] INFO  impl.LeaderElection (LeaderElection.java:logAndReturn(93)) -   Response 0: f65384a4-a8a4-4787-a0e5-96e28e751202<-43d3847f-81c3-43e7-b86e-40be164eab80#0:FAIL-t2
2021-04-28 01:09:46,081 [f65384a4-a8a4-4787-a0e5-96e28e751202@group-6799236C1344-LeaderElection16] INFO  impl.LeaderElection (LeaderElection.java:askForVotes(308)) - f65384a4-a8a4-4787-a0e5-96e28e751202@group-6799236C1344-LeaderElection16 ELECTION round 0: result REJECTED
2021-04-28 01:09:46,081 [f65384a4-a8a4-4787-a0e5-96e28e751202@group-6799236C1344-LeaderElection16] INFO  server.RaftServer$Division (RaftServerImpl.java:setRole(284)) - f65384a4-a8a4-4787-a0e5-96e28e751202@group-6799236C1344: changes role from CANDIDATE to FOLLOWER at term 2 for REJECTED
2021-04-28 01:09:46,081 [f65384a4-a8a4-4787-a0e5-96e28e751202@group-6799236C1344-LeaderElection16] INFO  impl.RoleInfo (RoleInfo.java:shutdownLeaderElection(121)) - f65384a4-a8a4-4787-a0e5-96e28e751202: shutdown f65384a4-a8a4-4787-a0e5-96e28e751202@group-6799236C1344-LeaderElection16
2021-04-28 01:09:46,081 [f65384a4-a8a4-4787-a0e5-96e28e751202@group-6799236C1344-LeaderElection16] INFO  impl.RoleInfo (RoleInfo.java:updateAndGet(130)) - f65384a4-a8a4-4787-a0e5-96e28e751202: start f65384a4-a8a4-4787-a0e5-96e28e751202@group-6799236C1344-FollowerState
2021-04-28 01:09:46,360 [Listener at 127.0.0.1/36361] INFO  rpc.RpcClient (RpcClient.java:createVolume(319)) - Creating Volume: testblockoutputstream, with jenkins1001 as owner and space quota set to -1 bytes, counts quota set to -1
2021-04-28 01:09:46,447 [OM StateMachine ApplyTransaction Thread - 0] INFO  volume.OMVolumeCreateRequest (OMVolumeCreateRequest.java:validateAndUpdateCache(195)) - created volume:testblockoutputstream for user:jenkins1001
2021-04-28 01:09:46,467 [Listener at 127.0.0.1/36361] INFO  rpc.RpcClient (RpcClient.java:createBucket(478)) - Creating Bucket: testblockoutputstream/testblockoutputstream, with Versioning false and Storage Type set to DISK and Encryption set to false 
2021-04-28 01:09:46,482 [Listener at 127.0.0.1/36361] INFO  ozone.MiniOzoneClusterImpl (MiniOzoneClusterImpl.java:getStorageContainerLocationClient(336)) - Creating StorageContainerLocationProtocol RPC client with address /0.0.0.0:36041
2021-04-28 01:09:46,522 [3dc34c93-7aa4-4f5d-882a-22c345cc0d73@group-01B766403D27-FollowerState] INFO  impl.FollowerState (FollowerState.java:run(134)) - 3dc34c93-7aa4-4f5d-882a-22c345cc0d73@group-01B766403D27-FollowerState: change to CANDIDATE, lastRpcElapsedTime:5097616288ns, electionTimeout:5096ms
2021-04-28 01:09:46,522 [3dc34c93-7aa4-4f5d-882a-22c345cc0d73@group-01B766403D27-FollowerState] INFO  impl.RoleInfo (RoleInfo.java:shutdownFollowerState(108)) - 3dc34c93-7aa4-4f5d-882a-22c345cc0d73: shutdown 3dc34c93-7aa4-4f5d-882a-22c345cc0d73@group-01B766403D27-FollowerState
2021-04-28 01:09:46,522 [3dc34c93-7aa4-4f5d-882a-22c345cc0d73@group-01B766403D27-FollowerState] INFO  server.RaftServer$Division (RaftServerImpl.java:setRole(284)) - 3dc34c93-7aa4-4f5d-882a-22c345cc0d73@group-01B766403D27: changes role from  FOLLOWER to CANDIDATE at term 1 for changeToCandidate
2021-04-28 01:09:46,522 [3dc34c93-7aa4-4f5d-882a-22c345cc0d73@group-01B766403D27-FollowerState] INFO  server.RaftServerConfigKeys (ConfUtils.java:logGet(44)) - raft.server.leaderelection.pre-vote = false (custom)
2021-04-28 01:09:46,523 [3dc34c93-7aa4-4f5d-882a-22c345cc0d73@group-01B766403D27-FollowerState] INFO  impl.RoleInfo (RoleInfo.java:updateAndGet(130)) - 3dc34c93-7aa4-4f5d-882a-22c345cc0d73: start 3dc34c93-7aa4-4f5d-882a-22c345cc0d73@group-01B766403D27-LeaderElection17
2021-04-28 01:09:46,530 [3dc34c93-7aa4-4f5d-882a-22c345cc0d73@group-01B766403D27-LeaderElection17] INFO  impl.LeaderElection (LeaderElection.java:askForVotes(306)) - 3dc34c93-7aa4-4f5d-882a-22c345cc0d73@group-01B766403D27-LeaderElection17 ELECTION round 0: submit vote requests at term 2 for -1: [3dc34c93-7aa4-4f5d-882a-22c345cc0d73|rpc:172.17.0.2:34555|priority:0, 0fca32f9-76ae-40c1-a223-13204f8d545a|rpc:172.17.0.2:34055|priority:0, c9444e84-7d1e-434a-8350-34c756d48665|rpc:172.17.0.2:40945|priority:1], old=null
2021-04-28 01:09:46,550 [grpc-default-executor-3] INFO  server.RaftServer$Division (RaftServerImpl.java:requestVote(1042)) - 0fca32f9-76ae-40c1-a223-13204f8d545a@group-01B766403D27: receive requestVote(ELECTION, 3dc34c93-7aa4-4f5d-882a-22c345cc0d73, group-01B766403D27, 2, (t:0, i:0))
2021-04-28 01:09:46,550 [grpc-default-executor-3] INFO  impl.VoteContext (VoteContext.java:log(48)) - 0fca32f9-76ae-40c1-a223-13204f8d545a@group-01B766403D27-FOLLOWER: accept ELECTION from 3dc34c93-7aa4-4f5d-882a-22c345cc0d73: our priority 0 <= candidate's priority 0
2021-04-28 01:09:46,550 [grpc-default-executor-3] INFO  server.RaftServer$Division (RaftServerImpl.java:setRole(284)) - 0fca32f9-76ae-40c1-a223-13204f8d545a@group-01B766403D27: changes role from  FOLLOWER to FOLLOWER at term 2 for candidate:3dc34c93-7aa4-4f5d-882a-22c345cc0d73
2021-04-28 01:09:46,550 [grpc-default-executor-3] INFO  impl.RoleInfo (RoleInfo.java:shutdownFollowerState(108)) - 0fca32f9-76ae-40c1-a223-13204f8d545a: shutdown 0fca32f9-76ae-40c1-a223-13204f8d545a@group-01B766403D27-FollowerState
2021-04-28 01:09:46,550 [grpc-default-executor-3] INFO  impl.RoleInfo (RoleInfo.java:updateAndGet(130)) - 0fca32f9-76ae-40c1-a223-13204f8d545a: start 0fca32f9-76ae-40c1-a223-13204f8d545a@group-01B766403D27-FollowerState
2021-04-28 01:09:46,550 [grpc-default-executor-4] INFO  server.RaftServer$Division (RaftServerImpl.java:requestVote(1042)) - c9444e84-7d1e-434a-8350-34c756d48665@group-01B766403D27: receive requestVote(ELECTION, 3dc34c93-7aa4-4f5d-882a-22c345cc0d73, group-01B766403D27, 2, (t:0, i:0))
2021-04-28 01:09:46,559 [grpc-default-executor-3] INFO  server.RaftServer$Division (RaftServerImpl.java:requestVote(1074)) - 0fca32f9-76ae-40c1-a223-13204f8d545a@group-01B766403D27 replies to ELECTION vote request: 3dc34c93-7aa4-4f5d-882a-22c345cc0d73<-0fca32f9-76ae-40c1-a223-13204f8d545a#0:OK-t2. Peer's state: 0fca32f9-76ae-40c1-a223-13204f8d545a@group-01B766403D27:t2, leader=null, voted=3dc34c93-7aa4-4f5d-882a-22c345cc0d73, raftlog=0fca32f9-76ae-40c1-a223-13204f8d545a@group-01B766403D27-SegmentedRaftLog:OPENED:c-1,f-1,i0, conf=-1: [3dc34c93-7aa4-4f5d-882a-22c345cc0d73|rpc:172.17.0.2:34555|dataStream:|priority:0, 0fca32f9-76ae-40c1-a223-13204f8d545a|rpc:172.17.0.2:34055|dataStream:|priority:0, c9444e84-7d1e-434a-8350-34c756d48665|rpc:172.17.0.2:40945|dataStream:|priority:1], old=null
2021-04-28 01:09:46,550 [0fca32f9-76ae-40c1-a223-13204f8d545a@group-01B766403D27-FollowerState] INFO  impl.FollowerState (FollowerState.java:run(143)) - 0fca32f9-76ae-40c1-a223-13204f8d545a@group-01B766403D27-FollowerState was interrupted: {}
java.lang.InterruptedException: sleep interrupted
	at java.lang.Thread.sleep(Native Method)
	at java.lang.Thread.sleep(Thread.java:340)
	at java.util.concurrent.TimeUnit.sleep(TimeUnit.java:386)
	at org.apache.ratis.util.TimeDuration.sleep(TimeDuration.java:324)
	at org.apache.ratis.util.TimeDuration.sleep(TimeDuration.java:309)
	at org.apache.ratis.server.impl.FollowerState.run(FollowerState.java:118)
2021-04-28 01:09:46,565 [c9444e84-7d1e-434a-8350-34c756d48665@group-01B766403D27-FollowerState] INFO  impl.FollowerState (FollowerState.java:run(134)) - c9444e84-7d1e-434a-8350-34c756d48665@group-01B766403D27-FollowerState: change to CANDIDATE, lastRpcElapsedTime:5150799351ns, electionTimeout:5135ms
2021-04-28 01:09:46,565 [c9444e84-7d1e-434a-8350-34c756d48665@group-01B766403D27-FollowerState] INFO  impl.RoleInfo (RoleInfo.java:shutdownFollowerState(108)) - c9444e84-7d1e-434a-8350-34c756d48665: shutdown c9444e84-7d1e-434a-8350-34c756d48665@group-01B766403D27-FollowerState
2021-04-28 01:09:46,565 [c9444e84-7d1e-434a-8350-34c756d48665@group-01B766403D27-FollowerState] INFO  server.RaftServer$Division (RaftServerImpl.java:setRole(284)) - c9444e84-7d1e-434a-8350-34c756d48665@group-01B766403D27: changes role from  FOLLOWER to CANDIDATE at term 1 for changeToCandidate
2021-04-28 01:09:46,565 [c9444e84-7d1e-434a-8350-34c756d48665@group-01B766403D27-FollowerState] INFO  server.RaftServerConfigKeys (ConfUtils.java:logGet(44)) - raft.server.leaderelection.pre-vote = false (custom)
2021-04-28 01:09:46,566 [c9444e84-7d1e-434a-8350-34c756d48665@group-01B766403D27-FollowerState] INFO  impl.RoleInfo (RoleInfo.java:updateAndGet(130)) - c9444e84-7d1e-434a-8350-34c756d48665: start c9444e84-7d1e-434a-8350-34c756d48665@group-01B766403D27-LeaderElection18
2021-04-28 01:09:46,566 [0fca32f9-76ae-40c1-a223-13204f8d545a@group-F7136F15FB93-FollowerState] INFO  impl.FollowerState (FollowerState.java:run(134)) - 0fca32f9-76ae-40c1-a223-13204f8d545a@group-F7136F15FB93-FollowerState: change to CANDIDATE, lastRpcElapsedTime:5120867090ns, electionTimeout:5112ms
2021-04-28 01:09:46,566 [0fca32f9-76ae-40c1-a223-13204f8d545a@group-F7136F15FB93-FollowerState] INFO  impl.RoleInfo (RoleInfo.java:shutdownFollowerState(108)) - 0fca32f9-76ae-40c1-a223-13204f8d545a: shutdown 0fca32f9-76ae-40c1-a223-13204f8d545a@group-F7136F15FB93-FollowerState
2021-04-28 01:09:46,566 [0fca32f9-76ae-40c1-a223-13204f8d545a@group-F7136F15FB93-FollowerState] INFO  server.RaftServer$Division (RaftServerImpl.java:setRole(284)) - 0fca32f9-76ae-40c1-a223-13204f8d545a@group-F7136F15FB93: changes role from  FOLLOWER to CANDIDATE at term 1 for changeToCandidate
2021-04-28 01:09:46,567 [0fca32f9-76ae-40c1-a223-13204f8d545a@group-F7136F15FB93-FollowerState] INFO  server.RaftServerConfigKeys (ConfUtils.java:logGet(44)) - raft.server.leaderelection.pre-vote = false (custom)
2021-04-28 01:09:46,567 [0fca32f9-76ae-40c1-a223-13204f8d545a@group-F7136F15FB93-FollowerState] INFO  impl.RoleInfo (RoleInfo.java:updateAndGet(130)) - 0fca32f9-76ae-40c1-a223-13204f8d545a: start 0fca32f9-76ae-40c1-a223-13204f8d545a@group-F7136F15FB93-LeaderElection19
2021-04-28 01:09:46,567 [grpc-default-executor-4] INFO  impl.VoteContext (VoteContext.java:log(48)) - c9444e84-7d1e-434a-8350-34c756d48665@group-01B766403D27-CANDIDATE: reject ELECTION from 3dc34c93-7aa4-4f5d-882a-22c345cc0d73: our priority 1 > candidate's priority 0
2021-04-28 01:09:46,567 [grpc-default-executor-4] INFO  server.RaftServer$Division (RaftServerImpl.java:setRole(284)) - c9444e84-7d1e-434a-8350-34c756d48665@group-01B766403D27: changes role from CANDIDATE to FOLLOWER at term 2 for candidate:3dc34c93-7aa4-4f5d-882a-22c345cc0d73
2021-04-28 01:09:46,567 [grpc-default-executor-4] INFO  impl.RoleInfo (RoleInfo.java:shutdownLeaderElection(121)) - c9444e84-7d1e-434a-8350-34c756d48665: shutdown c9444e84-7d1e-434a-8350-34c756d48665@group-01B766403D27-LeaderElection18
2021-04-28 01:09:46,567 [c9444e84-7d1e-434a-8350-34c756d48665@group-01B766403D27-LeaderElection18] INFO  impl.LeaderElection (LeaderElection.java:run(230)) - c9444e84-7d1e-434a-8350-34c756d48665@group-01B766403D27-LeaderElection18: skip running since this is already CLOSING
2021-04-28 01:09:46,568 [grpc-default-executor-4] INFO  impl.RoleInfo (RoleInfo.java:updateAndGet(130)) - c9444e84-7d1e-434a-8350-34c756d48665: start c9444e84-7d1e-434a-8350-34c756d48665@group-01B766403D27-FollowerState
2021-04-28 01:09:46,574 [grpc-default-executor-4] INFO  server.RaftServer$Division (RaftServerImpl.java:requestVote(1074)) - c9444e84-7d1e-434a-8350-34c756d48665@group-01B766403D27 replies to ELECTION vote request: 3dc34c93-7aa4-4f5d-882a-22c345cc0d73<-c9444e84-7d1e-434a-8350-34c756d48665#0:FAIL-t2. Peer's state: c9444e84-7d1e-434a-8350-34c756d48665@group-01B766403D27:t2, leader=null, voted=null, raftlog=c9444e84-7d1e-434a-8350-34c756d48665@group-01B766403D27-SegmentedRaftLog:OPENED:c-1,f-1,i0, conf=-1: [3dc34c93-7aa4-4f5d-882a-22c345cc0d73|rpc:172.17.0.2:34555|dataStream:|priority:0, 0fca32f9-76ae-40c1-a223-13204f8d545a|rpc:172.17.0.2:34055|dataStream:|priority:0, c9444e84-7d1e-434a-8350-34c756d48665|rpc:172.17.0.2:40945|dataStream:|priority:1], old=null
2021-04-28 01:09:46,575 [3dc34c93-7aa4-4f5d-882a-22c345cc0d73@group-01B766403D27-LeaderElection17] INFO  impl.LeaderElection (LeaderElection.java:logAndReturn(89)) - 3dc34c93-7aa4-4f5d-882a-22c345cc0d73@group-01B766403D27-LeaderElection17: ELECTION REJECTED received 2 response(s) and 0 exception(s):
2021-04-28 01:09:46,575 [3dc34c93-7aa4-4f5d-882a-22c345cc0d73@group-01B766403D27-LeaderElection17] INFO  impl.LeaderElection (LeaderElection.java:logAndReturn(93)) -   Response 0: 3dc34c93-7aa4-4f5d-882a-22c345cc0d73<-0fca32f9-76ae-40c1-a223-13204f8d545a#0:OK-t2
2021-04-28 01:09:46,575 [3dc34c93-7aa4-4f5d-882a-22c345cc0d73@group-01B766403D27-LeaderElection17] INFO  impl.LeaderElection (LeaderElection.java:logAndReturn(93)) -   Response 1: 3dc34c93-7aa4-4f5d-882a-22c345cc0d73<-c9444e84-7d1e-434a-8350-34c756d48665#0:FAIL-t2
2021-04-28 01:09:46,575 [3dc34c93-7aa4-4f5d-882a-22c345cc0d73@group-01B766403D27-LeaderElection17] INFO  impl.LeaderElection (LeaderElection.java:askForVotes(308)) - 3dc34c93-7aa4-4f5d-882a-22c345cc0d73@group-01B766403D27-LeaderElection17 ELECTION round 0: result REJECTED
2021-04-28 01:09:46,575 [3dc34c93-7aa4-4f5d-882a-22c345cc0d73@group-01B766403D27-LeaderElection17] INFO  server.RaftServer$Division (RaftServerImpl.java:setRole(284)) - 3dc34c93-7aa4-4f5d-882a-22c345cc0d73@group-01B766403D27: changes role from CANDIDATE to FOLLOWER at term 2 for REJECTED
2021-04-28 01:09:46,575 [3dc34c93-7aa4-4f5d-882a-22c345cc0d73@group-01B766403D27-LeaderElection17] INFO  impl.RoleInfo (RoleInfo.java:shutdownLeaderElection(121)) - 3dc34c93-7aa4-4f5d-882a-22c345cc0d73: shutdown 3dc34c93-7aa4-4f5d-882a-22c345cc0d73@group-01B766403D27-LeaderElection17
2021-04-28 01:09:46,575 [3dc34c93-7aa4-4f5d-882a-22c345cc0d73@group-01B766403D27-LeaderElection17] INFO  impl.RoleInfo (RoleInfo.java:updateAndGet(130)) - 3dc34c93-7aa4-4f5d-882a-22c345cc0d73: start 3dc34c93-7aa4-4f5d-882a-22c345cc0d73@group-01B766403D27-FollowerState
2021-04-28 01:09:46,576 [0fca32f9-76ae-40c1-a223-13204f8d545a@group-F7136F15FB93-LeaderElection19] INFO  impl.LeaderElection (LeaderElection.java:askForVotes(306)) - 0fca32f9-76ae-40c1-a223-13204f8d545a@group-F7136F15FB93-LeaderElection19 ELECTION round 0: submit vote requests at term 2 for -1: [0fca32f9-76ae-40c1-a223-13204f8d545a|rpc:172.17.0.2:34055|dataStream:|priority:1, 3dc34c93-7aa4-4f5d-882a-22c345cc0d73|rpc:172.17.0.2:34555|dataStream:|priority:0, c9444e84-7d1e-434a-8350-34c756d48665|rpc:172.17.0.2:40945|dataStream:|priority:0], old=null
2021-04-28 01:09:46,590 [3dc34c93-7aa4-4f5d-882a-22c345cc0d73@group-F7136F15FB93-FollowerState] INFO  impl.FollowerState (FollowerState.java:run(134)) - 3dc34c93-7aa4-4f5d-882a-22c345cc0d73@group-F7136F15FB93-FollowerState: change to CANDIDATE, lastRpcElapsedTime:5137180632ns, electionTimeout:5135ms
2021-04-28 01:09:46,590 [3dc34c93-7aa4-4f5d-882a-22c345cc0d73@group-F7136F15FB93-FollowerState] INFO  impl.RoleInfo (RoleInfo.java:shutdownFollowerState(108)) - 3dc34c93-7aa4-4f5d-882a-22c345cc0d73: shutdown 3dc34c93-7aa4-4f5d-882a-22c345cc0d73@group-F7136F15FB93-FollowerState
2021-04-28 01:09:46,590 [3dc34c93-7aa4-4f5d-882a-22c345cc0d73@group-F7136F15FB93-FollowerState] INFO  server.RaftServer$Division (RaftServerImpl.java:setRole(284)) - 3dc34c93-7aa4-4f5d-882a-22c345cc0d73@group-F7136F15FB93: changes role from  FOLLOWER to CANDIDATE at term 1 for changeToCandidate
2021-04-28 01:09:46,603 [3dc34c93-7aa4-4f5d-882a-22c345cc0d73@group-F7136F15FB93-FollowerState] INFO  server.RaftServerConfigKeys (ConfUtils.java:logGet(44)) - raft.server.leaderelection.pre-vote = false (custom)
2021-04-28 01:09:46,603 [3dc34c93-7aa4-4f5d-882a-22c345cc0d73@group-F7136F15FB93-FollowerState] INFO  impl.RoleInfo (RoleInfo.java:updateAndGet(130)) - 3dc34c93-7aa4-4f5d-882a-22c345cc0d73: start 3dc34c93-7aa4-4f5d-882a-22c345cc0d73@group-F7136F15FB93-LeaderElection20
2021-04-28 01:09:46,605 [grpc-default-executor-4] INFO  metrics.RatisMetrics (RatisMetrics.java:lambda$create$0(36)) - Creating Metrics Registry : ratis.server_message_metrics.3dc34c93-7aa4-4f5d-882a-22c345cc0d73
2021-04-28 01:09:46,622 [grpc-default-executor-4] INFO  server.RaftServer$Division (RaftServerImpl.java:requestVote(1042)) - 3dc34c93-7aa4-4f5d-882a-22c345cc0d73@group-F7136F15FB93: receive requestVote(ELECTION, 0fca32f9-76ae-40c1-a223-13204f8d545a, group-F7136F15FB93, 2, (t:0, i:0))
2021-04-28 01:09:46,622 [grpc-default-executor-3] INFO  server.RaftServer$Division (RaftServerImpl.java:requestVote(1042)) - c9444e84-7d1e-434a-8350-34c756d48665@group-F7136F15FB93: receive requestVote(ELECTION, 0fca32f9-76ae-40c1-a223-13204f8d545a, group-F7136F15FB93, 2, (t:0, i:0))
2021-04-28 01:09:46,622 [grpc-default-executor-3] INFO  impl.VoteContext (VoteContext.java:log(48)) - c9444e84-7d1e-434a-8350-34c756d48665@group-F7136F15FB93-FOLLOWER: accept ELECTION from 0fca32f9-76ae-40c1-a223-13204f8d545a: our priority 0 <= candidate's priority 1
2021-04-28 01:09:46,623 [grpc-default-executor-3] INFO  server.RaftServer$Division (RaftServerImpl.java:setRole(284)) - c9444e84-7d1e-434a-8350-34c756d48665@group-F7136F15FB93: changes role from  FOLLOWER to FOLLOWER at term 2 for candidate:0fca32f9-76ae-40c1-a223-13204f8d545a
2021-04-28 01:09:46,623 [grpc-default-executor-3] INFO  impl.RoleInfo (RoleInfo.java:shutdownFollowerState(108)) - c9444e84-7d1e-434a-8350-34c756d48665: shutdown c9444e84-7d1e-434a-8350-34c756d48665@group-F7136F15FB93-FollowerState
2021-04-28 01:09:46,623 [grpc-default-executor-3] INFO  impl.RoleInfo (RoleInfo.java:updateAndGet(130)) - c9444e84-7d1e-434a-8350-34c756d48665: start c9444e84-7d1e-434a-8350-34c756d48665@group-F7136F15FB93-FollowerState
2021-04-28 01:09:46,623 [c9444e84-7d1e-434a-8350-34c756d48665@group-F7136F15FB93-FollowerState] INFO  impl.FollowerState (FollowerState.java:run(143)) - c9444e84-7d1e-434a-8350-34c756d48665@group-F7136F15FB93-FollowerState was interrupted: {}
java.lang.InterruptedException: sleep interrupted
	at java.lang.Thread.sleep(Native Method)
	at java.lang.Thread.sleep(Thread.java:340)
	at java.util.concurrent.TimeUnit.sleep(TimeUnit.java:386)
	at org.apache.ratis.util.TimeDuration.sleep(TimeDuration.java:324)
	at org.apache.ratis.util.TimeDuration.sleep(TimeDuration.java:309)
	at org.apache.ratis.server.impl.FollowerState.run(FollowerState.java:118)
2021-04-28 01:09:46,630 [3dc34c93-7aa4-4f5d-882a-22c345cc0d73@group-F7136F15FB93-LeaderElection20] INFO  impl.LeaderElection (LeaderElection.java:askForVotes(306)) - 3dc34c93-7aa4-4f5d-882a-22c345cc0d73@group-F7136F15FB93-LeaderElection20 ELECTION round 0: submit vote requests at term 2 for -1: [0fca32f9-76ae-40c1-a223-13204f8d545a|rpc:172.17.0.2:34055|priority:1, 3dc34c93-7aa4-4f5d-882a-22c345cc0d73|rpc:172.17.0.2:34555|priority:0, c9444e84-7d1e-434a-8350-34c756d48665|rpc:172.17.0.2:40945|priority:0], old=null
2021-04-28 01:09:46,630 [grpc-default-executor-4] INFO  impl.VoteContext (VoteContext.java:log(48)) - 3dc34c93-7aa4-4f5d-882a-22c345cc0d73@group-F7136F15FB93-CANDIDATE: reject ELECTION from 0fca32f9-76ae-40c1-a223-13204f8d545a: already has voted for 3dc34c93-7aa4-4f5d-882a-22c345cc0d73 at current term 2
2021-04-28 01:09:46,631 [grpc-default-executor-4] INFO  server.RaftServer$Division (RaftServerImpl.java:requestVote(1074)) - 3dc34c93-7aa4-4f5d-882a-22c345cc0d73@group-F7136F15FB93 replies to ELECTION vote request: 0fca32f9-76ae-40c1-a223-13204f8d545a<-3dc34c93-7aa4-4f5d-882a-22c345cc0d73#0:FAIL-t2. Peer's state: 3dc34c93-7aa4-4f5d-882a-22c345cc0d73@group-F7136F15FB93:t2, leader=null, voted=3dc34c93-7aa4-4f5d-882a-22c345cc0d73, raftlog=3dc34c93-7aa4-4f5d-882a-22c345cc0d73@group-F7136F15FB93-SegmentedRaftLog:OPENED:c-1,f-1,i0, conf=-1: [0fca32f9-76ae-40c1-a223-13204f8d545a|rpc:172.17.0.2:34055|priority:1, 3dc34c93-7aa4-4f5d-882a-22c345cc0d73|rpc:172.17.0.2:34555|priority:0, c9444e84-7d1e-434a-8350-34c756d48665|rpc:172.17.0.2:40945|priority:0], old=null
2021-04-28 01:09:46,631 [grpc-default-executor-3] INFO  server.RaftServer$Division (RaftServerImpl.java:requestVote(1074)) - c9444e84-7d1e-434a-8350-34c756d48665@group-F7136F15FB93 replies to ELECTION vote request: 0fca32f9-76ae-40c1-a223-13204f8d545a<-c9444e84-7d1e-434a-8350-34c756d48665#0:OK-t2. Peer's state: c9444e84-7d1e-434a-8350-34c756d48665@group-F7136F15FB93:t2, leader=null, voted=0fca32f9-76ae-40c1-a223-13204f8d545a, raftlog=c9444e84-7d1e-434a-8350-34c756d48665@group-F7136F15FB93-SegmentedRaftLog:OPENED:c-1,f-1,i0, conf=-1: [0fca32f9-76ae-40c1-a223-13204f8d545a|rpc:172.17.0.2:34055|dataStream:|priority:1, 3dc34c93-7aa4-4f5d-882a-22c345cc0d73|rpc:172.17.0.2:34555|dataStream:|priority:0, c9444e84-7d1e-434a-8350-34c756d48665|rpc:172.17.0.2:40945|dataStream:|priority:0], old=null
2021-04-28 01:09:46,634 [0fca32f9-76ae-40c1-a223-13204f8d545a@group-F7136F15FB93-LeaderElection19] INFO  impl.LeaderElection (LeaderElection.java:logAndReturn(89)) - 0fca32f9-76ae-40c1-a223-13204f8d545a@group-F7136F15FB93-LeaderElection19: ELECTION PASSED received 1 response(s) and 0 exception(s):
2021-04-28 01:09:46,634 [0fca32f9-76ae-40c1-a223-13204f8d545a@group-F7136F15FB93-LeaderElection19] INFO  impl.LeaderElection (LeaderElection.java:logAndReturn(93)) -   Response 0: 0fca32f9-76ae-40c1-a223-13204f8d545a<-c9444e84-7d1e-434a-8350-34c756d48665#0:OK-t2
2021-04-28 01:09:46,638 [0fca32f9-76ae-40c1-a223-13204f8d545a@group-F7136F15FB93-LeaderElection19] INFO  impl.LeaderElection (LeaderElection.java:askForVotes(308)) - 0fca32f9-76ae-40c1-a223-13204f8d545a@group-F7136F15FB93-LeaderElection19 ELECTION round 0: result PASSED
2021-04-28 01:09:46,638 [0fca32f9-76ae-40c1-a223-13204f8d545a@group-F7136F15FB93-LeaderElection19] INFO  impl.RoleInfo (RoleInfo.java:shutdownLeaderElection(121)) - 0fca32f9-76ae-40c1-a223-13204f8d545a: shutdown 0fca32f9-76ae-40c1-a223-13204f8d545a@group-F7136F15FB93-LeaderElection19
2021-04-28 01:09:46,638 [0fca32f9-76ae-40c1-a223-13204f8d545a@group-F7136F15FB93-LeaderElection19] INFO  server.RaftServer$Division (RaftServerImpl.java:setRole(284)) - 0fca32f9-76ae-40c1-a223-13204f8d545a@group-F7136F15FB93: changes role from CANDIDATE to LEADER at term 2 for changeToLeader
2021-04-28 01:09:46,638 [0fca32f9-76ae-40c1-a223-13204f8d545a@group-F7136F15FB93-LeaderElection19] INFO  ratis.XceiverServerRatis (XceiverServerRatis.java:handleLeaderChangedNotification(906)) - Leader change notification received for group: group-F7136F15FB93 with new leaderId: 0fca32f9-76ae-40c1-a223-13204f8d545a
2021-04-28 01:09:46,638 [0fca32f9-76ae-40c1-a223-13204f8d545a@group-F7136F15FB93-LeaderElection19] INFO  server.RaftServer$Division (ServerState.java:setLeader(271)) - 0fca32f9-76ae-40c1-a223-13204f8d545a@group-F7136F15FB93: change Leader from null to 0fca32f9-76ae-40c1-a223-13204f8d545a at term 2 for becomeLeader, leader elected after 10230ms
2021-04-28 01:09:46,641 [grpc-default-executor-3] INFO  server.RaftServer$Division (RaftServerImpl.java:requestVote(1042)) - 0fca32f9-76ae-40c1-a223-13204f8d545a@group-F7136F15FB93: receive requestVote(ELECTION, 3dc34c93-7aa4-4f5d-882a-22c345cc0d73, group-F7136F15FB93, 2, (t:0, i:0))
2021-04-28 01:09:46,643 [0fca32f9-76ae-40c1-a223-13204f8d545a@group-F7136F15FB93-LeaderElection19] INFO  server.RaftServerConfigKeys (ConfUtils.java:logGet(44)) - raft.server.staging.catchup.gap = 1000 (default)
2021-04-28 01:09:46,643 [0fca32f9-76ae-40c1-a223-13204f8d545a@group-F7136F15FB93-LeaderElection19] INFO  metrics.RatisMetrics (RatisMetrics.java:lambda$create$0(36)) - Creating Metrics Registry : ratis.log_appender.0fca32f9-76ae-40c1-a223-13204f8d545a@group-F7136F15FB93
2021-04-28 01:09:46,643 [0fca32f9-76ae-40c1-a223-13204f8d545a@group-F7136F15FB93-LeaderElection19] INFO  server.RaftServerConfigKeys (ConfUtils.java:logGet(44)) - raft.server.write.element-limit = 1024 (custom)
2021-04-28 01:09:46,643 [0fca32f9-76ae-40c1-a223-13204f8d545a@group-F7136F15FB93-LeaderElection19] INFO  server.RaftServerConfigKeys (ConfUtils.java:logGet(44)) - raft.server.write.byte-limit = 1073741824 (custom)
2021-04-28 01:09:46,643 [0fca32f9-76ae-40c1-a223-13204f8d545a@group-F7136F15FB93-LeaderElection19] INFO  server.RaftServerConfigKeys (ConfUtils.java:logGet(44)) - raft.server.watch.timeout = 3000ms (custom)
2021-04-28 01:09:46,643 [0fca32f9-76ae-40c1-a223-13204f8d545a@group-F7136F15FB93-LeaderElection19] INFO  server.RaftServerConfigKeys (ConfUtils.java:logGet(44)) - raft.server.watch.timeout.denomination = 1s (default)
2021-04-28 01:09:46,643 [0fca32f9-76ae-40c1-a223-13204f8d545a@group-F7136F15FB93-LeaderElection19] INFO  server.RaftServerConfigKeys (ConfUtils.java:logGet(44)) - raft.server.watch.element-limit = 65536 (default)
2021-04-28 01:09:46,644 [EventQueue-PipelineReportForPipelineReportHandler] INFO  pipeline.PipelineManagerV2Impl (PipelineManagerV2Impl.java:openPipeline(270)) - Pipeline Pipeline[ Id: caff8bd0-7063-4efd-97e9-f7136f15fb93, Nodes: 0fca32f9-76ae-40c1-a223-13204f8d545a{ip: 172.17.0.2, host: c8a4b84cbf99, ports: [REPLICATION=43429, RATIS=34055, RATIS_ADMIN=34055, RATIS_SERVER=34055, STANDALONE=39971], networkLocation: /default-rack, certSerialId: null, persistedOpState: IN_SERVICE, persistedOpStateExpiryEpochSec: 0}c9444e84-7d1e-434a-8350-34c756d48665{ip: 172.17.0.2, host: c8a4b84cbf99, ports: [REPLICATION=42367, RATIS=40945, RATIS_ADMIN=40945, RATIS_SERVER=40945, STANDALONE=34205], networkLocation: /default-rack, certSerialId: null, persistedOpState: IN_SERVICE, persistedOpStateExpiryEpochSec: 0}3dc34c93-7aa4-4f5d-882a-22c345cc0d73{ip: 172.17.0.2, host: c8a4b84cbf99, ports: [REPLICATION=39815, RATIS=34555, RATIS_ADMIN=34555, RATIS_SERVER=34555, STANDALONE=36395], networkLocation: /default-rack, certSerialId: null, persistedOpState: IN_SERVICE, persistedOpStateExpiryEpochSec: 0}, ReplicationConfig: RATIS/THREE, State:ALLOCATED, leaderId:0fca32f9-76ae-40c1-a223-13204f8d545a, CreationTimestamp2021-04-28T01:09:33.651Z] moved to OPEN state
2021-04-28 01:09:46,644 [0fca32f9-76ae-40c1-a223-13204f8d545a@group-F7136F15FB93-LeaderElection19] INFO  server.RaftServerConfigKeys (ConfUtils.java:logGet(44)) - raft.server.log.appender.snapshot.chunk.size.max = 16MB (=16777216) (default)
2021-04-28 01:09:46,644 [0fca32f9-76ae-40c1-a223-13204f8d545a@group-F7136F15FB93-LeaderElection19] INFO  server.RaftServerConfigKeys (ConfUtils.java:logGet(44)) - raft.server.log.appender.buffer.byte-limit = 33554432 (custom)
2021-04-28 01:09:46,644 [0fca32f9-76ae-40c1-a223-13204f8d545a@group-F7136F15FB93-LeaderElection19] INFO  server.RaftServerConfigKeys (ConfUtils.java:logGet(44)) - raft.server.log.appender.buffer.element-limit = 1 (custom)
2021-04-28 01:09:46,644 [0fca32f9-76ae-40c1-a223-13204f8d545a@group-F7136F15FB93-LeaderElection19] INFO  grpc.GrpcConfigKeys (ConfUtils.java:logGet(44)) - raft.grpc.server.leader.outstanding.appends.max = 128 (default)
2021-04-28 01:09:46,644 [0fca32f9-76ae-40c1-a223-13204f8d545a@group-F7136F15FB93-LeaderElection19] INFO  server.RaftServerConfigKeys (ConfUtils.java:logGet(44)) - raft.server.rpc.request.timeout = 3000ms (default)
2021-04-28 01:09:46,644 [0fca32f9-76ae-40c1-a223-13204f8d545a@group-F7136F15FB93-LeaderElection19] INFO  server.RaftServerConfigKeys (ConfUtils.java:logGet(44)) - raft.server.log.appender.install.snapshot.enabled = false (custom)
2021-04-28 01:09:46,644 [0fca32f9-76ae-40c1-a223-13204f8d545a@group-F7136F15FB93-LeaderElection19] INFO  metrics.RatisMetrics (RatisMetrics.java:lambda$create$0(36)) - Creating Metrics Registry : ratis_grpc.log_appender.0fca32f9-76ae-40c1-a223-13204f8d545a@group-F7136F15FB93
2021-04-28 01:09:46,645 [0fca32f9-76ae-40c1-a223-13204f8d545a@group-F7136F15FB93-LeaderElection19] INFO  server.RaftServerConfigKeys (ConfUtils.java:logGet(44)) - raft.server.log.appender.snapshot.chunk.size.max = 16MB (=16777216) (default)
2021-04-28 01:09:46,645 [0fca32f9-76ae-40c1-a223-13204f8d545a@group-F7136F15FB93-LeaderElection19] INFO  server.RaftServerConfigKeys (ConfUtils.java:logGet(44)) - raft.server.log.appender.buffer.byte-limit = 33554432 (custom)
2021-04-28 01:09:46,645 [0fca32f9-76ae-40c1-a223-13204f8d545a@group-F7136F15FB93-LeaderElection19] INFO  server.RaftServerConfigKeys (ConfUtils.java:logGet(44)) - raft.server.log.appender.buffer.element-limit = 1 (custom)
2021-04-28 01:09:46,645 [0fca32f9-76ae-40c1-a223-13204f8d545a@group-F7136F15FB93-LeaderElection19] INFO  grpc.GrpcConfigKeys (ConfUtils.java:logGet(44)) - raft.grpc.server.leader.outstanding.appends.max = 128 (default)
2021-04-28 01:09:46,645 [0fca32f9-76ae-40c1-a223-13204f8d545a@group-F7136F15FB93-LeaderElection19] INFO  server.RaftServerConfigKeys (ConfUtils.java:logGet(44)) - raft.server.rpc.request.timeout = 3000ms (default)
2021-04-28 01:09:46,645 [0fca32f9-76ae-40c1-a223-13204f8d545a@group-F7136F15FB93-LeaderElection19] INFO  server.RaftServerConfigKeys (ConfUtils.java:logGet(44)) - raft.server.log.appender.install.snapshot.enabled = false (custom)
2021-04-28 01:09:46,647 [0fca32f9-76ae-40c1-a223-13204f8d545a@group-F7136F15FB93-LeaderElection19] INFO  impl.RoleInfo (RoleInfo.java:updateAndGet(130)) - 0fca32f9-76ae-40c1-a223-13204f8d545a: start 0fca32f9-76ae-40c1-a223-13204f8d545a@group-F7136F15FB93-LeaderStateImpl
2021-04-28 01:09:46,647 [0fca32f9-76ae-40c1-a223-13204f8d545a@group-F7136F15FB93-LeaderElection19] INFO  segmented.SegmentedRaftLogWorker (SegmentedRaftLogWorker.java:startLogSegment(394)) - 0fca32f9-76ae-40c1-a223-13204f8d545a@group-F7136F15FB93-SegmentedRaftLogWorker: Starting segment from index:0
2021-04-28 01:09:46,648 [0fca32f9-76ae-40c1-a223-13204f8d545a@group-F7136F15FB93-SegmentedRaftLogWorker] INFO  segmented.SegmentedRaftLogWorker (SegmentedRaftLogWorker.java:execute(601)) - 0fca32f9-76ae-40c1-a223-13204f8d545a@group-F7136F15FB93-SegmentedRaftLogWorker: created new log segment /github/workspace/mnt/ozone/hadoop-ozone/integration-test/target/test-dir/MiniOzoneClusterImpl-d7076e4a-bb1a-46d0-b0f9-1975ab90d2da/datanode-5/data/ratis/caff8bd0-7063-4efd-97e9-f7136f15fb93/current/log_inprogress_0
2021-04-28 01:09:46,661 [grpc-default-executor-4] INFO  server.RaftServer$Division (RaftServerImpl.java:requestVote(1042)) - c9444e84-7d1e-434a-8350-34c756d48665@group-F7136F15FB93: receive requestVote(ELECTION, 3dc34c93-7aa4-4f5d-882a-22c345cc0d73, group-F7136F15FB93, 2, (t:0, i:0))
2021-04-28 01:09:46,666 [grpc-default-executor-4] INFO  impl.VoteContext (VoteContext.java:log(48)) - c9444e84-7d1e-434a-8350-34c756d48665@group-F7136F15FB93-FOLLOWER: reject ELECTION from 3dc34c93-7aa4-4f5d-882a-22c345cc0d73: already has voted for 0fca32f9-76ae-40c1-a223-13204f8d545a at current term 2
2021-04-28 01:09:46,666 [0fca32f9-76ae-40c1-a223-13204f8d545a@group-F7136F15FB93-LeaderElection19] INFO  server.RaftServer$Division (ServerState.java:setRaftConf(373)) - 0fca32f9-76ae-40c1-a223-13204f8d545a@group-F7136F15FB93: set configuration 0: [0fca32f9-76ae-40c1-a223-13204f8d545a|rpc:172.17.0.2:34055|dataStream:|priority:1, 3dc34c93-7aa4-4f5d-882a-22c345cc0d73|rpc:172.17.0.2:34555|dataStream:|priority:0, c9444e84-7d1e-434a-8350-34c756d48665|rpc:172.17.0.2:40945|dataStream:|priority:0], old=null
2021-04-28 01:09:46,666 [grpc-default-executor-4] INFO  server.RaftServer$Division (RaftServerImpl.java:requestVote(1074)) - c9444e84-7d1e-434a-8350-34c756d48665@group-F7136F15FB93 replies to ELECTION vote request: 3dc34c93-7aa4-4f5d-882a-22c345cc0d73<-c9444e84-7d1e-434a-8350-34c756d48665#0:FAIL-t2. Peer's state: c9444e84-7d1e-434a-8350-34c756d48665@group-F7136F15FB93:t2, leader=null, voted=0fca32f9-76ae-40c1-a223-13204f8d545a, raftlog=c9444e84-7d1e-434a-8350-34c756d48665@group-F7136F15FB93-SegmentedRaftLog:OPENED:c-1,f-1,i0, conf=-1: [0fca32f9-76ae-40c1-a223-13204f8d545a|rpc:172.17.0.2:34055|dataStream:|priority:1, 3dc34c93-7aa4-4f5d-882a-22c345cc0d73|rpc:172.17.0.2:34555|dataStream:|priority:0, c9444e84-7d1e-434a-8350-34c756d48665|rpc:172.17.0.2:40945|dataStream:|priority:0], old=null
2021-04-28 01:09:46,672 [grpc-default-executor-4] INFO  ratis.XceiverServerRatis (XceiverServerRatis.java:handleLeaderChangedNotification(906)) - Leader change notification received for group: group-F7136F15FB93 with new leaderId: 0fca32f9-76ae-40c1-a223-13204f8d545a
2021-04-28 01:09:46,672 [grpc-default-executor-4] INFO  server.RaftServer$Division (ServerState.java:setLeader(271)) - c9444e84-7d1e-434a-8350-34c756d48665@group-F7136F15FB93: change Leader from null to 0fca32f9-76ae-40c1-a223-13204f8d545a at term 2 for appendEntries, leader elected after 10200ms
2021-04-28 01:09:46,674 [grpc-default-executor-1] INFO  server.RaftServer$Division (RaftServerImpl.java:setRole(284)) - 3dc34c93-7aa4-4f5d-882a-22c345cc0d73@group-F7136F15FB93: changes role from CANDIDATE to FOLLOWER at term 2 for appendEntries
2021-04-28 01:09:46,674 [grpc-default-executor-1] INFO  impl.RoleInfo (RoleInfo.java:shutdownLeaderElection(121)) - 3dc34c93-7aa4-4f5d-882a-22c345cc0d73: shutdown 3dc34c93-7aa4-4f5d-882a-22c345cc0d73@group-F7136F15FB93-LeaderElection20
2021-04-28 01:09:46,677 [grpc-default-executor-1] INFO  impl.RoleInfo (RoleInfo.java:updateAndGet(130)) - 3dc34c93-7aa4-4f5d-882a-22c345cc0d73: start 3dc34c93-7aa4-4f5d-882a-22c345cc0d73@group-F7136F15FB93-FollowerState
2021-04-28 01:09:46,696 [grpc-default-executor-4] INFO  server.RaftServer$Division (ServerState.java:setRaftConf(373)) - c9444e84-7d1e-434a-8350-34c756d48665@group-F7136F15FB93: set configuration 0: [0fca32f9-76ae-40c1-a223-13204f8d545a|rpc:172.17.0.2:34055|dataStream:|priority:1, 3dc34c93-7aa4-4f5d-882a-22c345cc0d73|rpc:172.17.0.2:34555|dataStream:|priority:0, c9444e84-7d1e-434a-8350-34c756d48665|rpc:172.17.0.2:40945|dataStream:|priority:0], old=null
2021-04-28 01:09:46,696 [grpc-default-executor-4] INFO  segmented.SegmentedRaftLogWorker (SegmentedRaftLogWorker.java:startLogSegment(394)) - c9444e84-7d1e-434a-8350-34c756d48665@group-F7136F15FB93-SegmentedRaftLogWorker: Starting segment from index:0
2021-04-28 01:09:46,698 [grpc-default-executor-3] INFO  impl.VoteContext (VoteContext.java:log(48)) - 0fca32f9-76ae-40c1-a223-13204f8d545a@group-F7136F15FB93-LEADER: reject ELECTION from 3dc34c93-7aa4-4f5d-882a-22c345cc0d73: already has voted for 0fca32f9-76ae-40c1-a223-13204f8d545a at current term 2
2021-04-28 01:09:46,699 [grpc-default-executor-3] INFO  server.RaftServer$Division (RaftServerImpl.java:requestVote(1074)) - 0fca32f9-76ae-40c1-a223-13204f8d545a@group-F7136F15FB93 replies to ELECTION vote request: 3dc34c93-7aa4-4f5d-882a-22c345cc0d73<-0fca32f9-76ae-40c1-a223-13204f8d545a#0:FAIL-t2. Peer's state: 0fca32f9-76ae-40c1-a223-13204f8d545a@group-F7136F15FB93:t2, leader=0fca32f9-76ae-40c1-a223-13204f8d545a, voted=0fca32f9-76ae-40c1-a223-13204f8d545a, raftlog=0fca32f9-76ae-40c1-a223-13204f8d545a@group-F7136F15FB93-SegmentedRaftLog:OPENED:c0,f0,i0, conf=0: [0fca32f9-76ae-40c1-a223-13204f8d545a|rpc:172.17.0.2:34055|dataStream:|priority:1, 3dc34c93-7aa4-4f5d-882a-22c345cc0d73|rpc:172.17.0.2:34555|dataStream:|priority:0, c9444e84-7d1e-434a-8350-34c756d48665|rpc:172.17.0.2:40945|dataStream:|priority:0], old=null
2021-04-28 01:09:46,700 [grpc-default-executor-1] INFO  ratis.XceiverServerRatis (XceiverServerRatis.java:handleLeaderChangedNotification(906)) - Leader change notification received for group: group-F7136F15FB93 with new leaderId: 0fca32f9-76ae-40c1-a223-13204f8d545a
2021-04-28 01:09:46,700 [grpc-default-executor-1] INFO  server.RaftServer$Division (ServerState.java:setLeader(271)) - 3dc34c93-7aa4-4f5d-882a-22c345cc0d73@group-F7136F15FB93: change Leader from null to 0fca32f9-76ae-40c1-a223-13204f8d545a at term 2 for appendEntries, leader elected after 10309ms
2021-04-28 01:09:46,701 [c9444e84-7d1e-434a-8350-34c756d48665@group-F7136F15FB93-SegmentedRaftLogWorker] INFO  segmented.SegmentedRaftLogWorker (SegmentedRaftLogWorker.java:execute(601)) - c9444e84-7d1e-434a-8350-34c756d48665@group-F7136F15FB93-SegmentedRaftLogWorker: created new log segment /github/workspace/mnt/ozone/hadoop-ozone/integration-test/target/test-dir/MiniOzoneClusterImpl-d7076e4a-bb1a-46d0-b0f9-1975ab90d2da/datanode-4/data/ratis/caff8bd0-7063-4efd-97e9-f7136f15fb93/current/log_inprogress_0
2021-04-28 01:09:46,718 [3dc34c93-7aa4-4f5d-882a-22c345cc0d73@group-F7136F15FB93-LeaderElection20] INFO  impl.LeaderElection (LeaderElection.java:logAndReturn(89)) - 3dc34c93-7aa4-4f5d-882a-22c345cc0d73@group-F7136F15FB93-LeaderElection20: ELECTION REJECTED received 2 response(s) and 0 exception(s):
2021-04-28 01:09:46,718 [3dc34c93-7aa4-4f5d-882a-22c345cc0d73@group-F7136F15FB93-LeaderElection20] INFO  impl.LeaderElection (LeaderElection.java:logAndReturn(93)) -   Response 0: 3dc34c93-7aa4-4f5d-882a-22c345cc0d73<-0fca32f9-76ae-40c1-a223-13204f8d545a#0:FAIL-t2
2021-04-28 01:09:46,718 [3dc34c93-7aa4-4f5d-882a-22c345cc0d73@group-F7136F15FB93-LeaderElection20] INFO  impl.LeaderElection (LeaderElection.java:logAndReturn(93)) -   Response 1: 3dc34c93-7aa4-4f5d-882a-22c345cc0d73<-c9444e84-7d1e-434a-8350-34c756d48665#0:FAIL-t2
2021-04-28 01:09:46,723 [IPC Server handler 4 on default port 36041] INFO  ha.SequenceIdGenerator (SequenceIdGenerator.java:getNextId(127)) - Allocate a batch for containerId, change lastId from 0 to 1000.
2021-04-28 01:09:46,732 [3dc34c93-7aa4-4f5d-882a-22c345cc0d73@group-F7136F15FB93-LeaderElection20] INFO  impl.LeaderElection (LeaderElection.java:askForVotes(308)) - 3dc34c93-7aa4-4f5d-882a-22c345cc0d73@group-F7136F15FB93-LeaderElection20 ELECTION round 0: result REJECTED
2021-04-28 01:09:46,735 [grpc-default-executor-3] INFO  server.RaftServer$Division (ServerState.java:setRaftConf(373)) - 3dc34c93-7aa4-4f5d-882a-22c345cc0d73@group-F7136F15FB93: set configuration 0: [0fca32f9-76ae-40c1-a223-13204f8d545a|rpc:172.17.0.2:34055|dataStream:|priority:1, 3dc34c93-7aa4-4f5d-882a-22c345cc0d73|rpc:172.17.0.2:34555|dataStream:|priority:0, c9444e84-7d1e-434a-8350-34c756d48665|rpc:172.17.0.2:40945|dataStream:|priority:0], old=null
2021-04-28 01:09:46,735 [grpc-default-executor-3] INFO  segmented.SegmentedRaftLogWorker (SegmentedRaftLogWorker.java:startLogSegment(394)) - 3dc34c93-7aa4-4f5d-882a-22c345cc0d73@group-F7136F15FB93-SegmentedRaftLogWorker: Starting segment from index:0
2021-04-28 01:09:46,736 [3dc34c93-7aa4-4f5d-882a-22c345cc0d73@group-F7136F15FB93-SegmentedRaftLogWorker] INFO  segmented.SegmentedRaftLogWorker (SegmentedRaftLogWorker.java:execute(601)) - 3dc34c93-7aa4-4f5d-882a-22c345cc0d73@group-F7136F15FB93-SegmentedRaftLogWorker: created new log segment /github/workspace/mnt/ozone/hadoop-ozone/integration-test/target/test-dir/MiniOzoneClusterImpl-d7076e4a-bb1a-46d0-b0f9-1975ab90d2da/datanode-3/data/ratis/caff8bd0-7063-4efd-97e9-f7136f15fb93/current/log_inprogress_0
2021-04-28 01:09:46,783 [Listener at 127.0.0.1/36361] INFO  impl.MetricsSystemImpl (MetricsSystemImpl.java:init(158)) - XceiverClientMetrics metrics system started (again)
2021-04-28 01:09:46,876 [Listener at 127.0.0.1/36361] INFO  metrics.RatisMetrics (RatisMetrics.java:lambda$create$0(36)) - Creating Metrics Registry : ratis.client_message_metrics.client-78EFAB83A0EA->f65384a4-a8a4-4787-a0e5-96e28e751202
2021-04-28 01:09:50,864 [42fd2707-1841-40d3-b54b-6f39f935cc38@group-A8230B39765F-FollowerState] INFO  impl.FollowerState (FollowerState.java:run(134)) - 42fd2707-1841-40d3-b54b-6f39f935cc38@group-A8230B39765F-FollowerState: change to CANDIDATE, lastRpcElapsedTime:5033231911ns, electionTimeout:5031ms
2021-04-28 01:09:50,864 [42fd2707-1841-40d3-b54b-6f39f935cc38@group-A8230B39765F-FollowerState] INFO  impl.RoleInfo (RoleInfo.java:shutdownFollowerState(108)) - 42fd2707-1841-40d3-b54b-6f39f935cc38: shutdown 42fd2707-1841-40d3-b54b-6f39f935cc38@group-A8230B39765F-FollowerState
2021-04-28 01:09:50,864 [42fd2707-1841-40d3-b54b-6f39f935cc38@group-A8230B39765F-FollowerState] INFO  server.RaftServer$Division (RaftServerImpl.java:setRole(284)) - 42fd2707-1841-40d3-b54b-6f39f935cc38@group-A8230B39765F: changes role from  FOLLOWER to CANDIDATE at term 3 for changeToCandidate
2021-04-28 01:09:50,864 [42fd2707-1841-40d3-b54b-6f39f935cc38@group-A8230B39765F-FollowerState] INFO  server.RaftServerConfigKeys (ConfUtils.java:logGet(44)) - raft.server.leaderelection.pre-vote = false (custom)
2021-04-28 01:09:50,865 [42fd2707-1841-40d3-b54b-6f39f935cc38@group-A8230B39765F-FollowerState] INFO  impl.RoleInfo (RoleInfo.java:updateAndGet(130)) - 42fd2707-1841-40d3-b54b-6f39f935cc38: start 42fd2707-1841-40d3-b54b-6f39f935cc38@group-A8230B39765F-LeaderElection21
2021-04-28 01:09:50,867 [42fd2707-1841-40d3-b54b-6f39f935cc38@group-A8230B39765F-LeaderElection21] INFO  impl.LeaderElection (LeaderElection.java:askForVotes(306)) - 42fd2707-1841-40d3-b54b-6f39f935cc38@group-A8230B39765F-LeaderElection21 ELECTION round 0: submit vote requests at term 4 for -1: [43d3847f-81c3-43e7-b86e-40be164eab80|rpc:172.17.0.2:36611|dataStream:|priority:0, f65384a4-a8a4-4787-a0e5-96e28e751202|rpc:172.17.0.2:43161|dataStream:|priority:1, 42fd2707-1841-40d3-b54b-6f39f935cc38|rpc:172.17.0.2:41223|dataStream:|priority:0], old=null
2021-04-28 01:09:50,873 [grpc-default-executor-1] INFO  server.RaftServer$Division (RaftServerImpl.java:requestVote(1042)) - f65384a4-a8a4-4787-a0e5-96e28e751202@group-A8230B39765F: receive requestVote(ELECTION, 42fd2707-1841-40d3-b54b-6f39f935cc38, group-A8230B39765F, 4, (t:0, i:0))
2021-04-28 01:09:50,873 [grpc-default-executor-3] INFO  server.RaftServer$Division (RaftServerImpl.java:requestVote(1042)) - 43d3847f-81c3-43e7-b86e-40be164eab80@group-A8230B39765F: receive requestVote(ELECTION, 42fd2707-1841-40d3-b54b-6f39f935cc38, group-A8230B39765F, 4, (t:0, i:0))
2021-04-28 01:09:50,873 [grpc-default-executor-3] INFO  impl.VoteContext (VoteContext.java:log(48)) - 43d3847f-81c3-43e7-b86e-40be164eab80@group-A8230B39765F-FOLLOWER: accept ELECTION from 42fd2707-1841-40d3-b54b-6f39f935cc38: our priority 0 <= candidate's priority 0
2021-04-28 01:09:50,873 [grpc-default-executor-3] INFO  server.RaftServer$Division (RaftServerImpl.java:setRole(284)) - 43d3847f-81c3-43e7-b86e-40be164eab80@group-A8230B39765F: changes role from  FOLLOWER to FOLLOWER at term 4 for candidate:42fd2707-1841-40d3-b54b-6f39f935cc38
2021-04-28 01:09:50,873 [grpc-default-executor-3] INFO  impl.RoleInfo (RoleInfo.java:shutdownFollowerState(108)) - 43d3847f-81c3-43e7-b86e-40be164eab80: shutdown 43d3847f-81c3-43e7-b86e-40be164eab80@group-A8230B39765F-FollowerState
2021-04-28 01:09:50,873 [grpc-default-executor-3] INFO  impl.RoleInfo (RoleInfo.java:updateAndGet(130)) - 43d3847f-81c3-43e7-b86e-40be164eab80: start 43d3847f-81c3-43e7-b86e-40be164eab80@group-A8230B39765F-FollowerState
2021-04-28 01:09:50,874 [43d3847f-81c3-43e7-b86e-40be164eab80@group-A8230B39765F-FollowerState] INFO  impl.FollowerState (FollowerState.java:run(143)) - 43d3847f-81c3-43e7-b86e-40be164eab80@group-A8230B39765F-FollowerState was interrupted: {}
java.lang.InterruptedException: sleep interrupted
	at java.lang.Thread.sleep(Native Method)
	at java.lang.Thread.sleep(Thread.java:340)
	at java.util.concurrent.TimeUnit.sleep(TimeUnit.java:386)
	at org.apache.ratis.util.TimeDuration.sleep(TimeDuration.java:324)
	at org.apache.ratis.util.TimeDuration.sleep(TimeDuration.java:309)
	at org.apache.ratis.server.impl.FollowerState.run(FollowerState.java:118)
2021-04-28 01:09:50,873 [grpc-default-executor-1] INFO  impl.VoteContext (VoteContext.java:log(48)) - f65384a4-a8a4-4787-a0e5-96e28e751202@group-A8230B39765F-FOLLOWER: reject ELECTION from 42fd2707-1841-40d3-b54b-6f39f935cc38: our last entry (t:2, i:0) > candidate's last entry (t:0, i:0)
2021-04-28 01:09:50,874 [grpc-default-executor-1] INFO  server.RaftServer$Division (RaftServerImpl.java:setRole(284)) - f65384a4-a8a4-4787-a0e5-96e28e751202@group-A8230B39765F: changes role from  FOLLOWER to FOLLOWER at term 4 for candidate:42fd2707-1841-40d3-b54b-6f39f935cc38
2021-04-28 01:09:50,874 [grpc-default-executor-1] INFO  impl.RoleInfo (RoleInfo.java:shutdownFollowerState(108)) - f65384a4-a8a4-4787-a0e5-96e28e751202: shutdown f65384a4-a8a4-4787-a0e5-96e28e751202@group-A8230B39765F-FollowerState
2021-04-28 01:09:50,875 [grpc-default-executor-1] INFO  impl.RoleInfo (RoleInfo.java:updateAndGet(130)) - f65384a4-a8a4-4787-a0e5-96e28e751202: start f65384a4-a8a4-4787-a0e5-96e28e751202@group-A8230B39765F-FollowerState
2021-04-28 01:09:50,874 [grpc-default-executor-3] INFO  server.RaftServer$Division (RaftServerImpl.java:requestVote(1074)) - 43d3847f-81c3-43e7-b86e-40be164eab80@group-A8230B39765F replies to ELECTION vote request: 42fd2707-1841-40d3-b54b-6f39f935cc38<-43d3847f-81c3-43e7-b86e-40be164eab80#0:OK-t4. Peer's state: 43d3847f-81c3-43e7-b86e-40be164eab80@group-A8230B39765F:t4, leader=null, voted=42fd2707-1841-40d3-b54b-6f39f935cc38, raftlog=43d3847f-81c3-43e7-b86e-40be164eab80@group-A8230B39765F-SegmentedRaftLog:OPENED:c-1,f-1,i0, conf=-1: [43d3847f-81c3-43e7-b86e-40be164eab80|rpc:172.17.0.2:36611|priority:0, f65384a4-a8a4-4787-a0e5-96e28e751202|rpc:172.17.0.2:43161|priority:1, 42fd2707-1841-40d3-b54b-6f39f935cc38|rpc:172.17.0.2:41223|priority:0], old=null
2021-04-28 01:09:50,875 [f65384a4-a8a4-4787-a0e5-96e28e751202@group-A8230B39765F-FollowerState] INFO  impl.FollowerState (FollowerState.java:run(143)) - f65384a4-a8a4-4787-a0e5-96e28e751202@group-A8230B39765F-FollowerState was interrupted: {}
java.lang.InterruptedException: sleep interrupted
	at java.lang.Thread.sleep(Native Method)
	at java.lang.Thread.sleep(Thread.java:340)
	at java.util.concurrent.TimeUnit.sleep(TimeUnit.java:386)
	at org.apache.ratis.util.TimeDuration.sleep(TimeDuration.java:324)
	at org.apache.ratis.util.TimeDuration.sleep(TimeDuration.java:309)
	at org.apache.ratis.server.impl.FollowerState.run(FollowerState.java:118)
2021-04-28 01:09:50,877 [grpc-default-executor-1] INFO  server.RaftServer$Division (RaftServerImpl.java:requestVote(1074)) - f65384a4-a8a4-4787-a0e5-96e28e751202@group-A8230B39765F replies to ELECTION vote request: 42fd2707-1841-40d3-b54b-6f39f935cc38<-f65384a4-a8a4-4787-a0e5-96e28e751202#0:FAIL-t4. Peer's state: f65384a4-a8a4-4787-a0e5-96e28e751202@group-A8230B39765F:t4, leader=null, voted=null, raftlog=f65384a4-a8a4-4787-a0e5-96e28e751202@group-A8230B39765F-SegmentedRaftLog:OPENED:c0,f0,i0, conf=0: [43d3847f-81c3-43e7-b86e-40be164eab80|rpc:172.17.0.2:36611|dataStream:|priority:0, f65384a4-a8a4-4787-a0e5-96e28e751202|rpc:172.17.0.2:43161|dataStream:|priority:1, 42fd2707-1841-40d3-b54b-6f39f935cc38|rpc:172.17.0.2:41223|dataStream:|priority:0], old=null
2021-04-28 01:09:50,878 [42fd2707-1841-40d3-b54b-6f39f935cc38@group-A8230B39765F-LeaderElection21] INFO  impl.LeaderElection (LeaderElection.java:logAndReturn(89)) - 42fd2707-1841-40d3-b54b-6f39f935cc38@group-A8230B39765F-LeaderElection21: ELECTION REJECTED received 2 response(s) and 0 exception(s):
2021-04-28 01:09:50,878 [42fd2707-1841-40d3-b54b-6f39f935cc38@group-A8230B39765F-LeaderElection21] INFO  impl.LeaderElection (LeaderElection.java:logAndReturn(93)) -   Response 0: 42fd2707-1841-40d3-b54b-6f39f935cc38<-43d3847f-81c3-43e7-b86e-40be164eab80#0:OK-t4
2021-04-28 01:09:50,878 [42fd2707-1841-40d3-b54b-6f39f935cc38@group-A8230B39765F-LeaderElection21] INFO  impl.LeaderElection (LeaderElection.java:logAndReturn(93)) -   Response 1: 42fd2707-1841-40d3-b54b-6f39f935cc38<-f65384a4-a8a4-4787-a0e5-96e28e751202#0:FAIL-t4
2021-04-28 01:09:50,878 [42fd2707-1841-40d3-b54b-6f39f935cc38@group-A8230B39765F-LeaderElection21] INFO  impl.LeaderElection (LeaderElection.java:askForVotes(308)) - 42fd2707-1841-40d3-b54b-6f39f935cc38@group-A8230B39765F-LeaderElection21 ELECTION round 0: result REJECTED
2021-04-28 01:09:50,878 [42fd2707-1841-40d3-b54b-6f39f935cc38@group-A8230B39765F-LeaderElection21] INFO  server.RaftServer$Division (RaftServerImpl.java:setRole(284)) - 42fd2707-1841-40d3-b54b-6f39f935cc38@group-A8230B39765F: changes role from CANDIDATE to FOLLOWER at term 4 for REJECTED
2021-04-28 01:09:50,878 [42fd2707-1841-40d3-b54b-6f39f935cc38@group-A8230B39765F-LeaderElection21] INFO  impl.RoleInfo (RoleInfo.java:shutdownLeaderElection(121)) - 42fd2707-1841-40d3-b54b-6f39f935cc38: shutdown 42fd2707-1841-40d3-b54b-6f39f935cc38@group-A8230B39765F-LeaderElection21
2021-04-28 01:09:50,878 [42fd2707-1841-40d3-b54b-6f39f935cc38@group-A8230B39765F-LeaderElection21] INFO  impl.RoleInfo (RoleInfo.java:updateAndGet(130)) - 42fd2707-1841-40d3-b54b-6f39f935cc38: start 42fd2707-1841-40d3-b54b-6f39f935cc38@group-A8230B39765F-FollowerState
2021-04-28 01:09:51,174 [42fd2707-1841-40d3-b54b-6f39f935cc38@group-6799236C1344-FollowerState] INFO  impl.FollowerState (FollowerState.java:run(134)) - 42fd2707-1841-40d3-b54b-6f39f935cc38@group-6799236C1344-FollowerState: change to CANDIDATE, lastRpcElapsedTime:5137342416ns, electionTimeout:5122ms
2021-04-28 01:09:51,174 [42fd2707-1841-40d3-b54b-6f39f935cc38@group-6799236C1344-FollowerState] INFO  impl.RoleInfo (RoleInfo.java:shutdownFollowerState(108)) - 42fd2707-1841-40d3-b54b-6f39f935cc38: shutdown 42fd2707-1841-40d3-b54b-6f39f935cc38@group-6799236C1344-FollowerState
2021-04-28 01:09:51,174 [42fd2707-1841-40d3-b54b-6f39f935cc38@group-6799236C1344-FollowerState] INFO  server.RaftServer$Division (RaftServerImpl.java:setRole(284)) - 42fd2707-1841-40d3-b54b-6f39f935cc38@group-6799236C1344: changes role from  FOLLOWER to CANDIDATE at term 2 for changeToCandidate
2021-04-28 01:09:51,174 [42fd2707-1841-40d3-b54b-6f39f935cc38@group-6799236C1344-FollowerState] INFO  server.RaftServerConfigKeys (ConfUtils.java:logGet(44)) - raft.server.leaderelection.pre-vote = false (custom)
2021-04-28 01:09:51,174 [42fd2707-1841-40d3-b54b-6f39f935cc38@group-6799236C1344-FollowerState] INFO  impl.RoleInfo (RoleInfo.java:updateAndGet(130)) - 42fd2707-1841-40d3-b54b-6f39f935cc38: start 42fd2707-1841-40d3-b54b-6f39f935cc38@group-6799236C1344-LeaderElection22
2021-04-28 01:09:51,177 [42fd2707-1841-40d3-b54b-6f39f935cc38@group-6799236C1344-LeaderElection22] INFO  impl.LeaderElection (LeaderElection.java:askForVotes(306)) - 42fd2707-1841-40d3-b54b-6f39f935cc38@group-6799236C1344-LeaderElection22 ELECTION round 0: submit vote requests at term 3 for -1: [43d3847f-81c3-43e7-b86e-40be164eab80|rpc:172.17.0.2:36611|dataStream:|priority:1, f65384a4-a8a4-4787-a0e5-96e28e751202|rpc:172.17.0.2:43161|dataStream:|priority:0, 42fd2707-1841-40d3-b54b-6f39f935cc38|rpc:172.17.0.2:41223|dataStream:|priority:0], old=null
2021-04-28 01:09:51,186 [grpc-default-executor-1] INFO  server.RaftServer$Division (RaftServerImpl.java:requestVote(1042)) - 43d3847f-81c3-43e7-b86e-40be164eab80@group-6799236C1344: receive requestVote(ELECTION, 42fd2707-1841-40d3-b54b-6f39f935cc38, group-6799236C1344, 3, (t:0, i:0))
2021-04-28 01:09:51,186 [grpc-default-executor-1] INFO  impl.VoteContext (VoteContext.java:log(48)) - 43d3847f-81c3-43e7-b86e-40be164eab80@group-6799236C1344-FOLLOWER: reject ELECTION from 42fd2707-1841-40d3-b54b-6f39f935cc38: our priority 1 > candidate's priority 0
2021-04-28 01:09:51,186 [grpc-default-executor-1] INFO  server.RaftServer$Division (RaftServerImpl.java:setRole(284)) - 43d3847f-81c3-43e7-b86e-40be164eab80@group-6799236C1344: changes role from  FOLLOWER to FOLLOWER at term 3 for candidate:42fd2707-1841-40d3-b54b-6f39f935cc38
2021-04-28 01:09:51,186 [grpc-default-executor-1] INFO  impl.RoleInfo (RoleInfo.java:shutdownFollowerState(108)) - 43d3847f-81c3-43e7-b86e-40be164eab80: shutdown 43d3847f-81c3-43e7-b86e-40be164eab80@group-6799236C1344-FollowerState
2021-04-28 01:09:51,187 [grpc-default-executor-1] INFO  impl.RoleInfo (RoleInfo.java:updateAndGet(130)) - 43d3847f-81c3-43e7-b86e-40be164eab80: start 43d3847f-81c3-43e7-b86e-40be164eab80@group-6799236C1344-FollowerState
2021-04-28 01:09:51,187 [43d3847f-81c3-43e7-b86e-40be164eab80@group-6799236C1344-FollowerState] INFO  impl.FollowerState (FollowerState.java:run(143)) - 43d3847f-81c3-43e7-b86e-40be164eab80@group-6799236C1344-FollowerState was interrupted: {}
java.lang.InterruptedException: sleep interrupted
	at java.lang.Thread.sleep(Native Method)
	at java.lang.Thread.sleep(Thread.java:340)
	at java.util.concurrent.TimeUnit.sleep(TimeUnit.java:386)
	at org.apache.ratis.util.TimeDuration.sleep(TimeDuration.java:324)
	at org.apache.ratis.util.TimeDuration.sleep(TimeDuration.java:309)
	at org.apache.ratis.server.impl.FollowerState.run(FollowerState.java:118)
2021-04-28 01:09:51,189 [grpc-default-executor-3] INFO  server.RaftServer$Division (RaftServerImpl.java:requestVote(1042)) - f65384a4-a8a4-4787-a0e5-96e28e751202@group-6799236C1344: receive requestVote(ELECTION, 42fd2707-1841-40d3-b54b-6f39f935cc38, group-6799236C1344, 3, (t:0, i:0))
2021-04-28 01:09:51,189 [grpc-default-executor-3] INFO  impl.VoteContext (VoteContext.java:log(48)) - f65384a4-a8a4-4787-a0e5-96e28e751202@group-6799236C1344-FOLLOWER: accept ELECTION from 42fd2707-1841-40d3-b54b-6f39f935cc38: our priority 0 <= candidate's priority 0
2021-04-28 01:09:51,190 [grpc-default-executor-1] INFO  server.RaftServer$Division (RaftServerImpl.java:requestVote(1074)) - 43d3847f-81c3-43e7-b86e-40be164eab80@group-6799236C1344 replies to ELECTION vote request: 42fd2707-1841-40d3-b54b-6f39f935cc38<-43d3847f-81c3-43e7-b86e-40be164eab80#0:FAIL-t3. Peer's state: 43d3847f-81c3-43e7-b86e-40be164eab80@group-6799236C1344:t3, leader=null, voted=null, raftlog=43d3847f-81c3-43e7-b86e-40be164eab80@group-6799236C1344-SegmentedRaftLog:OPENED:c-1,f-1,i0, conf=-1: [43d3847f-81c3-43e7-b86e-40be164eab80|rpc:172.17.0.2:36611|dataStream:|priority:1, f65384a4-a8a4-4787-a0e5-96e28e751202|rpc:172.17.0.2:43161|dataStream:|priority:0, 42fd2707-1841-40d3-b54b-6f39f935cc38|rpc:172.17.0.2:41223|dataStream:|priority:0], old=null
2021-04-28 01:09:51,190 [grpc-default-executor-3] INFO  server.RaftServer$Division (RaftServerImpl.java:setRole(284)) - f65384a4-a8a4-4787-a0e5-96e28e751202@group-6799236C1344: changes role from  FOLLOWER to FOLLOWER at term 3 for candidate:42fd2707-1841-40d3-b54b-6f39f935cc38
2021-04-28 01:09:51,190 [grpc-default-executor-3] INFO  impl.RoleInfo (RoleInfo.java:shutdownFollowerState(108)) - f65384a4-a8a4-4787-a0e5-96e28e751202: shutdown f65384a4-a8a4-4787-a0e5-96e28e751202@group-6799236C1344-FollowerState
2021-04-28 01:09:51,190 [grpc-default-executor-3] INFO  impl.RoleInfo (RoleInfo.java:updateAndGet(130)) - f65384a4-a8a4-4787-a0e5-96e28e751202: start f65384a4-a8a4-4787-a0e5-96e28e751202@group-6799236C1344-FollowerState
2021-04-28 01:09:51,190 [f65384a4-a8a4-4787-a0e5-96e28e751202@group-6799236C1344-FollowerState] INFO  impl.FollowerState (FollowerState.java:run(143)) - f65384a4-a8a4-4787-a0e5-96e28e751202@group-6799236C1344-FollowerState was interrupted: {}
java.lang.InterruptedException: sleep interrupted
	at java.lang.Thread.sleep(Native Method)
	at java.lang.Thread.sleep(Thread.java:340)
	at java.util.concurrent.TimeUnit.sleep(TimeUnit.java:386)
	at org.apache.ratis.util.TimeDuration.sleep(TimeDuration.java:324)
	at org.apache.ratis.util.TimeDuration.sleep(TimeDuration.java:309)
	at org.apache.ratis.server.impl.FollowerState.run(FollowerState.java:118)
2021-04-28 01:09:51,191 [42fd2707-1841-40d3-b54b-6f39f935cc38@group-6799236C1344-LeaderElection22] INFO  impl.LeaderElection (LeaderElection.java:logAndReturn(89)) - 42fd2707-1841-40d3-b54b-6f39f935cc38@group-6799236C1344-LeaderElection22: ELECTION REJECTED received 1 response(s) and 0 exception(s):
2021-04-28 01:09:51,191 [42fd2707-1841-40d3-b54b-6f39f935cc38@group-6799236C1344-LeaderElection22] INFO  impl.LeaderElection (LeaderElection.java:logAndReturn(93)) -   Response 0: 42fd2707-1841-40d3-b54b-6f39f935cc38<-43d3847f-81c3-43e7-b86e-40be164eab80#0:FAIL-t3
2021-04-28 01:09:51,191 [42fd2707-1841-40d3-b54b-6f39f935cc38@group-6799236C1344-LeaderElection22] INFO  impl.LeaderElection (LeaderElection.java:askForVotes(308)) - 42fd2707-1841-40d3-b54b-6f39f935cc38@group-6799236C1344-LeaderElection22 ELECTION round 0: result REJECTED
2021-04-28 01:09:51,192 [42fd2707-1841-40d3-b54b-6f39f935cc38@group-6799236C1344-LeaderElection22] INFO  server.RaftServer$Division (RaftServerImpl.java:setRole(284)) - 42fd2707-1841-40d3-b54b-6f39f935cc38@group-6799236C1344: changes role from CANDIDATE to FOLLOWER at term 3 for REJECTED
2021-04-28 01:09:51,192 [42fd2707-1841-40d3-b54b-6f39f935cc38@group-6799236C1344-LeaderElection22] INFO  impl.RoleInfo (RoleInfo.java:shutdownLeaderElection(121)) - 42fd2707-1841-40d3-b54b-6f39f935cc38: shutdown 42fd2707-1841-40d3-b54b-6f39f935cc38@group-6799236C1344-LeaderElection22
2021-04-28 01:09:51,192 [42fd2707-1841-40d3-b54b-6f39f935cc38@group-6799236C1344-LeaderElection22] INFO  impl.RoleInfo (RoleInfo.java:updateAndGet(130)) - 42fd2707-1841-40d3-b54b-6f39f935cc38: start 42fd2707-1841-40d3-b54b-6f39f935cc38@group-6799236C1344-FollowerState
2021-04-28 01:09:51,191 [grpc-default-executor-3] INFO  server.RaftServer$Division (RaftServerImpl.java:requestVote(1074)) - f65384a4-a8a4-4787-a0e5-96e28e751202@group-6799236C1344 replies to ELECTION vote request: 42fd2707-1841-40d3-b54b-6f39f935cc38<-f65384a4-a8a4-4787-a0e5-96e28e751202#0:OK-t3. Peer's state: f65384a4-a8a4-4787-a0e5-96e28e751202@group-6799236C1344:t3, leader=null, voted=42fd2707-1841-40d3-b54b-6f39f935cc38, raftlog=f65384a4-a8a4-4787-a0e5-96e28e751202@group-6799236C1344-SegmentedRaftLog:OPENED:c-1,f-1,i0, conf=-1: [43d3847f-81c3-43e7-b86e-40be164eab80|rpc:172.17.0.2:36611|priority:1, f65384a4-a8a4-4787-a0e5-96e28e751202|rpc:172.17.0.2:43161|priority:0, 42fd2707-1841-40d3-b54b-6f39f935cc38|rpc:172.17.0.2:41223|priority:0], old=null
2021-04-28 01:09:51,645 [3dc34c93-7aa4-4f5d-882a-22c345cc0d73@group-01B766403D27-FollowerState] INFO  impl.FollowerState (FollowerState.java:run(134)) - 3dc34c93-7aa4-4f5d-882a-22c345cc0d73@group-01B766403D27-FollowerState: change to CANDIDATE, lastRpcElapsedTime:5069466723ns, electionTimeout:5068ms
2021-04-28 01:09:51,645 [3dc34c93-7aa4-4f5d-882a-22c345cc0d73@group-01B766403D27-FollowerState] INFO  impl.RoleInfo (RoleInfo.java:shutdownFollowerState(108)) - 3dc34c93-7aa4-4f5d-882a-22c345cc0d73: shutdown 3dc34c93-7aa4-4f5d-882a-22c345cc0d73@group-01B766403D27-FollowerState
2021-04-28 01:09:51,645 [3dc34c93-7aa4-4f5d-882a-22c345cc0d73@group-01B766403D27-FollowerState] INFO  server.RaftServer$Division (RaftServerImpl.java:setRole(284)) - 3dc34c93-7aa4-4f5d-882a-22c345cc0d73@group-01B766403D27: changes role from  FOLLOWER to CANDIDATE at term 2 for changeToCandidate
2021-04-28 01:09:51,645 [3dc34c93-7aa4-4f5d-882a-22c345cc0d73@group-01B766403D27-FollowerState] INFO  server.RaftServerConfigKeys (ConfUtils.java:logGet(44)) - raft.server.leaderelection.pre-vote = false (custom)
2021-04-28 01:09:51,645 [3dc34c93-7aa4-4f5d-882a-22c345cc0d73@group-01B766403D27-FollowerState] INFO  impl.RoleInfo (RoleInfo.java:updateAndGet(130)) - 3dc34c93-7aa4-4f5d-882a-22c345cc0d73: start 3dc34c93-7aa4-4f5d-882a-22c345cc0d73@group-01B766403D27-LeaderElection23
2021-04-28 01:09:51,652 [3dc34c93-7aa4-4f5d-882a-22c345cc0d73@group-01B766403D27-LeaderElection23] INFO  impl.LeaderElection (LeaderElection.java:askForVotes(306)) - 3dc34c93-7aa4-4f5d-882a-22c345cc0d73@group-01B766403D27-LeaderElection23 ELECTION round 0: submit vote requests at term 3 for -1: [3dc34c93-7aa4-4f5d-882a-22c345cc0d73|rpc:172.17.0.2:34555|priority:0, 0fca32f9-76ae-40c1-a223-13204f8d545a|rpc:172.17.0.2:34055|priority:0, c9444e84-7d1e-434a-8350-34c756d48665|rpc:172.17.0.2:40945|priority:1], old=null
2021-04-28 01:09:51,658 [grpc-default-executor-3] INFO  server.RaftServer$Division (RaftServerImpl.java:requestVote(1042)) - c9444e84-7d1e-434a-8350-34c756d48665@group-01B766403D27: receive requestVote(ELECTION, 3dc34c93-7aa4-4f5d-882a-22c345cc0d73, group-01B766403D27, 3, (t:0, i:0))
2021-04-28 01:09:51,658 [grpc-default-executor-3] INFO  impl.VoteContext (VoteContext.java:log(48)) - c9444e84-7d1e-434a-8350-34c756d48665@group-01B766403D27-FOLLOWER: reject ELECTION from 3dc34c93-7aa4-4f5d-882a-22c345cc0d73: our priority 1 > candidate's priority 0
2021-04-28 01:09:51,658 [grpc-default-executor-3] INFO  server.RaftServer$Division (RaftServerImpl.java:setRole(284)) - c9444e84-7d1e-434a-8350-34c756d48665@group-01B766403D27: changes role from  FOLLOWER to FOLLOWER at term 3 for candidate:3dc34c93-7aa4-4f5d-882a-22c345cc0d73
2021-04-28 01:09:51,658 [grpc-default-executor-3] INFO  impl.RoleInfo (RoleInfo.java:shutdownFollowerState(108)) - c9444e84-7d1e-434a-8350-34c756d48665: shutdown c9444e84-7d1e-434a-8350-34c756d48665@group-01B766403D27-FollowerState
2021-04-28 01:09:51,658 [grpc-default-executor-3] INFO  impl.RoleInfo (RoleInfo.java:updateAndGet(130)) - c9444e84-7d1e-434a-8350-34c756d48665: start c9444e84-7d1e-434a-8350-34c756d48665@group-01B766403D27-FollowerState
2021-04-28 01:09:51,659 [c9444e84-7d1e-434a-8350-34c756d48665@group-01B766403D27-FollowerState] INFO  impl.FollowerState (FollowerState.java:run(143)) - c9444e84-7d1e-434a-8350-34c756d48665@group-01B766403D27-FollowerState was interrupted: {}
java.lang.InterruptedException: sleep interrupted
	at java.lang.Thread.sleep(Native Method)
	at java.lang.Thread.sleep(Thread.java:340)
	at java.util.concurrent.TimeUnit.sleep(TimeUnit.java:386)
	at org.apache.ratis.util.TimeDuration.sleep(TimeDuration.java:324)
	at org.apache.ratis.util.TimeDuration.sleep(TimeDuration.java:309)
	at org.apache.ratis.server.impl.FollowerState.run(FollowerState.java:118)
2021-04-28 01:09:51,659 [grpc-default-executor-1] INFO  server.RaftServer$Division (RaftServerImpl.java:requestVote(1042)) - 0fca32f9-76ae-40c1-a223-13204f8d545a@group-01B766403D27: receive requestVote(ELECTION, 3dc34c93-7aa4-4f5d-882a-22c345cc0d73, group-01B766403D27, 3, (t:0, i:0))
2021-04-28 01:09:51,662 [grpc-default-executor-1] INFO  impl.VoteContext (VoteContext.java:log(48)) - 0fca32f9-76ae-40c1-a223-13204f8d545a@group-01B766403D27-FOLLOWER: accept ELECTION from 3dc34c93-7aa4-4f5d-882a-22c345cc0d73: our priority 0 <= candidate's priority 0
2021-04-28 01:09:51,663 [grpc-default-executor-1] INFO  server.RaftServer$Division (RaftServerImpl.java:setRole(284)) - 0fca32f9-76ae-40c1-a223-13204f8d545a@group-01B766403D27: changes role from  FOLLOWER to FOLLOWER at term 3 for candidate:3dc34c93-7aa4-4f5d-882a-22c345cc0d73
2021-04-28 01:09:51,663 [grpc-default-executor-1] INFO  impl.RoleInfo (RoleInfo.java:shutdownFollowerState(108)) - 0fca32f9-76ae-40c1-a223-13204f8d545a: shutdown 0fca32f9-76ae-40c1-a223-13204f8d545a@group-01B766403D27-FollowerState
2021-04-28 01:09:51,663 [grpc-default-executor-1] INFO  impl.RoleInfo (RoleInfo.java:updateAndGet(130)) - 0fca32f9-76ae-40c1-a223-13204f8d545a: start 0fca32f9-76ae-40c1-a223-13204f8d545a@group-01B766403D27-FollowerState
2021-04-28 01:09:51,662 [grpc-default-executor-3] INFO  server.RaftServer$Division (RaftServerImpl.java:requestVote(1074)) - c9444e84-7d1e-434a-8350-34c756d48665@group-01B766403D27 replies to ELECTION vote request: 3dc34c93-7aa4-4f5d-882a-22c345cc0d73<-c9444e84-7d1e-434a-8350-34c756d48665#0:FAIL-t3. Peer's state: c9444e84-7d1e-434a-8350-34c756d48665@group-01B766403D27:t3, leader=null, voted=null, raftlog=c9444e84-7d1e-434a-8350-34c756d48665@group-01B766403D27-SegmentedRaftLog:OPENED:c-1,f-1,i0, conf=-1: [3dc34c93-7aa4-4f5d-882a-22c345cc0d73|rpc:172.17.0.2:34555|dataStream:|priority:0, 0fca32f9-76ae-40c1-a223-13204f8d545a|rpc:172.17.0.2:34055|dataStream:|priority:0, c9444e84-7d1e-434a-8350-34c756d48665|rpc:172.17.0.2:40945|dataStream:|priority:1], old=null
2021-04-28 01:09:51,663 [0fca32f9-76ae-40c1-a223-13204f8d545a@group-01B766403D27-FollowerState] INFO  impl.FollowerState (FollowerState.java:run(143)) - 0fca32f9-76ae-40c1-a223-13204f8d545a@group-01B766403D27-FollowerState was interrupted: {}
java.lang.InterruptedException: sleep interrupted
	at java.lang.Thread.sleep(Native Method)
	at java.lang.Thread.sleep(Thread.java:340)
	at java.util.concurrent.TimeUnit.sleep(TimeUnit.java:386)
	at org.apache.ratis.util.TimeDuration.sleep(TimeDuration.java:324)
	at org.apache.ratis.util.TimeDuration.sleep(TimeDuration.java:309)
	at org.apache.ratis.server.impl.FollowerState.run(FollowerState.java:118)
2021-04-28 01:09:51,670 [grpc-default-executor-1] INFO  server.RaftServer$Division (RaftServerImpl.java:requestVote(1074)) - 0fca32f9-76ae-40c1-a223-13204f8d545a@group-01B766403D27 replies to ELECTION vote request: 3dc34c93-7aa4-4f5d-882a-22c345cc0d73<-0fca32f9-76ae-40c1-a223-13204f8d545a#0:OK-t3. Peer's state: 0fca32f9-76ae-40c1-a223-13204f8d545a@group-01B766403D27:t3, leader=null, voted=3dc34c93-7aa4-4f5d-882a-22c345cc0d73, raftlog=0fca32f9-76ae-40c1-a223-13204f8d545a@group-01B766403D27-SegmentedRaftLog:OPENED:c-1,f-1,i0, conf=-1: [3dc34c93-7aa4-4f5d-882a-22c345cc0d73|rpc:172.17.0.2:34555|dataStream:|priority:0, 0fca32f9-76ae-40c1-a223-13204f8d545a|rpc:172.17.0.2:34055|dataStream:|priority:0, c9444e84-7d1e-434a-8350-34c756d48665|rpc:172.17.0.2:40945|dataStream:|priority:1], old=null
2021-04-28 01:09:51,671 [3dc34c93-7aa4-4f5d-882a-22c345cc0d73@group-01B766403D27-LeaderElection23] INFO  impl.LeaderElection (LeaderElection.java:logAndReturn(89)) - 3dc34c93-7aa4-4f5d-882a-22c345cc0d73@group-01B766403D27-LeaderElection23: ELECTION REJECTED received 1 response(s) and 0 exception(s):
2021-04-28 01:09:51,671 [3dc34c93-7aa4-4f5d-882a-22c345cc0d73@group-01B766403D27-LeaderElection23] INFO  impl.LeaderElection (LeaderElection.java:logAndReturn(93)) -   Response 0: 3dc34c93-7aa4-4f5d-882a-22c345cc0d73<-c9444e84-7d1e-434a-8350-34c756d48665#0:FAIL-t3
2021-04-28 01:09:51,671 [3dc34c93-7aa4-4f5d-882a-22c345cc0d73@group-01B766403D27-LeaderElection23] INFO  impl.LeaderElection (LeaderElection.java:askForVotes(308)) - 3dc34c93-7aa4-4f5d-882a-22c345cc0d73@group-01B766403D27-LeaderElection23 ELECTION round 0: result REJECTED
2021-04-28 01:09:51,671 [3dc34c93-7aa4-4f5d-882a-22c345cc0d73@group-01B766403D27-LeaderElection23] INFO  server.RaftServer$Division (RaftServerImpl.java:setRole(284)) - 3dc34c93-7aa4-4f5d-882a-22c345cc0d73@group-01B766403D27: changes role from CANDIDATE to FOLLOWER at term 3 for REJECTED
2021-04-28 01:09:51,672 [3dc34c93-7aa4-4f5d-882a-22c345cc0d73@group-01B766403D27-LeaderElection23] INFO  impl.RoleInfo (RoleInfo.java:shutdownLeaderElection(121)) - 3dc34c93-7aa4-4f5d-882a-22c345cc0d73: shutdown 3dc34c93-7aa4-4f5d-882a-22c345cc0d73@group-01B766403D27-LeaderElection23
2021-04-28 01:09:51,672 [3dc34c93-7aa4-4f5d-882a-22c345cc0d73@group-01B766403D27-LeaderElection23] INFO  impl.RoleInfo (RoleInfo.java:updateAndGet(130)) - 3dc34c93-7aa4-4f5d-882a-22c345cc0d73: start 3dc34c93-7aa4-4f5d-882a-22c345cc0d73@group-01B766403D27-FollowerState
2021-04-28 01:09:53,558 [java.util.concurrent.ThreadPoolExecutor$Worker@6add601[State = -1, empty queue]] INFO  metrics.RatisMetrics (RatisMetrics.java:lambda$create$0(36)) - Creating Metrics Registry : ratis.client_message_metrics.client-78EFAB83A0EA->43d3847f-81c3-43e7-b86e-40be164eab80
2021-04-28 01:09:55,896 [43d3847f-81c3-43e7-b86e-40be164eab80@group-A8230B39765F-FollowerState] INFO  impl.FollowerState (FollowerState.java:run(134)) - 43d3847f-81c3-43e7-b86e-40be164eab80@group-A8230B39765F-FollowerState: change to CANDIDATE, lastRpcElapsedTime:5021918393ns, electionTimeout:5020ms
2021-04-28 01:09:55,897 [43d3847f-81c3-43e7-b86e-40be164eab80@group-A8230B39765F-FollowerState] INFO  impl.RoleInfo (RoleInfo.java:shutdownFollowerState(108)) - 43d3847f-81c3-43e7-b86e-40be164eab80: shutdown 43d3847f-81c3-43e7-b86e-40be164eab80@group-A8230B39765F-FollowerState
2021-04-28 01:09:55,897 [43d3847f-81c3-43e7-b86e-40be164eab80@group-A8230B39765F-FollowerState] INFO  server.RaftServer$Division (RaftServerImpl.java:setRole(284)) - 43d3847f-81c3-43e7-b86e-40be164eab80@group-A8230B39765F: changes role from  FOLLOWER to CANDIDATE at term 4 for changeToCandidate
2021-04-28 01:09:55,897 [43d3847f-81c3-43e7-b86e-40be164eab80@group-A8230B39765F-FollowerState] INFO  server.RaftServerConfigKeys (ConfUtils.java:logGet(44)) - raft.server.leaderelection.pre-vote = false (custom)
2021-04-28 01:09:55,897 [43d3847f-81c3-43e7-b86e-40be164eab80@group-A8230B39765F-FollowerState] INFO  impl.RoleInfo (RoleInfo.java:updateAndGet(130)) - 43d3847f-81c3-43e7-b86e-40be164eab80: start 43d3847f-81c3-43e7-b86e-40be164eab80@group-A8230B39765F-LeaderElection24
2021-04-28 01:09:55,899 [43d3847f-81c3-43e7-b86e-40be164eab80@group-A8230B39765F-LeaderElection24] INFO  impl.LeaderElection (LeaderElection.java:askForVotes(306)) - 43d3847f-81c3-43e7-b86e-40be164eab80@group-A8230B39765F-LeaderElection24 ELECTION round 0: submit vote requests at term 5 for -1: [43d3847f-81c3-43e7-b86e-40be164eab80|rpc:172.17.0.2:36611|priority:0, f65384a4-a8a4-4787-a0e5-96e28e751202|rpc:172.17.0.2:43161|priority:1, 42fd2707-1841-40d3-b54b-6f39f935cc38|rpc:172.17.0.2:41223|priority:0], old=null
2021-04-28 01:09:55,904 [grpc-default-executor-4] INFO  server.RaftServer$Division (RaftServerImpl.java:requestVote(1042)) - f65384a4-a8a4-4787-a0e5-96e28e751202@group-A8230B39765F: receive requestVote(ELECTION, 43d3847f-81c3-43e7-b86e-40be164eab80, group-A8230B39765F, 5, (t:0, i:0))
2021-04-28 01:09:55,905 [grpc-default-executor-4] INFO  impl.VoteContext (VoteContext.java:log(48)) - f65384a4-a8a4-4787-a0e5-96e28e751202@group-A8230B39765F-FOLLOWER: reject ELECTION from 43d3847f-81c3-43e7-b86e-40be164eab80: our last entry (t:2, i:0) > candidate's last entry (t:0, i:0)
2021-04-28 01:09:55,905 [grpc-default-executor-4] INFO  server.RaftServer$Division (RaftServerImpl.java:setRole(284)) - f65384a4-a8a4-4787-a0e5-96e28e751202@group-A8230B39765F: changes role from  FOLLOWER to FOLLOWER at term 5 for candidate:43d3847f-81c3-43e7-b86e-40be164eab80
2021-04-28 01:09:55,905 [grpc-default-executor-4] INFO  impl.RoleInfo (RoleInfo.java:shutdownFollowerState(108)) - f65384a4-a8a4-4787-a0e5-96e28e751202: shutdown f65384a4-a8a4-4787-a0e5-96e28e751202@group-A8230B39765F-FollowerState
2021-04-28 01:09:55,905 [grpc-default-executor-4] INFO  impl.RoleInfo (RoleInfo.java:updateAndGet(130)) - f65384a4-a8a4-4787-a0e5-96e28e751202: start f65384a4-a8a4-4787-a0e5-96e28e751202@group-A8230B39765F-FollowerState
2021-04-28 01:09:55,905 [f65384a4-a8a4-4787-a0e5-96e28e751202@group-A8230B39765F-FollowerState] INFO  impl.FollowerState (FollowerState.java:run(143)) - f65384a4-a8a4-4787-a0e5-96e28e751202@group-A8230B39765F-FollowerState was interrupted: {}
java.lang.InterruptedException: sleep interrupted
	at java.lang.Thread.sleep(Native Method)
	at java.lang.Thread.sleep(Thread.java:340)
	at java.util.concurrent.TimeUnit.sleep(TimeUnit.java:386)
	at org.apache.ratis.util.TimeDuration.sleep(TimeDuration.java:324)
	at org.apache.ratis.util.TimeDuration.sleep(TimeDuration.java:309)
	at org.apache.ratis.server.impl.FollowerState.run(FollowerState.java:118)
2021-04-28 01:09:55,908 [grpc-default-executor-4] INFO  server.RaftServer$Division (RaftServerImpl.java:requestVote(1074)) - f65384a4-a8a4-4787-a0e5-96e28e751202@group-A8230B39765F replies to ELECTION vote request: 43d3847f-81c3-43e7-b86e-40be164eab80<-f65384a4-a8a4-4787-a0e5-96e28e751202#0:FAIL-t5. Peer's state: f65384a4-a8a4-4787-a0e5-96e28e751202@group-A8230B39765F:t5, leader=null, voted=null, raftlog=f65384a4-a8a4-4787-a0e5-96e28e751202@group-A8230B39765F-SegmentedRaftLog:OPENED:c0,f0,i0, conf=0: [43d3847f-81c3-43e7-b86e-40be164eab80|rpc:172.17.0.2:36611|dataStream:|priority:0, f65384a4-a8a4-4787-a0e5-96e28e751202|rpc:172.17.0.2:43161|dataStream:|priority:1, 42fd2707-1841-40d3-b54b-6f39f935cc38|rpc:172.17.0.2:41223|dataStream:|priority:0], old=null
2021-04-28 01:09:55,909 [43d3847f-81c3-43e7-b86e-40be164eab80@group-A8230B39765F-LeaderElection24] INFO  impl.LeaderElection (LeaderElection.java:logAndReturn(89)) - 43d3847f-81c3-43e7-b86e-40be164eab80@group-A8230B39765F-LeaderElection24: ELECTION REJECTED received 1 response(s) and 0 exception(s):
2021-04-28 01:09:55,909 [43d3847f-81c3-43e7-b86e-40be164eab80@group-A8230B39765F-LeaderElection24] INFO  impl.LeaderElection (LeaderElection.java:logAndReturn(93)) -   Response 0: 43d3847f-81c3-43e7-b86e-40be164eab80<-f65384a4-a8a4-4787-a0e5-96e28e751202#0:FAIL-t5
2021-04-28 01:09:55,909 [43d3847f-81c3-43e7-b86e-40be164eab80@group-A8230B39765F-LeaderElection24] INFO  impl.LeaderElection (LeaderElection.java:askForVotes(308)) - 43d3847f-81c3-43e7-b86e-40be164eab80@group-A8230B39765F-LeaderElection24 ELECTION round 0: result REJECTED
2021-04-28 01:09:55,909 [43d3847f-81c3-43e7-b86e-40be164eab80@group-A8230B39765F-LeaderElection24] INFO  server.RaftServer$Division (RaftServerImpl.java:setRole(284)) - 43d3847f-81c3-43e7-b86e-40be164eab80@group-A8230B39765F: changes role from CANDIDATE to FOLLOWER at term 5 for REJECTED
2021-04-28 01:09:55,909 [43d3847f-81c3-43e7-b86e-40be164eab80@group-A8230B39765F-LeaderElection24] INFO  impl.RoleInfo (RoleInfo.java:shutdownLeaderElection(121)) - 43d3847f-81c3-43e7-b86e-40be164eab80: shutdown 43d3847f-81c3-43e7-b86e-40be164eab80@group-A8230B39765F-LeaderElection24
2021-04-28 01:09:55,909 [43d3847f-81c3-43e7-b86e-40be164eab80@group-A8230B39765F-LeaderElection24] INFO  impl.RoleInfo (RoleInfo.java:updateAndGet(130)) - 43d3847f-81c3-43e7-b86e-40be164eab80: start 43d3847f-81c3-43e7-b86e-40be164eab80@group-A8230B39765F-FollowerState
2021-04-28 01:09:55,912 [grpc-default-executor-1] INFO  server.RaftServer$Division (RaftServerImpl.java:requestVote(1042)) - 42fd2707-1841-40d3-b54b-6f39f935cc38@group-A8230B39765F: receive requestVote(ELECTION, 43d3847f-81c3-43e7-b86e-40be164eab80, group-A8230B39765F, 5, (t:0, i:0))
2021-04-28 01:09:55,912 [grpc-default-executor-1] INFO  impl.VoteContext (VoteContext.java:log(48)) - 42fd2707-1841-40d3-b54b-6f39f935cc38@group-A8230B39765F-FOLLOWER: accept ELECTION from 43d3847f-81c3-43e7-b86e-40be164eab80: our priority 0 <= candidate's priority 0
2021-04-28 01:09:55,912 [grpc-default-executor-1] INFO  server.RaftServer$Division (RaftServerImpl.java:setRole(284)) - 42fd2707-1841-40d3-b54b-6f39f935cc38@group-A8230B39765F: changes role from  FOLLOWER to FOLLOWER at term 5 for candidate:43d3847f-81c3-43e7-b86e-40be164eab80
2021-04-28 01:09:55,912 [grpc-default-executor-1] INFO  impl.RoleInfo (RoleInfo.java:shutdownFollowerState(108)) - 42fd2707-1841-40d3-b54b-6f39f935cc38: shutdown 42fd2707-1841-40d3-b54b-6f39f935cc38@group-A8230B39765F-FollowerState
2021-04-28 01:09:55,913 [grpc-default-executor-1] INFO  impl.RoleInfo (RoleInfo.java:updateAndGet(130)) - 42fd2707-1841-40d3-b54b-6f39f935cc38: start 42fd2707-1841-40d3-b54b-6f39f935cc38@group-A8230B39765F-FollowerState
2021-04-28 01:09:55,913 [42fd2707-1841-40d3-b54b-6f39f935cc38@group-A8230B39765F-FollowerState] INFO  impl.FollowerState (FollowerState.java:run(143)) - 42fd2707-1841-40d3-b54b-6f39f935cc38@group-A8230B39765F-FollowerState was interrupted: {}
java.lang.InterruptedException: sleep interrupted
	at java.lang.Thread.sleep(Native Method)
	at java.lang.Thread.sleep(Thread.java:340)
	at java.util.concurrent.TimeUnit.sleep(TimeUnit.java:386)
	at org.apache.ratis.util.TimeDuration.sleep(TimeDuration.java:324)
	at org.apache.ratis.util.TimeDuration.sleep(TimeDuration.java:309)
	at org.apache.ratis.server.impl.FollowerState.run(FollowerState.java:118)
2021-04-28 01:09:55,915 [grpc-default-executor-1] INFO  server.RaftServer$Division (RaftServerImpl.java:requestVote(1074)) - 42fd2707-1841-40d3-b54b-6f39f935cc38@group-A8230B39765F replies to ELECTION vote request: 43d3847f-81c3-43e7-b86e-40be164eab80<-42fd2707-1841-40d3-b54b-6f39f935cc38#0:OK-t5. Peer's state: 42fd2707-1841-40d3-b54b-6f39f935cc38@group-A8230B39765F:t5, leader=null, voted=43d3847f-81c3-43e7-b86e-40be164eab80, raftlog=42fd2707-1841-40d3-b54b-6f39f935cc38@group-A8230B39765F-SegmentedRaftLog:OPENED:c-1,f-1,i0, conf=-1: [43d3847f-81c3-43e7-b86e-40be164eab80|rpc:172.17.0.2:36611|dataStream:|priority:0, f65384a4-a8a4-4787-a0e5-96e28e751202|rpc:172.17.0.2:43161|dataStream:|priority:1, 42fd2707-1841-40d3-b54b-6f39f935cc38|rpc:172.17.0.2:41223|dataStream:|priority:0], old=null
2021-04-28 01:09:56,294 [43d3847f-81c3-43e7-b86e-40be164eab80@group-6799236C1344-FollowerState] INFO  impl.FollowerState (FollowerState.java:run(134)) - 43d3847f-81c3-43e7-b86e-40be164eab80@group-6799236C1344-FollowerState: change to CANDIDATE, lastRpcElapsedTime:5107013932ns, electionTimeout:5105ms
2021-04-28 01:09:56,294 [43d3847f-81c3-43e7-b86e-40be164eab80@group-6799236C1344-FollowerState] INFO  impl.RoleInfo (RoleInfo.java:shutdownFollowerState(108)) - 43d3847f-81c3-43e7-b86e-40be164eab80: shutdown 43d3847f-81c3-43e7-b86e-40be164eab80@group-6799236C1344-FollowerState
2021-04-28 01:09:56,294 [43d3847f-81c3-43e7-b86e-40be164eab80@group-6799236C1344-FollowerState] INFO  server.RaftServer$Division (RaftServerImpl.java:setRole(284)) - 43d3847f-81c3-43e7-b86e-40be164eab80@group-6799236C1344: changes role from  FOLLOWER to CANDIDATE at term 3 for changeToCandidate
2021-04-28 01:09:56,294 [43d3847f-81c3-43e7-b86e-40be164eab80@group-6799236C1344-FollowerState] INFO  server.RaftServerConfigKeys (ConfUtils.java:logGet(44)) - raft.server.leaderelection.pre-vote = false (custom)
2021-04-28 01:09:56,294 [43d3847f-81c3-43e7-b86e-40be164eab80@group-6799236C1344-FollowerState] INFO  impl.RoleInfo (RoleInfo.java:updateAndGet(130)) - 43d3847f-81c3-43e7-b86e-40be164eab80: start 43d3847f-81c3-43e7-b86e-40be164eab80@group-6799236C1344-LeaderElection25
2021-04-28 01:09:56,297 [43d3847f-81c3-43e7-b86e-40be164eab80@group-6799236C1344-LeaderElection25] INFO  impl.LeaderElection (LeaderElection.java:askForVotes(306)) - 43d3847f-81c3-43e7-b86e-40be164eab80@group-6799236C1344-LeaderElection25 ELECTION round 0: submit vote requests at term 4 for -1: [43d3847f-81c3-43e7-b86e-40be164eab80|rpc:172.17.0.2:36611|dataStream:|priority:1, f65384a4-a8a4-4787-a0e5-96e28e751202|rpc:172.17.0.2:43161|dataStream:|priority:0, 42fd2707-1841-40d3-b54b-6f39f935cc38|rpc:172.17.0.2:41223|dataStream:|priority:0], old=null
2021-04-28 01:09:56,299 [grpc-default-executor-1] INFO  server.RaftServer$Division (RaftServerImpl.java:requestVote(1042)) - f65384a4-a8a4-4787-a0e5-96e28e751202@group-6799236C1344: receive requestVote(ELECTION, 43d3847f-81c3-43e7-b86e-40be164eab80, group-6799236C1344, 4, (t:0, i:0))
2021-04-28 01:09:56,299 [grpc-default-executor-1] INFO  impl.VoteContext (VoteContext.java:log(48)) - f65384a4-a8a4-4787-a0e5-96e28e751202@group-6799236C1344-FOLLOWER: accept ELECTION from 43d3847f-81c3-43e7-b86e-40be164eab80: our priority 0 <= candidate's priority 1
2021-04-28 01:09:56,299 [grpc-default-executor-1] INFO  server.RaftServer$Division (RaftServerImpl.java:setRole(284)) - f65384a4-a8a4-4787-a0e5-96e28e751202@group-6799236C1344: changes role from  FOLLOWER to FOLLOWER at term 4 for candidate:43d3847f-81c3-43e7-b86e-40be164eab80
2021-04-28 01:09:56,299 [grpc-default-executor-1] INFO  impl.RoleInfo (RoleInfo.java:shutdownFollowerState(108)) - f65384a4-a8a4-4787-a0e5-96e28e751202: shutdown f65384a4-a8a4-4787-a0e5-96e28e751202@group-6799236C1344-FollowerState
2021-04-28 01:09:56,299 [grpc-default-executor-1] INFO  impl.RoleInfo (RoleInfo.java:updateAndGet(130)) - f65384a4-a8a4-4787-a0e5-96e28e751202: start f65384a4-a8a4-4787-a0e5-96e28e751202@group-6799236C1344-FollowerState
2021-04-28 01:09:56,299 [f65384a4-a8a4-4787-a0e5-96e28e751202@group-6799236C1344-FollowerState] INFO  impl.FollowerState (FollowerState.java:run(143)) - f65384a4-a8a4-4787-a0e5-96e28e751202@group-6799236C1344-FollowerState was interrupted: {}
java.lang.InterruptedException: sleep interrupted
	at java.lang.Thread.sleep(Native Method)
	at java.lang.Thread.sleep(Thread.java:340)
	at java.util.concurrent.TimeUnit.sleep(TimeUnit.java:386)
	at org.apache.ratis.util.TimeDuration.sleep(TimeDuration.java:324)
	at org.apache.ratis.util.TimeDuration.sleep(TimeDuration.java:309)
	at org.apache.ratis.server.impl.FollowerState.run(FollowerState.java:118)
2021-04-28 01:09:56,301 [grpc-default-executor-1] INFO  server.RaftServer$Division (RaftServerImpl.java:requestVote(1074)) - f65384a4-a8a4-4787-a0e5-96e28e751202@group-6799236C1344 replies to ELECTION vote request: 43d3847f-81c3-43e7-b86e-40be164eab80<-f65384a4-a8a4-4787-a0e5-96e28e751202#0:OK-t4. Peer's state: f65384a4-a8a4-4787-a0e5-96e28e751202@group-6799236C1344:t4, leader=null, voted=43d3847f-81c3-43e7-b86e-40be164eab80, raftlog=f65384a4-a8a4-4787-a0e5-96e28e751202@group-6799236C1344-SegmentedRaftLog:OPENED:c-1,f-1,i0, conf=-1: [43d3847f-81c3-43e7-b86e-40be164eab80|rpc:172.17.0.2:36611|priority:1, f65384a4-a8a4-4787-a0e5-96e28e751202|rpc:172.17.0.2:43161|priority:0, 42fd2707-1841-40d3-b54b-6f39f935cc38|rpc:172.17.0.2:41223|priority:0], old=null
2021-04-28 01:09:56,302 [42fd2707-1841-40d3-b54b-6f39f935cc38@group-6799236C1344-FollowerState] INFO  impl.FollowerState (FollowerState.java:run(134)) - 42fd2707-1841-40d3-b54b-6f39f935cc38@group-6799236C1344-FollowerState: change to CANDIDATE, lastRpcElapsedTime:5110059859ns, electionTimeout:5108ms
2021-04-28 01:09:56,302 [42fd2707-1841-40d3-b54b-6f39f935cc38@group-6799236C1344-FollowerState] INFO  impl.RoleInfo (RoleInfo.java:shutdownFollowerState(108)) - 42fd2707-1841-40d3-b54b-6f39f935cc38: shutdown 42fd2707-1841-40d3-b54b-6f39f935cc38@group-6799236C1344-FollowerState
2021-04-28 01:09:56,302 [42fd2707-1841-40d3-b54b-6f39f935cc38@group-6799236C1344-FollowerState] INFO  server.RaftServer$Division (RaftServerImpl.java:setRole(284)) - 42fd2707-1841-40d3-b54b-6f39f935cc38@group-6799236C1344: changes role from  FOLLOWER to CANDIDATE at term 3 for changeToCandidate
2021-04-28 01:09:56,303 [grpc-default-executor-4] INFO  server.RaftServer$Division (RaftServerImpl.java:requestVote(1042)) - 42fd2707-1841-40d3-b54b-6f39f935cc38@group-6799236C1344: receive requestVote(ELECTION, 43d3847f-81c3-43e7-b86e-40be164eab80, group-6799236C1344, 4, (t:0, i:0))
2021-04-28 01:09:56,303 [42fd2707-1841-40d3-b54b-6f39f935cc38@group-6799236C1344-FollowerState] INFO  server.RaftServerConfigKeys (ConfUtils.java:logGet(44)) - raft.server.leaderelection.pre-vote = false (custom)
2021-04-28 01:09:56,303 [42fd2707-1841-40d3-b54b-6f39f935cc38@group-6799236C1344-FollowerState] INFO  impl.RoleInfo (RoleInfo.java:updateAndGet(130)) - 42fd2707-1841-40d3-b54b-6f39f935cc38: start 42fd2707-1841-40d3-b54b-6f39f935cc38@group-6799236C1344-LeaderElection26
2021-04-28 01:09:56,305 [43d3847f-81c3-43e7-b86e-40be164eab80@group-6799236C1344-LeaderElection25] INFO  impl.LeaderElection (LeaderElection.java:logAndReturn(89)) - 43d3847f-81c3-43e7-b86e-40be164eab80@group-6799236C1344-LeaderElection25: ELECTION PASSED received 1 response(s) and 0 exception(s):
2021-04-28 01:09:56,305 [grpc-default-executor-4] INFO  impl.VoteContext (VoteContext.java:log(48)) - 42fd2707-1841-40d3-b54b-6f39f935cc38@group-6799236C1344-CANDIDATE: accept ELECTION from 43d3847f-81c3-43e7-b86e-40be164eab80: our priority 0 <= candidate's priority 1
2021-04-28 01:09:56,305 [43d3847f-81c3-43e7-b86e-40be164eab80@group-6799236C1344-LeaderElection25] INFO  impl.LeaderElection (LeaderElection.java:logAndReturn(93)) -   Response 0: 43d3847f-81c3-43e7-b86e-40be164eab80<-f65384a4-a8a4-4787-a0e5-96e28e751202#0:OK-t4
2021-04-28 01:09:56,305 [grpc-default-executor-4] INFO  server.RaftServer$Division (RaftServerImpl.java:setRole(284)) - 42fd2707-1841-40d3-b54b-6f39f935cc38@group-6799236C1344: changes role from CANDIDATE to FOLLOWER at term 4 for candidate:43d3847f-81c3-43e7-b86e-40be164eab80
2021-04-28 01:09:56,306 [grpc-default-executor-4] INFO  impl.RoleInfo (RoleInfo.java:shutdownLeaderElection(121)) - 42fd2707-1841-40d3-b54b-6f39f935cc38: shutdown 42fd2707-1841-40d3-b54b-6f39f935cc38@group-6799236C1344-LeaderElection26
2021-04-28 01:09:56,305 [43d3847f-81c3-43e7-b86e-40be164eab80@group-6799236C1344-LeaderElection25] INFO  impl.LeaderElection (LeaderElection.java:askForVotes(308)) - 43d3847f-81c3-43e7-b86e-40be164eab80@group-6799236C1344-LeaderElection25 ELECTION round 0: result PASSED
2021-04-28 01:09:56,306 [43d3847f-81c3-43e7-b86e-40be164eab80@group-6799236C1344-LeaderElection25] INFO  impl.RoleInfo (RoleInfo.java:shutdownLeaderElection(121)) - 43d3847f-81c3-43e7-b86e-40be164eab80: shutdown 43d3847f-81c3-43e7-b86e-40be164eab80@group-6799236C1344-LeaderElection25
2021-04-28 01:09:56,306 [43d3847f-81c3-43e7-b86e-40be164eab80@group-6799236C1344-LeaderElection25] INFO  server.RaftServer$Division (RaftServerImpl.java:setRole(284)) - 43d3847f-81c3-43e7-b86e-40be164eab80@group-6799236C1344: changes role from CANDIDATE to LEADER at term 4 for changeToLeader
2021-04-28 01:09:56,306 [43d3847f-81c3-43e7-b86e-40be164eab80@group-6799236C1344-LeaderElection25] INFO  ratis.XceiverServerRatis (XceiverServerRatis.java:handleLeaderChangedNotification(906)) - Leader change notification received for group: group-6799236C1344 with new leaderId: 43d3847f-81c3-43e7-b86e-40be164eab80
2021-04-28 01:09:56,306 [grpc-default-executor-4] INFO  impl.RoleInfo (RoleInfo.java:updateAndGet(130)) - 42fd2707-1841-40d3-b54b-6f39f935cc38: start 42fd2707-1841-40d3-b54b-6f39f935cc38@group-6799236C1344-FollowerState
2021-04-28 01:09:56,307 [42fd2707-1841-40d3-b54b-6f39f935cc38@group-6799236C1344-LeaderElection26] INFO  impl.LeaderElection (LeaderElection.java:run(230)) - 42fd2707-1841-40d3-b54b-6f39f935cc38@group-6799236C1344-LeaderElection26: skip running since this is already CLOSING
2021-04-28 01:09:56,307 [43d3847f-81c3-43e7-b86e-40be164eab80@group-6799236C1344-LeaderElection25] INFO  server.RaftServer$Division (ServerState.java:setLeader(271)) - 43d3847f-81c3-43e7-b86e-40be164eab80@group-6799236C1344: change Leader from null to 43d3847f-81c3-43e7-b86e-40be164eab80 at term 4 for becomeLeader, leader elected after 20378ms
2021-04-28 01:09:56,307 [43d3847f-81c3-43e7-b86e-40be164eab80@group-6799236C1344-LeaderElection25] INFO  server.RaftServerConfigKeys (ConfUtils.java:logGet(44)) - raft.server.staging.catchup.gap = 1000 (default)
2021-04-28 01:09:56,307 [43d3847f-81c3-43e7-b86e-40be164eab80@group-6799236C1344-LeaderElection25] INFO  metrics.RatisMetrics (RatisMetrics.java:lambda$create$0(36)) - Creating Metrics Registry : ratis.log_appender.43d3847f-81c3-43e7-b86e-40be164eab80@group-6799236C1344
2021-04-28 01:09:56,307 [43d3847f-81c3-43e7-b86e-40be164eab80@group-6799236C1344-LeaderElection25] INFO  server.RaftServerConfigKeys (ConfUtils.java:logGet(44)) - raft.server.write.element-limit = 1024 (custom)
2021-04-28 01:09:56,307 [43d3847f-81c3-43e7-b86e-40be164eab80@group-6799236C1344-LeaderElection25] INFO  server.RaftServerConfigKeys (ConfUtils.java:logGet(44)) - raft.server.write.byte-limit = 1073741824 (custom)
2021-04-28 01:09:56,308 [43d3847f-81c3-43e7-b86e-40be164eab80@group-6799236C1344-LeaderElection25] INFO  server.RaftServerConfigKeys (ConfUtils.java:logGet(44)) - raft.server.watch.timeout = 3000ms (custom)
2021-04-28 01:09:56,308 [43d3847f-81c3-43e7-b86e-40be164eab80@group-6799236C1344-LeaderElection25] INFO  server.RaftServerConfigKeys (ConfUtils.java:logGet(44)) - raft.server.watch.timeout.denomination = 1s (default)
2021-04-28 01:09:56,308 [43d3847f-81c3-43e7-b86e-40be164eab80@group-6799236C1344-LeaderElection25] INFO  server.RaftServerConfigKeys (ConfUtils.java:logGet(44)) - raft.server.watch.element-limit = 65536 (default)
2021-04-28 01:09:56,308 [43d3847f-81c3-43e7-b86e-40be164eab80@group-6799236C1344-LeaderElection25] INFO  server.RaftServerConfigKeys (ConfUtils.java:logGet(44)) - raft.server.log.appender.snapshot.chunk.size.max = 16MB (=16777216) (default)
2021-04-28 01:09:56,308 [43d3847f-81c3-43e7-b86e-40be164eab80@group-6799236C1344-LeaderElection25] INFO  server.RaftServerConfigKeys (ConfUtils.java:logGet(44)) - raft.server.log.appender.buffer.byte-limit = 33554432 (custom)
2021-04-28 01:09:56,308 [43d3847f-81c3-43e7-b86e-40be164eab80@group-6799236C1344-LeaderElection25] INFO  server.RaftServerConfigKeys (ConfUtils.java:logGet(44)) - raft.server.log.appender.buffer.element-limit = 1 (custom)
2021-04-28 01:09:56,308 [43d3847f-81c3-43e7-b86e-40be164eab80@group-6799236C1344-LeaderElection25] INFO  grpc.GrpcConfigKeys (ConfUtils.java:logGet(44)) - raft.grpc.server.leader.outstanding.appends.max = 128 (default)
2021-04-28 01:09:56,308 [43d3847f-81c3-43e7-b86e-40be164eab80@group-6799236C1344-LeaderElection25] INFO  server.RaftServerConfigKeys (ConfUtils.java:logGet(44)) - raft.server.rpc.request.timeout = 3000ms (default)
2021-04-28 01:09:56,308 [43d3847f-81c3-43e7-b86e-40be164eab80@group-6799236C1344-LeaderElection25] INFO  server.RaftServerConfigKeys (ConfUtils.java:logGet(44)) - raft.server.log.appender.install.snapshot.enabled = false (custom)
2021-04-28 01:09:56,308 [43d3847f-81c3-43e7-b86e-40be164eab80@group-6799236C1344-LeaderElection25] INFO  metrics.RatisMetrics (RatisMetrics.java:lambda$create$0(36)) - Creating Metrics Registry : ratis_grpc.log_appender.43d3847f-81c3-43e7-b86e-40be164eab80@group-6799236C1344
2021-04-28 01:09:56,309 [43d3847f-81c3-43e7-b86e-40be164eab80@group-6799236C1344-LeaderElection25] INFO  server.RaftServerConfigKeys (ConfUtils.java:logGet(44)) - raft.server.log.appender.snapshot.chunk.size.max = 16MB (=16777216) (default)
2021-04-28 01:09:56,309 [43d3847f-81c3-43e7-b86e-40be164eab80@group-6799236C1344-LeaderElection25] INFO  server.RaftServerConfigKeys (ConfUtils.java:logGet(44)) - raft.server.log.appender.buffer.byte-limit = 33554432 (custom)
2021-04-28 01:09:56,309 [43d3847f-81c3-43e7-b86e-40be164eab80@group-6799236C1344-LeaderElection25] INFO  server.RaftServerConfigKeys (ConfUtils.java:logGet(44)) - raft.server.log.appender.buffer.element-limit = 1 (custom)
2021-04-28 01:09:56,309 [43d3847f-81c3-43e7-b86e-40be164eab80@group-6799236C1344-LeaderElection25] INFO  grpc.GrpcConfigKeys (ConfUtils.java:logGet(44)) - raft.grpc.server.leader.outstanding.appends.max = 128 (default)
2021-04-28 01:09:56,309 [43d3847f-81c3-43e7-b86e-40be164eab80@group-6799236C1344-LeaderElection25] INFO  server.RaftServerConfigKeys (ConfUtils.java:logGet(44)) - raft.server.rpc.request.timeout = 3000ms (default)
2021-04-28 01:09:56,310 [grpc-default-executor-4] INFO  server.RaftServer$Division (RaftServerImpl.java:requestVote(1074)) - 42fd2707-1841-40d3-b54b-6f39f935cc38@group-6799236C1344 replies to ELECTION vote request: 43d3847f-81c3-43e7-b86e-40be164eab80<-42fd2707-1841-40d3-b54b-6f39f935cc38#0:OK-t4. Peer's state: 42fd2707-1841-40d3-b54b-6f39f935cc38@group-6799236C1344:t4, leader=null, voted=43d3847f-81c3-43e7-b86e-40be164eab80, raftlog=42fd2707-1841-40d3-b54b-6f39f935cc38@group-6799236C1344-SegmentedRaftLog:OPENED:c-1,f-1,i0, conf=-1: [43d3847f-81c3-43e7-b86e-40be164eab80|rpc:172.17.0.2:36611|dataStream:|priority:1, f65384a4-a8a4-4787-a0e5-96e28e751202|rpc:172.17.0.2:43161|dataStream:|priority:0, 42fd2707-1841-40d3-b54b-6f39f935cc38|rpc:172.17.0.2:41223|dataStream:|priority:0], old=null
2021-04-28 01:09:56,310 [EventQueue-PipelineReportForPipelineReportHandler] INFO  pipeline.PipelineManagerV2Impl (PipelineManagerV2Impl.java:openPipeline(270)) - Pipeline Pipeline[ Id: 25f1310e-fe38-48ae-bbd4-6799236c1344, Nodes: 43d3847f-81c3-43e7-b86e-40be164eab80{ip: 172.17.0.2, host: c8a4b84cbf99, ports: [REPLICATION=38781, RATIS=36611, RATIS_ADMIN=36611, RATIS_SERVER=36611, STANDALONE=46017], networkLocation: /default-rack, certSerialId: null, persistedOpState: IN_SERVICE, persistedOpStateExpiryEpochSec: 0}f65384a4-a8a4-4787-a0e5-96e28e751202{ip: 172.17.0.2, host: c8a4b84cbf99, ports: [REPLICATION=46685, RATIS=43161, RATIS_ADMIN=43161, RATIS_SERVER=43161, STANDALONE=34083], networkLocation: /default-rack, certSerialId: null, persistedOpState: IN_SERVICE, persistedOpStateExpiryEpochSec: 0}42fd2707-1841-40d3-b54b-6f39f935cc38{ip: 172.17.0.2, host: c8a4b84cbf99, ports: [REPLICATION=42143, RATIS=41223, RATIS_ADMIN=41223, RATIS_SERVER=41223, STANDALONE=42535], networkLocation: /default-rack, certSerialId: null, persistedOpState: IN_SERVICE, persistedOpStateExpiryEpochSec: 0}, ReplicationConfig: RATIS/THREE, State:ALLOCATED, leaderId:43d3847f-81c3-43e7-b86e-40be164eab80, CreationTimestamp2021-04-28T01:09:33.042Z] moved to OPEN state
2021-04-28 01:09:56,313 [43d3847f-81c3-43e7-b86e-40be164eab80@group-6799236C1344-LeaderElection25] INFO  server.RaftServerConfigKeys (ConfUtils.java:logGet(44)) - raft.server.log.appender.install.snapshot.enabled = false (custom)
2021-04-28 01:09:56,313 [43d3847f-81c3-43e7-b86e-40be164eab80@group-6799236C1344-LeaderElection25] INFO  impl.RoleInfo (RoleInfo.java:updateAndGet(130)) - 43d3847f-81c3-43e7-b86e-40be164eab80: start 43d3847f-81c3-43e7-b86e-40be164eab80@group-6799236C1344-LeaderStateImpl
2021-04-28 01:09:56,314 [43d3847f-81c3-43e7-b86e-40be164eab80@group-6799236C1344-LeaderElection25] INFO  segmented.SegmentedRaftLogWorker (SegmentedRaftLogWorker.java:startLogSegment(394)) - 43d3847f-81c3-43e7-b86e-40be164eab80@group-6799236C1344-SegmentedRaftLogWorker: Starting segment from index:0
2021-04-28 01:09:56,314 [43d3847f-81c3-43e7-b86e-40be164eab80@group-6799236C1344-SegmentedRaftLogWorker] INFO  segmented.SegmentedRaftLogWorker (SegmentedRaftLogWorker.java:execute(601)) - 43d3847f-81c3-43e7-b86e-40be164eab80@group-6799236C1344-SegmentedRaftLogWorker: created new log segment /github/workspace/mnt/ozone/hadoop-ozone/integration-test/target/test-dir/MiniOzoneClusterImpl-d7076e4a-bb1a-46d0-b0f9-1975ab90d2da/datanode-0/data/ratis/25f1310e-fe38-48ae-bbd4-6799236c1344/current/log_inprogress_0
2021-04-28 01:09:56,317 [grpc-default-executor-1] INFO  ratis.XceiverServerRatis (XceiverServerRatis.java:handleLeaderChangedNotification(906)) - Leader change notification received for group: group-6799236C1344 with new leaderId: 43d3847f-81c3-43e7-b86e-40be164eab80
2021-04-28 01:09:56,317 [grpc-default-executor-1] INFO  server.RaftServer$Division (ServerState.java:setLeader(271)) - f65384a4-a8a4-4787-a0e5-96e28e751202@group-6799236C1344: change Leader from null to 43d3847f-81c3-43e7-b86e-40be164eab80 at term 4 for appendEntries, leader elected after 20440ms
2021-04-28 01:09:56,323 [grpc-default-executor-3] INFO  ratis.XceiverServerRatis (XceiverServerRatis.java:handleLeaderChangedNotification(906)) - Leader change notification received for group: group-6799236C1344 with new leaderId: 43d3847f-81c3-43e7-b86e-40be164eab80
2021-04-28 01:09:56,323 [grpc-default-executor-3] INFO  server.RaftServer$Division (ServerState.java:setLeader(271)) - 42fd2707-1841-40d3-b54b-6f39f935cc38@group-6799236C1344: change Leader from null to 43d3847f-81c3-43e7-b86e-40be164eab80 at term 4 for appendEntries, leader elected after 20295ms
2021-04-28 01:09:56,329 [43d3847f-81c3-43e7-b86e-40be164eab80@group-6799236C1344-LeaderElection25] INFO  server.RaftServer$Division (ServerState.java:setRaftConf(373)) - 43d3847f-81c3-43e7-b86e-40be164eab80@group-6799236C1344: set configuration 0: [43d3847f-81c3-43e7-b86e-40be164eab80|rpc:172.17.0.2:36611|dataStream:|priority:1, f65384a4-a8a4-4787-a0e5-96e28e751202|rpc:172.17.0.2:43161|dataStream:|priority:0, 42fd2707-1841-40d3-b54b-6f39f935cc38|rpc:172.17.0.2:41223|dataStream:|priority:0], old=null
2021-04-28 01:09:56,329 [grpc-default-executor-1] INFO  server.RaftServer$Division (ServerState.java:setRaftConf(373)) - f65384a4-a8a4-4787-a0e5-96e28e751202@group-6799236C1344: set configuration 0: [43d3847f-81c3-43e7-b86e-40be164eab80|rpc:172.17.0.2:36611|dataStream:|priority:1, f65384a4-a8a4-4787-a0e5-96e28e751202|rpc:172.17.0.2:43161|dataStream:|priority:0, 42fd2707-1841-40d3-b54b-6f39f935cc38|rpc:172.17.0.2:41223|dataStream:|priority:0], old=null
2021-04-28 01:09:56,330 [grpc-default-executor-1] INFO  segmented.SegmentedRaftLogWorker (SegmentedRaftLogWorker.java:startLogSegment(394)) - f65384a4-a8a4-4787-a0e5-96e28e751202@group-6799236C1344-SegmentedRaftLogWorker: Starting segment from index:0
2021-04-28 01:09:56,331 [f65384a4-a8a4-4787-a0e5-96e28e751202@group-6799236C1344-SegmentedRaftLogWorker] INFO  segmented.SegmentedRaftLogWorker (SegmentedRaftLogWorker.java:execute(601)) - f65384a4-a8a4-4787-a0e5-96e28e751202@group-6799236C1344-SegmentedRaftLogWorker: created new log segment /github/workspace/mnt/ozone/hadoop-ozone/integration-test/target/test-dir/MiniOzoneClusterImpl-d7076e4a-bb1a-46d0-b0f9-1975ab90d2da/datanode-1/data/ratis/25f1310e-fe38-48ae-bbd4-6799236c1344/current/log_inprogress_0
2021-04-28 01:09:56,338 [grpc-default-executor-3] INFO  server.RaftServer$Division (ServerState.java:setRaftConf(373)) - 42fd2707-1841-40d3-b54b-6f39f935cc38@group-6799236C1344: set configuration 0: [43d3847f-81c3-43e7-b86e-40be164eab80|rpc:172.17.0.2:36611|dataStream:|priority:1, f65384a4-a8a4-4787-a0e5-96e28e751202|rpc:172.17.0.2:43161|dataStream:|priority:0, 42fd2707-1841-40d3-b54b-6f39f935cc38|rpc:172.17.0.2:41223|dataStream:|priority:0], old=null
2021-04-28 01:09:56,338 [grpc-default-executor-3] INFO  segmented.SegmentedRaftLogWorker (SegmentedRaftLogWorker.java:startLogSegment(394)) - 42fd2707-1841-40d3-b54b-6f39f935cc38@group-6799236C1344-SegmentedRaftLogWorker: Starting segment from index:0
2021-04-28 01:09:56,339 [42fd2707-1841-40d3-b54b-6f39f935cc38@group-6799236C1344-SegmentedRaftLogWorker] INFO  segmented.SegmentedRaftLogWorker (SegmentedRaftLogWorker.java:execute(601)) - 42fd2707-1841-40d3-b54b-6f39f935cc38@group-6799236C1344-SegmentedRaftLogWorker: created new log segment /github/workspace/mnt/ozone/hadoop-ozone/integration-test/target/test-dir/MiniOzoneClusterImpl-d7076e4a-bb1a-46d0-b0f9-1975ab90d2da/datanode-2/data/ratis/25f1310e-fe38-48ae-bbd4-6799236c1344/current/log_inprogress_0
2021-04-28 01:09:56,674 [c9444e84-7d1e-434a-8350-34c756d48665@group-01B766403D27-FollowerState] INFO  impl.FollowerState (FollowerState.java:run(134)) - c9444e84-7d1e-434a-8350-34c756d48665@group-01B766403D27-FollowerState: change to CANDIDATE, lastRpcElapsedTime:5015375133ns, electionTimeout:5011ms
2021-04-28 01:09:56,674 [c9444e84-7d1e-434a-8350-34c756d48665@group-01B766403D27-FollowerState] INFO  impl.RoleInfo (RoleInfo.java:shutdownFollowerState(108)) - c9444e84-7d1e-434a-8350-34c756d48665: shutdown c9444e84-7d1e-434a-8350-34c756d48665@group-01B766403D27-FollowerState
2021-04-28 01:09:56,674 [c9444e84-7d1e-434a-8350-34c756d48665@group-01B766403D27-FollowerState] INFO  server.RaftServer$Division (RaftServerImpl.java:setRole(284)) - c9444e84-7d1e-434a-8350-34c756d48665@group-01B766403D27: changes role from  FOLLOWER to CANDIDATE at term 3 for changeToCandidate
2021-04-28 01:09:56,674 [c9444e84-7d1e-434a-8350-34c756d48665@group-01B766403D27-FollowerState] INFO  server.RaftServerConfigKeys (ConfUtils.java:logGet(44)) - raft.server.leaderelection.pre-vote = false (custom)
2021-04-28 01:09:56,674 [c9444e84-7d1e-434a-8350-34c756d48665@group-01B766403D27-FollowerState] INFO  impl.RoleInfo (RoleInfo.java:updateAndGet(130)) - c9444e84-7d1e-434a-8350-34c756d48665: start c9444e84-7d1e-434a-8350-34c756d48665@group-01B766403D27-LeaderElection27
2021-04-28 01:09:56,677 [c9444e84-7d1e-434a-8350-34c756d48665@group-01B766403D27-LeaderElection27] INFO  impl.LeaderElection (LeaderElection.java:askForVotes(306)) - c9444e84-7d1e-434a-8350-34c756d48665@group-01B766403D27-LeaderElection27 ELECTION round 0: submit vote requests at term 4 for -1: [3dc34c93-7aa4-4f5d-882a-22c345cc0d73|rpc:172.17.0.2:34555|dataStream:|priority:0, 0fca32f9-76ae-40c1-a223-13204f8d545a|rpc:172.17.0.2:34055|dataStream:|priority:0, c9444e84-7d1e-434a-8350-34c756d48665|rpc:172.17.0.2:40945|dataStream:|priority:1], old=null
2021-04-28 01:09:56,685 [grpc-default-executor-3] INFO  server.RaftServer$Division (RaftServerImpl.java:requestVote(1042)) - 0fca32f9-76ae-40c1-a223-13204f8d545a@group-01B766403D27: receive requestVote(ELECTION, c9444e84-7d1e-434a-8350-34c756d48665, group-01B766403D27, 4, (t:0, i:0))
2021-04-28 01:09:56,685 [grpc-default-executor-3] INFO  impl.VoteContext (VoteContext.java:log(48)) - 0fca32f9-76ae-40c1-a223-13204f8d545a@group-01B766403D27-FOLLOWER: accept ELECTION from c9444e84-7d1e-434a-8350-34c756d48665: our priority 0 <= candidate's priority 1
2021-04-28 01:09:56,685 [grpc-default-executor-3] INFO  server.RaftServer$Division (RaftServerImpl.java:setRole(284)) - 0fca32f9-76ae-40c1-a223-13204f8d545a@group-01B766403D27: changes role from  FOLLOWER to FOLLOWER at term 4 for candidate:c9444e84-7d1e-434a-8350-34c756d48665
2021-04-28 01:09:56,685 [grpc-default-executor-1] INFO  server.RaftServer$Division (RaftServerImpl.java:requestVote(1042)) - 3dc34c93-7aa4-4f5d-882a-22c345cc0d73@group-01B766403D27: receive requestVote(ELECTION, c9444e84-7d1e-434a-8350-34c756d48665, group-01B766403D27, 4, (t:0, i:0))
2021-04-28 01:09:56,685 [grpc-default-executor-3] INFO  impl.RoleInfo (RoleInfo.java:shutdownFollowerState(108)) - 0fca32f9-76ae-40c1-a223-13204f8d545a: shutdown 0fca32f9-76ae-40c1-a223-13204f8d545a@group-01B766403D27-FollowerState
2021-04-28 01:09:56,685 [grpc-default-executor-1] INFO  impl.VoteContext (VoteContext.java:log(48)) - 3dc34c93-7aa4-4f5d-882a-22c345cc0d73@group-01B766403D27-FOLLOWER: accept ELECTION from c9444e84-7d1e-434a-8350-34c756d48665: our priority 0 <= candidate's priority 1
2021-04-28 01:09:56,686 [0fca32f9-76ae-40c1-a223-13204f8d545a@group-01B766403D27-FollowerState] INFO  impl.FollowerState (FollowerState.java:run(143)) - 0fca32f9-76ae-40c1-a223-13204f8d545a@group-01B766403D27-FollowerState was interrupted: {}
java.lang.InterruptedException: sleep interrupted
	at java.lang.Thread.sleep(Native Method)
	at java.lang.Thread.sleep(Thread.java:340)
	at java.util.concurrent.TimeUnit.sleep(TimeUnit.java:386)
	at org.apache.ratis.util.TimeDuration.sleep(TimeDuration.java:324)
	at org.apache.ratis.util.TimeDuration.sleep(TimeDuration.java:309)
	at org.apache.ratis.server.impl.FollowerState.run(FollowerState.java:118)
2021-04-28 01:09:56,686 [grpc-default-executor-3] INFO  impl.RoleInfo (RoleInfo.java:updateAndGet(130)) - 0fca32f9-76ae-40c1-a223-13204f8d545a: start 0fca32f9-76ae-40c1-a223-13204f8d545a@group-01B766403D27-FollowerState
2021-04-28 01:09:56,686 [grpc-default-executor-1] INFO  server.RaftServer$Division (RaftServerImpl.java:setRole(284)) - 3dc34c93-7aa4-4f5d-882a-22c345cc0d73@group-01B766403D27: changes role from  FOLLOWER to FOLLOWER at term 4 for candidate:c9444e84-7d1e-434a-8350-34c756d48665
2021-04-28 01:09:56,688 [grpc-default-executor-1] INFO  impl.RoleInfo (RoleInfo.java:shutdownFollowerState(108)) - 3dc34c93-7aa4-4f5d-882a-22c345cc0d73: shutdown 3dc34c93-7aa4-4f5d-882a-22c345cc0d73@group-01B766403D27-FollowerState
2021-04-28 01:09:56,689 [grpc-default-executor-1] INFO  impl.RoleInfo (RoleInfo.java:updateAndGet(130)) - 3dc34c93-7aa4-4f5d-882a-22c345cc0d73: start 3dc34c93-7aa4-4f5d-882a-22c345cc0d73@group-01B766403D27-FollowerState
2021-04-28 01:09:56,689 [3dc34c93-7aa4-4f5d-882a-22c345cc0d73@group-01B766403D27-FollowerState] INFO  impl.FollowerState (FollowerState.java:run(143)) - 3dc34c93-7aa4-4f5d-882a-22c345cc0d73@group-01B766403D27-FollowerState was interrupted: {}
java.lang.InterruptedException: sleep interrupted
	at java.lang.Thread.sleep(Native Method)
	at java.lang.Thread.sleep(Thread.java:340)
	at java.util.concurrent.TimeUnit.sleep(TimeUnit.java:386)
	at org.apache.ratis.util.TimeDuration.sleep(TimeDuration.java:324)
	at org.apache.ratis.util.TimeDuration.sleep(TimeDuration.java:309)
	at org.apache.ratis.server.impl.FollowerState.run(FollowerState.java:118)
2021-04-28 01:09:56,690 [grpc-default-executor-3] INFO  server.RaftServer$Division (RaftServerImpl.java:requestVote(1074)) - 0fca32f9-76ae-40c1-a223-13204f8d545a@group-01B766403D27 replies to ELECTION vote request: c9444e84-7d1e-434a-8350-34c756d48665<-0fca32f9-76ae-40c1-a223-13204f8d545a#0:OK-t4. Peer's state: 0fca32f9-76ae-40c1-a223-13204f8d545a@group-01B766403D27:t4, leader=null, voted=c9444e84-7d1e-434a-8350-34c756d48665, raftlog=0fca32f9-76ae-40c1-a223-13204f8d545a@group-01B766403D27-SegmentedRaftLog:OPENED:c-1,f-1,i0, conf=-1: [3dc34c93-7aa4-4f5d-882a-22c345cc0d73|rpc:172.17.0.2:34555|dataStream:|priority:0, 0fca32f9-76ae-40c1-a223-13204f8d545a|rpc:172.17.0.2:34055|dataStream:|priority:0, c9444e84-7d1e-434a-8350-34c756d48665|rpc:172.17.0.2:40945|dataStream:|priority:1], old=null
2021-04-28 01:09:56,691 [grpc-default-executor-1] INFO  server.RaftServer$Division (RaftServerImpl.java:requestVote(1074)) - 3dc34c93-7aa4-4f5d-882a-22c345cc0d73@group-01B766403D27 replies to ELECTION vote request: c9444e84-7d1e-434a-8350-34c756d48665<-3dc34c93-7aa4-4f5d-882a-22c345cc0d73#0:OK-t4. Peer's state: 3dc34c93-7aa4-4f5d-882a-22c345cc0d73@group-01B766403D27:t4, leader=null, voted=c9444e84-7d1e-434a-8350-34c756d48665, raftlog=3dc34c93-7aa4-4f5d-882a-22c345cc0d73@group-01B766403D27-SegmentedRaftLog:OPENED:c-1,f-1,i0, conf=-1: [3dc34c93-7aa4-4f5d-882a-22c345cc0d73|rpc:172.17.0.2:34555|priority:0, 0fca32f9-76ae-40c1-a223-13204f8d545a|rpc:172.17.0.2:34055|priority:0, c9444e84-7d1e-434a-8350-34c756d48665|rpc:172.17.0.2:40945|priority:1], old=null
2021-04-28 01:09:56,693 [c9444e84-7d1e-434a-8350-34c756d48665@group-01B766403D27-LeaderElection27] INFO  impl.LeaderElection (LeaderElection.java:logAndReturn(89)) - c9444e84-7d1e-434a-8350-34c756d48665@group-01B766403D27-LeaderElection27: ELECTION PASSED received 1 response(s) and 0 exception(s):
2021-04-28 01:09:56,693 [c9444e84-7d1e-434a-8350-34c756d48665@group-01B766403D27-LeaderElection27] INFO  impl.LeaderElection (LeaderElection.java:logAndReturn(93)) -   Response 0: c9444e84-7d1e-434a-8350-34c756d48665<-0fca32f9-76ae-40c1-a223-13204f8d545a#0:OK-t4
2021-04-28 01:09:56,693 [c9444e84-7d1e-434a-8350-34c756d48665@group-01B766403D27-LeaderElection27] INFO  impl.LeaderElection (LeaderElection.java:askForVotes(308)) - c9444e84-7d1e-434a-8350-34c756d48665@group-01B766403D27-LeaderElection27 ELECTION round 0: result PASSED
2021-04-28 01:09:56,693 [c9444e84-7d1e-434a-8350-34c756d48665@group-01B766403D27-LeaderElection27] INFO  impl.RoleInfo (RoleInfo.java:shutdownLeaderElection(121)) - c9444e84-7d1e-434a-8350-34c756d48665: shutdown c9444e84-7d1e-434a-8350-34c756d48665@group-01B766403D27-LeaderElection27
2021-04-28 01:09:56,693 [c9444e84-7d1e-434a-8350-34c756d48665@group-01B766403D27-LeaderElection27] INFO  server.RaftServer$Division (RaftServerImpl.java:setRole(284)) - c9444e84-7d1e-434a-8350-34c756d48665@group-01B766403D27: changes role from CANDIDATE to LEADER at term 4 for changeToLeader
2021-04-28 01:09:56,693 [c9444e84-7d1e-434a-8350-34c756d48665@group-01B766403D27-LeaderElection27] INFO  ratis.XceiverServerRatis (XceiverServerRatis.java:handleLeaderChangedNotification(906)) - Leader change notification received for group: group-01B766403D27 with new leaderId: c9444e84-7d1e-434a-8350-34c756d48665
2021-04-28 01:09:56,693 [c9444e84-7d1e-434a-8350-34c756d48665@group-01B766403D27-LeaderElection27] INFO  server.RaftServer$Division (ServerState.java:setLeader(271)) - c9444e84-7d1e-434a-8350-34c756d48665@group-01B766403D27: change Leader from null to c9444e84-7d1e-434a-8350-34c756d48665 at term 4 for becomeLeader, leader elected after 20387ms
2021-04-28 01:09:56,693 [c9444e84-7d1e-434a-8350-34c756d48665@group-01B766403D27-LeaderElection27] INFO  server.RaftServerConfigKeys (ConfUtils.java:logGet(44)) - raft.server.staging.catchup.gap = 1000 (default)
2021-04-28 01:09:56,694 [c9444e84-7d1e-434a-8350-34c756d48665@group-01B766403D27-LeaderElection27] INFO  metrics.RatisMetrics (RatisMetrics.java:lambda$create$0(36)) - Creating Metrics Registry : ratis.log_appender.c9444e84-7d1e-434a-8350-34c756d48665@group-01B766403D27
2021-04-28 01:09:56,694 [c9444e84-7d1e-434a-8350-34c756d48665@group-01B766403D27-LeaderElection27] INFO  server.RaftServerConfigKeys (ConfUtils.java:logGet(44)) - raft.server.write.element-limit = 1024 (custom)
2021-04-28 01:09:56,694 [c9444e84-7d1e-434a-8350-34c756d48665@group-01B766403D27-LeaderElection27] INFO  server.RaftServerConfigKeys (ConfUtils.java:logGet(44)) - raft.server.write.byte-limit = 1073741824 (custom)
2021-04-28 01:09:56,694 [c9444e84-7d1e-434a-8350-34c756d48665@group-01B766403D27-LeaderElection27] INFO  server.RaftServerConfigKeys (ConfUtils.java:logGet(44)) - raft.server.watch.timeout = 3000ms (custom)
2021-04-28 01:09:56,694 [c9444e84-7d1e-434a-8350-34c756d48665@group-01B766403D27-LeaderElection27] INFO  server.RaftServerConfigKeys (ConfUtils.java:logGet(44)) - raft.server.watch.timeout.denomination = 1s (default)
2021-04-28 01:09:56,694 [c9444e84-7d1e-434a-8350-34c756d48665@group-01B766403D27-LeaderElection27] INFO  server.RaftServerConfigKeys (ConfUtils.java:logGet(44)) - raft.server.watch.element-limit = 65536 (default)
2021-04-28 01:09:56,694 [c9444e84-7d1e-434a-8350-34c756d48665@group-01B766403D27-LeaderElection27] INFO  server.RaftServerConfigKeys (ConfUtils.java:logGet(44)) - raft.server.log.appender.snapshot.chunk.size.max = 16MB (=16777216) (default)
2021-04-28 01:09:56,694 [c9444e84-7d1e-434a-8350-34c756d48665@group-01B766403D27-LeaderElection27] INFO  server.RaftServerConfigKeys (ConfUtils.java:logGet(44)) - raft.server.log.appender.buffer.byte-limit = 33554432 (custom)
2021-04-28 01:09:56,694 [c9444e84-7d1e-434a-8350-34c756d48665@group-01B766403D27-LeaderElection27] INFO  server.RaftServerConfigKeys (ConfUtils.java:logGet(44)) - raft.server.log.appender.buffer.element-limit = 1 (custom)
2021-04-28 01:09:56,694 [c9444e84-7d1e-434a-8350-34c756d48665@group-01B766403D27-LeaderElection27] INFO  grpc.GrpcConfigKeys (ConfUtils.java:logGet(44)) - raft.grpc.server.leader.outstanding.appends.max = 128 (default)
2021-04-28 01:09:56,695 [c9444e84-7d1e-434a-8350-34c756d48665@group-01B766403D27-LeaderElection27] INFO  server.RaftServerConfigKeys (ConfUtils.java:logGet(44)) - raft.server.rpc.request.timeout = 3000ms (default)
2021-04-28 01:09:56,695 [c9444e84-7d1e-434a-8350-34c756d48665@group-01B766403D27-LeaderElection27] INFO  server.RaftServerConfigKeys (ConfUtils.java:logGet(44)) - raft.server.log.appender.install.snapshot.enabled = false (custom)
2021-04-28 01:09:56,695 [c9444e84-7d1e-434a-8350-34c756d48665@group-01B766403D27-LeaderElection27] INFO  metrics.RatisMetrics (RatisMetrics.java:lambda$create$0(36)) - Creating Metrics Registry : ratis_grpc.log_appender.c9444e84-7d1e-434a-8350-34c756d48665@group-01B766403D27
2021-04-28 01:09:56,695 [c9444e84-7d1e-434a-8350-34c756d48665@group-01B766403D27-LeaderElection27] INFO  server.RaftServerConfigKeys (ConfUtils.java:logGet(44)) - raft.server.log.appender.snapshot.chunk.size.max = 16MB (=16777216) (default)
2021-04-28 01:09:56,695 [c9444e84-7d1e-434a-8350-34c756d48665@group-01B766403D27-LeaderElection27] INFO  server.RaftServerConfigKeys (ConfUtils.java:logGet(44)) - raft.server.log.appender.buffer.byte-limit = 33554432 (custom)
2021-04-28 01:09:56,695 [c9444e84-7d1e-434a-8350-34c756d48665@group-01B766403D27-LeaderElection27] INFO  server.RaftServerConfigKeys (ConfUtils.java:logGet(44)) - raft.server.log.appender.buffer.element-limit = 1 (custom)
2021-04-28 01:09:56,696 [c9444e84-7d1e-434a-8350-34c756d48665@group-01B766403D27-LeaderElection27] INFO  grpc.GrpcConfigKeys (ConfUtils.java:logGet(44)) - raft.grpc.server.leader.outstanding.appends.max = 128 (default)
2021-04-28 01:09:56,696 [c9444e84-7d1e-434a-8350-34c756d48665@group-01B766403D27-LeaderElection27] INFO  server.RaftServerConfigKeys (ConfUtils.java:logGet(44)) - raft.server.rpc.request.timeout = 3000ms (default)
2021-04-28 01:09:56,696 [c9444e84-7d1e-434a-8350-34c756d48665@group-01B766403D27-LeaderElection27] INFO  server.RaftServerConfigKeys (ConfUtils.java:logGet(44)) - raft.server.log.appender.install.snapshot.enabled = false (custom)
2021-04-28 01:09:56,696 [c9444e84-7d1e-434a-8350-34c756d48665@group-01B766403D27-LeaderElection27] INFO  impl.RoleInfo (RoleInfo.java:updateAndGet(130)) - c9444e84-7d1e-434a-8350-34c756d48665: start c9444e84-7d1e-434a-8350-34c756d48665@group-01B766403D27-LeaderStateImpl
2021-04-28 01:09:56,696 [c9444e84-7d1e-434a-8350-34c756d48665@group-01B766403D27-LeaderElection27] INFO  segmented.SegmentedRaftLogWorker (SegmentedRaftLogWorker.java:startLogSegment(394)) - c9444e84-7d1e-434a-8350-34c756d48665@group-01B766403D27-SegmentedRaftLogWorker: Starting segment from index:0
2021-04-28 01:09:56,698 [c9444e84-7d1e-434a-8350-34c756d48665@group-01B766403D27-SegmentedRaftLogWorker] INFO  segmented.SegmentedRaftLogWorker (SegmentedRaftLogWorker.java:execute(601)) - c9444e84-7d1e-434a-8350-34c756d48665@group-01B766403D27-SegmentedRaftLogWorker: created new log segment /github/workspace/mnt/ozone/hadoop-ozone/integration-test/target/test-dir/MiniOzoneClusterImpl-d7076e4a-bb1a-46d0-b0f9-1975ab90d2da/datanode-4/data/ratis/d1b4f0a7-ea19-4a99-90ab-01b766403d27/current/log_inprogress_0
2021-04-28 01:09:56,698 [EventQueue-PipelineReportForPipelineReportHandler] INFO  pipeline.PipelineManagerV2Impl (PipelineManagerV2Impl.java:openPipeline(270)) - Pipeline Pipeline[ Id: d1b4f0a7-ea19-4a99-90ab-01b766403d27, Nodes: 3dc34c93-7aa4-4f5d-882a-22c345cc0d73{ip: 172.17.0.2, host: c8a4b84cbf99, ports: [REPLICATION=39815, RATIS=34555, RATIS_ADMIN=34555, RATIS_SERVER=34555, STANDALONE=36395], networkLocation: /default-rack, certSerialId: null, persistedOpState: IN_SERVICE, persistedOpStateExpiryEpochSec: 0}c9444e84-7d1e-434a-8350-34c756d48665{ip: 172.17.0.2, host: c8a4b84cbf99, ports: [REPLICATION=42367, RATIS=40945, RATIS_ADMIN=40945, RATIS_SERVER=40945, STANDALONE=34205], networkLocation: /default-rack, certSerialId: null, persistedOpState: IN_SERVICE, persistedOpStateExpiryEpochSec: 0}0fca32f9-76ae-40c1-a223-13204f8d545a{ip: 172.17.0.2, host: c8a4b84cbf99, ports: [REPLICATION=43429, RATIS=34055, RATIS_ADMIN=34055, RATIS_SERVER=34055, STANDALONE=39971], networkLocation: /default-rack, certSerialId: null, persistedOpState: IN_SERVICE, persistedOpStateExpiryEpochSec: 0}, ReplicationConfig: RATIS/THREE, State:ALLOCATED, leaderId:c9444e84-7d1e-434a-8350-34c756d48665, CreationTimestamp2021-04-28T01:09:33.649Z] moved to OPEN state
2021-04-28 01:09:56,700 [grpc-default-executor-1] INFO  ratis.XceiverServerRatis (XceiverServerRatis.java:handleLeaderChangedNotification(906)) - Leader change notification received for group: group-01B766403D27 with new leaderId: c9444e84-7d1e-434a-8350-34c756d48665
2021-04-28 01:09:56,700 [grpc-default-executor-1] INFO  server.RaftServer$Division (ServerState.java:setLeader(271)) - 3dc34c93-7aa4-4f5d-882a-22c345cc0d73@group-01B766403D27: change Leader from null to c9444e84-7d1e-434a-8350-34c756d48665 at term 4 for appendEntries, leader elected after 20431ms
2021-04-28 01:09:56,704 [c9444e84-7d1e-434a-8350-34c756d48665@group-01B766403D27-LeaderElection27] INFO  server.RaftServer$Division (ServerState.java:setRaftConf(373)) - c9444e84-7d1e-434a-8350-34c756d48665@group-01B766403D27: set configuration 0: [3dc34c93-7aa4-4f5d-882a-22c345cc0d73|rpc:172.17.0.2:34555|dataStream:|priority:0, 0fca32f9-76ae-40c1-a223-13204f8d545a|rpc:172.17.0.2:34055|dataStream:|priority:0, c9444e84-7d1e-434a-8350-34c756d48665|rpc:172.17.0.2:40945|dataStream:|priority:1], old=null
2021-04-28 01:09:56,709 [grpc-default-executor-1] INFO  server.RaftServer$Division (ServerState.java:setRaftConf(373)) - 3dc34c93-7aa4-4f5d-882a-22c345cc0d73@group-01B766403D27: set configuration 0: [3dc34c93-7aa4-4f5d-882a-22c345cc0d73|rpc:172.17.0.2:34555|dataStream:|priority:0, 0fca32f9-76ae-40c1-a223-13204f8d545a|rpc:172.17.0.2:34055|dataStream:|priority:0, c9444e84-7d1e-434a-8350-34c756d48665|rpc:172.17.0.2:40945|dataStream:|priority:1], old=null
2021-04-28 01:09:56,709 [grpc-default-executor-1] INFO  segmented.SegmentedRaftLogWorker (SegmentedRaftLogWorker.java:startLogSegment(394)) - 3dc34c93-7aa4-4f5d-882a-22c345cc0d73@group-01B766403D27-SegmentedRaftLogWorker: Starting segment from index:0
2021-04-28 01:09:56,710 [grpc-default-executor-4] INFO  ratis.XceiverServerRatis (XceiverServerRatis.java:handleLeaderChangedNotification(906)) - Leader change notification received for group: group-01B766403D27 with new leaderId: c9444e84-7d1e-434a-8350-34c756d48665
2021-04-28 01:09:56,710 [grpc-default-executor-4] INFO  server.RaftServer$Division (ServerState.java:setLeader(271)) - 0fca32f9-76ae-40c1-a223-13204f8d545a@group-01B766403D27: change Leader from null to c9444e84-7d1e-434a-8350-34c756d48665 at term 4 for appendEntries, leader elected after 20353ms
2021-04-28 01:09:56,711 [3dc34c93-7aa4-4f5d-882a-22c345cc0d73@group-01B766403D27-SegmentedRaftLogWorker] INFO  segmented.SegmentedRaftLogWorker (SegmentedRaftLogWorker.java:execute(601)) - 3dc34c93-7aa4-4f5d-882a-22c345cc0d73@group-01B766403D27-SegmentedRaftLogWorker: created new log segment /github/workspace/mnt/ozone/hadoop-ozone/integration-test/target/test-dir/MiniOzoneClusterImpl-d7076e4a-bb1a-46d0-b0f9-1975ab90d2da/datanode-3/data/ratis/d1b4f0a7-ea19-4a99-90ab-01b766403d27/current/log_inprogress_0
2021-04-28 01:09:56,718 [grpc-default-executor-1] INFO  server.RaftServer$Division (ServerState.java:setRaftConf(373)) - 0fca32f9-76ae-40c1-a223-13204f8d545a@group-01B766403D27: set configuration 0: [3dc34c93-7aa4-4f5d-882a-22c345cc0d73|rpc:172.17.0.2:34555|dataStream:|priority:0, 0fca32f9-76ae-40c1-a223-13204f8d545a|rpc:172.17.0.2:34055|dataStream:|priority:0, c9444e84-7d1e-434a-8350-34c756d48665|rpc:172.17.0.2:40945|dataStream:|priority:1], old=null
2021-04-28 01:09:56,718 [grpc-default-executor-1] INFO  segmented.SegmentedRaftLogWorker (SegmentedRaftLogWorker.java:startLogSegment(394)) - 0fca32f9-76ae-40c1-a223-13204f8d545a@group-01B766403D27-SegmentedRaftLogWorker: Starting segment from index:0
2021-04-28 01:09:56,719 [0fca32f9-76ae-40c1-a223-13204f8d545a@group-01B766403D27-SegmentedRaftLogWorker] INFO  segmented.SegmentedRaftLogWorker (SegmentedRaftLogWorker.java:execute(601)) - 0fca32f9-76ae-40c1-a223-13204f8d545a@group-01B766403D27-SegmentedRaftLogWorker: created new log segment /github/workspace/mnt/ozone/hadoop-ozone/integration-test/target/test-dir/MiniOzoneClusterImpl-d7076e4a-bb1a-46d0-b0f9-1975ab90d2da/datanode-5/data/ratis/d1b4f0a7-ea19-4a99-90ab-01b766403d27/current/log_inprogress_0
2021-04-28 01:10:00,180 [java.util.concurrent.ThreadPoolExecutor$Worker@56cb2d42[State = -1, empty queue]] INFO  metrics.RatisMetrics (RatisMetrics.java:lambda$create$0(36)) - Creating Metrics Registry : ratis.client_message_metrics.client-78EFAB83A0EA->42fd2707-1841-40d3-b54b-6f39f935cc38
2021-04-28 01:10:00,193 [Listener at 127.0.0.1/36361] INFO  ozone.MiniOzoneClusterImpl (MiniOzoneClusterImpl.java:shutdown(443)) - Shutting down the Mini Ozone Cluster
2021-04-28 01:10:00,193 [Listener at 127.0.0.1/36361] INFO  ozone.MiniOzoneClusterImpl (MiniOzoneClusterImpl.java:stop(458)) - Stopping the Mini Ozone Cluster
2021-04-28 01:10:00,193 [Listener at 127.0.0.1/36361] INFO  ozone.MiniOzoneClusterImpl (MiniOzoneClusterImpl.java:stopOM(540)) - Stopping the OzoneManager
2021-04-28 01:10:00,193 [Listener at 127.0.0.1/36361] INFO  ipc.Server (Server.java:stop(3403)) - Stopping server on 36361
2021-04-28 01:10:00,197 [IPC Server Responder] INFO  ipc.Server (Server.java:run(1502)) - Stopping IPC Server Responder
2021-04-28 01:10:00,197 [IPC Server listener on 0] INFO  ipc.Server (Server.java:run(1366)) - Stopping IPC Server listener on 0
2021-04-28 01:10:00,198 [Listener at 127.0.0.1/36361] INFO  server.RaftServer (RaftServerProxy.java:lambda$close$6(391)) - om1: close
2021-04-28 01:10:00,199 [Listener at 127.0.0.1/36361] INFO  server.RaftServer$Division (RaftServerImpl.java:lambda$close$4(406)) - om1@group-C5BA1605619E: shutdown
2021-04-28 01:10:00,199 [Listener at 127.0.0.1/36361] INFO  util.JmxRegister (JmxRegister.java:unregister(73)) - Successfully un-registered JMX Bean with object name Ratis:service=RaftServer,group=group-C5BA1605619E,id=om1
2021-04-28 01:10:00,199 [Listener at 127.0.0.1/36361] INFO  impl.RoleInfo (RoleInfo.java:shutdownLeaderState(91)) - om1: shutdown om1@group-C5BA1605619E-LeaderStateImpl
2021-04-28 01:10:00,199 [Listener at 127.0.0.1/36361] INFO  impl.PendingRequests (PendingRequests.java:sendNotLeaderResponses(249)) - om1@group-C5BA1605619E-PendingRequests: sendNotLeaderResponses
2021-04-28 01:10:00,202 [Listener at 127.0.0.1/36361] INFO  metrics.RatisMetrics (RatisMetrics.java:unregister(43)) - Unregistering Metrics Registry : ratis.log_appender.om1@group-C5BA1605619E
2021-04-28 01:10:00,203 [Listener at 127.0.0.1/36361] INFO  metrics.RatisMetrics (RatisMetrics.java:unregister(43)) - Unregistering Metrics Registry : ratis.server.om1@group-C5BA1605619E
2021-04-28 01:10:00,203 [Listener at 127.0.0.1/36361] INFO  impl.StateMachineUpdater (StateMachineUpdater.java:stopAndJoin(149)) - om1@group-C5BA1605619E-StateMachineUpdater: set stopIndex = 4
2021-04-28 01:10:00,203 [om1@group-C5BA1605619E-StateMachineUpdater] INFO  ratis.OzoneManagerStateMachine (OzoneManagerStateMachine.java:takeSnapshot(347)) - Current Snapshot Index (t:1, i:4)
2021-04-28 01:10:00,204 [om1@group-C5BA1605619E-StateMachineUpdater] INFO  impl.StateMachineUpdater (StateMachineUpdater.java:takeSnapshot(281)) - om1@group-C5BA1605619E-StateMachineUpdater: Took a snapshot at index 4
2021-04-28 01:10:00,205 [om1@group-C5BA1605619E-StateMachineUpdater] INFO  impl.StateMachineUpdater (StateMachineUpdater.java:lambda$new$0(89)) - om1@group-C5BA1605619E-StateMachineUpdater: snapshotIndex: updateIncreasingly -1 -> 4
2021-04-28 01:10:00,205 [om1@group-C5BA1605619E-StateMachineUpdater] INFO  metrics.RatisMetrics (RatisMetrics.java:unregister(43)) - Unregistering Metrics Registry : ratis.state_machine.om1@group-C5BA1605619E
2021-04-28 01:10:00,205 [Listener at 127.0.0.1/36361] INFO  server.RaftServer$Division (ServerState.java:close(405)) - om1@group-C5BA1605619E: closes. applyIndex: 4
2021-04-28 01:10:00,209 [om1@group-C5BA1605619E-SegmentedRaftLogWorker] INFO  segmented.SegmentedRaftLogWorker (SegmentedRaftLogWorker.java:run(327)) - om1@group-C5BA1605619E-SegmentedRaftLogWorker was interrupted, exiting. There are 0 tasks remaining in the queue.
2021-04-28 01:10:00,211 [Listener at 127.0.0.1/36361] INFO  segmented.SegmentedRaftLogWorker (SegmentedRaftLogWorker.java:close(237)) - om1@group-C5BA1605619E-SegmentedRaftLogWorker close()
2021-04-28 01:10:00,212 [Listener at 127.0.0.1/36361] INFO  metrics.RatisMetrics (RatisMetrics.java:unregister(43)) - Unregistering Metrics Registry : ratis.log_worker.om1@group-C5BA1605619E
2021-04-28 01:10:00,212 [Listener at 127.0.0.1/36361] INFO  metrics.RatisMetrics (RatisMetrics.java:unregister(43)) - Unregistering Metrics Registry : ratis.leader_election.om1@group-C5BA1605619E
2021-04-28 01:10:00,212 [Listener at 127.0.0.1/36361] INFO  metrics.RatisMetrics (RatisMetrics.java:unregister(43)) - Unregistering Metrics Registry : ratis.server.om1@group-C5BA1605619E
2021-04-28 01:10:00,213 [Listener at 127.0.0.1/36361] INFO  server.GrpcService (GrpcService.java:closeImpl(262)) - om1: shutdown server with port 9872 now
2021-04-28 01:10:00,214 [Listener at 127.0.0.1/36361] INFO  server.GrpcService (GrpcService.java:closeImpl(271)) - om1: shutdown server with port 9872 successfully
2021-04-28 01:10:00,214 [org.apache.ratis.util.JvmPauseMonitor$$Lambda$504/1823345790@393684ae] INFO  util.JvmPauseMonitor (JvmPauseMonitor.java:run(109)) - JvmPauseMonitor-om1: Stopped
2021-04-28 01:10:00,214 [Listener at 127.0.0.1/36361] INFO  ratis.OzoneManagerDoubleBuffer (OzoneManagerDoubleBuffer.java:stop(426)) - Stopping OMDoubleBuffer flush thread
2021-04-28 01:10:00,215 [OMDoubleBufferFlushThread] INFO  ratis.OzoneManagerDoubleBuffer (OzoneManagerDoubleBuffer.java:flushTransactions(353)) - OMDoubleBuffer flush thread OMDoubleBufferFlushThread is interrupted and will exit. OMDoubleBufferFlushThread
2021-04-28 01:10:00,215 [Listener at 127.0.0.1/36361] INFO  ratis.OzoneManagerStateMachine (HadoopExecutors.java:shutdown(118)) - Gracefully shutting down executor service. Waiting max 5 SECONDS
2021-04-28 01:10:00,215 [Listener at 127.0.0.1/36361] INFO  ratis.OzoneManagerStateMachine (HadoopExecutors.java:shutdown(129)) - Succesfully shutdown executor service
2021-04-28 01:10:00,215 [Listener at 127.0.0.1/36361] INFO  ratis.OzoneManagerStateMachine (HadoopExecutors.java:shutdown(118)) - Gracefully shutting down executor service. Waiting max 5 SECONDS
2021-04-28 01:10:00,215 [Listener at 127.0.0.1/36361] INFO  ratis.OzoneManagerStateMachine (HadoopExecutors.java:shutdown(129)) - Succesfully shutdown executor service
2021-04-28 01:10:00,215 [Listener at 127.0.0.1/36361] INFO  utils.BackgroundService (BackgroundService.java:shutdown(132)) - Shutting down service KeyDeletingService
2021-04-28 01:10:00,217 [Listener at 127.0.0.1/36361] INFO  handler.ContextHandler (ContextHandler.java:doStop(1154)) - Stopped o.e.j.w.WebAppContext@503ace68{ozoneManager,/,null,STOPPED}{file:/github/workspace/mnt/ozone/hadoop-ozone/integration-test/target/test-classes/webapps/ozoneManager}
2021-04-28 01:10:00,222 [Listener at 127.0.0.1/36361] INFO  server.AbstractConnector (AbstractConnector.java:doStop(381)) - Stopped ServerConnector@649096dc{HTTP/1.1, (http/1.1)}{0.0.0.0:0}
2021-04-28 01:10:00,222 [Listener at 127.0.0.1/36361] INFO  server.session (HouseKeeper.java:stopScavenging(149)) - node0 Stopped scavenging
2021-04-28 01:10:00,222 [Listener at 127.0.0.1/36361] INFO  handler.ContextHandler (ContextHandler.java:doStop(1154)) - Stopped o.e.j.s.ServletContextHandler@ca7d86b{static,/static,file:///github/workspace/mnt/ozone/hadoop-ozone/integration-test/target/test-classes/webapps/static,STOPPED}
2021-04-28 01:10:00,222 [Listener at 127.0.0.1/36361] INFO  handler.ContextHandler (ContextHandler.java:doStop(1154)) - Stopped o.e.j.s.ServletContextHandler@1cdf8828{logs,/logs,file:///github/workspace/mnt/ozone/hadoop-ozone/integration-test/target/log,STOPPED}
2021-04-28 01:10:00,226 [Listener at 127.0.0.1/36361] INFO  ozone.MiniOzoneClusterImpl (MiniOzoneClusterImpl.java:stopDatanodes(517)) - Stopping the HddsDatanodes
2021-04-28 01:10:00,694 [Datanode State Machine Thread - 0] INFO  statemachine.DatanodeStateMachine (DatanodeStateMachine.java:lambda$startDaemon$0(411)) - Ozone container server started.
2021-04-28 01:10:00,749 [Datanode State Machine Thread - 0] INFO  statemachine.DatanodeStateMachine (DatanodeStateMachine.java:lambda$startDaemon$0(411)) - Ozone container server started.
2021-04-28 01:10:00,949 [f65384a4-a8a4-4787-a0e5-96e28e751202@group-A8230B39765F-FollowerState] INFO  impl.FollowerState (FollowerState.java:run(134)) - f65384a4-a8a4-4787-a0e5-96e28e751202@group-A8230B39765F-FollowerState: change to CANDIDATE, lastRpcElapsedTime:5043495262ns, electionTimeout:5034ms
2021-04-28 01:10:00,949 [f65384a4-a8a4-4787-a0e5-96e28e751202@group-A8230B39765F-FollowerState] INFO  impl.RoleInfo (RoleInfo.java:shutdownFollowerState(108)) - f65384a4-a8a4-4787-a0e5-96e28e751202: shutdown f65384a4-a8a4-4787-a0e5-96e28e751202@group-A8230B39765F-FollowerState
2021-04-28 01:10:00,949 [f65384a4-a8a4-4787-a0e5-96e28e751202@group-A8230B39765F-FollowerState] INFO  server.RaftServer$Division (RaftServerImpl.java:setRole(284)) - f65384a4-a8a4-4787-a0e5-96e28e751202@group-A8230B39765F: changes role from  FOLLOWER to CANDIDATE at term 5 for changeToCandidate
2021-04-28 01:10:00,949 [f65384a4-a8a4-4787-a0e5-96e28e751202@group-A8230B39765F-FollowerState] INFO  server.RaftServerConfigKeys (ConfUtils.java:logGet(44)) - raft.server.leaderelection.pre-vote = false (custom)
2021-04-28 01:10:00,949 [f65384a4-a8a4-4787-a0e5-96e28e751202@group-A8230B39765F-FollowerState] INFO  impl.RoleInfo (RoleInfo.java:updateAndGet(130)) - f65384a4-a8a4-4787-a0e5-96e28e751202: start f65384a4-a8a4-4787-a0e5-96e28e751202@group-A8230B39765F-LeaderElection28
2021-04-28 01:10:00,951 [f65384a4-a8a4-4787-a0e5-96e28e751202@group-A8230B39765F-LeaderElection28] INFO  impl.LeaderElection (LeaderElection.java:askForVotes(306)) - f65384a4-a8a4-4787-a0e5-96e28e751202@group-A8230B39765F-LeaderElection28 ELECTION round 0: submit vote requests at term 6 for 0: [43d3847f-81c3-43e7-b86e-40be164eab80|rpc:172.17.0.2:36611|dataStream:|priority:0, f65384a4-a8a4-4787-a0e5-96e28e751202|rpc:172.17.0.2:43161|dataStream:|priority:1, 42fd2707-1841-40d3-b54b-6f39f935cc38|rpc:172.17.0.2:41223|dataStream:|priority:0], old=null
2021-04-28 01:10:00,957 [grpc-default-executor-4] INFO  server.RaftServer$Division (RaftServerImpl.java:requestVote(1042)) - 43d3847f-81c3-43e7-b86e-40be164eab80@group-A8230B39765F: receive requestVote(ELECTION, f65384a4-a8a4-4787-a0e5-96e28e751202, group-A8230B39765F, 6, (t:2, i:0))
2021-04-28 01:10:00,958 [grpc-default-executor-4] INFO  impl.VoteContext (VoteContext.java:log(48)) - 43d3847f-81c3-43e7-b86e-40be164eab80@group-A8230B39765F-FOLLOWER: accept ELECTION from f65384a4-a8a4-4787-a0e5-96e28e751202: our last entry null < candidate's last entry (t:2, i:0)
2021-04-28 01:10:00,958 [grpc-default-executor-4] INFO  server.RaftServer$Division (RaftServerImpl.java:setRole(284)) - 43d3847f-81c3-43e7-b86e-40be164eab80@group-A8230B39765F: changes role from  FOLLOWER to FOLLOWER at term 6 for candidate:f65384a4-a8a4-4787-a0e5-96e28e751202
2021-04-28 01:10:00,958 [grpc-default-executor-4] INFO  impl.RoleInfo (RoleInfo.java:shutdownFollowerState(108)) - 43d3847f-81c3-43e7-b86e-40be164eab80: shutdown 43d3847f-81c3-43e7-b86e-40be164eab80@group-A8230B39765F-FollowerState
2021-04-28 01:10:00,958 [grpc-default-executor-4] INFO  impl.RoleInfo (RoleInfo.java:updateAndGet(130)) - 43d3847f-81c3-43e7-b86e-40be164eab80: start 43d3847f-81c3-43e7-b86e-40be164eab80@group-A8230B39765F-FollowerState
2021-04-28 01:10:00,958 [grpc-default-executor-1] INFO  server.RaftServer$Division (RaftServerImpl.java:requestVote(1042)) - 42fd2707-1841-40d3-b54b-6f39f935cc38@group-A8230B39765F: receive requestVote(ELECTION, f65384a4-a8a4-4787-a0e5-96e28e751202, group-A8230B39765F, 6, (t:2, i:0))
2021-04-28 01:10:00,958 [grpc-default-executor-1] INFO  impl.VoteContext (VoteContext.java:log(48)) - 42fd2707-1841-40d3-b54b-6f39f935cc38@group-A8230B39765F-FOLLOWER: accept ELECTION from f65384a4-a8a4-4787-a0e5-96e28e751202: our last entry null < candidate's last entry (t:2, i:0)
2021-04-28 01:10:00,958 [grpc-default-executor-1] INFO  server.RaftServer$Division (RaftServerImpl.java:setRole(284)) - 42fd2707-1841-40d3-b54b-6f39f935cc38@group-A8230B39765F: changes role from  FOLLOWER to FOLLOWER at term 6 for candidate:f65384a4-a8a4-4787-a0e5-96e28e751202
2021-04-28 01:10:00,958 [grpc-default-executor-1] INFO  impl.RoleInfo (RoleInfo.java:shutdownFollowerState(108)) - 42fd2707-1841-40d3-b54b-6f39f935cc38: shutdown 42fd2707-1841-40d3-b54b-6f39f935cc38@group-A8230B39765F-FollowerState
2021-04-28 01:10:00,958 [43d3847f-81c3-43e7-b86e-40be164eab80@group-A8230B39765F-FollowerState] INFO  impl.FollowerState (FollowerState.java:run(143)) - 43d3847f-81c3-43e7-b86e-40be164eab80@group-A8230B39765F-FollowerState was interrupted: {}
java.lang.InterruptedException: sleep interrupted
	at java.lang.Thread.sleep(Native Method)
	at java.lang.Thread.sleep(Thread.java:340)
	at java.util.concurrent.TimeUnit.sleep(TimeUnit.java:386)
	at org.apache.ratis.util.TimeDuration.sleep(TimeDuration.java:324)
	at org.apache.ratis.util.TimeDuration.sleep(TimeDuration.java:309)
	at org.apache.ratis.server.impl.FollowerState.run(FollowerState.java:118)
2021-04-28 01:10:00,959 [grpc-default-executor-1] INFO  impl.RoleInfo (RoleInfo.java:updateAndGet(130)) - 42fd2707-1841-40d3-b54b-6f39f935cc38: start 42fd2707-1841-40d3-b54b-6f39f935cc38@group-A8230B39765F-FollowerState
2021-04-28 01:10:00,959 [42fd2707-1841-40d3-b54b-6f39f935cc38@group-A8230B39765F-FollowerState] INFO  impl.FollowerState (FollowerState.java:run(143)) - 42fd2707-1841-40d3-b54b-6f39f935cc38@group-A8230B39765F-FollowerState was interrupted: {}
java.lang.InterruptedException: sleep interrupted
	at java.lang.Thread.sleep(Native Method)
	at java.lang.Thread.sleep(Thread.java:340)
	at java.util.concurrent.TimeUnit.sleep(TimeUnit.java:386)
	at org.apache.ratis.util.TimeDuration.sleep(TimeDuration.java:324)
	at org.apache.ratis.util.TimeDuration.sleep(TimeDuration.java:309)
	at org.apache.ratis.server.impl.FollowerState.run(FollowerState.java:118)
2021-04-28 01:10:00,960 [grpc-default-executor-4] INFO  server.RaftServer$Division (RaftServerImpl.java:requestVote(1074)) - 43d3847f-81c3-43e7-b86e-40be164eab80@group-A8230B39765F replies to ELECTION vote request: f65384a4-a8a4-4787-a0e5-96e28e751202<-43d3847f-81c3-43e7-b86e-40be164eab80#0:OK-t6. Peer's state: 43d3847f-81c3-43e7-b86e-40be164eab80@group-A8230B39765F:t6, leader=null, voted=f65384a4-a8a4-4787-a0e5-96e28e751202, raftlog=43d3847f-81c3-43e7-b86e-40be164eab80@group-A8230B39765F-SegmentedRaftLog:OPENED:c-1,f-1,i0, conf=-1: [43d3847f-81c3-43e7-b86e-40be164eab80|rpc:172.17.0.2:36611|priority:0, f65384a4-a8a4-4787-a0e5-96e28e751202|rpc:172.17.0.2:43161|priority:1, 42fd2707-1841-40d3-b54b-6f39f935cc38|rpc:172.17.0.2:41223|priority:0], old=null
2021-04-28 01:10:00,961 [grpc-default-executor-1] INFO  server.RaftServer$Division (RaftServerImpl.java:requestVote(1074)) - 42fd2707-1841-40d3-b54b-6f39f935cc38@group-A8230B39765F replies to ELECTION vote request: f65384a4-a8a4-4787-a0e5-96e28e751202<-42fd2707-1841-40d3-b54b-6f39f935cc38#0:OK-t6. Peer's state: 42fd2707-1841-40d3-b54b-6f39f935cc38@group-A8230B39765F:t6, leader=null, voted=f65384a4-a8a4-4787-a0e5-96e28e751202, raftlog=42fd2707-1841-40d3-b54b-6f39f935cc38@group-A8230B39765F-SegmentedRaftLog:OPENED:c-1,f-1,i0, conf=-1: [43d3847f-81c3-43e7-b86e-40be164eab80|rpc:172.17.0.2:36611|dataStream:|priority:0, f65384a4-a8a4-4787-a0e5-96e28e751202|rpc:172.17.0.2:43161|dataStream:|priority:1, 42fd2707-1841-40d3-b54b-6f39f935cc38|rpc:172.17.0.2:41223|dataStream:|priority:0], old=null
2021-04-28 01:10:00,963 [f65384a4-a8a4-4787-a0e5-96e28e751202@group-A8230B39765F-LeaderElection28] INFO  impl.LeaderElection (LeaderElection.java:logAndReturn(89)) - f65384a4-a8a4-4787-a0e5-96e28e751202@group-A8230B39765F-LeaderElection28: ELECTION PASSED received 1 response(s) and 0 exception(s):
2021-04-28 01:10:00,963 [f65384a4-a8a4-4787-a0e5-96e28e751202@group-A8230B39765F-LeaderElection28] INFO  impl.LeaderElection (LeaderElection.java:logAndReturn(93)) -   Response 0: f65384a4-a8a4-4787-a0e5-96e28e751202<-43d3847f-81c3-43e7-b86e-40be164eab80#0:OK-t6
2021-04-28 01:10:00,963 [f65384a4-a8a4-4787-a0e5-96e28e751202@group-A8230B39765F-LeaderElection28] INFO  impl.LeaderElection (LeaderElection.java:askForVotes(308)) - f65384a4-a8a4-4787-a0e5-96e28e751202@group-A8230B39765F-LeaderElection28 ELECTION round 0: result PASSED
2021-04-28 01:10:00,963 [f65384a4-a8a4-4787-a0e5-96e28e751202@group-A8230B39765F-LeaderElection28] INFO  impl.RoleInfo (RoleInfo.java:shutdownLeaderElection(121)) - f65384a4-a8a4-4787-a0e5-96e28e751202: shutdown f65384a4-a8a4-4787-a0e5-96e28e751202@group-A8230B39765F-LeaderElection28
2021-04-28 01:10:00,963 [f65384a4-a8a4-4787-a0e5-96e28e751202@group-A8230B39765F-LeaderElection28] INFO  server.RaftServer$Division (RaftServerImpl.java:setRole(284)) - f65384a4-a8a4-4787-a0e5-96e28e751202@group-A8230B39765F: changes role from CANDIDATE to LEADER at term 6 for changeToLeader
2021-04-28 01:10:00,963 [f65384a4-a8a4-4787-a0e5-96e28e751202@group-A8230B39765F-LeaderElection28] INFO  ratis.XceiverServerRatis (XceiverServerRatis.java:handleLeaderChangedNotification(906)) - Leader change notification received for group: group-A8230B39765F with new leaderId: f65384a4-a8a4-4787-a0e5-96e28e751202
2021-04-28 01:10:00,963 [f65384a4-a8a4-4787-a0e5-96e28e751202@group-A8230B39765F-LeaderElection28] INFO  server.RaftServer$Division (ServerState.java:setLeader(271)) - f65384a4-a8a4-4787-a0e5-96e28e751202@group-A8230B39765F: change Leader from null to f65384a4-a8a4-4787-a0e5-96e28e751202 at term 6 for becomeLeader, leader elected after 15147ms
2021-04-28 01:10:00,963 [f65384a4-a8a4-4787-a0e5-96e28e751202@group-A8230B39765F-LeaderElection28] INFO  server.RaftServerConfigKeys (ConfUtils.java:logGet(44)) - raft.server.staging.catchup.gap = 1000 (default)
2021-04-28 01:10:00,963 [f65384a4-a8a4-4787-a0e5-96e28e751202@group-A8230B39765F-LeaderElection28] INFO  metrics.RatisMetrics (RatisMetrics.java:lambda$create$0(36)) - Creating Metrics Registry : ratis.log_appender.f65384a4-a8a4-4787-a0e5-96e28e751202@group-A8230B39765F
2021-04-28 01:10:00,964 [f65384a4-a8a4-4787-a0e5-96e28e751202@group-A8230B39765F-LeaderElection28] INFO  server.RaftServerConfigKeys (ConfUtils.java:logGet(44)) - raft.server.write.element-limit = 1024 (custom)
2021-04-28 01:10:00,964 [f65384a4-a8a4-4787-a0e5-96e28e751202@group-A8230B39765F-LeaderElection28] INFO  server.RaftServerConfigKeys (ConfUtils.java:logGet(44)) - raft.server.write.byte-limit = 1073741824 (custom)
2021-04-28 01:10:00,964 [f65384a4-a8a4-4787-a0e5-96e28e751202@group-A8230B39765F-LeaderElection28] INFO  server.RaftServerConfigKeys (ConfUtils.java:logGet(44)) - raft.server.watch.timeout = 3000ms (custom)
2021-04-28 01:10:00,964 [f65384a4-a8a4-4787-a0e5-96e28e751202@group-A8230B39765F-LeaderElection28] INFO  server.RaftServerConfigKeys (ConfUtils.java:logGet(44)) - raft.server.watch.timeout.denomination = 1s (default)
2021-04-28 01:10:00,964 [f65384a4-a8a4-4787-a0e5-96e28e751202@group-A8230B39765F-LeaderElection28] INFO  server.RaftServerConfigKeys (ConfUtils.java:logGet(44)) - raft.server.watch.element-limit = 65536 (default)
2021-04-28 01:10:00,964 [f65384a4-a8a4-4787-a0e5-96e28e751202@group-A8230B39765F-LeaderElection28] INFO  server.RaftServerConfigKeys (ConfUtils.java:logGet(44)) - raft.server.log.appender.snapshot.chunk.size.max = 16MB (=16777216) (default)
2021-04-28 01:10:00,964 [f65384a4-a8a4-4787-a0e5-96e28e751202@group-A8230B39765F-LeaderElection28] INFO  server.RaftServerConfigKeys (ConfUtils.java:logGet(44)) - raft.server.log.appender.buffer.byte-limit = 33554432 (custom)
2021-04-28 01:10:00,964 [f65384a4-a8a4-4787-a0e5-96e28e751202@group-A8230B39765F-LeaderElection28] INFO  server.RaftServerConfigKeys (ConfUtils.java:logGet(44)) - raft.server.log.appender.buffer.element-limit = 1 (custom)
2021-04-28 01:10:00,964 [f65384a4-a8a4-4787-a0e5-96e28e751202@group-A8230B39765F-LeaderElection28] INFO  grpc.GrpcConfigKeys (ConfUtils.java:logGet(44)) - raft.grpc.server.leader.outstanding.appends.max = 128 (default)
2021-04-28 01:10:00,965 [f65384a4-a8a4-4787-a0e5-96e28e751202@group-A8230B39765F-LeaderElection28] INFO  server.RaftServerConfigKeys (ConfUtils.java:logGet(44)) - raft.server.rpc.request.timeout = 3000ms (default)
2021-04-28 01:10:00,965 [f65384a4-a8a4-4787-a0e5-96e28e751202@group-A8230B39765F-LeaderElection28] INFO  server.RaftServerConfigKeys (ConfUtils.java:logGet(44)) - raft.server.log.appender.install.snapshot.enabled = false (custom)
2021-04-28 01:10:00,965 [f65384a4-a8a4-4787-a0e5-96e28e751202@group-A8230B39765F-LeaderElection28] INFO  metrics.RatisMetrics (RatisMetrics.java:lambda$create$0(36)) - Creating Metrics Registry : ratis_grpc.log_appender.f65384a4-a8a4-4787-a0e5-96e28e751202@group-A8230B39765F
2021-04-28 01:10:00,965 [f65384a4-a8a4-4787-a0e5-96e28e751202@group-A8230B39765F-LeaderElection28] INFO  server.RaftServerConfigKeys (ConfUtils.java:logGet(44)) - raft.server.log.appender.snapshot.chunk.size.max = 16MB (=16777216) (default)
2021-04-28 01:10:00,965 [f65384a4-a8a4-4787-a0e5-96e28e751202@group-A8230B39765F-LeaderElection28] INFO  server.RaftServerConfigKeys (ConfUtils.java:logGet(44)) - raft.server.log.appender.buffer.byte-limit = 33554432 (custom)
2021-04-28 01:10:00,965 [f65384a4-a8a4-4787-a0e5-96e28e751202@group-A8230B39765F-LeaderElection28] INFO  server.RaftServerConfigKeys (ConfUtils.java:logGet(44)) - raft.server.log.appender.buffer.element-limit = 1 (custom)
2021-04-28 01:10:00,965 [f65384a4-a8a4-4787-a0e5-96e28e751202@group-A8230B39765F-LeaderElection28] INFO  grpc.GrpcConfigKeys (ConfUtils.java:logGet(44)) - raft.grpc.server.leader.outstanding.appends.max = 128 (default)
2021-04-28 01:10:00,965 [f65384a4-a8a4-4787-a0e5-96e28e751202@group-A8230B39765F-LeaderElection28] INFO  server.RaftServerConfigKeys (ConfUtils.java:logGet(44)) - raft.server.rpc.request.timeout = 3000ms (default)
2021-04-28 01:10:00,966 [f65384a4-a8a4-4787-a0e5-96e28e751202@group-A8230B39765F-LeaderElection28] INFO  server.RaftServerConfigKeys (ConfUtils.java:logGet(44)) - raft.server.log.appender.install.snapshot.enabled = false (custom)
2021-04-28 01:10:00,966 [f65384a4-a8a4-4787-a0e5-96e28e751202@group-A8230B39765F-LeaderElection28] INFO  impl.RoleInfo (RoleInfo.java:updateAndGet(130)) - f65384a4-a8a4-4787-a0e5-96e28e751202: start f65384a4-a8a4-4787-a0e5-96e28e751202@group-A8230B39765F-LeaderStateImpl
2021-04-28 01:10:00,966 [f65384a4-a8a4-4787-a0e5-96e28e751202@group-A8230B39765F-LeaderElection28] INFO  segmented.SegmentedRaftLogWorker (SegmentedRaftLogWorker.java:rollLogSegment(399)) - f65384a4-a8a4-4787-a0e5-96e28e751202@group-A8230B39765F-SegmentedRaftLogWorker: Rolling segment log-0_0 to index:0
2021-04-28 01:10:00,968 [f65384a4-a8a4-4787-a0e5-96e28e751202@group-A8230B39765F-SegmentedRaftLogWorker] INFO  segmented.SegmentedRaftLogWorker (SegmentedRaftLogWorker.java:execute(558)) - f65384a4-a8a4-4787-a0e5-96e28e751202@group-A8230B39765F-SegmentedRaftLogWorker: Rolled log segment from /github/workspace/mnt/ozone/hadoop-ozone/integration-test/target/test-dir/MiniOzoneClusterImpl-d7076e4a-bb1a-46d0-b0f9-1975ab90d2da/datanode-1/data/ratis/ec4b5416-ebc2-40d3-845e-a8230b39765f/current/log_inprogress_0 to /github/workspace/mnt/ozone/hadoop-ozone/integration-test/target/test-dir/MiniOzoneClusterImpl-d7076e4a-bb1a-46d0-b0f9-1975ab90d2da/datanode-1/data/ratis/ec4b5416-ebc2-40d3-845e-a8230b39765f/current/log_0-0
2021-04-28 01:10:00,969 [f65384a4-a8a4-4787-a0e5-96e28e751202@group-A8230B39765F-SegmentedRaftLogWorker] INFO  segmented.SegmentedRaftLogWorker (SegmentedRaftLogWorker.java:execute(601)) - f65384a4-a8a4-4787-a0e5-96e28e751202@group-A8230B39765F-SegmentedRaftLogWorker: created new log segment /github/workspace/mnt/ozone/hadoop-ozone/integration-test/target/test-dir/MiniOzoneClusterImpl-d7076e4a-bb1a-46d0-b0f9-1975ab90d2da/datanode-1/data/ratis/ec4b5416-ebc2-40d3-845e-a8230b39765f/current/log_inprogress_1
2021-04-28 01:10:00,971 [grpc-default-executor-1] INFO  ratis.XceiverServerRatis (XceiverServerRatis.java:handleLeaderChangedNotification(906)) - Leader change notification received for group: group-A8230B39765F with new leaderId: f65384a4-a8a4-4787-a0e5-96e28e751202
2021-04-28 01:10:00,971 [grpc-default-executor-1] INFO  server.RaftServer$Division (ServerState.java:setLeader(271)) - 43d3847f-81c3-43e7-b86e-40be164eab80@group-A8230B39765F: change Leader from null to f65384a4-a8a4-4787-a0e5-96e28e751202 at term 6 for appendEntries, leader elected after 25559ms
2021-04-28 01:10:00,971 [grpc-default-executor-1] INFO  server.RaftServer$Division (RaftServerImpl.java:checkInconsistentAppendEntries(1318)) - 43d3847f-81c3-43e7-b86e-40be164eab80@group-A8230B39765F: Failed appendEntries as previous log entry ((t:2, i:0)) is not found
2021-04-28 01:10:00,971 [grpc-default-executor-1] INFO  server.RaftServer$Division (RaftServerImpl.java:checkInconsistentAppendEntries(1284)) - 43d3847f-81c3-43e7-b86e-40be164eab80@group-A8230B39765F: inconsistency entries. Reply:f65384a4-a8a4-4787-a0e5-96e28e751202<-43d3847f-81c3-43e7-b86e-40be164eab80#0:FAIL-t6,INCONSISTENCY,nextIndex=0,followerCommit=-1
2021-04-28 01:10:00,973 [grpc-default-executor-4] INFO  server.RaftServer$Division (RaftServerImpl.java:checkInconsistentAppendEntries(1318)) - 43d3847f-81c3-43e7-b86e-40be164eab80@group-A8230B39765F: Failed appendEntries as previous log entry ((t:2, i:0)) is not found
2021-04-28 01:10:00,973 [grpc-default-executor-4] INFO  server.RaftServer$Division (RaftServerImpl.java:checkInconsistentAppendEntries(1284)) - 43d3847f-81c3-43e7-b86e-40be164eab80@group-A8230B39765F: inconsistency entries. Reply:f65384a4-a8a4-4787-a0e5-96e28e751202<-43d3847f-81c3-43e7-b86e-40be164eab80#1:FAIL-t6,INCONSISTENCY,nextIndex=0,followerCommit=-1
2021-04-28 01:10:00,979 [grpc-default-executor-1] INFO  leader.FollowerInfo (FollowerInfoImpl.java:lambda$new$0(46)) - f65384a4-a8a4-4787-a0e5-96e28e751202@group-A8230B39765F->43d3847f-81c3-43e7-b86e-40be164eab80: nextIndex: updateUnconditionally 2 -> 0
2021-04-28 01:10:00,980 [f65384a4-a8a4-4787-a0e5-96e28e751202@group-A8230B39765F-LeaderElection28] INFO  server.RaftServer$Division (ServerState.java:setRaftConf(373)) - f65384a4-a8a4-4787-a0e5-96e28e751202@group-A8230B39765F: set configuration 1: [43d3847f-81c3-43e7-b86e-40be164eab80|rpc:172.17.0.2:36611|dataStream:|priority:0, f65384a4-a8a4-4787-a0e5-96e28e751202|rpc:172.17.0.2:43161|dataStream:|priority:1, 42fd2707-1841-40d3-b54b-6f39f935cc38|rpc:172.17.0.2:41223|dataStream:|priority:0], old=null
2021-04-28 01:10:00,980 [grpc-default-executor-4] INFO  leader.FollowerInfo (FollowerInfoImpl.java:lambda$new$0(46)) - f65384a4-a8a4-4787-a0e5-96e28e751202@group-A8230B39765F->43d3847f-81c3-43e7-b86e-40be164eab80: nextIndex: updateUnconditionally 0 -> 0
2021-04-28 01:10:00,982 [grpc-default-executor-1] INFO  server.RaftServer$Division (ServerState.java:setRaftConf(373)) - 43d3847f-81c3-43e7-b86e-40be164eab80@group-A8230B39765F: set configuration 0: [43d3847f-81c3-43e7-b86e-40be164eab80|rpc:172.17.0.2:36611|dataStream:|priority:0, f65384a4-a8a4-4787-a0e5-96e28e751202|rpc:172.17.0.2:43161|dataStream:|priority:1, 42fd2707-1841-40d3-b54b-6f39f935cc38|rpc:172.17.0.2:41223|dataStream:|priority:0], old=null
2021-04-28 01:10:00,982 [grpc-default-executor-1] INFO  segmented.SegmentedRaftLogWorker (SegmentedRaftLogWorker.java:startLogSegment(394)) - 43d3847f-81c3-43e7-b86e-40be164eab80@group-A8230B39765F-SegmentedRaftLogWorker: Starting segment from index:0
2021-04-28 01:10:00,983 [grpc-default-executor-1] INFO  server.RaftServer$Division (ServerState.java:setRaftConf(373)) - 43d3847f-81c3-43e7-b86e-40be164eab80@group-A8230B39765F: set configuration 1: [43d3847f-81c3-43e7-b86e-40be164eab80|rpc:172.17.0.2:36611|dataStream:|priority:0, f65384a4-a8a4-4787-a0e5-96e28e751202|rpc:172.17.0.2:43161|dataStream:|priority:1, 42fd2707-1841-40d3-b54b-6f39f935cc38|rpc:172.17.0.2:41223|dataStream:|priority:0], old=null
2021-04-28 01:10:00,984 [grpc-default-executor-1] INFO  segmented.SegmentedRaftLogWorker (SegmentedRaftLogWorker.java:rollLogSegment(399)) - 43d3847f-81c3-43e7-b86e-40be164eab80@group-A8230B39765F-SegmentedRaftLogWorker: Rolling segment log-0_0 to index:0
2021-04-28 01:10:00,985 [grpc-default-executor-1] INFO  ratis.XceiverServerRatis (XceiverServerRatis.java:handleLeaderChangedNotification(906)) - Leader change notification received for group: group-A8230B39765F with new leaderId: f65384a4-a8a4-4787-a0e5-96e28e751202
2021-04-28 01:10:00,985 [grpc-default-executor-1] INFO  server.RaftServer$Division (ServerState.java:setLeader(271)) - 42fd2707-1841-40d3-b54b-6f39f935cc38@group-A8230B39765F: change Leader from null to f65384a4-a8a4-4787-a0e5-96e28e751202 at term 6 for appendEntries, leader elected after 24980ms
2021-04-28 01:10:00,985 [grpc-default-executor-1] INFO  server.RaftServer$Division (RaftServerImpl.java:checkInconsistentAppendEntries(1318)) - 42fd2707-1841-40d3-b54b-6f39f935cc38@group-A8230B39765F: Failed appendEntries as previous log entry ((t:2, i:0)) is not found
2021-04-28 01:10:00,985 [grpc-default-executor-1] INFO  server.RaftServer$Division (RaftServerImpl.java:checkInconsistentAppendEntries(1284)) - 42fd2707-1841-40d3-b54b-6f39f935cc38@group-A8230B39765F: inconsistency entries. Reply:f65384a4-a8a4-4787-a0e5-96e28e751202<-42fd2707-1841-40d3-b54b-6f39f935cc38#0:FAIL-t6,INCONSISTENCY,nextIndex=0,followerCommit=-1
2021-04-28 01:10:00,985 [43d3847f-81c3-43e7-b86e-40be164eab80@group-A8230B39765F-SegmentedRaftLogWorker] INFO  segmented.SegmentedRaftLogWorker (SegmentedRaftLogWorker.java:execute(601)) - 43d3847f-81c3-43e7-b86e-40be164eab80@group-A8230B39765F-SegmentedRaftLogWorker: created new log segment /github/workspace/mnt/ozone/hadoop-ozone/integration-test/target/test-dir/MiniOzoneClusterImpl-d7076e4a-bb1a-46d0-b0f9-1975ab90d2da/datanode-0/data/ratis/ec4b5416-ebc2-40d3-845e-a8230b39765f/current/log_inprogress_0
2021-04-28 01:10:00,987 [grpc-default-executor-4] INFO  server.RaftServer$Division (RaftServerImpl.java:checkInconsistentAppendEntries(1318)) - 42fd2707-1841-40d3-b54b-6f39f935cc38@group-A8230B39765F: Failed appendEntries as previous log entry ((t:2, i:0)) is not found
2021-04-28 01:10:00,987 [grpc-default-executor-4] INFO  server.RaftServer$Division (RaftServerImpl.java:checkInconsistentAppendEntries(1284)) - 42fd2707-1841-40d3-b54b-6f39f935cc38@group-A8230B39765F: inconsistency entries. Reply:f65384a4-a8a4-4787-a0e5-96e28e751202<-42fd2707-1841-40d3-b54b-6f39f935cc38#1:FAIL-t6,INCONSISTENCY,nextIndex=0,followerCommit=-1
2021-04-28 01:10:00,993 [grpc-default-executor-1] INFO  leader.FollowerInfo (FollowerInfoImpl.java:lambda$new$0(46)) - f65384a4-a8a4-4787-a0e5-96e28e751202@group-A8230B39765F->42fd2707-1841-40d3-b54b-6f39f935cc38: nextIndex: updateUnconditionally 2 -> 0
2021-04-28 01:10:00,993 [43d3847f-81c3-43e7-b86e-40be164eab80@group-A8230B39765F-SegmentedRaftLogWorker] INFO  segmented.SegmentedRaftLogWorker (SegmentedRaftLogWorker.java:execute(558)) - 43d3847f-81c3-43e7-b86e-40be164eab80@group-A8230B39765F-SegmentedRaftLogWorker: Rolled log segment from /github/workspace/mnt/ozone/hadoop-ozone/integration-test/target/test-dir/MiniOzoneClusterImpl-d7076e4a-bb1a-46d0-b0f9-1975ab90d2da/datanode-0/data/ratis/ec4b5416-ebc2-40d3-845e-a8230b39765f/current/log_inprogress_0 to /github/workspace/mnt/ozone/hadoop-ozone/integration-test/target/test-dir/MiniOzoneClusterImpl-d7076e4a-bb1a-46d0-b0f9-1975ab90d2da/datanode-0/data/ratis/ec4b5416-ebc2-40d3-845e-a8230b39765f/current/log_0-0
2021-04-28 01:10:00,993 [grpc-default-executor-4] INFO  leader.FollowerInfo (FollowerInfoImpl.java:lambda$new$0(46)) - f65384a4-a8a4-4787-a0e5-96e28e751202@group-A8230B39765F->42fd2707-1841-40d3-b54b-6f39f935cc38: nextIndex: updateUnconditionally 0 -> 0
2021-04-28 01:10:00,998 [grpc-default-executor-4] INFO  server.RaftServer$Division (ServerState.java:setRaftConf(373)) - 42fd2707-1841-40d3-b54b-6f39f935cc38@group-A8230B39765F: set configuration 0: [43d3847f-81c3-43e7-b86e-40be164eab80|rpc:172.17.0.2:36611|dataStream:|priority:0, f65384a4-a8a4-4787-a0e5-96e28e751202|rpc:172.17.0.2:43161|dataStream:|priority:1, 42fd2707-1841-40d3-b54b-6f39f935cc38|rpc:172.17.0.2:41223|dataStream:|priority:0], old=null
2021-04-28 01:10:00,998 [grpc-default-executor-4] INFO  segmented.SegmentedRaftLogWorker (SegmentedRaftLogWorker.java:startLogSegment(394)) - 42fd2707-1841-40d3-b54b-6f39f935cc38@group-A8230B39765F-SegmentedRaftLogWorker: Starting segment from index:0
2021-04-28 01:10:00,999 [grpc-default-executor-4] INFO  server.RaftServer$Division (ServerState.java:setRaftConf(373)) - 42fd2707-1841-40d3-b54b-6f39f935cc38@group-A8230B39765F: set configuration 1: [43d3847f-81c3-43e7-b86e-40be164eab80|rpc:172.17.0.2:36611|dataStream:|priority:0, f65384a4-a8a4-4787-a0e5-96e28e751202|rpc:172.17.0.2:43161|dataStream:|priority:1, 42fd2707-1841-40d3-b54b-6f39f935cc38|rpc:172.17.0.2:41223|dataStream:|priority:0], old=null
2021-04-28 01:10:00,999 [grpc-default-executor-4] INFO  segmented.SegmentedRaftLogWorker (SegmentedRaftLogWorker.java:rollLogSegment(399)) - 42fd2707-1841-40d3-b54b-6f39f935cc38@group-A8230B39765F-SegmentedRaftLogWorker: Rolling segment log-0_0 to index:0
2021-04-28 01:10:01,004 [43d3847f-81c3-43e7-b86e-40be164eab80@group-A8230B39765F-SegmentedRaftLogWorker] INFO  segmented.SegmentedRaftLogWorker (SegmentedRaftLogWorker.java:execute(601)) - 43d3847f-81c3-43e7-b86e-40be164eab80@group-A8230B39765F-SegmentedRaftLogWorker: created new log segment /github/workspace/mnt/ozone/hadoop-ozone/integration-test/target/test-dir/MiniOzoneClusterImpl-d7076e4a-bb1a-46d0-b0f9-1975ab90d2da/datanode-0/data/ratis/ec4b5416-ebc2-40d3-845e-a8230b39765f/current/log_inprogress_1
2021-04-28 01:10:01,005 [42fd2707-1841-40d3-b54b-6f39f935cc38@group-A8230B39765F-SegmentedRaftLogWorker] INFO  segmented.SegmentedRaftLogWorker (SegmentedRaftLogWorker.java:execute(601)) - 42fd2707-1841-40d3-b54b-6f39f935cc38@group-A8230B39765F-SegmentedRaftLogWorker: created new log segment /github/workspace/mnt/ozone/hadoop-ozone/integration-test/target/test-dir/MiniOzoneClusterImpl-d7076e4a-bb1a-46d0-b0f9-1975ab90d2da/datanode-2/data/ratis/ec4b5416-ebc2-40d3-845e-a8230b39765f/current/log_inprogress_0
2021-04-28 01:10:01,014 [42fd2707-1841-40d3-b54b-6f39f935cc38@group-A8230B39765F-SegmentedRaftLogWorker] INFO  segmented.SegmentedRaftLogWorker (SegmentedRaftLogWorker.java:execute(558)) - 42fd2707-1841-40d3-b54b-6f39f935cc38@group-A8230B39765F-SegmentedRaftLogWorker: Rolled log segment from /github/workspace/mnt/ozone/hadoop-ozone/integration-test/target/test-dir/MiniOzoneClusterImpl-d7076e4a-bb1a-46d0-b0f9-1975ab90d2da/datanode-2/data/ratis/ec4b5416-ebc2-40d3-845e-a8230b39765f/current/log_inprogress_0 to /github/workspace/mnt/ozone/hadoop-ozone/integration-test/target/test-dir/MiniOzoneClusterImpl-d7076e4a-bb1a-46d0-b0f9-1975ab90d2da/datanode-2/data/ratis/ec4b5416-ebc2-40d3-845e-a8230b39765f/current/log_0-0
2021-04-28 01:10:01,015 [42fd2707-1841-40d3-b54b-6f39f935cc38@group-A8230B39765F-SegmentedRaftLogWorker] INFO  segmented.SegmentedRaftLogWorker (SegmentedRaftLogWorker.java:execute(601)) - 42fd2707-1841-40d3-b54b-6f39f935cc38@group-A8230B39765F-SegmentedRaftLogWorker: created new log segment /github/workspace/mnt/ozone/hadoop-ozone/integration-test/target/test-dir/MiniOzoneClusterImpl-d7076e4a-bb1a-46d0-b0f9-1975ab90d2da/datanode-2/data/ratis/ec4b5416-ebc2-40d3-845e-a8230b39765f/current/log_inprogress_1
2021-04-28 01:10:05,227 [Listener at 127.0.0.1/36361] INFO  ozoneimpl.OzoneContainer (OzoneContainer.java:stop(313)) - Attempting to stop container services.
2021-04-28 01:10:05,227 [ForkJoinPool.commonPool-worker-1] INFO  ozoneimpl.OzoneContainer (OzoneContainer.java:stop(313)) - Attempting to stop container services.
2021-04-28 01:10:05,228 [ForkJoinPool.commonPool-worker-1] INFO  server.RaftServer (RaftServerProxy.java:lambda$close$6(391)) - f65384a4-a8a4-4787-a0e5-96e28e751202: close
2021-04-28 01:10:05,228 [ForkJoinPool.commonPool-worker-1] INFO  server.RaftServer$Division (RaftServerImpl.java:lambda$close$4(406)) - f65384a4-a8a4-4787-a0e5-96e28e751202@group-42B4E16AA8FA: shutdown
2021-04-28 01:10:05,229 [ForkJoinPool.commonPool-worker-1] INFO  util.JmxRegister (JmxRegister.java:unregister(73)) - Successfully un-registered JMX Bean with object name Ratis:service=RaftServer,group=group-42B4E16AA8FA,id=f65384a4-a8a4-4787-a0e5-96e28e751202
2021-04-28 01:10:05,229 [ForkJoinPool.commonPool-worker-1] INFO  impl.RoleInfo (RoleInfo.java:shutdownLeaderState(91)) - f65384a4-a8a4-4787-a0e5-96e28e751202: shutdown f65384a4-a8a4-4787-a0e5-96e28e751202@group-42B4E16AA8FA-LeaderStateImpl
2021-04-28 01:10:05,229 [Listener at 127.0.0.1/36361] INFO  server.RaftServer (RaftServerProxy.java:lambda$close$6(391)) - c9444e84-7d1e-434a-8350-34c756d48665: close
2021-04-28 01:10:05,229 [Listener at 127.0.0.1/36361] INFO  server.RaftServer$Division (RaftServerImpl.java:lambda$close$4(406)) - c9444e84-7d1e-434a-8350-34c756d48665@group-01B766403D27: shutdown
2021-04-28 01:10:05,229 [Listener at 127.0.0.1/36361] INFO  util.JmxRegister (JmxRegister.java:unregister(73)) - Successfully un-registered JMX Bean with object name Ratis:service=RaftServer,group=group-01B766403D27,id=c9444e84-7d1e-434a-8350-34c756d48665
2021-04-28 01:10:05,229 [Listener at 127.0.0.1/36361] INFO  impl.RoleInfo (RoleInfo.java:shutdownLeaderState(91)) - c9444e84-7d1e-434a-8350-34c756d48665: shutdown c9444e84-7d1e-434a-8350-34c756d48665@group-01B766403D27-LeaderStateImpl
2021-04-28 01:10:05,229 [Listener at 127.0.0.1/36361] INFO  metrics.RatisMetrics (RatisMetrics.java:unregister(43)) - Unregistering Metrics Registry : ratis_grpc.log_appender.c9444e84-7d1e-434a-8350-34c756d48665@group-01B766403D27
2021-04-28 01:10:05,230 [Listener at 127.0.0.1/36361] INFO  metrics.RatisMetrics (RatisMetrics.java:unregister(43)) - Unregistering Metrics Registry : ratis_grpc.log_appender.c9444e84-7d1e-434a-8350-34c756d48665@group-01B766403D27
2021-04-28 01:10:05,230 [Listener at 127.0.0.1/36361] INFO  impl.PendingRequests (PendingRequests.java:sendNotLeaderResponses(249)) - c9444e84-7d1e-434a-8350-34c756d48665@group-01B766403D27-PendingRequests: sendNotLeaderResponses
2021-04-28 01:10:05,230 [c9444e84-7d1e-434a-8350-34c756d48665@group-01B766403D27->0fca32f9-76ae-40c1-a223-13204f8d545a-GrpcLogAppender-LogAppenderDaemon] WARN  server.GrpcLogAppender (GrpcLogAppender.java:mayWait(175)) - c9444e84-7d1e-434a-8350-34c756d48665@group-01B766403D27->0fca32f9-76ae-40c1-a223-13204f8d545a-GrpcLogAppender: Wait interrupted by java.lang.InterruptedException
2021-04-28 01:10:05,230 [c9444e84-7d1e-434a-8350-34c756d48665@group-01B766403D27->3dc34c93-7aa4-4f5d-882a-22c345cc0d73-GrpcLogAppender-LogAppenderDaemon] WARN  server.GrpcLogAppender (GrpcLogAppender.java:mayWait(175)) - c9444e84-7d1e-434a-8350-34c756d48665@group-01B766403D27->3dc34c93-7aa4-4f5d-882a-22c345cc0d73-GrpcLogAppender: Wait interrupted by java.lang.InterruptedException
2021-04-28 01:10:05,229 [ForkJoinPool.commonPool-worker-1] INFO  impl.PendingRequests (PendingRequests.java:sendNotLeaderResponses(249)) - f65384a4-a8a4-4787-a0e5-96e28e751202@group-42B4E16AA8FA-PendingRequests: sendNotLeaderResponses
2021-04-28 01:10:05,232 [ForkJoinPool.commonPool-worker-1] INFO  metrics.RatisMetrics (RatisMetrics.java:unregister(43)) - Unregistering Metrics Registry : ratis.log_appender.f65384a4-a8a4-4787-a0e5-96e28e751202@group-42B4E16AA8FA
2021-04-28 01:10:05,232 [ForkJoinPool.commonPool-worker-1] INFO  metrics.RatisMetrics (RatisMetrics.java:unregister(43)) - Unregistering Metrics Registry : ratis.server.f65384a4-a8a4-4787-a0e5-96e28e751202@group-42B4E16AA8FA
2021-04-28 01:10:05,232 [Listener at 127.0.0.1/36361] INFO  metrics.RatisMetrics (RatisMetrics.java:unregister(43)) - Unregistering Metrics Registry : ratis.log_appender.c9444e84-7d1e-434a-8350-34c756d48665@group-01B766403D27
2021-04-28 01:10:05,232 [grpc-default-executor-1] INFO  server.GrpcServerProtocolService (GrpcServerProtocolService.java:onCompleted(140)) - 0fca32f9-76ae-40c1-a223-13204f8d545a: Completed APPEND_ENTRIES, lastRequest: c9444e84-7d1e-434a-8350-34c756d48665->0fca32f9-76ae-40c1-a223-13204f8d545a#1-t4,previous=(t:0, i:0),leaderCommit=0,initializing? true,entries: size=1, first=(t:4, i:0), CONFIGURATIONENTRY
2021-04-28 01:10:05,232 [Listener at 127.0.0.1/36361] INFO  metrics.RatisMetrics (RatisMetrics.java:unregister(43)) - Unregistering Metrics Registry : ratis.server.c9444e84-7d1e-434a-8350-34c756d48665@group-01B766403D27
2021-04-28 01:10:05,233 [Listener at 127.0.0.1/36361] INFO  impl.StateMachineUpdater (StateMachineUpdater.java:stopAndJoin(149)) - c9444e84-7d1e-434a-8350-34c756d48665@group-01B766403D27-StateMachineUpdater: set stopIndex = 0
2021-04-28 01:10:05,233 [c9444e84-7d1e-434a-8350-34c756d48665@group-01B766403D27-StateMachineUpdater] INFO  ratis.ContainerStateMachine (ContainerStateMachine.java:takeSnapshot(292)) - group-01B766403D27: Taking a snapshot at:(t:4, i:0) file /github/workspace/mnt/ozone/hadoop-ozone/integration-test/target/test-dir/MiniOzoneClusterImpl-d7076e4a-bb1a-46d0-b0f9-1975ab90d2da/datanode-4/data/ratis/d1b4f0a7-ea19-4a99-90ab-01b766403d27/sm/snapshot.4_0
2021-04-28 01:10:05,233 [ForkJoinPool.commonPool-worker-1] INFO  impl.StateMachineUpdater (StateMachineUpdater.java:stopAndJoin(149)) - f65384a4-a8a4-4787-a0e5-96e28e751202@group-42B4E16AA8FA-StateMachineUpdater: set stopIndex = 0
2021-04-28 01:10:05,234 [f65384a4-a8a4-4787-a0e5-96e28e751202@group-42B4E16AA8FA-StateMachineUpdater] INFO  ratis.ContainerStateMachine (ContainerStateMachine.java:takeSnapshot(292)) - group-42B4E16AA8FA: Taking a snapshot at:(t:1, i:0) file /github/workspace/mnt/ozone/hadoop-ozone/integration-test/target/test-dir/MiniOzoneClusterImpl-d7076e4a-bb1a-46d0-b0f9-1975ab90d2da/datanode-1/data/ratis/5fde851c-c9c9-4a28-9c72-42b4e16aa8fa/sm/snapshot.1_0
2021-04-28 01:10:05,237 [grpc-default-executor-4] INFO  server.GrpcServerProtocolService (GrpcServerProtocolService.java:onCompleted(140)) - 3dc34c93-7aa4-4f5d-882a-22c345cc0d73: Completed APPEND_ENTRIES, lastRequest: c9444e84-7d1e-434a-8350-34c756d48665->3dc34c93-7aa4-4f5d-882a-22c345cc0d73#1-t4,previous=(t:0, i:0),leaderCommit=-1,initializing? true,entries: size=1, first=(t:4, i:0), CONFIGURATIONENTRY
2021-04-28 01:10:05,238 [grpc-default-executor-1] INFO  server.GrpcLogAppender (GrpcLogAppender.java:onCompleted(344)) - c9444e84-7d1e-434a-8350-34c756d48665@group-01B766403D27->0fca32f9-76ae-40c1-a223-13204f8d545a-AppendLogResponseHandler: follower responses appendEntries COMPLETED
2021-04-28 01:10:05,238 [grpc-default-executor-1] INFO  leader.FollowerInfo (FollowerInfoImpl.java:lambda$new$0(46)) - c9444e84-7d1e-434a-8350-34c756d48665@group-01B766403D27->0fca32f9-76ae-40c1-a223-13204f8d545a: nextIndex: updateUnconditionally 1 -> 0
2021-04-28 01:10:05,238 [grpc-default-executor-4] INFO  server.GrpcLogAppender (GrpcLogAppender.java:onCompleted(344)) - c9444e84-7d1e-434a-8350-34c756d48665@group-01B766403D27->3dc34c93-7aa4-4f5d-882a-22c345cc0d73-AppendLogResponseHandler: follower responses appendEntries COMPLETED
2021-04-28 01:10:05,239 [grpc-default-executor-4] INFO  leader.FollowerInfo (FollowerInfoImpl.java:lambda$new$0(46)) - c9444e84-7d1e-434a-8350-34c756d48665@group-01B766403D27->3dc34c93-7aa4-4f5d-882a-22c345cc0d73: nextIndex: updateUnconditionally 1 -> 0
2021-04-28 01:10:05,296 [c9444e84-7d1e-434a-8350-34c756d48665@group-01B766403D27-StateMachineUpdater] INFO  ratis.ContainerStateMachine (ContainerStateMachine.java:takeSnapshot(303)) - group-01B766403D27: Finished taking a snapshot at:(t:4, i:0) file:/github/workspace/mnt/ozone/hadoop-ozone/integration-test/target/test-dir/MiniOzoneClusterImpl-d7076e4a-bb1a-46d0-b0f9-1975ab90d2da/datanode-4/data/ratis/d1b4f0a7-ea19-4a99-90ab-01b766403d27/sm/snapshot.4_0 took: 63 ms
2021-04-28 01:10:05,296 [f65384a4-a8a4-4787-a0e5-96e28e751202@group-42B4E16AA8FA-StateMachineUpdater] INFO  ratis.ContainerStateMachine (ContainerStateMachine.java:takeSnapshot(303)) - group-42B4E16AA8FA: Finished taking a snapshot at:(t:1, i:0) file:/github/workspace/mnt/ozone/hadoop-ozone/integration-test/target/test-dir/MiniOzoneClusterImpl-d7076e4a-bb1a-46d0-b0f9-1975ab90d2da/datanode-1/data/ratis/5fde851c-c9c9-4a28-9c72-42b4e16aa8fa/sm/snapshot.1_0 took: 62 ms
2021-04-28 01:10:05,297 [c9444e84-7d1e-434a-8350-34c756d48665@group-01B766403D27-StateMachineUpdater] INFO  impl.StateMachineUpdater (StateMachineUpdater.java:takeSnapshot(281)) - c9444e84-7d1e-434a-8350-34c756d48665@group-01B766403D27-StateMachineUpdater: Took a snapshot at index 0
2021-04-28 01:10:05,297 [f65384a4-a8a4-4787-a0e5-96e28e751202@group-42B4E16AA8FA-StateMachineUpdater] INFO  impl.StateMachineUpdater (StateMachineUpdater.java:takeSnapshot(281)) - f65384a4-a8a4-4787-a0e5-96e28e751202@group-42B4E16AA8FA-StateMachineUpdater: Took a snapshot at index 0
2021-04-28 01:10:05,297 [f65384a4-a8a4-4787-a0e5-96e28e751202@group-42B4E16AA8FA-StateMachineUpdater] INFO  impl.StateMachineUpdater (StateMachineUpdater.java:lambda$new$0(89)) - f65384a4-a8a4-4787-a0e5-96e28e751202@group-42B4E16AA8FA-StateMachineUpdater: snapshotIndex: updateIncreasingly -1 -> 0
2021-04-28 01:10:05,297 [c9444e84-7d1e-434a-8350-34c756d48665@group-01B766403D27-StateMachineUpdater] INFO  impl.StateMachineUpdater (StateMachineUpdater.java:lambda$new$0(89)) - c9444e84-7d1e-434a-8350-34c756d48665@group-01B766403D27-StateMachineUpdater: snapshotIndex: updateIncreasingly -1 -> 0
2021-04-28 01:10:05,302 [f65384a4-a8a4-4787-a0e5-96e28e751202@group-42B4E16AA8FA-StateMachineUpdater] INFO  metrics.RatisMetrics (RatisMetrics.java:unregister(43)) - Unregistering Metrics Registry : ratis.state_machine.f65384a4-a8a4-4787-a0e5-96e28e751202@group-42B4E16AA8FA
2021-04-28 01:10:05,302 [c9444e84-7d1e-434a-8350-34c756d48665@group-01B766403D27-StateMachineUpdater] INFO  metrics.RatisMetrics (RatisMetrics.java:unregister(43)) - Unregistering Metrics Registry : ratis.state_machine.c9444e84-7d1e-434a-8350-34c756d48665@group-01B766403D27
2021-04-28 01:10:05,302 [Listener at 127.0.0.1/36361] INFO  server.RaftServer$Division (ServerState.java:close(405)) - c9444e84-7d1e-434a-8350-34c756d48665@group-01B766403D27: closes. applyIndex: 0
2021-04-28 01:10:05,302 [ForkJoinPool.commonPool-worker-1] INFO  server.RaftServer$Division (ServerState.java:close(405)) - f65384a4-a8a4-4787-a0e5-96e28e751202@group-42B4E16AA8FA: closes. applyIndex: 0
2021-04-28 01:10:05,302 [c9444e84-7d1e-434a-8350-34c756d48665@group-01B766403D27-SegmentedRaftLogWorker] INFO  segmented.SegmentedRaftLogWorker (SegmentedRaftLogWorker.java:run(327)) - c9444e84-7d1e-434a-8350-34c756d48665@group-01B766403D27-SegmentedRaftLogWorker was interrupted, exiting. There are 0 tasks remaining in the queue.
2021-04-28 01:10:05,303 [f65384a4-a8a4-4787-a0e5-96e28e751202@group-42B4E16AA8FA-SegmentedRaftLogWorker] INFO  segmented.SegmentedRaftLogWorker (SegmentedRaftLogWorker.java:run(327)) - f65384a4-a8a4-4787-a0e5-96e28e751202@group-42B4E16AA8FA-SegmentedRaftLogWorker was interrupted, exiting. There are 0 tasks remaining in the queue.
2021-04-28 01:10:05,303 [Listener at 127.0.0.1/36361] INFO  segmented.SegmentedRaftLogWorker (SegmentedRaftLogWorker.java:close(237)) - c9444e84-7d1e-434a-8350-34c756d48665@group-01B766403D27-SegmentedRaftLogWorker close()
2021-04-28 01:10:05,304 [Listener at 127.0.0.1/36361] INFO  metrics.RatisMetrics (RatisMetrics.java:unregister(43)) - Unregistering Metrics Registry : ratis.log_worker.c9444e84-7d1e-434a-8350-34c756d48665@group-01B766403D27
2021-04-28 01:10:05,304 [Listener at 127.0.0.1/36361] INFO  metrics.RatisMetrics (RatisMetrics.java:unregister(43)) - Unregistering Metrics Registry : ratis.leader_election.c9444e84-7d1e-434a-8350-34c756d48665@group-01B766403D27
2021-04-28 01:10:05,305 [Listener at 127.0.0.1/36361] INFO  metrics.RatisMetrics (RatisMetrics.java:unregister(43)) - Unregistering Metrics Registry : ratis.server.c9444e84-7d1e-434a-8350-34c756d48665@group-01B766403D27
2021-04-28 01:10:05,305 [Listener at 127.0.0.1/36361] INFO  server.RaftServer$Division (RaftServerImpl.java:lambda$close$4(406)) - c9444e84-7d1e-434a-8350-34c756d48665@group-F7136F15FB93: shutdown
2021-04-28 01:10:05,305 [Listener at 127.0.0.1/36361] INFO  util.JmxRegister (JmxRegister.java:unregister(73)) - Successfully un-registered JMX Bean with object name Ratis:service=RaftServer,group=group-F7136F15FB93,id=c9444e84-7d1e-434a-8350-34c756d48665
2021-04-28 01:10:05,305 [Listener at 127.0.0.1/36361] INFO  impl.RoleInfo (RoleInfo.java:shutdownFollowerState(108)) - c9444e84-7d1e-434a-8350-34c756d48665: shutdown c9444e84-7d1e-434a-8350-34c756d48665@group-F7136F15FB93-FollowerState
2021-04-28 01:10:05,305 [Listener at 127.0.0.1/36361] INFO  impl.StateMachineUpdater (StateMachineUpdater.java:stopAndJoin(149)) - c9444e84-7d1e-434a-8350-34c756d48665@group-F7136F15FB93-StateMachineUpdater: set stopIndex = 0
2021-04-28 01:10:05,305 [c9444e84-7d1e-434a-8350-34c756d48665@group-F7136F15FB93-FollowerState] INFO  impl.FollowerState (FollowerState.java:run(143)) - c9444e84-7d1e-434a-8350-34c756d48665@group-F7136F15FB93-FollowerState was interrupted: {}
java.lang.InterruptedException: sleep interrupted
	at java.lang.Thread.sleep(Native Method)
	at java.lang.Thread.sleep(Thread.java:340)
	at java.util.concurrent.TimeUnit.sleep(TimeUnit.java:386)
	at org.apache.ratis.util.TimeDuration.sleep(TimeDuration.java:324)
	at org.apache.ratis.util.TimeDuration.sleep(TimeDuration.java:309)
	at org.apache.ratis.server.impl.FollowerState.run(FollowerState.java:118)
2021-04-28 01:10:05,305 [ForkJoinPool.commonPool-worker-1] INFO  segmented.SegmentedRaftLogWorker (SegmentedRaftLogWorker.java:close(237)) - f65384a4-a8a4-4787-a0e5-96e28e751202@group-42B4E16AA8FA-SegmentedRaftLogWorker close()
2021-04-28 01:10:05,306 [c9444e84-7d1e-434a-8350-34c756d48665@group-F7136F15FB93-StateMachineUpdater] INFO  ratis.ContainerStateMachine (ContainerStateMachine.java:takeSnapshot(292)) - group-F7136F15FB93: Taking a snapshot at:(t:2, i:0) file /github/workspace/mnt/ozone/hadoop-ozone/integration-test/target/test-dir/MiniOzoneClusterImpl-d7076e4a-bb1a-46d0-b0f9-1975ab90d2da/datanode-4/data/ratis/caff8bd0-7063-4efd-97e9-f7136f15fb93/sm/snapshot.2_0
2021-04-28 01:10:05,307 [c9444e84-7d1e-434a-8350-34c756d48665@group-F7136F15FB93-StateMachineUpdater] INFO  ratis.ContainerStateMachine (ContainerStateMachine.java:takeSnapshot(303)) - group-F7136F15FB93: Finished taking a snapshot at:(t:2, i:0) file:/github/workspace/mnt/ozone/hadoop-ozone/integration-test/target/test-dir/MiniOzoneClusterImpl-d7076e4a-bb1a-46d0-b0f9-1975ab90d2da/datanode-4/data/ratis/caff8bd0-7063-4efd-97e9-f7136f15fb93/sm/snapshot.2_0 took: 1 ms
2021-04-28 01:10:05,307 [c9444e84-7d1e-434a-8350-34c756d48665@group-F7136F15FB93-StateMachineUpdater] INFO  impl.StateMachineUpdater (StateMachineUpdater.java:takeSnapshot(281)) - c9444e84-7d1e-434a-8350-34c756d48665@group-F7136F15FB93-StateMachineUpdater: Took a snapshot at index 0
2021-04-28 01:10:05,307 [c9444e84-7d1e-434a-8350-34c756d48665@group-F7136F15FB93-StateMachineUpdater] INFO  impl.StateMachineUpdater (StateMachineUpdater.java:lambda$new$0(89)) - c9444e84-7d1e-434a-8350-34c756d48665@group-F7136F15FB93-StateMachineUpdater: snapshotIndex: updateIncreasingly -1 -> 0
2021-04-28 01:10:05,307 [c9444e84-7d1e-434a-8350-34c756d48665@group-F7136F15FB93-StateMachineUpdater] INFO  metrics.RatisMetrics (RatisMetrics.java:unregister(43)) - Unregistering Metrics Registry : ratis.state_machine.c9444e84-7d1e-434a-8350-34c756d48665@group-F7136F15FB93
2021-04-28 01:10:05,307 [Listener at 127.0.0.1/36361] INFO  server.RaftServer$Division (ServerState.java:close(405)) - c9444e84-7d1e-434a-8350-34c756d48665@group-F7136F15FB93: closes. applyIndex: 0
2021-04-28 01:10:05,308 [c9444e84-7d1e-434a-8350-34c756d48665@group-F7136F15FB93-SegmentedRaftLogWorker] INFO  segmented.SegmentedRaftLogWorker (SegmentedRaftLogWorker.java:run(327)) - c9444e84-7d1e-434a-8350-34c756d48665@group-F7136F15FB93-SegmentedRaftLogWorker was interrupted, exiting. There are 0 tasks remaining in the queue.
2021-04-28 01:10:05,309 [ForkJoinPool.commonPool-worker-1] INFO  metrics.RatisMetrics (RatisMetrics.java:unregister(43)) - Unregistering Metrics Registry : ratis.log_worker.f65384a4-a8a4-4787-a0e5-96e28e751202@group-42B4E16AA8FA
2021-04-28 01:10:05,310 [ForkJoinPool.commonPool-worker-1] INFO  metrics.RatisMetrics (RatisMetrics.java:unregister(43)) - Unregistering Metrics Registry : ratis.leader_election.f65384a4-a8a4-4787-a0e5-96e28e751202@group-42B4E16AA8FA
2021-04-28 01:10:05,310 [ForkJoinPool.commonPool-worker-1] INFO  metrics.RatisMetrics (RatisMetrics.java:unregister(43)) - Unregistering Metrics Registry : ratis.server.f65384a4-a8a4-4787-a0e5-96e28e751202@group-42B4E16AA8FA
2021-04-28 01:10:05,310 [ForkJoinPool.commonPool-worker-1] INFO  server.RaftServer$Division (RaftServerImpl.java:lambda$close$4(406)) - f65384a4-a8a4-4787-a0e5-96e28e751202@group-A8230B39765F: shutdown
2021-04-28 01:10:05,310 [ForkJoinPool.commonPool-worker-1] INFO  util.JmxRegister (JmxRegister.java:unregister(73)) - Successfully un-registered JMX Bean with object name Ratis:service=RaftServer,group=group-A8230B39765F,id=f65384a4-a8a4-4787-a0e5-96e28e751202
2021-04-28 01:10:05,310 [ForkJoinPool.commonPool-worker-1] INFO  impl.RoleInfo (RoleInfo.java:shutdownLeaderState(91)) - f65384a4-a8a4-4787-a0e5-96e28e751202: shutdown f65384a4-a8a4-4787-a0e5-96e28e751202@group-A8230B39765F-LeaderStateImpl
2021-04-28 01:10:05,310 [ForkJoinPool.commonPool-worker-1] INFO  metrics.RatisMetrics (RatisMetrics.java:unregister(43)) - Unregistering Metrics Registry : ratis_grpc.log_appender.f65384a4-a8a4-4787-a0e5-96e28e751202@group-A8230B39765F
2021-04-28 01:10:05,310 [ForkJoinPool.commonPool-worker-1] INFO  metrics.RatisMetrics (RatisMetrics.java:unregister(43)) - Unregistering Metrics Registry : ratis_grpc.log_appender.f65384a4-a8a4-4787-a0e5-96e28e751202@group-A8230B39765F
2021-04-28 01:10:05,310 [ForkJoinPool.commonPool-worker-1] INFO  impl.PendingRequests (PendingRequests.java:sendNotLeaderResponses(249)) - f65384a4-a8a4-4787-a0e5-96e28e751202@group-A8230B39765F-PendingRequests: sendNotLeaderResponses
2021-04-28 01:10:05,310 [f65384a4-a8a4-4787-a0e5-96e28e751202@group-A8230B39765F->43d3847f-81c3-43e7-b86e-40be164eab80-GrpcLogAppender-LogAppenderDaemon] WARN  server.GrpcLogAppender (GrpcLogAppender.java:mayWait(175)) - f65384a4-a8a4-4787-a0e5-96e28e751202@group-A8230B39765F->43d3847f-81c3-43e7-b86e-40be164eab80-GrpcLogAppender: Wait interrupted by java.lang.InterruptedException
2021-04-28 01:10:05,311 [grpc-default-executor-1] INFO  server.GrpcServerProtocolService (GrpcServerProtocolService.java:onCompleted(140)) - 42fd2707-1841-40d3-b54b-6f39f935cc38: Completed APPEND_ENTRIES, lastRequest: f65384a4-a8a4-4787-a0e5-96e28e751202->42fd2707-1841-40d3-b54b-6f39f935cc38#6-t6,previous=(t:6, i:1),leaderCommit=1,initializing? true,entries: size=1, first=(t:6, i:2), METADATAENTRY(c:1)
2021-04-28 01:10:05,312 [grpc-default-executor-4] INFO  server.GrpcServerProtocolService (GrpcServerProtocolService.java:onCompleted(140)) - 43d3847f-81c3-43e7-b86e-40be164eab80: Completed APPEND_ENTRIES, lastRequest: f65384a4-a8a4-4787-a0e5-96e28e751202->43d3847f-81c3-43e7-b86e-40be164eab80#7-t6,previous=(t:6, i:1),leaderCommit=1,initializing? true,entries: size=1, first=(t:6, i:2), METADATAENTRY(c:1)
2021-04-28 01:10:05,311 [Listener at 127.0.0.1/36361] INFO  segmented.SegmentedRaftLogWorker (SegmentedRaftLogWorker.java:close(237)) - c9444e84-7d1e-434a-8350-34c756d48665@group-F7136F15FB93-SegmentedRaftLogWorker close()
2021-04-28 01:10:05,314 [grpc-default-executor-4] INFO  server.GrpcLogAppender (GrpcLogAppender.java:onCompleted(344)) - f65384a4-a8a4-4787-a0e5-96e28e751202@group-A8230B39765F->43d3847f-81c3-43e7-b86e-40be164eab80-AppendLogResponseHandler: follower responses appendEntries COMPLETED
2021-04-28 01:10:05,314 [grpc-default-executor-4] INFO  leader.FollowerInfo (FollowerInfoImpl.java:lambda$new$0(46)) - f65384a4-a8a4-4787-a0e5-96e28e751202@group-A8230B39765F->43d3847f-81c3-43e7-b86e-40be164eab80: nextIndex: updateUnconditionally 3 -> 2
2021-04-28 01:10:05,314 [grpc-default-executor-1] INFO  server.GrpcLogAppender (GrpcLogAppender.java:onCompleted(344)) - f65384a4-a8a4-4787-a0e5-96e28e751202@group-A8230B39765F->42fd2707-1841-40d3-b54b-6f39f935cc38-AppendLogResponseHandler: follower responses appendEntries COMPLETED
2021-04-28 01:10:05,315 [grpc-default-executor-1] INFO  leader.FollowerInfo (FollowerInfoImpl.java:lambda$new$0(46)) - f65384a4-a8a4-4787-a0e5-96e28e751202@group-A8230B39765F->42fd2707-1841-40d3-b54b-6f39f935cc38: nextIndex: updateUnconditionally 3 -> 2
2021-04-28 01:10:05,315 [ForkJoinPool.commonPool-worker-1] INFO  metrics.RatisMetrics (RatisMetrics.java:unregister(43)) - Unregistering Metrics Registry : ratis.log_appender.f65384a4-a8a4-4787-a0e5-96e28e751202@group-A8230B39765F
2021-04-28 01:10:05,315 [ForkJoinPool.commonPool-worker-1] INFO  metrics.RatisMetrics (RatisMetrics.java:unregister(43)) - Unregistering Metrics Registry : ratis.server.f65384a4-a8a4-4787-a0e5-96e28e751202@group-A8230B39765F
2021-04-28 01:10:05,315 [ForkJoinPool.commonPool-worker-1] INFO  impl.StateMachineUpdater (StateMachineUpdater.java:stopAndJoin(149)) - f65384a4-a8a4-4787-a0e5-96e28e751202@group-A8230B39765F-StateMachineUpdater: set stopIndex = 2
2021-04-28 01:10:05,315 [f65384a4-a8a4-4787-a0e5-96e28e751202@group-A8230B39765F-StateMachineUpdater] INFO  ratis.ContainerStateMachine (ContainerStateMachine.java:takeSnapshot(292)) - group-A8230B39765F: Taking a snapshot at:(t:6, i:2) file /github/workspace/mnt/ozone/hadoop-ozone/integration-test/target/test-dir/MiniOzoneClusterImpl-d7076e4a-bb1a-46d0-b0f9-1975ab90d2da/datanode-1/data/ratis/ec4b5416-ebc2-40d3-845e-a8230b39765f/sm/snapshot.6_2
2021-04-28 01:10:05,316 [f65384a4-a8a4-4787-a0e5-96e28e751202@group-A8230B39765F-StateMachineUpdater] INFO  ratis.ContainerStateMachine (ContainerStateMachine.java:takeSnapshot(303)) - group-A8230B39765F: Finished taking a snapshot at:(t:6, i:2) file:/github/workspace/mnt/ozone/hadoop-ozone/integration-test/target/test-dir/MiniOzoneClusterImpl-d7076e4a-bb1a-46d0-b0f9-1975ab90d2da/datanode-1/data/ratis/ec4b5416-ebc2-40d3-845e-a8230b39765f/sm/snapshot.6_2 took: 1 ms
2021-04-28 01:10:05,316 [f65384a4-a8a4-4787-a0e5-96e28e751202@group-A8230B39765F-StateMachineUpdater] INFO  impl.StateMachineUpdater (StateMachineUpdater.java:takeSnapshot(281)) - f65384a4-a8a4-4787-a0e5-96e28e751202@group-A8230B39765F-StateMachineUpdater: Took a snapshot at index 2
2021-04-28 01:10:05,316 [f65384a4-a8a4-4787-a0e5-96e28e751202@group-A8230B39765F-StateMachineUpdater] INFO  impl.StateMachineUpdater (StateMachineUpdater.java:lambda$new$0(89)) - f65384a4-a8a4-4787-a0e5-96e28e751202@group-A8230B39765F-StateMachineUpdater: snapshotIndex: updateIncreasingly -1 -> 2
2021-04-28 01:10:05,316 [f65384a4-a8a4-4787-a0e5-96e28e751202@group-A8230B39765F-StateMachineUpdater] INFO  metrics.RatisMetrics (RatisMetrics.java:unregister(43)) - Unregistering Metrics Registry : ratis.state_machine.f65384a4-a8a4-4787-a0e5-96e28e751202@group-A8230B39765F
2021-04-28 01:10:05,317 [ForkJoinPool.commonPool-worker-1] INFO  server.RaftServer$Division (ServerState.java:close(405)) - f65384a4-a8a4-4787-a0e5-96e28e751202@group-A8230B39765F: closes. applyIndex: 2
2021-04-28 01:10:05,317 [Listener at 127.0.0.1/36361] INFO  metrics.RatisMetrics (RatisMetrics.java:unregister(43)) - Unregistering Metrics Registry : ratis.log_worker.c9444e84-7d1e-434a-8350-34c756d48665@group-F7136F15FB93
2021-04-28 01:10:05,317 [Listener at 127.0.0.1/36361] INFO  metrics.RatisMetrics (RatisMetrics.java:unregister(43)) - Unregistering Metrics Registry : ratis.leader_election.c9444e84-7d1e-434a-8350-34c756d48665@group-F7136F15FB93
2021-04-28 01:10:05,317 [Listener at 127.0.0.1/36361] INFO  metrics.RatisMetrics (RatisMetrics.java:unregister(43)) - Unregistering Metrics Registry : ratis.server.c9444e84-7d1e-434a-8350-34c756d48665@group-F7136F15FB93
2021-04-28 01:10:05,318 [Listener at 127.0.0.1/36361] INFO  server.RaftServer$Division (RaftServerImpl.java:lambda$close$4(406)) - c9444e84-7d1e-434a-8350-34c756d48665@group-4682BE63D858: shutdown
2021-04-28 01:10:05,318 [Listener at 127.0.0.1/36361] INFO  util.JmxRegister (JmxRegister.java:unregister(73)) - Successfully un-registered JMX Bean with object name Ratis:service=RaftServer,group=group-4682BE63D858,id=c9444e84-7d1e-434a-8350-34c756d48665
2021-04-28 01:10:05,318 [Listener at 127.0.0.1/36361] INFO  impl.RoleInfo (RoleInfo.java:shutdownLeaderState(91)) - c9444e84-7d1e-434a-8350-34c756d48665: shutdown c9444e84-7d1e-434a-8350-34c756d48665@group-4682BE63D858-LeaderStateImpl
2021-04-28 01:10:05,318 [Listener at 127.0.0.1/36361] INFO  impl.PendingRequests (PendingRequests.java:sendNotLeaderResponses(249)) - c9444e84-7d1e-434a-8350-34c756d48665@group-4682BE63D858-PendingRequests: sendNotLeaderResponses
2021-04-28 01:10:05,318 [Listener at 127.0.0.1/36361] INFO  metrics.RatisMetrics (RatisMetrics.java:unregister(43)) - Unregistering Metrics Registry : ratis.log_appender.c9444e84-7d1e-434a-8350-34c756d48665@group-4682BE63D858
2021-04-28 01:10:05,318 [Listener at 127.0.0.1/36361] INFO  metrics.RatisMetrics (RatisMetrics.java:unregister(43)) - Unregistering Metrics Registry : ratis.server.c9444e84-7d1e-434a-8350-34c756d48665@group-4682BE63D858
2021-04-28 01:10:05,319 [Listener at 127.0.0.1/36361] INFO  impl.StateMachineUpdater (StateMachineUpdater.java:stopAndJoin(149)) - c9444e84-7d1e-434a-8350-34c756d48665@group-4682BE63D858-StateMachineUpdater: set stopIndex = 0
2021-04-28 01:10:05,319 [c9444e84-7d1e-434a-8350-34c756d48665@group-4682BE63D858-StateMachineUpdater] INFO  ratis.ContainerStateMachine (ContainerStateMachine.java:takeSnapshot(292)) - group-4682BE63D858: Taking a snapshot at:(t:1, i:0) file /github/workspace/mnt/ozone/hadoop-ozone/integration-test/target/test-dir/MiniOzoneClusterImpl-d7076e4a-bb1a-46d0-b0f9-1975ab90d2da/datanode-4/data/ratis/504354f1-d3e9-4154-8299-4682be63d858/sm/snapshot.1_0
2021-04-28 01:10:05,319 [f65384a4-a8a4-4787-a0e5-96e28e751202@group-A8230B39765F-SegmentedRaftLogWorker] INFO  segmented.SegmentedRaftLogWorker (SegmentedRaftLogWorker.java:run(327)) - f65384a4-a8a4-4787-a0e5-96e28e751202@group-A8230B39765F-SegmentedRaftLogWorker was interrupted, exiting. There are 0 tasks remaining in the queue.
2021-04-28 01:10:05,320 [c9444e84-7d1e-434a-8350-34c756d48665@group-4682BE63D858-StateMachineUpdater] INFO  ratis.ContainerStateMachine (ContainerStateMachine.java:takeSnapshot(303)) - group-4682BE63D858: Finished taking a snapshot at:(t:1, i:0) file:/github/workspace/mnt/ozone/hadoop-ozone/integration-test/target/test-dir/MiniOzoneClusterImpl-d7076e4a-bb1a-46d0-b0f9-1975ab90d2da/datanode-4/data/ratis/504354f1-d3e9-4154-8299-4682be63d858/sm/snapshot.1_0 took: 1 ms
2021-04-28 01:10:05,320 [ForkJoinPool.commonPool-worker-1] INFO  segmented.SegmentedRaftLogWorker (SegmentedRaftLogWorker.java:close(237)) - f65384a4-a8a4-4787-a0e5-96e28e751202@group-A8230B39765F-SegmentedRaftLogWorker close()
2021-04-28 01:10:05,320 [ForkJoinPool.commonPool-worker-1] INFO  metrics.RatisMetrics (RatisMetrics.java:unregister(43)) - Unregistering Metrics Registry : ratis.log_worker.f65384a4-a8a4-4787-a0e5-96e28e751202@group-A8230B39765F
2021-04-28 01:10:05,321 [ForkJoinPool.commonPool-worker-1] INFO  metrics.RatisMetrics (RatisMetrics.java:unregister(43)) - Unregistering Metrics Registry : ratis.leader_election.f65384a4-a8a4-4787-a0e5-96e28e751202@group-A8230B39765F
2021-04-28 01:10:05,321 [ForkJoinPool.commonPool-worker-1] INFO  metrics.RatisMetrics (RatisMetrics.java:unregister(43)) - Unregistering Metrics Registry : ratis.server.f65384a4-a8a4-4787-a0e5-96e28e751202@group-A8230B39765F
2021-04-28 01:10:05,321 [ForkJoinPool.commonPool-worker-1] INFO  server.RaftServer$Division (RaftServerImpl.java:lambda$close$4(406)) - f65384a4-a8a4-4787-a0e5-96e28e751202@group-6799236C1344: shutdown
2021-04-28 01:10:05,321 [ForkJoinPool.commonPool-worker-1] INFO  util.JmxRegister (JmxRegister.java:unregister(73)) - Successfully un-registered JMX Bean with object name Ratis:service=RaftServer,group=group-6799236C1344,id=f65384a4-a8a4-4787-a0e5-96e28e751202
2021-04-28 01:10:05,321 [ForkJoinPool.commonPool-worker-1] INFO  impl.RoleInfo (RoleInfo.java:shutdownFollowerState(108)) - f65384a4-a8a4-4787-a0e5-96e28e751202: shutdown f65384a4-a8a4-4787-a0e5-96e28e751202@group-6799236C1344-FollowerState
2021-04-28 01:10:05,321 [f65384a4-a8a4-4787-a0e5-96e28e751202@group-6799236C1344-FollowerState] INFO  impl.FollowerState (FollowerState.java:run(143)) - f65384a4-a8a4-4787-a0e5-96e28e751202@group-6799236C1344-FollowerState was interrupted: {}
java.lang.InterruptedException: sleep interrupted
	at java.lang.Thread.sleep(Native Method)
	at java.lang.Thread.sleep(Thread.java:340)
	at java.util.concurrent.TimeUnit.sleep(TimeUnit.java:386)
	at org.apache.ratis.util.TimeDuration.sleep(TimeDuration.java:324)
	at org.apache.ratis.util.TimeDuration.sleep(TimeDuration.java:309)
	at org.apache.ratis.server.impl.FollowerState.run(FollowerState.java:118)
2021-04-28 01:10:05,322 [f65384a4-a8a4-4787-a0e5-96e28e751202@group-6799236C1344-StateMachineUpdater] INFO  ratis.ContainerStateMachine (ContainerStateMachine.java:takeSnapshot(292)) - group-6799236C1344: Taking a snapshot at:(t:4, i:0) file /github/workspace/mnt/ozone/hadoop-ozone/integration-test/target/test-dir/MiniOzoneClusterImpl-d7076e4a-bb1a-46d0-b0f9-1975ab90d2da/datanode-1/data/ratis/25f1310e-fe38-48ae-bbd4-6799236c1344/sm/snapshot.4_0
2021-04-28 01:10:05,322 [ForkJoinPool.commonPool-worker-1] INFO  impl.StateMachineUpdater (StateMachineUpdater.java:stopAndJoin(149)) - f65384a4-a8a4-4787-a0e5-96e28e751202@group-6799236C1344-StateMachineUpdater: set stopIndex = 0
2021-04-28 01:10:05,322 [c9444e84-7d1e-434a-8350-34c756d48665@group-4682BE63D858-StateMachineUpdater] INFO  impl.StateMachineUpdater (StateMachineUpdater.java:takeSnapshot(281)) - c9444e84-7d1e-434a-8350-34c756d48665@group-4682BE63D858-StateMachineUpdater: Took a snapshot at index 0
2021-04-28 01:10:05,322 [f65384a4-a8a4-4787-a0e5-96e28e751202@group-6799236C1344-StateMachineUpdater] INFO  ratis.ContainerStateMachine (ContainerStateMachine.java:takeSnapshot(303)) - group-6799236C1344: Finished taking a snapshot at:(t:4, i:0) file:/github/workspace/mnt/ozone/hadoop-ozone/integration-test/target/test-dir/MiniOzoneClusterImpl-d7076e4a-bb1a-46d0-b0f9-1975ab90d2da/datanode-1/data/ratis/25f1310e-fe38-48ae-bbd4-6799236c1344/sm/snapshot.4_0 took: 0 ms
2021-04-28 01:10:05,322 [c9444e84-7d1e-434a-8350-34c756d48665@group-4682BE63D858-StateMachineUpdater] INFO  impl.StateMachineUpdater (StateMachineUpdater.java:lambda$new$0(89)) - c9444e84-7d1e-434a-8350-34c756d48665@group-4682BE63D858-StateMachineUpdater: snapshotIndex: updateIncreasingly -1 -> 0
2021-04-28 01:10:05,322 [f65384a4-a8a4-4787-a0e5-96e28e751202@group-6799236C1344-StateMachineUpdater] INFO  impl.StateMachineUpdater (StateMachineUpdater.java:takeSnapshot(281)) - f65384a4-a8a4-4787-a0e5-96e28e751202@group-6799236C1344-StateMachineUpdater: Took a snapshot at index 0
2021-04-28 01:10:05,322 [c9444e84-7d1e-434a-8350-34c756d48665@group-4682BE63D858-StateMachineUpdater] INFO  metrics.RatisMetrics (RatisMetrics.java:unregister(43)) - Unregistering Metrics Registry : ratis.state_machine.c9444e84-7d1e-434a-8350-34c756d48665@group-4682BE63D858
2021-04-28 01:10:05,322 [f65384a4-a8a4-4787-a0e5-96e28e751202@group-6799236C1344-StateMachineUpdater] INFO  impl.StateMachineUpdater (StateMachineUpdater.java:lambda$new$0(89)) - f65384a4-a8a4-4787-a0e5-96e28e751202@group-6799236C1344-StateMachineUpdater: snapshotIndex: updateIncreasingly -1 -> 0
2021-04-28 01:10:05,322 [f65384a4-a8a4-4787-a0e5-96e28e751202@group-6799236C1344-StateMachineUpdater] INFO  metrics.RatisMetrics (RatisMetrics.java:unregister(43)) - Unregistering Metrics Registry : ratis.state_machine.f65384a4-a8a4-4787-a0e5-96e28e751202@group-6799236C1344
2021-04-28 01:10:05,322 [Listener at 127.0.0.1/36361] INFO  server.RaftServer$Division (ServerState.java:close(405)) - c9444e84-7d1e-434a-8350-34c756d48665@group-4682BE63D858: closes. applyIndex: 0
2021-04-28 01:10:05,323 [ForkJoinPool.commonPool-worker-1] INFO  server.RaftServer$Division (ServerState.java:close(405)) - f65384a4-a8a4-4787-a0e5-96e28e751202@group-6799236C1344: closes. applyIndex: 0
2021-04-28 01:10:05,323 [c9444e84-7d1e-434a-8350-34c756d48665@group-4682BE63D858-SegmentedRaftLogWorker] INFO  segmented.SegmentedRaftLogWorker (SegmentedRaftLogWorker.java:run(327)) - c9444e84-7d1e-434a-8350-34c756d48665@group-4682BE63D858-SegmentedRaftLogWorker was interrupted, exiting. There are 0 tasks remaining in the queue.
2021-04-28 01:10:05,323 [f65384a4-a8a4-4787-a0e5-96e28e751202@group-6799236C1344-SegmentedRaftLogWorker] INFO  segmented.SegmentedRaftLogWorker (SegmentedRaftLogWorker.java:run(327)) - f65384a4-a8a4-4787-a0e5-96e28e751202@group-6799236C1344-SegmentedRaftLogWorker was interrupted, exiting. There are 0 tasks remaining in the queue.
2021-04-28 01:10:05,324 [Listener at 127.0.0.1/36361] INFO  segmented.SegmentedRaftLogWorker (SegmentedRaftLogWorker.java:close(237)) - c9444e84-7d1e-434a-8350-34c756d48665@group-4682BE63D858-SegmentedRaftLogWorker close()
2021-04-28 01:10:05,324 [ForkJoinPool.commonPool-worker-1] INFO  segmented.SegmentedRaftLogWorker (SegmentedRaftLogWorker.java:close(237)) - f65384a4-a8a4-4787-a0e5-96e28e751202@group-6799236C1344-SegmentedRaftLogWorker close()
2021-04-28 01:10:05,327 [ForkJoinPool.commonPool-worker-1] INFO  metrics.RatisMetrics (RatisMetrics.java:unregister(43)) - Unregistering Metrics Registry : ratis.log_worker.f65384a4-a8a4-4787-a0e5-96e28e751202@group-6799236C1344
2021-04-28 01:10:05,327 [ForkJoinPool.commonPool-worker-1] INFO  metrics.RatisMetrics (RatisMetrics.java:unregister(43)) - Unregistering Metrics Registry : ratis.leader_election.f65384a4-a8a4-4787-a0e5-96e28e751202@group-6799236C1344
2021-04-28 01:10:05,327 [ForkJoinPool.commonPool-worker-1] INFO  metrics.RatisMetrics (RatisMetrics.java:unregister(43)) - Unregistering Metrics Registry : ratis.server.f65384a4-a8a4-4787-a0e5-96e28e751202@group-6799236C1344
2021-04-28 01:10:05,331 [ForkJoinPool.commonPool-worker-1] INFO  server.GrpcService (GrpcService.java:closeImpl(262)) - f65384a4-a8a4-4787-a0e5-96e28e751202: shutdown server with port 43161 now
2021-04-28 01:10:05,327 [Listener at 127.0.0.1/36361] INFO  metrics.RatisMetrics (RatisMetrics.java:unregister(43)) - Unregistering Metrics Registry : ratis.log_worker.c9444e84-7d1e-434a-8350-34c756d48665@group-4682BE63D858
2021-04-28 01:10:05,332 [Listener at 127.0.0.1/36361] INFO  metrics.RatisMetrics (RatisMetrics.java:unregister(43)) - Unregistering Metrics Registry : ratis.leader_election.c9444e84-7d1e-434a-8350-34c756d48665@group-4682BE63D858
2021-04-28 01:10:05,332 [Listener at 127.0.0.1/36361] INFO  metrics.RatisMetrics (RatisMetrics.java:unregister(43)) - Unregistering Metrics Registry : ratis.server.c9444e84-7d1e-434a-8350-34c756d48665@group-4682BE63D858
2021-04-28 01:10:05,332 [Listener at 127.0.0.1/36361] INFO  server.GrpcService (GrpcService.java:closeImpl(262)) - c9444e84-7d1e-434a-8350-34c756d48665: shutdown server with port 40945 now
2021-04-28 01:10:05,337 [grpc-default-executor-4] WARN  server.GrpcServerProtocolService (LogUtils.java:warn(122)) - f65384a4-a8a4-4787-a0e5-96e28e751202: installSnapshot onError, lastRequest: 43d3847f-81c3-43e7-b86e-40be164eab80->f65384a4-a8a4-4787-a0e5-96e28e751202#1-t4,previous=(t:0, i:0),leaderCommit=-1,initializing? true,entries: size=1, first=(t:4, i:0), CONFIGURATIONENTRY: org.apache.ratis.thirdparty.io.grpc.StatusRuntimeException: CANCELLED: client cancelled
2021-04-28 01:10:05,338 [grpc-default-executor-1] WARN  server.GrpcServerProtocolService (LogUtils.java:warn(122)) - c9444e84-7d1e-434a-8350-34c756d48665: installSnapshot onError, lastRequest: 0fca32f9-76ae-40c1-a223-13204f8d545a->c9444e84-7d1e-434a-8350-34c756d48665#1-t2,previous=(t:0, i:0),leaderCommit=0,initializing? true,entries: size=1, first=(t:2, i:0), CONFIGURATIONENTRY: org.apache.ratis.thirdparty.io.grpc.StatusRuntimeException: CANCELLED: client cancelled
2021-04-28 01:10:05,341 [grpc-default-executor-1] WARN  server.GrpcLogAppender (LogUtils.java:warn(122)) - 43d3847f-81c3-43e7-b86e-40be164eab80@group-6799236C1344->f65384a4-a8a4-4787-a0e5-96e28e751202-AppendLogResponseHandler: Failed appendEntries: org.apache.ratis.thirdparty.io.grpc.StatusRuntimeException: CANCELLED: HTTP/2 error code: CANCEL
Received Rst Stream
2021-04-28 01:10:05,341 [grpc-default-executor-1] WARN  server.GrpcLogAppender (GrpcLogAppender.java:resetClient(111)) - 43d3847f-81c3-43e7-b86e-40be164eab80@group-6799236C1344->f65384a4-a8a4-4787-a0e5-96e28e751202-GrpcLogAppender: Leader has not got in touch with Follower 43d3847f-81c3-43e7-b86e-40be164eab80@group-6799236C1344->f65384a4-a8a4-4787-a0e5-96e28e751202(c0,m0,n1, attendVote=true, lastRpcSendTime=1487, lastRpcResponseTime=1485) yet, just keep nextIndex unchanged and retry.
2021-04-28 01:10:05,342 [grpc-default-executor-4] WARN  server.GrpcLogAppender (LogUtils.java:warn(122)) - 0fca32f9-76ae-40c1-a223-13204f8d545a@group-F7136F15FB93->c9444e84-7d1e-434a-8350-34c756d48665-AppendLogResponseHandler: Failed appendEntries: org.apache.ratis.thirdparty.io.grpc.StatusRuntimeException: CANCELLED: HTTP/2 error code: CANCEL
Received Rst Stream
2021-04-28 01:10:05,342 [grpc-default-executor-4] WARN  server.GrpcLogAppender (GrpcLogAppender.java:resetClient(111)) - 0fca32f9-76ae-40c1-a223-13204f8d545a@group-F7136F15FB93->c9444e84-7d1e-434a-8350-34c756d48665-GrpcLogAppender: Leader has not got in touch with Follower 0fca32f9-76ae-40c1-a223-13204f8d545a@group-F7136F15FB93->c9444e84-7d1e-434a-8350-34c756d48665(c0,m0,n1, attendVote=true, lastRpcSendTime=1086, lastRpcResponseTime=1085) yet, just keep nextIndex unchanged and retry.
2021-04-28 01:10:05,343 [ForkJoinPool.commonPool-worker-1] INFO  server.GrpcService (GrpcService.java:closeImpl(271)) - f65384a4-a8a4-4787-a0e5-96e28e751202: shutdown server with port 43161 successfully
2021-04-28 01:10:05,343 [org.apache.ratis.util.JvmPauseMonitor$$Lambda$504/1823345790@408bdd6f] INFO  util.JvmPauseMonitor (JvmPauseMonitor.java:run(109)) - JvmPauseMonitor-f65384a4-a8a4-4787-a0e5-96e28e751202: Stopped
2021-04-28 01:10:05,346 [Listener at 127.0.0.1/36361] INFO  server.GrpcService (GrpcService.java:closeImpl(271)) - c9444e84-7d1e-434a-8350-34c756d48665: shutdown server with port 40945 successfully
2021-04-28 01:10:05,353 [org.apache.ratis.util.JvmPauseMonitor$$Lambda$504/1823345790@606a7e5d] INFO  util.JvmPauseMonitor (JvmPauseMonitor.java:run(109)) - JvmPauseMonitor-c9444e84-7d1e-434a-8350-34c756d48665: Stopped
2021-04-28 01:10:05,346 [ForkJoinPool.commonPool-worker-1] INFO  utils.BackgroundService (BackgroundService.java:shutdown(132)) - Shutting down service BlockDeletingService
2021-04-28 01:10:05,354 [Listener at 127.0.0.1/36361] INFO  utils.BackgroundService (BackgroundService.java:shutdown(132)) - Shutting down service BlockDeletingService
2021-04-28 01:10:05,376 [Listener at 127.0.0.1/36361] INFO  statemachine.DatanodeStateMachine (DatanodeStateMachine.java:stopDaemon(469)) - Ozone container server stopped.
2021-04-28 01:10:05,393 [ForkJoinPool.commonPool-worker-1] INFO  statemachine.DatanodeStateMachine (DatanodeStateMachine.java:stopDaemon(469)) - Ozone container server stopped.
2021-04-28 01:10:05,412 [Listener at 127.0.0.1/36361] INFO  handler.ContextHandler (ContextHandler.java:doStop(1154)) - Stopped o.e.j.w.WebAppContext@22baff01{hddsDatanode,/,null,STOPPED}{jar:file:/home/user/.m2/repository/org/apache/hadoop/hadoop-hdds-container-service/1.2.0-SNAPSHOT/hadoop-hdds-container-service-1.2.0-SNAPSHOT.jar!/webapps/hddsDatanode}
2021-04-28 01:10:05,413 [Listener at 127.0.0.1/36361] INFO  server.AbstractConnector (AbstractConnector.java:doStop(381)) - Stopped ServerConnector@4341270a{HTTP/1.1, (http/1.1)}{0.0.0.0:0}
2021-04-28 01:10:05,413 [Listener at 127.0.0.1/36361] INFO  server.session (HouseKeeper.java:stopScavenging(149)) - node0 Stopped scavenging
2021-04-28 01:10:05,413 [Listener at 127.0.0.1/36361] INFO  handler.ContextHandler (ContextHandler.java:doStop(1154)) - Stopped o.e.j.s.ServletContextHandler@7e0bf511{static,/static,jar:file:/home/user/.m2/repository/org/apache/hadoop/hadoop-hdds-container-service/1.2.0-SNAPSHOT/hadoop-hdds-container-service-1.2.0-SNAPSHOT.jar!/webapps/static,STOPPED}
2021-04-28 01:10:05,414 [Listener at 127.0.0.1/36361] INFO  handler.ContextHandler (ContextHandler.java:doStop(1154)) - Stopped o.e.j.s.ServletContextHandler@25070333{logs,/logs,file:///github/workspace/mnt/ozone/hadoop-ozone/integration-test/target/log,STOPPED}
2021-04-28 01:10:05,422 [ForkJoinPool.commonPool-worker-1] INFO  handler.ContextHandler (ContextHandler.java:doStop(1154)) - Stopped o.e.j.w.WebAppContext@4c6a01c4{hddsDatanode,/,null,STOPPED}{jar:file:/home/user/.m2/repository/org/apache/hadoop/hadoop-hdds-container-service/1.2.0-SNAPSHOT/hadoop-hdds-container-service-1.2.0-SNAPSHOT.jar!/webapps/hddsDatanode}
2021-04-28 01:10:05,423 [ForkJoinPool.commonPool-worker-1] INFO  server.AbstractConnector (AbstractConnector.java:doStop(381)) - Stopped ServerConnector@38c5a1fa{HTTP/1.1, (http/1.1)}{0.0.0.0:0}
2021-04-28 01:10:05,423 [ForkJoinPool.commonPool-worker-1] INFO  server.session (HouseKeeper.java:stopScavenging(149)) - node0 Stopped scavenging
2021-04-28 01:10:05,426 [ForkJoinPool.commonPool-worker-1] INFO  handler.ContextHandler (ContextHandler.java:doStop(1154)) - Stopped o.e.j.s.ServletContextHandler@414d6347{static,/static,jar:file:/home/user/.m2/repository/org/apache/hadoop/hadoop-hdds-container-service/1.2.0-SNAPSHOT/hadoop-hdds-container-service-1.2.0-SNAPSHOT.jar!/webapps/static,STOPPED}
2021-04-28 01:10:05,427 [ForkJoinPool.commonPool-worker-1] INFO  handler.ContextHandler (ContextHandler.java:doStop(1154)) - Stopped o.e.j.s.ServletContextHandler@106b7dd7{logs,/logs,file:///github/workspace/mnt/ozone/hadoop-ozone/integration-test/target/log,STOPPED}
2021-04-28 01:10:06,223 [Datanode State Machine Thread - 0] INFO  statemachine.DatanodeStateMachine (DatanodeStateMachine.java:lambda$startDaemon$0(411)) - Ozone container server started.
2021-04-28 01:10:06,363 [grpc-default-executor-1] WARN  server.GrpcLogAppender (LogUtils.java:warn(122)) - 43d3847f-81c3-43e7-b86e-40be164eab80@group-6799236C1344->f65384a4-a8a4-4787-a0e5-96e28e751202-AppendLogResponseHandler: Failed appendEntries: org.apache.ratis.thirdparty.io.grpc.StatusRuntimeException: UNAVAILABLE: io exception
2021-04-28 01:10:06,364 [grpc-default-executor-1] WARN  server.GrpcLogAppender (GrpcLogAppender.java:resetClient(111)) - 43d3847f-81c3-43e7-b86e-40be164eab80@group-6799236C1344->f65384a4-a8a4-4787-a0e5-96e28e751202-GrpcLogAppender: Leader has not got in touch with Follower 43d3847f-81c3-43e7-b86e-40be164eab80@group-6799236C1344->f65384a4-a8a4-4787-a0e5-96e28e751202(c0,m0,n1, attendVote=true, lastRpcSendTime=4, lastRpcResponseTime=2507) yet, just keep nextIndex unchanged and retry.
2021-04-28 01:10:06,376 [Datanode State Machine Thread - 0] INFO  statemachine.DatanodeStateMachine (DatanodeStateMachine.java:lambda$startDaemon$0(411)) - Ozone container server started.
2021-04-28 01:10:06,760 [grpc-default-executor-4] WARN  server.GrpcLogAppender (LogUtils.java:warn(122)) - 0fca32f9-76ae-40c1-a223-13204f8d545a@group-F7136F15FB93->c9444e84-7d1e-434a-8350-34c756d48665-AppendLogResponseHandler: Failed appendEntries: org.apache.ratis.thirdparty.io.grpc.StatusRuntimeException: UNAVAILABLE: io exception
2021-04-28 01:10:06,761 [grpc-default-executor-4] WARN  server.GrpcLogAppender (GrpcLogAppender.java:resetClient(111)) - 0fca32f9-76ae-40c1-a223-13204f8d545a@group-F7136F15FB93->c9444e84-7d1e-434a-8350-34c756d48665-GrpcLogAppender: Leader has not got in touch with Follower 0fca32f9-76ae-40c1-a223-13204f8d545a@group-F7136F15FB93->c9444e84-7d1e-434a-8350-34c756d48665(c0,m0,n1, attendVote=true, lastRpcSendTime=2, lastRpcResponseTime=2503) yet, just keep nextIndex unchanged and retry.
2021-04-28 01:10:08,859 [grpc-default-executor-4] WARN  server.GrpcLogAppender (LogUtils.java:warn(122)) - 43d3847f-81c3-43e7-b86e-40be164eab80@group-6799236C1344->f65384a4-a8a4-4787-a0e5-96e28e751202-AppendLogResponseHandler: Failed appendEntries: org.apache.ratis.thirdparty.io.grpc.StatusRuntimeException: UNAVAILABLE: io exception
2021-04-28 01:10:08,860 [grpc-default-executor-4] WARN  server.GrpcLogAppender (GrpcLogAppender.java:resetClient(111)) - 43d3847f-81c3-43e7-b86e-40be164eab80@group-6799236C1344->f65384a4-a8a4-4787-a0e5-96e28e751202-GrpcLogAppender: Leader has not got in touch with Follower 43d3847f-81c3-43e7-b86e-40be164eab80@group-6799236C1344->f65384a4-a8a4-4787-a0e5-96e28e751202(c0,m0,n1, attendVote=true, lastRpcSendTime=2501, lastRpcResponseTime=5004) yet, just keep nextIndex unchanged and retry.
2021-04-28 01:10:09,258 [grpc-default-executor-4] WARN  server.GrpcLogAppender (LogUtils.java:warn(122)) - 0fca32f9-76ae-40c1-a223-13204f8d545a@group-F7136F15FB93->c9444e84-7d1e-434a-8350-34c756d48665-AppendLogResponseHandler: Failed appendEntries: org.apache.ratis.thirdparty.io.grpc.StatusRuntimeException: UNAVAILABLE: io exception
2021-04-28 01:10:09,259 [grpc-default-executor-4] WARN  server.GrpcLogAppender (GrpcLogAppender.java:resetClient(111)) - 0fca32f9-76ae-40c1-a223-13204f8d545a@group-F7136F15FB93->c9444e84-7d1e-434a-8350-34c756d48665-GrpcLogAppender: Leader has not got in touch with Follower 0fca32f9-76ae-40c1-a223-13204f8d545a@group-F7136F15FB93->c9444e84-7d1e-434a-8350-34c756d48665(c0,m0,n1, attendVote=true, lastRpcSendTime=2501, lastRpcResponseTime=5002) yet, just keep nextIndex unchanged and retry.
2021-04-28 01:10:10,423 [Listener at 127.0.0.1/36361] INFO  ozoneimpl.OzoneContainer (OzoneContainer.java:stop(313)) - Attempting to stop container services.
2021-04-28 01:10:10,424 [Listener at 127.0.0.1/36361] INFO  server.RaftServer (RaftServerProxy.java:lambda$close$6(391)) - 3dc34c93-7aa4-4f5d-882a-22c345cc0d73: close
2021-04-28 01:10:10,424 [Listener at 127.0.0.1/36361] INFO  server.RaftServer$Division (RaftServerImpl.java:lambda$close$4(406)) - 3dc34c93-7aa4-4f5d-882a-22c345cc0d73@group-01B766403D27: shutdown
2021-04-28 01:10:10,424 [Listener at 127.0.0.1/36361] INFO  util.JmxRegister (JmxRegister.java:unregister(73)) - Successfully un-registered JMX Bean with object name Ratis:service=RaftServer,group=group-01B766403D27,id=3dc34c93-7aa4-4f5d-882a-22c345cc0d73
2021-04-28 01:10:10,424 [Listener at 127.0.0.1/36361] INFO  impl.RoleInfo (RoleInfo.java:shutdownFollowerState(108)) - 3dc34c93-7aa4-4f5d-882a-22c345cc0d73: shutdown 3dc34c93-7aa4-4f5d-882a-22c345cc0d73@group-01B766403D27-FollowerState
2021-04-28 01:10:10,424 [Listener at 127.0.0.1/36361] INFO  impl.StateMachineUpdater (StateMachineUpdater.java:stopAndJoin(149)) - 3dc34c93-7aa4-4f5d-882a-22c345cc0d73@group-01B766403D27-StateMachineUpdater: set stopIndex = 0
2021-04-28 01:10:10,425 [3dc34c93-7aa4-4f5d-882a-22c345cc0d73@group-01B766403D27-FollowerState] INFO  impl.FollowerState (FollowerState.java:run(143)) - 3dc34c93-7aa4-4f5d-882a-22c345cc0d73@group-01B766403D27-FollowerState was interrupted: {}
java.lang.InterruptedException: sleep interrupted
	at java.lang.Thread.sleep(Native Method)
	at java.lang.Thread.sleep(Thread.java:340)
	at java.util.concurrent.TimeUnit.sleep(TimeUnit.java:386)
	at org.apache.ratis.util.TimeDuration.sleep(TimeDuration.java:324)
	at org.apache.ratis.util.TimeDuration.sleep(TimeDuration.java:309)
	at org.apache.ratis.server.impl.FollowerState.run(FollowerState.java:118)
2021-04-28 01:10:10,425 [3dc34c93-7aa4-4f5d-882a-22c345cc0d73@group-01B766403D27-StateMachineUpdater] INFO  ratis.ContainerStateMachine (ContainerStateMachine.java:takeSnapshot(292)) - group-01B766403D27: Taking a snapshot at:(t:4, i:0) file /github/workspace/mnt/ozone/hadoop-ozone/integration-test/target/test-dir/MiniOzoneClusterImpl-d7076e4a-bb1a-46d0-b0f9-1975ab90d2da/datanode-3/data/ratis/d1b4f0a7-ea19-4a99-90ab-01b766403d27/sm/snapshot.4_0
2021-04-28 01:10:10,425 [3dc34c93-7aa4-4f5d-882a-22c345cc0d73@group-01B766403D27-StateMachineUpdater] INFO  ratis.ContainerStateMachine (ContainerStateMachine.java:takeSnapshot(303)) - group-01B766403D27: Finished taking a snapshot at:(t:4, i:0) file:/github/workspace/mnt/ozone/hadoop-ozone/integration-test/target/test-dir/MiniOzoneClusterImpl-d7076e4a-bb1a-46d0-b0f9-1975ab90d2da/datanode-3/data/ratis/d1b4f0a7-ea19-4a99-90ab-01b766403d27/sm/snapshot.4_0 took: 1 ms
2021-04-28 01:10:10,426 [3dc34c93-7aa4-4f5d-882a-22c345cc0d73@group-01B766403D27-StateMachineUpdater] INFO  impl.StateMachineUpdater (StateMachineUpdater.java:takeSnapshot(281)) - 3dc34c93-7aa4-4f5d-882a-22c345cc0d73@group-01B766403D27-StateMachineUpdater: Took a snapshot at index 0
2021-04-28 01:10:10,426 [3dc34c93-7aa4-4f5d-882a-22c345cc0d73@group-01B766403D27-StateMachineUpdater] INFO  impl.StateMachineUpdater (StateMachineUpdater.java:lambda$new$0(89)) - 3dc34c93-7aa4-4f5d-882a-22c345cc0d73@group-01B766403D27-StateMachineUpdater: snapshotIndex: updateIncreasingly -1 -> 0
2021-04-28 01:10:10,426 [3dc34c93-7aa4-4f5d-882a-22c345cc0d73@group-01B766403D27-StateMachineUpdater] INFO  metrics.RatisMetrics (RatisMetrics.java:unregister(43)) - Unregistering Metrics Registry : ratis.state_machine.3dc34c93-7aa4-4f5d-882a-22c345cc0d73@group-01B766403D27
2021-04-28 01:10:10,426 [Listener at 127.0.0.1/36361] INFO  server.RaftServer$Division (ServerState.java:close(405)) - 3dc34c93-7aa4-4f5d-882a-22c345cc0d73@group-01B766403D27: closes. applyIndex: 0
2021-04-28 01:10:10,426 [3dc34c93-7aa4-4f5d-882a-22c345cc0d73@group-01B766403D27-SegmentedRaftLogWorker] INFO  segmented.SegmentedRaftLogWorker (SegmentedRaftLogWorker.java:run(327)) - 3dc34c93-7aa4-4f5d-882a-22c345cc0d73@group-01B766403D27-SegmentedRaftLogWorker was interrupted, exiting. There are 0 tasks remaining in the queue.
2021-04-28 01:10:10,430 [Listener at 127.0.0.1/36361] INFO  segmented.SegmentedRaftLogWorker (SegmentedRaftLogWorker.java:close(237)) - 3dc34c93-7aa4-4f5d-882a-22c345cc0d73@group-01B766403D27-SegmentedRaftLogWorker close()
2021-04-28 01:10:10,431 [Listener at 127.0.0.1/36361] INFO  metrics.RatisMetrics (RatisMetrics.java:unregister(43)) - Unregistering Metrics Registry : ratis.log_worker.3dc34c93-7aa4-4f5d-882a-22c345cc0d73@group-01B766403D27
2021-04-28 01:10:10,431 [Listener at 127.0.0.1/36361] INFO  metrics.RatisMetrics (RatisMetrics.java:unregister(43)) - Unregistering Metrics Registry : ratis.leader_election.3dc34c93-7aa4-4f5d-882a-22c345cc0d73@group-01B766403D27
2021-04-28 01:10:10,431 [Listener at 127.0.0.1/36361] INFO  metrics.RatisMetrics (RatisMetrics.java:unregister(43)) - Unregistering Metrics Registry : ratis.server.3dc34c93-7aa4-4f5d-882a-22c345cc0d73@group-01B766403D27
2021-04-28 01:10:10,431 [Listener at 127.0.0.1/36361] INFO  server.RaftServer$Division (RaftServerImpl.java:lambda$close$4(406)) - 3dc34c93-7aa4-4f5d-882a-22c345cc0d73@group-2B645BF534FB: shutdown
2021-04-28 01:10:10,431 [Listener at 127.0.0.1/36361] INFO  util.JmxRegister (JmxRegister.java:unregister(73)) - Successfully un-registered JMX Bean with object name Ratis:service=RaftServer,group=group-2B645BF534FB,id=3dc34c93-7aa4-4f5d-882a-22c345cc0d73
2021-04-28 01:10:10,431 [Listener at 127.0.0.1/36361] INFO  impl.RoleInfo (RoleInfo.java:shutdownLeaderState(91)) - 3dc34c93-7aa4-4f5d-882a-22c345cc0d73: shutdown 3dc34c93-7aa4-4f5d-882a-22c345cc0d73@group-2B645BF534FB-LeaderStateImpl
2021-04-28 01:10:10,432 [Listener at 127.0.0.1/36361] INFO  impl.PendingRequests (PendingRequests.java:sendNotLeaderResponses(249)) - 3dc34c93-7aa4-4f5d-882a-22c345cc0d73@group-2B645BF534FB-PendingRequests: sendNotLeaderResponses
2021-04-28 01:10:10,432 [Listener at 127.0.0.1/36361] INFO  metrics.RatisMetrics (RatisMetrics.java:unregister(43)) - Unregistering Metrics Registry : ratis.log_appender.3dc34c93-7aa4-4f5d-882a-22c345cc0d73@group-2B645BF534FB
2021-04-28 01:10:10,432 [Listener at 127.0.0.1/36361] INFO  metrics.RatisMetrics (RatisMetrics.java:unregister(43)) - Unregistering Metrics Registry : ratis.server.3dc34c93-7aa4-4f5d-882a-22c345cc0d73@group-2B645BF534FB
2021-04-28 01:10:10,432 [ForkJoinPool.commonPool-worker-1] INFO  ozoneimpl.OzoneContainer (OzoneContainer.java:stop(313)) - Attempting to stop container services.
2021-04-28 01:10:10,433 [Listener at 127.0.0.1/36361] INFO  impl.StateMachineUpdater (StateMachineUpdater.java:stopAndJoin(149)) - 3dc34c93-7aa4-4f5d-882a-22c345cc0d73@group-2B645BF534FB-StateMachineUpdater: set stopIndex = 0
2021-04-28 01:10:10,433 [3dc34c93-7aa4-4f5d-882a-22c345cc0d73@group-2B645BF534FB-StateMachineUpdater] INFO  ratis.ContainerStateMachine (ContainerStateMachine.java:takeSnapshot(292)) - group-2B645BF534FB: Taking a snapshot at:(t:1, i:0) file /github/workspace/mnt/ozone/hadoop-ozone/integration-test/target/test-dir/MiniOzoneClusterImpl-d7076e4a-bb1a-46d0-b0f9-1975ab90d2da/datanode-3/data/ratis/32c504ed-7615-4568-aa16-2b645bf534fb/sm/snapshot.1_0
2021-04-28 01:10:10,433 [ForkJoinPool.commonPool-worker-1] INFO  server.RaftServer (RaftServerProxy.java:lambda$close$6(391)) - 42fd2707-1841-40d3-b54b-6f39f935cc38: close
2021-04-28 01:10:10,433 [ForkJoinPool.commonPool-worker-1] INFO  server.RaftServer$Division (RaftServerImpl.java:lambda$close$4(406)) - 42fd2707-1841-40d3-b54b-6f39f935cc38@group-8D4B036DA8CF: shutdown
2021-04-28 01:10:10,433 [ForkJoinPool.commonPool-worker-1] INFO  util.JmxRegister (JmxRegister.java:unregister(73)) - Successfully un-registered JMX Bean with object name Ratis:service=RaftServer,group=group-8D4B036DA8CF,id=42fd2707-1841-40d3-b54b-6f39f935cc38
2021-04-28 01:10:10,434 [ForkJoinPool.commonPool-worker-1] INFO  impl.RoleInfo (RoleInfo.java:shutdownLeaderState(91)) - 42fd2707-1841-40d3-b54b-6f39f935cc38: shutdown 42fd2707-1841-40d3-b54b-6f39f935cc38@group-8D4B036DA8CF-LeaderStateImpl
2021-04-28 01:10:10,434 [ForkJoinPool.commonPool-worker-1] INFO  impl.PendingRequests (PendingRequests.java:sendNotLeaderResponses(249)) - 42fd2707-1841-40d3-b54b-6f39f935cc38@group-8D4B036DA8CF-PendingRequests: sendNotLeaderResponses
2021-04-28 01:10:10,434 [ForkJoinPool.commonPool-worker-1] INFO  metrics.RatisMetrics (RatisMetrics.java:unregister(43)) - Unregistering Metrics Registry : ratis.log_appender.42fd2707-1841-40d3-b54b-6f39f935cc38@group-8D4B036DA8CF
2021-04-28 01:10:10,434 [ForkJoinPool.commonPool-worker-1] INFO  metrics.RatisMetrics (RatisMetrics.java:unregister(43)) - Unregistering Metrics Registry : ratis.server.42fd2707-1841-40d3-b54b-6f39f935cc38@group-8D4B036DA8CF
2021-04-28 01:10:10,434 [ForkJoinPool.commonPool-worker-1] INFO  impl.StateMachineUpdater (StateMachineUpdater.java:stopAndJoin(149)) - 42fd2707-1841-40d3-b54b-6f39f935cc38@group-8D4B036DA8CF-StateMachineUpdater: set stopIndex = 0
2021-04-28 01:10:10,434 [42fd2707-1841-40d3-b54b-6f39f935cc38@group-8D4B036DA8CF-StateMachineUpdater] INFO  ratis.ContainerStateMachine (ContainerStateMachine.java:takeSnapshot(292)) - group-8D4B036DA8CF: Taking a snapshot at:(t:1, i:0) file /github/workspace/mnt/ozone/hadoop-ozone/integration-test/target/test-dir/MiniOzoneClusterImpl-d7076e4a-bb1a-46d0-b0f9-1975ab90d2da/datanode-2/data/ratis/f5ee1fcb-8c60-4dad-82b1-8d4b036da8cf/sm/snapshot.1_0
2021-04-28 01:10:10,435 [3dc34c93-7aa4-4f5d-882a-22c345cc0d73@group-2B645BF534FB-StateMachineUpdater] INFO  ratis.ContainerStateMachine (ContainerStateMachine.java:takeSnapshot(303)) - group-2B645BF534FB: Finished taking a snapshot at:(t:1, i:0) file:/github/workspace/mnt/ozone/hadoop-ozone/integration-test/target/test-dir/MiniOzoneClusterImpl-d7076e4a-bb1a-46d0-b0f9-1975ab90d2da/datanode-3/data/ratis/32c504ed-7615-4568-aa16-2b645bf534fb/sm/snapshot.1_0 took: 2 ms
2021-04-28 01:10:10,435 [3dc34c93-7aa4-4f5d-882a-22c345cc0d73@group-2B645BF534FB-StateMachineUpdater] INFO  impl.StateMachineUpdater (StateMachineUpdater.java:takeSnapshot(281)) - 3dc34c93-7aa4-4f5d-882a-22c345cc0d73@group-2B645BF534FB-StateMachineUpdater: Took a snapshot at index 0
2021-04-28 01:10:10,435 [3dc34c93-7aa4-4f5d-882a-22c345cc0d73@group-2B645BF534FB-StateMachineUpdater] INFO  impl.StateMachineUpdater (StateMachineUpdater.java:lambda$new$0(89)) - 3dc34c93-7aa4-4f5d-882a-22c345cc0d73@group-2B645BF534FB-StateMachineUpdater: snapshotIndex: updateIncreasingly -1 -> 0
2021-04-28 01:10:10,435 [3dc34c93-7aa4-4f5d-882a-22c345cc0d73@group-2B645BF534FB-StateMachineUpdater] INFO  metrics.RatisMetrics (RatisMetrics.java:unregister(43)) - Unregistering Metrics Registry : ratis.state_machine.3dc34c93-7aa4-4f5d-882a-22c345cc0d73@group-2B645BF534FB
2021-04-28 01:10:10,435 [42fd2707-1841-40d3-b54b-6f39f935cc38@group-8D4B036DA8CF-StateMachineUpdater] INFO  ratis.ContainerStateMachine (ContainerStateMachine.java:takeSnapshot(303)) - group-8D4B036DA8CF: Finished taking a snapshot at:(t:1, i:0) file:/github/workspace/mnt/ozone/hadoop-ozone/integration-test/target/test-dir/MiniOzoneClusterImpl-d7076e4a-bb1a-46d0-b0f9-1975ab90d2da/datanode-2/data/ratis/f5ee1fcb-8c60-4dad-82b1-8d4b036da8cf/sm/snapshot.1_0 took: 1 ms
2021-04-28 01:10:10,435 [42fd2707-1841-40d3-b54b-6f39f935cc38@group-8D4B036DA8CF-StateMachineUpdater] INFO  impl.StateMachineUpdater (StateMachineUpdater.java:takeSnapshot(281)) - 42fd2707-1841-40d3-b54b-6f39f935cc38@group-8D4B036DA8CF-StateMachineUpdater: Took a snapshot at index 0
2021-04-28 01:10:10,435 [42fd2707-1841-40d3-b54b-6f39f935cc38@group-8D4B036DA8CF-StateMachineUpdater] INFO  impl.StateMachineUpdater (StateMachineUpdater.java:lambda$new$0(89)) - 42fd2707-1841-40d3-b54b-6f39f935cc38@group-8D4B036DA8CF-StateMachineUpdater: snapshotIndex: updateIncreasingly -1 -> 0
2021-04-28 01:10:10,436 [42fd2707-1841-40d3-b54b-6f39f935cc38@group-8D4B036DA8CF-StateMachineUpdater] INFO  metrics.RatisMetrics (RatisMetrics.java:unregister(43)) - Unregistering Metrics Registry : ratis.state_machine.42fd2707-1841-40d3-b54b-6f39f935cc38@group-8D4B036DA8CF
2021-04-28 01:10:10,436 [ForkJoinPool.commonPool-worker-1] INFO  server.RaftServer$Division (ServerState.java:close(405)) - 42fd2707-1841-40d3-b54b-6f39f935cc38@group-8D4B036DA8CF: closes. applyIndex: 0
2021-04-28 01:10:10,436 [42fd2707-1841-40d3-b54b-6f39f935cc38@group-8D4B036DA8CF-SegmentedRaftLogWorker] INFO  segmented.SegmentedRaftLogWorker (SegmentedRaftLogWorker.java:run(327)) - 42fd2707-1841-40d3-b54b-6f39f935cc38@group-8D4B036DA8CF-SegmentedRaftLogWorker was interrupted, exiting. There are 0 tasks remaining in the queue.
2021-04-28 01:10:10,438 [Listener at 127.0.0.1/36361] INFO  server.RaftServer$Division (ServerState.java:close(405)) - 3dc34c93-7aa4-4f5d-882a-22c345cc0d73@group-2B645BF534FB: closes. applyIndex: 0
2021-04-28 01:10:10,439 [ForkJoinPool.commonPool-worker-1] INFO  segmented.SegmentedRaftLogWorker (SegmentedRaftLogWorker.java:close(237)) - 42fd2707-1841-40d3-b54b-6f39f935cc38@group-8D4B036DA8CF-SegmentedRaftLogWorker close()
2021-04-28 01:10:10,440 [ForkJoinPool.commonPool-worker-1] INFO  metrics.RatisMetrics (RatisMetrics.java:unregister(43)) - Unregistering Metrics Registry : ratis.log_worker.42fd2707-1841-40d3-b54b-6f39f935cc38@group-8D4B036DA8CF
2021-04-28 01:10:10,440 [ForkJoinPool.commonPool-worker-1] INFO  metrics.RatisMetrics (RatisMetrics.java:unregister(43)) - Unregistering Metrics Registry : ratis.leader_election.42fd2707-1841-40d3-b54b-6f39f935cc38@group-8D4B036DA8CF
2021-04-28 01:10:10,440 [ForkJoinPool.commonPool-worker-1] INFO  metrics.RatisMetrics (RatisMetrics.java:unregister(43)) - Unregistering Metrics Registry : ratis.server.42fd2707-1841-40d3-b54b-6f39f935cc38@group-8D4B036DA8CF
2021-04-28 01:10:10,440 [ForkJoinPool.commonPool-worker-1] INFO  server.RaftServer$Division (RaftServerImpl.java:lambda$close$4(406)) - 42fd2707-1841-40d3-b54b-6f39f935cc38@group-A8230B39765F: shutdown
2021-04-28 01:10:10,440 [ForkJoinPool.commonPool-worker-1] INFO  util.JmxRegister (JmxRegister.java:unregister(73)) - Successfully un-registered JMX Bean with object name Ratis:service=RaftServer,group=group-A8230B39765F,id=42fd2707-1841-40d3-b54b-6f39f935cc38
2021-04-28 01:10:10,440 [ForkJoinPool.commonPool-worker-1] INFO  impl.RoleInfo (RoleInfo.java:shutdownFollowerState(108)) - 42fd2707-1841-40d3-b54b-6f39f935cc38: shutdown 42fd2707-1841-40d3-b54b-6f39f935cc38@group-A8230B39765F-FollowerState
2021-04-28 01:10:10,441 [42fd2707-1841-40d3-b54b-6f39f935cc38@group-A8230B39765F-FollowerState] INFO  impl.FollowerState (FollowerState.java:run(143)) - 42fd2707-1841-40d3-b54b-6f39f935cc38@group-A8230B39765F-FollowerState was interrupted: {}
java.lang.InterruptedException: sleep interrupted
	at java.lang.Thread.sleep(Native Method)
	at java.lang.Thread.sleep(Thread.java:340)
	at java.util.concurrent.TimeUnit.sleep(TimeUnit.java:386)
	at org.apache.ratis.util.TimeDuration.sleep(TimeDuration.java:324)
	at org.apache.ratis.util.TimeDuration.sleep(TimeDuration.java:309)
	at org.apache.ratis.server.impl.FollowerState.run(FollowerState.java:118)
2021-04-28 01:10:10,441 [42fd2707-1841-40d3-b54b-6f39f935cc38@group-A8230B39765F-StateMachineUpdater] INFO  ratis.ContainerStateMachine (ContainerStateMachine.java:takeSnapshot(292)) - group-A8230B39765F: Taking a snapshot at:(t:6, i:2) file /github/workspace/mnt/ozone/hadoop-ozone/integration-test/target/test-dir/MiniOzoneClusterImpl-d7076e4a-bb1a-46d0-b0f9-1975ab90d2da/datanode-2/data/ratis/ec4b5416-ebc2-40d3-845e-a8230b39765f/sm/snapshot.6_2
2021-04-28 01:10:10,441 [ForkJoinPool.commonPool-worker-1] INFO  impl.StateMachineUpdater (StateMachineUpdater.java:stopAndJoin(149)) - 42fd2707-1841-40d3-b54b-6f39f935cc38@group-A8230B39765F-StateMachineUpdater: set stopIndex = 2
2021-04-28 01:10:10,441 [42fd2707-1841-40d3-b54b-6f39f935cc38@group-A8230B39765F-StateMachineUpdater] INFO  ratis.ContainerStateMachine (ContainerStateMachine.java:takeSnapshot(303)) - group-A8230B39765F: Finished taking a snapshot at:(t:6, i:2) file:/github/workspace/mnt/ozone/hadoop-ozone/integration-test/target/test-dir/MiniOzoneClusterImpl-d7076e4a-bb1a-46d0-b0f9-1975ab90d2da/datanode-2/data/ratis/ec4b5416-ebc2-40d3-845e-a8230b39765f/sm/snapshot.6_2 took: 1 ms
2021-04-28 01:10:10,441 [3dc34c93-7aa4-4f5d-882a-22c345cc0d73@group-2B645BF534FB-SegmentedRaftLogWorker] INFO  segmented.SegmentedRaftLogWorker (SegmentedRaftLogWorker.java:run(327)) - 3dc34c93-7aa4-4f5d-882a-22c345cc0d73@group-2B645BF534FB-SegmentedRaftLogWorker was interrupted, exiting. There are 0 tasks remaining in the queue.
2021-04-28 01:10:10,442 [42fd2707-1841-40d3-b54b-6f39f935cc38@group-A8230B39765F-StateMachineUpdater] INFO  impl.StateMachineUpdater (StateMachineUpdater.java:takeSnapshot(281)) - 42fd2707-1841-40d3-b54b-6f39f935cc38@group-A8230B39765F-StateMachineUpdater: Took a snapshot at index 2
2021-04-28 01:10:10,442 [42fd2707-1841-40d3-b54b-6f39f935cc38@group-A8230B39765F-StateMachineUpdater] INFO  impl.StateMachineUpdater (StateMachineUpdater.java:lambda$new$0(89)) - 42fd2707-1841-40d3-b54b-6f39f935cc38@group-A8230B39765F-StateMachineUpdater: snapshotIndex: updateIncreasingly -1 -> 2
2021-04-28 01:10:10,442 [42fd2707-1841-40d3-b54b-6f39f935cc38@group-A8230B39765F-StateMachineUpdater] INFO  metrics.RatisMetrics (RatisMetrics.java:unregister(43)) - Unregistering Metrics Registry : ratis.state_machine.42fd2707-1841-40d3-b54b-6f39f935cc38@group-A8230B39765F
2021-04-28 01:10:10,442 [ForkJoinPool.commonPool-worker-1] INFO  server.RaftServer$Division (ServerState.java:close(405)) - 42fd2707-1841-40d3-b54b-6f39f935cc38@group-A8230B39765F: closes. applyIndex: 2
2021-04-28 01:10:10,442 [42fd2707-1841-40d3-b54b-6f39f935cc38@group-A8230B39765F-SegmentedRaftLogWorker] INFO  segmented.SegmentedRaftLogWorker (SegmentedRaftLogWorker.java:run(327)) - 42fd2707-1841-40d3-b54b-6f39f935cc38@group-A8230B39765F-SegmentedRaftLogWorker was interrupted, exiting. There are 0 tasks remaining in the queue.
2021-04-28 01:10:10,451 [ForkJoinPool.commonPool-worker-1] INFO  segmented.SegmentedRaftLogWorker (SegmentedRaftLogWorker.java:close(237)) - 42fd2707-1841-40d3-b54b-6f39f935cc38@group-A8230B39765F-SegmentedRaftLogWorker close()
2021-04-28 01:10:10,457 [ForkJoinPool.commonPool-worker-1] INFO  metrics.RatisMetrics (RatisMetrics.java:unregister(43)) - Unregistering Metrics Registry : ratis.log_worker.42fd2707-1841-40d3-b54b-6f39f935cc38@group-A8230B39765F
2021-04-28 01:10:10,457 [ForkJoinPool.commonPool-worker-1] INFO  metrics.RatisMetrics (RatisMetrics.java:unregister(43)) - Unregistering Metrics Registry : ratis.leader_election.42fd2707-1841-40d3-b54b-6f39f935cc38@group-A8230B39765F
2021-04-28 01:10:10,457 [ForkJoinPool.commonPool-worker-1] INFO  metrics.RatisMetrics (RatisMetrics.java:unregister(43)) - Unregistering Metrics Registry : ratis.server.42fd2707-1841-40d3-b54b-6f39f935cc38@group-A8230B39765F
2021-04-28 01:10:10,458 [ForkJoinPool.commonPool-worker-1] INFO  server.RaftServer$Division (RaftServerImpl.java:lambda$close$4(406)) - 42fd2707-1841-40d3-b54b-6f39f935cc38@group-6799236C1344: shutdown
2021-04-28 01:10:10,458 [ForkJoinPool.commonPool-worker-1] INFO  util.JmxRegister (JmxRegister.java:unregister(73)) - Successfully un-registered JMX Bean with object name Ratis:service=RaftServer,group=group-6799236C1344,id=42fd2707-1841-40d3-b54b-6f39f935cc38
2021-04-28 01:10:10,458 [ForkJoinPool.commonPool-worker-1] INFO  impl.RoleInfo (RoleInfo.java:shutdownFollowerState(108)) - 42fd2707-1841-40d3-b54b-6f39f935cc38: shutdown 42fd2707-1841-40d3-b54b-6f39f935cc38@group-6799236C1344-FollowerState
2021-04-28 01:10:10,458 [ForkJoinPool.commonPool-worker-1] INFO  impl.StateMachineUpdater (StateMachineUpdater.java:stopAndJoin(149)) - 42fd2707-1841-40d3-b54b-6f39f935cc38@group-6799236C1344-StateMachineUpdater: set stopIndex = 0
2021-04-28 01:10:10,458 [42fd2707-1841-40d3-b54b-6f39f935cc38@group-6799236C1344-FollowerState] INFO  impl.FollowerState (FollowerState.java:run(143)) - 42fd2707-1841-40d3-b54b-6f39f935cc38@group-6799236C1344-FollowerState was interrupted: {}
java.lang.InterruptedException: sleep interrupted
	at java.lang.Thread.sleep(Native Method)
	at java.lang.Thread.sleep(Thread.java:340)
	at java.util.concurrent.TimeUnit.sleep(TimeUnit.java:386)
	at org.apache.ratis.util.TimeDuration.sleep(TimeDuration.java:324)
	at org.apache.ratis.util.TimeDuration.sleep(TimeDuration.java:309)
	at org.apache.ratis.server.impl.FollowerState.run(FollowerState.java:118)
2021-04-28 01:10:10,458 [42fd2707-1841-40d3-b54b-6f39f935cc38@group-6799236C1344-StateMachineUpdater] INFO  ratis.ContainerStateMachine (ContainerStateMachine.java:takeSnapshot(292)) - group-6799236C1344: Taking a snapshot at:(t:4, i:0) file /github/workspace/mnt/ozone/hadoop-ozone/integration-test/target/test-dir/MiniOzoneClusterImpl-d7076e4a-bb1a-46d0-b0f9-1975ab90d2da/datanode-2/data/ratis/25f1310e-fe38-48ae-bbd4-6799236c1344/sm/snapshot.4_0
2021-04-28 01:10:10,459 [Listener at 127.0.0.1/36361] INFO  segmented.SegmentedRaftLogWorker (SegmentedRaftLogWorker.java:close(237)) - 3dc34c93-7aa4-4f5d-882a-22c345cc0d73@group-2B645BF534FB-SegmentedRaftLogWorker close()
2021-04-28 01:10:10,459 [42fd2707-1841-40d3-b54b-6f39f935cc38@group-6799236C1344-StateMachineUpdater] INFO  ratis.ContainerStateMachine (ContainerStateMachine.java:takeSnapshot(303)) - group-6799236C1344: Finished taking a snapshot at:(t:4, i:0) file:/github/workspace/mnt/ozone/hadoop-ozone/integration-test/target/test-dir/MiniOzoneClusterImpl-d7076e4a-bb1a-46d0-b0f9-1975ab90d2da/datanode-2/data/ratis/25f1310e-fe38-48ae-bbd4-6799236c1344/sm/snapshot.4_0 took: 1 ms
2021-04-28 01:10:10,459 [Listener at 127.0.0.1/36361] INFO  metrics.RatisMetrics (RatisMetrics.java:unregister(43)) - Unregistering Metrics Registry : ratis.log_worker.3dc34c93-7aa4-4f5d-882a-22c345cc0d73@group-2B645BF534FB
2021-04-28 01:10:10,460 [Listener at 127.0.0.1/36361] INFO  metrics.RatisMetrics (RatisMetrics.java:unregister(43)) - Unregistering Metrics Registry : ratis.leader_election.3dc34c93-7aa4-4f5d-882a-22c345cc0d73@group-2B645BF534FB
2021-04-28 01:10:10,460 [Listener at 127.0.0.1/36361] INFO  metrics.RatisMetrics (RatisMetrics.java:unregister(43)) - Unregistering Metrics Registry : ratis.server.3dc34c93-7aa4-4f5d-882a-22c345cc0d73@group-2B645BF534FB
2021-04-28 01:10:10,460 [Listener at 127.0.0.1/36361] INFO  server.RaftServer$Division (RaftServerImpl.java:lambda$close$4(406)) - 3dc34c93-7aa4-4f5d-882a-22c345cc0d73@group-F7136F15FB93: shutdown
2021-04-28 01:10:10,460 [Listener at 127.0.0.1/36361] INFO  util.JmxRegister (JmxRegister.java:unregister(73)) - Successfully un-registered JMX Bean with object name Ratis:service=RaftServer,group=group-F7136F15FB93,id=3dc34c93-7aa4-4f5d-882a-22c345cc0d73
2021-04-28 01:10:10,460 [Listener at 127.0.0.1/36361] INFO  impl.RoleInfo (RoleInfo.java:shutdownFollowerState(108)) - 3dc34c93-7aa4-4f5d-882a-22c345cc0d73: shutdown 3dc34c93-7aa4-4f5d-882a-22c345cc0d73@group-F7136F15FB93-FollowerState
2021-04-28 01:10:10,460 [Listener at 127.0.0.1/36361] INFO  impl.StateMachineUpdater (StateMachineUpdater.java:stopAndJoin(149)) - 3dc34c93-7aa4-4f5d-882a-22c345cc0d73@group-F7136F15FB93-StateMachineUpdater: set stopIndex = 0
2021-04-28 01:10:10,460 [3dc34c93-7aa4-4f5d-882a-22c345cc0d73@group-F7136F15FB93-FollowerState] INFO  impl.FollowerState (FollowerState.java:run(143)) - 3dc34c93-7aa4-4f5d-882a-22c345cc0d73@group-F7136F15FB93-FollowerState was interrupted: {}
java.lang.InterruptedException: sleep interrupted
	at java.lang.Thread.sleep(Native Method)
	at java.lang.Thread.sleep(Thread.java:340)
	at java.util.concurrent.TimeUnit.sleep(TimeUnit.java:386)
	at org.apache.ratis.util.TimeDuration.sleep(TimeDuration.java:324)
	at org.apache.ratis.util.TimeDuration.sleep(TimeDuration.java:309)
	at org.apache.ratis.server.impl.FollowerState.run(FollowerState.java:118)
2021-04-28 01:10:10,460 [3dc34c93-7aa4-4f5d-882a-22c345cc0d73@group-F7136F15FB93-StateMachineUpdater] INFO  ratis.ContainerStateMachine (ContainerStateMachine.java:takeSnapshot(292)) - group-F7136F15FB93: Taking a snapshot at:(t:2, i:0) file /github/workspace/mnt/ozone/hadoop-ozone/integration-test/target/test-dir/MiniOzoneClusterImpl-d7076e4a-bb1a-46d0-b0f9-1975ab90d2da/datanode-3/data/ratis/caff8bd0-7063-4efd-97e9-f7136f15fb93/sm/snapshot.2_0
2021-04-28 01:10:10,461 [42fd2707-1841-40d3-b54b-6f39f935cc38@group-6799236C1344-StateMachineUpdater] INFO  impl.StateMachineUpdater (StateMachineUpdater.java:takeSnapshot(281)) - 42fd2707-1841-40d3-b54b-6f39f935cc38@group-6799236C1344-StateMachineUpdater: Took a snapshot at index 0
2021-04-28 01:10:10,461 [42fd2707-1841-40d3-b54b-6f39f935cc38@group-6799236C1344-StateMachineUpdater] INFO  impl.StateMachineUpdater (StateMachineUpdater.java:lambda$new$0(89)) - 42fd2707-1841-40d3-b54b-6f39f935cc38@group-6799236C1344-StateMachineUpdater: snapshotIndex: updateIncreasingly -1 -> 0
2021-04-28 01:10:10,461 [3dc34c93-7aa4-4f5d-882a-22c345cc0d73@group-F7136F15FB93-StateMachineUpdater] INFO  ratis.ContainerStateMachine (ContainerStateMachine.java:takeSnapshot(303)) - group-F7136F15FB93: Finished taking a snapshot at:(t:2, i:0) file:/github/workspace/mnt/ozone/hadoop-ozone/integration-test/target/test-dir/MiniOzoneClusterImpl-d7076e4a-bb1a-46d0-b0f9-1975ab90d2da/datanode-3/data/ratis/caff8bd0-7063-4efd-97e9-f7136f15fb93/sm/snapshot.2_0 took: 1 ms
2021-04-28 01:10:10,461 [42fd2707-1841-40d3-b54b-6f39f935cc38@group-6799236C1344-StateMachineUpdater] INFO  metrics.RatisMetrics (RatisMetrics.java:unregister(43)) - Unregistering Metrics Registry : ratis.state_machine.42fd2707-1841-40d3-b54b-6f39f935cc38@group-6799236C1344
2021-04-28 01:10:10,461 [3dc34c93-7aa4-4f5d-882a-22c345cc0d73@group-F7136F15FB93-StateMachineUpdater] INFO  impl.StateMachineUpdater (StateMachineUpdater.java:takeSnapshot(281)) - 3dc34c93-7aa4-4f5d-882a-22c345cc0d73@group-F7136F15FB93-StateMachineUpdater: Took a snapshot at index 0
2021-04-28 01:10:10,461 [3dc34c93-7aa4-4f5d-882a-22c345cc0d73@group-F7136F15FB93-StateMachineUpdater] INFO  impl.StateMachineUpdater (StateMachineUpdater.java:lambda$new$0(89)) - 3dc34c93-7aa4-4f5d-882a-22c345cc0d73@group-F7136F15FB93-StateMachineUpdater: snapshotIndex: updateIncreasingly -1 -> 0
2021-04-28 01:10:10,461 [ForkJoinPool.commonPool-worker-1] INFO  server.RaftServer$Division (ServerState.java:close(405)) - 42fd2707-1841-40d3-b54b-6f39f935cc38@group-6799236C1344: closes. applyIndex: 0
2021-04-28 01:10:10,461 [3dc34c93-7aa4-4f5d-882a-22c345cc0d73@group-F7136F15FB93-StateMachineUpdater] INFO  metrics.RatisMetrics (RatisMetrics.java:unregister(43)) - Unregistering Metrics Registry : ratis.state_machine.3dc34c93-7aa4-4f5d-882a-22c345cc0d73@group-F7136F15FB93
2021-04-28 01:10:10,462 [42fd2707-1841-40d3-b54b-6f39f935cc38@group-6799236C1344-SegmentedRaftLogWorker] INFO  segmented.SegmentedRaftLogWorker (SegmentedRaftLogWorker.java:run(327)) - 42fd2707-1841-40d3-b54b-6f39f935cc38@group-6799236C1344-SegmentedRaftLogWorker was interrupted, exiting. There are 0 tasks remaining in the queue.
2021-04-28 01:10:10,462 [ForkJoinPool.commonPool-worker-1] INFO  segmented.SegmentedRaftLogWorker (SegmentedRaftLogWorker.java:close(237)) - 42fd2707-1841-40d3-b54b-6f39f935cc38@group-6799236C1344-SegmentedRaftLogWorker close()
2021-04-28 01:10:10,462 [Listener at 127.0.0.1/36361] INFO  server.RaftServer$Division (ServerState.java:close(405)) - 3dc34c93-7aa4-4f5d-882a-22c345cc0d73@group-F7136F15FB93: closes. applyIndex: 0
2021-04-28 01:10:10,462 [3dc34c93-7aa4-4f5d-882a-22c345cc0d73@group-F7136F15FB93-SegmentedRaftLogWorker] INFO  segmented.SegmentedRaftLogWorker (SegmentedRaftLogWorker.java:run(327)) - 3dc34c93-7aa4-4f5d-882a-22c345cc0d73@group-F7136F15FB93-SegmentedRaftLogWorker was interrupted, exiting. There are 0 tasks remaining in the queue.
2021-04-28 01:10:10,462 [Listener at 127.0.0.1/36361] INFO  segmented.SegmentedRaftLogWorker (SegmentedRaftLogWorker.java:close(237)) - 3dc34c93-7aa4-4f5d-882a-22c345cc0d73@group-F7136F15FB93-SegmentedRaftLogWorker close()
2021-04-28 01:10:10,470 [ForkJoinPool.commonPool-worker-1] INFO  metrics.RatisMetrics (RatisMetrics.java:unregister(43)) - Unregistering Metrics Registry : ratis.log_worker.42fd2707-1841-40d3-b54b-6f39f935cc38@group-6799236C1344
2021-04-28 01:10:10,470 [ForkJoinPool.commonPool-worker-1] INFO  metrics.RatisMetrics (RatisMetrics.java:unregister(43)) - Unregistering Metrics Registry : ratis.leader_election.42fd2707-1841-40d3-b54b-6f39f935cc38@group-6799236C1344
2021-04-28 01:10:10,470 [ForkJoinPool.commonPool-worker-1] INFO  metrics.RatisMetrics (RatisMetrics.java:unregister(43)) - Unregistering Metrics Registry : ratis.server.42fd2707-1841-40d3-b54b-6f39f935cc38@group-6799236C1344
2021-04-28 01:10:10,470 [ForkJoinPool.commonPool-worker-1] INFO  server.GrpcService (GrpcService.java:closeImpl(262)) - 42fd2707-1841-40d3-b54b-6f39f935cc38: shutdown server with port 41223 now
2021-04-28 01:10:10,470 [Listener at 127.0.0.1/36361] INFO  metrics.RatisMetrics (RatisMetrics.java:unregister(43)) - Unregistering Metrics Registry : ratis.log_worker.3dc34c93-7aa4-4f5d-882a-22c345cc0d73@group-F7136F15FB93
2021-04-28 01:10:10,470 [Listener at 127.0.0.1/36361] INFO  metrics.RatisMetrics (RatisMetrics.java:unregister(43)) - Unregistering Metrics Registry : ratis.leader_election.3dc34c93-7aa4-4f5d-882a-22c345cc0d73@group-F7136F15FB93
2021-04-28 01:10:10,471 [Listener at 127.0.0.1/36361] INFO  metrics.RatisMetrics (RatisMetrics.java:unregister(43)) - Unregistering Metrics Registry : ratis.server.3dc34c93-7aa4-4f5d-882a-22c345cc0d73@group-F7136F15FB93
2021-04-28 01:10:10,471 [Listener at 127.0.0.1/36361] INFO  server.GrpcService (GrpcService.java:closeImpl(262)) - 3dc34c93-7aa4-4f5d-882a-22c345cc0d73: shutdown server with port 34555 now
2021-04-28 01:10:10,474 [grpc-default-executor-1] WARN  server.GrpcServerProtocolService (LogUtils.java:warn(122)) - 42fd2707-1841-40d3-b54b-6f39f935cc38: installSnapshot onError, lastRequest: 43d3847f-81c3-43e7-b86e-40be164eab80->42fd2707-1841-40d3-b54b-6f39f935cc38#1-t4,previous=(t:0, i:0),leaderCommit=-1,initializing? true,entries: size=1, first=(t:4, i:0), CONFIGURATIONENTRY: org.apache.ratis.thirdparty.io.grpc.StatusRuntimeException: CANCELLED: client cancelled
2021-04-28 01:10:10,474 [grpc-default-executor-3] WARN  server.GrpcServerProtocolService (LogUtils.java:warn(122)) - 3dc34c93-7aa4-4f5d-882a-22c345cc0d73: installSnapshot onError, lastRequest: 0fca32f9-76ae-40c1-a223-13204f8d545a->3dc34c93-7aa4-4f5d-882a-22c345cc0d73#1-t2,previous=(t:0, i:0),leaderCommit=0,initializing? true,entries: size=1, first=(t:2, i:0), CONFIGURATIONENTRY: org.apache.ratis.thirdparty.io.grpc.StatusRuntimeException: CANCELLED: client cancelled
2021-04-28 01:10:10,475 [grpc-default-executor-4] WARN  server.GrpcLogAppender (LogUtils.java:warn(122)) - 43d3847f-81c3-43e7-b86e-40be164eab80@group-6799236C1344->42fd2707-1841-40d3-b54b-6f39f935cc38-AppendLogResponseHandler: Failed appendEntries: org.apache.ratis.thirdparty.io.grpc.StatusRuntimeException: CANCELLED: HTTP/2 error code: CANCEL
Received Rst Stream
2021-04-28 01:10:10,475 [grpc-default-executor-4] WARN  server.GrpcLogAppender (GrpcLogAppender.java:resetClient(111)) - 43d3847f-81c3-43e7-b86e-40be164eab80@group-6799236C1344->42fd2707-1841-40d3-b54b-6f39f935cc38-GrpcLogAppender: Leader has not got in touch with Follower 43d3847f-81c3-43e7-b86e-40be164eab80@group-6799236C1344->42fd2707-1841-40d3-b54b-6f39f935cc38(c0,m0,n1, attendVote=true, lastRpcSendTime=1608, lastRpcResponseTime=1603) yet, just keep nextIndex unchanged and retry.
2021-04-28 01:10:10,475 [grpc-default-executor-1] WARN  client.GrpcClientProtocolService (LogUtils.java:warn(122)) - 0-OrderedRequestStreamObserver0: onError: org.apache.ratis.thirdparty.io.grpc.StatusRuntimeException: CANCELLED: client cancelled
2021-04-28 01:10:10,478 [grpc-default-executor-1] WARN  server.GrpcLogAppender (LogUtils.java:warn(122)) - 0fca32f9-76ae-40c1-a223-13204f8d545a@group-F7136F15FB93->3dc34c93-7aa4-4f5d-882a-22c345cc0d73-AppendLogResponseHandler: Failed appendEntries: org.apache.ratis.thirdparty.io.grpc.StatusRuntimeException: CANCELLED: HTTP/2 error code: CANCEL
Received Rst Stream
2021-04-28 01:10:10,478 [grpc-default-executor-1] WARN  server.GrpcLogAppender (GrpcLogAppender.java:resetClient(111)) - 0fca32f9-76ae-40c1-a223-13204f8d545a@group-F7136F15FB93->3dc34c93-7aa4-4f5d-882a-22c345cc0d73-GrpcLogAppender: Leader has not got in touch with Follower 0fca32f9-76ae-40c1-a223-13204f8d545a@group-F7136F15FB93->3dc34c93-7aa4-4f5d-882a-22c345cc0d73(c0,m0,n1, attendVote=true, lastRpcSendTime=1175, lastRpcResponseTime=1167) yet, just keep nextIndex unchanged and retry.
2021-04-28 01:10:10,479 [ForkJoinPool.commonPool-worker-1] INFO  server.GrpcService (GrpcService.java:closeImpl(271)) - 42fd2707-1841-40d3-b54b-6f39f935cc38: shutdown server with port 41223 successfully
2021-04-28 01:10:10,481 [org.apache.ratis.util.JvmPauseMonitor$$Lambda$504/1823345790@622ec151] INFO  util.JvmPauseMonitor (JvmPauseMonitor.java:run(109)) - JvmPauseMonitor-42fd2707-1841-40d3-b54b-6f39f935cc38: Stopped
2021-04-28 01:10:10,524 [Listener at 127.0.0.1/36361] INFO  server.GrpcService (GrpcService.java:closeImpl(271)) - 3dc34c93-7aa4-4f5d-882a-22c345cc0d73: shutdown server with port 34555 successfully
2021-04-28 01:10:10,530 [ForkJoinPool.commonPool-worker-1] INFO  utils.BackgroundService (BackgroundService.java:shutdown(132)) - Shutting down service BlockDeletingService
2021-04-28 01:10:10,530 [org.apache.ratis.util.JvmPauseMonitor$$Lambda$504/1823345790@95d0caf] INFO  util.JvmPauseMonitor (JvmPauseMonitor.java:run(109)) - JvmPauseMonitor-3dc34c93-7aa4-4f5d-882a-22c345cc0d73: Stopped
2021-04-28 01:10:10,533 [Listener at 127.0.0.1/36361] INFO  utils.BackgroundService (BackgroundService.java:shutdown(132)) - Shutting down service BlockDeletingService
2021-04-28 01:10:10,589 [ForkJoinPool.commonPool-worker-1] INFO  statemachine.DatanodeStateMachine (DatanodeStateMachine.java:stopDaemon(469)) - Ozone container server stopped.
2021-04-28 01:10:10,589 [Listener at 127.0.0.1/36361] INFO  statemachine.DatanodeStateMachine (DatanodeStateMachine.java:stopDaemon(469)) - Ozone container server stopped.
2021-04-28 01:10:10,615 [Listener at 127.0.0.1/36361] INFO  handler.ContextHandler (ContextHandler.java:doStop(1154)) - Stopped o.e.j.w.WebAppContext@7c35b867{hddsDatanode,/,null,STOPPED}{jar:file:/home/user/.m2/repository/org/apache/hadoop/hadoop-hdds-container-service/1.2.0-SNAPSHOT/hadoop-hdds-container-service-1.2.0-SNAPSHOT.jar!/webapps/hddsDatanode}
2021-04-28 01:10:10,616 [Listener at 127.0.0.1/36361] INFO  server.AbstractConnector (AbstractConnector.java:doStop(381)) - Stopped ServerConnector@365b879f{HTTP/1.1, (http/1.1)}{0.0.0.0:0}
2021-04-28 01:10:10,616 [Listener at 127.0.0.1/36361] INFO  server.session (HouseKeeper.java:stopScavenging(149)) - node0 Stopped scavenging
2021-04-28 01:10:10,617 [Listener at 127.0.0.1/36361] INFO  handler.ContextHandler (ContextHandler.java:doStop(1154)) - Stopped o.e.j.s.ServletContextHandler@3798151b{static,/static,jar:file:/home/user/.m2/repository/org/apache/hadoop/hadoop-hdds-container-service/1.2.0-SNAPSHOT/hadoop-hdds-container-service-1.2.0-SNAPSHOT.jar!/webapps/static,STOPPED}
2021-04-28 01:10:10,617 [Listener at 127.0.0.1/36361] INFO  handler.ContextHandler (ContextHandler.java:doStop(1154)) - Stopped o.e.j.s.ServletContextHandler@210c835d{logs,/logs,file:///github/workspace/mnt/ozone/hadoop-ozone/integration-test/target/log,STOPPED}
2021-04-28 01:10:10,637 [ForkJoinPool.commonPool-worker-1] INFO  handler.ContextHandler (ContextHandler.java:doStop(1154)) - Stopped o.e.j.w.WebAppContext@6d48653c{hddsDatanode,/,null,STOPPED}{jar:file:/home/user/.m2/repository/org/apache/hadoop/hadoop-hdds-container-service/1.2.0-SNAPSHOT/hadoop-hdds-container-service-1.2.0-SNAPSHOT.jar!/webapps/hddsDatanode}
2021-04-28 01:10:10,638 [ForkJoinPool.commonPool-worker-1] INFO  server.AbstractConnector (AbstractConnector.java:doStop(381)) - Stopped ServerConnector@773e1b6f{HTTP/1.1, (http/1.1)}{0.0.0.0:0}
2021-04-28 01:10:10,638 [ForkJoinPool.commonPool-worker-1] INFO  server.session (HouseKeeper.java:stopScavenging(149)) - node0 Stopped scavenging
2021-04-28 01:10:10,644 [ForkJoinPool.commonPool-worker-1] INFO  handler.ContextHandler (ContextHandler.java:doStop(1154)) - Stopped o.e.j.s.ServletContextHandler@3b54f7d7{static,/static,jar:file:/home/user/.m2/repository/org/apache/hadoop/hadoop-hdds-container-service/1.2.0-SNAPSHOT/hadoop-hdds-container-service-1.2.0-SNAPSHOT.jar!/webapps/static,STOPPED}
2021-04-28 01:10:10,658 [ForkJoinPool.commonPool-worker-1] INFO  handler.ContextHandler (ContextHandler.java:doStop(1154)) - Stopped o.e.j.s.ServletContextHandler@101b460{logs,/logs,file:///github/workspace/mnt/ozone/hadoop-ozone/integration-test/target/log,STOPPED}
2021-04-28 01:10:10,989 [Datanode State Machine Thread - 0] INFO  statemachine.DatanodeStateMachine (DatanodeStateMachine.java:lambda$startDaemon$0(411)) - Ozone container server started.
2021-04-28 01:10:11,160 [43d3847f-81c3-43e7-b86e-40be164eab80@group-A8230B39765F-FollowerState] INFO  impl.FollowerState (FollowerState.java:run(134)) - 43d3847f-81c3-43e7-b86e-40be164eab80@group-A8230B39765F-FollowerState: change to CANDIDATE, lastRpcElapsedTime:7640325595ns, electionTimeout:5183ms
2021-04-28 01:10:11,160 [43d3847f-81c3-43e7-b86e-40be164eab80@group-A8230B39765F-FollowerState] INFO  impl.RoleInfo (RoleInfo.java:shutdownFollowerState(108)) - 43d3847f-81c3-43e7-b86e-40be164eab80: shutdown 43d3847f-81c3-43e7-b86e-40be164eab80@group-A8230B39765F-FollowerState
2021-04-28 01:10:11,160 [43d3847f-81c3-43e7-b86e-40be164eab80@group-A8230B39765F-FollowerState] INFO  server.RaftServer$Division (RaftServerImpl.java:setRole(284)) - 43d3847f-81c3-43e7-b86e-40be164eab80@group-A8230B39765F: changes role from  FOLLOWER to CANDIDATE at term 6 for changeToCandidate
2021-04-28 01:10:11,160 [43d3847f-81c3-43e7-b86e-40be164eab80@group-A8230B39765F-FollowerState] INFO  server.RaftServerConfigKeys (ConfUtils.java:logGet(44)) - raft.server.leaderelection.pre-vote = false (custom)
2021-04-28 01:10:11,160 [43d3847f-81c3-43e7-b86e-40be164eab80@group-A8230B39765F-FollowerState] INFO  impl.RoleInfo (RoleInfo.java:updateAndGet(130)) - 43d3847f-81c3-43e7-b86e-40be164eab80: start 43d3847f-81c3-43e7-b86e-40be164eab80@group-A8230B39765F-LeaderElection29
2021-04-28 01:10:11,169 [43d3847f-81c3-43e7-b86e-40be164eab80@group-A8230B39765F-LeaderElection29] INFO  server.RaftServer$Division (ServerState.java:setLeader(271)) - 43d3847f-81c3-43e7-b86e-40be164eab80@group-A8230B39765F: change Leader from f65384a4-a8a4-4787-a0e5-96e28e751202 to null at term 6 for ELECTION
2021-04-28 01:10:11,174 [43d3847f-81c3-43e7-b86e-40be164eab80@group-A8230B39765F-LeaderElection29] INFO  impl.LeaderElection (LeaderElection.java:askForVotes(306)) - 43d3847f-81c3-43e7-b86e-40be164eab80@group-A8230B39765F-LeaderElection29 ELECTION round 0: submit vote requests at term 7 for 1: [43d3847f-81c3-43e7-b86e-40be164eab80|rpc:172.17.0.2:36611|dataStream:|priority:0, f65384a4-a8a4-4787-a0e5-96e28e751202|rpc:172.17.0.2:43161|dataStream:|priority:1, 42fd2707-1841-40d3-b54b-6f39f935cc38|rpc:172.17.0.2:41223|dataStream:|priority:0], old=null
2021-04-28 01:10:11,198 [43d3847f-81c3-43e7-b86e-40be164eab80@group-A8230B39765F-LeaderElection29] INFO  impl.LeaderElection (LogUtils.java:infoOrTrace(137)) - 43d3847f-81c3-43e7-b86e-40be164eab80@group-A8230B39765F-LeaderElection29 got exception when requesting votes: java.util.concurrent.ExecutionException: org.apache.ratis.thirdparty.io.grpc.StatusRuntimeException: UNAVAILABLE: io exception
2021-04-28 01:10:11,214 [43d3847f-81c3-43e7-b86e-40be164eab80@group-A8230B39765F-LeaderElection29] INFO  impl.LeaderElection (LogUtils.java:infoOrTrace(137)) - 43d3847f-81c3-43e7-b86e-40be164eab80@group-A8230B39765F-LeaderElection29 got exception when requesting votes: java.util.concurrent.ExecutionException: org.apache.ratis.thirdparty.io.grpc.StatusRuntimeException: UNAVAILABLE: io exception
2021-04-28 01:10:11,214 [43d3847f-81c3-43e7-b86e-40be164eab80@group-A8230B39765F-LeaderElection29] INFO  impl.LeaderElection (LeaderElection.java:logAndReturn(89)) - 43d3847f-81c3-43e7-b86e-40be164eab80@group-A8230B39765F-LeaderElection29: ELECTION REJECTED received 0 response(s) and 2 exception(s):
2021-04-28 01:10:11,214 [43d3847f-81c3-43e7-b86e-40be164eab80@group-A8230B39765F-LeaderElection29] INFO  impl.LeaderElection (LogUtils.java:infoOrTrace(137)) -   Exception 0: java.util.concurrent.ExecutionException: org.apache.ratis.thirdparty.io.grpc.StatusRuntimeException: UNAVAILABLE: io exception
2021-04-28 01:10:11,214 [43d3847f-81c3-43e7-b86e-40be164eab80@group-A8230B39765F-LeaderElection29] INFO  impl.LeaderElection (LogUtils.java:infoOrTrace(137)) -   Exception 1: java.util.concurrent.ExecutionException: org.apache.ratis.thirdparty.io.grpc.StatusRuntimeException: UNAVAILABLE: io exception
2021-04-28 01:10:11,214 [43d3847f-81c3-43e7-b86e-40be164eab80@group-A8230B39765F-LeaderElection29] INFO  impl.LeaderElection (LeaderElection.java:askForVotes(308)) - 43d3847f-81c3-43e7-b86e-40be164eab80@group-A8230B39765F-LeaderElection29 ELECTION round 0: result REJECTED
2021-04-28 01:10:11,214 [43d3847f-81c3-43e7-b86e-40be164eab80@group-A8230B39765F-LeaderElection29] INFO  server.RaftServer$Division (RaftServerImpl.java:setRole(284)) - 43d3847f-81c3-43e7-b86e-40be164eab80@group-A8230B39765F: changes role from CANDIDATE to FOLLOWER at term 7 for REJECTED
2021-04-28 01:10:11,214 [43d3847f-81c3-43e7-b86e-40be164eab80@group-A8230B39765F-LeaderElection29] INFO  impl.RoleInfo (RoleInfo.java:shutdownLeaderElection(121)) - 43d3847f-81c3-43e7-b86e-40be164eab80: shutdown 43d3847f-81c3-43e7-b86e-40be164eab80@group-A8230B39765F-LeaderElection29
2021-04-28 01:10:11,214 [43d3847f-81c3-43e7-b86e-40be164eab80@group-A8230B39765F-LeaderElection29] INFO  impl.RoleInfo (RoleInfo.java:updateAndGet(130)) - 43d3847f-81c3-43e7-b86e-40be164eab80: start 43d3847f-81c3-43e7-b86e-40be164eab80@group-A8230B39765F-FollowerState
2021-04-28 01:10:11,308 [Datanode State Machine Thread - 0] INFO  statemachine.DatanodeStateMachine (DatanodeStateMachine.java:lambda$startDaemon$0(411)) - Ozone container server started.
2021-04-28 01:10:11,366 [grpc-default-executor-3] WARN  server.GrpcLogAppender (LogUtils.java:warn(122)) - 43d3847f-81c3-43e7-b86e-40be164eab80@group-6799236C1344->f65384a4-a8a4-4787-a0e5-96e28e751202-AppendLogResponseHandler: Failed appendEntries: org.apache.ratis.thirdparty.io.grpc.StatusRuntimeException: UNAVAILABLE: io exception
2021-04-28 01:10:11,366 [grpc-default-executor-3] WARN  server.GrpcLogAppender (GrpcLogAppender.java:resetClient(111)) - 43d3847f-81c3-43e7-b86e-40be164eab80@group-6799236C1344->f65384a4-a8a4-4787-a0e5-96e28e751202-GrpcLogAppender: Leader has not got in touch with Follower 43d3847f-81c3-43e7-b86e-40be164eab80@group-6799236C1344->f65384a4-a8a4-4787-a0e5-96e28e751202(c0,m0,n1, attendVote=true, lastRpcSendTime=0, lastRpcResponseTime=7510) yet, just keep nextIndex unchanged and retry.
2021-04-28 01:10:11,372 [grpc-default-executor-3] WARN  server.GrpcLogAppender (LogUtils.java:warn(122)) - 43d3847f-81c3-43e7-b86e-40be164eab80@group-6799236C1344->42fd2707-1841-40d3-b54b-6f39f935cc38-AppendLogResponseHandler: Failed appendEntries: org.apache.ratis.thirdparty.io.grpc.StatusRuntimeException: UNAVAILABLE: io exception
2021-04-28 01:10:11,372 [grpc-default-executor-3] WARN  server.GrpcLogAppender (GrpcLogAppender.java:resetClient(111)) - 43d3847f-81c3-43e7-b86e-40be164eab80@group-6799236C1344->42fd2707-1841-40d3-b54b-6f39f935cc38-GrpcLogAppender: Leader has not got in touch with Follower 43d3847f-81c3-43e7-b86e-40be164eab80@group-6799236C1344->42fd2707-1841-40d3-b54b-6f39f935cc38(c0,m0,n1, attendVote=true, lastRpcSendTime=0, lastRpcResponseTime=2500) yet, just keep nextIndex unchanged and retry.
2021-04-28 01:10:11,760 [grpc-default-executor-3] WARN  server.GrpcLogAppender (LogUtils.java:warn(122)) - 0fca32f9-76ae-40c1-a223-13204f8d545a@group-F7136F15FB93->c9444e84-7d1e-434a-8350-34c756d48665-AppendLogResponseHandler: Failed appendEntries: org.apache.ratis.thirdparty.io.grpc.StatusRuntimeException: UNAVAILABLE: io exception
2021-04-28 01:10:11,761 [grpc-default-executor-3] WARN  server.GrpcLogAppender (GrpcLogAppender.java:resetClient(111)) - 0fca32f9-76ae-40c1-a223-13204f8d545a@group-F7136F15FB93->c9444e84-7d1e-434a-8350-34c756d48665-GrpcLogAppender: Leader has not got in touch with Follower 0fca32f9-76ae-40c1-a223-13204f8d545a@group-F7136F15FB93->c9444e84-7d1e-434a-8350-34c756d48665(c0,m0,n1, attendVote=true, lastRpcSendTime=0, lastRpcResponseTime=7504) yet, just keep nextIndex unchanged and retry.
2021-04-28 01:10:11,831 [grpc-default-executor-1] WARN  server.GrpcLogAppender (LogUtils.java:warn(122)) - 0fca32f9-76ae-40c1-a223-13204f8d545a@group-F7136F15FB93->3dc34c93-7aa4-4f5d-882a-22c345cc0d73-AppendLogResponseHandler: Failed appendEntries: org.apache.ratis.thirdparty.io.grpc.StatusRuntimeException: UNAVAILABLE: io exception
2021-04-28 01:10:11,832 [grpc-default-executor-1] WARN  server.GrpcLogAppender (GrpcLogAppender.java:resetClient(111)) - 0fca32f9-76ae-40c1-a223-13204f8d545a@group-F7136F15FB93->3dc34c93-7aa4-4f5d-882a-22c345cc0d73-GrpcLogAppender: Leader has not got in touch with Follower 0fca32f9-76ae-40c1-a223-13204f8d545a@group-F7136F15FB93->3dc34c93-7aa4-4f5d-882a-22c345cc0d73(c0,m0,n1, attendVote=true, lastRpcSendTime=1, lastRpcResponseTime=2521) yet, just keep nextIndex unchanged and retry.
2021-04-28 01:10:11,863 [0fca32f9-76ae-40c1-a223-13204f8d545a@group-01B766403D27-FollowerState] INFO  impl.FollowerState (FollowerState.java:run(134)) - 0fca32f9-76ae-40c1-a223-13204f8d545a@group-01B766403D27-FollowerState: change to CANDIDATE, lastRpcElapsedTime:7627303877ns, electionTimeout:5075ms
2021-04-28 01:10:11,864 [0fca32f9-76ae-40c1-a223-13204f8d545a@group-01B766403D27-FollowerState] INFO  impl.RoleInfo (RoleInfo.java:shutdownFollowerState(108)) - 0fca32f9-76ae-40c1-a223-13204f8d545a: shutdown 0fca32f9-76ae-40c1-a223-13204f8d545a@group-01B766403D27-FollowerState
2021-04-28 01:10:11,864 [0fca32f9-76ae-40c1-a223-13204f8d545a@group-01B766403D27-FollowerState] INFO  server.RaftServer$Division (RaftServerImpl.java:setRole(284)) - 0fca32f9-76ae-40c1-a223-13204f8d545a@group-01B766403D27: changes role from  FOLLOWER to CANDIDATE at term 4 for changeToCandidate
2021-04-28 01:10:11,864 [0fca32f9-76ae-40c1-a223-13204f8d545a@group-01B766403D27-FollowerState] INFO  server.RaftServerConfigKeys (ConfUtils.java:logGet(44)) - raft.server.leaderelection.pre-vote = false (custom)
2021-04-28 01:10:11,864 [0fca32f9-76ae-40c1-a223-13204f8d545a@group-01B766403D27-FollowerState] INFO  impl.RoleInfo (RoleInfo.java:updateAndGet(130)) - 0fca32f9-76ae-40c1-a223-13204f8d545a: start 0fca32f9-76ae-40c1-a223-13204f8d545a@group-01B766403D27-LeaderElection30
2021-04-28 01:10:11,873 [0fca32f9-76ae-40c1-a223-13204f8d545a@group-01B766403D27-LeaderElection30] INFO  server.RaftServer$Division (ServerState.java:setLeader(271)) - 0fca32f9-76ae-40c1-a223-13204f8d545a@group-01B766403D27: change Leader from c9444e84-7d1e-434a-8350-34c756d48665 to null at term 4 for ELECTION
2021-04-28 01:10:11,875 [0fca32f9-76ae-40c1-a223-13204f8d545a@group-01B766403D27-LeaderElection30] INFO  impl.LeaderElection (LeaderElection.java:askForVotes(306)) - 0fca32f9-76ae-40c1-a223-13204f8d545a@group-01B766403D27-LeaderElection30 ELECTION round 0: submit vote requests at term 5 for 0: [3dc34c93-7aa4-4f5d-882a-22c345cc0d73|rpc:172.17.0.2:34555|dataStream:|priority:0, 0fca32f9-76ae-40c1-a223-13204f8d545a|rpc:172.17.0.2:34055|dataStream:|priority:0, c9444e84-7d1e-434a-8350-34c756d48665|rpc:172.17.0.2:40945|dataStream:|priority:1], old=null
2021-04-28 01:10:11,893 [0fca32f9-76ae-40c1-a223-13204f8d545a@group-01B766403D27-LeaderElection30] INFO  impl.LeaderElection (LogUtils.java:infoOrTrace(137)) - 0fca32f9-76ae-40c1-a223-13204f8d545a@group-01B766403D27-LeaderElection30 got exception when requesting votes: java.util.concurrent.ExecutionException: org.apache.ratis.thirdparty.io.grpc.StatusRuntimeException: UNAVAILABLE: io exception
2021-04-28 01:10:11,894 [0fca32f9-76ae-40c1-a223-13204f8d545a@group-01B766403D27-LeaderElection30] INFO  impl.LeaderElection (LogUtils.java:infoOrTrace(137)) - 0fca32f9-76ae-40c1-a223-13204f8d545a@group-01B766403D27-LeaderElection30 got exception when requesting votes: java.util.concurrent.ExecutionException: org.apache.ratis.thirdparty.io.grpc.StatusRuntimeException: UNAVAILABLE: io exception
2021-04-28 01:10:11,894 [0fca32f9-76ae-40c1-a223-13204f8d545a@group-01B766403D27-LeaderElection30] INFO  impl.LeaderElection (LeaderElection.java:logAndReturn(89)) - 0fca32f9-76ae-40c1-a223-13204f8d545a@group-01B766403D27-LeaderElection30: ELECTION REJECTED received 0 response(s) and 2 exception(s):
2021-04-28 01:10:11,894 [0fca32f9-76ae-40c1-a223-13204f8d545a@group-01B766403D27-LeaderElection30] INFO  impl.LeaderElection (LogUtils.java:infoOrTrace(137)) -   Exception 0: java.util.concurrent.ExecutionException: org.apache.ratis.thirdparty.io.grpc.StatusRuntimeException: UNAVAILABLE: io exception
2021-04-28 01:10:11,894 [0fca32f9-76ae-40c1-a223-13204f8d545a@group-01B766403D27-LeaderElection30] INFO  impl.LeaderElection (LogUtils.java:infoOrTrace(137)) -   Exception 1: java.util.concurrent.ExecutionException: org.apache.ratis.thirdparty.io.grpc.StatusRuntimeException: UNAVAILABLE: io exception
2021-04-28 01:10:11,894 [0fca32f9-76ae-40c1-a223-13204f8d545a@group-01B766403D27-LeaderElection30] INFO  impl.LeaderElection (LeaderElection.java:askForVotes(308)) - 0fca32f9-76ae-40c1-a223-13204f8d545a@group-01B766403D27-LeaderElection30 ELECTION round 0: result REJECTED
2021-04-28 01:10:11,894 [0fca32f9-76ae-40c1-a223-13204f8d545a@group-01B766403D27-LeaderElection30] INFO  server.RaftServer$Division (RaftServerImpl.java:setRole(284)) - 0fca32f9-76ae-40c1-a223-13204f8d545a@group-01B766403D27: changes role from CANDIDATE to FOLLOWER at term 5 for REJECTED
2021-04-28 01:10:11,894 [0fca32f9-76ae-40c1-a223-13204f8d545a@group-01B766403D27-LeaderElection30] INFO  impl.RoleInfo (RoleInfo.java:shutdownLeaderElection(121)) - 0fca32f9-76ae-40c1-a223-13204f8d545a: shutdown 0fca32f9-76ae-40c1-a223-13204f8d545a@group-01B766403D27-LeaderElection30
2021-04-28 01:10:11,894 [0fca32f9-76ae-40c1-a223-13204f8d545a@group-01B766403D27-LeaderElection30] INFO  impl.RoleInfo (RoleInfo.java:updateAndGet(130)) - 0fca32f9-76ae-40c1-a223-13204f8d545a: start 0fca32f9-76ae-40c1-a223-13204f8d545a@group-01B766403D27-FollowerState
2021-04-28 01:10:13,867 [grpc-default-executor-1] WARN  server.GrpcLogAppender (LogUtils.java:warn(122)) - 43d3847f-81c3-43e7-b86e-40be164eab80@group-6799236C1344->f65384a4-a8a4-4787-a0e5-96e28e751202-AppendLogResponseHandler: Failed appendEntries: org.apache.ratis.thirdparty.io.grpc.StatusRuntimeException: UNAVAILABLE: io exception
2021-04-28 01:10:13,869 [grpc-default-executor-1] WARN  server.GrpcLogAppender (GrpcLogAppender.java:resetClient(111)) - 43d3847f-81c3-43e7-b86e-40be164eab80@group-6799236C1344->f65384a4-a8a4-4787-a0e5-96e28e751202-GrpcLogAppender: Leader has not got in touch with Follower 43d3847f-81c3-43e7-b86e-40be164eab80@group-6799236C1344->f65384a4-a8a4-4787-a0e5-96e28e751202(c0,m0,n1, attendVote=true, lastRpcSendTime=1, lastRpcResponseTime=10012) yet, just keep nextIndex unchanged and retry.
2021-04-28 01:10:13,881 [grpc-default-executor-1] WARN  server.GrpcLogAppender (LogUtils.java:warn(122)) - 43d3847f-81c3-43e7-b86e-40be164eab80@group-6799236C1344->42fd2707-1841-40d3-b54b-6f39f935cc38-AppendLogResponseHandler: Failed appendEntries: org.apache.ratis.thirdparty.io.grpc.StatusRuntimeException: UNAVAILABLE: io exception
2021-04-28 01:10:13,882 [grpc-default-executor-1] WARN  server.GrpcLogAppender (GrpcLogAppender.java:resetClient(111)) - 43d3847f-81c3-43e7-b86e-40be164eab80@group-6799236C1344->42fd2707-1841-40d3-b54b-6f39f935cc38-GrpcLogAppender: Leader has not got in touch with Follower 43d3847f-81c3-43e7-b86e-40be164eab80@group-6799236C1344->42fd2707-1841-40d3-b54b-6f39f935cc38(c0,m0,n1, attendVote=true, lastRpcSendTime=4, lastRpcResponseTime=5010) yet, just keep nextIndex unchanged and retry.
2021-04-28 01:10:14,262 [grpc-default-executor-1] WARN  server.GrpcLogAppender (LogUtils.java:warn(122)) - 0fca32f9-76ae-40c1-a223-13204f8d545a@group-F7136F15FB93->c9444e84-7d1e-434a-8350-34c756d48665-AppendLogResponseHandler: Failed appendEntries: org.apache.ratis.thirdparty.io.grpc.StatusRuntimeException: UNAVAILABLE: io exception
2021-04-28 01:10:14,262 [grpc-default-executor-1] WARN  server.GrpcLogAppender (GrpcLogAppender.java:resetClient(111)) - 0fca32f9-76ae-40c1-a223-13204f8d545a@group-F7136F15FB93->c9444e84-7d1e-434a-8350-34c756d48665-GrpcLogAppender: Leader has not got in touch with Follower 0fca32f9-76ae-40c1-a223-13204f8d545a@group-F7136F15FB93->c9444e84-7d1e-434a-8350-34c756d48665(c0,m0,n1, attendVote=true, lastRpcSendTime=2502, lastRpcResponseTime=10005) yet, just keep nextIndex unchanged and retry.
2021-04-28 01:10:14,331 [grpc-default-executor-1] WARN  server.GrpcLogAppender (LogUtils.java:warn(122)) - 0fca32f9-76ae-40c1-a223-13204f8d545a@group-F7136F15FB93->3dc34c93-7aa4-4f5d-882a-22c345cc0d73-AppendLogResponseHandler: Failed appendEntries: org.apache.ratis.thirdparty.io.grpc.StatusRuntimeException: UNAVAILABLE: io exception
2021-04-28 01:10:14,332 [grpc-default-executor-1] WARN  server.GrpcLogAppender (GrpcLogAppender.java:resetClient(111)) - 0fca32f9-76ae-40c1-a223-13204f8d545a@group-F7136F15FB93->3dc34c93-7aa4-4f5d-882a-22c345cc0d73-GrpcLogAppender: Leader has not got in touch with Follower 0fca32f9-76ae-40c1-a223-13204f8d545a@group-F7136F15FB93->3dc34c93-7aa4-4f5d-882a-22c345cc0d73(c0,m0,n1, attendVote=true, lastRpcSendTime=0, lastRpcResponseTime=5020) yet, just keep nextIndex unchanged and retry.
2021-04-28 01:10:15,622 [Listener at 127.0.0.1/36361] INFO  ozoneimpl.OzoneContainer (OzoneContainer.java:stop(313)) - Attempting to stop container services.
2021-04-28 01:10:15,623 [Listener at 127.0.0.1/36361] INFO  server.RaftServer (RaftServerProxy.java:lambda$close$6(391)) - 516c2186-7081-446e-b4e0-00439124a839: close
2021-04-28 01:10:15,623 [Listener at 127.0.0.1/36361] INFO  server.RaftServer$Division (RaftServerImpl.java:lambda$close$4(406)) - 516c2186-7081-446e-b4e0-00439124a839@group-EB297B609B55: shutdown
2021-04-28 01:10:15,623 [Listener at 127.0.0.1/36361] INFO  util.JmxRegister (JmxRegister.java:unregister(73)) - Successfully un-registered JMX Bean with object name Ratis:service=RaftServer,group=group-EB297B609B55,id=516c2186-7081-446e-b4e0-00439124a839
2021-04-28 01:10:15,623 [Listener at 127.0.0.1/36361] INFO  impl.RoleInfo (RoleInfo.java:shutdownLeaderState(91)) - 516c2186-7081-446e-b4e0-00439124a839: shutdown 516c2186-7081-446e-b4e0-00439124a839@group-EB297B609B55-LeaderStateImpl
2021-04-28 01:10:15,623 [Listener at 127.0.0.1/36361] INFO  impl.PendingRequests (PendingRequests.java:sendNotLeaderResponses(249)) - 516c2186-7081-446e-b4e0-00439124a839@group-EB297B609B55-PendingRequests: sendNotLeaderResponses
2021-04-28 01:10:15,623 [Listener at 127.0.0.1/36361] INFO  metrics.RatisMetrics (RatisMetrics.java:unregister(43)) - Unregistering Metrics Registry : ratis.log_appender.516c2186-7081-446e-b4e0-00439124a839@group-EB297B609B55
2021-04-28 01:10:15,624 [Listener at 127.0.0.1/36361] INFO  metrics.RatisMetrics (RatisMetrics.java:unregister(43)) - Unregistering Metrics Registry : ratis.server.516c2186-7081-446e-b4e0-00439124a839@group-EB297B609B55
2021-04-28 01:10:15,624 [Listener at 127.0.0.1/36361] INFO  impl.StateMachineUpdater (StateMachineUpdater.java:stopAndJoin(149)) - 516c2186-7081-446e-b4e0-00439124a839@group-EB297B609B55-StateMachineUpdater: set stopIndex = 0
2021-04-28 01:10:15,625 [516c2186-7081-446e-b4e0-00439124a839@group-EB297B609B55-StateMachineUpdater] INFO  ratis.ContainerStateMachine (ContainerStateMachine.java:takeSnapshot(292)) - group-EB297B609B55: Taking a snapshot at:(t:1, i:0) file /github/workspace/mnt/ozone/hadoop-ozone/integration-test/target/test-dir/MiniOzoneClusterImpl-d7076e4a-bb1a-46d0-b0f9-1975ab90d2da/datanode-6/data/ratis/67f5cbed-1d36-4b3d-82d0-eb297b609b55/sm/snapshot.1_0
2021-04-28 01:10:15,626 [516c2186-7081-446e-b4e0-00439124a839@group-EB297B609B55-StateMachineUpdater] INFO  ratis.ContainerStateMachine (ContainerStateMachine.java:takeSnapshot(303)) - group-EB297B609B55: Finished taking a snapshot at:(t:1, i:0) file:/github/workspace/mnt/ozone/hadoop-ozone/integration-test/target/test-dir/MiniOzoneClusterImpl-d7076e4a-bb1a-46d0-b0f9-1975ab90d2da/datanode-6/data/ratis/67f5cbed-1d36-4b3d-82d0-eb297b609b55/sm/snapshot.1_0 took: 1 ms
2021-04-28 01:10:15,626 [516c2186-7081-446e-b4e0-00439124a839@group-EB297B609B55-StateMachineUpdater] INFO  impl.StateMachineUpdater (StateMachineUpdater.java:takeSnapshot(281)) - 516c2186-7081-446e-b4e0-00439124a839@group-EB297B609B55-StateMachineUpdater: Took a snapshot at index 0
2021-04-28 01:10:15,626 [516c2186-7081-446e-b4e0-00439124a839@group-EB297B609B55-StateMachineUpdater] INFO  impl.StateMachineUpdater (StateMachineUpdater.java:lambda$new$0(89)) - 516c2186-7081-446e-b4e0-00439124a839@group-EB297B609B55-StateMachineUpdater: snapshotIndex: updateIncreasingly -1 -> 0
2021-04-28 01:10:15,626 [516c2186-7081-446e-b4e0-00439124a839@group-EB297B609B55-StateMachineUpdater] INFO  metrics.RatisMetrics (RatisMetrics.java:unregister(43)) - Unregistering Metrics Registry : ratis.state_machine.516c2186-7081-446e-b4e0-00439124a839@group-EB297B609B55
2021-04-28 01:10:15,627 [Listener at 127.0.0.1/36361] INFO  server.RaftServer$Division (ServerState.java:close(405)) - 516c2186-7081-446e-b4e0-00439124a839@group-EB297B609B55: closes. applyIndex: 0
2021-04-28 01:10:15,628 [516c2186-7081-446e-b4e0-00439124a839@group-EB297B609B55-SegmentedRaftLogWorker] INFO  segmented.SegmentedRaftLogWorker (SegmentedRaftLogWorker.java:run(327)) - 516c2186-7081-446e-b4e0-00439124a839@group-EB297B609B55-SegmentedRaftLogWorker was interrupted, exiting. There are 0 tasks remaining in the queue.
2021-04-28 01:10:15,628 [Listener at 127.0.0.1/36361] INFO  segmented.SegmentedRaftLogWorker (SegmentedRaftLogWorker.java:close(237)) - 516c2186-7081-446e-b4e0-00439124a839@group-EB297B609B55-SegmentedRaftLogWorker close()
2021-04-28 01:10:15,635 [Listener at 127.0.0.1/36361] INFO  metrics.RatisMetrics (RatisMetrics.java:unregister(43)) - Unregistering Metrics Registry : ratis.log_worker.516c2186-7081-446e-b4e0-00439124a839@group-EB297B609B55
2021-04-28 01:10:15,635 [Listener at 127.0.0.1/36361] INFO  metrics.RatisMetrics (RatisMetrics.java:unregister(43)) - Unregistering Metrics Registry : ratis.leader_election.516c2186-7081-446e-b4e0-00439124a839@group-EB297B609B55
2021-04-28 01:10:15,636 [Listener at 127.0.0.1/36361] INFO  metrics.RatisMetrics (RatisMetrics.java:unregister(43)) - Unregistering Metrics Registry : ratis.server.516c2186-7081-446e-b4e0-00439124a839@group-EB297B609B55
2021-04-28 01:10:15,636 [Listener at 127.0.0.1/36361] INFO  server.GrpcService (GrpcService.java:closeImpl(262)) - 516c2186-7081-446e-b4e0-00439124a839: shutdown server with port 39685 now
2021-04-28 01:10:15,636 [Listener at 127.0.0.1/36361] INFO  server.GrpcService (GrpcService.java:closeImpl(271)) - 516c2186-7081-446e-b4e0-00439124a839: shutdown server with port 39685 successfully
2021-04-28 01:10:15,640 [org.apache.ratis.util.JvmPauseMonitor$$Lambda$504/1823345790@73b222bc] INFO  util.JvmPauseMonitor (JvmPauseMonitor.java:run(109)) - JvmPauseMonitor-516c2186-7081-446e-b4e0-00439124a839: Stopped
2021-04-28 01:10:15,641 [Listener at 127.0.0.1/36361] INFO  utils.BackgroundService (BackgroundService.java:shutdown(132)) - Shutting down service BlockDeletingService
2021-04-28 01:10:15,669 [ForkJoinPool.commonPool-worker-1] INFO  ozoneimpl.OzoneContainer (OzoneContainer.java:stop(313)) - Attempting to stop container services.
2021-04-28 01:10:15,669 [ForkJoinPool.commonPool-worker-1] INFO  server.RaftServer (RaftServerProxy.java:lambda$close$6(391)) - 43d3847f-81c3-43e7-b86e-40be164eab80: close
2021-04-28 01:10:15,670 [ForkJoinPool.commonPool-worker-1] INFO  server.RaftServer$Division (RaftServerImpl.java:lambda$close$4(406)) - 43d3847f-81c3-43e7-b86e-40be164eab80@group-A8230B39765F: shutdown
2021-04-28 01:10:15,670 [ForkJoinPool.commonPool-worker-1] INFO  util.JmxRegister (JmxRegister.java:unregister(73)) - Successfully un-registered JMX Bean with object name Ratis:service=RaftServer,group=group-A8230B39765F,id=43d3847f-81c3-43e7-b86e-40be164eab80
2021-04-28 01:10:15,670 [ForkJoinPool.commonPool-worker-1] INFO  impl.RoleInfo (RoleInfo.java:shutdownFollowerState(108)) - 43d3847f-81c3-43e7-b86e-40be164eab80: shutdown 43d3847f-81c3-43e7-b86e-40be164eab80@group-A8230B39765F-FollowerState
2021-04-28 01:10:15,670 [ForkJoinPool.commonPool-worker-1] INFO  impl.StateMachineUpdater (StateMachineUpdater.java:stopAndJoin(149)) - 43d3847f-81c3-43e7-b86e-40be164eab80@group-A8230B39765F-StateMachineUpdater: set stopIndex = 2
2021-04-28 01:10:15,673 [43d3847f-81c3-43e7-b86e-40be164eab80@group-A8230B39765F-FollowerState] INFO  impl.FollowerState (FollowerState.java:run(143)) - 43d3847f-81c3-43e7-b86e-40be164eab80@group-A8230B39765F-FollowerState was interrupted: {}
java.lang.InterruptedException: sleep interrupted
	at java.lang.Thread.sleep(Native Method)
	at java.lang.Thread.sleep(Thread.java:340)
	at java.util.concurrent.TimeUnit.sleep(TimeUnit.java:386)
	at org.apache.ratis.util.TimeDuration.sleep(TimeDuration.java:324)
	at org.apache.ratis.util.TimeDuration.sleep(TimeDuration.java:309)
	at org.apache.ratis.server.impl.FollowerState.run(FollowerState.java:118)
2021-04-28 01:10:15,674 [43d3847f-81c3-43e7-b86e-40be164eab80@group-A8230B39765F-StateMachineUpdater] INFO  ratis.ContainerStateMachine (ContainerStateMachine.java:takeSnapshot(292)) - group-A8230B39765F: Taking a snapshot at:(t:6, i:2) file /github/workspace/mnt/ozone/hadoop-ozone/integration-test/target/test-dir/MiniOzoneClusterImpl-d7076e4a-bb1a-46d0-b0f9-1975ab90d2da/datanode-0/data/ratis/ec4b5416-ebc2-40d3-845e-a8230b39765f/sm/snapshot.6_2
2021-04-28 01:10:15,674 [43d3847f-81c3-43e7-b86e-40be164eab80@group-A8230B39765F-StateMachineUpdater] INFO  ratis.ContainerStateMachine (ContainerStateMachine.java:takeSnapshot(303)) - group-A8230B39765F: Finished taking a snapshot at:(t:6, i:2) file:/github/workspace/mnt/ozone/hadoop-ozone/integration-test/target/test-dir/MiniOzoneClusterImpl-d7076e4a-bb1a-46d0-b0f9-1975ab90d2da/datanode-0/data/ratis/ec4b5416-ebc2-40d3-845e-a8230b39765f/sm/snapshot.6_2 took: 0 ms
2021-04-28 01:10:15,675 [43d3847f-81c3-43e7-b86e-40be164eab80@group-A8230B39765F-StateMachineUpdater] INFO  impl.StateMachineUpdater (StateMachineUpdater.java:takeSnapshot(281)) - 43d3847f-81c3-43e7-b86e-40be164eab80@group-A8230B39765F-StateMachineUpdater: Took a snapshot at index 2
2021-04-28 01:10:15,675 [43d3847f-81c3-43e7-b86e-40be164eab80@group-A8230B39765F-StateMachineUpdater] INFO  impl.StateMachineUpdater (StateMachineUpdater.java:lambda$new$0(89)) - 43d3847f-81c3-43e7-b86e-40be164eab80@group-A8230B39765F-StateMachineUpdater: snapshotIndex: updateIncreasingly -1 -> 2
2021-04-28 01:10:15,675 [43d3847f-81c3-43e7-b86e-40be164eab80@group-A8230B39765F-StateMachineUpdater] INFO  metrics.RatisMetrics (RatisMetrics.java:unregister(43)) - Unregistering Metrics Registry : ratis.state_machine.43d3847f-81c3-43e7-b86e-40be164eab80@group-A8230B39765F
2021-04-28 01:10:15,675 [ForkJoinPool.commonPool-worker-1] INFO  server.RaftServer$Division (ServerState.java:close(405)) - 43d3847f-81c3-43e7-b86e-40be164eab80@group-A8230B39765F: closes. applyIndex: 2
2021-04-28 01:10:15,675 [43d3847f-81c3-43e7-b86e-40be164eab80@group-A8230B39765F-SegmentedRaftLogWorker] INFO  segmented.SegmentedRaftLogWorker (SegmentedRaftLogWorker.java:run(327)) - 43d3847f-81c3-43e7-b86e-40be164eab80@group-A8230B39765F-SegmentedRaftLogWorker was interrupted, exiting. There are 0 tasks remaining in the queue.
2021-04-28 01:10:15,675 [ForkJoinPool.commonPool-worker-1] INFO  segmented.SegmentedRaftLogWorker (SegmentedRaftLogWorker.java:close(237)) - 43d3847f-81c3-43e7-b86e-40be164eab80@group-A8230B39765F-SegmentedRaftLogWorker close()
2021-04-28 01:10:15,694 [Listener at 127.0.0.1/36361] INFO  statemachine.DatanodeStateMachine (DatanodeStateMachine.java:stopDaemon(469)) - Ozone container server stopped.
2021-04-28 01:10:15,694 [ForkJoinPool.commonPool-worker-1] INFO  metrics.RatisMetrics (RatisMetrics.java:unregister(43)) - Unregistering Metrics Registry : ratis.log_worker.43d3847f-81c3-43e7-b86e-40be164eab80@group-A8230B39765F
2021-04-28 01:10:15,694 [ForkJoinPool.commonPool-worker-1] INFO  metrics.RatisMetrics (RatisMetrics.java:unregister(43)) - Unregistering Metrics Registry : ratis.leader_election.43d3847f-81c3-43e7-b86e-40be164eab80@group-A8230B39765F
2021-04-28 01:10:15,694 [ForkJoinPool.commonPool-worker-1] INFO  metrics.RatisMetrics (RatisMetrics.java:unregister(43)) - Unregistering Metrics Registry : ratis.server.43d3847f-81c3-43e7-b86e-40be164eab80@group-A8230B39765F
2021-04-28 01:10:15,694 [ForkJoinPool.commonPool-worker-1] INFO  server.RaftServer$Division (RaftServerImpl.java:lambda$close$4(406)) - 43d3847f-81c3-43e7-b86e-40be164eab80@group-0BBBFB4B228D: shutdown
2021-04-28 01:10:15,694 [ForkJoinPool.commonPool-worker-1] INFO  util.JmxRegister (JmxRegister.java:unregister(73)) - Successfully un-registered JMX Bean with object name Ratis:service=RaftServer,group=group-0BBBFB4B228D,id=43d3847f-81c3-43e7-b86e-40be164eab80
2021-04-28 01:10:15,694 [ForkJoinPool.commonPool-worker-1] INFO  impl.RoleInfo (RoleInfo.java:shutdownLeaderState(91)) - 43d3847f-81c3-43e7-b86e-40be164eab80: shutdown 43d3847f-81c3-43e7-b86e-40be164eab80@group-0BBBFB4B228D-LeaderStateImpl
2021-04-28 01:10:15,695 [ForkJoinPool.commonPool-worker-1] INFO  impl.PendingRequests (PendingRequests.java:sendNotLeaderResponses(249)) - 43d3847f-81c3-43e7-b86e-40be164eab80@group-0BBBFB4B228D-PendingRequests: sendNotLeaderResponses
2021-04-28 01:10:15,695 [ForkJoinPool.commonPool-worker-1] INFO  metrics.RatisMetrics (RatisMetrics.java:unregister(43)) - Unregistering Metrics Registry : ratis.log_appender.43d3847f-81c3-43e7-b86e-40be164eab80@group-0BBBFB4B228D
2021-04-28 01:10:15,695 [ForkJoinPool.commonPool-worker-1] INFO  metrics.RatisMetrics (RatisMetrics.java:unregister(43)) - Unregistering Metrics Registry : ratis.server.43d3847f-81c3-43e7-b86e-40be164eab80@group-0BBBFB4B228D
2021-04-28 01:10:15,695 [ForkJoinPool.commonPool-worker-1] INFO  impl.StateMachineUpdater (StateMachineUpdater.java:stopAndJoin(149)) - 43d3847f-81c3-43e7-b86e-40be164eab80@group-0BBBFB4B228D-StateMachineUpdater: set stopIndex = 0
2021-04-28 01:10:15,698 [43d3847f-81c3-43e7-b86e-40be164eab80@group-0BBBFB4B228D-StateMachineUpdater] INFO  ratis.ContainerStateMachine (ContainerStateMachine.java:takeSnapshot(292)) - group-0BBBFB4B228D: Taking a snapshot at:(t:1, i:0) file /github/workspace/mnt/ozone/hadoop-ozone/integration-test/target/test-dir/MiniOzoneClusterImpl-d7076e4a-bb1a-46d0-b0f9-1975ab90d2da/datanode-0/data/ratis/d17bde08-dc29-4d74-bbda-0bbbfb4b228d/sm/snapshot.1_0
2021-04-28 01:10:15,698 [43d3847f-81c3-43e7-b86e-40be164eab80@group-0BBBFB4B228D-StateMachineUpdater] INFO  ratis.ContainerStateMachine (ContainerStateMachine.java:takeSnapshot(303)) - group-0BBBFB4B228D: Finished taking a snapshot at:(t:1, i:0) file:/github/workspace/mnt/ozone/hadoop-ozone/integration-test/target/test-dir/MiniOzoneClusterImpl-d7076e4a-bb1a-46d0-b0f9-1975ab90d2da/datanode-0/data/ratis/d17bde08-dc29-4d74-bbda-0bbbfb4b228d/sm/snapshot.1_0 took: 0 ms
2021-04-28 01:10:15,698 [43d3847f-81c3-43e7-b86e-40be164eab80@group-0BBBFB4B228D-StateMachineUpdater] INFO  impl.StateMachineUpdater (StateMachineUpdater.java:takeSnapshot(281)) - 43d3847f-81c3-43e7-b86e-40be164eab80@group-0BBBFB4B228D-StateMachineUpdater: Took a snapshot at index 0
2021-04-28 01:10:15,698 [43d3847f-81c3-43e7-b86e-40be164eab80@group-0BBBFB4B228D-StateMachineUpdater] INFO  impl.StateMachineUpdater (StateMachineUpdater.java:lambda$new$0(89)) - 43d3847f-81c3-43e7-b86e-40be164eab80@group-0BBBFB4B228D-StateMachineUpdater: snapshotIndex: updateIncreasingly -1 -> 0
2021-04-28 01:10:15,699 [43d3847f-81c3-43e7-b86e-40be164eab80@group-0BBBFB4B228D-StateMachineUpdater] INFO  metrics.RatisMetrics (RatisMetrics.java:unregister(43)) - Unregistering Metrics Registry : ratis.state_machine.43d3847f-81c3-43e7-b86e-40be164eab80@group-0BBBFB4B228D
2021-04-28 01:10:15,703 [ForkJoinPool.commonPool-worker-1] INFO  server.RaftServer$Division (ServerState.java:close(405)) - 43d3847f-81c3-43e7-b86e-40be164eab80@group-0BBBFB4B228D: closes. applyIndex: 0
2021-04-28 01:10:15,703 [43d3847f-81c3-43e7-b86e-40be164eab80@group-0BBBFB4B228D-SegmentedRaftLogWorker] INFO  segmented.SegmentedRaftLogWorker (SegmentedRaftLogWorker.java:run(327)) - 43d3847f-81c3-43e7-b86e-40be164eab80@group-0BBBFB4B228D-SegmentedRaftLogWorker was interrupted, exiting. There are 0 tasks remaining in the queue.
2021-04-28 01:10:15,705 [ForkJoinPool.commonPool-worker-1] INFO  segmented.SegmentedRaftLogWorker (SegmentedRaftLogWorker.java:close(237)) - 43d3847f-81c3-43e7-b86e-40be164eab80@group-0BBBFB4B228D-SegmentedRaftLogWorker close()
2021-04-28 01:10:15,712 [Listener at 127.0.0.1/36361] INFO  handler.ContextHandler (ContextHandler.java:doStop(1154)) - Stopped o.e.j.w.WebAppContext@18ceb732{hddsDatanode,/,null,STOPPED}{jar:file:/home/user/.m2/repository/org/apache/hadoop/hadoop-hdds-container-service/1.2.0-SNAPSHOT/hadoop-hdds-container-service-1.2.0-SNAPSHOT.jar!/webapps/hddsDatanode}
2021-04-28 01:10:15,725 [ForkJoinPool.commonPool-worker-1] INFO  metrics.RatisMetrics (RatisMetrics.java:unregister(43)) - Unregistering Metrics Registry : ratis.log_worker.43d3847f-81c3-43e7-b86e-40be164eab80@group-0BBBFB4B228D
2021-04-28 01:10:15,726 [ForkJoinPool.commonPool-worker-1] INFO  metrics.RatisMetrics (RatisMetrics.java:unregister(43)) - Unregistering Metrics Registry : ratis.leader_election.43d3847f-81c3-43e7-b86e-40be164eab80@group-0BBBFB4B228D
2021-04-28 01:10:15,727 [ForkJoinPool.commonPool-worker-1] INFO  metrics.RatisMetrics (RatisMetrics.java:unregister(43)) - Unregistering Metrics Registry : ratis.server.43d3847f-81c3-43e7-b86e-40be164eab80@group-0BBBFB4B228D
2021-04-28 01:10:15,727 [ForkJoinPool.commonPool-worker-1] INFO  server.RaftServer$Division (RaftServerImpl.java:lambda$close$4(406)) - 43d3847f-81c3-43e7-b86e-40be164eab80@group-6799236C1344: shutdown
2021-04-28 01:10:15,727 [ForkJoinPool.commonPool-worker-1] INFO  util.JmxRegister (JmxRegister.java:unregister(73)) - Successfully un-registered JMX Bean with object name Ratis:service=RaftServer,group=group-6799236C1344,id=43d3847f-81c3-43e7-b86e-40be164eab80
2021-04-28 01:10:15,727 [ForkJoinPool.commonPool-worker-1] INFO  impl.RoleInfo (RoleInfo.java:shutdownLeaderState(91)) - 43d3847f-81c3-43e7-b86e-40be164eab80: shutdown 43d3847f-81c3-43e7-b86e-40be164eab80@group-6799236C1344-LeaderStateImpl
2021-04-28 01:10:15,727 [ForkJoinPool.commonPool-worker-1] INFO  metrics.RatisMetrics (RatisMetrics.java:unregister(43)) - Unregistering Metrics Registry : ratis_grpc.log_appender.43d3847f-81c3-43e7-b86e-40be164eab80@group-6799236C1344
2021-04-28 01:10:15,727 [ForkJoinPool.commonPool-worker-1] INFO  metrics.RatisMetrics (RatisMetrics.java:unregister(43)) - Unregistering Metrics Registry : ratis_grpc.log_appender.43d3847f-81c3-43e7-b86e-40be164eab80@group-6799236C1344
2021-04-28 01:10:15,727 [ForkJoinPool.commonPool-worker-1] INFO  impl.PendingRequests (PendingRequests.java:sendNotLeaderResponses(249)) - 43d3847f-81c3-43e7-b86e-40be164eab80@group-6799236C1344-PendingRequests: sendNotLeaderResponses
2021-04-28 01:10:15,727 [ForkJoinPool.commonPool-worker-1] INFO  metrics.RatisMetrics (RatisMetrics.java:unregister(43)) - Unregistering Metrics Registry : ratis.log_appender.43d3847f-81c3-43e7-b86e-40be164eab80@group-6799236C1344
2021-04-28 01:10:15,727 [ForkJoinPool.commonPool-worker-1] INFO  metrics.RatisMetrics (RatisMetrics.java:unregister(43)) - Unregistering Metrics Registry : ratis.server.43d3847f-81c3-43e7-b86e-40be164eab80@group-6799236C1344
2021-04-28 01:10:15,728 [ForkJoinPool.commonPool-worker-1] INFO  impl.StateMachineUpdater (StateMachineUpdater.java:stopAndJoin(149)) - 43d3847f-81c3-43e7-b86e-40be164eab80@group-6799236C1344-StateMachineUpdater: set stopIndex = 0
2021-04-28 01:10:15,728 [43d3847f-81c3-43e7-b86e-40be164eab80@group-6799236C1344-StateMachineUpdater] INFO  ratis.ContainerStateMachine (ContainerStateMachine.java:takeSnapshot(292)) - group-6799236C1344: Taking a snapshot at:(t:4, i:0) file /github/workspace/mnt/ozone/hadoop-ozone/integration-test/target/test-dir/MiniOzoneClusterImpl-d7076e4a-bb1a-46d0-b0f9-1975ab90d2da/datanode-0/data/ratis/25f1310e-fe38-48ae-bbd4-6799236c1344/sm/snapshot.4_0
2021-04-28 01:10:15,728 [Listener at 127.0.0.1/36361] INFO  server.AbstractConnector (AbstractConnector.java:doStop(381)) - Stopped ServerConnector@611ce253{HTTP/1.1, (http/1.1)}{0.0.0.0:0}
2021-04-28 01:10:15,729 [Listener at 127.0.0.1/36361] INFO  server.session (HouseKeeper.java:stopScavenging(149)) - node0 Stopped scavenging
2021-04-28 01:10:15,729 [Listener at 127.0.0.1/36361] INFO  handler.ContextHandler (ContextHandler.java:doStop(1154)) - Stopped o.e.j.s.ServletContextHandler@7e1f1cde{static,/static,jar:file:/home/user/.m2/repository/org/apache/hadoop/hadoop-hdds-container-service/1.2.0-SNAPSHOT/hadoop-hdds-container-service-1.2.0-SNAPSHOT.jar!/webapps/static,STOPPED}
2021-04-28 01:10:15,729 [Listener at 127.0.0.1/36361] INFO  handler.ContextHandler (ContextHandler.java:doStop(1154)) - Stopped o.e.j.s.ServletContextHandler@68c8279e{logs,/logs,file:///github/workspace/mnt/ozone/hadoop-ozone/integration-test/target/log,STOPPED}
2021-04-28 01:10:15,730 [43d3847f-81c3-43e7-b86e-40be164eab80@group-6799236C1344-StateMachineUpdater] INFO  ratis.ContainerStateMachine (ContainerStateMachine.java:takeSnapshot(303)) - group-6799236C1344: Finished taking a snapshot at:(t:4, i:0) file:/github/workspace/mnt/ozone/hadoop-ozone/integration-test/target/test-dir/MiniOzoneClusterImpl-d7076e4a-bb1a-46d0-b0f9-1975ab90d2da/datanode-0/data/ratis/25f1310e-fe38-48ae-bbd4-6799236c1344/sm/snapshot.4_0 took: 2 ms
2021-04-28 01:10:15,730 [43d3847f-81c3-43e7-b86e-40be164eab80@group-6799236C1344-StateMachineUpdater] INFO  impl.StateMachineUpdater (StateMachineUpdater.java:takeSnapshot(281)) - 43d3847f-81c3-43e7-b86e-40be164eab80@group-6799236C1344-StateMachineUpdater: Took a snapshot at index 0
2021-04-28 01:10:15,730 [43d3847f-81c3-43e7-b86e-40be164eab80@group-6799236C1344-StateMachineUpdater] INFO  impl.StateMachineUpdater (StateMachineUpdater.java:lambda$new$0(89)) - 43d3847f-81c3-43e7-b86e-40be164eab80@group-6799236C1344-StateMachineUpdater: snapshotIndex: updateIncreasingly -1 -> 0
2021-04-28 01:10:15,730 [43d3847f-81c3-43e7-b86e-40be164eab80@group-6799236C1344-StateMachineUpdater] INFO  metrics.RatisMetrics (RatisMetrics.java:unregister(43)) - Unregistering Metrics Registry : ratis.state_machine.43d3847f-81c3-43e7-b86e-40be164eab80@group-6799236C1344
2021-04-28 01:10:15,731 [ForkJoinPool.commonPool-worker-1] INFO  server.RaftServer$Division (ServerState.java:close(405)) - 43d3847f-81c3-43e7-b86e-40be164eab80@group-6799236C1344: closes. applyIndex: 0
2021-04-28 01:10:15,733 [43d3847f-81c3-43e7-b86e-40be164eab80@group-6799236C1344-SegmentedRaftLogWorker] INFO  segmented.SegmentedRaftLogWorker (SegmentedRaftLogWorker.java:run(327)) - 43d3847f-81c3-43e7-b86e-40be164eab80@group-6799236C1344-SegmentedRaftLogWorker was interrupted, exiting. There are 0 tasks remaining in the queue.
2021-04-28 01:10:15,734 [ForkJoinPool.commonPool-worker-1] INFO  segmented.SegmentedRaftLogWorker (SegmentedRaftLogWorker.java:close(237)) - 43d3847f-81c3-43e7-b86e-40be164eab80@group-6799236C1344-SegmentedRaftLogWorker close()
2021-04-28 01:10:15,738 [ForkJoinPool.commonPool-worker-1] INFO  metrics.RatisMetrics (RatisMetrics.java:unregister(43)) - Unregistering Metrics Registry : ratis.log_worker.43d3847f-81c3-43e7-b86e-40be164eab80@group-6799236C1344
2021-04-28 01:10:15,738 [ForkJoinPool.commonPool-worker-1] INFO  metrics.RatisMetrics (RatisMetrics.java:unregister(43)) - Unregistering Metrics Registry : ratis.leader_election.43d3847f-81c3-43e7-b86e-40be164eab80@group-6799236C1344
2021-04-28 01:10:15,738 [ForkJoinPool.commonPool-worker-1] INFO  metrics.RatisMetrics (RatisMetrics.java:unregister(43)) - Unregistering Metrics Registry : ratis.server.43d3847f-81c3-43e7-b86e-40be164eab80@group-6799236C1344
2021-04-28 01:10:15,738 [ForkJoinPool.commonPool-worker-1] INFO  server.GrpcService (GrpcService.java:closeImpl(262)) - 43d3847f-81c3-43e7-b86e-40be164eab80: shutdown server with port 36611 now
2021-04-28 01:10:15,755 [ForkJoinPool.commonPool-worker-1] INFO  server.GrpcService (GrpcService.java:closeImpl(271)) - 43d3847f-81c3-43e7-b86e-40be164eab80: shutdown server with port 36611 successfully
2021-04-28 01:10:15,755 [org.apache.ratis.util.JvmPauseMonitor$$Lambda$504/1823345790@1f44e2ac] INFO  util.JvmPauseMonitor (JvmPauseMonitor.java:run(109)) - JvmPauseMonitor-43d3847f-81c3-43e7-b86e-40be164eab80: Stopped
2021-04-28 01:10:15,769 [ForkJoinPool.commonPool-worker-1] INFO  utils.BackgroundService (BackgroundService.java:shutdown(132)) - Shutting down service BlockDeletingService
2021-04-28 01:10:15,785 [ForkJoinPool.commonPool-worker-1] INFO  statemachine.DatanodeStateMachine (DatanodeStateMachine.java:stopDaemon(469)) - Ozone container server stopped.
2021-04-28 01:10:15,814 [ForkJoinPool.commonPool-worker-1] INFO  handler.ContextHandler (ContextHandler.java:doStop(1154)) - Stopped o.e.j.w.WebAppContext@42af80fa{hddsDatanode,/,null,STOPPED}{jar:file:/home/user/.m2/repository/org/apache/hadoop/hadoop-hdds-container-service/1.2.0-SNAPSHOT/hadoop-hdds-container-service-1.2.0-SNAPSHOT.jar!/webapps/hddsDatanode}
2021-04-28 01:10:15,814 [ForkJoinPool.commonPool-worker-1] INFO  server.AbstractConnector (AbstractConnector.java:doStop(381)) - Stopped ServerConnector@53fa9dc0{HTTP/1.1, (http/1.1)}{0.0.0.0:0}
2021-04-28 01:10:15,814 [ForkJoinPool.commonPool-worker-1] INFO  server.session (HouseKeeper.java:stopScavenging(149)) - node0 Stopped scavenging
2021-04-28 01:10:15,818 [ForkJoinPool.commonPool-worker-1] INFO  handler.ContextHandler (ContextHandler.java:doStop(1154)) - Stopped o.e.j.s.ServletContextHandler@6cd16dae{static,/static,jar:file:/home/user/.m2/repository/org/apache/hadoop/hadoop-hdds-container-service/1.2.0-SNAPSHOT/hadoop-hdds-container-service-1.2.0-SNAPSHOT.jar!/webapps/static,STOPPED}
2021-04-28 01:10:15,818 [ForkJoinPool.commonPool-worker-1] INFO  handler.ContextHandler (ContextHandler.java:doStop(1154)) - Stopped o.e.j.s.ServletContextHandler@702eb56b{logs,/logs,file:///github/workspace/mnt/ozone/hadoop-ozone/integration-test/target/log,STOPPED}
2021-04-28 01:10:16,664 [Datanode State Machine Thread - 0] INFO  statemachine.DatanodeStateMachine (DatanodeStateMachine.java:lambda$startDaemon$0(411)) - Ozone container server started.
2021-04-28 01:10:16,764 [grpc-default-executor-1] WARN  server.GrpcLogAppender (LogUtils.java:warn(122)) - 0fca32f9-76ae-40c1-a223-13204f8d545a@group-F7136F15FB93->c9444e84-7d1e-434a-8350-34c756d48665-AppendLogResponseHandler: Failed appendEntries: org.apache.ratis.thirdparty.io.grpc.StatusRuntimeException: UNAVAILABLE: io exception
2021-04-28 01:10:16,765 [grpc-default-executor-1] WARN  server.GrpcLogAppender (GrpcLogAppender.java:resetClient(111)) - 0fca32f9-76ae-40c1-a223-13204f8d545a@group-F7136F15FB93->c9444e84-7d1e-434a-8350-34c756d48665-GrpcLogAppender: Leader has not got in touch with Follower 0fca32f9-76ae-40c1-a223-13204f8d545a@group-F7136F15FB93->c9444e84-7d1e-434a-8350-34c756d48665(c0,m0,n1, attendVote=true, lastRpcSendTime=2501, lastRpcResponseTime=12507) yet, just keep nextIndex unchanged and retry.
2021-04-28 01:10:16,831 [grpc-default-executor-1] WARN  server.GrpcLogAppender (LogUtils.java:warn(122)) - 0fca32f9-76ae-40c1-a223-13204f8d545a@group-F7136F15FB93->3dc34c93-7aa4-4f5d-882a-22c345cc0d73-AppendLogResponseHandler: Failed appendEntries: org.apache.ratis.thirdparty.io.grpc.StatusRuntimeException: UNAVAILABLE: io exception
2021-04-28 01:10:16,832 [grpc-default-executor-1] WARN  server.GrpcLogAppender (GrpcLogAppender.java:resetClient(111)) - 0fca32f9-76ae-40c1-a223-13204f8d545a@group-F7136F15FB93->3dc34c93-7aa4-4f5d-882a-22c345cc0d73-GrpcLogAppender: Leader has not got in touch with Follower 0fca32f9-76ae-40c1-a223-13204f8d545a@group-F7136F15FB93->3dc34c93-7aa4-4f5d-882a-22c345cc0d73(c0,m0,n1, attendVote=true, lastRpcSendTime=0, lastRpcResponseTime=7521) yet, just keep nextIndex unchanged and retry.
2021-04-28 01:10:17,055 [0fca32f9-76ae-40c1-a223-13204f8d545a@group-01B766403D27-FollowerState] INFO  impl.FollowerState (FollowerState.java:run(134)) - 0fca32f9-76ae-40c1-a223-13204f8d545a@group-01B766403D27-FollowerState: change to CANDIDATE, lastRpcElapsedTime:5160606419ns, electionTimeout:5160ms
2021-04-28 01:10:17,055 [0fca32f9-76ae-40c1-a223-13204f8d545a@group-01B766403D27-FollowerState] INFO  impl.RoleInfo (RoleInfo.java:shutdownFollowerState(108)) - 0fca32f9-76ae-40c1-a223-13204f8d545a: shutdown 0fca32f9-76ae-40c1-a223-13204f8d545a@group-01B766403D27-FollowerState
2021-04-28 01:10:17,055 [0fca32f9-76ae-40c1-a223-13204f8d545a@group-01B766403D27-FollowerState] INFO  server.RaftServer$Division (RaftServerImpl.java:setRole(284)) - 0fca32f9-76ae-40c1-a223-13204f8d545a@group-01B766403D27: changes role from  FOLLOWER to CANDIDATE at term 5 for changeToCandidate
2021-04-28 01:10:17,055 [0fca32f9-76ae-40c1-a223-13204f8d545a@group-01B766403D27-FollowerState] INFO  server.RaftServerConfigKeys (ConfUtils.java:logGet(44)) - raft.server.leaderelection.pre-vote = false (custom)
2021-04-28 01:10:17,055 [0fca32f9-76ae-40c1-a223-13204f8d545a@group-01B766403D27-FollowerState] INFO  impl.RoleInfo (RoleInfo.java:updateAndGet(130)) - 0fca32f9-76ae-40c1-a223-13204f8d545a: start 0fca32f9-76ae-40c1-a223-13204f8d545a@group-01B766403D27-LeaderElection31
2021-04-28 01:10:17,067 [0fca32f9-76ae-40c1-a223-13204f8d545a@group-01B766403D27-LeaderElection31] INFO  impl.LeaderElection (LeaderElection.java:askForVotes(306)) - 0fca32f9-76ae-40c1-a223-13204f8d545a@group-01B766403D27-LeaderElection31 ELECTION round 0: submit vote requests at term 6 for 0: [3dc34c93-7aa4-4f5d-882a-22c345cc0d73|rpc:172.17.0.2:34555|dataStream:|priority:0, 0fca32f9-76ae-40c1-a223-13204f8d545a|rpc:172.17.0.2:34055|dataStream:|priority:0, c9444e84-7d1e-434a-8350-34c756d48665|rpc:172.17.0.2:40945|dataStream:|priority:1], old=null
2021-04-28 01:10:17,078 [0fca32f9-76ae-40c1-a223-13204f8d545a@group-01B766403D27-LeaderElection31] INFO  impl.LeaderElection (LogUtils.java:infoOrTrace(137)) - 0fca32f9-76ae-40c1-a223-13204f8d545a@group-01B766403D27-LeaderElection31 got exception when requesting votes: java.util.concurrent.ExecutionException: org.apache.ratis.thirdparty.io.grpc.StatusRuntimeException: UNAVAILABLE: io exception
2021-04-28 01:10:17,078 [0fca32f9-76ae-40c1-a223-13204f8d545a@group-01B766403D27-LeaderElection31] INFO  impl.LeaderElection (LogUtils.java:infoOrTrace(137)) - 0fca32f9-76ae-40c1-a223-13204f8d545a@group-01B766403D27-LeaderElection31 got exception when requesting votes: java.util.concurrent.ExecutionException: org.apache.ratis.thirdparty.io.grpc.StatusRuntimeException: UNAVAILABLE: io exception
2021-04-28 01:10:17,078 [0fca32f9-76ae-40c1-a223-13204f8d545a@group-01B766403D27-LeaderElection31] INFO  impl.LeaderElection (LeaderElection.java:logAndReturn(89)) - 0fca32f9-76ae-40c1-a223-13204f8d545a@group-01B766403D27-LeaderElection31: ELECTION REJECTED received 0 response(s) and 2 exception(s):
2021-04-28 01:10:17,078 [0fca32f9-76ae-40c1-a223-13204f8d545a@group-01B766403D27-LeaderElection31] INFO  impl.LeaderElection (LogUtils.java:infoOrTrace(137)) -   Exception 0: java.util.concurrent.ExecutionException: org.apache.ratis.thirdparty.io.grpc.StatusRuntimeException: UNAVAILABLE: io exception
2021-04-28 01:10:17,078 [0fca32f9-76ae-40c1-a223-13204f8d545a@group-01B766403D27-LeaderElection31] INFO  impl.LeaderElection (LogUtils.java:infoOrTrace(137)) -   Exception 1: java.util.concurrent.ExecutionException: org.apache.ratis.thirdparty.io.grpc.StatusRuntimeException: UNAVAILABLE: io exception
2021-04-28 01:10:17,078 [0fca32f9-76ae-40c1-a223-13204f8d545a@group-01B766403D27-LeaderElection31] INFO  impl.LeaderElection (LeaderElection.java:askForVotes(308)) - 0fca32f9-76ae-40c1-a223-13204f8d545a@group-01B766403D27-LeaderElection31 ELECTION round 0: result REJECTED
2021-04-28 01:10:17,078 [0fca32f9-76ae-40c1-a223-13204f8d545a@group-01B766403D27-LeaderElection31] INFO  server.RaftServer$Division (RaftServerImpl.java:setRole(284)) - 0fca32f9-76ae-40c1-a223-13204f8d545a@group-01B766403D27: changes role from CANDIDATE to FOLLOWER at term 6 for REJECTED
2021-04-28 01:10:17,078 [0fca32f9-76ae-40c1-a223-13204f8d545a@group-01B766403D27-LeaderElection31] INFO  impl.RoleInfo (RoleInfo.java:shutdownLeaderElection(121)) - 0fca32f9-76ae-40c1-a223-13204f8d545a: shutdown 0fca32f9-76ae-40c1-a223-13204f8d545a@group-01B766403D27-LeaderElection31
2021-04-28 01:10:17,078 [0fca32f9-76ae-40c1-a223-13204f8d545a@group-01B766403D27-LeaderElection31] INFO  impl.RoleInfo (RoleInfo.java:updateAndGet(130)) - 0fca32f9-76ae-40c1-a223-13204f8d545a: start 0fca32f9-76ae-40c1-a223-13204f8d545a@group-01B766403D27-FollowerState
2021-04-28 01:10:17,896 [0fca32f9-76ae-40c1-a223-13204f8d545a@group-F7136F15FB93-LeaderStateImpl] WARN  server.RaftServer$Division (LeaderStateImpl.java:checkLeadership(944)) - 0fca32f9-76ae-40c1-a223-13204f8d545a@group-F7136F15FB93-LeaderStateImpl: Lost leadership on term: 2. Election timeout: 5200ms. In charge for: 31257ms. Conf: 0: [0fca32f9-76ae-40c1-a223-13204f8d545a|rpc:172.17.0.2:34055|dataStream:|priority:1, 3dc34c93-7aa4-4f5d-882a-22c345cc0d73|rpc:172.17.0.2:34555|dataStream:|priority:0, c9444e84-7d1e-434a-8350-34c756d48665|rpc:172.17.0.2:40945|dataStream:|priority:0], old=null
2021-04-28 01:10:17,897 [0fca32f9-76ae-40c1-a223-13204f8d545a@group-F7136F15FB93-LeaderStateImpl] WARN  server.RaftServer$Division (LeaderStateImpl.java:lambda$checkLeadership$15(948)) - Follower 0fca32f9-76ae-40c1-a223-13204f8d545a@group-F7136F15FB93->3dc34c93-7aa4-4f5d-882a-22c345cc0d73(c0,m0,n1, attendVote=true, lastRpcSendTime=1065, lastRpcResponseTime=8585)
2021-04-28 01:10:17,897 [0fca32f9-76ae-40c1-a223-13204f8d545a@group-F7136F15FB93-LeaderStateImpl] WARN  server.RaftServer$Division (LeaderStateImpl.java:lambda$checkLeadership$15(948)) - Follower 0fca32f9-76ae-40c1-a223-13204f8d545a@group-F7136F15FB93->c9444e84-7d1e-434a-8350-34c756d48665(c0,m0,n1, attendVote=true, lastRpcSendTime=1129, lastRpcResponseTime=13639)
2021-04-28 01:10:17,897 [0fca32f9-76ae-40c1-a223-13204f8d545a@group-F7136F15FB93-LeaderStateImpl] INFO  server.RaftServer$Division (RaftServerImpl.java:setRole(284)) - 0fca32f9-76ae-40c1-a223-13204f8d545a@group-F7136F15FB93: changes role from    LEADER to FOLLOWER at term 2 for StepDownReason:LOST_MAJORITY_HEARTBEATS
2021-04-28 01:10:17,897 [0fca32f9-76ae-40c1-a223-13204f8d545a@group-F7136F15FB93-LeaderStateImpl] INFO  impl.RoleInfo (RoleInfo.java:shutdownLeaderState(91)) - 0fca32f9-76ae-40c1-a223-13204f8d545a: shutdown 0fca32f9-76ae-40c1-a223-13204f8d545a@group-F7136F15FB93-LeaderStateImpl
2021-04-28 01:10:17,897 [0fca32f9-76ae-40c1-a223-13204f8d545a@group-F7136F15FB93-LeaderStateImpl] INFO  metrics.RatisMetrics (RatisMetrics.java:unregister(43)) - Unregistering Metrics Registry : ratis_grpc.log_appender.0fca32f9-76ae-40c1-a223-13204f8d545a@group-F7136F15FB93
2021-04-28 01:10:17,897 [0fca32f9-76ae-40c1-a223-13204f8d545a@group-F7136F15FB93-LeaderStateImpl] INFO  metrics.RatisMetrics (RatisMetrics.java:unregister(43)) - Unregistering Metrics Registry : ratis_grpc.log_appender.0fca32f9-76ae-40c1-a223-13204f8d545a@group-F7136F15FB93
2021-04-28 01:10:17,897 [0fca32f9-76ae-40c1-a223-13204f8d545a@group-F7136F15FB93-LeaderStateImpl] INFO  impl.PendingRequests (PendingRequests.java:sendNotLeaderResponses(249)) - 0fca32f9-76ae-40c1-a223-13204f8d545a@group-F7136F15FB93-PendingRequests: sendNotLeaderResponses
2021-04-28 01:10:17,897 [0fca32f9-76ae-40c1-a223-13204f8d545a@group-F7136F15FB93-LeaderStateImpl] INFO  metrics.RatisMetrics (RatisMetrics.java:unregister(43)) - Unregistering Metrics Registry : ratis.log_appender.0fca32f9-76ae-40c1-a223-13204f8d545a@group-F7136F15FB93
2021-04-28 01:10:17,897 [0fca32f9-76ae-40c1-a223-13204f8d545a@group-F7136F15FB93-LeaderStateImpl] INFO  metrics.RatisMetrics (RatisMetrics.java:unregister(43)) - Unregistering Metrics Registry : ratis.server.0fca32f9-76ae-40c1-a223-13204f8d545a@group-F7136F15FB93
2021-04-28 01:10:17,898 [0fca32f9-76ae-40c1-a223-13204f8d545a@group-F7136F15FB93-LeaderStateImpl] INFO  impl.RoleInfo (RoleInfo.java:updateAndGet(130)) - 0fca32f9-76ae-40c1-a223-13204f8d545a: start 0fca32f9-76ae-40c1-a223-13204f8d545a@group-F7136F15FB93-FollowerState
2021-04-28 01:10:20,731 [Listener at 127.0.0.1/36361] INFO  ozoneimpl.OzoneContainer (OzoneContainer.java:stop(313)) - Attempting to stop container services.
2021-04-28 01:10:20,732 [Listener at 127.0.0.1/36361] INFO  server.RaftServer (RaftServerProxy.java:lambda$close$6(391)) - 0fca32f9-76ae-40c1-a223-13204f8d545a: close
2021-04-28 01:10:20,733 [Listener at 127.0.0.1/36361] INFO  server.RaftServer$Division (RaftServerImpl.java:lambda$close$4(406)) - 0fca32f9-76ae-40c1-a223-13204f8d545a@group-01B766403D27: shutdown
2021-04-28 01:10:20,733 [Listener at 127.0.0.1/36361] INFO  util.JmxRegister (JmxRegister.java:unregister(73)) - Successfully un-registered JMX Bean with object name Ratis:service=RaftServer,group=group-01B766403D27,id=0fca32f9-76ae-40c1-a223-13204f8d545a
2021-04-28 01:10:20,733 [Listener at 127.0.0.1/36361] INFO  impl.RoleInfo (RoleInfo.java:shutdownFollowerState(108)) - 0fca32f9-76ae-40c1-a223-13204f8d545a: shutdown 0fca32f9-76ae-40c1-a223-13204f8d545a@group-01B766403D27-FollowerState
2021-04-28 01:10:20,733 [Listener at 127.0.0.1/36361] INFO  impl.StateMachineUpdater (StateMachineUpdater.java:stopAndJoin(149)) - 0fca32f9-76ae-40c1-a223-13204f8d545a@group-01B766403D27-StateMachineUpdater: set stopIndex = 0
2021-04-28 01:10:20,734 [0fca32f9-76ae-40c1-a223-13204f8d545a@group-01B766403D27-StateMachineUpdater] INFO  ratis.ContainerStateMachine (ContainerStateMachine.java:takeSnapshot(292)) - group-01B766403D27: Taking a snapshot at:(t:4, i:0) file /github/workspace/mnt/ozone/hadoop-ozone/integration-test/target/test-dir/MiniOzoneClusterImpl-d7076e4a-bb1a-46d0-b0f9-1975ab90d2da/datanode-5/data/ratis/d1b4f0a7-ea19-4a99-90ab-01b766403d27/sm/snapshot.4_0
2021-04-28 01:10:20,734 [0fca32f9-76ae-40c1-a223-13204f8d545a@group-01B766403D27-FollowerState] INFO  impl.FollowerState (FollowerState.java:run(143)) - 0fca32f9-76ae-40c1-a223-13204f8d545a@group-01B766403D27-FollowerState was interrupted: {}
java.lang.InterruptedException: sleep interrupted
	at java.lang.Thread.sleep(Native Method)
	at java.lang.Thread.sleep(Thread.java:340)
	at java.util.concurrent.TimeUnit.sleep(TimeUnit.java:386)
	at org.apache.ratis.util.TimeDuration.sleep(TimeDuration.java:324)
	at org.apache.ratis.util.TimeDuration.sleep(TimeDuration.java:309)
	at org.apache.ratis.server.impl.FollowerState.run(FollowerState.java:118)
2021-04-28 01:10:20,734 [0fca32f9-76ae-40c1-a223-13204f8d545a@group-01B766403D27-StateMachineUpdater] INFO  ratis.ContainerStateMachine (ContainerStateMachine.java:takeSnapshot(303)) - group-01B766403D27: Finished taking a snapshot at:(t:4, i:0) file:/github/workspace/mnt/ozone/hadoop-ozone/integration-test/target/test-dir/MiniOzoneClusterImpl-d7076e4a-bb1a-46d0-b0f9-1975ab90d2da/datanode-5/data/ratis/d1b4f0a7-ea19-4a99-90ab-01b766403d27/sm/snapshot.4_0 took: 0 ms
2021-04-28 01:10:20,734 [0fca32f9-76ae-40c1-a223-13204f8d545a@group-01B766403D27-StateMachineUpdater] INFO  impl.StateMachineUpdater (StateMachineUpdater.java:takeSnapshot(281)) - 0fca32f9-76ae-40c1-a223-13204f8d545a@group-01B766403D27-StateMachineUpdater: Took a snapshot at index 0
2021-04-28 01:10:20,735 [0fca32f9-76ae-40c1-a223-13204f8d545a@group-01B766403D27-StateMachineUpdater] INFO  impl.StateMachineUpdater (StateMachineUpdater.java:lambda$new$0(89)) - 0fca32f9-76ae-40c1-a223-13204f8d545a@group-01B766403D27-StateMachineUpdater: snapshotIndex: updateIncreasingly -1 -> 0
2021-04-28 01:10:20,735 [0fca32f9-76ae-40c1-a223-13204f8d545a@group-01B766403D27-StateMachineUpdater] INFO  metrics.RatisMetrics (RatisMetrics.java:unregister(43)) - Unregistering Metrics Registry : ratis.state_machine.0fca32f9-76ae-40c1-a223-13204f8d545a@group-01B766403D27
2021-04-28 01:10:20,735 [Listener at 127.0.0.1/36361] INFO  server.RaftServer$Division (ServerState.java:close(405)) - 0fca32f9-76ae-40c1-a223-13204f8d545a@group-01B766403D27: closes. applyIndex: 0
2021-04-28 01:10:20,735 [0fca32f9-76ae-40c1-a223-13204f8d545a@group-01B766403D27-SegmentedRaftLogWorker] INFO  segmented.SegmentedRaftLogWorker (SegmentedRaftLogWorker.java:run(327)) - 0fca32f9-76ae-40c1-a223-13204f8d545a@group-01B766403D27-SegmentedRaftLogWorker was interrupted, exiting. There are 0 tasks remaining in the queue.
2021-04-28 01:10:20,735 [Listener at 127.0.0.1/36361] INFO  segmented.SegmentedRaftLogWorker (SegmentedRaftLogWorker.java:close(237)) - 0fca32f9-76ae-40c1-a223-13204f8d545a@group-01B766403D27-SegmentedRaftLogWorker close()
2021-04-28 01:10:20,736 [Listener at 127.0.0.1/36361] INFO  metrics.RatisMetrics (RatisMetrics.java:unregister(43)) - Unregistering Metrics Registry : ratis.log_worker.0fca32f9-76ae-40c1-a223-13204f8d545a@group-01B766403D27
2021-04-28 01:10:20,736 [Listener at 127.0.0.1/36361] INFO  metrics.RatisMetrics (RatisMetrics.java:unregister(43)) - Unregistering Metrics Registry : ratis.leader_election.0fca32f9-76ae-40c1-a223-13204f8d545a@group-01B766403D27
2021-04-28 01:10:20,736 [Listener at 127.0.0.1/36361] INFO  metrics.RatisMetrics (RatisMetrics.java:unregister(43)) - Unregistering Metrics Registry : ratis.server.0fca32f9-76ae-40c1-a223-13204f8d545a@group-01B766403D27
2021-04-28 01:10:20,737 [Listener at 127.0.0.1/36361] INFO  server.RaftServer$Division (RaftServerImpl.java:lambda$close$4(406)) - 0fca32f9-76ae-40c1-a223-13204f8d545a@group-F7136F15FB93: shutdown
2021-04-28 01:10:20,737 [Listener at 127.0.0.1/36361] INFO  util.JmxRegister (JmxRegister.java:unregister(73)) - Successfully un-registered JMX Bean with object name Ratis:service=RaftServer,group=group-F7136F15FB93,id=0fca32f9-76ae-40c1-a223-13204f8d545a
2021-04-28 01:10:20,737 [Listener at 127.0.0.1/36361] INFO  impl.RoleInfo (RoleInfo.java:shutdownFollowerState(108)) - 0fca32f9-76ae-40c1-a223-13204f8d545a: shutdown 0fca32f9-76ae-40c1-a223-13204f8d545a@group-F7136F15FB93-FollowerState
2021-04-28 01:10:20,737 [Listener at 127.0.0.1/36361] INFO  impl.StateMachineUpdater (StateMachineUpdater.java:stopAndJoin(149)) - 0fca32f9-76ae-40c1-a223-13204f8d545a@group-F7136F15FB93-StateMachineUpdater: set stopIndex = 0
2021-04-28 01:10:20,737 [0fca32f9-76ae-40c1-a223-13204f8d545a@group-F7136F15FB93-StateMachineUpdater] INFO  ratis.ContainerStateMachine (ContainerStateMachine.java:takeSnapshot(292)) - group-F7136F15FB93: Taking a snapshot at:(t:2, i:0) file /github/workspace/mnt/ozone/hadoop-ozone/integration-test/target/test-dir/MiniOzoneClusterImpl-d7076e4a-bb1a-46d0-b0f9-1975ab90d2da/datanode-5/data/ratis/caff8bd0-7063-4efd-97e9-f7136f15fb93/sm/snapshot.2_0
2021-04-28 01:10:20,737 [0fca32f9-76ae-40c1-a223-13204f8d545a@group-F7136F15FB93-FollowerState] INFO  impl.FollowerState (FollowerState.java:run(143)) - 0fca32f9-76ae-40c1-a223-13204f8d545a@group-F7136F15FB93-FollowerState was interrupted: {}
java.lang.InterruptedException: sleep interrupted
	at java.lang.Thread.sleep(Native Method)
	at java.lang.Thread.sleep(Thread.java:340)
	at java.util.concurrent.TimeUnit.sleep(TimeUnit.java:386)
	at org.apache.ratis.util.TimeDuration.sleep(TimeDuration.java:324)
	at org.apache.ratis.util.TimeDuration.sleep(TimeDuration.java:309)
	at org.apache.ratis.server.impl.FollowerState.run(FollowerState.java:118)
2021-04-28 01:10:20,738 [0fca32f9-76ae-40c1-a223-13204f8d545a@group-F7136F15FB93-StateMachineUpdater] INFO  ratis.ContainerStateMachine (ContainerStateMachine.java:takeSnapshot(303)) - group-F7136F15FB93: Finished taking a snapshot at:(t:2, i:0) file:/github/workspace/mnt/ozone/hadoop-ozone/integration-test/target/test-dir/MiniOzoneClusterImpl-d7076e4a-bb1a-46d0-b0f9-1975ab90d2da/datanode-5/data/ratis/caff8bd0-7063-4efd-97e9-f7136f15fb93/sm/snapshot.2_0 took: 1 ms
2021-04-28 01:10:20,738 [0fca32f9-76ae-40c1-a223-13204f8d545a@group-F7136F15FB93-StateMachineUpdater] INFO  impl.StateMachineUpdater (StateMachineUpdater.java:takeSnapshot(281)) - 0fca32f9-76ae-40c1-a223-13204f8d545a@group-F7136F15FB93-StateMachineUpdater: Took a snapshot at index 0
2021-04-28 01:10:20,738 [0fca32f9-76ae-40c1-a223-13204f8d545a@group-F7136F15FB93-StateMachineUpdater] INFO  impl.StateMachineUpdater (StateMachineUpdater.java:lambda$new$0(89)) - 0fca32f9-76ae-40c1-a223-13204f8d545a@group-F7136F15FB93-StateMachineUpdater: snapshotIndex: updateIncreasingly -1 -> 0
2021-04-28 01:10:20,738 [0fca32f9-76ae-40c1-a223-13204f8d545a@group-F7136F15FB93-StateMachineUpdater] INFO  metrics.RatisMetrics (RatisMetrics.java:unregister(43)) - Unregistering Metrics Registry : ratis.state_machine.0fca32f9-76ae-40c1-a223-13204f8d545a@group-F7136F15FB93
2021-04-28 01:10:20,738 [Listener at 127.0.0.1/36361] INFO  server.RaftServer$Division (ServerState.java:close(405)) - 0fca32f9-76ae-40c1-a223-13204f8d545a@group-F7136F15FB93: closes. applyIndex: 0
2021-04-28 01:10:20,738 [0fca32f9-76ae-40c1-a223-13204f8d545a@group-F7136F15FB93-SegmentedRaftLogWorker] INFO  segmented.SegmentedRaftLogWorker (SegmentedRaftLogWorker.java:run(327)) - 0fca32f9-76ae-40c1-a223-13204f8d545a@group-F7136F15FB93-SegmentedRaftLogWorker was interrupted, exiting. There are 0 tasks remaining in the queue.
2021-04-28 01:10:20,739 [Listener at 127.0.0.1/36361] INFO  segmented.SegmentedRaftLogWorker (SegmentedRaftLogWorker.java:close(237)) - 0fca32f9-76ae-40c1-a223-13204f8d545a@group-F7136F15FB93-SegmentedRaftLogWorker close()
2021-04-28 01:10:20,739 [Listener at 127.0.0.1/36361] INFO  metrics.RatisMetrics (RatisMetrics.java:unregister(43)) - Unregistering Metrics Registry : ratis.log_worker.0fca32f9-76ae-40c1-a223-13204f8d545a@group-F7136F15FB93
2021-04-28 01:10:20,739 [Listener at 127.0.0.1/36361] INFO  metrics.RatisMetrics (RatisMetrics.java:unregister(43)) - Unregistering Metrics Registry : ratis.leader_election.0fca32f9-76ae-40c1-a223-13204f8d545a@group-F7136F15FB93
2021-04-28 01:10:20,739 [Listener at 127.0.0.1/36361] INFO  metrics.RatisMetrics (RatisMetrics.java:unregister(43)) - Unregistering Metrics Registry : ratis.server.0fca32f9-76ae-40c1-a223-13204f8d545a@group-F7136F15FB93
2021-04-28 01:10:20,739 [Listener at 127.0.0.1/36361] INFO  server.RaftServer$Division (RaftServerImpl.java:lambda$close$4(406)) - 0fca32f9-76ae-40c1-a223-13204f8d545a@group-2EE4D9CA95E6: shutdown
2021-04-28 01:10:20,740 [Listener at 127.0.0.1/36361] INFO  util.JmxRegister (JmxRegister.java:unregister(73)) - Successfully un-registered JMX Bean with object name Ratis:service=RaftServer,group=group-2EE4D9CA95E6,id=0fca32f9-76ae-40c1-a223-13204f8d545a
2021-04-28 01:10:20,740 [Listener at 127.0.0.1/36361] INFO  impl.RoleInfo (RoleInfo.java:shutdownLeaderState(91)) - 0fca32f9-76ae-40c1-a223-13204f8d545a: shutdown 0fca32f9-76ae-40c1-a223-13204f8d545a@group-2EE4D9CA95E6-LeaderStateImpl
2021-04-28 01:10:20,740 [Listener at 127.0.0.1/36361] INFO  impl.PendingRequests (PendingRequests.java:sendNotLeaderResponses(249)) - 0fca32f9-76ae-40c1-a223-13204f8d545a@group-2EE4D9CA95E6-PendingRequests: sendNotLeaderResponses
2021-04-28 01:10:20,740 [Listener at 127.0.0.1/36361] INFO  metrics.RatisMetrics (RatisMetrics.java:unregister(43)) - Unregistering Metrics Registry : ratis.log_appender.0fca32f9-76ae-40c1-a223-13204f8d545a@group-2EE4D9CA95E6
2021-04-28 01:10:20,740 [Listener at 127.0.0.1/36361] INFO  metrics.RatisMetrics (RatisMetrics.java:unregister(43)) - Unregistering Metrics Registry : ratis.server.0fca32f9-76ae-40c1-a223-13204f8d545a@group-2EE4D9CA95E6
2021-04-28 01:10:20,740 [Listener at 127.0.0.1/36361] INFO  impl.StateMachineUpdater (StateMachineUpdater.java:stopAndJoin(149)) - 0fca32f9-76ae-40c1-a223-13204f8d545a@group-2EE4D9CA95E6-StateMachineUpdater: set stopIndex = 0
2021-04-28 01:10:20,741 [0fca32f9-76ae-40c1-a223-13204f8d545a@group-2EE4D9CA95E6-StateMachineUpdater] INFO  ratis.ContainerStateMachine (ContainerStateMachine.java:takeSnapshot(292)) - group-2EE4D9CA95E6: Taking a snapshot at:(t:1, i:0) file /github/workspace/mnt/ozone/hadoop-ozone/integration-test/target/test-dir/MiniOzoneClusterImpl-d7076e4a-bb1a-46d0-b0f9-1975ab90d2da/datanode-5/data/ratis/6a0a0a70-9eb6-48ed-9954-2ee4d9ca95e6/sm/snapshot.1_0
2021-04-28 01:10:20,741 [0fca32f9-76ae-40c1-a223-13204f8d545a@group-2EE4D9CA95E6-StateMachineUpdater] INFO  ratis.ContainerStateMachine (ContainerStateMachine.java:takeSnapshot(303)) - group-2EE4D9CA95E6: Finished taking a snapshot at:(t:1, i:0) file:/github/workspace/mnt/ozone/hadoop-ozone/integration-test/target/test-dir/MiniOzoneClusterImpl-d7076e4a-bb1a-46d0-b0f9-1975ab90d2da/datanode-5/data/ratis/6a0a0a70-9eb6-48ed-9954-2ee4d9ca95e6/sm/snapshot.1_0 took: 0 ms
2021-04-28 01:10:20,741 [0fca32f9-76ae-40c1-a223-13204f8d545a@group-2EE4D9CA95E6-StateMachineUpdater] INFO  impl.StateMachineUpdater (StateMachineUpdater.java:takeSnapshot(281)) - 0fca32f9-76ae-40c1-a223-13204f8d545a@group-2EE4D9CA95E6-StateMachineUpdater: Took a snapshot at index 0
2021-04-28 01:10:20,741 [0fca32f9-76ae-40c1-a223-13204f8d545a@group-2EE4D9CA95E6-StateMachineUpdater] INFO  impl.StateMachineUpdater (StateMachineUpdater.java:lambda$new$0(89)) - 0fca32f9-76ae-40c1-a223-13204f8d545a@group-2EE4D9CA95E6-StateMachineUpdater: snapshotIndex: updateIncreasingly -1 -> 0
2021-04-28 01:10:20,741 [0fca32f9-76ae-40c1-a223-13204f8d545a@group-2EE4D9CA95E6-StateMachineUpdater] INFO  metrics.RatisMetrics (RatisMetrics.java:unregister(43)) - Unregistering Metrics Registry : ratis.state_machine.0fca32f9-76ae-40c1-a223-13204f8d545a@group-2EE4D9CA95E6
2021-04-28 01:10:20,741 [Listener at 127.0.0.1/36361] INFO  server.RaftServer$Division (ServerState.java:close(405)) - 0fca32f9-76ae-40c1-a223-13204f8d545a@group-2EE4D9CA95E6: closes. applyIndex: 0
2021-04-28 01:10:20,742 [0fca32f9-76ae-40c1-a223-13204f8d545a@group-2EE4D9CA95E6-SegmentedRaftLogWorker] INFO  segmented.SegmentedRaftLogWorker (SegmentedRaftLogWorker.java:run(327)) - 0fca32f9-76ae-40c1-a223-13204f8d545a@group-2EE4D9CA95E6-SegmentedRaftLogWorker was interrupted, exiting. There are 0 tasks remaining in the queue.
2021-04-28 01:10:20,742 [Listener at 127.0.0.1/36361] INFO  segmented.SegmentedRaftLogWorker (SegmentedRaftLogWorker.java:close(237)) - 0fca32f9-76ae-40c1-a223-13204f8d545a@group-2EE4D9CA95E6-SegmentedRaftLogWorker close()
2021-04-28 01:10:20,743 [Listener at 127.0.0.1/36361] INFO  metrics.RatisMetrics (RatisMetrics.java:unregister(43)) - Unregistering Metrics Registry : ratis.log_worker.0fca32f9-76ae-40c1-a223-13204f8d545a@group-2EE4D9CA95E6
2021-04-28 01:10:20,743 [Listener at 127.0.0.1/36361] INFO  metrics.RatisMetrics (RatisMetrics.java:unregister(43)) - Unregistering Metrics Registry : ratis.leader_election.0fca32f9-76ae-40c1-a223-13204f8d545a@group-2EE4D9CA95E6
2021-04-28 01:10:20,743 [Listener at 127.0.0.1/36361] INFO  metrics.RatisMetrics (RatisMetrics.java:unregister(43)) - Unregistering Metrics Registry : ratis.server.0fca32f9-76ae-40c1-a223-13204f8d545a@group-2EE4D9CA95E6
2021-04-28 01:10:20,743 [Listener at 127.0.0.1/36361] INFO  server.GrpcService (GrpcService.java:closeImpl(262)) - 0fca32f9-76ae-40c1-a223-13204f8d545a: shutdown server with port 34055 now
2021-04-28 01:10:20,748 [Listener at 127.0.0.1/36361] INFO  server.GrpcService (GrpcService.java:closeImpl(271)) - 0fca32f9-76ae-40c1-a223-13204f8d545a: shutdown server with port 34055 successfully
2021-04-28 01:10:20,748 [org.apache.ratis.util.JvmPauseMonitor$$Lambda$504/1823345790@67c085d8] INFO  util.JvmPauseMonitor (JvmPauseMonitor.java:run(109)) - JvmPauseMonitor-0fca32f9-76ae-40c1-a223-13204f8d545a: Stopped
2021-04-28 01:10:20,749 [Listener at 127.0.0.1/36361] INFO  utils.BackgroundService (BackgroundService.java:shutdown(132)) - Shutting down service BlockDeletingService
2021-04-28 01:10:20,751 [Listener at 127.0.0.1/36361] INFO  statemachine.DatanodeStateMachine (DatanodeStateMachine.java:stopDaemon(469)) - Ozone container server stopped.
2021-04-28 01:10:20,759 [Listener at 127.0.0.1/36361] INFO  handler.ContextHandler (ContextHandler.java:doStop(1154)) - Stopped o.e.j.w.WebAppContext@7ddb3311{hddsDatanode,/,null,STOPPED}{jar:file:/home/user/.m2/repository/org/apache/hadoop/hadoop-hdds-container-service/1.2.0-SNAPSHOT/hadoop-hdds-container-service-1.2.0-SNAPSHOT.jar!/webapps/hddsDatanode}
2021-04-28 01:10:20,759 [Listener at 127.0.0.1/36361] INFO  server.AbstractConnector (AbstractConnector.java:doStop(381)) - Stopped ServerConnector@1699f8de{HTTP/1.1, (http/1.1)}{0.0.0.0:0}
2021-04-28 01:10:20,759 [Listener at 127.0.0.1/36361] INFO  server.session (HouseKeeper.java:stopScavenging(149)) - node0 Stopped scavenging
2021-04-28 01:10:20,759 [Listener at 127.0.0.1/36361] INFO  handler.ContextHandler (ContextHandler.java:doStop(1154)) - Stopped o.e.j.s.ServletContextHandler@391e7317{static,/static,jar:file:/home/user/.m2/repository/org/apache/hadoop/hadoop-hdds-container-service/1.2.0-SNAPSHOT/hadoop-hdds-container-service-1.2.0-SNAPSHOT.jar!/webapps/static,STOPPED}
2021-04-28 01:10:20,760 [Listener at 127.0.0.1/36361] INFO  handler.ContextHandler (ContextHandler.java:doStop(1154)) - Stopped o.e.j.s.ServletContextHandler@6d4e7bbe{logs,/logs,file:///github/workspace/mnt/ozone/hadoop-ozone/integration-test/target/log,STOPPED}
2021-04-28 01:10:20,760 [Listener at 127.0.0.1/36361] INFO  ozone.MiniOzoneClusterImpl (MiniOzoneClusterImpl.java:stopSCM(532)) - Stopping the StorageContainerManager
2021-04-28 01:10:20,760 [Listener at 127.0.0.1/36361] INFO  server.StorageContainerManager (StorageContainerManager.java:stop(1229)) - Stopping Replication Manager Service.
2021-04-28 01:10:20,760 [Listener at 127.0.0.1/36361] INFO  container.ReplicationManager (ReplicationManager.java:stop(267)) - Stopping Replication Monitor Thread.
2021-04-28 01:10:20,761 [Listener at 127.0.0.1/36361] INFO  server.StorageContainerManager (StorageContainerManager.java:stop(1236)) - Stopping the Datanode Admin Monitor.
2021-04-28 01:10:20,761 [Listener at 127.0.0.1/36361] INFO  server.StorageContainerManager (StorageContainerManager.java:stop(1243)) - Stopping Lease Manager of the command watchers
2021-04-28 01:10:20,761 [Listener at 127.0.0.1/36361] INFO  server.StorageContainerManager (StorageContainerManager.java:stop(1250)) - Stopping datanode service RPC server
2021-04-28 01:10:20,761 [Listener at 127.0.0.1/36361] INFO  server.SCMDatanodeProtocolServer (SCMDatanodeProtocolServer.java:stop(374)) - Stopping the RPC server for DataNodes
2021-04-28 01:10:20,761 [Listener at 127.0.0.1/36361] INFO  ipc.Server (Server.java:stop(3403)) - Stopping server on 46599
2021-04-28 01:10:20,762 [IPC Server listener on 0] INFO  ipc.Server (Server.java:run(1366)) - Stopping IPC Server listener on 0
2021-04-28 01:10:20,763 [IPC Server Responder] INFO  ipc.Server (Server.java:run(1502)) - Stopping IPC Server Responder
2021-04-28 01:10:20,778 [SCM Heartbeat Processing Thread - 0] WARN  node.NodeStateManager (NodeStateManager.java:scheduleNextHealthCheck(688)) - Current Thread is interrupted, shutting down HB processing thread for Node Manager.
2021-04-28 01:10:20,778 [Listener at 127.0.0.1/36361] INFO  server.StorageContainerManager (StorageContainerManager.java:stop(1258)) - Stopping block service RPC server
2021-04-28 01:10:20,778 [Listener at 127.0.0.1/36361] INFO  server.SCMBlockProtocolServer (SCMBlockProtocolServer.java:stop(158)) - Stopping the RPC server for Block Protocol
2021-04-28 01:10:20,778 [Listener at 127.0.0.1/36361] INFO  ipc.Server (Server.java:stop(3403)) - Stopping server on 34689
2021-04-28 01:10:20,779 [IPC Server listener on 0] INFO  ipc.Server (Server.java:run(1366)) - Stopping IPC Server listener on 0
2021-04-28 01:10:20,780 [IPC Server Responder] INFO  ipc.Server (Server.java:run(1502)) - Stopping IPC Server Responder
2021-04-28 01:10:20,780 [Listener at 127.0.0.1/36361] INFO  server.StorageContainerManager (StorageContainerManager.java:stop(1265)) - Stopping the StorageContainerLocationProtocol RPC server
2021-04-28 01:10:20,780 [Listener at 127.0.0.1/36361] INFO  server.SCMClientProtocolServer (SCMClientProtocolServer.java:stop(166)) - Stopping the RPC server for Client Protocol
2021-04-28 01:10:20,780 [Listener at 127.0.0.1/36361] INFO  ipc.Server (Server.java:stop(3403)) - Stopping server on 36041
2021-04-28 01:10:20,782 [IPC Server listener on 0] INFO  ipc.Server (Server.java:run(1366)) - Stopping IPC Server listener on 0
2021-04-28 01:10:20,782 [IPC Server Responder] INFO  ipc.Server (Server.java:run(1502)) - Stopping IPC Server Responder
2021-04-28 01:10:20,782 [Listener at 127.0.0.1/36361] INFO  server.StorageContainerManager (StorageContainerManager.java:stop(1272)) - Stopping Storage Container Manager HTTP server.
2021-04-28 01:10:20,782 [Listener at 127.0.0.1/36361] INFO  handler.ContextHandler (ContextHandler.java:doStop(1154)) - Stopped o.e.j.w.WebAppContext@33acbe6b{scm,/,null,STOPPED}{file:/github/workspace/mnt/ozone/hadoop-ozone/integration-test/target/test-classes/webapps/scm}
2021-04-28 01:10:20,783 [Listener at 127.0.0.1/36361] INFO  server.AbstractConnector (AbstractConnector.java:doStop(381)) - Stopped ServerConnector@2d3b6ec6{HTTP/1.1, (http/1.1)}{0.0.0.0:0}
2021-04-28 01:10:20,783 [Listener at 127.0.0.1/36361] INFO  server.session (HouseKeeper.java:stopScavenging(149)) - node0 Stopped scavenging
2021-04-28 01:10:20,783 [Listener at 127.0.0.1/36361] INFO  handler.ContextHandler (ContextHandler.java:doStop(1154)) - Stopped o.e.j.s.ServletContextHandler@737c05f7{static,/static,file:///github/workspace/mnt/ozone/hadoop-ozone/integration-test/target/test-classes/webapps/static,STOPPED}
2021-04-28 01:10:20,783 [Listener at 127.0.0.1/36361] INFO  handler.ContextHandler (ContextHandler.java:doStop(1154)) - Stopped o.e.j.s.ServletContextHandler@163da72d{logs,/logs,file:///github/workspace/mnt/ozone/hadoop-ozone/integration-test/target/log,STOPPED}
2021-04-28 01:10:20,784 [Listener at 127.0.0.1/36361] INFO  server.StorageContainerManager (StorageContainerManager.java:stop(1283)) - Stopping Block Manager Service.
2021-04-28 01:10:20,784 [Listener at 127.0.0.1/36361] INFO  utils.BackgroundService (BackgroundService.java:shutdown(132)) - Shutting down service SCMBlockDeletingService
2021-04-28 01:10:20,784 [Listener at 127.0.0.1/36361] INFO  utils.BackgroundService (BackgroundService.java:shutdown(132)) - Shutting down service SCMBlockDeletingService
2021-04-28 01:10:20,785 [Listener at 127.0.0.1/36361] INFO  server.StorageContainerManager (StorageContainerManager.java:stop(1308)) - Stopping SCM Event Queue.
2021-04-28 01:10:20,787 [Listener at 127.0.0.1/36361] WARN  pipeline.BackgroundPipelineCreator (BackgroundPipelineCreatorV2.java:stop(154)) - RatisPipelineUtilsThread is not running, just ignore.
2021-04-28 01:10:20,788 [Listener at 127.0.0.1/36361] INFO  impl.MetricsSystemImpl (MetricsSystemImpl.java:stop(210)) - Stopping XceiverClientMetrics metrics system...
2021-04-28 01:10:20,791 [prometheus] INFO  impl.MetricsSinkAdapter (MetricsSinkAdapter.java:publishMetricsFromQueue(141)) - prometheus thread interrupted.
2021-04-28 01:10:20,792 [Listener at 127.0.0.1/36361] INFO  impl.MetricsSystemImpl (MetricsSystemImpl.java:stop(216)) - XceiverClientMetrics metrics system stopped.
]]></system-out>
  </testcase>
  <testcase name="testReleaseBuffersOnException" classname="org.apache.hadoop.ozone.client.rpc.TestCommitWatcher" time="67.522"/>
</testsuite>