<?xml version="1.0" encoding="UTF-8"?>
<testsuite xmlns:xsi="http://www.w3.org/2001/XMLSchema-instance" xsi:noNamespaceSchemaLocation="https://maven.apache.org/surefire/maven-surefire-plugin/xsd/surefire-test-report-3.0.xsd" version="3.0" name="org.apache.hadoop.fs.ozone.TestOzoneFileSystem" time="245.717" tests="172" errors="0" skipped="0" failures="1">
  <properties>
    <property name="awt.toolkit" value="sun.awt.X11.XToolkit"/>
    <property name="file.encoding.pkg" value="sun.io"/>
    <property name="java.specification.version" value="1.8"/>
    <property name="sun.cpu.isalist" value=""/>
    <property name="sun.jnu.encoding" value="UTF-8"/>
    <property name="java.class.path" value="/home/runner/work/ozone/ozone/hadoop-ozone/integration-test/target/test-classes:/home/runner/work/ozone/ozone/hadoop-ozone/integration-test/target/classes:/home/runner/.m2/repository/org/apache/ozone/ozone-common/1.4.0-SNAPSHOT/ozone-common-1.4.0-SNAPSHOT.jar:/home/runner/.m2/repository/io/grpc/grpc-netty/1.51.1/grpc-netty-1.51.1.jar:/home/runner/.m2/repository/io/grpc/grpc-core/1.51.1/grpc-core-1.51.1.jar:/home/runner/.m2/repository/com/google/android/annotations/4.1.1.4/annotations-4.1.1.4.jar:/home/runner/.m2/repository/org/codehaus/mojo/animal-sniffer-annotations/1.21/animal-sniffer-annotations-1.21.jar:/home/runner/.m2/repository/com/google/errorprone/error_prone_annotations/2.2.0/error_prone_annotations-2.2.0.jar:/home/runner/.m2/repository/io/perfmark/perfmark-api/0.25.0/perfmark-api-0.25.0.jar:/home/runner/.m2/repository/io/netty/netty-codec-http2/4.1.86.Final/netty-codec-http2-4.1.86.Final.jar:/home/runner/.m2/repository/io/netty/netty-common/4.1.86.Final/netty-common-4.1.86.Final.jar:/home/runner/.m2/repository/io/netty/netty-buffer/4.1.86.Final/netty-buffer-4.1.86.Final.jar:/home/runner/.m2/repository/io/netty/netty-codec-http/4.1.86.Final/netty-codec-http-4.1.86.Final.jar:/home/runner/.m2/repository/io/netty/netty-handler-proxy/4.1.86.Final/netty-handler-proxy-4.1.86.Final.jar:/home/runner/.m2/repository/io/netty/netty-codec-socks/4.1.86.Final/netty-codec-socks-4.1.86.Final.jar:/home/runner/.m2/repository/io/netty/netty-tcnative-boringssl-static/2.0.54.Final/netty-tcnative-boringssl-static-2.0.54.Final.jar:/home/runner/.m2/repository/io/netty/netty-tcnative-classes/2.0.54.Final/netty-tcnative-classes-2.0.54.Final.jar:/home/runner/.m2/repository/io/netty/netty-tcnative-boringssl-static/2.0.54.Final/netty-tcnative-boringssl-static-2.0.54.Final-linux-x86_64.jar:/home/runner/.m2/repository/io/netty/netty-tcnative-boringssl-static/2.0.54.Final/netty-tcnative-boringssl-static-2.0.54.Final-linux-aarch_64.jar:/home/runner/.m2/repository/io/netty/netty-tcnative-boringssl-static/2.0.54.Final/netty-tcnative-boringssl-static-2.0.54.Final-osx-x86_64.jar:/home/runner/.m2/repository/io/netty/netty-tcnative-boringssl-static/2.0.54.Final/netty-tcnative-boringssl-static-2.0.54.Final-osx-aarch_64.jar:/home/runner/.m2/repository/io/netty/netty-tcnative-boringssl-static/2.0.54.Final/netty-tcnative-boringssl-static-2.0.54.Final-windows-x86_64.jar:/home/runner/.m2/repository/org/apache/commons/commons-compress/1.21/commons-compress-1.21.jar:/home/runner/.m2/repository/org/apache/ozone/hdds-common/1.4.0-SNAPSHOT/hdds-common-1.4.0-SNAPSHOT.jar:/home/runner/.m2/repository/org/apache/ozone/hdds-client/1.4.0-SNAPSHOT/hdds-client-1.4.0-SNAPSHOT.jar:/home/runner/.m2/repository/org/apache/ozone/ozone-interface-client/1.4.0-SNAPSHOT/ozone-interface-client-1.4.0-SNAPSHOT.jar:/home/runner/.m2/repository/org/apache/ozone/hdds-test-utils/1.4.0-SNAPSHOT/hdds-test-utils-1.4.0-SNAPSHOT.jar:/home/runner/.m2/repository/com/google/guava/guava/31.1-jre/guava-31.1-jre.jar:/home/runner/.m2/repository/com/google/guava/failureaccess/1.0.1/failureaccess-1.0.1.jar:/home/runner/.m2/repository/com/google/guava/listenablefuture/9999.0-empty-to-avoid-conflict-with-guava/listenablefuture-9999.0-empty-to-avoid-conflict-with-guava.jar:/home/runner/.m2/repository/com/google/code/findbugs/jsr305/3.0.0/jsr305-3.0.0.jar:/home/runner/.m2/repository/org/checkerframework/checker-qual/3.12.0/checker-qual-3.12.0.jar:/home/runner/.m2/repository/com/google/j2objc/j2objc-annotations/1.3/j2objc-annotations-1.3.jar:/home/runner/.m2/repository/commons-io/commons-io/2.11.0/commons-io-2.11.0.jar:/home/runner/.m2/repository/commons-logging/commons-logging/1.2/commons-logging-1.2.jar:/home/runner/.m2/repository/ch/qos/reload4j/reload4j/1.2.22/reload4j-1.2.22.jar:/home/runner/.m2/repository/org/slf4j/slf4j-api/1.7.36/slf4j-api-1.7.36.jar:/home/runner/.m2/repository/org/apache/ozone/hdds-server-scm/1.4.0-SNAPSHOT/hdds-server-scm-1.4.0-SNAPSHOT.jar:/home/runner/.m2/repository/org/apache/ozone/hdds-container-service/1.4.0-SNAPSHOT/hdds-container-service-1.4.0-SNAPSHOT.jar:/home/runner/.m2/repository/org/apache/ozone/hdds-hadoop-dependency-server/1.4.0-SNAPSHOT/hdds-hadoop-dependency-server-1.4.0-SNAPSHOT.jar:/home/runner/.m2/repository/org/apache/hadoop/hadoop-hdfs/3.3.5/hadoop-hdfs-3.3.5.jar:/home/runner/.m2/repository/commons-daemon/commons-daemon/1.0.13/commons-daemon-1.0.13.jar:/home/runner/.m2/repository/org/apache/ozone/hdds-server-framework/1.4.0-SNAPSHOT/hdds-server-framework-1.4.0-SNAPSHOT.jar:/home/runner/.m2/repository/io/dropwizard/metrics/metrics-core/3.2.4/metrics-core-3.2.4.jar:/home/runner/.m2/repository/org/apache/commons/commons-text/1.4/commons-text-1.4.jar:/home/runner/.m2/repository/org/apache/hadoop/hadoop-hdfs-client/3.3.5/hadoop-hdfs-client-3.3.5.jar:/home/runner/.m2/repository/com/squareup/okhttp3/okhttp/4.9.3/okhttp-4.9.3.jar:/home/runner/.m2/repository/com/squareup/okio/okio/2.8.0/okio-2.8.0.jar:/home/runner/.m2/repository/org/jetbrains/kotlin/kotlin-stdlib-common/1.6.21/kotlin-stdlib-common-1.6.21.jar:/home/runner/.m2/repository/org/bouncycastle/bcprov-jdk15on/1.67/bcprov-jdk15on-1.67.jar:/home/runner/.m2/repository/com/google/protobuf/protobuf-java/2.5.0/protobuf-java-2.5.0.jar:/home/runner/.m2/repository/org/apache/ozone/hdds-server-framework/1.4.0-SNAPSHOT/hdds-server-framework-1.4.0-SNAPSHOT-tests.jar:/home/runner/.m2/repository/org/apache/ozone/hdds-interface-server/1.4.0-SNAPSHOT/hdds-interface-server-1.4.0-SNAPSHOT.jar:/home/runner/.m2/repository/org/apache/ozone/hdds-interface-admin/1.4.0-SNAPSHOT/hdds-interface-admin-1.4.0-SNAPSHOT.jar:/home/runner/.m2/repository/org/apache/ozone/hdds-managed-rocksdb/1.4.0-SNAPSHOT/hdds-managed-rocksdb-1.4.0-SNAPSHOT.jar:/home/runner/.m2/repository/org/rocksdb/rocksdbjni/7.7.3/rocksdbjni-7.7.3.jar:/home/runner/.m2/repository/org/slf4j/slf4j-reload4j/1.7.36/slf4j-reload4j-1.7.36.jar:/home/runner/.m2/repository/org/apache/commons/commons-configuration2/2.1.1/commons-configuration2-2.1.1.jar:/home/runner/.m2/repository/org/apache/logging/log4j/log4j-core/2.17.1/log4j-core-2.17.1.jar:/home/runner/.m2/repository/com/lmax/disruptor/3.4.2/disruptor-3.4.2.jar:/home/runner/.m2/repository/org/eclipse/jetty/jetty-util/9.4.49.v20220914/jetty-util-9.4.49.v20220914.jar:/home/runner/.m2/repository/org/eclipse/jetty/jetty-server/9.4.49.v20220914/jetty-server-9.4.49.v20220914.jar:/home/runner/.m2/repository/org/eclipse/jetty/jetty-http/9.4.49.v20220914/jetty-http-9.4.49.v20220914.jar:/home/runner/.m2/repository/org/eclipse/jetty/jetty-io/9.4.49.v20220914/jetty-io-9.4.49.v20220914.jar:/home/runner/.m2/repository/org/eclipse/jetty/jetty-servlet/9.4.49.v20220914/jetty-servlet-9.4.49.v20220914.jar:/home/runner/.m2/repository/org/eclipse/jetty/jetty-security/9.4.49.v20220914/jetty-security-9.4.49.v20220914.jar:/home/runner/.m2/repository/org/eclipse/jetty/jetty-util-ajax/9.4.49.v20220914/jetty-util-ajax-9.4.49.v20220914.jar:/home/runner/.m2/repository/org/eclipse/jetty/jetty-webapp/9.4.49.v20220914/jetty-webapp-9.4.49.v20220914.jar:/home/runner/.m2/repository/org/eclipse/jetty/jetty-xml/9.4.49.v20220914/jetty-xml-9.4.49.v20220914.jar:/home/runner/.m2/repository/org/apache/ratis/ratis-server/2.4.2-8b8bdda-SNAPSHOT/ratis-server-2.4.2-8b8bdda-SNAPSHOT.jar:/home/runner/.m2/repository/org/apache/ratis/ratis-thirdparty-misc/1.0.3/ratis-thirdparty-misc-1.0.3.jar:/home/runner/.m2/repository/org/apache/ratis/ratis-proto/2.4.2-8b8bdda-SNAPSHOT/ratis-proto-2.4.2-8b8bdda-SNAPSHOT.jar:/home/runner/.m2/repository/org/apache/ratis/ratis-common/2.4.2-8b8bdda-SNAPSHOT/ratis-common-2.4.2-8b8bdda-SNAPSHOT.jar:/home/runner/.m2/repository/org/apache/ratis/ratis-client/2.4.2-8b8bdda-SNAPSHOT/ratis-client-2.4.2-8b8bdda-SNAPSHOT.jar:/home/runner/.m2/repository/org/apache/ratis/ratis-server-api/2.4.2-8b8bdda-SNAPSHOT/ratis-server-api-2.4.2-8b8bdda-SNAPSHOT.jar:/home/runner/.m2/repository/org/apache/ratis/ratis-metrics/2.4.2-8b8bdda-SNAPSHOT/ratis-metrics-2.4.2-8b8bdda-SNAPSHOT.jar:/home/runner/.m2/repository/io/prometheus/simpleclient_dropwizard/0.7.0/simpleclient_dropwizard-0.7.0.jar:/home/runner/.m2/repository/io/prometheus/simpleclient/0.7.0/simpleclient-0.7.0.jar:/home/runner/.m2/repository/io/prometheus/simpleclient_common/0.7.0/simpleclient_common-0.7.0.jar:/home/runner/.m2/repository/com/fasterxml/jackson/datatype/jackson-datatype-jsr310/2.13.4/jackson-datatype-jsr310-2.13.4.jar:/home/runner/.m2/repository/com/fasterxml/jackson/core/jackson-core/2.13.4/jackson-core-2.13.4.jar:/home/runner/.m2/repository/com/github/spotbugs/spotbugs-annotations/3.1.12/spotbugs-annotations-3.1.12.jar:/home/runner/.m2/repository/org/apache/ozone/rocksdb-checkpoint-differ/1.4.0-SNAPSHOT/rocksdb-checkpoint-differ-1.4.0-SNAPSHOT.jar:/home/runner/.m2/repository/org/awaitility/awaitility/4.2.0/awaitility-4.2.0.jar:/home/runner/.m2/repository/org/hamcrest/hamcrest/2.1/hamcrest-2.1.jar:/home/runner/.m2/repository/org/apache/ozone/ozone-manager/1.4.0-SNAPSHOT/ozone-manager-1.4.0-SNAPSHOT.jar:/home/runner/.m2/repository/org/aspectj/aspectjrt/1.9.7/aspectjrt-1.9.7.jar:/home/runner/.m2/repository/org/aspectj/aspectjweaver/1.9.7/aspectjweaver-1.9.7.jar:/home/runner/.m2/repository/org/apache/ozone/hdds-interface-client/1.4.0-SNAPSHOT/hdds-interface-client-1.4.0-SNAPSHOT.jar:/home/runner/.m2/repository/org/apache/hadoop/thirdparty/hadoop-shaded-protobuf_3_7/1.1.1/hadoop-shaded-protobuf_3_7-1.1.1.jar:/home/runner/.m2/repository/org/apache/ozone/ozone-interface-storage/1.4.0-SNAPSHOT/ozone-interface-storage-1.4.0-SNAPSHOT.jar:/home/runner/.m2/repository/org/reflections/reflections/0.9.11/reflections-0.9.11.jar:/home/runner/.m2/repository/com/sun/jersey/jersey-client/1.19/jersey-client-1.19.jar:/home/runner/.m2/repository/org/codehaus/jackson/jackson-core-asl/1.9.13/jackson-core-asl-1.9.13.jar:/home/runner/.m2/repository/org/codehaus/jackson/jackson-mapper-asl/1.9.13/jackson-mapper-asl-1.9.13.jar:/home/runner/.m2/repository/org/codehaus/jackson/jackson-jaxrs/1.9.13/jackson-jaxrs-1.9.13.jar:/home/runner/.m2/repository/org/apache/ranger/ranger-intg/2.3.0/ranger-intg-2.3.0.jar:/home/runner/.m2/repository/org/apache/ranger/ranger-plugins-common/2.3.0/ranger-plugins-common-2.3.0.jar:/home/runner/.m2/repository/commons-lang/commons-lang/2.6/commons-lang-2.6.jar:/home/runner/.m2/repository/org/apache/ranger/ranger-plugins-cred/2.3.0/ranger-plugins-cred-2.3.0.jar:/home/runner/.m2/repository/org/apache/ranger/ranger-plugins-audit/2.3.0/ranger-plugins-audit-2.3.0.jar:/home/runner/.m2/repository/org/eclipse/jetty/jetty-client/9.4.49.v20220914/jetty-client-9.4.49.v20220914.jar:/home/runner/.m2/repository/org/apache/httpcomponents/httpmime/4.5.6/httpmime-4.5.6.jar:/home/runner/.m2/repository/org/apache/httpcomponents/httpcore-nio/4.4.13/httpcore-nio-4.4.13.jar:/home/runner/.m2/repository/org/apache/httpcomponents/httpasyncclient/4.1.3/httpasyncclient-4.1.3.jar:/home/runner/.m2/repository/com/carrotsearch/hppc/0.8.0/hppc-0.8.0.jar:/home/runner/.m2/repository/org/apache/orc/orc-core/1.5.8/orc-core-1.5.8.jar:/home/runner/.m2/repository/net/java/dev/jna/jna/5.2.0/jna-5.2.0.jar:/home/runner/.m2/repository/net/java/dev/jna/jna-platform/5.2.0/jna-platform-5.2.0.jar:/home/runner/.m2/repository/com/kstruct/gethostname4j/0.0.2/gethostname4j-0.0.2.jar:/home/runner/.m2/repository/org/apache/ranger/ranger-plugin-classloader/2.3.0/ranger-plugin-classloader-2.3.0.jar:/home/runner/.m2/repository/org/apache/hadoop/hadoop-minikdc/3.3.5/hadoop-minikdc-3.3.5.jar:/home/runner/.m2/repository/org/apache/kerby/kerb-simplekdc/1.0.1/kerb-simplekdc-1.0.1.jar:/home/runner/.m2/repository/org/apache/kerby/kerb-client/1.0.1/kerb-client-1.0.1.jar:/home/runner/.m2/repository/org/apache/kerby/kerby-config/1.0.1/kerby-config-1.0.1.jar:/home/runner/.m2/repository/org/apache/kerby/kerb-common/1.0.1/kerb-common-1.0.1.jar:/home/runner/.m2/repository/org/apache/kerby/kerb-crypto/1.0.1/kerb-crypto-1.0.1.jar:/home/runner/.m2/repository/org/apache/kerby/kerb-util/1.0.1/kerb-util-1.0.1.jar:/home/runner/.m2/repository/org/apache/kerby/token-provider/1.0.1/token-provider-1.0.1.jar:/home/runner/.m2/repository/org/apache/kerby/kerb-admin/1.0.1/kerb-admin-1.0.1.jar:/home/runner/.m2/repository/org/apache/kerby/kerb-server/1.0.1/kerb-server-1.0.1.jar:/home/runner/.m2/repository/org/apache/kerby/kerb-identity/1.0.1/kerb-identity-1.0.1.jar:/home/runner/.m2/repository/org/apache/kerby/kerby-xdr/1.0.1/kerby-xdr-1.0.1.jar:/home/runner/.m2/repository/org/apache/ozone/ozone-s3gateway/1.4.0-SNAPSHOT/ozone-s3gateway-1.4.0-SNAPSHOT.jar:/home/runner/.m2/repository/org/javassist/javassist/3.21.0-GA/javassist-3.21.0-GA.jar:/home/runner/.m2/repository/org/jboss/weld/servlet/weld-servlet-shaded/3.1.9.Final/weld-servlet-shaded-3.1.9.Final.jar:/home/runner/.m2/repository/org/glassfish/jersey/containers/jersey-container-servlet-core/2.34/jersey-container-servlet-core-2.34.jar:/home/runner/.m2/repository/org/glassfish/hk2/external/jakarta.inject/2.6.1/jakarta.inject-2.6.1.jar:/home/runner/.m2/repository/org/glassfish/jersey/core/jersey-common/2.34/jersey-common-2.34.jar:/home/runner/.m2/repository/jakarta/ws/rs/jakarta.ws.rs-api/2.1.6/jakarta.ws.rs-api-2.1.6.jar:/home/runner/.m2/repository/org/glassfish/jersey/ext/cdi/jersey-cdi1x/2.34/jersey-cdi1x-2.34.jar:/home/runner/.m2/repository/org/glassfish/jersey/inject/jersey-hk2/2.34/jersey-hk2-2.34.jar:/home/runner/.m2/repository/org/glassfish/hk2/hk2-locator/2.6.1/hk2-locator-2.6.1.jar:/home/runner/.m2/repository/org/glassfish/jersey/media/jersey-media-jaxb/2.34/jersey-media-jaxb-2.34.jar:/home/runner/.m2/repository/org/glassfish/hk2/osgi-resource-locator/1.0.3/osgi-resource-locator-1.0.3.jar:/home/runner/.m2/repository/org/glassfish/hk2/hk2-api/2.5.0/hk2-api-2.5.0.jar:/home/runner/.m2/repository/org/glassfish/hk2/hk2-utils/2.5.0/hk2-utils-2.5.0.jar:/home/runner/.m2/repository/org/glassfish/hk2/external/aopalliance-repackaged/2.5.0/aopalliance-repackaged-2.5.0.jar:/home/runner/.m2/repository/com/fasterxml/jackson/dataformat/jackson-dataformat-xml/2.13.4/jackson-dataformat-xml-2.13.4.jar:/home/runner/.m2/repository/org/codehaus/woodstox/stax2-api/4.2.1/stax2-api-4.2.1.jar:/home/runner/.m2/repository/com/fasterxml/woodstox/woodstox-core/5.4.0/woodstox-core-5.4.0.jar:/home/runner/.m2/repository/com/fasterxml/jackson/module/jackson-module-jaxb-annotations/2.13.4/jackson-module-jaxb-annotations-2.13.4.jar:/home/runner/.m2/repository/jakarta/xml/bind/jakarta.xml.bind-api/2.3.3/jakarta.xml.bind-api-2.3.3.jar:/home/runner/.m2/repository/jakarta/activation/jakarta.activation-api/1.2.2/jakarta.activation-api-1.2.2.jar:/home/runner/.m2/repository/javax/enterprise/cdi-api/2.0/cdi-api-2.0.jar:/home/runner/.m2/repository/javax/el/javax.el-api/3.0.0/javax.el-api-3.0.0.jar:/home/runner/.m2/repository/javax/interceptor/javax.interceptor-api/1.2/javax.interceptor-api-1.2.jar:/home/runner/.m2/repository/javax/inject/javax.inject/1/javax.inject-1.jar:/home/runner/.m2/repository/javax/xml/bind/jaxb-api/2.3.0/jaxb-api-2.3.0.jar:/home/runner/.m2/repository/org/glassfish/jaxb/jaxb-runtime/2.3.0.1/jaxb-runtime-2.3.0.1.jar:/home/runner/.m2/repository/org/glassfish/jaxb/jaxb-core/2.3.0.1/jaxb-core-2.3.0.1.jar:/home/runner/.m2/repository/org/glassfish/jaxb/txw2/2.3.0.1/txw2-2.3.0.1.jar:/home/runner/.m2/repository/com/sun/istack/istack-commons-runtime/3.0.5/istack-commons-runtime-3.0.5.jar:/home/runner/.m2/repository/org/jvnet/staxex/stax-ex/1.7.8/stax-ex-1.7.8.jar:/home/runner/.m2/repository/com/sun/xml/fastinfoset/FastInfoset/1.2.13/FastInfoset-1.2.13.jar:/home/runner/.m2/repository/javax/activation/activation/1.1.1/activation-1.1.1.jar:/home/runner/.m2/repository/io/grpc/grpc-protobuf/1.51.1/grpc-protobuf-1.51.1.jar:/home/runner/.m2/repository/io/grpc/grpc-api/1.51.1/grpc-api-1.51.1.jar:/home/runner/.m2/repository/io/grpc/grpc-context/1.51.1/grpc-context-1.51.1.jar:/home/runner/.m2/repository/com/google/api/grpc/proto-google-common-protos/2.9.0/proto-google-common-protos-2.9.0.jar:/home/runner/.m2/repository/io/grpc/grpc-protobuf-lite/1.51.1/grpc-protobuf-lite-1.51.1.jar:/home/runner/.m2/repository/io/grpc/grpc-stub/1.51.1/grpc-stub-1.51.1.jar:/home/runner/.m2/repository/io/netty/netty-transport/4.1.86.Final/netty-transport-4.1.86.Final.jar:/home/runner/.m2/repository/io/netty/netty-resolver/4.1.86.Final/netty-resolver-4.1.86.Final.jar:/home/runner/.m2/repository/org/apache/ozone/ozone-csi/1.4.0-SNAPSHOT/ozone-csi-1.4.0-SNAPSHOT.jar:/home/runner/.m2/repository/com/google/protobuf/protobuf-java-util/3.19.6/protobuf-java-util-3.19.6.jar:/home/runner/.m2/repository/com/google/code/gson/gson/2.9.0/gson-2.9.0.jar:/home/runner/.m2/repository/org/apache/ozone/hdds-config/1.4.0-SNAPSHOT/hdds-config-1.4.0-SNAPSHOT.jar:/home/runner/.m2/repository/io/netty/netty-transport-native-epoll/4.1.86.Final/netty-transport-native-epoll-4.1.86.Final-linux-x86_64.jar:/home/runner/.m2/repository/io/netty/netty-transport-classes-epoll/4.1.86.Final/netty-transport-classes-epoll-4.1.86.Final.jar:/home/runner/.m2/repository/io/netty/netty-transport-native-unix-common/4.1.86.Final/netty-transport-native-unix-common-4.1.86.Final.jar:/home/runner/.m2/repository/org/apache/ozone/ozone-recon/1.4.0-SNAPSHOT/ozone-recon-1.4.0-SNAPSHOT.jar:/home/runner/.m2/repository/org/apache/ozone/ozone-reconcodegen/1.4.0-SNAPSHOT/ozone-reconcodegen-1.4.0-SNAPSHOT.jar:/home/runner/.m2/repository/com/google/inject/guice/5.1.0/guice-5.1.0.jar:/home/runner/.m2/repository/aopalliance/aopalliance/1.0/aopalliance-1.0.jar:/home/runner/.m2/repository/com/google/inject/extensions/guice-assistedinject/5.1.0/guice-assistedinject-5.1.0.jar:/home/runner/.m2/repository/com/google/inject/extensions/guice-servlet/5.1.0/guice-servlet-5.1.0.jar:/home/runner/.m2/repository/org/glassfish/jersey/containers/jersey-container-servlet/2.34/jersey-container-servlet-2.34.jar:/home/runner/.m2/repository/org/glassfish/hk2/guice-bridge/2.5.0/guice-bridge-2.5.0.jar:/home/runner/.m2/repository/org/glassfish/jersey/core/jersey-server/2.34/jersey-server-2.34.jar:/home/runner/.m2/repository/org/glassfish/jersey/core/jersey-client/2.34/jersey-client-2.34.jar:/home/runner/.m2/repository/jakarta/annotation/jakarta.annotation-api/1.3.5/jakarta.annotation-api-1.3.5.jar:/home/runner/.m2/repository/jakarta/validation/jakarta.validation-api/2.0.2/jakarta.validation-api-2.0.2.jar:/home/runner/.m2/repository/org/glassfish/jersey/media/jersey-media-json-jackson/2.34/jersey-media-json-jackson-2.34.jar:/home/runner/.m2/repository/org/glassfish/jersey/ext/jersey-entity-filtering/2.34/jersey-entity-filtering-2.34.jar:/home/runner/.m2/repository/org/jooq/jooq/3.11.10/jooq-3.11.10.jar:/home/runner/.m2/repository/org/jooq/jooq-meta/3.11.10/jooq-meta-3.11.10.jar:/home/runner/.m2/repository/org/jooq/jooq-codegen/3.11.10/jooq-codegen-3.11.10.jar:/home/runner/.m2/repository/com/jolbox/bonecp/0.8.0.RELEASE/bonecp-0.8.0.RELEASE.jar:/home/runner/.m2/repository/org/apache/derby/derby/10.14.2.0/derby-10.14.2.0.jar:/home/runner/.m2/repository/org/xerial/sqlite-jdbc/3.25.2/sqlite-jdbc-3.25.2.jar:/home/runner/.m2/repository/org/springframework/spring-jdbc/5.3.26/spring-jdbc-5.3.26.jar:/home/runner/.m2/repository/org/springframework/spring-beans/5.3.26/spring-beans-5.3.26.jar:/home/runner/.m2/repository/org/springframework/spring-core/5.3.26/spring-core-5.3.26.jar:/home/runner/.m2/repository/org/springframework/spring-jcl/5.3.26/spring-jcl-5.3.26.jar:/home/runner/.m2/repository/org/springframework/spring-tx/5.3.26/spring-tx-5.3.26.jar:/home/runner/.m2/repository/org/apache/ozone/ozone-client/1.4.0-SNAPSHOT/ozone-client-1.4.0-SNAPSHOT.jar:/home/runner/.m2/repository/org/apache/ozone/hdds-erasurecode/1.4.0-SNAPSHOT/hdds-erasurecode-1.4.0-SNAPSHOT.jar:/home/runner/.m2/repository/org/apache/ozone/ozone-filesystem/1.4.0-SNAPSHOT/ozone-filesystem-1.4.0-SNAPSHOT.jar:/home/runner/.m2/repository/org/apache/ozone/ozone-filesystem-common/1.4.0-SNAPSHOT/ozone-filesystem-common-1.4.0-SNAPSHOT.jar:/home/runner/.m2/repository/org/apache/ozone/ozone-tools/1.4.0-SNAPSHOT/ozone-tools-1.4.0-SNAPSHOT.jar:/home/runner/.m2/repository/com/amazonaws/aws-java-sdk-core/1.12.261/aws-java-sdk-core-1.12.261.jar:/home/runner/.m2/repository/org/apache/httpcomponents/httpclient/4.5.13/httpclient-4.5.13.jar:/home/runner/.m2/repository/org/apache/httpcomponents/httpcore/4.4.13/httpcore-4.4.13.jar:/home/runner/.m2/repository/software/amazon/ion/ion-java/1.0.2/ion-java-1.0.2.jar:/home/runner/.m2/repository/com/fasterxml/jackson/dataformat/jackson-dataformat-cbor/2.13.4/jackson-dataformat-cbor-2.13.4.jar:/home/runner/.m2/repository/joda-time/joda-time/2.10.6/joda-time-2.10.6.jar:/home/runner/.m2/repository/com/amazonaws/aws-java-sdk-s3/1.12.261/aws-java-sdk-s3-1.12.261.jar:/home/runner/.m2/repository/com/amazonaws/aws-java-sdk-kms/1.12.261/aws-java-sdk-kms-1.12.261.jar:/home/runner/.m2/repository/com/amazonaws/jmespath-java/1.12.261/jmespath-java-1.12.261.jar:/home/runner/.m2/repository/org/kohsuke/metainf-services/metainf-services/1.8/metainf-services-1.8.jar:/home/runner/.m2/repository/org/apache/ozone/hdds-tools/1.4.0-SNAPSHOT/hdds-tools-1.4.0-SNAPSHOT.jar:/home/runner/.m2/repository/org/apache/ratis/ratis-tools/2.4.2-8b8bdda-SNAPSHOT/ratis-tools-2.4.2-8b8bdda-SNAPSHOT.jar:/home/runner/.m2/repository/commons-cli/commons-cli/1.2/commons-cli-1.2.jar:/home/runner/.m2/repository/org/apache/commons/commons-lang3/3.7/commons-lang3-3.7.jar:/home/runner/.m2/repository/org/apache/ozone/ozone-manager/1.4.0-SNAPSHOT/ozone-manager-1.4.0-SNAPSHOT-tests.jar:/home/runner/.m2/repository/org/apache/ozone/hdds-common/1.4.0-SNAPSHOT/hdds-common-1.4.0-SNAPSHOT-tests.jar:/home/runner/.m2/repository/org/apache/ozone/hdds-hadoop-dependency-client/1.4.0-SNAPSHOT/hdds-hadoop-dependency-client-1.4.0-SNAPSHOT.jar:/home/runner/.m2/repository/info/picocli/picocli/4.6.1/picocli-4.6.1.jar:/home/runner/.m2/repository/com/fasterxml/jackson/core/jackson-annotations/2.13.4/jackson-annotations-2.13.4.jar:/home/runner/.m2/repository/org/apache/ozone/hdds-annotation-processing/1.4.0-SNAPSHOT/hdds-annotation-processing-1.4.0-SNAPSHOT.jar:/home/runner/.m2/repository/javax/annotation/javax.annotation-api/1.2/javax.annotation-api-1.2.jar:/home/runner/.m2/repository/org/apache/ratis/ratis-netty/2.4.2-8b8bdda-SNAPSHOT/ratis-netty-2.4.2-8b8bdda-SNAPSHOT.jar:/home/runner/.m2/repository/org/apache/ratis/ratis-grpc/2.4.2-8b8bdda-SNAPSHOT/ratis-grpc-2.4.2-8b8bdda-SNAPSHOT.jar:/home/runner/.m2/repository/org/apache/logging/log4j/log4j-api/2.17.1/log4j-api-2.17.1.jar:/home/runner/.m2/repository/org/apache/commons/commons-pool2/2.6.0/commons-pool2-2.6.0.jar:/home/runner/.m2/repository/org/bouncycastle/bcpkix-jdk15on/1.67/bcpkix-jdk15on-1.67.jar:/home/runner/.m2/repository/commons-validator/commons-validator/1.6/commons-validator-1.6.jar:/home/runner/.m2/repository/commons-beanutils/commons-beanutils/1.9.4/commons-beanutils-1.9.4.jar:/home/runner/.m2/repository/commons-digester/commons-digester/1.8.1/commons-digester-1.8.1.jar:/home/runner/.m2/repository/commons-collections/commons-collections/3.2.2/commons-collections-3.2.2.jar:/home/runner/.m2/repository/io/jaegertracing/jaeger-client/1.6.0/jaeger-client-1.6.0.jar:/home/runner/.m2/repository/io/jaegertracing/jaeger-thrift/1.6.0/jaeger-thrift-1.6.0.jar:/home/runner/.m2/repository/org/apache/thrift/libthrift/0.14.1/libthrift-0.14.1.jar:/home/runner/.m2/repository/io/jaegertracing/jaeger-core/1.6.0/jaeger-core-1.6.0.jar:/home/runner/.m2/repository/io/jaegertracing/jaeger-tracerresolver/1.6.0/jaeger-tracerresolver-1.6.0.jar:/home/runner/.m2/repository/io/opentracing/contrib/opentracing-tracerresolver/0.1.8/opentracing-tracerresolver-0.1.8.jar:/home/runner/.m2/repository/org/jetbrains/kotlin/kotlin-stdlib/1.6.21/kotlin-stdlib-1.6.21.jar:/home/runner/.m2/repository/org/jetbrains/annotations/13.0/annotations-13.0.jar:/home/runner/.m2/repository/io/opentracing/opentracing-util/0.33.0/opentracing-util-0.33.0.jar:/home/runner/.m2/repository/io/opentracing/opentracing-api/0.33.0/opentracing-api-0.33.0.jar:/home/runner/.m2/repository/io/opentracing/opentracing-noop/0.33.0/opentracing-noop-0.33.0.jar:/home/runner/.m2/repository/org/yaml/snakeyaml/2.0/snakeyaml-2.0.jar:/home/runner/.m2/repository/junit/junit/4.13.1/junit-4.13.1.jar:/home/runner/.m2/repository/org/hamcrest/hamcrest-core/1.3/hamcrest-core-1.3.jar:/home/runner/.m2/repository/org/junit/jupiter/junit-jupiter-api/5.8.2/junit-jupiter-api-5.8.2.jar:/home/runner/.m2/repository/org/opentest4j/opentest4j/1.2.0/opentest4j-1.2.0.jar:/home/runner/.m2/repository/org/junit/platform/junit-platform-commons/1.8.2/junit-platform-commons-1.8.2.jar:/home/runner/.m2/repository/org/apiguardian/apiguardian-api/1.1.2/apiguardian-api-1.1.2.jar:/home/runner/.m2/repository/org/junit/jupiter/junit-jupiter-params/5.8.2/junit-jupiter-params-5.8.2.jar:/home/runner/.m2/repository/org/junit/jupiter/junit-jupiter-migrationsupport/5.8.2/junit-jupiter-migrationsupport-5.8.2.jar:/home/runner/.m2/repository/org/junit/jupiter/junit-jupiter-engine/5.8.2/junit-jupiter-engine-5.8.2.jar:/home/runner/.m2/repository/org/junit/platform/junit-platform-engine/1.8.2/junit-platform-engine-1.8.2.jar:/home/runner/.m2/repository/org/junit/vintage/junit-vintage-engine/5.8.2/junit-vintage-engine-5.8.2.jar:/home/runner/.m2/repository/org/junit/platform/junit-platform-launcher/1.8.2/junit-platform-launcher-1.8.2.jar:/home/runner/.m2/repository/org/mockito/mockito-core/2.28.2/mockito-core-2.28.2.jar:/home/runner/.m2/repository/net/bytebuddy/byte-buddy/1.9.10/byte-buddy-1.9.10.jar:/home/runner/.m2/repository/net/bytebuddy/byte-buddy-agent/1.9.10/byte-buddy-agent-1.9.10.jar:/home/runner/.m2/repository/org/objenesis/objenesis/1.0/objenesis-1.0.jar:/home/runner/.m2/repository/org/apache/hadoop/hadoop-kms/3.3.5/hadoop-kms-3.3.5.jar:/home/runner/.m2/repository/org/apache/hadoop/hadoop-auth/3.3.5/hadoop-auth-3.3.5.jar:/home/runner/.m2/repository/com/nimbusds/nimbus-jose-jwt/9.8.1/nimbus-jose-jwt-9.8.1.jar:/home/runner/.m2/repository/com/github/stephenc/jcip/jcip-annotations/1.0-1/jcip-annotations-1.0-1.jar:/home/runner/.m2/repository/net/minidev/json-smart/2.4.7/json-smart-2.4.7.jar:/home/runner/.m2/repository/net/minidev/accessors-smart/2.4.7/accessors-smart-2.4.7.jar:/home/runner/.m2/repository/org/ow2/asm/asm/5.0.4/asm-5.0.4.jar:/home/runner/.m2/repository/org/apache/zookeeper/zookeeper/3.5.6/zookeeper-3.5.6.jar:/home/runner/.m2/repository/org/apache/zookeeper/zookeeper-jute/3.5.6/zookeeper-jute-3.5.6.jar:/home/runner/.m2/repository/org/apache/yetus/audience-annotations/0.5.0/audience-annotations-0.5.0.jar:/home/runner/.m2/repository/org/apache/curator/curator-framework/4.2.0/curator-framework-4.2.0.jar:/home/runner/.m2/repository/org/apache/hadoop/thirdparty/hadoop-shaded-guava/1.1.1/hadoop-shaded-guava-1.1.1.jar:/home/runner/.m2/repository/com/sun/jersey/jersey-core/1.19/jersey-core-1.19.jar:/home/runner/.m2/repository/javax/ws/rs/jsr311-api/1.1.1/jsr311-api-1.1.1.jar:/home/runner/.m2/repository/com/sun/jersey/jersey-server/1.19/jersey-server-1.19.jar:/home/runner/.m2/repository/javax/servlet/javax.servlet-api/3.1.0/javax.servlet-api-3.1.0.jar:/home/runner/.m2/repository/org/apache/hadoop/hadoop-common/3.3.5/hadoop-common-3.3.5.jar:/home/runner/.m2/repository/org/apache/commons/commons-math3/3.1.1/commons-math3-3.1.1.jar:/home/runner/.m2/repository/commons-net/commons-net/3.9.0/commons-net-3.9.0.jar:/home/runner/.m2/repository/com/sun/jersey/jersey-servlet/1.19/jersey-servlet-1.19.jar:/home/runner/.m2/repository/com/github/pjfanning/jersey-json/1.20/jersey-json-1.20.jar:/home/runner/.m2/repository/org/codehaus/jettison/jettison/1.1/jettison-1.1.jar:/home/runner/.m2/repository/com/sun/xml/bind/jaxb-impl/2.2.3-1/jaxb-impl-2.2.3-1.jar:/home/runner/.m2/repository/com/google/re2j/re2j/1.1/re2j-1.1.jar:/home/runner/.m2/repository/com/jcraft/jsch/0.1.54/jsch-0.1.54.jar:/home/runner/.m2/repository/org/apache/curator/curator-client/4.2.0/curator-client-4.2.0.jar:/home/runner/.m2/repository/org/apache/curator/curator-recipes/4.2.0/curator-recipes-4.2.0.jar:/home/runner/.m2/repository/org/apache/kerby/kerb-core/1.0.1/kerb-core-1.0.1.jar:/home/runner/.m2/repository/org/apache/kerby/kerby-pkix/1.0.1/kerby-pkix-1.0.1.jar:/home/runner/.m2/repository/org/apache/kerby/kerby-asn1/1.0.1/kerby-asn1-1.0.1.jar:/home/runner/.m2/repository/org/apache/kerby/kerby-util/1.0.1/kerby-util-1.0.1.jar:/home/runner/.m2/repository/dnsjava/dnsjava/2.1.7/dnsjava-2.1.7.jar:/home/runner/.m2/repository/org/xerial/snappy/snappy-java/1.1.8.2/snappy-java-1.1.8.2.jar:/home/runner/.m2/repository/com/fasterxml/jackson/core/jackson-databind/2.13.4.2/jackson-databind-2.13.4.2.jar:/home/runner/.m2/repository/org/apache/hadoop/hadoop-kms/3.3.5/hadoop-kms-3.3.5-tests.jar:/home/runner/.m2/repository/org/apache/ozone/hdds-server-scm/1.4.0-SNAPSHOT/hdds-server-scm-1.4.0-SNAPSHOT-tests.jar:/home/runner/.m2/repository/org/apache/ozone/hdds-container-service/1.4.0-SNAPSHOT/hdds-container-service-1.4.0-SNAPSHOT-tests.jar:/home/runner/.m2/repository/com/github/luben/zstd-jni/1.5.2-5/zstd-jni-1.5.2-5.jar:/home/runner/.m2/repository/commons-codec/commons-codec/1.15/commons-codec-1.15.jar:/home/runner/.m2/repository/io/netty/netty-codec/4.1.86.Final/netty-codec-4.1.86.Final.jar:/home/runner/.m2/repository/io/netty/netty-handler/4.1.86.Final/netty-handler-4.1.86.Final.jar:/home/runner/.m2/repository/org/apache/ozone/hdds-hadoop-dependency-test/1.4.0-SNAPSHOT/hdds-hadoop-dependency-test-1.4.0-SNAPSHOT.jar:/home/runner/.m2/repository/org/apache/hadoop/hadoop-common/3.3.5/hadoop-common-3.3.5-tests.jar:/home/runner/.m2/repository/org/apache/hadoop/hadoop-hdfs/3.3.5/hadoop-hdfs-3.3.5-tests.jar:/home/runner/.m2/repository/org/assertj/assertj-core/3.12.2/assertj-core-3.12.2.jar:/home/runner/.m2/repository/org/apache/hadoop/hadoop-distcp/3.3.5/hadoop-distcp-3.3.5.jar:/home/runner/.m2/repository/org/apache/hadoop/hadoop-mapreduce-client-jobclient/3.3.5/hadoop-mapreduce-client-jobclient-3.3.5.jar:/home/runner/.m2/repository/org/apache/hadoop/hadoop-mapreduce-client-common/3.3.5/hadoop-mapreduce-client-common-3.3.5.jar:/home/runner/.m2/repository/org/apache/hadoop/hadoop-yarn-common/3.3.5/hadoop-yarn-common-3.3.5.jar:/home/runner/.m2/repository/org/apache/hadoop/hadoop-yarn-api/3.3.5/hadoop-yarn-api-3.3.5.jar:/home/runner/.m2/repository/com/sun/jersey/contribs/jersey-guice/1.19/jersey-guice-1.19.jar:/home/runner/.m2/repository/com/fasterxml/jackson/jaxrs/jackson-jaxrs-json-provider/2.13.4/jackson-jaxrs-json-provider-2.13.4.jar:/home/runner/.m2/repository/com/fasterxml/jackson/jaxrs/jackson-jaxrs-base/2.13.4/jackson-jaxrs-base-2.13.4.jar:/home/runner/.m2/repository/org/apache/hadoop/hadoop-yarn-client/3.3.5/hadoop-yarn-client-3.3.5.jar:/home/runner/.m2/repository/org/eclipse/jetty/websocket/websocket-client/9.4.48.v20220622/websocket-client-9.4.48.v20220622.jar:/home/runner/.m2/repository/org/eclipse/jetty/websocket/websocket-common/9.4.48.v20220622/websocket-common-9.4.48.v20220622.jar:/home/runner/.m2/repository/org/eclipse/jetty/websocket/websocket-api/9.4.48.v20220622/websocket-api-9.4.48.v20220622.jar:/home/runner/.m2/repository/org/jline/jline/3.9.0/jline-3.9.0.jar:/home/runner/.m2/repository/org/apache/hadoop/hadoop-mapreduce-client-core/3.3.5/hadoop-mapreduce-client-core-3.3.5.jar:/home/runner/.m2/repository/org/apache/avro/avro/1.7.7/avro-1.7.7.jar:/home/runner/.m2/repository/com/thoughtworks/paranamer/paranamer/2.3/paranamer-2.3.jar:/home/runner/.m2/repository/org/apache/hadoop/hadoop-annotations/3.3.5/hadoop-annotations-3.3.5.jar:/usr/lib/jvm/temurin-8-jdk-amd64/jre/../lib/tools.jar:/home/runner/.m2/repository/io/netty/netty/3.10.6.Final/netty-3.10.6.Final.jar:/home/runner/.m2/repository/org/apache/hadoop/hadoop-distcp/3.3.5/hadoop-distcp-3.3.5-tests.jar:/home/runner/.m2/repository/org/slf4j/jul-to-slf4j/1.7.36/jul-to-slf4j-1.7.36.jar:"/>
    <property name="java.vm.vendor" value="Temurin"/>
    <property name="sun.arch.data.model" value="64"/>
    <property name="test.build.dir" value="/home/runner/work/ozone/ozone/hadoop-ozone/integration-test/target/test-dir"/>
    <property name="test.cache.data" value=""/>
    <property name="java.vendor.url" value="https://adoptium.net/"/>
    <property name="user.timezone" value="Etc/UTC"/>
    <property name="java.vm.specification.version" value="1.8"/>
    <property name="os.name" value="Linux"/>
    <property name="test.build.data" value="/home/runner/work/ozone/ozone/hadoop-ozone/integration-test/target/test-dir"/>
    <property name="sun.java.launcher" value="SUN_STANDARD"/>
    <property name="sun.boot.library.path" value="/usr/lib/jvm/temurin-8-jdk-amd64/jre/lib/amd64"/>
    <property name="sun.java.command" value="/home/runner/work/ozone/ozone/hadoop-ozone/integration-test/target/surefire/surefirebooter3050995935350252100.jar /home/runner/work/ozone/ozone/hadoop-ozone/integration-test/target/surefire 2023-04-11T16-55-48_729-jvmRun1 surefire6158754468179216529tmp surefire_259182913523639889091tmp"/>
    <property name="surefire.test.class.path" value="/home/runner/work/ozone/ozone/hadoop-ozone/integration-test/target/test-classes:/home/runner/work/ozone/ozone/hadoop-ozone/integration-test/target/classes:/home/runner/.m2/repository/org/apache/ozone/ozone-common/1.4.0-SNAPSHOT/ozone-common-1.4.0-SNAPSHOT.jar:/home/runner/.m2/repository/io/grpc/grpc-netty/1.51.1/grpc-netty-1.51.1.jar:/home/runner/.m2/repository/io/grpc/grpc-core/1.51.1/grpc-core-1.51.1.jar:/home/runner/.m2/repository/com/google/android/annotations/4.1.1.4/annotations-4.1.1.4.jar:/home/runner/.m2/repository/org/codehaus/mojo/animal-sniffer-annotations/1.21/animal-sniffer-annotations-1.21.jar:/home/runner/.m2/repository/com/google/errorprone/error_prone_annotations/2.2.0/error_prone_annotations-2.2.0.jar:/home/runner/.m2/repository/io/perfmark/perfmark-api/0.25.0/perfmark-api-0.25.0.jar:/home/runner/.m2/repository/io/netty/netty-codec-http2/4.1.86.Final/netty-codec-http2-4.1.86.Final.jar:/home/runner/.m2/repository/io/netty/netty-common/4.1.86.Final/netty-common-4.1.86.Final.jar:/home/runner/.m2/repository/io/netty/netty-buffer/4.1.86.Final/netty-buffer-4.1.86.Final.jar:/home/runner/.m2/repository/io/netty/netty-codec-http/4.1.86.Final/netty-codec-http-4.1.86.Final.jar:/home/runner/.m2/repository/io/netty/netty-handler-proxy/4.1.86.Final/netty-handler-proxy-4.1.86.Final.jar:/home/runner/.m2/repository/io/netty/netty-codec-socks/4.1.86.Final/netty-codec-socks-4.1.86.Final.jar:/home/runner/.m2/repository/io/netty/netty-tcnative-boringssl-static/2.0.54.Final/netty-tcnative-boringssl-static-2.0.54.Final.jar:/home/runner/.m2/repository/io/netty/netty-tcnative-classes/2.0.54.Final/netty-tcnative-classes-2.0.54.Final.jar:/home/runner/.m2/repository/io/netty/netty-tcnative-boringssl-static/2.0.54.Final/netty-tcnative-boringssl-static-2.0.54.Final-linux-x86_64.jar:/home/runner/.m2/repository/io/netty/netty-tcnative-boringssl-static/2.0.54.Final/netty-tcnative-boringssl-static-2.0.54.Final-linux-aarch_64.jar:/home/runner/.m2/repository/io/netty/netty-tcnative-boringssl-static/2.0.54.Final/netty-tcnative-boringssl-static-2.0.54.Final-osx-x86_64.jar:/home/runner/.m2/repository/io/netty/netty-tcnative-boringssl-static/2.0.54.Final/netty-tcnative-boringssl-static-2.0.54.Final-osx-aarch_64.jar:/home/runner/.m2/repository/io/netty/netty-tcnative-boringssl-static/2.0.54.Final/netty-tcnative-boringssl-static-2.0.54.Final-windows-x86_64.jar:/home/runner/.m2/repository/org/apache/commons/commons-compress/1.21/commons-compress-1.21.jar:/home/runner/.m2/repository/org/apache/ozone/hdds-common/1.4.0-SNAPSHOT/hdds-common-1.4.0-SNAPSHOT.jar:/home/runner/.m2/repository/org/apache/ozone/hdds-client/1.4.0-SNAPSHOT/hdds-client-1.4.0-SNAPSHOT.jar:/home/runner/.m2/repository/org/apache/ozone/ozone-interface-client/1.4.0-SNAPSHOT/ozone-interface-client-1.4.0-SNAPSHOT.jar:/home/runner/.m2/repository/org/apache/ozone/hdds-test-utils/1.4.0-SNAPSHOT/hdds-test-utils-1.4.0-SNAPSHOT.jar:/home/runner/.m2/repository/com/google/guava/guava/31.1-jre/guava-31.1-jre.jar:/home/runner/.m2/repository/com/google/guava/failureaccess/1.0.1/failureaccess-1.0.1.jar:/home/runner/.m2/repository/com/google/guava/listenablefuture/9999.0-empty-to-avoid-conflict-with-guava/listenablefuture-9999.0-empty-to-avoid-conflict-with-guava.jar:/home/runner/.m2/repository/com/google/code/findbugs/jsr305/3.0.0/jsr305-3.0.0.jar:/home/runner/.m2/repository/org/checkerframework/checker-qual/3.12.0/checker-qual-3.12.0.jar:/home/runner/.m2/repository/com/google/j2objc/j2objc-annotations/1.3/j2objc-annotations-1.3.jar:/home/runner/.m2/repository/commons-io/commons-io/2.11.0/commons-io-2.11.0.jar:/home/runner/.m2/repository/commons-logging/commons-logging/1.2/commons-logging-1.2.jar:/home/runner/.m2/repository/ch/qos/reload4j/reload4j/1.2.22/reload4j-1.2.22.jar:/home/runner/.m2/repository/org/slf4j/slf4j-api/1.7.36/slf4j-api-1.7.36.jar:/home/runner/.m2/repository/org/apache/ozone/hdds-server-scm/1.4.0-SNAPSHOT/hdds-server-scm-1.4.0-SNAPSHOT.jar:/home/runner/.m2/repository/org/apache/ozone/hdds-container-service/1.4.0-SNAPSHOT/hdds-container-service-1.4.0-SNAPSHOT.jar:/home/runner/.m2/repository/org/apache/ozone/hdds-hadoop-dependency-server/1.4.0-SNAPSHOT/hdds-hadoop-dependency-server-1.4.0-SNAPSHOT.jar:/home/runner/.m2/repository/org/apache/hadoop/hadoop-hdfs/3.3.5/hadoop-hdfs-3.3.5.jar:/home/runner/.m2/repository/commons-daemon/commons-daemon/1.0.13/commons-daemon-1.0.13.jar:/home/runner/.m2/repository/org/apache/ozone/hdds-server-framework/1.4.0-SNAPSHOT/hdds-server-framework-1.4.0-SNAPSHOT.jar:/home/runner/.m2/repository/io/dropwizard/metrics/metrics-core/3.2.4/metrics-core-3.2.4.jar:/home/runner/.m2/repository/org/apache/commons/commons-text/1.4/commons-text-1.4.jar:/home/runner/.m2/repository/org/apache/hadoop/hadoop-hdfs-client/3.3.5/hadoop-hdfs-client-3.3.5.jar:/home/runner/.m2/repository/com/squareup/okhttp3/okhttp/4.9.3/okhttp-4.9.3.jar:/home/runner/.m2/repository/com/squareup/okio/okio/2.8.0/okio-2.8.0.jar:/home/runner/.m2/repository/org/jetbrains/kotlin/kotlin-stdlib-common/1.6.21/kotlin-stdlib-common-1.6.21.jar:/home/runner/.m2/repository/org/bouncycastle/bcprov-jdk15on/1.67/bcprov-jdk15on-1.67.jar:/home/runner/.m2/repository/com/google/protobuf/protobuf-java/2.5.0/protobuf-java-2.5.0.jar:/home/runner/.m2/repository/org/apache/ozone/hdds-server-framework/1.4.0-SNAPSHOT/hdds-server-framework-1.4.0-SNAPSHOT-tests.jar:/home/runner/.m2/repository/org/apache/ozone/hdds-interface-server/1.4.0-SNAPSHOT/hdds-interface-server-1.4.0-SNAPSHOT.jar:/home/runner/.m2/repository/org/apache/ozone/hdds-interface-admin/1.4.0-SNAPSHOT/hdds-interface-admin-1.4.0-SNAPSHOT.jar:/home/runner/.m2/repository/org/apache/ozone/hdds-managed-rocksdb/1.4.0-SNAPSHOT/hdds-managed-rocksdb-1.4.0-SNAPSHOT.jar:/home/runner/.m2/repository/org/rocksdb/rocksdbjni/7.7.3/rocksdbjni-7.7.3.jar:/home/runner/.m2/repository/org/slf4j/slf4j-reload4j/1.7.36/slf4j-reload4j-1.7.36.jar:/home/runner/.m2/repository/org/apache/commons/commons-configuration2/2.1.1/commons-configuration2-2.1.1.jar:/home/runner/.m2/repository/org/apache/logging/log4j/log4j-core/2.17.1/log4j-core-2.17.1.jar:/home/runner/.m2/repository/com/lmax/disruptor/3.4.2/disruptor-3.4.2.jar:/home/runner/.m2/repository/org/eclipse/jetty/jetty-util/9.4.49.v20220914/jetty-util-9.4.49.v20220914.jar:/home/runner/.m2/repository/org/eclipse/jetty/jetty-server/9.4.49.v20220914/jetty-server-9.4.49.v20220914.jar:/home/runner/.m2/repository/org/eclipse/jetty/jetty-http/9.4.49.v20220914/jetty-http-9.4.49.v20220914.jar:/home/runner/.m2/repository/org/eclipse/jetty/jetty-io/9.4.49.v20220914/jetty-io-9.4.49.v20220914.jar:/home/runner/.m2/repository/org/eclipse/jetty/jetty-servlet/9.4.49.v20220914/jetty-servlet-9.4.49.v20220914.jar:/home/runner/.m2/repository/org/eclipse/jetty/jetty-security/9.4.49.v20220914/jetty-security-9.4.49.v20220914.jar:/home/runner/.m2/repository/org/eclipse/jetty/jetty-util-ajax/9.4.49.v20220914/jetty-util-ajax-9.4.49.v20220914.jar:/home/runner/.m2/repository/org/eclipse/jetty/jetty-webapp/9.4.49.v20220914/jetty-webapp-9.4.49.v20220914.jar:/home/runner/.m2/repository/org/eclipse/jetty/jetty-xml/9.4.49.v20220914/jetty-xml-9.4.49.v20220914.jar:/home/runner/.m2/repository/org/apache/ratis/ratis-server/2.4.2-8b8bdda-SNAPSHOT/ratis-server-2.4.2-8b8bdda-SNAPSHOT.jar:/home/runner/.m2/repository/org/apache/ratis/ratis-thirdparty-misc/1.0.3/ratis-thirdparty-misc-1.0.3.jar:/home/runner/.m2/repository/org/apache/ratis/ratis-proto/2.4.2-8b8bdda-SNAPSHOT/ratis-proto-2.4.2-8b8bdda-SNAPSHOT.jar:/home/runner/.m2/repository/org/apache/ratis/ratis-common/2.4.2-8b8bdda-SNAPSHOT/ratis-common-2.4.2-8b8bdda-SNAPSHOT.jar:/home/runner/.m2/repository/org/apache/ratis/ratis-client/2.4.2-8b8bdda-SNAPSHOT/ratis-client-2.4.2-8b8bdda-SNAPSHOT.jar:/home/runner/.m2/repository/org/apache/ratis/ratis-server-api/2.4.2-8b8bdda-SNAPSHOT/ratis-server-api-2.4.2-8b8bdda-SNAPSHOT.jar:/home/runner/.m2/repository/org/apache/ratis/ratis-metrics/2.4.2-8b8bdda-SNAPSHOT/ratis-metrics-2.4.2-8b8bdda-SNAPSHOT.jar:/home/runner/.m2/repository/io/prometheus/simpleclient_dropwizard/0.7.0/simpleclient_dropwizard-0.7.0.jar:/home/runner/.m2/repository/io/prometheus/simpleclient/0.7.0/simpleclient-0.7.0.jar:/home/runner/.m2/repository/io/prometheus/simpleclient_common/0.7.0/simpleclient_common-0.7.0.jar:/home/runner/.m2/repository/com/fasterxml/jackson/datatype/jackson-datatype-jsr310/2.13.4/jackson-datatype-jsr310-2.13.4.jar:/home/runner/.m2/repository/com/fasterxml/jackson/core/jackson-core/2.13.4/jackson-core-2.13.4.jar:/home/runner/.m2/repository/com/github/spotbugs/spotbugs-annotations/3.1.12/spotbugs-annotations-3.1.12.jar:/home/runner/.m2/repository/org/apache/ozone/rocksdb-checkpoint-differ/1.4.0-SNAPSHOT/rocksdb-checkpoint-differ-1.4.0-SNAPSHOT.jar:/home/runner/.m2/repository/org/awaitility/awaitility/4.2.0/awaitility-4.2.0.jar:/home/runner/.m2/repository/org/hamcrest/hamcrest/2.1/hamcrest-2.1.jar:/home/runner/.m2/repository/org/apache/ozone/ozone-manager/1.4.0-SNAPSHOT/ozone-manager-1.4.0-SNAPSHOT.jar:/home/runner/.m2/repository/org/aspectj/aspectjrt/1.9.7/aspectjrt-1.9.7.jar:/home/runner/.m2/repository/org/aspectj/aspectjweaver/1.9.7/aspectjweaver-1.9.7.jar:/home/runner/.m2/repository/org/apache/ozone/hdds-interface-client/1.4.0-SNAPSHOT/hdds-interface-client-1.4.0-SNAPSHOT.jar:/home/runner/.m2/repository/org/apache/hadoop/thirdparty/hadoop-shaded-protobuf_3_7/1.1.1/hadoop-shaded-protobuf_3_7-1.1.1.jar:/home/runner/.m2/repository/org/apache/ozone/ozone-interface-storage/1.4.0-SNAPSHOT/ozone-interface-storage-1.4.0-SNAPSHOT.jar:/home/runner/.m2/repository/org/reflections/reflections/0.9.11/reflections-0.9.11.jar:/home/runner/.m2/repository/com/sun/jersey/jersey-client/1.19/jersey-client-1.19.jar:/home/runner/.m2/repository/org/codehaus/jackson/jackson-core-asl/1.9.13/jackson-core-asl-1.9.13.jar:/home/runner/.m2/repository/org/codehaus/jackson/jackson-mapper-asl/1.9.13/jackson-mapper-asl-1.9.13.jar:/home/runner/.m2/repository/org/codehaus/jackson/jackson-jaxrs/1.9.13/jackson-jaxrs-1.9.13.jar:/home/runner/.m2/repository/org/apache/ranger/ranger-intg/2.3.0/ranger-intg-2.3.0.jar:/home/runner/.m2/repository/org/apache/ranger/ranger-plugins-common/2.3.0/ranger-plugins-common-2.3.0.jar:/home/runner/.m2/repository/commons-lang/commons-lang/2.6/commons-lang-2.6.jar:/home/runner/.m2/repository/org/apache/ranger/ranger-plugins-cred/2.3.0/ranger-plugins-cred-2.3.0.jar:/home/runner/.m2/repository/org/apache/ranger/ranger-plugins-audit/2.3.0/ranger-plugins-audit-2.3.0.jar:/home/runner/.m2/repository/org/eclipse/jetty/jetty-client/9.4.49.v20220914/jetty-client-9.4.49.v20220914.jar:/home/runner/.m2/repository/org/apache/httpcomponents/httpmime/4.5.6/httpmime-4.5.6.jar:/home/runner/.m2/repository/org/apache/httpcomponents/httpcore-nio/4.4.13/httpcore-nio-4.4.13.jar:/home/runner/.m2/repository/org/apache/httpcomponents/httpasyncclient/4.1.3/httpasyncclient-4.1.3.jar:/home/runner/.m2/repository/com/carrotsearch/hppc/0.8.0/hppc-0.8.0.jar:/home/runner/.m2/repository/org/apache/orc/orc-core/1.5.8/orc-core-1.5.8.jar:/home/runner/.m2/repository/net/java/dev/jna/jna/5.2.0/jna-5.2.0.jar:/home/runner/.m2/repository/net/java/dev/jna/jna-platform/5.2.0/jna-platform-5.2.0.jar:/home/runner/.m2/repository/com/kstruct/gethostname4j/0.0.2/gethostname4j-0.0.2.jar:/home/runner/.m2/repository/org/apache/ranger/ranger-plugin-classloader/2.3.0/ranger-plugin-classloader-2.3.0.jar:/home/runner/.m2/repository/org/apache/hadoop/hadoop-minikdc/3.3.5/hadoop-minikdc-3.3.5.jar:/home/runner/.m2/repository/org/apache/kerby/kerb-simplekdc/1.0.1/kerb-simplekdc-1.0.1.jar:/home/runner/.m2/repository/org/apache/kerby/kerb-client/1.0.1/kerb-client-1.0.1.jar:/home/runner/.m2/repository/org/apache/kerby/kerby-config/1.0.1/kerby-config-1.0.1.jar:/home/runner/.m2/repository/org/apache/kerby/kerb-common/1.0.1/kerb-common-1.0.1.jar:/home/runner/.m2/repository/org/apache/kerby/kerb-crypto/1.0.1/kerb-crypto-1.0.1.jar:/home/runner/.m2/repository/org/apache/kerby/kerb-util/1.0.1/kerb-util-1.0.1.jar:/home/runner/.m2/repository/org/apache/kerby/token-provider/1.0.1/token-provider-1.0.1.jar:/home/runner/.m2/repository/org/apache/kerby/kerb-admin/1.0.1/kerb-admin-1.0.1.jar:/home/runner/.m2/repository/org/apache/kerby/kerb-server/1.0.1/kerb-server-1.0.1.jar:/home/runner/.m2/repository/org/apache/kerby/kerb-identity/1.0.1/kerb-identity-1.0.1.jar:/home/runner/.m2/repository/org/apache/kerby/kerby-xdr/1.0.1/kerby-xdr-1.0.1.jar:/home/runner/.m2/repository/org/apache/ozone/ozone-s3gateway/1.4.0-SNAPSHOT/ozone-s3gateway-1.4.0-SNAPSHOT.jar:/home/runner/.m2/repository/org/javassist/javassist/3.21.0-GA/javassist-3.21.0-GA.jar:/home/runner/.m2/repository/org/jboss/weld/servlet/weld-servlet-shaded/3.1.9.Final/weld-servlet-shaded-3.1.9.Final.jar:/home/runner/.m2/repository/org/glassfish/jersey/containers/jersey-container-servlet-core/2.34/jersey-container-servlet-core-2.34.jar:/home/runner/.m2/repository/org/glassfish/hk2/external/jakarta.inject/2.6.1/jakarta.inject-2.6.1.jar:/home/runner/.m2/repository/org/glassfish/jersey/core/jersey-common/2.34/jersey-common-2.34.jar:/home/runner/.m2/repository/jakarta/ws/rs/jakarta.ws.rs-api/2.1.6/jakarta.ws.rs-api-2.1.6.jar:/home/runner/.m2/repository/org/glassfish/jersey/ext/cdi/jersey-cdi1x/2.34/jersey-cdi1x-2.34.jar:/home/runner/.m2/repository/org/glassfish/jersey/inject/jersey-hk2/2.34/jersey-hk2-2.34.jar:/home/runner/.m2/repository/org/glassfish/hk2/hk2-locator/2.6.1/hk2-locator-2.6.1.jar:/home/runner/.m2/repository/org/glassfish/jersey/media/jersey-media-jaxb/2.34/jersey-media-jaxb-2.34.jar:/home/runner/.m2/repository/org/glassfish/hk2/osgi-resource-locator/1.0.3/osgi-resource-locator-1.0.3.jar:/home/runner/.m2/repository/org/glassfish/hk2/hk2-api/2.5.0/hk2-api-2.5.0.jar:/home/runner/.m2/repository/org/glassfish/hk2/hk2-utils/2.5.0/hk2-utils-2.5.0.jar:/home/runner/.m2/repository/org/glassfish/hk2/external/aopalliance-repackaged/2.5.0/aopalliance-repackaged-2.5.0.jar:/home/runner/.m2/repository/com/fasterxml/jackson/dataformat/jackson-dataformat-xml/2.13.4/jackson-dataformat-xml-2.13.4.jar:/home/runner/.m2/repository/org/codehaus/woodstox/stax2-api/4.2.1/stax2-api-4.2.1.jar:/home/runner/.m2/repository/com/fasterxml/woodstox/woodstox-core/5.4.0/woodstox-core-5.4.0.jar:/home/runner/.m2/repository/com/fasterxml/jackson/module/jackson-module-jaxb-annotations/2.13.4/jackson-module-jaxb-annotations-2.13.4.jar:/home/runner/.m2/repository/jakarta/xml/bind/jakarta.xml.bind-api/2.3.3/jakarta.xml.bind-api-2.3.3.jar:/home/runner/.m2/repository/jakarta/activation/jakarta.activation-api/1.2.2/jakarta.activation-api-1.2.2.jar:/home/runner/.m2/repository/javax/enterprise/cdi-api/2.0/cdi-api-2.0.jar:/home/runner/.m2/repository/javax/el/javax.el-api/3.0.0/javax.el-api-3.0.0.jar:/home/runner/.m2/repository/javax/interceptor/javax.interceptor-api/1.2/javax.interceptor-api-1.2.jar:/home/runner/.m2/repository/javax/inject/javax.inject/1/javax.inject-1.jar:/home/runner/.m2/repository/javax/xml/bind/jaxb-api/2.3.0/jaxb-api-2.3.0.jar:/home/runner/.m2/repository/org/glassfish/jaxb/jaxb-runtime/2.3.0.1/jaxb-runtime-2.3.0.1.jar:/home/runner/.m2/repository/org/glassfish/jaxb/jaxb-core/2.3.0.1/jaxb-core-2.3.0.1.jar:/home/runner/.m2/repository/org/glassfish/jaxb/txw2/2.3.0.1/txw2-2.3.0.1.jar:/home/runner/.m2/repository/com/sun/istack/istack-commons-runtime/3.0.5/istack-commons-runtime-3.0.5.jar:/home/runner/.m2/repository/org/jvnet/staxex/stax-ex/1.7.8/stax-ex-1.7.8.jar:/home/runner/.m2/repository/com/sun/xml/fastinfoset/FastInfoset/1.2.13/FastInfoset-1.2.13.jar:/home/runner/.m2/repository/javax/activation/activation/1.1.1/activation-1.1.1.jar:/home/runner/.m2/repository/io/grpc/grpc-protobuf/1.51.1/grpc-protobuf-1.51.1.jar:/home/runner/.m2/repository/io/grpc/grpc-api/1.51.1/grpc-api-1.51.1.jar:/home/runner/.m2/repository/io/grpc/grpc-context/1.51.1/grpc-context-1.51.1.jar:/home/runner/.m2/repository/com/google/api/grpc/proto-google-common-protos/2.9.0/proto-google-common-protos-2.9.0.jar:/home/runner/.m2/repository/io/grpc/grpc-protobuf-lite/1.51.1/grpc-protobuf-lite-1.51.1.jar:/home/runner/.m2/repository/io/grpc/grpc-stub/1.51.1/grpc-stub-1.51.1.jar:/home/runner/.m2/repository/io/netty/netty-transport/4.1.86.Final/netty-transport-4.1.86.Final.jar:/home/runner/.m2/repository/io/netty/netty-resolver/4.1.86.Final/netty-resolver-4.1.86.Final.jar:/home/runner/.m2/repository/org/apache/ozone/ozone-csi/1.4.0-SNAPSHOT/ozone-csi-1.4.0-SNAPSHOT.jar:/home/runner/.m2/repository/com/google/protobuf/protobuf-java-util/3.19.6/protobuf-java-util-3.19.6.jar:/home/runner/.m2/repository/com/google/code/gson/gson/2.9.0/gson-2.9.0.jar:/home/runner/.m2/repository/org/apache/ozone/hdds-config/1.4.0-SNAPSHOT/hdds-config-1.4.0-SNAPSHOT.jar:/home/runner/.m2/repository/io/netty/netty-transport-native-epoll/4.1.86.Final/netty-transport-native-epoll-4.1.86.Final-linux-x86_64.jar:/home/runner/.m2/repository/io/netty/netty-transport-classes-epoll/4.1.86.Final/netty-transport-classes-epoll-4.1.86.Final.jar:/home/runner/.m2/repository/io/netty/netty-transport-native-unix-common/4.1.86.Final/netty-transport-native-unix-common-4.1.86.Final.jar:/home/runner/.m2/repository/org/apache/ozone/ozone-recon/1.4.0-SNAPSHOT/ozone-recon-1.4.0-SNAPSHOT.jar:/home/runner/.m2/repository/org/apache/ozone/ozone-reconcodegen/1.4.0-SNAPSHOT/ozone-reconcodegen-1.4.0-SNAPSHOT.jar:/home/runner/.m2/repository/com/google/inject/guice/5.1.0/guice-5.1.0.jar:/home/runner/.m2/repository/aopalliance/aopalliance/1.0/aopalliance-1.0.jar:/home/runner/.m2/repository/com/google/inject/extensions/guice-assistedinject/5.1.0/guice-assistedinject-5.1.0.jar:/home/runner/.m2/repository/com/google/inject/extensions/guice-servlet/5.1.0/guice-servlet-5.1.0.jar:/home/runner/.m2/repository/org/glassfish/jersey/containers/jersey-container-servlet/2.34/jersey-container-servlet-2.34.jar:/home/runner/.m2/repository/org/glassfish/hk2/guice-bridge/2.5.0/guice-bridge-2.5.0.jar:/home/runner/.m2/repository/org/glassfish/jersey/core/jersey-server/2.34/jersey-server-2.34.jar:/home/runner/.m2/repository/org/glassfish/jersey/core/jersey-client/2.34/jersey-client-2.34.jar:/home/runner/.m2/repository/jakarta/annotation/jakarta.annotation-api/1.3.5/jakarta.annotation-api-1.3.5.jar:/home/runner/.m2/repository/jakarta/validation/jakarta.validation-api/2.0.2/jakarta.validation-api-2.0.2.jar:/home/runner/.m2/repository/org/glassfish/jersey/media/jersey-media-json-jackson/2.34/jersey-media-json-jackson-2.34.jar:/home/runner/.m2/repository/org/glassfish/jersey/ext/jersey-entity-filtering/2.34/jersey-entity-filtering-2.34.jar:/home/runner/.m2/repository/org/jooq/jooq/3.11.10/jooq-3.11.10.jar:/home/runner/.m2/repository/org/jooq/jooq-meta/3.11.10/jooq-meta-3.11.10.jar:/home/runner/.m2/repository/org/jooq/jooq-codegen/3.11.10/jooq-codegen-3.11.10.jar:/home/runner/.m2/repository/com/jolbox/bonecp/0.8.0.RELEASE/bonecp-0.8.0.RELEASE.jar:/home/runner/.m2/repository/org/apache/derby/derby/10.14.2.0/derby-10.14.2.0.jar:/home/runner/.m2/repository/org/xerial/sqlite-jdbc/3.25.2/sqlite-jdbc-3.25.2.jar:/home/runner/.m2/repository/org/springframework/spring-jdbc/5.3.26/spring-jdbc-5.3.26.jar:/home/runner/.m2/repository/org/springframework/spring-beans/5.3.26/spring-beans-5.3.26.jar:/home/runner/.m2/repository/org/springframework/spring-core/5.3.26/spring-core-5.3.26.jar:/home/runner/.m2/repository/org/springframework/spring-jcl/5.3.26/spring-jcl-5.3.26.jar:/home/runner/.m2/repository/org/springframework/spring-tx/5.3.26/spring-tx-5.3.26.jar:/home/runner/.m2/repository/org/apache/ozone/ozone-client/1.4.0-SNAPSHOT/ozone-client-1.4.0-SNAPSHOT.jar:/home/runner/.m2/repository/org/apache/ozone/hdds-erasurecode/1.4.0-SNAPSHOT/hdds-erasurecode-1.4.0-SNAPSHOT.jar:/home/runner/.m2/repository/org/apache/ozone/ozone-filesystem/1.4.0-SNAPSHOT/ozone-filesystem-1.4.0-SNAPSHOT.jar:/home/runner/.m2/repository/org/apache/ozone/ozone-filesystem-common/1.4.0-SNAPSHOT/ozone-filesystem-common-1.4.0-SNAPSHOT.jar:/home/runner/.m2/repository/org/apache/ozone/ozone-tools/1.4.0-SNAPSHOT/ozone-tools-1.4.0-SNAPSHOT.jar:/home/runner/.m2/repository/com/amazonaws/aws-java-sdk-core/1.12.261/aws-java-sdk-core-1.12.261.jar:/home/runner/.m2/repository/org/apache/httpcomponents/httpclient/4.5.13/httpclient-4.5.13.jar:/home/runner/.m2/repository/org/apache/httpcomponents/httpcore/4.4.13/httpcore-4.4.13.jar:/home/runner/.m2/repository/software/amazon/ion/ion-java/1.0.2/ion-java-1.0.2.jar:/home/runner/.m2/repository/com/fasterxml/jackson/dataformat/jackson-dataformat-cbor/2.13.4/jackson-dataformat-cbor-2.13.4.jar:/home/runner/.m2/repository/joda-time/joda-time/2.10.6/joda-time-2.10.6.jar:/home/runner/.m2/repository/com/amazonaws/aws-java-sdk-s3/1.12.261/aws-java-sdk-s3-1.12.261.jar:/home/runner/.m2/repository/com/amazonaws/aws-java-sdk-kms/1.12.261/aws-java-sdk-kms-1.12.261.jar:/home/runner/.m2/repository/com/amazonaws/jmespath-java/1.12.261/jmespath-java-1.12.261.jar:/home/runner/.m2/repository/org/kohsuke/metainf-services/metainf-services/1.8/metainf-services-1.8.jar:/home/runner/.m2/repository/org/apache/ozone/hdds-tools/1.4.0-SNAPSHOT/hdds-tools-1.4.0-SNAPSHOT.jar:/home/runner/.m2/repository/org/apache/ratis/ratis-tools/2.4.2-8b8bdda-SNAPSHOT/ratis-tools-2.4.2-8b8bdda-SNAPSHOT.jar:/home/runner/.m2/repository/commons-cli/commons-cli/1.2/commons-cli-1.2.jar:/home/runner/.m2/repository/org/apache/commons/commons-lang3/3.7/commons-lang3-3.7.jar:/home/runner/.m2/repository/org/apache/ozone/ozone-manager/1.4.0-SNAPSHOT/ozone-manager-1.4.0-SNAPSHOT-tests.jar:/home/runner/.m2/repository/org/apache/ozone/hdds-common/1.4.0-SNAPSHOT/hdds-common-1.4.0-SNAPSHOT-tests.jar:/home/runner/.m2/repository/org/apache/ozone/hdds-hadoop-dependency-client/1.4.0-SNAPSHOT/hdds-hadoop-dependency-client-1.4.0-SNAPSHOT.jar:/home/runner/.m2/repository/info/picocli/picocli/4.6.1/picocli-4.6.1.jar:/home/runner/.m2/repository/com/fasterxml/jackson/core/jackson-annotations/2.13.4/jackson-annotations-2.13.4.jar:/home/runner/.m2/repository/org/apache/ozone/hdds-annotation-processing/1.4.0-SNAPSHOT/hdds-annotation-processing-1.4.0-SNAPSHOT.jar:/home/runner/.m2/repository/javax/annotation/javax.annotation-api/1.2/javax.annotation-api-1.2.jar:/home/runner/.m2/repository/org/apache/ratis/ratis-netty/2.4.2-8b8bdda-SNAPSHOT/ratis-netty-2.4.2-8b8bdda-SNAPSHOT.jar:/home/runner/.m2/repository/org/apache/ratis/ratis-grpc/2.4.2-8b8bdda-SNAPSHOT/ratis-grpc-2.4.2-8b8bdda-SNAPSHOT.jar:/home/runner/.m2/repository/org/apache/logging/log4j/log4j-api/2.17.1/log4j-api-2.17.1.jar:/home/runner/.m2/repository/org/apache/commons/commons-pool2/2.6.0/commons-pool2-2.6.0.jar:/home/runner/.m2/repository/org/bouncycastle/bcpkix-jdk15on/1.67/bcpkix-jdk15on-1.67.jar:/home/runner/.m2/repository/commons-validator/commons-validator/1.6/commons-validator-1.6.jar:/home/runner/.m2/repository/commons-beanutils/commons-beanutils/1.9.4/commons-beanutils-1.9.4.jar:/home/runner/.m2/repository/commons-digester/commons-digester/1.8.1/commons-digester-1.8.1.jar:/home/runner/.m2/repository/commons-collections/commons-collections/3.2.2/commons-collections-3.2.2.jar:/home/runner/.m2/repository/io/jaegertracing/jaeger-client/1.6.0/jaeger-client-1.6.0.jar:/home/runner/.m2/repository/io/jaegertracing/jaeger-thrift/1.6.0/jaeger-thrift-1.6.0.jar:/home/runner/.m2/repository/org/apache/thrift/libthrift/0.14.1/libthrift-0.14.1.jar:/home/runner/.m2/repository/io/jaegertracing/jaeger-core/1.6.0/jaeger-core-1.6.0.jar:/home/runner/.m2/repository/io/jaegertracing/jaeger-tracerresolver/1.6.0/jaeger-tracerresolver-1.6.0.jar:/home/runner/.m2/repository/io/opentracing/contrib/opentracing-tracerresolver/0.1.8/opentracing-tracerresolver-0.1.8.jar:/home/runner/.m2/repository/org/jetbrains/kotlin/kotlin-stdlib/1.6.21/kotlin-stdlib-1.6.21.jar:/home/runner/.m2/repository/org/jetbrains/annotations/13.0/annotations-13.0.jar:/home/runner/.m2/repository/io/opentracing/opentracing-util/0.33.0/opentracing-util-0.33.0.jar:/home/runner/.m2/repository/io/opentracing/opentracing-api/0.33.0/opentracing-api-0.33.0.jar:/home/runner/.m2/repository/io/opentracing/opentracing-noop/0.33.0/opentracing-noop-0.33.0.jar:/home/runner/.m2/repository/org/yaml/snakeyaml/2.0/snakeyaml-2.0.jar:/home/runner/.m2/repository/junit/junit/4.13.1/junit-4.13.1.jar:/home/runner/.m2/repository/org/hamcrest/hamcrest-core/1.3/hamcrest-core-1.3.jar:/home/runner/.m2/repository/org/junit/jupiter/junit-jupiter-api/5.8.2/junit-jupiter-api-5.8.2.jar:/home/runner/.m2/repository/org/opentest4j/opentest4j/1.2.0/opentest4j-1.2.0.jar:/home/runner/.m2/repository/org/junit/platform/junit-platform-commons/1.8.2/junit-platform-commons-1.8.2.jar:/home/runner/.m2/repository/org/apiguardian/apiguardian-api/1.1.2/apiguardian-api-1.1.2.jar:/home/runner/.m2/repository/org/junit/jupiter/junit-jupiter-params/5.8.2/junit-jupiter-params-5.8.2.jar:/home/runner/.m2/repository/org/junit/jupiter/junit-jupiter-migrationsupport/5.8.2/junit-jupiter-migrationsupport-5.8.2.jar:/home/runner/.m2/repository/org/junit/jupiter/junit-jupiter-engine/5.8.2/junit-jupiter-engine-5.8.2.jar:/home/runner/.m2/repository/org/junit/platform/junit-platform-engine/1.8.2/junit-platform-engine-1.8.2.jar:/home/runner/.m2/repository/org/junit/vintage/junit-vintage-engine/5.8.2/junit-vintage-engine-5.8.2.jar:/home/runner/.m2/repository/org/junit/platform/junit-platform-launcher/1.8.2/junit-platform-launcher-1.8.2.jar:/home/runner/.m2/repository/org/mockito/mockito-core/2.28.2/mockito-core-2.28.2.jar:/home/runner/.m2/repository/net/bytebuddy/byte-buddy/1.9.10/byte-buddy-1.9.10.jar:/home/runner/.m2/repository/net/bytebuddy/byte-buddy-agent/1.9.10/byte-buddy-agent-1.9.10.jar:/home/runner/.m2/repository/org/objenesis/objenesis/1.0/objenesis-1.0.jar:/home/runner/.m2/repository/org/apache/hadoop/hadoop-kms/3.3.5/hadoop-kms-3.3.5.jar:/home/runner/.m2/repository/org/apache/hadoop/hadoop-auth/3.3.5/hadoop-auth-3.3.5.jar:/home/runner/.m2/repository/com/nimbusds/nimbus-jose-jwt/9.8.1/nimbus-jose-jwt-9.8.1.jar:/home/runner/.m2/repository/com/github/stephenc/jcip/jcip-annotations/1.0-1/jcip-annotations-1.0-1.jar:/home/runner/.m2/repository/net/minidev/json-smart/2.4.7/json-smart-2.4.7.jar:/home/runner/.m2/repository/net/minidev/accessors-smart/2.4.7/accessors-smart-2.4.7.jar:/home/runner/.m2/repository/org/ow2/asm/asm/5.0.4/asm-5.0.4.jar:/home/runner/.m2/repository/org/apache/zookeeper/zookeeper/3.5.6/zookeeper-3.5.6.jar:/home/runner/.m2/repository/org/apache/zookeeper/zookeeper-jute/3.5.6/zookeeper-jute-3.5.6.jar:/home/runner/.m2/repository/org/apache/yetus/audience-annotations/0.5.0/audience-annotations-0.5.0.jar:/home/runner/.m2/repository/org/apache/curator/curator-framework/4.2.0/curator-framework-4.2.0.jar:/home/runner/.m2/repository/org/apache/hadoop/thirdparty/hadoop-shaded-guava/1.1.1/hadoop-shaded-guava-1.1.1.jar:/home/runner/.m2/repository/com/sun/jersey/jersey-core/1.19/jersey-core-1.19.jar:/home/runner/.m2/repository/javax/ws/rs/jsr311-api/1.1.1/jsr311-api-1.1.1.jar:/home/runner/.m2/repository/com/sun/jersey/jersey-server/1.19/jersey-server-1.19.jar:/home/runner/.m2/repository/javax/servlet/javax.servlet-api/3.1.0/javax.servlet-api-3.1.0.jar:/home/runner/.m2/repository/org/apache/hadoop/hadoop-common/3.3.5/hadoop-common-3.3.5.jar:/home/runner/.m2/repository/org/apache/commons/commons-math3/3.1.1/commons-math3-3.1.1.jar:/home/runner/.m2/repository/commons-net/commons-net/3.9.0/commons-net-3.9.0.jar:/home/runner/.m2/repository/com/sun/jersey/jersey-servlet/1.19/jersey-servlet-1.19.jar:/home/runner/.m2/repository/com/github/pjfanning/jersey-json/1.20/jersey-json-1.20.jar:/home/runner/.m2/repository/org/codehaus/jettison/jettison/1.1/jettison-1.1.jar:/home/runner/.m2/repository/com/sun/xml/bind/jaxb-impl/2.2.3-1/jaxb-impl-2.2.3-1.jar:/home/runner/.m2/repository/com/google/re2j/re2j/1.1/re2j-1.1.jar:/home/runner/.m2/repository/com/jcraft/jsch/0.1.54/jsch-0.1.54.jar:/home/runner/.m2/repository/org/apache/curator/curator-client/4.2.0/curator-client-4.2.0.jar:/home/runner/.m2/repository/org/apache/curator/curator-recipes/4.2.0/curator-recipes-4.2.0.jar:/home/runner/.m2/repository/org/apache/kerby/kerb-core/1.0.1/kerb-core-1.0.1.jar:/home/runner/.m2/repository/org/apache/kerby/kerby-pkix/1.0.1/kerby-pkix-1.0.1.jar:/home/runner/.m2/repository/org/apache/kerby/kerby-asn1/1.0.1/kerby-asn1-1.0.1.jar:/home/runner/.m2/repository/org/apache/kerby/kerby-util/1.0.1/kerby-util-1.0.1.jar:/home/runner/.m2/repository/dnsjava/dnsjava/2.1.7/dnsjava-2.1.7.jar:/home/runner/.m2/repository/org/xerial/snappy/snappy-java/1.1.8.2/snappy-java-1.1.8.2.jar:/home/runner/.m2/repository/com/fasterxml/jackson/core/jackson-databind/2.13.4.2/jackson-databind-2.13.4.2.jar:/home/runner/.m2/repository/org/apache/hadoop/hadoop-kms/3.3.5/hadoop-kms-3.3.5-tests.jar:/home/runner/.m2/repository/org/apache/ozone/hdds-server-scm/1.4.0-SNAPSHOT/hdds-server-scm-1.4.0-SNAPSHOT-tests.jar:/home/runner/.m2/repository/org/apache/ozone/hdds-container-service/1.4.0-SNAPSHOT/hdds-container-service-1.4.0-SNAPSHOT-tests.jar:/home/runner/.m2/repository/com/github/luben/zstd-jni/1.5.2-5/zstd-jni-1.5.2-5.jar:/home/runner/.m2/repository/commons-codec/commons-codec/1.15/commons-codec-1.15.jar:/home/runner/.m2/repository/io/netty/netty-codec/4.1.86.Final/netty-codec-4.1.86.Final.jar:/home/runner/.m2/repository/io/netty/netty-handler/4.1.86.Final/netty-handler-4.1.86.Final.jar:/home/runner/.m2/repository/org/apache/ozone/hdds-hadoop-dependency-test/1.4.0-SNAPSHOT/hdds-hadoop-dependency-test-1.4.0-SNAPSHOT.jar:/home/runner/.m2/repository/org/apache/hadoop/hadoop-common/3.3.5/hadoop-common-3.3.5-tests.jar:/home/runner/.m2/repository/org/apache/hadoop/hadoop-hdfs/3.3.5/hadoop-hdfs-3.3.5-tests.jar:/home/runner/.m2/repository/org/assertj/assertj-core/3.12.2/assertj-core-3.12.2.jar:/home/runner/.m2/repository/org/apache/hadoop/hadoop-distcp/3.3.5/hadoop-distcp-3.3.5.jar:/home/runner/.m2/repository/org/apache/hadoop/hadoop-mapreduce-client-jobclient/3.3.5/hadoop-mapreduce-client-jobclient-3.3.5.jar:/home/runner/.m2/repository/org/apache/hadoop/hadoop-mapreduce-client-common/3.3.5/hadoop-mapreduce-client-common-3.3.5.jar:/home/runner/.m2/repository/org/apache/hadoop/hadoop-yarn-common/3.3.5/hadoop-yarn-common-3.3.5.jar:/home/runner/.m2/repository/org/apache/hadoop/hadoop-yarn-api/3.3.5/hadoop-yarn-api-3.3.5.jar:/home/runner/.m2/repository/com/sun/jersey/contribs/jersey-guice/1.19/jersey-guice-1.19.jar:/home/runner/.m2/repository/com/fasterxml/jackson/jaxrs/jackson-jaxrs-json-provider/2.13.4/jackson-jaxrs-json-provider-2.13.4.jar:/home/runner/.m2/repository/com/fasterxml/jackson/jaxrs/jackson-jaxrs-base/2.13.4/jackson-jaxrs-base-2.13.4.jar:/home/runner/.m2/repository/org/apache/hadoop/hadoop-yarn-client/3.3.5/hadoop-yarn-client-3.3.5.jar:/home/runner/.m2/repository/org/eclipse/jetty/websocket/websocket-client/9.4.48.v20220622/websocket-client-9.4.48.v20220622.jar:/home/runner/.m2/repository/org/eclipse/jetty/websocket/websocket-common/9.4.48.v20220622/websocket-common-9.4.48.v20220622.jar:/home/runner/.m2/repository/org/eclipse/jetty/websocket/websocket-api/9.4.48.v20220622/websocket-api-9.4.48.v20220622.jar:/home/runner/.m2/repository/org/jline/jline/3.9.0/jline-3.9.0.jar:/home/runner/.m2/repository/org/apache/hadoop/hadoop-mapreduce-client-core/3.3.5/hadoop-mapreduce-client-core-3.3.5.jar:/home/runner/.m2/repository/org/apache/avro/avro/1.7.7/avro-1.7.7.jar:/home/runner/.m2/repository/com/thoughtworks/paranamer/paranamer/2.3/paranamer-2.3.jar:/home/runner/.m2/repository/org/apache/hadoop/hadoop-annotations/3.3.5/hadoop-annotations-3.3.5.jar:/usr/lib/jvm/temurin-8-jdk-amd64/jre/../lib/tools.jar:/home/runner/.m2/repository/io/netty/netty/3.10.6.Final/netty-3.10.6.Final.jar:/home/runner/.m2/repository/org/apache/hadoop/hadoop-distcp/3.3.5/hadoop-distcp-3.3.5-tests.jar:/home/runner/.m2/repository/org/slf4j/jul-to-slf4j/1.7.36/jul-to-slf4j-1.7.36.jar:"/>
    <property name="sun.cpu.endian" value="little"/>
    <property name="user.home" value="/home/runner"/>
    <property name="user.language" value="en"/>
    <property name="java.specification.vendor" value="Oracle Corporation"/>
    <property name="java.home" value="/usr/lib/jvm/temurin-8-jdk-amd64/jre"/>
    <property name="java.security.krb5.conf" value="/home/runner/work/ozone/ozone/hadoop-ozone/integration-test/target/test-classes/krb5.conf"/>
    <property name="basedir" value="/home/runner/work/ozone/ozone/hadoop-ozone/integration-test"/>
    <property name="file.separator" value="/"/>
    <property name="line.separator" value="&#10;"/>
    <property name="java.vm.specification.vendor" value="Oracle Corporation"/>
    <property name="java.specification.name" value="Java Platform API Specification"/>
    <property name="java.awt.graphicsenv" value="sun.awt.X11GraphicsEnvironment"/>
    <property name="skip.installnpx" value="true"/>
    <property name="surefire.real.class.path" value="/home/runner/work/ozone/ozone/hadoop-ozone/integration-test/target/surefire/surefirebooter3050995935350252100.jar:/home/runner/.m2/repository/org/jacoco/org.jacoco.agent/0.8.5/org.jacoco.agent-0.8.5-runtime.jar"/>
    <property name="hadoop.log.dir" value="/home/runner/work/ozone/ozone/hadoop-ozone/integration-test/target/log"/>
    <property name="sun.boot.class.path" value="/usr/lib/jvm/temurin-8-jdk-amd64/jre/lib/resources.jar:/usr/lib/jvm/temurin-8-jdk-amd64/jre/lib/rt.jar:/usr/lib/jvm/temurin-8-jdk-amd64/jre/lib/sunrsasign.jar:/usr/lib/jvm/temurin-8-jdk-amd64/jre/lib/jsse.jar:/usr/lib/jvm/temurin-8-jdk-amd64/jre/lib/jce.jar:/usr/lib/jvm/temurin-8-jdk-amd64/jre/lib/charsets.jar:/usr/lib/jvm/temurin-8-jdk-amd64/jre/lib/jfr.jar:/usr/lib/jvm/temurin-8-jdk-amd64/jre/classes"/>
    <property name="sun.management.compiler" value="HotSpot 64-Bit Tiered Compilers"/>
    <property name="skip.npx" value="true"/>
    <property name="java.runtime.version" value="1.8.0_362-b09"/>
    <property name="java.net.preferIPv4Stack" value="true"/>
    <property name="user.name" value="runner"/>
    <property name="path.separator" value=":"/>
    <property name="java.security.egd" value="file:///dev/urandom"/>
    <property name="os.version" value="5.15.0-1035-azure"/>
    <property name="java.endorsed.dirs" value="/usr/lib/jvm/temurin-8-jdk-amd64/jre/lib/endorsed"/>
    <property name="java.runtime.name" value="OpenJDK Runtime Environment"/>
    <property name="file.encoding" value="UTF-8"/>
    <property name="java.vm.name" value="OpenJDK 64-Bit Server VM"/>
    <property name="test.build.webapps" value=""/>
    <property name="localRepository" value="/home/runner/.m2/repository"/>
    <property name="jetty.git.hash" value="4231a3b2e4cb8548a412a789936d640a97b1aa0a"/>
    <property name="java.vendor.url.bug" value="https://github.com/adoptium/adoptium-support/issues"/>
    <property name="java.io.tmpdir" value="/tmp"/>
    <property name="require.test.libhadoop" value=""/>
    <property name="java.version" value="1.8.0_362"/>
    <property name="user.dir" value="/home/runner/work/ozone/ozone/hadoop-ozone/integration-test"/>
    <property name="os.arch" value="amd64"/>
    <property name="java.vm.specification.name" value="Java Virtual Machine Specification"/>
    <property name="test.build.classes" value="/home/runner/work/ozone/ozone/hadoop-ozone/integration-test/target/test-classes"/>
    <property name="java.awt.printerjob" value="sun.print.PSPrinterJob"/>
    <property name="sun.os.patch.level" value="unknown"/>
    <property name="org.apache.ratis.thirdparty.io.netty.allocator.useCacheForAllThreads" value="false"/>
    <property name="hadoop.tmp.dir" value="/home/runner/work/ozone/ozone/hadoop-ozone/integration-test/target/tmp"/>
    <property name="java.library.path" value="/usr/java/packages/lib/amd64:/usr/lib64:/lib64:/lib:/usr/lib"/>
    <property name="java.vm.info" value="mixed mode"/>
    <property name="java.vendor" value="Temurin"/>
    <property name="java.vm.version" value="25.362-b09"/>
    <property name="java.specification.maintenance.version" value="4"/>
    <property name="java.ext.dirs" value="/usr/lib/jvm/temurin-8-jdk-amd64/jre/lib/ext:/usr/java/packages/lib/ext"/>
    <property name="sun.io.unicode.encoding" value="UnicodeLittle"/>
    <property name="java.class.version" value="52.0"/>
  </properties>
  <testcase name="testGetTrashRoot" classname="TestOzoneFileSystem" time="22.005">
    <system-out><![CDATA[2023-04-11 17:16:25,665 [main] WARN  server.ServerUtils (ServerUtils.java:getScmDbDir(148)) - ozone.scm.db.dirs is not configured. We recommend adding this setting. Falling back to ozone.metadata.dirs instead.
2023-04-11 17:16:25,762 [main] WARN  server.ServerUtils (ServerUtils.java:getScmDbDir(148)) - ozone.scm.db.dirs is not configured. We recommend adding this setting. Falling back to ozone.metadata.dirs instead.
2023-04-11 17:16:25,766 [main] INFO  ha.SCMHANodeDetails (SCMHANodeDetails.java:loadSCMHAConfig(209)) - ServiceID for StorageContainerManager is null
2023-04-11 17:16:25,780 [main] WARN  ha.SCMHANodeDetails (SCMHANodeDetails.java:validateSCMHAConfig(182)) - Invalid config ozone.scm.ratis.enable. The config was not specified, but the default value true conflicts with the expected config value false. Falling back to the expected value. Current State of SCM: SCM is running in Non-HA without Ratis Ratis SCM -> Non Ratis SCM or Non HA SCM -> HA SCM is not supported
2023-04-11 17:16:25,780 [main] INFO  ha.SCMHANodeDetails (SCMHANodeDetails.java:loadSCMHAConfig(214)) - ozone.scm.default.service.id is not defined, falling back to ozone.scm.service.ids to find serviceID for StorageContainerManager if it is HA enabled cluster
2023-04-11 17:16:26,457 [main] WARN  utils.HAUtils (HAUtils.java:getMetaDir(342)) - ozone.scm.db.dirs is not configured. We recommend adding this setting. Falling back to ozone.metadata.dirs instead.
2023-04-11 17:16:26,620 [main] WARN  db.DBStoreBuilder (DBStoreBuilder.java:applyDBDefinition(182)) - ozone.scm.db.dirs is not configured. We recommend adding this setting. Falling back to ozone.metadata.dirs instead.
2023-04-11 17:16:26,838 [main] INFO  net.NodeSchemaLoader (NodeSchemaLoader.java:loadSchemaFromFile(129)) - Loading schema from [jar:file:/home/runner/.m2/repository/org/apache/ozone/hdds-common/1.4.0-SNAPSHOT/hdds-common-1.4.0-SNAPSHOT.jar!/network-topology-default.xml]
2023-04-11 17:16:26,840 [main] INFO  net.NodeSchemaLoader (NodeSchemaLoader.java:loadSchema(176)) - Loading network topology layer schema file
2023-04-11 17:16:26,882 [main] INFO  metrics.MetricRegistries (MetricRegistriesLoader.java:load(64)) - Loaded MetricRegistries class org.apache.ratis.metrics.impl.MetricRegistriesImpl
2023-04-11 17:16:26,887 [main] INFO  upgrade.AbstractLayoutVersionManager (AbstractLayoutVersionManager.java:init(83)) - Initializing Layout version manager with metadata layout = WEBUI_PORTS_IN_DATANODEDETAILS (version = 6), software layout = WEBUI_PORTS_IN_DATANODEDETAILS (version = 6)
2023-04-11 17:16:27,087 [main] INFO  reflections.Reflections (Reflections.java:scan(232)) - Reflections took 135 ms to scan 7 urls, producing 156 keys and 369 values 
2023-04-11 17:16:27,194 [main] INFO  ha.SequenceIdGenerator (SequenceIdGenerator.java:upgradeToSequenceId(349)) - upgrade localId to 111677748019200000
2023-04-11 17:16:27,195 [main] INFO  ha.SequenceIdGenerator (SequenceIdGenerator.java:upgradeToSequenceId(359)) - upgrade delTxnId to 0
2023-04-11 17:16:27,198 [main] INFO  ha.SequenceIdGenerator (SequenceIdGenerator.java:upgradeToSequenceId(376)) - upgrade containerId to 0
2023-04-11 17:16:27,200 [main] INFO  ha.SequenceIdGenerator (SequenceIdGenerator.java:<init>(220)) - Init the HA SequenceIdGenerator.
2023-04-11 17:16:27,273 [main] WARN  server.ServerUtils (ServerUtils.java:sanitizeUserArgs(73)) - ozone.scm.stale.node.interval value = 300000 is larger than max = 100000 based on the key value of ozone.scm.heartbeat.thread.interval, reset to the max value 100000.
2023-04-11 17:16:27,274 [main] WARN  server.ServerUtils (ServerUtils.java:sanitizeUserArgs(73)) - ozone.scm.stale.node.interval value = 300000 is larger than max = 100000 based on the key value of ozone.scm.heartbeat.thread.interval, reset to the max value 100000.
2023-04-11 17:16:27,281 [main] INFO  node.SCMNodeManager (SCMNodeManager.java:<init>(156)) - Entering startup safe mode.
2023-04-11 17:16:27,301 [main] INFO  algorithms.ContainerPlacementPolicyFactory (ContainerPlacementPolicyFactory.java:getPolicyInternal(86)) - Create container placement policy of type org.apache.hadoop.hdds.scm.container.placement.algorithms.SCMContainerPlacementRandom
2023-04-11 17:16:27,304 [main] INFO  algorithms.ContainerPlacementPolicyFactory (ContainerPlacementPolicyFactory.java:getPolicyInternal(86)) - Create container placement policy of type org.apache.hadoop.hdds.scm.container.placement.algorithms.SCMContainerPlacementRackScatter
2023-04-11 17:16:27,314 [main] INFO  pipeline.PipelineStateManagerImpl (PipelineStateManagerImpl.java:initialize(78)) - No pipeline exists in current db
2023-04-11 17:16:27,355 [main] INFO  algorithms.LeaderChoosePolicyFactory (LeaderChoosePolicyFactory.java:getPolicy(57)) - Create leader choose policy of type org.apache.hadoop.hdds.scm.pipeline.leader.choose.algorithms.MinLeaderCountChoosePolicy
2023-04-11 17:16:27,355 [main] INFO  algorithms.ContainerPlacementPolicyFactory (ContainerPlacementPolicyFactory.java:getPolicyInternal(86)) - Create container placement policy of type org.apache.hadoop.hdds.scm.container.placement.algorithms.SCMContainerPlacementRackScatter
2023-04-11 17:16:27,363 [main] INFO  ha.SCMServiceManager (SCMServiceManager.java:register(42)) - Registering service BackgroundPipelineCreator.
2023-04-11 17:16:27,364 [main] INFO  pipeline.BackgroundPipelineCreator (BackgroundPipelineCreator.java:start(124)) - Starting RatisPipelineUtilsThread.
2023-04-11 17:16:27,371 [main] INFO  BackgroundPipelineScrubber (BackgroundSCMService.java:start(68)) - Starting BackgroundPipelineScrubber Service.
2023-04-11 17:16:27,372 [main] INFO  ha.SCMServiceManager (SCMServiceManager.java:register(42)) - Registering service BackgroundPipelineScrubber.
2023-04-11 17:16:27,379 [main] INFO  ExpiredContainerReplicaOpScrubber (BackgroundSCMService.java:start(68)) - Starting ExpiredContainerReplicaOpScrubber Service.
2023-04-11 17:16:27,382 [main] INFO  ha.SCMServiceManager (SCMServiceManager.java:register(42)) - Registering service ExpiredContainerReplicaOpScrubber.
2023-04-11 17:16:27,445 [main] INFO  algorithms.PipelineChoosePolicyFactory (PipelineChoosePolicyFactory.java:createPipelineChoosePolicyFromClass(73)) - Create pipeline choose policy of type org.apache.hadoop.hdds.scm.pipeline.choose.algorithms.RandomPipelineChoosePolicy
2023-04-11 17:16:27,469 [main] INFO  ha.SCMServiceManager (SCMServiceManager.java:register(42)) - Registering service SCMBlockDeletingService.
2023-04-11 17:16:27,540 [main] INFO  replication.ReplicationManager (ReplicationManager.java:start(288)) - Starting Replication Monitor Thread.
2023-04-11 17:16:27,549 [main] INFO  ha.SCMServiceManager (SCMServiceManager.java:register(42)) - Registering service ReplicationManager.
2023-04-11 17:16:27,552 [ReplicationMonitor] INFO  replication.ReplicationManager (ReplicationManager.java:processAll(363)) - Replication Manager is not ready to run until 3000ms after safemode exit
2023-04-11 17:16:27,567 [main] INFO  safemode.ContainerSafeModeRule (ContainerSafeModeRule.java:<init>(89)) - containers with one replica threshold count 0
2023-04-11 17:16:27,572 [main] INFO  safemode.HealthyPipelineSafeModeRule (HealthyPipelineSafeModeRule.java:initializeRule(169)) - Total pipeline count is 0, healthy pipeline threshold count is 1
2023-04-11 17:16:27,575 [main] INFO  safemode.OneReplicaPipelineSafeModeRule (OneReplicaPipelineSafeModeRule.java:initializeRule(180)) - Total pipeline count is 0, pipeline's with at least one datanode reported threshold count is 0
2023-04-11 17:16:27,623 [main] INFO  server.StorageContainerManager (StorageContainerManager.java:<init>(398)) - SCM start with adminUsers: [runner]
2023-04-11 17:16:27,902 [main] INFO  audit.AuditLogger (AuditLogger.java:refreshDebugCmdSet(126)) - Refresh DebugCmdSet for SCMAudit to [].
2023-04-11 17:16:27,938 [main] INFO  ipc.CallQueueManager (CallQueueManager.java:<init>(90)) - Using callQueue: class java.util.concurrent.LinkedBlockingQueue, queueCapacity: 2000, scheduler: class org.apache.hadoop.ipc.DefaultRpcScheduler, ipcBackoff: false.
2023-04-11 17:16:27,982 [Socket Reader #1 for port 0] INFO  ipc.Server (Server.java:run(1319)) - Starting Socket Reader #1 for port 0
2023-04-11 17:16:28,071 [Listener at 0.0.0.0/42271] INFO  audit.AuditLogger (AuditLogger.java:refreshDebugCmdSet(126)) - Refresh DebugCmdSet for SCMAudit to [].
2023-04-11 17:16:28,151 [Listener at 0.0.0.0/42271] INFO  ipc.CallQueueManager (CallQueueManager.java:<init>(90)) - Using callQueue: class java.util.concurrent.LinkedBlockingQueue, queueCapacity: 2000, scheduler: class org.apache.hadoop.ipc.DefaultRpcScheduler, ipcBackoff: false.
2023-04-11 17:16:28,152 [Socket Reader #1 for port 0] INFO  ipc.Server (Server.java:run(1319)) - Starting Socket Reader #1 for port 0
2023-04-11 17:16:28,183 [Listener at 0.0.0.0/39109] INFO  audit.AuditLogger (AuditLogger.java:refreshDebugCmdSet(126)) - Refresh DebugCmdSet for SCMAudit to [].
2023-04-11 17:16:28,195 [Listener at 0.0.0.0/39109] INFO  ipc.CallQueueManager (CallQueueManager.java:<init>(90)) - Using callQueue: class java.util.concurrent.LinkedBlockingQueue, queueCapacity: 2000, scheduler: class org.apache.hadoop.ipc.DefaultRpcScheduler, ipcBackoff: false.
2023-04-11 17:16:28,196 [Socket Reader #1 for port 0] INFO  ipc.Server (Server.java:run(1319)) - Starting Socket Reader #1 for port 0
2023-04-11 17:16:28,257 [Listener at 0.0.0.0/33207] INFO  ha.SCMServiceManager (SCMServiceManager.java:register(42)) - Registering service ContainerBalancer.
2023-04-11 17:16:28,258 [Listener at 0.0.0.0/33207] INFO  server.StorageContainerManager (StorageContainerManager.java:<init>(415)) - 
Container Balancer status:
Key                            Value
Running                        false
Container Balancer Configuration values:
Key                                                Value
Threshold                                          10
Max Datanodes to Involve per Iteration(percent)    20
Max Size to Move per Iteration                     500GB
Max Size Entering Target per Iteration             26GB
Max Size Leaving Source per Iteration              26GB

2023-04-11 17:16:28,258 [Listener at 0.0.0.0/33207] INFO  ha.SCMContext (SCMContext.java:updateSafeModeStatus(228)) - Update SafeModeStatus from SafeModeStatus{safeModeStatus=true, preCheckPassed=false} to SafeModeStatus{safeModeStatus=true, preCheckPassed=false}.
2023-04-11 17:16:28,271 [Listener at 0.0.0.0/33207] INFO  server.StorageContainerManager (StorageContainerManager.java:start(1453)) - StorageContainerLocationProtocol RPC server is listening at /0.0.0.0:33207
2023-04-11 17:16:28,342 [Listener at 0.0.0.0/33207] WARN  impl.MetricsConfig (MetricsConfig.java:loadFirst(136)) - Cannot locate configuration: tried hadoop-metrics2-storagecontainermanager.properties,hadoop-metrics2.properties
2023-04-11 17:16:28,355 [Listener at 0.0.0.0/33207] INFO  impl.MetricsSystemImpl (MetricsSystemImpl.java:startTimer(378)) - Scheduled Metric snapshot period at 10 second(s).
2023-04-11 17:16:28,355 [Listener at 0.0.0.0/33207] INFO  impl.MetricsSystemImpl (MetricsSystemImpl.java:start(191)) - StorageContainerManager metrics system started
2023-04-11 17:16:28,626 [Listener at 0.0.0.0/33207] INFO  server.SCMClientProtocolServer (SCMClientProtocolServer.java:start(197)) - RPC server for Client  is listening at /0.0.0.0:33207
2023-04-11 17:16:28,627 [IPC Server Responder] INFO  ipc.Server (Server.java:run(1558)) - IPC Server Responder: starting
2023-04-11 17:16:28,629 [IPC Server listener on 0] INFO  ipc.Server (Server.java:run(1398)) - IPC Server listener on 0: starting
2023-04-11 17:16:28,633 [Listener at 0.0.0.0/33207] INFO  server.StorageContainerManager (StorageContainerManager.java:start(1467)) - ScmBlockLocationProtocol RPC server is listening at /0.0.0.0:39109
2023-04-11 17:16:28,634 [Listener at 0.0.0.0/33207] INFO  server.SCMBlockProtocolServer (SCMBlockProtocolServer.java:start(152)) - RPC server for Block Protocol is listening at /0.0.0.0:39109
2023-04-11 17:16:28,635 [IPC Server Responder] INFO  ipc.Server (Server.java:run(1558)) - IPC Server Responder: starting
2023-04-11 17:16:28,635 [IPC Server listener on 0] INFO  ipc.Server (Server.java:run(1398)) - IPC Server listener on 0: starting
2023-04-11 17:16:28,646 [Listener at 0.0.0.0/33207] INFO  server.SCMDatanodeProtocolServer (SCMDatanodeProtocolServer.java:start(193)) - ScmDatanodeProtocol RPC server for DataNodes is listening at /0.0.0.0:42271
2023-04-11 17:16:28,648 [IPC Server Responder] INFO  ipc.Server (Server.java:run(1558)) - IPC Server Responder: starting
2023-04-11 17:16:28,649 [IPC Server listener on 0] INFO  ipc.Server (Server.java:run(1398)) - IPC Server listener on 0: starting
2023-04-11 17:16:28,707 [org.apache.hadoop.util.JvmPauseMonitor$Monitor@33ce081a] INFO  util.JvmPauseMonitor (JvmPauseMonitor.java:run(188)) - Starting JVM pause monitor
2023-04-11 17:16:28,712 [Listener at 0.0.0.0/33207] INFO  http.BaseHttpServer (BaseHttpServer.java:newHttpServer2BuilderForOzone(224)) - Starting Web-server for scm at: http://0.0.0.0:0
2023-04-11 17:16:28,713 [Listener at 0.0.0.0/33207] INFO  http.BaseHttpServer (BaseHttpServer.java:<init>(111)) - Hadoop Security Enabled: false Ozone Security Enabled: false Ozone HTTP Security Enabled: false 
2023-04-11 17:16:28,744 [Listener at 0.0.0.0/33207] INFO  util.log (Log.java:initialized(170)) - Logging initialized @4789ms to org.eclipse.jetty.util.log.Slf4jLog
2023-04-11 17:16:28,851 [Listener at 0.0.0.0/33207] WARN  server.AuthenticationFilter (AuthenticationFilter.java:constructSecretProvider(240)) - Unable to initialize FileSignerSecretProvider, falling back to use random secrets. Reason: Could not read signature secret file: /home/runner/hadoop-http-auth-signature-secret
2023-04-11 17:16:28,863 [Listener at 0.0.0.0/33207] WARN  http.HttpRequestLog (HttpRequestLog.java:getRequestLog(103)) - Jetty request log can only be enabled using Log4j
2023-04-11 17:16:28,877 [Listener at 0.0.0.0/33207] INFO  http.HttpServer2 (HttpServer2.java:addGlobalFilter(1031)) - Added global filter 'safety' (class=org.apache.hadoop.hdds.server.http.HttpServer2$QuotingInputFilter)
2023-04-11 17:16:28,880 [Listener at 0.0.0.0/33207] INFO  http.HttpServer2 (HttpServer2.java:addFilter(1007)) - Added filter static_user_filter (class=org.apache.hadoop.http.lib.StaticUserWebFilter$StaticUserFilter) to context scm
2023-04-11 17:16:28,881 [Listener at 0.0.0.0/33207] INFO  http.HttpServer2 (HttpServer2.java:addFilter(1015)) - Added filter static_user_filter (class=org.apache.hadoop.http.lib.StaticUserWebFilter$StaticUserFilter) to context static
2023-04-11 17:16:28,881 [Listener at 0.0.0.0/33207] INFO  http.HttpServer2 (HttpServer2.java:addFilter(1015)) - Added filter static_user_filter (class=org.apache.hadoop.http.lib.StaticUserWebFilter$StaticUserFilter) to context logs
2023-04-11 17:16:28,923 [Listener at 0.0.0.0/33207] INFO  http.BaseHttpServer (BaseHttpServer.java:<init>(190)) - HTTP server of scm uses base directory /home/runner/work/ozone/ozone/hadoop-ozone/integration-test/target/test-dir/MiniOzoneClusterImpl-c6c5b2ab-f103-43fd-a9c8-44793663f5fe/ozone-meta/webserver
2023-04-11 17:16:28,924 [Listener at 0.0.0.0/33207] INFO  http.HttpServer2 (HttpServer2.java:bindListener(1250)) - Jetty bound to port 37479
2023-04-11 17:16:28,926 [Listener at 0.0.0.0/33207] INFO  server.Server (Server.java:doStart(375)) - jetty-9.4.49.v20220914; built: 2022-09-14T01:07:36.601Z; git: 4231a3b2e4cb8548a412a789936d640a97b1aa0a; jvm 1.8.0_362-b09
2023-04-11 17:16:28,963 [Listener at 0.0.0.0/33207] INFO  server.session (DefaultSessionIdManager.java:doStart(334)) - DefaultSessionIdManager workerName=node0
2023-04-11 17:16:28,964 [Listener at 0.0.0.0/33207] INFO  server.session (DefaultSessionIdManager.java:doStart(339)) - No SessionScavenger set, using defaults
2023-04-11 17:16:28,967 [Listener at 0.0.0.0/33207] INFO  server.session (HouseKeeper.java:startScavenging(132)) - node0 Scavenging every 660000ms
2023-04-11 17:16:28,981 [Listener at 0.0.0.0/33207] INFO  handler.ContextHandler (ContextHandler.java:doStart(921)) - Started o.e.j.s.ServletContextHandler@1acd2a14{logs,/logs,file:///home/runner/work/ozone/ozone/hadoop-ozone/integration-test/target/log,AVAILABLE}
2023-04-11 17:16:28,981 [Listener at 0.0.0.0/33207] INFO  handler.ContextHandler (ContextHandler.java:doStart(921)) - Started o.e.j.s.ServletContextHandler@18c95fbb{static,/static,file:///home/runner/work/ozone/ozone/hadoop-ozone/integration-test/target/test-classes/webapps/static,AVAILABLE}
2023-04-11 17:16:29,026 [Listener at 0.0.0.0/33207] INFO  handler.ContextHandler (ContextHandler.java:doStart(921)) - Started o.e.j.w.WebAppContext@22f1a340{scm,/,file:///home/runner/work/ozone/ozone/hadoop-ozone/integration-test/target/test-classes/webapps/scm/,AVAILABLE}{file:/home/runner/work/ozone/ozone/hadoop-ozone/integration-test/target/test-classes/webapps/scm}
2023-04-11 17:16:29,035 [Listener at 0.0.0.0/33207] INFO  server.AbstractConnector (AbstractConnector.java:doStart(333)) - Started ServerConnector@7fb313e3{HTTP/1.1, (http/1.1)}{0.0.0.0:37479}
2023-04-11 17:16:29,035 [Listener at 0.0.0.0/33207] INFO  server.Server (Server.java:doStart(415)) - Started @5081ms
2023-04-11 17:16:29,038 [Listener at 0.0.0.0/33207] INFO  impl.MetricsSinkAdapter (MetricsSinkAdapter.java:start(204)) - Sink prometheus started
2023-04-11 17:16:29,038 [Listener at 0.0.0.0/33207] INFO  impl.MetricsSystemImpl (MetricsSystemImpl.java:registerSink(305)) - Registered sink prometheus
2023-04-11 17:16:29,039 [Listener at 0.0.0.0/33207] INFO  http.BaseHttpServer (BaseHttpServer.java:updateConnectorAddress(344)) - HTTP server of scm listening at http://0.0.0.0:37479
2023-04-11 17:16:29,041 [Listener at 0.0.0.0/33207] WARN  server.ServerUtils (ServerUtils.java:getDBPath(225)) - ozone.om.db.dirs is not configured. We recommend adding this setting. Falling back to ozone.metadata.dirs instead.
2023-04-11 17:16:29,104 [Listener at 0.0.0.0/33207] INFO  audit.AuditLogger (AuditLogger.java:refreshDebugCmdSet(126)) - Refresh DebugCmdSet for OMAudit to [].
2023-04-11 17:16:29,190 [Listener at 0.0.0.0/33207] INFO  ha.OMHANodeDetails (OMHANodeDetails.java:loadOMHAConfig(115)) - ozone.om.internal.service.id is not defined, falling back to ozone.om.service.ids to find serviceID for OzoneManager if it is HA enabled cluster
2023-04-11 17:16:29,194 [Listener at 0.0.0.0/33207] INFO  ha.OMHANodeDetails (OMHANodeDetails.java:loadOMHAConfig(226)) - Configuration does not have ozone.om.address set. Falling back to the default OM address /127.0.0.1:0
2023-04-11 17:16:29,194 [Listener at 0.0.0.0/33207] INFO  ha.OMHANodeDetails (OMHANodeDetails.java:getOMNodeDetailsForNonHA(254)) - OM Service ID is not set. Setting it to the default ID: omServiceIdDefault
2023-04-11 17:16:29,194 [Listener at 0.0.0.0/33207] INFO  ha.OMHANodeDetails (OMHANodeDetails.java:getOMNodeDetailsForNonHA(261)) - OM Node ID is not set. Setting it to the default ID: om1
2023-04-11 17:16:29,198 [Listener at 0.0.0.0/33207] WARN  server.ServerUtils (ServerUtils.java:getDBPath(225)) - ozone.om.db.dirs is not configured. We recommend adding this setting. Falling back to ozone.metadata.dirs instead.
2023-04-11 17:16:29,201 [Listener at 0.0.0.0/33207] INFO  upgrade.AbstractLayoutVersionManager (AbstractLayoutVersionManager.java:init(83)) - Initializing Layout version manager with metadata layout = MULTITENANCY_SCHEMA (version = 3), software layout = MULTITENANCY_SCHEMA (version = 3)
2023-04-11 17:16:29,284 [Listener at 0.0.0.0/33207] INFO  reflections.Reflections (Reflections.java:scan(232)) - Reflections took 77 ms to scan 2 urls, producing 171 keys and 471 values [using 2 cores]
2023-04-11 17:16:29,290 [Listener at 0.0.0.0/33207] INFO  upgrade.OMLayoutVersionManager (OMLayoutVersionManager.java:lambda$0(115)) - Skipping Upgrade Action MockOmUpgradeAction since it has been finalized.
2023-04-11 17:16:29,291 [Listener at 0.0.0.0/33207] WARN  server.ServerUtils (ServerUtils.java:getDBPath(225)) - ozone.om.db.dirs is not configured. We recommend adding this setting. Falling back to ozone.metadata.dirs instead.
2023-04-11 17:16:29,455 [Listener at 0.0.0.0/33207] INFO  proxy.SCMBlockLocationFailoverProxyProvider (SCMBlockLocationFailoverProxyProvider.java:<init>(114)) - Created block location fail-over proxy with 1 nodes: [nodeId=scmNodeId,nodeAddress=/0.0.0.0:39109]
2023-04-11 17:16:29,491 [Listener at 0.0.0.0/33207] INFO  proxy.SCMBlockLocationFailoverProxyProvider (SCMBlockLocationFailoverProxyProvider.java:<init>(114)) - Created block location fail-over proxy with 1 nodes: [nodeId=scmNodeId,nodeAddress=/0.0.0.0:39109]
2023-04-11 17:16:29,767 [Listener at 0.0.0.0/33207] INFO  om.OzoneManager (OzoneManager.java:<init>(627)) - OM start with adminUsers: [runner]
2023-04-11 17:16:29,780 [Listener at 0.0.0.0/33207] WARN  server.ServerUtils (ServerUtils.java:getDBPath(225)) - ozone.om.db.dirs is not configured. We recommend adding this setting. Falling back to ozone.metadata.dirs instead.
2023-04-11 17:16:29,788 [Listener at 0.0.0.0/33207] INFO  codec.OmKeyInfoCodec (OmKeyInfoCodec.java:<init>(49)) - OmKeyInfoCodec ignorePipeline = true
2023-04-11 17:16:29,789 [Listener at 0.0.0.0/33207] INFO  codec.RepeatedOmKeyInfoCodec (RepeatedOmKeyInfoCodec.java:<init>(41)) - RepeatedOmKeyInfoCodec ignorePipeline = true
2023-04-11 17:16:30,050 [Listener at 0.0.0.0/33207] INFO  om.OzoneManager (OzoneManager.java:instantiateServices(757)) - S3 Multi-Tenancy is disabled
2023-04-11 17:16:30,088 [Listener at 0.0.0.0/33207] WARN  server.ServerUtils (ServerUtils.java:getDBPath(225)) - ozone.om.snapshot.diff.db.dir is not configured. We recommend adding this setting. Falling back to ozone.metadata.dirs instead.
2023-04-11 17:16:30,208 [Listener at 0.0.0.0/33207] INFO  om.OzoneManager (OzoneManager.java:addS3GVolumeToDB(4257)) - Created Volume s3v With Owner runner required for S3Gateway operations.
2023-04-11 17:16:30,273 [Listener at 0.0.0.0/33207] WARN  server.ServerUtils (ServerUtils.java:getDefaultRatisDirectory(237)) - Storage directory for Ratis is not configured. It is a good idea to map this to an SSD disk. Falling back to ozone.metadata.dirs
2023-04-11 17:16:30,274 [Listener at 0.0.0.0/33207] WARN  utils.OzoneManagerRatisUtils (OzoneManagerRatisUtils.java:getOMRatisSnapshotDirectory(446)) - ozone.om.ratis.snapshot.dir is not configured. Falling back to ozone.metadata.dirs config
2023-04-11 17:16:30,292 [Listener at 0.0.0.0/33207] WARN  server.ServerUtils (ServerUtils.java:getDefaultRatisDirectory(237)) - Storage directory for Ratis is not configured. It is a good idea to map this to an SSD disk. Falling back to ozone.metadata.dirs
2023-04-11 17:16:30,327 [Listener at 0.0.0.0/33207] INFO  ratis.OzoneManagerRatisServer (OzoneManagerRatisServer.java:<init>(163)) - Instantiating OM Ratis server with groupID: omServiceIdDefault and peers: localhost:9872
2023-04-11 17:16:30,335 [Listener at 0.0.0.0/33207] INFO  ratis.OzoneManagerStateMachine (OzoneManagerStateMachine.java:loadSnapshotInfoFromDB(644)) - LastAppliedIndex is set from TransactionInfo from OM DB as (t:0, i:~)
2023-04-11 17:16:30,387 [Listener at 0.0.0.0/33207] INFO  server.RaftServer (ConfUtils.java:logGet(46)) - raft.rpc.type = GRPC (default)
2023-04-11 17:16:30,468 [Listener at 0.0.0.0/33207] INFO  grpc.GrpcConfigKeys (ConfUtils.java:logFallback(53)) - raft.grpc.admin.host = null (fallback to raft.grpc.server.host)
2023-04-11 17:16:30,470 [Listener at 0.0.0.0/33207] INFO  grpc.GrpcConfigKeys (ConfUtils.java:logFallback(53)) - raft.grpc.admin.port = 9872 (fallback to raft.grpc.server.port)
2023-04-11 17:16:30,470 [Listener at 0.0.0.0/33207] INFO  grpc.GrpcConfigKeys (ConfUtils.java:logFallback(53)) - raft.grpc.client.host = null (fallback to raft.grpc.server.host)
2023-04-11 17:16:30,471 [Listener at 0.0.0.0/33207] INFO  grpc.GrpcConfigKeys (ConfUtils.java:logFallback(53)) - raft.grpc.client.port = 9872 (fallback to raft.grpc.server.port)
2023-04-11 17:16:30,471 [Listener at 0.0.0.0/33207] INFO  grpc.GrpcConfigKeys (ConfUtils.java:logGet(46)) - raft.grpc.server.host = null (default)
2023-04-11 17:16:30,471 [Listener at 0.0.0.0/33207] INFO  grpc.GrpcConfigKeys (ConfUtils.java:logGet(46)) - raft.grpc.server.port = 9872 (custom)
2023-04-11 17:16:30,472 [Listener at 0.0.0.0/33207] INFO  server.GrpcService (ConfUtils.java:logGet(46)) - raft.grpc.message.size.max = 33554432 (custom)
2023-04-11 17:16:30,474 [Listener at 0.0.0.0/33207] INFO  server.RaftServerConfigKeys (ConfUtils.java:logGet(46)) - raft.server.log.appender.buffer.byte-limit = 33554432 (custom)
2023-04-11 17:16:30,474 [Listener at 0.0.0.0/33207] INFO  server.GrpcService (ConfUtils.java:logGet(46)) - raft.grpc.flow.control.window = 1MB (=1048576) (default)
2023-04-11 17:16:30,475 [Listener at 0.0.0.0/33207] INFO  server.RaftServerConfigKeys (ConfUtils.java:logGet(46)) - raft.server.rpc.request.timeout = 3000ms (default)
2023-04-11 17:16:30,489 [Listener at 0.0.0.0/33207] INFO  grpc.GrpcConfigKeys (ConfUtils.java:logGet(46)) - raft.grpc.server.heartbeat.channel = true (default)
2023-04-11 17:16:30,492 [Listener at 0.0.0.0/33207] INFO  grpc.GrpcConfigKeys (ConfUtils.java:logGet(46)) - raft.grpc.server.async.request.thread.pool.cached = true (default)
2023-04-11 17:16:30,492 [Listener at 0.0.0.0/33207] INFO  grpc.GrpcConfigKeys (ConfUtils.java:logGet(46)) - raft.grpc.server.async.request.thread.pool.size = 32 (default)
2023-04-11 17:16:30,746 [Listener at 0.0.0.0/33207] INFO  impl.DataStreamServerImpl (ConfUtils.java:logGet(46)) - raft.datastream.type = DISABLED (default)
2023-04-11 17:16:30,750 [Listener at 0.0.0.0/33207] INFO  server.RaftServerConfigKeys (ConfUtils.java:logGet(46)) - raft.server.threadpool.proxy.cached = true (default)
2023-04-11 17:16:30,750 [Listener at 0.0.0.0/33207] INFO  server.RaftServerConfigKeys (ConfUtils.java:logGet(46)) - raft.server.threadpool.proxy.size = 0 (default)
2023-04-11 17:16:30,751 [Listener at 0.0.0.0/33207] INFO  server.RaftServerConfigKeys (ConfUtils.java:logGet(46)) - raft.server.rpc.slowness.timeout = 120s (custom)
2023-04-11 17:16:30,751 [Listener at 0.0.0.0/33207] INFO  server.RaftServerConfigKeys (ConfUtils.java:logGet(46)) - raft.server.leaderelection.leader.step-down.wait-time = 10s (default)
2023-04-11 17:16:30,754 [Listener at 0.0.0.0/33207] INFO  server.RaftServerConfigKeys (ConfUtils.java:logGet(46)) - raft.server.storage.dir = [/home/runner/work/ozone/ozone/hadoop-ozone/integration-test/target/test-dir/MiniOzoneClusterImpl-c6c5b2ab-f103-43fd-a9c8-44793663f5fe/ozone-meta/ratis] (custom)
2023-04-11 17:16:30,768 [Listener at 0.0.0.0/33207] INFO  server.RaftServer (RaftServerProxy.java:addNew(96)) - om1: addNew group-C5BA1605619E:[om1|rpc:localhost:9872|priority:0|startupRole:FOLLOWER] returns group-C5BA1605619E:java.util.concurrent.CompletableFuture@7370f35b[Not completed]
2023-04-11 17:16:30,768 [Listener at 0.0.0.0/33207] INFO  om.OzoneManager (OzoneManager.java:initializeRatisServer(2095)) - OzoneManager Ratis server initialized at port 9872
2023-04-11 17:16:30,779 [Listener at 0.0.0.0/33207] INFO  om.OzoneManager (OzoneManager.java:getRpcServer(1142)) - Creating RPC Server
2023-04-11 17:16:30,801 [pool-60-thread-1] INFO  server.RaftServer$Division (RaftServerImpl.java:<init>(195)) - om1: new RaftServerImpl for group-C5BA1605619E:[om1|rpc:localhost:9872|priority:0|startupRole:FOLLOWER] with OzoneManagerStateMachine:uninitialized
2023-04-11 17:16:30,808 [pool-60-thread-1] INFO  server.RaftServerConfigKeys (ConfUtils.java:logGet(46)) - raft.server.rpc.timeout.min = 1s (custom)
2023-04-11 17:16:30,809 [pool-60-thread-1] INFO  server.RaftServerConfigKeys (ConfUtils.java:logGet(46)) - raft.server.rpc.timeout.max = 1200ms (custom)
2023-04-11 17:16:30,809 [pool-60-thread-1] INFO  server.RaftServerConfigKeys (ConfUtils.java:logGet(46)) - raft.server.rpc.sleep.time = 25ms (default)
2023-04-11 17:16:30,809 [pool-60-thread-1] INFO  server.RaftServerConfigKeys (ConfUtils.java:logGet(46)) - raft.server.rpc.slowness.timeout = 120s (custom)
2023-04-11 17:16:30,809 [pool-60-thread-1] INFO  server.RaftServerConfigKeys (ConfUtils.java:logGet(46)) - raft.server.leaderelection.leader.step-down.wait-time = 10s (default)
2023-04-11 17:16:30,809 [pool-60-thread-1] INFO  server.RaftServerConfigKeys (ConfUtils.java:logGet(46)) - raft.server.sleep.deviation.threshold = 300ms (default)
2023-04-11 17:16:30,827 [pool-60-thread-1] INFO  server.RaftServer$Division (ServerState.java:<init>(118)) - om1@group-C5BA1605619E: ConfigurationManager, init=-1: peers:[om1|rpc:localhost:9872|priority:0|startupRole:FOLLOWER]|listeners:[], old=null, confs=<EMPTY_MAP>
2023-04-11 17:16:30,827 [pool-60-thread-1] INFO  server.RaftServerConfigKeys (ConfUtils.java:logGet(46)) - raft.server.storage.dir = [/home/runner/work/ozone/ozone/hadoop-ozone/integration-test/target/test-dir/MiniOzoneClusterImpl-c6c5b2ab-f103-43fd-a9c8-44793663f5fe/ozone-meta/ratis] (custom)
2023-04-11 17:16:30,834 [pool-60-thread-1] INFO  server.RaftServerConfigKeys (ConfUtils.java:logGet(46)) - raft.server.log.corruption.policy = EXCEPTION (default)
2023-04-11 17:16:30,835 [pool-60-thread-1] INFO  server.RaftServerConfigKeys (ConfUtils.java:logGet(46)) - raft.server.storage.free-space.min = 0MB (=0) (default)
2023-04-11 17:16:30,849 [pool-60-thread-1] INFO  server.RaftServerConfigKeys (ConfUtils.java:logGet(46)) - raft.server.notification.no-leader.timeout = 120s (custom)
2023-04-11 17:16:30,851 [pool-60-thread-1] INFO  server.RaftServerConfigKeys (ConfUtils.java:logGet(46)) - raft.server.retrycache.expirytime = 300s (custom)
2023-04-11 17:16:30,851 [pool-60-thread-1] INFO  server.RaftServerConfigKeys (ConfUtils.java:logGet(46)) - raft.server.retrycache.statistics.expirytime = 100μs (default)
2023-04-11 17:16:31,037 [pool-60-thread-1] INFO  server.RaftServerConfigKeys (ConfUtils.java:logGet(46)) - raft.server.log.appender.install.snapshot.enabled = false (custom)
2023-04-11 17:16:31,046 [pool-60-thread-1] INFO  server.RaftServerConfigKeys (ConfUtils.java:logGet(46)) - raft.server.threadpool.server.cached = true (default)
2023-04-11 17:16:31,047 [pool-60-thread-1] INFO  server.RaftServerConfigKeys (ConfUtils.java:logGet(46)) - raft.server.threadpool.server.size = 0 (default)
2023-04-11 17:16:31,048 [pool-60-thread-1] INFO  server.RaftServerConfigKeys (ConfUtils.java:logGet(46)) - raft.server.threadpool.client.cached = true (default)
2023-04-11 17:16:31,048 [pool-60-thread-1] INFO  server.RaftServerConfigKeys (ConfUtils.java:logGet(46)) - raft.server.threadpool.client.size = 0 (default)
2023-04-11 17:16:31,882 [Listener at 0.0.0.0/33207] INFO  reflections.Reflections (Reflections.java:scan(232)) - Reflections took 993 ms to scan 19 urls, producing 68 keys and 5031 values [using 2 cores]
2023-04-11 17:16:32,067 [Listener at 0.0.0.0/33207] INFO  ipc.CallQueueManager (CallQueueManager.java:<init>(90)) - Using callQueue: class java.util.concurrent.LinkedBlockingQueue, queueCapacity: 2000, scheduler: class org.apache.hadoop.ipc.DefaultRpcScheduler, ipcBackoff: false.
2023-04-11 17:16:32,068 [Socket Reader #1 for port 0] INFO  ipc.Server (Server.java:run(1319)) - Starting Socket Reader #1 for port 0
2023-04-11 17:16:32,120 [Listener at 127.0.0.1/41353] INFO  impl.MetricsSystemImpl (MetricsSystemImpl.java:init(158)) - OzoneManager metrics system started (again)
2023-04-11 17:16:32,141 [Listener at 127.0.0.1/41353] INFO  om.OzoneManager (OzoneManager.java:start(1563)) - OzoneManager RPC server is listening at localhost/127.0.0.1:41353
2023-04-11 17:16:32,141 [Listener at 127.0.0.1/41353] INFO  ratis.OzoneManagerRatisServer (OzoneManagerRatisServer.java:start(558)) - Starting OzoneManagerRatisServer om1 at port 9872
2023-04-11 17:16:32,144 [om1-impl-thread1] INFO  storage.RaftStorageDirectory (RaftStorageDirectoryImpl.java:analyzeStorage(137)) - The storage directory /home/runner/work/ozone/ozone/hadoop-ozone/integration-test/target/test-dir/MiniOzoneClusterImpl-c6c5b2ab-f103-43fd-a9c8-44793663f5fe/ozone-meta/ratis/bf265839-605b-3f16-9796-c5ba1605619e does not exist. Creating ...
2023-04-11 17:16:32,149 [om1-impl-thread1] INFO  storage.RaftStorageDirectory (RaftStorageDirectoryImpl.java:tryLock(231)) - Lock on /home/runner/work/ozone/ozone/hadoop-ozone/integration-test/target/test-dir/MiniOzoneClusterImpl-c6c5b2ab-f103-43fd-a9c8-44793663f5fe/ozone-meta/ratis/bf265839-605b-3f16-9796-c5ba1605619e/in_use.lock acquired by nodename 52175@fv-az377-102
2023-04-11 17:16:32,158 [om1-impl-thread1] INFO  storage.RaftStorage (RaftStorageImpl.java:format(96)) - Storage directory /home/runner/work/ozone/ozone/hadoop-ozone/integration-test/target/test-dir/MiniOzoneClusterImpl-c6c5b2ab-f103-43fd-a9c8-44793663f5fe/ozone-meta/ratis/bf265839-605b-3f16-9796-c5ba1605619e has been successfully formatted.
2023-04-11 17:16:32,160 [om1-impl-thread1] INFO  server.RaftServerConfigKeys (ConfUtils.java:logGet(46)) - raft.server.log.use.memory = false (default)
2023-04-11 17:16:32,167 [om1-impl-thread1] INFO  server.RaftServerConfigKeys (ConfUtils.java:logGet(46)) - raft.server.log.purge.gap = 1000000 (custom)
2023-04-11 17:16:32,167 [om1-impl-thread1] INFO  server.RaftServerConfigKeys (ConfUtils.java:logGet(46)) - raft.server.log.appender.buffer.byte-limit = 33554432 (custom)
2023-04-11 17:16:32,169 [om1-impl-thread1] INFO  server.RaftServerConfigKeys (ConfUtils.java:logGet(46)) - raft.server.log.statemachine.data.read.timeout = 1000ms (default)
2023-04-11 17:16:32,170 [om1-impl-thread1] INFO  server.RaftServerConfigKeys (ConfUtils.java:logGet(46)) - raft.server.log.purge.preservation.log.num = 0 (default)
2023-04-11 17:16:32,172 [om1-impl-thread1] INFO  server.RaftServerConfigKeys (ConfUtils.java:logGet(46)) - raft.server.log.segment.size.max = 4194304 (custom)
2023-04-11 17:16:32,178 [om1-impl-thread1] INFO  server.RaftServerConfigKeys (ConfUtils.java:logGet(46)) - raft.server.log.segment.cache.num.max = 2 (custom)
2023-04-11 17:16:32,179 [om1-impl-thread1] INFO  server.RaftServerConfigKeys (ConfUtils.java:logGet(46)) - raft.server.log.segment.cache.size.max = 200MB (=209715200) (default)
2023-04-11 17:16:32,184 [om1-impl-thread1] INFO  segmented.SegmentedRaftLogWorker (SegmentedRaftLogWorker.java:<init>(189)) - new om1@group-C5BA1605619E-SegmentedRaftLogWorker for RaftStorageImpl:Storage Directory /home/runner/work/ozone/ozone/hadoop-ozone/integration-test/target/test-dir/MiniOzoneClusterImpl-c6c5b2ab-f103-43fd-a9c8-44793663f5fe/ozone-meta/ratis/bf265839-605b-3f16-9796-c5ba1605619e
2023-04-11 17:16:32,185 [om1-impl-thread1] INFO  server.RaftServerConfigKeys (ConfUtils.java:logGet(46)) - raft.server.log.queue.byte-limit = 64MB (=67108864) (default)
2023-04-11 17:16:32,185 [om1-impl-thread1] INFO  server.RaftServerConfigKeys (ConfUtils.java:logGet(46)) - raft.server.log.queue.element-limit = 4096 (default)
2023-04-11 17:16:32,186 [om1-impl-thread1] INFO  server.RaftServerConfigKeys (ConfUtils.java:logGet(46)) - raft.server.log.segment.size.max = 4194304 (custom)
2023-04-11 17:16:32,186 [om1-impl-thread1] INFO  server.RaftServerConfigKeys (ConfUtils.java:logGet(46)) - raft.server.log.preallocated.size = 4194304 (custom)
2023-04-11 17:16:32,187 [om1-impl-thread1] INFO  server.RaftServerConfigKeys (ConfUtils.java:logGet(46)) - raft.server.log.force.sync.num = 128 (default)
2023-04-11 17:16:32,188 [om1-impl-thread1] INFO  server.RaftServerConfigKeys (ConfUtils.java:logGet(46)) - raft.server.log.statemachine.data.sync = true (default)
2023-04-11 17:16:32,188 [om1-impl-thread1] INFO  server.RaftServerConfigKeys (ConfUtils.java:logGet(46)) - raft.server.log.statemachine.data.sync.timeout = 10s (default)
2023-04-11 17:16:32,188 [om1-impl-thread1] INFO  server.RaftServerConfigKeys (ConfUtils.java:logGet(46)) - raft.server.log.statemachine.data.sync.timeout.retry = -1 (default)
2023-04-11 17:16:32,197 [om1-impl-thread1] INFO  server.RaftServerConfigKeys (ConfUtils.java:logGet(46)) - raft.server.log.write.buffer.size = 64KB (=65536) (default)
2023-04-11 17:16:32,198 [om1-impl-thread1] INFO  server.RaftServerConfigKeys (ConfUtils.java:logGet(46)) - raft.server.log.appender.buffer.byte-limit = 33554432 (custom)
2023-04-11 17:16:32,203 [om1-impl-thread1] INFO  server.RaftServerConfigKeys (ConfUtils.java:logGet(46)) - raft.server.log.unsafe-flush.enabled = false (default)
2023-04-11 17:16:32,204 [om1-impl-thread1] INFO  server.RaftServerConfigKeys (ConfUtils.java:logGet(46)) - raft.server.log.async-flush.enabled = false (default)
2023-04-11 17:16:32,204 [om1-impl-thread1] INFO  server.RaftServerConfigKeys (ConfUtils.java:logGet(46)) - raft.server.log.statemachine.data.caching.enabled = false (default)
2023-04-11 17:16:32,211 [om1-impl-thread1] INFO  segmented.SegmentedRaftLogWorker (SegmentedRaftLogWorker.java:lambda$new$0(135)) - om1@group-C5BA1605619E-SegmentedRaftLogWorker: flushIndex: setUnconditionally 0 -> -1
2023-04-11 17:16:32,211 [om1-impl-thread1] INFO  segmented.SegmentedRaftLogWorker (SegmentedRaftLogWorker.java:lambda$new$0(135)) - om1@group-C5BA1605619E-SegmentedRaftLogWorker: safeCacheEvictIndex: setUnconditionally 0 -> -1
2023-04-11 17:16:32,213 [om1-impl-thread1] INFO  server.RaftServer$Division (RaftServerImpl.java:start(334)) - om1@group-C5BA1605619E: start as a follower, conf=-1: peers:[om1|rpc:localhost:9872|priority:0|startupRole:FOLLOWER]|listeners:[], old=null
2023-04-11 17:16:32,213 [om1-impl-thread1] INFO  server.RaftServer$Division (RaftServerImpl.java:setRole(321)) - om1@group-C5BA1605619E: changes role from      null to FOLLOWER at term 0 for startAsFollower
2023-04-11 17:16:32,215 [om1-impl-thread1] INFO  impl.RoleInfo (RoleInfo.java:updateAndGet(139)) - om1: start om1@group-C5BA1605619E-FollowerState
2023-04-11 17:16:32,217 [om1-impl-thread1] INFO  util.JmxRegister (JmxRegister.java:tryRegister(44)) - Successfully registered JMX Bean with object name Ratis:service=RaftServer,group=group-C5BA1605619E,id=om1
2023-04-11 17:16:32,218 [om1-impl-thread1] INFO  server.RaftServerConfigKeys (ConfUtils.java:logGet(46)) - raft.server.snapshot.auto.trigger.enabled = true (custom)
2023-04-11 17:16:32,219 [om1-impl-thread1] INFO  server.RaftServerConfigKeys (ConfUtils.java:logGet(46)) - raft.server.snapshot.auto.trigger.threshold = 400000 (default)
2023-04-11 17:16:32,219 [om1@group-C5BA1605619E-FollowerState] INFO  server.RaftServerConfigKeys (ConfUtils.java:logFallback(53)) - raft.server.rpc.first-election.timeout.min = 1s (fallback to raft.server.rpc.timeout.min)
2023-04-11 17:16:32,219 [om1@group-C5BA1605619E-FollowerState] INFO  server.RaftServerConfigKeys (ConfUtils.java:logFallback(53)) - raft.server.rpc.first-election.timeout.max = 1200ms (fallback to raft.server.rpc.timeout.max)
2023-04-11 17:16:32,219 [om1-impl-thread1] INFO  server.RaftServerConfigKeys (ConfUtils.java:logGet(46)) - raft.server.snapshot.retention.file.num = -1 (default)
2023-04-11 17:16:32,220 [om1-impl-thread1] INFO  server.RaftServerConfigKeys (ConfUtils.java:logGet(46)) - raft.server.log.purge.upto.snapshot.index = true (custom)
2023-04-11 17:16:32,223 [Listener at 127.0.0.1/41353] INFO  server.RaftServer (RaftServerProxy.java:startImpl(393)) - om1: start RPC server
2023-04-11 17:16:32,268 [Listener at 127.0.0.1/41353] INFO  server.GrpcService (GrpcService.java:startImpl(262)) - om1: GrpcService started, listening on 9872
2023-04-11 17:16:32,272 [Listener at 127.0.0.1/41353] INFO  om.OzoneManager (OzoneManager.java:start(1579)) - Version File has different layout version (3) than OM DB (null). That is expected if this OM has never been finalized to a newer layout version.
2023-04-11 17:16:32,274 [JvmPauseMonitor0] INFO  util.JvmPauseMonitor (JvmPauseMonitor.java:run(105)) - JvmPauseMonitor-om1: Started
2023-04-11 17:16:32,298 [Listener at 127.0.0.1/41353] INFO  http.BaseHttpServer (BaseHttpServer.java:newHttpServer2BuilderForOzone(224)) - Starting Web-server for ozoneManager at: http://0.0.0.0:0
2023-04-11 17:16:32,298 [Listener at 127.0.0.1/41353] INFO  http.BaseHttpServer (BaseHttpServer.java:<init>(111)) - Hadoop Security Enabled: false Ozone Security Enabled: false Ozone HTTP Security Enabled: false 
2023-04-11 17:16:32,300 [Listener at 127.0.0.1/41353] WARN  server.AuthenticationFilter (AuthenticationFilter.java:constructSecretProvider(240)) - Unable to initialize FileSignerSecretProvider, falling back to use random secrets. Reason: Could not read signature secret file: /home/runner/hadoop-http-auth-signature-secret
2023-04-11 17:16:32,306 [Listener at 127.0.0.1/41353] WARN  http.HttpRequestLog (HttpRequestLog.java:getRequestLog(103)) - Jetty request log can only be enabled using Log4j
2023-04-11 17:16:32,307 [Listener at 127.0.0.1/41353] INFO  http.HttpServer2 (HttpServer2.java:addGlobalFilter(1031)) - Added global filter 'safety' (class=org.apache.hadoop.hdds.server.http.HttpServer2$QuotingInputFilter)
2023-04-11 17:16:32,309 [Listener at 127.0.0.1/41353] INFO  http.HttpServer2 (HttpServer2.java:addFilter(1007)) - Added filter static_user_filter (class=org.apache.hadoop.http.lib.StaticUserWebFilter$StaticUserFilter) to context ozoneManager
2023-04-11 17:16:32,309 [Listener at 127.0.0.1/41353] INFO  http.HttpServer2 (HttpServer2.java:addFilter(1015)) - Added filter static_user_filter (class=org.apache.hadoop.http.lib.StaticUserWebFilter$StaticUserFilter) to context logs
2023-04-11 17:16:32,309 [Listener at 127.0.0.1/41353] INFO  http.HttpServer2 (HttpServer2.java:addFilter(1015)) - Added filter static_user_filter (class=org.apache.hadoop.http.lib.StaticUserWebFilter$StaticUserFilter) to context static
2023-04-11 17:16:32,310 [Listener at 127.0.0.1/41353] INFO  http.BaseHttpServer (BaseHttpServer.java:<init>(190)) - HTTP server of ozoneManager uses base directory /home/runner/work/ozone/ozone/hadoop-ozone/integration-test/target/test-dir/MiniOzoneClusterImpl-c6c5b2ab-f103-43fd-a9c8-44793663f5fe/ozone-meta/webserver
2023-04-11 17:16:32,312 [Listener at 127.0.0.1/41353] INFO  http.HttpServer2 (HttpServer2.java:bindListener(1250)) - Jetty bound to port 37643
2023-04-11 17:16:32,312 [Listener at 127.0.0.1/41353] INFO  server.Server (Server.java:doStart(375)) - jetty-9.4.49.v20220914; built: 2022-09-14T01:07:36.601Z; git: 4231a3b2e4cb8548a412a789936d640a97b1aa0a; jvm 1.8.0_362-b09
2023-04-11 17:16:32,316 [Listener at 127.0.0.1/41353] INFO  server.session (DefaultSessionIdManager.java:doStart(334)) - DefaultSessionIdManager workerName=node0
2023-04-11 17:16:32,316 [Listener at 127.0.0.1/41353] INFO  server.session (DefaultSessionIdManager.java:doStart(339)) - No SessionScavenger set, using defaults
2023-04-11 17:16:32,316 [Listener at 127.0.0.1/41353] INFO  server.session (HouseKeeper.java:startScavenging(132)) - node0 Scavenging every 660000ms
2023-04-11 17:16:32,317 [Listener at 127.0.0.1/41353] INFO  handler.ContextHandler (ContextHandler.java:doStart(921)) - Started o.e.j.s.ServletContextHandler@3ac8ba5a{logs,/logs,file:///home/runner/work/ozone/ozone/hadoop-ozone/integration-test/target/log,AVAILABLE}
2023-04-11 17:16:32,318 [Listener at 127.0.0.1/41353] INFO  handler.ContextHandler (ContextHandler.java:doStart(921)) - Started o.e.j.s.ServletContextHandler@4f0a81f6{static,/static,file:///home/runner/work/ozone/ozone/hadoop-ozone/integration-test/target/test-classes/webapps/static,AVAILABLE}
2023-04-11 17:16:32,322 [Listener at 127.0.0.1/41353] INFO  handler.ContextHandler (ContextHandler.java:doStart(921)) - Started o.e.j.w.WebAppContext@438e8297{ozoneManager,/,file:///home/runner/work/ozone/ozone/hadoop-ozone/integration-test/target/test-classes/webapps/ozoneManager/,AVAILABLE}{file:/home/runner/work/ozone/ozone/hadoop-ozone/integration-test/target/test-classes/webapps/ozoneManager}
2023-04-11 17:16:32,323 [Listener at 127.0.0.1/41353] INFO  server.AbstractConnector (AbstractConnector.java:doStart(333)) - Started ServerConnector@497adc9{HTTP/1.1, (http/1.1)}{0.0.0.0:37643}
2023-04-11 17:16:32,323 [Listener at 127.0.0.1/41353] INFO  server.Server (Server.java:doStart(415)) - Started @8369ms
2023-04-11 17:16:32,323 [Listener at 127.0.0.1/41353] WARN  impl.MetricsSystemImpl (MetricsSystemImpl.java:register(279)) - Sink prometheus already exists!
2023-04-11 17:16:32,325 [Listener at 127.0.0.1/41353] INFO  http.BaseHttpServer (BaseHttpServer.java:updateConnectorAddress(344)) - HTTP server of ozoneManager listening at http://0.0.0.0:37643
2023-04-11 17:16:32,325 [IPC Server Responder] INFO  ipc.Server (Server.java:run(1558)) - IPC Server Responder: starting
2023-04-11 17:16:32,326 [IPC Server listener on 0] INFO  ipc.Server (Server.java:run(1398)) - IPC Server listener on 0: starting
2023-04-11 17:16:32,386 [Listener at 127.0.0.1/41353] INFO  om.TrashPolicyOzone (TrashPolicyOzone.java:<init>(277)) - Ozone Manager trash configuration: Deletion interval = 0 minutes, Emptier interval = 0 minutes.
2023-04-11 17:16:32,396 [org.apache.hadoop.util.JvmPauseMonitor$Monitor@6cd4b0da] INFO  util.JvmPauseMonitor (JvmPauseMonitor.java:run(188)) - Starting JVM pause monitor
2023-04-11 17:16:32,549 [Listener at 127.0.0.1/41353] WARN  impl.MetricRegistriesImpl (MetricRegistriesImpl.java:addReporterRegistration(111)) - New reporters are added after registries were created. Some metrics will be missing from the reporter. Please add reporter before adding any new registry.
2023-04-11 17:16:32,550 [Listener at 127.0.0.1/41353] WARN  impl.MetricRegistriesImpl (MetricRegistriesImpl.java:addReporterRegistration(111)) - New reporters are added after registries were created. Some metrics will be missing from the reporter. Please add reporter before adding any new registry.
2023-04-11 17:16:32,550 [Listener at 127.0.0.1/41353] INFO  impl.MetricsSystemImpl (MetricsSystemImpl.java:init(158)) - HddsDatanode metrics system started (again)
2023-04-11 17:16:32,567 [Listener at 127.0.0.1/41353] INFO  ozone.HddsDatanodeService (HddsDatanodeService.java:start(252)) - HddsDatanodeService host:fv-az377-102.ap30g4v5sw5evmjtdmxdg2w53f.dx.internal.cloudapp.net ip:10.1.0.70
2023-04-11 17:16:32,598 [Listener at 127.0.0.1/41353] INFO  upgrade.AbstractLayoutVersionManager (AbstractLayoutVersionManager.java:init(83)) - Initializing Layout version manager with metadata layout = WEBUI_PORTS_IN_DATANODEDETAILS (version = 6), software layout = WEBUI_PORTS_IN_DATANODEDETAILS (version = 6)
2023-04-11 17:16:32,655 [Listener at 127.0.0.1/41353] INFO  reflections.Reflections (Reflections.java:scan(232)) - Reflections took 55 ms to scan 7 urls, producing 156 keys and 369 values 
2023-04-11 17:16:32,659 [Listener at 127.0.0.1/41353] INFO  statemachine.DatanodeStateMachine (DatanodeStateMachine.java:getEndPointTaskThreadPoolSize(260)) - Datanode State Machine Task Thread Pool size 2
2023-04-11 17:16:32,722 [Listener at 127.0.0.1/41353] INFO  volume.HddsVolume (HddsVolume.java:<init>(130)) - Creating HddsVolume: /home/runner/work/ozone/ozone/hadoop-ozone/integration-test/target/test-dir/MiniOzoneClusterImpl-c6c5b2ab-f103-43fd-a9c8-44793663f5fe/datanode-0/data-0/containers/hdds of storage type : DISK capacity : 9223372036854775807
2023-04-11 17:16:32,724 [Listener at 127.0.0.1/41353] INFO  volume.MutableVolumeSet (MutableVolumeSet.java:initializeVolumeSet(175)) - Added Volume : /home/runner/work/ozone/ozone/hadoop-ozone/integration-test/target/test-dir/MiniOzoneClusterImpl-c6c5b2ab-f103-43fd-a9c8-44793663f5fe/datanode-0/data-0/containers/hdds to VolumeSet
2023-04-11 17:16:32,725 [Listener at 127.0.0.1/41353] INFO  volume.ThrottledAsyncChecker (ThrottledAsyncChecker.java:schedule(141)) - Scheduling a check for /home/runner/work/ozone/ozone/hadoop-ozone/integration-test/target/test-dir/MiniOzoneClusterImpl-c6c5b2ab-f103-43fd-a9c8-44793663f5fe/datanode-0/data-0/containers/hdds
2023-04-11 17:16:32,745 [Listener at 127.0.0.1/41353] INFO  volume.StorageVolumeChecker (StorageVolumeChecker.java:checkAllVolumes(202)) - Scheduled health check for volume /home/runner/work/ozone/ozone/hadoop-ozone/integration-test/target/test-dir/MiniOzoneClusterImpl-c6c5b2ab-f103-43fd-a9c8-44793663f5fe/datanode-0/data-0/containers/hdds
2023-04-11 17:16:32,765 [Listener at 127.0.0.1/41353] INFO  volume.MutableVolumeSet (MutableVolumeSet.java:initializeVolumeSet(175)) - Added Volume : /home/runner/work/ozone/ozone/hadoop-ozone/integration-test/target/test-dir/MiniOzoneClusterImpl-c6c5b2ab-f103-43fd-a9c8-44793663f5fe/datanode-0/data/ratis to VolumeSet
2023-04-11 17:16:32,765 [Listener at 127.0.0.1/41353] INFO  volume.ThrottledAsyncChecker (ThrottledAsyncChecker.java:schedule(141)) - Scheduling a check for /home/runner/work/ozone/ozone/hadoop-ozone/integration-test/target/test-dir/MiniOzoneClusterImpl-c6c5b2ab-f103-43fd-a9c8-44793663f5fe/datanode-0/data/ratis
2023-04-11 17:16:32,766 [Listener at 127.0.0.1/41353] INFO  volume.StorageVolumeChecker (StorageVolumeChecker.java:checkAllVolumes(202)) - Scheduled health check for volume /home/runner/work/ozone/ozone/hadoop-ozone/integration-test/target/test-dir/MiniOzoneClusterImpl-c6c5b2ab-f103-43fd-a9c8-44793663f5fe/datanode-0/data/ratis
2023-04-11 17:16:32,801 [Thread-137] INFO  ozoneimpl.ContainerReader (ContainerReader.java:readVolume(175)) - Finish verifying containers on volume /home/runner/work/ozone/ozone/hadoop-ozone/integration-test/target/test-dir/MiniOzoneClusterImpl-c6c5b2ab-f103-43fd-a9c8-44793663f5fe/datanode-0/data-0/containers/hdds
2023-04-11 17:16:32,801 [Listener at 127.0.0.1/41353] INFO  ozoneimpl.OzoneContainer (OzoneContainer.java:buildContainerSet(303)) - Build ContainerSet costs 0s
2023-04-11 17:16:32,858 [Listener at 127.0.0.1/41353] INFO  audit.AuditLogger (AuditLogger.java:refreshDebugCmdSet(126)) - Refresh DebugCmdSet for DNAudit to [].
2023-04-11 17:16:32,893 [Listener at 127.0.0.1/41353] INFO  server.RaftServer (ConfUtils.java:logGet(46)) - raft.rpc.type = GRPC (default)
2023-04-11 17:16:32,893 [Listener at 127.0.0.1/41353] INFO  grpc.GrpcConfigKeys (ConfUtils.java:logFallback(53)) - raft.grpc.admin.host = null (fallback to raft.grpc.server.host)
2023-04-11 17:16:32,893 [Listener at 127.0.0.1/41353] INFO  grpc.GrpcConfigKeys (ConfUtils.java:logGet(46)) - raft.grpc.admin.port = 0 (custom)
2023-04-11 17:16:32,893 [Listener at 127.0.0.1/41353] INFO  grpc.GrpcConfigKeys (ConfUtils.java:logFallback(53)) - raft.grpc.client.host = null (fallback to raft.grpc.server.host)
2023-04-11 17:16:32,894 [Listener at 127.0.0.1/41353] INFO  grpc.GrpcConfigKeys (ConfUtils.java:logGet(46)) - raft.grpc.client.port = 0 (custom)
2023-04-11 17:16:32,894 [Listener at 127.0.0.1/41353] INFO  grpc.GrpcConfigKeys (ConfUtils.java:logGet(46)) - raft.grpc.server.host = null (default)
2023-04-11 17:16:32,894 [Listener at 127.0.0.1/41353] INFO  grpc.GrpcConfigKeys (ConfUtils.java:logGet(46)) - raft.grpc.server.port = 0 (default)
2023-04-11 17:16:32,894 [Listener at 127.0.0.1/41353] INFO  server.GrpcService (ConfUtils.java:logGet(46)) - raft.grpc.message.size.max = 32MB (=33554432) (custom)
2023-04-11 17:16:32,894 [Listener at 127.0.0.1/41353] INFO  server.RaftServerConfigKeys (ConfUtils.java:logGet(46)) - raft.server.log.appender.buffer.byte-limit = 33554432 (custom)
2023-04-11 17:16:32,894 [Listener at 127.0.0.1/41353] INFO  server.GrpcService (ConfUtils.java:logGet(46)) - raft.grpc.flow.control.window = 5MB (=5242880) (custom)
2023-04-11 17:16:32,895 [Listener at 127.0.0.1/41353] INFO  server.RaftServerConfigKeys (ConfUtils.java:logGet(46)) - raft.server.rpc.request.timeout = 60s (custom)
2023-04-11 17:16:32,895 [Listener at 127.0.0.1/41353] INFO  grpc.GrpcConfigKeys (ConfUtils.java:logGet(46)) - raft.grpc.server.heartbeat.channel = true (default)
2023-04-11 17:16:32,895 [Listener at 127.0.0.1/41353] INFO  grpc.GrpcConfigKeys (ConfUtils.java:logGet(46)) - raft.grpc.server.async.request.thread.pool.cached = true (default)
2023-04-11 17:16:32,895 [Listener at 127.0.0.1/41353] INFO  grpc.GrpcConfigKeys (ConfUtils.java:logGet(46)) - raft.grpc.server.async.request.thread.pool.size = 32 (default)
2023-04-11 17:16:32,897 [Listener at 127.0.0.1/41353] INFO  impl.DataStreamServerImpl (ConfUtils.java:logGet(46)) - raft.datastream.type = NETTY (custom)
2023-04-11 17:16:32,907 [Listener at 127.0.0.1/41353] INFO  server.RaftServerConfigKeys (ConfUtils.java:logGet(46)) - raft.server.data-stream.async.request.thread.pool.cached = false (default)
2023-04-11 17:16:32,908 [Listener at 127.0.0.1/41353] INFO  server.RaftServerConfigKeys (ConfUtils.java:logGet(46)) - raft.server.data-stream.async.request.thread.pool.size = 20 (custom)
2023-04-11 17:16:32,909 [Listener at 127.0.0.1/41353] INFO  server.RaftServerConfigKeys (ConfUtils.java:logGet(46)) - raft.server.data-stream.async.write.thread.pool.size = 16 (default)
2023-04-11 17:16:32,910 [Listener at 127.0.0.1/41353] INFO  server.RaftServerConfigKeys (ConfUtils.java:logGet(46)) - raft.server.data-stream.client.pool.size = 10 (default)
2023-04-11 17:16:32,912 [Listener at 127.0.0.1/41353] INFO  netty.NettyConfigKeys$DataStream (ConfUtils.java:logGet(46)) - raft.netty.dataStream.server.use-epoll = false (default)
2023-04-11 17:16:32,913 [Listener at 127.0.0.1/41353] INFO  netty.NettyConfigKeys$DataStream (ConfUtils.java:logGet(46)) - raft.netty.dataStream.server.boss-group.size = 0 (default)
2023-04-11 17:16:32,920 [Listener at 127.0.0.1/41353] INFO  netty.NettyConfigKeys$DataStream (ConfUtils.java:logGet(46)) - raft.netty.dataStream.server.worker-group.size = 0 (default)
2023-04-11 17:16:32,921 [Listener at 127.0.0.1/41353] INFO  netty.NettyConfigKeys$DataStream (ConfUtils.java:logGet(46)) - raft.netty.dataStream.server.tls.conf = null (default)
2023-04-11 17:16:32,923 [Listener at 127.0.0.1/41353] INFO  netty.NettyConfigKeys$DataStream (ConfUtils.java:logGet(46)) - raft.netty.dataStream.host = null (default)
2023-04-11 17:16:32,923 [Listener at 127.0.0.1/41353] INFO  netty.NettyConfigKeys$DataStream (ConfUtils.java:logGet(46)) - raft.netty.dataStream.port = 0 (default)
2023-04-11 17:16:32,933 [Listener at 127.0.0.1/41353] INFO  server.RaftServerConfigKeys (ConfUtils.java:logGet(46)) - raft.server.threadpool.proxy.cached = true (default)
2023-04-11 17:16:32,934 [Listener at 127.0.0.1/41353] INFO  server.RaftServerConfigKeys (ConfUtils.java:logGet(46)) - raft.server.threadpool.proxy.size = 0 (default)
2023-04-11 17:16:32,934 [Listener at 127.0.0.1/41353] INFO  server.RaftServerConfigKeys (ConfUtils.java:logGet(46)) - raft.server.rpc.slowness.timeout = 300s (custom)
2023-04-11 17:16:32,934 [Listener at 127.0.0.1/41353] INFO  server.RaftServerConfigKeys (ConfUtils.java:logGet(46)) - raft.server.leaderelection.leader.step-down.wait-time = 10s (default)
2023-04-11 17:16:32,934 [Listener at 127.0.0.1/41353] INFO  server.RaftServerConfigKeys (ConfUtils.java:logGet(46)) - raft.server.storage.dir = [/home/runner/work/ozone/ozone/hadoop-ozone/integration-test/target/test-dir/MiniOzoneClusterImpl-c6c5b2ab-f103-43fd-a9c8-44793663f5fe/datanode-0/data/ratis] (custom)
2023-04-11 17:16:33,000 [a41b41b2-6125-497a-a0cb-d7eb73039636-NettyServerStreamRpc-bossGroup--thread1] INFO  logging.LoggingHandler (AbstractInternalLogger.java:log(148)) - [id: 0xd592be55] REGISTERED
2023-04-11 17:16:33,001 [a41b41b2-6125-497a-a0cb-d7eb73039636-NettyServerStreamRpc-bossGroup--thread1] INFO  logging.LoggingHandler (AbstractInternalLogger.java:log(148)) - [id: 0xd592be55] BIND: 0.0.0.0/0.0.0.0:0
2023-04-11 17:16:33,003 [a41b41b2-6125-497a-a0cb-d7eb73039636-NettyServerStreamRpc-bossGroup--thread1] INFO  logging.LoggingHandler (AbstractInternalLogger.java:log(148)) - [id: 0xd592be55, L:/0:0:0:0:0:0:0:0:45057] ACTIVE
2023-04-11 17:16:33,012 [Listener at 127.0.0.1/41353] INFO  server.XceiverServerGrpc (XceiverServerGrpc.java:<init>(132)) - GrpcServer channel type EpollServerSocketChannel
2023-04-11 17:16:33,095 [Listener at 127.0.0.1/41353] INFO  http.BaseHttpServer (BaseHttpServer.java:newHttpServer2BuilderForOzone(224)) - Starting Web-server for hddsDatanode at: http://0.0.0.0:0
2023-04-11 17:16:33,095 [Listener at 127.0.0.1/41353] INFO  http.BaseHttpServer (BaseHttpServer.java:<init>(111)) - Hadoop Security Enabled: false Ozone Security Enabled: false Ozone HTTP Security Enabled: false 
2023-04-11 17:16:33,097 [Listener at 127.0.0.1/41353] WARN  server.AuthenticationFilter (AuthenticationFilter.java:constructSecretProvider(240)) - Unable to initialize FileSignerSecretProvider, falling back to use random secrets. Reason: Could not read signature secret file: /home/runner/hadoop-http-auth-signature-secret
2023-04-11 17:16:33,098 [Listener at 127.0.0.1/41353] WARN  http.HttpRequestLog (HttpRequestLog.java:getRequestLog(103)) - Jetty request log can only be enabled using Log4j
2023-04-11 17:16:33,100 [Listener at 127.0.0.1/41353] INFO  http.HttpServer2 (HttpServer2.java:addGlobalFilter(1031)) - Added global filter 'safety' (class=org.apache.hadoop.hdds.server.http.HttpServer2$QuotingInputFilter)
2023-04-11 17:16:33,100 [Listener at 127.0.0.1/41353] INFO  http.HttpServer2 (HttpServer2.java:addFilter(1007)) - Added filter static_user_filter (class=org.apache.hadoop.http.lib.StaticUserWebFilter$StaticUserFilter) to context hddsDatanode
2023-04-11 17:16:33,101 [Listener at 127.0.0.1/41353] INFO  http.HttpServer2 (HttpServer2.java:addFilter(1015)) - Added filter static_user_filter (class=org.apache.hadoop.http.lib.StaticUserWebFilter$StaticUserFilter) to context logs
2023-04-11 17:16:33,101 [Listener at 127.0.0.1/41353] INFO  http.HttpServer2 (HttpServer2.java:addFilter(1015)) - Added filter static_user_filter (class=org.apache.hadoop.http.lib.StaticUserWebFilter$StaticUserFilter) to context static
2023-04-11 17:16:33,102 [Listener at 127.0.0.1/41353] INFO  http.BaseHttpServer (BaseHttpServer.java:<init>(190)) - HTTP server of hddsDatanode uses base directory /home/runner/work/ozone/ozone/hadoop-ozone/integration-test/target/test-dir/MiniOzoneClusterImpl-c6c5b2ab-f103-43fd-a9c8-44793663f5fe/datanode-0/meta/webserver
2023-04-11 17:16:33,102 [Listener at 127.0.0.1/41353] INFO  http.HttpServer2 (HttpServer2.java:bindListener(1250)) - Jetty bound to port 37131
2023-04-11 17:16:33,102 [Listener at 127.0.0.1/41353] INFO  server.Server (Server.java:doStart(375)) - jetty-9.4.49.v20220914; built: 2022-09-14T01:07:36.601Z; git: 4231a3b2e4cb8548a412a789936d640a97b1aa0a; jvm 1.8.0_362-b09
2023-04-11 17:16:33,107 [Listener at 127.0.0.1/41353] INFO  server.session (DefaultSessionIdManager.java:doStart(334)) - DefaultSessionIdManager workerName=node0
2023-04-11 17:16:33,107 [Listener at 127.0.0.1/41353] INFO  server.session (DefaultSessionIdManager.java:doStart(339)) - No SessionScavenger set, using defaults
2023-04-11 17:16:33,107 [Listener at 127.0.0.1/41353] INFO  server.session (HouseKeeper.java:startScavenging(132)) - node0 Scavenging every 600000ms
2023-04-11 17:16:33,108 [Listener at 127.0.0.1/41353] INFO  handler.ContextHandler (ContextHandler.java:doStart(921)) - Started o.e.j.s.ServletContextHandler@79cb6e98{logs,/logs,file:///home/runner/work/ozone/ozone/hadoop-ozone/integration-test/target/log,AVAILABLE}
2023-04-11 17:16:33,109 [Listener at 127.0.0.1/41353] INFO  handler.ContextHandler (ContextHandler.java:doStart(921)) - Started o.e.j.s.ServletContextHandler@413bf74f{static,/static,jar:file:/home/runner/.m2/repository/org/apache/ozone/hdds-container-service/1.4.0-SNAPSHOT/hdds-container-service-1.4.0-SNAPSHOT.jar!/webapps/static,AVAILABLE}
2023-04-11 17:16:33,350 [om1@group-C5BA1605619E-FollowerState] INFO  impl.FollowerState (FollowerState.java:run(143)) - om1@group-C5BA1605619E-FollowerState: change to CANDIDATE, lastRpcElapsedTime:1135108759ns, electionTimeout:1128ms
2023-04-11 17:16:33,351 [om1@group-C5BA1605619E-FollowerState] INFO  impl.RoleInfo (RoleInfo.java:shutdownFollowerState(110)) - om1: shutdown om1@group-C5BA1605619E-FollowerState
2023-04-11 17:16:33,352 [om1@group-C5BA1605619E-FollowerState] INFO  server.RaftServer$Division (RaftServerImpl.java:setRole(321)) - om1@group-C5BA1605619E: changes role from  FOLLOWER to CANDIDATE at term 0 for changeToCandidate
2023-04-11 17:16:33,359 [om1@group-C5BA1605619E-FollowerState] INFO  server.RaftServerConfigKeys (ConfUtils.java:logGet(46)) - raft.server.leaderelection.pre-vote = true (default)
2023-04-11 17:16:33,359 [om1@group-C5BA1605619E-FollowerState] INFO  impl.RoleInfo (RoleInfo.java:updateAndGet(139)) - om1: start om1@group-C5BA1605619E-LeaderElection1
2023-04-11 17:16:33,364 [Listener at 127.0.0.1/41353] INFO  handler.ContextHandler (ContextHandler.java:doStart(921)) - Started o.e.j.w.WebAppContext@24206c55{hddsDatanode,/,file:///home/runner/work/ozone/ozone/hadoop-ozone/integration-test/target/test-dir/MiniOzoneClusterImpl-c6c5b2ab-f103-43fd-a9c8-44793663f5fe/datanode-0/meta/webserver/jetty-0_0_0_0-37131-hdds-container-service-1_4_0-SNAPSHOT_jar-_-any-3205516607089140049/webapp/,AVAILABLE}{jar:file:/home/runner/.m2/repository/org/apache/ozone/hdds-container-service/1.4.0-SNAPSHOT/hdds-container-service-1.4.0-SNAPSHOT.jar!/webapps/hddsDatanode}
2023-04-11 17:16:33,366 [Listener at 127.0.0.1/41353] INFO  server.AbstractConnector (AbstractConnector.java:doStart(333)) - Started ServerConnector@3e2c4009{HTTP/1.1, (http/1.1)}{0.0.0.0:37131}
2023-04-11 17:16:33,366 [Listener at 127.0.0.1/41353] INFO  server.Server (Server.java:doStart(415)) - Started @9411ms
2023-04-11 17:16:33,366 [Listener at 127.0.0.1/41353] WARN  impl.MetricsSystemImpl (MetricsSystemImpl.java:register(279)) - Sink prometheus already exists!
2023-04-11 17:16:33,368 [Listener at 127.0.0.1/41353] INFO  http.BaseHttpServer (BaseHttpServer.java:updateConnectorAddress(344)) - HTTP server of hddsDatanode listening at http://0.0.0.0:37131
2023-04-11 17:16:33,370 [om1@group-C5BA1605619E-LeaderElection1] INFO  impl.LeaderElection (LeaderElection.java:askForVotes(312)) - om1@group-C5BA1605619E-LeaderElection1 PRE_VOTE round 0: submit vote requests at term 0 for -1: peers:[om1|rpc:localhost:9872|priority:0|startupRole:FOLLOWER]|listeners:[], old=null
2023-04-11 17:16:33,373 [Listener at 127.0.0.1/41353] WARN  impl.MetricRegistriesImpl (MetricRegistriesImpl.java:addReporterRegistration(111)) - New reporters are added after registries were created. Some metrics will be missing from the reporter. Please add reporter before adding any new registry.
2023-04-11 17:16:33,373 [Listener at 127.0.0.1/41353] WARN  impl.MetricRegistriesImpl (MetricRegistriesImpl.java:addReporterRegistration(111)) - New reporters are added after registries were created. Some metrics will be missing from the reporter. Please add reporter before adding any new registry.
2023-04-11 17:16:33,373 [Listener at 127.0.0.1/41353] INFO  impl.MetricsSystemImpl (MetricsSystemImpl.java:init(158)) - HddsDatanode metrics system started (again)
2023-04-11 17:16:33,373 [om1@group-C5BA1605619E-LeaderElection1] INFO  impl.LeaderElection (LeaderElection.java:askForVotes(314)) - om1@group-C5BA1605619E-LeaderElection1 PRE_VOTE round 0: result PASSED (term=0)
2023-04-11 17:16:33,376 [om1@group-C5BA1605619E-LeaderElection1] INFO  impl.LeaderElection (LeaderElection.java:askForVotes(312)) - om1@group-C5BA1605619E-LeaderElection1 ELECTION round 0: submit vote requests at term 1 for -1: peers:[om1|rpc:localhost:9872|priority:0|startupRole:FOLLOWER]|listeners:[], old=null
2023-04-11 17:16:33,376 [om1@group-C5BA1605619E-LeaderElection1] INFO  impl.LeaderElection (LeaderElection.java:askForVotes(314)) - om1@group-C5BA1605619E-LeaderElection1 ELECTION round 0: result PASSED (term=1)
2023-04-11 17:16:33,376 [om1@group-C5BA1605619E-LeaderElection1] INFO  impl.RoleInfo (RoleInfo.java:shutdownLeaderElection(130)) - om1: shutdown om1@group-C5BA1605619E-LeaderElection1
2023-04-11 17:16:33,377 [om1@group-C5BA1605619E-LeaderElection1] INFO  server.RaftServer$Division (RaftServerImpl.java:setRole(321)) - om1@group-C5BA1605619E: changes role from CANDIDATE to LEADER at term 1 for changeToLeader
2023-04-11 17:16:33,379 [om1@group-C5BA1605619E-LeaderElection1] INFO  server.RaftServer$Division (ServerState.java:setLeader(313)) - om1@group-C5BA1605619E: change Leader from null to om1 at term 1 for becomeLeader, leader elected after 2528ms
2023-04-11 17:16:33,381 [Datanode State Machine Daemon Thread] INFO  statemachine.DatanodeStateMachine (DatanodeStateMachine.java:lambda$startDaemon$0(517)) - Ozone container server started.
2023-04-11 17:16:33,386 [om1@group-C5BA1605619E-LeaderElection1] INFO  server.RaftServerConfigKeys (ConfUtils.java:logGet(46)) - raft.server.staging.catchup.gap = 1000 (default)
2023-04-11 17:16:33,390 [om1@group-C5BA1605619E-LeaderElection1] INFO  server.RaftServerConfigKeys (ConfUtils.java:logGet(46)) - raft.server.write.element-limit = 4096 (default)
2023-04-11 17:16:33,391 [om1@group-C5BA1605619E-LeaderElection1] INFO  server.RaftServerConfigKeys (ConfUtils.java:logGet(46)) - raft.server.write.byte-limit = 64MB (=67108864) (default)
2023-04-11 17:16:33,397 [Listener at 127.0.0.1/41353] INFO  ozone.HddsDatanodeService (HddsDatanodeService.java:start(252)) - HddsDatanodeService host:fv-az377-102.ap30g4v5sw5evmjtdmxdg2w53f.dx.internal.cloudapp.net ip:10.1.0.70
2023-04-11 17:16:33,415 [om1@group-C5BA1605619E-LeaderElection1] INFO  server.RaftServerConfigKeys (ConfUtils.java:logGet(46)) - raft.server.watch.timeout = 10s (default)
2023-04-11 17:16:33,416 [om1@group-C5BA1605619E-LeaderElection1] INFO  server.RaftServerConfigKeys (ConfUtils.java:logGet(46)) - raft.server.watch.timeout.denomination = 1s (default)
2023-04-11 17:16:33,416 [om1@group-C5BA1605619E-LeaderElection1] INFO  server.RaftServerConfigKeys (ConfUtils.java:logGet(46)) - raft.server.watch.element-limit = 65536 (default)
2023-04-11 17:16:33,417 [org.apache.hadoop.util.JvmPauseMonitor$Monitor@517d0e6b] INFO  util.JvmPauseMonitor (JvmPauseMonitor.java:run(188)) - Starting JVM pause monitor
2023-04-11 17:16:33,421 [om1@group-C5BA1605619E-LeaderElection1] INFO  server.RaftServerConfigKeys (ConfUtils.java:logGet(46)) - raft.server.write.element-limit = 4096 (default)
2023-04-11 17:16:33,426 [om1@group-C5BA1605619E-LeaderElection1] INFO  server.RaftServerConfigKeys (ConfUtils.java:logGet(46)) - raft.server.write.follower.gap.ratio.max = -1.0 (default)
2023-04-11 17:16:33,428 [om1@group-C5BA1605619E-LeaderElection1] INFO  impl.RoleInfo (RoleInfo.java:updateAndGet(139)) - om1: start om1@group-C5BA1605619E-LeaderStateImpl
2023-04-11 17:16:33,433 [Listener at 127.0.0.1/41353] INFO  upgrade.AbstractLayoutVersionManager (AbstractLayoutVersionManager.java:init(83)) - Initializing Layout version manager with metadata layout = WEBUI_PORTS_IN_DATANODEDETAILS (version = 6), software layout = WEBUI_PORTS_IN_DATANODEDETAILS (version = 6)
2023-04-11 17:16:33,460 [om1@group-C5BA1605619E-LeaderElection1] INFO  segmented.SegmentedRaftLogWorker (SegmentedRaftLogWorker.java:startLogSegment(452)) - om1@group-C5BA1605619E-SegmentedRaftLogWorker: Starting segment from index:0
2023-04-11 17:16:33,545 [Listener at 127.0.0.1/41353] INFO  reflections.Reflections (Reflections.java:scan(232)) - Reflections took 106 ms to scan 7 urls, producing 156 keys and 369 values 
2023-04-11 17:16:33,553 [Listener at 127.0.0.1/41353] INFO  statemachine.DatanodeStateMachine (DatanodeStateMachine.java:getEndPointTaskThreadPoolSize(260)) - Datanode State Machine Task Thread Pool size 2
2023-04-11 17:16:33,562 [Listener at 127.0.0.1/41353] INFO  volume.HddsVolume (HddsVolume.java:<init>(130)) - Creating HddsVolume: /home/runner/work/ozone/ozone/hadoop-ozone/integration-test/target/test-dir/MiniOzoneClusterImpl-c6c5b2ab-f103-43fd-a9c8-44793663f5fe/datanode-1/data-0/containers/hdds of storage type : DISK capacity : 9223372036854775807
2023-04-11 17:16:33,563 [Listener at 127.0.0.1/41353] INFO  volume.MutableVolumeSet (MutableVolumeSet.java:initializeVolumeSet(175)) - Added Volume : /home/runner/work/ozone/ozone/hadoop-ozone/integration-test/target/test-dir/MiniOzoneClusterImpl-c6c5b2ab-f103-43fd-a9c8-44793663f5fe/datanode-1/data-0/containers/hdds to VolumeSet
2023-04-11 17:16:33,563 [Listener at 127.0.0.1/41353] INFO  volume.ThrottledAsyncChecker (ThrottledAsyncChecker.java:schedule(141)) - Scheduling a check for /home/runner/work/ozone/ozone/hadoop-ozone/integration-test/target/test-dir/MiniOzoneClusterImpl-c6c5b2ab-f103-43fd-a9c8-44793663f5fe/datanode-1/data-0/containers/hdds
2023-04-11 17:16:33,565 [Listener at 127.0.0.1/41353] INFO  volume.StorageVolumeChecker (StorageVolumeChecker.java:checkAllVolumes(202)) - Scheduled health check for volume /home/runner/work/ozone/ozone/hadoop-ozone/integration-test/target/test-dir/MiniOzoneClusterImpl-c6c5b2ab-f103-43fd-a9c8-44793663f5fe/datanode-1/data-0/containers/hdds
2023-04-11 17:16:33,573 [om1@group-C5BA1605619E-LeaderElection1] INFO  server.RaftServer$Division (ServerState.java:setRaftConf(430)) - om1@group-C5BA1605619E: set configuration 0: peers:[om1|rpc:localhost:9872|admin:|client:|dataStream:|priority:0|startupRole:FOLLOWER]|listeners:[], old=null
2023-04-11 17:16:33,606 [Listener at 127.0.0.1/41353] INFO  volume.MutableVolumeSet (MutableVolumeSet.java:initializeVolumeSet(175)) - Added Volume : /home/runner/work/ozone/ozone/hadoop-ozone/integration-test/target/test-dir/MiniOzoneClusterImpl-c6c5b2ab-f103-43fd-a9c8-44793663f5fe/datanode-1/data/ratis to VolumeSet
2023-04-11 17:16:33,606 [Listener at 127.0.0.1/41353] INFO  volume.ThrottledAsyncChecker (ThrottledAsyncChecker.java:schedule(141)) - Scheduling a check for /home/runner/work/ozone/ozone/hadoop-ozone/integration-test/target/test-dir/MiniOzoneClusterImpl-c6c5b2ab-f103-43fd-a9c8-44793663f5fe/datanode-1/data/ratis
2023-04-11 17:16:33,607 [Listener at 127.0.0.1/41353] INFO  volume.StorageVolumeChecker (StorageVolumeChecker.java:checkAllVolumes(202)) - Scheduled health check for volume /home/runner/work/ozone/ozone/hadoop-ozone/integration-test/target/test-dir/MiniOzoneClusterImpl-c6c5b2ab-f103-43fd-a9c8-44793663f5fe/datanode-1/data/ratis
2023-04-11 17:16:33,632 [Thread-153] INFO  ozoneimpl.ContainerReader (ContainerReader.java:readVolume(175)) - Finish verifying containers on volume /home/runner/work/ozone/ozone/hadoop-ozone/integration-test/target/test-dir/MiniOzoneClusterImpl-c6c5b2ab-f103-43fd-a9c8-44793663f5fe/datanode-1/data-0/containers/hdds
2023-04-11 17:16:33,633 [Listener at 127.0.0.1/41353] INFO  ozoneimpl.OzoneContainer (OzoneContainer.java:buildContainerSet(303)) - Build ContainerSet costs 0s
2023-04-11 17:16:33,639 [Listener at 127.0.0.1/41353] INFO  server.RaftServer (ConfUtils.java:logGet(46)) - raft.rpc.type = GRPC (default)
2023-04-11 17:16:33,639 [Listener at 127.0.0.1/41353] INFO  grpc.GrpcConfigKeys (ConfUtils.java:logFallback(53)) - raft.grpc.admin.host = null (fallback to raft.grpc.server.host)
2023-04-11 17:16:33,639 [Listener at 127.0.0.1/41353] INFO  grpc.GrpcConfigKeys (ConfUtils.java:logGet(46)) - raft.grpc.admin.port = 0 (custom)
2023-04-11 17:16:33,640 [Listener at 127.0.0.1/41353] INFO  grpc.GrpcConfigKeys (ConfUtils.java:logFallback(53)) - raft.grpc.client.host = null (fallback to raft.grpc.server.host)
2023-04-11 17:16:33,640 [Listener at 127.0.0.1/41353] INFO  grpc.GrpcConfigKeys (ConfUtils.java:logGet(46)) - raft.grpc.client.port = 0 (custom)
2023-04-11 17:16:33,640 [Listener at 127.0.0.1/41353] INFO  grpc.GrpcConfigKeys (ConfUtils.java:logGet(46)) - raft.grpc.server.host = null (default)
2023-04-11 17:16:33,642 [Listener at 127.0.0.1/41353] INFO  grpc.GrpcConfigKeys (ConfUtils.java:logGet(46)) - raft.grpc.server.port = 0 (default)
2023-04-11 17:16:33,643 [Listener at 127.0.0.1/41353] INFO  server.GrpcService (ConfUtils.java:logGet(46)) - raft.grpc.message.size.max = 32MB (=33554432) (custom)
2023-04-11 17:16:33,643 [Listener at 127.0.0.1/41353] INFO  server.RaftServerConfigKeys (ConfUtils.java:logGet(46)) - raft.server.log.appender.buffer.byte-limit = 33554432 (custom)
2023-04-11 17:16:33,643 [Listener at 127.0.0.1/41353] INFO  server.GrpcService (ConfUtils.java:logGet(46)) - raft.grpc.flow.control.window = 5MB (=5242880) (custom)
2023-04-11 17:16:33,643 [Listener at 127.0.0.1/41353] INFO  server.RaftServerConfigKeys (ConfUtils.java:logGet(46)) - raft.server.rpc.request.timeout = 60s (custom)
2023-04-11 17:16:33,643 [Listener at 127.0.0.1/41353] INFO  grpc.GrpcConfigKeys (ConfUtils.java:logGet(46)) - raft.grpc.server.heartbeat.channel = true (default)
2023-04-11 17:16:33,647 [om1@group-C5BA1605619E-SegmentedRaftLogWorker] INFO  segmented.SegmentedRaftLogWorker (SegmentedRaftLogWorker.java:execute(656)) - om1@group-C5BA1605619E-SegmentedRaftLogWorker: created new log segment /home/runner/work/ozone/ozone/hadoop-ozone/integration-test/target/test-dir/MiniOzoneClusterImpl-c6c5b2ab-f103-43fd-a9c8-44793663f5fe/ozone-meta/ratis/bf265839-605b-3f16-9796-c5ba1605619e/current/log_inprogress_0
2023-04-11 17:16:33,648 [Listener at 127.0.0.1/41353] INFO  grpc.GrpcConfigKeys (ConfUtils.java:logGet(46)) - raft.grpc.server.async.request.thread.pool.cached = true (default)
2023-04-11 17:16:33,648 [Listener at 127.0.0.1/41353] INFO  grpc.GrpcConfigKeys (ConfUtils.java:logGet(46)) - raft.grpc.server.async.request.thread.pool.size = 32 (default)
2023-04-11 17:16:33,649 [Listener at 127.0.0.1/41353] INFO  impl.DataStreamServerImpl (ConfUtils.java:logGet(46)) - raft.datastream.type = NETTY (custom)
2023-04-11 17:16:33,649 [Listener at 127.0.0.1/41353] INFO  server.RaftServerConfigKeys (ConfUtils.java:logGet(46)) - raft.server.data-stream.async.request.thread.pool.cached = false (default)
2023-04-11 17:16:33,650 [Listener at 127.0.0.1/41353] INFO  server.RaftServerConfigKeys (ConfUtils.java:logGet(46)) - raft.server.data-stream.async.request.thread.pool.size = 20 (custom)
2023-04-11 17:16:33,650 [Listener at 127.0.0.1/41353] INFO  server.RaftServerConfigKeys (ConfUtils.java:logGet(46)) - raft.server.data-stream.async.write.thread.pool.size = 16 (default)
2023-04-11 17:16:33,650 [Listener at 127.0.0.1/41353] INFO  server.RaftServerConfigKeys (ConfUtils.java:logGet(46)) - raft.server.data-stream.client.pool.size = 10 (default)
2023-04-11 17:16:33,650 [Listener at 127.0.0.1/41353] INFO  netty.NettyConfigKeys$DataStream (ConfUtils.java:logGet(46)) - raft.netty.dataStream.server.use-epoll = false (default)
2023-04-11 17:16:33,650 [Listener at 127.0.0.1/41353] INFO  netty.NettyConfigKeys$DataStream (ConfUtils.java:logGet(46)) - raft.netty.dataStream.server.boss-group.size = 0 (default)
2023-04-11 17:16:33,651 [Listener at 127.0.0.1/41353] INFO  netty.NettyConfigKeys$DataStream (ConfUtils.java:logGet(46)) - raft.netty.dataStream.server.worker-group.size = 0 (default)
2023-04-11 17:16:33,651 [Listener at 127.0.0.1/41353] INFO  netty.NettyConfigKeys$DataStream (ConfUtils.java:logGet(46)) - raft.netty.dataStream.server.tls.conf = null (default)
2023-04-11 17:16:33,651 [Listener at 127.0.0.1/41353] INFO  netty.NettyConfigKeys$DataStream (ConfUtils.java:logGet(46)) - raft.netty.dataStream.host = null (default)
2023-04-11 17:16:33,651 [Listener at 127.0.0.1/41353] INFO  netty.NettyConfigKeys$DataStream (ConfUtils.java:logGet(46)) - raft.netty.dataStream.port = 0 (default)
2023-04-11 17:16:33,677 [Listener at 127.0.0.1/41353] INFO  server.RaftServerConfigKeys (ConfUtils.java:logGet(46)) - raft.server.threadpool.proxy.cached = true (default)
2023-04-11 17:16:33,677 [Listener at 127.0.0.1/41353] INFO  server.RaftServerConfigKeys (ConfUtils.java:logGet(46)) - raft.server.threadpool.proxy.size = 0 (default)
2023-04-11 17:16:33,677 [Listener at 127.0.0.1/41353] INFO  server.RaftServerConfigKeys (ConfUtils.java:logGet(46)) - raft.server.rpc.slowness.timeout = 300s (custom)
2023-04-11 17:16:33,677 [Listener at 127.0.0.1/41353] INFO  server.RaftServerConfigKeys (ConfUtils.java:logGet(46)) - raft.server.leaderelection.leader.step-down.wait-time = 10s (default)
2023-04-11 17:16:33,677 [Listener at 127.0.0.1/41353] INFO  server.RaftServerConfigKeys (ConfUtils.java:logGet(46)) - raft.server.storage.dir = [/home/runner/work/ozone/ozone/hadoop-ozone/integration-test/target/test-dir/MiniOzoneClusterImpl-c6c5b2ab-f103-43fd-a9c8-44793663f5fe/datanode-1/data/ratis] (custom)
2023-04-11 17:16:33,682 [54fa8802-d5ce-4a45-bac9-9464a05e8046-NettyServerStreamRpc-bossGroup--thread1] INFO  logging.LoggingHandler (AbstractInternalLogger.java:log(148)) - [id: 0xf77b2045] REGISTERED
2023-04-11 17:16:33,682 [54fa8802-d5ce-4a45-bac9-9464a05e8046-NettyServerStreamRpc-bossGroup--thread1] INFO  logging.LoggingHandler (AbstractInternalLogger.java:log(148)) - [id: 0xf77b2045] BIND: 0.0.0.0/0.0.0.0:0
2023-04-11 17:16:33,682 [54fa8802-d5ce-4a45-bac9-9464a05e8046-NettyServerStreamRpc-bossGroup--thread1] INFO  logging.LoggingHandler (AbstractInternalLogger.java:log(148)) - [id: 0xf77b2045, L:/0:0:0:0:0:0:0:0:38659] ACTIVE
2023-04-11 17:16:33,685 [Listener at 127.0.0.1/41353] INFO  server.XceiverServerGrpc (XceiverServerGrpc.java:<init>(132)) - GrpcServer channel type EpollServerSocketChannel
2023-04-11 17:16:33,690 [Listener at 127.0.0.1/41353] INFO  http.BaseHttpServer (BaseHttpServer.java:newHttpServer2BuilderForOzone(224)) - Starting Web-server for hddsDatanode at: http://0.0.0.0:0
2023-04-11 17:16:33,691 [Listener at 127.0.0.1/41353] INFO  http.BaseHttpServer (BaseHttpServer.java:<init>(111)) - Hadoop Security Enabled: false Ozone Security Enabled: false Ozone HTTP Security Enabled: false 
2023-04-11 17:16:33,694 [Listener at 127.0.0.1/41353] WARN  server.AuthenticationFilter (AuthenticationFilter.java:constructSecretProvider(240)) - Unable to initialize FileSignerSecretProvider, falling back to use random secrets. Reason: Could not read signature secret file: /home/runner/hadoop-http-auth-signature-secret
2023-04-11 17:16:33,695 [Listener at 127.0.0.1/41353] WARN  http.HttpRequestLog (HttpRequestLog.java:getRequestLog(103)) - Jetty request log can only be enabled using Log4j
2023-04-11 17:16:33,696 [Listener at 127.0.0.1/41353] INFO  http.HttpServer2 (HttpServer2.java:addGlobalFilter(1031)) - Added global filter 'safety' (class=org.apache.hadoop.hdds.server.http.HttpServer2$QuotingInputFilter)
2023-04-11 17:16:33,697 [Listener at 127.0.0.1/41353] INFO  http.HttpServer2 (HttpServer2.java:addFilter(1007)) - Added filter static_user_filter (class=org.apache.hadoop.http.lib.StaticUserWebFilter$StaticUserFilter) to context hddsDatanode
2023-04-11 17:16:33,697 [Listener at 127.0.0.1/41353] INFO  http.HttpServer2 (HttpServer2.java:addFilter(1015)) - Added filter static_user_filter (class=org.apache.hadoop.http.lib.StaticUserWebFilter$StaticUserFilter) to context logs
2023-04-11 17:16:33,697 [Listener at 127.0.0.1/41353] INFO  http.HttpServer2 (HttpServer2.java:addFilter(1015)) - Added filter static_user_filter (class=org.apache.hadoop.http.lib.StaticUserWebFilter$StaticUserFilter) to context static
2023-04-11 17:16:33,698 [Listener at 127.0.0.1/41353] INFO  http.BaseHttpServer (BaseHttpServer.java:<init>(190)) - HTTP server of hddsDatanode uses base directory /home/runner/work/ozone/ozone/hadoop-ozone/integration-test/target/test-dir/MiniOzoneClusterImpl-c6c5b2ab-f103-43fd-a9c8-44793663f5fe/datanode-1/meta/webserver
2023-04-11 17:16:33,698 [Listener at 127.0.0.1/41353] INFO  http.HttpServer2 (HttpServer2.java:bindListener(1250)) - Jetty bound to port 45457
2023-04-11 17:16:33,698 [Listener at 127.0.0.1/41353] INFO  server.Server (Server.java:doStart(375)) - jetty-9.4.49.v20220914; built: 2022-09-14T01:07:36.601Z; git: 4231a3b2e4cb8548a412a789936d640a97b1aa0a; jvm 1.8.0_362-b09
2023-04-11 17:16:33,709 [Listener at 127.0.0.1/41353] INFO  server.session (DefaultSessionIdManager.java:doStart(334)) - DefaultSessionIdManager workerName=node0
2023-04-11 17:16:33,709 [Listener at 127.0.0.1/41353] INFO  server.session (DefaultSessionIdManager.java:doStart(339)) - No SessionScavenger set, using defaults
2023-04-11 17:16:33,709 [Listener at 127.0.0.1/41353] INFO  server.session (HouseKeeper.java:startScavenging(132)) - node0 Scavenging every 600000ms
2023-04-11 17:16:33,710 [Listener at 127.0.0.1/41353] INFO  handler.ContextHandler (ContextHandler.java:doStart(921)) - Started o.e.j.s.ServletContextHandler@45384c1{logs,/logs,file:///home/runner/work/ozone/ozone/hadoop-ozone/integration-test/target/log,AVAILABLE}
2023-04-11 17:16:33,711 [Listener at 127.0.0.1/41353] INFO  handler.ContextHandler (ContextHandler.java:doStart(921)) - Started o.e.j.s.ServletContextHandler@a35b137{static,/static,jar:file:/home/runner/.m2/repository/org/apache/ozone/hdds-container-service/1.4.0-SNAPSHOT/hdds-container-service-1.4.0-SNAPSHOT.jar!/webapps/static,AVAILABLE}
2023-04-11 17:16:33,720 [Datanode State Machine Task Thread - 0] INFO  datanode.InitDatanodeState (InitDatanodeState.java:persistContainerDatanodeDetails(138)) - DatanodeDetails is persisted to /home/runner/work/ozone/ozone/hadoop-ozone/integration-test/target/test-dir/MiniOzoneClusterImpl-c6c5b2ab-f103-43fd-a9c8-44793663f5fe/datanode-0/meta/datanode.id
2023-04-11 17:16:33,808 [om1@group-C5BA1605619E-StateMachineUpdater] INFO  ratis.OzoneManagerStateMachine (OzoneManagerStateMachine.java:notifyConfigurationChanged(200)) - Received Configuration change notification from Ratis. New Peer list:
[id: "om1"
address: "localhost:9872"
startupRole: FOLLOWER
]
2023-04-11 17:16:33,958 [Listener at 127.0.0.1/41353] INFO  handler.ContextHandler (ContextHandler.java:doStart(921)) - Started o.e.j.w.WebAppContext@1736262a{hddsDatanode,/,file:///home/runner/work/ozone/ozone/hadoop-ozone/integration-test/target/test-dir/MiniOzoneClusterImpl-c6c5b2ab-f103-43fd-a9c8-44793663f5fe/datanode-1/meta/webserver/jetty-0_0_0_0-45457-hdds-container-service-1_4_0-SNAPSHOT_jar-_-any-1192956572810929002/webapp/,AVAILABLE}{jar:file:/home/runner/.m2/repository/org/apache/ozone/hdds-container-service/1.4.0-SNAPSHOT/hdds-container-service-1.4.0-SNAPSHOT.jar!/webapps/hddsDatanode}
2023-04-11 17:16:33,960 [Listener at 127.0.0.1/41353] INFO  server.AbstractConnector (AbstractConnector.java:doStart(333)) - Started ServerConnector@465f0b6c{HTTP/1.1, (http/1.1)}{0.0.0.0:45457}
2023-04-11 17:16:33,960 [Listener at 127.0.0.1/41353] INFO  server.Server (Server.java:doStart(415)) - Started @10005ms
2023-04-11 17:16:33,960 [Listener at 127.0.0.1/41353] WARN  impl.MetricsSystemImpl (MetricsSystemImpl.java:register(279)) - Sink prometheus already exists!
2023-04-11 17:16:33,961 [Listener at 127.0.0.1/41353] INFO  http.BaseHttpServer (BaseHttpServer.java:updateConnectorAddress(344)) - HTTP server of hddsDatanode listening at http://0.0.0.0:45457
2023-04-11 17:16:33,964 [Listener at 127.0.0.1/41353] WARN  impl.MetricRegistriesImpl (MetricRegistriesImpl.java:addReporterRegistration(111)) - New reporters are added after registries were created. Some metrics will be missing from the reporter. Please add reporter before adding any new registry.
2023-04-11 17:16:33,964 [Listener at 127.0.0.1/41353] WARN  impl.MetricRegistriesImpl (MetricRegistriesImpl.java:addReporterRegistration(111)) - New reporters are added after registries were created. Some metrics will be missing from the reporter. Please add reporter before adding any new registry.
2023-04-11 17:16:33,965 [Listener at 127.0.0.1/41353] INFO  impl.MetricsSystemImpl (MetricsSystemImpl.java:init(158)) - HddsDatanode metrics system started (again)
2023-04-11 17:16:33,968 [Datanode State Machine Daemon Thread] INFO  statemachine.DatanodeStateMachine (DatanodeStateMachine.java:lambda$startDaemon$0(517)) - Ozone container server started.
2023-04-11 17:16:33,986 [Listener at 127.0.0.1/41353] INFO  ozone.HddsDatanodeService (HddsDatanodeService.java:start(252)) - HddsDatanodeService host:fv-az377-102.ap30g4v5sw5evmjtdmxdg2w53f.dx.internal.cloudapp.net ip:10.1.0.70
2023-04-11 17:16:33,990 [org.apache.hadoop.util.JvmPauseMonitor$Monitor@14b95be1] INFO  util.JvmPauseMonitor (JvmPauseMonitor.java:run(188)) - Starting JVM pause monitor
2023-04-11 17:16:33,998 [Datanode State Machine Task Thread - 0] INFO  datanode.InitDatanodeState (InitDatanodeState.java:persistContainerDatanodeDetails(138)) - DatanodeDetails is persisted to /home/runner/work/ozone/ozone/hadoop-ozone/integration-test/target/test-dir/MiniOzoneClusterImpl-c6c5b2ab-f103-43fd-a9c8-44793663f5fe/datanode-1/meta/datanode.id
2023-04-11 17:16:34,012 [Listener at 127.0.0.1/41353] INFO  upgrade.AbstractLayoutVersionManager (AbstractLayoutVersionManager.java:init(83)) - Initializing Layout version manager with metadata layout = WEBUI_PORTS_IN_DATANODEDETAILS (version = 6), software layout = WEBUI_PORTS_IN_DATANODEDETAILS (version = 6)
2023-04-11 17:16:34,082 [Listener at 127.0.0.1/41353] INFO  reflections.Reflections (Reflections.java:scan(232)) - Reflections took 68 ms to scan 7 urls, producing 156 keys and 369 values 
2023-04-11 17:16:34,085 [Listener at 127.0.0.1/41353] INFO  statemachine.DatanodeStateMachine (DatanodeStateMachine.java:getEndPointTaskThreadPoolSize(260)) - Datanode State Machine Task Thread Pool size 2
2023-04-11 17:16:34,089 [Listener at 127.0.0.1/41353] INFO  volume.HddsVolume (HddsVolume.java:<init>(130)) - Creating HddsVolume: /home/runner/work/ozone/ozone/hadoop-ozone/integration-test/target/test-dir/MiniOzoneClusterImpl-c6c5b2ab-f103-43fd-a9c8-44793663f5fe/datanode-2/data-0/containers/hdds of storage type : DISK capacity : 9223372036854775807
2023-04-11 17:16:34,090 [Listener at 127.0.0.1/41353] INFO  volume.MutableVolumeSet (MutableVolumeSet.java:initializeVolumeSet(175)) - Added Volume : /home/runner/work/ozone/ozone/hadoop-ozone/integration-test/target/test-dir/MiniOzoneClusterImpl-c6c5b2ab-f103-43fd-a9c8-44793663f5fe/datanode-2/data-0/containers/hdds to VolumeSet
2023-04-11 17:16:34,090 [Listener at 127.0.0.1/41353] INFO  volume.ThrottledAsyncChecker (ThrottledAsyncChecker.java:schedule(141)) - Scheduling a check for /home/runner/work/ozone/ozone/hadoop-ozone/integration-test/target/test-dir/MiniOzoneClusterImpl-c6c5b2ab-f103-43fd-a9c8-44793663f5fe/datanode-2/data-0/containers/hdds
2023-04-11 17:16:34,093 [Listener at 127.0.0.1/41353] INFO  volume.StorageVolumeChecker (StorageVolumeChecker.java:checkAllVolumes(202)) - Scheduled health check for volume /home/runner/work/ozone/ozone/hadoop-ozone/integration-test/target/test-dir/MiniOzoneClusterImpl-c6c5b2ab-f103-43fd-a9c8-44793663f5fe/datanode-2/data-0/containers/hdds
2023-04-11 17:16:34,108 [Listener at 127.0.0.1/41353] INFO  volume.MutableVolumeSet (MutableVolumeSet.java:initializeVolumeSet(175)) - Added Volume : /home/runner/work/ozone/ozone/hadoop-ozone/integration-test/target/test-dir/MiniOzoneClusterImpl-c6c5b2ab-f103-43fd-a9c8-44793663f5fe/datanode-2/data/ratis to VolumeSet
2023-04-11 17:16:34,108 [Listener at 127.0.0.1/41353] INFO  volume.ThrottledAsyncChecker (ThrottledAsyncChecker.java:schedule(141)) - Scheduling a check for /home/runner/work/ozone/ozone/hadoop-ozone/integration-test/target/test-dir/MiniOzoneClusterImpl-c6c5b2ab-f103-43fd-a9c8-44793663f5fe/datanode-2/data/ratis
2023-04-11 17:16:34,109 [Listener at 127.0.0.1/41353] INFO  volume.StorageVolumeChecker (StorageVolumeChecker.java:checkAllVolumes(202)) - Scheduled health check for volume /home/runner/work/ozone/ozone/hadoop-ozone/integration-test/target/test-dir/MiniOzoneClusterImpl-c6c5b2ab-f103-43fd-a9c8-44793663f5fe/datanode-2/data/ratis
2023-04-11 17:16:34,122 [Thread-167] INFO  ozoneimpl.ContainerReader (ContainerReader.java:readVolume(175)) - Finish verifying containers on volume /home/runner/work/ozone/ozone/hadoop-ozone/integration-test/target/test-dir/MiniOzoneClusterImpl-c6c5b2ab-f103-43fd-a9c8-44793663f5fe/datanode-2/data-0/containers/hdds
2023-04-11 17:16:34,122 [Listener at 127.0.0.1/41353] INFO  ozoneimpl.OzoneContainer (OzoneContainer.java:buildContainerSet(303)) - Build ContainerSet costs 0s
2023-04-11 17:16:34,127 [Listener at 127.0.0.1/41353] INFO  server.RaftServer (ConfUtils.java:logGet(46)) - raft.rpc.type = GRPC (default)
2023-04-11 17:16:34,128 [Listener at 127.0.0.1/41353] INFO  grpc.GrpcConfigKeys (ConfUtils.java:logFallback(53)) - raft.grpc.admin.host = null (fallback to raft.grpc.server.host)
2023-04-11 17:16:34,129 [Listener at 127.0.0.1/41353] INFO  grpc.GrpcConfigKeys (ConfUtils.java:logGet(46)) - raft.grpc.admin.port = 0 (custom)
2023-04-11 17:16:34,129 [Listener at 127.0.0.1/41353] INFO  grpc.GrpcConfigKeys (ConfUtils.java:logFallback(53)) - raft.grpc.client.host = null (fallback to raft.grpc.server.host)
2023-04-11 17:16:34,129 [Listener at 127.0.0.1/41353] INFO  grpc.GrpcConfigKeys (ConfUtils.java:logGet(46)) - raft.grpc.client.port = 0 (custom)
2023-04-11 17:16:34,129 [Listener at 127.0.0.1/41353] INFO  grpc.GrpcConfigKeys (ConfUtils.java:logGet(46)) - raft.grpc.server.host = null (default)
2023-04-11 17:16:34,129 [Listener at 127.0.0.1/41353] INFO  grpc.GrpcConfigKeys (ConfUtils.java:logGet(46)) - raft.grpc.server.port = 0 (default)
2023-04-11 17:16:34,129 [Listener at 127.0.0.1/41353] INFO  server.GrpcService (ConfUtils.java:logGet(46)) - raft.grpc.message.size.max = 32MB (=33554432) (custom)
2023-04-11 17:16:34,130 [Listener at 127.0.0.1/41353] INFO  server.RaftServerConfigKeys (ConfUtils.java:logGet(46)) - raft.server.log.appender.buffer.byte-limit = 33554432 (custom)
2023-04-11 17:16:34,130 [Listener at 127.0.0.1/41353] INFO  server.GrpcService (ConfUtils.java:logGet(46)) - raft.grpc.flow.control.window = 5MB (=5242880) (custom)
2023-04-11 17:16:34,130 [Listener at 127.0.0.1/41353] INFO  server.RaftServerConfigKeys (ConfUtils.java:logGet(46)) - raft.server.rpc.request.timeout = 60s (custom)
2023-04-11 17:16:34,130 [Listener at 127.0.0.1/41353] INFO  grpc.GrpcConfigKeys (ConfUtils.java:logGet(46)) - raft.grpc.server.heartbeat.channel = true (default)
2023-04-11 17:16:34,130 [Listener at 127.0.0.1/41353] INFO  grpc.GrpcConfigKeys (ConfUtils.java:logGet(46)) - raft.grpc.server.async.request.thread.pool.cached = true (default)
2023-04-11 17:16:34,130 [Listener at 127.0.0.1/41353] INFO  grpc.GrpcConfigKeys (ConfUtils.java:logGet(46)) - raft.grpc.server.async.request.thread.pool.size = 32 (default)
2023-04-11 17:16:34,132 [Listener at 127.0.0.1/41353] INFO  impl.DataStreamServerImpl (ConfUtils.java:logGet(46)) - raft.datastream.type = NETTY (custom)
2023-04-11 17:16:34,133 [Listener at 127.0.0.1/41353] INFO  server.RaftServerConfigKeys (ConfUtils.java:logGet(46)) - raft.server.data-stream.async.request.thread.pool.cached = false (default)
2023-04-11 17:16:34,133 [Listener at 127.0.0.1/41353] INFO  server.RaftServerConfigKeys (ConfUtils.java:logGet(46)) - raft.server.data-stream.async.request.thread.pool.size = 20 (custom)
2023-04-11 17:16:34,133 [Listener at 127.0.0.1/41353] INFO  server.RaftServerConfigKeys (ConfUtils.java:logGet(46)) - raft.server.data-stream.async.write.thread.pool.size = 16 (default)
2023-04-11 17:16:34,136 [Listener at 127.0.0.1/41353] INFO  server.RaftServerConfigKeys (ConfUtils.java:logGet(46)) - raft.server.data-stream.client.pool.size = 10 (default)
2023-04-11 17:16:34,136 [Listener at 127.0.0.1/41353] INFO  netty.NettyConfigKeys$DataStream (ConfUtils.java:logGet(46)) - raft.netty.dataStream.server.use-epoll = false (default)
2023-04-11 17:16:34,136 [Listener at 127.0.0.1/41353] INFO  netty.NettyConfigKeys$DataStream (ConfUtils.java:logGet(46)) - raft.netty.dataStream.server.boss-group.size = 0 (default)
2023-04-11 17:16:34,137 [Listener at 127.0.0.1/41353] INFO  netty.NettyConfigKeys$DataStream (ConfUtils.java:logGet(46)) - raft.netty.dataStream.server.worker-group.size = 0 (default)
2023-04-11 17:16:34,138 [Listener at 127.0.0.1/41353] INFO  netty.NettyConfigKeys$DataStream (ConfUtils.java:logGet(46)) - raft.netty.dataStream.server.tls.conf = null (default)
2023-04-11 17:16:34,139 [Listener at 127.0.0.1/41353] INFO  netty.NettyConfigKeys$DataStream (ConfUtils.java:logGet(46)) - raft.netty.dataStream.host = null (default)
2023-04-11 17:16:34,139 [Listener at 127.0.0.1/41353] INFO  netty.NettyConfigKeys$DataStream (ConfUtils.java:logGet(46)) - raft.netty.dataStream.port = 0 (default)
2023-04-11 17:16:34,140 [Listener at 127.0.0.1/41353] INFO  server.RaftServerConfigKeys (ConfUtils.java:logGet(46)) - raft.server.threadpool.proxy.cached = true (default)
2023-04-11 17:16:34,140 [Listener at 127.0.0.1/41353] INFO  server.RaftServerConfigKeys (ConfUtils.java:logGet(46)) - raft.server.threadpool.proxy.size = 0 (default)
2023-04-11 17:16:34,140 [Listener at 127.0.0.1/41353] INFO  server.RaftServerConfigKeys (ConfUtils.java:logGet(46)) - raft.server.rpc.slowness.timeout = 300s (custom)
2023-04-11 17:16:34,140 [Listener at 127.0.0.1/41353] INFO  server.RaftServerConfigKeys (ConfUtils.java:logGet(46)) - raft.server.leaderelection.leader.step-down.wait-time = 10s (default)
2023-04-11 17:16:34,141 [Listener at 127.0.0.1/41353] INFO  server.RaftServerConfigKeys (ConfUtils.java:logGet(46)) - raft.server.storage.dir = [/home/runner/work/ozone/ozone/hadoop-ozone/integration-test/target/test-dir/MiniOzoneClusterImpl-c6c5b2ab-f103-43fd-a9c8-44793663f5fe/datanode-2/data/ratis] (custom)
2023-04-11 17:16:34,142 [30e95ef4-c50c-4a35-94a1-24945bf18908-NettyServerStreamRpc-bossGroup--thread1] INFO  logging.LoggingHandler (AbstractInternalLogger.java:log(148)) - [id: 0xecdb9844] REGISTERED
2023-04-11 17:16:34,143 [30e95ef4-c50c-4a35-94a1-24945bf18908-NettyServerStreamRpc-bossGroup--thread1] INFO  logging.LoggingHandler (AbstractInternalLogger.java:log(148)) - [id: 0xecdb9844] BIND: 0.0.0.0/0.0.0.0:0
2023-04-11 17:16:34,143 [30e95ef4-c50c-4a35-94a1-24945bf18908-NettyServerStreamRpc-bossGroup--thread1] INFO  logging.LoggingHandler (AbstractInternalLogger.java:log(148)) - [id: 0xecdb9844, L:/0:0:0:0:0:0:0:0:43279] ACTIVE
2023-04-11 17:16:34,145 [Listener at 127.0.0.1/41353] INFO  server.XceiverServerGrpc (XceiverServerGrpc.java:<init>(132)) - GrpcServer channel type EpollServerSocketChannel
2023-04-11 17:16:34,152 [Listener at 127.0.0.1/41353] INFO  http.BaseHttpServer (BaseHttpServer.java:newHttpServer2BuilderForOzone(224)) - Starting Web-server for hddsDatanode at: http://0.0.0.0:0
2023-04-11 17:16:34,152 [Listener at 127.0.0.1/41353] INFO  http.BaseHttpServer (BaseHttpServer.java:<init>(111)) - Hadoop Security Enabled: false Ozone Security Enabled: false Ozone HTTP Security Enabled: false 
2023-04-11 17:16:34,154 [Listener at 127.0.0.1/41353] WARN  server.AuthenticationFilter (AuthenticationFilter.java:constructSecretProvider(240)) - Unable to initialize FileSignerSecretProvider, falling back to use random secrets. Reason: Could not read signature secret file: /home/runner/hadoop-http-auth-signature-secret
2023-04-11 17:16:34,154 [Listener at 127.0.0.1/41353] WARN  http.HttpRequestLog (HttpRequestLog.java:getRequestLog(103)) - Jetty request log can only be enabled using Log4j
2023-04-11 17:16:34,156 [Listener at 127.0.0.1/41353] INFO  http.HttpServer2 (HttpServer2.java:addGlobalFilter(1031)) - Added global filter 'safety' (class=org.apache.hadoop.hdds.server.http.HttpServer2$QuotingInputFilter)
2023-04-11 17:16:34,157 [Listener at 127.0.0.1/41353] INFO  http.HttpServer2 (HttpServer2.java:addFilter(1007)) - Added filter static_user_filter (class=org.apache.hadoop.http.lib.StaticUserWebFilter$StaticUserFilter) to context hddsDatanode
2023-04-11 17:16:34,157 [Listener at 127.0.0.1/41353] INFO  http.HttpServer2 (HttpServer2.java:addFilter(1015)) - Added filter static_user_filter (class=org.apache.hadoop.http.lib.StaticUserWebFilter$StaticUserFilter) to context static
2023-04-11 17:16:34,157 [Listener at 127.0.0.1/41353] INFO  http.HttpServer2 (HttpServer2.java:addFilter(1015)) - Added filter static_user_filter (class=org.apache.hadoop.http.lib.StaticUserWebFilter$StaticUserFilter) to context logs
2023-04-11 17:16:34,158 [Listener at 127.0.0.1/41353] INFO  http.BaseHttpServer (BaseHttpServer.java:<init>(190)) - HTTP server of hddsDatanode uses base directory /home/runner/work/ozone/ozone/hadoop-ozone/integration-test/target/test-dir/MiniOzoneClusterImpl-c6c5b2ab-f103-43fd-a9c8-44793663f5fe/datanode-2/meta/webserver
2023-04-11 17:16:34,158 [Listener at 127.0.0.1/41353] INFO  http.HttpServer2 (HttpServer2.java:bindListener(1250)) - Jetty bound to port 36363
2023-04-11 17:16:34,158 [Listener at 127.0.0.1/41353] INFO  server.Server (Server.java:doStart(375)) - jetty-9.4.49.v20220914; built: 2022-09-14T01:07:36.601Z; git: 4231a3b2e4cb8548a412a789936d640a97b1aa0a; jvm 1.8.0_362-b09
2023-04-11 17:16:34,160 [Listener at 127.0.0.1/41353] INFO  server.session (DefaultSessionIdManager.java:doStart(334)) - DefaultSessionIdManager workerName=node0
2023-04-11 17:16:34,160 [Listener at 127.0.0.1/41353] INFO  server.session (DefaultSessionIdManager.java:doStart(339)) - No SessionScavenger set, using defaults
2023-04-11 17:16:34,161 [Listener at 127.0.0.1/41353] INFO  server.session (HouseKeeper.java:startScavenging(132)) - node0 Scavenging every 660000ms
2023-04-11 17:16:34,161 [Listener at 127.0.0.1/41353] INFO  handler.ContextHandler (ContextHandler.java:doStart(921)) - Started o.e.j.s.ServletContextHandler@61bfcf43{logs,/logs,file:///home/runner/work/ozone/ozone/hadoop-ozone/integration-test/target/log,AVAILABLE}
2023-04-11 17:16:34,162 [Listener at 127.0.0.1/41353] INFO  handler.ContextHandler (ContextHandler.java:doStart(921)) - Started o.e.j.s.ServletContextHandler@5460abb0{static,/static,jar:file:/home/runner/.m2/repository/org/apache/ozone/hdds-container-service/1.4.0-SNAPSHOT/hdds-container-service-1.4.0-SNAPSHOT.jar!/webapps/static,AVAILABLE}
2023-04-11 17:16:34,384 [Listener at 127.0.0.1/41353] INFO  handler.ContextHandler (ContextHandler.java:doStart(921)) - Started o.e.j.w.WebAppContext@2e810089{hddsDatanode,/,file:///home/runner/work/ozone/ozone/hadoop-ozone/integration-test/target/test-dir/MiniOzoneClusterImpl-c6c5b2ab-f103-43fd-a9c8-44793663f5fe/datanode-2/meta/webserver/jetty-0_0_0_0-36363-hdds-container-service-1_4_0-SNAPSHOT_jar-_-any-5548298185204468182/webapp/,AVAILABLE}{jar:file:/home/runner/.m2/repository/org/apache/ozone/hdds-container-service/1.4.0-SNAPSHOT/hdds-container-service-1.4.0-SNAPSHOT.jar!/webapps/hddsDatanode}
2023-04-11 17:16:34,386 [Listener at 127.0.0.1/41353] INFO  server.AbstractConnector (AbstractConnector.java:doStart(333)) - Started ServerConnector@60d993ec{HTTP/1.1, (http/1.1)}{0.0.0.0:36363}
2023-04-11 17:16:34,386 [Listener at 127.0.0.1/41353] INFO  server.Server (Server.java:doStart(415)) - Started @10431ms
2023-04-11 17:16:34,386 [Listener at 127.0.0.1/41353] WARN  impl.MetricsSystemImpl (MetricsSystemImpl.java:register(279)) - Sink prometheus already exists!
2023-04-11 17:16:34,387 [Listener at 127.0.0.1/41353] INFO  http.BaseHttpServer (BaseHttpServer.java:updateConnectorAddress(344)) - HTTP server of hddsDatanode listening at http://0.0.0.0:36363
2023-04-11 17:16:34,388 [Listener at 127.0.0.1/41353] WARN  impl.MetricRegistriesImpl (MetricRegistriesImpl.java:addReporterRegistration(111)) - New reporters are added after registries were created. Some metrics will be missing from the reporter. Please add reporter before adding any new registry.
2023-04-11 17:16:34,388 [Listener at 127.0.0.1/41353] WARN  impl.MetricRegistriesImpl (MetricRegistriesImpl.java:addReporterRegistration(111)) - New reporters are added after registries were created. Some metrics will be missing from the reporter. Please add reporter before adding any new registry.
2023-04-11 17:16:34,389 [Listener at 127.0.0.1/41353] INFO  impl.MetricsSystemImpl (MetricsSystemImpl.java:init(158)) - HddsDatanode metrics system started (again)
2023-04-11 17:16:34,394 [Datanode State Machine Daemon Thread] INFO  statemachine.DatanodeStateMachine (DatanodeStateMachine.java:lambda$startDaemon$0(517)) - Ozone container server started.
2023-04-11 17:16:34,406 [Listener at 127.0.0.1/41353] INFO  ozone.HddsDatanodeService (HddsDatanodeService.java:start(252)) - HddsDatanodeService host:fv-az377-102.ap30g4v5sw5evmjtdmxdg2w53f.dx.internal.cloudapp.net ip:10.1.0.70
2023-04-11 17:16:34,407 [org.apache.hadoop.util.JvmPauseMonitor$Monitor@49ab2cc1] INFO  util.JvmPauseMonitor (JvmPauseMonitor.java:run(188)) - Starting JVM pause monitor
2023-04-11 17:16:34,413 [Datanode State Machine Task Thread - 0] INFO  datanode.InitDatanodeState (InitDatanodeState.java:persistContainerDatanodeDetails(138)) - DatanodeDetails is persisted to /home/runner/work/ozone/ozone/hadoop-ozone/integration-test/target/test-dir/MiniOzoneClusterImpl-c6c5b2ab-f103-43fd-a9c8-44793663f5fe/datanode-2/meta/datanode.id
2023-04-11 17:16:34,428 [Listener at 127.0.0.1/41353] INFO  upgrade.AbstractLayoutVersionManager (AbstractLayoutVersionManager.java:init(83)) - Initializing Layout version manager with metadata layout = WEBUI_PORTS_IN_DATANODEDETAILS (version = 6), software layout = WEBUI_PORTS_IN_DATANODEDETAILS (version = 6)
2023-04-11 17:16:34,483 [Listener at 127.0.0.1/41353] INFO  reflections.Reflections (Reflections.java:scan(232)) - Reflections took 54 ms to scan 7 urls, producing 156 keys and 369 values 
2023-04-11 17:16:34,485 [Listener at 127.0.0.1/41353] INFO  statemachine.DatanodeStateMachine (DatanodeStateMachine.java:getEndPointTaskThreadPoolSize(260)) - Datanode State Machine Task Thread Pool size 2
2023-04-11 17:16:34,487 [Listener at 127.0.0.1/41353] INFO  volume.HddsVolume (HddsVolume.java:<init>(130)) - Creating HddsVolume: /home/runner/work/ozone/ozone/hadoop-ozone/integration-test/target/test-dir/MiniOzoneClusterImpl-c6c5b2ab-f103-43fd-a9c8-44793663f5fe/datanode-3/data-0/containers/hdds of storage type : DISK capacity : 9223372036854775807
2023-04-11 17:16:34,487 [Listener at 127.0.0.1/41353] INFO  volume.MutableVolumeSet (MutableVolumeSet.java:initializeVolumeSet(175)) - Added Volume : /home/runner/work/ozone/ozone/hadoop-ozone/integration-test/target/test-dir/MiniOzoneClusterImpl-c6c5b2ab-f103-43fd-a9c8-44793663f5fe/datanode-3/data-0/containers/hdds to VolumeSet
2023-04-11 17:16:34,488 [Listener at 127.0.0.1/41353] INFO  volume.ThrottledAsyncChecker (ThrottledAsyncChecker.java:schedule(141)) - Scheduling a check for /home/runner/work/ozone/ozone/hadoop-ozone/integration-test/target/test-dir/MiniOzoneClusterImpl-c6c5b2ab-f103-43fd-a9c8-44793663f5fe/datanode-3/data-0/containers/hdds
2023-04-11 17:16:34,489 [Listener at 127.0.0.1/41353] INFO  volume.StorageVolumeChecker (StorageVolumeChecker.java:checkAllVolumes(202)) - Scheduled health check for volume /home/runner/work/ozone/ozone/hadoop-ozone/integration-test/target/test-dir/MiniOzoneClusterImpl-c6c5b2ab-f103-43fd-a9c8-44793663f5fe/datanode-3/data-0/containers/hdds
2023-04-11 17:16:34,506 [Listener at 127.0.0.1/41353] INFO  volume.MutableVolumeSet (MutableVolumeSet.java:initializeVolumeSet(175)) - Added Volume : /home/runner/work/ozone/ozone/hadoop-ozone/integration-test/target/test-dir/MiniOzoneClusterImpl-c6c5b2ab-f103-43fd-a9c8-44793663f5fe/datanode-3/data/ratis to VolumeSet
2023-04-11 17:16:34,506 [Listener at 127.0.0.1/41353] INFO  volume.ThrottledAsyncChecker (ThrottledAsyncChecker.java:schedule(141)) - Scheduling a check for /home/runner/work/ozone/ozone/hadoop-ozone/integration-test/target/test-dir/MiniOzoneClusterImpl-c6c5b2ab-f103-43fd-a9c8-44793663f5fe/datanode-3/data/ratis
2023-04-11 17:16:34,507 [Listener at 127.0.0.1/41353] INFO  volume.StorageVolumeChecker (StorageVolumeChecker.java:checkAllVolumes(202)) - Scheduled health check for volume /home/runner/work/ozone/ozone/hadoop-ozone/integration-test/target/test-dir/MiniOzoneClusterImpl-c6c5b2ab-f103-43fd-a9c8-44793663f5fe/datanode-3/data/ratis
2023-04-11 17:16:34,520 [Thread-181] INFO  ozoneimpl.ContainerReader (ContainerReader.java:readVolume(175)) - Finish verifying containers on volume /home/runner/work/ozone/ozone/hadoop-ozone/integration-test/target/test-dir/MiniOzoneClusterImpl-c6c5b2ab-f103-43fd-a9c8-44793663f5fe/datanode-3/data-0/containers/hdds
2023-04-11 17:16:34,520 [Listener at 127.0.0.1/41353] INFO  ozoneimpl.OzoneContainer (OzoneContainer.java:buildContainerSet(303)) - Build ContainerSet costs 0s
2023-04-11 17:16:34,523 [Listener at 127.0.0.1/41353] INFO  server.RaftServer (ConfUtils.java:logGet(46)) - raft.rpc.type = GRPC (default)
2023-04-11 17:16:34,524 [Listener at 127.0.0.1/41353] INFO  grpc.GrpcConfigKeys (ConfUtils.java:logFallback(53)) - raft.grpc.admin.host = null (fallback to raft.grpc.server.host)
2023-04-11 17:16:34,524 [Listener at 127.0.0.1/41353] INFO  grpc.GrpcConfigKeys (ConfUtils.java:logGet(46)) - raft.grpc.admin.port = 0 (custom)
2023-04-11 17:16:34,527 [Listener at 127.0.0.1/41353] INFO  grpc.GrpcConfigKeys (ConfUtils.java:logFallback(53)) - raft.grpc.client.host = null (fallback to raft.grpc.server.host)
2023-04-11 17:16:34,527 [Listener at 127.0.0.1/41353] INFO  grpc.GrpcConfigKeys (ConfUtils.java:logGet(46)) - raft.grpc.client.port = 0 (custom)
2023-04-11 17:16:34,527 [Listener at 127.0.0.1/41353] INFO  grpc.GrpcConfigKeys (ConfUtils.java:logGet(46)) - raft.grpc.server.host = null (default)
2023-04-11 17:16:34,527 [Listener at 127.0.0.1/41353] INFO  grpc.GrpcConfigKeys (ConfUtils.java:logGet(46)) - raft.grpc.server.port = 0 (default)
2023-04-11 17:16:34,528 [Listener at 127.0.0.1/41353] INFO  server.GrpcService (ConfUtils.java:logGet(46)) - raft.grpc.message.size.max = 32MB (=33554432) (custom)
2023-04-11 17:16:34,528 [Listener at 127.0.0.1/41353] INFO  server.RaftServerConfigKeys (ConfUtils.java:logGet(46)) - raft.server.log.appender.buffer.byte-limit = 33554432 (custom)
2023-04-11 17:16:34,528 [Listener at 127.0.0.1/41353] INFO  server.GrpcService (ConfUtils.java:logGet(46)) - raft.grpc.flow.control.window = 5MB (=5242880) (custom)
2023-04-11 17:16:34,528 [Listener at 127.0.0.1/41353] INFO  server.RaftServerConfigKeys (ConfUtils.java:logGet(46)) - raft.server.rpc.request.timeout = 60s (custom)
2023-04-11 17:16:34,528 [Listener at 127.0.0.1/41353] INFO  grpc.GrpcConfigKeys (ConfUtils.java:logGet(46)) - raft.grpc.server.heartbeat.channel = true (default)
2023-04-11 17:16:34,528 [Listener at 127.0.0.1/41353] INFO  grpc.GrpcConfigKeys (ConfUtils.java:logGet(46)) - raft.grpc.server.async.request.thread.pool.cached = true (default)
2023-04-11 17:16:34,528 [Listener at 127.0.0.1/41353] INFO  grpc.GrpcConfigKeys (ConfUtils.java:logGet(46)) - raft.grpc.server.async.request.thread.pool.size = 32 (default)
2023-04-11 17:16:34,529 [Listener at 127.0.0.1/41353] INFO  impl.DataStreamServerImpl (ConfUtils.java:logGet(46)) - raft.datastream.type = NETTY (custom)
2023-04-11 17:16:34,530 [Listener at 127.0.0.1/41353] INFO  server.RaftServerConfigKeys (ConfUtils.java:logGet(46)) - raft.server.data-stream.async.request.thread.pool.cached = false (default)
2023-04-11 17:16:34,530 [Listener at 127.0.0.1/41353] INFO  server.RaftServerConfigKeys (ConfUtils.java:logGet(46)) - raft.server.data-stream.async.request.thread.pool.size = 20 (custom)
2023-04-11 17:16:34,530 [Listener at 127.0.0.1/41353] INFO  server.RaftServerConfigKeys (ConfUtils.java:logGet(46)) - raft.server.data-stream.async.write.thread.pool.size = 16 (default)
2023-04-11 17:16:34,530 [Listener at 127.0.0.1/41353] INFO  server.RaftServerConfigKeys (ConfUtils.java:logGet(46)) - raft.server.data-stream.client.pool.size = 10 (default)
2023-04-11 17:16:34,530 [Listener at 127.0.0.1/41353] INFO  netty.NettyConfigKeys$DataStream (ConfUtils.java:logGet(46)) - raft.netty.dataStream.server.use-epoll = false (default)
2023-04-11 17:16:34,534 [Listener at 127.0.0.1/41353] INFO  netty.NettyConfigKeys$DataStream (ConfUtils.java:logGet(46)) - raft.netty.dataStream.server.boss-group.size = 0 (default)
2023-04-11 17:16:34,535 [Listener at 127.0.0.1/41353] INFO  netty.NettyConfigKeys$DataStream (ConfUtils.java:logGet(46)) - raft.netty.dataStream.server.worker-group.size = 0 (default)
2023-04-11 17:16:34,535 [Listener at 127.0.0.1/41353] INFO  netty.NettyConfigKeys$DataStream (ConfUtils.java:logGet(46)) - raft.netty.dataStream.server.tls.conf = null (default)
2023-04-11 17:16:34,535 [Listener at 127.0.0.1/41353] INFO  netty.NettyConfigKeys$DataStream (ConfUtils.java:logGet(46)) - raft.netty.dataStream.host = null (default)
2023-04-11 17:16:34,535 [Listener at 127.0.0.1/41353] INFO  netty.NettyConfigKeys$DataStream (ConfUtils.java:logGet(46)) - raft.netty.dataStream.port = 0 (default)
2023-04-11 17:16:34,538 [Listener at 127.0.0.1/41353] INFO  server.RaftServerConfigKeys (ConfUtils.java:logGet(46)) - raft.server.threadpool.proxy.cached = true (default)
2023-04-11 17:16:34,538 [Listener at 127.0.0.1/41353] INFO  server.RaftServerConfigKeys (ConfUtils.java:logGet(46)) - raft.server.threadpool.proxy.size = 0 (default)
2023-04-11 17:16:34,538 [Listener at 127.0.0.1/41353] INFO  server.RaftServerConfigKeys (ConfUtils.java:logGet(46)) - raft.server.rpc.slowness.timeout = 300s (custom)
2023-04-11 17:16:34,539 [Listener at 127.0.0.1/41353] INFO  server.RaftServerConfigKeys (ConfUtils.java:logGet(46)) - raft.server.leaderelection.leader.step-down.wait-time = 10s (default)
2023-04-11 17:16:34,539 [Listener at 127.0.0.1/41353] INFO  server.RaftServerConfigKeys (ConfUtils.java:logGet(46)) - raft.server.storage.dir = [/home/runner/work/ozone/ozone/hadoop-ozone/integration-test/target/test-dir/MiniOzoneClusterImpl-c6c5b2ab-f103-43fd-a9c8-44793663f5fe/datanode-3/data/ratis] (custom)
2023-04-11 17:16:34,540 [f773ed51-7a93-4584-ad9a-f2b89fe87645-NettyServerStreamRpc-bossGroup--thread1] INFO  logging.LoggingHandler (AbstractInternalLogger.java:log(148)) - [id: 0xed336013] REGISTERED
2023-04-11 17:16:34,541 [f773ed51-7a93-4584-ad9a-f2b89fe87645-NettyServerStreamRpc-bossGroup--thread1] INFO  logging.LoggingHandler (AbstractInternalLogger.java:log(148)) - [id: 0xed336013] BIND: 0.0.0.0/0.0.0.0:0
2023-04-11 17:16:34,541 [f773ed51-7a93-4584-ad9a-f2b89fe87645-NettyServerStreamRpc-bossGroup--thread1] INFO  logging.LoggingHandler (AbstractInternalLogger.java:log(148)) - [id: 0xed336013, L:/0:0:0:0:0:0:0:0:39279] ACTIVE
2023-04-11 17:16:34,542 [Listener at 127.0.0.1/41353] INFO  server.XceiverServerGrpc (XceiverServerGrpc.java:<init>(132)) - GrpcServer channel type EpollServerSocketChannel
2023-04-11 17:16:34,552 [Listener at 127.0.0.1/41353] INFO  http.BaseHttpServer (BaseHttpServer.java:newHttpServer2BuilderForOzone(224)) - Starting Web-server for hddsDatanode at: http://0.0.0.0:0
2023-04-11 17:16:34,552 [Listener at 127.0.0.1/41353] INFO  http.BaseHttpServer (BaseHttpServer.java:<init>(111)) - Hadoop Security Enabled: false Ozone Security Enabled: false Ozone HTTP Security Enabled: false 
2023-04-11 17:16:34,554 [Listener at 127.0.0.1/41353] WARN  server.AuthenticationFilter (AuthenticationFilter.java:constructSecretProvider(240)) - Unable to initialize FileSignerSecretProvider, falling back to use random secrets. Reason: Could not read signature secret file: /home/runner/hadoop-http-auth-signature-secret
2023-04-11 17:16:34,556 [Listener at 127.0.0.1/41353] WARN  http.HttpRequestLog (HttpRequestLog.java:getRequestLog(103)) - Jetty request log can only be enabled using Log4j
2023-04-11 17:16:34,559 [Listener at 127.0.0.1/41353] INFO  http.HttpServer2 (HttpServer2.java:addGlobalFilter(1031)) - Added global filter 'safety' (class=org.apache.hadoop.hdds.server.http.HttpServer2$QuotingInputFilter)
2023-04-11 17:16:34,560 [Listener at 127.0.0.1/41353] INFO  http.HttpServer2 (HttpServer2.java:addFilter(1007)) - Added filter static_user_filter (class=org.apache.hadoop.http.lib.StaticUserWebFilter$StaticUserFilter) to context hddsDatanode
2023-04-11 17:16:34,560 [Listener at 127.0.0.1/41353] INFO  http.HttpServer2 (HttpServer2.java:addFilter(1015)) - Added filter static_user_filter (class=org.apache.hadoop.http.lib.StaticUserWebFilter$StaticUserFilter) to context static
2023-04-11 17:16:34,561 [Listener at 127.0.0.1/41353] INFO  http.HttpServer2 (HttpServer2.java:addFilter(1015)) - Added filter static_user_filter (class=org.apache.hadoop.http.lib.StaticUserWebFilter$StaticUserFilter) to context logs
2023-04-11 17:16:34,562 [Listener at 127.0.0.1/41353] INFO  http.BaseHttpServer (BaseHttpServer.java:<init>(190)) - HTTP server of hddsDatanode uses base directory /home/runner/work/ozone/ozone/hadoop-ozone/integration-test/target/test-dir/MiniOzoneClusterImpl-c6c5b2ab-f103-43fd-a9c8-44793663f5fe/datanode-3/meta/webserver
2023-04-11 17:16:34,562 [Listener at 127.0.0.1/41353] INFO  http.HttpServer2 (HttpServer2.java:bindListener(1250)) - Jetty bound to port 41903
2023-04-11 17:16:34,562 [Listener at 127.0.0.1/41353] INFO  server.Server (Server.java:doStart(375)) - jetty-9.4.49.v20220914; built: 2022-09-14T01:07:36.601Z; git: 4231a3b2e4cb8548a412a789936d640a97b1aa0a; jvm 1.8.0_362-b09
2023-04-11 17:16:34,564 [Listener at 127.0.0.1/41353] INFO  server.session (DefaultSessionIdManager.java:doStart(334)) - DefaultSessionIdManager workerName=node0
2023-04-11 17:16:34,565 [Listener at 127.0.0.1/41353] INFO  server.session (DefaultSessionIdManager.java:doStart(339)) - No SessionScavenger set, using defaults
2023-04-11 17:16:34,565 [Listener at 127.0.0.1/41353] INFO  server.session (HouseKeeper.java:startScavenging(132)) - node0 Scavenging every 600000ms
2023-04-11 17:16:34,567 [Listener at 127.0.0.1/41353] INFO  handler.ContextHandler (ContextHandler.java:doStart(921)) - Started o.e.j.s.ServletContextHandler@298d0364{logs,/logs,file:///home/runner/work/ozone/ozone/hadoop-ozone/integration-test/target/log,AVAILABLE}
2023-04-11 17:16:34,568 [Listener at 127.0.0.1/41353] INFO  handler.ContextHandler (ContextHandler.java:doStart(921)) - Started o.e.j.s.ServletContextHandler@6f354cf6{static,/static,jar:file:/home/runner/.m2/repository/org/apache/ozone/hdds-container-service/1.4.0-SNAPSHOT/hdds-container-service-1.4.0-SNAPSHOT.jar!/webapps/static,AVAILABLE}
2023-04-11 17:16:34,781 [Listener at 127.0.0.1/41353] INFO  handler.ContextHandler (ContextHandler.java:doStart(921)) - Started o.e.j.w.WebAppContext@2b7be984{hddsDatanode,/,file:///home/runner/work/ozone/ozone/hadoop-ozone/integration-test/target/test-dir/MiniOzoneClusterImpl-c6c5b2ab-f103-43fd-a9c8-44793663f5fe/datanode-3/meta/webserver/jetty-0_0_0_0-41903-hdds-container-service-1_4_0-SNAPSHOT_jar-_-any-8000971096976496870/webapp/,AVAILABLE}{jar:file:/home/runner/.m2/repository/org/apache/ozone/hdds-container-service/1.4.0-SNAPSHOT/hdds-container-service-1.4.0-SNAPSHOT.jar!/webapps/hddsDatanode}
2023-04-11 17:16:34,783 [Listener at 127.0.0.1/41353] INFO  server.AbstractConnector (AbstractConnector.java:doStart(333)) - Started ServerConnector@4e0a5927{HTTP/1.1, (http/1.1)}{0.0.0.0:41903}
2023-04-11 17:16:34,783 [Listener at 127.0.0.1/41353] INFO  server.Server (Server.java:doStart(415)) - Started @10828ms
2023-04-11 17:16:34,783 [Listener at 127.0.0.1/41353] WARN  impl.MetricsSystemImpl (MetricsSystemImpl.java:register(279)) - Sink prometheus already exists!
2023-04-11 17:16:34,784 [Listener at 127.0.0.1/41353] INFO  http.BaseHttpServer (BaseHttpServer.java:updateConnectorAddress(344)) - HTTP server of hddsDatanode listening at http://0.0.0.0:41903
2023-04-11 17:16:34,785 [Datanode State Machine Daemon Thread] INFO  statemachine.DatanodeStateMachine (DatanodeStateMachine.java:lambda$startDaemon$0(517)) - Ozone container server started.
2023-04-11 17:16:34,786 [Listener at 127.0.0.1/41353] WARN  impl.MetricRegistriesImpl (MetricRegistriesImpl.java:addReporterRegistration(111)) - New reporters are added after registries were created. Some metrics will be missing from the reporter. Please add reporter before adding any new registry.
2023-04-11 17:16:34,787 [Listener at 127.0.0.1/41353] WARN  impl.MetricRegistriesImpl (MetricRegistriesImpl.java:addReporterRegistration(111)) - New reporters are added after registries were created. Some metrics will be missing from the reporter. Please add reporter before adding any new registry.
2023-04-11 17:16:34,787 [Listener at 127.0.0.1/41353] INFO  impl.MetricsSystemImpl (MetricsSystemImpl.java:init(158)) - HddsDatanode metrics system started (again)
2023-04-11 17:16:34,800 [Listener at 127.0.0.1/41353] INFO  ozone.HddsDatanodeService (HddsDatanodeService.java:start(252)) - HddsDatanodeService host:fv-az377-102.ap30g4v5sw5evmjtdmxdg2w53f.dx.internal.cloudapp.net ip:10.1.0.70
2023-04-11 17:16:34,801 [org.apache.hadoop.util.JvmPauseMonitor$Monitor@56ad8803] INFO  util.JvmPauseMonitor (JvmPauseMonitor.java:run(188)) - Starting JVM pause monitor
2023-04-11 17:16:34,806 [Datanode State Machine Task Thread - 0] INFO  datanode.InitDatanodeState (InitDatanodeState.java:persistContainerDatanodeDetails(138)) - DatanodeDetails is persisted to /home/runner/work/ozone/ozone/hadoop-ozone/integration-test/target/test-dir/MiniOzoneClusterImpl-c6c5b2ab-f103-43fd-a9c8-44793663f5fe/datanode-3/meta/datanode.id
2023-04-11 17:16:34,822 [Listener at 127.0.0.1/41353] INFO  upgrade.AbstractLayoutVersionManager (AbstractLayoutVersionManager.java:init(83)) - Initializing Layout version manager with metadata layout = WEBUI_PORTS_IN_DATANODEDETAILS (version = 6), software layout = WEBUI_PORTS_IN_DATANODEDETAILS (version = 6)
2023-04-11 17:16:34,874 [Listener at 127.0.0.1/41353] INFO  reflections.Reflections (Reflections.java:scan(232)) - Reflections took 51 ms to scan 7 urls, producing 156 keys and 369 values 
2023-04-11 17:16:34,876 [Listener at 127.0.0.1/41353] INFO  statemachine.DatanodeStateMachine (DatanodeStateMachine.java:getEndPointTaskThreadPoolSize(260)) - Datanode State Machine Task Thread Pool size 2
2023-04-11 17:16:34,878 [Listener at 127.0.0.1/41353] INFO  volume.HddsVolume (HddsVolume.java:<init>(130)) - Creating HddsVolume: /home/runner/work/ozone/ozone/hadoop-ozone/integration-test/target/test-dir/MiniOzoneClusterImpl-c6c5b2ab-f103-43fd-a9c8-44793663f5fe/datanode-4/data-0/containers/hdds of storage type : DISK capacity : 9223372036854775807
2023-04-11 17:16:34,878 [Listener at 127.0.0.1/41353] INFO  volume.MutableVolumeSet (MutableVolumeSet.java:initializeVolumeSet(175)) - Added Volume : /home/runner/work/ozone/ozone/hadoop-ozone/integration-test/target/test-dir/MiniOzoneClusterImpl-c6c5b2ab-f103-43fd-a9c8-44793663f5fe/datanode-4/data-0/containers/hdds to VolumeSet
2023-04-11 17:16:34,878 [Listener at 127.0.0.1/41353] INFO  volume.ThrottledAsyncChecker (ThrottledAsyncChecker.java:schedule(141)) - Scheduling a check for /home/runner/work/ozone/ozone/hadoop-ozone/integration-test/target/test-dir/MiniOzoneClusterImpl-c6c5b2ab-f103-43fd-a9c8-44793663f5fe/datanode-4/data-0/containers/hdds
2023-04-11 17:16:34,921 [Listener at 127.0.0.1/41353] INFO  volume.StorageVolumeChecker (StorageVolumeChecker.java:checkAllVolumes(202)) - Scheduled health check for volume /home/runner/work/ozone/ozone/hadoop-ozone/integration-test/target/test-dir/MiniOzoneClusterImpl-c6c5b2ab-f103-43fd-a9c8-44793663f5fe/datanode-4/data-0/containers/hdds
2023-04-11 17:16:34,941 [Listener at 127.0.0.1/41353] INFO  volume.MutableVolumeSet (MutableVolumeSet.java:initializeVolumeSet(175)) - Added Volume : /home/runner/work/ozone/ozone/hadoop-ozone/integration-test/target/test-dir/MiniOzoneClusterImpl-c6c5b2ab-f103-43fd-a9c8-44793663f5fe/datanode-4/data/ratis to VolumeSet
2023-04-11 17:16:34,941 [Listener at 127.0.0.1/41353] INFO  volume.ThrottledAsyncChecker (ThrottledAsyncChecker.java:schedule(141)) - Scheduling a check for /home/runner/work/ozone/ozone/hadoop-ozone/integration-test/target/test-dir/MiniOzoneClusterImpl-c6c5b2ab-f103-43fd-a9c8-44793663f5fe/datanode-4/data/ratis
2023-04-11 17:16:34,941 [Listener at 127.0.0.1/41353] INFO  volume.StorageVolumeChecker (StorageVolumeChecker.java:checkAllVolumes(202)) - Scheduled health check for volume /home/runner/work/ozone/ozone/hadoop-ozone/integration-test/target/test-dir/MiniOzoneClusterImpl-c6c5b2ab-f103-43fd-a9c8-44793663f5fe/datanode-4/data/ratis
2023-04-11 17:16:34,955 [Thread-195] INFO  ozoneimpl.ContainerReader (ContainerReader.java:readVolume(175)) - Finish verifying containers on volume /home/runner/work/ozone/ozone/hadoop-ozone/integration-test/target/test-dir/MiniOzoneClusterImpl-c6c5b2ab-f103-43fd-a9c8-44793663f5fe/datanode-4/data-0/containers/hdds
2023-04-11 17:16:34,956 [Listener at 127.0.0.1/41353] INFO  ozoneimpl.OzoneContainer (OzoneContainer.java:buildContainerSet(303)) - Build ContainerSet costs 0s
2023-04-11 17:16:34,960 [Listener at 127.0.0.1/41353] INFO  server.RaftServer (ConfUtils.java:logGet(46)) - raft.rpc.type = GRPC (default)
2023-04-11 17:16:34,961 [Listener at 127.0.0.1/41353] INFO  grpc.GrpcConfigKeys (ConfUtils.java:logFallback(53)) - raft.grpc.admin.host = null (fallback to raft.grpc.server.host)
2023-04-11 17:16:34,961 [Listener at 127.0.0.1/41353] INFO  grpc.GrpcConfigKeys (ConfUtils.java:logGet(46)) - raft.grpc.admin.port = 0 (custom)
2023-04-11 17:16:34,961 [Listener at 127.0.0.1/41353] INFO  grpc.GrpcConfigKeys (ConfUtils.java:logFallback(53)) - raft.grpc.client.host = null (fallback to raft.grpc.server.host)
2023-04-11 17:16:34,961 [Listener at 127.0.0.1/41353] INFO  grpc.GrpcConfigKeys (ConfUtils.java:logGet(46)) - raft.grpc.client.port = 0 (custom)
2023-04-11 17:16:34,961 [Listener at 127.0.0.1/41353] INFO  grpc.GrpcConfigKeys (ConfUtils.java:logGet(46)) - raft.grpc.server.host = null (default)
2023-04-11 17:16:34,961 [Listener at 127.0.0.1/41353] INFO  grpc.GrpcConfigKeys (ConfUtils.java:logGet(46)) - raft.grpc.server.port = 0 (default)
2023-04-11 17:16:34,961 [Listener at 127.0.0.1/41353] INFO  server.GrpcService (ConfUtils.java:logGet(46)) - raft.grpc.message.size.max = 32MB (=33554432) (custom)
2023-04-11 17:16:34,961 [Listener at 127.0.0.1/41353] INFO  server.RaftServerConfigKeys (ConfUtils.java:logGet(46)) - raft.server.log.appender.buffer.byte-limit = 33554432 (custom)
2023-04-11 17:16:34,962 [Listener at 127.0.0.1/41353] INFO  server.GrpcService (ConfUtils.java:logGet(46)) - raft.grpc.flow.control.window = 5MB (=5242880) (custom)
2023-04-11 17:16:34,962 [Listener at 127.0.0.1/41353] INFO  server.RaftServerConfigKeys (ConfUtils.java:logGet(46)) - raft.server.rpc.request.timeout = 60s (custom)
2023-04-11 17:16:34,962 [Listener at 127.0.0.1/41353] INFO  grpc.GrpcConfigKeys (ConfUtils.java:logGet(46)) - raft.grpc.server.heartbeat.channel = true (default)
2023-04-11 17:16:34,962 [Listener at 127.0.0.1/41353] INFO  grpc.GrpcConfigKeys (ConfUtils.java:logGet(46)) - raft.grpc.server.async.request.thread.pool.cached = true (default)
2023-04-11 17:16:34,962 [Listener at 127.0.0.1/41353] INFO  grpc.GrpcConfigKeys (ConfUtils.java:logGet(46)) - raft.grpc.server.async.request.thread.pool.size = 32 (default)
2023-04-11 17:16:34,963 [Listener at 127.0.0.1/41353] INFO  impl.DataStreamServerImpl (ConfUtils.java:logGet(46)) - raft.datastream.type = NETTY (custom)
2023-04-11 17:16:34,964 [Listener at 127.0.0.1/41353] INFO  server.RaftServerConfigKeys (ConfUtils.java:logGet(46)) - raft.server.data-stream.async.request.thread.pool.cached = false (default)
2023-04-11 17:16:34,972 [Listener at 127.0.0.1/41353] INFO  server.RaftServerConfigKeys (ConfUtils.java:logGet(46)) - raft.server.data-stream.async.request.thread.pool.size = 20 (custom)
2023-04-11 17:16:34,972 [Listener at 127.0.0.1/41353] INFO  server.RaftServerConfigKeys (ConfUtils.java:logGet(46)) - raft.server.data-stream.async.write.thread.pool.size = 16 (default)
2023-04-11 17:16:34,973 [Listener at 127.0.0.1/41353] INFO  server.RaftServerConfigKeys (ConfUtils.java:logGet(46)) - raft.server.data-stream.client.pool.size = 10 (default)
2023-04-11 17:16:34,973 [Listener at 127.0.0.1/41353] INFO  netty.NettyConfigKeys$DataStream (ConfUtils.java:logGet(46)) - raft.netty.dataStream.server.use-epoll = false (default)
2023-04-11 17:16:34,973 [Listener at 127.0.0.1/41353] INFO  netty.NettyConfigKeys$DataStream (ConfUtils.java:logGet(46)) - raft.netty.dataStream.server.boss-group.size = 0 (default)
2023-04-11 17:16:34,973 [Listener at 127.0.0.1/41353] INFO  netty.NettyConfigKeys$DataStream (ConfUtils.java:logGet(46)) - raft.netty.dataStream.server.worker-group.size = 0 (default)
2023-04-11 17:16:34,974 [Listener at 127.0.0.1/41353] INFO  netty.NettyConfigKeys$DataStream (ConfUtils.java:logGet(46)) - raft.netty.dataStream.server.tls.conf = null (default)
2023-04-11 17:16:34,974 [Listener at 127.0.0.1/41353] INFO  netty.NettyConfigKeys$DataStream (ConfUtils.java:logGet(46)) - raft.netty.dataStream.host = null (default)
2023-04-11 17:16:34,974 [Listener at 127.0.0.1/41353] INFO  netty.NettyConfigKeys$DataStream (ConfUtils.java:logGet(46)) - raft.netty.dataStream.port = 0 (default)
2023-04-11 17:16:34,978 [Listener at 127.0.0.1/41353] INFO  server.RaftServerConfigKeys (ConfUtils.java:logGet(46)) - raft.server.threadpool.proxy.cached = true (default)
2023-04-11 17:16:34,978 [Listener at 127.0.0.1/41353] INFO  server.RaftServerConfigKeys (ConfUtils.java:logGet(46)) - raft.server.threadpool.proxy.size = 0 (default)
2023-04-11 17:16:34,978 [Listener at 127.0.0.1/41353] INFO  server.RaftServerConfigKeys (ConfUtils.java:logGet(46)) - raft.server.rpc.slowness.timeout = 300s (custom)
2023-04-11 17:16:34,978 [Listener at 127.0.0.1/41353] INFO  server.RaftServerConfigKeys (ConfUtils.java:logGet(46)) - raft.server.leaderelection.leader.step-down.wait-time = 10s (default)
2023-04-11 17:16:34,978 [Listener at 127.0.0.1/41353] INFO  server.RaftServerConfigKeys (ConfUtils.java:logGet(46)) - raft.server.storage.dir = [/home/runner/work/ozone/ozone/hadoop-ozone/integration-test/target/test-dir/MiniOzoneClusterImpl-c6c5b2ab-f103-43fd-a9c8-44793663f5fe/datanode-4/data/ratis] (custom)
2023-04-11 17:16:34,986 [Listener at 127.0.0.1/41353] INFO  server.XceiverServerGrpc (XceiverServerGrpc.java:<init>(132)) - GrpcServer channel type EpollServerSocketChannel
2023-04-11 17:16:34,987 [ff5646e7-cde4-4000-b2d9-463cca811cba-NettyServerStreamRpc-bossGroup--thread1] INFO  logging.LoggingHandler (AbstractInternalLogger.java:log(148)) - [id: 0x15837f46] REGISTERED
2023-04-11 17:16:34,987 [ff5646e7-cde4-4000-b2d9-463cca811cba-NettyServerStreamRpc-bossGroup--thread1] INFO  logging.LoggingHandler (AbstractInternalLogger.java:log(148)) - [id: 0x15837f46] BIND: 0.0.0.0/0.0.0.0:0
2023-04-11 17:16:34,987 [ff5646e7-cde4-4000-b2d9-463cca811cba-NettyServerStreamRpc-bossGroup--thread1] INFO  logging.LoggingHandler (AbstractInternalLogger.java:log(148)) - [id: 0x15837f46, L:/0:0:0:0:0:0:0:0:39745] ACTIVE
2023-04-11 17:16:34,990 [Listener at 127.0.0.1/41353] INFO  http.BaseHttpServer (BaseHttpServer.java:newHttpServer2BuilderForOzone(224)) - Starting Web-server for hddsDatanode at: http://0.0.0.0:0
2023-04-11 17:16:34,990 [Listener at 127.0.0.1/41353] INFO  http.BaseHttpServer (BaseHttpServer.java:<init>(111)) - Hadoop Security Enabled: false Ozone Security Enabled: false Ozone HTTP Security Enabled: false 
2023-04-11 17:16:34,992 [Listener at 127.0.0.1/41353] WARN  server.AuthenticationFilter (AuthenticationFilter.java:constructSecretProvider(240)) - Unable to initialize FileSignerSecretProvider, falling back to use random secrets. Reason: Could not read signature secret file: /home/runner/hadoop-http-auth-signature-secret
2023-04-11 17:16:34,992 [Listener at 127.0.0.1/41353] WARN  http.HttpRequestLog (HttpRequestLog.java:getRequestLog(103)) - Jetty request log can only be enabled using Log4j
2023-04-11 17:16:34,994 [Listener at 127.0.0.1/41353] INFO  http.HttpServer2 (HttpServer2.java:addGlobalFilter(1031)) - Added global filter 'safety' (class=org.apache.hadoop.hdds.server.http.HttpServer2$QuotingInputFilter)
2023-04-11 17:16:34,995 [Listener at 127.0.0.1/41353] INFO  http.HttpServer2 (HttpServer2.java:addFilter(1007)) - Added filter static_user_filter (class=org.apache.hadoop.http.lib.StaticUserWebFilter$StaticUserFilter) to context hddsDatanode
2023-04-11 17:16:34,995 [Listener at 127.0.0.1/41353] INFO  http.HttpServer2 (HttpServer2.java:addFilter(1015)) - Added filter static_user_filter (class=org.apache.hadoop.http.lib.StaticUserWebFilter$StaticUserFilter) to context logs
2023-04-11 17:16:34,995 [Listener at 127.0.0.1/41353] INFO  http.HttpServer2 (HttpServer2.java:addFilter(1015)) - Added filter static_user_filter (class=org.apache.hadoop.http.lib.StaticUserWebFilter$StaticUserFilter) to context static
2023-04-11 17:16:34,996 [Listener at 127.0.0.1/41353] INFO  http.BaseHttpServer (BaseHttpServer.java:<init>(190)) - HTTP server of hddsDatanode uses base directory /home/runner/work/ozone/ozone/hadoop-ozone/integration-test/target/test-dir/MiniOzoneClusterImpl-c6c5b2ab-f103-43fd-a9c8-44793663f5fe/datanode-4/meta/webserver
2023-04-11 17:16:34,996 [Listener at 127.0.0.1/41353] INFO  http.HttpServer2 (HttpServer2.java:bindListener(1250)) - Jetty bound to port 41045
2023-04-11 17:16:34,996 [Listener at 127.0.0.1/41353] INFO  server.Server (Server.java:doStart(375)) - jetty-9.4.49.v20220914; built: 2022-09-14T01:07:36.601Z; git: 4231a3b2e4cb8548a412a789936d640a97b1aa0a; jvm 1.8.0_362-b09
2023-04-11 17:16:35,003 [Listener at 127.0.0.1/41353] INFO  server.session (DefaultSessionIdManager.java:doStart(334)) - DefaultSessionIdManager workerName=node0
2023-04-11 17:16:35,003 [Listener at 127.0.0.1/41353] INFO  server.session (DefaultSessionIdManager.java:doStart(339)) - No SessionScavenger set, using defaults
2023-04-11 17:16:35,003 [Listener at 127.0.0.1/41353] INFO  server.session (HouseKeeper.java:startScavenging(132)) - node0 Scavenging every 600000ms
2023-04-11 17:16:35,004 [Listener at 127.0.0.1/41353] INFO  handler.ContextHandler (ContextHandler.java:doStart(921)) - Started o.e.j.s.ServletContextHandler@1a3bebf9{logs,/logs,file:///home/runner/work/ozone/ozone/hadoop-ozone/integration-test/target/log,AVAILABLE}
2023-04-11 17:16:35,004 [Listener at 127.0.0.1/41353] INFO  handler.ContextHandler (ContextHandler.java:doStart(921)) - Started o.e.j.s.ServletContextHandler@6b238c47{static,/static,jar:file:/home/runner/.m2/repository/org/apache/ozone/hdds-container-service/1.4.0-SNAPSHOT/hdds-container-service-1.4.0-SNAPSHOT.jar!/webapps/static,AVAILABLE}
2023-04-11 17:16:35,226 [Listener at 127.0.0.1/41353] INFO  handler.ContextHandler (ContextHandler.java:doStart(921)) - Started o.e.j.w.WebAppContext@1ffae821{hddsDatanode,/,file:///home/runner/work/ozone/ozone/hadoop-ozone/integration-test/target/test-dir/MiniOzoneClusterImpl-c6c5b2ab-f103-43fd-a9c8-44793663f5fe/datanode-4/meta/webserver/jetty-0_0_0_0-41045-hdds-container-service-1_4_0-SNAPSHOT_jar-_-any-2706303905692574318/webapp/,AVAILABLE}{jar:file:/home/runner/.m2/repository/org/apache/ozone/hdds-container-service/1.4.0-SNAPSHOT/hdds-container-service-1.4.0-SNAPSHOT.jar!/webapps/hddsDatanode}
2023-04-11 17:16:35,228 [Listener at 127.0.0.1/41353] INFO  server.AbstractConnector (AbstractConnector.java:doStart(333)) - Started ServerConnector@686f50bf{HTTP/1.1, (http/1.1)}{0.0.0.0:41045}
2023-04-11 17:16:35,229 [Listener at 127.0.0.1/41353] INFO  server.Server (Server.java:doStart(415)) - Started @11274ms
2023-04-11 17:16:35,229 [Listener at 127.0.0.1/41353] WARN  impl.MetricsSystemImpl (MetricsSystemImpl.java:register(279)) - Sink prometheus already exists!
2023-04-11 17:16:35,229 [Listener at 127.0.0.1/41353] INFO  http.BaseHttpServer (BaseHttpServer.java:updateConnectorAddress(344)) - HTTP server of hddsDatanode listening at http://0.0.0.0:41045
2023-04-11 17:16:35,234 [Listener at 127.0.0.1/41353] INFO  ozone.MiniOzoneClusterImpl (MiniOzoneClusterImpl.java:lambda$waitForClusterToBeReady$0(222)) - Waiting for nodes to be ready. Got 0 of 5 DN Heartbeats.
2023-04-11 17:16:35,234 [Listener at 127.0.0.1/41353] INFO  ozone.MiniOzoneClusterImpl (MiniOzoneClusterImpl.java:lambda$waitForClusterToBeReady$0(225)) - Waiting for cluster to exit safe mode
2023-04-11 17:16:35,234 [Listener at 127.0.0.1/41353] INFO  ozone.MiniOzoneClusterImpl (MiniOzoneClusterImpl.java:lambda$waitForClusterToBeReady$0(227)) - SCM became leader
2023-04-11 17:16:35,234 [Datanode State Machine Daemon Thread] INFO  statemachine.DatanodeStateMachine (DatanodeStateMachine.java:lambda$startDaemon$0(517)) - Ozone container server started.
2023-04-11 17:16:35,246 [org.apache.hadoop.util.JvmPauseMonitor$Monitor@229976e2] INFO  util.JvmPauseMonitor (JvmPauseMonitor.java:run(188)) - Starting JVM pause monitor
2023-04-11 17:16:35,251 [Datanode State Machine Task Thread - 0] INFO  datanode.InitDatanodeState (InitDatanodeState.java:persistContainerDatanodeDetails(138)) - DatanodeDetails is persisted to /home/runner/work/ozone/ozone/hadoop-ozone/integration-test/target/test-dir/MiniOzoneClusterImpl-c6c5b2ab-f103-43fd-a9c8-44793663f5fe/datanode-4/meta/datanode.id
2023-04-11 17:16:35,547 [EndpointStateMachine task thread for /0.0.0.0:42271 - 0 ] INFO  utils.DatanodeStoreCache (DatanodeStoreCache.java:addDB(58)) - Added db /home/runner/work/ozone/ozone/hadoop-ozone/integration-test/target/test-dir/MiniOzoneClusterImpl-c6c5b2ab-f103-43fd-a9c8-44793663f5fe/datanode-0/data-0/containers/hdds/c6c5b2ab-f103-43fd-a9c8-44793663f5fe/DS-fbca8fff-ff9f-467c-b818-63c6fd60a8cd/container.db to cache
2023-04-11 17:16:35,547 [EndpointStateMachine task thread for /0.0.0.0:42271 - 0 ] INFO  volume.HddsVolume (HddsVolume.java:createDbStore(350)) - SchemaV3 db is created and loaded at /home/runner/work/ozone/ozone/hadoop-ozone/integration-test/target/test-dir/MiniOzoneClusterImpl-c6c5b2ab-f103-43fd-a9c8-44793663f5fe/datanode-0/data-0/containers/hdds/c6c5b2ab-f103-43fd-a9c8-44793663f5fe/DS-fbca8fff-ff9f-467c-b818-63c6fd60a8cd/container.db for volume DS-fbca8fff-ff9f-467c-b818-63c6fd60a8cd
2023-04-11 17:16:35,550 [EndpointStateMachine task thread for /0.0.0.0:42271 - 0 ] INFO  ozoneimpl.OzoneContainer (OzoneContainer.java:start(397)) - Attempting to start container services.
2023-04-11 17:16:35,553 [EndpointStateMachine task thread for /0.0.0.0:42271 - 0 ] INFO  ozoneimpl.OzoneContainer (OzoneContainer.java:startContainerScrub(314)) - Scheduled background container scanners and the on-demand container scanner have been disabled.
2023-04-11 17:16:35,555 [EndpointStateMachine task thread for /0.0.0.0:42271 - 0 ] INFO  replication.ReplicationServer (ReplicationServer.java:start(109)) - ReplicationServer is started using port 44095
2023-04-11 17:16:35,556 [EndpointStateMachine task thread for /0.0.0.0:42271 - 0 ] INFO  ratis.XceiverServerRatis (XceiverServerRatis.java:start(517)) - Starting XceiverServerRatis a41b41b2-6125-497a-a0cb-d7eb73039636
2023-04-11 17:16:35,561 [EndpointStateMachine task thread for /0.0.0.0:42271 - 0 ] INFO  server.RaftServer (RaftServerProxy.java:startImpl(393)) - a41b41b2-6125-497a-a0cb-d7eb73039636: start RPC server
2023-04-11 17:16:35,566 [EndpointStateMachine task thread for /0.0.0.0:42271 - 0 ] INFO  server.GrpcService (GrpcService.java:startImpl(262)) - a41b41b2-6125-497a-a0cb-d7eb73039636: GrpcService started, listening on 40391
2023-04-11 17:16:35,568 [EndpointStateMachine task thread for /0.0.0.0:42271 - 0 ] INFO  ratis.XceiverServerRatis (XceiverServerRatis.java:getRealPort(543)) - XceiverServerRatis a41b41b2-6125-497a-a0cb-d7eb73039636 is started using port 40391 for RATIS
2023-04-11 17:16:35,568 [EndpointStateMachine task thread for /0.0.0.0:42271 - 0 ] INFO  ratis.XceiverServerRatis (XceiverServerRatis.java:getRealPort(543)) - XceiverServerRatis a41b41b2-6125-497a-a0cb-d7eb73039636 is started using port 40391 for RATIS_ADMIN
2023-04-11 17:16:35,568 [EndpointStateMachine task thread for /0.0.0.0:42271 - 0 ] INFO  ratis.XceiverServerRatis (XceiverServerRatis.java:getRealPort(543)) - XceiverServerRatis a41b41b2-6125-497a-a0cb-d7eb73039636 is started using port 40391 for RATIS_SERVER
2023-04-11 17:16:35,568 [EndpointStateMachine task thread for /0.0.0.0:42271 - 0 ] INFO  ratis.XceiverServerRatis (XceiverServerRatis.java:getRealPort(543)) - XceiverServerRatis a41b41b2-6125-497a-a0cb-d7eb73039636 is started using port 45057 for RATIS_DATASTREAM
2023-04-11 17:16:35,569 [JvmPauseMonitor1] INFO  util.JvmPauseMonitor (JvmPauseMonitor.java:run(105)) - JvmPauseMonitor-a41b41b2-6125-497a-a0cb-d7eb73039636: Started
2023-04-11 17:16:35,589 [EndpointStateMachine task thread for /0.0.0.0:42271 - 0 ] INFO  server.XceiverServerGrpc (XceiverServerGrpc.java:start(180)) - XceiverServerGrpc a41b41b2-6125-497a-a0cb-d7eb73039636 is started using port 41495
2023-04-11 17:16:35,599 [BlockDeletingService#0] INFO  interfaces.ContainerDeletionChoosingPolicyTemplate (ContainerDeletionChoosingPolicyTemplate.java:chooseContainerForBlockDeletion(83)) - Chosen 0/5000 blocks from 0 candidate containers.
2023-04-11 17:16:36,032 [EndpointStateMachine task thread for /0.0.0.0:42271 - 0 ] INFO  utils.DatanodeStoreCache (DatanodeStoreCache.java:addDB(58)) - Added db /home/runner/work/ozone/ozone/hadoop-ozone/integration-test/target/test-dir/MiniOzoneClusterImpl-c6c5b2ab-f103-43fd-a9c8-44793663f5fe/datanode-1/data-0/containers/hdds/c6c5b2ab-f103-43fd-a9c8-44793663f5fe/DS-f4ac72a9-e7bd-4cc2-8733-73654781b1db/container.db to cache
2023-04-11 17:16:36,033 [EndpointStateMachine task thread for /0.0.0.0:42271 - 0 ] INFO  volume.HddsVolume (HddsVolume.java:createDbStore(350)) - SchemaV3 db is created and loaded at /home/runner/work/ozone/ozone/hadoop-ozone/integration-test/target/test-dir/MiniOzoneClusterImpl-c6c5b2ab-f103-43fd-a9c8-44793663f5fe/datanode-1/data-0/containers/hdds/c6c5b2ab-f103-43fd-a9c8-44793663f5fe/DS-f4ac72a9-e7bd-4cc2-8733-73654781b1db/container.db for volume DS-f4ac72a9-e7bd-4cc2-8733-73654781b1db
2023-04-11 17:16:36,034 [EndpointStateMachine task thread for /0.0.0.0:42271 - 0 ] INFO  ozoneimpl.OzoneContainer (OzoneContainer.java:start(397)) - Attempting to start container services.
2023-04-11 17:16:36,034 [EndpointStateMachine task thread for /0.0.0.0:42271 - 0 ] INFO  ozoneimpl.OzoneContainer (OzoneContainer.java:startContainerScrub(314)) - Scheduled background container scanners and the on-demand container scanner have been disabled.
2023-04-11 17:16:36,036 [EndpointStateMachine task thread for /0.0.0.0:42271 - 0 ] INFO  replication.ReplicationServer (ReplicationServer.java:start(109)) - ReplicationServer is started using port 42615
2023-04-11 17:16:36,036 [EndpointStateMachine task thread for /0.0.0.0:42271 - 0 ] INFO  ratis.XceiverServerRatis (XceiverServerRatis.java:start(517)) - Starting XceiverServerRatis 54fa8802-d5ce-4a45-bac9-9464a05e8046
2023-04-11 17:16:36,038 [EndpointStateMachine task thread for /0.0.0.0:42271 - 0 ] INFO  server.RaftServer (RaftServerProxy.java:startImpl(393)) - 54fa8802-d5ce-4a45-bac9-9464a05e8046: start RPC server
2023-04-11 17:16:36,040 [EndpointStateMachine task thread for /0.0.0.0:42271 - 0 ] INFO  server.GrpcService (GrpcService.java:startImpl(262)) - 54fa8802-d5ce-4a45-bac9-9464a05e8046: GrpcService started, listening on 41191
2023-04-11 17:16:36,041 [EndpointStateMachine task thread for /0.0.0.0:42271 - 0 ] INFO  ratis.XceiverServerRatis (XceiverServerRatis.java:getRealPort(543)) - XceiverServerRatis 54fa8802-d5ce-4a45-bac9-9464a05e8046 is started using port 41191 for RATIS
2023-04-11 17:16:36,041 [JvmPauseMonitor2] INFO  util.JvmPauseMonitor (JvmPauseMonitor.java:run(105)) - JvmPauseMonitor-54fa8802-d5ce-4a45-bac9-9464a05e8046: Started
2023-04-11 17:16:36,041 [EndpointStateMachine task thread for /0.0.0.0:42271 - 0 ] INFO  ratis.XceiverServerRatis (XceiverServerRatis.java:getRealPort(543)) - XceiverServerRatis 54fa8802-d5ce-4a45-bac9-9464a05e8046 is started using port 41191 for RATIS_ADMIN
2023-04-11 17:16:36,041 [EndpointStateMachine task thread for /0.0.0.0:42271 - 0 ] INFO  ratis.XceiverServerRatis (XceiverServerRatis.java:getRealPort(543)) - XceiverServerRatis 54fa8802-d5ce-4a45-bac9-9464a05e8046 is started using port 41191 for RATIS_SERVER
2023-04-11 17:16:36,041 [EndpointStateMachine task thread for /0.0.0.0:42271 - 0 ] INFO  ratis.XceiverServerRatis (XceiverServerRatis.java:getRealPort(543)) - XceiverServerRatis 54fa8802-d5ce-4a45-bac9-9464a05e8046 is started using port 38659 for RATIS_DATASTREAM
2023-04-11 17:16:36,044 [EndpointStateMachine task thread for /0.0.0.0:42271 - 0 ] INFO  server.XceiverServerGrpc (XceiverServerGrpc.java:start(180)) - XceiverServerGrpc 54fa8802-d5ce-4a45-bac9-9464a05e8046 is started using port 46643
2023-04-11 17:16:36,049 [BlockDeletingService#0] INFO  interfaces.ContainerDeletionChoosingPolicyTemplate (ContainerDeletionChoosingPolicyTemplate.java:chooseContainerForBlockDeletion(83)) - Chosen 0/5000 blocks from 0 candidate containers.
2023-04-11 17:16:36,234 [Listener at 127.0.0.1/41353] INFO  ozone.MiniOzoneClusterImpl (MiniOzoneClusterImpl.java:lambda$waitForClusterToBeReady$0(222)) - Waiting for nodes to be ready. Got 0 of 5 DN Heartbeats.
2023-04-11 17:16:36,234 [Listener at 127.0.0.1/41353] INFO  ozone.MiniOzoneClusterImpl (MiniOzoneClusterImpl.java:lambda$waitForClusterToBeReady$0(225)) - Waiting for cluster to exit safe mode
2023-04-11 17:16:36,235 [Listener at 127.0.0.1/41353] INFO  ozone.MiniOzoneClusterImpl (MiniOzoneClusterImpl.java:lambda$waitForClusterToBeReady$0(227)) - SCM became leader
2023-04-11 17:16:36,445 [EndpointStateMachine task thread for /0.0.0.0:42271 - 0 ] INFO  utils.DatanodeStoreCache (DatanodeStoreCache.java:addDB(58)) - Added db /home/runner/work/ozone/ozone/hadoop-ozone/integration-test/target/test-dir/MiniOzoneClusterImpl-c6c5b2ab-f103-43fd-a9c8-44793663f5fe/datanode-2/data-0/containers/hdds/c6c5b2ab-f103-43fd-a9c8-44793663f5fe/DS-da755cbe-1448-4168-969d-a3367b996572/container.db to cache
2023-04-11 17:16:36,445 [EndpointStateMachine task thread for /0.0.0.0:42271 - 0 ] INFO  volume.HddsVolume (HddsVolume.java:createDbStore(350)) - SchemaV3 db is created and loaded at /home/runner/work/ozone/ozone/hadoop-ozone/integration-test/target/test-dir/MiniOzoneClusterImpl-c6c5b2ab-f103-43fd-a9c8-44793663f5fe/datanode-2/data-0/containers/hdds/c6c5b2ab-f103-43fd-a9c8-44793663f5fe/DS-da755cbe-1448-4168-969d-a3367b996572/container.db for volume DS-da755cbe-1448-4168-969d-a3367b996572
2023-04-11 17:16:36,445 [EndpointStateMachine task thread for /0.0.0.0:42271 - 0 ] INFO  ozoneimpl.OzoneContainer (OzoneContainer.java:start(397)) - Attempting to start container services.
2023-04-11 17:16:36,445 [EndpointStateMachine task thread for /0.0.0.0:42271 - 0 ] INFO  ozoneimpl.OzoneContainer (OzoneContainer.java:startContainerScrub(314)) - Scheduled background container scanners and the on-demand container scanner have been disabled.
2023-04-11 17:16:36,448 [EndpointStateMachine task thread for /0.0.0.0:42271 - 0 ] INFO  replication.ReplicationServer (ReplicationServer.java:start(109)) - ReplicationServer is started using port 35517
2023-04-11 17:16:36,448 [EndpointStateMachine task thread for /0.0.0.0:42271 - 0 ] INFO  ratis.XceiverServerRatis (XceiverServerRatis.java:start(517)) - Starting XceiverServerRatis 30e95ef4-c50c-4a35-94a1-24945bf18908
2023-04-11 17:16:36,449 [EndpointStateMachine task thread for /0.0.0.0:42271 - 0 ] INFO  server.RaftServer (RaftServerProxy.java:startImpl(393)) - 30e95ef4-c50c-4a35-94a1-24945bf18908: start RPC server
2023-04-11 17:16:36,451 [EndpointStateMachine task thread for /0.0.0.0:42271 - 0 ] INFO  server.GrpcService (GrpcService.java:startImpl(262)) - 30e95ef4-c50c-4a35-94a1-24945bf18908: GrpcService started, listening on 38995
2023-04-11 17:16:36,451 [EndpointStateMachine task thread for /0.0.0.0:42271 - 0 ] INFO  ratis.XceiverServerRatis (XceiverServerRatis.java:getRealPort(543)) - XceiverServerRatis 30e95ef4-c50c-4a35-94a1-24945bf18908 is started using port 38995 for RATIS
2023-04-11 17:16:36,451 [JvmPauseMonitor3] INFO  util.JvmPauseMonitor (JvmPauseMonitor.java:run(105)) - JvmPauseMonitor-30e95ef4-c50c-4a35-94a1-24945bf18908: Started
2023-04-11 17:16:36,451 [EndpointStateMachine task thread for /0.0.0.0:42271 - 0 ] INFO  ratis.XceiverServerRatis (XceiverServerRatis.java:getRealPort(543)) - XceiverServerRatis 30e95ef4-c50c-4a35-94a1-24945bf18908 is started using port 38995 for RATIS_ADMIN
2023-04-11 17:16:36,451 [EndpointStateMachine task thread for /0.0.0.0:42271 - 0 ] INFO  ratis.XceiverServerRatis (XceiverServerRatis.java:getRealPort(543)) - XceiverServerRatis 30e95ef4-c50c-4a35-94a1-24945bf18908 is started using port 38995 for RATIS_SERVER
2023-04-11 17:16:36,451 [EndpointStateMachine task thread for /0.0.0.0:42271 - 0 ] INFO  ratis.XceiverServerRatis (XceiverServerRatis.java:getRealPort(543)) - XceiverServerRatis 30e95ef4-c50c-4a35-94a1-24945bf18908 is started using port 43279 for RATIS_DATASTREAM
2023-04-11 17:16:36,457 [EndpointStateMachine task thread for /0.0.0.0:42271 - 0 ] INFO  server.XceiverServerGrpc (XceiverServerGrpc.java:start(180)) - XceiverServerGrpc 30e95ef4-c50c-4a35-94a1-24945bf18908 is started using port 43313
2023-04-11 17:16:36,466 [BlockDeletingService#0] INFO  interfaces.ContainerDeletionChoosingPolicyTemplate (ContainerDeletionChoosingPolicyTemplate.java:chooseContainerForBlockDeletion(83)) - Chosen 0/5000 blocks from 0 candidate containers.
2023-04-11 17:16:36,840 [EndpointStateMachine task thread for /0.0.0.0:42271 - 0 ] INFO  utils.DatanodeStoreCache (DatanodeStoreCache.java:addDB(58)) - Added db /home/runner/work/ozone/ozone/hadoop-ozone/integration-test/target/test-dir/MiniOzoneClusterImpl-c6c5b2ab-f103-43fd-a9c8-44793663f5fe/datanode-3/data-0/containers/hdds/c6c5b2ab-f103-43fd-a9c8-44793663f5fe/DS-4f2112e5-5c16-4be8-9594-2e415323e3dc/container.db to cache
2023-04-11 17:16:36,841 [EndpointStateMachine task thread for /0.0.0.0:42271 - 0 ] INFO  volume.HddsVolume (HddsVolume.java:createDbStore(350)) - SchemaV3 db is created and loaded at /home/runner/work/ozone/ozone/hadoop-ozone/integration-test/target/test-dir/MiniOzoneClusterImpl-c6c5b2ab-f103-43fd-a9c8-44793663f5fe/datanode-3/data-0/containers/hdds/c6c5b2ab-f103-43fd-a9c8-44793663f5fe/DS-4f2112e5-5c16-4be8-9594-2e415323e3dc/container.db for volume DS-4f2112e5-5c16-4be8-9594-2e415323e3dc
2023-04-11 17:16:36,844 [EndpointStateMachine task thread for /0.0.0.0:42271 - 0 ] INFO  ozoneimpl.OzoneContainer (OzoneContainer.java:start(397)) - Attempting to start container services.
2023-04-11 17:16:36,845 [EndpointStateMachine task thread for /0.0.0.0:42271 - 0 ] INFO  ozoneimpl.OzoneContainer (OzoneContainer.java:startContainerScrub(314)) - Scheduled background container scanners and the on-demand container scanner have been disabled.
2023-04-11 17:16:36,847 [EndpointStateMachine task thread for /0.0.0.0:42271 - 0 ] INFO  replication.ReplicationServer (ReplicationServer.java:start(109)) - ReplicationServer is started using port 33967
2023-04-11 17:16:36,847 [EndpointStateMachine task thread for /0.0.0.0:42271 - 0 ] INFO  ratis.XceiverServerRatis (XceiverServerRatis.java:start(517)) - Starting XceiverServerRatis f773ed51-7a93-4584-ad9a-f2b89fe87645
2023-04-11 17:16:36,850 [EndpointStateMachine task thread for /0.0.0.0:42271 - 0 ] INFO  server.RaftServer (RaftServerProxy.java:startImpl(393)) - f773ed51-7a93-4584-ad9a-f2b89fe87645: start RPC server
2023-04-11 17:16:36,853 [EndpointStateMachine task thread for /0.0.0.0:42271 - 0 ] INFO  server.GrpcService (GrpcService.java:startImpl(262)) - f773ed51-7a93-4584-ad9a-f2b89fe87645: GrpcService started, listening on 41875
2023-04-11 17:16:36,853 [EndpointStateMachine task thread for /0.0.0.0:42271 - 0 ] INFO  ratis.XceiverServerRatis (XceiverServerRatis.java:getRealPort(543)) - XceiverServerRatis f773ed51-7a93-4584-ad9a-f2b89fe87645 is started using port 41875 for RATIS
2023-04-11 17:16:36,853 [EndpointStateMachine task thread for /0.0.0.0:42271 - 0 ] INFO  ratis.XceiverServerRatis (XceiverServerRatis.java:getRealPort(543)) - XceiverServerRatis f773ed51-7a93-4584-ad9a-f2b89fe87645 is started using port 41875 for RATIS_ADMIN
2023-04-11 17:16:36,853 [EndpointStateMachine task thread for /0.0.0.0:42271 - 0 ] INFO  ratis.XceiverServerRatis (XceiverServerRatis.java:getRealPort(543)) - XceiverServerRatis f773ed51-7a93-4584-ad9a-f2b89fe87645 is started using port 41875 for RATIS_SERVER
2023-04-11 17:16:36,853 [EndpointStateMachine task thread for /0.0.0.0:42271 - 0 ] INFO  ratis.XceiverServerRatis (XceiverServerRatis.java:getRealPort(543)) - XceiverServerRatis f773ed51-7a93-4584-ad9a-f2b89fe87645 is started using port 39279 for RATIS_DATASTREAM
2023-04-11 17:16:36,853 [JvmPauseMonitor4] INFO  util.JvmPauseMonitor (JvmPauseMonitor.java:run(105)) - JvmPauseMonitor-f773ed51-7a93-4584-ad9a-f2b89fe87645: Started
2023-04-11 17:16:36,855 [EndpointStateMachine task thread for /0.0.0.0:42271 - 0 ] INFO  server.XceiverServerGrpc (XceiverServerGrpc.java:start(180)) - XceiverServerGrpc f773ed51-7a93-4584-ad9a-f2b89fe87645 is started using port 35529
2023-04-11 17:16:36,857 [BlockDeletingService#0] INFO  interfaces.ContainerDeletionChoosingPolicyTemplate (ContainerDeletionChoosingPolicyTemplate.java:chooseContainerForBlockDeletion(83)) - Chosen 0/5000 blocks from 0 candidate containers.
2023-04-11 17:16:37,235 [Listener at 127.0.0.1/41353] INFO  ozone.MiniOzoneClusterImpl (MiniOzoneClusterImpl.java:lambda$waitForClusterToBeReady$0(222)) - Waiting for nodes to be ready. Got 0 of 5 DN Heartbeats.
2023-04-11 17:16:37,235 [Listener at 127.0.0.1/41353] INFO  ozone.MiniOzoneClusterImpl (MiniOzoneClusterImpl.java:lambda$waitForClusterToBeReady$0(225)) - Waiting for cluster to exit safe mode
2023-04-11 17:16:37,235 [Listener at 127.0.0.1/41353] INFO  ozone.MiniOzoneClusterImpl (MiniOzoneClusterImpl.java:lambda$waitForClusterToBeReady$0(227)) - SCM became leader
2023-04-11 17:16:37,283 [EndpointStateMachine task thread for /0.0.0.0:42271 - 0 ] INFO  utils.DatanodeStoreCache (DatanodeStoreCache.java:addDB(58)) - Added db /home/runner/work/ozone/ozone/hadoop-ozone/integration-test/target/test-dir/MiniOzoneClusterImpl-c6c5b2ab-f103-43fd-a9c8-44793663f5fe/datanode-4/data-0/containers/hdds/c6c5b2ab-f103-43fd-a9c8-44793663f5fe/DS-db1504f3-a51a-4c54-a3d7-85265d18f2fc/container.db to cache
2023-04-11 17:16:37,283 [EndpointStateMachine task thread for /0.0.0.0:42271 - 0 ] INFO  volume.HddsVolume (HddsVolume.java:createDbStore(350)) - SchemaV3 db is created and loaded at /home/runner/work/ozone/ozone/hadoop-ozone/integration-test/target/test-dir/MiniOzoneClusterImpl-c6c5b2ab-f103-43fd-a9c8-44793663f5fe/datanode-4/data-0/containers/hdds/c6c5b2ab-f103-43fd-a9c8-44793663f5fe/DS-db1504f3-a51a-4c54-a3d7-85265d18f2fc/container.db for volume DS-db1504f3-a51a-4c54-a3d7-85265d18f2fc
2023-04-11 17:16:37,284 [EndpointStateMachine task thread for /0.0.0.0:42271 - 0 ] INFO  ozoneimpl.OzoneContainer (OzoneContainer.java:start(397)) - Attempting to start container services.
2023-04-11 17:16:37,284 [EndpointStateMachine task thread for /0.0.0.0:42271 - 0 ] INFO  ozoneimpl.OzoneContainer (OzoneContainer.java:startContainerScrub(314)) - Scheduled background container scanners and the on-demand container scanner have been disabled.
2023-04-11 17:16:37,286 [EndpointStateMachine task thread for /0.0.0.0:42271 - 0 ] INFO  replication.ReplicationServer (ReplicationServer.java:start(109)) - ReplicationServer is started using port 34051
2023-04-11 17:16:37,287 [EndpointStateMachine task thread for /0.0.0.0:42271 - 0 ] INFO  ratis.XceiverServerRatis (XceiverServerRatis.java:start(517)) - Starting XceiverServerRatis ff5646e7-cde4-4000-b2d9-463cca811cba
2023-04-11 17:16:37,287 [EndpointStateMachine task thread for /0.0.0.0:42271 - 0 ] INFO  server.RaftServer (RaftServerProxy.java:startImpl(393)) - ff5646e7-cde4-4000-b2d9-463cca811cba: start RPC server
2023-04-11 17:16:37,289 [EndpointStateMachine task thread for /0.0.0.0:42271 - 0 ] INFO  server.GrpcService (GrpcService.java:startImpl(262)) - ff5646e7-cde4-4000-b2d9-463cca811cba: GrpcService started, listening on 36287
2023-04-11 17:16:37,289 [EndpointStateMachine task thread for /0.0.0.0:42271 - 0 ] INFO  ratis.XceiverServerRatis (XceiverServerRatis.java:getRealPort(543)) - XceiverServerRatis ff5646e7-cde4-4000-b2d9-463cca811cba is started using port 36287 for RATIS
2023-04-11 17:16:37,289 [EndpointStateMachine task thread for /0.0.0.0:42271 - 0 ] INFO  ratis.XceiverServerRatis (XceiverServerRatis.java:getRealPort(543)) - XceiverServerRatis ff5646e7-cde4-4000-b2d9-463cca811cba is started using port 36287 for RATIS_ADMIN
2023-04-11 17:16:37,289 [EndpointStateMachine task thread for /0.0.0.0:42271 - 0 ] INFO  ratis.XceiverServerRatis (XceiverServerRatis.java:getRealPort(543)) - XceiverServerRatis ff5646e7-cde4-4000-b2d9-463cca811cba is started using port 36287 for RATIS_SERVER
2023-04-11 17:16:37,289 [EndpointStateMachine task thread for /0.0.0.0:42271 - 0 ] INFO  ratis.XceiverServerRatis (XceiverServerRatis.java:getRealPort(543)) - XceiverServerRatis ff5646e7-cde4-4000-b2d9-463cca811cba is started using port 39745 for RATIS_DATASTREAM
2023-04-11 17:16:37,290 [JvmPauseMonitor5] INFO  util.JvmPauseMonitor (JvmPauseMonitor.java:run(105)) - JvmPauseMonitor-ff5646e7-cde4-4000-b2d9-463cca811cba: Started
2023-04-11 17:16:37,303 [EndpointStateMachine task thread for /0.0.0.0:42271 - 0 ] INFO  server.XceiverServerGrpc (XceiverServerGrpc.java:start(180)) - XceiverServerGrpc ff5646e7-cde4-4000-b2d9-463cca811cba is started using port 43443
2023-04-11 17:16:37,306 [BlockDeletingService#0] INFO  interfaces.ContainerDeletionChoosingPolicyTemplate (ContainerDeletionChoosingPolicyTemplate.java:chooseContainerForBlockDeletion(83)) - Chosen 0/5000 blocks from 0 candidate containers.
2023-04-11 17:16:37,445 [IPC Server handler 17 on default port 42271] INFO  net.NetworkTopologyImpl (NetworkTopologyImpl.java:add(112)) - Added a new node: /default-rack/a41b41b2-6125-497a-a0cb-d7eb73039636
2023-04-11 17:16:37,448 [IPC Server handler 17 on default port 42271] INFO  node.SCMNodeManager (SCMNodeManager.java:register(404)) - Registered Data node : a41b41b2-6125-497a-a0cb-d7eb73039636{ip: 10.1.0.70, host: fv-az377-102.ap30g4v5sw5evmjtdmxdg2w53f.dx.internal.cloudapp.net, ports: [HTTP=37131, REPLICATION=44095, RATIS=40391, RATIS_ADMIN=40391, RATIS_SERVER=40391, RATIS_DATASTREAM=45057, STANDALONE=41495], networkLocation: /default-rack, certSerialId: null, persistedOpState: null, persistedOpStateExpiryEpochSec: 0}
2023-04-11 17:16:37,454 [EventQueue-NewNodeForNewNodeHandler] INFO  pipeline.BackgroundPipelineCreator (BackgroundPipelineCreator.java:notifyEventTriggered(276)) - trigger a one-shot run on RatisPipelineUtilsThread.
2023-04-11 17:16:37,463 [RatisPipelineUtilsThread - 0] INFO  pipeline.RatisPipelineProvider (RatisPipelineProvider.java:lambda$create$0(206)) - Sending CreatePipelineCommand for pipeline:PipelineID=8f75988f-3ceb-4bfc-9fce-251f6546987d to datanode:a41b41b2-6125-497a-a0cb-d7eb73039636
2023-04-11 17:16:37,464 [EventQueue-NodeRegistrationContainerReportForContainerSafeModeRule] INFO  safemode.SCMSafeModeManager (SCMSafeModeManager.java:validateSafeModeExitRules(200)) - ContainerSafeModeRule rule is successfully validated
2023-04-11 17:16:37,464 [EventQueue-NodeRegistrationContainerReportForDataNodeSafeModeRule] INFO  safemode.SCMSafeModeManager (DataNodeSafeModeRule.java:process(71)) - SCM in safe mode. 1 DataNodes registered, 3 required.
2023-04-11 17:16:37,481 [EventQueue-PipelineReportForOneReplicaPipelineSafeModeRule] INFO  safemode.SCMSafeModeManager (SCMSafeModeManager.java:validateSafeModeExitRules(200)) - AtleastOneDatanodeReportedRule rule is successfully validated
2023-04-11 17:16:37,489 [RatisPipelineUtilsThread - 0] INFO  pipeline.PipelineStateManagerImpl (PipelineStateManagerImpl.java:addPipeline(103)) - Created pipeline Pipeline[ Id: 8f75988f-3ceb-4bfc-9fce-251f6546987d, Nodes: a41b41b2-6125-497a-a0cb-d7eb73039636(fv-az377-102.ap30g4v5sw5evmjtdmxdg2w53f.dx.internal.cloudapp.net/10.1.0.70), ReplicationConfig: RATIS/ONE, State:ALLOCATED, leaderId:, CreationTimestamp2023-04-11T17:16:37.462Z[Etc/UTC]].
2023-04-11 17:16:37,991 [IPC Server handler 18 on default port 42271] INFO  net.NetworkTopologyImpl (NetworkTopologyImpl.java:add(112)) - Added a new node: /default-rack/54fa8802-d5ce-4a45-bac9-9464a05e8046
2023-04-11 17:16:37,992 [IPC Server handler 18 on default port 42271] INFO  node.SCMNodeManager (SCMNodeManager.java:register(404)) - Registered Data node : 54fa8802-d5ce-4a45-bac9-9464a05e8046{ip: 10.1.0.70, host: fv-az377-102.ap30g4v5sw5evmjtdmxdg2w53f.dx.internal.cloudapp.net, ports: [HTTP=45457, REPLICATION=42615, RATIS=41191, RATIS_ADMIN=41191, RATIS_SERVER=41191, RATIS_DATASTREAM=38659, STANDALONE=46643], networkLocation: /default-rack, certSerialId: null, persistedOpState: null, persistedOpStateExpiryEpochSec: 0}
2023-04-11 17:16:37,992 [EventQueue-NodeRegistrationContainerReportForDataNodeSafeModeRule] INFO  safemode.SCMSafeModeManager (DataNodeSafeModeRule.java:process(71)) - SCM in safe mode. 2 DataNodes registered, 3 required.
2023-04-11 17:16:37,992 [EventQueue-NewNodeForNewNodeHandler] INFO  pipeline.BackgroundPipelineCreator (BackgroundPipelineCreator.java:notifyEventTriggered(276)) - trigger a one-shot run on RatisPipelineUtilsThread.
2023-04-11 17:16:37,994 [RatisPipelineUtilsThread - 0] INFO  pipeline.RatisPipelineProvider (RatisPipelineProvider.java:lambda$create$0(206)) - Sending CreatePipelineCommand for pipeline:PipelineID=9db9a756-8382-4967-86e1-4f0fcb5bbbfe to datanode:54fa8802-d5ce-4a45-bac9-9464a05e8046
2023-04-11 17:16:37,995 [RatisPipelineUtilsThread - 0] INFO  pipeline.PipelineStateManagerImpl (PipelineStateManagerImpl.java:addPipeline(103)) - Created pipeline Pipeline[ Id: 9db9a756-8382-4967-86e1-4f0fcb5bbbfe, Nodes: 54fa8802-d5ce-4a45-bac9-9464a05e8046(fv-az377-102.ap30g4v5sw5evmjtdmxdg2w53f.dx.internal.cloudapp.net/10.1.0.70), ReplicationConfig: RATIS/ONE, State:ALLOCATED, leaderId:, CreationTimestamp2023-04-11T17:16:37.994Z[Etc/UTC]].
2023-04-11 17:16:38,236 [Listener at 127.0.0.1/41353] INFO  ozone.MiniOzoneClusterImpl (MiniOzoneClusterImpl.java:lambda$waitForClusterToBeReady$0(222)) - Waiting for nodes to be ready. Got 2 of 5 DN Heartbeats.
2023-04-11 17:16:38,236 [Listener at 127.0.0.1/41353] INFO  ozone.MiniOzoneClusterImpl (MiniOzoneClusterImpl.java:lambda$waitForClusterToBeReady$0(225)) - Waiting for cluster to exit safe mode
2023-04-11 17:16:38,236 [Listener at 127.0.0.1/41353] INFO  ozone.MiniOzoneClusterImpl (MiniOzoneClusterImpl.java:lambda$waitForClusterToBeReady$0(227)) - SCM became leader
2023-04-11 17:16:38,409 [IPC Server handler 17 on default port 42271] INFO  net.NetworkTopologyImpl (NetworkTopologyImpl.java:add(112)) - Added a new node: /default-rack/30e95ef4-c50c-4a35-94a1-24945bf18908
2023-04-11 17:16:38,409 [IPC Server handler 17 on default port 42271] INFO  node.SCMNodeManager (SCMNodeManager.java:register(404)) - Registered Data node : 30e95ef4-c50c-4a35-94a1-24945bf18908{ip: 10.1.0.70, host: fv-az377-102.ap30g4v5sw5evmjtdmxdg2w53f.dx.internal.cloudapp.net, ports: [HTTP=36363, REPLICATION=35517, RATIS=38995, RATIS_ADMIN=38995, RATIS_SERVER=38995, RATIS_DATASTREAM=43279, STANDALONE=43313], networkLocation: /default-rack, certSerialId: null, persistedOpState: null, persistedOpStateExpiryEpochSec: 0}
2023-04-11 17:16:38,411 [EventQueue-NewNodeForNewNodeHandler] INFO  pipeline.BackgroundPipelineCreator (BackgroundPipelineCreator.java:notifyEventTriggered(276)) - trigger a one-shot run on RatisPipelineUtilsThread.
2023-04-11 17:16:38,411 [EventQueue-NodeRegistrationContainerReportForDataNodeSafeModeRule] INFO  safemode.SCMSafeModeManager (DataNodeSafeModeRule.java:process(71)) - SCM in safe mode. 3 DataNodes registered, 3 required.
2023-04-11 17:16:38,412 [EventQueue-NodeRegistrationContainerReportForDataNodeSafeModeRule] INFO  safemode.SCMSafeModeManager (SCMSafeModeManager.java:validateSafeModeExitRules(200)) - DataNodeSafeModeRule rule is successfully validated
2023-04-11 17:16:38,412 [EventQueue-NodeRegistrationContainerReportForDataNodeSafeModeRule] INFO  safemode.SCMSafeModeManager (SCMSafeModeManager.java:completePreCheck(229)) - All SCM safe mode pre check rules have passed
2023-04-11 17:16:38,412 [EventQueue-NodeRegistrationContainerReportForDataNodeSafeModeRule] INFO  ha.SCMContext (SCMContext.java:updateSafeModeStatus(228)) - Update SafeModeStatus from SafeModeStatus{safeModeStatus=true, preCheckPassed=false} to SafeModeStatus{safeModeStatus=true, preCheckPassed=true}.
2023-04-11 17:16:38,412 [EventQueue-NodeRegistrationContainerReportForDataNodeSafeModeRule] INFO  pipeline.BackgroundPipelineCreator (BackgroundPipelineCreator.java:notifyEventTriggered(276)) - trigger a one-shot run on RatisPipelineUtilsThread.
2023-04-11 17:16:38,416 [RatisPipelineUtilsThread - 0] INFO  pipeline.RatisPipelineProvider (RatisPipelineProvider.java:lambda$create$0(206)) - Sending CreatePipelineCommand for pipeline:PipelineID=01a7ada6-546e-48bc-a07c-c7dd1812befd to datanode:30e95ef4-c50c-4a35-94a1-24945bf18908
2023-04-11 17:16:38,417 [RatisPipelineUtilsThread - 0] INFO  pipeline.PipelineStateManagerImpl (PipelineStateManagerImpl.java:addPipeline(103)) - Created pipeline Pipeline[ Id: 01a7ada6-546e-48bc-a07c-c7dd1812befd, Nodes: 30e95ef4-c50c-4a35-94a1-24945bf18908(fv-az377-102.ap30g4v5sw5evmjtdmxdg2w53f.dx.internal.cloudapp.net/10.1.0.70), ReplicationConfig: RATIS/ONE, State:ALLOCATED, leaderId:, CreationTimestamp2023-04-11T17:16:38.416Z[Etc/UTC]].
2023-04-11 17:16:38,420 [RatisPipelineUtilsThread - 0] INFO  pipeline.RatisPipelineProvider (RatisPipelineProvider.java:lambda$create$0(206)) - Sending CreatePipelineCommand for pipeline:PipelineID=7bdbafa8-6302-4be6-9d3b-eb7aa67b10fd to datanode:30e95ef4-c50c-4a35-94a1-24945bf18908
2023-04-11 17:16:38,421 [RatisPipelineUtilsThread - 0] INFO  pipeline.RatisPipelineProvider (RatisPipelineProvider.java:lambda$create$0(206)) - Sending CreatePipelineCommand for pipeline:PipelineID=7bdbafa8-6302-4be6-9d3b-eb7aa67b10fd to datanode:54fa8802-d5ce-4a45-bac9-9464a05e8046
2023-04-11 17:16:38,421 [RatisPipelineUtilsThread - 0] INFO  pipeline.RatisPipelineProvider (RatisPipelineProvider.java:lambda$create$0(206)) - Sending CreatePipelineCommand for pipeline:PipelineID=7bdbafa8-6302-4be6-9d3b-eb7aa67b10fd to datanode:a41b41b2-6125-497a-a0cb-d7eb73039636
2023-04-11 17:16:38,423 [RatisPipelineUtilsThread - 0] INFO  pipeline.PipelineStateManagerImpl (PipelineStateManagerImpl.java:addPipeline(103)) - Created pipeline Pipeline[ Id: 7bdbafa8-6302-4be6-9d3b-eb7aa67b10fd, Nodes: 30e95ef4-c50c-4a35-94a1-24945bf18908(fv-az377-102.ap30g4v5sw5evmjtdmxdg2w53f.dx.internal.cloudapp.net/10.1.0.70)54fa8802-d5ce-4a45-bac9-9464a05e8046(fv-az377-102.ap30g4v5sw5evmjtdmxdg2w53f.dx.internal.cloudapp.net/10.1.0.70)a41b41b2-6125-497a-a0cb-d7eb73039636(fv-az377-102.ap30g4v5sw5evmjtdmxdg2w53f.dx.internal.cloudapp.net/10.1.0.70), ReplicationConfig: RATIS/THREE, State:ALLOCATED, leaderId:, CreationTimestamp2023-04-11T17:16:38.420Z[Etc/UTC]].
2023-04-11 17:16:38,426 [RatisPipelineUtilsThread - 0] INFO  pipeline.RatisPipelineProvider (RatisPipelineProvider.java:lambda$create$0(206)) - Sending CreatePipelineCommand for pipeline:PipelineID=ca66e343-0845-4fc9-bc72-daa6f10afe43 to datanode:30e95ef4-c50c-4a35-94a1-24945bf18908
2023-04-11 17:16:38,426 [RatisPipelineUtilsThread - 0] INFO  pipeline.RatisPipelineProvider (RatisPipelineProvider.java:lambda$create$0(206)) - Sending CreatePipelineCommand for pipeline:PipelineID=ca66e343-0845-4fc9-bc72-daa6f10afe43 to datanode:a41b41b2-6125-497a-a0cb-d7eb73039636
2023-04-11 17:16:38,427 [RatisPipelineUtilsThread - 0] INFO  pipeline.RatisPipelineProvider (RatisPipelineProvider.java:lambda$create$0(206)) - Sending CreatePipelineCommand for pipeline:PipelineID=ca66e343-0845-4fc9-bc72-daa6f10afe43 to datanode:54fa8802-d5ce-4a45-bac9-9464a05e8046
2023-04-11 17:16:38,429 [RatisPipelineUtilsThread - 0] INFO  pipeline.PipelineStateManagerImpl (PipelineStateManagerImpl.java:addPipeline(103)) - Created pipeline Pipeline[ Id: ca66e343-0845-4fc9-bc72-daa6f10afe43, Nodes: 30e95ef4-c50c-4a35-94a1-24945bf18908(fv-az377-102.ap30g4v5sw5evmjtdmxdg2w53f.dx.internal.cloudapp.net/10.1.0.70)a41b41b2-6125-497a-a0cb-d7eb73039636(fv-az377-102.ap30g4v5sw5evmjtdmxdg2w53f.dx.internal.cloudapp.net/10.1.0.70)54fa8802-d5ce-4a45-bac9-9464a05e8046(fv-az377-102.ap30g4v5sw5evmjtdmxdg2w53f.dx.internal.cloudapp.net/10.1.0.70), ReplicationConfig: RATIS/THREE, State:ALLOCATED, leaderId:, CreationTimestamp2023-04-11T17:16:38.426Z[Etc/UTC]].
2023-04-11 17:16:38,429 [RatisPipelineUtilsThread - 0] INFO  pipeline.PipelineManagerImpl (PipelineManagerImpl.java:recordMetricsForPipeline(826)) - Pipeline: PipelineID=ca66e343-0845-4fc9-bc72-daa6f10afe43 contains same datanodes as previous pipelines: PipelineID=7bdbafa8-6302-4be6-9d3b-eb7aa67b10fd nodeIds: 30e95ef4-c50c-4a35-94a1-24945bf18908, a41b41b2-6125-497a-a0cb-d7eb73039636, 54fa8802-d5ce-4a45-bac9-9464a05e8046
2023-04-11 17:16:38,431 [RatisPipelineUtilsThread - 0] WARN  pipeline.PipelinePlacementPolicy (PipelinePlacementPolicy.java:filterViableNodes(160)) - Pipeline creation failed due to no sufficient healthy datanodes. Required 3. Found 0. Excluded 3.
2023-04-11 17:16:38,804 [IPC Server handler 19 on default port 42271] INFO  net.NetworkTopologyImpl (NetworkTopologyImpl.java:add(112)) - Added a new node: /default-rack/f773ed51-7a93-4584-ad9a-f2b89fe87645
2023-04-11 17:16:38,805 [IPC Server handler 19 on default port 42271] INFO  node.SCMNodeManager (SCMNodeManager.java:register(404)) - Registered Data node : f773ed51-7a93-4584-ad9a-f2b89fe87645{ip: 10.1.0.70, host: fv-az377-102.ap30g4v5sw5evmjtdmxdg2w53f.dx.internal.cloudapp.net, ports: [HTTP=41903, REPLICATION=33967, RATIS=41875, RATIS_ADMIN=41875, RATIS_SERVER=41875, RATIS_DATASTREAM=39279, STANDALONE=35529], networkLocation: /default-rack, certSerialId: null, persistedOpState: null, persistedOpStateExpiryEpochSec: 0}
2023-04-11 17:16:38,805 [EventQueue-NewNodeForNewNodeHandler] INFO  pipeline.BackgroundPipelineCreator (BackgroundPipelineCreator.java:notifyEventTriggered(276)) - trigger a one-shot run on RatisPipelineUtilsThread.
2023-04-11 17:16:38,806 [RatisPipelineUtilsThread - 0] INFO  pipeline.RatisPipelineProvider (RatisPipelineProvider.java:lambda$create$0(206)) - Sending CreatePipelineCommand for pipeline:PipelineID=5aee414d-da13-47d4-a44a-6b8177ab359d to datanode:f773ed51-7a93-4584-ad9a-f2b89fe87645
2023-04-11 17:16:38,809 [RatisPipelineUtilsThread - 0] INFO  pipeline.PipelineStateManagerImpl (PipelineStateManagerImpl.java:addPipeline(103)) - Created pipeline Pipeline[ Id: 5aee414d-da13-47d4-a44a-6b8177ab359d, Nodes: f773ed51-7a93-4584-ad9a-f2b89fe87645(fv-az377-102.ap30g4v5sw5evmjtdmxdg2w53f.dx.internal.cloudapp.net/10.1.0.70), ReplicationConfig: RATIS/ONE, State:ALLOCATED, leaderId:, CreationTimestamp2023-04-11T17:16:38.806Z[Etc/UTC]].
2023-04-11 17:16:38,810 [RatisPipelineUtilsThread - 0] WARN  pipeline.PipelinePlacementPolicy (PipelinePlacementPolicy.java:filterViableNodes(160)) - Pipeline creation failed due to no sufficient healthy datanodes. Required 3. Found 1. Excluded 3.
2023-04-11 17:16:39,236 [Listener at 127.0.0.1/41353] INFO  ozone.MiniOzoneClusterImpl (MiniOzoneClusterImpl.java:lambda$waitForClusterToBeReady$0(222)) - Waiting for nodes to be ready. Got 4 of 5 DN Heartbeats.
2023-04-11 17:16:39,237 [Listener at 127.0.0.1/41353] INFO  ozone.MiniOzoneClusterImpl (MiniOzoneClusterImpl.java:lambda$waitForClusterToBeReady$0(225)) - Waiting for cluster to exit safe mode
2023-04-11 17:16:39,237 [Listener at 127.0.0.1/41353] INFO  ozone.MiniOzoneClusterImpl (MiniOzoneClusterImpl.java:lambda$waitForClusterToBeReady$0(227)) - SCM became leader
2023-04-11 17:16:39,248 [IPC Server handler 17 on default port 42271] INFO  net.NetworkTopologyImpl (NetworkTopologyImpl.java:add(112)) - Added a new node: /default-rack/ff5646e7-cde4-4000-b2d9-463cca811cba
2023-04-11 17:16:39,248 [IPC Server handler 17 on default port 42271] INFO  node.SCMNodeManager (SCMNodeManager.java:register(404)) - Registered Data node : ff5646e7-cde4-4000-b2d9-463cca811cba{ip: 10.1.0.70, host: fv-az377-102.ap30g4v5sw5evmjtdmxdg2w53f.dx.internal.cloudapp.net, ports: [HTTP=41045, REPLICATION=34051, RATIS=36287, RATIS_ADMIN=36287, RATIS_SERVER=36287, RATIS_DATASTREAM=39745, STANDALONE=43443], networkLocation: /default-rack, certSerialId: null, persistedOpState: null, persistedOpStateExpiryEpochSec: 0}
2023-04-11 17:16:39,249 [EventQueue-NewNodeForNewNodeHandler] INFO  pipeline.BackgroundPipelineCreator (BackgroundPipelineCreator.java:notifyEventTriggered(276)) - trigger a one-shot run on RatisPipelineUtilsThread.
2023-04-11 17:16:39,249 [RatisPipelineUtilsThread - 0] INFO  pipeline.RatisPipelineProvider (RatisPipelineProvider.java:lambda$create$0(206)) - Sending CreatePipelineCommand for pipeline:PipelineID=a704b3a9-4e36-4e49-a7da-62b5f38a9791 to datanode:ff5646e7-cde4-4000-b2d9-463cca811cba
2023-04-11 17:16:39,251 [RatisPipelineUtilsThread - 0] INFO  pipeline.PipelineStateManagerImpl (PipelineStateManagerImpl.java:addPipeline(103)) - Created pipeline Pipeline[ Id: a704b3a9-4e36-4e49-a7da-62b5f38a9791, Nodes: ff5646e7-cde4-4000-b2d9-463cca811cba(fv-az377-102.ap30g4v5sw5evmjtdmxdg2w53f.dx.internal.cloudapp.net/10.1.0.70), ReplicationConfig: RATIS/ONE, State:ALLOCATED, leaderId:, CreationTimestamp2023-04-11T17:16:39.249Z[Etc/UTC]].
2023-04-11 17:16:39,252 [RatisPipelineUtilsThread - 0] WARN  pipeline.PipelinePlacementPolicy (PipelinePlacementPolicy.java:filterViableNodes(160)) - Pipeline creation failed due to no sufficient healthy datanodes. Required 3. Found 2. Excluded 3.
2023-04-11 17:16:40,237 [Listener at 127.0.0.1/41353] INFO  ozone.MiniOzoneClusterImpl (MiniOzoneClusterImpl.java:lambda$waitForClusterToBeReady$0(222)) - Nodes are ready. Got 5 of 5 DN Heartbeats.
2023-04-11 17:16:40,237 [Listener at 127.0.0.1/41353] INFO  ozone.MiniOzoneClusterImpl (MiniOzoneClusterImpl.java:lambda$waitForClusterToBeReady$0(225)) - Waiting for cluster to exit safe mode
2023-04-11 17:16:40,237 [Listener at 127.0.0.1/41353] INFO  ozone.MiniOzoneClusterImpl (MiniOzoneClusterImpl.java:lambda$waitForClusterToBeReady$0(227)) - SCM became leader
2023-04-11 17:16:40,459 [Command processor thread] INFO  server.RaftServer (RaftServerProxy.java:addNew(96)) - a41b41b2-6125-497a-a0cb-d7eb73039636: addNew group-251F6546987D:[a41b41b2-6125-497a-a0cb-d7eb73039636|rpc:10.1.0.70:40391|dataStream:10.1.0.70:45057|priority:1|startupRole:FOLLOWER] returns group-251F6546987D:java.util.concurrent.CompletableFuture@2934f313[Not completed]
2023-04-11 17:16:40,471 [pool-79-thread-1] INFO  server.RaftServer$Division (RaftServerImpl.java:<init>(195)) - a41b41b2-6125-497a-a0cb-d7eb73039636: new RaftServerImpl for group-251F6546987D:[a41b41b2-6125-497a-a0cb-d7eb73039636|rpc:10.1.0.70:40391|dataStream:10.1.0.70:45057|priority:1|startupRole:FOLLOWER] with ContainerStateMachine:uninitialized
2023-04-11 17:16:40,472 [pool-79-thread-1] INFO  server.RaftServerConfigKeys (ConfUtils.java:logGet(46)) - raft.server.rpc.timeout.min = 5s (custom)
2023-04-11 17:16:40,472 [pool-79-thread-1] INFO  server.RaftServerConfigKeys (ConfUtils.java:logGet(46)) - raft.server.rpc.timeout.max = 5200ms (custom)
2023-04-11 17:16:40,472 [pool-79-thread-1] INFO  server.RaftServerConfigKeys (ConfUtils.java:logGet(46)) - raft.server.rpc.sleep.time = 25ms (default)
2023-04-11 17:16:40,472 [pool-79-thread-1] INFO  server.RaftServerConfigKeys (ConfUtils.java:logGet(46)) - raft.server.rpc.slowness.timeout = 300s (custom)
2023-04-11 17:16:40,472 [pool-79-thread-1] INFO  server.RaftServerConfigKeys (ConfUtils.java:logGet(46)) - raft.server.leaderelection.leader.step-down.wait-time = 10s (default)
2023-04-11 17:16:40,472 [pool-79-thread-1] INFO  server.RaftServerConfigKeys (ConfUtils.java:logGet(46)) - raft.server.sleep.deviation.threshold = 300ms (default)
2023-04-11 17:16:40,473 [pool-79-thread-1] INFO  server.RaftServer$Division (ServerState.java:<init>(118)) - a41b41b2-6125-497a-a0cb-d7eb73039636@group-251F6546987D: ConfigurationManager, init=-1: peers:[a41b41b2-6125-497a-a0cb-d7eb73039636|rpc:10.1.0.70:40391|dataStream:10.1.0.70:45057|priority:1|startupRole:FOLLOWER]|listeners:[], old=null, confs=<EMPTY_MAP>
2023-04-11 17:16:40,473 [pool-79-thread-1] INFO  server.RaftServerConfigKeys (ConfUtils.java:logGet(46)) - raft.server.storage.dir = [/home/runner/work/ozone/ozone/hadoop-ozone/integration-test/target/test-dir/MiniOzoneClusterImpl-c6c5b2ab-f103-43fd-a9c8-44793663f5fe/datanode-0/data/ratis] (custom)
2023-04-11 17:16:40,473 [pool-79-thread-1] INFO  server.RaftServerConfigKeys (ConfUtils.java:logGet(46)) - raft.server.log.corruption.policy = EXCEPTION (default)
2023-04-11 17:16:40,473 [pool-79-thread-1] INFO  server.RaftServerConfigKeys (ConfUtils.java:logGet(46)) - raft.server.storage.free-space.min = 0MB (=0) (default)
2023-04-11 17:16:40,473 [pool-79-thread-1] INFO  server.RaftServerConfigKeys (ConfUtils.java:logGet(46)) - raft.server.notification.no-leader.timeout = 300s (custom)
2023-04-11 17:16:40,473 [pool-79-thread-1] INFO  server.RaftServerConfigKeys (ConfUtils.java:logGet(46)) - raft.server.retrycache.expirytime = 600000ms (custom)
2023-04-11 17:16:40,473 [pool-79-thread-1] INFO  server.RaftServerConfigKeys (ConfUtils.java:logGet(46)) - raft.server.retrycache.statistics.expirytime = 100μs (default)
2023-04-11 17:16:40,476 [pool-79-thread-1] INFO  server.RaftServerConfigKeys (ConfUtils.java:logGet(46)) - raft.server.log.appender.install.snapshot.enabled = false (custom)
2023-04-11 17:16:40,476 [pool-79-thread-1] INFO  server.RaftServerConfigKeys (ConfUtils.java:logGet(46)) - raft.server.threadpool.server.cached = true (default)
2023-04-11 17:16:40,476 [pool-79-thread-1] INFO  server.RaftServerConfigKeys (ConfUtils.java:logGet(46)) - raft.server.threadpool.server.size = 0 (default)
2023-04-11 17:16:40,476 [pool-79-thread-1] INFO  server.RaftServerConfigKeys (ConfUtils.java:logGet(46)) - raft.server.threadpool.client.cached = true (default)
2023-04-11 17:16:40,476 [pool-79-thread-1] INFO  server.RaftServerConfigKeys (ConfUtils.java:logGet(46)) - raft.server.threadpool.client.size = 0 (default)
2023-04-11 17:16:40,476 [pool-79-thread-1] INFO  storage.RaftStorageDirectory (RaftStorageDirectoryImpl.java:analyzeStorage(137)) - The storage directory /home/runner/work/ozone/ozone/hadoop-ozone/integration-test/target/test-dir/MiniOzoneClusterImpl-c6c5b2ab-f103-43fd-a9c8-44793663f5fe/datanode-0/data/ratis/8f75988f-3ceb-4bfc-9fce-251f6546987d does not exist. Creating ...
2023-04-11 17:16:40,478 [pool-79-thread-1] INFO  storage.RaftStorageDirectory (RaftStorageDirectoryImpl.java:tryLock(231)) - Lock on /home/runner/work/ozone/ozone/hadoop-ozone/integration-test/target/test-dir/MiniOzoneClusterImpl-c6c5b2ab-f103-43fd-a9c8-44793663f5fe/datanode-0/data/ratis/8f75988f-3ceb-4bfc-9fce-251f6546987d/in_use.lock acquired by nodename 52175@fv-az377-102
2023-04-11 17:16:40,480 [pool-79-thread-1] INFO  storage.RaftStorage (RaftStorageImpl.java:format(96)) - Storage directory /home/runner/work/ozone/ozone/hadoop-ozone/integration-test/target/test-dir/MiniOzoneClusterImpl-c6c5b2ab-f103-43fd-a9c8-44793663f5fe/datanode-0/data/ratis/8f75988f-3ceb-4bfc-9fce-251f6546987d has been successfully formatted.
2023-04-11 17:16:40,486 [pool-79-thread-1] INFO  ratis.ContainerStateMachine (ContainerStateMachine.java:loadSnapshot(262)) - group-251F6546987D: The snapshot info is null. Setting the last applied indexto:(t:0, i:~)
2023-04-11 17:16:40,486 [pool-79-thread-1] INFO  server.RaftServerConfigKeys (ConfUtils.java:logGet(46)) - raft.server.log.use.memory = false (default)
2023-04-11 17:16:40,493 [pool-79-thread-1] INFO  server.RaftServerConfigKeys (ConfUtils.java:logGet(46)) - raft.server.log.purge.gap = 1000000 (custom)
2023-04-11 17:16:40,493 [pool-79-thread-1] INFO  server.RaftServerConfigKeys (ConfUtils.java:logGet(46)) - raft.server.log.appender.buffer.byte-limit = 33554432 (custom)
2023-04-11 17:16:40,494 [pool-79-thread-1] INFO  server.RaftServerConfigKeys (ConfUtils.java:logGet(46)) - raft.server.log.statemachine.data.read.timeout = 1000ms (default)
2023-04-11 17:16:40,494 [pool-79-thread-1] INFO  server.RaftServerConfigKeys (ConfUtils.java:logGet(46)) - raft.server.log.purge.preservation.log.num = 0 (default)
2023-04-11 17:16:40,494 [pool-79-thread-1] INFO  server.RaftServerConfigKeys (ConfUtils.java:logGet(46)) - raft.server.log.segment.size.max = 1048576 (custom)
2023-04-11 17:16:40,496 [pool-79-thread-1] INFO  server.RaftServerConfigKeys (ConfUtils.java:logGet(46)) - raft.server.log.segment.cache.num.max = 2 (custom)
2023-04-11 17:16:40,497 [pool-79-thread-1] INFO  server.RaftServerConfigKeys (ConfUtils.java:logGet(46)) - raft.server.log.segment.cache.size.max = 200MB (=209715200) (default)
2023-04-11 17:16:40,497 [pool-79-thread-1] INFO  segmented.SegmentedRaftLogWorker (SegmentedRaftLogWorker.java:<init>(189)) - new a41b41b2-6125-497a-a0cb-d7eb73039636@group-251F6546987D-SegmentedRaftLogWorker for RaftStorageImpl:Storage Directory /home/runner/work/ozone/ozone/hadoop-ozone/integration-test/target/test-dir/MiniOzoneClusterImpl-c6c5b2ab-f103-43fd-a9c8-44793663f5fe/datanode-0/data/ratis/8f75988f-3ceb-4bfc-9fce-251f6546987d
2023-04-11 17:16:40,497 [pool-79-thread-1] INFO  server.RaftServerConfigKeys (ConfUtils.java:logGet(46)) - raft.server.log.queue.byte-limit = 4294967296 (custom)
2023-04-11 17:16:40,497 [pool-79-thread-1] INFO  server.RaftServerConfigKeys (ConfUtils.java:logGet(46)) - raft.server.log.queue.element-limit = 1024 (custom)
2023-04-11 17:16:40,497 [pool-79-thread-1] INFO  server.RaftServerConfigKeys (ConfUtils.java:logGet(46)) - raft.server.log.segment.size.max = 1048576 (custom)
2023-04-11 17:16:40,497 [pool-79-thread-1] INFO  server.RaftServerConfigKeys (ConfUtils.java:logGet(46)) - raft.server.log.preallocated.size = 16384 (custom)
2023-04-11 17:16:40,497 [pool-79-thread-1] INFO  server.RaftServerConfigKeys (ConfUtils.java:logGet(46)) - raft.server.log.force.sync.num = 128 (default)
2023-04-11 17:16:40,497 [pool-79-thread-1] INFO  server.RaftServerConfigKeys (ConfUtils.java:logGet(46)) - raft.server.log.statemachine.data.sync = true (default)
2023-04-11 17:16:40,497 [pool-79-thread-1] INFO  server.RaftServerConfigKeys (ConfUtils.java:logGet(46)) - raft.server.log.statemachine.data.sync.timeout = 10s (default)
2023-04-11 17:16:40,497 [pool-79-thread-1] INFO  server.RaftServerConfigKeys (ConfUtils.java:logGet(46)) - raft.server.log.statemachine.data.sync.timeout.retry = -1 (default)
2023-04-11 17:16:40,502 [pool-79-thread-1] INFO  server.RaftServerConfigKeys (ConfUtils.java:logGet(46)) - raft.server.log.write.buffer.size = 1048576 (custom)
2023-04-11 17:16:40,504 [pool-79-thread-1] INFO  server.RaftServerConfigKeys (ConfUtils.java:logGet(46)) - raft.server.log.appender.buffer.byte-limit = 33554432 (custom)
2023-04-11 17:16:40,511 [pool-79-thread-1] INFO  server.RaftServerConfigKeys (ConfUtils.java:logGet(46)) - raft.server.log.unsafe-flush.enabled = false (default)
2023-04-11 17:16:40,512 [pool-79-thread-1] INFO  server.RaftServerConfigKeys (ConfUtils.java:logGet(46)) - raft.server.log.async-flush.enabled = false (default)
2023-04-11 17:16:40,512 [pool-79-thread-1] INFO  server.RaftServerConfigKeys (ConfUtils.java:logGet(46)) - raft.server.log.statemachine.data.caching.enabled = true (custom)
2023-04-11 17:16:40,512 [pool-79-thread-1] INFO  segmented.SegmentedRaftLogWorker (SegmentedRaftLogWorker.java:lambda$new$0(135)) - a41b41b2-6125-497a-a0cb-d7eb73039636@group-251F6546987D-SegmentedRaftLogWorker: flushIndex: setUnconditionally 0 -> -1
2023-04-11 17:16:40,512 [pool-79-thread-1] INFO  segmented.SegmentedRaftLogWorker (SegmentedRaftLogWorker.java:lambda$new$0(135)) - a41b41b2-6125-497a-a0cb-d7eb73039636@group-251F6546987D-SegmentedRaftLogWorker: safeCacheEvictIndex: setUnconditionally 0 -> -1
2023-04-11 17:16:40,512 [pool-79-thread-1] INFO  server.RaftServer$Division (RaftServerImpl.java:start(334)) - a41b41b2-6125-497a-a0cb-d7eb73039636@group-251F6546987D: start as a follower, conf=-1: peers:[a41b41b2-6125-497a-a0cb-d7eb73039636|rpc:10.1.0.70:40391|dataStream:10.1.0.70:45057|priority:1|startupRole:FOLLOWER]|listeners:[], old=null
2023-04-11 17:16:40,512 [pool-79-thread-1] INFO  server.RaftServer$Division (RaftServerImpl.java:setRole(321)) - a41b41b2-6125-497a-a0cb-d7eb73039636@group-251F6546987D: changes role from      null to FOLLOWER at term 0 for startAsFollower
2023-04-11 17:16:40,512 [pool-79-thread-1] INFO  impl.RoleInfo (RoleInfo.java:updateAndGet(139)) - a41b41b2-6125-497a-a0cb-d7eb73039636: start a41b41b2-6125-497a-a0cb-d7eb73039636@group-251F6546987D-FollowerState
2023-04-11 17:16:40,513 [EventQueue-PipelineReportForPipelineReportHandler] INFO  pipeline.PipelineManagerImpl (PipelineManagerImpl.java:openPipeline(367)) - Pipeline Pipeline[ Id: 8f75988f-3ceb-4bfc-9fce-251f6546987d, Nodes: a41b41b2-6125-497a-a0cb-d7eb73039636(fv-az377-102.ap30g4v5sw5evmjtdmxdg2w53f.dx.internal.cloudapp.net/10.1.0.70), ReplicationConfig: RATIS/ONE, State:ALLOCATED, leaderId:a41b41b2-6125-497a-a0cb-d7eb73039636, CreationTimestamp2023-04-11T17:16:37.462Z[Etc/UTC]] moved to OPEN state
2023-04-11 17:16:40,516 [pool-79-thread-1] INFO  util.JmxRegister (JmxRegister.java:tryRegister(44)) - Successfully registered JMX Bean with object name Ratis:service=RaftServer,group=group-251F6546987D,id=a41b41b2-6125-497a-a0cb-d7eb73039636
2023-04-11 17:16:40,516 [pool-79-thread-1] INFO  server.RaftServerConfigKeys (ConfUtils.java:logGet(46)) - raft.server.snapshot.auto.trigger.enabled = true (custom)
2023-04-11 17:16:40,516 [pool-79-thread-1] INFO  server.RaftServerConfigKeys (ConfUtils.java:logGet(46)) - raft.server.snapshot.auto.trigger.threshold = 10000 (custom)
2023-04-11 17:16:40,516 [pool-79-thread-1] INFO  server.RaftServerConfigKeys (ConfUtils.java:logGet(46)) - raft.server.snapshot.retention.file.num = 5 (custom)
2023-04-11 17:16:40,517 [pool-79-thread-1] INFO  server.RaftServerConfigKeys (ConfUtils.java:logGet(46)) - raft.server.log.purge.upto.snapshot.index = false (default)
2023-04-11 17:16:40,518 [a41b41b2-6125-497a-a0cb-d7eb73039636@group-251F6546987D-FollowerState] INFO  server.RaftServerConfigKeys (ConfUtils.java:logFallback(53)) - raft.server.rpc.first-election.timeout.min = 5s (fallback to raft.server.rpc.timeout.min)
2023-04-11 17:16:40,518 [a41b41b2-6125-497a-a0cb-d7eb73039636@group-251F6546987D-FollowerState] INFO  server.RaftServerConfigKeys (ConfUtils.java:logFallback(53)) - raft.server.rpc.first-election.timeout.max = 5200ms (fallback to raft.server.rpc.timeout.max)
2023-04-11 17:16:40,525 [EventQueue-OpenPipelineForHealthyPipelineSafeModeRule] INFO  safemode.SCMSafeModeManager (HealthyPipelineSafeModeRule.java:process(137)) - SCM in safe mode. Healthy pipelines reported count is 0, required healthy pipeline reported count is 1
2023-04-11 17:16:40,532 [Command processor thread] INFO  ratis.XceiverServerRatis (XceiverServerRatis.java:addGroup(806)) - Created group PipelineID=8f75988f-3ceb-4bfc-9fce-251f6546987d
2023-04-11 17:16:40,532 [Command processor thread] INFO  commandhandler.CreatePipelineCommandHandler (CreatePipelineCommandHandler.java:handle(113)) - Created Pipeline RATIS ONE PipelineID=8f75988f-3ceb-4bfc-9fce-251f6546987d.
2023-04-11 17:16:40,533 [Command processor thread] INFO  server.RaftServer (RaftServerProxy.java:addNew(96)) - a41b41b2-6125-497a-a0cb-d7eb73039636: addNew group-EB7AA67B10FD:[30e95ef4-c50c-4a35-94a1-24945bf18908|rpc:10.1.0.70:38995|dataStream:10.1.0.70:43279|priority:0|startupRole:FOLLOWER, a41b41b2-6125-497a-a0cb-d7eb73039636|rpc:10.1.0.70:40391|dataStream:10.1.0.70:45057|priority:1|startupRole:FOLLOWER, 54fa8802-d5ce-4a45-bac9-9464a05e8046|rpc:10.1.0.70:41191|dataStream:10.1.0.70:38659|priority:0|startupRole:FOLLOWER] returns group-EB7AA67B10FD:java.util.concurrent.CompletableFuture@6749dbfa[Not completed]
2023-04-11 17:16:40,536 [pool-79-thread-1] INFO  server.RaftServer$Division (RaftServerImpl.java:<init>(195)) - a41b41b2-6125-497a-a0cb-d7eb73039636: new RaftServerImpl for group-EB7AA67B10FD:[30e95ef4-c50c-4a35-94a1-24945bf18908|rpc:10.1.0.70:38995|dataStream:10.1.0.70:43279|priority:0|startupRole:FOLLOWER, a41b41b2-6125-497a-a0cb-d7eb73039636|rpc:10.1.0.70:40391|dataStream:10.1.0.70:45057|priority:1|startupRole:FOLLOWER, 54fa8802-d5ce-4a45-bac9-9464a05e8046|rpc:10.1.0.70:41191|dataStream:10.1.0.70:38659|priority:0|startupRole:FOLLOWER] with ContainerStateMachine:uninitialized
2023-04-11 17:16:40,536 [pool-79-thread-1] INFO  server.RaftServerConfigKeys (ConfUtils.java:logGet(46)) - raft.server.rpc.timeout.min = 5s (custom)
2023-04-11 17:16:40,536 [pool-79-thread-1] INFO  server.RaftServerConfigKeys (ConfUtils.java:logGet(46)) - raft.server.rpc.timeout.max = 5200ms (custom)
2023-04-11 17:16:40,536 [pool-79-thread-1] INFO  server.RaftServerConfigKeys (ConfUtils.java:logGet(46)) - raft.server.rpc.sleep.time = 25ms (default)
2023-04-11 17:16:40,536 [pool-79-thread-1] INFO  server.RaftServerConfigKeys (ConfUtils.java:logGet(46)) - raft.server.rpc.slowness.timeout = 300s (custom)
2023-04-11 17:16:40,536 [pool-79-thread-1] INFO  server.RaftServerConfigKeys (ConfUtils.java:logGet(46)) - raft.server.leaderelection.leader.step-down.wait-time = 10s (default)
2023-04-11 17:16:40,536 [pool-79-thread-1] INFO  server.RaftServerConfigKeys (ConfUtils.java:logGet(46)) - raft.server.sleep.deviation.threshold = 300ms (default)
2023-04-11 17:16:40,537 [pool-79-thread-1] INFO  server.RaftServer$Division (ServerState.java:<init>(118)) - a41b41b2-6125-497a-a0cb-d7eb73039636@group-EB7AA67B10FD: ConfigurationManager, init=-1: peers:[30e95ef4-c50c-4a35-94a1-24945bf18908|rpc:10.1.0.70:38995|dataStream:10.1.0.70:43279|priority:0|startupRole:FOLLOWER, a41b41b2-6125-497a-a0cb-d7eb73039636|rpc:10.1.0.70:40391|dataStream:10.1.0.70:45057|priority:1|startupRole:FOLLOWER, 54fa8802-d5ce-4a45-bac9-9464a05e8046|rpc:10.1.0.70:41191|dataStream:10.1.0.70:38659|priority:0|startupRole:FOLLOWER]|listeners:[], old=null, confs=<EMPTY_MAP>
2023-04-11 17:16:40,537 [pool-79-thread-1] INFO  server.RaftServerConfigKeys (ConfUtils.java:logGet(46)) - raft.server.storage.dir = [/home/runner/work/ozone/ozone/hadoop-ozone/integration-test/target/test-dir/MiniOzoneClusterImpl-c6c5b2ab-f103-43fd-a9c8-44793663f5fe/datanode-0/data/ratis] (custom)
2023-04-11 17:16:40,537 [pool-79-thread-1] INFO  server.RaftServerConfigKeys (ConfUtils.java:logGet(46)) - raft.server.log.corruption.policy = EXCEPTION (default)
2023-04-11 17:16:40,537 [pool-79-thread-1] INFO  server.RaftServerConfigKeys (ConfUtils.java:logGet(46)) - raft.server.storage.free-space.min = 0MB (=0) (default)
2023-04-11 17:16:40,537 [pool-79-thread-1] INFO  server.RaftServerConfigKeys (ConfUtils.java:logGet(46)) - raft.server.notification.no-leader.timeout = 300s (custom)
2023-04-11 17:16:40,537 [pool-79-thread-1] INFO  server.RaftServerConfigKeys (ConfUtils.java:logGet(46)) - raft.server.retrycache.expirytime = 600000ms (custom)
2023-04-11 17:16:40,538 [pool-79-thread-1] INFO  server.RaftServerConfigKeys (ConfUtils.java:logGet(46)) - raft.server.retrycache.statistics.expirytime = 100μs (default)
2023-04-11 17:16:40,544 [pool-79-thread-1] INFO  server.RaftServerConfigKeys (ConfUtils.java:logGet(46)) - raft.server.log.appender.install.snapshot.enabled = false (custom)
2023-04-11 17:16:40,544 [pool-79-thread-1] INFO  server.RaftServerConfigKeys (ConfUtils.java:logGet(46)) - raft.server.threadpool.server.cached = true (default)
2023-04-11 17:16:40,544 [pool-79-thread-1] INFO  server.RaftServerConfigKeys (ConfUtils.java:logGet(46)) - raft.server.threadpool.server.size = 0 (default)
2023-04-11 17:16:40,544 [pool-79-thread-1] INFO  server.RaftServerConfigKeys (ConfUtils.java:logGet(46)) - raft.server.threadpool.client.cached = true (default)
2023-04-11 17:16:40,544 [pool-79-thread-1] INFO  server.RaftServerConfigKeys (ConfUtils.java:logGet(46)) - raft.server.threadpool.client.size = 0 (default)
2023-04-11 17:16:40,544 [pool-79-thread-1] INFO  storage.RaftStorageDirectory (RaftStorageDirectoryImpl.java:analyzeStorage(137)) - The storage directory /home/runner/work/ozone/ozone/hadoop-ozone/integration-test/target/test-dir/MiniOzoneClusterImpl-c6c5b2ab-f103-43fd-a9c8-44793663f5fe/datanode-0/data/ratis/7bdbafa8-6302-4be6-9d3b-eb7aa67b10fd does not exist. Creating ...
2023-04-11 17:16:40,546 [pool-79-thread-1] INFO  storage.RaftStorageDirectory (RaftStorageDirectoryImpl.java:tryLock(231)) - Lock on /home/runner/work/ozone/ozone/hadoop-ozone/integration-test/target/test-dir/MiniOzoneClusterImpl-c6c5b2ab-f103-43fd-a9c8-44793663f5fe/datanode-0/data/ratis/7bdbafa8-6302-4be6-9d3b-eb7aa67b10fd/in_use.lock acquired by nodename 52175@fv-az377-102
2023-04-11 17:16:40,548 [pool-79-thread-1] INFO  storage.RaftStorage (RaftStorageImpl.java:format(96)) - Storage directory /home/runner/work/ozone/ozone/hadoop-ozone/integration-test/target/test-dir/MiniOzoneClusterImpl-c6c5b2ab-f103-43fd-a9c8-44793663f5fe/datanode-0/data/ratis/7bdbafa8-6302-4be6-9d3b-eb7aa67b10fd has been successfully formatted.
2023-04-11 17:16:40,548 [pool-79-thread-1] INFO  ratis.ContainerStateMachine (ContainerStateMachine.java:loadSnapshot(262)) - group-EB7AA67B10FD: The snapshot info is null. Setting the last applied indexto:(t:0, i:~)
2023-04-11 17:16:40,549 [pool-79-thread-1] INFO  server.RaftServerConfigKeys (ConfUtils.java:logGet(46)) - raft.server.log.use.memory = false (default)
2023-04-11 17:16:40,553 [pool-79-thread-1] INFO  server.RaftServerConfigKeys (ConfUtils.java:logGet(46)) - raft.server.log.purge.gap = 1000000 (custom)
2023-04-11 17:16:40,554 [EventQueue-OpenPipelineForHealthyPipelineSafeModeRule] INFO  safemode.SCMSafeModeManager (HealthyPipelineSafeModeRule.java:process(137)) - SCM in safe mode. Healthy pipelines reported count is 0, required healthy pipeline reported count is 1
2023-04-11 17:16:40,564 [pool-79-thread-1] INFO  server.RaftServerConfigKeys (ConfUtils.java:logGet(46)) - raft.server.log.appender.buffer.byte-limit = 33554432 (custom)
2023-04-11 17:16:40,564 [pool-79-thread-1] INFO  server.RaftServerConfigKeys (ConfUtils.java:logGet(46)) - raft.server.log.statemachine.data.read.timeout = 1000ms (default)
2023-04-11 17:16:40,565 [pool-79-thread-1] INFO  server.RaftServerConfigKeys (ConfUtils.java:logGet(46)) - raft.server.log.purge.preservation.log.num = 0 (default)
2023-04-11 17:16:40,565 [pool-79-thread-1] INFO  server.RaftServerConfigKeys (ConfUtils.java:logGet(46)) - raft.server.log.segment.size.max = 1048576 (custom)
2023-04-11 17:16:40,565 [pool-79-thread-1] INFO  server.RaftServerConfigKeys (ConfUtils.java:logGet(46)) - raft.server.log.segment.cache.num.max = 2 (custom)
2023-04-11 17:16:40,566 [pool-79-thread-1] INFO  server.RaftServerConfigKeys (ConfUtils.java:logGet(46)) - raft.server.log.segment.cache.size.max = 200MB (=209715200) (default)
2023-04-11 17:16:40,566 [pool-79-thread-1] INFO  segmented.SegmentedRaftLogWorker (SegmentedRaftLogWorker.java:<init>(189)) - new a41b41b2-6125-497a-a0cb-d7eb73039636@group-EB7AA67B10FD-SegmentedRaftLogWorker for RaftStorageImpl:Storage Directory /home/runner/work/ozone/ozone/hadoop-ozone/integration-test/target/test-dir/MiniOzoneClusterImpl-c6c5b2ab-f103-43fd-a9c8-44793663f5fe/datanode-0/data/ratis/7bdbafa8-6302-4be6-9d3b-eb7aa67b10fd
2023-04-11 17:16:40,566 [pool-79-thread-1] INFO  server.RaftServerConfigKeys (ConfUtils.java:logGet(46)) - raft.server.log.queue.byte-limit = 4294967296 (custom)
2023-04-11 17:16:40,566 [pool-79-thread-1] INFO  server.RaftServerConfigKeys (ConfUtils.java:logGet(46)) - raft.server.log.queue.element-limit = 1024 (custom)
2023-04-11 17:16:40,566 [pool-79-thread-1] INFO  server.RaftServerConfigKeys (ConfUtils.java:logGet(46)) - raft.server.log.segment.size.max = 1048576 (custom)
2023-04-11 17:16:40,566 [pool-79-thread-1] INFO  server.RaftServerConfigKeys (ConfUtils.java:logGet(46)) - raft.server.log.preallocated.size = 16384 (custom)
2023-04-11 17:16:40,566 [pool-79-thread-1] INFO  server.RaftServerConfigKeys (ConfUtils.java:logGet(46)) - raft.server.log.force.sync.num = 128 (default)
2023-04-11 17:16:40,566 [pool-79-thread-1] INFO  server.RaftServerConfigKeys (ConfUtils.java:logGet(46)) - raft.server.log.statemachine.data.sync = true (default)
2023-04-11 17:16:40,566 [pool-79-thread-1] INFO  server.RaftServerConfigKeys (ConfUtils.java:logGet(46)) - raft.server.log.statemachine.data.sync.timeout = 10s (default)
2023-04-11 17:16:40,566 [pool-79-thread-1] INFO  server.RaftServerConfigKeys (ConfUtils.java:logGet(46)) - raft.server.log.statemachine.data.sync.timeout.retry = -1 (default)
2023-04-11 17:16:40,567 [pool-79-thread-1] INFO  server.RaftServerConfigKeys (ConfUtils.java:logGet(46)) - raft.server.log.write.buffer.size = 1048576 (custom)
2023-04-11 17:16:40,568 [pool-79-thread-1] INFO  server.RaftServerConfigKeys (ConfUtils.java:logGet(46)) - raft.server.log.appender.buffer.byte-limit = 33554432 (custom)
2023-04-11 17:16:40,579 [pool-79-thread-1] INFO  server.RaftServerConfigKeys (ConfUtils.java:logGet(46)) - raft.server.log.unsafe-flush.enabled = false (default)
2023-04-11 17:16:40,579 [pool-79-thread-1] INFO  server.RaftServerConfigKeys (ConfUtils.java:logGet(46)) - raft.server.log.async-flush.enabled = false (default)
2023-04-11 17:16:40,579 [pool-79-thread-1] INFO  server.RaftServerConfigKeys (ConfUtils.java:logGet(46)) - raft.server.log.statemachine.data.caching.enabled = true (custom)
2023-04-11 17:16:40,579 [pool-79-thread-1] INFO  segmented.SegmentedRaftLogWorker (SegmentedRaftLogWorker.java:lambda$new$0(135)) - a41b41b2-6125-497a-a0cb-d7eb73039636@group-EB7AA67B10FD-SegmentedRaftLogWorker: flushIndex: setUnconditionally 0 -> -1
2023-04-11 17:16:40,579 [pool-79-thread-1] INFO  segmented.SegmentedRaftLogWorker (SegmentedRaftLogWorker.java:lambda$new$0(135)) - a41b41b2-6125-497a-a0cb-d7eb73039636@group-EB7AA67B10FD-SegmentedRaftLogWorker: safeCacheEvictIndex: setUnconditionally 0 -> -1
2023-04-11 17:16:40,579 [pool-79-thread-1] INFO  server.RaftServer$Division (RaftServerImpl.java:start(334)) - a41b41b2-6125-497a-a0cb-d7eb73039636@group-EB7AA67B10FD: start as a follower, conf=-1: peers:[30e95ef4-c50c-4a35-94a1-24945bf18908|rpc:10.1.0.70:38995|dataStream:10.1.0.70:43279|priority:0|startupRole:FOLLOWER, a41b41b2-6125-497a-a0cb-d7eb73039636|rpc:10.1.0.70:40391|dataStream:10.1.0.70:45057|priority:1|startupRole:FOLLOWER, 54fa8802-d5ce-4a45-bac9-9464a05e8046|rpc:10.1.0.70:41191|dataStream:10.1.0.70:38659|priority:0|startupRole:FOLLOWER]|listeners:[], old=null
2023-04-11 17:16:40,580 [pool-79-thread-1] INFO  server.RaftServer$Division (RaftServerImpl.java:setRole(321)) - a41b41b2-6125-497a-a0cb-d7eb73039636@group-EB7AA67B10FD: changes role from      null to FOLLOWER at term 0 for startAsFollower
2023-04-11 17:16:40,580 [pool-79-thread-1] INFO  impl.RoleInfo (RoleInfo.java:updateAndGet(139)) - a41b41b2-6125-497a-a0cb-d7eb73039636: start a41b41b2-6125-497a-a0cb-d7eb73039636@group-EB7AA67B10FD-FollowerState
2023-04-11 17:16:40,580 [pool-79-thread-1] INFO  util.JmxRegister (JmxRegister.java:tryRegister(44)) - Successfully registered JMX Bean with object name Ratis:service=RaftServer,group=group-EB7AA67B10FD,id=a41b41b2-6125-497a-a0cb-d7eb73039636
2023-04-11 17:16:40,581 [pool-79-thread-1] INFO  server.RaftServerConfigKeys (ConfUtils.java:logGet(46)) - raft.server.snapshot.auto.trigger.enabled = true (custom)
2023-04-11 17:16:40,581 [pool-79-thread-1] INFO  server.RaftServerConfigKeys (ConfUtils.java:logGet(46)) - raft.server.snapshot.auto.trigger.threshold = 10000 (custom)
2023-04-11 17:16:40,581 [pool-79-thread-1] INFO  server.RaftServerConfigKeys (ConfUtils.java:logGet(46)) - raft.server.snapshot.retention.file.num = 5 (custom)
2023-04-11 17:16:40,581 [pool-79-thread-1] INFO  server.RaftServerConfigKeys (ConfUtils.java:logGet(46)) - raft.server.log.purge.upto.snapshot.index = false (default)
2023-04-11 17:16:40,584 [Command processor thread] INFO  ratis.XceiverServerRatis (XceiverServerRatis.java:addGroup(806)) - Created group PipelineID=7bdbafa8-6302-4be6-9d3b-eb7aa67b10fd
2023-04-11 17:16:40,596 [a41b41b2-6125-497a-a0cb-d7eb73039636@group-EB7AA67B10FD-FollowerState] INFO  server.RaftServerConfigKeys (ConfUtils.java:logFallback(53)) - raft.server.rpc.first-election.timeout.min = 5s (fallback to raft.server.rpc.timeout.min)
2023-04-11 17:16:40,596 [a41b41b2-6125-497a-a0cb-d7eb73039636@group-EB7AA67B10FD-FollowerState] INFO  server.RaftServerConfigKeys (ConfUtils.java:logFallback(53)) - raft.server.rpc.first-election.timeout.max = 5200ms (fallback to raft.server.rpc.timeout.max)
2023-04-11 17:16:40,984 [grpc-default-executor-0] INFO  server.RaftServer (RaftServerProxy.java:addNew(96)) - 30e95ef4-c50c-4a35-94a1-24945bf18908: addNew group-EB7AA67B10FD:[30e95ef4-c50c-4a35-94a1-24945bf18908|rpc:10.1.0.70:38995|dataStream:10.1.0.70:43279|priority:0|startupRole:FOLLOWER, a41b41b2-6125-497a-a0cb-d7eb73039636|rpc:10.1.0.70:40391|dataStream:10.1.0.70:45057|priority:1|startupRole:FOLLOWER, 54fa8802-d5ce-4a45-bac9-9464a05e8046|rpc:10.1.0.70:41191|dataStream:10.1.0.70:38659|priority:0|startupRole:FOLLOWER] returns group-EB7AA67B10FD:java.util.concurrent.CompletableFuture@4cdf12a4[Not completed]
2023-04-11 17:16:40,986 [pool-123-thread-1] INFO  server.RaftServer$Division (RaftServerImpl.java:<init>(195)) - 30e95ef4-c50c-4a35-94a1-24945bf18908: new RaftServerImpl for group-EB7AA67B10FD:[30e95ef4-c50c-4a35-94a1-24945bf18908|rpc:10.1.0.70:38995|dataStream:10.1.0.70:43279|priority:0|startupRole:FOLLOWER, a41b41b2-6125-497a-a0cb-d7eb73039636|rpc:10.1.0.70:40391|dataStream:10.1.0.70:45057|priority:1|startupRole:FOLLOWER, 54fa8802-d5ce-4a45-bac9-9464a05e8046|rpc:10.1.0.70:41191|dataStream:10.1.0.70:38659|priority:0|startupRole:FOLLOWER] with ContainerStateMachine:uninitialized
2023-04-11 17:16:40,986 [pool-123-thread-1] INFO  server.RaftServerConfigKeys (ConfUtils.java:logGet(46)) - raft.server.rpc.timeout.min = 5s (custom)
2023-04-11 17:16:40,987 [pool-123-thread-1] INFO  server.RaftServerConfigKeys (ConfUtils.java:logGet(46)) - raft.server.rpc.timeout.max = 5200ms (custom)
2023-04-11 17:16:40,987 [pool-123-thread-1] INFO  server.RaftServerConfigKeys (ConfUtils.java:logGet(46)) - raft.server.rpc.sleep.time = 25ms (default)
2023-04-11 17:16:40,987 [pool-123-thread-1] INFO  server.RaftServerConfigKeys (ConfUtils.java:logGet(46)) - raft.server.rpc.slowness.timeout = 300s (custom)
2023-04-11 17:16:40,987 [pool-123-thread-1] INFO  server.RaftServerConfigKeys (ConfUtils.java:logGet(46)) - raft.server.leaderelection.leader.step-down.wait-time = 10s (default)
2023-04-11 17:16:40,987 [pool-123-thread-1] INFO  server.RaftServerConfigKeys (ConfUtils.java:logGet(46)) - raft.server.sleep.deviation.threshold = 300ms (default)
2023-04-11 17:16:40,987 [pool-123-thread-1] INFO  server.RaftServer$Division (ServerState.java:<init>(118)) - 30e95ef4-c50c-4a35-94a1-24945bf18908@group-EB7AA67B10FD: ConfigurationManager, init=-1: peers:[30e95ef4-c50c-4a35-94a1-24945bf18908|rpc:10.1.0.70:38995|dataStream:10.1.0.70:43279|priority:0|startupRole:FOLLOWER, a41b41b2-6125-497a-a0cb-d7eb73039636|rpc:10.1.0.70:40391|dataStream:10.1.0.70:45057|priority:1|startupRole:FOLLOWER, 54fa8802-d5ce-4a45-bac9-9464a05e8046|rpc:10.1.0.70:41191|dataStream:10.1.0.70:38659|priority:0|startupRole:FOLLOWER]|listeners:[], old=null, confs=<EMPTY_MAP>
2023-04-11 17:16:40,987 [pool-123-thread-1] INFO  server.RaftServerConfigKeys (ConfUtils.java:logGet(46)) - raft.server.storage.dir = [/home/runner/work/ozone/ozone/hadoop-ozone/integration-test/target/test-dir/MiniOzoneClusterImpl-c6c5b2ab-f103-43fd-a9c8-44793663f5fe/datanode-2/data/ratis] (custom)
2023-04-11 17:16:40,987 [pool-123-thread-1] INFO  server.RaftServerConfigKeys (ConfUtils.java:logGet(46)) - raft.server.log.corruption.policy = EXCEPTION (default)
2023-04-11 17:16:40,987 [pool-123-thread-1] INFO  server.RaftServerConfigKeys (ConfUtils.java:logGet(46)) - raft.server.storage.free-space.min = 0MB (=0) (default)
2023-04-11 17:16:40,987 [pool-123-thread-1] INFO  server.RaftServerConfigKeys (ConfUtils.java:logGet(46)) - raft.server.notification.no-leader.timeout = 300s (custom)
2023-04-11 17:16:40,987 [pool-123-thread-1] INFO  server.RaftServerConfigKeys (ConfUtils.java:logGet(46)) - raft.server.retrycache.expirytime = 600000ms (custom)
2023-04-11 17:16:40,987 [pool-123-thread-1] INFO  server.RaftServerConfigKeys (ConfUtils.java:logGet(46)) - raft.server.retrycache.statistics.expirytime = 100μs (default)
2023-04-11 17:16:40,989 [pool-123-thread-1] INFO  server.RaftServerConfigKeys (ConfUtils.java:logGet(46)) - raft.server.log.appender.install.snapshot.enabled = false (custom)
2023-04-11 17:16:40,989 [pool-123-thread-1] INFO  server.RaftServerConfigKeys (ConfUtils.java:logGet(46)) - raft.server.threadpool.server.cached = true (default)
2023-04-11 17:16:40,989 [pool-123-thread-1] INFO  server.RaftServerConfigKeys (ConfUtils.java:logGet(46)) - raft.server.threadpool.server.size = 0 (default)
2023-04-11 17:16:40,990 [pool-123-thread-1] INFO  server.RaftServerConfigKeys (ConfUtils.java:logGet(46)) - raft.server.threadpool.client.cached = true (default)
2023-04-11 17:16:40,990 [pool-123-thread-1] INFO  server.RaftServerConfigKeys (ConfUtils.java:logGet(46)) - raft.server.threadpool.client.size = 0 (default)
2023-04-11 17:16:40,992 [Command processor thread] INFO  server.RaftServer (RaftServerProxy.java:addNew(96)) - 54fa8802-d5ce-4a45-bac9-9464a05e8046: addNew group-4F0FCB5BBBFE:[54fa8802-d5ce-4a45-bac9-9464a05e8046|rpc:10.1.0.70:41191|dataStream:10.1.0.70:38659|priority:1|startupRole:FOLLOWER] returns group-4F0FCB5BBBFE:java.util.concurrent.CompletableFuture@5ba053c5[Not completed]
2023-04-11 17:16:40,997 [pool-101-thread-1] INFO  server.RaftServer$Division (RaftServerImpl.java:<init>(195)) - 54fa8802-d5ce-4a45-bac9-9464a05e8046: new RaftServerImpl for group-4F0FCB5BBBFE:[54fa8802-d5ce-4a45-bac9-9464a05e8046|rpc:10.1.0.70:41191|dataStream:10.1.0.70:38659|priority:1|startupRole:FOLLOWER] with ContainerStateMachine:uninitialized
2023-04-11 17:16:40,999 [pool-101-thread-1] INFO  server.RaftServerConfigKeys (ConfUtils.java:logGet(46)) - raft.server.rpc.timeout.min = 5s (custom)
2023-04-11 17:16:40,999 [pool-101-thread-1] INFO  server.RaftServerConfigKeys (ConfUtils.java:logGet(46)) - raft.server.rpc.timeout.max = 5200ms (custom)
2023-04-11 17:16:41,000 [pool-101-thread-1] INFO  server.RaftServerConfigKeys (ConfUtils.java:logGet(46)) - raft.server.rpc.sleep.time = 25ms (default)
2023-04-11 17:16:41,000 [pool-101-thread-1] INFO  server.RaftServerConfigKeys (ConfUtils.java:logGet(46)) - raft.server.rpc.slowness.timeout = 300s (custom)
2023-04-11 17:16:41,000 [pool-101-thread-1] INFO  server.RaftServerConfigKeys (ConfUtils.java:logGet(46)) - raft.server.leaderelection.leader.step-down.wait-time = 10s (default)
2023-04-11 17:16:41,000 [pool-101-thread-1] INFO  server.RaftServerConfigKeys (ConfUtils.java:logGet(46)) - raft.server.sleep.deviation.threshold = 300ms (default)
2023-04-11 17:16:41,000 [pool-101-thread-1] INFO  server.RaftServer$Division (ServerState.java:<init>(118)) - 54fa8802-d5ce-4a45-bac9-9464a05e8046@group-4F0FCB5BBBFE: ConfigurationManager, init=-1: peers:[54fa8802-d5ce-4a45-bac9-9464a05e8046|rpc:10.1.0.70:41191|dataStream:10.1.0.70:38659|priority:1|startupRole:FOLLOWER]|listeners:[], old=null, confs=<EMPTY_MAP>
2023-04-11 17:16:40,997 [pool-123-thread-1] INFO  storage.RaftStorageDirectory (RaftStorageDirectoryImpl.java:analyzeStorage(137)) - The storage directory /home/runner/work/ozone/ozone/hadoop-ozone/integration-test/target/test-dir/MiniOzoneClusterImpl-c6c5b2ab-f103-43fd-a9c8-44793663f5fe/datanode-2/data/ratis/7bdbafa8-6302-4be6-9d3b-eb7aa67b10fd does not exist. Creating ...
2023-04-11 17:16:41,000 [pool-101-thread-1] INFO  server.RaftServerConfigKeys (ConfUtils.java:logGet(46)) - raft.server.storage.dir = [/home/runner/work/ozone/ozone/hadoop-ozone/integration-test/target/test-dir/MiniOzoneClusterImpl-c6c5b2ab-f103-43fd-a9c8-44793663f5fe/datanode-1/data/ratis] (custom)
2023-04-11 17:16:41,000 [pool-101-thread-1] INFO  server.RaftServerConfigKeys (ConfUtils.java:logGet(46)) - raft.server.log.corruption.policy = EXCEPTION (default)
2023-04-11 17:16:41,001 [pool-101-thread-1] INFO  server.RaftServerConfigKeys (ConfUtils.java:logGet(46)) - raft.server.storage.free-space.min = 0MB (=0) (default)
2023-04-11 17:16:41,001 [pool-101-thread-1] INFO  server.RaftServerConfigKeys (ConfUtils.java:logGet(46)) - raft.server.notification.no-leader.timeout = 300s (custom)
2023-04-11 17:16:41,001 [pool-101-thread-1] INFO  server.RaftServerConfigKeys (ConfUtils.java:logGet(46)) - raft.server.retrycache.expirytime = 600000ms (custom)
2023-04-11 17:16:41,001 [pool-101-thread-1] INFO  server.RaftServerConfigKeys (ConfUtils.java:logGet(46)) - raft.server.retrycache.statistics.expirytime = 100μs (default)
2023-04-11 17:16:41,002 [pool-123-thread-1] INFO  storage.RaftStorageDirectory (RaftStorageDirectoryImpl.java:tryLock(231)) - Lock on /home/runner/work/ozone/ozone/hadoop-ozone/integration-test/target/test-dir/MiniOzoneClusterImpl-c6c5b2ab-f103-43fd-a9c8-44793663f5fe/datanode-2/data/ratis/7bdbafa8-6302-4be6-9d3b-eb7aa67b10fd/in_use.lock acquired by nodename 52175@fv-az377-102
2023-04-11 17:16:41,004 [pool-123-thread-1] INFO  storage.RaftStorage (RaftStorageImpl.java:format(96)) - Storage directory /home/runner/work/ozone/ozone/hadoop-ozone/integration-test/target/test-dir/MiniOzoneClusterImpl-c6c5b2ab-f103-43fd-a9c8-44793663f5fe/datanode-2/data/ratis/7bdbafa8-6302-4be6-9d3b-eb7aa67b10fd has been successfully formatted.
2023-04-11 17:16:41,007 [pool-101-thread-1] INFO  server.RaftServerConfigKeys (ConfUtils.java:logGet(46)) - raft.server.log.appender.install.snapshot.enabled = false (custom)
2023-04-11 17:16:41,007 [pool-101-thread-1] INFO  server.RaftServerConfigKeys (ConfUtils.java:logGet(46)) - raft.server.threadpool.server.cached = true (default)
2023-04-11 17:16:41,007 [pool-101-thread-1] INFO  server.RaftServerConfigKeys (ConfUtils.java:logGet(46)) - raft.server.threadpool.server.size = 0 (default)
2023-04-11 17:16:41,007 [pool-101-thread-1] INFO  server.RaftServerConfigKeys (ConfUtils.java:logGet(46)) - raft.server.threadpool.client.cached = true (default)
2023-04-11 17:16:41,007 [pool-101-thread-1] INFO  server.RaftServerConfigKeys (ConfUtils.java:logGet(46)) - raft.server.threadpool.client.size = 0 (default)
2023-04-11 17:16:41,007 [pool-101-thread-1] INFO  storage.RaftStorageDirectory (RaftStorageDirectoryImpl.java:analyzeStorage(137)) - The storage directory /home/runner/work/ozone/ozone/hadoop-ozone/integration-test/target/test-dir/MiniOzoneClusterImpl-c6c5b2ab-f103-43fd-a9c8-44793663f5fe/datanode-1/data/ratis/9db9a756-8382-4967-86e1-4f0fcb5bbbfe does not exist. Creating ...
2023-04-11 17:16:41,008 [pool-101-thread-1] INFO  storage.RaftStorageDirectory (RaftStorageDirectoryImpl.java:tryLock(231)) - Lock on /home/runner/work/ozone/ozone/hadoop-ozone/integration-test/target/test-dir/MiniOzoneClusterImpl-c6c5b2ab-f103-43fd-a9c8-44793663f5fe/datanode-1/data/ratis/9db9a756-8382-4967-86e1-4f0fcb5bbbfe/in_use.lock acquired by nodename 52175@fv-az377-102
2023-04-11 17:16:41,010 [pool-123-thread-1] INFO  ratis.ContainerStateMachine (ContainerStateMachine.java:loadSnapshot(262)) - group-EB7AA67B10FD: The snapshot info is null. Setting the last applied indexto:(t:0, i:~)
2023-04-11 17:16:41,010 [pool-123-thread-1] INFO  server.RaftServerConfigKeys (ConfUtils.java:logGet(46)) - raft.server.log.use.memory = false (default)
2023-04-11 17:16:41,015 [pool-123-thread-1] INFO  server.RaftServerConfigKeys (ConfUtils.java:logGet(46)) - raft.server.log.purge.gap = 1000000 (custom)
2023-04-11 17:16:41,015 [pool-123-thread-1] INFO  server.RaftServerConfigKeys (ConfUtils.java:logGet(46)) - raft.server.log.appender.buffer.byte-limit = 33554432 (custom)
2023-04-11 17:16:41,015 [pool-123-thread-1] INFO  server.RaftServerConfigKeys (ConfUtils.java:logGet(46)) - raft.server.log.statemachine.data.read.timeout = 1000ms (default)
2023-04-11 17:16:41,015 [pool-123-thread-1] INFO  server.RaftServerConfigKeys (ConfUtils.java:logGet(46)) - raft.server.log.purge.preservation.log.num = 0 (default)
2023-04-11 17:16:41,015 [pool-123-thread-1] INFO  server.RaftServerConfigKeys (ConfUtils.java:logGet(46)) - raft.server.log.segment.size.max = 1048576 (custom)
2023-04-11 17:16:41,016 [pool-123-thread-1] INFO  server.RaftServerConfigKeys (ConfUtils.java:logGet(46)) - raft.server.log.segment.cache.num.max = 2 (custom)
2023-04-11 17:16:41,016 [pool-123-thread-1] INFO  server.RaftServerConfigKeys (ConfUtils.java:logGet(46)) - raft.server.log.segment.cache.size.max = 200MB (=209715200) (default)
2023-04-11 17:16:41,016 [pool-123-thread-1] INFO  segmented.SegmentedRaftLogWorker (SegmentedRaftLogWorker.java:<init>(189)) - new 30e95ef4-c50c-4a35-94a1-24945bf18908@group-EB7AA67B10FD-SegmentedRaftLogWorker for RaftStorageImpl:Storage Directory /home/runner/work/ozone/ozone/hadoop-ozone/integration-test/target/test-dir/MiniOzoneClusterImpl-c6c5b2ab-f103-43fd-a9c8-44793663f5fe/datanode-2/data/ratis/7bdbafa8-6302-4be6-9d3b-eb7aa67b10fd
2023-04-11 17:16:41,016 [pool-123-thread-1] INFO  server.RaftServerConfigKeys (ConfUtils.java:logGet(46)) - raft.server.log.queue.byte-limit = 4294967296 (custom)
2023-04-11 17:16:41,016 [pool-123-thread-1] INFO  server.RaftServerConfigKeys (ConfUtils.java:logGet(46)) - raft.server.log.queue.element-limit = 1024 (custom)
2023-04-11 17:16:41,016 [pool-123-thread-1] INFO  server.RaftServerConfigKeys (ConfUtils.java:logGet(46)) - raft.server.log.segment.size.max = 1048576 (custom)
2023-04-11 17:16:41,016 [pool-123-thread-1] INFO  server.RaftServerConfigKeys (ConfUtils.java:logGet(46)) - raft.server.log.preallocated.size = 16384 (custom)
2023-04-11 17:16:41,016 [pool-123-thread-1] INFO  server.RaftServerConfigKeys (ConfUtils.java:logGet(46)) - raft.server.log.force.sync.num = 128 (default)
2023-04-11 17:16:41,016 [pool-123-thread-1] INFO  server.RaftServerConfigKeys (ConfUtils.java:logGet(46)) - raft.server.log.statemachine.data.sync = true (default)
2023-04-11 17:16:41,017 [pool-123-thread-1] INFO  server.RaftServerConfigKeys (ConfUtils.java:logGet(46)) - raft.server.log.statemachine.data.sync.timeout = 10s (default)
2023-04-11 17:16:41,017 [pool-123-thread-1] INFO  server.RaftServerConfigKeys (ConfUtils.java:logGet(46)) - raft.server.log.statemachine.data.sync.timeout.retry = -1 (default)
2023-04-11 17:16:41,018 [pool-123-thread-1] INFO  server.RaftServerConfigKeys (ConfUtils.java:logGet(46)) - raft.server.log.write.buffer.size = 1048576 (custom)
2023-04-11 17:16:41,019 [pool-101-thread-1] INFO  storage.RaftStorage (RaftStorageImpl.java:format(96)) - Storage directory /home/runner/work/ozone/ozone/hadoop-ozone/integration-test/target/test-dir/MiniOzoneClusterImpl-c6c5b2ab-f103-43fd-a9c8-44793663f5fe/datanode-1/data/ratis/9db9a756-8382-4967-86e1-4f0fcb5bbbfe has been successfully formatted.
2023-04-11 17:16:41,019 [pool-123-thread-1] INFO  server.RaftServerConfigKeys (ConfUtils.java:logGet(46)) - raft.server.log.appender.buffer.byte-limit = 33554432 (custom)
2023-04-11 17:16:41,025 [pool-123-thread-1] INFO  server.RaftServerConfigKeys (ConfUtils.java:logGet(46)) - raft.server.log.unsafe-flush.enabled = false (default)
2023-04-11 17:16:41,025 [pool-123-thread-1] INFO  server.RaftServerConfigKeys (ConfUtils.java:logGet(46)) - raft.server.log.async-flush.enabled = false (default)
2023-04-11 17:16:41,025 [pool-123-thread-1] INFO  server.RaftServerConfigKeys (ConfUtils.java:logGet(46)) - raft.server.log.statemachine.data.caching.enabled = true (custom)
2023-04-11 17:16:41,026 [pool-101-thread-1] INFO  ratis.ContainerStateMachine (ContainerStateMachine.java:loadSnapshot(262)) - group-4F0FCB5BBBFE: The snapshot info is null. Setting the last applied indexto:(t:0, i:~)
2023-04-11 17:16:41,026 [pool-101-thread-1] INFO  server.RaftServerConfigKeys (ConfUtils.java:logGet(46)) - raft.server.log.use.memory = false (default)
2023-04-11 17:16:41,026 [pool-101-thread-1] INFO  server.RaftServerConfigKeys (ConfUtils.java:logGet(46)) - raft.server.log.purge.gap = 1000000 (custom)
2023-04-11 17:16:41,026 [pool-101-thread-1] INFO  server.RaftServerConfigKeys (ConfUtils.java:logGet(46)) - raft.server.log.appender.buffer.byte-limit = 33554432 (custom)
2023-04-11 17:16:41,026 [pool-101-thread-1] INFO  server.RaftServerConfigKeys (ConfUtils.java:logGet(46)) - raft.server.log.statemachine.data.read.timeout = 1000ms (default)
2023-04-11 17:16:41,026 [pool-101-thread-1] INFO  server.RaftServerConfigKeys (ConfUtils.java:logGet(46)) - raft.server.log.purge.preservation.log.num = 0 (default)
2023-04-11 17:16:41,028 [EventQueue-PipelineReportForPipelineReportHandler] INFO  pipeline.PipelineManagerImpl (PipelineManagerImpl.java:openPipeline(367)) - Pipeline Pipeline[ Id: 9db9a756-8382-4967-86e1-4f0fcb5bbbfe, Nodes: 54fa8802-d5ce-4a45-bac9-9464a05e8046(fv-az377-102.ap30g4v5sw5evmjtdmxdg2w53f.dx.internal.cloudapp.net/10.1.0.70), ReplicationConfig: RATIS/ONE, State:ALLOCATED, leaderId:54fa8802-d5ce-4a45-bac9-9464a05e8046, CreationTimestamp2023-04-11T17:16:37.994Z[Etc/UTC]] moved to OPEN state
2023-04-11 17:16:41,029 [EventQueue-OpenPipelineForHealthyPipelineSafeModeRule] INFO  safemode.SCMSafeModeManager (HealthyPipelineSafeModeRule.java:process(137)) - SCM in safe mode. Healthy pipelines reported count is 0, required healthy pipeline reported count is 1
2023-04-11 17:16:41,032 [pool-101-thread-1] INFO  server.RaftServerConfigKeys (ConfUtils.java:logGet(46)) - raft.server.log.segment.size.max = 1048576 (custom)
2023-04-11 17:16:41,033 [pool-101-thread-1] INFO  server.RaftServerConfigKeys (ConfUtils.java:logGet(46)) - raft.server.log.segment.cache.num.max = 2 (custom)
2023-04-11 17:16:41,033 [pool-101-thread-1] INFO  server.RaftServerConfigKeys (ConfUtils.java:logGet(46)) - raft.server.log.segment.cache.size.max = 200MB (=209715200) (default)
2023-04-11 17:16:41,033 [pool-101-thread-1] INFO  segmented.SegmentedRaftLogWorker (SegmentedRaftLogWorker.java:<init>(189)) - new 54fa8802-d5ce-4a45-bac9-9464a05e8046@group-4F0FCB5BBBFE-SegmentedRaftLogWorker for RaftStorageImpl:Storage Directory /home/runner/work/ozone/ozone/hadoop-ozone/integration-test/target/test-dir/MiniOzoneClusterImpl-c6c5b2ab-f103-43fd-a9c8-44793663f5fe/datanode-1/data/ratis/9db9a756-8382-4967-86e1-4f0fcb5bbbfe
2023-04-11 17:16:41,033 [pool-101-thread-1] INFO  server.RaftServerConfigKeys (ConfUtils.java:logGet(46)) - raft.server.log.queue.byte-limit = 4294967296 (custom)
2023-04-11 17:16:41,033 [pool-101-thread-1] INFO  server.RaftServerConfigKeys (ConfUtils.java:logGet(46)) - raft.server.log.queue.element-limit = 1024 (custom)
2023-04-11 17:16:41,033 [pool-101-thread-1] INFO  server.RaftServerConfigKeys (ConfUtils.java:logGet(46)) - raft.server.log.segment.size.max = 1048576 (custom)
2023-04-11 17:16:41,033 [pool-101-thread-1] INFO  server.RaftServerConfigKeys (ConfUtils.java:logGet(46)) - raft.server.log.preallocated.size = 16384 (custom)
2023-04-11 17:16:41,033 [pool-101-thread-1] INFO  server.RaftServerConfigKeys (ConfUtils.java:logGet(46)) - raft.server.log.force.sync.num = 128 (default)
2023-04-11 17:16:41,033 [pool-101-thread-1] INFO  server.RaftServerConfigKeys (ConfUtils.java:logGet(46)) - raft.server.log.statemachine.data.sync = true (default)
2023-04-11 17:16:41,034 [pool-101-thread-1] INFO  server.RaftServerConfigKeys (ConfUtils.java:logGet(46)) - raft.server.log.statemachine.data.sync.timeout = 10s (default)
2023-04-11 17:16:41,034 [pool-101-thread-1] INFO  server.RaftServerConfigKeys (ConfUtils.java:logGet(46)) - raft.server.log.statemachine.data.sync.timeout.retry = -1 (default)
2023-04-11 17:16:41,035 [pool-101-thread-1] INFO  server.RaftServerConfigKeys (ConfUtils.java:logGet(46)) - raft.server.log.write.buffer.size = 1048576 (custom)
2023-04-11 17:16:41,035 [pool-101-thread-1] INFO  server.RaftServerConfigKeys (ConfUtils.java:logGet(46)) - raft.server.log.appender.buffer.byte-limit = 33554432 (custom)
2023-04-11 17:16:41,036 [pool-123-thread-1] INFO  segmented.SegmentedRaftLogWorker (SegmentedRaftLogWorker.java:lambda$new$0(135)) - 30e95ef4-c50c-4a35-94a1-24945bf18908@group-EB7AA67B10FD-SegmentedRaftLogWorker: flushIndex: setUnconditionally 0 -> -1
2023-04-11 17:16:41,036 [pool-123-thread-1] INFO  segmented.SegmentedRaftLogWorker (SegmentedRaftLogWorker.java:lambda$new$0(135)) - 30e95ef4-c50c-4a35-94a1-24945bf18908@group-EB7AA67B10FD-SegmentedRaftLogWorker: safeCacheEvictIndex: setUnconditionally 0 -> -1
2023-04-11 17:16:41,041 [pool-101-thread-1] INFO  server.RaftServerConfigKeys (ConfUtils.java:logGet(46)) - raft.server.log.unsafe-flush.enabled = false (default)
2023-04-11 17:16:41,041 [pool-101-thread-1] INFO  server.RaftServerConfigKeys (ConfUtils.java:logGet(46)) - raft.server.log.async-flush.enabled = false (default)
2023-04-11 17:16:41,041 [pool-101-thread-1] INFO  server.RaftServerConfigKeys (ConfUtils.java:logGet(46)) - raft.server.log.statemachine.data.caching.enabled = true (custom)
2023-04-11 17:16:41,041 [pool-101-thread-1] INFO  segmented.SegmentedRaftLogWorker (SegmentedRaftLogWorker.java:lambda$new$0(135)) - 54fa8802-d5ce-4a45-bac9-9464a05e8046@group-4F0FCB5BBBFE-SegmentedRaftLogWorker: flushIndex: setUnconditionally 0 -> -1
2023-04-11 17:16:41,042 [pool-101-thread-1] INFO  segmented.SegmentedRaftLogWorker (SegmentedRaftLogWorker.java:lambda$new$0(135)) - 54fa8802-d5ce-4a45-bac9-9464a05e8046@group-4F0FCB5BBBFE-SegmentedRaftLogWorker: safeCacheEvictIndex: setUnconditionally 0 -> -1
2023-04-11 17:16:41,042 [pool-123-thread-1] INFO  server.RaftServer$Division (RaftServerImpl.java:start(334)) - 30e95ef4-c50c-4a35-94a1-24945bf18908@group-EB7AA67B10FD: start as a follower, conf=-1: peers:[30e95ef4-c50c-4a35-94a1-24945bf18908|rpc:10.1.0.70:38995|dataStream:10.1.0.70:43279|priority:0|startupRole:FOLLOWER, a41b41b2-6125-497a-a0cb-d7eb73039636|rpc:10.1.0.70:40391|dataStream:10.1.0.70:45057|priority:1|startupRole:FOLLOWER, 54fa8802-d5ce-4a45-bac9-9464a05e8046|rpc:10.1.0.70:41191|dataStream:10.1.0.70:38659|priority:0|startupRole:FOLLOWER]|listeners:[], old=null
2023-04-11 17:16:41,042 [pool-123-thread-1] INFO  server.RaftServer$Division (RaftServerImpl.java:setRole(321)) - 30e95ef4-c50c-4a35-94a1-24945bf18908@group-EB7AA67B10FD: changes role from      null to FOLLOWER at term 0 for startAsFollower
2023-04-11 17:16:41,042 [pool-101-thread-1] INFO  server.RaftServer$Division (RaftServerImpl.java:start(334)) - 54fa8802-d5ce-4a45-bac9-9464a05e8046@group-4F0FCB5BBBFE: start as a follower, conf=-1: peers:[54fa8802-d5ce-4a45-bac9-9464a05e8046|rpc:10.1.0.70:41191|dataStream:10.1.0.70:38659|priority:1|startupRole:FOLLOWER]|listeners:[], old=null
2023-04-11 17:16:41,046 [pool-101-thread-1] INFO  server.RaftServer$Division (RaftServerImpl.java:setRole(321)) - 54fa8802-d5ce-4a45-bac9-9464a05e8046@group-4F0FCB5BBBFE: changes role from      null to FOLLOWER at term 0 for startAsFollower
2023-04-11 17:16:41,046 [pool-101-thread-1] INFO  impl.RoleInfo (RoleInfo.java:updateAndGet(139)) - 54fa8802-d5ce-4a45-bac9-9464a05e8046: start 54fa8802-d5ce-4a45-bac9-9464a05e8046@group-4F0FCB5BBBFE-FollowerState
2023-04-11 17:16:41,042 [pool-123-thread-1] INFO  impl.RoleInfo (RoleInfo.java:updateAndGet(139)) - 30e95ef4-c50c-4a35-94a1-24945bf18908: start 30e95ef4-c50c-4a35-94a1-24945bf18908@group-EB7AA67B10FD-FollowerState
2023-04-11 17:16:41,047 [pool-101-thread-1] INFO  util.JmxRegister (JmxRegister.java:tryRegister(44)) - Successfully registered JMX Bean with object name Ratis:service=RaftServer,group=group-4F0FCB5BBBFE,id=54fa8802-d5ce-4a45-bac9-9464a05e8046
2023-04-11 17:16:41,048 [pool-101-thread-1] INFO  server.RaftServerConfigKeys (ConfUtils.java:logGet(46)) - raft.server.snapshot.auto.trigger.enabled = true (custom)
2023-04-11 17:16:41,048 [pool-101-thread-1] INFO  server.RaftServerConfigKeys (ConfUtils.java:logGet(46)) - raft.server.snapshot.auto.trigger.threshold = 10000 (custom)
2023-04-11 17:16:41,048 [pool-101-thread-1] INFO  server.RaftServerConfigKeys (ConfUtils.java:logGet(46)) - raft.server.snapshot.retention.file.num = 5 (custom)
2023-04-11 17:16:41,048 [pool-101-thread-1] INFO  server.RaftServerConfigKeys (ConfUtils.java:logGet(46)) - raft.server.log.purge.upto.snapshot.index = false (default)
2023-04-11 17:16:41,049 [Command processor thread] INFO  ratis.XceiverServerRatis (XceiverServerRatis.java:addGroup(806)) - Created group PipelineID=9db9a756-8382-4967-86e1-4f0fcb5bbbfe
2023-04-11 17:16:41,049 [Command processor thread] INFO  commandhandler.CreatePipelineCommandHandler (CreatePipelineCommandHandler.java:handle(113)) - Created Pipeline RATIS ONE PipelineID=9db9a756-8382-4967-86e1-4f0fcb5bbbfe.
2023-04-11 17:16:41,050 [Command processor thread] INFO  server.RaftServer (RaftServerProxy.java:addNew(96)) - 54fa8802-d5ce-4a45-bac9-9464a05e8046: addNew group-EB7AA67B10FD:[30e95ef4-c50c-4a35-94a1-24945bf18908|rpc:10.1.0.70:38995|dataStream:10.1.0.70:43279|priority:0|startupRole:FOLLOWER, a41b41b2-6125-497a-a0cb-d7eb73039636|rpc:10.1.0.70:40391|dataStream:10.1.0.70:45057|priority:1|startupRole:FOLLOWER, 54fa8802-d5ce-4a45-bac9-9464a05e8046|rpc:10.1.0.70:41191|dataStream:10.1.0.70:38659|priority:0|startupRole:FOLLOWER] returns group-EB7AA67B10FD:java.util.concurrent.CompletableFuture@5f9fcc69[Not completed]
2023-04-11 17:16:41,051 [pool-101-thread-1] INFO  server.RaftServer$Division (RaftServerImpl.java:<init>(195)) - 54fa8802-d5ce-4a45-bac9-9464a05e8046: new RaftServerImpl for group-EB7AA67B10FD:[30e95ef4-c50c-4a35-94a1-24945bf18908|rpc:10.1.0.70:38995|dataStream:10.1.0.70:43279|priority:0|startupRole:FOLLOWER, a41b41b2-6125-497a-a0cb-d7eb73039636|rpc:10.1.0.70:40391|dataStream:10.1.0.70:45057|priority:1|startupRole:FOLLOWER, 54fa8802-d5ce-4a45-bac9-9464a05e8046|rpc:10.1.0.70:41191|dataStream:10.1.0.70:38659|priority:0|startupRole:FOLLOWER] with ContainerStateMachine:uninitialized
2023-04-11 17:16:41,051 [pool-101-thread-1] INFO  server.RaftServerConfigKeys (ConfUtils.java:logGet(46)) - raft.server.rpc.timeout.min = 5s (custom)
2023-04-11 17:16:41,051 [pool-101-thread-1] INFO  server.RaftServerConfigKeys (ConfUtils.java:logGet(46)) - raft.server.rpc.timeout.max = 5200ms (custom)
2023-04-11 17:16:41,051 [pool-101-thread-1] INFO  server.RaftServerConfigKeys (ConfUtils.java:logGet(46)) - raft.server.rpc.sleep.time = 25ms (default)
2023-04-11 17:16:41,051 [pool-101-thread-1] INFO  server.RaftServerConfigKeys (ConfUtils.java:logGet(46)) - raft.server.rpc.slowness.timeout = 300s (custom)
2023-04-11 17:16:41,051 [pool-101-thread-1] INFO  server.RaftServerConfigKeys (ConfUtils.java:logGet(46)) - raft.server.leaderelection.leader.step-down.wait-time = 10s (default)
2023-04-11 17:16:41,051 [pool-101-thread-1] INFO  server.RaftServerConfigKeys (ConfUtils.java:logGet(46)) - raft.server.sleep.deviation.threshold = 300ms (default)
2023-04-11 17:16:41,052 [pool-101-thread-1] INFO  server.RaftServer$Division (ServerState.java:<init>(118)) - 54fa8802-d5ce-4a45-bac9-9464a05e8046@group-EB7AA67B10FD: ConfigurationManager, init=-1: peers:[30e95ef4-c50c-4a35-94a1-24945bf18908|rpc:10.1.0.70:38995|dataStream:10.1.0.70:43279|priority:0|startupRole:FOLLOWER, a41b41b2-6125-497a-a0cb-d7eb73039636|rpc:10.1.0.70:40391|dataStream:10.1.0.70:45057|priority:1|startupRole:FOLLOWER, 54fa8802-d5ce-4a45-bac9-9464a05e8046|rpc:10.1.0.70:41191|dataStream:10.1.0.70:38659|priority:0|startupRole:FOLLOWER]|listeners:[], old=null, confs=<EMPTY_MAP>
2023-04-11 17:16:41,052 [pool-101-thread-1] INFO  server.RaftServerConfigKeys (ConfUtils.java:logGet(46)) - raft.server.storage.dir = [/home/runner/work/ozone/ozone/hadoop-ozone/integration-test/target/test-dir/MiniOzoneClusterImpl-c6c5b2ab-f103-43fd-a9c8-44793663f5fe/datanode-1/data/ratis] (custom)
2023-04-11 17:16:41,052 [pool-101-thread-1] INFO  server.RaftServerConfigKeys (ConfUtils.java:logGet(46)) - raft.server.log.corruption.policy = EXCEPTION (default)
2023-04-11 17:16:41,052 [pool-101-thread-1] INFO  server.RaftServerConfigKeys (ConfUtils.java:logGet(46)) - raft.server.storage.free-space.min = 0MB (=0) (default)
2023-04-11 17:16:41,052 [pool-101-thread-1] INFO  server.RaftServerConfigKeys (ConfUtils.java:logGet(46)) - raft.server.notification.no-leader.timeout = 300s (custom)
2023-04-11 17:16:41,052 [pool-101-thread-1] INFO  server.RaftServerConfigKeys (ConfUtils.java:logGet(46)) - raft.server.retrycache.expirytime = 600000ms (custom)
2023-04-11 17:16:41,052 [pool-101-thread-1] INFO  server.RaftServerConfigKeys (ConfUtils.java:logGet(46)) - raft.server.retrycache.statistics.expirytime = 100μs (default)
2023-04-11 17:16:41,054 [pool-101-thread-1] INFO  server.RaftServerConfigKeys (ConfUtils.java:logGet(46)) - raft.server.log.appender.install.snapshot.enabled = false (custom)
2023-04-11 17:16:41,054 [pool-101-thread-1] INFO  server.RaftServerConfigKeys (ConfUtils.java:logGet(46)) - raft.server.threadpool.server.cached = true (default)
2023-04-11 17:16:41,054 [pool-101-thread-1] INFO  server.RaftServerConfigKeys (ConfUtils.java:logGet(46)) - raft.server.threadpool.server.size = 0 (default)
2023-04-11 17:16:41,054 [pool-101-thread-1] INFO  server.RaftServerConfigKeys (ConfUtils.java:logGet(46)) - raft.server.threadpool.client.cached = true (default)
2023-04-11 17:16:41,054 [pool-101-thread-1] INFO  server.RaftServerConfigKeys (ConfUtils.java:logGet(46)) - raft.server.threadpool.client.size = 0 (default)
2023-04-11 17:16:41,054 [pool-101-thread-1] INFO  storage.RaftStorageDirectory (RaftStorageDirectoryImpl.java:analyzeStorage(137)) - The storage directory /home/runner/work/ozone/ozone/hadoop-ozone/integration-test/target/test-dir/MiniOzoneClusterImpl-c6c5b2ab-f103-43fd-a9c8-44793663f5fe/datanode-1/data/ratis/7bdbafa8-6302-4be6-9d3b-eb7aa67b10fd does not exist. Creating ...
2023-04-11 17:16:41,054 [54fa8802-d5ce-4a45-bac9-9464a05e8046@group-4F0FCB5BBBFE-FollowerState] INFO  server.RaftServerConfigKeys (ConfUtils.java:logFallback(53)) - raft.server.rpc.first-election.timeout.min = 5s (fallback to raft.server.rpc.timeout.min)
2023-04-11 17:16:41,059 [pool-123-thread-1] INFO  util.JmxRegister (JmxRegister.java:tryRegister(44)) - Successfully registered JMX Bean with object name Ratis:service=RaftServer,group=group-EB7AA67B10FD,id=30e95ef4-c50c-4a35-94a1-24945bf18908
2023-04-11 17:16:41,061 [pool-123-thread-1] INFO  server.RaftServerConfigKeys (ConfUtils.java:logGet(46)) - raft.server.snapshot.auto.trigger.enabled = true (custom)
2023-04-11 17:16:41,061 [pool-123-thread-1] INFO  server.RaftServerConfigKeys (ConfUtils.java:logGet(46)) - raft.server.snapshot.auto.trigger.threshold = 10000 (custom)
2023-04-11 17:16:41,061 [pool-123-thread-1] INFO  server.RaftServerConfigKeys (ConfUtils.java:logGet(46)) - raft.server.snapshot.retention.file.num = 5 (custom)
2023-04-11 17:16:41,061 [pool-123-thread-1] INFO  server.RaftServerConfigKeys (ConfUtils.java:logGet(46)) - raft.server.log.purge.upto.snapshot.index = false (default)
2023-04-11 17:16:41,061 [30e95ef4-c50c-4a35-94a1-24945bf18908@group-EB7AA67B10FD-FollowerState] INFO  server.RaftServerConfigKeys (ConfUtils.java:logFallback(53)) - raft.server.rpc.first-election.timeout.min = 5s (fallback to raft.server.rpc.timeout.min)
2023-04-11 17:16:41,061 [30e95ef4-c50c-4a35-94a1-24945bf18908@group-EB7AA67B10FD-FollowerState] INFO  server.RaftServerConfigKeys (ConfUtils.java:logFallback(53)) - raft.server.rpc.first-election.timeout.max = 5200ms (fallback to raft.server.rpc.timeout.max)
2023-04-11 17:16:41,055 [pool-101-thread-1] INFO  storage.RaftStorageDirectory (RaftStorageDirectoryImpl.java:tryLock(231)) - Lock on /home/runner/work/ozone/ozone/hadoop-ozone/integration-test/target/test-dir/MiniOzoneClusterImpl-c6c5b2ab-f103-43fd-a9c8-44793663f5fe/datanode-1/data/ratis/7bdbafa8-6302-4be6-9d3b-eb7aa67b10fd/in_use.lock acquired by nodename 52175@fv-az377-102
2023-04-11 17:16:41,061 [54fa8802-d5ce-4a45-bac9-9464a05e8046@group-4F0FCB5BBBFE-FollowerState] INFO  server.RaftServerConfigKeys (ConfUtils.java:logFallback(53)) - raft.server.rpc.first-election.timeout.max = 5200ms (fallback to raft.server.rpc.timeout.max)
2023-04-11 17:16:41,063 [pool-101-thread-1] INFO  storage.RaftStorage (RaftStorageImpl.java:format(96)) - Storage directory /home/runner/work/ozone/ozone/hadoop-ozone/integration-test/target/test-dir/MiniOzoneClusterImpl-c6c5b2ab-f103-43fd-a9c8-44793663f5fe/datanode-1/data/ratis/7bdbafa8-6302-4be6-9d3b-eb7aa67b10fd has been successfully formatted.
2023-04-11 17:16:41,068 [pool-101-thread-1] INFO  ratis.ContainerStateMachine (ContainerStateMachine.java:loadSnapshot(262)) - group-EB7AA67B10FD: The snapshot info is null. Setting the last applied indexto:(t:0, i:~)
2023-04-11 17:16:41,068 [pool-101-thread-1] INFO  server.RaftServerConfigKeys (ConfUtils.java:logGet(46)) - raft.server.log.use.memory = false (default)
2023-04-11 17:16:41,068 [pool-101-thread-1] INFO  server.RaftServerConfigKeys (ConfUtils.java:logGet(46)) - raft.server.log.purge.gap = 1000000 (custom)
2023-04-11 17:16:41,068 [pool-101-thread-1] INFO  server.RaftServerConfigKeys (ConfUtils.java:logGet(46)) - raft.server.log.appender.buffer.byte-limit = 33554432 (custom)
2023-04-11 17:16:41,068 [pool-101-thread-1] INFO  server.RaftServerConfigKeys (ConfUtils.java:logGet(46)) - raft.server.log.statemachine.data.read.timeout = 1000ms (default)
2023-04-11 17:16:41,068 [pool-101-thread-1] INFO  server.RaftServerConfigKeys (ConfUtils.java:logGet(46)) - raft.server.log.purge.preservation.log.num = 0 (default)
2023-04-11 17:16:41,069 [pool-101-thread-1] INFO  server.RaftServerConfigKeys (ConfUtils.java:logGet(46)) - raft.server.log.segment.size.max = 1048576 (custom)
2023-04-11 17:16:41,069 [pool-101-thread-1] INFO  server.RaftServerConfigKeys (ConfUtils.java:logGet(46)) - raft.server.log.segment.cache.num.max = 2 (custom)
2023-04-11 17:16:41,069 [pool-101-thread-1] INFO  server.RaftServerConfigKeys (ConfUtils.java:logGet(46)) - raft.server.log.segment.cache.size.max = 200MB (=209715200) (default)
2023-04-11 17:16:41,069 [pool-101-thread-1] INFO  segmented.SegmentedRaftLogWorker (SegmentedRaftLogWorker.java:<init>(189)) - new 54fa8802-d5ce-4a45-bac9-9464a05e8046@group-EB7AA67B10FD-SegmentedRaftLogWorker for RaftStorageImpl:Storage Directory /home/runner/work/ozone/ozone/hadoop-ozone/integration-test/target/test-dir/MiniOzoneClusterImpl-c6c5b2ab-f103-43fd-a9c8-44793663f5fe/datanode-1/data/ratis/7bdbafa8-6302-4be6-9d3b-eb7aa67b10fd
2023-04-11 17:16:41,069 [pool-101-thread-1] INFO  server.RaftServerConfigKeys (ConfUtils.java:logGet(46)) - raft.server.log.queue.byte-limit = 4294967296 (custom)
2023-04-11 17:16:41,069 [pool-101-thread-1] INFO  server.RaftServerConfigKeys (ConfUtils.java:logGet(46)) - raft.server.log.queue.element-limit = 1024 (custom)
2023-04-11 17:16:41,069 [pool-101-thread-1] INFO  server.RaftServerConfigKeys (ConfUtils.java:logGet(46)) - raft.server.log.segment.size.max = 1048576 (custom)
2023-04-11 17:16:41,069 [pool-101-thread-1] INFO  server.RaftServerConfigKeys (ConfUtils.java:logGet(46)) - raft.server.log.preallocated.size = 16384 (custom)
2023-04-11 17:16:41,070 [pool-101-thread-1] INFO  server.RaftServerConfigKeys (ConfUtils.java:logGet(46)) - raft.server.log.force.sync.num = 128 (default)
2023-04-11 17:16:41,070 [pool-101-thread-1] INFO  server.RaftServerConfigKeys (ConfUtils.java:logGet(46)) - raft.server.log.statemachine.data.sync = true (default)
2023-04-11 17:16:41,070 [pool-101-thread-1] INFO  server.RaftServerConfigKeys (ConfUtils.java:logGet(46)) - raft.server.log.statemachine.data.sync.timeout = 10s (default)
2023-04-11 17:16:41,070 [pool-101-thread-1] INFO  server.RaftServerConfigKeys (ConfUtils.java:logGet(46)) - raft.server.log.statemachine.data.sync.timeout.retry = -1 (default)
2023-04-11 17:16:41,070 [pool-101-thread-1] INFO  server.RaftServerConfigKeys (ConfUtils.java:logGet(46)) - raft.server.log.write.buffer.size = 1048576 (custom)
2023-04-11 17:16:41,071 [pool-101-thread-1] INFO  server.RaftServerConfigKeys (ConfUtils.java:logGet(46)) - raft.server.log.appender.buffer.byte-limit = 33554432 (custom)
2023-04-11 17:16:41,087 [pool-101-thread-1] INFO  server.RaftServerConfigKeys (ConfUtils.java:logGet(46)) - raft.server.log.unsafe-flush.enabled = false (default)
2023-04-11 17:16:41,088 [pool-101-thread-1] INFO  server.RaftServerConfigKeys (ConfUtils.java:logGet(46)) - raft.server.log.async-flush.enabled = false (default)
2023-04-11 17:16:41,088 [pool-101-thread-1] INFO  server.RaftServerConfigKeys (ConfUtils.java:logGet(46)) - raft.server.log.statemachine.data.caching.enabled = true (custom)
2023-04-11 17:16:41,088 [pool-101-thread-1] INFO  segmented.SegmentedRaftLogWorker (SegmentedRaftLogWorker.java:lambda$new$0(135)) - 54fa8802-d5ce-4a45-bac9-9464a05e8046@group-EB7AA67B10FD-SegmentedRaftLogWorker: flushIndex: setUnconditionally 0 -> -1
2023-04-11 17:16:41,088 [pool-101-thread-1] INFO  segmented.SegmentedRaftLogWorker (SegmentedRaftLogWorker.java:lambda$new$0(135)) - 54fa8802-d5ce-4a45-bac9-9464a05e8046@group-EB7AA67B10FD-SegmentedRaftLogWorker: safeCacheEvictIndex: setUnconditionally 0 -> -1
2023-04-11 17:16:41,088 [pool-101-thread-1] INFO  server.RaftServer$Division (RaftServerImpl.java:start(334)) - 54fa8802-d5ce-4a45-bac9-9464a05e8046@group-EB7AA67B10FD: start as a follower, conf=-1: peers:[30e95ef4-c50c-4a35-94a1-24945bf18908|rpc:10.1.0.70:38995|dataStream:10.1.0.70:43279|priority:0|startupRole:FOLLOWER, a41b41b2-6125-497a-a0cb-d7eb73039636|rpc:10.1.0.70:40391|dataStream:10.1.0.70:45057|priority:1|startupRole:FOLLOWER, 54fa8802-d5ce-4a45-bac9-9464a05e8046|rpc:10.1.0.70:41191|dataStream:10.1.0.70:38659|priority:0|startupRole:FOLLOWER]|listeners:[], old=null
2023-04-11 17:16:41,088 [pool-101-thread-1] INFO  server.RaftServer$Division (RaftServerImpl.java:setRole(321)) - 54fa8802-d5ce-4a45-bac9-9464a05e8046@group-EB7AA67B10FD: changes role from      null to FOLLOWER at term 0 for startAsFollower
2023-04-11 17:16:41,089 [pool-101-thread-1] INFO  impl.RoleInfo (RoleInfo.java:updateAndGet(139)) - 54fa8802-d5ce-4a45-bac9-9464a05e8046: start 54fa8802-d5ce-4a45-bac9-9464a05e8046@group-EB7AA67B10FD-FollowerState
2023-04-11 17:16:41,090 [EventQueue-OpenPipelineForHealthyPipelineSafeModeRule] INFO  safemode.SCMSafeModeManager (HealthyPipelineSafeModeRule.java:process(137)) - SCM in safe mode. Healthy pipelines reported count is 0, required healthy pipeline reported count is 1
2023-04-11 17:16:41,094 [54fa8802-d5ce-4a45-bac9-9464a05e8046@group-EB7AA67B10FD-FollowerState] INFO  server.RaftServerConfigKeys (ConfUtils.java:logFallback(53)) - raft.server.rpc.first-election.timeout.min = 5s (fallback to raft.server.rpc.timeout.min)
2023-04-11 17:16:41,090 [pool-101-thread-1] INFO  util.JmxRegister (JmxRegister.java:tryRegister(44)) - Successfully registered JMX Bean with object name Ratis:service=RaftServer,group=group-EB7AA67B10FD,id=54fa8802-d5ce-4a45-bac9-9464a05e8046
2023-04-11 17:16:41,097 [pool-101-thread-1] INFO  server.RaftServerConfigKeys (ConfUtils.java:logGet(46)) - raft.server.snapshot.auto.trigger.enabled = true (custom)
2023-04-11 17:16:41,097 [pool-101-thread-1] INFO  server.RaftServerConfigKeys (ConfUtils.java:logGet(46)) - raft.server.snapshot.auto.trigger.threshold = 10000 (custom)
2023-04-11 17:16:41,097 [pool-101-thread-1] INFO  server.RaftServerConfigKeys (ConfUtils.java:logGet(46)) - raft.server.snapshot.retention.file.num = 5 (custom)
2023-04-11 17:16:41,097 [pool-101-thread-1] INFO  server.RaftServerConfigKeys (ConfUtils.java:logGet(46)) - raft.server.log.purge.upto.snapshot.index = false (default)
2023-04-11 17:16:41,097 [54fa8802-d5ce-4a45-bac9-9464a05e8046@group-EB7AA67B10FD-FollowerState] INFO  server.RaftServerConfigKeys (ConfUtils.java:logFallback(53)) - raft.server.rpc.first-election.timeout.max = 5200ms (fallback to raft.server.rpc.timeout.max)
2023-04-11 17:16:41,100 [Command processor thread] INFO  ratis.XceiverServerRatis (XceiverServerRatis.java:addGroup(806)) - Created group PipelineID=7bdbafa8-6302-4be6-9d3b-eb7aa67b10fd
2023-04-11 17:16:41,238 [Listener at 127.0.0.1/41353] INFO  ozone.MiniOzoneClusterImpl (MiniOzoneClusterImpl.java:lambda$waitForClusterToBeReady$0(222)) - Nodes are ready. Got 5 of 5 DN Heartbeats.
2023-04-11 17:16:41,238 [Listener at 127.0.0.1/41353] INFO  ozone.MiniOzoneClusterImpl (MiniOzoneClusterImpl.java:lambda$waitForClusterToBeReady$0(225)) - Waiting for cluster to exit safe mode
2023-04-11 17:16:41,238 [Listener at 127.0.0.1/41353] INFO  ozone.MiniOzoneClusterImpl (MiniOzoneClusterImpl.java:lambda$waitForClusterToBeReady$0(227)) - SCM became leader
2023-04-11 17:16:41,253 [Command processor thread] INFO  commandhandler.CreatePipelineCommandHandler (CreatePipelineCommandHandler.java:handle(113)) - Created Pipeline RATIS THREE PipelineID=7bdbafa8-6302-4be6-9d3b-eb7aa67b10fd.
2023-04-11 17:16:41,253 [Command processor thread] INFO  server.RaftServer (RaftServerProxy.java:addNew(96)) - a41b41b2-6125-497a-a0cb-d7eb73039636: addNew group-DAA6F10AFE43:[30e95ef4-c50c-4a35-94a1-24945bf18908|rpc:10.1.0.70:38995|dataStream:10.1.0.70:43279|priority:0|startupRole:FOLLOWER, a41b41b2-6125-497a-a0cb-d7eb73039636|rpc:10.1.0.70:40391|dataStream:10.1.0.70:45057|priority:0|startupRole:FOLLOWER, 54fa8802-d5ce-4a45-bac9-9464a05e8046|rpc:10.1.0.70:41191|dataStream:10.1.0.70:38659|priority:1|startupRole:FOLLOWER] returns group-DAA6F10AFE43:java.util.concurrent.CompletableFuture@4118bf69[Not completed]
2023-04-11 17:16:41,256 [pool-79-thread-1] INFO  server.RaftServer$Division (RaftServerImpl.java:<init>(195)) - a41b41b2-6125-497a-a0cb-d7eb73039636: new RaftServerImpl for group-DAA6F10AFE43:[30e95ef4-c50c-4a35-94a1-24945bf18908|rpc:10.1.0.70:38995|dataStream:10.1.0.70:43279|priority:0|startupRole:FOLLOWER, a41b41b2-6125-497a-a0cb-d7eb73039636|rpc:10.1.0.70:40391|dataStream:10.1.0.70:45057|priority:0|startupRole:FOLLOWER, 54fa8802-d5ce-4a45-bac9-9464a05e8046|rpc:10.1.0.70:41191|dataStream:10.1.0.70:38659|priority:1|startupRole:FOLLOWER] with ContainerStateMachine:uninitialized
2023-04-11 17:16:41,256 [pool-79-thread-1] INFO  server.RaftServerConfigKeys (ConfUtils.java:logGet(46)) - raft.server.rpc.timeout.min = 5s (custom)
2023-04-11 17:16:41,256 [pool-79-thread-1] INFO  server.RaftServerConfigKeys (ConfUtils.java:logGet(46)) - raft.server.rpc.timeout.max = 5200ms (custom)
2023-04-11 17:16:41,256 [pool-79-thread-1] INFO  server.RaftServerConfigKeys (ConfUtils.java:logGet(46)) - raft.server.rpc.sleep.time = 25ms (default)
2023-04-11 17:16:41,256 [pool-79-thread-1] INFO  server.RaftServerConfigKeys (ConfUtils.java:logGet(46)) - raft.server.rpc.slowness.timeout = 300s (custom)
2023-04-11 17:16:41,256 [pool-79-thread-1] INFO  server.RaftServerConfigKeys (ConfUtils.java:logGet(46)) - raft.server.leaderelection.leader.step-down.wait-time = 10s (default)
2023-04-11 17:16:41,256 [pool-79-thread-1] INFO  server.RaftServerConfigKeys (ConfUtils.java:logGet(46)) - raft.server.sleep.deviation.threshold = 300ms (default)
2023-04-11 17:16:41,256 [pool-79-thread-1] INFO  server.RaftServer$Division (ServerState.java:<init>(118)) - a41b41b2-6125-497a-a0cb-d7eb73039636@group-DAA6F10AFE43: ConfigurationManager, init=-1: peers:[30e95ef4-c50c-4a35-94a1-24945bf18908|rpc:10.1.0.70:38995|dataStream:10.1.0.70:43279|priority:0|startupRole:FOLLOWER, a41b41b2-6125-497a-a0cb-d7eb73039636|rpc:10.1.0.70:40391|dataStream:10.1.0.70:45057|priority:0|startupRole:FOLLOWER, 54fa8802-d5ce-4a45-bac9-9464a05e8046|rpc:10.1.0.70:41191|dataStream:10.1.0.70:38659|priority:1|startupRole:FOLLOWER]|listeners:[], old=null, confs=<EMPTY_MAP>
2023-04-11 17:16:41,257 [pool-79-thread-1] INFO  server.RaftServerConfigKeys (ConfUtils.java:logGet(46)) - raft.server.storage.dir = [/home/runner/work/ozone/ozone/hadoop-ozone/integration-test/target/test-dir/MiniOzoneClusterImpl-c6c5b2ab-f103-43fd-a9c8-44793663f5fe/datanode-0/data/ratis] (custom)
2023-04-11 17:16:41,257 [pool-79-thread-1] INFO  server.RaftServerConfigKeys (ConfUtils.java:logGet(46)) - raft.server.log.corruption.policy = EXCEPTION (default)
2023-04-11 17:16:41,257 [pool-79-thread-1] INFO  server.RaftServerConfigKeys (ConfUtils.java:logGet(46)) - raft.server.storage.free-space.min = 0MB (=0) (default)
2023-04-11 17:16:41,257 [pool-79-thread-1] INFO  server.RaftServerConfigKeys (ConfUtils.java:logGet(46)) - raft.server.notification.no-leader.timeout = 300s (custom)
2023-04-11 17:16:41,257 [pool-79-thread-1] INFO  server.RaftServerConfigKeys (ConfUtils.java:logGet(46)) - raft.server.retrycache.expirytime = 600000ms (custom)
2023-04-11 17:16:41,257 [pool-79-thread-1] INFO  server.RaftServerConfigKeys (ConfUtils.java:logGet(46)) - raft.server.retrycache.statistics.expirytime = 100μs (default)
2023-04-11 17:16:41,258 [pool-79-thread-1] INFO  server.RaftServerConfigKeys (ConfUtils.java:logGet(46)) - raft.server.log.appender.install.snapshot.enabled = false (custom)
2023-04-11 17:16:41,258 [pool-79-thread-1] INFO  server.RaftServerConfigKeys (ConfUtils.java:logGet(46)) - raft.server.threadpool.server.cached = true (default)
2023-04-11 17:16:41,258 [pool-79-thread-1] INFO  server.RaftServerConfigKeys (ConfUtils.java:logGet(46)) - raft.server.threadpool.server.size = 0 (default)
2023-04-11 17:16:41,258 [pool-79-thread-1] INFO  server.RaftServerConfigKeys (ConfUtils.java:logGet(46)) - raft.server.threadpool.client.cached = true (default)
2023-04-11 17:16:41,258 [pool-79-thread-1] INFO  server.RaftServerConfigKeys (ConfUtils.java:logGet(46)) - raft.server.threadpool.client.size = 0 (default)
2023-04-11 17:16:41,259 [pool-79-thread-1] INFO  storage.RaftStorageDirectory (RaftStorageDirectoryImpl.java:analyzeStorage(137)) - The storage directory /home/runner/work/ozone/ozone/hadoop-ozone/integration-test/target/test-dir/MiniOzoneClusterImpl-c6c5b2ab-f103-43fd-a9c8-44793663f5fe/datanode-0/data/ratis/ca66e343-0845-4fc9-bc72-daa6f10afe43 does not exist. Creating ...
2023-04-11 17:16:41,260 [pool-79-thread-1] INFO  storage.RaftStorageDirectory (RaftStorageDirectoryImpl.java:tryLock(231)) - Lock on /home/runner/work/ozone/ozone/hadoop-ozone/integration-test/target/test-dir/MiniOzoneClusterImpl-c6c5b2ab-f103-43fd-a9c8-44793663f5fe/datanode-0/data/ratis/ca66e343-0845-4fc9-bc72-daa6f10afe43/in_use.lock acquired by nodename 52175@fv-az377-102
2023-04-11 17:16:41,261 [pool-79-thread-1] INFO  storage.RaftStorage (RaftStorageImpl.java:format(96)) - Storage directory /home/runner/work/ozone/ozone/hadoop-ozone/integration-test/target/test-dir/MiniOzoneClusterImpl-c6c5b2ab-f103-43fd-a9c8-44793663f5fe/datanode-0/data/ratis/ca66e343-0845-4fc9-bc72-daa6f10afe43 has been successfully formatted.
2023-04-11 17:16:41,263 [pool-79-thread-1] INFO  ratis.ContainerStateMachine (ContainerStateMachine.java:loadSnapshot(262)) - group-DAA6F10AFE43: The snapshot info is null. Setting the last applied indexto:(t:0, i:~)
2023-04-11 17:16:41,263 [pool-79-thread-1] INFO  server.RaftServerConfigKeys (ConfUtils.java:logGet(46)) - raft.server.log.use.memory = false (default)
2023-04-11 17:16:41,263 [pool-79-thread-1] INFO  server.RaftServerConfigKeys (ConfUtils.java:logGet(46)) - raft.server.log.purge.gap = 1000000 (custom)
2023-04-11 17:16:41,263 [pool-79-thread-1] INFO  server.RaftServerConfigKeys (ConfUtils.java:logGet(46)) - raft.server.log.appender.buffer.byte-limit = 33554432 (custom)
2023-04-11 17:16:41,266 [pool-79-thread-1] INFO  server.RaftServerConfigKeys (ConfUtils.java:logGet(46)) - raft.server.log.statemachine.data.read.timeout = 1000ms (default)
2023-04-11 17:16:41,266 [pool-79-thread-1] INFO  server.RaftServerConfigKeys (ConfUtils.java:logGet(46)) - raft.server.log.purge.preservation.log.num = 0 (default)
2023-04-11 17:16:41,267 [pool-79-thread-1] INFO  server.RaftServerConfigKeys (ConfUtils.java:logGet(46)) - raft.server.log.segment.size.max = 1048576 (custom)
2023-04-11 17:16:41,267 [EventQueue-OpenPipelineForHealthyPipelineSafeModeRule] INFO  safemode.SCMSafeModeManager (HealthyPipelineSafeModeRule.java:process(137)) - SCM in safe mode. Healthy pipelines reported count is 0, required healthy pipeline reported count is 1
2023-04-11 17:16:41,269 [pool-79-thread-1] INFO  server.RaftServerConfigKeys (ConfUtils.java:logGet(46)) - raft.server.log.segment.cache.num.max = 2 (custom)
2023-04-11 17:16:41,270 [pool-79-thread-1] INFO  server.RaftServerConfigKeys (ConfUtils.java:logGet(46)) - raft.server.log.segment.cache.size.max = 200MB (=209715200) (default)
2023-04-11 17:16:41,270 [pool-79-thread-1] INFO  segmented.SegmentedRaftLogWorker (SegmentedRaftLogWorker.java:<init>(189)) - new a41b41b2-6125-497a-a0cb-d7eb73039636@group-DAA6F10AFE43-SegmentedRaftLogWorker for RaftStorageImpl:Storage Directory /home/runner/work/ozone/ozone/hadoop-ozone/integration-test/target/test-dir/MiniOzoneClusterImpl-c6c5b2ab-f103-43fd-a9c8-44793663f5fe/datanode-0/data/ratis/ca66e343-0845-4fc9-bc72-daa6f10afe43
2023-04-11 17:16:41,270 [pool-79-thread-1] INFO  server.RaftServerConfigKeys (ConfUtils.java:logGet(46)) - raft.server.log.queue.byte-limit = 4294967296 (custom)
2023-04-11 17:16:41,270 [pool-79-thread-1] INFO  server.RaftServerConfigKeys (ConfUtils.java:logGet(46)) - raft.server.log.queue.element-limit = 1024 (custom)
2023-04-11 17:16:41,270 [pool-79-thread-1] INFO  server.RaftServerConfigKeys (ConfUtils.java:logGet(46)) - raft.server.log.segment.size.max = 1048576 (custom)
2023-04-11 17:16:41,270 [pool-79-thread-1] INFO  server.RaftServerConfigKeys (ConfUtils.java:logGet(46)) - raft.server.log.preallocated.size = 16384 (custom)
2023-04-11 17:16:41,270 [pool-79-thread-1] INFO  server.RaftServerConfigKeys (ConfUtils.java:logGet(46)) - raft.server.log.force.sync.num = 128 (default)
2023-04-11 17:16:41,270 [pool-79-thread-1] INFO  server.RaftServerConfigKeys (ConfUtils.java:logGet(46)) - raft.server.log.statemachine.data.sync = true (default)
2023-04-11 17:16:41,270 [pool-79-thread-1] INFO  server.RaftServerConfigKeys (ConfUtils.java:logGet(46)) - raft.server.log.statemachine.data.sync.timeout = 10s (default)
2023-04-11 17:16:41,270 [pool-79-thread-1] INFO  server.RaftServerConfigKeys (ConfUtils.java:logGet(46)) - raft.server.log.statemachine.data.sync.timeout.retry = -1 (default)
2023-04-11 17:16:41,271 [pool-79-thread-1] INFO  server.RaftServerConfigKeys (ConfUtils.java:logGet(46)) - raft.server.log.write.buffer.size = 1048576 (custom)
2023-04-11 17:16:41,272 [pool-79-thread-1] INFO  server.RaftServerConfigKeys (ConfUtils.java:logGet(46)) - raft.server.log.appender.buffer.byte-limit = 33554432 (custom)
2023-04-11 17:16:41,491 [Command processor thread] INFO  server.RaftServer (RaftServerProxy.java:addNew(96)) - 30e95ef4-c50c-4a35-94a1-24945bf18908: addNew group-C7DD1812BEFD:[30e95ef4-c50c-4a35-94a1-24945bf18908|rpc:10.1.0.70:38995|dataStream:10.1.0.70:43279|priority:1|startupRole:FOLLOWER] returns group-C7DD1812BEFD:java.util.concurrent.CompletableFuture@35e14098[Not completed]
2023-04-11 17:16:41,491 [JvmPauseMonitor4] WARN  util.JvmPauseMonitor (JvmPauseMonitor.java:detectPause(126)) - JvmPauseMonitor-f773ed51-7a93-4584-ad9a-f2b89fe87645: Detected pause in JVM or host machine (eg GC): pause of approximately 136111185ns.
GC pool 'PS MarkSweep' had collection(s): count=1 time=149ms
GC pool 'PS Scavenge' had collection(s): count=1 time=65ms
2023-04-11 17:16:41,492 [JvmPauseMonitor5] WARN  util.JvmPauseMonitor (JvmPauseMonitor.java:detectPause(126)) - JvmPauseMonitor-ff5646e7-cde4-4000-b2d9-463cca811cba: Detected pause in JVM or host machine (eg GC): pause of approximately 201156209ns.
GC pool 'PS MarkSweep' had collection(s): count=1 time=149ms
GC pool 'PS Scavenge' had collection(s): count=1 time=65ms
2023-04-11 17:16:41,492 [JvmPauseMonitor0] WARN  util.JvmPauseMonitor (JvmPauseMonitor.java:detectPause(126)) - JvmPauseMonitor-om1: Detected pause in JVM or host machine (eg GC): pause of approximately 213270347ns.
GC pool 'PS MarkSweep' had collection(s): count=1 time=149ms
GC pool 'PS Scavenge' had collection(s): count=1 time=65ms
2023-04-11 17:16:41,492 [pool-123-thread-1] INFO  server.RaftServer$Division (RaftServerImpl.java:<init>(195)) - 30e95ef4-c50c-4a35-94a1-24945bf18908: new RaftServerImpl for group-C7DD1812BEFD:[30e95ef4-c50c-4a35-94a1-24945bf18908|rpc:10.1.0.70:38995|dataStream:10.1.0.70:43279|priority:1|startupRole:FOLLOWER] with ContainerStateMachine:uninitialized
2023-04-11 17:16:41,493 [pool-123-thread-1] INFO  server.RaftServerConfigKeys (ConfUtils.java:logGet(46)) - raft.server.rpc.timeout.min = 5s (custom)
2023-04-11 17:16:41,493 [pool-123-thread-1] INFO  server.RaftServerConfigKeys (ConfUtils.java:logGet(46)) - raft.server.rpc.timeout.max = 5200ms (custom)
2023-04-11 17:16:41,493 [pool-123-thread-1] INFO  server.RaftServerConfigKeys (ConfUtils.java:logGet(46)) - raft.server.rpc.sleep.time = 25ms (default)
2023-04-11 17:16:41,493 [pool-123-thread-1] INFO  server.RaftServerConfigKeys (ConfUtils.java:logGet(46)) - raft.server.rpc.slowness.timeout = 300s (custom)
2023-04-11 17:16:41,493 [pool-123-thread-1] INFO  server.RaftServerConfigKeys (ConfUtils.java:logGet(46)) - raft.server.leaderelection.leader.step-down.wait-time = 10s (default)
2023-04-11 17:16:41,493 [pool-123-thread-1] INFO  server.RaftServerConfigKeys (ConfUtils.java:logGet(46)) - raft.server.sleep.deviation.threshold = 300ms (default)
2023-04-11 17:16:41,493 [pool-123-thread-1] INFO  server.RaftServer$Division (ServerState.java:<init>(118)) - 30e95ef4-c50c-4a35-94a1-24945bf18908@group-C7DD1812BEFD: ConfigurationManager, init=-1: peers:[30e95ef4-c50c-4a35-94a1-24945bf18908|rpc:10.1.0.70:38995|dataStream:10.1.0.70:43279|priority:1|startupRole:FOLLOWER]|listeners:[], old=null, confs=<EMPTY_MAP>
2023-04-11 17:16:41,493 [pool-123-thread-1] INFO  server.RaftServerConfigKeys (ConfUtils.java:logGet(46)) - raft.server.storage.dir = [/home/runner/work/ozone/ozone/hadoop-ozone/integration-test/target/test-dir/MiniOzoneClusterImpl-c6c5b2ab-f103-43fd-a9c8-44793663f5fe/datanode-2/data/ratis] (custom)
2023-04-11 17:16:41,493 [pool-123-thread-1] INFO  server.RaftServerConfigKeys (ConfUtils.java:logGet(46)) - raft.server.log.corruption.policy = EXCEPTION (default)
2023-04-11 17:16:41,493 [pool-123-thread-1] INFO  server.RaftServerConfigKeys (ConfUtils.java:logGet(46)) - raft.server.storage.free-space.min = 0MB (=0) (default)
2023-04-11 17:16:41,494 [pool-123-thread-1] INFO  server.RaftServerConfigKeys (ConfUtils.java:logGet(46)) - raft.server.notification.no-leader.timeout = 300s (custom)
2023-04-11 17:16:41,494 [pool-123-thread-1] INFO  server.RaftServerConfigKeys (ConfUtils.java:logGet(46)) - raft.server.retrycache.expirytime = 600000ms (custom)
2023-04-11 17:16:41,494 [pool-123-thread-1] INFO  server.RaftServerConfigKeys (ConfUtils.java:logGet(46)) - raft.server.retrycache.statistics.expirytime = 100μs (default)
2023-04-11 17:16:41,495 [pool-123-thread-1] INFO  server.RaftServerConfigKeys (ConfUtils.java:logGet(46)) - raft.server.log.appender.install.snapshot.enabled = false (custom)
2023-04-11 17:16:41,495 [pool-123-thread-1] INFO  server.RaftServerConfigKeys (ConfUtils.java:logGet(46)) - raft.server.threadpool.server.cached = true (default)
2023-04-11 17:16:41,495 [pool-123-thread-1] INFO  server.RaftServerConfigKeys (ConfUtils.java:logGet(46)) - raft.server.threadpool.server.size = 0 (default)
2023-04-11 17:16:41,495 [pool-123-thread-1] INFO  server.RaftServerConfigKeys (ConfUtils.java:logGet(46)) - raft.server.threadpool.client.cached = true (default)
2023-04-11 17:16:41,495 [pool-123-thread-1] INFO  server.RaftServerConfigKeys (ConfUtils.java:logGet(46)) - raft.server.threadpool.client.size = 0 (default)
2023-04-11 17:16:41,495 [pool-123-thread-1] INFO  storage.RaftStorageDirectory (RaftStorageDirectoryImpl.java:analyzeStorage(137)) - The storage directory /home/runner/work/ozone/ozone/hadoop-ozone/integration-test/target/test-dir/MiniOzoneClusterImpl-c6c5b2ab-f103-43fd-a9c8-44793663f5fe/datanode-2/data/ratis/01a7ada6-546e-48bc-a07c-c7dd1812befd does not exist. Creating ...
2023-04-11 17:16:41,507 [pool-123-thread-1] INFO  storage.RaftStorageDirectory (RaftStorageDirectoryImpl.java:tryLock(231)) - Lock on /home/runner/work/ozone/ozone/hadoop-ozone/integration-test/target/test-dir/MiniOzoneClusterImpl-c6c5b2ab-f103-43fd-a9c8-44793663f5fe/datanode-2/data/ratis/01a7ada6-546e-48bc-a07c-c7dd1812befd/in_use.lock acquired by nodename 52175@fv-az377-102
2023-04-11 17:16:41,510 [pool-79-thread-1] INFO  server.RaftServerConfigKeys (ConfUtils.java:logGet(46)) - raft.server.log.unsafe-flush.enabled = false (default)
2023-04-11 17:16:41,510 [pool-79-thread-1] INFO  server.RaftServerConfigKeys (ConfUtils.java:logGet(46)) - raft.server.log.async-flush.enabled = false (default)
2023-04-11 17:16:41,510 [pool-79-thread-1] INFO  server.RaftServerConfigKeys (ConfUtils.java:logGet(46)) - raft.server.log.statemachine.data.caching.enabled = true (custom)
2023-04-11 17:16:41,511 [pool-79-thread-1] INFO  segmented.SegmentedRaftLogWorker (SegmentedRaftLogWorker.java:lambda$new$0(135)) - a41b41b2-6125-497a-a0cb-d7eb73039636@group-DAA6F10AFE43-SegmentedRaftLogWorker: flushIndex: setUnconditionally 0 -> -1
2023-04-11 17:16:41,511 [pool-79-thread-1] INFO  segmented.SegmentedRaftLogWorker (SegmentedRaftLogWorker.java:lambda$new$0(135)) - a41b41b2-6125-497a-a0cb-d7eb73039636@group-DAA6F10AFE43-SegmentedRaftLogWorker: safeCacheEvictIndex: setUnconditionally 0 -> -1
2023-04-11 17:16:41,511 [pool-79-thread-1] INFO  server.RaftServer$Division (RaftServerImpl.java:start(334)) - a41b41b2-6125-497a-a0cb-d7eb73039636@group-DAA6F10AFE43: start as a follower, conf=-1: peers:[30e95ef4-c50c-4a35-94a1-24945bf18908|rpc:10.1.0.70:38995|dataStream:10.1.0.70:43279|priority:0|startupRole:FOLLOWER, a41b41b2-6125-497a-a0cb-d7eb73039636|rpc:10.1.0.70:40391|dataStream:10.1.0.70:45057|priority:0|startupRole:FOLLOWER, 54fa8802-d5ce-4a45-bac9-9464a05e8046|rpc:10.1.0.70:41191|dataStream:10.1.0.70:38659|priority:1|startupRole:FOLLOWER]|listeners:[], old=null
2023-04-11 17:16:41,511 [pool-79-thread-1] INFO  server.RaftServer$Division (RaftServerImpl.java:setRole(321)) - a41b41b2-6125-497a-a0cb-d7eb73039636@group-DAA6F10AFE43: changes role from      null to FOLLOWER at term 0 for startAsFollower
2023-04-11 17:16:41,511 [pool-79-thread-1] INFO  impl.RoleInfo (RoleInfo.java:updateAndGet(139)) - a41b41b2-6125-497a-a0cb-d7eb73039636: start a41b41b2-6125-497a-a0cb-d7eb73039636@group-DAA6F10AFE43-FollowerState
2023-04-11 17:16:41,512 [pool-79-thread-1] INFO  util.JmxRegister (JmxRegister.java:tryRegister(44)) - Successfully registered JMX Bean with object name Ratis:service=RaftServer,group=group-DAA6F10AFE43,id=a41b41b2-6125-497a-a0cb-d7eb73039636
2023-04-11 17:16:41,512 [pool-79-thread-1] INFO  server.RaftServerConfigKeys (ConfUtils.java:logGet(46)) - raft.server.snapshot.auto.trigger.enabled = true (custom)
2023-04-11 17:16:41,512 [pool-79-thread-1] INFO  server.RaftServerConfigKeys (ConfUtils.java:logGet(46)) - raft.server.snapshot.auto.trigger.threshold = 10000 (custom)
2023-04-11 17:16:41,512 [pool-79-thread-1] INFO  server.RaftServerConfigKeys (ConfUtils.java:logGet(46)) - raft.server.snapshot.retention.file.num = 5 (custom)
2023-04-11 17:16:41,512 [pool-79-thread-1] INFO  server.RaftServerConfigKeys (ConfUtils.java:logGet(46)) - raft.server.log.purge.upto.snapshot.index = false (default)
2023-04-11 17:16:41,513 [a41b41b2-6125-497a-a0cb-d7eb73039636@group-DAA6F10AFE43-FollowerState] INFO  server.RaftServerConfigKeys (ConfUtils.java:logFallback(53)) - raft.server.rpc.first-election.timeout.min = 5s (fallback to raft.server.rpc.timeout.min)
2023-04-11 17:16:41,513 [pool-123-thread-1] INFO  storage.RaftStorage (RaftStorageImpl.java:format(96)) - Storage directory /home/runner/work/ozone/ozone/hadoop-ozone/integration-test/target/test-dir/MiniOzoneClusterImpl-c6c5b2ab-f103-43fd-a9c8-44793663f5fe/datanode-2/data/ratis/01a7ada6-546e-48bc-a07c-c7dd1812befd has been successfully formatted.
2023-04-11 17:16:41,513 [Command processor thread] INFO  ratis.XceiverServerRatis (XceiverServerRatis.java:addGroup(806)) - Created group PipelineID=ca66e343-0845-4fc9-bc72-daa6f10afe43
2023-04-11 17:16:41,515 [pool-123-thread-1] INFO  ratis.ContainerStateMachine (ContainerStateMachine.java:loadSnapshot(262)) - group-C7DD1812BEFD: The snapshot info is null. Setting the last applied indexto:(t:0, i:~)
2023-04-11 17:16:41,515 [pool-123-thread-1] INFO  server.RaftServerConfigKeys (ConfUtils.java:logGet(46)) - raft.server.log.use.memory = false (default)
2023-04-11 17:16:41,515 [pool-123-thread-1] INFO  server.RaftServerConfigKeys (ConfUtils.java:logGet(46)) - raft.server.log.purge.gap = 1000000 (custom)
2023-04-11 17:16:41,515 [pool-123-thread-1] INFO  server.RaftServerConfigKeys (ConfUtils.java:logGet(46)) - raft.server.log.appender.buffer.byte-limit = 33554432 (custom)
2023-04-11 17:16:41,516 [pool-123-thread-1] INFO  server.RaftServerConfigKeys (ConfUtils.java:logGet(46)) - raft.server.log.statemachine.data.read.timeout = 1000ms (default)
2023-04-11 17:16:41,516 [pool-123-thread-1] INFO  server.RaftServerConfigKeys (ConfUtils.java:logGet(46)) - raft.server.log.purge.preservation.log.num = 0 (default)
2023-04-11 17:16:41,516 [pool-123-thread-1] INFO  server.RaftServerConfigKeys (ConfUtils.java:logGet(46)) - raft.server.log.segment.size.max = 1048576 (custom)
2023-04-11 17:16:41,516 [pool-123-thread-1] INFO  server.RaftServerConfigKeys (ConfUtils.java:logGet(46)) - raft.server.log.segment.cache.num.max = 2 (custom)
2023-04-11 17:16:41,516 [pool-123-thread-1] INFO  server.RaftServerConfigKeys (ConfUtils.java:logGet(46)) - raft.server.log.segment.cache.size.max = 200MB (=209715200) (default)
2023-04-11 17:16:41,516 [pool-123-thread-1] INFO  segmented.SegmentedRaftLogWorker (SegmentedRaftLogWorker.java:<init>(189)) - new 30e95ef4-c50c-4a35-94a1-24945bf18908@group-C7DD1812BEFD-SegmentedRaftLogWorker for RaftStorageImpl:Storage Directory /home/runner/work/ozone/ozone/hadoop-ozone/integration-test/target/test-dir/MiniOzoneClusterImpl-c6c5b2ab-f103-43fd-a9c8-44793663f5fe/datanode-2/data/ratis/01a7ada6-546e-48bc-a07c-c7dd1812befd
2023-04-11 17:16:41,516 [pool-123-thread-1] INFO  server.RaftServerConfigKeys (ConfUtils.java:logGet(46)) - raft.server.log.queue.byte-limit = 4294967296 (custom)
2023-04-11 17:16:41,517 [pool-123-thread-1] INFO  server.RaftServerConfigKeys (ConfUtils.java:logGet(46)) - raft.server.log.queue.element-limit = 1024 (custom)
2023-04-11 17:16:41,517 [pool-123-thread-1] INFO  server.RaftServerConfigKeys (ConfUtils.java:logGet(46)) - raft.server.log.segment.size.max = 1048576 (custom)
2023-04-11 17:16:41,517 [pool-123-thread-1] INFO  server.RaftServerConfigKeys (ConfUtils.java:logGet(46)) - raft.server.log.preallocated.size = 16384 (custom)
2023-04-11 17:16:41,517 [pool-123-thread-1] INFO  server.RaftServerConfigKeys (ConfUtils.java:logGet(46)) - raft.server.log.force.sync.num = 128 (default)
2023-04-11 17:16:41,517 [pool-123-thread-1] INFO  server.RaftServerConfigKeys (ConfUtils.java:logGet(46)) - raft.server.log.statemachine.data.sync = true (default)
2023-04-11 17:16:41,517 [pool-123-thread-1] INFO  server.RaftServerConfigKeys (ConfUtils.java:logGet(46)) - raft.server.log.statemachine.data.sync.timeout = 10s (default)
2023-04-11 17:16:41,517 [pool-123-thread-1] INFO  server.RaftServerConfigKeys (ConfUtils.java:logGet(46)) - raft.server.log.statemachine.data.sync.timeout.retry = -1 (default)
2023-04-11 17:16:41,518 [pool-123-thread-1] INFO  server.RaftServerConfigKeys (ConfUtils.java:logGet(46)) - raft.server.log.write.buffer.size = 1048576 (custom)
2023-04-11 17:16:41,518 [pool-123-thread-1] INFO  server.RaftServerConfigKeys (ConfUtils.java:logGet(46)) - raft.server.log.appender.buffer.byte-limit = 33554432 (custom)
2023-04-11 17:16:41,524 [pool-123-thread-1] INFO  server.RaftServerConfigKeys (ConfUtils.java:logGet(46)) - raft.server.log.unsafe-flush.enabled = false (default)
2023-04-11 17:16:41,525 [a41b41b2-6125-497a-a0cb-d7eb73039636@group-DAA6F10AFE43-FollowerState] INFO  server.RaftServerConfigKeys (ConfUtils.java:logFallback(53)) - raft.server.rpc.first-election.timeout.max = 5200ms (fallback to raft.server.rpc.timeout.max)
2023-04-11 17:16:41,526 [pool-123-thread-1] INFO  server.RaftServerConfigKeys (ConfUtils.java:logGet(46)) - raft.server.log.async-flush.enabled = false (default)
2023-04-11 17:16:41,526 [pool-123-thread-1] INFO  server.RaftServerConfigKeys (ConfUtils.java:logGet(46)) - raft.server.log.statemachine.data.caching.enabled = true (custom)
2023-04-11 17:16:41,527 [pool-123-thread-1] INFO  segmented.SegmentedRaftLogWorker (SegmentedRaftLogWorker.java:lambda$new$0(135)) - 30e95ef4-c50c-4a35-94a1-24945bf18908@group-C7DD1812BEFD-SegmentedRaftLogWorker: flushIndex: setUnconditionally 0 -> -1
2023-04-11 17:16:41,527 [pool-123-thread-1] INFO  segmented.SegmentedRaftLogWorker (SegmentedRaftLogWorker.java:lambda$new$0(135)) - 30e95ef4-c50c-4a35-94a1-24945bf18908@group-C7DD1812BEFD-SegmentedRaftLogWorker: safeCacheEvictIndex: setUnconditionally 0 -> -1
2023-04-11 17:16:41,529 [EventQueue-PipelineReportForPipelineReportHandler] INFO  pipeline.PipelineManagerImpl (PipelineManagerImpl.java:openPipeline(367)) - Pipeline Pipeline[ Id: 01a7ada6-546e-48bc-a07c-c7dd1812befd, Nodes: 30e95ef4-c50c-4a35-94a1-24945bf18908(fv-az377-102.ap30g4v5sw5evmjtdmxdg2w53f.dx.internal.cloudapp.net/10.1.0.70), ReplicationConfig: RATIS/ONE, State:ALLOCATED, leaderId:30e95ef4-c50c-4a35-94a1-24945bf18908, CreationTimestamp2023-04-11T17:16:38.416Z[Etc/UTC]] moved to OPEN state
2023-04-11 17:16:41,530 [EventQueue-OpenPipelineForHealthyPipelineSafeModeRule] INFO  safemode.SCMSafeModeManager (HealthyPipelineSafeModeRule.java:process(137)) - SCM in safe mode. Healthy pipelines reported count is 0, required healthy pipeline reported count is 1
2023-04-11 17:16:41,532 [pool-123-thread-1] INFO  server.RaftServer$Division (RaftServerImpl.java:start(334)) - 30e95ef4-c50c-4a35-94a1-24945bf18908@group-C7DD1812BEFD: start as a follower, conf=-1: peers:[30e95ef4-c50c-4a35-94a1-24945bf18908|rpc:10.1.0.70:38995|dataStream:10.1.0.70:43279|priority:1|startupRole:FOLLOWER]|listeners:[], old=null
2023-04-11 17:16:41,532 [pool-123-thread-1] INFO  server.RaftServer$Division (RaftServerImpl.java:setRole(321)) - 30e95ef4-c50c-4a35-94a1-24945bf18908@group-C7DD1812BEFD: changes role from      null to FOLLOWER at term 0 for startAsFollower
2023-04-11 17:16:41,532 [pool-123-thread-1] INFO  impl.RoleInfo (RoleInfo.java:updateAndGet(139)) - 30e95ef4-c50c-4a35-94a1-24945bf18908: start 30e95ef4-c50c-4a35-94a1-24945bf18908@group-C7DD1812BEFD-FollowerState
2023-04-11 17:16:41,532 [pool-123-thread-1] INFO  util.JmxRegister (JmxRegister.java:tryRegister(44)) - Successfully registered JMX Bean with object name Ratis:service=RaftServer,group=group-C7DD1812BEFD,id=30e95ef4-c50c-4a35-94a1-24945bf18908
2023-04-11 17:16:41,533 [pool-123-thread-1] INFO  server.RaftServerConfigKeys (ConfUtils.java:logGet(46)) - raft.server.snapshot.auto.trigger.enabled = true (custom)
2023-04-11 17:16:41,533 [pool-123-thread-1] INFO  server.RaftServerConfigKeys (ConfUtils.java:logGet(46)) - raft.server.snapshot.auto.trigger.threshold = 10000 (custom)
2023-04-11 17:16:41,533 [pool-123-thread-1] INFO  server.RaftServerConfigKeys (ConfUtils.java:logGet(46)) - raft.server.snapshot.retention.file.num = 5 (custom)
2023-04-11 17:16:41,533 [pool-123-thread-1] INFO  server.RaftServerConfigKeys (ConfUtils.java:logGet(46)) - raft.server.log.purge.upto.snapshot.index = false (default)
2023-04-11 17:16:41,533 [30e95ef4-c50c-4a35-94a1-24945bf18908@group-C7DD1812BEFD-FollowerState] INFO  server.RaftServerConfigKeys (ConfUtils.java:logFallback(53)) - raft.server.rpc.first-election.timeout.min = 5s (fallback to raft.server.rpc.timeout.min)
2023-04-11 17:16:41,533 [30e95ef4-c50c-4a35-94a1-24945bf18908@group-C7DD1812BEFD-FollowerState] INFO  server.RaftServerConfigKeys (ConfUtils.java:logFallback(53)) - raft.server.rpc.first-election.timeout.max = 5200ms (fallback to raft.server.rpc.timeout.max)
2023-04-11 17:16:41,543 [Command processor thread] INFO  ratis.XceiverServerRatis (XceiverServerRatis.java:addGroup(806)) - Created group PipelineID=01a7ada6-546e-48bc-a07c-c7dd1812befd
2023-04-11 17:16:41,543 [Command processor thread] INFO  commandhandler.CreatePipelineCommandHandler (CreatePipelineCommandHandler.java:handle(113)) - Created Pipeline RATIS ONE PipelineID=01a7ada6-546e-48bc-a07c-c7dd1812befd.
2023-04-11 17:16:41,543 [Command processor thread] INFO  server.RaftServer (RaftServerProxy.java:addNew(96)) - 30e95ef4-c50c-4a35-94a1-24945bf18908: addNew group-DAA6F10AFE43:[30e95ef4-c50c-4a35-94a1-24945bf18908|rpc:10.1.0.70:38995|dataStream:10.1.0.70:43279|priority:0|startupRole:FOLLOWER, a41b41b2-6125-497a-a0cb-d7eb73039636|rpc:10.1.0.70:40391|dataStream:10.1.0.70:45057|priority:0|startupRole:FOLLOWER, 54fa8802-d5ce-4a45-bac9-9464a05e8046|rpc:10.1.0.70:41191|dataStream:10.1.0.70:38659|priority:1|startupRole:FOLLOWER] returns group-DAA6F10AFE43:java.util.concurrent.CompletableFuture@3b26b854[Not completed]
2023-04-11 17:16:41,547 [pool-123-thread-1] INFO  server.RaftServer$Division (RaftServerImpl.java:<init>(195)) - 30e95ef4-c50c-4a35-94a1-24945bf18908: new RaftServerImpl for group-DAA6F10AFE43:[30e95ef4-c50c-4a35-94a1-24945bf18908|rpc:10.1.0.70:38995|dataStream:10.1.0.70:43279|priority:0|startupRole:FOLLOWER, a41b41b2-6125-497a-a0cb-d7eb73039636|rpc:10.1.0.70:40391|dataStream:10.1.0.70:45057|priority:0|startupRole:FOLLOWER, 54fa8802-d5ce-4a45-bac9-9464a05e8046|rpc:10.1.0.70:41191|dataStream:10.1.0.70:38659|priority:1|startupRole:FOLLOWER] with ContainerStateMachine:uninitialized
2023-04-11 17:16:41,547 [pool-123-thread-1] INFO  server.RaftServerConfigKeys (ConfUtils.java:logGet(46)) - raft.server.rpc.timeout.min = 5s (custom)
2023-04-11 17:16:41,547 [pool-123-thread-1] INFO  server.RaftServerConfigKeys (ConfUtils.java:logGet(46)) - raft.server.rpc.timeout.max = 5200ms (custom)
2023-04-11 17:16:41,547 [pool-123-thread-1] INFO  server.RaftServerConfigKeys (ConfUtils.java:logGet(46)) - raft.server.rpc.sleep.time = 25ms (default)
2023-04-11 17:16:41,547 [pool-123-thread-1] INFO  server.RaftServerConfigKeys (ConfUtils.java:logGet(46)) - raft.server.rpc.slowness.timeout = 300s (custom)
2023-04-11 17:16:41,547 [pool-123-thread-1] INFO  server.RaftServerConfigKeys (ConfUtils.java:logGet(46)) - raft.server.leaderelection.leader.step-down.wait-time = 10s (default)
2023-04-11 17:16:41,547 [pool-123-thread-1] INFO  server.RaftServerConfigKeys (ConfUtils.java:logGet(46)) - raft.server.sleep.deviation.threshold = 300ms (default)
2023-04-11 17:16:41,547 [pool-123-thread-1] INFO  server.RaftServer$Division (ServerState.java:<init>(118)) - 30e95ef4-c50c-4a35-94a1-24945bf18908@group-DAA6F10AFE43: ConfigurationManager, init=-1: peers:[30e95ef4-c50c-4a35-94a1-24945bf18908|rpc:10.1.0.70:38995|dataStream:10.1.0.70:43279|priority:0|startupRole:FOLLOWER, a41b41b2-6125-497a-a0cb-d7eb73039636|rpc:10.1.0.70:40391|dataStream:10.1.0.70:45057|priority:0|startupRole:FOLLOWER, 54fa8802-d5ce-4a45-bac9-9464a05e8046|rpc:10.1.0.70:41191|dataStream:10.1.0.70:38659|priority:1|startupRole:FOLLOWER]|listeners:[], old=null, confs=<EMPTY_MAP>
2023-04-11 17:16:41,548 [pool-123-thread-1] INFO  server.RaftServerConfigKeys (ConfUtils.java:logGet(46)) - raft.server.storage.dir = [/home/runner/work/ozone/ozone/hadoop-ozone/integration-test/target/test-dir/MiniOzoneClusterImpl-c6c5b2ab-f103-43fd-a9c8-44793663f5fe/datanode-2/data/ratis] (custom)
2023-04-11 17:16:41,548 [pool-123-thread-1] INFO  server.RaftServerConfigKeys (ConfUtils.java:logGet(46)) - raft.server.log.corruption.policy = EXCEPTION (default)
2023-04-11 17:16:41,548 [pool-123-thread-1] INFO  server.RaftServerConfigKeys (ConfUtils.java:logGet(46)) - raft.server.storage.free-space.min = 0MB (=0) (default)
2023-04-11 17:16:41,548 [pool-123-thread-1] INFO  server.RaftServerConfigKeys (ConfUtils.java:logGet(46)) - raft.server.notification.no-leader.timeout = 300s (custom)
2023-04-11 17:16:41,553 [pool-123-thread-1] INFO  server.RaftServerConfigKeys (ConfUtils.java:logGet(46)) - raft.server.retrycache.expirytime = 600000ms (custom)
2023-04-11 17:16:41,553 [pool-123-thread-1] INFO  server.RaftServerConfigKeys (ConfUtils.java:logGet(46)) - raft.server.retrycache.statistics.expirytime = 100μs (default)
2023-04-11 17:16:41,567 [pool-123-thread-1] INFO  server.RaftServerConfigKeys (ConfUtils.java:logGet(46)) - raft.server.log.appender.install.snapshot.enabled = false (custom)
2023-04-11 17:16:41,567 [pool-123-thread-1] INFO  server.RaftServerConfigKeys (ConfUtils.java:logGet(46)) - raft.server.threadpool.server.cached = true (default)
2023-04-11 17:16:41,567 [pool-123-thread-1] INFO  server.RaftServerConfigKeys (ConfUtils.java:logGet(46)) - raft.server.threadpool.server.size = 0 (default)
2023-04-11 17:16:41,568 [pool-123-thread-1] INFO  server.RaftServerConfigKeys (ConfUtils.java:logGet(46)) - raft.server.threadpool.client.cached = true (default)
2023-04-11 17:16:41,568 [pool-123-thread-1] INFO  server.RaftServerConfigKeys (ConfUtils.java:logGet(46)) - raft.server.threadpool.client.size = 0 (default)
2023-04-11 17:16:41,568 [Command processor thread] INFO  commandhandler.CreatePipelineCommandHandler (CreatePipelineCommandHandler.java:handle(113)) - Created Pipeline RATIS THREE PipelineID=7bdbafa8-6302-4be6-9d3b-eb7aa67b10fd.
2023-04-11 17:16:41,571 [Command processor thread] INFO  server.RaftServer (RaftServerProxy.java:addNew(96)) - 54fa8802-d5ce-4a45-bac9-9464a05e8046: addNew group-DAA6F10AFE43:[30e95ef4-c50c-4a35-94a1-24945bf18908|rpc:10.1.0.70:38995|dataStream:10.1.0.70:43279|priority:0|startupRole:FOLLOWER, a41b41b2-6125-497a-a0cb-d7eb73039636|rpc:10.1.0.70:40391|dataStream:10.1.0.70:45057|priority:0|startupRole:FOLLOWER, 54fa8802-d5ce-4a45-bac9-9464a05e8046|rpc:10.1.0.70:41191|dataStream:10.1.0.70:38659|priority:1|startupRole:FOLLOWER] returns group-DAA6F10AFE43:java.util.concurrent.CompletableFuture@1a05ee7[Not completed]
2023-04-11 17:16:41,572 [pool-101-thread-1] INFO  server.RaftServer$Division (RaftServerImpl.java:<init>(195)) - 54fa8802-d5ce-4a45-bac9-9464a05e8046: new RaftServerImpl for group-DAA6F10AFE43:[30e95ef4-c50c-4a35-94a1-24945bf18908|rpc:10.1.0.70:38995|dataStream:10.1.0.70:43279|priority:0|startupRole:FOLLOWER, a41b41b2-6125-497a-a0cb-d7eb73039636|rpc:10.1.0.70:40391|dataStream:10.1.0.70:45057|priority:0|startupRole:FOLLOWER, 54fa8802-d5ce-4a45-bac9-9464a05e8046|rpc:10.1.0.70:41191|dataStream:10.1.0.70:38659|priority:1|startupRole:FOLLOWER] with ContainerStateMachine:uninitialized
2023-04-11 17:16:41,568 [pool-123-thread-1] INFO  storage.RaftStorageDirectory (RaftStorageDirectoryImpl.java:analyzeStorage(137)) - The storage directory /home/runner/work/ozone/ozone/hadoop-ozone/integration-test/target/test-dir/MiniOzoneClusterImpl-c6c5b2ab-f103-43fd-a9c8-44793663f5fe/datanode-2/data/ratis/ca66e343-0845-4fc9-bc72-daa6f10afe43 does not exist. Creating ...
2023-04-11 17:16:41,572 [pool-101-thread-1] INFO  server.RaftServerConfigKeys (ConfUtils.java:logGet(46)) - raft.server.rpc.timeout.min = 5s (custom)
2023-04-11 17:16:41,574 [pool-101-thread-1] INFO  server.RaftServerConfigKeys (ConfUtils.java:logGet(46)) - raft.server.rpc.timeout.max = 5200ms (custom)
2023-04-11 17:16:41,574 [pool-101-thread-1] INFO  server.RaftServerConfigKeys (ConfUtils.java:logGet(46)) - raft.server.rpc.sleep.time = 25ms (default)
2023-04-11 17:16:41,574 [pool-101-thread-1] INFO  server.RaftServerConfigKeys (ConfUtils.java:logGet(46)) - raft.server.rpc.slowness.timeout = 300s (custom)
2023-04-11 17:16:41,574 [pool-101-thread-1] INFO  server.RaftServerConfigKeys (ConfUtils.java:logGet(46)) - raft.server.leaderelection.leader.step-down.wait-time = 10s (default)
2023-04-11 17:16:41,574 [pool-101-thread-1] INFO  server.RaftServerConfigKeys (ConfUtils.java:logGet(46)) - raft.server.sleep.deviation.threshold = 300ms (default)
2023-04-11 17:16:41,574 [pool-101-thread-1] INFO  server.RaftServer$Division (ServerState.java:<init>(118)) - 54fa8802-d5ce-4a45-bac9-9464a05e8046@group-DAA6F10AFE43: ConfigurationManager, init=-1: peers:[30e95ef4-c50c-4a35-94a1-24945bf18908|rpc:10.1.0.70:38995|dataStream:10.1.0.70:43279|priority:0|startupRole:FOLLOWER, a41b41b2-6125-497a-a0cb-d7eb73039636|rpc:10.1.0.70:40391|dataStream:10.1.0.70:45057|priority:0|startupRole:FOLLOWER, 54fa8802-d5ce-4a45-bac9-9464a05e8046|rpc:10.1.0.70:41191|dataStream:10.1.0.70:38659|priority:1|startupRole:FOLLOWER]|listeners:[], old=null, confs=<EMPTY_MAP>
2023-04-11 17:16:41,574 [pool-101-thread-1] INFO  server.RaftServerConfigKeys (ConfUtils.java:logGet(46)) - raft.server.storage.dir = [/home/runner/work/ozone/ozone/hadoop-ozone/integration-test/target/test-dir/MiniOzoneClusterImpl-c6c5b2ab-f103-43fd-a9c8-44793663f5fe/datanode-1/data/ratis] (custom)
2023-04-11 17:16:41,574 [pool-101-thread-1] INFO  server.RaftServerConfigKeys (ConfUtils.java:logGet(46)) - raft.server.log.corruption.policy = EXCEPTION (default)
2023-04-11 17:16:41,574 [pool-101-thread-1] INFO  server.RaftServerConfigKeys (ConfUtils.java:logGet(46)) - raft.server.storage.free-space.min = 0MB (=0) (default)
2023-04-11 17:16:41,574 [pool-101-thread-1] INFO  server.RaftServerConfigKeys (ConfUtils.java:logGet(46)) - raft.server.notification.no-leader.timeout = 300s (custom)
2023-04-11 17:16:41,574 [pool-101-thread-1] INFO  server.RaftServerConfigKeys (ConfUtils.java:logGet(46)) - raft.server.retrycache.expirytime = 600000ms (custom)
2023-04-11 17:16:41,575 [pool-101-thread-1] INFO  server.RaftServerConfigKeys (ConfUtils.java:logGet(46)) - raft.server.retrycache.statistics.expirytime = 100μs (default)
2023-04-11 17:16:41,576 [pool-101-thread-1] INFO  server.RaftServerConfigKeys (ConfUtils.java:logGet(46)) - raft.server.log.appender.install.snapshot.enabled = false (custom)
2023-04-11 17:16:41,576 [pool-101-thread-1] INFO  server.RaftServerConfigKeys (ConfUtils.java:logGet(46)) - raft.server.threadpool.server.cached = true (default)
2023-04-11 17:16:41,576 [pool-101-thread-1] INFO  server.RaftServerConfigKeys (ConfUtils.java:logGet(46)) - raft.server.threadpool.server.size = 0 (default)
2023-04-11 17:16:41,576 [pool-101-thread-1] INFO  server.RaftServerConfigKeys (ConfUtils.java:logGet(46)) - raft.server.threadpool.client.cached = true (default)
2023-04-11 17:16:41,576 [pool-101-thread-1] INFO  server.RaftServerConfigKeys (ConfUtils.java:logGet(46)) - raft.server.threadpool.client.size = 0 (default)
2023-04-11 17:16:41,576 [pool-101-thread-1] INFO  storage.RaftStorageDirectory (RaftStorageDirectoryImpl.java:analyzeStorage(137)) - The storage directory /home/runner/work/ozone/ozone/hadoop-ozone/integration-test/target/test-dir/MiniOzoneClusterImpl-c6c5b2ab-f103-43fd-a9c8-44793663f5fe/datanode-1/data/ratis/ca66e343-0845-4fc9-bc72-daa6f10afe43 does not exist. Creating ...
2023-04-11 17:16:41,577 [pool-123-thread-1] INFO  storage.RaftStorageDirectory (RaftStorageDirectoryImpl.java:tryLock(231)) - Lock on /home/runner/work/ozone/ozone/hadoop-ozone/integration-test/target/test-dir/MiniOzoneClusterImpl-c6c5b2ab-f103-43fd-a9c8-44793663f5fe/datanode-2/data/ratis/ca66e343-0845-4fc9-bc72-daa6f10afe43/in_use.lock acquired by nodename 52175@fv-az377-102
2023-04-11 17:16:41,580 [pool-101-thread-1] INFO  storage.RaftStorageDirectory (RaftStorageDirectoryImpl.java:tryLock(231)) - Lock on /home/runner/work/ozone/ozone/hadoop-ozone/integration-test/target/test-dir/MiniOzoneClusterImpl-c6c5b2ab-f103-43fd-a9c8-44793663f5fe/datanode-1/data/ratis/ca66e343-0845-4fc9-bc72-daa6f10afe43/in_use.lock acquired by nodename 52175@fv-az377-102
2023-04-11 17:16:41,586 [pool-123-thread-1] INFO  storage.RaftStorage (RaftStorageImpl.java:format(96)) - Storage directory /home/runner/work/ozone/ozone/hadoop-ozone/integration-test/target/test-dir/MiniOzoneClusterImpl-c6c5b2ab-f103-43fd-a9c8-44793663f5fe/datanode-2/data/ratis/ca66e343-0845-4fc9-bc72-daa6f10afe43 has been successfully formatted.
2023-04-11 17:16:41,586 [pool-123-thread-1] INFO  ratis.ContainerStateMachine (ContainerStateMachine.java:loadSnapshot(262)) - group-DAA6F10AFE43: The snapshot info is null. Setting the last applied indexto:(t:0, i:~)
2023-04-11 17:16:41,587 [pool-123-thread-1] INFO  server.RaftServerConfigKeys (ConfUtils.java:logGet(46)) - raft.server.log.use.memory = false (default)
2023-04-11 17:16:41,587 [pool-123-thread-1] INFO  server.RaftServerConfigKeys (ConfUtils.java:logGet(46)) - raft.server.log.purge.gap = 1000000 (custom)
2023-04-11 17:16:41,587 [pool-123-thread-1] INFO  server.RaftServerConfigKeys (ConfUtils.java:logGet(46)) - raft.server.log.appender.buffer.byte-limit = 33554432 (custom)
2023-04-11 17:16:41,587 [pool-123-thread-1] INFO  server.RaftServerConfigKeys (ConfUtils.java:logGet(46)) - raft.server.log.statemachine.data.read.timeout = 1000ms (default)
2023-04-11 17:16:41,587 [pool-123-thread-1] INFO  server.RaftServerConfigKeys (ConfUtils.java:logGet(46)) - raft.server.log.purge.preservation.log.num = 0 (default)
2023-04-11 17:16:41,587 [pool-123-thread-1] INFO  server.RaftServerConfigKeys (ConfUtils.java:logGet(46)) - raft.server.log.segment.size.max = 1048576 (custom)
2023-04-11 17:16:41,587 [pool-123-thread-1] INFO  server.RaftServerConfigKeys (ConfUtils.java:logGet(46)) - raft.server.log.segment.cache.num.max = 2 (custom)
2023-04-11 17:16:41,588 [pool-123-thread-1] INFO  server.RaftServerConfigKeys (ConfUtils.java:logGet(46)) - raft.server.log.segment.cache.size.max = 200MB (=209715200) (default)
2023-04-11 17:16:41,588 [pool-123-thread-1] INFO  segmented.SegmentedRaftLogWorker (SegmentedRaftLogWorker.java:<init>(189)) - new 30e95ef4-c50c-4a35-94a1-24945bf18908@group-DAA6F10AFE43-SegmentedRaftLogWorker for RaftStorageImpl:Storage Directory /home/runner/work/ozone/ozone/hadoop-ozone/integration-test/target/test-dir/MiniOzoneClusterImpl-c6c5b2ab-f103-43fd-a9c8-44793663f5fe/datanode-2/data/ratis/ca66e343-0845-4fc9-bc72-daa6f10afe43
2023-04-11 17:16:41,588 [pool-123-thread-1] INFO  server.RaftServerConfigKeys (ConfUtils.java:logGet(46)) - raft.server.log.queue.byte-limit = 4294967296 (custom)
2023-04-11 17:16:41,588 [pool-123-thread-1] INFO  server.RaftServerConfigKeys (ConfUtils.java:logGet(46)) - raft.server.log.queue.element-limit = 1024 (custom)
2023-04-11 17:16:41,588 [pool-123-thread-1] INFO  server.RaftServerConfigKeys (ConfUtils.java:logGet(46)) - raft.server.log.segment.size.max = 1048576 (custom)
2023-04-11 17:16:41,588 [pool-123-thread-1] INFO  server.RaftServerConfigKeys (ConfUtils.java:logGet(46)) - raft.server.log.preallocated.size = 16384 (custom)
2023-04-11 17:16:41,588 [pool-123-thread-1] INFO  server.RaftServerConfigKeys (ConfUtils.java:logGet(46)) - raft.server.log.force.sync.num = 128 (default)
2023-04-11 17:16:41,588 [pool-123-thread-1] INFO  server.RaftServerConfigKeys (ConfUtils.java:logGet(46)) - raft.server.log.statemachine.data.sync = true (default)
2023-04-11 17:16:41,592 [EventQueue-OpenPipelineForHealthyPipelineSafeModeRule] INFO  safemode.SCMSafeModeManager (HealthyPipelineSafeModeRule.java:process(137)) - SCM in safe mode. Healthy pipelines reported count is 0, required healthy pipeline reported count is 1
2023-04-11 17:16:41,588 [pool-101-thread-1] INFO  storage.RaftStorage (RaftStorageImpl.java:format(96)) - Storage directory /home/runner/work/ozone/ozone/hadoop-ozone/integration-test/target/test-dir/MiniOzoneClusterImpl-c6c5b2ab-f103-43fd-a9c8-44793663f5fe/datanode-1/data/ratis/ca66e343-0845-4fc9-bc72-daa6f10afe43 has been successfully formatted.
2023-04-11 17:16:41,593 [pool-123-thread-1] INFO  server.RaftServerConfigKeys (ConfUtils.java:logGet(46)) - raft.server.log.statemachine.data.sync.timeout = 10s (default)
2023-04-11 17:16:41,593 [pool-123-thread-1] INFO  server.RaftServerConfigKeys (ConfUtils.java:logGet(46)) - raft.server.log.statemachine.data.sync.timeout.retry = -1 (default)
2023-04-11 17:16:41,593 [pool-101-thread-1] INFO  ratis.ContainerStateMachine (ContainerStateMachine.java:loadSnapshot(262)) - group-DAA6F10AFE43: The snapshot info is null. Setting the last applied indexto:(t:0, i:~)
2023-04-11 17:16:41,593 [pool-101-thread-1] INFO  server.RaftServerConfigKeys (ConfUtils.java:logGet(46)) - raft.server.log.use.memory = false (default)
2023-04-11 17:16:41,593 [pool-101-thread-1] INFO  server.RaftServerConfigKeys (ConfUtils.java:logGet(46)) - raft.server.log.purge.gap = 1000000 (custom)
2023-04-11 17:16:41,593 [pool-101-thread-1] INFO  server.RaftServerConfigKeys (ConfUtils.java:logGet(46)) - raft.server.log.appender.buffer.byte-limit = 33554432 (custom)
2023-04-11 17:16:41,593 [pool-101-thread-1] INFO  server.RaftServerConfigKeys (ConfUtils.java:logGet(46)) - raft.server.log.statemachine.data.read.timeout = 1000ms (default)
2023-04-11 17:16:41,593 [pool-101-thread-1] INFO  server.RaftServerConfigKeys (ConfUtils.java:logGet(46)) - raft.server.log.purge.preservation.log.num = 0 (default)
2023-04-11 17:16:41,594 [pool-123-thread-1] INFO  server.RaftServerConfigKeys (ConfUtils.java:logGet(46)) - raft.server.log.write.buffer.size = 1048576 (custom)
2023-04-11 17:16:41,594 [pool-101-thread-1] INFO  server.RaftServerConfigKeys (ConfUtils.java:logGet(46)) - raft.server.log.segment.size.max = 1048576 (custom)
2023-04-11 17:16:41,594 [pool-101-thread-1] INFO  server.RaftServerConfigKeys (ConfUtils.java:logGet(46)) - raft.server.log.segment.cache.num.max = 2 (custom)
2023-04-11 17:16:41,594 [pool-101-thread-1] INFO  server.RaftServerConfigKeys (ConfUtils.java:logGet(46)) - raft.server.log.segment.cache.size.max = 200MB (=209715200) (default)
2023-04-11 17:16:41,594 [pool-101-thread-1] INFO  segmented.SegmentedRaftLogWorker (SegmentedRaftLogWorker.java:<init>(189)) - new 54fa8802-d5ce-4a45-bac9-9464a05e8046@group-DAA6F10AFE43-SegmentedRaftLogWorker for RaftStorageImpl:Storage Directory /home/runner/work/ozone/ozone/hadoop-ozone/integration-test/target/test-dir/MiniOzoneClusterImpl-c6c5b2ab-f103-43fd-a9c8-44793663f5fe/datanode-1/data/ratis/ca66e343-0845-4fc9-bc72-daa6f10afe43
2023-04-11 17:16:41,594 [pool-101-thread-1] INFO  server.RaftServerConfigKeys (ConfUtils.java:logGet(46)) - raft.server.log.queue.byte-limit = 4294967296 (custom)
2023-04-11 17:16:41,594 [pool-101-thread-1] INFO  server.RaftServerConfigKeys (ConfUtils.java:logGet(46)) - raft.server.log.queue.element-limit = 1024 (custom)
2023-04-11 17:16:41,594 [pool-101-thread-1] INFO  server.RaftServerConfigKeys (ConfUtils.java:logGet(46)) - raft.server.log.segment.size.max = 1048576 (custom)
2023-04-11 17:16:41,594 [pool-101-thread-1] INFO  server.RaftServerConfigKeys (ConfUtils.java:logGet(46)) - raft.server.log.preallocated.size = 16384 (custom)
2023-04-11 17:16:41,594 [pool-101-thread-1] INFO  server.RaftServerConfigKeys (ConfUtils.java:logGet(46)) - raft.server.log.force.sync.num = 128 (default)
2023-04-11 17:16:41,594 [pool-101-thread-1] INFO  server.RaftServerConfigKeys (ConfUtils.java:logGet(46)) - raft.server.log.statemachine.data.sync = true (default)
2023-04-11 17:16:41,595 [pool-101-thread-1] INFO  server.RaftServerConfigKeys (ConfUtils.java:logGet(46)) - raft.server.log.statemachine.data.sync.timeout = 10s (default)
2023-04-11 17:16:41,595 [pool-101-thread-1] INFO  server.RaftServerConfigKeys (ConfUtils.java:logGet(46)) - raft.server.log.statemachine.data.sync.timeout.retry = -1 (default)
2023-04-11 17:16:41,595 [pool-101-thread-1] INFO  server.RaftServerConfigKeys (ConfUtils.java:logGet(46)) - raft.server.log.write.buffer.size = 1048576 (custom)
2023-04-11 17:16:41,599 [EventQueue-OpenPipelineForHealthyPipelineSafeModeRule] INFO  safemode.SCMSafeModeManager (HealthyPipelineSafeModeRule.java:process(137)) - SCM in safe mode. Healthy pipelines reported count is 0, required healthy pipeline reported count is 1
2023-04-11 17:16:41,600 [pool-123-thread-1] INFO  server.RaftServerConfigKeys (ConfUtils.java:logGet(46)) - raft.server.log.appender.buffer.byte-limit = 33554432 (custom)
2023-04-11 17:16:41,612 [pool-101-thread-1] INFO  server.RaftServerConfigKeys (ConfUtils.java:logGet(46)) - raft.server.log.appender.buffer.byte-limit = 33554432 (custom)
2023-04-11 17:16:41,618 [pool-101-thread-1] INFO  server.RaftServerConfigKeys (ConfUtils.java:logGet(46)) - raft.server.log.unsafe-flush.enabled = false (default)
2023-04-11 17:16:41,618 [pool-101-thread-1] INFO  server.RaftServerConfigKeys (ConfUtils.java:logGet(46)) - raft.server.log.async-flush.enabled = false (default)
2023-04-11 17:16:41,618 [pool-101-thread-1] INFO  server.RaftServerConfigKeys (ConfUtils.java:logGet(46)) - raft.server.log.statemachine.data.caching.enabled = true (custom)
2023-04-11 17:16:41,619 [pool-101-thread-1] INFO  segmented.SegmentedRaftLogWorker (SegmentedRaftLogWorker.java:lambda$new$0(135)) - 54fa8802-d5ce-4a45-bac9-9464a05e8046@group-DAA6F10AFE43-SegmentedRaftLogWorker: flushIndex: setUnconditionally 0 -> -1
2023-04-11 17:16:41,619 [pool-101-thread-1] INFO  segmented.SegmentedRaftLogWorker (SegmentedRaftLogWorker.java:lambda$new$0(135)) - 54fa8802-d5ce-4a45-bac9-9464a05e8046@group-DAA6F10AFE43-SegmentedRaftLogWorker: safeCacheEvictIndex: setUnconditionally 0 -> -1
2023-04-11 17:16:41,619 [pool-101-thread-1] INFO  server.RaftServer$Division (RaftServerImpl.java:start(334)) - 54fa8802-d5ce-4a45-bac9-9464a05e8046@group-DAA6F10AFE43: start as a follower, conf=-1: peers:[30e95ef4-c50c-4a35-94a1-24945bf18908|rpc:10.1.0.70:38995|dataStream:10.1.0.70:43279|priority:0|startupRole:FOLLOWER, a41b41b2-6125-497a-a0cb-d7eb73039636|rpc:10.1.0.70:40391|dataStream:10.1.0.70:45057|priority:0|startupRole:FOLLOWER, 54fa8802-d5ce-4a45-bac9-9464a05e8046|rpc:10.1.0.70:41191|dataStream:10.1.0.70:38659|priority:1|startupRole:FOLLOWER]|listeners:[], old=null
2023-04-11 17:16:41,619 [pool-101-thread-1] INFO  server.RaftServer$Division (RaftServerImpl.java:setRole(321)) - 54fa8802-d5ce-4a45-bac9-9464a05e8046@group-DAA6F10AFE43: changes role from      null to FOLLOWER at term 0 for startAsFollower
2023-04-11 17:16:41,619 [pool-123-thread-1] INFO  server.RaftServerConfigKeys (ConfUtils.java:logGet(46)) - raft.server.log.unsafe-flush.enabled = false (default)
2023-04-11 17:16:41,623 [pool-123-thread-1] INFO  server.RaftServerConfigKeys (ConfUtils.java:logGet(46)) - raft.server.log.async-flush.enabled = false (default)
2023-04-11 17:16:41,623 [pool-123-thread-1] INFO  server.RaftServerConfigKeys (ConfUtils.java:logGet(46)) - raft.server.log.statemachine.data.caching.enabled = true (custom)
2023-04-11 17:16:41,623 [pool-123-thread-1] INFO  segmented.SegmentedRaftLogWorker (SegmentedRaftLogWorker.java:lambda$new$0(135)) - 30e95ef4-c50c-4a35-94a1-24945bf18908@group-DAA6F10AFE43-SegmentedRaftLogWorker: flushIndex: setUnconditionally 0 -> -1
2023-04-11 17:16:41,624 [pool-123-thread-1] INFO  segmented.SegmentedRaftLogWorker (SegmentedRaftLogWorker.java:lambda$new$0(135)) - 30e95ef4-c50c-4a35-94a1-24945bf18908@group-DAA6F10AFE43-SegmentedRaftLogWorker: safeCacheEvictIndex: setUnconditionally 0 -> -1
2023-04-11 17:16:41,624 [pool-123-thread-1] INFO  server.RaftServer$Division (RaftServerImpl.java:start(334)) - 30e95ef4-c50c-4a35-94a1-24945bf18908@group-DAA6F10AFE43: start as a follower, conf=-1: peers:[30e95ef4-c50c-4a35-94a1-24945bf18908|rpc:10.1.0.70:38995|dataStream:10.1.0.70:43279|priority:0|startupRole:FOLLOWER, a41b41b2-6125-497a-a0cb-d7eb73039636|rpc:10.1.0.70:40391|dataStream:10.1.0.70:45057|priority:0|startupRole:FOLLOWER, 54fa8802-d5ce-4a45-bac9-9464a05e8046|rpc:10.1.0.70:41191|dataStream:10.1.0.70:38659|priority:1|startupRole:FOLLOWER]|listeners:[], old=null
2023-04-11 17:16:41,624 [pool-123-thread-1] INFO  server.RaftServer$Division (RaftServerImpl.java:setRole(321)) - 30e95ef4-c50c-4a35-94a1-24945bf18908@group-DAA6F10AFE43: changes role from      null to FOLLOWER at term 0 for startAsFollower
2023-04-11 17:16:41,624 [pool-123-thread-1] INFO  impl.RoleInfo (RoleInfo.java:updateAndGet(139)) - 30e95ef4-c50c-4a35-94a1-24945bf18908: start 30e95ef4-c50c-4a35-94a1-24945bf18908@group-DAA6F10AFE43-FollowerState
2023-04-11 17:16:41,627 [pool-101-thread-1] INFO  impl.RoleInfo (RoleInfo.java:updateAndGet(139)) - 54fa8802-d5ce-4a45-bac9-9464a05e8046: start 54fa8802-d5ce-4a45-bac9-9464a05e8046@group-DAA6F10AFE43-FollowerState
2023-04-11 17:16:41,628 [pool-101-thread-1] INFO  util.JmxRegister (JmxRegister.java:tryRegister(44)) - Successfully registered JMX Bean with object name Ratis:service=RaftServer,group=group-DAA6F10AFE43,id=54fa8802-d5ce-4a45-bac9-9464a05e8046
2023-04-11 17:16:41,628 [pool-101-thread-1] INFO  server.RaftServerConfigKeys (ConfUtils.java:logGet(46)) - raft.server.snapshot.auto.trigger.enabled = true (custom)
2023-04-11 17:16:41,628 [pool-101-thread-1] INFO  server.RaftServerConfigKeys (ConfUtils.java:logGet(46)) - raft.server.snapshot.auto.trigger.threshold = 10000 (custom)
2023-04-11 17:16:41,628 [pool-101-thread-1] INFO  server.RaftServerConfigKeys (ConfUtils.java:logGet(46)) - raft.server.snapshot.retention.file.num = 5 (custom)
2023-04-11 17:16:41,628 [pool-101-thread-1] INFO  server.RaftServerConfigKeys (ConfUtils.java:logGet(46)) - raft.server.log.purge.upto.snapshot.index = false (default)
2023-04-11 17:16:41,630 [54fa8802-d5ce-4a45-bac9-9464a05e8046@group-DAA6F10AFE43-FollowerState] INFO  server.RaftServerConfigKeys (ConfUtils.java:logFallback(53)) - raft.server.rpc.first-election.timeout.min = 5s (fallback to raft.server.rpc.timeout.min)
2023-04-11 17:16:41,630 [54fa8802-d5ce-4a45-bac9-9464a05e8046@group-DAA6F10AFE43-FollowerState] INFO  server.RaftServerConfigKeys (ConfUtils.java:logFallback(53)) - raft.server.rpc.first-election.timeout.max = 5200ms (fallback to raft.server.rpc.timeout.max)
2023-04-11 17:16:41,630 [Command processor thread] INFO  ratis.XceiverServerRatis (XceiverServerRatis.java:addGroup(806)) - Created group PipelineID=ca66e343-0845-4fc9-bc72-daa6f10afe43
2023-04-11 17:16:41,637 [pool-123-thread-1] INFO  util.JmxRegister (JmxRegister.java:tryRegister(44)) - Successfully registered JMX Bean with object name Ratis:service=RaftServer,group=group-DAA6F10AFE43,id=30e95ef4-c50c-4a35-94a1-24945bf18908
2023-04-11 17:16:41,637 [pool-123-thread-1] INFO  server.RaftServerConfigKeys (ConfUtils.java:logGet(46)) - raft.server.snapshot.auto.trigger.enabled = true (custom)
2023-04-11 17:16:41,637 [pool-123-thread-1] INFO  server.RaftServerConfigKeys (ConfUtils.java:logGet(46)) - raft.server.snapshot.auto.trigger.threshold = 10000 (custom)
2023-04-11 17:16:41,637 [pool-123-thread-1] INFO  server.RaftServerConfigKeys (ConfUtils.java:logGet(46)) - raft.server.snapshot.retention.file.num = 5 (custom)
2023-04-11 17:16:41,637 [pool-123-thread-1] INFO  server.RaftServerConfigKeys (ConfUtils.java:logGet(46)) - raft.server.log.purge.upto.snapshot.index = false (default)
2023-04-11 17:16:41,639 [30e95ef4-c50c-4a35-94a1-24945bf18908@group-DAA6F10AFE43-FollowerState] INFO  server.RaftServerConfigKeys (ConfUtils.java:logFallback(53)) - raft.server.rpc.first-election.timeout.min = 5s (fallback to raft.server.rpc.timeout.min)
2023-04-11 17:16:41,639 [30e95ef4-c50c-4a35-94a1-24945bf18908@group-DAA6F10AFE43-FollowerState] INFO  server.RaftServerConfigKeys (ConfUtils.java:logFallback(53)) - raft.server.rpc.first-election.timeout.max = 5200ms (fallback to raft.server.rpc.timeout.max)
2023-04-11 17:16:41,643 [Command processor thread] INFO  ratis.XceiverServerRatis (XceiverServerRatis.java:addGroup(806)) - Created group PipelineID=ca66e343-0845-4fc9-bc72-daa6f10afe43
2023-04-11 17:16:41,648 [Command processor thread] INFO  commandhandler.CreatePipelineCommandHandler (CreatePipelineCommandHandler.java:handle(113)) - Created Pipeline RATIS THREE PipelineID=ca66e343-0845-4fc9-bc72-daa6f10afe43.
2023-04-11 17:16:41,697 [Command processor thread] INFO  commandhandler.CreatePipelineCommandHandler (CreatePipelineCommandHandler.java:handle(113)) - Created Pipeline RATIS THREE PipelineID=ca66e343-0845-4fc9-bc72-daa6f10afe43.
2023-04-11 17:16:41,713 [Command processor thread] INFO  commandhandler.CreatePipelineCommandHandler (CreatePipelineCommandHandler.java:handle(113)) - Created Pipeline RATIS THREE PipelineID=ca66e343-0845-4fc9-bc72-daa6f10afe43.
2023-04-11 17:16:41,802 [Command processor thread] INFO  server.RaftServer (RaftServerProxy.java:addNew(96)) - f773ed51-7a93-4584-ad9a-f2b89fe87645: addNew group-6B8177AB359D:[f773ed51-7a93-4584-ad9a-f2b89fe87645|rpc:10.1.0.70:41875|dataStream:10.1.0.70:39279|priority:1|startupRole:FOLLOWER] returns group-6B8177AB359D:java.util.concurrent.CompletableFuture@9be5ec4[Not completed]
2023-04-11 17:16:41,806 [pool-145-thread-1] INFO  server.RaftServer$Division (RaftServerImpl.java:<init>(195)) - f773ed51-7a93-4584-ad9a-f2b89fe87645: new RaftServerImpl for group-6B8177AB359D:[f773ed51-7a93-4584-ad9a-f2b89fe87645|rpc:10.1.0.70:41875|dataStream:10.1.0.70:39279|priority:1|startupRole:FOLLOWER] with ContainerStateMachine:uninitialized
2023-04-11 17:16:41,806 [pool-145-thread-1] INFO  server.RaftServerConfigKeys (ConfUtils.java:logGet(46)) - raft.server.rpc.timeout.min = 5s (custom)
2023-04-11 17:16:41,807 [pool-145-thread-1] INFO  server.RaftServerConfigKeys (ConfUtils.java:logGet(46)) - raft.server.rpc.timeout.max = 5200ms (custom)
2023-04-11 17:16:41,807 [pool-145-thread-1] INFO  server.RaftServerConfigKeys (ConfUtils.java:logGet(46)) - raft.server.rpc.sleep.time = 25ms (default)
2023-04-11 17:16:41,807 [pool-145-thread-1] INFO  server.RaftServerConfigKeys (ConfUtils.java:logGet(46)) - raft.server.rpc.slowness.timeout = 300s (custom)
2023-04-11 17:16:41,807 [pool-145-thread-1] INFO  server.RaftServerConfigKeys (ConfUtils.java:logGet(46)) - raft.server.leaderelection.leader.step-down.wait-time = 10s (default)
2023-04-11 17:16:41,807 [pool-145-thread-1] INFO  server.RaftServerConfigKeys (ConfUtils.java:logGet(46)) - raft.server.sleep.deviation.threshold = 300ms (default)
2023-04-11 17:16:41,807 [pool-145-thread-1] INFO  server.RaftServer$Division (ServerState.java:<init>(118)) - f773ed51-7a93-4584-ad9a-f2b89fe87645@group-6B8177AB359D: ConfigurationManager, init=-1: peers:[f773ed51-7a93-4584-ad9a-f2b89fe87645|rpc:10.1.0.70:41875|dataStream:10.1.0.70:39279|priority:1|startupRole:FOLLOWER]|listeners:[], old=null, confs=<EMPTY_MAP>
2023-04-11 17:16:41,807 [pool-145-thread-1] INFO  server.RaftServerConfigKeys (ConfUtils.java:logGet(46)) - raft.server.storage.dir = [/home/runner/work/ozone/ozone/hadoop-ozone/integration-test/target/test-dir/MiniOzoneClusterImpl-c6c5b2ab-f103-43fd-a9c8-44793663f5fe/datanode-3/data/ratis] (custom)
2023-04-11 17:16:41,807 [pool-145-thread-1] INFO  server.RaftServerConfigKeys (ConfUtils.java:logGet(46)) - raft.server.log.corruption.policy = EXCEPTION (default)
2023-04-11 17:16:41,807 [pool-145-thread-1] INFO  server.RaftServerConfigKeys (ConfUtils.java:logGet(46)) - raft.server.storage.free-space.min = 0MB (=0) (default)
2023-04-11 17:16:41,808 [pool-145-thread-1] INFO  server.RaftServerConfigKeys (ConfUtils.java:logGet(46)) - raft.server.notification.no-leader.timeout = 300s (custom)
2023-04-11 17:16:41,808 [pool-145-thread-1] INFO  server.RaftServerConfigKeys (ConfUtils.java:logGet(46)) - raft.server.retrycache.expirytime = 600000ms (custom)
2023-04-11 17:16:41,808 [pool-145-thread-1] INFO  server.RaftServerConfigKeys (ConfUtils.java:logGet(46)) - raft.server.retrycache.statistics.expirytime = 100μs (default)
2023-04-11 17:16:41,813 [pool-145-thread-1] INFO  server.RaftServerConfigKeys (ConfUtils.java:logGet(46)) - raft.server.log.appender.install.snapshot.enabled = false (custom)
2023-04-11 17:16:41,813 [pool-145-thread-1] INFO  server.RaftServerConfigKeys (ConfUtils.java:logGet(46)) - raft.server.threadpool.server.cached = true (default)
2023-04-11 17:16:41,813 [pool-145-thread-1] INFO  server.RaftServerConfigKeys (ConfUtils.java:logGet(46)) - raft.server.threadpool.server.size = 0 (default)
2023-04-11 17:16:41,813 [pool-145-thread-1] INFO  server.RaftServerConfigKeys (ConfUtils.java:logGet(46)) - raft.server.threadpool.client.cached = true (default)
2023-04-11 17:16:41,813 [pool-145-thread-1] INFO  server.RaftServerConfigKeys (ConfUtils.java:logGet(46)) - raft.server.threadpool.client.size = 0 (default)
2023-04-11 17:16:41,813 [pool-145-thread-1] INFO  storage.RaftStorageDirectory (RaftStorageDirectoryImpl.java:analyzeStorage(137)) - The storage directory /home/runner/work/ozone/ozone/hadoop-ozone/integration-test/target/test-dir/MiniOzoneClusterImpl-c6c5b2ab-f103-43fd-a9c8-44793663f5fe/datanode-3/data/ratis/5aee414d-da13-47d4-a44a-6b8177ab359d does not exist. Creating ...
2023-04-11 17:16:41,815 [pool-145-thread-1] INFO  storage.RaftStorageDirectory (RaftStorageDirectoryImpl.java:tryLock(231)) - Lock on /home/runner/work/ozone/ozone/hadoop-ozone/integration-test/target/test-dir/MiniOzoneClusterImpl-c6c5b2ab-f103-43fd-a9c8-44793663f5fe/datanode-3/data/ratis/5aee414d-da13-47d4-a44a-6b8177ab359d/in_use.lock acquired by nodename 52175@fv-az377-102
2023-04-11 17:16:41,817 [pool-145-thread-1] INFO  storage.RaftStorage (RaftStorageImpl.java:format(96)) - Storage directory /home/runner/work/ozone/ozone/hadoop-ozone/integration-test/target/test-dir/MiniOzoneClusterImpl-c6c5b2ab-f103-43fd-a9c8-44793663f5fe/datanode-3/data/ratis/5aee414d-da13-47d4-a44a-6b8177ab359d has been successfully formatted.
2023-04-11 17:16:41,818 [pool-145-thread-1] INFO  ratis.ContainerStateMachine (ContainerStateMachine.java:loadSnapshot(262)) - group-6B8177AB359D: The snapshot info is null. Setting the last applied indexto:(t:0, i:~)
2023-04-11 17:16:41,818 [pool-145-thread-1] INFO  server.RaftServerConfigKeys (ConfUtils.java:logGet(46)) - raft.server.log.use.memory = false (default)
2023-04-11 17:16:41,818 [pool-145-thread-1] INFO  server.RaftServerConfigKeys (ConfUtils.java:logGet(46)) - raft.server.log.purge.gap = 1000000 (custom)
2023-04-11 17:16:41,818 [pool-145-thread-1] INFO  server.RaftServerConfigKeys (ConfUtils.java:logGet(46)) - raft.server.log.appender.buffer.byte-limit = 33554432 (custom)
2023-04-11 17:16:41,818 [pool-145-thread-1] INFO  server.RaftServerConfigKeys (ConfUtils.java:logGet(46)) - raft.server.log.statemachine.data.read.timeout = 1000ms (default)
2023-04-11 17:16:41,818 [pool-145-thread-1] INFO  server.RaftServerConfigKeys (ConfUtils.java:logGet(46)) - raft.server.log.purge.preservation.log.num = 0 (default)
2023-04-11 17:16:41,820 [EventQueue-PipelineReportForPipelineReportHandler] INFO  pipeline.PipelineManagerImpl (PipelineManagerImpl.java:openPipeline(367)) - Pipeline Pipeline[ Id: 5aee414d-da13-47d4-a44a-6b8177ab359d, Nodes: f773ed51-7a93-4584-ad9a-f2b89fe87645(fv-az377-102.ap30g4v5sw5evmjtdmxdg2w53f.dx.internal.cloudapp.net/10.1.0.70), ReplicationConfig: RATIS/ONE, State:ALLOCATED, leaderId:f773ed51-7a93-4584-ad9a-f2b89fe87645, CreationTimestamp2023-04-11T17:16:38.806Z[Etc/UTC]] moved to OPEN state
2023-04-11 17:16:41,821 [EventQueue-OpenPipelineForHealthyPipelineSafeModeRule] INFO  safemode.SCMSafeModeManager (HealthyPipelineSafeModeRule.java:process(137)) - SCM in safe mode. Healthy pipelines reported count is 0, required healthy pipeline reported count is 1
2023-04-11 17:16:41,822 [pool-145-thread-1] INFO  server.RaftServerConfigKeys (ConfUtils.java:logGet(46)) - raft.server.log.segment.size.max = 1048576 (custom)
2023-04-11 17:16:41,822 [pool-145-thread-1] INFO  server.RaftServerConfigKeys (ConfUtils.java:logGet(46)) - raft.server.log.segment.cache.num.max = 2 (custom)
2023-04-11 17:16:41,822 [pool-145-thread-1] INFO  server.RaftServerConfigKeys (ConfUtils.java:logGet(46)) - raft.server.log.segment.cache.size.max = 200MB (=209715200) (default)
2023-04-11 17:16:41,822 [pool-145-thread-1] INFO  segmented.SegmentedRaftLogWorker (SegmentedRaftLogWorker.java:<init>(189)) - new f773ed51-7a93-4584-ad9a-f2b89fe87645@group-6B8177AB359D-SegmentedRaftLogWorker for RaftStorageImpl:Storage Directory /home/runner/work/ozone/ozone/hadoop-ozone/integration-test/target/test-dir/MiniOzoneClusterImpl-c6c5b2ab-f103-43fd-a9c8-44793663f5fe/datanode-3/data/ratis/5aee414d-da13-47d4-a44a-6b8177ab359d
2023-04-11 17:16:41,822 [pool-145-thread-1] INFO  server.RaftServerConfigKeys (ConfUtils.java:logGet(46)) - raft.server.log.queue.byte-limit = 4294967296 (custom)
2023-04-11 17:16:41,823 [pool-145-thread-1] INFO  server.RaftServerConfigKeys (ConfUtils.java:logGet(46)) - raft.server.log.queue.element-limit = 1024 (custom)
2023-04-11 17:16:41,823 [pool-145-thread-1] INFO  server.RaftServerConfigKeys (ConfUtils.java:logGet(46)) - raft.server.log.segment.size.max = 1048576 (custom)
2023-04-11 17:16:41,823 [pool-145-thread-1] INFO  server.RaftServerConfigKeys (ConfUtils.java:logGet(46)) - raft.server.log.preallocated.size = 16384 (custom)
2023-04-11 17:16:41,823 [pool-145-thread-1] INFO  server.RaftServerConfigKeys (ConfUtils.java:logGet(46)) - raft.server.log.force.sync.num = 128 (default)
2023-04-11 17:16:41,823 [pool-145-thread-1] INFO  server.RaftServerConfigKeys (ConfUtils.java:logGet(46)) - raft.server.log.statemachine.data.sync = true (default)
2023-04-11 17:16:41,823 [pool-145-thread-1] INFO  server.RaftServerConfigKeys (ConfUtils.java:logGet(46)) - raft.server.log.statemachine.data.sync.timeout = 10s (default)
2023-04-11 17:16:41,823 [pool-145-thread-1] INFO  server.RaftServerConfigKeys (ConfUtils.java:logGet(46)) - raft.server.log.statemachine.data.sync.timeout.retry = -1 (default)
2023-04-11 17:16:41,824 [pool-145-thread-1] INFO  server.RaftServerConfigKeys (ConfUtils.java:logGet(46)) - raft.server.log.write.buffer.size = 1048576 (custom)
2023-04-11 17:16:41,824 [pool-145-thread-1] INFO  server.RaftServerConfigKeys (ConfUtils.java:logGet(46)) - raft.server.log.appender.buffer.byte-limit = 33554432 (custom)
2023-04-11 17:16:41,830 [pool-145-thread-1] INFO  server.RaftServerConfigKeys (ConfUtils.java:logGet(46)) - raft.server.log.unsafe-flush.enabled = false (default)
2023-04-11 17:16:41,830 [pool-145-thread-1] INFO  server.RaftServerConfigKeys (ConfUtils.java:logGet(46)) - raft.server.log.async-flush.enabled = false (default)
2023-04-11 17:16:41,830 [pool-145-thread-1] INFO  server.RaftServerConfigKeys (ConfUtils.java:logGet(46)) - raft.server.log.statemachine.data.caching.enabled = true (custom)
2023-04-11 17:16:41,830 [pool-145-thread-1] INFO  segmented.SegmentedRaftLogWorker (SegmentedRaftLogWorker.java:lambda$new$0(135)) - f773ed51-7a93-4584-ad9a-f2b89fe87645@group-6B8177AB359D-SegmentedRaftLogWorker: flushIndex: setUnconditionally 0 -> -1
2023-04-11 17:16:41,830 [pool-145-thread-1] INFO  segmented.SegmentedRaftLogWorker (SegmentedRaftLogWorker.java:lambda$new$0(135)) - f773ed51-7a93-4584-ad9a-f2b89fe87645@group-6B8177AB359D-SegmentedRaftLogWorker: safeCacheEvictIndex: setUnconditionally 0 -> -1
2023-04-11 17:16:41,830 [pool-145-thread-1] INFO  server.RaftServer$Division (RaftServerImpl.java:start(334)) - f773ed51-7a93-4584-ad9a-f2b89fe87645@group-6B8177AB359D: start as a follower, conf=-1: peers:[f773ed51-7a93-4584-ad9a-f2b89fe87645|rpc:10.1.0.70:41875|dataStream:10.1.0.70:39279|priority:1|startupRole:FOLLOWER]|listeners:[], old=null
2023-04-11 17:16:41,830 [pool-145-thread-1] INFO  server.RaftServer$Division (RaftServerImpl.java:setRole(321)) - f773ed51-7a93-4584-ad9a-f2b89fe87645@group-6B8177AB359D: changes role from      null to FOLLOWER at term 0 for startAsFollower
2023-04-11 17:16:41,830 [pool-145-thread-1] INFO  impl.RoleInfo (RoleInfo.java:updateAndGet(139)) - f773ed51-7a93-4584-ad9a-f2b89fe87645: start f773ed51-7a93-4584-ad9a-f2b89fe87645@group-6B8177AB359D-FollowerState
2023-04-11 17:16:41,831 [f773ed51-7a93-4584-ad9a-f2b89fe87645@group-6B8177AB359D-FollowerState] INFO  server.RaftServerConfigKeys (ConfUtils.java:logFallback(53)) - raft.server.rpc.first-election.timeout.min = 5s (fallback to raft.server.rpc.timeout.min)
2023-04-11 17:16:41,831 [pool-145-thread-1] INFO  util.JmxRegister (JmxRegister.java:tryRegister(44)) - Successfully registered JMX Bean with object name Ratis:service=RaftServer,group=group-6B8177AB359D,id=f773ed51-7a93-4584-ad9a-f2b89fe87645
2023-04-11 17:16:41,831 [f773ed51-7a93-4584-ad9a-f2b89fe87645@group-6B8177AB359D-FollowerState] INFO  server.RaftServerConfigKeys (ConfUtils.java:logFallback(53)) - raft.server.rpc.first-election.timeout.max = 5200ms (fallback to raft.server.rpc.timeout.max)
2023-04-11 17:16:41,831 [pool-145-thread-1] INFO  server.RaftServerConfigKeys (ConfUtils.java:logGet(46)) - raft.server.snapshot.auto.trigger.enabled = true (custom)
2023-04-11 17:16:41,831 [pool-145-thread-1] INFO  server.RaftServerConfigKeys (ConfUtils.java:logGet(46)) - raft.server.snapshot.auto.trigger.threshold = 10000 (custom)
2023-04-11 17:16:41,831 [pool-145-thread-1] INFO  server.RaftServerConfigKeys (ConfUtils.java:logGet(46)) - raft.server.snapshot.retention.file.num = 5 (custom)
2023-04-11 17:16:41,831 [pool-145-thread-1] INFO  server.RaftServerConfigKeys (ConfUtils.java:logGet(46)) - raft.server.log.purge.upto.snapshot.index = false (default)
2023-04-11 17:16:41,832 [Command processor thread] INFO  ratis.XceiverServerRatis (XceiverServerRatis.java:addGroup(806)) - Created group PipelineID=5aee414d-da13-47d4-a44a-6b8177ab359d
2023-04-11 17:16:41,832 [Command processor thread] INFO  commandhandler.CreatePipelineCommandHandler (CreatePipelineCommandHandler.java:handle(113)) - Created Pipeline RATIS ONE PipelineID=5aee414d-da13-47d4-a44a-6b8177ab359d.
2023-04-11 17:16:42,238 [Listener at 127.0.0.1/41353] INFO  ozone.MiniOzoneClusterImpl (MiniOzoneClusterImpl.java:lambda$waitForClusterToBeReady$0(222)) - Nodes are ready. Got 5 of 5 DN Heartbeats.
2023-04-11 17:16:42,239 [Listener at 127.0.0.1/41353] INFO  ozone.MiniOzoneClusterImpl (MiniOzoneClusterImpl.java:lambda$waitForClusterToBeReady$0(225)) - Waiting for cluster to exit safe mode
2023-04-11 17:16:42,239 [Listener at 127.0.0.1/41353] INFO  ozone.MiniOzoneClusterImpl (MiniOzoneClusterImpl.java:lambda$waitForClusterToBeReady$0(227)) - SCM became leader
2023-04-11 17:16:42,246 [Command processor thread] INFO  server.RaftServer (RaftServerProxy.java:addNew(96)) - ff5646e7-cde4-4000-b2d9-463cca811cba: addNew group-62B5F38A9791:[ff5646e7-cde4-4000-b2d9-463cca811cba|rpc:10.1.0.70:36287|dataStream:10.1.0.70:39745|priority:1|startupRole:FOLLOWER] returns group-62B5F38A9791:java.util.concurrent.CompletableFuture@51b9d9c1[Not completed]
2023-04-11 17:16:42,252 [pool-167-thread-1] INFO  server.RaftServer$Division (RaftServerImpl.java:<init>(195)) - ff5646e7-cde4-4000-b2d9-463cca811cba: new RaftServerImpl for group-62B5F38A9791:[ff5646e7-cde4-4000-b2d9-463cca811cba|rpc:10.1.0.70:36287|dataStream:10.1.0.70:39745|priority:1|startupRole:FOLLOWER] with ContainerStateMachine:uninitialized
2023-04-11 17:16:42,253 [pool-167-thread-1] INFO  server.RaftServerConfigKeys (ConfUtils.java:logGet(46)) - raft.server.rpc.timeout.min = 5s (custom)
2023-04-11 17:16:42,253 [pool-167-thread-1] INFO  server.RaftServerConfigKeys (ConfUtils.java:logGet(46)) - raft.server.rpc.timeout.max = 5200ms (custom)
2023-04-11 17:16:42,253 [pool-167-thread-1] INFO  server.RaftServerConfigKeys (ConfUtils.java:logGet(46)) - raft.server.rpc.sleep.time = 25ms (default)
2023-04-11 17:16:42,253 [pool-167-thread-1] INFO  server.RaftServerConfigKeys (ConfUtils.java:logGet(46)) - raft.server.rpc.slowness.timeout = 300s (custom)
2023-04-11 17:16:42,253 [pool-167-thread-1] INFO  server.RaftServerConfigKeys (ConfUtils.java:logGet(46)) - raft.server.leaderelection.leader.step-down.wait-time = 10s (default)
2023-04-11 17:16:42,253 [pool-167-thread-1] INFO  server.RaftServerConfigKeys (ConfUtils.java:logGet(46)) - raft.server.sleep.deviation.threshold = 300ms (default)
2023-04-11 17:16:42,253 [pool-167-thread-1] INFO  server.RaftServer$Division (ServerState.java:<init>(118)) - ff5646e7-cde4-4000-b2d9-463cca811cba@group-62B5F38A9791: ConfigurationManager, init=-1: peers:[ff5646e7-cde4-4000-b2d9-463cca811cba|rpc:10.1.0.70:36287|dataStream:10.1.0.70:39745|priority:1|startupRole:FOLLOWER]|listeners:[], old=null, confs=<EMPTY_MAP>
2023-04-11 17:16:42,253 [pool-167-thread-1] INFO  server.RaftServerConfigKeys (ConfUtils.java:logGet(46)) - raft.server.storage.dir = [/home/runner/work/ozone/ozone/hadoop-ozone/integration-test/target/test-dir/MiniOzoneClusterImpl-c6c5b2ab-f103-43fd-a9c8-44793663f5fe/datanode-4/data/ratis] (custom)
2023-04-11 17:16:42,253 [pool-167-thread-1] INFO  server.RaftServerConfigKeys (ConfUtils.java:logGet(46)) - raft.server.log.corruption.policy = EXCEPTION (default)
2023-04-11 17:16:42,253 [pool-167-thread-1] INFO  server.RaftServerConfigKeys (ConfUtils.java:logGet(46)) - raft.server.storage.free-space.min = 0MB (=0) (default)
2023-04-11 17:16:42,253 [pool-167-thread-1] INFO  server.RaftServerConfigKeys (ConfUtils.java:logGet(46)) - raft.server.notification.no-leader.timeout = 300s (custom)
2023-04-11 17:16:42,254 [pool-167-thread-1] INFO  server.RaftServerConfigKeys (ConfUtils.java:logGet(46)) - raft.server.retrycache.expirytime = 600000ms (custom)
2023-04-11 17:16:42,254 [pool-167-thread-1] INFO  server.RaftServerConfigKeys (ConfUtils.java:logGet(46)) - raft.server.retrycache.statistics.expirytime = 100μs (default)
2023-04-11 17:16:42,257 [pool-167-thread-1] INFO  server.RaftServerConfigKeys (ConfUtils.java:logGet(46)) - raft.server.log.appender.install.snapshot.enabled = false (custom)
2023-04-11 17:16:42,257 [pool-167-thread-1] INFO  server.RaftServerConfigKeys (ConfUtils.java:logGet(46)) - raft.server.threadpool.server.cached = true (default)
2023-04-11 17:16:42,257 [pool-167-thread-1] INFO  server.RaftServerConfigKeys (ConfUtils.java:logGet(46)) - raft.server.threadpool.server.size = 0 (default)
2023-04-11 17:16:42,257 [pool-167-thread-1] INFO  server.RaftServerConfigKeys (ConfUtils.java:logGet(46)) - raft.server.threadpool.client.cached = true (default)
2023-04-11 17:16:42,257 [pool-167-thread-1] INFO  server.RaftServerConfigKeys (ConfUtils.java:logGet(46)) - raft.server.threadpool.client.size = 0 (default)
2023-04-11 17:16:42,257 [pool-167-thread-1] INFO  storage.RaftStorageDirectory (RaftStorageDirectoryImpl.java:analyzeStorage(137)) - The storage directory /home/runner/work/ozone/ozone/hadoop-ozone/integration-test/target/test-dir/MiniOzoneClusterImpl-c6c5b2ab-f103-43fd-a9c8-44793663f5fe/datanode-4/data/ratis/a704b3a9-4e36-4e49-a7da-62b5f38a9791 does not exist. Creating ...
2023-04-11 17:16:42,258 [pool-167-thread-1] INFO  storage.RaftStorageDirectory (RaftStorageDirectoryImpl.java:tryLock(231)) - Lock on /home/runner/work/ozone/ozone/hadoop-ozone/integration-test/target/test-dir/MiniOzoneClusterImpl-c6c5b2ab-f103-43fd-a9c8-44793663f5fe/datanode-4/data/ratis/a704b3a9-4e36-4e49-a7da-62b5f38a9791/in_use.lock acquired by nodename 52175@fv-az377-102
2023-04-11 17:16:42,260 [pool-167-thread-1] INFO  storage.RaftStorage (RaftStorageImpl.java:format(96)) - Storage directory /home/runner/work/ozone/ozone/hadoop-ozone/integration-test/target/test-dir/MiniOzoneClusterImpl-c6c5b2ab-f103-43fd-a9c8-44793663f5fe/datanode-4/data/ratis/a704b3a9-4e36-4e49-a7da-62b5f38a9791 has been successfully formatted.
2023-04-11 17:16:42,263 [pool-167-thread-1] INFO  ratis.ContainerStateMachine (ContainerStateMachine.java:loadSnapshot(262)) - group-62B5F38A9791: The snapshot info is null. Setting the last applied indexto:(t:0, i:~)
2023-04-11 17:16:42,263 [pool-167-thread-1] INFO  server.RaftServerConfigKeys (ConfUtils.java:logGet(46)) - raft.server.log.use.memory = false (default)
2023-04-11 17:16:42,263 [pool-167-thread-1] INFO  server.RaftServerConfigKeys (ConfUtils.java:logGet(46)) - raft.server.log.purge.gap = 1000000 (custom)
2023-04-11 17:16:42,263 [pool-167-thread-1] INFO  server.RaftServerConfigKeys (ConfUtils.java:logGet(46)) - raft.server.log.appender.buffer.byte-limit = 33554432 (custom)
2023-04-11 17:16:42,263 [pool-167-thread-1] INFO  server.RaftServerConfigKeys (ConfUtils.java:logGet(46)) - raft.server.log.statemachine.data.read.timeout = 1000ms (default)
2023-04-11 17:16:42,263 [pool-167-thread-1] INFO  server.RaftServerConfigKeys (ConfUtils.java:logGet(46)) - raft.server.log.purge.preservation.log.num = 0 (default)
2023-04-11 17:16:42,264 [pool-167-thread-1] INFO  server.RaftServerConfigKeys (ConfUtils.java:logGet(46)) - raft.server.log.segment.size.max = 1048576 (custom)
2023-04-11 17:16:42,264 [pool-167-thread-1] INFO  server.RaftServerConfigKeys (ConfUtils.java:logGet(46)) - raft.server.log.segment.cache.num.max = 2 (custom)
2023-04-11 17:16:42,264 [pool-167-thread-1] INFO  server.RaftServerConfigKeys (ConfUtils.java:logGet(46)) - raft.server.log.segment.cache.size.max = 200MB (=209715200) (default)
2023-04-11 17:16:42,264 [pool-167-thread-1] INFO  segmented.SegmentedRaftLogWorker (SegmentedRaftLogWorker.java:<init>(189)) - new ff5646e7-cde4-4000-b2d9-463cca811cba@group-62B5F38A9791-SegmentedRaftLogWorker for RaftStorageImpl:Storage Directory /home/runner/work/ozone/ozone/hadoop-ozone/integration-test/target/test-dir/MiniOzoneClusterImpl-c6c5b2ab-f103-43fd-a9c8-44793663f5fe/datanode-4/data/ratis/a704b3a9-4e36-4e49-a7da-62b5f38a9791
2023-04-11 17:16:42,264 [pool-167-thread-1] INFO  server.RaftServerConfigKeys (ConfUtils.java:logGet(46)) - raft.server.log.queue.byte-limit = 4294967296 (custom)
2023-04-11 17:16:42,264 [pool-167-thread-1] INFO  server.RaftServerConfigKeys (ConfUtils.java:logGet(46)) - raft.server.log.queue.element-limit = 1024 (custom)
2023-04-11 17:16:42,264 [pool-167-thread-1] INFO  server.RaftServerConfigKeys (ConfUtils.java:logGet(46)) - raft.server.log.segment.size.max = 1048576 (custom)
2023-04-11 17:16:42,264 [pool-167-thread-1] INFO  server.RaftServerConfigKeys (ConfUtils.java:logGet(46)) - raft.server.log.preallocated.size = 16384 (custom)
2023-04-11 17:16:42,264 [pool-167-thread-1] INFO  server.RaftServerConfigKeys (ConfUtils.java:logGet(46)) - raft.server.log.force.sync.num = 128 (default)
2023-04-11 17:16:42,264 [pool-167-thread-1] INFO  server.RaftServerConfigKeys (ConfUtils.java:logGet(46)) - raft.server.log.statemachine.data.sync = true (default)
2023-04-11 17:16:42,265 [pool-167-thread-1] INFO  server.RaftServerConfigKeys (ConfUtils.java:logGet(46)) - raft.server.log.statemachine.data.sync.timeout = 10s (default)
2023-04-11 17:16:42,265 [pool-167-thread-1] INFO  server.RaftServerConfigKeys (ConfUtils.java:logGet(46)) - raft.server.log.statemachine.data.sync.timeout.retry = -1 (default)
2023-04-11 17:16:42,265 [pool-167-thread-1] INFO  server.RaftServerConfigKeys (ConfUtils.java:logGet(46)) - raft.server.log.write.buffer.size = 1048576 (custom)
2023-04-11 17:16:42,266 [pool-167-thread-1] INFO  server.RaftServerConfigKeys (ConfUtils.java:logGet(46)) - raft.server.log.appender.buffer.byte-limit = 33554432 (custom)
2023-04-11 17:16:42,272 [pool-167-thread-1] INFO  server.RaftServerConfigKeys (ConfUtils.java:logGet(46)) - raft.server.log.unsafe-flush.enabled = false (default)
2023-04-11 17:16:42,272 [pool-167-thread-1] INFO  server.RaftServerConfigKeys (ConfUtils.java:logGet(46)) - raft.server.log.async-flush.enabled = false (default)
2023-04-11 17:16:42,273 [pool-167-thread-1] INFO  server.RaftServerConfigKeys (ConfUtils.java:logGet(46)) - raft.server.log.statemachine.data.caching.enabled = true (custom)
2023-04-11 17:16:42,273 [pool-167-thread-1] INFO  segmented.SegmentedRaftLogWorker (SegmentedRaftLogWorker.java:lambda$new$0(135)) - ff5646e7-cde4-4000-b2d9-463cca811cba@group-62B5F38A9791-SegmentedRaftLogWorker: flushIndex: setUnconditionally 0 -> -1
2023-04-11 17:16:42,273 [pool-167-thread-1] INFO  segmented.SegmentedRaftLogWorker (SegmentedRaftLogWorker.java:lambda$new$0(135)) - ff5646e7-cde4-4000-b2d9-463cca811cba@group-62B5F38A9791-SegmentedRaftLogWorker: safeCacheEvictIndex: setUnconditionally 0 -> -1
2023-04-11 17:16:42,273 [pool-167-thread-1] INFO  server.RaftServer$Division (RaftServerImpl.java:start(334)) - ff5646e7-cde4-4000-b2d9-463cca811cba@group-62B5F38A9791: start as a follower, conf=-1: peers:[ff5646e7-cde4-4000-b2d9-463cca811cba|rpc:10.1.0.70:36287|dataStream:10.1.0.70:39745|priority:1|startupRole:FOLLOWER]|listeners:[], old=null
2023-04-11 17:16:42,273 [pool-167-thread-1] INFO  server.RaftServer$Division (RaftServerImpl.java:setRole(321)) - ff5646e7-cde4-4000-b2d9-463cca811cba@group-62B5F38A9791: changes role from      null to FOLLOWER at term 0 for startAsFollower
2023-04-11 17:16:42,273 [pool-167-thread-1] INFO  impl.RoleInfo (RoleInfo.java:updateAndGet(139)) - ff5646e7-cde4-4000-b2d9-463cca811cba: start ff5646e7-cde4-4000-b2d9-463cca811cba@group-62B5F38A9791-FollowerState
2023-04-11 17:16:42,274 [pool-167-thread-1] INFO  util.JmxRegister (JmxRegister.java:tryRegister(44)) - Successfully registered JMX Bean with object name Ratis:service=RaftServer,group=group-62B5F38A9791,id=ff5646e7-cde4-4000-b2d9-463cca811cba
2023-04-11 17:16:42,274 [pool-167-thread-1] INFO  server.RaftServerConfigKeys (ConfUtils.java:logGet(46)) - raft.server.snapshot.auto.trigger.enabled = true (custom)
2023-04-11 17:16:42,274 [pool-167-thread-1] INFO  server.RaftServerConfigKeys (ConfUtils.java:logGet(46)) - raft.server.snapshot.auto.trigger.threshold = 10000 (custom)
2023-04-11 17:16:42,274 [pool-167-thread-1] INFO  server.RaftServerConfigKeys (ConfUtils.java:logGet(46)) - raft.server.snapshot.retention.file.num = 5 (custom)
2023-04-11 17:16:42,274 [pool-167-thread-1] INFO  server.RaftServerConfigKeys (ConfUtils.java:logGet(46)) - raft.server.log.purge.upto.snapshot.index = false (default)
2023-04-11 17:16:42,275 [ff5646e7-cde4-4000-b2d9-463cca811cba@group-62B5F38A9791-FollowerState] INFO  server.RaftServerConfigKeys (ConfUtils.java:logFallback(53)) - raft.server.rpc.first-election.timeout.min = 5s (fallback to raft.server.rpc.timeout.min)
2023-04-11 17:16:42,275 [EventQueue-PipelineReportForPipelineReportHandler] INFO  pipeline.PipelineManagerImpl (PipelineManagerImpl.java:openPipeline(367)) - Pipeline Pipeline[ Id: a704b3a9-4e36-4e49-a7da-62b5f38a9791, Nodes: ff5646e7-cde4-4000-b2d9-463cca811cba(fv-az377-102.ap30g4v5sw5evmjtdmxdg2w53f.dx.internal.cloudapp.net/10.1.0.70), ReplicationConfig: RATIS/ONE, State:ALLOCATED, leaderId:ff5646e7-cde4-4000-b2d9-463cca811cba, CreationTimestamp2023-04-11T17:16:39.249Z[Etc/UTC]] moved to OPEN state
2023-04-11 17:16:42,275 [ff5646e7-cde4-4000-b2d9-463cca811cba@group-62B5F38A9791-FollowerState] INFO  server.RaftServerConfigKeys (ConfUtils.java:logFallback(53)) - raft.server.rpc.first-election.timeout.max = 5200ms (fallback to raft.server.rpc.timeout.max)
2023-04-11 17:16:42,276 [EventQueue-OpenPipelineForHealthyPipelineSafeModeRule] INFO  safemode.SCMSafeModeManager (HealthyPipelineSafeModeRule.java:process(137)) - SCM in safe mode. Healthy pipelines reported count is 0, required healthy pipeline reported count is 1
2023-04-11 17:16:42,284 [Command processor thread] INFO  ratis.XceiverServerRatis (XceiverServerRatis.java:addGroup(806)) - Created group PipelineID=a704b3a9-4e36-4e49-a7da-62b5f38a9791
2023-04-11 17:16:42,284 [Command processor thread] INFO  commandhandler.CreatePipelineCommandHandler (CreatePipelineCommandHandler.java:handle(113)) - Created Pipeline RATIS ONE PipelineID=a704b3a9-4e36-4e49-a7da-62b5f38a9791.
2023-04-11 17:16:43,239 [Listener at 127.0.0.1/41353] INFO  ozone.MiniOzoneClusterImpl (MiniOzoneClusterImpl.java:lambda$waitForClusterToBeReady$0(222)) - Nodes are ready. Got 5 of 5 DN Heartbeats.
2023-04-11 17:16:43,239 [Listener at 127.0.0.1/41353] INFO  ozone.MiniOzoneClusterImpl (MiniOzoneClusterImpl.java:lambda$waitForClusterToBeReady$0(225)) - Waiting for cluster to exit safe mode
2023-04-11 17:16:43,239 [Listener at 127.0.0.1/41353] INFO  ozone.MiniOzoneClusterImpl (MiniOzoneClusterImpl.java:lambda$waitForClusterToBeReady$0(227)) - SCM became leader
2023-04-11 17:16:44,240 [Listener at 127.0.0.1/41353] INFO  ozone.MiniOzoneClusterImpl (MiniOzoneClusterImpl.java:lambda$waitForClusterToBeReady$0(222)) - Nodes are ready. Got 5 of 5 DN Heartbeats.
2023-04-11 17:16:44,240 [Listener at 127.0.0.1/41353] INFO  ozone.MiniOzoneClusterImpl (MiniOzoneClusterImpl.java:lambda$waitForClusterToBeReady$0(225)) - Waiting for cluster to exit safe mode
2023-04-11 17:16:44,240 [Listener at 127.0.0.1/41353] INFO  ozone.MiniOzoneClusterImpl (MiniOzoneClusterImpl.java:lambda$waitForClusterToBeReady$0(227)) - SCM became leader
2023-04-11 17:16:45,240 [Listener at 127.0.0.1/41353] INFO  ozone.MiniOzoneClusterImpl (MiniOzoneClusterImpl.java:lambda$waitForClusterToBeReady$0(222)) - Nodes are ready. Got 5 of 5 DN Heartbeats.
2023-04-11 17:16:45,241 [Listener at 127.0.0.1/41353] INFO  ozone.MiniOzoneClusterImpl (MiniOzoneClusterImpl.java:lambda$waitForClusterToBeReady$0(225)) - Waiting for cluster to exit safe mode
2023-04-11 17:16:45,241 [Listener at 127.0.0.1/41353] INFO  ozone.MiniOzoneClusterImpl (MiniOzoneClusterImpl.java:lambda$waitForClusterToBeReady$0(227)) - SCM became leader
2023-04-11 17:16:45,623 [a41b41b2-6125-497a-a0cb-d7eb73039636@group-251F6546987D-FollowerState] INFO  impl.FollowerState (FollowerState.java:run(143)) - a41b41b2-6125-497a-a0cb-d7eb73039636@group-251F6546987D-FollowerState: change to CANDIDATE, lastRpcElapsedTime:5110392723ns, electionTimeout:5105ms
2023-04-11 17:16:45,623 [a41b41b2-6125-497a-a0cb-d7eb73039636@group-251F6546987D-FollowerState] INFO  impl.RoleInfo (RoleInfo.java:shutdownFollowerState(110)) - a41b41b2-6125-497a-a0cb-d7eb73039636: shutdown a41b41b2-6125-497a-a0cb-d7eb73039636@group-251F6546987D-FollowerState
2023-04-11 17:16:45,623 [a41b41b2-6125-497a-a0cb-d7eb73039636@group-251F6546987D-FollowerState] INFO  server.RaftServer$Division (RaftServerImpl.java:setRole(321)) - a41b41b2-6125-497a-a0cb-d7eb73039636@group-251F6546987D: changes role from  FOLLOWER to CANDIDATE at term 0 for changeToCandidate
2023-04-11 17:16:45,624 [a41b41b2-6125-497a-a0cb-d7eb73039636@group-251F6546987D-FollowerState] INFO  server.RaftServerConfigKeys (ConfUtils.java:logGet(46)) - raft.server.leaderelection.pre-vote = true (default)
2023-04-11 17:16:45,624 [a41b41b2-6125-497a-a0cb-d7eb73039636@group-251F6546987D-FollowerState] INFO  impl.RoleInfo (RoleInfo.java:updateAndGet(139)) - a41b41b2-6125-497a-a0cb-d7eb73039636: start a41b41b2-6125-497a-a0cb-d7eb73039636@group-251F6546987D-LeaderElection2
2023-04-11 17:16:45,630 [a41b41b2-6125-497a-a0cb-d7eb73039636@group-251F6546987D-LeaderElection2] INFO  impl.LeaderElection (LeaderElection.java:askForVotes(312)) - a41b41b2-6125-497a-a0cb-d7eb73039636@group-251F6546987D-LeaderElection2 PRE_VOTE round 0: submit vote requests at term 0 for -1: peers:[a41b41b2-6125-497a-a0cb-d7eb73039636|rpc:10.1.0.70:40391|dataStream:10.1.0.70:45057|priority:1|startupRole:FOLLOWER]|listeners:[], old=null
2023-04-11 17:16:45,630 [a41b41b2-6125-497a-a0cb-d7eb73039636@group-251F6546987D-LeaderElection2] INFO  impl.LeaderElection (LeaderElection.java:askForVotes(314)) - a41b41b2-6125-497a-a0cb-d7eb73039636@group-251F6546987D-LeaderElection2 PRE_VOTE round 0: result PASSED (term=0)
2023-04-11 17:16:45,631 [a41b41b2-6125-497a-a0cb-d7eb73039636@group-251F6546987D-LeaderElection2] INFO  impl.LeaderElection (LeaderElection.java:askForVotes(312)) - a41b41b2-6125-497a-a0cb-d7eb73039636@group-251F6546987D-LeaderElection2 ELECTION round 0: submit vote requests at term 1 for -1: peers:[a41b41b2-6125-497a-a0cb-d7eb73039636|rpc:10.1.0.70:40391|dataStream:10.1.0.70:45057|priority:1|startupRole:FOLLOWER]|listeners:[], old=null
2023-04-11 17:16:45,631 [a41b41b2-6125-497a-a0cb-d7eb73039636@group-251F6546987D-LeaderElection2] INFO  impl.LeaderElection (LeaderElection.java:askForVotes(314)) - a41b41b2-6125-497a-a0cb-d7eb73039636@group-251F6546987D-LeaderElection2 ELECTION round 0: result PASSED (term=1)
2023-04-11 17:16:45,631 [a41b41b2-6125-497a-a0cb-d7eb73039636@group-251F6546987D-LeaderElection2] INFO  impl.RoleInfo (RoleInfo.java:shutdownLeaderElection(130)) - a41b41b2-6125-497a-a0cb-d7eb73039636: shutdown a41b41b2-6125-497a-a0cb-d7eb73039636@group-251F6546987D-LeaderElection2
2023-04-11 17:16:45,631 [a41b41b2-6125-497a-a0cb-d7eb73039636@group-251F6546987D-LeaderElection2] INFO  server.RaftServer$Division (RaftServerImpl.java:setRole(321)) - a41b41b2-6125-497a-a0cb-d7eb73039636@group-251F6546987D: changes role from CANDIDATE to LEADER at term 1 for changeToLeader
2023-04-11 17:16:45,632 [a41b41b2-6125-497a-a0cb-d7eb73039636@group-251F6546987D-LeaderElection2] INFO  ratis.XceiverServerRatis (XceiverServerRatis.java:handleLeaderChangedNotification(904)) - Leader change notification received for group: group-251F6546987D with new leaderId: a41b41b2-6125-497a-a0cb-d7eb73039636
2023-04-11 17:16:45,632 [a41b41b2-6125-497a-a0cb-d7eb73039636@group-251F6546987D-LeaderElection2] INFO  server.RaftServer$Division (ServerState.java:setLeader(313)) - a41b41b2-6125-497a-a0cb-d7eb73039636@group-251F6546987D: change Leader from null to a41b41b2-6125-497a-a0cb-d7eb73039636 at term 1 for becomeLeader, leader elected after 5158ms
2023-04-11 17:16:45,632 [a41b41b2-6125-497a-a0cb-d7eb73039636@group-251F6546987D-LeaderElection2] INFO  server.RaftServerConfigKeys (ConfUtils.java:logGet(46)) - raft.server.staging.catchup.gap = 1000 (default)
2023-04-11 17:16:45,633 [EventQueue-OpenPipelineForHealthyPipelineSafeModeRule] INFO  safemode.SCMSafeModeManager (HealthyPipelineSafeModeRule.java:process(137)) - SCM in safe mode. Healthy pipelines reported count is 0, required healthy pipeline reported count is 1
2023-04-11 17:16:45,633 [a41b41b2-6125-497a-a0cb-d7eb73039636@group-251F6546987D-LeaderElection2] INFO  server.RaftServerConfigKeys (ConfUtils.java:logGet(46)) - raft.server.write.element-limit = 1024 (custom)
2023-04-11 17:16:45,634 [a41b41b2-6125-497a-a0cb-d7eb73039636@group-251F6546987D-LeaderElection2] INFO  server.RaftServerConfigKeys (ConfUtils.java:logGet(46)) - raft.server.write.byte-limit = 1024 M (=1073741824) (custom)
2023-04-11 17:16:45,634 [a41b41b2-6125-497a-a0cb-d7eb73039636@group-251F6546987D-LeaderElection2] INFO  server.RaftServerConfigKeys (ConfUtils.java:logGet(46)) - raft.server.watch.timeout = 180s (custom)
2023-04-11 17:16:45,634 [a41b41b2-6125-497a-a0cb-d7eb73039636@group-251F6546987D-LeaderElection2] INFO  server.RaftServerConfigKeys (ConfUtils.java:logGet(46)) - raft.server.watch.timeout.denomination = 1s (default)
2023-04-11 17:16:45,634 [a41b41b2-6125-497a-a0cb-d7eb73039636@group-251F6546987D-LeaderElection2] INFO  server.RaftServerConfigKeys (ConfUtils.java:logGet(46)) - raft.server.watch.element-limit = 65536 (default)
2023-04-11 17:16:45,634 [a41b41b2-6125-497a-a0cb-d7eb73039636@group-251F6546987D-LeaderElection2] INFO  server.RaftServerConfigKeys (ConfUtils.java:logGet(46)) - raft.server.write.element-limit = 1024 (custom)
2023-04-11 17:16:45,634 [a41b41b2-6125-497a-a0cb-d7eb73039636@group-251F6546987D-LeaderElection2] INFO  server.RaftServerConfigKeys (ConfUtils.java:logGet(46)) - raft.server.write.follower.gap.ratio.max = -1.0 (default)
2023-04-11 17:16:45,634 [a41b41b2-6125-497a-a0cb-d7eb73039636@group-251F6546987D-LeaderElection2] INFO  impl.RoleInfo (RoleInfo.java:updateAndGet(139)) - a41b41b2-6125-497a-a0cb-d7eb73039636: start a41b41b2-6125-497a-a0cb-d7eb73039636@group-251F6546987D-LeaderStateImpl
2023-04-11 17:16:45,635 [a41b41b2-6125-497a-a0cb-d7eb73039636@group-251F6546987D-LeaderElection2] INFO  segmented.SegmentedRaftLogWorker (SegmentedRaftLogWorker.java:startLogSegment(452)) - a41b41b2-6125-497a-a0cb-d7eb73039636@group-251F6546987D-SegmentedRaftLogWorker: Starting segment from index:0
2023-04-11 17:16:45,637 [a41b41b2-6125-497a-a0cb-d7eb73039636@group-251F6546987D-LeaderElection2] INFO  server.RaftServer$Division (ServerState.java:setRaftConf(430)) - a41b41b2-6125-497a-a0cb-d7eb73039636@group-251F6546987D: set configuration 0: peers:[a41b41b2-6125-497a-a0cb-d7eb73039636|rpc:10.1.0.70:40391|dataStream:10.1.0.70:45057|priority:1|startupRole:FOLLOWER]|listeners:[], old=null
2023-04-11 17:16:45,638 [a41b41b2-6125-497a-a0cb-d7eb73039636@group-251F6546987D-SegmentedRaftLogWorker] INFO  segmented.SegmentedRaftLogWorker (SegmentedRaftLogWorker.java:execute(656)) - a41b41b2-6125-497a-a0cb-d7eb73039636@group-251F6546987D-SegmentedRaftLogWorker: created new log segment /home/runner/work/ozone/ozone/hadoop-ozone/integration-test/target/test-dir/MiniOzoneClusterImpl-c6c5b2ab-f103-43fd-a9c8-44793663f5fe/datanode-0/data/ratis/8f75988f-3ceb-4bfc-9fce-251f6546987d/current/log_inprogress_0
2023-04-11 17:16:45,746 [a41b41b2-6125-497a-a0cb-d7eb73039636@group-EB7AA67B10FD-FollowerState] INFO  impl.FollowerState (FollowerState.java:run(143)) - a41b41b2-6125-497a-a0cb-d7eb73039636@group-EB7AA67B10FD-FollowerState: change to CANDIDATE, lastRpcElapsedTime:5166282853ns, electionTimeout:5150ms
2023-04-11 17:16:45,747 [a41b41b2-6125-497a-a0cb-d7eb73039636@group-EB7AA67B10FD-FollowerState] INFO  impl.RoleInfo (RoleInfo.java:shutdownFollowerState(110)) - a41b41b2-6125-497a-a0cb-d7eb73039636: shutdown a41b41b2-6125-497a-a0cb-d7eb73039636@group-EB7AA67B10FD-FollowerState
2023-04-11 17:16:45,747 [a41b41b2-6125-497a-a0cb-d7eb73039636@group-EB7AA67B10FD-FollowerState] INFO  server.RaftServer$Division (RaftServerImpl.java:setRole(321)) - a41b41b2-6125-497a-a0cb-d7eb73039636@group-EB7AA67B10FD: changes role from  FOLLOWER to CANDIDATE at term 0 for changeToCandidate
2023-04-11 17:16:45,751 [a41b41b2-6125-497a-a0cb-d7eb73039636@group-EB7AA67B10FD-FollowerState] INFO  server.RaftServerConfigKeys (ConfUtils.java:logGet(46)) - raft.server.leaderelection.pre-vote = true (default)
2023-04-11 17:16:45,751 [a41b41b2-6125-497a-a0cb-d7eb73039636@group-EB7AA67B10FD-FollowerState] INFO  impl.RoleInfo (RoleInfo.java:updateAndGet(139)) - a41b41b2-6125-497a-a0cb-d7eb73039636: start a41b41b2-6125-497a-a0cb-d7eb73039636@group-EB7AA67B10FD-LeaderElection3
2023-04-11 17:16:45,761 [a41b41b2-6125-497a-a0cb-d7eb73039636@group-EB7AA67B10FD-LeaderElection3] INFO  impl.LeaderElection (LeaderElection.java:askForVotes(312)) - a41b41b2-6125-497a-a0cb-d7eb73039636@group-EB7AA67B10FD-LeaderElection3 PRE_VOTE round 0: submit vote requests at term 0 for -1: peers:[30e95ef4-c50c-4a35-94a1-24945bf18908|rpc:10.1.0.70:38995|dataStream:10.1.0.70:43279|priority:0|startupRole:FOLLOWER, a41b41b2-6125-497a-a0cb-d7eb73039636|rpc:10.1.0.70:40391|dataStream:10.1.0.70:45057|priority:1|startupRole:FOLLOWER, 54fa8802-d5ce-4a45-bac9-9464a05e8046|rpc:10.1.0.70:41191|dataStream:10.1.0.70:38659|priority:0|startupRole:FOLLOWER]|listeners:[], old=null
2023-04-11 17:16:45,768 [a41b41b2-6125-497a-a0cb-d7eb73039636@group-EB7AA67B10FD-LeaderElection3] INFO  server.RaftServerConfigKeys (ConfUtils.java:logFallback(53)) - raft.server.rpc.first-election.timeout.min = 5s (fallback to raft.server.rpc.timeout.min)
2023-04-11 17:16:45,768 [a41b41b2-6125-497a-a0cb-d7eb73039636@group-EB7AA67B10FD-LeaderElection3] INFO  server.RaftServerConfigKeys (ConfUtils.java:logFallback(53)) - raft.server.rpc.first-election.timeout.max = 5200ms (fallback to raft.server.rpc.timeout.max)
2023-04-11 17:16:45,768 [a41b41b2-6125-497a-a0cb-d7eb73039636@group-EB7AA67B10FD-LeaderElection3-1] INFO  server.GrpcServerProtocolClient (GrpcServerProtocolClient.java:<init>(63)) - Build channel for 30e95ef4-c50c-4a35-94a1-24945bf18908
2023-04-11 17:16:45,770 [a41b41b2-6125-497a-a0cb-d7eb73039636@group-EB7AA67B10FD-LeaderElection3-2] INFO  server.GrpcServerProtocolClient (GrpcServerProtocolClient.java:<init>(63)) - Build channel for 54fa8802-d5ce-4a45-bac9-9464a05e8046
2023-04-11 17:16:45,806 [grpc-default-executor-0] INFO  server.RaftServer$Division (RaftServerImpl.java:requestVote(1218)) - 30e95ef4-c50c-4a35-94a1-24945bf18908@group-EB7AA67B10FD: receive requestVote(PRE_VOTE, a41b41b2-6125-497a-a0cb-d7eb73039636, group-EB7AA67B10FD, 0, (t:0, i:0))
2023-04-11 17:16:45,809 [grpc-default-executor-0] INFO  impl.VoteContext (VoteContext.java:log(49)) - 30e95ef4-c50c-4a35-94a1-24945bf18908@group-EB7AA67B10FD-FOLLOWER: accept PRE_VOTE from a41b41b2-6125-497a-a0cb-d7eb73039636: our priority 0 <= candidate's priority 1
2023-04-11 17:16:45,811 [grpc-default-executor-1] INFO  server.RaftServer$Division (RaftServerImpl.java:requestVote(1218)) - 54fa8802-d5ce-4a45-bac9-9464a05e8046@group-EB7AA67B10FD: receive requestVote(PRE_VOTE, a41b41b2-6125-497a-a0cb-d7eb73039636, group-EB7AA67B10FD, 0, (t:0, i:0))
2023-04-11 17:16:45,811 [grpc-default-executor-1] INFO  impl.VoteContext (VoteContext.java:log(49)) - 54fa8802-d5ce-4a45-bac9-9464a05e8046@group-EB7AA67B10FD-FOLLOWER: accept PRE_VOTE from a41b41b2-6125-497a-a0cb-d7eb73039636: our priority 0 <= candidate's priority 1
2023-04-11 17:16:45,813 [grpc-default-executor-0] INFO  server.RaftServer$Division (RaftServerImpl.java:requestVote(1251)) - 30e95ef4-c50c-4a35-94a1-24945bf18908@group-EB7AA67B10FD replies to PRE_VOTE vote request: a41b41b2-6125-497a-a0cb-d7eb73039636<-30e95ef4-c50c-4a35-94a1-24945bf18908#0:OK-t0. Peer's state: 30e95ef4-c50c-4a35-94a1-24945bf18908@group-EB7AA67B10FD:t0, leader=null, voted=, raftlog=Memoized:30e95ef4-c50c-4a35-94a1-24945bf18908@group-EB7AA67B10FD-SegmentedRaftLog:OPENED:c-1, conf=-1: peers:[30e95ef4-c50c-4a35-94a1-24945bf18908|rpc:10.1.0.70:38995|dataStream:10.1.0.70:43279|priority:0|startupRole:FOLLOWER, a41b41b2-6125-497a-a0cb-d7eb73039636|rpc:10.1.0.70:40391|dataStream:10.1.0.70:45057|priority:1|startupRole:FOLLOWER, 54fa8802-d5ce-4a45-bac9-9464a05e8046|rpc:10.1.0.70:41191|dataStream:10.1.0.70:38659|priority:0|startupRole:FOLLOWER]|listeners:[], old=null
2023-04-11 17:16:45,813 [grpc-default-executor-1] INFO  server.RaftServer$Division (RaftServerImpl.java:requestVote(1251)) - 54fa8802-d5ce-4a45-bac9-9464a05e8046@group-EB7AA67B10FD replies to PRE_VOTE vote request: a41b41b2-6125-497a-a0cb-d7eb73039636<-54fa8802-d5ce-4a45-bac9-9464a05e8046#0:OK-t0. Peer's state: 54fa8802-d5ce-4a45-bac9-9464a05e8046@group-EB7AA67B10FD:t0, leader=null, voted=, raftlog=Memoized:54fa8802-d5ce-4a45-bac9-9464a05e8046@group-EB7AA67B10FD-SegmentedRaftLog:OPENED:c-1, conf=-1: peers:[30e95ef4-c50c-4a35-94a1-24945bf18908|rpc:10.1.0.70:38995|dataStream:10.1.0.70:43279|priority:0|startupRole:FOLLOWER, a41b41b2-6125-497a-a0cb-d7eb73039636|rpc:10.1.0.70:40391|dataStream:10.1.0.70:45057|priority:1|startupRole:FOLLOWER, 54fa8802-d5ce-4a45-bac9-9464a05e8046|rpc:10.1.0.70:41191|dataStream:10.1.0.70:38659|priority:0|startupRole:FOLLOWER]|listeners:[], old=null
2023-04-11 17:16:45,817 [a41b41b2-6125-497a-a0cb-d7eb73039636@group-EB7AA67B10FD-LeaderElection3] INFO  impl.LeaderElection (LeaderElection.java:logAndReturn(90)) - a41b41b2-6125-497a-a0cb-d7eb73039636@group-EB7AA67B10FD-LeaderElection3: PRE_VOTE PASSED received 1 response(s) and 0 exception(s):
2023-04-11 17:16:45,818 [a41b41b2-6125-497a-a0cb-d7eb73039636@group-EB7AA67B10FD-LeaderElection3] INFO  impl.LeaderElection (LeaderElection.java:logAndReturn(94)) -   Response 0: a41b41b2-6125-497a-a0cb-d7eb73039636<-54fa8802-d5ce-4a45-bac9-9464a05e8046#0:OK-t0
2023-04-11 17:16:45,818 [a41b41b2-6125-497a-a0cb-d7eb73039636@group-EB7AA67B10FD-LeaderElection3] INFO  impl.LeaderElection (LeaderElection.java:askForVotes(314)) - a41b41b2-6125-497a-a0cb-d7eb73039636@group-EB7AA67B10FD-LeaderElection3 PRE_VOTE round 0: result PASSED
2023-04-11 17:16:45,820 [a41b41b2-6125-497a-a0cb-d7eb73039636@group-EB7AA67B10FD-LeaderElection3] INFO  impl.LeaderElection (LeaderElection.java:askForVotes(312)) - a41b41b2-6125-497a-a0cb-d7eb73039636@group-EB7AA67B10FD-LeaderElection3 ELECTION round 0: submit vote requests at term 1 for -1: peers:[30e95ef4-c50c-4a35-94a1-24945bf18908|rpc:10.1.0.70:38995|dataStream:10.1.0.70:43279|priority:0|startupRole:FOLLOWER, a41b41b2-6125-497a-a0cb-d7eb73039636|rpc:10.1.0.70:40391|dataStream:10.1.0.70:45057|priority:1|startupRole:FOLLOWER, 54fa8802-d5ce-4a45-bac9-9464a05e8046|rpc:10.1.0.70:41191|dataStream:10.1.0.70:38659|priority:0|startupRole:FOLLOWER]|listeners:[], old=null
2023-04-11 17:16:45,821 [a41b41b2-6125-497a-a0cb-d7eb73039636@group-EB7AA67B10FD-LeaderElection3] INFO  server.RaftServerConfigKeys (ConfUtils.java:logFallback(53)) - raft.server.rpc.first-election.timeout.min = 5s (fallback to raft.server.rpc.timeout.min)
2023-04-11 17:16:45,821 [a41b41b2-6125-497a-a0cb-d7eb73039636@group-EB7AA67B10FD-LeaderElection3] INFO  server.RaftServerConfigKeys (ConfUtils.java:logFallback(53)) - raft.server.rpc.first-election.timeout.max = 5200ms (fallback to raft.server.rpc.timeout.max)
2023-04-11 17:16:45,829 [grpc-default-executor-1] INFO  server.RaftServer$Division (RaftServerImpl.java:requestVote(1218)) - 30e95ef4-c50c-4a35-94a1-24945bf18908@group-EB7AA67B10FD: receive requestVote(ELECTION, a41b41b2-6125-497a-a0cb-d7eb73039636, group-EB7AA67B10FD, 1, (t:0, i:0))
2023-04-11 17:16:45,830 [grpc-default-executor-1] INFO  impl.VoteContext (VoteContext.java:log(49)) - 30e95ef4-c50c-4a35-94a1-24945bf18908@group-EB7AA67B10FD-FOLLOWER: accept ELECTION from a41b41b2-6125-497a-a0cb-d7eb73039636: our priority 0 <= candidate's priority 1
2023-04-11 17:16:45,830 [grpc-default-executor-1] INFO  server.RaftServer$Division (RaftServerImpl.java:setRole(321)) - 30e95ef4-c50c-4a35-94a1-24945bf18908@group-EB7AA67B10FD: changes role from  FOLLOWER to FOLLOWER at term 1 for candidate:a41b41b2-6125-497a-a0cb-d7eb73039636
2023-04-11 17:16:45,830 [grpc-default-executor-1] INFO  impl.RoleInfo (RoleInfo.java:shutdownFollowerState(110)) - 30e95ef4-c50c-4a35-94a1-24945bf18908: shutdown 30e95ef4-c50c-4a35-94a1-24945bf18908@group-EB7AA67B10FD-FollowerState
2023-04-11 17:16:45,831 [grpc-default-executor-1] INFO  impl.RoleInfo (RoleInfo.java:updateAndGet(139)) - 30e95ef4-c50c-4a35-94a1-24945bf18908: start 30e95ef4-c50c-4a35-94a1-24945bf18908@group-EB7AA67B10FD-FollowerState
2023-04-11 17:16:45,831 [30e95ef4-c50c-4a35-94a1-24945bf18908@group-EB7AA67B10FD-FollowerState] INFO  impl.FollowerState (FollowerState.java:run(152)) - 30e95ef4-c50c-4a35-94a1-24945bf18908@group-EB7AA67B10FD-FollowerState was interrupted
2023-04-11 17:16:45,841 [grpc-default-executor-1] INFO  server.RaftServer$Division (RaftServerImpl.java:requestVote(1251)) - 30e95ef4-c50c-4a35-94a1-24945bf18908@group-EB7AA67B10FD replies to ELECTION vote request: a41b41b2-6125-497a-a0cb-d7eb73039636<-30e95ef4-c50c-4a35-94a1-24945bf18908#0:OK-t1. Peer's state: 30e95ef4-c50c-4a35-94a1-24945bf18908@group-EB7AA67B10FD:t1, leader=null, voted=a41b41b2-6125-497a-a0cb-d7eb73039636, raftlog=Memoized:30e95ef4-c50c-4a35-94a1-24945bf18908@group-EB7AA67B10FD-SegmentedRaftLog:OPENED:c-1, conf=-1: peers:[30e95ef4-c50c-4a35-94a1-24945bf18908|rpc:10.1.0.70:38995|dataStream:10.1.0.70:43279|priority:0|startupRole:FOLLOWER, a41b41b2-6125-497a-a0cb-d7eb73039636|rpc:10.1.0.70:40391|dataStream:10.1.0.70:45057|priority:1|startupRole:FOLLOWER, 54fa8802-d5ce-4a45-bac9-9464a05e8046|rpc:10.1.0.70:41191|dataStream:10.1.0.70:38659|priority:0|startupRole:FOLLOWER]|listeners:[], old=null
2023-04-11 17:16:45,843 [30e95ef4-c50c-4a35-94a1-24945bf18908@group-EB7AA67B10FD-FollowerState] INFO  server.RaftServerConfigKeys (ConfUtils.java:logFallback(53)) - raft.server.rpc.first-election.timeout.min = 5s (fallback to raft.server.rpc.timeout.min)
2023-04-11 17:16:45,843 [30e95ef4-c50c-4a35-94a1-24945bf18908@group-EB7AA67B10FD-FollowerState] INFO  server.RaftServerConfigKeys (ConfUtils.java:logFallback(53)) - raft.server.rpc.first-election.timeout.max = 5200ms (fallback to raft.server.rpc.timeout.max)
2023-04-11 17:16:45,844 [a41b41b2-6125-497a-a0cb-d7eb73039636@group-EB7AA67B10FD-LeaderElection3] INFO  impl.LeaderElection (LeaderElection.java:logAndReturn(90)) - a41b41b2-6125-497a-a0cb-d7eb73039636@group-EB7AA67B10FD-LeaderElection3: ELECTION PASSED received 1 response(s) and 0 exception(s):
2023-04-11 17:16:45,847 [a41b41b2-6125-497a-a0cb-d7eb73039636@group-EB7AA67B10FD-LeaderElection3] INFO  impl.LeaderElection (LeaderElection.java:logAndReturn(94)) -   Response 0: a41b41b2-6125-497a-a0cb-d7eb73039636<-30e95ef4-c50c-4a35-94a1-24945bf18908#0:OK-t1
2023-04-11 17:16:45,847 [a41b41b2-6125-497a-a0cb-d7eb73039636@group-EB7AA67B10FD-LeaderElection3] INFO  impl.LeaderElection (LeaderElection.java:askForVotes(314)) - a41b41b2-6125-497a-a0cb-d7eb73039636@group-EB7AA67B10FD-LeaderElection3 ELECTION round 0: result PASSED
2023-04-11 17:16:45,847 [a41b41b2-6125-497a-a0cb-d7eb73039636@group-EB7AA67B10FD-LeaderElection3] INFO  impl.RoleInfo (RoleInfo.java:shutdownLeaderElection(130)) - a41b41b2-6125-497a-a0cb-d7eb73039636: shutdown a41b41b2-6125-497a-a0cb-d7eb73039636@group-EB7AA67B10FD-LeaderElection3
2023-04-11 17:16:45,847 [a41b41b2-6125-497a-a0cb-d7eb73039636@group-EB7AA67B10FD-LeaderElection3] INFO  server.RaftServer$Division (RaftServerImpl.java:setRole(321)) - a41b41b2-6125-497a-a0cb-d7eb73039636@group-EB7AA67B10FD: changes role from CANDIDATE to LEADER at term 1 for changeToLeader
2023-04-11 17:16:45,847 [a41b41b2-6125-497a-a0cb-d7eb73039636@group-EB7AA67B10FD-LeaderElection3] INFO  ratis.XceiverServerRatis (XceiverServerRatis.java:handleLeaderChangedNotification(904)) - Leader change notification received for group: group-EB7AA67B10FD with new leaderId: a41b41b2-6125-497a-a0cb-d7eb73039636
2023-04-11 17:16:45,847 [a41b41b2-6125-497a-a0cb-d7eb73039636@group-EB7AA67B10FD-LeaderElection3] INFO  server.RaftServer$Division (ServerState.java:setLeader(313)) - a41b41b2-6125-497a-a0cb-d7eb73039636@group-EB7AA67B10FD: change Leader from null to a41b41b2-6125-497a-a0cb-d7eb73039636 at term 1 for becomeLeader, leader elected after 5309ms
2023-04-11 17:16:45,847 [a41b41b2-6125-497a-a0cb-d7eb73039636@group-EB7AA67B10FD-LeaderElection3] INFO  server.RaftServerConfigKeys (ConfUtils.java:logGet(46)) - raft.server.staging.catchup.gap = 1000 (default)
2023-04-11 17:16:45,847 [a41b41b2-6125-497a-a0cb-d7eb73039636@group-EB7AA67B10FD-LeaderElection3] INFO  server.RaftServerConfigKeys (ConfUtils.java:logGet(46)) - raft.server.write.element-limit = 1024 (custom)
2023-04-11 17:16:45,848 [a41b41b2-6125-497a-a0cb-d7eb73039636@group-EB7AA67B10FD-LeaderElection3] INFO  server.RaftServerConfigKeys (ConfUtils.java:logGet(46)) - raft.server.write.byte-limit = 1024 M (=1073741824) (custom)
2023-04-11 17:16:45,848 [a41b41b2-6125-497a-a0cb-d7eb73039636@group-EB7AA67B10FD-LeaderElection3] INFO  server.RaftServerConfigKeys (ConfUtils.java:logGet(46)) - raft.server.watch.timeout = 180s (custom)
2023-04-11 17:16:45,848 [a41b41b2-6125-497a-a0cb-d7eb73039636@group-EB7AA67B10FD-LeaderElection3] INFO  server.RaftServerConfigKeys (ConfUtils.java:logGet(46)) - raft.server.watch.timeout.denomination = 1s (default)
2023-04-11 17:16:45,848 [a41b41b2-6125-497a-a0cb-d7eb73039636@group-EB7AA67B10FD-LeaderElection3] INFO  server.RaftServerConfigKeys (ConfUtils.java:logGet(46)) - raft.server.watch.element-limit = 65536 (default)
2023-04-11 17:16:45,848 [a41b41b2-6125-497a-a0cb-d7eb73039636@group-EB7AA67B10FD-LeaderElection3] INFO  server.RaftServerConfigKeys (ConfUtils.java:logGet(46)) - raft.server.write.element-limit = 1024 (custom)
2023-04-11 17:16:45,848 [a41b41b2-6125-497a-a0cb-d7eb73039636@group-EB7AA67B10FD-LeaderElection3] INFO  server.RaftServerConfigKeys (ConfUtils.java:logGet(46)) - raft.server.write.follower.gap.ratio.max = -1.0 (default)
2023-04-11 17:16:45,855 [EventQueue-PipelineReportForPipelineReportHandler] INFO  pipeline.PipelineManagerImpl (PipelineManagerImpl.java:openPipeline(367)) - Pipeline Pipeline[ Id: 7bdbafa8-6302-4be6-9d3b-eb7aa67b10fd, Nodes: 30e95ef4-c50c-4a35-94a1-24945bf18908(fv-az377-102.ap30g4v5sw5evmjtdmxdg2w53f.dx.internal.cloudapp.net/10.1.0.70)54fa8802-d5ce-4a45-bac9-9464a05e8046(fv-az377-102.ap30g4v5sw5evmjtdmxdg2w53f.dx.internal.cloudapp.net/10.1.0.70)a41b41b2-6125-497a-a0cb-d7eb73039636(fv-az377-102.ap30g4v5sw5evmjtdmxdg2w53f.dx.internal.cloudapp.net/10.1.0.70), ReplicationConfig: RATIS/THREE, State:ALLOCATED, leaderId:a41b41b2-6125-497a-a0cb-d7eb73039636, CreationTimestamp2023-04-11T17:16:38.420Z[Etc/UTC]] moved to OPEN state
2023-04-11 17:16:45,855 [EventQueue-OpenPipelineForHealthyPipelineSafeModeRule] INFO  safemode.SCMSafeModeManager (HealthyPipelineSafeModeRule.java:process(137)) - SCM in safe mode. Healthy pipelines reported count is 1, required healthy pipeline reported count is 1
2023-04-11 17:16:45,855 [EventQueue-OpenPipelineForHealthyPipelineSafeModeRule] INFO  safemode.SCMSafeModeManager (SCMSafeModeManager.java:validateSafeModeExitRules(200)) - HealthyPipelineSafeModeRule rule is successfully validated
2023-04-11 17:16:45,855 [EventQueue-OpenPipelineForHealthyPipelineSafeModeRule] INFO  safemode.SCMSafeModeManager (SCMSafeModeManager.java:validateSafeModeExitRules(215)) - ScmSafeModeManager, all rules are successfully validated
2023-04-11 17:16:45,855 [EventQueue-OpenPipelineForHealthyPipelineSafeModeRule] INFO  safemode.SCMSafeModeManager (SCMSafeModeManager.java:exitSafeMode(244)) - SCM exiting safe mode.
2023-04-11 17:16:45,855 [EventQueue-OpenPipelineForHealthyPipelineSafeModeRule] INFO  ha.SCMContext (SCMContext.java:updateSafeModeStatus(228)) - Update SafeModeStatus from SafeModeStatus{safeModeStatus=true, preCheckPassed=true} to SafeModeStatus{safeModeStatus=false, preCheckPassed=true}.
2023-04-11 17:16:45,856 [EventQueue-OpenPipelineForHealthyPipelineSafeModeRule] INFO  pipeline.BackgroundPipelineCreator (BackgroundPipelineCreator.java:notifyStatusChanged(254)) - Service BackgroundPipelineCreator transitions to RUNNING.
2023-04-11 17:16:45,856 [EventQueue-OpenPipelineForHealthyPipelineSafeModeRule] INFO  BackgroundPipelineScrubber (BackgroundSCMService.java:notifyStatusChanged(82)) - Service BackgroundPipelineScrubber transitions to RUNNING.
2023-04-11 17:16:45,856 [EventQueue-OpenPipelineForHealthyPipelineSafeModeRule] INFO  ExpiredContainerReplicaOpScrubber (BackgroundSCMService.java:notifyStatusChanged(82)) - Service ExpiredContainerReplicaOpScrubber transitions to RUNNING.
2023-04-11 17:16:45,856 [EventQueue-OpenPipelineForHealthyPipelineSafeModeRule] INFO  replication.ReplicationManager (ReplicationManager.java:notifyStatusChanged(1371)) - Service ReplicationManager transitions to RUNNING.
2023-04-11 17:16:45,862 [EventQueue-OpenPipelineForHealthyPipelineSafeModeRule] WARN  balancer.ContainerBalancer (ContainerBalancer.java:shouldRun(132)) - Could not find persisted configuration for ContainerBalancer when checking if ContainerBalancer should run. ContainerBalancer should not run now.
2023-04-11 17:16:45,864 [grpc-default-executor-1] INFO  server.RaftServer$Division (RaftServerImpl.java:requestVote(1218)) - 54fa8802-d5ce-4a45-bac9-9464a05e8046@group-EB7AA67B10FD: receive requestVote(ELECTION, a41b41b2-6125-497a-a0cb-d7eb73039636, group-EB7AA67B10FD, 1, (t:0, i:0))
2023-04-11 17:16:45,865 [grpc-default-executor-1] INFO  impl.VoteContext (VoteContext.java:log(49)) - 54fa8802-d5ce-4a45-bac9-9464a05e8046@group-EB7AA67B10FD-FOLLOWER: accept ELECTION from a41b41b2-6125-497a-a0cb-d7eb73039636: our priority 0 <= candidate's priority 1
2023-04-11 17:16:45,865 [grpc-default-executor-1] INFO  server.RaftServer$Division (RaftServerImpl.java:setRole(321)) - 54fa8802-d5ce-4a45-bac9-9464a05e8046@group-EB7AA67B10FD: changes role from  FOLLOWER to FOLLOWER at term 1 for candidate:a41b41b2-6125-497a-a0cb-d7eb73039636
2023-04-11 17:16:45,865 [grpc-default-executor-1] INFO  impl.RoleInfo (RoleInfo.java:shutdownFollowerState(110)) - 54fa8802-d5ce-4a45-bac9-9464a05e8046: shutdown 54fa8802-d5ce-4a45-bac9-9464a05e8046@group-EB7AA67B10FD-FollowerState
2023-04-11 17:16:45,865 [54fa8802-d5ce-4a45-bac9-9464a05e8046@group-EB7AA67B10FD-FollowerState] INFO  impl.FollowerState (FollowerState.java:run(152)) - 54fa8802-d5ce-4a45-bac9-9464a05e8046@group-EB7AA67B10FD-FollowerState was interrupted
2023-04-11 17:16:45,866 [grpc-default-executor-1] INFO  impl.RoleInfo (RoleInfo.java:updateAndGet(139)) - 54fa8802-d5ce-4a45-bac9-9464a05e8046: start 54fa8802-d5ce-4a45-bac9-9464a05e8046@group-EB7AA67B10FD-FollowerState
2023-04-11 17:16:45,866 [54fa8802-d5ce-4a45-bac9-9464a05e8046@group-EB7AA67B10FD-FollowerState] INFO  server.RaftServerConfigKeys (ConfUtils.java:logFallback(53)) - raft.server.rpc.first-election.timeout.min = 5s (fallback to raft.server.rpc.timeout.min)
2023-04-11 17:16:45,866 [54fa8802-d5ce-4a45-bac9-9464a05e8046@group-EB7AA67B10FD-FollowerState] INFO  server.RaftServerConfigKeys (ConfUtils.java:logFallback(53)) - raft.server.rpc.first-election.timeout.max = 5200ms (fallback to raft.server.rpc.timeout.max)
2023-04-11 17:16:45,872 [grpc-default-executor-1] INFO  server.RaftServer$Division (RaftServerImpl.java:requestVote(1251)) - 54fa8802-d5ce-4a45-bac9-9464a05e8046@group-EB7AA67B10FD replies to ELECTION vote request: a41b41b2-6125-497a-a0cb-d7eb73039636<-54fa8802-d5ce-4a45-bac9-9464a05e8046#0:OK-t1. Peer's state: 54fa8802-d5ce-4a45-bac9-9464a05e8046@group-EB7AA67B10FD:t1, leader=null, voted=a41b41b2-6125-497a-a0cb-d7eb73039636, raftlog=Memoized:54fa8802-d5ce-4a45-bac9-9464a05e8046@group-EB7AA67B10FD-SegmentedRaftLog:OPENED:c-1, conf=-1: peers:[30e95ef4-c50c-4a35-94a1-24945bf18908|rpc:10.1.0.70:38995|dataStream:10.1.0.70:43279|priority:0|startupRole:FOLLOWER, a41b41b2-6125-497a-a0cb-d7eb73039636|rpc:10.1.0.70:40391|dataStream:10.1.0.70:45057|priority:1|startupRole:FOLLOWER, 54fa8802-d5ce-4a45-bac9-9464a05e8046|rpc:10.1.0.70:41191|dataStream:10.1.0.70:38659|priority:0|startupRole:FOLLOWER]|listeners:[], old=null
2023-04-11 17:16:45,877 [a41b41b2-6125-497a-a0cb-d7eb73039636@group-EB7AA67B10FD-LeaderElection3] INFO  server.RaftServerConfigKeys (ConfUtils.java:logGet(46)) - raft.server.log.appender.snapshot.chunk.size.max = 16MB (=16777216) (default)
2023-04-11 17:16:45,877 [a41b41b2-6125-497a-a0cb-d7eb73039636@group-EB7AA67B10FD-LeaderElection3] INFO  server.RaftServerConfigKeys (ConfUtils.java:logGet(46)) - raft.server.log.appender.buffer.byte-limit = 33554432 (custom)
2023-04-11 17:16:45,878 [a41b41b2-6125-497a-a0cb-d7eb73039636@group-EB7AA67B10FD-LeaderElection3] INFO  server.RaftServerConfigKeys (ConfUtils.java:logGet(46)) - raft.server.log.appender.buffer.element-limit = 1 (custom)
2023-04-11 17:16:45,881 [a41b41b2-6125-497a-a0cb-d7eb73039636@group-EB7AA67B10FD-LeaderElection3] INFO  grpc.GrpcConfigKeys (ConfUtils.java:logGet(46)) - raft.grpc.server.leader.outstanding.appends.max = 128 (default)
2023-04-11 17:16:45,881 [a41b41b2-6125-497a-a0cb-d7eb73039636@group-EB7AA67B10FD-LeaderElection3] INFO  server.RaftServerConfigKeys (ConfUtils.java:logGet(46)) - raft.server.rpc.request.timeout = 60s (custom)
2023-04-11 17:16:45,881 [a41b41b2-6125-497a-a0cb-d7eb73039636@group-EB7AA67B10FD-LeaderElection3] INFO  server.RaftServerConfigKeys (ConfUtils.java:logGet(46)) - raft.server.log.appender.install.snapshot.enabled = false (custom)
2023-04-11 17:16:45,881 [a41b41b2-6125-497a-a0cb-d7eb73039636@group-EB7AA67B10FD-LeaderElection3] INFO  grpc.GrpcConfigKeys (ConfUtils.java:logGet(46)) - raft.grpc.server.heartbeat.channel = true (default)
2023-04-11 17:16:45,881 [a41b41b2-6125-497a-a0cb-d7eb73039636@group-EB7AA67B10FD-LeaderElection3] INFO  server.RaftServerConfigKeys (ConfUtils.java:logGet(46)) - raft.server.log.appender.wait-time.min = 10ms (default)
2023-04-11 17:16:45,884 [a41b41b2-6125-497a-a0cb-d7eb73039636@group-EB7AA67B10FD-LeaderElection3] INFO  server.RaftServerConfigKeys (ConfUtils.java:logGet(46)) - raft.server.log.appender.snapshot.chunk.size.max = 16MB (=16777216) (default)
2023-04-11 17:16:45,884 [a41b41b2-6125-497a-a0cb-d7eb73039636@group-EB7AA67B10FD-LeaderElection3] INFO  server.RaftServerConfigKeys (ConfUtils.java:logGet(46)) - raft.server.log.appender.buffer.byte-limit = 33554432 (custom)
2023-04-11 17:16:45,884 [a41b41b2-6125-497a-a0cb-d7eb73039636@group-EB7AA67B10FD-LeaderElection3] INFO  server.RaftServerConfigKeys (ConfUtils.java:logGet(46)) - raft.server.log.appender.buffer.element-limit = 1 (custom)
2023-04-11 17:16:45,884 [a41b41b2-6125-497a-a0cb-d7eb73039636@group-EB7AA67B10FD-LeaderElection3] INFO  grpc.GrpcConfigKeys (ConfUtils.java:logGet(46)) - raft.grpc.server.leader.outstanding.appends.max = 128 (default)
2023-04-11 17:16:45,884 [a41b41b2-6125-497a-a0cb-d7eb73039636@group-EB7AA67B10FD-LeaderElection3] INFO  server.RaftServerConfigKeys (ConfUtils.java:logGet(46)) - raft.server.rpc.request.timeout = 60s (custom)
2023-04-11 17:16:45,884 [a41b41b2-6125-497a-a0cb-d7eb73039636@group-EB7AA67B10FD-LeaderElection3] INFO  server.RaftServerConfigKeys (ConfUtils.java:logGet(46)) - raft.server.log.appender.install.snapshot.enabled = false (custom)
2023-04-11 17:16:45,884 [a41b41b2-6125-497a-a0cb-d7eb73039636@group-EB7AA67B10FD-LeaderElection3] INFO  grpc.GrpcConfigKeys (ConfUtils.java:logGet(46)) - raft.grpc.server.heartbeat.channel = true (default)
2023-04-11 17:16:45,884 [a41b41b2-6125-497a-a0cb-d7eb73039636@group-EB7AA67B10FD-LeaderElection3] INFO  server.RaftServerConfigKeys (ConfUtils.java:logGet(46)) - raft.server.log.appender.wait-time.min = 10ms (default)
2023-04-11 17:16:45,888 [a41b41b2-6125-497a-a0cb-d7eb73039636@group-EB7AA67B10FD-LeaderElection3] INFO  impl.RoleInfo (RoleInfo.java:updateAndGet(139)) - a41b41b2-6125-497a-a0cb-d7eb73039636: start a41b41b2-6125-497a-a0cb-d7eb73039636@group-EB7AA67B10FD-LeaderStateImpl
2023-04-11 17:16:45,888 [a41b41b2-6125-497a-a0cb-d7eb73039636@group-EB7AA67B10FD-LeaderElection3] INFO  segmented.SegmentedRaftLogWorker (SegmentedRaftLogWorker.java:startLogSegment(452)) - a41b41b2-6125-497a-a0cb-d7eb73039636@group-EB7AA67B10FD-SegmentedRaftLogWorker: Starting segment from index:0
2023-04-11 17:16:45,890 [a41b41b2-6125-497a-a0cb-d7eb73039636@group-EB7AA67B10FD-SegmentedRaftLogWorker] INFO  segmented.SegmentedRaftLogWorker (SegmentedRaftLogWorker.java:execute(656)) - a41b41b2-6125-497a-a0cb-d7eb73039636@group-EB7AA67B10FD-SegmentedRaftLogWorker: created new log segment /home/runner/work/ozone/ozone/hadoop-ozone/integration-test/target/test-dir/MiniOzoneClusterImpl-c6c5b2ab-f103-43fd-a9c8-44793663f5fe/datanode-0/data/ratis/7bdbafa8-6302-4be6-9d3b-eb7aa67b10fd/current/log_inprogress_0
2023-04-11 17:16:45,897 [a41b41b2-6125-497a-a0cb-d7eb73039636@group-EB7AA67B10FD-LeaderElection3] INFO  server.RaftServer$Division (ServerState.java:setRaftConf(430)) - a41b41b2-6125-497a-a0cb-d7eb73039636@group-EB7AA67B10FD: set configuration 0: peers:[30e95ef4-c50c-4a35-94a1-24945bf18908|rpc:10.1.0.70:38995|dataStream:10.1.0.70:43279|priority:0|startupRole:FOLLOWER, a41b41b2-6125-497a-a0cb-d7eb73039636|rpc:10.1.0.70:40391|dataStream:10.1.0.70:45057|priority:1|startupRole:FOLLOWER, 54fa8802-d5ce-4a45-bac9-9464a05e8046|rpc:10.1.0.70:41191|dataStream:10.1.0.70:38659|priority:0|startupRole:FOLLOWER]|listeners:[], old=null
2023-04-11 17:16:45,944 [54fa8802-d5ce-4a45-bac9-9464a05e8046-server-thread1] INFO  ratis.XceiverServerRatis (XceiverServerRatis.java:handleLeaderChangedNotification(904)) - Leader change notification received for group: group-EB7AA67B10FD with new leaderId: a41b41b2-6125-497a-a0cb-d7eb73039636
2023-04-11 17:16:45,944 [54fa8802-d5ce-4a45-bac9-9464a05e8046-server-thread1] INFO  server.RaftServer$Division (ServerState.java:setLeader(313)) - 54fa8802-d5ce-4a45-bac9-9464a05e8046@group-EB7AA67B10FD: change Leader from null to a41b41b2-6125-497a-a0cb-d7eb73039636 at term 1 for appendEntries, leader elected after 4891ms
2023-04-11 17:16:45,976 [30e95ef4-c50c-4a35-94a1-24945bf18908-server-thread2] INFO  ratis.XceiverServerRatis (XceiverServerRatis.java:handleLeaderChangedNotification(904)) - Leader change notification received for group: group-EB7AA67B10FD with new leaderId: a41b41b2-6125-497a-a0cb-d7eb73039636
2023-04-11 17:16:45,987 [30e95ef4-c50c-4a35-94a1-24945bf18908-server-thread2] INFO  server.RaftServer$Division (ServerState.java:setLeader(313)) - 30e95ef4-c50c-4a35-94a1-24945bf18908@group-EB7AA67B10FD: change Leader from null to a41b41b2-6125-497a-a0cb-d7eb73039636 at term 1 for appendEntries, leader elected after 4988ms
2023-04-11 17:16:45,989 [54fa8802-d5ce-4a45-bac9-9464a05e8046-server-thread1] INFO  server.RaftServer$Division (ServerState.java:setRaftConf(430)) - 54fa8802-d5ce-4a45-bac9-9464a05e8046@group-EB7AA67B10FD: set configuration 0: peers:[30e95ef4-c50c-4a35-94a1-24945bf18908|rpc:10.1.0.70:38995|dataStream:10.1.0.70:43279|priority:0|startupRole:FOLLOWER, a41b41b2-6125-497a-a0cb-d7eb73039636|rpc:10.1.0.70:40391|dataStream:10.1.0.70:45057|priority:1|startupRole:FOLLOWER, 54fa8802-d5ce-4a45-bac9-9464a05e8046|rpc:10.1.0.70:41191|dataStream:10.1.0.70:38659|priority:0|startupRole:FOLLOWER]|listeners:[], old=null
2023-04-11 17:16:45,989 [54fa8802-d5ce-4a45-bac9-9464a05e8046-server-thread1] INFO  segmented.SegmentedRaftLogWorker (SegmentedRaftLogWorker.java:startLogSegment(452)) - 54fa8802-d5ce-4a45-bac9-9464a05e8046@group-EB7AA67B10FD-SegmentedRaftLogWorker: Starting segment from index:0
2023-04-11 17:16:45,991 [30e95ef4-c50c-4a35-94a1-24945bf18908-server-thread2] INFO  server.RaftServer$Division (ServerState.java:setRaftConf(430)) - 30e95ef4-c50c-4a35-94a1-24945bf18908@group-EB7AA67B10FD: set configuration 0: peers:[30e95ef4-c50c-4a35-94a1-24945bf18908|rpc:10.1.0.70:38995|dataStream:10.1.0.70:43279|priority:0|startupRole:FOLLOWER, a41b41b2-6125-497a-a0cb-d7eb73039636|rpc:10.1.0.70:40391|dataStream:10.1.0.70:45057|priority:1|startupRole:FOLLOWER, 54fa8802-d5ce-4a45-bac9-9464a05e8046|rpc:10.1.0.70:41191|dataStream:10.1.0.70:38659|priority:0|startupRole:FOLLOWER]|listeners:[], old=null
2023-04-11 17:16:45,992 [30e95ef4-c50c-4a35-94a1-24945bf18908-server-thread2] INFO  segmented.SegmentedRaftLogWorker (SegmentedRaftLogWorker.java:startLogSegment(452)) - 30e95ef4-c50c-4a35-94a1-24945bf18908@group-EB7AA67B10FD-SegmentedRaftLogWorker: Starting segment from index:0
2023-04-11 17:16:45,992 [54fa8802-d5ce-4a45-bac9-9464a05e8046@group-EB7AA67B10FD-SegmentedRaftLogWorker] INFO  segmented.SegmentedRaftLogWorker (SegmentedRaftLogWorker.java:execute(656)) - 54fa8802-d5ce-4a45-bac9-9464a05e8046@group-EB7AA67B10FD-SegmentedRaftLogWorker: created new log segment /home/runner/work/ozone/ozone/hadoop-ozone/integration-test/target/test-dir/MiniOzoneClusterImpl-c6c5b2ab-f103-43fd-a9c8-44793663f5fe/datanode-1/data/ratis/7bdbafa8-6302-4be6-9d3b-eb7aa67b10fd/current/log_inprogress_0
2023-04-11 17:16:45,996 [30e95ef4-c50c-4a35-94a1-24945bf18908@group-EB7AA67B10FD-SegmentedRaftLogWorker] INFO  segmented.SegmentedRaftLogWorker (SegmentedRaftLogWorker.java:execute(656)) - 30e95ef4-c50c-4a35-94a1-24945bf18908@group-EB7AA67B10FD-SegmentedRaftLogWorker: created new log segment /home/runner/work/ozone/ozone/hadoop-ozone/integration-test/target/test-dir/MiniOzoneClusterImpl-c6c5b2ab-f103-43fd-a9c8-44793663f5fe/datanode-2/data/ratis/7bdbafa8-6302-4be6-9d3b-eb7aa67b10fd/current/log_inprogress_0
2023-04-11 17:16:46,099 [54fa8802-d5ce-4a45-bac9-9464a05e8046@group-4F0FCB5BBBFE-FollowerState] INFO  impl.FollowerState (FollowerState.java:run(143)) - 54fa8802-d5ce-4a45-bac9-9464a05e8046@group-4F0FCB5BBBFE-FollowerState: change to CANDIDATE, lastRpcElapsedTime:5053062557ns, electionTimeout:5037ms
2023-04-11 17:16:46,100 [54fa8802-d5ce-4a45-bac9-9464a05e8046@group-4F0FCB5BBBFE-FollowerState] INFO  impl.RoleInfo (RoleInfo.java:shutdownFollowerState(110)) - 54fa8802-d5ce-4a45-bac9-9464a05e8046: shutdown 54fa8802-d5ce-4a45-bac9-9464a05e8046@group-4F0FCB5BBBFE-FollowerState
2023-04-11 17:16:46,100 [54fa8802-d5ce-4a45-bac9-9464a05e8046@group-4F0FCB5BBBFE-FollowerState] INFO  server.RaftServer$Division (RaftServerImpl.java:setRole(321)) - 54fa8802-d5ce-4a45-bac9-9464a05e8046@group-4F0FCB5BBBFE: changes role from  FOLLOWER to CANDIDATE at term 0 for changeToCandidate
2023-04-11 17:16:46,101 [54fa8802-d5ce-4a45-bac9-9464a05e8046@group-4F0FCB5BBBFE-FollowerState] INFO  server.RaftServerConfigKeys (ConfUtils.java:logGet(46)) - raft.server.leaderelection.pre-vote = true (default)
2023-04-11 17:16:46,101 [54fa8802-d5ce-4a45-bac9-9464a05e8046@group-4F0FCB5BBBFE-FollowerState] INFO  impl.RoleInfo (RoleInfo.java:updateAndGet(139)) - 54fa8802-d5ce-4a45-bac9-9464a05e8046: start 54fa8802-d5ce-4a45-bac9-9464a05e8046@group-4F0FCB5BBBFE-LeaderElection4
2023-04-11 17:16:46,104 [54fa8802-d5ce-4a45-bac9-9464a05e8046@group-4F0FCB5BBBFE-LeaderElection4] INFO  impl.LeaderElection (LeaderElection.java:askForVotes(312)) - 54fa8802-d5ce-4a45-bac9-9464a05e8046@group-4F0FCB5BBBFE-LeaderElection4 PRE_VOTE round 0: submit vote requests at term 0 for -1: peers:[54fa8802-d5ce-4a45-bac9-9464a05e8046|rpc:10.1.0.70:41191|dataStream:10.1.0.70:38659|priority:1|startupRole:FOLLOWER]|listeners:[], old=null
2023-04-11 17:16:46,104 [54fa8802-d5ce-4a45-bac9-9464a05e8046@group-4F0FCB5BBBFE-LeaderElection4] INFO  impl.LeaderElection (LeaderElection.java:askForVotes(314)) - 54fa8802-d5ce-4a45-bac9-9464a05e8046@group-4F0FCB5BBBFE-LeaderElection4 PRE_VOTE round 0: result PASSED (term=0)
2023-04-11 17:16:46,105 [54fa8802-d5ce-4a45-bac9-9464a05e8046@group-4F0FCB5BBBFE-LeaderElection4] INFO  impl.LeaderElection (LeaderElection.java:askForVotes(312)) - 54fa8802-d5ce-4a45-bac9-9464a05e8046@group-4F0FCB5BBBFE-LeaderElection4 ELECTION round 0: submit vote requests at term 1 for -1: peers:[54fa8802-d5ce-4a45-bac9-9464a05e8046|rpc:10.1.0.70:41191|dataStream:10.1.0.70:38659|priority:1|startupRole:FOLLOWER]|listeners:[], old=null
2023-04-11 17:16:46,105 [54fa8802-d5ce-4a45-bac9-9464a05e8046@group-4F0FCB5BBBFE-LeaderElection4] INFO  impl.LeaderElection (LeaderElection.java:askForVotes(314)) - 54fa8802-d5ce-4a45-bac9-9464a05e8046@group-4F0FCB5BBBFE-LeaderElection4 ELECTION round 0: result PASSED (term=1)
2023-04-11 17:16:46,106 [54fa8802-d5ce-4a45-bac9-9464a05e8046@group-4F0FCB5BBBFE-LeaderElection4] INFO  impl.RoleInfo (RoleInfo.java:shutdownLeaderElection(130)) - 54fa8802-d5ce-4a45-bac9-9464a05e8046: shutdown 54fa8802-d5ce-4a45-bac9-9464a05e8046@group-4F0FCB5BBBFE-LeaderElection4
2023-04-11 17:16:46,106 [54fa8802-d5ce-4a45-bac9-9464a05e8046@group-4F0FCB5BBBFE-LeaderElection4] INFO  server.RaftServer$Division (RaftServerImpl.java:setRole(321)) - 54fa8802-d5ce-4a45-bac9-9464a05e8046@group-4F0FCB5BBBFE: changes role from CANDIDATE to LEADER at term 1 for changeToLeader
2023-04-11 17:16:46,106 [54fa8802-d5ce-4a45-bac9-9464a05e8046@group-4F0FCB5BBBFE-LeaderElection4] INFO  ratis.XceiverServerRatis (XceiverServerRatis.java:handleLeaderChangedNotification(904)) - Leader change notification received for group: group-4F0FCB5BBBFE with new leaderId: 54fa8802-d5ce-4a45-bac9-9464a05e8046
2023-04-11 17:16:46,106 [54fa8802-d5ce-4a45-bac9-9464a05e8046@group-4F0FCB5BBBFE-LeaderElection4] INFO  server.RaftServer$Division (ServerState.java:setLeader(313)) - 54fa8802-d5ce-4a45-bac9-9464a05e8046@group-4F0FCB5BBBFE: change Leader from null to 54fa8802-d5ce-4a45-bac9-9464a05e8046 at term 1 for becomeLeader, leader elected after 5105ms
2023-04-11 17:16:46,106 [54fa8802-d5ce-4a45-bac9-9464a05e8046@group-4F0FCB5BBBFE-LeaderElection4] INFO  server.RaftServerConfigKeys (ConfUtils.java:logGet(46)) - raft.server.staging.catchup.gap = 1000 (default)
2023-04-11 17:16:46,107 [54fa8802-d5ce-4a45-bac9-9464a05e8046@group-4F0FCB5BBBFE-LeaderElection4] INFO  server.RaftServerConfigKeys (ConfUtils.java:logGet(46)) - raft.server.write.element-limit = 1024 (custom)
2023-04-11 17:16:46,108 [54fa8802-d5ce-4a45-bac9-9464a05e8046@group-4F0FCB5BBBFE-LeaderElection4] INFO  server.RaftServerConfigKeys (ConfUtils.java:logGet(46)) - raft.server.write.byte-limit = 1024 M (=1073741824) (custom)
2023-04-11 17:16:46,108 [54fa8802-d5ce-4a45-bac9-9464a05e8046@group-4F0FCB5BBBFE-LeaderElection4] INFO  server.RaftServerConfigKeys (ConfUtils.java:logGet(46)) - raft.server.watch.timeout = 180s (custom)
2023-04-11 17:16:46,108 [54fa8802-d5ce-4a45-bac9-9464a05e8046@group-4F0FCB5BBBFE-LeaderElection4] INFO  server.RaftServerConfigKeys (ConfUtils.java:logGet(46)) - raft.server.watch.timeout.denomination = 1s (default)
2023-04-11 17:16:46,108 [54fa8802-d5ce-4a45-bac9-9464a05e8046@group-4F0FCB5BBBFE-LeaderElection4] INFO  server.RaftServerConfigKeys (ConfUtils.java:logGet(46)) - raft.server.watch.element-limit = 65536 (default)
2023-04-11 17:16:46,108 [54fa8802-d5ce-4a45-bac9-9464a05e8046@group-4F0FCB5BBBFE-LeaderElection4] INFO  server.RaftServerConfigKeys (ConfUtils.java:logGet(46)) - raft.server.write.element-limit = 1024 (custom)
2023-04-11 17:16:46,108 [54fa8802-d5ce-4a45-bac9-9464a05e8046@group-4F0FCB5BBBFE-LeaderElection4] INFO  server.RaftServerConfigKeys (ConfUtils.java:logGet(46)) - raft.server.write.follower.gap.ratio.max = -1.0 (default)
2023-04-11 17:16:46,108 [54fa8802-d5ce-4a45-bac9-9464a05e8046@group-4F0FCB5BBBFE-LeaderElection4] INFO  impl.RoleInfo (RoleInfo.java:updateAndGet(139)) - 54fa8802-d5ce-4a45-bac9-9464a05e8046: start 54fa8802-d5ce-4a45-bac9-9464a05e8046@group-4F0FCB5BBBFE-LeaderStateImpl
2023-04-11 17:16:46,109 [54fa8802-d5ce-4a45-bac9-9464a05e8046@group-4F0FCB5BBBFE-LeaderElection4] INFO  segmented.SegmentedRaftLogWorker (SegmentedRaftLogWorker.java:startLogSegment(452)) - 54fa8802-d5ce-4a45-bac9-9464a05e8046@group-4F0FCB5BBBFE-SegmentedRaftLogWorker: Starting segment from index:0
2023-04-11 17:16:46,110 [54fa8802-d5ce-4a45-bac9-9464a05e8046@group-4F0FCB5BBBFE-LeaderElection4] INFO  server.RaftServer$Division (ServerState.java:setRaftConf(430)) - 54fa8802-d5ce-4a45-bac9-9464a05e8046@group-4F0FCB5BBBFE: set configuration 0: peers:[54fa8802-d5ce-4a45-bac9-9464a05e8046|rpc:10.1.0.70:41191|dataStream:10.1.0.70:38659|priority:1|startupRole:FOLLOWER]|listeners:[], old=null
2023-04-11 17:16:46,111 [54fa8802-d5ce-4a45-bac9-9464a05e8046@group-4F0FCB5BBBFE-SegmentedRaftLogWorker] INFO  segmented.SegmentedRaftLogWorker (SegmentedRaftLogWorker.java:execute(656)) - 54fa8802-d5ce-4a45-bac9-9464a05e8046@group-4F0FCB5BBBFE-SegmentedRaftLogWorker: created new log segment /home/runner/work/ozone/ozone/hadoop-ozone/integration-test/target/test-dir/MiniOzoneClusterImpl-c6c5b2ab-f103-43fd-a9c8-44793663f5fe/datanode-1/data/ratis/9db9a756-8382-4967-86e1-4f0fcb5bbbfe/current/log_inprogress_0
2023-04-11 17:16:46,241 [Listener at 127.0.0.1/41353] INFO  ozone.MiniOzoneClusterImpl (MiniOzoneClusterImpl.java:lambda$waitForClusterToBeReady$0(222)) - Nodes are ready. Got 5 of 5 DN Heartbeats.
2023-04-11 17:16:46,241 [Listener at 127.0.0.1/41353] INFO  ozone.MiniOzoneClusterImpl (MiniOzoneClusterImpl.java:lambda$waitForClusterToBeReady$0(225)) - Cluster exits safe mode
2023-04-11 17:16:46,241 [Listener at 127.0.0.1/41353] INFO  ozone.MiniOzoneClusterImpl (MiniOzoneClusterImpl.java:lambda$waitForClusterToBeReady$0(227)) - SCM became leader
2023-04-11 17:16:46,644 [a41b41b2-6125-497a-a0cb-d7eb73039636@group-DAA6F10AFE43-FollowerState] INFO  impl.FollowerState (FollowerState.java:run(143)) - a41b41b2-6125-497a-a0cb-d7eb73039636@group-DAA6F10AFE43-FollowerState: change to CANDIDATE, lastRpcElapsedTime:5132576287ns, electionTimeout:5119ms
2023-04-11 17:16:46,644 [a41b41b2-6125-497a-a0cb-d7eb73039636@group-DAA6F10AFE43-FollowerState] INFO  impl.RoleInfo (RoleInfo.java:shutdownFollowerState(110)) - a41b41b2-6125-497a-a0cb-d7eb73039636: shutdown a41b41b2-6125-497a-a0cb-d7eb73039636@group-DAA6F10AFE43-FollowerState
2023-04-11 17:16:46,645 [a41b41b2-6125-497a-a0cb-d7eb73039636@group-DAA6F10AFE43-FollowerState] INFO  server.RaftServer$Division (RaftServerImpl.java:setRole(321)) - a41b41b2-6125-497a-a0cb-d7eb73039636@group-DAA6F10AFE43: changes role from  FOLLOWER to CANDIDATE at term 0 for changeToCandidate
2023-04-11 17:16:46,646 [a41b41b2-6125-497a-a0cb-d7eb73039636@group-DAA6F10AFE43-FollowerState] INFO  server.RaftServerConfigKeys (ConfUtils.java:logGet(46)) - raft.server.leaderelection.pre-vote = true (default)
2023-04-11 17:16:46,646 [a41b41b2-6125-497a-a0cb-d7eb73039636@group-DAA6F10AFE43-FollowerState] INFO  impl.RoleInfo (RoleInfo.java:updateAndGet(139)) - a41b41b2-6125-497a-a0cb-d7eb73039636: start a41b41b2-6125-497a-a0cb-d7eb73039636@group-DAA6F10AFE43-LeaderElection5
2023-04-11 17:16:46,646 [30e95ef4-c50c-4a35-94a1-24945bf18908@group-DAA6F10AFE43-FollowerState] INFO  impl.FollowerState (FollowerState.java:run(143)) - 30e95ef4-c50c-4a35-94a1-24945bf18908@group-DAA6F10AFE43-FollowerState: change to CANDIDATE, lastRpcElapsedTime:5022522093ns, electionTimeout:5007ms
2023-04-11 17:16:46,647 [30e95ef4-c50c-4a35-94a1-24945bf18908@group-DAA6F10AFE43-FollowerState] INFO  impl.RoleInfo (RoleInfo.java:shutdownFollowerState(110)) - 30e95ef4-c50c-4a35-94a1-24945bf18908: shutdown 30e95ef4-c50c-4a35-94a1-24945bf18908@group-DAA6F10AFE43-FollowerState
2023-04-11 17:16:46,647 [30e95ef4-c50c-4a35-94a1-24945bf18908@group-DAA6F10AFE43-FollowerState] INFO  server.RaftServer$Division (RaftServerImpl.java:setRole(321)) - 30e95ef4-c50c-4a35-94a1-24945bf18908@group-DAA6F10AFE43: changes role from  FOLLOWER to CANDIDATE at term 0 for changeToCandidate
2023-04-11 17:16:46,663 [30e95ef4-c50c-4a35-94a1-24945bf18908@group-DAA6F10AFE43-FollowerState] INFO  server.RaftServerConfigKeys (ConfUtils.java:logGet(46)) - raft.server.leaderelection.pre-vote = true (default)
2023-04-11 17:16:46,663 [30e95ef4-c50c-4a35-94a1-24945bf18908@group-DAA6F10AFE43-FollowerState] INFO  impl.RoleInfo (RoleInfo.java:updateAndGet(139)) - 30e95ef4-c50c-4a35-94a1-24945bf18908: start 30e95ef4-c50c-4a35-94a1-24945bf18908@group-DAA6F10AFE43-LeaderElection6
2023-04-11 17:16:46,664 [a41b41b2-6125-497a-a0cb-d7eb73039636@group-DAA6F10AFE43-LeaderElection5] INFO  impl.LeaderElection (LeaderElection.java:askForVotes(312)) - a41b41b2-6125-497a-a0cb-d7eb73039636@group-DAA6F10AFE43-LeaderElection5 PRE_VOTE round 0: submit vote requests at term 0 for -1: peers:[30e95ef4-c50c-4a35-94a1-24945bf18908|rpc:10.1.0.70:38995|dataStream:10.1.0.70:43279|priority:0|startupRole:FOLLOWER, a41b41b2-6125-497a-a0cb-d7eb73039636|rpc:10.1.0.70:40391|dataStream:10.1.0.70:45057|priority:0|startupRole:FOLLOWER, 54fa8802-d5ce-4a45-bac9-9464a05e8046|rpc:10.1.0.70:41191|dataStream:10.1.0.70:38659|priority:1|startupRole:FOLLOWER]|listeners:[], old=null
2023-04-11 17:16:46,675 [a41b41b2-6125-497a-a0cb-d7eb73039636@group-DAA6F10AFE43-LeaderElection5] INFO  server.RaftServerConfigKeys (ConfUtils.java:logFallback(53)) - raft.server.rpc.first-election.timeout.min = 5s (fallback to raft.server.rpc.timeout.min)
2023-04-11 17:16:46,675 [a41b41b2-6125-497a-a0cb-d7eb73039636@group-DAA6F10AFE43-LeaderElection5] INFO  server.RaftServerConfigKeys (ConfUtils.java:logFallback(53)) - raft.server.rpc.first-election.timeout.max = 5200ms (fallback to raft.server.rpc.timeout.max)
2023-04-11 17:16:46,680 [30e95ef4-c50c-4a35-94a1-24945bf18908@group-DAA6F10AFE43-LeaderElection6] INFO  impl.LeaderElection (LeaderElection.java:askForVotes(312)) - 30e95ef4-c50c-4a35-94a1-24945bf18908@group-DAA6F10AFE43-LeaderElection6 PRE_VOTE round 0: submit vote requests at term 0 for -1: peers:[30e95ef4-c50c-4a35-94a1-24945bf18908|rpc:10.1.0.70:38995|dataStream:10.1.0.70:43279|priority:0|startupRole:FOLLOWER, a41b41b2-6125-497a-a0cb-d7eb73039636|rpc:10.1.0.70:40391|dataStream:10.1.0.70:45057|priority:0|startupRole:FOLLOWER, 54fa8802-d5ce-4a45-bac9-9464a05e8046|rpc:10.1.0.70:41191|dataStream:10.1.0.70:38659|priority:1|startupRole:FOLLOWER]|listeners:[], old=null
2023-04-11 17:16:46,685 [30e95ef4-c50c-4a35-94a1-24945bf18908@group-DAA6F10AFE43-LeaderElection6-1] INFO  server.GrpcServerProtocolClient (GrpcServerProtocolClient.java:<init>(63)) - Build channel for a41b41b2-6125-497a-a0cb-d7eb73039636
2023-04-11 17:16:46,688 [30e95ef4-c50c-4a35-94a1-24945bf18908@group-DAA6F10AFE43-LeaderElection6] INFO  server.RaftServerConfigKeys (ConfUtils.java:logFallback(53)) - raft.server.rpc.first-election.timeout.min = 5s (fallback to raft.server.rpc.timeout.min)
2023-04-11 17:16:46,689 [30e95ef4-c50c-4a35-94a1-24945bf18908@group-DAA6F10AFE43-LeaderElection6] INFO  server.RaftServerConfigKeys (ConfUtils.java:logFallback(53)) - raft.server.rpc.first-election.timeout.max = 5200ms (fallback to raft.server.rpc.timeout.max)
2023-04-11 17:16:46,690 [30e95ef4-c50c-4a35-94a1-24945bf18908@group-DAA6F10AFE43-LeaderElection6-2] INFO  server.GrpcServerProtocolClient (GrpcServerProtocolClient.java:<init>(63)) - Build channel for 54fa8802-d5ce-4a45-bac9-9464a05e8046
2023-04-11 17:16:46,690 [grpc-default-executor-2] INFO  server.RaftServer$Division (RaftServerImpl.java:requestVote(1218)) - 30e95ef4-c50c-4a35-94a1-24945bf18908@group-DAA6F10AFE43: receive requestVote(PRE_VOTE, a41b41b2-6125-497a-a0cb-d7eb73039636, group-DAA6F10AFE43, 0, (t:0, i:0))
2023-04-11 17:16:46,690 [grpc-default-executor-2] INFO  impl.VoteContext (VoteContext.java:log(49)) - 30e95ef4-c50c-4a35-94a1-24945bf18908@group-DAA6F10AFE43-CANDIDATE: accept PRE_VOTE from a41b41b2-6125-497a-a0cb-d7eb73039636: our priority 0 <= candidate's priority 0
2023-04-11 17:16:46,690 [grpc-default-executor-2] INFO  server.RaftServer$Division (RaftServerImpl.java:requestVote(1251)) - 30e95ef4-c50c-4a35-94a1-24945bf18908@group-DAA6F10AFE43 replies to PRE_VOTE vote request: a41b41b2-6125-497a-a0cb-d7eb73039636<-30e95ef4-c50c-4a35-94a1-24945bf18908#0:OK-t0. Peer's state: 30e95ef4-c50c-4a35-94a1-24945bf18908@group-DAA6F10AFE43:t0, leader=null, voted=, raftlog=Memoized:30e95ef4-c50c-4a35-94a1-24945bf18908@group-DAA6F10AFE43-SegmentedRaftLog:OPENED:c-1, conf=-1: peers:[30e95ef4-c50c-4a35-94a1-24945bf18908|rpc:10.1.0.70:38995|dataStream:10.1.0.70:43279|priority:0|startupRole:FOLLOWER, a41b41b2-6125-497a-a0cb-d7eb73039636|rpc:10.1.0.70:40391|dataStream:10.1.0.70:45057|priority:0|startupRole:FOLLOWER, 54fa8802-d5ce-4a45-bac9-9464a05e8046|rpc:10.1.0.70:41191|dataStream:10.1.0.70:38659|priority:1|startupRole:FOLLOWER]|listeners:[], old=null
2023-04-11 17:16:46,694 [grpc-default-executor-0] INFO  server.RaftServer$Division (RaftServerImpl.java:requestVote(1218)) - 54fa8802-d5ce-4a45-bac9-9464a05e8046@group-DAA6F10AFE43: receive requestVote(PRE_VOTE, a41b41b2-6125-497a-a0cb-d7eb73039636, group-DAA6F10AFE43, 0, (t:0, i:0))
2023-04-11 17:16:46,695 [grpc-default-executor-0] INFO  impl.VoteContext (VoteContext.java:log(49)) - 54fa8802-d5ce-4a45-bac9-9464a05e8046@group-DAA6F10AFE43-FOLLOWER: reject PRE_VOTE from a41b41b2-6125-497a-a0cb-d7eb73039636: our priority 1 > candidate's priority 0
2023-04-11 17:16:46,695 [grpc-default-executor-0] INFO  server.RaftServer$Division (RaftServerImpl.java:requestVote(1251)) - 54fa8802-d5ce-4a45-bac9-9464a05e8046@group-DAA6F10AFE43 replies to PRE_VOTE vote request: a41b41b2-6125-497a-a0cb-d7eb73039636<-54fa8802-d5ce-4a45-bac9-9464a05e8046#0:FAIL-t0. Peer's state: 54fa8802-d5ce-4a45-bac9-9464a05e8046@group-DAA6F10AFE43:t0, leader=null, voted=, raftlog=Memoized:54fa8802-d5ce-4a45-bac9-9464a05e8046@group-DAA6F10AFE43-SegmentedRaftLog:OPENED:c-1, conf=-1: peers:[30e95ef4-c50c-4a35-94a1-24945bf18908|rpc:10.1.0.70:38995|dataStream:10.1.0.70:43279|priority:0|startupRole:FOLLOWER, a41b41b2-6125-497a-a0cb-d7eb73039636|rpc:10.1.0.70:40391|dataStream:10.1.0.70:45057|priority:0|startupRole:FOLLOWER, 54fa8802-d5ce-4a45-bac9-9464a05e8046|rpc:10.1.0.70:41191|dataStream:10.1.0.70:38659|priority:1|startupRole:FOLLOWER]|listeners:[], old=null
2023-04-11 17:16:46,703 [a41b41b2-6125-497a-a0cb-d7eb73039636@group-DAA6F10AFE43-LeaderElection5] INFO  impl.LeaderElection (LeaderElection.java:logAndReturn(90)) - a41b41b2-6125-497a-a0cb-d7eb73039636@group-DAA6F10AFE43-LeaderElection5: PRE_VOTE REJECTED received 2 response(s) and 0 exception(s):
2023-04-11 17:16:46,704 [a41b41b2-6125-497a-a0cb-d7eb73039636@group-DAA6F10AFE43-LeaderElection5] INFO  impl.LeaderElection (LeaderElection.java:logAndReturn(94)) -   Response 0: a41b41b2-6125-497a-a0cb-d7eb73039636<-30e95ef4-c50c-4a35-94a1-24945bf18908#0:OK-t0
2023-04-11 17:16:46,705 [a41b41b2-6125-497a-a0cb-d7eb73039636@group-DAA6F10AFE43-LeaderElection5] INFO  impl.LeaderElection (LeaderElection.java:logAndReturn(94)) -   Response 1: a41b41b2-6125-497a-a0cb-d7eb73039636<-54fa8802-d5ce-4a45-bac9-9464a05e8046#0:FAIL-t0
2023-04-11 17:16:46,705 [a41b41b2-6125-497a-a0cb-d7eb73039636@group-DAA6F10AFE43-LeaderElection5] INFO  impl.LeaderElection (LeaderElection.java:askForVotes(314)) - a41b41b2-6125-497a-a0cb-d7eb73039636@group-DAA6F10AFE43-LeaderElection5 PRE_VOTE round 0: result REJECTED
2023-04-11 17:16:46,705 [a41b41b2-6125-497a-a0cb-d7eb73039636@group-DAA6F10AFE43-LeaderElection5] INFO  server.RaftServer$Division (RaftServerImpl.java:setRole(321)) - a41b41b2-6125-497a-a0cb-d7eb73039636@group-DAA6F10AFE43: changes role from CANDIDATE to FOLLOWER at term 0 for REJECTED
2023-04-11 17:16:46,705 [a41b41b2-6125-497a-a0cb-d7eb73039636@group-DAA6F10AFE43-LeaderElection5] INFO  impl.RoleInfo (RoleInfo.java:shutdownLeaderElection(130)) - a41b41b2-6125-497a-a0cb-d7eb73039636: shutdown a41b41b2-6125-497a-a0cb-d7eb73039636@group-DAA6F10AFE43-LeaderElection5
2023-04-11 17:16:46,705 [a41b41b2-6125-497a-a0cb-d7eb73039636@group-DAA6F10AFE43-LeaderElection5] INFO  impl.RoleInfo (RoleInfo.java:updateAndGet(139)) - a41b41b2-6125-497a-a0cb-d7eb73039636: start a41b41b2-6125-497a-a0cb-d7eb73039636@group-DAA6F10AFE43-FollowerState
2023-04-11 17:16:46,705 [30e95ef4-c50c-4a35-94a1-24945bf18908@group-C7DD1812BEFD-FollowerState] INFO  impl.FollowerState (FollowerState.java:run(143)) - 30e95ef4-c50c-4a35-94a1-24945bf18908@group-C7DD1812BEFD-FollowerState: change to CANDIDATE, lastRpcElapsedTime:5172969807ns, electionTimeout:5171ms
2023-04-11 17:16:46,710 [30e95ef4-c50c-4a35-94a1-24945bf18908@group-C7DD1812BEFD-FollowerState] INFO  impl.RoleInfo (RoleInfo.java:shutdownFollowerState(110)) - 30e95ef4-c50c-4a35-94a1-24945bf18908: shutdown 30e95ef4-c50c-4a35-94a1-24945bf18908@group-C7DD1812BEFD-FollowerState
2023-04-11 17:16:46,710 [30e95ef4-c50c-4a35-94a1-24945bf18908@group-C7DD1812BEFD-FollowerState] INFO  server.RaftServer$Division (RaftServerImpl.java:setRole(321)) - 30e95ef4-c50c-4a35-94a1-24945bf18908@group-C7DD1812BEFD: changes role from  FOLLOWER to CANDIDATE at term 0 for changeToCandidate
2023-04-11 17:16:46,704 [54fa8802-d5ce-4a45-bac9-9464a05e8046@group-DAA6F10AFE43-FollowerState] INFO  impl.FollowerState (FollowerState.java:run(143)) - 54fa8802-d5ce-4a45-bac9-9464a05e8046@group-DAA6F10AFE43-FollowerState: change to CANDIDATE, lastRpcElapsedTime:5077499181ns, electionTimeout:5065ms
2023-04-11 17:16:46,711 [54fa8802-d5ce-4a45-bac9-9464a05e8046@group-DAA6F10AFE43-FollowerState] INFO  impl.RoleInfo (RoleInfo.java:shutdownFollowerState(110)) - 54fa8802-d5ce-4a45-bac9-9464a05e8046: shutdown 54fa8802-d5ce-4a45-bac9-9464a05e8046@group-DAA6F10AFE43-FollowerState
2023-04-11 17:16:46,711 [54fa8802-d5ce-4a45-bac9-9464a05e8046@group-DAA6F10AFE43-FollowerState] INFO  server.RaftServer$Division (RaftServerImpl.java:setRole(321)) - 54fa8802-d5ce-4a45-bac9-9464a05e8046@group-DAA6F10AFE43: changes role from  FOLLOWER to CANDIDATE at term 0 for changeToCandidate
2023-04-11 17:16:46,712 [a41b41b2-6125-497a-a0cb-d7eb73039636@group-DAA6F10AFE43-FollowerState] INFO  server.RaftServerConfigKeys (ConfUtils.java:logFallback(53)) - raft.server.rpc.first-election.timeout.min = 5s (fallback to raft.server.rpc.timeout.min)
2023-04-11 17:16:46,712 [a41b41b2-6125-497a-a0cb-d7eb73039636@group-DAA6F10AFE43-FollowerState] INFO  server.RaftServerConfigKeys (ConfUtils.java:logFallback(53)) - raft.server.rpc.first-election.timeout.max = 5200ms (fallback to raft.server.rpc.timeout.max)
2023-04-11 17:16:46,713 [30e95ef4-c50c-4a35-94a1-24945bf18908@group-C7DD1812BEFD-FollowerState] INFO  server.RaftServerConfigKeys (ConfUtils.java:logGet(46)) - raft.server.leaderelection.pre-vote = true (default)
2023-04-11 17:16:46,713 [30e95ef4-c50c-4a35-94a1-24945bf18908@group-C7DD1812BEFD-FollowerState] INFO  impl.RoleInfo (RoleInfo.java:updateAndGet(139)) - 30e95ef4-c50c-4a35-94a1-24945bf18908: start 30e95ef4-c50c-4a35-94a1-24945bf18908@group-C7DD1812BEFD-LeaderElection7
2023-04-11 17:16:46,716 [54fa8802-d5ce-4a45-bac9-9464a05e8046@group-DAA6F10AFE43-FollowerState] INFO  server.RaftServerConfigKeys (ConfUtils.java:logGet(46)) - raft.server.leaderelection.pre-vote = true (default)
2023-04-11 17:16:46,716 [54fa8802-d5ce-4a45-bac9-9464a05e8046@group-DAA6F10AFE43-FollowerState] INFO  impl.RoleInfo (RoleInfo.java:updateAndGet(139)) - 54fa8802-d5ce-4a45-bac9-9464a05e8046: start 54fa8802-d5ce-4a45-bac9-9464a05e8046@group-DAA6F10AFE43-LeaderElection8
2023-04-11 17:16:46,717 [30e95ef4-c50c-4a35-94a1-24945bf18908@group-C7DD1812BEFD-LeaderElection7] INFO  impl.LeaderElection (LeaderElection.java:askForVotes(312)) - 30e95ef4-c50c-4a35-94a1-24945bf18908@group-C7DD1812BEFD-LeaderElection7 PRE_VOTE round 0: submit vote requests at term 0 for -1: peers:[30e95ef4-c50c-4a35-94a1-24945bf18908|rpc:10.1.0.70:38995|dataStream:10.1.0.70:43279|priority:1|startupRole:FOLLOWER]|listeners:[], old=null
2023-04-11 17:16:46,717 [30e95ef4-c50c-4a35-94a1-24945bf18908@group-C7DD1812BEFD-LeaderElection7] INFO  impl.LeaderElection (LeaderElection.java:askForVotes(314)) - 30e95ef4-c50c-4a35-94a1-24945bf18908@group-C7DD1812BEFD-LeaderElection7 PRE_VOTE round 0: result PASSED (term=0)
2023-04-11 17:16:46,718 [grpc-default-executor-2] INFO  server.RaftServer$Division (RaftServerImpl.java:requestVote(1218)) - a41b41b2-6125-497a-a0cb-d7eb73039636@group-DAA6F10AFE43: receive requestVote(PRE_VOTE, 30e95ef4-c50c-4a35-94a1-24945bf18908, group-DAA6F10AFE43, 0, (t:0, i:0))
2023-04-11 17:16:46,718 [grpc-default-executor-2] INFO  impl.VoteContext (VoteContext.java:log(49)) - a41b41b2-6125-497a-a0cb-d7eb73039636@group-DAA6F10AFE43-FOLLOWER: accept PRE_VOTE from 30e95ef4-c50c-4a35-94a1-24945bf18908: our priority 0 <= candidate's priority 0
2023-04-11 17:16:46,718 [grpc-default-executor-2] INFO  server.RaftServer$Division (RaftServerImpl.java:requestVote(1251)) - a41b41b2-6125-497a-a0cb-d7eb73039636@group-DAA6F10AFE43 replies to PRE_VOTE vote request: 30e95ef4-c50c-4a35-94a1-24945bf18908<-a41b41b2-6125-497a-a0cb-d7eb73039636#0:OK-t0. Peer's state: a41b41b2-6125-497a-a0cb-d7eb73039636@group-DAA6F10AFE43:t0, leader=null, voted=, raftlog=Memoized:a41b41b2-6125-497a-a0cb-d7eb73039636@group-DAA6F10AFE43-SegmentedRaftLog:OPENED:c-1, conf=-1: peers:[30e95ef4-c50c-4a35-94a1-24945bf18908|rpc:10.1.0.70:38995|dataStream:10.1.0.70:43279|priority:0|startupRole:FOLLOWER, a41b41b2-6125-497a-a0cb-d7eb73039636|rpc:10.1.0.70:40391|dataStream:10.1.0.70:45057|priority:0|startupRole:FOLLOWER, 54fa8802-d5ce-4a45-bac9-9464a05e8046|rpc:10.1.0.70:41191|dataStream:10.1.0.70:38659|priority:1|startupRole:FOLLOWER]|listeners:[], old=null
2023-04-11 17:16:46,719 [54fa8802-d5ce-4a45-bac9-9464a05e8046@group-DAA6F10AFE43-LeaderElection8] INFO  impl.LeaderElection (LeaderElection.java:askForVotes(312)) - 54fa8802-d5ce-4a45-bac9-9464a05e8046@group-DAA6F10AFE43-LeaderElection8 PRE_VOTE round 0: submit vote requests at term 0 for -1: peers:[30e95ef4-c50c-4a35-94a1-24945bf18908|rpc:10.1.0.70:38995|dataStream:10.1.0.70:43279|priority:0|startupRole:FOLLOWER, a41b41b2-6125-497a-a0cb-d7eb73039636|rpc:10.1.0.70:40391|dataStream:10.1.0.70:45057|priority:0|startupRole:FOLLOWER, 54fa8802-d5ce-4a45-bac9-9464a05e8046|rpc:10.1.0.70:41191|dataStream:10.1.0.70:38659|priority:1|startupRole:FOLLOWER]|listeners:[], old=null
2023-04-11 17:16:46,725 [30e95ef4-c50c-4a35-94a1-24945bf18908@group-C7DD1812BEFD-LeaderElection7] INFO  impl.LeaderElection (LeaderElection.java:askForVotes(312)) - 30e95ef4-c50c-4a35-94a1-24945bf18908@group-C7DD1812BEFD-LeaderElection7 ELECTION round 0: submit vote requests at term 1 for -1: peers:[30e95ef4-c50c-4a35-94a1-24945bf18908|rpc:10.1.0.70:38995|dataStream:10.1.0.70:43279|priority:1|startupRole:FOLLOWER]|listeners:[], old=null
2023-04-11 17:16:46,741 [30e95ef4-c50c-4a35-94a1-24945bf18908@group-C7DD1812BEFD-LeaderElection7] INFO  impl.LeaderElection (LeaderElection.java:askForVotes(314)) - 30e95ef4-c50c-4a35-94a1-24945bf18908@group-C7DD1812BEFD-LeaderElection7 ELECTION round 0: result PASSED (term=1)
2023-04-11 17:16:46,741 [54fa8802-d5ce-4a45-bac9-9464a05e8046@group-DAA6F10AFE43-LeaderElection8-2] INFO  server.GrpcServerProtocolClient (GrpcServerProtocolClient.java:<init>(63)) - Build channel for a41b41b2-6125-497a-a0cb-d7eb73039636
2023-04-11 17:16:46,741 [grpc-default-executor-2] INFO  server.RaftServer$Division (RaftServerImpl.java:requestVote(1218)) - 54fa8802-d5ce-4a45-bac9-9464a05e8046@group-DAA6F10AFE43: receive requestVote(PRE_VOTE, 30e95ef4-c50c-4a35-94a1-24945bf18908, group-DAA6F10AFE43, 0, (t:0, i:0))
2023-04-11 17:16:46,741 [grpc-default-executor-2] INFO  impl.VoteContext (VoteContext.java:log(49)) - 54fa8802-d5ce-4a45-bac9-9464a05e8046@group-DAA6F10AFE43-CANDIDATE: reject PRE_VOTE from 30e95ef4-c50c-4a35-94a1-24945bf18908: our priority 1 > candidate's priority 0
2023-04-11 17:16:46,741 [grpc-default-executor-2] INFO  server.RaftServer$Division (RaftServerImpl.java:requestVote(1251)) - 54fa8802-d5ce-4a45-bac9-9464a05e8046@group-DAA6F10AFE43 replies to PRE_VOTE vote request: 30e95ef4-c50c-4a35-94a1-24945bf18908<-54fa8802-d5ce-4a45-bac9-9464a05e8046#0:FAIL-t0. Peer's state: 54fa8802-d5ce-4a45-bac9-9464a05e8046@group-DAA6F10AFE43:t0, leader=null, voted=, raftlog=Memoized:54fa8802-d5ce-4a45-bac9-9464a05e8046@group-DAA6F10AFE43-SegmentedRaftLog:OPENED:c-1, conf=-1: peers:[30e95ef4-c50c-4a35-94a1-24945bf18908|rpc:10.1.0.70:38995|dataStream:10.1.0.70:43279|priority:0|startupRole:FOLLOWER, a41b41b2-6125-497a-a0cb-d7eb73039636|rpc:10.1.0.70:40391|dataStream:10.1.0.70:45057|priority:0|startupRole:FOLLOWER, 54fa8802-d5ce-4a45-bac9-9464a05e8046|rpc:10.1.0.70:41191|dataStream:10.1.0.70:38659|priority:1|startupRole:FOLLOWER]|listeners:[], old=null
2023-04-11 17:16:46,734 [54fa8802-d5ce-4a45-bac9-9464a05e8046@group-DAA6F10AFE43-LeaderElection8] INFO  server.RaftServerConfigKeys (ConfUtils.java:logFallback(53)) - raft.server.rpc.first-election.timeout.min = 5s (fallback to raft.server.rpc.timeout.min)
2023-04-11 17:16:46,742 [54fa8802-d5ce-4a45-bac9-9464a05e8046@group-DAA6F10AFE43-LeaderElection8] INFO  server.RaftServerConfigKeys (ConfUtils.java:logFallback(53)) - raft.server.rpc.first-election.timeout.max = 5200ms (fallback to raft.server.rpc.timeout.max)
2023-04-11 17:16:46,741 [30e95ef4-c50c-4a35-94a1-24945bf18908@group-C7DD1812BEFD-LeaderElection7] INFO  impl.RoleInfo (RoleInfo.java:shutdownLeaderElection(130)) - 30e95ef4-c50c-4a35-94a1-24945bf18908: shutdown 30e95ef4-c50c-4a35-94a1-24945bf18908@group-C7DD1812BEFD-LeaderElection7
2023-04-11 17:16:46,743 [30e95ef4-c50c-4a35-94a1-24945bf18908@group-C7DD1812BEFD-LeaderElection7] INFO  server.RaftServer$Division (RaftServerImpl.java:setRole(321)) - 30e95ef4-c50c-4a35-94a1-24945bf18908@group-C7DD1812BEFD: changes role from CANDIDATE to LEADER at term 1 for changeToLeader
2023-04-11 17:16:46,743 [30e95ef4-c50c-4a35-94a1-24945bf18908@group-C7DD1812BEFD-LeaderElection7] INFO  ratis.XceiverServerRatis (XceiverServerRatis.java:handleLeaderChangedNotification(904)) - Leader change notification received for group: group-C7DD1812BEFD with new leaderId: 30e95ef4-c50c-4a35-94a1-24945bf18908
2023-04-11 17:16:46,743 [30e95ef4-c50c-4a35-94a1-24945bf18908@group-C7DD1812BEFD-LeaderElection7] INFO  server.RaftServer$Division (ServerState.java:setLeader(313)) - 30e95ef4-c50c-4a35-94a1-24945bf18908@group-C7DD1812BEFD: change Leader from null to 30e95ef4-c50c-4a35-94a1-24945bf18908 at term 1 for becomeLeader, leader elected after 5249ms
2023-04-11 17:16:46,743 [30e95ef4-c50c-4a35-94a1-24945bf18908@group-C7DD1812BEFD-LeaderElection7] INFO  server.RaftServerConfigKeys (ConfUtils.java:logGet(46)) - raft.server.staging.catchup.gap = 1000 (default)
2023-04-11 17:16:46,743 [30e95ef4-c50c-4a35-94a1-24945bf18908@group-C7DD1812BEFD-LeaderElection7] INFO  server.RaftServerConfigKeys (ConfUtils.java:logGet(46)) - raft.server.write.element-limit = 1024 (custom)
2023-04-11 17:16:46,743 [30e95ef4-c50c-4a35-94a1-24945bf18908@group-C7DD1812BEFD-LeaderElection7] INFO  server.RaftServerConfigKeys (ConfUtils.java:logGet(46)) - raft.server.write.byte-limit = 1024 M (=1073741824) (custom)
2023-04-11 17:16:46,744 [30e95ef4-c50c-4a35-94a1-24945bf18908@group-C7DD1812BEFD-LeaderElection7] INFO  server.RaftServerConfigKeys (ConfUtils.java:logGet(46)) - raft.server.watch.timeout = 180s (custom)
2023-04-11 17:16:46,744 [30e95ef4-c50c-4a35-94a1-24945bf18908@group-C7DD1812BEFD-LeaderElection7] INFO  server.RaftServerConfigKeys (ConfUtils.java:logGet(46)) - raft.server.watch.timeout.denomination = 1s (default)
2023-04-11 17:16:46,744 [30e95ef4-c50c-4a35-94a1-24945bf18908@group-C7DD1812BEFD-LeaderElection7] INFO  server.RaftServerConfigKeys (ConfUtils.java:logGet(46)) - raft.server.watch.element-limit = 65536 (default)
2023-04-11 17:16:46,744 [30e95ef4-c50c-4a35-94a1-24945bf18908@group-C7DD1812BEFD-LeaderElection7] INFO  server.RaftServerConfigKeys (ConfUtils.java:logGet(46)) - raft.server.write.element-limit = 1024 (custom)
2023-04-11 17:16:46,745 [30e95ef4-c50c-4a35-94a1-24945bf18908@group-C7DD1812BEFD-LeaderElection7] INFO  server.RaftServerConfigKeys (ConfUtils.java:logGet(46)) - raft.server.write.follower.gap.ratio.max = -1.0 (default)
2023-04-11 17:16:46,745 [30e95ef4-c50c-4a35-94a1-24945bf18908@group-C7DD1812BEFD-LeaderElection7] INFO  impl.RoleInfo (RoleInfo.java:updateAndGet(139)) - 30e95ef4-c50c-4a35-94a1-24945bf18908: start 30e95ef4-c50c-4a35-94a1-24945bf18908@group-C7DD1812BEFD-LeaderStateImpl
2023-04-11 17:16:46,746 [30e95ef4-c50c-4a35-94a1-24945bf18908@group-C7DD1812BEFD-LeaderElection7] INFO  segmented.SegmentedRaftLogWorker (SegmentedRaftLogWorker.java:startLogSegment(452)) - 30e95ef4-c50c-4a35-94a1-24945bf18908@group-C7DD1812BEFD-SegmentedRaftLogWorker: Starting segment from index:0
2023-04-11 17:16:46,747 [30e95ef4-c50c-4a35-94a1-24945bf18908@group-C7DD1812BEFD-SegmentedRaftLogWorker] INFO  segmented.SegmentedRaftLogWorker (SegmentedRaftLogWorker.java:execute(656)) - 30e95ef4-c50c-4a35-94a1-24945bf18908@group-C7DD1812BEFD-SegmentedRaftLogWorker: created new log segment /home/runner/work/ozone/ozone/hadoop-ozone/integration-test/target/test-dir/MiniOzoneClusterImpl-c6c5b2ab-f103-43fd-a9c8-44793663f5fe/datanode-2/data/ratis/01a7ada6-546e-48bc-a07c-c7dd1812befd/current/log_inprogress_0
2023-04-11 17:16:46,748 [54fa8802-d5ce-4a45-bac9-9464a05e8046@group-DAA6F10AFE43-LeaderElection8-1] INFO  server.GrpcServerProtocolClient (GrpcServerProtocolClient.java:<init>(63)) - Build channel for 30e95ef4-c50c-4a35-94a1-24945bf18908
2023-04-11 17:16:46,759 [30e95ef4-c50c-4a35-94a1-24945bf18908@group-C7DD1812BEFD-LeaderElection7] INFO  server.RaftServer$Division (ServerState.java:setRaftConf(430)) - 30e95ef4-c50c-4a35-94a1-24945bf18908@group-C7DD1812BEFD: set configuration 0: peers:[30e95ef4-c50c-4a35-94a1-24945bf18908|rpc:10.1.0.70:38995|dataStream:10.1.0.70:43279|priority:1|startupRole:FOLLOWER]|listeners:[], old=null
2023-04-11 17:16:46,763 [30e95ef4-c50c-4a35-94a1-24945bf18908@group-DAA6F10AFE43-LeaderElection6] INFO  impl.LeaderElection (LeaderElection.java:logAndReturn(90)) - 30e95ef4-c50c-4a35-94a1-24945bf18908@group-DAA6F10AFE43-LeaderElection6: PRE_VOTE REJECTED received 2 response(s) and 0 exception(s):
2023-04-11 17:16:46,763 [30e95ef4-c50c-4a35-94a1-24945bf18908@group-DAA6F10AFE43-LeaderElection6] INFO  impl.LeaderElection (LeaderElection.java:logAndReturn(94)) -   Response 0: 30e95ef4-c50c-4a35-94a1-24945bf18908<-a41b41b2-6125-497a-a0cb-d7eb73039636#0:OK-t0
2023-04-11 17:16:46,763 [30e95ef4-c50c-4a35-94a1-24945bf18908@group-DAA6F10AFE43-LeaderElection6] INFO  impl.LeaderElection (LeaderElection.java:logAndReturn(94)) -   Response 1: 30e95ef4-c50c-4a35-94a1-24945bf18908<-54fa8802-d5ce-4a45-bac9-9464a05e8046#0:FAIL-t0
2023-04-11 17:16:46,766 [30e95ef4-c50c-4a35-94a1-24945bf18908@group-DAA6F10AFE43-LeaderElection6] INFO  impl.LeaderElection (LeaderElection.java:askForVotes(314)) - 30e95ef4-c50c-4a35-94a1-24945bf18908@group-DAA6F10AFE43-LeaderElection6 PRE_VOTE round 0: result REJECTED
2023-04-11 17:16:46,766 [30e95ef4-c50c-4a35-94a1-24945bf18908@group-DAA6F10AFE43-LeaderElection6] INFO  server.RaftServer$Division (RaftServerImpl.java:setRole(321)) - 30e95ef4-c50c-4a35-94a1-24945bf18908@group-DAA6F10AFE43: changes role from CANDIDATE to FOLLOWER at term 0 for REJECTED
2023-04-11 17:16:46,766 [30e95ef4-c50c-4a35-94a1-24945bf18908@group-DAA6F10AFE43-LeaderElection6] INFO  impl.RoleInfo (RoleInfo.java:shutdownLeaderElection(130)) - 30e95ef4-c50c-4a35-94a1-24945bf18908: shutdown 30e95ef4-c50c-4a35-94a1-24945bf18908@group-DAA6F10AFE43-LeaderElection6
2023-04-11 17:16:46,767 [30e95ef4-c50c-4a35-94a1-24945bf18908@group-DAA6F10AFE43-LeaderElection6] INFO  impl.RoleInfo (RoleInfo.java:updateAndGet(139)) - 30e95ef4-c50c-4a35-94a1-24945bf18908: start 30e95ef4-c50c-4a35-94a1-24945bf18908@group-DAA6F10AFE43-FollowerState
2023-04-11 17:16:46,768 [30e95ef4-c50c-4a35-94a1-24945bf18908@group-DAA6F10AFE43-FollowerState] INFO  server.RaftServerConfigKeys (ConfUtils.java:logFallback(53)) - raft.server.rpc.first-election.timeout.min = 5s (fallback to raft.server.rpc.timeout.min)
2023-04-11 17:16:46,780 [30e95ef4-c50c-4a35-94a1-24945bf18908@group-DAA6F10AFE43-FollowerState] INFO  server.RaftServerConfigKeys (ConfUtils.java:logFallback(53)) - raft.server.rpc.first-election.timeout.max = 5200ms (fallback to raft.server.rpc.timeout.max)
2023-04-11 17:16:46,780 [grpc-default-executor-2] INFO  server.RaftServer$Division (RaftServerImpl.java:requestVote(1218)) - a41b41b2-6125-497a-a0cb-d7eb73039636@group-DAA6F10AFE43: receive requestVote(PRE_VOTE, 54fa8802-d5ce-4a45-bac9-9464a05e8046, group-DAA6F10AFE43, 0, (t:0, i:0))
2023-04-11 17:16:46,781 [grpc-default-executor-2] INFO  impl.VoteContext (VoteContext.java:log(49)) - a41b41b2-6125-497a-a0cb-d7eb73039636@group-DAA6F10AFE43-FOLLOWER: accept PRE_VOTE from 54fa8802-d5ce-4a45-bac9-9464a05e8046: our priority 0 <= candidate's priority 1
2023-04-11 17:16:46,781 [grpc-default-executor-2] INFO  server.RaftServer$Division (RaftServerImpl.java:requestVote(1251)) - a41b41b2-6125-497a-a0cb-d7eb73039636@group-DAA6F10AFE43 replies to PRE_VOTE vote request: 54fa8802-d5ce-4a45-bac9-9464a05e8046<-a41b41b2-6125-497a-a0cb-d7eb73039636#0:OK-t0. Peer's state: a41b41b2-6125-497a-a0cb-d7eb73039636@group-DAA6F10AFE43:t0, leader=null, voted=, raftlog=Memoized:a41b41b2-6125-497a-a0cb-d7eb73039636@group-DAA6F10AFE43-SegmentedRaftLog:OPENED:c-1, conf=-1: peers:[30e95ef4-c50c-4a35-94a1-24945bf18908|rpc:10.1.0.70:38995|dataStream:10.1.0.70:43279|priority:0|startupRole:FOLLOWER, a41b41b2-6125-497a-a0cb-d7eb73039636|rpc:10.1.0.70:40391|dataStream:10.1.0.70:45057|priority:0|startupRole:FOLLOWER, 54fa8802-d5ce-4a45-bac9-9464a05e8046|rpc:10.1.0.70:41191|dataStream:10.1.0.70:38659|priority:1|startupRole:FOLLOWER]|listeners:[], old=null
2023-04-11 17:16:46,781 [grpc-default-executor-0] INFO  server.RaftServer$Division (RaftServerImpl.java:requestVote(1218)) - 30e95ef4-c50c-4a35-94a1-24945bf18908@group-DAA6F10AFE43: receive requestVote(PRE_VOTE, 54fa8802-d5ce-4a45-bac9-9464a05e8046, group-DAA6F10AFE43, 0, (t:0, i:0))
2023-04-11 17:16:46,781 [grpc-default-executor-0] INFO  impl.VoteContext (VoteContext.java:log(49)) - 30e95ef4-c50c-4a35-94a1-24945bf18908@group-DAA6F10AFE43-FOLLOWER: accept PRE_VOTE from 54fa8802-d5ce-4a45-bac9-9464a05e8046: our priority 0 <= candidate's priority 1
2023-04-11 17:16:46,781 [grpc-default-executor-0] INFO  server.RaftServer$Division (RaftServerImpl.java:requestVote(1251)) - 30e95ef4-c50c-4a35-94a1-24945bf18908@group-DAA6F10AFE43 replies to PRE_VOTE vote request: 54fa8802-d5ce-4a45-bac9-9464a05e8046<-30e95ef4-c50c-4a35-94a1-24945bf18908#0:OK-t0. Peer's state: 30e95ef4-c50c-4a35-94a1-24945bf18908@group-DAA6F10AFE43:t0, leader=null, voted=, raftlog=Memoized:30e95ef4-c50c-4a35-94a1-24945bf18908@group-DAA6F10AFE43-SegmentedRaftLog:OPENED:c-1, conf=-1: peers:[30e95ef4-c50c-4a35-94a1-24945bf18908|rpc:10.1.0.70:38995|dataStream:10.1.0.70:43279|priority:0|startupRole:FOLLOWER, a41b41b2-6125-497a-a0cb-d7eb73039636|rpc:10.1.0.70:40391|dataStream:10.1.0.70:45057|priority:0|startupRole:FOLLOWER, 54fa8802-d5ce-4a45-bac9-9464a05e8046|rpc:10.1.0.70:41191|dataStream:10.1.0.70:38659|priority:1|startupRole:FOLLOWER]|listeners:[], old=null
2023-04-11 17:16:46,786 [54fa8802-d5ce-4a45-bac9-9464a05e8046@group-DAA6F10AFE43-LeaderElection8] INFO  impl.LeaderElection (LeaderElection.java:logAndReturn(90)) - 54fa8802-d5ce-4a45-bac9-9464a05e8046@group-DAA6F10AFE43-LeaderElection8: PRE_VOTE PASSED received 1 response(s) and 0 exception(s):
2023-04-11 17:16:46,786 [54fa8802-d5ce-4a45-bac9-9464a05e8046@group-DAA6F10AFE43-LeaderElection8] INFO  impl.LeaderElection (LeaderElection.java:logAndReturn(94)) -   Response 0: 54fa8802-d5ce-4a45-bac9-9464a05e8046<-a41b41b2-6125-497a-a0cb-d7eb73039636#0:OK-t0
2023-04-11 17:16:46,786 [54fa8802-d5ce-4a45-bac9-9464a05e8046@group-DAA6F10AFE43-LeaderElection8] INFO  impl.LeaderElection (LeaderElection.java:askForVotes(314)) - 54fa8802-d5ce-4a45-bac9-9464a05e8046@group-DAA6F10AFE43-LeaderElection8 PRE_VOTE round 0: result PASSED
2023-04-11 17:16:46,787 [54fa8802-d5ce-4a45-bac9-9464a05e8046@group-DAA6F10AFE43-LeaderElection8] INFO  impl.LeaderElection (LeaderElection.java:askForVotes(312)) - 54fa8802-d5ce-4a45-bac9-9464a05e8046@group-DAA6F10AFE43-LeaderElection8 ELECTION round 0: submit vote requests at term 1 for -1: peers:[30e95ef4-c50c-4a35-94a1-24945bf18908|rpc:10.1.0.70:38995|dataStream:10.1.0.70:43279|priority:0|startupRole:FOLLOWER, a41b41b2-6125-497a-a0cb-d7eb73039636|rpc:10.1.0.70:40391|dataStream:10.1.0.70:45057|priority:0|startupRole:FOLLOWER, 54fa8802-d5ce-4a45-bac9-9464a05e8046|rpc:10.1.0.70:41191|dataStream:10.1.0.70:38659|priority:1|startupRole:FOLLOWER]|listeners:[], old=null
2023-04-11 17:16:46,798 [54fa8802-d5ce-4a45-bac9-9464a05e8046@group-DAA6F10AFE43-LeaderElection8] INFO  server.RaftServerConfigKeys (ConfUtils.java:logFallback(53)) - raft.server.rpc.first-election.timeout.min = 5s (fallback to raft.server.rpc.timeout.min)
2023-04-11 17:16:46,799 [54fa8802-d5ce-4a45-bac9-9464a05e8046@group-DAA6F10AFE43-LeaderElection8] INFO  server.RaftServerConfigKeys (ConfUtils.java:logFallback(53)) - raft.server.rpc.first-election.timeout.max = 5200ms (fallback to raft.server.rpc.timeout.max)
2023-04-11 17:16:46,800 [grpc-default-executor-2] INFO  server.RaftServer$Division (RaftServerImpl.java:requestVote(1218)) - 30e95ef4-c50c-4a35-94a1-24945bf18908@group-DAA6F10AFE43: receive requestVote(ELECTION, 54fa8802-d5ce-4a45-bac9-9464a05e8046, group-DAA6F10AFE43, 1, (t:0, i:0))
2023-04-11 17:16:46,800 [grpc-default-executor-2] INFO  impl.VoteContext (VoteContext.java:log(49)) - 30e95ef4-c50c-4a35-94a1-24945bf18908@group-DAA6F10AFE43-FOLLOWER: accept ELECTION from 54fa8802-d5ce-4a45-bac9-9464a05e8046: our priority 0 <= candidate's priority 1
2023-04-11 17:16:46,800 [grpc-default-executor-2] INFO  server.RaftServer$Division (RaftServerImpl.java:setRole(321)) - 30e95ef4-c50c-4a35-94a1-24945bf18908@group-DAA6F10AFE43: changes role from  FOLLOWER to FOLLOWER at term 1 for candidate:54fa8802-d5ce-4a45-bac9-9464a05e8046
2023-04-11 17:16:46,801 [grpc-default-executor-2] INFO  impl.RoleInfo (RoleInfo.java:shutdownFollowerState(110)) - 30e95ef4-c50c-4a35-94a1-24945bf18908: shutdown 30e95ef4-c50c-4a35-94a1-24945bf18908@group-DAA6F10AFE43-FollowerState
2023-04-11 17:16:46,801 [grpc-default-executor-2] INFO  impl.RoleInfo (RoleInfo.java:updateAndGet(139)) - 30e95ef4-c50c-4a35-94a1-24945bf18908: start 30e95ef4-c50c-4a35-94a1-24945bf18908@group-DAA6F10AFE43-FollowerState
2023-04-11 17:16:46,801 [30e95ef4-c50c-4a35-94a1-24945bf18908@group-DAA6F10AFE43-FollowerState] INFO  impl.FollowerState (FollowerState.java:run(152)) - 30e95ef4-c50c-4a35-94a1-24945bf18908@group-DAA6F10AFE43-FollowerState was interrupted
2023-04-11 17:16:46,807 [grpc-default-executor-2] INFO  server.RaftServer$Division (RaftServerImpl.java:requestVote(1251)) - 30e95ef4-c50c-4a35-94a1-24945bf18908@group-DAA6F10AFE43 replies to ELECTION vote request: 54fa8802-d5ce-4a45-bac9-9464a05e8046<-30e95ef4-c50c-4a35-94a1-24945bf18908#0:OK-t1. Peer's state: 30e95ef4-c50c-4a35-94a1-24945bf18908@group-DAA6F10AFE43:t1, leader=null, voted=54fa8802-d5ce-4a45-bac9-9464a05e8046, raftlog=Memoized:30e95ef4-c50c-4a35-94a1-24945bf18908@group-DAA6F10AFE43-SegmentedRaftLog:OPENED:c-1, conf=-1: peers:[30e95ef4-c50c-4a35-94a1-24945bf18908|rpc:10.1.0.70:38995|dataStream:10.1.0.70:43279|priority:0|startupRole:FOLLOWER, a41b41b2-6125-497a-a0cb-d7eb73039636|rpc:10.1.0.70:40391|dataStream:10.1.0.70:45057|priority:0|startupRole:FOLLOWER, 54fa8802-d5ce-4a45-bac9-9464a05e8046|rpc:10.1.0.70:41191|dataStream:10.1.0.70:38659|priority:1|startupRole:FOLLOWER]|listeners:[], old=null
2023-04-11 17:16:46,809 [30e95ef4-c50c-4a35-94a1-24945bf18908@group-DAA6F10AFE43-FollowerState] INFO  server.RaftServerConfigKeys (ConfUtils.java:logFallback(53)) - raft.server.rpc.first-election.timeout.min = 5s (fallback to raft.server.rpc.timeout.min)
2023-04-11 17:16:46,809 [30e95ef4-c50c-4a35-94a1-24945bf18908@group-DAA6F10AFE43-FollowerState] INFO  server.RaftServerConfigKeys (ConfUtils.java:logFallback(53)) - raft.server.rpc.first-election.timeout.max = 5200ms (fallback to raft.server.rpc.timeout.max)
2023-04-11 17:16:46,810 [grpc-default-executor-0] INFO  server.RaftServer$Division (RaftServerImpl.java:requestVote(1218)) - a41b41b2-6125-497a-a0cb-d7eb73039636@group-DAA6F10AFE43: receive requestVote(ELECTION, 54fa8802-d5ce-4a45-bac9-9464a05e8046, group-DAA6F10AFE43, 1, (t:0, i:0))
2023-04-11 17:16:46,810 [grpc-default-executor-0] INFO  impl.VoteContext (VoteContext.java:log(49)) - a41b41b2-6125-497a-a0cb-d7eb73039636@group-DAA6F10AFE43-FOLLOWER: accept ELECTION from 54fa8802-d5ce-4a45-bac9-9464a05e8046: our priority 0 <= candidate's priority 1
2023-04-11 17:16:46,810 [grpc-default-executor-0] INFO  server.RaftServer$Division (RaftServerImpl.java:setRole(321)) - a41b41b2-6125-497a-a0cb-d7eb73039636@group-DAA6F10AFE43: changes role from  FOLLOWER to FOLLOWER at term 1 for candidate:54fa8802-d5ce-4a45-bac9-9464a05e8046
2023-04-11 17:16:46,811 [grpc-default-executor-0] INFO  impl.RoleInfo (RoleInfo.java:shutdownFollowerState(110)) - a41b41b2-6125-497a-a0cb-d7eb73039636: shutdown a41b41b2-6125-497a-a0cb-d7eb73039636@group-DAA6F10AFE43-FollowerState
2023-04-11 17:16:46,811 [grpc-default-executor-0] INFO  impl.RoleInfo (RoleInfo.java:updateAndGet(139)) - a41b41b2-6125-497a-a0cb-d7eb73039636: start a41b41b2-6125-497a-a0cb-d7eb73039636@group-DAA6F10AFE43-FollowerState
2023-04-11 17:16:46,811 [a41b41b2-6125-497a-a0cb-d7eb73039636@group-DAA6F10AFE43-FollowerState] INFO  impl.FollowerState (FollowerState.java:run(152)) - a41b41b2-6125-497a-a0cb-d7eb73039636@group-DAA6F10AFE43-FollowerState was interrupted
2023-04-11 17:16:46,812 [54fa8802-d5ce-4a45-bac9-9464a05e8046@group-DAA6F10AFE43-LeaderElection8] INFO  impl.LeaderElection (LeaderElection.java:logAndReturn(90)) - 54fa8802-d5ce-4a45-bac9-9464a05e8046@group-DAA6F10AFE43-LeaderElection8: ELECTION PASSED received 1 response(s) and 0 exception(s):
2023-04-11 17:16:46,812 [54fa8802-d5ce-4a45-bac9-9464a05e8046@group-DAA6F10AFE43-LeaderElection8] INFO  impl.LeaderElection (LeaderElection.java:logAndReturn(94)) -   Response 0: 54fa8802-d5ce-4a45-bac9-9464a05e8046<-30e95ef4-c50c-4a35-94a1-24945bf18908#0:OK-t1
2023-04-11 17:16:46,821 [54fa8802-d5ce-4a45-bac9-9464a05e8046@group-DAA6F10AFE43-LeaderElection8] INFO  impl.LeaderElection (LeaderElection.java:askForVotes(314)) - 54fa8802-d5ce-4a45-bac9-9464a05e8046@group-DAA6F10AFE43-LeaderElection8 ELECTION round 0: result PASSED
2023-04-11 17:16:46,821 [54fa8802-d5ce-4a45-bac9-9464a05e8046@group-DAA6F10AFE43-LeaderElection8] INFO  impl.RoleInfo (RoleInfo.java:shutdownLeaderElection(130)) - 54fa8802-d5ce-4a45-bac9-9464a05e8046: shutdown 54fa8802-d5ce-4a45-bac9-9464a05e8046@group-DAA6F10AFE43-LeaderElection8
2023-04-11 17:16:46,821 [54fa8802-d5ce-4a45-bac9-9464a05e8046@group-DAA6F10AFE43-LeaderElection8] INFO  server.RaftServer$Division (RaftServerImpl.java:setRole(321)) - 54fa8802-d5ce-4a45-bac9-9464a05e8046@group-DAA6F10AFE43: changes role from CANDIDATE to LEADER at term 1 for changeToLeader
2023-04-11 17:16:46,821 [54fa8802-d5ce-4a45-bac9-9464a05e8046@group-DAA6F10AFE43-LeaderElection8] INFO  ratis.XceiverServerRatis (XceiverServerRatis.java:handleLeaderChangedNotification(904)) - Leader change notification received for group: group-DAA6F10AFE43 with new leaderId: 54fa8802-d5ce-4a45-bac9-9464a05e8046
2023-04-11 17:16:46,821 [54fa8802-d5ce-4a45-bac9-9464a05e8046@group-DAA6F10AFE43-LeaderElection8] INFO  server.RaftServer$Division (ServerState.java:setLeader(313)) - 54fa8802-d5ce-4a45-bac9-9464a05e8046@group-DAA6F10AFE43: change Leader from null to 54fa8802-d5ce-4a45-bac9-9464a05e8046 at term 1 for becomeLeader, leader elected after 5246ms
2023-04-11 17:16:46,821 [54fa8802-d5ce-4a45-bac9-9464a05e8046@group-DAA6F10AFE43-LeaderElection8] INFO  server.RaftServerConfigKeys (ConfUtils.java:logGet(46)) - raft.server.staging.catchup.gap = 1000 (default)
2023-04-11 17:16:46,821 [54fa8802-d5ce-4a45-bac9-9464a05e8046@group-DAA6F10AFE43-LeaderElection8] INFO  server.RaftServerConfigKeys (ConfUtils.java:logGet(46)) - raft.server.write.element-limit = 1024 (custom)
2023-04-11 17:16:46,821 [54fa8802-d5ce-4a45-bac9-9464a05e8046@group-DAA6F10AFE43-LeaderElection8] INFO  server.RaftServerConfigKeys (ConfUtils.java:logGet(46)) - raft.server.write.byte-limit = 1024 M (=1073741824) (custom)
2023-04-11 17:16:46,822 [54fa8802-d5ce-4a45-bac9-9464a05e8046@group-DAA6F10AFE43-LeaderElection8] INFO  server.RaftServerConfigKeys (ConfUtils.java:logGet(46)) - raft.server.watch.timeout = 180s (custom)
2023-04-11 17:16:46,822 [54fa8802-d5ce-4a45-bac9-9464a05e8046@group-DAA6F10AFE43-LeaderElection8] INFO  server.RaftServerConfigKeys (ConfUtils.java:logGet(46)) - raft.server.watch.timeout.denomination = 1s (default)
2023-04-11 17:16:46,822 [54fa8802-d5ce-4a45-bac9-9464a05e8046@group-DAA6F10AFE43-LeaderElection8] INFO  server.RaftServerConfigKeys (ConfUtils.java:logGet(46)) - raft.server.watch.element-limit = 65536 (default)
2023-04-11 17:16:46,822 [54fa8802-d5ce-4a45-bac9-9464a05e8046@group-DAA6F10AFE43-LeaderElection8] INFO  server.RaftServerConfigKeys (ConfUtils.java:logGet(46)) - raft.server.write.element-limit = 1024 (custom)
2023-04-11 17:16:46,822 [54fa8802-d5ce-4a45-bac9-9464a05e8046@group-DAA6F10AFE43-LeaderElection8] INFO  server.RaftServerConfigKeys (ConfUtils.java:logGet(46)) - raft.server.write.follower.gap.ratio.max = -1.0 (default)
2023-04-11 17:16:46,826 [EventQueue-PipelineReportForPipelineReportHandler] INFO  pipeline.PipelineManagerImpl (PipelineManagerImpl.java:openPipeline(367)) - Pipeline Pipeline[ Id: ca66e343-0845-4fc9-bc72-daa6f10afe43, Nodes: 30e95ef4-c50c-4a35-94a1-24945bf18908(fv-az377-102.ap30g4v5sw5evmjtdmxdg2w53f.dx.internal.cloudapp.net/10.1.0.70)a41b41b2-6125-497a-a0cb-d7eb73039636(fv-az377-102.ap30g4v5sw5evmjtdmxdg2w53f.dx.internal.cloudapp.net/10.1.0.70)54fa8802-d5ce-4a45-bac9-9464a05e8046(fv-az377-102.ap30g4v5sw5evmjtdmxdg2w53f.dx.internal.cloudapp.net/10.1.0.70), ReplicationConfig: RATIS/THREE, State:ALLOCATED, leaderId:54fa8802-d5ce-4a45-bac9-9464a05e8046, CreationTimestamp2023-04-11T17:16:38.426Z[Etc/UTC]] moved to OPEN state
2023-04-11 17:16:46,823 [grpc-default-executor-0] INFO  server.RaftServer$Division (RaftServerImpl.java:requestVote(1251)) - a41b41b2-6125-497a-a0cb-d7eb73039636@group-DAA6F10AFE43 replies to ELECTION vote request: 54fa8802-d5ce-4a45-bac9-9464a05e8046<-a41b41b2-6125-497a-a0cb-d7eb73039636#0:OK-t1. Peer's state: a41b41b2-6125-497a-a0cb-d7eb73039636@group-DAA6F10AFE43:t1, leader=null, voted=54fa8802-d5ce-4a45-bac9-9464a05e8046, raftlog=Memoized:a41b41b2-6125-497a-a0cb-d7eb73039636@group-DAA6F10AFE43-SegmentedRaftLog:OPENED:c-1, conf=-1: peers:[30e95ef4-c50c-4a35-94a1-24945bf18908|rpc:10.1.0.70:38995|dataStream:10.1.0.70:43279|priority:0|startupRole:FOLLOWER, a41b41b2-6125-497a-a0cb-d7eb73039636|rpc:10.1.0.70:40391|dataStream:10.1.0.70:45057|priority:0|startupRole:FOLLOWER, 54fa8802-d5ce-4a45-bac9-9464a05e8046|rpc:10.1.0.70:41191|dataStream:10.1.0.70:38659|priority:1|startupRole:FOLLOWER]|listeners:[], old=null
2023-04-11 17:16:46,823 [a41b41b2-6125-497a-a0cb-d7eb73039636@group-DAA6F10AFE43-FollowerState] INFO  server.RaftServerConfigKeys (ConfUtils.java:logFallback(53)) - raft.server.rpc.first-election.timeout.min = 5s (fallback to raft.server.rpc.timeout.min)
2023-04-11 17:16:46,830 [54fa8802-d5ce-4a45-bac9-9464a05e8046@group-DAA6F10AFE43-LeaderElection8] INFO  server.RaftServerConfigKeys (ConfUtils.java:logGet(46)) - raft.server.log.appender.snapshot.chunk.size.max = 16MB (=16777216) (default)
2023-04-11 17:16:46,836 [54fa8802-d5ce-4a45-bac9-9464a05e8046@group-DAA6F10AFE43-LeaderElection8] INFO  server.RaftServerConfigKeys (ConfUtils.java:logGet(46)) - raft.server.log.appender.buffer.byte-limit = 33554432 (custom)
2023-04-11 17:16:46,836 [54fa8802-d5ce-4a45-bac9-9464a05e8046@group-DAA6F10AFE43-LeaderElection8] INFO  server.RaftServerConfigKeys (ConfUtils.java:logGet(46)) - raft.server.log.appender.buffer.element-limit = 1 (custom)
2023-04-11 17:16:46,836 [54fa8802-d5ce-4a45-bac9-9464a05e8046@group-DAA6F10AFE43-LeaderElection8] INFO  grpc.GrpcConfigKeys (ConfUtils.java:logGet(46)) - raft.grpc.server.leader.outstanding.appends.max = 128 (default)
2023-04-11 17:16:46,843 [54fa8802-d5ce-4a45-bac9-9464a05e8046@group-DAA6F10AFE43-LeaderElection8] INFO  server.RaftServerConfigKeys (ConfUtils.java:logGet(46)) - raft.server.rpc.request.timeout = 60s (custom)
2023-04-11 17:16:46,843 [54fa8802-d5ce-4a45-bac9-9464a05e8046@group-DAA6F10AFE43-LeaderElection8] INFO  server.RaftServerConfigKeys (ConfUtils.java:logGet(46)) - raft.server.log.appender.install.snapshot.enabled = false (custom)
2023-04-11 17:16:46,843 [54fa8802-d5ce-4a45-bac9-9464a05e8046@group-DAA6F10AFE43-LeaderElection8] INFO  grpc.GrpcConfigKeys (ConfUtils.java:logGet(46)) - raft.grpc.server.heartbeat.channel = true (default)
2023-04-11 17:16:46,843 [54fa8802-d5ce-4a45-bac9-9464a05e8046@group-DAA6F10AFE43-LeaderElection8] INFO  server.RaftServerConfigKeys (ConfUtils.java:logGet(46)) - raft.server.log.appender.wait-time.min = 10ms (default)
2023-04-11 17:16:46,844 [54fa8802-d5ce-4a45-bac9-9464a05e8046@group-DAA6F10AFE43-LeaderElection8] INFO  server.RaftServerConfigKeys (ConfUtils.java:logGet(46)) - raft.server.log.appender.snapshot.chunk.size.max = 16MB (=16777216) (default)
2023-04-11 17:16:46,844 [54fa8802-d5ce-4a45-bac9-9464a05e8046@group-DAA6F10AFE43-LeaderElection8] INFO  server.RaftServerConfigKeys (ConfUtils.java:logGet(46)) - raft.server.log.appender.buffer.byte-limit = 33554432 (custom)
2023-04-11 17:16:46,844 [54fa8802-d5ce-4a45-bac9-9464a05e8046@group-DAA6F10AFE43-LeaderElection8] INFO  server.RaftServerConfigKeys (ConfUtils.java:logGet(46)) - raft.server.log.appender.buffer.element-limit = 1 (custom)
2023-04-11 17:16:46,844 [54fa8802-d5ce-4a45-bac9-9464a05e8046@group-DAA6F10AFE43-LeaderElection8] INFO  grpc.GrpcConfigKeys (ConfUtils.java:logGet(46)) - raft.grpc.server.leader.outstanding.appends.max = 128 (default)
2023-04-11 17:16:46,844 [54fa8802-d5ce-4a45-bac9-9464a05e8046@group-DAA6F10AFE43-LeaderElection8] INFO  server.RaftServerConfigKeys (ConfUtils.java:logGet(46)) - raft.server.rpc.request.timeout = 60s (custom)
2023-04-11 17:16:46,844 [54fa8802-d5ce-4a45-bac9-9464a05e8046@group-DAA6F10AFE43-LeaderElection8] INFO  server.RaftServerConfigKeys (ConfUtils.java:logGet(46)) - raft.server.log.appender.install.snapshot.enabled = false (custom)
2023-04-11 17:16:46,844 [54fa8802-d5ce-4a45-bac9-9464a05e8046@group-DAA6F10AFE43-LeaderElection8] INFO  grpc.GrpcConfigKeys (ConfUtils.java:logGet(46)) - raft.grpc.server.heartbeat.channel = true (default)
2023-04-11 17:16:46,844 [54fa8802-d5ce-4a45-bac9-9464a05e8046@group-DAA6F10AFE43-LeaderElection8] INFO  server.RaftServerConfigKeys (ConfUtils.java:logGet(46)) - raft.server.log.appender.wait-time.min = 10ms (default)
2023-04-11 17:16:46,845 [54fa8802-d5ce-4a45-bac9-9464a05e8046@group-DAA6F10AFE43-LeaderElection8] INFO  impl.RoleInfo (RoleInfo.java:updateAndGet(139)) - 54fa8802-d5ce-4a45-bac9-9464a05e8046: start 54fa8802-d5ce-4a45-bac9-9464a05e8046@group-DAA6F10AFE43-LeaderStateImpl
2023-04-11 17:16:46,845 [54fa8802-d5ce-4a45-bac9-9464a05e8046@group-DAA6F10AFE43-LeaderElection8] INFO  segmented.SegmentedRaftLogWorker (SegmentedRaftLogWorker.java:startLogSegment(452)) - 54fa8802-d5ce-4a45-bac9-9464a05e8046@group-DAA6F10AFE43-SegmentedRaftLogWorker: Starting segment from index:0
2023-04-11 17:16:46,846 [a41b41b2-6125-497a-a0cb-d7eb73039636@group-DAA6F10AFE43-FollowerState] INFO  server.RaftServerConfigKeys (ConfUtils.java:logFallback(53)) - raft.server.rpc.first-election.timeout.max = 5200ms (fallback to raft.server.rpc.timeout.max)
2023-04-11 17:16:46,846 [54fa8802-d5ce-4a45-bac9-9464a05e8046@group-DAA6F10AFE43-SegmentedRaftLogWorker] INFO  segmented.SegmentedRaftLogWorker (SegmentedRaftLogWorker.java:execute(656)) - 54fa8802-d5ce-4a45-bac9-9464a05e8046@group-DAA6F10AFE43-SegmentedRaftLogWorker: created new log segment /home/runner/work/ozone/ozone/hadoop-ozone/integration-test/target/test-dir/MiniOzoneClusterImpl-c6c5b2ab-f103-43fd-a9c8-44793663f5fe/datanode-1/data/ratis/ca66e343-0845-4fc9-bc72-daa6f10afe43/current/log_inprogress_0
2023-04-11 17:16:46,875 [54fa8802-d5ce-4a45-bac9-9464a05e8046@group-DAA6F10AFE43-LeaderElection8] INFO  server.RaftServer$Division (ServerState.java:setRaftConf(430)) - 54fa8802-d5ce-4a45-bac9-9464a05e8046@group-DAA6F10AFE43: set configuration 0: peers:[30e95ef4-c50c-4a35-94a1-24945bf18908|rpc:10.1.0.70:38995|dataStream:10.1.0.70:43279|priority:0|startupRole:FOLLOWER, a41b41b2-6125-497a-a0cb-d7eb73039636|rpc:10.1.0.70:40391|dataStream:10.1.0.70:45057|priority:0|startupRole:FOLLOWER, 54fa8802-d5ce-4a45-bac9-9464a05e8046|rpc:10.1.0.70:41191|dataStream:10.1.0.70:38659|priority:1|startupRole:FOLLOWER]|listeners:[], old=null
2023-04-11 17:16:46,879 [30e95ef4-c50c-4a35-94a1-24945bf18908-server-thread1] INFO  ratis.XceiverServerRatis (XceiverServerRatis.java:handleLeaderChangedNotification(904)) - Leader change notification received for group: group-DAA6F10AFE43 with new leaderId: 54fa8802-d5ce-4a45-bac9-9464a05e8046
2023-04-11 17:16:46,879 [30e95ef4-c50c-4a35-94a1-24945bf18908-server-thread1] INFO  server.RaftServer$Division (ServerState.java:setLeader(313)) - 30e95ef4-c50c-4a35-94a1-24945bf18908@group-DAA6F10AFE43: change Leader from null to 54fa8802-d5ce-4a45-bac9-9464a05e8046 at term 1 for appendEntries, leader elected after 5331ms
2023-04-11 17:16:46,881 [a41b41b2-6125-497a-a0cb-d7eb73039636-server-thread2] INFO  ratis.XceiverServerRatis (XceiverServerRatis.java:handleLeaderChangedNotification(904)) - Leader change notification received for group: group-DAA6F10AFE43 with new leaderId: 54fa8802-d5ce-4a45-bac9-9464a05e8046
2023-04-11 17:16:46,881 [a41b41b2-6125-497a-a0cb-d7eb73039636-server-thread2] INFO  server.RaftServer$Division (ServerState.java:setLeader(313)) - a41b41b2-6125-497a-a0cb-d7eb73039636@group-DAA6F10AFE43: change Leader from null to 54fa8802-d5ce-4a45-bac9-9464a05e8046 at term 1 for appendEntries, leader elected after 5624ms
2023-04-11 17:16:46,884 [a41b41b2-6125-497a-a0cb-d7eb73039636-server-thread2] INFO  server.RaftServer$Division (ServerState.java:setRaftConf(430)) - a41b41b2-6125-497a-a0cb-d7eb73039636@group-DAA6F10AFE43: set configuration 0: peers:[30e95ef4-c50c-4a35-94a1-24945bf18908|rpc:10.1.0.70:38995|dataStream:10.1.0.70:43279|priority:0|startupRole:FOLLOWER, a41b41b2-6125-497a-a0cb-d7eb73039636|rpc:10.1.0.70:40391|dataStream:10.1.0.70:45057|priority:0|startupRole:FOLLOWER, 54fa8802-d5ce-4a45-bac9-9464a05e8046|rpc:10.1.0.70:41191|dataStream:10.1.0.70:38659|priority:1|startupRole:FOLLOWER]|listeners:[], old=null
2023-04-11 17:16:46,884 [a41b41b2-6125-497a-a0cb-d7eb73039636-server-thread2] INFO  segmented.SegmentedRaftLogWorker (SegmentedRaftLogWorker.java:startLogSegment(452)) - a41b41b2-6125-497a-a0cb-d7eb73039636@group-DAA6F10AFE43-SegmentedRaftLogWorker: Starting segment from index:0
2023-04-11 17:16:46,901 [30e95ef4-c50c-4a35-94a1-24945bf18908-server-thread2] INFO  server.RaftServer$Division (ServerState.java:setRaftConf(430)) - 30e95ef4-c50c-4a35-94a1-24945bf18908@group-DAA6F10AFE43: set configuration 0: peers:[30e95ef4-c50c-4a35-94a1-24945bf18908|rpc:10.1.0.70:38995|dataStream:10.1.0.70:43279|priority:0|startupRole:FOLLOWER, a41b41b2-6125-497a-a0cb-d7eb73039636|rpc:10.1.0.70:40391|dataStream:10.1.0.70:45057|priority:0|startupRole:FOLLOWER, 54fa8802-d5ce-4a45-bac9-9464a05e8046|rpc:10.1.0.70:41191|dataStream:10.1.0.70:38659|priority:1|startupRole:FOLLOWER]|listeners:[], old=null
2023-04-11 17:16:46,901 [30e95ef4-c50c-4a35-94a1-24945bf18908-server-thread2] INFO  segmented.SegmentedRaftLogWorker (SegmentedRaftLogWorker.java:startLogSegment(452)) - 30e95ef4-c50c-4a35-94a1-24945bf18908@group-DAA6F10AFE43-SegmentedRaftLogWorker: Starting segment from index:0
2023-04-11 17:16:46,903 [30e95ef4-c50c-4a35-94a1-24945bf18908@group-DAA6F10AFE43-SegmentedRaftLogWorker] INFO  segmented.SegmentedRaftLogWorker (SegmentedRaftLogWorker.java:execute(656)) - 30e95ef4-c50c-4a35-94a1-24945bf18908@group-DAA6F10AFE43-SegmentedRaftLogWorker: created new log segment /home/runner/work/ozone/ozone/hadoop-ozone/integration-test/target/test-dir/MiniOzoneClusterImpl-c6c5b2ab-f103-43fd-a9c8-44793663f5fe/datanode-2/data/ratis/ca66e343-0845-4fc9-bc72-daa6f10afe43/current/log_inprogress_0
2023-04-11 17:16:46,905 [a41b41b2-6125-497a-a0cb-d7eb73039636@group-DAA6F10AFE43-SegmentedRaftLogWorker] INFO  segmented.SegmentedRaftLogWorker (SegmentedRaftLogWorker.java:execute(656)) - a41b41b2-6125-497a-a0cb-d7eb73039636@group-DAA6F10AFE43-SegmentedRaftLogWorker: created new log segment /home/runner/work/ozone/ozone/hadoop-ozone/integration-test/target/test-dir/MiniOzoneClusterImpl-c6c5b2ab-f103-43fd-a9c8-44793663f5fe/datanode-0/data/ratis/ca66e343-0845-4fc9-bc72-daa6f10afe43/current/log_inprogress_0
2023-04-11 17:16:46,906 [f773ed51-7a93-4584-ad9a-f2b89fe87645@group-6B8177AB359D-FollowerState] INFO  impl.FollowerState (FollowerState.java:run(143)) - f773ed51-7a93-4584-ad9a-f2b89fe87645@group-6B8177AB359D-FollowerState: change to CANDIDATE, lastRpcElapsedTime:5075619062ns, electionTimeout:5075ms
2023-04-11 17:16:46,906 [f773ed51-7a93-4584-ad9a-f2b89fe87645@group-6B8177AB359D-FollowerState] INFO  impl.RoleInfo (RoleInfo.java:shutdownFollowerState(110)) - f773ed51-7a93-4584-ad9a-f2b89fe87645: shutdown f773ed51-7a93-4584-ad9a-f2b89fe87645@group-6B8177AB359D-FollowerState
2023-04-11 17:16:46,906 [f773ed51-7a93-4584-ad9a-f2b89fe87645@group-6B8177AB359D-FollowerState] INFO  server.RaftServer$Division (RaftServerImpl.java:setRole(321)) - f773ed51-7a93-4584-ad9a-f2b89fe87645@group-6B8177AB359D: changes role from  FOLLOWER to CANDIDATE at term 0 for changeToCandidate
2023-04-11 17:16:46,909 [f773ed51-7a93-4584-ad9a-f2b89fe87645@group-6B8177AB359D-FollowerState] INFO  server.RaftServerConfigKeys (ConfUtils.java:logGet(46)) - raft.server.leaderelection.pre-vote = true (default)
2023-04-11 17:16:46,909 [f773ed51-7a93-4584-ad9a-f2b89fe87645@group-6B8177AB359D-FollowerState] INFO  impl.RoleInfo (RoleInfo.java:updateAndGet(139)) - f773ed51-7a93-4584-ad9a-f2b89fe87645: start f773ed51-7a93-4584-ad9a-f2b89fe87645@group-6B8177AB359D-LeaderElection9
2023-04-11 17:16:46,926 [f773ed51-7a93-4584-ad9a-f2b89fe87645@group-6B8177AB359D-LeaderElection9] INFO  impl.LeaderElection (LeaderElection.java:askForVotes(312)) - f773ed51-7a93-4584-ad9a-f2b89fe87645@group-6B8177AB359D-LeaderElection9 PRE_VOTE round 0: submit vote requests at term 0 for -1: peers:[f773ed51-7a93-4584-ad9a-f2b89fe87645|rpc:10.1.0.70:41875|dataStream:10.1.0.70:39279|priority:1|startupRole:FOLLOWER]|listeners:[], old=null
2023-04-11 17:16:46,927 [f773ed51-7a93-4584-ad9a-f2b89fe87645@group-6B8177AB359D-LeaderElection9] INFO  impl.LeaderElection (LeaderElection.java:askForVotes(314)) - f773ed51-7a93-4584-ad9a-f2b89fe87645@group-6B8177AB359D-LeaderElection9 PRE_VOTE round 0: result PASSED (term=0)
2023-04-11 17:16:46,928 [f773ed51-7a93-4584-ad9a-f2b89fe87645@group-6B8177AB359D-LeaderElection9] INFO  impl.LeaderElection (LeaderElection.java:askForVotes(312)) - f773ed51-7a93-4584-ad9a-f2b89fe87645@group-6B8177AB359D-LeaderElection9 ELECTION round 0: submit vote requests at term 1 for -1: peers:[f773ed51-7a93-4584-ad9a-f2b89fe87645|rpc:10.1.0.70:41875|dataStream:10.1.0.70:39279|priority:1|startupRole:FOLLOWER]|listeners:[], old=null
2023-04-11 17:16:46,928 [f773ed51-7a93-4584-ad9a-f2b89fe87645@group-6B8177AB359D-LeaderElection9] INFO  impl.LeaderElection (LeaderElection.java:askForVotes(314)) - f773ed51-7a93-4584-ad9a-f2b89fe87645@group-6B8177AB359D-LeaderElection9 ELECTION round 0: result PASSED (term=1)
2023-04-11 17:16:46,928 [f773ed51-7a93-4584-ad9a-f2b89fe87645@group-6B8177AB359D-LeaderElection9] INFO  impl.RoleInfo (RoleInfo.java:shutdownLeaderElection(130)) - f773ed51-7a93-4584-ad9a-f2b89fe87645: shutdown f773ed51-7a93-4584-ad9a-f2b89fe87645@group-6B8177AB359D-LeaderElection9
2023-04-11 17:16:46,928 [f773ed51-7a93-4584-ad9a-f2b89fe87645@group-6B8177AB359D-LeaderElection9] INFO  server.RaftServer$Division (RaftServerImpl.java:setRole(321)) - f773ed51-7a93-4584-ad9a-f2b89fe87645@group-6B8177AB359D: changes role from CANDIDATE to LEADER at term 1 for changeToLeader
2023-04-11 17:16:46,929 [f773ed51-7a93-4584-ad9a-f2b89fe87645@group-6B8177AB359D-LeaderElection9] INFO  ratis.XceiverServerRatis (XceiverServerRatis.java:handleLeaderChangedNotification(904)) - Leader change notification received for group: group-6B8177AB359D with new leaderId: f773ed51-7a93-4584-ad9a-f2b89fe87645
2023-04-11 17:16:46,929 [f773ed51-7a93-4584-ad9a-f2b89fe87645@group-6B8177AB359D-LeaderElection9] INFO  server.RaftServer$Division (ServerState.java:setLeader(313)) - f773ed51-7a93-4584-ad9a-f2b89fe87645@group-6B8177AB359D: change Leader from null to f773ed51-7a93-4584-ad9a-f2b89fe87645 at term 1 for becomeLeader, leader elected after 5120ms
2023-04-11 17:16:46,931 [f773ed51-7a93-4584-ad9a-f2b89fe87645@group-6B8177AB359D-LeaderElection9] INFO  server.RaftServerConfigKeys (ConfUtils.java:logGet(46)) - raft.server.staging.catchup.gap = 1000 (default)
2023-04-11 17:16:46,931 [f773ed51-7a93-4584-ad9a-f2b89fe87645@group-6B8177AB359D-LeaderElection9] INFO  server.RaftServerConfigKeys (ConfUtils.java:logGet(46)) - raft.server.write.element-limit = 1024 (custom)
2023-04-11 17:16:46,931 [f773ed51-7a93-4584-ad9a-f2b89fe87645@group-6B8177AB359D-LeaderElection9] INFO  server.RaftServerConfigKeys (ConfUtils.java:logGet(46)) - raft.server.write.byte-limit = 1024 M (=1073741824) (custom)
2023-04-11 17:16:46,931 [f773ed51-7a93-4584-ad9a-f2b89fe87645@group-6B8177AB359D-LeaderElection9] INFO  server.RaftServerConfigKeys (ConfUtils.java:logGet(46)) - raft.server.watch.timeout = 180s (custom)
2023-04-11 17:16:46,931 [f773ed51-7a93-4584-ad9a-f2b89fe87645@group-6B8177AB359D-LeaderElection9] INFO  server.RaftServerConfigKeys (ConfUtils.java:logGet(46)) - raft.server.watch.timeout.denomination = 1s (default)
2023-04-11 17:16:46,931 [f773ed51-7a93-4584-ad9a-f2b89fe87645@group-6B8177AB359D-LeaderElection9] INFO  server.RaftServerConfigKeys (ConfUtils.java:logGet(46)) - raft.server.watch.element-limit = 65536 (default)
2023-04-11 17:16:46,931 [f773ed51-7a93-4584-ad9a-f2b89fe87645@group-6B8177AB359D-LeaderElection9] INFO  server.RaftServerConfigKeys (ConfUtils.java:logGet(46)) - raft.server.write.element-limit = 1024 (custom)
2023-04-11 17:16:46,932 [f773ed51-7a93-4584-ad9a-f2b89fe87645@group-6B8177AB359D-LeaderElection9] INFO  server.RaftServerConfigKeys (ConfUtils.java:logGet(46)) - raft.server.write.follower.gap.ratio.max = -1.0 (default)
2023-04-11 17:16:46,932 [f773ed51-7a93-4584-ad9a-f2b89fe87645@group-6B8177AB359D-LeaderElection9] INFO  impl.RoleInfo (RoleInfo.java:updateAndGet(139)) - f773ed51-7a93-4584-ad9a-f2b89fe87645: start f773ed51-7a93-4584-ad9a-f2b89fe87645@group-6B8177AB359D-LeaderStateImpl
2023-04-11 17:16:46,932 [f773ed51-7a93-4584-ad9a-f2b89fe87645@group-6B8177AB359D-LeaderElection9] INFO  segmented.SegmentedRaftLogWorker (SegmentedRaftLogWorker.java:startLogSegment(452)) - f773ed51-7a93-4584-ad9a-f2b89fe87645@group-6B8177AB359D-SegmentedRaftLogWorker: Starting segment from index:0
2023-04-11 17:16:46,934 [f773ed51-7a93-4584-ad9a-f2b89fe87645@group-6B8177AB359D-LeaderElection9] INFO  server.RaftServer$Division (ServerState.java:setRaftConf(430)) - f773ed51-7a93-4584-ad9a-f2b89fe87645@group-6B8177AB359D: set configuration 0: peers:[f773ed51-7a93-4584-ad9a-f2b89fe87645|rpc:10.1.0.70:41875|dataStream:10.1.0.70:39279|priority:1|startupRole:FOLLOWER]|listeners:[], old=null
2023-04-11 17:16:46,935 [f773ed51-7a93-4584-ad9a-f2b89fe87645@group-6B8177AB359D-SegmentedRaftLogWorker] INFO  segmented.SegmentedRaftLogWorker (SegmentedRaftLogWorker.java:execute(656)) - f773ed51-7a93-4584-ad9a-f2b89fe87645@group-6B8177AB359D-SegmentedRaftLogWorker: created new log segment /home/runner/work/ozone/ozone/hadoop-ozone/integration-test/target/test-dir/MiniOzoneClusterImpl-c6c5b2ab-f103-43fd-a9c8-44793663f5fe/datanode-3/data/ratis/5aee414d-da13-47d4-a44a-6b8177ab359d/current/log_inprogress_0
2023-04-11 17:16:47,011 [Listener at 127.0.0.1/41353] INFO  rpc.RpcClient (RpcClient.java:createVolume(476)) - Creating Volume: volume52567, with user72274 as owner and space quota set to -1 bytes, counts quota set to -1
2023-04-11 17:16:47,069 [OM StateMachine ApplyTransaction Thread - 0] INFO  volume.OMVolumeCreateRequest (OMVolumeCreateRequest.java:validateAndUpdateCache(195)) - created volume:volume52567 for user:user72274
2023-04-11 17:16:47,095 [Listener at 127.0.0.1/41353] INFO  rpc.RpcClient (RpcClient.java:createBucket(698)) - Creating Bucket: volume52567/bucket67420, with bucket layout LEGACY, runner as owner, Versioning false, Storage Type set to DISK and Encryption set to false, Replication Type set to server-side default replication type, Namespace Quota set to -1, Space Quota set to -1 
2023-04-11 17:16:47,114 [OM StateMachine ApplyTransaction Thread - 0] INFO  bucket.OMBucketCreateRequest (OMBucketCreateRequest.java:validateAndUpdateCache(269)) - created bucket: bucket67420 of layout LEGACY in volume: volume52567
2023-04-11 17:16:47,279 [ff5646e7-cde4-4000-b2d9-463cca811cba@group-62B5F38A9791-FollowerState] INFO  impl.FollowerState (FollowerState.java:run(143)) - ff5646e7-cde4-4000-b2d9-463cca811cba@group-62B5F38A9791-FollowerState: change to CANDIDATE, lastRpcElapsedTime:5005730945ns, electionTimeout:5004ms
2023-04-11 17:16:47,279 [ff5646e7-cde4-4000-b2d9-463cca811cba@group-62B5F38A9791-FollowerState] INFO  impl.RoleInfo (RoleInfo.java:shutdownFollowerState(110)) - ff5646e7-cde4-4000-b2d9-463cca811cba: shutdown ff5646e7-cde4-4000-b2d9-463cca811cba@group-62B5F38A9791-FollowerState
2023-04-11 17:16:47,280 [ff5646e7-cde4-4000-b2d9-463cca811cba@group-62B5F38A9791-FollowerState] INFO  server.RaftServer$Division (RaftServerImpl.java:setRole(321)) - ff5646e7-cde4-4000-b2d9-463cca811cba@group-62B5F38A9791: changes role from  FOLLOWER to CANDIDATE at term 0 for changeToCandidate
2023-04-11 17:16:47,283 [ff5646e7-cde4-4000-b2d9-463cca811cba@group-62B5F38A9791-FollowerState] INFO  server.RaftServerConfigKeys (ConfUtils.java:logGet(46)) - raft.server.leaderelection.pre-vote = true (default)
2023-04-11 17:16:47,283 [ff5646e7-cde4-4000-b2d9-463cca811cba@group-62B5F38A9791-FollowerState] INFO  impl.RoleInfo (RoleInfo.java:updateAndGet(139)) - ff5646e7-cde4-4000-b2d9-463cca811cba: start ff5646e7-cde4-4000-b2d9-463cca811cba@group-62B5F38A9791-LeaderElection10
2023-04-11 17:16:47,287 [ff5646e7-cde4-4000-b2d9-463cca811cba@group-62B5F38A9791-LeaderElection10] INFO  impl.LeaderElection (LeaderElection.java:askForVotes(312)) - ff5646e7-cde4-4000-b2d9-463cca811cba@group-62B5F38A9791-LeaderElection10 PRE_VOTE round 0: submit vote requests at term 0 for -1: peers:[ff5646e7-cde4-4000-b2d9-463cca811cba|rpc:10.1.0.70:36287|dataStream:10.1.0.70:39745|priority:1|startupRole:FOLLOWER]|listeners:[], old=null
2023-04-11 17:16:47,287 [ff5646e7-cde4-4000-b2d9-463cca811cba@group-62B5F38A9791-LeaderElection10] INFO  impl.LeaderElection (LeaderElection.java:askForVotes(314)) - ff5646e7-cde4-4000-b2d9-463cca811cba@group-62B5F38A9791-LeaderElection10 PRE_VOTE round 0: result PASSED (term=0)
2023-04-11 17:16:47,289 [ff5646e7-cde4-4000-b2d9-463cca811cba@group-62B5F38A9791-LeaderElection10] INFO  impl.LeaderElection (LeaderElection.java:askForVotes(312)) - ff5646e7-cde4-4000-b2d9-463cca811cba@group-62B5F38A9791-LeaderElection10 ELECTION round 0: submit vote requests at term 1 for -1: peers:[ff5646e7-cde4-4000-b2d9-463cca811cba|rpc:10.1.0.70:36287|dataStream:10.1.0.70:39745|priority:1|startupRole:FOLLOWER]|listeners:[], old=null
2023-04-11 17:16:47,289 [ff5646e7-cde4-4000-b2d9-463cca811cba@group-62B5F38A9791-LeaderElection10] INFO  impl.LeaderElection (LeaderElection.java:askForVotes(314)) - ff5646e7-cde4-4000-b2d9-463cca811cba@group-62B5F38A9791-LeaderElection10 ELECTION round 0: result PASSED (term=1)
2023-04-11 17:16:47,289 [ff5646e7-cde4-4000-b2d9-463cca811cba@group-62B5F38A9791-LeaderElection10] INFO  impl.RoleInfo (RoleInfo.java:shutdownLeaderElection(130)) - ff5646e7-cde4-4000-b2d9-463cca811cba: shutdown ff5646e7-cde4-4000-b2d9-463cca811cba@group-62B5F38A9791-LeaderElection10
2023-04-11 17:16:47,289 [ff5646e7-cde4-4000-b2d9-463cca811cba@group-62B5F38A9791-LeaderElection10] INFO  server.RaftServer$Division (RaftServerImpl.java:setRole(321)) - ff5646e7-cde4-4000-b2d9-463cca811cba@group-62B5F38A9791: changes role from CANDIDATE to LEADER at term 1 for changeToLeader
2023-04-11 17:16:47,289 [ff5646e7-cde4-4000-b2d9-463cca811cba@group-62B5F38A9791-LeaderElection10] INFO  ratis.XceiverServerRatis (XceiverServerRatis.java:handleLeaderChangedNotification(904)) - Leader change notification received for group: group-62B5F38A9791 with new leaderId: ff5646e7-cde4-4000-b2d9-463cca811cba
2023-04-11 17:16:47,290 [ff5646e7-cde4-4000-b2d9-463cca811cba@group-62B5F38A9791-LeaderElection10] INFO  server.RaftServer$Division (ServerState.java:setLeader(313)) - ff5646e7-cde4-4000-b2d9-463cca811cba@group-62B5F38A9791: change Leader from null to ff5646e7-cde4-4000-b2d9-463cca811cba at term 1 for becomeLeader, leader elected after 5035ms
2023-04-11 17:16:47,290 [ff5646e7-cde4-4000-b2d9-463cca811cba@group-62B5F38A9791-LeaderElection10] INFO  server.RaftServerConfigKeys (ConfUtils.java:logGet(46)) - raft.server.staging.catchup.gap = 1000 (default)
2023-04-11 17:16:47,291 [ff5646e7-cde4-4000-b2d9-463cca811cba@group-62B5F38A9791-LeaderElection10] INFO  server.RaftServerConfigKeys (ConfUtils.java:logGet(46)) - raft.server.write.element-limit = 1024 (custom)
2023-04-11 17:16:47,291 [ff5646e7-cde4-4000-b2d9-463cca811cba@group-62B5F38A9791-LeaderElection10] INFO  server.RaftServerConfigKeys (ConfUtils.java:logGet(46)) - raft.server.write.byte-limit = 1024 M (=1073741824) (custom)
2023-04-11 17:16:47,291 [ff5646e7-cde4-4000-b2d9-463cca811cba@group-62B5F38A9791-LeaderElection10] INFO  server.RaftServerConfigKeys (ConfUtils.java:logGet(46)) - raft.server.watch.timeout = 180s (custom)
2023-04-11 17:16:47,291 [ff5646e7-cde4-4000-b2d9-463cca811cba@group-62B5F38A9791-LeaderElection10] INFO  server.RaftServerConfigKeys (ConfUtils.java:logGet(46)) - raft.server.watch.timeout.denomination = 1s (default)
2023-04-11 17:16:47,291 [ff5646e7-cde4-4000-b2d9-463cca811cba@group-62B5F38A9791-LeaderElection10] INFO  server.RaftServerConfigKeys (ConfUtils.java:logGet(46)) - raft.server.watch.element-limit = 65536 (default)
2023-04-11 17:16:47,291 [ff5646e7-cde4-4000-b2d9-463cca811cba@group-62B5F38A9791-LeaderElection10] INFO  server.RaftServerConfigKeys (ConfUtils.java:logGet(46)) - raft.server.write.element-limit = 1024 (custom)
2023-04-11 17:16:47,291 [ff5646e7-cde4-4000-b2d9-463cca811cba@group-62B5F38A9791-LeaderElection10] INFO  server.RaftServerConfigKeys (ConfUtils.java:logGet(46)) - raft.server.write.follower.gap.ratio.max = -1.0 (default)
2023-04-11 17:16:47,291 [ff5646e7-cde4-4000-b2d9-463cca811cba@group-62B5F38A9791-LeaderElection10] INFO  impl.RoleInfo (RoleInfo.java:updateAndGet(139)) - ff5646e7-cde4-4000-b2d9-463cca811cba: start ff5646e7-cde4-4000-b2d9-463cca811cba@group-62B5F38A9791-LeaderStateImpl
2023-04-11 17:16:47,292 [ff5646e7-cde4-4000-b2d9-463cca811cba@group-62B5F38A9791-LeaderElection10] INFO  segmented.SegmentedRaftLogWorker (SegmentedRaftLogWorker.java:startLogSegment(452)) - ff5646e7-cde4-4000-b2d9-463cca811cba@group-62B5F38A9791-SegmentedRaftLogWorker: Starting segment from index:0
2023-04-11 17:16:47,294 [ff5646e7-cde4-4000-b2d9-463cca811cba@group-62B5F38A9791-SegmentedRaftLogWorker] INFO  segmented.SegmentedRaftLogWorker (SegmentedRaftLogWorker.java:execute(656)) - ff5646e7-cde4-4000-b2d9-463cca811cba@group-62B5F38A9791-SegmentedRaftLogWorker: created new log segment /home/runner/work/ozone/ozone/hadoop-ozone/integration-test/target/test-dir/MiniOzoneClusterImpl-c6c5b2ab-f103-43fd-a9c8-44793663f5fe/datanode-4/data/ratis/a704b3a9-4e36-4e49-a7da-62b5f38a9791/current/log_inprogress_0
2023-04-11 17:16:47,299 [ff5646e7-cde4-4000-b2d9-463cca811cba@group-62B5F38A9791-LeaderElection10] INFO  server.RaftServer$Division (ServerState.java:setRaftConf(430)) - ff5646e7-cde4-4000-b2d9-463cca811cba@group-62B5F38A9791: set configuration 0: peers:[ff5646e7-cde4-4000-b2d9-463cca811cba|rpc:10.1.0.70:36287|dataStream:10.1.0.70:39745|priority:1|startupRole:FOLLOWER]|listeners:[], old=null
]]></system-out>
  </testcase>
  <testcase name="testGetTrashRoot" classname="TestOzoneFileSystem" time="21.395">
    <system-out><![CDATA[2023-04-11 17:17:41,840 [Listener at 127.0.0.1/41353] INFO  ozone.MiniOzoneClusterImpl (MiniOzoneClusterImpl.java:shutdown(455)) - Shutting down the Mini Ozone Cluster
2023-04-11 17:17:41,841 [Listener at 127.0.0.1/41353] INFO  ozone.MiniOzoneClusterImpl (MiniOzoneClusterImpl.java:stop(471)) - Stopping the Mini Ozone Cluster
2023-04-11 17:17:41,841 [Listener at 127.0.0.1/41353] INFO  ozone.MiniOzoneClusterImpl (MiniOzoneClusterImpl.java:stopOM(557)) - Stopping the OzoneManager
2023-04-11 17:17:41,841 [Listener at 127.0.0.1/41353] INFO  om.OzoneManager (OzoneManager.java:stop(2154)) - om1[localhost:0]: Stopping Ozone Manager
2023-04-11 17:17:41,841 [Listener at 127.0.0.1/41353] INFO  ipc.Server (Server.java:stop(3501)) - Stopping server on 41353
2023-04-11 17:17:41,848 [IPC Server listener on 0] INFO  ipc.Server (Server.java:run(1430)) - Stopping IPC Server listener on 0
2023-04-11 17:17:41,848 [IPC Server Responder] INFO  ipc.Server (Server.java:run(1563)) - Stopping IPC Server Responder
2023-04-11 17:17:41,851 [Listener at 127.0.0.1/41353] INFO  server.RaftServer (RaftServerProxy.java:lambda$close$6(409)) - om1: close
2023-04-11 17:17:41,852 [Listener at 127.0.0.1/41353] INFO  server.GrpcService (GrpcService.java:closeImpl(271)) - om1: shutdown server GrpcServerProtocolService now
2023-04-11 17:17:41,861 [Listener at 127.0.0.1/41353] INFO  server.GrpcService (GrpcService.java:closeImpl(280)) - om1: shutdown server GrpcServerProtocolService successfully
2023-04-11 17:17:41,862 [om1-impl-thread2] INFO  server.RaftServer$Division (RaftServerImpl.java:lambda$close$4(458)) - om1@group-C5BA1605619E: shutdown
2023-04-11 17:17:41,862 [om1-impl-thread2] INFO  util.JmxRegister (JmxRegister.java:unregister(73)) - Successfully un-registered JMX Bean with object name Ratis:service=RaftServer,group=group-C5BA1605619E,id=om1
2023-04-11 17:17:41,863 [om1-impl-thread2] INFO  impl.RoleInfo (RoleInfo.java:shutdownLeaderState(93)) - om1: shutdown om1@group-C5BA1605619E-LeaderStateImpl
2023-04-11 17:17:41,864 [om1-impl-thread2] INFO  impl.PendingRequests (PendingRequests.java:sendNotLeaderResponses(282)) - om1@group-C5BA1605619E-PendingRequests: sendNotLeaderResponses
2023-04-11 17:17:41,869 [om1-impl-thread2] INFO  impl.StateMachineUpdater (StateMachineUpdater.java:stopAndJoin(153)) - om1@group-C5BA1605619E-StateMachineUpdater: set stopIndex = 37014
2023-04-11 17:17:41,869 [om1@group-C5BA1605619E-StateMachineUpdater] INFO  ratis.OzoneManagerStateMachine (OzoneManagerStateMachine.java:takeSnapshot(453)) - Current Snapshot Index (t:1, i:37014)
2023-04-11 17:17:41,909 [om1@group-C5BA1605619E-StateMachineUpdater] INFO  impl.StateMachineUpdater (StateMachineUpdater.java:takeSnapshot(287)) - om1@group-C5BA1605619E-StateMachineUpdater: Took a snapshot at index 37014
2023-04-11 17:17:41,910 [om1@group-C5BA1605619E-StateMachineUpdater] INFO  impl.StateMachineUpdater (StateMachineUpdater.java:lambda$new$0(92)) - om1@group-C5BA1605619E-StateMachineUpdater: snapshotIndex: updateIncreasingly -1 -> 37014
2023-04-11 17:17:41,910 [om1@group-C5BA1605619E-StateMachineUpdater] INFO  ratis.OzoneManagerStateMachine (OzoneManagerStateMachine.java:close(507)) - StateMachine has shutdown. Shutdown OzoneManager if not already shutdown.
2023-04-11 17:17:41,910 [om1@group-C5BA1605619E-StateMachineUpdater] INFO  ratis.OzoneManagerDoubleBuffer (OzoneManagerDoubleBuffer.java:stopDaemon(540)) - Stopping OMDoubleBuffer flush thread
2023-04-11 17:17:41,911 [OMDoubleBufferFlushThread] INFO  ratis.OzoneManagerDoubleBuffer (OzoneManagerDoubleBuffer.java:canFlush(625)) - OMDoubleBuffer flush thread OMDoubleBufferFlushThread is interrupted and will exit.
2023-04-11 17:17:41,913 [om1-impl-thread2] INFO  server.RaftServer$Division (ServerState.java:close(466)) - om1@group-C5BA1605619E: closes. applyIndex: 37014
2023-04-11 17:17:41,924 [om1@group-C5BA1605619E-SegmentedRaftLogWorker] INFO  segmented.SegmentedRaftLogWorker (SegmentedRaftLogWorker.java:run(347)) - om1@group-C5BA1605619E-SegmentedRaftLogWorker was interrupted, exiting. There are 0 tasks remaining in the queue.
2023-04-11 17:17:41,926 [om1-impl-thread2] INFO  segmented.SegmentedRaftLogWorker (SegmentedRaftLogWorker.java:close(257)) - om1@group-C5BA1605619E-SegmentedRaftLogWorker close()
2023-04-11 17:17:41,929 [JvmPauseMonitor0] INFO  util.JvmPauseMonitor (JvmPauseMonitor.java:run(111)) - JvmPauseMonitor-om1: Stopped
2023-04-11 17:17:41,929 [Listener at 127.0.0.1/41353] INFO  ratis.OzoneManagerStateMachine (OzoneManagerStateMachine.java:close(507)) - StateMachine has shutdown. Shutdown OzoneManager if not already shutdown.
2023-04-11 17:17:41,929 [Listener at 127.0.0.1/41353] INFO  ratis.OzoneManagerDoubleBuffer (OzoneManagerDoubleBuffer.java:stopDaemon(549)) - OMDoubleBuffer flush thread is not running.
2023-04-11 17:17:41,930 [Listener at 127.0.0.1/41353] INFO  utils.BackgroundService (BackgroundService.java:shutdown(141)) - Shutting down service KeyDeletingService
2023-04-11 17:17:41,930 [Listener at 127.0.0.1/41353] INFO  utils.BackgroundService (BackgroundService.java:shutdown(141)) - Shutting down service DirectoryDeletingService
2023-04-11 17:17:41,930 [Listener at 127.0.0.1/41353] INFO  utils.BackgroundService (BackgroundService.java:shutdown(141)) - Shutting down service OpenKeyCleanupService
2023-04-11 17:17:41,931 [Listener at 127.0.0.1/41353] INFO  utils.BackgroundService (BackgroundService.java:shutdown(141)) - Shutting down service SstFilteringService
2023-04-11 17:17:41,931 [Listener at 127.0.0.1/41353] INFO  utils.BackgroundService (BackgroundService.java:shutdown(141)) - Shutting down service SnapshotDeletingService
2023-04-11 17:17:41,933 [Listener at 127.0.0.1/41353] INFO  handler.ContextHandler (ContextHandler.java:doStop(1159)) - Stopped o.e.j.w.WebAppContext@438e8297{ozoneManager,/,null,STOPPED}{file:/home/runner/work/ozone/ozone/hadoop-ozone/integration-test/target/test-classes/webapps/ozoneManager}
2023-04-11 17:17:41,940 [Listener at 127.0.0.1/41353] INFO  server.AbstractConnector (AbstractConnector.java:doStop(383)) - Stopped ServerConnector@497adc9{HTTP/1.1, (http/1.1)}{0.0.0.0:0}
2023-04-11 17:17:41,940 [Listener at 127.0.0.1/41353] INFO  server.session (HouseKeeper.java:stopScavenging(149)) - node0 Stopped scavenging
2023-04-11 17:17:41,941 [Listener at 127.0.0.1/41353] INFO  handler.ContextHandler (ContextHandler.java:doStop(1159)) - Stopped o.e.j.s.ServletContextHandler@4f0a81f6{static,/static,file:///home/runner/work/ozone/ozone/hadoop-ozone/integration-test/target/test-classes/webapps/static,STOPPED}
2023-04-11 17:17:41,941 [Listener at 127.0.0.1/41353] INFO  handler.ContextHandler (ContextHandler.java:doStop(1159)) - Stopped o.e.j.s.ServletContextHandler@3ac8ba5a{logs,/logs,file:///home/runner/work/ozone/ozone/hadoop-ozone/integration-test/target/log,STOPPED}
2023-04-11 17:17:41,943 [Trash Emptier] ERROR om.TrashPolicyOzone (TrashPolicyOzone.java:run(350)) - Error attempting to shutdown
java.lang.InterruptedException
	at java.util.concurrent.locks.AbstractQueuedSynchronizer$ConditionObject.awaitNanos(AbstractQueuedSynchronizer.java:2067)
	at java.util.concurrent.ThreadPoolExecutor.awaitTermination(ThreadPoolExecutor.java:1475)
	at org.apache.hadoop.ozone.om.TrashPolicyOzone$Emptier.run(TrashPolicyOzone.java:348)
	at java.lang.Thread.run(Thread.java:750)
2023-04-11 17:17:41,955 [Listener at 127.0.0.1/41353] INFO  ozone.MiniOzoneClusterImpl (MiniOzoneClusterImpl.java:stopDatanodes(534)) - Stopping the HddsDatanodes
2023-04-11 17:17:41,959 [Listener at 127.0.0.1/41353] INFO  ozoneimpl.OzoneContainer (OzoneContainer.java:stop(419)) - Attempting to stop container services.
2023-04-11 17:17:41,966 [Listener at 127.0.0.1/41353] INFO  server.RaftServer (RaftServerProxy.java:lambda$close$6(409)) - 30e95ef4-c50c-4a35-94a1-24945bf18908: close
2023-04-11 17:17:41,975 [30e95ef4-c50c-4a35-94a1-24945bf18908-impl-thread2] INFO  server.RaftServer$Division (RaftServerImpl.java:lambda$close$4(458)) - 30e95ef4-c50c-4a35-94a1-24945bf18908@group-EB7AA67B10FD: shutdown
2023-04-11 17:17:41,975 [30e95ef4-c50c-4a35-94a1-24945bf18908-impl-thread2] INFO  util.JmxRegister (JmxRegister.java:unregister(73)) - Successfully un-registered JMX Bean with object name Ratis:service=RaftServer,group=group-EB7AA67B10FD,id=30e95ef4-c50c-4a35-94a1-24945bf18908
2023-04-11 17:17:41,975 [30e95ef4-c50c-4a35-94a1-24945bf18908-impl-thread2] INFO  impl.RoleInfo (RoleInfo.java:shutdownFollowerState(110)) - 30e95ef4-c50c-4a35-94a1-24945bf18908: shutdown 30e95ef4-c50c-4a35-94a1-24945bf18908@group-EB7AA67B10FD-FollowerState
2023-04-11 17:17:41,980 [30e95ef4-c50c-4a35-94a1-24945bf18908-impl-thread3] INFO  server.RaftServer$Division (RaftServerImpl.java:lambda$close$4(458)) - 30e95ef4-c50c-4a35-94a1-24945bf18908@group-DAA6F10AFE43: shutdown
2023-04-11 17:17:41,980 [30e95ef4-c50c-4a35-94a1-24945bf18908-impl-thread3] INFO  util.JmxRegister (JmxRegister.java:unregister(73)) - Successfully un-registered JMX Bean with object name Ratis:service=RaftServer,group=group-DAA6F10AFE43,id=30e95ef4-c50c-4a35-94a1-24945bf18908
2023-04-11 17:17:41,980 [30e95ef4-c50c-4a35-94a1-24945bf18908-impl-thread3] INFO  impl.RoleInfo (RoleInfo.java:shutdownFollowerState(110)) - 30e95ef4-c50c-4a35-94a1-24945bf18908: shutdown 30e95ef4-c50c-4a35-94a1-24945bf18908@group-DAA6F10AFE43-FollowerState
2023-04-11 17:17:41,981 [Listener at 127.0.0.1/41353] INFO  server.GrpcService (GrpcService.java:closeImpl(271)) - 30e95ef4-c50c-4a35-94a1-24945bf18908: shutdown server GrpcServerProtocolService now
2023-04-11 17:17:41,984 [30e95ef4-c50c-4a35-94a1-24945bf18908@group-DAA6F10AFE43-FollowerState] INFO  impl.FollowerState (FollowerState.java:run(152)) - 30e95ef4-c50c-4a35-94a1-24945bf18908@group-DAA6F10AFE43-FollowerState was interrupted
2023-04-11 17:17:41,984 [30e95ef4-c50c-4a35-94a1-24945bf18908-impl-thread3] INFO  impl.StateMachineUpdater (StateMachineUpdater.java:stopAndJoin(153)) - 30e95ef4-c50c-4a35-94a1-24945bf18908@group-DAA6F10AFE43-StateMachineUpdater: set stopIndex = 30
2023-04-11 17:17:41,985 [Listener at 127.0.0.1/41353] INFO  server.GrpcServerProtocolClient (GrpcServerProtocolClient.java:close(101)) - a41b41b2-6125-497a-a0cb-d7eb73039636 Close channels
2023-04-11 17:17:41,985 [30e95ef4-c50c-4a35-94a1-24945bf18908@group-EB7AA67B10FD-StateMachineUpdater] INFO  ratis.ContainerStateMachine (ContainerStateMachine.java:takeSnapshot(330)) - group-EB7AA67B10FD: Taking a snapshot at:(t:1, i:0) file /home/runner/work/ozone/ozone/hadoop-ozone/integration-test/target/test-dir/MiniOzoneClusterImpl-c6c5b2ab-f103-43fd-a9c8-44793663f5fe/datanode-2/data/ratis/7bdbafa8-6302-4be6-9d3b-eb7aa67b10fd/sm/snapshot.1_0
2023-04-11 17:17:41,987 [30e95ef4-c50c-4a35-94a1-24945bf18908-impl-thread2] INFO  impl.StateMachineUpdater (StateMachineUpdater.java:stopAndJoin(153)) - 30e95ef4-c50c-4a35-94a1-24945bf18908@group-EB7AA67B10FD-StateMachineUpdater: set stopIndex = 0
2023-04-11 17:17:41,987 [30e95ef4-c50c-4a35-94a1-24945bf18908-impl-thread4] INFO  server.RaftServer$Division (RaftServerImpl.java:lambda$close$4(458)) - 30e95ef4-c50c-4a35-94a1-24945bf18908@group-C7DD1812BEFD: shutdown
2023-04-11 17:17:41,988 [30e95ef4-c50c-4a35-94a1-24945bf18908-impl-thread4] INFO  util.JmxRegister (JmxRegister.java:unregister(73)) - Successfully un-registered JMX Bean with object name Ratis:service=RaftServer,group=group-C7DD1812BEFD,id=30e95ef4-c50c-4a35-94a1-24945bf18908
2023-04-11 17:17:41,988 [30e95ef4-c50c-4a35-94a1-24945bf18908-impl-thread4] INFO  impl.RoleInfo (RoleInfo.java:shutdownLeaderState(93)) - 30e95ef4-c50c-4a35-94a1-24945bf18908: shutdown 30e95ef4-c50c-4a35-94a1-24945bf18908@group-C7DD1812BEFD-LeaderStateImpl
2023-04-11 17:17:41,988 [30e95ef4-c50c-4a35-94a1-24945bf18908-impl-thread4] INFO  impl.PendingRequests (PendingRequests.java:sendNotLeaderResponses(282)) - 30e95ef4-c50c-4a35-94a1-24945bf18908@group-C7DD1812BEFD-PendingRequests: sendNotLeaderResponses
2023-04-11 17:17:41,989 [30e95ef4-c50c-4a35-94a1-24945bf18908@group-EB7AA67B10FD-FollowerState] INFO  impl.FollowerState (FollowerState.java:run(152)) - 30e95ef4-c50c-4a35-94a1-24945bf18908@group-EB7AA67B10FD-FollowerState was interrupted
2023-04-11 17:17:41,989 [30e95ef4-c50c-4a35-94a1-24945bf18908@group-DAA6F10AFE43-StateMachineUpdater] INFO  ratis.ContainerStateMachine (ContainerStateMachine.java:takeSnapshot(330)) - group-DAA6F10AFE43: Taking a snapshot at:(t:1, i:30) file /home/runner/work/ozone/ozone/hadoop-ozone/integration-test/target/test-dir/MiniOzoneClusterImpl-c6c5b2ab-f103-43fd-a9c8-44793663f5fe/datanode-2/data/ratis/ca66e343-0845-4fc9-bc72-daa6f10afe43/sm/snapshot.1_30
2023-04-11 17:17:41,991 [ForkJoinPool.commonPool-worker-0] INFO  ozoneimpl.OzoneContainer (OzoneContainer.java:stop(419)) - Attempting to stop container services.
2023-04-11 17:17:41,991 [30e95ef4-c50c-4a35-94a1-24945bf18908@group-C7DD1812BEFD-StateMachineUpdater] INFO  ratis.ContainerStateMachine (ContainerStateMachine.java:takeSnapshot(330)) - group-C7DD1812BEFD: Taking a snapshot at:(t:1, i:0) file /home/runner/work/ozone/ozone/hadoop-ozone/integration-test/target/test-dir/MiniOzoneClusterImpl-c6c5b2ab-f103-43fd-a9c8-44793663f5fe/datanode-2/data/ratis/01a7ada6-546e-48bc-a07c-c7dd1812befd/sm/snapshot.1_0
2023-04-11 17:17:41,991 [30e95ef4-c50c-4a35-94a1-24945bf18908-impl-thread4] INFO  impl.StateMachineUpdater (StateMachineUpdater.java:stopAndJoin(153)) - 30e95ef4-c50c-4a35-94a1-24945bf18908@group-C7DD1812BEFD-StateMachineUpdater: set stopIndex = 0
2023-04-11 17:17:41,993 [grpc-default-executor-6] WARN  server.GrpcServerProtocolService (LogUtils.java:warn(122)) - 30e95ef4-c50c-4a35-94a1-24945bf18908: installSnapshot onError, lastRequest: null: org.apache.ratis.thirdparty.io.grpc.StatusRuntimeException: CANCELLED: client cancelled
2023-04-11 17:17:41,994 [ForkJoinPool.commonPool-worker-0] INFO  server.RaftServer (RaftServerProxy.java:lambda$close$6(409)) - 54fa8802-d5ce-4a45-bac9-9464a05e8046: close
2023-04-11 17:17:41,993 [grpc-default-executor-5] WARN  server.GrpcServerProtocolService (LogUtils.java:warn(122)) - 30e95ef4-c50c-4a35-94a1-24945bf18908: installSnapshot onError, lastRequest: 54fa8802-d5ce-4a45-bac9-9464a05e8046->30e95ef4-c50c-4a35-94a1-24945bf18908#513-t1,previous=(t:1, i:29),leaderCommit=28,initializing? true,entries: size=1, first=(t:1, i:30), METADATAENTRY(c:28): org.apache.ratis.thirdparty.io.grpc.StatusRuntimeException: CANCELLED: client cancelled
2023-04-11 17:17:41,994 [grpc-default-executor-4] WARN  server.GrpcServerProtocolService (LogUtils.java:warn(122)) - 30e95ef4-c50c-4a35-94a1-24945bf18908: installSnapshot onError, lastRequest: a41b41b2-6125-497a-a0cb-d7eb73039636->30e95ef4-c50c-4a35-94a1-24945bf18908#1-t1,previous=(t:0, i:0),leaderCommit=0,initializing? true,entries: size=1, first=(t:1, i:0), CONFIGURATIONENTRY(current:id: "30e95ef4-c50c-4a35-94a1-24945bf18908"
address: "10.1.0.70:38995"
dataStreamAddress: "10.1.0.70:43279"
clientAddress: "10.1.0.70:38995"
adminAddress: "10.1.0.70:38995"
startupRole: FOLLOWER
,id: "a41b41b2-6125-497a-a0cb-d7eb73039636"
address: "10.1.0.70:40391"
priority: 1
dataStreamAddress: "10.1.0.70:45057"
clientAddress: "10.1.0.70:40391"
adminAddress: "10.1.0.70:40391"
startupRole: FOLLOWER
,id: "54fa8802-d5ce-4a45-bac9-9464a05e8046"
address: "10.1.0.70:41191"
dataStreamAddress: "10.1.0.70:38659"
clientAddress: "10.1.0.70:41191"
adminAddress: "10.1.0.70:41191"
startupRole: FOLLOWER
, old:): org.apache.ratis.thirdparty.io.grpc.StatusRuntimeException: CANCELLED: client cancelled
2023-04-11 17:17:42,005 [54fa8802-d5ce-4a45-bac9-9464a05e8046-impl-thread3] INFO  server.RaftServer$Division (RaftServerImpl.java:lambda$close$4(458)) - 54fa8802-d5ce-4a45-bac9-9464a05e8046@group-4F0FCB5BBBFE: shutdown
2023-04-11 17:17:42,005 [54fa8802-d5ce-4a45-bac9-9464a05e8046-impl-thread3] INFO  util.JmxRegister (JmxRegister.java:unregister(73)) - Successfully un-registered JMX Bean with object name Ratis:service=RaftServer,group=group-4F0FCB5BBBFE,id=54fa8802-d5ce-4a45-bac9-9464a05e8046
2023-04-11 17:17:42,005 [54fa8802-d5ce-4a45-bac9-9464a05e8046-impl-thread3] INFO  impl.RoleInfo (RoleInfo.java:shutdownLeaderState(93)) - 54fa8802-d5ce-4a45-bac9-9464a05e8046: shutdown 54fa8802-d5ce-4a45-bac9-9464a05e8046@group-4F0FCB5BBBFE-LeaderStateImpl
2023-04-11 17:17:42,005 [54fa8802-d5ce-4a45-bac9-9464a05e8046-impl-thread3] INFO  impl.PendingRequests (PendingRequests.java:sendNotLeaderResponses(282)) - 54fa8802-d5ce-4a45-bac9-9464a05e8046@group-4F0FCB5BBBFE-PendingRequests: sendNotLeaderResponses
2023-04-11 17:17:42,006 [54fa8802-d5ce-4a45-bac9-9464a05e8046-impl-thread3] INFO  impl.StateMachineUpdater (StateMachineUpdater.java:stopAndJoin(153)) - 54fa8802-d5ce-4a45-bac9-9464a05e8046@group-4F0FCB5BBBFE-StateMachineUpdater: set stopIndex = 0
2023-04-11 17:17:42,006 [ForkJoinPool.commonPool-worker-0] INFO  server.GrpcService (GrpcService.java:closeImpl(271)) - 54fa8802-d5ce-4a45-bac9-9464a05e8046: shutdown server GrpcServerProtocolService now
2023-04-11 17:17:42,005 [grpc-default-executor-0] WARN  server.GrpcLogAppender (LogUtils.java:warn(122)) - 54fa8802-d5ce-4a45-bac9-9464a05e8046@group-DAA6F10AFE43->30e95ef4-c50c-4a35-94a1-24945bf18908-AppendLogResponseHandler: Failed appendEntries: org.apache.ratis.thirdparty.io.grpc.StatusRuntimeException: CANCELLED: RST_STREAM closed stream. HTTP/2 error code: CANCEL
2023-04-11 17:17:42,029 [grpc-default-executor-4] WARN  server.GrpcLogAppender (LogUtils.java:warn(122)) - a41b41b2-6125-497a-a0cb-d7eb73039636@group-EB7AA67B10FD->30e95ef4-c50c-4a35-94a1-24945bf18908-AppendLogResponseHandler: Failed appendEntries: org.apache.ratis.thirdparty.io.grpc.StatusRuntimeException: CANCELLED: RST_STREAM closed stream. HTTP/2 error code: CANCEL
2023-04-11 17:17:42,029 [54fa8802-d5ce-4a45-bac9-9464a05e8046-impl-thread4] INFO  server.RaftServer$Division (RaftServerImpl.java:lambda$close$4(458)) - 54fa8802-d5ce-4a45-bac9-9464a05e8046@group-DAA6F10AFE43: shutdown
2023-04-11 17:17:42,035 [54fa8802-d5ce-4a45-bac9-9464a05e8046-impl-thread4] INFO  util.JmxRegister (JmxRegister.java:unregister(73)) - Successfully un-registered JMX Bean with object name Ratis:service=RaftServer,group=group-DAA6F10AFE43,id=54fa8802-d5ce-4a45-bac9-9464a05e8046
2023-04-11 17:17:42,035 [54fa8802-d5ce-4a45-bac9-9464a05e8046-impl-thread4] INFO  impl.RoleInfo (RoleInfo.java:shutdownLeaderState(93)) - 54fa8802-d5ce-4a45-bac9-9464a05e8046: shutdown 54fa8802-d5ce-4a45-bac9-9464a05e8046@group-DAA6F10AFE43-LeaderStateImpl
2023-04-11 17:17:42,035 [54fa8802-d5ce-4a45-bac9-9464a05e8046-impl-thread4] INFO  impl.PendingRequests (PendingRequests.java:sendNotLeaderResponses(282)) - 54fa8802-d5ce-4a45-bac9-9464a05e8046@group-DAA6F10AFE43-PendingRequests: sendNotLeaderResponses
2023-04-11 17:17:42,028 [grpc-default-executor-2] WARN  server.GrpcServerProtocolService (LogUtils.java:warn(122)) - 30e95ef4-c50c-4a35-94a1-24945bf18908: installSnapshot onError, lastRequest: null: org.apache.ratis.thirdparty.io.grpc.StatusRuntimeException: CANCELLED: client cancelled
2023-04-11 17:17:42,028 [54fa8802-d5ce-4a45-bac9-9464a05e8046-impl-thread2] INFO  server.RaftServer$Division (RaftServerImpl.java:lambda$close$4(458)) - 54fa8802-d5ce-4a45-bac9-9464a05e8046@group-EB7AA67B10FD: shutdown
2023-04-11 17:17:42,036 [54fa8802-d5ce-4a45-bac9-9464a05e8046@group-4F0FCB5BBBFE-StateMachineUpdater] INFO  ratis.ContainerStateMachine (ContainerStateMachine.java:takeSnapshot(330)) - group-4F0FCB5BBBFE: Taking a snapshot at:(t:1, i:0) file /home/runner/work/ozone/ozone/hadoop-ozone/integration-test/target/test-dir/MiniOzoneClusterImpl-c6c5b2ab-f103-43fd-a9c8-44793663f5fe/datanode-1/data/ratis/9db9a756-8382-4967-86e1-4f0fcb5bbbfe/sm/snapshot.1_0
2023-04-11 17:17:42,036 [54fa8802-d5ce-4a45-bac9-9464a05e8046-impl-thread2] INFO  util.JmxRegister (JmxRegister.java:unregister(73)) - Successfully un-registered JMX Bean with object name Ratis:service=RaftServer,group=group-EB7AA67B10FD,id=54fa8802-d5ce-4a45-bac9-9464a05e8046
2023-04-11 17:17:42,038 [54fa8802-d5ce-4a45-bac9-9464a05e8046-impl-thread2] INFO  impl.RoleInfo (RoleInfo.java:shutdownFollowerState(110)) - 54fa8802-d5ce-4a45-bac9-9464a05e8046: shutdown 54fa8802-d5ce-4a45-bac9-9464a05e8046@group-EB7AA67B10FD-FollowerState
2023-04-11 17:17:42,038 [54fa8802-d5ce-4a45-bac9-9464a05e8046-impl-thread2] INFO  impl.StateMachineUpdater (StateMachineUpdater.java:stopAndJoin(153)) - 54fa8802-d5ce-4a45-bac9-9464a05e8046@group-EB7AA67B10FD-StateMachineUpdater: set stopIndex = 0
2023-04-11 17:17:42,039 [54fa8802-d5ce-4a45-bac9-9464a05e8046@group-EB7AA67B10FD-FollowerState] INFO  impl.FollowerState (FollowerState.java:run(152)) - 54fa8802-d5ce-4a45-bac9-9464a05e8046@group-EB7AA67B10FD-FollowerState was interrupted
2023-04-11 17:17:42,040 [54fa8802-d5ce-4a45-bac9-9464a05e8046@group-EB7AA67B10FD-StateMachineUpdater] INFO  ratis.ContainerStateMachine (ContainerStateMachine.java:takeSnapshot(330)) - group-EB7AA67B10FD: Taking a snapshot at:(t:1, i:0) file /home/runner/work/ozone/ozone/hadoop-ozone/integration-test/target/test-dir/MiniOzoneClusterImpl-c6c5b2ab-f103-43fd-a9c8-44793663f5fe/datanode-1/data/ratis/7bdbafa8-6302-4be6-9d3b-eb7aa67b10fd/sm/snapshot.1_0
2023-04-11 17:17:42,040 [54fa8802-d5ce-4a45-bac9-9464a05e8046@group-DAA6F10AFE43->a41b41b2-6125-497a-a0cb-d7eb73039636-GrpcLogAppender-LogAppenderDaemon] WARN  server.GrpcLogAppender (GrpcLogAppender.java:mayWait(200)) - 54fa8802-d5ce-4a45-bac9-9464a05e8046@group-DAA6F10AFE43->a41b41b2-6125-497a-a0cb-d7eb73039636-GrpcLogAppender: Wait interrupted by java.lang.InterruptedException
2023-04-11 17:17:42,041 [54fa8802-d5ce-4a45-bac9-9464a05e8046-impl-thread4] INFO  impl.StateMachineUpdater (StateMachineUpdater.java:stopAndJoin(153)) - 54fa8802-d5ce-4a45-bac9-9464a05e8046@group-DAA6F10AFE43-StateMachineUpdater: set stopIndex = 30
2023-04-11 17:17:42,041 [54fa8802-d5ce-4a45-bac9-9464a05e8046@group-DAA6F10AFE43-StateMachineUpdater] INFO  ratis.ContainerStateMachine (ContainerStateMachine.java:takeSnapshot(330)) - group-DAA6F10AFE43: Taking a snapshot at:(t:1, i:30) file /home/runner/work/ozone/ozone/hadoop-ozone/integration-test/target/test-dir/MiniOzoneClusterImpl-c6c5b2ab-f103-43fd-a9c8-44793663f5fe/datanode-1/data/ratis/ca66e343-0845-4fc9-bc72-daa6f10afe43/sm/snapshot.1_30
2023-04-11 17:17:42,042 [54fa8802-d5ce-4a45-bac9-9464a05e8046@group-DAA6F10AFE43->30e95ef4-c50c-4a35-94a1-24945bf18908-GrpcLogAppender-LogAppenderDaemon] WARN  server.GrpcLogAppender (GrpcLogAppender.java:mayWait(200)) - 54fa8802-d5ce-4a45-bac9-9464a05e8046@group-DAA6F10AFE43->30e95ef4-c50c-4a35-94a1-24945bf18908-GrpcLogAppender: Wait interrupted by java.lang.InterruptedException
2023-04-11 17:17:42,042 [grpc-default-executor-3] WARN  server.GrpcServerProtocolService (LogUtils.java:warn(122)) - 54fa8802-d5ce-4a45-bac9-9464a05e8046: installSnapshot onError, lastRequest: null: org.apache.ratis.thirdparty.io.grpc.StatusRuntimeException: CANCELLED: client cancelled
2023-04-11 17:17:42,045 [grpc-default-executor-6] WARN  server.GrpcServerProtocolService (LogUtils.java:warn(122)) - 54fa8802-d5ce-4a45-bac9-9464a05e8046: installSnapshot onError, lastRequest: a41b41b2-6125-497a-a0cb-d7eb73039636->54fa8802-d5ce-4a45-bac9-9464a05e8046#1-t1,previous=(t:0, i:0),leaderCommit=0,initializing? true,entries: size=1, first=(t:1, i:0), CONFIGURATIONENTRY(current:id: "30e95ef4-c50c-4a35-94a1-24945bf18908"
address: "10.1.0.70:38995"
dataStreamAddress: "10.1.0.70:43279"
clientAddress: "10.1.0.70:38995"
adminAddress: "10.1.0.70:38995"
startupRole: FOLLOWER
,id: "a41b41b2-6125-497a-a0cb-d7eb73039636"
address: "10.1.0.70:40391"
priority: 1
dataStreamAddress: "10.1.0.70:45057"
clientAddress: "10.1.0.70:40391"
adminAddress: "10.1.0.70:40391"
startupRole: FOLLOWER
,id: "54fa8802-d5ce-4a45-bac9-9464a05e8046"
address: "10.1.0.70:41191"
dataStreamAddress: "10.1.0.70:38659"
clientAddress: "10.1.0.70:41191"
adminAddress: "10.1.0.70:41191"
startupRole: FOLLOWER
, old:): org.apache.ratis.thirdparty.io.grpc.StatusRuntimeException: CANCELLED: client cancelled
2023-04-11 17:17:42,045 [grpc-default-executor-5] WARN  server.GrpcClientProtocolService (LogUtils.java:warn(122)) - 1-OrderedRequestStreamObserver1: onError: org.apache.ratis.thirdparty.io.grpc.StatusRuntimeException: CANCELLED: client cancelled
2023-04-11 17:17:42,046 [ForkJoinPool.commonPool-worker-0] INFO  server.GrpcServerProtocolClient (GrpcServerProtocolClient.java:close(101)) - 30e95ef4-c50c-4a35-94a1-24945bf18908 Close channels
2023-04-11 17:17:42,050 [Listener at 127.0.0.1/41353] INFO  server.GrpcServerProtocolClient (GrpcServerProtocolClient.java:close(101)) - 54fa8802-d5ce-4a45-bac9-9464a05e8046 Close channels
2023-04-11 17:17:42,051 [grpc-default-executor-0] INFO  leader.FollowerInfo (FollowerInfoImpl.java:lambda$new$0(48)) - 54fa8802-d5ce-4a45-bac9-9464a05e8046@group-DAA6F10AFE43->30e95ef4-c50c-4a35-94a1-24945bf18908: nextIndex: updateUnconditionally 31 -> 30
2023-04-11 17:17:42,051 [grpc-default-executor-4] WARN  server.GrpcLogAppender (GrpcLogAppender.java:resetClient(131)) - a41b41b2-6125-497a-a0cb-d7eb73039636@group-EB7AA67B10FD->30e95ef4-c50c-4a35-94a1-24945bf18908-GrpcLogAppender: Leader has not got in touch with Follower a41b41b2-6125-497a-a0cb-d7eb73039636@group-EB7AA67B10FD->30e95ef4-c50c-4a35-94a1-24945bf18908(c0,m0,n1, attendVote=true, lastRpcSendTime=941, lastRpcResponseTime=939) yet, just keep nextIndex unchanged and retry.
2023-04-11 17:17:42,052 [grpc-default-executor-3] INFO  server.GrpcLogAppender (GrpcLogAppender.java:onError(404)) - 54fa8802-d5ce-4a45-bac9-9464a05e8046@group-DAA6F10AFE43->30e95ef4-c50c-4a35-94a1-24945bf18908-GrpcLogAppender is already stopped
2023-04-11 17:17:42,052 [grpc-default-executor-0] WARN  server.GrpcLogAppender (LogUtils.java:warn(122)) - a41b41b2-6125-497a-a0cb-d7eb73039636@group-EB7AA67B10FD->54fa8802-d5ce-4a45-bac9-9464a05e8046-AppendLogResponseHandler: Failed appendEntries: org.apache.ratis.thirdparty.io.grpc.StatusRuntimeException: CANCELLED: RST_STREAM closed stream. HTTP/2 error code: CANCEL
2023-04-11 17:17:42,052 [grpc-default-executor-0] WARN  server.GrpcLogAppender (GrpcLogAppender.java:resetClient(131)) - a41b41b2-6125-497a-a0cb-d7eb73039636@group-EB7AA67B10FD->54fa8802-d5ce-4a45-bac9-9464a05e8046-GrpcLogAppender: Leader has not got in touch with Follower a41b41b2-6125-497a-a0cb-d7eb73039636@group-EB7AA67B10FD->54fa8802-d5ce-4a45-bac9-9464a05e8046(c0,m0,n1, attendVote=true, lastRpcSendTime=942, lastRpcResponseTime=940) yet, just keep nextIndex unchanged and retry.
2023-04-11 17:17:42,053 [grpc-default-executor-8] WARN  server.GrpcLogAppender (LogUtils.java:warn(122)) - a41b41b2-6125-497a-a0cb-d7eb73039636@group-EB7AA67B10FD->30e95ef4-c50c-4a35-94a1-24945bf18908-AppendLogResponseHandler: Failed appendEntries: org.apache.ratis.thirdparty.io.grpc.StatusRuntimeException: CANCELLED: RST_STREAM closed stream. HTTP/2 error code: CANCEL
2023-04-11 17:17:42,053 [grpc-default-executor-8] WARN  server.GrpcLogAppender (GrpcLogAppender.java:resetClient(131)) - a41b41b2-6125-497a-a0cb-d7eb73039636@group-EB7AA67B10FD->30e95ef4-c50c-4a35-94a1-24945bf18908-GrpcLogAppender: Leader has not got in touch with Follower a41b41b2-6125-497a-a0cb-d7eb73039636@group-EB7AA67B10FD->30e95ef4-c50c-4a35-94a1-24945bf18908(c0,m0,n1, attendVote=true, lastRpcSendTime=943, lastRpcResponseTime=941) yet, just keep nextIndex unchanged and retry.
2023-04-11 17:17:42,054 [grpc-default-executor-4] WARN  server.GrpcLogAppender (LogUtils.java:warn(122)) - a41b41b2-6125-497a-a0cb-d7eb73039636@group-EB7AA67B10FD->54fa8802-d5ce-4a45-bac9-9464a05e8046-AppendLogResponseHandler: Failed appendEntries: org.apache.ratis.thirdparty.io.grpc.StatusRuntimeException: CANCELLED: RST_STREAM closed stream. HTTP/2 error code: CANCEL
2023-04-11 17:17:42,054 [grpc-default-executor-4] WARN  server.GrpcLogAppender (GrpcLogAppender.java:resetClient(131)) - a41b41b2-6125-497a-a0cb-d7eb73039636@group-EB7AA67B10FD->54fa8802-d5ce-4a45-bac9-9464a05e8046-GrpcLogAppender: Leader has not got in touch with Follower a41b41b2-6125-497a-a0cb-d7eb73039636@group-EB7AA67B10FD->54fa8802-d5ce-4a45-bac9-9464a05e8046(c0,m0,n1, attendVote=true, lastRpcSendTime=943, lastRpcResponseTime=941) yet, just keep nextIndex unchanged and retry.
2023-04-11 17:17:42,054 [grpc-default-executor-3] INFO  server.GrpcServerProtocolService (GrpcServerProtocolService.java:onCompleted(143)) - a41b41b2-6125-497a-a0cb-d7eb73039636: Completed APPEND_ENTRIES, lastRequest: null
2023-04-11 17:17:42,056 [ForkJoinPool.commonPool-worker-0] INFO  server.GrpcServerProtocolClient (GrpcServerProtocolClient.java:close(101)) - a41b41b2-6125-497a-a0cb-d7eb73039636 Close channels
2023-04-11 17:17:42,057 [grpc-default-executor-8] INFO  server.GrpcServerProtocolService (GrpcServerProtocolService.java:onCompleted(143)) - a41b41b2-6125-497a-a0cb-d7eb73039636: Completed APPEND_ENTRIES, lastRequest: 54fa8802-d5ce-4a45-bac9-9464a05e8046->a41b41b2-6125-497a-a0cb-d7eb73039636#509-t1,previous=(t:1, i:29),leaderCommit=28,initializing? true,entries: size=1, first=(t:1, i:30), METADATAENTRY(c:28)
2023-04-11 17:17:42,076 [Listener at 127.0.0.1/41353] INFO  server.GrpcService (GrpcService.java:closeImpl(280)) - 30e95ef4-c50c-4a35-94a1-24945bf18908: shutdown server GrpcServerProtocolService successfully
2023-04-11 17:17:42,080 [30e95ef4-c50c-4a35-94a1-24945bf18908-NettyServerStreamRpc-bossGroup--thread1] INFO  logging.LoggingHandler (AbstractInternalLogger.java:log(148)) - [id: 0xecdb9844, L:/0:0:0:0:0:0:0:0:43279] CLOSE
2023-04-11 17:17:42,080 [30e95ef4-c50c-4a35-94a1-24945bf18908-NettyServerStreamRpc-bossGroup--thread1] INFO  logging.LoggingHandler (AbstractInternalLogger.java:log(148)) - [id: 0xecdb9844, L:/0:0:0:0:0:0:0:0:43279] INACTIVE
2023-04-11 17:17:42,081 [30e95ef4-c50c-4a35-94a1-24945bf18908-NettyServerStreamRpc-bossGroup--thread1] INFO  logging.LoggingHandler (AbstractInternalLogger.java:log(148)) - [id: 0xecdb9844, L:/0:0:0:0:0:0:0:0:43279] UNREGISTERED
2023-04-11 17:17:42,081 [grpc-default-executor-4] INFO  server.GrpcLogAppender (GrpcLogAppender.java:onCompleted(415)) - 54fa8802-d5ce-4a45-bac9-9464a05e8046@group-DAA6F10AFE43->a41b41b2-6125-497a-a0cb-d7eb73039636-AppendLogResponseHandler: follower responses appendEntries COMPLETED
2023-04-11 17:17:42,081 [grpc-default-executor-4] WARN  server.GrpcLogAppender (GrpcLogAppender.java:resetClient(137)) - 54fa8802-d5ce-4a45-bac9-9464a05e8046@group-DAA6F10AFE43->a41b41b2-6125-497a-a0cb-d7eb73039636-GrpcLogAppender: Failed to getClient for a41b41b2-6125-497a-a0cb-d7eb73039636
org.apache.ratis.protocol.exceptions.AlreadyClosedException: 54fa8802-d5ce-4a45-bac9-9464a05e8046 is already CLOSED
	at org.apache.ratis.util.PeerProxyMap$PeerAndProxy.getProxy(PeerProxyMap.java:61)
	at org.apache.ratis.util.PeerProxyMap.getProxy(PeerProxyMap.java:115)
	at org.apache.ratis.grpc.server.GrpcLogAppender.getClient(GrpcLogAppender.java:116)
	at org.apache.ratis.grpc.server.GrpcLogAppender.resetClient(GrpcLogAppender.java:121)
	at org.apache.ratis.grpc.server.GrpcLogAppender.access$500(GrpcLogAppender.java:58)
	at org.apache.ratis.grpc.server.GrpcLogAppender$AppendLogResponseHandler.onCompleted(GrpcLogAppender.java:416)
	at org.apache.ratis.thirdparty.io.grpc.stub.ClientCalls$StreamObserverToCallListenerAdapter.onClose(ClientCalls.java:485)
	at org.apache.ratis.thirdparty.io.grpc.internal.ClientCallImpl.closeObserver(ClientCallImpl.java:562)
	at org.apache.ratis.thirdparty.io.grpc.internal.ClientCallImpl.access$300(ClientCallImpl.java:70)
	at org.apache.ratis.thirdparty.io.grpc.internal.ClientCallImpl$ClientStreamListenerImpl$1StreamClosed.runInternal(ClientCallImpl.java:743)
	at org.apache.ratis.thirdparty.io.grpc.internal.ClientCallImpl$ClientStreamListenerImpl$1StreamClosed.runInContext(ClientCallImpl.java:722)
	at org.apache.ratis.thirdparty.io.grpc.internal.ContextRunnable.run(ContextRunnable.java:37)
	at org.apache.ratis.thirdparty.io.grpc.internal.SerializingExecutor.run(SerializingExecutor.java:133)
	at java.util.concurrent.ThreadPoolExecutor.runWorker(ThreadPoolExecutor.java:1149)
	at java.util.concurrent.ThreadPoolExecutor$Worker.run(ThreadPoolExecutor.java:624)
	at java.lang.Thread.run(Thread.java:750)
2023-04-11 17:17:42,088 [30e95ef4-c50c-4a35-94a1-24945bf18908@group-EB7AA67B10FD-StateMachineUpdater] INFO  ratis.ContainerStateMachine (ContainerStateMachine.java:takeSnapshot(341)) - group-EB7AA67B10FD: Finished taking a snapshot at:(t:1, i:0) file:/home/runner/work/ozone/ozone/hadoop-ozone/integration-test/target/test-dir/MiniOzoneClusterImpl-c6c5b2ab-f103-43fd-a9c8-44793663f5fe/datanode-2/data/ratis/7bdbafa8-6302-4be6-9d3b-eb7aa67b10fd/sm/snapshot.1_0 took: 103 ms
2023-04-11 17:17:42,089 [30e95ef4-c50c-4a35-94a1-24945bf18908@group-EB7AA67B10FD-StateMachineUpdater] INFO  impl.StateMachineUpdater (StateMachineUpdater.java:takeSnapshot(287)) - 30e95ef4-c50c-4a35-94a1-24945bf18908@group-EB7AA67B10FD-StateMachineUpdater: Took a snapshot at index 0
2023-04-11 17:17:42,089 [30e95ef4-c50c-4a35-94a1-24945bf18908@group-EB7AA67B10FD-StateMachineUpdater] INFO  impl.StateMachineUpdater (StateMachineUpdater.java:lambda$new$0(92)) - 30e95ef4-c50c-4a35-94a1-24945bf18908@group-EB7AA67B10FD-StateMachineUpdater: snapshotIndex: updateIncreasingly -1 -> 0
2023-04-11 17:17:42,097 [54fa8802-d5ce-4a45-bac9-9464a05e8046@group-DAA6F10AFE43-StateMachineUpdater] INFO  ratis.ContainerStateMachine (ContainerStateMachine.java:takeSnapshot(341)) - group-DAA6F10AFE43: Finished taking a snapshot at:(t:1, i:30) file:/home/runner/work/ozone/ozone/hadoop-ozone/integration-test/target/test-dir/MiniOzoneClusterImpl-c6c5b2ab-f103-43fd-a9c8-44793663f5fe/datanode-1/data/ratis/ca66e343-0845-4fc9-bc72-daa6f10afe43/sm/snapshot.1_30 took: 55 ms
2023-04-11 17:17:42,097 [54fa8802-d5ce-4a45-bac9-9464a05e8046@group-DAA6F10AFE43-StateMachineUpdater] INFO  impl.StateMachineUpdater (StateMachineUpdater.java:takeSnapshot(287)) - 54fa8802-d5ce-4a45-bac9-9464a05e8046@group-DAA6F10AFE43-StateMachineUpdater: Took a snapshot at index 30
2023-04-11 17:17:42,097 [54fa8802-d5ce-4a45-bac9-9464a05e8046@group-DAA6F10AFE43-StateMachineUpdater] INFO  impl.StateMachineUpdater (StateMachineUpdater.java:lambda$new$0(92)) - 54fa8802-d5ce-4a45-bac9-9464a05e8046@group-DAA6F10AFE43-StateMachineUpdater: snapshotIndex: updateIncreasingly -1 -> 30
2023-04-11 17:17:42,104 [30e95ef4-c50c-4a35-94a1-24945bf18908@group-C7DD1812BEFD-StateMachineUpdater] INFO  ratis.ContainerStateMachine (ContainerStateMachine.java:takeSnapshot(341)) - group-C7DD1812BEFD: Finished taking a snapshot at:(t:1, i:0) file:/home/runner/work/ozone/ozone/hadoop-ozone/integration-test/target/test-dir/MiniOzoneClusterImpl-c6c5b2ab-f103-43fd-a9c8-44793663f5fe/datanode-2/data/ratis/01a7ada6-546e-48bc-a07c-c7dd1812befd/sm/snapshot.1_0 took: 113 ms
2023-04-11 17:17:42,105 [30e95ef4-c50c-4a35-94a1-24945bf18908@group-C7DD1812BEFD-StateMachineUpdater] INFO  impl.StateMachineUpdater (StateMachineUpdater.java:takeSnapshot(287)) - 30e95ef4-c50c-4a35-94a1-24945bf18908@group-C7DD1812BEFD-StateMachineUpdater: Took a snapshot at index 0
2023-04-11 17:17:42,105 [30e95ef4-c50c-4a35-94a1-24945bf18908@group-C7DD1812BEFD-StateMachineUpdater] INFO  impl.StateMachineUpdater (StateMachineUpdater.java:lambda$new$0(92)) - 30e95ef4-c50c-4a35-94a1-24945bf18908@group-C7DD1812BEFD-StateMachineUpdater: snapshotIndex: updateIncreasingly -1 -> 0
2023-04-11 17:17:42,105 [54fa8802-d5ce-4a45-bac9-9464a05e8046@group-EB7AA67B10FD-StateMachineUpdater] INFO  ratis.ContainerStateMachine (ContainerStateMachine.java:takeSnapshot(341)) - group-EB7AA67B10FD: Finished taking a snapshot at:(t:1, i:0) file:/home/runner/work/ozone/ozone/hadoop-ozone/integration-test/target/test-dir/MiniOzoneClusterImpl-c6c5b2ab-f103-43fd-a9c8-44793663f5fe/datanode-1/data/ratis/7bdbafa8-6302-4be6-9d3b-eb7aa67b10fd/sm/snapshot.1_0 took: 64 ms
2023-04-11 17:17:42,105 [54fa8802-d5ce-4a45-bac9-9464a05e8046@group-4F0FCB5BBBFE-StateMachineUpdater] INFO  ratis.ContainerStateMachine (ContainerStateMachine.java:takeSnapshot(341)) - group-4F0FCB5BBBFE: Finished taking a snapshot at:(t:1, i:0) file:/home/runner/work/ozone/ozone/hadoop-ozone/integration-test/target/test-dir/MiniOzoneClusterImpl-c6c5b2ab-f103-43fd-a9c8-44793663f5fe/datanode-1/data/ratis/9db9a756-8382-4967-86e1-4f0fcb5bbbfe/sm/snapshot.1_0 took: 69 ms
2023-04-11 17:17:42,105 [54fa8802-d5ce-4a45-bac9-9464a05e8046@group-EB7AA67B10FD-StateMachineUpdater] INFO  impl.StateMachineUpdater (StateMachineUpdater.java:takeSnapshot(287)) - 54fa8802-d5ce-4a45-bac9-9464a05e8046@group-EB7AA67B10FD-StateMachineUpdater: Took a snapshot at index 0
2023-04-11 17:17:42,105 [54fa8802-d5ce-4a45-bac9-9464a05e8046@group-EB7AA67B10FD-StateMachineUpdater] INFO  impl.StateMachineUpdater (StateMachineUpdater.java:lambda$new$0(92)) - 54fa8802-d5ce-4a45-bac9-9464a05e8046@group-EB7AA67B10FD-StateMachineUpdater: snapshotIndex: updateIncreasingly -1 -> 0
2023-04-11 17:17:42,105 [54fa8802-d5ce-4a45-bac9-9464a05e8046@group-4F0FCB5BBBFE-StateMachineUpdater] INFO  impl.StateMachineUpdater (StateMachineUpdater.java:takeSnapshot(287)) - 54fa8802-d5ce-4a45-bac9-9464a05e8046@group-4F0FCB5BBBFE-StateMachineUpdater: Took a snapshot at index 0
2023-04-11 17:17:42,105 [54fa8802-d5ce-4a45-bac9-9464a05e8046@group-4F0FCB5BBBFE-StateMachineUpdater] INFO  impl.StateMachineUpdater (StateMachineUpdater.java:lambda$new$0(92)) - 54fa8802-d5ce-4a45-bac9-9464a05e8046@group-4F0FCB5BBBFE-StateMachineUpdater: snapshotIndex: updateIncreasingly -1 -> 0
2023-04-11 17:17:42,113 [30e95ef4-c50c-4a35-94a1-24945bf18908@group-DAA6F10AFE43-StateMachineUpdater] INFO  ratis.ContainerStateMachine (ContainerStateMachine.java:takeSnapshot(341)) - group-DAA6F10AFE43: Finished taking a snapshot at:(t:1, i:30) file:/home/runner/work/ozone/ozone/hadoop-ozone/integration-test/target/test-dir/MiniOzoneClusterImpl-c6c5b2ab-f103-43fd-a9c8-44793663f5fe/datanode-2/data/ratis/ca66e343-0845-4fc9-bc72-daa6f10afe43/sm/snapshot.1_30 took: 123 ms
2023-04-11 17:17:42,113 [30e95ef4-c50c-4a35-94a1-24945bf18908@group-DAA6F10AFE43-StateMachineUpdater] INFO  impl.StateMachineUpdater (StateMachineUpdater.java:takeSnapshot(287)) - 30e95ef4-c50c-4a35-94a1-24945bf18908@group-DAA6F10AFE43-StateMachineUpdater: Took a snapshot at index 30
2023-04-11 17:17:42,113 [30e95ef4-c50c-4a35-94a1-24945bf18908@group-DAA6F10AFE43-StateMachineUpdater] INFO  impl.StateMachineUpdater (StateMachineUpdater.java:lambda$new$0(92)) - 30e95ef4-c50c-4a35-94a1-24945bf18908@group-DAA6F10AFE43-StateMachineUpdater: snapshotIndex: updateIncreasingly -1 -> 30
2023-04-11 17:17:42,113 [grpc-default-executor-3] INFO  server.GrpcLogAppender (GrpcLogAppender.java:onCompleted(415)) - 54fa8802-d5ce-4a45-bac9-9464a05e8046@group-DAA6F10AFE43->a41b41b2-6125-497a-a0cb-d7eb73039636-AppendLogResponseHandler: follower responses appendEntries COMPLETED
2023-04-11 17:17:42,113 [grpc-default-executor-3] WARN  server.GrpcLogAppender (GrpcLogAppender.java:resetClient(137)) - 54fa8802-d5ce-4a45-bac9-9464a05e8046@group-DAA6F10AFE43->a41b41b2-6125-497a-a0cb-d7eb73039636-GrpcLogAppender: Failed to getClient for a41b41b2-6125-497a-a0cb-d7eb73039636
org.apache.ratis.protocol.exceptions.AlreadyClosedException: 54fa8802-d5ce-4a45-bac9-9464a05e8046 is already CLOSED
	at org.apache.ratis.util.PeerProxyMap$PeerAndProxy.getProxy(PeerProxyMap.java:61)
	at org.apache.ratis.util.PeerProxyMap.getProxy(PeerProxyMap.java:115)
	at org.apache.ratis.grpc.server.GrpcLogAppender.getClient(GrpcLogAppender.java:116)
	at org.apache.ratis.grpc.server.GrpcLogAppender.resetClient(GrpcLogAppender.java:121)
	at org.apache.ratis.grpc.server.GrpcLogAppender.access$500(GrpcLogAppender.java:58)
	at org.apache.ratis.grpc.server.GrpcLogAppender$AppendLogResponseHandler.onCompleted(GrpcLogAppender.java:416)
	at org.apache.ratis.thirdparty.io.grpc.stub.ClientCalls$StreamObserverToCallListenerAdapter.onClose(ClientCalls.java:485)
	at org.apache.ratis.thirdparty.io.grpc.internal.DelayedClientCall$DelayedListener$3.run(DelayedClientCall.java:468)
	at org.apache.ratis.thirdparty.io.grpc.internal.DelayedClientCall$DelayedListener.delayOrExecute(DelayedClientCall.java:432)
	at org.apache.ratis.thirdparty.io.grpc.internal.DelayedClientCall$DelayedListener.onClose(DelayedClientCall.java:465)
	at org.apache.ratis.thirdparty.io.grpc.internal.ClientCallImpl.closeObserver(ClientCallImpl.java:562)
	at org.apache.ratis.thirdparty.io.grpc.internal.ClientCallImpl.access$300(ClientCallImpl.java:70)
	at org.apache.ratis.thirdparty.io.grpc.internal.ClientCallImpl$ClientStreamListenerImpl$1StreamClosed.runInternal(ClientCallImpl.java:743)
	at org.apache.ratis.thirdparty.io.grpc.internal.ClientCallImpl$ClientStreamListenerImpl$1StreamClosed.runInContext(ClientCallImpl.java:722)
	at org.apache.ratis.thirdparty.io.grpc.internal.ContextRunnable.run(ContextRunnable.java:37)
	at org.apache.ratis.thirdparty.io.grpc.internal.SerializingExecutor.run(SerializingExecutor.java:133)
	at java.util.concurrent.ThreadPoolExecutor.runWorker(ThreadPoolExecutor.java:1149)
	at java.util.concurrent.ThreadPoolExecutor$Worker.run(ThreadPoolExecutor.java:624)
	at java.lang.Thread.run(Thread.java:750)
2023-04-11 17:17:42,115 [ForkJoinPool.commonPool-worker-0] INFO  server.GrpcService (GrpcService.java:closeImpl(280)) - 54fa8802-d5ce-4a45-bac9-9464a05e8046: shutdown server GrpcServerProtocolService successfully
2023-04-11 17:17:42,115 [54fa8802-d5ce-4a45-bac9-9464a05e8046-NettyServerStreamRpc-bossGroup--thread1] INFO  logging.LoggingHandler (AbstractInternalLogger.java:log(148)) - [id: 0xf77b2045, L:/0:0:0:0:0:0:0:0:38659] CLOSE
2023-04-11 17:17:42,115 [54fa8802-d5ce-4a45-bac9-9464a05e8046-NettyServerStreamRpc-bossGroup--thread1] INFO  logging.LoggingHandler (AbstractInternalLogger.java:log(148)) - [id: 0xf77b2045, L:/0:0:0:0:0:0:0:0:38659] INACTIVE
2023-04-11 17:17:42,115 [54fa8802-d5ce-4a45-bac9-9464a05e8046-NettyServerStreamRpc-bossGroup--thread1] INFO  logging.LoggingHandler (AbstractInternalLogger.java:log(148)) - [id: 0xf77b2045, L:/0:0:0:0:0:0:0:0:38659] UNREGISTERED
2023-04-11 17:17:42,116 [30e95ef4-c50c-4a35-94a1-24945bf18908-impl-thread2] INFO  server.RaftServer$Division (ServerState.java:close(466)) - 30e95ef4-c50c-4a35-94a1-24945bf18908@group-EB7AA67B10FD: closes. applyIndex: 0
2023-04-11 17:17:42,116 [30e95ef4-c50c-4a35-94a1-24945bf18908-impl-thread4] INFO  server.RaftServer$Division (ServerState.java:close(466)) - 30e95ef4-c50c-4a35-94a1-24945bf18908@group-C7DD1812BEFD: closes. applyIndex: 0
2023-04-11 17:17:42,116 [54fa8802-d5ce-4a45-bac9-9464a05e8046-impl-thread2] INFO  server.RaftServer$Division (ServerState.java:close(466)) - 54fa8802-d5ce-4a45-bac9-9464a05e8046@group-EB7AA67B10FD: closes. applyIndex: 0
2023-04-11 17:17:42,116 [54fa8802-d5ce-4a45-bac9-9464a05e8046-impl-thread3] INFO  server.RaftServer$Division (ServerState.java:close(466)) - 54fa8802-d5ce-4a45-bac9-9464a05e8046@group-4F0FCB5BBBFE: closes. applyIndex: 0
2023-04-11 17:17:42,166 [54fa8802-d5ce-4a45-bac9-9464a05e8046@group-EB7AA67B10FD-SegmentedRaftLogWorker] INFO  segmented.SegmentedRaftLogWorker (SegmentedRaftLogWorker.java:run(347)) - 54fa8802-d5ce-4a45-bac9-9464a05e8046@group-EB7AA67B10FD-SegmentedRaftLogWorker was interrupted, exiting. There are 0 tasks remaining in the queue.
2023-04-11 17:17:42,167 [54fa8802-d5ce-4a45-bac9-9464a05e8046-impl-thread4] INFO  server.RaftServer$Division (ServerState.java:close(466)) - 54fa8802-d5ce-4a45-bac9-9464a05e8046@group-DAA6F10AFE43: closes. applyIndex: 30
2023-04-11 17:17:42,167 [54fa8802-d5ce-4a45-bac9-9464a05e8046@group-DAA6F10AFE43-SegmentedRaftLogWorker] INFO  segmented.SegmentedRaftLogWorker (SegmentedRaftLogWorker.java:run(347)) - 54fa8802-d5ce-4a45-bac9-9464a05e8046@group-DAA6F10AFE43-SegmentedRaftLogWorker was interrupted, exiting. There are 0 tasks remaining in the queue.
2023-04-11 17:17:42,169 [30e95ef4-c50c-4a35-94a1-24945bf18908@group-C7DD1812BEFD-SegmentedRaftLogWorker] INFO  segmented.SegmentedRaftLogWorker (SegmentedRaftLogWorker.java:run(347)) - 30e95ef4-c50c-4a35-94a1-24945bf18908@group-C7DD1812BEFD-SegmentedRaftLogWorker was interrupted, exiting. There are 0 tasks remaining in the queue.
2023-04-11 17:17:42,169 [30e95ef4-c50c-4a35-94a1-24945bf18908@group-EB7AA67B10FD-SegmentedRaftLogWorker] INFO  segmented.SegmentedRaftLogWorker (SegmentedRaftLogWorker.java:run(347)) - 30e95ef4-c50c-4a35-94a1-24945bf18908@group-EB7AA67B10FD-SegmentedRaftLogWorker was interrupted, exiting. There are 0 tasks remaining in the queue.
2023-04-11 17:17:42,180 [30e95ef4-c50c-4a35-94a1-24945bf18908-impl-thread3] INFO  server.RaftServer$Division (ServerState.java:close(466)) - 30e95ef4-c50c-4a35-94a1-24945bf18908@group-DAA6F10AFE43: closes. applyIndex: 30
2023-04-11 17:17:42,181 [30e95ef4-c50c-4a35-94a1-24945bf18908@group-DAA6F10AFE43-SegmentedRaftLogWorker] INFO  segmented.SegmentedRaftLogWorker (SegmentedRaftLogWorker.java:run(347)) - 30e95ef4-c50c-4a35-94a1-24945bf18908@group-DAA6F10AFE43-SegmentedRaftLogWorker was interrupted, exiting. There are 0 tasks remaining in the queue.
2023-04-11 17:17:42,202 [54fa8802-d5ce-4a45-bac9-9464a05e8046-impl-thread3] INFO  segmented.SegmentedRaftLogWorker (SegmentedRaftLogWorker.java:close(257)) - 54fa8802-d5ce-4a45-bac9-9464a05e8046@group-4F0FCB5BBBFE-SegmentedRaftLogWorker close()
2023-04-11 17:17:42,202 [54fa8802-d5ce-4a45-bac9-9464a05e8046-impl-thread2] INFO  segmented.SegmentedRaftLogWorker (SegmentedRaftLogWorker.java:close(257)) - 54fa8802-d5ce-4a45-bac9-9464a05e8046@group-EB7AA67B10FD-SegmentedRaftLogWorker close()
2023-04-11 17:17:42,202 [54fa8802-d5ce-4a45-bac9-9464a05e8046-impl-thread4] INFO  segmented.SegmentedRaftLogWorker (SegmentedRaftLogWorker.java:close(257)) - 54fa8802-d5ce-4a45-bac9-9464a05e8046@group-DAA6F10AFE43-SegmentedRaftLogWorker close()
2023-04-11 17:17:42,202 [30e95ef4-c50c-4a35-94a1-24945bf18908-impl-thread4] INFO  segmented.SegmentedRaftLogWorker (SegmentedRaftLogWorker.java:close(257)) - 30e95ef4-c50c-4a35-94a1-24945bf18908@group-C7DD1812BEFD-SegmentedRaftLogWorker close()
2023-04-11 17:17:42,202 [30e95ef4-c50c-4a35-94a1-24945bf18908-impl-thread2] INFO  segmented.SegmentedRaftLogWorker (SegmentedRaftLogWorker.java:close(257)) - 30e95ef4-c50c-4a35-94a1-24945bf18908@group-EB7AA67B10FD-SegmentedRaftLogWorker close()
2023-04-11 17:17:42,202 [30e95ef4-c50c-4a35-94a1-24945bf18908-impl-thread3] INFO  segmented.SegmentedRaftLogWorker (SegmentedRaftLogWorker.java:close(257)) - 30e95ef4-c50c-4a35-94a1-24945bf18908@group-DAA6F10AFE43-SegmentedRaftLogWorker close()
2023-04-11 17:17:42,220 [JvmPauseMonitor2] INFO  util.JvmPauseMonitor (JvmPauseMonitor.java:run(111)) - JvmPauseMonitor-54fa8802-d5ce-4a45-bac9-9464a05e8046: Stopped
2023-04-11 17:17:42,221 [JvmPauseMonitor3] INFO  util.JvmPauseMonitor (JvmPauseMonitor.java:run(111)) - JvmPauseMonitor-30e95ef4-c50c-4a35-94a1-24945bf18908: Stopped
2023-04-11 17:17:43,632 [grpc-default-executor-8] WARN  server.GrpcLogAppender (LogUtils.java:warn(122)) - a41b41b2-6125-497a-a0cb-d7eb73039636@group-EB7AA67B10FD->54fa8802-d5ce-4a45-bac9-9464a05e8046-AppendLogResponseHandler: Failed appendEntries: org.apache.ratis.thirdparty.io.grpc.StatusRuntimeException: UNAVAILABLE: io exception
2023-04-11 17:17:43,633 [grpc-default-executor-3] WARN  server.GrpcLogAppender (LogUtils.java:warn(122)) - a41b41b2-6125-497a-a0cb-d7eb73039636@group-EB7AA67B10FD->30e95ef4-c50c-4a35-94a1-24945bf18908-AppendLogResponseHandler: Failed appendEntries: org.apache.ratis.thirdparty.io.grpc.StatusRuntimeException: UNAVAILABLE: io exception
2023-04-11 17:17:43,633 [grpc-default-executor-8] WARN  server.GrpcLogAppender (GrpcLogAppender.java:resetClient(131)) - a41b41b2-6125-497a-a0cb-d7eb73039636@group-EB7AA67B10FD->54fa8802-d5ce-4a45-bac9-9464a05e8046-GrpcLogAppender: Leader has not got in touch with Follower a41b41b2-6125-497a-a0cb-d7eb73039636@group-EB7AA67B10FD->54fa8802-d5ce-4a45-bac9-9464a05e8046(c0,m0,n1, attendVote=true, lastRpcSendTime=14, lastRpcResponseTime=2521) yet, just keep nextIndex unchanged and retry.
2023-04-11 17:17:43,635 [grpc-default-executor-3] WARN  server.GrpcLogAppender (GrpcLogAppender.java:resetClient(131)) - a41b41b2-6125-497a-a0cb-d7eb73039636@group-EB7AA67B10FD->30e95ef4-c50c-4a35-94a1-24945bf18908-GrpcLogAppender: Leader has not got in touch with Follower a41b41b2-6125-497a-a0cb-d7eb73039636@group-EB7AA67B10FD->30e95ef4-c50c-4a35-94a1-24945bf18908(c0,m0,n1, attendVote=true, lastRpcSendTime=16, lastRpcResponseTime=2523) yet, just keep nextIndex unchanged and retry.
2023-04-11 17:17:43,639 [grpc-default-executor-0] WARN  server.GrpcLogAppender (LogUtils.java:warn(122)) - a41b41b2-6125-497a-a0cb-d7eb73039636@group-EB7AA67B10FD->54fa8802-d5ce-4a45-bac9-9464a05e8046-AppendLogResponseHandler: Failed appendEntries: org.apache.ratis.thirdparty.io.grpc.StatusRuntimeException: UNAVAILABLE: io exception
2023-04-11 17:17:43,640 [grpc-default-executor-0] WARN  server.GrpcLogAppender (GrpcLogAppender.java:resetClient(131)) - a41b41b2-6125-497a-a0cb-d7eb73039636@group-EB7AA67B10FD->54fa8802-d5ce-4a45-bac9-9464a05e8046-GrpcLogAppender: Leader has not got in touch with Follower a41b41b2-6125-497a-a0cb-d7eb73039636@group-EB7AA67B10FD->54fa8802-d5ce-4a45-bac9-9464a05e8046(c0,m0,n1, attendVote=true, lastRpcSendTime=21, lastRpcResponseTime=2528) yet, just keep nextIndex unchanged and retry.
2023-04-11 17:17:43,657 [grpc-default-executor-0] WARN  server.GrpcLogAppender (LogUtils.java:warn(122)) - a41b41b2-6125-497a-a0cb-d7eb73039636@group-EB7AA67B10FD->30e95ef4-c50c-4a35-94a1-24945bf18908-AppendLogResponseHandler: Failed appendEntries: org.apache.ratis.thirdparty.io.grpc.StatusRuntimeException: UNAVAILABLE: io exception
2023-04-11 17:17:43,658 [grpc-default-executor-0] WARN  server.GrpcLogAppender (GrpcLogAppender.java:resetClient(131)) - a41b41b2-6125-497a-a0cb-d7eb73039636@group-EB7AA67B10FD->30e95ef4-c50c-4a35-94a1-24945bf18908-GrpcLogAppender: Leader has not got in touch with Follower a41b41b2-6125-497a-a0cb-d7eb73039636@group-EB7AA67B10FD->30e95ef4-c50c-4a35-94a1-24945bf18908(c0,m0,n1, attendVote=true, lastRpcSendTime=39, lastRpcResponseTime=2546) yet, just keep nextIndex unchanged and retry.
2023-04-11 17:17:44,292 [Listener at 127.0.0.1/41353] INFO  volume.HddsVolume (HddsVolume.java:closeDbStore(437)) - SchemaV3 db is stopped at /home/runner/work/ozone/ozone/hadoop-ozone/integration-test/target/test-dir/MiniOzoneClusterImpl-c6c5b2ab-f103-43fd-a9c8-44793663f5fe/datanode-2/data-0/containers/hdds/c6c5b2ab-f103-43fd-a9c8-44793663f5fe/DS-da755cbe-1448-4168-969d-a3367b996572/container.db for volume DS-da755cbe-1448-4168-969d-a3367b996572
2023-04-11 17:17:44,293 [Listener at 127.0.0.1/41353] INFO  utils.BackgroundService (BackgroundService.java:shutdown(141)) - Shutting down service BlockDeletingService
2023-04-11 17:17:44,293 [Listener at 127.0.0.1/41353] INFO  utils.BackgroundService (BackgroundService.java:shutdown(141)) - Shutting down service StaleRecoveringContainerScrubbingService
2023-04-11 17:17:44,295 [ForkJoinPool.commonPool-worker-0] INFO  volume.HddsVolume (HddsVolume.java:closeDbStore(437)) - SchemaV3 db is stopped at /home/runner/work/ozone/ozone/hadoop-ozone/integration-test/target/test-dir/MiniOzoneClusterImpl-c6c5b2ab-f103-43fd-a9c8-44793663f5fe/datanode-1/data-0/containers/hdds/c6c5b2ab-f103-43fd-a9c8-44793663f5fe/DS-f4ac72a9-e7bd-4cc2-8733-73654781b1db/container.db for volume DS-f4ac72a9-e7bd-4cc2-8733-73654781b1db
2023-04-11 17:17:44,296 [ForkJoinPool.commonPool-worker-0] INFO  utils.BackgroundService (BackgroundService.java:shutdown(141)) - Shutting down service BlockDeletingService
2023-04-11 17:17:44,297 [ForkJoinPool.commonPool-worker-0] INFO  utils.BackgroundService (BackgroundService.java:shutdown(141)) - Shutting down service StaleRecoveringContainerScrubbingService
2023-04-11 17:17:44,300 [Listener at 127.0.0.1/41353] INFO  statemachine.DatanodeStateMachine (DatanodeStateMachine.java:stopDaemon(601)) - Ozone container server stopped.
2023-04-11 17:17:44,326 [ForkJoinPool.commonPool-worker-0] INFO  statemachine.DatanodeStateMachine (DatanodeStateMachine.java:stopDaemon(601)) - Ozone container server stopped.
2023-04-11 17:17:44,344 [Listener at 127.0.0.1/41353] INFO  handler.ContextHandler (ContextHandler.java:doStop(1159)) - Stopped o.e.j.w.WebAppContext@2e810089{hddsDatanode,/,null,STOPPED}{jar:file:/home/runner/.m2/repository/org/apache/ozone/hdds-container-service/1.4.0-SNAPSHOT/hdds-container-service-1.4.0-SNAPSHOT.jar!/webapps/hddsDatanode}
2023-04-11 17:17:44,345 [Listener at 127.0.0.1/41353] INFO  server.AbstractConnector (AbstractConnector.java:doStop(383)) - Stopped ServerConnector@60d993ec{HTTP/1.1, (http/1.1)}{0.0.0.0:0}
2023-04-11 17:17:44,345 [Listener at 127.0.0.1/41353] INFO  server.session (HouseKeeper.java:stopScavenging(149)) - node0 Stopped scavenging
2023-04-11 17:17:44,347 [Listener at 127.0.0.1/41353] INFO  handler.ContextHandler (ContextHandler.java:doStop(1159)) - Stopped o.e.j.s.ServletContextHandler@5460abb0{static,/static,jar:file:/home/runner/.m2/repository/org/apache/ozone/hdds-container-service/1.4.0-SNAPSHOT/hdds-container-service-1.4.0-SNAPSHOT.jar!/webapps/static,STOPPED}
2023-04-11 17:17:44,352 [Listener at 127.0.0.1/41353] INFO  handler.ContextHandler (ContextHandler.java:doStop(1159)) - Stopped o.e.j.s.ServletContextHandler@61bfcf43{logs,/logs,file:///home/runner/work/ozone/ozone/hadoop-ozone/integration-test/target/log,STOPPED}
2023-04-11 17:17:44,347 [ForkJoinPool.commonPool-worker-0] INFO  handler.ContextHandler (ContextHandler.java:doStop(1159)) - Stopped o.e.j.w.WebAppContext@1736262a{hddsDatanode,/,null,STOPPED}{jar:file:/home/runner/.m2/repository/org/apache/ozone/hdds-container-service/1.4.0-SNAPSHOT/hdds-container-service-1.4.0-SNAPSHOT.jar!/webapps/hddsDatanode}
2023-04-11 17:17:44,358 [Listener at 127.0.0.1/41353] INFO  ozoneimpl.OzoneContainer (OzoneContainer.java:stop(419)) - Attempting to stop container services.
2023-04-11 17:17:44,358 [ForkJoinPool.commonPool-worker-0] INFO  server.AbstractConnector (AbstractConnector.java:doStop(383)) - Stopped ServerConnector@465f0b6c{HTTP/1.1, (http/1.1)}{0.0.0.0:0}
2023-04-11 17:17:44,364 [Listener at 127.0.0.1/41353] INFO  server.RaftServer (RaftServerProxy.java:lambda$close$6(409)) - ff5646e7-cde4-4000-b2d9-463cca811cba: close
2023-04-11 17:17:44,364 [ForkJoinPool.commonPool-worker-0] INFO  server.session (HouseKeeper.java:stopScavenging(149)) - node0 Stopped scavenging
2023-04-11 17:17:44,373 [ForkJoinPool.commonPool-worker-0] INFO  handler.ContextHandler (ContextHandler.java:doStop(1159)) - Stopped o.e.j.s.ServletContextHandler@a35b137{static,/static,jar:file:/home/runner/.m2/repository/org/apache/ozone/hdds-container-service/1.4.0-SNAPSHOT/hdds-container-service-1.4.0-SNAPSHOT.jar!/webapps/static,STOPPED}
2023-04-11 17:17:44,373 [ForkJoinPool.commonPool-worker-0] INFO  handler.ContextHandler (ContextHandler.java:doStop(1159)) - Stopped o.e.j.s.ServletContextHandler@45384c1{logs,/logs,file:///home/runner/work/ozone/ozone/hadoop-ozone/integration-test/target/log,STOPPED}
2023-04-11 17:17:44,373 [Listener at 127.0.0.1/41353] INFO  server.GrpcService (GrpcService.java:closeImpl(271)) - ff5646e7-cde4-4000-b2d9-463cca811cba: shutdown server GrpcServerProtocolService now
2023-04-11 17:17:44,376 [Listener at 127.0.0.1/41353] INFO  server.GrpcService (GrpcService.java:closeImpl(280)) - ff5646e7-cde4-4000-b2d9-463cca811cba: shutdown server GrpcServerProtocolService successfully
2023-04-11 17:17:44,376 [ff5646e7-cde4-4000-b2d9-463cca811cba-NettyServerStreamRpc-bossGroup--thread1] INFO  logging.LoggingHandler (AbstractInternalLogger.java:log(148)) - [id: 0x15837f46, L:/0:0:0:0:0:0:0:0:39745] CLOSE
2023-04-11 17:17:44,376 [ff5646e7-cde4-4000-b2d9-463cca811cba-NettyServerStreamRpc-bossGroup--thread1] INFO  logging.LoggingHandler (AbstractInternalLogger.java:log(148)) - [id: 0x15837f46, L:/0:0:0:0:0:0:0:0:39745] INACTIVE
2023-04-11 17:17:44,377 [ff5646e7-cde4-4000-b2d9-463cca811cba-NettyServerStreamRpc-bossGroup--thread1] INFO  logging.LoggingHandler (AbstractInternalLogger.java:log(148)) - [id: 0x15837f46, L:/0:0:0:0:0:0:0:0:39745] UNREGISTERED
2023-04-11 17:17:44,392 [ff5646e7-cde4-4000-b2d9-463cca811cba-impl-thread2] INFO  server.RaftServer$Division (RaftServerImpl.java:lambda$close$4(458)) - ff5646e7-cde4-4000-b2d9-463cca811cba@group-62B5F38A9791: shutdown
2023-04-11 17:17:44,393 [ff5646e7-cde4-4000-b2d9-463cca811cba-impl-thread2] INFO  util.JmxRegister (JmxRegister.java:unregister(73)) - Successfully un-registered JMX Bean with object name Ratis:service=RaftServer,group=group-62B5F38A9791,id=ff5646e7-cde4-4000-b2d9-463cca811cba
2023-04-11 17:17:44,393 [ff5646e7-cde4-4000-b2d9-463cca811cba-impl-thread2] INFO  impl.RoleInfo (RoleInfo.java:shutdownLeaderState(93)) - ff5646e7-cde4-4000-b2d9-463cca811cba: shutdown ff5646e7-cde4-4000-b2d9-463cca811cba@group-62B5F38A9791-LeaderStateImpl
2023-04-11 17:17:44,393 [ff5646e7-cde4-4000-b2d9-463cca811cba-impl-thread2] INFO  impl.PendingRequests (PendingRequests.java:sendNotLeaderResponses(282)) - ff5646e7-cde4-4000-b2d9-463cca811cba@group-62B5F38A9791-PendingRequests: sendNotLeaderResponses
2023-04-11 17:17:44,393 [ff5646e7-cde4-4000-b2d9-463cca811cba-impl-thread2] INFO  impl.StateMachineUpdater (StateMachineUpdater.java:stopAndJoin(153)) - ff5646e7-cde4-4000-b2d9-463cca811cba@group-62B5F38A9791-StateMachineUpdater: set stopIndex = 0
2023-04-11 17:17:44,393 [ff5646e7-cde4-4000-b2d9-463cca811cba@group-62B5F38A9791-StateMachineUpdater] INFO  ratis.ContainerStateMachine (ContainerStateMachine.java:takeSnapshot(330)) - group-62B5F38A9791: Taking a snapshot at:(t:1, i:0) file /home/runner/work/ozone/ozone/hadoop-ozone/integration-test/target/test-dir/MiniOzoneClusterImpl-c6c5b2ab-f103-43fd-a9c8-44793663f5fe/datanode-4/data/ratis/a704b3a9-4e36-4e49-a7da-62b5f38a9791/sm/snapshot.1_0
2023-04-11 17:17:44,401 [ff5646e7-cde4-4000-b2d9-463cca811cba@group-62B5F38A9791-StateMachineUpdater] INFO  ratis.ContainerStateMachine (ContainerStateMachine.java:takeSnapshot(341)) - group-62B5F38A9791: Finished taking a snapshot at:(t:1, i:0) file:/home/runner/work/ozone/ozone/hadoop-ozone/integration-test/target/test-dir/MiniOzoneClusterImpl-c6c5b2ab-f103-43fd-a9c8-44793663f5fe/datanode-4/data/ratis/a704b3a9-4e36-4e49-a7da-62b5f38a9791/sm/snapshot.1_0 took: 7 ms
2023-04-11 17:17:44,401 [ff5646e7-cde4-4000-b2d9-463cca811cba@group-62B5F38A9791-StateMachineUpdater] INFO  impl.StateMachineUpdater (StateMachineUpdater.java:takeSnapshot(287)) - ff5646e7-cde4-4000-b2d9-463cca811cba@group-62B5F38A9791-StateMachineUpdater: Took a snapshot at index 0
2023-04-11 17:17:44,401 [ff5646e7-cde4-4000-b2d9-463cca811cba@group-62B5F38A9791-StateMachineUpdater] INFO  impl.StateMachineUpdater (StateMachineUpdater.java:lambda$new$0(92)) - ff5646e7-cde4-4000-b2d9-463cca811cba@group-62B5F38A9791-StateMachineUpdater: snapshotIndex: updateIncreasingly -1 -> 0
2023-04-11 17:17:44,401 [ff5646e7-cde4-4000-b2d9-463cca811cba-impl-thread2] INFO  server.RaftServer$Division (ServerState.java:close(466)) - ff5646e7-cde4-4000-b2d9-463cca811cba@group-62B5F38A9791: closes. applyIndex: 0
2023-04-11 17:17:44,402 [ff5646e7-cde4-4000-b2d9-463cca811cba@group-62B5F38A9791-SegmentedRaftLogWorker] INFO  segmented.SegmentedRaftLogWorker (SegmentedRaftLogWorker.java:run(347)) - ff5646e7-cde4-4000-b2d9-463cca811cba@group-62B5F38A9791-SegmentedRaftLogWorker was interrupted, exiting. There are 0 tasks remaining in the queue.
2023-04-11 17:17:44,402 [ff5646e7-cde4-4000-b2d9-463cca811cba-impl-thread2] INFO  segmented.SegmentedRaftLogWorker (SegmentedRaftLogWorker.java:close(257)) - ff5646e7-cde4-4000-b2d9-463cca811cba@group-62B5F38A9791-SegmentedRaftLogWorker close()
2023-04-11 17:17:44,403 [JvmPauseMonitor5] INFO  util.JvmPauseMonitor (JvmPauseMonitor.java:run(111)) - JvmPauseMonitor-ff5646e7-cde4-4000-b2d9-463cca811cba: Stopped
2023-04-11 17:17:44,408 [ForkJoinPool.commonPool-worker-0] INFO  ozoneimpl.OzoneContainer (OzoneContainer.java:stop(419)) - Attempting to stop container services.
2023-04-11 17:17:44,409 [ForkJoinPool.commonPool-worker-0] INFO  server.RaftServer (RaftServerProxy.java:lambda$close$6(409)) - a41b41b2-6125-497a-a0cb-d7eb73039636: close
2023-04-11 17:17:44,416 [a41b41b2-6125-497a-a0cb-d7eb73039636-impl-thread2] INFO  server.RaftServer$Division (RaftServerImpl.java:lambda$close$4(458)) - a41b41b2-6125-497a-a0cb-d7eb73039636@group-EB7AA67B10FD: shutdown
2023-04-11 17:17:44,416 [a41b41b2-6125-497a-a0cb-d7eb73039636-impl-thread2] INFO  util.JmxRegister (JmxRegister.java:unregister(73)) - Successfully un-registered JMX Bean with object name Ratis:service=RaftServer,group=group-EB7AA67B10FD,id=a41b41b2-6125-497a-a0cb-d7eb73039636
2023-04-11 17:17:44,416 [a41b41b2-6125-497a-a0cb-d7eb73039636-impl-thread2] INFO  impl.RoleInfo (RoleInfo.java:shutdownLeaderState(93)) - a41b41b2-6125-497a-a0cb-d7eb73039636: shutdown a41b41b2-6125-497a-a0cb-d7eb73039636@group-EB7AA67B10FD-LeaderStateImpl
2023-04-11 17:17:44,417 [a41b41b2-6125-497a-a0cb-d7eb73039636-impl-thread3] INFO  server.RaftServer$Division (RaftServerImpl.java:lambda$close$4(458)) - a41b41b2-6125-497a-a0cb-d7eb73039636@group-DAA6F10AFE43: shutdown
2023-04-11 17:17:44,417 [a41b41b2-6125-497a-a0cb-d7eb73039636-impl-thread3] INFO  util.JmxRegister (JmxRegister.java:unregister(73)) - Successfully un-registered JMX Bean with object name Ratis:service=RaftServer,group=group-DAA6F10AFE43,id=a41b41b2-6125-497a-a0cb-d7eb73039636
2023-04-11 17:17:44,417 [a41b41b2-6125-497a-a0cb-d7eb73039636-impl-thread3] INFO  impl.RoleInfo (RoleInfo.java:shutdownFollowerState(110)) - a41b41b2-6125-497a-a0cb-d7eb73039636: shutdown a41b41b2-6125-497a-a0cb-d7eb73039636@group-DAA6F10AFE43-FollowerState
2023-04-11 17:17:44,417 [ForkJoinPool.commonPool-worker-0] INFO  server.GrpcService (GrpcService.java:closeImpl(271)) - a41b41b2-6125-497a-a0cb-d7eb73039636: shutdown server GrpcServerProtocolService now
2023-04-11 17:17:44,417 [a41b41b2-6125-497a-a0cb-d7eb73039636-impl-thread2] INFO  impl.PendingRequests (PendingRequests.java:sendNotLeaderResponses(282)) - a41b41b2-6125-497a-a0cb-d7eb73039636@group-EB7AA67B10FD-PendingRequests: sendNotLeaderResponses
2023-04-11 17:17:44,417 [a41b41b2-6125-497a-a0cb-d7eb73039636-impl-thread2] INFO  impl.StateMachineUpdater (StateMachineUpdater.java:stopAndJoin(153)) - a41b41b2-6125-497a-a0cb-d7eb73039636@group-EB7AA67B10FD-StateMachineUpdater: set stopIndex = 0
2023-04-11 17:17:44,418 [a41b41b2-6125-497a-a0cb-d7eb73039636@group-EB7AA67B10FD-StateMachineUpdater] INFO  ratis.ContainerStateMachine (ContainerStateMachine.java:takeSnapshot(330)) - group-EB7AA67B10FD: Taking a snapshot at:(t:1, i:0) file /home/runner/work/ozone/ozone/hadoop-ozone/integration-test/target/test-dir/MiniOzoneClusterImpl-c6c5b2ab-f103-43fd-a9c8-44793663f5fe/datanode-0/data/ratis/7bdbafa8-6302-4be6-9d3b-eb7aa67b10fd/sm/snapshot.1_0
2023-04-11 17:17:44,418 [a41b41b2-6125-497a-a0cb-d7eb73039636@group-EB7AA67B10FD-StateMachineUpdater] INFO  ratis.ContainerStateMachine (ContainerStateMachine.java:takeSnapshot(341)) - group-EB7AA67B10FD: Finished taking a snapshot at:(t:1, i:0) file:/home/runner/work/ozone/ozone/hadoop-ozone/integration-test/target/test-dir/MiniOzoneClusterImpl-c6c5b2ab-f103-43fd-a9c8-44793663f5fe/datanode-0/data/ratis/7bdbafa8-6302-4be6-9d3b-eb7aa67b10fd/sm/snapshot.1_0 took: 1 ms
2023-04-11 17:17:44,419 [a41b41b2-6125-497a-a0cb-d7eb73039636@group-EB7AA67B10FD-StateMachineUpdater] INFO  impl.StateMachineUpdater (StateMachineUpdater.java:takeSnapshot(287)) - a41b41b2-6125-497a-a0cb-d7eb73039636@group-EB7AA67B10FD-StateMachineUpdater: Took a snapshot at index 0
2023-04-11 17:17:44,419 [a41b41b2-6125-497a-a0cb-d7eb73039636@group-EB7AA67B10FD-StateMachineUpdater] INFO  impl.StateMachineUpdater (StateMachineUpdater.java:lambda$new$0(92)) - a41b41b2-6125-497a-a0cb-d7eb73039636@group-EB7AA67B10FD-StateMachineUpdater: snapshotIndex: updateIncreasingly -1 -> 0
2023-04-11 17:17:44,420 [a41b41b2-6125-497a-a0cb-d7eb73039636@group-DAA6F10AFE43-FollowerState] INFO  impl.FollowerState (FollowerState.java:run(152)) - a41b41b2-6125-497a-a0cb-d7eb73039636@group-DAA6F10AFE43-FollowerState was interrupted
2023-04-11 17:17:44,420 [a41b41b2-6125-497a-a0cb-d7eb73039636-impl-thread3] INFO  impl.StateMachineUpdater (StateMachineUpdater.java:stopAndJoin(153)) - a41b41b2-6125-497a-a0cb-d7eb73039636@group-DAA6F10AFE43-StateMachineUpdater: set stopIndex = 30
2023-04-11 17:17:44,420 [a41b41b2-6125-497a-a0cb-d7eb73039636-impl-thread4] INFO  server.RaftServer$Division (RaftServerImpl.java:lambda$close$4(458)) - a41b41b2-6125-497a-a0cb-d7eb73039636@group-251F6546987D: shutdown
2023-04-11 17:17:44,420 [a41b41b2-6125-497a-a0cb-d7eb73039636@group-DAA6F10AFE43-StateMachineUpdater] INFO  ratis.ContainerStateMachine (ContainerStateMachine.java:takeSnapshot(330)) - group-DAA6F10AFE43: Taking a snapshot at:(t:1, i:30) file /home/runner/work/ozone/ozone/hadoop-ozone/integration-test/target/test-dir/MiniOzoneClusterImpl-c6c5b2ab-f103-43fd-a9c8-44793663f5fe/datanode-0/data/ratis/ca66e343-0845-4fc9-bc72-daa6f10afe43/sm/snapshot.1_30
2023-04-11 17:17:44,420 [a41b41b2-6125-497a-a0cb-d7eb73039636-impl-thread4] INFO  util.JmxRegister (JmxRegister.java:unregister(73)) - Successfully un-registered JMX Bean with object name Ratis:service=RaftServer,group=group-251F6546987D,id=a41b41b2-6125-497a-a0cb-d7eb73039636
2023-04-11 17:17:44,420 [a41b41b2-6125-497a-a0cb-d7eb73039636-impl-thread4] INFO  impl.RoleInfo (RoleInfo.java:shutdownLeaderState(93)) - a41b41b2-6125-497a-a0cb-d7eb73039636: shutdown a41b41b2-6125-497a-a0cb-d7eb73039636@group-251F6546987D-LeaderStateImpl
2023-04-11 17:17:44,420 [a41b41b2-6125-497a-a0cb-d7eb73039636-impl-thread4] INFO  impl.PendingRequests (PendingRequests.java:sendNotLeaderResponses(282)) - a41b41b2-6125-497a-a0cb-d7eb73039636@group-251F6546987D-PendingRequests: sendNotLeaderResponses
2023-04-11 17:17:44,421 [ForkJoinPool.commonPool-worker-0] INFO  server.GrpcServerProtocolClient (GrpcServerProtocolClient.java:close(101)) - 30e95ef4-c50c-4a35-94a1-24945bf18908 Close channels
2023-04-11 17:17:44,421 [a41b41b2-6125-497a-a0cb-d7eb73039636@group-251F6546987D-StateMachineUpdater] INFO  ratis.ContainerStateMachine (ContainerStateMachine.java:takeSnapshot(330)) - group-251F6546987D: Taking a snapshot at:(t:1, i:0) file /home/runner/work/ozone/ozone/hadoop-ozone/integration-test/target/test-dir/MiniOzoneClusterImpl-c6c5b2ab-f103-43fd-a9c8-44793663f5fe/datanode-0/data/ratis/8f75988f-3ceb-4bfc-9fce-251f6546987d/sm/snapshot.1_0
2023-04-11 17:17:44,421 [a41b41b2-6125-497a-a0cb-d7eb73039636-impl-thread4] INFO  impl.StateMachineUpdater (StateMachineUpdater.java:stopAndJoin(153)) - a41b41b2-6125-497a-a0cb-d7eb73039636@group-251F6546987D-StateMachineUpdater: set stopIndex = 0
2023-04-11 17:17:44,422 [a41b41b2-6125-497a-a0cb-d7eb73039636@group-DAA6F10AFE43-StateMachineUpdater] INFO  ratis.ContainerStateMachine (ContainerStateMachine.java:takeSnapshot(341)) - group-DAA6F10AFE43: Finished taking a snapshot at:(t:1, i:30) file:/home/runner/work/ozone/ozone/hadoop-ozone/integration-test/target/test-dir/MiniOzoneClusterImpl-c6c5b2ab-f103-43fd-a9c8-44793663f5fe/datanode-0/data/ratis/ca66e343-0845-4fc9-bc72-daa6f10afe43/sm/snapshot.1_30 took: 3 ms
2023-04-11 17:17:44,422 [a41b41b2-6125-497a-a0cb-d7eb73039636@group-251F6546987D-StateMachineUpdater] INFO  ratis.ContainerStateMachine (ContainerStateMachine.java:takeSnapshot(341)) - group-251F6546987D: Finished taking a snapshot at:(t:1, i:0) file:/home/runner/work/ozone/ozone/hadoop-ozone/integration-test/target/test-dir/MiniOzoneClusterImpl-c6c5b2ab-f103-43fd-a9c8-44793663f5fe/datanode-0/data/ratis/8f75988f-3ceb-4bfc-9fce-251f6546987d/sm/snapshot.1_0 took: 1 ms
2023-04-11 17:17:44,422 [a41b41b2-6125-497a-a0cb-d7eb73039636@group-DAA6F10AFE43-StateMachineUpdater] INFO  impl.StateMachineUpdater (StateMachineUpdater.java:takeSnapshot(287)) - a41b41b2-6125-497a-a0cb-d7eb73039636@group-DAA6F10AFE43-StateMachineUpdater: Took a snapshot at index 30
2023-04-11 17:17:44,422 [a41b41b2-6125-497a-a0cb-d7eb73039636@group-DAA6F10AFE43-StateMachineUpdater] INFO  impl.StateMachineUpdater (StateMachineUpdater.java:lambda$new$0(92)) - a41b41b2-6125-497a-a0cb-d7eb73039636@group-DAA6F10AFE43-StateMachineUpdater: snapshotIndex: updateIncreasingly -1 -> 30
2023-04-11 17:17:44,422 [ForkJoinPool.commonPool-worker-0] INFO  server.GrpcServerProtocolClient (GrpcServerProtocolClient.java:close(101)) - 54fa8802-d5ce-4a45-bac9-9464a05e8046 Close channels
2023-04-11 17:17:44,422 [a41b41b2-6125-497a-a0cb-d7eb73039636@group-251F6546987D-StateMachineUpdater] INFO  impl.StateMachineUpdater (StateMachineUpdater.java:takeSnapshot(287)) - a41b41b2-6125-497a-a0cb-d7eb73039636@group-251F6546987D-StateMachineUpdater: Took a snapshot at index 0
2023-04-11 17:17:44,423 [a41b41b2-6125-497a-a0cb-d7eb73039636@group-251F6546987D-StateMachineUpdater] INFO  impl.StateMachineUpdater (StateMachineUpdater.java:lambda$new$0(92)) - a41b41b2-6125-497a-a0cb-d7eb73039636@group-251F6546987D-StateMachineUpdater: snapshotIndex: updateIncreasingly -1 -> 0
2023-04-11 17:17:44,423 [ForkJoinPool.commonPool-worker-0] INFO  server.GrpcService (GrpcService.java:closeImpl(280)) - a41b41b2-6125-497a-a0cb-d7eb73039636: shutdown server GrpcServerProtocolService successfully
2023-04-11 17:17:44,423 [a41b41b2-6125-497a-a0cb-d7eb73039636-NettyServerStreamRpc-bossGroup--thread1] INFO  logging.LoggingHandler (AbstractInternalLogger.java:log(148)) - [id: 0xd592be55, L:/0:0:0:0:0:0:0:0:45057] CLOSE
2023-04-11 17:17:44,424 [a41b41b2-6125-497a-a0cb-d7eb73039636-NettyServerStreamRpc-bossGroup--thread1] INFO  logging.LoggingHandler (AbstractInternalLogger.java:log(148)) - [id: 0xd592be55, L:/0:0:0:0:0:0:0:0:45057] INACTIVE
2023-04-11 17:17:44,424 [a41b41b2-6125-497a-a0cb-d7eb73039636-NettyServerStreamRpc-bossGroup--thread1] INFO  logging.LoggingHandler (AbstractInternalLogger.java:log(148)) - [id: 0xd592be55, L:/0:0:0:0:0:0:0:0:45057] UNREGISTERED
2023-04-11 17:17:44,424 [a41b41b2-6125-497a-a0cb-d7eb73039636-impl-thread3] INFO  server.RaftServer$Division (ServerState.java:close(466)) - a41b41b2-6125-497a-a0cb-d7eb73039636@group-DAA6F10AFE43: closes. applyIndex: 30
2023-04-11 17:17:44,424 [a41b41b2-6125-497a-a0cb-d7eb73039636-impl-thread4] INFO  server.RaftServer$Division (ServerState.java:close(466)) - a41b41b2-6125-497a-a0cb-d7eb73039636@group-251F6546987D: closes. applyIndex: 0
2023-04-11 17:17:44,425 [a41b41b2-6125-497a-a0cb-d7eb73039636-impl-thread2] INFO  server.RaftServer$Division (ServerState.java:close(466)) - a41b41b2-6125-497a-a0cb-d7eb73039636@group-EB7AA67B10FD: closes. applyIndex: 0
2023-04-11 17:17:44,425 [a41b41b2-6125-497a-a0cb-d7eb73039636@group-251F6546987D-SegmentedRaftLogWorker] INFO  segmented.SegmentedRaftLogWorker (SegmentedRaftLogWorker.java:run(347)) - a41b41b2-6125-497a-a0cb-d7eb73039636@group-251F6546987D-SegmentedRaftLogWorker was interrupted, exiting. There are 0 tasks remaining in the queue.
2023-04-11 17:17:44,425 [a41b41b2-6125-497a-a0cb-d7eb73039636-impl-thread4] INFO  segmented.SegmentedRaftLogWorker (SegmentedRaftLogWorker.java:close(257)) - a41b41b2-6125-497a-a0cb-d7eb73039636@group-251F6546987D-SegmentedRaftLogWorker close()
2023-04-11 17:17:44,425 [a41b41b2-6125-497a-a0cb-d7eb73039636@group-DAA6F10AFE43-SegmentedRaftLogWorker] INFO  segmented.SegmentedRaftLogWorker (SegmentedRaftLogWorker.java:run(347)) - a41b41b2-6125-497a-a0cb-d7eb73039636@group-DAA6F10AFE43-SegmentedRaftLogWorker was interrupted, exiting. There are 0 tasks remaining in the queue.
2023-04-11 17:17:44,425 [a41b41b2-6125-497a-a0cb-d7eb73039636@group-EB7AA67B10FD-SegmentedRaftLogWorker] INFO  segmented.SegmentedRaftLogWorker (SegmentedRaftLogWorker.java:run(347)) - a41b41b2-6125-497a-a0cb-d7eb73039636@group-EB7AA67B10FD-SegmentedRaftLogWorker was interrupted, exiting. There are 0 tasks remaining in the queue.
2023-04-11 17:17:44,437 [a41b41b2-6125-497a-a0cb-d7eb73039636-impl-thread3] INFO  segmented.SegmentedRaftLogWorker (SegmentedRaftLogWorker.java:close(257)) - a41b41b2-6125-497a-a0cb-d7eb73039636@group-DAA6F10AFE43-SegmentedRaftLogWorker close()
2023-04-11 17:17:44,438 [a41b41b2-6125-497a-a0cb-d7eb73039636-impl-thread2] INFO  segmented.SegmentedRaftLogWorker (SegmentedRaftLogWorker.java:close(257)) - a41b41b2-6125-497a-a0cb-d7eb73039636@group-EB7AA67B10FD-SegmentedRaftLogWorker close()
2023-04-11 17:17:44,440 [JvmPauseMonitor1] INFO  util.JvmPauseMonitor (JvmPauseMonitor.java:run(111)) - JvmPauseMonitor-a41b41b2-6125-497a-a0cb-d7eb73039636: Stopped
2023-04-11 17:17:46,415 [Listener at 127.0.0.1/41353] INFO  volume.HddsVolume (HddsVolume.java:closeDbStore(437)) - SchemaV3 db is stopped at /home/runner/work/ozone/ozone/hadoop-ozone/integration-test/target/test-dir/MiniOzoneClusterImpl-c6c5b2ab-f103-43fd-a9c8-44793663f5fe/datanode-4/data-0/containers/hdds/c6c5b2ab-f103-43fd-a9c8-44793663f5fe/DS-db1504f3-a51a-4c54-a3d7-85265d18f2fc/container.db for volume DS-db1504f3-a51a-4c54-a3d7-85265d18f2fc
2023-04-11 17:17:46,416 [Listener at 127.0.0.1/41353] INFO  utils.BackgroundService (BackgroundService.java:shutdown(141)) - Shutting down service BlockDeletingService
2023-04-11 17:17:46,421 [Listener at 127.0.0.1/41353] INFO  utils.BackgroundService (BackgroundService.java:shutdown(141)) - Shutting down service StaleRecoveringContainerScrubbingService
2023-04-11 17:17:46,424 [Listener at 127.0.0.1/41353] INFO  statemachine.DatanodeStateMachine (DatanodeStateMachine.java:stopDaemon(601)) - Ozone container server stopped.
2023-04-11 17:17:46,435 [Listener at 127.0.0.1/41353] INFO  handler.ContextHandler (ContextHandler.java:doStop(1159)) - Stopped o.e.j.w.WebAppContext@1ffae821{hddsDatanode,/,null,STOPPED}{jar:file:/home/runner/.m2/repository/org/apache/ozone/hdds-container-service/1.4.0-SNAPSHOT/hdds-container-service-1.4.0-SNAPSHOT.jar!/webapps/hddsDatanode}
2023-04-11 17:17:46,436 [Listener at 127.0.0.1/41353] INFO  server.AbstractConnector (AbstractConnector.java:doStop(383)) - Stopped ServerConnector@686f50bf{HTTP/1.1, (http/1.1)}{0.0.0.0:0}
2023-04-11 17:17:46,436 [Listener at 127.0.0.1/41353] INFO  server.session (HouseKeeper.java:stopScavenging(149)) - node0 Stopped scavenging
2023-04-11 17:17:46,436 [Listener at 127.0.0.1/41353] INFO  handler.ContextHandler (ContextHandler.java:doStop(1159)) - Stopped o.e.j.s.ServletContextHandler@6b238c47{static,/static,jar:file:/home/runner/.m2/repository/org/apache/ozone/hdds-container-service/1.4.0-SNAPSHOT/hdds-container-service-1.4.0-SNAPSHOT.jar!/webapps/static,STOPPED}
2023-04-11 17:17:46,439 [Listener at 127.0.0.1/41353] INFO  handler.ContextHandler (ContextHandler.java:doStop(1159)) - Stopped o.e.j.s.ServletContextHandler@1a3bebf9{logs,/logs,file:///home/runner/work/ozone/ozone/hadoop-ozone/integration-test/target/log,STOPPED}
2023-04-11 17:17:46,442 [Listener at 127.0.0.1/41353] INFO  ozoneimpl.OzoneContainer (OzoneContainer.java:stop(419)) - Attempting to stop container services.
2023-04-11 17:17:46,444 [Listener at 127.0.0.1/41353] INFO  server.RaftServer (RaftServerProxy.java:lambda$close$6(409)) - f773ed51-7a93-4584-ad9a-f2b89fe87645: close
2023-04-11 17:17:46,445 [ForkJoinPool.commonPool-worker-0] INFO  volume.HddsVolume (HddsVolume.java:closeDbStore(437)) - SchemaV3 db is stopped at /home/runner/work/ozone/ozone/hadoop-ozone/integration-test/target/test-dir/MiniOzoneClusterImpl-c6c5b2ab-f103-43fd-a9c8-44793663f5fe/datanode-0/data-0/containers/hdds/c6c5b2ab-f103-43fd-a9c8-44793663f5fe/DS-fbca8fff-ff9f-467c-b818-63c6fd60a8cd/container.db for volume DS-fbca8fff-ff9f-467c-b818-63c6fd60a8cd
2023-04-11 17:17:46,446 [Listener at 127.0.0.1/41353] INFO  server.GrpcService (GrpcService.java:closeImpl(271)) - f773ed51-7a93-4584-ad9a-f2b89fe87645: shutdown server GrpcServerProtocolService now
2023-04-11 17:17:46,448 [ForkJoinPool.commonPool-worker-0] INFO  utils.BackgroundService (BackgroundService.java:shutdown(141)) - Shutting down service BlockDeletingService
2023-04-11 17:17:46,449 [ForkJoinPool.commonPool-worker-0] INFO  utils.BackgroundService (BackgroundService.java:shutdown(141)) - Shutting down service StaleRecoveringContainerScrubbingService
2023-04-11 17:17:46,451 [ForkJoinPool.commonPool-worker-0] INFO  statemachine.DatanodeStateMachine (DatanodeStateMachine.java:stopDaemon(601)) - Ozone container server stopped.
2023-04-11 17:17:46,453 [f773ed51-7a93-4584-ad9a-f2b89fe87645-impl-thread2] INFO  server.RaftServer$Division (RaftServerImpl.java:lambda$close$4(458)) - f773ed51-7a93-4584-ad9a-f2b89fe87645@group-6B8177AB359D: shutdown
2023-04-11 17:17:46,453 [f773ed51-7a93-4584-ad9a-f2b89fe87645-impl-thread2] INFO  util.JmxRegister (JmxRegister.java:unregister(73)) - Successfully un-registered JMX Bean with object name Ratis:service=RaftServer,group=group-6B8177AB359D,id=f773ed51-7a93-4584-ad9a-f2b89fe87645
2023-04-11 17:17:46,453 [f773ed51-7a93-4584-ad9a-f2b89fe87645-impl-thread2] INFO  impl.RoleInfo (RoleInfo.java:shutdownLeaderState(93)) - f773ed51-7a93-4584-ad9a-f2b89fe87645: shutdown f773ed51-7a93-4584-ad9a-f2b89fe87645@group-6B8177AB359D-LeaderStateImpl
2023-04-11 17:17:46,453 [f773ed51-7a93-4584-ad9a-f2b89fe87645-impl-thread2] INFO  impl.PendingRequests (PendingRequests.java:sendNotLeaderResponses(282)) - f773ed51-7a93-4584-ad9a-f2b89fe87645@group-6B8177AB359D-PendingRequests: sendNotLeaderResponses
2023-04-11 17:17:46,456 [Listener at 127.0.0.1/41353] INFO  server.GrpcService (GrpcService.java:closeImpl(280)) - f773ed51-7a93-4584-ad9a-f2b89fe87645: shutdown server GrpcServerProtocolService successfully
2023-04-11 17:17:46,459 [f773ed51-7a93-4584-ad9a-f2b89fe87645-NettyServerStreamRpc-bossGroup--thread1] INFO  logging.LoggingHandler (AbstractInternalLogger.java:log(148)) - [id: 0xed336013, L:/0:0:0:0:0:0:0:0:39279] CLOSE
2023-04-11 17:17:46,460 [f773ed51-7a93-4584-ad9a-f2b89fe87645-NettyServerStreamRpc-bossGroup--thread1] INFO  logging.LoggingHandler (AbstractInternalLogger.java:log(148)) - [id: 0xed336013, L:/0:0:0:0:0:0:0:0:39279] INACTIVE
2023-04-11 17:17:46,460 [f773ed51-7a93-4584-ad9a-f2b89fe87645-NettyServerStreamRpc-bossGroup--thread1] INFO  logging.LoggingHandler (AbstractInternalLogger.java:log(148)) - [id: 0xed336013, L:/0:0:0:0:0:0:0:0:39279] UNREGISTERED
2023-04-11 17:17:46,463 [f773ed51-7a93-4584-ad9a-f2b89fe87645@group-6B8177AB359D-StateMachineUpdater] INFO  ratis.ContainerStateMachine (ContainerStateMachine.java:takeSnapshot(330)) - group-6B8177AB359D: Taking a snapshot at:(t:1, i:0) file /home/runner/work/ozone/ozone/hadoop-ozone/integration-test/target/test-dir/MiniOzoneClusterImpl-c6c5b2ab-f103-43fd-a9c8-44793663f5fe/datanode-3/data/ratis/5aee414d-da13-47d4-a44a-6b8177ab359d/sm/snapshot.1_0
2023-04-11 17:17:46,463 [f773ed51-7a93-4584-ad9a-f2b89fe87645-impl-thread2] INFO  impl.StateMachineUpdater (StateMachineUpdater.java:stopAndJoin(153)) - f773ed51-7a93-4584-ad9a-f2b89fe87645@group-6B8177AB359D-StateMachineUpdater: set stopIndex = 0
2023-04-11 17:17:46,465 [f773ed51-7a93-4584-ad9a-f2b89fe87645@group-6B8177AB359D-StateMachineUpdater] INFO  ratis.ContainerStateMachine (ContainerStateMachine.java:takeSnapshot(341)) - group-6B8177AB359D: Finished taking a snapshot at:(t:1, i:0) file:/home/runner/work/ozone/ozone/hadoop-ozone/integration-test/target/test-dir/MiniOzoneClusterImpl-c6c5b2ab-f103-43fd-a9c8-44793663f5fe/datanode-3/data/ratis/5aee414d-da13-47d4-a44a-6b8177ab359d/sm/snapshot.1_0 took: 3 ms
2023-04-11 17:17:46,465 [f773ed51-7a93-4584-ad9a-f2b89fe87645@group-6B8177AB359D-StateMachineUpdater] INFO  impl.StateMachineUpdater (StateMachineUpdater.java:takeSnapshot(287)) - f773ed51-7a93-4584-ad9a-f2b89fe87645@group-6B8177AB359D-StateMachineUpdater: Took a snapshot at index 0
2023-04-11 17:17:46,465 [f773ed51-7a93-4584-ad9a-f2b89fe87645@group-6B8177AB359D-StateMachineUpdater] INFO  impl.StateMachineUpdater (StateMachineUpdater.java:lambda$new$0(92)) - f773ed51-7a93-4584-ad9a-f2b89fe87645@group-6B8177AB359D-StateMachineUpdater: snapshotIndex: updateIncreasingly -1 -> 0
2023-04-11 17:17:46,466 [f773ed51-7a93-4584-ad9a-f2b89fe87645-impl-thread2] INFO  server.RaftServer$Division (ServerState.java:close(466)) - f773ed51-7a93-4584-ad9a-f2b89fe87645@group-6B8177AB359D: closes. applyIndex: 0
2023-04-11 17:17:46,468 [f773ed51-7a93-4584-ad9a-f2b89fe87645@group-6B8177AB359D-SegmentedRaftLogWorker] INFO  segmented.SegmentedRaftLogWorker (SegmentedRaftLogWorker.java:run(347)) - f773ed51-7a93-4584-ad9a-f2b89fe87645@group-6B8177AB359D-SegmentedRaftLogWorker was interrupted, exiting. There are 0 tasks remaining in the queue.
2023-04-11 17:17:46,469 [f773ed51-7a93-4584-ad9a-f2b89fe87645-impl-thread2] INFO  segmented.SegmentedRaftLogWorker (SegmentedRaftLogWorker.java:close(257)) - f773ed51-7a93-4584-ad9a-f2b89fe87645@group-6B8177AB359D-SegmentedRaftLogWorker close()
2023-04-11 17:17:46,469 [ForkJoinPool.commonPool-worker-0] INFO  handler.ContextHandler (ContextHandler.java:doStop(1159)) - Stopped o.e.j.w.WebAppContext@24206c55{hddsDatanode,/,null,STOPPED}{jar:file:/home/runner/.m2/repository/org/apache/ozone/hdds-container-service/1.4.0-SNAPSHOT/hdds-container-service-1.4.0-SNAPSHOT.jar!/webapps/hddsDatanode}
2023-04-11 17:17:46,471 [JvmPauseMonitor4] INFO  util.JvmPauseMonitor (JvmPauseMonitor.java:run(111)) - JvmPauseMonitor-f773ed51-7a93-4584-ad9a-f2b89fe87645: Stopped
2023-04-11 17:17:46,471 [ForkJoinPool.commonPool-worker-0] INFO  server.AbstractConnector (AbstractConnector.java:doStop(383)) - Stopped ServerConnector@3e2c4009{HTTP/1.1, (http/1.1)}{0.0.0.0:0}
2023-04-11 17:17:46,472 [ForkJoinPool.commonPool-worker-0] INFO  server.session (HouseKeeper.java:stopScavenging(149)) - node0 Stopped scavenging
2023-04-11 17:17:46,472 [ForkJoinPool.commonPool-worker-0] INFO  handler.ContextHandler (ContextHandler.java:doStop(1159)) - Stopped o.e.j.s.ServletContextHandler@413bf74f{static,/static,jar:file:/home/runner/.m2/repository/org/apache/ozone/hdds-container-service/1.4.0-SNAPSHOT/hdds-container-service-1.4.0-SNAPSHOT.jar!/webapps/static,STOPPED}
2023-04-11 17:17:46,473 [ForkJoinPool.commonPool-worker-0] INFO  handler.ContextHandler (ContextHandler.java:doStop(1159)) - Stopped o.e.j.s.ServletContextHandler@79cb6e98{logs,/logs,file:///home/runner/work/ozone/ozone/hadoop-ozone/integration-test/target/log,STOPPED}
2023-04-11 17:17:48,483 [Listener at 127.0.0.1/41353] INFO  volume.HddsVolume (HddsVolume.java:closeDbStore(437)) - SchemaV3 db is stopped at /home/runner/work/ozone/ozone/hadoop-ozone/integration-test/target/test-dir/MiniOzoneClusterImpl-c6c5b2ab-f103-43fd-a9c8-44793663f5fe/datanode-3/data-0/containers/hdds/c6c5b2ab-f103-43fd-a9c8-44793663f5fe/DS-4f2112e5-5c16-4be8-9594-2e415323e3dc/container.db for volume DS-4f2112e5-5c16-4be8-9594-2e415323e3dc
2023-04-11 17:17:48,483 [Listener at 127.0.0.1/41353] INFO  utils.BackgroundService (BackgroundService.java:shutdown(141)) - Shutting down service BlockDeletingService
2023-04-11 17:17:48,485 [Listener at 127.0.0.1/41353] INFO  utils.BackgroundService (BackgroundService.java:shutdown(141)) - Shutting down service StaleRecoveringContainerScrubbingService
2023-04-11 17:17:48,487 [Listener at 127.0.0.1/41353] INFO  statemachine.DatanodeStateMachine (DatanodeStateMachine.java:stopDaemon(601)) - Ozone container server stopped.
2023-04-11 17:17:48,498 [Listener at 127.0.0.1/41353] INFO  handler.ContextHandler (ContextHandler.java:doStop(1159)) - Stopped o.e.j.w.WebAppContext@2b7be984{hddsDatanode,/,null,STOPPED}{jar:file:/home/runner/.m2/repository/org/apache/ozone/hdds-container-service/1.4.0-SNAPSHOT/hdds-container-service-1.4.0-SNAPSHOT.jar!/webapps/hddsDatanode}
2023-04-11 17:17:48,498 [Listener at 127.0.0.1/41353] INFO  server.AbstractConnector (AbstractConnector.java:doStop(383)) - Stopped ServerConnector@4e0a5927{HTTP/1.1, (http/1.1)}{0.0.0.0:0}
2023-04-11 17:17:48,498 [Listener at 127.0.0.1/41353] INFO  server.session (HouseKeeper.java:stopScavenging(149)) - node0 Stopped scavenging
2023-04-11 17:17:48,499 [Listener at 127.0.0.1/41353] INFO  handler.ContextHandler (ContextHandler.java:doStop(1159)) - Stopped o.e.j.s.ServletContextHandler@6f354cf6{static,/static,jar:file:/home/runner/.m2/repository/org/apache/ozone/hdds-container-service/1.4.0-SNAPSHOT/hdds-container-service-1.4.0-SNAPSHOT.jar!/webapps/static,STOPPED}
2023-04-11 17:17:48,500 [Listener at 127.0.0.1/41353] INFO  handler.ContextHandler (ContextHandler.java:doStop(1159)) - Stopped o.e.j.s.ServletContextHandler@298d0364{logs,/logs,file:///home/runner/work/ozone/ozone/hadoop-ozone/integration-test/target/log,STOPPED}
2023-04-11 17:17:48,502 [Listener at 127.0.0.1/41353] INFO  ozone.MiniOzoneClusterImpl (MiniOzoneClusterImpl.java:stopSCM(549)) - Stopping the StorageContainerManager
2023-04-11 17:17:48,502 [Listener at 127.0.0.1/41353] INFO  server.StorageContainerManager (StorageContainerManager.java:stop(1550)) - Container Balancer is not running.
2023-04-11 17:17:48,502 [Listener at 127.0.0.1/41353] INFO  server.StorageContainerManager (StorageContainerManager.java:stopReplicationManager(1672)) - Stopping Replication Manager Service.
2023-04-11 17:17:48,502 [Listener at 127.0.0.1/41353] INFO  replication.ReplicationManager (ReplicationManager.java:stop(321)) - Stopping Replication Monitor Thread.
2023-04-11 17:17:48,502 [Over Replicated Processor] WARN  replication.UnhealthyReplicationProcessor (UnhealthyReplicationProcessor.java:run(146)) - Over Replicated Processor interrupted. Exiting...
2023-04-11 17:17:48,503 [ReplicationMonitor] INFO  replication.ReplicationManager (ReplicationManager.java:run(975)) - Replication Monitor Thread is stopped
2023-04-11 17:17:48,503 [Listener at 127.0.0.1/41353] INFO  server.StorageContainerManager (StorageContainerManager.java:stop(1559)) - Stopping the Datanode Admin Monitor.
2023-04-11 17:17:48,504 [Listener at 127.0.0.1/41353] INFO  server.StorageContainerManager (StorageContainerManager.java:stop(1566)) - Stopping datanode service RPC server
2023-04-11 17:17:48,504 [Listener at 127.0.0.1/41353] INFO  server.SCMDatanodeProtocolServer (SCMDatanodeProtocolServer.java:stop(424)) - Stopping the RPC server for DataNodes
2023-04-11 17:17:48,504 [Listener at 127.0.0.1/41353] INFO  ipc.Server (Server.java:stop(3501)) - Stopping server on 42271
2023-04-11 17:17:48,502 [Under Replicated Processor] WARN  replication.UnhealthyReplicationProcessor (UnhealthyReplicationProcessor.java:run(146)) - Under Replicated Processor interrupted. Exiting...
2023-04-11 17:17:48,506 [IPC Server listener on 0] INFO  ipc.Server (Server.java:run(1430)) - Stopping IPC Server listener on 0
2023-04-11 17:17:48,506 [IPC Server Responder] INFO  ipc.Server (Server.java:run(1563)) - Stopping IPC Server Responder
2023-04-11 17:17:48,528 [SCM Heartbeat Processing Thread - 0] WARN  node.NodeStateManager (NodeStateManager.java:scheduleNextHealthCheck(870)) - Current Thread is interrupted, shutting down HB processing thread for Node Manager.
2023-04-11 17:17:48,528 [Listener at 127.0.0.1/41353] INFO  server.StorageContainerManager (StorageContainerManager.java:stop(1574)) - Stopping block service RPC server
2023-04-11 17:17:48,528 [Listener at 127.0.0.1/41353] INFO  server.SCMBlockProtocolServer (SCMBlockProtocolServer.java:stop(161)) - Stopping the RPC server for Block Protocol
2023-04-11 17:17:48,528 [Listener at 127.0.0.1/41353] INFO  ipc.Server (Server.java:stop(3501)) - Stopping server on 39109
2023-04-11 17:17:48,531 [IPC Server listener on 0] INFO  ipc.Server (Server.java:run(1430)) - Stopping IPC Server listener on 0
2023-04-11 17:17:48,532 [IPC Server Responder] INFO  ipc.Server (Server.java:run(1563)) - Stopping IPC Server Responder
2023-04-11 17:17:48,533 [Listener at 127.0.0.1/41353] INFO  server.StorageContainerManager (StorageContainerManager.java:stop(1581)) - Stopping the StorageContainerLocationProtocol RPC server
2023-04-11 17:17:48,533 [Listener at 127.0.0.1/41353] INFO  server.SCMClientProtocolServer (SCMClientProtocolServer.java:stop(206)) - Stopping the RPC server for Client Protocol
2023-04-11 17:17:48,533 [Listener at 127.0.0.1/41353] INFO  ipc.Server (Server.java:stop(3501)) - Stopping server on 33207
2023-04-11 17:17:48,535 [IPC Server listener on 0] INFO  ipc.Server (Server.java:run(1430)) - Stopping IPC Server listener on 0
2023-04-11 17:17:48,536 [IPC Server Responder] INFO  ipc.Server (Server.java:run(1563)) - Stopping IPC Server Responder
2023-04-11 17:17:48,536 [Listener at 127.0.0.1/41353] INFO  server.StorageContainerManager (StorageContainerManager.java:stop(1588)) - Stopping Storage Container Manager HTTP server.
2023-04-11 17:17:48,537 [Listener at 127.0.0.1/41353] INFO  handler.ContextHandler (ContextHandler.java:doStop(1159)) - Stopped o.e.j.w.WebAppContext@22f1a340{scm,/,null,STOPPED}{file:/home/runner/work/ozone/ozone/hadoop-ozone/integration-test/target/test-classes/webapps/scm}
2023-04-11 17:17:48,538 [Listener at 127.0.0.1/41353] INFO  server.AbstractConnector (AbstractConnector.java:doStop(383)) - Stopped ServerConnector@7fb313e3{HTTP/1.1, (http/1.1)}{0.0.0.0:0}
2023-04-11 17:17:48,538 [Listener at 127.0.0.1/41353] INFO  server.session (HouseKeeper.java:stopScavenging(149)) - node0 Stopped scavenging
2023-04-11 17:17:48,538 [Listener at 127.0.0.1/41353] INFO  handler.ContextHandler (ContextHandler.java:doStop(1159)) - Stopped o.e.j.s.ServletContextHandler@18c95fbb{static,/static,file:///home/runner/work/ozone/ozone/hadoop-ozone/integration-test/target/test-classes/webapps/static,STOPPED}
2023-04-11 17:17:48,538 [Listener at 127.0.0.1/41353] INFO  handler.ContextHandler (ContextHandler.java:doStop(1159)) - Stopped o.e.j.s.ServletContextHandler@1acd2a14{logs,/logs,file:///home/runner/work/ozone/ozone/hadoop-ozone/integration-test/target/log,STOPPED}
2023-04-11 17:17:48,539 [Listener at 127.0.0.1/41353] INFO  server.StorageContainerManager (StorageContainerManager.java:stop(1596)) - Stopping SCM LayoutVersionManager Service.
2023-04-11 17:17:48,539 [Listener at 127.0.0.1/41353] INFO  server.StorageContainerManager (StorageContainerManager.java:stop(1604)) - Stopping Block Manager Service.
2023-04-11 17:17:48,539 [Listener at 127.0.0.1/41353] INFO  utils.BackgroundService (BackgroundService.java:shutdown(141)) - Shutting down service SCMBlockDeletingService
2023-04-11 17:17:48,539 [Listener at 127.0.0.1/41353] INFO  utils.BackgroundService (BackgroundService.java:shutdown(141)) - Shutting down service SCMBlockDeletingService
2023-04-11 17:17:48,540 [Listener at 127.0.0.1/41353] INFO  server.StorageContainerManager (StorageContainerManager.java:stop(1626)) - Stopping SCM Event Queue.
2023-04-11 17:17:48,543 [Listener at 127.0.0.1/41353] INFO  server.StorageContainerManager (StorageContainerManager.java:stop(1637)) - Stopping SCM HA services.
2023-04-11 17:17:48,544 [Listener at 127.0.0.1/41353] INFO  pipeline.BackgroundPipelineCreator (BackgroundPipelineCreator.java:stop(149)) - Stopping RatisPipelineUtilsThread.
2023-04-11 17:17:48,544 [RatisPipelineUtilsThread - 0] WARN  pipeline.BackgroundPipelineCreator (BackgroundPipelineCreator.java:run(180)) - RatisPipelineUtilsThread is interrupted.
2023-04-11 17:17:48,544 [Listener at 127.0.0.1/41353] INFO  BackgroundPipelineScrubber (BackgroundSCMService.java:stop(131)) - Stopping BackgroundPipelineScrubber Service.
2023-04-11 17:17:48,544 [BackgroundPipelineScrubberThread] WARN  BackgroundPipelineScrubber (BackgroundSCMService.java:run(115)) - BackgroundPipelineScrubber is interrupted, exit
2023-04-11 17:17:48,545 [Listener at 127.0.0.1/41353] INFO  impl.MetricsSystemImpl (MetricsSystemImpl.java:stop(210)) - Stopping XceiverClientMetrics metrics system...
2023-04-11 17:17:48,554 [prometheus] INFO  impl.MetricsSinkAdapter (MetricsSinkAdapter.java:publishMetricsFromQueue(141)) - prometheus thread interrupted.
2023-04-11 17:17:48,554 [Listener at 127.0.0.1/41353] INFO  impl.MetricsSystemImpl (MetricsSystemImpl.java:stop(216)) - XceiverClientMetrics metrics system stopped.
2023-04-11 17:17:48,554 [Listener at 127.0.0.1/41353] WARN  pipeline.BackgroundPipelineCreator (BackgroundPipelineCreator.java:stop(145)) - RatisPipelineUtilsThread is not running, just ignore.
2023-04-11 17:17:48,555 [Listener at 127.0.0.1/41353] INFO  BackgroundPipelineScrubber (BackgroundSCMService.java:stop(126)) - BackgroundPipelineScrubber Service is not running, skip stop.
2023-04-11 17:17:48,555 [Listener at 127.0.0.1/41353] INFO  ExpiredContainerReplicaOpScrubber (BackgroundSCMService.java:stop(131)) - Stopping ExpiredContainerReplicaOpScrubber Service.
2023-04-11 17:17:48,555 [ExpiredContainerReplicaOpScrubberThread] WARN  ExpiredContainerReplicaOpScrubber (BackgroundSCMService.java:run(115)) - ExpiredContainerReplicaOpScrubber is interrupted, exit
2023-04-11 17:17:48,555 [Listener at 127.0.0.1/41353] INFO  utils.BackgroundService (BackgroundService.java:shutdown(141)) - Shutting down service SCMBlockDeletingService
2023-04-11 17:17:48,555 [Listener at 127.0.0.1/41353] INFO  replication.ReplicationManager (ReplicationManager.java:stop(331)) - Replication Monitor Thread is not running.
2023-04-11 17:17:48,555 [Listener at 127.0.0.1/41353] WARN  balancer.ContainerBalancer (ContainerBalancer.java:stop(324)) - Cannot stop Container Balancer because it's not running or stopping
2023-04-11 17:17:48,555 [Listener at 127.0.0.1/41353] INFO  server.StorageContainerManager (StorageContainerManager.java:stop(1663)) - Stopping SCM MetadataStore.
2023-04-11 17:17:48,664 [Listener at 127.0.0.1/41353] WARN  server.ServerUtils (ServerUtils.java:getScmDbDir(148)) - ozone.scm.db.dirs is not configured. We recommend adding this setting. Falling back to ozone.metadata.dirs instead.
2023-04-11 17:17:48,669 [Listener at 127.0.0.1/41353] WARN  server.ServerUtils (ServerUtils.java:getScmDbDir(148)) - ozone.scm.db.dirs is not configured. We recommend adding this setting. Falling back to ozone.metadata.dirs instead.
2023-04-11 17:17:48,669 [Listener at 127.0.0.1/41353] INFO  ha.SCMHANodeDetails (SCMHANodeDetails.java:loadSCMHAConfig(209)) - ServiceID for StorageContainerManager is null
2023-04-11 17:17:48,669 [Listener at 127.0.0.1/41353] INFO  ha.SCMHANodeDetails (SCMHANodeDetails.java:loadSCMHAConfig(214)) - ozone.scm.default.service.id is not defined, falling back to ozone.scm.service.ids to find serviceID for StorageContainerManager if it is HA enabled cluster
2023-04-11 17:17:48,670 [Listener at 127.0.0.1/41353] WARN  utils.HAUtils (HAUtils.java:getMetaDir(342)) - ozone.scm.db.dirs is not configured. We recommend adding this setting. Falling back to ozone.metadata.dirs instead.
2023-04-11 17:17:48,670 [Listener at 127.0.0.1/41353] WARN  db.DBStoreBuilder (DBStoreBuilder.java:applyDBDefinition(182)) - ozone.scm.db.dirs is not configured. We recommend adding this setting. Falling back to ozone.metadata.dirs instead.
2023-04-11 17:17:48,789 [Listener at 127.0.0.1/41353] INFO  net.NodeSchemaLoader (NodeSchemaLoader.java:loadSchemaFromFile(129)) - Loading schema from [jar:file:/home/runner/.m2/repository/org/apache/ozone/hdds-common/1.4.0-SNAPSHOT/hdds-common-1.4.0-SNAPSHOT.jar!/network-topology-default.xml]
2023-04-11 17:17:48,790 [Listener at 127.0.0.1/41353] INFO  net.NodeSchemaLoader (NodeSchemaLoader.java:loadSchema(176)) - Loading network topology layer schema file
2023-04-11 17:17:48,795 [Listener at 127.0.0.1/41353] INFO  upgrade.AbstractLayoutVersionManager (AbstractLayoutVersionManager.java:init(83)) - Initializing Layout version manager with metadata layout = WEBUI_PORTS_IN_DATANODEDETAILS (version = 6), software layout = WEBUI_PORTS_IN_DATANODEDETAILS (version = 6)
2023-04-11 17:17:48,845 [Listener at 127.0.0.1/41353] INFO  reflections.Reflections (Reflections.java:scan(232)) - Reflections took 48 ms to scan 7 urls, producing 156 keys and 369 values 
2023-04-11 17:17:48,847 [Listener at 127.0.0.1/41353] INFO  ha.SequenceIdGenerator (SequenceIdGenerator.java:upgradeToSequenceId(349)) - upgrade localId to 111677748019200000
2023-04-11 17:17:48,847 [Listener at 127.0.0.1/41353] INFO  ha.SequenceIdGenerator (SequenceIdGenerator.java:upgradeToSequenceId(359)) - upgrade delTxnId to 0
2023-04-11 17:17:48,847 [Listener at 127.0.0.1/41353] INFO  ha.SequenceIdGenerator (SequenceIdGenerator.java:upgradeToSequenceId(376)) - upgrade containerId to 0
2023-04-11 17:17:48,848 [Listener at 127.0.0.1/41353] INFO  ha.SequenceIdGenerator (SequenceIdGenerator.java:<init>(220)) - Init the HA SequenceIdGenerator.
2023-04-11 17:17:48,848 [Listener at 127.0.0.1/41353] WARN  server.ServerUtils (ServerUtils.java:sanitizeUserArgs(73)) - ozone.scm.stale.node.interval value = 300000 is larger than max = 100000 based on the key value of ozone.scm.heartbeat.thread.interval, reset to the max value 100000.
2023-04-11 17:17:48,848 [Listener at 127.0.0.1/41353] WARN  server.ServerUtils (ServerUtils.java:sanitizeUserArgs(73)) - ozone.scm.stale.node.interval value = 300000 is larger than max = 100000 based on the key value of ozone.scm.heartbeat.thread.interval, reset to the max value 100000.
2023-04-11 17:17:48,848 [Listener at 127.0.0.1/41353] INFO  node.SCMNodeManager (SCMNodeManager.java:<init>(156)) - Entering startup safe mode.
2023-04-11 17:17:48,849 [Listener at 127.0.0.1/41353] INFO  algorithms.ContainerPlacementPolicyFactory (ContainerPlacementPolicyFactory.java:getPolicyInternal(86)) - Create container placement policy of type org.apache.hadoop.hdds.scm.container.placement.algorithms.SCMContainerPlacementRandom
2023-04-11 17:17:48,849 [Listener at 127.0.0.1/41353] INFO  algorithms.ContainerPlacementPolicyFactory (ContainerPlacementPolicyFactory.java:getPolicyInternal(86)) - Create container placement policy of type org.apache.hadoop.hdds.scm.container.placement.algorithms.SCMContainerPlacementRackScatter
2023-04-11 17:17:48,849 [Listener at 127.0.0.1/41353] INFO  pipeline.PipelineStateManagerImpl (PipelineStateManagerImpl.java:initialize(78)) - No pipeline exists in current db
2023-04-11 17:17:48,849 [Listener at 127.0.0.1/41353] INFO  algorithms.LeaderChoosePolicyFactory (LeaderChoosePolicyFactory.java:getPolicy(57)) - Create leader choose policy of type org.apache.hadoop.hdds.scm.pipeline.leader.choose.algorithms.MinLeaderCountChoosePolicy
2023-04-11 17:17:48,849 [Listener at 127.0.0.1/41353] INFO  algorithms.ContainerPlacementPolicyFactory (ContainerPlacementPolicyFactory.java:getPolicyInternal(86)) - Create container placement policy of type org.apache.hadoop.hdds.scm.container.placement.algorithms.SCMContainerPlacementRackScatter
2023-04-11 17:17:48,849 [Listener at 127.0.0.1/41353] INFO  ha.SCMServiceManager (SCMServiceManager.java:register(42)) - Registering service BackgroundPipelineCreator.
2023-04-11 17:17:48,849 [Listener at 127.0.0.1/41353] INFO  pipeline.BackgroundPipelineCreator (BackgroundPipelineCreator.java:start(124)) - Starting RatisPipelineUtilsThread.
2023-04-11 17:17:48,850 [Listener at 127.0.0.1/41353] INFO  BackgroundPipelineScrubber (BackgroundSCMService.java:start(68)) - Starting BackgroundPipelineScrubber Service.
2023-04-11 17:17:48,850 [Listener at 127.0.0.1/41353] INFO  ha.SCMServiceManager (SCMServiceManager.java:register(42)) - Registering service BackgroundPipelineScrubber.
2023-04-11 17:17:48,850 [Listener at 127.0.0.1/41353] INFO  ExpiredContainerReplicaOpScrubber (BackgroundSCMService.java:start(68)) - Starting ExpiredContainerReplicaOpScrubber Service.
2023-04-11 17:17:48,850 [Listener at 127.0.0.1/41353] INFO  ha.SCMServiceManager (SCMServiceManager.java:register(42)) - Registering service ExpiredContainerReplicaOpScrubber.
2023-04-11 17:17:48,852 [Listener at 127.0.0.1/41353] INFO  algorithms.PipelineChoosePolicyFactory (PipelineChoosePolicyFactory.java:createPipelineChoosePolicyFromClass(73)) - Create pipeline choose policy of type org.apache.hadoop.hdds.scm.pipeline.choose.algorithms.RandomPipelineChoosePolicy
2023-04-11 17:17:48,852 [Listener at 127.0.0.1/41353] INFO  ha.SCMServiceManager (SCMServiceManager.java:register(42)) - Registering service SCMBlockDeletingService.
2023-04-11 17:17:48,853 [Listener at 127.0.0.1/41353] INFO  replication.ReplicationManager (ReplicationManager.java:start(288)) - Starting Replication Monitor Thread.
2023-04-11 17:17:48,855 [Listener at 127.0.0.1/41353] INFO  ha.SCMServiceManager (SCMServiceManager.java:register(42)) - Registering service ReplicationManager.
2023-04-11 17:17:48,855 [Listener at 127.0.0.1/41353] INFO  safemode.ContainerSafeModeRule (ContainerSafeModeRule.java:<init>(89)) - containers with one replica threshold count 0
2023-04-11 17:17:48,855 [Listener at 127.0.0.1/41353] INFO  safemode.HealthyPipelineSafeModeRule (HealthyPipelineSafeModeRule.java:initializeRule(169)) - Total pipeline count is 0, healthy pipeline threshold count is 1
2023-04-11 17:17:48,855 [Listener at 127.0.0.1/41353] INFO  safemode.OneReplicaPipelineSafeModeRule (OneReplicaPipelineSafeModeRule.java:initializeRule(180)) - Total pipeline count is 0, pipeline's with at least one datanode reported threshold count is 0
2023-04-11 17:17:48,856 [ReplicationMonitor] INFO  replication.ReplicationManager (ReplicationManager.java:processAll(363)) - Replication Manager is not ready to run until 3000ms after safemode exit
2023-04-11 17:17:48,857 [Listener at 127.0.0.1/41353] INFO  server.StorageContainerManager (StorageContainerManager.java:<init>(398)) - SCM start with adminUsers: [runner]
2023-04-11 17:17:48,857 [Listener at 127.0.0.1/41353] INFO  ipc.CallQueueManager (CallQueueManager.java:<init>(90)) - Using callQueue: class java.util.concurrent.LinkedBlockingQueue, queueCapacity: 2000, scheduler: class org.apache.hadoop.ipc.DefaultRpcScheduler, ipcBackoff: false.
2023-04-11 17:17:48,858 [Socket Reader #1 for port 0] INFO  ipc.Server (Server.java:run(1319)) - Starting Socket Reader #1 for port 0
2023-04-11 17:17:48,859 [Listener at 0.0.0.0/45335] INFO  ipc.CallQueueManager (CallQueueManager.java:<init>(90)) - Using callQueue: class java.util.concurrent.LinkedBlockingQueue, queueCapacity: 2000, scheduler: class org.apache.hadoop.ipc.DefaultRpcScheduler, ipcBackoff: false.
2023-04-11 17:17:48,860 [Socket Reader #1 for port 0] INFO  ipc.Server (Server.java:run(1319)) - Starting Socket Reader #1 for port 0
2023-04-11 17:17:48,861 [Listener at 0.0.0.0/37307] INFO  ipc.CallQueueManager (CallQueueManager.java:<init>(90)) - Using callQueue: class java.util.concurrent.LinkedBlockingQueue, queueCapacity: 2000, scheduler: class org.apache.hadoop.ipc.DefaultRpcScheduler, ipcBackoff: false.
2023-04-11 17:17:48,861 [Socket Reader #1 for port 0] INFO  ipc.Server (Server.java:run(1319)) - Starting Socket Reader #1 for port 0
2023-04-11 17:17:48,866 [Listener at 0.0.0.0/40285] INFO  ha.SCMServiceManager (SCMServiceManager.java:register(42)) - Registering service ContainerBalancer.
2023-04-11 17:17:48,866 [Listener at 0.0.0.0/40285] INFO  server.StorageContainerManager (StorageContainerManager.java:<init>(415)) - 
Container Balancer status:
Key                            Value
Running                        false
Container Balancer Configuration values:
Key                                                Value
Threshold                                          10
Max Datanodes to Involve per Iteration(percent)    20
Max Size to Move per Iteration                     500GB
Max Size Entering Target per Iteration             26GB
Max Size Leaving Source per Iteration              26GB

2023-04-11 17:17:48,866 [Listener at 0.0.0.0/40285] INFO  ha.SCMContext (SCMContext.java:updateSafeModeStatus(228)) - Update SafeModeStatus from SafeModeStatus{safeModeStatus=true, preCheckPassed=false} to SafeModeStatus{safeModeStatus=true, preCheckPassed=false}.
2023-04-11 17:17:48,866 [Listener at 0.0.0.0/40285] INFO  server.StorageContainerManager (StorageContainerManager.java:start(1453)) - StorageContainerLocationProtocol RPC server is listening at /0.0.0.0:40285
2023-04-11 17:17:48,870 [Listener at 0.0.0.0/40285] WARN  impl.MetricsConfig (MetricsConfig.java:loadFirst(136)) - Cannot locate configuration: tried hadoop-metrics2-storagecontainermanager.properties,hadoop-metrics2.properties
2023-04-11 17:17:48,870 [Listener at 0.0.0.0/40285] INFO  impl.MetricsSystemImpl (MetricsSystemImpl.java:startTimer(378)) - Scheduled Metric snapshot period at 10 second(s).
2023-04-11 17:17:48,871 [Listener at 0.0.0.0/40285] INFO  impl.MetricsSystemImpl (MetricsSystemImpl.java:start(191)) - StorageContainerManager metrics system started
2023-04-11 17:17:48,888 [Listener at 0.0.0.0/40285] INFO  impl.MetricsSinkAdapter (MetricsSinkAdapter.java:start(204)) - Sink prometheus started
2023-04-11 17:17:48,891 [Listener at 0.0.0.0/40285] INFO  impl.MetricsSystemImpl (MetricsSystemImpl.java:registerSink(305)) - Registered sink prometheus
2023-04-11 17:17:48,915 [Listener at 0.0.0.0/40285] INFO  server.SCMClientProtocolServer (SCMClientProtocolServer.java:start(197)) - RPC server for Client  is listening at /0.0.0.0:40285
2023-04-11 17:17:48,915 [IPC Server Responder] INFO  ipc.Server (Server.java:run(1558)) - IPC Server Responder: starting
2023-04-11 17:17:48,915 [IPC Server listener on 0] INFO  ipc.Server (Server.java:run(1398)) - IPC Server listener on 0: starting
2023-04-11 17:17:48,935 [Listener at 0.0.0.0/40285] INFO  server.StorageContainerManager (StorageContainerManager.java:start(1467)) - ScmBlockLocationProtocol RPC server is listening at /0.0.0.0:37307
2023-04-11 17:17:48,935 [Listener at 0.0.0.0/40285] INFO  server.SCMBlockProtocolServer (SCMBlockProtocolServer.java:start(152)) - RPC server for Block Protocol is listening at /0.0.0.0:37307
2023-04-11 17:17:48,936 [IPC Server Responder] INFO  ipc.Server (Server.java:run(1558)) - IPC Server Responder: starting
2023-04-11 17:17:48,936 [IPC Server listener on 0] INFO  ipc.Server (Server.java:run(1398)) - IPC Server listener on 0: starting
2023-04-11 17:17:48,937 [Listener at 0.0.0.0/40285] INFO  server.SCMDatanodeProtocolServer (SCMDatanodeProtocolServer.java:start(193)) - ScmDatanodeProtocol RPC server for DataNodes is listening at /0.0.0.0:45335
2023-04-11 17:17:48,938 [IPC Server Responder] INFO  ipc.Server (Server.java:run(1558)) - IPC Server Responder: starting
2023-04-11 17:17:48,938 [IPC Server listener on 0] INFO  ipc.Server (Server.java:run(1398)) - IPC Server listener on 0: starting
2023-04-11 17:17:48,942 [org.apache.hadoop.util.JvmPauseMonitor$Monitor@1b2cb89] INFO  util.JvmPauseMonitor (JvmPauseMonitor.java:run(188)) - Starting JVM pause monitor
2023-04-11 17:17:48,943 [Listener at 0.0.0.0/40285] INFO  http.BaseHttpServer (BaseHttpServer.java:newHttpServer2BuilderForOzone(224)) - Starting Web-server for scm at: http://0.0.0.0:0
2023-04-11 17:17:48,943 [Listener at 0.0.0.0/40285] INFO  http.BaseHttpServer (BaseHttpServer.java:<init>(111)) - Hadoop Security Enabled: false Ozone Security Enabled: false Ozone HTTP Security Enabled: false 
2023-04-11 17:17:48,945 [Listener at 0.0.0.0/40285] WARN  server.AuthenticationFilter (AuthenticationFilter.java:constructSecretProvider(240)) - Unable to initialize FileSignerSecretProvider, falling back to use random secrets. Reason: Could not read signature secret file: /home/runner/hadoop-http-auth-signature-secret
2023-04-11 17:17:48,948 [Listener at 0.0.0.0/40285] WARN  http.HttpRequestLog (HttpRequestLog.java:getRequestLog(103)) - Jetty request log can only be enabled using Log4j
2023-04-11 17:17:48,951 [Listener at 0.0.0.0/40285] INFO  http.HttpServer2 (HttpServer2.java:addGlobalFilter(1031)) - Added global filter 'safety' (class=org.apache.hadoop.hdds.server.http.HttpServer2$QuotingInputFilter)
2023-04-11 17:17:48,951 [Listener at 0.0.0.0/40285] INFO  http.HttpServer2 (HttpServer2.java:addFilter(1007)) - Added filter static_user_filter (class=org.apache.hadoop.http.lib.StaticUserWebFilter$StaticUserFilter) to context scm
2023-04-11 17:17:48,952 [Listener at 0.0.0.0/40285] INFO  http.HttpServer2 (HttpServer2.java:addFilter(1015)) - Added filter static_user_filter (class=org.apache.hadoop.http.lib.StaticUserWebFilter$StaticUserFilter) to context logs
2023-04-11 17:17:48,952 [Listener at 0.0.0.0/40285] INFO  http.HttpServer2 (HttpServer2.java:addFilter(1015)) - Added filter static_user_filter (class=org.apache.hadoop.http.lib.StaticUserWebFilter$StaticUserFilter) to context static
2023-04-11 17:17:48,952 [Listener at 0.0.0.0/40285] INFO  http.BaseHttpServer (BaseHttpServer.java:<init>(190)) - HTTP server of scm uses base directory /home/runner/work/ozone/ozone/hadoop-ozone/integration-test/target/test-dir/MiniOzoneClusterImpl-3c04abff-9f55-4a78-ab47-7ca56afb4af6/ozone-meta/webserver
2023-04-11 17:17:48,953 [Listener at 0.0.0.0/40285] INFO  http.HttpServer2 (HttpServer2.java:bindListener(1250)) - Jetty bound to port 44413
2023-04-11 17:17:48,953 [Listener at 0.0.0.0/40285] INFO  server.Server (Server.java:doStart(375)) - jetty-9.4.49.v20220914; built: 2022-09-14T01:07:36.601Z; git: 4231a3b2e4cb8548a412a789936d640a97b1aa0a; jvm 1.8.0_362-b09
2023-04-11 17:17:48,954 [Listener at 0.0.0.0/40285] INFO  server.session (DefaultSessionIdManager.java:doStart(334)) - DefaultSessionIdManager workerName=node0
2023-04-11 17:17:48,955 [Listener at 0.0.0.0/40285] INFO  server.session (DefaultSessionIdManager.java:doStart(339)) - No SessionScavenger set, using defaults
2023-04-11 17:17:48,955 [Listener at 0.0.0.0/40285] INFO  server.session (HouseKeeper.java:startScavenging(132)) - node0 Scavenging every 600000ms
2023-04-11 17:17:48,956 [Listener at 0.0.0.0/40285] INFO  handler.ContextHandler (ContextHandler.java:doStart(921)) - Started o.e.j.s.ServletContextHandler@bc1bf2b{logs,/logs,file:///home/runner/work/ozone/ozone/hadoop-ozone/integration-test/target/log,AVAILABLE}
2023-04-11 17:17:48,956 [Listener at 0.0.0.0/40285] INFO  handler.ContextHandler (ContextHandler.java:doStart(921)) - Started o.e.j.s.ServletContextHandler@3acb40e5{static,/static,file:///home/runner/work/ozone/ozone/hadoop-ozone/integration-test/target/test-classes/webapps/static,AVAILABLE}
2023-04-11 17:17:48,960 [Listener at 0.0.0.0/40285] INFO  handler.ContextHandler (ContextHandler.java:doStart(921)) - Started o.e.j.w.WebAppContext@47c6ee88{scm,/,file:///home/runner/work/ozone/ozone/hadoop-ozone/integration-test/target/test-classes/webapps/scm/,AVAILABLE}{file:/home/runner/work/ozone/ozone/hadoop-ozone/integration-test/target/test-classes/webapps/scm}
2023-04-11 17:17:48,961 [Listener at 0.0.0.0/40285] INFO  server.AbstractConnector (AbstractConnector.java:doStart(333)) - Started ServerConnector@6b3abfba{HTTP/1.1, (http/1.1)}{0.0.0.0:44413}
2023-04-11 17:17:48,961 [Listener at 0.0.0.0/40285] INFO  server.Server (Server.java:doStart(415)) - Started @85006ms
2023-04-11 17:17:48,961 [Listener at 0.0.0.0/40285] WARN  impl.MetricsSystemImpl (MetricsSystemImpl.java:register(279)) - Sink prometheus already exists!
2023-04-11 17:17:48,962 [Listener at 0.0.0.0/40285] INFO  http.BaseHttpServer (BaseHttpServer.java:updateConnectorAddress(344)) - HTTP server of scm listening at http://0.0.0.0:44413
2023-04-11 17:17:48,962 [Listener at 0.0.0.0/40285] WARN  server.ServerUtils (ServerUtils.java:getDBPath(225)) - ozone.om.db.dirs is not configured. We recommend adding this setting. Falling back to ozone.metadata.dirs instead.
2023-04-11 17:17:48,963 [Listener at 0.0.0.0/40285] INFO  ha.OMHANodeDetails (OMHANodeDetails.java:loadOMHAConfig(115)) - ozone.om.internal.service.id is not defined, falling back to ozone.om.service.ids to find serviceID for OzoneManager if it is HA enabled cluster
2023-04-11 17:17:48,964 [Listener at 0.0.0.0/40285] INFO  ha.OMHANodeDetails (OMHANodeDetails.java:loadOMHAConfig(226)) - Configuration does not have ozone.om.address set. Falling back to the default OM address /127.0.0.1:0
2023-04-11 17:17:48,964 [Listener at 0.0.0.0/40285] INFO  ha.OMHANodeDetails (OMHANodeDetails.java:getOMNodeDetailsForNonHA(254)) - OM Service ID is not set. Setting it to the default ID: omServiceIdDefault
2023-04-11 17:17:48,964 [Listener at 0.0.0.0/40285] INFO  ha.OMHANodeDetails (OMHANodeDetails.java:getOMNodeDetailsForNonHA(261)) - OM Node ID is not set. Setting it to the default ID: om1
2023-04-11 17:17:48,964 [Listener at 0.0.0.0/40285] WARN  server.ServerUtils (ServerUtils.java:getDBPath(225)) - ozone.om.db.dirs is not configured. We recommend adding this setting. Falling back to ozone.metadata.dirs instead.
2023-04-11 17:17:48,965 [Listener at 0.0.0.0/40285] INFO  upgrade.AbstractLayoutVersionManager (AbstractLayoutVersionManager.java:init(83)) - Initializing Layout version manager with metadata layout = MULTITENANCY_SCHEMA (version = 3), software layout = MULTITENANCY_SCHEMA (version = 3)
2023-04-11 17:17:49,048 [Listener at 0.0.0.0/40285] INFO  reflections.Reflections (Reflections.java:scan(232)) - Reflections took 82 ms to scan 2 urls, producing 171 keys and 471 values [using 2 cores]
2023-04-11 17:17:49,049 [Listener at 0.0.0.0/40285] INFO  upgrade.OMLayoutVersionManager (OMLayoutVersionManager.java:lambda$0(115)) - Skipping Upgrade Action MockOmUpgradeAction since it has been finalized.
2023-04-11 17:17:49,049 [Listener at 0.0.0.0/40285] WARN  server.ServerUtils (ServerUtils.java:getDBPath(225)) - ozone.om.db.dirs is not configured. We recommend adding this setting. Falling back to ozone.metadata.dirs instead.
2023-04-11 17:17:49,050 [Listener at 0.0.0.0/40285] INFO  proxy.SCMBlockLocationFailoverProxyProvider (SCMBlockLocationFailoverProxyProvider.java:<init>(114)) - Created block location fail-over proxy with 1 nodes: [nodeId=scmNodeId,nodeAddress=/0.0.0.0:37307]
2023-04-11 17:17:49,051 [Listener at 0.0.0.0/40285] INFO  proxy.SCMBlockLocationFailoverProxyProvider (SCMBlockLocationFailoverProxyProvider.java:<init>(114)) - Created block location fail-over proxy with 1 nodes: [nodeId=scmNodeId,nodeAddress=/0.0.0.0:37307]
2023-04-11 17:17:49,058 [Listener at 0.0.0.0/40285] INFO  om.OzoneManager (OzoneManager.java:<init>(627)) - OM start with adminUsers: [runner]
2023-04-11 17:17:49,059 [Listener at 0.0.0.0/40285] WARN  server.ServerUtils (ServerUtils.java:getDBPath(225)) - ozone.om.db.dirs is not configured. We recommend adding this setting. Falling back to ozone.metadata.dirs instead.
2023-04-11 17:17:49,059 [Listener at 0.0.0.0/40285] INFO  codec.OmKeyInfoCodec (OmKeyInfoCodec.java:<init>(49)) - OmKeyInfoCodec ignorePipeline = true
2023-04-11 17:17:49,060 [Listener at 0.0.0.0/40285] INFO  codec.RepeatedOmKeyInfoCodec (RepeatedOmKeyInfoCodec.java:<init>(41)) - RepeatedOmKeyInfoCodec ignorePipeline = true
2023-04-11 17:17:49,277 [Listener at 0.0.0.0/40285] INFO  om.OzoneManager (OzoneManager.java:instantiateServices(757)) - S3 Multi-Tenancy is disabled
2023-04-11 17:17:49,281 [Listener at 0.0.0.0/40285] WARN  server.ServerUtils (ServerUtils.java:getDBPath(225)) - ozone.om.snapshot.diff.db.dir is not configured. We recommend adding this setting. Falling back to ozone.metadata.dirs instead.
2023-04-11 17:17:49,312 [Listener at 0.0.0.0/40285] INFO  om.OzoneManager (OzoneManager.java:addS3GVolumeToDB(4257)) - Created Volume s3v With Owner runner required for S3Gateway operations.
2023-04-11 17:17:49,312 [Listener at 0.0.0.0/40285] INFO  om.OzoneManager (OzoneManager.java:getRpcServer(1142)) - Creating RPC Server
2023-04-11 17:17:49,908 [Listener at 0.0.0.0/40285] INFO  reflections.Reflections (Reflections.java:scan(232)) - Reflections took 591 ms to scan 19 urls, producing 68 keys and 5031 values [using 2 cores]
2023-04-11 17:17:49,910 [Listener at 0.0.0.0/40285] INFO  ipc.CallQueueManager (CallQueueManager.java:<init>(90)) - Using callQueue: class java.util.concurrent.LinkedBlockingQueue, queueCapacity: 2000, scheduler: class org.apache.hadoop.ipc.DefaultRpcScheduler, ipcBackoff: false.
2023-04-11 17:17:49,912 [Socket Reader #1 for port 0] INFO  ipc.Server (Server.java:run(1319)) - Starting Socket Reader #1 for port 0
2023-04-11 17:17:49,939 [Listener at 127.0.0.1/38777] INFO  impl.MetricsSystemImpl (MetricsSystemImpl.java:init(158)) - OzoneManager metrics system started (again)
2023-04-11 17:17:49,954 [Listener at 127.0.0.1/38777] INFO  om.OzoneManager (OzoneManager.java:start(1563)) - OzoneManager RPC server is listening at localhost/127.0.0.1:38777
2023-04-11 17:17:49,955 [Listener at 127.0.0.1/38777] INFO  om.OzoneManager (OzoneManager.java:start(1579)) - Version File has different layout version (3) than OM DB (null). That is expected if this OM has never been finalized to a newer layout version.
2023-04-11 17:17:49,973 [Listener at 127.0.0.1/38777] INFO  http.BaseHttpServer (BaseHttpServer.java:newHttpServer2BuilderForOzone(224)) - Starting Web-server for ozoneManager at: http://0.0.0.0:0
2023-04-11 17:17:49,973 [Listener at 127.0.0.1/38777] INFO  http.BaseHttpServer (BaseHttpServer.java:<init>(111)) - Hadoop Security Enabled: false Ozone Security Enabled: false Ozone HTTP Security Enabled: false 
2023-04-11 17:17:49,974 [Listener at 127.0.0.1/38777] WARN  server.AuthenticationFilter (AuthenticationFilter.java:constructSecretProvider(240)) - Unable to initialize FileSignerSecretProvider, falling back to use random secrets. Reason: Could not read signature secret file: /home/runner/hadoop-http-auth-signature-secret
2023-04-11 17:17:49,975 [Listener at 127.0.0.1/38777] WARN  http.HttpRequestLog (HttpRequestLog.java:getRequestLog(103)) - Jetty request log can only be enabled using Log4j
2023-04-11 17:17:49,977 [Listener at 127.0.0.1/38777] INFO  http.HttpServer2 (HttpServer2.java:addGlobalFilter(1031)) - Added global filter 'safety' (class=org.apache.hadoop.hdds.server.http.HttpServer2$QuotingInputFilter)
2023-04-11 17:17:49,978 [Listener at 127.0.0.1/38777] INFO  http.HttpServer2 (HttpServer2.java:addFilter(1007)) - Added filter static_user_filter (class=org.apache.hadoop.http.lib.StaticUserWebFilter$StaticUserFilter) to context ozoneManager
2023-04-11 17:17:49,978 [Listener at 127.0.0.1/38777] INFO  http.HttpServer2 (HttpServer2.java:addFilter(1015)) - Added filter static_user_filter (class=org.apache.hadoop.http.lib.StaticUserWebFilter$StaticUserFilter) to context logs
2023-04-11 17:17:49,978 [Listener at 127.0.0.1/38777] INFO  http.HttpServer2 (HttpServer2.java:addFilter(1015)) - Added filter static_user_filter (class=org.apache.hadoop.http.lib.StaticUserWebFilter$StaticUserFilter) to context static
2023-04-11 17:17:49,978 [Listener at 127.0.0.1/38777] INFO  http.BaseHttpServer (BaseHttpServer.java:<init>(190)) - HTTP server of ozoneManager uses base directory /home/runner/work/ozone/ozone/hadoop-ozone/integration-test/target/test-dir/MiniOzoneClusterImpl-3c04abff-9f55-4a78-ab47-7ca56afb4af6/ozone-meta/webserver
2023-04-11 17:17:49,979 [Listener at 127.0.0.1/38777] INFO  http.HttpServer2 (HttpServer2.java:bindListener(1250)) - Jetty bound to port 33459
2023-04-11 17:17:49,979 [Listener at 127.0.0.1/38777] INFO  server.Server (Server.java:doStart(375)) - jetty-9.4.49.v20220914; built: 2022-09-14T01:07:36.601Z; git: 4231a3b2e4cb8548a412a789936d640a97b1aa0a; jvm 1.8.0_362-b09
2023-04-11 17:17:49,980 [Listener at 127.0.0.1/38777] INFO  server.session (DefaultSessionIdManager.java:doStart(334)) - DefaultSessionIdManager workerName=node0
2023-04-11 17:17:49,980 [Listener at 127.0.0.1/38777] INFO  server.session (DefaultSessionIdManager.java:doStart(339)) - No SessionScavenger set, using defaults
2023-04-11 17:17:49,980 [Listener at 127.0.0.1/38777] INFO  server.session (HouseKeeper.java:startScavenging(132)) - node0 Scavenging every 660000ms
2023-04-11 17:17:49,981 [Listener at 127.0.0.1/38777] INFO  handler.ContextHandler (ContextHandler.java:doStart(921)) - Started o.e.j.s.ServletContextHandler@14aa145a{logs,/logs,file:///home/runner/work/ozone/ozone/hadoop-ozone/integration-test/target/log,AVAILABLE}
2023-04-11 17:17:49,982 [Listener at 127.0.0.1/38777] INFO  handler.ContextHandler (ContextHandler.java:doStart(921)) - Started o.e.j.s.ServletContextHandler@6c8a97d6{static,/static,file:///home/runner/work/ozone/ozone/hadoop-ozone/integration-test/target/test-classes/webapps/static,AVAILABLE}
2023-04-11 17:17:49,984 [Listener at 127.0.0.1/38777] INFO  handler.ContextHandler (ContextHandler.java:doStart(921)) - Started o.e.j.w.WebAppContext@1bf73503{ozoneManager,/,file:///home/runner/work/ozone/ozone/hadoop-ozone/integration-test/target/test-classes/webapps/ozoneManager/,AVAILABLE}{file:/home/runner/work/ozone/ozone/hadoop-ozone/integration-test/target/test-classes/webapps/ozoneManager}
2023-04-11 17:17:49,986 [Listener at 127.0.0.1/38777] INFO  server.AbstractConnector (AbstractConnector.java:doStart(333)) - Started ServerConnector@66890b78{HTTP/1.1, (http/1.1)}{0.0.0.0:33459}
2023-04-11 17:17:49,986 [Listener at 127.0.0.1/38777] INFO  server.Server (Server.java:doStart(415)) - Started @86031ms
2023-04-11 17:17:49,986 [Listener at 127.0.0.1/38777] WARN  impl.MetricsSystemImpl (MetricsSystemImpl.java:register(279)) - Sink prometheus already exists!
2023-04-11 17:17:49,986 [Listener at 127.0.0.1/38777] INFO  http.BaseHttpServer (BaseHttpServer.java:updateConnectorAddress(344)) - HTTP server of ozoneManager listening at http://0.0.0.0:33459
2023-04-11 17:17:49,988 [IPC Server Responder] INFO  ipc.Server (Server.java:run(1558)) - IPC Server Responder: starting
2023-04-11 17:17:49,991 [IPC Server listener on 0] INFO  ipc.Server (Server.java:run(1398)) - IPC Server listener on 0: starting
2023-04-11 17:17:49,997 [Listener at 127.0.0.1/38777] INFO  om.TrashPolicyOzone (TrashPolicyOzone.java:<init>(277)) - Ozone Manager trash configuration: Deletion interval = 0 minutes, Emptier interval = 0 minutes.
2023-04-11 17:17:50,008 [org.apache.hadoop.util.JvmPauseMonitor$Monitor@3691a4cc] INFO  util.JvmPauseMonitor (JvmPauseMonitor.java:run(188)) - Starting JVM pause monitor
2023-04-11 17:17:50,019 [Listener at 127.0.0.1/38777] INFO  impl.MetricsSystemImpl (MetricsSystemImpl.java:init(158)) - HddsDatanode metrics system started (again)
2023-04-11 17:17:50,032 [Listener at 127.0.0.1/38777] INFO  ozone.HddsDatanodeService (HddsDatanodeService.java:start(252)) - HddsDatanodeService host:fv-az377-102.ap30g4v5sw5evmjtdmxdg2w53f.dx.internal.cloudapp.net ip:10.1.0.70
2023-04-11 17:17:50,066 [Listener at 127.0.0.1/38777] INFO  upgrade.AbstractLayoutVersionManager (AbstractLayoutVersionManager.java:init(83)) - Initializing Layout version manager with metadata layout = WEBUI_PORTS_IN_DATANODEDETAILS (version = 6), software layout = WEBUI_PORTS_IN_DATANODEDETAILS (version = 6)
2023-04-11 17:17:50,128 [Listener at 127.0.0.1/38777] INFO  reflections.Reflections (Reflections.java:scan(232)) - Reflections took 60 ms to scan 7 urls, producing 156 keys and 369 values 
2023-04-11 17:17:50,132 [Listener at 127.0.0.1/38777] INFO  statemachine.DatanodeStateMachine (DatanodeStateMachine.java:getEndPointTaskThreadPoolSize(260)) - Datanode State Machine Task Thread Pool size 2
2023-04-11 17:17:50,134 [Listener at 127.0.0.1/38777] INFO  volume.HddsVolume (HddsVolume.java:<init>(130)) - Creating HddsVolume: /home/runner/work/ozone/ozone/hadoop-ozone/integration-test/target/test-dir/MiniOzoneClusterImpl-3c04abff-9f55-4a78-ab47-7ca56afb4af6/datanode-0/data-0/containers/hdds of storage type : DISK capacity : 9223372036854775807
2023-04-11 17:17:50,135 [Listener at 127.0.0.1/38777] INFO  volume.MutableVolumeSet (MutableVolumeSet.java:initializeVolumeSet(175)) - Added Volume : /home/runner/work/ozone/ozone/hadoop-ozone/integration-test/target/test-dir/MiniOzoneClusterImpl-3c04abff-9f55-4a78-ab47-7ca56afb4af6/datanode-0/data-0/containers/hdds to VolumeSet
2023-04-11 17:17:50,135 [Listener at 127.0.0.1/38777] INFO  volume.ThrottledAsyncChecker (ThrottledAsyncChecker.java:schedule(141)) - Scheduling a check for /home/runner/work/ozone/ozone/hadoop-ozone/integration-test/target/test-dir/MiniOzoneClusterImpl-3c04abff-9f55-4a78-ab47-7ca56afb4af6/datanode-0/data-0/containers/hdds
2023-04-11 17:17:50,139 [Listener at 127.0.0.1/38777] INFO  volume.StorageVolumeChecker (StorageVolumeChecker.java:checkAllVolumes(202)) - Scheduled health check for volume /home/runner/work/ozone/ozone/hadoop-ozone/integration-test/target/test-dir/MiniOzoneClusterImpl-3c04abff-9f55-4a78-ab47-7ca56afb4af6/datanode-0/data-0/containers/hdds
2023-04-11 17:17:50,151 [Listener at 127.0.0.1/38777] INFO  volume.MutableVolumeSet (MutableVolumeSet.java:initializeVolumeSet(175)) - Added Volume : /home/runner/work/ozone/ozone/hadoop-ozone/integration-test/target/test-dir/MiniOzoneClusterImpl-3c04abff-9f55-4a78-ab47-7ca56afb4af6/datanode-0/data/ratis to VolumeSet
2023-04-11 17:17:50,152 [Listener at 127.0.0.1/38777] INFO  volume.ThrottledAsyncChecker (ThrottledAsyncChecker.java:schedule(141)) - Scheduling a check for /home/runner/work/ozone/ozone/hadoop-ozone/integration-test/target/test-dir/MiniOzoneClusterImpl-3c04abff-9f55-4a78-ab47-7ca56afb4af6/datanode-0/data/ratis
2023-04-11 17:17:50,152 [Listener at 127.0.0.1/38777] INFO  volume.StorageVolumeChecker (StorageVolumeChecker.java:checkAllVolumes(202)) - Scheduled health check for volume /home/runner/work/ozone/ozone/hadoop-ozone/integration-test/target/test-dir/MiniOzoneClusterImpl-3c04abff-9f55-4a78-ab47-7ca56afb4af6/datanode-0/data/ratis
2023-04-11 17:17:50,165 [Thread-617] INFO  ozoneimpl.ContainerReader (ContainerReader.java:readVolume(175)) - Finish verifying containers on volume /home/runner/work/ozone/ozone/hadoop-ozone/integration-test/target/test-dir/MiniOzoneClusterImpl-3c04abff-9f55-4a78-ab47-7ca56afb4af6/datanode-0/data-0/containers/hdds
2023-04-11 17:17:50,165 [Listener at 127.0.0.1/38777] INFO  ozoneimpl.OzoneContainer (OzoneContainer.java:buildContainerSet(303)) - Build ContainerSet costs 0s
2023-04-11 17:17:50,173 [Listener at 127.0.0.1/38777] INFO  server.RaftServer (ConfUtils.java:logGet(46)) - raft.rpc.type = GRPC (default)
2023-04-11 17:17:50,174 [Listener at 127.0.0.1/38777] INFO  grpc.GrpcConfigKeys (ConfUtils.java:logFallback(53)) - raft.grpc.admin.host = null (fallback to raft.grpc.server.host)
2023-04-11 17:17:50,174 [Listener at 127.0.0.1/38777] INFO  grpc.GrpcConfigKeys (ConfUtils.java:logGet(46)) - raft.grpc.admin.port = 0 (custom)
2023-04-11 17:17:50,176 [Listener at 127.0.0.1/38777] INFO  grpc.GrpcConfigKeys (ConfUtils.java:logFallback(53)) - raft.grpc.client.host = null (fallback to raft.grpc.server.host)
2023-04-11 17:17:50,176 [Listener at 127.0.0.1/38777] INFO  grpc.GrpcConfigKeys (ConfUtils.java:logGet(46)) - raft.grpc.client.port = 0 (custom)
2023-04-11 17:17:50,176 [Listener at 127.0.0.1/38777] INFO  grpc.GrpcConfigKeys (ConfUtils.java:logGet(46)) - raft.grpc.server.host = null (default)
2023-04-11 17:17:50,176 [Listener at 127.0.0.1/38777] INFO  grpc.GrpcConfigKeys (ConfUtils.java:logGet(46)) - raft.grpc.server.port = 0 (default)
2023-04-11 17:17:50,177 [Listener at 127.0.0.1/38777] INFO  server.GrpcService (ConfUtils.java:logGet(46)) - raft.grpc.message.size.max = 32MB (=33554432) (custom)
2023-04-11 17:17:50,177 [Listener at 127.0.0.1/38777] INFO  server.RaftServerConfigKeys (ConfUtils.java:logGet(46)) - raft.server.log.appender.buffer.byte-limit = 33554432 (custom)
2023-04-11 17:17:50,177 [Listener at 127.0.0.1/38777] INFO  server.GrpcService (ConfUtils.java:logGet(46)) - raft.grpc.flow.control.window = 5MB (=5242880) (custom)
2023-04-11 17:17:50,177 [Listener at 127.0.0.1/38777] INFO  server.RaftServerConfigKeys (ConfUtils.java:logGet(46)) - raft.server.rpc.request.timeout = 60s (custom)
2023-04-11 17:17:50,177 [Listener at 127.0.0.1/38777] INFO  grpc.GrpcConfigKeys (ConfUtils.java:logGet(46)) - raft.grpc.server.heartbeat.channel = true (default)
2023-04-11 17:17:50,177 [Listener at 127.0.0.1/38777] INFO  grpc.GrpcConfigKeys (ConfUtils.java:logGet(46)) - raft.grpc.server.async.request.thread.pool.cached = true (default)
2023-04-11 17:17:50,177 [Listener at 127.0.0.1/38777] INFO  grpc.GrpcConfigKeys (ConfUtils.java:logGet(46)) - raft.grpc.server.async.request.thread.pool.size = 32 (default)
2023-04-11 17:17:50,180 [Listener at 127.0.0.1/38777] INFO  impl.DataStreamServerImpl (ConfUtils.java:logGet(46)) - raft.datastream.type = NETTY (custom)
2023-04-11 17:17:50,181 [Listener at 127.0.0.1/38777] INFO  server.RaftServerConfigKeys (ConfUtils.java:logGet(46)) - raft.server.data-stream.async.request.thread.pool.cached = false (default)
2023-04-11 17:17:50,181 [Listener at 127.0.0.1/38777] INFO  server.RaftServerConfigKeys (ConfUtils.java:logGet(46)) - raft.server.data-stream.async.request.thread.pool.size = 20 (custom)
2023-04-11 17:17:50,181 [Listener at 127.0.0.1/38777] INFO  server.RaftServerConfigKeys (ConfUtils.java:logGet(46)) - raft.server.data-stream.async.write.thread.pool.size = 16 (default)
2023-04-11 17:17:50,182 [Listener at 127.0.0.1/38777] INFO  server.RaftServerConfigKeys (ConfUtils.java:logGet(46)) - raft.server.data-stream.client.pool.size = 10 (default)
2023-04-11 17:17:50,182 [Listener at 127.0.0.1/38777] INFO  netty.NettyConfigKeys$DataStream (ConfUtils.java:logGet(46)) - raft.netty.dataStream.server.use-epoll = false (default)
2023-04-11 17:17:50,182 [Listener at 127.0.0.1/38777] INFO  netty.NettyConfigKeys$DataStream (ConfUtils.java:logGet(46)) - raft.netty.dataStream.server.boss-group.size = 0 (default)
2023-04-11 17:17:50,182 [Listener at 127.0.0.1/38777] INFO  netty.NettyConfigKeys$DataStream (ConfUtils.java:logGet(46)) - raft.netty.dataStream.server.worker-group.size = 0 (default)
2023-04-11 17:17:50,183 [Listener at 127.0.0.1/38777] INFO  netty.NettyConfigKeys$DataStream (ConfUtils.java:logGet(46)) - raft.netty.dataStream.server.tls.conf = null (default)
2023-04-11 17:17:50,183 [Listener at 127.0.0.1/38777] INFO  netty.NettyConfigKeys$DataStream (ConfUtils.java:logGet(46)) - raft.netty.dataStream.host = null (default)
2023-04-11 17:17:50,183 [Listener at 127.0.0.1/38777] INFO  netty.NettyConfigKeys$DataStream (ConfUtils.java:logGet(46)) - raft.netty.dataStream.port = 0 (default)
2023-04-11 17:17:50,186 [Listener at 127.0.0.1/38777] INFO  server.RaftServerConfigKeys (ConfUtils.java:logGet(46)) - raft.server.threadpool.proxy.cached = true (default)
2023-04-11 17:17:50,186 [Listener at 127.0.0.1/38777] INFO  server.RaftServerConfigKeys (ConfUtils.java:logGet(46)) - raft.server.threadpool.proxy.size = 0 (default)
2023-04-11 17:17:50,187 [Listener at 127.0.0.1/38777] INFO  server.RaftServerConfigKeys (ConfUtils.java:logGet(46)) - raft.server.rpc.slowness.timeout = 300s (custom)
2023-04-11 17:17:50,187 [Listener at 127.0.0.1/38777] INFO  server.RaftServerConfigKeys (ConfUtils.java:logGet(46)) - raft.server.leaderelection.leader.step-down.wait-time = 10s (default)
2023-04-11 17:17:50,187 [Listener at 127.0.0.1/38777] INFO  server.RaftServerConfigKeys (ConfUtils.java:logGet(46)) - raft.server.storage.dir = [/home/runner/work/ozone/ozone/hadoop-ozone/integration-test/target/test-dir/MiniOzoneClusterImpl-3c04abff-9f55-4a78-ab47-7ca56afb4af6/datanode-0/data/ratis] (custom)
2023-04-11 17:17:50,188 [6e9ccc6a-fad0-416f-afa3-09e4e9fe5838-NettyServerStreamRpc-bossGroup--thread1] INFO  logging.LoggingHandler (AbstractInternalLogger.java:log(148)) - [id: 0xd4bf8f11] REGISTERED
2023-04-11 17:17:50,188 [6e9ccc6a-fad0-416f-afa3-09e4e9fe5838-NettyServerStreamRpc-bossGroup--thread1] INFO  logging.LoggingHandler (AbstractInternalLogger.java:log(148)) - [id: 0xd4bf8f11] BIND: 0.0.0.0/0.0.0.0:0
2023-04-11 17:17:50,188 [6e9ccc6a-fad0-416f-afa3-09e4e9fe5838-NettyServerStreamRpc-bossGroup--thread1] INFO  logging.LoggingHandler (AbstractInternalLogger.java:log(148)) - [id: 0xd4bf8f11, L:/0:0:0:0:0:0:0:0:33979] ACTIVE
2023-04-11 17:17:50,190 [Listener at 127.0.0.1/38777] INFO  server.XceiverServerGrpc (XceiverServerGrpc.java:<init>(132)) - GrpcServer channel type EpollServerSocketChannel
2023-04-11 17:17:50,195 [Listener at 127.0.0.1/38777] INFO  http.BaseHttpServer (BaseHttpServer.java:newHttpServer2BuilderForOzone(224)) - Starting Web-server for hddsDatanode at: http://0.0.0.0:0
2023-04-11 17:17:50,195 [Listener at 127.0.0.1/38777] INFO  http.BaseHttpServer (BaseHttpServer.java:<init>(111)) - Hadoop Security Enabled: false Ozone Security Enabled: false Ozone HTTP Security Enabled: false 
2023-04-11 17:17:50,196 [Listener at 127.0.0.1/38777] WARN  server.AuthenticationFilter (AuthenticationFilter.java:constructSecretProvider(240)) - Unable to initialize FileSignerSecretProvider, falling back to use random secrets. Reason: Could not read signature secret file: /home/runner/hadoop-http-auth-signature-secret
2023-04-11 17:17:50,197 [Listener at 127.0.0.1/38777] WARN  http.HttpRequestLog (HttpRequestLog.java:getRequestLog(103)) - Jetty request log can only be enabled using Log4j
2023-04-11 17:17:50,199 [Listener at 127.0.0.1/38777] INFO  http.HttpServer2 (HttpServer2.java:addGlobalFilter(1031)) - Added global filter 'safety' (class=org.apache.hadoop.hdds.server.http.HttpServer2$QuotingInputFilter)
2023-04-11 17:17:50,201 [Listener at 127.0.0.1/38777] INFO  http.HttpServer2 (HttpServer2.java:addFilter(1007)) - Added filter static_user_filter (class=org.apache.hadoop.http.lib.StaticUserWebFilter$StaticUserFilter) to context hddsDatanode
2023-04-11 17:17:50,201 [Listener at 127.0.0.1/38777] INFO  http.HttpServer2 (HttpServer2.java:addFilter(1015)) - Added filter static_user_filter (class=org.apache.hadoop.http.lib.StaticUserWebFilter$StaticUserFilter) to context logs
2023-04-11 17:17:50,201 [Listener at 127.0.0.1/38777] INFO  http.HttpServer2 (HttpServer2.java:addFilter(1015)) - Added filter static_user_filter (class=org.apache.hadoop.http.lib.StaticUserWebFilter$StaticUserFilter) to context static
2023-04-11 17:17:50,202 [Listener at 127.0.0.1/38777] INFO  http.BaseHttpServer (BaseHttpServer.java:<init>(190)) - HTTP server of hddsDatanode uses base directory /home/runner/work/ozone/ozone/hadoop-ozone/integration-test/target/test-dir/MiniOzoneClusterImpl-3c04abff-9f55-4a78-ab47-7ca56afb4af6/datanode-0/meta/webserver
2023-04-11 17:17:50,202 [Listener at 127.0.0.1/38777] INFO  http.HttpServer2 (HttpServer2.java:bindListener(1250)) - Jetty bound to port 44869
2023-04-11 17:17:50,203 [Listener at 127.0.0.1/38777] INFO  server.Server (Server.java:doStart(375)) - jetty-9.4.49.v20220914; built: 2022-09-14T01:07:36.601Z; git: 4231a3b2e4cb8548a412a789936d640a97b1aa0a; jvm 1.8.0_362-b09
2023-04-11 17:17:50,204 [Listener at 127.0.0.1/38777] INFO  server.session (DefaultSessionIdManager.java:doStart(334)) - DefaultSessionIdManager workerName=node0
2023-04-11 17:17:50,204 [Listener at 127.0.0.1/38777] INFO  server.session (DefaultSessionIdManager.java:doStart(339)) - No SessionScavenger set, using defaults
2023-04-11 17:17:50,205 [Listener at 127.0.0.1/38777] INFO  server.session (HouseKeeper.java:startScavenging(132)) - node0 Scavenging every 600000ms
2023-04-11 17:17:50,205 [Listener at 127.0.0.1/38777] INFO  handler.ContextHandler (ContextHandler.java:doStart(921)) - Started o.e.j.s.ServletContextHandler@388cccaf{logs,/logs,file:///home/runner/work/ozone/ozone/hadoop-ozone/integration-test/target/log,AVAILABLE}
2023-04-11 17:17:50,206 [Listener at 127.0.0.1/38777] INFO  handler.ContextHandler (ContextHandler.java:doStart(921)) - Started o.e.j.s.ServletContextHandler@4e42d0d7{static,/static,jar:file:/home/runner/.m2/repository/org/apache/ozone/hdds-container-service/1.4.0-SNAPSHOT/hdds-container-service-1.4.0-SNAPSHOT.jar!/webapps/static,AVAILABLE}
2023-04-11 17:17:50,432 [Listener at 127.0.0.1/38777] INFO  handler.ContextHandler (ContextHandler.java:doStart(921)) - Started o.e.j.w.WebAppContext@5333d6ea{hddsDatanode,/,file:///home/runner/work/ozone/ozone/hadoop-ozone/integration-test/target/test-dir/MiniOzoneClusterImpl-3c04abff-9f55-4a78-ab47-7ca56afb4af6/datanode-0/meta/webserver/jetty-0_0_0_0-44869-hdds-container-service-1_4_0-SNAPSHOT_jar-_-any-2288536759234483848/webapp/,AVAILABLE}{jar:file:/home/runner/.m2/repository/org/apache/ozone/hdds-container-service/1.4.0-SNAPSHOT/hdds-container-service-1.4.0-SNAPSHOT.jar!/webapps/hddsDatanode}
2023-04-11 17:17:50,434 [Listener at 127.0.0.1/38777] INFO  server.AbstractConnector (AbstractConnector.java:doStart(333)) - Started ServerConnector@22acafbc{HTTP/1.1, (http/1.1)}{0.0.0.0:44869}
2023-04-11 17:17:50,434 [Listener at 127.0.0.1/38777] INFO  server.Server (Server.java:doStart(415)) - Started @86480ms
2023-04-11 17:17:50,434 [Listener at 127.0.0.1/38777] WARN  impl.MetricsSystemImpl (MetricsSystemImpl.java:register(279)) - Sink prometheus already exists!
2023-04-11 17:17:50,435 [Listener at 127.0.0.1/38777] INFO  http.BaseHttpServer (BaseHttpServer.java:updateConnectorAddress(344)) - HTTP server of hddsDatanode listening at http://0.0.0.0:44869
2023-04-11 17:17:50,437 [Listener at 127.0.0.1/38777] WARN  impl.MetricRegistriesImpl (MetricRegistriesImpl.java:addReporterRegistration(111)) - New reporters are added after registries were created. Some metrics will be missing from the reporter. Please add reporter before adding any new registry.
2023-04-11 17:17:50,437 [Listener at 127.0.0.1/38777] WARN  impl.MetricRegistriesImpl (MetricRegistriesImpl.java:addReporterRegistration(111)) - New reporters are added after registries were created. Some metrics will be missing from the reporter. Please add reporter before adding any new registry.
2023-04-11 17:17:50,438 [Listener at 127.0.0.1/38777] INFO  impl.MetricsSystemImpl (MetricsSystemImpl.java:init(158)) - HddsDatanode metrics system started (again)
2023-04-11 17:17:50,444 [Datanode State Machine Daemon Thread] INFO  statemachine.DatanodeStateMachine (DatanodeStateMachine.java:lambda$startDaemon$0(517)) - Ozone container server started.
2023-04-11 17:17:50,452 [Listener at 127.0.0.1/38777] INFO  ozone.HddsDatanodeService (HddsDatanodeService.java:start(252)) - HddsDatanodeService host:fv-az377-102.ap30g4v5sw5evmjtdmxdg2w53f.dx.internal.cloudapp.net ip:10.1.0.70
2023-04-11 17:17:50,456 [org.apache.hadoop.util.JvmPauseMonitor$Monitor@331d90eb] INFO  util.JvmPauseMonitor (JvmPauseMonitor.java:run(188)) - Starting JVM pause monitor
2023-04-11 17:17:50,462 [Datanode State Machine Task Thread - 0] INFO  datanode.InitDatanodeState (InitDatanodeState.java:persistContainerDatanodeDetails(138)) - DatanodeDetails is persisted to /home/runner/work/ozone/ozone/hadoop-ozone/integration-test/target/test-dir/MiniOzoneClusterImpl-3c04abff-9f55-4a78-ab47-7ca56afb4af6/datanode-0/meta/datanode.id
2023-04-11 17:17:50,474 [Listener at 127.0.0.1/38777] INFO  upgrade.AbstractLayoutVersionManager (AbstractLayoutVersionManager.java:init(83)) - Initializing Layout version manager with metadata layout = WEBUI_PORTS_IN_DATANODEDETAILS (version = 6), software layout = WEBUI_PORTS_IN_DATANODEDETAILS (version = 6)
2023-04-11 17:17:50,524 [Listener at 127.0.0.1/38777] INFO  reflections.Reflections (Reflections.java:scan(232)) - Reflections took 48 ms to scan 7 urls, producing 156 keys and 369 values 
2023-04-11 17:17:50,526 [Listener at 127.0.0.1/38777] INFO  statemachine.DatanodeStateMachine (DatanodeStateMachine.java:getEndPointTaskThreadPoolSize(260)) - Datanode State Machine Task Thread Pool size 2
2023-04-11 17:17:50,528 [Listener at 127.0.0.1/38777] INFO  volume.HddsVolume (HddsVolume.java:<init>(130)) - Creating HddsVolume: /home/runner/work/ozone/ozone/hadoop-ozone/integration-test/target/test-dir/MiniOzoneClusterImpl-3c04abff-9f55-4a78-ab47-7ca56afb4af6/datanode-1/data-0/containers/hdds of storage type : DISK capacity : 9223372036854775807
2023-04-11 17:17:50,529 [Listener at 127.0.0.1/38777] INFO  volume.MutableVolumeSet (MutableVolumeSet.java:initializeVolumeSet(175)) - Added Volume : /home/runner/work/ozone/ozone/hadoop-ozone/integration-test/target/test-dir/MiniOzoneClusterImpl-3c04abff-9f55-4a78-ab47-7ca56afb4af6/datanode-1/data-0/containers/hdds to VolumeSet
2023-04-11 17:17:50,529 [Listener at 127.0.0.1/38777] INFO  volume.ThrottledAsyncChecker (ThrottledAsyncChecker.java:schedule(141)) - Scheduling a check for /home/runner/work/ozone/ozone/hadoop-ozone/integration-test/target/test-dir/MiniOzoneClusterImpl-3c04abff-9f55-4a78-ab47-7ca56afb4af6/datanode-1/data-0/containers/hdds
2023-04-11 17:17:50,529 [Listener at 127.0.0.1/38777] INFO  volume.StorageVolumeChecker (StorageVolumeChecker.java:checkAllVolumes(202)) - Scheduled health check for volume /home/runner/work/ozone/ozone/hadoop-ozone/integration-test/target/test-dir/MiniOzoneClusterImpl-3c04abff-9f55-4a78-ab47-7ca56afb4af6/datanode-1/data-0/containers/hdds
2023-04-11 17:17:50,541 [Listener at 127.0.0.1/38777] INFO  volume.MutableVolumeSet (MutableVolumeSet.java:initializeVolumeSet(175)) - Added Volume : /home/runner/work/ozone/ozone/hadoop-ozone/integration-test/target/test-dir/MiniOzoneClusterImpl-3c04abff-9f55-4a78-ab47-7ca56afb4af6/datanode-1/data/ratis to VolumeSet
2023-04-11 17:17:50,541 [Listener at 127.0.0.1/38777] INFO  volume.ThrottledAsyncChecker (ThrottledAsyncChecker.java:schedule(141)) - Scheduling a check for /home/runner/work/ozone/ozone/hadoop-ozone/integration-test/target/test-dir/MiniOzoneClusterImpl-3c04abff-9f55-4a78-ab47-7ca56afb4af6/datanode-1/data/ratis
2023-04-11 17:17:50,541 [Listener at 127.0.0.1/38777] INFO  volume.StorageVolumeChecker (StorageVolumeChecker.java:checkAllVolumes(202)) - Scheduled health check for volume /home/runner/work/ozone/ozone/hadoop-ozone/integration-test/target/test-dir/MiniOzoneClusterImpl-3c04abff-9f55-4a78-ab47-7ca56afb4af6/datanode-1/data/ratis
2023-04-11 17:17:50,552 [Thread-631] INFO  ozoneimpl.ContainerReader (ContainerReader.java:readVolume(175)) - Finish verifying containers on volume /home/runner/work/ozone/ozone/hadoop-ozone/integration-test/target/test-dir/MiniOzoneClusterImpl-3c04abff-9f55-4a78-ab47-7ca56afb4af6/datanode-1/data-0/containers/hdds
2023-04-11 17:17:50,552 [Listener at 127.0.0.1/38777] INFO  ozoneimpl.OzoneContainer (OzoneContainer.java:buildContainerSet(303)) - Build ContainerSet costs 0s
2023-04-11 17:17:50,554 [Listener at 127.0.0.1/38777] INFO  server.RaftServer (ConfUtils.java:logGet(46)) - raft.rpc.type = GRPC (default)
2023-04-11 17:17:50,555 [Listener at 127.0.0.1/38777] INFO  grpc.GrpcConfigKeys (ConfUtils.java:logFallback(53)) - raft.grpc.admin.host = null (fallback to raft.grpc.server.host)
2023-04-11 17:17:50,555 [Listener at 127.0.0.1/38777] INFO  grpc.GrpcConfigKeys (ConfUtils.java:logGet(46)) - raft.grpc.admin.port = 0 (custom)
2023-04-11 17:17:50,555 [Listener at 127.0.0.1/38777] INFO  grpc.GrpcConfigKeys (ConfUtils.java:logFallback(53)) - raft.grpc.client.host = null (fallback to raft.grpc.server.host)
2023-04-11 17:17:50,555 [Listener at 127.0.0.1/38777] INFO  grpc.GrpcConfigKeys (ConfUtils.java:logGet(46)) - raft.grpc.client.port = 0 (custom)
2023-04-11 17:17:50,555 [Listener at 127.0.0.1/38777] INFO  grpc.GrpcConfigKeys (ConfUtils.java:logGet(46)) - raft.grpc.server.host = null (default)
2023-04-11 17:17:50,555 [Listener at 127.0.0.1/38777] INFO  grpc.GrpcConfigKeys (ConfUtils.java:logGet(46)) - raft.grpc.server.port = 0 (default)
2023-04-11 17:17:50,555 [Listener at 127.0.0.1/38777] INFO  server.GrpcService (ConfUtils.java:logGet(46)) - raft.grpc.message.size.max = 32MB (=33554432) (custom)
2023-04-11 17:17:50,555 [Listener at 127.0.0.1/38777] INFO  server.RaftServerConfigKeys (ConfUtils.java:logGet(46)) - raft.server.log.appender.buffer.byte-limit = 33554432 (custom)
2023-04-11 17:17:50,556 [Listener at 127.0.0.1/38777] INFO  server.GrpcService (ConfUtils.java:logGet(46)) - raft.grpc.flow.control.window = 5MB (=5242880) (custom)
2023-04-11 17:17:50,558 [Listener at 127.0.0.1/38777] INFO  server.RaftServerConfigKeys (ConfUtils.java:logGet(46)) - raft.server.rpc.request.timeout = 60s (custom)
2023-04-11 17:17:50,559 [Listener at 127.0.0.1/38777] INFO  grpc.GrpcConfigKeys (ConfUtils.java:logGet(46)) - raft.grpc.server.heartbeat.channel = true (default)
2023-04-11 17:17:50,559 [Listener at 127.0.0.1/38777] INFO  grpc.GrpcConfigKeys (ConfUtils.java:logGet(46)) - raft.grpc.server.async.request.thread.pool.cached = true (default)
2023-04-11 17:17:50,559 [Listener at 127.0.0.1/38777] INFO  grpc.GrpcConfigKeys (ConfUtils.java:logGet(46)) - raft.grpc.server.async.request.thread.pool.size = 32 (default)
2023-04-11 17:17:50,560 [Listener at 127.0.0.1/38777] INFO  impl.DataStreamServerImpl (ConfUtils.java:logGet(46)) - raft.datastream.type = NETTY (custom)
2023-04-11 17:17:50,561 [Listener at 127.0.0.1/38777] INFO  server.RaftServerConfigKeys (ConfUtils.java:logGet(46)) - raft.server.data-stream.async.request.thread.pool.cached = false (default)
2023-04-11 17:17:50,562 [Listener at 127.0.0.1/38777] INFO  server.RaftServerConfigKeys (ConfUtils.java:logGet(46)) - raft.server.data-stream.async.request.thread.pool.size = 20 (custom)
2023-04-11 17:17:50,562 [Listener at 127.0.0.1/38777] INFO  server.RaftServerConfigKeys (ConfUtils.java:logGet(46)) - raft.server.data-stream.async.write.thread.pool.size = 16 (default)
2023-04-11 17:17:50,562 [Listener at 127.0.0.1/38777] INFO  server.RaftServerConfigKeys (ConfUtils.java:logGet(46)) - raft.server.data-stream.client.pool.size = 10 (default)
2023-04-11 17:17:50,562 [Listener at 127.0.0.1/38777] INFO  netty.NettyConfigKeys$DataStream (ConfUtils.java:logGet(46)) - raft.netty.dataStream.server.use-epoll = false (default)
2023-04-11 17:17:50,562 [Listener at 127.0.0.1/38777] INFO  netty.NettyConfigKeys$DataStream (ConfUtils.java:logGet(46)) - raft.netty.dataStream.server.boss-group.size = 0 (default)
2023-04-11 17:17:50,563 [Listener at 127.0.0.1/38777] INFO  netty.NettyConfigKeys$DataStream (ConfUtils.java:logGet(46)) - raft.netty.dataStream.server.worker-group.size = 0 (default)
2023-04-11 17:17:50,563 [Listener at 127.0.0.1/38777] INFO  netty.NettyConfigKeys$DataStream (ConfUtils.java:logGet(46)) - raft.netty.dataStream.server.tls.conf = null (default)
2023-04-11 17:17:50,563 [Listener at 127.0.0.1/38777] INFO  netty.NettyConfigKeys$DataStream (ConfUtils.java:logGet(46)) - raft.netty.dataStream.host = null (default)
2023-04-11 17:17:50,563 [Listener at 127.0.0.1/38777] INFO  netty.NettyConfigKeys$DataStream (ConfUtils.java:logGet(46)) - raft.netty.dataStream.port = 0 (default)
2023-04-11 17:17:50,564 [Listener at 127.0.0.1/38777] INFO  server.RaftServerConfigKeys (ConfUtils.java:logGet(46)) - raft.server.threadpool.proxy.cached = true (default)
2023-04-11 17:17:50,564 [Listener at 127.0.0.1/38777] INFO  server.RaftServerConfigKeys (ConfUtils.java:logGet(46)) - raft.server.threadpool.proxy.size = 0 (default)
2023-04-11 17:17:50,564 [316a6a1b-3f00-43af-9dbc-ac2971b62daf-NettyServerStreamRpc-bossGroup--thread1] INFO  logging.LoggingHandler (AbstractInternalLogger.java:log(148)) - [id: 0x373e9e4d] REGISTERED
2023-04-11 17:17:50,564 [Listener at 127.0.0.1/38777] INFO  server.RaftServerConfigKeys (ConfUtils.java:logGet(46)) - raft.server.rpc.slowness.timeout = 300s (custom)
2023-04-11 17:17:50,564 [316a6a1b-3f00-43af-9dbc-ac2971b62daf-NettyServerStreamRpc-bossGroup--thread1] INFO  logging.LoggingHandler (AbstractInternalLogger.java:log(148)) - [id: 0x373e9e4d] BIND: 0.0.0.0/0.0.0.0:0
2023-04-11 17:17:50,565 [Listener at 127.0.0.1/38777] INFO  server.RaftServerConfigKeys (ConfUtils.java:logGet(46)) - raft.server.leaderelection.leader.step-down.wait-time = 10s (default)
2023-04-11 17:17:50,565 [316a6a1b-3f00-43af-9dbc-ac2971b62daf-NettyServerStreamRpc-bossGroup--thread1] INFO  logging.LoggingHandler (AbstractInternalLogger.java:log(148)) - [id: 0x373e9e4d, L:/0:0:0:0:0:0:0:0:42545] ACTIVE
2023-04-11 17:17:50,565 [Listener at 127.0.0.1/38777] INFO  server.RaftServerConfigKeys (ConfUtils.java:logGet(46)) - raft.server.storage.dir = [/home/runner/work/ozone/ozone/hadoop-ozone/integration-test/target/test-dir/MiniOzoneClusterImpl-3c04abff-9f55-4a78-ab47-7ca56afb4af6/datanode-1/data/ratis] (custom)
2023-04-11 17:17:50,567 [Listener at 127.0.0.1/38777] INFO  server.XceiverServerGrpc (XceiverServerGrpc.java:<init>(132)) - GrpcServer channel type EpollServerSocketChannel
2023-04-11 17:17:50,575 [Listener at 127.0.0.1/38777] INFO  http.BaseHttpServer (BaseHttpServer.java:newHttpServer2BuilderForOzone(224)) - Starting Web-server for hddsDatanode at: http://0.0.0.0:0
2023-04-11 17:17:50,575 [Listener at 127.0.0.1/38777] INFO  http.BaseHttpServer (BaseHttpServer.java:<init>(111)) - Hadoop Security Enabled: false Ozone Security Enabled: false Ozone HTTP Security Enabled: false 
2023-04-11 17:17:50,577 [Listener at 127.0.0.1/38777] WARN  server.AuthenticationFilter (AuthenticationFilter.java:constructSecretProvider(240)) - Unable to initialize FileSignerSecretProvider, falling back to use random secrets. Reason: Could not read signature secret file: /home/runner/hadoop-http-auth-signature-secret
2023-04-11 17:17:50,577 [Listener at 127.0.0.1/38777] WARN  http.HttpRequestLog (HttpRequestLog.java:getRequestLog(103)) - Jetty request log can only be enabled using Log4j
2023-04-11 17:17:50,579 [Listener at 127.0.0.1/38777] INFO  http.HttpServer2 (HttpServer2.java:addGlobalFilter(1031)) - Added global filter 'safety' (class=org.apache.hadoop.hdds.server.http.HttpServer2$QuotingInputFilter)
2023-04-11 17:17:50,579 [Listener at 127.0.0.1/38777] INFO  http.HttpServer2 (HttpServer2.java:addFilter(1007)) - Added filter static_user_filter (class=org.apache.hadoop.http.lib.StaticUserWebFilter$StaticUserFilter) to context hddsDatanode
2023-04-11 17:17:50,579 [Listener at 127.0.0.1/38777] INFO  http.HttpServer2 (HttpServer2.java:addFilter(1015)) - Added filter static_user_filter (class=org.apache.hadoop.http.lib.StaticUserWebFilter$StaticUserFilter) to context logs
2023-04-11 17:17:50,579 [Listener at 127.0.0.1/38777] INFO  http.HttpServer2 (HttpServer2.java:addFilter(1015)) - Added filter static_user_filter (class=org.apache.hadoop.http.lib.StaticUserWebFilter$StaticUserFilter) to context static
2023-04-11 17:17:50,580 [Listener at 127.0.0.1/38777] INFO  http.BaseHttpServer (BaseHttpServer.java:<init>(190)) - HTTP server of hddsDatanode uses base directory /home/runner/work/ozone/ozone/hadoop-ozone/integration-test/target/test-dir/MiniOzoneClusterImpl-3c04abff-9f55-4a78-ab47-7ca56afb4af6/datanode-1/meta/webserver
2023-04-11 17:17:50,580 [Listener at 127.0.0.1/38777] INFO  http.HttpServer2 (HttpServer2.java:bindListener(1250)) - Jetty bound to port 39701
2023-04-11 17:17:50,581 [Listener at 127.0.0.1/38777] INFO  server.Server (Server.java:doStart(375)) - jetty-9.4.49.v20220914; built: 2022-09-14T01:07:36.601Z; git: 4231a3b2e4cb8548a412a789936d640a97b1aa0a; jvm 1.8.0_362-b09
2023-04-11 17:17:50,582 [Listener at 127.0.0.1/38777] INFO  server.session (DefaultSessionIdManager.java:doStart(334)) - DefaultSessionIdManager workerName=node0
2023-04-11 17:17:50,582 [Listener at 127.0.0.1/38777] INFO  server.session (DefaultSessionIdManager.java:doStart(339)) - No SessionScavenger set, using defaults
2023-04-11 17:17:50,582 [Listener at 127.0.0.1/38777] INFO  server.session (HouseKeeper.java:startScavenging(132)) - node0 Scavenging every 660000ms
2023-04-11 17:17:50,583 [Listener at 127.0.0.1/38777] INFO  handler.ContextHandler (ContextHandler.java:doStart(921)) - Started o.e.j.s.ServletContextHandler@34337ea7{logs,/logs,file:///home/runner/work/ozone/ozone/hadoop-ozone/integration-test/target/log,AVAILABLE}
2023-04-11 17:17:50,583 [Listener at 127.0.0.1/38777] INFO  handler.ContextHandler (ContextHandler.java:doStart(921)) - Started o.e.j.s.ServletContextHandler@4e6b5d8c{static,/static,jar:file:/home/runner/.m2/repository/org/apache/ozone/hdds-container-service/1.4.0-SNAPSHOT/hdds-container-service-1.4.0-SNAPSHOT.jar!/webapps/static,AVAILABLE}
2023-04-11 17:17:50,797 [Listener at 127.0.0.1/38777] INFO  handler.ContextHandler (ContextHandler.java:doStart(921)) - Started o.e.j.w.WebAppContext@2aaa0bf1{hddsDatanode,/,file:///home/runner/work/ozone/ozone/hadoop-ozone/integration-test/target/test-dir/MiniOzoneClusterImpl-3c04abff-9f55-4a78-ab47-7ca56afb4af6/datanode-1/meta/webserver/jetty-0_0_0_0-39701-hdds-container-service-1_4_0-SNAPSHOT_jar-_-any-1404408267688025552/webapp/,AVAILABLE}{jar:file:/home/runner/.m2/repository/org/apache/ozone/hdds-container-service/1.4.0-SNAPSHOT/hdds-container-service-1.4.0-SNAPSHOT.jar!/webapps/hddsDatanode}
2023-04-11 17:17:50,799 [Listener at 127.0.0.1/38777] INFO  server.AbstractConnector (AbstractConnector.java:doStart(333)) - Started ServerConnector@737c5ebb{HTTP/1.1, (http/1.1)}{0.0.0.0:39701}
2023-04-11 17:17:50,799 [Listener at 127.0.0.1/38777] INFO  server.Server (Server.java:doStart(415)) - Started @86844ms
2023-04-11 17:17:50,799 [Listener at 127.0.0.1/38777] WARN  impl.MetricsSystemImpl (MetricsSystemImpl.java:register(279)) - Sink prometheus already exists!
2023-04-11 17:17:50,800 [Listener at 127.0.0.1/38777] INFO  http.BaseHttpServer (BaseHttpServer.java:updateConnectorAddress(344)) - HTTP server of hddsDatanode listening at http://0.0.0.0:39701
2023-04-11 17:17:50,800 [Listener at 127.0.0.1/38777] WARN  impl.MetricRegistriesImpl (MetricRegistriesImpl.java:addReporterRegistration(111)) - New reporters are added after registries were created. Some metrics will be missing from the reporter. Please add reporter before adding any new registry.
2023-04-11 17:17:50,800 [Listener at 127.0.0.1/38777] WARN  impl.MetricRegistriesImpl (MetricRegistriesImpl.java:addReporterRegistration(111)) - New reporters are added after registries were created. Some metrics will be missing from the reporter. Please add reporter before adding any new registry.
2023-04-11 17:17:50,800 [Listener at 127.0.0.1/38777] INFO  impl.MetricsSystemImpl (MetricsSystemImpl.java:init(158)) - HddsDatanode metrics system started (again)
2023-04-11 17:17:50,804 [Datanode State Machine Daemon Thread] INFO  statemachine.DatanodeStateMachine (DatanodeStateMachine.java:lambda$startDaemon$0(517)) - Ozone container server started.
2023-04-11 17:17:50,821 [Listener at 127.0.0.1/38777] INFO  ozone.HddsDatanodeService (HddsDatanodeService.java:start(252)) - HddsDatanodeService host:fv-az377-102.ap30g4v5sw5evmjtdmxdg2w53f.dx.internal.cloudapp.net ip:10.1.0.70
2023-04-11 17:17:50,822 [org.apache.hadoop.util.JvmPauseMonitor$Monitor@45eb8c85] INFO  util.JvmPauseMonitor (JvmPauseMonitor.java:run(188)) - Starting JVM pause monitor
2023-04-11 17:17:50,824 [Datanode State Machine Task Thread - 0] INFO  datanode.InitDatanodeState (InitDatanodeState.java:persistContainerDatanodeDetails(138)) - DatanodeDetails is persisted to /home/runner/work/ozone/ozone/hadoop-ozone/integration-test/target/test-dir/MiniOzoneClusterImpl-3c04abff-9f55-4a78-ab47-7ca56afb4af6/datanode-1/meta/datanode.id
2023-04-11 17:17:50,848 [Listener at 127.0.0.1/38777] INFO  upgrade.AbstractLayoutVersionManager (AbstractLayoutVersionManager.java:init(83)) - Initializing Layout version manager with metadata layout = WEBUI_PORTS_IN_DATANODEDETAILS (version = 6), software layout = WEBUI_PORTS_IN_DATANODEDETAILS (version = 6)
2023-04-11 17:17:50,906 [Listener at 127.0.0.1/38777] INFO  reflections.Reflections (Reflections.java:scan(232)) - Reflections took 56 ms to scan 7 urls, producing 156 keys and 369 values 
2023-04-11 17:17:50,909 [Listener at 127.0.0.1/38777] INFO  statemachine.DatanodeStateMachine (DatanodeStateMachine.java:getEndPointTaskThreadPoolSize(260)) - Datanode State Machine Task Thread Pool size 2
2023-04-11 17:17:50,912 [Listener at 127.0.0.1/38777] INFO  volume.HddsVolume (HddsVolume.java:<init>(130)) - Creating HddsVolume: /home/runner/work/ozone/ozone/hadoop-ozone/integration-test/target/test-dir/MiniOzoneClusterImpl-3c04abff-9f55-4a78-ab47-7ca56afb4af6/datanode-2/data-0/containers/hdds of storage type : DISK capacity : 9223372036854775807
2023-04-11 17:17:50,913 [Listener at 127.0.0.1/38777] INFO  volume.MutableVolumeSet (MutableVolumeSet.java:initializeVolumeSet(175)) - Added Volume : /home/runner/work/ozone/ozone/hadoop-ozone/integration-test/target/test-dir/MiniOzoneClusterImpl-3c04abff-9f55-4a78-ab47-7ca56afb4af6/datanode-2/data-0/containers/hdds to VolumeSet
2023-04-11 17:17:50,913 [Listener at 127.0.0.1/38777] INFO  volume.ThrottledAsyncChecker (ThrottledAsyncChecker.java:schedule(141)) - Scheduling a check for /home/runner/work/ozone/ozone/hadoop-ozone/integration-test/target/test-dir/MiniOzoneClusterImpl-3c04abff-9f55-4a78-ab47-7ca56afb4af6/datanode-2/data-0/containers/hdds
2023-04-11 17:17:50,913 [Listener at 127.0.0.1/38777] INFO  volume.StorageVolumeChecker (StorageVolumeChecker.java:checkAllVolumes(202)) - Scheduled health check for volume /home/runner/work/ozone/ozone/hadoop-ozone/integration-test/target/test-dir/MiniOzoneClusterImpl-3c04abff-9f55-4a78-ab47-7ca56afb4af6/datanode-2/data-0/containers/hdds
2023-04-11 17:17:50,930 [Listener at 127.0.0.1/38777] INFO  volume.MutableVolumeSet (MutableVolumeSet.java:initializeVolumeSet(175)) - Added Volume : /home/runner/work/ozone/ozone/hadoop-ozone/integration-test/target/test-dir/MiniOzoneClusterImpl-3c04abff-9f55-4a78-ab47-7ca56afb4af6/datanode-2/data/ratis to VolumeSet
2023-04-11 17:17:50,930 [Listener at 127.0.0.1/38777] INFO  volume.ThrottledAsyncChecker (ThrottledAsyncChecker.java:schedule(141)) - Scheduling a check for /home/runner/work/ozone/ozone/hadoop-ozone/integration-test/target/test-dir/MiniOzoneClusterImpl-3c04abff-9f55-4a78-ab47-7ca56afb4af6/datanode-2/data/ratis
2023-04-11 17:17:50,930 [Listener at 127.0.0.1/38777] INFO  volume.StorageVolumeChecker (StorageVolumeChecker.java:checkAllVolumes(202)) - Scheduled health check for volume /home/runner/work/ozone/ozone/hadoop-ozone/integration-test/target/test-dir/MiniOzoneClusterImpl-3c04abff-9f55-4a78-ab47-7ca56afb4af6/datanode-2/data/ratis
2023-04-11 17:17:50,942 [Thread-645] INFO  ozoneimpl.ContainerReader (ContainerReader.java:readVolume(175)) - Finish verifying containers on volume /home/runner/work/ozone/ozone/hadoop-ozone/integration-test/target/test-dir/MiniOzoneClusterImpl-3c04abff-9f55-4a78-ab47-7ca56afb4af6/datanode-2/data-0/containers/hdds
2023-04-11 17:17:50,942 [Listener at 127.0.0.1/38777] INFO  ozoneimpl.OzoneContainer (OzoneContainer.java:buildContainerSet(303)) - Build ContainerSet costs 0s
2023-04-11 17:17:50,948 [Listener at 127.0.0.1/38777] INFO  server.RaftServer (ConfUtils.java:logGet(46)) - raft.rpc.type = GRPC (default)
2023-04-11 17:17:50,948 [Listener at 127.0.0.1/38777] INFO  grpc.GrpcConfigKeys (ConfUtils.java:logFallback(53)) - raft.grpc.admin.host = null (fallback to raft.grpc.server.host)
2023-04-11 17:17:50,949 [Listener at 127.0.0.1/38777] INFO  grpc.GrpcConfigKeys (ConfUtils.java:logGet(46)) - raft.grpc.admin.port = 0 (custom)
2023-04-11 17:17:50,949 [Listener at 127.0.0.1/38777] INFO  grpc.GrpcConfigKeys (ConfUtils.java:logFallback(53)) - raft.grpc.client.host = null (fallback to raft.grpc.server.host)
2023-04-11 17:17:50,949 [Listener at 127.0.0.1/38777] INFO  grpc.GrpcConfigKeys (ConfUtils.java:logGet(46)) - raft.grpc.client.port = 0 (custom)
2023-04-11 17:17:50,949 [Listener at 127.0.0.1/38777] INFO  grpc.GrpcConfigKeys (ConfUtils.java:logGet(46)) - raft.grpc.server.host = null (default)
2023-04-11 17:17:50,949 [Listener at 127.0.0.1/38777] INFO  grpc.GrpcConfigKeys (ConfUtils.java:logGet(46)) - raft.grpc.server.port = 0 (default)
2023-04-11 17:17:50,949 [Listener at 127.0.0.1/38777] INFO  server.GrpcService (ConfUtils.java:logGet(46)) - raft.grpc.message.size.max = 32MB (=33554432) (custom)
2023-04-11 17:17:50,949 [Listener at 127.0.0.1/38777] INFO  server.RaftServerConfigKeys (ConfUtils.java:logGet(46)) - raft.server.log.appender.buffer.byte-limit = 33554432 (custom)
2023-04-11 17:17:50,950 [Listener at 127.0.0.1/38777] INFO  server.GrpcService (ConfUtils.java:logGet(46)) - raft.grpc.flow.control.window = 5MB (=5242880) (custom)
2023-04-11 17:17:50,950 [Listener at 127.0.0.1/38777] INFO  server.RaftServerConfigKeys (ConfUtils.java:logGet(46)) - raft.server.rpc.request.timeout = 60s (custom)
2023-04-11 17:17:50,950 [Listener at 127.0.0.1/38777] INFO  grpc.GrpcConfigKeys (ConfUtils.java:logGet(46)) - raft.grpc.server.heartbeat.channel = true (default)
2023-04-11 17:17:50,950 [Listener at 127.0.0.1/38777] INFO  grpc.GrpcConfigKeys (ConfUtils.java:logGet(46)) - raft.grpc.server.async.request.thread.pool.cached = true (default)
2023-04-11 17:17:50,950 [Listener at 127.0.0.1/38777] INFO  grpc.GrpcConfigKeys (ConfUtils.java:logGet(46)) - raft.grpc.server.async.request.thread.pool.size = 32 (default)
2023-04-11 17:17:50,951 [Listener at 127.0.0.1/38777] INFO  impl.DataStreamServerImpl (ConfUtils.java:logGet(46)) - raft.datastream.type = NETTY (custom)
2023-04-11 17:17:50,953 [Listener at 127.0.0.1/38777] INFO  server.RaftServerConfigKeys (ConfUtils.java:logGet(46)) - raft.server.data-stream.async.request.thread.pool.cached = false (default)
2023-04-11 17:17:50,953 [Listener at 127.0.0.1/38777] INFO  server.RaftServerConfigKeys (ConfUtils.java:logGet(46)) - raft.server.data-stream.async.request.thread.pool.size = 20 (custom)
2023-04-11 17:17:50,953 [Listener at 127.0.0.1/38777] INFO  server.RaftServerConfigKeys (ConfUtils.java:logGet(46)) - raft.server.data-stream.async.write.thread.pool.size = 16 (default)
2023-04-11 17:17:50,953 [Listener at 127.0.0.1/38777] INFO  server.RaftServerConfigKeys (ConfUtils.java:logGet(46)) - raft.server.data-stream.client.pool.size = 10 (default)
2023-04-11 17:17:50,953 [Listener at 127.0.0.1/38777] INFO  netty.NettyConfigKeys$DataStream (ConfUtils.java:logGet(46)) - raft.netty.dataStream.server.use-epoll = false (default)
2023-04-11 17:17:50,954 [Listener at 127.0.0.1/38777] INFO  netty.NettyConfigKeys$DataStream (ConfUtils.java:logGet(46)) - raft.netty.dataStream.server.boss-group.size = 0 (default)
2023-04-11 17:17:50,954 [Listener at 127.0.0.1/38777] INFO  netty.NettyConfigKeys$DataStream (ConfUtils.java:logGet(46)) - raft.netty.dataStream.server.worker-group.size = 0 (default)
2023-04-11 17:17:50,954 [Listener at 127.0.0.1/38777] INFO  netty.NettyConfigKeys$DataStream (ConfUtils.java:logGet(46)) - raft.netty.dataStream.server.tls.conf = null (default)
2023-04-11 17:17:50,955 [Listener at 127.0.0.1/38777] INFO  netty.NettyConfigKeys$DataStream (ConfUtils.java:logGet(46)) - raft.netty.dataStream.host = null (default)
2023-04-11 17:17:50,955 [Listener at 127.0.0.1/38777] INFO  netty.NettyConfigKeys$DataStream (ConfUtils.java:logGet(46)) - raft.netty.dataStream.port = 0 (default)
2023-04-11 17:17:50,964 [Listener at 127.0.0.1/38777] INFO  server.RaftServerConfigKeys (ConfUtils.java:logGet(46)) - raft.server.threadpool.proxy.cached = true (default)
2023-04-11 17:17:50,964 [Listener at 127.0.0.1/38777] INFO  server.RaftServerConfigKeys (ConfUtils.java:logGet(46)) - raft.server.threadpool.proxy.size = 0 (default)
2023-04-11 17:17:50,964 [Listener at 127.0.0.1/38777] INFO  server.RaftServerConfigKeys (ConfUtils.java:logGet(46)) - raft.server.rpc.slowness.timeout = 300s (custom)
2023-04-11 17:17:50,964 [Listener at 127.0.0.1/38777] INFO  server.RaftServerConfigKeys (ConfUtils.java:logGet(46)) - raft.server.leaderelection.leader.step-down.wait-time = 10s (default)
2023-04-11 17:17:50,965 [Listener at 127.0.0.1/38777] INFO  server.RaftServerConfigKeys (ConfUtils.java:logGet(46)) - raft.server.storage.dir = [/home/runner/work/ozone/ozone/hadoop-ozone/integration-test/target/test-dir/MiniOzoneClusterImpl-3c04abff-9f55-4a78-ab47-7ca56afb4af6/datanode-2/data/ratis] (custom)
2023-04-11 17:17:50,965 [1466190b-31b8-4a1a-90c9-9931edc03f55-NettyServerStreamRpc-bossGroup--thread1] INFO  logging.LoggingHandler (AbstractInternalLogger.java:log(148)) - [id: 0x47198310] REGISTERED
2023-04-11 17:17:50,965 [1466190b-31b8-4a1a-90c9-9931edc03f55-NettyServerStreamRpc-bossGroup--thread1] INFO  logging.LoggingHandler (AbstractInternalLogger.java:log(148)) - [id: 0x47198310] BIND: 0.0.0.0/0.0.0.0:0
2023-04-11 17:17:50,966 [1466190b-31b8-4a1a-90c9-9931edc03f55-NettyServerStreamRpc-bossGroup--thread1] INFO  logging.LoggingHandler (AbstractInternalLogger.java:log(148)) - [id: 0x47198310, L:/0:0:0:0:0:0:0:0:38869] ACTIVE
2023-04-11 17:17:50,970 [Listener at 127.0.0.1/38777] INFO  server.XceiverServerGrpc (XceiverServerGrpc.java:<init>(132)) - GrpcServer channel type EpollServerSocketChannel
2023-04-11 17:17:50,977 [Listener at 127.0.0.1/38777] INFO  http.BaseHttpServer (BaseHttpServer.java:newHttpServer2BuilderForOzone(224)) - Starting Web-server for hddsDatanode at: http://0.0.0.0:0
2023-04-11 17:17:50,977 [Listener at 127.0.0.1/38777] INFO  http.BaseHttpServer (BaseHttpServer.java:<init>(111)) - Hadoop Security Enabled: false Ozone Security Enabled: false Ozone HTTP Security Enabled: false 
2023-04-11 17:17:50,978 [Listener at 127.0.0.1/38777] WARN  server.AuthenticationFilter (AuthenticationFilter.java:constructSecretProvider(240)) - Unable to initialize FileSignerSecretProvider, falling back to use random secrets. Reason: Could not read signature secret file: /home/runner/hadoop-http-auth-signature-secret
2023-04-11 17:17:50,979 [Listener at 127.0.0.1/38777] WARN  http.HttpRequestLog (HttpRequestLog.java:getRequestLog(103)) - Jetty request log can only be enabled using Log4j
2023-04-11 17:17:50,980 [Listener at 127.0.0.1/38777] INFO  http.HttpServer2 (HttpServer2.java:addGlobalFilter(1031)) - Added global filter 'safety' (class=org.apache.hadoop.hdds.server.http.HttpServer2$QuotingInputFilter)
2023-04-11 17:17:50,982 [Listener at 127.0.0.1/38777] INFO  http.HttpServer2 (HttpServer2.java:addFilter(1007)) - Added filter static_user_filter (class=org.apache.hadoop.http.lib.StaticUserWebFilter$StaticUserFilter) to context hddsDatanode
2023-04-11 17:17:50,982 [Listener at 127.0.0.1/38777] INFO  http.HttpServer2 (HttpServer2.java:addFilter(1015)) - Added filter static_user_filter (class=org.apache.hadoop.http.lib.StaticUserWebFilter$StaticUserFilter) to context static
2023-04-11 17:17:50,982 [Listener at 127.0.0.1/38777] INFO  http.HttpServer2 (HttpServer2.java:addFilter(1015)) - Added filter static_user_filter (class=org.apache.hadoop.http.lib.StaticUserWebFilter$StaticUserFilter) to context logs
2023-04-11 17:17:50,983 [Listener at 127.0.0.1/38777] INFO  http.BaseHttpServer (BaseHttpServer.java:<init>(190)) - HTTP server of hddsDatanode uses base directory /home/runner/work/ozone/ozone/hadoop-ozone/integration-test/target/test-dir/MiniOzoneClusterImpl-3c04abff-9f55-4a78-ab47-7ca56afb4af6/datanode-2/meta/webserver
2023-04-11 17:17:50,983 [Listener at 127.0.0.1/38777] INFO  http.HttpServer2 (HttpServer2.java:bindListener(1250)) - Jetty bound to port 36489
2023-04-11 17:17:50,983 [Listener at 127.0.0.1/38777] INFO  server.Server (Server.java:doStart(375)) - jetty-9.4.49.v20220914; built: 2022-09-14T01:07:36.601Z; git: 4231a3b2e4cb8548a412a789936d640a97b1aa0a; jvm 1.8.0_362-b09
2023-04-11 17:17:50,985 [Listener at 127.0.0.1/38777] INFO  server.session (DefaultSessionIdManager.java:doStart(334)) - DefaultSessionIdManager workerName=node0
2023-04-11 17:17:50,985 [Listener at 127.0.0.1/38777] INFO  server.session (DefaultSessionIdManager.java:doStart(339)) - No SessionScavenger set, using defaults
2023-04-11 17:17:50,985 [Listener at 127.0.0.1/38777] INFO  server.session (HouseKeeper.java:startScavenging(132)) - node0 Scavenging every 600000ms
2023-04-11 17:17:50,986 [Listener at 127.0.0.1/38777] INFO  handler.ContextHandler (ContextHandler.java:doStart(921)) - Started o.e.j.s.ServletContextHandler@71fa8896{logs,/logs,file:///home/runner/work/ozone/ozone/hadoop-ozone/integration-test/target/log,AVAILABLE}
2023-04-11 17:17:50,987 [Listener at 127.0.0.1/38777] INFO  handler.ContextHandler (ContextHandler.java:doStart(921)) - Started o.e.j.s.ServletContextHandler@1d8307f3{static,/static,jar:file:/home/runner/.m2/repository/org/apache/ozone/hdds-container-service/1.4.0-SNAPSHOT/hdds-container-service-1.4.0-SNAPSHOT.jar!/webapps/static,AVAILABLE}
2023-04-11 17:17:51,221 [Listener at 127.0.0.1/38777] INFO  handler.ContextHandler (ContextHandler.java:doStart(921)) - Started o.e.j.w.WebAppContext@79dd358f{hddsDatanode,/,file:///home/runner/work/ozone/ozone/hadoop-ozone/integration-test/target/test-dir/MiniOzoneClusterImpl-3c04abff-9f55-4a78-ab47-7ca56afb4af6/datanode-2/meta/webserver/jetty-0_0_0_0-36489-hdds-container-service-1_4_0-SNAPSHOT_jar-_-any-4187751403549102128/webapp/,AVAILABLE}{jar:file:/home/runner/.m2/repository/org/apache/ozone/hdds-container-service/1.4.0-SNAPSHOT/hdds-container-service-1.4.0-SNAPSHOT.jar!/webapps/hddsDatanode}
2023-04-11 17:17:51,223 [Listener at 127.0.0.1/38777] INFO  server.AbstractConnector (AbstractConnector.java:doStart(333)) - Started ServerConnector@4b6e2fb4{HTTP/1.1, (http/1.1)}{0.0.0.0:36489}
2023-04-11 17:17:51,223 [Listener at 127.0.0.1/38777] INFO  server.Server (Server.java:doStart(415)) - Started @87269ms
2023-04-11 17:17:51,223 [Listener at 127.0.0.1/38777] WARN  impl.MetricsSystemImpl (MetricsSystemImpl.java:register(279)) - Sink prometheus already exists!
2023-04-11 17:17:51,224 [Listener at 127.0.0.1/38777] INFO  http.BaseHttpServer (BaseHttpServer.java:updateConnectorAddress(344)) - HTTP server of hddsDatanode listening at http://0.0.0.0:36489
2023-04-11 17:17:51,225 [Listener at 127.0.0.1/38777] WARN  impl.MetricRegistriesImpl (MetricRegistriesImpl.java:addReporterRegistration(111)) - New reporters are added after registries were created. Some metrics will be missing from the reporter. Please add reporter before adding any new registry.
2023-04-11 17:17:51,225 [Listener at 127.0.0.1/38777] WARN  impl.MetricRegistriesImpl (MetricRegistriesImpl.java:addReporterRegistration(111)) - New reporters are added after registries were created. Some metrics will be missing from the reporter. Please add reporter before adding any new registry.
2023-04-11 17:17:51,225 [Listener at 127.0.0.1/38777] INFO  impl.MetricsSystemImpl (MetricsSystemImpl.java:init(158)) - HddsDatanode metrics system started (again)
2023-04-11 17:17:51,232 [Datanode State Machine Daemon Thread] INFO  statemachine.DatanodeStateMachine (DatanodeStateMachine.java:lambda$startDaemon$0(517)) - Ozone container server started.
2023-04-11 17:17:51,249 [org.apache.hadoop.util.JvmPauseMonitor$Monitor@1d1bfa4b] INFO  util.JvmPauseMonitor (JvmPauseMonitor.java:run(188)) - Starting JVM pause monitor
2023-04-11 17:17:51,259 [Listener at 127.0.0.1/38777] INFO  ozone.HddsDatanodeService (HddsDatanodeService.java:start(252)) - HddsDatanodeService host:fv-az377-102.ap30g4v5sw5evmjtdmxdg2w53f.dx.internal.cloudapp.net ip:10.1.0.70
2023-04-11 17:17:51,268 [Datanode State Machine Task Thread - 0] INFO  datanode.InitDatanodeState (InitDatanodeState.java:persistContainerDatanodeDetails(138)) - DatanodeDetails is persisted to /home/runner/work/ozone/ozone/hadoop-ozone/integration-test/target/test-dir/MiniOzoneClusterImpl-3c04abff-9f55-4a78-ab47-7ca56afb4af6/datanode-2/meta/datanode.id
2023-04-11 17:17:51,286 [Listener at 127.0.0.1/38777] INFO  upgrade.AbstractLayoutVersionManager (AbstractLayoutVersionManager.java:init(83)) - Initializing Layout version manager with metadata layout = WEBUI_PORTS_IN_DATANODEDETAILS (version = 6), software layout = WEBUI_PORTS_IN_DATANODEDETAILS (version = 6)
2023-04-11 17:17:51,342 [Listener at 127.0.0.1/38777] INFO  reflections.Reflections (Reflections.java:scan(232)) - Reflections took 54 ms to scan 7 urls, producing 156 keys and 369 values 
2023-04-11 17:17:51,344 [Listener at 127.0.0.1/38777] INFO  statemachine.DatanodeStateMachine (DatanodeStateMachine.java:getEndPointTaskThreadPoolSize(260)) - Datanode State Machine Task Thread Pool size 2
2023-04-11 17:17:51,346 [Listener at 127.0.0.1/38777] INFO  volume.HddsVolume (HddsVolume.java:<init>(130)) - Creating HddsVolume: /home/runner/work/ozone/ozone/hadoop-ozone/integration-test/target/test-dir/MiniOzoneClusterImpl-3c04abff-9f55-4a78-ab47-7ca56afb4af6/datanode-3/data-0/containers/hdds of storage type : DISK capacity : 9223372036854775807
2023-04-11 17:17:51,346 [Listener at 127.0.0.1/38777] INFO  volume.MutableVolumeSet (MutableVolumeSet.java:initializeVolumeSet(175)) - Added Volume : /home/runner/work/ozone/ozone/hadoop-ozone/integration-test/target/test-dir/MiniOzoneClusterImpl-3c04abff-9f55-4a78-ab47-7ca56afb4af6/datanode-3/data-0/containers/hdds to VolumeSet
2023-04-11 17:17:51,347 [Listener at 127.0.0.1/38777] INFO  volume.ThrottledAsyncChecker (ThrottledAsyncChecker.java:schedule(141)) - Scheduling a check for /home/runner/work/ozone/ozone/hadoop-ozone/integration-test/target/test-dir/MiniOzoneClusterImpl-3c04abff-9f55-4a78-ab47-7ca56afb4af6/datanode-3/data-0/containers/hdds
2023-04-11 17:17:51,348 [Listener at 127.0.0.1/38777] INFO  volume.StorageVolumeChecker (StorageVolumeChecker.java:checkAllVolumes(202)) - Scheduled health check for volume /home/runner/work/ozone/ozone/hadoop-ozone/integration-test/target/test-dir/MiniOzoneClusterImpl-3c04abff-9f55-4a78-ab47-7ca56afb4af6/datanode-3/data-0/containers/hdds
2023-04-11 17:17:51,360 [Listener at 127.0.0.1/38777] INFO  volume.MutableVolumeSet (MutableVolumeSet.java:initializeVolumeSet(175)) - Added Volume : /home/runner/work/ozone/ozone/hadoop-ozone/integration-test/target/test-dir/MiniOzoneClusterImpl-3c04abff-9f55-4a78-ab47-7ca56afb4af6/datanode-3/data/ratis to VolumeSet
2023-04-11 17:17:51,360 [Listener at 127.0.0.1/38777] INFO  volume.ThrottledAsyncChecker (ThrottledAsyncChecker.java:schedule(141)) - Scheduling a check for /home/runner/work/ozone/ozone/hadoop-ozone/integration-test/target/test-dir/MiniOzoneClusterImpl-3c04abff-9f55-4a78-ab47-7ca56afb4af6/datanode-3/data/ratis
2023-04-11 17:17:51,361 [Listener at 127.0.0.1/38777] INFO  volume.StorageVolumeChecker (StorageVolumeChecker.java:checkAllVolumes(202)) - Scheduled health check for volume /home/runner/work/ozone/ozone/hadoop-ozone/integration-test/target/test-dir/MiniOzoneClusterImpl-3c04abff-9f55-4a78-ab47-7ca56afb4af6/datanode-3/data/ratis
2023-04-11 17:17:51,373 [Thread-659] INFO  ozoneimpl.ContainerReader (ContainerReader.java:readVolume(175)) - Finish verifying containers on volume /home/runner/work/ozone/ozone/hadoop-ozone/integration-test/target/test-dir/MiniOzoneClusterImpl-3c04abff-9f55-4a78-ab47-7ca56afb4af6/datanode-3/data-0/containers/hdds
2023-04-11 17:17:51,373 [Listener at 127.0.0.1/38777] INFO  ozoneimpl.OzoneContainer (OzoneContainer.java:buildContainerSet(303)) - Build ContainerSet costs 0s
2023-04-11 17:17:51,375 [Listener at 127.0.0.1/38777] INFO  server.RaftServer (ConfUtils.java:logGet(46)) - raft.rpc.type = GRPC (default)
2023-04-11 17:17:51,375 [Listener at 127.0.0.1/38777] INFO  grpc.GrpcConfigKeys (ConfUtils.java:logFallback(53)) - raft.grpc.admin.host = null (fallback to raft.grpc.server.host)
2023-04-11 17:17:51,375 [Listener at 127.0.0.1/38777] INFO  grpc.GrpcConfigKeys (ConfUtils.java:logGet(46)) - raft.grpc.admin.port = 0 (custom)
2023-04-11 17:17:51,376 [Listener at 127.0.0.1/38777] INFO  grpc.GrpcConfigKeys (ConfUtils.java:logFallback(53)) - raft.grpc.client.host = null (fallback to raft.grpc.server.host)
2023-04-11 17:17:51,376 [Listener at 127.0.0.1/38777] INFO  grpc.GrpcConfigKeys (ConfUtils.java:logGet(46)) - raft.grpc.client.port = 0 (custom)
2023-04-11 17:17:51,376 [Listener at 127.0.0.1/38777] INFO  grpc.GrpcConfigKeys (ConfUtils.java:logGet(46)) - raft.grpc.server.host = null (default)
2023-04-11 17:17:51,376 [Listener at 127.0.0.1/38777] INFO  grpc.GrpcConfigKeys (ConfUtils.java:logGet(46)) - raft.grpc.server.port = 0 (default)
2023-04-11 17:17:51,376 [Listener at 127.0.0.1/38777] INFO  server.GrpcService (ConfUtils.java:logGet(46)) - raft.grpc.message.size.max = 32MB (=33554432) (custom)
2023-04-11 17:17:51,376 [Listener at 127.0.0.1/38777] INFO  server.RaftServerConfigKeys (ConfUtils.java:logGet(46)) - raft.server.log.appender.buffer.byte-limit = 33554432 (custom)
2023-04-11 17:17:51,376 [Listener at 127.0.0.1/38777] INFO  server.GrpcService (ConfUtils.java:logGet(46)) - raft.grpc.flow.control.window = 5MB (=5242880) (custom)
2023-04-11 17:17:51,376 [Listener at 127.0.0.1/38777] INFO  server.RaftServerConfigKeys (ConfUtils.java:logGet(46)) - raft.server.rpc.request.timeout = 60s (custom)
2023-04-11 17:17:51,377 [Listener at 127.0.0.1/38777] INFO  grpc.GrpcConfigKeys (ConfUtils.java:logGet(46)) - raft.grpc.server.heartbeat.channel = true (default)
2023-04-11 17:17:51,377 [Listener at 127.0.0.1/38777] INFO  grpc.GrpcConfigKeys (ConfUtils.java:logGet(46)) - raft.grpc.server.async.request.thread.pool.cached = true (default)
2023-04-11 17:17:51,377 [Listener at 127.0.0.1/38777] INFO  grpc.GrpcConfigKeys (ConfUtils.java:logGet(46)) - raft.grpc.server.async.request.thread.pool.size = 32 (default)
2023-04-11 17:17:51,378 [Listener at 127.0.0.1/38777] INFO  impl.DataStreamServerImpl (ConfUtils.java:logGet(46)) - raft.datastream.type = NETTY (custom)
2023-04-11 17:17:51,378 [Listener at 127.0.0.1/38777] INFO  server.RaftServerConfigKeys (ConfUtils.java:logGet(46)) - raft.server.data-stream.async.request.thread.pool.cached = false (default)
2023-04-11 17:17:51,378 [Listener at 127.0.0.1/38777] INFO  server.RaftServerConfigKeys (ConfUtils.java:logGet(46)) - raft.server.data-stream.async.request.thread.pool.size = 20 (custom)
2023-04-11 17:17:51,378 [Listener at 127.0.0.1/38777] INFO  server.RaftServerConfigKeys (ConfUtils.java:logGet(46)) - raft.server.data-stream.async.write.thread.pool.size = 16 (default)
2023-04-11 17:17:51,379 [Listener at 127.0.0.1/38777] INFO  server.RaftServerConfigKeys (ConfUtils.java:logGet(46)) - raft.server.data-stream.client.pool.size = 10 (default)
2023-04-11 17:17:51,379 [Listener at 127.0.0.1/38777] INFO  netty.NettyConfigKeys$DataStream (ConfUtils.java:logGet(46)) - raft.netty.dataStream.server.use-epoll = false (default)
2023-04-11 17:17:51,379 [Listener at 127.0.0.1/38777] INFO  netty.NettyConfigKeys$DataStream (ConfUtils.java:logGet(46)) - raft.netty.dataStream.server.boss-group.size = 0 (default)
2023-04-11 17:17:51,379 [Listener at 127.0.0.1/38777] INFO  netty.NettyConfigKeys$DataStream (ConfUtils.java:logGet(46)) - raft.netty.dataStream.server.worker-group.size = 0 (default)
2023-04-11 17:17:51,380 [Listener at 127.0.0.1/38777] INFO  netty.NettyConfigKeys$DataStream (ConfUtils.java:logGet(46)) - raft.netty.dataStream.server.tls.conf = null (default)
2023-04-11 17:17:51,380 [Listener at 127.0.0.1/38777] INFO  netty.NettyConfigKeys$DataStream (ConfUtils.java:logGet(46)) - raft.netty.dataStream.host = null (default)
2023-04-11 17:17:51,380 [Listener at 127.0.0.1/38777] INFO  netty.NettyConfigKeys$DataStream (ConfUtils.java:logGet(46)) - raft.netty.dataStream.port = 0 (default)
2023-04-11 17:17:51,380 [Listener at 127.0.0.1/38777] INFO  server.RaftServerConfigKeys (ConfUtils.java:logGet(46)) - raft.server.threadpool.proxy.cached = true (default)
2023-04-11 17:17:51,380 [Listener at 127.0.0.1/38777] INFO  server.RaftServerConfigKeys (ConfUtils.java:logGet(46)) - raft.server.threadpool.proxy.size = 0 (default)
2023-04-11 17:17:51,381 [Listener at 127.0.0.1/38777] INFO  server.RaftServerConfigKeys (ConfUtils.java:logGet(46)) - raft.server.rpc.slowness.timeout = 300s (custom)
2023-04-11 17:17:51,381 [Listener at 127.0.0.1/38777] INFO  server.RaftServerConfigKeys (ConfUtils.java:logGet(46)) - raft.server.leaderelection.leader.step-down.wait-time = 10s (default)
2023-04-11 17:17:51,381 [Listener at 127.0.0.1/38777] INFO  server.RaftServerConfigKeys (ConfUtils.java:logGet(46)) - raft.server.storage.dir = [/home/runner/work/ozone/ozone/hadoop-ozone/integration-test/target/test-dir/MiniOzoneClusterImpl-3c04abff-9f55-4a78-ab47-7ca56afb4af6/datanode-3/data/ratis] (custom)
2023-04-11 17:17:51,381 [302076d3-f1b4-4ab2-b5f1-f71a9676adc4-NettyServerStreamRpc-bossGroup--thread1] INFO  logging.LoggingHandler (AbstractInternalLogger.java:log(148)) - [id: 0xe4a43c86] REGISTERED
2023-04-11 17:17:51,381 [302076d3-f1b4-4ab2-b5f1-f71a9676adc4-NettyServerStreamRpc-bossGroup--thread1] INFO  logging.LoggingHandler (AbstractInternalLogger.java:log(148)) - [id: 0xe4a43c86] BIND: 0.0.0.0/0.0.0.0:0
2023-04-11 17:17:51,382 [302076d3-f1b4-4ab2-b5f1-f71a9676adc4-NettyServerStreamRpc-bossGroup--thread1] INFO  logging.LoggingHandler (AbstractInternalLogger.java:log(148)) - [id: 0xe4a43c86, L:/0:0:0:0:0:0:0:0:44817] ACTIVE
2023-04-11 17:17:51,383 [Listener at 127.0.0.1/38777] INFO  server.XceiverServerGrpc (XceiverServerGrpc.java:<init>(132)) - GrpcServer channel type EpollServerSocketChannel
2023-04-11 17:17:51,386 [Listener at 127.0.0.1/38777] INFO  http.BaseHttpServer (BaseHttpServer.java:newHttpServer2BuilderForOzone(224)) - Starting Web-server for hddsDatanode at: http://0.0.0.0:0
2023-04-11 17:17:51,386 [Listener at 127.0.0.1/38777] INFO  http.BaseHttpServer (BaseHttpServer.java:<init>(111)) - Hadoop Security Enabled: false Ozone Security Enabled: false Ozone HTTP Security Enabled: false 
2023-04-11 17:17:51,387 [Listener at 127.0.0.1/38777] WARN  server.AuthenticationFilter (AuthenticationFilter.java:constructSecretProvider(240)) - Unable to initialize FileSignerSecretProvider, falling back to use random secrets. Reason: Could not read signature secret file: /home/runner/hadoop-http-auth-signature-secret
2023-04-11 17:17:51,388 [Listener at 127.0.0.1/38777] WARN  http.HttpRequestLog (HttpRequestLog.java:getRequestLog(103)) - Jetty request log can only be enabled using Log4j
2023-04-11 17:17:51,389 [Listener at 127.0.0.1/38777] INFO  http.HttpServer2 (HttpServer2.java:addGlobalFilter(1031)) - Added global filter 'safety' (class=org.apache.hadoop.hdds.server.http.HttpServer2$QuotingInputFilter)
2023-04-11 17:17:51,390 [Listener at 127.0.0.1/38777] INFO  http.HttpServer2 (HttpServer2.java:addFilter(1007)) - Added filter static_user_filter (class=org.apache.hadoop.http.lib.StaticUserWebFilter$StaticUserFilter) to context hddsDatanode
2023-04-11 17:17:51,390 [Listener at 127.0.0.1/38777] INFO  http.HttpServer2 (HttpServer2.java:addFilter(1015)) - Added filter static_user_filter (class=org.apache.hadoop.http.lib.StaticUserWebFilter$StaticUserFilter) to context static
2023-04-11 17:17:51,390 [Listener at 127.0.0.1/38777] INFO  http.HttpServer2 (HttpServer2.java:addFilter(1015)) - Added filter static_user_filter (class=org.apache.hadoop.http.lib.StaticUserWebFilter$StaticUserFilter) to context logs
2023-04-11 17:17:51,390 [Listener at 127.0.0.1/38777] INFO  http.BaseHttpServer (BaseHttpServer.java:<init>(190)) - HTTP server of hddsDatanode uses base directory /home/runner/work/ozone/ozone/hadoop-ozone/integration-test/target/test-dir/MiniOzoneClusterImpl-3c04abff-9f55-4a78-ab47-7ca56afb4af6/datanode-3/meta/webserver
2023-04-11 17:17:51,391 [Listener at 127.0.0.1/38777] INFO  http.HttpServer2 (HttpServer2.java:bindListener(1250)) - Jetty bound to port 44173
2023-04-11 17:17:51,391 [Listener at 127.0.0.1/38777] INFO  server.Server (Server.java:doStart(375)) - jetty-9.4.49.v20220914; built: 2022-09-14T01:07:36.601Z; git: 4231a3b2e4cb8548a412a789936d640a97b1aa0a; jvm 1.8.0_362-b09
2023-04-11 17:17:51,392 [Listener at 127.0.0.1/38777] INFO  server.session (DefaultSessionIdManager.java:doStart(334)) - DefaultSessionIdManager workerName=node0
2023-04-11 17:17:51,393 [Listener at 127.0.0.1/38777] INFO  server.session (DefaultSessionIdManager.java:doStart(339)) - No SessionScavenger set, using defaults
2023-04-11 17:17:51,393 [Listener at 127.0.0.1/38777] INFO  server.session (HouseKeeper.java:startScavenging(132)) - node0 Scavenging every 600000ms
2023-04-11 17:17:51,394 [Listener at 127.0.0.1/38777] INFO  handler.ContextHandler (ContextHandler.java:doStart(921)) - Started o.e.j.s.ServletContextHandler@3228d29f{logs,/logs,file:///home/runner/work/ozone/ozone/hadoop-ozone/integration-test/target/log,AVAILABLE}
2023-04-11 17:17:51,394 [Listener at 127.0.0.1/38777] INFO  handler.ContextHandler (ContextHandler.java:doStart(921)) - Started o.e.j.s.ServletContextHandler@cb419c6{static,/static,jar:file:/home/runner/.m2/repository/org/apache/ozone/hdds-container-service/1.4.0-SNAPSHOT/hdds-container-service-1.4.0-SNAPSHOT.jar!/webapps/static,AVAILABLE}
2023-04-11 17:17:51,602 [Listener at 127.0.0.1/38777] INFO  handler.ContextHandler (ContextHandler.java:doStart(921)) - Started o.e.j.w.WebAppContext@3350b609{hddsDatanode,/,file:///home/runner/work/ozone/ozone/hadoop-ozone/integration-test/target/test-dir/MiniOzoneClusterImpl-3c04abff-9f55-4a78-ab47-7ca56afb4af6/datanode-3/meta/webserver/jetty-0_0_0_0-44173-hdds-container-service-1_4_0-SNAPSHOT_jar-_-any-2291553690846011629/webapp/,AVAILABLE}{jar:file:/home/runner/.m2/repository/org/apache/ozone/hdds-container-service/1.4.0-SNAPSHOT/hdds-container-service-1.4.0-SNAPSHOT.jar!/webapps/hddsDatanode}
2023-04-11 17:17:51,604 [Listener at 127.0.0.1/38777] INFO  server.AbstractConnector (AbstractConnector.java:doStart(333)) - Started ServerConnector@fbda9bf{HTTP/1.1, (http/1.1)}{0.0.0.0:44173}
2023-04-11 17:17:51,604 [Listener at 127.0.0.1/38777] INFO  server.Server (Server.java:doStart(415)) - Started @87649ms
2023-04-11 17:17:51,604 [Listener at 127.0.0.1/38777] WARN  impl.MetricsSystemImpl (MetricsSystemImpl.java:register(279)) - Sink prometheus already exists!
2023-04-11 17:17:51,605 [Listener at 127.0.0.1/38777] INFO  http.BaseHttpServer (BaseHttpServer.java:updateConnectorAddress(344)) - HTTP server of hddsDatanode listening at http://0.0.0.0:44173
2023-04-11 17:17:51,605 [Datanode State Machine Daemon Thread] INFO  statemachine.DatanodeStateMachine (DatanodeStateMachine.java:lambda$startDaemon$0(517)) - Ozone container server started.
2023-04-11 17:17:51,605 [Listener at 127.0.0.1/38777] WARN  impl.MetricRegistriesImpl (MetricRegistriesImpl.java:addReporterRegistration(111)) - New reporters are added after registries were created. Some metrics will be missing from the reporter. Please add reporter before adding any new registry.
2023-04-11 17:17:51,607 [Listener at 127.0.0.1/38777] WARN  impl.MetricRegistriesImpl (MetricRegistriesImpl.java:addReporterRegistration(111)) - New reporters are added after registries were created. Some metrics will be missing from the reporter. Please add reporter before adding any new registry.
2023-04-11 17:17:51,607 [Listener at 127.0.0.1/38777] INFO  impl.MetricsSystemImpl (MetricsSystemImpl.java:init(158)) - HddsDatanode metrics system started (again)
2023-04-11 17:17:51,619 [Listener at 127.0.0.1/38777] INFO  ozone.HddsDatanodeService (HddsDatanodeService.java:start(252)) - HddsDatanodeService host:fv-az377-102.ap30g4v5sw5evmjtdmxdg2w53f.dx.internal.cloudapp.net ip:10.1.0.70
2023-04-11 17:17:51,620 [org.apache.hadoop.util.JvmPauseMonitor$Monitor@b757e4a] INFO  util.JvmPauseMonitor (JvmPauseMonitor.java:run(188)) - Starting JVM pause monitor
2023-04-11 17:17:51,628 [Datanode State Machine Task Thread - 0] INFO  datanode.InitDatanodeState (InitDatanodeState.java:persistContainerDatanodeDetails(138)) - DatanodeDetails is persisted to /home/runner/work/ozone/ozone/hadoop-ozone/integration-test/target/test-dir/MiniOzoneClusterImpl-3c04abff-9f55-4a78-ab47-7ca56afb4af6/datanode-3/meta/datanode.id
2023-04-11 17:17:51,647 [Listener at 127.0.0.1/38777] INFO  upgrade.AbstractLayoutVersionManager (AbstractLayoutVersionManager.java:init(83)) - Initializing Layout version manager with metadata layout = WEBUI_PORTS_IN_DATANODEDETAILS (version = 6), software layout = WEBUI_PORTS_IN_DATANODEDETAILS (version = 6)
2023-04-11 17:17:51,695 [Listener at 127.0.0.1/38777] INFO  reflections.Reflections (Reflections.java:scan(232)) - Reflections took 47 ms to scan 7 urls, producing 156 keys and 369 values 
2023-04-11 17:17:51,696 [Listener at 127.0.0.1/38777] INFO  statemachine.DatanodeStateMachine (DatanodeStateMachine.java:getEndPointTaskThreadPoolSize(260)) - Datanode State Machine Task Thread Pool size 2
2023-04-11 17:17:51,699 [Listener at 127.0.0.1/38777] INFO  volume.HddsVolume (HddsVolume.java:<init>(130)) - Creating HddsVolume: /home/runner/work/ozone/ozone/hadoop-ozone/integration-test/target/test-dir/MiniOzoneClusterImpl-3c04abff-9f55-4a78-ab47-7ca56afb4af6/datanode-4/data-0/containers/hdds of storage type : DISK capacity : 9223372036854775807
2023-04-11 17:17:51,699 [Listener at 127.0.0.1/38777] INFO  volume.MutableVolumeSet (MutableVolumeSet.java:initializeVolumeSet(175)) - Added Volume : /home/runner/work/ozone/ozone/hadoop-ozone/integration-test/target/test-dir/MiniOzoneClusterImpl-3c04abff-9f55-4a78-ab47-7ca56afb4af6/datanode-4/data-0/containers/hdds to VolumeSet
2023-04-11 17:17:51,700 [Listener at 127.0.0.1/38777] INFO  volume.ThrottledAsyncChecker (ThrottledAsyncChecker.java:schedule(141)) - Scheduling a check for /home/runner/work/ozone/ozone/hadoop-ozone/integration-test/target/test-dir/MiniOzoneClusterImpl-3c04abff-9f55-4a78-ab47-7ca56afb4af6/datanode-4/data-0/containers/hdds
2023-04-11 17:17:51,700 [Listener at 127.0.0.1/38777] INFO  volume.StorageVolumeChecker (StorageVolumeChecker.java:checkAllVolumes(202)) - Scheduled health check for volume /home/runner/work/ozone/ozone/hadoop-ozone/integration-test/target/test-dir/MiniOzoneClusterImpl-3c04abff-9f55-4a78-ab47-7ca56afb4af6/datanode-4/data-0/containers/hdds
2023-04-11 17:17:51,713 [Listener at 127.0.0.1/38777] INFO  volume.MutableVolumeSet (MutableVolumeSet.java:initializeVolumeSet(175)) - Added Volume : /home/runner/work/ozone/ozone/hadoop-ozone/integration-test/target/test-dir/MiniOzoneClusterImpl-3c04abff-9f55-4a78-ab47-7ca56afb4af6/datanode-4/data/ratis to VolumeSet
2023-04-11 17:17:51,714 [Listener at 127.0.0.1/38777] INFO  volume.ThrottledAsyncChecker (ThrottledAsyncChecker.java:schedule(141)) - Scheduling a check for /home/runner/work/ozone/ozone/hadoop-ozone/integration-test/target/test-dir/MiniOzoneClusterImpl-3c04abff-9f55-4a78-ab47-7ca56afb4af6/datanode-4/data/ratis
2023-04-11 17:17:51,714 [Listener at 127.0.0.1/38777] INFO  volume.StorageVolumeChecker (StorageVolumeChecker.java:checkAllVolumes(202)) - Scheduled health check for volume /home/runner/work/ozone/ozone/hadoop-ozone/integration-test/target/test-dir/MiniOzoneClusterImpl-3c04abff-9f55-4a78-ab47-7ca56afb4af6/datanode-4/data/ratis
2023-04-11 17:17:51,726 [Thread-673] INFO  ozoneimpl.ContainerReader (ContainerReader.java:readVolume(175)) - Finish verifying containers on volume /home/runner/work/ozone/ozone/hadoop-ozone/integration-test/target/test-dir/MiniOzoneClusterImpl-3c04abff-9f55-4a78-ab47-7ca56afb4af6/datanode-4/data-0/containers/hdds
2023-04-11 17:17:51,726 [Listener at 127.0.0.1/38777] INFO  ozoneimpl.OzoneContainer (OzoneContainer.java:buildContainerSet(303)) - Build ContainerSet costs 0s
2023-04-11 17:17:51,728 [Listener at 127.0.0.1/38777] INFO  server.RaftServer (ConfUtils.java:logGet(46)) - raft.rpc.type = GRPC (default)
2023-04-11 17:17:51,728 [Listener at 127.0.0.1/38777] INFO  grpc.GrpcConfigKeys (ConfUtils.java:logFallback(53)) - raft.grpc.admin.host = null (fallback to raft.grpc.server.host)
2023-04-11 17:17:51,728 [Listener at 127.0.0.1/38777] INFO  grpc.GrpcConfigKeys (ConfUtils.java:logGet(46)) - raft.grpc.admin.port = 0 (custom)
2023-04-11 17:17:51,728 [Listener at 127.0.0.1/38777] INFO  grpc.GrpcConfigKeys (ConfUtils.java:logFallback(53)) - raft.grpc.client.host = null (fallback to raft.grpc.server.host)
2023-04-11 17:17:51,728 [Listener at 127.0.0.1/38777] INFO  grpc.GrpcConfigKeys (ConfUtils.java:logGet(46)) - raft.grpc.client.port = 0 (custom)
2023-04-11 17:17:51,728 [Listener at 127.0.0.1/38777] INFO  grpc.GrpcConfigKeys (ConfUtils.java:logGet(46)) - raft.grpc.server.host = null (default)
2023-04-11 17:17:51,729 [Listener at 127.0.0.1/38777] INFO  grpc.GrpcConfigKeys (ConfUtils.java:logGet(46)) - raft.grpc.server.port = 0 (default)
2023-04-11 17:17:51,729 [Listener at 127.0.0.1/38777] INFO  server.GrpcService (ConfUtils.java:logGet(46)) - raft.grpc.message.size.max = 32MB (=33554432) (custom)
2023-04-11 17:17:51,729 [Listener at 127.0.0.1/38777] INFO  server.RaftServerConfigKeys (ConfUtils.java:logGet(46)) - raft.server.log.appender.buffer.byte-limit = 33554432 (custom)
2023-04-11 17:17:51,729 [Listener at 127.0.0.1/38777] INFO  server.GrpcService (ConfUtils.java:logGet(46)) - raft.grpc.flow.control.window = 5MB (=5242880) (custom)
2023-04-11 17:17:51,729 [Listener at 127.0.0.1/38777] INFO  server.RaftServerConfigKeys (ConfUtils.java:logGet(46)) - raft.server.rpc.request.timeout = 60s (custom)
2023-04-11 17:17:51,729 [Listener at 127.0.0.1/38777] INFO  grpc.GrpcConfigKeys (ConfUtils.java:logGet(46)) - raft.grpc.server.heartbeat.channel = true (default)
2023-04-11 17:17:51,729 [Listener at 127.0.0.1/38777] INFO  grpc.GrpcConfigKeys (ConfUtils.java:logGet(46)) - raft.grpc.server.async.request.thread.pool.cached = true (default)
2023-04-11 17:17:51,729 [Listener at 127.0.0.1/38777] INFO  grpc.GrpcConfigKeys (ConfUtils.java:logGet(46)) - raft.grpc.server.async.request.thread.pool.size = 32 (default)
2023-04-11 17:17:51,730 [Listener at 127.0.0.1/38777] INFO  impl.DataStreamServerImpl (ConfUtils.java:logGet(46)) - raft.datastream.type = NETTY (custom)
2023-04-11 17:17:51,731 [Listener at 127.0.0.1/38777] INFO  server.RaftServerConfigKeys (ConfUtils.java:logGet(46)) - raft.server.data-stream.async.request.thread.pool.cached = false (default)
2023-04-11 17:17:51,731 [Listener at 127.0.0.1/38777] INFO  server.RaftServerConfigKeys (ConfUtils.java:logGet(46)) - raft.server.data-stream.async.request.thread.pool.size = 20 (custom)
2023-04-11 17:17:51,731 [Listener at 127.0.0.1/38777] INFO  server.RaftServerConfigKeys (ConfUtils.java:logGet(46)) - raft.server.data-stream.async.write.thread.pool.size = 16 (default)
2023-04-11 17:17:51,731 [Listener at 127.0.0.1/38777] INFO  server.RaftServerConfigKeys (ConfUtils.java:logGet(46)) - raft.server.data-stream.client.pool.size = 10 (default)
2023-04-11 17:17:51,731 [Listener at 127.0.0.1/38777] INFO  netty.NettyConfigKeys$DataStream (ConfUtils.java:logGet(46)) - raft.netty.dataStream.server.use-epoll = false (default)
2023-04-11 17:17:51,731 [Listener at 127.0.0.1/38777] INFO  netty.NettyConfigKeys$DataStream (ConfUtils.java:logGet(46)) - raft.netty.dataStream.server.boss-group.size = 0 (default)
2023-04-11 17:17:51,732 [Listener at 127.0.0.1/38777] INFO  netty.NettyConfigKeys$DataStream (ConfUtils.java:logGet(46)) - raft.netty.dataStream.server.worker-group.size = 0 (default)
2023-04-11 17:17:51,732 [Listener at 127.0.0.1/38777] INFO  netty.NettyConfigKeys$DataStream (ConfUtils.java:logGet(46)) - raft.netty.dataStream.server.tls.conf = null (default)
2023-04-11 17:17:51,732 [Listener at 127.0.0.1/38777] INFO  netty.NettyConfigKeys$DataStream (ConfUtils.java:logGet(46)) - raft.netty.dataStream.host = null (default)
2023-04-11 17:17:51,732 [Listener at 127.0.0.1/38777] INFO  netty.NettyConfigKeys$DataStream (ConfUtils.java:logGet(46)) - raft.netty.dataStream.port = 0 (default)
2023-04-11 17:17:51,733 [Listener at 127.0.0.1/38777] INFO  server.RaftServerConfigKeys (ConfUtils.java:logGet(46)) - raft.server.threadpool.proxy.cached = true (default)
2023-04-11 17:17:51,733 [Listener at 127.0.0.1/38777] INFO  server.RaftServerConfigKeys (ConfUtils.java:logGet(46)) - raft.server.threadpool.proxy.size = 0 (default)
2023-04-11 17:17:51,733 [Listener at 127.0.0.1/38777] INFO  server.RaftServerConfigKeys (ConfUtils.java:logGet(46)) - raft.server.rpc.slowness.timeout = 300s (custom)
2023-04-11 17:17:51,733 [Listener at 127.0.0.1/38777] INFO  server.RaftServerConfigKeys (ConfUtils.java:logGet(46)) - raft.server.leaderelection.leader.step-down.wait-time = 10s (default)
2023-04-11 17:17:51,733 [Listener at 127.0.0.1/38777] INFO  server.RaftServerConfigKeys (ConfUtils.java:logGet(46)) - raft.server.storage.dir = [/home/runner/work/ozone/ozone/hadoop-ozone/integration-test/target/test-dir/MiniOzoneClusterImpl-3c04abff-9f55-4a78-ab47-7ca56afb4af6/datanode-4/data/ratis] (custom)
2023-04-11 17:17:51,734 [f68eba80-45f1-4a76-a2e4-30d77c550dcc-NettyServerStreamRpc-bossGroup--thread1] INFO  logging.LoggingHandler (AbstractInternalLogger.java:log(148)) - [id: 0xfc2a70f9] REGISTERED
2023-04-11 17:17:51,734 [f68eba80-45f1-4a76-a2e4-30d77c550dcc-NettyServerStreamRpc-bossGroup--thread1] INFO  logging.LoggingHandler (AbstractInternalLogger.java:log(148)) - [id: 0xfc2a70f9] BIND: 0.0.0.0/0.0.0.0:0
2023-04-11 17:17:51,734 [f68eba80-45f1-4a76-a2e4-30d77c550dcc-NettyServerStreamRpc-bossGroup--thread1] INFO  logging.LoggingHandler (AbstractInternalLogger.java:log(148)) - [id: 0xfc2a70f9, L:/0:0:0:0:0:0:0:0:40947] ACTIVE
2023-04-11 17:17:51,735 [Listener at 127.0.0.1/38777] INFO  server.XceiverServerGrpc (XceiverServerGrpc.java:<init>(132)) - GrpcServer channel type EpollServerSocketChannel
2023-04-11 17:17:51,739 [Listener at 127.0.0.1/38777] INFO  http.BaseHttpServer (BaseHttpServer.java:newHttpServer2BuilderForOzone(224)) - Starting Web-server for hddsDatanode at: http://0.0.0.0:0
2023-04-11 17:17:51,739 [Listener at 127.0.0.1/38777] INFO  http.BaseHttpServer (BaseHttpServer.java:<init>(111)) - Hadoop Security Enabled: false Ozone Security Enabled: false Ozone HTTP Security Enabled: false 
2023-04-11 17:17:51,740 [Listener at 127.0.0.1/38777] WARN  server.AuthenticationFilter (AuthenticationFilter.java:constructSecretProvider(240)) - Unable to initialize FileSignerSecretProvider, falling back to use random secrets. Reason: Could not read signature secret file: /home/runner/hadoop-http-auth-signature-secret
2023-04-11 17:17:51,740 [Listener at 127.0.0.1/38777] WARN  http.HttpRequestLog (HttpRequestLog.java:getRequestLog(103)) - Jetty request log can only be enabled using Log4j
2023-04-11 17:17:51,741 [Listener at 127.0.0.1/38777] INFO  http.HttpServer2 (HttpServer2.java:addGlobalFilter(1031)) - Added global filter 'safety' (class=org.apache.hadoop.hdds.server.http.HttpServer2$QuotingInputFilter)
2023-04-11 17:17:51,742 [Listener at 127.0.0.1/38777] INFO  http.HttpServer2 (HttpServer2.java:addFilter(1007)) - Added filter static_user_filter (class=org.apache.hadoop.http.lib.StaticUserWebFilter$StaticUserFilter) to context hddsDatanode
2023-04-11 17:17:51,742 [Listener at 127.0.0.1/38777] INFO  http.HttpServer2 (HttpServer2.java:addFilter(1015)) - Added filter static_user_filter (class=org.apache.hadoop.http.lib.StaticUserWebFilter$StaticUserFilter) to context static
2023-04-11 17:17:51,742 [Listener at 127.0.0.1/38777] INFO  http.HttpServer2 (HttpServer2.java:addFilter(1015)) - Added filter static_user_filter (class=org.apache.hadoop.http.lib.StaticUserWebFilter$StaticUserFilter) to context logs
2023-04-11 17:17:51,743 [Listener at 127.0.0.1/38777] INFO  http.BaseHttpServer (BaseHttpServer.java:<init>(190)) - HTTP server of hddsDatanode uses base directory /home/runner/work/ozone/ozone/hadoop-ozone/integration-test/target/test-dir/MiniOzoneClusterImpl-3c04abff-9f55-4a78-ab47-7ca56afb4af6/datanode-4/meta/webserver
2023-04-11 17:17:51,743 [Listener at 127.0.0.1/38777] INFO  http.HttpServer2 (HttpServer2.java:bindListener(1250)) - Jetty bound to port 33177
2023-04-11 17:17:51,743 [Listener at 127.0.0.1/38777] INFO  server.Server (Server.java:doStart(375)) - jetty-9.4.49.v20220914; built: 2022-09-14T01:07:36.601Z; git: 4231a3b2e4cb8548a412a789936d640a97b1aa0a; jvm 1.8.0_362-b09
2023-04-11 17:17:51,744 [Listener at 127.0.0.1/38777] INFO  server.session (DefaultSessionIdManager.java:doStart(334)) - DefaultSessionIdManager workerName=node0
2023-04-11 17:17:51,744 [Listener at 127.0.0.1/38777] INFO  server.session (DefaultSessionIdManager.java:doStart(339)) - No SessionScavenger set, using defaults
2023-04-11 17:17:51,745 [Listener at 127.0.0.1/38777] INFO  server.session (HouseKeeper.java:startScavenging(132)) - node0 Scavenging every 600000ms
2023-04-11 17:17:51,745 [Listener at 127.0.0.1/38777] INFO  handler.ContextHandler (ContextHandler.java:doStart(921)) - Started o.e.j.s.ServletContextHandler@75a0199e{logs,/logs,file:///home/runner/work/ozone/ozone/hadoop-ozone/integration-test/target/log,AVAILABLE}
2023-04-11 17:17:51,746 [Listener at 127.0.0.1/38777] INFO  handler.ContextHandler (ContextHandler.java:doStart(921)) - Started o.e.j.s.ServletContextHandler@e05cdb9{static,/static,jar:file:/home/runner/.m2/repository/org/apache/ozone/hdds-container-service/1.4.0-SNAPSHOT/hdds-container-service-1.4.0-SNAPSHOT.jar!/webapps/static,AVAILABLE}
2023-04-11 17:17:51,962 [Listener at 127.0.0.1/38777] INFO  handler.ContextHandler (ContextHandler.java:doStart(921)) - Started o.e.j.w.WebAppContext@6c33646{hddsDatanode,/,file:///home/runner/work/ozone/ozone/hadoop-ozone/integration-test/target/test-dir/MiniOzoneClusterImpl-3c04abff-9f55-4a78-ab47-7ca56afb4af6/datanode-4/meta/webserver/jetty-0_0_0_0-33177-hdds-container-service-1_4_0-SNAPSHOT_jar-_-any-6137773068111326030/webapp/,AVAILABLE}{jar:file:/home/runner/.m2/repository/org/apache/ozone/hdds-container-service/1.4.0-SNAPSHOT/hdds-container-service-1.4.0-SNAPSHOT.jar!/webapps/hddsDatanode}
2023-04-11 17:17:51,964 [Listener at 127.0.0.1/38777] INFO  server.AbstractConnector (AbstractConnector.java:doStart(333)) - Started ServerConnector@4d7ef16f{HTTP/1.1, (http/1.1)}{0.0.0.0:33177}
2023-04-11 17:17:51,964 [Listener at 127.0.0.1/38777] INFO  server.Server (Server.java:doStart(415)) - Started @88009ms
2023-04-11 17:17:51,964 [Listener at 127.0.0.1/38777] WARN  impl.MetricsSystemImpl (MetricsSystemImpl.java:register(279)) - Sink prometheus already exists!
2023-04-11 17:17:51,965 [Listener at 127.0.0.1/38777] INFO  http.BaseHttpServer (BaseHttpServer.java:updateConnectorAddress(344)) - HTTP server of hddsDatanode listening at http://0.0.0.0:33177
2023-04-11 17:17:51,966 [Listener at 127.0.0.1/38777] INFO  ozone.MiniOzoneClusterImpl (MiniOzoneClusterImpl.java:lambda$waitForClusterToBeReady$0(222)) - Waiting for nodes to be ready. Got 0 of 5 DN Heartbeats.
2023-04-11 17:17:51,966 [Listener at 127.0.0.1/38777] INFO  ozone.MiniOzoneClusterImpl (MiniOzoneClusterImpl.java:lambda$waitForClusterToBeReady$0(225)) - Waiting for cluster to exit safe mode
2023-04-11 17:17:51,966 [Listener at 127.0.0.1/38777] INFO  ozone.MiniOzoneClusterImpl (MiniOzoneClusterImpl.java:lambda$waitForClusterToBeReady$0(227)) - SCM became leader
2023-04-11 17:17:51,967 [Datanode State Machine Daemon Thread] INFO  statemachine.DatanodeStateMachine (DatanodeStateMachine.java:lambda$startDaemon$0(517)) - Ozone container server started.
2023-04-11 17:17:51,970 [org.apache.hadoop.util.JvmPauseMonitor$Monitor@5745b2aa] INFO  util.JvmPauseMonitor (JvmPauseMonitor.java:run(188)) - Starting JVM pause monitor
2023-04-11 17:17:51,972 [Datanode State Machine Task Thread - 0] INFO  datanode.InitDatanodeState (InitDatanodeState.java:persistContainerDatanodeDetails(138)) - DatanodeDetails is persisted to /home/runner/work/ozone/ozone/hadoop-ozone/integration-test/target/test-dir/MiniOzoneClusterImpl-3c04abff-9f55-4a78-ab47-7ca56afb4af6/datanode-4/meta/datanode.id
2023-04-11 17:17:52,499 [EndpointStateMachine task thread for /0.0.0.0:45335 - 0 ] INFO  utils.DatanodeStoreCache (DatanodeStoreCache.java:addDB(58)) - Added db /home/runner/work/ozone/ozone/hadoop-ozone/integration-test/target/test-dir/MiniOzoneClusterImpl-3c04abff-9f55-4a78-ab47-7ca56afb4af6/datanode-0/data-0/containers/hdds/3c04abff-9f55-4a78-ab47-7ca56afb4af6/DS-b6baafcf-3a75-4c9c-9894-bb3a8fa65e8a/container.db to cache
2023-04-11 17:17:52,499 [EndpointStateMachine task thread for /0.0.0.0:45335 - 0 ] INFO  volume.HddsVolume (HddsVolume.java:createDbStore(350)) - SchemaV3 db is created and loaded at /home/runner/work/ozone/ozone/hadoop-ozone/integration-test/target/test-dir/MiniOzoneClusterImpl-3c04abff-9f55-4a78-ab47-7ca56afb4af6/datanode-0/data-0/containers/hdds/3c04abff-9f55-4a78-ab47-7ca56afb4af6/DS-b6baafcf-3a75-4c9c-9894-bb3a8fa65e8a/container.db for volume DS-b6baafcf-3a75-4c9c-9894-bb3a8fa65e8a
2023-04-11 17:17:52,499 [EndpointStateMachine task thread for /0.0.0.0:45335 - 0 ] INFO  ozoneimpl.OzoneContainer (OzoneContainer.java:start(397)) - Attempting to start container services.
2023-04-11 17:17:52,499 [EndpointStateMachine task thread for /0.0.0.0:45335 - 0 ] INFO  ozoneimpl.OzoneContainer (OzoneContainer.java:startContainerScrub(314)) - Scheduled background container scanners and the on-demand container scanner have been disabled.
2023-04-11 17:17:52,503 [EndpointStateMachine task thread for /0.0.0.0:45335 - 0 ] INFO  replication.ReplicationServer (ReplicationServer.java:start(109)) - ReplicationServer is started using port 38505
2023-04-11 17:17:52,503 [EndpointStateMachine task thread for /0.0.0.0:45335 - 0 ] INFO  ratis.XceiverServerRatis (XceiverServerRatis.java:start(517)) - Starting XceiverServerRatis 6e9ccc6a-fad0-416f-afa3-09e4e9fe5838
2023-04-11 17:17:52,504 [EndpointStateMachine task thread for /0.0.0.0:45335 - 0 ] INFO  server.RaftServer (RaftServerProxy.java:startImpl(393)) - 6e9ccc6a-fad0-416f-afa3-09e4e9fe5838: start RPC server
2023-04-11 17:17:52,512 [EndpointStateMachine task thread for /0.0.0.0:45335 - 0 ] INFO  server.GrpcService (GrpcService.java:startImpl(262)) - 6e9ccc6a-fad0-416f-afa3-09e4e9fe5838: GrpcService started, listening on 40587
2023-04-11 17:17:52,512 [EndpointStateMachine task thread for /0.0.0.0:45335 - 0 ] INFO  ratis.XceiverServerRatis (XceiverServerRatis.java:getRealPort(543)) - XceiverServerRatis 6e9ccc6a-fad0-416f-afa3-09e4e9fe5838 is started using port 40587 for RATIS
2023-04-11 17:17:52,513 [EndpointStateMachine task thread for /0.0.0.0:45335 - 0 ] INFO  ratis.XceiverServerRatis (XceiverServerRatis.java:getRealPort(543)) - XceiverServerRatis 6e9ccc6a-fad0-416f-afa3-09e4e9fe5838 is started using port 40587 for RATIS_ADMIN
2023-04-11 17:17:52,513 [JvmPauseMonitor6] INFO  util.JvmPauseMonitor (JvmPauseMonitor.java:run(105)) - JvmPauseMonitor-6e9ccc6a-fad0-416f-afa3-09e4e9fe5838: Started
2023-04-11 17:17:52,513 [EndpointStateMachine task thread for /0.0.0.0:45335 - 0 ] INFO  ratis.XceiverServerRatis (XceiverServerRatis.java:getRealPort(543)) - XceiverServerRatis 6e9ccc6a-fad0-416f-afa3-09e4e9fe5838 is started using port 40587 for RATIS_SERVER
2023-04-11 17:17:52,513 [EndpointStateMachine task thread for /0.0.0.0:45335 - 0 ] INFO  ratis.XceiverServerRatis (XceiverServerRatis.java:getRealPort(543)) - XceiverServerRatis 6e9ccc6a-fad0-416f-afa3-09e4e9fe5838 is started using port 33979 for RATIS_DATASTREAM
2023-04-11 17:17:52,515 [EndpointStateMachine task thread for /0.0.0.0:45335 - 0 ] INFO  server.XceiverServerGrpc (XceiverServerGrpc.java:start(180)) - XceiverServerGrpc 6e9ccc6a-fad0-416f-afa3-09e4e9fe5838 is started using port 36355
2023-04-11 17:17:52,515 [BlockDeletingService#0] INFO  interfaces.ContainerDeletionChoosingPolicyTemplate (ContainerDeletionChoosingPolicyTemplate.java:chooseContainerForBlockDeletion(83)) - Chosen 0/5000 blocks from 0 candidate containers.
2023-04-11 17:17:52,862 [EndpointStateMachine task thread for /0.0.0.0:45335 - 0 ] INFO  utils.DatanodeStoreCache (DatanodeStoreCache.java:addDB(58)) - Added db /home/runner/work/ozone/ozone/hadoop-ozone/integration-test/target/test-dir/MiniOzoneClusterImpl-3c04abff-9f55-4a78-ab47-7ca56afb4af6/datanode-1/data-0/containers/hdds/3c04abff-9f55-4a78-ab47-7ca56afb4af6/DS-589e1023-3a95-469f-b76b-550f9d9bdb6e/container.db to cache
2023-04-11 17:17:52,862 [EndpointStateMachine task thread for /0.0.0.0:45335 - 0 ] INFO  volume.HddsVolume (HddsVolume.java:createDbStore(350)) - SchemaV3 db is created and loaded at /home/runner/work/ozone/ozone/hadoop-ozone/integration-test/target/test-dir/MiniOzoneClusterImpl-3c04abff-9f55-4a78-ab47-7ca56afb4af6/datanode-1/data-0/containers/hdds/3c04abff-9f55-4a78-ab47-7ca56afb4af6/DS-589e1023-3a95-469f-b76b-550f9d9bdb6e/container.db for volume DS-589e1023-3a95-469f-b76b-550f9d9bdb6e
2023-04-11 17:17:52,862 [EndpointStateMachine task thread for /0.0.0.0:45335 - 0 ] INFO  ozoneimpl.OzoneContainer (OzoneContainer.java:start(397)) - Attempting to start container services.
2023-04-11 17:17:52,862 [EndpointStateMachine task thread for /0.0.0.0:45335 - 0 ] INFO  ozoneimpl.OzoneContainer (OzoneContainer.java:startContainerScrub(314)) - Scheduled background container scanners and the on-demand container scanner have been disabled.
2023-04-11 17:17:52,866 [EndpointStateMachine task thread for /0.0.0.0:45335 - 0 ] INFO  replication.ReplicationServer (ReplicationServer.java:start(109)) - ReplicationServer is started using port 44151
2023-04-11 17:17:52,866 [EndpointStateMachine task thread for /0.0.0.0:45335 - 0 ] INFO  ratis.XceiverServerRatis (XceiverServerRatis.java:start(517)) - Starting XceiverServerRatis 316a6a1b-3f00-43af-9dbc-ac2971b62daf
2023-04-11 17:17:52,875 [EndpointStateMachine task thread for /0.0.0.0:45335 - 0 ] INFO  server.RaftServer (RaftServerProxy.java:startImpl(393)) - 316a6a1b-3f00-43af-9dbc-ac2971b62daf: start RPC server
2023-04-11 17:17:52,882 [EndpointStateMachine task thread for /0.0.0.0:45335 - 0 ] INFO  server.GrpcService (GrpcService.java:startImpl(262)) - 316a6a1b-3f00-43af-9dbc-ac2971b62daf: GrpcService started, listening on 40413
2023-04-11 17:17:52,882 [EndpointStateMachine task thread for /0.0.0.0:45335 - 0 ] INFO  ratis.XceiverServerRatis (XceiverServerRatis.java:getRealPort(543)) - XceiverServerRatis 316a6a1b-3f00-43af-9dbc-ac2971b62daf is started using port 40413 for RATIS
2023-04-11 17:17:52,882 [EndpointStateMachine task thread for /0.0.0.0:45335 - 0 ] INFO  ratis.XceiverServerRatis (XceiverServerRatis.java:getRealPort(543)) - XceiverServerRatis 316a6a1b-3f00-43af-9dbc-ac2971b62daf is started using port 40413 for RATIS_ADMIN
2023-04-11 17:17:52,882 [JvmPauseMonitor7] INFO  util.JvmPauseMonitor (JvmPauseMonitor.java:run(105)) - JvmPauseMonitor-316a6a1b-3f00-43af-9dbc-ac2971b62daf: Started
2023-04-11 17:17:52,882 [EndpointStateMachine task thread for /0.0.0.0:45335 - 0 ] INFO  ratis.XceiverServerRatis (XceiverServerRatis.java:getRealPort(543)) - XceiverServerRatis 316a6a1b-3f00-43af-9dbc-ac2971b62daf is started using port 40413 for RATIS_SERVER
2023-04-11 17:17:52,882 [EndpointStateMachine task thread for /0.0.0.0:45335 - 0 ] INFO  ratis.XceiverServerRatis (XceiverServerRatis.java:getRealPort(543)) - XceiverServerRatis 316a6a1b-3f00-43af-9dbc-ac2971b62daf is started using port 42545 for RATIS_DATASTREAM
2023-04-11 17:17:52,887 [EndpointStateMachine task thread for /0.0.0.0:45335 - 0 ] INFO  server.XceiverServerGrpc (XceiverServerGrpc.java:start(180)) - XceiverServerGrpc 316a6a1b-3f00-43af-9dbc-ac2971b62daf is started using port 37565
2023-04-11 17:17:52,890 [BlockDeletingService#0] INFO  interfaces.ContainerDeletionChoosingPolicyTemplate (ContainerDeletionChoosingPolicyTemplate.java:chooseContainerForBlockDeletion(83)) - Chosen 0/5000 blocks from 0 candidate containers.
2023-04-11 17:17:52,967 [Listener at 127.0.0.1/38777] INFO  ozone.MiniOzoneClusterImpl (MiniOzoneClusterImpl.java:lambda$waitForClusterToBeReady$0(222)) - Waiting for nodes to be ready. Got 0 of 5 DN Heartbeats.
2023-04-11 17:17:52,967 [Listener at 127.0.0.1/38777] INFO  ozone.MiniOzoneClusterImpl (MiniOzoneClusterImpl.java:lambda$waitForClusterToBeReady$0(225)) - Waiting for cluster to exit safe mode
2023-04-11 17:17:52,967 [Listener at 127.0.0.1/38777] INFO  ozone.MiniOzoneClusterImpl (MiniOzoneClusterImpl.java:lambda$waitForClusterToBeReady$0(227)) - SCM became leader
2023-04-11 17:17:53,288 [EndpointStateMachine task thread for /0.0.0.0:45335 - 0 ] INFO  utils.DatanodeStoreCache (DatanodeStoreCache.java:addDB(58)) - Added db /home/runner/work/ozone/ozone/hadoop-ozone/integration-test/target/test-dir/MiniOzoneClusterImpl-3c04abff-9f55-4a78-ab47-7ca56afb4af6/datanode-2/data-0/containers/hdds/3c04abff-9f55-4a78-ab47-7ca56afb4af6/DS-baca86f5-bd92-4c9d-bb07-6b99ea02e7ba/container.db to cache
2023-04-11 17:17:53,288 [EndpointStateMachine task thread for /0.0.0.0:45335 - 0 ] INFO  volume.HddsVolume (HddsVolume.java:createDbStore(350)) - SchemaV3 db is created and loaded at /home/runner/work/ozone/ozone/hadoop-ozone/integration-test/target/test-dir/MiniOzoneClusterImpl-3c04abff-9f55-4a78-ab47-7ca56afb4af6/datanode-2/data-0/containers/hdds/3c04abff-9f55-4a78-ab47-7ca56afb4af6/DS-baca86f5-bd92-4c9d-bb07-6b99ea02e7ba/container.db for volume DS-baca86f5-bd92-4c9d-bb07-6b99ea02e7ba
2023-04-11 17:17:53,289 [EndpointStateMachine task thread for /0.0.0.0:45335 - 0 ] INFO  ozoneimpl.OzoneContainer (OzoneContainer.java:start(397)) - Attempting to start container services.
2023-04-11 17:17:53,289 [EndpointStateMachine task thread for /0.0.0.0:45335 - 0 ] INFO  ozoneimpl.OzoneContainer (OzoneContainer.java:startContainerScrub(314)) - Scheduled background container scanners and the on-demand container scanner have been disabled.
2023-04-11 17:17:53,291 [EndpointStateMachine task thread for /0.0.0.0:45335 - 0 ] INFO  replication.ReplicationServer (ReplicationServer.java:start(109)) - ReplicationServer is started using port 36427
2023-04-11 17:17:53,291 [EndpointStateMachine task thread for /0.0.0.0:45335 - 0 ] INFO  ratis.XceiverServerRatis (XceiverServerRatis.java:start(517)) - Starting XceiverServerRatis 1466190b-31b8-4a1a-90c9-9931edc03f55
2023-04-11 17:17:53,295 [EndpointStateMachine task thread for /0.0.0.0:45335 - 0 ] INFO  server.RaftServer (RaftServerProxy.java:startImpl(393)) - 1466190b-31b8-4a1a-90c9-9931edc03f55: start RPC server
2023-04-11 17:17:53,298 [EndpointStateMachine task thread for /0.0.0.0:45335 - 0 ] INFO  server.GrpcService (GrpcService.java:startImpl(262)) - 1466190b-31b8-4a1a-90c9-9931edc03f55: GrpcService started, listening on 40843
2023-04-11 17:17:53,299 [EndpointStateMachine task thread for /0.0.0.0:45335 - 0 ] INFO  ratis.XceiverServerRatis (XceiverServerRatis.java:getRealPort(543)) - XceiverServerRatis 1466190b-31b8-4a1a-90c9-9931edc03f55 is started using port 40843 for RATIS
2023-04-11 17:17:53,299 [JvmPauseMonitor8] INFO  util.JvmPauseMonitor (JvmPauseMonitor.java:run(105)) - JvmPauseMonitor-1466190b-31b8-4a1a-90c9-9931edc03f55: Started
2023-04-11 17:17:53,299 [EndpointStateMachine task thread for /0.0.0.0:45335 - 0 ] INFO  ratis.XceiverServerRatis (XceiverServerRatis.java:getRealPort(543)) - XceiverServerRatis 1466190b-31b8-4a1a-90c9-9931edc03f55 is started using port 40843 for RATIS_ADMIN
2023-04-11 17:17:53,299 [EndpointStateMachine task thread for /0.0.0.0:45335 - 0 ] INFO  ratis.XceiverServerRatis (XceiverServerRatis.java:getRealPort(543)) - XceiverServerRatis 1466190b-31b8-4a1a-90c9-9931edc03f55 is started using port 40843 for RATIS_SERVER
2023-04-11 17:17:53,299 [EndpointStateMachine task thread for /0.0.0.0:45335 - 0 ] INFO  ratis.XceiverServerRatis (XceiverServerRatis.java:getRealPort(543)) - XceiverServerRatis 1466190b-31b8-4a1a-90c9-9931edc03f55 is started using port 38869 for RATIS_DATASTREAM
2023-04-11 17:17:53,301 [EndpointStateMachine task thread for /0.0.0.0:45335 - 0 ] INFO  server.XceiverServerGrpc (XceiverServerGrpc.java:start(180)) - XceiverServerGrpc 1466190b-31b8-4a1a-90c9-9931edc03f55 is started using port 39153
2023-04-11 17:17:53,304 [BlockDeletingService#0] INFO  interfaces.ContainerDeletionChoosingPolicyTemplate (ContainerDeletionChoosingPolicyTemplate.java:chooseContainerForBlockDeletion(83)) - Chosen 0/5000 blocks from 0 candidate containers.
2023-04-11 17:17:53,662 [EndpointStateMachine task thread for /0.0.0.0:45335 - 0 ] INFO  utils.DatanodeStoreCache (DatanodeStoreCache.java:addDB(58)) - Added db /home/runner/work/ozone/ozone/hadoop-ozone/integration-test/target/test-dir/MiniOzoneClusterImpl-3c04abff-9f55-4a78-ab47-7ca56afb4af6/datanode-3/data-0/containers/hdds/3c04abff-9f55-4a78-ab47-7ca56afb4af6/DS-9f1c894e-e5f6-4eb1-b8d5-54f7db05b28c/container.db to cache
2023-04-11 17:17:53,662 [EndpointStateMachine task thread for /0.0.0.0:45335 - 0 ] INFO  volume.HddsVolume (HddsVolume.java:createDbStore(350)) - SchemaV3 db is created and loaded at /home/runner/work/ozone/ozone/hadoop-ozone/integration-test/target/test-dir/MiniOzoneClusterImpl-3c04abff-9f55-4a78-ab47-7ca56afb4af6/datanode-3/data-0/containers/hdds/3c04abff-9f55-4a78-ab47-7ca56afb4af6/DS-9f1c894e-e5f6-4eb1-b8d5-54f7db05b28c/container.db for volume DS-9f1c894e-e5f6-4eb1-b8d5-54f7db05b28c
2023-04-11 17:17:53,662 [EndpointStateMachine task thread for /0.0.0.0:45335 - 0 ] INFO  ozoneimpl.OzoneContainer (OzoneContainer.java:start(397)) - Attempting to start container services.
2023-04-11 17:17:53,662 [EndpointStateMachine task thread for /0.0.0.0:45335 - 0 ] INFO  ozoneimpl.OzoneContainer (OzoneContainer.java:startContainerScrub(314)) - Scheduled background container scanners and the on-demand container scanner have been disabled.
2023-04-11 17:17:53,667 [EndpointStateMachine task thread for /0.0.0.0:45335 - 0 ] INFO  replication.ReplicationServer (ReplicationServer.java:start(109)) - ReplicationServer is started using port 41785
2023-04-11 17:17:53,667 [EndpointStateMachine task thread for /0.0.0.0:45335 - 0 ] INFO  ratis.XceiverServerRatis (XceiverServerRatis.java:start(517)) - Starting XceiverServerRatis 302076d3-f1b4-4ab2-b5f1-f71a9676adc4
2023-04-11 17:17:53,668 [EndpointStateMachine task thread for /0.0.0.0:45335 - 0 ] INFO  server.RaftServer (RaftServerProxy.java:startImpl(393)) - 302076d3-f1b4-4ab2-b5f1-f71a9676adc4: start RPC server
2023-04-11 17:17:53,670 [EndpointStateMachine task thread for /0.0.0.0:45335 - 0 ] INFO  server.GrpcService (GrpcService.java:startImpl(262)) - 302076d3-f1b4-4ab2-b5f1-f71a9676adc4: GrpcService started, listening on 41023
2023-04-11 17:17:53,670 [EndpointStateMachine task thread for /0.0.0.0:45335 - 0 ] INFO  ratis.XceiverServerRatis (XceiverServerRatis.java:getRealPort(543)) - XceiverServerRatis 302076d3-f1b4-4ab2-b5f1-f71a9676adc4 is started using port 41023 for RATIS
2023-04-11 17:17:53,670 [EndpointStateMachine task thread for /0.0.0.0:45335 - 0 ] INFO  ratis.XceiverServerRatis (XceiverServerRatis.java:getRealPort(543)) - XceiverServerRatis 302076d3-f1b4-4ab2-b5f1-f71a9676adc4 is started using port 41023 for RATIS_ADMIN
2023-04-11 17:17:53,670 [JvmPauseMonitor9] INFO  util.JvmPauseMonitor (JvmPauseMonitor.java:run(105)) - JvmPauseMonitor-302076d3-f1b4-4ab2-b5f1-f71a9676adc4: Started
2023-04-11 17:17:53,671 [EndpointStateMachine task thread for /0.0.0.0:45335 - 0 ] INFO  ratis.XceiverServerRatis (XceiverServerRatis.java:getRealPort(543)) - XceiverServerRatis 302076d3-f1b4-4ab2-b5f1-f71a9676adc4 is started using port 41023 for RATIS_SERVER
2023-04-11 17:17:53,671 [EndpointStateMachine task thread for /0.0.0.0:45335 - 0 ] INFO  ratis.XceiverServerRatis (XceiverServerRatis.java:getRealPort(543)) - XceiverServerRatis 302076d3-f1b4-4ab2-b5f1-f71a9676adc4 is started using port 44817 for RATIS_DATASTREAM
2023-04-11 17:17:53,673 [EndpointStateMachine task thread for /0.0.0.0:45335 - 0 ] INFO  server.XceiverServerGrpc (XceiverServerGrpc.java:start(180)) - XceiverServerGrpc 302076d3-f1b4-4ab2-b5f1-f71a9676adc4 is started using port 34225
2023-04-11 17:17:53,676 [BlockDeletingService#0] INFO  interfaces.ContainerDeletionChoosingPolicyTemplate (ContainerDeletionChoosingPolicyTemplate.java:chooseContainerForBlockDeletion(83)) - Chosen 0/5000 blocks from 0 candidate containers.
2023-04-11 17:17:53,967 [Listener at 127.0.0.1/38777] INFO  ozone.MiniOzoneClusterImpl (MiniOzoneClusterImpl.java:lambda$waitForClusterToBeReady$0(222)) - Waiting for nodes to be ready. Got 0 of 5 DN Heartbeats.
2023-04-11 17:17:53,967 [Listener at 127.0.0.1/38777] INFO  ozone.MiniOzoneClusterImpl (MiniOzoneClusterImpl.java:lambda$waitForClusterToBeReady$0(225)) - Waiting for cluster to exit safe mode
2023-04-11 17:17:53,967 [Listener at 127.0.0.1/38777] INFO  ozone.MiniOzoneClusterImpl (MiniOzoneClusterImpl.java:lambda$waitForClusterToBeReady$0(227)) - SCM became leader
2023-04-11 17:17:54,005 [EndpointStateMachine task thread for /0.0.0.0:45335 - 0 ] INFO  utils.DatanodeStoreCache (DatanodeStoreCache.java:addDB(58)) - Added db /home/runner/work/ozone/ozone/hadoop-ozone/integration-test/target/test-dir/MiniOzoneClusterImpl-3c04abff-9f55-4a78-ab47-7ca56afb4af6/datanode-4/data-0/containers/hdds/3c04abff-9f55-4a78-ab47-7ca56afb4af6/DS-73741a8b-dd05-4cec-b91e-5686e96f5fa4/container.db to cache
2023-04-11 17:17:54,005 [EndpointStateMachine task thread for /0.0.0.0:45335 - 0 ] INFO  volume.HddsVolume (HddsVolume.java:createDbStore(350)) - SchemaV3 db is created and loaded at /home/runner/work/ozone/ozone/hadoop-ozone/integration-test/target/test-dir/MiniOzoneClusterImpl-3c04abff-9f55-4a78-ab47-7ca56afb4af6/datanode-4/data-0/containers/hdds/3c04abff-9f55-4a78-ab47-7ca56afb4af6/DS-73741a8b-dd05-4cec-b91e-5686e96f5fa4/container.db for volume DS-73741a8b-dd05-4cec-b91e-5686e96f5fa4
2023-04-11 17:17:54,006 [EndpointStateMachine task thread for /0.0.0.0:45335 - 0 ] INFO  ozoneimpl.OzoneContainer (OzoneContainer.java:start(397)) - Attempting to start container services.
2023-04-11 17:17:54,006 [EndpointStateMachine task thread for /0.0.0.0:45335 - 0 ] INFO  ozoneimpl.OzoneContainer (OzoneContainer.java:startContainerScrub(314)) - Scheduled background container scanners and the on-demand container scanner have been disabled.
2023-04-11 17:17:54,009 [EndpointStateMachine task thread for /0.0.0.0:45335 - 0 ] INFO  replication.ReplicationServer (ReplicationServer.java:start(109)) - ReplicationServer is started using port 39031
2023-04-11 17:17:54,009 [EndpointStateMachine task thread for /0.0.0.0:45335 - 0 ] INFO  ratis.XceiverServerRatis (XceiverServerRatis.java:start(517)) - Starting XceiverServerRatis f68eba80-45f1-4a76-a2e4-30d77c550dcc
2023-04-11 17:17:54,009 [EndpointStateMachine task thread for /0.0.0.0:45335 - 0 ] INFO  server.RaftServer (RaftServerProxy.java:startImpl(393)) - f68eba80-45f1-4a76-a2e4-30d77c550dcc: start RPC server
2023-04-11 17:17:54,014 [EndpointStateMachine task thread for /0.0.0.0:45335 - 0 ] INFO  server.GrpcService (GrpcService.java:startImpl(262)) - f68eba80-45f1-4a76-a2e4-30d77c550dcc: GrpcService started, listening on 37605
2023-04-11 17:17:54,015 [EndpointStateMachine task thread for /0.0.0.0:45335 - 0 ] INFO  ratis.XceiverServerRatis (XceiverServerRatis.java:getRealPort(543)) - XceiverServerRatis f68eba80-45f1-4a76-a2e4-30d77c550dcc is started using port 37605 for RATIS
2023-04-11 17:17:54,015 [EndpointStateMachine task thread for /0.0.0.0:45335 - 0 ] INFO  ratis.XceiverServerRatis (XceiverServerRatis.java:getRealPort(543)) - XceiverServerRatis f68eba80-45f1-4a76-a2e4-30d77c550dcc is started using port 37605 for RATIS_ADMIN
2023-04-11 17:17:54,015 [EndpointStateMachine task thread for /0.0.0.0:45335 - 0 ] INFO  ratis.XceiverServerRatis (XceiverServerRatis.java:getRealPort(543)) - XceiverServerRatis f68eba80-45f1-4a76-a2e4-30d77c550dcc is started using port 37605 for RATIS_SERVER
2023-04-11 17:17:54,015 [JvmPauseMonitor10] INFO  util.JvmPauseMonitor (JvmPauseMonitor.java:run(105)) - JvmPauseMonitor-f68eba80-45f1-4a76-a2e4-30d77c550dcc: Started
2023-04-11 17:17:54,015 [EndpointStateMachine task thread for /0.0.0.0:45335 - 0 ] INFO  ratis.XceiverServerRatis (XceiverServerRatis.java:getRealPort(543)) - XceiverServerRatis f68eba80-45f1-4a76-a2e4-30d77c550dcc is started using port 40947 for RATIS_DATASTREAM
2023-04-11 17:17:54,018 [EndpointStateMachine task thread for /0.0.0.0:45335 - 0 ] INFO  server.XceiverServerGrpc (XceiverServerGrpc.java:start(180)) - XceiverServerGrpc f68eba80-45f1-4a76-a2e4-30d77c550dcc is started using port 34097
2023-04-11 17:17:54,019 [BlockDeletingService#0] INFO  interfaces.ContainerDeletionChoosingPolicyTemplate (ContainerDeletionChoosingPolicyTemplate.java:chooseContainerForBlockDeletion(83)) - Chosen 0/5000 blocks from 0 candidate containers.
2023-04-11 17:17:54,460 [IPC Server handler 2 on default port 45335] INFO  net.NetworkTopologyImpl (NetworkTopologyImpl.java:add(112)) - Added a new node: /default-rack/6e9ccc6a-fad0-416f-afa3-09e4e9fe5838
2023-04-11 17:17:54,461 [IPC Server handler 2 on default port 45335] INFO  node.SCMNodeManager (SCMNodeManager.java:register(404)) - Registered Data node : 6e9ccc6a-fad0-416f-afa3-09e4e9fe5838{ip: 10.1.0.70, host: fv-az377-102.ap30g4v5sw5evmjtdmxdg2w53f.dx.internal.cloudapp.net, ports: [HTTP=44869, REPLICATION=38505, RATIS=40587, RATIS_ADMIN=40587, RATIS_SERVER=40587, RATIS_DATASTREAM=33979, STANDALONE=36355], networkLocation: /default-rack, certSerialId: null, persistedOpState: null, persistedOpStateExpiryEpochSec: 0}
2023-04-11 17:17:54,465 [EventQueue-NodeRegistrationContainerReportForDataNodeSafeModeRule] INFO  safemode.SCMSafeModeManager (DataNodeSafeModeRule.java:process(71)) - SCM in safe mode. 1 DataNodes registered, 3 required.
2023-04-11 17:17:54,466 [EventQueue-NodeRegistrationContainerReportForContainerSafeModeRule] INFO  safemode.SCMSafeModeManager (SCMSafeModeManager.java:validateSafeModeExitRules(200)) - ContainerSafeModeRule rule is successfully validated
2023-04-11 17:17:54,469 [EventQueue-NewNodeForNewNodeHandler] INFO  pipeline.BackgroundPipelineCreator (BackgroundPipelineCreator.java:notifyEventTriggered(276)) - trigger a one-shot run on RatisPipelineUtilsThread.
2023-04-11 17:17:54,469 [RatisPipelineUtilsThread - 0] INFO  pipeline.RatisPipelineProvider (RatisPipelineProvider.java:lambda$create$0(206)) - Sending CreatePipelineCommand for pipeline:PipelineID=4b589ffa-5a17-4059-a19e-97d18bc0e911 to datanode:6e9ccc6a-fad0-416f-afa3-09e4e9fe5838
2023-04-11 17:17:54,470 [EventQueue-PipelineReportForOneReplicaPipelineSafeModeRule] INFO  safemode.SCMSafeModeManager (SCMSafeModeManager.java:validateSafeModeExitRules(200)) - AtleastOneDatanodeReportedRule rule is successfully validated
2023-04-11 17:17:54,471 [RatisPipelineUtilsThread - 0] INFO  pipeline.PipelineStateManagerImpl (PipelineStateManagerImpl.java:addPipeline(103)) - Created pipeline Pipeline[ Id: 4b589ffa-5a17-4059-a19e-97d18bc0e911, Nodes: 6e9ccc6a-fad0-416f-afa3-09e4e9fe5838(fv-az377-102.ap30g4v5sw5evmjtdmxdg2w53f.dx.internal.cloudapp.net/10.1.0.70), ReplicationConfig: RATIS/ONE, State:ALLOCATED, leaderId:, CreationTimestamp2023-04-11T17:17:54.469Z[Etc/UTC]].
2023-04-11 17:17:54,823 [IPC Server handler 3 on default port 45335] INFO  net.NetworkTopologyImpl (NetworkTopologyImpl.java:add(112)) - Added a new node: /default-rack/316a6a1b-3f00-43af-9dbc-ac2971b62daf
2023-04-11 17:17:54,823 [IPC Server handler 3 on default port 45335] INFO  node.SCMNodeManager (SCMNodeManager.java:register(404)) - Registered Data node : 316a6a1b-3f00-43af-9dbc-ac2971b62daf{ip: 10.1.0.70, host: fv-az377-102.ap30g4v5sw5evmjtdmxdg2w53f.dx.internal.cloudapp.net, ports: [HTTP=39701, REPLICATION=44151, RATIS=40413, RATIS_ADMIN=40413, RATIS_SERVER=40413, RATIS_DATASTREAM=42545, STANDALONE=37565], networkLocation: /default-rack, certSerialId: null, persistedOpState: null, persistedOpStateExpiryEpochSec: 0}
2023-04-11 17:17:54,824 [EventQueue-NewNodeForNewNodeHandler] INFO  pipeline.BackgroundPipelineCreator (BackgroundPipelineCreator.java:notifyEventTriggered(276)) - trigger a one-shot run on RatisPipelineUtilsThread.
2023-04-11 17:17:54,825 [EventQueue-NodeRegistrationContainerReportForDataNodeSafeModeRule] INFO  safemode.SCMSafeModeManager (DataNodeSafeModeRule.java:process(71)) - SCM in safe mode. 2 DataNodes registered, 3 required.
2023-04-11 17:17:54,826 [RatisPipelineUtilsThread - 0] INFO  pipeline.RatisPipelineProvider (RatisPipelineProvider.java:lambda$create$0(206)) - Sending CreatePipelineCommand for pipeline:PipelineID=5b6f66ad-872d-4d96-a58e-9e5c623749e9 to datanode:316a6a1b-3f00-43af-9dbc-ac2971b62daf
2023-04-11 17:17:54,827 [RatisPipelineUtilsThread - 0] INFO  pipeline.PipelineStateManagerImpl (PipelineStateManagerImpl.java:addPipeline(103)) - Created pipeline Pipeline[ Id: 5b6f66ad-872d-4d96-a58e-9e5c623749e9, Nodes: 316a6a1b-3f00-43af-9dbc-ac2971b62daf(fv-az377-102.ap30g4v5sw5evmjtdmxdg2w53f.dx.internal.cloudapp.net/10.1.0.70), ReplicationConfig: RATIS/ONE, State:ALLOCATED, leaderId:, CreationTimestamp2023-04-11T17:17:54.826Z[Etc/UTC]].
2023-04-11 17:17:54,968 [Listener at 127.0.0.1/38777] INFO  ozone.MiniOzoneClusterImpl (MiniOzoneClusterImpl.java:lambda$waitForClusterToBeReady$0(222)) - Waiting for nodes to be ready. Got 2 of 5 DN Heartbeats.
2023-04-11 17:17:54,968 [Listener at 127.0.0.1/38777] INFO  ozone.MiniOzoneClusterImpl (MiniOzoneClusterImpl.java:lambda$waitForClusterToBeReady$0(225)) - Waiting for cluster to exit safe mode
2023-04-11 17:17:54,968 [Listener at 127.0.0.1/38777] INFO  ozone.MiniOzoneClusterImpl (MiniOzoneClusterImpl.java:lambda$waitForClusterToBeReady$0(227)) - SCM became leader
2023-04-11 17:17:55,252 [IPC Server handler 2 on default port 45335] INFO  net.NetworkTopologyImpl (NetworkTopologyImpl.java:add(112)) - Added a new node: /default-rack/1466190b-31b8-4a1a-90c9-9931edc03f55
2023-04-11 17:17:55,252 [IPC Server handler 2 on default port 45335] INFO  node.SCMNodeManager (SCMNodeManager.java:register(404)) - Registered Data node : 1466190b-31b8-4a1a-90c9-9931edc03f55{ip: 10.1.0.70, host: fv-az377-102.ap30g4v5sw5evmjtdmxdg2w53f.dx.internal.cloudapp.net, ports: [HTTP=36489, REPLICATION=36427, RATIS=40843, RATIS_ADMIN=40843, RATIS_SERVER=40843, RATIS_DATASTREAM=38869, STANDALONE=39153], networkLocation: /default-rack, certSerialId: null, persistedOpState: null, persistedOpStateExpiryEpochSec: 0}
2023-04-11 17:17:55,255 [EventQueue-NodeRegistrationContainerReportForDataNodeSafeModeRule] INFO  safemode.SCMSafeModeManager (DataNodeSafeModeRule.java:process(71)) - SCM in safe mode. 3 DataNodes registered, 3 required.
2023-04-11 17:17:55,255 [EventQueue-NodeRegistrationContainerReportForDataNodeSafeModeRule] INFO  safemode.SCMSafeModeManager (SCMSafeModeManager.java:validateSafeModeExitRules(200)) - DataNodeSafeModeRule rule is successfully validated
2023-04-11 17:17:55,255 [EventQueue-NodeRegistrationContainerReportForDataNodeSafeModeRule] INFO  safemode.SCMSafeModeManager (SCMSafeModeManager.java:completePreCheck(229)) - All SCM safe mode pre check rules have passed
2023-04-11 17:17:55,255 [EventQueue-NodeRegistrationContainerReportForDataNodeSafeModeRule] INFO  ha.SCMContext (SCMContext.java:updateSafeModeStatus(228)) - Update SafeModeStatus from SafeModeStatus{safeModeStatus=true, preCheckPassed=false} to SafeModeStatus{safeModeStatus=true, preCheckPassed=true}.
2023-04-11 17:17:55,255 [EventQueue-NodeRegistrationContainerReportForDataNodeSafeModeRule] INFO  pipeline.BackgroundPipelineCreator (BackgroundPipelineCreator.java:notifyEventTriggered(276)) - trigger a one-shot run on RatisPipelineUtilsThread.
2023-04-11 17:17:55,256 [RatisPipelineUtilsThread - 0] INFO  pipeline.RatisPipelineProvider (RatisPipelineProvider.java:lambda$create$0(206)) - Sending CreatePipelineCommand for pipeline:PipelineID=5c867ca6-b5a4-4bb2-a7fc-57e150c89a50 to datanode:1466190b-31b8-4a1a-90c9-9931edc03f55
2023-04-11 17:17:55,256 [EventQueue-NewNodeForNewNodeHandler] INFO  pipeline.BackgroundPipelineCreator (BackgroundPipelineCreator.java:notifyEventTriggered(276)) - trigger a one-shot run on RatisPipelineUtilsThread.
2023-04-11 17:17:55,257 [RatisPipelineUtilsThread - 0] INFO  pipeline.PipelineStateManagerImpl (PipelineStateManagerImpl.java:addPipeline(103)) - Created pipeline Pipeline[ Id: 5c867ca6-b5a4-4bb2-a7fc-57e150c89a50, Nodes: 1466190b-31b8-4a1a-90c9-9931edc03f55(fv-az377-102.ap30g4v5sw5evmjtdmxdg2w53f.dx.internal.cloudapp.net/10.1.0.70), ReplicationConfig: RATIS/ONE, State:ALLOCATED, leaderId:, CreationTimestamp2023-04-11T17:17:55.256Z[Etc/UTC]].
2023-04-11 17:17:55,258 [RatisPipelineUtilsThread - 0] INFO  pipeline.RatisPipelineProvider (RatisPipelineProvider.java:lambda$create$0(206)) - Sending CreatePipelineCommand for pipeline:PipelineID=40c3c78a-35b8-496c-bcfb-e1fe9e25d7bf to datanode:316a6a1b-3f00-43af-9dbc-ac2971b62daf
2023-04-11 17:17:55,258 [RatisPipelineUtilsThread - 0] INFO  pipeline.RatisPipelineProvider (RatisPipelineProvider.java:lambda$create$0(206)) - Sending CreatePipelineCommand for pipeline:PipelineID=40c3c78a-35b8-496c-bcfb-e1fe9e25d7bf to datanode:1466190b-31b8-4a1a-90c9-9931edc03f55
2023-04-11 17:17:55,258 [RatisPipelineUtilsThread - 0] INFO  pipeline.RatisPipelineProvider (RatisPipelineProvider.java:lambda$create$0(206)) - Sending CreatePipelineCommand for pipeline:PipelineID=40c3c78a-35b8-496c-bcfb-e1fe9e25d7bf to datanode:6e9ccc6a-fad0-416f-afa3-09e4e9fe5838
2023-04-11 17:17:55,258 [RatisPipelineUtilsThread - 0] INFO  pipeline.PipelineStateManagerImpl (PipelineStateManagerImpl.java:addPipeline(103)) - Created pipeline Pipeline[ Id: 40c3c78a-35b8-496c-bcfb-e1fe9e25d7bf, Nodes: 316a6a1b-3f00-43af-9dbc-ac2971b62daf(fv-az377-102.ap30g4v5sw5evmjtdmxdg2w53f.dx.internal.cloudapp.net/10.1.0.70)1466190b-31b8-4a1a-90c9-9931edc03f55(fv-az377-102.ap30g4v5sw5evmjtdmxdg2w53f.dx.internal.cloudapp.net/10.1.0.70)6e9ccc6a-fad0-416f-afa3-09e4e9fe5838(fv-az377-102.ap30g4v5sw5evmjtdmxdg2w53f.dx.internal.cloudapp.net/10.1.0.70), ReplicationConfig: RATIS/THREE, State:ALLOCATED, leaderId:, CreationTimestamp2023-04-11T17:17:55.258Z[Etc/UTC]].
2023-04-11 17:17:55,259 [RatisPipelineUtilsThread - 0] INFO  pipeline.RatisPipelineProvider (RatisPipelineProvider.java:lambda$create$0(206)) - Sending CreatePipelineCommand for pipeline:PipelineID=e3a8309e-152f-46aa-8375-1904913c1b47 to datanode:1466190b-31b8-4a1a-90c9-9931edc03f55
2023-04-11 17:17:55,259 [RatisPipelineUtilsThread - 0] INFO  pipeline.RatisPipelineProvider (RatisPipelineProvider.java:lambda$create$0(206)) - Sending CreatePipelineCommand for pipeline:PipelineID=e3a8309e-152f-46aa-8375-1904913c1b47 to datanode:316a6a1b-3f00-43af-9dbc-ac2971b62daf
2023-04-11 17:17:55,259 [RatisPipelineUtilsThread - 0] INFO  pipeline.RatisPipelineProvider (RatisPipelineProvider.java:lambda$create$0(206)) - Sending CreatePipelineCommand for pipeline:PipelineID=e3a8309e-152f-46aa-8375-1904913c1b47 to datanode:6e9ccc6a-fad0-416f-afa3-09e4e9fe5838
2023-04-11 17:17:55,260 [RatisPipelineUtilsThread - 0] INFO  pipeline.PipelineStateManagerImpl (PipelineStateManagerImpl.java:addPipeline(103)) - Created pipeline Pipeline[ Id: e3a8309e-152f-46aa-8375-1904913c1b47, Nodes: 1466190b-31b8-4a1a-90c9-9931edc03f55(fv-az377-102.ap30g4v5sw5evmjtdmxdg2w53f.dx.internal.cloudapp.net/10.1.0.70)316a6a1b-3f00-43af-9dbc-ac2971b62daf(fv-az377-102.ap30g4v5sw5evmjtdmxdg2w53f.dx.internal.cloudapp.net/10.1.0.70)6e9ccc6a-fad0-416f-afa3-09e4e9fe5838(fv-az377-102.ap30g4v5sw5evmjtdmxdg2w53f.dx.internal.cloudapp.net/10.1.0.70), ReplicationConfig: RATIS/THREE, State:ALLOCATED, leaderId:, CreationTimestamp2023-04-11T17:17:55.259Z[Etc/UTC]].
2023-04-11 17:17:55,260 [RatisPipelineUtilsThread - 0] INFO  pipeline.PipelineManagerImpl (PipelineManagerImpl.java:recordMetricsForPipeline(826)) - Pipeline: PipelineID=e3a8309e-152f-46aa-8375-1904913c1b47 contains same datanodes as previous pipelines: PipelineID=40c3c78a-35b8-496c-bcfb-e1fe9e25d7bf nodeIds: 1466190b-31b8-4a1a-90c9-9931edc03f55, 316a6a1b-3f00-43af-9dbc-ac2971b62daf, 6e9ccc6a-fad0-416f-afa3-09e4e9fe5838
2023-04-11 17:17:55,261 [RatisPipelineUtilsThread - 0] WARN  pipeline.PipelinePlacementPolicy (PipelinePlacementPolicy.java:filterViableNodes(160)) - Pipeline creation failed due to no sufficient healthy datanodes. Required 3. Found 0. Excluded 3.
2023-04-11 17:17:55,262 [RatisPipelineUtilsThread - 0] WARN  pipeline.PipelinePlacementPolicy (PipelinePlacementPolicy.java:filterViableNodes(160)) - Pipeline creation failed due to no sufficient healthy datanodes. Required 3. Found 0. Excluded 3.
2023-04-11 17:17:55,620 [IPC Server handler 3 on default port 45335] INFO  net.NetworkTopologyImpl (NetworkTopologyImpl.java:add(112)) - Added a new node: /default-rack/302076d3-f1b4-4ab2-b5f1-f71a9676adc4
2023-04-11 17:17:55,620 [IPC Server handler 3 on default port 45335] INFO  node.SCMNodeManager (SCMNodeManager.java:register(404)) - Registered Data node : 302076d3-f1b4-4ab2-b5f1-f71a9676adc4{ip: 10.1.0.70, host: fv-az377-102.ap30g4v5sw5evmjtdmxdg2w53f.dx.internal.cloudapp.net, ports: [HTTP=44173, REPLICATION=41785, RATIS=41023, RATIS_ADMIN=41023, RATIS_SERVER=41023, RATIS_DATASTREAM=44817, STANDALONE=34225], networkLocation: /default-rack, certSerialId: null, persistedOpState: null, persistedOpStateExpiryEpochSec: 0}
2023-04-11 17:17:55,620 [EventQueue-NewNodeForNewNodeHandler] INFO  pipeline.BackgroundPipelineCreator (BackgroundPipelineCreator.java:notifyEventTriggered(276)) - trigger a one-shot run on RatisPipelineUtilsThread.
2023-04-11 17:17:55,621 [RatisPipelineUtilsThread - 0] INFO  pipeline.RatisPipelineProvider (RatisPipelineProvider.java:lambda$create$0(206)) - Sending CreatePipelineCommand for pipeline:PipelineID=46fb347a-1b32-48ba-874c-f83941fa9af0 to datanode:302076d3-f1b4-4ab2-b5f1-f71a9676adc4
2023-04-11 17:17:55,622 [RatisPipelineUtilsThread - 0] INFO  pipeline.PipelineStateManagerImpl (PipelineStateManagerImpl.java:addPipeline(103)) - Created pipeline Pipeline[ Id: 46fb347a-1b32-48ba-874c-f83941fa9af0, Nodes: 302076d3-f1b4-4ab2-b5f1-f71a9676adc4(fv-az377-102.ap30g4v5sw5evmjtdmxdg2w53f.dx.internal.cloudapp.net/10.1.0.70), ReplicationConfig: RATIS/ONE, State:ALLOCATED, leaderId:, CreationTimestamp2023-04-11T17:17:55.621Z[Etc/UTC]].
2023-04-11 17:17:55,622 [RatisPipelineUtilsThread - 0] WARN  pipeline.PipelinePlacementPolicy (PipelinePlacementPolicy.java:filterViableNodes(160)) - Pipeline creation failed due to no sufficient healthy datanodes. Required 3. Found 1. Excluded 3.
2023-04-11 17:17:55,968 [Listener at 127.0.0.1/38777] INFO  ozone.MiniOzoneClusterImpl (MiniOzoneClusterImpl.java:lambda$waitForClusterToBeReady$0(222)) - Waiting for nodes to be ready. Got 4 of 5 DN Heartbeats.
2023-04-11 17:17:55,969 [Listener at 127.0.0.1/38777] INFO  ozone.MiniOzoneClusterImpl (MiniOzoneClusterImpl.java:lambda$waitForClusterToBeReady$0(225)) - Waiting for cluster to exit safe mode
2023-04-11 17:17:55,969 [Listener at 127.0.0.1/38777] INFO  ozone.MiniOzoneClusterImpl (MiniOzoneClusterImpl.java:lambda$waitForClusterToBeReady$0(227)) - SCM became leader
2023-04-11 17:17:55,972 [IPC Server handler 0 on default port 45335] INFO  net.NetworkTopologyImpl (NetworkTopologyImpl.java:add(112)) - Added a new node: /default-rack/f68eba80-45f1-4a76-a2e4-30d77c550dcc
2023-04-11 17:17:55,972 [IPC Server handler 0 on default port 45335] INFO  node.SCMNodeManager (SCMNodeManager.java:register(404)) - Registered Data node : f68eba80-45f1-4a76-a2e4-30d77c550dcc{ip: 10.1.0.70, host: fv-az377-102.ap30g4v5sw5evmjtdmxdg2w53f.dx.internal.cloudapp.net, ports: [HTTP=33177, REPLICATION=39031, RATIS=37605, RATIS_ADMIN=37605, RATIS_SERVER=37605, RATIS_DATASTREAM=40947, STANDALONE=34097], networkLocation: /default-rack, certSerialId: null, persistedOpState: null, persistedOpStateExpiryEpochSec: 0}
2023-04-11 17:17:55,972 [EventQueue-NewNodeForNewNodeHandler] INFO  pipeline.BackgroundPipelineCreator (BackgroundPipelineCreator.java:notifyEventTriggered(276)) - trigger a one-shot run on RatisPipelineUtilsThread.
2023-04-11 17:17:55,973 [RatisPipelineUtilsThread - 0] INFO  pipeline.RatisPipelineProvider (RatisPipelineProvider.java:lambda$create$0(206)) - Sending CreatePipelineCommand for pipeline:PipelineID=4981b2ae-8cd4-4b81-bbc7-f979bd690190 to datanode:f68eba80-45f1-4a76-a2e4-30d77c550dcc
2023-04-11 17:17:55,973 [RatisPipelineUtilsThread - 0] INFO  pipeline.PipelineStateManagerImpl (PipelineStateManagerImpl.java:addPipeline(103)) - Created pipeline Pipeline[ Id: 4981b2ae-8cd4-4b81-bbc7-f979bd690190, Nodes: f68eba80-45f1-4a76-a2e4-30d77c550dcc(fv-az377-102.ap30g4v5sw5evmjtdmxdg2w53f.dx.internal.cloudapp.net/10.1.0.70), ReplicationConfig: RATIS/ONE, State:ALLOCATED, leaderId:, CreationTimestamp2023-04-11T17:17:55.973Z[Etc/UTC]].
2023-04-11 17:17:55,974 [RatisPipelineUtilsThread - 0] WARN  pipeline.PipelinePlacementPolicy (PipelinePlacementPolicy.java:filterViableNodes(160)) - Pipeline creation failed due to no sufficient healthy datanodes. Required 3. Found 2. Excluded 3.
2023-04-11 17:17:56,969 [Listener at 127.0.0.1/38777] INFO  ozone.MiniOzoneClusterImpl (MiniOzoneClusterImpl.java:lambda$waitForClusterToBeReady$0(222)) - Nodes are ready. Got 5 of 5 DN Heartbeats.
2023-04-11 17:17:56,969 [Listener at 127.0.0.1/38777] INFO  ozone.MiniOzoneClusterImpl (MiniOzoneClusterImpl.java:lambda$waitForClusterToBeReady$0(225)) - Waiting for cluster to exit safe mode
2023-04-11 17:17:56,970 [Listener at 127.0.0.1/38777] INFO  ozone.MiniOzoneClusterImpl (MiniOzoneClusterImpl.java:lambda$waitForClusterToBeReady$0(227)) - SCM became leader
2023-04-11 17:17:57,458 [Command processor thread] INFO  server.RaftServer (RaftServerProxy.java:addNew(96)) - 6e9ccc6a-fad0-416f-afa3-09e4e9fe5838: addNew group-97D18BC0E911:[6e9ccc6a-fad0-416f-afa3-09e4e9fe5838|rpc:10.1.0.70:40587|dataStream:10.1.0.70:33979|priority:1|startupRole:FOLLOWER] returns group-97D18BC0E911:java.util.concurrent.CompletableFuture@41651b53[Not completed]
2023-04-11 17:17:57,459 [pool-286-thread-1] INFO  server.RaftServer$Division (RaftServerImpl.java:<init>(195)) - 6e9ccc6a-fad0-416f-afa3-09e4e9fe5838: new RaftServerImpl for group-97D18BC0E911:[6e9ccc6a-fad0-416f-afa3-09e4e9fe5838|rpc:10.1.0.70:40587|dataStream:10.1.0.70:33979|priority:1|startupRole:FOLLOWER] with ContainerStateMachine:uninitialized
2023-04-11 17:17:57,460 [pool-286-thread-1] INFO  server.RaftServerConfigKeys (ConfUtils.java:logGet(46)) - raft.server.rpc.timeout.min = 5s (custom)
2023-04-11 17:17:57,460 [pool-286-thread-1] INFO  server.RaftServerConfigKeys (ConfUtils.java:logGet(46)) - raft.server.rpc.timeout.max = 5200ms (custom)
2023-04-11 17:17:57,460 [pool-286-thread-1] INFO  server.RaftServerConfigKeys (ConfUtils.java:logGet(46)) - raft.server.rpc.sleep.time = 25ms (default)
2023-04-11 17:17:57,460 [pool-286-thread-1] INFO  server.RaftServerConfigKeys (ConfUtils.java:logGet(46)) - raft.server.rpc.slowness.timeout = 300s (custom)
2023-04-11 17:17:57,460 [pool-286-thread-1] INFO  server.RaftServerConfigKeys (ConfUtils.java:logGet(46)) - raft.server.leaderelection.leader.step-down.wait-time = 10s (default)
2023-04-11 17:17:57,460 [pool-286-thread-1] INFO  server.RaftServerConfigKeys (ConfUtils.java:logGet(46)) - raft.server.sleep.deviation.threshold = 300ms (default)
2023-04-11 17:17:57,460 [pool-286-thread-1] INFO  server.RaftServer$Division (ServerState.java:<init>(118)) - 6e9ccc6a-fad0-416f-afa3-09e4e9fe5838@group-97D18BC0E911: ConfigurationManager, init=-1: peers:[6e9ccc6a-fad0-416f-afa3-09e4e9fe5838|rpc:10.1.0.70:40587|dataStream:10.1.0.70:33979|priority:1|startupRole:FOLLOWER]|listeners:[], old=null, confs=<EMPTY_MAP>
2023-04-11 17:17:57,460 [pool-286-thread-1] INFO  server.RaftServerConfigKeys (ConfUtils.java:logGet(46)) - raft.server.storage.dir = [/home/runner/work/ozone/ozone/hadoop-ozone/integration-test/target/test-dir/MiniOzoneClusterImpl-3c04abff-9f55-4a78-ab47-7ca56afb4af6/datanode-0/data/ratis] (custom)
2023-04-11 17:17:57,460 [pool-286-thread-1] INFO  server.RaftServerConfigKeys (ConfUtils.java:logGet(46)) - raft.server.log.corruption.policy = EXCEPTION (default)
2023-04-11 17:17:57,460 [pool-286-thread-1] INFO  server.RaftServerConfigKeys (ConfUtils.java:logGet(46)) - raft.server.storage.free-space.min = 0MB (=0) (default)
2023-04-11 17:17:57,460 [pool-286-thread-1] INFO  server.RaftServerConfigKeys (ConfUtils.java:logGet(46)) - raft.server.notification.no-leader.timeout = 300s (custom)
2023-04-11 17:17:57,460 [pool-286-thread-1] INFO  server.RaftServerConfigKeys (ConfUtils.java:logGet(46)) - raft.server.retrycache.expirytime = 600000ms (custom)
2023-04-11 17:17:57,460 [pool-286-thread-1] INFO  server.RaftServerConfigKeys (ConfUtils.java:logGet(46)) - raft.server.retrycache.statistics.expirytime = 100μs (default)
2023-04-11 17:17:57,462 [pool-286-thread-1] INFO  server.RaftServerConfigKeys (ConfUtils.java:logGet(46)) - raft.server.log.appender.install.snapshot.enabled = false (custom)
2023-04-11 17:17:57,462 [pool-286-thread-1] INFO  server.RaftServerConfigKeys (ConfUtils.java:logGet(46)) - raft.server.threadpool.server.cached = true (default)
2023-04-11 17:17:57,462 [pool-286-thread-1] INFO  server.RaftServerConfigKeys (ConfUtils.java:logGet(46)) - raft.server.threadpool.server.size = 0 (default)
2023-04-11 17:17:57,462 [pool-286-thread-1] INFO  server.RaftServerConfigKeys (ConfUtils.java:logGet(46)) - raft.server.threadpool.client.cached = true (default)
2023-04-11 17:17:57,462 [pool-286-thread-1] INFO  server.RaftServerConfigKeys (ConfUtils.java:logGet(46)) - raft.server.threadpool.client.size = 0 (default)
2023-04-11 17:17:57,462 [pool-286-thread-1] INFO  storage.RaftStorageDirectory (RaftStorageDirectoryImpl.java:analyzeStorage(137)) - The storage directory /home/runner/work/ozone/ozone/hadoop-ozone/integration-test/target/test-dir/MiniOzoneClusterImpl-3c04abff-9f55-4a78-ab47-7ca56afb4af6/datanode-0/data/ratis/4b589ffa-5a17-4059-a19e-97d18bc0e911 does not exist. Creating ...
2023-04-11 17:17:57,463 [pool-286-thread-1] INFO  storage.RaftStorageDirectory (RaftStorageDirectoryImpl.java:tryLock(231)) - Lock on /home/runner/work/ozone/ozone/hadoop-ozone/integration-test/target/test-dir/MiniOzoneClusterImpl-3c04abff-9f55-4a78-ab47-7ca56afb4af6/datanode-0/data/ratis/4b589ffa-5a17-4059-a19e-97d18bc0e911/in_use.lock acquired by nodename 52175@fv-az377-102
2023-04-11 17:17:57,465 [pool-286-thread-1] INFO  storage.RaftStorage (RaftStorageImpl.java:format(96)) - Storage directory /home/runner/work/ozone/ozone/hadoop-ozone/integration-test/target/test-dir/MiniOzoneClusterImpl-3c04abff-9f55-4a78-ab47-7ca56afb4af6/datanode-0/data/ratis/4b589ffa-5a17-4059-a19e-97d18bc0e911 has been successfully formatted.
2023-04-11 17:17:57,466 [pool-286-thread-1] INFO  ratis.ContainerStateMachine (ContainerStateMachine.java:loadSnapshot(262)) - group-97D18BC0E911: The snapshot info is null. Setting the last applied indexto:(t:0, i:~)
2023-04-11 17:17:57,466 [pool-286-thread-1] INFO  server.RaftServerConfigKeys (ConfUtils.java:logGet(46)) - raft.server.log.use.memory = false (default)
2023-04-11 17:17:57,467 [pool-286-thread-1] INFO  server.RaftServerConfigKeys (ConfUtils.java:logGet(46)) - raft.server.log.purge.gap = 1000000 (custom)
2023-04-11 17:17:57,467 [pool-286-thread-1] INFO  server.RaftServerConfigKeys (ConfUtils.java:logGet(46)) - raft.server.log.appender.buffer.byte-limit = 33554432 (custom)
2023-04-11 17:17:57,467 [pool-286-thread-1] INFO  server.RaftServerConfigKeys (ConfUtils.java:logGet(46)) - raft.server.log.statemachine.data.read.timeout = 1000ms (default)
2023-04-11 17:17:57,467 [pool-286-thread-1] INFO  server.RaftServerConfigKeys (ConfUtils.java:logGet(46)) - raft.server.log.purge.preservation.log.num = 0 (default)
2023-04-11 17:17:57,467 [pool-286-thread-1] INFO  server.RaftServerConfigKeys (ConfUtils.java:logGet(46)) - raft.server.log.segment.size.max = 1048576 (custom)
2023-04-11 17:17:57,467 [pool-286-thread-1] INFO  server.RaftServerConfigKeys (ConfUtils.java:logGet(46)) - raft.server.log.segment.cache.num.max = 2 (custom)
2023-04-11 17:17:57,467 [pool-286-thread-1] INFO  server.RaftServerConfigKeys (ConfUtils.java:logGet(46)) - raft.server.log.segment.cache.size.max = 200MB (=209715200) (default)
2023-04-11 17:17:57,467 [pool-286-thread-1] INFO  segmented.SegmentedRaftLogWorker (SegmentedRaftLogWorker.java:<init>(189)) - new 6e9ccc6a-fad0-416f-afa3-09e4e9fe5838@group-97D18BC0E911-SegmentedRaftLogWorker for RaftStorageImpl:Storage Directory /home/runner/work/ozone/ozone/hadoop-ozone/integration-test/target/test-dir/MiniOzoneClusterImpl-3c04abff-9f55-4a78-ab47-7ca56afb4af6/datanode-0/data/ratis/4b589ffa-5a17-4059-a19e-97d18bc0e911
2023-04-11 17:17:57,467 [pool-286-thread-1] INFO  server.RaftServerConfigKeys (ConfUtils.java:logGet(46)) - raft.server.log.queue.byte-limit = 4294967296 (custom)
2023-04-11 17:17:57,467 [pool-286-thread-1] INFO  server.RaftServerConfigKeys (ConfUtils.java:logGet(46)) - raft.server.log.queue.element-limit = 1024 (custom)
2023-04-11 17:17:57,467 [pool-286-thread-1] INFO  server.RaftServerConfigKeys (ConfUtils.java:logGet(46)) - raft.server.log.segment.size.max = 1048576 (custom)
2023-04-11 17:17:57,467 [pool-286-thread-1] INFO  server.RaftServerConfigKeys (ConfUtils.java:logGet(46)) - raft.server.log.preallocated.size = 16384 (custom)
2023-04-11 17:17:57,467 [pool-286-thread-1] INFO  server.RaftServerConfigKeys (ConfUtils.java:logGet(46)) - raft.server.log.force.sync.num = 128 (default)
2023-04-11 17:17:57,467 [pool-286-thread-1] INFO  server.RaftServerConfigKeys (ConfUtils.java:logGet(46)) - raft.server.log.statemachine.data.sync = true (default)
2023-04-11 17:17:57,467 [pool-286-thread-1] INFO  server.RaftServerConfigKeys (ConfUtils.java:logGet(46)) - raft.server.log.statemachine.data.sync.timeout = 10s (default)
2023-04-11 17:17:57,468 [pool-286-thread-1] INFO  server.RaftServerConfigKeys (ConfUtils.java:logGet(46)) - raft.server.log.statemachine.data.sync.timeout.retry = -1 (default)
2023-04-11 17:17:57,468 [EventQueue-PipelineReportForPipelineReportHandler] INFO  pipeline.PipelineManagerImpl (PipelineManagerImpl.java:openPipeline(367)) - Pipeline Pipeline[ Id: 4b589ffa-5a17-4059-a19e-97d18bc0e911, Nodes: 6e9ccc6a-fad0-416f-afa3-09e4e9fe5838(fv-az377-102.ap30g4v5sw5evmjtdmxdg2w53f.dx.internal.cloudapp.net/10.1.0.70), ReplicationConfig: RATIS/ONE, State:ALLOCATED, leaderId:6e9ccc6a-fad0-416f-afa3-09e4e9fe5838, CreationTimestamp2023-04-11T17:17:54.469Z[Etc/UTC]] moved to OPEN state
2023-04-11 17:17:57,468 [pool-286-thread-1] INFO  server.RaftServerConfigKeys (ConfUtils.java:logGet(46)) - raft.server.log.write.buffer.size = 1048576 (custom)
2023-04-11 17:17:57,469 [pool-286-thread-1] INFO  server.RaftServerConfigKeys (ConfUtils.java:logGet(46)) - raft.server.log.appender.buffer.byte-limit = 33554432 (custom)
2023-04-11 17:17:57,475 [pool-286-thread-1] INFO  server.RaftServerConfigKeys (ConfUtils.java:logGet(46)) - raft.server.log.unsafe-flush.enabled = false (default)
2023-04-11 17:17:57,475 [pool-286-thread-1] INFO  server.RaftServerConfigKeys (ConfUtils.java:logGet(46)) - raft.server.log.async-flush.enabled = false (default)
2023-04-11 17:17:57,475 [pool-286-thread-1] INFO  server.RaftServerConfigKeys (ConfUtils.java:logGet(46)) - raft.server.log.statemachine.data.caching.enabled = true (custom)
2023-04-11 17:17:57,475 [EventQueue-OpenPipelineForHealthyPipelineSafeModeRule] INFO  safemode.SCMSafeModeManager (HealthyPipelineSafeModeRule.java:process(137)) - SCM in safe mode. Healthy pipelines reported count is 0, required healthy pipeline reported count is 1
2023-04-11 17:17:57,475 [pool-286-thread-1] INFO  segmented.SegmentedRaftLogWorker (SegmentedRaftLogWorker.java:lambda$new$0(135)) - 6e9ccc6a-fad0-416f-afa3-09e4e9fe5838@group-97D18BC0E911-SegmentedRaftLogWorker: flushIndex: setUnconditionally 0 -> -1
2023-04-11 17:17:57,475 [pool-286-thread-1] INFO  segmented.SegmentedRaftLogWorker (SegmentedRaftLogWorker.java:lambda$new$0(135)) - 6e9ccc6a-fad0-416f-afa3-09e4e9fe5838@group-97D18BC0E911-SegmentedRaftLogWorker: safeCacheEvictIndex: setUnconditionally 0 -> -1
2023-04-11 17:17:57,476 [pool-286-thread-1] INFO  server.RaftServer$Division (RaftServerImpl.java:start(334)) - 6e9ccc6a-fad0-416f-afa3-09e4e9fe5838@group-97D18BC0E911: start as a follower, conf=-1: peers:[6e9ccc6a-fad0-416f-afa3-09e4e9fe5838|rpc:10.1.0.70:40587|dataStream:10.1.0.70:33979|priority:1|startupRole:FOLLOWER]|listeners:[], old=null
2023-04-11 17:17:57,476 [pool-286-thread-1] INFO  server.RaftServer$Division (RaftServerImpl.java:setRole(321)) - 6e9ccc6a-fad0-416f-afa3-09e4e9fe5838@group-97D18BC0E911: changes role from      null to FOLLOWER at term 0 for startAsFollower
2023-04-11 17:17:57,476 [pool-286-thread-1] INFO  impl.RoleInfo (RoleInfo.java:updateAndGet(139)) - 6e9ccc6a-fad0-416f-afa3-09e4e9fe5838: start 6e9ccc6a-fad0-416f-afa3-09e4e9fe5838@group-97D18BC0E911-FollowerState
2023-04-11 17:17:57,476 [pool-286-thread-1] INFO  util.JmxRegister (JmxRegister.java:tryRegister(44)) - Successfully registered JMX Bean with object name Ratis:service=RaftServer,group=group-97D18BC0E911,id=6e9ccc6a-fad0-416f-afa3-09e4e9fe5838
2023-04-11 17:17:57,476 [pool-286-thread-1] INFO  server.RaftServerConfigKeys (ConfUtils.java:logGet(46)) - raft.server.snapshot.auto.trigger.enabled = true (custom)
2023-04-11 17:17:57,476 [pool-286-thread-1] INFO  server.RaftServerConfigKeys (ConfUtils.java:logGet(46)) - raft.server.snapshot.auto.trigger.threshold = 10000 (custom)
2023-04-11 17:17:57,476 [pool-286-thread-1] INFO  server.RaftServerConfigKeys (ConfUtils.java:logGet(46)) - raft.server.snapshot.retention.file.num = 5 (custom)
2023-04-11 17:17:57,476 [pool-286-thread-1] INFO  server.RaftServerConfigKeys (ConfUtils.java:logGet(46)) - raft.server.log.purge.upto.snapshot.index = false (default)
2023-04-11 17:17:57,477 [6e9ccc6a-fad0-416f-afa3-09e4e9fe5838@group-97D18BC0E911-FollowerState] INFO  server.RaftServerConfigKeys (ConfUtils.java:logFallback(53)) - raft.server.rpc.first-election.timeout.min = 5s (fallback to raft.server.rpc.timeout.min)
2023-04-11 17:17:57,477 [6e9ccc6a-fad0-416f-afa3-09e4e9fe5838@group-97D18BC0E911-FollowerState] INFO  server.RaftServerConfigKeys (ConfUtils.java:logFallback(53)) - raft.server.rpc.first-election.timeout.max = 5200ms (fallback to raft.server.rpc.timeout.max)
2023-04-11 17:17:57,480 [Command processor thread] INFO  ratis.XceiverServerRatis (XceiverServerRatis.java:addGroup(806)) - Created group PipelineID=4b589ffa-5a17-4059-a19e-97d18bc0e911
2023-04-11 17:17:57,480 [Command processor thread] INFO  commandhandler.CreatePipelineCommandHandler (CreatePipelineCommandHandler.java:handle(113)) - Created Pipeline RATIS ONE PipelineID=4b589ffa-5a17-4059-a19e-97d18bc0e911.
2023-04-11 17:17:57,481 [Command processor thread] INFO  server.RaftServer (RaftServerProxy.java:addNew(96)) - 6e9ccc6a-fad0-416f-afa3-09e4e9fe5838: addNew group-E1FE9E25D7BF:[316a6a1b-3f00-43af-9dbc-ac2971b62daf|rpc:10.1.0.70:40413|dataStream:10.1.0.70:42545|priority:1|startupRole:FOLLOWER, 1466190b-31b8-4a1a-90c9-9931edc03f55|rpc:10.1.0.70:40843|dataStream:10.1.0.70:38869|priority:0|startupRole:FOLLOWER, 6e9ccc6a-fad0-416f-afa3-09e4e9fe5838|rpc:10.1.0.70:40587|dataStream:10.1.0.70:33979|priority:0|startupRole:FOLLOWER] returns group-E1FE9E25D7BF:java.util.concurrent.CompletableFuture@455a97a7[Not completed]
2023-04-11 17:17:57,483 [pool-286-thread-1] INFO  server.RaftServer$Division (RaftServerImpl.java:<init>(195)) - 6e9ccc6a-fad0-416f-afa3-09e4e9fe5838: new RaftServerImpl for group-E1FE9E25D7BF:[316a6a1b-3f00-43af-9dbc-ac2971b62daf|rpc:10.1.0.70:40413|dataStream:10.1.0.70:42545|priority:1|startupRole:FOLLOWER, 1466190b-31b8-4a1a-90c9-9931edc03f55|rpc:10.1.0.70:40843|dataStream:10.1.0.70:38869|priority:0|startupRole:FOLLOWER, 6e9ccc6a-fad0-416f-afa3-09e4e9fe5838|rpc:10.1.0.70:40587|dataStream:10.1.0.70:33979|priority:0|startupRole:FOLLOWER] with ContainerStateMachine:uninitialized
2023-04-11 17:17:57,483 [pool-286-thread-1] INFO  server.RaftServerConfigKeys (ConfUtils.java:logGet(46)) - raft.server.rpc.timeout.min = 5s (custom)
2023-04-11 17:17:57,483 [pool-286-thread-1] INFO  server.RaftServerConfigKeys (ConfUtils.java:logGet(46)) - raft.server.rpc.timeout.max = 5200ms (custom)
2023-04-11 17:17:57,483 [pool-286-thread-1] INFO  server.RaftServerConfigKeys (ConfUtils.java:logGet(46)) - raft.server.rpc.sleep.time = 25ms (default)
2023-04-11 17:17:57,483 [pool-286-thread-1] INFO  server.RaftServerConfigKeys (ConfUtils.java:logGet(46)) - raft.server.rpc.slowness.timeout = 300s (custom)
2023-04-11 17:17:57,483 [pool-286-thread-1] INFO  server.RaftServerConfigKeys (ConfUtils.java:logGet(46)) - raft.server.leaderelection.leader.step-down.wait-time = 10s (default)
2023-04-11 17:17:57,483 [pool-286-thread-1] INFO  server.RaftServerConfigKeys (ConfUtils.java:logGet(46)) - raft.server.sleep.deviation.threshold = 300ms (default)
2023-04-11 17:17:57,483 [pool-286-thread-1] INFO  server.RaftServer$Division (ServerState.java:<init>(118)) - 6e9ccc6a-fad0-416f-afa3-09e4e9fe5838@group-E1FE9E25D7BF: ConfigurationManager, init=-1: peers:[316a6a1b-3f00-43af-9dbc-ac2971b62daf|rpc:10.1.0.70:40413|dataStream:10.1.0.70:42545|priority:1|startupRole:FOLLOWER, 1466190b-31b8-4a1a-90c9-9931edc03f55|rpc:10.1.0.70:40843|dataStream:10.1.0.70:38869|priority:0|startupRole:FOLLOWER, 6e9ccc6a-fad0-416f-afa3-09e4e9fe5838|rpc:10.1.0.70:40587|dataStream:10.1.0.70:33979|priority:0|startupRole:FOLLOWER]|listeners:[], old=null, confs=<EMPTY_MAP>
2023-04-11 17:17:57,483 [pool-286-thread-1] INFO  server.RaftServerConfigKeys (ConfUtils.java:logGet(46)) - raft.server.storage.dir = [/home/runner/work/ozone/ozone/hadoop-ozone/integration-test/target/test-dir/MiniOzoneClusterImpl-3c04abff-9f55-4a78-ab47-7ca56afb4af6/datanode-0/data/ratis] (custom)
2023-04-11 17:17:57,483 [pool-286-thread-1] INFO  server.RaftServerConfigKeys (ConfUtils.java:logGet(46)) - raft.server.log.corruption.policy = EXCEPTION (default)
2023-04-11 17:17:57,483 [pool-286-thread-1] INFO  server.RaftServerConfigKeys (ConfUtils.java:logGet(46)) - raft.server.storage.free-space.min = 0MB (=0) (default)
2023-04-11 17:17:57,484 [pool-286-thread-1] INFO  server.RaftServerConfigKeys (ConfUtils.java:logGet(46)) - raft.server.notification.no-leader.timeout = 300s (custom)
2023-04-11 17:17:57,484 [pool-286-thread-1] INFO  server.RaftServerConfigKeys (ConfUtils.java:logGet(46)) - raft.server.retrycache.expirytime = 600000ms (custom)
2023-04-11 17:17:57,484 [pool-286-thread-1] INFO  server.RaftServerConfigKeys (ConfUtils.java:logGet(46)) - raft.server.retrycache.statistics.expirytime = 100μs (default)
2023-04-11 17:17:57,484 [pool-286-thread-1] INFO  server.RaftServerConfigKeys (ConfUtils.java:logGet(46)) - raft.server.log.appender.install.snapshot.enabled = false (custom)
2023-04-11 17:17:57,485 [pool-286-thread-1] INFO  server.RaftServerConfigKeys (ConfUtils.java:logGet(46)) - raft.server.threadpool.server.cached = true (default)
2023-04-11 17:17:57,485 [pool-286-thread-1] INFO  server.RaftServerConfigKeys (ConfUtils.java:logGet(46)) - raft.server.threadpool.server.size = 0 (default)
2023-04-11 17:17:57,485 [pool-286-thread-1] INFO  server.RaftServerConfigKeys (ConfUtils.java:logGet(46)) - raft.server.threadpool.client.cached = true (default)
2023-04-11 17:17:57,485 [pool-286-thread-1] INFO  server.RaftServerConfigKeys (ConfUtils.java:logGet(46)) - raft.server.threadpool.client.size = 0 (default)
2023-04-11 17:17:57,485 [pool-286-thread-1] INFO  storage.RaftStorageDirectory (RaftStorageDirectoryImpl.java:analyzeStorage(137)) - The storage directory /home/runner/work/ozone/ozone/hadoop-ozone/integration-test/target/test-dir/MiniOzoneClusterImpl-3c04abff-9f55-4a78-ab47-7ca56afb4af6/datanode-0/data/ratis/40c3c78a-35b8-496c-bcfb-e1fe9e25d7bf does not exist. Creating ...
2023-04-11 17:17:57,486 [pool-286-thread-1] INFO  storage.RaftStorageDirectory (RaftStorageDirectoryImpl.java:tryLock(231)) - Lock on /home/runner/work/ozone/ozone/hadoop-ozone/integration-test/target/test-dir/MiniOzoneClusterImpl-3c04abff-9f55-4a78-ab47-7ca56afb4af6/datanode-0/data/ratis/40c3c78a-35b8-496c-bcfb-e1fe9e25d7bf/in_use.lock acquired by nodename 52175@fv-az377-102
2023-04-11 17:17:57,487 [pool-286-thread-1] INFO  storage.RaftStorage (RaftStorageImpl.java:format(96)) - Storage directory /home/runner/work/ozone/ozone/hadoop-ozone/integration-test/target/test-dir/MiniOzoneClusterImpl-3c04abff-9f55-4a78-ab47-7ca56afb4af6/datanode-0/data/ratis/40c3c78a-35b8-496c-bcfb-e1fe9e25d7bf has been successfully formatted.
2023-04-11 17:17:57,488 [pool-286-thread-1] INFO  ratis.ContainerStateMachine (ContainerStateMachine.java:loadSnapshot(262)) - group-E1FE9E25D7BF: The snapshot info is null. Setting the last applied indexto:(t:0, i:~)
2023-04-11 17:17:57,488 [pool-286-thread-1] INFO  server.RaftServerConfigKeys (ConfUtils.java:logGet(46)) - raft.server.log.use.memory = false (default)
2023-04-11 17:17:57,488 [pool-286-thread-1] INFO  server.RaftServerConfigKeys (ConfUtils.java:logGet(46)) - raft.server.log.purge.gap = 1000000 (custom)
2023-04-11 17:17:57,488 [pool-286-thread-1] INFO  server.RaftServerConfigKeys (ConfUtils.java:logGet(46)) - raft.server.log.appender.buffer.byte-limit = 33554432 (custom)
2023-04-11 17:17:57,488 [pool-286-thread-1] INFO  server.RaftServerConfigKeys (ConfUtils.java:logGet(46)) - raft.server.log.statemachine.data.read.timeout = 1000ms (default)
2023-04-11 17:17:57,488 [pool-286-thread-1] INFO  server.RaftServerConfigKeys (ConfUtils.java:logGet(46)) - raft.server.log.purge.preservation.log.num = 0 (default)
2023-04-11 17:17:57,488 [pool-286-thread-1] INFO  server.RaftServerConfigKeys (ConfUtils.java:logGet(46)) - raft.server.log.segment.size.max = 1048576 (custom)
2023-04-11 17:17:57,489 [pool-286-thread-1] INFO  server.RaftServerConfigKeys (ConfUtils.java:logGet(46)) - raft.server.log.segment.cache.num.max = 2 (custom)
2023-04-11 17:17:57,489 [pool-286-thread-1] INFO  server.RaftServerConfigKeys (ConfUtils.java:logGet(46)) - raft.server.log.segment.cache.size.max = 200MB (=209715200) (default)
2023-04-11 17:17:57,489 [pool-286-thread-1] INFO  segmented.SegmentedRaftLogWorker (SegmentedRaftLogWorker.java:<init>(189)) - new 6e9ccc6a-fad0-416f-afa3-09e4e9fe5838@group-E1FE9E25D7BF-SegmentedRaftLogWorker for RaftStorageImpl:Storage Directory /home/runner/work/ozone/ozone/hadoop-ozone/integration-test/target/test-dir/MiniOzoneClusterImpl-3c04abff-9f55-4a78-ab47-7ca56afb4af6/datanode-0/data/ratis/40c3c78a-35b8-496c-bcfb-e1fe9e25d7bf
2023-04-11 17:17:57,489 [pool-286-thread-1] INFO  server.RaftServerConfigKeys (ConfUtils.java:logGet(46)) - raft.server.log.queue.byte-limit = 4294967296 (custom)
2023-04-11 17:17:57,489 [pool-286-thread-1] INFO  server.RaftServerConfigKeys (ConfUtils.java:logGet(46)) - raft.server.log.queue.element-limit = 1024 (custom)
2023-04-11 17:17:57,489 [pool-286-thread-1] INFO  server.RaftServerConfigKeys (ConfUtils.java:logGet(46)) - raft.server.log.segment.size.max = 1048576 (custom)
2023-04-11 17:17:57,489 [pool-286-thread-1] INFO  server.RaftServerConfigKeys (ConfUtils.java:logGet(46)) - raft.server.log.preallocated.size = 16384 (custom)
2023-04-11 17:17:57,489 [pool-286-thread-1] INFO  server.RaftServerConfigKeys (ConfUtils.java:logGet(46)) - raft.server.log.force.sync.num = 128 (default)
2023-04-11 17:17:57,489 [pool-286-thread-1] INFO  server.RaftServerConfigKeys (ConfUtils.java:logGet(46)) - raft.server.log.statemachine.data.sync = true (default)
2023-04-11 17:17:57,489 [pool-286-thread-1] INFO  server.RaftServerConfigKeys (ConfUtils.java:logGet(46)) - raft.server.log.statemachine.data.sync.timeout = 10s (default)
2023-04-11 17:17:57,489 [pool-286-thread-1] INFO  server.RaftServerConfigKeys (ConfUtils.java:logGet(46)) - raft.server.log.statemachine.data.sync.timeout.retry = -1 (default)
2023-04-11 17:17:57,490 [pool-286-thread-1] INFO  server.RaftServerConfigKeys (ConfUtils.java:logGet(46)) - raft.server.log.write.buffer.size = 1048576 (custom)
2023-04-11 17:17:57,491 [pool-286-thread-1] INFO  server.RaftServerConfigKeys (ConfUtils.java:logGet(46)) - raft.server.log.appender.buffer.byte-limit = 33554432 (custom)
2023-04-11 17:17:57,489 [EventQueue-OpenPipelineForHealthyPipelineSafeModeRule] INFO  safemode.SCMSafeModeManager (HealthyPipelineSafeModeRule.java:process(137)) - SCM in safe mode. Healthy pipelines reported count is 0, required healthy pipeline reported count is 1
2023-04-11 17:17:57,496 [pool-286-thread-1] INFO  server.RaftServerConfigKeys (ConfUtils.java:logGet(46)) - raft.server.log.unsafe-flush.enabled = false (default)
2023-04-11 17:17:57,496 [pool-286-thread-1] INFO  server.RaftServerConfigKeys (ConfUtils.java:logGet(46)) - raft.server.log.async-flush.enabled = false (default)
2023-04-11 17:17:57,496 [pool-286-thread-1] INFO  server.RaftServerConfigKeys (ConfUtils.java:logGet(46)) - raft.server.log.statemachine.data.caching.enabled = true (custom)
2023-04-11 17:17:57,496 [pool-286-thread-1] INFO  segmented.SegmentedRaftLogWorker (SegmentedRaftLogWorker.java:lambda$new$0(135)) - 6e9ccc6a-fad0-416f-afa3-09e4e9fe5838@group-E1FE9E25D7BF-SegmentedRaftLogWorker: flushIndex: setUnconditionally 0 -> -1
2023-04-11 17:17:57,496 [pool-286-thread-1] INFO  segmented.SegmentedRaftLogWorker (SegmentedRaftLogWorker.java:lambda$new$0(135)) - 6e9ccc6a-fad0-416f-afa3-09e4e9fe5838@group-E1FE9E25D7BF-SegmentedRaftLogWorker: safeCacheEvictIndex: setUnconditionally 0 -> -1
2023-04-11 17:17:57,497 [pool-286-thread-1] INFO  server.RaftServer$Division (RaftServerImpl.java:start(334)) - 6e9ccc6a-fad0-416f-afa3-09e4e9fe5838@group-E1FE9E25D7BF: start as a follower, conf=-1: peers:[316a6a1b-3f00-43af-9dbc-ac2971b62daf|rpc:10.1.0.70:40413|dataStream:10.1.0.70:42545|priority:1|startupRole:FOLLOWER, 1466190b-31b8-4a1a-90c9-9931edc03f55|rpc:10.1.0.70:40843|dataStream:10.1.0.70:38869|priority:0|startupRole:FOLLOWER, 6e9ccc6a-fad0-416f-afa3-09e4e9fe5838|rpc:10.1.0.70:40587|dataStream:10.1.0.70:33979|priority:0|startupRole:FOLLOWER]|listeners:[], old=null
2023-04-11 17:17:57,497 [pool-286-thread-1] INFO  server.RaftServer$Division (RaftServerImpl.java:setRole(321)) - 6e9ccc6a-fad0-416f-afa3-09e4e9fe5838@group-E1FE9E25D7BF: changes role from      null to FOLLOWER at term 0 for startAsFollower
2023-04-11 17:17:57,497 [pool-286-thread-1] INFO  impl.RoleInfo (RoleInfo.java:updateAndGet(139)) - 6e9ccc6a-fad0-416f-afa3-09e4e9fe5838: start 6e9ccc6a-fad0-416f-afa3-09e4e9fe5838@group-E1FE9E25D7BF-FollowerState
2023-04-11 17:17:57,497 [6e9ccc6a-fad0-416f-afa3-09e4e9fe5838@group-E1FE9E25D7BF-FollowerState] INFO  server.RaftServerConfigKeys (ConfUtils.java:logFallback(53)) - raft.server.rpc.first-election.timeout.min = 5s (fallback to raft.server.rpc.timeout.min)
2023-04-11 17:17:57,497 [pool-286-thread-1] INFO  util.JmxRegister (JmxRegister.java:tryRegister(44)) - Successfully registered JMX Bean with object name Ratis:service=RaftServer,group=group-E1FE9E25D7BF,id=6e9ccc6a-fad0-416f-afa3-09e4e9fe5838
2023-04-11 17:17:57,497 [6e9ccc6a-fad0-416f-afa3-09e4e9fe5838@group-E1FE9E25D7BF-FollowerState] INFO  server.RaftServerConfigKeys (ConfUtils.java:logFallback(53)) - raft.server.rpc.first-election.timeout.max = 5200ms (fallback to raft.server.rpc.timeout.max)
2023-04-11 17:17:57,497 [pool-286-thread-1] INFO  server.RaftServerConfigKeys (ConfUtils.java:logGet(46)) - raft.server.snapshot.auto.trigger.enabled = true (custom)
2023-04-11 17:17:57,497 [pool-286-thread-1] INFO  server.RaftServerConfigKeys (ConfUtils.java:logGet(46)) - raft.server.snapshot.auto.trigger.threshold = 10000 (custom)
2023-04-11 17:17:57,497 [pool-286-thread-1] INFO  server.RaftServerConfigKeys (ConfUtils.java:logGet(46)) - raft.server.snapshot.retention.file.num = 5 (custom)
2023-04-11 17:17:57,498 [pool-286-thread-1] INFO  server.RaftServerConfigKeys (ConfUtils.java:logGet(46)) - raft.server.log.purge.upto.snapshot.index = false (default)
2023-04-11 17:17:57,498 [Command processor thread] INFO  ratis.XceiverServerRatis (XceiverServerRatis.java:addGroup(806)) - Created group PipelineID=40c3c78a-35b8-496c-bcfb-e1fe9e25d7bf
2023-04-11 17:17:57,518 [grpc-default-executor-0] INFO  server.RaftServer (RaftServerProxy.java:addNew(96)) - 316a6a1b-3f00-43af-9dbc-ac2971b62daf: addNew group-E1FE9E25D7BF:[316a6a1b-3f00-43af-9dbc-ac2971b62daf|rpc:10.1.0.70:40413|dataStream:10.1.0.70:42545|priority:1|startupRole:FOLLOWER, 1466190b-31b8-4a1a-90c9-9931edc03f55|rpc:10.1.0.70:40843|dataStream:10.1.0.70:38869|priority:0|startupRole:FOLLOWER, 6e9ccc6a-fad0-416f-afa3-09e4e9fe5838|rpc:10.1.0.70:40587|dataStream:10.1.0.70:33979|priority:0|startupRole:FOLLOWER] returns group-E1FE9E25D7BF:java.util.concurrent.CompletableFuture@5dabb849[Not completed]
2023-04-11 17:17:57,519 [pool-308-thread-1] INFO  server.RaftServer$Division (RaftServerImpl.java:<init>(195)) - 316a6a1b-3f00-43af-9dbc-ac2971b62daf: new RaftServerImpl for group-E1FE9E25D7BF:[316a6a1b-3f00-43af-9dbc-ac2971b62daf|rpc:10.1.0.70:40413|dataStream:10.1.0.70:42545|priority:1|startupRole:FOLLOWER, 1466190b-31b8-4a1a-90c9-9931edc03f55|rpc:10.1.0.70:40843|dataStream:10.1.0.70:38869|priority:0|startupRole:FOLLOWER, 6e9ccc6a-fad0-416f-afa3-09e4e9fe5838|rpc:10.1.0.70:40587|dataStream:10.1.0.70:33979|priority:0|startupRole:FOLLOWER] with ContainerStateMachine:uninitialized
2023-04-11 17:17:57,519 [pool-308-thread-1] INFO  server.RaftServerConfigKeys (ConfUtils.java:logGet(46)) - raft.server.rpc.timeout.min = 5s (custom)
2023-04-11 17:17:57,519 [pool-308-thread-1] INFO  server.RaftServerConfigKeys (ConfUtils.java:logGet(46)) - raft.server.rpc.timeout.max = 5200ms (custom)
2023-04-11 17:17:57,519 [pool-308-thread-1] INFO  server.RaftServerConfigKeys (ConfUtils.java:logGet(46)) - raft.server.rpc.sleep.time = 25ms (default)
2023-04-11 17:17:57,519 [pool-308-thread-1] INFO  server.RaftServerConfigKeys (ConfUtils.java:logGet(46)) - raft.server.rpc.slowness.timeout = 300s (custom)
2023-04-11 17:17:57,519 [pool-308-thread-1] INFO  server.RaftServerConfigKeys (ConfUtils.java:logGet(46)) - raft.server.leaderelection.leader.step-down.wait-time = 10s (default)
2023-04-11 17:17:57,519 [pool-308-thread-1] INFO  server.RaftServerConfigKeys (ConfUtils.java:logGet(46)) - raft.server.sleep.deviation.threshold = 300ms (default)
2023-04-11 17:17:57,519 [pool-308-thread-1] INFO  server.RaftServer$Division (ServerState.java:<init>(118)) - 316a6a1b-3f00-43af-9dbc-ac2971b62daf@group-E1FE9E25D7BF: ConfigurationManager, init=-1: peers:[316a6a1b-3f00-43af-9dbc-ac2971b62daf|rpc:10.1.0.70:40413|dataStream:10.1.0.70:42545|priority:1|startupRole:FOLLOWER, 1466190b-31b8-4a1a-90c9-9931edc03f55|rpc:10.1.0.70:40843|dataStream:10.1.0.70:38869|priority:0|startupRole:FOLLOWER, 6e9ccc6a-fad0-416f-afa3-09e4e9fe5838|rpc:10.1.0.70:40587|dataStream:10.1.0.70:33979|priority:0|startupRole:FOLLOWER]|listeners:[], old=null, confs=<EMPTY_MAP>
2023-04-11 17:17:57,520 [pool-308-thread-1] INFO  server.RaftServerConfigKeys (ConfUtils.java:logGet(46)) - raft.server.storage.dir = [/home/runner/work/ozone/ozone/hadoop-ozone/integration-test/target/test-dir/MiniOzoneClusterImpl-3c04abff-9f55-4a78-ab47-7ca56afb4af6/datanode-1/data/ratis] (custom)
2023-04-11 17:17:57,520 [pool-308-thread-1] INFO  server.RaftServerConfigKeys (ConfUtils.java:logGet(46)) - raft.server.log.corruption.policy = EXCEPTION (default)
2023-04-11 17:17:57,520 [pool-308-thread-1] INFO  server.RaftServerConfigKeys (ConfUtils.java:logGet(46)) - raft.server.storage.free-space.min = 0MB (=0) (default)
2023-04-11 17:17:57,520 [pool-308-thread-1] INFO  server.RaftServerConfigKeys (ConfUtils.java:logGet(46)) - raft.server.notification.no-leader.timeout = 300s (custom)
2023-04-11 17:17:57,520 [pool-308-thread-1] INFO  server.RaftServerConfigKeys (ConfUtils.java:logGet(46)) - raft.server.retrycache.expirytime = 600000ms (custom)
2023-04-11 17:17:57,520 [pool-308-thread-1] INFO  server.RaftServerConfigKeys (ConfUtils.java:logGet(46)) - raft.server.retrycache.statistics.expirytime = 100μs (default)
2023-04-11 17:17:57,521 [pool-308-thread-1] INFO  server.RaftServerConfigKeys (ConfUtils.java:logGet(46)) - raft.server.log.appender.install.snapshot.enabled = false (custom)
2023-04-11 17:17:57,521 [pool-308-thread-1] INFO  server.RaftServerConfigKeys (ConfUtils.java:logGet(46)) - raft.server.threadpool.server.cached = true (default)
2023-04-11 17:17:57,521 [pool-308-thread-1] INFO  server.RaftServerConfigKeys (ConfUtils.java:logGet(46)) - raft.server.threadpool.server.size = 0 (default)
2023-04-11 17:17:57,521 [pool-308-thread-1] INFO  server.RaftServerConfigKeys (ConfUtils.java:logGet(46)) - raft.server.threadpool.client.cached = true (default)
2023-04-11 17:17:57,521 [pool-308-thread-1] INFO  server.RaftServerConfigKeys (ConfUtils.java:logGet(46)) - raft.server.threadpool.client.size = 0 (default)
2023-04-11 17:17:57,521 [pool-308-thread-1] INFO  storage.RaftStorageDirectory (RaftStorageDirectoryImpl.java:analyzeStorage(137)) - The storage directory /home/runner/work/ozone/ozone/hadoop-ozone/integration-test/target/test-dir/MiniOzoneClusterImpl-3c04abff-9f55-4a78-ab47-7ca56afb4af6/datanode-1/data/ratis/40c3c78a-35b8-496c-bcfb-e1fe9e25d7bf does not exist. Creating ...
2023-04-11 17:17:57,522 [pool-308-thread-1] INFO  storage.RaftStorageDirectory (RaftStorageDirectoryImpl.java:tryLock(231)) - Lock on /home/runner/work/ozone/ozone/hadoop-ozone/integration-test/target/test-dir/MiniOzoneClusterImpl-3c04abff-9f55-4a78-ab47-7ca56afb4af6/datanode-1/data/ratis/40c3c78a-35b8-496c-bcfb-e1fe9e25d7bf/in_use.lock acquired by nodename 52175@fv-az377-102
2023-04-11 17:17:57,524 [pool-308-thread-1] INFO  storage.RaftStorage (RaftStorageImpl.java:format(96)) - Storage directory /home/runner/work/ozone/ozone/hadoop-ozone/integration-test/target/test-dir/MiniOzoneClusterImpl-3c04abff-9f55-4a78-ab47-7ca56afb4af6/datanode-1/data/ratis/40c3c78a-35b8-496c-bcfb-e1fe9e25d7bf has been successfully formatted.
2023-04-11 17:17:57,527 [pool-308-thread-1] INFO  ratis.ContainerStateMachine (ContainerStateMachine.java:loadSnapshot(262)) - group-E1FE9E25D7BF: The snapshot info is null. Setting the last applied indexto:(t:0, i:~)
2023-04-11 17:17:57,527 [pool-308-thread-1] INFO  server.RaftServerConfigKeys (ConfUtils.java:logGet(46)) - raft.server.log.use.memory = false (default)
2023-04-11 17:17:57,527 [pool-308-thread-1] INFO  server.RaftServerConfigKeys (ConfUtils.java:logGet(46)) - raft.server.log.purge.gap = 1000000 (custom)
2023-04-11 17:17:57,527 [pool-308-thread-1] INFO  server.RaftServerConfigKeys (ConfUtils.java:logGet(46)) - raft.server.log.appender.buffer.byte-limit = 33554432 (custom)
2023-04-11 17:17:57,527 [pool-308-thread-1] INFO  server.RaftServerConfigKeys (ConfUtils.java:logGet(46)) - raft.server.log.statemachine.data.read.timeout = 1000ms (default)
2023-04-11 17:17:57,527 [pool-308-thread-1] INFO  server.RaftServerConfigKeys (ConfUtils.java:logGet(46)) - raft.server.log.purge.preservation.log.num = 0 (default)
2023-04-11 17:17:57,527 [pool-308-thread-1] INFO  server.RaftServerConfigKeys (ConfUtils.java:logGet(46)) - raft.server.log.segment.size.max = 1048576 (custom)
2023-04-11 17:17:57,528 [pool-308-thread-1] INFO  server.RaftServerConfigKeys (ConfUtils.java:logGet(46)) - raft.server.log.segment.cache.num.max = 2 (custom)
2023-04-11 17:17:57,528 [pool-308-thread-1] INFO  server.RaftServerConfigKeys (ConfUtils.java:logGet(46)) - raft.server.log.segment.cache.size.max = 200MB (=209715200) (default)
2023-04-11 17:17:57,528 [pool-308-thread-1] INFO  segmented.SegmentedRaftLogWorker (SegmentedRaftLogWorker.java:<init>(189)) - new 316a6a1b-3f00-43af-9dbc-ac2971b62daf@group-E1FE9E25D7BF-SegmentedRaftLogWorker for RaftStorageImpl:Storage Directory /home/runner/work/ozone/ozone/hadoop-ozone/integration-test/target/test-dir/MiniOzoneClusterImpl-3c04abff-9f55-4a78-ab47-7ca56afb4af6/datanode-1/data/ratis/40c3c78a-35b8-496c-bcfb-e1fe9e25d7bf
2023-04-11 17:17:57,528 [pool-308-thread-1] INFO  server.RaftServerConfigKeys (ConfUtils.java:logGet(46)) - raft.server.log.queue.byte-limit = 4294967296 (custom)
2023-04-11 17:17:57,528 [pool-308-thread-1] INFO  server.RaftServerConfigKeys (ConfUtils.java:logGet(46)) - raft.server.log.queue.element-limit = 1024 (custom)
2023-04-11 17:17:57,528 [pool-308-thread-1] INFO  server.RaftServerConfigKeys (ConfUtils.java:logGet(46)) - raft.server.log.segment.size.max = 1048576 (custom)
2023-04-11 17:17:57,528 [pool-308-thread-1] INFO  server.RaftServerConfigKeys (ConfUtils.java:logGet(46)) - raft.server.log.preallocated.size = 16384 (custom)
2023-04-11 17:17:57,528 [pool-308-thread-1] INFO  server.RaftServerConfigKeys (ConfUtils.java:logGet(46)) - raft.server.log.force.sync.num = 128 (default)
2023-04-11 17:17:57,528 [pool-308-thread-1] INFO  server.RaftServerConfigKeys (ConfUtils.java:logGet(46)) - raft.server.log.statemachine.data.sync = true (default)
2023-04-11 17:17:57,528 [pool-308-thread-1] INFO  server.RaftServerConfigKeys (ConfUtils.java:logGet(46)) - raft.server.log.statemachine.data.sync.timeout = 10s (default)
2023-04-11 17:17:57,528 [pool-308-thread-1] INFO  server.RaftServerConfigKeys (ConfUtils.java:logGet(46)) - raft.server.log.statemachine.data.sync.timeout.retry = -1 (default)
2023-04-11 17:17:57,529 [pool-308-thread-1] INFO  server.RaftServerConfigKeys (ConfUtils.java:logGet(46)) - raft.server.log.write.buffer.size = 1048576 (custom)
2023-04-11 17:17:57,530 [pool-308-thread-1] INFO  server.RaftServerConfigKeys (ConfUtils.java:logGet(46)) - raft.server.log.appender.buffer.byte-limit = 33554432 (custom)
2023-04-11 17:17:57,535 [pool-308-thread-1] INFO  server.RaftServerConfigKeys (ConfUtils.java:logGet(46)) - raft.server.log.unsafe-flush.enabled = false (default)
2023-04-11 17:17:57,535 [pool-308-thread-1] INFO  server.RaftServerConfigKeys (ConfUtils.java:logGet(46)) - raft.server.log.async-flush.enabled = false (default)
2023-04-11 17:17:57,535 [pool-308-thread-1] INFO  server.RaftServerConfigKeys (ConfUtils.java:logGet(46)) - raft.server.log.statemachine.data.caching.enabled = true (custom)
2023-04-11 17:17:57,535 [pool-308-thread-1] INFO  segmented.SegmentedRaftLogWorker (SegmentedRaftLogWorker.java:lambda$new$0(135)) - 316a6a1b-3f00-43af-9dbc-ac2971b62daf@group-E1FE9E25D7BF-SegmentedRaftLogWorker: flushIndex: setUnconditionally 0 -> -1
2023-04-11 17:17:57,535 [pool-308-thread-1] INFO  segmented.SegmentedRaftLogWorker (SegmentedRaftLogWorker.java:lambda$new$0(135)) - 316a6a1b-3f00-43af-9dbc-ac2971b62daf@group-E1FE9E25D7BF-SegmentedRaftLogWorker: safeCacheEvictIndex: setUnconditionally 0 -> -1
2023-04-11 17:17:57,536 [pool-308-thread-1] INFO  server.RaftServer$Division (RaftServerImpl.java:start(334)) - 316a6a1b-3f00-43af-9dbc-ac2971b62daf@group-E1FE9E25D7BF: start as a follower, conf=-1: peers:[316a6a1b-3f00-43af-9dbc-ac2971b62daf|rpc:10.1.0.70:40413|dataStream:10.1.0.70:42545|priority:1|startupRole:FOLLOWER, 1466190b-31b8-4a1a-90c9-9931edc03f55|rpc:10.1.0.70:40843|dataStream:10.1.0.70:38869|priority:0|startupRole:FOLLOWER, 6e9ccc6a-fad0-416f-afa3-09e4e9fe5838|rpc:10.1.0.70:40587|dataStream:10.1.0.70:33979|priority:0|startupRole:FOLLOWER]|listeners:[], old=null
2023-04-11 17:17:57,536 [pool-308-thread-1] INFO  server.RaftServer$Division (RaftServerImpl.java:setRole(321)) - 316a6a1b-3f00-43af-9dbc-ac2971b62daf@group-E1FE9E25D7BF: changes role from      null to FOLLOWER at term 0 for startAsFollower
2023-04-11 17:17:57,536 [pool-308-thread-1] INFO  impl.RoleInfo (RoleInfo.java:updateAndGet(139)) - 316a6a1b-3f00-43af-9dbc-ac2971b62daf: start 316a6a1b-3f00-43af-9dbc-ac2971b62daf@group-E1FE9E25D7BF-FollowerState
2023-04-11 17:17:57,537 [pool-308-thread-1] INFO  util.JmxRegister (JmxRegister.java:tryRegister(44)) - Successfully registered JMX Bean with object name Ratis:service=RaftServer,group=group-E1FE9E25D7BF,id=316a6a1b-3f00-43af-9dbc-ac2971b62daf
2023-04-11 17:17:57,537 [pool-308-thread-1] INFO  server.RaftServerConfigKeys (ConfUtils.java:logGet(46)) - raft.server.snapshot.auto.trigger.enabled = true (custom)
2023-04-11 17:17:57,537 [pool-308-thread-1] INFO  server.RaftServerConfigKeys (ConfUtils.java:logGet(46)) - raft.server.snapshot.auto.trigger.threshold = 10000 (custom)
2023-04-11 17:17:57,537 [pool-308-thread-1] INFO  server.RaftServerConfigKeys (ConfUtils.java:logGet(46)) - raft.server.snapshot.retention.file.num = 5 (custom)
2023-04-11 17:17:57,537 [pool-308-thread-1] INFO  server.RaftServerConfigKeys (ConfUtils.java:logGet(46)) - raft.server.log.purge.upto.snapshot.index = false (default)
2023-04-11 17:17:57,540 [316a6a1b-3f00-43af-9dbc-ac2971b62daf@group-E1FE9E25D7BF-FollowerState] INFO  server.RaftServerConfigKeys (ConfUtils.java:logFallback(53)) - raft.server.rpc.first-election.timeout.min = 5s (fallback to raft.server.rpc.timeout.min)
2023-04-11 17:17:57,540 [316a6a1b-3f00-43af-9dbc-ac2971b62daf@group-E1FE9E25D7BF-FollowerState] INFO  server.RaftServerConfigKeys (ConfUtils.java:logFallback(53)) - raft.server.rpc.first-election.timeout.max = 5200ms (fallback to raft.server.rpc.timeout.max)
2023-04-11 17:17:57,560 [grpc-default-executor-0] INFO  server.RaftServer (RaftServerProxy.java:addNew(96)) - 1466190b-31b8-4a1a-90c9-9931edc03f55: addNew group-E1FE9E25D7BF:[316a6a1b-3f00-43af-9dbc-ac2971b62daf|rpc:10.1.0.70:40413|dataStream:10.1.0.70:42545|priority:1|startupRole:FOLLOWER, 1466190b-31b8-4a1a-90c9-9931edc03f55|rpc:10.1.0.70:40843|dataStream:10.1.0.70:38869|priority:0|startupRole:FOLLOWER, 6e9ccc6a-fad0-416f-afa3-09e4e9fe5838|rpc:10.1.0.70:40587|dataStream:10.1.0.70:33979|priority:0|startupRole:FOLLOWER] returns group-E1FE9E25D7BF:java.util.concurrent.CompletableFuture@6000f468[Not completed]
2023-04-11 17:17:57,562 [pool-330-thread-1] INFO  server.RaftServer$Division (RaftServerImpl.java:<init>(195)) - 1466190b-31b8-4a1a-90c9-9931edc03f55: new RaftServerImpl for group-E1FE9E25D7BF:[316a6a1b-3f00-43af-9dbc-ac2971b62daf|rpc:10.1.0.70:40413|dataStream:10.1.0.70:42545|priority:1|startupRole:FOLLOWER, 1466190b-31b8-4a1a-90c9-9931edc03f55|rpc:10.1.0.70:40843|dataStream:10.1.0.70:38869|priority:0|startupRole:FOLLOWER, 6e9ccc6a-fad0-416f-afa3-09e4e9fe5838|rpc:10.1.0.70:40587|dataStream:10.1.0.70:33979|priority:0|startupRole:FOLLOWER] with ContainerStateMachine:uninitialized
2023-04-11 17:17:57,562 [pool-330-thread-1] INFO  server.RaftServerConfigKeys (ConfUtils.java:logGet(46)) - raft.server.rpc.timeout.min = 5s (custom)
2023-04-11 17:17:57,562 [pool-330-thread-1] INFO  server.RaftServerConfigKeys (ConfUtils.java:logGet(46)) - raft.server.rpc.timeout.max = 5200ms (custom)
2023-04-11 17:17:57,562 [pool-330-thread-1] INFO  server.RaftServerConfigKeys (ConfUtils.java:logGet(46)) - raft.server.rpc.sleep.time = 25ms (default)
2023-04-11 17:17:57,562 [pool-330-thread-1] INFO  server.RaftServerConfigKeys (ConfUtils.java:logGet(46)) - raft.server.rpc.slowness.timeout = 300s (custom)
2023-04-11 17:17:57,562 [pool-330-thread-1] INFO  server.RaftServerConfigKeys (ConfUtils.java:logGet(46)) - raft.server.leaderelection.leader.step-down.wait-time = 10s (default)
2023-04-11 17:17:57,562 [pool-330-thread-1] INFO  server.RaftServerConfigKeys (ConfUtils.java:logGet(46)) - raft.server.sleep.deviation.threshold = 300ms (default)
2023-04-11 17:17:57,563 [pool-330-thread-1] INFO  server.RaftServer$Division (ServerState.java:<init>(118)) - 1466190b-31b8-4a1a-90c9-9931edc03f55@group-E1FE9E25D7BF: ConfigurationManager, init=-1: peers:[316a6a1b-3f00-43af-9dbc-ac2971b62daf|rpc:10.1.0.70:40413|dataStream:10.1.0.70:42545|priority:1|startupRole:FOLLOWER, 1466190b-31b8-4a1a-90c9-9931edc03f55|rpc:10.1.0.70:40843|dataStream:10.1.0.70:38869|priority:0|startupRole:FOLLOWER, 6e9ccc6a-fad0-416f-afa3-09e4e9fe5838|rpc:10.1.0.70:40587|dataStream:10.1.0.70:33979|priority:0|startupRole:FOLLOWER]|listeners:[], old=null, confs=<EMPTY_MAP>
2023-04-11 17:17:57,563 [pool-330-thread-1] INFO  server.RaftServerConfigKeys (ConfUtils.java:logGet(46)) - raft.server.storage.dir = [/home/runner/work/ozone/ozone/hadoop-ozone/integration-test/target/test-dir/MiniOzoneClusterImpl-3c04abff-9f55-4a78-ab47-7ca56afb4af6/datanode-2/data/ratis] (custom)
2023-04-11 17:17:57,563 [pool-330-thread-1] INFO  server.RaftServerConfigKeys (ConfUtils.java:logGet(46)) - raft.server.log.corruption.policy = EXCEPTION (default)
2023-04-11 17:17:57,563 [pool-330-thread-1] INFO  server.RaftServerConfigKeys (ConfUtils.java:logGet(46)) - raft.server.storage.free-space.min = 0MB (=0) (default)
2023-04-11 17:17:57,564 [pool-330-thread-1] INFO  server.RaftServerConfigKeys (ConfUtils.java:logGet(46)) - raft.server.notification.no-leader.timeout = 300s (custom)
2023-04-11 17:17:57,564 [pool-330-thread-1] INFO  server.RaftServerConfigKeys (ConfUtils.java:logGet(46)) - raft.server.retrycache.expirytime = 600000ms (custom)
2023-04-11 17:17:57,564 [pool-330-thread-1] INFO  server.RaftServerConfigKeys (ConfUtils.java:logGet(46)) - raft.server.retrycache.statistics.expirytime = 100μs (default)
2023-04-11 17:17:57,568 [pool-330-thread-1] INFO  server.RaftServerConfigKeys (ConfUtils.java:logGet(46)) - raft.server.log.appender.install.snapshot.enabled = false (custom)
2023-04-11 17:17:57,568 [pool-330-thread-1] INFO  server.RaftServerConfigKeys (ConfUtils.java:logGet(46)) - raft.server.threadpool.server.cached = true (default)
2023-04-11 17:17:57,568 [pool-330-thread-1] INFO  server.RaftServerConfigKeys (ConfUtils.java:logGet(46)) - raft.server.threadpool.server.size = 0 (default)
2023-04-11 17:17:57,568 [pool-330-thread-1] INFO  server.RaftServerConfigKeys (ConfUtils.java:logGet(46)) - raft.server.threadpool.client.cached = true (default)
2023-04-11 17:17:57,568 [pool-330-thread-1] INFO  server.RaftServerConfigKeys (ConfUtils.java:logGet(46)) - raft.server.threadpool.client.size = 0 (default)
2023-04-11 17:17:57,568 [pool-330-thread-1] INFO  storage.RaftStorageDirectory (RaftStorageDirectoryImpl.java:analyzeStorage(137)) - The storage directory /home/runner/work/ozone/ozone/hadoop-ozone/integration-test/target/test-dir/MiniOzoneClusterImpl-3c04abff-9f55-4a78-ab47-7ca56afb4af6/datanode-2/data/ratis/40c3c78a-35b8-496c-bcfb-e1fe9e25d7bf does not exist. Creating ...
2023-04-11 17:17:57,569 [pool-330-thread-1] INFO  storage.RaftStorageDirectory (RaftStorageDirectoryImpl.java:tryLock(231)) - Lock on /home/runner/work/ozone/ozone/hadoop-ozone/integration-test/target/test-dir/MiniOzoneClusterImpl-3c04abff-9f55-4a78-ab47-7ca56afb4af6/datanode-2/data/ratis/40c3c78a-35b8-496c-bcfb-e1fe9e25d7bf/in_use.lock acquired by nodename 52175@fv-az377-102
2023-04-11 17:17:57,570 [pool-330-thread-1] INFO  storage.RaftStorage (RaftStorageImpl.java:format(96)) - Storage directory /home/runner/work/ozone/ozone/hadoop-ozone/integration-test/target/test-dir/MiniOzoneClusterImpl-3c04abff-9f55-4a78-ab47-7ca56afb4af6/datanode-2/data/ratis/40c3c78a-35b8-496c-bcfb-e1fe9e25d7bf has been successfully formatted.
2023-04-11 17:17:57,571 [pool-330-thread-1] INFO  ratis.ContainerStateMachine (ContainerStateMachine.java:loadSnapshot(262)) - group-E1FE9E25D7BF: The snapshot info is null. Setting the last applied indexto:(t:0, i:~)
2023-04-11 17:17:57,572 [pool-330-thread-1] INFO  server.RaftServerConfigKeys (ConfUtils.java:logGet(46)) - raft.server.log.use.memory = false (default)
2023-04-11 17:17:57,572 [pool-330-thread-1] INFO  server.RaftServerConfigKeys (ConfUtils.java:logGet(46)) - raft.server.log.purge.gap = 1000000 (custom)
2023-04-11 17:17:57,572 [pool-330-thread-1] INFO  server.RaftServerConfigKeys (ConfUtils.java:logGet(46)) - raft.server.log.appender.buffer.byte-limit = 33554432 (custom)
2023-04-11 17:17:57,573 [pool-330-thread-1] INFO  server.RaftServerConfigKeys (ConfUtils.java:logGet(46)) - raft.server.log.statemachine.data.read.timeout = 1000ms (default)
2023-04-11 17:17:57,573 [pool-330-thread-1] INFO  server.RaftServerConfigKeys (ConfUtils.java:logGet(46)) - raft.server.log.purge.preservation.log.num = 0 (default)
2023-04-11 17:17:57,573 [pool-330-thread-1] INFO  server.RaftServerConfigKeys (ConfUtils.java:logGet(46)) - raft.server.log.segment.size.max = 1048576 (custom)
2023-04-11 17:17:57,573 [pool-330-thread-1] INFO  server.RaftServerConfigKeys (ConfUtils.java:logGet(46)) - raft.server.log.segment.cache.num.max = 2 (custom)
2023-04-11 17:17:57,573 [pool-330-thread-1] INFO  server.RaftServerConfigKeys (ConfUtils.java:logGet(46)) - raft.server.log.segment.cache.size.max = 200MB (=209715200) (default)
2023-04-11 17:17:57,573 [pool-330-thread-1] INFO  segmented.SegmentedRaftLogWorker (SegmentedRaftLogWorker.java:<init>(189)) - new 1466190b-31b8-4a1a-90c9-9931edc03f55@group-E1FE9E25D7BF-SegmentedRaftLogWorker for RaftStorageImpl:Storage Directory /home/runner/work/ozone/ozone/hadoop-ozone/integration-test/target/test-dir/MiniOzoneClusterImpl-3c04abff-9f55-4a78-ab47-7ca56afb4af6/datanode-2/data/ratis/40c3c78a-35b8-496c-bcfb-e1fe9e25d7bf
2023-04-11 17:17:57,573 [pool-330-thread-1] INFO  server.RaftServerConfigKeys (ConfUtils.java:logGet(46)) - raft.server.log.queue.byte-limit = 4294967296 (custom)
2023-04-11 17:17:57,573 [pool-330-thread-1] INFO  server.RaftServerConfigKeys (ConfUtils.java:logGet(46)) - raft.server.log.queue.element-limit = 1024 (custom)
2023-04-11 17:17:57,573 [pool-330-thread-1] INFO  server.RaftServerConfigKeys (ConfUtils.java:logGet(46)) - raft.server.log.segment.size.max = 1048576 (custom)
2023-04-11 17:17:57,573 [pool-330-thread-1] INFO  server.RaftServerConfigKeys (ConfUtils.java:logGet(46)) - raft.server.log.preallocated.size = 16384 (custom)
2023-04-11 17:17:57,573 [pool-330-thread-1] INFO  server.RaftServerConfigKeys (ConfUtils.java:logGet(46)) - raft.server.log.force.sync.num = 128 (default)
2023-04-11 17:17:57,573 [pool-330-thread-1] INFO  server.RaftServerConfigKeys (ConfUtils.java:logGet(46)) - raft.server.log.statemachine.data.sync = true (default)
2023-04-11 17:17:57,574 [pool-330-thread-1] INFO  server.RaftServerConfigKeys (ConfUtils.java:logGet(46)) - raft.server.log.statemachine.data.sync.timeout = 10s (default)
2023-04-11 17:17:57,574 [pool-330-thread-1] INFO  server.RaftServerConfigKeys (ConfUtils.java:logGet(46)) - raft.server.log.statemachine.data.sync.timeout.retry = -1 (default)
2023-04-11 17:17:57,574 [pool-330-thread-1] INFO  server.RaftServerConfigKeys (ConfUtils.java:logGet(46)) - raft.server.log.write.buffer.size = 1048576 (custom)
2023-04-11 17:17:57,575 [pool-330-thread-1] INFO  server.RaftServerConfigKeys (ConfUtils.java:logGet(46)) - raft.server.log.appender.buffer.byte-limit = 33554432 (custom)
2023-04-11 17:17:57,580 [pool-330-thread-1] INFO  server.RaftServerConfigKeys (ConfUtils.java:logGet(46)) - raft.server.log.unsafe-flush.enabled = false (default)
2023-04-11 17:17:57,580 [pool-330-thread-1] INFO  server.RaftServerConfigKeys (ConfUtils.java:logGet(46)) - raft.server.log.async-flush.enabled = false (default)
2023-04-11 17:17:57,580 [pool-330-thread-1] INFO  server.RaftServerConfigKeys (ConfUtils.java:logGet(46)) - raft.server.log.statemachine.data.caching.enabled = true (custom)
2023-04-11 17:17:57,580 [pool-330-thread-1] INFO  segmented.SegmentedRaftLogWorker (SegmentedRaftLogWorker.java:lambda$new$0(135)) - 1466190b-31b8-4a1a-90c9-9931edc03f55@group-E1FE9E25D7BF-SegmentedRaftLogWorker: flushIndex: setUnconditionally 0 -> -1
2023-04-11 17:17:57,580 [pool-330-thread-1] INFO  segmented.SegmentedRaftLogWorker (SegmentedRaftLogWorker.java:lambda$new$0(135)) - 1466190b-31b8-4a1a-90c9-9931edc03f55@group-E1FE9E25D7BF-SegmentedRaftLogWorker: safeCacheEvictIndex: setUnconditionally 0 -> -1
2023-04-11 17:17:57,581 [pool-330-thread-1] INFO  server.RaftServer$Division (RaftServerImpl.java:start(334)) - 1466190b-31b8-4a1a-90c9-9931edc03f55@group-E1FE9E25D7BF: start as a follower, conf=-1: peers:[316a6a1b-3f00-43af-9dbc-ac2971b62daf|rpc:10.1.0.70:40413|dataStream:10.1.0.70:42545|priority:1|startupRole:FOLLOWER, 1466190b-31b8-4a1a-90c9-9931edc03f55|rpc:10.1.0.70:40843|dataStream:10.1.0.70:38869|priority:0|startupRole:FOLLOWER, 6e9ccc6a-fad0-416f-afa3-09e4e9fe5838|rpc:10.1.0.70:40587|dataStream:10.1.0.70:33979|priority:0|startupRole:FOLLOWER]|listeners:[], old=null
2023-04-11 17:17:57,581 [pool-330-thread-1] INFO  server.RaftServer$Division (RaftServerImpl.java:setRole(321)) - 1466190b-31b8-4a1a-90c9-9931edc03f55@group-E1FE9E25D7BF: changes role from      null to FOLLOWER at term 0 for startAsFollower
2023-04-11 17:17:57,581 [pool-330-thread-1] INFO  impl.RoleInfo (RoleInfo.java:updateAndGet(139)) - 1466190b-31b8-4a1a-90c9-9931edc03f55: start 1466190b-31b8-4a1a-90c9-9931edc03f55@group-E1FE9E25D7BF-FollowerState
2023-04-11 17:17:57,581 [pool-330-thread-1] INFO  util.JmxRegister (JmxRegister.java:tryRegister(44)) - Successfully registered JMX Bean with object name Ratis:service=RaftServer,group=group-E1FE9E25D7BF,id=1466190b-31b8-4a1a-90c9-9931edc03f55
2023-04-11 17:17:57,581 [1466190b-31b8-4a1a-90c9-9931edc03f55@group-E1FE9E25D7BF-FollowerState] INFO  server.RaftServerConfigKeys (ConfUtils.java:logFallback(53)) - raft.server.rpc.first-election.timeout.min = 5s (fallback to raft.server.rpc.timeout.min)
2023-04-11 17:17:57,581 [pool-330-thread-1] INFO  server.RaftServerConfigKeys (ConfUtils.java:logGet(46)) - raft.server.snapshot.auto.trigger.enabled = true (custom)
2023-04-11 17:17:57,581 [1466190b-31b8-4a1a-90c9-9931edc03f55@group-E1FE9E25D7BF-FollowerState] INFO  server.RaftServerConfigKeys (ConfUtils.java:logFallback(53)) - raft.server.rpc.first-election.timeout.max = 5200ms (fallback to raft.server.rpc.timeout.max)
2023-04-11 17:17:57,583 [pool-330-thread-1] INFO  server.RaftServerConfigKeys (ConfUtils.java:logGet(46)) - raft.server.snapshot.auto.trigger.threshold = 10000 (custom)
2023-04-11 17:17:57,583 [pool-330-thread-1] INFO  server.RaftServerConfigKeys (ConfUtils.java:logGet(46)) - raft.server.snapshot.retention.file.num = 5 (custom)
2023-04-11 17:17:57,583 [pool-330-thread-1] INFO  server.RaftServerConfigKeys (ConfUtils.java:logGet(46)) - raft.server.log.purge.upto.snapshot.index = false (default)
2023-04-11 17:17:57,588 [Command processor thread] INFO  commandhandler.CreatePipelineCommandHandler (CreatePipelineCommandHandler.java:handle(113)) - Created Pipeline RATIS THREE PipelineID=40c3c78a-35b8-496c-bcfb-e1fe9e25d7bf.
2023-04-11 17:17:57,588 [Command processor thread] INFO  server.RaftServer (RaftServerProxy.java:addNew(96)) - 6e9ccc6a-fad0-416f-afa3-09e4e9fe5838: addNew group-1904913C1B47:[316a6a1b-3f00-43af-9dbc-ac2971b62daf|rpc:10.1.0.70:40413|dataStream:10.1.0.70:42545|priority:0|startupRole:FOLLOWER, 1466190b-31b8-4a1a-90c9-9931edc03f55|rpc:10.1.0.70:40843|dataStream:10.1.0.70:38869|priority:1|startupRole:FOLLOWER, 6e9ccc6a-fad0-416f-afa3-09e4e9fe5838|rpc:10.1.0.70:40587|dataStream:10.1.0.70:33979|priority:0|startupRole:FOLLOWER] returns group-1904913C1B47:java.util.concurrent.CompletableFuture@24719a33[Not completed]
2023-04-11 17:17:57,591 [pool-286-thread-1] INFO  server.RaftServer$Division (RaftServerImpl.java:<init>(195)) - 6e9ccc6a-fad0-416f-afa3-09e4e9fe5838: new RaftServerImpl for group-1904913C1B47:[316a6a1b-3f00-43af-9dbc-ac2971b62daf|rpc:10.1.0.70:40413|dataStream:10.1.0.70:42545|priority:0|startupRole:FOLLOWER, 1466190b-31b8-4a1a-90c9-9931edc03f55|rpc:10.1.0.70:40843|dataStream:10.1.0.70:38869|priority:1|startupRole:FOLLOWER, 6e9ccc6a-fad0-416f-afa3-09e4e9fe5838|rpc:10.1.0.70:40587|dataStream:10.1.0.70:33979|priority:0|startupRole:FOLLOWER] with ContainerStateMachine:uninitialized
2023-04-11 17:17:57,591 [pool-286-thread-1] INFO  server.RaftServerConfigKeys (ConfUtils.java:logGet(46)) - raft.server.rpc.timeout.min = 5s (custom)
2023-04-11 17:17:57,591 [pool-286-thread-1] INFO  server.RaftServerConfigKeys (ConfUtils.java:logGet(46)) - raft.server.rpc.timeout.max = 5200ms (custom)
2023-04-11 17:17:57,591 [pool-286-thread-1] INFO  server.RaftServerConfigKeys (ConfUtils.java:logGet(46)) - raft.server.rpc.sleep.time = 25ms (default)
2023-04-11 17:17:57,591 [pool-286-thread-1] INFO  server.RaftServerConfigKeys (ConfUtils.java:logGet(46)) - raft.server.rpc.slowness.timeout = 300s (custom)
2023-04-11 17:17:57,591 [pool-286-thread-1] INFO  server.RaftServerConfigKeys (ConfUtils.java:logGet(46)) - raft.server.leaderelection.leader.step-down.wait-time = 10s (default)
2023-04-11 17:17:57,591 [pool-286-thread-1] INFO  server.RaftServerConfigKeys (ConfUtils.java:logGet(46)) - raft.server.sleep.deviation.threshold = 300ms (default)
2023-04-11 17:17:57,591 [pool-286-thread-1] INFO  server.RaftServer$Division (ServerState.java:<init>(118)) - 6e9ccc6a-fad0-416f-afa3-09e4e9fe5838@group-1904913C1B47: ConfigurationManager, init=-1: peers:[316a6a1b-3f00-43af-9dbc-ac2971b62daf|rpc:10.1.0.70:40413|dataStream:10.1.0.70:42545|priority:0|startupRole:FOLLOWER, 1466190b-31b8-4a1a-90c9-9931edc03f55|rpc:10.1.0.70:40843|dataStream:10.1.0.70:38869|priority:1|startupRole:FOLLOWER, 6e9ccc6a-fad0-416f-afa3-09e4e9fe5838|rpc:10.1.0.70:40587|dataStream:10.1.0.70:33979|priority:0|startupRole:FOLLOWER]|listeners:[], old=null, confs=<EMPTY_MAP>
2023-04-11 17:17:57,592 [pool-286-thread-1] INFO  server.RaftServerConfigKeys (ConfUtils.java:logGet(46)) - raft.server.storage.dir = [/home/runner/work/ozone/ozone/hadoop-ozone/integration-test/target/test-dir/MiniOzoneClusterImpl-3c04abff-9f55-4a78-ab47-7ca56afb4af6/datanode-0/data/ratis] (custom)
2023-04-11 17:17:57,592 [pool-286-thread-1] INFO  server.RaftServerConfigKeys (ConfUtils.java:logGet(46)) - raft.server.log.corruption.policy = EXCEPTION (default)
2023-04-11 17:17:57,592 [pool-286-thread-1] INFO  server.RaftServerConfigKeys (ConfUtils.java:logGet(46)) - raft.server.storage.free-space.min = 0MB (=0) (default)
2023-04-11 17:17:57,592 [pool-286-thread-1] INFO  server.RaftServerConfigKeys (ConfUtils.java:logGet(46)) - raft.server.notification.no-leader.timeout = 300s (custom)
2023-04-11 17:17:57,592 [pool-286-thread-1] INFO  server.RaftServerConfigKeys (ConfUtils.java:logGet(46)) - raft.server.retrycache.expirytime = 600000ms (custom)
2023-04-11 17:17:57,592 [pool-286-thread-1] INFO  server.RaftServerConfigKeys (ConfUtils.java:logGet(46)) - raft.server.retrycache.statistics.expirytime = 100μs (default)
2023-04-11 17:17:57,593 [pool-286-thread-1] INFO  server.RaftServerConfigKeys (ConfUtils.java:logGet(46)) - raft.server.log.appender.install.snapshot.enabled = false (custom)
2023-04-11 17:17:57,593 [pool-286-thread-1] INFO  server.RaftServerConfigKeys (ConfUtils.java:logGet(46)) - raft.server.threadpool.server.cached = true (default)
2023-04-11 17:17:57,593 [pool-286-thread-1] INFO  server.RaftServerConfigKeys (ConfUtils.java:logGet(46)) - raft.server.threadpool.server.size = 0 (default)
2023-04-11 17:17:57,593 [pool-286-thread-1] INFO  server.RaftServerConfigKeys (ConfUtils.java:logGet(46)) - raft.server.threadpool.client.cached = true (default)
2023-04-11 17:17:57,593 [pool-286-thread-1] INFO  server.RaftServerConfigKeys (ConfUtils.java:logGet(46)) - raft.server.threadpool.client.size = 0 (default)
2023-04-11 17:17:57,593 [pool-286-thread-1] INFO  storage.RaftStorageDirectory (RaftStorageDirectoryImpl.java:analyzeStorage(137)) - The storage directory /home/runner/work/ozone/ozone/hadoop-ozone/integration-test/target/test-dir/MiniOzoneClusterImpl-3c04abff-9f55-4a78-ab47-7ca56afb4af6/datanode-0/data/ratis/e3a8309e-152f-46aa-8375-1904913c1b47 does not exist. Creating ...
2023-04-11 17:17:57,594 [pool-286-thread-1] INFO  storage.RaftStorageDirectory (RaftStorageDirectoryImpl.java:tryLock(231)) - Lock on /home/runner/work/ozone/ozone/hadoop-ozone/integration-test/target/test-dir/MiniOzoneClusterImpl-3c04abff-9f55-4a78-ab47-7ca56afb4af6/datanode-0/data/ratis/e3a8309e-152f-46aa-8375-1904913c1b47/in_use.lock acquired by nodename 52175@fv-az377-102
2023-04-11 17:17:57,596 [pool-286-thread-1] INFO  storage.RaftStorage (RaftStorageImpl.java:format(96)) - Storage directory /home/runner/work/ozone/ozone/hadoop-ozone/integration-test/target/test-dir/MiniOzoneClusterImpl-3c04abff-9f55-4a78-ab47-7ca56afb4af6/datanode-0/data/ratis/e3a8309e-152f-46aa-8375-1904913c1b47 has been successfully formatted.
2023-04-11 17:17:57,596 [pool-286-thread-1] INFO  ratis.ContainerStateMachine (ContainerStateMachine.java:loadSnapshot(262)) - group-1904913C1B47: The snapshot info is null. Setting the last applied indexto:(t:0, i:~)
2023-04-11 17:17:57,596 [pool-286-thread-1] INFO  server.RaftServerConfigKeys (ConfUtils.java:logGet(46)) - raft.server.log.use.memory = false (default)
2023-04-11 17:17:57,596 [pool-286-thread-1] INFO  server.RaftServerConfigKeys (ConfUtils.java:logGet(46)) - raft.server.log.purge.gap = 1000000 (custom)
2023-04-11 17:17:57,596 [pool-286-thread-1] INFO  server.RaftServerConfigKeys (ConfUtils.java:logGet(46)) - raft.server.log.appender.buffer.byte-limit = 33554432 (custom)
2023-04-11 17:17:57,596 [pool-286-thread-1] INFO  server.RaftServerConfigKeys (ConfUtils.java:logGet(46)) - raft.server.log.statemachine.data.read.timeout = 1000ms (default)
2023-04-11 17:17:57,596 [pool-286-thread-1] INFO  server.RaftServerConfigKeys (ConfUtils.java:logGet(46)) - raft.server.log.purge.preservation.log.num = 0 (default)
2023-04-11 17:17:57,597 [EventQueue-OpenPipelineForHealthyPipelineSafeModeRule] INFO  safemode.SCMSafeModeManager (HealthyPipelineSafeModeRule.java:process(137)) - SCM in safe mode. Healthy pipelines reported count is 0, required healthy pipeline reported count is 1
2023-04-11 17:17:57,597 [pool-286-thread-1] INFO  server.RaftServerConfigKeys (ConfUtils.java:logGet(46)) - raft.server.log.segment.size.max = 1048576 (custom)
2023-04-11 17:17:57,597 [pool-286-thread-1] INFO  server.RaftServerConfigKeys (ConfUtils.java:logGet(46)) - raft.server.log.segment.cache.num.max = 2 (custom)
2023-04-11 17:17:57,597 [pool-286-thread-1] INFO  server.RaftServerConfigKeys (ConfUtils.java:logGet(46)) - raft.server.log.segment.cache.size.max = 200MB (=209715200) (default)
2023-04-11 17:17:57,597 [pool-286-thread-1] INFO  segmented.SegmentedRaftLogWorker (SegmentedRaftLogWorker.java:<init>(189)) - new 6e9ccc6a-fad0-416f-afa3-09e4e9fe5838@group-1904913C1B47-SegmentedRaftLogWorker for RaftStorageImpl:Storage Directory /home/runner/work/ozone/ozone/hadoop-ozone/integration-test/target/test-dir/MiniOzoneClusterImpl-3c04abff-9f55-4a78-ab47-7ca56afb4af6/datanode-0/data/ratis/e3a8309e-152f-46aa-8375-1904913c1b47
2023-04-11 17:17:57,597 [pool-286-thread-1] INFO  server.RaftServerConfigKeys (ConfUtils.java:logGet(46)) - raft.server.log.queue.byte-limit = 4294967296 (custom)
2023-04-11 17:17:57,597 [pool-286-thread-1] INFO  server.RaftServerConfigKeys (ConfUtils.java:logGet(46)) - raft.server.log.queue.element-limit = 1024 (custom)
2023-04-11 17:17:57,597 [pool-286-thread-1] INFO  server.RaftServerConfigKeys (ConfUtils.java:logGet(46)) - raft.server.log.segment.size.max = 1048576 (custom)
2023-04-11 17:17:57,597 [pool-286-thread-1] INFO  server.RaftServerConfigKeys (ConfUtils.java:logGet(46)) - raft.server.log.preallocated.size = 16384 (custom)
2023-04-11 17:17:57,597 [pool-286-thread-1] INFO  server.RaftServerConfigKeys (ConfUtils.java:logGet(46)) - raft.server.log.force.sync.num = 128 (default)
2023-04-11 17:17:57,597 [pool-286-thread-1] INFO  server.RaftServerConfigKeys (ConfUtils.java:logGet(46)) - raft.server.log.statemachine.data.sync = true (default)
2023-04-11 17:17:57,598 [pool-286-thread-1] INFO  server.RaftServerConfigKeys (ConfUtils.java:logGet(46)) - raft.server.log.statemachine.data.sync.timeout = 10s (default)
2023-04-11 17:17:57,598 [pool-286-thread-1] INFO  server.RaftServerConfigKeys (ConfUtils.java:logGet(46)) - raft.server.log.statemachine.data.sync.timeout.retry = -1 (default)
2023-04-11 17:17:57,598 [pool-286-thread-1] INFO  server.RaftServerConfigKeys (ConfUtils.java:logGet(46)) - raft.server.log.write.buffer.size = 1048576 (custom)
2023-04-11 17:17:57,599 [pool-286-thread-1] INFO  server.RaftServerConfigKeys (ConfUtils.java:logGet(46)) - raft.server.log.appender.buffer.byte-limit = 33554432 (custom)
2023-04-11 17:17:57,604 [pool-286-thread-1] INFO  server.RaftServerConfigKeys (ConfUtils.java:logGet(46)) - raft.server.log.unsafe-flush.enabled = false (default)
2023-04-11 17:17:57,604 [pool-286-thread-1] INFO  server.RaftServerConfigKeys (ConfUtils.java:logGet(46)) - raft.server.log.async-flush.enabled = false (default)
2023-04-11 17:17:57,604 [pool-286-thread-1] INFO  server.RaftServerConfigKeys (ConfUtils.java:logGet(46)) - raft.server.log.statemachine.data.caching.enabled = true (custom)
2023-04-11 17:17:57,604 [pool-286-thread-1] INFO  segmented.SegmentedRaftLogWorker (SegmentedRaftLogWorker.java:lambda$new$0(135)) - 6e9ccc6a-fad0-416f-afa3-09e4e9fe5838@group-1904913C1B47-SegmentedRaftLogWorker: flushIndex: setUnconditionally 0 -> -1
2023-04-11 17:17:57,604 [pool-286-thread-1] INFO  segmented.SegmentedRaftLogWorker (SegmentedRaftLogWorker.java:lambda$new$0(135)) - 6e9ccc6a-fad0-416f-afa3-09e4e9fe5838@group-1904913C1B47-SegmentedRaftLogWorker: safeCacheEvictIndex: setUnconditionally 0 -> -1
2023-04-11 17:17:57,604 [pool-286-thread-1] INFO  server.RaftServer$Division (RaftServerImpl.java:start(334)) - 6e9ccc6a-fad0-416f-afa3-09e4e9fe5838@group-1904913C1B47: start as a follower, conf=-1: peers:[316a6a1b-3f00-43af-9dbc-ac2971b62daf|rpc:10.1.0.70:40413|dataStream:10.1.0.70:42545|priority:0|startupRole:FOLLOWER, 1466190b-31b8-4a1a-90c9-9931edc03f55|rpc:10.1.0.70:40843|dataStream:10.1.0.70:38869|priority:1|startupRole:FOLLOWER, 6e9ccc6a-fad0-416f-afa3-09e4e9fe5838|rpc:10.1.0.70:40587|dataStream:10.1.0.70:33979|priority:0|startupRole:FOLLOWER]|listeners:[], old=null
2023-04-11 17:17:57,604 [pool-286-thread-1] INFO  server.RaftServer$Division (RaftServerImpl.java:setRole(321)) - 6e9ccc6a-fad0-416f-afa3-09e4e9fe5838@group-1904913C1B47: changes role from      null to FOLLOWER at term 0 for startAsFollower
2023-04-11 17:17:57,604 [pool-286-thread-1] INFO  impl.RoleInfo (RoleInfo.java:updateAndGet(139)) - 6e9ccc6a-fad0-416f-afa3-09e4e9fe5838: start 6e9ccc6a-fad0-416f-afa3-09e4e9fe5838@group-1904913C1B47-FollowerState
2023-04-11 17:17:57,605 [pool-286-thread-1] INFO  util.JmxRegister (JmxRegister.java:tryRegister(44)) - Successfully registered JMX Bean with object name Ratis:service=RaftServer,group=group-1904913C1B47,id=6e9ccc6a-fad0-416f-afa3-09e4e9fe5838
2023-04-11 17:17:57,605 [6e9ccc6a-fad0-416f-afa3-09e4e9fe5838@group-1904913C1B47-FollowerState] INFO  server.RaftServerConfigKeys (ConfUtils.java:logFallback(53)) - raft.server.rpc.first-election.timeout.min = 5s (fallback to raft.server.rpc.timeout.min)
2023-04-11 17:17:57,605 [6e9ccc6a-fad0-416f-afa3-09e4e9fe5838@group-1904913C1B47-FollowerState] INFO  server.RaftServerConfigKeys (ConfUtils.java:logFallback(53)) - raft.server.rpc.first-election.timeout.max = 5200ms (fallback to raft.server.rpc.timeout.max)
2023-04-11 17:17:57,606 [pool-286-thread-1] INFO  server.RaftServerConfigKeys (ConfUtils.java:logGet(46)) - raft.server.snapshot.auto.trigger.enabled = true (custom)
2023-04-11 17:17:57,606 [pool-286-thread-1] INFO  server.RaftServerConfigKeys (ConfUtils.java:logGet(46)) - raft.server.snapshot.auto.trigger.threshold = 10000 (custom)
2023-04-11 17:17:57,606 [pool-286-thread-1] INFO  server.RaftServerConfigKeys (ConfUtils.java:logGet(46)) - raft.server.snapshot.retention.file.num = 5 (custom)
2023-04-11 17:17:57,606 [pool-286-thread-1] INFO  server.RaftServerConfigKeys (ConfUtils.java:logGet(46)) - raft.server.log.purge.upto.snapshot.index = false (default)
2023-04-11 17:17:57,606 [Command processor thread] INFO  ratis.XceiverServerRatis (XceiverServerRatis.java:addGroup(806)) - Created group PipelineID=e3a8309e-152f-46aa-8375-1904913c1b47
2023-04-11 17:17:57,625 [grpc-default-executor-0] INFO  server.RaftServer (RaftServerProxy.java:addNew(96)) - 1466190b-31b8-4a1a-90c9-9931edc03f55: addNew group-1904913C1B47:[316a6a1b-3f00-43af-9dbc-ac2971b62daf|rpc:10.1.0.70:40413|dataStream:10.1.0.70:42545|priority:0|startupRole:FOLLOWER, 1466190b-31b8-4a1a-90c9-9931edc03f55|rpc:10.1.0.70:40843|dataStream:10.1.0.70:38869|priority:1|startupRole:FOLLOWER, 6e9ccc6a-fad0-416f-afa3-09e4e9fe5838|rpc:10.1.0.70:40587|dataStream:10.1.0.70:33979|priority:0|startupRole:FOLLOWER] returns group-1904913C1B47:java.util.concurrent.CompletableFuture@6916bd32[Not completed]
2023-04-11 17:17:57,626 [pool-330-thread-1] INFO  server.RaftServer$Division (RaftServerImpl.java:<init>(195)) - 1466190b-31b8-4a1a-90c9-9931edc03f55: new RaftServerImpl for group-1904913C1B47:[316a6a1b-3f00-43af-9dbc-ac2971b62daf|rpc:10.1.0.70:40413|dataStream:10.1.0.70:42545|priority:0|startupRole:FOLLOWER, 1466190b-31b8-4a1a-90c9-9931edc03f55|rpc:10.1.0.70:40843|dataStream:10.1.0.70:38869|priority:1|startupRole:FOLLOWER, 6e9ccc6a-fad0-416f-afa3-09e4e9fe5838|rpc:10.1.0.70:40587|dataStream:10.1.0.70:33979|priority:0|startupRole:FOLLOWER] with ContainerStateMachine:uninitialized
2023-04-11 17:17:57,626 [pool-330-thread-1] INFO  server.RaftServerConfigKeys (ConfUtils.java:logGet(46)) - raft.server.rpc.timeout.min = 5s (custom)
2023-04-11 17:17:57,627 [pool-330-thread-1] INFO  server.RaftServerConfigKeys (ConfUtils.java:logGet(46)) - raft.server.rpc.timeout.max = 5200ms (custom)
2023-04-11 17:17:57,627 [pool-330-thread-1] INFO  server.RaftServerConfigKeys (ConfUtils.java:logGet(46)) - raft.server.rpc.sleep.time = 25ms (default)
2023-04-11 17:17:57,627 [pool-330-thread-1] INFO  server.RaftServerConfigKeys (ConfUtils.java:logGet(46)) - raft.server.rpc.slowness.timeout = 300s (custom)
2023-04-11 17:17:57,627 [pool-330-thread-1] INFO  server.RaftServerConfigKeys (ConfUtils.java:logGet(46)) - raft.server.leaderelection.leader.step-down.wait-time = 10s (default)
2023-04-11 17:17:57,627 [pool-330-thread-1] INFO  server.RaftServerConfigKeys (ConfUtils.java:logGet(46)) - raft.server.sleep.deviation.threshold = 300ms (default)
2023-04-11 17:17:57,627 [pool-330-thread-1] INFO  server.RaftServer$Division (ServerState.java:<init>(118)) - 1466190b-31b8-4a1a-90c9-9931edc03f55@group-1904913C1B47: ConfigurationManager, init=-1: peers:[316a6a1b-3f00-43af-9dbc-ac2971b62daf|rpc:10.1.0.70:40413|dataStream:10.1.0.70:42545|priority:0|startupRole:FOLLOWER, 1466190b-31b8-4a1a-90c9-9931edc03f55|rpc:10.1.0.70:40843|dataStream:10.1.0.70:38869|priority:1|startupRole:FOLLOWER, 6e9ccc6a-fad0-416f-afa3-09e4e9fe5838|rpc:10.1.0.70:40587|dataStream:10.1.0.70:33979|priority:0|startupRole:FOLLOWER]|listeners:[], old=null, confs=<EMPTY_MAP>
2023-04-11 17:17:57,627 [pool-330-thread-1] INFO  server.RaftServerConfigKeys (ConfUtils.java:logGet(46)) - raft.server.storage.dir = [/home/runner/work/ozone/ozone/hadoop-ozone/integration-test/target/test-dir/MiniOzoneClusterImpl-3c04abff-9f55-4a78-ab47-7ca56afb4af6/datanode-2/data/ratis] (custom)
2023-04-11 17:17:57,627 [pool-330-thread-1] INFO  server.RaftServerConfigKeys (ConfUtils.java:logGet(46)) - raft.server.log.corruption.policy = EXCEPTION (default)
2023-04-11 17:17:57,627 [pool-330-thread-1] INFO  server.RaftServerConfigKeys (ConfUtils.java:logGet(46)) - raft.server.storage.free-space.min = 0MB (=0) (default)
2023-04-11 17:17:57,627 [pool-330-thread-1] INFO  server.RaftServerConfigKeys (ConfUtils.java:logGet(46)) - raft.server.notification.no-leader.timeout = 300s (custom)
2023-04-11 17:17:57,627 [pool-330-thread-1] INFO  server.RaftServerConfigKeys (ConfUtils.java:logGet(46)) - raft.server.retrycache.expirytime = 600000ms (custom)
2023-04-11 17:17:57,627 [pool-330-thread-1] INFO  server.RaftServerConfigKeys (ConfUtils.java:logGet(46)) - raft.server.retrycache.statistics.expirytime = 100μs (default)
2023-04-11 17:17:57,628 [pool-330-thread-1] INFO  server.RaftServerConfigKeys (ConfUtils.java:logGet(46)) - raft.server.log.appender.install.snapshot.enabled = false (custom)
2023-04-11 17:17:57,628 [pool-330-thread-1] INFO  server.RaftServerConfigKeys (ConfUtils.java:logGet(46)) - raft.server.threadpool.server.cached = true (default)
2023-04-11 17:17:57,628 [pool-330-thread-1] INFO  server.RaftServerConfigKeys (ConfUtils.java:logGet(46)) - raft.server.threadpool.server.size = 0 (default)
2023-04-11 17:17:57,628 [pool-330-thread-1] INFO  server.RaftServerConfigKeys (ConfUtils.java:logGet(46)) - raft.server.threadpool.client.cached = true (default)
2023-04-11 17:17:57,628 [pool-330-thread-1] INFO  server.RaftServerConfigKeys (ConfUtils.java:logGet(46)) - raft.server.threadpool.client.size = 0 (default)
2023-04-11 17:17:57,628 [pool-330-thread-1] INFO  storage.RaftStorageDirectory (RaftStorageDirectoryImpl.java:analyzeStorage(137)) - The storage directory /home/runner/work/ozone/ozone/hadoop-ozone/integration-test/target/test-dir/MiniOzoneClusterImpl-3c04abff-9f55-4a78-ab47-7ca56afb4af6/datanode-2/data/ratis/e3a8309e-152f-46aa-8375-1904913c1b47 does not exist. Creating ...
2023-04-11 17:17:57,630 [pool-330-thread-1] INFO  storage.RaftStorageDirectory (RaftStorageDirectoryImpl.java:tryLock(231)) - Lock on /home/runner/work/ozone/ozone/hadoop-ozone/integration-test/target/test-dir/MiniOzoneClusterImpl-3c04abff-9f55-4a78-ab47-7ca56afb4af6/datanode-2/data/ratis/e3a8309e-152f-46aa-8375-1904913c1b47/in_use.lock acquired by nodename 52175@fv-az377-102
2023-04-11 17:17:57,631 [pool-330-thread-1] INFO  storage.RaftStorage (RaftStorageImpl.java:format(96)) - Storage directory /home/runner/work/ozone/ozone/hadoop-ozone/integration-test/target/test-dir/MiniOzoneClusterImpl-3c04abff-9f55-4a78-ab47-7ca56afb4af6/datanode-2/data/ratis/e3a8309e-152f-46aa-8375-1904913c1b47 has been successfully formatted.
2023-04-11 17:17:57,631 [pool-330-thread-1] INFO  ratis.ContainerStateMachine (ContainerStateMachine.java:loadSnapshot(262)) - group-1904913C1B47: The snapshot info is null. Setting the last applied indexto:(t:0, i:~)
2023-04-11 17:17:57,631 [pool-330-thread-1] INFO  server.RaftServerConfigKeys (ConfUtils.java:logGet(46)) - raft.server.log.use.memory = false (default)
2023-04-11 17:17:57,632 [pool-330-thread-1] INFO  server.RaftServerConfigKeys (ConfUtils.java:logGet(46)) - raft.server.log.purge.gap = 1000000 (custom)
2023-04-11 17:17:57,632 [pool-330-thread-1] INFO  server.RaftServerConfigKeys (ConfUtils.java:logGet(46)) - raft.server.log.appender.buffer.byte-limit = 33554432 (custom)
2023-04-11 17:17:57,632 [pool-330-thread-1] INFO  server.RaftServerConfigKeys (ConfUtils.java:logGet(46)) - raft.server.log.statemachine.data.read.timeout = 1000ms (default)
2023-04-11 17:17:57,632 [pool-330-thread-1] INFO  server.RaftServerConfigKeys (ConfUtils.java:logGet(46)) - raft.server.log.purge.preservation.log.num = 0 (default)
2023-04-11 17:17:57,632 [pool-330-thread-1] INFO  server.RaftServerConfigKeys (ConfUtils.java:logGet(46)) - raft.server.log.segment.size.max = 1048576 (custom)
2023-04-11 17:17:57,632 [pool-330-thread-1] INFO  server.RaftServerConfigKeys (ConfUtils.java:logGet(46)) - raft.server.log.segment.cache.num.max = 2 (custom)
2023-04-11 17:17:57,632 [pool-330-thread-1] INFO  server.RaftServerConfigKeys (ConfUtils.java:logGet(46)) - raft.server.log.segment.cache.size.max = 200MB (=209715200) (default)
2023-04-11 17:17:57,632 [pool-330-thread-1] INFO  segmented.SegmentedRaftLogWorker (SegmentedRaftLogWorker.java:<init>(189)) - new 1466190b-31b8-4a1a-90c9-9931edc03f55@group-1904913C1B47-SegmentedRaftLogWorker for RaftStorageImpl:Storage Directory /home/runner/work/ozone/ozone/hadoop-ozone/integration-test/target/test-dir/MiniOzoneClusterImpl-3c04abff-9f55-4a78-ab47-7ca56afb4af6/datanode-2/data/ratis/e3a8309e-152f-46aa-8375-1904913c1b47
2023-04-11 17:17:57,632 [pool-330-thread-1] INFO  server.RaftServerConfigKeys (ConfUtils.java:logGet(46)) - raft.server.log.queue.byte-limit = 4294967296 (custom)
2023-04-11 17:17:57,633 [pool-330-thread-1] INFO  server.RaftServerConfigKeys (ConfUtils.java:logGet(46)) - raft.server.log.queue.element-limit = 1024 (custom)
2023-04-11 17:17:57,633 [pool-330-thread-1] INFO  server.RaftServerConfigKeys (ConfUtils.java:logGet(46)) - raft.server.log.segment.size.max = 1048576 (custom)
2023-04-11 17:17:57,633 [pool-330-thread-1] INFO  server.RaftServerConfigKeys (ConfUtils.java:logGet(46)) - raft.server.log.preallocated.size = 16384 (custom)
2023-04-11 17:17:57,633 [pool-330-thread-1] INFO  server.RaftServerConfigKeys (ConfUtils.java:logGet(46)) - raft.server.log.force.sync.num = 128 (default)
2023-04-11 17:17:57,633 [pool-330-thread-1] INFO  server.RaftServerConfigKeys (ConfUtils.java:logGet(46)) - raft.server.log.statemachine.data.sync = true (default)
2023-04-11 17:17:57,633 [pool-330-thread-1] INFO  server.RaftServerConfigKeys (ConfUtils.java:logGet(46)) - raft.server.log.statemachine.data.sync.timeout = 10s (default)
2023-04-11 17:17:57,633 [pool-330-thread-1] INFO  server.RaftServerConfigKeys (ConfUtils.java:logGet(46)) - raft.server.log.statemachine.data.sync.timeout.retry = -1 (default)
2023-04-11 17:17:57,633 [pool-330-thread-1] INFO  server.RaftServerConfigKeys (ConfUtils.java:logGet(46)) - raft.server.log.write.buffer.size = 1048576 (custom)
2023-04-11 17:17:57,634 [pool-330-thread-1] INFO  server.RaftServerConfigKeys (ConfUtils.java:logGet(46)) - raft.server.log.appender.buffer.byte-limit = 33554432 (custom)
2023-04-11 17:17:57,643 [pool-330-thread-1] INFO  server.RaftServerConfigKeys (ConfUtils.java:logGet(46)) - raft.server.log.unsafe-flush.enabled = false (default)
2023-04-11 17:17:57,643 [pool-330-thread-1] INFO  server.RaftServerConfigKeys (ConfUtils.java:logGet(46)) - raft.server.log.async-flush.enabled = false (default)
2023-04-11 17:17:57,643 [pool-330-thread-1] INFO  server.RaftServerConfigKeys (ConfUtils.java:logGet(46)) - raft.server.log.statemachine.data.caching.enabled = true (custom)
2023-04-11 17:17:57,643 [pool-330-thread-1] INFO  segmented.SegmentedRaftLogWorker (SegmentedRaftLogWorker.java:lambda$new$0(135)) - 1466190b-31b8-4a1a-90c9-9931edc03f55@group-1904913C1B47-SegmentedRaftLogWorker: flushIndex: setUnconditionally 0 -> -1
2023-04-11 17:17:57,643 [pool-330-thread-1] INFO  segmented.SegmentedRaftLogWorker (SegmentedRaftLogWorker.java:lambda$new$0(135)) - 1466190b-31b8-4a1a-90c9-9931edc03f55@group-1904913C1B47-SegmentedRaftLogWorker: safeCacheEvictIndex: setUnconditionally 0 -> -1
2023-04-11 17:17:57,644 [pool-330-thread-1] INFO  server.RaftServer$Division (RaftServerImpl.java:start(334)) - 1466190b-31b8-4a1a-90c9-9931edc03f55@group-1904913C1B47: start as a follower, conf=-1: peers:[316a6a1b-3f00-43af-9dbc-ac2971b62daf|rpc:10.1.0.70:40413|dataStream:10.1.0.70:42545|priority:0|startupRole:FOLLOWER, 1466190b-31b8-4a1a-90c9-9931edc03f55|rpc:10.1.0.70:40843|dataStream:10.1.0.70:38869|priority:1|startupRole:FOLLOWER, 6e9ccc6a-fad0-416f-afa3-09e4e9fe5838|rpc:10.1.0.70:40587|dataStream:10.1.0.70:33979|priority:0|startupRole:FOLLOWER]|listeners:[], old=null
2023-04-11 17:17:57,644 [pool-330-thread-1] INFO  server.RaftServer$Division (RaftServerImpl.java:setRole(321)) - 1466190b-31b8-4a1a-90c9-9931edc03f55@group-1904913C1B47: changes role from      null to FOLLOWER at term 0 for startAsFollower
2023-04-11 17:17:57,644 [pool-330-thread-1] INFO  impl.RoleInfo (RoleInfo.java:updateAndGet(139)) - 1466190b-31b8-4a1a-90c9-9931edc03f55: start 1466190b-31b8-4a1a-90c9-9931edc03f55@group-1904913C1B47-FollowerState
2023-04-11 17:17:57,644 [pool-330-thread-1] INFO  util.JmxRegister (JmxRegister.java:tryRegister(44)) - Successfully registered JMX Bean with object name Ratis:service=RaftServer,group=group-1904913C1B47,id=1466190b-31b8-4a1a-90c9-9931edc03f55
2023-04-11 17:17:57,644 [pool-330-thread-1] INFO  server.RaftServerConfigKeys (ConfUtils.java:logGet(46)) - raft.server.snapshot.auto.trigger.enabled = true (custom)
2023-04-11 17:17:57,644 [pool-330-thread-1] INFO  server.RaftServerConfigKeys (ConfUtils.java:logGet(46)) - raft.server.snapshot.auto.trigger.threshold = 10000 (custom)
2023-04-11 17:17:57,644 [pool-330-thread-1] INFO  server.RaftServerConfigKeys (ConfUtils.java:logGet(46)) - raft.server.snapshot.retention.file.num = 5 (custom)
2023-04-11 17:17:57,644 [pool-330-thread-1] INFO  server.RaftServerConfigKeys (ConfUtils.java:logGet(46)) - raft.server.log.purge.upto.snapshot.index = false (default)
2023-04-11 17:17:57,645 [1466190b-31b8-4a1a-90c9-9931edc03f55@group-1904913C1B47-FollowerState] INFO  server.RaftServerConfigKeys (ConfUtils.java:logFallback(53)) - raft.server.rpc.first-election.timeout.min = 5s (fallback to raft.server.rpc.timeout.min)
2023-04-11 17:17:57,645 [1466190b-31b8-4a1a-90c9-9931edc03f55@group-1904913C1B47-FollowerState] INFO  server.RaftServerConfigKeys (ConfUtils.java:logFallback(53)) - raft.server.rpc.first-election.timeout.max = 5200ms (fallback to raft.server.rpc.timeout.max)
2023-04-11 17:17:57,659 [grpc-default-executor-0] INFO  server.RaftServer (RaftServerProxy.java:addNew(96)) - 316a6a1b-3f00-43af-9dbc-ac2971b62daf: addNew group-1904913C1B47:[316a6a1b-3f00-43af-9dbc-ac2971b62daf|rpc:10.1.0.70:40413|dataStream:10.1.0.70:42545|priority:0|startupRole:FOLLOWER, 1466190b-31b8-4a1a-90c9-9931edc03f55|rpc:10.1.0.70:40843|dataStream:10.1.0.70:38869|priority:1|startupRole:FOLLOWER, 6e9ccc6a-fad0-416f-afa3-09e4e9fe5838|rpc:10.1.0.70:40587|dataStream:10.1.0.70:33979|priority:0|startupRole:FOLLOWER] returns group-1904913C1B47:java.util.concurrent.CompletableFuture@1ea74b1b[Not completed]
2023-04-11 17:17:57,660 [pool-308-thread-1] INFO  server.RaftServer$Division (RaftServerImpl.java:<init>(195)) - 316a6a1b-3f00-43af-9dbc-ac2971b62daf: new RaftServerImpl for group-1904913C1B47:[316a6a1b-3f00-43af-9dbc-ac2971b62daf|rpc:10.1.0.70:40413|dataStream:10.1.0.70:42545|priority:0|startupRole:FOLLOWER, 1466190b-31b8-4a1a-90c9-9931edc03f55|rpc:10.1.0.70:40843|dataStream:10.1.0.70:38869|priority:1|startupRole:FOLLOWER, 6e9ccc6a-fad0-416f-afa3-09e4e9fe5838|rpc:10.1.0.70:40587|dataStream:10.1.0.70:33979|priority:0|startupRole:FOLLOWER] with ContainerStateMachine:uninitialized
2023-04-11 17:17:57,660 [pool-308-thread-1] INFO  server.RaftServerConfigKeys (ConfUtils.java:logGet(46)) - raft.server.rpc.timeout.min = 5s (custom)
2023-04-11 17:17:57,660 [pool-308-thread-1] INFO  server.RaftServerConfigKeys (ConfUtils.java:logGet(46)) - raft.server.rpc.timeout.max = 5200ms (custom)
2023-04-11 17:17:57,660 [pool-308-thread-1] INFO  server.RaftServerConfigKeys (ConfUtils.java:logGet(46)) - raft.server.rpc.sleep.time = 25ms (default)
2023-04-11 17:17:57,660 [pool-308-thread-1] INFO  server.RaftServerConfigKeys (ConfUtils.java:logGet(46)) - raft.server.rpc.slowness.timeout = 300s (custom)
2023-04-11 17:17:57,661 [pool-308-thread-1] INFO  server.RaftServerConfigKeys (ConfUtils.java:logGet(46)) - raft.server.leaderelection.leader.step-down.wait-time = 10s (default)
2023-04-11 17:17:57,661 [pool-308-thread-1] INFO  server.RaftServerConfigKeys (ConfUtils.java:logGet(46)) - raft.server.sleep.deviation.threshold = 300ms (default)
2023-04-11 17:17:57,661 [pool-308-thread-1] INFO  server.RaftServer$Division (ServerState.java:<init>(118)) - 316a6a1b-3f00-43af-9dbc-ac2971b62daf@group-1904913C1B47: ConfigurationManager, init=-1: peers:[316a6a1b-3f00-43af-9dbc-ac2971b62daf|rpc:10.1.0.70:40413|dataStream:10.1.0.70:42545|priority:0|startupRole:FOLLOWER, 1466190b-31b8-4a1a-90c9-9931edc03f55|rpc:10.1.0.70:40843|dataStream:10.1.0.70:38869|priority:1|startupRole:FOLLOWER, 6e9ccc6a-fad0-416f-afa3-09e4e9fe5838|rpc:10.1.0.70:40587|dataStream:10.1.0.70:33979|priority:0|startupRole:FOLLOWER]|listeners:[], old=null, confs=<EMPTY_MAP>
2023-04-11 17:17:57,661 [pool-308-thread-1] INFO  server.RaftServerConfigKeys (ConfUtils.java:logGet(46)) - raft.server.storage.dir = [/home/runner/work/ozone/ozone/hadoop-ozone/integration-test/target/test-dir/MiniOzoneClusterImpl-3c04abff-9f55-4a78-ab47-7ca56afb4af6/datanode-1/data/ratis] (custom)
2023-04-11 17:17:57,661 [pool-308-thread-1] INFO  server.RaftServerConfigKeys (ConfUtils.java:logGet(46)) - raft.server.log.corruption.policy = EXCEPTION (default)
2023-04-11 17:17:57,661 [pool-308-thread-1] INFO  server.RaftServerConfigKeys (ConfUtils.java:logGet(46)) - raft.server.storage.free-space.min = 0MB (=0) (default)
2023-04-11 17:17:57,661 [pool-308-thread-1] INFO  server.RaftServerConfigKeys (ConfUtils.java:logGet(46)) - raft.server.notification.no-leader.timeout = 300s (custom)
2023-04-11 17:17:57,661 [pool-308-thread-1] INFO  server.RaftServerConfigKeys (ConfUtils.java:logGet(46)) - raft.server.retrycache.expirytime = 600000ms (custom)
2023-04-11 17:17:57,661 [pool-308-thread-1] INFO  server.RaftServerConfigKeys (ConfUtils.java:logGet(46)) - raft.server.retrycache.statistics.expirytime = 100μs (default)
2023-04-11 17:17:57,662 [pool-308-thread-1] INFO  server.RaftServerConfigKeys (ConfUtils.java:logGet(46)) - raft.server.log.appender.install.snapshot.enabled = false (custom)
2023-04-11 17:17:57,662 [pool-308-thread-1] INFO  server.RaftServerConfigKeys (ConfUtils.java:logGet(46)) - raft.server.threadpool.server.cached = true (default)
2023-04-11 17:17:57,662 [pool-308-thread-1] INFO  server.RaftServerConfigKeys (ConfUtils.java:logGet(46)) - raft.server.threadpool.server.size = 0 (default)
2023-04-11 17:17:57,662 [pool-308-thread-1] INFO  server.RaftServerConfigKeys (ConfUtils.java:logGet(46)) - raft.server.threadpool.client.cached = true (default)
2023-04-11 17:17:57,662 [pool-308-thread-1] INFO  server.RaftServerConfigKeys (ConfUtils.java:logGet(46)) - raft.server.threadpool.client.size = 0 (default)
2023-04-11 17:17:57,662 [pool-308-thread-1] INFO  storage.RaftStorageDirectory (RaftStorageDirectoryImpl.java:analyzeStorage(137)) - The storage directory /home/runner/work/ozone/ozone/hadoop-ozone/integration-test/target/test-dir/MiniOzoneClusterImpl-3c04abff-9f55-4a78-ab47-7ca56afb4af6/datanode-1/data/ratis/e3a8309e-152f-46aa-8375-1904913c1b47 does not exist. Creating ...
2023-04-11 17:17:57,663 [pool-308-thread-1] INFO  storage.RaftStorageDirectory (RaftStorageDirectoryImpl.java:tryLock(231)) - Lock on /home/runner/work/ozone/ozone/hadoop-ozone/integration-test/target/test-dir/MiniOzoneClusterImpl-3c04abff-9f55-4a78-ab47-7ca56afb4af6/datanode-1/data/ratis/e3a8309e-152f-46aa-8375-1904913c1b47/in_use.lock acquired by nodename 52175@fv-az377-102
2023-04-11 17:17:57,664 [pool-308-thread-1] INFO  storage.RaftStorage (RaftStorageImpl.java:format(96)) - Storage directory /home/runner/work/ozone/ozone/hadoop-ozone/integration-test/target/test-dir/MiniOzoneClusterImpl-3c04abff-9f55-4a78-ab47-7ca56afb4af6/datanode-1/data/ratis/e3a8309e-152f-46aa-8375-1904913c1b47 has been successfully formatted.
2023-04-11 17:17:57,664 [pool-308-thread-1] INFO  ratis.ContainerStateMachine (ContainerStateMachine.java:loadSnapshot(262)) - group-1904913C1B47: The snapshot info is null. Setting the last applied indexto:(t:0, i:~)
2023-04-11 17:17:57,665 [pool-308-thread-1] INFO  server.RaftServerConfigKeys (ConfUtils.java:logGet(46)) - raft.server.log.use.memory = false (default)
2023-04-11 17:17:57,665 [pool-308-thread-1] INFO  server.RaftServerConfigKeys (ConfUtils.java:logGet(46)) - raft.server.log.purge.gap = 1000000 (custom)
2023-04-11 17:17:57,665 [pool-308-thread-1] INFO  server.RaftServerConfigKeys (ConfUtils.java:logGet(46)) - raft.server.log.appender.buffer.byte-limit = 33554432 (custom)
2023-04-11 17:17:57,665 [pool-308-thread-1] INFO  server.RaftServerConfigKeys (ConfUtils.java:logGet(46)) - raft.server.log.statemachine.data.read.timeout = 1000ms (default)
2023-04-11 17:17:57,665 [pool-308-thread-1] INFO  server.RaftServerConfigKeys (ConfUtils.java:logGet(46)) - raft.server.log.purge.preservation.log.num = 0 (default)
2023-04-11 17:17:57,666 [pool-308-thread-1] INFO  server.RaftServerConfigKeys (ConfUtils.java:logGet(46)) - raft.server.log.segment.size.max = 1048576 (custom)
2023-04-11 17:17:57,666 [pool-308-thread-1] INFO  server.RaftServerConfigKeys (ConfUtils.java:logGet(46)) - raft.server.log.segment.cache.num.max = 2 (custom)
2023-04-11 17:17:57,666 [pool-308-thread-1] INFO  server.RaftServerConfigKeys (ConfUtils.java:logGet(46)) - raft.server.log.segment.cache.size.max = 200MB (=209715200) (default)
2023-04-11 17:17:57,666 [pool-308-thread-1] INFO  segmented.SegmentedRaftLogWorker (SegmentedRaftLogWorker.java:<init>(189)) - new 316a6a1b-3f00-43af-9dbc-ac2971b62daf@group-1904913C1B47-SegmentedRaftLogWorker for RaftStorageImpl:Storage Directory /home/runner/work/ozone/ozone/hadoop-ozone/integration-test/target/test-dir/MiniOzoneClusterImpl-3c04abff-9f55-4a78-ab47-7ca56afb4af6/datanode-1/data/ratis/e3a8309e-152f-46aa-8375-1904913c1b47
2023-04-11 17:17:57,666 [pool-308-thread-1] INFO  server.RaftServerConfigKeys (ConfUtils.java:logGet(46)) - raft.server.log.queue.byte-limit = 4294967296 (custom)
2023-04-11 17:17:57,666 [pool-308-thread-1] INFO  server.RaftServerConfigKeys (ConfUtils.java:logGet(46)) - raft.server.log.queue.element-limit = 1024 (custom)
2023-04-11 17:17:57,666 [pool-308-thread-1] INFO  server.RaftServerConfigKeys (ConfUtils.java:logGet(46)) - raft.server.log.segment.size.max = 1048576 (custom)
2023-04-11 17:17:57,666 [pool-308-thread-1] INFO  server.RaftServerConfigKeys (ConfUtils.java:logGet(46)) - raft.server.log.preallocated.size = 16384 (custom)
2023-04-11 17:17:57,666 [pool-308-thread-1] INFO  server.RaftServerConfigKeys (ConfUtils.java:logGet(46)) - raft.server.log.force.sync.num = 128 (default)
2023-04-11 17:17:57,666 [pool-308-thread-1] INFO  server.RaftServerConfigKeys (ConfUtils.java:logGet(46)) - raft.server.log.statemachine.data.sync = true (default)
2023-04-11 17:17:57,667 [pool-308-thread-1] INFO  server.RaftServerConfigKeys (ConfUtils.java:logGet(46)) - raft.server.log.statemachine.data.sync.timeout = 10s (default)
2023-04-11 17:17:57,667 [pool-308-thread-1] INFO  server.RaftServerConfigKeys (ConfUtils.java:logGet(46)) - raft.server.log.statemachine.data.sync.timeout.retry = -1 (default)
2023-04-11 17:17:57,667 [pool-308-thread-1] INFO  server.RaftServerConfigKeys (ConfUtils.java:logGet(46)) - raft.server.log.write.buffer.size = 1048576 (custom)
2023-04-11 17:17:57,667 [pool-308-thread-1] INFO  server.RaftServerConfigKeys (ConfUtils.java:logGet(46)) - raft.server.log.appender.buffer.byte-limit = 33554432 (custom)
2023-04-11 17:17:58,169 [JvmPauseMonitor10] WARN  util.JvmPauseMonitor (JvmPauseMonitor.java:detectPause(126)) - JvmPauseMonitor-f68eba80-45f1-4a76-a2e4-30d77c550dcc: Detected pause in JVM or host machine (eg GC): pause of approximately 152706886ns.
GC pool 'PS MarkSweep' had collection(s): count=1 time=374ms
GC pool 'PS Scavenge' had collection(s): count=1 time=128ms
2023-04-11 17:17:58,169 [JvmPauseMonitor6] WARN  util.JvmPauseMonitor (JvmPauseMonitor.java:detectPause(126)) - JvmPauseMonitor-6e9ccc6a-fad0-416f-afa3-09e4e9fe5838: Detected pause in JVM or host machine (eg GC): pause of approximately 154875293ns.
GC pool 'PS MarkSweep' had collection(s): count=1 time=374ms
GC pool 'PS Scavenge' had collection(s): count=1 time=128ms
2023-04-11 17:17:58,170 [Listener at 127.0.0.1/38777] INFO  ozone.MiniOzoneClusterImpl (MiniOzoneClusterImpl.java:lambda$waitForClusterToBeReady$0(222)) - Nodes are ready. Got 5 of 5 DN Heartbeats.
2023-04-11 17:17:58,170 [Listener at 127.0.0.1/38777] INFO  ozone.MiniOzoneClusterImpl (MiniOzoneClusterImpl.java:lambda$waitForClusterToBeReady$0(225)) - Waiting for cluster to exit safe mode
2023-04-11 17:17:58,170 [Listener at 127.0.0.1/38777] INFO  ozone.MiniOzoneClusterImpl (MiniOzoneClusterImpl.java:lambda$waitForClusterToBeReady$0(227)) - SCM became leader
2023-04-11 17:17:58,175 [JvmPauseMonitor7] WARN  util.JvmPauseMonitor (JvmPauseMonitor.java:detectPause(126)) - JvmPauseMonitor-316a6a1b-3f00-43af-9dbc-ac2971b62daf: Detected pause in JVM or host machine (eg GC): pause of approximately 291536490ns.
GC pool 'PS MarkSweep' had collection(s): count=1 time=374ms
GC pool 'PS Scavenge' had collection(s): count=1 time=128ms
2023-04-11 17:17:58,175 [Command processor thread] INFO  server.RaftServer (RaftServerProxy.java:addNew(96)) - 316a6a1b-3f00-43af-9dbc-ac2971b62daf: addNew group-9E5C623749E9:[316a6a1b-3f00-43af-9dbc-ac2971b62daf|rpc:10.1.0.70:40413|dataStream:10.1.0.70:42545|priority:1|startupRole:FOLLOWER] returns group-9E5C623749E9:java.util.concurrent.CompletableFuture@5de2e535[Not completed]
2023-04-11 17:17:58,176 [JvmPauseMonitor8] WARN  util.JvmPauseMonitor (JvmPauseMonitor.java:detectPause(126)) - JvmPauseMonitor-1466190b-31b8-4a1a-90c9-9931edc03f55: Detected pause in JVM or host machine (eg GC): pause of approximately 375643511ns.
GC pool 'PS MarkSweep' had collection(s): count=1 time=374ms
GC pool 'PS Scavenge' had collection(s): count=1 time=128ms
2023-04-11 17:17:58,176 [JvmPauseMonitor9] WARN  util.JvmPauseMonitor (JvmPauseMonitor.java:detectPause(126)) - JvmPauseMonitor-302076d3-f1b4-4ab2-b5f1-f71a9676adc4: Detected pause in JVM or host machine (eg GC): pause of approximately 504503626ns.
GC pool 'PS MarkSweep' had collection(s): count=1 time=374ms
GC pool 'PS Scavenge' had collection(s): count=1 time=128ms
2023-04-11 17:17:58,193 [pool-308-thread-1] INFO  server.RaftServerConfigKeys (ConfUtils.java:logGet(46)) - raft.server.log.unsafe-flush.enabled = false (default)
2023-04-11 17:17:58,193 [pool-308-thread-1] INFO  server.RaftServerConfigKeys (ConfUtils.java:logGet(46)) - raft.server.log.async-flush.enabled = false (default)
2023-04-11 17:17:58,193 [pool-308-thread-1] INFO  server.RaftServerConfigKeys (ConfUtils.java:logGet(46)) - raft.server.log.statemachine.data.caching.enabled = true (custom)
2023-04-11 17:17:58,193 [pool-308-thread-1] INFO  segmented.SegmentedRaftLogWorker (SegmentedRaftLogWorker.java:lambda$new$0(135)) - 316a6a1b-3f00-43af-9dbc-ac2971b62daf@group-1904913C1B47-SegmentedRaftLogWorker: flushIndex: setUnconditionally 0 -> -1
2023-04-11 17:17:58,197 [pool-308-thread-1] INFO  segmented.SegmentedRaftLogWorker (SegmentedRaftLogWorker.java:lambda$new$0(135)) - 316a6a1b-3f00-43af-9dbc-ac2971b62daf@group-1904913C1B47-SegmentedRaftLogWorker: safeCacheEvictIndex: setUnconditionally 0 -> -1
2023-04-11 17:17:58,199 [pool-308-thread-1] INFO  server.RaftServer$Division (RaftServerImpl.java:start(334)) - 316a6a1b-3f00-43af-9dbc-ac2971b62daf@group-1904913C1B47: start as a follower, conf=-1: peers:[316a6a1b-3f00-43af-9dbc-ac2971b62daf|rpc:10.1.0.70:40413|dataStream:10.1.0.70:42545|priority:0|startupRole:FOLLOWER, 1466190b-31b8-4a1a-90c9-9931edc03f55|rpc:10.1.0.70:40843|dataStream:10.1.0.70:38869|priority:1|startupRole:FOLLOWER, 6e9ccc6a-fad0-416f-afa3-09e4e9fe5838|rpc:10.1.0.70:40587|dataStream:10.1.0.70:33979|priority:0|startupRole:FOLLOWER]|listeners:[], old=null
2023-04-11 17:17:58,199 [pool-308-thread-1] INFO  server.RaftServer$Division (RaftServerImpl.java:setRole(321)) - 316a6a1b-3f00-43af-9dbc-ac2971b62daf@group-1904913C1B47: changes role from      null to FOLLOWER at term 0 for startAsFollower
2023-04-11 17:17:58,202 [pool-308-thread-1] INFO  impl.RoleInfo (RoleInfo.java:updateAndGet(139)) - 316a6a1b-3f00-43af-9dbc-ac2971b62daf: start 316a6a1b-3f00-43af-9dbc-ac2971b62daf@group-1904913C1B47-FollowerState
2023-04-11 17:17:58,202 [316a6a1b-3f00-43af-9dbc-ac2971b62daf@group-1904913C1B47-FollowerState] INFO  server.RaftServerConfigKeys (ConfUtils.java:logFallback(53)) - raft.server.rpc.first-election.timeout.min = 5s (fallback to raft.server.rpc.timeout.min)
2023-04-11 17:17:58,202 [pool-308-thread-1] INFO  util.JmxRegister (JmxRegister.java:tryRegister(44)) - Successfully registered JMX Bean with object name Ratis:service=RaftServer,group=group-1904913C1B47,id=316a6a1b-3f00-43af-9dbc-ac2971b62daf
2023-04-11 17:17:58,202 [316a6a1b-3f00-43af-9dbc-ac2971b62daf@group-1904913C1B47-FollowerState] INFO  server.RaftServerConfigKeys (ConfUtils.java:logFallback(53)) - raft.server.rpc.first-election.timeout.max = 5200ms (fallback to raft.server.rpc.timeout.max)
2023-04-11 17:17:58,202 [pool-308-thread-1] INFO  server.RaftServerConfigKeys (ConfUtils.java:logGet(46)) - raft.server.snapshot.auto.trigger.enabled = true (custom)
2023-04-11 17:17:58,202 [pool-308-thread-1] INFO  server.RaftServerConfigKeys (ConfUtils.java:logGet(46)) - raft.server.snapshot.auto.trigger.threshold = 10000 (custom)
2023-04-11 17:17:58,203 [pool-308-thread-1] INFO  server.RaftServerConfigKeys (ConfUtils.java:logGet(46)) - raft.server.snapshot.retention.file.num = 5 (custom)
2023-04-11 17:17:58,203 [pool-308-thread-1] INFO  server.RaftServerConfigKeys (ConfUtils.java:logGet(46)) - raft.server.log.purge.upto.snapshot.index = false (default)
2023-04-11 17:17:58,205 [pool-308-thread-1] INFO  server.RaftServer$Division (RaftServerImpl.java:<init>(195)) - 316a6a1b-3f00-43af-9dbc-ac2971b62daf: new RaftServerImpl for group-9E5C623749E9:[316a6a1b-3f00-43af-9dbc-ac2971b62daf|rpc:10.1.0.70:40413|dataStream:10.1.0.70:42545|priority:1|startupRole:FOLLOWER] with ContainerStateMachine:uninitialized
2023-04-11 17:17:58,205 [pool-308-thread-1] INFO  server.RaftServerConfigKeys (ConfUtils.java:logGet(46)) - raft.server.rpc.timeout.min = 5s (custom)
2023-04-11 17:17:58,205 [pool-308-thread-1] INFO  server.RaftServerConfigKeys (ConfUtils.java:logGet(46)) - raft.server.rpc.timeout.max = 5200ms (custom)
2023-04-11 17:17:58,205 [pool-308-thread-1] INFO  server.RaftServerConfigKeys (ConfUtils.java:logGet(46)) - raft.server.rpc.sleep.time = 25ms (default)
2023-04-11 17:17:58,205 [pool-308-thread-1] INFO  server.RaftServerConfigKeys (ConfUtils.java:logGet(46)) - raft.server.rpc.slowness.timeout = 300s (custom)
2023-04-11 17:17:58,206 [pool-308-thread-1] INFO  server.RaftServerConfigKeys (ConfUtils.java:logGet(46)) - raft.server.leaderelection.leader.step-down.wait-time = 10s (default)
2023-04-11 17:17:58,206 [pool-308-thread-1] INFO  server.RaftServerConfigKeys (ConfUtils.java:logGet(46)) - raft.server.sleep.deviation.threshold = 300ms (default)
2023-04-11 17:17:58,206 [pool-308-thread-1] INFO  server.RaftServer$Division (ServerState.java:<init>(118)) - 316a6a1b-3f00-43af-9dbc-ac2971b62daf@group-9E5C623749E9: ConfigurationManager, init=-1: peers:[316a6a1b-3f00-43af-9dbc-ac2971b62daf|rpc:10.1.0.70:40413|dataStream:10.1.0.70:42545|priority:1|startupRole:FOLLOWER]|listeners:[], old=null, confs=<EMPTY_MAP>
2023-04-11 17:17:58,206 [pool-308-thread-1] INFO  server.RaftServerConfigKeys (ConfUtils.java:logGet(46)) - raft.server.storage.dir = [/home/runner/work/ozone/ozone/hadoop-ozone/integration-test/target/test-dir/MiniOzoneClusterImpl-3c04abff-9f55-4a78-ab47-7ca56afb4af6/datanode-1/data/ratis] (custom)
2023-04-11 17:17:58,206 [pool-308-thread-1] INFO  server.RaftServerConfigKeys (ConfUtils.java:logGet(46)) - raft.server.log.corruption.policy = EXCEPTION (default)
2023-04-11 17:17:58,206 [pool-308-thread-1] INFO  server.RaftServerConfigKeys (ConfUtils.java:logGet(46)) - raft.server.storage.free-space.min = 0MB (=0) (default)
2023-04-11 17:17:58,206 [pool-308-thread-1] INFO  server.RaftServerConfigKeys (ConfUtils.java:logGet(46)) - raft.server.notification.no-leader.timeout = 300s (custom)
2023-04-11 17:17:58,206 [pool-308-thread-1] INFO  server.RaftServerConfigKeys (ConfUtils.java:logGet(46)) - raft.server.retrycache.expirytime = 600000ms (custom)
2023-04-11 17:17:58,206 [pool-308-thread-1] INFO  server.RaftServerConfigKeys (ConfUtils.java:logGet(46)) - raft.server.retrycache.statistics.expirytime = 100μs (default)
2023-04-11 17:17:58,207 [pool-308-thread-1] INFO  server.RaftServerConfigKeys (ConfUtils.java:logGet(46)) - raft.server.log.appender.install.snapshot.enabled = false (custom)
2023-04-11 17:17:58,207 [pool-308-thread-1] INFO  server.RaftServerConfigKeys (ConfUtils.java:logGet(46)) - raft.server.threadpool.server.cached = true (default)
2023-04-11 17:17:58,207 [pool-308-thread-1] INFO  server.RaftServerConfigKeys (ConfUtils.java:logGet(46)) - raft.server.threadpool.server.size = 0 (default)
2023-04-11 17:17:58,207 [pool-308-thread-1] INFO  server.RaftServerConfigKeys (ConfUtils.java:logGet(46)) - raft.server.threadpool.client.cached = true (default)
2023-04-11 17:17:58,207 [pool-308-thread-1] INFO  server.RaftServerConfigKeys (ConfUtils.java:logGet(46)) - raft.server.threadpool.client.size = 0 (default)
2023-04-11 17:17:58,207 [pool-308-thread-1] INFO  storage.RaftStorageDirectory (RaftStorageDirectoryImpl.java:analyzeStorage(137)) - The storage directory /home/runner/work/ozone/ozone/hadoop-ozone/integration-test/target/test-dir/MiniOzoneClusterImpl-3c04abff-9f55-4a78-ab47-7ca56afb4af6/datanode-1/data/ratis/5b6f66ad-872d-4d96-a58e-9e5c623749e9 does not exist. Creating ...
2023-04-11 17:17:58,212 [pool-308-thread-1] INFO  storage.RaftStorageDirectory (RaftStorageDirectoryImpl.java:tryLock(231)) - Lock on /home/runner/work/ozone/ozone/hadoop-ozone/integration-test/target/test-dir/MiniOzoneClusterImpl-3c04abff-9f55-4a78-ab47-7ca56afb4af6/datanode-1/data/ratis/5b6f66ad-872d-4d96-a58e-9e5c623749e9/in_use.lock acquired by nodename 52175@fv-az377-102
2023-04-11 17:17:58,218 [Command processor thread] INFO  commandhandler.CreatePipelineCommandHandler (CreatePipelineCommandHandler.java:handle(113)) - Created Pipeline RATIS THREE PipelineID=e3a8309e-152f-46aa-8375-1904913c1b47.
2023-04-11 17:17:58,222 [pool-308-thread-1] INFO  storage.RaftStorage (RaftStorageImpl.java:format(96)) - Storage directory /home/runner/work/ozone/ozone/hadoop-ozone/integration-test/target/test-dir/MiniOzoneClusterImpl-3c04abff-9f55-4a78-ab47-7ca56afb4af6/datanode-1/data/ratis/5b6f66ad-872d-4d96-a58e-9e5c623749e9 has been successfully formatted.
2023-04-11 17:17:58,222 [pool-308-thread-1] INFO  ratis.ContainerStateMachine (ContainerStateMachine.java:loadSnapshot(262)) - group-9E5C623749E9: The snapshot info is null. Setting the last applied indexto:(t:0, i:~)
2023-04-11 17:17:58,222 [pool-308-thread-1] INFO  server.RaftServerConfigKeys (ConfUtils.java:logGet(46)) - raft.server.log.use.memory = false (default)
2023-04-11 17:17:58,222 [pool-308-thread-1] INFO  server.RaftServerConfigKeys (ConfUtils.java:logGet(46)) - raft.server.log.purge.gap = 1000000 (custom)
2023-04-11 17:17:58,222 [pool-308-thread-1] INFO  server.RaftServerConfigKeys (ConfUtils.java:logGet(46)) - raft.server.log.appender.buffer.byte-limit = 33554432 (custom)
2023-04-11 17:17:58,222 [pool-308-thread-1] INFO  server.RaftServerConfigKeys (ConfUtils.java:logGet(46)) - raft.server.log.statemachine.data.read.timeout = 1000ms (default)
2023-04-11 17:17:58,223 [EventQueue-PipelineReportForPipelineReportHandler] INFO  pipeline.PipelineManagerImpl (PipelineManagerImpl.java:openPipeline(367)) - Pipeline Pipeline[ Id: 5b6f66ad-872d-4d96-a58e-9e5c623749e9, Nodes: 316a6a1b-3f00-43af-9dbc-ac2971b62daf(fv-az377-102.ap30g4v5sw5evmjtdmxdg2w53f.dx.internal.cloudapp.net/10.1.0.70), ReplicationConfig: RATIS/ONE, State:ALLOCATED, leaderId:316a6a1b-3f00-43af-9dbc-ac2971b62daf, CreationTimestamp2023-04-11T17:17:54.826Z[Etc/UTC]] moved to OPEN state
2023-04-11 17:17:58,224 [EventQueue-OpenPipelineForHealthyPipelineSafeModeRule] INFO  safemode.SCMSafeModeManager (HealthyPipelineSafeModeRule.java:process(137)) - SCM in safe mode. Healthy pipelines reported count is 0, required healthy pipeline reported count is 1
2023-04-11 17:17:58,224 [pool-308-thread-1] INFO  server.RaftServerConfigKeys (ConfUtils.java:logGet(46)) - raft.server.log.purge.preservation.log.num = 0 (default)
2023-04-11 17:17:58,224 [pool-308-thread-1] INFO  server.RaftServerConfigKeys (ConfUtils.java:logGet(46)) - raft.server.log.segment.size.max = 1048576 (custom)
2023-04-11 17:17:58,224 [pool-308-thread-1] INFO  server.RaftServerConfigKeys (ConfUtils.java:logGet(46)) - raft.server.log.segment.cache.num.max = 2 (custom)
2023-04-11 17:17:58,225 [pool-308-thread-1] INFO  server.RaftServerConfigKeys (ConfUtils.java:logGet(46)) - raft.server.log.segment.cache.size.max = 200MB (=209715200) (default)
2023-04-11 17:17:58,225 [pool-308-thread-1] INFO  segmented.SegmentedRaftLogWorker (SegmentedRaftLogWorker.java:<init>(189)) - new 316a6a1b-3f00-43af-9dbc-ac2971b62daf@group-9E5C623749E9-SegmentedRaftLogWorker for RaftStorageImpl:Storage Directory /home/runner/work/ozone/ozone/hadoop-ozone/integration-test/target/test-dir/MiniOzoneClusterImpl-3c04abff-9f55-4a78-ab47-7ca56afb4af6/datanode-1/data/ratis/5b6f66ad-872d-4d96-a58e-9e5c623749e9
2023-04-11 17:17:58,225 [pool-308-thread-1] INFO  server.RaftServerConfigKeys (ConfUtils.java:logGet(46)) - raft.server.log.queue.byte-limit = 4294967296 (custom)
2023-04-11 17:17:58,225 [pool-308-thread-1] INFO  server.RaftServerConfigKeys (ConfUtils.java:logGet(46)) - raft.server.log.queue.element-limit = 1024 (custom)
2023-04-11 17:17:58,225 [pool-308-thread-1] INFO  server.RaftServerConfigKeys (ConfUtils.java:logGet(46)) - raft.server.log.segment.size.max = 1048576 (custom)
2023-04-11 17:17:58,225 [pool-308-thread-1] INFO  server.RaftServerConfigKeys (ConfUtils.java:logGet(46)) - raft.server.log.preallocated.size = 16384 (custom)
2023-04-11 17:17:58,225 [pool-308-thread-1] INFO  server.RaftServerConfigKeys (ConfUtils.java:logGet(46)) - raft.server.log.force.sync.num = 128 (default)
2023-04-11 17:17:58,225 [pool-308-thread-1] INFO  server.RaftServerConfigKeys (ConfUtils.java:logGet(46)) - raft.server.log.statemachine.data.sync = true (default)
2023-04-11 17:17:58,225 [pool-308-thread-1] INFO  server.RaftServerConfigKeys (ConfUtils.java:logGet(46)) - raft.server.log.statemachine.data.sync.timeout = 10s (default)
2023-04-11 17:17:58,225 [pool-308-thread-1] INFO  server.RaftServerConfigKeys (ConfUtils.java:logGet(46)) - raft.server.log.statemachine.data.sync.timeout.retry = -1 (default)
2023-04-11 17:17:58,226 [pool-308-thread-1] INFO  server.RaftServerConfigKeys (ConfUtils.java:logGet(46)) - raft.server.log.write.buffer.size = 1048576 (custom)
2023-04-11 17:17:58,226 [pool-308-thread-1] INFO  server.RaftServerConfigKeys (ConfUtils.java:logGet(46)) - raft.server.log.appender.buffer.byte-limit = 33554432 (custom)
2023-04-11 17:17:58,236 [pool-308-thread-1] INFO  server.RaftServerConfigKeys (ConfUtils.java:logGet(46)) - raft.server.log.unsafe-flush.enabled = false (default)
2023-04-11 17:17:58,236 [pool-308-thread-1] INFO  server.RaftServerConfigKeys (ConfUtils.java:logGet(46)) - raft.server.log.async-flush.enabled = false (default)
2023-04-11 17:17:58,236 [pool-308-thread-1] INFO  server.RaftServerConfigKeys (ConfUtils.java:logGet(46)) - raft.server.log.statemachine.data.caching.enabled = true (custom)
2023-04-11 17:17:58,236 [pool-308-thread-1] INFO  segmented.SegmentedRaftLogWorker (SegmentedRaftLogWorker.java:lambda$new$0(135)) - 316a6a1b-3f00-43af-9dbc-ac2971b62daf@group-9E5C623749E9-SegmentedRaftLogWorker: flushIndex: setUnconditionally 0 -> -1
2023-04-11 17:17:58,236 [pool-308-thread-1] INFO  segmented.SegmentedRaftLogWorker (SegmentedRaftLogWorker.java:lambda$new$0(135)) - 316a6a1b-3f00-43af-9dbc-ac2971b62daf@group-9E5C623749E9-SegmentedRaftLogWorker: safeCacheEvictIndex: setUnconditionally 0 -> -1
2023-04-11 17:17:58,240 [pool-308-thread-1] INFO  server.RaftServer$Division (RaftServerImpl.java:start(334)) - 316a6a1b-3f00-43af-9dbc-ac2971b62daf@group-9E5C623749E9: start as a follower, conf=-1: peers:[316a6a1b-3f00-43af-9dbc-ac2971b62daf|rpc:10.1.0.70:40413|dataStream:10.1.0.70:42545|priority:1|startupRole:FOLLOWER]|listeners:[], old=null
2023-04-11 17:17:58,240 [pool-308-thread-1] INFO  server.RaftServer$Division (RaftServerImpl.java:setRole(321)) - 316a6a1b-3f00-43af-9dbc-ac2971b62daf@group-9E5C623749E9: changes role from      null to FOLLOWER at term 0 for startAsFollower
2023-04-11 17:17:58,240 [pool-308-thread-1] INFO  impl.RoleInfo (RoleInfo.java:updateAndGet(139)) - 316a6a1b-3f00-43af-9dbc-ac2971b62daf: start 316a6a1b-3f00-43af-9dbc-ac2971b62daf@group-9E5C623749E9-FollowerState
2023-04-11 17:17:58,240 [316a6a1b-3f00-43af-9dbc-ac2971b62daf@group-9E5C623749E9-FollowerState] INFO  server.RaftServerConfigKeys (ConfUtils.java:logFallback(53)) - raft.server.rpc.first-election.timeout.min = 5s (fallback to raft.server.rpc.timeout.min)
2023-04-11 17:17:58,243 [316a6a1b-3f00-43af-9dbc-ac2971b62daf@group-9E5C623749E9-FollowerState] INFO  server.RaftServerConfigKeys (ConfUtils.java:logFallback(53)) - raft.server.rpc.first-election.timeout.max = 5200ms (fallback to raft.server.rpc.timeout.max)
2023-04-11 17:17:58,242 [pool-308-thread-1] INFO  util.JmxRegister (JmxRegister.java:tryRegister(44)) - Successfully registered JMX Bean with object name Ratis:service=RaftServer,group=group-9E5C623749E9,id=316a6a1b-3f00-43af-9dbc-ac2971b62daf
2023-04-11 17:17:58,243 [pool-308-thread-1] INFO  server.RaftServerConfigKeys (ConfUtils.java:logGet(46)) - raft.server.snapshot.auto.trigger.enabled = true (custom)
2023-04-11 17:17:58,243 [pool-308-thread-1] INFO  server.RaftServerConfigKeys (ConfUtils.java:logGet(46)) - raft.server.snapshot.auto.trigger.threshold = 10000 (custom)
2023-04-11 17:17:58,243 [pool-308-thread-1] INFO  server.RaftServerConfigKeys (ConfUtils.java:logGet(46)) - raft.server.snapshot.retention.file.num = 5 (custom)
2023-04-11 17:17:58,243 [pool-308-thread-1] INFO  server.RaftServerConfigKeys (ConfUtils.java:logGet(46)) - raft.server.log.purge.upto.snapshot.index = false (default)
2023-04-11 17:17:58,243 [Command processor thread] INFO  ratis.XceiverServerRatis (XceiverServerRatis.java:addGroup(806)) - Created group PipelineID=5b6f66ad-872d-4d96-a58e-9e5c623749e9
2023-04-11 17:17:58,243 [Command processor thread] INFO  commandhandler.CreatePipelineCommandHandler (CreatePipelineCommandHandler.java:handle(113)) - Created Pipeline RATIS ONE PipelineID=5b6f66ad-872d-4d96-a58e-9e5c623749e9.
2023-04-11 17:17:58,250 [Command processor thread] INFO  server.RaftServer (RaftServerProxy.java:addNew(96)) - 1466190b-31b8-4a1a-90c9-9931edc03f55: addNew group-57E150C89A50:[1466190b-31b8-4a1a-90c9-9931edc03f55|rpc:10.1.0.70:40843|dataStream:10.1.0.70:38869|priority:1|startupRole:FOLLOWER] returns group-57E150C89A50:java.util.concurrent.CompletableFuture@b4bd4ad[Not completed]
2023-04-11 17:17:58,251 [pool-330-thread-1] INFO  server.RaftServer$Division (RaftServerImpl.java:<init>(195)) - 1466190b-31b8-4a1a-90c9-9931edc03f55: new RaftServerImpl for group-57E150C89A50:[1466190b-31b8-4a1a-90c9-9931edc03f55|rpc:10.1.0.70:40843|dataStream:10.1.0.70:38869|priority:1|startupRole:FOLLOWER] with ContainerStateMachine:uninitialized
2023-04-11 17:17:58,251 [pool-330-thread-1] INFO  server.RaftServerConfigKeys (ConfUtils.java:logGet(46)) - raft.server.rpc.timeout.min = 5s (custom)
2023-04-11 17:17:58,251 [pool-330-thread-1] INFO  server.RaftServerConfigKeys (ConfUtils.java:logGet(46)) - raft.server.rpc.timeout.max = 5200ms (custom)
2023-04-11 17:17:58,251 [pool-330-thread-1] INFO  server.RaftServerConfigKeys (ConfUtils.java:logGet(46)) - raft.server.rpc.sleep.time = 25ms (default)
2023-04-11 17:17:58,251 [pool-330-thread-1] INFO  server.RaftServerConfigKeys (ConfUtils.java:logGet(46)) - raft.server.rpc.slowness.timeout = 300s (custom)
2023-04-11 17:17:58,251 [pool-330-thread-1] INFO  server.RaftServerConfigKeys (ConfUtils.java:logGet(46)) - raft.server.leaderelection.leader.step-down.wait-time = 10s (default)
2023-04-11 17:17:58,251 [pool-330-thread-1] INFO  server.RaftServerConfigKeys (ConfUtils.java:logGet(46)) - raft.server.sleep.deviation.threshold = 300ms (default)
2023-04-11 17:17:58,251 [pool-330-thread-1] INFO  server.RaftServer$Division (ServerState.java:<init>(118)) - 1466190b-31b8-4a1a-90c9-9931edc03f55@group-57E150C89A50: ConfigurationManager, init=-1: peers:[1466190b-31b8-4a1a-90c9-9931edc03f55|rpc:10.1.0.70:40843|dataStream:10.1.0.70:38869|priority:1|startupRole:FOLLOWER]|listeners:[], old=null, confs=<EMPTY_MAP>
2023-04-11 17:17:58,251 [pool-330-thread-1] INFO  server.RaftServerConfigKeys (ConfUtils.java:logGet(46)) - raft.server.storage.dir = [/home/runner/work/ozone/ozone/hadoop-ozone/integration-test/target/test-dir/MiniOzoneClusterImpl-3c04abff-9f55-4a78-ab47-7ca56afb4af6/datanode-2/data/ratis] (custom)
2023-04-11 17:17:58,252 [pool-330-thread-1] INFO  server.RaftServerConfigKeys (ConfUtils.java:logGet(46)) - raft.server.log.corruption.policy = EXCEPTION (default)
2023-04-11 17:17:58,252 [pool-330-thread-1] INFO  server.RaftServerConfigKeys (ConfUtils.java:logGet(46)) - raft.server.storage.free-space.min = 0MB (=0) (default)
2023-04-11 17:17:58,252 [pool-330-thread-1] INFO  server.RaftServerConfigKeys (ConfUtils.java:logGet(46)) - raft.server.notification.no-leader.timeout = 300s (custom)
2023-04-11 17:17:58,252 [pool-330-thread-1] INFO  server.RaftServerConfigKeys (ConfUtils.java:logGet(46)) - raft.server.retrycache.expirytime = 600000ms (custom)
2023-04-11 17:17:58,252 [pool-330-thread-1] INFO  server.RaftServerConfigKeys (ConfUtils.java:logGet(46)) - raft.server.retrycache.statistics.expirytime = 100μs (default)
2023-04-11 17:17:58,253 [pool-330-thread-1] INFO  server.RaftServerConfigKeys (ConfUtils.java:logGet(46)) - raft.server.log.appender.install.snapshot.enabled = false (custom)
2023-04-11 17:17:58,253 [pool-330-thread-1] INFO  server.RaftServerConfigKeys (ConfUtils.java:logGet(46)) - raft.server.threadpool.server.cached = true (default)
2023-04-11 17:17:58,253 [pool-330-thread-1] INFO  server.RaftServerConfigKeys (ConfUtils.java:logGet(46)) - raft.server.threadpool.server.size = 0 (default)
2023-04-11 17:17:58,253 [pool-330-thread-1] INFO  server.RaftServerConfigKeys (ConfUtils.java:logGet(46)) - raft.server.threadpool.client.cached = true (default)
2023-04-11 17:17:58,253 [pool-330-thread-1] INFO  server.RaftServerConfigKeys (ConfUtils.java:logGet(46)) - raft.server.threadpool.client.size = 0 (default)
2023-04-11 17:17:58,253 [pool-330-thread-1] INFO  storage.RaftStorageDirectory (RaftStorageDirectoryImpl.java:analyzeStorage(137)) - The storage directory /home/runner/work/ozone/ozone/hadoop-ozone/integration-test/target/test-dir/MiniOzoneClusterImpl-3c04abff-9f55-4a78-ab47-7ca56afb4af6/datanode-2/data/ratis/5c867ca6-b5a4-4bb2-a7fc-57e150c89a50 does not exist. Creating ...
2023-04-11 17:17:58,254 [pool-330-thread-1] INFO  storage.RaftStorageDirectory (RaftStorageDirectoryImpl.java:tryLock(231)) - Lock on /home/runner/work/ozone/ozone/hadoop-ozone/integration-test/target/test-dir/MiniOzoneClusterImpl-3c04abff-9f55-4a78-ab47-7ca56afb4af6/datanode-2/data/ratis/5c867ca6-b5a4-4bb2-a7fc-57e150c89a50/in_use.lock acquired by nodename 52175@fv-az377-102
2023-04-11 17:17:58,256 [pool-330-thread-1] INFO  storage.RaftStorage (RaftStorageImpl.java:format(96)) - Storage directory /home/runner/work/ozone/ozone/hadoop-ozone/integration-test/target/test-dir/MiniOzoneClusterImpl-3c04abff-9f55-4a78-ab47-7ca56afb4af6/datanode-2/data/ratis/5c867ca6-b5a4-4bb2-a7fc-57e150c89a50 has been successfully formatted.
2023-04-11 17:17:58,256 [pool-330-thread-1] INFO  ratis.ContainerStateMachine (ContainerStateMachine.java:loadSnapshot(262)) - group-57E150C89A50: The snapshot info is null. Setting the last applied indexto:(t:0, i:~)
2023-04-11 17:17:58,256 [pool-330-thread-1] INFO  server.RaftServerConfigKeys (ConfUtils.java:logGet(46)) - raft.server.log.use.memory = false (default)
2023-04-11 17:17:58,256 [pool-330-thread-1] INFO  server.RaftServerConfigKeys (ConfUtils.java:logGet(46)) - raft.server.log.purge.gap = 1000000 (custom)
2023-04-11 17:17:58,256 [pool-330-thread-1] INFO  server.RaftServerConfigKeys (ConfUtils.java:logGet(46)) - raft.server.log.appender.buffer.byte-limit = 33554432 (custom)
2023-04-11 17:17:58,256 [pool-330-thread-1] INFO  server.RaftServerConfigKeys (ConfUtils.java:logGet(46)) - raft.server.log.statemachine.data.read.timeout = 1000ms (default)
2023-04-11 17:17:58,257 [pool-330-thread-1] INFO  server.RaftServerConfigKeys (ConfUtils.java:logGet(46)) - raft.server.log.purge.preservation.log.num = 0 (default)
2023-04-11 17:17:58,257 [pool-330-thread-1] INFO  server.RaftServerConfigKeys (ConfUtils.java:logGet(46)) - raft.server.log.segment.size.max = 1048576 (custom)
2023-04-11 17:17:58,257 [pool-330-thread-1] INFO  server.RaftServerConfigKeys (ConfUtils.java:logGet(46)) - raft.server.log.segment.cache.num.max = 2 (custom)
2023-04-11 17:17:58,257 [pool-330-thread-1] INFO  server.RaftServerConfigKeys (ConfUtils.java:logGet(46)) - raft.server.log.segment.cache.size.max = 200MB (=209715200) (default)
2023-04-11 17:17:58,257 [pool-330-thread-1] INFO  segmented.SegmentedRaftLogWorker (SegmentedRaftLogWorker.java:<init>(189)) - new 1466190b-31b8-4a1a-90c9-9931edc03f55@group-57E150C89A50-SegmentedRaftLogWorker for RaftStorageImpl:Storage Directory /home/runner/work/ozone/ozone/hadoop-ozone/integration-test/target/test-dir/MiniOzoneClusterImpl-3c04abff-9f55-4a78-ab47-7ca56afb4af6/datanode-2/data/ratis/5c867ca6-b5a4-4bb2-a7fc-57e150c89a50
2023-04-11 17:17:58,257 [pool-330-thread-1] INFO  server.RaftServerConfigKeys (ConfUtils.java:logGet(46)) - raft.server.log.queue.byte-limit = 4294967296 (custom)
2023-04-11 17:17:58,257 [pool-330-thread-1] INFO  server.RaftServerConfigKeys (ConfUtils.java:logGet(46)) - raft.server.log.queue.element-limit = 1024 (custom)
2023-04-11 17:17:58,257 [pool-330-thread-1] INFO  server.RaftServerConfigKeys (ConfUtils.java:logGet(46)) - raft.server.log.segment.size.max = 1048576 (custom)
2023-04-11 17:17:58,257 [pool-330-thread-1] INFO  server.RaftServerConfigKeys (ConfUtils.java:logGet(46)) - raft.server.log.preallocated.size = 16384 (custom)
2023-04-11 17:17:58,257 [pool-330-thread-1] INFO  server.RaftServerConfigKeys (ConfUtils.java:logGet(46)) - raft.server.log.force.sync.num = 128 (default)
2023-04-11 17:17:58,257 [pool-330-thread-1] INFO  server.RaftServerConfigKeys (ConfUtils.java:logGet(46)) - raft.server.log.statemachine.data.sync = true (default)
2023-04-11 17:17:58,257 [pool-330-thread-1] INFO  server.RaftServerConfigKeys (ConfUtils.java:logGet(46)) - raft.server.log.statemachine.data.sync.timeout = 10s (default)
2023-04-11 17:17:58,257 [pool-330-thread-1] INFO  server.RaftServerConfigKeys (ConfUtils.java:logGet(46)) - raft.server.log.statemachine.data.sync.timeout.retry = -1 (default)
2023-04-11 17:17:58,258 [pool-330-thread-1] INFO  server.RaftServerConfigKeys (ConfUtils.java:logGet(46)) - raft.server.log.write.buffer.size = 1048576 (custom)
2023-04-11 17:17:58,259 [pool-330-thread-1] INFO  server.RaftServerConfigKeys (ConfUtils.java:logGet(46)) - raft.server.log.appender.buffer.byte-limit = 33554432 (custom)
2023-04-11 17:17:58,260 [EventQueue-PipelineReportForPipelineReportHandler] INFO  pipeline.PipelineManagerImpl (PipelineManagerImpl.java:openPipeline(367)) - Pipeline Pipeline[ Id: 5c867ca6-b5a4-4bb2-a7fc-57e150c89a50, Nodes: 1466190b-31b8-4a1a-90c9-9931edc03f55(fv-az377-102.ap30g4v5sw5evmjtdmxdg2w53f.dx.internal.cloudapp.net/10.1.0.70), ReplicationConfig: RATIS/ONE, State:ALLOCATED, leaderId:1466190b-31b8-4a1a-90c9-9931edc03f55, CreationTimestamp2023-04-11T17:17:55.256Z[Etc/UTC]] moved to OPEN state
2023-04-11 17:17:58,260 [EventQueue-OpenPipelineForHealthyPipelineSafeModeRule] INFO  safemode.SCMSafeModeManager (HealthyPipelineSafeModeRule.java:process(137)) - SCM in safe mode. Healthy pipelines reported count is 0, required healthy pipeline reported count is 1
2023-04-11 17:17:58,266 [pool-330-thread-1] INFO  server.RaftServerConfigKeys (ConfUtils.java:logGet(46)) - raft.server.log.unsafe-flush.enabled = false (default)
2023-04-11 17:17:58,266 [pool-330-thread-1] INFO  server.RaftServerConfigKeys (ConfUtils.java:logGet(46)) - raft.server.log.async-flush.enabled = false (default)
2023-04-11 17:17:58,266 [pool-330-thread-1] INFO  server.RaftServerConfigKeys (ConfUtils.java:logGet(46)) - raft.server.log.statemachine.data.caching.enabled = true (custom)
2023-04-11 17:17:58,266 [pool-330-thread-1] INFO  segmented.SegmentedRaftLogWorker (SegmentedRaftLogWorker.java:lambda$new$0(135)) - 1466190b-31b8-4a1a-90c9-9931edc03f55@group-57E150C89A50-SegmentedRaftLogWorker: flushIndex: setUnconditionally 0 -> -1
2023-04-11 17:17:58,266 [pool-330-thread-1] INFO  segmented.SegmentedRaftLogWorker (SegmentedRaftLogWorker.java:lambda$new$0(135)) - 1466190b-31b8-4a1a-90c9-9931edc03f55@group-57E150C89A50-SegmentedRaftLogWorker: safeCacheEvictIndex: setUnconditionally 0 -> -1
2023-04-11 17:17:58,267 [pool-330-thread-1] INFO  server.RaftServer$Division (RaftServerImpl.java:start(334)) - 1466190b-31b8-4a1a-90c9-9931edc03f55@group-57E150C89A50: start as a follower, conf=-1: peers:[1466190b-31b8-4a1a-90c9-9931edc03f55|rpc:10.1.0.70:40843|dataStream:10.1.0.70:38869|priority:1|startupRole:FOLLOWER]|listeners:[], old=null
2023-04-11 17:17:58,267 [pool-330-thread-1] INFO  server.RaftServer$Division (RaftServerImpl.java:setRole(321)) - 1466190b-31b8-4a1a-90c9-9931edc03f55@group-57E150C89A50: changes role from      null to FOLLOWER at term 0 for startAsFollower
2023-04-11 17:17:58,267 [pool-330-thread-1] INFO  impl.RoleInfo (RoleInfo.java:updateAndGet(139)) - 1466190b-31b8-4a1a-90c9-9931edc03f55: start 1466190b-31b8-4a1a-90c9-9931edc03f55@group-57E150C89A50-FollowerState
2023-04-11 17:17:58,267 [pool-330-thread-1] INFO  util.JmxRegister (JmxRegister.java:tryRegister(44)) - Successfully registered JMX Bean with object name Ratis:service=RaftServer,group=group-57E150C89A50,id=1466190b-31b8-4a1a-90c9-9931edc03f55
2023-04-11 17:17:58,267 [pool-330-thread-1] INFO  server.RaftServerConfigKeys (ConfUtils.java:logGet(46)) - raft.server.snapshot.auto.trigger.enabled = true (custom)
2023-04-11 17:17:58,267 [pool-330-thread-1] INFO  server.RaftServerConfigKeys (ConfUtils.java:logGet(46)) - raft.server.snapshot.auto.trigger.threshold = 10000 (custom)
2023-04-11 17:17:58,267 [pool-330-thread-1] INFO  server.RaftServerConfigKeys (ConfUtils.java:logGet(46)) - raft.server.snapshot.retention.file.num = 5 (custom)
2023-04-11 17:17:58,267 [pool-330-thread-1] INFO  server.RaftServerConfigKeys (ConfUtils.java:logGet(46)) - raft.server.log.purge.upto.snapshot.index = false (default)
2023-04-11 17:17:58,268 [1466190b-31b8-4a1a-90c9-9931edc03f55@group-57E150C89A50-FollowerState] INFO  server.RaftServerConfigKeys (ConfUtils.java:logFallback(53)) - raft.server.rpc.first-election.timeout.min = 5s (fallback to raft.server.rpc.timeout.min)
2023-04-11 17:17:58,268 [1466190b-31b8-4a1a-90c9-9931edc03f55@group-57E150C89A50-FollowerState] INFO  server.RaftServerConfigKeys (ConfUtils.java:logFallback(53)) - raft.server.rpc.first-election.timeout.max = 5200ms (fallback to raft.server.rpc.timeout.max)
2023-04-11 17:17:58,268 [Command processor thread] INFO  ratis.XceiverServerRatis (XceiverServerRatis.java:addGroup(806)) - Created group PipelineID=5c867ca6-b5a4-4bb2-a7fc-57e150c89a50
2023-04-11 17:17:58,268 [Command processor thread] INFO  commandhandler.CreatePipelineCommandHandler (CreatePipelineCommandHandler.java:handle(113)) - Created Pipeline RATIS ONE PipelineID=5c867ca6-b5a4-4bb2-a7fc-57e150c89a50.
2023-04-11 17:17:58,620 [Command processor thread] INFO  server.RaftServer (RaftServerProxy.java:addNew(96)) - 302076d3-f1b4-4ab2-b5f1-f71a9676adc4: addNew group-F83941FA9AF0:[302076d3-f1b4-4ab2-b5f1-f71a9676adc4|rpc:10.1.0.70:41023|dataStream:10.1.0.70:44817|priority:1|startupRole:FOLLOWER] returns group-F83941FA9AF0:java.util.concurrent.CompletableFuture@706dce49[Not completed]
2023-04-11 17:17:58,621 [pool-352-thread-1] INFO  server.RaftServer$Division (RaftServerImpl.java:<init>(195)) - 302076d3-f1b4-4ab2-b5f1-f71a9676adc4: new RaftServerImpl for group-F83941FA9AF0:[302076d3-f1b4-4ab2-b5f1-f71a9676adc4|rpc:10.1.0.70:41023|dataStream:10.1.0.70:44817|priority:1|startupRole:FOLLOWER] with ContainerStateMachine:uninitialized
2023-04-11 17:17:58,621 [pool-352-thread-1] INFO  server.RaftServerConfigKeys (ConfUtils.java:logGet(46)) - raft.server.rpc.timeout.min = 5s (custom)
2023-04-11 17:17:58,621 [pool-352-thread-1] INFO  server.RaftServerConfigKeys (ConfUtils.java:logGet(46)) - raft.server.rpc.timeout.max = 5200ms (custom)
2023-04-11 17:17:58,621 [pool-352-thread-1] INFO  server.RaftServerConfigKeys (ConfUtils.java:logGet(46)) - raft.server.rpc.sleep.time = 25ms (default)
2023-04-11 17:17:58,621 [pool-352-thread-1] INFO  server.RaftServerConfigKeys (ConfUtils.java:logGet(46)) - raft.server.rpc.slowness.timeout = 300s (custom)
2023-04-11 17:17:58,621 [pool-352-thread-1] INFO  server.RaftServerConfigKeys (ConfUtils.java:logGet(46)) - raft.server.leaderelection.leader.step-down.wait-time = 10s (default)
2023-04-11 17:17:58,621 [pool-352-thread-1] INFO  server.RaftServerConfigKeys (ConfUtils.java:logGet(46)) - raft.server.sleep.deviation.threshold = 300ms (default)
2023-04-11 17:17:58,621 [pool-352-thread-1] INFO  server.RaftServer$Division (ServerState.java:<init>(118)) - 302076d3-f1b4-4ab2-b5f1-f71a9676adc4@group-F83941FA9AF0: ConfigurationManager, init=-1: peers:[302076d3-f1b4-4ab2-b5f1-f71a9676adc4|rpc:10.1.0.70:41023|dataStream:10.1.0.70:44817|priority:1|startupRole:FOLLOWER]|listeners:[], old=null, confs=<EMPTY_MAP>
2023-04-11 17:17:58,622 [pool-352-thread-1] INFO  server.RaftServerConfigKeys (ConfUtils.java:logGet(46)) - raft.server.storage.dir = [/home/runner/work/ozone/ozone/hadoop-ozone/integration-test/target/test-dir/MiniOzoneClusterImpl-3c04abff-9f55-4a78-ab47-7ca56afb4af6/datanode-3/data/ratis] (custom)
2023-04-11 17:17:58,622 [pool-352-thread-1] INFO  server.RaftServerConfigKeys (ConfUtils.java:logGet(46)) - raft.server.log.corruption.policy = EXCEPTION (default)
2023-04-11 17:17:58,622 [pool-352-thread-1] INFO  server.RaftServerConfigKeys (ConfUtils.java:logGet(46)) - raft.server.storage.free-space.min = 0MB (=0) (default)
2023-04-11 17:17:58,622 [pool-352-thread-1] INFO  server.RaftServerConfigKeys (ConfUtils.java:logGet(46)) - raft.server.notification.no-leader.timeout = 300s (custom)
2023-04-11 17:17:58,622 [pool-352-thread-1] INFO  server.RaftServerConfigKeys (ConfUtils.java:logGet(46)) - raft.server.retrycache.expirytime = 600000ms (custom)
2023-04-11 17:17:58,622 [pool-352-thread-1] INFO  server.RaftServerConfigKeys (ConfUtils.java:logGet(46)) - raft.server.retrycache.statistics.expirytime = 100μs (default)
2023-04-11 17:17:58,623 [pool-352-thread-1] INFO  server.RaftServerConfigKeys (ConfUtils.java:logGet(46)) - raft.server.log.appender.install.snapshot.enabled = false (custom)
2023-04-11 17:17:58,623 [pool-352-thread-1] INFO  server.RaftServerConfigKeys (ConfUtils.java:logGet(46)) - raft.server.threadpool.server.cached = true (default)
2023-04-11 17:17:58,623 [pool-352-thread-1] INFO  server.RaftServerConfigKeys (ConfUtils.java:logGet(46)) - raft.server.threadpool.server.size = 0 (default)
2023-04-11 17:17:58,623 [pool-352-thread-1] INFO  server.RaftServerConfigKeys (ConfUtils.java:logGet(46)) - raft.server.threadpool.client.cached = true (default)
2023-04-11 17:17:58,623 [pool-352-thread-1] INFO  server.RaftServerConfigKeys (ConfUtils.java:logGet(46)) - raft.server.threadpool.client.size = 0 (default)
2023-04-11 17:17:58,623 [pool-352-thread-1] INFO  storage.RaftStorageDirectory (RaftStorageDirectoryImpl.java:analyzeStorage(137)) - The storage directory /home/runner/work/ozone/ozone/hadoop-ozone/integration-test/target/test-dir/MiniOzoneClusterImpl-3c04abff-9f55-4a78-ab47-7ca56afb4af6/datanode-3/data/ratis/46fb347a-1b32-48ba-874c-f83941fa9af0 does not exist. Creating ...
2023-04-11 17:17:58,628 [pool-352-thread-1] INFO  storage.RaftStorageDirectory (RaftStorageDirectoryImpl.java:tryLock(231)) - Lock on /home/runner/work/ozone/ozone/hadoop-ozone/integration-test/target/test-dir/MiniOzoneClusterImpl-3c04abff-9f55-4a78-ab47-7ca56afb4af6/datanode-3/data/ratis/46fb347a-1b32-48ba-874c-f83941fa9af0/in_use.lock acquired by nodename 52175@fv-az377-102
2023-04-11 17:17:58,629 [pool-352-thread-1] INFO  storage.RaftStorage (RaftStorageImpl.java:format(96)) - Storage directory /home/runner/work/ozone/ozone/hadoop-ozone/integration-test/target/test-dir/MiniOzoneClusterImpl-3c04abff-9f55-4a78-ab47-7ca56afb4af6/datanode-3/data/ratis/46fb347a-1b32-48ba-874c-f83941fa9af0 has been successfully formatted.
2023-04-11 17:17:58,631 [pool-352-thread-1] INFO  ratis.ContainerStateMachine (ContainerStateMachine.java:loadSnapshot(262)) - group-F83941FA9AF0: The snapshot info is null. Setting the last applied indexto:(t:0, i:~)
2023-04-11 17:17:58,631 [pool-352-thread-1] INFO  server.RaftServerConfigKeys (ConfUtils.java:logGet(46)) - raft.server.log.use.memory = false (default)
2023-04-11 17:17:58,631 [pool-352-thread-1] INFO  server.RaftServerConfigKeys (ConfUtils.java:logGet(46)) - raft.server.log.purge.gap = 1000000 (custom)
2023-04-11 17:17:58,631 [pool-352-thread-1] INFO  server.RaftServerConfigKeys (ConfUtils.java:logGet(46)) - raft.server.log.appender.buffer.byte-limit = 33554432 (custom)
2023-04-11 17:17:58,631 [pool-352-thread-1] INFO  server.RaftServerConfigKeys (ConfUtils.java:logGet(46)) - raft.server.log.statemachine.data.read.timeout = 1000ms (default)
2023-04-11 17:17:58,631 [pool-352-thread-1] INFO  server.RaftServerConfigKeys (ConfUtils.java:logGet(46)) - raft.server.log.purge.preservation.log.num = 0 (default)
2023-04-11 17:17:58,631 [pool-352-thread-1] INFO  server.RaftServerConfigKeys (ConfUtils.java:logGet(46)) - raft.server.log.segment.size.max = 1048576 (custom)
2023-04-11 17:17:58,632 [pool-352-thread-1] INFO  server.RaftServerConfigKeys (ConfUtils.java:logGet(46)) - raft.server.log.segment.cache.num.max = 2 (custom)
2023-04-11 17:17:58,632 [pool-352-thread-1] INFO  server.RaftServerConfigKeys (ConfUtils.java:logGet(46)) - raft.server.log.segment.cache.size.max = 200MB (=209715200) (default)
2023-04-11 17:17:58,632 [pool-352-thread-1] INFO  segmented.SegmentedRaftLogWorker (SegmentedRaftLogWorker.java:<init>(189)) - new 302076d3-f1b4-4ab2-b5f1-f71a9676adc4@group-F83941FA9AF0-SegmentedRaftLogWorker for RaftStorageImpl:Storage Directory /home/runner/work/ozone/ozone/hadoop-ozone/integration-test/target/test-dir/MiniOzoneClusterImpl-3c04abff-9f55-4a78-ab47-7ca56afb4af6/datanode-3/data/ratis/46fb347a-1b32-48ba-874c-f83941fa9af0
2023-04-11 17:17:58,632 [pool-352-thread-1] INFO  server.RaftServerConfigKeys (ConfUtils.java:logGet(46)) - raft.server.log.queue.byte-limit = 4294967296 (custom)
2023-04-11 17:17:58,632 [pool-352-thread-1] INFO  server.RaftServerConfigKeys (ConfUtils.java:logGet(46)) - raft.server.log.queue.element-limit = 1024 (custom)
2023-04-11 17:17:58,632 [pool-352-thread-1] INFO  server.RaftServerConfigKeys (ConfUtils.java:logGet(46)) - raft.server.log.segment.size.max = 1048576 (custom)
2023-04-11 17:17:58,632 [pool-352-thread-1] INFO  server.RaftServerConfigKeys (ConfUtils.java:logGet(46)) - raft.server.log.preallocated.size = 16384 (custom)
2023-04-11 17:17:58,632 [pool-352-thread-1] INFO  server.RaftServerConfigKeys (ConfUtils.java:logGet(46)) - raft.server.log.force.sync.num = 128 (default)
2023-04-11 17:17:58,632 [EventQueue-PipelineReportForPipelineReportHandler] INFO  pipeline.PipelineManagerImpl (PipelineManagerImpl.java:openPipeline(367)) - Pipeline Pipeline[ Id: 46fb347a-1b32-48ba-874c-f83941fa9af0, Nodes: 302076d3-f1b4-4ab2-b5f1-f71a9676adc4(fv-az377-102.ap30g4v5sw5evmjtdmxdg2w53f.dx.internal.cloudapp.net/10.1.0.70), ReplicationConfig: RATIS/ONE, State:ALLOCATED, leaderId:302076d3-f1b4-4ab2-b5f1-f71a9676adc4, CreationTimestamp2023-04-11T17:17:55.621Z[Etc/UTC]] moved to OPEN state
2023-04-11 17:17:58,632 [pool-352-thread-1] INFO  server.RaftServerConfigKeys (ConfUtils.java:logGet(46)) - raft.server.log.statemachine.data.sync = true (default)
2023-04-11 17:17:58,633 [pool-352-thread-1] INFO  server.RaftServerConfigKeys (ConfUtils.java:logGet(46)) - raft.server.log.statemachine.data.sync.timeout = 10s (default)
2023-04-11 17:17:58,633 [EventQueue-OpenPipelineForHealthyPipelineSafeModeRule] INFO  safemode.SCMSafeModeManager (HealthyPipelineSafeModeRule.java:process(137)) - SCM in safe mode. Healthy pipelines reported count is 0, required healthy pipeline reported count is 1
2023-04-11 17:17:58,633 [pool-352-thread-1] INFO  server.RaftServerConfigKeys (ConfUtils.java:logGet(46)) - raft.server.log.statemachine.data.sync.timeout.retry = -1 (default)
2023-04-11 17:17:58,634 [pool-352-thread-1] INFO  server.RaftServerConfigKeys (ConfUtils.java:logGet(46)) - raft.server.log.write.buffer.size = 1048576 (custom)
2023-04-11 17:17:58,634 [pool-352-thread-1] INFO  server.RaftServerConfigKeys (ConfUtils.java:logGet(46)) - raft.server.log.appender.buffer.byte-limit = 33554432 (custom)
2023-04-11 17:17:58,640 [pool-352-thread-1] INFO  server.RaftServerConfigKeys (ConfUtils.java:logGet(46)) - raft.server.log.unsafe-flush.enabled = false (default)
2023-04-11 17:17:58,640 [pool-352-thread-1] INFO  server.RaftServerConfigKeys (ConfUtils.java:logGet(46)) - raft.server.log.async-flush.enabled = false (default)
2023-04-11 17:17:58,640 [pool-352-thread-1] INFO  server.RaftServerConfigKeys (ConfUtils.java:logGet(46)) - raft.server.log.statemachine.data.caching.enabled = true (custom)
2023-04-11 17:17:58,640 [pool-352-thread-1] INFO  segmented.SegmentedRaftLogWorker (SegmentedRaftLogWorker.java:lambda$new$0(135)) - 302076d3-f1b4-4ab2-b5f1-f71a9676adc4@group-F83941FA9AF0-SegmentedRaftLogWorker: flushIndex: setUnconditionally 0 -> -1
2023-04-11 17:17:58,640 [pool-352-thread-1] INFO  segmented.SegmentedRaftLogWorker (SegmentedRaftLogWorker.java:lambda$new$0(135)) - 302076d3-f1b4-4ab2-b5f1-f71a9676adc4@group-F83941FA9AF0-SegmentedRaftLogWorker: safeCacheEvictIndex: setUnconditionally 0 -> -1
2023-04-11 17:17:58,640 [pool-352-thread-1] INFO  server.RaftServer$Division (RaftServerImpl.java:start(334)) - 302076d3-f1b4-4ab2-b5f1-f71a9676adc4@group-F83941FA9AF0: start as a follower, conf=-1: peers:[302076d3-f1b4-4ab2-b5f1-f71a9676adc4|rpc:10.1.0.70:41023|dataStream:10.1.0.70:44817|priority:1|startupRole:FOLLOWER]|listeners:[], old=null
2023-04-11 17:17:58,640 [pool-352-thread-1] INFO  server.RaftServer$Division (RaftServerImpl.java:setRole(321)) - 302076d3-f1b4-4ab2-b5f1-f71a9676adc4@group-F83941FA9AF0: changes role from      null to FOLLOWER at term 0 for startAsFollower
2023-04-11 17:17:58,640 [pool-352-thread-1] INFO  impl.RoleInfo (RoleInfo.java:updateAndGet(139)) - 302076d3-f1b4-4ab2-b5f1-f71a9676adc4: start 302076d3-f1b4-4ab2-b5f1-f71a9676adc4@group-F83941FA9AF0-FollowerState
2023-04-11 17:17:58,641 [pool-352-thread-1] INFO  util.JmxRegister (JmxRegister.java:tryRegister(44)) - Successfully registered JMX Bean with object name Ratis:service=RaftServer,group=group-F83941FA9AF0,id=302076d3-f1b4-4ab2-b5f1-f71a9676adc4
2023-04-11 17:17:58,641 [pool-352-thread-1] INFO  server.RaftServerConfigKeys (ConfUtils.java:logGet(46)) - raft.server.snapshot.auto.trigger.enabled = true (custom)
2023-04-11 17:17:58,641 [pool-352-thread-1] INFO  server.RaftServerConfigKeys (ConfUtils.java:logGet(46)) - raft.server.snapshot.auto.trigger.threshold = 10000 (custom)
2023-04-11 17:17:58,641 [pool-352-thread-1] INFO  server.RaftServerConfigKeys (ConfUtils.java:logGet(46)) - raft.server.snapshot.retention.file.num = 5 (custom)
2023-04-11 17:17:58,641 [pool-352-thread-1] INFO  server.RaftServerConfigKeys (ConfUtils.java:logGet(46)) - raft.server.log.purge.upto.snapshot.index = false (default)
2023-04-11 17:17:58,641 [302076d3-f1b4-4ab2-b5f1-f71a9676adc4@group-F83941FA9AF0-FollowerState] INFO  server.RaftServerConfigKeys (ConfUtils.java:logFallback(53)) - raft.server.rpc.first-election.timeout.min = 5s (fallback to raft.server.rpc.timeout.min)
2023-04-11 17:17:58,642 [302076d3-f1b4-4ab2-b5f1-f71a9676adc4@group-F83941FA9AF0-FollowerState] INFO  server.RaftServerConfigKeys (ConfUtils.java:logFallback(53)) - raft.server.rpc.first-election.timeout.max = 5200ms (fallback to raft.server.rpc.timeout.max)
2023-04-11 17:17:58,644 [Command processor thread] INFO  ratis.XceiverServerRatis (XceiverServerRatis.java:addGroup(806)) - Created group PipelineID=46fb347a-1b32-48ba-874c-f83941fa9af0
2023-04-11 17:17:58,644 [Command processor thread] INFO  commandhandler.CreatePipelineCommandHandler (CreatePipelineCommandHandler.java:handle(113)) - Created Pipeline RATIS ONE PipelineID=46fb347a-1b32-48ba-874c-f83941fa9af0.
2023-04-11 17:17:58,972 [Command processor thread] INFO  server.RaftServer (RaftServerProxy.java:addNew(96)) - f68eba80-45f1-4a76-a2e4-30d77c550dcc: addNew group-F979BD690190:[f68eba80-45f1-4a76-a2e4-30d77c550dcc|rpc:10.1.0.70:37605|dataStream:10.1.0.70:40947|priority:1|startupRole:FOLLOWER] returns group-F979BD690190:java.util.concurrent.CompletableFuture@60e4200c[Not completed]
2023-04-11 17:17:58,973 [pool-374-thread-1] INFO  server.RaftServer$Division (RaftServerImpl.java:<init>(195)) - f68eba80-45f1-4a76-a2e4-30d77c550dcc: new RaftServerImpl for group-F979BD690190:[f68eba80-45f1-4a76-a2e4-30d77c550dcc|rpc:10.1.0.70:37605|dataStream:10.1.0.70:40947|priority:1|startupRole:FOLLOWER] with ContainerStateMachine:uninitialized
2023-04-11 17:17:58,973 [pool-374-thread-1] INFO  server.RaftServerConfigKeys (ConfUtils.java:logGet(46)) - raft.server.rpc.timeout.min = 5s (custom)
2023-04-11 17:17:58,973 [pool-374-thread-1] INFO  server.RaftServerConfigKeys (ConfUtils.java:logGet(46)) - raft.server.rpc.timeout.max = 5200ms (custom)
2023-04-11 17:17:58,973 [pool-374-thread-1] INFO  server.RaftServerConfigKeys (ConfUtils.java:logGet(46)) - raft.server.rpc.sleep.time = 25ms (default)
2023-04-11 17:17:58,973 [pool-374-thread-1] INFO  server.RaftServerConfigKeys (ConfUtils.java:logGet(46)) - raft.server.rpc.slowness.timeout = 300s (custom)
2023-04-11 17:17:58,973 [pool-374-thread-1] INFO  server.RaftServerConfigKeys (ConfUtils.java:logGet(46)) - raft.server.leaderelection.leader.step-down.wait-time = 10s (default)
2023-04-11 17:17:58,973 [pool-374-thread-1] INFO  server.RaftServerConfigKeys (ConfUtils.java:logGet(46)) - raft.server.sleep.deviation.threshold = 300ms (default)
2023-04-11 17:17:58,973 [pool-374-thread-1] INFO  server.RaftServer$Division (ServerState.java:<init>(118)) - f68eba80-45f1-4a76-a2e4-30d77c550dcc@group-F979BD690190: ConfigurationManager, init=-1: peers:[f68eba80-45f1-4a76-a2e4-30d77c550dcc|rpc:10.1.0.70:37605|dataStream:10.1.0.70:40947|priority:1|startupRole:FOLLOWER]|listeners:[], old=null, confs=<EMPTY_MAP>
2023-04-11 17:17:58,974 [pool-374-thread-1] INFO  server.RaftServerConfigKeys (ConfUtils.java:logGet(46)) - raft.server.storage.dir = [/home/runner/work/ozone/ozone/hadoop-ozone/integration-test/target/test-dir/MiniOzoneClusterImpl-3c04abff-9f55-4a78-ab47-7ca56afb4af6/datanode-4/data/ratis] (custom)
2023-04-11 17:17:58,974 [pool-374-thread-1] INFO  server.RaftServerConfigKeys (ConfUtils.java:logGet(46)) - raft.server.log.corruption.policy = EXCEPTION (default)
2023-04-11 17:17:58,974 [pool-374-thread-1] INFO  server.RaftServerConfigKeys (ConfUtils.java:logGet(46)) - raft.server.storage.free-space.min = 0MB (=0) (default)
2023-04-11 17:17:58,974 [pool-374-thread-1] INFO  server.RaftServerConfigKeys (ConfUtils.java:logGet(46)) - raft.server.notification.no-leader.timeout = 300s (custom)
2023-04-11 17:17:58,974 [pool-374-thread-1] INFO  server.RaftServerConfigKeys (ConfUtils.java:logGet(46)) - raft.server.retrycache.expirytime = 600000ms (custom)
2023-04-11 17:17:58,974 [pool-374-thread-1] INFO  server.RaftServerConfigKeys (ConfUtils.java:logGet(46)) - raft.server.retrycache.statistics.expirytime = 100μs (default)
2023-04-11 17:17:58,976 [pool-374-thread-1] INFO  server.RaftServerConfigKeys (ConfUtils.java:logGet(46)) - raft.server.log.appender.install.snapshot.enabled = false (custom)
2023-04-11 17:17:58,976 [pool-374-thread-1] INFO  server.RaftServerConfigKeys (ConfUtils.java:logGet(46)) - raft.server.threadpool.server.cached = true (default)
2023-04-11 17:17:58,976 [pool-374-thread-1] INFO  server.RaftServerConfigKeys (ConfUtils.java:logGet(46)) - raft.server.threadpool.server.size = 0 (default)
2023-04-11 17:17:58,976 [pool-374-thread-1] INFO  server.RaftServerConfigKeys (ConfUtils.java:logGet(46)) - raft.server.threadpool.client.cached = true (default)
2023-04-11 17:17:58,976 [pool-374-thread-1] INFO  server.RaftServerConfigKeys (ConfUtils.java:logGet(46)) - raft.server.threadpool.client.size = 0 (default)
2023-04-11 17:17:58,977 [pool-374-thread-1] INFO  storage.RaftStorageDirectory (RaftStorageDirectoryImpl.java:analyzeStorage(137)) - The storage directory /home/runner/work/ozone/ozone/hadoop-ozone/integration-test/target/test-dir/MiniOzoneClusterImpl-3c04abff-9f55-4a78-ab47-7ca56afb4af6/datanode-4/data/ratis/4981b2ae-8cd4-4b81-bbc7-f979bd690190 does not exist. Creating ...
2023-04-11 17:17:58,978 [pool-374-thread-1] INFO  storage.RaftStorageDirectory (RaftStorageDirectoryImpl.java:tryLock(231)) - Lock on /home/runner/work/ozone/ozone/hadoop-ozone/integration-test/target/test-dir/MiniOzoneClusterImpl-3c04abff-9f55-4a78-ab47-7ca56afb4af6/datanode-4/data/ratis/4981b2ae-8cd4-4b81-bbc7-f979bd690190/in_use.lock acquired by nodename 52175@fv-az377-102
2023-04-11 17:17:58,979 [pool-374-thread-1] INFO  storage.RaftStorage (RaftStorageImpl.java:format(96)) - Storage directory /home/runner/work/ozone/ozone/hadoop-ozone/integration-test/target/test-dir/MiniOzoneClusterImpl-3c04abff-9f55-4a78-ab47-7ca56afb4af6/datanode-4/data/ratis/4981b2ae-8cd4-4b81-bbc7-f979bd690190 has been successfully formatted.
2023-04-11 17:17:58,981 [pool-374-thread-1] INFO  ratis.ContainerStateMachine (ContainerStateMachine.java:loadSnapshot(262)) - group-F979BD690190: The snapshot info is null. Setting the last applied indexto:(t:0, i:~)
2023-04-11 17:17:58,981 [pool-374-thread-1] INFO  server.RaftServerConfigKeys (ConfUtils.java:logGet(46)) - raft.server.log.use.memory = false (default)
2023-04-11 17:17:58,981 [pool-374-thread-1] INFO  server.RaftServerConfigKeys (ConfUtils.java:logGet(46)) - raft.server.log.purge.gap = 1000000 (custom)
2023-04-11 17:17:58,981 [pool-374-thread-1] INFO  server.RaftServerConfigKeys (ConfUtils.java:logGet(46)) - raft.server.log.appender.buffer.byte-limit = 33554432 (custom)
2023-04-11 17:17:58,981 [pool-374-thread-1] INFO  server.RaftServerConfigKeys (ConfUtils.java:logGet(46)) - raft.server.log.statemachine.data.read.timeout = 1000ms (default)
2023-04-11 17:17:58,981 [pool-374-thread-1] INFO  server.RaftServerConfigKeys (ConfUtils.java:logGet(46)) - raft.server.log.purge.preservation.log.num = 0 (default)
2023-04-11 17:17:58,982 [pool-374-thread-1] INFO  server.RaftServerConfigKeys (ConfUtils.java:logGet(46)) - raft.server.log.segment.size.max = 1048576 (custom)
2023-04-11 17:17:58,982 [EventQueue-PipelineReportForPipelineReportHandler] INFO  pipeline.PipelineManagerImpl (PipelineManagerImpl.java:openPipeline(367)) - Pipeline Pipeline[ Id: 4981b2ae-8cd4-4b81-bbc7-f979bd690190, Nodes: f68eba80-45f1-4a76-a2e4-30d77c550dcc(fv-az377-102.ap30g4v5sw5evmjtdmxdg2w53f.dx.internal.cloudapp.net/10.1.0.70), ReplicationConfig: RATIS/ONE, State:ALLOCATED, leaderId:f68eba80-45f1-4a76-a2e4-30d77c550dcc, CreationTimestamp2023-04-11T17:17:55.973Z[Etc/UTC]] moved to OPEN state
2023-04-11 17:17:58,982 [EventQueue-OpenPipelineForHealthyPipelineSafeModeRule] INFO  safemode.SCMSafeModeManager (HealthyPipelineSafeModeRule.java:process(137)) - SCM in safe mode. Healthy pipelines reported count is 0, required healthy pipeline reported count is 1
2023-04-11 17:17:58,983 [pool-374-thread-1] INFO  server.RaftServerConfigKeys (ConfUtils.java:logGet(46)) - raft.server.log.segment.cache.num.max = 2 (custom)
2023-04-11 17:17:58,983 [pool-374-thread-1] INFO  server.RaftServerConfigKeys (ConfUtils.java:logGet(46)) - raft.server.log.segment.cache.size.max = 200MB (=209715200) (default)
2023-04-11 17:17:58,983 [pool-374-thread-1] INFO  segmented.SegmentedRaftLogWorker (SegmentedRaftLogWorker.java:<init>(189)) - new f68eba80-45f1-4a76-a2e4-30d77c550dcc@group-F979BD690190-SegmentedRaftLogWorker for RaftStorageImpl:Storage Directory /home/runner/work/ozone/ozone/hadoop-ozone/integration-test/target/test-dir/MiniOzoneClusterImpl-3c04abff-9f55-4a78-ab47-7ca56afb4af6/datanode-4/data/ratis/4981b2ae-8cd4-4b81-bbc7-f979bd690190
2023-04-11 17:17:58,983 [pool-374-thread-1] INFO  server.RaftServerConfigKeys (ConfUtils.java:logGet(46)) - raft.server.log.queue.byte-limit = 4294967296 (custom)
2023-04-11 17:17:58,983 [pool-374-thread-1] INFO  server.RaftServerConfigKeys (ConfUtils.java:logGet(46)) - raft.server.log.queue.element-limit = 1024 (custom)
2023-04-11 17:17:58,983 [pool-374-thread-1] INFO  server.RaftServerConfigKeys (ConfUtils.java:logGet(46)) - raft.server.log.segment.size.max = 1048576 (custom)
2023-04-11 17:17:58,983 [pool-374-thread-1] INFO  server.RaftServerConfigKeys (ConfUtils.java:logGet(46)) - raft.server.log.preallocated.size = 16384 (custom)
2023-04-11 17:17:58,983 [pool-374-thread-1] INFO  server.RaftServerConfigKeys (ConfUtils.java:logGet(46)) - raft.server.log.force.sync.num = 128 (default)
2023-04-11 17:17:58,983 [pool-374-thread-1] INFO  server.RaftServerConfigKeys (ConfUtils.java:logGet(46)) - raft.server.log.statemachine.data.sync = true (default)
2023-04-11 17:17:58,983 [pool-374-thread-1] INFO  server.RaftServerConfigKeys (ConfUtils.java:logGet(46)) - raft.server.log.statemachine.data.sync.timeout = 10s (default)
2023-04-11 17:17:58,983 [pool-374-thread-1] INFO  server.RaftServerConfigKeys (ConfUtils.java:logGet(46)) - raft.server.log.statemachine.data.sync.timeout.retry = -1 (default)
2023-04-11 17:17:58,983 [pool-374-thread-1] INFO  server.RaftServerConfigKeys (ConfUtils.java:logGet(46)) - raft.server.log.write.buffer.size = 1048576 (custom)
2023-04-11 17:17:58,984 [pool-374-thread-1] INFO  server.RaftServerConfigKeys (ConfUtils.java:logGet(46)) - raft.server.log.appender.buffer.byte-limit = 33554432 (custom)
2023-04-11 17:17:58,989 [pool-374-thread-1] INFO  server.RaftServerConfigKeys (ConfUtils.java:logGet(46)) - raft.server.log.unsafe-flush.enabled = false (default)
2023-04-11 17:17:58,989 [pool-374-thread-1] INFO  server.RaftServerConfigKeys (ConfUtils.java:logGet(46)) - raft.server.log.async-flush.enabled = false (default)
2023-04-11 17:17:58,989 [pool-374-thread-1] INFO  server.RaftServerConfigKeys (ConfUtils.java:logGet(46)) - raft.server.log.statemachine.data.caching.enabled = true (custom)
2023-04-11 17:17:58,989 [pool-374-thread-1] INFO  segmented.SegmentedRaftLogWorker (SegmentedRaftLogWorker.java:lambda$new$0(135)) - f68eba80-45f1-4a76-a2e4-30d77c550dcc@group-F979BD690190-SegmentedRaftLogWorker: flushIndex: setUnconditionally 0 -> -1
2023-04-11 17:17:58,989 [pool-374-thread-1] INFO  segmented.SegmentedRaftLogWorker (SegmentedRaftLogWorker.java:lambda$new$0(135)) - f68eba80-45f1-4a76-a2e4-30d77c550dcc@group-F979BD690190-SegmentedRaftLogWorker: safeCacheEvictIndex: setUnconditionally 0 -> -1
2023-04-11 17:17:58,989 [pool-374-thread-1] INFO  server.RaftServer$Division (RaftServerImpl.java:start(334)) - f68eba80-45f1-4a76-a2e4-30d77c550dcc@group-F979BD690190: start as a follower, conf=-1: peers:[f68eba80-45f1-4a76-a2e4-30d77c550dcc|rpc:10.1.0.70:37605|dataStream:10.1.0.70:40947|priority:1|startupRole:FOLLOWER]|listeners:[], old=null
2023-04-11 17:17:58,989 [pool-374-thread-1] INFO  server.RaftServer$Division (RaftServerImpl.java:setRole(321)) - f68eba80-45f1-4a76-a2e4-30d77c550dcc@group-F979BD690190: changes role from      null to FOLLOWER at term 0 for startAsFollower
2023-04-11 17:17:58,989 [pool-374-thread-1] INFO  impl.RoleInfo (RoleInfo.java:updateAndGet(139)) - f68eba80-45f1-4a76-a2e4-30d77c550dcc: start f68eba80-45f1-4a76-a2e4-30d77c550dcc@group-F979BD690190-FollowerState
2023-04-11 17:17:58,990 [f68eba80-45f1-4a76-a2e4-30d77c550dcc@group-F979BD690190-FollowerState] INFO  server.RaftServerConfigKeys (ConfUtils.java:logFallback(53)) - raft.server.rpc.first-election.timeout.min = 5s (fallback to raft.server.rpc.timeout.min)
2023-04-11 17:17:58,990 [f68eba80-45f1-4a76-a2e4-30d77c550dcc@group-F979BD690190-FollowerState] INFO  server.RaftServerConfigKeys (ConfUtils.java:logFallback(53)) - raft.server.rpc.first-election.timeout.max = 5200ms (fallback to raft.server.rpc.timeout.max)
2023-04-11 17:17:58,990 [pool-374-thread-1] INFO  util.JmxRegister (JmxRegister.java:tryRegister(44)) - Successfully registered JMX Bean with object name Ratis:service=RaftServer,group=group-F979BD690190,id=f68eba80-45f1-4a76-a2e4-30d77c550dcc
2023-04-11 17:17:58,990 [pool-374-thread-1] INFO  server.RaftServerConfigKeys (ConfUtils.java:logGet(46)) - raft.server.snapshot.auto.trigger.enabled = true (custom)
2023-04-11 17:17:58,990 [pool-374-thread-1] INFO  server.RaftServerConfigKeys (ConfUtils.java:logGet(46)) - raft.server.snapshot.auto.trigger.threshold = 10000 (custom)
2023-04-11 17:17:58,990 [pool-374-thread-1] INFO  server.RaftServerConfigKeys (ConfUtils.java:logGet(46)) - raft.server.snapshot.retention.file.num = 5 (custom)
2023-04-11 17:17:58,990 [pool-374-thread-1] INFO  server.RaftServerConfigKeys (ConfUtils.java:logGet(46)) - raft.server.log.purge.upto.snapshot.index = false (default)
2023-04-11 17:17:58,991 [Command processor thread] INFO  ratis.XceiverServerRatis (XceiverServerRatis.java:addGroup(806)) - Created group PipelineID=4981b2ae-8cd4-4b81-bbc7-f979bd690190
2023-04-11 17:17:58,991 [Command processor thread] INFO  commandhandler.CreatePipelineCommandHandler (CreatePipelineCommandHandler.java:handle(113)) - Created Pipeline RATIS ONE PipelineID=4981b2ae-8cd4-4b81-bbc7-f979bd690190.
2023-04-11 17:17:59,170 [Listener at 127.0.0.1/38777] INFO  ozone.MiniOzoneClusterImpl (MiniOzoneClusterImpl.java:lambda$waitForClusterToBeReady$0(222)) - Nodes are ready. Got 5 of 5 DN Heartbeats.
2023-04-11 17:17:59,171 [Listener at 127.0.0.1/38777] INFO  ozone.MiniOzoneClusterImpl (MiniOzoneClusterImpl.java:lambda$waitForClusterToBeReady$0(225)) - Waiting for cluster to exit safe mode
2023-04-11 17:17:59,171 [Listener at 127.0.0.1/38777] INFO  ozone.MiniOzoneClusterImpl (MiniOzoneClusterImpl.java:lambda$waitForClusterToBeReady$0(227)) - SCM became leader
2023-04-11 17:18:00,171 [Listener at 127.0.0.1/38777] INFO  ozone.MiniOzoneClusterImpl (MiniOzoneClusterImpl.java:lambda$waitForClusterToBeReady$0(222)) - Nodes are ready. Got 5 of 5 DN Heartbeats.
2023-04-11 17:18:00,171 [Listener at 127.0.0.1/38777] INFO  ozone.MiniOzoneClusterImpl (MiniOzoneClusterImpl.java:lambda$waitForClusterToBeReady$0(225)) - Waiting for cluster to exit safe mode
2023-04-11 17:18:00,171 [Listener at 127.0.0.1/38777] INFO  ozone.MiniOzoneClusterImpl (MiniOzoneClusterImpl.java:lambda$waitForClusterToBeReady$0(227)) - SCM became leader
2023-04-11 17:18:01,172 [Listener at 127.0.0.1/38777] INFO  ozone.MiniOzoneClusterImpl (MiniOzoneClusterImpl.java:lambda$waitForClusterToBeReady$0(222)) - Nodes are ready. Got 5 of 5 DN Heartbeats.
2023-04-11 17:18:01,172 [Listener at 127.0.0.1/38777] INFO  ozone.MiniOzoneClusterImpl (MiniOzoneClusterImpl.java:lambda$waitForClusterToBeReady$0(225)) - Waiting for cluster to exit safe mode
2023-04-11 17:18:01,172 [Listener at 127.0.0.1/38777] INFO  ozone.MiniOzoneClusterImpl (MiniOzoneClusterImpl.java:lambda$waitForClusterToBeReady$0(227)) - SCM became leader
2023-04-11 17:18:02,172 [Listener at 127.0.0.1/38777] INFO  ozone.MiniOzoneClusterImpl (MiniOzoneClusterImpl.java:lambda$waitForClusterToBeReady$0(222)) - Nodes are ready. Got 5 of 5 DN Heartbeats.
2023-04-11 17:18:02,173 [Listener at 127.0.0.1/38777] INFO  ozone.MiniOzoneClusterImpl (MiniOzoneClusterImpl.java:lambda$waitForClusterToBeReady$0(225)) - Waiting for cluster to exit safe mode
2023-04-11 17:18:02,173 [Listener at 127.0.0.1/38777] INFO  ozone.MiniOzoneClusterImpl (MiniOzoneClusterImpl.java:lambda$waitForClusterToBeReady$0(227)) - SCM became leader
2023-04-11 17:18:02,595 [1466190b-31b8-4a1a-90c9-9931edc03f55@group-E1FE9E25D7BF-FollowerState] INFO  impl.FollowerState (FollowerState.java:run(143)) - 1466190b-31b8-4a1a-90c9-9931edc03f55@group-E1FE9E25D7BF-FollowerState: change to CANDIDATE, lastRpcElapsedTime:5014364630ns, electionTimeout:5012ms
2023-04-11 17:18:02,595 [1466190b-31b8-4a1a-90c9-9931edc03f55@group-E1FE9E25D7BF-FollowerState] INFO  impl.RoleInfo (RoleInfo.java:shutdownFollowerState(110)) - 1466190b-31b8-4a1a-90c9-9931edc03f55: shutdown 1466190b-31b8-4a1a-90c9-9931edc03f55@group-E1FE9E25D7BF-FollowerState
2023-04-11 17:18:02,596 [1466190b-31b8-4a1a-90c9-9931edc03f55@group-E1FE9E25D7BF-FollowerState] INFO  server.RaftServer$Division (RaftServerImpl.java:setRole(321)) - 1466190b-31b8-4a1a-90c9-9931edc03f55@group-E1FE9E25D7BF: changes role from  FOLLOWER to CANDIDATE at term 0 for changeToCandidate
2023-04-11 17:18:02,596 [1466190b-31b8-4a1a-90c9-9931edc03f55@group-E1FE9E25D7BF-FollowerState] INFO  server.RaftServerConfigKeys (ConfUtils.java:logGet(46)) - raft.server.leaderelection.pre-vote = true (default)
2023-04-11 17:18:02,596 [1466190b-31b8-4a1a-90c9-9931edc03f55@group-E1FE9E25D7BF-FollowerState] INFO  impl.RoleInfo (RoleInfo.java:updateAndGet(139)) - 1466190b-31b8-4a1a-90c9-9931edc03f55: start 1466190b-31b8-4a1a-90c9-9931edc03f55@group-E1FE9E25D7BF-LeaderElection11
2023-04-11 17:18:02,604 [1466190b-31b8-4a1a-90c9-9931edc03f55@group-E1FE9E25D7BF-LeaderElection11] INFO  impl.LeaderElection (LeaderElection.java:askForVotes(312)) - 1466190b-31b8-4a1a-90c9-9931edc03f55@group-E1FE9E25D7BF-LeaderElection11 PRE_VOTE round 0: submit vote requests at term 0 for -1: peers:[316a6a1b-3f00-43af-9dbc-ac2971b62daf|rpc:10.1.0.70:40413|dataStream:10.1.0.70:42545|priority:1|startupRole:FOLLOWER, 1466190b-31b8-4a1a-90c9-9931edc03f55|rpc:10.1.0.70:40843|dataStream:10.1.0.70:38869|priority:0|startupRole:FOLLOWER, 6e9ccc6a-fad0-416f-afa3-09e4e9fe5838|rpc:10.1.0.70:40587|dataStream:10.1.0.70:33979|priority:0|startupRole:FOLLOWER]|listeners:[], old=null
2023-04-11 17:18:02,605 [1466190b-31b8-4a1a-90c9-9931edc03f55@group-E1FE9E25D7BF-LeaderElection11] INFO  server.RaftServerConfigKeys (ConfUtils.java:logFallback(53)) - raft.server.rpc.first-election.timeout.min = 5s (fallback to raft.server.rpc.timeout.min)
2023-04-11 17:18:02,605 [1466190b-31b8-4a1a-90c9-9931edc03f55@group-E1FE9E25D7BF-LeaderElection11-1] INFO  server.GrpcServerProtocolClient (GrpcServerProtocolClient.java:<init>(63)) - Build channel for 316a6a1b-3f00-43af-9dbc-ac2971b62daf
2023-04-11 17:18:02,605 [1466190b-31b8-4a1a-90c9-9931edc03f55@group-E1FE9E25D7BF-LeaderElection11] INFO  server.RaftServerConfigKeys (ConfUtils.java:logFallback(53)) - raft.server.rpc.first-election.timeout.max = 5200ms (fallback to raft.server.rpc.timeout.max)
2023-04-11 17:18:02,605 [1466190b-31b8-4a1a-90c9-9931edc03f55@group-E1FE9E25D7BF-LeaderElection11-2] INFO  server.GrpcServerProtocolClient (GrpcServerProtocolClient.java:<init>(63)) - Build channel for 6e9ccc6a-fad0-416f-afa3-09e4e9fe5838
2023-04-11 17:18:02,615 [6e9ccc6a-fad0-416f-afa3-09e4e9fe5838@group-97D18BC0E911-FollowerState] INFO  impl.FollowerState (FollowerState.java:run(143)) - 6e9ccc6a-fad0-416f-afa3-09e4e9fe5838@group-97D18BC0E911-FollowerState: change to CANDIDATE, lastRpcElapsedTime:5139397157ns, electionTimeout:5138ms
2023-04-11 17:18:02,615 [6e9ccc6a-fad0-416f-afa3-09e4e9fe5838@group-97D18BC0E911-FollowerState] INFO  impl.RoleInfo (RoleInfo.java:shutdownFollowerState(110)) - 6e9ccc6a-fad0-416f-afa3-09e4e9fe5838: shutdown 6e9ccc6a-fad0-416f-afa3-09e4e9fe5838@group-97D18BC0E911-FollowerState
2023-04-11 17:18:02,615 [6e9ccc6a-fad0-416f-afa3-09e4e9fe5838@group-97D18BC0E911-FollowerState] INFO  server.RaftServer$Division (RaftServerImpl.java:setRole(321)) - 6e9ccc6a-fad0-416f-afa3-09e4e9fe5838@group-97D18BC0E911: changes role from  FOLLOWER to CANDIDATE at term 0 for changeToCandidate
2023-04-11 17:18:02,615 [6e9ccc6a-fad0-416f-afa3-09e4e9fe5838@group-97D18BC0E911-FollowerState] INFO  server.RaftServerConfigKeys (ConfUtils.java:logGet(46)) - raft.server.leaderelection.pre-vote = true (default)
2023-04-11 17:18:02,615 [6e9ccc6a-fad0-416f-afa3-09e4e9fe5838@group-97D18BC0E911-FollowerState] INFO  impl.RoleInfo (RoleInfo.java:updateAndGet(139)) - 6e9ccc6a-fad0-416f-afa3-09e4e9fe5838: start 6e9ccc6a-fad0-416f-afa3-09e4e9fe5838@group-97D18BC0E911-LeaderElection12
2023-04-11 17:18:02,623 [grpc-default-executor-0] INFO  server.RaftServer$Division (RaftServerImpl.java:requestVote(1218)) - 316a6a1b-3f00-43af-9dbc-ac2971b62daf@group-E1FE9E25D7BF: receive requestVote(PRE_VOTE, 1466190b-31b8-4a1a-90c9-9931edc03f55, group-E1FE9E25D7BF, 0, (t:0, i:0))
2023-04-11 17:18:02,623 [grpc-default-executor-0] INFO  impl.VoteContext (VoteContext.java:log(49)) - 316a6a1b-3f00-43af-9dbc-ac2971b62daf@group-E1FE9E25D7BF-FOLLOWER: reject PRE_VOTE from 1466190b-31b8-4a1a-90c9-9931edc03f55: our priority 1 > candidate's priority 0
2023-04-11 17:18:02,623 [grpc-default-executor-0] INFO  server.RaftServer$Division (RaftServerImpl.java:requestVote(1251)) - 316a6a1b-3f00-43af-9dbc-ac2971b62daf@group-E1FE9E25D7BF replies to PRE_VOTE vote request: 1466190b-31b8-4a1a-90c9-9931edc03f55<-316a6a1b-3f00-43af-9dbc-ac2971b62daf#0:FAIL-t0. Peer's state: 316a6a1b-3f00-43af-9dbc-ac2971b62daf@group-E1FE9E25D7BF:t0, leader=null, voted=, raftlog=Memoized:316a6a1b-3f00-43af-9dbc-ac2971b62daf@group-E1FE9E25D7BF-SegmentedRaftLog:OPENED:c-1, conf=-1: peers:[316a6a1b-3f00-43af-9dbc-ac2971b62daf|rpc:10.1.0.70:40413|dataStream:10.1.0.70:42545|priority:1|startupRole:FOLLOWER, 1466190b-31b8-4a1a-90c9-9931edc03f55|rpc:10.1.0.70:40843|dataStream:10.1.0.70:38869|priority:0|startupRole:FOLLOWER, 6e9ccc6a-fad0-416f-afa3-09e4e9fe5838|rpc:10.1.0.70:40587|dataStream:10.1.0.70:33979|priority:0|startupRole:FOLLOWER]|listeners:[], old=null
2023-04-11 17:18:02,624 [1466190b-31b8-4a1a-90c9-9931edc03f55@group-E1FE9E25D7BF-LeaderElection11] INFO  impl.LeaderElection (LeaderElection.java:logAndReturn(90)) - 1466190b-31b8-4a1a-90c9-9931edc03f55@group-E1FE9E25D7BF-LeaderElection11: PRE_VOTE REJECTED received 1 response(s) and 0 exception(s):
2023-04-11 17:18:02,624 [1466190b-31b8-4a1a-90c9-9931edc03f55@group-E1FE9E25D7BF-LeaderElection11] INFO  impl.LeaderElection (LeaderElection.java:logAndReturn(94)) -   Response 0: 1466190b-31b8-4a1a-90c9-9931edc03f55<-316a6a1b-3f00-43af-9dbc-ac2971b62daf#0:FAIL-t0
2023-04-11 17:18:02,624 [1466190b-31b8-4a1a-90c9-9931edc03f55@group-E1FE9E25D7BF-LeaderElection11] INFO  impl.LeaderElection (LeaderElection.java:askForVotes(314)) - 1466190b-31b8-4a1a-90c9-9931edc03f55@group-E1FE9E25D7BF-LeaderElection11 PRE_VOTE round 0: result REJECTED
2023-04-11 17:18:02,626 [1466190b-31b8-4a1a-90c9-9931edc03f55@group-E1FE9E25D7BF-LeaderElection11] INFO  server.RaftServer$Division (RaftServerImpl.java:setRole(321)) - 1466190b-31b8-4a1a-90c9-9931edc03f55@group-E1FE9E25D7BF: changes role from CANDIDATE to FOLLOWER at term 0 for REJECTED
2023-04-11 17:18:02,627 [1466190b-31b8-4a1a-90c9-9931edc03f55@group-E1FE9E25D7BF-LeaderElection11] INFO  impl.RoleInfo (RoleInfo.java:shutdownLeaderElection(130)) - 1466190b-31b8-4a1a-90c9-9931edc03f55: shutdown 1466190b-31b8-4a1a-90c9-9931edc03f55@group-E1FE9E25D7BF-LeaderElection11
2023-04-11 17:18:02,627 [1466190b-31b8-4a1a-90c9-9931edc03f55@group-E1FE9E25D7BF-LeaderElection11] INFO  impl.RoleInfo (RoleInfo.java:updateAndGet(139)) - 1466190b-31b8-4a1a-90c9-9931edc03f55: start 1466190b-31b8-4a1a-90c9-9931edc03f55@group-E1FE9E25D7BF-FollowerState
2023-04-11 17:18:02,627 [grpc-default-executor-0] INFO  server.RaftServer$Division (RaftServerImpl.java:requestVote(1218)) - 6e9ccc6a-fad0-416f-afa3-09e4e9fe5838@group-E1FE9E25D7BF: receive requestVote(PRE_VOTE, 1466190b-31b8-4a1a-90c9-9931edc03f55, group-E1FE9E25D7BF, 0, (t:0, i:0))
2023-04-11 17:18:02,627 [grpc-default-executor-0] INFO  impl.VoteContext (VoteContext.java:log(49)) - 6e9ccc6a-fad0-416f-afa3-09e4e9fe5838@group-E1FE9E25D7BF-FOLLOWER: accept PRE_VOTE from 1466190b-31b8-4a1a-90c9-9931edc03f55: our priority 0 <= candidate's priority 0
2023-04-11 17:18:02,627 [grpc-default-executor-0] INFO  server.RaftServer$Division (RaftServerImpl.java:requestVote(1251)) - 6e9ccc6a-fad0-416f-afa3-09e4e9fe5838@group-E1FE9E25D7BF replies to PRE_VOTE vote request: 1466190b-31b8-4a1a-90c9-9931edc03f55<-6e9ccc6a-fad0-416f-afa3-09e4e9fe5838#0:OK-t0. Peer's state: 6e9ccc6a-fad0-416f-afa3-09e4e9fe5838@group-E1FE9E25D7BF:t0, leader=null, voted=, raftlog=Memoized:6e9ccc6a-fad0-416f-afa3-09e4e9fe5838@group-E1FE9E25D7BF-SegmentedRaftLog:OPENED:c-1, conf=-1: peers:[316a6a1b-3f00-43af-9dbc-ac2971b62daf|rpc:10.1.0.70:40413|dataStream:10.1.0.70:42545|priority:1|startupRole:FOLLOWER, 1466190b-31b8-4a1a-90c9-9931edc03f55|rpc:10.1.0.70:40843|dataStream:10.1.0.70:38869|priority:0|startupRole:FOLLOWER, 6e9ccc6a-fad0-416f-afa3-09e4e9fe5838|rpc:10.1.0.70:40587|dataStream:10.1.0.70:33979|priority:0|startupRole:FOLLOWER]|listeners:[], old=null
2023-04-11 17:18:02,628 [1466190b-31b8-4a1a-90c9-9931edc03f55@group-E1FE9E25D7BF-FollowerState] INFO  server.RaftServerConfigKeys (ConfUtils.java:logFallback(53)) - raft.server.rpc.first-election.timeout.min = 5s (fallback to raft.server.rpc.timeout.min)
2023-04-11 17:18:02,637 [6e9ccc6a-fad0-416f-afa3-09e4e9fe5838@group-97D18BC0E911-LeaderElection12] INFO  impl.LeaderElection (LeaderElection.java:askForVotes(312)) - 6e9ccc6a-fad0-416f-afa3-09e4e9fe5838@group-97D18BC0E911-LeaderElection12 PRE_VOTE round 0: submit vote requests at term 0 for -1: peers:[6e9ccc6a-fad0-416f-afa3-09e4e9fe5838|rpc:10.1.0.70:40587|dataStream:10.1.0.70:33979|priority:1|startupRole:FOLLOWER]|listeners:[], old=null
2023-04-11 17:18:02,637 [1466190b-31b8-4a1a-90c9-9931edc03f55@group-E1FE9E25D7BF-FollowerState] INFO  server.RaftServerConfigKeys (ConfUtils.java:logFallback(53)) - raft.server.rpc.first-election.timeout.max = 5200ms (fallback to raft.server.rpc.timeout.max)
2023-04-11 17:18:02,637 [6e9ccc6a-fad0-416f-afa3-09e4e9fe5838@group-97D18BC0E911-LeaderElection12] INFO  impl.LeaderElection (LeaderElection.java:askForVotes(314)) - 6e9ccc6a-fad0-416f-afa3-09e4e9fe5838@group-97D18BC0E911-LeaderElection12 PRE_VOTE round 0: result PASSED (term=0)
2023-04-11 17:18:02,638 [6e9ccc6a-fad0-416f-afa3-09e4e9fe5838@group-97D18BC0E911-LeaderElection12] INFO  impl.LeaderElection (LeaderElection.java:askForVotes(312)) - 6e9ccc6a-fad0-416f-afa3-09e4e9fe5838@group-97D18BC0E911-LeaderElection12 ELECTION round 0: submit vote requests at term 1 for -1: peers:[6e9ccc6a-fad0-416f-afa3-09e4e9fe5838|rpc:10.1.0.70:40587|dataStream:10.1.0.70:33979|priority:1|startupRole:FOLLOWER]|listeners:[], old=null
2023-04-11 17:18:02,639 [6e9ccc6a-fad0-416f-afa3-09e4e9fe5838@group-97D18BC0E911-LeaderElection12] INFO  impl.LeaderElection (LeaderElection.java:askForVotes(314)) - 6e9ccc6a-fad0-416f-afa3-09e4e9fe5838@group-97D18BC0E911-LeaderElection12 ELECTION round 0: result PASSED (term=1)
2023-04-11 17:18:02,639 [6e9ccc6a-fad0-416f-afa3-09e4e9fe5838@group-97D18BC0E911-LeaderElection12] INFO  impl.RoleInfo (RoleInfo.java:shutdownLeaderElection(130)) - 6e9ccc6a-fad0-416f-afa3-09e4e9fe5838: shutdown 6e9ccc6a-fad0-416f-afa3-09e4e9fe5838@group-97D18BC0E911-LeaderElection12
2023-04-11 17:18:02,639 [6e9ccc6a-fad0-416f-afa3-09e4e9fe5838@group-97D18BC0E911-LeaderElection12] INFO  server.RaftServer$Division (RaftServerImpl.java:setRole(321)) - 6e9ccc6a-fad0-416f-afa3-09e4e9fe5838@group-97D18BC0E911: changes role from CANDIDATE to LEADER at term 1 for changeToLeader
2023-04-11 17:18:02,639 [6e9ccc6a-fad0-416f-afa3-09e4e9fe5838@group-97D18BC0E911-LeaderElection12] INFO  ratis.XceiverServerRatis (XceiverServerRatis.java:handleLeaderChangedNotification(904)) - Leader change notification received for group: group-97D18BC0E911 with new leaderId: 6e9ccc6a-fad0-416f-afa3-09e4e9fe5838
2023-04-11 17:18:02,639 [6e9ccc6a-fad0-416f-afa3-09e4e9fe5838@group-97D18BC0E911-LeaderElection12] INFO  server.RaftServer$Division (ServerState.java:setLeader(313)) - 6e9ccc6a-fad0-416f-afa3-09e4e9fe5838@group-97D18BC0E911: change Leader from null to 6e9ccc6a-fad0-416f-afa3-09e4e9fe5838 at term 1 for becomeLeader, leader elected after 5178ms
2023-04-11 17:18:02,640 [EventQueue-OpenPipelineForHealthyPipelineSafeModeRule] INFO  safemode.SCMSafeModeManager (HealthyPipelineSafeModeRule.java:process(137)) - SCM in safe mode. Healthy pipelines reported count is 0, required healthy pipeline reported count is 1
2023-04-11 17:18:02,640 [6e9ccc6a-fad0-416f-afa3-09e4e9fe5838@group-97D18BC0E911-LeaderElection12] INFO  server.RaftServerConfigKeys (ConfUtils.java:logGet(46)) - raft.server.staging.catchup.gap = 1000 (default)
2023-04-11 17:18:02,640 [6e9ccc6a-fad0-416f-afa3-09e4e9fe5838@group-97D18BC0E911-LeaderElection12] INFO  server.RaftServerConfigKeys (ConfUtils.java:logGet(46)) - raft.server.write.element-limit = 1024 (custom)
2023-04-11 17:18:02,640 [6e9ccc6a-fad0-416f-afa3-09e4e9fe5838@group-97D18BC0E911-LeaderElection12] INFO  server.RaftServerConfigKeys (ConfUtils.java:logGet(46)) - raft.server.write.byte-limit = 1024 M (=1073741824) (custom)
2023-04-11 17:18:02,640 [6e9ccc6a-fad0-416f-afa3-09e4e9fe5838@group-97D18BC0E911-LeaderElection12] INFO  server.RaftServerConfigKeys (ConfUtils.java:logGet(46)) - raft.server.watch.timeout = 180s (custom)
2023-04-11 17:18:02,641 [6e9ccc6a-fad0-416f-afa3-09e4e9fe5838@group-97D18BC0E911-LeaderElection12] INFO  server.RaftServerConfigKeys (ConfUtils.java:logGet(46)) - raft.server.watch.timeout.denomination = 1s (default)
2023-04-11 17:18:02,641 [6e9ccc6a-fad0-416f-afa3-09e4e9fe5838@group-97D18BC0E911-LeaderElection12] INFO  server.RaftServerConfigKeys (ConfUtils.java:logGet(46)) - raft.server.watch.element-limit = 65536 (default)
2023-04-11 17:18:02,641 [6e9ccc6a-fad0-416f-afa3-09e4e9fe5838@group-97D18BC0E911-LeaderElection12] INFO  server.RaftServerConfigKeys (ConfUtils.java:logGet(46)) - raft.server.write.element-limit = 1024 (custom)
2023-04-11 17:18:02,641 [6e9ccc6a-fad0-416f-afa3-09e4e9fe5838@group-97D18BC0E911-LeaderElection12] INFO  server.RaftServerConfigKeys (ConfUtils.java:logGet(46)) - raft.server.write.follower.gap.ratio.max = -1.0 (default)
2023-04-11 17:18:02,641 [6e9ccc6a-fad0-416f-afa3-09e4e9fe5838@group-97D18BC0E911-LeaderElection12] INFO  impl.RoleInfo (RoleInfo.java:updateAndGet(139)) - 6e9ccc6a-fad0-416f-afa3-09e4e9fe5838: start 6e9ccc6a-fad0-416f-afa3-09e4e9fe5838@group-97D18BC0E911-LeaderStateImpl
2023-04-11 17:18:02,641 [6e9ccc6a-fad0-416f-afa3-09e4e9fe5838@group-97D18BC0E911-LeaderElection12] INFO  segmented.SegmentedRaftLogWorker (SegmentedRaftLogWorker.java:startLogSegment(452)) - 6e9ccc6a-fad0-416f-afa3-09e4e9fe5838@group-97D18BC0E911-SegmentedRaftLogWorker: Starting segment from index:0
2023-04-11 17:18:02,643 [6e9ccc6a-fad0-416f-afa3-09e4e9fe5838@group-97D18BC0E911-LeaderElection12] INFO  server.RaftServer$Division (ServerState.java:setRaftConf(430)) - 6e9ccc6a-fad0-416f-afa3-09e4e9fe5838@group-97D18BC0E911: set configuration 0: peers:[6e9ccc6a-fad0-416f-afa3-09e4e9fe5838|rpc:10.1.0.70:40587|dataStream:10.1.0.70:33979|priority:1|startupRole:FOLLOWER]|listeners:[], old=null
2023-04-11 17:18:02,644 [6e9ccc6a-fad0-416f-afa3-09e4e9fe5838@group-97D18BC0E911-SegmentedRaftLogWorker] INFO  segmented.SegmentedRaftLogWorker (SegmentedRaftLogWorker.java:execute(656)) - 6e9ccc6a-fad0-416f-afa3-09e4e9fe5838@group-97D18BC0E911-SegmentedRaftLogWorker: created new log segment /home/runner/work/ozone/ozone/hadoop-ozone/integration-test/target/test-dir/MiniOzoneClusterImpl-3c04abff-9f55-4a78-ab47-7ca56afb4af6/datanode-0/data/ratis/4b589ffa-5a17-4059-a19e-97d18bc0e911/current/log_inprogress_0
2023-04-11 17:18:02,656 [6e9ccc6a-fad0-416f-afa3-09e4e9fe5838@group-E1FE9E25D7BF-FollowerState] INFO  server.RaftServerConfigKeys (ConfUtils.java:logFallback(53)) - raft.server.rpc.first-election.timeout.min = 5s (fallback to raft.server.rpc.timeout.min)
2023-04-11 17:18:02,656 [6e9ccc6a-fad0-416f-afa3-09e4e9fe5838@group-E1FE9E25D7BF-FollowerState] INFO  server.RaftServerConfigKeys (ConfUtils.java:logFallback(53)) - raft.server.rpc.first-election.timeout.max = 5200ms (fallback to raft.server.rpc.timeout.max)
2023-04-11 17:18:02,694 [6e9ccc6a-fad0-416f-afa3-09e4e9fe5838@group-1904913C1B47-FollowerState] INFO  impl.FollowerState (FollowerState.java:run(143)) - 6e9ccc6a-fad0-416f-afa3-09e4e9fe5838@group-1904913C1B47-FollowerState: change to CANDIDATE, lastRpcElapsedTime:5089611617ns, electionTimeout:5089ms
2023-04-11 17:18:02,694 [6e9ccc6a-fad0-416f-afa3-09e4e9fe5838@group-1904913C1B47-FollowerState] INFO  impl.RoleInfo (RoleInfo.java:shutdownFollowerState(110)) - 6e9ccc6a-fad0-416f-afa3-09e4e9fe5838: shutdown 6e9ccc6a-fad0-416f-afa3-09e4e9fe5838@group-1904913C1B47-FollowerState
2023-04-11 17:18:02,694 [6e9ccc6a-fad0-416f-afa3-09e4e9fe5838@group-1904913C1B47-FollowerState] INFO  server.RaftServer$Division (RaftServerImpl.java:setRole(321)) - 6e9ccc6a-fad0-416f-afa3-09e4e9fe5838@group-1904913C1B47: changes role from  FOLLOWER to CANDIDATE at term 0 for changeToCandidate
2023-04-11 17:18:02,694 [6e9ccc6a-fad0-416f-afa3-09e4e9fe5838@group-1904913C1B47-FollowerState] INFO  server.RaftServerConfigKeys (ConfUtils.java:logGet(46)) - raft.server.leaderelection.pre-vote = true (default)
2023-04-11 17:18:02,695 [6e9ccc6a-fad0-416f-afa3-09e4e9fe5838@group-1904913C1B47-FollowerState] INFO  impl.RoleInfo (RoleInfo.java:updateAndGet(139)) - 6e9ccc6a-fad0-416f-afa3-09e4e9fe5838: start 6e9ccc6a-fad0-416f-afa3-09e4e9fe5838@group-1904913C1B47-LeaderElection13
2023-04-11 17:18:02,697 [6e9ccc6a-fad0-416f-afa3-09e4e9fe5838@group-1904913C1B47-LeaderElection13] INFO  impl.LeaderElection (LeaderElection.java:askForVotes(312)) - 6e9ccc6a-fad0-416f-afa3-09e4e9fe5838@group-1904913C1B47-LeaderElection13 PRE_VOTE round 0: submit vote requests at term 0 for -1: peers:[316a6a1b-3f00-43af-9dbc-ac2971b62daf|rpc:10.1.0.70:40413|dataStream:10.1.0.70:42545|priority:0|startupRole:FOLLOWER, 1466190b-31b8-4a1a-90c9-9931edc03f55|rpc:10.1.0.70:40843|dataStream:10.1.0.70:38869|priority:1|startupRole:FOLLOWER, 6e9ccc6a-fad0-416f-afa3-09e4e9fe5838|rpc:10.1.0.70:40587|dataStream:10.1.0.70:33979|priority:0|startupRole:FOLLOWER]|listeners:[], old=null
2023-04-11 17:18:02,697 [6e9ccc6a-fad0-416f-afa3-09e4e9fe5838@group-1904913C1B47-LeaderElection13] INFO  server.RaftServerConfigKeys (ConfUtils.java:logFallback(53)) - raft.server.rpc.first-election.timeout.min = 5s (fallback to raft.server.rpc.timeout.min)
2023-04-11 17:18:02,697 [6e9ccc6a-fad0-416f-afa3-09e4e9fe5838@group-1904913C1B47-LeaderElection13-1] INFO  server.GrpcServerProtocolClient (GrpcServerProtocolClient.java:<init>(63)) - Build channel for 316a6a1b-3f00-43af-9dbc-ac2971b62daf
2023-04-11 17:18:02,697 [6e9ccc6a-fad0-416f-afa3-09e4e9fe5838@group-1904913C1B47-LeaderElection13] INFO  server.RaftServerConfigKeys (ConfUtils.java:logFallback(53)) - raft.server.rpc.first-election.timeout.max = 5200ms (fallback to raft.server.rpc.timeout.max)
2023-04-11 17:18:02,697 [6e9ccc6a-fad0-416f-afa3-09e4e9fe5838@group-1904913C1B47-LeaderElection13-2] INFO  server.GrpcServerProtocolClient (GrpcServerProtocolClient.java:<init>(63)) - Build channel for 1466190b-31b8-4a1a-90c9-9931edc03f55
2023-04-11 17:18:02,711 [grpc-default-executor-0] INFO  server.RaftServer$Division (RaftServerImpl.java:requestVote(1218)) - 1466190b-31b8-4a1a-90c9-9931edc03f55@group-1904913C1B47: receive requestVote(PRE_VOTE, 6e9ccc6a-fad0-416f-afa3-09e4e9fe5838, group-1904913C1B47, 0, (t:0, i:0))
2023-04-11 17:18:02,711 [grpc-default-executor-0] INFO  impl.VoteContext (VoteContext.java:log(49)) - 1466190b-31b8-4a1a-90c9-9931edc03f55@group-1904913C1B47-FOLLOWER: reject PRE_VOTE from 6e9ccc6a-fad0-416f-afa3-09e4e9fe5838: our priority 1 > candidate's priority 0
2023-04-11 17:18:02,711 [grpc-default-executor-0] INFO  server.RaftServer$Division (RaftServerImpl.java:requestVote(1251)) - 1466190b-31b8-4a1a-90c9-9931edc03f55@group-1904913C1B47 replies to PRE_VOTE vote request: 6e9ccc6a-fad0-416f-afa3-09e4e9fe5838<-1466190b-31b8-4a1a-90c9-9931edc03f55#0:FAIL-t0. Peer's state: 1466190b-31b8-4a1a-90c9-9931edc03f55@group-1904913C1B47:t0, leader=null, voted=, raftlog=Memoized:1466190b-31b8-4a1a-90c9-9931edc03f55@group-1904913C1B47-SegmentedRaftLog:OPENED:c-1, conf=-1: peers:[316a6a1b-3f00-43af-9dbc-ac2971b62daf|rpc:10.1.0.70:40413|dataStream:10.1.0.70:42545|priority:0|startupRole:FOLLOWER, 1466190b-31b8-4a1a-90c9-9931edc03f55|rpc:10.1.0.70:40843|dataStream:10.1.0.70:38869|priority:1|startupRole:FOLLOWER, 6e9ccc6a-fad0-416f-afa3-09e4e9fe5838|rpc:10.1.0.70:40587|dataStream:10.1.0.70:33979|priority:0|startupRole:FOLLOWER]|listeners:[], old=null
2023-04-11 17:18:02,713 [6e9ccc6a-fad0-416f-afa3-09e4e9fe5838@group-1904913C1B47-LeaderElection13] INFO  impl.LeaderElection (LeaderElection.java:logAndReturn(90)) - 6e9ccc6a-fad0-416f-afa3-09e4e9fe5838@group-1904913C1B47-LeaderElection13: PRE_VOTE REJECTED received 1 response(s) and 0 exception(s):
2023-04-11 17:18:02,713 [6e9ccc6a-fad0-416f-afa3-09e4e9fe5838@group-1904913C1B47-LeaderElection13] INFO  impl.LeaderElection (LeaderElection.java:logAndReturn(94)) -   Response 0: 6e9ccc6a-fad0-416f-afa3-09e4e9fe5838<-1466190b-31b8-4a1a-90c9-9931edc03f55#0:FAIL-t0
2023-04-11 17:18:02,713 [grpc-default-executor-1] INFO  server.RaftServer$Division (RaftServerImpl.java:requestVote(1218)) - 316a6a1b-3f00-43af-9dbc-ac2971b62daf@group-1904913C1B47: receive requestVote(PRE_VOTE, 6e9ccc6a-fad0-416f-afa3-09e4e9fe5838, group-1904913C1B47, 0, (t:0, i:0))
2023-04-11 17:18:02,713 [6e9ccc6a-fad0-416f-afa3-09e4e9fe5838@group-1904913C1B47-LeaderElection13] INFO  impl.LeaderElection (LeaderElection.java:askForVotes(314)) - 6e9ccc6a-fad0-416f-afa3-09e4e9fe5838@group-1904913C1B47-LeaderElection13 PRE_VOTE round 0: result REJECTED
2023-04-11 17:18:02,714 [grpc-default-executor-1] INFO  impl.VoteContext (VoteContext.java:log(49)) - 316a6a1b-3f00-43af-9dbc-ac2971b62daf@group-1904913C1B47-FOLLOWER: accept PRE_VOTE from 6e9ccc6a-fad0-416f-afa3-09e4e9fe5838: our priority 0 <= candidate's priority 0
2023-04-11 17:18:02,714 [6e9ccc6a-fad0-416f-afa3-09e4e9fe5838@group-1904913C1B47-LeaderElection13] INFO  server.RaftServer$Division (RaftServerImpl.java:setRole(321)) - 6e9ccc6a-fad0-416f-afa3-09e4e9fe5838@group-1904913C1B47: changes role from CANDIDATE to FOLLOWER at term 0 for REJECTED
2023-04-11 17:18:02,714 [6e9ccc6a-fad0-416f-afa3-09e4e9fe5838@group-1904913C1B47-LeaderElection13] INFO  impl.RoleInfo (RoleInfo.java:shutdownLeaderElection(130)) - 6e9ccc6a-fad0-416f-afa3-09e4e9fe5838: shutdown 6e9ccc6a-fad0-416f-afa3-09e4e9fe5838@group-1904913C1B47-LeaderElection13
2023-04-11 17:18:02,714 [6e9ccc6a-fad0-416f-afa3-09e4e9fe5838@group-1904913C1B47-LeaderElection13] INFO  impl.RoleInfo (RoleInfo.java:updateAndGet(139)) - 6e9ccc6a-fad0-416f-afa3-09e4e9fe5838: start 6e9ccc6a-fad0-416f-afa3-09e4e9fe5838@group-1904913C1B47-FollowerState
2023-04-11 17:18:02,715 [grpc-default-executor-1] INFO  server.RaftServer$Division (RaftServerImpl.java:requestVote(1251)) - 316a6a1b-3f00-43af-9dbc-ac2971b62daf@group-1904913C1B47 replies to PRE_VOTE vote request: 6e9ccc6a-fad0-416f-afa3-09e4e9fe5838<-316a6a1b-3f00-43af-9dbc-ac2971b62daf#0:OK-t0. Peer's state: 316a6a1b-3f00-43af-9dbc-ac2971b62daf@group-1904913C1B47:t0, leader=null, voted=, raftlog=Memoized:316a6a1b-3f00-43af-9dbc-ac2971b62daf@group-1904913C1B47-SegmentedRaftLog:OPENED:c-1, conf=-1: peers:[316a6a1b-3f00-43af-9dbc-ac2971b62daf|rpc:10.1.0.70:40413|dataStream:10.1.0.70:42545|priority:0|startupRole:FOLLOWER, 1466190b-31b8-4a1a-90c9-9931edc03f55|rpc:10.1.0.70:40843|dataStream:10.1.0.70:38869|priority:1|startupRole:FOLLOWER, 6e9ccc6a-fad0-416f-afa3-09e4e9fe5838|rpc:10.1.0.70:40587|dataStream:10.1.0.70:33979|priority:0|startupRole:FOLLOWER]|listeners:[], old=null
2023-04-11 17:18:02,717 [316a6a1b-3f00-43af-9dbc-ac2971b62daf@group-E1FE9E25D7BF-FollowerState] INFO  impl.FollowerState (FollowerState.java:run(143)) - 316a6a1b-3f00-43af-9dbc-ac2971b62daf@group-E1FE9E25D7BF-FollowerState: change to CANDIDATE, lastRpcElapsedTime:5181362914ns, electionTimeout:5175ms
2023-04-11 17:18:02,717 [316a6a1b-3f00-43af-9dbc-ac2971b62daf@group-E1FE9E25D7BF-FollowerState] INFO  impl.RoleInfo (RoleInfo.java:shutdownFollowerState(110)) - 316a6a1b-3f00-43af-9dbc-ac2971b62daf: shutdown 316a6a1b-3f00-43af-9dbc-ac2971b62daf@group-E1FE9E25D7BF-FollowerState
2023-04-11 17:18:02,717 [316a6a1b-3f00-43af-9dbc-ac2971b62daf@group-E1FE9E25D7BF-FollowerState] INFO  server.RaftServer$Division (RaftServerImpl.java:setRole(321)) - 316a6a1b-3f00-43af-9dbc-ac2971b62daf@group-E1FE9E25D7BF: changes role from  FOLLOWER to CANDIDATE at term 0 for changeToCandidate
2023-04-11 17:18:02,717 [316a6a1b-3f00-43af-9dbc-ac2971b62daf@group-E1FE9E25D7BF-FollowerState] INFO  server.RaftServerConfigKeys (ConfUtils.java:logGet(46)) - raft.server.leaderelection.pre-vote = true (default)
2023-04-11 17:18:02,717 [316a6a1b-3f00-43af-9dbc-ac2971b62daf@group-E1FE9E25D7BF-FollowerState] INFO  impl.RoleInfo (RoleInfo.java:updateAndGet(139)) - 316a6a1b-3f00-43af-9dbc-ac2971b62daf: start 316a6a1b-3f00-43af-9dbc-ac2971b62daf@group-E1FE9E25D7BF-LeaderElection14
2023-04-11 17:18:02,721 [6e9ccc6a-fad0-416f-afa3-09e4e9fe5838@group-1904913C1B47-FollowerState] INFO  server.RaftServerConfigKeys (ConfUtils.java:logFallback(53)) - raft.server.rpc.first-election.timeout.min = 5s (fallback to raft.server.rpc.timeout.min)
2023-04-11 17:18:02,721 [6e9ccc6a-fad0-416f-afa3-09e4e9fe5838@group-1904913C1B47-FollowerState] INFO  server.RaftServerConfigKeys (ConfUtils.java:logFallback(53)) - raft.server.rpc.first-election.timeout.max = 5200ms (fallback to raft.server.rpc.timeout.max)
2023-04-11 17:18:02,721 [316a6a1b-3f00-43af-9dbc-ac2971b62daf@group-E1FE9E25D7BF-LeaderElection14] INFO  impl.LeaderElection (LeaderElection.java:askForVotes(312)) - 316a6a1b-3f00-43af-9dbc-ac2971b62daf@group-E1FE9E25D7BF-LeaderElection14 PRE_VOTE round 0: submit vote requests at term 0 for -1: peers:[316a6a1b-3f00-43af-9dbc-ac2971b62daf|rpc:10.1.0.70:40413|dataStream:10.1.0.70:42545|priority:1|startupRole:FOLLOWER, 1466190b-31b8-4a1a-90c9-9931edc03f55|rpc:10.1.0.70:40843|dataStream:10.1.0.70:38869|priority:0|startupRole:FOLLOWER, 6e9ccc6a-fad0-416f-afa3-09e4e9fe5838|rpc:10.1.0.70:40587|dataStream:10.1.0.70:33979|priority:0|startupRole:FOLLOWER]|listeners:[], old=null
2023-04-11 17:18:02,722 [316a6a1b-3f00-43af-9dbc-ac2971b62daf@group-E1FE9E25D7BF-LeaderElection14-1] INFO  server.GrpcServerProtocolClient (GrpcServerProtocolClient.java:<init>(63)) - Build channel for 1466190b-31b8-4a1a-90c9-9931edc03f55
2023-04-11 17:18:02,728 [316a6a1b-3f00-43af-9dbc-ac2971b62daf@group-E1FE9E25D7BF-LeaderElection14] INFO  server.RaftServerConfigKeys (ConfUtils.java:logFallback(53)) - raft.server.rpc.first-election.timeout.min = 5s (fallback to raft.server.rpc.timeout.min)
2023-04-11 17:18:02,728 [316a6a1b-3f00-43af-9dbc-ac2971b62daf@group-E1FE9E25D7BF-LeaderElection14] INFO  server.RaftServerConfigKeys (ConfUtils.java:logFallback(53)) - raft.server.rpc.first-election.timeout.max = 5200ms (fallback to raft.server.rpc.timeout.max)
2023-04-11 17:18:02,733 [1466190b-31b8-4a1a-90c9-9931edc03f55@group-1904913C1B47-FollowerState] INFO  impl.FollowerState (FollowerState.java:run(143)) - 1466190b-31b8-4a1a-90c9-9931edc03f55@group-1904913C1B47-FollowerState: change to CANDIDATE, lastRpcElapsedTime:5088949385ns, electionTimeout:5082ms
2023-04-11 17:18:02,733 [grpc-default-executor-1] INFO  server.RaftServer$Division (RaftServerImpl.java:requestVote(1218)) - 1466190b-31b8-4a1a-90c9-9931edc03f55@group-E1FE9E25D7BF: receive requestVote(PRE_VOTE, 316a6a1b-3f00-43af-9dbc-ac2971b62daf, group-E1FE9E25D7BF, 0, (t:0, i:0))
2023-04-11 17:18:02,733 [1466190b-31b8-4a1a-90c9-9931edc03f55@group-1904913C1B47-FollowerState] INFO  impl.RoleInfo (RoleInfo.java:shutdownFollowerState(110)) - 1466190b-31b8-4a1a-90c9-9931edc03f55: shutdown 1466190b-31b8-4a1a-90c9-9931edc03f55@group-1904913C1B47-FollowerState
2023-04-11 17:18:02,733 [grpc-default-executor-1] INFO  impl.VoteContext (VoteContext.java:log(49)) - 1466190b-31b8-4a1a-90c9-9931edc03f55@group-E1FE9E25D7BF-FOLLOWER: accept PRE_VOTE from 316a6a1b-3f00-43af-9dbc-ac2971b62daf: our priority 0 <= candidate's priority 1
2023-04-11 17:18:02,733 [1466190b-31b8-4a1a-90c9-9931edc03f55@group-1904913C1B47-FollowerState] INFO  server.RaftServer$Division (RaftServerImpl.java:setRole(321)) - 1466190b-31b8-4a1a-90c9-9931edc03f55@group-1904913C1B47: changes role from  FOLLOWER to CANDIDATE at term 0 for changeToCandidate
2023-04-11 17:18:02,733 [grpc-default-executor-1] INFO  server.RaftServer$Division (RaftServerImpl.java:requestVote(1251)) - 1466190b-31b8-4a1a-90c9-9931edc03f55@group-E1FE9E25D7BF replies to PRE_VOTE vote request: 316a6a1b-3f00-43af-9dbc-ac2971b62daf<-1466190b-31b8-4a1a-90c9-9931edc03f55#0:OK-t0. Peer's state: 1466190b-31b8-4a1a-90c9-9931edc03f55@group-E1FE9E25D7BF:t0, leader=null, voted=, raftlog=Memoized:1466190b-31b8-4a1a-90c9-9931edc03f55@group-E1FE9E25D7BF-SegmentedRaftLog:OPENED:c-1, conf=-1: peers:[316a6a1b-3f00-43af-9dbc-ac2971b62daf|rpc:10.1.0.70:40413|dataStream:10.1.0.70:42545|priority:1|startupRole:FOLLOWER, 1466190b-31b8-4a1a-90c9-9931edc03f55|rpc:10.1.0.70:40843|dataStream:10.1.0.70:38869|priority:0|startupRole:FOLLOWER, 6e9ccc6a-fad0-416f-afa3-09e4e9fe5838|rpc:10.1.0.70:40587|dataStream:10.1.0.70:33979|priority:0|startupRole:FOLLOWER]|listeners:[], old=null
2023-04-11 17:18:02,733 [1466190b-31b8-4a1a-90c9-9931edc03f55@group-1904913C1B47-FollowerState] INFO  server.RaftServerConfigKeys (ConfUtils.java:logGet(46)) - raft.server.leaderelection.pre-vote = true (default)
2023-04-11 17:18:02,733 [1466190b-31b8-4a1a-90c9-9931edc03f55@group-1904913C1B47-FollowerState] INFO  impl.RoleInfo (RoleInfo.java:updateAndGet(139)) - 1466190b-31b8-4a1a-90c9-9931edc03f55: start 1466190b-31b8-4a1a-90c9-9931edc03f55@group-1904913C1B47-LeaderElection15
2023-04-11 17:18:02,735 [1466190b-31b8-4a1a-90c9-9931edc03f55@group-1904913C1B47-LeaderElection15] INFO  impl.LeaderElection (LeaderElection.java:askForVotes(312)) - 1466190b-31b8-4a1a-90c9-9931edc03f55@group-1904913C1B47-LeaderElection15 PRE_VOTE round 0: submit vote requests at term 0 for -1: peers:[316a6a1b-3f00-43af-9dbc-ac2971b62daf|rpc:10.1.0.70:40413|dataStream:10.1.0.70:42545|priority:0|startupRole:FOLLOWER, 1466190b-31b8-4a1a-90c9-9931edc03f55|rpc:10.1.0.70:40843|dataStream:10.1.0.70:38869|priority:1|startupRole:FOLLOWER, 6e9ccc6a-fad0-416f-afa3-09e4e9fe5838|rpc:10.1.0.70:40587|dataStream:10.1.0.70:33979|priority:0|startupRole:FOLLOWER]|listeners:[], old=null
2023-04-11 17:18:02,735 [1466190b-31b8-4a1a-90c9-9931edc03f55@group-1904913C1B47-LeaderElection15] INFO  server.RaftServerConfigKeys (ConfUtils.java:logFallback(53)) - raft.server.rpc.first-election.timeout.min = 5s (fallback to raft.server.rpc.timeout.min)
2023-04-11 17:18:02,735 [316a6a1b-3f00-43af-9dbc-ac2971b62daf@group-E1FE9E25D7BF-LeaderElection14-2] INFO  server.GrpcServerProtocolClient (GrpcServerProtocolClient.java:<init>(63)) - Build channel for 6e9ccc6a-fad0-416f-afa3-09e4e9fe5838
2023-04-11 17:18:02,735 [1466190b-31b8-4a1a-90c9-9931edc03f55@group-1904913C1B47-LeaderElection15] INFO  server.RaftServerConfigKeys (ConfUtils.java:logFallback(53)) - raft.server.rpc.first-election.timeout.max = 5200ms (fallback to raft.server.rpc.timeout.max)
2023-04-11 17:18:02,737 [316a6a1b-3f00-43af-9dbc-ac2971b62daf@group-E1FE9E25D7BF-LeaderElection14] INFO  impl.LeaderElection (LeaderElection.java:logAndReturn(90)) - 316a6a1b-3f00-43af-9dbc-ac2971b62daf@group-E1FE9E25D7BF-LeaderElection14: PRE_VOTE PASSED received 1 response(s) and 0 exception(s):
2023-04-11 17:18:02,737 [316a6a1b-3f00-43af-9dbc-ac2971b62daf@group-E1FE9E25D7BF-LeaderElection14] INFO  impl.LeaderElection (LeaderElection.java:logAndReturn(94)) -   Response 0: 316a6a1b-3f00-43af-9dbc-ac2971b62daf<-1466190b-31b8-4a1a-90c9-9931edc03f55#0:OK-t0
2023-04-11 17:18:02,737 [316a6a1b-3f00-43af-9dbc-ac2971b62daf@group-E1FE9E25D7BF-LeaderElection14] INFO  impl.LeaderElection (LeaderElection.java:askForVotes(314)) - 316a6a1b-3f00-43af-9dbc-ac2971b62daf@group-E1FE9E25D7BF-LeaderElection14 PRE_VOTE round 0: result PASSED
2023-04-11 17:18:02,739 [grpc-default-executor-1] INFO  server.RaftServer$Division (RaftServerImpl.java:requestVote(1218)) - 316a6a1b-3f00-43af-9dbc-ac2971b62daf@group-1904913C1B47: receive requestVote(PRE_VOTE, 1466190b-31b8-4a1a-90c9-9931edc03f55, group-1904913C1B47, 0, (t:0, i:0))
2023-04-11 17:18:02,740 [grpc-default-executor-1] INFO  impl.VoteContext (VoteContext.java:log(49)) - 316a6a1b-3f00-43af-9dbc-ac2971b62daf@group-1904913C1B47-FOLLOWER: accept PRE_VOTE from 1466190b-31b8-4a1a-90c9-9931edc03f55: our priority 0 <= candidate's priority 1
2023-04-11 17:18:02,740 [grpc-default-executor-1] INFO  server.RaftServer$Division (RaftServerImpl.java:requestVote(1251)) - 316a6a1b-3f00-43af-9dbc-ac2971b62daf@group-1904913C1B47 replies to PRE_VOTE vote request: 1466190b-31b8-4a1a-90c9-9931edc03f55<-316a6a1b-3f00-43af-9dbc-ac2971b62daf#0:OK-t0. Peer's state: 316a6a1b-3f00-43af-9dbc-ac2971b62daf@group-1904913C1B47:t0, leader=null, voted=, raftlog=Memoized:316a6a1b-3f00-43af-9dbc-ac2971b62daf@group-1904913C1B47-SegmentedRaftLog:OPENED:c-1, conf=-1: peers:[316a6a1b-3f00-43af-9dbc-ac2971b62daf|rpc:10.1.0.70:40413|dataStream:10.1.0.70:42545|priority:0|startupRole:FOLLOWER, 1466190b-31b8-4a1a-90c9-9931edc03f55|rpc:10.1.0.70:40843|dataStream:10.1.0.70:38869|priority:1|startupRole:FOLLOWER, 6e9ccc6a-fad0-416f-afa3-09e4e9fe5838|rpc:10.1.0.70:40587|dataStream:10.1.0.70:33979|priority:0|startupRole:FOLLOWER]|listeners:[], old=null
2023-04-11 17:18:02,740 [316a6a1b-3f00-43af-9dbc-ac2971b62daf@group-E1FE9E25D7BF-LeaderElection14] INFO  impl.LeaderElection (LeaderElection.java:askForVotes(312)) - 316a6a1b-3f00-43af-9dbc-ac2971b62daf@group-E1FE9E25D7BF-LeaderElection14 ELECTION round 0: submit vote requests at term 1 for -1: peers:[316a6a1b-3f00-43af-9dbc-ac2971b62daf|rpc:10.1.0.70:40413|dataStream:10.1.0.70:42545|priority:1|startupRole:FOLLOWER, 1466190b-31b8-4a1a-90c9-9931edc03f55|rpc:10.1.0.70:40843|dataStream:10.1.0.70:38869|priority:0|startupRole:FOLLOWER, 6e9ccc6a-fad0-416f-afa3-09e4e9fe5838|rpc:10.1.0.70:40587|dataStream:10.1.0.70:33979|priority:0|startupRole:FOLLOWER]|listeners:[], old=null
2023-04-11 17:18:02,742 [316a6a1b-3f00-43af-9dbc-ac2971b62daf@group-E1FE9E25D7BF-LeaderElection14] INFO  server.RaftServerConfigKeys (ConfUtils.java:logFallback(53)) - raft.server.rpc.first-election.timeout.min = 5s (fallback to raft.server.rpc.timeout.min)
2023-04-11 17:18:02,742 [316a6a1b-3f00-43af-9dbc-ac2971b62daf@group-E1FE9E25D7BF-LeaderElection14] INFO  server.RaftServerConfigKeys (ConfUtils.java:logFallback(53)) - raft.server.rpc.first-election.timeout.max = 5200ms (fallback to raft.server.rpc.timeout.max)
2023-04-11 17:18:02,749 [grpc-default-executor-1] INFO  server.RaftServer$Division (RaftServerImpl.java:requestVote(1218)) - 1466190b-31b8-4a1a-90c9-9931edc03f55@group-E1FE9E25D7BF: receive requestVote(ELECTION, 316a6a1b-3f00-43af-9dbc-ac2971b62daf, group-E1FE9E25D7BF, 1, (t:0, i:0))
2023-04-11 17:18:02,749 [grpc-default-executor-1] INFO  impl.VoteContext (VoteContext.java:log(49)) - 1466190b-31b8-4a1a-90c9-9931edc03f55@group-E1FE9E25D7BF-FOLLOWER: accept ELECTION from 316a6a1b-3f00-43af-9dbc-ac2971b62daf: our priority 0 <= candidate's priority 1
2023-04-11 17:18:02,749 [grpc-default-executor-1] INFO  server.RaftServer$Division (RaftServerImpl.java:setRole(321)) - 1466190b-31b8-4a1a-90c9-9931edc03f55@group-E1FE9E25D7BF: changes role from  FOLLOWER to FOLLOWER at term 1 for candidate:316a6a1b-3f00-43af-9dbc-ac2971b62daf
2023-04-11 17:18:02,749 [grpc-default-executor-1] INFO  impl.RoleInfo (RoleInfo.java:shutdownFollowerState(110)) - 1466190b-31b8-4a1a-90c9-9931edc03f55: shutdown 1466190b-31b8-4a1a-90c9-9931edc03f55@group-E1FE9E25D7BF-FollowerState
2023-04-11 17:18:02,750 [grpc-default-executor-1] INFO  impl.RoleInfo (RoleInfo.java:updateAndGet(139)) - 1466190b-31b8-4a1a-90c9-9931edc03f55: start 1466190b-31b8-4a1a-90c9-9931edc03f55@group-E1FE9E25D7BF-FollowerState
2023-04-11 17:18:02,750 [1466190b-31b8-4a1a-90c9-9931edc03f55@group-E1FE9E25D7BF-FollowerState] INFO  impl.FollowerState (FollowerState.java:run(152)) - 1466190b-31b8-4a1a-90c9-9931edc03f55@group-E1FE9E25D7BF-FollowerState was interrupted
2023-04-11 17:18:02,750 [1466190b-31b8-4a1a-90c9-9931edc03f55@group-E1FE9E25D7BF-FollowerState] INFO  server.RaftServerConfigKeys (ConfUtils.java:logFallback(53)) - raft.server.rpc.first-election.timeout.min = 5s (fallback to raft.server.rpc.timeout.min)
2023-04-11 17:18:02,750 [1466190b-31b8-4a1a-90c9-9931edc03f55@group-E1FE9E25D7BF-FollowerState] INFO  server.RaftServerConfigKeys (ConfUtils.java:logFallback(53)) - raft.server.rpc.first-election.timeout.max = 5200ms (fallback to raft.server.rpc.timeout.max)
2023-04-11 17:18:02,753 [grpc-default-executor-0] INFO  server.RaftServer$Division (RaftServerImpl.java:requestVote(1218)) - 6e9ccc6a-fad0-416f-afa3-09e4e9fe5838@group-E1FE9E25D7BF: receive requestVote(PRE_VOTE, 316a6a1b-3f00-43af-9dbc-ac2971b62daf, group-E1FE9E25D7BF, 0, (t:0, i:0))
2023-04-11 17:18:02,753 [grpc-default-executor-0] INFO  impl.VoteContext (VoteContext.java:log(49)) - 6e9ccc6a-fad0-416f-afa3-09e4e9fe5838@group-E1FE9E25D7BF-FOLLOWER: accept PRE_VOTE from 316a6a1b-3f00-43af-9dbc-ac2971b62daf: our priority 0 <= candidate's priority 1
2023-04-11 17:18:02,753 [grpc-default-executor-0] INFO  server.RaftServer$Division (RaftServerImpl.java:requestVote(1251)) - 6e9ccc6a-fad0-416f-afa3-09e4e9fe5838@group-E1FE9E25D7BF replies to PRE_VOTE vote request: 316a6a1b-3f00-43af-9dbc-ac2971b62daf<-6e9ccc6a-fad0-416f-afa3-09e4e9fe5838#0:OK-t0. Peer's state: 6e9ccc6a-fad0-416f-afa3-09e4e9fe5838@group-E1FE9E25D7BF:t0, leader=null, voted=, raftlog=Memoized:6e9ccc6a-fad0-416f-afa3-09e4e9fe5838@group-E1FE9E25D7BF-SegmentedRaftLog:OPENED:c-1, conf=-1: peers:[316a6a1b-3f00-43af-9dbc-ac2971b62daf|rpc:10.1.0.70:40413|dataStream:10.1.0.70:42545|priority:1|startupRole:FOLLOWER, 1466190b-31b8-4a1a-90c9-9931edc03f55|rpc:10.1.0.70:40843|dataStream:10.1.0.70:38869|priority:0|startupRole:FOLLOWER, 6e9ccc6a-fad0-416f-afa3-09e4e9fe5838|rpc:10.1.0.70:40587|dataStream:10.1.0.70:33979|priority:0|startupRole:FOLLOWER]|listeners:[], old=null
2023-04-11 17:18:02,759 [1466190b-31b8-4a1a-90c9-9931edc03f55@group-1904913C1B47-LeaderElection15] INFO  impl.LeaderElection (LeaderElection.java:logAndReturn(90)) - 1466190b-31b8-4a1a-90c9-9931edc03f55@group-1904913C1B47-LeaderElection15: PRE_VOTE PASSED received 1 response(s) and 0 exception(s):
2023-04-11 17:18:02,759 [1466190b-31b8-4a1a-90c9-9931edc03f55@group-1904913C1B47-LeaderElection15] INFO  impl.LeaderElection (LeaderElection.java:logAndReturn(94)) -   Response 0: 1466190b-31b8-4a1a-90c9-9931edc03f55<-316a6a1b-3f00-43af-9dbc-ac2971b62daf#0:OK-t0
2023-04-11 17:18:02,759 [1466190b-31b8-4a1a-90c9-9931edc03f55@group-1904913C1B47-LeaderElection15] INFO  impl.LeaderElection (LeaderElection.java:askForVotes(314)) - 1466190b-31b8-4a1a-90c9-9931edc03f55@group-1904913C1B47-LeaderElection15 PRE_VOTE round 0: result PASSED
2023-04-11 17:18:02,760 [grpc-default-executor-1] INFO  server.RaftServer$Division (RaftServerImpl.java:requestVote(1251)) - 1466190b-31b8-4a1a-90c9-9931edc03f55@group-E1FE9E25D7BF replies to ELECTION vote request: 316a6a1b-3f00-43af-9dbc-ac2971b62daf<-1466190b-31b8-4a1a-90c9-9931edc03f55#0:OK-t1. Peer's state: 1466190b-31b8-4a1a-90c9-9931edc03f55@group-E1FE9E25D7BF:t1, leader=null, voted=316a6a1b-3f00-43af-9dbc-ac2971b62daf, raftlog=Memoized:1466190b-31b8-4a1a-90c9-9931edc03f55@group-E1FE9E25D7BF-SegmentedRaftLog:OPENED:c-1, conf=-1: peers:[316a6a1b-3f00-43af-9dbc-ac2971b62daf|rpc:10.1.0.70:40413|dataStream:10.1.0.70:42545|priority:1|startupRole:FOLLOWER, 1466190b-31b8-4a1a-90c9-9931edc03f55|rpc:10.1.0.70:40843|dataStream:10.1.0.70:38869|priority:0|startupRole:FOLLOWER, 6e9ccc6a-fad0-416f-afa3-09e4e9fe5838|rpc:10.1.0.70:40587|dataStream:10.1.0.70:33979|priority:0|startupRole:FOLLOWER]|listeners:[], old=null
2023-04-11 17:18:02,764 [1466190b-31b8-4a1a-90c9-9931edc03f55@group-1904913C1B47-LeaderElection15] INFO  impl.LeaderElection (LeaderElection.java:askForVotes(312)) - 1466190b-31b8-4a1a-90c9-9931edc03f55@group-1904913C1B47-LeaderElection15 ELECTION round 0: submit vote requests at term 1 for -1: peers:[316a6a1b-3f00-43af-9dbc-ac2971b62daf|rpc:10.1.0.70:40413|dataStream:10.1.0.70:42545|priority:0|startupRole:FOLLOWER, 1466190b-31b8-4a1a-90c9-9931edc03f55|rpc:10.1.0.70:40843|dataStream:10.1.0.70:38869|priority:1|startupRole:FOLLOWER, 6e9ccc6a-fad0-416f-afa3-09e4e9fe5838|rpc:10.1.0.70:40587|dataStream:10.1.0.70:33979|priority:0|startupRole:FOLLOWER]|listeners:[], old=null
2023-04-11 17:18:02,764 [grpc-default-executor-2] INFO  server.RaftServer$Division (RaftServerImpl.java:requestVote(1218)) - 6e9ccc6a-fad0-416f-afa3-09e4e9fe5838@group-E1FE9E25D7BF: receive requestVote(ELECTION, 316a6a1b-3f00-43af-9dbc-ac2971b62daf, group-E1FE9E25D7BF, 1, (t:0, i:0))
2023-04-11 17:18:02,767 [grpc-default-executor-2] INFO  impl.VoteContext (VoteContext.java:log(49)) - 6e9ccc6a-fad0-416f-afa3-09e4e9fe5838@group-E1FE9E25D7BF-FOLLOWER: accept ELECTION from 316a6a1b-3f00-43af-9dbc-ac2971b62daf: our priority 0 <= candidate's priority 1
2023-04-11 17:18:02,767 [grpc-default-executor-2] INFO  server.RaftServer$Division (RaftServerImpl.java:setRole(321)) - 6e9ccc6a-fad0-416f-afa3-09e4e9fe5838@group-E1FE9E25D7BF: changes role from  FOLLOWER to FOLLOWER at term 1 for candidate:316a6a1b-3f00-43af-9dbc-ac2971b62daf
2023-04-11 17:18:02,767 [grpc-default-executor-2] INFO  impl.RoleInfo (RoleInfo.java:shutdownFollowerState(110)) - 6e9ccc6a-fad0-416f-afa3-09e4e9fe5838: shutdown 6e9ccc6a-fad0-416f-afa3-09e4e9fe5838@group-E1FE9E25D7BF-FollowerState
2023-04-11 17:18:02,767 [grpc-default-executor-3] INFO  server.RaftServer$Division (RaftServerImpl.java:requestVote(1218)) - 6e9ccc6a-fad0-416f-afa3-09e4e9fe5838@group-1904913C1B47: receive requestVote(PRE_VOTE, 1466190b-31b8-4a1a-90c9-9931edc03f55, group-1904913C1B47, 0, (t:0, i:0))
2023-04-11 17:18:02,767 [316a6a1b-3f00-43af-9dbc-ac2971b62daf@group-E1FE9E25D7BF-LeaderElection14] INFO  impl.LeaderElection (LeaderElection.java:logAndReturn(90)) - 316a6a1b-3f00-43af-9dbc-ac2971b62daf@group-E1FE9E25D7BF-LeaderElection14: ELECTION PASSED received 1 response(s) and 0 exception(s):
2023-04-11 17:18:02,765 [1466190b-31b8-4a1a-90c9-9931edc03f55@group-1904913C1B47-LeaderElection15] INFO  server.RaftServerConfigKeys (ConfUtils.java:logFallback(53)) - raft.server.rpc.first-election.timeout.min = 5s (fallback to raft.server.rpc.timeout.min)
2023-04-11 17:18:02,767 [6e9ccc6a-fad0-416f-afa3-09e4e9fe5838@group-E1FE9E25D7BF-FollowerState] INFO  impl.FollowerState (FollowerState.java:run(152)) - 6e9ccc6a-fad0-416f-afa3-09e4e9fe5838@group-E1FE9E25D7BF-FollowerState was interrupted
2023-04-11 17:18:02,767 [1466190b-31b8-4a1a-90c9-9931edc03f55@group-1904913C1B47-LeaderElection15] INFO  server.RaftServerConfigKeys (ConfUtils.java:logFallback(53)) - raft.server.rpc.first-election.timeout.max = 5200ms (fallback to raft.server.rpc.timeout.max)
2023-04-11 17:18:02,767 [grpc-default-executor-2] INFO  impl.RoleInfo (RoleInfo.java:updateAndGet(139)) - 6e9ccc6a-fad0-416f-afa3-09e4e9fe5838: start 6e9ccc6a-fad0-416f-afa3-09e4e9fe5838@group-E1FE9E25D7BF-FollowerState
2023-04-11 17:18:02,767 [grpc-default-executor-3] INFO  impl.VoteContext (VoteContext.java:log(49)) - 6e9ccc6a-fad0-416f-afa3-09e4e9fe5838@group-1904913C1B47-FOLLOWER: accept PRE_VOTE from 1466190b-31b8-4a1a-90c9-9931edc03f55: our priority 0 <= candidate's priority 1
2023-04-11 17:18:02,767 [316a6a1b-3f00-43af-9dbc-ac2971b62daf@group-E1FE9E25D7BF-LeaderElection14] INFO  impl.LeaderElection (LeaderElection.java:logAndReturn(94)) -   Response 0: 316a6a1b-3f00-43af-9dbc-ac2971b62daf<-1466190b-31b8-4a1a-90c9-9931edc03f55#0:OK-t1
2023-04-11 17:18:02,767 [grpc-default-executor-3] INFO  server.RaftServer$Division (RaftServerImpl.java:requestVote(1251)) - 6e9ccc6a-fad0-416f-afa3-09e4e9fe5838@group-1904913C1B47 replies to PRE_VOTE vote request: 1466190b-31b8-4a1a-90c9-9931edc03f55<-6e9ccc6a-fad0-416f-afa3-09e4e9fe5838#0:OK-t0. Peer's state: 6e9ccc6a-fad0-416f-afa3-09e4e9fe5838@group-1904913C1B47:t0, leader=null, voted=, raftlog=Memoized:6e9ccc6a-fad0-416f-afa3-09e4e9fe5838@group-1904913C1B47-SegmentedRaftLog:OPENED:c-1, conf=-1: peers:[316a6a1b-3f00-43af-9dbc-ac2971b62daf|rpc:10.1.0.70:40413|dataStream:10.1.0.70:42545|priority:0|startupRole:FOLLOWER, 1466190b-31b8-4a1a-90c9-9931edc03f55|rpc:10.1.0.70:40843|dataStream:10.1.0.70:38869|priority:1|startupRole:FOLLOWER, 6e9ccc6a-fad0-416f-afa3-09e4e9fe5838|rpc:10.1.0.70:40587|dataStream:10.1.0.70:33979|priority:0|startupRole:FOLLOWER]|listeners:[], old=null
2023-04-11 17:18:02,769 [316a6a1b-3f00-43af-9dbc-ac2971b62daf@group-E1FE9E25D7BF-LeaderElection14] INFO  impl.LeaderElection (LeaderElection.java:askForVotes(314)) - 316a6a1b-3f00-43af-9dbc-ac2971b62daf@group-E1FE9E25D7BF-LeaderElection14 ELECTION round 0: result PASSED
2023-04-11 17:18:02,770 [316a6a1b-3f00-43af-9dbc-ac2971b62daf@group-E1FE9E25D7BF-LeaderElection14] INFO  impl.RoleInfo (RoleInfo.java:shutdownLeaderElection(130)) - 316a6a1b-3f00-43af-9dbc-ac2971b62daf: shutdown 316a6a1b-3f00-43af-9dbc-ac2971b62daf@group-E1FE9E25D7BF-LeaderElection14
2023-04-11 17:18:02,770 [316a6a1b-3f00-43af-9dbc-ac2971b62daf@group-E1FE9E25D7BF-LeaderElection14] INFO  server.RaftServer$Division (RaftServerImpl.java:setRole(321)) - 316a6a1b-3f00-43af-9dbc-ac2971b62daf@group-E1FE9E25D7BF: changes role from CANDIDATE to LEADER at term 1 for changeToLeader
2023-04-11 17:18:02,770 [316a6a1b-3f00-43af-9dbc-ac2971b62daf@group-E1FE9E25D7BF-LeaderElection14] INFO  ratis.XceiverServerRatis (XceiverServerRatis.java:handleLeaderChangedNotification(904)) - Leader change notification received for group: group-E1FE9E25D7BF with new leaderId: 316a6a1b-3f00-43af-9dbc-ac2971b62daf
2023-04-11 17:18:02,770 [316a6a1b-3f00-43af-9dbc-ac2971b62daf@group-E1FE9E25D7BF-LeaderElection14] INFO  server.RaftServer$Division (ServerState.java:setLeader(313)) - 316a6a1b-3f00-43af-9dbc-ac2971b62daf@group-E1FE9E25D7BF: change Leader from null to 316a6a1b-3f00-43af-9dbc-ac2971b62daf at term 1 for becomeLeader, leader elected after 5250ms
2023-04-11 17:18:02,770 [316a6a1b-3f00-43af-9dbc-ac2971b62daf@group-E1FE9E25D7BF-LeaderElection14] INFO  server.RaftServerConfigKeys (ConfUtils.java:logGet(46)) - raft.server.staging.catchup.gap = 1000 (default)
2023-04-11 17:18:02,771 [316a6a1b-3f00-43af-9dbc-ac2971b62daf@group-E1FE9E25D7BF-LeaderElection14] INFO  server.RaftServerConfigKeys (ConfUtils.java:logGet(46)) - raft.server.write.element-limit = 1024 (custom)
2023-04-11 17:18:02,771 [316a6a1b-3f00-43af-9dbc-ac2971b62daf@group-E1FE9E25D7BF-LeaderElection14] INFO  server.RaftServerConfigKeys (ConfUtils.java:logGet(46)) - raft.server.write.byte-limit = 1024 M (=1073741824) (custom)
2023-04-11 17:18:02,771 [316a6a1b-3f00-43af-9dbc-ac2971b62daf@group-E1FE9E25D7BF-LeaderElection14] INFO  server.RaftServerConfigKeys (ConfUtils.java:logGet(46)) - raft.server.watch.timeout = 180s (custom)
2023-04-11 17:18:02,771 [316a6a1b-3f00-43af-9dbc-ac2971b62daf@group-E1FE9E25D7BF-LeaderElection14] INFO  server.RaftServerConfigKeys (ConfUtils.java:logGet(46)) - raft.server.watch.timeout.denomination = 1s (default)
2023-04-11 17:18:02,771 [316a6a1b-3f00-43af-9dbc-ac2971b62daf@group-E1FE9E25D7BF-LeaderElection14] INFO  server.RaftServerConfigKeys (ConfUtils.java:logGet(46)) - raft.server.watch.element-limit = 65536 (default)
2023-04-11 17:18:02,771 [316a6a1b-3f00-43af-9dbc-ac2971b62daf@group-E1FE9E25D7BF-LeaderElection14] INFO  server.RaftServerConfigKeys (ConfUtils.java:logGet(46)) - raft.server.write.element-limit = 1024 (custom)
2023-04-11 17:18:02,771 [316a6a1b-3f00-43af-9dbc-ac2971b62daf@group-E1FE9E25D7BF-LeaderElection14] INFO  server.RaftServerConfigKeys (ConfUtils.java:logGet(46)) - raft.server.write.follower.gap.ratio.max = -1.0 (default)
2023-04-11 17:18:02,771 [316a6a1b-3f00-43af-9dbc-ac2971b62daf@group-E1FE9E25D7BF-LeaderElection14] INFO  server.RaftServerConfigKeys (ConfUtils.java:logGet(46)) - raft.server.log.appender.snapshot.chunk.size.max = 16MB (=16777216) (default)
2023-04-11 17:18:02,771 [316a6a1b-3f00-43af-9dbc-ac2971b62daf@group-E1FE9E25D7BF-LeaderElection14] INFO  server.RaftServerConfigKeys (ConfUtils.java:logGet(46)) - raft.server.log.appender.buffer.byte-limit = 33554432 (custom)
2023-04-11 17:18:02,772 [316a6a1b-3f00-43af-9dbc-ac2971b62daf@group-E1FE9E25D7BF-LeaderElection14] INFO  server.RaftServerConfigKeys (ConfUtils.java:logGet(46)) - raft.server.log.appender.buffer.element-limit = 1 (custom)
2023-04-11 17:18:02,772 [316a6a1b-3f00-43af-9dbc-ac2971b62daf@group-E1FE9E25D7BF-LeaderElection14] INFO  grpc.GrpcConfigKeys (ConfUtils.java:logGet(46)) - raft.grpc.server.leader.outstanding.appends.max = 128 (default)
2023-04-11 17:18:02,772 [316a6a1b-3f00-43af-9dbc-ac2971b62daf@group-E1FE9E25D7BF-LeaderElection14] INFO  server.RaftServerConfigKeys (ConfUtils.java:logGet(46)) - raft.server.rpc.request.timeout = 60s (custom)
2023-04-11 17:18:02,772 [316a6a1b-3f00-43af-9dbc-ac2971b62daf@group-E1FE9E25D7BF-LeaderElection14] INFO  server.RaftServerConfigKeys (ConfUtils.java:logGet(46)) - raft.server.log.appender.install.snapshot.enabled = false (custom)
2023-04-11 17:18:02,772 [316a6a1b-3f00-43af-9dbc-ac2971b62daf@group-E1FE9E25D7BF-LeaderElection14] INFO  grpc.GrpcConfigKeys (ConfUtils.java:logGet(46)) - raft.grpc.server.heartbeat.channel = true (default)
2023-04-11 17:18:02,772 [316a6a1b-3f00-43af-9dbc-ac2971b62daf@group-E1FE9E25D7BF-LeaderElection14] INFO  server.RaftServerConfigKeys (ConfUtils.java:logGet(46)) - raft.server.log.appender.wait-time.min = 10ms (default)
2023-04-11 17:18:02,770 [grpc-default-executor-1] INFO  server.RaftServer$Division (RaftServerImpl.java:requestVote(1218)) - 316a6a1b-3f00-43af-9dbc-ac2971b62daf@group-1904913C1B47: receive requestVote(ELECTION, 1466190b-31b8-4a1a-90c9-9931edc03f55, group-1904913C1B47, 1, (t:0, i:0))
2023-04-11 17:18:02,772 [grpc-default-executor-1] INFO  impl.VoteContext (VoteContext.java:log(49)) - 316a6a1b-3f00-43af-9dbc-ac2971b62daf@group-1904913C1B47-FOLLOWER: accept ELECTION from 1466190b-31b8-4a1a-90c9-9931edc03f55: our priority 0 <= candidate's priority 1
2023-04-11 17:18:02,772 [grpc-default-executor-1] INFO  server.RaftServer$Division (RaftServerImpl.java:setRole(321)) - 316a6a1b-3f00-43af-9dbc-ac2971b62daf@group-1904913C1B47: changes role from  FOLLOWER to FOLLOWER at term 1 for candidate:1466190b-31b8-4a1a-90c9-9931edc03f55
2023-04-11 17:18:02,772 [grpc-default-executor-1] INFO  impl.RoleInfo (RoleInfo.java:shutdownFollowerState(110)) - 316a6a1b-3f00-43af-9dbc-ac2971b62daf: shutdown 316a6a1b-3f00-43af-9dbc-ac2971b62daf@group-1904913C1B47-FollowerState
2023-04-11 17:18:02,772 [grpc-default-executor-1] INFO  impl.RoleInfo (RoleInfo.java:updateAndGet(139)) - 316a6a1b-3f00-43af-9dbc-ac2971b62daf: start 316a6a1b-3f00-43af-9dbc-ac2971b62daf@group-1904913C1B47-FollowerState
2023-04-11 17:18:02,772 [316a6a1b-3f00-43af-9dbc-ac2971b62daf@group-1904913C1B47-FollowerState] INFO  impl.FollowerState (FollowerState.java:run(152)) - 316a6a1b-3f00-43af-9dbc-ac2971b62daf@group-1904913C1B47-FollowerState was interrupted
2023-04-11 17:18:02,773 [EventQueue-PipelineReportForPipelineReportHandler] INFO  pipeline.PipelineManagerImpl (PipelineManagerImpl.java:openPipeline(367)) - Pipeline Pipeline[ Id: 40c3c78a-35b8-496c-bcfb-e1fe9e25d7bf, Nodes: 316a6a1b-3f00-43af-9dbc-ac2971b62daf(fv-az377-102.ap30g4v5sw5evmjtdmxdg2w53f.dx.internal.cloudapp.net/10.1.0.70)1466190b-31b8-4a1a-90c9-9931edc03f55(fv-az377-102.ap30g4v5sw5evmjtdmxdg2w53f.dx.internal.cloudapp.net/10.1.0.70)6e9ccc6a-fad0-416f-afa3-09e4e9fe5838(fv-az377-102.ap30g4v5sw5evmjtdmxdg2w53f.dx.internal.cloudapp.net/10.1.0.70), ReplicationConfig: RATIS/THREE, State:ALLOCATED, leaderId:316a6a1b-3f00-43af-9dbc-ac2971b62daf, CreationTimestamp2023-04-11T17:17:55.258Z[Etc/UTC]] moved to OPEN state
2023-04-11 17:18:02,774 [EventQueue-OpenPipelineForHealthyPipelineSafeModeRule] INFO  safemode.SCMSafeModeManager (HealthyPipelineSafeModeRule.java:process(137)) - SCM in safe mode. Healthy pipelines reported count is 1, required healthy pipeline reported count is 1
2023-04-11 17:18:02,774 [EventQueue-OpenPipelineForHealthyPipelineSafeModeRule] INFO  safemode.SCMSafeModeManager (SCMSafeModeManager.java:validateSafeModeExitRules(200)) - HealthyPipelineSafeModeRule rule is successfully validated
2023-04-11 17:18:02,774 [EventQueue-OpenPipelineForHealthyPipelineSafeModeRule] INFO  safemode.SCMSafeModeManager (SCMSafeModeManager.java:validateSafeModeExitRules(215)) - ScmSafeModeManager, all rules are successfully validated
2023-04-11 17:18:02,774 [EventQueue-OpenPipelineForHealthyPipelineSafeModeRule] INFO  safemode.SCMSafeModeManager (SCMSafeModeManager.java:exitSafeMode(244)) - SCM exiting safe mode.
2023-04-11 17:18:02,774 [EventQueue-OpenPipelineForHealthyPipelineSafeModeRule] INFO  ha.SCMContext (SCMContext.java:updateSafeModeStatus(228)) - Update SafeModeStatus from SafeModeStatus{safeModeStatus=true, preCheckPassed=true} to SafeModeStatus{safeModeStatus=false, preCheckPassed=true}.
2023-04-11 17:18:02,774 [EventQueue-OpenPipelineForHealthyPipelineSafeModeRule] INFO  pipeline.BackgroundPipelineCreator (BackgroundPipelineCreator.java:notifyStatusChanged(254)) - Service BackgroundPipelineCreator transitions to RUNNING.
2023-04-11 17:18:02,774 [316a6a1b-3f00-43af-9dbc-ac2971b62daf@group-1904913C1B47-FollowerState] INFO  server.RaftServerConfigKeys (ConfUtils.java:logFallback(53)) - raft.server.rpc.first-election.timeout.min = 5s (fallback to raft.server.rpc.timeout.min)
2023-04-11 17:18:02,774 [316a6a1b-3f00-43af-9dbc-ac2971b62daf@group-1904913C1B47-FollowerState] INFO  server.RaftServerConfigKeys (ConfUtils.java:logFallback(53)) - raft.server.rpc.first-election.timeout.max = 5200ms (fallback to raft.server.rpc.timeout.max)
2023-04-11 17:18:02,774 [EventQueue-OpenPipelineForHealthyPipelineSafeModeRule] INFO  BackgroundPipelineScrubber (BackgroundSCMService.java:notifyStatusChanged(82)) - Service BackgroundPipelineScrubber transitions to RUNNING.
2023-04-11 17:18:02,775 [EventQueue-OpenPipelineForHealthyPipelineSafeModeRule] INFO  ExpiredContainerReplicaOpScrubber (BackgroundSCMService.java:notifyStatusChanged(82)) - Service ExpiredContainerReplicaOpScrubber transitions to RUNNING.
2023-04-11 17:18:02,775 [EventQueue-OpenPipelineForHealthyPipelineSafeModeRule] INFO  replication.ReplicationManager (ReplicationManager.java:notifyStatusChanged(1371)) - Service ReplicationManager transitions to RUNNING.
2023-04-11 17:18:02,775 [EventQueue-OpenPipelineForHealthyPipelineSafeModeRule] WARN  balancer.ContainerBalancer (ContainerBalancer.java:shouldRun(132)) - Could not find persisted configuration for ContainerBalancer when checking if ContainerBalancer should run. ContainerBalancer should not run now.
2023-04-11 17:18:02,775 [grpc-default-executor-1] INFO  server.RaftServer$Division (RaftServerImpl.java:requestVote(1251)) - 316a6a1b-3f00-43af-9dbc-ac2971b62daf@group-1904913C1B47 replies to ELECTION vote request: 1466190b-31b8-4a1a-90c9-9931edc03f55<-316a6a1b-3f00-43af-9dbc-ac2971b62daf#0:OK-t1. Peer's state: 316a6a1b-3f00-43af-9dbc-ac2971b62daf@group-1904913C1B47:t1, leader=null, voted=1466190b-31b8-4a1a-90c9-9931edc03f55, raftlog=Memoized:316a6a1b-3f00-43af-9dbc-ac2971b62daf@group-1904913C1B47-SegmentedRaftLog:OPENED:c-1, conf=-1: peers:[316a6a1b-3f00-43af-9dbc-ac2971b62daf|rpc:10.1.0.70:40413|dataStream:10.1.0.70:42545|priority:0|startupRole:FOLLOWER, 1466190b-31b8-4a1a-90c9-9931edc03f55|rpc:10.1.0.70:40843|dataStream:10.1.0.70:38869|priority:1|startupRole:FOLLOWER, 6e9ccc6a-fad0-416f-afa3-09e4e9fe5838|rpc:10.1.0.70:40587|dataStream:10.1.0.70:33979|priority:0|startupRole:FOLLOWER]|listeners:[], old=null
2023-04-11 17:18:02,775 [316a6a1b-3f00-43af-9dbc-ac2971b62daf@group-E1FE9E25D7BF-LeaderElection14] INFO  server.RaftServerConfigKeys (ConfUtils.java:logGet(46)) - raft.server.log.appender.snapshot.chunk.size.max = 16MB (=16777216) (default)
2023-04-11 17:18:02,775 [316a6a1b-3f00-43af-9dbc-ac2971b62daf@group-E1FE9E25D7BF-LeaderElection14] INFO  server.RaftServerConfigKeys (ConfUtils.java:logGet(46)) - raft.server.log.appender.buffer.byte-limit = 33554432 (custom)
2023-04-11 17:18:02,776 [316a6a1b-3f00-43af-9dbc-ac2971b62daf@group-E1FE9E25D7BF-LeaderElection14] INFO  server.RaftServerConfigKeys (ConfUtils.java:logGet(46)) - raft.server.log.appender.buffer.element-limit = 1 (custom)
2023-04-11 17:18:02,776 [316a6a1b-3f00-43af-9dbc-ac2971b62daf@group-E1FE9E25D7BF-LeaderElection14] INFO  grpc.GrpcConfigKeys (ConfUtils.java:logGet(46)) - raft.grpc.server.leader.outstanding.appends.max = 128 (default)
2023-04-11 17:18:02,776 [316a6a1b-3f00-43af-9dbc-ac2971b62daf@group-E1FE9E25D7BF-LeaderElection14] INFO  server.RaftServerConfigKeys (ConfUtils.java:logGet(46)) - raft.server.rpc.request.timeout = 60s (custom)
2023-04-11 17:18:02,776 [316a6a1b-3f00-43af-9dbc-ac2971b62daf@group-E1FE9E25D7BF-LeaderElection14] INFO  server.RaftServerConfigKeys (ConfUtils.java:logGet(46)) - raft.server.log.appender.install.snapshot.enabled = false (custom)
2023-04-11 17:18:02,776 [316a6a1b-3f00-43af-9dbc-ac2971b62daf@group-E1FE9E25D7BF-LeaderElection14] INFO  grpc.GrpcConfigKeys (ConfUtils.java:logGet(46)) - raft.grpc.server.heartbeat.channel = true (default)
2023-04-11 17:18:02,776 [316a6a1b-3f00-43af-9dbc-ac2971b62daf@group-E1FE9E25D7BF-LeaderElection14] INFO  server.RaftServerConfigKeys (ConfUtils.java:logGet(46)) - raft.server.log.appender.wait-time.min = 10ms (default)
2023-04-11 17:18:02,776 [316a6a1b-3f00-43af-9dbc-ac2971b62daf@group-E1FE9E25D7BF-LeaderElection14] INFO  impl.RoleInfo (RoleInfo.java:updateAndGet(139)) - 316a6a1b-3f00-43af-9dbc-ac2971b62daf: start 316a6a1b-3f00-43af-9dbc-ac2971b62daf@group-E1FE9E25D7BF-LeaderStateImpl
2023-04-11 17:18:02,776 [6e9ccc6a-fad0-416f-afa3-09e4e9fe5838@group-E1FE9E25D7BF-FollowerState] INFO  server.RaftServerConfigKeys (ConfUtils.java:logFallback(53)) - raft.server.rpc.first-election.timeout.min = 5s (fallback to raft.server.rpc.timeout.min)
2023-04-11 17:18:02,776 [6e9ccc6a-fad0-416f-afa3-09e4e9fe5838@group-E1FE9E25D7BF-FollowerState] INFO  server.RaftServerConfigKeys (ConfUtils.java:logFallback(53)) - raft.server.rpc.first-election.timeout.max = 5200ms (fallback to raft.server.rpc.timeout.max)
2023-04-11 17:18:02,776 [316a6a1b-3f00-43af-9dbc-ac2971b62daf@group-E1FE9E25D7BF-LeaderElection14] INFO  segmented.SegmentedRaftLogWorker (SegmentedRaftLogWorker.java:startLogSegment(452)) - 316a6a1b-3f00-43af-9dbc-ac2971b62daf@group-E1FE9E25D7BF-SegmentedRaftLogWorker: Starting segment from index:0
2023-04-11 17:18:02,777 [grpc-default-executor-2] INFO  server.RaftServer$Division (RaftServerImpl.java:requestVote(1251)) - 6e9ccc6a-fad0-416f-afa3-09e4e9fe5838@group-E1FE9E25D7BF replies to ELECTION vote request: 316a6a1b-3f00-43af-9dbc-ac2971b62daf<-6e9ccc6a-fad0-416f-afa3-09e4e9fe5838#0:OK-t1. Peer's state: 6e9ccc6a-fad0-416f-afa3-09e4e9fe5838@group-E1FE9E25D7BF:t1, leader=null, voted=316a6a1b-3f00-43af-9dbc-ac2971b62daf, raftlog=Memoized:6e9ccc6a-fad0-416f-afa3-09e4e9fe5838@group-E1FE9E25D7BF-SegmentedRaftLog:OPENED:c-1, conf=-1: peers:[316a6a1b-3f00-43af-9dbc-ac2971b62daf|rpc:10.1.0.70:40413|dataStream:10.1.0.70:42545|priority:1|startupRole:FOLLOWER, 1466190b-31b8-4a1a-90c9-9931edc03f55|rpc:10.1.0.70:40843|dataStream:10.1.0.70:38869|priority:0|startupRole:FOLLOWER, 6e9ccc6a-fad0-416f-afa3-09e4e9fe5838|rpc:10.1.0.70:40587|dataStream:10.1.0.70:33979|priority:0|startupRole:FOLLOWER]|listeners:[], old=null
2023-04-11 17:18:02,778 [grpc-default-executor-3] INFO  server.RaftServer$Division (RaftServerImpl.java:requestVote(1218)) - 6e9ccc6a-fad0-416f-afa3-09e4e9fe5838@group-1904913C1B47: receive requestVote(ELECTION, 1466190b-31b8-4a1a-90c9-9931edc03f55, group-1904913C1B47, 1, (t:0, i:0))
2023-04-11 17:18:02,778 [1466190b-31b8-4a1a-90c9-9931edc03f55@group-1904913C1B47-LeaderElection15] INFO  impl.LeaderElection (LeaderElection.java:logAndReturn(90)) - 1466190b-31b8-4a1a-90c9-9931edc03f55@group-1904913C1B47-LeaderElection15: ELECTION PASSED received 1 response(s) and 0 exception(s):
2023-04-11 17:18:02,778 [grpc-default-executor-3] INFO  impl.VoteContext (VoteContext.java:log(49)) - 6e9ccc6a-fad0-416f-afa3-09e4e9fe5838@group-1904913C1B47-FOLLOWER: accept ELECTION from 1466190b-31b8-4a1a-90c9-9931edc03f55: our priority 0 <= candidate's priority 1
2023-04-11 17:18:02,778 [1466190b-31b8-4a1a-90c9-9931edc03f55@group-1904913C1B47-LeaderElection15] INFO  impl.LeaderElection (LeaderElection.java:logAndReturn(94)) -   Response 0: 1466190b-31b8-4a1a-90c9-9931edc03f55<-316a6a1b-3f00-43af-9dbc-ac2971b62daf#0:OK-t1
2023-04-11 17:18:02,778 [grpc-default-executor-3] INFO  server.RaftServer$Division (RaftServerImpl.java:setRole(321)) - 6e9ccc6a-fad0-416f-afa3-09e4e9fe5838@group-1904913C1B47: changes role from  FOLLOWER to FOLLOWER at term 1 for candidate:1466190b-31b8-4a1a-90c9-9931edc03f55
2023-04-11 17:18:02,785 [grpc-default-executor-3] INFO  impl.RoleInfo (RoleInfo.java:shutdownFollowerState(110)) - 6e9ccc6a-fad0-416f-afa3-09e4e9fe5838: shutdown 6e9ccc6a-fad0-416f-afa3-09e4e9fe5838@group-1904913C1B47-FollowerState
2023-04-11 17:18:02,785 [grpc-default-executor-3] INFO  impl.RoleInfo (RoleInfo.java:updateAndGet(139)) - 6e9ccc6a-fad0-416f-afa3-09e4e9fe5838: start 6e9ccc6a-fad0-416f-afa3-09e4e9fe5838@group-1904913C1B47-FollowerState
2023-04-11 17:18:02,783 [316a6a1b-3f00-43af-9dbc-ac2971b62daf@group-E1FE9E25D7BF-SegmentedRaftLogWorker] INFO  segmented.SegmentedRaftLogWorker (SegmentedRaftLogWorker.java:execute(656)) - 316a6a1b-3f00-43af-9dbc-ac2971b62daf@group-E1FE9E25D7BF-SegmentedRaftLogWorker: created new log segment /home/runner/work/ozone/ozone/hadoop-ozone/integration-test/target/test-dir/MiniOzoneClusterImpl-3c04abff-9f55-4a78-ab47-7ca56afb4af6/datanode-1/data/ratis/40c3c78a-35b8-496c-bcfb-e1fe9e25d7bf/current/log_inprogress_0
2023-04-11 17:18:02,778 [1466190b-31b8-4a1a-90c9-9931edc03f55@group-1904913C1B47-LeaderElection15] INFO  impl.LeaderElection (LeaderElection.java:askForVotes(314)) - 1466190b-31b8-4a1a-90c9-9931edc03f55@group-1904913C1B47-LeaderElection15 ELECTION round 0: result PASSED
2023-04-11 17:18:02,785 [1466190b-31b8-4a1a-90c9-9931edc03f55@group-1904913C1B47-LeaderElection15] INFO  impl.RoleInfo (RoleInfo.java:shutdownLeaderElection(130)) - 1466190b-31b8-4a1a-90c9-9931edc03f55: shutdown 1466190b-31b8-4a1a-90c9-9931edc03f55@group-1904913C1B47-LeaderElection15
2023-04-11 17:18:02,785 [1466190b-31b8-4a1a-90c9-9931edc03f55@group-1904913C1B47-LeaderElection15] INFO  server.RaftServer$Division (RaftServerImpl.java:setRole(321)) - 1466190b-31b8-4a1a-90c9-9931edc03f55@group-1904913C1B47: changes role from CANDIDATE to LEADER at term 1 for changeToLeader
2023-04-11 17:18:02,785 [1466190b-31b8-4a1a-90c9-9931edc03f55@group-1904913C1B47-LeaderElection15] INFO  ratis.XceiverServerRatis (XceiverServerRatis.java:handleLeaderChangedNotification(904)) - Leader change notification received for group: group-1904913C1B47 with new leaderId: 1466190b-31b8-4a1a-90c9-9931edc03f55
2023-04-11 17:18:02,785 [6e9ccc6a-fad0-416f-afa3-09e4e9fe5838@group-1904913C1B47-FollowerState] INFO  impl.FollowerState (FollowerState.java:run(152)) - 6e9ccc6a-fad0-416f-afa3-09e4e9fe5838@group-1904913C1B47-FollowerState was interrupted
2023-04-11 17:18:02,788 [6e9ccc6a-fad0-416f-afa3-09e4e9fe5838@group-1904913C1B47-FollowerState] INFO  server.RaftServerConfigKeys (ConfUtils.java:logFallback(53)) - raft.server.rpc.first-election.timeout.min = 5s (fallback to raft.server.rpc.timeout.min)
2023-04-11 17:18:02,788 [6e9ccc6a-fad0-416f-afa3-09e4e9fe5838@group-1904913C1B47-FollowerState] INFO  server.RaftServerConfigKeys (ConfUtils.java:logFallback(53)) - raft.server.rpc.first-election.timeout.max = 5200ms (fallback to raft.server.rpc.timeout.max)
2023-04-11 17:18:02,789 [grpc-default-executor-3] INFO  server.RaftServer$Division (RaftServerImpl.java:requestVote(1251)) - 6e9ccc6a-fad0-416f-afa3-09e4e9fe5838@group-1904913C1B47 replies to ELECTION vote request: 1466190b-31b8-4a1a-90c9-9931edc03f55<-6e9ccc6a-fad0-416f-afa3-09e4e9fe5838#0:OK-t1. Peer's state: 6e9ccc6a-fad0-416f-afa3-09e4e9fe5838@group-1904913C1B47:t1, leader=null, voted=1466190b-31b8-4a1a-90c9-9931edc03f55, raftlog=Memoized:6e9ccc6a-fad0-416f-afa3-09e4e9fe5838@group-1904913C1B47-SegmentedRaftLog:OPENED:c-1, conf=-1: peers:[316a6a1b-3f00-43af-9dbc-ac2971b62daf|rpc:10.1.0.70:40413|dataStream:10.1.0.70:42545|priority:0|startupRole:FOLLOWER, 1466190b-31b8-4a1a-90c9-9931edc03f55|rpc:10.1.0.70:40843|dataStream:10.1.0.70:38869|priority:1|startupRole:FOLLOWER, 6e9ccc6a-fad0-416f-afa3-09e4e9fe5838|rpc:10.1.0.70:40587|dataStream:10.1.0.70:33979|priority:0|startupRole:FOLLOWER]|listeners:[], old=null
2023-04-11 17:18:02,793 [1466190b-31b8-4a1a-90c9-9931edc03f55@group-1904913C1B47-LeaderElection15] INFO  server.RaftServer$Division (ServerState.java:setLeader(313)) - 1466190b-31b8-4a1a-90c9-9931edc03f55@group-1904913C1B47: change Leader from null to 1466190b-31b8-4a1a-90c9-9931edc03f55 at term 1 for becomeLeader, leader elected after 5158ms
2023-04-11 17:18:02,793 [1466190b-31b8-4a1a-90c9-9931edc03f55@group-1904913C1B47-LeaderElection15] INFO  server.RaftServerConfigKeys (ConfUtils.java:logGet(46)) - raft.server.staging.catchup.gap = 1000 (default)
2023-04-11 17:18:02,793 [1466190b-31b8-4a1a-90c9-9931edc03f55@group-1904913C1B47-LeaderElection15] INFO  server.RaftServerConfigKeys (ConfUtils.java:logGet(46)) - raft.server.write.element-limit = 1024 (custom)
2023-04-11 17:18:02,793 [1466190b-31b8-4a1a-90c9-9931edc03f55@group-1904913C1B47-LeaderElection15] INFO  server.RaftServerConfigKeys (ConfUtils.java:logGet(46)) - raft.server.write.byte-limit = 1024 M (=1073741824) (custom)
2023-04-11 17:18:02,793 [1466190b-31b8-4a1a-90c9-9931edc03f55@group-1904913C1B47-LeaderElection15] INFO  server.RaftServerConfigKeys (ConfUtils.java:logGet(46)) - raft.server.watch.timeout = 180s (custom)
2023-04-11 17:18:02,793 [1466190b-31b8-4a1a-90c9-9931edc03f55@group-1904913C1B47-LeaderElection15] INFO  server.RaftServerConfigKeys (ConfUtils.java:logGet(46)) - raft.server.watch.timeout.denomination = 1s (default)
2023-04-11 17:18:02,793 [1466190b-31b8-4a1a-90c9-9931edc03f55@group-1904913C1B47-LeaderElection15] INFO  server.RaftServerConfigKeys (ConfUtils.java:logGet(46)) - raft.server.watch.element-limit = 65536 (default)
2023-04-11 17:18:02,793 [1466190b-31b8-4a1a-90c9-9931edc03f55@group-1904913C1B47-LeaderElection15] INFO  server.RaftServerConfigKeys (ConfUtils.java:logGet(46)) - raft.server.write.element-limit = 1024 (custom)
2023-04-11 17:18:02,793 [1466190b-31b8-4a1a-90c9-9931edc03f55@group-1904913C1B47-LeaderElection15] INFO  server.RaftServerConfigKeys (ConfUtils.java:logGet(46)) - raft.server.write.follower.gap.ratio.max = -1.0 (default)
2023-04-11 17:18:02,795 [316a6a1b-3f00-43af-9dbc-ac2971b62daf@group-E1FE9E25D7BF-LeaderElection14] INFO  server.RaftServer$Division (ServerState.java:setRaftConf(430)) - 316a6a1b-3f00-43af-9dbc-ac2971b62daf@group-E1FE9E25D7BF: set configuration 0: peers:[316a6a1b-3f00-43af-9dbc-ac2971b62daf|rpc:10.1.0.70:40413|dataStream:10.1.0.70:42545|priority:1|startupRole:FOLLOWER, 1466190b-31b8-4a1a-90c9-9931edc03f55|rpc:10.1.0.70:40843|dataStream:10.1.0.70:38869|priority:0|startupRole:FOLLOWER, 6e9ccc6a-fad0-416f-afa3-09e4e9fe5838|rpc:10.1.0.70:40587|dataStream:10.1.0.70:33979|priority:0|startupRole:FOLLOWER]|listeners:[], old=null
2023-04-11 17:18:02,795 [1466190b-31b8-4a1a-90c9-9931edc03f55@group-1904913C1B47-LeaderElection15] INFO  server.RaftServerConfigKeys (ConfUtils.java:logGet(46)) - raft.server.log.appender.snapshot.chunk.size.max = 16MB (=16777216) (default)
2023-04-11 17:18:02,796 [1466190b-31b8-4a1a-90c9-9931edc03f55@group-1904913C1B47-LeaderElection15] INFO  server.RaftServerConfigKeys (ConfUtils.java:logGet(46)) - raft.server.log.appender.buffer.byte-limit = 33554432 (custom)
2023-04-11 17:18:02,796 [1466190b-31b8-4a1a-90c9-9931edc03f55@group-1904913C1B47-LeaderElection15] INFO  server.RaftServerConfigKeys (ConfUtils.java:logGet(46)) - raft.server.log.appender.buffer.element-limit = 1 (custom)
2023-04-11 17:18:02,796 [1466190b-31b8-4a1a-90c9-9931edc03f55@group-1904913C1B47-LeaderElection15] INFO  grpc.GrpcConfigKeys (ConfUtils.java:logGet(46)) - raft.grpc.server.leader.outstanding.appends.max = 128 (default)
2023-04-11 17:18:02,796 [1466190b-31b8-4a1a-90c9-9931edc03f55@group-1904913C1B47-LeaderElection15] INFO  server.RaftServerConfigKeys (ConfUtils.java:logGet(46)) - raft.server.rpc.request.timeout = 60s (custom)
2023-04-11 17:18:02,796 [1466190b-31b8-4a1a-90c9-9931edc03f55@group-1904913C1B47-LeaderElection15] INFO  server.RaftServerConfigKeys (ConfUtils.java:logGet(46)) - raft.server.log.appender.install.snapshot.enabled = false (custom)
2023-04-11 17:18:02,796 [1466190b-31b8-4a1a-90c9-9931edc03f55@group-1904913C1B47-LeaderElection15] INFO  grpc.GrpcConfigKeys (ConfUtils.java:logGet(46)) - raft.grpc.server.heartbeat.channel = true (default)
2023-04-11 17:18:02,796 [1466190b-31b8-4a1a-90c9-9931edc03f55@group-1904913C1B47-LeaderElection15] INFO  server.RaftServerConfigKeys (ConfUtils.java:logGet(46)) - raft.server.log.appender.wait-time.min = 10ms (default)
2023-04-11 17:18:02,798 [1466190b-31b8-4a1a-90c9-9931edc03f55@group-1904913C1B47-LeaderElection15] INFO  server.RaftServerConfigKeys (ConfUtils.java:logGet(46)) - raft.server.log.appender.snapshot.chunk.size.max = 16MB (=16777216) (default)
2023-04-11 17:18:02,798 [1466190b-31b8-4a1a-90c9-9931edc03f55@group-1904913C1B47-LeaderElection15] INFO  server.RaftServerConfigKeys (ConfUtils.java:logGet(46)) - raft.server.log.appender.buffer.byte-limit = 33554432 (custom)
2023-04-11 17:18:02,799 [EventQueue-PipelineReportForPipelineReportHandler] INFO  pipeline.PipelineManagerImpl (PipelineManagerImpl.java:openPipeline(367)) - Pipeline Pipeline[ Id: e3a8309e-152f-46aa-8375-1904913c1b47, Nodes: 1466190b-31b8-4a1a-90c9-9931edc03f55(fv-az377-102.ap30g4v5sw5evmjtdmxdg2w53f.dx.internal.cloudapp.net/10.1.0.70)316a6a1b-3f00-43af-9dbc-ac2971b62daf(fv-az377-102.ap30g4v5sw5evmjtdmxdg2w53f.dx.internal.cloudapp.net/10.1.0.70)6e9ccc6a-fad0-416f-afa3-09e4e9fe5838(fv-az377-102.ap30g4v5sw5evmjtdmxdg2w53f.dx.internal.cloudapp.net/10.1.0.70), ReplicationConfig: RATIS/THREE, State:ALLOCATED, leaderId:1466190b-31b8-4a1a-90c9-9931edc03f55, CreationTimestamp2023-04-11T17:17:55.259Z[Etc/UTC]] moved to OPEN state
2023-04-11 17:18:02,800 [1466190b-31b8-4a1a-90c9-9931edc03f55@group-1904913C1B47-LeaderElection15] INFO  server.RaftServerConfigKeys (ConfUtils.java:logGet(46)) - raft.server.log.appender.buffer.element-limit = 1 (custom)
2023-04-11 17:18:02,801 [1466190b-31b8-4a1a-90c9-9931edc03f55@group-1904913C1B47-LeaderElection15] INFO  grpc.GrpcConfigKeys (ConfUtils.java:logGet(46)) - raft.grpc.server.leader.outstanding.appends.max = 128 (default)
2023-04-11 17:18:02,801 [1466190b-31b8-4a1a-90c9-9931edc03f55@group-1904913C1B47-LeaderElection15] INFO  server.RaftServerConfigKeys (ConfUtils.java:logGet(46)) - raft.server.rpc.request.timeout = 60s (custom)
2023-04-11 17:18:02,801 [1466190b-31b8-4a1a-90c9-9931edc03f55@group-1904913C1B47-LeaderElection15] INFO  server.RaftServerConfigKeys (ConfUtils.java:logGet(46)) - raft.server.log.appender.install.snapshot.enabled = false (custom)
2023-04-11 17:18:02,801 [1466190b-31b8-4a1a-90c9-9931edc03f55@group-1904913C1B47-LeaderElection15] INFO  grpc.GrpcConfigKeys (ConfUtils.java:logGet(46)) - raft.grpc.server.heartbeat.channel = true (default)
2023-04-11 17:18:02,801 [1466190b-31b8-4a1a-90c9-9931edc03f55@group-1904913C1B47-LeaderElection15] INFO  server.RaftServerConfigKeys (ConfUtils.java:logGet(46)) - raft.server.log.appender.wait-time.min = 10ms (default)
2023-04-11 17:18:02,801 [1466190b-31b8-4a1a-90c9-9931edc03f55@group-1904913C1B47-LeaderElection15] INFO  impl.RoleInfo (RoleInfo.java:updateAndGet(139)) - 1466190b-31b8-4a1a-90c9-9931edc03f55: start 1466190b-31b8-4a1a-90c9-9931edc03f55@group-1904913C1B47-LeaderStateImpl
2023-04-11 17:18:02,802 [1466190b-31b8-4a1a-90c9-9931edc03f55@group-1904913C1B47-LeaderElection15] INFO  segmented.SegmentedRaftLogWorker (SegmentedRaftLogWorker.java:startLogSegment(452)) - 1466190b-31b8-4a1a-90c9-9931edc03f55@group-1904913C1B47-SegmentedRaftLogWorker: Starting segment from index:0
2023-04-11 17:18:02,803 [1466190b-31b8-4a1a-90c9-9931edc03f55@group-1904913C1B47-SegmentedRaftLogWorker] INFO  segmented.SegmentedRaftLogWorker (SegmentedRaftLogWorker.java:execute(656)) - 1466190b-31b8-4a1a-90c9-9931edc03f55@group-1904913C1B47-SegmentedRaftLogWorker: created new log segment /home/runner/work/ozone/ozone/hadoop-ozone/integration-test/target/test-dir/MiniOzoneClusterImpl-3c04abff-9f55-4a78-ab47-7ca56afb4af6/datanode-2/data/ratis/e3a8309e-152f-46aa-8375-1904913c1b47/current/log_inprogress_0
2023-04-11 17:18:02,823 [1466190b-31b8-4a1a-90c9-9931edc03f55@group-1904913C1B47-LeaderElection15] INFO  server.RaftServer$Division (ServerState.java:setRaftConf(430)) - 1466190b-31b8-4a1a-90c9-9931edc03f55@group-1904913C1B47: set configuration 0: peers:[316a6a1b-3f00-43af-9dbc-ac2971b62daf|rpc:10.1.0.70:40413|dataStream:10.1.0.70:42545|priority:0|startupRole:FOLLOWER, 1466190b-31b8-4a1a-90c9-9931edc03f55|rpc:10.1.0.70:40843|dataStream:10.1.0.70:38869|priority:1|startupRole:FOLLOWER, 6e9ccc6a-fad0-416f-afa3-09e4e9fe5838|rpc:10.1.0.70:40587|dataStream:10.1.0.70:33979|priority:0|startupRole:FOLLOWER]|listeners:[], old=null
2023-04-11 17:18:02,825 [1466190b-31b8-4a1a-90c9-9931edc03f55-server-thread1] INFO  ratis.XceiverServerRatis (XceiverServerRatis.java:handleLeaderChangedNotification(904)) - Leader change notification received for group: group-E1FE9E25D7BF with new leaderId: 316a6a1b-3f00-43af-9dbc-ac2971b62daf
2023-04-11 17:18:02,825 [1466190b-31b8-4a1a-90c9-9931edc03f55-server-thread1] INFO  server.RaftServer$Division (ServerState.java:setLeader(313)) - 1466190b-31b8-4a1a-90c9-9931edc03f55@group-E1FE9E25D7BF: change Leader from null to 316a6a1b-3f00-43af-9dbc-ac2971b62daf at term 1 for appendEntries, leader elected after 5261ms
2023-04-11 17:18:02,843 [6e9ccc6a-fad0-416f-afa3-09e4e9fe5838-server-thread1] INFO  ratis.XceiverServerRatis (XceiverServerRatis.java:handleLeaderChangedNotification(904)) - Leader change notification received for group: group-1904913C1B47 with new leaderId: 1466190b-31b8-4a1a-90c9-9931edc03f55
2023-04-11 17:18:02,844 [6e9ccc6a-fad0-416f-afa3-09e4e9fe5838-server-thread1] INFO  server.RaftServer$Division (ServerState.java:setLeader(313)) - 6e9ccc6a-fad0-416f-afa3-09e4e9fe5838@group-1904913C1B47: change Leader from null to 1466190b-31b8-4a1a-90c9-9931edc03f55 at term 1 for appendEntries, leader elected after 5251ms
2023-04-11 17:18:02,848 [1466190b-31b8-4a1a-90c9-9931edc03f55-server-thread1] INFO  server.RaftServer$Division (ServerState.java:setRaftConf(430)) - 1466190b-31b8-4a1a-90c9-9931edc03f55@group-E1FE9E25D7BF: set configuration 0: peers:[316a6a1b-3f00-43af-9dbc-ac2971b62daf|rpc:10.1.0.70:40413|dataStream:10.1.0.70:42545|priority:1|startupRole:FOLLOWER, 1466190b-31b8-4a1a-90c9-9931edc03f55|rpc:10.1.0.70:40843|dataStream:10.1.0.70:38869|priority:0|startupRole:FOLLOWER, 6e9ccc6a-fad0-416f-afa3-09e4e9fe5838|rpc:10.1.0.70:40587|dataStream:10.1.0.70:33979|priority:0|startupRole:FOLLOWER]|listeners:[], old=null
2023-04-11 17:18:02,849 [1466190b-31b8-4a1a-90c9-9931edc03f55-server-thread1] INFO  segmented.SegmentedRaftLogWorker (SegmentedRaftLogWorker.java:startLogSegment(452)) - 1466190b-31b8-4a1a-90c9-9931edc03f55@group-E1FE9E25D7BF-SegmentedRaftLogWorker: Starting segment from index:0
2023-04-11 17:18:02,852 [6e9ccc6a-fad0-416f-afa3-09e4e9fe5838-server-thread1] INFO  ratis.XceiverServerRatis (XceiverServerRatis.java:handleLeaderChangedNotification(904)) - Leader change notification received for group: group-E1FE9E25D7BF with new leaderId: 316a6a1b-3f00-43af-9dbc-ac2971b62daf
2023-04-11 17:18:02,852 [6e9ccc6a-fad0-416f-afa3-09e4e9fe5838-server-thread1] INFO  server.RaftServer$Division (ServerState.java:setLeader(313)) - 6e9ccc6a-fad0-416f-afa3-09e4e9fe5838@group-E1FE9E25D7BF: change Leader from null to 316a6a1b-3f00-43af-9dbc-ac2971b62daf at term 1 for appendEntries, leader elected after 5368ms
2023-04-11 17:18:02,857 [316a6a1b-3f00-43af-9dbc-ac2971b62daf-server-thread1] INFO  ratis.XceiverServerRatis (XceiverServerRatis.java:handleLeaderChangedNotification(904)) - Leader change notification received for group: group-1904913C1B47 with new leaderId: 1466190b-31b8-4a1a-90c9-9931edc03f55
2023-04-11 17:18:02,857 [316a6a1b-3f00-43af-9dbc-ac2971b62daf-server-thread1] INFO  server.RaftServer$Division (ServerState.java:setLeader(313)) - 316a6a1b-3f00-43af-9dbc-ac2971b62daf@group-1904913C1B47: change Leader from null to 1466190b-31b8-4a1a-90c9-9931edc03f55 at term 1 for appendEntries, leader elected after 5196ms
2023-04-11 17:18:02,857 [6e9ccc6a-fad0-416f-afa3-09e4e9fe5838-server-thread1] INFO  server.RaftServer$Division (ServerState.java:setRaftConf(430)) - 6e9ccc6a-fad0-416f-afa3-09e4e9fe5838@group-1904913C1B47: set configuration 0: peers:[316a6a1b-3f00-43af-9dbc-ac2971b62daf|rpc:10.1.0.70:40413|dataStream:10.1.0.70:42545|priority:0|startupRole:FOLLOWER, 1466190b-31b8-4a1a-90c9-9931edc03f55|rpc:10.1.0.70:40843|dataStream:10.1.0.70:38869|priority:1|startupRole:FOLLOWER, 6e9ccc6a-fad0-416f-afa3-09e4e9fe5838|rpc:10.1.0.70:40587|dataStream:10.1.0.70:33979|priority:0|startupRole:FOLLOWER]|listeners:[], old=null
2023-04-11 17:18:02,858 [6e9ccc6a-fad0-416f-afa3-09e4e9fe5838-server-thread1] INFO  segmented.SegmentedRaftLogWorker (SegmentedRaftLogWorker.java:startLogSegment(452)) - 6e9ccc6a-fad0-416f-afa3-09e4e9fe5838@group-1904913C1B47-SegmentedRaftLogWorker: Starting segment from index:0
2023-04-11 17:18:02,859 [1466190b-31b8-4a1a-90c9-9931edc03f55@group-E1FE9E25D7BF-SegmentedRaftLogWorker] INFO  segmented.SegmentedRaftLogWorker (SegmentedRaftLogWorker.java:execute(656)) - 1466190b-31b8-4a1a-90c9-9931edc03f55@group-E1FE9E25D7BF-SegmentedRaftLogWorker: created new log segment /home/runner/work/ozone/ozone/hadoop-ozone/integration-test/target/test-dir/MiniOzoneClusterImpl-3c04abff-9f55-4a78-ab47-7ca56afb4af6/datanode-2/data/ratis/40c3c78a-35b8-496c-bcfb-e1fe9e25d7bf/current/log_inprogress_0
2023-04-11 17:18:02,860 [6e9ccc6a-fad0-416f-afa3-09e4e9fe5838@group-1904913C1B47-SegmentedRaftLogWorker] INFO  segmented.SegmentedRaftLogWorker (SegmentedRaftLogWorker.java:execute(656)) - 6e9ccc6a-fad0-416f-afa3-09e4e9fe5838@group-1904913C1B47-SegmentedRaftLogWorker: created new log segment /home/runner/work/ozone/ozone/hadoop-ozone/integration-test/target/test-dir/MiniOzoneClusterImpl-3c04abff-9f55-4a78-ab47-7ca56afb4af6/datanode-0/data/ratis/e3a8309e-152f-46aa-8375-1904913c1b47/current/log_inprogress_0
2023-04-11 17:18:02,862 [6e9ccc6a-fad0-416f-afa3-09e4e9fe5838-server-thread2] INFO  server.RaftServer$Division (ServerState.java:setRaftConf(430)) - 6e9ccc6a-fad0-416f-afa3-09e4e9fe5838@group-E1FE9E25D7BF: set configuration 0: peers:[316a6a1b-3f00-43af-9dbc-ac2971b62daf|rpc:10.1.0.70:40413|dataStream:10.1.0.70:42545|priority:1|startupRole:FOLLOWER, 1466190b-31b8-4a1a-90c9-9931edc03f55|rpc:10.1.0.70:40843|dataStream:10.1.0.70:38869|priority:0|startupRole:FOLLOWER, 6e9ccc6a-fad0-416f-afa3-09e4e9fe5838|rpc:10.1.0.70:40587|dataStream:10.1.0.70:33979|priority:0|startupRole:FOLLOWER]|listeners:[], old=null
2023-04-11 17:18:02,862 [6e9ccc6a-fad0-416f-afa3-09e4e9fe5838-server-thread2] INFO  segmented.SegmentedRaftLogWorker (SegmentedRaftLogWorker.java:startLogSegment(452)) - 6e9ccc6a-fad0-416f-afa3-09e4e9fe5838@group-E1FE9E25D7BF-SegmentedRaftLogWorker: Starting segment from index:0
2023-04-11 17:18:02,863 [6e9ccc6a-fad0-416f-afa3-09e4e9fe5838@group-E1FE9E25D7BF-SegmentedRaftLogWorker] INFO  segmented.SegmentedRaftLogWorker (SegmentedRaftLogWorker.java:execute(656)) - 6e9ccc6a-fad0-416f-afa3-09e4e9fe5838@group-E1FE9E25D7BF-SegmentedRaftLogWorker: created new log segment /home/runner/work/ozone/ozone/hadoop-ozone/integration-test/target/test-dir/MiniOzoneClusterImpl-3c04abff-9f55-4a78-ab47-7ca56afb4af6/datanode-0/data/ratis/40c3c78a-35b8-496c-bcfb-e1fe9e25d7bf/current/log_inprogress_0
2023-04-11 17:18:02,864 [316a6a1b-3f00-43af-9dbc-ac2971b62daf-server-thread1] INFO  server.RaftServer$Division (ServerState.java:setRaftConf(430)) - 316a6a1b-3f00-43af-9dbc-ac2971b62daf@group-1904913C1B47: set configuration 0: peers:[316a6a1b-3f00-43af-9dbc-ac2971b62daf|rpc:10.1.0.70:40413|dataStream:10.1.0.70:42545|priority:0|startupRole:FOLLOWER, 1466190b-31b8-4a1a-90c9-9931edc03f55|rpc:10.1.0.70:40843|dataStream:10.1.0.70:38869|priority:1|startupRole:FOLLOWER, 6e9ccc6a-fad0-416f-afa3-09e4e9fe5838|rpc:10.1.0.70:40587|dataStream:10.1.0.70:33979|priority:0|startupRole:FOLLOWER]|listeners:[], old=null
2023-04-11 17:18:02,867 [316a6a1b-3f00-43af-9dbc-ac2971b62daf-server-thread1] INFO  segmented.SegmentedRaftLogWorker (SegmentedRaftLogWorker.java:startLogSegment(452)) - 316a6a1b-3f00-43af-9dbc-ac2971b62daf@group-1904913C1B47-SegmentedRaftLogWorker: Starting segment from index:0
2023-04-11 17:18:02,868 [316a6a1b-3f00-43af-9dbc-ac2971b62daf@group-1904913C1B47-SegmentedRaftLogWorker] INFO  segmented.SegmentedRaftLogWorker (SegmentedRaftLogWorker.java:execute(656)) - 316a6a1b-3f00-43af-9dbc-ac2971b62daf@group-1904913C1B47-SegmentedRaftLogWorker: created new log segment /home/runner/work/ozone/ozone/hadoop-ozone/integration-test/target/test-dir/MiniOzoneClusterImpl-3c04abff-9f55-4a78-ab47-7ca56afb4af6/datanode-1/data/ratis/e3a8309e-152f-46aa-8375-1904913c1b47/current/log_inprogress_0
2023-04-11 17:18:03,173 [Listener at 127.0.0.1/38777] INFO  ozone.MiniOzoneClusterImpl (MiniOzoneClusterImpl.java:lambda$waitForClusterToBeReady$0(222)) - Nodes are ready. Got 5 of 5 DN Heartbeats.
2023-04-11 17:18:03,173 [Listener at 127.0.0.1/38777] INFO  ozone.MiniOzoneClusterImpl (MiniOzoneClusterImpl.java:lambda$waitForClusterToBeReady$0(225)) - Cluster exits safe mode
2023-04-11 17:18:03,173 [Listener at 127.0.0.1/38777] INFO  ozone.MiniOzoneClusterImpl (MiniOzoneClusterImpl.java:lambda$waitForClusterToBeReady$0(227)) - SCM became leader
2023-04-11 17:18:03,195 [Listener at 127.0.0.1/38777] INFO  rpc.RpcClient (RpcClient.java:createVolume(476)) - Creating Volume: volume96178, with user47755 as owner and space quota set to -1 bytes, counts quota set to -1
2023-04-11 17:18:03,196 [IPC Server handler 19 on default port 38777] INFO  volume.OMVolumeCreateRequest (OMVolumeCreateRequest.java:validateAndUpdateCache(195)) - created volume:volume96178 for user:user47755
2023-04-11 17:18:03,205 [Listener at 127.0.0.1/38777] INFO  rpc.RpcClient (RpcClient.java:createBucket(698)) - Creating Bucket: volume96178/bucket92903, with bucket layout LEGACY, runner as owner, Versioning false, Storage Type set to DISK and Encryption set to false, Replication Type set to server-side default replication type, Namespace Quota set to -1, Space Quota set to -1 
2023-04-11 17:18:03,207 [IPC Server handler 15 on default port 38777] INFO  bucket.OMBucketCreateRequest (OMBucketCreateRequest.java:validateAndUpdateCache(269)) - created bucket: bucket92903 of layout LEGACY in volume: volume96178
]]></system-out>
  </testcase>
  <testcase name="testGetTrashRoot" classname="TestOzoneFileSystem" time="20.629">
    <system-out><![CDATA[2023-04-11 17:18:35,742 [Listener at 127.0.0.1/38777] INFO  ozone.MiniOzoneClusterImpl (MiniOzoneClusterImpl.java:shutdown(455)) - Shutting down the Mini Ozone Cluster
2023-04-11 17:18:35,742 [Listener at 127.0.0.1/38777] INFO  ozone.MiniOzoneClusterImpl (MiniOzoneClusterImpl.java:stop(471)) - Stopping the Mini Ozone Cluster
2023-04-11 17:18:35,742 [Listener at 127.0.0.1/38777] INFO  ozone.MiniOzoneClusterImpl (MiniOzoneClusterImpl.java:stopOM(557)) - Stopping the OzoneManager
2023-04-11 17:18:35,742 [Listener at 127.0.0.1/38777] INFO  om.OzoneManager (OzoneManager.java:stop(2154)) - om1[localhost:0]: Stopping Ozone Manager
2023-04-11 17:18:35,742 [Listener at 127.0.0.1/38777] INFO  ipc.Server (Server.java:stop(3501)) - Stopping server on 38777
2023-04-11 17:18:35,747 [IPC Server handler 17 on default port 38777] WARN  ipc.Server (Server.java:processResponse(1768)) - IPC Server handler 17 on default port 38777, call Call#117672 Retry#0 org.apache.hadoop.ozone.om.protocol.OzoneManagerProtocol.submitRequest from 127.0.0.1:45546: output error
2023-04-11 17:18:35,747 [IPC Server handler 17 on default port 38777] INFO  ipc.Server (Server.java:run(3039)) - IPC Server handler 17 on default port 38777 caught an exception
java.nio.channels.ClosedByInterruptException
	at java.nio.channels.spi.AbstractInterruptibleChannel.end(AbstractInterruptibleChannel.java:202)
	at sun.nio.ch.SocketChannelImpl.write(SocketChannelImpl.java:477)
	at org.apache.hadoop.ipc.Server.channelWrite(Server.java:3721)
	at org.apache.hadoop.ipc.Server.access$1800(Server.java:148)
	at org.apache.hadoop.ipc.Server$Responder.processResponse(Server.java:1718)
	at org.apache.hadoop.ipc.Server$Responder.doRespond(Server.java:1788)
	at org.apache.hadoop.ipc.Server$Connection.sendResponse(Server.java:2897)
	at org.apache.hadoop.ipc.Server$Connection.access$400(Server.java:1860)
	at org.apache.hadoop.ipc.Server$RpcCall.doResponse(Server.java:1171)
	at org.apache.hadoop.ipc.Server$Call.doResponse(Server.java:954)
	at org.apache.hadoop.ipc.Server$Call.sendResponse(Server.java:940)
	at org.apache.hadoop.ipc.Server$RpcCall.run(Server.java:1106)
	at org.apache.hadoop.ipc.Server$RpcCall.run(Server.java:1012)
	at java.security.AccessController.doPrivileged(Native Method)
	at javax.security.auth.Subject.doAs(Subject.java:422)
	at org.apache.hadoop.security.UserGroupInformation.doAs(UserGroupInformation.java:1899)
	at org.apache.hadoop.ipc.Server$Handler.run(Server.java:3026)
2023-04-11 17:18:35,751 [IPC Server listener on 0] INFO  ipc.Server (Server.java:run(1430)) - Stopping IPC Server listener on 0
2023-04-11 17:18:35,751 [IPC Server Responder] INFO  ipc.Server (Server.java:run(1563)) - Stopping IPC Server Responder
2023-04-11 17:18:35,752 [Listener at 127.0.0.1/38777] INFO  ratis.OzoneManagerDoubleBuffer (OzoneManagerDoubleBuffer.java:stopDaemon(540)) - Stopping OMDoubleBuffer flush thread
2023-04-11 17:18:35,753 [OMDoubleBufferFlushThread] INFO  ratis.OzoneManagerDoubleBuffer (OzoneManagerDoubleBuffer.java:canFlush(625)) - OMDoubleBuffer flush thread OMDoubleBufferFlushThread is interrupted and will exit.
2023-04-11 17:18:35,753 [Listener at 127.0.0.1/38777] INFO  utils.BackgroundService (BackgroundService.java:shutdown(141)) - Shutting down service KeyDeletingService
2023-04-11 17:18:35,753 [Listener at 127.0.0.1/38777] INFO  utils.BackgroundService (BackgroundService.java:shutdown(141)) - Shutting down service DirectoryDeletingService
2023-04-11 17:18:35,754 [Listener at 127.0.0.1/38777] INFO  utils.BackgroundService (BackgroundService.java:shutdown(141)) - Shutting down service OpenKeyCleanupService
2023-04-11 17:18:35,754 [Listener at 127.0.0.1/38777] INFO  utils.BackgroundService (BackgroundService.java:shutdown(141)) - Shutting down service SstFilteringService
2023-04-11 17:18:35,754 [Listener at 127.0.0.1/38777] INFO  utils.BackgroundService (BackgroundService.java:shutdown(141)) - Shutting down service SnapshotDeletingService
2023-04-11 17:18:35,755 [Listener at 127.0.0.1/38777] INFO  handler.ContextHandler (ContextHandler.java:doStop(1159)) - Stopped o.e.j.w.WebAppContext@1bf73503{ozoneManager,/,null,STOPPED}{file:/home/runner/work/ozone/ozone/hadoop-ozone/integration-test/target/test-classes/webapps/ozoneManager}
2023-04-11 17:18:35,755 [Listener at 127.0.0.1/38777] INFO  server.AbstractConnector (AbstractConnector.java:doStop(383)) - Stopped ServerConnector@66890b78{HTTP/1.1, (http/1.1)}{0.0.0.0:0}
2023-04-11 17:18:35,755 [Listener at 127.0.0.1/38777] INFO  server.session (HouseKeeper.java:stopScavenging(149)) - node0 Stopped scavenging
2023-04-11 17:18:35,756 [Listener at 127.0.0.1/38777] INFO  handler.ContextHandler (ContextHandler.java:doStop(1159)) - Stopped o.e.j.s.ServletContextHandler@6c8a97d6{static,/static,file:///home/runner/work/ozone/ozone/hadoop-ozone/integration-test/target/test-classes/webapps/static,STOPPED}
2023-04-11 17:18:35,756 [Listener at 127.0.0.1/38777] INFO  handler.ContextHandler (ContextHandler.java:doStop(1159)) - Stopped o.e.j.s.ServletContextHandler@14aa145a{logs,/logs,file:///home/runner/work/ozone/ozone/hadoop-ozone/integration-test/target/log,STOPPED}
2023-04-11 17:18:35,757 [Trash Emptier] ERROR om.TrashPolicyOzone (TrashPolicyOzone.java:run(350)) - Error attempting to shutdown
java.lang.InterruptedException
	at java.util.concurrent.locks.AbstractQueuedSynchronizer$ConditionObject.awaitNanos(AbstractQueuedSynchronizer.java:2067)
	at java.util.concurrent.ThreadPoolExecutor.awaitTermination(ThreadPoolExecutor.java:1475)
	at org.apache.hadoop.ozone.om.TrashPolicyOzone$Emptier.run(TrashPolicyOzone.java:348)
	at java.lang.Thread.run(Thread.java:750)
2023-04-11 17:18:35,761 [Listener at 127.0.0.1/38777] INFO  ozone.MiniOzoneClusterImpl (MiniOzoneClusterImpl.java:stopDatanodes(534)) - Stopping the HddsDatanodes
2023-04-11 17:18:35,763 [Listener at 127.0.0.1/38777] INFO  ozoneimpl.OzoneContainer (OzoneContainer.java:stop(419)) - Attempting to stop container services.
2023-04-11 17:18:35,764 [Listener at 127.0.0.1/38777] INFO  server.RaftServer (RaftServerProxy.java:lambda$close$6(409)) - 1466190b-31b8-4a1a-90c9-9931edc03f55: close
2023-04-11 17:18:35,765 [1466190b-31b8-4a1a-90c9-9931edc03f55-impl-thread1] INFO  server.RaftServer$Division (RaftServerImpl.java:lambda$close$4(458)) - 1466190b-31b8-4a1a-90c9-9931edc03f55@group-E1FE9E25D7BF: shutdown
2023-04-11 17:18:35,765 [1466190b-31b8-4a1a-90c9-9931edc03f55-impl-thread1] INFO  util.JmxRegister (JmxRegister.java:unregister(73)) - Successfully un-registered JMX Bean with object name Ratis:service=RaftServer,group=group-E1FE9E25D7BF,id=1466190b-31b8-4a1a-90c9-9931edc03f55
2023-04-11 17:18:35,765 [1466190b-31b8-4a1a-90c9-9931edc03f55-impl-thread2] INFO  server.RaftServer$Division (RaftServerImpl.java:lambda$close$4(458)) - 1466190b-31b8-4a1a-90c9-9931edc03f55@group-57E150C89A50: shutdown
2023-04-11 17:18:35,765 [1466190b-31b8-4a1a-90c9-9931edc03f55-impl-thread1] INFO  impl.RoleInfo (RoleInfo.java:shutdownFollowerState(110)) - 1466190b-31b8-4a1a-90c9-9931edc03f55: shutdown 1466190b-31b8-4a1a-90c9-9931edc03f55@group-E1FE9E25D7BF-FollowerState
2023-04-11 17:18:35,765 [1466190b-31b8-4a1a-90c9-9931edc03f55-impl-thread1] INFO  impl.StateMachineUpdater (StateMachineUpdater.java:stopAndJoin(153)) - 1466190b-31b8-4a1a-90c9-9931edc03f55@group-E1FE9E25D7BF-StateMachineUpdater: set stopIndex = 22
2023-04-11 17:18:35,765 [1466190b-31b8-4a1a-90c9-9931edc03f55-impl-thread2] INFO  util.JmxRegister (JmxRegister.java:unregister(73)) - Successfully un-registered JMX Bean with object name Ratis:service=RaftServer,group=group-57E150C89A50,id=1466190b-31b8-4a1a-90c9-9931edc03f55
2023-04-11 17:18:35,765 [1466190b-31b8-4a1a-90c9-9931edc03f55@group-E1FE9E25D7BF-FollowerState] INFO  impl.FollowerState (FollowerState.java:run(152)) - 1466190b-31b8-4a1a-90c9-9931edc03f55@group-E1FE9E25D7BF-FollowerState was interrupted
2023-04-11 17:18:35,765 [1466190b-31b8-4a1a-90c9-9931edc03f55-impl-thread2] INFO  impl.RoleInfo (RoleInfo.java:shutdownLeaderState(93)) - 1466190b-31b8-4a1a-90c9-9931edc03f55: shutdown 1466190b-31b8-4a1a-90c9-9931edc03f55@group-57E150C89A50-LeaderStateImpl
2023-04-11 17:18:35,765 [Listener at 127.0.0.1/38777] INFO  server.GrpcService (GrpcService.java:closeImpl(271)) - 1466190b-31b8-4a1a-90c9-9931edc03f55: shutdown server GrpcServerProtocolService now
2023-04-11 17:18:35,770 [1466190b-31b8-4a1a-90c9-9931edc03f55@group-E1FE9E25D7BF-StateMachineUpdater] INFO  ratis.ContainerStateMachine (ContainerStateMachine.java:takeSnapshot(330)) - group-E1FE9E25D7BF: Taking a snapshot at:(t:1, i:22) file /home/runner/work/ozone/ozone/hadoop-ozone/integration-test/target/test-dir/MiniOzoneClusterImpl-3c04abff-9f55-4a78-ab47-7ca56afb4af6/datanode-2/data/ratis/40c3c78a-35b8-496c-bcfb-e1fe9e25d7bf/sm/snapshot.1_22
2023-04-11 17:18:35,771 [1466190b-31b8-4a1a-90c9-9931edc03f55-impl-thread2] INFO  impl.PendingRequests (PendingRequests.java:sendNotLeaderResponses(282)) - 1466190b-31b8-4a1a-90c9-9931edc03f55@group-57E150C89A50-PendingRequests: sendNotLeaderResponses
2023-04-11 17:18:35,772 [1466190b-31b8-4a1a-90c9-9931edc03f55@group-57E150C89A50-StateMachineUpdater] INFO  ratis.ContainerStateMachine (ContainerStateMachine.java:takeSnapshot(330)) - group-57E150C89A50: Taking a snapshot at:(t:1, i:0) file /home/runner/work/ozone/ozone/hadoop-ozone/integration-test/target/test-dir/MiniOzoneClusterImpl-3c04abff-9f55-4a78-ab47-7ca56afb4af6/datanode-2/data/ratis/5c867ca6-b5a4-4bb2-a7fc-57e150c89a50/sm/snapshot.1_0
2023-04-11 17:18:35,772 [1466190b-31b8-4a1a-90c9-9931edc03f55-impl-thread2] INFO  impl.StateMachineUpdater (StateMachineUpdater.java:stopAndJoin(153)) - 1466190b-31b8-4a1a-90c9-9931edc03f55@group-57E150C89A50-StateMachineUpdater: set stopIndex = 0
2023-04-11 17:18:35,773 [Listener at 127.0.0.1/38777] INFO  server.GrpcServerProtocolClient (GrpcServerProtocolClient.java:close(101)) - 316a6a1b-3f00-43af-9dbc-ac2971b62daf Close channels
2023-04-11 17:18:35,774 [ForkJoinPool.commonPool-worker-1] INFO  ozoneimpl.OzoneContainer (OzoneContainer.java:stop(419)) - Attempting to stop container services.
2023-04-11 17:18:35,774 [1466190b-31b8-4a1a-90c9-9931edc03f55@group-E1FE9E25D7BF-StateMachineUpdater] INFO  ratis.ContainerStateMachine (ContainerStateMachine.java:takeSnapshot(341)) - group-E1FE9E25D7BF: Finished taking a snapshot at:(t:1, i:22) file:/home/runner/work/ozone/ozone/hadoop-ozone/integration-test/target/test-dir/MiniOzoneClusterImpl-3c04abff-9f55-4a78-ab47-7ca56afb4af6/datanode-2/data/ratis/40c3c78a-35b8-496c-bcfb-e1fe9e25d7bf/sm/snapshot.1_22 took: 4 ms
2023-04-11 17:18:35,774 [1466190b-31b8-4a1a-90c9-9931edc03f55@group-E1FE9E25D7BF-StateMachineUpdater] INFO  impl.StateMachineUpdater (StateMachineUpdater.java:takeSnapshot(287)) - 1466190b-31b8-4a1a-90c9-9931edc03f55@group-E1FE9E25D7BF-StateMachineUpdater: Took a snapshot at index 22
2023-04-11 17:18:35,774 [1466190b-31b8-4a1a-90c9-9931edc03f55@group-E1FE9E25D7BF-StateMachineUpdater] INFO  impl.StateMachineUpdater (StateMachineUpdater.java:lambda$new$0(92)) - 1466190b-31b8-4a1a-90c9-9931edc03f55@group-E1FE9E25D7BF-StateMachineUpdater: snapshotIndex: updateIncreasingly -1 -> 22
2023-04-11 17:18:35,775 [1466190b-31b8-4a1a-90c9-9931edc03f55-impl-thread1] INFO  server.RaftServer$Division (ServerState.java:close(466)) - 1466190b-31b8-4a1a-90c9-9931edc03f55@group-E1FE9E25D7BF: closes. applyIndex: 22
2023-04-11 17:18:35,775 [1466190b-31b8-4a1a-90c9-9931edc03f55@group-E1FE9E25D7BF-SegmentedRaftLogWorker] INFO  segmented.SegmentedRaftLogWorker (SegmentedRaftLogWorker.java:run(347)) - 1466190b-31b8-4a1a-90c9-9931edc03f55@group-E1FE9E25D7BF-SegmentedRaftLogWorker was interrupted, exiting. There are 0 tasks remaining in the queue.
2023-04-11 17:18:35,775 [1466190b-31b8-4a1a-90c9-9931edc03f55@group-57E150C89A50-StateMachineUpdater] INFO  ratis.ContainerStateMachine (ContainerStateMachine.java:takeSnapshot(341)) - group-57E150C89A50: Finished taking a snapshot at:(t:1, i:0) file:/home/runner/work/ozone/ozone/hadoop-ozone/integration-test/target/test-dir/MiniOzoneClusterImpl-3c04abff-9f55-4a78-ab47-7ca56afb4af6/datanode-2/data/ratis/5c867ca6-b5a4-4bb2-a7fc-57e150c89a50/sm/snapshot.1_0 took: 4 ms
2023-04-11 17:18:35,776 [1466190b-31b8-4a1a-90c9-9931edc03f55@group-57E150C89A50-StateMachineUpdater] INFO  impl.StateMachineUpdater (StateMachineUpdater.java:takeSnapshot(287)) - 1466190b-31b8-4a1a-90c9-9931edc03f55@group-57E150C89A50-StateMachineUpdater: Took a snapshot at index 0
2023-04-11 17:18:35,776 [1466190b-31b8-4a1a-90c9-9931edc03f55@group-57E150C89A50-StateMachineUpdater] INFO  impl.StateMachineUpdater (StateMachineUpdater.java:lambda$new$0(92)) - 1466190b-31b8-4a1a-90c9-9931edc03f55@group-57E150C89A50-StateMachineUpdater: snapshotIndex: updateIncreasingly -1 -> 0
2023-04-11 17:18:35,776 [grpc-default-executor-1] WARN  server.GrpcServerProtocolService (LogUtils.java:warn(122)) - 1466190b-31b8-4a1a-90c9-9931edc03f55: installSnapshot onError, lastRequest: 316a6a1b-3f00-43af-9dbc-ac2971b62daf->1466190b-31b8-4a1a-90c9-9931edc03f55#78-t1,previous=(t:1, i:21),leaderCommit=21,initializing? true,entries: size=1, first=(t:1, i:22), METADATAENTRY(c:21): org.apache.ratis.thirdparty.io.grpc.StatusRuntimeException: CANCELLED: client cancelled
2023-04-11 17:18:35,776 [1466190b-31b8-4a1a-90c9-9931edc03f55-impl-thread2] INFO  server.RaftServer$Division (ServerState.java:close(466)) - 1466190b-31b8-4a1a-90c9-9931edc03f55@group-57E150C89A50: closes. applyIndex: 0
2023-04-11 17:18:35,779 [1466190b-31b8-4a1a-90c9-9931edc03f55-impl-thread3] INFO  server.RaftServer$Division (RaftServerImpl.java:lambda$close$4(458)) - 1466190b-31b8-4a1a-90c9-9931edc03f55@group-1904913C1B47: shutdown
2023-04-11 17:18:35,778 [grpc-default-executor-3] WARN  server.GrpcServerProtocolService (LogUtils.java:warn(122)) - 1466190b-31b8-4a1a-90c9-9931edc03f55: installSnapshot onError, lastRequest: null: org.apache.ratis.thirdparty.io.grpc.StatusRuntimeException: CANCELLED: client cancelled
2023-04-11 17:18:35,780 [grpc-default-executor-0] WARN  server.GrpcLogAppender (LogUtils.java:warn(122)) - 316a6a1b-3f00-43af-9dbc-ac2971b62daf@group-E1FE9E25D7BF->1466190b-31b8-4a1a-90c9-9931edc03f55-AppendLogResponseHandler: Failed appendEntries: org.apache.ratis.thirdparty.io.grpc.StatusRuntimeException: CANCELLED: RST_STREAM closed stream. HTTP/2 error code: CANCEL
2023-04-11 17:18:35,778 [grpc-default-executor-5] WARN  server.GrpcClientProtocolService (LogUtils.java:warn(122)) - 1-OrderedRequestStreamObserver1: onError: org.apache.ratis.thirdparty.io.grpc.StatusRuntimeException: CANCELLED: client cancelled
2023-04-11 17:18:35,784 [grpc-default-executor-5] WARN  server.GrpcLogAppender (LogUtils.java:warn(122)) - 316a6a1b-3f00-43af-9dbc-ac2971b62daf@group-E1FE9E25D7BF->1466190b-31b8-4a1a-90c9-9931edc03f55-AppendLogResponseHandler: Failed appendEntries: org.apache.ratis.thirdparty.io.grpc.StatusRuntimeException: CANCELLED: RST_STREAM closed stream. HTTP/2 error code: CANCEL
2023-04-11 17:18:35,784 [1466190b-31b8-4a1a-90c9-9931edc03f55-impl-thread3] INFO  util.JmxRegister (JmxRegister.java:unregister(73)) - Successfully un-registered JMX Bean with object name Ratis:service=RaftServer,group=group-1904913C1B47,id=1466190b-31b8-4a1a-90c9-9931edc03f55
2023-04-11 17:18:35,785 [1466190b-31b8-4a1a-90c9-9931edc03f55-impl-thread3] INFO  impl.RoleInfo (RoleInfo.java:shutdownLeaderState(93)) - 1466190b-31b8-4a1a-90c9-9931edc03f55: shutdown 1466190b-31b8-4a1a-90c9-9931edc03f55@group-1904913C1B47-LeaderStateImpl
2023-04-11 17:18:35,780 [ForkJoinPool.commonPool-worker-1] INFO  server.RaftServer (RaftServerProxy.java:lambda$close$6(409)) - 316a6a1b-3f00-43af-9dbc-ac2971b62daf: close
2023-04-11 17:18:35,785 [1466190b-31b8-4a1a-90c9-9931edc03f55@group-1904913C1B47->6e9ccc6a-fad0-416f-afa3-09e4e9fe5838-GrpcLogAppender-LogAppenderDaemon] WARN  server.GrpcLogAppender (GrpcLogAppender.java:mayWait(200)) - 1466190b-31b8-4a1a-90c9-9931edc03f55@group-1904913C1B47->6e9ccc6a-fad0-416f-afa3-09e4e9fe5838-GrpcLogAppender: Wait interrupted by java.lang.InterruptedException
2023-04-11 17:18:35,779 [1466190b-31b8-4a1a-90c9-9931edc03f55-impl-thread1] INFO  segmented.SegmentedRaftLogWorker (SegmentedRaftLogWorker.java:close(257)) - 1466190b-31b8-4a1a-90c9-9931edc03f55@group-E1FE9E25D7BF-SegmentedRaftLogWorker close()
2023-04-11 17:18:35,779 [1466190b-31b8-4a1a-90c9-9931edc03f55@group-57E150C89A50-SegmentedRaftLogWorker] INFO  segmented.SegmentedRaftLogWorker (SegmentedRaftLogWorker.java:run(347)) - 1466190b-31b8-4a1a-90c9-9931edc03f55@group-57E150C89A50-SegmentedRaftLogWorker was interrupted, exiting. There are 0 tasks remaining in the queue.
2023-04-11 17:18:35,785 [1466190b-31b8-4a1a-90c9-9931edc03f55-impl-thread3] INFO  impl.PendingRequests (PendingRequests.java:sendNotLeaderResponses(282)) - 1466190b-31b8-4a1a-90c9-9931edc03f55@group-1904913C1B47-PendingRequests: sendNotLeaderResponses
2023-04-11 17:18:35,785 [1466190b-31b8-4a1a-90c9-9931edc03f55@group-1904913C1B47->316a6a1b-3f00-43af-9dbc-ac2971b62daf-GrpcLogAppender-LogAppenderDaemon] WARN  server.GrpcLogAppender (GrpcLogAppender.java:mayWait(200)) - 1466190b-31b8-4a1a-90c9-9931edc03f55@group-1904913C1B47->316a6a1b-3f00-43af-9dbc-ac2971b62daf-GrpcLogAppender: Wait interrupted by java.lang.InterruptedException
2023-04-11 17:18:35,782 [grpc-default-executor-0] INFO  leader.FollowerInfo (FollowerInfoImpl.java:lambda$new$0(48)) - 316a6a1b-3f00-43af-9dbc-ac2971b62daf@group-E1FE9E25D7BF->1466190b-31b8-4a1a-90c9-9931edc03f55: nextIndex: updateUnconditionally 23 -> 22
2023-04-11 17:18:35,786 [grpc-default-executor-6] INFO  server.GrpcServerProtocolService (GrpcServerProtocolService.java:onCompleted(143)) - 6e9ccc6a-fad0-416f-afa3-09e4e9fe5838: Completed APPEND_ENTRIES, lastRequest: null
2023-04-11 17:18:35,786 [316a6a1b-3f00-43af-9dbc-ac2971b62daf-impl-thread1] INFO  server.RaftServer$Division (RaftServerImpl.java:lambda$close$4(458)) - 316a6a1b-3f00-43af-9dbc-ac2971b62daf@group-E1FE9E25D7BF: shutdown
2023-04-11 17:18:35,786 [316a6a1b-3f00-43af-9dbc-ac2971b62daf-impl-thread1] INFO  util.JmxRegister (JmxRegister.java:unregister(73)) - Successfully un-registered JMX Bean with object name Ratis:service=RaftServer,group=group-E1FE9E25D7BF,id=316a6a1b-3f00-43af-9dbc-ac2971b62daf
2023-04-11 17:18:35,786 [316a6a1b-3f00-43af-9dbc-ac2971b62daf-impl-thread1] INFO  impl.RoleInfo (RoleInfo.java:shutdownLeaderState(93)) - 316a6a1b-3f00-43af-9dbc-ac2971b62daf: shutdown 316a6a1b-3f00-43af-9dbc-ac2971b62daf@group-E1FE9E25D7BF-LeaderStateImpl
2023-04-11 17:18:35,787 [grpc-default-executor-0] INFO  server.GrpcLogAppender (GrpcLogAppender.java:onCompleted(415)) - 1466190b-31b8-4a1a-90c9-9931edc03f55@group-1904913C1B47->6e9ccc6a-fad0-416f-afa3-09e4e9fe5838-AppendLogResponseHandler: follower responses appendEntries COMPLETED
2023-04-11 17:18:35,788 [grpc-default-executor-0] INFO  leader.FollowerInfo (FollowerInfoImpl.java:lambda$new$0(48)) - 1466190b-31b8-4a1a-90c9-9931edc03f55@group-1904913C1B47->6e9ccc6a-fad0-416f-afa3-09e4e9fe5838: nextIndex: updateUnconditionally 9 -> 8
2023-04-11 17:18:35,788 [316a6a1b-3f00-43af-9dbc-ac2971b62daf-impl-thread2] INFO  server.RaftServer$Division (RaftServerImpl.java:lambda$close$4(458)) - 316a6a1b-3f00-43af-9dbc-ac2971b62daf@group-9E5C623749E9: shutdown
2023-04-11 17:18:35,788 [316a6a1b-3f00-43af-9dbc-ac2971b62daf-impl-thread2] INFO  util.JmxRegister (JmxRegister.java:unregister(73)) - Successfully un-registered JMX Bean with object name Ratis:service=RaftServer,group=group-9E5C623749E9,id=316a6a1b-3f00-43af-9dbc-ac2971b62daf
2023-04-11 17:18:35,788 [316a6a1b-3f00-43af-9dbc-ac2971b62daf-impl-thread2] INFO  impl.RoleInfo (RoleInfo.java:shutdownLeaderState(93)) - 316a6a1b-3f00-43af-9dbc-ac2971b62daf: shutdown 316a6a1b-3f00-43af-9dbc-ac2971b62daf@group-9E5C623749E9-LeaderStateImpl
2023-04-11 17:18:35,788 [316a6a1b-3f00-43af-9dbc-ac2971b62daf-impl-thread2] INFO  impl.PendingRequests (PendingRequests.java:sendNotLeaderResponses(282)) - 316a6a1b-3f00-43af-9dbc-ac2971b62daf@group-9E5C623749E9-PendingRequests: sendNotLeaderResponses
2023-04-11 17:18:35,789 [ForkJoinPool.commonPool-worker-1] INFO  server.GrpcService (GrpcService.java:closeImpl(271)) - 316a6a1b-3f00-43af-9dbc-ac2971b62daf: shutdown server GrpcServerProtocolService now
2023-04-11 17:18:35,789 [316a6a1b-3f00-43af-9dbc-ac2971b62daf-impl-thread2] INFO  impl.StateMachineUpdater (StateMachineUpdater.java:stopAndJoin(153)) - 316a6a1b-3f00-43af-9dbc-ac2971b62daf@group-9E5C623749E9-StateMachineUpdater: set stopIndex = 0
2023-04-11 17:18:35,792 [316a6a1b-3f00-43af-9dbc-ac2971b62daf@group-9E5C623749E9-StateMachineUpdater] INFO  ratis.ContainerStateMachine (ContainerStateMachine.java:takeSnapshot(330)) - group-9E5C623749E9: Taking a snapshot at:(t:1, i:0) file /home/runner/work/ozone/ozone/hadoop-ozone/integration-test/target/test-dir/MiniOzoneClusterImpl-3c04abff-9f55-4a78-ab47-7ca56afb4af6/datanode-1/data/ratis/5b6f66ad-872d-4d96-a58e-9e5c623749e9/sm/snapshot.1_0
2023-04-11 17:18:35,794 [316a6a1b-3f00-43af-9dbc-ac2971b62daf@group-E1FE9E25D7BF->1466190b-31b8-4a1a-90c9-9931edc03f55-GrpcLogAppender-LogAppenderDaemon] WARN  server.GrpcLogAppender (GrpcLogAppender.java:mayWait(200)) - 316a6a1b-3f00-43af-9dbc-ac2971b62daf@group-E1FE9E25D7BF->1466190b-31b8-4a1a-90c9-9931edc03f55-GrpcLogAppender: Wait interrupted by java.lang.InterruptedException
2023-04-11 17:18:35,794 [316a6a1b-3f00-43af-9dbc-ac2971b62daf-impl-thread1] INFO  impl.PendingRequests (PendingRequests.java:sendNotLeaderResponses(282)) - 316a6a1b-3f00-43af-9dbc-ac2971b62daf@group-E1FE9E25D7BF-PendingRequests: sendNotLeaderResponses
2023-04-11 17:18:35,795 [316a6a1b-3f00-43af-9dbc-ac2971b62daf@group-E1FE9E25D7BF->6e9ccc6a-fad0-416f-afa3-09e4e9fe5838-GrpcLogAppender-LogAppenderDaemon] WARN  server.GrpcLogAppender (GrpcLogAppender.java:mayWait(200)) - 316a6a1b-3f00-43af-9dbc-ac2971b62daf@group-E1FE9E25D7BF->6e9ccc6a-fad0-416f-afa3-09e4e9fe5838-GrpcLogAppender: Wait interrupted by java.lang.InterruptedException
2023-04-11 17:18:35,795 [316a6a1b-3f00-43af-9dbc-ac2971b62daf@group-9E5C623749E9-StateMachineUpdater] INFO  ratis.ContainerStateMachine (ContainerStateMachine.java:takeSnapshot(341)) - group-9E5C623749E9: Finished taking a snapshot at:(t:1, i:0) file:/home/runner/work/ozone/ozone/hadoop-ozone/integration-test/target/test-dir/MiniOzoneClusterImpl-3c04abff-9f55-4a78-ab47-7ca56afb4af6/datanode-1/data/ratis/5b6f66ad-872d-4d96-a58e-9e5c623749e9/sm/snapshot.1_0 took: 4 ms
2023-04-11 17:18:35,796 [316a6a1b-3f00-43af-9dbc-ac2971b62daf@group-9E5C623749E9-StateMachineUpdater] INFO  impl.StateMachineUpdater (StateMachineUpdater.java:takeSnapshot(287)) - 316a6a1b-3f00-43af-9dbc-ac2971b62daf@group-9E5C623749E9-StateMachineUpdater: Took a snapshot at index 0
2023-04-11 17:18:35,796 [316a6a1b-3f00-43af-9dbc-ac2971b62daf@group-9E5C623749E9-StateMachineUpdater] INFO  impl.StateMachineUpdater (StateMachineUpdater.java:lambda$new$0(92)) - 316a6a1b-3f00-43af-9dbc-ac2971b62daf@group-9E5C623749E9-StateMachineUpdater: snapshotIndex: updateIncreasingly -1 -> 0
2023-04-11 17:18:35,797 [grpc-default-executor-1] INFO  server.GrpcServerProtocolService (GrpcServerProtocolService.java:onCompleted(143)) - 316a6a1b-3f00-43af-9dbc-ac2971b62daf: Completed APPEND_ENTRIES, lastRequest: null
2023-04-11 17:18:35,797 [316a6a1b-3f00-43af-9dbc-ac2971b62daf-impl-thread2] INFO  server.RaftServer$Division (ServerState.java:close(466)) - 316a6a1b-3f00-43af-9dbc-ac2971b62daf@group-9E5C623749E9: closes. applyIndex: 0
2023-04-11 17:18:35,797 [316a6a1b-3f00-43af-9dbc-ac2971b62daf-impl-thread3] INFO  server.RaftServer$Division (RaftServerImpl.java:lambda$close$4(458)) - 316a6a1b-3f00-43af-9dbc-ac2971b62daf@group-1904913C1B47: shutdown
2023-04-11 17:18:35,797 [316a6a1b-3f00-43af-9dbc-ac2971b62daf-impl-thread3] INFO  util.JmxRegister (JmxRegister.java:unregister(73)) - Successfully un-registered JMX Bean with object name Ratis:service=RaftServer,group=group-1904913C1B47,id=316a6a1b-3f00-43af-9dbc-ac2971b62daf
2023-04-11 17:18:35,797 [316a6a1b-3f00-43af-9dbc-ac2971b62daf-impl-thread3] INFO  impl.RoleInfo (RoleInfo.java:shutdownFollowerState(110)) - 316a6a1b-3f00-43af-9dbc-ac2971b62daf: shutdown 316a6a1b-3f00-43af-9dbc-ac2971b62daf@group-1904913C1B47-FollowerState
2023-04-11 17:18:35,798 [316a6a1b-3f00-43af-9dbc-ac2971b62daf@group-1904913C1B47-StateMachineUpdater] INFO  ratis.ContainerStateMachine (ContainerStateMachine.java:takeSnapshot(330)) - group-1904913C1B47: Taking a snapshot at:(t:1, i:8) file /home/runner/work/ozone/ozone/hadoop-ozone/integration-test/target/test-dir/MiniOzoneClusterImpl-3c04abff-9f55-4a78-ab47-7ca56afb4af6/datanode-1/data/ratis/e3a8309e-152f-46aa-8375-1904913c1b47/sm/snapshot.1_8
2023-04-11 17:18:35,798 [316a6a1b-3f00-43af-9dbc-ac2971b62daf-impl-thread3] INFO  impl.StateMachineUpdater (StateMachineUpdater.java:stopAndJoin(153)) - 316a6a1b-3f00-43af-9dbc-ac2971b62daf@group-1904913C1B47-StateMachineUpdater: set stopIndex = 8
2023-04-11 17:18:35,799 [grpc-default-executor-7] INFO  server.GrpcServerProtocolService (GrpcServerProtocolService.java:onCompleted(143)) - 6e9ccc6a-fad0-416f-afa3-09e4e9fe5838: Completed APPEND_ENTRIES, lastRequest: 316a6a1b-3f00-43af-9dbc-ac2971b62daf->6e9ccc6a-fad0-416f-afa3-09e4e9fe5838#76-t1,previous=(t:1, i:21),leaderCommit=21,initializing? true,entries: size=1, first=(t:1, i:22), METADATAENTRY(c:21)
2023-04-11 17:18:35,799 [grpc-default-executor-4] INFO  server.GrpcServerProtocolService (GrpcServerProtocolService.java:onCompleted(143)) - 6e9ccc6a-fad0-416f-afa3-09e4e9fe5838: Completed APPEND_ENTRIES, lastRequest: 1466190b-31b8-4a1a-90c9-9931edc03f55->6e9ccc6a-fad0-416f-afa3-09e4e9fe5838#275-t1,previous=(t:1, i:7),leaderCommit=6,initializing? true,entries: size=1, first=(t:1, i:8), METADATAENTRY(c:6)
2023-04-11 17:18:35,799 [grpc-default-executor-0] INFO  server.GrpcLogAppender (GrpcLogAppender.java:onCompleted(415)) - 316a6a1b-3f00-43af-9dbc-ac2971b62daf@group-E1FE9E25D7BF->6e9ccc6a-fad0-416f-afa3-09e4e9fe5838-AppendLogResponseHandler: follower responses appendEntries COMPLETED
2023-04-11 17:18:35,799 [316a6a1b-3f00-43af-9dbc-ac2971b62daf@group-9E5C623749E9-SegmentedRaftLogWorker] INFO  segmented.SegmentedRaftLogWorker (SegmentedRaftLogWorker.java:run(347)) - 316a6a1b-3f00-43af-9dbc-ac2971b62daf@group-9E5C623749E9-SegmentedRaftLogWorker was interrupted, exiting. There are 0 tasks remaining in the queue.
2023-04-11 17:18:35,799 [grpc-default-executor-0] INFO  leader.FollowerInfo (FollowerInfoImpl.java:lambda$new$0(48)) - 316a6a1b-3f00-43af-9dbc-ac2971b62daf@group-E1FE9E25D7BF->6e9ccc6a-fad0-416f-afa3-09e4e9fe5838: nextIndex: updateUnconditionally 23 -> 22
2023-04-11 17:18:35,799 [316a6a1b-3f00-43af-9dbc-ac2971b62daf@group-1904913C1B47-FollowerState] INFO  impl.FollowerState (FollowerState.java:run(152)) - 316a6a1b-3f00-43af-9dbc-ac2971b62daf@group-1904913C1B47-FollowerState was interrupted
2023-04-11 17:18:35,799 [316a6a1b-3f00-43af-9dbc-ac2971b62daf@group-1904913C1B47-StateMachineUpdater] INFO  ratis.ContainerStateMachine (ContainerStateMachine.java:takeSnapshot(341)) - group-1904913C1B47: Finished taking a snapshot at:(t:1, i:8) file:/home/runner/work/ozone/ozone/hadoop-ozone/integration-test/target/test-dir/MiniOzoneClusterImpl-3c04abff-9f55-4a78-ab47-7ca56afb4af6/datanode-1/data/ratis/e3a8309e-152f-46aa-8375-1904913c1b47/sm/snapshot.1_8 took: 1 ms
2023-04-11 17:18:35,800 [316a6a1b-3f00-43af-9dbc-ac2971b62daf@group-1904913C1B47-StateMachineUpdater] INFO  impl.StateMachineUpdater (StateMachineUpdater.java:takeSnapshot(287)) - 316a6a1b-3f00-43af-9dbc-ac2971b62daf@group-1904913C1B47-StateMachineUpdater: Took a snapshot at index 8
2023-04-11 17:18:35,800 [316a6a1b-3f00-43af-9dbc-ac2971b62daf@group-1904913C1B47-StateMachineUpdater] INFO  impl.StateMachineUpdater (StateMachineUpdater.java:lambda$new$0(92)) - 316a6a1b-3f00-43af-9dbc-ac2971b62daf@group-1904913C1B47-StateMachineUpdater: snapshotIndex: updateIncreasingly -1 -> 8
2023-04-11 17:18:35,800 [grpc-default-executor-4] INFO  server.GrpcLogAppender (GrpcLogAppender.java:onCompleted(415)) - 1466190b-31b8-4a1a-90c9-9931edc03f55@group-1904913C1B47->6e9ccc6a-fad0-416f-afa3-09e4e9fe5838-AppendLogResponseHandler: follower responses appendEntries COMPLETED
2023-04-11 17:18:35,800 [grpc-default-executor-4] INFO  leader.FollowerInfo (FollowerInfoImpl.java:lambda$new$0(48)) - 1466190b-31b8-4a1a-90c9-9931edc03f55@group-1904913C1B47->6e9ccc6a-fad0-416f-afa3-09e4e9fe5838: nextIndex: updateUnconditionally 8 -> 7
2023-04-11 17:18:35,787 [grpc-default-executor-5] INFO  leader.FollowerInfo (FollowerInfoImpl.java:lambda$new$0(48)) - 316a6a1b-3f00-43af-9dbc-ac2971b62daf@group-E1FE9E25D7BF->1466190b-31b8-4a1a-90c9-9931edc03f55: nextIndex: updateUnconditionally 23 -> 22
2023-04-11 17:18:35,800 [grpc-default-executor-5] INFO  server.GrpcLogAppender (GrpcLogAppender.java:onCompleted(415)) - 1466190b-31b8-4a1a-90c9-9931edc03f55@group-1904913C1B47->316a6a1b-3f00-43af-9dbc-ac2971b62daf-AppendLogResponseHandler: follower responses appendEntries COMPLETED
2023-04-11 17:18:35,800 [grpc-default-executor-5] WARN  server.GrpcLogAppender (GrpcLogAppender.java:resetClient(137)) - 1466190b-31b8-4a1a-90c9-9931edc03f55@group-1904913C1B47->316a6a1b-3f00-43af-9dbc-ac2971b62daf-GrpcLogAppender: Failed to getClient for 316a6a1b-3f00-43af-9dbc-ac2971b62daf
org.apache.ratis.protocol.exceptions.AlreadyClosedException: 1466190b-31b8-4a1a-90c9-9931edc03f55 is already CLOSED
	at org.apache.ratis.util.PeerProxyMap$PeerAndProxy.getProxy(PeerProxyMap.java:61)
	at org.apache.ratis.util.PeerProxyMap.getProxy(PeerProxyMap.java:115)
	at org.apache.ratis.grpc.server.GrpcLogAppender.getClient(GrpcLogAppender.java:116)
	at org.apache.ratis.grpc.server.GrpcLogAppender.resetClient(GrpcLogAppender.java:121)
	at org.apache.ratis.grpc.server.GrpcLogAppender.access$500(GrpcLogAppender.java:58)
	at org.apache.ratis.grpc.server.GrpcLogAppender$AppendLogResponseHandler.onCompleted(GrpcLogAppender.java:416)
	at org.apache.ratis.thirdparty.io.grpc.stub.ClientCalls$StreamObserverToCallListenerAdapter.onClose(ClientCalls.java:485)
	at org.apache.ratis.thirdparty.io.grpc.internal.ClientCallImpl.closeObserver(ClientCallImpl.java:562)
	at org.apache.ratis.thirdparty.io.grpc.internal.ClientCallImpl.access$300(ClientCallImpl.java:70)
	at org.apache.ratis.thirdparty.io.grpc.internal.ClientCallImpl$ClientStreamListenerImpl$1StreamClosed.runInternal(ClientCallImpl.java:743)
	at org.apache.ratis.thirdparty.io.grpc.internal.ClientCallImpl$ClientStreamListenerImpl$1StreamClosed.runInContext(ClientCallImpl.java:722)
	at org.apache.ratis.thirdparty.io.grpc.internal.ContextRunnable.run(ContextRunnable.java:37)
	at org.apache.ratis.thirdparty.io.grpc.internal.SerializingExecutor.run(SerializingExecutor.java:133)
	at java.util.concurrent.ThreadPoolExecutor.runWorker(ThreadPoolExecutor.java:1149)
	at java.util.concurrent.ThreadPoolExecutor$Worker.run(ThreadPoolExecutor.java:624)
	at java.lang.Thread.run(Thread.java:750)
2023-04-11 17:18:35,801 [grpc-default-executor-1] INFO  server.GrpcServerProtocolService (GrpcServerProtocolService.java:onCompleted(143)) - 6e9ccc6a-fad0-416f-afa3-09e4e9fe5838: Completed APPEND_ENTRIES, lastRequest: null
2023-04-11 17:18:35,801 [grpc-default-executor-6] INFO  server.GrpcLogAppender (GrpcLogAppender.java:onError(404)) - 316a6a1b-3f00-43af-9dbc-ac2971b62daf@group-E1FE9E25D7BF->1466190b-31b8-4a1a-90c9-9931edc03f55-GrpcLogAppender is already stopped
2023-04-11 17:18:35,802 [grpc-default-executor-3] WARN  server.GrpcClientProtocolService (LogUtils.java:warn(122)) - 0-OrderedRequestStreamObserver0: onError: org.apache.ratis.thirdparty.io.grpc.StatusRuntimeException: CANCELLED: client cancelled
2023-04-11 17:18:35,802 [grpc-default-executor-5] WARN  server.GrpcClientProtocolService (LogUtils.java:warn(122)) - 1-UnorderedRequestStreamObserver1: onError: org.apache.ratis.thirdparty.io.grpc.StatusRuntimeException: CANCELLED: client cancelled
2023-04-11 17:18:35,802 [316a6a1b-3f00-43af-9dbc-ac2971b62daf-impl-thread3] INFO  server.RaftServer$Division (ServerState.java:close(466)) - 316a6a1b-3f00-43af-9dbc-ac2971b62daf@group-1904913C1B47: closes. applyIndex: 8
2023-04-11 17:18:35,802 [316a6a1b-3f00-43af-9dbc-ac2971b62daf@group-1904913C1B47-SegmentedRaftLogWorker] INFO  segmented.SegmentedRaftLogWorker (SegmentedRaftLogWorker.java:run(347)) - 316a6a1b-3f00-43af-9dbc-ac2971b62daf@group-1904913C1B47-SegmentedRaftLogWorker was interrupted, exiting. There are 0 tasks remaining in the queue.
2023-04-11 17:18:35,803 [grpc-default-executor-8] INFO  server.GrpcServerProtocolService (GrpcServerProtocolService.java:onCompleted(143)) - 316a6a1b-3f00-43af-9dbc-ac2971b62daf: Completed APPEND_ENTRIES, lastRequest: 1466190b-31b8-4a1a-90c9-9931edc03f55->316a6a1b-3f00-43af-9dbc-ac2971b62daf#275-t1,previous=(t:1, i:7),leaderCommit=6,initializing? true,entries: size=1, first=(t:1, i:8), METADATAENTRY(c:6)
2023-04-11 17:18:35,805 [1466190b-31b8-4a1a-90c9-9931edc03f55-impl-thread2] INFO  segmented.SegmentedRaftLogWorker (SegmentedRaftLogWorker.java:close(257)) - 1466190b-31b8-4a1a-90c9-9931edc03f55@group-57E150C89A50-SegmentedRaftLogWorker close()
2023-04-11 17:18:35,805 [ForkJoinPool.commonPool-worker-1] INFO  server.GrpcServerProtocolClient (GrpcServerProtocolClient.java:close(101)) - 1466190b-31b8-4a1a-90c9-9931edc03f55 Close channels
2023-04-11 17:18:35,806 [1466190b-31b8-4a1a-90c9-9931edc03f55@group-1904913C1B47-StateMachineUpdater] INFO  ratis.ContainerStateMachine (ContainerStateMachine.java:takeSnapshot(330)) - group-1904913C1B47: Taking a snapshot at:(t:1, i:8) file /home/runner/work/ozone/ozone/hadoop-ozone/integration-test/target/test-dir/MiniOzoneClusterImpl-3c04abff-9f55-4a78-ab47-7ca56afb4af6/datanode-2/data/ratis/e3a8309e-152f-46aa-8375-1904913c1b47/sm/snapshot.1_8
2023-04-11 17:18:35,806 [1466190b-31b8-4a1a-90c9-9931edc03f55-impl-thread3] INFO  impl.StateMachineUpdater (StateMachineUpdater.java:stopAndJoin(153)) - 1466190b-31b8-4a1a-90c9-9931edc03f55@group-1904913C1B47-StateMachineUpdater: set stopIndex = 8
2023-04-11 17:18:35,806 [grpc-default-executor-5] INFO  server.GrpcLogAppender (GrpcLogAppender.java:onCompleted(415)) - 316a6a1b-3f00-43af-9dbc-ac2971b62daf@group-E1FE9E25D7BF->6e9ccc6a-fad0-416f-afa3-09e4e9fe5838-AppendLogResponseHandler: follower responses appendEntries COMPLETED
2023-04-11 17:18:35,807 [grpc-default-executor-8] INFO  server.GrpcLogAppender (GrpcLogAppender.java:onError(404)) - 316a6a1b-3f00-43af-9dbc-ac2971b62daf@group-E1FE9E25D7BF->1466190b-31b8-4a1a-90c9-9931edc03f55-GrpcLogAppender is already stopped
2023-04-11 17:18:35,807 [316a6a1b-3f00-43af-9dbc-ac2971b62daf-impl-thread3] INFO  segmented.SegmentedRaftLogWorker (SegmentedRaftLogWorker.java:close(257)) - 316a6a1b-3f00-43af-9dbc-ac2971b62daf@group-1904913C1B47-SegmentedRaftLogWorker close()
2023-04-11 17:18:35,807 [1466190b-31b8-4a1a-90c9-9931edc03f55@group-1904913C1B47-StateMachineUpdater] INFO  ratis.ContainerStateMachine (ContainerStateMachine.java:takeSnapshot(341)) - group-1904913C1B47: Finished taking a snapshot at:(t:1, i:8) file:/home/runner/work/ozone/ozone/hadoop-ozone/integration-test/target/test-dir/MiniOzoneClusterImpl-3c04abff-9f55-4a78-ab47-7ca56afb4af6/datanode-2/data/ratis/e3a8309e-152f-46aa-8375-1904913c1b47/sm/snapshot.1_8 took: 1 ms
2023-04-11 17:18:35,807 [grpc-default-executor-5] INFO  leader.FollowerInfo (FollowerInfoImpl.java:lambda$new$0(48)) - 316a6a1b-3f00-43af-9dbc-ac2971b62daf@group-E1FE9E25D7BF->6e9ccc6a-fad0-416f-afa3-09e4e9fe5838: nextIndex: updateUnconditionally 22 -> 21
2023-04-11 17:18:35,810 [ForkJoinPool.commonPool-worker-1] INFO  server.GrpcServerProtocolClient (GrpcServerProtocolClient.java:close(101)) - 6e9ccc6a-fad0-416f-afa3-09e4e9fe5838 Close channels
2023-04-11 17:18:35,809 [1466190b-31b8-4a1a-90c9-9931edc03f55@group-1904913C1B47-StateMachineUpdater] INFO  impl.StateMachineUpdater (StateMachineUpdater.java:takeSnapshot(287)) - 1466190b-31b8-4a1a-90c9-9931edc03f55@group-1904913C1B47-StateMachineUpdater: Took a snapshot at index 8
2023-04-11 17:18:35,810 [1466190b-31b8-4a1a-90c9-9931edc03f55@group-1904913C1B47-StateMachineUpdater] INFO  impl.StateMachineUpdater (StateMachineUpdater.java:lambda$new$0(92)) - 1466190b-31b8-4a1a-90c9-9931edc03f55@group-1904913C1B47-StateMachineUpdater: snapshotIndex: updateIncreasingly -1 -> 8
2023-04-11 17:18:35,811 [grpc-default-executor-4] INFO  server.GrpcLogAppender (GrpcLogAppender.java:onError(404)) - 1466190b-31b8-4a1a-90c9-9931edc03f55@group-1904913C1B47->316a6a1b-3f00-43af-9dbc-ac2971b62daf-GrpcLogAppender is already stopped
2023-04-11 17:18:35,811 [1466190b-31b8-4a1a-90c9-9931edc03f55-impl-thread3] INFO  server.RaftServer$Division (ServerState.java:close(466)) - 1466190b-31b8-4a1a-90c9-9931edc03f55@group-1904913C1B47: closes. applyIndex: 8
2023-04-11 17:18:35,811 [1466190b-31b8-4a1a-90c9-9931edc03f55@group-1904913C1B47-SegmentedRaftLogWorker] INFO  segmented.SegmentedRaftLogWorker (SegmentedRaftLogWorker.java:run(347)) - 1466190b-31b8-4a1a-90c9-9931edc03f55@group-1904913C1B47-SegmentedRaftLogWorker was interrupted, exiting. There are 0 tasks remaining in the queue.
2023-04-11 17:18:35,812 [316a6a1b-3f00-43af-9dbc-ac2971b62daf-impl-thread1] INFO  impl.StateMachineUpdater (StateMachineUpdater.java:stopAndJoin(153)) - 316a6a1b-3f00-43af-9dbc-ac2971b62daf@group-E1FE9E25D7BF-StateMachineUpdater: set stopIndex = 22
2023-04-11 17:18:35,812 [316a6a1b-3f00-43af-9dbc-ac2971b62daf-impl-thread2] INFO  segmented.SegmentedRaftLogWorker (SegmentedRaftLogWorker.java:close(257)) - 316a6a1b-3f00-43af-9dbc-ac2971b62daf@group-9E5C623749E9-SegmentedRaftLogWorker close()
2023-04-11 17:18:35,812 [316a6a1b-3f00-43af-9dbc-ac2971b62daf@group-E1FE9E25D7BF-StateMachineUpdater] INFO  ratis.ContainerStateMachine (ContainerStateMachine.java:takeSnapshot(330)) - group-E1FE9E25D7BF: Taking a snapshot at:(t:1, i:22) file /home/runner/work/ozone/ozone/hadoop-ozone/integration-test/target/test-dir/MiniOzoneClusterImpl-3c04abff-9f55-4a78-ab47-7ca56afb4af6/datanode-1/data/ratis/40c3c78a-35b8-496c-bcfb-e1fe9e25d7bf/sm/snapshot.1_22
2023-04-11 17:18:35,816 [Listener at 127.0.0.1/38777] INFO  server.GrpcServerProtocolClient (GrpcServerProtocolClient.java:close(101)) - 6e9ccc6a-fad0-416f-afa3-09e4e9fe5838 Close channels
2023-04-11 17:18:35,819 [ForkJoinPool.commonPool-worker-1] INFO  server.GrpcService (GrpcService.java:closeImpl(280)) - 316a6a1b-3f00-43af-9dbc-ac2971b62daf: shutdown server GrpcServerProtocolService successfully
2023-04-11 17:18:35,820 [Listener at 127.0.0.1/38777] INFO  server.GrpcService (GrpcService.java:closeImpl(280)) - 1466190b-31b8-4a1a-90c9-9931edc03f55: shutdown server GrpcServerProtocolService successfully
2023-04-11 17:18:35,821 [1466190b-31b8-4a1a-90c9-9931edc03f55-NettyServerStreamRpc-bossGroup--thread1] INFO  logging.LoggingHandler (AbstractInternalLogger.java:log(148)) - [id: 0x47198310, L:/0:0:0:0:0:0:0:0:38869] CLOSE
2023-04-11 17:18:35,821 [1466190b-31b8-4a1a-90c9-9931edc03f55-NettyServerStreamRpc-bossGroup--thread1] INFO  logging.LoggingHandler (AbstractInternalLogger.java:log(148)) - [id: 0x47198310, L:/0:0:0:0:0:0:0:0:38869] INACTIVE
2023-04-11 17:18:35,821 [1466190b-31b8-4a1a-90c9-9931edc03f55-NettyServerStreamRpc-bossGroup--thread1] INFO  logging.LoggingHandler (AbstractInternalLogger.java:log(148)) - [id: 0x47198310, L:/0:0:0:0:0:0:0:0:38869] UNREGISTERED
2023-04-11 17:18:35,821 [1466190b-31b8-4a1a-90c9-9931edc03f55-impl-thread3] INFO  segmented.SegmentedRaftLogWorker (SegmentedRaftLogWorker.java:close(257)) - 1466190b-31b8-4a1a-90c9-9931edc03f55@group-1904913C1B47-SegmentedRaftLogWorker close()
2023-04-11 17:18:35,821 [316a6a1b-3f00-43af-9dbc-ac2971b62daf@group-E1FE9E25D7BF-StateMachineUpdater] INFO  ratis.ContainerStateMachine (ContainerStateMachine.java:takeSnapshot(341)) - group-E1FE9E25D7BF: Finished taking a snapshot at:(t:1, i:22) file:/home/runner/work/ozone/ozone/hadoop-ozone/integration-test/target/test-dir/MiniOzoneClusterImpl-3c04abff-9f55-4a78-ab47-7ca56afb4af6/datanode-1/data/ratis/40c3c78a-35b8-496c-bcfb-e1fe9e25d7bf/sm/snapshot.1_22 took: 10 ms
2023-04-11 17:18:35,822 [316a6a1b-3f00-43af-9dbc-ac2971b62daf@group-E1FE9E25D7BF-StateMachineUpdater] INFO  impl.StateMachineUpdater (StateMachineUpdater.java:takeSnapshot(287)) - 316a6a1b-3f00-43af-9dbc-ac2971b62daf@group-E1FE9E25D7BF-StateMachineUpdater: Took a snapshot at index 22
2023-04-11 17:18:35,822 [316a6a1b-3f00-43af-9dbc-ac2971b62daf@group-E1FE9E25D7BF-StateMachineUpdater] INFO  impl.StateMachineUpdater (StateMachineUpdater.java:lambda$new$0(92)) - 316a6a1b-3f00-43af-9dbc-ac2971b62daf@group-E1FE9E25D7BF-StateMachineUpdater: snapshotIndex: updateIncreasingly -1 -> 22
2023-04-11 17:18:35,824 [316a6a1b-3f00-43af-9dbc-ac2971b62daf-NettyServerStreamRpc-bossGroup--thread1] INFO  logging.LoggingHandler (AbstractInternalLogger.java:log(148)) - [id: 0x373e9e4d, L:/0:0:0:0:0:0:0:0:42545] CLOSE
2023-04-11 17:18:35,824 [316a6a1b-3f00-43af-9dbc-ac2971b62daf-NettyServerStreamRpc-bossGroup--thread1] INFO  logging.LoggingHandler (AbstractInternalLogger.java:log(148)) - [id: 0x373e9e4d, L:/0:0:0:0:0:0:0:0:42545] INACTIVE
2023-04-11 17:18:35,824 [316a6a1b-3f00-43af-9dbc-ac2971b62daf-NettyServerStreamRpc-bossGroup--thread1] INFO  logging.LoggingHandler (AbstractInternalLogger.java:log(148)) - [id: 0x373e9e4d, L:/0:0:0:0:0:0:0:0:42545] UNREGISTERED
2023-04-11 17:18:35,839 [316a6a1b-3f00-43af-9dbc-ac2971b62daf-impl-thread1] INFO  server.RaftServer$Division (ServerState.java:close(466)) - 316a6a1b-3f00-43af-9dbc-ac2971b62daf@group-E1FE9E25D7BF: closes. applyIndex: 22
2023-04-11 17:18:35,839 [316a6a1b-3f00-43af-9dbc-ac2971b62daf@group-E1FE9E25D7BF-SegmentedRaftLogWorker] INFO  segmented.SegmentedRaftLogWorker (SegmentedRaftLogWorker.java:run(347)) - 316a6a1b-3f00-43af-9dbc-ac2971b62daf@group-E1FE9E25D7BF-SegmentedRaftLogWorker was interrupted, exiting. There are 0 tasks remaining in the queue.
2023-04-11 17:18:35,839 [JvmPauseMonitor8] INFO  util.JvmPauseMonitor (JvmPauseMonitor.java:run(111)) - JvmPauseMonitor-1466190b-31b8-4a1a-90c9-9931edc03f55: Stopped
2023-04-11 17:18:35,841 [316a6a1b-3f00-43af-9dbc-ac2971b62daf-impl-thread1] INFO  segmented.SegmentedRaftLogWorker (SegmentedRaftLogWorker.java:close(257)) - 316a6a1b-3f00-43af-9dbc-ac2971b62daf@group-E1FE9E25D7BF-SegmentedRaftLogWorker close()
2023-04-11 17:18:35,843 [JvmPauseMonitor7] INFO  util.JvmPauseMonitor (JvmPauseMonitor.java:run(111)) - JvmPauseMonitor-316a6a1b-3f00-43af-9dbc-ac2971b62daf: Stopped
2023-04-11 17:18:37,854 [Listener at 127.0.0.1/38777] INFO  volume.HddsVolume (HddsVolume.java:closeDbStore(437)) - SchemaV3 db is stopped at /home/runner/work/ozone/ozone/hadoop-ozone/integration-test/target/test-dir/MiniOzoneClusterImpl-3c04abff-9f55-4a78-ab47-7ca56afb4af6/datanode-2/data-0/containers/hdds/3c04abff-9f55-4a78-ab47-7ca56afb4af6/DS-baca86f5-bd92-4c9d-bb07-6b99ea02e7ba/container.db for volume DS-baca86f5-bd92-4c9d-bb07-6b99ea02e7ba
2023-04-11 17:18:37,856 [Listener at 127.0.0.1/38777] INFO  utils.BackgroundService (BackgroundService.java:shutdown(141)) - Shutting down service BlockDeletingService
2023-04-11 17:18:37,861 [ForkJoinPool.commonPool-worker-1] INFO  volume.HddsVolume (HddsVolume.java:closeDbStore(437)) - SchemaV3 db is stopped at /home/runner/work/ozone/ozone/hadoop-ozone/integration-test/target/test-dir/MiniOzoneClusterImpl-3c04abff-9f55-4a78-ab47-7ca56afb4af6/datanode-1/data-0/containers/hdds/3c04abff-9f55-4a78-ab47-7ca56afb4af6/DS-589e1023-3a95-469f-b76b-550f9d9bdb6e/container.db for volume DS-589e1023-3a95-469f-b76b-550f9d9bdb6e
2023-04-11 17:18:37,861 [Listener at 127.0.0.1/38777] INFO  utils.BackgroundService (BackgroundService.java:shutdown(141)) - Shutting down service StaleRecoveringContainerScrubbingService
2023-04-11 17:18:37,862 [ForkJoinPool.commonPool-worker-1] INFO  utils.BackgroundService (BackgroundService.java:shutdown(141)) - Shutting down service BlockDeletingService
2023-04-11 17:18:37,864 [ForkJoinPool.commonPool-worker-1] INFO  utils.BackgroundService (BackgroundService.java:shutdown(141)) - Shutting down service StaleRecoveringContainerScrubbingService
2023-04-11 17:18:37,867 [Listener at 127.0.0.1/38777] INFO  statemachine.DatanodeStateMachine (DatanodeStateMachine.java:stopDaemon(601)) - Ozone container server stopped.
2023-04-11 17:18:37,868 [ForkJoinPool.commonPool-worker-1] INFO  statemachine.DatanodeStateMachine (DatanodeStateMachine.java:stopDaemon(601)) - Ozone container server stopped.
2023-04-11 17:18:37,887 [Listener at 127.0.0.1/38777] INFO  handler.ContextHandler (ContextHandler.java:doStop(1159)) - Stopped o.e.j.w.WebAppContext@79dd358f{hddsDatanode,/,null,STOPPED}{jar:file:/home/runner/.m2/repository/org/apache/ozone/hdds-container-service/1.4.0-SNAPSHOT/hdds-container-service-1.4.0-SNAPSHOT.jar!/webapps/hddsDatanode}
2023-04-11 17:18:37,889 [Listener at 127.0.0.1/38777] INFO  server.AbstractConnector (AbstractConnector.java:doStop(383)) - Stopped ServerConnector@4b6e2fb4{HTTP/1.1, (http/1.1)}{0.0.0.0:0}
2023-04-11 17:18:37,889 [Listener at 127.0.0.1/38777] INFO  server.session (HouseKeeper.java:stopScavenging(149)) - node0 Stopped scavenging
2023-04-11 17:18:37,890 [Listener at 127.0.0.1/38777] INFO  handler.ContextHandler (ContextHandler.java:doStop(1159)) - Stopped o.e.j.s.ServletContextHandler@1d8307f3{static,/static,jar:file:/home/runner/.m2/repository/org/apache/ozone/hdds-container-service/1.4.0-SNAPSHOT/hdds-container-service-1.4.0-SNAPSHOT.jar!/webapps/static,STOPPED}
2023-04-11 17:18:37,890 [Listener at 127.0.0.1/38777] INFO  handler.ContextHandler (ContextHandler.java:doStop(1159)) - Stopped o.e.j.s.ServletContextHandler@71fa8896{logs,/logs,file:///home/runner/work/ozone/ozone/hadoop-ozone/integration-test/target/log,STOPPED}
2023-04-11 17:18:37,893 [Listener at 127.0.0.1/38777] INFO  ozoneimpl.OzoneContainer (OzoneContainer.java:stop(419)) - Attempting to stop container services.
2023-04-11 17:18:37,894 [Listener at 127.0.0.1/38777] INFO  server.RaftServer (RaftServerProxy.java:lambda$close$6(409)) - f68eba80-45f1-4a76-a2e4-30d77c550dcc: close
2023-04-11 17:18:37,894 [Listener at 127.0.0.1/38777] INFO  server.GrpcService (GrpcService.java:closeImpl(271)) - f68eba80-45f1-4a76-a2e4-30d77c550dcc: shutdown server GrpcServerProtocolService now
2023-04-11 17:18:37,894 [f68eba80-45f1-4a76-a2e4-30d77c550dcc-impl-thread1] INFO  server.RaftServer$Division (RaftServerImpl.java:lambda$close$4(458)) - f68eba80-45f1-4a76-a2e4-30d77c550dcc@group-F979BD690190: shutdown
2023-04-11 17:18:37,894 [f68eba80-45f1-4a76-a2e4-30d77c550dcc-impl-thread1] INFO  util.JmxRegister (JmxRegister.java:unregister(73)) - Successfully un-registered JMX Bean with object name Ratis:service=RaftServer,group=group-F979BD690190,id=f68eba80-45f1-4a76-a2e4-30d77c550dcc
2023-04-11 17:18:37,894 [f68eba80-45f1-4a76-a2e4-30d77c550dcc-impl-thread1] INFO  impl.RoleInfo (RoleInfo.java:shutdownLeaderState(93)) - f68eba80-45f1-4a76-a2e4-30d77c550dcc: shutdown f68eba80-45f1-4a76-a2e4-30d77c550dcc@group-F979BD690190-LeaderStateImpl
2023-04-11 17:18:37,895 [f68eba80-45f1-4a76-a2e4-30d77c550dcc-impl-thread1] INFO  impl.PendingRequests (PendingRequests.java:sendNotLeaderResponses(282)) - f68eba80-45f1-4a76-a2e4-30d77c550dcc@group-F979BD690190-PendingRequests: sendNotLeaderResponses
2023-04-11 17:18:37,895 [f68eba80-45f1-4a76-a2e4-30d77c550dcc-impl-thread1] INFO  impl.StateMachineUpdater (StateMachineUpdater.java:stopAndJoin(153)) - f68eba80-45f1-4a76-a2e4-30d77c550dcc@group-F979BD690190-StateMachineUpdater: set stopIndex = 0
2023-04-11 17:18:37,895 [f68eba80-45f1-4a76-a2e4-30d77c550dcc@group-F979BD690190-StateMachineUpdater] INFO  ratis.ContainerStateMachine (ContainerStateMachine.java:takeSnapshot(330)) - group-F979BD690190: Taking a snapshot at:(t:1, i:0) file /home/runner/work/ozone/ozone/hadoop-ozone/integration-test/target/test-dir/MiniOzoneClusterImpl-3c04abff-9f55-4a78-ab47-7ca56afb4af6/datanode-4/data/ratis/4981b2ae-8cd4-4b81-bbc7-f979bd690190/sm/snapshot.1_0
2023-04-11 17:18:37,896 [Listener at 127.0.0.1/38777] INFO  server.GrpcService (GrpcService.java:closeImpl(280)) - f68eba80-45f1-4a76-a2e4-30d77c550dcc: shutdown server GrpcServerProtocolService successfully
2023-04-11 17:18:37,897 [f68eba80-45f1-4a76-a2e4-30d77c550dcc-NettyServerStreamRpc-bossGroup--thread1] INFO  logging.LoggingHandler (AbstractInternalLogger.java:log(148)) - [id: 0xfc2a70f9, L:/0:0:0:0:0:0:0:0:40947] CLOSE
2023-04-11 17:18:37,897 [f68eba80-45f1-4a76-a2e4-30d77c550dcc-NettyServerStreamRpc-bossGroup--thread1] INFO  logging.LoggingHandler (AbstractInternalLogger.java:log(148)) - [id: 0xfc2a70f9, L:/0:0:0:0:0:0:0:0:40947] INACTIVE
2023-04-11 17:18:37,897 [f68eba80-45f1-4a76-a2e4-30d77c550dcc-NettyServerStreamRpc-bossGroup--thread1] INFO  logging.LoggingHandler (AbstractInternalLogger.java:log(148)) - [id: 0xfc2a70f9, L:/0:0:0:0:0:0:0:0:40947] UNREGISTERED
2023-04-11 17:18:37,897 [f68eba80-45f1-4a76-a2e4-30d77c550dcc@group-F979BD690190-StateMachineUpdater] INFO  ratis.ContainerStateMachine (ContainerStateMachine.java:takeSnapshot(341)) - group-F979BD690190: Finished taking a snapshot at:(t:1, i:0) file:/home/runner/work/ozone/ozone/hadoop-ozone/integration-test/target/test-dir/MiniOzoneClusterImpl-3c04abff-9f55-4a78-ab47-7ca56afb4af6/datanode-4/data/ratis/4981b2ae-8cd4-4b81-bbc7-f979bd690190/sm/snapshot.1_0 took: 2 ms
2023-04-11 17:18:37,898 [f68eba80-45f1-4a76-a2e4-30d77c550dcc@group-F979BD690190-StateMachineUpdater] INFO  impl.StateMachineUpdater (StateMachineUpdater.java:takeSnapshot(287)) - f68eba80-45f1-4a76-a2e4-30d77c550dcc@group-F979BD690190-StateMachineUpdater: Took a snapshot at index 0
2023-04-11 17:18:37,898 [f68eba80-45f1-4a76-a2e4-30d77c550dcc@group-F979BD690190-StateMachineUpdater] INFO  impl.StateMachineUpdater (StateMachineUpdater.java:lambda$new$0(92)) - f68eba80-45f1-4a76-a2e4-30d77c550dcc@group-F979BD690190-StateMachineUpdater: snapshotIndex: updateIncreasingly -1 -> 0
2023-04-11 17:18:37,898 [f68eba80-45f1-4a76-a2e4-30d77c550dcc-impl-thread1] INFO  server.RaftServer$Division (ServerState.java:close(466)) - f68eba80-45f1-4a76-a2e4-30d77c550dcc@group-F979BD690190: closes. applyIndex: 0
2023-04-11 17:18:37,903 [f68eba80-45f1-4a76-a2e4-30d77c550dcc@group-F979BD690190-SegmentedRaftLogWorker] INFO  segmented.SegmentedRaftLogWorker (SegmentedRaftLogWorker.java:run(347)) - f68eba80-45f1-4a76-a2e4-30d77c550dcc@group-F979BD690190-SegmentedRaftLogWorker was interrupted, exiting. There are 0 tasks remaining in the queue.
2023-04-11 17:18:37,909 [ForkJoinPool.commonPool-worker-1] INFO  handler.ContextHandler (ContextHandler.java:doStop(1159)) - Stopped o.e.j.w.WebAppContext@2aaa0bf1{hddsDatanode,/,null,STOPPED}{jar:file:/home/runner/.m2/repository/org/apache/ozone/hdds-container-service/1.4.0-SNAPSHOT/hdds-container-service-1.4.0-SNAPSHOT.jar!/webapps/hddsDatanode}
2023-04-11 17:18:37,911 [ForkJoinPool.commonPool-worker-1] INFO  server.AbstractConnector (AbstractConnector.java:doStop(383)) - Stopped ServerConnector@737c5ebb{HTTP/1.1, (http/1.1)}{0.0.0.0:0}
2023-04-11 17:18:37,911 [ForkJoinPool.commonPool-worker-1] INFO  server.session (HouseKeeper.java:stopScavenging(149)) - node0 Stopped scavenging
2023-04-11 17:18:37,913 [ForkJoinPool.commonPool-worker-1] INFO  handler.ContextHandler (ContextHandler.java:doStop(1159)) - Stopped o.e.j.s.ServletContextHandler@4e6b5d8c{static,/static,jar:file:/home/runner/.m2/repository/org/apache/ozone/hdds-container-service/1.4.0-SNAPSHOT/hdds-container-service-1.4.0-SNAPSHOT.jar!/webapps/static,STOPPED}
2023-04-11 17:18:37,914 [f68eba80-45f1-4a76-a2e4-30d77c550dcc-impl-thread1] INFO  segmented.SegmentedRaftLogWorker (SegmentedRaftLogWorker.java:close(257)) - f68eba80-45f1-4a76-a2e4-30d77c550dcc@group-F979BD690190-SegmentedRaftLogWorker close()
2023-04-11 17:18:37,915 [ForkJoinPool.commonPool-worker-1] INFO  handler.ContextHandler (ContextHandler.java:doStop(1159)) - Stopped o.e.j.s.ServletContextHandler@34337ea7{logs,/logs,file:///home/runner/work/ozone/ozone/hadoop-ozone/integration-test/target/log,STOPPED}
2023-04-11 17:18:37,918 [JvmPauseMonitor10] INFO  util.JvmPauseMonitor (JvmPauseMonitor.java:run(111)) - JvmPauseMonitor-f68eba80-45f1-4a76-a2e4-30d77c550dcc: Stopped
2023-04-11 17:18:37,921 [ForkJoinPool.commonPool-worker-1] INFO  ozoneimpl.OzoneContainer (OzoneContainer.java:stop(419)) - Attempting to stop container services.
2023-04-11 17:18:37,922 [ForkJoinPool.commonPool-worker-1] INFO  server.RaftServer (RaftServerProxy.java:lambda$close$6(409)) - 6e9ccc6a-fad0-416f-afa3-09e4e9fe5838: close
2023-04-11 17:18:37,922 [6e9ccc6a-fad0-416f-afa3-09e4e9fe5838-impl-thread1] INFO  server.RaftServer$Division (RaftServerImpl.java:lambda$close$4(458)) - 6e9ccc6a-fad0-416f-afa3-09e4e9fe5838@group-97D18BC0E911: shutdown
2023-04-11 17:18:37,922 [6e9ccc6a-fad0-416f-afa3-09e4e9fe5838-impl-thread1] INFO  util.JmxRegister (JmxRegister.java:unregister(73)) - Successfully un-registered JMX Bean with object name Ratis:service=RaftServer,group=group-97D18BC0E911,id=6e9ccc6a-fad0-416f-afa3-09e4e9fe5838
2023-04-11 17:18:37,922 [6e9ccc6a-fad0-416f-afa3-09e4e9fe5838-impl-thread1] INFO  impl.RoleInfo (RoleInfo.java:shutdownLeaderState(93)) - 6e9ccc6a-fad0-416f-afa3-09e4e9fe5838: shutdown 6e9ccc6a-fad0-416f-afa3-09e4e9fe5838@group-97D18BC0E911-LeaderStateImpl
2023-04-11 17:18:37,922 [6e9ccc6a-fad0-416f-afa3-09e4e9fe5838-impl-thread2] INFO  server.RaftServer$Division (RaftServerImpl.java:lambda$close$4(458)) - 6e9ccc6a-fad0-416f-afa3-09e4e9fe5838@group-E1FE9E25D7BF: shutdown
2023-04-11 17:18:37,922 [6e9ccc6a-fad0-416f-afa3-09e4e9fe5838-impl-thread1] INFO  impl.PendingRequests (PendingRequests.java:sendNotLeaderResponses(282)) - 6e9ccc6a-fad0-416f-afa3-09e4e9fe5838@group-97D18BC0E911-PendingRequests: sendNotLeaderResponses
2023-04-11 17:18:37,922 [6e9ccc6a-fad0-416f-afa3-09e4e9fe5838-impl-thread2] INFO  util.JmxRegister (JmxRegister.java:unregister(73)) - Successfully un-registered JMX Bean with object name Ratis:service=RaftServer,group=group-E1FE9E25D7BF,id=6e9ccc6a-fad0-416f-afa3-09e4e9fe5838
2023-04-11 17:18:37,922 [6e9ccc6a-fad0-416f-afa3-09e4e9fe5838-impl-thread2] INFO  impl.RoleInfo (RoleInfo.java:shutdownFollowerState(110)) - 6e9ccc6a-fad0-416f-afa3-09e4e9fe5838: shutdown 6e9ccc6a-fad0-416f-afa3-09e4e9fe5838@group-E1FE9E25D7BF-FollowerState
2023-04-11 17:18:37,922 [6e9ccc6a-fad0-416f-afa3-09e4e9fe5838-impl-thread1] INFO  impl.StateMachineUpdater (StateMachineUpdater.java:stopAndJoin(153)) - 6e9ccc6a-fad0-416f-afa3-09e4e9fe5838@group-97D18BC0E911-StateMachineUpdater: set stopIndex = 0
2023-04-11 17:18:37,923 [6e9ccc6a-fad0-416f-afa3-09e4e9fe5838@group-97D18BC0E911-StateMachineUpdater] INFO  ratis.ContainerStateMachine (ContainerStateMachine.java:takeSnapshot(330)) - group-97D18BC0E911: Taking a snapshot at:(t:1, i:0) file /home/runner/work/ozone/ozone/hadoop-ozone/integration-test/target/test-dir/MiniOzoneClusterImpl-3c04abff-9f55-4a78-ab47-7ca56afb4af6/datanode-0/data/ratis/4b589ffa-5a17-4059-a19e-97d18bc0e911/sm/snapshot.1_0
2023-04-11 17:18:37,924 [6e9ccc6a-fad0-416f-afa3-09e4e9fe5838@group-97D18BC0E911-StateMachineUpdater] INFO  ratis.ContainerStateMachine (ContainerStateMachine.java:takeSnapshot(341)) - group-97D18BC0E911: Finished taking a snapshot at:(t:1, i:0) file:/home/runner/work/ozone/ozone/hadoop-ozone/integration-test/target/test-dir/MiniOzoneClusterImpl-3c04abff-9f55-4a78-ab47-7ca56afb4af6/datanode-0/data/ratis/4b589ffa-5a17-4059-a19e-97d18bc0e911/sm/snapshot.1_0 took: 1 ms
2023-04-11 17:18:37,924 [6e9ccc6a-fad0-416f-afa3-09e4e9fe5838@group-97D18BC0E911-StateMachineUpdater] INFO  impl.StateMachineUpdater (StateMachineUpdater.java:takeSnapshot(287)) - 6e9ccc6a-fad0-416f-afa3-09e4e9fe5838@group-97D18BC0E911-StateMachineUpdater: Took a snapshot at index 0
2023-04-11 17:18:37,924 [6e9ccc6a-fad0-416f-afa3-09e4e9fe5838@group-97D18BC0E911-StateMachineUpdater] INFO  impl.StateMachineUpdater (StateMachineUpdater.java:lambda$new$0(92)) - 6e9ccc6a-fad0-416f-afa3-09e4e9fe5838@group-97D18BC0E911-StateMachineUpdater: snapshotIndex: updateIncreasingly -1 -> 0
2023-04-11 17:18:37,924 [6e9ccc6a-fad0-416f-afa3-09e4e9fe5838-impl-thread1] INFO  server.RaftServer$Division (ServerState.java:close(466)) - 6e9ccc6a-fad0-416f-afa3-09e4e9fe5838@group-97D18BC0E911: closes. applyIndex: 0
2023-04-11 17:18:37,928 [ForkJoinPool.commonPool-worker-1] INFO  server.GrpcService (GrpcService.java:closeImpl(271)) - 6e9ccc6a-fad0-416f-afa3-09e4e9fe5838: shutdown server GrpcServerProtocolService now
2023-04-11 17:18:37,928 [6e9ccc6a-fad0-416f-afa3-09e4e9fe5838-impl-thread3] INFO  server.RaftServer$Division (RaftServerImpl.java:lambda$close$4(458)) - 6e9ccc6a-fad0-416f-afa3-09e4e9fe5838@group-1904913C1B47: shutdown
2023-04-11 17:18:37,928 [6e9ccc6a-fad0-416f-afa3-09e4e9fe5838@group-97D18BC0E911-SegmentedRaftLogWorker] INFO  segmented.SegmentedRaftLogWorker (SegmentedRaftLogWorker.java:run(347)) - 6e9ccc6a-fad0-416f-afa3-09e4e9fe5838@group-97D18BC0E911-SegmentedRaftLogWorker was interrupted, exiting. There are 0 tasks remaining in the queue.
2023-04-11 17:18:37,929 [6e9ccc6a-fad0-416f-afa3-09e4e9fe5838-impl-thread3] INFO  util.JmxRegister (JmxRegister.java:unregister(73)) - Successfully un-registered JMX Bean with object name Ratis:service=RaftServer,group=group-1904913C1B47,id=6e9ccc6a-fad0-416f-afa3-09e4e9fe5838
2023-04-11 17:18:37,930 [6e9ccc6a-fad0-416f-afa3-09e4e9fe5838-impl-thread3] INFO  impl.RoleInfo (RoleInfo.java:shutdownFollowerState(110)) - 6e9ccc6a-fad0-416f-afa3-09e4e9fe5838: shutdown 6e9ccc6a-fad0-416f-afa3-09e4e9fe5838@group-1904913C1B47-FollowerState
2023-04-11 17:18:37,929 [6e9ccc6a-fad0-416f-afa3-09e4e9fe5838@group-E1FE9E25D7BF-FollowerState] INFO  impl.FollowerState (FollowerState.java:run(152)) - 6e9ccc6a-fad0-416f-afa3-09e4e9fe5838@group-E1FE9E25D7BF-FollowerState was interrupted
2023-04-11 17:18:37,930 [6e9ccc6a-fad0-416f-afa3-09e4e9fe5838@group-1904913C1B47-FollowerState] INFO  impl.FollowerState (FollowerState.java:run(152)) - 6e9ccc6a-fad0-416f-afa3-09e4e9fe5838@group-1904913C1B47-FollowerState was interrupted
2023-04-11 17:18:37,929 [ForkJoinPool.commonPool-worker-1] INFO  server.GrpcServerProtocolClient (GrpcServerProtocolClient.java:close(101)) - 316a6a1b-3f00-43af-9dbc-ac2971b62daf Close channels
2023-04-11 17:18:37,930 [6e9ccc6a-fad0-416f-afa3-09e4e9fe5838@group-1904913C1B47-StateMachineUpdater] INFO  ratis.ContainerStateMachine (ContainerStateMachine.java:takeSnapshot(330)) - group-1904913C1B47: Taking a snapshot at:(t:1, i:8) file /home/runner/work/ozone/ozone/hadoop-ozone/integration-test/target/test-dir/MiniOzoneClusterImpl-3c04abff-9f55-4a78-ab47-7ca56afb4af6/datanode-0/data/ratis/e3a8309e-152f-46aa-8375-1904913c1b47/sm/snapshot.1_8
2023-04-11 17:18:37,929 [6e9ccc6a-fad0-416f-afa3-09e4e9fe5838-impl-thread2] INFO  impl.StateMachineUpdater (StateMachineUpdater.java:stopAndJoin(153)) - 6e9ccc6a-fad0-416f-afa3-09e4e9fe5838@group-E1FE9E25D7BF-StateMachineUpdater: set stopIndex = 22
2023-04-11 17:18:37,930 [6e9ccc6a-fad0-416f-afa3-09e4e9fe5838-impl-thread1] INFO  segmented.SegmentedRaftLogWorker (SegmentedRaftLogWorker.java:close(257)) - 6e9ccc6a-fad0-416f-afa3-09e4e9fe5838@group-97D18BC0E911-SegmentedRaftLogWorker close()
2023-04-11 17:18:37,929 [6e9ccc6a-fad0-416f-afa3-09e4e9fe5838@group-E1FE9E25D7BF-StateMachineUpdater] INFO  ratis.ContainerStateMachine (ContainerStateMachine.java:takeSnapshot(330)) - group-E1FE9E25D7BF: Taking a snapshot at:(t:1, i:22) file /home/runner/work/ozone/ozone/hadoop-ozone/integration-test/target/test-dir/MiniOzoneClusterImpl-3c04abff-9f55-4a78-ab47-7ca56afb4af6/datanode-0/data/ratis/40c3c78a-35b8-496c-bcfb-e1fe9e25d7bf/sm/snapshot.1_22
2023-04-11 17:18:37,932 [6e9ccc6a-fad0-416f-afa3-09e4e9fe5838@group-1904913C1B47-StateMachineUpdater] INFO  ratis.ContainerStateMachine (ContainerStateMachine.java:takeSnapshot(341)) - group-1904913C1B47: Finished taking a snapshot at:(t:1, i:8) file:/home/runner/work/ozone/ozone/hadoop-ozone/integration-test/target/test-dir/MiniOzoneClusterImpl-3c04abff-9f55-4a78-ab47-7ca56afb4af6/datanode-0/data/ratis/e3a8309e-152f-46aa-8375-1904913c1b47/sm/snapshot.1_8 took: 2 ms
2023-04-11 17:18:37,931 [6e9ccc6a-fad0-416f-afa3-09e4e9fe5838-impl-thread3] INFO  impl.StateMachineUpdater (StateMachineUpdater.java:stopAndJoin(153)) - 6e9ccc6a-fad0-416f-afa3-09e4e9fe5838@group-1904913C1B47-StateMachineUpdater: set stopIndex = 8
2023-04-11 17:18:37,931 [ForkJoinPool.commonPool-worker-1] INFO  server.GrpcServerProtocolClient (GrpcServerProtocolClient.java:close(101)) - 1466190b-31b8-4a1a-90c9-9931edc03f55 Close channels
2023-04-11 17:18:37,936 [ForkJoinPool.commonPool-worker-1] INFO  server.GrpcService (GrpcService.java:closeImpl(280)) - 6e9ccc6a-fad0-416f-afa3-09e4e9fe5838: shutdown server GrpcServerProtocolService successfully
2023-04-11 17:18:37,935 [6e9ccc6a-fad0-416f-afa3-09e4e9fe5838@group-1904913C1B47-StateMachineUpdater] INFO  impl.StateMachineUpdater (StateMachineUpdater.java:takeSnapshot(287)) - 6e9ccc6a-fad0-416f-afa3-09e4e9fe5838@group-1904913C1B47-StateMachineUpdater: Took a snapshot at index 8
2023-04-11 17:18:37,936 [6e9ccc6a-fad0-416f-afa3-09e4e9fe5838-NettyServerStreamRpc-bossGroup--thread1] INFO  logging.LoggingHandler (AbstractInternalLogger.java:log(148)) - [id: 0xd4bf8f11, L:/0:0:0:0:0:0:0:0:33979] CLOSE
2023-04-11 17:18:37,937 [6e9ccc6a-fad0-416f-afa3-09e4e9fe5838-NettyServerStreamRpc-bossGroup--thread1] INFO  logging.LoggingHandler (AbstractInternalLogger.java:log(148)) - [id: 0xd4bf8f11, L:/0:0:0:0:0:0:0:0:33979] INACTIVE
2023-04-11 17:18:37,937 [6e9ccc6a-fad0-416f-afa3-09e4e9fe5838-NettyServerStreamRpc-bossGroup--thread1] INFO  logging.LoggingHandler (AbstractInternalLogger.java:log(148)) - [id: 0xd4bf8f11, L:/0:0:0:0:0:0:0:0:33979] UNREGISTERED
2023-04-11 17:18:37,935 [6e9ccc6a-fad0-416f-afa3-09e4e9fe5838@group-E1FE9E25D7BF-StateMachineUpdater] INFO  ratis.ContainerStateMachine (ContainerStateMachine.java:takeSnapshot(341)) - group-E1FE9E25D7BF: Finished taking a snapshot at:(t:1, i:22) file:/home/runner/work/ozone/ozone/hadoop-ozone/integration-test/target/test-dir/MiniOzoneClusterImpl-3c04abff-9f55-4a78-ab47-7ca56afb4af6/datanode-0/data/ratis/40c3c78a-35b8-496c-bcfb-e1fe9e25d7bf/sm/snapshot.1_22 took: 5 ms
2023-04-11 17:18:37,937 [6e9ccc6a-fad0-416f-afa3-09e4e9fe5838@group-E1FE9E25D7BF-StateMachineUpdater] INFO  impl.StateMachineUpdater (StateMachineUpdater.java:takeSnapshot(287)) - 6e9ccc6a-fad0-416f-afa3-09e4e9fe5838@group-E1FE9E25D7BF-StateMachineUpdater: Took a snapshot at index 22
2023-04-11 17:18:37,937 [6e9ccc6a-fad0-416f-afa3-09e4e9fe5838@group-E1FE9E25D7BF-StateMachineUpdater] INFO  impl.StateMachineUpdater (StateMachineUpdater.java:lambda$new$0(92)) - 6e9ccc6a-fad0-416f-afa3-09e4e9fe5838@group-E1FE9E25D7BF-StateMachineUpdater: snapshotIndex: updateIncreasingly -1 -> 22
2023-04-11 17:18:37,936 [6e9ccc6a-fad0-416f-afa3-09e4e9fe5838@group-1904913C1B47-StateMachineUpdater] INFO  impl.StateMachineUpdater (StateMachineUpdater.java:lambda$new$0(92)) - 6e9ccc6a-fad0-416f-afa3-09e4e9fe5838@group-1904913C1B47-StateMachineUpdater: snapshotIndex: updateIncreasingly -1 -> 8
2023-04-11 17:18:37,941 [6e9ccc6a-fad0-416f-afa3-09e4e9fe5838-impl-thread3] INFO  server.RaftServer$Division (ServerState.java:close(466)) - 6e9ccc6a-fad0-416f-afa3-09e4e9fe5838@group-1904913C1B47: closes. applyIndex: 8
2023-04-11 17:18:37,941 [6e9ccc6a-fad0-416f-afa3-09e4e9fe5838-impl-thread2] INFO  server.RaftServer$Division (ServerState.java:close(466)) - 6e9ccc6a-fad0-416f-afa3-09e4e9fe5838@group-E1FE9E25D7BF: closes. applyIndex: 22
2023-04-11 17:18:37,941 [6e9ccc6a-fad0-416f-afa3-09e4e9fe5838@group-1904913C1B47-SegmentedRaftLogWorker] INFO  segmented.SegmentedRaftLogWorker (SegmentedRaftLogWorker.java:run(347)) - 6e9ccc6a-fad0-416f-afa3-09e4e9fe5838@group-1904913C1B47-SegmentedRaftLogWorker was interrupted, exiting. There are 0 tasks remaining in the queue.
2023-04-11 17:18:37,941 [6e9ccc6a-fad0-416f-afa3-09e4e9fe5838@group-E1FE9E25D7BF-SegmentedRaftLogWorker] INFO  segmented.SegmentedRaftLogWorker (SegmentedRaftLogWorker.java:run(347)) - 6e9ccc6a-fad0-416f-afa3-09e4e9fe5838@group-E1FE9E25D7BF-SegmentedRaftLogWorker was interrupted, exiting. There are 0 tasks remaining in the queue.
2023-04-11 17:18:37,946 [6e9ccc6a-fad0-416f-afa3-09e4e9fe5838-impl-thread2] INFO  segmented.SegmentedRaftLogWorker (SegmentedRaftLogWorker.java:close(257)) - 6e9ccc6a-fad0-416f-afa3-09e4e9fe5838@group-E1FE9E25D7BF-SegmentedRaftLogWorker close()
2023-04-11 17:18:37,950 [6e9ccc6a-fad0-416f-afa3-09e4e9fe5838-impl-thread3] INFO  segmented.SegmentedRaftLogWorker (SegmentedRaftLogWorker.java:close(257)) - 6e9ccc6a-fad0-416f-afa3-09e4e9fe5838@group-1904913C1B47-SegmentedRaftLogWorker close()
2023-04-11 17:18:37,951 [JvmPauseMonitor6] INFO  util.JvmPauseMonitor (JvmPauseMonitor.java:run(111)) - JvmPauseMonitor-6e9ccc6a-fad0-416f-afa3-09e4e9fe5838: Stopped
2023-04-11 17:18:39,922 [Listener at 127.0.0.1/38777] INFO  volume.HddsVolume (HddsVolume.java:closeDbStore(437)) - SchemaV3 db is stopped at /home/runner/work/ozone/ozone/hadoop-ozone/integration-test/target/test-dir/MiniOzoneClusterImpl-3c04abff-9f55-4a78-ab47-7ca56afb4af6/datanode-4/data-0/containers/hdds/3c04abff-9f55-4a78-ab47-7ca56afb4af6/DS-73741a8b-dd05-4cec-b91e-5686e96f5fa4/container.db for volume DS-73741a8b-dd05-4cec-b91e-5686e96f5fa4
2023-04-11 17:18:39,922 [Listener at 127.0.0.1/38777] INFO  utils.BackgroundService (BackgroundService.java:shutdown(141)) - Shutting down service BlockDeletingService
2023-04-11 17:18:39,924 [Listener at 127.0.0.1/38777] INFO  utils.BackgroundService (BackgroundService.java:shutdown(141)) - Shutting down service StaleRecoveringContainerScrubbingService
2023-04-11 17:18:39,926 [Listener at 127.0.0.1/38777] INFO  statemachine.DatanodeStateMachine (DatanodeStateMachine.java:stopDaemon(601)) - Ozone container server stopped.
2023-04-11 17:18:39,939 [Listener at 127.0.0.1/38777] INFO  handler.ContextHandler (ContextHandler.java:doStop(1159)) - Stopped o.e.j.w.WebAppContext@6c33646{hddsDatanode,/,null,STOPPED}{jar:file:/home/runner/.m2/repository/org/apache/ozone/hdds-container-service/1.4.0-SNAPSHOT/hdds-container-service-1.4.0-SNAPSHOT.jar!/webapps/hddsDatanode}
2023-04-11 17:18:39,940 [Listener at 127.0.0.1/38777] INFO  server.AbstractConnector (AbstractConnector.java:doStop(383)) - Stopped ServerConnector@4d7ef16f{HTTP/1.1, (http/1.1)}{0.0.0.0:0}
2023-04-11 17:18:39,940 [Listener at 127.0.0.1/38777] INFO  server.session (HouseKeeper.java:stopScavenging(149)) - node0 Stopped scavenging
2023-04-11 17:18:39,940 [Listener at 127.0.0.1/38777] INFO  handler.ContextHandler (ContextHandler.java:doStop(1159)) - Stopped o.e.j.s.ServletContextHandler@e05cdb9{static,/static,jar:file:/home/runner/.m2/repository/org/apache/ozone/hdds-container-service/1.4.0-SNAPSHOT/hdds-container-service-1.4.0-SNAPSHOT.jar!/webapps/static,STOPPED}
2023-04-11 17:18:39,941 [Listener at 127.0.0.1/38777] INFO  handler.ContextHandler (ContextHandler.java:doStop(1159)) - Stopped o.e.j.s.ServletContextHandler@75a0199e{logs,/logs,file:///home/runner/work/ozone/ozone/hadoop-ozone/integration-test/target/log,STOPPED}
2023-04-11 17:18:39,944 [Listener at 127.0.0.1/38777] INFO  ozoneimpl.OzoneContainer (OzoneContainer.java:stop(419)) - Attempting to stop container services.
2023-04-11 17:18:39,944 [Listener at 127.0.0.1/38777] INFO  server.RaftServer (RaftServerProxy.java:lambda$close$6(409)) - 302076d3-f1b4-4ab2-b5f1-f71a9676adc4: close
2023-04-11 17:18:39,945 [302076d3-f1b4-4ab2-b5f1-f71a9676adc4-impl-thread1] INFO  server.RaftServer$Division (RaftServerImpl.java:lambda$close$4(458)) - 302076d3-f1b4-4ab2-b5f1-f71a9676adc4@group-F83941FA9AF0: shutdown
2023-04-11 17:18:39,945 [302076d3-f1b4-4ab2-b5f1-f71a9676adc4-impl-thread1] INFO  util.JmxRegister (JmxRegister.java:unregister(73)) - Successfully un-registered JMX Bean with object name Ratis:service=RaftServer,group=group-F83941FA9AF0,id=302076d3-f1b4-4ab2-b5f1-f71a9676adc4
2023-04-11 17:18:39,945 [302076d3-f1b4-4ab2-b5f1-f71a9676adc4-impl-thread1] INFO  impl.RoleInfo (RoleInfo.java:shutdownLeaderState(93)) - 302076d3-f1b4-4ab2-b5f1-f71a9676adc4: shutdown 302076d3-f1b4-4ab2-b5f1-f71a9676adc4@group-F83941FA9AF0-LeaderStateImpl
2023-04-11 17:18:39,945 [302076d3-f1b4-4ab2-b5f1-f71a9676adc4-impl-thread1] INFO  impl.PendingRequests (PendingRequests.java:sendNotLeaderResponses(282)) - 302076d3-f1b4-4ab2-b5f1-f71a9676adc4@group-F83941FA9AF0-PendingRequests: sendNotLeaderResponses
2023-04-11 17:18:39,945 [302076d3-f1b4-4ab2-b5f1-f71a9676adc4-impl-thread1] INFO  impl.StateMachineUpdater (StateMachineUpdater.java:stopAndJoin(153)) - 302076d3-f1b4-4ab2-b5f1-f71a9676adc4@group-F83941FA9AF0-StateMachineUpdater: set stopIndex = 0
2023-04-11 17:18:39,946 [302076d3-f1b4-4ab2-b5f1-f71a9676adc4@group-F83941FA9AF0-StateMachineUpdater] INFO  ratis.ContainerStateMachine (ContainerStateMachine.java:takeSnapshot(330)) - group-F83941FA9AF0: Taking a snapshot at:(t:1, i:0) file /home/runner/work/ozone/ozone/hadoop-ozone/integration-test/target/test-dir/MiniOzoneClusterImpl-3c04abff-9f55-4a78-ab47-7ca56afb4af6/datanode-3/data/ratis/46fb347a-1b32-48ba-874c-f83941fa9af0/sm/snapshot.1_0
2023-04-11 17:18:39,946 [Listener at 127.0.0.1/38777] INFO  server.GrpcService (GrpcService.java:closeImpl(271)) - 302076d3-f1b4-4ab2-b5f1-f71a9676adc4: shutdown server GrpcServerProtocolService now
2023-04-11 17:18:39,947 [Listener at 127.0.0.1/38777] INFO  server.GrpcService (GrpcService.java:closeImpl(280)) - 302076d3-f1b4-4ab2-b5f1-f71a9676adc4: shutdown server GrpcServerProtocolService successfully
2023-04-11 17:18:39,947 [302076d3-f1b4-4ab2-b5f1-f71a9676adc4-NettyServerStreamRpc-bossGroup--thread1] INFO  logging.LoggingHandler (AbstractInternalLogger.java:log(148)) - [id: 0xe4a43c86, L:/0:0:0:0:0:0:0:0:44817] CLOSE
2023-04-11 17:18:39,947 [302076d3-f1b4-4ab2-b5f1-f71a9676adc4@group-F83941FA9AF0-StateMachineUpdater] INFO  ratis.ContainerStateMachine (ContainerStateMachine.java:takeSnapshot(341)) - group-F83941FA9AF0: Finished taking a snapshot at:(t:1, i:0) file:/home/runner/work/ozone/ozone/hadoop-ozone/integration-test/target/test-dir/MiniOzoneClusterImpl-3c04abff-9f55-4a78-ab47-7ca56afb4af6/datanode-3/data/ratis/46fb347a-1b32-48ba-874c-f83941fa9af0/sm/snapshot.1_0 took: 2 ms
2023-04-11 17:18:39,947 [302076d3-f1b4-4ab2-b5f1-f71a9676adc4-NettyServerStreamRpc-bossGroup--thread1] INFO  logging.LoggingHandler (AbstractInternalLogger.java:log(148)) - [id: 0xe4a43c86, L:/0:0:0:0:0:0:0:0:44817] INACTIVE
2023-04-11 17:18:39,947 [302076d3-f1b4-4ab2-b5f1-f71a9676adc4-NettyServerStreamRpc-bossGroup--thread1] INFO  logging.LoggingHandler (AbstractInternalLogger.java:log(148)) - [id: 0xe4a43c86, L:/0:0:0:0:0:0:0:0:44817] UNREGISTERED
2023-04-11 17:18:39,948 [302076d3-f1b4-4ab2-b5f1-f71a9676adc4@group-F83941FA9AF0-StateMachineUpdater] INFO  impl.StateMachineUpdater (StateMachineUpdater.java:takeSnapshot(287)) - 302076d3-f1b4-4ab2-b5f1-f71a9676adc4@group-F83941FA9AF0-StateMachineUpdater: Took a snapshot at index 0
2023-04-11 17:18:39,948 [302076d3-f1b4-4ab2-b5f1-f71a9676adc4@group-F83941FA9AF0-StateMachineUpdater] INFO  impl.StateMachineUpdater (StateMachineUpdater.java:lambda$new$0(92)) - 302076d3-f1b4-4ab2-b5f1-f71a9676adc4@group-F83941FA9AF0-StateMachineUpdater: snapshotIndex: updateIncreasingly -1 -> 0
2023-04-11 17:18:39,949 [302076d3-f1b4-4ab2-b5f1-f71a9676adc4-impl-thread1] INFO  server.RaftServer$Division (ServerState.java:close(466)) - 302076d3-f1b4-4ab2-b5f1-f71a9676adc4@group-F83941FA9AF0: closes. applyIndex: 0
2023-04-11 17:18:39,950 [302076d3-f1b4-4ab2-b5f1-f71a9676adc4@group-F83941FA9AF0-SegmentedRaftLogWorker] INFO  segmented.SegmentedRaftLogWorker (SegmentedRaftLogWorker.java:run(347)) - 302076d3-f1b4-4ab2-b5f1-f71a9676adc4@group-F83941FA9AF0-SegmentedRaftLogWorker was interrupted, exiting. There are 0 tasks remaining in the queue.
2023-04-11 17:18:39,956 [302076d3-f1b4-4ab2-b5f1-f71a9676adc4-impl-thread1] INFO  segmented.SegmentedRaftLogWorker (SegmentedRaftLogWorker.java:close(257)) - 302076d3-f1b4-4ab2-b5f1-f71a9676adc4@group-F83941FA9AF0-SegmentedRaftLogWorker close()
2023-04-11 17:18:39,958 [ForkJoinPool.commonPool-worker-1] INFO  volume.HddsVolume (HddsVolume.java:closeDbStore(437)) - SchemaV3 db is stopped at /home/runner/work/ozone/ozone/hadoop-ozone/integration-test/target/test-dir/MiniOzoneClusterImpl-3c04abff-9f55-4a78-ab47-7ca56afb4af6/datanode-0/data-0/containers/hdds/3c04abff-9f55-4a78-ab47-7ca56afb4af6/DS-b6baafcf-3a75-4c9c-9894-bb3a8fa65e8a/container.db for volume DS-b6baafcf-3a75-4c9c-9894-bb3a8fa65e8a
2023-04-11 17:18:39,959 [ForkJoinPool.commonPool-worker-1] INFO  utils.BackgroundService (BackgroundService.java:shutdown(141)) - Shutting down service BlockDeletingService
2023-04-11 17:18:39,959 [ForkJoinPool.commonPool-worker-1] INFO  utils.BackgroundService (BackgroundService.java:shutdown(141)) - Shutting down service StaleRecoveringContainerScrubbingService
2023-04-11 17:18:39,959 [JvmPauseMonitor9] INFO  util.JvmPauseMonitor (JvmPauseMonitor.java:run(111)) - JvmPauseMonitor-302076d3-f1b4-4ab2-b5f1-f71a9676adc4: Stopped
2023-04-11 17:18:39,963 [ForkJoinPool.commonPool-worker-1] INFO  statemachine.DatanodeStateMachine (DatanodeStateMachine.java:stopDaemon(601)) - Ozone container server stopped.
2023-04-11 17:18:39,975 [ForkJoinPool.commonPool-worker-1] INFO  handler.ContextHandler (ContextHandler.java:doStop(1159)) - Stopped o.e.j.w.WebAppContext@5333d6ea{hddsDatanode,/,null,STOPPED}{jar:file:/home/runner/.m2/repository/org/apache/ozone/hdds-container-service/1.4.0-SNAPSHOT/hdds-container-service-1.4.0-SNAPSHOT.jar!/webapps/hddsDatanode}
2023-04-11 17:18:39,976 [ForkJoinPool.commonPool-worker-1] INFO  server.AbstractConnector (AbstractConnector.java:doStop(383)) - Stopped ServerConnector@22acafbc{HTTP/1.1, (http/1.1)}{0.0.0.0:0}
2023-04-11 17:18:39,976 [ForkJoinPool.commonPool-worker-1] INFO  server.session (HouseKeeper.java:stopScavenging(149)) - node0 Stopped scavenging
2023-04-11 17:18:39,977 [ForkJoinPool.commonPool-worker-1] INFO  handler.ContextHandler (ContextHandler.java:doStop(1159)) - Stopped o.e.j.s.ServletContextHandler@4e42d0d7{static,/static,jar:file:/home/runner/.m2/repository/org/apache/ozone/hdds-container-service/1.4.0-SNAPSHOT/hdds-container-service-1.4.0-SNAPSHOT.jar!/webapps/static,STOPPED}
2023-04-11 17:18:39,978 [ForkJoinPool.commonPool-worker-1] INFO  handler.ContextHandler (ContextHandler.java:doStop(1159)) - Stopped o.e.j.s.ServletContextHandler@388cccaf{logs,/logs,file:///home/runner/work/ozone/ozone/hadoop-ozone/integration-test/target/log,STOPPED}
2023-04-11 17:18:41,966 [Listener at 127.0.0.1/38777] INFO  volume.HddsVolume (HddsVolume.java:closeDbStore(437)) - SchemaV3 db is stopped at /home/runner/work/ozone/ozone/hadoop-ozone/integration-test/target/test-dir/MiniOzoneClusterImpl-3c04abff-9f55-4a78-ab47-7ca56afb4af6/datanode-3/data-0/containers/hdds/3c04abff-9f55-4a78-ab47-7ca56afb4af6/DS-9f1c894e-e5f6-4eb1-b8d5-54f7db05b28c/container.db for volume DS-9f1c894e-e5f6-4eb1-b8d5-54f7db05b28c
2023-04-11 17:18:41,966 [Listener at 127.0.0.1/38777] INFO  utils.BackgroundService (BackgroundService.java:shutdown(141)) - Shutting down service BlockDeletingService
2023-04-11 17:18:41,966 [Listener at 127.0.0.1/38777] INFO  utils.BackgroundService (BackgroundService.java:shutdown(141)) - Shutting down service StaleRecoveringContainerScrubbingService
2023-04-11 17:18:41,969 [Listener at 127.0.0.1/38777] INFO  statemachine.DatanodeStateMachine (DatanodeStateMachine.java:stopDaemon(601)) - Ozone container server stopped.
2023-04-11 17:18:41,980 [Listener at 127.0.0.1/38777] INFO  handler.ContextHandler (ContextHandler.java:doStop(1159)) - Stopped o.e.j.w.WebAppContext@3350b609{hddsDatanode,/,null,STOPPED}{jar:file:/home/runner/.m2/repository/org/apache/ozone/hdds-container-service/1.4.0-SNAPSHOT/hdds-container-service-1.4.0-SNAPSHOT.jar!/webapps/hddsDatanode}
2023-04-11 17:18:41,982 [Listener at 127.0.0.1/38777] INFO  server.AbstractConnector (AbstractConnector.java:doStop(383)) - Stopped ServerConnector@fbda9bf{HTTP/1.1, (http/1.1)}{0.0.0.0:0}
2023-04-11 17:18:41,983 [Listener at 127.0.0.1/38777] INFO  server.session (HouseKeeper.java:stopScavenging(149)) - node0 Stopped scavenging
2023-04-11 17:18:41,983 [Listener at 127.0.0.1/38777] INFO  handler.ContextHandler (ContextHandler.java:doStop(1159)) - Stopped o.e.j.s.ServletContextHandler@cb419c6{static,/static,jar:file:/home/runner/.m2/repository/org/apache/ozone/hdds-container-service/1.4.0-SNAPSHOT/hdds-container-service-1.4.0-SNAPSHOT.jar!/webapps/static,STOPPED}
2023-04-11 17:18:41,983 [Listener at 127.0.0.1/38777] INFO  handler.ContextHandler (ContextHandler.java:doStop(1159)) - Stopped o.e.j.s.ServletContextHandler@3228d29f{logs,/logs,file:///home/runner/work/ozone/ozone/hadoop-ozone/integration-test/target/log,STOPPED}
2023-04-11 17:18:41,986 [Listener at 127.0.0.1/38777] INFO  ozone.MiniOzoneClusterImpl (MiniOzoneClusterImpl.java:stopSCM(549)) - Stopping the StorageContainerManager
2023-04-11 17:18:41,986 [Listener at 127.0.0.1/38777] INFO  server.StorageContainerManager (StorageContainerManager.java:stop(1550)) - Container Balancer is not running.
2023-04-11 17:18:41,986 [Listener at 127.0.0.1/38777] INFO  server.StorageContainerManager (StorageContainerManager.java:stopReplicationManager(1672)) - Stopping Replication Manager Service.
2023-04-11 17:18:41,986 [Listener at 127.0.0.1/38777] INFO  replication.ReplicationManager (ReplicationManager.java:stop(321)) - Stopping Replication Monitor Thread.
2023-04-11 17:18:41,986 [Listener at 127.0.0.1/38777] INFO  server.StorageContainerManager (StorageContainerManager.java:stop(1559)) - Stopping the Datanode Admin Monitor.
2023-04-11 17:18:41,987 [Over Replicated Processor] WARN  replication.UnhealthyReplicationProcessor (UnhealthyReplicationProcessor.java:run(146)) - Over Replicated Processor interrupted. Exiting...
2023-04-11 17:18:41,987 [Listener at 127.0.0.1/38777] INFO  server.StorageContainerManager (StorageContainerManager.java:stop(1566)) - Stopping datanode service RPC server
2023-04-11 17:18:41,987 [Listener at 127.0.0.1/38777] INFO  server.SCMDatanodeProtocolServer (SCMDatanodeProtocolServer.java:stop(424)) - Stopping the RPC server for DataNodes
2023-04-11 17:18:41,987 [ReplicationMonitor] INFO  replication.ReplicationManager (ReplicationManager.java:run(975)) - Replication Monitor Thread is stopped
2023-04-11 17:18:41,987 [Listener at 127.0.0.1/38777] INFO  ipc.Server (Server.java:stop(3501)) - Stopping server on 45335
2023-04-11 17:18:41,986 [Under Replicated Processor] WARN  replication.UnhealthyReplicationProcessor (UnhealthyReplicationProcessor.java:run(146)) - Under Replicated Processor interrupted. Exiting...
2023-04-11 17:18:41,988 [IPC Server listener on 0] INFO  ipc.Server (Server.java:run(1430)) - Stopping IPC Server listener on 0
2023-04-11 17:18:41,990 [IPC Server Responder] INFO  ipc.Server (Server.java:run(1563)) - Stopping IPC Server Responder
2023-04-11 17:18:42,042 [SCM Heartbeat Processing Thread - 0] WARN  node.NodeStateManager (NodeStateManager.java:scheduleNextHealthCheck(870)) - Current Thread is interrupted, shutting down HB processing thread for Node Manager.
2023-04-11 17:18:42,042 [Listener at 127.0.0.1/38777] INFO  server.StorageContainerManager (StorageContainerManager.java:stop(1574)) - Stopping block service RPC server
2023-04-11 17:18:42,043 [Listener at 127.0.0.1/38777] INFO  server.SCMBlockProtocolServer (SCMBlockProtocolServer.java:stop(161)) - Stopping the RPC server for Block Protocol
2023-04-11 17:18:42,043 [Listener at 127.0.0.1/38777] INFO  ipc.Server (Server.java:stop(3501)) - Stopping server on 37307
2023-04-11 17:18:42,046 [IPC Server listener on 0] INFO  ipc.Server (Server.java:run(1430)) - Stopping IPC Server listener on 0
2023-04-11 17:18:42,046 [IPC Server Responder] INFO  ipc.Server (Server.java:run(1563)) - Stopping IPC Server Responder
2023-04-11 17:18:42,047 [Listener at 127.0.0.1/38777] INFO  server.StorageContainerManager (StorageContainerManager.java:stop(1581)) - Stopping the StorageContainerLocationProtocol RPC server
2023-04-11 17:18:42,047 [Listener at 127.0.0.1/38777] INFO  server.SCMClientProtocolServer (SCMClientProtocolServer.java:stop(206)) - Stopping the RPC server for Client Protocol
2023-04-11 17:18:42,047 [Listener at 127.0.0.1/38777] INFO  ipc.Server (Server.java:stop(3501)) - Stopping server on 40285
2023-04-11 17:18:42,048 [IPC Server listener on 0] INFO  ipc.Server (Server.java:run(1430)) - Stopping IPC Server listener on 0
2023-04-11 17:18:42,049 [Listener at 127.0.0.1/38777] INFO  server.StorageContainerManager (StorageContainerManager.java:stop(1588)) - Stopping Storage Container Manager HTTP server.
2023-04-11 17:18:42,049 [IPC Server Responder] INFO  ipc.Server (Server.java:run(1563)) - Stopping IPC Server Responder
2023-04-11 17:18:42,050 [Listener at 127.0.0.1/38777] INFO  handler.ContextHandler (ContextHandler.java:doStop(1159)) - Stopped o.e.j.w.WebAppContext@47c6ee88{scm,/,null,STOPPED}{file:/home/runner/work/ozone/ozone/hadoop-ozone/integration-test/target/test-classes/webapps/scm}
2023-04-11 17:18:42,050 [Listener at 127.0.0.1/38777] INFO  server.AbstractConnector (AbstractConnector.java:doStop(383)) - Stopped ServerConnector@6b3abfba{HTTP/1.1, (http/1.1)}{0.0.0.0:0}
2023-04-11 17:18:42,050 [Listener at 127.0.0.1/38777] INFO  server.session (HouseKeeper.java:stopScavenging(149)) - node0 Stopped scavenging
2023-04-11 17:18:42,050 [Listener at 127.0.0.1/38777] INFO  handler.ContextHandler (ContextHandler.java:doStop(1159)) - Stopped o.e.j.s.ServletContextHandler@3acb40e5{static,/static,file:///home/runner/work/ozone/ozone/hadoop-ozone/integration-test/target/test-classes/webapps/static,STOPPED}
2023-04-11 17:18:42,051 [Listener at 127.0.0.1/38777] INFO  handler.ContextHandler (ContextHandler.java:doStop(1159)) - Stopped o.e.j.s.ServletContextHandler@bc1bf2b{logs,/logs,file:///home/runner/work/ozone/ozone/hadoop-ozone/integration-test/target/log,STOPPED}
2023-04-11 17:18:42,051 [Listener at 127.0.0.1/38777] INFO  server.StorageContainerManager (StorageContainerManager.java:stop(1596)) - Stopping SCM LayoutVersionManager Service.
2023-04-11 17:18:42,051 [Listener at 127.0.0.1/38777] INFO  server.StorageContainerManager (StorageContainerManager.java:stop(1604)) - Stopping Block Manager Service.
2023-04-11 17:18:42,051 [Listener at 127.0.0.1/38777] INFO  utils.BackgroundService (BackgroundService.java:shutdown(141)) - Shutting down service SCMBlockDeletingService
2023-04-11 17:18:42,052 [Listener at 127.0.0.1/38777] INFO  utils.BackgroundService (BackgroundService.java:shutdown(141)) - Shutting down service SCMBlockDeletingService
2023-04-11 17:18:42,052 [Listener at 127.0.0.1/38777] INFO  server.StorageContainerManager (StorageContainerManager.java:stop(1626)) - Stopping SCM Event Queue.
2023-04-11 17:18:42,053 [Listener at 127.0.0.1/38777] INFO  server.StorageContainerManager (StorageContainerManager.java:stop(1637)) - Stopping SCM HA services.
2023-04-11 17:18:42,053 [Listener at 127.0.0.1/38777] INFO  pipeline.BackgroundPipelineCreator (BackgroundPipelineCreator.java:stop(149)) - Stopping RatisPipelineUtilsThread.
2023-04-11 17:18:42,053 [RatisPipelineUtilsThread - 0] WARN  pipeline.BackgroundPipelineCreator (BackgroundPipelineCreator.java:run(180)) - RatisPipelineUtilsThread is interrupted.
2023-04-11 17:18:42,053 [BackgroundPipelineScrubberThread] WARN  BackgroundPipelineScrubber (BackgroundSCMService.java:run(115)) - BackgroundPipelineScrubber is interrupted, exit
2023-04-11 17:18:42,053 [Listener at 127.0.0.1/38777] INFO  BackgroundPipelineScrubber (BackgroundSCMService.java:stop(131)) - Stopping BackgroundPipelineScrubber Service.
2023-04-11 17:18:42,053 [Listener at 127.0.0.1/38777] INFO  impl.MetricsSystemImpl (MetricsSystemImpl.java:stop(210)) - Stopping HddsDatanode metrics system...
2023-04-11 17:18:42,062 [prometheus] INFO  impl.MetricsSinkAdapter (MetricsSinkAdapter.java:publishMetricsFromQueue(141)) - prometheus thread interrupted.
2023-04-11 17:18:42,068 [Listener at 127.0.0.1/38777] INFO  impl.MetricsSystemImpl (MetricsSystemImpl.java:stop(216)) - HddsDatanode metrics system stopped.
2023-04-11 17:18:42,068 [Listener at 127.0.0.1/38777] WARN  pipeline.BackgroundPipelineCreator (BackgroundPipelineCreator.java:stop(145)) - RatisPipelineUtilsThread is not running, just ignore.
2023-04-11 17:18:42,070 [Listener at 127.0.0.1/38777] INFO  BackgroundPipelineScrubber (BackgroundSCMService.java:stop(126)) - BackgroundPipelineScrubber Service is not running, skip stop.
2023-04-11 17:18:42,071 [Listener at 127.0.0.1/38777] INFO  ExpiredContainerReplicaOpScrubber (BackgroundSCMService.java:stop(131)) - Stopping ExpiredContainerReplicaOpScrubber Service.
2023-04-11 17:18:42,071 [ExpiredContainerReplicaOpScrubberThread] WARN  ExpiredContainerReplicaOpScrubber (BackgroundSCMService.java:run(115)) - ExpiredContainerReplicaOpScrubber is interrupted, exit
2023-04-11 17:18:42,071 [Listener at 127.0.0.1/38777] INFO  utils.BackgroundService (BackgroundService.java:shutdown(141)) - Shutting down service SCMBlockDeletingService
2023-04-11 17:18:42,072 [Listener at 127.0.0.1/38777] INFO  replication.ReplicationManager (ReplicationManager.java:stop(331)) - Replication Monitor Thread is not running.
2023-04-11 17:18:42,072 [Listener at 127.0.0.1/38777] WARN  balancer.ContainerBalancer (ContainerBalancer.java:stop(324)) - Cannot stop Container Balancer because it's not running or stopping
2023-04-11 17:18:42,072 [Listener at 127.0.0.1/38777] INFO  server.StorageContainerManager (StorageContainerManager.java:stop(1663)) - Stopping SCM MetadataStore.
2023-04-11 17:18:42,134 [Listener at 127.0.0.1/38777] WARN  server.ServerUtils (ServerUtils.java:getScmDbDir(148)) - ozone.scm.db.dirs is not configured. We recommend adding this setting. Falling back to ozone.metadata.dirs instead.
2023-04-11 17:18:42,138 [Listener at 127.0.0.1/38777] WARN  server.ServerUtils (ServerUtils.java:getScmDbDir(148)) - ozone.scm.db.dirs is not configured. We recommend adding this setting. Falling back to ozone.metadata.dirs instead.
2023-04-11 17:18:42,138 [Listener at 127.0.0.1/38777] INFO  ha.SCMHANodeDetails (SCMHANodeDetails.java:loadSCMHAConfig(209)) - ServiceID for StorageContainerManager is null
2023-04-11 17:18:42,139 [Listener at 127.0.0.1/38777] INFO  ha.SCMHANodeDetails (SCMHANodeDetails.java:loadSCMHAConfig(214)) - ozone.scm.default.service.id is not defined, falling back to ozone.scm.service.ids to find serviceID for StorageContainerManager if it is HA enabled cluster
2023-04-11 17:18:42,139 [Listener at 127.0.0.1/38777] WARN  utils.HAUtils (HAUtils.java:getMetaDir(342)) - ozone.scm.db.dirs is not configured. We recommend adding this setting. Falling back to ozone.metadata.dirs instead.
2023-04-11 17:18:42,140 [Listener at 127.0.0.1/38777] WARN  db.DBStoreBuilder (DBStoreBuilder.java:applyDBDefinition(182)) - ozone.scm.db.dirs is not configured. We recommend adding this setting. Falling back to ozone.metadata.dirs instead.
2023-04-11 17:18:42,255 [Listener at 127.0.0.1/38777] INFO  net.NodeSchemaLoader (NodeSchemaLoader.java:loadSchemaFromFile(129)) - Loading schema from [jar:file:/home/runner/.m2/repository/org/apache/ozone/hdds-common/1.4.0-SNAPSHOT/hdds-common-1.4.0-SNAPSHOT.jar!/network-topology-default.xml]
2023-04-11 17:18:42,255 [Listener at 127.0.0.1/38777] INFO  net.NodeSchemaLoader (NodeSchemaLoader.java:loadSchema(176)) - Loading network topology layer schema file
2023-04-11 17:18:42,258 [Listener at 127.0.0.1/38777] INFO  upgrade.AbstractLayoutVersionManager (AbstractLayoutVersionManager.java:init(83)) - Initializing Layout version manager with metadata layout = WEBUI_PORTS_IN_DATANODEDETAILS (version = 6), software layout = WEBUI_PORTS_IN_DATANODEDETAILS (version = 6)
2023-04-11 17:18:42,309 [Listener at 127.0.0.1/38777] INFO  reflections.Reflections (Reflections.java:scan(232)) - Reflections took 50 ms to scan 7 urls, producing 156 keys and 369 values 
2023-04-11 17:18:42,311 [Listener at 127.0.0.1/38777] INFO  ha.SequenceIdGenerator (SequenceIdGenerator.java:upgradeToSequenceId(349)) - upgrade localId to 111677748019200000
2023-04-11 17:18:42,312 [Listener at 127.0.0.1/38777] INFO  ha.SequenceIdGenerator (SequenceIdGenerator.java:upgradeToSequenceId(359)) - upgrade delTxnId to 0
2023-04-11 17:18:42,312 [Listener at 127.0.0.1/38777] INFO  ha.SequenceIdGenerator (SequenceIdGenerator.java:upgradeToSequenceId(376)) - upgrade containerId to 0
2023-04-11 17:18:42,312 [Listener at 127.0.0.1/38777] INFO  ha.SequenceIdGenerator (SequenceIdGenerator.java:<init>(220)) - Init the HA SequenceIdGenerator.
2023-04-11 17:18:42,312 [Listener at 127.0.0.1/38777] WARN  server.ServerUtils (ServerUtils.java:sanitizeUserArgs(73)) - ozone.scm.stale.node.interval value = 300000 is larger than max = 100000 based on the key value of ozone.scm.heartbeat.thread.interval, reset to the max value 100000.
2023-04-11 17:18:42,312 [Listener at 127.0.0.1/38777] WARN  server.ServerUtils (ServerUtils.java:sanitizeUserArgs(73)) - ozone.scm.stale.node.interval value = 300000 is larger than max = 100000 based on the key value of ozone.scm.heartbeat.thread.interval, reset to the max value 100000.
2023-04-11 17:18:42,313 [Listener at 127.0.0.1/38777] INFO  node.SCMNodeManager (SCMNodeManager.java:<init>(156)) - Entering startup safe mode.
2023-04-11 17:18:42,313 [Listener at 127.0.0.1/38777] INFO  algorithms.ContainerPlacementPolicyFactory (ContainerPlacementPolicyFactory.java:getPolicyInternal(86)) - Create container placement policy of type org.apache.hadoop.hdds.scm.container.placement.algorithms.SCMContainerPlacementRandom
2023-04-11 17:18:42,313 [Listener at 127.0.0.1/38777] INFO  algorithms.ContainerPlacementPolicyFactory (ContainerPlacementPolicyFactory.java:getPolicyInternal(86)) - Create container placement policy of type org.apache.hadoop.hdds.scm.container.placement.algorithms.SCMContainerPlacementRackScatter
2023-04-11 17:18:42,313 [Listener at 127.0.0.1/38777] INFO  pipeline.PipelineStateManagerImpl (PipelineStateManagerImpl.java:initialize(78)) - No pipeline exists in current db
2023-04-11 17:18:42,314 [Listener at 127.0.0.1/38777] INFO  algorithms.LeaderChoosePolicyFactory (LeaderChoosePolicyFactory.java:getPolicy(57)) - Create leader choose policy of type org.apache.hadoop.hdds.scm.pipeline.leader.choose.algorithms.MinLeaderCountChoosePolicy
2023-04-11 17:18:42,314 [Listener at 127.0.0.1/38777] INFO  algorithms.ContainerPlacementPolicyFactory (ContainerPlacementPolicyFactory.java:getPolicyInternal(86)) - Create container placement policy of type org.apache.hadoop.hdds.scm.container.placement.algorithms.SCMContainerPlacementRackScatter
2023-04-11 17:18:42,314 [Listener at 127.0.0.1/38777] INFO  ha.SCMServiceManager (SCMServiceManager.java:register(42)) - Registering service BackgroundPipelineCreator.
2023-04-11 17:18:42,314 [Listener at 127.0.0.1/38777] INFO  pipeline.BackgroundPipelineCreator (BackgroundPipelineCreator.java:start(124)) - Starting RatisPipelineUtilsThread.
2023-04-11 17:18:42,314 [Listener at 127.0.0.1/38777] INFO  BackgroundPipelineScrubber (BackgroundSCMService.java:start(68)) - Starting BackgroundPipelineScrubber Service.
2023-04-11 17:18:42,315 [Listener at 127.0.0.1/38777] INFO  ha.SCMServiceManager (SCMServiceManager.java:register(42)) - Registering service BackgroundPipelineScrubber.
2023-04-11 17:18:42,315 [Listener at 127.0.0.1/38777] INFO  ExpiredContainerReplicaOpScrubber (BackgroundSCMService.java:start(68)) - Starting ExpiredContainerReplicaOpScrubber Service.
2023-04-11 17:18:42,315 [Listener at 127.0.0.1/38777] INFO  ha.SCMServiceManager (SCMServiceManager.java:register(42)) - Registering service ExpiredContainerReplicaOpScrubber.
2023-04-11 17:18:42,319 [Listener at 127.0.0.1/38777] INFO  algorithms.PipelineChoosePolicyFactory (PipelineChoosePolicyFactory.java:createPipelineChoosePolicyFromClass(73)) - Create pipeline choose policy of type org.apache.hadoop.hdds.scm.pipeline.choose.algorithms.RandomPipelineChoosePolicy
2023-04-11 17:18:42,320 [Listener at 127.0.0.1/38777] INFO  ha.SCMServiceManager (SCMServiceManager.java:register(42)) - Registering service SCMBlockDeletingService.
2023-04-11 17:18:42,320 [Listener at 127.0.0.1/38777] INFO  replication.ReplicationManager (ReplicationManager.java:start(288)) - Starting Replication Monitor Thread.
2023-04-11 17:18:42,321 [Listener at 127.0.0.1/38777] INFO  ha.SCMServiceManager (SCMServiceManager.java:register(42)) - Registering service ReplicationManager.
2023-04-11 17:18:42,321 [Listener at 127.0.0.1/38777] INFO  safemode.ContainerSafeModeRule (ContainerSafeModeRule.java:<init>(89)) - containers with one replica threshold count 0
2023-04-11 17:18:42,322 [Listener at 127.0.0.1/38777] INFO  safemode.HealthyPipelineSafeModeRule (HealthyPipelineSafeModeRule.java:initializeRule(169)) - Total pipeline count is 0, healthy pipeline threshold count is 1
2023-04-11 17:18:42,324 [ReplicationMonitor] INFO  replication.ReplicationManager (ReplicationManager.java:processAll(363)) - Replication Manager is not ready to run until 3000ms after safemode exit
2023-04-11 17:18:42,325 [Listener at 127.0.0.1/38777] INFO  safemode.OneReplicaPipelineSafeModeRule (OneReplicaPipelineSafeModeRule.java:initializeRule(180)) - Total pipeline count is 0, pipeline's with at least one datanode reported threshold count is 0
2023-04-11 17:18:42,325 [Listener at 127.0.0.1/38777] INFO  server.StorageContainerManager (StorageContainerManager.java:<init>(398)) - SCM start with adminUsers: [runner]
2023-04-11 17:18:42,325 [Listener at 127.0.0.1/38777] INFO  ipc.CallQueueManager (CallQueueManager.java:<init>(90)) - Using callQueue: class java.util.concurrent.LinkedBlockingQueue, queueCapacity: 2000, scheduler: class org.apache.hadoop.ipc.DefaultRpcScheduler, ipcBackoff: false.
2023-04-11 17:18:42,327 [Socket Reader #1 for port 0] INFO  ipc.Server (Server.java:run(1319)) - Starting Socket Reader #1 for port 0
2023-04-11 17:18:42,329 [Listener at 0.0.0.0/40827] INFO  ipc.CallQueueManager (CallQueueManager.java:<init>(90)) - Using callQueue: class java.util.concurrent.LinkedBlockingQueue, queueCapacity: 2000, scheduler: class org.apache.hadoop.ipc.DefaultRpcScheduler, ipcBackoff: false.
2023-04-11 17:18:42,332 [Socket Reader #1 for port 0] INFO  ipc.Server (Server.java:run(1319)) - Starting Socket Reader #1 for port 0
2023-04-11 17:18:42,333 [Listener at 0.0.0.0/46877] INFO  ipc.CallQueueManager (CallQueueManager.java:<init>(90)) - Using callQueue: class java.util.concurrent.LinkedBlockingQueue, queueCapacity: 2000, scheduler: class org.apache.hadoop.ipc.DefaultRpcScheduler, ipcBackoff: false.
2023-04-11 17:18:42,333 [Socket Reader #1 for port 0] INFO  ipc.Server (Server.java:run(1319)) - Starting Socket Reader #1 for port 0
2023-04-11 17:18:42,337 [Listener at 0.0.0.0/33165] INFO  ha.SCMServiceManager (SCMServiceManager.java:register(42)) - Registering service ContainerBalancer.
2023-04-11 17:18:42,337 [Listener at 0.0.0.0/33165] INFO  server.StorageContainerManager (StorageContainerManager.java:<init>(415)) - 
Container Balancer status:
Key                            Value
Running                        false
Container Balancer Configuration values:
Key                                                Value
Threshold                                          10
Max Datanodes to Involve per Iteration(percent)    20
Max Size to Move per Iteration                     500GB
Max Size Entering Target per Iteration             26GB
Max Size Leaving Source per Iteration              26GB

2023-04-11 17:18:42,337 [Listener at 0.0.0.0/33165] INFO  ha.SCMContext (SCMContext.java:updateSafeModeStatus(228)) - Update SafeModeStatus from SafeModeStatus{safeModeStatus=true, preCheckPassed=false} to SafeModeStatus{safeModeStatus=true, preCheckPassed=false}.
2023-04-11 17:18:42,337 [Listener at 0.0.0.0/33165] INFO  server.StorageContainerManager (StorageContainerManager.java:start(1453)) - StorageContainerLocationProtocol RPC server is listening at /0.0.0.0:33165
2023-04-11 17:18:42,339 [Listener at 0.0.0.0/33165] WARN  impl.MetricsConfig (MetricsConfig.java:loadFirst(136)) - Cannot locate configuration: tried hadoop-metrics2-storagecontainermanager.properties,hadoop-metrics2.properties
2023-04-11 17:18:42,340 [Listener at 0.0.0.0/33165] INFO  impl.MetricsSystemImpl (MetricsSystemImpl.java:startTimer(378)) - Scheduled Metric snapshot period at 10 second(s).
2023-04-11 17:18:42,340 [Listener at 0.0.0.0/33165] INFO  impl.MetricsSystemImpl (MetricsSystemImpl.java:start(191)) - StorageContainerManager metrics system started
2023-04-11 17:18:42,344 [Listener at 0.0.0.0/33165] INFO  impl.MetricsSinkAdapter (MetricsSinkAdapter.java:start(204)) - Sink prometheus started
2023-04-11 17:18:42,344 [Listener at 0.0.0.0/33165] INFO  impl.MetricsSystemImpl (MetricsSystemImpl.java:registerSink(305)) - Registered sink prometheus
2023-04-11 17:18:42,378 [Listener at 0.0.0.0/33165] INFO  server.SCMClientProtocolServer (SCMClientProtocolServer.java:start(197)) - RPC server for Client  is listening at /0.0.0.0:33165
2023-04-11 17:18:42,379 [IPC Server Responder] INFO  ipc.Server (Server.java:run(1558)) - IPC Server Responder: starting
2023-04-11 17:18:42,379 [IPC Server listener on 0] INFO  ipc.Server (Server.java:run(1398)) - IPC Server listener on 0: starting
2023-04-11 17:18:42,381 [Listener at 0.0.0.0/33165] INFO  server.StorageContainerManager (StorageContainerManager.java:start(1467)) - ScmBlockLocationProtocol RPC server is listening at /0.0.0.0:46877
2023-04-11 17:18:42,385 [Listener at 0.0.0.0/33165] INFO  server.SCMBlockProtocolServer (SCMBlockProtocolServer.java:start(152)) - RPC server for Block Protocol is listening at /0.0.0.0:46877
2023-04-11 17:18:42,385 [IPC Server Responder] INFO  ipc.Server (Server.java:run(1558)) - IPC Server Responder: starting
2023-04-11 17:18:42,386 [IPC Server listener on 0] INFO  ipc.Server (Server.java:run(1398)) - IPC Server listener on 0: starting
2023-04-11 17:18:42,387 [Listener at 0.0.0.0/33165] INFO  server.SCMDatanodeProtocolServer (SCMDatanodeProtocolServer.java:start(193)) - ScmDatanodeProtocol RPC server for DataNodes is listening at /0.0.0.0:40827
2023-04-11 17:18:42,388 [IPC Server Responder] INFO  ipc.Server (Server.java:run(1558)) - IPC Server Responder: starting
2023-04-11 17:18:42,388 [IPC Server listener on 0] INFO  ipc.Server (Server.java:run(1398)) - IPC Server listener on 0: starting
2023-04-11 17:18:42,390 [org.apache.hadoop.util.JvmPauseMonitor$Monitor@2c05cdae] INFO  util.JvmPauseMonitor (JvmPauseMonitor.java:run(188)) - Starting JVM pause monitor
2023-04-11 17:18:42,396 [Listener at 0.0.0.0/33165] INFO  http.BaseHttpServer (BaseHttpServer.java:newHttpServer2BuilderForOzone(224)) - Starting Web-server for scm at: http://0.0.0.0:0
2023-04-11 17:18:42,396 [Listener at 0.0.0.0/33165] INFO  http.BaseHttpServer (BaseHttpServer.java:<init>(111)) - Hadoop Security Enabled: false Ozone Security Enabled: false Ozone HTTP Security Enabled: false 
2023-04-11 17:18:42,399 [Listener at 0.0.0.0/33165] WARN  server.AuthenticationFilter (AuthenticationFilter.java:constructSecretProvider(240)) - Unable to initialize FileSignerSecretProvider, falling back to use random secrets. Reason: Could not read signature secret file: /home/runner/hadoop-http-auth-signature-secret
2023-04-11 17:18:42,400 [Listener at 0.0.0.0/33165] WARN  http.HttpRequestLog (HttpRequestLog.java:getRequestLog(103)) - Jetty request log can only be enabled using Log4j
2023-04-11 17:18:42,401 [Listener at 0.0.0.0/33165] INFO  http.HttpServer2 (HttpServer2.java:addGlobalFilter(1031)) - Added global filter 'safety' (class=org.apache.hadoop.hdds.server.http.HttpServer2$QuotingInputFilter)
2023-04-11 17:18:42,402 [Listener at 0.0.0.0/33165] INFO  http.HttpServer2 (HttpServer2.java:addFilter(1007)) - Added filter static_user_filter (class=org.apache.hadoop.http.lib.StaticUserWebFilter$StaticUserFilter) to context scm
2023-04-11 17:18:42,402 [Listener at 0.0.0.0/33165] INFO  http.HttpServer2 (HttpServer2.java:addFilter(1015)) - Added filter static_user_filter (class=org.apache.hadoop.http.lib.StaticUserWebFilter$StaticUserFilter) to context static
2023-04-11 17:18:42,402 [Listener at 0.0.0.0/33165] INFO  http.HttpServer2 (HttpServer2.java:addFilter(1015)) - Added filter static_user_filter (class=org.apache.hadoop.http.lib.StaticUserWebFilter$StaticUserFilter) to context logs
2023-04-11 17:18:42,404 [Listener at 0.0.0.0/33165] INFO  http.BaseHttpServer (BaseHttpServer.java:<init>(190)) - HTTP server of scm uses base directory /home/runner/work/ozone/ozone/hadoop-ozone/integration-test/target/test-dir/MiniOzoneClusterImpl-7d6c2114-24de-471a-af28-9a4df9894e15/ozone-meta/webserver
2023-04-11 17:18:42,405 [Listener at 0.0.0.0/33165] INFO  http.HttpServer2 (HttpServer2.java:bindListener(1250)) - Jetty bound to port 35237
2023-04-11 17:18:42,405 [Listener at 0.0.0.0/33165] INFO  server.Server (Server.java:doStart(375)) - jetty-9.4.49.v20220914; built: 2022-09-14T01:07:36.601Z; git: 4231a3b2e4cb8548a412a789936d640a97b1aa0a; jvm 1.8.0_362-b09
2023-04-11 17:18:42,407 [Listener at 0.0.0.0/33165] INFO  server.session (DefaultSessionIdManager.java:doStart(334)) - DefaultSessionIdManager workerName=node0
2023-04-11 17:18:42,407 [Listener at 0.0.0.0/33165] INFO  server.session (DefaultSessionIdManager.java:doStart(339)) - No SessionScavenger set, using defaults
2023-04-11 17:18:42,407 [Listener at 0.0.0.0/33165] INFO  server.session (HouseKeeper.java:startScavenging(132)) - node0 Scavenging every 600000ms
2023-04-11 17:18:42,408 [Listener at 0.0.0.0/33165] INFO  handler.ContextHandler (ContextHandler.java:doStart(921)) - Started o.e.j.s.ServletContextHandler@a4217fd{logs,/logs,file:///home/runner/work/ozone/ozone/hadoop-ozone/integration-test/target/log,AVAILABLE}
2023-04-11 17:18:42,408 [Listener at 0.0.0.0/33165] INFO  handler.ContextHandler (ContextHandler.java:doStart(921)) - Started o.e.j.s.ServletContextHandler@113bb33f{static,/static,file:///home/runner/work/ozone/ozone/hadoop-ozone/integration-test/target/test-classes/webapps/static,AVAILABLE}
2023-04-11 17:18:42,411 [Listener at 0.0.0.0/33165] INFO  handler.ContextHandler (ContextHandler.java:doStart(921)) - Started o.e.j.w.WebAppContext@69ff118{scm,/,file:///home/runner/work/ozone/ozone/hadoop-ozone/integration-test/target/test-classes/webapps/scm/,AVAILABLE}{file:/home/runner/work/ozone/ozone/hadoop-ozone/integration-test/target/test-classes/webapps/scm}
2023-04-11 17:18:42,414 [Listener at 0.0.0.0/33165] INFO  server.AbstractConnector (AbstractConnector.java:doStart(333)) - Started ServerConnector@3056bd1d{HTTP/1.1, (http/1.1)}{0.0.0.0:35237}
2023-04-11 17:18:42,415 [Listener at 0.0.0.0/33165] INFO  server.Server (Server.java:doStart(415)) - Started @138460ms
2023-04-11 17:18:42,415 [Listener at 0.0.0.0/33165] WARN  impl.MetricsSystemImpl (MetricsSystemImpl.java:register(279)) - Sink prometheus already exists!
2023-04-11 17:18:42,416 [Listener at 0.0.0.0/33165] INFO  http.BaseHttpServer (BaseHttpServer.java:updateConnectorAddress(344)) - HTTP server of scm listening at http://0.0.0.0:35237
2023-04-11 17:18:42,416 [Listener at 0.0.0.0/33165] WARN  server.ServerUtils (ServerUtils.java:getDBPath(225)) - ozone.om.db.dirs is not configured. We recommend adding this setting. Falling back to ozone.metadata.dirs instead.
2023-04-11 17:18:42,418 [Listener at 0.0.0.0/33165] INFO  ha.OMHANodeDetails (OMHANodeDetails.java:loadOMHAConfig(115)) - ozone.om.internal.service.id is not defined, falling back to ozone.om.service.ids to find serviceID for OzoneManager if it is HA enabled cluster
2023-04-11 17:18:42,418 [Listener at 0.0.0.0/33165] INFO  ha.OMHANodeDetails (OMHANodeDetails.java:loadOMHAConfig(226)) - Configuration does not have ozone.om.address set. Falling back to the default OM address /127.0.0.1:0
2023-04-11 17:18:42,418 [Listener at 0.0.0.0/33165] INFO  ha.OMHANodeDetails (OMHANodeDetails.java:getOMNodeDetailsForNonHA(254)) - OM Service ID is not set. Setting it to the default ID: omServiceIdDefault
2023-04-11 17:18:42,418 [Listener at 0.0.0.0/33165] INFO  ha.OMHANodeDetails (OMHANodeDetails.java:getOMNodeDetailsForNonHA(261)) - OM Node ID is not set. Setting it to the default ID: om1
2023-04-11 17:18:42,418 [Listener at 0.0.0.0/33165] WARN  server.ServerUtils (ServerUtils.java:getDBPath(225)) - ozone.om.db.dirs is not configured. We recommend adding this setting. Falling back to ozone.metadata.dirs instead.
2023-04-11 17:18:42,419 [Listener at 0.0.0.0/33165] INFO  upgrade.AbstractLayoutVersionManager (AbstractLayoutVersionManager.java:init(83)) - Initializing Layout version manager with metadata layout = MULTITENANCY_SCHEMA (version = 3), software layout = MULTITENANCY_SCHEMA (version = 3)
2023-04-11 17:18:42,514 [Listener at 0.0.0.0/33165] INFO  reflections.Reflections (Reflections.java:scan(232)) - Reflections took 94 ms to scan 2 urls, producing 171 keys and 471 values [using 2 cores]
2023-04-11 17:18:42,514 [Listener at 0.0.0.0/33165] INFO  upgrade.OMLayoutVersionManager (OMLayoutVersionManager.java:lambda$0(115)) - Skipping Upgrade Action MockOmUpgradeAction since it has been finalized.
2023-04-11 17:18:42,515 [Listener at 0.0.0.0/33165] WARN  server.ServerUtils (ServerUtils.java:getDBPath(225)) - ozone.om.db.dirs is not configured. We recommend adding this setting. Falling back to ozone.metadata.dirs instead.
2023-04-11 17:18:42,516 [Listener at 0.0.0.0/33165] INFO  proxy.SCMBlockLocationFailoverProxyProvider (SCMBlockLocationFailoverProxyProvider.java:<init>(114)) - Created block location fail-over proxy with 1 nodes: [nodeId=scmNodeId,nodeAddress=/0.0.0.0:46877]
2023-04-11 17:18:42,517 [Listener at 0.0.0.0/33165] INFO  proxy.SCMBlockLocationFailoverProxyProvider (SCMBlockLocationFailoverProxyProvider.java:<init>(114)) - Created block location fail-over proxy with 1 nodes: [nodeId=scmNodeId,nodeAddress=/0.0.0.0:46877]
2023-04-11 17:18:42,523 [Listener at 0.0.0.0/33165] INFO  om.OzoneManager (OzoneManager.java:<init>(627)) - OM start with adminUsers: [runner]
2023-04-11 17:18:42,524 [Listener at 0.0.0.0/33165] WARN  server.ServerUtils (ServerUtils.java:getDBPath(225)) - ozone.om.db.dirs is not configured. We recommend adding this setting. Falling back to ozone.metadata.dirs instead.
2023-04-11 17:18:42,525 [Listener at 0.0.0.0/33165] INFO  codec.OmKeyInfoCodec (OmKeyInfoCodec.java:<init>(49)) - OmKeyInfoCodec ignorePipeline = true
2023-04-11 17:18:42,525 [Listener at 0.0.0.0/33165] INFO  codec.RepeatedOmKeyInfoCodec (RepeatedOmKeyInfoCodec.java:<init>(41)) - RepeatedOmKeyInfoCodec ignorePipeline = true
2023-04-11 17:18:42,746 [Listener at 0.0.0.0/33165] INFO  om.OzoneManager (OzoneManager.java:instantiateServices(757)) - S3 Multi-Tenancy is disabled
2023-04-11 17:18:42,747 [Listener at 0.0.0.0/33165] WARN  server.ServerUtils (ServerUtils.java:getDBPath(225)) - ozone.om.snapshot.diff.db.dir is not configured. We recommend adding this setting. Falling back to ozone.metadata.dirs instead.
2023-04-11 17:18:42,775 [Listener at 0.0.0.0/33165] INFO  om.OzoneManager (OzoneManager.java:addS3GVolumeToDB(4257)) - Created Volume s3v With Owner runner required for S3Gateway operations.
2023-04-11 17:18:42,776 [Listener at 0.0.0.0/33165] WARN  server.ServerUtils (ServerUtils.java:getDefaultRatisDirectory(237)) - Storage directory for Ratis is not configured. It is a good idea to map this to an SSD disk. Falling back to ozone.metadata.dirs
2023-04-11 17:18:42,776 [Listener at 0.0.0.0/33165] WARN  utils.OzoneManagerRatisUtils (OzoneManagerRatisUtils.java:getOMRatisSnapshotDirectory(446)) - ozone.om.ratis.snapshot.dir is not configured. Falling back to ozone.metadata.dirs config
2023-04-11 17:18:42,776 [Listener at 0.0.0.0/33165] WARN  server.ServerUtils (ServerUtils.java:getDefaultRatisDirectory(237)) - Storage directory for Ratis is not configured. It is a good idea to map this to an SSD disk. Falling back to ozone.metadata.dirs
2023-04-11 17:18:42,778 [Listener at 0.0.0.0/33165] INFO  ratis.OzoneManagerRatisServer (OzoneManagerRatisServer.java:<init>(163)) - Instantiating OM Ratis server with groupID: omServiceIdDefault and peers: localhost:9872
2023-04-11 17:18:42,778 [Listener at 0.0.0.0/33165] INFO  ratis.OzoneManagerStateMachine (OzoneManagerStateMachine.java:loadSnapshotInfoFromDB(644)) - LastAppliedIndex is set from TransactionInfo from OM DB as (t:0, i:~)
2023-04-11 17:18:42,778 [Listener at 0.0.0.0/33165] INFO  server.RaftServer (ConfUtils.java:logGet(46)) - raft.rpc.type = GRPC (default)
2023-04-11 17:18:42,778 [Listener at 0.0.0.0/33165] INFO  grpc.GrpcConfigKeys (ConfUtils.java:logFallback(53)) - raft.grpc.admin.host = null (fallback to raft.grpc.server.host)
2023-04-11 17:18:42,779 [Listener at 0.0.0.0/33165] INFO  grpc.GrpcConfigKeys (ConfUtils.java:logFallback(53)) - raft.grpc.admin.port = 9872 (fallback to raft.grpc.server.port)
2023-04-11 17:18:42,779 [Listener at 0.0.0.0/33165] INFO  grpc.GrpcConfigKeys (ConfUtils.java:logFallback(53)) - raft.grpc.client.host = null (fallback to raft.grpc.server.host)
2023-04-11 17:18:42,779 [Listener at 0.0.0.0/33165] INFO  grpc.GrpcConfigKeys (ConfUtils.java:logFallback(53)) - raft.grpc.client.port = 9872 (fallback to raft.grpc.server.port)
2023-04-11 17:18:42,779 [Listener at 0.0.0.0/33165] INFO  grpc.GrpcConfigKeys (ConfUtils.java:logGet(46)) - raft.grpc.server.host = null (default)
2023-04-11 17:18:42,779 [Listener at 0.0.0.0/33165] INFO  grpc.GrpcConfigKeys (ConfUtils.java:logGet(46)) - raft.grpc.server.port = 9872 (custom)
2023-04-11 17:18:42,779 [Listener at 0.0.0.0/33165] INFO  server.GrpcService (ConfUtils.java:logGet(46)) - raft.grpc.message.size.max = 33554432 (custom)
2023-04-11 17:18:42,779 [Listener at 0.0.0.0/33165] INFO  server.RaftServerConfigKeys (ConfUtils.java:logGet(46)) - raft.server.log.appender.buffer.byte-limit = 33554432 (custom)
2023-04-11 17:18:42,779 [Listener at 0.0.0.0/33165] INFO  server.GrpcService (ConfUtils.java:logGet(46)) - raft.grpc.flow.control.window = 1MB (=1048576) (default)
2023-04-11 17:18:42,779 [Listener at 0.0.0.0/33165] INFO  server.RaftServerConfigKeys (ConfUtils.java:logGet(46)) - raft.server.rpc.request.timeout = 3000ms (default)
2023-04-11 17:18:42,780 [Listener at 0.0.0.0/33165] INFO  grpc.GrpcConfigKeys (ConfUtils.java:logGet(46)) - raft.grpc.server.heartbeat.channel = true (default)
2023-04-11 17:18:42,780 [Listener at 0.0.0.0/33165] INFO  grpc.GrpcConfigKeys (ConfUtils.java:logGet(46)) - raft.grpc.server.async.request.thread.pool.cached = true (default)
2023-04-11 17:18:42,780 [Listener at 0.0.0.0/33165] INFO  grpc.GrpcConfigKeys (ConfUtils.java:logGet(46)) - raft.grpc.server.async.request.thread.pool.size = 32 (default)
2023-04-11 17:18:42,781 [Listener at 0.0.0.0/33165] INFO  impl.DataStreamServerImpl (ConfUtils.java:logGet(46)) - raft.datastream.type = DISABLED (default)
2023-04-11 17:18:42,781 [Listener at 0.0.0.0/33165] INFO  server.RaftServerConfigKeys (ConfUtils.java:logGet(46)) - raft.server.threadpool.proxy.cached = true (default)
2023-04-11 17:18:42,782 [Listener at 0.0.0.0/33165] INFO  server.RaftServerConfigKeys (ConfUtils.java:logGet(46)) - raft.server.threadpool.proxy.size = 0 (default)
2023-04-11 17:18:42,782 [Listener at 0.0.0.0/33165] INFO  server.RaftServerConfigKeys (ConfUtils.java:logGet(46)) - raft.server.rpc.slowness.timeout = 120s (custom)
2023-04-11 17:18:42,782 [Listener at 0.0.0.0/33165] INFO  server.RaftServerConfigKeys (ConfUtils.java:logGet(46)) - raft.server.leaderelection.leader.step-down.wait-time = 10s (default)
2023-04-11 17:18:42,782 [Listener at 0.0.0.0/33165] INFO  server.RaftServerConfigKeys (ConfUtils.java:logGet(46)) - raft.server.storage.dir = [/home/runner/work/ozone/ozone/hadoop-ozone/integration-test/target/test-dir/MiniOzoneClusterImpl-7d6c2114-24de-471a-af28-9a4df9894e15/ozone-meta/ratis] (custom)
2023-04-11 17:18:42,784 [Listener at 0.0.0.0/33165] INFO  server.RaftServer (RaftServerProxy.java:addNew(96)) - om1: addNew group-C5BA1605619E:[om1|rpc:localhost:9872|priority:0|startupRole:FOLLOWER] returns group-C5BA1605619E:java.util.concurrent.CompletableFuture@1cd9f6af[Not completed]
2023-04-11 17:18:42,784 [Listener at 0.0.0.0/33165] INFO  om.OzoneManager (OzoneManager.java:initializeRatisServer(2095)) - OzoneManager Ratis server initialized at port 9872
2023-04-11 17:18:42,784 [Listener at 0.0.0.0/33165] INFO  om.OzoneManager (OzoneManager.java:getRpcServer(1142)) - Creating RPC Server
2023-04-11 17:18:42,786 [pool-481-thread-1] INFO  server.RaftServer$Division (RaftServerImpl.java:<init>(195)) - om1: new RaftServerImpl for group-C5BA1605619E:[om1|rpc:localhost:9872|priority:0|startupRole:FOLLOWER] with OzoneManagerStateMachine:uninitialized
2023-04-11 17:18:42,786 [pool-481-thread-1] INFO  server.RaftServerConfigKeys (ConfUtils.java:logGet(46)) - raft.server.rpc.timeout.min = 1s (custom)
2023-04-11 17:18:42,786 [pool-481-thread-1] INFO  server.RaftServerConfigKeys (ConfUtils.java:logGet(46)) - raft.server.rpc.timeout.max = 1200ms (custom)
2023-04-11 17:18:42,786 [pool-481-thread-1] INFO  server.RaftServerConfigKeys (ConfUtils.java:logGet(46)) - raft.server.rpc.sleep.time = 25ms (default)
2023-04-11 17:18:42,786 [pool-481-thread-1] INFO  server.RaftServerConfigKeys (ConfUtils.java:logGet(46)) - raft.server.rpc.slowness.timeout = 120s (custom)
2023-04-11 17:18:42,786 [pool-481-thread-1] INFO  server.RaftServerConfigKeys (ConfUtils.java:logGet(46)) - raft.server.leaderelection.leader.step-down.wait-time = 10s (default)
2023-04-11 17:18:42,786 [pool-481-thread-1] INFO  server.RaftServerConfigKeys (ConfUtils.java:logGet(46)) - raft.server.sleep.deviation.threshold = 300ms (default)
2023-04-11 17:18:42,786 [pool-481-thread-1] INFO  server.RaftServer$Division (ServerState.java:<init>(118)) - om1@group-C5BA1605619E: ConfigurationManager, init=-1: peers:[om1|rpc:localhost:9872|priority:0|startupRole:FOLLOWER]|listeners:[], old=null, confs=<EMPTY_MAP>
2023-04-11 17:18:42,786 [pool-481-thread-1] INFO  server.RaftServerConfigKeys (ConfUtils.java:logGet(46)) - raft.server.storage.dir = [/home/runner/work/ozone/ozone/hadoop-ozone/integration-test/target/test-dir/MiniOzoneClusterImpl-7d6c2114-24de-471a-af28-9a4df9894e15/ozone-meta/ratis] (custom)
2023-04-11 17:18:42,786 [pool-481-thread-1] INFO  server.RaftServerConfigKeys (ConfUtils.java:logGet(46)) - raft.server.log.corruption.policy = EXCEPTION (default)
2023-04-11 17:18:42,786 [pool-481-thread-1] INFO  server.RaftServerConfigKeys (ConfUtils.java:logGet(46)) - raft.server.storage.free-space.min = 0MB (=0) (default)
2023-04-11 17:18:42,786 [pool-481-thread-1] INFO  server.RaftServerConfigKeys (ConfUtils.java:logGet(46)) - raft.server.notification.no-leader.timeout = 120s (custom)
2023-04-11 17:18:42,786 [pool-481-thread-1] INFO  server.RaftServerConfigKeys (ConfUtils.java:logGet(46)) - raft.server.retrycache.expirytime = 300s (custom)
2023-04-11 17:18:42,786 [pool-481-thread-1] INFO  server.RaftServerConfigKeys (ConfUtils.java:logGet(46)) - raft.server.retrycache.statistics.expirytime = 100μs (default)
2023-04-11 17:18:42,787 [pool-481-thread-1] INFO  server.RaftServerConfigKeys (ConfUtils.java:logGet(46)) - raft.server.log.appender.install.snapshot.enabled = false (custom)
2023-04-11 17:18:42,787 [pool-481-thread-1] INFO  server.RaftServerConfigKeys (ConfUtils.java:logGet(46)) - raft.server.threadpool.server.cached = true (default)
2023-04-11 17:18:42,787 [pool-481-thread-1] INFO  server.RaftServerConfigKeys (ConfUtils.java:logGet(46)) - raft.server.threadpool.server.size = 0 (default)
2023-04-11 17:18:42,787 [pool-481-thread-1] INFO  server.RaftServerConfigKeys (ConfUtils.java:logGet(46)) - raft.server.threadpool.client.cached = true (default)
2023-04-11 17:18:42,787 [pool-481-thread-1] INFO  server.RaftServerConfigKeys (ConfUtils.java:logGet(46)) - raft.server.threadpool.client.size = 0 (default)
2023-04-11 17:18:43,257 [Listener at 0.0.0.0/33165] INFO  reflections.Reflections (Reflections.java:scan(232)) - Reflections took 472 ms to scan 19 urls, producing 68 keys and 5031 values [using 2 cores]
2023-04-11 17:18:43,259 [Listener at 0.0.0.0/33165] INFO  ipc.CallQueueManager (CallQueueManager.java:<init>(90)) - Using callQueue: class java.util.concurrent.LinkedBlockingQueue, queueCapacity: 2000, scheduler: class org.apache.hadoop.ipc.DefaultRpcScheduler, ipcBackoff: false.
2023-04-11 17:18:43,259 [Socket Reader #1 for port 0] INFO  ipc.Server (Server.java:run(1319)) - Starting Socket Reader #1 for port 0
2023-04-11 17:18:43,281 [Listener at 127.0.0.1/45623] INFO  impl.MetricsSystemImpl (MetricsSystemImpl.java:init(158)) - OzoneManager metrics system started (again)
2023-04-11 17:18:43,292 [Listener at 127.0.0.1/45623] INFO  om.OzoneManager (OzoneManager.java:start(1563)) - OzoneManager RPC server is listening at localhost/127.0.0.1:45623
2023-04-11 17:18:43,293 [Listener at 127.0.0.1/45623] INFO  ratis.OzoneManagerRatisServer (OzoneManagerRatisServer.java:start(558)) - Starting OzoneManagerRatisServer om1 at port 9872
2023-04-11 17:18:43,293 [om1-impl-thread1] INFO  storage.RaftStorageDirectory (RaftStorageDirectoryImpl.java:analyzeStorage(137)) - The storage directory /home/runner/work/ozone/ozone/hadoop-ozone/integration-test/target/test-dir/MiniOzoneClusterImpl-7d6c2114-24de-471a-af28-9a4df9894e15/ozone-meta/ratis/bf265839-605b-3f16-9796-c5ba1605619e does not exist. Creating ...
2023-04-11 17:18:43,295 [om1-impl-thread1] INFO  storage.RaftStorageDirectory (RaftStorageDirectoryImpl.java:tryLock(231)) - Lock on /home/runner/work/ozone/ozone/hadoop-ozone/integration-test/target/test-dir/MiniOzoneClusterImpl-7d6c2114-24de-471a-af28-9a4df9894e15/ozone-meta/ratis/bf265839-605b-3f16-9796-c5ba1605619e/in_use.lock acquired by nodename 52175@fv-az377-102
2023-04-11 17:18:43,296 [om1-impl-thread1] INFO  storage.RaftStorage (RaftStorageImpl.java:format(96)) - Storage directory /home/runner/work/ozone/ozone/hadoop-ozone/integration-test/target/test-dir/MiniOzoneClusterImpl-7d6c2114-24de-471a-af28-9a4df9894e15/ozone-meta/ratis/bf265839-605b-3f16-9796-c5ba1605619e has been successfully formatted.
2023-04-11 17:18:43,296 [om1-impl-thread1] INFO  server.RaftServerConfigKeys (ConfUtils.java:logGet(46)) - raft.server.log.use.memory = false (default)
2023-04-11 17:18:43,296 [om1-impl-thread1] INFO  server.RaftServerConfigKeys (ConfUtils.java:logGet(46)) - raft.server.log.purge.gap = 1000000 (custom)
2023-04-11 17:18:43,296 [om1-impl-thread1] INFO  server.RaftServerConfigKeys (ConfUtils.java:logGet(46)) - raft.server.log.appender.buffer.byte-limit = 33554432 (custom)
2023-04-11 17:18:43,297 [om1-impl-thread1] INFO  server.RaftServerConfigKeys (ConfUtils.java:logGet(46)) - raft.server.log.statemachine.data.read.timeout = 1000ms (default)
2023-04-11 17:18:43,297 [om1-impl-thread1] INFO  server.RaftServerConfigKeys (ConfUtils.java:logGet(46)) - raft.server.log.purge.preservation.log.num = 0 (default)
2023-04-11 17:18:43,297 [om1-impl-thread1] INFO  server.RaftServerConfigKeys (ConfUtils.java:logGet(46)) - raft.server.log.segment.size.max = 4194304 (custom)
2023-04-11 17:18:43,297 [om1-impl-thread1] INFO  server.RaftServerConfigKeys (ConfUtils.java:logGet(46)) - raft.server.log.segment.cache.num.max = 2 (custom)
2023-04-11 17:18:43,297 [om1-impl-thread1] INFO  server.RaftServerConfigKeys (ConfUtils.java:logGet(46)) - raft.server.log.segment.cache.size.max = 200MB (=209715200) (default)
2023-04-11 17:18:43,297 [om1-impl-thread1] INFO  segmented.SegmentedRaftLogWorker (SegmentedRaftLogWorker.java:<init>(189)) - new om1@group-C5BA1605619E-SegmentedRaftLogWorker for RaftStorageImpl:Storage Directory /home/runner/work/ozone/ozone/hadoop-ozone/integration-test/target/test-dir/MiniOzoneClusterImpl-7d6c2114-24de-471a-af28-9a4df9894e15/ozone-meta/ratis/bf265839-605b-3f16-9796-c5ba1605619e
2023-04-11 17:18:43,297 [om1-impl-thread1] INFO  server.RaftServerConfigKeys (ConfUtils.java:logGet(46)) - raft.server.log.queue.byte-limit = 64MB (=67108864) (default)
2023-04-11 17:18:43,297 [om1-impl-thread1] INFO  server.RaftServerConfigKeys (ConfUtils.java:logGet(46)) - raft.server.log.queue.element-limit = 4096 (default)
2023-04-11 17:18:43,297 [om1-impl-thread1] INFO  server.RaftServerConfigKeys (ConfUtils.java:logGet(46)) - raft.server.log.segment.size.max = 4194304 (custom)
2023-04-11 17:18:43,297 [om1-impl-thread1] INFO  server.RaftServerConfigKeys (ConfUtils.java:logGet(46)) - raft.server.log.preallocated.size = 4194304 (custom)
2023-04-11 17:18:43,297 [om1-impl-thread1] INFO  server.RaftServerConfigKeys (ConfUtils.java:logGet(46)) - raft.server.log.force.sync.num = 128 (default)
2023-04-11 17:18:43,297 [om1-impl-thread1] INFO  server.RaftServerConfigKeys (ConfUtils.java:logGet(46)) - raft.server.log.statemachine.data.sync = true (default)
2023-04-11 17:18:43,297 [om1-impl-thread1] INFO  server.RaftServerConfigKeys (ConfUtils.java:logGet(46)) - raft.server.log.statemachine.data.sync.timeout = 10s (default)
2023-04-11 17:18:43,297 [om1-impl-thread1] INFO  server.RaftServerConfigKeys (ConfUtils.java:logGet(46)) - raft.server.log.statemachine.data.sync.timeout.retry = -1 (default)
2023-04-11 17:18:43,298 [om1-impl-thread1] INFO  server.RaftServerConfigKeys (ConfUtils.java:logGet(46)) - raft.server.log.write.buffer.size = 64KB (=65536) (default)
2023-04-11 17:18:43,298 [om1-impl-thread1] INFO  server.RaftServerConfigKeys (ConfUtils.java:logGet(46)) - raft.server.log.appender.buffer.byte-limit = 33554432 (custom)
2023-04-11 17:18:43,303 [om1-impl-thread1] INFO  server.RaftServerConfigKeys (ConfUtils.java:logGet(46)) - raft.server.log.unsafe-flush.enabled = false (default)
2023-04-11 17:18:43,303 [om1-impl-thread1] INFO  server.RaftServerConfigKeys (ConfUtils.java:logGet(46)) - raft.server.log.async-flush.enabled = false (default)
2023-04-11 17:18:43,303 [om1-impl-thread1] INFO  server.RaftServerConfigKeys (ConfUtils.java:logGet(46)) - raft.server.log.statemachine.data.caching.enabled = false (default)
2023-04-11 17:18:43,303 [om1-impl-thread1] INFO  segmented.SegmentedRaftLogWorker (SegmentedRaftLogWorker.java:lambda$new$0(135)) - om1@group-C5BA1605619E-SegmentedRaftLogWorker: flushIndex: setUnconditionally 0 -> -1
2023-04-11 17:18:43,303 [om1-impl-thread1] INFO  segmented.SegmentedRaftLogWorker (SegmentedRaftLogWorker.java:lambda$new$0(135)) - om1@group-C5BA1605619E-SegmentedRaftLogWorker: safeCacheEvictIndex: setUnconditionally 0 -> -1
2023-04-11 17:18:43,304 [om1-impl-thread1] INFO  server.RaftServer$Division (RaftServerImpl.java:start(334)) - om1@group-C5BA1605619E: start as a follower, conf=-1: peers:[om1|rpc:localhost:9872|priority:0|startupRole:FOLLOWER]|listeners:[], old=null
2023-04-11 17:18:43,304 [om1-impl-thread1] INFO  server.RaftServer$Division (RaftServerImpl.java:setRole(321)) - om1@group-C5BA1605619E: changes role from      null to FOLLOWER at term 0 for startAsFollower
2023-04-11 17:18:43,304 [om1-impl-thread1] INFO  impl.RoleInfo (RoleInfo.java:updateAndGet(139)) - om1: start om1@group-C5BA1605619E-FollowerState
2023-04-11 17:18:43,304 [om1-impl-thread1] INFO  util.JmxRegister (JmxRegister.java:tryRegister(44)) - Successfully registered JMX Bean with object name Ratis:service=RaftServer,group=group-C5BA1605619E,id=om1
2023-04-11 17:18:43,304 [om1-impl-thread1] INFO  server.RaftServerConfigKeys (ConfUtils.java:logGet(46)) - raft.server.snapshot.auto.trigger.enabled = true (custom)
2023-04-11 17:18:43,304 [om1-impl-thread1] INFO  server.RaftServerConfigKeys (ConfUtils.java:logGet(46)) - raft.server.snapshot.auto.trigger.threshold = 400000 (default)
2023-04-11 17:18:43,304 [om1-impl-thread1] INFO  server.RaftServerConfigKeys (ConfUtils.java:logGet(46)) - raft.server.snapshot.retention.file.num = -1 (default)
2023-04-11 17:18:43,304 [om1-impl-thread1] INFO  server.RaftServerConfigKeys (ConfUtils.java:logGet(46)) - raft.server.log.purge.upto.snapshot.index = true (custom)
2023-04-11 17:18:43,305 [om1@group-C5BA1605619E-FollowerState] INFO  server.RaftServerConfigKeys (ConfUtils.java:logFallback(53)) - raft.server.rpc.first-election.timeout.min = 1s (fallback to raft.server.rpc.timeout.min)
2023-04-11 17:18:43,305 [om1@group-C5BA1605619E-FollowerState] INFO  server.RaftServerConfigKeys (ConfUtils.java:logFallback(53)) - raft.server.rpc.first-election.timeout.max = 1200ms (fallback to raft.server.rpc.timeout.max)
2023-04-11 17:18:43,306 [Listener at 127.0.0.1/45623] INFO  server.RaftServer (RaftServerProxy.java:startImpl(393)) - om1: start RPC server
2023-04-11 17:18:43,312 [Listener at 127.0.0.1/45623] INFO  server.GrpcService (GrpcService.java:startImpl(262)) - om1: GrpcService started, listening on 9872
2023-04-11 17:18:43,314 [Listener at 127.0.0.1/45623] INFO  om.OzoneManager (OzoneManager.java:start(1579)) - Version File has different layout version (3) than OM DB (null). That is expected if this OM has never been finalized to a newer layout version.
2023-04-11 17:18:43,315 [JvmPauseMonitor11] INFO  util.JvmPauseMonitor (JvmPauseMonitor.java:run(105)) - JvmPauseMonitor-om1: Started
2023-04-11 17:18:43,317 [Listener at 127.0.0.1/45623] INFO  http.BaseHttpServer (BaseHttpServer.java:newHttpServer2BuilderForOzone(224)) - Starting Web-server for ozoneManager at: http://0.0.0.0:0
2023-04-11 17:18:43,317 [Listener at 127.0.0.1/45623] INFO  http.BaseHttpServer (BaseHttpServer.java:<init>(111)) - Hadoop Security Enabled: false Ozone Security Enabled: false Ozone HTTP Security Enabled: false 
2023-04-11 17:18:43,318 [Listener at 127.0.0.1/45623] WARN  server.AuthenticationFilter (AuthenticationFilter.java:constructSecretProvider(240)) - Unable to initialize FileSignerSecretProvider, falling back to use random secrets. Reason: Could not read signature secret file: /home/runner/hadoop-http-auth-signature-secret
2023-04-11 17:18:43,319 [Listener at 127.0.0.1/45623] WARN  http.HttpRequestLog (HttpRequestLog.java:getRequestLog(103)) - Jetty request log can only be enabled using Log4j
2023-04-11 17:18:43,320 [Listener at 127.0.0.1/45623] INFO  http.HttpServer2 (HttpServer2.java:addGlobalFilter(1031)) - Added global filter 'safety' (class=org.apache.hadoop.hdds.server.http.HttpServer2$QuotingInputFilter)
2023-04-11 17:18:43,323 [Listener at 127.0.0.1/45623] INFO  http.HttpServer2 (HttpServer2.java:addFilter(1007)) - Added filter static_user_filter (class=org.apache.hadoop.http.lib.StaticUserWebFilter$StaticUserFilter) to context ozoneManager
2023-04-11 17:18:43,323 [Listener at 127.0.0.1/45623] INFO  http.HttpServer2 (HttpServer2.java:addFilter(1015)) - Added filter static_user_filter (class=org.apache.hadoop.http.lib.StaticUserWebFilter$StaticUserFilter) to context static
2023-04-11 17:18:43,324 [Listener at 127.0.0.1/45623] INFO  http.HttpServer2 (HttpServer2.java:addFilter(1015)) - Added filter static_user_filter (class=org.apache.hadoop.http.lib.StaticUserWebFilter$StaticUserFilter) to context logs
2023-04-11 17:18:43,327 [Listener at 127.0.0.1/45623] INFO  http.BaseHttpServer (BaseHttpServer.java:<init>(190)) - HTTP server of ozoneManager uses base directory /home/runner/work/ozone/ozone/hadoop-ozone/integration-test/target/test-dir/MiniOzoneClusterImpl-7d6c2114-24de-471a-af28-9a4df9894e15/ozone-meta/webserver
2023-04-11 17:18:43,328 [Listener at 127.0.0.1/45623] INFO  http.HttpServer2 (HttpServer2.java:bindListener(1250)) - Jetty bound to port 44275
2023-04-11 17:18:43,328 [Listener at 127.0.0.1/45623] INFO  server.Server (Server.java:doStart(375)) - jetty-9.4.49.v20220914; built: 2022-09-14T01:07:36.601Z; git: 4231a3b2e4cb8548a412a789936d640a97b1aa0a; jvm 1.8.0_362-b09
2023-04-11 17:18:43,331 [Listener at 127.0.0.1/45623] INFO  server.session (DefaultSessionIdManager.java:doStart(334)) - DefaultSessionIdManager workerName=node0
2023-04-11 17:18:43,331 [Listener at 127.0.0.1/45623] INFO  server.session (DefaultSessionIdManager.java:doStart(339)) - No SessionScavenger set, using defaults
2023-04-11 17:18:43,332 [Listener at 127.0.0.1/45623] INFO  server.session (HouseKeeper.java:startScavenging(132)) - node0 Scavenging every 600000ms
2023-04-11 17:18:43,333 [Listener at 127.0.0.1/45623] INFO  handler.ContextHandler (ContextHandler.java:doStart(921)) - Started o.e.j.s.ServletContextHandler@78951b5d{logs,/logs,file:///home/runner/work/ozone/ozone/hadoop-ozone/integration-test/target/log,AVAILABLE}
2023-04-11 17:18:43,333 [Listener at 127.0.0.1/45623] INFO  handler.ContextHandler (ContextHandler.java:doStart(921)) - Started o.e.j.s.ServletContextHandler@5e68efbb{static,/static,file:///home/runner/work/ozone/ozone/hadoop-ozone/integration-test/target/test-classes/webapps/static,AVAILABLE}
2023-04-11 17:18:43,338 [Listener at 127.0.0.1/45623] INFO  handler.ContextHandler (ContextHandler.java:doStart(921)) - Started o.e.j.w.WebAppContext@76ffd31f{ozoneManager,/,file:///home/runner/work/ozone/ozone/hadoop-ozone/integration-test/target/test-classes/webapps/ozoneManager/,AVAILABLE}{file:/home/runner/work/ozone/ozone/hadoop-ozone/integration-test/target/test-classes/webapps/ozoneManager}
2023-04-11 17:18:43,344 [Listener at 127.0.0.1/45623] INFO  server.AbstractConnector (AbstractConnector.java:doStart(333)) - Started ServerConnector@4a41f4bd{HTTP/1.1, (http/1.1)}{0.0.0.0:44275}
2023-04-11 17:18:43,344 [Listener at 127.0.0.1/45623] INFO  server.Server (Server.java:doStart(415)) - Started @139389ms
2023-04-11 17:18:43,344 [Listener at 127.0.0.1/45623] WARN  impl.MetricsSystemImpl (MetricsSystemImpl.java:register(279)) - Sink prometheus already exists!
2023-04-11 17:18:43,346 [Listener at 127.0.0.1/45623] INFO  http.BaseHttpServer (BaseHttpServer.java:updateConnectorAddress(344)) - HTTP server of ozoneManager listening at http://0.0.0.0:44275
2023-04-11 17:18:43,346 [IPC Server Responder] INFO  ipc.Server (Server.java:run(1558)) - IPC Server Responder: starting
2023-04-11 17:18:43,346 [IPC Server listener on 0] INFO  ipc.Server (Server.java:run(1398)) - IPC Server listener on 0: starting
2023-04-11 17:18:43,348 [Listener at 127.0.0.1/45623] INFO  om.TrashPolicyOzone (TrashPolicyOzone.java:<init>(277)) - Ozone Manager trash configuration: Deletion interval = 0 minutes, Emptier interval = 0 minutes.
2023-04-11 17:18:43,358 [org.apache.hadoop.util.JvmPauseMonitor$Monitor@423287bb] INFO  util.JvmPauseMonitor (JvmPauseMonitor.java:run(188)) - Starting JVM pause monitor
2023-04-11 17:18:43,360 [Listener at 127.0.0.1/45623] WARN  impl.MetricRegistriesImpl (MetricRegistriesImpl.java:addReporterRegistration(111)) - New reporters are added after registries were created. Some metrics will be missing from the reporter. Please add reporter before adding any new registry.
2023-04-11 17:18:43,360 [Listener at 127.0.0.1/45623] WARN  impl.MetricRegistriesImpl (MetricRegistriesImpl.java:addReporterRegistration(111)) - New reporters are added after registries were created. Some metrics will be missing from the reporter. Please add reporter before adding any new registry.
2023-04-11 17:18:43,360 [Listener at 127.0.0.1/45623] INFO  impl.MetricsSystemImpl (MetricsSystemImpl.java:init(158)) - HddsDatanode metrics system started (again)
2023-04-11 17:18:43,373 [Listener at 127.0.0.1/45623] INFO  ozone.HddsDatanodeService (HddsDatanodeService.java:start(252)) - HddsDatanodeService host:fv-az377-102.ap30g4v5sw5evmjtdmxdg2w53f.dx.internal.cloudapp.net ip:10.1.0.70
2023-04-11 17:18:43,407 [Listener at 127.0.0.1/45623] INFO  upgrade.AbstractLayoutVersionManager (AbstractLayoutVersionManager.java:init(83)) - Initializing Layout version manager with metadata layout = WEBUI_PORTS_IN_DATANODEDETAILS (version = 6), software layout = WEBUI_PORTS_IN_DATANODEDETAILS (version = 6)
2023-04-11 17:18:43,462 [Listener at 127.0.0.1/45623] INFO  reflections.Reflections (Reflections.java:scan(232)) - Reflections took 53 ms to scan 7 urls, producing 156 keys and 369 values 
2023-04-11 17:18:43,467 [Listener at 127.0.0.1/45623] INFO  statemachine.DatanodeStateMachine (DatanodeStateMachine.java:getEndPointTaskThreadPoolSize(260)) - Datanode State Machine Task Thread Pool size 2
2023-04-11 17:18:43,472 [Listener at 127.0.0.1/45623] INFO  volume.HddsVolume (HddsVolume.java:<init>(130)) - Creating HddsVolume: /home/runner/work/ozone/ozone/hadoop-ozone/integration-test/target/test-dir/MiniOzoneClusterImpl-7d6c2114-24de-471a-af28-9a4df9894e15/datanode-0/data-0/containers/hdds of storage type : DISK capacity : 9223372036854775807
2023-04-11 17:18:43,472 [Listener at 127.0.0.1/45623] INFO  volume.MutableVolumeSet (MutableVolumeSet.java:initializeVolumeSet(175)) - Added Volume : /home/runner/work/ozone/ozone/hadoop-ozone/integration-test/target/test-dir/MiniOzoneClusterImpl-7d6c2114-24de-471a-af28-9a4df9894e15/datanode-0/data-0/containers/hdds to VolumeSet
2023-04-11 17:18:43,473 [Listener at 127.0.0.1/45623] INFO  volume.ThrottledAsyncChecker (ThrottledAsyncChecker.java:schedule(141)) - Scheduling a check for /home/runner/work/ozone/ozone/hadoop-ozone/integration-test/target/test-dir/MiniOzoneClusterImpl-7d6c2114-24de-471a-af28-9a4df9894e15/datanode-0/data-0/containers/hdds
2023-04-11 17:18:43,473 [Listener at 127.0.0.1/45623] INFO  volume.StorageVolumeChecker (StorageVolumeChecker.java:checkAllVolumes(202)) - Scheduled health check for volume /home/runner/work/ozone/ozone/hadoop-ozone/integration-test/target/test-dir/MiniOzoneClusterImpl-7d6c2114-24de-471a-af28-9a4df9894e15/datanode-0/data-0/containers/hdds
2023-04-11 17:18:43,486 [Listener at 127.0.0.1/45623] INFO  volume.MutableVolumeSet (MutableVolumeSet.java:initializeVolumeSet(175)) - Added Volume : /home/runner/work/ozone/ozone/hadoop-ozone/integration-test/target/test-dir/MiniOzoneClusterImpl-7d6c2114-24de-471a-af28-9a4df9894e15/datanode-0/data/ratis to VolumeSet
2023-04-11 17:18:43,486 [Listener at 127.0.0.1/45623] INFO  volume.ThrottledAsyncChecker (ThrottledAsyncChecker.java:schedule(141)) - Scheduling a check for /home/runner/work/ozone/ozone/hadoop-ozone/integration-test/target/test-dir/MiniOzoneClusterImpl-7d6c2114-24de-471a-af28-9a4df9894e15/datanode-0/data/ratis
2023-04-11 17:18:43,487 [Listener at 127.0.0.1/45623] INFO  volume.StorageVolumeChecker (StorageVolumeChecker.java:checkAllVolumes(202)) - Scheduled health check for volume /home/runner/work/ozone/ozone/hadoop-ozone/integration-test/target/test-dir/MiniOzoneClusterImpl-7d6c2114-24de-471a-af28-9a4df9894e15/datanode-0/data/ratis
2023-04-11 17:18:43,499 [Thread-982] INFO  ozoneimpl.ContainerReader (ContainerReader.java:readVolume(175)) - Finish verifying containers on volume /home/runner/work/ozone/ozone/hadoop-ozone/integration-test/target/test-dir/MiniOzoneClusterImpl-7d6c2114-24de-471a-af28-9a4df9894e15/datanode-0/data-0/containers/hdds
2023-04-11 17:18:43,499 [Listener at 127.0.0.1/45623] INFO  ozoneimpl.OzoneContainer (OzoneContainer.java:buildContainerSet(303)) - Build ContainerSet costs 0s
2023-04-11 17:18:43,501 [Listener at 127.0.0.1/45623] INFO  server.RaftServer (ConfUtils.java:logGet(46)) - raft.rpc.type = GRPC (default)
2023-04-11 17:18:43,502 [Listener at 127.0.0.1/45623] INFO  grpc.GrpcConfigKeys (ConfUtils.java:logFallback(53)) - raft.grpc.admin.host = null (fallback to raft.grpc.server.host)
2023-04-11 17:18:43,502 [Listener at 127.0.0.1/45623] INFO  grpc.GrpcConfigKeys (ConfUtils.java:logGet(46)) - raft.grpc.admin.port = 0 (custom)
2023-04-11 17:18:43,502 [Listener at 127.0.0.1/45623] INFO  grpc.GrpcConfigKeys (ConfUtils.java:logFallback(53)) - raft.grpc.client.host = null (fallback to raft.grpc.server.host)
2023-04-11 17:18:43,502 [Listener at 127.0.0.1/45623] INFO  grpc.GrpcConfigKeys (ConfUtils.java:logGet(46)) - raft.grpc.client.port = 0 (custom)
2023-04-11 17:18:43,502 [Listener at 127.0.0.1/45623] INFO  grpc.GrpcConfigKeys (ConfUtils.java:logGet(46)) - raft.grpc.server.host = null (default)
2023-04-11 17:18:43,502 [Listener at 127.0.0.1/45623] INFO  grpc.GrpcConfigKeys (ConfUtils.java:logGet(46)) - raft.grpc.server.port = 0 (default)
2023-04-11 17:18:43,502 [Listener at 127.0.0.1/45623] INFO  server.GrpcService (ConfUtils.java:logGet(46)) - raft.grpc.message.size.max = 32MB (=33554432) (custom)
2023-04-11 17:18:43,502 [Listener at 127.0.0.1/45623] INFO  server.RaftServerConfigKeys (ConfUtils.java:logGet(46)) - raft.server.log.appender.buffer.byte-limit = 33554432 (custom)
2023-04-11 17:18:43,502 [Listener at 127.0.0.1/45623] INFO  server.GrpcService (ConfUtils.java:logGet(46)) - raft.grpc.flow.control.window = 5MB (=5242880) (custom)
2023-04-11 17:18:43,503 [Listener at 127.0.0.1/45623] INFO  server.RaftServerConfigKeys (ConfUtils.java:logGet(46)) - raft.server.rpc.request.timeout = 60s (custom)
2023-04-11 17:18:43,503 [Listener at 127.0.0.1/45623] INFO  grpc.GrpcConfigKeys (ConfUtils.java:logGet(46)) - raft.grpc.server.heartbeat.channel = true (default)
2023-04-11 17:18:43,503 [Listener at 127.0.0.1/45623] INFO  grpc.GrpcConfigKeys (ConfUtils.java:logGet(46)) - raft.grpc.server.async.request.thread.pool.cached = true (default)
2023-04-11 17:18:43,503 [Listener at 127.0.0.1/45623] INFO  grpc.GrpcConfigKeys (ConfUtils.java:logGet(46)) - raft.grpc.server.async.request.thread.pool.size = 32 (default)
2023-04-11 17:18:43,504 [Listener at 127.0.0.1/45623] INFO  impl.DataStreamServerImpl (ConfUtils.java:logGet(46)) - raft.datastream.type = NETTY (custom)
2023-04-11 17:18:43,506 [Listener at 127.0.0.1/45623] INFO  server.RaftServerConfigKeys (ConfUtils.java:logGet(46)) - raft.server.data-stream.async.request.thread.pool.cached = false (default)
2023-04-11 17:18:43,506 [Listener at 127.0.0.1/45623] INFO  server.RaftServerConfigKeys (ConfUtils.java:logGet(46)) - raft.server.data-stream.async.request.thread.pool.size = 20 (custom)
2023-04-11 17:18:43,506 [Listener at 127.0.0.1/45623] INFO  server.RaftServerConfigKeys (ConfUtils.java:logGet(46)) - raft.server.data-stream.async.write.thread.pool.size = 16 (default)
2023-04-11 17:18:43,506 [Listener at 127.0.0.1/45623] INFO  server.RaftServerConfigKeys (ConfUtils.java:logGet(46)) - raft.server.data-stream.client.pool.size = 10 (default)
2023-04-11 17:18:43,506 [Listener at 127.0.0.1/45623] INFO  netty.NettyConfigKeys$DataStream (ConfUtils.java:logGet(46)) - raft.netty.dataStream.server.use-epoll = false (default)
2023-04-11 17:18:43,506 [Listener at 127.0.0.1/45623] INFO  netty.NettyConfigKeys$DataStream (ConfUtils.java:logGet(46)) - raft.netty.dataStream.server.boss-group.size = 0 (default)
2023-04-11 17:18:43,507 [Listener at 127.0.0.1/45623] INFO  netty.NettyConfigKeys$DataStream (ConfUtils.java:logGet(46)) - raft.netty.dataStream.server.worker-group.size = 0 (default)
2023-04-11 17:18:43,508 [Listener at 127.0.0.1/45623] INFO  netty.NettyConfigKeys$DataStream (ConfUtils.java:logGet(46)) - raft.netty.dataStream.server.tls.conf = null (default)
2023-04-11 17:18:43,508 [Listener at 127.0.0.1/45623] INFO  netty.NettyConfigKeys$DataStream (ConfUtils.java:logGet(46)) - raft.netty.dataStream.host = null (default)
2023-04-11 17:18:43,508 [Listener at 127.0.0.1/45623] INFO  netty.NettyConfigKeys$DataStream (ConfUtils.java:logGet(46)) - raft.netty.dataStream.port = 0 (default)
2023-04-11 17:18:43,509 [Listener at 127.0.0.1/45623] INFO  server.RaftServerConfigKeys (ConfUtils.java:logGet(46)) - raft.server.threadpool.proxy.cached = true (default)
2023-04-11 17:18:43,509 [Listener at 127.0.0.1/45623] INFO  server.RaftServerConfigKeys (ConfUtils.java:logGet(46)) - raft.server.threadpool.proxy.size = 0 (default)
2023-04-11 17:18:43,509 [Listener at 127.0.0.1/45623] INFO  server.RaftServerConfigKeys (ConfUtils.java:logGet(46)) - raft.server.rpc.slowness.timeout = 300s (custom)
2023-04-11 17:18:43,509 [Listener at 127.0.0.1/45623] INFO  server.RaftServerConfigKeys (ConfUtils.java:logGet(46)) - raft.server.leaderelection.leader.step-down.wait-time = 10s (default)
2023-04-11 17:18:43,509 [Listener at 127.0.0.1/45623] INFO  server.RaftServerConfigKeys (ConfUtils.java:logGet(46)) - raft.server.storage.dir = [/home/runner/work/ozone/ozone/hadoop-ozone/integration-test/target/test-dir/MiniOzoneClusterImpl-7d6c2114-24de-471a-af28-9a4df9894e15/datanode-0/data/ratis] (custom)
2023-04-11 17:18:43,510 [a8e18eb8-676b-4d89-b1ed-2f6ae890a6f9-NettyServerStreamRpc-bossGroup--thread1] INFO  logging.LoggingHandler (AbstractInternalLogger.java:log(148)) - [id: 0xa63a91ef] REGISTERED
2023-04-11 17:18:43,510 [a8e18eb8-676b-4d89-b1ed-2f6ae890a6f9-NettyServerStreamRpc-bossGroup--thread1] INFO  logging.LoggingHandler (AbstractInternalLogger.java:log(148)) - [id: 0xa63a91ef] BIND: 0.0.0.0/0.0.0.0:0
2023-04-11 17:18:43,510 [a8e18eb8-676b-4d89-b1ed-2f6ae890a6f9-NettyServerStreamRpc-bossGroup--thread1] INFO  logging.LoggingHandler (AbstractInternalLogger.java:log(148)) - [id: 0xa63a91ef, L:/0:0:0:0:0:0:0:0:37603] ACTIVE
2023-04-11 17:18:43,511 [Listener at 127.0.0.1/45623] INFO  server.XceiverServerGrpc (XceiverServerGrpc.java:<init>(132)) - GrpcServer channel type EpollServerSocketChannel
2023-04-11 17:18:43,515 [Listener at 127.0.0.1/45623] INFO  http.BaseHttpServer (BaseHttpServer.java:newHttpServer2BuilderForOzone(224)) - Starting Web-server for hddsDatanode at: http://0.0.0.0:0
2023-04-11 17:18:43,515 [Listener at 127.0.0.1/45623] INFO  http.BaseHttpServer (BaseHttpServer.java:<init>(111)) - Hadoop Security Enabled: false Ozone Security Enabled: false Ozone HTTP Security Enabled: false 
2023-04-11 17:18:43,516 [Listener at 127.0.0.1/45623] WARN  server.AuthenticationFilter (AuthenticationFilter.java:constructSecretProvider(240)) - Unable to initialize FileSignerSecretProvider, falling back to use random secrets. Reason: Could not read signature secret file: /home/runner/hadoop-http-auth-signature-secret
2023-04-11 17:18:43,517 [Listener at 127.0.0.1/45623] WARN  http.HttpRequestLog (HttpRequestLog.java:getRequestLog(103)) - Jetty request log can only be enabled using Log4j
2023-04-11 17:18:43,518 [Listener at 127.0.0.1/45623] INFO  http.HttpServer2 (HttpServer2.java:addGlobalFilter(1031)) - Added global filter 'safety' (class=org.apache.hadoop.hdds.server.http.HttpServer2$QuotingInputFilter)
2023-04-11 17:18:43,519 [Listener at 127.0.0.1/45623] INFO  http.HttpServer2 (HttpServer2.java:addFilter(1007)) - Added filter static_user_filter (class=org.apache.hadoop.http.lib.StaticUserWebFilter$StaticUserFilter) to context hddsDatanode
2023-04-11 17:18:43,519 [Listener at 127.0.0.1/45623] INFO  http.HttpServer2 (HttpServer2.java:addFilter(1015)) - Added filter static_user_filter (class=org.apache.hadoop.http.lib.StaticUserWebFilter$StaticUserFilter) to context static
2023-04-11 17:18:43,519 [Listener at 127.0.0.1/45623] INFO  http.HttpServer2 (HttpServer2.java:addFilter(1015)) - Added filter static_user_filter (class=org.apache.hadoop.http.lib.StaticUserWebFilter$StaticUserFilter) to context logs
2023-04-11 17:18:43,519 [Listener at 127.0.0.1/45623] INFO  http.BaseHttpServer (BaseHttpServer.java:<init>(190)) - HTTP server of hddsDatanode uses base directory /home/runner/work/ozone/ozone/hadoop-ozone/integration-test/target/test-dir/MiniOzoneClusterImpl-7d6c2114-24de-471a-af28-9a4df9894e15/datanode-0/meta/webserver
2023-04-11 17:18:43,520 [Listener at 127.0.0.1/45623] INFO  http.HttpServer2 (HttpServer2.java:bindListener(1250)) - Jetty bound to port 38227
2023-04-11 17:18:43,520 [Listener at 127.0.0.1/45623] INFO  server.Server (Server.java:doStart(375)) - jetty-9.4.49.v20220914; built: 2022-09-14T01:07:36.601Z; git: 4231a3b2e4cb8548a412a789936d640a97b1aa0a; jvm 1.8.0_362-b09
2023-04-11 17:18:43,523 [Listener at 127.0.0.1/45623] INFO  server.session (DefaultSessionIdManager.java:doStart(334)) - DefaultSessionIdManager workerName=node0
2023-04-11 17:18:43,523 [Listener at 127.0.0.1/45623] INFO  server.session (DefaultSessionIdManager.java:doStart(339)) - No SessionScavenger set, using defaults
2023-04-11 17:18:43,523 [Listener at 127.0.0.1/45623] INFO  server.session (HouseKeeper.java:startScavenging(132)) - node0 Scavenging every 600000ms
2023-04-11 17:18:43,524 [Listener at 127.0.0.1/45623] INFO  handler.ContextHandler (ContextHandler.java:doStart(921)) - Started o.e.j.s.ServletContextHandler@dce0228{logs,/logs,file:///home/runner/work/ozone/ozone/hadoop-ozone/integration-test/target/log,AVAILABLE}
2023-04-11 17:18:43,525 [Listener at 127.0.0.1/45623] INFO  handler.ContextHandler (ContextHandler.java:doStart(921)) - Started o.e.j.s.ServletContextHandler@21bffcac{static,/static,jar:file:/home/runner/.m2/repository/org/apache/ozone/hdds-container-service/1.4.0-SNAPSHOT/hdds-container-service-1.4.0-SNAPSHOT.jar!/webapps/static,AVAILABLE}
2023-04-11 17:18:43,755 [Listener at 127.0.0.1/45623] INFO  handler.ContextHandler (ContextHandler.java:doStart(921)) - Started o.e.j.w.WebAppContext@11a823b3{hddsDatanode,/,file:///home/runner/work/ozone/ozone/hadoop-ozone/integration-test/target/test-dir/MiniOzoneClusterImpl-7d6c2114-24de-471a-af28-9a4df9894e15/datanode-0/meta/webserver/jetty-0_0_0_0-38227-hdds-container-service-1_4_0-SNAPSHOT_jar-_-any-3737546685696939215/webapp/,AVAILABLE}{jar:file:/home/runner/.m2/repository/org/apache/ozone/hdds-container-service/1.4.0-SNAPSHOT/hdds-container-service-1.4.0-SNAPSHOT.jar!/webapps/hddsDatanode}
2023-04-11 17:18:43,757 [Listener at 127.0.0.1/45623] INFO  server.AbstractConnector (AbstractConnector.java:doStart(333)) - Started ServerConnector@4a346598{HTTP/1.1, (http/1.1)}{0.0.0.0:38227}
2023-04-11 17:18:43,757 [Listener at 127.0.0.1/45623] INFO  server.Server (Server.java:doStart(415)) - Started @139802ms
2023-04-11 17:18:43,757 [Listener at 127.0.0.1/45623] WARN  impl.MetricsSystemImpl (MetricsSystemImpl.java:register(279)) - Sink prometheus already exists!
2023-04-11 17:18:43,758 [Listener at 127.0.0.1/45623] INFO  http.BaseHttpServer (BaseHttpServer.java:updateConnectorAddress(344)) - HTTP server of hddsDatanode listening at http://0.0.0.0:38227
2023-04-11 17:18:43,759 [Listener at 127.0.0.1/45623] WARN  impl.MetricRegistriesImpl (MetricRegistriesImpl.java:addReporterRegistration(111)) - New reporters are added after registries were created. Some metrics will be missing from the reporter. Please add reporter before adding any new registry.
2023-04-11 17:18:43,759 [Listener at 127.0.0.1/45623] WARN  impl.MetricRegistriesImpl (MetricRegistriesImpl.java:addReporterRegistration(111)) - New reporters are added after registries were created. Some metrics will be missing from the reporter. Please add reporter before adding any new registry.
2023-04-11 17:18:43,759 [Listener at 127.0.0.1/45623] INFO  impl.MetricsSystemImpl (MetricsSystemImpl.java:init(158)) - HddsDatanode metrics system started (again)
2023-04-11 17:18:43,762 [Datanode State Machine Daemon Thread] INFO  statemachine.DatanodeStateMachine (DatanodeStateMachine.java:lambda$startDaemon$0(517)) - Ozone container server started.
2023-04-11 17:18:43,774 [Listener at 127.0.0.1/45623] INFO  ozone.HddsDatanodeService (HddsDatanodeService.java:start(252)) - HddsDatanodeService host:fv-az377-102.ap30g4v5sw5evmjtdmxdg2w53f.dx.internal.cloudapp.net ip:10.1.0.70
2023-04-11 17:18:43,775 [org.apache.hadoop.util.JvmPauseMonitor$Monitor@65b6f348] INFO  util.JvmPauseMonitor (JvmPauseMonitor.java:run(188)) - Starting JVM pause monitor
2023-04-11 17:18:43,779 [Datanode State Machine Task Thread - 0] INFO  datanode.InitDatanodeState (InitDatanodeState.java:persistContainerDatanodeDetails(138)) - DatanodeDetails is persisted to /home/runner/work/ozone/ozone/hadoop-ozone/integration-test/target/test-dir/MiniOzoneClusterImpl-7d6c2114-24de-471a-af28-9a4df9894e15/datanode-0/meta/datanode.id
2023-04-11 17:18:43,800 [Listener at 127.0.0.1/45623] INFO  upgrade.AbstractLayoutVersionManager (AbstractLayoutVersionManager.java:init(83)) - Initializing Layout version manager with metadata layout = WEBUI_PORTS_IN_DATANODEDETAILS (version = 6), software layout = WEBUI_PORTS_IN_DATANODEDETAILS (version = 6)
2023-04-11 17:18:43,852 [Listener at 127.0.0.1/45623] INFO  reflections.Reflections (Reflections.java:scan(232)) - Reflections took 51 ms to scan 7 urls, producing 156 keys and 369 values 
2023-04-11 17:18:43,854 [Listener at 127.0.0.1/45623] INFO  statemachine.DatanodeStateMachine (DatanodeStateMachine.java:getEndPointTaskThreadPoolSize(260)) - Datanode State Machine Task Thread Pool size 2
2023-04-11 17:18:43,857 [Listener at 127.0.0.1/45623] INFO  volume.HddsVolume (HddsVolume.java:<init>(130)) - Creating HddsVolume: /home/runner/work/ozone/ozone/hadoop-ozone/integration-test/target/test-dir/MiniOzoneClusterImpl-7d6c2114-24de-471a-af28-9a4df9894e15/datanode-1/data-0/containers/hdds of storage type : DISK capacity : 9223372036854775807
2023-04-11 17:18:43,857 [Listener at 127.0.0.1/45623] INFO  volume.MutableVolumeSet (MutableVolumeSet.java:initializeVolumeSet(175)) - Added Volume : /home/runner/work/ozone/ozone/hadoop-ozone/integration-test/target/test-dir/MiniOzoneClusterImpl-7d6c2114-24de-471a-af28-9a4df9894e15/datanode-1/data-0/containers/hdds to VolumeSet
2023-04-11 17:18:43,857 [Listener at 127.0.0.1/45623] INFO  volume.ThrottledAsyncChecker (ThrottledAsyncChecker.java:schedule(141)) - Scheduling a check for /home/runner/work/ozone/ozone/hadoop-ozone/integration-test/target/test-dir/MiniOzoneClusterImpl-7d6c2114-24de-471a-af28-9a4df9894e15/datanode-1/data-0/containers/hdds
2023-04-11 17:18:43,862 [Listener at 127.0.0.1/45623] INFO  volume.StorageVolumeChecker (StorageVolumeChecker.java:checkAllVolumes(202)) - Scheduled health check for volume /home/runner/work/ozone/ozone/hadoop-ozone/integration-test/target/test-dir/MiniOzoneClusterImpl-7d6c2114-24de-471a-af28-9a4df9894e15/datanode-1/data-0/containers/hdds
2023-04-11 17:18:43,875 [Listener at 127.0.0.1/45623] INFO  volume.MutableVolumeSet (MutableVolumeSet.java:initializeVolumeSet(175)) - Added Volume : /home/runner/work/ozone/ozone/hadoop-ozone/integration-test/target/test-dir/MiniOzoneClusterImpl-7d6c2114-24de-471a-af28-9a4df9894e15/datanode-1/data/ratis to VolumeSet
2023-04-11 17:18:43,875 [Listener at 127.0.0.1/45623] INFO  volume.ThrottledAsyncChecker (ThrottledAsyncChecker.java:schedule(141)) - Scheduling a check for /home/runner/work/ozone/ozone/hadoop-ozone/integration-test/target/test-dir/MiniOzoneClusterImpl-7d6c2114-24de-471a-af28-9a4df9894e15/datanode-1/data/ratis
2023-04-11 17:18:43,875 [Listener at 127.0.0.1/45623] INFO  volume.StorageVolumeChecker (StorageVolumeChecker.java:checkAllVolumes(202)) - Scheduled health check for volume /home/runner/work/ozone/ozone/hadoop-ozone/integration-test/target/test-dir/MiniOzoneClusterImpl-7d6c2114-24de-471a-af28-9a4df9894e15/datanode-1/data/ratis
2023-04-11 17:18:43,887 [Thread-996] INFO  ozoneimpl.ContainerReader (ContainerReader.java:readVolume(175)) - Finish verifying containers on volume /home/runner/work/ozone/ozone/hadoop-ozone/integration-test/target/test-dir/MiniOzoneClusterImpl-7d6c2114-24de-471a-af28-9a4df9894e15/datanode-1/data-0/containers/hdds
2023-04-11 17:18:43,887 [Listener at 127.0.0.1/45623] INFO  ozoneimpl.OzoneContainer (OzoneContainer.java:buildContainerSet(303)) - Build ContainerSet costs 0s
2023-04-11 17:18:43,889 [Listener at 127.0.0.1/45623] INFO  server.RaftServer (ConfUtils.java:logGet(46)) - raft.rpc.type = GRPC (default)
2023-04-11 17:18:43,889 [Listener at 127.0.0.1/45623] INFO  grpc.GrpcConfigKeys (ConfUtils.java:logFallback(53)) - raft.grpc.admin.host = null (fallback to raft.grpc.server.host)
2023-04-11 17:18:43,889 [Listener at 127.0.0.1/45623] INFO  grpc.GrpcConfigKeys (ConfUtils.java:logGet(46)) - raft.grpc.admin.port = 0 (custom)
2023-04-11 17:18:43,889 [Listener at 127.0.0.1/45623] INFO  grpc.GrpcConfigKeys (ConfUtils.java:logFallback(53)) - raft.grpc.client.host = null (fallback to raft.grpc.server.host)
2023-04-11 17:18:43,889 [Listener at 127.0.0.1/45623] INFO  grpc.GrpcConfigKeys (ConfUtils.java:logGet(46)) - raft.grpc.client.port = 0 (custom)
2023-04-11 17:18:43,889 [Listener at 127.0.0.1/45623] INFO  grpc.GrpcConfigKeys (ConfUtils.java:logGet(46)) - raft.grpc.server.host = null (default)
2023-04-11 17:18:43,889 [Listener at 127.0.0.1/45623] INFO  grpc.GrpcConfigKeys (ConfUtils.java:logGet(46)) - raft.grpc.server.port = 0 (default)
2023-04-11 17:18:43,890 [Listener at 127.0.0.1/45623] INFO  server.GrpcService (ConfUtils.java:logGet(46)) - raft.grpc.message.size.max = 32MB (=33554432) (custom)
2023-04-11 17:18:43,890 [Listener at 127.0.0.1/45623] INFO  server.RaftServerConfigKeys (ConfUtils.java:logGet(46)) - raft.server.log.appender.buffer.byte-limit = 33554432 (custom)
2023-04-11 17:18:43,890 [Listener at 127.0.0.1/45623] INFO  server.GrpcService (ConfUtils.java:logGet(46)) - raft.grpc.flow.control.window = 5MB (=5242880) (custom)
2023-04-11 17:18:43,890 [Listener at 127.0.0.1/45623] INFO  server.RaftServerConfigKeys (ConfUtils.java:logGet(46)) - raft.server.rpc.request.timeout = 60s (custom)
2023-04-11 17:18:43,890 [Listener at 127.0.0.1/45623] INFO  grpc.GrpcConfigKeys (ConfUtils.java:logGet(46)) - raft.grpc.server.heartbeat.channel = true (default)
2023-04-11 17:18:43,890 [Listener at 127.0.0.1/45623] INFO  grpc.GrpcConfigKeys (ConfUtils.java:logGet(46)) - raft.grpc.server.async.request.thread.pool.cached = true (default)
2023-04-11 17:18:43,890 [Listener at 127.0.0.1/45623] INFO  grpc.GrpcConfigKeys (ConfUtils.java:logGet(46)) - raft.grpc.server.async.request.thread.pool.size = 32 (default)
2023-04-11 17:18:43,891 [Listener at 127.0.0.1/45623] INFO  impl.DataStreamServerImpl (ConfUtils.java:logGet(46)) - raft.datastream.type = NETTY (custom)
2023-04-11 17:18:43,891 [Listener at 127.0.0.1/45623] INFO  server.RaftServerConfigKeys (ConfUtils.java:logGet(46)) - raft.server.data-stream.async.request.thread.pool.cached = false (default)
2023-04-11 17:18:43,892 [Listener at 127.0.0.1/45623] INFO  server.RaftServerConfigKeys (ConfUtils.java:logGet(46)) - raft.server.data-stream.async.request.thread.pool.size = 20 (custom)
2023-04-11 17:18:43,892 [Listener at 127.0.0.1/45623] INFO  server.RaftServerConfigKeys (ConfUtils.java:logGet(46)) - raft.server.data-stream.async.write.thread.pool.size = 16 (default)
2023-04-11 17:18:43,892 [Listener at 127.0.0.1/45623] INFO  server.RaftServerConfigKeys (ConfUtils.java:logGet(46)) - raft.server.data-stream.client.pool.size = 10 (default)
2023-04-11 17:18:43,892 [Listener at 127.0.0.1/45623] INFO  netty.NettyConfigKeys$DataStream (ConfUtils.java:logGet(46)) - raft.netty.dataStream.server.use-epoll = false (default)
2023-04-11 17:18:43,892 [Listener at 127.0.0.1/45623] INFO  netty.NettyConfigKeys$DataStream (ConfUtils.java:logGet(46)) - raft.netty.dataStream.server.boss-group.size = 0 (default)
2023-04-11 17:18:43,893 [Listener at 127.0.0.1/45623] INFO  netty.NettyConfigKeys$DataStream (ConfUtils.java:logGet(46)) - raft.netty.dataStream.server.worker-group.size = 0 (default)
2023-04-11 17:18:43,893 [Listener at 127.0.0.1/45623] INFO  netty.NettyConfigKeys$DataStream (ConfUtils.java:logGet(46)) - raft.netty.dataStream.server.tls.conf = null (default)
2023-04-11 17:18:43,893 [Listener at 127.0.0.1/45623] INFO  netty.NettyConfigKeys$DataStream (ConfUtils.java:logGet(46)) - raft.netty.dataStream.host = null (default)
2023-04-11 17:18:43,893 [Listener at 127.0.0.1/45623] INFO  netty.NettyConfigKeys$DataStream (ConfUtils.java:logGet(46)) - raft.netty.dataStream.port = 0 (default)
2023-04-11 17:18:43,894 [Listener at 127.0.0.1/45623] INFO  server.RaftServerConfigKeys (ConfUtils.java:logGet(46)) - raft.server.threadpool.proxy.cached = true (default)
2023-04-11 17:18:43,894 [Listener at 127.0.0.1/45623] INFO  server.RaftServerConfigKeys (ConfUtils.java:logGet(46)) - raft.server.threadpool.proxy.size = 0 (default)
2023-04-11 17:18:43,894 [Listener at 127.0.0.1/45623] INFO  server.RaftServerConfigKeys (ConfUtils.java:logGet(46)) - raft.server.rpc.slowness.timeout = 300s (custom)
2023-04-11 17:18:43,894 [Listener at 127.0.0.1/45623] INFO  server.RaftServerConfigKeys (ConfUtils.java:logGet(46)) - raft.server.leaderelection.leader.step-down.wait-time = 10s (default)
2023-04-11 17:18:43,894 [Listener at 127.0.0.1/45623] INFO  server.RaftServerConfigKeys (ConfUtils.java:logGet(46)) - raft.server.storage.dir = [/home/runner/work/ozone/ozone/hadoop-ozone/integration-test/target/test-dir/MiniOzoneClusterImpl-7d6c2114-24de-471a-af28-9a4df9894e15/datanode-1/data/ratis] (custom)
2023-04-11 17:18:43,895 [e6d924a0-7c53-4274-9275-f319576c3e7e-NettyServerStreamRpc-bossGroup--thread1] INFO  logging.LoggingHandler (AbstractInternalLogger.java:log(148)) - [id: 0x292b5598] REGISTERED
2023-04-11 17:18:43,895 [e6d924a0-7c53-4274-9275-f319576c3e7e-NettyServerStreamRpc-bossGroup--thread1] INFO  logging.LoggingHandler (AbstractInternalLogger.java:log(148)) - [id: 0x292b5598] BIND: 0.0.0.0/0.0.0.0:0
2023-04-11 17:18:43,895 [e6d924a0-7c53-4274-9275-f319576c3e7e-NettyServerStreamRpc-bossGroup--thread1] INFO  logging.LoggingHandler (AbstractInternalLogger.java:log(148)) - [id: 0x292b5598, L:/0:0:0:0:0:0:0:0:33769] ACTIVE
2023-04-11 17:18:43,896 [Listener at 127.0.0.1/45623] INFO  server.XceiverServerGrpc (XceiverServerGrpc.java:<init>(132)) - GrpcServer channel type EpollServerSocketChannel
2023-04-11 17:18:43,900 [Listener at 127.0.0.1/45623] INFO  http.BaseHttpServer (BaseHttpServer.java:newHttpServer2BuilderForOzone(224)) - Starting Web-server for hddsDatanode at: http://0.0.0.0:0
2023-04-11 17:18:43,900 [Listener at 127.0.0.1/45623] INFO  http.BaseHttpServer (BaseHttpServer.java:<init>(111)) - Hadoop Security Enabled: false Ozone Security Enabled: false Ozone HTTP Security Enabled: false 
2023-04-11 17:18:43,902 [Listener at 127.0.0.1/45623] WARN  server.AuthenticationFilter (AuthenticationFilter.java:constructSecretProvider(240)) - Unable to initialize FileSignerSecretProvider, falling back to use random secrets. Reason: Could not read signature secret file: /home/runner/hadoop-http-auth-signature-secret
2023-04-11 17:18:43,904 [Listener at 127.0.0.1/45623] WARN  http.HttpRequestLog (HttpRequestLog.java:getRequestLog(103)) - Jetty request log can only be enabled using Log4j
2023-04-11 17:18:43,906 [Listener at 127.0.0.1/45623] INFO  http.HttpServer2 (HttpServer2.java:addGlobalFilter(1031)) - Added global filter 'safety' (class=org.apache.hadoop.hdds.server.http.HttpServer2$QuotingInputFilter)
2023-04-11 17:18:43,906 [Listener at 127.0.0.1/45623] INFO  http.HttpServer2 (HttpServer2.java:addFilter(1007)) - Added filter static_user_filter (class=org.apache.hadoop.http.lib.StaticUserWebFilter$StaticUserFilter) to context hddsDatanode
2023-04-11 17:18:43,906 [Listener at 127.0.0.1/45623] INFO  http.HttpServer2 (HttpServer2.java:addFilter(1015)) - Added filter static_user_filter (class=org.apache.hadoop.http.lib.StaticUserWebFilter$StaticUserFilter) to context logs
2023-04-11 17:18:43,907 [Listener at 127.0.0.1/45623] INFO  http.HttpServer2 (HttpServer2.java:addFilter(1015)) - Added filter static_user_filter (class=org.apache.hadoop.http.lib.StaticUserWebFilter$StaticUserFilter) to context static
2023-04-11 17:18:43,907 [Listener at 127.0.0.1/45623] INFO  http.BaseHttpServer (BaseHttpServer.java:<init>(190)) - HTTP server of hddsDatanode uses base directory /home/runner/work/ozone/ozone/hadoop-ozone/integration-test/target/test-dir/MiniOzoneClusterImpl-7d6c2114-24de-471a-af28-9a4df9894e15/datanode-1/meta/webserver
2023-04-11 17:18:43,907 [Listener at 127.0.0.1/45623] INFO  http.HttpServer2 (HttpServer2.java:bindListener(1250)) - Jetty bound to port 45597
2023-04-11 17:18:43,907 [Listener at 127.0.0.1/45623] INFO  server.Server (Server.java:doStart(375)) - jetty-9.4.49.v20220914; built: 2022-09-14T01:07:36.601Z; git: 4231a3b2e4cb8548a412a789936d640a97b1aa0a; jvm 1.8.0_362-b09
2023-04-11 17:18:43,910 [Listener at 127.0.0.1/45623] INFO  server.session (DefaultSessionIdManager.java:doStart(334)) - DefaultSessionIdManager workerName=node0
2023-04-11 17:18:43,910 [Listener at 127.0.0.1/45623] INFO  server.session (DefaultSessionIdManager.java:doStart(339)) - No SessionScavenger set, using defaults
2023-04-11 17:18:43,910 [Listener at 127.0.0.1/45623] INFO  server.session (HouseKeeper.java:startScavenging(132)) - node0 Scavenging every 660000ms
2023-04-11 17:18:43,910 [Listener at 127.0.0.1/45623] INFO  handler.ContextHandler (ContextHandler.java:doStart(921)) - Started o.e.j.s.ServletContextHandler@76601281{logs,/logs,file:///home/runner/work/ozone/ozone/hadoop-ozone/integration-test/target/log,AVAILABLE}
2023-04-11 17:18:43,911 [Listener at 127.0.0.1/45623] INFO  handler.ContextHandler (ContextHandler.java:doStart(921)) - Started o.e.j.s.ServletContextHandler@3245ecb6{static,/static,jar:file:/home/runner/.m2/repository/org/apache/ozone/hdds-container-service/1.4.0-SNAPSHOT/hdds-container-service-1.4.0-SNAPSHOT.jar!/webapps/static,AVAILABLE}
2023-04-11 17:18:44,129 [Listener at 127.0.0.1/45623] INFO  handler.ContextHandler (ContextHandler.java:doStart(921)) - Started o.e.j.w.WebAppContext@6066afa8{hddsDatanode,/,file:///home/runner/work/ozone/ozone/hadoop-ozone/integration-test/target/test-dir/MiniOzoneClusterImpl-7d6c2114-24de-471a-af28-9a4df9894e15/datanode-1/meta/webserver/jetty-0_0_0_0-45597-hdds-container-service-1_4_0-SNAPSHOT_jar-_-any-6878220436326357077/webapp/,AVAILABLE}{jar:file:/home/runner/.m2/repository/org/apache/ozone/hdds-container-service/1.4.0-SNAPSHOT/hdds-container-service-1.4.0-SNAPSHOT.jar!/webapps/hddsDatanode}
2023-04-11 17:18:44,131 [Listener at 127.0.0.1/45623] INFO  server.AbstractConnector (AbstractConnector.java:doStart(333)) - Started ServerConnector@1b743055{HTTP/1.1, (http/1.1)}{0.0.0.0:45597}
2023-04-11 17:18:44,131 [Listener at 127.0.0.1/45623] INFO  server.Server (Server.java:doStart(415)) - Started @140177ms
2023-04-11 17:18:44,131 [Listener at 127.0.0.1/45623] WARN  impl.MetricsSystemImpl (MetricsSystemImpl.java:register(279)) - Sink prometheus already exists!
2023-04-11 17:18:44,132 [Listener at 127.0.0.1/45623] INFO  http.BaseHttpServer (BaseHttpServer.java:updateConnectorAddress(344)) - HTTP server of hddsDatanode listening at http://0.0.0.0:45597
2023-04-11 17:18:44,133 [Datanode State Machine Daemon Thread] INFO  statemachine.DatanodeStateMachine (DatanodeStateMachine.java:lambda$startDaemon$0(517)) - Ozone container server started.
2023-04-11 17:18:44,133 [Listener at 127.0.0.1/45623] WARN  impl.MetricRegistriesImpl (MetricRegistriesImpl.java:addReporterRegistration(111)) - New reporters are added after registries were created. Some metrics will be missing from the reporter. Please add reporter before adding any new registry.
2023-04-11 17:18:44,135 [Listener at 127.0.0.1/45623] WARN  impl.MetricRegistriesImpl (MetricRegistriesImpl.java:addReporterRegistration(111)) - New reporters are added after registries were created. Some metrics will be missing from the reporter. Please add reporter before adding any new registry.
2023-04-11 17:18:44,135 [Listener at 127.0.0.1/45623] INFO  impl.MetricsSystemImpl (MetricsSystemImpl.java:init(158)) - HddsDatanode metrics system started (again)
2023-04-11 17:18:44,140 [org.apache.hadoop.util.JvmPauseMonitor$Monitor@27bbb80] INFO  util.JvmPauseMonitor (JvmPauseMonitor.java:run(188)) - Starting JVM pause monitor
2023-04-11 17:18:44,150 [Datanode State Machine Task Thread - 0] INFO  datanode.InitDatanodeState (InitDatanodeState.java:persistContainerDatanodeDetails(138)) - DatanodeDetails is persisted to /home/runner/work/ozone/ozone/hadoop-ozone/integration-test/target/test-dir/MiniOzoneClusterImpl-7d6c2114-24de-471a-af28-9a4df9894e15/datanode-1/meta/datanode.id
2023-04-11 17:18:44,154 [Listener at 127.0.0.1/45623] INFO  ozone.HddsDatanodeService (HddsDatanodeService.java:start(252)) - HddsDatanodeService host:fv-az377-102.ap30g4v5sw5evmjtdmxdg2w53f.dx.internal.cloudapp.net ip:10.1.0.70
2023-04-11 17:18:44,177 [Listener at 127.0.0.1/45623] INFO  upgrade.AbstractLayoutVersionManager (AbstractLayoutVersionManager.java:init(83)) - Initializing Layout version manager with metadata layout = WEBUI_PORTS_IN_DATANODEDETAILS (version = 6), software layout = WEBUI_PORTS_IN_DATANODEDETAILS (version = 6)
2023-04-11 17:18:44,230 [Listener at 127.0.0.1/45623] INFO  reflections.Reflections (Reflections.java:scan(232)) - Reflections took 51 ms to scan 7 urls, producing 156 keys and 369 values 
2023-04-11 17:18:44,232 [Listener at 127.0.0.1/45623] INFO  statemachine.DatanodeStateMachine (DatanodeStateMachine.java:getEndPointTaskThreadPoolSize(260)) - Datanode State Machine Task Thread Pool size 2
2023-04-11 17:18:44,242 [Listener at 127.0.0.1/45623] INFO  volume.HddsVolume (HddsVolume.java:<init>(130)) - Creating HddsVolume: /home/runner/work/ozone/ozone/hadoop-ozone/integration-test/target/test-dir/MiniOzoneClusterImpl-7d6c2114-24de-471a-af28-9a4df9894e15/datanode-2/data-0/containers/hdds of storage type : DISK capacity : 9223372036854775807
2023-04-11 17:18:44,242 [Listener at 127.0.0.1/45623] INFO  volume.MutableVolumeSet (MutableVolumeSet.java:initializeVolumeSet(175)) - Added Volume : /home/runner/work/ozone/ozone/hadoop-ozone/integration-test/target/test-dir/MiniOzoneClusterImpl-7d6c2114-24de-471a-af28-9a4df9894e15/datanode-2/data-0/containers/hdds to VolumeSet
2023-04-11 17:18:44,242 [Listener at 127.0.0.1/45623] INFO  volume.ThrottledAsyncChecker (ThrottledAsyncChecker.java:schedule(141)) - Scheduling a check for /home/runner/work/ozone/ozone/hadoop-ozone/integration-test/target/test-dir/MiniOzoneClusterImpl-7d6c2114-24de-471a-af28-9a4df9894e15/datanode-2/data-0/containers/hdds
2023-04-11 17:18:44,252 [Listener at 127.0.0.1/45623] INFO  volume.StorageVolumeChecker (StorageVolumeChecker.java:checkAllVolumes(202)) - Scheduled health check for volume /home/runner/work/ozone/ozone/hadoop-ozone/integration-test/target/test-dir/MiniOzoneClusterImpl-7d6c2114-24de-471a-af28-9a4df9894e15/datanode-2/data-0/containers/hdds
2023-04-11 17:18:44,268 [Listener at 127.0.0.1/45623] INFO  volume.MutableVolumeSet (MutableVolumeSet.java:initializeVolumeSet(175)) - Added Volume : /home/runner/work/ozone/ozone/hadoop-ozone/integration-test/target/test-dir/MiniOzoneClusterImpl-7d6c2114-24de-471a-af28-9a4df9894e15/datanode-2/data/ratis to VolumeSet
2023-04-11 17:18:44,270 [Listener at 127.0.0.1/45623] INFO  volume.ThrottledAsyncChecker (ThrottledAsyncChecker.java:schedule(141)) - Scheduling a check for /home/runner/work/ozone/ozone/hadoop-ozone/integration-test/target/test-dir/MiniOzoneClusterImpl-7d6c2114-24de-471a-af28-9a4df9894e15/datanode-2/data/ratis
2023-04-11 17:18:44,271 [Listener at 127.0.0.1/45623] INFO  volume.StorageVolumeChecker (StorageVolumeChecker.java:checkAllVolumes(202)) - Scheduled health check for volume /home/runner/work/ozone/ozone/hadoop-ozone/integration-test/target/test-dir/MiniOzoneClusterImpl-7d6c2114-24de-471a-af28-9a4df9894e15/datanode-2/data/ratis
2023-04-11 17:18:44,283 [Thread-1010] INFO  ozoneimpl.ContainerReader (ContainerReader.java:readVolume(175)) - Finish verifying containers on volume /home/runner/work/ozone/ozone/hadoop-ozone/integration-test/target/test-dir/MiniOzoneClusterImpl-7d6c2114-24de-471a-af28-9a4df9894e15/datanode-2/data-0/containers/hdds
2023-04-11 17:18:44,284 [Listener at 127.0.0.1/45623] INFO  ozoneimpl.OzoneContainer (OzoneContainer.java:buildContainerSet(303)) - Build ContainerSet costs 0s
2023-04-11 17:18:44,286 [Listener at 127.0.0.1/45623] INFO  server.RaftServer (ConfUtils.java:logGet(46)) - raft.rpc.type = GRPC (default)
2023-04-11 17:18:44,286 [Listener at 127.0.0.1/45623] INFO  grpc.GrpcConfigKeys (ConfUtils.java:logFallback(53)) - raft.grpc.admin.host = null (fallback to raft.grpc.server.host)
2023-04-11 17:18:44,287 [Listener at 127.0.0.1/45623] INFO  grpc.GrpcConfigKeys (ConfUtils.java:logGet(46)) - raft.grpc.admin.port = 0 (custom)
2023-04-11 17:18:44,287 [Listener at 127.0.0.1/45623] INFO  grpc.GrpcConfigKeys (ConfUtils.java:logFallback(53)) - raft.grpc.client.host = null (fallback to raft.grpc.server.host)
2023-04-11 17:18:44,287 [Listener at 127.0.0.1/45623] INFO  grpc.GrpcConfigKeys (ConfUtils.java:logGet(46)) - raft.grpc.client.port = 0 (custom)
2023-04-11 17:18:44,287 [Listener at 127.0.0.1/45623] INFO  grpc.GrpcConfigKeys (ConfUtils.java:logGet(46)) - raft.grpc.server.host = null (default)
2023-04-11 17:18:44,287 [Listener at 127.0.0.1/45623] INFO  grpc.GrpcConfigKeys (ConfUtils.java:logGet(46)) - raft.grpc.server.port = 0 (default)
2023-04-11 17:18:44,287 [Listener at 127.0.0.1/45623] INFO  server.GrpcService (ConfUtils.java:logGet(46)) - raft.grpc.message.size.max = 32MB (=33554432) (custom)
2023-04-11 17:18:44,287 [Listener at 127.0.0.1/45623] INFO  server.RaftServerConfigKeys (ConfUtils.java:logGet(46)) - raft.server.log.appender.buffer.byte-limit = 33554432 (custom)
2023-04-11 17:18:44,287 [Listener at 127.0.0.1/45623] INFO  server.GrpcService (ConfUtils.java:logGet(46)) - raft.grpc.flow.control.window = 5MB (=5242880) (custom)
2023-04-11 17:18:44,287 [Listener at 127.0.0.1/45623] INFO  server.RaftServerConfigKeys (ConfUtils.java:logGet(46)) - raft.server.rpc.request.timeout = 60s (custom)
2023-04-11 17:18:44,287 [Listener at 127.0.0.1/45623] INFO  grpc.GrpcConfigKeys (ConfUtils.java:logGet(46)) - raft.grpc.server.heartbeat.channel = true (default)
2023-04-11 17:18:44,288 [Listener at 127.0.0.1/45623] INFO  grpc.GrpcConfigKeys (ConfUtils.java:logGet(46)) - raft.grpc.server.async.request.thread.pool.cached = true (default)
2023-04-11 17:18:44,288 [Listener at 127.0.0.1/45623] INFO  grpc.GrpcConfigKeys (ConfUtils.java:logGet(46)) - raft.grpc.server.async.request.thread.pool.size = 32 (default)
2023-04-11 17:18:44,289 [Listener at 127.0.0.1/45623] INFO  impl.DataStreamServerImpl (ConfUtils.java:logGet(46)) - raft.datastream.type = NETTY (custom)
2023-04-11 17:18:44,289 [Listener at 127.0.0.1/45623] INFO  server.RaftServerConfigKeys (ConfUtils.java:logGet(46)) - raft.server.data-stream.async.request.thread.pool.cached = false (default)
2023-04-11 17:18:44,289 [Listener at 127.0.0.1/45623] INFO  server.RaftServerConfigKeys (ConfUtils.java:logGet(46)) - raft.server.data-stream.async.request.thread.pool.size = 20 (custom)
2023-04-11 17:18:44,289 [Listener at 127.0.0.1/45623] INFO  server.RaftServerConfigKeys (ConfUtils.java:logGet(46)) - raft.server.data-stream.async.write.thread.pool.size = 16 (default)
2023-04-11 17:18:44,289 [Listener at 127.0.0.1/45623] INFO  server.RaftServerConfigKeys (ConfUtils.java:logGet(46)) - raft.server.data-stream.client.pool.size = 10 (default)
2023-04-11 17:18:44,290 [Listener at 127.0.0.1/45623] INFO  netty.NettyConfigKeys$DataStream (ConfUtils.java:logGet(46)) - raft.netty.dataStream.server.use-epoll = false (default)
2023-04-11 17:18:44,290 [Listener at 127.0.0.1/45623] INFO  netty.NettyConfigKeys$DataStream (ConfUtils.java:logGet(46)) - raft.netty.dataStream.server.boss-group.size = 0 (default)
2023-04-11 17:18:44,290 [Listener at 127.0.0.1/45623] INFO  netty.NettyConfigKeys$DataStream (ConfUtils.java:logGet(46)) - raft.netty.dataStream.server.worker-group.size = 0 (default)
2023-04-11 17:18:44,291 [Listener at 127.0.0.1/45623] INFO  netty.NettyConfigKeys$DataStream (ConfUtils.java:logGet(46)) - raft.netty.dataStream.server.tls.conf = null (default)
2023-04-11 17:18:44,291 [Listener at 127.0.0.1/45623] INFO  netty.NettyConfigKeys$DataStream (ConfUtils.java:logGet(46)) - raft.netty.dataStream.host = null (default)
2023-04-11 17:18:44,292 [Listener at 127.0.0.1/45623] INFO  netty.NettyConfigKeys$DataStream (ConfUtils.java:logGet(46)) - raft.netty.dataStream.port = 0 (default)
2023-04-11 17:18:44,292 [Listener at 127.0.0.1/45623] INFO  server.RaftServerConfigKeys (ConfUtils.java:logGet(46)) - raft.server.threadpool.proxy.cached = true (default)
2023-04-11 17:18:44,293 [Listener at 127.0.0.1/45623] INFO  server.RaftServerConfigKeys (ConfUtils.java:logGet(46)) - raft.server.threadpool.proxy.size = 0 (default)
2023-04-11 17:18:44,293 [88c84cd2-72ca-4eec-b7eb-2fcd5700cf38-NettyServerStreamRpc-bossGroup--thread1] INFO  logging.LoggingHandler (AbstractInternalLogger.java:log(148)) - [id: 0xbfe486b7] REGISTERED
2023-04-11 17:18:44,293 [Listener at 127.0.0.1/45623] INFO  server.RaftServerConfigKeys (ConfUtils.java:logGet(46)) - raft.server.rpc.slowness.timeout = 300s (custom)
2023-04-11 17:18:44,293 [Listener at 127.0.0.1/45623] INFO  server.RaftServerConfigKeys (ConfUtils.java:logGet(46)) - raft.server.leaderelection.leader.step-down.wait-time = 10s (default)
2023-04-11 17:18:44,293 [Listener at 127.0.0.1/45623] INFO  server.RaftServerConfigKeys (ConfUtils.java:logGet(46)) - raft.server.storage.dir = [/home/runner/work/ozone/ozone/hadoop-ozone/integration-test/target/test-dir/MiniOzoneClusterImpl-7d6c2114-24de-471a-af28-9a4df9894e15/datanode-2/data/ratis] (custom)
2023-04-11 17:18:44,295 [Listener at 127.0.0.1/45623] INFO  server.XceiverServerGrpc (XceiverServerGrpc.java:<init>(132)) - GrpcServer channel type EpollServerSocketChannel
2023-04-11 17:18:44,298 [88c84cd2-72ca-4eec-b7eb-2fcd5700cf38-NettyServerStreamRpc-bossGroup--thread1] INFO  logging.LoggingHandler (AbstractInternalLogger.java:log(148)) - [id: 0xbfe486b7] BIND: 0.0.0.0/0.0.0.0:0
2023-04-11 17:18:44,298 [88c84cd2-72ca-4eec-b7eb-2fcd5700cf38-NettyServerStreamRpc-bossGroup--thread1] INFO  logging.LoggingHandler (AbstractInternalLogger.java:log(148)) - [id: 0xbfe486b7, L:/0:0:0:0:0:0:0:0:38609] ACTIVE
2023-04-11 17:18:44,299 [Listener at 127.0.0.1/45623] INFO  http.BaseHttpServer (BaseHttpServer.java:newHttpServer2BuilderForOzone(224)) - Starting Web-server for hddsDatanode at: http://0.0.0.0:0
2023-04-11 17:18:44,299 [Listener at 127.0.0.1/45623] INFO  http.BaseHttpServer (BaseHttpServer.java:<init>(111)) - Hadoop Security Enabled: false Ozone Security Enabled: false Ozone HTTP Security Enabled: false 
2023-04-11 17:18:44,300 [Listener at 127.0.0.1/45623] WARN  server.AuthenticationFilter (AuthenticationFilter.java:constructSecretProvider(240)) - Unable to initialize FileSignerSecretProvider, falling back to use random secrets. Reason: Could not read signature secret file: /home/runner/hadoop-http-auth-signature-secret
2023-04-11 17:18:44,301 [Listener at 127.0.0.1/45623] WARN  http.HttpRequestLog (HttpRequestLog.java:getRequestLog(103)) - Jetty request log can only be enabled using Log4j
2023-04-11 17:18:44,302 [Listener at 127.0.0.1/45623] INFO  http.HttpServer2 (HttpServer2.java:addGlobalFilter(1031)) - Added global filter 'safety' (class=org.apache.hadoop.hdds.server.http.HttpServer2$QuotingInputFilter)
2023-04-11 17:18:44,302 [Listener at 127.0.0.1/45623] INFO  http.HttpServer2 (HttpServer2.java:addFilter(1007)) - Added filter static_user_filter (class=org.apache.hadoop.http.lib.StaticUserWebFilter$StaticUserFilter) to context hddsDatanode
2023-04-11 17:18:44,303 [Listener at 127.0.0.1/45623] INFO  http.HttpServer2 (HttpServer2.java:addFilter(1015)) - Added filter static_user_filter (class=org.apache.hadoop.http.lib.StaticUserWebFilter$StaticUserFilter) to context static
2023-04-11 17:18:44,303 [Listener at 127.0.0.1/45623] INFO  http.HttpServer2 (HttpServer2.java:addFilter(1015)) - Added filter static_user_filter (class=org.apache.hadoop.http.lib.StaticUserWebFilter$StaticUserFilter) to context logs
2023-04-11 17:18:44,303 [Listener at 127.0.0.1/45623] INFO  http.BaseHttpServer (BaseHttpServer.java:<init>(190)) - HTTP server of hddsDatanode uses base directory /home/runner/work/ozone/ozone/hadoop-ozone/integration-test/target/test-dir/MiniOzoneClusterImpl-7d6c2114-24de-471a-af28-9a4df9894e15/datanode-2/meta/webserver
2023-04-11 17:18:44,303 [Listener at 127.0.0.1/45623] INFO  http.HttpServer2 (HttpServer2.java:bindListener(1250)) - Jetty bound to port 39643
2023-04-11 17:18:44,304 [Listener at 127.0.0.1/45623] INFO  server.Server (Server.java:doStart(375)) - jetty-9.4.49.v20220914; built: 2022-09-14T01:07:36.601Z; git: 4231a3b2e4cb8548a412a789936d640a97b1aa0a; jvm 1.8.0_362-b09
2023-04-11 17:18:44,305 [Listener at 127.0.0.1/45623] INFO  server.session (DefaultSessionIdManager.java:doStart(334)) - DefaultSessionIdManager workerName=node0
2023-04-11 17:18:44,305 [Listener at 127.0.0.1/45623] INFO  server.session (DefaultSessionIdManager.java:doStart(339)) - No SessionScavenger set, using defaults
2023-04-11 17:18:44,305 [Listener at 127.0.0.1/45623] INFO  server.session (HouseKeeper.java:startScavenging(132)) - node0 Scavenging every 600000ms
2023-04-11 17:18:44,306 [Listener at 127.0.0.1/45623] INFO  handler.ContextHandler (ContextHandler.java:doStart(921)) - Started o.e.j.s.ServletContextHandler@153000a{logs,/logs,file:///home/runner/work/ozone/ozone/hadoop-ozone/integration-test/target/log,AVAILABLE}
2023-04-11 17:18:44,306 [Listener at 127.0.0.1/45623] INFO  handler.ContextHandler (ContextHandler.java:doStart(921)) - Started o.e.j.s.ServletContextHandler@69f69592{static,/static,jar:file:/home/runner/.m2/repository/org/apache/ozone/hdds-container-service/1.4.0-SNAPSHOT/hdds-container-service-1.4.0-SNAPSHOT.jar!/webapps/static,AVAILABLE}
2023-04-11 17:18:44,400 [om1@group-C5BA1605619E-FollowerState] INFO  impl.FollowerState (FollowerState.java:run(143)) - om1@group-C5BA1605619E-FollowerState: change to CANDIDATE, lastRpcElapsedTime:1096270865ns, electionTimeout:1095ms
2023-04-11 17:18:44,400 [om1@group-C5BA1605619E-FollowerState] INFO  impl.RoleInfo (RoleInfo.java:shutdownFollowerState(110)) - om1: shutdown om1@group-C5BA1605619E-FollowerState
2023-04-11 17:18:44,400 [om1@group-C5BA1605619E-FollowerState] INFO  server.RaftServer$Division (RaftServerImpl.java:setRole(321)) - om1@group-C5BA1605619E: changes role from  FOLLOWER to CANDIDATE at term 0 for changeToCandidate
2023-04-11 17:18:44,400 [om1@group-C5BA1605619E-FollowerState] INFO  server.RaftServerConfigKeys (ConfUtils.java:logGet(46)) - raft.server.leaderelection.pre-vote = true (default)
2023-04-11 17:18:44,400 [om1@group-C5BA1605619E-FollowerState] INFO  impl.RoleInfo (RoleInfo.java:updateAndGet(139)) - om1: start om1@group-C5BA1605619E-LeaderElection20
2023-04-11 17:18:44,407 [om1@group-C5BA1605619E-LeaderElection20] INFO  impl.LeaderElection (LeaderElection.java:askForVotes(312)) - om1@group-C5BA1605619E-LeaderElection20 PRE_VOTE round 0: submit vote requests at term 0 for -1: peers:[om1|rpc:localhost:9872|priority:0|startupRole:FOLLOWER]|listeners:[], old=null
2023-04-11 17:18:44,407 [om1@group-C5BA1605619E-LeaderElection20] INFO  impl.LeaderElection (LeaderElection.java:askForVotes(314)) - om1@group-C5BA1605619E-LeaderElection20 PRE_VOTE round 0: result PASSED (term=0)
2023-04-11 17:18:44,410 [om1@group-C5BA1605619E-LeaderElection20] INFO  impl.LeaderElection (LeaderElection.java:askForVotes(312)) - om1@group-C5BA1605619E-LeaderElection20 ELECTION round 0: submit vote requests at term 1 for -1: peers:[om1|rpc:localhost:9872|priority:0|startupRole:FOLLOWER]|listeners:[], old=null
2023-04-11 17:18:44,410 [om1@group-C5BA1605619E-LeaderElection20] INFO  impl.LeaderElection (LeaderElection.java:askForVotes(314)) - om1@group-C5BA1605619E-LeaderElection20 ELECTION round 0: result PASSED (term=1)
2023-04-11 17:18:44,410 [om1@group-C5BA1605619E-LeaderElection20] INFO  impl.RoleInfo (RoleInfo.java:shutdownLeaderElection(130)) - om1: shutdown om1@group-C5BA1605619E-LeaderElection20
2023-04-11 17:18:44,410 [om1@group-C5BA1605619E-LeaderElection20] INFO  server.RaftServer$Division (RaftServerImpl.java:setRole(321)) - om1@group-C5BA1605619E: changes role from CANDIDATE to LEADER at term 1 for changeToLeader
2023-04-11 17:18:44,411 [om1@group-C5BA1605619E-LeaderElection20] INFO  server.RaftServer$Division (ServerState.java:setLeader(313)) - om1@group-C5BA1605619E: change Leader from null to om1 at term 1 for becomeLeader, leader elected after 1624ms
2023-04-11 17:18:44,411 [om1@group-C5BA1605619E-LeaderElection20] INFO  server.RaftServerConfigKeys (ConfUtils.java:logGet(46)) - raft.server.staging.catchup.gap = 1000 (default)
2023-04-11 17:18:44,411 [om1@group-C5BA1605619E-LeaderElection20] INFO  server.RaftServerConfigKeys (ConfUtils.java:logGet(46)) - raft.server.write.element-limit = 4096 (default)
2023-04-11 17:18:44,411 [om1@group-C5BA1605619E-LeaderElection20] INFO  server.RaftServerConfigKeys (ConfUtils.java:logGet(46)) - raft.server.write.byte-limit = 64MB (=67108864) (default)
2023-04-11 17:18:44,411 [om1@group-C5BA1605619E-LeaderElection20] INFO  server.RaftServerConfigKeys (ConfUtils.java:logGet(46)) - raft.server.watch.timeout = 10s (default)
2023-04-11 17:18:44,411 [om1@group-C5BA1605619E-LeaderElection20] INFO  server.RaftServerConfigKeys (ConfUtils.java:logGet(46)) - raft.server.watch.timeout.denomination = 1s (default)
2023-04-11 17:18:44,411 [om1@group-C5BA1605619E-LeaderElection20] INFO  server.RaftServerConfigKeys (ConfUtils.java:logGet(46)) - raft.server.watch.element-limit = 65536 (default)
2023-04-11 17:18:44,411 [om1@group-C5BA1605619E-LeaderElection20] INFO  server.RaftServerConfigKeys (ConfUtils.java:logGet(46)) - raft.server.write.element-limit = 4096 (default)
2023-04-11 17:18:44,411 [om1@group-C5BA1605619E-LeaderElection20] INFO  server.RaftServerConfigKeys (ConfUtils.java:logGet(46)) - raft.server.write.follower.gap.ratio.max = -1.0 (default)
2023-04-11 17:18:44,412 [om1@group-C5BA1605619E-LeaderElection20] INFO  impl.RoleInfo (RoleInfo.java:updateAndGet(139)) - om1: start om1@group-C5BA1605619E-LeaderStateImpl
2023-04-11 17:18:44,412 [om1@group-C5BA1605619E-LeaderElection20] INFO  segmented.SegmentedRaftLogWorker (SegmentedRaftLogWorker.java:startLogSegment(452)) - om1@group-C5BA1605619E-SegmentedRaftLogWorker: Starting segment from index:0
2023-04-11 17:18:44,421 [om1@group-C5BA1605619E-LeaderElection20] INFO  server.RaftServer$Division (ServerState.java:setRaftConf(430)) - om1@group-C5BA1605619E: set configuration 0: peers:[om1|rpc:localhost:9872|admin:|client:|dataStream:|priority:0|startupRole:FOLLOWER]|listeners:[], old=null
2023-04-11 17:18:44,425 [om1@group-C5BA1605619E-SegmentedRaftLogWorker] INFO  segmented.SegmentedRaftLogWorker (SegmentedRaftLogWorker.java:execute(656)) - om1@group-C5BA1605619E-SegmentedRaftLogWorker: created new log segment /home/runner/work/ozone/ozone/hadoop-ozone/integration-test/target/test-dir/MiniOzoneClusterImpl-7d6c2114-24de-471a-af28-9a4df9894e15/ozone-meta/ratis/bf265839-605b-3f16-9796-c5ba1605619e/current/log_inprogress_0
2023-04-11 17:18:44,427 [om1@group-C5BA1605619E-StateMachineUpdater] INFO  ratis.OzoneManagerStateMachine (OzoneManagerStateMachine.java:notifyConfigurationChanged(200)) - Received Configuration change notification from Ratis. New Peer list:
[id: "om1"
address: "localhost:9872"
startupRole: FOLLOWER
]
2023-04-11 17:18:44,547 [Listener at 127.0.0.1/45623] INFO  handler.ContextHandler (ContextHandler.java:doStart(921)) - Started o.e.j.w.WebAppContext@705910dc{hddsDatanode,/,file:///home/runner/work/ozone/ozone/hadoop-ozone/integration-test/target/test-dir/MiniOzoneClusterImpl-7d6c2114-24de-471a-af28-9a4df9894e15/datanode-2/meta/webserver/jetty-0_0_0_0-39643-hdds-container-service-1_4_0-SNAPSHOT_jar-_-any-2996582429327480135/webapp/,AVAILABLE}{jar:file:/home/runner/.m2/repository/org/apache/ozone/hdds-container-service/1.4.0-SNAPSHOT/hdds-container-service-1.4.0-SNAPSHOT.jar!/webapps/hddsDatanode}
2023-04-11 17:18:44,549 [Listener at 127.0.0.1/45623] INFO  server.AbstractConnector (AbstractConnector.java:doStart(333)) - Started ServerConnector@21b4fa63{HTTP/1.1, (http/1.1)}{0.0.0.0:39643}
2023-04-11 17:18:44,549 [Listener at 127.0.0.1/45623] INFO  server.Server (Server.java:doStart(415)) - Started @140594ms
2023-04-11 17:18:44,549 [Listener at 127.0.0.1/45623] WARN  impl.MetricsSystemImpl (MetricsSystemImpl.java:register(279)) - Sink prometheus already exists!
2023-04-11 17:18:44,550 [Listener at 127.0.0.1/45623] INFO  http.BaseHttpServer (BaseHttpServer.java:updateConnectorAddress(344)) - HTTP server of hddsDatanode listening at http://0.0.0.0:39643
2023-04-11 17:18:44,551 [Datanode State Machine Daemon Thread] INFO  statemachine.DatanodeStateMachine (DatanodeStateMachine.java:lambda$startDaemon$0(517)) - Ozone container server started.
2023-04-11 17:18:44,551 [Listener at 127.0.0.1/45623] WARN  impl.MetricRegistriesImpl (MetricRegistriesImpl.java:addReporterRegistration(111)) - New reporters are added after registries were created. Some metrics will be missing from the reporter. Please add reporter before adding any new registry.
2023-04-11 17:18:44,553 [Listener at 127.0.0.1/45623] WARN  impl.MetricRegistriesImpl (MetricRegistriesImpl.java:addReporterRegistration(111)) - New reporters are added after registries were created. Some metrics will be missing from the reporter. Please add reporter before adding any new registry.
2023-04-11 17:18:44,553 [Listener at 127.0.0.1/45623] INFO  impl.MetricsSystemImpl (MetricsSystemImpl.java:init(158)) - HddsDatanode metrics system started (again)
2023-04-11 17:18:44,565 [Listener at 127.0.0.1/45623] INFO  ozone.HddsDatanodeService (HddsDatanodeService.java:start(252)) - HddsDatanodeService host:fv-az377-102.ap30g4v5sw5evmjtdmxdg2w53f.dx.internal.cloudapp.net ip:10.1.0.70
2023-04-11 17:18:44,566 [org.apache.hadoop.util.JvmPauseMonitor$Monitor@11463b37] INFO  util.JvmPauseMonitor (JvmPauseMonitor.java:run(188)) - Starting JVM pause monitor
2023-04-11 17:18:44,577 [Datanode State Machine Task Thread - 0] INFO  datanode.InitDatanodeState (InitDatanodeState.java:persistContainerDatanodeDetails(138)) - DatanodeDetails is persisted to /home/runner/work/ozone/ozone/hadoop-ozone/integration-test/target/test-dir/MiniOzoneClusterImpl-7d6c2114-24de-471a-af28-9a4df9894e15/datanode-2/meta/datanode.id
2023-04-11 17:18:44,595 [Listener at 127.0.0.1/45623] INFO  upgrade.AbstractLayoutVersionManager (AbstractLayoutVersionManager.java:init(83)) - Initializing Layout version manager with metadata layout = WEBUI_PORTS_IN_DATANODEDETAILS (version = 6), software layout = WEBUI_PORTS_IN_DATANODEDETAILS (version = 6)
2023-04-11 17:18:44,651 [Listener at 127.0.0.1/45623] INFO  reflections.Reflections (Reflections.java:scan(232)) - Reflections took 55 ms to scan 7 urls, producing 156 keys and 369 values 
2023-04-11 17:18:44,652 [Listener at 127.0.0.1/45623] INFO  statemachine.DatanodeStateMachine (DatanodeStateMachine.java:getEndPointTaskThreadPoolSize(260)) - Datanode State Machine Task Thread Pool size 2
2023-04-11 17:18:44,654 [Listener at 127.0.0.1/45623] INFO  volume.HddsVolume (HddsVolume.java:<init>(130)) - Creating HddsVolume: /home/runner/work/ozone/ozone/hadoop-ozone/integration-test/target/test-dir/MiniOzoneClusterImpl-7d6c2114-24de-471a-af28-9a4df9894e15/datanode-3/data-0/containers/hdds of storage type : DISK capacity : 9223372036854775807
2023-04-11 17:18:44,654 [Listener at 127.0.0.1/45623] INFO  volume.MutableVolumeSet (MutableVolumeSet.java:initializeVolumeSet(175)) - Added Volume : /home/runner/work/ozone/ozone/hadoop-ozone/integration-test/target/test-dir/MiniOzoneClusterImpl-7d6c2114-24de-471a-af28-9a4df9894e15/datanode-3/data-0/containers/hdds to VolumeSet
2023-04-11 17:18:44,654 [Listener at 127.0.0.1/45623] INFO  volume.ThrottledAsyncChecker (ThrottledAsyncChecker.java:schedule(141)) - Scheduling a check for /home/runner/work/ozone/ozone/hadoop-ozone/integration-test/target/test-dir/MiniOzoneClusterImpl-7d6c2114-24de-471a-af28-9a4df9894e15/datanode-3/data-0/containers/hdds
2023-04-11 17:18:44,655 [Listener at 127.0.0.1/45623] INFO  volume.StorageVolumeChecker (StorageVolumeChecker.java:checkAllVolumes(202)) - Scheduled health check for volume /home/runner/work/ozone/ozone/hadoop-ozone/integration-test/target/test-dir/MiniOzoneClusterImpl-7d6c2114-24de-471a-af28-9a4df9894e15/datanode-3/data-0/containers/hdds
2023-04-11 17:18:44,669 [Listener at 127.0.0.1/45623] INFO  volume.MutableVolumeSet (MutableVolumeSet.java:initializeVolumeSet(175)) - Added Volume : /home/runner/work/ozone/ozone/hadoop-ozone/integration-test/target/test-dir/MiniOzoneClusterImpl-7d6c2114-24de-471a-af28-9a4df9894e15/datanode-3/data/ratis to VolumeSet
2023-04-11 17:18:44,669 [Listener at 127.0.0.1/45623] INFO  volume.ThrottledAsyncChecker (ThrottledAsyncChecker.java:schedule(141)) - Scheduling a check for /home/runner/work/ozone/ozone/hadoop-ozone/integration-test/target/test-dir/MiniOzoneClusterImpl-7d6c2114-24de-471a-af28-9a4df9894e15/datanode-3/data/ratis
2023-04-11 17:18:44,669 [Listener at 127.0.0.1/45623] INFO  volume.StorageVolumeChecker (StorageVolumeChecker.java:checkAllVolumes(202)) - Scheduled health check for volume /home/runner/work/ozone/ozone/hadoop-ozone/integration-test/target/test-dir/MiniOzoneClusterImpl-7d6c2114-24de-471a-af28-9a4df9894e15/datanode-3/data/ratis
2023-04-11 17:18:44,682 [Thread-1026] INFO  ozoneimpl.ContainerReader (ContainerReader.java:readVolume(175)) - Finish verifying containers on volume /home/runner/work/ozone/ozone/hadoop-ozone/integration-test/target/test-dir/MiniOzoneClusterImpl-7d6c2114-24de-471a-af28-9a4df9894e15/datanode-3/data-0/containers/hdds
2023-04-11 17:18:44,682 [Listener at 127.0.0.1/45623] INFO  ozoneimpl.OzoneContainer (OzoneContainer.java:buildContainerSet(303)) - Build ContainerSet costs 0s
2023-04-11 17:18:44,684 [Listener at 127.0.0.1/45623] INFO  server.RaftServer (ConfUtils.java:logGet(46)) - raft.rpc.type = GRPC (default)
2023-04-11 17:18:44,685 [Listener at 127.0.0.1/45623] INFO  grpc.GrpcConfigKeys (ConfUtils.java:logFallback(53)) - raft.grpc.admin.host = null (fallback to raft.grpc.server.host)
2023-04-11 17:18:44,685 [Listener at 127.0.0.1/45623] INFO  grpc.GrpcConfigKeys (ConfUtils.java:logGet(46)) - raft.grpc.admin.port = 0 (custom)
2023-04-11 17:18:44,685 [Listener at 127.0.0.1/45623] INFO  grpc.GrpcConfigKeys (ConfUtils.java:logFallback(53)) - raft.grpc.client.host = null (fallback to raft.grpc.server.host)
2023-04-11 17:18:44,685 [Listener at 127.0.0.1/45623] INFO  grpc.GrpcConfigKeys (ConfUtils.java:logGet(46)) - raft.grpc.client.port = 0 (custom)
2023-04-11 17:18:44,685 [Listener at 127.0.0.1/45623] INFO  grpc.GrpcConfigKeys (ConfUtils.java:logGet(46)) - raft.grpc.server.host = null (default)
2023-04-11 17:18:44,685 [Listener at 127.0.0.1/45623] INFO  grpc.GrpcConfigKeys (ConfUtils.java:logGet(46)) - raft.grpc.server.port = 0 (default)
2023-04-11 17:18:44,685 [Listener at 127.0.0.1/45623] INFO  server.GrpcService (ConfUtils.java:logGet(46)) - raft.grpc.message.size.max = 32MB (=33554432) (custom)
2023-04-11 17:18:44,686 [Listener at 127.0.0.1/45623] INFO  server.RaftServerConfigKeys (ConfUtils.java:logGet(46)) - raft.server.log.appender.buffer.byte-limit = 33554432 (custom)
2023-04-11 17:18:44,686 [Listener at 127.0.0.1/45623] INFO  server.GrpcService (ConfUtils.java:logGet(46)) - raft.grpc.flow.control.window = 5MB (=5242880) (custom)
2023-04-11 17:18:44,686 [Listener at 127.0.0.1/45623] INFO  server.RaftServerConfigKeys (ConfUtils.java:logGet(46)) - raft.server.rpc.request.timeout = 60s (custom)
2023-04-11 17:18:44,686 [Listener at 127.0.0.1/45623] INFO  grpc.GrpcConfigKeys (ConfUtils.java:logGet(46)) - raft.grpc.server.heartbeat.channel = true (default)
2023-04-11 17:18:44,686 [Listener at 127.0.0.1/45623] INFO  grpc.GrpcConfigKeys (ConfUtils.java:logGet(46)) - raft.grpc.server.async.request.thread.pool.cached = true (default)
2023-04-11 17:18:44,686 [Listener at 127.0.0.1/45623] INFO  grpc.GrpcConfigKeys (ConfUtils.java:logGet(46)) - raft.grpc.server.async.request.thread.pool.size = 32 (default)
2023-04-11 17:18:44,687 [Listener at 127.0.0.1/45623] INFO  impl.DataStreamServerImpl (ConfUtils.java:logGet(46)) - raft.datastream.type = NETTY (custom)
2023-04-11 17:18:44,688 [Listener at 127.0.0.1/45623] INFO  server.RaftServerConfigKeys (ConfUtils.java:logGet(46)) - raft.server.data-stream.async.request.thread.pool.cached = false (default)
2023-04-11 17:18:44,688 [Listener at 127.0.0.1/45623] INFO  server.RaftServerConfigKeys (ConfUtils.java:logGet(46)) - raft.server.data-stream.async.request.thread.pool.size = 20 (custom)
2023-04-11 17:18:44,688 [Listener at 127.0.0.1/45623] INFO  server.RaftServerConfigKeys (ConfUtils.java:logGet(46)) - raft.server.data-stream.async.write.thread.pool.size = 16 (default)
2023-04-11 17:18:44,688 [Listener at 127.0.0.1/45623] INFO  server.RaftServerConfigKeys (ConfUtils.java:logGet(46)) - raft.server.data-stream.client.pool.size = 10 (default)
2023-04-11 17:18:44,689 [Listener at 127.0.0.1/45623] INFO  netty.NettyConfigKeys$DataStream (ConfUtils.java:logGet(46)) - raft.netty.dataStream.server.use-epoll = false (default)
2023-04-11 17:18:44,689 [Listener at 127.0.0.1/45623] INFO  netty.NettyConfigKeys$DataStream (ConfUtils.java:logGet(46)) - raft.netty.dataStream.server.boss-group.size = 0 (default)
2023-04-11 17:18:44,689 [Listener at 127.0.0.1/45623] INFO  netty.NettyConfigKeys$DataStream (ConfUtils.java:logGet(46)) - raft.netty.dataStream.server.worker-group.size = 0 (default)
2023-04-11 17:18:44,689 [Listener at 127.0.0.1/45623] INFO  netty.NettyConfigKeys$DataStream (ConfUtils.java:logGet(46)) - raft.netty.dataStream.server.tls.conf = null (default)
2023-04-11 17:18:44,690 [Listener at 127.0.0.1/45623] INFO  netty.NettyConfigKeys$DataStream (ConfUtils.java:logGet(46)) - raft.netty.dataStream.host = null (default)
2023-04-11 17:18:44,690 [Listener at 127.0.0.1/45623] INFO  netty.NettyConfigKeys$DataStream (ConfUtils.java:logGet(46)) - raft.netty.dataStream.port = 0 (default)
2023-04-11 17:18:44,690 [Listener at 127.0.0.1/45623] INFO  server.RaftServerConfigKeys (ConfUtils.java:logGet(46)) - raft.server.threadpool.proxy.cached = true (default)
2023-04-11 17:18:44,690 [Listener at 127.0.0.1/45623] INFO  server.RaftServerConfigKeys (ConfUtils.java:logGet(46)) - raft.server.threadpool.proxy.size = 0 (default)
2023-04-11 17:18:44,690 [Listener at 127.0.0.1/45623] INFO  server.RaftServerConfigKeys (ConfUtils.java:logGet(46)) - raft.server.rpc.slowness.timeout = 300s (custom)
2023-04-11 17:18:44,691 [Listener at 127.0.0.1/45623] INFO  server.RaftServerConfigKeys (ConfUtils.java:logGet(46)) - raft.server.leaderelection.leader.step-down.wait-time = 10s (default)
2023-04-11 17:18:44,691 [Listener at 127.0.0.1/45623] INFO  server.RaftServerConfigKeys (ConfUtils.java:logGet(46)) - raft.server.storage.dir = [/home/runner/work/ozone/ozone/hadoop-ozone/integration-test/target/test-dir/MiniOzoneClusterImpl-7d6c2114-24de-471a-af28-9a4df9894e15/datanode-3/data/ratis] (custom)
2023-04-11 17:18:44,691 [e2528fcf-cc94-417b-97bd-48133fe724de-NettyServerStreamRpc-bossGroup--thread1] INFO  logging.LoggingHandler (AbstractInternalLogger.java:log(148)) - [id: 0x9c243ae1] REGISTERED
2023-04-11 17:18:44,691 [e2528fcf-cc94-417b-97bd-48133fe724de-NettyServerStreamRpc-bossGroup--thread1] INFO  logging.LoggingHandler (AbstractInternalLogger.java:log(148)) - [id: 0x9c243ae1] BIND: 0.0.0.0/0.0.0.0:0
2023-04-11 17:18:44,691 [e2528fcf-cc94-417b-97bd-48133fe724de-NettyServerStreamRpc-bossGroup--thread1] INFO  logging.LoggingHandler (AbstractInternalLogger.java:log(148)) - [id: 0x9c243ae1, L:/0:0:0:0:0:0:0:0:42817] ACTIVE
2023-04-11 17:18:44,693 [Listener at 127.0.0.1/45623] INFO  server.XceiverServerGrpc (XceiverServerGrpc.java:<init>(132)) - GrpcServer channel type EpollServerSocketChannel
2023-04-11 17:18:44,696 [Listener at 127.0.0.1/45623] INFO  http.BaseHttpServer (BaseHttpServer.java:newHttpServer2BuilderForOzone(224)) - Starting Web-server for hddsDatanode at: http://0.0.0.0:0
2023-04-11 17:18:44,696 [Listener at 127.0.0.1/45623] INFO  http.BaseHttpServer (BaseHttpServer.java:<init>(111)) - Hadoop Security Enabled: false Ozone Security Enabled: false Ozone HTTP Security Enabled: false 
2023-04-11 17:18:44,699 [Listener at 127.0.0.1/45623] WARN  server.AuthenticationFilter (AuthenticationFilter.java:constructSecretProvider(240)) - Unable to initialize FileSignerSecretProvider, falling back to use random secrets. Reason: Could not read signature secret file: /home/runner/hadoop-http-auth-signature-secret
2023-04-11 17:18:44,700 [Listener at 127.0.0.1/45623] WARN  http.HttpRequestLog (HttpRequestLog.java:getRequestLog(103)) - Jetty request log can only be enabled using Log4j
2023-04-11 17:18:44,703 [Listener at 127.0.0.1/45623] INFO  http.HttpServer2 (HttpServer2.java:addGlobalFilter(1031)) - Added global filter 'safety' (class=org.apache.hadoop.hdds.server.http.HttpServer2$QuotingInputFilter)
2023-04-11 17:18:44,703 [Listener at 127.0.0.1/45623] INFO  http.HttpServer2 (HttpServer2.java:addFilter(1007)) - Added filter static_user_filter (class=org.apache.hadoop.http.lib.StaticUserWebFilter$StaticUserFilter) to context hddsDatanode
2023-04-11 17:18:44,704 [Listener at 127.0.0.1/45623] INFO  http.HttpServer2 (HttpServer2.java:addFilter(1015)) - Added filter static_user_filter (class=org.apache.hadoop.http.lib.StaticUserWebFilter$StaticUserFilter) to context logs
2023-04-11 17:18:44,704 [Listener at 127.0.0.1/45623] INFO  http.HttpServer2 (HttpServer2.java:addFilter(1015)) - Added filter static_user_filter (class=org.apache.hadoop.http.lib.StaticUserWebFilter$StaticUserFilter) to context static
2023-04-11 17:18:44,706 [Listener at 127.0.0.1/45623] INFO  http.BaseHttpServer (BaseHttpServer.java:<init>(190)) - HTTP server of hddsDatanode uses base directory /home/runner/work/ozone/ozone/hadoop-ozone/integration-test/target/test-dir/MiniOzoneClusterImpl-7d6c2114-24de-471a-af28-9a4df9894e15/datanode-3/meta/webserver
2023-04-11 17:18:44,706 [Listener at 127.0.0.1/45623] INFO  http.HttpServer2 (HttpServer2.java:bindListener(1250)) - Jetty bound to port 40185
2023-04-11 17:18:44,706 [Listener at 127.0.0.1/45623] INFO  server.Server (Server.java:doStart(375)) - jetty-9.4.49.v20220914; built: 2022-09-14T01:07:36.601Z; git: 4231a3b2e4cb8548a412a789936d640a97b1aa0a; jvm 1.8.0_362-b09
2023-04-11 17:18:44,707 [Listener at 127.0.0.1/45623] INFO  server.session (DefaultSessionIdManager.java:doStart(334)) - DefaultSessionIdManager workerName=node0
2023-04-11 17:18:44,708 [Listener at 127.0.0.1/45623] INFO  server.session (DefaultSessionIdManager.java:doStart(339)) - No SessionScavenger set, using defaults
2023-04-11 17:18:44,712 [Listener at 127.0.0.1/45623] INFO  server.session (HouseKeeper.java:startScavenging(132)) - node0 Scavenging every 660000ms
2023-04-11 17:18:44,712 [Listener at 127.0.0.1/45623] INFO  handler.ContextHandler (ContextHandler.java:doStart(921)) - Started o.e.j.s.ServletContextHandler@1adc1d78{logs,/logs,file:///home/runner/work/ozone/ozone/hadoop-ozone/integration-test/target/log,AVAILABLE}
2023-04-11 17:18:44,713 [Listener at 127.0.0.1/45623] INFO  handler.ContextHandler (ContextHandler.java:doStart(921)) - Started o.e.j.s.ServletContextHandler@1034c679{static,/static,jar:file:/home/runner/.m2/repository/org/apache/ozone/hdds-container-service/1.4.0-SNAPSHOT/hdds-container-service-1.4.0-SNAPSHOT.jar!/webapps/static,AVAILABLE}
2023-04-11 17:18:44,930 [Listener at 127.0.0.1/45623] INFO  handler.ContextHandler (ContextHandler.java:doStart(921)) - Started o.e.j.w.WebAppContext@28c3bf02{hddsDatanode,/,file:///home/runner/work/ozone/ozone/hadoop-ozone/integration-test/target/test-dir/MiniOzoneClusterImpl-7d6c2114-24de-471a-af28-9a4df9894e15/datanode-3/meta/webserver/jetty-0_0_0_0-40185-hdds-container-service-1_4_0-SNAPSHOT_jar-_-any-3661327166650592796/webapp/,AVAILABLE}{jar:file:/home/runner/.m2/repository/org/apache/ozone/hdds-container-service/1.4.0-SNAPSHOT/hdds-container-service-1.4.0-SNAPSHOT.jar!/webapps/hddsDatanode}
2023-04-11 17:18:44,935 [Listener at 127.0.0.1/45623] INFO  server.AbstractConnector (AbstractConnector.java:doStart(333)) - Started ServerConnector@e08aa6b{HTTP/1.1, (http/1.1)}{0.0.0.0:40185}
2023-04-11 17:18:44,935 [Listener at 127.0.0.1/45623] INFO  server.Server (Server.java:doStart(415)) - Started @140980ms
2023-04-11 17:18:44,935 [Listener at 127.0.0.1/45623] WARN  impl.MetricsSystemImpl (MetricsSystemImpl.java:register(279)) - Sink prometheus already exists!
2023-04-11 17:18:44,936 [Listener at 127.0.0.1/45623] INFO  http.BaseHttpServer (BaseHttpServer.java:updateConnectorAddress(344)) - HTTP server of hddsDatanode listening at http://0.0.0.0:40185
2023-04-11 17:18:44,940 [Listener at 127.0.0.1/45623] WARN  impl.MetricRegistriesImpl (MetricRegistriesImpl.java:addReporterRegistration(111)) - New reporters are added after registries were created. Some metrics will be missing from the reporter. Please add reporter before adding any new registry.
2023-04-11 17:18:44,940 [Listener at 127.0.0.1/45623] WARN  impl.MetricRegistriesImpl (MetricRegistriesImpl.java:addReporterRegistration(111)) - New reporters are added after registries were created. Some metrics will be missing from the reporter. Please add reporter before adding any new registry.
2023-04-11 17:18:44,940 [Listener at 127.0.0.1/45623] INFO  impl.MetricsSystemImpl (MetricsSystemImpl.java:init(158)) - HddsDatanode metrics system started (again)
2023-04-11 17:18:44,943 [Datanode State Machine Daemon Thread] INFO  statemachine.DatanodeStateMachine (DatanodeStateMachine.java:lambda$startDaemon$0(517)) - Ozone container server started.
2023-04-11 17:18:44,954 [org.apache.hadoop.util.JvmPauseMonitor$Monitor@3e1a0c3b] INFO  util.JvmPauseMonitor (JvmPauseMonitor.java:run(188)) - Starting JVM pause monitor
2023-04-11 17:18:44,957 [Datanode State Machine Task Thread - 0] INFO  datanode.InitDatanodeState (InitDatanodeState.java:persistContainerDatanodeDetails(138)) - DatanodeDetails is persisted to /home/runner/work/ozone/ozone/hadoop-ozone/integration-test/target/test-dir/MiniOzoneClusterImpl-7d6c2114-24de-471a-af28-9a4df9894e15/datanode-3/meta/datanode.id
2023-04-11 17:18:44,964 [Listener at 127.0.0.1/45623] INFO  ozone.HddsDatanodeService (HddsDatanodeService.java:start(252)) - HddsDatanodeService host:fv-az377-102.ap30g4v5sw5evmjtdmxdg2w53f.dx.internal.cloudapp.net ip:10.1.0.70
2023-04-11 17:18:44,988 [Listener at 127.0.0.1/45623] INFO  upgrade.AbstractLayoutVersionManager (AbstractLayoutVersionManager.java:init(83)) - Initializing Layout version manager with metadata layout = WEBUI_PORTS_IN_DATANODEDETAILS (version = 6), software layout = WEBUI_PORTS_IN_DATANODEDETAILS (version = 6)
2023-04-11 17:18:45,041 [Listener at 127.0.0.1/45623] INFO  reflections.Reflections (Reflections.java:scan(232)) - Reflections took 52 ms to scan 7 urls, producing 156 keys and 369 values 
2023-04-11 17:18:45,043 [Listener at 127.0.0.1/45623] INFO  statemachine.DatanodeStateMachine (DatanodeStateMachine.java:getEndPointTaskThreadPoolSize(260)) - Datanode State Machine Task Thread Pool size 2
2023-04-11 17:18:45,044 [Listener at 127.0.0.1/45623] INFO  volume.HddsVolume (HddsVolume.java:<init>(130)) - Creating HddsVolume: /home/runner/work/ozone/ozone/hadoop-ozone/integration-test/target/test-dir/MiniOzoneClusterImpl-7d6c2114-24de-471a-af28-9a4df9894e15/datanode-4/data-0/containers/hdds of storage type : DISK capacity : 9223372036854775807
2023-04-11 17:18:45,044 [Listener at 127.0.0.1/45623] INFO  volume.MutableVolumeSet (MutableVolumeSet.java:initializeVolumeSet(175)) - Added Volume : /home/runner/work/ozone/ozone/hadoop-ozone/integration-test/target/test-dir/MiniOzoneClusterImpl-7d6c2114-24de-471a-af28-9a4df9894e15/datanode-4/data-0/containers/hdds to VolumeSet
2023-04-11 17:18:45,045 [Listener at 127.0.0.1/45623] INFO  volume.ThrottledAsyncChecker (ThrottledAsyncChecker.java:schedule(141)) - Scheduling a check for /home/runner/work/ozone/ozone/hadoop-ozone/integration-test/target/test-dir/MiniOzoneClusterImpl-7d6c2114-24de-471a-af28-9a4df9894e15/datanode-4/data-0/containers/hdds
2023-04-11 17:18:45,045 [Listener at 127.0.0.1/45623] INFO  volume.StorageVolumeChecker (StorageVolumeChecker.java:checkAllVolumes(202)) - Scheduled health check for volume /home/runner/work/ozone/ozone/hadoop-ozone/integration-test/target/test-dir/MiniOzoneClusterImpl-7d6c2114-24de-471a-af28-9a4df9894e15/datanode-4/data-0/containers/hdds
2023-04-11 17:18:45,057 [Listener at 127.0.0.1/45623] INFO  volume.MutableVolumeSet (MutableVolumeSet.java:initializeVolumeSet(175)) - Added Volume : /home/runner/work/ozone/ozone/hadoop-ozone/integration-test/target/test-dir/MiniOzoneClusterImpl-7d6c2114-24de-471a-af28-9a4df9894e15/datanode-4/data/ratis to VolumeSet
2023-04-11 17:18:45,057 [Listener at 127.0.0.1/45623] INFO  volume.ThrottledAsyncChecker (ThrottledAsyncChecker.java:schedule(141)) - Scheduling a check for /home/runner/work/ozone/ozone/hadoop-ozone/integration-test/target/test-dir/MiniOzoneClusterImpl-7d6c2114-24de-471a-af28-9a4df9894e15/datanode-4/data/ratis
2023-04-11 17:18:45,057 [Listener at 127.0.0.1/45623] INFO  volume.StorageVolumeChecker (StorageVolumeChecker.java:checkAllVolumes(202)) - Scheduled health check for volume /home/runner/work/ozone/ozone/hadoop-ozone/integration-test/target/test-dir/MiniOzoneClusterImpl-7d6c2114-24de-471a-af28-9a4df9894e15/datanode-4/data/ratis
2023-04-11 17:18:45,070 [Thread-1040] INFO  ozoneimpl.ContainerReader (ContainerReader.java:readVolume(175)) - Finish verifying containers on volume /home/runner/work/ozone/ozone/hadoop-ozone/integration-test/target/test-dir/MiniOzoneClusterImpl-7d6c2114-24de-471a-af28-9a4df9894e15/datanode-4/data-0/containers/hdds
2023-04-11 17:18:45,070 [Listener at 127.0.0.1/45623] INFO  ozoneimpl.OzoneContainer (OzoneContainer.java:buildContainerSet(303)) - Build ContainerSet costs 0s
2023-04-11 17:18:45,072 [Listener at 127.0.0.1/45623] INFO  server.RaftServer (ConfUtils.java:logGet(46)) - raft.rpc.type = GRPC (default)
2023-04-11 17:18:45,072 [Listener at 127.0.0.1/45623] INFO  grpc.GrpcConfigKeys (ConfUtils.java:logFallback(53)) - raft.grpc.admin.host = null (fallback to raft.grpc.server.host)
2023-04-11 17:18:45,073 [Listener at 127.0.0.1/45623] INFO  grpc.GrpcConfigKeys (ConfUtils.java:logGet(46)) - raft.grpc.admin.port = 0 (custom)
2023-04-11 17:18:45,073 [Listener at 127.0.0.1/45623] INFO  grpc.GrpcConfigKeys (ConfUtils.java:logFallback(53)) - raft.grpc.client.host = null (fallback to raft.grpc.server.host)
2023-04-11 17:18:45,073 [Listener at 127.0.0.1/45623] INFO  grpc.GrpcConfigKeys (ConfUtils.java:logGet(46)) - raft.grpc.client.port = 0 (custom)
2023-04-11 17:18:45,073 [Listener at 127.0.0.1/45623] INFO  grpc.GrpcConfigKeys (ConfUtils.java:logGet(46)) - raft.grpc.server.host = null (default)
2023-04-11 17:18:45,073 [Listener at 127.0.0.1/45623] INFO  grpc.GrpcConfigKeys (ConfUtils.java:logGet(46)) - raft.grpc.server.port = 0 (default)
2023-04-11 17:18:45,073 [Listener at 127.0.0.1/45623] INFO  server.GrpcService (ConfUtils.java:logGet(46)) - raft.grpc.message.size.max = 32MB (=33554432) (custom)
2023-04-11 17:18:45,073 [Listener at 127.0.0.1/45623] INFO  server.RaftServerConfigKeys (ConfUtils.java:logGet(46)) - raft.server.log.appender.buffer.byte-limit = 33554432 (custom)
2023-04-11 17:18:45,073 [Listener at 127.0.0.1/45623] INFO  server.GrpcService (ConfUtils.java:logGet(46)) - raft.grpc.flow.control.window = 5MB (=5242880) (custom)
2023-04-11 17:18:45,073 [Listener at 127.0.0.1/45623] INFO  server.RaftServerConfigKeys (ConfUtils.java:logGet(46)) - raft.server.rpc.request.timeout = 60s (custom)
2023-04-11 17:18:45,074 [Listener at 127.0.0.1/45623] INFO  grpc.GrpcConfigKeys (ConfUtils.java:logGet(46)) - raft.grpc.server.heartbeat.channel = true (default)
2023-04-11 17:18:45,074 [Listener at 127.0.0.1/45623] INFO  grpc.GrpcConfigKeys (ConfUtils.java:logGet(46)) - raft.grpc.server.async.request.thread.pool.cached = true (default)
2023-04-11 17:18:45,074 [Listener at 127.0.0.1/45623] INFO  grpc.GrpcConfigKeys (ConfUtils.java:logGet(46)) - raft.grpc.server.async.request.thread.pool.size = 32 (default)
2023-04-11 17:18:45,075 [Listener at 127.0.0.1/45623] INFO  impl.DataStreamServerImpl (ConfUtils.java:logGet(46)) - raft.datastream.type = NETTY (custom)
2023-04-11 17:18:45,075 [Listener at 127.0.0.1/45623] INFO  server.RaftServerConfigKeys (ConfUtils.java:logGet(46)) - raft.server.data-stream.async.request.thread.pool.cached = false (default)
2023-04-11 17:18:45,075 [Listener at 127.0.0.1/45623] INFO  server.RaftServerConfigKeys (ConfUtils.java:logGet(46)) - raft.server.data-stream.async.request.thread.pool.size = 20 (custom)
2023-04-11 17:18:45,075 [Listener at 127.0.0.1/45623] INFO  server.RaftServerConfigKeys (ConfUtils.java:logGet(46)) - raft.server.data-stream.async.write.thread.pool.size = 16 (default)
2023-04-11 17:18:45,075 [Listener at 127.0.0.1/45623] INFO  server.RaftServerConfigKeys (ConfUtils.java:logGet(46)) - raft.server.data-stream.client.pool.size = 10 (default)
2023-04-11 17:18:45,080 [Listener at 127.0.0.1/45623] INFO  netty.NettyConfigKeys$DataStream (ConfUtils.java:logGet(46)) - raft.netty.dataStream.server.use-epoll = false (default)
2023-04-11 17:18:45,080 [Listener at 127.0.0.1/45623] INFO  netty.NettyConfigKeys$DataStream (ConfUtils.java:logGet(46)) - raft.netty.dataStream.server.boss-group.size = 0 (default)
2023-04-11 17:18:45,080 [Listener at 127.0.0.1/45623] INFO  netty.NettyConfigKeys$DataStream (ConfUtils.java:logGet(46)) - raft.netty.dataStream.server.worker-group.size = 0 (default)
2023-04-11 17:18:45,081 [Listener at 127.0.0.1/45623] INFO  netty.NettyConfigKeys$DataStream (ConfUtils.java:logGet(46)) - raft.netty.dataStream.server.tls.conf = null (default)
2023-04-11 17:18:45,081 [Listener at 127.0.0.1/45623] INFO  netty.NettyConfigKeys$DataStream (ConfUtils.java:logGet(46)) - raft.netty.dataStream.host = null (default)
2023-04-11 17:18:45,081 [Listener at 127.0.0.1/45623] INFO  netty.NettyConfigKeys$DataStream (ConfUtils.java:logGet(46)) - raft.netty.dataStream.port = 0 (default)
2023-04-11 17:18:45,082 [Listener at 127.0.0.1/45623] INFO  server.RaftServerConfigKeys (ConfUtils.java:logGet(46)) - raft.server.threadpool.proxy.cached = true (default)
2023-04-11 17:18:45,082 [Listener at 127.0.0.1/45623] INFO  server.RaftServerConfigKeys (ConfUtils.java:logGet(46)) - raft.server.threadpool.proxy.size = 0 (default)
2023-04-11 17:18:45,082 [Listener at 127.0.0.1/45623] INFO  server.RaftServerConfigKeys (ConfUtils.java:logGet(46)) - raft.server.rpc.slowness.timeout = 300s (custom)
2023-04-11 17:18:45,083 [Listener at 127.0.0.1/45623] INFO  server.RaftServerConfigKeys (ConfUtils.java:logGet(46)) - raft.server.leaderelection.leader.step-down.wait-time = 10s (default)
2023-04-11 17:18:45,083 [Listener at 127.0.0.1/45623] INFO  server.RaftServerConfigKeys (ConfUtils.java:logGet(46)) - raft.server.storage.dir = [/home/runner/work/ozone/ozone/hadoop-ozone/integration-test/target/test-dir/MiniOzoneClusterImpl-7d6c2114-24de-471a-af28-9a4df9894e15/datanode-4/data/ratis] (custom)
2023-04-11 17:18:45,083 [b174b524-4137-4544-9099-51b684ecdb2f-NettyServerStreamRpc-bossGroup--thread1] INFO  logging.LoggingHandler (AbstractInternalLogger.java:log(148)) - [id: 0x61534c0c] REGISTERED
2023-04-11 17:18:45,083 [b174b524-4137-4544-9099-51b684ecdb2f-NettyServerStreamRpc-bossGroup--thread1] INFO  logging.LoggingHandler (AbstractInternalLogger.java:log(148)) - [id: 0x61534c0c] BIND: 0.0.0.0/0.0.0.0:0
2023-04-11 17:18:45,084 [b174b524-4137-4544-9099-51b684ecdb2f-NettyServerStreamRpc-bossGroup--thread1] INFO  logging.LoggingHandler (AbstractInternalLogger.java:log(148)) - [id: 0x61534c0c, L:/0:0:0:0:0:0:0:0:37003] ACTIVE
2023-04-11 17:18:45,085 [Listener at 127.0.0.1/45623] INFO  server.XceiverServerGrpc (XceiverServerGrpc.java:<init>(132)) - GrpcServer channel type EpollServerSocketChannel
2023-04-11 17:18:45,088 [Listener at 127.0.0.1/45623] INFO  http.BaseHttpServer (BaseHttpServer.java:newHttpServer2BuilderForOzone(224)) - Starting Web-server for hddsDatanode at: http://0.0.0.0:0
2023-04-11 17:18:45,088 [Listener at 127.0.0.1/45623] INFO  http.BaseHttpServer (BaseHttpServer.java:<init>(111)) - Hadoop Security Enabled: false Ozone Security Enabled: false Ozone HTTP Security Enabled: false 
2023-04-11 17:18:45,089 [Listener at 127.0.0.1/45623] WARN  server.AuthenticationFilter (AuthenticationFilter.java:constructSecretProvider(240)) - Unable to initialize FileSignerSecretProvider, falling back to use random secrets. Reason: Could not read signature secret file: /home/runner/hadoop-http-auth-signature-secret
2023-04-11 17:18:45,092 [Listener at 127.0.0.1/45623] WARN  http.HttpRequestLog (HttpRequestLog.java:getRequestLog(103)) - Jetty request log can only be enabled using Log4j
2023-04-11 17:18:45,093 [Listener at 127.0.0.1/45623] INFO  http.HttpServer2 (HttpServer2.java:addGlobalFilter(1031)) - Added global filter 'safety' (class=org.apache.hadoop.hdds.server.http.HttpServer2$QuotingInputFilter)
2023-04-11 17:18:45,093 [Listener at 127.0.0.1/45623] INFO  http.HttpServer2 (HttpServer2.java:addFilter(1007)) - Added filter static_user_filter (class=org.apache.hadoop.http.lib.StaticUserWebFilter$StaticUserFilter) to context hddsDatanode
2023-04-11 17:18:45,094 [Listener at 127.0.0.1/45623] INFO  http.HttpServer2 (HttpServer2.java:addFilter(1015)) - Added filter static_user_filter (class=org.apache.hadoop.http.lib.StaticUserWebFilter$StaticUserFilter) to context static
2023-04-11 17:18:45,094 [Listener at 127.0.0.1/45623] INFO  http.HttpServer2 (HttpServer2.java:addFilter(1015)) - Added filter static_user_filter (class=org.apache.hadoop.http.lib.StaticUserWebFilter$StaticUserFilter) to context logs
2023-04-11 17:18:45,094 [Listener at 127.0.0.1/45623] INFO  http.BaseHttpServer (BaseHttpServer.java:<init>(190)) - HTTP server of hddsDatanode uses base directory /home/runner/work/ozone/ozone/hadoop-ozone/integration-test/target/test-dir/MiniOzoneClusterImpl-7d6c2114-24de-471a-af28-9a4df9894e15/datanode-4/meta/webserver
2023-04-11 17:18:45,095 [Listener at 127.0.0.1/45623] INFO  http.HttpServer2 (HttpServer2.java:bindListener(1250)) - Jetty bound to port 37329
2023-04-11 17:18:45,095 [Listener at 127.0.0.1/45623] INFO  server.Server (Server.java:doStart(375)) - jetty-9.4.49.v20220914; built: 2022-09-14T01:07:36.601Z; git: 4231a3b2e4cb8548a412a789936d640a97b1aa0a; jvm 1.8.0_362-b09
2023-04-11 17:18:45,097 [Listener at 127.0.0.1/45623] INFO  server.session (DefaultSessionIdManager.java:doStart(334)) - DefaultSessionIdManager workerName=node0
2023-04-11 17:18:45,097 [Listener at 127.0.0.1/45623] INFO  server.session (DefaultSessionIdManager.java:doStart(339)) - No SessionScavenger set, using defaults
2023-04-11 17:18:45,097 [Listener at 127.0.0.1/45623] INFO  server.session (HouseKeeper.java:startScavenging(132)) - node0 Scavenging every 600000ms
2023-04-11 17:18:45,098 [Listener at 127.0.0.1/45623] INFO  handler.ContextHandler (ContextHandler.java:doStart(921)) - Started o.e.j.s.ServletContextHandler@4c92384f{logs,/logs,file:///home/runner/work/ozone/ozone/hadoop-ozone/integration-test/target/log,AVAILABLE}
2023-04-11 17:18:45,098 [Listener at 127.0.0.1/45623] INFO  handler.ContextHandler (ContextHandler.java:doStart(921)) - Started o.e.j.s.ServletContextHandler@133d23d8{static,/static,jar:file:/home/runner/.m2/repository/org/apache/ozone/hdds-container-service/1.4.0-SNAPSHOT/hdds-container-service-1.4.0-SNAPSHOT.jar!/webapps/static,AVAILABLE}
2023-04-11 17:18:45,303 [Listener at 127.0.0.1/45623] INFO  handler.ContextHandler (ContextHandler.java:doStart(921)) - Started o.e.j.w.WebAppContext@3ee00406{hddsDatanode,/,file:///home/runner/work/ozone/ozone/hadoop-ozone/integration-test/target/test-dir/MiniOzoneClusterImpl-7d6c2114-24de-471a-af28-9a4df9894e15/datanode-4/meta/webserver/jetty-0_0_0_0-37329-hdds-container-service-1_4_0-SNAPSHOT_jar-_-any-1011953539676188726/webapp/,AVAILABLE}{jar:file:/home/runner/.m2/repository/org/apache/ozone/hdds-container-service/1.4.0-SNAPSHOT/hdds-container-service-1.4.0-SNAPSHOT.jar!/webapps/hddsDatanode}
2023-04-11 17:18:45,305 [Listener at 127.0.0.1/45623] INFO  server.AbstractConnector (AbstractConnector.java:doStart(333)) - Started ServerConnector@10028158{HTTP/1.1, (http/1.1)}{0.0.0.0:37329}
2023-04-11 17:18:45,305 [Listener at 127.0.0.1/45623] INFO  server.Server (Server.java:doStart(415)) - Started @141351ms
2023-04-11 17:18:45,305 [Listener at 127.0.0.1/45623] WARN  impl.MetricsSystemImpl (MetricsSystemImpl.java:register(279)) - Sink prometheus already exists!
2023-04-11 17:18:45,307 [Listener at 127.0.0.1/45623] INFO  http.BaseHttpServer (BaseHttpServer.java:updateConnectorAddress(344)) - HTTP server of hddsDatanode listening at http://0.0.0.0:37329
2023-04-11 17:18:45,308 [Datanode State Machine Daemon Thread] INFO  statemachine.DatanodeStateMachine (DatanodeStateMachine.java:lambda$startDaemon$0(517)) - Ozone container server started.
2023-04-11 17:18:45,308 [Listener at 127.0.0.1/45623] INFO  ozone.MiniOzoneClusterImpl (MiniOzoneClusterImpl.java:lambda$waitForClusterToBeReady$0(222)) - Waiting for nodes to be ready. Got 0 of 5 DN Heartbeats.
2023-04-11 17:18:45,310 [Listener at 127.0.0.1/45623] INFO  ozone.MiniOzoneClusterImpl (MiniOzoneClusterImpl.java:lambda$waitForClusterToBeReady$0(225)) - Waiting for cluster to exit safe mode
2023-04-11 17:18:45,310 [Listener at 127.0.0.1/45623] INFO  ozone.MiniOzoneClusterImpl (MiniOzoneClusterImpl.java:lambda$waitForClusterToBeReady$0(227)) - SCM became leader
2023-04-11 17:18:45,312 [org.apache.hadoop.util.JvmPauseMonitor$Monitor@3d6df00d] INFO  util.JvmPauseMonitor (JvmPauseMonitor.java:run(188)) - Starting JVM pause monitor
2023-04-11 17:18:45,314 [Datanode State Machine Task Thread - 0] INFO  datanode.InitDatanodeState (InitDatanodeState.java:persistContainerDatanodeDetails(138)) - DatanodeDetails is persisted to /home/runner/work/ozone/ozone/hadoop-ozone/integration-test/target/test-dir/MiniOzoneClusterImpl-7d6c2114-24de-471a-af28-9a4df9894e15/datanode-4/meta/datanode.id
2023-04-11 17:18:45,820 [EndpointStateMachine task thread for /0.0.0.0:40827 - 0 ] INFO  utils.DatanodeStoreCache (DatanodeStoreCache.java:addDB(58)) - Added db /home/runner/work/ozone/ozone/hadoop-ozone/integration-test/target/test-dir/MiniOzoneClusterImpl-7d6c2114-24de-471a-af28-9a4df9894e15/datanode-0/data-0/containers/hdds/7d6c2114-24de-471a-af28-9a4df9894e15/DS-f27de2ea-d82f-4597-ac43-cc2d055af1f8/container.db to cache
2023-04-11 17:18:45,820 [EndpointStateMachine task thread for /0.0.0.0:40827 - 0 ] INFO  volume.HddsVolume (HddsVolume.java:createDbStore(350)) - SchemaV3 db is created and loaded at /home/runner/work/ozone/ozone/hadoop-ozone/integration-test/target/test-dir/MiniOzoneClusterImpl-7d6c2114-24de-471a-af28-9a4df9894e15/datanode-0/data-0/containers/hdds/7d6c2114-24de-471a-af28-9a4df9894e15/DS-f27de2ea-d82f-4597-ac43-cc2d055af1f8/container.db for volume DS-f27de2ea-d82f-4597-ac43-cc2d055af1f8
2023-04-11 17:18:45,820 [EndpointStateMachine task thread for /0.0.0.0:40827 - 0 ] INFO  ozoneimpl.OzoneContainer (OzoneContainer.java:start(397)) - Attempting to start container services.
2023-04-11 17:18:45,820 [EndpointStateMachine task thread for /0.0.0.0:40827 - 0 ] INFO  ozoneimpl.OzoneContainer (OzoneContainer.java:startContainerScrub(314)) - Scheduled background container scanners and the on-demand container scanner have been disabled.
2023-04-11 17:18:45,826 [EndpointStateMachine task thread for /0.0.0.0:40827 - 0 ] INFO  replication.ReplicationServer (ReplicationServer.java:start(109)) - ReplicationServer is started using port 37101
2023-04-11 17:18:45,827 [EndpointStateMachine task thread for /0.0.0.0:40827 - 0 ] INFO  ratis.XceiverServerRatis (XceiverServerRatis.java:start(517)) - Starting XceiverServerRatis a8e18eb8-676b-4d89-b1ed-2f6ae890a6f9
2023-04-11 17:18:45,827 [EndpointStateMachine task thread for /0.0.0.0:40827 - 0 ] INFO  server.RaftServer (RaftServerProxy.java:startImpl(393)) - a8e18eb8-676b-4d89-b1ed-2f6ae890a6f9: start RPC server
2023-04-11 17:18:45,829 [EndpointStateMachine task thread for /0.0.0.0:40827 - 0 ] INFO  server.GrpcService (GrpcService.java:startImpl(262)) - a8e18eb8-676b-4d89-b1ed-2f6ae890a6f9: GrpcService started, listening on 45767
2023-04-11 17:18:45,829 [EndpointStateMachine task thread for /0.0.0.0:40827 - 0 ] INFO  ratis.XceiverServerRatis (XceiverServerRatis.java:getRealPort(543)) - XceiverServerRatis a8e18eb8-676b-4d89-b1ed-2f6ae890a6f9 is started using port 45767 for RATIS
2023-04-11 17:18:45,830 [EndpointStateMachine task thread for /0.0.0.0:40827 - 0 ] INFO  ratis.XceiverServerRatis (XceiverServerRatis.java:getRealPort(543)) - XceiverServerRatis a8e18eb8-676b-4d89-b1ed-2f6ae890a6f9 is started using port 45767 for RATIS_ADMIN
2023-04-11 17:18:45,830 [JvmPauseMonitor12] INFO  util.JvmPauseMonitor (JvmPauseMonitor.java:run(105)) - JvmPauseMonitor-a8e18eb8-676b-4d89-b1ed-2f6ae890a6f9: Started
2023-04-11 17:18:45,830 [EndpointStateMachine task thread for /0.0.0.0:40827 - 0 ] INFO  ratis.XceiverServerRatis (XceiverServerRatis.java:getRealPort(543)) - XceiverServerRatis a8e18eb8-676b-4d89-b1ed-2f6ae890a6f9 is started using port 45767 for RATIS_SERVER
2023-04-11 17:18:45,830 [EndpointStateMachine task thread for /0.0.0.0:40827 - 0 ] INFO  ratis.XceiverServerRatis (XceiverServerRatis.java:getRealPort(543)) - XceiverServerRatis a8e18eb8-676b-4d89-b1ed-2f6ae890a6f9 is started using port 37603 for RATIS_DATASTREAM
2023-04-11 17:18:45,833 [EndpointStateMachine task thread for /0.0.0.0:40827 - 0 ] INFO  server.XceiverServerGrpc (XceiverServerGrpc.java:start(180)) - XceiverServerGrpc a8e18eb8-676b-4d89-b1ed-2f6ae890a6f9 is started using port 37271
2023-04-11 17:18:45,833 [BlockDeletingService#0] INFO  interfaces.ContainerDeletionChoosingPolicyTemplate (ContainerDeletionChoosingPolicyTemplate.java:chooseContainerForBlockDeletion(83)) - Chosen 0/5000 blocks from 0 candidate containers.
2023-04-11 17:18:46,176 [EndpointStateMachine task thread for /0.0.0.0:40827 - 0 ] INFO  utils.DatanodeStoreCache (DatanodeStoreCache.java:addDB(58)) - Added db /home/runner/work/ozone/ozone/hadoop-ozone/integration-test/target/test-dir/MiniOzoneClusterImpl-7d6c2114-24de-471a-af28-9a4df9894e15/datanode-1/data-0/containers/hdds/7d6c2114-24de-471a-af28-9a4df9894e15/DS-ed8cbe94-5b82-4bab-a270-d4de5149eaf0/container.db to cache
2023-04-11 17:18:46,176 [EndpointStateMachine task thread for /0.0.0.0:40827 - 0 ] INFO  volume.HddsVolume (HddsVolume.java:createDbStore(350)) - SchemaV3 db is created and loaded at /home/runner/work/ozone/ozone/hadoop-ozone/integration-test/target/test-dir/MiniOzoneClusterImpl-7d6c2114-24de-471a-af28-9a4df9894e15/datanode-1/data-0/containers/hdds/7d6c2114-24de-471a-af28-9a4df9894e15/DS-ed8cbe94-5b82-4bab-a270-d4de5149eaf0/container.db for volume DS-ed8cbe94-5b82-4bab-a270-d4de5149eaf0
2023-04-11 17:18:46,177 [EndpointStateMachine task thread for /0.0.0.0:40827 - 0 ] INFO  ozoneimpl.OzoneContainer (OzoneContainer.java:start(397)) - Attempting to start container services.
2023-04-11 17:18:46,177 [EndpointStateMachine task thread for /0.0.0.0:40827 - 0 ] INFO  ozoneimpl.OzoneContainer (OzoneContainer.java:startContainerScrub(314)) - Scheduled background container scanners and the on-demand container scanner have been disabled.
2023-04-11 17:18:46,181 [EndpointStateMachine task thread for /0.0.0.0:40827 - 0 ] INFO  replication.ReplicationServer (ReplicationServer.java:start(109)) - ReplicationServer is started using port 42821
2023-04-11 17:18:46,181 [EndpointStateMachine task thread for /0.0.0.0:40827 - 0 ] INFO  ratis.XceiverServerRatis (XceiverServerRatis.java:start(517)) - Starting XceiverServerRatis e6d924a0-7c53-4274-9275-f319576c3e7e
2023-04-11 17:18:46,182 [EndpointStateMachine task thread for /0.0.0.0:40827 - 0 ] INFO  server.RaftServer (RaftServerProxy.java:startImpl(393)) - e6d924a0-7c53-4274-9275-f319576c3e7e: start RPC server
2023-04-11 17:18:46,184 [EndpointStateMachine task thread for /0.0.0.0:40827 - 0 ] INFO  server.GrpcService (GrpcService.java:startImpl(262)) - e6d924a0-7c53-4274-9275-f319576c3e7e: GrpcService started, listening on 45625
2023-04-11 17:18:46,184 [EndpointStateMachine task thread for /0.0.0.0:40827 - 0 ] INFO  ratis.XceiverServerRatis (XceiverServerRatis.java:getRealPort(543)) - XceiverServerRatis e6d924a0-7c53-4274-9275-f319576c3e7e is started using port 45625 for RATIS
2023-04-11 17:18:46,184 [EndpointStateMachine task thread for /0.0.0.0:40827 - 0 ] INFO  ratis.XceiverServerRatis (XceiverServerRatis.java:getRealPort(543)) - XceiverServerRatis e6d924a0-7c53-4274-9275-f319576c3e7e is started using port 45625 for RATIS_ADMIN
2023-04-11 17:18:46,184 [JvmPauseMonitor13] INFO  util.JvmPauseMonitor (JvmPauseMonitor.java:run(105)) - JvmPauseMonitor-e6d924a0-7c53-4274-9275-f319576c3e7e: Started
2023-04-11 17:18:46,184 [EndpointStateMachine task thread for /0.0.0.0:40827 - 0 ] INFO  ratis.XceiverServerRatis (XceiverServerRatis.java:getRealPort(543)) - XceiverServerRatis e6d924a0-7c53-4274-9275-f319576c3e7e is started using port 45625 for RATIS_SERVER
2023-04-11 17:18:46,184 [EndpointStateMachine task thread for /0.0.0.0:40827 - 0 ] INFO  ratis.XceiverServerRatis (XceiverServerRatis.java:getRealPort(543)) - XceiverServerRatis e6d924a0-7c53-4274-9275-f319576c3e7e is started using port 33769 for RATIS_DATASTREAM
2023-04-11 17:18:46,187 [EndpointStateMachine task thread for /0.0.0.0:40827 - 0 ] INFO  server.XceiverServerGrpc (XceiverServerGrpc.java:start(180)) - XceiverServerGrpc e6d924a0-7c53-4274-9275-f319576c3e7e is started using port 45581
2023-04-11 17:18:46,188 [BlockDeletingService#0] INFO  interfaces.ContainerDeletionChoosingPolicyTemplate (ContainerDeletionChoosingPolicyTemplate.java:chooseContainerForBlockDeletion(83)) - Chosen 0/5000 blocks from 0 candidate containers.
2023-04-11 17:18:46,310 [Listener at 127.0.0.1/45623] INFO  ozone.MiniOzoneClusterImpl (MiniOzoneClusterImpl.java:lambda$waitForClusterToBeReady$0(222)) - Waiting for nodes to be ready. Got 0 of 5 DN Heartbeats.
2023-04-11 17:18:46,310 [Listener at 127.0.0.1/45623] INFO  ozone.MiniOzoneClusterImpl (MiniOzoneClusterImpl.java:lambda$waitForClusterToBeReady$0(225)) - Waiting for cluster to exit safe mode
2023-04-11 17:18:46,310 [Listener at 127.0.0.1/45623] INFO  ozone.MiniOzoneClusterImpl (MiniOzoneClusterImpl.java:lambda$waitForClusterToBeReady$0(227)) - SCM became leader
2023-04-11 17:18:46,603 [EndpointStateMachine task thread for /0.0.0.0:40827 - 0 ] INFO  utils.DatanodeStoreCache (DatanodeStoreCache.java:addDB(58)) - Added db /home/runner/work/ozone/ozone/hadoop-ozone/integration-test/target/test-dir/MiniOzoneClusterImpl-7d6c2114-24de-471a-af28-9a4df9894e15/datanode-2/data-0/containers/hdds/7d6c2114-24de-471a-af28-9a4df9894e15/DS-23c5b634-dc7e-4418-bd8f-ae9fa9a16325/container.db to cache
2023-04-11 17:18:46,603 [EndpointStateMachine task thread for /0.0.0.0:40827 - 0 ] INFO  volume.HddsVolume (HddsVolume.java:createDbStore(350)) - SchemaV3 db is created and loaded at /home/runner/work/ozone/ozone/hadoop-ozone/integration-test/target/test-dir/MiniOzoneClusterImpl-7d6c2114-24de-471a-af28-9a4df9894e15/datanode-2/data-0/containers/hdds/7d6c2114-24de-471a-af28-9a4df9894e15/DS-23c5b634-dc7e-4418-bd8f-ae9fa9a16325/container.db for volume DS-23c5b634-dc7e-4418-bd8f-ae9fa9a16325
2023-04-11 17:18:46,604 [EndpointStateMachine task thread for /0.0.0.0:40827 - 0 ] INFO  ozoneimpl.OzoneContainer (OzoneContainer.java:start(397)) - Attempting to start container services.
2023-04-11 17:18:46,604 [EndpointStateMachine task thread for /0.0.0.0:40827 - 0 ] INFO  ozoneimpl.OzoneContainer (OzoneContainer.java:startContainerScrub(314)) - Scheduled background container scanners and the on-demand container scanner have been disabled.
2023-04-11 17:18:46,611 [EndpointStateMachine task thread for /0.0.0.0:40827 - 0 ] INFO  replication.ReplicationServer (ReplicationServer.java:start(109)) - ReplicationServer is started using port 36081
2023-04-11 17:18:46,611 [EndpointStateMachine task thread for /0.0.0.0:40827 - 0 ] INFO  ratis.XceiverServerRatis (XceiverServerRatis.java:start(517)) - Starting XceiverServerRatis 88c84cd2-72ca-4eec-b7eb-2fcd5700cf38
2023-04-11 17:18:46,625 [EndpointStateMachine task thread for /0.0.0.0:40827 - 0 ] INFO  server.RaftServer (RaftServerProxy.java:startImpl(393)) - 88c84cd2-72ca-4eec-b7eb-2fcd5700cf38: start RPC server
2023-04-11 17:18:46,627 [EndpointStateMachine task thread for /0.0.0.0:40827 - 0 ] INFO  server.GrpcService (GrpcService.java:startImpl(262)) - 88c84cd2-72ca-4eec-b7eb-2fcd5700cf38: GrpcService started, listening on 44245
2023-04-11 17:18:46,628 [EndpointStateMachine task thread for /0.0.0.0:40827 - 0 ] INFO  ratis.XceiverServerRatis (XceiverServerRatis.java:getRealPort(543)) - XceiverServerRatis 88c84cd2-72ca-4eec-b7eb-2fcd5700cf38 is started using port 44245 for RATIS
2023-04-11 17:18:46,628 [EndpointStateMachine task thread for /0.0.0.0:40827 - 0 ] INFO  ratis.XceiverServerRatis (XceiverServerRatis.java:getRealPort(543)) - XceiverServerRatis 88c84cd2-72ca-4eec-b7eb-2fcd5700cf38 is started using port 44245 for RATIS_ADMIN
2023-04-11 17:18:46,628 [EndpointStateMachine task thread for /0.0.0.0:40827 - 0 ] INFO  ratis.XceiverServerRatis (XceiverServerRatis.java:getRealPort(543)) - XceiverServerRatis 88c84cd2-72ca-4eec-b7eb-2fcd5700cf38 is started using port 44245 for RATIS_SERVER
2023-04-11 17:18:46,628 [EndpointStateMachine task thread for /0.0.0.0:40827 - 0 ] INFO  ratis.XceiverServerRatis (XceiverServerRatis.java:getRealPort(543)) - XceiverServerRatis 88c84cd2-72ca-4eec-b7eb-2fcd5700cf38 is started using port 38609 for RATIS_DATASTREAM
2023-04-11 17:18:46,629 [JvmPauseMonitor14] INFO  util.JvmPauseMonitor (JvmPauseMonitor.java:run(105)) - JvmPauseMonitor-88c84cd2-72ca-4eec-b7eb-2fcd5700cf38: Started
2023-04-11 17:18:46,635 [EndpointStateMachine task thread for /0.0.0.0:40827 - 0 ] INFO  server.XceiverServerGrpc (XceiverServerGrpc.java:start(180)) - XceiverServerGrpc 88c84cd2-72ca-4eec-b7eb-2fcd5700cf38 is started using port 33877
2023-04-11 17:18:46,635 [BlockDeletingService#0] INFO  interfaces.ContainerDeletionChoosingPolicyTemplate (ContainerDeletionChoosingPolicyTemplate.java:chooseContainerForBlockDeletion(83)) - Chosen 0/5000 blocks from 0 candidate containers.
2023-04-11 17:18:46,993 [EndpointStateMachine task thread for /0.0.0.0:40827 - 0 ] INFO  utils.DatanodeStoreCache (DatanodeStoreCache.java:addDB(58)) - Added db /home/runner/work/ozone/ozone/hadoop-ozone/integration-test/target/test-dir/MiniOzoneClusterImpl-7d6c2114-24de-471a-af28-9a4df9894e15/datanode-3/data-0/containers/hdds/7d6c2114-24de-471a-af28-9a4df9894e15/DS-8e42b08b-e879-483a-979e-4ec85bacc558/container.db to cache
2023-04-11 17:18:46,993 [EndpointStateMachine task thread for /0.0.0.0:40827 - 0 ] INFO  volume.HddsVolume (HddsVolume.java:createDbStore(350)) - SchemaV3 db is created and loaded at /home/runner/work/ozone/ozone/hadoop-ozone/integration-test/target/test-dir/MiniOzoneClusterImpl-7d6c2114-24de-471a-af28-9a4df9894e15/datanode-3/data-0/containers/hdds/7d6c2114-24de-471a-af28-9a4df9894e15/DS-8e42b08b-e879-483a-979e-4ec85bacc558/container.db for volume DS-8e42b08b-e879-483a-979e-4ec85bacc558
2023-04-11 17:18:46,994 [EndpointStateMachine task thread for /0.0.0.0:40827 - 0 ] INFO  ozoneimpl.OzoneContainer (OzoneContainer.java:start(397)) - Attempting to start container services.
2023-04-11 17:18:46,994 [EndpointStateMachine task thread for /0.0.0.0:40827 - 0 ] INFO  ozoneimpl.OzoneContainer (OzoneContainer.java:startContainerScrub(314)) - Scheduled background container scanners and the on-demand container scanner have been disabled.
2023-04-11 17:18:47,001 [EndpointStateMachine task thread for /0.0.0.0:40827 - 0 ] INFO  replication.ReplicationServer (ReplicationServer.java:start(109)) - ReplicationServer is started using port 39833
2023-04-11 17:18:47,001 [EndpointStateMachine task thread for /0.0.0.0:40827 - 0 ] INFO  ratis.XceiverServerRatis (XceiverServerRatis.java:start(517)) - Starting XceiverServerRatis e2528fcf-cc94-417b-97bd-48133fe724de
2023-04-11 17:18:47,003 [EndpointStateMachine task thread for /0.0.0.0:40827 - 0 ] INFO  server.RaftServer (RaftServerProxy.java:startImpl(393)) - e2528fcf-cc94-417b-97bd-48133fe724de: start RPC server
2023-04-11 17:18:47,006 [EndpointStateMachine task thread for /0.0.0.0:40827 - 0 ] INFO  server.GrpcService (GrpcService.java:startImpl(262)) - e2528fcf-cc94-417b-97bd-48133fe724de: GrpcService started, listening on 38091
2023-04-11 17:18:47,006 [EndpointStateMachine task thread for /0.0.0.0:40827 - 0 ] INFO  ratis.XceiverServerRatis (XceiverServerRatis.java:getRealPort(543)) - XceiverServerRatis e2528fcf-cc94-417b-97bd-48133fe724de is started using port 38091 for RATIS
2023-04-11 17:18:47,006 [JvmPauseMonitor15] INFO  util.JvmPauseMonitor (JvmPauseMonitor.java:run(105)) - JvmPauseMonitor-e2528fcf-cc94-417b-97bd-48133fe724de: Started
2023-04-11 17:18:47,006 [EndpointStateMachine task thread for /0.0.0.0:40827 - 0 ] INFO  ratis.XceiverServerRatis (XceiverServerRatis.java:getRealPort(543)) - XceiverServerRatis e2528fcf-cc94-417b-97bd-48133fe724de is started using port 38091 for RATIS_ADMIN
2023-04-11 17:18:47,006 [EndpointStateMachine task thread for /0.0.0.0:40827 - 0 ] INFO  ratis.XceiverServerRatis (XceiverServerRatis.java:getRealPort(543)) - XceiverServerRatis e2528fcf-cc94-417b-97bd-48133fe724de is started using port 38091 for RATIS_SERVER
2023-04-11 17:18:47,006 [EndpointStateMachine task thread for /0.0.0.0:40827 - 0 ] INFO  ratis.XceiverServerRatis (XceiverServerRatis.java:getRealPort(543)) - XceiverServerRatis e2528fcf-cc94-417b-97bd-48133fe724de is started using port 42817 for RATIS_DATASTREAM
2023-04-11 17:18:47,009 [EndpointStateMachine task thread for /0.0.0.0:40827 - 0 ] INFO  server.XceiverServerGrpc (XceiverServerGrpc.java:start(180)) - XceiverServerGrpc e2528fcf-cc94-417b-97bd-48133fe724de is started using port 40503
2023-04-11 17:18:47,009 [BlockDeletingService#0] INFO  interfaces.ContainerDeletionChoosingPolicyTemplate (ContainerDeletionChoosingPolicyTemplate.java:chooseContainerForBlockDeletion(83)) - Chosen 0/5000 blocks from 0 candidate containers.
2023-04-11 17:18:47,311 [Listener at 127.0.0.1/45623] INFO  ozone.MiniOzoneClusterImpl (MiniOzoneClusterImpl.java:lambda$waitForClusterToBeReady$0(222)) - Waiting for nodes to be ready. Got 0 of 5 DN Heartbeats.
2023-04-11 17:18:47,311 [Listener at 127.0.0.1/45623] INFO  ozone.MiniOzoneClusterImpl (MiniOzoneClusterImpl.java:lambda$waitForClusterToBeReady$0(225)) - Waiting for cluster to exit safe mode
2023-04-11 17:18:47,311 [Listener at 127.0.0.1/45623] INFO  ozone.MiniOzoneClusterImpl (MiniOzoneClusterImpl.java:lambda$waitForClusterToBeReady$0(227)) - SCM became leader
2023-04-11 17:18:47,351 [EndpointStateMachine task thread for /0.0.0.0:40827 - 0 ] INFO  utils.DatanodeStoreCache (DatanodeStoreCache.java:addDB(58)) - Added db /home/runner/work/ozone/ozone/hadoop-ozone/integration-test/target/test-dir/MiniOzoneClusterImpl-7d6c2114-24de-471a-af28-9a4df9894e15/datanode-4/data-0/containers/hdds/7d6c2114-24de-471a-af28-9a4df9894e15/DS-0819b5d7-a708-4ff2-b8d1-add55acd19ba/container.db to cache
2023-04-11 17:18:47,351 [EndpointStateMachine task thread for /0.0.0.0:40827 - 0 ] INFO  volume.HddsVolume (HddsVolume.java:createDbStore(350)) - SchemaV3 db is created and loaded at /home/runner/work/ozone/ozone/hadoop-ozone/integration-test/target/test-dir/MiniOzoneClusterImpl-7d6c2114-24de-471a-af28-9a4df9894e15/datanode-4/data-0/containers/hdds/7d6c2114-24de-471a-af28-9a4df9894e15/DS-0819b5d7-a708-4ff2-b8d1-add55acd19ba/container.db for volume DS-0819b5d7-a708-4ff2-b8d1-add55acd19ba
2023-04-11 17:18:47,351 [EndpointStateMachine task thread for /0.0.0.0:40827 - 0 ] INFO  ozoneimpl.OzoneContainer (OzoneContainer.java:start(397)) - Attempting to start container services.
2023-04-11 17:18:47,351 [EndpointStateMachine task thread for /0.0.0.0:40827 - 0 ] INFO  ozoneimpl.OzoneContainer (OzoneContainer.java:startContainerScrub(314)) - Scheduled background container scanners and the on-demand container scanner have been disabled.
2023-04-11 17:18:47,354 [EndpointStateMachine task thread for /0.0.0.0:40827 - 0 ] INFO  replication.ReplicationServer (ReplicationServer.java:start(109)) - ReplicationServer is started using port 38445
2023-04-11 17:18:47,355 [EndpointStateMachine task thread for /0.0.0.0:40827 - 0 ] INFO  ratis.XceiverServerRatis (XceiverServerRatis.java:start(517)) - Starting XceiverServerRatis b174b524-4137-4544-9099-51b684ecdb2f
2023-04-11 17:18:47,355 [EndpointStateMachine task thread for /0.0.0.0:40827 - 0 ] INFO  server.RaftServer (RaftServerProxy.java:startImpl(393)) - b174b524-4137-4544-9099-51b684ecdb2f: start RPC server
2023-04-11 17:18:47,362 [EndpointStateMachine task thread for /0.0.0.0:40827 - 0 ] INFO  server.GrpcService (GrpcService.java:startImpl(262)) - b174b524-4137-4544-9099-51b684ecdb2f: GrpcService started, listening on 42655
2023-04-11 17:18:47,362 [EndpointStateMachine task thread for /0.0.0.0:40827 - 0 ] INFO  ratis.XceiverServerRatis (XceiverServerRatis.java:getRealPort(543)) - XceiverServerRatis b174b524-4137-4544-9099-51b684ecdb2f is started using port 42655 for RATIS
2023-04-11 17:18:47,362 [EndpointStateMachine task thread for /0.0.0.0:40827 - 0 ] INFO  ratis.XceiverServerRatis (XceiverServerRatis.java:getRealPort(543)) - XceiverServerRatis b174b524-4137-4544-9099-51b684ecdb2f is started using port 42655 for RATIS_ADMIN
2023-04-11 17:18:47,362 [JvmPauseMonitor16] INFO  util.JvmPauseMonitor (JvmPauseMonitor.java:run(105)) - JvmPauseMonitor-b174b524-4137-4544-9099-51b684ecdb2f: Started
2023-04-11 17:18:47,362 [EndpointStateMachine task thread for /0.0.0.0:40827 - 0 ] INFO  ratis.XceiverServerRatis (XceiverServerRatis.java:getRealPort(543)) - XceiverServerRatis b174b524-4137-4544-9099-51b684ecdb2f is started using port 42655 for RATIS_SERVER
2023-04-11 17:18:47,363 [EndpointStateMachine task thread for /0.0.0.0:40827 - 0 ] INFO  ratis.XceiverServerRatis (XceiverServerRatis.java:getRealPort(543)) - XceiverServerRatis b174b524-4137-4544-9099-51b684ecdb2f is started using port 37003 for RATIS_DATASTREAM
2023-04-11 17:18:47,365 [EndpointStateMachine task thread for /0.0.0.0:40827 - 0 ] INFO  server.XceiverServerGrpc (XceiverServerGrpc.java:start(180)) - XceiverServerGrpc b174b524-4137-4544-9099-51b684ecdb2f is started using port 46383
2023-04-11 17:18:47,366 [BlockDeletingService#0] INFO  interfaces.ContainerDeletionChoosingPolicyTemplate (ContainerDeletionChoosingPolicyTemplate.java:chooseContainerForBlockDeletion(83)) - Chosen 0/5000 blocks from 0 candidate containers.
2023-04-11 17:18:47,776 [IPC Server handler 1 on default port 40827] INFO  net.NetworkTopologyImpl (NetworkTopologyImpl.java:add(112)) - Added a new node: /default-rack/a8e18eb8-676b-4d89-b1ed-2f6ae890a6f9
2023-04-11 17:18:47,776 [IPC Server handler 1 on default port 40827] INFO  node.SCMNodeManager (SCMNodeManager.java:register(404)) - Registered Data node : a8e18eb8-676b-4d89-b1ed-2f6ae890a6f9{ip: 10.1.0.70, host: fv-az377-102.ap30g4v5sw5evmjtdmxdg2w53f.dx.internal.cloudapp.net, ports: [HTTP=38227, REPLICATION=37101, RATIS=45767, RATIS_ADMIN=45767, RATIS_SERVER=45767, RATIS_DATASTREAM=37603, STANDALONE=37271], networkLocation: /default-rack, certSerialId: null, persistedOpState: null, persistedOpStateExpiryEpochSec: 0}
2023-04-11 17:18:47,780 [EventQueue-NodeRegistrationContainerReportForDataNodeSafeModeRule] INFO  safemode.SCMSafeModeManager (DataNodeSafeModeRule.java:process(71)) - SCM in safe mode. 1 DataNodes registered, 3 required.
2023-04-11 17:18:47,780 [EventQueue-NodeRegistrationContainerReportForContainerSafeModeRule] INFO  safemode.SCMSafeModeManager (SCMSafeModeManager.java:validateSafeModeExitRules(200)) - ContainerSafeModeRule rule is successfully validated
2023-04-11 17:18:47,781 [EventQueue-NewNodeForNewNodeHandler] INFO  pipeline.BackgroundPipelineCreator (BackgroundPipelineCreator.java:notifyEventTriggered(276)) - trigger a one-shot run on RatisPipelineUtilsThread.
2023-04-11 17:18:47,783 [RatisPipelineUtilsThread - 0] INFO  pipeline.RatisPipelineProvider (RatisPipelineProvider.java:lambda$create$0(206)) - Sending CreatePipelineCommand for pipeline:PipelineID=8c67446f-1261-47e6-b545-c3e50c8f3973 to datanode:a8e18eb8-676b-4d89-b1ed-2f6ae890a6f9
2023-04-11 17:18:47,783 [EventQueue-PipelineReportForOneReplicaPipelineSafeModeRule] INFO  safemode.SCMSafeModeManager (SCMSafeModeManager.java:validateSafeModeExitRules(200)) - AtleastOneDatanodeReportedRule rule is successfully validated
2023-04-11 17:18:47,783 [RatisPipelineUtilsThread - 0] INFO  pipeline.PipelineStateManagerImpl (PipelineStateManagerImpl.java:addPipeline(103)) - Created pipeline Pipeline[ Id: 8c67446f-1261-47e6-b545-c3e50c8f3973, Nodes: a8e18eb8-676b-4d89-b1ed-2f6ae890a6f9(fv-az377-102.ap30g4v5sw5evmjtdmxdg2w53f.dx.internal.cloudapp.net/10.1.0.70), ReplicationConfig: RATIS/ONE, State:ALLOCATED, leaderId:, CreationTimestamp2023-04-11T17:18:47.783Z[Etc/UTC]].
2023-04-11 17:18:48,142 [IPC Server handler 2 on default port 40827] INFO  net.NetworkTopologyImpl (NetworkTopologyImpl.java:add(112)) - Added a new node: /default-rack/e6d924a0-7c53-4274-9275-f319576c3e7e
2023-04-11 17:18:48,142 [IPC Server handler 2 on default port 40827] INFO  node.SCMNodeManager (SCMNodeManager.java:register(404)) - Registered Data node : e6d924a0-7c53-4274-9275-f319576c3e7e{ip: 10.1.0.70, host: fv-az377-102.ap30g4v5sw5evmjtdmxdg2w53f.dx.internal.cloudapp.net, ports: [HTTP=45597, REPLICATION=42821, RATIS=45625, RATIS_ADMIN=45625, RATIS_SERVER=45625, RATIS_DATASTREAM=33769, STANDALONE=45581], networkLocation: /default-rack, certSerialId: null, persistedOpState: null, persistedOpStateExpiryEpochSec: 0}
2023-04-11 17:18:48,142 [EventQueue-NewNodeForNewNodeHandler] INFO  pipeline.BackgroundPipelineCreator (BackgroundPipelineCreator.java:notifyEventTriggered(276)) - trigger a one-shot run on RatisPipelineUtilsThread.
2023-04-11 17:18:48,144 [EventQueue-NodeRegistrationContainerReportForDataNodeSafeModeRule] INFO  safemode.SCMSafeModeManager (DataNodeSafeModeRule.java:process(71)) - SCM in safe mode. 2 DataNodes registered, 3 required.
2023-04-11 17:18:48,145 [RatisPipelineUtilsThread - 0] INFO  pipeline.RatisPipelineProvider (RatisPipelineProvider.java:lambda$create$0(206)) - Sending CreatePipelineCommand for pipeline:PipelineID=27dbd68c-74d7-4f15-bef4-fbda25616759 to datanode:e6d924a0-7c53-4274-9275-f319576c3e7e
2023-04-11 17:18:48,145 [RatisPipelineUtilsThread - 0] INFO  pipeline.PipelineStateManagerImpl (PipelineStateManagerImpl.java:addPipeline(103)) - Created pipeline Pipeline[ Id: 27dbd68c-74d7-4f15-bef4-fbda25616759, Nodes: e6d924a0-7c53-4274-9275-f319576c3e7e(fv-az377-102.ap30g4v5sw5evmjtdmxdg2w53f.dx.internal.cloudapp.net/10.1.0.70), ReplicationConfig: RATIS/ONE, State:ALLOCATED, leaderId:, CreationTimestamp2023-04-11T17:18:48.145Z[Etc/UTC]].
2023-04-11 17:18:48,311 [Listener at 127.0.0.1/45623] INFO  ozone.MiniOzoneClusterImpl (MiniOzoneClusterImpl.java:lambda$waitForClusterToBeReady$0(222)) - Waiting for nodes to be ready. Got 2 of 5 DN Heartbeats.
2023-04-11 17:18:48,312 [Listener at 127.0.0.1/45623] INFO  ozone.MiniOzoneClusterImpl (MiniOzoneClusterImpl.java:lambda$waitForClusterToBeReady$0(225)) - Waiting for cluster to exit safe mode
2023-04-11 17:18:48,312 [Listener at 127.0.0.1/45623] INFO  ozone.MiniOzoneClusterImpl (MiniOzoneClusterImpl.java:lambda$waitForClusterToBeReady$0(227)) - SCM became leader
2023-04-11 17:18:48,567 [IPC Server handler 0 on default port 40827] INFO  net.NetworkTopologyImpl (NetworkTopologyImpl.java:add(112)) - Added a new node: /default-rack/88c84cd2-72ca-4eec-b7eb-2fcd5700cf38
2023-04-11 17:18:48,567 [IPC Server handler 0 on default port 40827] INFO  node.SCMNodeManager (SCMNodeManager.java:register(404)) - Registered Data node : 88c84cd2-72ca-4eec-b7eb-2fcd5700cf38{ip: 10.1.0.70, host: fv-az377-102.ap30g4v5sw5evmjtdmxdg2w53f.dx.internal.cloudapp.net, ports: [HTTP=39643, REPLICATION=36081, RATIS=44245, RATIS_ADMIN=44245, RATIS_SERVER=44245, RATIS_DATASTREAM=38609, STANDALONE=33877], networkLocation: /default-rack, certSerialId: null, persistedOpState: null, persistedOpStateExpiryEpochSec: 0}
2023-04-11 17:18:48,569 [EventQueue-NodeRegistrationContainerReportForDataNodeSafeModeRule] INFO  safemode.SCMSafeModeManager (DataNodeSafeModeRule.java:process(71)) - SCM in safe mode. 3 DataNodes registered, 3 required.
2023-04-11 17:18:48,569 [EventQueue-NodeRegistrationContainerReportForDataNodeSafeModeRule] INFO  safemode.SCMSafeModeManager (SCMSafeModeManager.java:validateSafeModeExitRules(200)) - DataNodeSafeModeRule rule is successfully validated
2023-04-11 17:18:48,569 [EventQueue-NodeRegistrationContainerReportForDataNodeSafeModeRule] INFO  safemode.SCMSafeModeManager (SCMSafeModeManager.java:completePreCheck(229)) - All SCM safe mode pre check rules have passed
2023-04-11 17:18:48,569 [EventQueue-NodeRegistrationContainerReportForDataNodeSafeModeRule] INFO  ha.SCMContext (SCMContext.java:updateSafeModeStatus(228)) - Update SafeModeStatus from SafeModeStatus{safeModeStatus=true, preCheckPassed=false} to SafeModeStatus{safeModeStatus=true, preCheckPassed=true}.
2023-04-11 17:18:48,569 [EventQueue-NodeRegistrationContainerReportForDataNodeSafeModeRule] INFO  pipeline.BackgroundPipelineCreator (BackgroundPipelineCreator.java:notifyEventTriggered(276)) - trigger a one-shot run on RatisPipelineUtilsThread.
2023-04-11 17:18:48,569 [EventQueue-NewNodeForNewNodeHandler] INFO  pipeline.BackgroundPipelineCreator (BackgroundPipelineCreator.java:notifyEventTriggered(276)) - trigger a one-shot run on RatisPipelineUtilsThread.
2023-04-11 17:18:48,569 [RatisPipelineUtilsThread - 0] INFO  pipeline.RatisPipelineProvider (RatisPipelineProvider.java:lambda$create$0(206)) - Sending CreatePipelineCommand for pipeline:PipelineID=15420a60-4c24-4281-bfbb-78b466434dff to datanode:88c84cd2-72ca-4eec-b7eb-2fcd5700cf38
2023-04-11 17:18:48,570 [RatisPipelineUtilsThread - 0] INFO  pipeline.PipelineStateManagerImpl (PipelineStateManagerImpl.java:addPipeline(103)) - Created pipeline Pipeline[ Id: 15420a60-4c24-4281-bfbb-78b466434dff, Nodes: 88c84cd2-72ca-4eec-b7eb-2fcd5700cf38(fv-az377-102.ap30g4v5sw5evmjtdmxdg2w53f.dx.internal.cloudapp.net/10.1.0.70), ReplicationConfig: RATIS/ONE, State:ALLOCATED, leaderId:, CreationTimestamp2023-04-11T17:18:48.569Z[Etc/UTC]].
2023-04-11 17:18:48,570 [RatisPipelineUtilsThread - 0] INFO  pipeline.RatisPipelineProvider (RatisPipelineProvider.java:lambda$create$0(206)) - Sending CreatePipelineCommand for pipeline:PipelineID=f6989f48-5272-4e73-8582-acf34f2e288e to datanode:a8e18eb8-676b-4d89-b1ed-2f6ae890a6f9
2023-04-11 17:18:48,570 [RatisPipelineUtilsThread - 0] INFO  pipeline.RatisPipelineProvider (RatisPipelineProvider.java:lambda$create$0(206)) - Sending CreatePipelineCommand for pipeline:PipelineID=f6989f48-5272-4e73-8582-acf34f2e288e to datanode:e6d924a0-7c53-4274-9275-f319576c3e7e
2023-04-11 17:18:48,570 [RatisPipelineUtilsThread - 0] INFO  pipeline.RatisPipelineProvider (RatisPipelineProvider.java:lambda$create$0(206)) - Sending CreatePipelineCommand for pipeline:PipelineID=f6989f48-5272-4e73-8582-acf34f2e288e to datanode:88c84cd2-72ca-4eec-b7eb-2fcd5700cf38
2023-04-11 17:18:48,571 [RatisPipelineUtilsThread - 0] INFO  pipeline.PipelineStateManagerImpl (PipelineStateManagerImpl.java:addPipeline(103)) - Created pipeline Pipeline[ Id: f6989f48-5272-4e73-8582-acf34f2e288e, Nodes: a8e18eb8-676b-4d89-b1ed-2f6ae890a6f9(fv-az377-102.ap30g4v5sw5evmjtdmxdg2w53f.dx.internal.cloudapp.net/10.1.0.70)e6d924a0-7c53-4274-9275-f319576c3e7e(fv-az377-102.ap30g4v5sw5evmjtdmxdg2w53f.dx.internal.cloudapp.net/10.1.0.70)88c84cd2-72ca-4eec-b7eb-2fcd5700cf38(fv-az377-102.ap30g4v5sw5evmjtdmxdg2w53f.dx.internal.cloudapp.net/10.1.0.70), ReplicationConfig: RATIS/THREE, State:ALLOCATED, leaderId:, CreationTimestamp2023-04-11T17:18:48.570Z[Etc/UTC]].
2023-04-11 17:18:48,571 [RatisPipelineUtilsThread - 0] INFO  pipeline.RatisPipelineProvider (RatisPipelineProvider.java:lambda$create$0(206)) - Sending CreatePipelineCommand for pipeline:PipelineID=a3990966-70ec-425c-9f61-8b96ce921ab7 to datanode:a8e18eb8-676b-4d89-b1ed-2f6ae890a6f9
2023-04-11 17:18:48,571 [RatisPipelineUtilsThread - 0] INFO  pipeline.RatisPipelineProvider (RatisPipelineProvider.java:lambda$create$0(206)) - Sending CreatePipelineCommand for pipeline:PipelineID=a3990966-70ec-425c-9f61-8b96ce921ab7 to datanode:e6d924a0-7c53-4274-9275-f319576c3e7e
2023-04-11 17:18:48,571 [RatisPipelineUtilsThread - 0] INFO  pipeline.RatisPipelineProvider (RatisPipelineProvider.java:lambda$create$0(206)) - Sending CreatePipelineCommand for pipeline:PipelineID=a3990966-70ec-425c-9f61-8b96ce921ab7 to datanode:88c84cd2-72ca-4eec-b7eb-2fcd5700cf38
2023-04-11 17:18:48,571 [RatisPipelineUtilsThread - 0] INFO  pipeline.PipelineStateManagerImpl (PipelineStateManagerImpl.java:addPipeline(103)) - Created pipeline Pipeline[ Id: a3990966-70ec-425c-9f61-8b96ce921ab7, Nodes: a8e18eb8-676b-4d89-b1ed-2f6ae890a6f9(fv-az377-102.ap30g4v5sw5evmjtdmxdg2w53f.dx.internal.cloudapp.net/10.1.0.70)e6d924a0-7c53-4274-9275-f319576c3e7e(fv-az377-102.ap30g4v5sw5evmjtdmxdg2w53f.dx.internal.cloudapp.net/10.1.0.70)88c84cd2-72ca-4eec-b7eb-2fcd5700cf38(fv-az377-102.ap30g4v5sw5evmjtdmxdg2w53f.dx.internal.cloudapp.net/10.1.0.70), ReplicationConfig: RATIS/THREE, State:ALLOCATED, leaderId:, CreationTimestamp2023-04-11T17:18:48.571Z[Etc/UTC]].
2023-04-11 17:18:48,571 [RatisPipelineUtilsThread - 0] INFO  pipeline.PipelineManagerImpl (PipelineManagerImpl.java:recordMetricsForPipeline(826)) - Pipeline: PipelineID=a3990966-70ec-425c-9f61-8b96ce921ab7 contains same datanodes as previous pipelines: PipelineID=f6989f48-5272-4e73-8582-acf34f2e288e nodeIds: a8e18eb8-676b-4d89-b1ed-2f6ae890a6f9, e6d924a0-7c53-4274-9275-f319576c3e7e, 88c84cd2-72ca-4eec-b7eb-2fcd5700cf38
2023-04-11 17:18:48,572 [RatisPipelineUtilsThread - 0] WARN  pipeline.PipelinePlacementPolicy (PipelinePlacementPolicy.java:filterViableNodes(160)) - Pipeline creation failed due to no sufficient healthy datanodes. Required 3. Found 0. Excluded 3.
2023-04-11 17:18:48,572 [RatisPipelineUtilsThread - 0] WARN  pipeline.PipelinePlacementPolicy (PipelinePlacementPolicy.java:filterViableNodes(160)) - Pipeline creation failed due to no sufficient healthy datanodes. Required 3. Found 0. Excluded 3.
2023-04-11 17:18:48,956 [IPC Server handler 2 on default port 40827] INFO  net.NetworkTopologyImpl (NetworkTopologyImpl.java:add(112)) - Added a new node: /default-rack/e2528fcf-cc94-417b-97bd-48133fe724de
2023-04-11 17:18:48,957 [IPC Server handler 2 on default port 40827] INFO  node.SCMNodeManager (SCMNodeManager.java:register(404)) - Registered Data node : e2528fcf-cc94-417b-97bd-48133fe724de{ip: 10.1.0.70, host: fv-az377-102.ap30g4v5sw5evmjtdmxdg2w53f.dx.internal.cloudapp.net, ports: [HTTP=40185, REPLICATION=39833, RATIS=38091, RATIS_ADMIN=38091, RATIS_SERVER=38091, RATIS_DATASTREAM=42817, STANDALONE=40503], networkLocation: /default-rack, certSerialId: null, persistedOpState: null, persistedOpStateExpiryEpochSec: 0}
2023-04-11 17:18:48,957 [EventQueue-NewNodeForNewNodeHandler] INFO  pipeline.BackgroundPipelineCreator (BackgroundPipelineCreator.java:notifyEventTriggered(276)) - trigger a one-shot run on RatisPipelineUtilsThread.
2023-04-11 17:18:48,957 [RatisPipelineUtilsThread - 0] INFO  pipeline.RatisPipelineProvider (RatisPipelineProvider.java:lambda$create$0(206)) - Sending CreatePipelineCommand for pipeline:PipelineID=302d8b3f-31be-4fbc-9fa7-02b654eafdef to datanode:e2528fcf-cc94-417b-97bd-48133fe724de
2023-04-11 17:18:48,958 [RatisPipelineUtilsThread - 0] INFO  pipeline.PipelineStateManagerImpl (PipelineStateManagerImpl.java:addPipeline(103)) - Created pipeline Pipeline[ Id: 302d8b3f-31be-4fbc-9fa7-02b654eafdef, Nodes: e2528fcf-cc94-417b-97bd-48133fe724de(fv-az377-102.ap30g4v5sw5evmjtdmxdg2w53f.dx.internal.cloudapp.net/10.1.0.70), ReplicationConfig: RATIS/ONE, State:ALLOCATED, leaderId:, CreationTimestamp2023-04-11T17:18:48.957Z[Etc/UTC]].
2023-04-11 17:18:48,958 [RatisPipelineUtilsThread - 0] WARN  pipeline.PipelinePlacementPolicy (PipelinePlacementPolicy.java:filterViableNodes(160)) - Pipeline creation failed due to no sufficient healthy datanodes. Required 3. Found 1. Excluded 3.
2023-04-11 17:18:49,312 [Listener at 127.0.0.1/45623] INFO  ozone.MiniOzoneClusterImpl (MiniOzoneClusterImpl.java:lambda$waitForClusterToBeReady$0(222)) - Waiting for nodes to be ready. Got 4 of 5 DN Heartbeats.
2023-04-11 17:18:49,312 [Listener at 127.0.0.1/45623] INFO  ozone.MiniOzoneClusterImpl (MiniOzoneClusterImpl.java:lambda$waitForClusterToBeReady$0(225)) - Waiting for cluster to exit safe mode
2023-04-11 17:18:49,312 [Listener at 127.0.0.1/45623] INFO  ozone.MiniOzoneClusterImpl (MiniOzoneClusterImpl.java:lambda$waitForClusterToBeReady$0(227)) - SCM became leader
2023-04-11 17:18:49,315 [IPC Server handler 3 on default port 40827] INFO  net.NetworkTopologyImpl (NetworkTopologyImpl.java:add(112)) - Added a new node: /default-rack/b174b524-4137-4544-9099-51b684ecdb2f
2023-04-11 17:18:49,315 [IPC Server handler 3 on default port 40827] INFO  node.SCMNodeManager (SCMNodeManager.java:register(404)) - Registered Data node : b174b524-4137-4544-9099-51b684ecdb2f{ip: 10.1.0.70, host: fv-az377-102.ap30g4v5sw5evmjtdmxdg2w53f.dx.internal.cloudapp.net, ports: [HTTP=37329, REPLICATION=38445, RATIS=42655, RATIS_ADMIN=42655, RATIS_SERVER=42655, RATIS_DATASTREAM=37003, STANDALONE=46383], networkLocation: /default-rack, certSerialId: null, persistedOpState: null, persistedOpStateExpiryEpochSec: 0}
2023-04-11 17:18:49,316 [EventQueue-NewNodeForNewNodeHandler] INFO  pipeline.BackgroundPipelineCreator (BackgroundPipelineCreator.java:notifyEventTriggered(276)) - trigger a one-shot run on RatisPipelineUtilsThread.
2023-04-11 17:18:49,316 [RatisPipelineUtilsThread - 0] INFO  pipeline.RatisPipelineProvider (RatisPipelineProvider.java:lambda$create$0(206)) - Sending CreatePipelineCommand for pipeline:PipelineID=54008dd2-f729-4cc7-9569-3d083af0f858 to datanode:b174b524-4137-4544-9099-51b684ecdb2f
2023-04-11 17:18:49,317 [RatisPipelineUtilsThread - 0] INFO  pipeline.PipelineStateManagerImpl (PipelineStateManagerImpl.java:addPipeline(103)) - Created pipeline Pipeline[ Id: 54008dd2-f729-4cc7-9569-3d083af0f858, Nodes: b174b524-4137-4544-9099-51b684ecdb2f(fv-az377-102.ap30g4v5sw5evmjtdmxdg2w53f.dx.internal.cloudapp.net/10.1.0.70), ReplicationConfig: RATIS/ONE, State:ALLOCATED, leaderId:, CreationTimestamp2023-04-11T17:18:49.316Z[Etc/UTC]].
2023-04-11 17:18:49,317 [RatisPipelineUtilsThread - 0] WARN  pipeline.PipelinePlacementPolicy (PipelinePlacementPolicy.java:filterViableNodes(160)) - Pipeline creation failed due to no sufficient healthy datanodes. Required 3. Found 2. Excluded 3.
2023-04-11 17:18:50,313 [Listener at 127.0.0.1/45623] INFO  ozone.MiniOzoneClusterImpl (MiniOzoneClusterImpl.java:lambda$waitForClusterToBeReady$0(222)) - Nodes are ready. Got 5 of 5 DN Heartbeats.
2023-04-11 17:18:50,313 [Listener at 127.0.0.1/45623] INFO  ozone.MiniOzoneClusterImpl (MiniOzoneClusterImpl.java:lambda$waitForClusterToBeReady$0(225)) - Waiting for cluster to exit safe mode
2023-04-11 17:18:50,313 [Listener at 127.0.0.1/45623] INFO  ozone.MiniOzoneClusterImpl (MiniOzoneClusterImpl.java:lambda$waitForClusterToBeReady$0(227)) - SCM became leader
2023-04-11 17:18:50,776 [Command processor thread] INFO  server.RaftServer (RaftServerProxy.java:addNew(96)) - a8e18eb8-676b-4d89-b1ed-2f6ae890a6f9: addNew group-C3E50C8F3973:[a8e18eb8-676b-4d89-b1ed-2f6ae890a6f9|rpc:10.1.0.70:45767|dataStream:10.1.0.70:37603|priority:1|startupRole:FOLLOWER] returns group-C3E50C8F3973:java.util.concurrent.CompletableFuture@611ade3b[Not completed]
2023-04-11 17:18:50,778 [pool-498-thread-1] INFO  server.RaftServer$Division (RaftServerImpl.java:<init>(195)) - a8e18eb8-676b-4d89-b1ed-2f6ae890a6f9: new RaftServerImpl for group-C3E50C8F3973:[a8e18eb8-676b-4d89-b1ed-2f6ae890a6f9|rpc:10.1.0.70:45767|dataStream:10.1.0.70:37603|priority:1|startupRole:FOLLOWER] with ContainerStateMachine:uninitialized
2023-04-11 17:18:50,778 [pool-498-thread-1] INFO  server.RaftServerConfigKeys (ConfUtils.java:logGet(46)) - raft.server.rpc.timeout.min = 5s (custom)
2023-04-11 17:18:50,778 [pool-498-thread-1] INFO  server.RaftServerConfigKeys (ConfUtils.java:logGet(46)) - raft.server.rpc.timeout.max = 5200ms (custom)
2023-04-11 17:18:50,778 [pool-498-thread-1] INFO  server.RaftServerConfigKeys (ConfUtils.java:logGet(46)) - raft.server.rpc.sleep.time = 25ms (default)
2023-04-11 17:18:50,778 [pool-498-thread-1] INFO  server.RaftServerConfigKeys (ConfUtils.java:logGet(46)) - raft.server.rpc.slowness.timeout = 300s (custom)
2023-04-11 17:18:50,778 [pool-498-thread-1] INFO  server.RaftServerConfigKeys (ConfUtils.java:logGet(46)) - raft.server.leaderelection.leader.step-down.wait-time = 10s (default)
2023-04-11 17:18:50,778 [pool-498-thread-1] INFO  server.RaftServerConfigKeys (ConfUtils.java:logGet(46)) - raft.server.sleep.deviation.threshold = 300ms (default)
2023-04-11 17:18:50,778 [pool-498-thread-1] INFO  server.RaftServer$Division (ServerState.java:<init>(118)) - a8e18eb8-676b-4d89-b1ed-2f6ae890a6f9@group-C3E50C8F3973: ConfigurationManager, init=-1: peers:[a8e18eb8-676b-4d89-b1ed-2f6ae890a6f9|rpc:10.1.0.70:45767|dataStream:10.1.0.70:37603|priority:1|startupRole:FOLLOWER]|listeners:[], old=null, confs=<EMPTY_MAP>
2023-04-11 17:18:50,778 [pool-498-thread-1] INFO  server.RaftServerConfigKeys (ConfUtils.java:logGet(46)) - raft.server.storage.dir = [/home/runner/work/ozone/ozone/hadoop-ozone/integration-test/target/test-dir/MiniOzoneClusterImpl-7d6c2114-24de-471a-af28-9a4df9894e15/datanode-0/data/ratis] (custom)
2023-04-11 17:18:50,779 [pool-498-thread-1] INFO  server.RaftServerConfigKeys (ConfUtils.java:logGet(46)) - raft.server.log.corruption.policy = EXCEPTION (default)
2023-04-11 17:18:50,779 [pool-498-thread-1] INFO  server.RaftServerConfigKeys (ConfUtils.java:logGet(46)) - raft.server.storage.free-space.min = 0MB (=0) (default)
2023-04-11 17:18:50,779 [pool-498-thread-1] INFO  server.RaftServerConfigKeys (ConfUtils.java:logGet(46)) - raft.server.notification.no-leader.timeout = 300s (custom)
2023-04-11 17:18:50,779 [pool-498-thread-1] INFO  server.RaftServerConfigKeys (ConfUtils.java:logGet(46)) - raft.server.retrycache.expirytime = 600000ms (custom)
2023-04-11 17:18:50,779 [pool-498-thread-1] INFO  server.RaftServerConfigKeys (ConfUtils.java:logGet(46)) - raft.server.retrycache.statistics.expirytime = 100μs (default)
2023-04-11 17:18:50,780 [pool-498-thread-1] INFO  server.RaftServerConfigKeys (ConfUtils.java:logGet(46)) - raft.server.log.appender.install.snapshot.enabled = false (custom)
2023-04-11 17:18:50,780 [pool-498-thread-1] INFO  server.RaftServerConfigKeys (ConfUtils.java:logGet(46)) - raft.server.threadpool.server.cached = true (default)
2023-04-11 17:18:50,780 [pool-498-thread-1] INFO  server.RaftServerConfigKeys (ConfUtils.java:logGet(46)) - raft.server.threadpool.server.size = 0 (default)
2023-04-11 17:18:50,780 [pool-498-thread-1] INFO  server.RaftServerConfigKeys (ConfUtils.java:logGet(46)) - raft.server.threadpool.client.cached = true (default)
2023-04-11 17:18:50,780 [pool-498-thread-1] INFO  server.RaftServerConfigKeys (ConfUtils.java:logGet(46)) - raft.server.threadpool.client.size = 0 (default)
2023-04-11 17:18:50,780 [pool-498-thread-1] INFO  storage.RaftStorageDirectory (RaftStorageDirectoryImpl.java:analyzeStorage(137)) - The storage directory /home/runner/work/ozone/ozone/hadoop-ozone/integration-test/target/test-dir/MiniOzoneClusterImpl-7d6c2114-24de-471a-af28-9a4df9894e15/datanode-0/data/ratis/8c67446f-1261-47e6-b545-c3e50c8f3973 does not exist. Creating ...
2023-04-11 17:18:50,782 [pool-498-thread-1] INFO  storage.RaftStorageDirectory (RaftStorageDirectoryImpl.java:tryLock(231)) - Lock on /home/runner/work/ozone/ozone/hadoop-ozone/integration-test/target/test-dir/MiniOzoneClusterImpl-7d6c2114-24de-471a-af28-9a4df9894e15/datanode-0/data/ratis/8c67446f-1261-47e6-b545-c3e50c8f3973/in_use.lock acquired by nodename 52175@fv-az377-102
2023-04-11 17:18:50,783 [pool-498-thread-1] INFO  storage.RaftStorage (RaftStorageImpl.java:format(96)) - Storage directory /home/runner/work/ozone/ozone/hadoop-ozone/integration-test/target/test-dir/MiniOzoneClusterImpl-7d6c2114-24de-471a-af28-9a4df9894e15/datanode-0/data/ratis/8c67446f-1261-47e6-b545-c3e50c8f3973 has been successfully formatted.
2023-04-11 17:18:50,785 [pool-498-thread-1] INFO  ratis.ContainerStateMachine (ContainerStateMachine.java:loadSnapshot(262)) - group-C3E50C8F3973: The snapshot info is null. Setting the last applied indexto:(t:0, i:~)
2023-04-11 17:18:50,785 [pool-498-thread-1] INFO  server.RaftServerConfigKeys (ConfUtils.java:logGet(46)) - raft.server.log.use.memory = false (default)
2023-04-11 17:18:50,785 [pool-498-thread-1] INFO  server.RaftServerConfigKeys (ConfUtils.java:logGet(46)) - raft.server.log.purge.gap = 1000000 (custom)
2023-04-11 17:18:50,785 [pool-498-thread-1] INFO  server.RaftServerConfigKeys (ConfUtils.java:logGet(46)) - raft.server.log.appender.buffer.byte-limit = 33554432 (custom)
2023-04-11 17:18:50,785 [pool-498-thread-1] INFO  server.RaftServerConfigKeys (ConfUtils.java:logGet(46)) - raft.server.log.statemachine.data.read.timeout = 1000ms (default)
2023-04-11 17:18:50,785 [pool-498-thread-1] INFO  server.RaftServerConfigKeys (ConfUtils.java:logGet(46)) - raft.server.log.purge.preservation.log.num = 0 (default)
2023-04-11 17:18:50,785 [pool-498-thread-1] INFO  server.RaftServerConfigKeys (ConfUtils.java:logGet(46)) - raft.server.log.segment.size.max = 1048576 (custom)
2023-04-11 17:18:50,786 [EventQueue-PipelineReportForPipelineReportHandler] INFO  pipeline.PipelineManagerImpl (PipelineManagerImpl.java:openPipeline(367)) - Pipeline Pipeline[ Id: 8c67446f-1261-47e6-b545-c3e50c8f3973, Nodes: a8e18eb8-676b-4d89-b1ed-2f6ae890a6f9(fv-az377-102.ap30g4v5sw5evmjtdmxdg2w53f.dx.internal.cloudapp.net/10.1.0.70), ReplicationConfig: RATIS/ONE, State:ALLOCATED, leaderId:a8e18eb8-676b-4d89-b1ed-2f6ae890a6f9, CreationTimestamp2023-04-11T17:18:47.783Z[Etc/UTC]] moved to OPEN state
2023-04-11 17:18:50,789 [pool-498-thread-1] INFO  server.RaftServerConfigKeys (ConfUtils.java:logGet(46)) - raft.server.log.segment.cache.num.max = 2 (custom)
2023-04-11 17:18:50,789 [pool-498-thread-1] INFO  server.RaftServerConfigKeys (ConfUtils.java:logGet(46)) - raft.server.log.segment.cache.size.max = 200MB (=209715200) (default)
2023-04-11 17:18:50,789 [pool-498-thread-1] INFO  segmented.SegmentedRaftLogWorker (SegmentedRaftLogWorker.java:<init>(189)) - new a8e18eb8-676b-4d89-b1ed-2f6ae890a6f9@group-C3E50C8F3973-SegmentedRaftLogWorker for RaftStorageImpl:Storage Directory /home/runner/work/ozone/ozone/hadoop-ozone/integration-test/target/test-dir/MiniOzoneClusterImpl-7d6c2114-24de-471a-af28-9a4df9894e15/datanode-0/data/ratis/8c67446f-1261-47e6-b545-c3e50c8f3973
2023-04-11 17:18:50,789 [pool-498-thread-1] INFO  server.RaftServerConfigKeys (ConfUtils.java:logGet(46)) - raft.server.log.queue.byte-limit = 4294967296 (custom)
2023-04-11 17:18:50,789 [pool-498-thread-1] INFO  server.RaftServerConfigKeys (ConfUtils.java:logGet(46)) - raft.server.log.queue.element-limit = 1024 (custom)
2023-04-11 17:18:50,789 [pool-498-thread-1] INFO  server.RaftServerConfigKeys (ConfUtils.java:logGet(46)) - raft.server.log.segment.size.max = 1048576 (custom)
2023-04-11 17:18:50,789 [pool-498-thread-1] INFO  server.RaftServerConfigKeys (ConfUtils.java:logGet(46)) - raft.server.log.preallocated.size = 16384 (custom)
2023-04-11 17:18:50,789 [pool-498-thread-1] INFO  server.RaftServerConfigKeys (ConfUtils.java:logGet(46)) - raft.server.log.force.sync.num = 128 (default)
2023-04-11 17:18:50,789 [pool-498-thread-1] INFO  server.RaftServerConfigKeys (ConfUtils.java:logGet(46)) - raft.server.log.statemachine.data.sync = true (default)
2023-04-11 17:18:50,789 [pool-498-thread-1] INFO  server.RaftServerConfigKeys (ConfUtils.java:logGet(46)) - raft.server.log.statemachine.data.sync.timeout = 10s (default)
2023-04-11 17:18:50,789 [pool-498-thread-1] INFO  server.RaftServerConfigKeys (ConfUtils.java:logGet(46)) - raft.server.log.statemachine.data.sync.timeout.retry = -1 (default)
2023-04-11 17:18:50,791 [pool-498-thread-1] INFO  server.RaftServerConfigKeys (ConfUtils.java:logGet(46)) - raft.server.log.write.buffer.size = 1048576 (custom)
2023-04-11 17:18:50,791 [pool-498-thread-1] INFO  server.RaftServerConfigKeys (ConfUtils.java:logGet(46)) - raft.server.log.appender.buffer.byte-limit = 33554432 (custom)
2023-04-11 17:18:50,791 [EventQueue-OpenPipelineForHealthyPipelineSafeModeRule] INFO  safemode.SCMSafeModeManager (HealthyPipelineSafeModeRule.java:process(137)) - SCM in safe mode. Healthy pipelines reported count is 0, required healthy pipeline reported count is 1
2023-04-11 17:18:50,797 [pool-498-thread-1] INFO  server.RaftServerConfigKeys (ConfUtils.java:logGet(46)) - raft.server.log.unsafe-flush.enabled = false (default)
2023-04-11 17:18:50,798 [pool-498-thread-1] INFO  server.RaftServerConfigKeys (ConfUtils.java:logGet(46)) - raft.server.log.async-flush.enabled = false (default)
2023-04-11 17:18:50,798 [pool-498-thread-1] INFO  server.RaftServerConfigKeys (ConfUtils.java:logGet(46)) - raft.server.log.statemachine.data.caching.enabled = true (custom)
2023-04-11 17:18:50,798 [pool-498-thread-1] INFO  segmented.SegmentedRaftLogWorker (SegmentedRaftLogWorker.java:lambda$new$0(135)) - a8e18eb8-676b-4d89-b1ed-2f6ae890a6f9@group-C3E50C8F3973-SegmentedRaftLogWorker: flushIndex: setUnconditionally 0 -> -1
2023-04-11 17:18:50,798 [pool-498-thread-1] INFO  segmented.SegmentedRaftLogWorker (SegmentedRaftLogWorker.java:lambda$new$0(135)) - a8e18eb8-676b-4d89-b1ed-2f6ae890a6f9@group-C3E50C8F3973-SegmentedRaftLogWorker: safeCacheEvictIndex: setUnconditionally 0 -> -1
2023-04-11 17:18:50,798 [pool-498-thread-1] INFO  server.RaftServer$Division (RaftServerImpl.java:start(334)) - a8e18eb8-676b-4d89-b1ed-2f6ae890a6f9@group-C3E50C8F3973: start as a follower, conf=-1: peers:[a8e18eb8-676b-4d89-b1ed-2f6ae890a6f9|rpc:10.1.0.70:45767|dataStream:10.1.0.70:37603|priority:1|startupRole:FOLLOWER]|listeners:[], old=null
2023-04-11 17:18:50,798 [pool-498-thread-1] INFO  server.RaftServer$Division (RaftServerImpl.java:setRole(321)) - a8e18eb8-676b-4d89-b1ed-2f6ae890a6f9@group-C3E50C8F3973: changes role from      null to FOLLOWER at term 0 for startAsFollower
2023-04-11 17:18:50,798 [pool-498-thread-1] INFO  impl.RoleInfo (RoleInfo.java:updateAndGet(139)) - a8e18eb8-676b-4d89-b1ed-2f6ae890a6f9: start a8e18eb8-676b-4d89-b1ed-2f6ae890a6f9@group-C3E50C8F3973-FollowerState
2023-04-11 17:18:50,799 [pool-498-thread-1] INFO  util.JmxRegister (JmxRegister.java:tryRegister(44)) - Successfully registered JMX Bean with object name Ratis:service=RaftServer,group=group-C3E50C8F3973,id=a8e18eb8-676b-4d89-b1ed-2f6ae890a6f9
2023-04-11 17:18:50,799 [pool-498-thread-1] INFO  server.RaftServerConfigKeys (ConfUtils.java:logGet(46)) - raft.server.snapshot.auto.trigger.enabled = true (custom)
2023-04-11 17:18:50,799 [pool-498-thread-1] INFO  server.RaftServerConfigKeys (ConfUtils.java:logGet(46)) - raft.server.snapshot.auto.trigger.threshold = 10000 (custom)
2023-04-11 17:18:50,799 [pool-498-thread-1] INFO  server.RaftServerConfigKeys (ConfUtils.java:logGet(46)) - raft.server.snapshot.retention.file.num = 5 (custom)
2023-04-11 17:18:50,799 [pool-498-thread-1] INFO  server.RaftServerConfigKeys (ConfUtils.java:logGet(46)) - raft.server.log.purge.upto.snapshot.index = false (default)
2023-04-11 17:18:50,799 [a8e18eb8-676b-4d89-b1ed-2f6ae890a6f9@group-C3E50C8F3973-FollowerState] INFO  server.RaftServerConfigKeys (ConfUtils.java:logFallback(53)) - raft.server.rpc.first-election.timeout.min = 5s (fallback to raft.server.rpc.timeout.min)
2023-04-11 17:18:50,799 [a8e18eb8-676b-4d89-b1ed-2f6ae890a6f9@group-C3E50C8F3973-FollowerState] INFO  server.RaftServerConfigKeys (ConfUtils.java:logFallback(53)) - raft.server.rpc.first-election.timeout.max = 5200ms (fallback to raft.server.rpc.timeout.max)
2023-04-11 17:18:50,800 [Command processor thread] INFO  ratis.XceiverServerRatis (XceiverServerRatis.java:addGroup(806)) - Created group PipelineID=8c67446f-1261-47e6-b545-c3e50c8f3973
2023-04-11 17:18:50,800 [Command processor thread] INFO  commandhandler.CreatePipelineCommandHandler (CreatePipelineCommandHandler.java:handle(113)) - Created Pipeline RATIS ONE PipelineID=8c67446f-1261-47e6-b545-c3e50c8f3973.
2023-04-11 17:18:50,800 [Command processor thread] INFO  server.RaftServer (RaftServerProxy.java:addNew(96)) - a8e18eb8-676b-4d89-b1ed-2f6ae890a6f9: addNew group-ACF34F2E288E:[88c84cd2-72ca-4eec-b7eb-2fcd5700cf38|rpc:10.1.0.70:44245|dataStream:10.1.0.70:38609|priority:0|startupRole:FOLLOWER, a8e18eb8-676b-4d89-b1ed-2f6ae890a6f9|rpc:10.1.0.70:45767|dataStream:10.1.0.70:37603|priority:0|startupRole:FOLLOWER, e6d924a0-7c53-4274-9275-f319576c3e7e|rpc:10.1.0.70:45625|dataStream:10.1.0.70:33769|priority:1|startupRole:FOLLOWER] returns group-ACF34F2E288E:java.util.concurrent.CompletableFuture@652556c0[Not completed]
2023-04-11 17:18:50,802 [pool-498-thread-1] INFO  server.RaftServer$Division (RaftServerImpl.java:<init>(195)) - a8e18eb8-676b-4d89-b1ed-2f6ae890a6f9: new RaftServerImpl for group-ACF34F2E288E:[88c84cd2-72ca-4eec-b7eb-2fcd5700cf38|rpc:10.1.0.70:44245|dataStream:10.1.0.70:38609|priority:0|startupRole:FOLLOWER, a8e18eb8-676b-4d89-b1ed-2f6ae890a6f9|rpc:10.1.0.70:45767|dataStream:10.1.0.70:37603|priority:0|startupRole:FOLLOWER, e6d924a0-7c53-4274-9275-f319576c3e7e|rpc:10.1.0.70:45625|dataStream:10.1.0.70:33769|priority:1|startupRole:FOLLOWER] with ContainerStateMachine:uninitialized
2023-04-11 17:18:50,802 [pool-498-thread-1] INFO  server.RaftServerConfigKeys (ConfUtils.java:logGet(46)) - raft.server.rpc.timeout.min = 5s (custom)
2023-04-11 17:18:50,802 [pool-498-thread-1] INFO  server.RaftServerConfigKeys (ConfUtils.java:logGet(46)) - raft.server.rpc.timeout.max = 5200ms (custom)
2023-04-11 17:18:50,802 [pool-498-thread-1] INFO  server.RaftServerConfigKeys (ConfUtils.java:logGet(46)) - raft.server.rpc.sleep.time = 25ms (default)
2023-04-11 17:18:50,802 [pool-498-thread-1] INFO  server.RaftServerConfigKeys (ConfUtils.java:logGet(46)) - raft.server.rpc.slowness.timeout = 300s (custom)
2023-04-11 17:18:50,802 [pool-498-thread-1] INFO  server.RaftServerConfigKeys (ConfUtils.java:logGet(46)) - raft.server.leaderelection.leader.step-down.wait-time = 10s (default)
2023-04-11 17:18:50,802 [pool-498-thread-1] INFO  server.RaftServerConfigKeys (ConfUtils.java:logGet(46)) - raft.server.sleep.deviation.threshold = 300ms (default)
2023-04-11 17:18:50,802 [pool-498-thread-1] INFO  server.RaftServer$Division (ServerState.java:<init>(118)) - a8e18eb8-676b-4d89-b1ed-2f6ae890a6f9@group-ACF34F2E288E: ConfigurationManager, init=-1: peers:[88c84cd2-72ca-4eec-b7eb-2fcd5700cf38|rpc:10.1.0.70:44245|dataStream:10.1.0.70:38609|priority:0|startupRole:FOLLOWER, a8e18eb8-676b-4d89-b1ed-2f6ae890a6f9|rpc:10.1.0.70:45767|dataStream:10.1.0.70:37603|priority:0|startupRole:FOLLOWER, e6d924a0-7c53-4274-9275-f319576c3e7e|rpc:10.1.0.70:45625|dataStream:10.1.0.70:33769|priority:1|startupRole:FOLLOWER]|listeners:[], old=null, confs=<EMPTY_MAP>
2023-04-11 17:18:50,802 [pool-498-thread-1] INFO  server.RaftServerConfigKeys (ConfUtils.java:logGet(46)) - raft.server.storage.dir = [/home/runner/work/ozone/ozone/hadoop-ozone/integration-test/target/test-dir/MiniOzoneClusterImpl-7d6c2114-24de-471a-af28-9a4df9894e15/datanode-0/data/ratis] (custom)
2023-04-11 17:18:50,803 [pool-498-thread-1] INFO  server.RaftServerConfigKeys (ConfUtils.java:logGet(46)) - raft.server.log.corruption.policy = EXCEPTION (default)
2023-04-11 17:18:50,803 [pool-498-thread-1] INFO  server.RaftServerConfigKeys (ConfUtils.java:logGet(46)) - raft.server.storage.free-space.min = 0MB (=0) (default)
2023-04-11 17:18:50,803 [pool-498-thread-1] INFO  server.RaftServerConfigKeys (ConfUtils.java:logGet(46)) - raft.server.notification.no-leader.timeout = 300s (custom)
2023-04-11 17:18:50,803 [pool-498-thread-1] INFO  server.RaftServerConfigKeys (ConfUtils.java:logGet(46)) - raft.server.retrycache.expirytime = 600000ms (custom)
2023-04-11 17:18:50,803 [pool-498-thread-1] INFO  server.RaftServerConfigKeys (ConfUtils.java:logGet(46)) - raft.server.retrycache.statistics.expirytime = 100μs (default)
2023-04-11 17:18:50,804 [pool-498-thread-1] INFO  server.RaftServerConfigKeys (ConfUtils.java:logGet(46)) - raft.server.log.appender.install.snapshot.enabled = false (custom)
2023-04-11 17:18:50,804 [pool-498-thread-1] INFO  server.RaftServerConfigKeys (ConfUtils.java:logGet(46)) - raft.server.threadpool.server.cached = true (default)
2023-04-11 17:18:50,804 [pool-498-thread-1] INFO  server.RaftServerConfigKeys (ConfUtils.java:logGet(46)) - raft.server.threadpool.server.size = 0 (default)
2023-04-11 17:18:50,804 [pool-498-thread-1] INFO  server.RaftServerConfigKeys (ConfUtils.java:logGet(46)) - raft.server.threadpool.client.cached = true (default)
2023-04-11 17:18:50,804 [pool-498-thread-1] INFO  server.RaftServerConfigKeys (ConfUtils.java:logGet(46)) - raft.server.threadpool.client.size = 0 (default)
2023-04-11 17:18:50,805 [pool-498-thread-1] INFO  storage.RaftStorageDirectory (RaftStorageDirectoryImpl.java:analyzeStorage(137)) - The storage directory /home/runner/work/ozone/ozone/hadoop-ozone/integration-test/target/test-dir/MiniOzoneClusterImpl-7d6c2114-24de-471a-af28-9a4df9894e15/datanode-0/data/ratis/f6989f48-5272-4e73-8582-acf34f2e288e does not exist. Creating ...
2023-04-11 17:18:50,806 [pool-498-thread-1] INFO  storage.RaftStorageDirectory (RaftStorageDirectoryImpl.java:tryLock(231)) - Lock on /home/runner/work/ozone/ozone/hadoop-ozone/integration-test/target/test-dir/MiniOzoneClusterImpl-7d6c2114-24de-471a-af28-9a4df9894e15/datanode-0/data/ratis/f6989f48-5272-4e73-8582-acf34f2e288e/in_use.lock acquired by nodename 52175@fv-az377-102
2023-04-11 17:18:50,808 [pool-498-thread-1] INFO  storage.RaftStorage (RaftStorageImpl.java:format(96)) - Storage directory /home/runner/work/ozone/ozone/hadoop-ozone/integration-test/target/test-dir/MiniOzoneClusterImpl-7d6c2114-24de-471a-af28-9a4df9894e15/datanode-0/data/ratis/f6989f48-5272-4e73-8582-acf34f2e288e has been successfully formatted.
2023-04-11 17:18:50,809 [pool-498-thread-1] INFO  ratis.ContainerStateMachine (ContainerStateMachine.java:loadSnapshot(262)) - group-ACF34F2E288E: The snapshot info is null. Setting the last applied indexto:(t:0, i:~)
2023-04-11 17:18:50,809 [pool-498-thread-1] INFO  server.RaftServerConfigKeys (ConfUtils.java:logGet(46)) - raft.server.log.use.memory = false (default)
2023-04-11 17:18:50,809 [pool-498-thread-1] INFO  server.RaftServerConfigKeys (ConfUtils.java:logGet(46)) - raft.server.log.purge.gap = 1000000 (custom)
2023-04-11 17:18:50,809 [pool-498-thread-1] INFO  server.RaftServerConfigKeys (ConfUtils.java:logGet(46)) - raft.server.log.appender.buffer.byte-limit = 33554432 (custom)
2023-04-11 17:18:50,809 [pool-498-thread-1] INFO  server.RaftServerConfigKeys (ConfUtils.java:logGet(46)) - raft.server.log.statemachine.data.read.timeout = 1000ms (default)
2023-04-11 17:18:50,809 [pool-498-thread-1] INFO  server.RaftServerConfigKeys (ConfUtils.java:logGet(46)) - raft.server.log.purge.preservation.log.num = 0 (default)
2023-04-11 17:18:50,809 [pool-498-thread-1] INFO  server.RaftServerConfigKeys (ConfUtils.java:logGet(46)) - raft.server.log.segment.size.max = 1048576 (custom)
2023-04-11 17:18:50,809 [EventQueue-OpenPipelineForHealthyPipelineSafeModeRule] INFO  safemode.SCMSafeModeManager (HealthyPipelineSafeModeRule.java:process(137)) - SCM in safe mode. Healthy pipelines reported count is 0, required healthy pipeline reported count is 1
2023-04-11 17:18:50,809 [pool-498-thread-1] INFO  server.RaftServerConfigKeys (ConfUtils.java:logGet(46)) - raft.server.log.segment.cache.num.max = 2 (custom)
2023-04-11 17:18:50,809 [pool-498-thread-1] INFO  server.RaftServerConfigKeys (ConfUtils.java:logGet(46)) - raft.server.log.segment.cache.size.max = 200MB (=209715200) (default)
2023-04-11 17:18:50,809 [pool-498-thread-1] INFO  segmented.SegmentedRaftLogWorker (SegmentedRaftLogWorker.java:<init>(189)) - new a8e18eb8-676b-4d89-b1ed-2f6ae890a6f9@group-ACF34F2E288E-SegmentedRaftLogWorker for RaftStorageImpl:Storage Directory /home/runner/work/ozone/ozone/hadoop-ozone/integration-test/target/test-dir/MiniOzoneClusterImpl-7d6c2114-24de-471a-af28-9a4df9894e15/datanode-0/data/ratis/f6989f48-5272-4e73-8582-acf34f2e288e
2023-04-11 17:18:50,810 [pool-498-thread-1] INFO  server.RaftServerConfigKeys (ConfUtils.java:logGet(46)) - raft.server.log.queue.byte-limit = 4294967296 (custom)
2023-04-11 17:18:50,810 [pool-498-thread-1] INFO  server.RaftServerConfigKeys (ConfUtils.java:logGet(46)) - raft.server.log.queue.element-limit = 1024 (custom)
2023-04-11 17:18:50,810 [pool-498-thread-1] INFO  server.RaftServerConfigKeys (ConfUtils.java:logGet(46)) - raft.server.log.segment.size.max = 1048576 (custom)
2023-04-11 17:18:50,810 [pool-498-thread-1] INFO  server.RaftServerConfigKeys (ConfUtils.java:logGet(46)) - raft.server.log.preallocated.size = 16384 (custom)
2023-04-11 17:18:50,810 [pool-498-thread-1] INFO  server.RaftServerConfigKeys (ConfUtils.java:logGet(46)) - raft.server.log.force.sync.num = 128 (default)
2023-04-11 17:18:50,810 [pool-498-thread-1] INFO  server.RaftServerConfigKeys (ConfUtils.java:logGet(46)) - raft.server.log.statemachine.data.sync = true (default)
2023-04-11 17:18:50,810 [pool-498-thread-1] INFO  server.RaftServerConfigKeys (ConfUtils.java:logGet(46)) - raft.server.log.statemachine.data.sync.timeout = 10s (default)
2023-04-11 17:18:50,810 [pool-498-thread-1] INFO  server.RaftServerConfigKeys (ConfUtils.java:logGet(46)) - raft.server.log.statemachine.data.sync.timeout.retry = -1 (default)
2023-04-11 17:18:50,810 [pool-498-thread-1] INFO  server.RaftServerConfigKeys (ConfUtils.java:logGet(46)) - raft.server.log.write.buffer.size = 1048576 (custom)
2023-04-11 17:18:50,811 [pool-498-thread-1] INFO  server.RaftServerConfigKeys (ConfUtils.java:logGet(46)) - raft.server.log.appender.buffer.byte-limit = 33554432 (custom)
2023-04-11 17:18:50,816 [pool-498-thread-1] INFO  server.RaftServerConfigKeys (ConfUtils.java:logGet(46)) - raft.server.log.unsafe-flush.enabled = false (default)
2023-04-11 17:18:50,816 [pool-498-thread-1] INFO  server.RaftServerConfigKeys (ConfUtils.java:logGet(46)) - raft.server.log.async-flush.enabled = false (default)
2023-04-11 17:18:50,816 [pool-498-thread-1] INFO  server.RaftServerConfigKeys (ConfUtils.java:logGet(46)) - raft.server.log.statemachine.data.caching.enabled = true (custom)
2023-04-11 17:18:50,817 [pool-498-thread-1] INFO  segmented.SegmentedRaftLogWorker (SegmentedRaftLogWorker.java:lambda$new$0(135)) - a8e18eb8-676b-4d89-b1ed-2f6ae890a6f9@group-ACF34F2E288E-SegmentedRaftLogWorker: flushIndex: setUnconditionally 0 -> -1
2023-04-11 17:18:50,817 [pool-498-thread-1] INFO  segmented.SegmentedRaftLogWorker (SegmentedRaftLogWorker.java:lambda$new$0(135)) - a8e18eb8-676b-4d89-b1ed-2f6ae890a6f9@group-ACF34F2E288E-SegmentedRaftLogWorker: safeCacheEvictIndex: setUnconditionally 0 -> -1
2023-04-11 17:18:50,820 [pool-498-thread-1] INFO  server.RaftServer$Division (RaftServerImpl.java:start(334)) - a8e18eb8-676b-4d89-b1ed-2f6ae890a6f9@group-ACF34F2E288E: start as a follower, conf=-1: peers:[88c84cd2-72ca-4eec-b7eb-2fcd5700cf38|rpc:10.1.0.70:44245|dataStream:10.1.0.70:38609|priority:0|startupRole:FOLLOWER, a8e18eb8-676b-4d89-b1ed-2f6ae890a6f9|rpc:10.1.0.70:45767|dataStream:10.1.0.70:37603|priority:0|startupRole:FOLLOWER, e6d924a0-7c53-4274-9275-f319576c3e7e|rpc:10.1.0.70:45625|dataStream:10.1.0.70:33769|priority:1|startupRole:FOLLOWER]|listeners:[], old=null
2023-04-11 17:18:50,820 [pool-498-thread-1] INFO  server.RaftServer$Division (RaftServerImpl.java:setRole(321)) - a8e18eb8-676b-4d89-b1ed-2f6ae890a6f9@group-ACF34F2E288E: changes role from      null to FOLLOWER at term 0 for startAsFollower
2023-04-11 17:18:50,820 [pool-498-thread-1] INFO  impl.RoleInfo (RoleInfo.java:updateAndGet(139)) - a8e18eb8-676b-4d89-b1ed-2f6ae890a6f9: start a8e18eb8-676b-4d89-b1ed-2f6ae890a6f9@group-ACF34F2E288E-FollowerState
2023-04-11 17:18:50,825 [pool-498-thread-1] INFO  util.JmxRegister (JmxRegister.java:tryRegister(44)) - Successfully registered JMX Bean with object name Ratis:service=RaftServer,group=group-ACF34F2E288E,id=a8e18eb8-676b-4d89-b1ed-2f6ae890a6f9
2023-04-11 17:18:50,825 [pool-498-thread-1] INFO  server.RaftServerConfigKeys (ConfUtils.java:logGet(46)) - raft.server.snapshot.auto.trigger.enabled = true (custom)
2023-04-11 17:18:50,825 [pool-498-thread-1] INFO  server.RaftServerConfigKeys (ConfUtils.java:logGet(46)) - raft.server.snapshot.auto.trigger.threshold = 10000 (custom)
2023-04-11 17:18:50,825 [pool-498-thread-1] INFO  server.RaftServerConfigKeys (ConfUtils.java:logGet(46)) - raft.server.snapshot.retention.file.num = 5 (custom)
2023-04-11 17:18:50,825 [pool-498-thread-1] INFO  server.RaftServerConfigKeys (ConfUtils.java:logGet(46)) - raft.server.log.purge.upto.snapshot.index = false (default)
2023-04-11 17:18:50,825 [a8e18eb8-676b-4d89-b1ed-2f6ae890a6f9@group-ACF34F2E288E-FollowerState] INFO  server.RaftServerConfigKeys (ConfUtils.java:logFallback(53)) - raft.server.rpc.first-election.timeout.min = 5s (fallback to raft.server.rpc.timeout.min)
2023-04-11 17:18:50,825 [a8e18eb8-676b-4d89-b1ed-2f6ae890a6f9@group-ACF34F2E288E-FollowerState] INFO  server.RaftServerConfigKeys (ConfUtils.java:logFallback(53)) - raft.server.rpc.first-election.timeout.max = 5200ms (fallback to raft.server.rpc.timeout.max)
2023-04-11 17:18:50,826 [Command processor thread] INFO  ratis.XceiverServerRatis (XceiverServerRatis.java:addGroup(806)) - Created group PipelineID=f6989f48-5272-4e73-8582-acf34f2e288e
2023-04-11 17:18:50,842 [grpc-default-executor-0] INFO  server.RaftServer (RaftServerProxy.java:addNew(96)) - e6d924a0-7c53-4274-9275-f319576c3e7e: addNew group-ACF34F2E288E:[88c84cd2-72ca-4eec-b7eb-2fcd5700cf38|rpc:10.1.0.70:44245|dataStream:10.1.0.70:38609|priority:0|startupRole:FOLLOWER, a8e18eb8-676b-4d89-b1ed-2f6ae890a6f9|rpc:10.1.0.70:45767|dataStream:10.1.0.70:37603|priority:0|startupRole:FOLLOWER, e6d924a0-7c53-4274-9275-f319576c3e7e|rpc:10.1.0.70:45625|dataStream:10.1.0.70:33769|priority:1|startupRole:FOLLOWER] returns group-ACF34F2E288E:java.util.concurrent.CompletableFuture@6cf0b68b[Not completed]
2023-04-11 17:18:50,843 [pool-520-thread-1] INFO  server.RaftServer$Division (RaftServerImpl.java:<init>(195)) - e6d924a0-7c53-4274-9275-f319576c3e7e: new RaftServerImpl for group-ACF34F2E288E:[88c84cd2-72ca-4eec-b7eb-2fcd5700cf38|rpc:10.1.0.70:44245|dataStream:10.1.0.70:38609|priority:0|startupRole:FOLLOWER, a8e18eb8-676b-4d89-b1ed-2f6ae890a6f9|rpc:10.1.0.70:45767|dataStream:10.1.0.70:37603|priority:0|startupRole:FOLLOWER, e6d924a0-7c53-4274-9275-f319576c3e7e|rpc:10.1.0.70:45625|dataStream:10.1.0.70:33769|priority:1|startupRole:FOLLOWER] with ContainerStateMachine:uninitialized
2023-04-11 17:18:50,843 [pool-520-thread-1] INFO  server.RaftServerConfigKeys (ConfUtils.java:logGet(46)) - raft.server.rpc.timeout.min = 5s (custom)
2023-04-11 17:18:50,843 [pool-520-thread-1] INFO  server.RaftServerConfigKeys (ConfUtils.java:logGet(46)) - raft.server.rpc.timeout.max = 5200ms (custom)
2023-04-11 17:18:50,843 [pool-520-thread-1] INFO  server.RaftServerConfigKeys (ConfUtils.java:logGet(46)) - raft.server.rpc.sleep.time = 25ms (default)
2023-04-11 17:18:50,843 [pool-520-thread-1] INFO  server.RaftServerConfigKeys (ConfUtils.java:logGet(46)) - raft.server.rpc.slowness.timeout = 300s (custom)
2023-04-11 17:18:50,843 [pool-520-thread-1] INFO  server.RaftServerConfigKeys (ConfUtils.java:logGet(46)) - raft.server.leaderelection.leader.step-down.wait-time = 10s (default)
2023-04-11 17:18:50,843 [pool-520-thread-1] INFO  server.RaftServerConfigKeys (ConfUtils.java:logGet(46)) - raft.server.sleep.deviation.threshold = 300ms (default)
2023-04-11 17:18:50,844 [pool-520-thread-1] INFO  server.RaftServer$Division (ServerState.java:<init>(118)) - e6d924a0-7c53-4274-9275-f319576c3e7e@group-ACF34F2E288E: ConfigurationManager, init=-1: peers:[88c84cd2-72ca-4eec-b7eb-2fcd5700cf38|rpc:10.1.0.70:44245|dataStream:10.1.0.70:38609|priority:0|startupRole:FOLLOWER, a8e18eb8-676b-4d89-b1ed-2f6ae890a6f9|rpc:10.1.0.70:45767|dataStream:10.1.0.70:37603|priority:0|startupRole:FOLLOWER, e6d924a0-7c53-4274-9275-f319576c3e7e|rpc:10.1.0.70:45625|dataStream:10.1.0.70:33769|priority:1|startupRole:FOLLOWER]|listeners:[], old=null, confs=<EMPTY_MAP>
2023-04-11 17:18:50,844 [pool-520-thread-1] INFO  server.RaftServerConfigKeys (ConfUtils.java:logGet(46)) - raft.server.storage.dir = [/home/runner/work/ozone/ozone/hadoop-ozone/integration-test/target/test-dir/MiniOzoneClusterImpl-7d6c2114-24de-471a-af28-9a4df9894e15/datanode-1/data/ratis] (custom)
2023-04-11 17:18:50,844 [pool-520-thread-1] INFO  server.RaftServerConfigKeys (ConfUtils.java:logGet(46)) - raft.server.log.corruption.policy = EXCEPTION (default)
2023-04-11 17:18:50,844 [pool-520-thread-1] INFO  server.RaftServerConfigKeys (ConfUtils.java:logGet(46)) - raft.server.storage.free-space.min = 0MB (=0) (default)
2023-04-11 17:18:50,844 [pool-520-thread-1] INFO  server.RaftServerConfigKeys (ConfUtils.java:logGet(46)) - raft.server.notification.no-leader.timeout = 300s (custom)
2023-04-11 17:18:50,844 [pool-520-thread-1] INFO  server.RaftServerConfigKeys (ConfUtils.java:logGet(46)) - raft.server.retrycache.expirytime = 600000ms (custom)
2023-04-11 17:18:50,844 [pool-520-thread-1] INFO  server.RaftServerConfigKeys (ConfUtils.java:logGet(46)) - raft.server.retrycache.statistics.expirytime = 100μs (default)
2023-04-11 17:18:50,845 [pool-520-thread-1] INFO  server.RaftServerConfigKeys (ConfUtils.java:logGet(46)) - raft.server.log.appender.install.snapshot.enabled = false (custom)
2023-04-11 17:18:50,845 [pool-520-thread-1] INFO  server.RaftServerConfigKeys (ConfUtils.java:logGet(46)) - raft.server.threadpool.server.cached = true (default)
2023-04-11 17:18:50,845 [pool-520-thread-1] INFO  server.RaftServerConfigKeys (ConfUtils.java:logGet(46)) - raft.server.threadpool.server.size = 0 (default)
2023-04-11 17:18:50,845 [pool-520-thread-1] INFO  server.RaftServerConfigKeys (ConfUtils.java:logGet(46)) - raft.server.threadpool.client.cached = true (default)
2023-04-11 17:18:50,846 [pool-520-thread-1] INFO  server.RaftServerConfigKeys (ConfUtils.java:logGet(46)) - raft.server.threadpool.client.size = 0 (default)
2023-04-11 17:18:50,846 [pool-520-thread-1] INFO  storage.RaftStorageDirectory (RaftStorageDirectoryImpl.java:analyzeStorage(137)) - The storage directory /home/runner/work/ozone/ozone/hadoop-ozone/integration-test/target/test-dir/MiniOzoneClusterImpl-7d6c2114-24de-471a-af28-9a4df9894e15/datanode-1/data/ratis/f6989f48-5272-4e73-8582-acf34f2e288e does not exist. Creating ...
2023-04-11 17:18:50,847 [pool-520-thread-1] INFO  storage.RaftStorageDirectory (RaftStorageDirectoryImpl.java:tryLock(231)) - Lock on /home/runner/work/ozone/ozone/hadoop-ozone/integration-test/target/test-dir/MiniOzoneClusterImpl-7d6c2114-24de-471a-af28-9a4df9894e15/datanode-1/data/ratis/f6989f48-5272-4e73-8582-acf34f2e288e/in_use.lock acquired by nodename 52175@fv-az377-102
2023-04-11 17:18:50,849 [pool-520-thread-1] INFO  storage.RaftStorage (RaftStorageImpl.java:format(96)) - Storage directory /home/runner/work/ozone/ozone/hadoop-ozone/integration-test/target/test-dir/MiniOzoneClusterImpl-7d6c2114-24de-471a-af28-9a4df9894e15/datanode-1/data/ratis/f6989f48-5272-4e73-8582-acf34f2e288e has been successfully formatted.
2023-04-11 17:18:50,850 [pool-520-thread-1] INFO  ratis.ContainerStateMachine (ContainerStateMachine.java:loadSnapshot(262)) - group-ACF34F2E288E: The snapshot info is null. Setting the last applied indexto:(t:0, i:~)
2023-04-11 17:18:50,850 [pool-520-thread-1] INFO  server.RaftServerConfigKeys (ConfUtils.java:logGet(46)) - raft.server.log.use.memory = false (default)
2023-04-11 17:18:50,850 [pool-520-thread-1] INFO  server.RaftServerConfigKeys (ConfUtils.java:logGet(46)) - raft.server.log.purge.gap = 1000000 (custom)
2023-04-11 17:18:50,850 [pool-520-thread-1] INFO  server.RaftServerConfigKeys (ConfUtils.java:logGet(46)) - raft.server.log.appender.buffer.byte-limit = 33554432 (custom)
2023-04-11 17:18:50,850 [pool-520-thread-1] INFO  server.RaftServerConfigKeys (ConfUtils.java:logGet(46)) - raft.server.log.statemachine.data.read.timeout = 1000ms (default)
2023-04-11 17:18:50,851 [pool-520-thread-1] INFO  server.RaftServerConfigKeys (ConfUtils.java:logGet(46)) - raft.server.log.purge.preservation.log.num = 0 (default)
2023-04-11 17:18:50,851 [pool-520-thread-1] INFO  server.RaftServerConfigKeys (ConfUtils.java:logGet(46)) - raft.server.log.segment.size.max = 1048576 (custom)
2023-04-11 17:18:50,851 [pool-520-thread-1] INFO  server.RaftServerConfigKeys (ConfUtils.java:logGet(46)) - raft.server.log.segment.cache.num.max = 2 (custom)
2023-04-11 17:18:50,851 [pool-520-thread-1] INFO  server.RaftServerConfigKeys (ConfUtils.java:logGet(46)) - raft.server.log.segment.cache.size.max = 200MB (=209715200) (default)
2023-04-11 17:18:50,851 [pool-520-thread-1] INFO  segmented.SegmentedRaftLogWorker (SegmentedRaftLogWorker.java:<init>(189)) - new e6d924a0-7c53-4274-9275-f319576c3e7e@group-ACF34F2E288E-SegmentedRaftLogWorker for RaftStorageImpl:Storage Directory /home/runner/work/ozone/ozone/hadoop-ozone/integration-test/target/test-dir/MiniOzoneClusterImpl-7d6c2114-24de-471a-af28-9a4df9894e15/datanode-1/data/ratis/f6989f48-5272-4e73-8582-acf34f2e288e
2023-04-11 17:18:50,851 [pool-520-thread-1] INFO  server.RaftServerConfigKeys (ConfUtils.java:logGet(46)) - raft.server.log.queue.byte-limit = 4294967296 (custom)
2023-04-11 17:18:50,851 [pool-520-thread-1] INFO  server.RaftServerConfigKeys (ConfUtils.java:logGet(46)) - raft.server.log.queue.element-limit = 1024 (custom)
2023-04-11 17:18:50,851 [pool-520-thread-1] INFO  server.RaftServerConfigKeys (ConfUtils.java:logGet(46)) - raft.server.log.segment.size.max = 1048576 (custom)
2023-04-11 17:18:50,852 [pool-520-thread-1] INFO  server.RaftServerConfigKeys (ConfUtils.java:logGet(46)) - raft.server.log.preallocated.size = 16384 (custom)
2023-04-11 17:18:50,855 [pool-520-thread-1] INFO  server.RaftServerConfigKeys (ConfUtils.java:logGet(46)) - raft.server.log.force.sync.num = 128 (default)
2023-04-11 17:18:50,855 [pool-520-thread-1] INFO  server.RaftServerConfigKeys (ConfUtils.java:logGet(46)) - raft.server.log.statemachine.data.sync = true (default)
2023-04-11 17:18:50,855 [pool-520-thread-1] INFO  server.RaftServerConfigKeys (ConfUtils.java:logGet(46)) - raft.server.log.statemachine.data.sync.timeout = 10s (default)
2023-04-11 17:18:50,855 [pool-520-thread-1] INFO  server.RaftServerConfigKeys (ConfUtils.java:logGet(46)) - raft.server.log.statemachine.data.sync.timeout.retry = -1 (default)
2023-04-11 17:18:50,856 [pool-520-thread-1] INFO  server.RaftServerConfigKeys (ConfUtils.java:logGet(46)) - raft.server.log.write.buffer.size = 1048576 (custom)
2023-04-11 17:18:50,856 [pool-520-thread-1] INFO  server.RaftServerConfigKeys (ConfUtils.java:logGet(46)) - raft.server.log.appender.buffer.byte-limit = 33554432 (custom)
2023-04-11 17:18:50,863 [pool-520-thread-1] INFO  server.RaftServerConfigKeys (ConfUtils.java:logGet(46)) - raft.server.log.unsafe-flush.enabled = false (default)
2023-04-11 17:18:50,863 [pool-520-thread-1] INFO  server.RaftServerConfigKeys (ConfUtils.java:logGet(46)) - raft.server.log.async-flush.enabled = false (default)
2023-04-11 17:18:50,863 [pool-520-thread-1] INFO  server.RaftServerConfigKeys (ConfUtils.java:logGet(46)) - raft.server.log.statemachine.data.caching.enabled = true (custom)
2023-04-11 17:18:50,863 [pool-520-thread-1] INFO  segmented.SegmentedRaftLogWorker (SegmentedRaftLogWorker.java:lambda$new$0(135)) - e6d924a0-7c53-4274-9275-f319576c3e7e@group-ACF34F2E288E-SegmentedRaftLogWorker: flushIndex: setUnconditionally 0 -> -1
2023-04-11 17:18:50,863 [pool-520-thread-1] INFO  segmented.SegmentedRaftLogWorker (SegmentedRaftLogWorker.java:lambda$new$0(135)) - e6d924a0-7c53-4274-9275-f319576c3e7e@group-ACF34F2E288E-SegmentedRaftLogWorker: safeCacheEvictIndex: setUnconditionally 0 -> -1
2023-04-11 17:18:50,863 [pool-520-thread-1] INFO  server.RaftServer$Division (RaftServerImpl.java:start(334)) - e6d924a0-7c53-4274-9275-f319576c3e7e@group-ACF34F2E288E: start as a follower, conf=-1: peers:[88c84cd2-72ca-4eec-b7eb-2fcd5700cf38|rpc:10.1.0.70:44245|dataStream:10.1.0.70:38609|priority:0|startupRole:FOLLOWER, a8e18eb8-676b-4d89-b1ed-2f6ae890a6f9|rpc:10.1.0.70:45767|dataStream:10.1.0.70:37603|priority:0|startupRole:FOLLOWER, e6d924a0-7c53-4274-9275-f319576c3e7e|rpc:10.1.0.70:45625|dataStream:10.1.0.70:33769|priority:1|startupRole:FOLLOWER]|listeners:[], old=null
2023-04-11 17:18:50,863 [pool-520-thread-1] INFO  server.RaftServer$Division (RaftServerImpl.java:setRole(321)) - e6d924a0-7c53-4274-9275-f319576c3e7e@group-ACF34F2E288E: changes role from      null to FOLLOWER at term 0 for startAsFollower
2023-04-11 17:18:50,863 [pool-520-thread-1] INFO  impl.RoleInfo (RoleInfo.java:updateAndGet(139)) - e6d924a0-7c53-4274-9275-f319576c3e7e: start e6d924a0-7c53-4274-9275-f319576c3e7e@group-ACF34F2E288E-FollowerState
2023-04-11 17:18:50,864 [pool-520-thread-1] INFO  util.JmxRegister (JmxRegister.java:tryRegister(44)) - Successfully registered JMX Bean with object name Ratis:service=RaftServer,group=group-ACF34F2E288E,id=e6d924a0-7c53-4274-9275-f319576c3e7e
2023-04-11 17:18:50,864 [pool-520-thread-1] INFO  server.RaftServerConfigKeys (ConfUtils.java:logGet(46)) - raft.server.snapshot.auto.trigger.enabled = true (custom)
2023-04-11 17:18:50,864 [pool-520-thread-1] INFO  server.RaftServerConfigKeys (ConfUtils.java:logGet(46)) - raft.server.snapshot.auto.trigger.threshold = 10000 (custom)
2023-04-11 17:18:50,865 [pool-520-thread-1] INFO  server.RaftServerConfigKeys (ConfUtils.java:logGet(46)) - raft.server.snapshot.retention.file.num = 5 (custom)
2023-04-11 17:18:50,865 [pool-520-thread-1] INFO  server.RaftServerConfigKeys (ConfUtils.java:logGet(46)) - raft.server.log.purge.upto.snapshot.index = false (default)
2023-04-11 17:18:50,865 [e6d924a0-7c53-4274-9275-f319576c3e7e@group-ACF34F2E288E-FollowerState] INFO  server.RaftServerConfigKeys (ConfUtils.java:logFallback(53)) - raft.server.rpc.first-election.timeout.min = 5s (fallback to raft.server.rpc.timeout.min)
2023-04-11 17:18:50,865 [e6d924a0-7c53-4274-9275-f319576c3e7e@group-ACF34F2E288E-FollowerState] INFO  server.RaftServerConfigKeys (ConfUtils.java:logFallback(53)) - raft.server.rpc.first-election.timeout.max = 5200ms (fallback to raft.server.rpc.timeout.max)
2023-04-11 17:18:50,888 [grpc-default-executor-0] INFO  server.RaftServer (RaftServerProxy.java:addNew(96)) - 88c84cd2-72ca-4eec-b7eb-2fcd5700cf38: addNew group-ACF34F2E288E:[88c84cd2-72ca-4eec-b7eb-2fcd5700cf38|rpc:10.1.0.70:44245|dataStream:10.1.0.70:38609|priority:0|startupRole:FOLLOWER, a8e18eb8-676b-4d89-b1ed-2f6ae890a6f9|rpc:10.1.0.70:45767|dataStream:10.1.0.70:37603|priority:0|startupRole:FOLLOWER, e6d924a0-7c53-4274-9275-f319576c3e7e|rpc:10.1.0.70:45625|dataStream:10.1.0.70:33769|priority:1|startupRole:FOLLOWER] returns group-ACF34F2E288E:java.util.concurrent.CompletableFuture@16a67024[Not completed]
2023-04-11 17:18:50,890 [pool-542-thread-1] INFO  server.RaftServer$Division (RaftServerImpl.java:<init>(195)) - 88c84cd2-72ca-4eec-b7eb-2fcd5700cf38: new RaftServerImpl for group-ACF34F2E288E:[88c84cd2-72ca-4eec-b7eb-2fcd5700cf38|rpc:10.1.0.70:44245|dataStream:10.1.0.70:38609|priority:0|startupRole:FOLLOWER, a8e18eb8-676b-4d89-b1ed-2f6ae890a6f9|rpc:10.1.0.70:45767|dataStream:10.1.0.70:37603|priority:0|startupRole:FOLLOWER, e6d924a0-7c53-4274-9275-f319576c3e7e|rpc:10.1.0.70:45625|dataStream:10.1.0.70:33769|priority:1|startupRole:FOLLOWER] with ContainerStateMachine:uninitialized
2023-04-11 17:18:50,890 [pool-542-thread-1] INFO  server.RaftServerConfigKeys (ConfUtils.java:logGet(46)) - raft.server.rpc.timeout.min = 5s (custom)
2023-04-11 17:18:50,890 [pool-542-thread-1] INFO  server.RaftServerConfigKeys (ConfUtils.java:logGet(46)) - raft.server.rpc.timeout.max = 5200ms (custom)
2023-04-11 17:18:50,890 [pool-542-thread-1] INFO  server.RaftServerConfigKeys (ConfUtils.java:logGet(46)) - raft.server.rpc.sleep.time = 25ms (default)
2023-04-11 17:18:50,890 [pool-542-thread-1] INFO  server.RaftServerConfigKeys (ConfUtils.java:logGet(46)) - raft.server.rpc.slowness.timeout = 300s (custom)
2023-04-11 17:18:50,890 [pool-542-thread-1] INFO  server.RaftServerConfigKeys (ConfUtils.java:logGet(46)) - raft.server.leaderelection.leader.step-down.wait-time = 10s (default)
2023-04-11 17:18:50,890 [pool-542-thread-1] INFO  server.RaftServerConfigKeys (ConfUtils.java:logGet(46)) - raft.server.sleep.deviation.threshold = 300ms (default)
2023-04-11 17:18:50,890 [pool-542-thread-1] INFO  server.RaftServer$Division (ServerState.java:<init>(118)) - 88c84cd2-72ca-4eec-b7eb-2fcd5700cf38@group-ACF34F2E288E: ConfigurationManager, init=-1: peers:[88c84cd2-72ca-4eec-b7eb-2fcd5700cf38|rpc:10.1.0.70:44245|dataStream:10.1.0.70:38609|priority:0|startupRole:FOLLOWER, a8e18eb8-676b-4d89-b1ed-2f6ae890a6f9|rpc:10.1.0.70:45767|dataStream:10.1.0.70:37603|priority:0|startupRole:FOLLOWER, e6d924a0-7c53-4274-9275-f319576c3e7e|rpc:10.1.0.70:45625|dataStream:10.1.0.70:33769|priority:1|startupRole:FOLLOWER]|listeners:[], old=null, confs=<EMPTY_MAP>
2023-04-11 17:18:50,890 [pool-542-thread-1] INFO  server.RaftServerConfigKeys (ConfUtils.java:logGet(46)) - raft.server.storage.dir = [/home/runner/work/ozone/ozone/hadoop-ozone/integration-test/target/test-dir/MiniOzoneClusterImpl-7d6c2114-24de-471a-af28-9a4df9894e15/datanode-2/data/ratis] (custom)
2023-04-11 17:18:50,890 [pool-542-thread-1] INFO  server.RaftServerConfigKeys (ConfUtils.java:logGet(46)) - raft.server.log.corruption.policy = EXCEPTION (default)
2023-04-11 17:18:50,890 [pool-542-thread-1] INFO  server.RaftServerConfigKeys (ConfUtils.java:logGet(46)) - raft.server.storage.free-space.min = 0MB (=0) (default)
2023-04-11 17:18:50,890 [pool-542-thread-1] INFO  server.RaftServerConfigKeys (ConfUtils.java:logGet(46)) - raft.server.notification.no-leader.timeout = 300s (custom)
2023-04-11 17:18:50,890 [pool-542-thread-1] INFO  server.RaftServerConfigKeys (ConfUtils.java:logGet(46)) - raft.server.retrycache.expirytime = 600000ms (custom)
2023-04-11 17:18:50,890 [pool-542-thread-1] INFO  server.RaftServerConfigKeys (ConfUtils.java:logGet(46)) - raft.server.retrycache.statistics.expirytime = 100μs (default)
2023-04-11 17:18:50,892 [pool-542-thread-1] INFO  server.RaftServerConfigKeys (ConfUtils.java:logGet(46)) - raft.server.log.appender.install.snapshot.enabled = false (custom)
2023-04-11 17:18:50,892 [pool-542-thread-1] INFO  server.RaftServerConfigKeys (ConfUtils.java:logGet(46)) - raft.server.threadpool.server.cached = true (default)
2023-04-11 17:18:50,892 [pool-542-thread-1] INFO  server.RaftServerConfigKeys (ConfUtils.java:logGet(46)) - raft.server.threadpool.server.size = 0 (default)
2023-04-11 17:18:50,892 [pool-542-thread-1] INFO  server.RaftServerConfigKeys (ConfUtils.java:logGet(46)) - raft.server.threadpool.client.cached = true (default)
2023-04-11 17:18:50,892 [pool-542-thread-1] INFO  server.RaftServerConfigKeys (ConfUtils.java:logGet(46)) - raft.server.threadpool.client.size = 0 (default)
2023-04-11 17:18:50,892 [pool-542-thread-1] INFO  storage.RaftStorageDirectory (RaftStorageDirectoryImpl.java:analyzeStorage(137)) - The storage directory /home/runner/work/ozone/ozone/hadoop-ozone/integration-test/target/test-dir/MiniOzoneClusterImpl-7d6c2114-24de-471a-af28-9a4df9894e15/datanode-2/data/ratis/f6989f48-5272-4e73-8582-acf34f2e288e does not exist. Creating ...
2023-04-11 17:18:50,893 [pool-542-thread-1] INFO  storage.RaftStorageDirectory (RaftStorageDirectoryImpl.java:tryLock(231)) - Lock on /home/runner/work/ozone/ozone/hadoop-ozone/integration-test/target/test-dir/MiniOzoneClusterImpl-7d6c2114-24de-471a-af28-9a4df9894e15/datanode-2/data/ratis/f6989f48-5272-4e73-8582-acf34f2e288e/in_use.lock acquired by nodename 52175@fv-az377-102
2023-04-11 17:18:50,895 [pool-542-thread-1] INFO  storage.RaftStorage (RaftStorageImpl.java:format(96)) - Storage directory /home/runner/work/ozone/ozone/hadoop-ozone/integration-test/target/test-dir/MiniOzoneClusterImpl-7d6c2114-24de-471a-af28-9a4df9894e15/datanode-2/data/ratis/f6989f48-5272-4e73-8582-acf34f2e288e has been successfully formatted.
2023-04-11 17:18:50,896 [pool-542-thread-1] INFO  ratis.ContainerStateMachine (ContainerStateMachine.java:loadSnapshot(262)) - group-ACF34F2E288E: The snapshot info is null. Setting the last applied indexto:(t:0, i:~)
2023-04-11 17:18:50,897 [pool-542-thread-1] INFO  server.RaftServerConfigKeys (ConfUtils.java:logGet(46)) - raft.server.log.use.memory = false (default)
2023-04-11 17:18:50,897 [pool-542-thread-1] INFO  server.RaftServerConfigKeys (ConfUtils.java:logGet(46)) - raft.server.log.purge.gap = 1000000 (custom)
2023-04-11 17:18:50,897 [pool-542-thread-1] INFO  server.RaftServerConfigKeys (ConfUtils.java:logGet(46)) - raft.server.log.appender.buffer.byte-limit = 33554432 (custom)
2023-04-11 17:18:50,897 [pool-542-thread-1] INFO  server.RaftServerConfigKeys (ConfUtils.java:logGet(46)) - raft.server.log.statemachine.data.read.timeout = 1000ms (default)
2023-04-11 17:18:50,897 [pool-542-thread-1] INFO  server.RaftServerConfigKeys (ConfUtils.java:logGet(46)) - raft.server.log.purge.preservation.log.num = 0 (default)
2023-04-11 17:18:50,897 [pool-542-thread-1] INFO  server.RaftServerConfigKeys (ConfUtils.java:logGet(46)) - raft.server.log.segment.size.max = 1048576 (custom)
2023-04-11 17:18:50,897 [pool-542-thread-1] INFO  server.RaftServerConfigKeys (ConfUtils.java:logGet(46)) - raft.server.log.segment.cache.num.max = 2 (custom)
2023-04-11 17:18:50,897 [pool-542-thread-1] INFO  server.RaftServerConfigKeys (ConfUtils.java:logGet(46)) - raft.server.log.segment.cache.size.max = 200MB (=209715200) (default)
2023-04-11 17:18:50,898 [pool-542-thread-1] INFO  segmented.SegmentedRaftLogWorker (SegmentedRaftLogWorker.java:<init>(189)) - new 88c84cd2-72ca-4eec-b7eb-2fcd5700cf38@group-ACF34F2E288E-SegmentedRaftLogWorker for RaftStorageImpl:Storage Directory /home/runner/work/ozone/ozone/hadoop-ozone/integration-test/target/test-dir/MiniOzoneClusterImpl-7d6c2114-24de-471a-af28-9a4df9894e15/datanode-2/data/ratis/f6989f48-5272-4e73-8582-acf34f2e288e
2023-04-11 17:18:50,898 [pool-542-thread-1] INFO  server.RaftServerConfigKeys (ConfUtils.java:logGet(46)) - raft.server.log.queue.byte-limit = 4294967296 (custom)
2023-04-11 17:18:50,898 [pool-542-thread-1] INFO  server.RaftServerConfigKeys (ConfUtils.java:logGet(46)) - raft.server.log.queue.element-limit = 1024 (custom)
2023-04-11 17:18:50,898 [pool-542-thread-1] INFO  server.RaftServerConfigKeys (ConfUtils.java:logGet(46)) - raft.server.log.segment.size.max = 1048576 (custom)
2023-04-11 17:18:50,898 [pool-542-thread-1] INFO  server.RaftServerConfigKeys (ConfUtils.java:logGet(46)) - raft.server.log.preallocated.size = 16384 (custom)
2023-04-11 17:18:50,898 [pool-542-thread-1] INFO  server.RaftServerConfigKeys (ConfUtils.java:logGet(46)) - raft.server.log.force.sync.num = 128 (default)
2023-04-11 17:18:50,898 [pool-542-thread-1] INFO  server.RaftServerConfigKeys (ConfUtils.java:logGet(46)) - raft.server.log.statemachine.data.sync = true (default)
2023-04-11 17:18:50,898 [pool-542-thread-1] INFO  server.RaftServerConfigKeys (ConfUtils.java:logGet(46)) - raft.server.log.statemachine.data.sync.timeout = 10s (default)
2023-04-11 17:18:50,898 [pool-542-thread-1] INFO  server.RaftServerConfigKeys (ConfUtils.java:logGet(46)) - raft.server.log.statemachine.data.sync.timeout.retry = -1 (default)
2023-04-11 17:18:50,898 [pool-542-thread-1] INFO  server.RaftServerConfigKeys (ConfUtils.java:logGet(46)) - raft.server.log.write.buffer.size = 1048576 (custom)
2023-04-11 17:18:50,898 [pool-542-thread-1] INFO  server.RaftServerConfigKeys (ConfUtils.java:logGet(46)) - raft.server.log.appender.buffer.byte-limit = 33554432 (custom)
2023-04-11 17:18:51,000 [pool-542-thread-1] INFO  server.RaftServerConfigKeys (ConfUtils.java:logGet(46)) - raft.server.log.unsafe-flush.enabled = false (default)
2023-04-11 17:18:51,000 [pool-542-thread-1] INFO  server.RaftServerConfigKeys (ConfUtils.java:logGet(46)) - raft.server.log.async-flush.enabled = false (default)
2023-04-11 17:18:51,000 [pool-542-thread-1] INFO  server.RaftServerConfigKeys (ConfUtils.java:logGet(46)) - raft.server.log.statemachine.data.caching.enabled = true (custom)
2023-04-11 17:18:51,000 [pool-542-thread-1] INFO  segmented.SegmentedRaftLogWorker (SegmentedRaftLogWorker.java:lambda$new$0(135)) - 88c84cd2-72ca-4eec-b7eb-2fcd5700cf38@group-ACF34F2E288E-SegmentedRaftLogWorker: flushIndex: setUnconditionally 0 -> -1
2023-04-11 17:18:51,000 [pool-542-thread-1] INFO  segmented.SegmentedRaftLogWorker (SegmentedRaftLogWorker.java:lambda$new$0(135)) - 88c84cd2-72ca-4eec-b7eb-2fcd5700cf38@group-ACF34F2E288E-SegmentedRaftLogWorker: safeCacheEvictIndex: setUnconditionally 0 -> -1
2023-04-11 17:18:51,001 [pool-542-thread-1] INFO  server.RaftServer$Division (RaftServerImpl.java:start(334)) - 88c84cd2-72ca-4eec-b7eb-2fcd5700cf38@group-ACF34F2E288E: start as a follower, conf=-1: peers:[88c84cd2-72ca-4eec-b7eb-2fcd5700cf38|rpc:10.1.0.70:44245|dataStream:10.1.0.70:38609|priority:0|startupRole:FOLLOWER, a8e18eb8-676b-4d89-b1ed-2f6ae890a6f9|rpc:10.1.0.70:45767|dataStream:10.1.0.70:37603|priority:0|startupRole:FOLLOWER, e6d924a0-7c53-4274-9275-f319576c3e7e|rpc:10.1.0.70:45625|dataStream:10.1.0.70:33769|priority:1|startupRole:FOLLOWER]|listeners:[], old=null
2023-04-11 17:18:51,001 [pool-542-thread-1] INFO  server.RaftServer$Division (RaftServerImpl.java:setRole(321)) - 88c84cd2-72ca-4eec-b7eb-2fcd5700cf38@group-ACF34F2E288E: changes role from      null to FOLLOWER at term 0 for startAsFollower
2023-04-11 17:18:51,001 [pool-542-thread-1] INFO  impl.RoleInfo (RoleInfo.java:updateAndGet(139)) - 88c84cd2-72ca-4eec-b7eb-2fcd5700cf38: start 88c84cd2-72ca-4eec-b7eb-2fcd5700cf38@group-ACF34F2E288E-FollowerState
2023-04-11 17:18:51,001 [pool-542-thread-1] INFO  util.JmxRegister (JmxRegister.java:tryRegister(44)) - Successfully registered JMX Bean with object name Ratis:service=RaftServer,group=group-ACF34F2E288E,id=88c84cd2-72ca-4eec-b7eb-2fcd5700cf38
2023-04-11 17:18:51,001 [pool-542-thread-1] INFO  server.RaftServerConfigKeys (ConfUtils.java:logGet(46)) - raft.server.snapshot.auto.trigger.enabled = true (custom)
2023-04-11 17:18:51,001 [pool-542-thread-1] INFO  server.RaftServerConfigKeys (ConfUtils.java:logGet(46)) - raft.server.snapshot.auto.trigger.threshold = 10000 (custom)
2023-04-11 17:18:51,001 [pool-542-thread-1] INFO  server.RaftServerConfigKeys (ConfUtils.java:logGet(46)) - raft.server.snapshot.retention.file.num = 5 (custom)
2023-04-11 17:18:51,001 [pool-542-thread-1] INFO  server.RaftServerConfigKeys (ConfUtils.java:logGet(46)) - raft.server.log.purge.upto.snapshot.index = false (default)
2023-04-11 17:18:51,002 [88c84cd2-72ca-4eec-b7eb-2fcd5700cf38@group-ACF34F2E288E-FollowerState] INFO  server.RaftServerConfigKeys (ConfUtils.java:logFallback(53)) - raft.server.rpc.first-election.timeout.min = 5s (fallback to raft.server.rpc.timeout.min)
2023-04-11 17:18:51,002 [88c84cd2-72ca-4eec-b7eb-2fcd5700cf38@group-ACF34F2E288E-FollowerState] INFO  server.RaftServerConfigKeys (ConfUtils.java:logFallback(53)) - raft.server.rpc.first-election.timeout.max = 5200ms (fallback to raft.server.rpc.timeout.max)
2023-04-11 17:18:51,011 [Command processor thread] INFO  commandhandler.CreatePipelineCommandHandler (CreatePipelineCommandHandler.java:handle(113)) - Created Pipeline RATIS THREE PipelineID=f6989f48-5272-4e73-8582-acf34f2e288e.
2023-04-11 17:18:51,011 [Command processor thread] INFO  server.RaftServer (RaftServerProxy.java:addNew(96)) - a8e18eb8-676b-4d89-b1ed-2f6ae890a6f9: addNew group-8B96CE921AB7:[88c84cd2-72ca-4eec-b7eb-2fcd5700cf38|rpc:10.1.0.70:44245|dataStream:10.1.0.70:38609|priority:1|startupRole:FOLLOWER, a8e18eb8-676b-4d89-b1ed-2f6ae890a6f9|rpc:10.1.0.70:45767|dataStream:10.1.0.70:37603|priority:0|startupRole:FOLLOWER, e6d924a0-7c53-4274-9275-f319576c3e7e|rpc:10.1.0.70:45625|dataStream:10.1.0.70:33769|priority:0|startupRole:FOLLOWER] returns group-8B96CE921AB7:java.util.concurrent.CompletableFuture@52bf7ca[Not completed]
2023-04-11 17:18:51,012 [pool-498-thread-1] INFO  server.RaftServer$Division (RaftServerImpl.java:<init>(195)) - a8e18eb8-676b-4d89-b1ed-2f6ae890a6f9: new RaftServerImpl for group-8B96CE921AB7:[88c84cd2-72ca-4eec-b7eb-2fcd5700cf38|rpc:10.1.0.70:44245|dataStream:10.1.0.70:38609|priority:1|startupRole:FOLLOWER, a8e18eb8-676b-4d89-b1ed-2f6ae890a6f9|rpc:10.1.0.70:45767|dataStream:10.1.0.70:37603|priority:0|startupRole:FOLLOWER, e6d924a0-7c53-4274-9275-f319576c3e7e|rpc:10.1.0.70:45625|dataStream:10.1.0.70:33769|priority:0|startupRole:FOLLOWER] with ContainerStateMachine:uninitialized
2023-04-11 17:18:51,012 [pool-498-thread-1] INFO  server.RaftServerConfigKeys (ConfUtils.java:logGet(46)) - raft.server.rpc.timeout.min = 5s (custom)
2023-04-11 17:18:51,012 [pool-498-thread-1] INFO  server.RaftServerConfigKeys (ConfUtils.java:logGet(46)) - raft.server.rpc.timeout.max = 5200ms (custom)
2023-04-11 17:18:51,012 [pool-498-thread-1] INFO  server.RaftServerConfigKeys (ConfUtils.java:logGet(46)) - raft.server.rpc.sleep.time = 25ms (default)
2023-04-11 17:18:51,012 [pool-498-thread-1] INFO  server.RaftServerConfigKeys (ConfUtils.java:logGet(46)) - raft.server.rpc.slowness.timeout = 300s (custom)
2023-04-11 17:18:51,012 [pool-498-thread-1] INFO  server.RaftServerConfigKeys (ConfUtils.java:logGet(46)) - raft.server.leaderelection.leader.step-down.wait-time = 10s (default)
2023-04-11 17:18:51,013 [pool-498-thread-1] INFO  server.RaftServerConfigKeys (ConfUtils.java:logGet(46)) - raft.server.sleep.deviation.threshold = 300ms (default)
2023-04-11 17:18:51,013 [pool-498-thread-1] INFO  server.RaftServer$Division (ServerState.java:<init>(118)) - a8e18eb8-676b-4d89-b1ed-2f6ae890a6f9@group-8B96CE921AB7: ConfigurationManager, init=-1: peers:[88c84cd2-72ca-4eec-b7eb-2fcd5700cf38|rpc:10.1.0.70:44245|dataStream:10.1.0.70:38609|priority:1|startupRole:FOLLOWER, a8e18eb8-676b-4d89-b1ed-2f6ae890a6f9|rpc:10.1.0.70:45767|dataStream:10.1.0.70:37603|priority:0|startupRole:FOLLOWER, e6d924a0-7c53-4274-9275-f319576c3e7e|rpc:10.1.0.70:45625|dataStream:10.1.0.70:33769|priority:0|startupRole:FOLLOWER]|listeners:[], old=null, confs=<EMPTY_MAP>
2023-04-11 17:18:51,013 [pool-498-thread-1] INFO  server.RaftServerConfigKeys (ConfUtils.java:logGet(46)) - raft.server.storage.dir = [/home/runner/work/ozone/ozone/hadoop-ozone/integration-test/target/test-dir/MiniOzoneClusterImpl-7d6c2114-24de-471a-af28-9a4df9894e15/datanode-0/data/ratis] (custom)
2023-04-11 17:18:51,013 [pool-498-thread-1] INFO  server.RaftServerConfigKeys (ConfUtils.java:logGet(46)) - raft.server.log.corruption.policy = EXCEPTION (default)
2023-04-11 17:18:51,013 [pool-498-thread-1] INFO  server.RaftServerConfigKeys (ConfUtils.java:logGet(46)) - raft.server.storage.free-space.min = 0MB (=0) (default)
2023-04-11 17:18:51,013 [pool-498-thread-1] INFO  server.RaftServerConfigKeys (ConfUtils.java:logGet(46)) - raft.server.notification.no-leader.timeout = 300s (custom)
2023-04-11 17:18:51,013 [pool-498-thread-1] INFO  server.RaftServerConfigKeys (ConfUtils.java:logGet(46)) - raft.server.retrycache.expirytime = 600000ms (custom)
2023-04-11 17:18:51,013 [pool-498-thread-1] INFO  server.RaftServerConfigKeys (ConfUtils.java:logGet(46)) - raft.server.retrycache.statistics.expirytime = 100μs (default)
2023-04-11 17:18:51,014 [pool-498-thread-1] INFO  server.RaftServerConfigKeys (ConfUtils.java:logGet(46)) - raft.server.log.appender.install.snapshot.enabled = false (custom)
2023-04-11 17:18:51,014 [pool-498-thread-1] INFO  server.RaftServerConfigKeys (ConfUtils.java:logGet(46)) - raft.server.threadpool.server.cached = true (default)
2023-04-11 17:18:51,014 [pool-498-thread-1] INFO  server.RaftServerConfigKeys (ConfUtils.java:logGet(46)) - raft.server.threadpool.server.size = 0 (default)
2023-04-11 17:18:51,014 [pool-498-thread-1] INFO  server.RaftServerConfigKeys (ConfUtils.java:logGet(46)) - raft.server.threadpool.client.cached = true (default)
2023-04-11 17:18:51,014 [pool-498-thread-1] INFO  server.RaftServerConfigKeys (ConfUtils.java:logGet(46)) - raft.server.threadpool.client.size = 0 (default)
2023-04-11 17:18:51,014 [pool-498-thread-1] INFO  storage.RaftStorageDirectory (RaftStorageDirectoryImpl.java:analyzeStorage(137)) - The storage directory /home/runner/work/ozone/ozone/hadoop-ozone/integration-test/target/test-dir/MiniOzoneClusterImpl-7d6c2114-24de-471a-af28-9a4df9894e15/datanode-0/data/ratis/a3990966-70ec-425c-9f61-8b96ce921ab7 does not exist. Creating ...
2023-04-11 17:18:51,015 [pool-498-thread-1] INFO  storage.RaftStorageDirectory (RaftStorageDirectoryImpl.java:tryLock(231)) - Lock on /home/runner/work/ozone/ozone/hadoop-ozone/integration-test/target/test-dir/MiniOzoneClusterImpl-7d6c2114-24de-471a-af28-9a4df9894e15/datanode-0/data/ratis/a3990966-70ec-425c-9f61-8b96ce921ab7/in_use.lock acquired by nodename 52175@fv-az377-102
2023-04-11 17:18:51,016 [pool-498-thread-1] INFO  storage.RaftStorage (RaftStorageImpl.java:format(96)) - Storage directory /home/runner/work/ozone/ozone/hadoop-ozone/integration-test/target/test-dir/MiniOzoneClusterImpl-7d6c2114-24de-471a-af28-9a4df9894e15/datanode-0/data/ratis/a3990966-70ec-425c-9f61-8b96ce921ab7 has been successfully formatted.
2023-04-11 17:18:51,017 [pool-498-thread-1] INFO  ratis.ContainerStateMachine (ContainerStateMachine.java:loadSnapshot(262)) - group-8B96CE921AB7: The snapshot info is null. Setting the last applied indexto:(t:0, i:~)
2023-04-11 17:18:51,017 [pool-498-thread-1] INFO  server.RaftServerConfigKeys (ConfUtils.java:logGet(46)) - raft.server.log.use.memory = false (default)
2023-04-11 17:18:51,017 [pool-498-thread-1] INFO  server.RaftServerConfigKeys (ConfUtils.java:logGet(46)) - raft.server.log.purge.gap = 1000000 (custom)
2023-04-11 17:18:51,017 [pool-498-thread-1] INFO  server.RaftServerConfigKeys (ConfUtils.java:logGet(46)) - raft.server.log.appender.buffer.byte-limit = 33554432 (custom)
2023-04-11 17:18:51,018 [pool-498-thread-1] INFO  server.RaftServerConfigKeys (ConfUtils.java:logGet(46)) - raft.server.log.statemachine.data.read.timeout = 1000ms (default)
2023-04-11 17:18:51,018 [pool-498-thread-1] INFO  server.RaftServerConfigKeys (ConfUtils.java:logGet(46)) - raft.server.log.purge.preservation.log.num = 0 (default)
2023-04-11 17:18:51,018 [pool-498-thread-1] INFO  server.RaftServerConfigKeys (ConfUtils.java:logGet(46)) - raft.server.log.segment.size.max = 1048576 (custom)
2023-04-11 17:18:51,018 [pool-498-thread-1] INFO  server.RaftServerConfigKeys (ConfUtils.java:logGet(46)) - raft.server.log.segment.cache.num.max = 2 (custom)
2023-04-11 17:18:51,018 [pool-498-thread-1] INFO  server.RaftServerConfigKeys (ConfUtils.java:logGet(46)) - raft.server.log.segment.cache.size.max = 200MB (=209715200) (default)
2023-04-11 17:18:51,018 [pool-498-thread-1] INFO  segmented.SegmentedRaftLogWorker (SegmentedRaftLogWorker.java:<init>(189)) - new a8e18eb8-676b-4d89-b1ed-2f6ae890a6f9@group-8B96CE921AB7-SegmentedRaftLogWorker for RaftStorageImpl:Storage Directory /home/runner/work/ozone/ozone/hadoop-ozone/integration-test/target/test-dir/MiniOzoneClusterImpl-7d6c2114-24de-471a-af28-9a4df9894e15/datanode-0/data/ratis/a3990966-70ec-425c-9f61-8b96ce921ab7
2023-04-11 17:18:51,019 [EventQueue-OpenPipelineForHealthyPipelineSafeModeRule] INFO  safemode.SCMSafeModeManager (HealthyPipelineSafeModeRule.java:process(137)) - SCM in safe mode. Healthy pipelines reported count is 0, required healthy pipeline reported count is 1
2023-04-11 17:18:51,019 [pool-498-thread-1] INFO  server.RaftServerConfigKeys (ConfUtils.java:logGet(46)) - raft.server.log.queue.byte-limit = 4294967296 (custom)
2023-04-11 17:18:51,019 [pool-498-thread-1] INFO  server.RaftServerConfigKeys (ConfUtils.java:logGet(46)) - raft.server.log.queue.element-limit = 1024 (custom)
2023-04-11 17:18:51,019 [pool-498-thread-1] INFO  server.RaftServerConfigKeys (ConfUtils.java:logGet(46)) - raft.server.log.segment.size.max = 1048576 (custom)
2023-04-11 17:18:51,019 [pool-498-thread-1] INFO  server.RaftServerConfigKeys (ConfUtils.java:logGet(46)) - raft.server.log.preallocated.size = 16384 (custom)
2023-04-11 17:18:51,019 [pool-498-thread-1] INFO  server.RaftServerConfigKeys (ConfUtils.java:logGet(46)) - raft.server.log.force.sync.num = 128 (default)
2023-04-11 17:18:51,019 [pool-498-thread-1] INFO  server.RaftServerConfigKeys (ConfUtils.java:logGet(46)) - raft.server.log.statemachine.data.sync = true (default)
2023-04-11 17:18:51,019 [pool-498-thread-1] INFO  server.RaftServerConfigKeys (ConfUtils.java:logGet(46)) - raft.server.log.statemachine.data.sync.timeout = 10s (default)
2023-04-11 17:18:51,019 [pool-498-thread-1] INFO  server.RaftServerConfigKeys (ConfUtils.java:logGet(46)) - raft.server.log.statemachine.data.sync.timeout.retry = -1 (default)
2023-04-11 17:18:51,020 [pool-498-thread-1] INFO  server.RaftServerConfigKeys (ConfUtils.java:logGet(46)) - raft.server.log.write.buffer.size = 1048576 (custom)
2023-04-11 17:18:51,020 [pool-498-thread-1] INFO  server.RaftServerConfigKeys (ConfUtils.java:logGet(46)) - raft.server.log.appender.buffer.byte-limit = 33554432 (custom)
2023-04-11 17:18:51,026 [pool-498-thread-1] INFO  server.RaftServerConfigKeys (ConfUtils.java:logGet(46)) - raft.server.log.unsafe-flush.enabled = false (default)
2023-04-11 17:18:51,026 [pool-498-thread-1] INFO  server.RaftServerConfigKeys (ConfUtils.java:logGet(46)) - raft.server.log.async-flush.enabled = false (default)
2023-04-11 17:18:51,026 [pool-498-thread-1] INFO  server.RaftServerConfigKeys (ConfUtils.java:logGet(46)) - raft.server.log.statemachine.data.caching.enabled = true (custom)
2023-04-11 17:18:51,026 [pool-498-thread-1] INFO  segmented.SegmentedRaftLogWorker (SegmentedRaftLogWorker.java:lambda$new$0(135)) - a8e18eb8-676b-4d89-b1ed-2f6ae890a6f9@group-8B96CE921AB7-SegmentedRaftLogWorker: flushIndex: setUnconditionally 0 -> -1
2023-04-11 17:18:51,026 [pool-498-thread-1] INFO  segmented.SegmentedRaftLogWorker (SegmentedRaftLogWorker.java:lambda$new$0(135)) - a8e18eb8-676b-4d89-b1ed-2f6ae890a6f9@group-8B96CE921AB7-SegmentedRaftLogWorker: safeCacheEvictIndex: setUnconditionally 0 -> -1
2023-04-11 17:18:51,028 [pool-498-thread-1] INFO  server.RaftServer$Division (RaftServerImpl.java:start(334)) - a8e18eb8-676b-4d89-b1ed-2f6ae890a6f9@group-8B96CE921AB7: start as a follower, conf=-1: peers:[88c84cd2-72ca-4eec-b7eb-2fcd5700cf38|rpc:10.1.0.70:44245|dataStream:10.1.0.70:38609|priority:1|startupRole:FOLLOWER, a8e18eb8-676b-4d89-b1ed-2f6ae890a6f9|rpc:10.1.0.70:45767|dataStream:10.1.0.70:37603|priority:0|startupRole:FOLLOWER, e6d924a0-7c53-4274-9275-f319576c3e7e|rpc:10.1.0.70:45625|dataStream:10.1.0.70:33769|priority:0|startupRole:FOLLOWER]|listeners:[], old=null
2023-04-11 17:18:51,028 [pool-498-thread-1] INFO  server.RaftServer$Division (RaftServerImpl.java:setRole(321)) - a8e18eb8-676b-4d89-b1ed-2f6ae890a6f9@group-8B96CE921AB7: changes role from      null to FOLLOWER at term 0 for startAsFollower
2023-04-11 17:18:51,028 [pool-498-thread-1] INFO  impl.RoleInfo (RoleInfo.java:updateAndGet(139)) - a8e18eb8-676b-4d89-b1ed-2f6ae890a6f9: start a8e18eb8-676b-4d89-b1ed-2f6ae890a6f9@group-8B96CE921AB7-FollowerState
2023-04-11 17:18:51,030 [pool-498-thread-1] INFO  util.JmxRegister (JmxRegister.java:tryRegister(44)) - Successfully registered JMX Bean with object name Ratis:service=RaftServer,group=group-8B96CE921AB7,id=a8e18eb8-676b-4d89-b1ed-2f6ae890a6f9
2023-04-11 17:18:51,030 [a8e18eb8-676b-4d89-b1ed-2f6ae890a6f9@group-8B96CE921AB7-FollowerState] INFO  server.RaftServerConfigKeys (ConfUtils.java:logFallback(53)) - raft.server.rpc.first-election.timeout.min = 5s (fallback to raft.server.rpc.timeout.min)
2023-04-11 17:18:51,030 [pool-498-thread-1] INFO  server.RaftServerConfigKeys (ConfUtils.java:logGet(46)) - raft.server.snapshot.auto.trigger.enabled = true (custom)
2023-04-11 17:18:51,030 [pool-498-thread-1] INFO  server.RaftServerConfigKeys (ConfUtils.java:logGet(46)) - raft.server.snapshot.auto.trigger.threshold = 10000 (custom)
2023-04-11 17:18:51,030 [a8e18eb8-676b-4d89-b1ed-2f6ae890a6f9@group-8B96CE921AB7-FollowerState] INFO  server.RaftServerConfigKeys (ConfUtils.java:logFallback(53)) - raft.server.rpc.first-election.timeout.max = 5200ms (fallback to raft.server.rpc.timeout.max)
2023-04-11 17:18:51,030 [pool-498-thread-1] INFO  server.RaftServerConfigKeys (ConfUtils.java:logGet(46)) - raft.server.snapshot.retention.file.num = 5 (custom)
2023-04-11 17:18:51,030 [pool-498-thread-1] INFO  server.RaftServerConfigKeys (ConfUtils.java:logGet(46)) - raft.server.log.purge.upto.snapshot.index = false (default)
2023-04-11 17:18:51,032 [Command processor thread] INFO  ratis.XceiverServerRatis (XceiverServerRatis.java:addGroup(806)) - Created group PipelineID=a3990966-70ec-425c-9f61-8b96ce921ab7
2023-04-11 17:18:51,042 [grpc-default-executor-0] INFO  server.RaftServer (RaftServerProxy.java:addNew(96)) - e6d924a0-7c53-4274-9275-f319576c3e7e: addNew group-8B96CE921AB7:[88c84cd2-72ca-4eec-b7eb-2fcd5700cf38|rpc:10.1.0.70:44245|dataStream:10.1.0.70:38609|priority:1|startupRole:FOLLOWER, a8e18eb8-676b-4d89-b1ed-2f6ae890a6f9|rpc:10.1.0.70:45767|dataStream:10.1.0.70:37603|priority:0|startupRole:FOLLOWER, e6d924a0-7c53-4274-9275-f319576c3e7e|rpc:10.1.0.70:45625|dataStream:10.1.0.70:33769|priority:0|startupRole:FOLLOWER] returns group-8B96CE921AB7:java.util.concurrent.CompletableFuture@43deb1fd[Not completed]
2023-04-11 17:18:51,043 [pool-520-thread-1] INFO  server.RaftServer$Division (RaftServerImpl.java:<init>(195)) - e6d924a0-7c53-4274-9275-f319576c3e7e: new RaftServerImpl for group-8B96CE921AB7:[88c84cd2-72ca-4eec-b7eb-2fcd5700cf38|rpc:10.1.0.70:44245|dataStream:10.1.0.70:38609|priority:1|startupRole:FOLLOWER, a8e18eb8-676b-4d89-b1ed-2f6ae890a6f9|rpc:10.1.0.70:45767|dataStream:10.1.0.70:37603|priority:0|startupRole:FOLLOWER, e6d924a0-7c53-4274-9275-f319576c3e7e|rpc:10.1.0.70:45625|dataStream:10.1.0.70:33769|priority:0|startupRole:FOLLOWER] with ContainerStateMachine:uninitialized
2023-04-11 17:18:51,043 [pool-520-thread-1] INFO  server.RaftServerConfigKeys (ConfUtils.java:logGet(46)) - raft.server.rpc.timeout.min = 5s (custom)
2023-04-11 17:18:51,043 [pool-520-thread-1] INFO  server.RaftServerConfigKeys (ConfUtils.java:logGet(46)) - raft.server.rpc.timeout.max = 5200ms (custom)
2023-04-11 17:18:51,043 [pool-520-thread-1] INFO  server.RaftServerConfigKeys (ConfUtils.java:logGet(46)) - raft.server.rpc.sleep.time = 25ms (default)
2023-04-11 17:18:51,043 [pool-520-thread-1] INFO  server.RaftServerConfigKeys (ConfUtils.java:logGet(46)) - raft.server.rpc.slowness.timeout = 300s (custom)
2023-04-11 17:18:51,043 [pool-520-thread-1] INFO  server.RaftServerConfigKeys (ConfUtils.java:logGet(46)) - raft.server.leaderelection.leader.step-down.wait-time = 10s (default)
2023-04-11 17:18:51,043 [pool-520-thread-1] INFO  server.RaftServerConfigKeys (ConfUtils.java:logGet(46)) - raft.server.sleep.deviation.threshold = 300ms (default)
2023-04-11 17:18:51,043 [pool-520-thread-1] INFO  server.RaftServer$Division (ServerState.java:<init>(118)) - e6d924a0-7c53-4274-9275-f319576c3e7e@group-8B96CE921AB7: ConfigurationManager, init=-1: peers:[88c84cd2-72ca-4eec-b7eb-2fcd5700cf38|rpc:10.1.0.70:44245|dataStream:10.1.0.70:38609|priority:1|startupRole:FOLLOWER, a8e18eb8-676b-4d89-b1ed-2f6ae890a6f9|rpc:10.1.0.70:45767|dataStream:10.1.0.70:37603|priority:0|startupRole:FOLLOWER, e6d924a0-7c53-4274-9275-f319576c3e7e|rpc:10.1.0.70:45625|dataStream:10.1.0.70:33769|priority:0|startupRole:FOLLOWER]|listeners:[], old=null, confs=<EMPTY_MAP>
2023-04-11 17:18:51,043 [pool-520-thread-1] INFO  server.RaftServerConfigKeys (ConfUtils.java:logGet(46)) - raft.server.storage.dir = [/home/runner/work/ozone/ozone/hadoop-ozone/integration-test/target/test-dir/MiniOzoneClusterImpl-7d6c2114-24de-471a-af28-9a4df9894e15/datanode-1/data/ratis] (custom)
2023-04-11 17:18:51,043 [pool-520-thread-1] INFO  server.RaftServerConfigKeys (ConfUtils.java:logGet(46)) - raft.server.log.corruption.policy = EXCEPTION (default)
2023-04-11 17:18:51,043 [pool-520-thread-1] INFO  server.RaftServerConfigKeys (ConfUtils.java:logGet(46)) - raft.server.storage.free-space.min = 0MB (=0) (default)
2023-04-11 17:18:51,043 [pool-520-thread-1] INFO  server.RaftServerConfigKeys (ConfUtils.java:logGet(46)) - raft.server.notification.no-leader.timeout = 300s (custom)
2023-04-11 17:18:51,043 [pool-520-thread-1] INFO  server.RaftServerConfigKeys (ConfUtils.java:logGet(46)) - raft.server.retrycache.expirytime = 600000ms (custom)
2023-04-11 17:18:51,044 [pool-520-thread-1] INFO  server.RaftServerConfigKeys (ConfUtils.java:logGet(46)) - raft.server.retrycache.statistics.expirytime = 100μs (default)
2023-04-11 17:18:51,044 [pool-520-thread-1] INFO  server.RaftServerConfigKeys (ConfUtils.java:logGet(46)) - raft.server.log.appender.install.snapshot.enabled = false (custom)
2023-04-11 17:18:51,044 [pool-520-thread-1] INFO  server.RaftServerConfigKeys (ConfUtils.java:logGet(46)) - raft.server.threadpool.server.cached = true (default)
2023-04-11 17:18:51,044 [pool-520-thread-1] INFO  server.RaftServerConfigKeys (ConfUtils.java:logGet(46)) - raft.server.threadpool.server.size = 0 (default)
2023-04-11 17:18:51,044 [pool-520-thread-1] INFO  server.RaftServerConfigKeys (ConfUtils.java:logGet(46)) - raft.server.threadpool.client.cached = true (default)
2023-04-11 17:18:51,044 [pool-520-thread-1] INFO  server.RaftServerConfigKeys (ConfUtils.java:logGet(46)) - raft.server.threadpool.client.size = 0 (default)
2023-04-11 17:18:51,044 [pool-520-thread-1] INFO  storage.RaftStorageDirectory (RaftStorageDirectoryImpl.java:analyzeStorage(137)) - The storage directory /home/runner/work/ozone/ozone/hadoop-ozone/integration-test/target/test-dir/MiniOzoneClusterImpl-7d6c2114-24de-471a-af28-9a4df9894e15/datanode-1/data/ratis/a3990966-70ec-425c-9f61-8b96ce921ab7 does not exist. Creating ...
2023-04-11 17:18:51,046 [pool-520-thread-1] INFO  storage.RaftStorageDirectory (RaftStorageDirectoryImpl.java:tryLock(231)) - Lock on /home/runner/work/ozone/ozone/hadoop-ozone/integration-test/target/test-dir/MiniOzoneClusterImpl-7d6c2114-24de-471a-af28-9a4df9894e15/datanode-1/data/ratis/a3990966-70ec-425c-9f61-8b96ce921ab7/in_use.lock acquired by nodename 52175@fv-az377-102
2023-04-11 17:18:51,048 [pool-520-thread-1] INFO  storage.RaftStorage (RaftStorageImpl.java:format(96)) - Storage directory /home/runner/work/ozone/ozone/hadoop-ozone/integration-test/target/test-dir/MiniOzoneClusterImpl-7d6c2114-24de-471a-af28-9a4df9894e15/datanode-1/data/ratis/a3990966-70ec-425c-9f61-8b96ce921ab7 has been successfully formatted.
2023-04-11 17:18:51,048 [pool-520-thread-1] INFO  ratis.ContainerStateMachine (ContainerStateMachine.java:loadSnapshot(262)) - group-8B96CE921AB7: The snapshot info is null. Setting the last applied indexto:(t:0, i:~)
2023-04-11 17:18:51,048 [pool-520-thread-1] INFO  server.RaftServerConfigKeys (ConfUtils.java:logGet(46)) - raft.server.log.use.memory = false (default)
2023-04-11 17:18:51,048 [pool-520-thread-1] INFO  server.RaftServerConfigKeys (ConfUtils.java:logGet(46)) - raft.server.log.purge.gap = 1000000 (custom)
2023-04-11 17:18:51,048 [pool-520-thread-1] INFO  server.RaftServerConfigKeys (ConfUtils.java:logGet(46)) - raft.server.log.appender.buffer.byte-limit = 33554432 (custom)
2023-04-11 17:18:51,048 [pool-520-thread-1] INFO  server.RaftServerConfigKeys (ConfUtils.java:logGet(46)) - raft.server.log.statemachine.data.read.timeout = 1000ms (default)
2023-04-11 17:18:51,048 [pool-520-thread-1] INFO  server.RaftServerConfigKeys (ConfUtils.java:logGet(46)) - raft.server.log.purge.preservation.log.num = 0 (default)
2023-04-11 17:18:51,049 [pool-520-thread-1] INFO  server.RaftServerConfigKeys (ConfUtils.java:logGet(46)) - raft.server.log.segment.size.max = 1048576 (custom)
2023-04-11 17:18:51,049 [pool-520-thread-1] INFO  server.RaftServerConfigKeys (ConfUtils.java:logGet(46)) - raft.server.log.segment.cache.num.max = 2 (custom)
2023-04-11 17:18:51,049 [pool-520-thread-1] INFO  server.RaftServerConfigKeys (ConfUtils.java:logGet(46)) - raft.server.log.segment.cache.size.max = 200MB (=209715200) (default)
2023-04-11 17:18:51,049 [pool-520-thread-1] INFO  segmented.SegmentedRaftLogWorker (SegmentedRaftLogWorker.java:<init>(189)) - new e6d924a0-7c53-4274-9275-f319576c3e7e@group-8B96CE921AB7-SegmentedRaftLogWorker for RaftStorageImpl:Storage Directory /home/runner/work/ozone/ozone/hadoop-ozone/integration-test/target/test-dir/MiniOzoneClusterImpl-7d6c2114-24de-471a-af28-9a4df9894e15/datanode-1/data/ratis/a3990966-70ec-425c-9f61-8b96ce921ab7
2023-04-11 17:18:51,049 [pool-520-thread-1] INFO  server.RaftServerConfigKeys (ConfUtils.java:logGet(46)) - raft.server.log.queue.byte-limit = 4294967296 (custom)
2023-04-11 17:18:51,049 [pool-520-thread-1] INFO  server.RaftServerConfigKeys (ConfUtils.java:logGet(46)) - raft.server.log.queue.element-limit = 1024 (custom)
2023-04-11 17:18:51,049 [pool-520-thread-1] INFO  server.RaftServerConfigKeys (ConfUtils.java:logGet(46)) - raft.server.log.segment.size.max = 1048576 (custom)
2023-04-11 17:18:51,049 [pool-520-thread-1] INFO  server.RaftServerConfigKeys (ConfUtils.java:logGet(46)) - raft.server.log.preallocated.size = 16384 (custom)
2023-04-11 17:18:51,049 [pool-520-thread-1] INFO  server.RaftServerConfigKeys (ConfUtils.java:logGet(46)) - raft.server.log.force.sync.num = 128 (default)
2023-04-11 17:18:51,049 [pool-520-thread-1] INFO  server.RaftServerConfigKeys (ConfUtils.java:logGet(46)) - raft.server.log.statemachine.data.sync = true (default)
2023-04-11 17:18:51,049 [pool-520-thread-1] INFO  server.RaftServerConfigKeys (ConfUtils.java:logGet(46)) - raft.server.log.statemachine.data.sync.timeout = 10s (default)
2023-04-11 17:18:51,049 [pool-520-thread-1] INFO  server.RaftServerConfigKeys (ConfUtils.java:logGet(46)) - raft.server.log.statemachine.data.sync.timeout.retry = -1 (default)
2023-04-11 17:18:51,050 [pool-520-thread-1] INFO  server.RaftServerConfigKeys (ConfUtils.java:logGet(46)) - raft.server.log.write.buffer.size = 1048576 (custom)
2023-04-11 17:18:51,050 [pool-520-thread-1] INFO  server.RaftServerConfigKeys (ConfUtils.java:logGet(46)) - raft.server.log.appender.buffer.byte-limit = 33554432 (custom)
2023-04-11 17:18:51,056 [pool-520-thread-1] INFO  server.RaftServerConfigKeys (ConfUtils.java:logGet(46)) - raft.server.log.unsafe-flush.enabled = false (default)
2023-04-11 17:18:51,056 [pool-520-thread-1] INFO  server.RaftServerConfigKeys (ConfUtils.java:logGet(46)) - raft.server.log.async-flush.enabled = false (default)
2023-04-11 17:18:51,056 [pool-520-thread-1] INFO  server.RaftServerConfigKeys (ConfUtils.java:logGet(46)) - raft.server.log.statemachine.data.caching.enabled = true (custom)
2023-04-11 17:18:51,056 [pool-520-thread-1] INFO  segmented.SegmentedRaftLogWorker (SegmentedRaftLogWorker.java:lambda$new$0(135)) - e6d924a0-7c53-4274-9275-f319576c3e7e@group-8B96CE921AB7-SegmentedRaftLogWorker: flushIndex: setUnconditionally 0 -> -1
2023-04-11 17:18:51,058 [pool-520-thread-1] INFO  segmented.SegmentedRaftLogWorker (SegmentedRaftLogWorker.java:lambda$new$0(135)) - e6d924a0-7c53-4274-9275-f319576c3e7e@group-8B96CE921AB7-SegmentedRaftLogWorker: safeCacheEvictIndex: setUnconditionally 0 -> -1
2023-04-11 17:18:51,059 [pool-520-thread-1] INFO  server.RaftServer$Division (RaftServerImpl.java:start(334)) - e6d924a0-7c53-4274-9275-f319576c3e7e@group-8B96CE921AB7: start as a follower, conf=-1: peers:[88c84cd2-72ca-4eec-b7eb-2fcd5700cf38|rpc:10.1.0.70:44245|dataStream:10.1.0.70:38609|priority:1|startupRole:FOLLOWER, a8e18eb8-676b-4d89-b1ed-2f6ae890a6f9|rpc:10.1.0.70:45767|dataStream:10.1.0.70:37603|priority:0|startupRole:FOLLOWER, e6d924a0-7c53-4274-9275-f319576c3e7e|rpc:10.1.0.70:45625|dataStream:10.1.0.70:33769|priority:0|startupRole:FOLLOWER]|listeners:[], old=null
2023-04-11 17:18:51,059 [pool-520-thread-1] INFO  server.RaftServer$Division (RaftServerImpl.java:setRole(321)) - e6d924a0-7c53-4274-9275-f319576c3e7e@group-8B96CE921AB7: changes role from      null to FOLLOWER at term 0 for startAsFollower
2023-04-11 17:18:51,059 [pool-520-thread-1] INFO  impl.RoleInfo (RoleInfo.java:updateAndGet(139)) - e6d924a0-7c53-4274-9275-f319576c3e7e: start e6d924a0-7c53-4274-9275-f319576c3e7e@group-8B96CE921AB7-FollowerState
2023-04-11 17:18:51,059 [pool-520-thread-1] INFO  util.JmxRegister (JmxRegister.java:tryRegister(44)) - Successfully registered JMX Bean with object name Ratis:service=RaftServer,group=group-8B96CE921AB7,id=e6d924a0-7c53-4274-9275-f319576c3e7e
2023-04-11 17:18:51,059 [pool-520-thread-1] INFO  server.RaftServerConfigKeys (ConfUtils.java:logGet(46)) - raft.server.snapshot.auto.trigger.enabled = true (custom)
2023-04-11 17:18:51,059 [pool-520-thread-1] INFO  server.RaftServerConfigKeys (ConfUtils.java:logGet(46)) - raft.server.snapshot.auto.trigger.threshold = 10000 (custom)
2023-04-11 17:18:51,059 [pool-520-thread-1] INFO  server.RaftServerConfigKeys (ConfUtils.java:logGet(46)) - raft.server.snapshot.retention.file.num = 5 (custom)
2023-04-11 17:18:51,059 [pool-520-thread-1] INFO  server.RaftServerConfigKeys (ConfUtils.java:logGet(46)) - raft.server.log.purge.upto.snapshot.index = false (default)
2023-04-11 17:18:51,060 [e6d924a0-7c53-4274-9275-f319576c3e7e@group-8B96CE921AB7-FollowerState] INFO  server.RaftServerConfigKeys (ConfUtils.java:logFallback(53)) - raft.server.rpc.first-election.timeout.min = 5s (fallback to raft.server.rpc.timeout.min)
2023-04-11 17:18:51,060 [e6d924a0-7c53-4274-9275-f319576c3e7e@group-8B96CE921AB7-FollowerState] INFO  server.RaftServerConfigKeys (ConfUtils.java:logFallback(53)) - raft.server.rpc.first-election.timeout.max = 5200ms (fallback to raft.server.rpc.timeout.max)
2023-04-11 17:18:51,080 [grpc-default-executor-0] INFO  server.RaftServer (RaftServerProxy.java:addNew(96)) - 88c84cd2-72ca-4eec-b7eb-2fcd5700cf38: addNew group-8B96CE921AB7:[88c84cd2-72ca-4eec-b7eb-2fcd5700cf38|rpc:10.1.0.70:44245|dataStream:10.1.0.70:38609|priority:1|startupRole:FOLLOWER, a8e18eb8-676b-4d89-b1ed-2f6ae890a6f9|rpc:10.1.0.70:45767|dataStream:10.1.0.70:37603|priority:0|startupRole:FOLLOWER, e6d924a0-7c53-4274-9275-f319576c3e7e|rpc:10.1.0.70:45625|dataStream:10.1.0.70:33769|priority:0|startupRole:FOLLOWER] returns group-8B96CE921AB7:java.util.concurrent.CompletableFuture@baf4a0c[Not completed]
2023-04-11 17:18:51,082 [pool-542-thread-1] INFO  server.RaftServer$Division (RaftServerImpl.java:<init>(195)) - 88c84cd2-72ca-4eec-b7eb-2fcd5700cf38: new RaftServerImpl for group-8B96CE921AB7:[88c84cd2-72ca-4eec-b7eb-2fcd5700cf38|rpc:10.1.0.70:44245|dataStream:10.1.0.70:38609|priority:1|startupRole:FOLLOWER, a8e18eb8-676b-4d89-b1ed-2f6ae890a6f9|rpc:10.1.0.70:45767|dataStream:10.1.0.70:37603|priority:0|startupRole:FOLLOWER, e6d924a0-7c53-4274-9275-f319576c3e7e|rpc:10.1.0.70:45625|dataStream:10.1.0.70:33769|priority:0|startupRole:FOLLOWER] with ContainerStateMachine:uninitialized
2023-04-11 17:18:51,082 [pool-542-thread-1] INFO  server.RaftServerConfigKeys (ConfUtils.java:logGet(46)) - raft.server.rpc.timeout.min = 5s (custom)
2023-04-11 17:18:51,082 [pool-542-thread-1] INFO  server.RaftServerConfigKeys (ConfUtils.java:logGet(46)) - raft.server.rpc.timeout.max = 5200ms (custom)
2023-04-11 17:18:51,082 [pool-542-thread-1] INFO  server.RaftServerConfigKeys (ConfUtils.java:logGet(46)) - raft.server.rpc.sleep.time = 25ms (default)
2023-04-11 17:18:51,082 [pool-542-thread-1] INFO  server.RaftServerConfigKeys (ConfUtils.java:logGet(46)) - raft.server.rpc.slowness.timeout = 300s (custom)
2023-04-11 17:18:51,082 [pool-542-thread-1] INFO  server.RaftServerConfigKeys (ConfUtils.java:logGet(46)) - raft.server.leaderelection.leader.step-down.wait-time = 10s (default)
2023-04-11 17:18:51,082 [pool-542-thread-1] INFO  server.RaftServerConfigKeys (ConfUtils.java:logGet(46)) - raft.server.sleep.deviation.threshold = 300ms (default)
2023-04-11 17:18:51,082 [pool-542-thread-1] INFO  server.RaftServer$Division (ServerState.java:<init>(118)) - 88c84cd2-72ca-4eec-b7eb-2fcd5700cf38@group-8B96CE921AB7: ConfigurationManager, init=-1: peers:[88c84cd2-72ca-4eec-b7eb-2fcd5700cf38|rpc:10.1.0.70:44245|dataStream:10.1.0.70:38609|priority:1|startupRole:FOLLOWER, a8e18eb8-676b-4d89-b1ed-2f6ae890a6f9|rpc:10.1.0.70:45767|dataStream:10.1.0.70:37603|priority:0|startupRole:FOLLOWER, e6d924a0-7c53-4274-9275-f319576c3e7e|rpc:10.1.0.70:45625|dataStream:10.1.0.70:33769|priority:0|startupRole:FOLLOWER]|listeners:[], old=null, confs=<EMPTY_MAP>
2023-04-11 17:18:51,082 [pool-542-thread-1] INFO  server.RaftServerConfigKeys (ConfUtils.java:logGet(46)) - raft.server.storage.dir = [/home/runner/work/ozone/ozone/hadoop-ozone/integration-test/target/test-dir/MiniOzoneClusterImpl-7d6c2114-24de-471a-af28-9a4df9894e15/datanode-2/data/ratis] (custom)
2023-04-11 17:18:51,082 [pool-542-thread-1] INFO  server.RaftServerConfigKeys (ConfUtils.java:logGet(46)) - raft.server.log.corruption.policy = EXCEPTION (default)
2023-04-11 17:18:51,082 [pool-542-thread-1] INFO  server.RaftServerConfigKeys (ConfUtils.java:logGet(46)) - raft.server.storage.free-space.min = 0MB (=0) (default)
2023-04-11 17:18:51,082 [pool-542-thread-1] INFO  server.RaftServerConfigKeys (ConfUtils.java:logGet(46)) - raft.server.notification.no-leader.timeout = 300s (custom)
2023-04-11 17:18:51,082 [pool-542-thread-1] INFO  server.RaftServerConfigKeys (ConfUtils.java:logGet(46)) - raft.server.retrycache.expirytime = 600000ms (custom)
2023-04-11 17:18:51,082 [pool-542-thread-1] INFO  server.RaftServerConfigKeys (ConfUtils.java:logGet(46)) - raft.server.retrycache.statistics.expirytime = 100μs (default)
2023-04-11 17:18:51,083 [pool-542-thread-1] INFO  server.RaftServerConfigKeys (ConfUtils.java:logGet(46)) - raft.server.log.appender.install.snapshot.enabled = false (custom)
2023-04-11 17:18:51,083 [pool-542-thread-1] INFO  server.RaftServerConfigKeys (ConfUtils.java:logGet(46)) - raft.server.threadpool.server.cached = true (default)
2023-04-11 17:18:51,083 [pool-542-thread-1] INFO  server.RaftServerConfigKeys (ConfUtils.java:logGet(46)) - raft.server.threadpool.server.size = 0 (default)
2023-04-11 17:18:51,083 [pool-542-thread-1] INFO  server.RaftServerConfigKeys (ConfUtils.java:logGet(46)) - raft.server.threadpool.client.cached = true (default)
2023-04-11 17:18:51,083 [pool-542-thread-1] INFO  server.RaftServerConfigKeys (ConfUtils.java:logGet(46)) - raft.server.threadpool.client.size = 0 (default)
2023-04-11 17:18:51,083 [pool-542-thread-1] INFO  storage.RaftStorageDirectory (RaftStorageDirectoryImpl.java:analyzeStorage(137)) - The storage directory /home/runner/work/ozone/ozone/hadoop-ozone/integration-test/target/test-dir/MiniOzoneClusterImpl-7d6c2114-24de-471a-af28-9a4df9894e15/datanode-2/data/ratis/a3990966-70ec-425c-9f61-8b96ce921ab7 does not exist. Creating ...
2023-04-11 17:18:51,085 [pool-542-thread-1] INFO  storage.RaftStorageDirectory (RaftStorageDirectoryImpl.java:tryLock(231)) - Lock on /home/runner/work/ozone/ozone/hadoop-ozone/integration-test/target/test-dir/MiniOzoneClusterImpl-7d6c2114-24de-471a-af28-9a4df9894e15/datanode-2/data/ratis/a3990966-70ec-425c-9f61-8b96ce921ab7/in_use.lock acquired by nodename 52175@fv-az377-102
2023-04-11 17:18:51,086 [pool-542-thread-1] INFO  storage.RaftStorage (RaftStorageImpl.java:format(96)) - Storage directory /home/runner/work/ozone/ozone/hadoop-ozone/integration-test/target/test-dir/MiniOzoneClusterImpl-7d6c2114-24de-471a-af28-9a4df9894e15/datanode-2/data/ratis/a3990966-70ec-425c-9f61-8b96ce921ab7 has been successfully formatted.
2023-04-11 17:18:51,087 [pool-542-thread-1] INFO  ratis.ContainerStateMachine (ContainerStateMachine.java:loadSnapshot(262)) - group-8B96CE921AB7: The snapshot info is null. Setting the last applied indexto:(t:0, i:~)
2023-04-11 17:18:51,087 [pool-542-thread-1] INFO  server.RaftServerConfigKeys (ConfUtils.java:logGet(46)) - raft.server.log.use.memory = false (default)
2023-04-11 17:18:51,087 [pool-542-thread-1] INFO  server.RaftServerConfigKeys (ConfUtils.java:logGet(46)) - raft.server.log.purge.gap = 1000000 (custom)
2023-04-11 17:18:51,087 [pool-542-thread-1] INFO  server.RaftServerConfigKeys (ConfUtils.java:logGet(46)) - raft.server.log.appender.buffer.byte-limit = 33554432 (custom)
2023-04-11 17:18:51,087 [pool-542-thread-1] INFO  server.RaftServerConfigKeys (ConfUtils.java:logGet(46)) - raft.server.log.statemachine.data.read.timeout = 1000ms (default)
2023-04-11 17:18:51,088 [pool-542-thread-1] INFO  server.RaftServerConfigKeys (ConfUtils.java:logGet(46)) - raft.server.log.purge.preservation.log.num = 0 (default)
2023-04-11 17:18:51,088 [pool-542-thread-1] INFO  server.RaftServerConfigKeys (ConfUtils.java:logGet(46)) - raft.server.log.segment.size.max = 1048576 (custom)
2023-04-11 17:18:51,088 [pool-542-thread-1] INFO  server.RaftServerConfigKeys (ConfUtils.java:logGet(46)) - raft.server.log.segment.cache.num.max = 2 (custom)
2023-04-11 17:18:51,088 [pool-542-thread-1] INFO  server.RaftServerConfigKeys (ConfUtils.java:logGet(46)) - raft.server.log.segment.cache.size.max = 200MB (=209715200) (default)
2023-04-11 17:18:51,089 [pool-542-thread-1] INFO  segmented.SegmentedRaftLogWorker (SegmentedRaftLogWorker.java:<init>(189)) - new 88c84cd2-72ca-4eec-b7eb-2fcd5700cf38@group-8B96CE921AB7-SegmentedRaftLogWorker for RaftStorageImpl:Storage Directory /home/runner/work/ozone/ozone/hadoop-ozone/integration-test/target/test-dir/MiniOzoneClusterImpl-7d6c2114-24de-471a-af28-9a4df9894e15/datanode-2/data/ratis/a3990966-70ec-425c-9f61-8b96ce921ab7
2023-04-11 17:18:51,089 [pool-542-thread-1] INFO  server.RaftServerConfigKeys (ConfUtils.java:logGet(46)) - raft.server.log.queue.byte-limit = 4294967296 (custom)
2023-04-11 17:18:51,089 [pool-542-thread-1] INFO  server.RaftServerConfigKeys (ConfUtils.java:logGet(46)) - raft.server.log.queue.element-limit = 1024 (custom)
2023-04-11 17:18:51,089 [pool-542-thread-1] INFO  server.RaftServerConfigKeys (ConfUtils.java:logGet(46)) - raft.server.log.segment.size.max = 1048576 (custom)
2023-04-11 17:18:51,089 [pool-542-thread-1] INFO  server.RaftServerConfigKeys (ConfUtils.java:logGet(46)) - raft.server.log.preallocated.size = 16384 (custom)
2023-04-11 17:18:51,089 [pool-542-thread-1] INFO  server.RaftServerConfigKeys (ConfUtils.java:logGet(46)) - raft.server.log.force.sync.num = 128 (default)
2023-04-11 17:18:51,089 [pool-542-thread-1] INFO  server.RaftServerConfigKeys (ConfUtils.java:logGet(46)) - raft.server.log.statemachine.data.sync = true (default)
2023-04-11 17:18:51,089 [pool-542-thread-1] INFO  server.RaftServerConfigKeys (ConfUtils.java:logGet(46)) - raft.server.log.statemachine.data.sync.timeout = 10s (default)
2023-04-11 17:18:51,089 [pool-542-thread-1] INFO  server.RaftServerConfigKeys (ConfUtils.java:logGet(46)) - raft.server.log.statemachine.data.sync.timeout.retry = -1 (default)
2023-04-11 17:18:51,089 [pool-542-thread-1] INFO  server.RaftServerConfigKeys (ConfUtils.java:logGet(46)) - raft.server.log.write.buffer.size = 1048576 (custom)
2023-04-11 17:18:51,090 [pool-542-thread-1] INFO  server.RaftServerConfigKeys (ConfUtils.java:logGet(46)) - raft.server.log.appender.buffer.byte-limit = 33554432 (custom)
2023-04-11 17:18:51,095 [pool-542-thread-1] INFO  server.RaftServerConfigKeys (ConfUtils.java:logGet(46)) - raft.server.log.unsafe-flush.enabled = false (default)
2023-04-11 17:18:51,095 [pool-542-thread-1] INFO  server.RaftServerConfigKeys (ConfUtils.java:logGet(46)) - raft.server.log.async-flush.enabled = false (default)
2023-04-11 17:18:51,095 [pool-542-thread-1] INFO  server.RaftServerConfigKeys (ConfUtils.java:logGet(46)) - raft.server.log.statemachine.data.caching.enabled = true (custom)
2023-04-11 17:18:51,095 [pool-542-thread-1] INFO  segmented.SegmentedRaftLogWorker (SegmentedRaftLogWorker.java:lambda$new$0(135)) - 88c84cd2-72ca-4eec-b7eb-2fcd5700cf38@group-8B96CE921AB7-SegmentedRaftLogWorker: flushIndex: setUnconditionally 0 -> -1
2023-04-11 17:18:51,095 [pool-542-thread-1] INFO  segmented.SegmentedRaftLogWorker (SegmentedRaftLogWorker.java:lambda$new$0(135)) - 88c84cd2-72ca-4eec-b7eb-2fcd5700cf38@group-8B96CE921AB7-SegmentedRaftLogWorker: safeCacheEvictIndex: setUnconditionally 0 -> -1
2023-04-11 17:18:51,095 [pool-542-thread-1] INFO  server.RaftServer$Division (RaftServerImpl.java:start(334)) - 88c84cd2-72ca-4eec-b7eb-2fcd5700cf38@group-8B96CE921AB7: start as a follower, conf=-1: peers:[88c84cd2-72ca-4eec-b7eb-2fcd5700cf38|rpc:10.1.0.70:44245|dataStream:10.1.0.70:38609|priority:1|startupRole:FOLLOWER, a8e18eb8-676b-4d89-b1ed-2f6ae890a6f9|rpc:10.1.0.70:45767|dataStream:10.1.0.70:37603|priority:0|startupRole:FOLLOWER, e6d924a0-7c53-4274-9275-f319576c3e7e|rpc:10.1.0.70:45625|dataStream:10.1.0.70:33769|priority:0|startupRole:FOLLOWER]|listeners:[], old=null
2023-04-11 17:18:51,095 [pool-542-thread-1] INFO  server.RaftServer$Division (RaftServerImpl.java:setRole(321)) - 88c84cd2-72ca-4eec-b7eb-2fcd5700cf38@group-8B96CE921AB7: changes role from      null to FOLLOWER at term 0 for startAsFollower
2023-04-11 17:18:51,095 [pool-542-thread-1] INFO  impl.RoleInfo (RoleInfo.java:updateAndGet(139)) - 88c84cd2-72ca-4eec-b7eb-2fcd5700cf38: start 88c84cd2-72ca-4eec-b7eb-2fcd5700cf38@group-8B96CE921AB7-FollowerState
2023-04-11 17:18:51,100 [pool-542-thread-1] INFO  util.JmxRegister (JmxRegister.java:tryRegister(44)) - Successfully registered JMX Bean with object name Ratis:service=RaftServer,group=group-8B96CE921AB7,id=88c84cd2-72ca-4eec-b7eb-2fcd5700cf38
2023-04-11 17:18:51,100 [pool-542-thread-1] INFO  server.RaftServerConfigKeys (ConfUtils.java:logGet(46)) - raft.server.snapshot.auto.trigger.enabled = true (custom)
2023-04-11 17:18:51,100 [pool-542-thread-1] INFO  server.RaftServerConfigKeys (ConfUtils.java:logGet(46)) - raft.server.snapshot.auto.trigger.threshold = 10000 (custom)
2023-04-11 17:18:51,100 [pool-542-thread-1] INFO  server.RaftServerConfigKeys (ConfUtils.java:logGet(46)) - raft.server.snapshot.retention.file.num = 5 (custom)
2023-04-11 17:18:51,100 [pool-542-thread-1] INFO  server.RaftServerConfigKeys (ConfUtils.java:logGet(46)) - raft.server.log.purge.upto.snapshot.index = false (default)
2023-04-11 17:18:51,101 [88c84cd2-72ca-4eec-b7eb-2fcd5700cf38@group-8B96CE921AB7-FollowerState] INFO  server.RaftServerConfigKeys (ConfUtils.java:logFallback(53)) - raft.server.rpc.first-election.timeout.min = 5s (fallback to raft.server.rpc.timeout.min)
2023-04-11 17:18:51,101 [88c84cd2-72ca-4eec-b7eb-2fcd5700cf38@group-8B96CE921AB7-FollowerState] INFO  server.RaftServerConfigKeys (ConfUtils.java:logFallback(53)) - raft.server.rpc.first-election.timeout.max = 5200ms (fallback to raft.server.rpc.timeout.max)
2023-04-11 17:18:51,106 [Command processor thread] INFO  commandhandler.CreatePipelineCommandHandler (CreatePipelineCommandHandler.java:handle(113)) - Created Pipeline RATIS THREE PipelineID=a3990966-70ec-425c-9f61-8b96ce921ab7.
2023-04-11 17:18:51,139 [Command processor thread] INFO  server.RaftServer (RaftServerProxy.java:addNew(96)) - e6d924a0-7c53-4274-9275-f319576c3e7e: addNew group-FBDA25616759:[e6d924a0-7c53-4274-9275-f319576c3e7e|rpc:10.1.0.70:45625|dataStream:10.1.0.70:33769|priority:1|startupRole:FOLLOWER] returns group-FBDA25616759:java.util.concurrent.CompletableFuture@52ebddbf[Not completed]
2023-04-11 17:18:51,140 [pool-520-thread-1] INFO  server.RaftServer$Division (RaftServerImpl.java:<init>(195)) - e6d924a0-7c53-4274-9275-f319576c3e7e: new RaftServerImpl for group-FBDA25616759:[e6d924a0-7c53-4274-9275-f319576c3e7e|rpc:10.1.0.70:45625|dataStream:10.1.0.70:33769|priority:1|startupRole:FOLLOWER] with ContainerStateMachine:uninitialized
2023-04-11 17:18:51,140 [pool-520-thread-1] INFO  server.RaftServerConfigKeys (ConfUtils.java:logGet(46)) - raft.server.rpc.timeout.min = 5s (custom)
2023-04-11 17:18:51,140 [pool-520-thread-1] INFO  server.RaftServerConfigKeys (ConfUtils.java:logGet(46)) - raft.server.rpc.timeout.max = 5200ms (custom)
2023-04-11 17:18:51,141 [pool-520-thread-1] INFO  server.RaftServerConfigKeys (ConfUtils.java:logGet(46)) - raft.server.rpc.sleep.time = 25ms (default)
2023-04-11 17:18:51,141 [pool-520-thread-1] INFO  server.RaftServerConfigKeys (ConfUtils.java:logGet(46)) - raft.server.rpc.slowness.timeout = 300s (custom)
2023-04-11 17:18:51,141 [pool-520-thread-1] INFO  server.RaftServerConfigKeys (ConfUtils.java:logGet(46)) - raft.server.leaderelection.leader.step-down.wait-time = 10s (default)
2023-04-11 17:18:51,141 [pool-520-thread-1] INFO  server.RaftServerConfigKeys (ConfUtils.java:logGet(46)) - raft.server.sleep.deviation.threshold = 300ms (default)
2023-04-11 17:18:51,141 [pool-520-thread-1] INFO  server.RaftServer$Division (ServerState.java:<init>(118)) - e6d924a0-7c53-4274-9275-f319576c3e7e@group-FBDA25616759: ConfigurationManager, init=-1: peers:[e6d924a0-7c53-4274-9275-f319576c3e7e|rpc:10.1.0.70:45625|dataStream:10.1.0.70:33769|priority:1|startupRole:FOLLOWER]|listeners:[], old=null, confs=<EMPTY_MAP>
2023-04-11 17:18:51,141 [pool-520-thread-1] INFO  server.RaftServerConfigKeys (ConfUtils.java:logGet(46)) - raft.server.storage.dir = [/home/runner/work/ozone/ozone/hadoop-ozone/integration-test/target/test-dir/MiniOzoneClusterImpl-7d6c2114-24de-471a-af28-9a4df9894e15/datanode-1/data/ratis] (custom)
2023-04-11 17:18:51,141 [pool-520-thread-1] INFO  server.RaftServerConfigKeys (ConfUtils.java:logGet(46)) - raft.server.log.corruption.policy = EXCEPTION (default)
2023-04-11 17:18:51,141 [pool-520-thread-1] INFO  server.RaftServerConfigKeys (ConfUtils.java:logGet(46)) - raft.server.storage.free-space.min = 0MB (=0) (default)
2023-04-11 17:18:51,141 [pool-520-thread-1] INFO  server.RaftServerConfigKeys (ConfUtils.java:logGet(46)) - raft.server.notification.no-leader.timeout = 300s (custom)
2023-04-11 17:18:51,141 [pool-520-thread-1] INFO  server.RaftServerConfigKeys (ConfUtils.java:logGet(46)) - raft.server.retrycache.expirytime = 600000ms (custom)
2023-04-11 17:18:51,141 [pool-520-thread-1] INFO  server.RaftServerConfigKeys (ConfUtils.java:logGet(46)) - raft.server.retrycache.statistics.expirytime = 100μs (default)
2023-04-11 17:18:51,142 [pool-520-thread-1] INFO  server.RaftServerConfigKeys (ConfUtils.java:logGet(46)) - raft.server.log.appender.install.snapshot.enabled = false (custom)
2023-04-11 17:18:51,142 [pool-520-thread-1] INFO  server.RaftServerConfigKeys (ConfUtils.java:logGet(46)) - raft.server.threadpool.server.cached = true (default)
2023-04-11 17:18:51,142 [pool-520-thread-1] INFO  server.RaftServerConfigKeys (ConfUtils.java:logGet(46)) - raft.server.threadpool.server.size = 0 (default)
2023-04-11 17:18:51,142 [pool-520-thread-1] INFO  server.RaftServerConfigKeys (ConfUtils.java:logGet(46)) - raft.server.threadpool.client.cached = true (default)
2023-04-11 17:18:51,142 [pool-520-thread-1] INFO  server.RaftServerConfigKeys (ConfUtils.java:logGet(46)) - raft.server.threadpool.client.size = 0 (default)
2023-04-11 17:18:51,142 [pool-520-thread-1] INFO  storage.RaftStorageDirectory (RaftStorageDirectoryImpl.java:analyzeStorage(137)) - The storage directory /home/runner/work/ozone/ozone/hadoop-ozone/integration-test/target/test-dir/MiniOzoneClusterImpl-7d6c2114-24de-471a-af28-9a4df9894e15/datanode-1/data/ratis/27dbd68c-74d7-4f15-bef4-fbda25616759 does not exist. Creating ...
2023-04-11 17:18:51,144 [pool-520-thread-1] INFO  storage.RaftStorageDirectory (RaftStorageDirectoryImpl.java:tryLock(231)) - Lock on /home/runner/work/ozone/ozone/hadoop-ozone/integration-test/target/test-dir/MiniOzoneClusterImpl-7d6c2114-24de-471a-af28-9a4df9894e15/datanode-1/data/ratis/27dbd68c-74d7-4f15-bef4-fbda25616759/in_use.lock acquired by nodename 52175@fv-az377-102
2023-04-11 17:18:51,145 [pool-520-thread-1] INFO  storage.RaftStorage (RaftStorageImpl.java:format(96)) - Storage directory /home/runner/work/ozone/ozone/hadoop-ozone/integration-test/target/test-dir/MiniOzoneClusterImpl-7d6c2114-24de-471a-af28-9a4df9894e15/datanode-1/data/ratis/27dbd68c-74d7-4f15-bef4-fbda25616759 has been successfully formatted.
2023-04-11 17:18:51,147 [EventQueue-PipelineReportForPipelineReportHandler] INFO  pipeline.PipelineManagerImpl (PipelineManagerImpl.java:openPipeline(367)) - Pipeline Pipeline[ Id: 27dbd68c-74d7-4f15-bef4-fbda25616759, Nodes: e6d924a0-7c53-4274-9275-f319576c3e7e(fv-az377-102.ap30g4v5sw5evmjtdmxdg2w53f.dx.internal.cloudapp.net/10.1.0.70), ReplicationConfig: RATIS/ONE, State:ALLOCATED, leaderId:e6d924a0-7c53-4274-9275-f319576c3e7e, CreationTimestamp2023-04-11T17:18:48.145Z[Etc/UTC]] moved to OPEN state
2023-04-11 17:18:51,147 [EventQueue-OpenPipelineForHealthyPipelineSafeModeRule] INFO  safemode.SCMSafeModeManager (HealthyPipelineSafeModeRule.java:process(137)) - SCM in safe mode. Healthy pipelines reported count is 0, required healthy pipeline reported count is 1
2023-04-11 17:18:51,147 [pool-520-thread-1] INFO  ratis.ContainerStateMachine (ContainerStateMachine.java:loadSnapshot(262)) - group-FBDA25616759: The snapshot info is null. Setting the last applied indexto:(t:0, i:~)
2023-04-11 17:18:51,147 [pool-520-thread-1] INFO  server.RaftServerConfigKeys (ConfUtils.java:logGet(46)) - raft.server.log.use.memory = false (default)
2023-04-11 17:18:51,147 [pool-520-thread-1] INFO  server.RaftServerConfigKeys (ConfUtils.java:logGet(46)) - raft.server.log.purge.gap = 1000000 (custom)
2023-04-11 17:18:51,147 [pool-520-thread-1] INFO  server.RaftServerConfigKeys (ConfUtils.java:logGet(46)) - raft.server.log.appender.buffer.byte-limit = 33554432 (custom)
2023-04-11 17:18:51,147 [pool-520-thread-1] INFO  server.RaftServerConfigKeys (ConfUtils.java:logGet(46)) - raft.server.log.statemachine.data.read.timeout = 1000ms (default)
2023-04-11 17:18:51,147 [pool-520-thread-1] INFO  server.RaftServerConfigKeys (ConfUtils.java:logGet(46)) - raft.server.log.purge.preservation.log.num = 0 (default)
2023-04-11 17:18:51,148 [pool-520-thread-1] INFO  server.RaftServerConfigKeys (ConfUtils.java:logGet(46)) - raft.server.log.segment.size.max = 1048576 (custom)
2023-04-11 17:18:51,148 [pool-520-thread-1] INFO  server.RaftServerConfigKeys (ConfUtils.java:logGet(46)) - raft.server.log.segment.cache.num.max = 2 (custom)
2023-04-11 17:18:51,148 [pool-520-thread-1] INFO  server.RaftServerConfigKeys (ConfUtils.java:logGet(46)) - raft.server.log.segment.cache.size.max = 200MB (=209715200) (default)
2023-04-11 17:18:51,148 [pool-520-thread-1] INFO  segmented.SegmentedRaftLogWorker (SegmentedRaftLogWorker.java:<init>(189)) - new e6d924a0-7c53-4274-9275-f319576c3e7e@group-FBDA25616759-SegmentedRaftLogWorker for RaftStorageImpl:Storage Directory /home/runner/work/ozone/ozone/hadoop-ozone/integration-test/target/test-dir/MiniOzoneClusterImpl-7d6c2114-24de-471a-af28-9a4df9894e15/datanode-1/data/ratis/27dbd68c-74d7-4f15-bef4-fbda25616759
2023-04-11 17:18:51,148 [pool-520-thread-1] INFO  server.RaftServerConfigKeys (ConfUtils.java:logGet(46)) - raft.server.log.queue.byte-limit = 4294967296 (custom)
2023-04-11 17:18:51,148 [pool-520-thread-1] INFO  server.RaftServerConfigKeys (ConfUtils.java:logGet(46)) - raft.server.log.queue.element-limit = 1024 (custom)
2023-04-11 17:18:51,148 [pool-520-thread-1] INFO  server.RaftServerConfigKeys (ConfUtils.java:logGet(46)) - raft.server.log.segment.size.max = 1048576 (custom)
2023-04-11 17:18:51,148 [pool-520-thread-1] INFO  server.RaftServerConfigKeys (ConfUtils.java:logGet(46)) - raft.server.log.preallocated.size = 16384 (custom)
2023-04-11 17:18:51,148 [pool-520-thread-1] INFO  server.RaftServerConfigKeys (ConfUtils.java:logGet(46)) - raft.server.log.force.sync.num = 128 (default)
2023-04-11 17:18:51,148 [pool-520-thread-1] INFO  server.RaftServerConfigKeys (ConfUtils.java:logGet(46)) - raft.server.log.statemachine.data.sync = true (default)
2023-04-11 17:18:51,148 [pool-520-thread-1] INFO  server.RaftServerConfigKeys (ConfUtils.java:logGet(46)) - raft.server.log.statemachine.data.sync.timeout = 10s (default)
2023-04-11 17:18:51,148 [pool-520-thread-1] INFO  server.RaftServerConfigKeys (ConfUtils.java:logGet(46)) - raft.server.log.statemachine.data.sync.timeout.retry = -1 (default)
2023-04-11 17:18:51,149 [pool-520-thread-1] INFO  server.RaftServerConfigKeys (ConfUtils.java:logGet(46)) - raft.server.log.write.buffer.size = 1048576 (custom)
2023-04-11 17:18:51,149 [pool-520-thread-1] INFO  server.RaftServerConfigKeys (ConfUtils.java:logGet(46)) - raft.server.log.appender.buffer.byte-limit = 33554432 (custom)
2023-04-11 17:18:51,155 [pool-520-thread-1] INFO  server.RaftServerConfigKeys (ConfUtils.java:logGet(46)) - raft.server.log.unsafe-flush.enabled = false (default)
2023-04-11 17:18:51,155 [pool-520-thread-1] INFO  server.RaftServerConfigKeys (ConfUtils.java:logGet(46)) - raft.server.log.async-flush.enabled = false (default)
2023-04-11 17:18:51,155 [pool-520-thread-1] INFO  server.RaftServerConfigKeys (ConfUtils.java:logGet(46)) - raft.server.log.statemachine.data.caching.enabled = true (custom)
2023-04-11 17:18:51,155 [pool-520-thread-1] INFO  segmented.SegmentedRaftLogWorker (SegmentedRaftLogWorker.java:lambda$new$0(135)) - e6d924a0-7c53-4274-9275-f319576c3e7e@group-FBDA25616759-SegmentedRaftLogWorker: flushIndex: setUnconditionally 0 -> -1
2023-04-11 17:18:51,155 [pool-520-thread-1] INFO  segmented.SegmentedRaftLogWorker (SegmentedRaftLogWorker.java:lambda$new$0(135)) - e6d924a0-7c53-4274-9275-f319576c3e7e@group-FBDA25616759-SegmentedRaftLogWorker: safeCacheEvictIndex: setUnconditionally 0 -> -1
2023-04-11 17:18:51,155 [pool-520-thread-1] INFO  server.RaftServer$Division (RaftServerImpl.java:start(334)) - e6d924a0-7c53-4274-9275-f319576c3e7e@group-FBDA25616759: start as a follower, conf=-1: peers:[e6d924a0-7c53-4274-9275-f319576c3e7e|rpc:10.1.0.70:45625|dataStream:10.1.0.70:33769|priority:1|startupRole:FOLLOWER]|listeners:[], old=null
2023-04-11 17:18:51,155 [pool-520-thread-1] INFO  server.RaftServer$Division (RaftServerImpl.java:setRole(321)) - e6d924a0-7c53-4274-9275-f319576c3e7e@group-FBDA25616759: changes role from      null to FOLLOWER at term 0 for startAsFollower
2023-04-11 17:18:51,156 [pool-520-thread-1] INFO  impl.RoleInfo (RoleInfo.java:updateAndGet(139)) - e6d924a0-7c53-4274-9275-f319576c3e7e: start e6d924a0-7c53-4274-9275-f319576c3e7e@group-FBDA25616759-FollowerState
2023-04-11 17:18:51,156 [e6d924a0-7c53-4274-9275-f319576c3e7e@group-FBDA25616759-FollowerState] INFO  server.RaftServerConfigKeys (ConfUtils.java:logFallback(53)) - raft.server.rpc.first-election.timeout.min = 5s (fallback to raft.server.rpc.timeout.min)
2023-04-11 17:18:51,156 [pool-520-thread-1] INFO  util.JmxRegister (JmxRegister.java:tryRegister(44)) - Successfully registered JMX Bean with object name Ratis:service=RaftServer,group=group-FBDA25616759,id=e6d924a0-7c53-4274-9275-f319576c3e7e
2023-04-11 17:18:51,156 [e6d924a0-7c53-4274-9275-f319576c3e7e@group-FBDA25616759-FollowerState] INFO  server.RaftServerConfigKeys (ConfUtils.java:logFallback(53)) - raft.server.rpc.first-election.timeout.max = 5200ms (fallback to raft.server.rpc.timeout.max)
2023-04-11 17:18:51,156 [pool-520-thread-1] INFO  server.RaftServerConfigKeys (ConfUtils.java:logGet(46)) - raft.server.snapshot.auto.trigger.enabled = true (custom)
2023-04-11 17:18:51,157 [pool-520-thread-1] INFO  server.RaftServerConfigKeys (ConfUtils.java:logGet(46)) - raft.server.snapshot.auto.trigger.threshold = 10000 (custom)
2023-04-11 17:18:51,157 [pool-520-thread-1] INFO  server.RaftServerConfigKeys (ConfUtils.java:logGet(46)) - raft.server.snapshot.retention.file.num = 5 (custom)
2023-04-11 17:18:51,157 [pool-520-thread-1] INFO  server.RaftServerConfigKeys (ConfUtils.java:logGet(46)) - raft.server.log.purge.upto.snapshot.index = false (default)
2023-04-11 17:18:51,157 [Command processor thread] INFO  ratis.XceiverServerRatis (XceiverServerRatis.java:addGroup(806)) - Created group PipelineID=27dbd68c-74d7-4f15-bef4-fbda25616759
2023-04-11 17:18:51,157 [Command processor thread] INFO  commandhandler.CreatePipelineCommandHandler (CreatePipelineCommandHandler.java:handle(113)) - Created Pipeline RATIS ONE PipelineID=27dbd68c-74d7-4f15-bef4-fbda25616759.
2023-04-11 17:18:51,313 [Listener at 127.0.0.1/45623] INFO  ozone.MiniOzoneClusterImpl (MiniOzoneClusterImpl.java:lambda$waitForClusterToBeReady$0(222)) - Nodes are ready. Got 5 of 5 DN Heartbeats.
2023-04-11 17:18:51,314 [Listener at 127.0.0.1/45623] INFO  ozone.MiniOzoneClusterImpl (MiniOzoneClusterImpl.java:lambda$waitForClusterToBeReady$0(225)) - Waiting for cluster to exit safe mode
2023-04-11 17:18:51,314 [Listener at 127.0.0.1/45623] INFO  ozone.MiniOzoneClusterImpl (MiniOzoneClusterImpl.java:lambda$waitForClusterToBeReady$0(227)) - SCM became leader
2023-04-11 17:18:51,566 [Command processor thread] INFO  server.RaftServer (RaftServerProxy.java:addNew(96)) - 88c84cd2-72ca-4eec-b7eb-2fcd5700cf38: addNew group-78B466434DFF:[88c84cd2-72ca-4eec-b7eb-2fcd5700cf38|rpc:10.1.0.70:44245|dataStream:10.1.0.70:38609|priority:1|startupRole:FOLLOWER] returns group-78B466434DFF:java.util.concurrent.CompletableFuture@25e03b7a[Not completed]
2023-04-11 17:18:51,567 [pool-542-thread-1] INFO  server.RaftServer$Division (RaftServerImpl.java:<init>(195)) - 88c84cd2-72ca-4eec-b7eb-2fcd5700cf38: new RaftServerImpl for group-78B466434DFF:[88c84cd2-72ca-4eec-b7eb-2fcd5700cf38|rpc:10.1.0.70:44245|dataStream:10.1.0.70:38609|priority:1|startupRole:FOLLOWER] with ContainerStateMachine:uninitialized
2023-04-11 17:18:51,567 [pool-542-thread-1] INFO  server.RaftServerConfigKeys (ConfUtils.java:logGet(46)) - raft.server.rpc.timeout.min = 5s (custom)
2023-04-11 17:18:51,567 [pool-542-thread-1] INFO  server.RaftServerConfigKeys (ConfUtils.java:logGet(46)) - raft.server.rpc.timeout.max = 5200ms (custom)
2023-04-11 17:18:51,567 [pool-542-thread-1] INFO  server.RaftServerConfigKeys (ConfUtils.java:logGet(46)) - raft.server.rpc.sleep.time = 25ms (default)
2023-04-11 17:18:51,567 [pool-542-thread-1] INFO  server.RaftServerConfigKeys (ConfUtils.java:logGet(46)) - raft.server.rpc.slowness.timeout = 300s (custom)
2023-04-11 17:18:51,567 [pool-542-thread-1] INFO  server.RaftServerConfigKeys (ConfUtils.java:logGet(46)) - raft.server.leaderelection.leader.step-down.wait-time = 10s (default)
2023-04-11 17:18:51,567 [pool-542-thread-1] INFO  server.RaftServerConfigKeys (ConfUtils.java:logGet(46)) - raft.server.sleep.deviation.threshold = 300ms (default)
2023-04-11 17:18:51,567 [pool-542-thread-1] INFO  server.RaftServer$Division (ServerState.java:<init>(118)) - 88c84cd2-72ca-4eec-b7eb-2fcd5700cf38@group-78B466434DFF: ConfigurationManager, init=-1: peers:[88c84cd2-72ca-4eec-b7eb-2fcd5700cf38|rpc:10.1.0.70:44245|dataStream:10.1.0.70:38609|priority:1|startupRole:FOLLOWER]|listeners:[], old=null, confs=<EMPTY_MAP>
2023-04-11 17:18:51,567 [pool-542-thread-1] INFO  server.RaftServerConfigKeys (ConfUtils.java:logGet(46)) - raft.server.storage.dir = [/home/runner/work/ozone/ozone/hadoop-ozone/integration-test/target/test-dir/MiniOzoneClusterImpl-7d6c2114-24de-471a-af28-9a4df9894e15/datanode-2/data/ratis] (custom)
2023-04-11 17:18:51,567 [pool-542-thread-1] INFO  server.RaftServerConfigKeys (ConfUtils.java:logGet(46)) - raft.server.log.corruption.policy = EXCEPTION (default)
2023-04-11 17:18:51,568 [pool-542-thread-1] INFO  server.RaftServerConfigKeys (ConfUtils.java:logGet(46)) - raft.server.storage.free-space.min = 0MB (=0) (default)
2023-04-11 17:18:51,568 [pool-542-thread-1] INFO  server.RaftServerConfigKeys (ConfUtils.java:logGet(46)) - raft.server.notification.no-leader.timeout = 300s (custom)
2023-04-11 17:18:51,568 [pool-542-thread-1] INFO  server.RaftServerConfigKeys (ConfUtils.java:logGet(46)) - raft.server.retrycache.expirytime = 600000ms (custom)
2023-04-11 17:18:51,568 [pool-542-thread-1] INFO  server.RaftServerConfigKeys (ConfUtils.java:logGet(46)) - raft.server.retrycache.statistics.expirytime = 100μs (default)
2023-04-11 17:18:51,568 [pool-542-thread-1] INFO  server.RaftServerConfigKeys (ConfUtils.java:logGet(46)) - raft.server.log.appender.install.snapshot.enabled = false (custom)
2023-04-11 17:18:51,568 [pool-542-thread-1] INFO  server.RaftServerConfigKeys (ConfUtils.java:logGet(46)) - raft.server.threadpool.server.cached = true (default)
2023-04-11 17:18:51,569 [pool-542-thread-1] INFO  server.RaftServerConfigKeys (ConfUtils.java:logGet(46)) - raft.server.threadpool.server.size = 0 (default)
2023-04-11 17:18:51,569 [pool-542-thread-1] INFO  server.RaftServerConfigKeys (ConfUtils.java:logGet(46)) - raft.server.threadpool.client.cached = true (default)
2023-04-11 17:18:51,569 [pool-542-thread-1] INFO  server.RaftServerConfigKeys (ConfUtils.java:logGet(46)) - raft.server.threadpool.client.size = 0 (default)
2023-04-11 17:18:51,569 [pool-542-thread-1] INFO  storage.RaftStorageDirectory (RaftStorageDirectoryImpl.java:analyzeStorage(137)) - The storage directory /home/runner/work/ozone/ozone/hadoop-ozone/integration-test/target/test-dir/MiniOzoneClusterImpl-7d6c2114-24de-471a-af28-9a4df9894e15/datanode-2/data/ratis/15420a60-4c24-4281-bfbb-78b466434dff does not exist. Creating ...
2023-04-11 17:18:51,570 [pool-542-thread-1] INFO  storage.RaftStorageDirectory (RaftStorageDirectoryImpl.java:tryLock(231)) - Lock on /home/runner/work/ozone/ozone/hadoop-ozone/integration-test/target/test-dir/MiniOzoneClusterImpl-7d6c2114-24de-471a-af28-9a4df9894e15/datanode-2/data/ratis/15420a60-4c24-4281-bfbb-78b466434dff/in_use.lock acquired by nodename 52175@fv-az377-102
2023-04-11 17:18:51,572 [pool-542-thread-1] INFO  storage.RaftStorage (RaftStorageImpl.java:format(96)) - Storage directory /home/runner/work/ozone/ozone/hadoop-ozone/integration-test/target/test-dir/MiniOzoneClusterImpl-7d6c2114-24de-471a-af28-9a4df9894e15/datanode-2/data/ratis/15420a60-4c24-4281-bfbb-78b466434dff has been successfully formatted.
2023-04-11 17:18:51,573 [pool-542-thread-1] INFO  ratis.ContainerStateMachine (ContainerStateMachine.java:loadSnapshot(262)) - group-78B466434DFF: The snapshot info is null. Setting the last applied indexto:(t:0, i:~)
2023-04-11 17:18:51,573 [pool-542-thread-1] INFO  server.RaftServerConfigKeys (ConfUtils.java:logGet(46)) - raft.server.log.use.memory = false (default)
2023-04-11 17:18:51,573 [pool-542-thread-1] INFO  server.RaftServerConfigKeys (ConfUtils.java:logGet(46)) - raft.server.log.purge.gap = 1000000 (custom)
2023-04-11 17:18:51,573 [pool-542-thread-1] INFO  server.RaftServerConfigKeys (ConfUtils.java:logGet(46)) - raft.server.log.appender.buffer.byte-limit = 33554432 (custom)
2023-04-11 17:18:51,573 [pool-542-thread-1] INFO  server.RaftServerConfigKeys (ConfUtils.java:logGet(46)) - raft.server.log.statemachine.data.read.timeout = 1000ms (default)
2023-04-11 17:18:51,573 [pool-542-thread-1] INFO  server.RaftServerConfigKeys (ConfUtils.java:logGet(46)) - raft.server.log.purge.preservation.log.num = 0 (default)
2023-04-11 17:18:51,573 [pool-542-thread-1] INFO  server.RaftServerConfigKeys (ConfUtils.java:logGet(46)) - raft.server.log.segment.size.max = 1048576 (custom)
2023-04-11 17:18:51,574 [pool-542-thread-1] INFO  server.RaftServerConfigKeys (ConfUtils.java:logGet(46)) - raft.server.log.segment.cache.num.max = 2 (custom)
2023-04-11 17:18:51,574 [EventQueue-PipelineReportForPipelineReportHandler] INFO  pipeline.PipelineManagerImpl (PipelineManagerImpl.java:openPipeline(367)) - Pipeline Pipeline[ Id: 15420a60-4c24-4281-bfbb-78b466434dff, Nodes: 88c84cd2-72ca-4eec-b7eb-2fcd5700cf38(fv-az377-102.ap30g4v5sw5evmjtdmxdg2w53f.dx.internal.cloudapp.net/10.1.0.70), ReplicationConfig: RATIS/ONE, State:ALLOCATED, leaderId:88c84cd2-72ca-4eec-b7eb-2fcd5700cf38, CreationTimestamp2023-04-11T17:18:48.569Z[Etc/UTC]] moved to OPEN state
2023-04-11 17:18:51,574 [pool-542-thread-1] INFO  server.RaftServerConfigKeys (ConfUtils.java:logGet(46)) - raft.server.log.segment.cache.size.max = 200MB (=209715200) (default)
2023-04-11 17:18:51,574 [pool-542-thread-1] INFO  segmented.SegmentedRaftLogWorker (SegmentedRaftLogWorker.java:<init>(189)) - new 88c84cd2-72ca-4eec-b7eb-2fcd5700cf38@group-78B466434DFF-SegmentedRaftLogWorker for RaftStorageImpl:Storage Directory /home/runner/work/ozone/ozone/hadoop-ozone/integration-test/target/test-dir/MiniOzoneClusterImpl-7d6c2114-24de-471a-af28-9a4df9894e15/datanode-2/data/ratis/15420a60-4c24-4281-bfbb-78b466434dff
2023-04-11 17:18:51,574 [pool-542-thread-1] INFO  server.RaftServerConfigKeys (ConfUtils.java:logGet(46)) - raft.server.log.queue.byte-limit = 4294967296 (custom)
2023-04-11 17:18:51,574 [pool-542-thread-1] INFO  server.RaftServerConfigKeys (ConfUtils.java:logGet(46)) - raft.server.log.queue.element-limit = 1024 (custom)
2023-04-11 17:18:51,574 [pool-542-thread-1] INFO  server.RaftServerConfigKeys (ConfUtils.java:logGet(46)) - raft.server.log.segment.size.max = 1048576 (custom)
2023-04-11 17:18:51,574 [pool-542-thread-1] INFO  server.RaftServerConfigKeys (ConfUtils.java:logGet(46)) - raft.server.log.preallocated.size = 16384 (custom)
2023-04-11 17:18:51,574 [EventQueue-OpenPipelineForHealthyPipelineSafeModeRule] INFO  safemode.SCMSafeModeManager (HealthyPipelineSafeModeRule.java:process(137)) - SCM in safe mode. Healthy pipelines reported count is 0, required healthy pipeline reported count is 1
2023-04-11 17:18:51,574 [pool-542-thread-1] INFO  server.RaftServerConfigKeys (ConfUtils.java:logGet(46)) - raft.server.log.force.sync.num = 128 (default)
2023-04-11 17:18:51,575 [pool-542-thread-1] INFO  server.RaftServerConfigKeys (ConfUtils.java:logGet(46)) - raft.server.log.statemachine.data.sync = true (default)
2023-04-11 17:18:51,575 [pool-542-thread-1] INFO  server.RaftServerConfigKeys (ConfUtils.java:logGet(46)) - raft.server.log.statemachine.data.sync.timeout = 10s (default)
2023-04-11 17:18:51,575 [pool-542-thread-1] INFO  server.RaftServerConfigKeys (ConfUtils.java:logGet(46)) - raft.server.log.statemachine.data.sync.timeout.retry = -1 (default)
2023-04-11 17:18:51,575 [pool-542-thread-1] INFO  server.RaftServerConfigKeys (ConfUtils.java:logGet(46)) - raft.server.log.write.buffer.size = 1048576 (custom)
2023-04-11 17:18:51,576 [pool-542-thread-1] INFO  server.RaftServerConfigKeys (ConfUtils.java:logGet(46)) - raft.server.log.appender.buffer.byte-limit = 33554432 (custom)
2023-04-11 17:18:51,581 [pool-542-thread-1] INFO  server.RaftServerConfigKeys (ConfUtils.java:logGet(46)) - raft.server.log.unsafe-flush.enabled = false (default)
2023-04-11 17:18:51,581 [pool-542-thread-1] INFO  server.RaftServerConfigKeys (ConfUtils.java:logGet(46)) - raft.server.log.async-flush.enabled = false (default)
2023-04-11 17:18:51,581 [pool-542-thread-1] INFO  server.RaftServerConfigKeys (ConfUtils.java:logGet(46)) - raft.server.log.statemachine.data.caching.enabled = true (custom)
2023-04-11 17:18:51,582 [pool-542-thread-1] INFO  segmented.SegmentedRaftLogWorker (SegmentedRaftLogWorker.java:lambda$new$0(135)) - 88c84cd2-72ca-4eec-b7eb-2fcd5700cf38@group-78B466434DFF-SegmentedRaftLogWorker: flushIndex: setUnconditionally 0 -> -1
2023-04-11 17:18:51,582 [pool-542-thread-1] INFO  segmented.SegmentedRaftLogWorker (SegmentedRaftLogWorker.java:lambda$new$0(135)) - 88c84cd2-72ca-4eec-b7eb-2fcd5700cf38@group-78B466434DFF-SegmentedRaftLogWorker: safeCacheEvictIndex: setUnconditionally 0 -> -1
2023-04-11 17:18:51,582 [pool-542-thread-1] INFO  server.RaftServer$Division (RaftServerImpl.java:start(334)) - 88c84cd2-72ca-4eec-b7eb-2fcd5700cf38@group-78B466434DFF: start as a follower, conf=-1: peers:[88c84cd2-72ca-4eec-b7eb-2fcd5700cf38|rpc:10.1.0.70:44245|dataStream:10.1.0.70:38609|priority:1|startupRole:FOLLOWER]|listeners:[], old=null
2023-04-11 17:18:51,582 [pool-542-thread-1] INFO  server.RaftServer$Division (RaftServerImpl.java:setRole(321)) - 88c84cd2-72ca-4eec-b7eb-2fcd5700cf38@group-78B466434DFF: changes role from      null to FOLLOWER at term 0 for startAsFollower
2023-04-11 17:18:51,582 [pool-542-thread-1] INFO  impl.RoleInfo (RoleInfo.java:updateAndGet(139)) - 88c84cd2-72ca-4eec-b7eb-2fcd5700cf38: start 88c84cd2-72ca-4eec-b7eb-2fcd5700cf38@group-78B466434DFF-FollowerState
2023-04-11 17:18:51,582 [pool-542-thread-1] INFO  util.JmxRegister (JmxRegister.java:tryRegister(44)) - Successfully registered JMX Bean with object name Ratis:service=RaftServer,group=group-78B466434DFF,id=88c84cd2-72ca-4eec-b7eb-2fcd5700cf38
2023-04-11 17:18:51,582 [pool-542-thread-1] INFO  server.RaftServerConfigKeys (ConfUtils.java:logGet(46)) - raft.server.snapshot.auto.trigger.enabled = true (custom)
2023-04-11 17:18:51,582 [pool-542-thread-1] INFO  server.RaftServerConfigKeys (ConfUtils.java:logGet(46)) - raft.server.snapshot.auto.trigger.threshold = 10000 (custom)
2023-04-11 17:18:51,582 [pool-542-thread-1] INFO  server.RaftServerConfigKeys (ConfUtils.java:logGet(46)) - raft.server.snapshot.retention.file.num = 5 (custom)
2023-04-11 17:18:51,583 [pool-542-thread-1] INFO  server.RaftServerConfigKeys (ConfUtils.java:logGet(46)) - raft.server.log.purge.upto.snapshot.index = false (default)
2023-04-11 17:18:51,583 [88c84cd2-72ca-4eec-b7eb-2fcd5700cf38@group-78B466434DFF-FollowerState] INFO  server.RaftServerConfigKeys (ConfUtils.java:logFallback(53)) - raft.server.rpc.first-election.timeout.min = 5s (fallback to raft.server.rpc.timeout.min)
2023-04-11 17:18:51,584 [88c84cd2-72ca-4eec-b7eb-2fcd5700cf38@group-78B466434DFF-FollowerState] INFO  server.RaftServerConfigKeys (ConfUtils.java:logFallback(53)) - raft.server.rpc.first-election.timeout.max = 5200ms (fallback to raft.server.rpc.timeout.max)
2023-04-11 17:18:51,584 [Command processor thread] INFO  ratis.XceiverServerRatis (XceiverServerRatis.java:addGroup(806)) - Created group PipelineID=15420a60-4c24-4281-bfbb-78b466434dff
2023-04-11 17:18:51,584 [Command processor thread] INFO  commandhandler.CreatePipelineCommandHandler (CreatePipelineCommandHandler.java:handle(113)) - Created Pipeline RATIS ONE PipelineID=15420a60-4c24-4281-bfbb-78b466434dff.
2023-04-11 17:18:51,956 [Command processor thread] INFO  server.RaftServer (RaftServerProxy.java:addNew(96)) - e2528fcf-cc94-417b-97bd-48133fe724de: addNew group-02B654EAFDEF:[e2528fcf-cc94-417b-97bd-48133fe724de|rpc:10.1.0.70:38091|dataStream:10.1.0.70:42817|priority:1|startupRole:FOLLOWER] returns group-02B654EAFDEF:java.util.concurrent.CompletableFuture@7bb7f947[Not completed]
2023-04-11 17:18:51,959 [pool-564-thread-1] INFO  server.RaftServer$Division (RaftServerImpl.java:<init>(195)) - e2528fcf-cc94-417b-97bd-48133fe724de: new RaftServerImpl for group-02B654EAFDEF:[e2528fcf-cc94-417b-97bd-48133fe724de|rpc:10.1.0.70:38091|dataStream:10.1.0.70:42817|priority:1|startupRole:FOLLOWER] with ContainerStateMachine:uninitialized
2023-04-11 17:18:51,959 [pool-564-thread-1] INFO  server.RaftServerConfigKeys (ConfUtils.java:logGet(46)) - raft.server.rpc.timeout.min = 5s (custom)
2023-04-11 17:18:51,959 [pool-564-thread-1] INFO  server.RaftServerConfigKeys (ConfUtils.java:logGet(46)) - raft.server.rpc.timeout.max = 5200ms (custom)
2023-04-11 17:18:51,959 [pool-564-thread-1] INFO  server.RaftServerConfigKeys (ConfUtils.java:logGet(46)) - raft.server.rpc.sleep.time = 25ms (default)
2023-04-11 17:18:51,959 [pool-564-thread-1] INFO  server.RaftServerConfigKeys (ConfUtils.java:logGet(46)) - raft.server.rpc.slowness.timeout = 300s (custom)
2023-04-11 17:18:51,959 [pool-564-thread-1] INFO  server.RaftServerConfigKeys (ConfUtils.java:logGet(46)) - raft.server.leaderelection.leader.step-down.wait-time = 10s (default)
2023-04-11 17:18:51,959 [pool-564-thread-1] INFO  server.RaftServerConfigKeys (ConfUtils.java:logGet(46)) - raft.server.sleep.deviation.threshold = 300ms (default)
2023-04-11 17:18:51,959 [pool-564-thread-1] INFO  server.RaftServer$Division (ServerState.java:<init>(118)) - e2528fcf-cc94-417b-97bd-48133fe724de@group-02B654EAFDEF: ConfigurationManager, init=-1: peers:[e2528fcf-cc94-417b-97bd-48133fe724de|rpc:10.1.0.70:38091|dataStream:10.1.0.70:42817|priority:1|startupRole:FOLLOWER]|listeners:[], old=null, confs=<EMPTY_MAP>
2023-04-11 17:18:51,960 [pool-564-thread-1] INFO  server.RaftServerConfigKeys (ConfUtils.java:logGet(46)) - raft.server.storage.dir = [/home/runner/work/ozone/ozone/hadoop-ozone/integration-test/target/test-dir/MiniOzoneClusterImpl-7d6c2114-24de-471a-af28-9a4df9894e15/datanode-3/data/ratis] (custom)
2023-04-11 17:18:51,960 [pool-564-thread-1] INFO  server.RaftServerConfigKeys (ConfUtils.java:logGet(46)) - raft.server.log.corruption.policy = EXCEPTION (default)
2023-04-11 17:18:51,960 [pool-564-thread-1] INFO  server.RaftServerConfigKeys (ConfUtils.java:logGet(46)) - raft.server.storage.free-space.min = 0MB (=0) (default)
2023-04-11 17:18:51,960 [pool-564-thread-1] INFO  server.RaftServerConfigKeys (ConfUtils.java:logGet(46)) - raft.server.notification.no-leader.timeout = 300s (custom)
2023-04-11 17:18:51,960 [pool-564-thread-1] INFO  server.RaftServerConfigKeys (ConfUtils.java:logGet(46)) - raft.server.retrycache.expirytime = 600000ms (custom)
2023-04-11 17:18:51,960 [pool-564-thread-1] INFO  server.RaftServerConfigKeys (ConfUtils.java:logGet(46)) - raft.server.retrycache.statistics.expirytime = 100μs (default)
2023-04-11 17:18:51,965 [pool-564-thread-1] INFO  server.RaftServerConfigKeys (ConfUtils.java:logGet(46)) - raft.server.log.appender.install.snapshot.enabled = false (custom)
2023-04-11 17:18:51,965 [pool-564-thread-1] INFO  server.RaftServerConfigKeys (ConfUtils.java:logGet(46)) - raft.server.threadpool.server.cached = true (default)
2023-04-11 17:18:51,965 [pool-564-thread-1] INFO  server.RaftServerConfigKeys (ConfUtils.java:logGet(46)) - raft.server.threadpool.server.size = 0 (default)
2023-04-11 17:18:51,965 [pool-564-thread-1] INFO  server.RaftServerConfigKeys (ConfUtils.java:logGet(46)) - raft.server.threadpool.client.cached = true (default)
2023-04-11 17:18:51,965 [pool-564-thread-1] INFO  server.RaftServerConfigKeys (ConfUtils.java:logGet(46)) - raft.server.threadpool.client.size = 0 (default)
2023-04-11 17:18:51,965 [pool-564-thread-1] INFO  storage.RaftStorageDirectory (RaftStorageDirectoryImpl.java:analyzeStorage(137)) - The storage directory /home/runner/work/ozone/ozone/hadoop-ozone/integration-test/target/test-dir/MiniOzoneClusterImpl-7d6c2114-24de-471a-af28-9a4df9894e15/datanode-3/data/ratis/302d8b3f-31be-4fbc-9fa7-02b654eafdef does not exist. Creating ...
2023-04-11 17:18:51,966 [pool-564-thread-1] INFO  storage.RaftStorageDirectory (RaftStorageDirectoryImpl.java:tryLock(231)) - Lock on /home/runner/work/ozone/ozone/hadoop-ozone/integration-test/target/test-dir/MiniOzoneClusterImpl-7d6c2114-24de-471a-af28-9a4df9894e15/datanode-3/data/ratis/302d8b3f-31be-4fbc-9fa7-02b654eafdef/in_use.lock acquired by nodename 52175@fv-az377-102
2023-04-11 17:18:51,968 [pool-564-thread-1] INFO  storage.RaftStorage (RaftStorageImpl.java:format(96)) - Storage directory /home/runner/work/ozone/ozone/hadoop-ozone/integration-test/target/test-dir/MiniOzoneClusterImpl-7d6c2114-24de-471a-af28-9a4df9894e15/datanode-3/data/ratis/302d8b3f-31be-4fbc-9fa7-02b654eafdef has been successfully formatted.
2023-04-11 17:18:51,969 [pool-564-thread-1] INFO  ratis.ContainerStateMachine (ContainerStateMachine.java:loadSnapshot(262)) - group-02B654EAFDEF: The snapshot info is null. Setting the last applied indexto:(t:0, i:~)
2023-04-11 17:18:51,969 [pool-564-thread-1] INFO  server.RaftServerConfigKeys (ConfUtils.java:logGet(46)) - raft.server.log.use.memory = false (default)
2023-04-11 17:18:51,969 [pool-564-thread-1] INFO  server.RaftServerConfigKeys (ConfUtils.java:logGet(46)) - raft.server.log.purge.gap = 1000000 (custom)
2023-04-11 17:18:51,970 [EventQueue-PipelineReportForPipelineReportHandler] INFO  pipeline.PipelineManagerImpl (PipelineManagerImpl.java:openPipeline(367)) - Pipeline Pipeline[ Id: 302d8b3f-31be-4fbc-9fa7-02b654eafdef, Nodes: e2528fcf-cc94-417b-97bd-48133fe724de(fv-az377-102.ap30g4v5sw5evmjtdmxdg2w53f.dx.internal.cloudapp.net/10.1.0.70), ReplicationConfig: RATIS/ONE, State:ALLOCATED, leaderId:e2528fcf-cc94-417b-97bd-48133fe724de, CreationTimestamp2023-04-11T17:18:48.957Z[Etc/UTC]] moved to OPEN state
2023-04-11 17:18:51,970 [pool-564-thread-1] INFO  server.RaftServerConfigKeys (ConfUtils.java:logGet(46)) - raft.server.log.appender.buffer.byte-limit = 33554432 (custom)
2023-04-11 17:18:51,970 [pool-564-thread-1] INFO  server.RaftServerConfigKeys (ConfUtils.java:logGet(46)) - raft.server.log.statemachine.data.read.timeout = 1000ms (default)
2023-04-11 17:18:51,970 [pool-564-thread-1] INFO  server.RaftServerConfigKeys (ConfUtils.java:logGet(46)) - raft.server.log.purge.preservation.log.num = 0 (default)
2023-04-11 17:18:51,970 [EventQueue-OpenPipelineForHealthyPipelineSafeModeRule] INFO  safemode.SCMSafeModeManager (HealthyPipelineSafeModeRule.java:process(137)) - SCM in safe mode. Healthy pipelines reported count is 0, required healthy pipeline reported count is 1
2023-04-11 17:18:51,970 [pool-564-thread-1] INFO  server.RaftServerConfigKeys (ConfUtils.java:logGet(46)) - raft.server.log.segment.size.max = 1048576 (custom)
2023-04-11 17:18:51,971 [pool-564-thread-1] INFO  server.RaftServerConfigKeys (ConfUtils.java:logGet(46)) - raft.server.log.segment.cache.num.max = 2 (custom)
2023-04-11 17:18:51,971 [pool-564-thread-1] INFO  server.RaftServerConfigKeys (ConfUtils.java:logGet(46)) - raft.server.log.segment.cache.size.max = 200MB (=209715200) (default)
2023-04-11 17:18:51,971 [pool-564-thread-1] INFO  segmented.SegmentedRaftLogWorker (SegmentedRaftLogWorker.java:<init>(189)) - new e2528fcf-cc94-417b-97bd-48133fe724de@group-02B654EAFDEF-SegmentedRaftLogWorker for RaftStorageImpl:Storage Directory /home/runner/work/ozone/ozone/hadoop-ozone/integration-test/target/test-dir/MiniOzoneClusterImpl-7d6c2114-24de-471a-af28-9a4df9894e15/datanode-3/data/ratis/302d8b3f-31be-4fbc-9fa7-02b654eafdef
2023-04-11 17:18:51,971 [pool-564-thread-1] INFO  server.RaftServerConfigKeys (ConfUtils.java:logGet(46)) - raft.server.log.queue.byte-limit = 4294967296 (custom)
2023-04-11 17:18:51,971 [pool-564-thread-1] INFO  server.RaftServerConfigKeys (ConfUtils.java:logGet(46)) - raft.server.log.queue.element-limit = 1024 (custom)
2023-04-11 17:18:51,971 [pool-564-thread-1] INFO  server.RaftServerConfigKeys (ConfUtils.java:logGet(46)) - raft.server.log.segment.size.max = 1048576 (custom)
2023-04-11 17:18:51,971 [pool-564-thread-1] INFO  server.RaftServerConfigKeys (ConfUtils.java:logGet(46)) - raft.server.log.preallocated.size = 16384 (custom)
2023-04-11 17:18:51,971 [pool-564-thread-1] INFO  server.RaftServerConfigKeys (ConfUtils.java:logGet(46)) - raft.server.log.force.sync.num = 128 (default)
2023-04-11 17:18:51,971 [pool-564-thread-1] INFO  server.RaftServerConfigKeys (ConfUtils.java:logGet(46)) - raft.server.log.statemachine.data.sync = true (default)
2023-04-11 17:18:51,971 [pool-564-thread-1] INFO  server.RaftServerConfigKeys (ConfUtils.java:logGet(46)) - raft.server.log.statemachine.data.sync.timeout = 10s (default)
2023-04-11 17:18:51,971 [pool-564-thread-1] INFO  server.RaftServerConfigKeys (ConfUtils.java:logGet(46)) - raft.server.log.statemachine.data.sync.timeout.retry = -1 (default)
2023-04-11 17:18:51,972 [pool-564-thread-1] INFO  server.RaftServerConfigKeys (ConfUtils.java:logGet(46)) - raft.server.log.write.buffer.size = 1048576 (custom)
2023-04-11 17:18:51,972 [pool-564-thread-1] INFO  server.RaftServerConfigKeys (ConfUtils.java:logGet(46)) - raft.server.log.appender.buffer.byte-limit = 33554432 (custom)
2023-04-11 17:18:51,978 [pool-564-thread-1] INFO  server.RaftServerConfigKeys (ConfUtils.java:logGet(46)) - raft.server.log.unsafe-flush.enabled = false (default)
2023-04-11 17:18:51,978 [pool-564-thread-1] INFO  server.RaftServerConfigKeys (ConfUtils.java:logGet(46)) - raft.server.log.async-flush.enabled = false (default)
2023-04-11 17:18:51,978 [pool-564-thread-1] INFO  server.RaftServerConfigKeys (ConfUtils.java:logGet(46)) - raft.server.log.statemachine.data.caching.enabled = true (custom)
2023-04-11 17:18:51,978 [pool-564-thread-1] INFO  segmented.SegmentedRaftLogWorker (SegmentedRaftLogWorker.java:lambda$new$0(135)) - e2528fcf-cc94-417b-97bd-48133fe724de@group-02B654EAFDEF-SegmentedRaftLogWorker: flushIndex: setUnconditionally 0 -> -1
2023-04-11 17:18:51,978 [pool-564-thread-1] INFO  segmented.SegmentedRaftLogWorker (SegmentedRaftLogWorker.java:lambda$new$0(135)) - e2528fcf-cc94-417b-97bd-48133fe724de@group-02B654EAFDEF-SegmentedRaftLogWorker: safeCacheEvictIndex: setUnconditionally 0 -> -1
2023-04-11 17:18:51,978 [pool-564-thread-1] INFO  server.RaftServer$Division (RaftServerImpl.java:start(334)) - e2528fcf-cc94-417b-97bd-48133fe724de@group-02B654EAFDEF: start as a follower, conf=-1: peers:[e2528fcf-cc94-417b-97bd-48133fe724de|rpc:10.1.0.70:38091|dataStream:10.1.0.70:42817|priority:1|startupRole:FOLLOWER]|listeners:[], old=null
2023-04-11 17:18:51,978 [pool-564-thread-1] INFO  server.RaftServer$Division (RaftServerImpl.java:setRole(321)) - e2528fcf-cc94-417b-97bd-48133fe724de@group-02B654EAFDEF: changes role from      null to FOLLOWER at term 0 for startAsFollower
2023-04-11 17:18:51,978 [pool-564-thread-1] INFO  impl.RoleInfo (RoleInfo.java:updateAndGet(139)) - e2528fcf-cc94-417b-97bd-48133fe724de: start e2528fcf-cc94-417b-97bd-48133fe724de@group-02B654EAFDEF-FollowerState
2023-04-11 17:18:51,979 [pool-564-thread-1] INFO  util.JmxRegister (JmxRegister.java:tryRegister(44)) - Successfully registered JMX Bean with object name Ratis:service=RaftServer,group=group-02B654EAFDEF,id=e2528fcf-cc94-417b-97bd-48133fe724de
2023-04-11 17:18:51,979 [pool-564-thread-1] INFO  server.RaftServerConfigKeys (ConfUtils.java:logGet(46)) - raft.server.snapshot.auto.trigger.enabled = true (custom)
2023-04-11 17:18:51,979 [pool-564-thread-1] INFO  server.RaftServerConfigKeys (ConfUtils.java:logGet(46)) - raft.server.snapshot.auto.trigger.threshold = 10000 (custom)
2023-04-11 17:18:51,979 [pool-564-thread-1] INFO  server.RaftServerConfigKeys (ConfUtils.java:logGet(46)) - raft.server.snapshot.retention.file.num = 5 (custom)
2023-04-11 17:18:51,979 [pool-564-thread-1] INFO  server.RaftServerConfigKeys (ConfUtils.java:logGet(46)) - raft.server.log.purge.upto.snapshot.index = false (default)
2023-04-11 17:18:51,980 [e2528fcf-cc94-417b-97bd-48133fe724de@group-02B654EAFDEF-FollowerState] INFO  server.RaftServerConfigKeys (ConfUtils.java:logFallback(53)) - raft.server.rpc.first-election.timeout.min = 5s (fallback to raft.server.rpc.timeout.min)
2023-04-11 17:18:51,980 [e2528fcf-cc94-417b-97bd-48133fe724de@group-02B654EAFDEF-FollowerState] INFO  server.RaftServerConfigKeys (ConfUtils.java:logFallback(53)) - raft.server.rpc.first-election.timeout.max = 5200ms (fallback to raft.server.rpc.timeout.max)
2023-04-11 17:18:51,984 [Command processor thread] INFO  ratis.XceiverServerRatis (XceiverServerRatis.java:addGroup(806)) - Created group PipelineID=302d8b3f-31be-4fbc-9fa7-02b654eafdef
2023-04-11 17:18:51,984 [Command processor thread] INFO  commandhandler.CreatePipelineCommandHandler (CreatePipelineCommandHandler.java:handle(113)) - Created Pipeline RATIS ONE PipelineID=302d8b3f-31be-4fbc-9fa7-02b654eafdef.
2023-04-11 17:18:52,314 [Command processor thread] INFO  server.RaftServer (RaftServerProxy.java:addNew(96)) - b174b524-4137-4544-9099-51b684ecdb2f: addNew group-3D083AF0F858:[b174b524-4137-4544-9099-51b684ecdb2f|rpc:10.1.0.70:42655|dataStream:10.1.0.70:37003|priority:1|startupRole:FOLLOWER] returns group-3D083AF0F858:java.util.concurrent.CompletableFuture@2fc44dd0[Not completed]
2023-04-11 17:18:52,314 [Listener at 127.0.0.1/45623] INFO  ozone.MiniOzoneClusterImpl (MiniOzoneClusterImpl.java:lambda$waitForClusterToBeReady$0(222)) - Nodes are ready. Got 5 of 5 DN Heartbeats.
2023-04-11 17:18:52,314 [Listener at 127.0.0.1/45623] INFO  ozone.MiniOzoneClusterImpl (MiniOzoneClusterImpl.java:lambda$waitForClusterToBeReady$0(225)) - Waiting for cluster to exit safe mode
2023-04-11 17:18:52,314 [Listener at 127.0.0.1/45623] INFO  ozone.MiniOzoneClusterImpl (MiniOzoneClusterImpl.java:lambda$waitForClusterToBeReady$0(227)) - SCM became leader
2023-04-11 17:18:52,315 [pool-586-thread-1] INFO  server.RaftServer$Division (RaftServerImpl.java:<init>(195)) - b174b524-4137-4544-9099-51b684ecdb2f: new RaftServerImpl for group-3D083AF0F858:[b174b524-4137-4544-9099-51b684ecdb2f|rpc:10.1.0.70:42655|dataStream:10.1.0.70:37003|priority:1|startupRole:FOLLOWER] with ContainerStateMachine:uninitialized
2023-04-11 17:18:52,315 [pool-586-thread-1] INFO  server.RaftServerConfigKeys (ConfUtils.java:logGet(46)) - raft.server.rpc.timeout.min = 5s (custom)
2023-04-11 17:18:52,315 [pool-586-thread-1] INFO  server.RaftServerConfigKeys (ConfUtils.java:logGet(46)) - raft.server.rpc.timeout.max = 5200ms (custom)
2023-04-11 17:18:52,315 [pool-586-thread-1] INFO  server.RaftServerConfigKeys (ConfUtils.java:logGet(46)) - raft.server.rpc.sleep.time = 25ms (default)
2023-04-11 17:18:52,315 [pool-586-thread-1] INFO  server.RaftServerConfigKeys (ConfUtils.java:logGet(46)) - raft.server.rpc.slowness.timeout = 300s (custom)
2023-04-11 17:18:52,315 [pool-586-thread-1] INFO  server.RaftServerConfigKeys (ConfUtils.java:logGet(46)) - raft.server.leaderelection.leader.step-down.wait-time = 10s (default)
2023-04-11 17:18:52,315 [pool-586-thread-1] INFO  server.RaftServerConfigKeys (ConfUtils.java:logGet(46)) - raft.server.sleep.deviation.threshold = 300ms (default)
2023-04-11 17:18:52,315 [pool-586-thread-1] INFO  server.RaftServer$Division (ServerState.java:<init>(118)) - b174b524-4137-4544-9099-51b684ecdb2f@group-3D083AF0F858: ConfigurationManager, init=-1: peers:[b174b524-4137-4544-9099-51b684ecdb2f|rpc:10.1.0.70:42655|dataStream:10.1.0.70:37003|priority:1|startupRole:FOLLOWER]|listeners:[], old=null, confs=<EMPTY_MAP>
2023-04-11 17:18:52,315 [pool-586-thread-1] INFO  server.RaftServerConfigKeys (ConfUtils.java:logGet(46)) - raft.server.storage.dir = [/home/runner/work/ozone/ozone/hadoop-ozone/integration-test/target/test-dir/MiniOzoneClusterImpl-7d6c2114-24de-471a-af28-9a4df9894e15/datanode-4/data/ratis] (custom)
2023-04-11 17:18:52,316 [pool-586-thread-1] INFO  server.RaftServerConfigKeys (ConfUtils.java:logGet(46)) - raft.server.log.corruption.policy = EXCEPTION (default)
2023-04-11 17:18:52,316 [pool-586-thread-1] INFO  server.RaftServerConfigKeys (ConfUtils.java:logGet(46)) - raft.server.storage.free-space.min = 0MB (=0) (default)
2023-04-11 17:18:52,316 [pool-586-thread-1] INFO  server.RaftServerConfigKeys (ConfUtils.java:logGet(46)) - raft.server.notification.no-leader.timeout = 300s (custom)
2023-04-11 17:18:52,316 [pool-586-thread-1] INFO  server.RaftServerConfigKeys (ConfUtils.java:logGet(46)) - raft.server.retrycache.expirytime = 600000ms (custom)
2023-04-11 17:18:52,316 [pool-586-thread-1] INFO  server.RaftServerConfigKeys (ConfUtils.java:logGet(46)) - raft.server.retrycache.statistics.expirytime = 100μs (default)
2023-04-11 17:18:52,317 [pool-586-thread-1] INFO  server.RaftServerConfigKeys (ConfUtils.java:logGet(46)) - raft.server.log.appender.install.snapshot.enabled = false (custom)
2023-04-11 17:18:52,317 [pool-586-thread-1] INFO  server.RaftServerConfigKeys (ConfUtils.java:logGet(46)) - raft.server.threadpool.server.cached = true (default)
2023-04-11 17:18:52,317 [pool-586-thread-1] INFO  server.RaftServerConfigKeys (ConfUtils.java:logGet(46)) - raft.server.threadpool.server.size = 0 (default)
2023-04-11 17:18:52,317 [pool-586-thread-1] INFO  server.RaftServerConfigKeys (ConfUtils.java:logGet(46)) - raft.server.threadpool.client.cached = true (default)
2023-04-11 17:18:52,317 [pool-586-thread-1] INFO  server.RaftServerConfigKeys (ConfUtils.java:logGet(46)) - raft.server.threadpool.client.size = 0 (default)
2023-04-11 17:18:52,317 [pool-586-thread-1] INFO  storage.RaftStorageDirectory (RaftStorageDirectoryImpl.java:analyzeStorage(137)) - The storage directory /home/runner/work/ozone/ozone/hadoop-ozone/integration-test/target/test-dir/MiniOzoneClusterImpl-7d6c2114-24de-471a-af28-9a4df9894e15/datanode-4/data/ratis/54008dd2-f729-4cc7-9569-3d083af0f858 does not exist. Creating ...
2023-04-11 17:18:52,318 [pool-586-thread-1] INFO  storage.RaftStorageDirectory (RaftStorageDirectoryImpl.java:tryLock(231)) - Lock on /home/runner/work/ozone/ozone/hadoop-ozone/integration-test/target/test-dir/MiniOzoneClusterImpl-7d6c2114-24de-471a-af28-9a4df9894e15/datanode-4/data/ratis/54008dd2-f729-4cc7-9569-3d083af0f858/in_use.lock acquired by nodename 52175@fv-az377-102
2023-04-11 17:18:52,320 [pool-586-thread-1] INFO  storage.RaftStorage (RaftStorageImpl.java:format(96)) - Storage directory /home/runner/work/ozone/ozone/hadoop-ozone/integration-test/target/test-dir/MiniOzoneClusterImpl-7d6c2114-24de-471a-af28-9a4df9894e15/datanode-4/data/ratis/54008dd2-f729-4cc7-9569-3d083af0f858 has been successfully formatted.
2023-04-11 17:18:52,321 [pool-586-thread-1] INFO  ratis.ContainerStateMachine (ContainerStateMachine.java:loadSnapshot(262)) - group-3D083AF0F858: The snapshot info is null. Setting the last applied indexto:(t:0, i:~)
2023-04-11 17:18:52,321 [pool-586-thread-1] INFO  server.RaftServerConfigKeys (ConfUtils.java:logGet(46)) - raft.server.log.use.memory = false (default)
2023-04-11 17:18:52,321 [pool-586-thread-1] INFO  server.RaftServerConfigKeys (ConfUtils.java:logGet(46)) - raft.server.log.purge.gap = 1000000 (custom)
2023-04-11 17:18:52,321 [pool-586-thread-1] INFO  server.RaftServerConfigKeys (ConfUtils.java:logGet(46)) - raft.server.log.appender.buffer.byte-limit = 33554432 (custom)
2023-04-11 17:18:52,321 [pool-586-thread-1] INFO  server.RaftServerConfigKeys (ConfUtils.java:logGet(46)) - raft.server.log.statemachine.data.read.timeout = 1000ms (default)
2023-04-11 17:18:52,321 [pool-586-thread-1] INFO  server.RaftServerConfigKeys (ConfUtils.java:logGet(46)) - raft.server.log.purge.preservation.log.num = 0 (default)
2023-04-11 17:18:52,322 [pool-586-thread-1] INFO  server.RaftServerConfigKeys (ConfUtils.java:logGet(46)) - raft.server.log.segment.size.max = 1048576 (custom)
2023-04-11 17:18:52,322 [pool-586-thread-1] INFO  server.RaftServerConfigKeys (ConfUtils.java:logGet(46)) - raft.server.log.segment.cache.num.max = 2 (custom)
2023-04-11 17:18:52,322 [pool-586-thread-1] INFO  server.RaftServerConfigKeys (ConfUtils.java:logGet(46)) - raft.server.log.segment.cache.size.max = 200MB (=209715200) (default)
2023-04-11 17:18:52,322 [pool-586-thread-1] INFO  segmented.SegmentedRaftLogWorker (SegmentedRaftLogWorker.java:<init>(189)) - new b174b524-4137-4544-9099-51b684ecdb2f@group-3D083AF0F858-SegmentedRaftLogWorker for RaftStorageImpl:Storage Directory /home/runner/work/ozone/ozone/hadoop-ozone/integration-test/target/test-dir/MiniOzoneClusterImpl-7d6c2114-24de-471a-af28-9a4df9894e15/datanode-4/data/ratis/54008dd2-f729-4cc7-9569-3d083af0f858
2023-04-11 17:18:52,322 [pool-586-thread-1] INFO  server.RaftServerConfigKeys (ConfUtils.java:logGet(46)) - raft.server.log.queue.byte-limit = 4294967296 (custom)
2023-04-11 17:18:52,322 [pool-586-thread-1] INFO  server.RaftServerConfigKeys (ConfUtils.java:logGet(46)) - raft.server.log.queue.element-limit = 1024 (custom)
2023-04-11 17:18:52,322 [EventQueue-PipelineReportForPipelineReportHandler] INFO  pipeline.PipelineManagerImpl (PipelineManagerImpl.java:openPipeline(367)) - Pipeline Pipeline[ Id: 54008dd2-f729-4cc7-9569-3d083af0f858, Nodes: b174b524-4137-4544-9099-51b684ecdb2f(fv-az377-102.ap30g4v5sw5evmjtdmxdg2w53f.dx.internal.cloudapp.net/10.1.0.70), ReplicationConfig: RATIS/ONE, State:ALLOCATED, leaderId:b174b524-4137-4544-9099-51b684ecdb2f, CreationTimestamp2023-04-11T17:18:49.316Z[Etc/UTC]] moved to OPEN state
2023-04-11 17:18:52,322 [pool-586-thread-1] INFO  server.RaftServerConfigKeys (ConfUtils.java:logGet(46)) - raft.server.log.segment.size.max = 1048576 (custom)
2023-04-11 17:18:52,322 [pool-586-thread-1] INFO  server.RaftServerConfigKeys (ConfUtils.java:logGet(46)) - raft.server.log.preallocated.size = 16384 (custom)
2023-04-11 17:18:52,322 [pool-586-thread-1] INFO  server.RaftServerConfigKeys (ConfUtils.java:logGet(46)) - raft.server.log.force.sync.num = 128 (default)
2023-04-11 17:18:52,322 [pool-586-thread-1] INFO  server.RaftServerConfigKeys (ConfUtils.java:logGet(46)) - raft.server.log.statemachine.data.sync = true (default)
2023-04-11 17:18:52,323 [pool-586-thread-1] INFO  server.RaftServerConfigKeys (ConfUtils.java:logGet(46)) - raft.server.log.statemachine.data.sync.timeout = 10s (default)
2023-04-11 17:18:52,323 [pool-586-thread-1] INFO  server.RaftServerConfigKeys (ConfUtils.java:logGet(46)) - raft.server.log.statemachine.data.sync.timeout.retry = -1 (default)
2023-04-11 17:18:52,323 [EventQueue-OpenPipelineForHealthyPipelineSafeModeRule] INFO  safemode.SCMSafeModeManager (HealthyPipelineSafeModeRule.java:process(137)) - SCM in safe mode. Healthy pipelines reported count is 0, required healthy pipeline reported count is 1
2023-04-11 17:18:52,323 [pool-586-thread-1] INFO  server.RaftServerConfigKeys (ConfUtils.java:logGet(46)) - raft.server.log.write.buffer.size = 1048576 (custom)
2023-04-11 17:18:52,324 [pool-586-thread-1] INFO  server.RaftServerConfigKeys (ConfUtils.java:logGet(46)) - raft.server.log.appender.buffer.byte-limit = 33554432 (custom)
2023-04-11 17:18:52,329 [pool-586-thread-1] INFO  server.RaftServerConfigKeys (ConfUtils.java:logGet(46)) - raft.server.log.unsafe-flush.enabled = false (default)
2023-04-11 17:18:52,329 [pool-586-thread-1] INFO  server.RaftServerConfigKeys (ConfUtils.java:logGet(46)) - raft.server.log.async-flush.enabled = false (default)
2023-04-11 17:18:52,329 [pool-586-thread-1] INFO  server.RaftServerConfigKeys (ConfUtils.java:logGet(46)) - raft.server.log.statemachine.data.caching.enabled = true (custom)
2023-04-11 17:18:52,330 [pool-586-thread-1] INFO  segmented.SegmentedRaftLogWorker (SegmentedRaftLogWorker.java:lambda$new$0(135)) - b174b524-4137-4544-9099-51b684ecdb2f@group-3D083AF0F858-SegmentedRaftLogWorker: flushIndex: setUnconditionally 0 -> -1
2023-04-11 17:18:52,330 [pool-586-thread-1] INFO  segmented.SegmentedRaftLogWorker (SegmentedRaftLogWorker.java:lambda$new$0(135)) - b174b524-4137-4544-9099-51b684ecdb2f@group-3D083AF0F858-SegmentedRaftLogWorker: safeCacheEvictIndex: setUnconditionally 0 -> -1
2023-04-11 17:18:52,330 [pool-586-thread-1] INFO  server.RaftServer$Division (RaftServerImpl.java:start(334)) - b174b524-4137-4544-9099-51b684ecdb2f@group-3D083AF0F858: start as a follower, conf=-1: peers:[b174b524-4137-4544-9099-51b684ecdb2f|rpc:10.1.0.70:42655|dataStream:10.1.0.70:37003|priority:1|startupRole:FOLLOWER]|listeners:[], old=null
2023-04-11 17:18:52,330 [pool-586-thread-1] INFO  server.RaftServer$Division (RaftServerImpl.java:setRole(321)) - b174b524-4137-4544-9099-51b684ecdb2f@group-3D083AF0F858: changes role from      null to FOLLOWER at term 0 for startAsFollower
2023-04-11 17:18:52,330 [pool-586-thread-1] INFO  impl.RoleInfo (RoleInfo.java:updateAndGet(139)) - b174b524-4137-4544-9099-51b684ecdb2f: start b174b524-4137-4544-9099-51b684ecdb2f@group-3D083AF0F858-FollowerState
2023-04-11 17:18:52,330 [pool-586-thread-1] INFO  util.JmxRegister (JmxRegister.java:tryRegister(44)) - Successfully registered JMX Bean with object name Ratis:service=RaftServer,group=group-3D083AF0F858,id=b174b524-4137-4544-9099-51b684ecdb2f
2023-04-11 17:18:52,330 [pool-586-thread-1] INFO  server.RaftServerConfigKeys (ConfUtils.java:logGet(46)) - raft.server.snapshot.auto.trigger.enabled = true (custom)
2023-04-11 17:18:52,330 [pool-586-thread-1] INFO  server.RaftServerConfigKeys (ConfUtils.java:logGet(46)) - raft.server.snapshot.auto.trigger.threshold = 10000 (custom)
2023-04-11 17:18:52,330 [pool-586-thread-1] INFO  server.RaftServerConfigKeys (ConfUtils.java:logGet(46)) - raft.server.snapshot.retention.file.num = 5 (custom)
2023-04-11 17:18:52,331 [pool-586-thread-1] INFO  server.RaftServerConfigKeys (ConfUtils.java:logGet(46)) - raft.server.log.purge.upto.snapshot.index = false (default)
2023-04-11 17:18:52,331 [Command processor thread] INFO  ratis.XceiverServerRatis (XceiverServerRatis.java:addGroup(806)) - Created group PipelineID=54008dd2-f729-4cc7-9569-3d083af0f858
2023-04-11 17:18:52,331 [b174b524-4137-4544-9099-51b684ecdb2f@group-3D083AF0F858-FollowerState] INFO  server.RaftServerConfigKeys (ConfUtils.java:logFallback(53)) - raft.server.rpc.first-election.timeout.min = 5s (fallback to raft.server.rpc.timeout.min)
2023-04-11 17:18:52,331 [Command processor thread] INFO  commandhandler.CreatePipelineCommandHandler (CreatePipelineCommandHandler.java:handle(113)) - Created Pipeline RATIS ONE PipelineID=54008dd2-f729-4cc7-9569-3d083af0f858.
2023-04-11 17:18:52,331 [b174b524-4137-4544-9099-51b684ecdb2f@group-3D083AF0F858-FollowerState] INFO  server.RaftServerConfigKeys (ConfUtils.java:logFallback(53)) - raft.server.rpc.first-election.timeout.max = 5200ms (fallback to raft.server.rpc.timeout.max)
2023-04-11 17:18:53,314 [Listener at 127.0.0.1/45623] INFO  ozone.MiniOzoneClusterImpl (MiniOzoneClusterImpl.java:lambda$waitForClusterToBeReady$0(222)) - Nodes are ready. Got 5 of 5 DN Heartbeats.
2023-04-11 17:18:53,315 [Listener at 127.0.0.1/45623] INFO  ozone.MiniOzoneClusterImpl (MiniOzoneClusterImpl.java:lambda$waitForClusterToBeReady$0(225)) - Waiting for cluster to exit safe mode
2023-04-11 17:18:53,315 [Listener at 127.0.0.1/45623] INFO  ozone.MiniOzoneClusterImpl (MiniOzoneClusterImpl.java:lambda$waitForClusterToBeReady$0(227)) - SCM became leader
2023-04-11 17:18:54,315 [Listener at 127.0.0.1/45623] INFO  ozone.MiniOzoneClusterImpl (MiniOzoneClusterImpl.java:lambda$waitForClusterToBeReady$0(222)) - Nodes are ready. Got 5 of 5 DN Heartbeats.
2023-04-11 17:18:54,315 [Listener at 127.0.0.1/45623] INFO  ozone.MiniOzoneClusterImpl (MiniOzoneClusterImpl.java:lambda$waitForClusterToBeReady$0(225)) - Waiting for cluster to exit safe mode
2023-04-11 17:18:54,315 [Listener at 127.0.0.1/45623] INFO  ozone.MiniOzoneClusterImpl (MiniOzoneClusterImpl.java:lambda$waitForClusterToBeReady$0(227)) - SCM became leader
2023-04-11 17:18:55,316 [Listener at 127.0.0.1/45623] INFO  ozone.MiniOzoneClusterImpl (MiniOzoneClusterImpl.java:lambda$waitForClusterToBeReady$0(222)) - Nodes are ready. Got 5 of 5 DN Heartbeats.
2023-04-11 17:18:55,316 [Listener at 127.0.0.1/45623] INFO  ozone.MiniOzoneClusterImpl (MiniOzoneClusterImpl.java:lambda$waitForClusterToBeReady$0(225)) - Waiting for cluster to exit safe mode
2023-04-11 17:18:55,316 [Listener at 127.0.0.1/45623] INFO  ozone.MiniOzoneClusterImpl (MiniOzoneClusterImpl.java:lambda$waitForClusterToBeReady$0(227)) - SCM became leader
2023-04-11 17:18:55,873 [a8e18eb8-676b-4d89-b1ed-2f6ae890a6f9@group-ACF34F2E288E-FollowerState] INFO  impl.FollowerState (FollowerState.java:run(143)) - a8e18eb8-676b-4d89-b1ed-2f6ae890a6f9@group-ACF34F2E288E-FollowerState: change to CANDIDATE, lastRpcElapsedTime:5053139006ns, electionTimeout:5047ms
2023-04-11 17:18:55,874 [a8e18eb8-676b-4d89-b1ed-2f6ae890a6f9@group-ACF34F2E288E-FollowerState] INFO  impl.RoleInfo (RoleInfo.java:shutdownFollowerState(110)) - a8e18eb8-676b-4d89-b1ed-2f6ae890a6f9: shutdown a8e18eb8-676b-4d89-b1ed-2f6ae890a6f9@group-ACF34F2E288E-FollowerState
2023-04-11 17:18:55,874 [a8e18eb8-676b-4d89-b1ed-2f6ae890a6f9@group-ACF34F2E288E-FollowerState] INFO  server.RaftServer$Division (RaftServerImpl.java:setRole(321)) - a8e18eb8-676b-4d89-b1ed-2f6ae890a6f9@group-ACF34F2E288E: changes role from  FOLLOWER to CANDIDATE at term 0 for changeToCandidate
2023-04-11 17:18:55,874 [a8e18eb8-676b-4d89-b1ed-2f6ae890a6f9@group-ACF34F2E288E-FollowerState] INFO  server.RaftServerConfigKeys (ConfUtils.java:logGet(46)) - raft.server.leaderelection.pre-vote = true (default)
2023-04-11 17:18:55,874 [a8e18eb8-676b-4d89-b1ed-2f6ae890a6f9@group-ACF34F2E288E-FollowerState] INFO  impl.RoleInfo (RoleInfo.java:updateAndGet(139)) - a8e18eb8-676b-4d89-b1ed-2f6ae890a6f9: start a8e18eb8-676b-4d89-b1ed-2f6ae890a6f9@group-ACF34F2E288E-LeaderElection21
2023-04-11 17:18:55,877 [a8e18eb8-676b-4d89-b1ed-2f6ae890a6f9@group-ACF34F2E288E-LeaderElection21] INFO  impl.LeaderElection (LeaderElection.java:askForVotes(312)) - a8e18eb8-676b-4d89-b1ed-2f6ae890a6f9@group-ACF34F2E288E-LeaderElection21 PRE_VOTE round 0: submit vote requests at term 0 for -1: peers:[88c84cd2-72ca-4eec-b7eb-2fcd5700cf38|rpc:10.1.0.70:44245|dataStream:10.1.0.70:38609|priority:0|startupRole:FOLLOWER, a8e18eb8-676b-4d89-b1ed-2f6ae890a6f9|rpc:10.1.0.70:45767|dataStream:10.1.0.70:37603|priority:0|startupRole:FOLLOWER, e6d924a0-7c53-4274-9275-f319576c3e7e|rpc:10.1.0.70:45625|dataStream:10.1.0.70:33769|priority:1|startupRole:FOLLOWER]|listeners:[], old=null
2023-04-11 17:18:55,878 [a8e18eb8-676b-4d89-b1ed-2f6ae890a6f9@group-ACF34F2E288E-LeaderElection21-1] INFO  server.GrpcServerProtocolClient (GrpcServerProtocolClient.java:<init>(63)) - Build channel for 88c84cd2-72ca-4eec-b7eb-2fcd5700cf38
2023-04-11 17:18:55,878 [a8e18eb8-676b-4d89-b1ed-2f6ae890a6f9@group-ACF34F2E288E-LeaderElection21] INFO  server.RaftServerConfigKeys (ConfUtils.java:logFallback(53)) - raft.server.rpc.first-election.timeout.min = 5s (fallback to raft.server.rpc.timeout.min)
2023-04-11 17:18:55,878 [a8e18eb8-676b-4d89-b1ed-2f6ae890a6f9@group-ACF34F2E288E-LeaderElection21] INFO  server.RaftServerConfigKeys (ConfUtils.java:logFallback(53)) - raft.server.rpc.first-election.timeout.max = 5200ms (fallback to raft.server.rpc.timeout.max)
2023-04-11 17:18:55,878 [a8e18eb8-676b-4d89-b1ed-2f6ae890a6f9@group-ACF34F2E288E-LeaderElection21-2] INFO  server.GrpcServerProtocolClient (GrpcServerProtocolClient.java:<init>(63)) - Build channel for e6d924a0-7c53-4274-9275-f319576c3e7e
2023-04-11 17:18:55,901 [grpc-default-executor-0] INFO  server.RaftServer$Division (RaftServerImpl.java:requestVote(1218)) - e6d924a0-7c53-4274-9275-f319576c3e7e@group-ACF34F2E288E: receive requestVote(PRE_VOTE, a8e18eb8-676b-4d89-b1ed-2f6ae890a6f9, group-ACF34F2E288E, 0, (t:0, i:0))
2023-04-11 17:18:55,901 [grpc-default-executor-0] INFO  impl.VoteContext (VoteContext.java:log(49)) - e6d924a0-7c53-4274-9275-f319576c3e7e@group-ACF34F2E288E-FOLLOWER: reject PRE_VOTE from a8e18eb8-676b-4d89-b1ed-2f6ae890a6f9: our priority 1 > candidate's priority 0
2023-04-11 17:18:55,901 [grpc-default-executor-0] INFO  server.RaftServer$Division (RaftServerImpl.java:requestVote(1251)) - e6d924a0-7c53-4274-9275-f319576c3e7e@group-ACF34F2E288E replies to PRE_VOTE vote request: a8e18eb8-676b-4d89-b1ed-2f6ae890a6f9<-e6d924a0-7c53-4274-9275-f319576c3e7e#0:FAIL-t0. Peer's state: e6d924a0-7c53-4274-9275-f319576c3e7e@group-ACF34F2E288E:t0, leader=null, voted=, raftlog=Memoized:e6d924a0-7c53-4274-9275-f319576c3e7e@group-ACF34F2E288E-SegmentedRaftLog:OPENED:c-1, conf=-1: peers:[88c84cd2-72ca-4eec-b7eb-2fcd5700cf38|rpc:10.1.0.70:44245|dataStream:10.1.0.70:38609|priority:0|startupRole:FOLLOWER, a8e18eb8-676b-4d89-b1ed-2f6ae890a6f9|rpc:10.1.0.70:45767|dataStream:10.1.0.70:37603|priority:0|startupRole:FOLLOWER, e6d924a0-7c53-4274-9275-f319576c3e7e|rpc:10.1.0.70:45625|dataStream:10.1.0.70:33769|priority:1|startupRole:FOLLOWER]|listeners:[], old=null
2023-04-11 17:18:55,904 [grpc-default-executor-1] INFO  server.RaftServer$Division (RaftServerImpl.java:requestVote(1218)) - 88c84cd2-72ca-4eec-b7eb-2fcd5700cf38@group-ACF34F2E288E: receive requestVote(PRE_VOTE, a8e18eb8-676b-4d89-b1ed-2f6ae890a6f9, group-ACF34F2E288E, 0, (t:0, i:0))
2023-04-11 17:18:55,905 [grpc-default-executor-1] INFO  impl.VoteContext (VoteContext.java:log(49)) - 88c84cd2-72ca-4eec-b7eb-2fcd5700cf38@group-ACF34F2E288E-FOLLOWER: accept PRE_VOTE from a8e18eb8-676b-4d89-b1ed-2f6ae890a6f9: our priority 0 <= candidate's priority 0
2023-04-11 17:18:55,905 [grpc-default-executor-1] INFO  server.RaftServer$Division (RaftServerImpl.java:requestVote(1251)) - 88c84cd2-72ca-4eec-b7eb-2fcd5700cf38@group-ACF34F2E288E replies to PRE_VOTE vote request: a8e18eb8-676b-4d89-b1ed-2f6ae890a6f9<-88c84cd2-72ca-4eec-b7eb-2fcd5700cf38#0:OK-t0. Peer's state: 88c84cd2-72ca-4eec-b7eb-2fcd5700cf38@group-ACF34F2E288E:t0, leader=null, voted=, raftlog=Memoized:88c84cd2-72ca-4eec-b7eb-2fcd5700cf38@group-ACF34F2E288E-SegmentedRaftLog:OPENED:c-1, conf=-1: peers:[88c84cd2-72ca-4eec-b7eb-2fcd5700cf38|rpc:10.1.0.70:44245|dataStream:10.1.0.70:38609|priority:0|startupRole:FOLLOWER, a8e18eb8-676b-4d89-b1ed-2f6ae890a6f9|rpc:10.1.0.70:45767|dataStream:10.1.0.70:37603|priority:0|startupRole:FOLLOWER, e6d924a0-7c53-4274-9275-f319576c3e7e|rpc:10.1.0.70:45625|dataStream:10.1.0.70:33769|priority:1|startupRole:FOLLOWER]|listeners:[], old=null
2023-04-11 17:18:55,907 [a8e18eb8-676b-4d89-b1ed-2f6ae890a6f9@group-ACF34F2E288E-LeaderElection21] INFO  impl.LeaderElection (LeaderElection.java:logAndReturn(90)) - a8e18eb8-676b-4d89-b1ed-2f6ae890a6f9@group-ACF34F2E288E-LeaderElection21: PRE_VOTE REJECTED received 2 response(s) and 0 exception(s):
2023-04-11 17:18:55,907 [a8e18eb8-676b-4d89-b1ed-2f6ae890a6f9@group-ACF34F2E288E-LeaderElection21] INFO  impl.LeaderElection (LeaderElection.java:logAndReturn(94)) -   Response 0: a8e18eb8-676b-4d89-b1ed-2f6ae890a6f9<-88c84cd2-72ca-4eec-b7eb-2fcd5700cf38#0:OK-t0
2023-04-11 17:18:55,907 [a8e18eb8-676b-4d89-b1ed-2f6ae890a6f9@group-ACF34F2E288E-LeaderElection21] INFO  impl.LeaderElection (LeaderElection.java:logAndReturn(94)) -   Response 1: a8e18eb8-676b-4d89-b1ed-2f6ae890a6f9<-e6d924a0-7c53-4274-9275-f319576c3e7e#0:FAIL-t0
2023-04-11 17:18:55,907 [a8e18eb8-676b-4d89-b1ed-2f6ae890a6f9@group-ACF34F2E288E-LeaderElection21] INFO  impl.LeaderElection (LeaderElection.java:askForVotes(314)) - a8e18eb8-676b-4d89-b1ed-2f6ae890a6f9@group-ACF34F2E288E-LeaderElection21 PRE_VOTE round 0: result REJECTED
2023-04-11 17:18:55,909 [a8e18eb8-676b-4d89-b1ed-2f6ae890a6f9@group-ACF34F2E288E-LeaderElection21] INFO  server.RaftServer$Division (RaftServerImpl.java:setRole(321)) - a8e18eb8-676b-4d89-b1ed-2f6ae890a6f9@group-ACF34F2E288E: changes role from CANDIDATE to FOLLOWER at term 0 for REJECTED
2023-04-11 17:18:55,909 [a8e18eb8-676b-4d89-b1ed-2f6ae890a6f9@group-ACF34F2E288E-LeaderElection21] INFO  impl.RoleInfo (RoleInfo.java:shutdownLeaderElection(130)) - a8e18eb8-676b-4d89-b1ed-2f6ae890a6f9: shutdown a8e18eb8-676b-4d89-b1ed-2f6ae890a6f9@group-ACF34F2E288E-LeaderElection21
2023-04-11 17:18:55,909 [a8e18eb8-676b-4d89-b1ed-2f6ae890a6f9@group-ACF34F2E288E-LeaderElection21] INFO  impl.RoleInfo (RoleInfo.java:updateAndGet(139)) - a8e18eb8-676b-4d89-b1ed-2f6ae890a6f9: start a8e18eb8-676b-4d89-b1ed-2f6ae890a6f9@group-ACF34F2E288E-FollowerState
2023-04-11 17:18:55,914 [a8e18eb8-676b-4d89-b1ed-2f6ae890a6f9@group-ACF34F2E288E-FollowerState] INFO  server.RaftServerConfigKeys (ConfUtils.java:logFallback(53)) - raft.server.rpc.first-election.timeout.min = 5s (fallback to raft.server.rpc.timeout.min)
2023-04-11 17:18:55,914 [a8e18eb8-676b-4d89-b1ed-2f6ae890a6f9@group-ACF34F2E288E-FollowerState] INFO  server.RaftServerConfigKeys (ConfUtils.java:logFallback(53)) - raft.server.rpc.first-election.timeout.max = 5200ms (fallback to raft.server.rpc.timeout.max)
2023-04-11 17:18:55,927 [a8e18eb8-676b-4d89-b1ed-2f6ae890a6f9@group-C3E50C8F3973-FollowerState] INFO  impl.FollowerState (FollowerState.java:run(143)) - a8e18eb8-676b-4d89-b1ed-2f6ae890a6f9@group-C3E50C8F3973-FollowerState: change to CANDIDATE, lastRpcElapsedTime:5129180533ns, electionTimeout:5128ms
2023-04-11 17:18:55,928 [a8e18eb8-676b-4d89-b1ed-2f6ae890a6f9@group-C3E50C8F3973-FollowerState] INFO  impl.RoleInfo (RoleInfo.java:shutdownFollowerState(110)) - a8e18eb8-676b-4d89-b1ed-2f6ae890a6f9: shutdown a8e18eb8-676b-4d89-b1ed-2f6ae890a6f9@group-C3E50C8F3973-FollowerState
2023-04-11 17:18:55,928 [a8e18eb8-676b-4d89-b1ed-2f6ae890a6f9@group-C3E50C8F3973-FollowerState] INFO  server.RaftServer$Division (RaftServerImpl.java:setRole(321)) - a8e18eb8-676b-4d89-b1ed-2f6ae890a6f9@group-C3E50C8F3973: changes role from  FOLLOWER to CANDIDATE at term 0 for changeToCandidate
2023-04-11 17:18:55,928 [a8e18eb8-676b-4d89-b1ed-2f6ae890a6f9@group-C3E50C8F3973-FollowerState] INFO  server.RaftServerConfigKeys (ConfUtils.java:logGet(46)) - raft.server.leaderelection.pre-vote = true (default)
2023-04-11 17:18:55,928 [a8e18eb8-676b-4d89-b1ed-2f6ae890a6f9@group-C3E50C8F3973-FollowerState] INFO  impl.RoleInfo (RoleInfo.java:updateAndGet(139)) - a8e18eb8-676b-4d89-b1ed-2f6ae890a6f9: start a8e18eb8-676b-4d89-b1ed-2f6ae890a6f9@group-C3E50C8F3973-LeaderElection22
2023-04-11 17:18:55,934 [a8e18eb8-676b-4d89-b1ed-2f6ae890a6f9@group-C3E50C8F3973-LeaderElection22] INFO  impl.LeaderElection (LeaderElection.java:askForVotes(312)) - a8e18eb8-676b-4d89-b1ed-2f6ae890a6f9@group-C3E50C8F3973-LeaderElection22 PRE_VOTE round 0: submit vote requests at term 0 for -1: peers:[a8e18eb8-676b-4d89-b1ed-2f6ae890a6f9|rpc:10.1.0.70:45767|dataStream:10.1.0.70:37603|priority:1|startupRole:FOLLOWER]|listeners:[], old=null
2023-04-11 17:18:55,934 [a8e18eb8-676b-4d89-b1ed-2f6ae890a6f9@group-C3E50C8F3973-LeaderElection22] INFO  impl.LeaderElection (LeaderElection.java:askForVotes(314)) - a8e18eb8-676b-4d89-b1ed-2f6ae890a6f9@group-C3E50C8F3973-LeaderElection22 PRE_VOTE round 0: result PASSED (term=0)
2023-04-11 17:18:55,935 [a8e18eb8-676b-4d89-b1ed-2f6ae890a6f9@group-C3E50C8F3973-LeaderElection22] INFO  impl.LeaderElection (LeaderElection.java:askForVotes(312)) - a8e18eb8-676b-4d89-b1ed-2f6ae890a6f9@group-C3E50C8F3973-LeaderElection22 ELECTION round 0: submit vote requests at term 1 for -1: peers:[a8e18eb8-676b-4d89-b1ed-2f6ae890a6f9|rpc:10.1.0.70:45767|dataStream:10.1.0.70:37603|priority:1|startupRole:FOLLOWER]|listeners:[], old=null
2023-04-11 17:18:55,935 [a8e18eb8-676b-4d89-b1ed-2f6ae890a6f9@group-C3E50C8F3973-LeaderElection22] INFO  impl.LeaderElection (LeaderElection.java:askForVotes(314)) - a8e18eb8-676b-4d89-b1ed-2f6ae890a6f9@group-C3E50C8F3973-LeaderElection22 ELECTION round 0: result PASSED (term=1)
2023-04-11 17:18:55,936 [a8e18eb8-676b-4d89-b1ed-2f6ae890a6f9@group-C3E50C8F3973-LeaderElection22] INFO  impl.RoleInfo (RoleInfo.java:shutdownLeaderElection(130)) - a8e18eb8-676b-4d89-b1ed-2f6ae890a6f9: shutdown a8e18eb8-676b-4d89-b1ed-2f6ae890a6f9@group-C3E50C8F3973-LeaderElection22
2023-04-11 17:18:55,937 [a8e18eb8-676b-4d89-b1ed-2f6ae890a6f9@group-C3E50C8F3973-LeaderElection22] INFO  server.RaftServer$Division (RaftServerImpl.java:setRole(321)) - a8e18eb8-676b-4d89-b1ed-2f6ae890a6f9@group-C3E50C8F3973: changes role from CANDIDATE to LEADER at term 1 for changeToLeader
2023-04-11 17:18:55,937 [a8e18eb8-676b-4d89-b1ed-2f6ae890a6f9@group-C3E50C8F3973-LeaderElection22] INFO  ratis.XceiverServerRatis (XceiverServerRatis.java:handleLeaderChangedNotification(904)) - Leader change notification received for group: group-C3E50C8F3973 with new leaderId: a8e18eb8-676b-4d89-b1ed-2f6ae890a6f9
2023-04-11 17:18:55,939 [a8e18eb8-676b-4d89-b1ed-2f6ae890a6f9@group-C3E50C8F3973-LeaderElection22] INFO  server.RaftServer$Division (ServerState.java:setLeader(313)) - a8e18eb8-676b-4d89-b1ed-2f6ae890a6f9@group-C3E50C8F3973: change Leader from null to a8e18eb8-676b-4d89-b1ed-2f6ae890a6f9 at term 1 for becomeLeader, leader elected after 5158ms
2023-04-11 17:18:55,939 [a8e18eb8-676b-4d89-b1ed-2f6ae890a6f9@group-C3E50C8F3973-LeaderElection22] INFO  server.RaftServerConfigKeys (ConfUtils.java:logGet(46)) - raft.server.staging.catchup.gap = 1000 (default)
2023-04-11 17:18:55,940 [EventQueue-OpenPipelineForHealthyPipelineSafeModeRule] INFO  safemode.SCMSafeModeManager (HealthyPipelineSafeModeRule.java:process(137)) - SCM in safe mode. Healthy pipelines reported count is 0, required healthy pipeline reported count is 1
2023-04-11 17:18:55,941 [a8e18eb8-676b-4d89-b1ed-2f6ae890a6f9@group-C3E50C8F3973-LeaderElection22] INFO  server.RaftServerConfigKeys (ConfUtils.java:logGet(46)) - raft.server.write.element-limit = 1024 (custom)
2023-04-11 17:18:55,941 [a8e18eb8-676b-4d89-b1ed-2f6ae890a6f9@group-C3E50C8F3973-LeaderElection22] INFO  server.RaftServerConfigKeys (ConfUtils.java:logGet(46)) - raft.server.write.byte-limit = 1024 M (=1073741824) (custom)
2023-04-11 17:18:55,941 [a8e18eb8-676b-4d89-b1ed-2f6ae890a6f9@group-C3E50C8F3973-LeaderElection22] INFO  server.RaftServerConfigKeys (ConfUtils.java:logGet(46)) - raft.server.watch.timeout = 180s (custom)
2023-04-11 17:18:55,941 [a8e18eb8-676b-4d89-b1ed-2f6ae890a6f9@group-C3E50C8F3973-LeaderElection22] INFO  server.RaftServerConfigKeys (ConfUtils.java:logGet(46)) - raft.server.watch.timeout.denomination = 1s (default)
2023-04-11 17:18:55,942 [a8e18eb8-676b-4d89-b1ed-2f6ae890a6f9@group-C3E50C8F3973-LeaderElection22] INFO  server.RaftServerConfigKeys (ConfUtils.java:logGet(46)) - raft.server.watch.element-limit = 65536 (default)
2023-04-11 17:18:55,942 [a8e18eb8-676b-4d89-b1ed-2f6ae890a6f9@group-C3E50C8F3973-LeaderElection22] INFO  server.RaftServerConfigKeys (ConfUtils.java:logGet(46)) - raft.server.write.element-limit = 1024 (custom)
2023-04-11 17:18:55,942 [a8e18eb8-676b-4d89-b1ed-2f6ae890a6f9@group-C3E50C8F3973-LeaderElection22] INFO  server.RaftServerConfigKeys (ConfUtils.java:logGet(46)) - raft.server.write.follower.gap.ratio.max = -1.0 (default)
2023-04-11 17:18:55,942 [a8e18eb8-676b-4d89-b1ed-2f6ae890a6f9@group-C3E50C8F3973-LeaderElection22] INFO  impl.RoleInfo (RoleInfo.java:updateAndGet(139)) - a8e18eb8-676b-4d89-b1ed-2f6ae890a6f9: start a8e18eb8-676b-4d89-b1ed-2f6ae890a6f9@group-C3E50C8F3973-LeaderStateImpl
2023-04-11 17:18:55,942 [a8e18eb8-676b-4d89-b1ed-2f6ae890a6f9@group-C3E50C8F3973-LeaderElection22] INFO  segmented.SegmentedRaftLogWorker (SegmentedRaftLogWorker.java:startLogSegment(452)) - a8e18eb8-676b-4d89-b1ed-2f6ae890a6f9@group-C3E50C8F3973-SegmentedRaftLogWorker: Starting segment from index:0
2023-04-11 17:18:55,944 [a8e18eb8-676b-4d89-b1ed-2f6ae890a6f9@group-C3E50C8F3973-LeaderElection22] INFO  server.RaftServer$Division (ServerState.java:setRaftConf(430)) - a8e18eb8-676b-4d89-b1ed-2f6ae890a6f9@group-C3E50C8F3973: set configuration 0: peers:[a8e18eb8-676b-4d89-b1ed-2f6ae890a6f9|rpc:10.1.0.70:45767|dataStream:10.1.0.70:37603|priority:1|startupRole:FOLLOWER]|listeners:[], old=null
2023-04-11 17:18:55,944 [a8e18eb8-676b-4d89-b1ed-2f6ae890a6f9@group-C3E50C8F3973-SegmentedRaftLogWorker] INFO  segmented.SegmentedRaftLogWorker (SegmentedRaftLogWorker.java:execute(656)) - a8e18eb8-676b-4d89-b1ed-2f6ae890a6f9@group-C3E50C8F3973-SegmentedRaftLogWorker: created new log segment /home/runner/work/ozone/ozone/hadoop-ozone/integration-test/target/test-dir/MiniOzoneClusterImpl-7d6c2114-24de-471a-af28-9a4df9894e15/datanode-0/data/ratis/8c67446f-1261-47e6-b545-c3e50c8f3973/current/log_inprogress_0
2023-04-11 17:18:56,022 [e6d924a0-7c53-4274-9275-f319576c3e7e@group-ACF34F2E288E-FollowerState] INFO  impl.FollowerState (FollowerState.java:run(143)) - e6d924a0-7c53-4274-9275-f319576c3e7e@group-ACF34F2E288E-FollowerState: change to CANDIDATE, lastRpcElapsedTime:5158996739ns, electionTimeout:5156ms
2023-04-11 17:18:56,023 [e6d924a0-7c53-4274-9275-f319576c3e7e@group-ACF34F2E288E-FollowerState] INFO  impl.RoleInfo (RoleInfo.java:shutdownFollowerState(110)) - e6d924a0-7c53-4274-9275-f319576c3e7e: shutdown e6d924a0-7c53-4274-9275-f319576c3e7e@group-ACF34F2E288E-FollowerState
2023-04-11 17:18:56,023 [e6d924a0-7c53-4274-9275-f319576c3e7e@group-ACF34F2E288E-FollowerState] INFO  server.RaftServer$Division (RaftServerImpl.java:setRole(321)) - e6d924a0-7c53-4274-9275-f319576c3e7e@group-ACF34F2E288E: changes role from  FOLLOWER to CANDIDATE at term 0 for changeToCandidate
2023-04-11 17:18:56,023 [e6d924a0-7c53-4274-9275-f319576c3e7e@group-ACF34F2E288E-FollowerState] INFO  server.RaftServerConfigKeys (ConfUtils.java:logGet(46)) - raft.server.leaderelection.pre-vote = true (default)
2023-04-11 17:18:56,023 [e6d924a0-7c53-4274-9275-f319576c3e7e@group-ACF34F2E288E-FollowerState] INFO  impl.RoleInfo (RoleInfo.java:updateAndGet(139)) - e6d924a0-7c53-4274-9275-f319576c3e7e: start e6d924a0-7c53-4274-9275-f319576c3e7e@group-ACF34F2E288E-LeaderElection23
2023-04-11 17:18:56,025 [e6d924a0-7c53-4274-9275-f319576c3e7e@group-ACF34F2E288E-LeaderElection23] INFO  impl.LeaderElection (LeaderElection.java:askForVotes(312)) - e6d924a0-7c53-4274-9275-f319576c3e7e@group-ACF34F2E288E-LeaderElection23 PRE_VOTE round 0: submit vote requests at term 0 for -1: peers:[88c84cd2-72ca-4eec-b7eb-2fcd5700cf38|rpc:10.1.0.70:44245|dataStream:10.1.0.70:38609|priority:0|startupRole:FOLLOWER, a8e18eb8-676b-4d89-b1ed-2f6ae890a6f9|rpc:10.1.0.70:45767|dataStream:10.1.0.70:37603|priority:0|startupRole:FOLLOWER, e6d924a0-7c53-4274-9275-f319576c3e7e|rpc:10.1.0.70:45625|dataStream:10.1.0.70:33769|priority:1|startupRole:FOLLOWER]|listeners:[], old=null
2023-04-11 17:18:56,025 [e6d924a0-7c53-4274-9275-f319576c3e7e@group-ACF34F2E288E-LeaderElection23-1] INFO  server.GrpcServerProtocolClient (GrpcServerProtocolClient.java:<init>(63)) - Build channel for 88c84cd2-72ca-4eec-b7eb-2fcd5700cf38
2023-04-11 17:18:56,028 [e6d924a0-7c53-4274-9275-f319576c3e7e@group-ACF34F2E288E-LeaderElection23] INFO  server.RaftServerConfigKeys (ConfUtils.java:logFallback(53)) - raft.server.rpc.first-election.timeout.min = 5s (fallback to raft.server.rpc.timeout.min)
2023-04-11 17:18:56,028 [e6d924a0-7c53-4274-9275-f319576c3e7e@group-ACF34F2E288E-LeaderElection23] INFO  server.RaftServerConfigKeys (ConfUtils.java:logFallback(53)) - raft.server.rpc.first-election.timeout.max = 5200ms (fallback to raft.server.rpc.timeout.max)
2023-04-11 17:18:56,029 [e6d924a0-7c53-4274-9275-f319576c3e7e@group-ACF34F2E288E-LeaderElection23-2] INFO  server.GrpcServerProtocolClient (GrpcServerProtocolClient.java:<init>(63)) - Build channel for a8e18eb8-676b-4d89-b1ed-2f6ae890a6f9
2023-04-11 17:18:56,037 [grpc-default-executor-1] INFO  server.RaftServer$Division (RaftServerImpl.java:requestVote(1218)) - 88c84cd2-72ca-4eec-b7eb-2fcd5700cf38@group-ACF34F2E288E: receive requestVote(PRE_VOTE, e6d924a0-7c53-4274-9275-f319576c3e7e, group-ACF34F2E288E, 0, (t:0, i:0))
2023-04-11 17:18:56,038 [grpc-default-executor-1] INFO  impl.VoteContext (VoteContext.java:log(49)) - 88c84cd2-72ca-4eec-b7eb-2fcd5700cf38@group-ACF34F2E288E-FOLLOWER: accept PRE_VOTE from e6d924a0-7c53-4274-9275-f319576c3e7e: our priority 0 <= candidate's priority 1
2023-04-11 17:18:56,038 [grpc-default-executor-1] INFO  server.RaftServer$Division (RaftServerImpl.java:requestVote(1251)) - 88c84cd2-72ca-4eec-b7eb-2fcd5700cf38@group-ACF34F2E288E replies to PRE_VOTE vote request: e6d924a0-7c53-4274-9275-f319576c3e7e<-88c84cd2-72ca-4eec-b7eb-2fcd5700cf38#0:OK-t0. Peer's state: 88c84cd2-72ca-4eec-b7eb-2fcd5700cf38@group-ACF34F2E288E:t0, leader=null, voted=, raftlog=Memoized:88c84cd2-72ca-4eec-b7eb-2fcd5700cf38@group-ACF34F2E288E-SegmentedRaftLog:OPENED:c-1, conf=-1: peers:[88c84cd2-72ca-4eec-b7eb-2fcd5700cf38|rpc:10.1.0.70:44245|dataStream:10.1.0.70:38609|priority:0|startupRole:FOLLOWER, a8e18eb8-676b-4d89-b1ed-2f6ae890a6f9|rpc:10.1.0.70:45767|dataStream:10.1.0.70:37603|priority:0|startupRole:FOLLOWER, e6d924a0-7c53-4274-9275-f319576c3e7e|rpc:10.1.0.70:45625|dataStream:10.1.0.70:33769|priority:1|startupRole:FOLLOWER]|listeners:[], old=null
2023-04-11 17:18:56,039 [e6d924a0-7c53-4274-9275-f319576c3e7e@group-ACF34F2E288E-LeaderElection23] INFO  impl.LeaderElection (LeaderElection.java:logAndReturn(90)) - e6d924a0-7c53-4274-9275-f319576c3e7e@group-ACF34F2E288E-LeaderElection23: PRE_VOTE PASSED received 1 response(s) and 0 exception(s):
2023-04-11 17:18:56,039 [e6d924a0-7c53-4274-9275-f319576c3e7e@group-ACF34F2E288E-LeaderElection23] INFO  impl.LeaderElection (LeaderElection.java:logAndReturn(94)) -   Response 0: e6d924a0-7c53-4274-9275-f319576c3e7e<-88c84cd2-72ca-4eec-b7eb-2fcd5700cf38#0:OK-t0
2023-04-11 17:18:56,039 [e6d924a0-7c53-4274-9275-f319576c3e7e@group-ACF34F2E288E-LeaderElection23] INFO  impl.LeaderElection (LeaderElection.java:askForVotes(314)) - e6d924a0-7c53-4274-9275-f319576c3e7e@group-ACF34F2E288E-LeaderElection23 PRE_VOTE round 0: result PASSED
2023-04-11 17:18:56,041 [e6d924a0-7c53-4274-9275-f319576c3e7e@group-ACF34F2E288E-LeaderElection23] INFO  impl.LeaderElection (LeaderElection.java:askForVotes(312)) - e6d924a0-7c53-4274-9275-f319576c3e7e@group-ACF34F2E288E-LeaderElection23 ELECTION round 0: submit vote requests at term 1 for -1: peers:[88c84cd2-72ca-4eec-b7eb-2fcd5700cf38|rpc:10.1.0.70:44245|dataStream:10.1.0.70:38609|priority:0|startupRole:FOLLOWER, a8e18eb8-676b-4d89-b1ed-2f6ae890a6f9|rpc:10.1.0.70:45767|dataStream:10.1.0.70:37603|priority:0|startupRole:FOLLOWER, e6d924a0-7c53-4274-9275-f319576c3e7e|rpc:10.1.0.70:45625|dataStream:10.1.0.70:33769|priority:1|startupRole:FOLLOWER]|listeners:[], old=null
2023-04-11 17:18:56,043 [e6d924a0-7c53-4274-9275-f319576c3e7e@group-ACF34F2E288E-LeaderElection23] INFO  server.RaftServerConfigKeys (ConfUtils.java:logFallback(53)) - raft.server.rpc.first-election.timeout.min = 5s (fallback to raft.server.rpc.timeout.min)
2023-04-11 17:18:56,044 [e6d924a0-7c53-4274-9275-f319576c3e7e@group-ACF34F2E288E-LeaderElection23] INFO  server.RaftServerConfigKeys (ConfUtils.java:logFallback(53)) - raft.server.rpc.first-election.timeout.max = 5200ms (fallback to raft.server.rpc.timeout.max)
2023-04-11 17:18:56,051 [a8e18eb8-676b-4d89-b1ed-2f6ae890a6f9@group-8B96CE921AB7-FollowerState] INFO  impl.FollowerState (FollowerState.java:run(143)) - a8e18eb8-676b-4d89-b1ed-2f6ae890a6f9@group-8B96CE921AB7-FollowerState: change to CANDIDATE, lastRpcElapsedTime:5022580747ns, electionTimeout:5020ms
2023-04-11 17:18:56,051 [grpc-default-executor-1] INFO  server.RaftServer$Division (RaftServerImpl.java:requestVote(1218)) - a8e18eb8-676b-4d89-b1ed-2f6ae890a6f9@group-ACF34F2E288E: receive requestVote(PRE_VOTE, e6d924a0-7c53-4274-9275-f319576c3e7e, group-ACF34F2E288E, 0, (t:0, i:0))
2023-04-11 17:18:56,051 [a8e18eb8-676b-4d89-b1ed-2f6ae890a6f9@group-8B96CE921AB7-FollowerState] INFO  impl.RoleInfo (RoleInfo.java:shutdownFollowerState(110)) - a8e18eb8-676b-4d89-b1ed-2f6ae890a6f9: shutdown a8e18eb8-676b-4d89-b1ed-2f6ae890a6f9@group-8B96CE921AB7-FollowerState
2023-04-11 17:18:56,051 [grpc-default-executor-1] INFO  impl.VoteContext (VoteContext.java:log(49)) - a8e18eb8-676b-4d89-b1ed-2f6ae890a6f9@group-ACF34F2E288E-FOLLOWER: accept PRE_VOTE from e6d924a0-7c53-4274-9275-f319576c3e7e: our priority 0 <= candidate's priority 1
2023-04-11 17:18:56,051 [a8e18eb8-676b-4d89-b1ed-2f6ae890a6f9@group-8B96CE921AB7-FollowerState] INFO  server.RaftServer$Division (RaftServerImpl.java:setRole(321)) - a8e18eb8-676b-4d89-b1ed-2f6ae890a6f9@group-8B96CE921AB7: changes role from  FOLLOWER to CANDIDATE at term 0 for changeToCandidate
2023-04-11 17:18:56,051 [grpc-default-executor-1] INFO  server.RaftServer$Division (RaftServerImpl.java:requestVote(1251)) - a8e18eb8-676b-4d89-b1ed-2f6ae890a6f9@group-ACF34F2E288E replies to PRE_VOTE vote request: e6d924a0-7c53-4274-9275-f319576c3e7e<-a8e18eb8-676b-4d89-b1ed-2f6ae890a6f9#0:OK-t0. Peer's state: a8e18eb8-676b-4d89-b1ed-2f6ae890a6f9@group-ACF34F2E288E:t0, leader=null, voted=, raftlog=Memoized:a8e18eb8-676b-4d89-b1ed-2f6ae890a6f9@group-ACF34F2E288E-SegmentedRaftLog:OPENED:c-1, conf=-1: peers:[88c84cd2-72ca-4eec-b7eb-2fcd5700cf38|rpc:10.1.0.70:44245|dataStream:10.1.0.70:38609|priority:0|startupRole:FOLLOWER, a8e18eb8-676b-4d89-b1ed-2f6ae890a6f9|rpc:10.1.0.70:45767|dataStream:10.1.0.70:37603|priority:0|startupRole:FOLLOWER, e6d924a0-7c53-4274-9275-f319576c3e7e|rpc:10.1.0.70:45625|dataStream:10.1.0.70:33769|priority:1|startupRole:FOLLOWER]|listeners:[], old=null
2023-04-11 17:18:56,051 [a8e18eb8-676b-4d89-b1ed-2f6ae890a6f9@group-8B96CE921AB7-FollowerState] INFO  server.RaftServerConfigKeys (ConfUtils.java:logGet(46)) - raft.server.leaderelection.pre-vote = true (default)
2023-04-11 17:18:56,051 [a8e18eb8-676b-4d89-b1ed-2f6ae890a6f9@group-8B96CE921AB7-FollowerState] INFO  impl.RoleInfo (RoleInfo.java:updateAndGet(139)) - a8e18eb8-676b-4d89-b1ed-2f6ae890a6f9: start a8e18eb8-676b-4d89-b1ed-2f6ae890a6f9@group-8B96CE921AB7-LeaderElection24
2023-04-11 17:18:56,069 [a8e18eb8-676b-4d89-b1ed-2f6ae890a6f9@group-8B96CE921AB7-LeaderElection24] INFO  impl.LeaderElection (LeaderElection.java:askForVotes(312)) - a8e18eb8-676b-4d89-b1ed-2f6ae890a6f9@group-8B96CE921AB7-LeaderElection24 PRE_VOTE round 0: submit vote requests at term 0 for -1: peers:[88c84cd2-72ca-4eec-b7eb-2fcd5700cf38|rpc:10.1.0.70:44245|dataStream:10.1.0.70:38609|priority:1|startupRole:FOLLOWER, a8e18eb8-676b-4d89-b1ed-2f6ae890a6f9|rpc:10.1.0.70:45767|dataStream:10.1.0.70:37603|priority:0|startupRole:FOLLOWER, e6d924a0-7c53-4274-9275-f319576c3e7e|rpc:10.1.0.70:45625|dataStream:10.1.0.70:33769|priority:0|startupRole:FOLLOWER]|listeners:[], old=null
2023-04-11 17:18:56,069 [grpc-default-executor-1] INFO  server.RaftServer$Division (RaftServerImpl.java:requestVote(1218)) - a8e18eb8-676b-4d89-b1ed-2f6ae890a6f9@group-ACF34F2E288E: receive requestVote(ELECTION, e6d924a0-7c53-4274-9275-f319576c3e7e, group-ACF34F2E288E, 1, (t:0, i:0))
2023-04-11 17:18:56,069 [grpc-default-executor-1] INFO  impl.VoteContext (VoteContext.java:log(49)) - a8e18eb8-676b-4d89-b1ed-2f6ae890a6f9@group-ACF34F2E288E-FOLLOWER: accept ELECTION from e6d924a0-7c53-4274-9275-f319576c3e7e: our priority 0 <= candidate's priority 1
2023-04-11 17:18:56,070 [grpc-default-executor-2] INFO  server.RaftServer$Division (RaftServerImpl.java:requestVote(1218)) - 88c84cd2-72ca-4eec-b7eb-2fcd5700cf38@group-ACF34F2E288E: receive requestVote(ELECTION, e6d924a0-7c53-4274-9275-f319576c3e7e, group-ACF34F2E288E, 1, (t:0, i:0))
2023-04-11 17:18:56,070 [grpc-default-executor-1] INFO  server.RaftServer$Division (RaftServerImpl.java:setRole(321)) - a8e18eb8-676b-4d89-b1ed-2f6ae890a6f9@group-ACF34F2E288E: changes role from  FOLLOWER to FOLLOWER at term 1 for candidate:e6d924a0-7c53-4274-9275-f319576c3e7e
2023-04-11 17:18:56,070 [grpc-default-executor-1] INFO  impl.RoleInfo (RoleInfo.java:shutdownFollowerState(110)) - a8e18eb8-676b-4d89-b1ed-2f6ae890a6f9: shutdown a8e18eb8-676b-4d89-b1ed-2f6ae890a6f9@group-ACF34F2E288E-FollowerState
2023-04-11 17:18:56,071 [a8e18eb8-676b-4d89-b1ed-2f6ae890a6f9@group-8B96CE921AB7-LeaderElection24] INFO  server.RaftServerConfigKeys (ConfUtils.java:logFallback(53)) - raft.server.rpc.first-election.timeout.min = 5s (fallback to raft.server.rpc.timeout.min)
2023-04-11 17:18:56,072 [a8e18eb8-676b-4d89-b1ed-2f6ae890a6f9@group-8B96CE921AB7-LeaderElection24] INFO  server.RaftServerConfigKeys (ConfUtils.java:logFallback(53)) - raft.server.rpc.first-election.timeout.max = 5200ms (fallback to raft.server.rpc.timeout.max)
2023-04-11 17:18:56,072 [grpc-default-executor-1] INFO  impl.RoleInfo (RoleInfo.java:updateAndGet(139)) - a8e18eb8-676b-4d89-b1ed-2f6ae890a6f9: start a8e18eb8-676b-4d89-b1ed-2f6ae890a6f9@group-ACF34F2E288E-FollowerState
2023-04-11 17:18:56,073 [grpc-default-executor-2] INFO  impl.VoteContext (VoteContext.java:log(49)) - 88c84cd2-72ca-4eec-b7eb-2fcd5700cf38@group-ACF34F2E288E-FOLLOWER: accept ELECTION from e6d924a0-7c53-4274-9275-f319576c3e7e: our priority 0 <= candidate's priority 1
2023-04-11 17:18:56,073 [grpc-default-executor-2] INFO  server.RaftServer$Division (RaftServerImpl.java:setRole(321)) - 88c84cd2-72ca-4eec-b7eb-2fcd5700cf38@group-ACF34F2E288E: changes role from  FOLLOWER to FOLLOWER at term 1 for candidate:e6d924a0-7c53-4274-9275-f319576c3e7e
2023-04-11 17:18:56,073 [grpc-default-executor-2] INFO  impl.RoleInfo (RoleInfo.java:shutdownFollowerState(110)) - 88c84cd2-72ca-4eec-b7eb-2fcd5700cf38: shutdown 88c84cd2-72ca-4eec-b7eb-2fcd5700cf38@group-ACF34F2E288E-FollowerState
2023-04-11 17:18:56,074 [grpc-default-executor-2] INFO  impl.RoleInfo (RoleInfo.java:updateAndGet(139)) - 88c84cd2-72ca-4eec-b7eb-2fcd5700cf38: start 88c84cd2-72ca-4eec-b7eb-2fcd5700cf38@group-ACF34F2E288E-FollowerState
2023-04-11 17:18:56,074 [grpc-default-executor-0] INFO  server.RaftServer$Division (RaftServerImpl.java:requestVote(1218)) - 88c84cd2-72ca-4eec-b7eb-2fcd5700cf38@group-8B96CE921AB7: receive requestVote(PRE_VOTE, a8e18eb8-676b-4d89-b1ed-2f6ae890a6f9, group-8B96CE921AB7, 0, (t:0, i:0))
2023-04-11 17:18:56,074 [grpc-default-executor-0] INFO  impl.VoteContext (VoteContext.java:log(49)) - 88c84cd2-72ca-4eec-b7eb-2fcd5700cf38@group-8B96CE921AB7-FOLLOWER: reject PRE_VOTE from a8e18eb8-676b-4d89-b1ed-2f6ae890a6f9: our priority 1 > candidate's priority 0
2023-04-11 17:18:56,074 [88c84cd2-72ca-4eec-b7eb-2fcd5700cf38@group-ACF34F2E288E-FollowerState] INFO  impl.FollowerState (FollowerState.java:run(152)) - 88c84cd2-72ca-4eec-b7eb-2fcd5700cf38@group-ACF34F2E288E-FollowerState was interrupted
2023-04-11 17:18:56,074 [grpc-default-executor-0] INFO  server.RaftServer$Division (RaftServerImpl.java:requestVote(1251)) - 88c84cd2-72ca-4eec-b7eb-2fcd5700cf38@group-8B96CE921AB7 replies to PRE_VOTE vote request: a8e18eb8-676b-4d89-b1ed-2f6ae890a6f9<-88c84cd2-72ca-4eec-b7eb-2fcd5700cf38#0:FAIL-t0. Peer's state: 88c84cd2-72ca-4eec-b7eb-2fcd5700cf38@group-8B96CE921AB7:t0, leader=null, voted=, raftlog=Memoized:88c84cd2-72ca-4eec-b7eb-2fcd5700cf38@group-8B96CE921AB7-SegmentedRaftLog:OPENED:c-1, conf=-1: peers:[88c84cd2-72ca-4eec-b7eb-2fcd5700cf38|rpc:10.1.0.70:44245|dataStream:10.1.0.70:38609|priority:1|startupRole:FOLLOWER, a8e18eb8-676b-4d89-b1ed-2f6ae890a6f9|rpc:10.1.0.70:45767|dataStream:10.1.0.70:37603|priority:0|startupRole:FOLLOWER, e6d924a0-7c53-4274-9275-f319576c3e7e|rpc:10.1.0.70:45625|dataStream:10.1.0.70:33769|priority:0|startupRole:FOLLOWER]|listeners:[], old=null
2023-04-11 17:18:56,075 [88c84cd2-72ca-4eec-b7eb-2fcd5700cf38@group-ACF34F2E288E-FollowerState] INFO  server.RaftServerConfigKeys (ConfUtils.java:logFallback(53)) - raft.server.rpc.first-election.timeout.min = 5s (fallback to raft.server.rpc.timeout.min)
2023-04-11 17:18:56,075 [grpc-default-executor-1] INFO  server.RaftServer$Division (RaftServerImpl.java:requestVote(1251)) - a8e18eb8-676b-4d89-b1ed-2f6ae890a6f9@group-ACF34F2E288E replies to ELECTION vote request: e6d924a0-7c53-4274-9275-f319576c3e7e<-a8e18eb8-676b-4d89-b1ed-2f6ae890a6f9#0:OK-t1. Peer's state: a8e18eb8-676b-4d89-b1ed-2f6ae890a6f9@group-ACF34F2E288E:t1, leader=null, voted=e6d924a0-7c53-4274-9275-f319576c3e7e, raftlog=Memoized:a8e18eb8-676b-4d89-b1ed-2f6ae890a6f9@group-ACF34F2E288E-SegmentedRaftLog:OPENED:c-1, conf=-1: peers:[88c84cd2-72ca-4eec-b7eb-2fcd5700cf38|rpc:10.1.0.70:44245|dataStream:10.1.0.70:38609|priority:0|startupRole:FOLLOWER, a8e18eb8-676b-4d89-b1ed-2f6ae890a6f9|rpc:10.1.0.70:45767|dataStream:10.1.0.70:37603|priority:0|startupRole:FOLLOWER, e6d924a0-7c53-4274-9275-f319576c3e7e|rpc:10.1.0.70:45625|dataStream:10.1.0.70:33769|priority:1|startupRole:FOLLOWER]|listeners:[], old=null
2023-04-11 17:18:56,076 [88c84cd2-72ca-4eec-b7eb-2fcd5700cf38@group-ACF34F2E288E-FollowerState] INFO  server.RaftServerConfigKeys (ConfUtils.java:logFallback(53)) - raft.server.rpc.first-election.timeout.max = 5200ms (fallback to raft.server.rpc.timeout.max)
2023-04-11 17:18:56,076 [grpc-default-executor-2] INFO  server.RaftServer$Division (RaftServerImpl.java:requestVote(1251)) - 88c84cd2-72ca-4eec-b7eb-2fcd5700cf38@group-ACF34F2E288E replies to ELECTION vote request: e6d924a0-7c53-4274-9275-f319576c3e7e<-88c84cd2-72ca-4eec-b7eb-2fcd5700cf38#0:OK-t1. Peer's state: 88c84cd2-72ca-4eec-b7eb-2fcd5700cf38@group-ACF34F2E288E:t1, leader=null, voted=e6d924a0-7c53-4274-9275-f319576c3e7e, raftlog=Memoized:88c84cd2-72ca-4eec-b7eb-2fcd5700cf38@group-ACF34F2E288E-SegmentedRaftLog:OPENED:c-1, conf=-1: peers:[88c84cd2-72ca-4eec-b7eb-2fcd5700cf38|rpc:10.1.0.70:44245|dataStream:10.1.0.70:38609|priority:0|startupRole:FOLLOWER, a8e18eb8-676b-4d89-b1ed-2f6ae890a6f9|rpc:10.1.0.70:45767|dataStream:10.1.0.70:37603|priority:0|startupRole:FOLLOWER, e6d924a0-7c53-4274-9275-f319576c3e7e|rpc:10.1.0.70:45625|dataStream:10.1.0.70:33769|priority:1|startupRole:FOLLOWER]|listeners:[], old=null
2023-04-11 17:18:56,081 [a8e18eb8-676b-4d89-b1ed-2f6ae890a6f9@group-ACF34F2E288E-FollowerState] INFO  server.RaftServerConfigKeys (ConfUtils.java:logFallback(53)) - raft.server.rpc.first-election.timeout.min = 5s (fallback to raft.server.rpc.timeout.min)
2023-04-11 17:18:56,081 [a8e18eb8-676b-4d89-b1ed-2f6ae890a6f9@group-ACF34F2E288E-FollowerState] INFO  server.RaftServerConfigKeys (ConfUtils.java:logFallback(53)) - raft.server.rpc.first-election.timeout.max = 5200ms (fallback to raft.server.rpc.timeout.max)
2023-04-11 17:18:56,082 [a8e18eb8-676b-4d89-b1ed-2f6ae890a6f9@group-8B96CE921AB7-LeaderElection24] INFO  impl.LeaderElection (LeaderElection.java:logAndReturn(90)) - a8e18eb8-676b-4d89-b1ed-2f6ae890a6f9@group-8B96CE921AB7-LeaderElection24: PRE_VOTE REJECTED received 1 response(s) and 0 exception(s):
2023-04-11 17:18:56,082 [a8e18eb8-676b-4d89-b1ed-2f6ae890a6f9@group-8B96CE921AB7-LeaderElection24] INFO  impl.LeaderElection (LeaderElection.java:logAndReturn(94)) -   Response 0: a8e18eb8-676b-4d89-b1ed-2f6ae890a6f9<-88c84cd2-72ca-4eec-b7eb-2fcd5700cf38#0:FAIL-t0
2023-04-11 17:18:56,082 [a8e18eb8-676b-4d89-b1ed-2f6ae890a6f9@group-8B96CE921AB7-LeaderElection24] INFO  impl.LeaderElection (LeaderElection.java:askForVotes(314)) - a8e18eb8-676b-4d89-b1ed-2f6ae890a6f9@group-8B96CE921AB7-LeaderElection24 PRE_VOTE round 0: result REJECTED
2023-04-11 17:18:56,082 [a8e18eb8-676b-4d89-b1ed-2f6ae890a6f9@group-8B96CE921AB7-LeaderElection24] INFO  server.RaftServer$Division (RaftServerImpl.java:setRole(321)) - a8e18eb8-676b-4d89-b1ed-2f6ae890a6f9@group-8B96CE921AB7: changes role from CANDIDATE to FOLLOWER at term 0 for REJECTED
2023-04-11 17:18:56,082 [a8e18eb8-676b-4d89-b1ed-2f6ae890a6f9@group-8B96CE921AB7-LeaderElection24] INFO  impl.RoleInfo (RoleInfo.java:shutdownLeaderElection(130)) - a8e18eb8-676b-4d89-b1ed-2f6ae890a6f9: shutdown a8e18eb8-676b-4d89-b1ed-2f6ae890a6f9@group-8B96CE921AB7-LeaderElection24
2023-04-11 17:18:56,082 [a8e18eb8-676b-4d89-b1ed-2f6ae890a6f9@group-8B96CE921AB7-LeaderElection24] INFO  impl.RoleInfo (RoleInfo.java:updateAndGet(139)) - a8e18eb8-676b-4d89-b1ed-2f6ae890a6f9: start a8e18eb8-676b-4d89-b1ed-2f6ae890a6f9@group-8B96CE921AB7-FollowerState
2023-04-11 17:18:56,085 [a8e18eb8-676b-4d89-b1ed-2f6ae890a6f9@group-ACF34F2E288E-FollowerState] INFO  impl.FollowerState (FollowerState.java:run(152)) - a8e18eb8-676b-4d89-b1ed-2f6ae890a6f9@group-ACF34F2E288E-FollowerState was interrupted
2023-04-11 17:18:56,086 [a8e18eb8-676b-4d89-b1ed-2f6ae890a6f9@group-8B96CE921AB7-FollowerState] INFO  server.RaftServerConfigKeys (ConfUtils.java:logFallback(53)) - raft.server.rpc.first-election.timeout.min = 5s (fallback to raft.server.rpc.timeout.min)
2023-04-11 17:18:56,086 [a8e18eb8-676b-4d89-b1ed-2f6ae890a6f9@group-8B96CE921AB7-FollowerState] INFO  server.RaftServerConfigKeys (ConfUtils.java:logFallback(53)) - raft.server.rpc.first-election.timeout.max = 5200ms (fallback to raft.server.rpc.timeout.max)
2023-04-11 17:18:56,086 [e6d924a0-7c53-4274-9275-f319576c3e7e@group-ACF34F2E288E-LeaderElection23] INFO  impl.LeaderElection (LeaderElection.java:logAndReturn(90)) - e6d924a0-7c53-4274-9275-f319576c3e7e@group-ACF34F2E288E-LeaderElection23: ELECTION PASSED received 1 response(s) and 0 exception(s):
2023-04-11 17:18:56,086 [e6d924a0-7c53-4274-9275-f319576c3e7e@group-ACF34F2E288E-LeaderElection23] INFO  impl.LeaderElection (LeaderElection.java:logAndReturn(94)) -   Response 0: e6d924a0-7c53-4274-9275-f319576c3e7e<-a8e18eb8-676b-4d89-b1ed-2f6ae890a6f9#0:OK-t1
2023-04-11 17:18:56,086 [e6d924a0-7c53-4274-9275-f319576c3e7e@group-ACF34F2E288E-LeaderElection23] INFO  impl.LeaderElection (LeaderElection.java:askForVotes(314)) - e6d924a0-7c53-4274-9275-f319576c3e7e@group-ACF34F2E288E-LeaderElection23 ELECTION round 0: result PASSED
2023-04-11 17:18:56,086 [e6d924a0-7c53-4274-9275-f319576c3e7e@group-ACF34F2E288E-LeaderElection23] INFO  impl.RoleInfo (RoleInfo.java:shutdownLeaderElection(130)) - e6d924a0-7c53-4274-9275-f319576c3e7e: shutdown e6d924a0-7c53-4274-9275-f319576c3e7e@group-ACF34F2E288E-LeaderElection23
2023-04-11 17:18:56,086 [e6d924a0-7c53-4274-9275-f319576c3e7e@group-ACF34F2E288E-LeaderElection23] INFO  server.RaftServer$Division (RaftServerImpl.java:setRole(321)) - e6d924a0-7c53-4274-9275-f319576c3e7e@group-ACF34F2E288E: changes role from CANDIDATE to LEADER at term 1 for changeToLeader
2023-04-11 17:18:56,086 [e6d924a0-7c53-4274-9275-f319576c3e7e@group-ACF34F2E288E-LeaderElection23] INFO  ratis.XceiverServerRatis (XceiverServerRatis.java:handleLeaderChangedNotification(904)) - Leader change notification received for group: group-ACF34F2E288E with new leaderId: e6d924a0-7c53-4274-9275-f319576c3e7e
2023-04-11 17:18:56,086 [e6d924a0-7c53-4274-9275-f319576c3e7e@group-ACF34F2E288E-LeaderElection23] INFO  server.RaftServer$Division (ServerState.java:setLeader(313)) - e6d924a0-7c53-4274-9275-f319576c3e7e@group-ACF34F2E288E: change Leader from null to e6d924a0-7c53-4274-9275-f319576c3e7e at term 1 for becomeLeader, leader elected after 5242ms
2023-04-11 17:18:56,086 [e6d924a0-7c53-4274-9275-f319576c3e7e@group-ACF34F2E288E-LeaderElection23] INFO  server.RaftServerConfigKeys (ConfUtils.java:logGet(46)) - raft.server.staging.catchup.gap = 1000 (default)
2023-04-11 17:18:56,086 [e6d924a0-7c53-4274-9275-f319576c3e7e@group-ACF34F2E288E-LeaderElection23] INFO  server.RaftServerConfigKeys (ConfUtils.java:logGet(46)) - raft.server.write.element-limit = 1024 (custom)
2023-04-11 17:18:56,087 [e6d924a0-7c53-4274-9275-f319576c3e7e@group-ACF34F2E288E-LeaderElection23] INFO  server.RaftServerConfigKeys (ConfUtils.java:logGet(46)) - raft.server.write.byte-limit = 1024 M (=1073741824) (custom)
2023-04-11 17:18:56,087 [e6d924a0-7c53-4274-9275-f319576c3e7e@group-ACF34F2E288E-LeaderElection23] INFO  server.RaftServerConfigKeys (ConfUtils.java:logGet(46)) - raft.server.watch.timeout = 180s (custom)
2023-04-11 17:18:56,087 [e6d924a0-7c53-4274-9275-f319576c3e7e@group-ACF34F2E288E-LeaderElection23] INFO  server.RaftServerConfigKeys (ConfUtils.java:logGet(46)) - raft.server.watch.timeout.denomination = 1s (default)
2023-04-11 17:18:56,087 [e6d924a0-7c53-4274-9275-f319576c3e7e@group-ACF34F2E288E-LeaderElection23] INFO  server.RaftServerConfigKeys (ConfUtils.java:logGet(46)) - raft.server.watch.element-limit = 65536 (default)
2023-04-11 17:18:56,087 [e6d924a0-7c53-4274-9275-f319576c3e7e@group-ACF34F2E288E-LeaderElection23] INFO  server.RaftServerConfigKeys (ConfUtils.java:logGet(46)) - raft.server.write.element-limit = 1024 (custom)
2023-04-11 17:18:56,087 [e6d924a0-7c53-4274-9275-f319576c3e7e@group-ACF34F2E288E-LeaderElection23] INFO  server.RaftServerConfigKeys (ConfUtils.java:logGet(46)) - raft.server.write.follower.gap.ratio.max = -1.0 (default)
2023-04-11 17:18:56,087 [e6d924a0-7c53-4274-9275-f319576c3e7e@group-ACF34F2E288E-LeaderElection23] INFO  server.RaftServerConfigKeys (ConfUtils.java:logGet(46)) - raft.server.log.appender.snapshot.chunk.size.max = 16MB (=16777216) (default)
2023-04-11 17:18:56,087 [e6d924a0-7c53-4274-9275-f319576c3e7e@group-ACF34F2E288E-LeaderElection23] INFO  server.RaftServerConfigKeys (ConfUtils.java:logGet(46)) - raft.server.log.appender.buffer.byte-limit = 33554432 (custom)
2023-04-11 17:18:56,087 [e6d924a0-7c53-4274-9275-f319576c3e7e@group-ACF34F2E288E-LeaderElection23] INFO  server.RaftServerConfigKeys (ConfUtils.java:logGet(46)) - raft.server.log.appender.buffer.element-limit = 1 (custom)
2023-04-11 17:18:56,088 [e6d924a0-7c53-4274-9275-f319576c3e7e@group-ACF34F2E288E-LeaderElection23] INFO  grpc.GrpcConfigKeys (ConfUtils.java:logGet(46)) - raft.grpc.server.leader.outstanding.appends.max = 128 (default)
2023-04-11 17:18:56,088 [e6d924a0-7c53-4274-9275-f319576c3e7e@group-ACF34F2E288E-LeaderElection23] INFO  server.RaftServerConfigKeys (ConfUtils.java:logGet(46)) - raft.server.rpc.request.timeout = 60s (custom)
2023-04-11 17:18:56,088 [e6d924a0-7c53-4274-9275-f319576c3e7e@group-ACF34F2E288E-LeaderElection23] INFO  server.RaftServerConfigKeys (ConfUtils.java:logGet(46)) - raft.server.log.appender.install.snapshot.enabled = false (custom)
2023-04-11 17:18:56,088 [e6d924a0-7c53-4274-9275-f319576c3e7e@group-ACF34F2E288E-LeaderElection23] INFO  grpc.GrpcConfigKeys (ConfUtils.java:logGet(46)) - raft.grpc.server.heartbeat.channel = true (default)
2023-04-11 17:18:56,088 [e6d924a0-7c53-4274-9275-f319576c3e7e@group-ACF34F2E288E-LeaderElection23] INFO  server.RaftServerConfigKeys (ConfUtils.java:logGet(46)) - raft.server.log.appender.wait-time.min = 10ms (default)
2023-04-11 17:18:56,093 [e6d924a0-7c53-4274-9275-f319576c3e7e@group-ACF34F2E288E-LeaderElection23] INFO  server.RaftServerConfigKeys (ConfUtils.java:logGet(46)) - raft.server.log.appender.snapshot.chunk.size.max = 16MB (=16777216) (default)
2023-04-11 17:18:56,093 [e6d924a0-7c53-4274-9275-f319576c3e7e@group-ACF34F2E288E-LeaderElection23] INFO  server.RaftServerConfigKeys (ConfUtils.java:logGet(46)) - raft.server.log.appender.buffer.byte-limit = 33554432 (custom)
2023-04-11 17:18:56,093 [e6d924a0-7c53-4274-9275-f319576c3e7e@group-ACF34F2E288E-LeaderElection23] INFO  server.RaftServerConfigKeys (ConfUtils.java:logGet(46)) - raft.server.log.appender.buffer.element-limit = 1 (custom)
2023-04-11 17:18:56,093 [e6d924a0-7c53-4274-9275-f319576c3e7e@group-ACF34F2E288E-LeaderElection23] INFO  grpc.GrpcConfigKeys (ConfUtils.java:logGet(46)) - raft.grpc.server.leader.outstanding.appends.max = 128 (default)
2023-04-11 17:18:56,093 [e6d924a0-7c53-4274-9275-f319576c3e7e@group-ACF34F2E288E-LeaderElection23] INFO  server.RaftServerConfigKeys (ConfUtils.java:logGet(46)) - raft.server.rpc.request.timeout = 60s (custom)
2023-04-11 17:18:56,093 [e6d924a0-7c53-4274-9275-f319576c3e7e@group-ACF34F2E288E-LeaderElection23] INFO  server.RaftServerConfigKeys (ConfUtils.java:logGet(46)) - raft.server.log.appender.install.snapshot.enabled = false (custom)
2023-04-11 17:18:56,093 [e6d924a0-7c53-4274-9275-f319576c3e7e@group-ACF34F2E288E-LeaderElection23] INFO  grpc.GrpcConfigKeys (ConfUtils.java:logGet(46)) - raft.grpc.server.heartbeat.channel = true (default)
2023-04-11 17:18:56,093 [e6d924a0-7c53-4274-9275-f319576c3e7e@group-ACF34F2E288E-LeaderElection23] INFO  server.RaftServerConfigKeys (ConfUtils.java:logGet(46)) - raft.server.log.appender.wait-time.min = 10ms (default)
2023-04-11 17:18:56,094 [e6d924a0-7c53-4274-9275-f319576c3e7e@group-ACF34F2E288E-LeaderElection23] INFO  impl.RoleInfo (RoleInfo.java:updateAndGet(139)) - e6d924a0-7c53-4274-9275-f319576c3e7e: start e6d924a0-7c53-4274-9275-f319576c3e7e@group-ACF34F2E288E-LeaderStateImpl
2023-04-11 17:18:56,094 [e6d924a0-7c53-4274-9275-f319576c3e7e@group-ACF34F2E288E-LeaderElection23] INFO  segmented.SegmentedRaftLogWorker (SegmentedRaftLogWorker.java:startLogSegment(452)) - e6d924a0-7c53-4274-9275-f319576c3e7e@group-ACF34F2E288E-SegmentedRaftLogWorker: Starting segment from index:0
2023-04-11 17:18:56,095 [e6d924a0-7c53-4274-9275-f319576c3e7e@group-ACF34F2E288E-SegmentedRaftLogWorker] INFO  segmented.SegmentedRaftLogWorker (SegmentedRaftLogWorker.java:execute(656)) - e6d924a0-7c53-4274-9275-f319576c3e7e@group-ACF34F2E288E-SegmentedRaftLogWorker: created new log segment /home/runner/work/ozone/ozone/hadoop-ozone/integration-test/target/test-dir/MiniOzoneClusterImpl-7d6c2114-24de-471a-af28-9a4df9894e15/datanode-1/data/ratis/f6989f48-5272-4e73-8582-acf34f2e288e/current/log_inprogress_0
2023-04-11 17:18:56,098 [EventQueue-PipelineReportForPipelineReportHandler] INFO  pipeline.PipelineManagerImpl (PipelineManagerImpl.java:openPipeline(367)) - Pipeline Pipeline[ Id: f6989f48-5272-4e73-8582-acf34f2e288e, Nodes: a8e18eb8-676b-4d89-b1ed-2f6ae890a6f9(fv-az377-102.ap30g4v5sw5evmjtdmxdg2w53f.dx.internal.cloudapp.net/10.1.0.70)e6d924a0-7c53-4274-9275-f319576c3e7e(fv-az377-102.ap30g4v5sw5evmjtdmxdg2w53f.dx.internal.cloudapp.net/10.1.0.70)88c84cd2-72ca-4eec-b7eb-2fcd5700cf38(fv-az377-102.ap30g4v5sw5evmjtdmxdg2w53f.dx.internal.cloudapp.net/10.1.0.70), ReplicationConfig: RATIS/THREE, State:ALLOCATED, leaderId:e6d924a0-7c53-4274-9275-f319576c3e7e, CreationTimestamp2023-04-11T17:18:48.570Z[Etc/UTC]] moved to OPEN state
2023-04-11 17:18:56,098 [EventQueue-OpenPipelineForHealthyPipelineSafeModeRule] INFO  safemode.SCMSafeModeManager (HealthyPipelineSafeModeRule.java:process(137)) - SCM in safe mode. Healthy pipelines reported count is 1, required healthy pipeline reported count is 1
2023-04-11 17:18:56,098 [EventQueue-OpenPipelineForHealthyPipelineSafeModeRule] INFO  safemode.SCMSafeModeManager (SCMSafeModeManager.java:validateSafeModeExitRules(200)) - HealthyPipelineSafeModeRule rule is successfully validated
2023-04-11 17:18:56,098 [EventQueue-OpenPipelineForHealthyPipelineSafeModeRule] INFO  safemode.SCMSafeModeManager (SCMSafeModeManager.java:validateSafeModeExitRules(215)) - ScmSafeModeManager, all rules are successfully validated
2023-04-11 17:18:56,098 [EventQueue-OpenPipelineForHealthyPipelineSafeModeRule] INFO  safemode.SCMSafeModeManager (SCMSafeModeManager.java:exitSafeMode(244)) - SCM exiting safe mode.
2023-04-11 17:18:56,098 [EventQueue-OpenPipelineForHealthyPipelineSafeModeRule] INFO  ha.SCMContext (SCMContext.java:updateSafeModeStatus(228)) - Update SafeModeStatus from SafeModeStatus{safeModeStatus=true, preCheckPassed=true} to SafeModeStatus{safeModeStatus=false, preCheckPassed=true}.
2023-04-11 17:18:56,098 [EventQueue-OpenPipelineForHealthyPipelineSafeModeRule] INFO  pipeline.BackgroundPipelineCreator (BackgroundPipelineCreator.java:notifyStatusChanged(254)) - Service BackgroundPipelineCreator transitions to RUNNING.
2023-04-11 17:18:56,098 [EventQueue-OpenPipelineForHealthyPipelineSafeModeRule] INFO  BackgroundPipelineScrubber (BackgroundSCMService.java:notifyStatusChanged(82)) - Service BackgroundPipelineScrubber transitions to RUNNING.
2023-04-11 17:18:56,098 [EventQueue-OpenPipelineForHealthyPipelineSafeModeRule] INFO  ExpiredContainerReplicaOpScrubber (BackgroundSCMService.java:notifyStatusChanged(82)) - Service ExpiredContainerReplicaOpScrubber transitions to RUNNING.
2023-04-11 17:18:56,098 [EventQueue-OpenPipelineForHealthyPipelineSafeModeRule] INFO  replication.ReplicationManager (ReplicationManager.java:notifyStatusChanged(1371)) - Service ReplicationManager transitions to RUNNING.
2023-04-11 17:18:56,099 [EventQueue-OpenPipelineForHealthyPipelineSafeModeRule] WARN  balancer.ContainerBalancer (ContainerBalancer.java:shouldRun(132)) - Could not find persisted configuration for ContainerBalancer when checking if ContainerBalancer should run. ContainerBalancer should not run now.
2023-04-11 17:18:56,100 [88c84cd2-72ca-4eec-b7eb-2fcd5700cf38-server-thread1] INFO  ratis.XceiverServerRatis (XceiverServerRatis.java:handleLeaderChangedNotification(904)) - Leader change notification received for group: group-ACF34F2E288E with new leaderId: e6d924a0-7c53-4274-9275-f319576c3e7e
2023-04-11 17:18:56,100 [88c84cd2-72ca-4eec-b7eb-2fcd5700cf38-server-thread1] INFO  server.RaftServer$Division (ServerState.java:setLeader(313)) - 88c84cd2-72ca-4eec-b7eb-2fcd5700cf38@group-ACF34F2E288E: change Leader from null to e6d924a0-7c53-4274-9275-f319576c3e7e at term 1 for appendEntries, leader elected after 5209ms
2023-04-11 17:18:56,102 [e6d924a0-7c53-4274-9275-f319576c3e7e@group-ACF34F2E288E-LeaderElection23] INFO  server.RaftServer$Division (ServerState.java:setRaftConf(430)) - e6d924a0-7c53-4274-9275-f319576c3e7e@group-ACF34F2E288E: set configuration 0: peers:[88c84cd2-72ca-4eec-b7eb-2fcd5700cf38|rpc:10.1.0.70:44245|dataStream:10.1.0.70:38609|priority:0|startupRole:FOLLOWER, a8e18eb8-676b-4d89-b1ed-2f6ae890a6f9|rpc:10.1.0.70:45767|dataStream:10.1.0.70:37603|priority:0|startupRole:FOLLOWER, e6d924a0-7c53-4274-9275-f319576c3e7e|rpc:10.1.0.70:45625|dataStream:10.1.0.70:33769|priority:1|startupRole:FOLLOWER]|listeners:[], old=null
2023-04-11 17:18:56,102 [grpc-default-executor-1] INFO  server.RaftServer$Division (RaftServerImpl.java:requestVote(1218)) - e6d924a0-7c53-4274-9275-f319576c3e7e@group-8B96CE921AB7: receive requestVote(PRE_VOTE, a8e18eb8-676b-4d89-b1ed-2f6ae890a6f9, group-8B96CE921AB7, 0, (t:0, i:0))
2023-04-11 17:18:56,102 [grpc-default-executor-1] INFO  impl.VoteContext (VoteContext.java:log(49)) - e6d924a0-7c53-4274-9275-f319576c3e7e@group-8B96CE921AB7-FOLLOWER: accept PRE_VOTE from a8e18eb8-676b-4d89-b1ed-2f6ae890a6f9: our priority 0 <= candidate's priority 0
2023-04-11 17:18:56,102 [grpc-default-executor-1] INFO  server.RaftServer$Division (RaftServerImpl.java:requestVote(1251)) - e6d924a0-7c53-4274-9275-f319576c3e7e@group-8B96CE921AB7 replies to PRE_VOTE vote request: a8e18eb8-676b-4d89-b1ed-2f6ae890a6f9<-e6d924a0-7c53-4274-9275-f319576c3e7e#0:OK-t0. Peer's state: e6d924a0-7c53-4274-9275-f319576c3e7e@group-8B96CE921AB7:t0, leader=null, voted=, raftlog=Memoized:e6d924a0-7c53-4274-9275-f319576c3e7e@group-8B96CE921AB7-SegmentedRaftLog:OPENED:c-1, conf=-1: peers:[88c84cd2-72ca-4eec-b7eb-2fcd5700cf38|rpc:10.1.0.70:44245|dataStream:10.1.0.70:38609|priority:1|startupRole:FOLLOWER, a8e18eb8-676b-4d89-b1ed-2f6ae890a6f9|rpc:10.1.0.70:45767|dataStream:10.1.0.70:37603|priority:0|startupRole:FOLLOWER, e6d924a0-7c53-4274-9275-f319576c3e7e|rpc:10.1.0.70:45625|dataStream:10.1.0.70:33769|priority:0|startupRole:FOLLOWER]|listeners:[], old=null
2023-04-11 17:18:56,106 [88c84cd2-72ca-4eec-b7eb-2fcd5700cf38-server-thread2] INFO  server.RaftServer$Division (ServerState.java:setRaftConf(430)) - 88c84cd2-72ca-4eec-b7eb-2fcd5700cf38@group-ACF34F2E288E: set configuration 0: peers:[88c84cd2-72ca-4eec-b7eb-2fcd5700cf38|rpc:10.1.0.70:44245|dataStream:10.1.0.70:38609|priority:0|startupRole:FOLLOWER, a8e18eb8-676b-4d89-b1ed-2f6ae890a6f9|rpc:10.1.0.70:45767|dataStream:10.1.0.70:37603|priority:0|startupRole:FOLLOWER, e6d924a0-7c53-4274-9275-f319576c3e7e|rpc:10.1.0.70:45625|dataStream:10.1.0.70:33769|priority:1|startupRole:FOLLOWER]|listeners:[], old=null
2023-04-11 17:18:56,106 [88c84cd2-72ca-4eec-b7eb-2fcd5700cf38-server-thread2] INFO  segmented.SegmentedRaftLogWorker (SegmentedRaftLogWorker.java:startLogSegment(452)) - 88c84cd2-72ca-4eec-b7eb-2fcd5700cf38@group-ACF34F2E288E-SegmentedRaftLogWorker: Starting segment from index:0
2023-04-11 17:18:56,108 [88c84cd2-72ca-4eec-b7eb-2fcd5700cf38@group-ACF34F2E288E-SegmentedRaftLogWorker] INFO  segmented.SegmentedRaftLogWorker (SegmentedRaftLogWorker.java:execute(656)) - 88c84cd2-72ca-4eec-b7eb-2fcd5700cf38@group-ACF34F2E288E-SegmentedRaftLogWorker: created new log segment /home/runner/work/ozone/ozone/hadoop-ozone/integration-test/target/test-dir/MiniOzoneClusterImpl-7d6c2114-24de-471a-af28-9a4df9894e15/datanode-2/data/ratis/f6989f48-5272-4e73-8582-acf34f2e288e/current/log_inprogress_0
2023-04-11 17:18:56,110 [a8e18eb8-676b-4d89-b1ed-2f6ae890a6f9-server-thread1] INFO  ratis.XceiverServerRatis (XceiverServerRatis.java:handleLeaderChangedNotification(904)) - Leader change notification received for group: group-ACF34F2E288E with new leaderId: e6d924a0-7c53-4274-9275-f319576c3e7e
2023-04-11 17:18:56,110 [a8e18eb8-676b-4d89-b1ed-2f6ae890a6f9-server-thread1] INFO  server.RaftServer$Division (ServerState.java:setLeader(313)) - a8e18eb8-676b-4d89-b1ed-2f6ae890a6f9@group-ACF34F2E288E: change Leader from null to e6d924a0-7c53-4274-9275-f319576c3e7e at term 1 for appendEntries, leader elected after 5307ms
2023-04-11 17:18:56,114 [a8e18eb8-676b-4d89-b1ed-2f6ae890a6f9-server-thread2] INFO  server.RaftServer$Division (ServerState.java:setRaftConf(430)) - a8e18eb8-676b-4d89-b1ed-2f6ae890a6f9@group-ACF34F2E288E: set configuration 0: peers:[88c84cd2-72ca-4eec-b7eb-2fcd5700cf38|rpc:10.1.0.70:44245|dataStream:10.1.0.70:38609|priority:0|startupRole:FOLLOWER, a8e18eb8-676b-4d89-b1ed-2f6ae890a6f9|rpc:10.1.0.70:45767|dataStream:10.1.0.70:37603|priority:0|startupRole:FOLLOWER, e6d924a0-7c53-4274-9275-f319576c3e7e|rpc:10.1.0.70:45625|dataStream:10.1.0.70:33769|priority:1|startupRole:FOLLOWER]|listeners:[], old=null
2023-04-11 17:18:56,115 [a8e18eb8-676b-4d89-b1ed-2f6ae890a6f9-server-thread2] INFO  segmented.SegmentedRaftLogWorker (SegmentedRaftLogWorker.java:startLogSegment(452)) - a8e18eb8-676b-4d89-b1ed-2f6ae890a6f9@group-ACF34F2E288E-SegmentedRaftLogWorker: Starting segment from index:0
2023-04-11 17:18:56,116 [a8e18eb8-676b-4d89-b1ed-2f6ae890a6f9@group-ACF34F2E288E-SegmentedRaftLogWorker] INFO  segmented.SegmentedRaftLogWorker (SegmentedRaftLogWorker.java:execute(656)) - a8e18eb8-676b-4d89-b1ed-2f6ae890a6f9@group-ACF34F2E288E-SegmentedRaftLogWorker: created new log segment /home/runner/work/ozone/ozone/hadoop-ozone/integration-test/target/test-dir/MiniOzoneClusterImpl-7d6c2114-24de-471a-af28-9a4df9894e15/datanode-0/data/ratis/f6989f48-5272-4e73-8582-acf34f2e288e/current/log_inprogress_0
2023-04-11 17:18:56,147 [e6d924a0-7c53-4274-9275-f319576c3e7e@group-8B96CE921AB7-FollowerState] INFO  server.RaftServerConfigKeys (ConfUtils.java:logFallback(53)) - raft.server.rpc.first-election.timeout.min = 5s (fallback to raft.server.rpc.timeout.min)
2023-04-11 17:18:56,147 [e6d924a0-7c53-4274-9275-f319576c3e7e@group-8B96CE921AB7-FollowerState] INFO  server.RaftServerConfigKeys (ConfUtils.java:logFallback(53)) - raft.server.rpc.first-election.timeout.max = 5200ms (fallback to raft.server.rpc.timeout.max)
2023-04-11 17:18:56,162 [e6d924a0-7c53-4274-9275-f319576c3e7e@group-FBDA25616759-FollowerState] INFO  impl.FollowerState (FollowerState.java:run(143)) - e6d924a0-7c53-4274-9275-f319576c3e7e@group-FBDA25616759-FollowerState: change to CANDIDATE, lastRpcElapsedTime:5006534096ns, electionTimeout:5006ms
2023-04-11 17:18:56,162 [e6d924a0-7c53-4274-9275-f319576c3e7e@group-FBDA25616759-FollowerState] INFO  impl.RoleInfo (RoleInfo.java:shutdownFollowerState(110)) - e6d924a0-7c53-4274-9275-f319576c3e7e: shutdown e6d924a0-7c53-4274-9275-f319576c3e7e@group-FBDA25616759-FollowerState
2023-04-11 17:18:56,162 [e6d924a0-7c53-4274-9275-f319576c3e7e@group-FBDA25616759-FollowerState] INFO  server.RaftServer$Division (RaftServerImpl.java:setRole(321)) - e6d924a0-7c53-4274-9275-f319576c3e7e@group-FBDA25616759: changes role from  FOLLOWER to CANDIDATE at term 0 for changeToCandidate
2023-04-11 17:18:56,162 [e6d924a0-7c53-4274-9275-f319576c3e7e@group-FBDA25616759-FollowerState] INFO  server.RaftServerConfigKeys (ConfUtils.java:logGet(46)) - raft.server.leaderelection.pre-vote = true (default)
2023-04-11 17:18:56,162 [e6d924a0-7c53-4274-9275-f319576c3e7e@group-FBDA25616759-FollowerState] INFO  impl.RoleInfo (RoleInfo.java:updateAndGet(139)) - e6d924a0-7c53-4274-9275-f319576c3e7e: start e6d924a0-7c53-4274-9275-f319576c3e7e@group-FBDA25616759-LeaderElection25
2023-04-11 17:18:56,165 [e6d924a0-7c53-4274-9275-f319576c3e7e@group-FBDA25616759-LeaderElection25] INFO  impl.LeaderElection (LeaderElection.java:askForVotes(312)) - e6d924a0-7c53-4274-9275-f319576c3e7e@group-FBDA25616759-LeaderElection25 PRE_VOTE round 0: submit vote requests at term 0 for -1: peers:[e6d924a0-7c53-4274-9275-f319576c3e7e|rpc:10.1.0.70:45625|dataStream:10.1.0.70:33769|priority:1|startupRole:FOLLOWER]|listeners:[], old=null
2023-04-11 17:18:56,165 [e6d924a0-7c53-4274-9275-f319576c3e7e@group-FBDA25616759-LeaderElection25] INFO  impl.LeaderElection (LeaderElection.java:askForVotes(314)) - e6d924a0-7c53-4274-9275-f319576c3e7e@group-FBDA25616759-LeaderElection25 PRE_VOTE round 0: result PASSED (term=0)
2023-04-11 17:18:56,167 [e6d924a0-7c53-4274-9275-f319576c3e7e@group-FBDA25616759-LeaderElection25] INFO  impl.LeaderElection (LeaderElection.java:askForVotes(312)) - e6d924a0-7c53-4274-9275-f319576c3e7e@group-FBDA25616759-LeaderElection25 ELECTION round 0: submit vote requests at term 1 for -1: peers:[e6d924a0-7c53-4274-9275-f319576c3e7e|rpc:10.1.0.70:45625|dataStream:10.1.0.70:33769|priority:1|startupRole:FOLLOWER]|listeners:[], old=null
2023-04-11 17:18:56,167 [e6d924a0-7c53-4274-9275-f319576c3e7e@group-FBDA25616759-LeaderElection25] INFO  impl.LeaderElection (LeaderElection.java:askForVotes(314)) - e6d924a0-7c53-4274-9275-f319576c3e7e@group-FBDA25616759-LeaderElection25 ELECTION round 0: result PASSED (term=1)
2023-04-11 17:18:56,167 [e6d924a0-7c53-4274-9275-f319576c3e7e@group-FBDA25616759-LeaderElection25] INFO  impl.RoleInfo (RoleInfo.java:shutdownLeaderElection(130)) - e6d924a0-7c53-4274-9275-f319576c3e7e: shutdown e6d924a0-7c53-4274-9275-f319576c3e7e@group-FBDA25616759-LeaderElection25
2023-04-11 17:18:56,167 [e6d924a0-7c53-4274-9275-f319576c3e7e@group-FBDA25616759-LeaderElection25] INFO  server.RaftServer$Division (RaftServerImpl.java:setRole(321)) - e6d924a0-7c53-4274-9275-f319576c3e7e@group-FBDA25616759: changes role from CANDIDATE to LEADER at term 1 for changeToLeader
2023-04-11 17:18:56,167 [e6d924a0-7c53-4274-9275-f319576c3e7e@group-FBDA25616759-LeaderElection25] INFO  ratis.XceiverServerRatis (XceiverServerRatis.java:handleLeaderChangedNotification(904)) - Leader change notification received for group: group-FBDA25616759 with new leaderId: e6d924a0-7c53-4274-9275-f319576c3e7e
2023-04-11 17:18:56,167 [e6d924a0-7c53-4274-9275-f319576c3e7e@group-FBDA25616759-LeaderElection25] INFO  server.RaftServer$Division (ServerState.java:setLeader(313)) - e6d924a0-7c53-4274-9275-f319576c3e7e@group-FBDA25616759: change Leader from null to e6d924a0-7c53-4274-9275-f319576c3e7e at term 1 for becomeLeader, leader elected after 5025ms
2023-04-11 17:18:56,167 [e6d924a0-7c53-4274-9275-f319576c3e7e@group-FBDA25616759-LeaderElection25] INFO  server.RaftServerConfigKeys (ConfUtils.java:logGet(46)) - raft.server.staging.catchup.gap = 1000 (default)
2023-04-11 17:18:56,168 [e6d924a0-7c53-4274-9275-f319576c3e7e@group-FBDA25616759-LeaderElection25] INFO  server.RaftServerConfigKeys (ConfUtils.java:logGet(46)) - raft.server.write.element-limit = 1024 (custom)
2023-04-11 17:18:56,168 [e6d924a0-7c53-4274-9275-f319576c3e7e@group-FBDA25616759-LeaderElection25] INFO  server.RaftServerConfigKeys (ConfUtils.java:logGet(46)) - raft.server.write.byte-limit = 1024 M (=1073741824) (custom)
2023-04-11 17:18:56,168 [e6d924a0-7c53-4274-9275-f319576c3e7e@group-FBDA25616759-LeaderElection25] INFO  server.RaftServerConfigKeys (ConfUtils.java:logGet(46)) - raft.server.watch.timeout = 180s (custom)
2023-04-11 17:18:56,168 [e6d924a0-7c53-4274-9275-f319576c3e7e@group-FBDA25616759-LeaderElection25] INFO  server.RaftServerConfigKeys (ConfUtils.java:logGet(46)) - raft.server.watch.timeout.denomination = 1s (default)
2023-04-11 17:18:56,168 [e6d924a0-7c53-4274-9275-f319576c3e7e@group-FBDA25616759-LeaderElection25] INFO  server.RaftServerConfigKeys (ConfUtils.java:logGet(46)) - raft.server.watch.element-limit = 65536 (default)
2023-04-11 17:18:56,168 [e6d924a0-7c53-4274-9275-f319576c3e7e@group-FBDA25616759-LeaderElection25] INFO  server.RaftServerConfigKeys (ConfUtils.java:logGet(46)) - raft.server.write.element-limit = 1024 (custom)
2023-04-11 17:18:56,168 [e6d924a0-7c53-4274-9275-f319576c3e7e@group-FBDA25616759-LeaderElection25] INFO  server.RaftServerConfigKeys (ConfUtils.java:logGet(46)) - raft.server.write.follower.gap.ratio.max = -1.0 (default)
2023-04-11 17:18:56,169 [e6d924a0-7c53-4274-9275-f319576c3e7e@group-FBDA25616759-LeaderElection25] INFO  impl.RoleInfo (RoleInfo.java:updateAndGet(139)) - e6d924a0-7c53-4274-9275-f319576c3e7e: start e6d924a0-7c53-4274-9275-f319576c3e7e@group-FBDA25616759-LeaderStateImpl
2023-04-11 17:18:56,169 [e6d924a0-7c53-4274-9275-f319576c3e7e@group-FBDA25616759-LeaderElection25] INFO  segmented.SegmentedRaftLogWorker (SegmentedRaftLogWorker.java:startLogSegment(452)) - e6d924a0-7c53-4274-9275-f319576c3e7e@group-FBDA25616759-SegmentedRaftLogWorker: Starting segment from index:0
2023-04-11 17:18:56,170 [e6d924a0-7c53-4274-9275-f319576c3e7e@group-FBDA25616759-LeaderElection25] INFO  server.RaftServer$Division (ServerState.java:setRaftConf(430)) - e6d924a0-7c53-4274-9275-f319576c3e7e@group-FBDA25616759: set configuration 0: peers:[e6d924a0-7c53-4274-9275-f319576c3e7e|rpc:10.1.0.70:45625|dataStream:10.1.0.70:33769|priority:1|startupRole:FOLLOWER]|listeners:[], old=null
2023-04-11 17:18:56,171 [e6d924a0-7c53-4274-9275-f319576c3e7e@group-FBDA25616759-SegmentedRaftLogWorker] INFO  segmented.SegmentedRaftLogWorker (SegmentedRaftLogWorker.java:execute(656)) - e6d924a0-7c53-4274-9275-f319576c3e7e@group-FBDA25616759-SegmentedRaftLogWorker: created new log segment /home/runner/work/ozone/ozone/hadoop-ozone/integration-test/target/test-dir/MiniOzoneClusterImpl-7d6c2114-24de-471a-af28-9a4df9894e15/datanode-1/data/ratis/27dbd68c-74d7-4f15-bef4-fbda25616759/current/log_inprogress_0
2023-04-11 17:18:56,229 [88c84cd2-72ca-4eec-b7eb-2fcd5700cf38@group-8B96CE921AB7-FollowerState] INFO  impl.FollowerState (FollowerState.java:run(143)) - 88c84cd2-72ca-4eec-b7eb-2fcd5700cf38@group-8B96CE921AB7-FollowerState: change to CANDIDATE, lastRpcElapsedTime:5133293949ns, electionTimeout:5127ms
2023-04-11 17:18:56,229 [88c84cd2-72ca-4eec-b7eb-2fcd5700cf38@group-8B96CE921AB7-FollowerState] INFO  impl.RoleInfo (RoleInfo.java:shutdownFollowerState(110)) - 88c84cd2-72ca-4eec-b7eb-2fcd5700cf38: shutdown 88c84cd2-72ca-4eec-b7eb-2fcd5700cf38@group-8B96CE921AB7-FollowerState
2023-04-11 17:18:56,229 [88c84cd2-72ca-4eec-b7eb-2fcd5700cf38@group-8B96CE921AB7-FollowerState] INFO  server.RaftServer$Division (RaftServerImpl.java:setRole(321)) - 88c84cd2-72ca-4eec-b7eb-2fcd5700cf38@group-8B96CE921AB7: changes role from  FOLLOWER to CANDIDATE at term 0 for changeToCandidate
2023-04-11 17:18:56,229 [88c84cd2-72ca-4eec-b7eb-2fcd5700cf38@group-8B96CE921AB7-FollowerState] INFO  server.RaftServerConfigKeys (ConfUtils.java:logGet(46)) - raft.server.leaderelection.pre-vote = true (default)
2023-04-11 17:18:56,229 [88c84cd2-72ca-4eec-b7eb-2fcd5700cf38@group-8B96CE921AB7-FollowerState] INFO  impl.RoleInfo (RoleInfo.java:updateAndGet(139)) - 88c84cd2-72ca-4eec-b7eb-2fcd5700cf38: start 88c84cd2-72ca-4eec-b7eb-2fcd5700cf38@group-8B96CE921AB7-LeaderElection26
2023-04-11 17:18:56,230 [88c84cd2-72ca-4eec-b7eb-2fcd5700cf38@group-8B96CE921AB7-LeaderElection26] INFO  impl.LeaderElection (LeaderElection.java:askForVotes(312)) - 88c84cd2-72ca-4eec-b7eb-2fcd5700cf38@group-8B96CE921AB7-LeaderElection26 PRE_VOTE round 0: submit vote requests at term 0 for -1: peers:[88c84cd2-72ca-4eec-b7eb-2fcd5700cf38|rpc:10.1.0.70:44245|dataStream:10.1.0.70:38609|priority:1|startupRole:FOLLOWER, a8e18eb8-676b-4d89-b1ed-2f6ae890a6f9|rpc:10.1.0.70:45767|dataStream:10.1.0.70:37603|priority:0|startupRole:FOLLOWER, e6d924a0-7c53-4274-9275-f319576c3e7e|rpc:10.1.0.70:45625|dataStream:10.1.0.70:33769|priority:0|startupRole:FOLLOWER]|listeners:[], old=null
2023-04-11 17:18:56,230 [88c84cd2-72ca-4eec-b7eb-2fcd5700cf38@group-8B96CE921AB7-LeaderElection26-1] INFO  server.GrpcServerProtocolClient (GrpcServerProtocolClient.java:<init>(63)) - Build channel for a8e18eb8-676b-4d89-b1ed-2f6ae890a6f9
2023-04-11 17:18:56,230 [88c84cd2-72ca-4eec-b7eb-2fcd5700cf38@group-8B96CE921AB7-LeaderElection26] INFO  server.RaftServerConfigKeys (ConfUtils.java:logFallback(53)) - raft.server.rpc.first-election.timeout.min = 5s (fallback to raft.server.rpc.timeout.min)
2023-04-11 17:18:56,230 [88c84cd2-72ca-4eec-b7eb-2fcd5700cf38@group-8B96CE921AB7-LeaderElection26] INFO  server.RaftServerConfigKeys (ConfUtils.java:logFallback(53)) - raft.server.rpc.first-election.timeout.max = 5200ms (fallback to raft.server.rpc.timeout.max)
2023-04-11 17:18:56,231 [88c84cd2-72ca-4eec-b7eb-2fcd5700cf38@group-8B96CE921AB7-LeaderElection26-2] INFO  server.GrpcServerProtocolClient (GrpcServerProtocolClient.java:<init>(63)) - Build channel for e6d924a0-7c53-4274-9275-f319576c3e7e
2023-04-11 17:18:56,242 [grpc-default-executor-1] INFO  server.RaftServer$Division (RaftServerImpl.java:requestVote(1218)) - a8e18eb8-676b-4d89-b1ed-2f6ae890a6f9@group-8B96CE921AB7: receive requestVote(PRE_VOTE, 88c84cd2-72ca-4eec-b7eb-2fcd5700cf38, group-8B96CE921AB7, 0, (t:0, i:0))
2023-04-11 17:18:56,242 [grpc-default-executor-1] INFO  impl.VoteContext (VoteContext.java:log(49)) - a8e18eb8-676b-4d89-b1ed-2f6ae890a6f9@group-8B96CE921AB7-FOLLOWER: accept PRE_VOTE from 88c84cd2-72ca-4eec-b7eb-2fcd5700cf38: our priority 0 <= candidate's priority 1
2023-04-11 17:18:56,242 [grpc-default-executor-1] INFO  server.RaftServer$Division (RaftServerImpl.java:requestVote(1251)) - a8e18eb8-676b-4d89-b1ed-2f6ae890a6f9@group-8B96CE921AB7 replies to PRE_VOTE vote request: 88c84cd2-72ca-4eec-b7eb-2fcd5700cf38<-a8e18eb8-676b-4d89-b1ed-2f6ae890a6f9#0:OK-t0. Peer's state: a8e18eb8-676b-4d89-b1ed-2f6ae890a6f9@group-8B96CE921AB7:t0, leader=null, voted=, raftlog=Memoized:a8e18eb8-676b-4d89-b1ed-2f6ae890a6f9@group-8B96CE921AB7-SegmentedRaftLog:OPENED:c-1, conf=-1: peers:[88c84cd2-72ca-4eec-b7eb-2fcd5700cf38|rpc:10.1.0.70:44245|dataStream:10.1.0.70:38609|priority:1|startupRole:FOLLOWER, a8e18eb8-676b-4d89-b1ed-2f6ae890a6f9|rpc:10.1.0.70:45767|dataStream:10.1.0.70:37603|priority:0|startupRole:FOLLOWER, e6d924a0-7c53-4274-9275-f319576c3e7e|rpc:10.1.0.70:45625|dataStream:10.1.0.70:33769|priority:0|startupRole:FOLLOWER]|listeners:[], old=null
2023-04-11 17:18:56,248 [grpc-default-executor-1] INFO  server.RaftServer$Division (RaftServerImpl.java:requestVote(1218)) - e6d924a0-7c53-4274-9275-f319576c3e7e@group-8B96CE921AB7: receive requestVote(PRE_VOTE, 88c84cd2-72ca-4eec-b7eb-2fcd5700cf38, group-8B96CE921AB7, 0, (t:0, i:0))
2023-04-11 17:18:56,248 [grpc-default-executor-1] INFO  impl.VoteContext (VoteContext.java:log(49)) - e6d924a0-7c53-4274-9275-f319576c3e7e@group-8B96CE921AB7-FOLLOWER: accept PRE_VOTE from 88c84cd2-72ca-4eec-b7eb-2fcd5700cf38: our priority 0 <= candidate's priority 1
2023-04-11 17:18:56,248 [grpc-default-executor-1] INFO  server.RaftServer$Division (RaftServerImpl.java:requestVote(1251)) - e6d924a0-7c53-4274-9275-f319576c3e7e@group-8B96CE921AB7 replies to PRE_VOTE vote request: 88c84cd2-72ca-4eec-b7eb-2fcd5700cf38<-e6d924a0-7c53-4274-9275-f319576c3e7e#0:OK-t0. Peer's state: e6d924a0-7c53-4274-9275-f319576c3e7e@group-8B96CE921AB7:t0, leader=null, voted=, raftlog=Memoized:e6d924a0-7c53-4274-9275-f319576c3e7e@group-8B96CE921AB7-SegmentedRaftLog:OPENED:c-1, conf=-1: peers:[88c84cd2-72ca-4eec-b7eb-2fcd5700cf38|rpc:10.1.0.70:44245|dataStream:10.1.0.70:38609|priority:1|startupRole:FOLLOWER, a8e18eb8-676b-4d89-b1ed-2f6ae890a6f9|rpc:10.1.0.70:45767|dataStream:10.1.0.70:37603|priority:0|startupRole:FOLLOWER, e6d924a0-7c53-4274-9275-f319576c3e7e|rpc:10.1.0.70:45625|dataStream:10.1.0.70:33769|priority:0|startupRole:FOLLOWER]|listeners:[], old=null
2023-04-11 17:18:56,250 [88c84cd2-72ca-4eec-b7eb-2fcd5700cf38@group-8B96CE921AB7-LeaderElection26] INFO  impl.LeaderElection (LeaderElection.java:logAndReturn(90)) - 88c84cd2-72ca-4eec-b7eb-2fcd5700cf38@group-8B96CE921AB7-LeaderElection26: PRE_VOTE PASSED received 1 response(s) and 0 exception(s):
2023-04-11 17:18:56,250 [88c84cd2-72ca-4eec-b7eb-2fcd5700cf38@group-8B96CE921AB7-LeaderElection26] INFO  impl.LeaderElection (LeaderElection.java:logAndReturn(94)) -   Response 0: 88c84cd2-72ca-4eec-b7eb-2fcd5700cf38<-a8e18eb8-676b-4d89-b1ed-2f6ae890a6f9#0:OK-t0
2023-04-11 17:18:56,250 [88c84cd2-72ca-4eec-b7eb-2fcd5700cf38@group-8B96CE921AB7-LeaderElection26] INFO  impl.LeaderElection (LeaderElection.java:askForVotes(314)) - 88c84cd2-72ca-4eec-b7eb-2fcd5700cf38@group-8B96CE921AB7-LeaderElection26 PRE_VOTE round 0: result PASSED
2023-04-11 17:18:56,254 [88c84cd2-72ca-4eec-b7eb-2fcd5700cf38@group-8B96CE921AB7-LeaderElection26] INFO  impl.LeaderElection (LeaderElection.java:askForVotes(312)) - 88c84cd2-72ca-4eec-b7eb-2fcd5700cf38@group-8B96CE921AB7-LeaderElection26 ELECTION round 0: submit vote requests at term 1 for -1: peers:[88c84cd2-72ca-4eec-b7eb-2fcd5700cf38|rpc:10.1.0.70:44245|dataStream:10.1.0.70:38609|priority:1|startupRole:FOLLOWER, a8e18eb8-676b-4d89-b1ed-2f6ae890a6f9|rpc:10.1.0.70:45767|dataStream:10.1.0.70:37603|priority:0|startupRole:FOLLOWER, e6d924a0-7c53-4274-9275-f319576c3e7e|rpc:10.1.0.70:45625|dataStream:10.1.0.70:33769|priority:0|startupRole:FOLLOWER]|listeners:[], old=null
2023-04-11 17:18:56,254 [88c84cd2-72ca-4eec-b7eb-2fcd5700cf38@group-8B96CE921AB7-LeaderElection26] INFO  server.RaftServerConfigKeys (ConfUtils.java:logFallback(53)) - raft.server.rpc.first-election.timeout.min = 5s (fallback to raft.server.rpc.timeout.min)
2023-04-11 17:18:56,254 [88c84cd2-72ca-4eec-b7eb-2fcd5700cf38@group-8B96CE921AB7-LeaderElection26] INFO  server.RaftServerConfigKeys (ConfUtils.java:logFallback(53)) - raft.server.rpc.first-election.timeout.max = 5200ms (fallback to raft.server.rpc.timeout.max)
2023-04-11 17:18:56,256 [grpc-default-executor-1] INFO  server.RaftServer$Division (RaftServerImpl.java:requestVote(1218)) - e6d924a0-7c53-4274-9275-f319576c3e7e@group-8B96CE921AB7: receive requestVote(ELECTION, 88c84cd2-72ca-4eec-b7eb-2fcd5700cf38, group-8B96CE921AB7, 1, (t:0, i:0))
2023-04-11 17:18:56,257 [grpc-default-executor-1] INFO  impl.VoteContext (VoteContext.java:log(49)) - e6d924a0-7c53-4274-9275-f319576c3e7e@group-8B96CE921AB7-FOLLOWER: accept ELECTION from 88c84cd2-72ca-4eec-b7eb-2fcd5700cf38: our priority 0 <= candidate's priority 1
2023-04-11 17:18:56,257 [grpc-default-executor-1] INFO  server.RaftServer$Division (RaftServerImpl.java:setRole(321)) - e6d924a0-7c53-4274-9275-f319576c3e7e@group-8B96CE921AB7: changes role from  FOLLOWER to FOLLOWER at term 1 for candidate:88c84cd2-72ca-4eec-b7eb-2fcd5700cf38
2023-04-11 17:18:56,257 [grpc-default-executor-1] INFO  impl.RoleInfo (RoleInfo.java:shutdownFollowerState(110)) - e6d924a0-7c53-4274-9275-f319576c3e7e: shutdown e6d924a0-7c53-4274-9275-f319576c3e7e@group-8B96CE921AB7-FollowerState
2023-04-11 17:18:56,257 [grpc-default-executor-1] INFO  impl.RoleInfo (RoleInfo.java:updateAndGet(139)) - e6d924a0-7c53-4274-9275-f319576c3e7e: start e6d924a0-7c53-4274-9275-f319576c3e7e@group-8B96CE921AB7-FollowerState
2023-04-11 17:18:56,257 [e6d924a0-7c53-4274-9275-f319576c3e7e@group-8B96CE921AB7-FollowerState] INFO  impl.FollowerState (FollowerState.java:run(152)) - e6d924a0-7c53-4274-9275-f319576c3e7e@group-8B96CE921AB7-FollowerState was interrupted
2023-04-11 17:18:56,257 [grpc-default-executor-3] INFO  server.RaftServer$Division (RaftServerImpl.java:requestVote(1218)) - a8e18eb8-676b-4d89-b1ed-2f6ae890a6f9@group-8B96CE921AB7: receive requestVote(ELECTION, 88c84cd2-72ca-4eec-b7eb-2fcd5700cf38, group-8B96CE921AB7, 1, (t:0, i:0))
2023-04-11 17:18:56,257 [grpc-default-executor-3] INFO  impl.VoteContext (VoteContext.java:log(49)) - a8e18eb8-676b-4d89-b1ed-2f6ae890a6f9@group-8B96CE921AB7-FOLLOWER: accept ELECTION from 88c84cd2-72ca-4eec-b7eb-2fcd5700cf38: our priority 0 <= candidate's priority 1
2023-04-11 17:18:56,257 [grpc-default-executor-3] INFO  server.RaftServer$Division (RaftServerImpl.java:setRole(321)) - a8e18eb8-676b-4d89-b1ed-2f6ae890a6f9@group-8B96CE921AB7: changes role from  FOLLOWER to FOLLOWER at term 1 for candidate:88c84cd2-72ca-4eec-b7eb-2fcd5700cf38
2023-04-11 17:18:56,257 [grpc-default-executor-3] INFO  impl.RoleInfo (RoleInfo.java:shutdownFollowerState(110)) - a8e18eb8-676b-4d89-b1ed-2f6ae890a6f9: shutdown a8e18eb8-676b-4d89-b1ed-2f6ae890a6f9@group-8B96CE921AB7-FollowerState
2023-04-11 17:18:56,258 [e6d924a0-7c53-4274-9275-f319576c3e7e@group-8B96CE921AB7-FollowerState] INFO  server.RaftServerConfigKeys (ConfUtils.java:logFallback(53)) - raft.server.rpc.first-election.timeout.min = 5s (fallback to raft.server.rpc.timeout.min)
2023-04-11 17:18:56,258 [e6d924a0-7c53-4274-9275-f319576c3e7e@group-8B96CE921AB7-FollowerState] INFO  server.RaftServerConfigKeys (ConfUtils.java:logFallback(53)) - raft.server.rpc.first-election.timeout.max = 5200ms (fallback to raft.server.rpc.timeout.max)
2023-04-11 17:18:56,261 [grpc-default-executor-3] INFO  impl.RoleInfo (RoleInfo.java:updateAndGet(139)) - a8e18eb8-676b-4d89-b1ed-2f6ae890a6f9: start a8e18eb8-676b-4d89-b1ed-2f6ae890a6f9@group-8B96CE921AB7-FollowerState
2023-04-11 17:18:56,261 [a8e18eb8-676b-4d89-b1ed-2f6ae890a6f9@group-8B96CE921AB7-FollowerState] INFO  impl.FollowerState (FollowerState.java:run(152)) - a8e18eb8-676b-4d89-b1ed-2f6ae890a6f9@group-8B96CE921AB7-FollowerState was interrupted
2023-04-11 17:18:56,261 [a8e18eb8-676b-4d89-b1ed-2f6ae890a6f9@group-8B96CE921AB7-FollowerState] INFO  server.RaftServerConfigKeys (ConfUtils.java:logFallback(53)) - raft.server.rpc.first-election.timeout.min = 5s (fallback to raft.server.rpc.timeout.min)
2023-04-11 17:18:56,261 [a8e18eb8-676b-4d89-b1ed-2f6ae890a6f9@group-8B96CE921AB7-FollowerState] INFO  server.RaftServerConfigKeys (ConfUtils.java:logFallback(53)) - raft.server.rpc.first-election.timeout.max = 5200ms (fallback to raft.server.rpc.timeout.max)
2023-04-11 17:18:56,261 [grpc-default-executor-1] INFO  server.RaftServer$Division (RaftServerImpl.java:requestVote(1251)) - e6d924a0-7c53-4274-9275-f319576c3e7e@group-8B96CE921AB7 replies to ELECTION vote request: 88c84cd2-72ca-4eec-b7eb-2fcd5700cf38<-e6d924a0-7c53-4274-9275-f319576c3e7e#0:OK-t1. Peer's state: e6d924a0-7c53-4274-9275-f319576c3e7e@group-8B96CE921AB7:t1, leader=null, voted=88c84cd2-72ca-4eec-b7eb-2fcd5700cf38, raftlog=Memoized:e6d924a0-7c53-4274-9275-f319576c3e7e@group-8B96CE921AB7-SegmentedRaftLog:OPENED:c-1, conf=-1: peers:[88c84cd2-72ca-4eec-b7eb-2fcd5700cf38|rpc:10.1.0.70:44245|dataStream:10.1.0.70:38609|priority:1|startupRole:FOLLOWER, a8e18eb8-676b-4d89-b1ed-2f6ae890a6f9|rpc:10.1.0.70:45767|dataStream:10.1.0.70:37603|priority:0|startupRole:FOLLOWER, e6d924a0-7c53-4274-9275-f319576c3e7e|rpc:10.1.0.70:45625|dataStream:10.1.0.70:33769|priority:0|startupRole:FOLLOWER]|listeners:[], old=null
2023-04-11 17:18:56,262 [grpc-default-executor-3] INFO  server.RaftServer$Division (RaftServerImpl.java:requestVote(1251)) - a8e18eb8-676b-4d89-b1ed-2f6ae890a6f9@group-8B96CE921AB7 replies to ELECTION vote request: 88c84cd2-72ca-4eec-b7eb-2fcd5700cf38<-a8e18eb8-676b-4d89-b1ed-2f6ae890a6f9#0:OK-t1. Peer's state: a8e18eb8-676b-4d89-b1ed-2f6ae890a6f9@group-8B96CE921AB7:t1, leader=null, voted=88c84cd2-72ca-4eec-b7eb-2fcd5700cf38, raftlog=Memoized:a8e18eb8-676b-4d89-b1ed-2f6ae890a6f9@group-8B96CE921AB7-SegmentedRaftLog:OPENED:c-1, conf=-1: peers:[88c84cd2-72ca-4eec-b7eb-2fcd5700cf38|rpc:10.1.0.70:44245|dataStream:10.1.0.70:38609|priority:1|startupRole:FOLLOWER, a8e18eb8-676b-4d89-b1ed-2f6ae890a6f9|rpc:10.1.0.70:45767|dataStream:10.1.0.70:37603|priority:0|startupRole:FOLLOWER, e6d924a0-7c53-4274-9275-f319576c3e7e|rpc:10.1.0.70:45625|dataStream:10.1.0.70:33769|priority:0|startupRole:FOLLOWER]|listeners:[], old=null
2023-04-11 17:18:56,264 [88c84cd2-72ca-4eec-b7eb-2fcd5700cf38@group-8B96CE921AB7-LeaderElection26] INFO  impl.LeaderElection (LeaderElection.java:logAndReturn(90)) - 88c84cd2-72ca-4eec-b7eb-2fcd5700cf38@group-8B96CE921AB7-LeaderElection26: ELECTION PASSED received 1 response(s) and 0 exception(s):
2023-04-11 17:18:56,264 [88c84cd2-72ca-4eec-b7eb-2fcd5700cf38@group-8B96CE921AB7-LeaderElection26] INFO  impl.LeaderElection (LeaderElection.java:logAndReturn(94)) -   Response 0: 88c84cd2-72ca-4eec-b7eb-2fcd5700cf38<-e6d924a0-7c53-4274-9275-f319576c3e7e#0:OK-t1
2023-04-11 17:18:56,264 [88c84cd2-72ca-4eec-b7eb-2fcd5700cf38@group-8B96CE921AB7-LeaderElection26] INFO  impl.LeaderElection (LeaderElection.java:askForVotes(314)) - 88c84cd2-72ca-4eec-b7eb-2fcd5700cf38@group-8B96CE921AB7-LeaderElection26 ELECTION round 0: result PASSED
2023-04-11 17:18:56,264 [88c84cd2-72ca-4eec-b7eb-2fcd5700cf38@group-8B96CE921AB7-LeaderElection26] INFO  impl.RoleInfo (RoleInfo.java:shutdownLeaderElection(130)) - 88c84cd2-72ca-4eec-b7eb-2fcd5700cf38: shutdown 88c84cd2-72ca-4eec-b7eb-2fcd5700cf38@group-8B96CE921AB7-LeaderElection26
2023-04-11 17:18:56,264 [88c84cd2-72ca-4eec-b7eb-2fcd5700cf38@group-8B96CE921AB7-LeaderElection26] INFO  server.RaftServer$Division (RaftServerImpl.java:setRole(321)) - 88c84cd2-72ca-4eec-b7eb-2fcd5700cf38@group-8B96CE921AB7: changes role from CANDIDATE to LEADER at term 1 for changeToLeader
2023-04-11 17:18:56,264 [88c84cd2-72ca-4eec-b7eb-2fcd5700cf38@group-8B96CE921AB7-LeaderElection26] INFO  ratis.XceiverServerRatis (XceiverServerRatis.java:handleLeaderChangedNotification(904)) - Leader change notification received for group: group-8B96CE921AB7 with new leaderId: 88c84cd2-72ca-4eec-b7eb-2fcd5700cf38
2023-04-11 17:18:56,264 [88c84cd2-72ca-4eec-b7eb-2fcd5700cf38@group-8B96CE921AB7-LeaderElection26] INFO  server.RaftServer$Division (ServerState.java:setLeader(313)) - 88c84cd2-72ca-4eec-b7eb-2fcd5700cf38@group-8B96CE921AB7: change Leader from null to 88c84cd2-72ca-4eec-b7eb-2fcd5700cf38 at term 1 for becomeLeader, leader elected after 5181ms
2023-04-11 17:18:56,264 [88c84cd2-72ca-4eec-b7eb-2fcd5700cf38@group-8B96CE921AB7-LeaderElection26] INFO  server.RaftServerConfigKeys (ConfUtils.java:logGet(46)) - raft.server.staging.catchup.gap = 1000 (default)
2023-04-11 17:18:56,269 [88c84cd2-72ca-4eec-b7eb-2fcd5700cf38@group-8B96CE921AB7-LeaderElection26] INFO  server.RaftServerConfigKeys (ConfUtils.java:logGet(46)) - raft.server.write.element-limit = 1024 (custom)
2023-04-11 17:18:56,269 [88c84cd2-72ca-4eec-b7eb-2fcd5700cf38@group-8B96CE921AB7-LeaderElection26] INFO  server.RaftServerConfigKeys (ConfUtils.java:logGet(46)) - raft.server.write.byte-limit = 1024 M (=1073741824) (custom)
2023-04-11 17:18:56,270 [88c84cd2-72ca-4eec-b7eb-2fcd5700cf38@group-8B96CE921AB7-LeaderElection26] INFO  server.RaftServerConfigKeys (ConfUtils.java:logGet(46)) - raft.server.watch.timeout = 180s (custom)
2023-04-11 17:18:56,270 [88c84cd2-72ca-4eec-b7eb-2fcd5700cf38@group-8B96CE921AB7-LeaderElection26] INFO  server.RaftServerConfigKeys (ConfUtils.java:logGet(46)) - raft.server.watch.timeout.denomination = 1s (default)
2023-04-11 17:18:56,270 [88c84cd2-72ca-4eec-b7eb-2fcd5700cf38@group-8B96CE921AB7-LeaderElection26] INFO  server.RaftServerConfigKeys (ConfUtils.java:logGet(46)) - raft.server.watch.element-limit = 65536 (default)
2023-04-11 17:18:56,270 [88c84cd2-72ca-4eec-b7eb-2fcd5700cf38@group-8B96CE921AB7-LeaderElection26] INFO  server.RaftServerConfigKeys (ConfUtils.java:logGet(46)) - raft.server.write.element-limit = 1024 (custom)
2023-04-11 17:18:56,270 [EventQueue-PipelineReportForPipelineReportHandler] INFO  pipeline.PipelineManagerImpl (PipelineManagerImpl.java:openPipeline(367)) - Pipeline Pipeline[ Id: a3990966-70ec-425c-9f61-8b96ce921ab7, Nodes: a8e18eb8-676b-4d89-b1ed-2f6ae890a6f9(fv-az377-102.ap30g4v5sw5evmjtdmxdg2w53f.dx.internal.cloudapp.net/10.1.0.70)e6d924a0-7c53-4274-9275-f319576c3e7e(fv-az377-102.ap30g4v5sw5evmjtdmxdg2w53f.dx.internal.cloudapp.net/10.1.0.70)88c84cd2-72ca-4eec-b7eb-2fcd5700cf38(fv-az377-102.ap30g4v5sw5evmjtdmxdg2w53f.dx.internal.cloudapp.net/10.1.0.70), ReplicationConfig: RATIS/THREE, State:ALLOCATED, leaderId:88c84cd2-72ca-4eec-b7eb-2fcd5700cf38, CreationTimestamp2023-04-11T17:18:48.571Z[Etc/UTC]] moved to OPEN state
2023-04-11 17:18:56,270 [88c84cd2-72ca-4eec-b7eb-2fcd5700cf38@group-8B96CE921AB7-LeaderElection26] INFO  server.RaftServerConfigKeys (ConfUtils.java:logGet(46)) - raft.server.write.follower.gap.ratio.max = -1.0 (default)
2023-04-11 17:18:56,270 [88c84cd2-72ca-4eec-b7eb-2fcd5700cf38@group-8B96CE921AB7-LeaderElection26] INFO  server.RaftServerConfigKeys (ConfUtils.java:logGet(46)) - raft.server.log.appender.snapshot.chunk.size.max = 16MB (=16777216) (default)
2023-04-11 17:18:56,270 [88c84cd2-72ca-4eec-b7eb-2fcd5700cf38@group-8B96CE921AB7-LeaderElection26] INFO  server.RaftServerConfigKeys (ConfUtils.java:logGet(46)) - raft.server.log.appender.buffer.byte-limit = 33554432 (custom)
2023-04-11 17:18:56,270 [88c84cd2-72ca-4eec-b7eb-2fcd5700cf38@group-8B96CE921AB7-LeaderElection26] INFO  server.RaftServerConfigKeys (ConfUtils.java:logGet(46)) - raft.server.log.appender.buffer.element-limit = 1 (custom)
2023-04-11 17:18:56,271 [88c84cd2-72ca-4eec-b7eb-2fcd5700cf38@group-8B96CE921AB7-LeaderElection26] INFO  grpc.GrpcConfigKeys (ConfUtils.java:logGet(46)) - raft.grpc.server.leader.outstanding.appends.max = 128 (default)
2023-04-11 17:18:56,271 [88c84cd2-72ca-4eec-b7eb-2fcd5700cf38@group-8B96CE921AB7-LeaderElection26] INFO  server.RaftServerConfigKeys (ConfUtils.java:logGet(46)) - raft.server.rpc.request.timeout = 60s (custom)
2023-04-11 17:18:56,271 [88c84cd2-72ca-4eec-b7eb-2fcd5700cf38@group-8B96CE921AB7-LeaderElection26] INFO  server.RaftServerConfigKeys (ConfUtils.java:logGet(46)) - raft.server.log.appender.install.snapshot.enabled = false (custom)
2023-04-11 17:18:56,271 [88c84cd2-72ca-4eec-b7eb-2fcd5700cf38@group-8B96CE921AB7-LeaderElection26] INFO  grpc.GrpcConfigKeys (ConfUtils.java:logGet(46)) - raft.grpc.server.heartbeat.channel = true (default)
2023-04-11 17:18:56,271 [88c84cd2-72ca-4eec-b7eb-2fcd5700cf38@group-8B96CE921AB7-LeaderElection26] INFO  server.RaftServerConfigKeys (ConfUtils.java:logGet(46)) - raft.server.log.appender.wait-time.min = 10ms (default)
2023-04-11 17:18:56,271 [88c84cd2-72ca-4eec-b7eb-2fcd5700cf38@group-8B96CE921AB7-LeaderElection26] INFO  server.RaftServerConfigKeys (ConfUtils.java:logGet(46)) - raft.server.log.appender.snapshot.chunk.size.max = 16MB (=16777216) (default)
2023-04-11 17:18:56,271 [88c84cd2-72ca-4eec-b7eb-2fcd5700cf38@group-8B96CE921AB7-LeaderElection26] INFO  server.RaftServerConfigKeys (ConfUtils.java:logGet(46)) - raft.server.log.appender.buffer.byte-limit = 33554432 (custom)
2023-04-11 17:18:56,271 [88c84cd2-72ca-4eec-b7eb-2fcd5700cf38@group-8B96CE921AB7-LeaderElection26] INFO  server.RaftServerConfigKeys (ConfUtils.java:logGet(46)) - raft.server.log.appender.buffer.element-limit = 1 (custom)
2023-04-11 17:18:56,271 [88c84cd2-72ca-4eec-b7eb-2fcd5700cf38@group-8B96CE921AB7-LeaderElection26] INFO  grpc.GrpcConfigKeys (ConfUtils.java:logGet(46)) - raft.grpc.server.leader.outstanding.appends.max = 128 (default)
2023-04-11 17:18:56,271 [88c84cd2-72ca-4eec-b7eb-2fcd5700cf38@group-8B96CE921AB7-LeaderElection26] INFO  server.RaftServerConfigKeys (ConfUtils.java:logGet(46)) - raft.server.rpc.request.timeout = 60s (custom)
2023-04-11 17:18:56,271 [88c84cd2-72ca-4eec-b7eb-2fcd5700cf38@group-8B96CE921AB7-LeaderElection26] INFO  server.RaftServerConfigKeys (ConfUtils.java:logGet(46)) - raft.server.log.appender.install.snapshot.enabled = false (custom)
2023-04-11 17:18:56,271 [88c84cd2-72ca-4eec-b7eb-2fcd5700cf38@group-8B96CE921AB7-LeaderElection26] INFO  grpc.GrpcConfigKeys (ConfUtils.java:logGet(46)) - raft.grpc.server.heartbeat.channel = true (default)
2023-04-11 17:18:56,272 [88c84cd2-72ca-4eec-b7eb-2fcd5700cf38@group-8B96CE921AB7-LeaderElection26] INFO  server.RaftServerConfigKeys (ConfUtils.java:logGet(46)) - raft.server.log.appender.wait-time.min = 10ms (default)
2023-04-11 17:18:56,272 [88c84cd2-72ca-4eec-b7eb-2fcd5700cf38@group-8B96CE921AB7-LeaderElection26] INFO  impl.RoleInfo (RoleInfo.java:updateAndGet(139)) - 88c84cd2-72ca-4eec-b7eb-2fcd5700cf38: start 88c84cd2-72ca-4eec-b7eb-2fcd5700cf38@group-8B96CE921AB7-LeaderStateImpl
2023-04-11 17:18:56,272 [88c84cd2-72ca-4eec-b7eb-2fcd5700cf38@group-8B96CE921AB7-LeaderElection26] INFO  segmented.SegmentedRaftLogWorker (SegmentedRaftLogWorker.java:startLogSegment(452)) - 88c84cd2-72ca-4eec-b7eb-2fcd5700cf38@group-8B96CE921AB7-SegmentedRaftLogWorker: Starting segment from index:0
2023-04-11 17:18:56,273 [88c84cd2-72ca-4eec-b7eb-2fcd5700cf38@group-8B96CE921AB7-SegmentedRaftLogWorker] INFO  segmented.SegmentedRaftLogWorker (SegmentedRaftLogWorker.java:execute(656)) - 88c84cd2-72ca-4eec-b7eb-2fcd5700cf38@group-8B96CE921AB7-SegmentedRaftLogWorker: created new log segment /home/runner/work/ozone/ozone/hadoop-ozone/integration-test/target/test-dir/MiniOzoneClusterImpl-7d6c2114-24de-471a-af28-9a4df9894e15/datanode-2/data/ratis/a3990966-70ec-425c-9f61-8b96ce921ab7/current/log_inprogress_0
2023-04-11 17:18:56,285 [88c84cd2-72ca-4eec-b7eb-2fcd5700cf38@group-8B96CE921AB7-LeaderElection26] INFO  server.RaftServer$Division (ServerState.java:setRaftConf(430)) - 88c84cd2-72ca-4eec-b7eb-2fcd5700cf38@group-8B96CE921AB7: set configuration 0: peers:[88c84cd2-72ca-4eec-b7eb-2fcd5700cf38|rpc:10.1.0.70:44245|dataStream:10.1.0.70:38609|priority:1|startupRole:FOLLOWER, a8e18eb8-676b-4d89-b1ed-2f6ae890a6f9|rpc:10.1.0.70:45767|dataStream:10.1.0.70:37603|priority:0|startupRole:FOLLOWER, e6d924a0-7c53-4274-9275-f319576c3e7e|rpc:10.1.0.70:45625|dataStream:10.1.0.70:33769|priority:0|startupRole:FOLLOWER]|listeners:[], old=null
2023-04-11 17:18:56,293 [a8e18eb8-676b-4d89-b1ed-2f6ae890a6f9-server-thread1] INFO  ratis.XceiverServerRatis (XceiverServerRatis.java:handleLeaderChangedNotification(904)) - Leader change notification received for group: group-8B96CE921AB7 with new leaderId: 88c84cd2-72ca-4eec-b7eb-2fcd5700cf38
2023-04-11 17:18:56,293 [a8e18eb8-676b-4d89-b1ed-2f6ae890a6f9-server-thread1] INFO  server.RaftServer$Division (ServerState.java:setLeader(313)) - a8e18eb8-676b-4d89-b1ed-2f6ae890a6f9@group-8B96CE921AB7: change Leader from null to 88c84cd2-72ca-4eec-b7eb-2fcd5700cf38 at term 1 for appendEntries, leader elected after 5276ms
2023-04-11 17:18:56,311 [a8e18eb8-676b-4d89-b1ed-2f6ae890a6f9-server-thread2] INFO  server.RaftServer$Division (ServerState.java:setRaftConf(430)) - a8e18eb8-676b-4d89-b1ed-2f6ae890a6f9@group-8B96CE921AB7: set configuration 0: peers:[88c84cd2-72ca-4eec-b7eb-2fcd5700cf38|rpc:10.1.0.70:44245|dataStream:10.1.0.70:38609|priority:1|startupRole:FOLLOWER, a8e18eb8-676b-4d89-b1ed-2f6ae890a6f9|rpc:10.1.0.70:45767|dataStream:10.1.0.70:37603|priority:0|startupRole:FOLLOWER, e6d924a0-7c53-4274-9275-f319576c3e7e|rpc:10.1.0.70:45625|dataStream:10.1.0.70:33769|priority:0|startupRole:FOLLOWER]|listeners:[], old=null
2023-04-11 17:18:56,312 [a8e18eb8-676b-4d89-b1ed-2f6ae890a6f9-server-thread2] INFO  segmented.SegmentedRaftLogWorker (SegmentedRaftLogWorker.java:startLogSegment(452)) - a8e18eb8-676b-4d89-b1ed-2f6ae890a6f9@group-8B96CE921AB7-SegmentedRaftLogWorker: Starting segment from index:0
2023-04-11 17:18:56,313 [e6d924a0-7c53-4274-9275-f319576c3e7e-server-thread1] INFO  ratis.XceiverServerRatis (XceiverServerRatis.java:handleLeaderChangedNotification(904)) - Leader change notification received for group: group-8B96CE921AB7 with new leaderId: 88c84cd2-72ca-4eec-b7eb-2fcd5700cf38
2023-04-11 17:18:56,313 [e6d924a0-7c53-4274-9275-f319576c3e7e-server-thread1] INFO  server.RaftServer$Division (ServerState.java:setLeader(313)) - e6d924a0-7c53-4274-9275-f319576c3e7e@group-8B96CE921AB7: change Leader from null to 88c84cd2-72ca-4eec-b7eb-2fcd5700cf38 at term 1 for appendEntries, leader elected after 5269ms
2023-04-11 17:18:56,316 [a8e18eb8-676b-4d89-b1ed-2f6ae890a6f9@group-8B96CE921AB7-SegmentedRaftLogWorker] INFO  segmented.SegmentedRaftLogWorker (SegmentedRaftLogWorker.java:execute(656)) - a8e18eb8-676b-4d89-b1ed-2f6ae890a6f9@group-8B96CE921AB7-SegmentedRaftLogWorker: created new log segment /home/runner/work/ozone/ozone/hadoop-ozone/integration-test/target/test-dir/MiniOzoneClusterImpl-7d6c2114-24de-471a-af28-9a4df9894e15/datanode-0/data/ratis/a3990966-70ec-425c-9f61-8b96ce921ab7/current/log_inprogress_0
2023-04-11 17:18:56,316 [Listener at 127.0.0.1/45623] INFO  ozone.MiniOzoneClusterImpl (MiniOzoneClusterImpl.java:lambda$waitForClusterToBeReady$0(222)) - Nodes are ready. Got 5 of 5 DN Heartbeats.
2023-04-11 17:18:56,316 [Listener at 127.0.0.1/45623] INFO  ozone.MiniOzoneClusterImpl (MiniOzoneClusterImpl.java:lambda$waitForClusterToBeReady$0(225)) - Cluster exits safe mode
2023-04-11 17:18:56,316 [Listener at 127.0.0.1/45623] INFO  ozone.MiniOzoneClusterImpl (MiniOzoneClusterImpl.java:lambda$waitForClusterToBeReady$0(227)) - SCM became leader
2023-04-11 17:18:56,327 [e6d924a0-7c53-4274-9275-f319576c3e7e-server-thread2] INFO  server.RaftServer$Division (ServerState.java:setRaftConf(430)) - e6d924a0-7c53-4274-9275-f319576c3e7e@group-8B96CE921AB7: set configuration 0: peers:[88c84cd2-72ca-4eec-b7eb-2fcd5700cf38|rpc:10.1.0.70:44245|dataStream:10.1.0.70:38609|priority:1|startupRole:FOLLOWER, a8e18eb8-676b-4d89-b1ed-2f6ae890a6f9|rpc:10.1.0.70:45767|dataStream:10.1.0.70:37603|priority:0|startupRole:FOLLOWER, e6d924a0-7c53-4274-9275-f319576c3e7e|rpc:10.1.0.70:45625|dataStream:10.1.0.70:33769|priority:0|startupRole:FOLLOWER]|listeners:[], old=null
2023-04-11 17:18:56,327 [e6d924a0-7c53-4274-9275-f319576c3e7e-server-thread2] INFO  segmented.SegmentedRaftLogWorker (SegmentedRaftLogWorker.java:startLogSegment(452)) - e6d924a0-7c53-4274-9275-f319576c3e7e@group-8B96CE921AB7-SegmentedRaftLogWorker: Starting segment from index:0
2023-04-11 17:18:56,329 [e6d924a0-7c53-4274-9275-f319576c3e7e@group-8B96CE921AB7-SegmentedRaftLogWorker] INFO  segmented.SegmentedRaftLogWorker (SegmentedRaftLogWorker.java:execute(656)) - e6d924a0-7c53-4274-9275-f319576c3e7e@group-8B96CE921AB7-SegmentedRaftLogWorker: created new log segment /home/runner/work/ozone/ozone/hadoop-ozone/integration-test/target/test-dir/MiniOzoneClusterImpl-7d6c2114-24de-471a-af28-9a4df9894e15/datanode-1/data/ratis/a3990966-70ec-425c-9f61-8b96ce921ab7/current/log_inprogress_0
2023-04-11 17:18:56,340 [Listener at 127.0.0.1/45623] INFO  rpc.RpcClient (RpcClient.java:createVolume(476)) - Creating Volume: volume95537, with user34449 as owner and space quota set to -1 bytes, counts quota set to -1
2023-04-11 17:18:56,345 [OM StateMachine ApplyTransaction Thread - 0] INFO  volume.OMVolumeCreateRequest (OMVolumeCreateRequest.java:validateAndUpdateCache(195)) - created volume:volume95537 for user:user34449
2023-04-11 17:18:56,353 [Listener at 127.0.0.1/45623] INFO  rpc.RpcClient (RpcClient.java:createBucket(698)) - Creating Bucket: volume95537/bucket59866, with bucket layout LEGACY, runner as owner, Versioning false, Storage Type set to DISK and Encryption set to false, Replication Type set to server-side default replication type, Namespace Quota set to -1, Space Quota set to -1 
2023-04-11 17:18:56,355 [OM StateMachine ApplyTransaction Thread - 0] INFO  bucket.OMBucketCreateRequest (OMBucketCreateRequest.java:validateAndUpdateCache(269)) - created bucket: bucket59866 of layout LEGACY in volume: volume95537
]]></system-out>
  </testcase>
  <testcase name="testGetTrashRoot" classname="TestOzoneFileSystem" time="20.534">
    <system-out><![CDATA[2023-04-11 17:19:32,987 [Listener at 127.0.0.1/45623] INFO  ozone.MiniOzoneClusterImpl (MiniOzoneClusterImpl.java:shutdown(455)) - Shutting down the Mini Ozone Cluster
2023-04-11 17:19:32,987 [Listener at 127.0.0.1/45623] INFO  ozone.MiniOzoneClusterImpl (MiniOzoneClusterImpl.java:stop(471)) - Stopping the Mini Ozone Cluster
2023-04-11 17:19:32,987 [Listener at 127.0.0.1/45623] INFO  ozone.MiniOzoneClusterImpl (MiniOzoneClusterImpl.java:stopOM(557)) - Stopping the OzoneManager
2023-04-11 17:19:32,987 [Listener at 127.0.0.1/45623] INFO  om.OzoneManager (OzoneManager.java:stop(2154)) - om1[localhost:0]: Stopping Ozone Manager
2023-04-11 17:19:32,988 [Listener at 127.0.0.1/45623] INFO  ipc.Server (Server.java:stop(3501)) - Stopping server on 45623
2023-04-11 17:19:32,994 [IPC Server listener on 0] INFO  ipc.Server (Server.java:run(1430)) - Stopping IPC Server listener on 0
2023-04-11 17:19:32,994 [IPC Server Responder] INFO  ipc.Server (Server.java:run(1563)) - Stopping IPC Server Responder
2023-04-11 17:19:32,996 [Listener at 127.0.0.1/45623] INFO  server.RaftServer (RaftServerProxy.java:lambda$close$6(409)) - om1: close
2023-04-11 17:19:32,996 [Listener at 127.0.0.1/45623] INFO  server.GrpcService (GrpcService.java:closeImpl(271)) - om1: shutdown server GrpcServerProtocolService now
2023-04-11 17:19:32,996 [om1-impl-thread1] INFO  server.RaftServer$Division (RaftServerImpl.java:lambda$close$4(458)) - om1@group-C5BA1605619E: shutdown
2023-04-11 17:19:32,997 [om1-impl-thread1] INFO  util.JmxRegister (JmxRegister.java:unregister(73)) - Successfully un-registered JMX Bean with object name Ratis:service=RaftServer,group=group-C5BA1605619E,id=om1
2023-04-11 17:19:32,997 [om1-impl-thread1] INFO  impl.RoleInfo (RoleInfo.java:shutdownLeaderState(93)) - om1: shutdown om1@group-C5BA1605619E-LeaderStateImpl
2023-04-11 17:19:32,997 [om1-impl-thread1] INFO  impl.PendingRequests (PendingRequests.java:sendNotLeaderResponses(282)) - om1@group-C5BA1605619E-PendingRequests: sendNotLeaderResponses
2023-04-11 17:19:32,998 [Listener at 127.0.0.1/45623] INFO  server.GrpcService (GrpcService.java:closeImpl(280)) - om1: shutdown server GrpcServerProtocolService successfully
2023-04-11 17:19:33,001 [om1-impl-thread1] INFO  impl.StateMachineUpdater (StateMachineUpdater.java:stopAndJoin(153)) - om1@group-C5BA1605619E-StateMachineUpdater: set stopIndex = 37006
2023-04-11 17:19:33,002 [om1@group-C5BA1605619E-StateMachineUpdater] INFO  ratis.OzoneManagerStateMachine (OzoneManagerStateMachine.java:takeSnapshot(453)) - Current Snapshot Index (t:1, i:37006)
2023-04-11 17:19:33,041 [om1@group-C5BA1605619E-StateMachineUpdater] INFO  impl.StateMachineUpdater (StateMachineUpdater.java:takeSnapshot(287)) - om1@group-C5BA1605619E-StateMachineUpdater: Took a snapshot at index 37006
2023-04-11 17:19:33,041 [om1@group-C5BA1605619E-StateMachineUpdater] INFO  impl.StateMachineUpdater (StateMachineUpdater.java:lambda$new$0(92)) - om1@group-C5BA1605619E-StateMachineUpdater: snapshotIndex: updateIncreasingly -1 -> 37006
2023-04-11 17:19:33,041 [om1@group-C5BA1605619E-StateMachineUpdater] INFO  ratis.OzoneManagerStateMachine (OzoneManagerStateMachine.java:close(507)) - StateMachine has shutdown. Shutdown OzoneManager if not already shutdown.
2023-04-11 17:19:33,041 [om1@group-C5BA1605619E-StateMachineUpdater] INFO  ratis.OzoneManagerDoubleBuffer (OzoneManagerDoubleBuffer.java:stopDaemon(540)) - Stopping OMDoubleBuffer flush thread
2023-04-11 17:19:33,042 [OMDoubleBufferFlushThread] INFO  ratis.OzoneManagerDoubleBuffer (OzoneManagerDoubleBuffer.java:canFlush(625)) - OMDoubleBuffer flush thread OMDoubleBufferFlushThread is interrupted and will exit.
2023-04-11 17:19:33,043 [om1-impl-thread1] INFO  server.RaftServer$Division (ServerState.java:close(466)) - om1@group-C5BA1605619E: closes. applyIndex: 37006
2023-04-11 17:19:33,046 [om1@group-C5BA1605619E-SegmentedRaftLogWorker] INFO  segmented.SegmentedRaftLogWorker (SegmentedRaftLogWorker.java:run(347)) - om1@group-C5BA1605619E-SegmentedRaftLogWorker was interrupted, exiting. There are 0 tasks remaining in the queue.
2023-04-11 17:19:33,049 [om1-impl-thread1] INFO  segmented.SegmentedRaftLogWorker (SegmentedRaftLogWorker.java:close(257)) - om1@group-C5BA1605619E-SegmentedRaftLogWorker close()
2023-04-11 17:19:33,049 [JvmPauseMonitor11] INFO  util.JvmPauseMonitor (JvmPauseMonitor.java:run(111)) - JvmPauseMonitor-om1: Stopped
2023-04-11 17:19:33,049 [Listener at 127.0.0.1/45623] INFO  ratis.OzoneManagerStateMachine (OzoneManagerStateMachine.java:close(507)) - StateMachine has shutdown. Shutdown OzoneManager if not already shutdown.
2023-04-11 17:19:33,049 [Listener at 127.0.0.1/45623] INFO  ratis.OzoneManagerDoubleBuffer (OzoneManagerDoubleBuffer.java:stopDaemon(549)) - OMDoubleBuffer flush thread is not running.
2023-04-11 17:19:33,050 [Listener at 127.0.0.1/45623] INFO  utils.BackgroundService (BackgroundService.java:shutdown(141)) - Shutting down service KeyDeletingService
2023-04-11 17:19:33,050 [Listener at 127.0.0.1/45623] INFO  utils.BackgroundService (BackgroundService.java:shutdown(141)) - Shutting down service DirectoryDeletingService
2023-04-11 17:19:33,051 [Listener at 127.0.0.1/45623] INFO  utils.BackgroundService (BackgroundService.java:shutdown(141)) - Shutting down service OpenKeyCleanupService
2023-04-11 17:19:33,051 [Listener at 127.0.0.1/45623] INFO  utils.BackgroundService (BackgroundService.java:shutdown(141)) - Shutting down service SstFilteringService
2023-04-11 17:19:33,051 [Listener at 127.0.0.1/45623] INFO  utils.BackgroundService (BackgroundService.java:shutdown(141)) - Shutting down service SnapshotDeletingService
2023-04-11 17:19:33,052 [Listener at 127.0.0.1/45623] INFO  handler.ContextHandler (ContextHandler.java:doStop(1159)) - Stopped o.e.j.w.WebAppContext@76ffd31f{ozoneManager,/,null,STOPPED}{file:/home/runner/work/ozone/ozone/hadoop-ozone/integration-test/target/test-classes/webapps/ozoneManager}
2023-04-11 17:19:33,052 [Listener at 127.0.0.1/45623] INFO  server.AbstractConnector (AbstractConnector.java:doStop(383)) - Stopped ServerConnector@4a41f4bd{HTTP/1.1, (http/1.1)}{0.0.0.0:0}
2023-04-11 17:19:33,053 [Listener at 127.0.0.1/45623] INFO  server.session (HouseKeeper.java:stopScavenging(149)) - node0 Stopped scavenging
2023-04-11 17:19:33,053 [Listener at 127.0.0.1/45623] INFO  handler.ContextHandler (ContextHandler.java:doStop(1159)) - Stopped o.e.j.s.ServletContextHandler@5e68efbb{static,/static,file:///home/runner/work/ozone/ozone/hadoop-ozone/integration-test/target/test-classes/webapps/static,STOPPED}
2023-04-11 17:19:33,053 [Listener at 127.0.0.1/45623] INFO  handler.ContextHandler (ContextHandler.java:doStop(1159)) - Stopped o.e.j.s.ServletContextHandler@78951b5d{logs,/logs,file:///home/runner/work/ozone/ozone/hadoop-ozone/integration-test/target/log,STOPPED}
2023-04-11 17:19:33,054 [Trash Emptier] ERROR om.TrashPolicyOzone (TrashPolicyOzone.java:run(350)) - Error attempting to shutdown
java.lang.InterruptedException
	at java.util.concurrent.locks.AbstractQueuedSynchronizer$ConditionObject.awaitNanos(AbstractQueuedSynchronizer.java:2067)
	at java.util.concurrent.ThreadPoolExecutor.awaitTermination(ThreadPoolExecutor.java:1475)
	at org.apache.hadoop.ozone.om.TrashPolicyOzone$Emptier.run(TrashPolicyOzone.java:348)
	at java.lang.Thread.run(Thread.java:750)
2023-04-11 17:19:33,061 [Listener at 127.0.0.1/45623] INFO  ozone.MiniOzoneClusterImpl (MiniOzoneClusterImpl.java:stopDatanodes(534)) - Stopping the HddsDatanodes
2023-04-11 17:19:33,065 [Listener at 127.0.0.1/45623] INFO  ozoneimpl.OzoneContainer (OzoneContainer.java:stop(419)) - Attempting to stop container services.
2023-04-11 17:19:33,066 [Listener at 127.0.0.1/45623] INFO  server.RaftServer (RaftServerProxy.java:lambda$close$6(409)) - 88c84cd2-72ca-4eec-b7eb-2fcd5700cf38: close
2023-04-11 17:19:33,066 [88c84cd2-72ca-4eec-b7eb-2fcd5700cf38-impl-thread1] INFO  server.RaftServer$Division (RaftServerImpl.java:lambda$close$4(458)) - 88c84cd2-72ca-4eec-b7eb-2fcd5700cf38@group-ACF34F2E288E: shutdown
2023-04-11 17:19:33,066 [88c84cd2-72ca-4eec-b7eb-2fcd5700cf38-impl-thread1] INFO  util.JmxRegister (JmxRegister.java:unregister(73)) - Successfully un-registered JMX Bean with object name Ratis:service=RaftServer,group=group-ACF34F2E288E,id=88c84cd2-72ca-4eec-b7eb-2fcd5700cf38
2023-04-11 17:19:33,066 [88c84cd2-72ca-4eec-b7eb-2fcd5700cf38-impl-thread1] INFO  impl.RoleInfo (RoleInfo.java:shutdownFollowerState(110)) - 88c84cd2-72ca-4eec-b7eb-2fcd5700cf38: shutdown 88c84cd2-72ca-4eec-b7eb-2fcd5700cf38@group-ACF34F2E288E-FollowerState
2023-04-11 17:19:33,067 [88c84cd2-72ca-4eec-b7eb-2fcd5700cf38-impl-thread2] INFO  server.RaftServer$Division (RaftServerImpl.java:lambda$close$4(458)) - 88c84cd2-72ca-4eec-b7eb-2fcd5700cf38@group-78B466434DFF: shutdown
2023-04-11 17:19:33,067 [88c84cd2-72ca-4eec-b7eb-2fcd5700cf38-impl-thread2] INFO  util.JmxRegister (JmxRegister.java:unregister(73)) - Successfully un-registered JMX Bean with object name Ratis:service=RaftServer,group=group-78B466434DFF,id=88c84cd2-72ca-4eec-b7eb-2fcd5700cf38
2023-04-11 17:19:33,067 [88c84cd2-72ca-4eec-b7eb-2fcd5700cf38-impl-thread2] INFO  impl.RoleInfo (RoleInfo.java:shutdownLeaderState(93)) - 88c84cd2-72ca-4eec-b7eb-2fcd5700cf38: shutdown 88c84cd2-72ca-4eec-b7eb-2fcd5700cf38@group-78B466434DFF-LeaderStateImpl
2023-04-11 17:19:33,067 [88c84cd2-72ca-4eec-b7eb-2fcd5700cf38-impl-thread2] INFO  impl.PendingRequests (PendingRequests.java:sendNotLeaderResponses(282)) - 88c84cd2-72ca-4eec-b7eb-2fcd5700cf38@group-78B466434DFF-PendingRequests: sendNotLeaderResponses
2023-04-11 17:19:33,067 [88c84cd2-72ca-4eec-b7eb-2fcd5700cf38@group-78B466434DFF-StateMachineUpdater] INFO  ratis.ContainerStateMachine (ContainerStateMachine.java:takeSnapshot(330)) - group-78B466434DFF: Taking a snapshot at:(t:1, i:0) file /home/runner/work/ozone/ozone/hadoop-ozone/integration-test/target/test-dir/MiniOzoneClusterImpl-7d6c2114-24de-471a-af28-9a4df9894e15/datanode-2/data/ratis/15420a60-4c24-4281-bfbb-78b466434dff/sm/snapshot.1_0
2023-04-11 17:19:33,067 [88c84cd2-72ca-4eec-b7eb-2fcd5700cf38-impl-thread2] INFO  impl.StateMachineUpdater (StateMachineUpdater.java:stopAndJoin(153)) - 88c84cd2-72ca-4eec-b7eb-2fcd5700cf38@group-78B466434DFF-StateMachineUpdater: set stopIndex = 0
2023-04-11 17:19:33,068 [Listener at 127.0.0.1/45623] INFO  server.GrpcService (GrpcService.java:closeImpl(271)) - 88c84cd2-72ca-4eec-b7eb-2fcd5700cf38: shutdown server GrpcServerProtocolService now
2023-04-11 17:19:33,068 [88c84cd2-72ca-4eec-b7eb-2fcd5700cf38@group-78B466434DFF-StateMachineUpdater] INFO  ratis.ContainerStateMachine (ContainerStateMachine.java:takeSnapshot(341)) - group-78B466434DFF: Finished taking a snapshot at:(t:1, i:0) file:/home/runner/work/ozone/ozone/hadoop-ozone/integration-test/target/test-dir/MiniOzoneClusterImpl-7d6c2114-24de-471a-af28-9a4df9894e15/datanode-2/data/ratis/15420a60-4c24-4281-bfbb-78b466434dff/sm/snapshot.1_0 took: 1 ms
2023-04-11 17:19:33,069 [88c84cd2-72ca-4eec-b7eb-2fcd5700cf38@group-78B466434DFF-StateMachineUpdater] INFO  impl.StateMachineUpdater (StateMachineUpdater.java:takeSnapshot(287)) - 88c84cd2-72ca-4eec-b7eb-2fcd5700cf38@group-78B466434DFF-StateMachineUpdater: Took a snapshot at index 0
2023-04-11 17:19:33,069 [88c84cd2-72ca-4eec-b7eb-2fcd5700cf38@group-78B466434DFF-StateMachineUpdater] INFO  impl.StateMachineUpdater (StateMachineUpdater.java:lambda$new$0(92)) - 88c84cd2-72ca-4eec-b7eb-2fcd5700cf38@group-78B466434DFF-StateMachineUpdater: snapshotIndex: updateIncreasingly -1 -> 0
2023-04-11 17:19:33,086 [88c84cd2-72ca-4eec-b7eb-2fcd5700cf38-impl-thread1] INFO  impl.StateMachineUpdater (StateMachineUpdater.java:stopAndJoin(153)) - 88c84cd2-72ca-4eec-b7eb-2fcd5700cf38@group-ACF34F2E288E-StateMachineUpdater: set stopIndex = 29
2023-04-11 17:19:33,086 [88c84cd2-72ca-4eec-b7eb-2fcd5700cf38@group-ACF34F2E288E-StateMachineUpdater] INFO  ratis.ContainerStateMachine (ContainerStateMachine.java:takeSnapshot(330)) - group-ACF34F2E288E: Taking a snapshot at:(t:1, i:29) file /home/runner/work/ozone/ozone/hadoop-ozone/integration-test/target/test-dir/MiniOzoneClusterImpl-7d6c2114-24de-471a-af28-9a4df9894e15/datanode-2/data/ratis/f6989f48-5272-4e73-8582-acf34f2e288e/sm/snapshot.1_29
2023-04-11 17:19:33,086 [88c84cd2-72ca-4eec-b7eb-2fcd5700cf38-impl-thread3] INFO  server.RaftServer$Division (RaftServerImpl.java:lambda$close$4(458)) - 88c84cd2-72ca-4eec-b7eb-2fcd5700cf38@group-8B96CE921AB7: shutdown
2023-04-11 17:19:33,086 [88c84cd2-72ca-4eec-b7eb-2fcd5700cf38-impl-thread3] INFO  util.JmxRegister (JmxRegister.java:unregister(73)) - Successfully un-registered JMX Bean with object name Ratis:service=RaftServer,group=group-8B96CE921AB7,id=88c84cd2-72ca-4eec-b7eb-2fcd5700cf38
2023-04-11 17:19:33,086 [88c84cd2-72ca-4eec-b7eb-2fcd5700cf38-impl-thread3] INFO  impl.RoleInfo (RoleInfo.java:shutdownLeaderState(93)) - 88c84cd2-72ca-4eec-b7eb-2fcd5700cf38: shutdown 88c84cd2-72ca-4eec-b7eb-2fcd5700cf38@group-8B96CE921AB7-LeaderStateImpl
2023-04-11 17:19:33,087 [88c84cd2-72ca-4eec-b7eb-2fcd5700cf38-impl-thread3] INFO  impl.PendingRequests (PendingRequests.java:sendNotLeaderResponses(282)) - 88c84cd2-72ca-4eec-b7eb-2fcd5700cf38@group-8B96CE921AB7-PendingRequests: sendNotLeaderResponses
2023-04-11 17:19:33,087 [88c84cd2-72ca-4eec-b7eb-2fcd5700cf38-impl-thread3] INFO  impl.StateMachineUpdater (StateMachineUpdater.java:stopAndJoin(153)) - 88c84cd2-72ca-4eec-b7eb-2fcd5700cf38@group-8B96CE921AB7-StateMachineUpdater: set stopIndex = 0
2023-04-11 17:19:33,087 [88c84cd2-72ca-4eec-b7eb-2fcd5700cf38-impl-thread2] INFO  server.RaftServer$Division (ServerState.java:close(466)) - 88c84cd2-72ca-4eec-b7eb-2fcd5700cf38@group-78B466434DFF: closes. applyIndex: 0
2023-04-11 17:19:33,087 [88c84cd2-72ca-4eec-b7eb-2fcd5700cf38@group-78B466434DFF-SegmentedRaftLogWorker] INFO  segmented.SegmentedRaftLogWorker (SegmentedRaftLogWorker.java:run(347)) - 88c84cd2-72ca-4eec-b7eb-2fcd5700cf38@group-78B466434DFF-SegmentedRaftLogWorker was interrupted, exiting. There are 0 tasks remaining in the queue.
2023-04-11 17:19:33,087 [88c84cd2-72ca-4eec-b7eb-2fcd5700cf38@group-8B96CE921AB7-StateMachineUpdater] INFO  ratis.ContainerStateMachine (ContainerStateMachine.java:takeSnapshot(330)) - group-8B96CE921AB7: Taking a snapshot at:(t:1, i:0) file /home/runner/work/ozone/ozone/hadoop-ozone/integration-test/target/test-dir/MiniOzoneClusterImpl-7d6c2114-24de-471a-af28-9a4df9894e15/datanode-2/data/ratis/a3990966-70ec-425c-9f61-8b96ce921ab7/sm/snapshot.1_0
2023-04-11 17:19:33,086 [88c84cd2-72ca-4eec-b7eb-2fcd5700cf38@group-ACF34F2E288E-FollowerState] INFO  impl.FollowerState (FollowerState.java:run(152)) - 88c84cd2-72ca-4eec-b7eb-2fcd5700cf38@group-ACF34F2E288E-FollowerState was interrupted
2023-04-11 17:19:33,087 [88c84cd2-72ca-4eec-b7eb-2fcd5700cf38@group-8B96CE921AB7->e6d924a0-7c53-4274-9275-f319576c3e7e-GrpcLogAppender-LogAppenderDaemon] WARN  server.GrpcLogAppender (GrpcLogAppender.java:mayWait(200)) - 88c84cd2-72ca-4eec-b7eb-2fcd5700cf38@group-8B96CE921AB7->e6d924a0-7c53-4274-9275-f319576c3e7e-GrpcLogAppender: Wait interrupted by java.lang.InterruptedException
2023-04-11 17:19:33,091 [88c84cd2-72ca-4eec-b7eb-2fcd5700cf38-impl-thread2] INFO  segmented.SegmentedRaftLogWorker (SegmentedRaftLogWorker.java:close(257)) - 88c84cd2-72ca-4eec-b7eb-2fcd5700cf38@group-78B466434DFF-SegmentedRaftLogWorker close()
2023-04-11 17:19:33,087 [88c84cd2-72ca-4eec-b7eb-2fcd5700cf38@group-8B96CE921AB7->a8e18eb8-676b-4d89-b1ed-2f6ae890a6f9-GrpcLogAppender-LogAppenderDaemon] WARN  server.GrpcLogAppender (GrpcLogAppender.java:mayWait(200)) - 88c84cd2-72ca-4eec-b7eb-2fcd5700cf38@group-8B96CE921AB7->a8e18eb8-676b-4d89-b1ed-2f6ae890a6f9-GrpcLogAppender: Wait interrupted by java.lang.InterruptedException
2023-04-11 17:19:33,091 [grpc-default-executor-1] WARN  server.GrpcServerProtocolService (LogUtils.java:warn(122)) - 88c84cd2-72ca-4eec-b7eb-2fcd5700cf38: installSnapshot onError, lastRequest: e6d924a0-7c53-4274-9275-f319576c3e7e->88c84cd2-72ca-4eec-b7eb-2fcd5700cf38#350-t1,previous=(t:1, i:28),leaderCommit=27,initializing? true,entries: size=1, first=(t:1, i:29), METADATAENTRY(c:27): org.apache.ratis.thirdparty.io.grpc.StatusRuntimeException: CANCELLED: client cancelled
2023-04-11 17:19:33,089 [ForkJoinPool.commonPool-worker-0] INFO  ozoneimpl.OzoneContainer (OzoneContainer.java:stop(419)) - Attempting to stop container services.
2023-04-11 17:19:33,089 [88c84cd2-72ca-4eec-b7eb-2fcd5700cf38@group-ACF34F2E288E-StateMachineUpdater] INFO  ratis.ContainerStateMachine (ContainerStateMachine.java:takeSnapshot(341)) - group-ACF34F2E288E: Finished taking a snapshot at:(t:1, i:29) file:/home/runner/work/ozone/ozone/hadoop-ozone/integration-test/target/test-dir/MiniOzoneClusterImpl-7d6c2114-24de-471a-af28-9a4df9894e15/datanode-2/data/ratis/f6989f48-5272-4e73-8582-acf34f2e288e/sm/snapshot.1_29 took: 2 ms
2023-04-11 17:19:33,092 [88c84cd2-72ca-4eec-b7eb-2fcd5700cf38@group-ACF34F2E288E-StateMachineUpdater] INFO  impl.StateMachineUpdater (StateMachineUpdater.java:takeSnapshot(287)) - 88c84cd2-72ca-4eec-b7eb-2fcd5700cf38@group-ACF34F2E288E-StateMachineUpdater: Took a snapshot at index 29
2023-04-11 17:19:33,092 [88c84cd2-72ca-4eec-b7eb-2fcd5700cf38@group-ACF34F2E288E-StateMachineUpdater] INFO  impl.StateMachineUpdater (StateMachineUpdater.java:lambda$new$0(92)) - 88c84cd2-72ca-4eec-b7eb-2fcd5700cf38@group-ACF34F2E288E-StateMachineUpdater: snapshotIndex: updateIncreasingly -1 -> 29
2023-04-11 17:19:33,089 [Listener at 127.0.0.1/45623] INFO  server.GrpcServerProtocolClient (GrpcServerProtocolClient.java:close(101)) - a8e18eb8-676b-4d89-b1ed-2f6ae890a6f9 Close channels
2023-04-11 17:19:33,092 [grpc-default-executor-2] INFO  server.GrpcServerProtocolService (GrpcServerProtocolService.java:onCompleted(143)) - e6d924a0-7c53-4274-9275-f319576c3e7e: Completed APPEND_ENTRIES, lastRequest: null
2023-04-11 17:19:33,088 [88c84cd2-72ca-4eec-b7eb-2fcd5700cf38@group-8B96CE921AB7-StateMachineUpdater] INFO  ratis.ContainerStateMachine (ContainerStateMachine.java:takeSnapshot(341)) - group-8B96CE921AB7: Finished taking a snapshot at:(t:1, i:0) file:/home/runner/work/ozone/ozone/hadoop-ozone/integration-test/target/test-dir/MiniOzoneClusterImpl-7d6c2114-24de-471a-af28-9a4df9894e15/datanode-2/data/ratis/a3990966-70ec-425c-9f61-8b96ce921ab7/sm/snapshot.1_0 took: 1 ms
2023-04-11 17:19:33,093 [88c84cd2-72ca-4eec-b7eb-2fcd5700cf38@group-8B96CE921AB7-StateMachineUpdater] INFO  impl.StateMachineUpdater (StateMachineUpdater.java:takeSnapshot(287)) - 88c84cd2-72ca-4eec-b7eb-2fcd5700cf38@group-8B96CE921AB7-StateMachineUpdater: Took a snapshot at index 0
2023-04-11 17:19:33,093 [88c84cd2-72ca-4eec-b7eb-2fcd5700cf38@group-8B96CE921AB7-StateMachineUpdater] INFO  impl.StateMachineUpdater (StateMachineUpdater.java:lambda$new$0(92)) - 88c84cd2-72ca-4eec-b7eb-2fcd5700cf38@group-8B96CE921AB7-StateMachineUpdater: snapshotIndex: updateIncreasingly -1 -> 0
2023-04-11 17:19:33,094 [grpc-default-executor-0] INFO  server.GrpcServerProtocolService (GrpcServerProtocolService.java:onCompleted(143)) - e6d924a0-7c53-4274-9275-f319576c3e7e: Completed APPEND_ENTRIES, lastRequest: 88c84cd2-72ca-4eec-b7eb-2fcd5700cf38->e6d924a0-7c53-4274-9275-f319576c3e7e#1-t1,previous=(t:0, i:0),leaderCommit=0,initializing? true,entries: size=1, first=(t:1, i:0), CONFIGURATIONENTRY(current:id: "88c84cd2-72ca-4eec-b7eb-2fcd5700cf38"
address: "10.1.0.70:44245"
priority: 1
dataStreamAddress: "10.1.0.70:38609"
clientAddress: "10.1.0.70:44245"
adminAddress: "10.1.0.70:44245"
startupRole: FOLLOWER
,id: "a8e18eb8-676b-4d89-b1ed-2f6ae890a6f9"
address: "10.1.0.70:45767"
dataStreamAddress: "10.1.0.70:37603"
clientAddress: "10.1.0.70:45767"
adminAddress: "10.1.0.70:45767"
startupRole: FOLLOWER
,id: "e6d924a0-7c53-4274-9275-f319576c3e7e"
address: "10.1.0.70:45625"
dataStreamAddress: "10.1.0.70:33769"
clientAddress: "10.1.0.70:45625"
adminAddress: "10.1.0.70:45625"
startupRole: FOLLOWER
, old:)
2023-04-11 17:19:33,094 [ForkJoinPool.commonPool-worker-0] INFO  server.RaftServer (RaftServerProxy.java:lambda$close$6(409)) - e6d924a0-7c53-4274-9275-f319576c3e7e: close
2023-04-11 17:19:33,095 [88c84cd2-72ca-4eec-b7eb-2fcd5700cf38-impl-thread1] INFO  server.RaftServer$Division (ServerState.java:close(466)) - 88c84cd2-72ca-4eec-b7eb-2fcd5700cf38@group-ACF34F2E288E: closes. applyIndex: 29
2023-04-11 17:19:33,095 [88c84cd2-72ca-4eec-b7eb-2fcd5700cf38@group-ACF34F2E288E-SegmentedRaftLogWorker] INFO  segmented.SegmentedRaftLogWorker (SegmentedRaftLogWorker.java:run(347)) - 88c84cd2-72ca-4eec-b7eb-2fcd5700cf38@group-ACF34F2E288E-SegmentedRaftLogWorker was interrupted, exiting. There are 0 tasks remaining in the queue.
2023-04-11 17:19:33,095 [e6d924a0-7c53-4274-9275-f319576c3e7e-impl-thread2] INFO  server.RaftServer$Division (RaftServerImpl.java:lambda$close$4(458)) - e6d924a0-7c53-4274-9275-f319576c3e7e@group-FBDA25616759: shutdown
2023-04-11 17:19:33,095 [e6d924a0-7c53-4274-9275-f319576c3e7e-impl-thread2] INFO  util.JmxRegister (JmxRegister.java:unregister(73)) - Successfully un-registered JMX Bean with object name Ratis:service=RaftServer,group=group-FBDA25616759,id=e6d924a0-7c53-4274-9275-f319576c3e7e
2023-04-11 17:19:33,095 [e6d924a0-7c53-4274-9275-f319576c3e7e-impl-thread2] INFO  impl.RoleInfo (RoleInfo.java:shutdownLeaderState(93)) - e6d924a0-7c53-4274-9275-f319576c3e7e: shutdown e6d924a0-7c53-4274-9275-f319576c3e7e@group-FBDA25616759-LeaderStateImpl
2023-04-11 17:19:33,095 [e6d924a0-7c53-4274-9275-f319576c3e7e-impl-thread2] INFO  impl.PendingRequests (PendingRequests.java:sendNotLeaderResponses(282)) - e6d924a0-7c53-4274-9275-f319576c3e7e@group-FBDA25616759-PendingRequests: sendNotLeaderResponses
2023-04-11 17:19:33,095 [e6d924a0-7c53-4274-9275-f319576c3e7e-impl-thread2] INFO  impl.StateMachineUpdater (StateMachineUpdater.java:stopAndJoin(153)) - e6d924a0-7c53-4274-9275-f319576c3e7e@group-FBDA25616759-StateMachineUpdater: set stopIndex = 0
2023-04-11 17:19:33,096 [e6d924a0-7c53-4274-9275-f319576c3e7e@group-FBDA25616759-StateMachineUpdater] INFO  ratis.ContainerStateMachine (ContainerStateMachine.java:takeSnapshot(330)) - group-FBDA25616759: Taking a snapshot at:(t:1, i:0) file /home/runner/work/ozone/ozone/hadoop-ozone/integration-test/target/test-dir/MiniOzoneClusterImpl-7d6c2114-24de-471a-af28-9a4df9894e15/datanode-1/data/ratis/27dbd68c-74d7-4f15-bef4-fbda25616759/sm/snapshot.1_0
2023-04-11 17:19:33,097 [e6d924a0-7c53-4274-9275-f319576c3e7e@group-FBDA25616759-StateMachineUpdater] INFO  ratis.ContainerStateMachine (ContainerStateMachine.java:takeSnapshot(341)) - group-FBDA25616759: Finished taking a snapshot at:(t:1, i:0) file:/home/runner/work/ozone/ozone/hadoop-ozone/integration-test/target/test-dir/MiniOzoneClusterImpl-7d6c2114-24de-471a-af28-9a4df9894e15/datanode-1/data/ratis/27dbd68c-74d7-4f15-bef4-fbda25616759/sm/snapshot.1_0 took: 0 ms
2023-04-11 17:19:33,097 [e6d924a0-7c53-4274-9275-f319576c3e7e@group-FBDA25616759-StateMachineUpdater] INFO  impl.StateMachineUpdater (StateMachineUpdater.java:takeSnapshot(287)) - e6d924a0-7c53-4274-9275-f319576c3e7e@group-FBDA25616759-StateMachineUpdater: Took a snapshot at index 0
2023-04-11 17:19:33,097 [e6d924a0-7c53-4274-9275-f319576c3e7e@group-FBDA25616759-StateMachineUpdater] INFO  impl.StateMachineUpdater (StateMachineUpdater.java:lambda$new$0(92)) - e6d924a0-7c53-4274-9275-f319576c3e7e@group-FBDA25616759-StateMachineUpdater: snapshotIndex: updateIncreasingly -1 -> 0
2023-04-11 17:19:33,100 [e6d924a0-7c53-4274-9275-f319576c3e7e-impl-thread2] INFO  server.RaftServer$Division (ServerState.java:close(466)) - e6d924a0-7c53-4274-9275-f319576c3e7e@group-FBDA25616759: closes. applyIndex: 0
2023-04-11 17:19:33,100 [grpc-default-executor-5] WARN  server.GrpcLogAppender (LogUtils.java:warn(122)) - e6d924a0-7c53-4274-9275-f319576c3e7e@group-ACF34F2E288E->88c84cd2-72ca-4eec-b7eb-2fcd5700cf38-AppendLogResponseHandler: Failed appendEntries: org.apache.ratis.thirdparty.io.grpc.StatusRuntimeException: CANCELLED: RST_STREAM closed stream. HTTP/2 error code: CANCEL
2023-04-11 17:19:33,100 [grpc-default-executor-5] INFO  leader.FollowerInfo (FollowerInfoImpl.java:lambda$new$0(48)) - e6d924a0-7c53-4274-9275-f319576c3e7e@group-ACF34F2E288E->88c84cd2-72ca-4eec-b7eb-2fcd5700cf38: nextIndex: updateUnconditionally 30 -> 29
2023-04-11 17:19:33,100 [e6d924a0-7c53-4274-9275-f319576c3e7e@group-FBDA25616759-SegmentedRaftLogWorker] INFO  segmented.SegmentedRaftLogWorker (SegmentedRaftLogWorker.java:run(347)) - e6d924a0-7c53-4274-9275-f319576c3e7e@group-FBDA25616759-SegmentedRaftLogWorker was interrupted, exiting. There are 0 tasks remaining in the queue.
2023-04-11 17:19:33,100 [grpc-default-executor-1] INFO  server.GrpcLogAppender (GrpcLogAppender.java:onCompleted(415)) - 88c84cd2-72ca-4eec-b7eb-2fcd5700cf38@group-8B96CE921AB7->e6d924a0-7c53-4274-9275-f319576c3e7e-AppendLogResponseHandler: follower responses appendEntries COMPLETED
2023-04-11 17:19:33,100 [grpc-default-executor-1] INFO  leader.FollowerInfo (FollowerInfoImpl.java:lambda$new$0(48)) - 88c84cd2-72ca-4eec-b7eb-2fcd5700cf38@group-8B96CE921AB7->e6d924a0-7c53-4274-9275-f319576c3e7e: nextIndex: updateUnconditionally 1 -> 0
2023-04-11 17:19:33,091 [grpc-default-executor-4] WARN  server.GrpcServerProtocolService (LogUtils.java:warn(122)) - 88c84cd2-72ca-4eec-b7eb-2fcd5700cf38: installSnapshot onError, lastRequest: null: org.apache.ratis.thirdparty.io.grpc.StatusRuntimeException: CANCELLED: client cancelled
2023-04-11 17:19:33,100 [grpc-default-executor-0] INFO  server.GrpcServerProtocolService (GrpcServerProtocolService.java:onCompleted(143)) - a8e18eb8-676b-4d89-b1ed-2f6ae890a6f9: Completed APPEND_ENTRIES, lastRequest: 88c84cd2-72ca-4eec-b7eb-2fcd5700cf38->a8e18eb8-676b-4d89-b1ed-2f6ae890a6f9#1-t1,previous=(t:0, i:0),leaderCommit=-1,initializing? true,entries: size=1, first=(t:1, i:0), CONFIGURATIONENTRY(current:id: "88c84cd2-72ca-4eec-b7eb-2fcd5700cf38"
address: "10.1.0.70:44245"
priority: 1
dataStreamAddress: "10.1.0.70:38609"
clientAddress: "10.1.0.70:44245"
adminAddress: "10.1.0.70:44245"
startupRole: FOLLOWER
,id: "a8e18eb8-676b-4d89-b1ed-2f6ae890a6f9"
address: "10.1.0.70:45767"
dataStreamAddress: "10.1.0.70:37603"
clientAddress: "10.1.0.70:45767"
adminAddress: "10.1.0.70:45767"
startupRole: FOLLOWER
,id: "e6d924a0-7c53-4274-9275-f319576c3e7e"
address: "10.1.0.70:45625"
dataStreamAddress: "10.1.0.70:33769"
clientAddress: "10.1.0.70:45625"
adminAddress: "10.1.0.70:45625"
startupRole: FOLLOWER
, old:)
2023-04-11 17:19:33,100 [grpc-default-executor-3] INFO  server.GrpcLogAppender (GrpcLogAppender.java:onCompleted(415)) - 88c84cd2-72ca-4eec-b7eb-2fcd5700cf38@group-8B96CE921AB7->e6d924a0-7c53-4274-9275-f319576c3e7e-AppendLogResponseHandler: follower responses appendEntries COMPLETED
2023-04-11 17:19:33,105 [grpc-default-executor-3] INFO  leader.FollowerInfo (FollowerInfoImpl.java:lambda$new$0(48)) - 88c84cd2-72ca-4eec-b7eb-2fcd5700cf38@group-8B96CE921AB7->e6d924a0-7c53-4274-9275-f319576c3e7e: nextIndex: updateUnconditionally 0 -> 0
2023-04-11 17:19:33,099 [grpc-default-executor-2] INFO  server.GrpcServerProtocolService (GrpcServerProtocolService.java:onCompleted(143)) - a8e18eb8-676b-4d89-b1ed-2f6ae890a6f9: Completed APPEND_ENTRIES, lastRequest: null
2023-04-11 17:19:33,099 [88c84cd2-72ca-4eec-b7eb-2fcd5700cf38-impl-thread1] INFO  segmented.SegmentedRaftLogWorker (SegmentedRaftLogWorker.java:close(257)) - 88c84cd2-72ca-4eec-b7eb-2fcd5700cf38@group-ACF34F2E288E-SegmentedRaftLogWorker close()
2023-04-11 17:19:33,095 [88c84cd2-72ca-4eec-b7eb-2fcd5700cf38-impl-thread3] INFO  server.RaftServer$Division (ServerState.java:close(466)) - 88c84cd2-72ca-4eec-b7eb-2fcd5700cf38@group-8B96CE921AB7: closes. applyIndex: 0
2023-04-11 17:19:33,095 [e6d924a0-7c53-4274-9275-f319576c3e7e-impl-thread1] INFO  server.RaftServer$Division (RaftServerImpl.java:lambda$close$4(458)) - e6d924a0-7c53-4274-9275-f319576c3e7e@group-ACF34F2E288E: shutdown
2023-04-11 17:19:33,105 [e6d924a0-7c53-4274-9275-f319576c3e7e-impl-thread1] INFO  util.JmxRegister (JmxRegister.java:unregister(73)) - Successfully un-registered JMX Bean with object name Ratis:service=RaftServer,group=group-ACF34F2E288E,id=e6d924a0-7c53-4274-9275-f319576c3e7e
2023-04-11 17:19:33,105 [e6d924a0-7c53-4274-9275-f319576c3e7e-impl-thread1] INFO  impl.RoleInfo (RoleInfo.java:shutdownLeaderState(93)) - e6d924a0-7c53-4274-9275-f319576c3e7e: shutdown e6d924a0-7c53-4274-9275-f319576c3e7e@group-ACF34F2E288E-LeaderStateImpl
2023-04-11 17:19:33,108 [grpc-default-executor-6] INFO  server.GrpcLogAppender (GrpcLogAppender.java:onError(404)) - e6d924a0-7c53-4274-9275-f319576c3e7e@group-ACF34F2E288E->88c84cd2-72ca-4eec-b7eb-2fcd5700cf38-GrpcLogAppender is already stopped
2023-04-11 17:19:33,111 [ForkJoinPool.commonPool-worker-0] INFO  server.GrpcService (GrpcService.java:closeImpl(271)) - e6d924a0-7c53-4274-9275-f319576c3e7e: shutdown server GrpcServerProtocolService now
2023-04-11 17:19:33,111 [e6d924a0-7c53-4274-9275-f319576c3e7e-impl-thread1] INFO  impl.PendingRequests (PendingRequests.java:sendNotLeaderResponses(282)) - e6d924a0-7c53-4274-9275-f319576c3e7e@group-ACF34F2E288E-PendingRequests: sendNotLeaderResponses
2023-04-11 17:19:33,111 [ForkJoinPool.commonPool-worker-0] INFO  server.GrpcServerProtocolClient (GrpcServerProtocolClient.java:close(101)) - 88c84cd2-72ca-4eec-b7eb-2fcd5700cf38 Close channels
2023-04-11 17:19:33,112 [grpc-default-executor-2] WARN  server.GrpcClientProtocolService (LogUtils.java:warn(122)) - 1-OrderedRequestStreamObserver1: onError: org.apache.ratis.thirdparty.io.grpc.StatusRuntimeException: CANCELLED: client cancelled
2023-04-11 17:19:33,112 [88c84cd2-72ca-4eec-b7eb-2fcd5700cf38@group-8B96CE921AB7-SegmentedRaftLogWorker] INFO  segmented.SegmentedRaftLogWorker (SegmentedRaftLogWorker.java:run(347)) - 88c84cd2-72ca-4eec-b7eb-2fcd5700cf38@group-8B96CE921AB7-SegmentedRaftLogWorker was interrupted, exiting. There are 0 tasks remaining in the queue.
2023-04-11 17:19:33,113 [grpc-default-executor-0] WARN  server.GrpcClientProtocolService (LogUtils.java:warn(122)) - 2-UnorderedRequestStreamObserver2: onError: org.apache.ratis.thirdparty.io.grpc.StatusRuntimeException: CANCELLED: client cancelled
2023-04-11 17:19:33,111 [e6d924a0-7c53-4274-9275-f319576c3e7e@group-ACF34F2E288E->88c84cd2-72ca-4eec-b7eb-2fcd5700cf38-GrpcLogAppender-LogAppenderDaemon] WARN  server.GrpcLogAppender (GrpcLogAppender.java:mayWait(200)) - e6d924a0-7c53-4274-9275-f319576c3e7e@group-ACF34F2E288E->88c84cd2-72ca-4eec-b7eb-2fcd5700cf38-GrpcLogAppender: Wait interrupted by java.lang.InterruptedException
2023-04-11 17:19:33,111 [e6d924a0-7c53-4274-9275-f319576c3e7e@group-ACF34F2E288E->a8e18eb8-676b-4d89-b1ed-2f6ae890a6f9-GrpcLogAppender-LogAppenderDaemon] WARN  server.GrpcLogAppender (GrpcLogAppender.java:mayWait(200)) - e6d924a0-7c53-4274-9275-f319576c3e7e@group-ACF34F2E288E->a8e18eb8-676b-4d89-b1ed-2f6ae890a6f9-GrpcLogAppender: Wait interrupted by java.lang.InterruptedException
2023-04-11 17:19:33,113 [e6d924a0-7c53-4274-9275-f319576c3e7e-impl-thread3] INFO  server.RaftServer$Division (RaftServerImpl.java:lambda$close$4(458)) - e6d924a0-7c53-4274-9275-f319576c3e7e@group-8B96CE921AB7: shutdown
2023-04-11 17:19:33,114 [e6d924a0-7c53-4274-9275-f319576c3e7e-impl-thread3] INFO  util.JmxRegister (JmxRegister.java:unregister(73)) - Successfully un-registered JMX Bean with object name Ratis:service=RaftServer,group=group-8B96CE921AB7,id=e6d924a0-7c53-4274-9275-f319576c3e7e
2023-04-11 17:19:33,114 [e6d924a0-7c53-4274-9275-f319576c3e7e-impl-thread3] INFO  impl.RoleInfo (RoleInfo.java:shutdownFollowerState(110)) - e6d924a0-7c53-4274-9275-f319576c3e7e: shutdown e6d924a0-7c53-4274-9275-f319576c3e7e@group-8B96CE921AB7-FollowerState
2023-04-11 17:19:33,128 [e6d924a0-7c53-4274-9275-f319576c3e7e-impl-thread2] INFO  segmented.SegmentedRaftLogWorker (SegmentedRaftLogWorker.java:close(257)) - e6d924a0-7c53-4274-9275-f319576c3e7e@group-FBDA25616759-SegmentedRaftLogWorker close()
2023-04-11 17:19:33,129 [grpc-default-executor-9] INFO  server.GrpcServerProtocolService (GrpcServerProtocolService.java:onCompleted(143)) - a8e18eb8-676b-4d89-b1ed-2f6ae890a6f9: Completed APPEND_ENTRIES, lastRequest: e6d924a0-7c53-4274-9275-f319576c3e7e->a8e18eb8-676b-4d89-b1ed-2f6ae890a6f9#349-t1,previous=(t:1, i:28),leaderCommit=27,initializing? true,entries: size=1, first=(t:1, i:29), METADATAENTRY(c:27)
2023-04-11 17:19:33,129 [88c84cd2-72ca-4eec-b7eb-2fcd5700cf38-impl-thread3] INFO  segmented.SegmentedRaftLogWorker (SegmentedRaftLogWorker.java:close(257)) - 88c84cd2-72ca-4eec-b7eb-2fcd5700cf38@group-8B96CE921AB7-SegmentedRaftLogWorker close()
2023-04-11 17:19:33,129 [grpc-default-executor-3] INFO  server.GrpcLogAppender (GrpcLogAppender.java:onError(404)) - e6d924a0-7c53-4274-9275-f319576c3e7e@group-ACF34F2E288E->88c84cd2-72ca-4eec-b7eb-2fcd5700cf38-GrpcLogAppender is already stopped
2023-04-11 17:19:33,129 [e6d924a0-7c53-4274-9275-f319576c3e7e-impl-thread3] INFO  impl.StateMachineUpdater (StateMachineUpdater.java:stopAndJoin(153)) - e6d924a0-7c53-4274-9275-f319576c3e7e@group-8B96CE921AB7-StateMachineUpdater: set stopIndex = 0
2023-04-11 17:19:33,129 [e6d924a0-7c53-4274-9275-f319576c3e7e@group-8B96CE921AB7-FollowerState] INFO  impl.FollowerState (FollowerState.java:run(152)) - e6d924a0-7c53-4274-9275-f319576c3e7e@group-8B96CE921AB7-FollowerState was interrupted
2023-04-11 17:19:33,130 [e6d924a0-7c53-4274-9275-f319576c3e7e@group-8B96CE921AB7-StateMachineUpdater] INFO  ratis.ContainerStateMachine (ContainerStateMachine.java:takeSnapshot(330)) - group-8B96CE921AB7: Taking a snapshot at:(t:1, i:0) file /home/runner/work/ozone/ozone/hadoop-ozone/integration-test/target/test-dir/MiniOzoneClusterImpl-7d6c2114-24de-471a-af28-9a4df9894e15/datanode-1/data/ratis/a3990966-70ec-425c-9f61-8b96ce921ab7/sm/snapshot.1_0
2023-04-11 17:19:33,130 [grpc-default-executor-11] INFO  server.GrpcLogAppender (GrpcLogAppender.java:onError(404)) - e6d924a0-7c53-4274-9275-f319576c3e7e@group-ACF34F2E288E->88c84cd2-72ca-4eec-b7eb-2fcd5700cf38-GrpcLogAppender is already stopped
2023-04-11 17:19:33,131 [e6d924a0-7c53-4274-9275-f319576c3e7e@group-8B96CE921AB7-StateMachineUpdater] INFO  ratis.ContainerStateMachine (ContainerStateMachine.java:takeSnapshot(341)) - group-8B96CE921AB7: Finished taking a snapshot at:(t:1, i:0) file:/home/runner/work/ozone/ozone/hadoop-ozone/integration-test/target/test-dir/MiniOzoneClusterImpl-7d6c2114-24de-471a-af28-9a4df9894e15/datanode-1/data/ratis/a3990966-70ec-425c-9f61-8b96ce921ab7/sm/snapshot.1_0 took: 1 ms
2023-04-11 17:19:33,131 [e6d924a0-7c53-4274-9275-f319576c3e7e@group-8B96CE921AB7-StateMachineUpdater] INFO  impl.StateMachineUpdater (StateMachineUpdater.java:takeSnapshot(287)) - e6d924a0-7c53-4274-9275-f319576c3e7e@group-8B96CE921AB7-StateMachineUpdater: Took a snapshot at index 0
2023-04-11 17:19:33,131 [e6d924a0-7c53-4274-9275-f319576c3e7e@group-8B96CE921AB7-StateMachineUpdater] INFO  impl.StateMachineUpdater (StateMachineUpdater.java:lambda$new$0(92)) - e6d924a0-7c53-4274-9275-f319576c3e7e@group-8B96CE921AB7-StateMachineUpdater: snapshotIndex: updateIncreasingly -1 -> 0
2023-04-11 17:19:33,131 [e6d924a0-7c53-4274-9275-f319576c3e7e-impl-thread3] INFO  server.RaftServer$Division (ServerState.java:close(466)) - e6d924a0-7c53-4274-9275-f319576c3e7e@group-8B96CE921AB7: closes. applyIndex: 0
2023-04-11 17:19:33,133 [grpc-default-executor-3] INFO  server.GrpcServerProtocolService (GrpcServerProtocolService.java:onCompleted(143)) - a8e18eb8-676b-4d89-b1ed-2f6ae890a6f9: Completed APPEND_ENTRIES, lastRequest: null
2023-04-11 17:19:33,133 [grpc-default-executor-8] INFO  server.GrpcLogAppender (GrpcLogAppender.java:onCompleted(415)) - e6d924a0-7c53-4274-9275-f319576c3e7e@group-ACF34F2E288E->a8e18eb8-676b-4d89-b1ed-2f6ae890a6f9-AppendLogResponseHandler: follower responses appendEntries COMPLETED
2023-04-11 17:19:33,133 [grpc-default-executor-8] INFO  leader.FollowerInfo (FollowerInfoImpl.java:lambda$new$0(48)) - e6d924a0-7c53-4274-9275-f319576c3e7e@group-ACF34F2E288E->a8e18eb8-676b-4d89-b1ed-2f6ae890a6f9: nextIndex: updateUnconditionally 30 -> 29
2023-04-11 17:19:33,133 [Listener at 127.0.0.1/45623] INFO  server.GrpcServerProtocolClient (GrpcServerProtocolClient.java:close(101)) - e6d924a0-7c53-4274-9275-f319576c3e7e Close channels
2023-04-11 17:19:33,133 [grpc-default-executor-1] INFO  server.GrpcLogAppender (GrpcLogAppender.java:onCompleted(415)) - 88c84cd2-72ca-4eec-b7eb-2fcd5700cf38@group-8B96CE921AB7->a8e18eb8-676b-4d89-b1ed-2f6ae890a6f9-AppendLogResponseHandler: follower responses appendEntries COMPLETED
2023-04-11 17:19:33,134 [grpc-default-executor-3] INFO  server.GrpcLogAppender (GrpcLogAppender.java:onCompleted(415)) - e6d924a0-7c53-4274-9275-f319576c3e7e@group-ACF34F2E288E->a8e18eb8-676b-4d89-b1ed-2f6ae890a6f9-AppendLogResponseHandler: follower responses appendEntries COMPLETED
2023-04-11 17:19:33,134 [grpc-default-executor-3] INFO  leader.FollowerInfo (FollowerInfoImpl.java:lambda$new$0(48)) - e6d924a0-7c53-4274-9275-f319576c3e7e@group-ACF34F2E288E->a8e18eb8-676b-4d89-b1ed-2f6ae890a6f9: nextIndex: updateUnconditionally 29 -> 28
2023-04-11 17:19:33,134 [e6d924a0-7c53-4274-9275-f319576c3e7e@group-8B96CE921AB7-SegmentedRaftLogWorker] INFO  segmented.SegmentedRaftLogWorker (SegmentedRaftLogWorker.java:run(347)) - e6d924a0-7c53-4274-9275-f319576c3e7e@group-8B96CE921AB7-SegmentedRaftLogWorker was interrupted, exiting. There are 0 tasks remaining in the queue.
2023-04-11 17:19:33,147 [grpc-default-executor-11] INFO  server.GrpcLogAppender (GrpcLogAppender.java:onCompleted(415)) - 88c84cd2-72ca-4eec-b7eb-2fcd5700cf38@group-8B96CE921AB7->a8e18eb8-676b-4d89-b1ed-2f6ae890a6f9-AppendLogResponseHandler: follower responses appendEntries COMPLETED
2023-04-11 17:19:33,148 [ForkJoinPool.commonPool-worker-0] INFO  server.GrpcServerProtocolClient (GrpcServerProtocolClient.java:close(101)) - a8e18eb8-676b-4d89-b1ed-2f6ae890a6f9 Close channels
2023-04-11 17:19:33,150 [grpc-default-executor-1] WARN  server.GrpcLogAppender (GrpcLogAppender.java:resetClient(137)) - 88c84cd2-72ca-4eec-b7eb-2fcd5700cf38@group-8B96CE921AB7->a8e18eb8-676b-4d89-b1ed-2f6ae890a6f9-GrpcLogAppender: Failed to getClient for a8e18eb8-676b-4d89-b1ed-2f6ae890a6f9
org.apache.ratis.protocol.exceptions.AlreadyClosedException: 88c84cd2-72ca-4eec-b7eb-2fcd5700cf38 is already CLOSED
	at org.apache.ratis.util.PeerProxyMap$PeerAndProxy.getProxy(PeerProxyMap.java:61)
	at org.apache.ratis.util.PeerProxyMap.getProxy(PeerProxyMap.java:115)
	at org.apache.ratis.grpc.server.GrpcLogAppender.getClient(GrpcLogAppender.java:116)
	at org.apache.ratis.grpc.server.GrpcLogAppender.resetClient(GrpcLogAppender.java:121)
	at org.apache.ratis.grpc.server.GrpcLogAppender.access$500(GrpcLogAppender.java:58)
	at org.apache.ratis.grpc.server.GrpcLogAppender$AppendLogResponseHandler.onCompleted(GrpcLogAppender.java:416)
	at org.apache.ratis.thirdparty.io.grpc.stub.ClientCalls$StreamObserverToCallListenerAdapter.onClose(ClientCalls.java:485)
	at org.apache.ratis.thirdparty.io.grpc.internal.ClientCallImpl.closeObserver(ClientCallImpl.java:562)
	at org.apache.ratis.thirdparty.io.grpc.internal.ClientCallImpl.access$300(ClientCallImpl.java:70)
	at org.apache.ratis.thirdparty.io.grpc.internal.ClientCallImpl$ClientStreamListenerImpl$1StreamClosed.runInternal(ClientCallImpl.java:743)
	at org.apache.ratis.thirdparty.io.grpc.internal.ClientCallImpl$ClientStreamListenerImpl$1StreamClosed.runInContext(ClientCallImpl.java:722)
	at org.apache.ratis.thirdparty.io.grpc.internal.ContextRunnable.run(ContextRunnable.java:37)
	at org.apache.ratis.thirdparty.io.grpc.internal.SerializingExecutor.run(SerializingExecutor.java:133)
	at java.util.concurrent.ThreadPoolExecutor.runWorker(ThreadPoolExecutor.java:1149)
	at java.util.concurrent.ThreadPoolExecutor$Worker.run(ThreadPoolExecutor.java:624)
	at java.lang.Thread.run(Thread.java:750)
2023-04-11 17:19:33,150 [grpc-default-executor-11] WARN  server.GrpcLogAppender (GrpcLogAppender.java:resetClient(137)) - 88c84cd2-72ca-4eec-b7eb-2fcd5700cf38@group-8B96CE921AB7->a8e18eb8-676b-4d89-b1ed-2f6ae890a6f9-GrpcLogAppender: Failed to getClient for a8e18eb8-676b-4d89-b1ed-2f6ae890a6f9
org.apache.ratis.protocol.exceptions.AlreadyClosedException: 88c84cd2-72ca-4eec-b7eb-2fcd5700cf38 is already CLOSED
	at org.apache.ratis.util.PeerProxyMap$PeerAndProxy.getProxy(PeerProxyMap.java:61)
	at org.apache.ratis.util.PeerProxyMap.getProxy(PeerProxyMap.java:115)
	at org.apache.ratis.grpc.server.GrpcLogAppender.getClient(GrpcLogAppender.java:116)
	at org.apache.ratis.grpc.server.GrpcLogAppender.resetClient(GrpcLogAppender.java:121)
	at org.apache.ratis.grpc.server.GrpcLogAppender.access$500(GrpcLogAppender.java:58)
	at org.apache.ratis.grpc.server.GrpcLogAppender$AppendLogResponseHandler.onCompleted(GrpcLogAppender.java:416)
	at org.apache.ratis.thirdparty.io.grpc.stub.ClientCalls$StreamObserverToCallListenerAdapter.onClose(ClientCalls.java:485)
	at org.apache.ratis.thirdparty.io.grpc.internal.ClientCallImpl.closeObserver(ClientCallImpl.java:562)
	at org.apache.ratis.thirdparty.io.grpc.internal.ClientCallImpl.access$300(ClientCallImpl.java:70)
	at org.apache.ratis.thirdparty.io.grpc.internal.ClientCallImpl$ClientStreamListenerImpl$1StreamClosed.runInternal(ClientCallImpl.java:743)
	at org.apache.ratis.thirdparty.io.grpc.internal.ClientCallImpl$ClientStreamListenerImpl$1StreamClosed.runInContext(ClientCallImpl.java:722)
	at org.apache.ratis.thirdparty.io.grpc.internal.ContextRunnable.run(ContextRunnable.java:37)
	at org.apache.ratis.thirdparty.io.grpc.internal.SerializingExecutor.run(SerializingExecutor.java:133)
	at java.util.concurrent.ThreadPoolExecutor.runWorker(ThreadPoolExecutor.java:1149)
	at java.util.concurrent.ThreadPoolExecutor$Worker.run(ThreadPoolExecutor.java:624)
	at java.lang.Thread.run(Thread.java:750)
2023-04-11 17:19:33,150 [ForkJoinPool.commonPool-worker-0] INFO  server.GrpcService (GrpcService.java:closeImpl(280)) - e6d924a0-7c53-4274-9275-f319576c3e7e: shutdown server GrpcServerProtocolService successfully
2023-04-11 17:19:33,150 [e6d924a0-7c53-4274-9275-f319576c3e7e-impl-thread3] INFO  segmented.SegmentedRaftLogWorker (SegmentedRaftLogWorker.java:close(257)) - e6d924a0-7c53-4274-9275-f319576c3e7e@group-8B96CE921AB7-SegmentedRaftLogWorker close()
2023-04-11 17:19:33,150 [e6d924a0-7c53-4274-9275-f319576c3e7e-NettyServerStreamRpc-bossGroup--thread1] INFO  logging.LoggingHandler (AbstractInternalLogger.java:log(148)) - [id: 0x292b5598, L:/0:0:0:0:0:0:0:0:33769] CLOSE
2023-04-11 17:19:33,151 [e6d924a0-7c53-4274-9275-f319576c3e7e-NettyServerStreamRpc-bossGroup--thread1] INFO  logging.LoggingHandler (AbstractInternalLogger.java:log(148)) - [id: 0x292b5598, L:/0:0:0:0:0:0:0:0:33769] INACTIVE
2023-04-11 17:19:33,151 [e6d924a0-7c53-4274-9275-f319576c3e7e-NettyServerStreamRpc-bossGroup--thread1] INFO  logging.LoggingHandler (AbstractInternalLogger.java:log(148)) - [id: 0x292b5598, L:/0:0:0:0:0:0:0:0:33769] UNREGISTERED
2023-04-11 17:19:33,153 [e6d924a0-7c53-4274-9275-f319576c3e7e-impl-thread1] INFO  impl.StateMachineUpdater (StateMachineUpdater.java:stopAndJoin(153)) - e6d924a0-7c53-4274-9275-f319576c3e7e@group-ACF34F2E288E-StateMachineUpdater: set stopIndex = 29
2023-04-11 17:19:33,153 [e6d924a0-7c53-4274-9275-f319576c3e7e@group-ACF34F2E288E-StateMachineUpdater] INFO  ratis.ContainerStateMachine (ContainerStateMachine.java:takeSnapshot(330)) - group-ACF34F2E288E: Taking a snapshot at:(t:1, i:29) file /home/runner/work/ozone/ozone/hadoop-ozone/integration-test/target/test-dir/MiniOzoneClusterImpl-7d6c2114-24de-471a-af28-9a4df9894e15/datanode-1/data/ratis/f6989f48-5272-4e73-8582-acf34f2e288e/sm/snapshot.1_29
2023-04-11 17:19:33,154 [e6d924a0-7c53-4274-9275-f319576c3e7e@group-ACF34F2E288E-StateMachineUpdater] INFO  ratis.ContainerStateMachine (ContainerStateMachine.java:takeSnapshot(341)) - group-ACF34F2E288E: Finished taking a snapshot at:(t:1, i:29) file:/home/runner/work/ozone/ozone/hadoop-ozone/integration-test/target/test-dir/MiniOzoneClusterImpl-7d6c2114-24de-471a-af28-9a4df9894e15/datanode-1/data/ratis/f6989f48-5272-4e73-8582-acf34f2e288e/sm/snapshot.1_29 took: 1 ms
2023-04-11 17:19:33,155 [e6d924a0-7c53-4274-9275-f319576c3e7e@group-ACF34F2E288E-StateMachineUpdater] INFO  impl.StateMachineUpdater (StateMachineUpdater.java:takeSnapshot(287)) - e6d924a0-7c53-4274-9275-f319576c3e7e@group-ACF34F2E288E-StateMachineUpdater: Took a snapshot at index 29
2023-04-11 17:19:33,155 [e6d924a0-7c53-4274-9275-f319576c3e7e@group-ACF34F2E288E-StateMachineUpdater] INFO  impl.StateMachineUpdater (StateMachineUpdater.java:lambda$new$0(92)) - e6d924a0-7c53-4274-9275-f319576c3e7e@group-ACF34F2E288E-StateMachineUpdater: snapshotIndex: updateIncreasingly -1 -> 29
2023-04-11 17:19:33,165 [Listener at 127.0.0.1/45623] INFO  server.GrpcService (GrpcService.java:closeImpl(280)) - 88c84cd2-72ca-4eec-b7eb-2fcd5700cf38: shutdown server GrpcServerProtocolService successfully
2023-04-11 17:19:33,165 [88c84cd2-72ca-4eec-b7eb-2fcd5700cf38-NettyServerStreamRpc-bossGroup--thread1] INFO  logging.LoggingHandler (AbstractInternalLogger.java:log(148)) - [id: 0xbfe486b7, L:/0:0:0:0:0:0:0:0:38609] CLOSE
2023-04-11 17:19:33,165 [88c84cd2-72ca-4eec-b7eb-2fcd5700cf38-NettyServerStreamRpc-bossGroup--thread1] INFO  logging.LoggingHandler (AbstractInternalLogger.java:log(148)) - [id: 0xbfe486b7, L:/0:0:0:0:0:0:0:0:38609] INACTIVE
2023-04-11 17:19:33,165 [88c84cd2-72ca-4eec-b7eb-2fcd5700cf38-NettyServerStreamRpc-bossGroup--thread1] INFO  logging.LoggingHandler (AbstractInternalLogger.java:log(148)) - [id: 0xbfe486b7, L:/0:0:0:0:0:0:0:0:38609] UNREGISTERED
2023-04-11 17:19:33,171 [e6d924a0-7c53-4274-9275-f319576c3e7e-impl-thread1] INFO  server.RaftServer$Division (ServerState.java:close(466)) - e6d924a0-7c53-4274-9275-f319576c3e7e@group-ACF34F2E288E: closes. applyIndex: 29
2023-04-11 17:19:33,171 [e6d924a0-7c53-4274-9275-f319576c3e7e@group-ACF34F2E288E-SegmentedRaftLogWorker] INFO  segmented.SegmentedRaftLogWorker (SegmentedRaftLogWorker.java:run(347)) - e6d924a0-7c53-4274-9275-f319576c3e7e@group-ACF34F2E288E-SegmentedRaftLogWorker was interrupted, exiting. There are 0 tasks remaining in the queue.
2023-04-11 17:19:33,175 [e6d924a0-7c53-4274-9275-f319576c3e7e-impl-thread1] INFO  segmented.SegmentedRaftLogWorker (SegmentedRaftLogWorker.java:close(257)) - e6d924a0-7c53-4274-9275-f319576c3e7e@group-ACF34F2E288E-SegmentedRaftLogWorker close()
2023-04-11 17:19:33,180 [JvmPauseMonitor14] INFO  util.JvmPauseMonitor (JvmPauseMonitor.java:run(111)) - JvmPauseMonitor-88c84cd2-72ca-4eec-b7eb-2fcd5700cf38: Stopped
2023-04-11 17:19:33,181 [JvmPauseMonitor13] INFO  util.JvmPauseMonitor (JvmPauseMonitor.java:run(111)) - JvmPauseMonitor-e6d924a0-7c53-4274-9275-f319576c3e7e: Stopped
2023-04-11 17:19:35,197 [Listener at 127.0.0.1/45623] INFO  volume.HddsVolume (HddsVolume.java:closeDbStore(437)) - SchemaV3 db is stopped at /home/runner/work/ozone/ozone/hadoop-ozone/integration-test/target/test-dir/MiniOzoneClusterImpl-7d6c2114-24de-471a-af28-9a4df9894e15/datanode-2/data-0/containers/hdds/7d6c2114-24de-471a-af28-9a4df9894e15/DS-23c5b634-dc7e-4418-bd8f-ae9fa9a16325/container.db for volume DS-23c5b634-dc7e-4418-bd8f-ae9fa9a16325
2023-04-11 17:19:35,198 [Listener at 127.0.0.1/45623] INFO  utils.BackgroundService (BackgroundService.java:shutdown(141)) - Shutting down service BlockDeletingService
2023-04-11 17:19:35,198 [Listener at 127.0.0.1/45623] INFO  utils.BackgroundService (BackgroundService.java:shutdown(141)) - Shutting down service StaleRecoveringContainerScrubbingService
2023-04-11 17:19:35,201 [Listener at 127.0.0.1/45623] INFO  statemachine.DatanodeStateMachine (DatanodeStateMachine.java:stopDaemon(601)) - Ozone container server stopped.
2023-04-11 17:19:35,204 [ForkJoinPool.commonPool-worker-0] INFO  volume.HddsVolume (HddsVolume.java:closeDbStore(437)) - SchemaV3 db is stopped at /home/runner/work/ozone/ozone/hadoop-ozone/integration-test/target/test-dir/MiniOzoneClusterImpl-7d6c2114-24de-471a-af28-9a4df9894e15/datanode-1/data-0/containers/hdds/7d6c2114-24de-471a-af28-9a4df9894e15/DS-ed8cbe94-5b82-4bab-a270-d4de5149eaf0/container.db for volume DS-ed8cbe94-5b82-4bab-a270-d4de5149eaf0
2023-04-11 17:19:35,205 [ForkJoinPool.commonPool-worker-0] INFO  utils.BackgroundService (BackgroundService.java:shutdown(141)) - Shutting down service BlockDeletingService
2023-04-11 17:19:35,205 [ForkJoinPool.commonPool-worker-0] INFO  utils.BackgroundService (BackgroundService.java:shutdown(141)) - Shutting down service StaleRecoveringContainerScrubbingService
2023-04-11 17:19:35,210 [ForkJoinPool.commonPool-worker-0] INFO  statemachine.DatanodeStateMachine (DatanodeStateMachine.java:stopDaemon(601)) - Ozone container server stopped.
2023-04-11 17:19:35,216 [Listener at 127.0.0.1/45623] INFO  handler.ContextHandler (ContextHandler.java:doStop(1159)) - Stopped o.e.j.w.WebAppContext@705910dc{hddsDatanode,/,null,STOPPED}{jar:file:/home/runner/.m2/repository/org/apache/ozone/hdds-container-service/1.4.0-SNAPSHOT/hdds-container-service-1.4.0-SNAPSHOT.jar!/webapps/hddsDatanode}
2023-04-11 17:19:35,217 [Listener at 127.0.0.1/45623] INFO  server.AbstractConnector (AbstractConnector.java:doStop(383)) - Stopped ServerConnector@21b4fa63{HTTP/1.1, (http/1.1)}{0.0.0.0:0}
2023-04-11 17:19:35,217 [Listener at 127.0.0.1/45623] INFO  server.session (HouseKeeper.java:stopScavenging(149)) - node0 Stopped scavenging
2023-04-11 17:19:35,217 [Listener at 127.0.0.1/45623] INFO  handler.ContextHandler (ContextHandler.java:doStop(1159)) - Stopped o.e.j.s.ServletContextHandler@69f69592{static,/static,jar:file:/home/runner/.m2/repository/org/apache/ozone/hdds-container-service/1.4.0-SNAPSHOT/hdds-container-service-1.4.0-SNAPSHOT.jar!/webapps/static,STOPPED}
2023-04-11 17:19:35,218 [Listener at 127.0.0.1/45623] INFO  handler.ContextHandler (ContextHandler.java:doStop(1159)) - Stopped o.e.j.s.ServletContextHandler@153000a{logs,/logs,file:///home/runner/work/ozone/ozone/hadoop-ozone/integration-test/target/log,STOPPED}
2023-04-11 17:19:35,221 [Listener at 127.0.0.1/45623] INFO  ozoneimpl.OzoneContainer (OzoneContainer.java:stop(419)) - Attempting to stop container services.
2023-04-11 17:19:35,222 [Listener at 127.0.0.1/45623] INFO  server.RaftServer (RaftServerProxy.java:lambda$close$6(409)) - b174b524-4137-4544-9099-51b684ecdb2f: close
2023-04-11 17:19:35,223 [b174b524-4137-4544-9099-51b684ecdb2f-impl-thread1] INFO  server.RaftServer$Division (RaftServerImpl.java:lambda$close$4(458)) - b174b524-4137-4544-9099-51b684ecdb2f@group-3D083AF0F858: shutdown
2023-04-11 17:19:35,223 [b174b524-4137-4544-9099-51b684ecdb2f-impl-thread1] INFO  util.JmxRegister (JmxRegister.java:unregister(73)) - Successfully un-registered JMX Bean with object name Ratis:service=RaftServer,group=group-3D083AF0F858,id=b174b524-4137-4544-9099-51b684ecdb2f
2023-04-11 17:19:35,223 [b174b524-4137-4544-9099-51b684ecdb2f-impl-thread1] INFO  impl.RoleInfo (RoleInfo.java:shutdownLeaderState(93)) - b174b524-4137-4544-9099-51b684ecdb2f: shutdown b174b524-4137-4544-9099-51b684ecdb2f@group-3D083AF0F858-LeaderStateImpl
2023-04-11 17:19:35,223 [b174b524-4137-4544-9099-51b684ecdb2f-impl-thread1] INFO  impl.PendingRequests (PendingRequests.java:sendNotLeaderResponses(282)) - b174b524-4137-4544-9099-51b684ecdb2f@group-3D083AF0F858-PendingRequests: sendNotLeaderResponses
2023-04-11 17:19:35,223 [b174b524-4137-4544-9099-51b684ecdb2f-impl-thread1] INFO  impl.StateMachineUpdater (StateMachineUpdater.java:stopAndJoin(153)) - b174b524-4137-4544-9099-51b684ecdb2f@group-3D083AF0F858-StateMachineUpdater: set stopIndex = 0
2023-04-11 17:19:35,224 [b174b524-4137-4544-9099-51b684ecdb2f@group-3D083AF0F858-StateMachineUpdater] INFO  ratis.ContainerStateMachine (ContainerStateMachine.java:takeSnapshot(330)) - group-3D083AF0F858: Taking a snapshot at:(t:1, i:0) file /home/runner/work/ozone/ozone/hadoop-ozone/integration-test/target/test-dir/MiniOzoneClusterImpl-7d6c2114-24de-471a-af28-9a4df9894e15/datanode-4/data/ratis/54008dd2-f729-4cc7-9569-3d083af0f858/sm/snapshot.1_0
2023-04-11 17:19:35,226 [b174b524-4137-4544-9099-51b684ecdb2f@group-3D083AF0F858-StateMachineUpdater] INFO  ratis.ContainerStateMachine (ContainerStateMachine.java:takeSnapshot(341)) - group-3D083AF0F858: Finished taking a snapshot at:(t:1, i:0) file:/home/runner/work/ozone/ozone/hadoop-ozone/integration-test/target/test-dir/MiniOzoneClusterImpl-7d6c2114-24de-471a-af28-9a4df9894e15/datanode-4/data/ratis/54008dd2-f729-4cc7-9569-3d083af0f858/sm/snapshot.1_0 took: 2 ms
2023-04-11 17:19:35,226 [b174b524-4137-4544-9099-51b684ecdb2f@group-3D083AF0F858-StateMachineUpdater] INFO  impl.StateMachineUpdater (StateMachineUpdater.java:takeSnapshot(287)) - b174b524-4137-4544-9099-51b684ecdb2f@group-3D083AF0F858-StateMachineUpdater: Took a snapshot at index 0
2023-04-11 17:19:35,226 [b174b524-4137-4544-9099-51b684ecdb2f@group-3D083AF0F858-StateMachineUpdater] INFO  impl.StateMachineUpdater (StateMachineUpdater.java:lambda$new$0(92)) - b174b524-4137-4544-9099-51b684ecdb2f@group-3D083AF0F858-StateMachineUpdater: snapshotIndex: updateIncreasingly -1 -> 0
2023-04-11 17:19:35,227 [b174b524-4137-4544-9099-51b684ecdb2f-impl-thread1] INFO  server.RaftServer$Division (ServerState.java:close(466)) - b174b524-4137-4544-9099-51b684ecdb2f@group-3D083AF0F858: closes. applyIndex: 0
2023-04-11 17:19:35,227 [b174b524-4137-4544-9099-51b684ecdb2f@group-3D083AF0F858-SegmentedRaftLogWorker] INFO  segmented.SegmentedRaftLogWorker (SegmentedRaftLogWorker.java:run(347)) - b174b524-4137-4544-9099-51b684ecdb2f@group-3D083AF0F858-SegmentedRaftLogWorker was interrupted, exiting. There are 0 tasks remaining in the queue.
2023-04-11 17:19:35,229 [b174b524-4137-4544-9099-51b684ecdb2f-impl-thread1] INFO  segmented.SegmentedRaftLogWorker (SegmentedRaftLogWorker.java:close(257)) - b174b524-4137-4544-9099-51b684ecdb2f@group-3D083AF0F858-SegmentedRaftLogWorker close()
2023-04-11 17:19:35,232 [Listener at 127.0.0.1/45623] INFO  server.GrpcService (GrpcService.java:closeImpl(271)) - b174b524-4137-4544-9099-51b684ecdb2f: shutdown server GrpcServerProtocolService now
2023-04-11 17:19:35,234 [Listener at 127.0.0.1/45623] INFO  server.GrpcService (GrpcService.java:closeImpl(280)) - b174b524-4137-4544-9099-51b684ecdb2f: shutdown server GrpcServerProtocolService successfully
2023-04-11 17:19:35,234 [b174b524-4137-4544-9099-51b684ecdb2f-NettyServerStreamRpc-bossGroup--thread1] INFO  logging.LoggingHandler (AbstractInternalLogger.java:log(148)) - [id: 0x61534c0c, L:/0:0:0:0:0:0:0:0:37003] CLOSE
2023-04-11 17:19:35,234 [b174b524-4137-4544-9099-51b684ecdb2f-NettyServerStreamRpc-bossGroup--thread1] INFO  logging.LoggingHandler (AbstractInternalLogger.java:log(148)) - [id: 0x61534c0c, L:/0:0:0:0:0:0:0:0:37003] INACTIVE
2023-04-11 17:19:35,234 [b174b524-4137-4544-9099-51b684ecdb2f-NettyServerStreamRpc-bossGroup--thread1] INFO  logging.LoggingHandler (AbstractInternalLogger.java:log(148)) - [id: 0x61534c0c, L:/0:0:0:0:0:0:0:0:37003] UNREGISTERED
2023-04-11 17:19:35,244 [ForkJoinPool.commonPool-worker-0] INFO  handler.ContextHandler (ContextHandler.java:doStop(1159)) - Stopped o.e.j.w.WebAppContext@6066afa8{hddsDatanode,/,null,STOPPED}{jar:file:/home/runner/.m2/repository/org/apache/ozone/hdds-container-service/1.4.0-SNAPSHOT/hdds-container-service-1.4.0-SNAPSHOT.jar!/webapps/hddsDatanode}
2023-04-11 17:19:35,244 [ForkJoinPool.commonPool-worker-0] INFO  server.AbstractConnector (AbstractConnector.java:doStop(383)) - Stopped ServerConnector@1b743055{HTTP/1.1, (http/1.1)}{0.0.0.0:0}
2023-04-11 17:19:35,244 [ForkJoinPool.commonPool-worker-0] INFO  server.session (HouseKeeper.java:stopScavenging(149)) - node0 Stopped scavenging
2023-04-11 17:19:35,245 [ForkJoinPool.commonPool-worker-0] INFO  handler.ContextHandler (ContextHandler.java:doStop(1159)) - Stopped o.e.j.s.ServletContextHandler@3245ecb6{static,/static,jar:file:/home/runner/.m2/repository/org/apache/ozone/hdds-container-service/1.4.0-SNAPSHOT/hdds-container-service-1.4.0-SNAPSHOT.jar!/webapps/static,STOPPED}
2023-04-11 17:19:35,246 [ForkJoinPool.commonPool-worker-0] INFO  handler.ContextHandler (ContextHandler.java:doStop(1159)) - Stopped o.e.j.s.ServletContextHandler@76601281{logs,/logs,file:///home/runner/work/ozone/ozone/hadoop-ozone/integration-test/target/log,STOPPED}
2023-04-11 17:19:35,248 [JvmPauseMonitor16] INFO  util.JvmPauseMonitor (JvmPauseMonitor.java:run(111)) - JvmPauseMonitor-b174b524-4137-4544-9099-51b684ecdb2f: Stopped
2023-04-11 17:19:35,253 [ForkJoinPool.commonPool-worker-0] INFO  ozoneimpl.OzoneContainer (OzoneContainer.java:stop(419)) - Attempting to stop container services.
2023-04-11 17:19:35,253 [ForkJoinPool.commonPool-worker-0] INFO  server.RaftServer (RaftServerProxy.java:lambda$close$6(409)) - a8e18eb8-676b-4d89-b1ed-2f6ae890a6f9: close
2023-04-11 17:19:35,253 [a8e18eb8-676b-4d89-b1ed-2f6ae890a6f9-impl-thread1] INFO  server.RaftServer$Division (RaftServerImpl.java:lambda$close$4(458)) - a8e18eb8-676b-4d89-b1ed-2f6ae890a6f9@group-ACF34F2E288E: shutdown
2023-04-11 17:19:35,253 [a8e18eb8-676b-4d89-b1ed-2f6ae890a6f9-impl-thread1] INFO  util.JmxRegister (JmxRegister.java:unregister(73)) - Successfully un-registered JMX Bean with object name Ratis:service=RaftServer,group=group-ACF34F2E288E,id=a8e18eb8-676b-4d89-b1ed-2f6ae890a6f9
2023-04-11 17:19:35,253 [a8e18eb8-676b-4d89-b1ed-2f6ae890a6f9-impl-thread1] INFO  impl.RoleInfo (RoleInfo.java:shutdownFollowerState(110)) - a8e18eb8-676b-4d89-b1ed-2f6ae890a6f9: shutdown a8e18eb8-676b-4d89-b1ed-2f6ae890a6f9@group-ACF34F2E288E-FollowerState
2023-04-11 17:19:35,254 [a8e18eb8-676b-4d89-b1ed-2f6ae890a6f9-impl-thread1] INFO  impl.StateMachineUpdater (StateMachineUpdater.java:stopAndJoin(153)) - a8e18eb8-676b-4d89-b1ed-2f6ae890a6f9@group-ACF34F2E288E-StateMachineUpdater: set stopIndex = 29
2023-04-11 17:19:35,254 [a8e18eb8-676b-4d89-b1ed-2f6ae890a6f9@group-ACF34F2E288E-FollowerState] INFO  impl.FollowerState (FollowerState.java:run(152)) - a8e18eb8-676b-4d89-b1ed-2f6ae890a6f9@group-ACF34F2E288E-FollowerState was interrupted
2023-04-11 17:19:35,254 [ForkJoinPool.commonPool-worker-0] INFO  server.GrpcService (GrpcService.java:closeImpl(271)) - a8e18eb8-676b-4d89-b1ed-2f6ae890a6f9: shutdown server GrpcServerProtocolService now
2023-04-11 17:19:35,255 [ForkJoinPool.commonPool-worker-0] INFO  server.GrpcServerProtocolClient (GrpcServerProtocolClient.java:close(101)) - 88c84cd2-72ca-4eec-b7eb-2fcd5700cf38 Close channels
2023-04-11 17:19:35,255 [ForkJoinPool.commonPool-worker-0] INFO  server.GrpcServerProtocolClient (GrpcServerProtocolClient.java:close(101)) - e6d924a0-7c53-4274-9275-f319576c3e7e Close channels
2023-04-11 17:19:35,255 [a8e18eb8-676b-4d89-b1ed-2f6ae890a6f9-impl-thread2] INFO  server.RaftServer$Division (RaftServerImpl.java:lambda$close$4(458)) - a8e18eb8-676b-4d89-b1ed-2f6ae890a6f9@group-C3E50C8F3973: shutdown
2023-04-11 17:19:35,254 [a8e18eb8-676b-4d89-b1ed-2f6ae890a6f9@group-ACF34F2E288E-StateMachineUpdater] INFO  ratis.ContainerStateMachine (ContainerStateMachine.java:takeSnapshot(330)) - group-ACF34F2E288E: Taking a snapshot at:(t:1, i:29) file /home/runner/work/ozone/ozone/hadoop-ozone/integration-test/target/test-dir/MiniOzoneClusterImpl-7d6c2114-24de-471a-af28-9a4df9894e15/datanode-0/data/ratis/f6989f48-5272-4e73-8582-acf34f2e288e/sm/snapshot.1_29
2023-04-11 17:19:35,256 [a8e18eb8-676b-4d89-b1ed-2f6ae890a6f9-impl-thread3] INFO  server.RaftServer$Division (RaftServerImpl.java:lambda$close$4(458)) - a8e18eb8-676b-4d89-b1ed-2f6ae890a6f9@group-8B96CE921AB7: shutdown
2023-04-11 17:19:35,256 [ForkJoinPool.commonPool-worker-0] INFO  server.GrpcService (GrpcService.java:closeImpl(280)) - a8e18eb8-676b-4d89-b1ed-2f6ae890a6f9: shutdown server GrpcServerProtocolService successfully
2023-04-11 17:19:35,261 [a8e18eb8-676b-4d89-b1ed-2f6ae890a6f9@group-ACF34F2E288E-StateMachineUpdater] INFO  ratis.ContainerStateMachine (ContainerStateMachine.java:takeSnapshot(341)) - group-ACF34F2E288E: Finished taking a snapshot at:(t:1, i:29) file:/home/runner/work/ozone/ozone/hadoop-ozone/integration-test/target/test-dir/MiniOzoneClusterImpl-7d6c2114-24de-471a-af28-9a4df9894e15/datanode-0/data/ratis/f6989f48-5272-4e73-8582-acf34f2e288e/sm/snapshot.1_29 took: 7 ms
2023-04-11 17:19:35,263 [a8e18eb8-676b-4d89-b1ed-2f6ae890a6f9-impl-thread3] INFO  util.JmxRegister (JmxRegister.java:unregister(73)) - Successfully un-registered JMX Bean with object name Ratis:service=RaftServer,group=group-8B96CE921AB7,id=a8e18eb8-676b-4d89-b1ed-2f6ae890a6f9
2023-04-11 17:19:35,263 [a8e18eb8-676b-4d89-b1ed-2f6ae890a6f9-impl-thread3] INFO  impl.RoleInfo (RoleInfo.java:shutdownFollowerState(110)) - a8e18eb8-676b-4d89-b1ed-2f6ae890a6f9: shutdown a8e18eb8-676b-4d89-b1ed-2f6ae890a6f9@group-8B96CE921AB7-FollowerState
2023-04-11 17:19:35,263 [a8e18eb8-676b-4d89-b1ed-2f6ae890a6f9@group-8B96CE921AB7-FollowerState] INFO  impl.FollowerState (FollowerState.java:run(152)) - a8e18eb8-676b-4d89-b1ed-2f6ae890a6f9@group-8B96CE921AB7-FollowerState was interrupted
2023-04-11 17:19:35,263 [a8e18eb8-676b-4d89-b1ed-2f6ae890a6f9@group-ACF34F2E288E-StateMachineUpdater] INFO  impl.StateMachineUpdater (StateMachineUpdater.java:takeSnapshot(287)) - a8e18eb8-676b-4d89-b1ed-2f6ae890a6f9@group-ACF34F2E288E-StateMachineUpdater: Took a snapshot at index 29
2023-04-11 17:19:35,264 [a8e18eb8-676b-4d89-b1ed-2f6ae890a6f9@group-ACF34F2E288E-StateMachineUpdater] INFO  impl.StateMachineUpdater (StateMachineUpdater.java:lambda$new$0(92)) - a8e18eb8-676b-4d89-b1ed-2f6ae890a6f9@group-ACF34F2E288E-StateMachineUpdater: snapshotIndex: updateIncreasingly -1 -> 29
2023-04-11 17:19:35,264 [a8e18eb8-676b-4d89-b1ed-2f6ae890a6f9@group-8B96CE921AB7-StateMachineUpdater] INFO  ratis.ContainerStateMachine (ContainerStateMachine.java:takeSnapshot(330)) - group-8B96CE921AB7: Taking a snapshot at:(t:1, i:0) file /home/runner/work/ozone/ozone/hadoop-ozone/integration-test/target/test-dir/MiniOzoneClusterImpl-7d6c2114-24de-471a-af28-9a4df9894e15/datanode-0/data/ratis/a3990966-70ec-425c-9f61-8b96ce921ab7/sm/snapshot.1_0
2023-04-11 17:19:35,264 [a8e18eb8-676b-4d89-b1ed-2f6ae890a6f9-NettyServerStreamRpc-bossGroup--thread1] INFO  logging.LoggingHandler (AbstractInternalLogger.java:log(148)) - [id: 0xa63a91ef, L:/0:0:0:0:0:0:0:0:37603] CLOSE
2023-04-11 17:19:35,264 [a8e18eb8-676b-4d89-b1ed-2f6ae890a6f9-impl-thread3] INFO  impl.StateMachineUpdater (StateMachineUpdater.java:stopAndJoin(153)) - a8e18eb8-676b-4d89-b1ed-2f6ae890a6f9@group-8B96CE921AB7-StateMachineUpdater: set stopIndex = 0
2023-04-11 17:19:35,265 [a8e18eb8-676b-4d89-b1ed-2f6ae890a6f9-impl-thread1] INFO  server.RaftServer$Division (ServerState.java:close(466)) - a8e18eb8-676b-4d89-b1ed-2f6ae890a6f9@group-ACF34F2E288E: closes. applyIndex: 29
2023-04-11 17:19:35,265 [a8e18eb8-676b-4d89-b1ed-2f6ae890a6f9@group-ACF34F2E288E-SegmentedRaftLogWorker] INFO  segmented.SegmentedRaftLogWorker (SegmentedRaftLogWorker.java:run(347)) - a8e18eb8-676b-4d89-b1ed-2f6ae890a6f9@group-ACF34F2E288E-SegmentedRaftLogWorker was interrupted, exiting. There are 0 tasks remaining in the queue.
2023-04-11 17:19:35,265 [a8e18eb8-676b-4d89-b1ed-2f6ae890a6f9-NettyServerStreamRpc-bossGroup--thread1] INFO  logging.LoggingHandler (AbstractInternalLogger.java:log(148)) - [id: 0xa63a91ef, L:/0:0:0:0:0:0:0:0:37603] INACTIVE
2023-04-11 17:19:35,266 [a8e18eb8-676b-4d89-b1ed-2f6ae890a6f9-impl-thread1] INFO  segmented.SegmentedRaftLogWorker (SegmentedRaftLogWorker.java:close(257)) - a8e18eb8-676b-4d89-b1ed-2f6ae890a6f9@group-ACF34F2E288E-SegmentedRaftLogWorker close()
2023-04-11 17:19:35,260 [a8e18eb8-676b-4d89-b1ed-2f6ae890a6f9-impl-thread2] INFO  util.JmxRegister (JmxRegister.java:unregister(73)) - Successfully un-registered JMX Bean with object name Ratis:service=RaftServer,group=group-C3E50C8F3973,id=a8e18eb8-676b-4d89-b1ed-2f6ae890a6f9
2023-04-11 17:19:35,266 [a8e18eb8-676b-4d89-b1ed-2f6ae890a6f9-NettyServerStreamRpc-bossGroup--thread1] INFO  logging.LoggingHandler (AbstractInternalLogger.java:log(148)) - [id: 0xa63a91ef, L:/0:0:0:0:0:0:0:0:37603] UNREGISTERED
2023-04-11 17:19:35,265 [a8e18eb8-676b-4d89-b1ed-2f6ae890a6f9@group-8B96CE921AB7-StateMachineUpdater] INFO  ratis.ContainerStateMachine (ContainerStateMachine.java:takeSnapshot(341)) - group-8B96CE921AB7: Finished taking a snapshot at:(t:1, i:0) file:/home/runner/work/ozone/ozone/hadoop-ozone/integration-test/target/test-dir/MiniOzoneClusterImpl-7d6c2114-24de-471a-af28-9a4df9894e15/datanode-0/data/ratis/a3990966-70ec-425c-9f61-8b96ce921ab7/sm/snapshot.1_0 took: 2 ms
2023-04-11 17:19:35,268 [a8e18eb8-676b-4d89-b1ed-2f6ae890a6f9-impl-thread2] INFO  impl.RoleInfo (RoleInfo.java:shutdownLeaderState(93)) - a8e18eb8-676b-4d89-b1ed-2f6ae890a6f9: shutdown a8e18eb8-676b-4d89-b1ed-2f6ae890a6f9@group-C3E50C8F3973-LeaderStateImpl
2023-04-11 17:19:35,268 [a8e18eb8-676b-4d89-b1ed-2f6ae890a6f9@group-8B96CE921AB7-StateMachineUpdater] INFO  impl.StateMachineUpdater (StateMachineUpdater.java:takeSnapshot(287)) - a8e18eb8-676b-4d89-b1ed-2f6ae890a6f9@group-8B96CE921AB7-StateMachineUpdater: Took a snapshot at index 0
2023-04-11 17:19:35,268 [a8e18eb8-676b-4d89-b1ed-2f6ae890a6f9-impl-thread2] INFO  impl.PendingRequests (PendingRequests.java:sendNotLeaderResponses(282)) - a8e18eb8-676b-4d89-b1ed-2f6ae890a6f9@group-C3E50C8F3973-PendingRequests: sendNotLeaderResponses
2023-04-11 17:19:35,268 [a8e18eb8-676b-4d89-b1ed-2f6ae890a6f9@group-8B96CE921AB7-StateMachineUpdater] INFO  impl.StateMachineUpdater (StateMachineUpdater.java:lambda$new$0(92)) - a8e18eb8-676b-4d89-b1ed-2f6ae890a6f9@group-8B96CE921AB7-StateMachineUpdater: snapshotIndex: updateIncreasingly -1 -> 0
2023-04-11 17:19:35,268 [a8e18eb8-676b-4d89-b1ed-2f6ae890a6f9-impl-thread3] INFO  server.RaftServer$Division (ServerState.java:close(466)) - a8e18eb8-676b-4d89-b1ed-2f6ae890a6f9@group-8B96CE921AB7: closes. applyIndex: 0
2023-04-11 17:19:35,268 [a8e18eb8-676b-4d89-b1ed-2f6ae890a6f9@group-C3E50C8F3973-StateMachineUpdater] INFO  ratis.ContainerStateMachine (ContainerStateMachine.java:takeSnapshot(330)) - group-C3E50C8F3973: Taking a snapshot at:(t:1, i:0) file /home/runner/work/ozone/ozone/hadoop-ozone/integration-test/target/test-dir/MiniOzoneClusterImpl-7d6c2114-24de-471a-af28-9a4df9894e15/datanode-0/data/ratis/8c67446f-1261-47e6-b545-c3e50c8f3973/sm/snapshot.1_0
2023-04-11 17:19:35,268 [a8e18eb8-676b-4d89-b1ed-2f6ae890a6f9-impl-thread2] INFO  impl.StateMachineUpdater (StateMachineUpdater.java:stopAndJoin(153)) - a8e18eb8-676b-4d89-b1ed-2f6ae890a6f9@group-C3E50C8F3973-StateMachineUpdater: set stopIndex = 0
2023-04-11 17:19:35,269 [a8e18eb8-676b-4d89-b1ed-2f6ae890a6f9@group-C3E50C8F3973-StateMachineUpdater] INFO  ratis.ContainerStateMachine (ContainerStateMachine.java:takeSnapshot(341)) - group-C3E50C8F3973: Finished taking a snapshot at:(t:1, i:0) file:/home/runner/work/ozone/ozone/hadoop-ozone/integration-test/target/test-dir/MiniOzoneClusterImpl-7d6c2114-24de-471a-af28-9a4df9894e15/datanode-0/data/ratis/8c67446f-1261-47e6-b545-c3e50c8f3973/sm/snapshot.1_0 took: 1 ms
2023-04-11 17:19:35,269 [a8e18eb8-676b-4d89-b1ed-2f6ae890a6f9@group-C3E50C8F3973-StateMachineUpdater] INFO  impl.StateMachineUpdater (StateMachineUpdater.java:takeSnapshot(287)) - a8e18eb8-676b-4d89-b1ed-2f6ae890a6f9@group-C3E50C8F3973-StateMachineUpdater: Took a snapshot at index 0
2023-04-11 17:19:35,269 [a8e18eb8-676b-4d89-b1ed-2f6ae890a6f9@group-C3E50C8F3973-StateMachineUpdater] INFO  impl.StateMachineUpdater (StateMachineUpdater.java:lambda$new$0(92)) - a8e18eb8-676b-4d89-b1ed-2f6ae890a6f9@group-C3E50C8F3973-StateMachineUpdater: snapshotIndex: updateIncreasingly -1 -> 0
2023-04-11 17:19:35,270 [a8e18eb8-676b-4d89-b1ed-2f6ae890a6f9-impl-thread2] INFO  server.RaftServer$Division (ServerState.java:close(466)) - a8e18eb8-676b-4d89-b1ed-2f6ae890a6f9@group-C3E50C8F3973: closes. applyIndex: 0
2023-04-11 17:19:35,270 [a8e18eb8-676b-4d89-b1ed-2f6ae890a6f9@group-8B96CE921AB7-SegmentedRaftLogWorker] INFO  segmented.SegmentedRaftLogWorker (SegmentedRaftLogWorker.java:run(347)) - a8e18eb8-676b-4d89-b1ed-2f6ae890a6f9@group-8B96CE921AB7-SegmentedRaftLogWorker was interrupted, exiting. There are 0 tasks remaining in the queue.
2023-04-11 17:19:35,270 [a8e18eb8-676b-4d89-b1ed-2f6ae890a6f9@group-C3E50C8F3973-SegmentedRaftLogWorker] INFO  segmented.SegmentedRaftLogWorker (SegmentedRaftLogWorker.java:run(347)) - a8e18eb8-676b-4d89-b1ed-2f6ae890a6f9@group-C3E50C8F3973-SegmentedRaftLogWorker was interrupted, exiting. There are 0 tasks remaining in the queue.
2023-04-11 17:19:35,270 [a8e18eb8-676b-4d89-b1ed-2f6ae890a6f9-impl-thread3] INFO  segmented.SegmentedRaftLogWorker (SegmentedRaftLogWorker.java:close(257)) - a8e18eb8-676b-4d89-b1ed-2f6ae890a6f9@group-8B96CE921AB7-SegmentedRaftLogWorker close()
2023-04-11 17:19:35,271 [a8e18eb8-676b-4d89-b1ed-2f6ae890a6f9-impl-thread2] INFO  segmented.SegmentedRaftLogWorker (SegmentedRaftLogWorker.java:close(257)) - a8e18eb8-676b-4d89-b1ed-2f6ae890a6f9@group-C3E50C8F3973-SegmentedRaftLogWorker close()
2023-04-11 17:19:35,275 [JvmPauseMonitor12] INFO  util.JvmPauseMonitor (JvmPauseMonitor.java:run(111)) - JvmPauseMonitor-a8e18eb8-676b-4d89-b1ed-2f6ae890a6f9: Stopped
2023-04-11 17:19:37,253 [Listener at 127.0.0.1/45623] INFO  volume.HddsVolume (HddsVolume.java:closeDbStore(437)) - SchemaV3 db is stopped at /home/runner/work/ozone/ozone/hadoop-ozone/integration-test/target/test-dir/MiniOzoneClusterImpl-7d6c2114-24de-471a-af28-9a4df9894e15/datanode-4/data-0/containers/hdds/7d6c2114-24de-471a-af28-9a4df9894e15/DS-0819b5d7-a708-4ff2-b8d1-add55acd19ba/container.db for volume DS-0819b5d7-a708-4ff2-b8d1-add55acd19ba
2023-04-11 17:19:37,253 [Listener at 127.0.0.1/45623] INFO  utils.BackgroundService (BackgroundService.java:shutdown(141)) - Shutting down service BlockDeletingService
2023-04-11 17:19:37,254 [Listener at 127.0.0.1/45623] INFO  utils.BackgroundService (BackgroundService.java:shutdown(141)) - Shutting down service StaleRecoveringContainerScrubbingService
2023-04-11 17:19:37,256 [Listener at 127.0.0.1/45623] INFO  statemachine.DatanodeStateMachine (DatanodeStateMachine.java:stopDaemon(601)) - Ozone container server stopped.
2023-04-11 17:19:37,268 [Listener at 127.0.0.1/45623] INFO  handler.ContextHandler (ContextHandler.java:doStop(1159)) - Stopped o.e.j.w.WebAppContext@3ee00406{hddsDatanode,/,null,STOPPED}{jar:file:/home/runner/.m2/repository/org/apache/ozone/hdds-container-service/1.4.0-SNAPSHOT/hdds-container-service-1.4.0-SNAPSHOT.jar!/webapps/hddsDatanode}
2023-04-11 17:19:37,269 [Listener at 127.0.0.1/45623] INFO  server.AbstractConnector (AbstractConnector.java:doStop(383)) - Stopped ServerConnector@10028158{HTTP/1.1, (http/1.1)}{0.0.0.0:0}
2023-04-11 17:19:37,269 [Listener at 127.0.0.1/45623] INFO  server.session (HouseKeeper.java:stopScavenging(149)) - node0 Stopped scavenging
2023-04-11 17:19:37,269 [Listener at 127.0.0.1/45623] INFO  handler.ContextHandler (ContextHandler.java:doStop(1159)) - Stopped o.e.j.s.ServletContextHandler@133d23d8{static,/static,jar:file:/home/runner/.m2/repository/org/apache/ozone/hdds-container-service/1.4.0-SNAPSHOT/hdds-container-service-1.4.0-SNAPSHOT.jar!/webapps/static,STOPPED}
2023-04-11 17:19:37,269 [Listener at 127.0.0.1/45623] INFO  handler.ContextHandler (ContextHandler.java:doStop(1159)) - Stopped o.e.j.s.ServletContextHandler@4c92384f{logs,/logs,file:///home/runner/work/ozone/ozone/hadoop-ozone/integration-test/target/log,STOPPED}
2023-04-11 17:19:37,272 [Listener at 127.0.0.1/45623] INFO  ozoneimpl.OzoneContainer (OzoneContainer.java:stop(419)) - Attempting to stop container services.
2023-04-11 17:19:37,273 [Listener at 127.0.0.1/45623] INFO  server.RaftServer (RaftServerProxy.java:lambda$close$6(409)) - e2528fcf-cc94-417b-97bd-48133fe724de: close
2023-04-11 17:19:37,273 [Listener at 127.0.0.1/45623] INFO  server.GrpcService (GrpcService.java:closeImpl(271)) - e2528fcf-cc94-417b-97bd-48133fe724de: shutdown server GrpcServerProtocolService now
2023-04-11 17:19:37,273 [e2528fcf-cc94-417b-97bd-48133fe724de-impl-thread1] INFO  server.RaftServer$Division (RaftServerImpl.java:lambda$close$4(458)) - e2528fcf-cc94-417b-97bd-48133fe724de@group-02B654EAFDEF: shutdown
2023-04-11 17:19:37,273 [e2528fcf-cc94-417b-97bd-48133fe724de-impl-thread1] INFO  util.JmxRegister (JmxRegister.java:unregister(73)) - Successfully un-registered JMX Bean with object name Ratis:service=RaftServer,group=group-02B654EAFDEF,id=e2528fcf-cc94-417b-97bd-48133fe724de
2023-04-11 17:19:37,273 [e2528fcf-cc94-417b-97bd-48133fe724de-impl-thread1] INFO  impl.RoleInfo (RoleInfo.java:shutdownLeaderState(93)) - e2528fcf-cc94-417b-97bd-48133fe724de: shutdown e2528fcf-cc94-417b-97bd-48133fe724de@group-02B654EAFDEF-LeaderStateImpl
2023-04-11 17:19:37,274 [e2528fcf-cc94-417b-97bd-48133fe724de-impl-thread1] INFO  impl.PendingRequests (PendingRequests.java:sendNotLeaderResponses(282)) - e2528fcf-cc94-417b-97bd-48133fe724de@group-02B654EAFDEF-PendingRequests: sendNotLeaderResponses
2023-04-11 17:19:37,274 [e2528fcf-cc94-417b-97bd-48133fe724de-impl-thread1] INFO  impl.StateMachineUpdater (StateMachineUpdater.java:stopAndJoin(153)) - e2528fcf-cc94-417b-97bd-48133fe724de@group-02B654EAFDEF-StateMachineUpdater: set stopIndex = 0
2023-04-11 17:19:37,274 [e2528fcf-cc94-417b-97bd-48133fe724de@group-02B654EAFDEF-StateMachineUpdater] INFO  ratis.ContainerStateMachine (ContainerStateMachine.java:takeSnapshot(330)) - group-02B654EAFDEF: Taking a snapshot at:(t:1, i:0) file /home/runner/work/ozone/ozone/hadoop-ozone/integration-test/target/test-dir/MiniOzoneClusterImpl-7d6c2114-24de-471a-af28-9a4df9894e15/datanode-3/data/ratis/302d8b3f-31be-4fbc-9fa7-02b654eafdef/sm/snapshot.1_0
2023-04-11 17:19:37,274 [Listener at 127.0.0.1/45623] INFO  server.GrpcService (GrpcService.java:closeImpl(280)) - e2528fcf-cc94-417b-97bd-48133fe724de: shutdown server GrpcServerProtocolService successfully
2023-04-11 17:19:37,275 [e2528fcf-cc94-417b-97bd-48133fe724de-NettyServerStreamRpc-bossGroup--thread1] INFO  logging.LoggingHandler (AbstractInternalLogger.java:log(148)) - [id: 0x9c243ae1, L:/0:0:0:0:0:0:0:0:42817] CLOSE
2023-04-11 17:19:37,275 [e2528fcf-cc94-417b-97bd-48133fe724de-NettyServerStreamRpc-bossGroup--thread1] INFO  logging.LoggingHandler (AbstractInternalLogger.java:log(148)) - [id: 0x9c243ae1, L:/0:0:0:0:0:0:0:0:42817] INACTIVE
2023-04-11 17:19:37,275 [e2528fcf-cc94-417b-97bd-48133fe724de-NettyServerStreamRpc-bossGroup--thread1] INFO  logging.LoggingHandler (AbstractInternalLogger.java:log(148)) - [id: 0x9c243ae1, L:/0:0:0:0:0:0:0:0:42817] UNREGISTERED
2023-04-11 17:19:37,275 [e2528fcf-cc94-417b-97bd-48133fe724de@group-02B654EAFDEF-StateMachineUpdater] INFO  ratis.ContainerStateMachine (ContainerStateMachine.java:takeSnapshot(341)) - group-02B654EAFDEF: Finished taking a snapshot at:(t:1, i:0) file:/home/runner/work/ozone/ozone/hadoop-ozone/integration-test/target/test-dir/MiniOzoneClusterImpl-7d6c2114-24de-471a-af28-9a4df9894e15/datanode-3/data/ratis/302d8b3f-31be-4fbc-9fa7-02b654eafdef/sm/snapshot.1_0 took: 2 ms
2023-04-11 17:19:37,276 [e2528fcf-cc94-417b-97bd-48133fe724de@group-02B654EAFDEF-StateMachineUpdater] INFO  impl.StateMachineUpdater (StateMachineUpdater.java:takeSnapshot(287)) - e2528fcf-cc94-417b-97bd-48133fe724de@group-02B654EAFDEF-StateMachineUpdater: Took a snapshot at index 0
2023-04-11 17:19:37,276 [e2528fcf-cc94-417b-97bd-48133fe724de@group-02B654EAFDEF-StateMachineUpdater] INFO  impl.StateMachineUpdater (StateMachineUpdater.java:lambda$new$0(92)) - e2528fcf-cc94-417b-97bd-48133fe724de@group-02B654EAFDEF-StateMachineUpdater: snapshotIndex: updateIncreasingly -1 -> 0
2023-04-11 17:19:37,277 [e2528fcf-cc94-417b-97bd-48133fe724de-impl-thread1] INFO  server.RaftServer$Division (ServerState.java:close(466)) - e2528fcf-cc94-417b-97bd-48133fe724de@group-02B654EAFDEF: closes. applyIndex: 0
2023-04-11 17:19:37,278 [e2528fcf-cc94-417b-97bd-48133fe724de@group-02B654EAFDEF-SegmentedRaftLogWorker] INFO  segmented.SegmentedRaftLogWorker (SegmentedRaftLogWorker.java:run(347)) - e2528fcf-cc94-417b-97bd-48133fe724de@group-02B654EAFDEF-SegmentedRaftLogWorker was interrupted, exiting. There are 0 tasks remaining in the queue.
2023-04-11 17:19:37,281 [e2528fcf-cc94-417b-97bd-48133fe724de-impl-thread1] INFO  segmented.SegmentedRaftLogWorker (SegmentedRaftLogWorker.java:close(257)) - e2528fcf-cc94-417b-97bd-48133fe724de@group-02B654EAFDEF-SegmentedRaftLogWorker close()
2023-04-11 17:19:37,283 [JvmPauseMonitor15] INFO  util.JvmPauseMonitor (JvmPauseMonitor.java:run(111)) - JvmPauseMonitor-e2528fcf-cc94-417b-97bd-48133fe724de: Stopped
2023-04-11 17:19:37,286 [ForkJoinPool.commonPool-worker-0] INFO  volume.HddsVolume (HddsVolume.java:closeDbStore(437)) - SchemaV3 db is stopped at /home/runner/work/ozone/ozone/hadoop-ozone/integration-test/target/test-dir/MiniOzoneClusterImpl-7d6c2114-24de-471a-af28-9a4df9894e15/datanode-0/data-0/containers/hdds/7d6c2114-24de-471a-af28-9a4df9894e15/DS-f27de2ea-d82f-4597-ac43-cc2d055af1f8/container.db for volume DS-f27de2ea-d82f-4597-ac43-cc2d055af1f8
2023-04-11 17:19:37,286 [ForkJoinPool.commonPool-worker-0] INFO  utils.BackgroundService (BackgroundService.java:shutdown(141)) - Shutting down service BlockDeletingService
2023-04-11 17:19:37,287 [ForkJoinPool.commonPool-worker-0] INFO  utils.BackgroundService (BackgroundService.java:shutdown(141)) - Shutting down service StaleRecoveringContainerScrubbingService
2023-04-11 17:19:37,289 [ForkJoinPool.commonPool-worker-0] INFO  statemachine.DatanodeStateMachine (DatanodeStateMachine.java:stopDaemon(601)) - Ozone container server stopped.
2023-04-11 17:19:37,302 [ForkJoinPool.commonPool-worker-0] INFO  handler.ContextHandler (ContextHandler.java:doStop(1159)) - Stopped o.e.j.w.WebAppContext@11a823b3{hddsDatanode,/,null,STOPPED}{jar:file:/home/runner/.m2/repository/org/apache/ozone/hdds-container-service/1.4.0-SNAPSHOT/hdds-container-service-1.4.0-SNAPSHOT.jar!/webapps/hddsDatanode}
2023-04-11 17:19:37,303 [ForkJoinPool.commonPool-worker-0] INFO  server.AbstractConnector (AbstractConnector.java:doStop(383)) - Stopped ServerConnector@4a346598{HTTP/1.1, (http/1.1)}{0.0.0.0:0}
2023-04-11 17:19:37,303 [ForkJoinPool.commonPool-worker-0] INFO  server.session (HouseKeeper.java:stopScavenging(149)) - node0 Stopped scavenging
2023-04-11 17:19:37,303 [ForkJoinPool.commonPool-worker-0] INFO  handler.ContextHandler (ContextHandler.java:doStop(1159)) - Stopped o.e.j.s.ServletContextHandler@21bffcac{static,/static,jar:file:/home/runner/.m2/repository/org/apache/ozone/hdds-container-service/1.4.0-SNAPSHOT/hdds-container-service-1.4.0-SNAPSHOT.jar!/webapps/static,STOPPED}
2023-04-11 17:19:37,304 [ForkJoinPool.commonPool-worker-0] INFO  handler.ContextHandler (ContextHandler.java:doStop(1159)) - Stopped o.e.j.s.ServletContextHandler@dce0228{logs,/logs,file:///home/runner/work/ozone/ozone/hadoop-ozone/integration-test/target/log,STOPPED}
2023-04-11 17:19:39,288 [Listener at 127.0.0.1/45623] INFO  volume.HddsVolume (HddsVolume.java:closeDbStore(437)) - SchemaV3 db is stopped at /home/runner/work/ozone/ozone/hadoop-ozone/integration-test/target/test-dir/MiniOzoneClusterImpl-7d6c2114-24de-471a-af28-9a4df9894e15/datanode-3/data-0/containers/hdds/7d6c2114-24de-471a-af28-9a4df9894e15/DS-8e42b08b-e879-483a-979e-4ec85bacc558/container.db for volume DS-8e42b08b-e879-483a-979e-4ec85bacc558
2023-04-11 17:19:39,289 [Listener at 127.0.0.1/45623] INFO  utils.BackgroundService (BackgroundService.java:shutdown(141)) - Shutting down service BlockDeletingService
2023-04-11 17:19:39,289 [Listener at 127.0.0.1/45623] INFO  utils.BackgroundService (BackgroundService.java:shutdown(141)) - Shutting down service StaleRecoveringContainerScrubbingService
2023-04-11 17:19:39,292 [Listener at 127.0.0.1/45623] INFO  statemachine.DatanodeStateMachine (DatanodeStateMachine.java:stopDaemon(601)) - Ozone container server stopped.
2023-04-11 17:19:39,303 [Listener at 127.0.0.1/45623] INFO  handler.ContextHandler (ContextHandler.java:doStop(1159)) - Stopped o.e.j.w.WebAppContext@28c3bf02{hddsDatanode,/,null,STOPPED}{jar:file:/home/runner/.m2/repository/org/apache/ozone/hdds-container-service/1.4.0-SNAPSHOT/hdds-container-service-1.4.0-SNAPSHOT.jar!/webapps/hddsDatanode}
2023-04-11 17:19:39,304 [Listener at 127.0.0.1/45623] INFO  server.AbstractConnector (AbstractConnector.java:doStop(383)) - Stopped ServerConnector@e08aa6b{HTTP/1.1, (http/1.1)}{0.0.0.0:0}
2023-04-11 17:19:39,304 [Listener at 127.0.0.1/45623] INFO  server.session (HouseKeeper.java:stopScavenging(149)) - node0 Stopped scavenging
2023-04-11 17:19:39,304 [Listener at 127.0.0.1/45623] INFO  handler.ContextHandler (ContextHandler.java:doStop(1159)) - Stopped o.e.j.s.ServletContextHandler@1034c679{static,/static,jar:file:/home/runner/.m2/repository/org/apache/ozone/hdds-container-service/1.4.0-SNAPSHOT/hdds-container-service-1.4.0-SNAPSHOT.jar!/webapps/static,STOPPED}
2023-04-11 17:19:39,304 [Listener at 127.0.0.1/45623] INFO  handler.ContextHandler (ContextHandler.java:doStop(1159)) - Stopped o.e.j.s.ServletContextHandler@1adc1d78{logs,/logs,file:///home/runner/work/ozone/ozone/hadoop-ozone/integration-test/target/log,STOPPED}
2023-04-11 17:19:39,307 [Listener at 127.0.0.1/45623] INFO  ozone.MiniOzoneClusterImpl (MiniOzoneClusterImpl.java:stopSCM(549)) - Stopping the StorageContainerManager
2023-04-11 17:19:39,307 [Listener at 127.0.0.1/45623] INFO  server.StorageContainerManager (StorageContainerManager.java:stop(1550)) - Container Balancer is not running.
2023-04-11 17:19:39,307 [Listener at 127.0.0.1/45623] INFO  server.StorageContainerManager (StorageContainerManager.java:stopReplicationManager(1672)) - Stopping Replication Manager Service.
2023-04-11 17:19:39,308 [Listener at 127.0.0.1/45623] INFO  replication.ReplicationManager (ReplicationManager.java:stop(321)) - Stopping Replication Monitor Thread.
2023-04-11 17:19:39,308 [Over Replicated Processor] WARN  replication.UnhealthyReplicationProcessor (UnhealthyReplicationProcessor.java:run(146)) - Over Replicated Processor interrupted. Exiting...
2023-04-11 17:19:39,308 [Under Replicated Processor] WARN  replication.UnhealthyReplicationProcessor (UnhealthyReplicationProcessor.java:run(146)) - Under Replicated Processor interrupted. Exiting...
2023-04-11 17:19:39,308 [Listener at 127.0.0.1/45623] INFO  server.StorageContainerManager (StorageContainerManager.java:stop(1559)) - Stopping the Datanode Admin Monitor.
2023-04-11 17:19:39,308 [ReplicationMonitor] INFO  replication.ReplicationManager (ReplicationManager.java:run(975)) - Replication Monitor Thread is stopped
2023-04-11 17:19:39,308 [Listener at 127.0.0.1/45623] INFO  server.StorageContainerManager (StorageContainerManager.java:stop(1566)) - Stopping datanode service RPC server
2023-04-11 17:19:39,308 [Listener at 127.0.0.1/45623] INFO  server.SCMDatanodeProtocolServer (SCMDatanodeProtocolServer.java:stop(424)) - Stopping the RPC server for DataNodes
2023-04-11 17:19:39,308 [Listener at 127.0.0.1/45623] INFO  ipc.Server (Server.java:stop(3501)) - Stopping server on 40827
2023-04-11 17:19:39,310 [IPC Server listener on 0] INFO  ipc.Server (Server.java:run(1430)) - Stopping IPC Server listener on 0
2023-04-11 17:19:39,311 [IPC Server Responder] INFO  ipc.Server (Server.java:run(1563)) - Stopping IPC Server Responder
2023-04-11 17:19:39,367 [SCM Heartbeat Processing Thread - 0] WARN  node.NodeStateManager (NodeStateManager.java:scheduleNextHealthCheck(870)) - Current Thread is interrupted, shutting down HB processing thread for Node Manager.
2023-04-11 17:19:39,367 [Listener at 127.0.0.1/45623] INFO  server.StorageContainerManager (StorageContainerManager.java:stop(1574)) - Stopping block service RPC server
2023-04-11 17:19:39,367 [Listener at 127.0.0.1/45623] INFO  server.SCMBlockProtocolServer (SCMBlockProtocolServer.java:stop(161)) - Stopping the RPC server for Block Protocol
2023-04-11 17:19:39,367 [Listener at 127.0.0.1/45623] INFO  ipc.Server (Server.java:stop(3501)) - Stopping server on 46877
2023-04-11 17:19:39,373 [IPC Server Responder] INFO  ipc.Server (Server.java:run(1563)) - Stopping IPC Server Responder
2023-04-11 17:19:39,373 [Listener at 127.0.0.1/45623] INFO  server.StorageContainerManager (StorageContainerManager.java:stop(1581)) - Stopping the StorageContainerLocationProtocol RPC server
2023-04-11 17:19:39,373 [IPC Server listener on 0] INFO  ipc.Server (Server.java:run(1430)) - Stopping IPC Server listener on 0
2023-04-11 17:19:39,373 [Listener at 127.0.0.1/45623] INFO  server.SCMClientProtocolServer (SCMClientProtocolServer.java:stop(206)) - Stopping the RPC server for Client Protocol
2023-04-11 17:19:39,373 [Listener at 127.0.0.1/45623] INFO  ipc.Server (Server.java:stop(3501)) - Stopping server on 33165
2023-04-11 17:19:39,374 [IPC Server listener on 0] INFO  ipc.Server (Server.java:run(1430)) - Stopping IPC Server listener on 0
2023-04-11 17:19:39,379 [IPC Server Responder] INFO  ipc.Server (Server.java:run(1563)) - Stopping IPC Server Responder
2023-04-11 17:19:39,380 [Listener at 127.0.0.1/45623] INFO  server.StorageContainerManager (StorageContainerManager.java:stop(1588)) - Stopping Storage Container Manager HTTP server.
2023-04-11 17:19:39,380 [Listener at 127.0.0.1/45623] INFO  handler.ContextHandler (ContextHandler.java:doStop(1159)) - Stopped o.e.j.w.WebAppContext@69ff118{scm,/,null,STOPPED}{file:/home/runner/work/ozone/ozone/hadoop-ozone/integration-test/target/test-classes/webapps/scm}
2023-04-11 17:19:39,381 [Listener at 127.0.0.1/45623] INFO  server.AbstractConnector (AbstractConnector.java:doStop(383)) - Stopped ServerConnector@3056bd1d{HTTP/1.1, (http/1.1)}{0.0.0.0:0}
2023-04-11 17:19:39,381 [Listener at 127.0.0.1/45623] INFO  server.session (HouseKeeper.java:stopScavenging(149)) - node0 Stopped scavenging
2023-04-11 17:19:39,381 [Listener at 127.0.0.1/45623] INFO  handler.ContextHandler (ContextHandler.java:doStop(1159)) - Stopped o.e.j.s.ServletContextHandler@113bb33f{static,/static,file:///home/runner/work/ozone/ozone/hadoop-ozone/integration-test/target/test-classes/webapps/static,STOPPED}
2023-04-11 17:19:39,381 [Listener at 127.0.0.1/45623] INFO  handler.ContextHandler (ContextHandler.java:doStop(1159)) - Stopped o.e.j.s.ServletContextHandler@a4217fd{logs,/logs,file:///home/runner/work/ozone/ozone/hadoop-ozone/integration-test/target/log,STOPPED}
2023-04-11 17:19:39,382 [Listener at 127.0.0.1/45623] INFO  server.StorageContainerManager (StorageContainerManager.java:stop(1596)) - Stopping SCM LayoutVersionManager Service.
2023-04-11 17:19:39,382 [Listener at 127.0.0.1/45623] INFO  server.StorageContainerManager (StorageContainerManager.java:stop(1604)) - Stopping Block Manager Service.
2023-04-11 17:19:39,382 [Listener at 127.0.0.1/45623] INFO  utils.BackgroundService (BackgroundService.java:shutdown(141)) - Shutting down service SCMBlockDeletingService
2023-04-11 17:19:39,382 [Listener at 127.0.0.1/45623] INFO  utils.BackgroundService (BackgroundService.java:shutdown(141)) - Shutting down service SCMBlockDeletingService
2023-04-11 17:19:39,382 [Listener at 127.0.0.1/45623] INFO  server.StorageContainerManager (StorageContainerManager.java:stop(1626)) - Stopping SCM Event Queue.
2023-04-11 17:19:39,383 [Listener at 127.0.0.1/45623] INFO  server.StorageContainerManager (StorageContainerManager.java:stop(1637)) - Stopping SCM HA services.
2023-04-11 17:19:39,383 [Listener at 127.0.0.1/45623] INFO  pipeline.BackgroundPipelineCreator (BackgroundPipelineCreator.java:stop(149)) - Stopping RatisPipelineUtilsThread.
2023-04-11 17:19:39,383 [RatisPipelineUtilsThread - 0] WARN  pipeline.BackgroundPipelineCreator (BackgroundPipelineCreator.java:run(180)) - RatisPipelineUtilsThread is interrupted.
2023-04-11 17:19:39,384 [BackgroundPipelineScrubberThread] WARN  BackgroundPipelineScrubber (BackgroundSCMService.java:run(115)) - BackgroundPipelineScrubber is interrupted, exit
2023-04-11 17:19:39,384 [Listener at 127.0.0.1/45623] INFO  BackgroundPipelineScrubber (BackgroundSCMService.java:stop(131)) - Stopping BackgroundPipelineScrubber Service.
2023-04-11 17:19:39,384 [Listener at 127.0.0.1/45623] INFO  impl.MetricsSystemImpl (MetricsSystemImpl.java:stop(210)) - Stopping HddsDatanode metrics system...
2023-04-11 17:19:39,391 [prometheus] INFO  impl.MetricsSinkAdapter (MetricsSinkAdapter.java:publishMetricsFromQueue(141)) - prometheus thread interrupted.
2023-04-11 17:19:39,391 [Listener at 127.0.0.1/45623] INFO  impl.MetricsSystemImpl (MetricsSystemImpl.java:stop(216)) - HddsDatanode metrics system stopped.
2023-04-11 17:19:39,391 [Listener at 127.0.0.1/45623] WARN  pipeline.BackgroundPipelineCreator (BackgroundPipelineCreator.java:stop(145)) - RatisPipelineUtilsThread is not running, just ignore.
2023-04-11 17:19:39,391 [Listener at 127.0.0.1/45623] INFO  BackgroundPipelineScrubber (BackgroundSCMService.java:stop(126)) - BackgroundPipelineScrubber Service is not running, skip stop.
2023-04-11 17:19:39,391 [Listener at 127.0.0.1/45623] INFO  ExpiredContainerReplicaOpScrubber (BackgroundSCMService.java:stop(131)) - Stopping ExpiredContainerReplicaOpScrubber Service.
2023-04-11 17:19:39,391 [ExpiredContainerReplicaOpScrubberThread] WARN  ExpiredContainerReplicaOpScrubber (BackgroundSCMService.java:run(115)) - ExpiredContainerReplicaOpScrubber is interrupted, exit
2023-04-11 17:19:39,391 [Listener at 127.0.0.1/45623] INFO  utils.BackgroundService (BackgroundService.java:shutdown(141)) - Shutting down service SCMBlockDeletingService
2023-04-11 17:19:39,391 [Listener at 127.0.0.1/45623] INFO  replication.ReplicationManager (ReplicationManager.java:stop(331)) - Replication Monitor Thread is not running.
2023-04-11 17:19:39,391 [Listener at 127.0.0.1/45623] WARN  balancer.ContainerBalancer (ContainerBalancer.java:stop(324)) - Cannot stop Container Balancer because it's not running or stopping
2023-04-11 17:19:39,392 [Listener at 127.0.0.1/45623] INFO  server.StorageContainerManager (StorageContainerManager.java:stop(1663)) - Stopping SCM MetadataStore.
2023-04-11 17:19:39,449 [Listener at 127.0.0.1/45623] WARN  server.ServerUtils (ServerUtils.java:getScmDbDir(148)) - ozone.scm.db.dirs is not configured. We recommend adding this setting. Falling back to ozone.metadata.dirs instead.
2023-04-11 17:19:39,452 [Listener at 127.0.0.1/45623] WARN  server.ServerUtils (ServerUtils.java:getScmDbDir(148)) - ozone.scm.db.dirs is not configured. We recommend adding this setting. Falling back to ozone.metadata.dirs instead.
2023-04-11 17:19:39,452 [Listener at 127.0.0.1/45623] INFO  ha.SCMHANodeDetails (SCMHANodeDetails.java:loadSCMHAConfig(209)) - ServiceID for StorageContainerManager is null
2023-04-11 17:19:39,452 [Listener at 127.0.0.1/45623] INFO  ha.SCMHANodeDetails (SCMHANodeDetails.java:loadSCMHAConfig(214)) - ozone.scm.default.service.id is not defined, falling back to ozone.scm.service.ids to find serviceID for StorageContainerManager if it is HA enabled cluster
2023-04-11 17:19:39,453 [Listener at 127.0.0.1/45623] WARN  utils.HAUtils (HAUtils.java:getMetaDir(342)) - ozone.scm.db.dirs is not configured. We recommend adding this setting. Falling back to ozone.metadata.dirs instead.
2023-04-11 17:19:39,453 [Listener at 127.0.0.1/45623] WARN  db.DBStoreBuilder (DBStoreBuilder.java:applyDBDefinition(182)) - ozone.scm.db.dirs is not configured. We recommend adding this setting. Falling back to ozone.metadata.dirs instead.
2023-04-11 17:19:39,568 [Listener at 127.0.0.1/45623] INFO  net.NodeSchemaLoader (NodeSchemaLoader.java:loadSchemaFromFile(129)) - Loading schema from [jar:file:/home/runner/.m2/repository/org/apache/ozone/hdds-common/1.4.0-SNAPSHOT/hdds-common-1.4.0-SNAPSHOT.jar!/network-topology-default.xml]
2023-04-11 17:19:39,568 [Listener at 127.0.0.1/45623] INFO  net.NodeSchemaLoader (NodeSchemaLoader.java:loadSchema(176)) - Loading network topology layer schema file
2023-04-11 17:19:39,574 [Listener at 127.0.0.1/45623] INFO  upgrade.AbstractLayoutVersionManager (AbstractLayoutVersionManager.java:init(83)) - Initializing Layout version manager with metadata layout = WEBUI_PORTS_IN_DATANODEDETAILS (version = 6), software layout = WEBUI_PORTS_IN_DATANODEDETAILS (version = 6)
2023-04-11 17:19:39,662 [Listener at 127.0.0.1/45623] INFO  reflections.Reflections (Reflections.java:scan(232)) - Reflections took 87 ms to scan 7 urls, producing 156 keys and 369 values 
2023-04-11 17:19:39,665 [Listener at 127.0.0.1/45623] INFO  ha.SequenceIdGenerator (SequenceIdGenerator.java:upgradeToSequenceId(349)) - upgrade localId to 111677748019200000
2023-04-11 17:19:39,666 [Listener at 127.0.0.1/45623] INFO  ha.SequenceIdGenerator (SequenceIdGenerator.java:upgradeToSequenceId(359)) - upgrade delTxnId to 0
2023-04-11 17:19:39,666 [Listener at 127.0.0.1/45623] INFO  ha.SequenceIdGenerator (SequenceIdGenerator.java:upgradeToSequenceId(376)) - upgrade containerId to 0
2023-04-11 17:19:39,666 [Listener at 127.0.0.1/45623] INFO  ha.SequenceIdGenerator (SequenceIdGenerator.java:<init>(220)) - Init the HA SequenceIdGenerator.
2023-04-11 17:19:39,667 [Listener at 127.0.0.1/45623] WARN  server.ServerUtils (ServerUtils.java:sanitizeUserArgs(73)) - ozone.scm.stale.node.interval value = 300000 is larger than max = 100000 based on the key value of ozone.scm.heartbeat.thread.interval, reset to the max value 100000.
2023-04-11 17:19:39,667 [Listener at 127.0.0.1/45623] WARN  server.ServerUtils (ServerUtils.java:sanitizeUserArgs(73)) - ozone.scm.stale.node.interval value = 300000 is larger than max = 100000 based on the key value of ozone.scm.heartbeat.thread.interval, reset to the max value 100000.
2023-04-11 17:19:39,667 [Listener at 127.0.0.1/45623] INFO  node.SCMNodeManager (SCMNodeManager.java:<init>(156)) - Entering startup safe mode.
2023-04-11 17:19:39,667 [Listener at 127.0.0.1/45623] INFO  algorithms.ContainerPlacementPolicyFactory (ContainerPlacementPolicyFactory.java:getPolicyInternal(86)) - Create container placement policy of type org.apache.hadoop.hdds.scm.container.placement.algorithms.SCMContainerPlacementRandom
2023-04-11 17:19:39,667 [Listener at 127.0.0.1/45623] INFO  algorithms.ContainerPlacementPolicyFactory (ContainerPlacementPolicyFactory.java:getPolicyInternal(86)) - Create container placement policy of type org.apache.hadoop.hdds.scm.container.placement.algorithms.SCMContainerPlacementRackScatter
2023-04-11 17:19:39,667 [Listener at 127.0.0.1/45623] INFO  pipeline.PipelineStateManagerImpl (PipelineStateManagerImpl.java:initialize(78)) - No pipeline exists in current db
2023-04-11 17:19:39,668 [Listener at 127.0.0.1/45623] INFO  algorithms.LeaderChoosePolicyFactory (LeaderChoosePolicyFactory.java:getPolicy(57)) - Create leader choose policy of type org.apache.hadoop.hdds.scm.pipeline.leader.choose.algorithms.MinLeaderCountChoosePolicy
2023-04-11 17:19:39,668 [Listener at 127.0.0.1/45623] INFO  algorithms.ContainerPlacementPolicyFactory (ContainerPlacementPolicyFactory.java:getPolicyInternal(86)) - Create container placement policy of type org.apache.hadoop.hdds.scm.container.placement.algorithms.SCMContainerPlacementRackScatter
2023-04-11 17:19:39,668 [Listener at 127.0.0.1/45623] INFO  ha.SCMServiceManager (SCMServiceManager.java:register(42)) - Registering service BackgroundPipelineCreator.
2023-04-11 17:19:39,668 [Listener at 127.0.0.1/45623] INFO  pipeline.BackgroundPipelineCreator (BackgroundPipelineCreator.java:start(124)) - Starting RatisPipelineUtilsThread.
2023-04-11 17:19:39,669 [Listener at 127.0.0.1/45623] INFO  BackgroundPipelineScrubber (BackgroundSCMService.java:start(68)) - Starting BackgroundPipelineScrubber Service.
2023-04-11 17:19:39,669 [Listener at 127.0.0.1/45623] INFO  ha.SCMServiceManager (SCMServiceManager.java:register(42)) - Registering service BackgroundPipelineScrubber.
2023-04-11 17:19:39,669 [Listener at 127.0.0.1/45623] INFO  ExpiredContainerReplicaOpScrubber (BackgroundSCMService.java:start(68)) - Starting ExpiredContainerReplicaOpScrubber Service.
2023-04-11 17:19:39,670 [Listener at 127.0.0.1/45623] INFO  ha.SCMServiceManager (SCMServiceManager.java:register(42)) - Registering service ExpiredContainerReplicaOpScrubber.
2023-04-11 17:19:39,671 [Listener at 127.0.0.1/45623] INFO  algorithms.PipelineChoosePolicyFactory (PipelineChoosePolicyFactory.java:createPipelineChoosePolicyFromClass(73)) - Create pipeline choose policy of type org.apache.hadoop.hdds.scm.pipeline.choose.algorithms.RandomPipelineChoosePolicy
2023-04-11 17:19:39,671 [Listener at 127.0.0.1/45623] INFO  ha.SCMServiceManager (SCMServiceManager.java:register(42)) - Registering service SCMBlockDeletingService.
2023-04-11 17:19:39,671 [Listener at 127.0.0.1/45623] INFO  replication.ReplicationManager (ReplicationManager.java:start(288)) - Starting Replication Monitor Thread.
2023-04-11 17:19:39,672 [Listener at 127.0.0.1/45623] INFO  ha.SCMServiceManager (SCMServiceManager.java:register(42)) - Registering service ReplicationManager.
2023-04-11 17:19:39,673 [Listener at 127.0.0.1/45623] INFO  safemode.ContainerSafeModeRule (ContainerSafeModeRule.java:<init>(89)) - containers with one replica threshold count 0
2023-04-11 17:19:39,673 [Listener at 127.0.0.1/45623] INFO  safemode.HealthyPipelineSafeModeRule (HealthyPipelineSafeModeRule.java:initializeRule(169)) - Total pipeline count is 0, healthy pipeline threshold count is 1
2023-04-11 17:19:39,673 [Listener at 127.0.0.1/45623] INFO  safemode.OneReplicaPipelineSafeModeRule (OneReplicaPipelineSafeModeRule.java:initializeRule(180)) - Total pipeline count is 0, pipeline's with at least one datanode reported threshold count is 0
2023-04-11 17:19:39,673 [Listener at 127.0.0.1/45623] INFO  server.StorageContainerManager (StorageContainerManager.java:<init>(398)) - SCM start with adminUsers: [runner]
2023-04-11 17:19:39,674 [Listener at 127.0.0.1/45623] INFO  ipc.CallQueueManager (CallQueueManager.java:<init>(90)) - Using callQueue: class java.util.concurrent.LinkedBlockingQueue, queueCapacity: 2000, scheduler: class org.apache.hadoop.ipc.DefaultRpcScheduler, ipcBackoff: false.
2023-04-11 17:19:39,674 [Socket Reader #1 for port 0] INFO  ipc.Server (Server.java:run(1319)) - Starting Socket Reader #1 for port 0
2023-04-11 17:19:39,677 [Listener at 0.0.0.0/38859] INFO  ipc.CallQueueManager (CallQueueManager.java:<init>(90)) - Using callQueue: class java.util.concurrent.LinkedBlockingQueue, queueCapacity: 2000, scheduler: class org.apache.hadoop.ipc.DefaultRpcScheduler, ipcBackoff: false.
2023-04-11 17:19:39,679 [Socket Reader #1 for port 0] INFO  ipc.Server (Server.java:run(1319)) - Starting Socket Reader #1 for port 0
2023-04-11 17:19:39,679 [Listener at 0.0.0.0/32863] INFO  ipc.CallQueueManager (CallQueueManager.java:<init>(90)) - Using callQueue: class java.util.concurrent.LinkedBlockingQueue, queueCapacity: 2000, scheduler: class org.apache.hadoop.ipc.DefaultRpcScheduler, ipcBackoff: false.
2023-04-11 17:19:39,680 [Socket Reader #1 for port 0] INFO  ipc.Server (Server.java:run(1319)) - Starting Socket Reader #1 for port 0
2023-04-11 17:19:39,684 [Listener at 0.0.0.0/34073] INFO  ha.SCMServiceManager (SCMServiceManager.java:register(42)) - Registering service ContainerBalancer.
2023-04-11 17:19:39,684 [Listener at 0.0.0.0/34073] INFO  server.StorageContainerManager (StorageContainerManager.java:<init>(415)) - 
Container Balancer status:
Key                            Value
Running                        false
Container Balancer Configuration values:
Key                                                Value
Threshold                                          10
Max Datanodes to Involve per Iteration(percent)    20
Max Size to Move per Iteration                     500GB
Max Size Entering Target per Iteration             26GB
Max Size Leaving Source per Iteration              26GB

2023-04-11 17:19:39,684 [Listener at 0.0.0.0/34073] INFO  ha.SCMContext (SCMContext.java:updateSafeModeStatus(228)) - Update SafeModeStatus from SafeModeStatus{safeModeStatus=true, preCheckPassed=false} to SafeModeStatus{safeModeStatus=true, preCheckPassed=false}.
2023-04-11 17:19:39,684 [Listener at 0.0.0.0/34073] INFO  server.StorageContainerManager (StorageContainerManager.java:start(1453)) - StorageContainerLocationProtocol RPC server is listening at /0.0.0.0:34073
2023-04-11 17:19:39,686 [Listener at 0.0.0.0/34073] WARN  impl.MetricsConfig (MetricsConfig.java:loadFirst(136)) - Cannot locate configuration: tried hadoop-metrics2-storagecontainermanager.properties,hadoop-metrics2.properties
2023-04-11 17:19:39,692 [Listener at 0.0.0.0/34073] INFO  impl.MetricsSystemImpl (MetricsSystemImpl.java:startTimer(378)) - Scheduled Metric snapshot period at 10 second(s).
2023-04-11 17:19:39,692 [Listener at 0.0.0.0/34073] INFO  impl.MetricsSystemImpl (MetricsSystemImpl.java:start(191)) - StorageContainerManager metrics system started
2023-04-11 17:19:39,699 [ReplicationMonitor] INFO  replication.ReplicationManager (ReplicationManager.java:processAll(363)) - Replication Manager is not ready to run until 3000ms after safemode exit
2023-04-11 17:19:39,699 [Listener at 0.0.0.0/34073] INFO  impl.MetricsSinkAdapter (MetricsSinkAdapter.java:start(204)) - Sink prometheus started
2023-04-11 17:19:39,699 [Listener at 0.0.0.0/34073] INFO  impl.MetricsSystemImpl (MetricsSystemImpl.java:registerSink(305)) - Registered sink prometheus
2023-04-11 17:19:39,722 [Listener at 0.0.0.0/34073] INFO  server.SCMClientProtocolServer (SCMClientProtocolServer.java:start(197)) - RPC server for Client  is listening at /0.0.0.0:34073
2023-04-11 17:19:39,722 [IPC Server Responder] INFO  ipc.Server (Server.java:run(1558)) - IPC Server Responder: starting
2023-04-11 17:19:39,722 [IPC Server listener on 0] INFO  ipc.Server (Server.java:run(1398)) - IPC Server listener on 0: starting
2023-04-11 17:19:39,725 [Listener at 0.0.0.0/34073] INFO  server.StorageContainerManager (StorageContainerManager.java:start(1467)) - ScmBlockLocationProtocol RPC server is listening at /0.0.0.0:32863
2023-04-11 17:19:39,725 [Listener at 0.0.0.0/34073] INFO  server.SCMBlockProtocolServer (SCMBlockProtocolServer.java:start(152)) - RPC server for Block Protocol is listening at /0.0.0.0:32863
2023-04-11 17:19:39,726 [IPC Server Responder] INFO  ipc.Server (Server.java:run(1558)) - IPC Server Responder: starting
2023-04-11 17:19:39,726 [IPC Server listener on 0] INFO  ipc.Server (Server.java:run(1398)) - IPC Server listener on 0: starting
2023-04-11 17:19:39,728 [Listener at 0.0.0.0/34073] INFO  server.SCMDatanodeProtocolServer (SCMDatanodeProtocolServer.java:start(193)) - ScmDatanodeProtocol RPC server for DataNodes is listening at /0.0.0.0:38859
2023-04-11 17:19:39,728 [IPC Server Responder] INFO  ipc.Server (Server.java:run(1558)) - IPC Server Responder: starting
2023-04-11 17:19:39,728 [IPC Server listener on 0] INFO  ipc.Server (Server.java:run(1398)) - IPC Server listener on 0: starting
2023-04-11 17:19:39,737 [Listener at 0.0.0.0/34073] INFO  http.BaseHttpServer (BaseHttpServer.java:newHttpServer2BuilderForOzone(224)) - Starting Web-server for scm at: http://0.0.0.0:0
2023-04-11 17:19:39,738 [Listener at 0.0.0.0/34073] INFO  http.BaseHttpServer (BaseHttpServer.java:<init>(111)) - Hadoop Security Enabled: false Ozone Security Enabled: false Ozone HTTP Security Enabled: false 
2023-04-11 17:19:39,739 [Listener at 0.0.0.0/34073] WARN  server.AuthenticationFilter (AuthenticationFilter.java:constructSecretProvider(240)) - Unable to initialize FileSignerSecretProvider, falling back to use random secrets. Reason: Could not read signature secret file: /home/runner/hadoop-http-auth-signature-secret
2023-04-11 17:19:39,739 [org.apache.hadoop.util.JvmPauseMonitor$Monitor@379a9cb8] INFO  util.JvmPauseMonitor (JvmPauseMonitor.java:run(188)) - Starting JVM pause monitor
2023-04-11 17:19:39,740 [Listener at 0.0.0.0/34073] WARN  http.HttpRequestLog (HttpRequestLog.java:getRequestLog(103)) - Jetty request log can only be enabled using Log4j
2023-04-11 17:19:39,741 [Listener at 0.0.0.0/34073] INFO  http.HttpServer2 (HttpServer2.java:addGlobalFilter(1031)) - Added global filter 'safety' (class=org.apache.hadoop.hdds.server.http.HttpServer2$QuotingInputFilter)
2023-04-11 17:19:39,741 [Listener at 0.0.0.0/34073] INFO  http.HttpServer2 (HttpServer2.java:addFilter(1007)) - Added filter static_user_filter (class=org.apache.hadoop.http.lib.StaticUserWebFilter$StaticUserFilter) to context scm
2023-04-11 17:19:39,742 [Listener at 0.0.0.0/34073] INFO  http.HttpServer2 (HttpServer2.java:addFilter(1015)) - Added filter static_user_filter (class=org.apache.hadoop.http.lib.StaticUserWebFilter$StaticUserFilter) to context static
2023-04-11 17:19:39,742 [Listener at 0.0.0.0/34073] INFO  http.HttpServer2 (HttpServer2.java:addFilter(1015)) - Added filter static_user_filter (class=org.apache.hadoop.http.lib.StaticUserWebFilter$StaticUserFilter) to context logs
2023-04-11 17:19:39,742 [Listener at 0.0.0.0/34073] INFO  http.BaseHttpServer (BaseHttpServer.java:<init>(190)) - HTTP server of scm uses base directory /home/runner/work/ozone/ozone/hadoop-ozone/integration-test/target/test-dir/MiniOzoneClusterImpl-bb159280-bf04-4f42-bb5c-99373fe8c4eb/ozone-meta/webserver
2023-04-11 17:19:39,742 [Listener at 0.0.0.0/34073] INFO  http.HttpServer2 (HttpServer2.java:bindListener(1250)) - Jetty bound to port 41581
2023-04-11 17:19:39,742 [Listener at 0.0.0.0/34073] INFO  server.Server (Server.java:doStart(375)) - jetty-9.4.49.v20220914; built: 2022-09-14T01:07:36.601Z; git: 4231a3b2e4cb8548a412a789936d640a97b1aa0a; jvm 1.8.0_362-b09
2023-04-11 17:19:39,747 [Listener at 0.0.0.0/34073] INFO  server.session (DefaultSessionIdManager.java:doStart(334)) - DefaultSessionIdManager workerName=node0
2023-04-11 17:19:39,747 [Listener at 0.0.0.0/34073] INFO  server.session (DefaultSessionIdManager.java:doStart(339)) - No SessionScavenger set, using defaults
2023-04-11 17:19:39,747 [Listener at 0.0.0.0/34073] INFO  server.session (HouseKeeper.java:startScavenging(132)) - node0 Scavenging every 600000ms
2023-04-11 17:19:39,748 [Listener at 0.0.0.0/34073] INFO  handler.ContextHandler (ContextHandler.java:doStart(921)) - Started o.e.j.s.ServletContextHandler@d3bc955{logs,/logs,file:///home/runner/work/ozone/ozone/hadoop-ozone/integration-test/target/log,AVAILABLE}
2023-04-11 17:19:39,748 [Listener at 0.0.0.0/34073] INFO  handler.ContextHandler (ContextHandler.java:doStart(921)) - Started o.e.j.s.ServletContextHandler@d6d36c7{static,/static,file:///home/runner/work/ozone/ozone/hadoop-ozone/integration-test/target/test-classes/webapps/static,AVAILABLE}
2023-04-11 17:19:39,751 [Listener at 0.0.0.0/34073] INFO  handler.ContextHandler (ContextHandler.java:doStart(921)) - Started o.e.j.w.WebAppContext@556a9edb{scm,/,file:///home/runner/work/ozone/ozone/hadoop-ozone/integration-test/target/test-classes/webapps/scm/,AVAILABLE}{file:/home/runner/work/ozone/ozone/hadoop-ozone/integration-test/target/test-classes/webapps/scm}
2023-04-11 17:19:39,758 [Listener at 0.0.0.0/34073] INFO  server.AbstractConnector (AbstractConnector.java:doStart(333)) - Started ServerConnector@1dad2f1e{HTTP/1.1, (http/1.1)}{0.0.0.0:41581}
2023-04-11 17:19:39,758 [Listener at 0.0.0.0/34073] INFO  server.Server (Server.java:doStart(415)) - Started @195803ms
2023-04-11 17:19:39,758 [Listener at 0.0.0.0/34073] WARN  impl.MetricsSystemImpl (MetricsSystemImpl.java:register(279)) - Sink prometheus already exists!
2023-04-11 17:19:39,759 [Listener at 0.0.0.0/34073] INFO  http.BaseHttpServer (BaseHttpServer.java:updateConnectorAddress(344)) - HTTP server of scm listening at http://0.0.0.0:41581
2023-04-11 17:19:39,759 [Listener at 0.0.0.0/34073] WARN  server.ServerUtils (ServerUtils.java:getDBPath(225)) - ozone.om.db.dirs is not configured. We recommend adding this setting. Falling back to ozone.metadata.dirs instead.
2023-04-11 17:19:39,761 [Listener at 0.0.0.0/34073] INFO  ha.OMHANodeDetails (OMHANodeDetails.java:loadOMHAConfig(115)) - ozone.om.internal.service.id is not defined, falling back to ozone.om.service.ids to find serviceID for OzoneManager if it is HA enabled cluster
2023-04-11 17:19:39,761 [Listener at 0.0.0.0/34073] INFO  ha.OMHANodeDetails (OMHANodeDetails.java:loadOMHAConfig(226)) - Configuration does not have ozone.om.address set. Falling back to the default OM address /127.0.0.1:0
2023-04-11 17:19:39,761 [Listener at 0.0.0.0/34073] INFO  ha.OMHANodeDetails (OMHANodeDetails.java:getOMNodeDetailsForNonHA(254)) - OM Service ID is not set. Setting it to the default ID: omServiceIdDefault
2023-04-11 17:19:39,761 [Listener at 0.0.0.0/34073] INFO  ha.OMHANodeDetails (OMHANodeDetails.java:getOMNodeDetailsForNonHA(261)) - OM Node ID is not set. Setting it to the default ID: om1
2023-04-11 17:19:39,761 [Listener at 0.0.0.0/34073] WARN  server.ServerUtils (ServerUtils.java:getDBPath(225)) - ozone.om.db.dirs is not configured. We recommend adding this setting. Falling back to ozone.metadata.dirs instead.
2023-04-11 17:19:39,763 [Listener at 0.0.0.0/34073] INFO  upgrade.AbstractLayoutVersionManager (AbstractLayoutVersionManager.java:init(83)) - Initializing Layout version manager with metadata layout = MULTITENANCY_SCHEMA (version = 3), software layout = MULTITENANCY_SCHEMA (version = 3)
2023-04-11 17:19:39,838 [Listener at 0.0.0.0/34073] INFO  reflections.Reflections (Reflections.java:scan(232)) - Reflections took 74 ms to scan 2 urls, producing 171 keys and 471 values [using 2 cores]
2023-04-11 17:19:39,838 [Listener at 0.0.0.0/34073] INFO  upgrade.OMLayoutVersionManager (OMLayoutVersionManager.java:lambda$0(115)) - Skipping Upgrade Action MockOmUpgradeAction since it has been finalized.
2023-04-11 17:19:39,838 [Listener at 0.0.0.0/34073] WARN  server.ServerUtils (ServerUtils.java:getDBPath(225)) - ozone.om.db.dirs is not configured. We recommend adding this setting. Falling back to ozone.metadata.dirs instead.
2023-04-11 17:19:39,839 [Listener at 0.0.0.0/34073] INFO  proxy.SCMBlockLocationFailoverProxyProvider (SCMBlockLocationFailoverProxyProvider.java:<init>(114)) - Created block location fail-over proxy with 1 nodes: [nodeId=scmNodeId,nodeAddress=/0.0.0.0:32863]
2023-04-11 17:19:39,841 [Listener at 0.0.0.0/34073] INFO  proxy.SCMBlockLocationFailoverProxyProvider (SCMBlockLocationFailoverProxyProvider.java:<init>(114)) - Created block location fail-over proxy with 1 nodes: [nodeId=scmNodeId,nodeAddress=/0.0.0.0:32863]
2023-04-11 17:19:39,851 [Listener at 0.0.0.0/34073] INFO  om.OzoneManager (OzoneManager.java:<init>(627)) - OM start with adminUsers: [runner]
2023-04-11 17:19:39,852 [Listener at 0.0.0.0/34073] WARN  server.ServerUtils (ServerUtils.java:getDBPath(225)) - ozone.om.db.dirs is not configured. We recommend adding this setting. Falling back to ozone.metadata.dirs instead.
2023-04-11 17:19:39,852 [Listener at 0.0.0.0/34073] INFO  codec.OmKeyInfoCodec (OmKeyInfoCodec.java:<init>(49)) - OmKeyInfoCodec ignorePipeline = true
2023-04-11 17:19:39,852 [Listener at 0.0.0.0/34073] INFO  codec.RepeatedOmKeyInfoCodec (RepeatedOmKeyInfoCodec.java:<init>(41)) - RepeatedOmKeyInfoCodec ignorePipeline = true
2023-04-11 17:19:40,056 [Listener at 0.0.0.0/34073] INFO  om.OzoneManager (OzoneManager.java:instantiateServices(757)) - S3 Multi-Tenancy is disabled
2023-04-11 17:19:40,057 [Listener at 0.0.0.0/34073] WARN  server.ServerUtils (ServerUtils.java:getDBPath(225)) - ozone.om.snapshot.diff.db.dir is not configured. We recommend adding this setting. Falling back to ozone.metadata.dirs instead.
2023-04-11 17:19:40,085 [Listener at 0.0.0.0/34073] INFO  om.OzoneManager (OzoneManager.java:addS3GVolumeToDB(4257)) - Created Volume s3v With Owner runner required for S3Gateway operations.
2023-04-11 17:19:40,085 [Listener at 0.0.0.0/34073] INFO  om.OzoneManager (OzoneManager.java:getRpcServer(1142)) - Creating RPC Server
2023-04-11 17:19:40,423 [Listener at 0.0.0.0/34073] INFO  reflections.Reflections (Reflections.java:scan(232)) - Reflections took 336 ms to scan 19 urls, producing 68 keys and 5031 values [using 2 cores]
2023-04-11 17:19:40,426 [Listener at 0.0.0.0/34073] INFO  ipc.CallQueueManager (CallQueueManager.java:<init>(90)) - Using callQueue: class java.util.concurrent.LinkedBlockingQueue, queueCapacity: 2000, scheduler: class org.apache.hadoop.ipc.DefaultRpcScheduler, ipcBackoff: false.
2023-04-11 17:19:40,428 [Socket Reader #1 for port 0] INFO  ipc.Server (Server.java:run(1319)) - Starting Socket Reader #1 for port 0
2023-04-11 17:19:40,451 [Listener at 127.0.0.1/37689] INFO  impl.MetricsSystemImpl (MetricsSystemImpl.java:init(158)) - OzoneManager metrics system started (again)
2023-04-11 17:19:40,463 [Listener at 127.0.0.1/37689] INFO  om.OzoneManager (OzoneManager.java:start(1563)) - OzoneManager RPC server is listening at localhost/127.0.0.1:37689
2023-04-11 17:19:40,463 [Listener at 127.0.0.1/37689] INFO  om.OzoneManager (OzoneManager.java:start(1579)) - Version File has different layout version (3) than OM DB (null). That is expected if this OM has never been finalized to a newer layout version.
2023-04-11 17:19:40,467 [Listener at 127.0.0.1/37689] INFO  http.BaseHttpServer (BaseHttpServer.java:newHttpServer2BuilderForOzone(224)) - Starting Web-server for ozoneManager at: http://0.0.0.0:0
2023-04-11 17:19:40,468 [Listener at 127.0.0.1/37689] INFO  http.BaseHttpServer (BaseHttpServer.java:<init>(111)) - Hadoop Security Enabled: false Ozone Security Enabled: false Ozone HTTP Security Enabled: false 
2023-04-11 17:19:40,469 [Listener at 127.0.0.1/37689] WARN  server.AuthenticationFilter (AuthenticationFilter.java:constructSecretProvider(240)) - Unable to initialize FileSignerSecretProvider, falling back to use random secrets. Reason: Could not read signature secret file: /home/runner/hadoop-http-auth-signature-secret
2023-04-11 17:19:40,469 [Listener at 127.0.0.1/37689] WARN  http.HttpRequestLog (HttpRequestLog.java:getRequestLog(103)) - Jetty request log can only be enabled using Log4j
2023-04-11 17:19:40,470 [Listener at 127.0.0.1/37689] INFO  http.HttpServer2 (HttpServer2.java:addGlobalFilter(1031)) - Added global filter 'safety' (class=org.apache.hadoop.hdds.server.http.HttpServer2$QuotingInputFilter)
2023-04-11 17:19:40,471 [Listener at 127.0.0.1/37689] INFO  http.HttpServer2 (HttpServer2.java:addFilter(1007)) - Added filter static_user_filter (class=org.apache.hadoop.http.lib.StaticUserWebFilter$StaticUserFilter) to context ozoneManager
2023-04-11 17:19:40,471 [Listener at 127.0.0.1/37689] INFO  http.HttpServer2 (HttpServer2.java:addFilter(1015)) - Added filter static_user_filter (class=org.apache.hadoop.http.lib.StaticUserWebFilter$StaticUserFilter) to context static
2023-04-11 17:19:40,471 [Listener at 127.0.0.1/37689] INFO  http.HttpServer2 (HttpServer2.java:addFilter(1015)) - Added filter static_user_filter (class=org.apache.hadoop.http.lib.StaticUserWebFilter$StaticUserFilter) to context logs
2023-04-11 17:19:40,473 [Listener at 127.0.0.1/37689] INFO  http.BaseHttpServer (BaseHttpServer.java:<init>(190)) - HTTP server of ozoneManager uses base directory /home/runner/work/ozone/ozone/hadoop-ozone/integration-test/target/test-dir/MiniOzoneClusterImpl-bb159280-bf04-4f42-bb5c-99373fe8c4eb/ozone-meta/webserver
2023-04-11 17:19:40,473 [Listener at 127.0.0.1/37689] INFO  http.HttpServer2 (HttpServer2.java:bindListener(1250)) - Jetty bound to port 44979
2023-04-11 17:19:40,474 [Listener at 127.0.0.1/37689] INFO  server.Server (Server.java:doStart(375)) - jetty-9.4.49.v20220914; built: 2022-09-14T01:07:36.601Z; git: 4231a3b2e4cb8548a412a789936d640a97b1aa0a; jvm 1.8.0_362-b09
2023-04-11 17:19:40,476 [Listener at 127.0.0.1/37689] INFO  server.session (DefaultSessionIdManager.java:doStart(334)) - DefaultSessionIdManager workerName=node0
2023-04-11 17:19:40,477 [Listener at 127.0.0.1/37689] INFO  server.session (DefaultSessionIdManager.java:doStart(339)) - No SessionScavenger set, using defaults
2023-04-11 17:19:40,477 [Listener at 127.0.0.1/37689] INFO  server.session (HouseKeeper.java:startScavenging(132)) - node0 Scavenging every 600000ms
2023-04-11 17:19:40,477 [Listener at 127.0.0.1/37689] INFO  handler.ContextHandler (ContextHandler.java:doStart(921)) - Started o.e.j.s.ServletContextHandler@6023bed6{logs,/logs,file:///home/runner/work/ozone/ozone/hadoop-ozone/integration-test/target/log,AVAILABLE}
2023-04-11 17:19:40,478 [Listener at 127.0.0.1/37689] INFO  handler.ContextHandler (ContextHandler.java:doStart(921)) - Started o.e.j.s.ServletContextHandler@2a9404b6{static,/static,file:///home/runner/work/ozone/ozone/hadoop-ozone/integration-test/target/test-classes/webapps/static,AVAILABLE}
2023-04-11 17:19:40,480 [Listener at 127.0.0.1/37689] INFO  handler.ContextHandler (ContextHandler.java:doStart(921)) - Started o.e.j.w.WebAppContext@141e56d4{ozoneManager,/,file:///home/runner/work/ozone/ozone/hadoop-ozone/integration-test/target/test-classes/webapps/ozoneManager/,AVAILABLE}{file:/home/runner/work/ozone/ozone/hadoop-ozone/integration-test/target/test-classes/webapps/ozoneManager}
2023-04-11 17:19:40,481 [Listener at 127.0.0.1/37689] INFO  server.AbstractConnector (AbstractConnector.java:doStart(333)) - Started ServerConnector@3020f4f3{HTTP/1.1, (http/1.1)}{0.0.0.0:44979}
2023-04-11 17:19:40,482 [Listener at 127.0.0.1/37689] INFO  server.Server (Server.java:doStart(415)) - Started @196527ms
2023-04-11 17:19:40,482 [Listener at 127.0.0.1/37689] WARN  impl.MetricsSystemImpl (MetricsSystemImpl.java:register(279)) - Sink prometheus already exists!
2023-04-11 17:19:40,482 [Listener at 127.0.0.1/37689] INFO  http.BaseHttpServer (BaseHttpServer.java:updateConnectorAddress(344)) - HTTP server of ozoneManager listening at http://0.0.0.0:44979
2023-04-11 17:19:40,484 [IPC Server Responder] INFO  ipc.Server (Server.java:run(1558)) - IPC Server Responder: starting
2023-04-11 17:19:40,484 [IPC Server listener on 0] INFO  ipc.Server (Server.java:run(1398)) - IPC Server listener on 0: starting
2023-04-11 17:19:40,486 [Listener at 127.0.0.1/37689] INFO  om.TrashPolicyOzone (TrashPolicyOzone.java:<init>(277)) - Ozone Manager trash configuration: Deletion interval = 0 minutes, Emptier interval = 0 minutes.
2023-04-11 17:19:40,494 [org.apache.hadoop.util.JvmPauseMonitor$Monitor@6f1f1085] INFO  util.JvmPauseMonitor (JvmPauseMonitor.java:run(188)) - Starting JVM pause monitor
2023-04-11 17:19:40,498 [Listener at 127.0.0.1/37689] INFO  impl.MetricsSystemImpl (MetricsSystemImpl.java:init(158)) - HddsDatanode metrics system started (again)
2023-04-11 17:19:40,511 [Listener at 127.0.0.1/37689] INFO  ozone.HddsDatanodeService (HddsDatanodeService.java:start(252)) - HddsDatanodeService host:fv-az377-102.ap30g4v5sw5evmjtdmxdg2w53f.dx.internal.cloudapp.net ip:10.1.0.70
2023-04-11 17:19:40,540 [Listener at 127.0.0.1/37689] INFO  upgrade.AbstractLayoutVersionManager (AbstractLayoutVersionManager.java:init(83)) - Initializing Layout version manager with metadata layout = WEBUI_PORTS_IN_DATANODEDETAILS (version = 6), software layout = WEBUI_PORTS_IN_DATANODEDETAILS (version = 6)
2023-04-11 17:19:40,593 [Listener at 127.0.0.1/37689] INFO  reflections.Reflections (Reflections.java:scan(232)) - Reflections took 52 ms to scan 7 urls, producing 156 keys and 369 values 
2023-04-11 17:19:40,594 [Listener at 127.0.0.1/37689] INFO  statemachine.DatanodeStateMachine (DatanodeStateMachine.java:getEndPointTaskThreadPoolSize(260)) - Datanode State Machine Task Thread Pool size 2
2023-04-11 17:19:40,597 [Listener at 127.0.0.1/37689] INFO  volume.HddsVolume (HddsVolume.java:<init>(130)) - Creating HddsVolume: /home/runner/work/ozone/ozone/hadoop-ozone/integration-test/target/test-dir/MiniOzoneClusterImpl-bb159280-bf04-4f42-bb5c-99373fe8c4eb/datanode-0/data-0/containers/hdds of storage type : DISK capacity : 9223372036854775807
2023-04-11 17:19:40,597 [Listener at 127.0.0.1/37689] INFO  volume.MutableVolumeSet (MutableVolumeSet.java:initializeVolumeSet(175)) - Added Volume : /home/runner/work/ozone/ozone/hadoop-ozone/integration-test/target/test-dir/MiniOzoneClusterImpl-bb159280-bf04-4f42-bb5c-99373fe8c4eb/datanode-0/data-0/containers/hdds to VolumeSet
2023-04-11 17:19:40,597 [Listener at 127.0.0.1/37689] INFO  volume.ThrottledAsyncChecker (ThrottledAsyncChecker.java:schedule(141)) - Scheduling a check for /home/runner/work/ozone/ozone/hadoop-ozone/integration-test/target/test-dir/MiniOzoneClusterImpl-bb159280-bf04-4f42-bb5c-99373fe8c4eb/datanode-0/data-0/containers/hdds
2023-04-11 17:19:40,603 [Listener at 127.0.0.1/37689] INFO  volume.StorageVolumeChecker (StorageVolumeChecker.java:checkAllVolumes(202)) - Scheduled health check for volume /home/runner/work/ozone/ozone/hadoop-ozone/integration-test/target/test-dir/MiniOzoneClusterImpl-bb159280-bf04-4f42-bb5c-99373fe8c4eb/datanode-0/data-0/containers/hdds
2023-04-11 17:19:40,616 [Listener at 127.0.0.1/37689] INFO  volume.MutableVolumeSet (MutableVolumeSet.java:initializeVolumeSet(175)) - Added Volume : /home/runner/work/ozone/ozone/hadoop-ozone/integration-test/target/test-dir/MiniOzoneClusterImpl-bb159280-bf04-4f42-bb5c-99373fe8c4eb/datanode-0/data/ratis to VolumeSet
2023-04-11 17:19:40,616 [Listener at 127.0.0.1/37689] INFO  volume.ThrottledAsyncChecker (ThrottledAsyncChecker.java:schedule(141)) - Scheduling a check for /home/runner/work/ozone/ozone/hadoop-ozone/integration-test/target/test-dir/MiniOzoneClusterImpl-bb159280-bf04-4f42-bb5c-99373fe8c4eb/datanode-0/data/ratis
2023-04-11 17:19:40,616 [Listener at 127.0.0.1/37689] INFO  volume.StorageVolumeChecker (StorageVolumeChecker.java:checkAllVolumes(202)) - Scheduled health check for volume /home/runner/work/ozone/ozone/hadoop-ozone/integration-test/target/test-dir/MiniOzoneClusterImpl-bb159280-bf04-4f42-bb5c-99373fe8c4eb/datanode-0/data/ratis
2023-04-11 17:19:40,708 [Thread-1429] INFO  ozoneimpl.ContainerReader (ContainerReader.java:readVolume(175)) - Finish verifying containers on volume /home/runner/work/ozone/ozone/hadoop-ozone/integration-test/target/test-dir/MiniOzoneClusterImpl-bb159280-bf04-4f42-bb5c-99373fe8c4eb/datanode-0/data-0/containers/hdds
2023-04-11 17:19:40,708 [Listener at 127.0.0.1/37689] INFO  ozoneimpl.OzoneContainer (OzoneContainer.java:buildContainerSet(303)) - Build ContainerSet costs 0s
2023-04-11 17:19:40,711 [Listener at 127.0.0.1/37689] INFO  server.RaftServer (ConfUtils.java:logGet(46)) - raft.rpc.type = GRPC (default)
2023-04-11 17:19:40,711 [Listener at 127.0.0.1/37689] INFO  grpc.GrpcConfigKeys (ConfUtils.java:logFallback(53)) - raft.grpc.admin.host = null (fallback to raft.grpc.server.host)
2023-04-11 17:19:40,711 [Listener at 127.0.0.1/37689] INFO  grpc.GrpcConfigKeys (ConfUtils.java:logGet(46)) - raft.grpc.admin.port = 0 (custom)
2023-04-11 17:19:40,711 [Listener at 127.0.0.1/37689] INFO  grpc.GrpcConfigKeys (ConfUtils.java:logFallback(53)) - raft.grpc.client.host = null (fallback to raft.grpc.server.host)
2023-04-11 17:19:40,711 [Listener at 127.0.0.1/37689] INFO  grpc.GrpcConfigKeys (ConfUtils.java:logGet(46)) - raft.grpc.client.port = 0 (custom)
2023-04-11 17:19:40,711 [Listener at 127.0.0.1/37689] INFO  grpc.GrpcConfigKeys (ConfUtils.java:logGet(46)) - raft.grpc.server.host = null (default)
2023-04-11 17:19:40,711 [Listener at 127.0.0.1/37689] INFO  grpc.GrpcConfigKeys (ConfUtils.java:logGet(46)) - raft.grpc.server.port = 0 (default)
2023-04-11 17:19:40,711 [Listener at 127.0.0.1/37689] INFO  server.GrpcService (ConfUtils.java:logGet(46)) - raft.grpc.message.size.max = 32MB (=33554432) (custom)
2023-04-11 17:19:40,712 [Listener at 127.0.0.1/37689] INFO  server.RaftServerConfigKeys (ConfUtils.java:logGet(46)) - raft.server.log.appender.buffer.byte-limit = 33554432 (custom)
2023-04-11 17:19:40,712 [Listener at 127.0.0.1/37689] INFO  server.GrpcService (ConfUtils.java:logGet(46)) - raft.grpc.flow.control.window = 5MB (=5242880) (custom)
2023-04-11 17:19:40,712 [Listener at 127.0.0.1/37689] INFO  server.RaftServerConfigKeys (ConfUtils.java:logGet(46)) - raft.server.rpc.request.timeout = 60s (custom)
2023-04-11 17:19:40,712 [Listener at 127.0.0.1/37689] INFO  grpc.GrpcConfigKeys (ConfUtils.java:logGet(46)) - raft.grpc.server.heartbeat.channel = true (default)
2023-04-11 17:19:40,712 [Listener at 127.0.0.1/37689] INFO  grpc.GrpcConfigKeys (ConfUtils.java:logGet(46)) - raft.grpc.server.async.request.thread.pool.cached = true (default)
2023-04-11 17:19:40,712 [Listener at 127.0.0.1/37689] INFO  grpc.GrpcConfigKeys (ConfUtils.java:logGet(46)) - raft.grpc.server.async.request.thread.pool.size = 32 (default)
2023-04-11 17:19:40,714 [Listener at 127.0.0.1/37689] INFO  impl.DataStreamServerImpl (ConfUtils.java:logGet(46)) - raft.datastream.type = NETTY (custom)
2023-04-11 17:19:40,714 [Listener at 127.0.0.1/37689] INFO  server.RaftServerConfigKeys (ConfUtils.java:logGet(46)) - raft.server.data-stream.async.request.thread.pool.cached = false (default)
2023-04-11 17:19:40,714 [Listener at 127.0.0.1/37689] INFO  server.RaftServerConfigKeys (ConfUtils.java:logGet(46)) - raft.server.data-stream.async.request.thread.pool.size = 20 (custom)
2023-04-11 17:19:40,714 [Listener at 127.0.0.1/37689] INFO  server.RaftServerConfigKeys (ConfUtils.java:logGet(46)) - raft.server.data-stream.async.write.thread.pool.size = 16 (default)
2023-04-11 17:19:40,714 [Listener at 127.0.0.1/37689] INFO  server.RaftServerConfigKeys (ConfUtils.java:logGet(46)) - raft.server.data-stream.client.pool.size = 10 (default)
2023-04-11 17:19:40,715 [Listener at 127.0.0.1/37689] INFO  netty.NettyConfigKeys$DataStream (ConfUtils.java:logGet(46)) - raft.netty.dataStream.server.use-epoll = false (default)
2023-04-11 17:19:40,715 [Listener at 127.0.0.1/37689] INFO  netty.NettyConfigKeys$DataStream (ConfUtils.java:logGet(46)) - raft.netty.dataStream.server.boss-group.size = 0 (default)
2023-04-11 17:19:40,716 [Listener at 127.0.0.1/37689] INFO  netty.NettyConfigKeys$DataStream (ConfUtils.java:logGet(46)) - raft.netty.dataStream.server.worker-group.size = 0 (default)
2023-04-11 17:19:40,716 [Listener at 127.0.0.1/37689] INFO  netty.NettyConfigKeys$DataStream (ConfUtils.java:logGet(46)) - raft.netty.dataStream.server.tls.conf = null (default)
2023-04-11 17:19:40,716 [Listener at 127.0.0.1/37689] INFO  netty.NettyConfigKeys$DataStream (ConfUtils.java:logGet(46)) - raft.netty.dataStream.host = null (default)
2023-04-11 17:19:40,717 [Listener at 127.0.0.1/37689] INFO  netty.NettyConfigKeys$DataStream (ConfUtils.java:logGet(46)) - raft.netty.dataStream.port = 0 (default)
2023-04-11 17:19:40,717 [Listener at 127.0.0.1/37689] INFO  server.RaftServerConfigKeys (ConfUtils.java:logGet(46)) - raft.server.threadpool.proxy.cached = true (default)
2023-04-11 17:19:40,717 [Listener at 127.0.0.1/37689] INFO  server.RaftServerConfigKeys (ConfUtils.java:logGet(46)) - raft.server.threadpool.proxy.size = 0 (default)
2023-04-11 17:19:40,718 [Listener at 127.0.0.1/37689] INFO  server.RaftServerConfigKeys (ConfUtils.java:logGet(46)) - raft.server.rpc.slowness.timeout = 300s (custom)
2023-04-11 17:19:40,718 [Listener at 127.0.0.1/37689] INFO  server.RaftServerConfigKeys (ConfUtils.java:logGet(46)) - raft.server.leaderelection.leader.step-down.wait-time = 10s (default)
2023-04-11 17:19:40,718 [Listener at 127.0.0.1/37689] INFO  server.RaftServerConfigKeys (ConfUtils.java:logGet(46)) - raft.server.storage.dir = [/home/runner/work/ozone/ozone/hadoop-ozone/integration-test/target/test-dir/MiniOzoneClusterImpl-bb159280-bf04-4f42-bb5c-99373fe8c4eb/datanode-0/data/ratis] (custom)
2023-04-11 17:19:40,718 [1b86d2c8-07b9-4256-9063-5eaa90b8c67a-NettyServerStreamRpc-bossGroup--thread1] INFO  logging.LoggingHandler (AbstractInternalLogger.java:log(148)) - [id: 0x8910321e] REGISTERED
2023-04-11 17:19:40,718 [1b86d2c8-07b9-4256-9063-5eaa90b8c67a-NettyServerStreamRpc-bossGroup--thread1] INFO  logging.LoggingHandler (AbstractInternalLogger.java:log(148)) - [id: 0x8910321e] BIND: 0.0.0.0/0.0.0.0:0
2023-04-11 17:19:40,719 [1b86d2c8-07b9-4256-9063-5eaa90b8c67a-NettyServerStreamRpc-bossGroup--thread1] INFO  logging.LoggingHandler (AbstractInternalLogger.java:log(148)) - [id: 0x8910321e, L:/0:0:0:0:0:0:0:0:39397] ACTIVE
2023-04-11 17:19:40,720 [Listener at 127.0.0.1/37689] INFO  server.XceiverServerGrpc (XceiverServerGrpc.java:<init>(132)) - GrpcServer channel type EpollServerSocketChannel
2023-04-11 17:19:40,726 [Listener at 127.0.0.1/37689] INFO  http.BaseHttpServer (BaseHttpServer.java:newHttpServer2BuilderForOzone(224)) - Starting Web-server for hddsDatanode at: http://0.0.0.0:0
2023-04-11 17:19:40,727 [Listener at 127.0.0.1/37689] INFO  http.BaseHttpServer (BaseHttpServer.java:<init>(111)) - Hadoop Security Enabled: false Ozone Security Enabled: false Ozone HTTP Security Enabled: false 
2023-04-11 17:19:40,728 [Listener at 127.0.0.1/37689] WARN  server.AuthenticationFilter (AuthenticationFilter.java:constructSecretProvider(240)) - Unable to initialize FileSignerSecretProvider, falling back to use random secrets. Reason: Could not read signature secret file: /home/runner/hadoop-http-auth-signature-secret
2023-04-11 17:19:40,729 [Listener at 127.0.0.1/37689] WARN  http.HttpRequestLog (HttpRequestLog.java:getRequestLog(103)) - Jetty request log can only be enabled using Log4j
2023-04-11 17:19:40,730 [Listener at 127.0.0.1/37689] INFO  http.HttpServer2 (HttpServer2.java:addGlobalFilter(1031)) - Added global filter 'safety' (class=org.apache.hadoop.hdds.server.http.HttpServer2$QuotingInputFilter)
2023-04-11 17:19:40,731 [Listener at 127.0.0.1/37689] INFO  http.HttpServer2 (HttpServer2.java:addFilter(1007)) - Added filter static_user_filter (class=org.apache.hadoop.http.lib.StaticUserWebFilter$StaticUserFilter) to context hddsDatanode
2023-04-11 17:19:40,731 [Listener at 127.0.0.1/37689] INFO  http.HttpServer2 (HttpServer2.java:addFilter(1015)) - Added filter static_user_filter (class=org.apache.hadoop.http.lib.StaticUserWebFilter$StaticUserFilter) to context logs
2023-04-11 17:19:40,731 [Listener at 127.0.0.1/37689] INFO  http.HttpServer2 (HttpServer2.java:addFilter(1015)) - Added filter static_user_filter (class=org.apache.hadoop.http.lib.StaticUserWebFilter$StaticUserFilter) to context static
2023-04-11 17:19:40,731 [Listener at 127.0.0.1/37689] INFO  http.BaseHttpServer (BaseHttpServer.java:<init>(190)) - HTTP server of hddsDatanode uses base directory /home/runner/work/ozone/ozone/hadoop-ozone/integration-test/target/test-dir/MiniOzoneClusterImpl-bb159280-bf04-4f42-bb5c-99373fe8c4eb/datanode-0/meta/webserver
2023-04-11 17:19:40,731 [Listener at 127.0.0.1/37689] INFO  http.HttpServer2 (HttpServer2.java:bindListener(1250)) - Jetty bound to port 34025
2023-04-11 17:19:40,732 [Listener at 127.0.0.1/37689] INFO  server.Server (Server.java:doStart(375)) - jetty-9.4.49.v20220914; built: 2022-09-14T01:07:36.601Z; git: 4231a3b2e4cb8548a412a789936d640a97b1aa0a; jvm 1.8.0_362-b09
2023-04-11 17:19:40,734 [Listener at 127.0.0.1/37689] INFO  server.session (DefaultSessionIdManager.java:doStart(334)) - DefaultSessionIdManager workerName=node0
2023-04-11 17:19:40,734 [Listener at 127.0.0.1/37689] INFO  server.session (DefaultSessionIdManager.java:doStart(339)) - No SessionScavenger set, using defaults
2023-04-11 17:19:40,734 [Listener at 127.0.0.1/37689] INFO  server.session (HouseKeeper.java:startScavenging(132)) - node0 Scavenging every 660000ms
2023-04-11 17:19:40,735 [Listener at 127.0.0.1/37689] INFO  handler.ContextHandler (ContextHandler.java:doStart(921)) - Started o.e.j.s.ServletContextHandler@49f44ce6{logs,/logs,file:///home/runner/work/ozone/ozone/hadoop-ozone/integration-test/target/log,AVAILABLE}
2023-04-11 17:19:40,735 [Listener at 127.0.0.1/37689] INFO  handler.ContextHandler (ContextHandler.java:doStart(921)) - Started o.e.j.s.ServletContextHandler@659a9526{static,/static,jar:file:/home/runner/.m2/repository/org/apache/ozone/hdds-container-service/1.4.0-SNAPSHOT/hdds-container-service-1.4.0-SNAPSHOT.jar!/webapps/static,AVAILABLE}
2023-04-11 17:19:40,949 [Listener at 127.0.0.1/37689] INFO  handler.ContextHandler (ContextHandler.java:doStart(921)) - Started o.e.j.w.WebAppContext@484eb628{hddsDatanode,/,file:///home/runner/work/ozone/ozone/hadoop-ozone/integration-test/target/test-dir/MiniOzoneClusterImpl-bb159280-bf04-4f42-bb5c-99373fe8c4eb/datanode-0/meta/webserver/jetty-0_0_0_0-34025-hdds-container-service-1_4_0-SNAPSHOT_jar-_-any-1355302293053993166/webapp/,AVAILABLE}{jar:file:/home/runner/.m2/repository/org/apache/ozone/hdds-container-service/1.4.0-SNAPSHOT/hdds-container-service-1.4.0-SNAPSHOT.jar!/webapps/hddsDatanode}
2023-04-11 17:19:40,950 [Listener at 127.0.0.1/37689] INFO  server.AbstractConnector (AbstractConnector.java:doStart(333)) - Started ServerConnector@acc8cbf{HTTP/1.1, (http/1.1)}{0.0.0.0:34025}
2023-04-11 17:19:40,951 [Listener at 127.0.0.1/37689] INFO  server.Server (Server.java:doStart(415)) - Started @196996ms
2023-04-11 17:19:40,951 [Listener at 127.0.0.1/37689] WARN  impl.MetricsSystemImpl (MetricsSystemImpl.java:register(279)) - Sink prometheus already exists!
2023-04-11 17:19:40,951 [Listener at 127.0.0.1/37689] INFO  http.BaseHttpServer (BaseHttpServer.java:updateConnectorAddress(344)) - HTTP server of hddsDatanode listening at http://0.0.0.0:34025
2023-04-11 17:19:40,952 [Datanode State Machine Daemon Thread] INFO  statemachine.DatanodeStateMachine (DatanodeStateMachine.java:lambda$startDaemon$0(517)) - Ozone container server started.
2023-04-11 17:19:40,952 [Listener at 127.0.0.1/37689] WARN  impl.MetricRegistriesImpl (MetricRegistriesImpl.java:addReporterRegistration(111)) - New reporters are added after registries were created. Some metrics will be missing from the reporter. Please add reporter before adding any new registry.
2023-04-11 17:19:40,953 [Listener at 127.0.0.1/37689] WARN  impl.MetricRegistriesImpl (MetricRegistriesImpl.java:addReporterRegistration(111)) - New reporters are added after registries were created. Some metrics will be missing from the reporter. Please add reporter before adding any new registry.
2023-04-11 17:19:40,953 [Listener at 127.0.0.1/37689] INFO  impl.MetricsSystemImpl (MetricsSystemImpl.java:init(158)) - HddsDatanode metrics system started (again)
2023-04-11 17:19:40,965 [Listener at 127.0.0.1/37689] INFO  ozone.HddsDatanodeService (HddsDatanodeService.java:start(252)) - HddsDatanodeService host:fv-az377-102.ap30g4v5sw5evmjtdmxdg2w53f.dx.internal.cloudapp.net ip:10.1.0.70
2023-04-11 17:19:40,966 [org.apache.hadoop.util.JvmPauseMonitor$Monitor@338a3466] INFO  util.JvmPauseMonitor (JvmPauseMonitor.java:run(188)) - Starting JVM pause monitor
2023-04-11 17:19:40,974 [Datanode State Machine Task Thread - 0] INFO  datanode.InitDatanodeState (InitDatanodeState.java:persistContainerDatanodeDetails(138)) - DatanodeDetails is persisted to /home/runner/work/ozone/ozone/hadoop-ozone/integration-test/target/test-dir/MiniOzoneClusterImpl-bb159280-bf04-4f42-bb5c-99373fe8c4eb/datanode-0/meta/datanode.id
2023-04-11 17:19:40,993 [Listener at 127.0.0.1/37689] INFO  upgrade.AbstractLayoutVersionManager (AbstractLayoutVersionManager.java:init(83)) - Initializing Layout version manager with metadata layout = WEBUI_PORTS_IN_DATANODEDETAILS (version = 6), software layout = WEBUI_PORTS_IN_DATANODEDETAILS (version = 6)
2023-04-11 17:19:41,043 [Listener at 127.0.0.1/37689] INFO  reflections.Reflections (Reflections.java:scan(232)) - Reflections took 48 ms to scan 7 urls, producing 156 keys and 369 values 
2023-04-11 17:19:41,044 [Listener at 127.0.0.1/37689] INFO  statemachine.DatanodeStateMachine (DatanodeStateMachine.java:getEndPointTaskThreadPoolSize(260)) - Datanode State Machine Task Thread Pool size 2
2023-04-11 17:19:41,046 [Listener at 127.0.0.1/37689] INFO  volume.HddsVolume (HddsVolume.java:<init>(130)) - Creating HddsVolume: /home/runner/work/ozone/ozone/hadoop-ozone/integration-test/target/test-dir/MiniOzoneClusterImpl-bb159280-bf04-4f42-bb5c-99373fe8c4eb/datanode-1/data-0/containers/hdds of storage type : DISK capacity : 9223372036854775807
2023-04-11 17:19:41,046 [Listener at 127.0.0.1/37689] INFO  volume.MutableVolumeSet (MutableVolumeSet.java:initializeVolumeSet(175)) - Added Volume : /home/runner/work/ozone/ozone/hadoop-ozone/integration-test/target/test-dir/MiniOzoneClusterImpl-bb159280-bf04-4f42-bb5c-99373fe8c4eb/datanode-1/data-0/containers/hdds to VolumeSet
2023-04-11 17:19:41,047 [Listener at 127.0.0.1/37689] INFO  volume.ThrottledAsyncChecker (ThrottledAsyncChecker.java:schedule(141)) - Scheduling a check for /home/runner/work/ozone/ozone/hadoop-ozone/integration-test/target/test-dir/MiniOzoneClusterImpl-bb159280-bf04-4f42-bb5c-99373fe8c4eb/datanode-1/data-0/containers/hdds
2023-04-11 17:19:41,047 [Listener at 127.0.0.1/37689] INFO  volume.StorageVolumeChecker (StorageVolumeChecker.java:checkAllVolumes(202)) - Scheduled health check for volume /home/runner/work/ozone/ozone/hadoop-ozone/integration-test/target/test-dir/MiniOzoneClusterImpl-bb159280-bf04-4f42-bb5c-99373fe8c4eb/datanode-1/data-0/containers/hdds
2023-04-11 17:19:41,059 [Listener at 127.0.0.1/37689] INFO  volume.MutableVolumeSet (MutableVolumeSet.java:initializeVolumeSet(175)) - Added Volume : /home/runner/work/ozone/ozone/hadoop-ozone/integration-test/target/test-dir/MiniOzoneClusterImpl-bb159280-bf04-4f42-bb5c-99373fe8c4eb/datanode-1/data/ratis to VolumeSet
2023-04-11 17:19:41,059 [Listener at 127.0.0.1/37689] INFO  volume.ThrottledAsyncChecker (ThrottledAsyncChecker.java:schedule(141)) - Scheduling a check for /home/runner/work/ozone/ozone/hadoop-ozone/integration-test/target/test-dir/MiniOzoneClusterImpl-bb159280-bf04-4f42-bb5c-99373fe8c4eb/datanode-1/data/ratis
2023-04-11 17:19:41,059 [Listener at 127.0.0.1/37689] INFO  volume.StorageVolumeChecker (StorageVolumeChecker.java:checkAllVolumes(202)) - Scheduled health check for volume /home/runner/work/ozone/ozone/hadoop-ozone/integration-test/target/test-dir/MiniOzoneClusterImpl-bb159280-bf04-4f42-bb5c-99373fe8c4eb/datanode-1/data/ratis
2023-04-11 17:19:41,071 [Thread-1443] INFO  ozoneimpl.ContainerReader (ContainerReader.java:readVolume(175)) - Finish verifying containers on volume /home/runner/work/ozone/ozone/hadoop-ozone/integration-test/target/test-dir/MiniOzoneClusterImpl-bb159280-bf04-4f42-bb5c-99373fe8c4eb/datanode-1/data-0/containers/hdds
2023-04-11 17:19:41,071 [Listener at 127.0.0.1/37689] INFO  ozoneimpl.OzoneContainer (OzoneContainer.java:buildContainerSet(303)) - Build ContainerSet costs 0s
2023-04-11 17:19:41,073 [Listener at 127.0.0.1/37689] INFO  server.RaftServer (ConfUtils.java:logGet(46)) - raft.rpc.type = GRPC (default)
2023-04-11 17:19:41,073 [Listener at 127.0.0.1/37689] INFO  grpc.GrpcConfigKeys (ConfUtils.java:logFallback(53)) - raft.grpc.admin.host = null (fallback to raft.grpc.server.host)
2023-04-11 17:19:41,073 [Listener at 127.0.0.1/37689] INFO  grpc.GrpcConfigKeys (ConfUtils.java:logGet(46)) - raft.grpc.admin.port = 0 (custom)
2023-04-11 17:19:41,073 [Listener at 127.0.0.1/37689] INFO  grpc.GrpcConfigKeys (ConfUtils.java:logFallback(53)) - raft.grpc.client.host = null (fallback to raft.grpc.server.host)
2023-04-11 17:19:41,073 [Listener at 127.0.0.1/37689] INFO  grpc.GrpcConfigKeys (ConfUtils.java:logGet(46)) - raft.grpc.client.port = 0 (custom)
2023-04-11 17:19:41,073 [Listener at 127.0.0.1/37689] INFO  grpc.GrpcConfigKeys (ConfUtils.java:logGet(46)) - raft.grpc.server.host = null (default)
2023-04-11 17:19:41,073 [Listener at 127.0.0.1/37689] INFO  grpc.GrpcConfigKeys (ConfUtils.java:logGet(46)) - raft.grpc.server.port = 0 (default)
2023-04-11 17:19:41,073 [Listener at 127.0.0.1/37689] INFO  server.GrpcService (ConfUtils.java:logGet(46)) - raft.grpc.message.size.max = 32MB (=33554432) (custom)
2023-04-11 17:19:41,074 [Listener at 127.0.0.1/37689] INFO  server.RaftServerConfigKeys (ConfUtils.java:logGet(46)) - raft.server.log.appender.buffer.byte-limit = 33554432 (custom)
2023-04-11 17:19:41,074 [Listener at 127.0.0.1/37689] INFO  server.GrpcService (ConfUtils.java:logGet(46)) - raft.grpc.flow.control.window = 5MB (=5242880) (custom)
2023-04-11 17:19:41,074 [Listener at 127.0.0.1/37689] INFO  server.RaftServerConfigKeys (ConfUtils.java:logGet(46)) - raft.server.rpc.request.timeout = 60s (custom)
2023-04-11 17:19:41,074 [Listener at 127.0.0.1/37689] INFO  grpc.GrpcConfigKeys (ConfUtils.java:logGet(46)) - raft.grpc.server.heartbeat.channel = true (default)
2023-04-11 17:19:41,074 [Listener at 127.0.0.1/37689] INFO  grpc.GrpcConfigKeys (ConfUtils.java:logGet(46)) - raft.grpc.server.async.request.thread.pool.cached = true (default)
2023-04-11 17:19:41,074 [Listener at 127.0.0.1/37689] INFO  grpc.GrpcConfigKeys (ConfUtils.java:logGet(46)) - raft.grpc.server.async.request.thread.pool.size = 32 (default)
2023-04-11 17:19:41,075 [Listener at 127.0.0.1/37689] INFO  impl.DataStreamServerImpl (ConfUtils.java:logGet(46)) - raft.datastream.type = NETTY (custom)
2023-04-11 17:19:41,075 [Listener at 127.0.0.1/37689] INFO  server.RaftServerConfigKeys (ConfUtils.java:logGet(46)) - raft.server.data-stream.async.request.thread.pool.cached = false (default)
2023-04-11 17:19:41,075 [Listener at 127.0.0.1/37689] INFO  server.RaftServerConfigKeys (ConfUtils.java:logGet(46)) - raft.server.data-stream.async.request.thread.pool.size = 20 (custom)
2023-04-11 17:19:41,076 [Listener at 127.0.0.1/37689] INFO  server.RaftServerConfigKeys (ConfUtils.java:logGet(46)) - raft.server.data-stream.async.write.thread.pool.size = 16 (default)
2023-04-11 17:19:41,076 [Listener at 127.0.0.1/37689] INFO  server.RaftServerConfigKeys (ConfUtils.java:logGet(46)) - raft.server.data-stream.client.pool.size = 10 (default)
2023-04-11 17:19:41,076 [Listener at 127.0.0.1/37689] INFO  netty.NettyConfigKeys$DataStream (ConfUtils.java:logGet(46)) - raft.netty.dataStream.server.use-epoll = false (default)
2023-04-11 17:19:41,076 [Listener at 127.0.0.1/37689] INFO  netty.NettyConfigKeys$DataStream (ConfUtils.java:logGet(46)) - raft.netty.dataStream.server.boss-group.size = 0 (default)
2023-04-11 17:19:41,076 [Listener at 127.0.0.1/37689] INFO  netty.NettyConfigKeys$DataStream (ConfUtils.java:logGet(46)) - raft.netty.dataStream.server.worker-group.size = 0 (default)
2023-04-11 17:19:41,077 [Listener at 127.0.0.1/37689] INFO  netty.NettyConfigKeys$DataStream (ConfUtils.java:logGet(46)) - raft.netty.dataStream.server.tls.conf = null (default)
2023-04-11 17:19:41,077 [Listener at 127.0.0.1/37689] INFO  netty.NettyConfigKeys$DataStream (ConfUtils.java:logGet(46)) - raft.netty.dataStream.host = null (default)
2023-04-11 17:19:41,077 [Listener at 127.0.0.1/37689] INFO  netty.NettyConfigKeys$DataStream (ConfUtils.java:logGet(46)) - raft.netty.dataStream.port = 0 (default)
2023-04-11 17:19:41,077 [Listener at 127.0.0.1/37689] INFO  server.RaftServerConfigKeys (ConfUtils.java:logGet(46)) - raft.server.threadpool.proxy.cached = true (default)
2023-04-11 17:19:41,077 [Listener at 127.0.0.1/37689] INFO  server.RaftServerConfigKeys (ConfUtils.java:logGet(46)) - raft.server.threadpool.proxy.size = 0 (default)
2023-04-11 17:19:41,077 [1c712de1-3a3e-422e-b3d0-30fcd422e487-NettyServerStreamRpc-bossGroup--thread1] INFO  logging.LoggingHandler (AbstractInternalLogger.java:log(148)) - [id: 0x5ccd60d6] REGISTERED
2023-04-11 17:19:41,077 [Listener at 127.0.0.1/37689] INFO  server.RaftServerConfigKeys (ConfUtils.java:logGet(46)) - raft.server.rpc.slowness.timeout = 300s (custom)
2023-04-11 17:19:41,078 [Listener at 127.0.0.1/37689] INFO  server.RaftServerConfigKeys (ConfUtils.java:logGet(46)) - raft.server.leaderelection.leader.step-down.wait-time = 10s (default)
2023-04-11 17:19:41,078 [1c712de1-3a3e-422e-b3d0-30fcd422e487-NettyServerStreamRpc-bossGroup--thread1] INFO  logging.LoggingHandler (AbstractInternalLogger.java:log(148)) - [id: 0x5ccd60d6] BIND: 0.0.0.0/0.0.0.0:0
2023-04-11 17:19:41,078 [Listener at 127.0.0.1/37689] INFO  server.RaftServerConfigKeys (ConfUtils.java:logGet(46)) - raft.server.storage.dir = [/home/runner/work/ozone/ozone/hadoop-ozone/integration-test/target/test-dir/MiniOzoneClusterImpl-bb159280-bf04-4f42-bb5c-99373fe8c4eb/datanode-1/data/ratis] (custom)
2023-04-11 17:19:41,078 [1c712de1-3a3e-422e-b3d0-30fcd422e487-NettyServerStreamRpc-bossGroup--thread1] INFO  logging.LoggingHandler (AbstractInternalLogger.java:log(148)) - [id: 0x5ccd60d6, L:/0:0:0:0:0:0:0:0:45841] ACTIVE
2023-04-11 17:19:41,079 [Listener at 127.0.0.1/37689] INFO  server.XceiverServerGrpc (XceiverServerGrpc.java:<init>(132)) - GrpcServer channel type EpollServerSocketChannel
2023-04-11 17:19:41,082 [Listener at 127.0.0.1/37689] INFO  http.BaseHttpServer (BaseHttpServer.java:newHttpServer2BuilderForOzone(224)) - Starting Web-server for hddsDatanode at: http://0.0.0.0:0
2023-04-11 17:19:41,082 [Listener at 127.0.0.1/37689] INFO  http.BaseHttpServer (BaseHttpServer.java:<init>(111)) - Hadoop Security Enabled: false Ozone Security Enabled: false Ozone HTTP Security Enabled: false 
2023-04-11 17:19:41,083 [Listener at 127.0.0.1/37689] WARN  server.AuthenticationFilter (AuthenticationFilter.java:constructSecretProvider(240)) - Unable to initialize FileSignerSecretProvider, falling back to use random secrets. Reason: Could not read signature secret file: /home/runner/hadoop-http-auth-signature-secret
2023-04-11 17:19:41,084 [Listener at 127.0.0.1/37689] WARN  http.HttpRequestLog (HttpRequestLog.java:getRequestLog(103)) - Jetty request log can only be enabled using Log4j
2023-04-11 17:19:41,085 [Listener at 127.0.0.1/37689] INFO  http.HttpServer2 (HttpServer2.java:addGlobalFilter(1031)) - Added global filter 'safety' (class=org.apache.hadoop.hdds.server.http.HttpServer2$QuotingInputFilter)
2023-04-11 17:19:41,085 [Listener at 127.0.0.1/37689] INFO  http.HttpServer2 (HttpServer2.java:addFilter(1007)) - Added filter static_user_filter (class=org.apache.hadoop.http.lib.StaticUserWebFilter$StaticUserFilter) to context hddsDatanode
2023-04-11 17:19:41,085 [Listener at 127.0.0.1/37689] INFO  http.HttpServer2 (HttpServer2.java:addFilter(1015)) - Added filter static_user_filter (class=org.apache.hadoop.http.lib.StaticUserWebFilter$StaticUserFilter) to context logs
2023-04-11 17:19:41,085 [Listener at 127.0.0.1/37689] INFO  http.HttpServer2 (HttpServer2.java:addFilter(1015)) - Added filter static_user_filter (class=org.apache.hadoop.http.lib.StaticUserWebFilter$StaticUserFilter) to context static
2023-04-11 17:19:41,088 [Listener at 127.0.0.1/37689] INFO  http.BaseHttpServer (BaseHttpServer.java:<init>(190)) - HTTP server of hddsDatanode uses base directory /home/runner/work/ozone/ozone/hadoop-ozone/integration-test/target/test-dir/MiniOzoneClusterImpl-bb159280-bf04-4f42-bb5c-99373fe8c4eb/datanode-1/meta/webserver
2023-04-11 17:19:41,088 [Listener at 127.0.0.1/37689] INFO  http.HttpServer2 (HttpServer2.java:bindListener(1250)) - Jetty bound to port 36957
2023-04-11 17:19:41,088 [Listener at 127.0.0.1/37689] INFO  server.Server (Server.java:doStart(375)) - jetty-9.4.49.v20220914; built: 2022-09-14T01:07:36.601Z; git: 4231a3b2e4cb8548a412a789936d640a97b1aa0a; jvm 1.8.0_362-b09
2023-04-11 17:19:41,090 [Listener at 127.0.0.1/37689] INFO  server.session (DefaultSessionIdManager.java:doStart(334)) - DefaultSessionIdManager workerName=node0
2023-04-11 17:19:41,090 [Listener at 127.0.0.1/37689] INFO  server.session (DefaultSessionIdManager.java:doStart(339)) - No SessionScavenger set, using defaults
2023-04-11 17:19:41,090 [Listener at 127.0.0.1/37689] INFO  server.session (HouseKeeper.java:startScavenging(132)) - node0 Scavenging every 660000ms
2023-04-11 17:19:41,091 [Listener at 127.0.0.1/37689] INFO  handler.ContextHandler (ContextHandler.java:doStart(921)) - Started o.e.j.s.ServletContextHandler@506dd1da{logs,/logs,file:///home/runner/work/ozone/ozone/hadoop-ozone/integration-test/target/log,AVAILABLE}
2023-04-11 17:19:41,091 [Listener at 127.0.0.1/37689] INFO  handler.ContextHandler (ContextHandler.java:doStart(921)) - Started o.e.j.s.ServletContextHandler@12712b46{static,/static,jar:file:/home/runner/.m2/repository/org/apache/ozone/hdds-container-service/1.4.0-SNAPSHOT/hdds-container-service-1.4.0-SNAPSHOT.jar!/webapps/static,AVAILABLE}
2023-04-11 17:19:41,325 [Listener at 127.0.0.1/37689] INFO  handler.ContextHandler (ContextHandler.java:doStart(921)) - Started o.e.j.w.WebAppContext@79da2a10{hddsDatanode,/,file:///home/runner/work/ozone/ozone/hadoop-ozone/integration-test/target/test-dir/MiniOzoneClusterImpl-bb159280-bf04-4f42-bb5c-99373fe8c4eb/datanode-1/meta/webserver/jetty-0_0_0_0-36957-hdds-container-service-1_4_0-SNAPSHOT_jar-_-any-1011181025776934144/webapp/,AVAILABLE}{jar:file:/home/runner/.m2/repository/org/apache/ozone/hdds-container-service/1.4.0-SNAPSHOT/hdds-container-service-1.4.0-SNAPSHOT.jar!/webapps/hddsDatanode}
2023-04-11 17:19:41,327 [Listener at 127.0.0.1/37689] INFO  server.AbstractConnector (AbstractConnector.java:doStart(333)) - Started ServerConnector@11188763{HTTP/1.1, (http/1.1)}{0.0.0.0:36957}
2023-04-11 17:19:41,327 [Listener at 127.0.0.1/37689] INFO  server.Server (Server.java:doStart(415)) - Started @197373ms
2023-04-11 17:19:41,327 [Listener at 127.0.0.1/37689] WARN  impl.MetricsSystemImpl (MetricsSystemImpl.java:register(279)) - Sink prometheus already exists!
2023-04-11 17:19:41,328 [Listener at 127.0.0.1/37689] INFO  http.BaseHttpServer (BaseHttpServer.java:updateConnectorAddress(344)) - HTTP server of hddsDatanode listening at http://0.0.0.0:36957
2023-04-11 17:19:41,330 [Listener at 127.0.0.1/37689] WARN  impl.MetricRegistriesImpl (MetricRegistriesImpl.java:addReporterRegistration(111)) - New reporters are added after registries were created. Some metrics will be missing from the reporter. Please add reporter before adding any new registry.
2023-04-11 17:19:41,330 [Listener at 127.0.0.1/37689] WARN  impl.MetricRegistriesImpl (MetricRegistriesImpl.java:addReporterRegistration(111)) - New reporters are added after registries were created. Some metrics will be missing from the reporter. Please add reporter before adding any new registry.
2023-04-11 17:19:41,331 [Listener at 127.0.0.1/37689] INFO  impl.MetricsSystemImpl (MetricsSystemImpl.java:init(158)) - HddsDatanode metrics system started (again)
2023-04-11 17:19:41,336 [Datanode State Machine Daemon Thread] INFO  statemachine.DatanodeStateMachine (DatanodeStateMachine.java:lambda$startDaemon$0(517)) - Ozone container server started.
2023-04-11 17:19:41,348 [org.apache.hadoop.util.JvmPauseMonitor$Monitor@148c005a] INFO  util.JvmPauseMonitor (JvmPauseMonitor.java:run(188)) - Starting JVM pause monitor
2023-04-11 17:19:41,356 [Listener at 127.0.0.1/37689] INFO  ozone.HddsDatanodeService (HddsDatanodeService.java:start(252)) - HddsDatanodeService host:fv-az377-102.ap30g4v5sw5evmjtdmxdg2w53f.dx.internal.cloudapp.net ip:10.1.0.70
2023-04-11 17:19:41,360 [Datanode State Machine Task Thread - 0] INFO  datanode.InitDatanodeState (InitDatanodeState.java:persistContainerDatanodeDetails(138)) - DatanodeDetails is persisted to /home/runner/work/ozone/ozone/hadoop-ozone/integration-test/target/test-dir/MiniOzoneClusterImpl-bb159280-bf04-4f42-bb5c-99373fe8c4eb/datanode-1/meta/datanode.id
2023-04-11 17:19:41,381 [Listener at 127.0.0.1/37689] INFO  upgrade.AbstractLayoutVersionManager (AbstractLayoutVersionManager.java:init(83)) - Initializing Layout version manager with metadata layout = WEBUI_PORTS_IN_DATANODEDETAILS (version = 6), software layout = WEBUI_PORTS_IN_DATANODEDETAILS (version = 6)
2023-04-11 17:19:41,435 [Listener at 127.0.0.1/37689] INFO  reflections.Reflections (Reflections.java:scan(232)) - Reflections took 52 ms to scan 7 urls, producing 156 keys and 369 values 
2023-04-11 17:19:41,439 [Listener at 127.0.0.1/37689] INFO  statemachine.DatanodeStateMachine (DatanodeStateMachine.java:getEndPointTaskThreadPoolSize(260)) - Datanode State Machine Task Thread Pool size 2
2023-04-11 17:19:41,448 [Listener at 127.0.0.1/37689] INFO  volume.HddsVolume (HddsVolume.java:<init>(130)) - Creating HddsVolume: /home/runner/work/ozone/ozone/hadoop-ozone/integration-test/target/test-dir/MiniOzoneClusterImpl-bb159280-bf04-4f42-bb5c-99373fe8c4eb/datanode-2/data-0/containers/hdds of storage type : DISK capacity : 9223372036854775807
2023-04-11 17:19:41,448 [Listener at 127.0.0.1/37689] INFO  volume.MutableVolumeSet (MutableVolumeSet.java:initializeVolumeSet(175)) - Added Volume : /home/runner/work/ozone/ozone/hadoop-ozone/integration-test/target/test-dir/MiniOzoneClusterImpl-bb159280-bf04-4f42-bb5c-99373fe8c4eb/datanode-2/data-0/containers/hdds to VolumeSet
2023-04-11 17:19:41,448 [Listener at 127.0.0.1/37689] INFO  volume.ThrottledAsyncChecker (ThrottledAsyncChecker.java:schedule(141)) - Scheduling a check for /home/runner/work/ozone/ozone/hadoop-ozone/integration-test/target/test-dir/MiniOzoneClusterImpl-bb159280-bf04-4f42-bb5c-99373fe8c4eb/datanode-2/data-0/containers/hdds
2023-04-11 17:19:41,449 [Listener at 127.0.0.1/37689] INFO  volume.StorageVolumeChecker (StorageVolumeChecker.java:checkAllVolumes(202)) - Scheduled health check for volume /home/runner/work/ozone/ozone/hadoop-ozone/integration-test/target/test-dir/MiniOzoneClusterImpl-bb159280-bf04-4f42-bb5c-99373fe8c4eb/datanode-2/data-0/containers/hdds
2023-04-11 17:19:41,463 [Listener at 127.0.0.1/37689] INFO  volume.MutableVolumeSet (MutableVolumeSet.java:initializeVolumeSet(175)) - Added Volume : /home/runner/work/ozone/ozone/hadoop-ozone/integration-test/target/test-dir/MiniOzoneClusterImpl-bb159280-bf04-4f42-bb5c-99373fe8c4eb/datanode-2/data/ratis to VolumeSet
2023-04-11 17:19:41,463 [Listener at 127.0.0.1/37689] INFO  volume.ThrottledAsyncChecker (ThrottledAsyncChecker.java:schedule(141)) - Scheduling a check for /home/runner/work/ozone/ozone/hadoop-ozone/integration-test/target/test-dir/MiniOzoneClusterImpl-bb159280-bf04-4f42-bb5c-99373fe8c4eb/datanode-2/data/ratis
2023-04-11 17:19:41,463 [Listener at 127.0.0.1/37689] INFO  volume.StorageVolumeChecker (StorageVolumeChecker.java:checkAllVolumes(202)) - Scheduled health check for volume /home/runner/work/ozone/ozone/hadoop-ozone/integration-test/target/test-dir/MiniOzoneClusterImpl-bb159280-bf04-4f42-bb5c-99373fe8c4eb/datanode-2/data/ratis
2023-04-11 17:19:41,477 [Thread-1457] INFO  ozoneimpl.ContainerReader (ContainerReader.java:readVolume(175)) - Finish verifying containers on volume /home/runner/work/ozone/ozone/hadoop-ozone/integration-test/target/test-dir/MiniOzoneClusterImpl-bb159280-bf04-4f42-bb5c-99373fe8c4eb/datanode-2/data-0/containers/hdds
2023-04-11 17:19:41,477 [Listener at 127.0.0.1/37689] INFO  ozoneimpl.OzoneContainer (OzoneContainer.java:buildContainerSet(303)) - Build ContainerSet costs 0s
2023-04-11 17:19:41,479 [Listener at 127.0.0.1/37689] INFO  server.RaftServer (ConfUtils.java:logGet(46)) - raft.rpc.type = GRPC (default)
2023-04-11 17:19:41,479 [Listener at 127.0.0.1/37689] INFO  grpc.GrpcConfigKeys (ConfUtils.java:logFallback(53)) - raft.grpc.admin.host = null (fallback to raft.grpc.server.host)
2023-04-11 17:19:41,479 [Listener at 127.0.0.1/37689] INFO  grpc.GrpcConfigKeys (ConfUtils.java:logGet(46)) - raft.grpc.admin.port = 0 (custom)
2023-04-11 17:19:41,479 [Listener at 127.0.0.1/37689] INFO  grpc.GrpcConfigKeys (ConfUtils.java:logFallback(53)) - raft.grpc.client.host = null (fallback to raft.grpc.server.host)
2023-04-11 17:19:41,479 [Listener at 127.0.0.1/37689] INFO  grpc.GrpcConfigKeys (ConfUtils.java:logGet(46)) - raft.grpc.client.port = 0 (custom)
2023-04-11 17:19:41,479 [Listener at 127.0.0.1/37689] INFO  grpc.GrpcConfigKeys (ConfUtils.java:logGet(46)) - raft.grpc.server.host = null (default)
2023-04-11 17:19:41,479 [Listener at 127.0.0.1/37689] INFO  grpc.GrpcConfigKeys (ConfUtils.java:logGet(46)) - raft.grpc.server.port = 0 (default)
2023-04-11 17:19:41,479 [Listener at 127.0.0.1/37689] INFO  server.GrpcService (ConfUtils.java:logGet(46)) - raft.grpc.message.size.max = 32MB (=33554432) (custom)
2023-04-11 17:19:41,479 [Listener at 127.0.0.1/37689] INFO  server.RaftServerConfigKeys (ConfUtils.java:logGet(46)) - raft.server.log.appender.buffer.byte-limit = 33554432 (custom)
2023-04-11 17:19:41,480 [Listener at 127.0.0.1/37689] INFO  server.GrpcService (ConfUtils.java:logGet(46)) - raft.grpc.flow.control.window = 5MB (=5242880) (custom)
2023-04-11 17:19:41,480 [Listener at 127.0.0.1/37689] INFO  server.RaftServerConfigKeys (ConfUtils.java:logGet(46)) - raft.server.rpc.request.timeout = 60s (custom)
2023-04-11 17:19:41,480 [Listener at 127.0.0.1/37689] INFO  grpc.GrpcConfigKeys (ConfUtils.java:logGet(46)) - raft.grpc.server.heartbeat.channel = true (default)
2023-04-11 17:19:41,480 [Listener at 127.0.0.1/37689] INFO  grpc.GrpcConfigKeys (ConfUtils.java:logGet(46)) - raft.grpc.server.async.request.thread.pool.cached = true (default)
2023-04-11 17:19:41,480 [Listener at 127.0.0.1/37689] INFO  grpc.GrpcConfigKeys (ConfUtils.java:logGet(46)) - raft.grpc.server.async.request.thread.pool.size = 32 (default)
2023-04-11 17:19:41,481 [Listener at 127.0.0.1/37689] INFO  impl.DataStreamServerImpl (ConfUtils.java:logGet(46)) - raft.datastream.type = NETTY (custom)
2023-04-11 17:19:41,481 [Listener at 127.0.0.1/37689] INFO  server.RaftServerConfigKeys (ConfUtils.java:logGet(46)) - raft.server.data-stream.async.request.thread.pool.cached = false (default)
2023-04-11 17:19:41,481 [Listener at 127.0.0.1/37689] INFO  server.RaftServerConfigKeys (ConfUtils.java:logGet(46)) - raft.server.data-stream.async.request.thread.pool.size = 20 (custom)
2023-04-11 17:19:41,481 [Listener at 127.0.0.1/37689] INFO  server.RaftServerConfigKeys (ConfUtils.java:logGet(46)) - raft.server.data-stream.async.write.thread.pool.size = 16 (default)
2023-04-11 17:19:41,481 [Listener at 127.0.0.1/37689] INFO  server.RaftServerConfigKeys (ConfUtils.java:logGet(46)) - raft.server.data-stream.client.pool.size = 10 (default)
2023-04-11 17:19:41,482 [Listener at 127.0.0.1/37689] INFO  netty.NettyConfigKeys$DataStream (ConfUtils.java:logGet(46)) - raft.netty.dataStream.server.use-epoll = false (default)
2023-04-11 17:19:41,482 [Listener at 127.0.0.1/37689] INFO  netty.NettyConfigKeys$DataStream (ConfUtils.java:logGet(46)) - raft.netty.dataStream.server.boss-group.size = 0 (default)
2023-04-11 17:19:41,482 [Listener at 127.0.0.1/37689] INFO  netty.NettyConfigKeys$DataStream (ConfUtils.java:logGet(46)) - raft.netty.dataStream.server.worker-group.size = 0 (default)
2023-04-11 17:19:41,482 [Listener at 127.0.0.1/37689] INFO  netty.NettyConfigKeys$DataStream (ConfUtils.java:logGet(46)) - raft.netty.dataStream.server.tls.conf = null (default)
2023-04-11 17:19:41,482 [Listener at 127.0.0.1/37689] INFO  netty.NettyConfigKeys$DataStream (ConfUtils.java:logGet(46)) - raft.netty.dataStream.host = null (default)
2023-04-11 17:19:41,482 [Listener at 127.0.0.1/37689] INFO  netty.NettyConfigKeys$DataStream (ConfUtils.java:logGet(46)) - raft.netty.dataStream.port = 0 (default)
2023-04-11 17:19:41,486 [Listener at 127.0.0.1/37689] INFO  server.RaftServerConfigKeys (ConfUtils.java:logGet(46)) - raft.server.threadpool.proxy.cached = true (default)
2023-04-11 17:19:41,486 [Listener at 127.0.0.1/37689] INFO  server.RaftServerConfigKeys (ConfUtils.java:logGet(46)) - raft.server.threadpool.proxy.size = 0 (default)
2023-04-11 17:19:41,486 [Listener at 127.0.0.1/37689] INFO  server.RaftServerConfigKeys (ConfUtils.java:logGet(46)) - raft.server.rpc.slowness.timeout = 300s (custom)
2023-04-11 17:19:41,486 [Listener at 127.0.0.1/37689] INFO  server.RaftServerConfigKeys (ConfUtils.java:logGet(46)) - raft.server.leaderelection.leader.step-down.wait-time = 10s (default)
2023-04-11 17:19:41,486 [Listener at 127.0.0.1/37689] INFO  server.RaftServerConfigKeys (ConfUtils.java:logGet(46)) - raft.server.storage.dir = [/home/runner/work/ozone/ozone/hadoop-ozone/integration-test/target/test-dir/MiniOzoneClusterImpl-bb159280-bf04-4f42-bb5c-99373fe8c4eb/datanode-2/data/ratis] (custom)
2023-04-11 17:19:41,488 [5e693bd7-32aa-42e7-99b2-0294dbaef363-NettyServerStreamRpc-bossGroup--thread1] INFO  logging.LoggingHandler (AbstractInternalLogger.java:log(148)) - [id: 0xfb28b70a] REGISTERED
2023-04-11 17:19:41,488 [5e693bd7-32aa-42e7-99b2-0294dbaef363-NettyServerStreamRpc-bossGroup--thread1] INFO  logging.LoggingHandler (AbstractInternalLogger.java:log(148)) - [id: 0xfb28b70a] BIND: 0.0.0.0/0.0.0.0:0
2023-04-11 17:19:41,488 [5e693bd7-32aa-42e7-99b2-0294dbaef363-NettyServerStreamRpc-bossGroup--thread1] INFO  logging.LoggingHandler (AbstractInternalLogger.java:log(148)) - [id: 0xfb28b70a, L:/0:0:0:0:0:0:0:0:36051] ACTIVE
2023-04-11 17:19:41,491 [Listener at 127.0.0.1/37689] INFO  server.XceiverServerGrpc (XceiverServerGrpc.java:<init>(132)) - GrpcServer channel type EpollServerSocketChannel
2023-04-11 17:19:41,499 [Listener at 127.0.0.1/37689] INFO  http.BaseHttpServer (BaseHttpServer.java:newHttpServer2BuilderForOzone(224)) - Starting Web-server for hddsDatanode at: http://0.0.0.0:0
2023-04-11 17:19:41,499 [Listener at 127.0.0.1/37689] INFO  http.BaseHttpServer (BaseHttpServer.java:<init>(111)) - Hadoop Security Enabled: false Ozone Security Enabled: false Ozone HTTP Security Enabled: false 
2023-04-11 17:19:41,500 [Listener at 127.0.0.1/37689] WARN  server.AuthenticationFilter (AuthenticationFilter.java:constructSecretProvider(240)) - Unable to initialize FileSignerSecretProvider, falling back to use random secrets. Reason: Could not read signature secret file: /home/runner/hadoop-http-auth-signature-secret
2023-04-11 17:19:41,501 [Listener at 127.0.0.1/37689] WARN  http.HttpRequestLog (HttpRequestLog.java:getRequestLog(103)) - Jetty request log can only be enabled using Log4j
2023-04-11 17:19:41,502 [Listener at 127.0.0.1/37689] INFO  http.HttpServer2 (HttpServer2.java:addGlobalFilter(1031)) - Added global filter 'safety' (class=org.apache.hadoop.hdds.server.http.HttpServer2$QuotingInputFilter)
2023-04-11 17:19:41,503 [Listener at 127.0.0.1/37689] INFO  http.HttpServer2 (HttpServer2.java:addFilter(1007)) - Added filter static_user_filter (class=org.apache.hadoop.http.lib.StaticUserWebFilter$StaticUserFilter) to context hddsDatanode
2023-04-11 17:19:41,503 [Listener at 127.0.0.1/37689] INFO  http.HttpServer2 (HttpServer2.java:addFilter(1015)) - Added filter static_user_filter (class=org.apache.hadoop.http.lib.StaticUserWebFilter$StaticUserFilter) to context static
2023-04-11 17:19:41,503 [Listener at 127.0.0.1/37689] INFO  http.HttpServer2 (HttpServer2.java:addFilter(1015)) - Added filter static_user_filter (class=org.apache.hadoop.http.lib.StaticUserWebFilter$StaticUserFilter) to context logs
2023-04-11 17:19:41,503 [Listener at 127.0.0.1/37689] INFO  http.BaseHttpServer (BaseHttpServer.java:<init>(190)) - HTTP server of hddsDatanode uses base directory /home/runner/work/ozone/ozone/hadoop-ozone/integration-test/target/test-dir/MiniOzoneClusterImpl-bb159280-bf04-4f42-bb5c-99373fe8c4eb/datanode-2/meta/webserver
2023-04-11 17:19:41,504 [Listener at 127.0.0.1/37689] INFO  http.HttpServer2 (HttpServer2.java:bindListener(1250)) - Jetty bound to port 38955
2023-04-11 17:19:41,504 [Listener at 127.0.0.1/37689] INFO  server.Server (Server.java:doStart(375)) - jetty-9.4.49.v20220914; built: 2022-09-14T01:07:36.601Z; git: 4231a3b2e4cb8548a412a789936d640a97b1aa0a; jvm 1.8.0_362-b09
2023-04-11 17:19:41,506 [Listener at 127.0.0.1/37689] INFO  server.session (DefaultSessionIdManager.java:doStart(334)) - DefaultSessionIdManager workerName=node0
2023-04-11 17:19:41,507 [Listener at 127.0.0.1/37689] INFO  server.session (DefaultSessionIdManager.java:doStart(339)) - No SessionScavenger set, using defaults
2023-04-11 17:19:41,507 [Listener at 127.0.0.1/37689] INFO  server.session (HouseKeeper.java:startScavenging(132)) - node0 Scavenging every 600000ms
2023-04-11 17:19:41,508 [Listener at 127.0.0.1/37689] INFO  handler.ContextHandler (ContextHandler.java:doStart(921)) - Started o.e.j.s.ServletContextHandler@2c59de30{logs,/logs,file:///home/runner/work/ozone/ozone/hadoop-ozone/integration-test/target/log,AVAILABLE}
2023-04-11 17:19:41,508 [Listener at 127.0.0.1/37689] INFO  handler.ContextHandler (ContextHandler.java:doStart(921)) - Started o.e.j.s.ServletContextHandler@2ab3cad3{static,/static,jar:file:/home/runner/.m2/repository/org/apache/ozone/hdds-container-service/1.4.0-SNAPSHOT/hdds-container-service-1.4.0-SNAPSHOT.jar!/webapps/static,AVAILABLE}
2023-04-11 17:19:41,719 [Listener at 127.0.0.1/37689] INFO  handler.ContextHandler (ContextHandler.java:doStart(921)) - Started o.e.j.w.WebAppContext@d8b9bbd{hddsDatanode,/,file:///home/runner/work/ozone/ozone/hadoop-ozone/integration-test/target/test-dir/MiniOzoneClusterImpl-bb159280-bf04-4f42-bb5c-99373fe8c4eb/datanode-2/meta/webserver/jetty-0_0_0_0-38955-hdds-container-service-1_4_0-SNAPSHOT_jar-_-any-2052950118360522277/webapp/,AVAILABLE}{jar:file:/home/runner/.m2/repository/org/apache/ozone/hdds-container-service/1.4.0-SNAPSHOT/hdds-container-service-1.4.0-SNAPSHOT.jar!/webapps/hddsDatanode}
2023-04-11 17:19:41,721 [Listener at 127.0.0.1/37689] INFO  server.AbstractConnector (AbstractConnector.java:doStart(333)) - Started ServerConnector@4080ce41{HTTP/1.1, (http/1.1)}{0.0.0.0:38955}
2023-04-11 17:19:41,721 [Listener at 127.0.0.1/37689] INFO  server.Server (Server.java:doStart(415)) - Started @197766ms
2023-04-11 17:19:41,721 [Listener at 127.0.0.1/37689] WARN  impl.MetricsSystemImpl (MetricsSystemImpl.java:register(279)) - Sink prometheus already exists!
2023-04-11 17:19:41,722 [Listener at 127.0.0.1/37689] INFO  http.BaseHttpServer (BaseHttpServer.java:updateConnectorAddress(344)) - HTTP server of hddsDatanode listening at http://0.0.0.0:38955
2023-04-11 17:19:41,722 [Datanode State Machine Daemon Thread] INFO  statemachine.DatanodeStateMachine (DatanodeStateMachine.java:lambda$startDaemon$0(517)) - Ozone container server started.
2023-04-11 17:19:41,722 [Listener at 127.0.0.1/37689] WARN  impl.MetricRegistriesImpl (MetricRegistriesImpl.java:addReporterRegistration(111)) - New reporters are added after registries were created. Some metrics will be missing from the reporter. Please add reporter before adding any new registry.
2023-04-11 17:19:41,724 [Listener at 127.0.0.1/37689] WARN  impl.MetricRegistriesImpl (MetricRegistriesImpl.java:addReporterRegistration(111)) - New reporters are added after registries were created. Some metrics will be missing from the reporter. Please add reporter before adding any new registry.
2023-04-11 17:19:41,724 [Listener at 127.0.0.1/37689] INFO  impl.MetricsSystemImpl (MetricsSystemImpl.java:init(158)) - HddsDatanode metrics system started (again)
2023-04-11 17:19:41,737 [Listener at 127.0.0.1/37689] INFO  ozone.HddsDatanodeService (HddsDatanodeService.java:start(252)) - HddsDatanodeService host:fv-az377-102.ap30g4v5sw5evmjtdmxdg2w53f.dx.internal.cloudapp.net ip:10.1.0.70
2023-04-11 17:19:41,738 [org.apache.hadoop.util.JvmPauseMonitor$Monitor@34c9c5cd] INFO  util.JvmPauseMonitor (JvmPauseMonitor.java:run(188)) - Starting JVM pause monitor
2023-04-11 17:19:41,741 [Datanode State Machine Task Thread - 0] INFO  datanode.InitDatanodeState (InitDatanodeState.java:persistContainerDatanodeDetails(138)) - DatanodeDetails is persisted to /home/runner/work/ozone/ozone/hadoop-ozone/integration-test/target/test-dir/MiniOzoneClusterImpl-bb159280-bf04-4f42-bb5c-99373fe8c4eb/datanode-2/meta/datanode.id
2023-04-11 17:19:41,762 [Listener at 127.0.0.1/37689] INFO  upgrade.AbstractLayoutVersionManager (AbstractLayoutVersionManager.java:init(83)) - Initializing Layout version manager with metadata layout = WEBUI_PORTS_IN_DATANODEDETAILS (version = 6), software layout = WEBUI_PORTS_IN_DATANODEDETAILS (version = 6)
2023-04-11 17:19:41,815 [Listener at 127.0.0.1/37689] INFO  reflections.Reflections (Reflections.java:scan(232)) - Reflections took 52 ms to scan 7 urls, producing 156 keys and 369 values 
2023-04-11 17:19:41,816 [Listener at 127.0.0.1/37689] INFO  statemachine.DatanodeStateMachine (DatanodeStateMachine.java:getEndPointTaskThreadPoolSize(260)) - Datanode State Machine Task Thread Pool size 2
2023-04-11 17:19:41,818 [Listener at 127.0.0.1/37689] INFO  volume.HddsVolume (HddsVolume.java:<init>(130)) - Creating HddsVolume: /home/runner/work/ozone/ozone/hadoop-ozone/integration-test/target/test-dir/MiniOzoneClusterImpl-bb159280-bf04-4f42-bb5c-99373fe8c4eb/datanode-3/data-0/containers/hdds of storage type : DISK capacity : 9223372036854775807
2023-04-11 17:19:41,818 [Listener at 127.0.0.1/37689] INFO  volume.MutableVolumeSet (MutableVolumeSet.java:initializeVolumeSet(175)) - Added Volume : /home/runner/work/ozone/ozone/hadoop-ozone/integration-test/target/test-dir/MiniOzoneClusterImpl-bb159280-bf04-4f42-bb5c-99373fe8c4eb/datanode-3/data-0/containers/hdds to VolumeSet
2023-04-11 17:19:41,818 [Listener at 127.0.0.1/37689] INFO  volume.ThrottledAsyncChecker (ThrottledAsyncChecker.java:schedule(141)) - Scheduling a check for /home/runner/work/ozone/ozone/hadoop-ozone/integration-test/target/test-dir/MiniOzoneClusterImpl-bb159280-bf04-4f42-bb5c-99373fe8c4eb/datanode-3/data-0/containers/hdds
2023-04-11 17:19:41,820 [Listener at 127.0.0.1/37689] INFO  volume.StorageVolumeChecker (StorageVolumeChecker.java:checkAllVolumes(202)) - Scheduled health check for volume /home/runner/work/ozone/ozone/hadoop-ozone/integration-test/target/test-dir/MiniOzoneClusterImpl-bb159280-bf04-4f42-bb5c-99373fe8c4eb/datanode-3/data-0/containers/hdds
2023-04-11 17:19:41,832 [Listener at 127.0.0.1/37689] INFO  volume.MutableVolumeSet (MutableVolumeSet.java:initializeVolumeSet(175)) - Added Volume : /home/runner/work/ozone/ozone/hadoop-ozone/integration-test/target/test-dir/MiniOzoneClusterImpl-bb159280-bf04-4f42-bb5c-99373fe8c4eb/datanode-3/data/ratis to VolumeSet
2023-04-11 17:19:41,832 [Listener at 127.0.0.1/37689] INFO  volume.ThrottledAsyncChecker (ThrottledAsyncChecker.java:schedule(141)) - Scheduling a check for /home/runner/work/ozone/ozone/hadoop-ozone/integration-test/target/test-dir/MiniOzoneClusterImpl-bb159280-bf04-4f42-bb5c-99373fe8c4eb/datanode-3/data/ratis
2023-04-11 17:19:41,832 [Listener at 127.0.0.1/37689] INFO  volume.StorageVolumeChecker (StorageVolumeChecker.java:checkAllVolumes(202)) - Scheduled health check for volume /home/runner/work/ozone/ozone/hadoop-ozone/integration-test/target/test-dir/MiniOzoneClusterImpl-bb159280-bf04-4f42-bb5c-99373fe8c4eb/datanode-3/data/ratis
2023-04-11 17:19:41,844 [Thread-1471] INFO  ozoneimpl.ContainerReader (ContainerReader.java:readVolume(175)) - Finish verifying containers on volume /home/runner/work/ozone/ozone/hadoop-ozone/integration-test/target/test-dir/MiniOzoneClusterImpl-bb159280-bf04-4f42-bb5c-99373fe8c4eb/datanode-3/data-0/containers/hdds
2023-04-11 17:19:41,844 [Listener at 127.0.0.1/37689] INFO  ozoneimpl.OzoneContainer (OzoneContainer.java:buildContainerSet(303)) - Build ContainerSet costs 0s
2023-04-11 17:19:41,846 [Listener at 127.0.0.1/37689] INFO  server.RaftServer (ConfUtils.java:logGet(46)) - raft.rpc.type = GRPC (default)
2023-04-11 17:19:41,846 [Listener at 127.0.0.1/37689] INFO  grpc.GrpcConfigKeys (ConfUtils.java:logFallback(53)) - raft.grpc.admin.host = null (fallback to raft.grpc.server.host)
2023-04-11 17:19:41,846 [Listener at 127.0.0.1/37689] INFO  grpc.GrpcConfigKeys (ConfUtils.java:logGet(46)) - raft.grpc.admin.port = 0 (custom)
2023-04-11 17:19:41,846 [Listener at 127.0.0.1/37689] INFO  grpc.GrpcConfigKeys (ConfUtils.java:logFallback(53)) - raft.grpc.client.host = null (fallback to raft.grpc.server.host)
2023-04-11 17:19:41,846 [Listener at 127.0.0.1/37689] INFO  grpc.GrpcConfigKeys (ConfUtils.java:logGet(46)) - raft.grpc.client.port = 0 (custom)
2023-04-11 17:19:41,846 [Listener at 127.0.0.1/37689] INFO  grpc.GrpcConfigKeys (ConfUtils.java:logGet(46)) - raft.grpc.server.host = null (default)
2023-04-11 17:19:41,846 [Listener at 127.0.0.1/37689] INFO  grpc.GrpcConfigKeys (ConfUtils.java:logGet(46)) - raft.grpc.server.port = 0 (default)
2023-04-11 17:19:41,846 [Listener at 127.0.0.1/37689] INFO  server.GrpcService (ConfUtils.java:logGet(46)) - raft.grpc.message.size.max = 32MB (=33554432) (custom)
2023-04-11 17:19:41,847 [Listener at 127.0.0.1/37689] INFO  server.RaftServerConfigKeys (ConfUtils.java:logGet(46)) - raft.server.log.appender.buffer.byte-limit = 33554432 (custom)
2023-04-11 17:19:41,847 [Listener at 127.0.0.1/37689] INFO  server.GrpcService (ConfUtils.java:logGet(46)) - raft.grpc.flow.control.window = 5MB (=5242880) (custom)
2023-04-11 17:19:41,847 [Listener at 127.0.0.1/37689] INFO  server.RaftServerConfigKeys (ConfUtils.java:logGet(46)) - raft.server.rpc.request.timeout = 60s (custom)
2023-04-11 17:19:41,847 [Listener at 127.0.0.1/37689] INFO  grpc.GrpcConfigKeys (ConfUtils.java:logGet(46)) - raft.grpc.server.heartbeat.channel = true (default)
2023-04-11 17:19:41,847 [Listener at 127.0.0.1/37689] INFO  grpc.GrpcConfigKeys (ConfUtils.java:logGet(46)) - raft.grpc.server.async.request.thread.pool.cached = true (default)
2023-04-11 17:19:41,847 [Listener at 127.0.0.1/37689] INFO  grpc.GrpcConfigKeys (ConfUtils.java:logGet(46)) - raft.grpc.server.async.request.thread.pool.size = 32 (default)
2023-04-11 17:19:41,848 [Listener at 127.0.0.1/37689] INFO  impl.DataStreamServerImpl (ConfUtils.java:logGet(46)) - raft.datastream.type = NETTY (custom)
2023-04-11 17:19:41,848 [Listener at 127.0.0.1/37689] INFO  server.RaftServerConfigKeys (ConfUtils.java:logGet(46)) - raft.server.data-stream.async.request.thread.pool.cached = false (default)
2023-04-11 17:19:41,848 [Listener at 127.0.0.1/37689] INFO  server.RaftServerConfigKeys (ConfUtils.java:logGet(46)) - raft.server.data-stream.async.request.thread.pool.size = 20 (custom)
2023-04-11 17:19:41,849 [Listener at 127.0.0.1/37689] INFO  server.RaftServerConfigKeys (ConfUtils.java:logGet(46)) - raft.server.data-stream.async.write.thread.pool.size = 16 (default)
2023-04-11 17:19:41,849 [Listener at 127.0.0.1/37689] INFO  server.RaftServerConfigKeys (ConfUtils.java:logGet(46)) - raft.server.data-stream.client.pool.size = 10 (default)
2023-04-11 17:19:41,849 [Listener at 127.0.0.1/37689] INFO  netty.NettyConfigKeys$DataStream (ConfUtils.java:logGet(46)) - raft.netty.dataStream.server.use-epoll = false (default)
2023-04-11 17:19:41,849 [Listener at 127.0.0.1/37689] INFO  netty.NettyConfigKeys$DataStream (ConfUtils.java:logGet(46)) - raft.netty.dataStream.server.boss-group.size = 0 (default)
2023-04-11 17:19:41,849 [Listener at 127.0.0.1/37689] INFO  netty.NettyConfigKeys$DataStream (ConfUtils.java:logGet(46)) - raft.netty.dataStream.server.worker-group.size = 0 (default)
2023-04-11 17:19:41,849 [Listener at 127.0.0.1/37689] INFO  netty.NettyConfigKeys$DataStream (ConfUtils.java:logGet(46)) - raft.netty.dataStream.server.tls.conf = null (default)
2023-04-11 17:19:41,850 [Listener at 127.0.0.1/37689] INFO  netty.NettyConfigKeys$DataStream (ConfUtils.java:logGet(46)) - raft.netty.dataStream.host = null (default)
2023-04-11 17:19:41,850 [Listener at 127.0.0.1/37689] INFO  netty.NettyConfigKeys$DataStream (ConfUtils.java:logGet(46)) - raft.netty.dataStream.port = 0 (default)
2023-04-11 17:19:41,850 [Listener at 127.0.0.1/37689] INFO  server.RaftServerConfigKeys (ConfUtils.java:logGet(46)) - raft.server.threadpool.proxy.cached = true (default)
2023-04-11 17:19:41,850 [Listener at 127.0.0.1/37689] INFO  server.RaftServerConfigKeys (ConfUtils.java:logGet(46)) - raft.server.threadpool.proxy.size = 0 (default)
2023-04-11 17:19:41,850 [Listener at 127.0.0.1/37689] INFO  server.RaftServerConfigKeys (ConfUtils.java:logGet(46)) - raft.server.rpc.slowness.timeout = 300s (custom)
2023-04-11 17:19:41,850 [Listener at 127.0.0.1/37689] INFO  server.RaftServerConfigKeys (ConfUtils.java:logGet(46)) - raft.server.leaderelection.leader.step-down.wait-time = 10s (default)
2023-04-11 17:19:41,851 [Listener at 127.0.0.1/37689] INFO  server.RaftServerConfigKeys (ConfUtils.java:logGet(46)) - raft.server.storage.dir = [/home/runner/work/ozone/ozone/hadoop-ozone/integration-test/target/test-dir/MiniOzoneClusterImpl-bb159280-bf04-4f42-bb5c-99373fe8c4eb/datanode-3/data/ratis] (custom)
2023-04-11 17:19:41,851 [83a86767-9132-4ec4-b752-470247843358-NettyServerStreamRpc-bossGroup--thread1] INFO  logging.LoggingHandler (AbstractInternalLogger.java:log(148)) - [id: 0xaa77c9bd] REGISTERED
2023-04-11 17:19:41,851 [83a86767-9132-4ec4-b752-470247843358-NettyServerStreamRpc-bossGroup--thread1] INFO  logging.LoggingHandler (AbstractInternalLogger.java:log(148)) - [id: 0xaa77c9bd] BIND: 0.0.0.0/0.0.0.0:0
2023-04-11 17:19:41,851 [83a86767-9132-4ec4-b752-470247843358-NettyServerStreamRpc-bossGroup--thread1] INFO  logging.LoggingHandler (AbstractInternalLogger.java:log(148)) - [id: 0xaa77c9bd, L:/0:0:0:0:0:0:0:0:36455] ACTIVE
2023-04-11 17:19:41,853 [Listener at 127.0.0.1/37689] INFO  server.XceiverServerGrpc (XceiverServerGrpc.java:<init>(132)) - GrpcServer channel type EpollServerSocketChannel
2023-04-11 17:19:41,856 [Listener at 127.0.0.1/37689] INFO  http.BaseHttpServer (BaseHttpServer.java:newHttpServer2BuilderForOzone(224)) - Starting Web-server for hddsDatanode at: http://0.0.0.0:0
2023-04-11 17:19:41,856 [Listener at 127.0.0.1/37689] INFO  http.BaseHttpServer (BaseHttpServer.java:<init>(111)) - Hadoop Security Enabled: false Ozone Security Enabled: false Ozone HTTP Security Enabled: false 
2023-04-11 17:19:41,857 [Listener at 127.0.0.1/37689] WARN  server.AuthenticationFilter (AuthenticationFilter.java:constructSecretProvider(240)) - Unable to initialize FileSignerSecretProvider, falling back to use random secrets. Reason: Could not read signature secret file: /home/runner/hadoop-http-auth-signature-secret
2023-04-11 17:19:41,857 [Listener at 127.0.0.1/37689] WARN  http.HttpRequestLog (HttpRequestLog.java:getRequestLog(103)) - Jetty request log can only be enabled using Log4j
2023-04-11 17:19:41,858 [Listener at 127.0.0.1/37689] INFO  http.HttpServer2 (HttpServer2.java:addGlobalFilter(1031)) - Added global filter 'safety' (class=org.apache.hadoop.hdds.server.http.HttpServer2$QuotingInputFilter)
2023-04-11 17:19:41,859 [Listener at 127.0.0.1/37689] INFO  http.HttpServer2 (HttpServer2.java:addFilter(1007)) - Added filter static_user_filter (class=org.apache.hadoop.http.lib.StaticUserWebFilter$StaticUserFilter) to context hddsDatanode
2023-04-11 17:19:41,859 [Listener at 127.0.0.1/37689] INFO  http.HttpServer2 (HttpServer2.java:addFilter(1015)) - Added filter static_user_filter (class=org.apache.hadoop.http.lib.StaticUserWebFilter$StaticUserFilter) to context logs
2023-04-11 17:19:41,859 [Listener at 127.0.0.1/37689] INFO  http.HttpServer2 (HttpServer2.java:addFilter(1015)) - Added filter static_user_filter (class=org.apache.hadoop.http.lib.StaticUserWebFilter$StaticUserFilter) to context static
2023-04-11 17:19:41,859 [Listener at 127.0.0.1/37689] INFO  http.BaseHttpServer (BaseHttpServer.java:<init>(190)) - HTTP server of hddsDatanode uses base directory /home/runner/work/ozone/ozone/hadoop-ozone/integration-test/target/test-dir/MiniOzoneClusterImpl-bb159280-bf04-4f42-bb5c-99373fe8c4eb/datanode-3/meta/webserver
2023-04-11 17:19:41,860 [Listener at 127.0.0.1/37689] INFO  http.HttpServer2 (HttpServer2.java:bindListener(1250)) - Jetty bound to port 37523
2023-04-11 17:19:41,860 [Listener at 127.0.0.1/37689] INFO  server.Server (Server.java:doStart(375)) - jetty-9.4.49.v20220914; built: 2022-09-14T01:07:36.601Z; git: 4231a3b2e4cb8548a412a789936d640a97b1aa0a; jvm 1.8.0_362-b09
2023-04-11 17:19:41,862 [Listener at 127.0.0.1/37689] INFO  server.session (DefaultSessionIdManager.java:doStart(334)) - DefaultSessionIdManager workerName=node0
2023-04-11 17:19:41,862 [Listener at 127.0.0.1/37689] INFO  server.session (DefaultSessionIdManager.java:doStart(339)) - No SessionScavenger set, using defaults
2023-04-11 17:19:41,862 [Listener at 127.0.0.1/37689] INFO  server.session (HouseKeeper.java:startScavenging(132)) - node0 Scavenging every 660000ms
2023-04-11 17:19:41,863 [Listener at 127.0.0.1/37689] INFO  handler.ContextHandler (ContextHandler.java:doStart(921)) - Started o.e.j.s.ServletContextHandler@14782800{logs,/logs,file:///home/runner/work/ozone/ozone/hadoop-ozone/integration-test/target/log,AVAILABLE}
2023-04-11 17:19:41,863 [Listener at 127.0.0.1/37689] INFO  handler.ContextHandler (ContextHandler.java:doStart(921)) - Started o.e.j.s.ServletContextHandler@7b5cb9e0{static,/static,jar:file:/home/runner/.m2/repository/org/apache/ozone/hdds-container-service/1.4.0-SNAPSHOT/hdds-container-service-1.4.0-SNAPSHOT.jar!/webapps/static,AVAILABLE}
2023-04-11 17:19:42,080 [Listener at 127.0.0.1/37689] INFO  handler.ContextHandler (ContextHandler.java:doStart(921)) - Started o.e.j.w.WebAppContext@42a7d9ef{hddsDatanode,/,file:///home/runner/work/ozone/ozone/hadoop-ozone/integration-test/target/test-dir/MiniOzoneClusterImpl-bb159280-bf04-4f42-bb5c-99373fe8c4eb/datanode-3/meta/webserver/jetty-0_0_0_0-37523-hdds-container-service-1_4_0-SNAPSHOT_jar-_-any-2369974125574282117/webapp/,AVAILABLE}{jar:file:/home/runner/.m2/repository/org/apache/ozone/hdds-container-service/1.4.0-SNAPSHOT/hdds-container-service-1.4.0-SNAPSHOT.jar!/webapps/hddsDatanode}
2023-04-11 17:19:42,082 [Listener at 127.0.0.1/37689] INFO  server.AbstractConnector (AbstractConnector.java:doStart(333)) - Started ServerConnector@54b7d06b{HTTP/1.1, (http/1.1)}{0.0.0.0:37523}
2023-04-11 17:19:42,083 [Listener at 127.0.0.1/37689] INFO  server.Server (Server.java:doStart(415)) - Started @198128ms
2023-04-11 17:19:42,083 [Listener at 127.0.0.1/37689] WARN  impl.MetricsSystemImpl (MetricsSystemImpl.java:register(279)) - Sink prometheus already exists!
2023-04-11 17:19:42,083 [Listener at 127.0.0.1/37689] INFO  http.BaseHttpServer (BaseHttpServer.java:updateConnectorAddress(344)) - HTTP server of hddsDatanode listening at http://0.0.0.0:37523
2023-04-11 17:19:42,084 [Datanode State Machine Daemon Thread] INFO  statemachine.DatanodeStateMachine (DatanodeStateMachine.java:lambda$startDaemon$0(517)) - Ozone container server started.
2023-04-11 17:19:42,084 [Listener at 127.0.0.1/37689] WARN  impl.MetricRegistriesImpl (MetricRegistriesImpl.java:addReporterRegistration(111)) - New reporters are added after registries were created. Some metrics will be missing from the reporter. Please add reporter before adding any new registry.
2023-04-11 17:19:42,085 [Listener at 127.0.0.1/37689] WARN  impl.MetricRegistriesImpl (MetricRegistriesImpl.java:addReporterRegistration(111)) - New reporters are added after registries were created. Some metrics will be missing from the reporter. Please add reporter before adding any new registry.
2023-04-11 17:19:42,085 [Listener at 127.0.0.1/37689] INFO  impl.MetricsSystemImpl (MetricsSystemImpl.java:init(158)) - HddsDatanode metrics system started (again)
2023-04-11 17:19:42,096 [org.apache.hadoop.util.JvmPauseMonitor$Monitor@42c98ccf] INFO  util.JvmPauseMonitor (JvmPauseMonitor.java:run(188)) - Starting JVM pause monitor
2023-04-11 17:19:42,098 [Listener at 127.0.0.1/37689] INFO  ozone.HddsDatanodeService (HddsDatanodeService.java:start(252)) - HddsDatanodeService host:fv-az377-102.ap30g4v5sw5evmjtdmxdg2w53f.dx.internal.cloudapp.net ip:10.1.0.70
2023-04-11 17:19:42,100 [Datanode State Machine Task Thread - 0] INFO  datanode.InitDatanodeState (InitDatanodeState.java:persistContainerDatanodeDetails(138)) - DatanodeDetails is persisted to /home/runner/work/ozone/ozone/hadoop-ozone/integration-test/target/test-dir/MiniOzoneClusterImpl-bb159280-bf04-4f42-bb5c-99373fe8c4eb/datanode-3/meta/datanode.id
2023-04-11 17:19:42,131 [Listener at 127.0.0.1/37689] INFO  upgrade.AbstractLayoutVersionManager (AbstractLayoutVersionManager.java:init(83)) - Initializing Layout version manager with metadata layout = WEBUI_PORTS_IN_DATANODEDETAILS (version = 6), software layout = WEBUI_PORTS_IN_DATANODEDETAILS (version = 6)
2023-04-11 17:19:42,187 [Listener at 127.0.0.1/37689] INFO  reflections.Reflections (Reflections.java:scan(232)) - Reflections took 55 ms to scan 7 urls, producing 156 keys and 369 values 
2023-04-11 17:19:42,188 [Listener at 127.0.0.1/37689] INFO  statemachine.DatanodeStateMachine (DatanodeStateMachine.java:getEndPointTaskThreadPoolSize(260)) - Datanode State Machine Task Thread Pool size 2
2023-04-11 17:19:42,190 [Listener at 127.0.0.1/37689] INFO  volume.HddsVolume (HddsVolume.java:<init>(130)) - Creating HddsVolume: /home/runner/work/ozone/ozone/hadoop-ozone/integration-test/target/test-dir/MiniOzoneClusterImpl-bb159280-bf04-4f42-bb5c-99373fe8c4eb/datanode-4/data-0/containers/hdds of storage type : DISK capacity : 9223372036854775807
2023-04-11 17:19:42,190 [Listener at 127.0.0.1/37689] INFO  volume.MutableVolumeSet (MutableVolumeSet.java:initializeVolumeSet(175)) - Added Volume : /home/runner/work/ozone/ozone/hadoop-ozone/integration-test/target/test-dir/MiniOzoneClusterImpl-bb159280-bf04-4f42-bb5c-99373fe8c4eb/datanode-4/data-0/containers/hdds to VolumeSet
2023-04-11 17:19:42,190 [Listener at 127.0.0.1/37689] INFO  volume.ThrottledAsyncChecker (ThrottledAsyncChecker.java:schedule(141)) - Scheduling a check for /home/runner/work/ozone/ozone/hadoop-ozone/integration-test/target/test-dir/MiniOzoneClusterImpl-bb159280-bf04-4f42-bb5c-99373fe8c4eb/datanode-4/data-0/containers/hdds
2023-04-11 17:19:42,191 [Listener at 127.0.0.1/37689] INFO  volume.StorageVolumeChecker (StorageVolumeChecker.java:checkAllVolumes(202)) - Scheduled health check for volume /home/runner/work/ozone/ozone/hadoop-ozone/integration-test/target/test-dir/MiniOzoneClusterImpl-bb159280-bf04-4f42-bb5c-99373fe8c4eb/datanode-4/data-0/containers/hdds
2023-04-11 17:19:42,203 [Listener at 127.0.0.1/37689] INFO  volume.MutableVolumeSet (MutableVolumeSet.java:initializeVolumeSet(175)) - Added Volume : /home/runner/work/ozone/ozone/hadoop-ozone/integration-test/target/test-dir/MiniOzoneClusterImpl-bb159280-bf04-4f42-bb5c-99373fe8c4eb/datanode-4/data/ratis to VolumeSet
2023-04-11 17:19:42,203 [Listener at 127.0.0.1/37689] INFO  volume.ThrottledAsyncChecker (ThrottledAsyncChecker.java:schedule(141)) - Scheduling a check for /home/runner/work/ozone/ozone/hadoop-ozone/integration-test/target/test-dir/MiniOzoneClusterImpl-bb159280-bf04-4f42-bb5c-99373fe8c4eb/datanode-4/data/ratis
2023-04-11 17:19:42,204 [Listener at 127.0.0.1/37689] INFO  volume.StorageVolumeChecker (StorageVolumeChecker.java:checkAllVolumes(202)) - Scheduled health check for volume /home/runner/work/ozone/ozone/hadoop-ozone/integration-test/target/test-dir/MiniOzoneClusterImpl-bb159280-bf04-4f42-bb5c-99373fe8c4eb/datanode-4/data/ratis
2023-04-11 17:19:42,216 [Thread-1485] INFO  ozoneimpl.ContainerReader (ContainerReader.java:readVolume(175)) - Finish verifying containers on volume /home/runner/work/ozone/ozone/hadoop-ozone/integration-test/target/test-dir/MiniOzoneClusterImpl-bb159280-bf04-4f42-bb5c-99373fe8c4eb/datanode-4/data-0/containers/hdds
2023-04-11 17:19:42,216 [Listener at 127.0.0.1/37689] INFO  ozoneimpl.OzoneContainer (OzoneContainer.java:buildContainerSet(303)) - Build ContainerSet costs 0s
2023-04-11 17:19:42,218 [Listener at 127.0.0.1/37689] INFO  server.RaftServer (ConfUtils.java:logGet(46)) - raft.rpc.type = GRPC (default)
2023-04-11 17:19:42,219 [Listener at 127.0.0.1/37689] INFO  grpc.GrpcConfigKeys (ConfUtils.java:logFallback(53)) - raft.grpc.admin.host = null (fallback to raft.grpc.server.host)
2023-04-11 17:19:42,219 [Listener at 127.0.0.1/37689] INFO  grpc.GrpcConfigKeys (ConfUtils.java:logGet(46)) - raft.grpc.admin.port = 0 (custom)
2023-04-11 17:19:42,219 [Listener at 127.0.0.1/37689] INFO  grpc.GrpcConfigKeys (ConfUtils.java:logFallback(53)) - raft.grpc.client.host = null (fallback to raft.grpc.server.host)
2023-04-11 17:19:42,219 [Listener at 127.0.0.1/37689] INFO  grpc.GrpcConfigKeys (ConfUtils.java:logGet(46)) - raft.grpc.client.port = 0 (custom)
2023-04-11 17:19:42,219 [Listener at 127.0.0.1/37689] INFO  grpc.GrpcConfigKeys (ConfUtils.java:logGet(46)) - raft.grpc.server.host = null (default)
2023-04-11 17:19:42,219 [Listener at 127.0.0.1/37689] INFO  grpc.GrpcConfigKeys (ConfUtils.java:logGet(46)) - raft.grpc.server.port = 0 (default)
2023-04-11 17:19:42,219 [Listener at 127.0.0.1/37689] INFO  server.GrpcService (ConfUtils.java:logGet(46)) - raft.grpc.message.size.max = 32MB (=33554432) (custom)
2023-04-11 17:19:42,219 [Listener at 127.0.0.1/37689] INFO  server.RaftServerConfigKeys (ConfUtils.java:logGet(46)) - raft.server.log.appender.buffer.byte-limit = 33554432 (custom)
2023-04-11 17:19:42,220 [Listener at 127.0.0.1/37689] INFO  server.GrpcService (ConfUtils.java:logGet(46)) - raft.grpc.flow.control.window = 5MB (=5242880) (custom)
2023-04-11 17:19:42,220 [Listener at 127.0.0.1/37689] INFO  server.RaftServerConfigKeys (ConfUtils.java:logGet(46)) - raft.server.rpc.request.timeout = 60s (custom)
2023-04-11 17:19:42,220 [Listener at 127.0.0.1/37689] INFO  grpc.GrpcConfigKeys (ConfUtils.java:logGet(46)) - raft.grpc.server.heartbeat.channel = true (default)
2023-04-11 17:19:42,220 [Listener at 127.0.0.1/37689] INFO  grpc.GrpcConfigKeys (ConfUtils.java:logGet(46)) - raft.grpc.server.async.request.thread.pool.cached = true (default)
2023-04-11 17:19:42,220 [Listener at 127.0.0.1/37689] INFO  grpc.GrpcConfigKeys (ConfUtils.java:logGet(46)) - raft.grpc.server.async.request.thread.pool.size = 32 (default)
2023-04-11 17:19:42,221 [Listener at 127.0.0.1/37689] INFO  impl.DataStreamServerImpl (ConfUtils.java:logGet(46)) - raft.datastream.type = NETTY (custom)
2023-04-11 17:19:42,222 [Listener at 127.0.0.1/37689] INFO  server.RaftServerConfigKeys (ConfUtils.java:logGet(46)) - raft.server.data-stream.async.request.thread.pool.cached = false (default)
2023-04-11 17:19:42,222 [Listener at 127.0.0.1/37689] INFO  server.RaftServerConfigKeys (ConfUtils.java:logGet(46)) - raft.server.data-stream.async.request.thread.pool.size = 20 (custom)
2023-04-11 17:19:42,222 [Listener at 127.0.0.1/37689] INFO  server.RaftServerConfigKeys (ConfUtils.java:logGet(46)) - raft.server.data-stream.async.write.thread.pool.size = 16 (default)
2023-04-11 17:19:42,222 [Listener at 127.0.0.1/37689] INFO  server.RaftServerConfigKeys (ConfUtils.java:logGet(46)) - raft.server.data-stream.client.pool.size = 10 (default)
2023-04-11 17:19:42,222 [Listener at 127.0.0.1/37689] INFO  netty.NettyConfigKeys$DataStream (ConfUtils.java:logGet(46)) - raft.netty.dataStream.server.use-epoll = false (default)
2023-04-11 17:19:42,222 [Listener at 127.0.0.1/37689] INFO  netty.NettyConfigKeys$DataStream (ConfUtils.java:logGet(46)) - raft.netty.dataStream.server.boss-group.size = 0 (default)
2023-04-11 17:19:42,223 [Listener at 127.0.0.1/37689] INFO  netty.NettyConfigKeys$DataStream (ConfUtils.java:logGet(46)) - raft.netty.dataStream.server.worker-group.size = 0 (default)
2023-04-11 17:19:42,223 [Listener at 127.0.0.1/37689] INFO  netty.NettyConfigKeys$DataStream (ConfUtils.java:logGet(46)) - raft.netty.dataStream.server.tls.conf = null (default)
2023-04-11 17:19:42,223 [Listener at 127.0.0.1/37689] INFO  netty.NettyConfigKeys$DataStream (ConfUtils.java:logGet(46)) - raft.netty.dataStream.host = null (default)
2023-04-11 17:19:42,224 [Listener at 127.0.0.1/37689] INFO  netty.NettyConfigKeys$DataStream (ConfUtils.java:logGet(46)) - raft.netty.dataStream.port = 0 (default)
2023-04-11 17:19:42,224 [Listener at 127.0.0.1/37689] INFO  server.RaftServerConfigKeys (ConfUtils.java:logGet(46)) - raft.server.threadpool.proxy.cached = true (default)
2023-04-11 17:19:42,224 [Listener at 127.0.0.1/37689] INFO  server.RaftServerConfigKeys (ConfUtils.java:logGet(46)) - raft.server.threadpool.proxy.size = 0 (default)
2023-04-11 17:19:42,224 [Listener at 127.0.0.1/37689] INFO  server.RaftServerConfigKeys (ConfUtils.java:logGet(46)) - raft.server.rpc.slowness.timeout = 300s (custom)
2023-04-11 17:19:42,225 [Listener at 127.0.0.1/37689] INFO  server.RaftServerConfigKeys (ConfUtils.java:logGet(46)) - raft.server.leaderelection.leader.step-down.wait-time = 10s (default)
2023-04-11 17:19:42,225 [Listener at 127.0.0.1/37689] INFO  server.RaftServerConfigKeys (ConfUtils.java:logGet(46)) - raft.server.storage.dir = [/home/runner/work/ozone/ozone/hadoop-ozone/integration-test/target/test-dir/MiniOzoneClusterImpl-bb159280-bf04-4f42-bb5c-99373fe8c4eb/datanode-4/data/ratis] (custom)
2023-04-11 17:19:42,225 [1b760667-28fc-4393-96a7-267a88805411-NettyServerStreamRpc-bossGroup--thread1] INFO  logging.LoggingHandler (AbstractInternalLogger.java:log(148)) - [id: 0x7e7f070b] REGISTERED
2023-04-11 17:19:42,225 [1b760667-28fc-4393-96a7-267a88805411-NettyServerStreamRpc-bossGroup--thread1] INFO  logging.LoggingHandler (AbstractInternalLogger.java:log(148)) - [id: 0x7e7f070b] BIND: 0.0.0.0/0.0.0.0:0
2023-04-11 17:19:42,225 [1b760667-28fc-4393-96a7-267a88805411-NettyServerStreamRpc-bossGroup--thread1] INFO  logging.LoggingHandler (AbstractInternalLogger.java:log(148)) - [id: 0x7e7f070b, L:/0:0:0:0:0:0:0:0:36481] ACTIVE
2023-04-11 17:19:42,227 [Listener at 127.0.0.1/37689] INFO  server.XceiverServerGrpc (XceiverServerGrpc.java:<init>(132)) - GrpcServer channel type EpollServerSocketChannel
2023-04-11 17:19:42,231 [Listener at 127.0.0.1/37689] INFO  http.BaseHttpServer (BaseHttpServer.java:newHttpServer2BuilderForOzone(224)) - Starting Web-server for hddsDatanode at: http://0.0.0.0:0
2023-04-11 17:19:42,231 [Listener at 127.0.0.1/37689] INFO  http.BaseHttpServer (BaseHttpServer.java:<init>(111)) - Hadoop Security Enabled: false Ozone Security Enabled: false Ozone HTTP Security Enabled: false 
2023-04-11 17:19:42,232 [Listener at 127.0.0.1/37689] WARN  server.AuthenticationFilter (AuthenticationFilter.java:constructSecretProvider(240)) - Unable to initialize FileSignerSecretProvider, falling back to use random secrets. Reason: Could not read signature secret file: /home/runner/hadoop-http-auth-signature-secret
2023-04-11 17:19:42,232 [Listener at 127.0.0.1/37689] WARN  http.HttpRequestLog (HttpRequestLog.java:getRequestLog(103)) - Jetty request log can only be enabled using Log4j
2023-04-11 17:19:42,233 [Listener at 127.0.0.1/37689] INFO  http.HttpServer2 (HttpServer2.java:addGlobalFilter(1031)) - Added global filter 'safety' (class=org.apache.hadoop.hdds.server.http.HttpServer2$QuotingInputFilter)
2023-04-11 17:19:42,234 [Listener at 127.0.0.1/37689] INFO  http.HttpServer2 (HttpServer2.java:addFilter(1007)) - Added filter static_user_filter (class=org.apache.hadoop.http.lib.StaticUserWebFilter$StaticUserFilter) to context hddsDatanode
2023-04-11 17:19:42,234 [Listener at 127.0.0.1/37689] INFO  http.HttpServer2 (HttpServer2.java:addFilter(1015)) - Added filter static_user_filter (class=org.apache.hadoop.http.lib.StaticUserWebFilter$StaticUserFilter) to context logs
2023-04-11 17:19:42,234 [Listener at 127.0.0.1/37689] INFO  http.HttpServer2 (HttpServer2.java:addFilter(1015)) - Added filter static_user_filter (class=org.apache.hadoop.http.lib.StaticUserWebFilter$StaticUserFilter) to context static
2023-04-11 17:19:42,234 [Listener at 127.0.0.1/37689] INFO  http.BaseHttpServer (BaseHttpServer.java:<init>(190)) - HTTP server of hddsDatanode uses base directory /home/runner/work/ozone/ozone/hadoop-ozone/integration-test/target/test-dir/MiniOzoneClusterImpl-bb159280-bf04-4f42-bb5c-99373fe8c4eb/datanode-4/meta/webserver
2023-04-11 17:19:42,235 [Listener at 127.0.0.1/37689] INFO  http.HttpServer2 (HttpServer2.java:bindListener(1250)) - Jetty bound to port 38307
2023-04-11 17:19:42,235 [Listener at 127.0.0.1/37689] INFO  server.Server (Server.java:doStart(375)) - jetty-9.4.49.v20220914; built: 2022-09-14T01:07:36.601Z; git: 4231a3b2e4cb8548a412a789936d640a97b1aa0a; jvm 1.8.0_362-b09
2023-04-11 17:19:42,236 [Listener at 127.0.0.1/37689] INFO  server.session (DefaultSessionIdManager.java:doStart(334)) - DefaultSessionIdManager workerName=node0
2023-04-11 17:19:42,236 [Listener at 127.0.0.1/37689] INFO  server.session (DefaultSessionIdManager.java:doStart(339)) - No SessionScavenger set, using defaults
2023-04-11 17:19:42,236 [Listener at 127.0.0.1/37689] INFO  server.session (HouseKeeper.java:startScavenging(132)) - node0 Scavenging every 660000ms
2023-04-11 17:19:42,237 [Listener at 127.0.0.1/37689] INFO  handler.ContextHandler (ContextHandler.java:doStart(921)) - Started o.e.j.s.ServletContextHandler@6dfffacc{logs,/logs,file:///home/runner/work/ozone/ozone/hadoop-ozone/integration-test/target/log,AVAILABLE}
2023-04-11 17:19:42,237 [Listener at 127.0.0.1/37689] INFO  handler.ContextHandler (ContextHandler.java:doStart(921)) - Started o.e.j.s.ServletContextHandler@4eb9ff14{static,/static,jar:file:/home/runner/.m2/repository/org/apache/ozone/hdds-container-service/1.4.0-SNAPSHOT/hdds-container-service-1.4.0-SNAPSHOT.jar!/webapps/static,AVAILABLE}
2023-04-11 17:19:42,456 [Listener at 127.0.0.1/37689] INFO  handler.ContextHandler (ContextHandler.java:doStart(921)) - Started o.e.j.w.WebAppContext@cc42b44{hddsDatanode,/,file:///home/runner/work/ozone/ozone/hadoop-ozone/integration-test/target/test-dir/MiniOzoneClusterImpl-bb159280-bf04-4f42-bb5c-99373fe8c4eb/datanode-4/meta/webserver/jetty-0_0_0_0-38307-hdds-container-service-1_4_0-SNAPSHOT_jar-_-any-1865299327586305153/webapp/,AVAILABLE}{jar:file:/home/runner/.m2/repository/org/apache/ozone/hdds-container-service/1.4.0-SNAPSHOT/hdds-container-service-1.4.0-SNAPSHOT.jar!/webapps/hddsDatanode}
2023-04-11 17:19:42,458 [Listener at 127.0.0.1/37689] INFO  server.AbstractConnector (AbstractConnector.java:doStart(333)) - Started ServerConnector@62580d9e{HTTP/1.1, (http/1.1)}{0.0.0.0:38307}
2023-04-11 17:19:42,458 [Listener at 127.0.0.1/37689] INFO  server.Server (Server.java:doStart(415)) - Started @198503ms
2023-04-11 17:19:42,458 [Listener at 127.0.0.1/37689] WARN  impl.MetricsSystemImpl (MetricsSystemImpl.java:register(279)) - Sink prometheus already exists!
2023-04-11 17:19:42,458 [Listener at 127.0.0.1/37689] INFO  http.BaseHttpServer (BaseHttpServer.java:updateConnectorAddress(344)) - HTTP server of hddsDatanode listening at http://0.0.0.0:38307
2023-04-11 17:19:42,459 [Datanode State Machine Daemon Thread] INFO  statemachine.DatanodeStateMachine (DatanodeStateMachine.java:lambda$startDaemon$0(517)) - Ozone container server started.
2023-04-11 17:19:42,459 [Listener at 127.0.0.1/37689] INFO  ozone.MiniOzoneClusterImpl (MiniOzoneClusterImpl.java:lambda$waitForClusterToBeReady$0(222)) - Waiting for nodes to be ready. Got 0 of 5 DN Heartbeats.
2023-04-11 17:19:42,461 [Listener at 127.0.0.1/37689] INFO  ozone.MiniOzoneClusterImpl (MiniOzoneClusterImpl.java:lambda$waitForClusterToBeReady$0(225)) - Waiting for cluster to exit safe mode
2023-04-11 17:19:42,461 [Listener at 127.0.0.1/37689] INFO  ozone.MiniOzoneClusterImpl (MiniOzoneClusterImpl.java:lambda$waitForClusterToBeReady$0(227)) - SCM became leader
2023-04-11 17:19:42,461 [org.apache.hadoop.util.JvmPauseMonitor$Monitor@8a3e7cf] INFO  util.JvmPauseMonitor (JvmPauseMonitor.java:run(188)) - Starting JVM pause monitor
2023-04-11 17:19:42,464 [Datanode State Machine Task Thread - 0] INFO  datanode.InitDatanodeState (InitDatanodeState.java:persistContainerDatanodeDetails(138)) - DatanodeDetails is persisted to /home/runner/work/ozone/ozone/hadoop-ozone/integration-test/target/test-dir/MiniOzoneClusterImpl-bb159280-bf04-4f42-bb5c-99373fe8c4eb/datanode-4/meta/datanode.id
2023-04-11 17:19:43,007 [EndpointStateMachine task thread for /0.0.0.0:38859 - 0 ] INFO  utils.DatanodeStoreCache (DatanodeStoreCache.java:addDB(58)) - Added db /home/runner/work/ozone/ozone/hadoop-ozone/integration-test/target/test-dir/MiniOzoneClusterImpl-bb159280-bf04-4f42-bb5c-99373fe8c4eb/datanode-0/data-0/containers/hdds/bb159280-bf04-4f42-bb5c-99373fe8c4eb/DS-d10279eb-c34c-4c44-ae63-803693d7499c/container.db to cache
2023-04-11 17:19:43,007 [EndpointStateMachine task thread for /0.0.0.0:38859 - 0 ] INFO  volume.HddsVolume (HddsVolume.java:createDbStore(350)) - SchemaV3 db is created and loaded at /home/runner/work/ozone/ozone/hadoop-ozone/integration-test/target/test-dir/MiniOzoneClusterImpl-bb159280-bf04-4f42-bb5c-99373fe8c4eb/datanode-0/data-0/containers/hdds/bb159280-bf04-4f42-bb5c-99373fe8c4eb/DS-d10279eb-c34c-4c44-ae63-803693d7499c/container.db for volume DS-d10279eb-c34c-4c44-ae63-803693d7499c
2023-04-11 17:19:43,007 [EndpointStateMachine task thread for /0.0.0.0:38859 - 0 ] INFO  ozoneimpl.OzoneContainer (OzoneContainer.java:start(397)) - Attempting to start container services.
2023-04-11 17:19:43,008 [EndpointStateMachine task thread for /0.0.0.0:38859 - 0 ] INFO  ozoneimpl.OzoneContainer (OzoneContainer.java:startContainerScrub(314)) - Scheduled background container scanners and the on-demand container scanner have been disabled.
2023-04-11 17:19:43,013 [EndpointStateMachine task thread for /0.0.0.0:38859 - 0 ] INFO  replication.ReplicationServer (ReplicationServer.java:start(109)) - ReplicationServer is started using port 45569
2023-04-11 17:19:43,013 [EndpointStateMachine task thread for /0.0.0.0:38859 - 0 ] INFO  ratis.XceiverServerRatis (XceiverServerRatis.java:start(517)) - Starting XceiverServerRatis 1b86d2c8-07b9-4256-9063-5eaa90b8c67a
2023-04-11 17:19:43,014 [EndpointStateMachine task thread for /0.0.0.0:38859 - 0 ] INFO  server.RaftServer (RaftServerProxy.java:startImpl(393)) - 1b86d2c8-07b9-4256-9063-5eaa90b8c67a: start RPC server
2023-04-11 17:19:43,018 [EndpointStateMachine task thread for /0.0.0.0:38859 - 0 ] INFO  server.GrpcService (GrpcService.java:startImpl(262)) - 1b86d2c8-07b9-4256-9063-5eaa90b8c67a: GrpcService started, listening on 42043
2023-04-11 17:19:43,018 [EndpointStateMachine task thread for /0.0.0.0:38859 - 0 ] INFO  ratis.XceiverServerRatis (XceiverServerRatis.java:getRealPort(543)) - XceiverServerRatis 1b86d2c8-07b9-4256-9063-5eaa90b8c67a is started using port 42043 for RATIS
2023-04-11 17:19:43,018 [EndpointStateMachine task thread for /0.0.0.0:38859 - 0 ] INFO  ratis.XceiverServerRatis (XceiverServerRatis.java:getRealPort(543)) - XceiverServerRatis 1b86d2c8-07b9-4256-9063-5eaa90b8c67a is started using port 42043 for RATIS_ADMIN
2023-04-11 17:19:43,018 [EndpointStateMachine task thread for /0.0.0.0:38859 - 0 ] INFO  ratis.XceiverServerRatis (XceiverServerRatis.java:getRealPort(543)) - XceiverServerRatis 1b86d2c8-07b9-4256-9063-5eaa90b8c67a is started using port 42043 for RATIS_SERVER
2023-04-11 17:19:43,018 [EndpointStateMachine task thread for /0.0.0.0:38859 - 0 ] INFO  ratis.XceiverServerRatis (XceiverServerRatis.java:getRealPort(543)) - XceiverServerRatis 1b86d2c8-07b9-4256-9063-5eaa90b8c67a is started using port 39397 for RATIS_DATASTREAM
2023-04-11 17:19:43,018 [JvmPauseMonitor17] INFO  util.JvmPauseMonitor (JvmPauseMonitor.java:run(105)) - JvmPauseMonitor-1b86d2c8-07b9-4256-9063-5eaa90b8c67a: Started
2023-04-11 17:19:43,031 [EndpointStateMachine task thread for /0.0.0.0:38859 - 0 ] INFO  server.XceiverServerGrpc (XceiverServerGrpc.java:start(180)) - XceiverServerGrpc 1b86d2c8-07b9-4256-9063-5eaa90b8c67a is started using port 38179
2023-04-11 17:19:43,032 [BlockDeletingService#0] INFO  interfaces.ContainerDeletionChoosingPolicyTemplate (ContainerDeletionChoosingPolicyTemplate.java:chooseContainerForBlockDeletion(83)) - Chosen 0/5000 blocks from 0 candidate containers.
2023-04-11 17:19:43,398 [EndpointStateMachine task thread for /0.0.0.0:38859 - 0 ] INFO  utils.DatanodeStoreCache (DatanodeStoreCache.java:addDB(58)) - Added db /home/runner/work/ozone/ozone/hadoop-ozone/integration-test/target/test-dir/MiniOzoneClusterImpl-bb159280-bf04-4f42-bb5c-99373fe8c4eb/datanode-1/data-0/containers/hdds/bb159280-bf04-4f42-bb5c-99373fe8c4eb/DS-ddecbb62-7051-4b5a-ac2f-e5058f9b5956/container.db to cache
2023-04-11 17:19:43,398 [EndpointStateMachine task thread for /0.0.0.0:38859 - 0 ] INFO  volume.HddsVolume (HddsVolume.java:createDbStore(350)) - SchemaV3 db is created and loaded at /home/runner/work/ozone/ozone/hadoop-ozone/integration-test/target/test-dir/MiniOzoneClusterImpl-bb159280-bf04-4f42-bb5c-99373fe8c4eb/datanode-1/data-0/containers/hdds/bb159280-bf04-4f42-bb5c-99373fe8c4eb/DS-ddecbb62-7051-4b5a-ac2f-e5058f9b5956/container.db for volume DS-ddecbb62-7051-4b5a-ac2f-e5058f9b5956
2023-04-11 17:19:43,399 [EndpointStateMachine task thread for /0.0.0.0:38859 - 0 ] INFO  ozoneimpl.OzoneContainer (OzoneContainer.java:start(397)) - Attempting to start container services.
2023-04-11 17:19:43,399 [EndpointStateMachine task thread for /0.0.0.0:38859 - 0 ] INFO  ozoneimpl.OzoneContainer (OzoneContainer.java:startContainerScrub(314)) - Scheduled background container scanners and the on-demand container scanner have been disabled.
2023-04-11 17:19:43,406 [EndpointStateMachine task thread for /0.0.0.0:38859 - 0 ] INFO  replication.ReplicationServer (ReplicationServer.java:start(109)) - ReplicationServer is started using port 34265
2023-04-11 17:19:43,407 [EndpointStateMachine task thread for /0.0.0.0:38859 - 0 ] INFO  ratis.XceiverServerRatis (XceiverServerRatis.java:start(517)) - Starting XceiverServerRatis 1c712de1-3a3e-422e-b3d0-30fcd422e487
2023-04-11 17:19:43,412 [EndpointStateMachine task thread for /0.0.0.0:38859 - 0 ] INFO  server.RaftServer (RaftServerProxy.java:startImpl(393)) - 1c712de1-3a3e-422e-b3d0-30fcd422e487: start RPC server
2023-04-11 17:19:43,421 [EndpointStateMachine task thread for /0.0.0.0:38859 - 0 ] INFO  server.GrpcService (GrpcService.java:startImpl(262)) - 1c712de1-3a3e-422e-b3d0-30fcd422e487: GrpcService started, listening on 35255
2023-04-11 17:19:43,421 [EndpointStateMachine task thread for /0.0.0.0:38859 - 0 ] INFO  ratis.XceiverServerRatis (XceiverServerRatis.java:getRealPort(543)) - XceiverServerRatis 1c712de1-3a3e-422e-b3d0-30fcd422e487 is started using port 35255 for RATIS
2023-04-11 17:19:43,421 [EndpointStateMachine task thread for /0.0.0.0:38859 - 0 ] INFO  ratis.XceiverServerRatis (XceiverServerRatis.java:getRealPort(543)) - XceiverServerRatis 1c712de1-3a3e-422e-b3d0-30fcd422e487 is started using port 35255 for RATIS_ADMIN
2023-04-11 17:19:43,421 [EndpointStateMachine task thread for /0.0.0.0:38859 - 0 ] INFO  ratis.XceiverServerRatis (XceiverServerRatis.java:getRealPort(543)) - XceiverServerRatis 1c712de1-3a3e-422e-b3d0-30fcd422e487 is started using port 35255 for RATIS_SERVER
2023-04-11 17:19:43,421 [EndpointStateMachine task thread for /0.0.0.0:38859 - 0 ] INFO  ratis.XceiverServerRatis (XceiverServerRatis.java:getRealPort(543)) - XceiverServerRatis 1c712de1-3a3e-422e-b3d0-30fcd422e487 is started using port 45841 for RATIS_DATASTREAM
2023-04-11 17:19:43,422 [JvmPauseMonitor18] INFO  util.JvmPauseMonitor (JvmPauseMonitor.java:run(105)) - JvmPauseMonitor-1c712de1-3a3e-422e-b3d0-30fcd422e487: Started
2023-04-11 17:19:43,431 [EndpointStateMachine task thread for /0.0.0.0:38859 - 0 ] INFO  server.XceiverServerGrpc (XceiverServerGrpc.java:start(180)) - XceiverServerGrpc 1c712de1-3a3e-422e-b3d0-30fcd422e487 is started using port 37639
2023-04-11 17:19:43,431 [BlockDeletingService#0] INFO  interfaces.ContainerDeletionChoosingPolicyTemplate (ContainerDeletionChoosingPolicyTemplate.java:chooseContainerForBlockDeletion(83)) - Chosen 0/5000 blocks from 0 candidate containers.
2023-04-11 17:19:43,461 [Listener at 127.0.0.1/37689] INFO  ozone.MiniOzoneClusterImpl (MiniOzoneClusterImpl.java:lambda$waitForClusterToBeReady$0(222)) - Waiting for nodes to be ready. Got 0 of 5 DN Heartbeats.
2023-04-11 17:19:43,461 [Listener at 127.0.0.1/37689] INFO  ozone.MiniOzoneClusterImpl (MiniOzoneClusterImpl.java:lambda$waitForClusterToBeReady$0(225)) - Waiting for cluster to exit safe mode
2023-04-11 17:19:43,461 [Listener at 127.0.0.1/37689] INFO  ozone.MiniOzoneClusterImpl (MiniOzoneClusterImpl.java:lambda$waitForClusterToBeReady$0(227)) - SCM became leader
2023-04-11 17:19:43,771 [EndpointStateMachine task thread for /0.0.0.0:38859 - 0 ] INFO  utils.DatanodeStoreCache (DatanodeStoreCache.java:addDB(58)) - Added db /home/runner/work/ozone/ozone/hadoop-ozone/integration-test/target/test-dir/MiniOzoneClusterImpl-bb159280-bf04-4f42-bb5c-99373fe8c4eb/datanode-2/data-0/containers/hdds/bb159280-bf04-4f42-bb5c-99373fe8c4eb/DS-b6208a13-ecc0-44f9-803b-a6dc62af65e7/container.db to cache
2023-04-11 17:19:43,772 [EndpointStateMachine task thread for /0.0.0.0:38859 - 0 ] INFO  volume.HddsVolume (HddsVolume.java:createDbStore(350)) - SchemaV3 db is created and loaded at /home/runner/work/ozone/ozone/hadoop-ozone/integration-test/target/test-dir/MiniOzoneClusterImpl-bb159280-bf04-4f42-bb5c-99373fe8c4eb/datanode-2/data-0/containers/hdds/bb159280-bf04-4f42-bb5c-99373fe8c4eb/DS-b6208a13-ecc0-44f9-803b-a6dc62af65e7/container.db for volume DS-b6208a13-ecc0-44f9-803b-a6dc62af65e7
2023-04-11 17:19:43,773 [EndpointStateMachine task thread for /0.0.0.0:38859 - 0 ] INFO  ozoneimpl.OzoneContainer (OzoneContainer.java:start(397)) - Attempting to start container services.
2023-04-11 17:19:43,773 [EndpointStateMachine task thread for /0.0.0.0:38859 - 0 ] INFO  ozoneimpl.OzoneContainer (OzoneContainer.java:startContainerScrub(314)) - Scheduled background container scanners and the on-demand container scanner have been disabled.
2023-04-11 17:19:43,777 [EndpointStateMachine task thread for /0.0.0.0:38859 - 0 ] INFO  replication.ReplicationServer (ReplicationServer.java:start(109)) - ReplicationServer is started using port 34525
2023-04-11 17:19:43,777 [EndpointStateMachine task thread for /0.0.0.0:38859 - 0 ] INFO  ratis.XceiverServerRatis (XceiverServerRatis.java:start(517)) - Starting XceiverServerRatis 5e693bd7-32aa-42e7-99b2-0294dbaef363
2023-04-11 17:19:43,777 [EndpointStateMachine task thread for /0.0.0.0:38859 - 0 ] INFO  server.RaftServer (RaftServerProxy.java:startImpl(393)) - 5e693bd7-32aa-42e7-99b2-0294dbaef363: start RPC server
2023-04-11 17:19:43,779 [EndpointStateMachine task thread for /0.0.0.0:38859 - 0 ] INFO  server.GrpcService (GrpcService.java:startImpl(262)) - 5e693bd7-32aa-42e7-99b2-0294dbaef363: GrpcService started, listening on 37609
2023-04-11 17:19:43,780 [EndpointStateMachine task thread for /0.0.0.0:38859 - 0 ] INFO  ratis.XceiverServerRatis (XceiverServerRatis.java:getRealPort(543)) - XceiverServerRatis 5e693bd7-32aa-42e7-99b2-0294dbaef363 is started using port 37609 for RATIS
2023-04-11 17:19:43,780 [EndpointStateMachine task thread for /0.0.0.0:38859 - 0 ] INFO  ratis.XceiverServerRatis (XceiverServerRatis.java:getRealPort(543)) - XceiverServerRatis 5e693bd7-32aa-42e7-99b2-0294dbaef363 is started using port 37609 for RATIS_ADMIN
2023-04-11 17:19:43,780 [JvmPauseMonitor19] INFO  util.JvmPauseMonitor (JvmPauseMonitor.java:run(105)) - JvmPauseMonitor-5e693bd7-32aa-42e7-99b2-0294dbaef363: Started
2023-04-11 17:19:43,780 [EndpointStateMachine task thread for /0.0.0.0:38859 - 0 ] INFO  ratis.XceiverServerRatis (XceiverServerRatis.java:getRealPort(543)) - XceiverServerRatis 5e693bd7-32aa-42e7-99b2-0294dbaef363 is started using port 37609 for RATIS_SERVER
2023-04-11 17:19:43,780 [EndpointStateMachine task thread for /0.0.0.0:38859 - 0 ] INFO  ratis.XceiverServerRatis (XceiverServerRatis.java:getRealPort(543)) - XceiverServerRatis 5e693bd7-32aa-42e7-99b2-0294dbaef363 is started using port 36051 for RATIS_DATASTREAM
2023-04-11 17:19:43,787 [EndpointStateMachine task thread for /0.0.0.0:38859 - 0 ] INFO  server.XceiverServerGrpc (XceiverServerGrpc.java:start(180)) - XceiverServerGrpc 5e693bd7-32aa-42e7-99b2-0294dbaef363 is started using port 46491
2023-04-11 17:19:43,788 [BlockDeletingService#0] INFO  interfaces.ContainerDeletionChoosingPolicyTemplate (ContainerDeletionChoosingPolicyTemplate.java:chooseContainerForBlockDeletion(83)) - Chosen 0/5000 blocks from 0 candidate containers.
2023-04-11 17:19:44,133 [EndpointStateMachine task thread for /0.0.0.0:38859 - 0 ] INFO  utils.DatanodeStoreCache (DatanodeStoreCache.java:addDB(58)) - Added db /home/runner/work/ozone/ozone/hadoop-ozone/integration-test/target/test-dir/MiniOzoneClusterImpl-bb159280-bf04-4f42-bb5c-99373fe8c4eb/datanode-3/data-0/containers/hdds/bb159280-bf04-4f42-bb5c-99373fe8c4eb/DS-5f17f208-e052-4bf6-84a0-311dffc55256/container.db to cache
2023-04-11 17:19:44,133 [EndpointStateMachine task thread for /0.0.0.0:38859 - 0 ] INFO  volume.HddsVolume (HddsVolume.java:createDbStore(350)) - SchemaV3 db is created and loaded at /home/runner/work/ozone/ozone/hadoop-ozone/integration-test/target/test-dir/MiniOzoneClusterImpl-bb159280-bf04-4f42-bb5c-99373fe8c4eb/datanode-3/data-0/containers/hdds/bb159280-bf04-4f42-bb5c-99373fe8c4eb/DS-5f17f208-e052-4bf6-84a0-311dffc55256/container.db for volume DS-5f17f208-e052-4bf6-84a0-311dffc55256
2023-04-11 17:19:44,133 [EndpointStateMachine task thread for /0.0.0.0:38859 - 0 ] INFO  ozoneimpl.OzoneContainer (OzoneContainer.java:start(397)) - Attempting to start container services.
2023-04-11 17:19:44,133 [EndpointStateMachine task thread for /0.0.0.0:38859 - 0 ] INFO  ozoneimpl.OzoneContainer (OzoneContainer.java:startContainerScrub(314)) - Scheduled background container scanners and the on-demand container scanner have been disabled.
2023-04-11 17:19:44,140 [EndpointStateMachine task thread for /0.0.0.0:38859 - 0 ] INFO  replication.ReplicationServer (ReplicationServer.java:start(109)) - ReplicationServer is started using port 43505
2023-04-11 17:19:44,141 [EndpointStateMachine task thread for /0.0.0.0:38859 - 0 ] INFO  ratis.XceiverServerRatis (XceiverServerRatis.java:start(517)) - Starting XceiverServerRatis 83a86767-9132-4ec4-b752-470247843358
2023-04-11 17:19:44,142 [EndpointStateMachine task thread for /0.0.0.0:38859 - 0 ] INFO  server.RaftServer (RaftServerProxy.java:startImpl(393)) - 83a86767-9132-4ec4-b752-470247843358: start RPC server
2023-04-11 17:19:44,144 [EndpointStateMachine task thread for /0.0.0.0:38859 - 0 ] INFO  server.GrpcService (GrpcService.java:startImpl(262)) - 83a86767-9132-4ec4-b752-470247843358: GrpcService started, listening on 44417
2023-04-11 17:19:44,144 [EndpointStateMachine task thread for /0.0.0.0:38859 - 0 ] INFO  ratis.XceiverServerRatis (XceiverServerRatis.java:getRealPort(543)) - XceiverServerRatis 83a86767-9132-4ec4-b752-470247843358 is started using port 44417 for RATIS
2023-04-11 17:19:44,144 [EndpointStateMachine task thread for /0.0.0.0:38859 - 0 ] INFO  ratis.XceiverServerRatis (XceiverServerRatis.java:getRealPort(543)) - XceiverServerRatis 83a86767-9132-4ec4-b752-470247843358 is started using port 44417 for RATIS_ADMIN
2023-04-11 17:19:44,144 [JvmPauseMonitor20] INFO  util.JvmPauseMonitor (JvmPauseMonitor.java:run(105)) - JvmPauseMonitor-83a86767-9132-4ec4-b752-470247843358: Started
2023-04-11 17:19:44,144 [EndpointStateMachine task thread for /0.0.0.0:38859 - 0 ] INFO  ratis.XceiverServerRatis (XceiverServerRatis.java:getRealPort(543)) - XceiverServerRatis 83a86767-9132-4ec4-b752-470247843358 is started using port 44417 for RATIS_SERVER
2023-04-11 17:19:44,145 [EndpointStateMachine task thread for /0.0.0.0:38859 - 0 ] INFO  ratis.XceiverServerRatis (XceiverServerRatis.java:getRealPort(543)) - XceiverServerRatis 83a86767-9132-4ec4-b752-470247843358 is started using port 36455 for RATIS_DATASTREAM
2023-04-11 17:19:44,148 [EndpointStateMachine task thread for /0.0.0.0:38859 - 0 ] INFO  server.XceiverServerGrpc (XceiverServerGrpc.java:start(180)) - XceiverServerGrpc 83a86767-9132-4ec4-b752-470247843358 is started using port 44545
2023-04-11 17:19:44,149 [BlockDeletingService#0] INFO  interfaces.ContainerDeletionChoosingPolicyTemplate (ContainerDeletionChoosingPolicyTemplate.java:chooseContainerForBlockDeletion(83)) - Chosen 0/5000 blocks from 0 candidate containers.
2023-04-11 17:19:44,462 [Listener at 127.0.0.1/37689] INFO  ozone.MiniOzoneClusterImpl (MiniOzoneClusterImpl.java:lambda$waitForClusterToBeReady$0(222)) - Waiting for nodes to be ready. Got 0 of 5 DN Heartbeats.
2023-04-11 17:19:44,462 [Listener at 127.0.0.1/37689] INFO  ozone.MiniOzoneClusterImpl (MiniOzoneClusterImpl.java:lambda$waitForClusterToBeReady$0(225)) - Waiting for cluster to exit safe mode
2023-04-11 17:19:44,462 [Listener at 127.0.0.1/37689] INFO  ozone.MiniOzoneClusterImpl (MiniOzoneClusterImpl.java:lambda$waitForClusterToBeReady$0(227)) - SCM became leader
2023-04-11 17:19:44,496 [EndpointStateMachine task thread for /0.0.0.0:38859 - 0 ] INFO  utils.DatanodeStoreCache (DatanodeStoreCache.java:addDB(58)) - Added db /home/runner/work/ozone/ozone/hadoop-ozone/integration-test/target/test-dir/MiniOzoneClusterImpl-bb159280-bf04-4f42-bb5c-99373fe8c4eb/datanode-4/data-0/containers/hdds/bb159280-bf04-4f42-bb5c-99373fe8c4eb/DS-72bea88c-ac0f-4a76-89e7-1974e0415d33/container.db to cache
2023-04-11 17:19:44,496 [EndpointStateMachine task thread for /0.0.0.0:38859 - 0 ] INFO  volume.HddsVolume (HddsVolume.java:createDbStore(350)) - SchemaV3 db is created and loaded at /home/runner/work/ozone/ozone/hadoop-ozone/integration-test/target/test-dir/MiniOzoneClusterImpl-bb159280-bf04-4f42-bb5c-99373fe8c4eb/datanode-4/data-0/containers/hdds/bb159280-bf04-4f42-bb5c-99373fe8c4eb/DS-72bea88c-ac0f-4a76-89e7-1974e0415d33/container.db for volume DS-72bea88c-ac0f-4a76-89e7-1974e0415d33
2023-04-11 17:19:44,497 [EndpointStateMachine task thread for /0.0.0.0:38859 - 0 ] INFO  ozoneimpl.OzoneContainer (OzoneContainer.java:start(397)) - Attempting to start container services.
2023-04-11 17:19:44,497 [EndpointStateMachine task thread for /0.0.0.0:38859 - 0 ] INFO  ozoneimpl.OzoneContainer (OzoneContainer.java:startContainerScrub(314)) - Scheduled background container scanners and the on-demand container scanner have been disabled.
2023-04-11 17:19:44,500 [EndpointStateMachine task thread for /0.0.0.0:38859 - 0 ] INFO  replication.ReplicationServer (ReplicationServer.java:start(109)) - ReplicationServer is started using port 42377
2023-04-11 17:19:44,500 [EndpointStateMachine task thread for /0.0.0.0:38859 - 0 ] INFO  ratis.XceiverServerRatis (XceiverServerRatis.java:start(517)) - Starting XceiverServerRatis 1b760667-28fc-4393-96a7-267a88805411
2023-04-11 17:19:44,501 [EndpointStateMachine task thread for /0.0.0.0:38859 - 0 ] INFO  server.RaftServer (RaftServerProxy.java:startImpl(393)) - 1b760667-28fc-4393-96a7-267a88805411: start RPC server
2023-04-11 17:19:44,503 [EndpointStateMachine task thread for /0.0.0.0:38859 - 0 ] INFO  server.GrpcService (GrpcService.java:startImpl(262)) - 1b760667-28fc-4393-96a7-267a88805411: GrpcService started, listening on 44687
2023-04-11 17:19:44,503 [EndpointStateMachine task thread for /0.0.0.0:38859 - 0 ] INFO  ratis.XceiverServerRatis (XceiverServerRatis.java:getRealPort(543)) - XceiverServerRatis 1b760667-28fc-4393-96a7-267a88805411 is started using port 44687 for RATIS
2023-04-11 17:19:44,504 [EndpointStateMachine task thread for /0.0.0.0:38859 - 0 ] INFO  ratis.XceiverServerRatis (XceiverServerRatis.java:getRealPort(543)) - XceiverServerRatis 1b760667-28fc-4393-96a7-267a88805411 is started using port 44687 for RATIS_ADMIN
2023-04-11 17:19:44,504 [EndpointStateMachine task thread for /0.0.0.0:38859 - 0 ] INFO  ratis.XceiverServerRatis (XceiverServerRatis.java:getRealPort(543)) - XceiverServerRatis 1b760667-28fc-4393-96a7-267a88805411 is started using port 44687 for RATIS_SERVER
2023-04-11 17:19:44,504 [JvmPauseMonitor21] INFO  util.JvmPauseMonitor (JvmPauseMonitor.java:run(105)) - JvmPauseMonitor-1b760667-28fc-4393-96a7-267a88805411: Started
2023-04-11 17:19:44,504 [EndpointStateMachine task thread for /0.0.0.0:38859 - 0 ] INFO  ratis.XceiverServerRatis (XceiverServerRatis.java:getRealPort(543)) - XceiverServerRatis 1b760667-28fc-4393-96a7-267a88805411 is started using port 36481 for RATIS_DATASTREAM
2023-04-11 17:19:44,506 [EndpointStateMachine task thread for /0.0.0.0:38859 - 0 ] INFO  server.XceiverServerGrpc (XceiverServerGrpc.java:start(180)) - XceiverServerGrpc 1b760667-28fc-4393-96a7-267a88805411 is started using port 45341
2023-04-11 17:19:44,507 [BlockDeletingService#0] INFO  interfaces.ContainerDeletionChoosingPolicyTemplate (ContainerDeletionChoosingPolicyTemplate.java:chooseContainerForBlockDeletion(83)) - Chosen 0/5000 blocks from 0 candidate containers.
2023-04-11 17:19:44,970 [IPC Server handler 1 on default port 38859] INFO  net.NetworkTopologyImpl (NetworkTopologyImpl.java:add(112)) - Added a new node: /default-rack/1b86d2c8-07b9-4256-9063-5eaa90b8c67a
2023-04-11 17:19:44,970 [IPC Server handler 1 on default port 38859] INFO  node.SCMNodeManager (SCMNodeManager.java:register(404)) - Registered Data node : 1b86d2c8-07b9-4256-9063-5eaa90b8c67a{ip: 10.1.0.70, host: fv-az377-102.ap30g4v5sw5evmjtdmxdg2w53f.dx.internal.cloudapp.net, ports: [HTTP=34025, REPLICATION=45569, RATIS=42043, RATIS_ADMIN=42043, RATIS_SERVER=42043, RATIS_DATASTREAM=39397, STANDALONE=38179], networkLocation: /default-rack, certSerialId: null, persistedOpState: null, persistedOpStateExpiryEpochSec: 0}
2023-04-11 17:19:44,973 [EventQueue-NodeRegistrationContainerReportForDataNodeSafeModeRule] INFO  safemode.SCMSafeModeManager (DataNodeSafeModeRule.java:process(71)) - SCM in safe mode. 1 DataNodes registered, 3 required.
2023-04-11 17:19:44,973 [EventQueue-NodeRegistrationContainerReportForContainerSafeModeRule] INFO  safemode.SCMSafeModeManager (SCMSafeModeManager.java:validateSafeModeExitRules(200)) - ContainerSafeModeRule rule is successfully validated
2023-04-11 17:19:44,974 [EventQueue-NewNodeForNewNodeHandler] INFO  pipeline.BackgroundPipelineCreator (BackgroundPipelineCreator.java:notifyEventTriggered(276)) - trigger a one-shot run on RatisPipelineUtilsThread.
2023-04-11 17:19:44,975 [RatisPipelineUtilsThread - 0] INFO  pipeline.RatisPipelineProvider (RatisPipelineProvider.java:lambda$create$0(206)) - Sending CreatePipelineCommand for pipeline:PipelineID=38314401-5dee-47fb-adb6-86b78964eb9d to datanode:1b86d2c8-07b9-4256-9063-5eaa90b8c67a
2023-04-11 17:19:44,976 [RatisPipelineUtilsThread - 0] INFO  pipeline.PipelineStateManagerImpl (PipelineStateManagerImpl.java:addPipeline(103)) - Created pipeline Pipeline[ Id: 38314401-5dee-47fb-adb6-86b78964eb9d, Nodes: 1b86d2c8-07b9-4256-9063-5eaa90b8c67a(fv-az377-102.ap30g4v5sw5evmjtdmxdg2w53f.dx.internal.cloudapp.net/10.1.0.70), ReplicationConfig: RATIS/ONE, State:ALLOCATED, leaderId:, CreationTimestamp2023-04-11T17:19:44.975Z[Etc/UTC]].
2023-04-11 17:19:44,978 [EventQueue-PipelineReportForOneReplicaPipelineSafeModeRule] INFO  safemode.SCMSafeModeManager (SCMSafeModeManager.java:validateSafeModeExitRules(200)) - AtleastOneDatanodeReportedRule rule is successfully validated
2023-04-11 17:19:45,352 [IPC Server handler 2 on default port 38859] INFO  net.NetworkTopologyImpl (NetworkTopologyImpl.java:add(112)) - Added a new node: /default-rack/1c712de1-3a3e-422e-b3d0-30fcd422e487
2023-04-11 17:19:45,353 [IPC Server handler 2 on default port 38859] INFO  node.SCMNodeManager (SCMNodeManager.java:register(404)) - Registered Data node : 1c712de1-3a3e-422e-b3d0-30fcd422e487{ip: 10.1.0.70, host: fv-az377-102.ap30g4v5sw5evmjtdmxdg2w53f.dx.internal.cloudapp.net, ports: [HTTP=36957, REPLICATION=34265, RATIS=35255, RATIS_ADMIN=35255, RATIS_SERVER=35255, RATIS_DATASTREAM=45841, STANDALONE=37639], networkLocation: /default-rack, certSerialId: null, persistedOpState: null, persistedOpStateExpiryEpochSec: 0}
2023-04-11 17:19:45,353 [EventQueue-NewNodeForNewNodeHandler] INFO  pipeline.BackgroundPipelineCreator (BackgroundPipelineCreator.java:notifyEventTriggered(276)) - trigger a one-shot run on RatisPipelineUtilsThread.
2023-04-11 17:19:45,354 [EventQueue-NodeRegistrationContainerReportForDataNodeSafeModeRule] INFO  safemode.SCMSafeModeManager (DataNodeSafeModeRule.java:process(71)) - SCM in safe mode. 2 DataNodes registered, 3 required.
2023-04-11 17:19:45,359 [RatisPipelineUtilsThread - 0] INFO  pipeline.RatisPipelineProvider (RatisPipelineProvider.java:lambda$create$0(206)) - Sending CreatePipelineCommand for pipeline:PipelineID=289c6b73-0566-4b40-9457-bc7335d83b61 to datanode:1c712de1-3a3e-422e-b3d0-30fcd422e487
2023-04-11 17:19:45,360 [RatisPipelineUtilsThread - 0] INFO  pipeline.PipelineStateManagerImpl (PipelineStateManagerImpl.java:addPipeline(103)) - Created pipeline Pipeline[ Id: 289c6b73-0566-4b40-9457-bc7335d83b61, Nodes: 1c712de1-3a3e-422e-b3d0-30fcd422e487(fv-az377-102.ap30g4v5sw5evmjtdmxdg2w53f.dx.internal.cloudapp.net/10.1.0.70), ReplicationConfig: RATIS/ONE, State:ALLOCATED, leaderId:, CreationTimestamp2023-04-11T17:19:45.359Z[Etc/UTC]].
2023-04-11 17:19:45,462 [Listener at 127.0.0.1/37689] INFO  ozone.MiniOzoneClusterImpl (MiniOzoneClusterImpl.java:lambda$waitForClusterToBeReady$0(222)) - Waiting for nodes to be ready. Got 2 of 5 DN Heartbeats.
2023-04-11 17:19:45,462 [Listener at 127.0.0.1/37689] INFO  ozone.MiniOzoneClusterImpl (MiniOzoneClusterImpl.java:lambda$waitForClusterToBeReady$0(225)) - Waiting for cluster to exit safe mode
2023-04-11 17:19:45,463 [Listener at 127.0.0.1/37689] INFO  ozone.MiniOzoneClusterImpl (MiniOzoneClusterImpl.java:lambda$waitForClusterToBeReady$0(227)) - SCM became leader
2023-04-11 17:19:45,738 [IPC Server handler 0 on default port 38859] INFO  net.NetworkTopologyImpl (NetworkTopologyImpl.java:add(112)) - Added a new node: /default-rack/5e693bd7-32aa-42e7-99b2-0294dbaef363
2023-04-11 17:19:45,738 [IPC Server handler 0 on default port 38859] INFO  node.SCMNodeManager (SCMNodeManager.java:register(404)) - Registered Data node : 5e693bd7-32aa-42e7-99b2-0294dbaef363{ip: 10.1.0.70, host: fv-az377-102.ap30g4v5sw5evmjtdmxdg2w53f.dx.internal.cloudapp.net, ports: [HTTP=38955, REPLICATION=34525, RATIS=37609, RATIS_ADMIN=37609, RATIS_SERVER=37609, RATIS_DATASTREAM=36051, STANDALONE=46491], networkLocation: /default-rack, certSerialId: null, persistedOpState: null, persistedOpStateExpiryEpochSec: 0}
2023-04-11 17:19:45,740 [EventQueue-NewNodeForNewNodeHandler] INFO  pipeline.BackgroundPipelineCreator (BackgroundPipelineCreator.java:notifyEventTriggered(276)) - trigger a one-shot run on RatisPipelineUtilsThread.
2023-04-11 17:19:45,740 [EventQueue-NodeRegistrationContainerReportForDataNodeSafeModeRule] INFO  safemode.SCMSafeModeManager (DataNodeSafeModeRule.java:process(71)) - SCM in safe mode. 3 DataNodes registered, 3 required.
2023-04-11 17:19:45,740 [EventQueue-NodeRegistrationContainerReportForDataNodeSafeModeRule] INFO  safemode.SCMSafeModeManager (SCMSafeModeManager.java:validateSafeModeExitRules(200)) - DataNodeSafeModeRule rule is successfully validated
2023-04-11 17:19:45,740 [EventQueue-NodeRegistrationContainerReportForDataNodeSafeModeRule] INFO  safemode.SCMSafeModeManager (SCMSafeModeManager.java:completePreCheck(229)) - All SCM safe mode pre check rules have passed
2023-04-11 17:19:45,740 [EventQueue-NodeRegistrationContainerReportForDataNodeSafeModeRule] INFO  ha.SCMContext (SCMContext.java:updateSafeModeStatus(228)) - Update SafeModeStatus from SafeModeStatus{safeModeStatus=true, preCheckPassed=false} to SafeModeStatus{safeModeStatus=true, preCheckPassed=true}.
2023-04-11 17:19:45,740 [EventQueue-NodeRegistrationContainerReportForDataNodeSafeModeRule] INFO  pipeline.BackgroundPipelineCreator (BackgroundPipelineCreator.java:notifyEventTriggered(276)) - trigger a one-shot run on RatisPipelineUtilsThread.
2023-04-11 17:19:45,740 [RatisPipelineUtilsThread - 0] INFO  pipeline.RatisPipelineProvider (RatisPipelineProvider.java:lambda$create$0(206)) - Sending CreatePipelineCommand for pipeline:PipelineID=7b8b845b-38bc-4303-a9be-3dc308bcdc2b to datanode:5e693bd7-32aa-42e7-99b2-0294dbaef363
2023-04-11 17:19:45,741 [RatisPipelineUtilsThread - 0] INFO  pipeline.PipelineStateManagerImpl (PipelineStateManagerImpl.java:addPipeline(103)) - Created pipeline Pipeline[ Id: 7b8b845b-38bc-4303-a9be-3dc308bcdc2b, Nodes: 5e693bd7-32aa-42e7-99b2-0294dbaef363(fv-az377-102.ap30g4v5sw5evmjtdmxdg2w53f.dx.internal.cloudapp.net/10.1.0.70), ReplicationConfig: RATIS/ONE, State:ALLOCATED, leaderId:, CreationTimestamp2023-04-11T17:19:45.740Z[Etc/UTC]].
2023-04-11 17:19:45,741 [RatisPipelineUtilsThread - 0] INFO  pipeline.RatisPipelineProvider (RatisPipelineProvider.java:lambda$create$0(206)) - Sending CreatePipelineCommand for pipeline:PipelineID=4ad99ebe-b172-4f21-9a5c-ff17434be34c to datanode:1b86d2c8-07b9-4256-9063-5eaa90b8c67a
2023-04-11 17:19:45,741 [RatisPipelineUtilsThread - 0] INFO  pipeline.RatisPipelineProvider (RatisPipelineProvider.java:lambda$create$0(206)) - Sending CreatePipelineCommand for pipeline:PipelineID=4ad99ebe-b172-4f21-9a5c-ff17434be34c to datanode:5e693bd7-32aa-42e7-99b2-0294dbaef363
2023-04-11 17:19:45,741 [RatisPipelineUtilsThread - 0] INFO  pipeline.RatisPipelineProvider (RatisPipelineProvider.java:lambda$create$0(206)) - Sending CreatePipelineCommand for pipeline:PipelineID=4ad99ebe-b172-4f21-9a5c-ff17434be34c to datanode:1c712de1-3a3e-422e-b3d0-30fcd422e487
2023-04-11 17:19:45,741 [RatisPipelineUtilsThread - 0] INFO  pipeline.PipelineStateManagerImpl (PipelineStateManagerImpl.java:addPipeline(103)) - Created pipeline Pipeline[ Id: 4ad99ebe-b172-4f21-9a5c-ff17434be34c, Nodes: 1b86d2c8-07b9-4256-9063-5eaa90b8c67a(fv-az377-102.ap30g4v5sw5evmjtdmxdg2w53f.dx.internal.cloudapp.net/10.1.0.70)5e693bd7-32aa-42e7-99b2-0294dbaef363(fv-az377-102.ap30g4v5sw5evmjtdmxdg2w53f.dx.internal.cloudapp.net/10.1.0.70)1c712de1-3a3e-422e-b3d0-30fcd422e487(fv-az377-102.ap30g4v5sw5evmjtdmxdg2w53f.dx.internal.cloudapp.net/10.1.0.70), ReplicationConfig: RATIS/THREE, State:ALLOCATED, leaderId:, CreationTimestamp2023-04-11T17:19:45.741Z[Etc/UTC]].
2023-04-11 17:19:45,742 [RatisPipelineUtilsThread - 0] INFO  pipeline.RatisPipelineProvider (RatisPipelineProvider.java:lambda$create$0(206)) - Sending CreatePipelineCommand for pipeline:PipelineID=89f7a5f1-2b1d-4c14-8676-b32c27877f27 to datanode:1b86d2c8-07b9-4256-9063-5eaa90b8c67a
2023-04-11 17:19:45,742 [RatisPipelineUtilsThread - 0] INFO  pipeline.RatisPipelineProvider (RatisPipelineProvider.java:lambda$create$0(206)) - Sending CreatePipelineCommand for pipeline:PipelineID=89f7a5f1-2b1d-4c14-8676-b32c27877f27 to datanode:1c712de1-3a3e-422e-b3d0-30fcd422e487
2023-04-11 17:19:45,742 [RatisPipelineUtilsThread - 0] INFO  pipeline.RatisPipelineProvider (RatisPipelineProvider.java:lambda$create$0(206)) - Sending CreatePipelineCommand for pipeline:PipelineID=89f7a5f1-2b1d-4c14-8676-b32c27877f27 to datanode:5e693bd7-32aa-42e7-99b2-0294dbaef363
2023-04-11 17:19:45,742 [RatisPipelineUtilsThread - 0] INFO  pipeline.PipelineStateManagerImpl (PipelineStateManagerImpl.java:addPipeline(103)) - Created pipeline Pipeline[ Id: 89f7a5f1-2b1d-4c14-8676-b32c27877f27, Nodes: 1b86d2c8-07b9-4256-9063-5eaa90b8c67a(fv-az377-102.ap30g4v5sw5evmjtdmxdg2w53f.dx.internal.cloudapp.net/10.1.0.70)1c712de1-3a3e-422e-b3d0-30fcd422e487(fv-az377-102.ap30g4v5sw5evmjtdmxdg2w53f.dx.internal.cloudapp.net/10.1.0.70)5e693bd7-32aa-42e7-99b2-0294dbaef363(fv-az377-102.ap30g4v5sw5evmjtdmxdg2w53f.dx.internal.cloudapp.net/10.1.0.70), ReplicationConfig: RATIS/THREE, State:ALLOCATED, leaderId:, CreationTimestamp2023-04-11T17:19:45.742Z[Etc/UTC]].
2023-04-11 17:19:45,742 [RatisPipelineUtilsThread - 0] INFO  pipeline.PipelineManagerImpl (PipelineManagerImpl.java:recordMetricsForPipeline(826)) - Pipeline: PipelineID=89f7a5f1-2b1d-4c14-8676-b32c27877f27 contains same datanodes as previous pipelines: PipelineID=4ad99ebe-b172-4f21-9a5c-ff17434be34c nodeIds: 1b86d2c8-07b9-4256-9063-5eaa90b8c67a, 1c712de1-3a3e-422e-b3d0-30fcd422e487, 5e693bd7-32aa-42e7-99b2-0294dbaef363
2023-04-11 17:19:45,742 [RatisPipelineUtilsThread - 0] WARN  pipeline.PipelinePlacementPolicy (PipelinePlacementPolicy.java:filterViableNodes(160)) - Pipeline creation failed due to no sufficient healthy datanodes. Required 3. Found 0. Excluded 3.
2023-04-11 17:19:45,743 [RatisPipelineUtilsThread - 0] WARN  pipeline.PipelinePlacementPolicy (PipelinePlacementPolicy.java:filterViableNodes(160)) - Pipeline creation failed due to no sufficient healthy datanodes. Required 3. Found 0. Excluded 3.
2023-04-11 17:19:46,098 [IPC Server handler 2 on default port 38859] INFO  net.NetworkTopologyImpl (NetworkTopologyImpl.java:add(112)) - Added a new node: /default-rack/83a86767-9132-4ec4-b752-470247843358
2023-04-11 17:19:46,098 [IPC Server handler 2 on default port 38859] INFO  node.SCMNodeManager (SCMNodeManager.java:register(404)) - Registered Data node : 83a86767-9132-4ec4-b752-470247843358{ip: 10.1.0.70, host: fv-az377-102.ap30g4v5sw5evmjtdmxdg2w53f.dx.internal.cloudapp.net, ports: [HTTP=37523, REPLICATION=43505, RATIS=44417, RATIS_ADMIN=44417, RATIS_SERVER=44417, RATIS_DATASTREAM=36455, STANDALONE=44545], networkLocation: /default-rack, certSerialId: null, persistedOpState: null, persistedOpStateExpiryEpochSec: 0}
2023-04-11 17:19:46,098 [EventQueue-NewNodeForNewNodeHandler] INFO  pipeline.BackgroundPipelineCreator (BackgroundPipelineCreator.java:notifyEventTriggered(276)) - trigger a one-shot run on RatisPipelineUtilsThread.
2023-04-11 17:19:46,099 [RatisPipelineUtilsThread - 0] INFO  pipeline.RatisPipelineProvider (RatisPipelineProvider.java:lambda$create$0(206)) - Sending CreatePipelineCommand for pipeline:PipelineID=3c6f228a-6092-4c69-b451-e05609910d37 to datanode:83a86767-9132-4ec4-b752-470247843358
2023-04-11 17:19:46,099 [RatisPipelineUtilsThread - 0] INFO  pipeline.PipelineStateManagerImpl (PipelineStateManagerImpl.java:addPipeline(103)) - Created pipeline Pipeline[ Id: 3c6f228a-6092-4c69-b451-e05609910d37, Nodes: 83a86767-9132-4ec4-b752-470247843358(fv-az377-102.ap30g4v5sw5evmjtdmxdg2w53f.dx.internal.cloudapp.net/10.1.0.70), ReplicationConfig: RATIS/ONE, State:ALLOCATED, leaderId:, CreationTimestamp2023-04-11T17:19:46.099Z[Etc/UTC]].
2023-04-11 17:19:46,100 [RatisPipelineUtilsThread - 0] WARN  pipeline.PipelinePlacementPolicy (PipelinePlacementPolicy.java:filterViableNodes(160)) - Pipeline creation failed due to no sufficient healthy datanodes. Required 3. Found 1. Excluded 3.
2023-04-11 17:19:46,463 [Listener at 127.0.0.1/37689] INFO  ozone.MiniOzoneClusterImpl (MiniOzoneClusterImpl.java:lambda$waitForClusterToBeReady$0(222)) - Waiting for nodes to be ready. Got 4 of 5 DN Heartbeats.
2023-04-11 17:19:46,463 [Listener at 127.0.0.1/37689] INFO  ozone.MiniOzoneClusterImpl (MiniOzoneClusterImpl.java:lambda$waitForClusterToBeReady$0(225)) - Waiting for cluster to exit safe mode
2023-04-11 17:19:46,463 [Listener at 127.0.0.1/37689] INFO  ozone.MiniOzoneClusterImpl (MiniOzoneClusterImpl.java:lambda$waitForClusterToBeReady$0(227)) - SCM became leader
2023-04-11 17:19:46,463 [IPC Server handler 3 on default port 38859] INFO  net.NetworkTopologyImpl (NetworkTopologyImpl.java:add(112)) - Added a new node: /default-rack/1b760667-28fc-4393-96a7-267a88805411
2023-04-11 17:19:46,463 [IPC Server handler 3 on default port 38859] INFO  node.SCMNodeManager (SCMNodeManager.java:register(404)) - Registered Data node : 1b760667-28fc-4393-96a7-267a88805411{ip: 10.1.0.70, host: fv-az377-102.ap30g4v5sw5evmjtdmxdg2w53f.dx.internal.cloudapp.net, ports: [HTTP=38307, REPLICATION=42377, RATIS=44687, RATIS_ADMIN=44687, RATIS_SERVER=44687, RATIS_DATASTREAM=36481, STANDALONE=45341], networkLocation: /default-rack, certSerialId: null, persistedOpState: null, persistedOpStateExpiryEpochSec: 0}
2023-04-11 17:19:46,464 [EventQueue-NewNodeForNewNodeHandler] INFO  pipeline.BackgroundPipelineCreator (BackgroundPipelineCreator.java:notifyEventTriggered(276)) - trigger a one-shot run on RatisPipelineUtilsThread.
2023-04-11 17:19:46,465 [RatisPipelineUtilsThread - 0] INFO  pipeline.RatisPipelineProvider (RatisPipelineProvider.java:lambda$create$0(206)) - Sending CreatePipelineCommand for pipeline:PipelineID=76dd1f18-48fa-41f6-9d0a-bca94d0dd73f to datanode:1b760667-28fc-4393-96a7-267a88805411
2023-04-11 17:19:46,466 [RatisPipelineUtilsThread - 0] INFO  pipeline.PipelineStateManagerImpl (PipelineStateManagerImpl.java:addPipeline(103)) - Created pipeline Pipeline[ Id: 76dd1f18-48fa-41f6-9d0a-bca94d0dd73f, Nodes: 1b760667-28fc-4393-96a7-267a88805411(fv-az377-102.ap30g4v5sw5evmjtdmxdg2w53f.dx.internal.cloudapp.net/10.1.0.70), ReplicationConfig: RATIS/ONE, State:ALLOCATED, leaderId:, CreationTimestamp2023-04-11T17:19:46.465Z[Etc/UTC]].
2023-04-11 17:19:46,466 [RatisPipelineUtilsThread - 0] WARN  pipeline.PipelinePlacementPolicy (PipelinePlacementPolicy.java:filterViableNodes(160)) - Pipeline creation failed due to no sufficient healthy datanodes. Required 3. Found 2. Excluded 3.
2023-04-11 17:19:47,463 [Listener at 127.0.0.1/37689] INFO  ozone.MiniOzoneClusterImpl (MiniOzoneClusterImpl.java:lambda$waitForClusterToBeReady$0(222)) - Nodes are ready. Got 5 of 5 DN Heartbeats.
2023-04-11 17:19:47,464 [Listener at 127.0.0.1/37689] INFO  ozone.MiniOzoneClusterImpl (MiniOzoneClusterImpl.java:lambda$waitForClusterToBeReady$0(225)) - Waiting for cluster to exit safe mode
2023-04-11 17:19:47,464 [Listener at 127.0.0.1/37689] INFO  ozone.MiniOzoneClusterImpl (MiniOzoneClusterImpl.java:lambda$waitForClusterToBeReady$0(227)) - SCM became leader
2023-04-11 17:19:47,970 [Command processor thread] INFO  server.RaftServer (RaftServerProxy.java:addNew(96)) - 1b86d2c8-07b9-4256-9063-5eaa90b8c67a: addNew group-86B78964EB9D:[1b86d2c8-07b9-4256-9063-5eaa90b8c67a|rpc:10.1.0.70:42043|dataStream:10.1.0.70:39397|priority:1|startupRole:FOLLOWER] returns group-86B78964EB9D:java.util.concurrent.CompletableFuture@36d0d679[Not completed]
2023-04-11 17:19:47,971 [pool-704-thread-1] INFO  server.RaftServer$Division (RaftServerImpl.java:<init>(195)) - 1b86d2c8-07b9-4256-9063-5eaa90b8c67a: new RaftServerImpl for group-86B78964EB9D:[1b86d2c8-07b9-4256-9063-5eaa90b8c67a|rpc:10.1.0.70:42043|dataStream:10.1.0.70:39397|priority:1|startupRole:FOLLOWER] with ContainerStateMachine:uninitialized
2023-04-11 17:19:47,972 [pool-704-thread-1] INFO  server.RaftServerConfigKeys (ConfUtils.java:logGet(46)) - raft.server.rpc.timeout.min = 5s (custom)
2023-04-11 17:19:47,972 [pool-704-thread-1] INFO  server.RaftServerConfigKeys (ConfUtils.java:logGet(46)) - raft.server.rpc.timeout.max = 5200ms (custom)
2023-04-11 17:19:47,972 [pool-704-thread-1] INFO  server.RaftServerConfigKeys (ConfUtils.java:logGet(46)) - raft.server.rpc.sleep.time = 25ms (default)
2023-04-11 17:19:47,972 [pool-704-thread-1] INFO  server.RaftServerConfigKeys (ConfUtils.java:logGet(46)) - raft.server.rpc.slowness.timeout = 300s (custom)
2023-04-11 17:19:47,972 [pool-704-thread-1] INFO  server.RaftServerConfigKeys (ConfUtils.java:logGet(46)) - raft.server.leaderelection.leader.step-down.wait-time = 10s (default)
2023-04-11 17:19:47,972 [pool-704-thread-1] INFO  server.RaftServerConfigKeys (ConfUtils.java:logGet(46)) - raft.server.sleep.deviation.threshold = 300ms (default)
2023-04-11 17:19:47,972 [pool-704-thread-1] INFO  server.RaftServer$Division (ServerState.java:<init>(118)) - 1b86d2c8-07b9-4256-9063-5eaa90b8c67a@group-86B78964EB9D: ConfigurationManager, init=-1: peers:[1b86d2c8-07b9-4256-9063-5eaa90b8c67a|rpc:10.1.0.70:42043|dataStream:10.1.0.70:39397|priority:1|startupRole:FOLLOWER]|listeners:[], old=null, confs=<EMPTY_MAP>
2023-04-11 17:19:47,972 [pool-704-thread-1] INFO  server.RaftServerConfigKeys (ConfUtils.java:logGet(46)) - raft.server.storage.dir = [/home/runner/work/ozone/ozone/hadoop-ozone/integration-test/target/test-dir/MiniOzoneClusterImpl-bb159280-bf04-4f42-bb5c-99373fe8c4eb/datanode-0/data/ratis] (custom)
2023-04-11 17:19:47,974 [pool-704-thread-1] INFO  server.RaftServerConfigKeys (ConfUtils.java:logGet(46)) - raft.server.log.corruption.policy = EXCEPTION (default)
2023-04-11 17:19:47,974 [pool-704-thread-1] INFO  server.RaftServerConfigKeys (ConfUtils.java:logGet(46)) - raft.server.storage.free-space.min = 0MB (=0) (default)
2023-04-11 17:19:47,974 [pool-704-thread-1] INFO  server.RaftServerConfigKeys (ConfUtils.java:logGet(46)) - raft.server.notification.no-leader.timeout = 300s (custom)
2023-04-11 17:19:47,974 [pool-704-thread-1] INFO  server.RaftServerConfigKeys (ConfUtils.java:logGet(46)) - raft.server.retrycache.expirytime = 600000ms (custom)
2023-04-11 17:19:47,974 [pool-704-thread-1] INFO  server.RaftServerConfigKeys (ConfUtils.java:logGet(46)) - raft.server.retrycache.statistics.expirytime = 100μs (default)
2023-04-11 17:19:47,974 [pool-704-thread-1] INFO  server.RaftServerConfigKeys (ConfUtils.java:logGet(46)) - raft.server.log.appender.install.snapshot.enabled = false (custom)
2023-04-11 17:19:47,974 [pool-704-thread-1] INFO  server.RaftServerConfigKeys (ConfUtils.java:logGet(46)) - raft.server.threadpool.server.cached = true (default)
2023-04-11 17:19:47,975 [pool-704-thread-1] INFO  server.RaftServerConfigKeys (ConfUtils.java:logGet(46)) - raft.server.threadpool.server.size = 0 (default)
2023-04-11 17:19:47,975 [pool-704-thread-1] INFO  server.RaftServerConfigKeys (ConfUtils.java:logGet(46)) - raft.server.threadpool.client.cached = true (default)
2023-04-11 17:19:47,975 [pool-704-thread-1] INFO  server.RaftServerConfigKeys (ConfUtils.java:logGet(46)) - raft.server.threadpool.client.size = 0 (default)
2023-04-11 17:19:47,975 [pool-704-thread-1] INFO  storage.RaftStorageDirectory (RaftStorageDirectoryImpl.java:analyzeStorage(137)) - The storage directory /home/runner/work/ozone/ozone/hadoop-ozone/integration-test/target/test-dir/MiniOzoneClusterImpl-bb159280-bf04-4f42-bb5c-99373fe8c4eb/datanode-0/data/ratis/38314401-5dee-47fb-adb6-86b78964eb9d does not exist. Creating ...
2023-04-11 17:19:47,976 [pool-704-thread-1] INFO  storage.RaftStorageDirectory (RaftStorageDirectoryImpl.java:tryLock(231)) - Lock on /home/runner/work/ozone/ozone/hadoop-ozone/integration-test/target/test-dir/MiniOzoneClusterImpl-bb159280-bf04-4f42-bb5c-99373fe8c4eb/datanode-0/data/ratis/38314401-5dee-47fb-adb6-86b78964eb9d/in_use.lock acquired by nodename 52175@fv-az377-102
2023-04-11 17:19:47,977 [pool-704-thread-1] INFO  storage.RaftStorage (RaftStorageImpl.java:format(96)) - Storage directory /home/runner/work/ozone/ozone/hadoop-ozone/integration-test/target/test-dir/MiniOzoneClusterImpl-bb159280-bf04-4f42-bb5c-99373fe8c4eb/datanode-0/data/ratis/38314401-5dee-47fb-adb6-86b78964eb9d has been successfully formatted.
2023-04-11 17:19:47,979 [pool-704-thread-1] INFO  ratis.ContainerStateMachine (ContainerStateMachine.java:loadSnapshot(262)) - group-86B78964EB9D: The snapshot info is null. Setting the last applied indexto:(t:0, i:~)
2023-04-11 17:19:47,979 [pool-704-thread-1] INFO  server.RaftServerConfigKeys (ConfUtils.java:logGet(46)) - raft.server.log.use.memory = false (default)
2023-04-11 17:19:47,979 [pool-704-thread-1] INFO  server.RaftServerConfigKeys (ConfUtils.java:logGet(46)) - raft.server.log.purge.gap = 1000000 (custom)
2023-04-11 17:19:47,979 [pool-704-thread-1] INFO  server.RaftServerConfigKeys (ConfUtils.java:logGet(46)) - raft.server.log.appender.buffer.byte-limit = 33554432 (custom)
2023-04-11 17:19:47,979 [pool-704-thread-1] INFO  server.RaftServerConfigKeys (ConfUtils.java:logGet(46)) - raft.server.log.statemachine.data.read.timeout = 1000ms (default)
2023-04-11 17:19:47,979 [pool-704-thread-1] INFO  server.RaftServerConfigKeys (ConfUtils.java:logGet(46)) - raft.server.log.purge.preservation.log.num = 0 (default)
2023-04-11 17:19:47,980 [pool-704-thread-1] INFO  server.RaftServerConfigKeys (ConfUtils.java:logGet(46)) - raft.server.log.segment.size.max = 1048576 (custom)
2023-04-11 17:19:47,980 [pool-704-thread-1] INFO  server.RaftServerConfigKeys (ConfUtils.java:logGet(46)) - raft.server.log.segment.cache.num.max = 2 (custom)
2023-04-11 17:19:47,980 [pool-704-thread-1] INFO  server.RaftServerConfigKeys (ConfUtils.java:logGet(46)) - raft.server.log.segment.cache.size.max = 200MB (=209715200) (default)
2023-04-11 17:19:47,980 [pool-704-thread-1] INFO  segmented.SegmentedRaftLogWorker (SegmentedRaftLogWorker.java:<init>(189)) - new 1b86d2c8-07b9-4256-9063-5eaa90b8c67a@group-86B78964EB9D-SegmentedRaftLogWorker for RaftStorageImpl:Storage Directory /home/runner/work/ozone/ozone/hadoop-ozone/integration-test/target/test-dir/MiniOzoneClusterImpl-bb159280-bf04-4f42-bb5c-99373fe8c4eb/datanode-0/data/ratis/38314401-5dee-47fb-adb6-86b78964eb9d
2023-04-11 17:19:47,980 [EventQueue-PipelineReportForPipelineReportHandler] INFO  pipeline.PipelineManagerImpl (PipelineManagerImpl.java:openPipeline(367)) - Pipeline Pipeline[ Id: 38314401-5dee-47fb-adb6-86b78964eb9d, Nodes: 1b86d2c8-07b9-4256-9063-5eaa90b8c67a(fv-az377-102.ap30g4v5sw5evmjtdmxdg2w53f.dx.internal.cloudapp.net/10.1.0.70), ReplicationConfig: RATIS/ONE, State:ALLOCATED, leaderId:1b86d2c8-07b9-4256-9063-5eaa90b8c67a, CreationTimestamp2023-04-11T17:19:44.975Z[Etc/UTC]] moved to OPEN state
2023-04-11 17:19:47,980 [pool-704-thread-1] INFO  server.RaftServerConfigKeys (ConfUtils.java:logGet(46)) - raft.server.log.queue.byte-limit = 4294967296 (custom)
2023-04-11 17:19:47,980 [pool-704-thread-1] INFO  server.RaftServerConfigKeys (ConfUtils.java:logGet(46)) - raft.server.log.queue.element-limit = 1024 (custom)
2023-04-11 17:19:47,980 [pool-704-thread-1] INFO  server.RaftServerConfigKeys (ConfUtils.java:logGet(46)) - raft.server.log.segment.size.max = 1048576 (custom)
2023-04-11 17:19:47,980 [pool-704-thread-1] INFO  server.RaftServerConfigKeys (ConfUtils.java:logGet(46)) - raft.server.log.preallocated.size = 16384 (custom)
2023-04-11 17:19:47,980 [pool-704-thread-1] INFO  server.RaftServerConfigKeys (ConfUtils.java:logGet(46)) - raft.server.log.force.sync.num = 128 (default)
2023-04-11 17:19:47,980 [pool-704-thread-1] INFO  server.RaftServerConfigKeys (ConfUtils.java:logGet(46)) - raft.server.log.statemachine.data.sync = true (default)
2023-04-11 17:19:47,980 [pool-704-thread-1] INFO  server.RaftServerConfigKeys (ConfUtils.java:logGet(46)) - raft.server.log.statemachine.data.sync.timeout = 10s (default)
2023-04-11 17:19:47,982 [EventQueue-OpenPipelineForHealthyPipelineSafeModeRule] INFO  safemode.SCMSafeModeManager (HealthyPipelineSafeModeRule.java:process(137)) - SCM in safe mode. Healthy pipelines reported count is 0, required healthy pipeline reported count is 1
2023-04-11 17:19:47,983 [pool-704-thread-1] INFO  server.RaftServerConfigKeys (ConfUtils.java:logGet(46)) - raft.server.log.statemachine.data.sync.timeout.retry = -1 (default)
2023-04-11 17:19:47,983 [pool-704-thread-1] INFO  server.RaftServerConfigKeys (ConfUtils.java:logGet(46)) - raft.server.log.write.buffer.size = 1048576 (custom)
2023-04-11 17:19:47,983 [pool-704-thread-1] INFO  server.RaftServerConfigKeys (ConfUtils.java:logGet(46)) - raft.server.log.appender.buffer.byte-limit = 33554432 (custom)
2023-04-11 17:19:47,989 [pool-704-thread-1] INFO  server.RaftServerConfigKeys (ConfUtils.java:logGet(46)) - raft.server.log.unsafe-flush.enabled = false (default)
2023-04-11 17:19:47,989 [pool-704-thread-1] INFO  server.RaftServerConfigKeys (ConfUtils.java:logGet(46)) - raft.server.log.async-flush.enabled = false (default)
2023-04-11 17:19:47,989 [pool-704-thread-1] INFO  server.RaftServerConfigKeys (ConfUtils.java:logGet(46)) - raft.server.log.statemachine.data.caching.enabled = true (custom)
2023-04-11 17:19:47,990 [pool-704-thread-1] INFO  segmented.SegmentedRaftLogWorker (SegmentedRaftLogWorker.java:lambda$new$0(135)) - 1b86d2c8-07b9-4256-9063-5eaa90b8c67a@group-86B78964EB9D-SegmentedRaftLogWorker: flushIndex: setUnconditionally 0 -> -1
2023-04-11 17:19:47,990 [pool-704-thread-1] INFO  segmented.SegmentedRaftLogWorker (SegmentedRaftLogWorker.java:lambda$new$0(135)) - 1b86d2c8-07b9-4256-9063-5eaa90b8c67a@group-86B78964EB9D-SegmentedRaftLogWorker: safeCacheEvictIndex: setUnconditionally 0 -> -1
2023-04-11 17:19:47,990 [pool-704-thread-1] INFO  server.RaftServer$Division (RaftServerImpl.java:start(334)) - 1b86d2c8-07b9-4256-9063-5eaa90b8c67a@group-86B78964EB9D: start as a follower, conf=-1: peers:[1b86d2c8-07b9-4256-9063-5eaa90b8c67a|rpc:10.1.0.70:42043|dataStream:10.1.0.70:39397|priority:1|startupRole:FOLLOWER]|listeners:[], old=null
2023-04-11 17:19:47,990 [pool-704-thread-1] INFO  server.RaftServer$Division (RaftServerImpl.java:setRole(321)) - 1b86d2c8-07b9-4256-9063-5eaa90b8c67a@group-86B78964EB9D: changes role from      null to FOLLOWER at term 0 for startAsFollower
2023-04-11 17:19:47,990 [pool-704-thread-1] INFO  impl.RoleInfo (RoleInfo.java:updateAndGet(139)) - 1b86d2c8-07b9-4256-9063-5eaa90b8c67a: start 1b86d2c8-07b9-4256-9063-5eaa90b8c67a@group-86B78964EB9D-FollowerState
2023-04-11 17:19:47,991 [pool-704-thread-1] INFO  util.JmxRegister (JmxRegister.java:tryRegister(44)) - Successfully registered JMX Bean with object name Ratis:service=RaftServer,group=group-86B78964EB9D,id=1b86d2c8-07b9-4256-9063-5eaa90b8c67a
2023-04-11 17:19:47,991 [1b86d2c8-07b9-4256-9063-5eaa90b8c67a@group-86B78964EB9D-FollowerState] INFO  server.RaftServerConfigKeys (ConfUtils.java:logFallback(53)) - raft.server.rpc.first-election.timeout.min = 5s (fallback to raft.server.rpc.timeout.min)
2023-04-11 17:19:47,991 [pool-704-thread-1] INFO  server.RaftServerConfigKeys (ConfUtils.java:logGet(46)) - raft.server.snapshot.auto.trigger.enabled = true (custom)
2023-04-11 17:19:47,991 [pool-704-thread-1] INFO  server.RaftServerConfigKeys (ConfUtils.java:logGet(46)) - raft.server.snapshot.auto.trigger.threshold = 10000 (custom)
2023-04-11 17:19:47,991 [1b86d2c8-07b9-4256-9063-5eaa90b8c67a@group-86B78964EB9D-FollowerState] INFO  server.RaftServerConfigKeys (ConfUtils.java:logFallback(53)) - raft.server.rpc.first-election.timeout.max = 5200ms (fallback to raft.server.rpc.timeout.max)
2023-04-11 17:19:47,991 [pool-704-thread-1] INFO  server.RaftServerConfigKeys (ConfUtils.java:logGet(46)) - raft.server.snapshot.retention.file.num = 5 (custom)
2023-04-11 17:19:47,991 [pool-704-thread-1] INFO  server.RaftServerConfigKeys (ConfUtils.java:logGet(46)) - raft.server.log.purge.upto.snapshot.index = false (default)
2023-04-11 17:19:47,992 [Command processor thread] INFO  ratis.XceiverServerRatis (XceiverServerRatis.java:addGroup(806)) - Created group PipelineID=38314401-5dee-47fb-adb6-86b78964eb9d
2023-04-11 17:19:47,992 [Command processor thread] INFO  commandhandler.CreatePipelineCommandHandler (CreatePipelineCommandHandler.java:handle(113)) - Created Pipeline RATIS ONE PipelineID=38314401-5dee-47fb-adb6-86b78964eb9d.
2023-04-11 17:19:47,992 [Command processor thread] INFO  server.RaftServer (RaftServerProxy.java:addNew(96)) - 1b86d2c8-07b9-4256-9063-5eaa90b8c67a: addNew group-FF17434BE34C:[5e693bd7-32aa-42e7-99b2-0294dbaef363|rpc:10.1.0.70:37609|dataStream:10.1.0.70:36051|priority:1|startupRole:FOLLOWER, 1b86d2c8-07b9-4256-9063-5eaa90b8c67a|rpc:10.1.0.70:42043|dataStream:10.1.0.70:39397|priority:0|startupRole:FOLLOWER, 1c712de1-3a3e-422e-b3d0-30fcd422e487|rpc:10.1.0.70:35255|dataStream:10.1.0.70:45841|priority:0|startupRole:FOLLOWER] returns group-FF17434BE34C:java.util.concurrent.CompletableFuture@32ef547b[Not completed]
2023-04-11 17:19:47,995 [pool-704-thread-1] INFO  server.RaftServer$Division (RaftServerImpl.java:<init>(195)) - 1b86d2c8-07b9-4256-9063-5eaa90b8c67a: new RaftServerImpl for group-FF17434BE34C:[5e693bd7-32aa-42e7-99b2-0294dbaef363|rpc:10.1.0.70:37609|dataStream:10.1.0.70:36051|priority:1|startupRole:FOLLOWER, 1b86d2c8-07b9-4256-9063-5eaa90b8c67a|rpc:10.1.0.70:42043|dataStream:10.1.0.70:39397|priority:0|startupRole:FOLLOWER, 1c712de1-3a3e-422e-b3d0-30fcd422e487|rpc:10.1.0.70:35255|dataStream:10.1.0.70:45841|priority:0|startupRole:FOLLOWER] with ContainerStateMachine:uninitialized
2023-04-11 17:19:47,995 [pool-704-thread-1] INFO  server.RaftServerConfigKeys (ConfUtils.java:logGet(46)) - raft.server.rpc.timeout.min = 5s (custom)
2023-04-11 17:19:47,995 [pool-704-thread-1] INFO  server.RaftServerConfigKeys (ConfUtils.java:logGet(46)) - raft.server.rpc.timeout.max = 5200ms (custom)
2023-04-11 17:19:47,995 [pool-704-thread-1] INFO  server.RaftServerConfigKeys (ConfUtils.java:logGet(46)) - raft.server.rpc.sleep.time = 25ms (default)
2023-04-11 17:19:47,995 [pool-704-thread-1] INFO  server.RaftServerConfigKeys (ConfUtils.java:logGet(46)) - raft.server.rpc.slowness.timeout = 300s (custom)
2023-04-11 17:19:47,995 [pool-704-thread-1] INFO  server.RaftServerConfigKeys (ConfUtils.java:logGet(46)) - raft.server.leaderelection.leader.step-down.wait-time = 10s (default)
2023-04-11 17:19:47,995 [pool-704-thread-1] INFO  server.RaftServerConfigKeys (ConfUtils.java:logGet(46)) - raft.server.sleep.deviation.threshold = 300ms (default)
2023-04-11 17:19:47,995 [pool-704-thread-1] INFO  server.RaftServer$Division (ServerState.java:<init>(118)) - 1b86d2c8-07b9-4256-9063-5eaa90b8c67a@group-FF17434BE34C: ConfigurationManager, init=-1: peers:[5e693bd7-32aa-42e7-99b2-0294dbaef363|rpc:10.1.0.70:37609|dataStream:10.1.0.70:36051|priority:1|startupRole:FOLLOWER, 1b86d2c8-07b9-4256-9063-5eaa90b8c67a|rpc:10.1.0.70:42043|dataStream:10.1.0.70:39397|priority:0|startupRole:FOLLOWER, 1c712de1-3a3e-422e-b3d0-30fcd422e487|rpc:10.1.0.70:35255|dataStream:10.1.0.70:45841|priority:0|startupRole:FOLLOWER]|listeners:[], old=null, confs=<EMPTY_MAP>
2023-04-11 17:19:47,995 [pool-704-thread-1] INFO  server.RaftServerConfigKeys (ConfUtils.java:logGet(46)) - raft.server.storage.dir = [/home/runner/work/ozone/ozone/hadoop-ozone/integration-test/target/test-dir/MiniOzoneClusterImpl-bb159280-bf04-4f42-bb5c-99373fe8c4eb/datanode-0/data/ratis] (custom)
2023-04-11 17:19:47,995 [pool-704-thread-1] INFO  server.RaftServerConfigKeys (ConfUtils.java:logGet(46)) - raft.server.log.corruption.policy = EXCEPTION (default)
2023-04-11 17:19:47,995 [pool-704-thread-1] INFO  server.RaftServerConfigKeys (ConfUtils.java:logGet(46)) - raft.server.storage.free-space.min = 0MB (=0) (default)
2023-04-11 17:19:47,995 [pool-704-thread-1] INFO  server.RaftServerConfigKeys (ConfUtils.java:logGet(46)) - raft.server.notification.no-leader.timeout = 300s (custom)
2023-04-11 17:19:47,995 [pool-704-thread-1] INFO  server.RaftServerConfigKeys (ConfUtils.java:logGet(46)) - raft.server.retrycache.expirytime = 600000ms (custom)
2023-04-11 17:19:47,995 [pool-704-thread-1] INFO  server.RaftServerConfigKeys (ConfUtils.java:logGet(46)) - raft.server.retrycache.statistics.expirytime = 100μs (default)
2023-04-11 17:19:47,997 [pool-704-thread-1] INFO  server.RaftServerConfigKeys (ConfUtils.java:logGet(46)) - raft.server.log.appender.install.snapshot.enabled = false (custom)
2023-04-11 17:19:47,997 [pool-704-thread-1] INFO  server.RaftServerConfigKeys (ConfUtils.java:logGet(46)) - raft.server.threadpool.server.cached = true (default)
2023-04-11 17:19:47,997 [pool-704-thread-1] INFO  server.RaftServerConfigKeys (ConfUtils.java:logGet(46)) - raft.server.threadpool.server.size = 0 (default)
2023-04-11 17:19:47,997 [pool-704-thread-1] INFO  server.RaftServerConfigKeys (ConfUtils.java:logGet(46)) - raft.server.threadpool.client.cached = true (default)
2023-04-11 17:19:47,997 [pool-704-thread-1] INFO  server.RaftServerConfigKeys (ConfUtils.java:logGet(46)) - raft.server.threadpool.client.size = 0 (default)
2023-04-11 17:19:47,997 [pool-704-thread-1] INFO  storage.RaftStorageDirectory (RaftStorageDirectoryImpl.java:analyzeStorage(137)) - The storage directory /home/runner/work/ozone/ozone/hadoop-ozone/integration-test/target/test-dir/MiniOzoneClusterImpl-bb159280-bf04-4f42-bb5c-99373fe8c4eb/datanode-0/data/ratis/4ad99ebe-b172-4f21-9a5c-ff17434be34c does not exist. Creating ...
2023-04-11 17:19:47,998 [pool-704-thread-1] INFO  storage.RaftStorageDirectory (RaftStorageDirectoryImpl.java:tryLock(231)) - Lock on /home/runner/work/ozone/ozone/hadoop-ozone/integration-test/target/test-dir/MiniOzoneClusterImpl-bb159280-bf04-4f42-bb5c-99373fe8c4eb/datanode-0/data/ratis/4ad99ebe-b172-4f21-9a5c-ff17434be34c/in_use.lock acquired by nodename 52175@fv-az377-102
2023-04-11 17:19:47,999 [pool-704-thread-1] INFO  storage.RaftStorage (RaftStorageImpl.java:format(96)) - Storage directory /home/runner/work/ozone/ozone/hadoop-ozone/integration-test/target/test-dir/MiniOzoneClusterImpl-bb159280-bf04-4f42-bb5c-99373fe8c4eb/datanode-0/data/ratis/4ad99ebe-b172-4f21-9a5c-ff17434be34c has been successfully formatted.
2023-04-11 17:19:48,000 [pool-704-thread-1] INFO  ratis.ContainerStateMachine (ContainerStateMachine.java:loadSnapshot(262)) - group-FF17434BE34C: The snapshot info is null. Setting the last applied indexto:(t:0, i:~)
2023-04-11 17:19:48,000 [pool-704-thread-1] INFO  server.RaftServerConfigKeys (ConfUtils.java:logGet(46)) - raft.server.log.use.memory = false (default)
2023-04-11 17:19:48,000 [pool-704-thread-1] INFO  server.RaftServerConfigKeys (ConfUtils.java:logGet(46)) - raft.server.log.purge.gap = 1000000 (custom)
2023-04-11 17:19:48,000 [pool-704-thread-1] INFO  server.RaftServerConfigKeys (ConfUtils.java:logGet(46)) - raft.server.log.appender.buffer.byte-limit = 33554432 (custom)
2023-04-11 17:19:48,000 [pool-704-thread-1] INFO  server.RaftServerConfigKeys (ConfUtils.java:logGet(46)) - raft.server.log.statemachine.data.read.timeout = 1000ms (default)
2023-04-11 17:19:48,000 [pool-704-thread-1] INFO  server.RaftServerConfigKeys (ConfUtils.java:logGet(46)) - raft.server.log.purge.preservation.log.num = 0 (default)
2023-04-11 17:19:48,000 [EventQueue-OpenPipelineForHealthyPipelineSafeModeRule] INFO  safemode.SCMSafeModeManager (HealthyPipelineSafeModeRule.java:process(137)) - SCM in safe mode. Healthy pipelines reported count is 0, required healthy pipeline reported count is 1
2023-04-11 17:19:48,001 [pool-704-thread-1] INFO  server.RaftServerConfigKeys (ConfUtils.java:logGet(46)) - raft.server.log.segment.size.max = 1048576 (custom)
2023-04-11 17:19:48,001 [pool-704-thread-1] INFO  server.RaftServerConfigKeys (ConfUtils.java:logGet(46)) - raft.server.log.segment.cache.num.max = 2 (custom)
2023-04-11 17:19:48,001 [pool-704-thread-1] INFO  server.RaftServerConfigKeys (ConfUtils.java:logGet(46)) - raft.server.log.segment.cache.size.max = 200MB (=209715200) (default)
2023-04-11 17:19:48,001 [pool-704-thread-1] INFO  segmented.SegmentedRaftLogWorker (SegmentedRaftLogWorker.java:<init>(189)) - new 1b86d2c8-07b9-4256-9063-5eaa90b8c67a@group-FF17434BE34C-SegmentedRaftLogWorker for RaftStorageImpl:Storage Directory /home/runner/work/ozone/ozone/hadoop-ozone/integration-test/target/test-dir/MiniOzoneClusterImpl-bb159280-bf04-4f42-bb5c-99373fe8c4eb/datanode-0/data/ratis/4ad99ebe-b172-4f21-9a5c-ff17434be34c
2023-04-11 17:19:48,001 [pool-704-thread-1] INFO  server.RaftServerConfigKeys (ConfUtils.java:logGet(46)) - raft.server.log.queue.byte-limit = 4294967296 (custom)
2023-04-11 17:19:48,001 [pool-704-thread-1] INFO  server.RaftServerConfigKeys (ConfUtils.java:logGet(46)) - raft.server.log.queue.element-limit = 1024 (custom)
2023-04-11 17:19:48,001 [pool-704-thread-1] INFO  server.RaftServerConfigKeys (ConfUtils.java:logGet(46)) - raft.server.log.segment.size.max = 1048576 (custom)
2023-04-11 17:19:48,001 [pool-704-thread-1] INFO  server.RaftServerConfigKeys (ConfUtils.java:logGet(46)) - raft.server.log.preallocated.size = 16384 (custom)
2023-04-11 17:19:48,001 [pool-704-thread-1] INFO  server.RaftServerConfigKeys (ConfUtils.java:logGet(46)) - raft.server.log.force.sync.num = 128 (default)
2023-04-11 17:19:48,001 [pool-704-thread-1] INFO  server.RaftServerConfigKeys (ConfUtils.java:logGet(46)) - raft.server.log.statemachine.data.sync = true (default)
2023-04-11 17:19:48,001 [pool-704-thread-1] INFO  server.RaftServerConfigKeys (ConfUtils.java:logGet(46)) - raft.server.log.statemachine.data.sync.timeout = 10s (default)
2023-04-11 17:19:48,001 [pool-704-thread-1] INFO  server.RaftServerConfigKeys (ConfUtils.java:logGet(46)) - raft.server.log.statemachine.data.sync.timeout.retry = -1 (default)
2023-04-11 17:19:48,002 [pool-704-thread-1] INFO  server.RaftServerConfigKeys (ConfUtils.java:logGet(46)) - raft.server.log.write.buffer.size = 1048576 (custom)
2023-04-11 17:19:48,002 [pool-704-thread-1] INFO  server.RaftServerConfigKeys (ConfUtils.java:logGet(46)) - raft.server.log.appender.buffer.byte-limit = 33554432 (custom)
2023-04-11 17:19:48,008 [pool-704-thread-1] INFO  server.RaftServerConfigKeys (ConfUtils.java:logGet(46)) - raft.server.log.unsafe-flush.enabled = false (default)
2023-04-11 17:19:48,008 [pool-704-thread-1] INFO  server.RaftServerConfigKeys (ConfUtils.java:logGet(46)) - raft.server.log.async-flush.enabled = false (default)
2023-04-11 17:19:48,008 [pool-704-thread-1] INFO  server.RaftServerConfigKeys (ConfUtils.java:logGet(46)) - raft.server.log.statemachine.data.caching.enabled = true (custom)
2023-04-11 17:19:48,008 [pool-704-thread-1] INFO  segmented.SegmentedRaftLogWorker (SegmentedRaftLogWorker.java:lambda$new$0(135)) - 1b86d2c8-07b9-4256-9063-5eaa90b8c67a@group-FF17434BE34C-SegmentedRaftLogWorker: flushIndex: setUnconditionally 0 -> -1
2023-04-11 17:19:48,008 [pool-704-thread-1] INFO  segmented.SegmentedRaftLogWorker (SegmentedRaftLogWorker.java:lambda$new$0(135)) - 1b86d2c8-07b9-4256-9063-5eaa90b8c67a@group-FF17434BE34C-SegmentedRaftLogWorker: safeCacheEvictIndex: setUnconditionally 0 -> -1
2023-04-11 17:19:48,008 [pool-704-thread-1] INFO  server.RaftServer$Division (RaftServerImpl.java:start(334)) - 1b86d2c8-07b9-4256-9063-5eaa90b8c67a@group-FF17434BE34C: start as a follower, conf=-1: peers:[5e693bd7-32aa-42e7-99b2-0294dbaef363|rpc:10.1.0.70:37609|dataStream:10.1.0.70:36051|priority:1|startupRole:FOLLOWER, 1b86d2c8-07b9-4256-9063-5eaa90b8c67a|rpc:10.1.0.70:42043|dataStream:10.1.0.70:39397|priority:0|startupRole:FOLLOWER, 1c712de1-3a3e-422e-b3d0-30fcd422e487|rpc:10.1.0.70:35255|dataStream:10.1.0.70:45841|priority:0|startupRole:FOLLOWER]|listeners:[], old=null
2023-04-11 17:19:48,008 [pool-704-thread-1] INFO  server.RaftServer$Division (RaftServerImpl.java:setRole(321)) - 1b86d2c8-07b9-4256-9063-5eaa90b8c67a@group-FF17434BE34C: changes role from      null to FOLLOWER at term 0 for startAsFollower
2023-04-11 17:19:48,008 [pool-704-thread-1] INFO  impl.RoleInfo (RoleInfo.java:updateAndGet(139)) - 1b86d2c8-07b9-4256-9063-5eaa90b8c67a: start 1b86d2c8-07b9-4256-9063-5eaa90b8c67a@group-FF17434BE34C-FollowerState
2023-04-11 17:19:48,008 [pool-704-thread-1] INFO  util.JmxRegister (JmxRegister.java:tryRegister(44)) - Successfully registered JMX Bean with object name Ratis:service=RaftServer,group=group-FF17434BE34C,id=1b86d2c8-07b9-4256-9063-5eaa90b8c67a
2023-04-11 17:19:48,009 [1b86d2c8-07b9-4256-9063-5eaa90b8c67a@group-FF17434BE34C-FollowerState] INFO  server.RaftServerConfigKeys (ConfUtils.java:logFallback(53)) - raft.server.rpc.first-election.timeout.min = 5s (fallback to raft.server.rpc.timeout.min)
2023-04-11 17:19:48,009 [1b86d2c8-07b9-4256-9063-5eaa90b8c67a@group-FF17434BE34C-FollowerState] INFO  server.RaftServerConfigKeys (ConfUtils.java:logFallback(53)) - raft.server.rpc.first-election.timeout.max = 5200ms (fallback to raft.server.rpc.timeout.max)
2023-04-11 17:19:48,009 [pool-704-thread-1] INFO  server.RaftServerConfigKeys (ConfUtils.java:logGet(46)) - raft.server.snapshot.auto.trigger.enabled = true (custom)
2023-04-11 17:19:48,009 [pool-704-thread-1] INFO  server.RaftServerConfigKeys (ConfUtils.java:logGet(46)) - raft.server.snapshot.auto.trigger.threshold = 10000 (custom)
2023-04-11 17:19:48,009 [pool-704-thread-1] INFO  server.RaftServerConfigKeys (ConfUtils.java:logGet(46)) - raft.server.snapshot.retention.file.num = 5 (custom)
2023-04-11 17:19:48,009 [pool-704-thread-1] INFO  server.RaftServerConfigKeys (ConfUtils.java:logGet(46)) - raft.server.log.purge.upto.snapshot.index = false (default)
2023-04-11 17:19:48,009 [Command processor thread] INFO  ratis.XceiverServerRatis (XceiverServerRatis.java:addGroup(806)) - Created group PipelineID=4ad99ebe-b172-4f21-9a5c-ff17434be34c
2023-04-11 17:19:48,024 [grpc-default-executor-0] INFO  server.RaftServer (RaftServerProxy.java:addNew(96)) - 5e693bd7-32aa-42e7-99b2-0294dbaef363: addNew group-FF17434BE34C:[5e693bd7-32aa-42e7-99b2-0294dbaef363|rpc:10.1.0.70:37609|dataStream:10.1.0.70:36051|priority:1|startupRole:FOLLOWER, 1b86d2c8-07b9-4256-9063-5eaa90b8c67a|rpc:10.1.0.70:42043|dataStream:10.1.0.70:39397|priority:0|startupRole:FOLLOWER, 1c712de1-3a3e-422e-b3d0-30fcd422e487|rpc:10.1.0.70:35255|dataStream:10.1.0.70:45841|priority:0|startupRole:FOLLOWER] returns group-FF17434BE34C:java.util.concurrent.CompletableFuture@4d0df67c[Not completed]
2023-04-11 17:19:48,025 [pool-748-thread-1] INFO  server.RaftServer$Division (RaftServerImpl.java:<init>(195)) - 5e693bd7-32aa-42e7-99b2-0294dbaef363: new RaftServerImpl for group-FF17434BE34C:[5e693bd7-32aa-42e7-99b2-0294dbaef363|rpc:10.1.0.70:37609|dataStream:10.1.0.70:36051|priority:1|startupRole:FOLLOWER, 1b86d2c8-07b9-4256-9063-5eaa90b8c67a|rpc:10.1.0.70:42043|dataStream:10.1.0.70:39397|priority:0|startupRole:FOLLOWER, 1c712de1-3a3e-422e-b3d0-30fcd422e487|rpc:10.1.0.70:35255|dataStream:10.1.0.70:45841|priority:0|startupRole:FOLLOWER] with ContainerStateMachine:uninitialized
2023-04-11 17:19:48,025 [pool-748-thread-1] INFO  server.RaftServerConfigKeys (ConfUtils.java:logGet(46)) - raft.server.rpc.timeout.min = 5s (custom)
2023-04-11 17:19:48,025 [pool-748-thread-1] INFO  server.RaftServerConfigKeys (ConfUtils.java:logGet(46)) - raft.server.rpc.timeout.max = 5200ms (custom)
2023-04-11 17:19:48,026 [pool-748-thread-1] INFO  server.RaftServerConfigKeys (ConfUtils.java:logGet(46)) - raft.server.rpc.sleep.time = 25ms (default)
2023-04-11 17:19:48,026 [pool-748-thread-1] INFO  server.RaftServerConfigKeys (ConfUtils.java:logGet(46)) - raft.server.rpc.slowness.timeout = 300s (custom)
2023-04-11 17:19:48,026 [pool-748-thread-1] INFO  server.RaftServerConfigKeys (ConfUtils.java:logGet(46)) - raft.server.leaderelection.leader.step-down.wait-time = 10s (default)
2023-04-11 17:19:48,026 [pool-748-thread-1] INFO  server.RaftServerConfigKeys (ConfUtils.java:logGet(46)) - raft.server.sleep.deviation.threshold = 300ms (default)
2023-04-11 17:19:48,026 [pool-748-thread-1] INFO  server.RaftServer$Division (ServerState.java:<init>(118)) - 5e693bd7-32aa-42e7-99b2-0294dbaef363@group-FF17434BE34C: ConfigurationManager, init=-1: peers:[5e693bd7-32aa-42e7-99b2-0294dbaef363|rpc:10.1.0.70:37609|dataStream:10.1.0.70:36051|priority:1|startupRole:FOLLOWER, 1b86d2c8-07b9-4256-9063-5eaa90b8c67a|rpc:10.1.0.70:42043|dataStream:10.1.0.70:39397|priority:0|startupRole:FOLLOWER, 1c712de1-3a3e-422e-b3d0-30fcd422e487|rpc:10.1.0.70:35255|dataStream:10.1.0.70:45841|priority:0|startupRole:FOLLOWER]|listeners:[], old=null, confs=<EMPTY_MAP>
2023-04-11 17:19:48,026 [pool-748-thread-1] INFO  server.RaftServerConfigKeys (ConfUtils.java:logGet(46)) - raft.server.storage.dir = [/home/runner/work/ozone/ozone/hadoop-ozone/integration-test/target/test-dir/MiniOzoneClusterImpl-bb159280-bf04-4f42-bb5c-99373fe8c4eb/datanode-2/data/ratis] (custom)
2023-04-11 17:19:48,026 [pool-748-thread-1] INFO  server.RaftServerConfigKeys (ConfUtils.java:logGet(46)) - raft.server.log.corruption.policy = EXCEPTION (default)
2023-04-11 17:19:48,026 [pool-748-thread-1] INFO  server.RaftServerConfigKeys (ConfUtils.java:logGet(46)) - raft.server.storage.free-space.min = 0MB (=0) (default)
2023-04-11 17:19:48,026 [pool-748-thread-1] INFO  server.RaftServerConfigKeys (ConfUtils.java:logGet(46)) - raft.server.notification.no-leader.timeout = 300s (custom)
2023-04-11 17:19:48,026 [pool-748-thread-1] INFO  server.RaftServerConfigKeys (ConfUtils.java:logGet(46)) - raft.server.retrycache.expirytime = 600000ms (custom)
2023-04-11 17:19:48,026 [pool-748-thread-1] INFO  server.RaftServerConfigKeys (ConfUtils.java:logGet(46)) - raft.server.retrycache.statistics.expirytime = 100μs (default)
2023-04-11 17:19:48,027 [pool-748-thread-1] INFO  server.RaftServerConfigKeys (ConfUtils.java:logGet(46)) - raft.server.log.appender.install.snapshot.enabled = false (custom)
2023-04-11 17:19:48,027 [pool-748-thread-1] INFO  server.RaftServerConfigKeys (ConfUtils.java:logGet(46)) - raft.server.threadpool.server.cached = true (default)
2023-04-11 17:19:48,027 [pool-748-thread-1] INFO  server.RaftServerConfigKeys (ConfUtils.java:logGet(46)) - raft.server.threadpool.server.size = 0 (default)
2023-04-11 17:19:48,027 [pool-748-thread-1] INFO  server.RaftServerConfigKeys (ConfUtils.java:logGet(46)) - raft.server.threadpool.client.cached = true (default)
2023-04-11 17:19:48,027 [pool-748-thread-1] INFO  server.RaftServerConfigKeys (ConfUtils.java:logGet(46)) - raft.server.threadpool.client.size = 0 (default)
2023-04-11 17:19:48,027 [pool-748-thread-1] INFO  storage.RaftStorageDirectory (RaftStorageDirectoryImpl.java:analyzeStorage(137)) - The storage directory /home/runner/work/ozone/ozone/hadoop-ozone/integration-test/target/test-dir/MiniOzoneClusterImpl-bb159280-bf04-4f42-bb5c-99373fe8c4eb/datanode-2/data/ratis/4ad99ebe-b172-4f21-9a5c-ff17434be34c does not exist. Creating ...
2023-04-11 17:19:48,028 [pool-748-thread-1] INFO  storage.RaftStorageDirectory (RaftStorageDirectoryImpl.java:tryLock(231)) - Lock on /home/runner/work/ozone/ozone/hadoop-ozone/integration-test/target/test-dir/MiniOzoneClusterImpl-bb159280-bf04-4f42-bb5c-99373fe8c4eb/datanode-2/data/ratis/4ad99ebe-b172-4f21-9a5c-ff17434be34c/in_use.lock acquired by nodename 52175@fv-az377-102
2023-04-11 17:19:48,029 [pool-748-thread-1] INFO  storage.RaftStorage (RaftStorageImpl.java:format(96)) - Storage directory /home/runner/work/ozone/ozone/hadoop-ozone/integration-test/target/test-dir/MiniOzoneClusterImpl-bb159280-bf04-4f42-bb5c-99373fe8c4eb/datanode-2/data/ratis/4ad99ebe-b172-4f21-9a5c-ff17434be34c has been successfully formatted.
2023-04-11 17:19:48,030 [pool-748-thread-1] INFO  ratis.ContainerStateMachine (ContainerStateMachine.java:loadSnapshot(262)) - group-FF17434BE34C: The snapshot info is null. Setting the last applied indexto:(t:0, i:~)
2023-04-11 17:19:48,031 [pool-748-thread-1] INFO  server.RaftServerConfigKeys (ConfUtils.java:logGet(46)) - raft.server.log.use.memory = false (default)
2023-04-11 17:19:48,031 [pool-748-thread-1] INFO  server.RaftServerConfigKeys (ConfUtils.java:logGet(46)) - raft.server.log.purge.gap = 1000000 (custom)
2023-04-11 17:19:48,031 [pool-748-thread-1] INFO  server.RaftServerConfigKeys (ConfUtils.java:logGet(46)) - raft.server.log.appender.buffer.byte-limit = 33554432 (custom)
2023-04-11 17:19:48,031 [pool-748-thread-1] INFO  server.RaftServerConfigKeys (ConfUtils.java:logGet(46)) - raft.server.log.statemachine.data.read.timeout = 1000ms (default)
2023-04-11 17:19:48,031 [pool-748-thread-1] INFO  server.RaftServerConfigKeys (ConfUtils.java:logGet(46)) - raft.server.log.purge.preservation.log.num = 0 (default)
2023-04-11 17:19:48,031 [pool-748-thread-1] INFO  server.RaftServerConfigKeys (ConfUtils.java:logGet(46)) - raft.server.log.segment.size.max = 1048576 (custom)
2023-04-11 17:19:48,031 [pool-748-thread-1] INFO  server.RaftServerConfigKeys (ConfUtils.java:logGet(46)) - raft.server.log.segment.cache.num.max = 2 (custom)
2023-04-11 17:19:48,031 [pool-748-thread-1] INFO  server.RaftServerConfigKeys (ConfUtils.java:logGet(46)) - raft.server.log.segment.cache.size.max = 200MB (=209715200) (default)
2023-04-11 17:19:48,031 [pool-748-thread-1] INFO  segmented.SegmentedRaftLogWorker (SegmentedRaftLogWorker.java:<init>(189)) - new 5e693bd7-32aa-42e7-99b2-0294dbaef363@group-FF17434BE34C-SegmentedRaftLogWorker for RaftStorageImpl:Storage Directory /home/runner/work/ozone/ozone/hadoop-ozone/integration-test/target/test-dir/MiniOzoneClusterImpl-bb159280-bf04-4f42-bb5c-99373fe8c4eb/datanode-2/data/ratis/4ad99ebe-b172-4f21-9a5c-ff17434be34c
2023-04-11 17:19:48,031 [pool-748-thread-1] INFO  server.RaftServerConfigKeys (ConfUtils.java:logGet(46)) - raft.server.log.queue.byte-limit = 4294967296 (custom)
2023-04-11 17:19:48,031 [pool-748-thread-1] INFO  server.RaftServerConfigKeys (ConfUtils.java:logGet(46)) - raft.server.log.queue.element-limit = 1024 (custom)
2023-04-11 17:19:48,031 [pool-748-thread-1] INFO  server.RaftServerConfigKeys (ConfUtils.java:logGet(46)) - raft.server.log.segment.size.max = 1048576 (custom)
2023-04-11 17:19:48,031 [pool-748-thread-1] INFO  server.RaftServerConfigKeys (ConfUtils.java:logGet(46)) - raft.server.log.preallocated.size = 16384 (custom)
2023-04-11 17:19:48,032 [pool-748-thread-1] INFO  server.RaftServerConfigKeys (ConfUtils.java:logGet(46)) - raft.server.log.force.sync.num = 128 (default)
2023-04-11 17:19:48,032 [pool-748-thread-1] INFO  server.RaftServerConfigKeys (ConfUtils.java:logGet(46)) - raft.server.log.statemachine.data.sync = true (default)
2023-04-11 17:19:48,032 [pool-748-thread-1] INFO  server.RaftServerConfigKeys (ConfUtils.java:logGet(46)) - raft.server.log.statemachine.data.sync.timeout = 10s (default)
2023-04-11 17:19:48,032 [pool-748-thread-1] INFO  server.RaftServerConfigKeys (ConfUtils.java:logGet(46)) - raft.server.log.statemachine.data.sync.timeout.retry = -1 (default)
2023-04-11 17:19:48,033 [pool-748-thread-1] INFO  server.RaftServerConfigKeys (ConfUtils.java:logGet(46)) - raft.server.log.write.buffer.size = 1048576 (custom)
2023-04-11 17:19:48,034 [pool-748-thread-1] INFO  server.RaftServerConfigKeys (ConfUtils.java:logGet(46)) - raft.server.log.appender.buffer.byte-limit = 33554432 (custom)
2023-04-11 17:19:48,039 [pool-748-thread-1] INFO  server.RaftServerConfigKeys (ConfUtils.java:logGet(46)) - raft.server.log.unsafe-flush.enabled = false (default)
2023-04-11 17:19:48,039 [pool-748-thread-1] INFO  server.RaftServerConfigKeys (ConfUtils.java:logGet(46)) - raft.server.log.async-flush.enabled = false (default)
2023-04-11 17:19:48,039 [pool-748-thread-1] INFO  server.RaftServerConfigKeys (ConfUtils.java:logGet(46)) - raft.server.log.statemachine.data.caching.enabled = true (custom)
2023-04-11 17:19:48,039 [pool-748-thread-1] INFO  segmented.SegmentedRaftLogWorker (SegmentedRaftLogWorker.java:lambda$new$0(135)) - 5e693bd7-32aa-42e7-99b2-0294dbaef363@group-FF17434BE34C-SegmentedRaftLogWorker: flushIndex: setUnconditionally 0 -> -1
2023-04-11 17:19:48,039 [pool-748-thread-1] INFO  segmented.SegmentedRaftLogWorker (SegmentedRaftLogWorker.java:lambda$new$0(135)) - 5e693bd7-32aa-42e7-99b2-0294dbaef363@group-FF17434BE34C-SegmentedRaftLogWorker: safeCacheEvictIndex: setUnconditionally 0 -> -1
2023-04-11 17:19:48,040 [pool-748-thread-1] INFO  server.RaftServer$Division (RaftServerImpl.java:start(334)) - 5e693bd7-32aa-42e7-99b2-0294dbaef363@group-FF17434BE34C: start as a follower, conf=-1: peers:[5e693bd7-32aa-42e7-99b2-0294dbaef363|rpc:10.1.0.70:37609|dataStream:10.1.0.70:36051|priority:1|startupRole:FOLLOWER, 1b86d2c8-07b9-4256-9063-5eaa90b8c67a|rpc:10.1.0.70:42043|dataStream:10.1.0.70:39397|priority:0|startupRole:FOLLOWER, 1c712de1-3a3e-422e-b3d0-30fcd422e487|rpc:10.1.0.70:35255|dataStream:10.1.0.70:45841|priority:0|startupRole:FOLLOWER]|listeners:[], old=null
2023-04-11 17:19:48,040 [pool-748-thread-1] INFO  server.RaftServer$Division (RaftServerImpl.java:setRole(321)) - 5e693bd7-32aa-42e7-99b2-0294dbaef363@group-FF17434BE34C: changes role from      null to FOLLOWER at term 0 for startAsFollower
2023-04-11 17:19:48,040 [pool-748-thread-1] INFO  impl.RoleInfo (RoleInfo.java:updateAndGet(139)) - 5e693bd7-32aa-42e7-99b2-0294dbaef363: start 5e693bd7-32aa-42e7-99b2-0294dbaef363@group-FF17434BE34C-FollowerState
2023-04-11 17:19:48,044 [pool-748-thread-1] INFO  util.JmxRegister (JmxRegister.java:tryRegister(44)) - Successfully registered JMX Bean with object name Ratis:service=RaftServer,group=group-FF17434BE34C,id=5e693bd7-32aa-42e7-99b2-0294dbaef363
2023-04-11 17:19:48,044 [pool-748-thread-1] INFO  server.RaftServerConfigKeys (ConfUtils.java:logGet(46)) - raft.server.snapshot.auto.trigger.enabled = true (custom)
2023-04-11 17:19:48,044 [pool-748-thread-1] INFO  server.RaftServerConfigKeys (ConfUtils.java:logGet(46)) - raft.server.snapshot.auto.trigger.threshold = 10000 (custom)
2023-04-11 17:19:48,044 [pool-748-thread-1] INFO  server.RaftServerConfigKeys (ConfUtils.java:logGet(46)) - raft.server.snapshot.retention.file.num = 5 (custom)
2023-04-11 17:19:48,044 [pool-748-thread-1] INFO  server.RaftServerConfigKeys (ConfUtils.java:logGet(46)) - raft.server.log.purge.upto.snapshot.index = false (default)
2023-04-11 17:19:48,045 [5e693bd7-32aa-42e7-99b2-0294dbaef363@group-FF17434BE34C-FollowerState] INFO  server.RaftServerConfigKeys (ConfUtils.java:logFallback(53)) - raft.server.rpc.first-election.timeout.min = 5s (fallback to raft.server.rpc.timeout.min)
2023-04-11 17:19:48,045 [5e693bd7-32aa-42e7-99b2-0294dbaef363@group-FF17434BE34C-FollowerState] INFO  server.RaftServerConfigKeys (ConfUtils.java:logFallback(53)) - raft.server.rpc.first-election.timeout.max = 5200ms (fallback to raft.server.rpc.timeout.max)
2023-04-11 17:19:48,064 [grpc-default-executor-0] INFO  server.RaftServer (RaftServerProxy.java:addNew(96)) - 1c712de1-3a3e-422e-b3d0-30fcd422e487: addNew group-FF17434BE34C:[5e693bd7-32aa-42e7-99b2-0294dbaef363|rpc:10.1.0.70:37609|dataStream:10.1.0.70:36051|priority:1|startupRole:FOLLOWER, 1b86d2c8-07b9-4256-9063-5eaa90b8c67a|rpc:10.1.0.70:42043|dataStream:10.1.0.70:39397|priority:0|startupRole:FOLLOWER, 1c712de1-3a3e-422e-b3d0-30fcd422e487|rpc:10.1.0.70:35255|dataStream:10.1.0.70:45841|priority:0|startupRole:FOLLOWER] returns group-FF17434BE34C:java.util.concurrent.CompletableFuture@46254911[Not completed]
2023-04-11 17:19:48,065 [pool-726-thread-1] INFO  server.RaftServer$Division (RaftServerImpl.java:<init>(195)) - 1c712de1-3a3e-422e-b3d0-30fcd422e487: new RaftServerImpl for group-FF17434BE34C:[5e693bd7-32aa-42e7-99b2-0294dbaef363|rpc:10.1.0.70:37609|dataStream:10.1.0.70:36051|priority:1|startupRole:FOLLOWER, 1b86d2c8-07b9-4256-9063-5eaa90b8c67a|rpc:10.1.0.70:42043|dataStream:10.1.0.70:39397|priority:0|startupRole:FOLLOWER, 1c712de1-3a3e-422e-b3d0-30fcd422e487|rpc:10.1.0.70:35255|dataStream:10.1.0.70:45841|priority:0|startupRole:FOLLOWER] with ContainerStateMachine:uninitialized
2023-04-11 17:19:48,065 [pool-726-thread-1] INFO  server.RaftServerConfigKeys (ConfUtils.java:logGet(46)) - raft.server.rpc.timeout.min = 5s (custom)
2023-04-11 17:19:48,065 [pool-726-thread-1] INFO  server.RaftServerConfigKeys (ConfUtils.java:logGet(46)) - raft.server.rpc.timeout.max = 5200ms (custom)
2023-04-11 17:19:48,065 [pool-726-thread-1] INFO  server.RaftServerConfigKeys (ConfUtils.java:logGet(46)) - raft.server.rpc.sleep.time = 25ms (default)
2023-04-11 17:19:48,066 [pool-726-thread-1] INFO  server.RaftServerConfigKeys (ConfUtils.java:logGet(46)) - raft.server.rpc.slowness.timeout = 300s (custom)
2023-04-11 17:19:48,066 [pool-726-thread-1] INFO  server.RaftServerConfigKeys (ConfUtils.java:logGet(46)) - raft.server.leaderelection.leader.step-down.wait-time = 10s (default)
2023-04-11 17:19:48,066 [pool-726-thread-1] INFO  server.RaftServerConfigKeys (ConfUtils.java:logGet(46)) - raft.server.sleep.deviation.threshold = 300ms (default)
2023-04-11 17:19:48,066 [pool-726-thread-1] INFO  server.RaftServer$Division (ServerState.java:<init>(118)) - 1c712de1-3a3e-422e-b3d0-30fcd422e487@group-FF17434BE34C: ConfigurationManager, init=-1: peers:[5e693bd7-32aa-42e7-99b2-0294dbaef363|rpc:10.1.0.70:37609|dataStream:10.1.0.70:36051|priority:1|startupRole:FOLLOWER, 1b86d2c8-07b9-4256-9063-5eaa90b8c67a|rpc:10.1.0.70:42043|dataStream:10.1.0.70:39397|priority:0|startupRole:FOLLOWER, 1c712de1-3a3e-422e-b3d0-30fcd422e487|rpc:10.1.0.70:35255|dataStream:10.1.0.70:45841|priority:0|startupRole:FOLLOWER]|listeners:[], old=null, confs=<EMPTY_MAP>
2023-04-11 17:19:48,066 [pool-726-thread-1] INFO  server.RaftServerConfigKeys (ConfUtils.java:logGet(46)) - raft.server.storage.dir = [/home/runner/work/ozone/ozone/hadoop-ozone/integration-test/target/test-dir/MiniOzoneClusterImpl-bb159280-bf04-4f42-bb5c-99373fe8c4eb/datanode-1/data/ratis] (custom)
2023-04-11 17:19:48,066 [pool-726-thread-1] INFO  server.RaftServerConfigKeys (ConfUtils.java:logGet(46)) - raft.server.log.corruption.policy = EXCEPTION (default)
2023-04-11 17:19:48,066 [pool-726-thread-1] INFO  server.RaftServerConfigKeys (ConfUtils.java:logGet(46)) - raft.server.storage.free-space.min = 0MB (=0) (default)
2023-04-11 17:19:48,066 [pool-726-thread-1] INFO  server.RaftServerConfigKeys (ConfUtils.java:logGet(46)) - raft.server.notification.no-leader.timeout = 300s (custom)
2023-04-11 17:19:48,066 [pool-726-thread-1] INFO  server.RaftServerConfigKeys (ConfUtils.java:logGet(46)) - raft.server.retrycache.expirytime = 600000ms (custom)
2023-04-11 17:19:48,066 [pool-726-thread-1] INFO  server.RaftServerConfigKeys (ConfUtils.java:logGet(46)) - raft.server.retrycache.statistics.expirytime = 100μs (default)
2023-04-11 17:19:48,067 [pool-726-thread-1] INFO  server.RaftServerConfigKeys (ConfUtils.java:logGet(46)) - raft.server.log.appender.install.snapshot.enabled = false (custom)
2023-04-11 17:19:48,067 [pool-726-thread-1] INFO  server.RaftServerConfigKeys (ConfUtils.java:logGet(46)) - raft.server.threadpool.server.cached = true (default)
2023-04-11 17:19:48,067 [pool-726-thread-1] INFO  server.RaftServerConfigKeys (ConfUtils.java:logGet(46)) - raft.server.threadpool.server.size = 0 (default)
2023-04-11 17:19:48,067 [pool-726-thread-1] INFO  server.RaftServerConfigKeys (ConfUtils.java:logGet(46)) - raft.server.threadpool.client.cached = true (default)
2023-04-11 17:19:48,067 [pool-726-thread-1] INFO  server.RaftServerConfigKeys (ConfUtils.java:logGet(46)) - raft.server.threadpool.client.size = 0 (default)
2023-04-11 17:19:48,067 [pool-726-thread-1] INFO  storage.RaftStorageDirectory (RaftStorageDirectoryImpl.java:analyzeStorage(137)) - The storage directory /home/runner/work/ozone/ozone/hadoop-ozone/integration-test/target/test-dir/MiniOzoneClusterImpl-bb159280-bf04-4f42-bb5c-99373fe8c4eb/datanode-1/data/ratis/4ad99ebe-b172-4f21-9a5c-ff17434be34c does not exist. Creating ...
2023-04-11 17:19:48,069 [pool-726-thread-1] INFO  storage.RaftStorageDirectory (RaftStorageDirectoryImpl.java:tryLock(231)) - Lock on /home/runner/work/ozone/ozone/hadoop-ozone/integration-test/target/test-dir/MiniOzoneClusterImpl-bb159280-bf04-4f42-bb5c-99373fe8c4eb/datanode-1/data/ratis/4ad99ebe-b172-4f21-9a5c-ff17434be34c/in_use.lock acquired by nodename 52175@fv-az377-102
2023-04-11 17:19:48,070 [pool-726-thread-1] INFO  storage.RaftStorage (RaftStorageImpl.java:format(96)) - Storage directory /home/runner/work/ozone/ozone/hadoop-ozone/integration-test/target/test-dir/MiniOzoneClusterImpl-bb159280-bf04-4f42-bb5c-99373fe8c4eb/datanode-1/data/ratis/4ad99ebe-b172-4f21-9a5c-ff17434be34c has been successfully formatted.
2023-04-11 17:19:48,071 [pool-726-thread-1] INFO  ratis.ContainerStateMachine (ContainerStateMachine.java:loadSnapshot(262)) - group-FF17434BE34C: The snapshot info is null. Setting the last applied indexto:(t:0, i:~)
2023-04-11 17:19:48,071 [pool-726-thread-1] INFO  server.RaftServerConfigKeys (ConfUtils.java:logGet(46)) - raft.server.log.use.memory = false (default)
2023-04-11 17:19:48,072 [pool-726-thread-1] INFO  server.RaftServerConfigKeys (ConfUtils.java:logGet(46)) - raft.server.log.purge.gap = 1000000 (custom)
2023-04-11 17:19:48,072 [pool-726-thread-1] INFO  server.RaftServerConfigKeys (ConfUtils.java:logGet(46)) - raft.server.log.appender.buffer.byte-limit = 33554432 (custom)
2023-04-11 17:19:48,072 [pool-726-thread-1] INFO  server.RaftServerConfigKeys (ConfUtils.java:logGet(46)) - raft.server.log.statemachine.data.read.timeout = 1000ms (default)
2023-04-11 17:19:48,072 [pool-726-thread-1] INFO  server.RaftServerConfigKeys (ConfUtils.java:logGet(46)) - raft.server.log.purge.preservation.log.num = 0 (default)
2023-04-11 17:19:48,072 [pool-726-thread-1] INFO  server.RaftServerConfigKeys (ConfUtils.java:logGet(46)) - raft.server.log.segment.size.max = 1048576 (custom)
2023-04-11 17:19:48,073 [pool-726-thread-1] INFO  server.RaftServerConfigKeys (ConfUtils.java:logGet(46)) - raft.server.log.segment.cache.num.max = 2 (custom)
2023-04-11 17:19:48,073 [pool-726-thread-1] INFO  server.RaftServerConfigKeys (ConfUtils.java:logGet(46)) - raft.server.log.segment.cache.size.max = 200MB (=209715200) (default)
2023-04-11 17:19:48,073 [pool-726-thread-1] INFO  segmented.SegmentedRaftLogWorker (SegmentedRaftLogWorker.java:<init>(189)) - new 1c712de1-3a3e-422e-b3d0-30fcd422e487@group-FF17434BE34C-SegmentedRaftLogWorker for RaftStorageImpl:Storage Directory /home/runner/work/ozone/ozone/hadoop-ozone/integration-test/target/test-dir/MiniOzoneClusterImpl-bb159280-bf04-4f42-bb5c-99373fe8c4eb/datanode-1/data/ratis/4ad99ebe-b172-4f21-9a5c-ff17434be34c
2023-04-11 17:19:48,073 [pool-726-thread-1] INFO  server.RaftServerConfigKeys (ConfUtils.java:logGet(46)) - raft.server.log.queue.byte-limit = 4294967296 (custom)
2023-04-11 17:19:48,073 [pool-726-thread-1] INFO  server.RaftServerConfigKeys (ConfUtils.java:logGet(46)) - raft.server.log.queue.element-limit = 1024 (custom)
2023-04-11 17:19:48,073 [pool-726-thread-1] INFO  server.RaftServerConfigKeys (ConfUtils.java:logGet(46)) - raft.server.log.segment.size.max = 1048576 (custom)
2023-04-11 17:19:48,073 [pool-726-thread-1] INFO  server.RaftServerConfigKeys (ConfUtils.java:logGet(46)) - raft.server.log.preallocated.size = 16384 (custom)
2023-04-11 17:19:48,073 [pool-726-thread-1] INFO  server.RaftServerConfigKeys (ConfUtils.java:logGet(46)) - raft.server.log.force.sync.num = 128 (default)
2023-04-11 17:19:48,073 [pool-726-thread-1] INFO  server.RaftServerConfigKeys (ConfUtils.java:logGet(46)) - raft.server.log.statemachine.data.sync = true (default)
2023-04-11 17:19:48,073 [pool-726-thread-1] INFO  server.RaftServerConfigKeys (ConfUtils.java:logGet(46)) - raft.server.log.statemachine.data.sync.timeout = 10s (default)
2023-04-11 17:19:48,073 [pool-726-thread-1] INFO  server.RaftServerConfigKeys (ConfUtils.java:logGet(46)) - raft.server.log.statemachine.data.sync.timeout.retry = -1 (default)
2023-04-11 17:19:48,073 [pool-726-thread-1] INFO  server.RaftServerConfigKeys (ConfUtils.java:logGet(46)) - raft.server.log.write.buffer.size = 1048576 (custom)
2023-04-11 17:19:48,074 [pool-726-thread-1] INFO  server.RaftServerConfigKeys (ConfUtils.java:logGet(46)) - raft.server.log.appender.buffer.byte-limit = 33554432 (custom)
2023-04-11 17:19:48,080 [pool-726-thread-1] INFO  server.RaftServerConfigKeys (ConfUtils.java:logGet(46)) - raft.server.log.unsafe-flush.enabled = false (default)
2023-04-11 17:19:48,080 [pool-726-thread-1] INFO  server.RaftServerConfigKeys (ConfUtils.java:logGet(46)) - raft.server.log.async-flush.enabled = false (default)
2023-04-11 17:19:48,080 [pool-726-thread-1] INFO  server.RaftServerConfigKeys (ConfUtils.java:logGet(46)) - raft.server.log.statemachine.data.caching.enabled = true (custom)
2023-04-11 17:19:48,080 [pool-726-thread-1] INFO  segmented.SegmentedRaftLogWorker (SegmentedRaftLogWorker.java:lambda$new$0(135)) - 1c712de1-3a3e-422e-b3d0-30fcd422e487@group-FF17434BE34C-SegmentedRaftLogWorker: flushIndex: setUnconditionally 0 -> -1
2023-04-11 17:19:48,080 [pool-726-thread-1] INFO  segmented.SegmentedRaftLogWorker (SegmentedRaftLogWorker.java:lambda$new$0(135)) - 1c712de1-3a3e-422e-b3d0-30fcd422e487@group-FF17434BE34C-SegmentedRaftLogWorker: safeCacheEvictIndex: setUnconditionally 0 -> -1
2023-04-11 17:19:48,080 [pool-726-thread-1] INFO  server.RaftServer$Division (RaftServerImpl.java:start(334)) - 1c712de1-3a3e-422e-b3d0-30fcd422e487@group-FF17434BE34C: start as a follower, conf=-1: peers:[5e693bd7-32aa-42e7-99b2-0294dbaef363|rpc:10.1.0.70:37609|dataStream:10.1.0.70:36051|priority:1|startupRole:FOLLOWER, 1b86d2c8-07b9-4256-9063-5eaa90b8c67a|rpc:10.1.0.70:42043|dataStream:10.1.0.70:39397|priority:0|startupRole:FOLLOWER, 1c712de1-3a3e-422e-b3d0-30fcd422e487|rpc:10.1.0.70:35255|dataStream:10.1.0.70:45841|priority:0|startupRole:FOLLOWER]|listeners:[], old=null
2023-04-11 17:19:48,080 [pool-726-thread-1] INFO  server.RaftServer$Division (RaftServerImpl.java:setRole(321)) - 1c712de1-3a3e-422e-b3d0-30fcd422e487@group-FF17434BE34C: changes role from      null to FOLLOWER at term 0 for startAsFollower
2023-04-11 17:19:48,080 [pool-726-thread-1] INFO  impl.RoleInfo (RoleInfo.java:updateAndGet(139)) - 1c712de1-3a3e-422e-b3d0-30fcd422e487: start 1c712de1-3a3e-422e-b3d0-30fcd422e487@group-FF17434BE34C-FollowerState
2023-04-11 17:19:48,081 [pool-726-thread-1] INFO  util.JmxRegister (JmxRegister.java:tryRegister(44)) - Successfully registered JMX Bean with object name Ratis:service=RaftServer,group=group-FF17434BE34C,id=1c712de1-3a3e-422e-b3d0-30fcd422e487
2023-04-11 17:19:48,081 [1c712de1-3a3e-422e-b3d0-30fcd422e487@group-FF17434BE34C-FollowerState] INFO  server.RaftServerConfigKeys (ConfUtils.java:logFallback(53)) - raft.server.rpc.first-election.timeout.min = 5s (fallback to raft.server.rpc.timeout.min)
2023-04-11 17:19:48,081 [pool-726-thread-1] INFO  server.RaftServerConfigKeys (ConfUtils.java:logGet(46)) - raft.server.snapshot.auto.trigger.enabled = true (custom)
2023-04-11 17:19:48,081 [1c712de1-3a3e-422e-b3d0-30fcd422e487@group-FF17434BE34C-FollowerState] INFO  server.RaftServerConfigKeys (ConfUtils.java:logFallback(53)) - raft.server.rpc.first-election.timeout.max = 5200ms (fallback to raft.server.rpc.timeout.max)
2023-04-11 17:19:48,081 [pool-726-thread-1] INFO  server.RaftServerConfigKeys (ConfUtils.java:logGet(46)) - raft.server.snapshot.auto.trigger.threshold = 10000 (custom)
2023-04-11 17:19:48,081 [pool-726-thread-1] INFO  server.RaftServerConfigKeys (ConfUtils.java:logGet(46)) - raft.server.snapshot.retention.file.num = 5 (custom)
2023-04-11 17:19:48,081 [pool-726-thread-1] INFO  server.RaftServerConfigKeys (ConfUtils.java:logGet(46)) - raft.server.log.purge.upto.snapshot.index = false (default)
2023-04-11 17:19:48,088 [Command processor thread] INFO  commandhandler.CreatePipelineCommandHandler (CreatePipelineCommandHandler.java:handle(113)) - Created Pipeline RATIS THREE PipelineID=4ad99ebe-b172-4f21-9a5c-ff17434be34c.
2023-04-11 17:19:48,088 [Command processor thread] INFO  server.RaftServer (RaftServerProxy.java:addNew(96)) - 1b86d2c8-07b9-4256-9063-5eaa90b8c67a: addNew group-B32C27877F27:[5e693bd7-32aa-42e7-99b2-0294dbaef363|rpc:10.1.0.70:37609|dataStream:10.1.0.70:36051|priority:0|startupRole:FOLLOWER, 1b86d2c8-07b9-4256-9063-5eaa90b8c67a|rpc:10.1.0.70:42043|dataStream:10.1.0.70:39397|priority:0|startupRole:FOLLOWER, 1c712de1-3a3e-422e-b3d0-30fcd422e487|rpc:10.1.0.70:35255|dataStream:10.1.0.70:45841|priority:1|startupRole:FOLLOWER] returns group-B32C27877F27:java.util.concurrent.CompletableFuture@60b9b502[Not completed]
2023-04-11 17:19:48,089 [pool-704-thread-1] INFO  server.RaftServer$Division (RaftServerImpl.java:<init>(195)) - 1b86d2c8-07b9-4256-9063-5eaa90b8c67a: new RaftServerImpl for group-B32C27877F27:[5e693bd7-32aa-42e7-99b2-0294dbaef363|rpc:10.1.0.70:37609|dataStream:10.1.0.70:36051|priority:0|startupRole:FOLLOWER, 1b86d2c8-07b9-4256-9063-5eaa90b8c67a|rpc:10.1.0.70:42043|dataStream:10.1.0.70:39397|priority:0|startupRole:FOLLOWER, 1c712de1-3a3e-422e-b3d0-30fcd422e487|rpc:10.1.0.70:35255|dataStream:10.1.0.70:45841|priority:1|startupRole:FOLLOWER] with ContainerStateMachine:uninitialized
2023-04-11 17:19:48,089 [pool-704-thread-1] INFO  server.RaftServerConfigKeys (ConfUtils.java:logGet(46)) - raft.server.rpc.timeout.min = 5s (custom)
2023-04-11 17:19:48,089 [pool-704-thread-1] INFO  server.RaftServerConfigKeys (ConfUtils.java:logGet(46)) - raft.server.rpc.timeout.max = 5200ms (custom)
2023-04-11 17:19:48,089 [pool-704-thread-1] INFO  server.RaftServerConfigKeys (ConfUtils.java:logGet(46)) - raft.server.rpc.sleep.time = 25ms (default)
2023-04-11 17:19:48,089 [pool-704-thread-1] INFO  server.RaftServerConfigKeys (ConfUtils.java:logGet(46)) - raft.server.rpc.slowness.timeout = 300s (custom)
2023-04-11 17:19:48,089 [pool-704-thread-1] INFO  server.RaftServerConfigKeys (ConfUtils.java:logGet(46)) - raft.server.leaderelection.leader.step-down.wait-time = 10s (default)
2023-04-11 17:19:48,089 [pool-704-thread-1] INFO  server.RaftServerConfigKeys (ConfUtils.java:logGet(46)) - raft.server.sleep.deviation.threshold = 300ms (default)
2023-04-11 17:19:48,090 [pool-704-thread-1] INFO  server.RaftServer$Division (ServerState.java:<init>(118)) - 1b86d2c8-07b9-4256-9063-5eaa90b8c67a@group-B32C27877F27: ConfigurationManager, init=-1: peers:[5e693bd7-32aa-42e7-99b2-0294dbaef363|rpc:10.1.0.70:37609|dataStream:10.1.0.70:36051|priority:0|startupRole:FOLLOWER, 1b86d2c8-07b9-4256-9063-5eaa90b8c67a|rpc:10.1.0.70:42043|dataStream:10.1.0.70:39397|priority:0|startupRole:FOLLOWER, 1c712de1-3a3e-422e-b3d0-30fcd422e487|rpc:10.1.0.70:35255|dataStream:10.1.0.70:45841|priority:1|startupRole:FOLLOWER]|listeners:[], old=null, confs=<EMPTY_MAP>
2023-04-11 17:19:48,090 [pool-704-thread-1] INFO  server.RaftServerConfigKeys (ConfUtils.java:logGet(46)) - raft.server.storage.dir = [/home/runner/work/ozone/ozone/hadoop-ozone/integration-test/target/test-dir/MiniOzoneClusterImpl-bb159280-bf04-4f42-bb5c-99373fe8c4eb/datanode-0/data/ratis] (custom)
2023-04-11 17:19:48,090 [pool-704-thread-1] INFO  server.RaftServerConfigKeys (ConfUtils.java:logGet(46)) - raft.server.log.corruption.policy = EXCEPTION (default)
2023-04-11 17:19:48,090 [pool-704-thread-1] INFO  server.RaftServerConfigKeys (ConfUtils.java:logGet(46)) - raft.server.storage.free-space.min = 0MB (=0) (default)
2023-04-11 17:19:48,090 [pool-704-thread-1] INFO  server.RaftServerConfigKeys (ConfUtils.java:logGet(46)) - raft.server.notification.no-leader.timeout = 300s (custom)
2023-04-11 17:19:48,090 [pool-704-thread-1] INFO  server.RaftServerConfigKeys (ConfUtils.java:logGet(46)) - raft.server.retrycache.expirytime = 600000ms (custom)
2023-04-11 17:19:48,090 [pool-704-thread-1] INFO  server.RaftServerConfigKeys (ConfUtils.java:logGet(46)) - raft.server.retrycache.statistics.expirytime = 100μs (default)
2023-04-11 17:19:48,091 [pool-704-thread-1] INFO  server.RaftServerConfigKeys (ConfUtils.java:logGet(46)) - raft.server.log.appender.install.snapshot.enabled = false (custom)
2023-04-11 17:19:48,091 [pool-704-thread-1] INFO  server.RaftServerConfigKeys (ConfUtils.java:logGet(46)) - raft.server.threadpool.server.cached = true (default)
2023-04-11 17:19:48,091 [pool-704-thread-1] INFO  server.RaftServerConfigKeys (ConfUtils.java:logGet(46)) - raft.server.threadpool.server.size = 0 (default)
2023-04-11 17:19:48,091 [pool-704-thread-1] INFO  server.RaftServerConfigKeys (ConfUtils.java:logGet(46)) - raft.server.threadpool.client.cached = true (default)
2023-04-11 17:19:48,091 [pool-704-thread-1] INFO  server.RaftServerConfigKeys (ConfUtils.java:logGet(46)) - raft.server.threadpool.client.size = 0 (default)
2023-04-11 17:19:48,091 [pool-704-thread-1] INFO  storage.RaftStorageDirectory (RaftStorageDirectoryImpl.java:analyzeStorage(137)) - The storage directory /home/runner/work/ozone/ozone/hadoop-ozone/integration-test/target/test-dir/MiniOzoneClusterImpl-bb159280-bf04-4f42-bb5c-99373fe8c4eb/datanode-0/data/ratis/89f7a5f1-2b1d-4c14-8676-b32c27877f27 does not exist. Creating ...
2023-04-11 17:19:48,092 [pool-704-thread-1] INFO  storage.RaftStorageDirectory (RaftStorageDirectoryImpl.java:tryLock(231)) - Lock on /home/runner/work/ozone/ozone/hadoop-ozone/integration-test/target/test-dir/MiniOzoneClusterImpl-bb159280-bf04-4f42-bb5c-99373fe8c4eb/datanode-0/data/ratis/89f7a5f1-2b1d-4c14-8676-b32c27877f27/in_use.lock acquired by nodename 52175@fv-az377-102
2023-04-11 17:19:48,093 [pool-704-thread-1] INFO  storage.RaftStorage (RaftStorageImpl.java:format(96)) - Storage directory /home/runner/work/ozone/ozone/hadoop-ozone/integration-test/target/test-dir/MiniOzoneClusterImpl-bb159280-bf04-4f42-bb5c-99373fe8c4eb/datanode-0/data/ratis/89f7a5f1-2b1d-4c14-8676-b32c27877f27 has been successfully formatted.
2023-04-11 17:19:48,094 [pool-704-thread-1] INFO  ratis.ContainerStateMachine (ContainerStateMachine.java:loadSnapshot(262)) - group-B32C27877F27: The snapshot info is null. Setting the last applied indexto:(t:0, i:~)
2023-04-11 17:19:48,094 [pool-704-thread-1] INFO  server.RaftServerConfigKeys (ConfUtils.java:logGet(46)) - raft.server.log.use.memory = false (default)
2023-04-11 17:19:48,094 [pool-704-thread-1] INFO  server.RaftServerConfigKeys (ConfUtils.java:logGet(46)) - raft.server.log.purge.gap = 1000000 (custom)
2023-04-11 17:19:48,094 [pool-704-thread-1] INFO  server.RaftServerConfigKeys (ConfUtils.java:logGet(46)) - raft.server.log.appender.buffer.byte-limit = 33554432 (custom)
2023-04-11 17:19:48,094 [pool-704-thread-1] INFO  server.RaftServerConfigKeys (ConfUtils.java:logGet(46)) - raft.server.log.statemachine.data.read.timeout = 1000ms (default)
2023-04-11 17:19:48,095 [EventQueue-OpenPipelineForHealthyPipelineSafeModeRule] INFO  safemode.SCMSafeModeManager (HealthyPipelineSafeModeRule.java:process(137)) - SCM in safe mode. Healthy pipelines reported count is 0, required healthy pipeline reported count is 1
2023-04-11 17:19:48,095 [pool-704-thread-1] INFO  server.RaftServerConfigKeys (ConfUtils.java:logGet(46)) - raft.server.log.purge.preservation.log.num = 0 (default)
2023-04-11 17:19:48,095 [pool-704-thread-1] INFO  server.RaftServerConfigKeys (ConfUtils.java:logGet(46)) - raft.server.log.segment.size.max = 1048576 (custom)
2023-04-11 17:19:48,095 [pool-704-thread-1] INFO  server.RaftServerConfigKeys (ConfUtils.java:logGet(46)) - raft.server.log.segment.cache.num.max = 2 (custom)
2023-04-11 17:19:48,095 [pool-704-thread-1] INFO  server.RaftServerConfigKeys (ConfUtils.java:logGet(46)) - raft.server.log.segment.cache.size.max = 200MB (=209715200) (default)
2023-04-11 17:19:48,095 [pool-704-thread-1] INFO  segmented.SegmentedRaftLogWorker (SegmentedRaftLogWorker.java:<init>(189)) - new 1b86d2c8-07b9-4256-9063-5eaa90b8c67a@group-B32C27877F27-SegmentedRaftLogWorker for RaftStorageImpl:Storage Directory /home/runner/work/ozone/ozone/hadoop-ozone/integration-test/target/test-dir/MiniOzoneClusterImpl-bb159280-bf04-4f42-bb5c-99373fe8c4eb/datanode-0/data/ratis/89f7a5f1-2b1d-4c14-8676-b32c27877f27
2023-04-11 17:19:48,095 [pool-704-thread-1] INFO  server.RaftServerConfigKeys (ConfUtils.java:logGet(46)) - raft.server.log.queue.byte-limit = 4294967296 (custom)
2023-04-11 17:19:48,095 [pool-704-thread-1] INFO  server.RaftServerConfigKeys (ConfUtils.java:logGet(46)) - raft.server.log.queue.element-limit = 1024 (custom)
2023-04-11 17:19:48,095 [pool-704-thread-1] INFO  server.RaftServerConfigKeys (ConfUtils.java:logGet(46)) - raft.server.log.segment.size.max = 1048576 (custom)
2023-04-11 17:19:48,095 [pool-704-thread-1] INFO  server.RaftServerConfigKeys (ConfUtils.java:logGet(46)) - raft.server.log.preallocated.size = 16384 (custom)
2023-04-11 17:19:48,095 [pool-704-thread-1] INFO  server.RaftServerConfigKeys (ConfUtils.java:logGet(46)) - raft.server.log.force.sync.num = 128 (default)
2023-04-11 17:19:48,095 [pool-704-thread-1] INFO  server.RaftServerConfigKeys (ConfUtils.java:logGet(46)) - raft.server.log.statemachine.data.sync = true (default)
2023-04-11 17:19:48,096 [pool-704-thread-1] INFO  server.RaftServerConfigKeys (ConfUtils.java:logGet(46)) - raft.server.log.statemachine.data.sync.timeout = 10s (default)
2023-04-11 17:19:48,096 [pool-704-thread-1] INFO  server.RaftServerConfigKeys (ConfUtils.java:logGet(46)) - raft.server.log.statemachine.data.sync.timeout.retry = -1 (default)
2023-04-11 17:19:48,096 [pool-704-thread-1] INFO  server.RaftServerConfigKeys (ConfUtils.java:logGet(46)) - raft.server.log.write.buffer.size = 1048576 (custom)
2023-04-11 17:19:48,097 [pool-704-thread-1] INFO  server.RaftServerConfigKeys (ConfUtils.java:logGet(46)) - raft.server.log.appender.buffer.byte-limit = 33554432 (custom)
2023-04-11 17:19:48,164 [pool-704-thread-1] INFO  server.RaftServerConfigKeys (ConfUtils.java:logGet(46)) - raft.server.log.unsafe-flush.enabled = false (default)
2023-04-11 17:19:48,164 [pool-704-thread-1] INFO  server.RaftServerConfigKeys (ConfUtils.java:logGet(46)) - raft.server.log.async-flush.enabled = false (default)
2023-04-11 17:19:48,164 [pool-704-thread-1] INFO  server.RaftServerConfigKeys (ConfUtils.java:logGet(46)) - raft.server.log.statemachine.data.caching.enabled = true (custom)
2023-04-11 17:19:48,164 [pool-704-thread-1] INFO  segmented.SegmentedRaftLogWorker (SegmentedRaftLogWorker.java:lambda$new$0(135)) - 1b86d2c8-07b9-4256-9063-5eaa90b8c67a@group-B32C27877F27-SegmentedRaftLogWorker: flushIndex: setUnconditionally 0 -> -1
2023-04-11 17:19:48,165 [pool-704-thread-1] INFO  segmented.SegmentedRaftLogWorker (SegmentedRaftLogWorker.java:lambda$new$0(135)) - 1b86d2c8-07b9-4256-9063-5eaa90b8c67a@group-B32C27877F27-SegmentedRaftLogWorker: safeCacheEvictIndex: setUnconditionally 0 -> -1
2023-04-11 17:19:48,166 [pool-704-thread-1] INFO  server.RaftServer$Division (RaftServerImpl.java:start(334)) - 1b86d2c8-07b9-4256-9063-5eaa90b8c67a@group-B32C27877F27: start as a follower, conf=-1: peers:[5e693bd7-32aa-42e7-99b2-0294dbaef363|rpc:10.1.0.70:37609|dataStream:10.1.0.70:36051|priority:0|startupRole:FOLLOWER, 1b86d2c8-07b9-4256-9063-5eaa90b8c67a|rpc:10.1.0.70:42043|dataStream:10.1.0.70:39397|priority:0|startupRole:FOLLOWER, 1c712de1-3a3e-422e-b3d0-30fcd422e487|rpc:10.1.0.70:35255|dataStream:10.1.0.70:45841|priority:1|startupRole:FOLLOWER]|listeners:[], old=null
2023-04-11 17:19:48,166 [pool-704-thread-1] INFO  server.RaftServer$Division (RaftServerImpl.java:setRole(321)) - 1b86d2c8-07b9-4256-9063-5eaa90b8c67a@group-B32C27877F27: changes role from      null to FOLLOWER at term 0 for startAsFollower
2023-04-11 17:19:48,166 [pool-704-thread-1] INFO  impl.RoleInfo (RoleInfo.java:updateAndGet(139)) - 1b86d2c8-07b9-4256-9063-5eaa90b8c67a: start 1b86d2c8-07b9-4256-9063-5eaa90b8c67a@group-B32C27877F27-FollowerState
2023-04-11 17:19:48,168 [pool-704-thread-1] INFO  util.JmxRegister (JmxRegister.java:tryRegister(44)) - Successfully registered JMX Bean with object name Ratis:service=RaftServer,group=group-B32C27877F27,id=1b86d2c8-07b9-4256-9063-5eaa90b8c67a
2023-04-11 17:19:48,168 [pool-704-thread-1] INFO  server.RaftServerConfigKeys (ConfUtils.java:logGet(46)) - raft.server.snapshot.auto.trigger.enabled = true (custom)
2023-04-11 17:19:48,168 [pool-704-thread-1] INFO  server.RaftServerConfigKeys (ConfUtils.java:logGet(46)) - raft.server.snapshot.auto.trigger.threshold = 10000 (custom)
2023-04-11 17:19:48,172 [pool-704-thread-1] INFO  server.RaftServerConfigKeys (ConfUtils.java:logGet(46)) - raft.server.snapshot.retention.file.num = 5 (custom)
2023-04-11 17:19:48,173 [pool-704-thread-1] INFO  server.RaftServerConfigKeys (ConfUtils.java:logGet(46)) - raft.server.log.purge.upto.snapshot.index = false (default)
2023-04-11 17:19:48,171 [1b86d2c8-07b9-4256-9063-5eaa90b8c67a@group-B32C27877F27-FollowerState] INFO  server.RaftServerConfigKeys (ConfUtils.java:logFallback(53)) - raft.server.rpc.first-election.timeout.min = 5s (fallback to raft.server.rpc.timeout.min)
2023-04-11 17:19:48,174 [Command processor thread] INFO  ratis.XceiverServerRatis (XceiverServerRatis.java:addGroup(806)) - Created group PipelineID=89f7a5f1-2b1d-4c14-8676-b32c27877f27
2023-04-11 17:19:48,176 [1b86d2c8-07b9-4256-9063-5eaa90b8c67a@group-B32C27877F27-FollowerState] INFO  server.RaftServerConfigKeys (ConfUtils.java:logFallback(53)) - raft.server.rpc.first-election.timeout.max = 5200ms (fallback to raft.server.rpc.timeout.max)
2023-04-11 17:19:48,181 [grpc-default-executor-0] INFO  server.RaftServer (RaftServerProxy.java:addNew(96)) - 1c712de1-3a3e-422e-b3d0-30fcd422e487: addNew group-B32C27877F27:[5e693bd7-32aa-42e7-99b2-0294dbaef363|rpc:10.1.0.70:37609|dataStream:10.1.0.70:36051|priority:0|startupRole:FOLLOWER, 1b86d2c8-07b9-4256-9063-5eaa90b8c67a|rpc:10.1.0.70:42043|dataStream:10.1.0.70:39397|priority:0|startupRole:FOLLOWER, 1c712de1-3a3e-422e-b3d0-30fcd422e487|rpc:10.1.0.70:35255|dataStream:10.1.0.70:45841|priority:1|startupRole:FOLLOWER] returns group-B32C27877F27:java.util.concurrent.CompletableFuture@54ebf5ab[Not completed]
2023-04-11 17:19:48,182 [pool-726-thread-1] INFO  server.RaftServer$Division (RaftServerImpl.java:<init>(195)) - 1c712de1-3a3e-422e-b3d0-30fcd422e487: new RaftServerImpl for group-B32C27877F27:[5e693bd7-32aa-42e7-99b2-0294dbaef363|rpc:10.1.0.70:37609|dataStream:10.1.0.70:36051|priority:0|startupRole:FOLLOWER, 1b86d2c8-07b9-4256-9063-5eaa90b8c67a|rpc:10.1.0.70:42043|dataStream:10.1.0.70:39397|priority:0|startupRole:FOLLOWER, 1c712de1-3a3e-422e-b3d0-30fcd422e487|rpc:10.1.0.70:35255|dataStream:10.1.0.70:45841|priority:1|startupRole:FOLLOWER] with ContainerStateMachine:uninitialized
2023-04-11 17:19:48,182 [pool-726-thread-1] INFO  server.RaftServerConfigKeys (ConfUtils.java:logGet(46)) - raft.server.rpc.timeout.min = 5s (custom)
2023-04-11 17:19:48,182 [pool-726-thread-1] INFO  server.RaftServerConfigKeys (ConfUtils.java:logGet(46)) - raft.server.rpc.timeout.max = 5200ms (custom)
2023-04-11 17:19:48,182 [pool-726-thread-1] INFO  server.RaftServerConfigKeys (ConfUtils.java:logGet(46)) - raft.server.rpc.sleep.time = 25ms (default)
2023-04-11 17:19:48,182 [pool-726-thread-1] INFO  server.RaftServerConfigKeys (ConfUtils.java:logGet(46)) - raft.server.rpc.slowness.timeout = 300s (custom)
2023-04-11 17:19:48,182 [pool-726-thread-1] INFO  server.RaftServerConfigKeys (ConfUtils.java:logGet(46)) - raft.server.leaderelection.leader.step-down.wait-time = 10s (default)
2023-04-11 17:19:48,182 [pool-726-thread-1] INFO  server.RaftServerConfigKeys (ConfUtils.java:logGet(46)) - raft.server.sleep.deviation.threshold = 300ms (default)
2023-04-11 17:19:48,182 [pool-726-thread-1] INFO  server.RaftServer$Division (ServerState.java:<init>(118)) - 1c712de1-3a3e-422e-b3d0-30fcd422e487@group-B32C27877F27: ConfigurationManager, init=-1: peers:[5e693bd7-32aa-42e7-99b2-0294dbaef363|rpc:10.1.0.70:37609|dataStream:10.1.0.70:36051|priority:0|startupRole:FOLLOWER, 1b86d2c8-07b9-4256-9063-5eaa90b8c67a|rpc:10.1.0.70:42043|dataStream:10.1.0.70:39397|priority:0|startupRole:FOLLOWER, 1c712de1-3a3e-422e-b3d0-30fcd422e487|rpc:10.1.0.70:35255|dataStream:10.1.0.70:45841|priority:1|startupRole:FOLLOWER]|listeners:[], old=null, confs=<EMPTY_MAP>
2023-04-11 17:19:48,182 [pool-726-thread-1] INFO  server.RaftServerConfigKeys (ConfUtils.java:logGet(46)) - raft.server.storage.dir = [/home/runner/work/ozone/ozone/hadoop-ozone/integration-test/target/test-dir/MiniOzoneClusterImpl-bb159280-bf04-4f42-bb5c-99373fe8c4eb/datanode-1/data/ratis] (custom)
2023-04-11 17:19:48,183 [pool-726-thread-1] INFO  server.RaftServerConfigKeys (ConfUtils.java:logGet(46)) - raft.server.log.corruption.policy = EXCEPTION (default)
2023-04-11 17:19:48,183 [pool-726-thread-1] INFO  server.RaftServerConfigKeys (ConfUtils.java:logGet(46)) - raft.server.storage.free-space.min = 0MB (=0) (default)
2023-04-11 17:19:48,183 [pool-726-thread-1] INFO  server.RaftServerConfigKeys (ConfUtils.java:logGet(46)) - raft.server.notification.no-leader.timeout = 300s (custom)
2023-04-11 17:19:48,183 [pool-726-thread-1] INFO  server.RaftServerConfigKeys (ConfUtils.java:logGet(46)) - raft.server.retrycache.expirytime = 600000ms (custom)
2023-04-11 17:19:48,183 [pool-726-thread-1] INFO  server.RaftServerConfigKeys (ConfUtils.java:logGet(46)) - raft.server.retrycache.statistics.expirytime = 100μs (default)
2023-04-11 17:19:48,183 [pool-726-thread-1] INFO  server.RaftServerConfigKeys (ConfUtils.java:logGet(46)) - raft.server.log.appender.install.snapshot.enabled = false (custom)
2023-04-11 17:19:48,183 [pool-726-thread-1] INFO  server.RaftServerConfigKeys (ConfUtils.java:logGet(46)) - raft.server.threadpool.server.cached = true (default)
2023-04-11 17:19:48,183 [pool-726-thread-1] INFO  server.RaftServerConfigKeys (ConfUtils.java:logGet(46)) - raft.server.threadpool.server.size = 0 (default)
2023-04-11 17:19:48,183 [pool-726-thread-1] INFO  server.RaftServerConfigKeys (ConfUtils.java:logGet(46)) - raft.server.threadpool.client.cached = true (default)
2023-04-11 17:19:48,183 [pool-726-thread-1] INFO  server.RaftServerConfigKeys (ConfUtils.java:logGet(46)) - raft.server.threadpool.client.size = 0 (default)
2023-04-11 17:19:48,184 [pool-726-thread-1] INFO  storage.RaftStorageDirectory (RaftStorageDirectoryImpl.java:analyzeStorage(137)) - The storage directory /home/runner/work/ozone/ozone/hadoop-ozone/integration-test/target/test-dir/MiniOzoneClusterImpl-bb159280-bf04-4f42-bb5c-99373fe8c4eb/datanode-1/data/ratis/89f7a5f1-2b1d-4c14-8676-b32c27877f27 does not exist. Creating ...
2023-04-11 17:19:48,185 [pool-726-thread-1] INFO  storage.RaftStorageDirectory (RaftStorageDirectoryImpl.java:tryLock(231)) - Lock on /home/runner/work/ozone/ozone/hadoop-ozone/integration-test/target/test-dir/MiniOzoneClusterImpl-bb159280-bf04-4f42-bb5c-99373fe8c4eb/datanode-1/data/ratis/89f7a5f1-2b1d-4c14-8676-b32c27877f27/in_use.lock acquired by nodename 52175@fv-az377-102
2023-04-11 17:19:48,186 [pool-726-thread-1] INFO  storage.RaftStorage (RaftStorageImpl.java:format(96)) - Storage directory /home/runner/work/ozone/ozone/hadoop-ozone/integration-test/target/test-dir/MiniOzoneClusterImpl-bb159280-bf04-4f42-bb5c-99373fe8c4eb/datanode-1/data/ratis/89f7a5f1-2b1d-4c14-8676-b32c27877f27 has been successfully formatted.
2023-04-11 17:19:48,187 [pool-726-thread-1] INFO  ratis.ContainerStateMachine (ContainerStateMachine.java:loadSnapshot(262)) - group-B32C27877F27: The snapshot info is null. Setting the last applied indexto:(t:0, i:~)
2023-04-11 17:19:48,187 [pool-726-thread-1] INFO  server.RaftServerConfigKeys (ConfUtils.java:logGet(46)) - raft.server.log.use.memory = false (default)
2023-04-11 17:19:48,187 [pool-726-thread-1] INFO  server.RaftServerConfigKeys (ConfUtils.java:logGet(46)) - raft.server.log.purge.gap = 1000000 (custom)
2023-04-11 17:19:48,187 [pool-726-thread-1] INFO  server.RaftServerConfigKeys (ConfUtils.java:logGet(46)) - raft.server.log.appender.buffer.byte-limit = 33554432 (custom)
2023-04-11 17:19:48,187 [pool-726-thread-1] INFO  server.RaftServerConfigKeys (ConfUtils.java:logGet(46)) - raft.server.log.statemachine.data.read.timeout = 1000ms (default)
2023-04-11 17:19:48,187 [pool-726-thread-1] INFO  server.RaftServerConfigKeys (ConfUtils.java:logGet(46)) - raft.server.log.purge.preservation.log.num = 0 (default)
2023-04-11 17:19:48,188 [pool-726-thread-1] INFO  server.RaftServerConfigKeys (ConfUtils.java:logGet(46)) - raft.server.log.segment.size.max = 1048576 (custom)
2023-04-11 17:19:48,188 [pool-726-thread-1] INFO  server.RaftServerConfigKeys (ConfUtils.java:logGet(46)) - raft.server.log.segment.cache.num.max = 2 (custom)
2023-04-11 17:19:48,188 [pool-726-thread-1] INFO  server.RaftServerConfigKeys (ConfUtils.java:logGet(46)) - raft.server.log.segment.cache.size.max = 200MB (=209715200) (default)
2023-04-11 17:19:48,188 [pool-726-thread-1] INFO  segmented.SegmentedRaftLogWorker (SegmentedRaftLogWorker.java:<init>(189)) - new 1c712de1-3a3e-422e-b3d0-30fcd422e487@group-B32C27877F27-SegmentedRaftLogWorker for RaftStorageImpl:Storage Directory /home/runner/work/ozone/ozone/hadoop-ozone/integration-test/target/test-dir/MiniOzoneClusterImpl-bb159280-bf04-4f42-bb5c-99373fe8c4eb/datanode-1/data/ratis/89f7a5f1-2b1d-4c14-8676-b32c27877f27
2023-04-11 17:19:48,188 [pool-726-thread-1] INFO  server.RaftServerConfigKeys (ConfUtils.java:logGet(46)) - raft.server.log.queue.byte-limit = 4294967296 (custom)
2023-04-11 17:19:48,188 [pool-726-thread-1] INFO  server.RaftServerConfigKeys (ConfUtils.java:logGet(46)) - raft.server.log.queue.element-limit = 1024 (custom)
2023-04-11 17:19:48,188 [pool-726-thread-1] INFO  server.RaftServerConfigKeys (ConfUtils.java:logGet(46)) - raft.server.log.segment.size.max = 1048576 (custom)
2023-04-11 17:19:48,188 [pool-726-thread-1] INFO  server.RaftServerConfigKeys (ConfUtils.java:logGet(46)) - raft.server.log.preallocated.size = 16384 (custom)
2023-04-11 17:19:48,188 [pool-726-thread-1] INFO  server.RaftServerConfigKeys (ConfUtils.java:logGet(46)) - raft.server.log.force.sync.num = 128 (default)
2023-04-11 17:19:48,188 [pool-726-thread-1] INFO  server.RaftServerConfigKeys (ConfUtils.java:logGet(46)) - raft.server.log.statemachine.data.sync = true (default)
2023-04-11 17:19:48,188 [pool-726-thread-1] INFO  server.RaftServerConfigKeys (ConfUtils.java:logGet(46)) - raft.server.log.statemachine.data.sync.timeout = 10s (default)
2023-04-11 17:19:48,188 [pool-726-thread-1] INFO  server.RaftServerConfigKeys (ConfUtils.java:logGet(46)) - raft.server.log.statemachine.data.sync.timeout.retry = -1 (default)
2023-04-11 17:19:48,189 [pool-726-thread-1] INFO  server.RaftServerConfigKeys (ConfUtils.java:logGet(46)) - raft.server.log.write.buffer.size = 1048576 (custom)
2023-04-11 17:19:48,189 [pool-726-thread-1] INFO  server.RaftServerConfigKeys (ConfUtils.java:logGet(46)) - raft.server.log.appender.buffer.byte-limit = 33554432 (custom)
2023-04-11 17:19:48,195 [pool-726-thread-1] INFO  server.RaftServerConfigKeys (ConfUtils.java:logGet(46)) - raft.server.log.unsafe-flush.enabled = false (default)
2023-04-11 17:19:48,195 [pool-726-thread-1] INFO  server.RaftServerConfigKeys (ConfUtils.java:logGet(46)) - raft.server.log.async-flush.enabled = false (default)
2023-04-11 17:19:48,195 [pool-726-thread-1] INFO  server.RaftServerConfigKeys (ConfUtils.java:logGet(46)) - raft.server.log.statemachine.data.caching.enabled = true (custom)
2023-04-11 17:19:48,195 [pool-726-thread-1] INFO  segmented.SegmentedRaftLogWorker (SegmentedRaftLogWorker.java:lambda$new$0(135)) - 1c712de1-3a3e-422e-b3d0-30fcd422e487@group-B32C27877F27-SegmentedRaftLogWorker: flushIndex: setUnconditionally 0 -> -1
2023-04-11 17:19:48,195 [pool-726-thread-1] INFO  segmented.SegmentedRaftLogWorker (SegmentedRaftLogWorker.java:lambda$new$0(135)) - 1c712de1-3a3e-422e-b3d0-30fcd422e487@group-B32C27877F27-SegmentedRaftLogWorker: safeCacheEvictIndex: setUnconditionally 0 -> -1
2023-04-11 17:19:48,196 [pool-726-thread-1] INFO  server.RaftServer$Division (RaftServerImpl.java:start(334)) - 1c712de1-3a3e-422e-b3d0-30fcd422e487@group-B32C27877F27: start as a follower, conf=-1: peers:[5e693bd7-32aa-42e7-99b2-0294dbaef363|rpc:10.1.0.70:37609|dataStream:10.1.0.70:36051|priority:0|startupRole:FOLLOWER, 1b86d2c8-07b9-4256-9063-5eaa90b8c67a|rpc:10.1.0.70:42043|dataStream:10.1.0.70:39397|priority:0|startupRole:FOLLOWER, 1c712de1-3a3e-422e-b3d0-30fcd422e487|rpc:10.1.0.70:35255|dataStream:10.1.0.70:45841|priority:1|startupRole:FOLLOWER]|listeners:[], old=null
2023-04-11 17:19:48,196 [pool-726-thread-1] INFO  server.RaftServer$Division (RaftServerImpl.java:setRole(321)) - 1c712de1-3a3e-422e-b3d0-30fcd422e487@group-B32C27877F27: changes role from      null to FOLLOWER at term 0 for startAsFollower
2023-04-11 17:19:48,196 [pool-726-thread-1] INFO  impl.RoleInfo (RoleInfo.java:updateAndGet(139)) - 1c712de1-3a3e-422e-b3d0-30fcd422e487: start 1c712de1-3a3e-422e-b3d0-30fcd422e487@group-B32C27877F27-FollowerState
2023-04-11 17:19:48,196 [pool-726-thread-1] INFO  util.JmxRegister (JmxRegister.java:tryRegister(44)) - Successfully registered JMX Bean with object name Ratis:service=RaftServer,group=group-B32C27877F27,id=1c712de1-3a3e-422e-b3d0-30fcd422e487
2023-04-11 17:19:48,196 [1c712de1-3a3e-422e-b3d0-30fcd422e487@group-B32C27877F27-FollowerState] INFO  server.RaftServerConfigKeys (ConfUtils.java:logFallback(53)) - raft.server.rpc.first-election.timeout.min = 5s (fallback to raft.server.rpc.timeout.min)
2023-04-11 17:19:48,196 [pool-726-thread-1] INFO  server.RaftServerConfigKeys (ConfUtils.java:logGet(46)) - raft.server.snapshot.auto.trigger.enabled = true (custom)
2023-04-11 17:19:48,196 [1c712de1-3a3e-422e-b3d0-30fcd422e487@group-B32C27877F27-FollowerState] INFO  server.RaftServerConfigKeys (ConfUtils.java:logFallback(53)) - raft.server.rpc.first-election.timeout.max = 5200ms (fallback to raft.server.rpc.timeout.max)
2023-04-11 17:19:48,196 [pool-726-thread-1] INFO  server.RaftServerConfigKeys (ConfUtils.java:logGet(46)) - raft.server.snapshot.auto.trigger.threshold = 10000 (custom)
2023-04-11 17:19:48,196 [pool-726-thread-1] INFO  server.RaftServerConfigKeys (ConfUtils.java:logGet(46)) - raft.server.snapshot.retention.file.num = 5 (custom)
2023-04-11 17:19:48,196 [pool-726-thread-1] INFO  server.RaftServerConfigKeys (ConfUtils.java:logGet(46)) - raft.server.log.purge.upto.snapshot.index = false (default)
2023-04-11 17:19:48,209 [grpc-default-executor-0] INFO  server.RaftServer (RaftServerProxy.java:addNew(96)) - 5e693bd7-32aa-42e7-99b2-0294dbaef363: addNew group-B32C27877F27:[5e693bd7-32aa-42e7-99b2-0294dbaef363|rpc:10.1.0.70:37609|dataStream:10.1.0.70:36051|priority:0|startupRole:FOLLOWER, 1b86d2c8-07b9-4256-9063-5eaa90b8c67a|rpc:10.1.0.70:42043|dataStream:10.1.0.70:39397|priority:0|startupRole:FOLLOWER, 1c712de1-3a3e-422e-b3d0-30fcd422e487|rpc:10.1.0.70:35255|dataStream:10.1.0.70:45841|priority:1|startupRole:FOLLOWER] returns group-B32C27877F27:java.util.concurrent.CompletableFuture@5ded7dea[Not completed]
2023-04-11 17:19:48,209 [pool-748-thread-1] INFO  server.RaftServer$Division (RaftServerImpl.java:<init>(195)) - 5e693bd7-32aa-42e7-99b2-0294dbaef363: new RaftServerImpl for group-B32C27877F27:[5e693bd7-32aa-42e7-99b2-0294dbaef363|rpc:10.1.0.70:37609|dataStream:10.1.0.70:36051|priority:0|startupRole:FOLLOWER, 1b86d2c8-07b9-4256-9063-5eaa90b8c67a|rpc:10.1.0.70:42043|dataStream:10.1.0.70:39397|priority:0|startupRole:FOLLOWER, 1c712de1-3a3e-422e-b3d0-30fcd422e487|rpc:10.1.0.70:35255|dataStream:10.1.0.70:45841|priority:1|startupRole:FOLLOWER] with ContainerStateMachine:uninitialized
2023-04-11 17:19:48,209 [pool-748-thread-1] INFO  server.RaftServerConfigKeys (ConfUtils.java:logGet(46)) - raft.server.rpc.timeout.min = 5s (custom)
2023-04-11 17:19:48,209 [pool-748-thread-1] INFO  server.RaftServerConfigKeys (ConfUtils.java:logGet(46)) - raft.server.rpc.timeout.max = 5200ms (custom)
2023-04-11 17:19:48,209 [pool-748-thread-1] INFO  server.RaftServerConfigKeys (ConfUtils.java:logGet(46)) - raft.server.rpc.sleep.time = 25ms (default)
2023-04-11 17:19:48,209 [pool-748-thread-1] INFO  server.RaftServerConfigKeys (ConfUtils.java:logGet(46)) - raft.server.rpc.slowness.timeout = 300s (custom)
2023-04-11 17:19:48,209 [pool-748-thread-1] INFO  server.RaftServerConfigKeys (ConfUtils.java:logGet(46)) - raft.server.leaderelection.leader.step-down.wait-time = 10s (default)
2023-04-11 17:19:48,210 [pool-748-thread-1] INFO  server.RaftServerConfigKeys (ConfUtils.java:logGet(46)) - raft.server.sleep.deviation.threshold = 300ms (default)
2023-04-11 17:19:48,210 [pool-748-thread-1] INFO  server.RaftServer$Division (ServerState.java:<init>(118)) - 5e693bd7-32aa-42e7-99b2-0294dbaef363@group-B32C27877F27: ConfigurationManager, init=-1: peers:[5e693bd7-32aa-42e7-99b2-0294dbaef363|rpc:10.1.0.70:37609|dataStream:10.1.0.70:36051|priority:0|startupRole:FOLLOWER, 1b86d2c8-07b9-4256-9063-5eaa90b8c67a|rpc:10.1.0.70:42043|dataStream:10.1.0.70:39397|priority:0|startupRole:FOLLOWER, 1c712de1-3a3e-422e-b3d0-30fcd422e487|rpc:10.1.0.70:35255|dataStream:10.1.0.70:45841|priority:1|startupRole:FOLLOWER]|listeners:[], old=null, confs=<EMPTY_MAP>
2023-04-11 17:19:48,210 [pool-748-thread-1] INFO  server.RaftServerConfigKeys (ConfUtils.java:logGet(46)) - raft.server.storage.dir = [/home/runner/work/ozone/ozone/hadoop-ozone/integration-test/target/test-dir/MiniOzoneClusterImpl-bb159280-bf04-4f42-bb5c-99373fe8c4eb/datanode-2/data/ratis] (custom)
2023-04-11 17:19:48,210 [pool-748-thread-1] INFO  server.RaftServerConfigKeys (ConfUtils.java:logGet(46)) - raft.server.log.corruption.policy = EXCEPTION (default)
2023-04-11 17:19:48,210 [pool-748-thread-1] INFO  server.RaftServerConfigKeys (ConfUtils.java:logGet(46)) - raft.server.storage.free-space.min = 0MB (=0) (default)
2023-04-11 17:19:48,210 [pool-748-thread-1] INFO  server.RaftServerConfigKeys (ConfUtils.java:logGet(46)) - raft.server.notification.no-leader.timeout = 300s (custom)
2023-04-11 17:19:48,210 [pool-748-thread-1] INFO  server.RaftServerConfigKeys (ConfUtils.java:logGet(46)) - raft.server.retrycache.expirytime = 600000ms (custom)
2023-04-11 17:19:48,210 [pool-748-thread-1] INFO  server.RaftServerConfigKeys (ConfUtils.java:logGet(46)) - raft.server.retrycache.statistics.expirytime = 100μs (default)
2023-04-11 17:19:48,211 [pool-748-thread-1] INFO  server.RaftServerConfigKeys (ConfUtils.java:logGet(46)) - raft.server.log.appender.install.snapshot.enabled = false (custom)
2023-04-11 17:19:48,211 [pool-748-thread-1] INFO  server.RaftServerConfigKeys (ConfUtils.java:logGet(46)) - raft.server.threadpool.server.cached = true (default)
2023-04-11 17:19:48,211 [pool-748-thread-1] INFO  server.RaftServerConfigKeys (ConfUtils.java:logGet(46)) - raft.server.threadpool.server.size = 0 (default)
2023-04-11 17:19:48,211 [pool-748-thread-1] INFO  server.RaftServerConfigKeys (ConfUtils.java:logGet(46)) - raft.server.threadpool.client.cached = true (default)
2023-04-11 17:19:48,211 [pool-748-thread-1] INFO  server.RaftServerConfigKeys (ConfUtils.java:logGet(46)) - raft.server.threadpool.client.size = 0 (default)
2023-04-11 17:19:48,211 [pool-748-thread-1] INFO  storage.RaftStorageDirectory (RaftStorageDirectoryImpl.java:analyzeStorage(137)) - The storage directory /home/runner/work/ozone/ozone/hadoop-ozone/integration-test/target/test-dir/MiniOzoneClusterImpl-bb159280-bf04-4f42-bb5c-99373fe8c4eb/datanode-2/data/ratis/89f7a5f1-2b1d-4c14-8676-b32c27877f27 does not exist. Creating ...
2023-04-11 17:19:48,212 [pool-748-thread-1] INFO  storage.RaftStorageDirectory (RaftStorageDirectoryImpl.java:tryLock(231)) - Lock on /home/runner/work/ozone/ozone/hadoop-ozone/integration-test/target/test-dir/MiniOzoneClusterImpl-bb159280-bf04-4f42-bb5c-99373fe8c4eb/datanode-2/data/ratis/89f7a5f1-2b1d-4c14-8676-b32c27877f27/in_use.lock acquired by nodename 52175@fv-az377-102
2023-04-11 17:19:48,213 [pool-748-thread-1] INFO  storage.RaftStorage (RaftStorageImpl.java:format(96)) - Storage directory /home/runner/work/ozone/ozone/hadoop-ozone/integration-test/target/test-dir/MiniOzoneClusterImpl-bb159280-bf04-4f42-bb5c-99373fe8c4eb/datanode-2/data/ratis/89f7a5f1-2b1d-4c14-8676-b32c27877f27 has been successfully formatted.
2023-04-11 17:19:48,214 [pool-748-thread-1] INFO  ratis.ContainerStateMachine (ContainerStateMachine.java:loadSnapshot(262)) - group-B32C27877F27: The snapshot info is null. Setting the last applied indexto:(t:0, i:~)
2023-04-11 17:19:48,214 [pool-748-thread-1] INFO  server.RaftServerConfigKeys (ConfUtils.java:logGet(46)) - raft.server.log.use.memory = false (default)
2023-04-11 17:19:48,214 [pool-748-thread-1] INFO  server.RaftServerConfigKeys (ConfUtils.java:logGet(46)) - raft.server.log.purge.gap = 1000000 (custom)
2023-04-11 17:19:48,214 [pool-748-thread-1] INFO  server.RaftServerConfigKeys (ConfUtils.java:logGet(46)) - raft.server.log.appender.buffer.byte-limit = 33554432 (custom)
2023-04-11 17:19:48,214 [pool-748-thread-1] INFO  server.RaftServerConfigKeys (ConfUtils.java:logGet(46)) - raft.server.log.statemachine.data.read.timeout = 1000ms (default)
2023-04-11 17:19:48,214 [pool-748-thread-1] INFO  server.RaftServerConfigKeys (ConfUtils.java:logGet(46)) - raft.server.log.purge.preservation.log.num = 0 (default)
2023-04-11 17:19:48,215 [pool-748-thread-1] INFO  server.RaftServerConfigKeys (ConfUtils.java:logGet(46)) - raft.server.log.segment.size.max = 1048576 (custom)
2023-04-11 17:19:48,215 [pool-748-thread-1] INFO  server.RaftServerConfigKeys (ConfUtils.java:logGet(46)) - raft.server.log.segment.cache.num.max = 2 (custom)
2023-04-11 17:19:48,215 [pool-748-thread-1] INFO  server.RaftServerConfigKeys (ConfUtils.java:logGet(46)) - raft.server.log.segment.cache.size.max = 200MB (=209715200) (default)
2023-04-11 17:19:48,215 [pool-748-thread-1] INFO  segmented.SegmentedRaftLogWorker (SegmentedRaftLogWorker.java:<init>(189)) - new 5e693bd7-32aa-42e7-99b2-0294dbaef363@group-B32C27877F27-SegmentedRaftLogWorker for RaftStorageImpl:Storage Directory /home/runner/work/ozone/ozone/hadoop-ozone/integration-test/target/test-dir/MiniOzoneClusterImpl-bb159280-bf04-4f42-bb5c-99373fe8c4eb/datanode-2/data/ratis/89f7a5f1-2b1d-4c14-8676-b32c27877f27
2023-04-11 17:19:48,215 [pool-748-thread-1] INFO  server.RaftServerConfigKeys (ConfUtils.java:logGet(46)) - raft.server.log.queue.byte-limit = 4294967296 (custom)
2023-04-11 17:19:48,215 [pool-748-thread-1] INFO  server.RaftServerConfigKeys (ConfUtils.java:logGet(46)) - raft.server.log.queue.element-limit = 1024 (custom)
2023-04-11 17:19:48,215 [pool-748-thread-1] INFO  server.RaftServerConfigKeys (ConfUtils.java:logGet(46)) - raft.server.log.segment.size.max = 1048576 (custom)
2023-04-11 17:19:48,215 [pool-748-thread-1] INFO  server.RaftServerConfigKeys (ConfUtils.java:logGet(46)) - raft.server.log.preallocated.size = 16384 (custom)
2023-04-11 17:19:48,215 [pool-748-thread-1] INFO  server.RaftServerConfigKeys (ConfUtils.java:logGet(46)) - raft.server.log.force.sync.num = 128 (default)
2023-04-11 17:19:48,215 [pool-748-thread-1] INFO  server.RaftServerConfigKeys (ConfUtils.java:logGet(46)) - raft.server.log.statemachine.data.sync = true (default)
2023-04-11 17:19:48,215 [pool-748-thread-1] INFO  server.RaftServerConfigKeys (ConfUtils.java:logGet(46)) - raft.server.log.statemachine.data.sync.timeout = 10s (default)
2023-04-11 17:19:48,215 [pool-748-thread-1] INFO  server.RaftServerConfigKeys (ConfUtils.java:logGet(46)) - raft.server.log.statemachine.data.sync.timeout.retry = -1 (default)
2023-04-11 17:19:48,216 [pool-748-thread-1] INFO  server.RaftServerConfigKeys (ConfUtils.java:logGet(46)) - raft.server.log.write.buffer.size = 1048576 (custom)
2023-04-11 17:19:48,216 [pool-748-thread-1] INFO  server.RaftServerConfigKeys (ConfUtils.java:logGet(46)) - raft.server.log.appender.buffer.byte-limit = 33554432 (custom)
2023-04-11 17:19:48,221 [pool-748-thread-1] INFO  server.RaftServerConfigKeys (ConfUtils.java:logGet(46)) - raft.server.log.unsafe-flush.enabled = false (default)
2023-04-11 17:19:48,222 [pool-748-thread-1] INFO  server.RaftServerConfigKeys (ConfUtils.java:logGet(46)) - raft.server.log.async-flush.enabled = false (default)
2023-04-11 17:19:48,222 [pool-748-thread-1] INFO  server.RaftServerConfigKeys (ConfUtils.java:logGet(46)) - raft.server.log.statemachine.data.caching.enabled = true (custom)
2023-04-11 17:19:48,222 [pool-748-thread-1] INFO  segmented.SegmentedRaftLogWorker (SegmentedRaftLogWorker.java:lambda$new$0(135)) - 5e693bd7-32aa-42e7-99b2-0294dbaef363@group-B32C27877F27-SegmentedRaftLogWorker: flushIndex: setUnconditionally 0 -> -1
2023-04-11 17:19:48,222 [pool-748-thread-1] INFO  segmented.SegmentedRaftLogWorker (SegmentedRaftLogWorker.java:lambda$new$0(135)) - 5e693bd7-32aa-42e7-99b2-0294dbaef363@group-B32C27877F27-SegmentedRaftLogWorker: safeCacheEvictIndex: setUnconditionally 0 -> -1
2023-04-11 17:19:48,222 [pool-748-thread-1] INFO  server.RaftServer$Division (RaftServerImpl.java:start(334)) - 5e693bd7-32aa-42e7-99b2-0294dbaef363@group-B32C27877F27: start as a follower, conf=-1: peers:[5e693bd7-32aa-42e7-99b2-0294dbaef363|rpc:10.1.0.70:37609|dataStream:10.1.0.70:36051|priority:0|startupRole:FOLLOWER, 1b86d2c8-07b9-4256-9063-5eaa90b8c67a|rpc:10.1.0.70:42043|dataStream:10.1.0.70:39397|priority:0|startupRole:FOLLOWER, 1c712de1-3a3e-422e-b3d0-30fcd422e487|rpc:10.1.0.70:35255|dataStream:10.1.0.70:45841|priority:1|startupRole:FOLLOWER]|listeners:[], old=null
2023-04-11 17:19:48,222 [pool-748-thread-1] INFO  server.RaftServer$Division (RaftServerImpl.java:setRole(321)) - 5e693bd7-32aa-42e7-99b2-0294dbaef363@group-B32C27877F27: changes role from      null to FOLLOWER at term 0 for startAsFollower
2023-04-11 17:19:48,222 [pool-748-thread-1] INFO  impl.RoleInfo (RoleInfo.java:updateAndGet(139)) - 5e693bd7-32aa-42e7-99b2-0294dbaef363: start 5e693bd7-32aa-42e7-99b2-0294dbaef363@group-B32C27877F27-FollowerState
2023-04-11 17:19:48,232 [pool-748-thread-1] INFO  util.JmxRegister (JmxRegister.java:tryRegister(44)) - Successfully registered JMX Bean with object name Ratis:service=RaftServer,group=group-B32C27877F27,id=5e693bd7-32aa-42e7-99b2-0294dbaef363
2023-04-11 17:19:48,232 [pool-748-thread-1] INFO  server.RaftServerConfigKeys (ConfUtils.java:logGet(46)) - raft.server.snapshot.auto.trigger.enabled = true (custom)
2023-04-11 17:19:48,232 [pool-748-thread-1] INFO  server.RaftServerConfigKeys (ConfUtils.java:logGet(46)) - raft.server.snapshot.auto.trigger.threshold = 10000 (custom)
2023-04-11 17:19:48,232 [pool-748-thread-1] INFO  server.RaftServerConfigKeys (ConfUtils.java:logGet(46)) - raft.server.snapshot.retention.file.num = 5 (custom)
2023-04-11 17:19:48,232 [pool-748-thread-1] INFO  server.RaftServerConfigKeys (ConfUtils.java:logGet(46)) - raft.server.log.purge.upto.snapshot.index = false (default)
2023-04-11 17:19:48,233 [5e693bd7-32aa-42e7-99b2-0294dbaef363@group-B32C27877F27-FollowerState] INFO  server.RaftServerConfigKeys (ConfUtils.java:logFallback(53)) - raft.server.rpc.first-election.timeout.min = 5s (fallback to raft.server.rpc.timeout.min)
2023-04-11 17:19:48,233 [5e693bd7-32aa-42e7-99b2-0294dbaef363@group-B32C27877F27-FollowerState] INFO  server.RaftServerConfigKeys (ConfUtils.java:logFallback(53)) - raft.server.rpc.first-election.timeout.max = 5200ms (fallback to raft.server.rpc.timeout.max)
2023-04-11 17:19:48,241 [Command processor thread] INFO  commandhandler.CreatePipelineCommandHandler (CreatePipelineCommandHandler.java:handle(113)) - Created Pipeline RATIS THREE PipelineID=89f7a5f1-2b1d-4c14-8676-b32c27877f27.
2023-04-11 17:19:48,350 [Command processor thread] INFO  server.RaftServer (RaftServerProxy.java:addNew(96)) - 1c712de1-3a3e-422e-b3d0-30fcd422e487: addNew group-BC7335D83B61:[1c712de1-3a3e-422e-b3d0-30fcd422e487|rpc:10.1.0.70:35255|dataStream:10.1.0.70:45841|priority:1|startupRole:FOLLOWER] returns group-BC7335D83B61:java.util.concurrent.CompletableFuture@23ea7fc9[Not completed]
2023-04-11 17:19:48,350 [pool-726-thread-1] INFO  server.RaftServer$Division (RaftServerImpl.java:<init>(195)) - 1c712de1-3a3e-422e-b3d0-30fcd422e487: new RaftServerImpl for group-BC7335D83B61:[1c712de1-3a3e-422e-b3d0-30fcd422e487|rpc:10.1.0.70:35255|dataStream:10.1.0.70:45841|priority:1|startupRole:FOLLOWER] with ContainerStateMachine:uninitialized
2023-04-11 17:19:48,350 [pool-726-thread-1] INFO  server.RaftServerConfigKeys (ConfUtils.java:logGet(46)) - raft.server.rpc.timeout.min = 5s (custom)
2023-04-11 17:19:48,351 [pool-726-thread-1] INFO  server.RaftServerConfigKeys (ConfUtils.java:logGet(46)) - raft.server.rpc.timeout.max = 5200ms (custom)
2023-04-11 17:19:48,351 [pool-726-thread-1] INFO  server.RaftServerConfigKeys (ConfUtils.java:logGet(46)) - raft.server.rpc.sleep.time = 25ms (default)
2023-04-11 17:19:48,351 [pool-726-thread-1] INFO  server.RaftServerConfigKeys (ConfUtils.java:logGet(46)) - raft.server.rpc.slowness.timeout = 300s (custom)
2023-04-11 17:19:48,351 [pool-726-thread-1] INFO  server.RaftServerConfigKeys (ConfUtils.java:logGet(46)) - raft.server.leaderelection.leader.step-down.wait-time = 10s (default)
2023-04-11 17:19:48,351 [pool-726-thread-1] INFO  server.RaftServerConfigKeys (ConfUtils.java:logGet(46)) - raft.server.sleep.deviation.threshold = 300ms (default)
2023-04-11 17:19:48,351 [pool-726-thread-1] INFO  server.RaftServer$Division (ServerState.java:<init>(118)) - 1c712de1-3a3e-422e-b3d0-30fcd422e487@group-BC7335D83B61: ConfigurationManager, init=-1: peers:[1c712de1-3a3e-422e-b3d0-30fcd422e487|rpc:10.1.0.70:35255|dataStream:10.1.0.70:45841|priority:1|startupRole:FOLLOWER]|listeners:[], old=null, confs=<EMPTY_MAP>
2023-04-11 17:19:48,351 [pool-726-thread-1] INFO  server.RaftServerConfigKeys (ConfUtils.java:logGet(46)) - raft.server.storage.dir = [/home/runner/work/ozone/ozone/hadoop-ozone/integration-test/target/test-dir/MiniOzoneClusterImpl-bb159280-bf04-4f42-bb5c-99373fe8c4eb/datanode-1/data/ratis] (custom)
2023-04-11 17:19:48,351 [pool-726-thread-1] INFO  server.RaftServerConfigKeys (ConfUtils.java:logGet(46)) - raft.server.log.corruption.policy = EXCEPTION (default)
2023-04-11 17:19:48,351 [pool-726-thread-1] INFO  server.RaftServerConfigKeys (ConfUtils.java:logGet(46)) - raft.server.storage.free-space.min = 0MB (=0) (default)
2023-04-11 17:19:48,351 [pool-726-thread-1] INFO  server.RaftServerConfigKeys (ConfUtils.java:logGet(46)) - raft.server.notification.no-leader.timeout = 300s (custom)
2023-04-11 17:19:48,351 [pool-726-thread-1] INFO  server.RaftServerConfigKeys (ConfUtils.java:logGet(46)) - raft.server.retrycache.expirytime = 600000ms (custom)
2023-04-11 17:19:48,351 [pool-726-thread-1] INFO  server.RaftServerConfigKeys (ConfUtils.java:logGet(46)) - raft.server.retrycache.statistics.expirytime = 100μs (default)
2023-04-11 17:19:48,352 [pool-726-thread-1] INFO  server.RaftServerConfigKeys (ConfUtils.java:logGet(46)) - raft.server.log.appender.install.snapshot.enabled = false (custom)
2023-04-11 17:19:48,352 [pool-726-thread-1] INFO  server.RaftServerConfigKeys (ConfUtils.java:logGet(46)) - raft.server.threadpool.server.cached = true (default)
2023-04-11 17:19:48,352 [pool-726-thread-1] INFO  server.RaftServerConfigKeys (ConfUtils.java:logGet(46)) - raft.server.threadpool.server.size = 0 (default)
2023-04-11 17:19:48,352 [pool-726-thread-1] INFO  server.RaftServerConfigKeys (ConfUtils.java:logGet(46)) - raft.server.threadpool.client.cached = true (default)
2023-04-11 17:19:48,352 [pool-726-thread-1] INFO  server.RaftServerConfigKeys (ConfUtils.java:logGet(46)) - raft.server.threadpool.client.size = 0 (default)
2023-04-11 17:19:48,353 [pool-726-thread-1] INFO  storage.RaftStorageDirectory (RaftStorageDirectoryImpl.java:analyzeStorage(137)) - The storage directory /home/runner/work/ozone/ozone/hadoop-ozone/integration-test/target/test-dir/MiniOzoneClusterImpl-bb159280-bf04-4f42-bb5c-99373fe8c4eb/datanode-1/data/ratis/289c6b73-0566-4b40-9457-bc7335d83b61 does not exist. Creating ...
2023-04-11 17:19:48,354 [pool-726-thread-1] INFO  storage.RaftStorageDirectory (RaftStorageDirectoryImpl.java:tryLock(231)) - Lock on /home/runner/work/ozone/ozone/hadoop-ozone/integration-test/target/test-dir/MiniOzoneClusterImpl-bb159280-bf04-4f42-bb5c-99373fe8c4eb/datanode-1/data/ratis/289c6b73-0566-4b40-9457-bc7335d83b61/in_use.lock acquired by nodename 52175@fv-az377-102
2023-04-11 17:19:48,355 [pool-726-thread-1] INFO  storage.RaftStorage (RaftStorageImpl.java:format(96)) - Storage directory /home/runner/work/ozone/ozone/hadoop-ozone/integration-test/target/test-dir/MiniOzoneClusterImpl-bb159280-bf04-4f42-bb5c-99373fe8c4eb/datanode-1/data/ratis/289c6b73-0566-4b40-9457-bc7335d83b61 has been successfully formatted.
2023-04-11 17:19:48,356 [pool-726-thread-1] INFO  ratis.ContainerStateMachine (ContainerStateMachine.java:loadSnapshot(262)) - group-BC7335D83B61: The snapshot info is null. Setting the last applied indexto:(t:0, i:~)
2023-04-11 17:19:48,356 [pool-726-thread-1] INFO  server.RaftServerConfigKeys (ConfUtils.java:logGet(46)) - raft.server.log.use.memory = false (default)
2023-04-11 17:19:48,356 [pool-726-thread-1] INFO  server.RaftServerConfigKeys (ConfUtils.java:logGet(46)) - raft.server.log.purge.gap = 1000000 (custom)
2023-04-11 17:19:48,356 [pool-726-thread-1] INFO  server.RaftServerConfigKeys (ConfUtils.java:logGet(46)) - raft.server.log.appender.buffer.byte-limit = 33554432 (custom)
2023-04-11 17:19:48,357 [EventQueue-PipelineReportForPipelineReportHandler] INFO  pipeline.PipelineManagerImpl (PipelineManagerImpl.java:openPipeline(367)) - Pipeline Pipeline[ Id: 289c6b73-0566-4b40-9457-bc7335d83b61, Nodes: 1c712de1-3a3e-422e-b3d0-30fcd422e487(fv-az377-102.ap30g4v5sw5evmjtdmxdg2w53f.dx.internal.cloudapp.net/10.1.0.70), ReplicationConfig: RATIS/ONE, State:ALLOCATED, leaderId:1c712de1-3a3e-422e-b3d0-30fcd422e487, CreationTimestamp2023-04-11T17:19:45.359Z[Etc/UTC]] moved to OPEN state
2023-04-11 17:19:48,358 [EventQueue-OpenPipelineForHealthyPipelineSafeModeRule] INFO  safemode.SCMSafeModeManager (HealthyPipelineSafeModeRule.java:process(137)) - SCM in safe mode. Healthy pipelines reported count is 0, required healthy pipeline reported count is 1
2023-04-11 17:19:48,357 [pool-726-thread-1] INFO  server.RaftServerConfigKeys (ConfUtils.java:logGet(46)) - raft.server.log.statemachine.data.read.timeout = 1000ms (default)
2023-04-11 17:19:48,358 [pool-726-thread-1] INFO  server.RaftServerConfigKeys (ConfUtils.java:logGet(46)) - raft.server.log.purge.preservation.log.num = 0 (default)
2023-04-11 17:19:48,358 [pool-726-thread-1] INFO  server.RaftServerConfigKeys (ConfUtils.java:logGet(46)) - raft.server.log.segment.size.max = 1048576 (custom)
2023-04-11 17:19:48,358 [pool-726-thread-1] INFO  server.RaftServerConfigKeys (ConfUtils.java:logGet(46)) - raft.server.log.segment.cache.num.max = 2 (custom)
2023-04-11 17:19:48,358 [pool-726-thread-1] INFO  server.RaftServerConfigKeys (ConfUtils.java:logGet(46)) - raft.server.log.segment.cache.size.max = 200MB (=209715200) (default)
2023-04-11 17:19:48,358 [pool-726-thread-1] INFO  segmented.SegmentedRaftLogWorker (SegmentedRaftLogWorker.java:<init>(189)) - new 1c712de1-3a3e-422e-b3d0-30fcd422e487@group-BC7335D83B61-SegmentedRaftLogWorker for RaftStorageImpl:Storage Directory /home/runner/work/ozone/ozone/hadoop-ozone/integration-test/target/test-dir/MiniOzoneClusterImpl-bb159280-bf04-4f42-bb5c-99373fe8c4eb/datanode-1/data/ratis/289c6b73-0566-4b40-9457-bc7335d83b61
2023-04-11 17:19:48,359 [pool-726-thread-1] INFO  server.RaftServerConfigKeys (ConfUtils.java:logGet(46)) - raft.server.log.queue.byte-limit = 4294967296 (custom)
2023-04-11 17:19:48,359 [pool-726-thread-1] INFO  server.RaftServerConfigKeys (ConfUtils.java:logGet(46)) - raft.server.log.queue.element-limit = 1024 (custom)
2023-04-11 17:19:48,359 [pool-726-thread-1] INFO  server.RaftServerConfigKeys (ConfUtils.java:logGet(46)) - raft.server.log.segment.size.max = 1048576 (custom)
2023-04-11 17:19:48,359 [pool-726-thread-1] INFO  server.RaftServerConfigKeys (ConfUtils.java:logGet(46)) - raft.server.log.preallocated.size = 16384 (custom)
2023-04-11 17:19:48,359 [pool-726-thread-1] INFO  server.RaftServerConfigKeys (ConfUtils.java:logGet(46)) - raft.server.log.force.sync.num = 128 (default)
2023-04-11 17:19:48,359 [pool-726-thread-1] INFO  server.RaftServerConfigKeys (ConfUtils.java:logGet(46)) - raft.server.log.statemachine.data.sync = true (default)
2023-04-11 17:19:48,359 [pool-726-thread-1] INFO  server.RaftServerConfigKeys (ConfUtils.java:logGet(46)) - raft.server.log.statemachine.data.sync.timeout = 10s (default)
2023-04-11 17:19:48,359 [pool-726-thread-1] INFO  server.RaftServerConfigKeys (ConfUtils.java:logGet(46)) - raft.server.log.statemachine.data.sync.timeout.retry = -1 (default)
2023-04-11 17:19:48,359 [pool-726-thread-1] INFO  server.RaftServerConfigKeys (ConfUtils.java:logGet(46)) - raft.server.log.write.buffer.size = 1048576 (custom)
2023-04-11 17:19:48,360 [pool-726-thread-1] INFO  server.RaftServerConfigKeys (ConfUtils.java:logGet(46)) - raft.server.log.appender.buffer.byte-limit = 33554432 (custom)
2023-04-11 17:19:48,365 [pool-726-thread-1] INFO  server.RaftServerConfigKeys (ConfUtils.java:logGet(46)) - raft.server.log.unsafe-flush.enabled = false (default)
2023-04-11 17:19:48,365 [pool-726-thread-1] INFO  server.RaftServerConfigKeys (ConfUtils.java:logGet(46)) - raft.server.log.async-flush.enabled = false (default)
2023-04-11 17:19:48,365 [pool-726-thread-1] INFO  server.RaftServerConfigKeys (ConfUtils.java:logGet(46)) - raft.server.log.statemachine.data.caching.enabled = true (custom)
2023-04-11 17:19:48,366 [pool-726-thread-1] INFO  segmented.SegmentedRaftLogWorker (SegmentedRaftLogWorker.java:lambda$new$0(135)) - 1c712de1-3a3e-422e-b3d0-30fcd422e487@group-BC7335D83B61-SegmentedRaftLogWorker: flushIndex: setUnconditionally 0 -> -1
2023-04-11 17:19:48,366 [pool-726-thread-1] INFO  segmented.SegmentedRaftLogWorker (SegmentedRaftLogWorker.java:lambda$new$0(135)) - 1c712de1-3a3e-422e-b3d0-30fcd422e487@group-BC7335D83B61-SegmentedRaftLogWorker: safeCacheEvictIndex: setUnconditionally 0 -> -1
2023-04-11 17:19:48,366 [pool-726-thread-1] INFO  server.RaftServer$Division (RaftServerImpl.java:start(334)) - 1c712de1-3a3e-422e-b3d0-30fcd422e487@group-BC7335D83B61: start as a follower, conf=-1: peers:[1c712de1-3a3e-422e-b3d0-30fcd422e487|rpc:10.1.0.70:35255|dataStream:10.1.0.70:45841|priority:1|startupRole:FOLLOWER]|listeners:[], old=null
2023-04-11 17:19:48,366 [pool-726-thread-1] INFO  server.RaftServer$Division (RaftServerImpl.java:setRole(321)) - 1c712de1-3a3e-422e-b3d0-30fcd422e487@group-BC7335D83B61: changes role from      null to FOLLOWER at term 0 for startAsFollower
2023-04-11 17:19:48,366 [pool-726-thread-1] INFO  impl.RoleInfo (RoleInfo.java:updateAndGet(139)) - 1c712de1-3a3e-422e-b3d0-30fcd422e487: start 1c712de1-3a3e-422e-b3d0-30fcd422e487@group-BC7335D83B61-FollowerState
2023-04-11 17:19:48,370 [pool-726-thread-1] INFO  util.JmxRegister (JmxRegister.java:tryRegister(44)) - Successfully registered JMX Bean with object name Ratis:service=RaftServer,group=group-BC7335D83B61,id=1c712de1-3a3e-422e-b3d0-30fcd422e487
2023-04-11 17:19:48,371 [pool-726-thread-1] INFO  server.RaftServerConfigKeys (ConfUtils.java:logGet(46)) - raft.server.snapshot.auto.trigger.enabled = true (custom)
2023-04-11 17:19:48,371 [pool-726-thread-1] INFO  server.RaftServerConfigKeys (ConfUtils.java:logGet(46)) - raft.server.snapshot.auto.trigger.threshold = 10000 (custom)
2023-04-11 17:19:48,371 [pool-726-thread-1] INFO  server.RaftServerConfigKeys (ConfUtils.java:logGet(46)) - raft.server.snapshot.retention.file.num = 5 (custom)
2023-04-11 17:19:48,371 [pool-726-thread-1] INFO  server.RaftServerConfigKeys (ConfUtils.java:logGet(46)) - raft.server.log.purge.upto.snapshot.index = false (default)
2023-04-11 17:19:48,371 [Command processor thread] INFO  ratis.XceiverServerRatis (XceiverServerRatis.java:addGroup(806)) - Created group PipelineID=289c6b73-0566-4b40-9457-bc7335d83b61
2023-04-11 17:19:48,371 [Command processor thread] INFO  commandhandler.CreatePipelineCommandHandler (CreatePipelineCommandHandler.java:handle(113)) - Created Pipeline RATIS ONE PipelineID=289c6b73-0566-4b40-9457-bc7335d83b61.
2023-04-11 17:19:48,371 [1c712de1-3a3e-422e-b3d0-30fcd422e487@group-BC7335D83B61-FollowerState] INFO  server.RaftServerConfigKeys (ConfUtils.java:logFallback(53)) - raft.server.rpc.first-election.timeout.min = 5s (fallback to raft.server.rpc.timeout.min)
2023-04-11 17:19:48,371 [1c712de1-3a3e-422e-b3d0-30fcd422e487@group-BC7335D83B61-FollowerState] INFO  server.RaftServerConfigKeys (ConfUtils.java:logFallback(53)) - raft.server.rpc.first-election.timeout.max = 5200ms (fallback to raft.server.rpc.timeout.max)
2023-04-11 17:19:48,464 [Listener at 127.0.0.1/37689] INFO  ozone.MiniOzoneClusterImpl (MiniOzoneClusterImpl.java:lambda$waitForClusterToBeReady$0(222)) - Nodes are ready. Got 5 of 5 DN Heartbeats.
2023-04-11 17:19:48,464 [Listener at 127.0.0.1/37689] INFO  ozone.MiniOzoneClusterImpl (MiniOzoneClusterImpl.java:lambda$waitForClusterToBeReady$0(225)) - Waiting for cluster to exit safe mode
2023-04-11 17:19:48,464 [Listener at 127.0.0.1/37689] INFO  ozone.MiniOzoneClusterImpl (MiniOzoneClusterImpl.java:lambda$waitForClusterToBeReady$0(227)) - SCM became leader
2023-04-11 17:19:48,738 [Command processor thread] INFO  server.RaftServer (RaftServerProxy.java:addNew(96)) - 5e693bd7-32aa-42e7-99b2-0294dbaef363: addNew group-3DC308BCDC2B:[5e693bd7-32aa-42e7-99b2-0294dbaef363|rpc:10.1.0.70:37609|dataStream:10.1.0.70:36051|priority:1|startupRole:FOLLOWER] returns group-3DC308BCDC2B:java.util.concurrent.CompletableFuture@43f935cd[Not completed]
2023-04-11 17:19:48,739 [pool-748-thread-1] INFO  server.RaftServer$Division (RaftServerImpl.java:<init>(195)) - 5e693bd7-32aa-42e7-99b2-0294dbaef363: new RaftServerImpl for group-3DC308BCDC2B:[5e693bd7-32aa-42e7-99b2-0294dbaef363|rpc:10.1.0.70:37609|dataStream:10.1.0.70:36051|priority:1|startupRole:FOLLOWER] with ContainerStateMachine:uninitialized
2023-04-11 17:19:48,739 [pool-748-thread-1] INFO  server.RaftServerConfigKeys (ConfUtils.java:logGet(46)) - raft.server.rpc.timeout.min = 5s (custom)
2023-04-11 17:19:48,739 [pool-748-thread-1] INFO  server.RaftServerConfigKeys (ConfUtils.java:logGet(46)) - raft.server.rpc.timeout.max = 5200ms (custom)
2023-04-11 17:19:48,739 [pool-748-thread-1] INFO  server.RaftServerConfigKeys (ConfUtils.java:logGet(46)) - raft.server.rpc.sleep.time = 25ms (default)
2023-04-11 17:19:48,739 [pool-748-thread-1] INFO  server.RaftServerConfigKeys (ConfUtils.java:logGet(46)) - raft.server.rpc.slowness.timeout = 300s (custom)
2023-04-11 17:19:48,739 [pool-748-thread-1] INFO  server.RaftServerConfigKeys (ConfUtils.java:logGet(46)) - raft.server.leaderelection.leader.step-down.wait-time = 10s (default)
2023-04-11 17:19:48,739 [pool-748-thread-1] INFO  server.RaftServerConfigKeys (ConfUtils.java:logGet(46)) - raft.server.sleep.deviation.threshold = 300ms (default)
2023-04-11 17:19:48,739 [pool-748-thread-1] INFO  server.RaftServer$Division (ServerState.java:<init>(118)) - 5e693bd7-32aa-42e7-99b2-0294dbaef363@group-3DC308BCDC2B: ConfigurationManager, init=-1: peers:[5e693bd7-32aa-42e7-99b2-0294dbaef363|rpc:10.1.0.70:37609|dataStream:10.1.0.70:36051|priority:1|startupRole:FOLLOWER]|listeners:[], old=null, confs=<EMPTY_MAP>
2023-04-11 17:19:48,739 [pool-748-thread-1] INFO  server.RaftServerConfigKeys (ConfUtils.java:logGet(46)) - raft.server.storage.dir = [/home/runner/work/ozone/ozone/hadoop-ozone/integration-test/target/test-dir/MiniOzoneClusterImpl-bb159280-bf04-4f42-bb5c-99373fe8c4eb/datanode-2/data/ratis] (custom)
2023-04-11 17:19:48,739 [pool-748-thread-1] INFO  server.RaftServerConfigKeys (ConfUtils.java:logGet(46)) - raft.server.log.corruption.policy = EXCEPTION (default)
2023-04-11 17:19:48,739 [pool-748-thread-1] INFO  server.RaftServerConfigKeys (ConfUtils.java:logGet(46)) - raft.server.storage.free-space.min = 0MB (=0) (default)
2023-04-11 17:19:48,739 [pool-748-thread-1] INFO  server.RaftServerConfigKeys (ConfUtils.java:logGet(46)) - raft.server.notification.no-leader.timeout = 300s (custom)
2023-04-11 17:19:48,739 [pool-748-thread-1] INFO  server.RaftServerConfigKeys (ConfUtils.java:logGet(46)) - raft.server.retrycache.expirytime = 600000ms (custom)
2023-04-11 17:19:48,739 [pool-748-thread-1] INFO  server.RaftServerConfigKeys (ConfUtils.java:logGet(46)) - raft.server.retrycache.statistics.expirytime = 100μs (default)
2023-04-11 17:19:48,740 [pool-748-thread-1] INFO  server.RaftServerConfigKeys (ConfUtils.java:logGet(46)) - raft.server.log.appender.install.snapshot.enabled = false (custom)
2023-04-11 17:19:48,740 [pool-748-thread-1] INFO  server.RaftServerConfigKeys (ConfUtils.java:logGet(46)) - raft.server.threadpool.server.cached = true (default)
2023-04-11 17:19:48,740 [pool-748-thread-1] INFO  server.RaftServerConfigKeys (ConfUtils.java:logGet(46)) - raft.server.threadpool.server.size = 0 (default)
2023-04-11 17:19:48,740 [pool-748-thread-1] INFO  server.RaftServerConfigKeys (ConfUtils.java:logGet(46)) - raft.server.threadpool.client.cached = true (default)
2023-04-11 17:19:48,740 [pool-748-thread-1] INFO  server.RaftServerConfigKeys (ConfUtils.java:logGet(46)) - raft.server.threadpool.client.size = 0 (default)
2023-04-11 17:19:48,740 [pool-748-thread-1] INFO  storage.RaftStorageDirectory (RaftStorageDirectoryImpl.java:analyzeStorage(137)) - The storage directory /home/runner/work/ozone/ozone/hadoop-ozone/integration-test/target/test-dir/MiniOzoneClusterImpl-bb159280-bf04-4f42-bb5c-99373fe8c4eb/datanode-2/data/ratis/7b8b845b-38bc-4303-a9be-3dc308bcdc2b does not exist. Creating ...
2023-04-11 17:19:48,742 [pool-748-thread-1] INFO  storage.RaftStorageDirectory (RaftStorageDirectoryImpl.java:tryLock(231)) - Lock on /home/runner/work/ozone/ozone/hadoop-ozone/integration-test/target/test-dir/MiniOzoneClusterImpl-bb159280-bf04-4f42-bb5c-99373fe8c4eb/datanode-2/data/ratis/7b8b845b-38bc-4303-a9be-3dc308bcdc2b/in_use.lock acquired by nodename 52175@fv-az377-102
2023-04-11 17:19:48,743 [pool-748-thread-1] INFO  storage.RaftStorage (RaftStorageImpl.java:format(96)) - Storage directory /home/runner/work/ozone/ozone/hadoop-ozone/integration-test/target/test-dir/MiniOzoneClusterImpl-bb159280-bf04-4f42-bb5c-99373fe8c4eb/datanode-2/data/ratis/7b8b845b-38bc-4303-a9be-3dc308bcdc2b has been successfully formatted.
2023-04-11 17:19:48,744 [pool-748-thread-1] INFO  ratis.ContainerStateMachine (ContainerStateMachine.java:loadSnapshot(262)) - group-3DC308BCDC2B: The snapshot info is null. Setting the last applied indexto:(t:0, i:~)
2023-04-11 17:19:48,744 [pool-748-thread-1] INFO  server.RaftServerConfigKeys (ConfUtils.java:logGet(46)) - raft.server.log.use.memory = false (default)
2023-04-11 17:19:48,744 [pool-748-thread-1] INFO  server.RaftServerConfigKeys (ConfUtils.java:logGet(46)) - raft.server.log.purge.gap = 1000000 (custom)
2023-04-11 17:19:48,744 [pool-748-thread-1] INFO  server.RaftServerConfigKeys (ConfUtils.java:logGet(46)) - raft.server.log.appender.buffer.byte-limit = 33554432 (custom)
2023-04-11 17:19:48,744 [pool-748-thread-1] INFO  server.RaftServerConfigKeys (ConfUtils.java:logGet(46)) - raft.server.log.statemachine.data.read.timeout = 1000ms (default)
2023-04-11 17:19:48,744 [pool-748-thread-1] INFO  server.RaftServerConfigKeys (ConfUtils.java:logGet(46)) - raft.server.log.purge.preservation.log.num = 0 (default)
2023-04-11 17:19:48,744 [pool-748-thread-1] INFO  server.RaftServerConfigKeys (ConfUtils.java:logGet(46)) - raft.server.log.segment.size.max = 1048576 (custom)
2023-04-11 17:19:48,744 [pool-748-thread-1] INFO  server.RaftServerConfigKeys (ConfUtils.java:logGet(46)) - raft.server.log.segment.cache.num.max = 2 (custom)
2023-04-11 17:19:48,744 [pool-748-thread-1] INFO  server.RaftServerConfigKeys (ConfUtils.java:logGet(46)) - raft.server.log.segment.cache.size.max = 200MB (=209715200) (default)
2023-04-11 17:19:48,744 [pool-748-thread-1] INFO  segmented.SegmentedRaftLogWorker (SegmentedRaftLogWorker.java:<init>(189)) - new 5e693bd7-32aa-42e7-99b2-0294dbaef363@group-3DC308BCDC2B-SegmentedRaftLogWorker for RaftStorageImpl:Storage Directory /home/runner/work/ozone/ozone/hadoop-ozone/integration-test/target/test-dir/MiniOzoneClusterImpl-bb159280-bf04-4f42-bb5c-99373fe8c4eb/datanode-2/data/ratis/7b8b845b-38bc-4303-a9be-3dc308bcdc2b
2023-04-11 17:19:48,744 [pool-748-thread-1] INFO  server.RaftServerConfigKeys (ConfUtils.java:logGet(46)) - raft.server.log.queue.byte-limit = 4294967296 (custom)
2023-04-11 17:19:48,744 [pool-748-thread-1] INFO  server.RaftServerConfigKeys (ConfUtils.java:logGet(46)) - raft.server.log.queue.element-limit = 1024 (custom)
2023-04-11 17:19:48,744 [pool-748-thread-1] INFO  server.RaftServerConfigKeys (ConfUtils.java:logGet(46)) - raft.server.log.segment.size.max = 1048576 (custom)
2023-04-11 17:19:48,744 [pool-748-thread-1] INFO  server.RaftServerConfigKeys (ConfUtils.java:logGet(46)) - raft.server.log.preallocated.size = 16384 (custom)
2023-04-11 17:19:48,745 [pool-748-thread-1] INFO  server.RaftServerConfigKeys (ConfUtils.java:logGet(46)) - raft.server.log.force.sync.num = 128 (default)
2023-04-11 17:19:48,745 [pool-748-thread-1] INFO  server.RaftServerConfigKeys (ConfUtils.java:logGet(46)) - raft.server.log.statemachine.data.sync = true (default)
2023-04-11 17:19:48,745 [pool-748-thread-1] INFO  server.RaftServerConfigKeys (ConfUtils.java:logGet(46)) - raft.server.log.statemachine.data.sync.timeout = 10s (default)
2023-04-11 17:19:48,745 [pool-748-thread-1] INFO  server.RaftServerConfigKeys (ConfUtils.java:logGet(46)) - raft.server.log.statemachine.data.sync.timeout.retry = -1 (default)
2023-04-11 17:19:48,745 [EventQueue-PipelineReportForPipelineReportHandler] INFO  pipeline.PipelineManagerImpl (PipelineManagerImpl.java:openPipeline(367)) - Pipeline Pipeline[ Id: 7b8b845b-38bc-4303-a9be-3dc308bcdc2b, Nodes: 5e693bd7-32aa-42e7-99b2-0294dbaef363(fv-az377-102.ap30g4v5sw5evmjtdmxdg2w53f.dx.internal.cloudapp.net/10.1.0.70), ReplicationConfig: RATIS/ONE, State:ALLOCATED, leaderId:5e693bd7-32aa-42e7-99b2-0294dbaef363, CreationTimestamp2023-04-11T17:19:45.740Z[Etc/UTC]] moved to OPEN state
2023-04-11 17:19:48,745 [EventQueue-OpenPipelineForHealthyPipelineSafeModeRule] INFO  safemode.SCMSafeModeManager (HealthyPipelineSafeModeRule.java:process(137)) - SCM in safe mode. Healthy pipelines reported count is 0, required healthy pipeline reported count is 1
2023-04-11 17:19:48,746 [pool-748-thread-1] INFO  server.RaftServerConfigKeys (ConfUtils.java:logGet(46)) - raft.server.log.write.buffer.size = 1048576 (custom)
2023-04-11 17:19:48,746 [pool-748-thread-1] INFO  server.RaftServerConfigKeys (ConfUtils.java:logGet(46)) - raft.server.log.appender.buffer.byte-limit = 33554432 (custom)
2023-04-11 17:19:48,752 [pool-748-thread-1] INFO  server.RaftServerConfigKeys (ConfUtils.java:logGet(46)) - raft.server.log.unsafe-flush.enabled = false (default)
2023-04-11 17:19:48,752 [pool-748-thread-1] INFO  server.RaftServerConfigKeys (ConfUtils.java:logGet(46)) - raft.server.log.async-flush.enabled = false (default)
2023-04-11 17:19:48,752 [pool-748-thread-1] INFO  server.RaftServerConfigKeys (ConfUtils.java:logGet(46)) - raft.server.log.statemachine.data.caching.enabled = true (custom)
2023-04-11 17:19:48,752 [pool-748-thread-1] INFO  segmented.SegmentedRaftLogWorker (SegmentedRaftLogWorker.java:lambda$new$0(135)) - 5e693bd7-32aa-42e7-99b2-0294dbaef363@group-3DC308BCDC2B-SegmentedRaftLogWorker: flushIndex: setUnconditionally 0 -> -1
2023-04-11 17:19:48,752 [pool-748-thread-1] INFO  segmented.SegmentedRaftLogWorker (SegmentedRaftLogWorker.java:lambda$new$0(135)) - 5e693bd7-32aa-42e7-99b2-0294dbaef363@group-3DC308BCDC2B-SegmentedRaftLogWorker: safeCacheEvictIndex: setUnconditionally 0 -> -1
2023-04-11 17:19:48,753 [pool-748-thread-1] INFO  server.RaftServer$Division (RaftServerImpl.java:start(334)) - 5e693bd7-32aa-42e7-99b2-0294dbaef363@group-3DC308BCDC2B: start as a follower, conf=-1: peers:[5e693bd7-32aa-42e7-99b2-0294dbaef363|rpc:10.1.0.70:37609|dataStream:10.1.0.70:36051|priority:1|startupRole:FOLLOWER]|listeners:[], old=null
2023-04-11 17:19:48,753 [pool-748-thread-1] INFO  server.RaftServer$Division (RaftServerImpl.java:setRole(321)) - 5e693bd7-32aa-42e7-99b2-0294dbaef363@group-3DC308BCDC2B: changes role from      null to FOLLOWER at term 0 for startAsFollower
2023-04-11 17:19:48,753 [pool-748-thread-1] INFO  impl.RoleInfo (RoleInfo.java:updateAndGet(139)) - 5e693bd7-32aa-42e7-99b2-0294dbaef363: start 5e693bd7-32aa-42e7-99b2-0294dbaef363@group-3DC308BCDC2B-FollowerState
2023-04-11 17:19:48,753 [pool-748-thread-1] INFO  util.JmxRegister (JmxRegister.java:tryRegister(44)) - Successfully registered JMX Bean with object name Ratis:service=RaftServer,group=group-3DC308BCDC2B,id=5e693bd7-32aa-42e7-99b2-0294dbaef363
2023-04-11 17:19:48,753 [5e693bd7-32aa-42e7-99b2-0294dbaef363@group-3DC308BCDC2B-FollowerState] INFO  server.RaftServerConfigKeys (ConfUtils.java:logFallback(53)) - raft.server.rpc.first-election.timeout.min = 5s (fallback to raft.server.rpc.timeout.min)
2023-04-11 17:19:48,753 [pool-748-thread-1] INFO  server.RaftServerConfigKeys (ConfUtils.java:logGet(46)) - raft.server.snapshot.auto.trigger.enabled = true (custom)
2023-04-11 17:19:48,753 [pool-748-thread-1] INFO  server.RaftServerConfigKeys (ConfUtils.java:logGet(46)) - raft.server.snapshot.auto.trigger.threshold = 10000 (custom)
2023-04-11 17:19:48,753 [pool-748-thread-1] INFO  server.RaftServerConfigKeys (ConfUtils.java:logGet(46)) - raft.server.snapshot.retention.file.num = 5 (custom)
2023-04-11 17:19:48,753 [pool-748-thread-1] INFO  server.RaftServerConfigKeys (ConfUtils.java:logGet(46)) - raft.server.log.purge.upto.snapshot.index = false (default)
2023-04-11 17:19:48,753 [5e693bd7-32aa-42e7-99b2-0294dbaef363@group-3DC308BCDC2B-FollowerState] INFO  server.RaftServerConfigKeys (ConfUtils.java:logFallback(53)) - raft.server.rpc.first-election.timeout.max = 5200ms (fallback to raft.server.rpc.timeout.max)
2023-04-11 17:19:48,754 [Command processor thread] INFO  ratis.XceiverServerRatis (XceiverServerRatis.java:addGroup(806)) - Created group PipelineID=7b8b845b-38bc-4303-a9be-3dc308bcdc2b
2023-04-11 17:19:48,754 [Command processor thread] INFO  commandhandler.CreatePipelineCommandHandler (CreatePipelineCommandHandler.java:handle(113)) - Created Pipeline RATIS ONE PipelineID=7b8b845b-38bc-4303-a9be-3dc308bcdc2b.
2023-04-11 17:19:49,098 [Command processor thread] INFO  server.RaftServer (RaftServerProxy.java:addNew(96)) - 83a86767-9132-4ec4-b752-470247843358: addNew group-E05609910D37:[83a86767-9132-4ec4-b752-470247843358|rpc:10.1.0.70:44417|dataStream:10.1.0.70:36455|priority:1|startupRole:FOLLOWER] returns group-E05609910D37:java.util.concurrent.CompletableFuture@12623a5c[Not completed]
2023-04-11 17:19:49,099 [pool-770-thread-1] INFO  server.RaftServer$Division (RaftServerImpl.java:<init>(195)) - 83a86767-9132-4ec4-b752-470247843358: new RaftServerImpl for group-E05609910D37:[83a86767-9132-4ec4-b752-470247843358|rpc:10.1.0.70:44417|dataStream:10.1.0.70:36455|priority:1|startupRole:FOLLOWER] with ContainerStateMachine:uninitialized
2023-04-11 17:19:49,099 [pool-770-thread-1] INFO  server.RaftServerConfigKeys (ConfUtils.java:logGet(46)) - raft.server.rpc.timeout.min = 5s (custom)
2023-04-11 17:19:49,099 [pool-770-thread-1] INFO  server.RaftServerConfigKeys (ConfUtils.java:logGet(46)) - raft.server.rpc.timeout.max = 5200ms (custom)
2023-04-11 17:19:49,099 [pool-770-thread-1] INFO  server.RaftServerConfigKeys (ConfUtils.java:logGet(46)) - raft.server.rpc.sleep.time = 25ms (default)
2023-04-11 17:19:49,099 [pool-770-thread-1] INFO  server.RaftServerConfigKeys (ConfUtils.java:logGet(46)) - raft.server.rpc.slowness.timeout = 300s (custom)
2023-04-11 17:19:49,099 [pool-770-thread-1] INFO  server.RaftServerConfigKeys (ConfUtils.java:logGet(46)) - raft.server.leaderelection.leader.step-down.wait-time = 10s (default)
2023-04-11 17:19:49,099 [pool-770-thread-1] INFO  server.RaftServerConfigKeys (ConfUtils.java:logGet(46)) - raft.server.sleep.deviation.threshold = 300ms (default)
2023-04-11 17:19:49,099 [pool-770-thread-1] INFO  server.RaftServer$Division (ServerState.java:<init>(118)) - 83a86767-9132-4ec4-b752-470247843358@group-E05609910D37: ConfigurationManager, init=-1: peers:[83a86767-9132-4ec4-b752-470247843358|rpc:10.1.0.70:44417|dataStream:10.1.0.70:36455|priority:1|startupRole:FOLLOWER]|listeners:[], old=null, confs=<EMPTY_MAP>
2023-04-11 17:19:49,099 [pool-770-thread-1] INFO  server.RaftServerConfigKeys (ConfUtils.java:logGet(46)) - raft.server.storage.dir = [/home/runner/work/ozone/ozone/hadoop-ozone/integration-test/target/test-dir/MiniOzoneClusterImpl-bb159280-bf04-4f42-bb5c-99373fe8c4eb/datanode-3/data/ratis] (custom)
2023-04-11 17:19:49,100 [pool-770-thread-1] INFO  server.RaftServerConfigKeys (ConfUtils.java:logGet(46)) - raft.server.log.corruption.policy = EXCEPTION (default)
2023-04-11 17:19:49,100 [pool-770-thread-1] INFO  server.RaftServerConfigKeys (ConfUtils.java:logGet(46)) - raft.server.storage.free-space.min = 0MB (=0) (default)
2023-04-11 17:19:49,100 [pool-770-thread-1] INFO  server.RaftServerConfigKeys (ConfUtils.java:logGet(46)) - raft.server.notification.no-leader.timeout = 300s (custom)
2023-04-11 17:19:49,100 [pool-770-thread-1] INFO  server.RaftServerConfigKeys (ConfUtils.java:logGet(46)) - raft.server.retrycache.expirytime = 600000ms (custom)
2023-04-11 17:19:49,100 [pool-770-thread-1] INFO  server.RaftServerConfigKeys (ConfUtils.java:logGet(46)) - raft.server.retrycache.statistics.expirytime = 100μs (default)
2023-04-11 17:19:49,100 [pool-770-thread-1] INFO  server.RaftServerConfigKeys (ConfUtils.java:logGet(46)) - raft.server.log.appender.install.snapshot.enabled = false (custom)
2023-04-11 17:19:49,100 [pool-770-thread-1] INFO  server.RaftServerConfigKeys (ConfUtils.java:logGet(46)) - raft.server.threadpool.server.cached = true (default)
2023-04-11 17:19:49,100 [pool-770-thread-1] INFO  server.RaftServerConfigKeys (ConfUtils.java:logGet(46)) - raft.server.threadpool.server.size = 0 (default)
2023-04-11 17:19:49,101 [pool-770-thread-1] INFO  server.RaftServerConfigKeys (ConfUtils.java:logGet(46)) - raft.server.threadpool.client.cached = true (default)
2023-04-11 17:19:49,101 [pool-770-thread-1] INFO  server.RaftServerConfigKeys (ConfUtils.java:logGet(46)) - raft.server.threadpool.client.size = 0 (default)
2023-04-11 17:19:49,101 [pool-770-thread-1] INFO  storage.RaftStorageDirectory (RaftStorageDirectoryImpl.java:analyzeStorage(137)) - The storage directory /home/runner/work/ozone/ozone/hadoop-ozone/integration-test/target/test-dir/MiniOzoneClusterImpl-bb159280-bf04-4f42-bb5c-99373fe8c4eb/datanode-3/data/ratis/3c6f228a-6092-4c69-b451-e05609910d37 does not exist. Creating ...
2023-04-11 17:19:49,102 [pool-770-thread-1] INFO  storage.RaftStorageDirectory (RaftStorageDirectoryImpl.java:tryLock(231)) - Lock on /home/runner/work/ozone/ozone/hadoop-ozone/integration-test/target/test-dir/MiniOzoneClusterImpl-bb159280-bf04-4f42-bb5c-99373fe8c4eb/datanode-3/data/ratis/3c6f228a-6092-4c69-b451-e05609910d37/in_use.lock acquired by nodename 52175@fv-az377-102
2023-04-11 17:19:49,103 [pool-770-thread-1] INFO  storage.RaftStorage (RaftStorageImpl.java:format(96)) - Storage directory /home/runner/work/ozone/ozone/hadoop-ozone/integration-test/target/test-dir/MiniOzoneClusterImpl-bb159280-bf04-4f42-bb5c-99373fe8c4eb/datanode-3/data/ratis/3c6f228a-6092-4c69-b451-e05609910d37 has been successfully formatted.
2023-04-11 17:19:49,105 [pool-770-thread-1] INFO  ratis.ContainerStateMachine (ContainerStateMachine.java:loadSnapshot(262)) - group-E05609910D37: The snapshot info is null. Setting the last applied indexto:(t:0, i:~)
2023-04-11 17:19:49,105 [pool-770-thread-1] INFO  server.RaftServerConfigKeys (ConfUtils.java:logGet(46)) - raft.server.log.use.memory = false (default)
2023-04-11 17:19:49,105 [pool-770-thread-1] INFO  server.RaftServerConfigKeys (ConfUtils.java:logGet(46)) - raft.server.log.purge.gap = 1000000 (custom)
2023-04-11 17:19:49,105 [pool-770-thread-1] INFO  server.RaftServerConfigKeys (ConfUtils.java:logGet(46)) - raft.server.log.appender.buffer.byte-limit = 33554432 (custom)
2023-04-11 17:19:49,105 [pool-770-thread-1] INFO  server.RaftServerConfigKeys (ConfUtils.java:logGet(46)) - raft.server.log.statemachine.data.read.timeout = 1000ms (default)
2023-04-11 17:19:49,105 [pool-770-thread-1] INFO  server.RaftServerConfigKeys (ConfUtils.java:logGet(46)) - raft.server.log.purge.preservation.log.num = 0 (default)
2023-04-11 17:19:49,105 [pool-770-thread-1] INFO  server.RaftServerConfigKeys (ConfUtils.java:logGet(46)) - raft.server.log.segment.size.max = 1048576 (custom)
2023-04-11 17:19:49,105 [EventQueue-PipelineReportForPipelineReportHandler] INFO  pipeline.PipelineManagerImpl (PipelineManagerImpl.java:openPipeline(367)) - Pipeline Pipeline[ Id: 3c6f228a-6092-4c69-b451-e05609910d37, Nodes: 83a86767-9132-4ec4-b752-470247843358(fv-az377-102.ap30g4v5sw5evmjtdmxdg2w53f.dx.internal.cloudapp.net/10.1.0.70), ReplicationConfig: RATIS/ONE, State:ALLOCATED, leaderId:83a86767-9132-4ec4-b752-470247843358, CreationTimestamp2023-04-11T17:19:46.099Z[Etc/UTC]] moved to OPEN state
2023-04-11 17:19:49,105 [pool-770-thread-1] INFO  server.RaftServerConfigKeys (ConfUtils.java:logGet(46)) - raft.server.log.segment.cache.num.max = 2 (custom)
2023-04-11 17:19:49,105 [pool-770-thread-1] INFO  server.RaftServerConfigKeys (ConfUtils.java:logGet(46)) - raft.server.log.segment.cache.size.max = 200MB (=209715200) (default)
2023-04-11 17:19:49,106 [pool-770-thread-1] INFO  segmented.SegmentedRaftLogWorker (SegmentedRaftLogWorker.java:<init>(189)) - new 83a86767-9132-4ec4-b752-470247843358@group-E05609910D37-SegmentedRaftLogWorker for RaftStorageImpl:Storage Directory /home/runner/work/ozone/ozone/hadoop-ozone/integration-test/target/test-dir/MiniOzoneClusterImpl-bb159280-bf04-4f42-bb5c-99373fe8c4eb/datanode-3/data/ratis/3c6f228a-6092-4c69-b451-e05609910d37
2023-04-11 17:19:49,106 [pool-770-thread-1] INFO  server.RaftServerConfigKeys (ConfUtils.java:logGet(46)) - raft.server.log.queue.byte-limit = 4294967296 (custom)
2023-04-11 17:19:49,106 [pool-770-thread-1] INFO  server.RaftServerConfigKeys (ConfUtils.java:logGet(46)) - raft.server.log.queue.element-limit = 1024 (custom)
2023-04-11 17:19:49,106 [pool-770-thread-1] INFO  server.RaftServerConfigKeys (ConfUtils.java:logGet(46)) - raft.server.log.segment.size.max = 1048576 (custom)
2023-04-11 17:19:49,106 [pool-770-thread-1] INFO  server.RaftServerConfigKeys (ConfUtils.java:logGet(46)) - raft.server.log.preallocated.size = 16384 (custom)
2023-04-11 17:19:49,106 [EventQueue-OpenPipelineForHealthyPipelineSafeModeRule] INFO  safemode.SCMSafeModeManager (HealthyPipelineSafeModeRule.java:process(137)) - SCM in safe mode. Healthy pipelines reported count is 0, required healthy pipeline reported count is 1
2023-04-11 17:19:49,106 [pool-770-thread-1] INFO  server.RaftServerConfigKeys (ConfUtils.java:logGet(46)) - raft.server.log.force.sync.num = 128 (default)
2023-04-11 17:19:49,106 [pool-770-thread-1] INFO  server.RaftServerConfigKeys (ConfUtils.java:logGet(46)) - raft.server.log.statemachine.data.sync = true (default)
2023-04-11 17:19:49,106 [pool-770-thread-1] INFO  server.RaftServerConfigKeys (ConfUtils.java:logGet(46)) - raft.server.log.statemachine.data.sync.timeout = 10s (default)
2023-04-11 17:19:49,106 [pool-770-thread-1] INFO  server.RaftServerConfigKeys (ConfUtils.java:logGet(46)) - raft.server.log.statemachine.data.sync.timeout.retry = -1 (default)
2023-04-11 17:19:49,106 [pool-770-thread-1] INFO  server.RaftServerConfigKeys (ConfUtils.java:logGet(46)) - raft.server.log.write.buffer.size = 1048576 (custom)
2023-04-11 17:19:49,106 [pool-770-thread-1] INFO  server.RaftServerConfigKeys (ConfUtils.java:logGet(46)) - raft.server.log.appender.buffer.byte-limit = 33554432 (custom)
2023-04-11 17:19:49,112 [pool-770-thread-1] INFO  server.RaftServerConfigKeys (ConfUtils.java:logGet(46)) - raft.server.log.unsafe-flush.enabled = false (default)
2023-04-11 17:19:49,112 [pool-770-thread-1] INFO  server.RaftServerConfigKeys (ConfUtils.java:logGet(46)) - raft.server.log.async-flush.enabled = false (default)
2023-04-11 17:19:49,112 [pool-770-thread-1] INFO  server.RaftServerConfigKeys (ConfUtils.java:logGet(46)) - raft.server.log.statemachine.data.caching.enabled = true (custom)
2023-04-11 17:19:49,112 [pool-770-thread-1] INFO  segmented.SegmentedRaftLogWorker (SegmentedRaftLogWorker.java:lambda$new$0(135)) - 83a86767-9132-4ec4-b752-470247843358@group-E05609910D37-SegmentedRaftLogWorker: flushIndex: setUnconditionally 0 -> -1
2023-04-11 17:19:49,112 [pool-770-thread-1] INFO  segmented.SegmentedRaftLogWorker (SegmentedRaftLogWorker.java:lambda$new$0(135)) - 83a86767-9132-4ec4-b752-470247843358@group-E05609910D37-SegmentedRaftLogWorker: safeCacheEvictIndex: setUnconditionally 0 -> -1
2023-04-11 17:19:49,112 [pool-770-thread-1] INFO  server.RaftServer$Division (RaftServerImpl.java:start(334)) - 83a86767-9132-4ec4-b752-470247843358@group-E05609910D37: start as a follower, conf=-1: peers:[83a86767-9132-4ec4-b752-470247843358|rpc:10.1.0.70:44417|dataStream:10.1.0.70:36455|priority:1|startupRole:FOLLOWER]|listeners:[], old=null
2023-04-11 17:19:49,112 [pool-770-thread-1] INFO  server.RaftServer$Division (RaftServerImpl.java:setRole(321)) - 83a86767-9132-4ec4-b752-470247843358@group-E05609910D37: changes role from      null to FOLLOWER at term 0 for startAsFollower
2023-04-11 17:19:49,112 [pool-770-thread-1] INFO  impl.RoleInfo (RoleInfo.java:updateAndGet(139)) - 83a86767-9132-4ec4-b752-470247843358: start 83a86767-9132-4ec4-b752-470247843358@group-E05609910D37-FollowerState
2023-04-11 17:19:49,112 [pool-770-thread-1] INFO  util.JmxRegister (JmxRegister.java:tryRegister(44)) - Successfully registered JMX Bean with object name Ratis:service=RaftServer,group=group-E05609910D37,id=83a86767-9132-4ec4-b752-470247843358
2023-04-11 17:19:49,112 [83a86767-9132-4ec4-b752-470247843358@group-E05609910D37-FollowerState] INFO  server.RaftServerConfigKeys (ConfUtils.java:logFallback(53)) - raft.server.rpc.first-election.timeout.min = 5s (fallback to raft.server.rpc.timeout.min)
2023-04-11 17:19:49,112 [pool-770-thread-1] INFO  server.RaftServerConfigKeys (ConfUtils.java:logGet(46)) - raft.server.snapshot.auto.trigger.enabled = true (custom)
2023-04-11 17:19:49,113 [83a86767-9132-4ec4-b752-470247843358@group-E05609910D37-FollowerState] INFO  server.RaftServerConfigKeys (ConfUtils.java:logFallback(53)) - raft.server.rpc.first-election.timeout.max = 5200ms (fallback to raft.server.rpc.timeout.max)
2023-04-11 17:19:49,113 [pool-770-thread-1] INFO  server.RaftServerConfigKeys (ConfUtils.java:logGet(46)) - raft.server.snapshot.auto.trigger.threshold = 10000 (custom)
2023-04-11 17:19:49,113 [pool-770-thread-1] INFO  server.RaftServerConfigKeys (ConfUtils.java:logGet(46)) - raft.server.snapshot.retention.file.num = 5 (custom)
2023-04-11 17:19:49,113 [pool-770-thread-1] INFO  server.RaftServerConfigKeys (ConfUtils.java:logGet(46)) - raft.server.log.purge.upto.snapshot.index = false (default)
2023-04-11 17:19:49,113 [Command processor thread] INFO  ratis.XceiverServerRatis (XceiverServerRatis.java:addGroup(806)) - Created group PipelineID=3c6f228a-6092-4c69-b451-e05609910d37
2023-04-11 17:19:49,113 [Command processor thread] INFO  commandhandler.CreatePipelineCommandHandler (CreatePipelineCommandHandler.java:handle(113)) - Created Pipeline RATIS ONE PipelineID=3c6f228a-6092-4c69-b451-e05609910d37.
2023-04-11 17:19:49,465 [Listener at 127.0.0.1/37689] INFO  ozone.MiniOzoneClusterImpl (MiniOzoneClusterImpl.java:lambda$waitForClusterToBeReady$0(222)) - Nodes are ready. Got 5 of 5 DN Heartbeats.
2023-04-11 17:19:49,465 [Listener at 127.0.0.1/37689] INFO  ozone.MiniOzoneClusterImpl (MiniOzoneClusterImpl.java:lambda$waitForClusterToBeReady$0(225)) - Waiting for cluster to exit safe mode
2023-04-11 17:19:49,465 [Listener at 127.0.0.1/37689] INFO  ozone.MiniOzoneClusterImpl (MiniOzoneClusterImpl.java:lambda$waitForClusterToBeReady$0(227)) - SCM became leader
2023-04-11 17:19:49,466 [Command processor thread] INFO  server.RaftServer (RaftServerProxy.java:addNew(96)) - 1b760667-28fc-4393-96a7-267a88805411: addNew group-BCA94D0DD73F:[1b760667-28fc-4393-96a7-267a88805411|rpc:10.1.0.70:44687|dataStream:10.1.0.70:36481|priority:1|startupRole:FOLLOWER] returns group-BCA94D0DD73F:java.util.concurrent.CompletableFuture@245080f2[Not completed]
2023-04-11 17:19:49,467 [pool-792-thread-1] INFO  server.RaftServer$Division (RaftServerImpl.java:<init>(195)) - 1b760667-28fc-4393-96a7-267a88805411: new RaftServerImpl for group-BCA94D0DD73F:[1b760667-28fc-4393-96a7-267a88805411|rpc:10.1.0.70:44687|dataStream:10.1.0.70:36481|priority:1|startupRole:FOLLOWER] with ContainerStateMachine:uninitialized
2023-04-11 17:19:49,467 [pool-792-thread-1] INFO  server.RaftServerConfigKeys (ConfUtils.java:logGet(46)) - raft.server.rpc.timeout.min = 5s (custom)
2023-04-11 17:19:49,467 [pool-792-thread-1] INFO  server.RaftServerConfigKeys (ConfUtils.java:logGet(46)) - raft.server.rpc.timeout.max = 5200ms (custom)
2023-04-11 17:19:49,467 [pool-792-thread-1] INFO  server.RaftServerConfigKeys (ConfUtils.java:logGet(46)) - raft.server.rpc.sleep.time = 25ms (default)
2023-04-11 17:19:49,467 [pool-792-thread-1] INFO  server.RaftServerConfigKeys (ConfUtils.java:logGet(46)) - raft.server.rpc.slowness.timeout = 300s (custom)
2023-04-11 17:19:49,467 [pool-792-thread-1] INFO  server.RaftServerConfigKeys (ConfUtils.java:logGet(46)) - raft.server.leaderelection.leader.step-down.wait-time = 10s (default)
2023-04-11 17:19:49,467 [pool-792-thread-1] INFO  server.RaftServerConfigKeys (ConfUtils.java:logGet(46)) - raft.server.sleep.deviation.threshold = 300ms (default)
2023-04-11 17:19:49,468 [pool-792-thread-1] INFO  server.RaftServer$Division (ServerState.java:<init>(118)) - 1b760667-28fc-4393-96a7-267a88805411@group-BCA94D0DD73F: ConfigurationManager, init=-1: peers:[1b760667-28fc-4393-96a7-267a88805411|rpc:10.1.0.70:44687|dataStream:10.1.0.70:36481|priority:1|startupRole:FOLLOWER]|listeners:[], old=null, confs=<EMPTY_MAP>
2023-04-11 17:19:49,468 [pool-792-thread-1] INFO  server.RaftServerConfigKeys (ConfUtils.java:logGet(46)) - raft.server.storage.dir = [/home/runner/work/ozone/ozone/hadoop-ozone/integration-test/target/test-dir/MiniOzoneClusterImpl-bb159280-bf04-4f42-bb5c-99373fe8c4eb/datanode-4/data/ratis] (custom)
2023-04-11 17:19:49,468 [pool-792-thread-1] INFO  server.RaftServerConfigKeys (ConfUtils.java:logGet(46)) - raft.server.log.corruption.policy = EXCEPTION (default)
2023-04-11 17:19:49,468 [pool-792-thread-1] INFO  server.RaftServerConfigKeys (ConfUtils.java:logGet(46)) - raft.server.storage.free-space.min = 0MB (=0) (default)
2023-04-11 17:19:49,468 [pool-792-thread-1] INFO  server.RaftServerConfigKeys (ConfUtils.java:logGet(46)) - raft.server.notification.no-leader.timeout = 300s (custom)
2023-04-11 17:19:49,468 [pool-792-thread-1] INFO  server.RaftServerConfigKeys (ConfUtils.java:logGet(46)) - raft.server.retrycache.expirytime = 600000ms (custom)
2023-04-11 17:19:49,468 [pool-792-thread-1] INFO  server.RaftServerConfigKeys (ConfUtils.java:logGet(46)) - raft.server.retrycache.statistics.expirytime = 100μs (default)
2023-04-11 17:19:49,469 [pool-792-thread-1] INFO  server.RaftServerConfigKeys (ConfUtils.java:logGet(46)) - raft.server.log.appender.install.snapshot.enabled = false (custom)
2023-04-11 17:19:49,469 [pool-792-thread-1] INFO  server.RaftServerConfigKeys (ConfUtils.java:logGet(46)) - raft.server.threadpool.server.cached = true (default)
2023-04-11 17:19:49,469 [pool-792-thread-1] INFO  server.RaftServerConfigKeys (ConfUtils.java:logGet(46)) - raft.server.threadpool.server.size = 0 (default)
2023-04-11 17:19:49,469 [pool-792-thread-1] INFO  server.RaftServerConfigKeys (ConfUtils.java:logGet(46)) - raft.server.threadpool.client.cached = true (default)
2023-04-11 17:19:49,469 [pool-792-thread-1] INFO  server.RaftServerConfigKeys (ConfUtils.java:logGet(46)) - raft.server.threadpool.client.size = 0 (default)
2023-04-11 17:19:49,469 [pool-792-thread-1] INFO  storage.RaftStorageDirectory (RaftStorageDirectoryImpl.java:analyzeStorage(137)) - The storage directory /home/runner/work/ozone/ozone/hadoop-ozone/integration-test/target/test-dir/MiniOzoneClusterImpl-bb159280-bf04-4f42-bb5c-99373fe8c4eb/datanode-4/data/ratis/76dd1f18-48fa-41f6-9d0a-bca94d0dd73f does not exist. Creating ...
2023-04-11 17:19:49,470 [pool-792-thread-1] INFO  storage.RaftStorageDirectory (RaftStorageDirectoryImpl.java:tryLock(231)) - Lock on /home/runner/work/ozone/ozone/hadoop-ozone/integration-test/target/test-dir/MiniOzoneClusterImpl-bb159280-bf04-4f42-bb5c-99373fe8c4eb/datanode-4/data/ratis/76dd1f18-48fa-41f6-9d0a-bca94d0dd73f/in_use.lock acquired by nodename 52175@fv-az377-102
2023-04-11 17:19:49,472 [pool-792-thread-1] INFO  storage.RaftStorage (RaftStorageImpl.java:format(96)) - Storage directory /home/runner/work/ozone/ozone/hadoop-ozone/integration-test/target/test-dir/MiniOzoneClusterImpl-bb159280-bf04-4f42-bb5c-99373fe8c4eb/datanode-4/data/ratis/76dd1f18-48fa-41f6-9d0a-bca94d0dd73f has been successfully formatted.
2023-04-11 17:19:49,475 [pool-792-thread-1] INFO  ratis.ContainerStateMachine (ContainerStateMachine.java:loadSnapshot(262)) - group-BCA94D0DD73F: The snapshot info is null. Setting the last applied indexto:(t:0, i:~)
2023-04-11 17:19:49,476 [pool-792-thread-1] INFO  server.RaftServerConfigKeys (ConfUtils.java:logGet(46)) - raft.server.log.use.memory = false (default)
2023-04-11 17:19:49,476 [pool-792-thread-1] INFO  server.RaftServerConfigKeys (ConfUtils.java:logGet(46)) - raft.server.log.purge.gap = 1000000 (custom)
2023-04-11 17:19:49,477 [pool-792-thread-1] INFO  server.RaftServerConfigKeys (ConfUtils.java:logGet(46)) - raft.server.log.appender.buffer.byte-limit = 33554432 (custom)
2023-04-11 17:19:49,477 [pool-792-thread-1] INFO  server.RaftServerConfigKeys (ConfUtils.java:logGet(46)) - raft.server.log.statemachine.data.read.timeout = 1000ms (default)
2023-04-11 17:19:49,477 [pool-792-thread-1] INFO  server.RaftServerConfigKeys (ConfUtils.java:logGet(46)) - raft.server.log.purge.preservation.log.num = 0 (default)
2023-04-11 17:19:49,477 [pool-792-thread-1] INFO  server.RaftServerConfigKeys (ConfUtils.java:logGet(46)) - raft.server.log.segment.size.max = 1048576 (custom)
2023-04-11 17:19:49,477 [EventQueue-PipelineReportForPipelineReportHandler] INFO  pipeline.PipelineManagerImpl (PipelineManagerImpl.java:openPipeline(367)) - Pipeline Pipeline[ Id: 76dd1f18-48fa-41f6-9d0a-bca94d0dd73f, Nodes: 1b760667-28fc-4393-96a7-267a88805411(fv-az377-102.ap30g4v5sw5evmjtdmxdg2w53f.dx.internal.cloudapp.net/10.1.0.70), ReplicationConfig: RATIS/ONE, State:ALLOCATED, leaderId:1b760667-28fc-4393-96a7-267a88805411, CreationTimestamp2023-04-11T17:19:46.465Z[Etc/UTC]] moved to OPEN state
2023-04-11 17:19:49,477 [pool-792-thread-1] INFO  server.RaftServerConfigKeys (ConfUtils.java:logGet(46)) - raft.server.log.segment.cache.num.max = 2 (custom)
2023-04-11 17:19:49,477 [pool-792-thread-1] INFO  server.RaftServerConfigKeys (ConfUtils.java:logGet(46)) - raft.server.log.segment.cache.size.max = 200MB (=209715200) (default)
2023-04-11 17:19:49,477 [pool-792-thread-1] INFO  segmented.SegmentedRaftLogWorker (SegmentedRaftLogWorker.java:<init>(189)) - new 1b760667-28fc-4393-96a7-267a88805411@group-BCA94D0DD73F-SegmentedRaftLogWorker for RaftStorageImpl:Storage Directory /home/runner/work/ozone/ozone/hadoop-ozone/integration-test/target/test-dir/MiniOzoneClusterImpl-bb159280-bf04-4f42-bb5c-99373fe8c4eb/datanode-4/data/ratis/76dd1f18-48fa-41f6-9d0a-bca94d0dd73f
2023-04-11 17:19:49,477 [pool-792-thread-1] INFO  server.RaftServerConfigKeys (ConfUtils.java:logGet(46)) - raft.server.log.queue.byte-limit = 4294967296 (custom)
2023-04-11 17:19:49,477 [pool-792-thread-1] INFO  server.RaftServerConfigKeys (ConfUtils.java:logGet(46)) - raft.server.log.queue.element-limit = 1024 (custom)
2023-04-11 17:19:49,477 [EventQueue-OpenPipelineForHealthyPipelineSafeModeRule] INFO  safemode.SCMSafeModeManager (HealthyPipelineSafeModeRule.java:process(137)) - SCM in safe mode. Healthy pipelines reported count is 0, required healthy pipeline reported count is 1
2023-04-11 17:19:49,478 [pool-792-thread-1] INFO  server.RaftServerConfigKeys (ConfUtils.java:logGet(46)) - raft.server.log.segment.size.max = 1048576 (custom)
2023-04-11 17:19:49,478 [pool-792-thread-1] INFO  server.RaftServerConfigKeys (ConfUtils.java:logGet(46)) - raft.server.log.preallocated.size = 16384 (custom)
2023-04-11 17:19:49,478 [pool-792-thread-1] INFO  server.RaftServerConfigKeys (ConfUtils.java:logGet(46)) - raft.server.log.force.sync.num = 128 (default)
2023-04-11 17:19:49,478 [pool-792-thread-1] INFO  server.RaftServerConfigKeys (ConfUtils.java:logGet(46)) - raft.server.log.statemachine.data.sync = true (default)
2023-04-11 17:19:49,478 [pool-792-thread-1] INFO  server.RaftServerConfigKeys (ConfUtils.java:logGet(46)) - raft.server.log.statemachine.data.sync.timeout = 10s (default)
2023-04-11 17:19:49,478 [pool-792-thread-1] INFO  server.RaftServerConfigKeys (ConfUtils.java:logGet(46)) - raft.server.log.statemachine.data.sync.timeout.retry = -1 (default)
2023-04-11 17:19:49,478 [pool-792-thread-1] INFO  server.RaftServerConfigKeys (ConfUtils.java:logGet(46)) - raft.server.log.write.buffer.size = 1048576 (custom)
2023-04-11 17:19:49,478 [pool-792-thread-1] INFO  server.RaftServerConfigKeys (ConfUtils.java:logGet(46)) - raft.server.log.appender.buffer.byte-limit = 33554432 (custom)
2023-04-11 17:19:49,484 [pool-792-thread-1] INFO  server.RaftServerConfigKeys (ConfUtils.java:logGet(46)) - raft.server.log.unsafe-flush.enabled = false (default)
2023-04-11 17:19:49,484 [pool-792-thread-1] INFO  server.RaftServerConfigKeys (ConfUtils.java:logGet(46)) - raft.server.log.async-flush.enabled = false (default)
2023-04-11 17:19:49,484 [pool-792-thread-1] INFO  server.RaftServerConfigKeys (ConfUtils.java:logGet(46)) - raft.server.log.statemachine.data.caching.enabled = true (custom)
2023-04-11 17:19:49,484 [pool-792-thread-1] INFO  segmented.SegmentedRaftLogWorker (SegmentedRaftLogWorker.java:lambda$new$0(135)) - 1b760667-28fc-4393-96a7-267a88805411@group-BCA94D0DD73F-SegmentedRaftLogWorker: flushIndex: setUnconditionally 0 -> -1
2023-04-11 17:19:49,484 [pool-792-thread-1] INFO  segmented.SegmentedRaftLogWorker (SegmentedRaftLogWorker.java:lambda$new$0(135)) - 1b760667-28fc-4393-96a7-267a88805411@group-BCA94D0DD73F-SegmentedRaftLogWorker: safeCacheEvictIndex: setUnconditionally 0 -> -1
2023-04-11 17:19:49,484 [pool-792-thread-1] INFO  server.RaftServer$Division (RaftServerImpl.java:start(334)) - 1b760667-28fc-4393-96a7-267a88805411@group-BCA94D0DD73F: start as a follower, conf=-1: peers:[1b760667-28fc-4393-96a7-267a88805411|rpc:10.1.0.70:44687|dataStream:10.1.0.70:36481|priority:1|startupRole:FOLLOWER]|listeners:[], old=null
2023-04-11 17:19:49,484 [pool-792-thread-1] INFO  server.RaftServer$Division (RaftServerImpl.java:setRole(321)) - 1b760667-28fc-4393-96a7-267a88805411@group-BCA94D0DD73F: changes role from      null to FOLLOWER at term 0 for startAsFollower
2023-04-11 17:19:49,484 [pool-792-thread-1] INFO  impl.RoleInfo (RoleInfo.java:updateAndGet(139)) - 1b760667-28fc-4393-96a7-267a88805411: start 1b760667-28fc-4393-96a7-267a88805411@group-BCA94D0DD73F-FollowerState
2023-04-11 17:19:49,485 [1b760667-28fc-4393-96a7-267a88805411@group-BCA94D0DD73F-FollowerState] INFO  server.RaftServerConfigKeys (ConfUtils.java:logFallback(53)) - raft.server.rpc.first-election.timeout.min = 5s (fallback to raft.server.rpc.timeout.min)
2023-04-11 17:19:49,485 [pool-792-thread-1] INFO  util.JmxRegister (JmxRegister.java:tryRegister(44)) - Successfully registered JMX Bean with object name Ratis:service=RaftServer,group=group-BCA94D0DD73F,id=1b760667-28fc-4393-96a7-267a88805411
2023-04-11 17:19:49,485 [pool-792-thread-1] INFO  server.RaftServerConfigKeys (ConfUtils.java:logGet(46)) - raft.server.snapshot.auto.trigger.enabled = true (custom)
2023-04-11 17:19:49,485 [pool-792-thread-1] INFO  server.RaftServerConfigKeys (ConfUtils.java:logGet(46)) - raft.server.snapshot.auto.trigger.threshold = 10000 (custom)
2023-04-11 17:19:49,485 [pool-792-thread-1] INFO  server.RaftServerConfigKeys (ConfUtils.java:logGet(46)) - raft.server.snapshot.retention.file.num = 5 (custom)
2023-04-11 17:19:49,485 [pool-792-thread-1] INFO  server.RaftServerConfigKeys (ConfUtils.java:logGet(46)) - raft.server.log.purge.upto.snapshot.index = false (default)
2023-04-11 17:19:49,485 [Command processor thread] INFO  ratis.XceiverServerRatis (XceiverServerRatis.java:addGroup(806)) - Created group PipelineID=76dd1f18-48fa-41f6-9d0a-bca94d0dd73f
2023-04-11 17:19:49,485 [Command processor thread] INFO  commandhandler.CreatePipelineCommandHandler (CreatePipelineCommandHandler.java:handle(113)) - Created Pipeline RATIS ONE PipelineID=76dd1f18-48fa-41f6-9d0a-bca94d0dd73f.
2023-04-11 17:19:49,487 [1b760667-28fc-4393-96a7-267a88805411@group-BCA94D0DD73F-FollowerState] INFO  server.RaftServerConfigKeys (ConfUtils.java:logFallback(53)) - raft.server.rpc.first-election.timeout.max = 5200ms (fallback to raft.server.rpc.timeout.max)
2023-04-11 17:19:50,465 [Listener at 127.0.0.1/37689] INFO  ozone.MiniOzoneClusterImpl (MiniOzoneClusterImpl.java:lambda$waitForClusterToBeReady$0(222)) - Nodes are ready. Got 5 of 5 DN Heartbeats.
2023-04-11 17:19:50,466 [Listener at 127.0.0.1/37689] INFO  ozone.MiniOzoneClusterImpl (MiniOzoneClusterImpl.java:lambda$waitForClusterToBeReady$0(225)) - Waiting for cluster to exit safe mode
2023-04-11 17:19:50,466 [Listener at 127.0.0.1/37689] INFO  ozone.MiniOzoneClusterImpl (MiniOzoneClusterImpl.java:lambda$waitForClusterToBeReady$0(227)) - SCM became leader
2023-04-11 17:19:51,466 [Listener at 127.0.0.1/37689] INFO  ozone.MiniOzoneClusterImpl (MiniOzoneClusterImpl.java:lambda$waitForClusterToBeReady$0(222)) - Nodes are ready. Got 5 of 5 DN Heartbeats.
2023-04-11 17:19:51,466 [Listener at 127.0.0.1/37689] INFO  ozone.MiniOzoneClusterImpl (MiniOzoneClusterImpl.java:lambda$waitForClusterToBeReady$0(225)) - Waiting for cluster to exit safe mode
2023-04-11 17:19:51,466 [Listener at 127.0.0.1/37689] INFO  ozone.MiniOzoneClusterImpl (MiniOzoneClusterImpl.java:lambda$waitForClusterToBeReady$0(227)) - SCM became leader
2023-04-11 17:19:52,467 [Listener at 127.0.0.1/37689] INFO  ozone.MiniOzoneClusterImpl (MiniOzoneClusterImpl.java:lambda$waitForClusterToBeReady$0(222)) - Nodes are ready. Got 5 of 5 DN Heartbeats.
2023-04-11 17:19:52,467 [Listener at 127.0.0.1/37689] INFO  ozone.MiniOzoneClusterImpl (MiniOzoneClusterImpl.java:lambda$waitForClusterToBeReady$0(225)) - Waiting for cluster to exit safe mode
2023-04-11 17:19:52,467 [Listener at 127.0.0.1/37689] INFO  ozone.MiniOzoneClusterImpl (MiniOzoneClusterImpl.java:lambda$waitForClusterToBeReady$0(227)) - SCM became leader
2023-04-11 17:19:53,045 [5e693bd7-32aa-42e7-99b2-0294dbaef363@group-FF17434BE34C-FollowerState] INFO  impl.FollowerState (FollowerState.java:run(143)) - 5e693bd7-32aa-42e7-99b2-0294dbaef363@group-FF17434BE34C-FollowerState: change to CANDIDATE, lastRpcElapsedTime:5005214900ns, electionTimeout:5000ms
2023-04-11 17:19:53,045 [5e693bd7-32aa-42e7-99b2-0294dbaef363@group-FF17434BE34C-FollowerState] INFO  impl.RoleInfo (RoleInfo.java:shutdownFollowerState(110)) - 5e693bd7-32aa-42e7-99b2-0294dbaef363: shutdown 5e693bd7-32aa-42e7-99b2-0294dbaef363@group-FF17434BE34C-FollowerState
2023-04-11 17:19:53,045 [5e693bd7-32aa-42e7-99b2-0294dbaef363@group-FF17434BE34C-FollowerState] INFO  server.RaftServer$Division (RaftServerImpl.java:setRole(321)) - 5e693bd7-32aa-42e7-99b2-0294dbaef363@group-FF17434BE34C: changes role from  FOLLOWER to CANDIDATE at term 0 for changeToCandidate
2023-04-11 17:19:53,045 [5e693bd7-32aa-42e7-99b2-0294dbaef363@group-FF17434BE34C-FollowerState] INFO  server.RaftServerConfigKeys (ConfUtils.java:logGet(46)) - raft.server.leaderelection.pre-vote = true (default)
2023-04-11 17:19:53,045 [5e693bd7-32aa-42e7-99b2-0294dbaef363@group-FF17434BE34C-FollowerState] INFO  impl.RoleInfo (RoleInfo.java:updateAndGet(139)) - 5e693bd7-32aa-42e7-99b2-0294dbaef363: start 5e693bd7-32aa-42e7-99b2-0294dbaef363@group-FF17434BE34C-LeaderElection30
2023-04-11 17:19:53,050 [5e693bd7-32aa-42e7-99b2-0294dbaef363@group-FF17434BE34C-LeaderElection30] INFO  impl.LeaderElection (LeaderElection.java:askForVotes(312)) - 5e693bd7-32aa-42e7-99b2-0294dbaef363@group-FF17434BE34C-LeaderElection30 PRE_VOTE round 0: submit vote requests at term 0 for -1: peers:[5e693bd7-32aa-42e7-99b2-0294dbaef363|rpc:10.1.0.70:37609|dataStream:10.1.0.70:36051|priority:1|startupRole:FOLLOWER, 1b86d2c8-07b9-4256-9063-5eaa90b8c67a|rpc:10.1.0.70:42043|dataStream:10.1.0.70:39397|priority:0|startupRole:FOLLOWER, 1c712de1-3a3e-422e-b3d0-30fcd422e487|rpc:10.1.0.70:35255|dataStream:10.1.0.70:45841|priority:0|startupRole:FOLLOWER]|listeners:[], old=null
2023-04-11 17:19:53,051 [5e693bd7-32aa-42e7-99b2-0294dbaef363@group-FF17434BE34C-LeaderElection30-1] INFO  server.GrpcServerProtocolClient (GrpcServerProtocolClient.java:<init>(63)) - Build channel for 1b86d2c8-07b9-4256-9063-5eaa90b8c67a
2023-04-11 17:19:53,056 [5e693bd7-32aa-42e7-99b2-0294dbaef363@group-FF17434BE34C-LeaderElection30] INFO  server.RaftServerConfigKeys (ConfUtils.java:logFallback(53)) - raft.server.rpc.first-election.timeout.min = 5s (fallback to raft.server.rpc.timeout.min)
2023-04-11 17:19:53,056 [5e693bd7-32aa-42e7-99b2-0294dbaef363@group-FF17434BE34C-LeaderElection30] INFO  server.RaftServerConfigKeys (ConfUtils.java:logFallback(53)) - raft.server.rpc.first-election.timeout.max = 5200ms (fallback to raft.server.rpc.timeout.max)
2023-04-11 17:19:53,056 [5e693bd7-32aa-42e7-99b2-0294dbaef363@group-FF17434BE34C-LeaderElection30-2] INFO  server.GrpcServerProtocolClient (GrpcServerProtocolClient.java:<init>(63)) - Build channel for 1c712de1-3a3e-422e-b3d0-30fcd422e487
2023-04-11 17:19:53,064 [grpc-default-executor-0] INFO  server.RaftServer$Division (RaftServerImpl.java:requestVote(1218)) - 1b86d2c8-07b9-4256-9063-5eaa90b8c67a@group-FF17434BE34C: receive requestVote(PRE_VOTE, 5e693bd7-32aa-42e7-99b2-0294dbaef363, group-FF17434BE34C, 0, (t:0, i:0))
2023-04-11 17:19:53,064 [grpc-default-executor-0] INFO  impl.VoteContext (VoteContext.java:log(49)) - 1b86d2c8-07b9-4256-9063-5eaa90b8c67a@group-FF17434BE34C-FOLLOWER: accept PRE_VOTE from 5e693bd7-32aa-42e7-99b2-0294dbaef363: our priority 0 <= candidate's priority 1
2023-04-11 17:19:53,064 [grpc-default-executor-0] INFO  server.RaftServer$Division (RaftServerImpl.java:requestVote(1251)) - 1b86d2c8-07b9-4256-9063-5eaa90b8c67a@group-FF17434BE34C replies to PRE_VOTE vote request: 5e693bd7-32aa-42e7-99b2-0294dbaef363<-1b86d2c8-07b9-4256-9063-5eaa90b8c67a#0:OK-t0. Peer's state: 1b86d2c8-07b9-4256-9063-5eaa90b8c67a@group-FF17434BE34C:t0, leader=null, voted=, raftlog=Memoized:1b86d2c8-07b9-4256-9063-5eaa90b8c67a@group-FF17434BE34C-SegmentedRaftLog:OPENED:c-1, conf=-1: peers:[5e693bd7-32aa-42e7-99b2-0294dbaef363|rpc:10.1.0.70:37609|dataStream:10.1.0.70:36051|priority:1|startupRole:FOLLOWER, 1b86d2c8-07b9-4256-9063-5eaa90b8c67a|rpc:10.1.0.70:42043|dataStream:10.1.0.70:39397|priority:0|startupRole:FOLLOWER, 1c712de1-3a3e-422e-b3d0-30fcd422e487|rpc:10.1.0.70:35255|dataStream:10.1.0.70:45841|priority:0|startupRole:FOLLOWER]|listeners:[], old=null
2023-04-11 17:19:53,065 [5e693bd7-32aa-42e7-99b2-0294dbaef363@group-FF17434BE34C-LeaderElection30] INFO  impl.LeaderElection (LeaderElection.java:logAndReturn(90)) - 5e693bd7-32aa-42e7-99b2-0294dbaef363@group-FF17434BE34C-LeaderElection30: PRE_VOTE PASSED received 1 response(s) and 0 exception(s):
2023-04-11 17:19:53,065 [5e693bd7-32aa-42e7-99b2-0294dbaef363@group-FF17434BE34C-LeaderElection30] INFO  impl.LeaderElection (LeaderElection.java:logAndReturn(94)) -   Response 0: 5e693bd7-32aa-42e7-99b2-0294dbaef363<-1b86d2c8-07b9-4256-9063-5eaa90b8c67a#0:OK-t0
2023-04-11 17:19:53,065 [5e693bd7-32aa-42e7-99b2-0294dbaef363@group-FF17434BE34C-LeaderElection30] INFO  impl.LeaderElection (LeaderElection.java:askForVotes(314)) - 5e693bd7-32aa-42e7-99b2-0294dbaef363@group-FF17434BE34C-LeaderElection30 PRE_VOTE round 0: result PASSED
2023-04-11 17:19:53,068 [5e693bd7-32aa-42e7-99b2-0294dbaef363@group-FF17434BE34C-LeaderElection30] INFO  impl.LeaderElection (LeaderElection.java:askForVotes(312)) - 5e693bd7-32aa-42e7-99b2-0294dbaef363@group-FF17434BE34C-LeaderElection30 ELECTION round 0: submit vote requests at term 1 for -1: peers:[5e693bd7-32aa-42e7-99b2-0294dbaef363|rpc:10.1.0.70:37609|dataStream:10.1.0.70:36051|priority:1|startupRole:FOLLOWER, 1b86d2c8-07b9-4256-9063-5eaa90b8c67a|rpc:10.1.0.70:42043|dataStream:10.1.0.70:39397|priority:0|startupRole:FOLLOWER, 1c712de1-3a3e-422e-b3d0-30fcd422e487|rpc:10.1.0.70:35255|dataStream:10.1.0.70:45841|priority:0|startupRole:FOLLOWER]|listeners:[], old=null
2023-04-11 17:19:53,069 [5e693bd7-32aa-42e7-99b2-0294dbaef363@group-FF17434BE34C-LeaderElection30] INFO  server.RaftServerConfigKeys (ConfUtils.java:logFallback(53)) - raft.server.rpc.first-election.timeout.min = 5s (fallback to raft.server.rpc.timeout.min)
2023-04-11 17:19:53,070 [5e693bd7-32aa-42e7-99b2-0294dbaef363@group-FF17434BE34C-LeaderElection30] INFO  server.RaftServerConfigKeys (ConfUtils.java:logFallback(53)) - raft.server.rpc.first-election.timeout.max = 5200ms (fallback to raft.server.rpc.timeout.max)
2023-04-11 17:19:53,071 [grpc-default-executor-1] INFO  server.RaftServer$Division (RaftServerImpl.java:requestVote(1218)) - 1c712de1-3a3e-422e-b3d0-30fcd422e487@group-FF17434BE34C: receive requestVote(PRE_VOTE, 5e693bd7-32aa-42e7-99b2-0294dbaef363, group-FF17434BE34C, 0, (t:0, i:0))
2023-04-11 17:19:53,071 [grpc-default-executor-1] INFO  impl.VoteContext (VoteContext.java:log(49)) - 1c712de1-3a3e-422e-b3d0-30fcd422e487@group-FF17434BE34C-FOLLOWER: accept PRE_VOTE from 5e693bd7-32aa-42e7-99b2-0294dbaef363: our priority 0 <= candidate's priority 1
2023-04-11 17:19:53,071 [grpc-default-executor-1] INFO  server.RaftServer$Division (RaftServerImpl.java:requestVote(1251)) - 1c712de1-3a3e-422e-b3d0-30fcd422e487@group-FF17434BE34C replies to PRE_VOTE vote request: 5e693bd7-32aa-42e7-99b2-0294dbaef363<-1c712de1-3a3e-422e-b3d0-30fcd422e487#0:OK-t0. Peer's state: 1c712de1-3a3e-422e-b3d0-30fcd422e487@group-FF17434BE34C:t0, leader=null, voted=, raftlog=Memoized:1c712de1-3a3e-422e-b3d0-30fcd422e487@group-FF17434BE34C-SegmentedRaftLog:OPENED:c-1, conf=-1: peers:[5e693bd7-32aa-42e7-99b2-0294dbaef363|rpc:10.1.0.70:37609|dataStream:10.1.0.70:36051|priority:1|startupRole:FOLLOWER, 1b86d2c8-07b9-4256-9063-5eaa90b8c67a|rpc:10.1.0.70:42043|dataStream:10.1.0.70:39397|priority:0|startupRole:FOLLOWER, 1c712de1-3a3e-422e-b3d0-30fcd422e487|rpc:10.1.0.70:35255|dataStream:10.1.0.70:45841|priority:0|startupRole:FOLLOWER]|listeners:[], old=null
2023-04-11 17:19:53,071 [grpc-default-executor-0] INFO  server.RaftServer$Division (RaftServerImpl.java:requestVote(1218)) - 1b86d2c8-07b9-4256-9063-5eaa90b8c67a@group-FF17434BE34C: receive requestVote(ELECTION, 5e693bd7-32aa-42e7-99b2-0294dbaef363, group-FF17434BE34C, 1, (t:0, i:0))
2023-04-11 17:19:53,071 [grpc-default-executor-0] INFO  impl.VoteContext (VoteContext.java:log(49)) - 1b86d2c8-07b9-4256-9063-5eaa90b8c67a@group-FF17434BE34C-FOLLOWER: accept ELECTION from 5e693bd7-32aa-42e7-99b2-0294dbaef363: our priority 0 <= candidate's priority 1
2023-04-11 17:19:53,071 [grpc-default-executor-0] INFO  server.RaftServer$Division (RaftServerImpl.java:setRole(321)) - 1b86d2c8-07b9-4256-9063-5eaa90b8c67a@group-FF17434BE34C: changes role from  FOLLOWER to FOLLOWER at term 1 for candidate:5e693bd7-32aa-42e7-99b2-0294dbaef363
2023-04-11 17:19:53,071 [grpc-default-executor-0] INFO  impl.RoleInfo (RoleInfo.java:shutdownFollowerState(110)) - 1b86d2c8-07b9-4256-9063-5eaa90b8c67a: shutdown 1b86d2c8-07b9-4256-9063-5eaa90b8c67a@group-FF17434BE34C-FollowerState
2023-04-11 17:19:53,071 [grpc-default-executor-0] INFO  impl.RoleInfo (RoleInfo.java:updateAndGet(139)) - 1b86d2c8-07b9-4256-9063-5eaa90b8c67a: start 1b86d2c8-07b9-4256-9063-5eaa90b8c67a@group-FF17434BE34C-FollowerState
2023-04-11 17:19:53,071 [1b86d2c8-07b9-4256-9063-5eaa90b8c67a@group-FF17434BE34C-FollowerState] INFO  impl.FollowerState (FollowerState.java:run(152)) - 1b86d2c8-07b9-4256-9063-5eaa90b8c67a@group-FF17434BE34C-FollowerState was interrupted
2023-04-11 17:19:53,077 [grpc-default-executor-0] INFO  server.RaftServer$Division (RaftServerImpl.java:requestVote(1251)) - 1b86d2c8-07b9-4256-9063-5eaa90b8c67a@group-FF17434BE34C replies to ELECTION vote request: 5e693bd7-32aa-42e7-99b2-0294dbaef363<-1b86d2c8-07b9-4256-9063-5eaa90b8c67a#0:OK-t1. Peer's state: 1b86d2c8-07b9-4256-9063-5eaa90b8c67a@group-FF17434BE34C:t1, leader=null, voted=5e693bd7-32aa-42e7-99b2-0294dbaef363, raftlog=Memoized:1b86d2c8-07b9-4256-9063-5eaa90b8c67a@group-FF17434BE34C-SegmentedRaftLog:OPENED:c-1, conf=-1: peers:[5e693bd7-32aa-42e7-99b2-0294dbaef363|rpc:10.1.0.70:37609|dataStream:10.1.0.70:36051|priority:1|startupRole:FOLLOWER, 1b86d2c8-07b9-4256-9063-5eaa90b8c67a|rpc:10.1.0.70:42043|dataStream:10.1.0.70:39397|priority:0|startupRole:FOLLOWER, 1c712de1-3a3e-422e-b3d0-30fcd422e487|rpc:10.1.0.70:35255|dataStream:10.1.0.70:45841|priority:0|startupRole:FOLLOWER]|listeners:[], old=null
2023-04-11 17:19:53,080 [1b86d2c8-07b9-4256-9063-5eaa90b8c67a@group-FF17434BE34C-FollowerState] INFO  server.RaftServerConfigKeys (ConfUtils.java:logFallback(53)) - raft.server.rpc.first-election.timeout.min = 5s (fallback to raft.server.rpc.timeout.min)
2023-04-11 17:19:53,080 [1b86d2c8-07b9-4256-9063-5eaa90b8c67a@group-FF17434BE34C-FollowerState] INFO  server.RaftServerConfigKeys (ConfUtils.java:logFallback(53)) - raft.server.rpc.first-election.timeout.max = 5200ms (fallback to raft.server.rpc.timeout.max)
2023-04-11 17:19:53,080 [5e693bd7-32aa-42e7-99b2-0294dbaef363@group-FF17434BE34C-LeaderElection30] INFO  impl.LeaderElection (LeaderElection.java:logAndReturn(90)) - 5e693bd7-32aa-42e7-99b2-0294dbaef363@group-FF17434BE34C-LeaderElection30: ELECTION PASSED received 1 response(s) and 0 exception(s):
2023-04-11 17:19:53,080 [5e693bd7-32aa-42e7-99b2-0294dbaef363@group-FF17434BE34C-LeaderElection30] INFO  impl.LeaderElection (LeaderElection.java:logAndReturn(94)) -   Response 0: 5e693bd7-32aa-42e7-99b2-0294dbaef363<-1b86d2c8-07b9-4256-9063-5eaa90b8c67a#0:OK-t1
2023-04-11 17:19:53,080 [5e693bd7-32aa-42e7-99b2-0294dbaef363@group-FF17434BE34C-LeaderElection30] INFO  impl.LeaderElection (LeaderElection.java:askForVotes(314)) - 5e693bd7-32aa-42e7-99b2-0294dbaef363@group-FF17434BE34C-LeaderElection30 ELECTION round 0: result PASSED
2023-04-11 17:19:53,080 [5e693bd7-32aa-42e7-99b2-0294dbaef363@group-FF17434BE34C-LeaderElection30] INFO  impl.RoleInfo (RoleInfo.java:shutdownLeaderElection(130)) - 5e693bd7-32aa-42e7-99b2-0294dbaef363: shutdown 5e693bd7-32aa-42e7-99b2-0294dbaef363@group-FF17434BE34C-LeaderElection30
2023-04-11 17:19:53,080 [5e693bd7-32aa-42e7-99b2-0294dbaef363@group-FF17434BE34C-LeaderElection30] INFO  server.RaftServer$Division (RaftServerImpl.java:setRole(321)) - 5e693bd7-32aa-42e7-99b2-0294dbaef363@group-FF17434BE34C: changes role from CANDIDATE to LEADER at term 1 for changeToLeader
2023-04-11 17:19:53,080 [5e693bd7-32aa-42e7-99b2-0294dbaef363@group-FF17434BE34C-LeaderElection30] INFO  ratis.XceiverServerRatis (XceiverServerRatis.java:handleLeaderChangedNotification(904)) - Leader change notification received for group: group-FF17434BE34C with new leaderId: 5e693bd7-32aa-42e7-99b2-0294dbaef363
2023-04-11 17:19:53,080 [5e693bd7-32aa-42e7-99b2-0294dbaef363@group-FF17434BE34C-LeaderElection30] INFO  server.RaftServer$Division (ServerState.java:setLeader(313)) - 5e693bd7-32aa-42e7-99b2-0294dbaef363@group-FF17434BE34C: change Leader from null to 5e693bd7-32aa-42e7-99b2-0294dbaef363 at term 1 for becomeLeader, leader elected after 5054ms
2023-04-11 17:19:53,081 [5e693bd7-32aa-42e7-99b2-0294dbaef363@group-FF17434BE34C-LeaderElection30] INFO  server.RaftServerConfigKeys (ConfUtils.java:logGet(46)) - raft.server.staging.catchup.gap = 1000 (default)
2023-04-11 17:19:53,081 [5e693bd7-32aa-42e7-99b2-0294dbaef363@group-FF17434BE34C-LeaderElection30] INFO  server.RaftServerConfigKeys (ConfUtils.java:logGet(46)) - raft.server.write.element-limit = 1024 (custom)
2023-04-11 17:19:53,081 [5e693bd7-32aa-42e7-99b2-0294dbaef363@group-FF17434BE34C-LeaderElection30] INFO  server.RaftServerConfigKeys (ConfUtils.java:logGet(46)) - raft.server.write.byte-limit = 1024 M (=1073741824) (custom)
2023-04-11 17:19:53,081 [5e693bd7-32aa-42e7-99b2-0294dbaef363@group-FF17434BE34C-LeaderElection30] INFO  server.RaftServerConfigKeys (ConfUtils.java:logGet(46)) - raft.server.watch.timeout = 180s (custom)
2023-04-11 17:19:53,081 [5e693bd7-32aa-42e7-99b2-0294dbaef363@group-FF17434BE34C-LeaderElection30] INFO  server.RaftServerConfigKeys (ConfUtils.java:logGet(46)) - raft.server.watch.timeout.denomination = 1s (default)
2023-04-11 17:19:53,081 [5e693bd7-32aa-42e7-99b2-0294dbaef363@group-FF17434BE34C-LeaderElection30] INFO  server.RaftServerConfigKeys (ConfUtils.java:logGet(46)) - raft.server.watch.element-limit = 65536 (default)
2023-04-11 17:19:53,081 [5e693bd7-32aa-42e7-99b2-0294dbaef363@group-FF17434BE34C-LeaderElection30] INFO  server.RaftServerConfigKeys (ConfUtils.java:logGet(46)) - raft.server.write.element-limit = 1024 (custom)
2023-04-11 17:19:53,081 [5e693bd7-32aa-42e7-99b2-0294dbaef363@group-FF17434BE34C-LeaderElection30] INFO  server.RaftServerConfigKeys (ConfUtils.java:logGet(46)) - raft.server.write.follower.gap.ratio.max = -1.0 (default)
2023-04-11 17:19:53,081 [5e693bd7-32aa-42e7-99b2-0294dbaef363@group-FF17434BE34C-LeaderElection30] INFO  server.RaftServerConfigKeys (ConfUtils.java:logGet(46)) - raft.server.log.appender.snapshot.chunk.size.max = 16MB (=16777216) (default)
2023-04-11 17:19:53,081 [5e693bd7-32aa-42e7-99b2-0294dbaef363@group-FF17434BE34C-LeaderElection30] INFO  server.RaftServerConfigKeys (ConfUtils.java:logGet(46)) - raft.server.log.appender.buffer.byte-limit = 33554432 (custom)
2023-04-11 17:19:53,082 [5e693bd7-32aa-42e7-99b2-0294dbaef363@group-FF17434BE34C-LeaderElection30] INFO  server.RaftServerConfigKeys (ConfUtils.java:logGet(46)) - raft.server.log.appender.buffer.element-limit = 1 (custom)
2023-04-11 17:19:53,082 [5e693bd7-32aa-42e7-99b2-0294dbaef363@group-FF17434BE34C-LeaderElection30] INFO  grpc.GrpcConfigKeys (ConfUtils.java:logGet(46)) - raft.grpc.server.leader.outstanding.appends.max = 128 (default)
2023-04-11 17:19:53,082 [5e693bd7-32aa-42e7-99b2-0294dbaef363@group-FF17434BE34C-LeaderElection30] INFO  server.RaftServerConfigKeys (ConfUtils.java:logGet(46)) - raft.server.rpc.request.timeout = 60s (custom)
2023-04-11 17:19:53,082 [5e693bd7-32aa-42e7-99b2-0294dbaef363@group-FF17434BE34C-LeaderElection30] INFO  server.RaftServerConfigKeys (ConfUtils.java:logGet(46)) - raft.server.log.appender.install.snapshot.enabled = false (custom)
2023-04-11 17:19:53,082 [5e693bd7-32aa-42e7-99b2-0294dbaef363@group-FF17434BE34C-LeaderElection30] INFO  grpc.GrpcConfigKeys (ConfUtils.java:logGet(46)) - raft.grpc.server.heartbeat.channel = true (default)
2023-04-11 17:19:53,082 [5e693bd7-32aa-42e7-99b2-0294dbaef363@group-FF17434BE34C-LeaderElection30] INFO  server.RaftServerConfigKeys (ConfUtils.java:logGet(46)) - raft.server.log.appender.wait-time.min = 10ms (default)
2023-04-11 17:19:53,082 [5e693bd7-32aa-42e7-99b2-0294dbaef363@group-FF17434BE34C-LeaderElection30] INFO  server.RaftServerConfigKeys (ConfUtils.java:logGet(46)) - raft.server.log.appender.snapshot.chunk.size.max = 16MB (=16777216) (default)
2023-04-11 17:19:53,082 [5e693bd7-32aa-42e7-99b2-0294dbaef363@group-FF17434BE34C-LeaderElection30] INFO  server.RaftServerConfigKeys (ConfUtils.java:logGet(46)) - raft.server.log.appender.buffer.byte-limit = 33554432 (custom)
2023-04-11 17:19:53,082 [5e693bd7-32aa-42e7-99b2-0294dbaef363@group-FF17434BE34C-LeaderElection30] INFO  server.RaftServerConfigKeys (ConfUtils.java:logGet(46)) - raft.server.log.appender.buffer.element-limit = 1 (custom)
2023-04-11 17:19:53,082 [5e693bd7-32aa-42e7-99b2-0294dbaef363@group-FF17434BE34C-LeaderElection30] INFO  grpc.GrpcConfigKeys (ConfUtils.java:logGet(46)) - raft.grpc.server.leader.outstanding.appends.max = 128 (default)
2023-04-11 17:19:53,082 [5e693bd7-32aa-42e7-99b2-0294dbaef363@group-FF17434BE34C-LeaderElection30] INFO  server.RaftServerConfigKeys (ConfUtils.java:logGet(46)) - raft.server.rpc.request.timeout = 60s (custom)
2023-04-11 17:19:53,082 [5e693bd7-32aa-42e7-99b2-0294dbaef363@group-FF17434BE34C-LeaderElection30] INFO  server.RaftServerConfigKeys (ConfUtils.java:logGet(46)) - raft.server.log.appender.install.snapshot.enabled = false (custom)
2023-04-11 17:19:53,083 [5e693bd7-32aa-42e7-99b2-0294dbaef363@group-FF17434BE34C-LeaderElection30] INFO  grpc.GrpcConfigKeys (ConfUtils.java:logGet(46)) - raft.grpc.server.heartbeat.channel = true (default)
2023-04-11 17:19:53,083 [5e693bd7-32aa-42e7-99b2-0294dbaef363@group-FF17434BE34C-LeaderElection30] INFO  server.RaftServerConfigKeys (ConfUtils.java:logGet(46)) - raft.server.log.appender.wait-time.min = 10ms (default)
2023-04-11 17:19:53,083 [5e693bd7-32aa-42e7-99b2-0294dbaef363@group-FF17434BE34C-LeaderElection30] INFO  impl.RoleInfo (RoleInfo.java:updateAndGet(139)) - 5e693bd7-32aa-42e7-99b2-0294dbaef363: start 5e693bd7-32aa-42e7-99b2-0294dbaef363@group-FF17434BE34C-LeaderStateImpl
2023-04-11 17:19:53,083 [EventQueue-PipelineReportForPipelineReportHandler] INFO  pipeline.PipelineManagerImpl (PipelineManagerImpl.java:openPipeline(367)) - Pipeline Pipeline[ Id: 4ad99ebe-b172-4f21-9a5c-ff17434be34c, Nodes: 1b86d2c8-07b9-4256-9063-5eaa90b8c67a(fv-az377-102.ap30g4v5sw5evmjtdmxdg2w53f.dx.internal.cloudapp.net/10.1.0.70)5e693bd7-32aa-42e7-99b2-0294dbaef363(fv-az377-102.ap30g4v5sw5evmjtdmxdg2w53f.dx.internal.cloudapp.net/10.1.0.70)1c712de1-3a3e-422e-b3d0-30fcd422e487(fv-az377-102.ap30g4v5sw5evmjtdmxdg2w53f.dx.internal.cloudapp.net/10.1.0.70), ReplicationConfig: RATIS/THREE, State:ALLOCATED, leaderId:5e693bd7-32aa-42e7-99b2-0294dbaef363, CreationTimestamp2023-04-11T17:19:45.741Z[Etc/UTC]] moved to OPEN state
2023-04-11 17:19:53,084 [EventQueue-OpenPipelineForHealthyPipelineSafeModeRule] INFO  safemode.SCMSafeModeManager (HealthyPipelineSafeModeRule.java:process(137)) - SCM in safe mode. Healthy pipelines reported count is 0, required healthy pipeline reported count is 1
2023-04-11 17:19:53,084 [EventQueue-OpenPipelineForHealthyPipelineSafeModeRule] INFO  safemode.SCMSafeModeManager (HealthyPipelineSafeModeRule.java:process(137)) - SCM in safe mode. Healthy pipelines reported count is 1, required healthy pipeline reported count is 1
2023-04-11 17:19:53,084 [EventQueue-OpenPipelineForHealthyPipelineSafeModeRule] INFO  safemode.SCMSafeModeManager (SCMSafeModeManager.java:validateSafeModeExitRules(200)) - HealthyPipelineSafeModeRule rule is successfully validated
2023-04-11 17:19:53,084 [EventQueue-OpenPipelineForHealthyPipelineSafeModeRule] INFO  safemode.SCMSafeModeManager (SCMSafeModeManager.java:validateSafeModeExitRules(215)) - ScmSafeModeManager, all rules are successfully validated
2023-04-11 17:19:53,084 [EventQueue-OpenPipelineForHealthyPipelineSafeModeRule] INFO  safemode.SCMSafeModeManager (SCMSafeModeManager.java:exitSafeMode(244)) - SCM exiting safe mode.
2023-04-11 17:19:53,084 [EventQueue-OpenPipelineForHealthyPipelineSafeModeRule] INFO  ha.SCMContext (SCMContext.java:updateSafeModeStatus(228)) - Update SafeModeStatus from SafeModeStatus{safeModeStatus=true, preCheckPassed=true} to SafeModeStatus{safeModeStatus=false, preCheckPassed=true}.
2023-04-11 17:19:53,084 [EventQueue-OpenPipelineForHealthyPipelineSafeModeRule] INFO  pipeline.BackgroundPipelineCreator (BackgroundPipelineCreator.java:notifyStatusChanged(254)) - Service BackgroundPipelineCreator transitions to RUNNING.
2023-04-11 17:19:53,084 [EventQueue-OpenPipelineForHealthyPipelineSafeModeRule] INFO  BackgroundPipelineScrubber (BackgroundSCMService.java:notifyStatusChanged(82)) - Service BackgroundPipelineScrubber transitions to RUNNING.
2023-04-11 17:19:53,084 [EventQueue-OpenPipelineForHealthyPipelineSafeModeRule] INFO  ExpiredContainerReplicaOpScrubber (BackgroundSCMService.java:notifyStatusChanged(82)) - Service ExpiredContainerReplicaOpScrubber transitions to RUNNING.
2023-04-11 17:19:53,084 [EventQueue-OpenPipelineForHealthyPipelineSafeModeRule] INFO  replication.ReplicationManager (ReplicationManager.java:notifyStatusChanged(1371)) - Service ReplicationManager transitions to RUNNING.
2023-04-11 17:19:53,084 [EventQueue-OpenPipelineForHealthyPipelineSafeModeRule] WARN  balancer.ContainerBalancer (ContainerBalancer.java:shouldRun(132)) - Could not find persisted configuration for ContainerBalancer when checking if ContainerBalancer should run. ContainerBalancer should not run now.
2023-04-11 17:19:53,087 [grpc-default-executor-1] INFO  server.RaftServer$Division (RaftServerImpl.java:requestVote(1218)) - 1c712de1-3a3e-422e-b3d0-30fcd422e487@group-FF17434BE34C: receive requestVote(ELECTION, 5e693bd7-32aa-42e7-99b2-0294dbaef363, group-FF17434BE34C, 1, (t:0, i:0))
2023-04-11 17:19:53,087 [grpc-default-executor-1] INFO  impl.VoteContext (VoteContext.java:log(49)) - 1c712de1-3a3e-422e-b3d0-30fcd422e487@group-FF17434BE34C-FOLLOWER: accept ELECTION from 5e693bd7-32aa-42e7-99b2-0294dbaef363: our priority 0 <= candidate's priority 1
2023-04-11 17:19:53,087 [grpc-default-executor-1] INFO  server.RaftServer$Division (RaftServerImpl.java:setRole(321)) - 1c712de1-3a3e-422e-b3d0-30fcd422e487@group-FF17434BE34C: changes role from  FOLLOWER to FOLLOWER at term 1 for candidate:5e693bd7-32aa-42e7-99b2-0294dbaef363
2023-04-11 17:19:53,087 [grpc-default-executor-1] INFO  impl.RoleInfo (RoleInfo.java:shutdownFollowerState(110)) - 1c712de1-3a3e-422e-b3d0-30fcd422e487: shutdown 1c712de1-3a3e-422e-b3d0-30fcd422e487@group-FF17434BE34C-FollowerState
2023-04-11 17:19:53,087 [grpc-default-executor-1] INFO  impl.RoleInfo (RoleInfo.java:updateAndGet(139)) - 1c712de1-3a3e-422e-b3d0-30fcd422e487: start 1c712de1-3a3e-422e-b3d0-30fcd422e487@group-FF17434BE34C-FollowerState
2023-04-11 17:19:53,087 [1c712de1-3a3e-422e-b3d0-30fcd422e487@group-FF17434BE34C-FollowerState] INFO  impl.FollowerState (FollowerState.java:run(152)) - 1c712de1-3a3e-422e-b3d0-30fcd422e487@group-FF17434BE34C-FollowerState was interrupted
2023-04-11 17:19:53,088 [grpc-default-executor-1] INFO  server.RaftServer$Division (RaftServerImpl.java:requestVote(1251)) - 1c712de1-3a3e-422e-b3d0-30fcd422e487@group-FF17434BE34C replies to ELECTION vote request: 5e693bd7-32aa-42e7-99b2-0294dbaef363<-1c712de1-3a3e-422e-b3d0-30fcd422e487#0:OK-t1. Peer's state: 1c712de1-3a3e-422e-b3d0-30fcd422e487@group-FF17434BE34C:t1, leader=null, voted=5e693bd7-32aa-42e7-99b2-0294dbaef363, raftlog=Memoized:1c712de1-3a3e-422e-b3d0-30fcd422e487@group-FF17434BE34C-SegmentedRaftLog:OPENED:c-1, conf=-1: peers:[5e693bd7-32aa-42e7-99b2-0294dbaef363|rpc:10.1.0.70:37609|dataStream:10.1.0.70:36051|priority:1|startupRole:FOLLOWER, 1b86d2c8-07b9-4256-9063-5eaa90b8c67a|rpc:10.1.0.70:42043|dataStream:10.1.0.70:39397|priority:0|startupRole:FOLLOWER, 1c712de1-3a3e-422e-b3d0-30fcd422e487|rpc:10.1.0.70:35255|dataStream:10.1.0.70:45841|priority:0|startupRole:FOLLOWER]|listeners:[], old=null
2023-04-11 17:19:53,089 [5e693bd7-32aa-42e7-99b2-0294dbaef363@group-FF17434BE34C-LeaderElection30] INFO  segmented.SegmentedRaftLogWorker (SegmentedRaftLogWorker.java:startLogSegment(452)) - 5e693bd7-32aa-42e7-99b2-0294dbaef363@group-FF17434BE34C-SegmentedRaftLogWorker: Starting segment from index:0
2023-04-11 17:19:53,090 [1c712de1-3a3e-422e-b3d0-30fcd422e487@group-FF17434BE34C-FollowerState] INFO  server.RaftServerConfigKeys (ConfUtils.java:logFallback(53)) - raft.server.rpc.first-election.timeout.min = 5s (fallback to raft.server.rpc.timeout.min)
2023-04-11 17:19:53,090 [1c712de1-3a3e-422e-b3d0-30fcd422e487@group-FF17434BE34C-FollowerState] INFO  server.RaftServerConfigKeys (ConfUtils.java:logFallback(53)) - raft.server.rpc.first-election.timeout.max = 5200ms (fallback to raft.server.rpc.timeout.max)
2023-04-11 17:19:53,091 [5e693bd7-32aa-42e7-99b2-0294dbaef363@group-FF17434BE34C-SegmentedRaftLogWorker] INFO  segmented.SegmentedRaftLogWorker (SegmentedRaftLogWorker.java:execute(656)) - 5e693bd7-32aa-42e7-99b2-0294dbaef363@group-FF17434BE34C-SegmentedRaftLogWorker: created new log segment /home/runner/work/ozone/ozone/hadoop-ozone/integration-test/target/test-dir/MiniOzoneClusterImpl-bb159280-bf04-4f42-bb5c-99373fe8c4eb/datanode-2/data/ratis/4ad99ebe-b172-4f21-9a5c-ff17434be34c/current/log_inprogress_0
2023-04-11 17:19:53,109 [5e693bd7-32aa-42e7-99b2-0294dbaef363@group-FF17434BE34C-LeaderElection30] INFO  server.RaftServer$Division (ServerState.java:setRaftConf(430)) - 5e693bd7-32aa-42e7-99b2-0294dbaef363@group-FF17434BE34C: set configuration 0: peers:[5e693bd7-32aa-42e7-99b2-0294dbaef363|rpc:10.1.0.70:37609|dataStream:10.1.0.70:36051|priority:1|startupRole:FOLLOWER, 1b86d2c8-07b9-4256-9063-5eaa90b8c67a|rpc:10.1.0.70:42043|dataStream:10.1.0.70:39397|priority:0|startupRole:FOLLOWER, 1c712de1-3a3e-422e-b3d0-30fcd422e487|rpc:10.1.0.70:35255|dataStream:10.1.0.70:45841|priority:0|startupRole:FOLLOWER]|listeners:[], old=null
2023-04-11 17:19:53,114 [1b86d2c8-07b9-4256-9063-5eaa90b8c67a-server-thread1] INFO  ratis.XceiverServerRatis (XceiverServerRatis.java:handleLeaderChangedNotification(904)) - Leader change notification received for group: group-FF17434BE34C with new leaderId: 5e693bd7-32aa-42e7-99b2-0294dbaef363
2023-04-11 17:19:53,114 [1b86d2c8-07b9-4256-9063-5eaa90b8c67a-server-thread1] INFO  server.RaftServer$Division (ServerState.java:setLeader(313)) - 1b86d2c8-07b9-4256-9063-5eaa90b8c67a@group-FF17434BE34C: change Leader from null to 5e693bd7-32aa-42e7-99b2-0294dbaef363 at term 1 for appendEntries, leader elected after 5118ms
2023-04-11 17:19:53,117 [1b86d2c8-07b9-4256-9063-5eaa90b8c67a-server-thread2] INFO  server.RaftServer$Division (ServerState.java:setRaftConf(430)) - 1b86d2c8-07b9-4256-9063-5eaa90b8c67a@group-FF17434BE34C: set configuration 0: peers:[5e693bd7-32aa-42e7-99b2-0294dbaef363|rpc:10.1.0.70:37609|dataStream:10.1.0.70:36051|priority:1|startupRole:FOLLOWER, 1b86d2c8-07b9-4256-9063-5eaa90b8c67a|rpc:10.1.0.70:42043|dataStream:10.1.0.70:39397|priority:0|startupRole:FOLLOWER, 1c712de1-3a3e-422e-b3d0-30fcd422e487|rpc:10.1.0.70:35255|dataStream:10.1.0.70:45841|priority:0|startupRole:FOLLOWER]|listeners:[], old=null
2023-04-11 17:19:53,117 [1b86d2c8-07b9-4256-9063-5eaa90b8c67a-server-thread2] INFO  segmented.SegmentedRaftLogWorker (SegmentedRaftLogWorker.java:startLogSegment(452)) - 1b86d2c8-07b9-4256-9063-5eaa90b8c67a@group-FF17434BE34C-SegmentedRaftLogWorker: Starting segment from index:0
2023-04-11 17:19:53,120 [1b86d2c8-07b9-4256-9063-5eaa90b8c67a@group-FF17434BE34C-SegmentedRaftLogWorker] INFO  segmented.SegmentedRaftLogWorker (SegmentedRaftLogWorker.java:execute(656)) - 1b86d2c8-07b9-4256-9063-5eaa90b8c67a@group-FF17434BE34C-SegmentedRaftLogWorker: created new log segment /home/runner/work/ozone/ozone/hadoop-ozone/integration-test/target/test-dir/MiniOzoneClusterImpl-bb159280-bf04-4f42-bb5c-99373fe8c4eb/datanode-0/data/ratis/4ad99ebe-b172-4f21-9a5c-ff17434be34c/current/log_inprogress_0
2023-04-11 17:19:53,125 [1c712de1-3a3e-422e-b3d0-30fcd422e487-server-thread2] INFO  ratis.XceiverServerRatis (XceiverServerRatis.java:handleLeaderChangedNotification(904)) - Leader change notification received for group: group-FF17434BE34C with new leaderId: 5e693bd7-32aa-42e7-99b2-0294dbaef363
2023-04-11 17:19:53,125 [1c712de1-3a3e-422e-b3d0-30fcd422e487-server-thread2] INFO  server.RaftServer$Division (ServerState.java:setLeader(313)) - 1c712de1-3a3e-422e-b3d0-30fcd422e487@group-FF17434BE34C: change Leader from null to 5e693bd7-32aa-42e7-99b2-0294dbaef363 at term 1 for appendEntries, leader elected after 5058ms
2023-04-11 17:19:53,125 [1c712de1-3a3e-422e-b3d0-30fcd422e487-server-thread1] INFO  server.RaftServer$Division (ServerState.java:setRaftConf(430)) - 1c712de1-3a3e-422e-b3d0-30fcd422e487@group-FF17434BE34C: set configuration 0: peers:[5e693bd7-32aa-42e7-99b2-0294dbaef363|rpc:10.1.0.70:37609|dataStream:10.1.0.70:36051|priority:1|startupRole:FOLLOWER, 1b86d2c8-07b9-4256-9063-5eaa90b8c67a|rpc:10.1.0.70:42043|dataStream:10.1.0.70:39397|priority:0|startupRole:FOLLOWER, 1c712de1-3a3e-422e-b3d0-30fcd422e487|rpc:10.1.0.70:35255|dataStream:10.1.0.70:45841|priority:0|startupRole:FOLLOWER]|listeners:[], old=null
2023-04-11 17:19:53,126 [1c712de1-3a3e-422e-b3d0-30fcd422e487-server-thread1] INFO  segmented.SegmentedRaftLogWorker (SegmentedRaftLogWorker.java:startLogSegment(452)) - 1c712de1-3a3e-422e-b3d0-30fcd422e487@group-FF17434BE34C-SegmentedRaftLogWorker: Starting segment from index:0
2023-04-11 17:19:53,127 [1c712de1-3a3e-422e-b3d0-30fcd422e487@group-FF17434BE34C-SegmentedRaftLogWorker] INFO  segmented.SegmentedRaftLogWorker (SegmentedRaftLogWorker.java:execute(656)) - 1c712de1-3a3e-422e-b3d0-30fcd422e487@group-FF17434BE34C-SegmentedRaftLogWorker: created new log segment /home/runner/work/ozone/ozone/hadoop-ozone/integration-test/target/test-dir/MiniOzoneClusterImpl-bb159280-bf04-4f42-bb5c-99373fe8c4eb/datanode-1/data/ratis/4ad99ebe-b172-4f21-9a5c-ff17434be34c/current/log_inprogress_0
2023-04-11 17:19:53,177 [1b86d2c8-07b9-4256-9063-5eaa90b8c67a@group-86B78964EB9D-FollowerState] INFO  impl.FollowerState (FollowerState.java:run(143)) - 1b86d2c8-07b9-4256-9063-5eaa90b8c67a@group-86B78964EB9D-FollowerState: change to CANDIDATE, lastRpcElapsedTime:5186807924ns, electionTimeout:5186ms
2023-04-11 17:19:53,177 [1b86d2c8-07b9-4256-9063-5eaa90b8c67a@group-86B78964EB9D-FollowerState] INFO  impl.RoleInfo (RoleInfo.java:shutdownFollowerState(110)) - 1b86d2c8-07b9-4256-9063-5eaa90b8c67a: shutdown 1b86d2c8-07b9-4256-9063-5eaa90b8c67a@group-86B78964EB9D-FollowerState
2023-04-11 17:19:53,177 [1b86d2c8-07b9-4256-9063-5eaa90b8c67a@group-86B78964EB9D-FollowerState] INFO  server.RaftServer$Division (RaftServerImpl.java:setRole(321)) - 1b86d2c8-07b9-4256-9063-5eaa90b8c67a@group-86B78964EB9D: changes role from  FOLLOWER to CANDIDATE at term 0 for changeToCandidate
2023-04-11 17:19:53,178 [1b86d2c8-07b9-4256-9063-5eaa90b8c67a@group-86B78964EB9D-FollowerState] INFO  server.RaftServerConfigKeys (ConfUtils.java:logGet(46)) - raft.server.leaderelection.pre-vote = true (default)
2023-04-11 17:19:53,178 [1b86d2c8-07b9-4256-9063-5eaa90b8c67a@group-86B78964EB9D-FollowerState] INFO  impl.RoleInfo (RoleInfo.java:updateAndGet(139)) - 1b86d2c8-07b9-4256-9063-5eaa90b8c67a: start 1b86d2c8-07b9-4256-9063-5eaa90b8c67a@group-86B78964EB9D-LeaderElection31
2023-04-11 17:19:53,180 [1b86d2c8-07b9-4256-9063-5eaa90b8c67a@group-86B78964EB9D-LeaderElection31] INFO  impl.LeaderElection (LeaderElection.java:askForVotes(312)) - 1b86d2c8-07b9-4256-9063-5eaa90b8c67a@group-86B78964EB9D-LeaderElection31 PRE_VOTE round 0: submit vote requests at term 0 for -1: peers:[1b86d2c8-07b9-4256-9063-5eaa90b8c67a|rpc:10.1.0.70:42043|dataStream:10.1.0.70:39397|priority:1|startupRole:FOLLOWER]|listeners:[], old=null
2023-04-11 17:19:53,180 [1b86d2c8-07b9-4256-9063-5eaa90b8c67a@group-86B78964EB9D-LeaderElection31] INFO  impl.LeaderElection (LeaderElection.java:askForVotes(314)) - 1b86d2c8-07b9-4256-9063-5eaa90b8c67a@group-86B78964EB9D-LeaderElection31 PRE_VOTE round 0: result PASSED (term=0)
2023-04-11 17:19:53,180 [1b86d2c8-07b9-4256-9063-5eaa90b8c67a@group-B32C27877F27-FollowerState] INFO  impl.FollowerState (FollowerState.java:run(143)) - 1b86d2c8-07b9-4256-9063-5eaa90b8c67a@group-B32C27877F27-FollowerState: change to CANDIDATE, lastRpcElapsedTime:5014209438ns, electionTimeout:5004ms
2023-04-11 17:19:53,180 [1b86d2c8-07b9-4256-9063-5eaa90b8c67a@group-B32C27877F27-FollowerState] INFO  impl.RoleInfo (RoleInfo.java:shutdownFollowerState(110)) - 1b86d2c8-07b9-4256-9063-5eaa90b8c67a: shutdown 1b86d2c8-07b9-4256-9063-5eaa90b8c67a@group-B32C27877F27-FollowerState
2023-04-11 17:19:53,180 [1b86d2c8-07b9-4256-9063-5eaa90b8c67a@group-B32C27877F27-FollowerState] INFO  server.RaftServer$Division (RaftServerImpl.java:setRole(321)) - 1b86d2c8-07b9-4256-9063-5eaa90b8c67a@group-B32C27877F27: changes role from  FOLLOWER to CANDIDATE at term 0 for changeToCandidate
2023-04-11 17:19:53,180 [1b86d2c8-07b9-4256-9063-5eaa90b8c67a@group-B32C27877F27-FollowerState] INFO  server.RaftServerConfigKeys (ConfUtils.java:logGet(46)) - raft.server.leaderelection.pre-vote = true (default)
2023-04-11 17:19:53,180 [1b86d2c8-07b9-4256-9063-5eaa90b8c67a@group-B32C27877F27-FollowerState] INFO  impl.RoleInfo (RoleInfo.java:updateAndGet(139)) - 1b86d2c8-07b9-4256-9063-5eaa90b8c67a: start 1b86d2c8-07b9-4256-9063-5eaa90b8c67a@group-B32C27877F27-LeaderElection32
2023-04-11 17:19:53,182 [1b86d2c8-07b9-4256-9063-5eaa90b8c67a@group-86B78964EB9D-LeaderElection31] INFO  impl.LeaderElection (LeaderElection.java:askForVotes(312)) - 1b86d2c8-07b9-4256-9063-5eaa90b8c67a@group-86B78964EB9D-LeaderElection31 ELECTION round 0: submit vote requests at term 1 for -1: peers:[1b86d2c8-07b9-4256-9063-5eaa90b8c67a|rpc:10.1.0.70:42043|dataStream:10.1.0.70:39397|priority:1|startupRole:FOLLOWER]|listeners:[], old=null
2023-04-11 17:19:53,182 [1b86d2c8-07b9-4256-9063-5eaa90b8c67a@group-86B78964EB9D-LeaderElection31] INFO  impl.LeaderElection (LeaderElection.java:askForVotes(314)) - 1b86d2c8-07b9-4256-9063-5eaa90b8c67a@group-86B78964EB9D-LeaderElection31 ELECTION round 0: result PASSED (term=1)
2023-04-11 17:19:53,182 [1b86d2c8-07b9-4256-9063-5eaa90b8c67a@group-86B78964EB9D-LeaderElection31] INFO  impl.RoleInfo (RoleInfo.java:shutdownLeaderElection(130)) - 1b86d2c8-07b9-4256-9063-5eaa90b8c67a: shutdown 1b86d2c8-07b9-4256-9063-5eaa90b8c67a@group-86B78964EB9D-LeaderElection31
2023-04-11 17:19:53,182 [1b86d2c8-07b9-4256-9063-5eaa90b8c67a@group-86B78964EB9D-LeaderElection31] INFO  server.RaftServer$Division (RaftServerImpl.java:setRole(321)) - 1b86d2c8-07b9-4256-9063-5eaa90b8c67a@group-86B78964EB9D: changes role from CANDIDATE to LEADER at term 1 for changeToLeader
2023-04-11 17:19:53,182 [1b86d2c8-07b9-4256-9063-5eaa90b8c67a@group-86B78964EB9D-LeaderElection31] INFO  ratis.XceiverServerRatis (XceiverServerRatis.java:handleLeaderChangedNotification(904)) - Leader change notification received for group: group-86B78964EB9D with new leaderId: 1b86d2c8-07b9-4256-9063-5eaa90b8c67a
2023-04-11 17:19:53,182 [1b86d2c8-07b9-4256-9063-5eaa90b8c67a@group-86B78964EB9D-LeaderElection31] INFO  server.RaftServer$Division (ServerState.java:setLeader(313)) - 1b86d2c8-07b9-4256-9063-5eaa90b8c67a@group-86B78964EB9D: change Leader from null to 1b86d2c8-07b9-4256-9063-5eaa90b8c67a at term 1 for becomeLeader, leader elected after 5208ms
2023-04-11 17:19:53,182 [1b86d2c8-07b9-4256-9063-5eaa90b8c67a@group-86B78964EB9D-LeaderElection31] INFO  server.RaftServerConfigKeys (ConfUtils.java:logGet(46)) - raft.server.staging.catchup.gap = 1000 (default)
2023-04-11 17:19:53,183 [1b86d2c8-07b9-4256-9063-5eaa90b8c67a@group-86B78964EB9D-LeaderElection31] INFO  server.RaftServerConfigKeys (ConfUtils.java:logGet(46)) - raft.server.write.element-limit = 1024 (custom)
2023-04-11 17:19:53,183 [1b86d2c8-07b9-4256-9063-5eaa90b8c67a@group-86B78964EB9D-LeaderElection31] INFO  server.RaftServerConfigKeys (ConfUtils.java:logGet(46)) - raft.server.write.byte-limit = 1024 M (=1073741824) (custom)
2023-04-11 17:19:53,183 [1b86d2c8-07b9-4256-9063-5eaa90b8c67a@group-86B78964EB9D-LeaderElection31] INFO  server.RaftServerConfigKeys (ConfUtils.java:logGet(46)) - raft.server.watch.timeout = 180s (custom)
2023-04-11 17:19:53,183 [1b86d2c8-07b9-4256-9063-5eaa90b8c67a@group-86B78964EB9D-LeaderElection31] INFO  server.RaftServerConfigKeys (ConfUtils.java:logGet(46)) - raft.server.watch.timeout.denomination = 1s (default)
2023-04-11 17:19:53,183 [1b86d2c8-07b9-4256-9063-5eaa90b8c67a@group-86B78964EB9D-LeaderElection31] INFO  server.RaftServerConfigKeys (ConfUtils.java:logGet(46)) - raft.server.watch.element-limit = 65536 (default)
2023-04-11 17:19:53,183 [1b86d2c8-07b9-4256-9063-5eaa90b8c67a@group-86B78964EB9D-LeaderElection31] INFO  server.RaftServerConfigKeys (ConfUtils.java:logGet(46)) - raft.server.write.element-limit = 1024 (custom)
2023-04-11 17:19:53,183 [1b86d2c8-07b9-4256-9063-5eaa90b8c67a@group-86B78964EB9D-LeaderElection31] INFO  server.RaftServerConfigKeys (ConfUtils.java:logGet(46)) - raft.server.write.follower.gap.ratio.max = -1.0 (default)
2023-04-11 17:19:53,183 [1b86d2c8-07b9-4256-9063-5eaa90b8c67a@group-86B78964EB9D-LeaderElection31] INFO  impl.RoleInfo (RoleInfo.java:updateAndGet(139)) - 1b86d2c8-07b9-4256-9063-5eaa90b8c67a: start 1b86d2c8-07b9-4256-9063-5eaa90b8c67a@group-86B78964EB9D-LeaderStateImpl
2023-04-11 17:19:53,183 [1b86d2c8-07b9-4256-9063-5eaa90b8c67a@group-86B78964EB9D-LeaderElection31] INFO  segmented.SegmentedRaftLogWorker (SegmentedRaftLogWorker.java:startLogSegment(452)) - 1b86d2c8-07b9-4256-9063-5eaa90b8c67a@group-86B78964EB9D-SegmentedRaftLogWorker: Starting segment from index:0
2023-04-11 17:19:53,185 [1b86d2c8-07b9-4256-9063-5eaa90b8c67a@group-86B78964EB9D-SegmentedRaftLogWorker] INFO  segmented.SegmentedRaftLogWorker (SegmentedRaftLogWorker.java:execute(656)) - 1b86d2c8-07b9-4256-9063-5eaa90b8c67a@group-86B78964EB9D-SegmentedRaftLogWorker: created new log segment /home/runner/work/ozone/ozone/hadoop-ozone/integration-test/target/test-dir/MiniOzoneClusterImpl-bb159280-bf04-4f42-bb5c-99373fe8c4eb/datanode-0/data/ratis/38314401-5dee-47fb-adb6-86b78964eb9d/current/log_inprogress_0
2023-04-11 17:19:53,186 [1b86d2c8-07b9-4256-9063-5eaa90b8c67a@group-86B78964EB9D-LeaderElection31] INFO  server.RaftServer$Division (ServerState.java:setRaftConf(430)) - 1b86d2c8-07b9-4256-9063-5eaa90b8c67a@group-86B78964EB9D: set configuration 0: peers:[1b86d2c8-07b9-4256-9063-5eaa90b8c67a|rpc:10.1.0.70:42043|dataStream:10.1.0.70:39397|priority:1|startupRole:FOLLOWER]|listeners:[], old=null
2023-04-11 17:19:53,186 [1b86d2c8-07b9-4256-9063-5eaa90b8c67a@group-B32C27877F27-LeaderElection32] INFO  impl.LeaderElection (LeaderElection.java:askForVotes(312)) - 1b86d2c8-07b9-4256-9063-5eaa90b8c67a@group-B32C27877F27-LeaderElection32 PRE_VOTE round 0: submit vote requests at term 0 for -1: peers:[5e693bd7-32aa-42e7-99b2-0294dbaef363|rpc:10.1.0.70:37609|dataStream:10.1.0.70:36051|priority:0|startupRole:FOLLOWER, 1b86d2c8-07b9-4256-9063-5eaa90b8c67a|rpc:10.1.0.70:42043|dataStream:10.1.0.70:39397|priority:0|startupRole:FOLLOWER, 1c712de1-3a3e-422e-b3d0-30fcd422e487|rpc:10.1.0.70:35255|dataStream:10.1.0.70:45841|priority:1|startupRole:FOLLOWER]|listeners:[], old=null
2023-04-11 17:19:53,187 [1b86d2c8-07b9-4256-9063-5eaa90b8c67a@group-B32C27877F27-LeaderElection32-1] INFO  server.GrpcServerProtocolClient (GrpcServerProtocolClient.java:<init>(63)) - Build channel for 5e693bd7-32aa-42e7-99b2-0294dbaef363
2023-04-11 17:19:53,187 [1b86d2c8-07b9-4256-9063-5eaa90b8c67a@group-B32C27877F27-LeaderElection32] INFO  server.RaftServerConfigKeys (ConfUtils.java:logFallback(53)) - raft.server.rpc.first-election.timeout.min = 5s (fallback to raft.server.rpc.timeout.min)
2023-04-11 17:19:53,188 [1b86d2c8-07b9-4256-9063-5eaa90b8c67a@group-B32C27877F27-LeaderElection32] INFO  server.RaftServerConfigKeys (ConfUtils.java:logFallback(53)) - raft.server.rpc.first-election.timeout.max = 5200ms (fallback to raft.server.rpc.timeout.max)
2023-04-11 17:19:53,188 [1b86d2c8-07b9-4256-9063-5eaa90b8c67a@group-B32C27877F27-LeaderElection32-2] INFO  server.GrpcServerProtocolClient (GrpcServerProtocolClient.java:<init>(63)) - Build channel for 1c712de1-3a3e-422e-b3d0-30fcd422e487
2023-04-11 17:19:53,199 [grpc-default-executor-2] INFO  server.RaftServer$Division (RaftServerImpl.java:requestVote(1218)) - 1c712de1-3a3e-422e-b3d0-30fcd422e487@group-B32C27877F27: receive requestVote(PRE_VOTE, 1b86d2c8-07b9-4256-9063-5eaa90b8c67a, group-B32C27877F27, 0, (t:0, i:0))
2023-04-11 17:19:53,199 [grpc-default-executor-2] INFO  impl.VoteContext (VoteContext.java:log(49)) - 1c712de1-3a3e-422e-b3d0-30fcd422e487@group-B32C27877F27-FOLLOWER: reject PRE_VOTE from 1b86d2c8-07b9-4256-9063-5eaa90b8c67a: our priority 1 > candidate's priority 0
2023-04-11 17:19:53,199 [grpc-default-executor-2] INFO  server.RaftServer$Division (RaftServerImpl.java:requestVote(1251)) - 1c712de1-3a3e-422e-b3d0-30fcd422e487@group-B32C27877F27 replies to PRE_VOTE vote request: 1b86d2c8-07b9-4256-9063-5eaa90b8c67a<-1c712de1-3a3e-422e-b3d0-30fcd422e487#0:FAIL-t0. Peer's state: 1c712de1-3a3e-422e-b3d0-30fcd422e487@group-B32C27877F27:t0, leader=null, voted=, raftlog=Memoized:1c712de1-3a3e-422e-b3d0-30fcd422e487@group-B32C27877F27-SegmentedRaftLog:OPENED:c-1, conf=-1: peers:[5e693bd7-32aa-42e7-99b2-0294dbaef363|rpc:10.1.0.70:37609|dataStream:10.1.0.70:36051|priority:0|startupRole:FOLLOWER, 1b86d2c8-07b9-4256-9063-5eaa90b8c67a|rpc:10.1.0.70:42043|dataStream:10.1.0.70:39397|priority:0|startupRole:FOLLOWER, 1c712de1-3a3e-422e-b3d0-30fcd422e487|rpc:10.1.0.70:35255|dataStream:10.1.0.70:45841|priority:1|startupRole:FOLLOWER]|listeners:[], old=null
2023-04-11 17:19:53,205 [1b86d2c8-07b9-4256-9063-5eaa90b8c67a@group-B32C27877F27-LeaderElection32] INFO  impl.LeaderElection (LeaderElection.java:logAndReturn(90)) - 1b86d2c8-07b9-4256-9063-5eaa90b8c67a@group-B32C27877F27-LeaderElection32: PRE_VOTE REJECTED received 1 response(s) and 0 exception(s):
2023-04-11 17:19:53,205 [1b86d2c8-07b9-4256-9063-5eaa90b8c67a@group-B32C27877F27-LeaderElection32] INFO  impl.LeaderElection (LeaderElection.java:logAndReturn(94)) -   Response 0: 1b86d2c8-07b9-4256-9063-5eaa90b8c67a<-1c712de1-3a3e-422e-b3d0-30fcd422e487#0:FAIL-t0
2023-04-11 17:19:53,205 [1b86d2c8-07b9-4256-9063-5eaa90b8c67a@group-B32C27877F27-LeaderElection32] INFO  impl.LeaderElection (LeaderElection.java:askForVotes(314)) - 1b86d2c8-07b9-4256-9063-5eaa90b8c67a@group-B32C27877F27-LeaderElection32 PRE_VOTE round 0: result REJECTED
2023-04-11 17:19:53,205 [1b86d2c8-07b9-4256-9063-5eaa90b8c67a@group-B32C27877F27-LeaderElection32] INFO  server.RaftServer$Division (RaftServerImpl.java:setRole(321)) - 1b86d2c8-07b9-4256-9063-5eaa90b8c67a@group-B32C27877F27: changes role from CANDIDATE to FOLLOWER at term 0 for REJECTED
2023-04-11 17:19:53,205 [1b86d2c8-07b9-4256-9063-5eaa90b8c67a@group-B32C27877F27-LeaderElection32] INFO  impl.RoleInfo (RoleInfo.java:shutdownLeaderElection(130)) - 1b86d2c8-07b9-4256-9063-5eaa90b8c67a: shutdown 1b86d2c8-07b9-4256-9063-5eaa90b8c67a@group-B32C27877F27-LeaderElection32
2023-04-11 17:19:53,205 [1b86d2c8-07b9-4256-9063-5eaa90b8c67a@group-B32C27877F27-LeaderElection32] INFO  impl.RoleInfo (RoleInfo.java:updateAndGet(139)) - 1b86d2c8-07b9-4256-9063-5eaa90b8c67a: start 1b86d2c8-07b9-4256-9063-5eaa90b8c67a@group-B32C27877F27-FollowerState
2023-04-11 17:19:53,213 [1b86d2c8-07b9-4256-9063-5eaa90b8c67a@group-B32C27877F27-FollowerState] INFO  server.RaftServerConfigKeys (ConfUtils.java:logFallback(53)) - raft.server.rpc.first-election.timeout.min = 5s (fallback to raft.server.rpc.timeout.min)
2023-04-11 17:19:53,213 [1b86d2c8-07b9-4256-9063-5eaa90b8c67a@group-B32C27877F27-FollowerState] INFO  server.RaftServerConfigKeys (ConfUtils.java:logFallback(53)) - raft.server.rpc.first-election.timeout.max = 5200ms (fallback to raft.server.rpc.timeout.max)
2023-04-11 17:19:53,213 [grpc-default-executor-2] INFO  server.RaftServer$Division (RaftServerImpl.java:requestVote(1218)) - 5e693bd7-32aa-42e7-99b2-0294dbaef363@group-B32C27877F27: receive requestVote(PRE_VOTE, 1b86d2c8-07b9-4256-9063-5eaa90b8c67a, group-B32C27877F27, 0, (t:0, i:0))
2023-04-11 17:19:53,213 [grpc-default-executor-2] INFO  impl.VoteContext (VoteContext.java:log(49)) - 5e693bd7-32aa-42e7-99b2-0294dbaef363@group-B32C27877F27-FOLLOWER: accept PRE_VOTE from 1b86d2c8-07b9-4256-9063-5eaa90b8c67a: our priority 0 <= candidate's priority 0
2023-04-11 17:19:53,213 [grpc-default-executor-2] INFO  server.RaftServer$Division (RaftServerImpl.java:requestVote(1251)) - 5e693bd7-32aa-42e7-99b2-0294dbaef363@group-B32C27877F27 replies to PRE_VOTE vote request: 1b86d2c8-07b9-4256-9063-5eaa90b8c67a<-5e693bd7-32aa-42e7-99b2-0294dbaef363#0:OK-t0. Peer's state: 5e693bd7-32aa-42e7-99b2-0294dbaef363@group-B32C27877F27:t0, leader=null, voted=, raftlog=Memoized:5e693bd7-32aa-42e7-99b2-0294dbaef363@group-B32C27877F27-SegmentedRaftLog:OPENED:c-1, conf=-1: peers:[5e693bd7-32aa-42e7-99b2-0294dbaef363|rpc:10.1.0.70:37609|dataStream:10.1.0.70:36051|priority:0|startupRole:FOLLOWER, 1b86d2c8-07b9-4256-9063-5eaa90b8c67a|rpc:10.1.0.70:42043|dataStream:10.1.0.70:39397|priority:0|startupRole:FOLLOWER, 1c712de1-3a3e-422e-b3d0-30fcd422e487|rpc:10.1.0.70:35255|dataStream:10.1.0.70:45841|priority:1|startupRole:FOLLOWER]|listeners:[], old=null
2023-04-11 17:19:53,271 [5e693bd7-32aa-42e7-99b2-0294dbaef363@group-B32C27877F27-FollowerState] INFO  server.RaftServerConfigKeys (ConfUtils.java:logFallback(53)) - raft.server.rpc.first-election.timeout.min = 5s (fallback to raft.server.rpc.timeout.min)
2023-04-11 17:19:53,271 [5e693bd7-32aa-42e7-99b2-0294dbaef363@group-B32C27877F27-FollowerState] INFO  server.RaftServerConfigKeys (ConfUtils.java:logFallback(53)) - raft.server.rpc.first-election.timeout.max = 5200ms (fallback to raft.server.rpc.timeout.max)
2023-04-11 17:19:53,298 [1c712de1-3a3e-422e-b3d0-30fcd422e487@group-B32C27877F27-FollowerState] INFO  impl.FollowerState (FollowerState.java:run(143)) - 1c712de1-3a3e-422e-b3d0-30fcd422e487@group-B32C27877F27-FollowerState: change to CANDIDATE, lastRpcElapsedTime:5102710137ns, electionTimeout:5101ms
2023-04-11 17:19:53,299 [1c712de1-3a3e-422e-b3d0-30fcd422e487@group-B32C27877F27-FollowerState] INFO  impl.RoleInfo (RoleInfo.java:shutdownFollowerState(110)) - 1c712de1-3a3e-422e-b3d0-30fcd422e487: shutdown 1c712de1-3a3e-422e-b3d0-30fcd422e487@group-B32C27877F27-FollowerState
2023-04-11 17:19:53,299 [1c712de1-3a3e-422e-b3d0-30fcd422e487@group-B32C27877F27-FollowerState] INFO  server.RaftServer$Division (RaftServerImpl.java:setRole(321)) - 1c712de1-3a3e-422e-b3d0-30fcd422e487@group-B32C27877F27: changes role from  FOLLOWER to CANDIDATE at term 0 for changeToCandidate
2023-04-11 17:19:53,299 [1c712de1-3a3e-422e-b3d0-30fcd422e487@group-B32C27877F27-FollowerState] INFO  server.RaftServerConfigKeys (ConfUtils.java:logGet(46)) - raft.server.leaderelection.pre-vote = true (default)
2023-04-11 17:19:53,299 [1c712de1-3a3e-422e-b3d0-30fcd422e487@group-B32C27877F27-FollowerState] INFO  impl.RoleInfo (RoleInfo.java:updateAndGet(139)) - 1c712de1-3a3e-422e-b3d0-30fcd422e487: start 1c712de1-3a3e-422e-b3d0-30fcd422e487@group-B32C27877F27-LeaderElection33
2023-04-11 17:19:53,300 [1c712de1-3a3e-422e-b3d0-30fcd422e487@group-B32C27877F27-LeaderElection33] INFO  impl.LeaderElection (LeaderElection.java:askForVotes(312)) - 1c712de1-3a3e-422e-b3d0-30fcd422e487@group-B32C27877F27-LeaderElection33 PRE_VOTE round 0: submit vote requests at term 0 for -1: peers:[5e693bd7-32aa-42e7-99b2-0294dbaef363|rpc:10.1.0.70:37609|dataStream:10.1.0.70:36051|priority:0|startupRole:FOLLOWER, 1b86d2c8-07b9-4256-9063-5eaa90b8c67a|rpc:10.1.0.70:42043|dataStream:10.1.0.70:39397|priority:0|startupRole:FOLLOWER, 1c712de1-3a3e-422e-b3d0-30fcd422e487|rpc:10.1.0.70:35255|dataStream:10.1.0.70:45841|priority:1|startupRole:FOLLOWER]|listeners:[], old=null
2023-04-11 17:19:53,301 [1c712de1-3a3e-422e-b3d0-30fcd422e487@group-B32C27877F27-LeaderElection33] INFO  server.RaftServerConfigKeys (ConfUtils.java:logFallback(53)) - raft.server.rpc.first-election.timeout.min = 5s (fallback to raft.server.rpc.timeout.min)
2023-04-11 17:19:53,301 [1c712de1-3a3e-422e-b3d0-30fcd422e487@group-B32C27877F27-LeaderElection33-1] INFO  server.GrpcServerProtocolClient (GrpcServerProtocolClient.java:<init>(63)) - Build channel for 5e693bd7-32aa-42e7-99b2-0294dbaef363
2023-04-11 17:19:53,301 [1c712de1-3a3e-422e-b3d0-30fcd422e487@group-B32C27877F27-LeaderElection33] INFO  server.RaftServerConfigKeys (ConfUtils.java:logFallback(53)) - raft.server.rpc.first-election.timeout.max = 5200ms (fallback to raft.server.rpc.timeout.max)
2023-04-11 17:19:53,301 [1c712de1-3a3e-422e-b3d0-30fcd422e487@group-B32C27877F27-LeaderElection33-2] INFO  server.GrpcServerProtocolClient (GrpcServerProtocolClient.java:<init>(63)) - Build channel for 1b86d2c8-07b9-4256-9063-5eaa90b8c67a
2023-04-11 17:19:53,308 [grpc-default-executor-2] INFO  server.RaftServer$Division (RaftServerImpl.java:requestVote(1218)) - 5e693bd7-32aa-42e7-99b2-0294dbaef363@group-B32C27877F27: receive requestVote(PRE_VOTE, 1c712de1-3a3e-422e-b3d0-30fcd422e487, group-B32C27877F27, 0, (t:0, i:0))
2023-04-11 17:19:53,309 [grpc-default-executor-2] INFO  impl.VoteContext (VoteContext.java:log(49)) - 5e693bd7-32aa-42e7-99b2-0294dbaef363@group-B32C27877F27-FOLLOWER: accept PRE_VOTE from 1c712de1-3a3e-422e-b3d0-30fcd422e487: our priority 0 <= candidate's priority 1
2023-04-11 17:19:53,309 [grpc-default-executor-2] INFO  server.RaftServer$Division (RaftServerImpl.java:requestVote(1251)) - 5e693bd7-32aa-42e7-99b2-0294dbaef363@group-B32C27877F27 replies to PRE_VOTE vote request: 1c712de1-3a3e-422e-b3d0-30fcd422e487<-5e693bd7-32aa-42e7-99b2-0294dbaef363#0:OK-t0. Peer's state: 5e693bd7-32aa-42e7-99b2-0294dbaef363@group-B32C27877F27:t0, leader=null, voted=, raftlog=Memoized:5e693bd7-32aa-42e7-99b2-0294dbaef363@group-B32C27877F27-SegmentedRaftLog:OPENED:c-1, conf=-1: peers:[5e693bd7-32aa-42e7-99b2-0294dbaef363|rpc:10.1.0.70:37609|dataStream:10.1.0.70:36051|priority:0|startupRole:FOLLOWER, 1b86d2c8-07b9-4256-9063-5eaa90b8c67a|rpc:10.1.0.70:42043|dataStream:10.1.0.70:39397|priority:0|startupRole:FOLLOWER, 1c712de1-3a3e-422e-b3d0-30fcd422e487|rpc:10.1.0.70:35255|dataStream:10.1.0.70:45841|priority:1|startupRole:FOLLOWER]|listeners:[], old=null
2023-04-11 17:19:53,313 [grpc-default-executor-2] INFO  server.RaftServer$Division (RaftServerImpl.java:requestVote(1218)) - 1b86d2c8-07b9-4256-9063-5eaa90b8c67a@group-B32C27877F27: receive requestVote(PRE_VOTE, 1c712de1-3a3e-422e-b3d0-30fcd422e487, group-B32C27877F27, 0, (t:0, i:0))
2023-04-11 17:19:53,313 [grpc-default-executor-2] INFO  impl.VoteContext (VoteContext.java:log(49)) - 1b86d2c8-07b9-4256-9063-5eaa90b8c67a@group-B32C27877F27-FOLLOWER: accept PRE_VOTE from 1c712de1-3a3e-422e-b3d0-30fcd422e487: our priority 0 <= candidate's priority 1
2023-04-11 17:19:53,313 [grpc-default-executor-2] INFO  server.RaftServer$Division (RaftServerImpl.java:requestVote(1251)) - 1b86d2c8-07b9-4256-9063-5eaa90b8c67a@group-B32C27877F27 replies to PRE_VOTE vote request: 1c712de1-3a3e-422e-b3d0-30fcd422e487<-1b86d2c8-07b9-4256-9063-5eaa90b8c67a#0:OK-t0. Peer's state: 1b86d2c8-07b9-4256-9063-5eaa90b8c67a@group-B32C27877F27:t0, leader=null, voted=, raftlog=Memoized:1b86d2c8-07b9-4256-9063-5eaa90b8c67a@group-B32C27877F27-SegmentedRaftLog:OPENED:c-1, conf=-1: peers:[5e693bd7-32aa-42e7-99b2-0294dbaef363|rpc:10.1.0.70:37609|dataStream:10.1.0.70:36051|priority:0|startupRole:FOLLOWER, 1b86d2c8-07b9-4256-9063-5eaa90b8c67a|rpc:10.1.0.70:42043|dataStream:10.1.0.70:39397|priority:0|startupRole:FOLLOWER, 1c712de1-3a3e-422e-b3d0-30fcd422e487|rpc:10.1.0.70:35255|dataStream:10.1.0.70:45841|priority:1|startupRole:FOLLOWER]|listeners:[], old=null
2023-04-11 17:19:53,316 [1c712de1-3a3e-422e-b3d0-30fcd422e487@group-B32C27877F27-LeaderElection33] INFO  impl.LeaderElection (LeaderElection.java:logAndReturn(90)) - 1c712de1-3a3e-422e-b3d0-30fcd422e487@group-B32C27877F27-LeaderElection33: PRE_VOTE PASSED received 1 response(s) and 0 exception(s):
2023-04-11 17:19:53,316 [1c712de1-3a3e-422e-b3d0-30fcd422e487@group-B32C27877F27-LeaderElection33] INFO  impl.LeaderElection (LeaderElection.java:logAndReturn(94)) -   Response 0: 1c712de1-3a3e-422e-b3d0-30fcd422e487<-1b86d2c8-07b9-4256-9063-5eaa90b8c67a#0:OK-t0
2023-04-11 17:19:53,316 [1c712de1-3a3e-422e-b3d0-30fcd422e487@group-B32C27877F27-LeaderElection33] INFO  impl.LeaderElection (LeaderElection.java:askForVotes(314)) - 1c712de1-3a3e-422e-b3d0-30fcd422e487@group-B32C27877F27-LeaderElection33 PRE_VOTE round 0: result PASSED
2023-04-11 17:19:53,318 [1c712de1-3a3e-422e-b3d0-30fcd422e487@group-B32C27877F27-LeaderElection33] INFO  impl.LeaderElection (LeaderElection.java:askForVotes(312)) - 1c712de1-3a3e-422e-b3d0-30fcd422e487@group-B32C27877F27-LeaderElection33 ELECTION round 0: submit vote requests at term 1 for -1: peers:[5e693bd7-32aa-42e7-99b2-0294dbaef363|rpc:10.1.0.70:37609|dataStream:10.1.0.70:36051|priority:0|startupRole:FOLLOWER, 1b86d2c8-07b9-4256-9063-5eaa90b8c67a|rpc:10.1.0.70:42043|dataStream:10.1.0.70:39397|priority:0|startupRole:FOLLOWER, 1c712de1-3a3e-422e-b3d0-30fcd422e487|rpc:10.1.0.70:35255|dataStream:10.1.0.70:45841|priority:1|startupRole:FOLLOWER]|listeners:[], old=null
2023-04-11 17:19:53,319 [1c712de1-3a3e-422e-b3d0-30fcd422e487@group-B32C27877F27-LeaderElection33] INFO  server.RaftServerConfigKeys (ConfUtils.java:logFallback(53)) - raft.server.rpc.first-election.timeout.min = 5s (fallback to raft.server.rpc.timeout.min)
2023-04-11 17:19:53,319 [1c712de1-3a3e-422e-b3d0-30fcd422e487@group-B32C27877F27-LeaderElection33] INFO  server.RaftServerConfigKeys (ConfUtils.java:logFallback(53)) - raft.server.rpc.first-election.timeout.max = 5200ms (fallback to raft.server.rpc.timeout.max)
2023-04-11 17:19:53,322 [grpc-default-executor-2] INFO  server.RaftServer$Division (RaftServerImpl.java:requestVote(1218)) - 5e693bd7-32aa-42e7-99b2-0294dbaef363@group-B32C27877F27: receive requestVote(ELECTION, 1c712de1-3a3e-422e-b3d0-30fcd422e487, group-B32C27877F27, 1, (t:0, i:0))
2023-04-11 17:19:53,322 [grpc-default-executor-2] INFO  impl.VoteContext (VoteContext.java:log(49)) - 5e693bd7-32aa-42e7-99b2-0294dbaef363@group-B32C27877F27-FOLLOWER: accept ELECTION from 1c712de1-3a3e-422e-b3d0-30fcd422e487: our priority 0 <= candidate's priority 1
2023-04-11 17:19:53,322 [grpc-default-executor-2] INFO  server.RaftServer$Division (RaftServerImpl.java:setRole(321)) - 5e693bd7-32aa-42e7-99b2-0294dbaef363@group-B32C27877F27: changes role from  FOLLOWER to FOLLOWER at term 1 for candidate:1c712de1-3a3e-422e-b3d0-30fcd422e487
2023-04-11 17:19:53,322 [grpc-default-executor-2] INFO  impl.RoleInfo (RoleInfo.java:shutdownFollowerState(110)) - 5e693bd7-32aa-42e7-99b2-0294dbaef363: shutdown 5e693bd7-32aa-42e7-99b2-0294dbaef363@group-B32C27877F27-FollowerState
2023-04-11 17:19:53,322 [grpc-default-executor-2] INFO  impl.RoleInfo (RoleInfo.java:updateAndGet(139)) - 5e693bd7-32aa-42e7-99b2-0294dbaef363: start 5e693bd7-32aa-42e7-99b2-0294dbaef363@group-B32C27877F27-FollowerState
2023-04-11 17:19:53,322 [5e693bd7-32aa-42e7-99b2-0294dbaef363@group-B32C27877F27-FollowerState] INFO  impl.FollowerState (FollowerState.java:run(152)) - 5e693bd7-32aa-42e7-99b2-0294dbaef363@group-B32C27877F27-FollowerState was interrupted
2023-04-11 17:19:53,325 [5e693bd7-32aa-42e7-99b2-0294dbaef363@group-B32C27877F27-FollowerState] INFO  server.RaftServerConfigKeys (ConfUtils.java:logFallback(53)) - raft.server.rpc.first-election.timeout.min = 5s (fallback to raft.server.rpc.timeout.min)
2023-04-11 17:19:53,325 [5e693bd7-32aa-42e7-99b2-0294dbaef363@group-B32C27877F27-FollowerState] INFO  server.RaftServerConfigKeys (ConfUtils.java:logFallback(53)) - raft.server.rpc.first-election.timeout.max = 5200ms (fallback to raft.server.rpc.timeout.max)
2023-04-11 17:19:53,326 [grpc-default-executor-3] INFO  server.RaftServer$Division (RaftServerImpl.java:requestVote(1218)) - 1b86d2c8-07b9-4256-9063-5eaa90b8c67a@group-B32C27877F27: receive requestVote(ELECTION, 1c712de1-3a3e-422e-b3d0-30fcd422e487, group-B32C27877F27, 1, (t:0, i:0))
2023-04-11 17:19:53,326 [grpc-default-executor-3] INFO  impl.VoteContext (VoteContext.java:log(49)) - 1b86d2c8-07b9-4256-9063-5eaa90b8c67a@group-B32C27877F27-FOLLOWER: accept ELECTION from 1c712de1-3a3e-422e-b3d0-30fcd422e487: our priority 0 <= candidate's priority 1
2023-04-11 17:19:53,326 [grpc-default-executor-3] INFO  server.RaftServer$Division (RaftServerImpl.java:setRole(321)) - 1b86d2c8-07b9-4256-9063-5eaa90b8c67a@group-B32C27877F27: changes role from  FOLLOWER to FOLLOWER at term 1 for candidate:1c712de1-3a3e-422e-b3d0-30fcd422e487
2023-04-11 17:19:53,326 [grpc-default-executor-3] INFO  impl.RoleInfo (RoleInfo.java:shutdownFollowerState(110)) - 1b86d2c8-07b9-4256-9063-5eaa90b8c67a: shutdown 1b86d2c8-07b9-4256-9063-5eaa90b8c67a@group-B32C27877F27-FollowerState
2023-04-11 17:19:53,326 [grpc-default-executor-3] INFO  impl.RoleInfo (RoleInfo.java:updateAndGet(139)) - 1b86d2c8-07b9-4256-9063-5eaa90b8c67a: start 1b86d2c8-07b9-4256-9063-5eaa90b8c67a@group-B32C27877F27-FollowerState
2023-04-11 17:19:53,326 [1b86d2c8-07b9-4256-9063-5eaa90b8c67a@group-B32C27877F27-FollowerState] INFO  impl.FollowerState (FollowerState.java:run(152)) - 1b86d2c8-07b9-4256-9063-5eaa90b8c67a@group-B32C27877F27-FollowerState was interrupted
2023-04-11 17:19:53,326 [grpc-default-executor-2] INFO  server.RaftServer$Division (RaftServerImpl.java:requestVote(1251)) - 5e693bd7-32aa-42e7-99b2-0294dbaef363@group-B32C27877F27 replies to ELECTION vote request: 1c712de1-3a3e-422e-b3d0-30fcd422e487<-5e693bd7-32aa-42e7-99b2-0294dbaef363#0:OK-t1. Peer's state: 5e693bd7-32aa-42e7-99b2-0294dbaef363@group-B32C27877F27:t1, leader=null, voted=1c712de1-3a3e-422e-b3d0-30fcd422e487, raftlog=Memoized:5e693bd7-32aa-42e7-99b2-0294dbaef363@group-B32C27877F27-SegmentedRaftLog:OPENED:c-1, conf=-1: peers:[5e693bd7-32aa-42e7-99b2-0294dbaef363|rpc:10.1.0.70:37609|dataStream:10.1.0.70:36051|priority:0|startupRole:FOLLOWER, 1b86d2c8-07b9-4256-9063-5eaa90b8c67a|rpc:10.1.0.70:42043|dataStream:10.1.0.70:39397|priority:0|startupRole:FOLLOWER, 1c712de1-3a3e-422e-b3d0-30fcd422e487|rpc:10.1.0.70:35255|dataStream:10.1.0.70:45841|priority:1|startupRole:FOLLOWER]|listeners:[], old=null
2023-04-11 17:19:53,332 [grpc-default-executor-3] INFO  server.RaftServer$Division (RaftServerImpl.java:requestVote(1251)) - 1b86d2c8-07b9-4256-9063-5eaa90b8c67a@group-B32C27877F27 replies to ELECTION vote request: 1c712de1-3a3e-422e-b3d0-30fcd422e487<-1b86d2c8-07b9-4256-9063-5eaa90b8c67a#0:OK-t1. Peer's state: 1b86d2c8-07b9-4256-9063-5eaa90b8c67a@group-B32C27877F27:t1, leader=null, voted=1c712de1-3a3e-422e-b3d0-30fcd422e487, raftlog=Memoized:1b86d2c8-07b9-4256-9063-5eaa90b8c67a@group-B32C27877F27-SegmentedRaftLog:OPENED:c-1, conf=-1: peers:[5e693bd7-32aa-42e7-99b2-0294dbaef363|rpc:10.1.0.70:37609|dataStream:10.1.0.70:36051|priority:0|startupRole:FOLLOWER, 1b86d2c8-07b9-4256-9063-5eaa90b8c67a|rpc:10.1.0.70:42043|dataStream:10.1.0.70:39397|priority:0|startupRole:FOLLOWER, 1c712de1-3a3e-422e-b3d0-30fcd422e487|rpc:10.1.0.70:35255|dataStream:10.1.0.70:45841|priority:1|startupRole:FOLLOWER]|listeners:[], old=null
2023-04-11 17:19:53,332 [1c712de1-3a3e-422e-b3d0-30fcd422e487@group-B32C27877F27-LeaderElection33] INFO  impl.LeaderElection (LeaderElection.java:logAndReturn(90)) - 1c712de1-3a3e-422e-b3d0-30fcd422e487@group-B32C27877F27-LeaderElection33: ELECTION PASSED received 1 response(s) and 0 exception(s):
2023-04-11 17:19:53,332 [1c712de1-3a3e-422e-b3d0-30fcd422e487@group-B32C27877F27-LeaderElection33] INFO  impl.LeaderElection (LeaderElection.java:logAndReturn(94)) -   Response 0: 1c712de1-3a3e-422e-b3d0-30fcd422e487<-5e693bd7-32aa-42e7-99b2-0294dbaef363#0:OK-t1
2023-04-11 17:19:53,332 [1c712de1-3a3e-422e-b3d0-30fcd422e487@group-B32C27877F27-LeaderElection33] INFO  impl.LeaderElection (LeaderElection.java:askForVotes(314)) - 1c712de1-3a3e-422e-b3d0-30fcd422e487@group-B32C27877F27-LeaderElection33 ELECTION round 0: result PASSED
2023-04-11 17:19:53,332 [1c712de1-3a3e-422e-b3d0-30fcd422e487@group-B32C27877F27-LeaderElection33] INFO  impl.RoleInfo (RoleInfo.java:shutdownLeaderElection(130)) - 1c712de1-3a3e-422e-b3d0-30fcd422e487: shutdown 1c712de1-3a3e-422e-b3d0-30fcd422e487@group-B32C27877F27-LeaderElection33
2023-04-11 17:19:53,332 [1c712de1-3a3e-422e-b3d0-30fcd422e487@group-B32C27877F27-LeaderElection33] INFO  server.RaftServer$Division (RaftServerImpl.java:setRole(321)) - 1c712de1-3a3e-422e-b3d0-30fcd422e487@group-B32C27877F27: changes role from CANDIDATE to LEADER at term 1 for changeToLeader
2023-04-11 17:19:53,332 [1c712de1-3a3e-422e-b3d0-30fcd422e487@group-B32C27877F27-LeaderElection33] INFO  ratis.XceiverServerRatis (XceiverServerRatis.java:handleLeaderChangedNotification(904)) - Leader change notification received for group: group-B32C27877F27 with new leaderId: 1c712de1-3a3e-422e-b3d0-30fcd422e487
2023-04-11 17:19:53,332 [1c712de1-3a3e-422e-b3d0-30fcd422e487@group-B32C27877F27-LeaderElection33] INFO  server.RaftServer$Division (ServerState.java:setLeader(313)) - 1c712de1-3a3e-422e-b3d0-30fcd422e487@group-B32C27877F27: change Leader from null to 1c712de1-3a3e-422e-b3d0-30fcd422e487 at term 1 for becomeLeader, leader elected after 5149ms
2023-04-11 17:19:53,332 [1c712de1-3a3e-422e-b3d0-30fcd422e487@group-B32C27877F27-LeaderElection33] INFO  server.RaftServerConfigKeys (ConfUtils.java:logGet(46)) - raft.server.staging.catchup.gap = 1000 (default)
2023-04-11 17:19:53,333 [1c712de1-3a3e-422e-b3d0-30fcd422e487@group-B32C27877F27-LeaderElection33] INFO  server.RaftServerConfigKeys (ConfUtils.java:logGet(46)) - raft.server.write.element-limit = 1024 (custom)
2023-04-11 17:19:53,333 [1c712de1-3a3e-422e-b3d0-30fcd422e487@group-B32C27877F27-LeaderElection33] INFO  server.RaftServerConfigKeys (ConfUtils.java:logGet(46)) - raft.server.write.byte-limit = 1024 M (=1073741824) (custom)
2023-04-11 17:19:53,333 [1c712de1-3a3e-422e-b3d0-30fcd422e487@group-B32C27877F27-LeaderElection33] INFO  server.RaftServerConfigKeys (ConfUtils.java:logGet(46)) - raft.server.watch.timeout = 180s (custom)
2023-04-11 17:19:53,333 [1c712de1-3a3e-422e-b3d0-30fcd422e487@group-B32C27877F27-LeaderElection33] INFO  server.RaftServerConfigKeys (ConfUtils.java:logGet(46)) - raft.server.watch.timeout.denomination = 1s (default)
2023-04-11 17:19:53,333 [1c712de1-3a3e-422e-b3d0-30fcd422e487@group-B32C27877F27-LeaderElection33] INFO  server.RaftServerConfigKeys (ConfUtils.java:logGet(46)) - raft.server.watch.element-limit = 65536 (default)
2023-04-11 17:19:53,333 [1c712de1-3a3e-422e-b3d0-30fcd422e487@group-B32C27877F27-LeaderElection33] INFO  server.RaftServerConfigKeys (ConfUtils.java:logGet(46)) - raft.server.write.element-limit = 1024 (custom)
2023-04-11 17:19:53,333 [1c712de1-3a3e-422e-b3d0-30fcd422e487@group-B32C27877F27-LeaderElection33] INFO  server.RaftServerConfigKeys (ConfUtils.java:logGet(46)) - raft.server.write.follower.gap.ratio.max = -1.0 (default)
2023-04-11 17:19:53,333 [EventQueue-PipelineReportForPipelineReportHandler] INFO  pipeline.PipelineManagerImpl (PipelineManagerImpl.java:openPipeline(367)) - Pipeline Pipeline[ Id: 89f7a5f1-2b1d-4c14-8676-b32c27877f27, Nodes: 1b86d2c8-07b9-4256-9063-5eaa90b8c67a(fv-az377-102.ap30g4v5sw5evmjtdmxdg2w53f.dx.internal.cloudapp.net/10.1.0.70)1c712de1-3a3e-422e-b3d0-30fcd422e487(fv-az377-102.ap30g4v5sw5evmjtdmxdg2w53f.dx.internal.cloudapp.net/10.1.0.70)5e693bd7-32aa-42e7-99b2-0294dbaef363(fv-az377-102.ap30g4v5sw5evmjtdmxdg2w53f.dx.internal.cloudapp.net/10.1.0.70), ReplicationConfig: RATIS/THREE, State:ALLOCATED, leaderId:1c712de1-3a3e-422e-b3d0-30fcd422e487, CreationTimestamp2023-04-11T17:19:45.742Z[Etc/UTC]] moved to OPEN state
2023-04-11 17:19:53,333 [1c712de1-3a3e-422e-b3d0-30fcd422e487@group-B32C27877F27-LeaderElection33] INFO  server.RaftServerConfigKeys (ConfUtils.java:logGet(46)) - raft.server.log.appender.snapshot.chunk.size.max = 16MB (=16777216) (default)
2023-04-11 17:19:53,333 [1c712de1-3a3e-422e-b3d0-30fcd422e487@group-B32C27877F27-LeaderElection33] INFO  server.RaftServerConfigKeys (ConfUtils.java:logGet(46)) - raft.server.log.appender.buffer.byte-limit = 33554432 (custom)
2023-04-11 17:19:53,334 [1c712de1-3a3e-422e-b3d0-30fcd422e487@group-B32C27877F27-LeaderElection33] INFO  server.RaftServerConfigKeys (ConfUtils.java:logGet(46)) - raft.server.log.appender.buffer.element-limit = 1 (custom)
2023-04-11 17:19:53,334 [1c712de1-3a3e-422e-b3d0-30fcd422e487@group-B32C27877F27-LeaderElection33] INFO  grpc.GrpcConfigKeys (ConfUtils.java:logGet(46)) - raft.grpc.server.leader.outstanding.appends.max = 128 (default)
2023-04-11 17:19:53,334 [1c712de1-3a3e-422e-b3d0-30fcd422e487@group-B32C27877F27-LeaderElection33] INFO  server.RaftServerConfigKeys (ConfUtils.java:logGet(46)) - raft.server.rpc.request.timeout = 60s (custom)
2023-04-11 17:19:53,334 [1c712de1-3a3e-422e-b3d0-30fcd422e487@group-B32C27877F27-LeaderElection33] INFO  server.RaftServerConfigKeys (ConfUtils.java:logGet(46)) - raft.server.log.appender.install.snapshot.enabled = false (custom)
2023-04-11 17:19:53,334 [1c712de1-3a3e-422e-b3d0-30fcd422e487@group-B32C27877F27-LeaderElection33] INFO  grpc.GrpcConfigKeys (ConfUtils.java:logGet(46)) - raft.grpc.server.heartbeat.channel = true (default)
2023-04-11 17:19:53,334 [1c712de1-3a3e-422e-b3d0-30fcd422e487@group-B32C27877F27-LeaderElection33] INFO  server.RaftServerConfigKeys (ConfUtils.java:logGet(46)) - raft.server.log.appender.wait-time.min = 10ms (default)
2023-04-11 17:19:53,335 [1c712de1-3a3e-422e-b3d0-30fcd422e487@group-B32C27877F27-LeaderElection33] INFO  server.RaftServerConfigKeys (ConfUtils.java:logGet(46)) - raft.server.log.appender.snapshot.chunk.size.max = 16MB (=16777216) (default)
2023-04-11 17:19:53,335 [1c712de1-3a3e-422e-b3d0-30fcd422e487@group-B32C27877F27-LeaderElection33] INFO  server.RaftServerConfigKeys (ConfUtils.java:logGet(46)) - raft.server.log.appender.buffer.byte-limit = 33554432 (custom)
2023-04-11 17:19:53,335 [1c712de1-3a3e-422e-b3d0-30fcd422e487@group-B32C27877F27-LeaderElection33] INFO  server.RaftServerConfigKeys (ConfUtils.java:logGet(46)) - raft.server.log.appender.buffer.element-limit = 1 (custom)
2023-04-11 17:19:53,335 [1c712de1-3a3e-422e-b3d0-30fcd422e487@group-B32C27877F27-LeaderElection33] INFO  grpc.GrpcConfigKeys (ConfUtils.java:logGet(46)) - raft.grpc.server.leader.outstanding.appends.max = 128 (default)
2023-04-11 17:19:53,335 [1c712de1-3a3e-422e-b3d0-30fcd422e487@group-B32C27877F27-LeaderElection33] INFO  server.RaftServerConfigKeys (ConfUtils.java:logGet(46)) - raft.server.rpc.request.timeout = 60s (custom)
2023-04-11 17:19:53,335 [1c712de1-3a3e-422e-b3d0-30fcd422e487@group-B32C27877F27-LeaderElection33] INFO  server.RaftServerConfigKeys (ConfUtils.java:logGet(46)) - raft.server.log.appender.install.snapshot.enabled = false (custom)
2023-04-11 17:19:53,335 [1c712de1-3a3e-422e-b3d0-30fcd422e487@group-B32C27877F27-LeaderElection33] INFO  grpc.GrpcConfigKeys (ConfUtils.java:logGet(46)) - raft.grpc.server.heartbeat.channel = true (default)
2023-04-11 17:19:53,335 [1c712de1-3a3e-422e-b3d0-30fcd422e487@group-B32C27877F27-LeaderElection33] INFO  server.RaftServerConfigKeys (ConfUtils.java:logGet(46)) - raft.server.log.appender.wait-time.min = 10ms (default)
2023-04-11 17:19:53,336 [1c712de1-3a3e-422e-b3d0-30fcd422e487@group-B32C27877F27-LeaderElection33] INFO  impl.RoleInfo (RoleInfo.java:updateAndGet(139)) - 1c712de1-3a3e-422e-b3d0-30fcd422e487: start 1c712de1-3a3e-422e-b3d0-30fcd422e487@group-B32C27877F27-LeaderStateImpl
2023-04-11 17:19:53,336 [1c712de1-3a3e-422e-b3d0-30fcd422e487@group-B32C27877F27-LeaderElection33] INFO  segmented.SegmentedRaftLogWorker (SegmentedRaftLogWorker.java:startLogSegment(452)) - 1c712de1-3a3e-422e-b3d0-30fcd422e487@group-B32C27877F27-SegmentedRaftLogWorker: Starting segment from index:0
2023-04-11 17:19:53,336 [1b86d2c8-07b9-4256-9063-5eaa90b8c67a@group-B32C27877F27-FollowerState] INFO  server.RaftServerConfigKeys (ConfUtils.java:logFallback(53)) - raft.server.rpc.first-election.timeout.min = 5s (fallback to raft.server.rpc.timeout.min)
2023-04-11 17:19:53,336 [1b86d2c8-07b9-4256-9063-5eaa90b8c67a@group-B32C27877F27-FollowerState] INFO  server.RaftServerConfigKeys (ConfUtils.java:logFallback(53)) - raft.server.rpc.first-election.timeout.max = 5200ms (fallback to raft.server.rpc.timeout.max)
2023-04-11 17:19:53,341 [1c712de1-3a3e-422e-b3d0-30fcd422e487@group-B32C27877F27-SegmentedRaftLogWorker] INFO  segmented.SegmentedRaftLogWorker (SegmentedRaftLogWorker.java:execute(656)) - 1c712de1-3a3e-422e-b3d0-30fcd422e487@group-B32C27877F27-SegmentedRaftLogWorker: created new log segment /home/runner/work/ozone/ozone/hadoop-ozone/integration-test/target/test-dir/MiniOzoneClusterImpl-bb159280-bf04-4f42-bb5c-99373fe8c4eb/datanode-1/data/ratis/89f7a5f1-2b1d-4c14-8676-b32c27877f27/current/log_inprogress_0
2023-04-11 17:19:53,357 [5e693bd7-32aa-42e7-99b2-0294dbaef363-server-thread1] INFO  ratis.XceiverServerRatis (XceiverServerRatis.java:handleLeaderChangedNotification(904)) - Leader change notification received for group: group-B32C27877F27 with new leaderId: 1c712de1-3a3e-422e-b3d0-30fcd422e487
2023-04-11 17:19:53,358 [5e693bd7-32aa-42e7-99b2-0294dbaef363-server-thread1] INFO  server.RaftServer$Division (ServerState.java:setLeader(313)) - 5e693bd7-32aa-42e7-99b2-0294dbaef363@group-B32C27877F27: change Leader from null to 1c712de1-3a3e-422e-b3d0-30fcd422e487 at term 1 for appendEntries, leader elected after 5147ms
2023-04-11 17:19:53,358 [1c712de1-3a3e-422e-b3d0-30fcd422e487@group-B32C27877F27-LeaderElection33] INFO  server.RaftServer$Division (ServerState.java:setRaftConf(430)) - 1c712de1-3a3e-422e-b3d0-30fcd422e487@group-B32C27877F27: set configuration 0: peers:[5e693bd7-32aa-42e7-99b2-0294dbaef363|rpc:10.1.0.70:37609|dataStream:10.1.0.70:36051|priority:0|startupRole:FOLLOWER, 1b86d2c8-07b9-4256-9063-5eaa90b8c67a|rpc:10.1.0.70:42043|dataStream:10.1.0.70:39397|priority:0|startupRole:FOLLOWER, 1c712de1-3a3e-422e-b3d0-30fcd422e487|rpc:10.1.0.70:35255|dataStream:10.1.0.70:45841|priority:1|startupRole:FOLLOWER]|listeners:[], old=null
2023-04-11 17:19:53,370 [5e693bd7-32aa-42e7-99b2-0294dbaef363-server-thread2] INFO  server.RaftServer$Division (ServerState.java:setRaftConf(430)) - 5e693bd7-32aa-42e7-99b2-0294dbaef363@group-B32C27877F27: set configuration 0: peers:[5e693bd7-32aa-42e7-99b2-0294dbaef363|rpc:10.1.0.70:37609|dataStream:10.1.0.70:36051|priority:0|startupRole:FOLLOWER, 1b86d2c8-07b9-4256-9063-5eaa90b8c67a|rpc:10.1.0.70:42043|dataStream:10.1.0.70:39397|priority:0|startupRole:FOLLOWER, 1c712de1-3a3e-422e-b3d0-30fcd422e487|rpc:10.1.0.70:35255|dataStream:10.1.0.70:45841|priority:1|startupRole:FOLLOWER]|listeners:[], old=null
2023-04-11 17:19:53,370 [5e693bd7-32aa-42e7-99b2-0294dbaef363-server-thread2] INFO  segmented.SegmentedRaftLogWorker (SegmentedRaftLogWorker.java:startLogSegment(452)) - 5e693bd7-32aa-42e7-99b2-0294dbaef363@group-B32C27877F27-SegmentedRaftLogWorker: Starting segment from index:0
2023-04-11 17:19:53,375 [1b86d2c8-07b9-4256-9063-5eaa90b8c67a-server-thread1] INFO  ratis.XceiverServerRatis (XceiverServerRatis.java:handleLeaderChangedNotification(904)) - Leader change notification received for group: group-B32C27877F27 with new leaderId: 1c712de1-3a3e-422e-b3d0-30fcd422e487
2023-04-11 17:19:53,376 [1b86d2c8-07b9-4256-9063-5eaa90b8c67a-server-thread1] INFO  server.RaftServer$Division (ServerState.java:setLeader(313)) - 1b86d2c8-07b9-4256-9063-5eaa90b8c67a@group-B32C27877F27: change Leader from null to 1c712de1-3a3e-422e-b3d0-30fcd422e487 at term 1 for appendEntries, leader elected after 5285ms
2023-04-11 17:19:53,378 [5e693bd7-32aa-42e7-99b2-0294dbaef363@group-B32C27877F27-SegmentedRaftLogWorker] INFO  segmented.SegmentedRaftLogWorker (SegmentedRaftLogWorker.java:execute(656)) - 5e693bd7-32aa-42e7-99b2-0294dbaef363@group-B32C27877F27-SegmentedRaftLogWorker: created new log segment /home/runner/work/ozone/ozone/hadoop-ozone/integration-test/target/test-dir/MiniOzoneClusterImpl-bb159280-bf04-4f42-bb5c-99373fe8c4eb/datanode-2/data/ratis/89f7a5f1-2b1d-4c14-8676-b32c27877f27/current/log_inprogress_0
2023-04-11 17:19:53,381 [1b86d2c8-07b9-4256-9063-5eaa90b8c67a-server-thread1] INFO  server.RaftServer$Division (ServerState.java:setRaftConf(430)) - 1b86d2c8-07b9-4256-9063-5eaa90b8c67a@group-B32C27877F27: set configuration 0: peers:[5e693bd7-32aa-42e7-99b2-0294dbaef363|rpc:10.1.0.70:37609|dataStream:10.1.0.70:36051|priority:0|startupRole:FOLLOWER, 1b86d2c8-07b9-4256-9063-5eaa90b8c67a|rpc:10.1.0.70:42043|dataStream:10.1.0.70:39397|priority:0|startupRole:FOLLOWER, 1c712de1-3a3e-422e-b3d0-30fcd422e487|rpc:10.1.0.70:35255|dataStream:10.1.0.70:45841|priority:1|startupRole:FOLLOWER]|listeners:[], old=null
2023-04-11 17:19:53,381 [1b86d2c8-07b9-4256-9063-5eaa90b8c67a-server-thread1] INFO  segmented.SegmentedRaftLogWorker (SegmentedRaftLogWorker.java:startLogSegment(452)) - 1b86d2c8-07b9-4256-9063-5eaa90b8c67a@group-B32C27877F27-SegmentedRaftLogWorker: Starting segment from index:0
2023-04-11 17:19:53,388 [1b86d2c8-07b9-4256-9063-5eaa90b8c67a@group-B32C27877F27-SegmentedRaftLogWorker] INFO  segmented.SegmentedRaftLogWorker (SegmentedRaftLogWorker.java:execute(656)) - 1b86d2c8-07b9-4256-9063-5eaa90b8c67a@group-B32C27877F27-SegmentedRaftLogWorker: created new log segment /home/runner/work/ozone/ozone/hadoop-ozone/integration-test/target/test-dir/MiniOzoneClusterImpl-bb159280-bf04-4f42-bb5c-99373fe8c4eb/datanode-0/data/ratis/89f7a5f1-2b1d-4c14-8676-b32c27877f27/current/log_inprogress_0
2023-04-11 17:19:53,467 [Listener at 127.0.0.1/37689] INFO  ozone.MiniOzoneClusterImpl (MiniOzoneClusterImpl.java:lambda$waitForClusterToBeReady$0(222)) - Nodes are ready. Got 5 of 5 DN Heartbeats.
2023-04-11 17:19:53,467 [Listener at 127.0.0.1/37689] INFO  ozone.MiniOzoneClusterImpl (MiniOzoneClusterImpl.java:lambda$waitForClusterToBeReady$0(225)) - Cluster exits safe mode
2023-04-11 17:19:53,468 [Listener at 127.0.0.1/37689] INFO  ozone.MiniOzoneClusterImpl (MiniOzoneClusterImpl.java:lambda$waitForClusterToBeReady$0(227)) - SCM became leader
2023-04-11 17:19:53,501 [Listener at 127.0.0.1/37689] INFO  rpc.RpcClient (RpcClient.java:createVolume(476)) - Creating Volume: volume96095, with user77965 as owner and space quota set to -1 bytes, counts quota set to -1
2023-04-11 17:19:53,502 [IPC Server handler 4 on default port 37689] INFO  volume.OMVolumeCreateRequest (OMVolumeCreateRequest.java:validateAndUpdateCache(195)) - created volume:volume96095 for user:user77965
2023-04-11 17:19:53,507 [Listener at 127.0.0.1/37689] INFO  rpc.RpcClient (RpcClient.java:createBucket(698)) - Creating Bucket: volume96095/bucket29928, with bucket layout LEGACY, runner as owner, Versioning false, Storage Type set to DISK and Encryption set to false, Replication Type set to server-side default replication type, Namespace Quota set to -1, Space Quota set to -1 
2023-04-11 17:19:53,508 [IPC Server handler 5 on default port 37689] INFO  bucket.OMBucketCreateRequest (OMBucketCreateRequest.java:validateAndUpdateCache(269)) - created bucket: bucket29928 of layout LEGACY in volume: volume96095
]]></system-out>
  </testcase>
  <testcase name="testSeekOnFileLength" classname="TestOzoneFileSystem" time="1.31">
    <system-out><![CDATA[2023-04-11 17:16:47,373 [IPC Server handler 0 on default port 39109] INFO  ha.SequenceIdGenerator (SequenceIdGenerator.java:getNextId(128)) - Allocate a batch for containerId, change lastId from 0 to 1000.
2023-04-11 17:16:47,386 [IPC Server handler 0 on default port 39109] WARN  ha.SequenceIdGenerator (SequenceIdGenerator.java:allocateBatch(237)) - Failed to allocate a batch for localId, expected lastId is 0, actual lastId is 111677748019200000.
2023-04-11 17:16:47,386 [IPC Server handler 0 on default port 39109] INFO  ha.SequenceIdGenerator (SequenceIdGenerator.java:getNextId(128)) - Allocate a batch for localId, change lastId from 111677748019200000 to 111677748019201000.
2023-04-11 17:16:47,804 [JvmPauseMonitor1] WARN  util.JvmPauseMonitor (JvmPauseMonitor.java:detectPause(126)) - JvmPauseMonitor-a41b41b2-6125-497a-a0cb-d7eb73039636: Detected pause in JVM or host machine (eg GC): pause of approximately 211370574ns.
GC pool 'PS MarkSweep' had collection(s): count=1 time=281ms
GC pool 'PS Scavenge' had collection(s): count=1 time=69ms
2023-04-11 17:16:47,804 [JvmPauseMonitor2] WARN  util.JvmPauseMonitor (JvmPauseMonitor.java:detectPause(126)) - JvmPauseMonitor-54fa8802-d5ce-4a45-bac9-9464a05e8046: Detected pause in JVM or host machine (eg GC): pause of approximately 256136526ns.
GC pool 'PS MarkSweep' had collection(s): count=1 time=281ms
GC pool 'PS Scavenge' had collection(s): count=1 time=69ms
2023-04-11 17:16:47,805 [JvmPauseMonitor0] WARN  util.JvmPauseMonitor (JvmPauseMonitor.java:detectPause(126)) - JvmPauseMonitor-om1: Detected pause in JVM or host machine (eg GC): pause of approximately 310589787ns.
GC pool 'PS MarkSweep' had collection(s): count=1 time=281ms
GC pool 'PS Scavenge' had collection(s): count=1 time=69ms
2023-04-11 17:16:47,805 [JvmPauseMonitor5] WARN  util.JvmPauseMonitor (JvmPauseMonitor.java:detectPause(126)) - JvmPauseMonitor-ff5646e7-cde4-4000-b2d9-463cca811cba: Detected pause in JVM or host machine (eg GC): pause of approximately 310732694ns.
GC pool 'PS MarkSweep' had collection(s): count=1 time=281ms
GC pool 'PS Scavenge' had collection(s): count=1 time=69ms
2023-04-11 17:16:47,805 [JvmPauseMonitor4] WARN  util.JvmPauseMonitor (JvmPauseMonitor.java:detectPause(126)) - JvmPauseMonitor-f773ed51-7a93-4584-ad9a-f2b89fe87645: Detected pause in JVM or host machine (eg GC): pause of approximately 310835600ns.
GC pool 'PS MarkSweep' had collection(s): count=1 time=281ms
GC pool 'PS Scavenge' had collection(s): count=1 time=69ms
2023-04-11 17:16:47,805 [JvmPauseMonitor3] WARN  util.JvmPauseMonitor (JvmPauseMonitor.java:detectPause(126)) - JvmPauseMonitor-30e95ef4-c50c-4a35-94a1-24945bf18908: Detected pause in JVM or host machine (eg GC): pause of approximately 312815204ns.
GC pool 'PS MarkSweep' had collection(s): count=1 time=281ms
GC pool 'PS Scavenge' had collection(s): count=1 time=69ms
2023-04-11 17:16:47,867 [Time-limited test] INFO  impl.MetricsSystemImpl (MetricsSystemImpl.java:init(158)) - XceiverClientMetrics metrics system started (again)
2023-04-11 17:16:48,023 [Time-limited test] INFO  lib.Interns (Interns.java:removeEldestEntry(50)) - Metrics intern cache overflow at 2011 for MetricsSystem={MetricsSystem=MetricsInfoImpl{name=MetricsSystem, description=MetricsSystem}, MetricsSystem record=MetricsInfoImpl{name=MetricsSystem, description=MetricsSystem record}}
17:16:48.579 [IPC Server handler 4 on default port 41353] ERROR OMAudit - user=runner | ip=127.0.0.1 | op=READ_KEY {volume=volume52567, bucket=bucket67420, key=file_notexist, dataSize=0, replicationConfig=null} | ret=FAILURE
org.apache.hadoop.ozone.om.exceptions.OMException: Key:file_notexist not found
	at org.apache.hadoop.ozone.om.KeyManagerImpl.readKeyInfo(KeyManagerImpl.java:428) ~[ozone-manager-1.4.0-SNAPSHOT.jar:?]
	at org.apache.hadoop.ozone.om.KeyManagerImpl.lambda$9(KeyManagerImpl.java:1935) ~[ozone-manager-1.4.0-SNAPSHOT.jar:?]
	at org.apache.hadoop.util.MetricUtil.captureLatencyNs(MetricUtil.java:36) ~[hdds-common-1.4.0-SNAPSHOT.jar:?]
	at org.apache.hadoop.ozone.om.KeyManagerImpl.getKeyInfo(KeyManagerImpl.java:1933) ~[ozone-manager-1.4.0-SNAPSHOT.jar:?]
	at org.apache.hadoop.ozone.om.OmMetadataReader.getKeyInfo(OmMetadataReader.java:211) ~[ozone-manager-1.4.0-SNAPSHOT.jar:?]
	at org.apache.hadoop.ozone.om.OzoneManager.getKeyInfo(OzoneManager.java:2798) ~[ozone-manager-1.4.0-SNAPSHOT.jar:?]
	at org.apache.hadoop.ozone.protocolPB.OzoneManagerRequestHandler.getKeyInfo(OzoneManagerRequestHandler.java:549) ~[ozone-manager-1.4.0-SNAPSHOT.jar:?]
	at org.apache.hadoop.ozone.protocolPB.OzoneManagerRequestHandler.handleReadRequest(OzoneManagerRequestHandler.java:292) ~[ozone-manager-1.4.0-SNAPSHOT.jar:?]
	at org.apache.hadoop.ozone.protocolPB.OzoneManagerProtocolServerSideTranslatorPB.submitReadRequestToOM(OzoneManagerProtocolServerSideTranslatorPB.java:223) ~[ozone-manager-1.4.0-SNAPSHOT.jar:?]
	at org.apache.hadoop.ozone.protocolPB.OzoneManagerProtocolServerSideTranslatorPB.processRequest(OzoneManagerProtocolServerSideTranslatorPB.java:177) ~[ozone-manager-1.4.0-SNAPSHOT.jar:?]
	at org.apache.hadoop.hdds.server.OzoneProtocolMessageDispatcher.processRequest(OzoneProtocolMessageDispatcher.java:87) [hdds-server-framework-1.4.0-SNAPSHOT.jar:?]
	at org.apache.hadoop.ozone.protocolPB.OzoneManagerProtocolServerSideTranslatorPB.submitRequest(OzoneManagerProtocolServerSideTranslatorPB.java:147) [ozone-manager-1.4.0-SNAPSHOT.jar:?]
	at org.apache.hadoop.ozone.protocol.proto.OzoneManagerProtocolProtos$OzoneManagerService$2.callBlockingMethod(OzoneManagerProtocolProtos.java) [ozone-interface-client-1.4.0-SNAPSHOT.jar:?]
	at org.apache.hadoop.ipc.ProtobufRpcEngine$Server.processCall(ProtobufRpcEngine.java:484) [hadoop-common-3.3.5.jar:?]
	at org.apache.hadoop.ipc.ProtobufRpcEngine2$Server$ProtoBufRpcInvoker.call(ProtobufRpcEngine2.java:595) [hadoop-common-3.3.5.jar:?]
	at org.apache.hadoop.ipc.ProtobufRpcEngine2$Server$ProtoBufRpcInvoker.call(ProtobufRpcEngine2.java:573) [hadoop-common-3.3.5.jar:?]
	at org.apache.hadoop.ipc.RPC$Server.call(RPC.java:1213) [hadoop-common-3.3.5.jar:?]
	at org.apache.hadoop.ipc.Server$RpcCall.run(Server.java:1089) [hadoop-common-3.3.5.jar:?]
	at org.apache.hadoop.ipc.Server$RpcCall.run(Server.java:1012) [hadoop-common-3.3.5.jar:?]
	at java.security.AccessController.doPrivileged(Native Method) ~[?:1.8.0_362]
	at javax.security.auth.Subject.doAs(Subject.java:422) [?:1.8.0_362]
	at org.apache.hadoop.security.UserGroupInformation.doAs(UserGroupInformation.java:1899) [hadoop-common-3.3.5.jar:?]
	at org.apache.hadoop.ipc.Server$Handler.run(Server.java:3026) [hadoop-common-3.3.5.jar:?]
]]></system-out>
  </testcase>
  <testcase name="testSeekOnFileLength" classname="TestOzoneFileSystem" time="0.133">
    <system-out><![CDATA[2023-04-11 17:18:03,243 [IPC Server handler 0 on default port 37307] INFO  ha.SequenceIdGenerator (SequenceIdGenerator.java:getNextId(128)) - Allocate a batch for containerId, change lastId from 0 to 1000.
2023-04-11 17:18:03,243 [IPC Server handler 0 on default port 37307] WARN  ha.SequenceIdGenerator (SequenceIdGenerator.java:allocateBatch(237)) - Failed to allocate a batch for localId, expected lastId is 0, actual lastId is 111677748019200000.
2023-04-11 17:18:03,244 [IPC Server handler 0 on default port 37307] INFO  ha.SequenceIdGenerator (SequenceIdGenerator.java:getNextId(128)) - Allocate a batch for localId, change lastId from 111677748019200000 to 111677748019201000.
2023-04-11 17:18:03,317 [316a6a1b-3f00-43af-9dbc-ac2971b62daf@group-9E5C623749E9-FollowerState] INFO  impl.FollowerState (FollowerState.java:run(143)) - 316a6a1b-3f00-43af-9dbc-ac2971b62daf@group-9E5C623749E9-FollowerState: change to CANDIDATE, lastRpcElapsedTime:5077507024ns, electionTimeout:5073ms
2023-04-11 17:18:03,318 [316a6a1b-3f00-43af-9dbc-ac2971b62daf@group-9E5C623749E9-FollowerState] INFO  impl.RoleInfo (RoleInfo.java:shutdownFollowerState(110)) - 316a6a1b-3f00-43af-9dbc-ac2971b62daf: shutdown 316a6a1b-3f00-43af-9dbc-ac2971b62daf@group-9E5C623749E9-FollowerState
2023-04-11 17:18:03,318 [316a6a1b-3f00-43af-9dbc-ac2971b62daf@group-9E5C623749E9-FollowerState] INFO  server.RaftServer$Division (RaftServerImpl.java:setRole(321)) - 316a6a1b-3f00-43af-9dbc-ac2971b62daf@group-9E5C623749E9: changes role from  FOLLOWER to CANDIDATE at term 0 for changeToCandidate
2023-04-11 17:18:03,318 [316a6a1b-3f00-43af-9dbc-ac2971b62daf@group-9E5C623749E9-FollowerState] INFO  server.RaftServerConfigKeys (ConfUtils.java:logGet(46)) - raft.server.leaderelection.pre-vote = true (default)
2023-04-11 17:18:03,318 [316a6a1b-3f00-43af-9dbc-ac2971b62daf@group-9E5C623749E9-FollowerState] INFO  impl.RoleInfo (RoleInfo.java:updateAndGet(139)) - 316a6a1b-3f00-43af-9dbc-ac2971b62daf: start 316a6a1b-3f00-43af-9dbc-ac2971b62daf@group-9E5C623749E9-LeaderElection16
2023-04-11 17:18:03,338 [316a6a1b-3f00-43af-9dbc-ac2971b62daf@group-9E5C623749E9-LeaderElection16] INFO  impl.LeaderElection (LeaderElection.java:askForVotes(312)) - 316a6a1b-3f00-43af-9dbc-ac2971b62daf@group-9E5C623749E9-LeaderElection16 PRE_VOTE round 0: submit vote requests at term 0 for -1: peers:[316a6a1b-3f00-43af-9dbc-ac2971b62daf|rpc:10.1.0.70:40413|dataStream:10.1.0.70:42545|priority:1|startupRole:FOLLOWER]|listeners:[], old=null
2023-04-11 17:18:03,338 [316a6a1b-3f00-43af-9dbc-ac2971b62daf@group-9E5C623749E9-LeaderElection16] INFO  impl.LeaderElection (LeaderElection.java:askForVotes(314)) - 316a6a1b-3f00-43af-9dbc-ac2971b62daf@group-9E5C623749E9-LeaderElection16 PRE_VOTE round 0: result PASSED (term=0)
2023-04-11 17:18:03,340 [316a6a1b-3f00-43af-9dbc-ac2971b62daf@group-9E5C623749E9-LeaderElection16] INFO  impl.LeaderElection (LeaderElection.java:askForVotes(312)) - 316a6a1b-3f00-43af-9dbc-ac2971b62daf@group-9E5C623749E9-LeaderElection16 ELECTION round 0: submit vote requests at term 1 for -1: peers:[316a6a1b-3f00-43af-9dbc-ac2971b62daf|rpc:10.1.0.70:40413|dataStream:10.1.0.70:42545|priority:1|startupRole:FOLLOWER]|listeners:[], old=null
2023-04-11 17:18:03,340 [316a6a1b-3f00-43af-9dbc-ac2971b62daf@group-9E5C623749E9-LeaderElection16] INFO  impl.LeaderElection (LeaderElection.java:askForVotes(314)) - 316a6a1b-3f00-43af-9dbc-ac2971b62daf@group-9E5C623749E9-LeaderElection16 ELECTION round 0: result PASSED (term=1)
2023-04-11 17:18:03,340 [316a6a1b-3f00-43af-9dbc-ac2971b62daf@group-9E5C623749E9-LeaderElection16] INFO  impl.RoleInfo (RoleInfo.java:shutdownLeaderElection(130)) - 316a6a1b-3f00-43af-9dbc-ac2971b62daf: shutdown 316a6a1b-3f00-43af-9dbc-ac2971b62daf@group-9E5C623749E9-LeaderElection16
2023-04-11 17:18:03,340 [316a6a1b-3f00-43af-9dbc-ac2971b62daf@group-9E5C623749E9-LeaderElection16] INFO  server.RaftServer$Division (RaftServerImpl.java:setRole(321)) - 316a6a1b-3f00-43af-9dbc-ac2971b62daf@group-9E5C623749E9: changes role from CANDIDATE to LEADER at term 1 for changeToLeader
2023-04-11 17:18:03,340 [316a6a1b-3f00-43af-9dbc-ac2971b62daf@group-9E5C623749E9-LeaderElection16] INFO  ratis.XceiverServerRatis (XceiverServerRatis.java:handleLeaderChangedNotification(904)) - Leader change notification received for group: group-9E5C623749E9 with new leaderId: 316a6a1b-3f00-43af-9dbc-ac2971b62daf
2023-04-11 17:18:03,341 [316a6a1b-3f00-43af-9dbc-ac2971b62daf@group-9E5C623749E9-LeaderElection16] INFO  server.RaftServer$Division (ServerState.java:setLeader(313)) - 316a6a1b-3f00-43af-9dbc-ac2971b62daf@group-9E5C623749E9: change Leader from null to 316a6a1b-3f00-43af-9dbc-ac2971b62daf at term 1 for becomeLeader, leader elected after 5134ms
2023-04-11 17:18:03,341 [316a6a1b-3f00-43af-9dbc-ac2971b62daf@group-9E5C623749E9-LeaderElection16] INFO  server.RaftServerConfigKeys (ConfUtils.java:logGet(46)) - raft.server.staging.catchup.gap = 1000 (default)
2023-04-11 17:18:03,341 [316a6a1b-3f00-43af-9dbc-ac2971b62daf@group-9E5C623749E9-LeaderElection16] INFO  server.RaftServerConfigKeys (ConfUtils.java:logGet(46)) - raft.server.write.element-limit = 1024 (custom)
2023-04-11 17:18:03,341 [316a6a1b-3f00-43af-9dbc-ac2971b62daf@group-9E5C623749E9-LeaderElection16] INFO  server.RaftServerConfigKeys (ConfUtils.java:logGet(46)) - raft.server.write.byte-limit = 1024 M (=1073741824) (custom)
2023-04-11 17:18:03,342 [316a6a1b-3f00-43af-9dbc-ac2971b62daf@group-9E5C623749E9-LeaderElection16] INFO  server.RaftServerConfigKeys (ConfUtils.java:logGet(46)) - raft.server.watch.timeout = 180s (custom)
2023-04-11 17:18:03,343 [316a6a1b-3f00-43af-9dbc-ac2971b62daf@group-9E5C623749E9-LeaderElection16] INFO  server.RaftServerConfigKeys (ConfUtils.java:logGet(46)) - raft.server.watch.timeout.denomination = 1s (default)
2023-04-11 17:18:03,343 [316a6a1b-3f00-43af-9dbc-ac2971b62daf@group-9E5C623749E9-LeaderElection16] INFO  server.RaftServerConfigKeys (ConfUtils.java:logGet(46)) - raft.server.watch.element-limit = 65536 (default)
2023-04-11 17:18:03,343 [316a6a1b-3f00-43af-9dbc-ac2971b62daf@group-9E5C623749E9-LeaderElection16] INFO  server.RaftServerConfigKeys (ConfUtils.java:logGet(46)) - raft.server.write.element-limit = 1024 (custom)
2023-04-11 17:18:03,343 [316a6a1b-3f00-43af-9dbc-ac2971b62daf@group-9E5C623749E9-LeaderElection16] INFO  server.RaftServerConfigKeys (ConfUtils.java:logGet(46)) - raft.server.write.follower.gap.ratio.max = -1.0 (default)
2023-04-11 17:18:03,344 [316a6a1b-3f00-43af-9dbc-ac2971b62daf@group-9E5C623749E9-LeaderElection16] INFO  impl.RoleInfo (RoleInfo.java:updateAndGet(139)) - 316a6a1b-3f00-43af-9dbc-ac2971b62daf: start 316a6a1b-3f00-43af-9dbc-ac2971b62daf@group-9E5C623749E9-LeaderStateImpl
2023-04-11 17:18:03,344 [316a6a1b-3f00-43af-9dbc-ac2971b62daf@group-9E5C623749E9-LeaderElection16] INFO  segmented.SegmentedRaftLogWorker (SegmentedRaftLogWorker.java:startLogSegment(452)) - 316a6a1b-3f00-43af-9dbc-ac2971b62daf@group-9E5C623749E9-SegmentedRaftLogWorker: Starting segment from index:0
2023-04-11 17:18:03,345 [316a6a1b-3f00-43af-9dbc-ac2971b62daf@group-9E5C623749E9-SegmentedRaftLogWorker] INFO  segmented.SegmentedRaftLogWorker (SegmentedRaftLogWorker.java:execute(656)) - 316a6a1b-3f00-43af-9dbc-ac2971b62daf@group-9E5C623749E9-SegmentedRaftLogWorker: created new log segment /home/runner/work/ozone/ozone/hadoop-ozone/integration-test/target/test-dir/MiniOzoneClusterImpl-3c04abff-9f55-4a78-ab47-7ca56afb4af6/datanode-1/data/ratis/5b6f66ad-872d-4d96-a58e-9e5c623749e9/current/log_inprogress_0
2023-04-11 17:18:03,351 [316a6a1b-3f00-43af-9dbc-ac2971b62daf@group-9E5C623749E9-LeaderElection16] INFO  server.RaftServer$Division (ServerState.java:setRaftConf(430)) - 316a6a1b-3f00-43af-9dbc-ac2971b62daf@group-9E5C623749E9: set configuration 0: peers:[316a6a1b-3f00-43af-9dbc-ac2971b62daf|rpc:10.1.0.70:40413|dataStream:10.1.0.70:42545|priority:1|startupRole:FOLLOWER]|listeners:[], old=null
17:18:03.361 [IPC Server handler 13 on default port 38777] ERROR OMAudit - user=runner | ip=127.0.0.1 | op=READ_KEY {volume=volume96178, bucket=bucket92903, key=file_notexist, dataSize=0, replicationConfig=null} | ret=FAILURE
org.apache.hadoop.ozone.om.exceptions.OMException: Key:file_notexist not found
	at org.apache.hadoop.ozone.om.KeyManagerImpl.readKeyInfo(KeyManagerImpl.java:428) ~[ozone-manager-1.4.0-SNAPSHOT.jar:?]
	at org.apache.hadoop.ozone.om.KeyManagerImpl.lambda$9(KeyManagerImpl.java:1935) ~[ozone-manager-1.4.0-SNAPSHOT.jar:?]
	at org.apache.hadoop.util.MetricUtil.captureLatencyNs(MetricUtil.java:36) ~[hdds-common-1.4.0-SNAPSHOT.jar:?]
	at org.apache.hadoop.ozone.om.KeyManagerImpl.getKeyInfo(KeyManagerImpl.java:1933) ~[ozone-manager-1.4.0-SNAPSHOT.jar:?]
	at org.apache.hadoop.ozone.om.OmMetadataReader.getKeyInfo(OmMetadataReader.java:211) ~[ozone-manager-1.4.0-SNAPSHOT.jar:?]
	at org.apache.hadoop.ozone.om.OzoneManager.getKeyInfo(OzoneManager.java:2798) ~[ozone-manager-1.4.0-SNAPSHOT.jar:?]
	at org.apache.hadoop.ozone.protocolPB.OzoneManagerRequestHandler.getKeyInfo(OzoneManagerRequestHandler.java:549) ~[ozone-manager-1.4.0-SNAPSHOT.jar:?]
	at org.apache.hadoop.ozone.protocolPB.OzoneManagerRequestHandler.handleReadRequest(OzoneManagerRequestHandler.java:292) ~[ozone-manager-1.4.0-SNAPSHOT.jar:?]
	at org.apache.hadoop.ozone.protocolPB.OzoneManagerProtocolServerSideTranslatorPB.submitRequestDirectlyToOM(OzoneManagerProtocolServerSideTranslatorPB.java:272) ~[ozone-manager-1.4.0-SNAPSHOT.jar:?]
	at org.apache.hadoop.ozone.protocolPB.OzoneManagerProtocolServerSideTranslatorPB.processRequest(OzoneManagerProtocolServerSideTranslatorPB.java:173) ~[ozone-manager-1.4.0-SNAPSHOT.jar:?]
	at org.apache.hadoop.hdds.server.OzoneProtocolMessageDispatcher.processRequest(OzoneProtocolMessageDispatcher.java:87) [hdds-server-framework-1.4.0-SNAPSHOT.jar:?]
	at org.apache.hadoop.ozone.protocolPB.OzoneManagerProtocolServerSideTranslatorPB.submitRequest(OzoneManagerProtocolServerSideTranslatorPB.java:147) [ozone-manager-1.4.0-SNAPSHOT.jar:?]
	at org.apache.hadoop.ozone.protocol.proto.OzoneManagerProtocolProtos$OzoneManagerService$2.callBlockingMethod(OzoneManagerProtocolProtos.java) [ozone-interface-client-1.4.0-SNAPSHOT.jar:?]
	at org.apache.hadoop.ipc.ProtobufRpcEngine$Server.processCall(ProtobufRpcEngine.java:484) [hadoop-common-3.3.5.jar:?]
	at org.apache.hadoop.ipc.ProtobufRpcEngine2$Server$ProtoBufRpcInvoker.call(ProtobufRpcEngine2.java:595) [hadoop-common-3.3.5.jar:?]
	at org.apache.hadoop.ipc.ProtobufRpcEngine2$Server$ProtoBufRpcInvoker.call(ProtobufRpcEngine2.java:573) [hadoop-common-3.3.5.jar:?]
	at org.apache.hadoop.ipc.RPC$Server.call(RPC.java:1213) [hadoop-common-3.3.5.jar:?]
	at org.apache.hadoop.ipc.Server$RpcCall.run(Server.java:1089) [hadoop-common-3.3.5.jar:?]
	at org.apache.hadoop.ipc.Server$RpcCall.run(Server.java:1012) [hadoop-common-3.3.5.jar:?]
	at java.security.AccessController.doPrivileged(Native Method) ~[?:1.8.0_362]
	at javax.security.auth.Subject.doAs(Subject.java:422) [?:1.8.0_362]
	at org.apache.hadoop.security.UserGroupInformation.doAs(UserGroupInformation.java:1899) [hadoop-common-3.3.5.jar:?]
	at org.apache.hadoop.ipc.Server$Handler.run(Server.java:3026) [hadoop-common-3.3.5.jar:?]
]]></system-out>
  </testcase>
  <testcase name="testSeekOnFileLength" classname="TestOzoneFileSystem" time="0.157">
    <system-out><![CDATA[2023-04-11 17:18:56,383 [IPC Server handler 1 on default port 46877] INFO  ha.SequenceIdGenerator (SequenceIdGenerator.java:getNextId(128)) - Allocate a batch for containerId, change lastId from 0 to 1000.
2023-04-11 17:18:56,383 [IPC Server handler 1 on default port 46877] WARN  ha.SequenceIdGenerator (SequenceIdGenerator.java:allocateBatch(237)) - Failed to allocate a batch for localId, expected lastId is 0, actual lastId is 111677748019200000.
2023-04-11 17:18:56,384 [IPC Server handler 1 on default port 46877] INFO  ha.SequenceIdGenerator (SequenceIdGenerator.java:getNextId(128)) - Allocate a batch for localId, change lastId from 111677748019200000 to 111677748019201000.
17:18:56.521 [IPC Server handler 16 on default port 45623] ERROR OMAudit - user=runner | ip=127.0.0.1 | op=READ_KEY {volume=volume95537, bucket=bucket59866, key=file_notexist, dataSize=0, replicationConfig=null} | ret=FAILURE
org.apache.hadoop.ozone.om.exceptions.OMException: Key:file_notexist not found
	at org.apache.hadoop.ozone.om.KeyManagerImpl.readKeyInfo(KeyManagerImpl.java:428) ~[ozone-manager-1.4.0-SNAPSHOT.jar:?]
	at org.apache.hadoop.ozone.om.KeyManagerImpl.lambda$9(KeyManagerImpl.java:1935) ~[ozone-manager-1.4.0-SNAPSHOT.jar:?]
	at org.apache.hadoop.util.MetricUtil.captureLatencyNs(MetricUtil.java:36) ~[hdds-common-1.4.0-SNAPSHOT.jar:?]
	at org.apache.hadoop.ozone.om.KeyManagerImpl.getKeyInfo(KeyManagerImpl.java:1933) ~[ozone-manager-1.4.0-SNAPSHOT.jar:?]
	at org.apache.hadoop.ozone.om.OmMetadataReader.getKeyInfo(OmMetadataReader.java:211) ~[ozone-manager-1.4.0-SNAPSHOT.jar:?]
	at org.apache.hadoop.ozone.om.OzoneManager.getKeyInfo(OzoneManager.java:2798) ~[ozone-manager-1.4.0-SNAPSHOT.jar:?]
	at org.apache.hadoop.ozone.protocolPB.OzoneManagerRequestHandler.getKeyInfo(OzoneManagerRequestHandler.java:549) ~[ozone-manager-1.4.0-SNAPSHOT.jar:?]
	at org.apache.hadoop.ozone.protocolPB.OzoneManagerRequestHandler.handleReadRequest(OzoneManagerRequestHandler.java:292) ~[ozone-manager-1.4.0-SNAPSHOT.jar:?]
	at org.apache.hadoop.ozone.protocolPB.OzoneManagerProtocolServerSideTranslatorPB.submitReadRequestToOM(OzoneManagerProtocolServerSideTranslatorPB.java:223) ~[ozone-manager-1.4.0-SNAPSHOT.jar:?]
	at org.apache.hadoop.ozone.protocolPB.OzoneManagerProtocolServerSideTranslatorPB.processRequest(OzoneManagerProtocolServerSideTranslatorPB.java:177) ~[ozone-manager-1.4.0-SNAPSHOT.jar:?]
	at org.apache.hadoop.hdds.server.OzoneProtocolMessageDispatcher.processRequest(OzoneProtocolMessageDispatcher.java:87) [hdds-server-framework-1.4.0-SNAPSHOT.jar:?]
	at org.apache.hadoop.ozone.protocolPB.OzoneManagerProtocolServerSideTranslatorPB.submitRequest(OzoneManagerProtocolServerSideTranslatorPB.java:147) [ozone-manager-1.4.0-SNAPSHOT.jar:?]
	at org.apache.hadoop.ozone.protocol.proto.OzoneManagerProtocolProtos$OzoneManagerService$2.callBlockingMethod(OzoneManagerProtocolProtos.java) [ozone-interface-client-1.4.0-SNAPSHOT.jar:?]
	at org.apache.hadoop.ipc.ProtobufRpcEngine$Server.processCall(ProtobufRpcEngine.java:484) [hadoop-common-3.3.5.jar:?]
	at org.apache.hadoop.ipc.ProtobufRpcEngine2$Server$ProtoBufRpcInvoker.call(ProtobufRpcEngine2.java:595) [hadoop-common-3.3.5.jar:?]
	at org.apache.hadoop.ipc.ProtobufRpcEngine2$Server$ProtoBufRpcInvoker.call(ProtobufRpcEngine2.java:573) [hadoop-common-3.3.5.jar:?]
	at org.apache.hadoop.ipc.RPC$Server.call(RPC.java:1213) [hadoop-common-3.3.5.jar:?]
	at org.apache.hadoop.ipc.Server$RpcCall.run(Server.java:1089) [hadoop-common-3.3.5.jar:?]
	at org.apache.hadoop.ipc.Server$RpcCall.run(Server.java:1012) [hadoop-common-3.3.5.jar:?]
	at java.security.AccessController.doPrivileged(Native Method) ~[?:1.8.0_362]
	at javax.security.auth.Subject.doAs(Subject.java:422) [?:1.8.0_362]
	at org.apache.hadoop.security.UserGroupInformation.doAs(UserGroupInformation.java:1899) [hadoop-common-3.3.5.jar:?]
	at org.apache.hadoop.ipc.Server$Handler.run(Server.java:3026) [hadoop-common-3.3.5.jar:?]
]]></system-out>
  </testcase>
  <testcase name="testSeekOnFileLength" classname="TestOzoneFileSystem" time="0.131">
    <system-out><![CDATA[2023-04-11 17:19:53,530 [1c712de1-3a3e-422e-b3d0-30fcd422e487@group-BC7335D83B61-FollowerState] INFO  impl.FollowerState (FollowerState.java:run(143)) - 1c712de1-3a3e-422e-b3d0-30fcd422e487@group-BC7335D83B61-FollowerState: change to CANDIDATE, lastRpcElapsedTime:5163982714ns, electionTimeout:5158ms
2023-04-11 17:19:53,530 [1c712de1-3a3e-422e-b3d0-30fcd422e487@group-BC7335D83B61-FollowerState] INFO  impl.RoleInfo (RoleInfo.java:shutdownFollowerState(110)) - 1c712de1-3a3e-422e-b3d0-30fcd422e487: shutdown 1c712de1-3a3e-422e-b3d0-30fcd422e487@group-BC7335D83B61-FollowerState
2023-04-11 17:19:53,530 [1c712de1-3a3e-422e-b3d0-30fcd422e487@group-BC7335D83B61-FollowerState] INFO  server.RaftServer$Division (RaftServerImpl.java:setRole(321)) - 1c712de1-3a3e-422e-b3d0-30fcd422e487@group-BC7335D83B61: changes role from  FOLLOWER to CANDIDATE at term 0 for changeToCandidate
2023-04-11 17:19:53,530 [1c712de1-3a3e-422e-b3d0-30fcd422e487@group-BC7335D83B61-FollowerState] INFO  server.RaftServerConfigKeys (ConfUtils.java:logGet(46)) - raft.server.leaderelection.pre-vote = true (default)
2023-04-11 17:19:53,530 [1c712de1-3a3e-422e-b3d0-30fcd422e487@group-BC7335D83B61-FollowerState] INFO  impl.RoleInfo (RoleInfo.java:updateAndGet(139)) - 1c712de1-3a3e-422e-b3d0-30fcd422e487: start 1c712de1-3a3e-422e-b3d0-30fcd422e487@group-BC7335D83B61-LeaderElection34
2023-04-11 17:19:53,531 [IPC Server handler 1 on default port 32863] INFO  ha.SequenceIdGenerator (SequenceIdGenerator.java:getNextId(128)) - Allocate a batch for containerId, change lastId from 0 to 1000.
2023-04-11 17:19:53,531 [IPC Server handler 1 on default port 32863] WARN  ha.SequenceIdGenerator (SequenceIdGenerator.java:allocateBatch(237)) - Failed to allocate a batch for localId, expected lastId is 0, actual lastId is 111677748019200000.
2023-04-11 17:19:53,531 [IPC Server handler 1 on default port 32863] INFO  ha.SequenceIdGenerator (SequenceIdGenerator.java:getNextId(128)) - Allocate a batch for localId, change lastId from 111677748019200000 to 111677748019201000.
2023-04-11 17:19:53,546 [1c712de1-3a3e-422e-b3d0-30fcd422e487@group-BC7335D83B61-LeaderElection34] INFO  impl.LeaderElection (LeaderElection.java:askForVotes(312)) - 1c712de1-3a3e-422e-b3d0-30fcd422e487@group-BC7335D83B61-LeaderElection34 PRE_VOTE round 0: submit vote requests at term 0 for -1: peers:[1c712de1-3a3e-422e-b3d0-30fcd422e487|rpc:10.1.0.70:35255|dataStream:10.1.0.70:45841|priority:1|startupRole:FOLLOWER]|listeners:[], old=null
2023-04-11 17:19:53,546 [1c712de1-3a3e-422e-b3d0-30fcd422e487@group-BC7335D83B61-LeaderElection34] INFO  impl.LeaderElection (LeaderElection.java:askForVotes(314)) - 1c712de1-3a3e-422e-b3d0-30fcd422e487@group-BC7335D83B61-LeaderElection34 PRE_VOTE round 0: result PASSED (term=0)
2023-04-11 17:19:53,550 [1c712de1-3a3e-422e-b3d0-30fcd422e487@group-BC7335D83B61-LeaderElection34] INFO  impl.LeaderElection (LeaderElection.java:askForVotes(312)) - 1c712de1-3a3e-422e-b3d0-30fcd422e487@group-BC7335D83B61-LeaderElection34 ELECTION round 0: submit vote requests at term 1 for -1: peers:[1c712de1-3a3e-422e-b3d0-30fcd422e487|rpc:10.1.0.70:35255|dataStream:10.1.0.70:45841|priority:1|startupRole:FOLLOWER]|listeners:[], old=null
2023-04-11 17:19:53,550 [1c712de1-3a3e-422e-b3d0-30fcd422e487@group-BC7335D83B61-LeaderElection34] INFO  impl.LeaderElection (LeaderElection.java:askForVotes(314)) - 1c712de1-3a3e-422e-b3d0-30fcd422e487@group-BC7335D83B61-LeaderElection34 ELECTION round 0: result PASSED (term=1)
2023-04-11 17:19:53,550 [1c712de1-3a3e-422e-b3d0-30fcd422e487@group-BC7335D83B61-LeaderElection34] INFO  impl.RoleInfo (RoleInfo.java:shutdownLeaderElection(130)) - 1c712de1-3a3e-422e-b3d0-30fcd422e487: shutdown 1c712de1-3a3e-422e-b3d0-30fcd422e487@group-BC7335D83B61-LeaderElection34
2023-04-11 17:19:53,550 [1c712de1-3a3e-422e-b3d0-30fcd422e487@group-BC7335D83B61-LeaderElection34] INFO  server.RaftServer$Division (RaftServerImpl.java:setRole(321)) - 1c712de1-3a3e-422e-b3d0-30fcd422e487@group-BC7335D83B61: changes role from CANDIDATE to LEADER at term 1 for changeToLeader
2023-04-11 17:19:53,550 [1c712de1-3a3e-422e-b3d0-30fcd422e487@group-BC7335D83B61-LeaderElection34] INFO  ratis.XceiverServerRatis (XceiverServerRatis.java:handleLeaderChangedNotification(904)) - Leader change notification received for group: group-BC7335D83B61 with new leaderId: 1c712de1-3a3e-422e-b3d0-30fcd422e487
2023-04-11 17:19:53,550 [1c712de1-3a3e-422e-b3d0-30fcd422e487@group-BC7335D83B61-LeaderElection34] INFO  server.RaftServer$Division (ServerState.java:setLeader(313)) - 1c712de1-3a3e-422e-b3d0-30fcd422e487@group-BC7335D83B61: change Leader from null to 1c712de1-3a3e-422e-b3d0-30fcd422e487 at term 1 for becomeLeader, leader elected after 5198ms
2023-04-11 17:19:53,550 [1c712de1-3a3e-422e-b3d0-30fcd422e487@group-BC7335D83B61-LeaderElection34] INFO  server.RaftServerConfigKeys (ConfUtils.java:logGet(46)) - raft.server.staging.catchup.gap = 1000 (default)
2023-04-11 17:19:53,550 [1c712de1-3a3e-422e-b3d0-30fcd422e487@group-BC7335D83B61-LeaderElection34] INFO  server.RaftServerConfigKeys (ConfUtils.java:logGet(46)) - raft.server.write.element-limit = 1024 (custom)
2023-04-11 17:19:53,550 [1c712de1-3a3e-422e-b3d0-30fcd422e487@group-BC7335D83B61-LeaderElection34] INFO  server.RaftServerConfigKeys (ConfUtils.java:logGet(46)) - raft.server.write.byte-limit = 1024 M (=1073741824) (custom)
2023-04-11 17:19:53,551 [1c712de1-3a3e-422e-b3d0-30fcd422e487@group-BC7335D83B61-LeaderElection34] INFO  server.RaftServerConfigKeys (ConfUtils.java:logGet(46)) - raft.server.watch.timeout = 180s (custom)
2023-04-11 17:19:53,551 [1c712de1-3a3e-422e-b3d0-30fcd422e487@group-BC7335D83B61-LeaderElection34] INFO  server.RaftServerConfigKeys (ConfUtils.java:logGet(46)) - raft.server.watch.timeout.denomination = 1s (default)
2023-04-11 17:19:53,551 [1c712de1-3a3e-422e-b3d0-30fcd422e487@group-BC7335D83B61-LeaderElection34] INFO  server.RaftServerConfigKeys (ConfUtils.java:logGet(46)) - raft.server.watch.element-limit = 65536 (default)
2023-04-11 17:19:53,551 [1c712de1-3a3e-422e-b3d0-30fcd422e487@group-BC7335D83B61-LeaderElection34] INFO  server.RaftServerConfigKeys (ConfUtils.java:logGet(46)) - raft.server.write.element-limit = 1024 (custom)
2023-04-11 17:19:53,551 [1c712de1-3a3e-422e-b3d0-30fcd422e487@group-BC7335D83B61-LeaderElection34] INFO  server.RaftServerConfigKeys (ConfUtils.java:logGet(46)) - raft.server.write.follower.gap.ratio.max = -1.0 (default)
2023-04-11 17:19:53,551 [1c712de1-3a3e-422e-b3d0-30fcd422e487@group-BC7335D83B61-LeaderElection34] INFO  impl.RoleInfo (RoleInfo.java:updateAndGet(139)) - 1c712de1-3a3e-422e-b3d0-30fcd422e487: start 1c712de1-3a3e-422e-b3d0-30fcd422e487@group-BC7335D83B61-LeaderStateImpl
2023-04-11 17:19:53,551 [1c712de1-3a3e-422e-b3d0-30fcd422e487@group-BC7335D83B61-LeaderElection34] INFO  segmented.SegmentedRaftLogWorker (SegmentedRaftLogWorker.java:startLogSegment(452)) - 1c712de1-3a3e-422e-b3d0-30fcd422e487@group-BC7335D83B61-SegmentedRaftLogWorker: Starting segment from index:0
2023-04-11 17:19:53,556 [1c712de1-3a3e-422e-b3d0-30fcd422e487@group-BC7335D83B61-SegmentedRaftLogWorker] INFO  segmented.SegmentedRaftLogWorker (SegmentedRaftLogWorker.java:execute(656)) - 1c712de1-3a3e-422e-b3d0-30fcd422e487@group-BC7335D83B61-SegmentedRaftLogWorker: created new log segment /home/runner/work/ozone/ozone/hadoop-ozone/integration-test/target/test-dir/MiniOzoneClusterImpl-bb159280-bf04-4f42-bb5c-99373fe8c4eb/datanode-1/data/ratis/289c6b73-0566-4b40-9457-bc7335d83b61/current/log_inprogress_0
2023-04-11 17:19:53,562 [1c712de1-3a3e-422e-b3d0-30fcd422e487@group-BC7335D83B61-LeaderElection34] INFO  server.RaftServer$Division (ServerState.java:setRaftConf(430)) - 1c712de1-3a3e-422e-b3d0-30fcd422e487@group-BC7335D83B61: set configuration 0: peers:[1c712de1-3a3e-422e-b3d0-30fcd422e487|rpc:10.1.0.70:35255|dataStream:10.1.0.70:45841|priority:1|startupRole:FOLLOWER]|listeners:[], old=null
17:19:53.648 [IPC Server handler 19 on default port 37689] ERROR OMAudit - user=runner | ip=127.0.0.1 | op=READ_KEY {volume=volume96095, bucket=bucket29928, key=file_notexist, dataSize=0, replicationConfig=null} | ret=FAILURE
org.apache.hadoop.ozone.om.exceptions.OMException: Key:file_notexist not found
	at org.apache.hadoop.ozone.om.KeyManagerImpl.readKeyInfo(KeyManagerImpl.java:428) ~[ozone-manager-1.4.0-SNAPSHOT.jar:?]
	at org.apache.hadoop.ozone.om.KeyManagerImpl.lambda$9(KeyManagerImpl.java:1935) ~[ozone-manager-1.4.0-SNAPSHOT.jar:?]
	at org.apache.hadoop.util.MetricUtil.captureLatencyNs(MetricUtil.java:36) ~[hdds-common-1.4.0-SNAPSHOT.jar:?]
	at org.apache.hadoop.ozone.om.KeyManagerImpl.getKeyInfo(KeyManagerImpl.java:1933) ~[ozone-manager-1.4.0-SNAPSHOT.jar:?]
	at org.apache.hadoop.ozone.om.OmMetadataReader.getKeyInfo(OmMetadataReader.java:211) ~[ozone-manager-1.4.0-SNAPSHOT.jar:?]
	at org.apache.hadoop.ozone.om.OzoneManager.getKeyInfo(OzoneManager.java:2798) ~[ozone-manager-1.4.0-SNAPSHOT.jar:?]
	at org.apache.hadoop.ozone.protocolPB.OzoneManagerRequestHandler.getKeyInfo(OzoneManagerRequestHandler.java:549) ~[ozone-manager-1.4.0-SNAPSHOT.jar:?]
	at org.apache.hadoop.ozone.protocolPB.OzoneManagerRequestHandler.handleReadRequest(OzoneManagerRequestHandler.java:292) ~[ozone-manager-1.4.0-SNAPSHOT.jar:?]
	at org.apache.hadoop.ozone.protocolPB.OzoneManagerProtocolServerSideTranslatorPB.submitRequestDirectlyToOM(OzoneManagerProtocolServerSideTranslatorPB.java:272) ~[ozone-manager-1.4.0-SNAPSHOT.jar:?]
	at org.apache.hadoop.ozone.protocolPB.OzoneManagerProtocolServerSideTranslatorPB.processRequest(OzoneManagerProtocolServerSideTranslatorPB.java:173) ~[ozone-manager-1.4.0-SNAPSHOT.jar:?]
	at org.apache.hadoop.hdds.server.OzoneProtocolMessageDispatcher.processRequest(OzoneProtocolMessageDispatcher.java:87) [hdds-server-framework-1.4.0-SNAPSHOT.jar:?]
	at org.apache.hadoop.ozone.protocolPB.OzoneManagerProtocolServerSideTranslatorPB.submitRequest(OzoneManagerProtocolServerSideTranslatorPB.java:147) [ozone-manager-1.4.0-SNAPSHOT.jar:?]
	at org.apache.hadoop.ozone.protocol.proto.OzoneManagerProtocolProtos$OzoneManagerService$2.callBlockingMethod(OzoneManagerProtocolProtos.java) [ozone-interface-client-1.4.0-SNAPSHOT.jar:?]
	at org.apache.hadoop.ipc.ProtobufRpcEngine$Server.processCall(ProtobufRpcEngine.java:484) [hadoop-common-3.3.5.jar:?]
	at org.apache.hadoop.ipc.ProtobufRpcEngine2$Server$ProtoBufRpcInvoker.call(ProtobufRpcEngine2.java:595) [hadoop-common-3.3.5.jar:?]
	at org.apache.hadoop.ipc.ProtobufRpcEngine2$Server$ProtoBufRpcInvoker.call(ProtobufRpcEngine2.java:573) [hadoop-common-3.3.5.jar:?]
	at org.apache.hadoop.ipc.RPC$Server.call(RPC.java:1213) [hadoop-common-3.3.5.jar:?]
	at org.apache.hadoop.ipc.Server$RpcCall.run(Server.java:1089) [hadoop-common-3.3.5.jar:?]
	at org.apache.hadoop.ipc.Server$RpcCall.run(Server.java:1012) [hadoop-common-3.3.5.jar:?]
	at java.security.AccessController.doPrivileged(Native Method) ~[?:1.8.0_362]
	at javax.security.auth.Subject.doAs(Subject.java:422) [?:1.8.0_362]
	at org.apache.hadoop.security.UserGroupInformation.doAs(UserGroupInformation.java:1899) [hadoop-common-3.3.5.jar:?]
	at org.apache.hadoop.ipc.Server$Handler.run(Server.java:3026) [hadoop-common-3.3.5.jar:?]
]]></system-out>
  </testcase>
  <testcase name="testRenameFile" classname="TestOzoneFileSystem" time="0.127">
    <system-out><![CDATA[2023-04-11 17:16:48,655 [OM StateMachine ApplyTransaction Thread - 0] INFO  key.OMKeyRequest (OMKeyRequest.java:wrapUncommittedBlocksAsPseudoKey(838)) - Detect allocated but uncommitted blocks [{blockID={containerID=2, localID=111677748019200002}, length=4194304, offset=0, token=null, pipeline=null, createVersion=0, partNumber=0}] in key root/file1_Copy.
17:16:48.660 [IPC Server handler 9 on default port 41353] ERROR OMAudit - user=runner | ip=127.0.0.1 | op=GET_FILE_STATUS {volume=volume52567, bucket=bucket67420, key=root/file1, dataSize=0, replicationConfig=null} | ret=FAILURE
org.apache.hadoop.ozone.om.exceptions.OMException: Unable to get file status: volume: volume52567 bucket: bucket67420 key: root/file1
	at org.apache.hadoop.ozone.om.KeyManagerImpl.getOzoneFileStatus(KeyManagerImpl.java:1200) ~[ozone-manager-1.4.0-SNAPSHOT.jar:?]
	at org.apache.hadoop.ozone.om.KeyManagerImpl.getFileStatus(KeyManagerImpl.java:1118) ~[ozone-manager-1.4.0-SNAPSHOT.jar:?]
	at org.apache.hadoop.ozone.om.OmMetadataReader.getFileStatus(OmMetadataReader.java:288) ~[ozone-manager-1.4.0-SNAPSHOT.jar:?]
	at org.apache.hadoop.ozone.om.OzoneManager.getFileStatus(OzoneManager.java:3491) ~[ozone-manager-1.4.0-SNAPSHOT.jar:?]
	at org.apache.hadoop.ozone.protocolPB.OzoneManagerRequestHandler.getOzoneFileStatus(OzoneManagerRequestHandler.java:934) ~[ozone-manager-1.4.0-SNAPSHOT.jar:?]
	at org.apache.hadoop.ozone.protocolPB.OzoneManagerRequestHandler.handleReadRequest(OzoneManagerRequestHandler.java:238) ~[ozone-manager-1.4.0-SNAPSHOT.jar:?]
	at org.apache.hadoop.ozone.protocolPB.OzoneManagerProtocolServerSideTranslatorPB.submitReadRequestToOM(OzoneManagerProtocolServerSideTranslatorPB.java:223) ~[ozone-manager-1.4.0-SNAPSHOT.jar:?]
	at org.apache.hadoop.ozone.protocolPB.OzoneManagerProtocolServerSideTranslatorPB.processRequest(OzoneManagerProtocolServerSideTranslatorPB.java:177) ~[ozone-manager-1.4.0-SNAPSHOT.jar:?]
	at org.apache.hadoop.hdds.server.OzoneProtocolMessageDispatcher.processRequest(OzoneProtocolMessageDispatcher.java:87) [hdds-server-framework-1.4.0-SNAPSHOT.jar:?]
	at org.apache.hadoop.ozone.protocolPB.OzoneManagerProtocolServerSideTranslatorPB.submitRequest(OzoneManagerProtocolServerSideTranslatorPB.java:147) [ozone-manager-1.4.0-SNAPSHOT.jar:?]
	at org.apache.hadoop.ozone.protocol.proto.OzoneManagerProtocolProtos$OzoneManagerService$2.callBlockingMethod(OzoneManagerProtocolProtos.java) [ozone-interface-client-1.4.0-SNAPSHOT.jar:?]
	at org.apache.hadoop.ipc.ProtobufRpcEngine$Server.processCall(ProtobufRpcEngine.java:484) [hadoop-common-3.3.5.jar:?]
	at org.apache.hadoop.ipc.ProtobufRpcEngine2$Server$ProtoBufRpcInvoker.call(ProtobufRpcEngine2.java:595) [hadoop-common-3.3.5.jar:?]
	at org.apache.hadoop.ipc.ProtobufRpcEngine2$Server$ProtoBufRpcInvoker.call(ProtobufRpcEngine2.java:573) [hadoop-common-3.3.5.jar:?]
	at org.apache.hadoop.ipc.RPC$Server.call(RPC.java:1213) [hadoop-common-3.3.5.jar:?]
	at org.apache.hadoop.ipc.Server$RpcCall.run(Server.java:1089) [hadoop-common-3.3.5.jar:?]
	at org.apache.hadoop.ipc.Server$RpcCall.run(Server.java:1012) [hadoop-common-3.3.5.jar:?]
	at java.security.AccessController.doPrivileged(Native Method) ~[?:1.8.0_362]
	at javax.security.auth.Subject.doAs(Subject.java:422) [?:1.8.0_362]
	at org.apache.hadoop.security.UserGroupInformation.doAs(UserGroupInformation.java:1899) [hadoop-common-3.3.5.jar:?]
	at org.apache.hadoop.ipc.Server$Handler.run(Server.java:3026) [hadoop-common-3.3.5.jar:?]
]]></system-out>
  </testcase>
  <testcase name="testRenameFile" classname="TestOzoneFileSystem" time="0.045">
    <system-out><![CDATA[2023-04-11 17:18:03,376 [1466190b-31b8-4a1a-90c9-9931edc03f55@group-57E150C89A50-FollowerState] INFO  impl.FollowerState (FollowerState.java:run(143)) - 1466190b-31b8-4a1a-90c9-9931edc03f55@group-57E150C89A50-FollowerState: change to CANDIDATE, lastRpcElapsedTime:5109321584ns, electionTimeout:5107ms
2023-04-11 17:18:03,376 [1466190b-31b8-4a1a-90c9-9931edc03f55@group-57E150C89A50-FollowerState] INFO  impl.RoleInfo (RoleInfo.java:shutdownFollowerState(110)) - 1466190b-31b8-4a1a-90c9-9931edc03f55: shutdown 1466190b-31b8-4a1a-90c9-9931edc03f55@group-57E150C89A50-FollowerState
2023-04-11 17:18:03,376 [1466190b-31b8-4a1a-90c9-9931edc03f55@group-57E150C89A50-FollowerState] INFO  server.RaftServer$Division (RaftServerImpl.java:setRole(321)) - 1466190b-31b8-4a1a-90c9-9931edc03f55@group-57E150C89A50: changes role from  FOLLOWER to CANDIDATE at term 0 for changeToCandidate
2023-04-11 17:18:03,376 [1466190b-31b8-4a1a-90c9-9931edc03f55@group-57E150C89A50-FollowerState] INFO  server.RaftServerConfigKeys (ConfUtils.java:logGet(46)) - raft.server.leaderelection.pre-vote = true (default)
2023-04-11 17:18:03,376 [1466190b-31b8-4a1a-90c9-9931edc03f55@group-57E150C89A50-FollowerState] INFO  impl.RoleInfo (RoleInfo.java:updateAndGet(139)) - 1466190b-31b8-4a1a-90c9-9931edc03f55: start 1466190b-31b8-4a1a-90c9-9931edc03f55@group-57E150C89A50-LeaderElection17
2023-04-11 17:18:03,379 [1466190b-31b8-4a1a-90c9-9931edc03f55@group-57E150C89A50-LeaderElection17] INFO  impl.LeaderElection (LeaderElection.java:askForVotes(312)) - 1466190b-31b8-4a1a-90c9-9931edc03f55@group-57E150C89A50-LeaderElection17 PRE_VOTE round 0: submit vote requests at term 0 for -1: peers:[1466190b-31b8-4a1a-90c9-9931edc03f55|rpc:10.1.0.70:40843|dataStream:10.1.0.70:38869|priority:1|startupRole:FOLLOWER]|listeners:[], old=null
2023-04-11 17:18:03,379 [1466190b-31b8-4a1a-90c9-9931edc03f55@group-57E150C89A50-LeaderElection17] INFO  impl.LeaderElection (LeaderElection.java:askForVotes(314)) - 1466190b-31b8-4a1a-90c9-9931edc03f55@group-57E150C89A50-LeaderElection17 PRE_VOTE round 0: result PASSED (term=0)
2023-04-11 17:18:03,384 [IPC Server handler 2 on default port 38777] INFO  key.OMKeyRequest (OMKeyRequest.java:wrapUncommittedBlocksAsPseudoKey(838)) - Detect allocated but uncommitted blocks [{blockID={containerID=2, localID=111677748019200002}, length=4194304, offset=0, token=null, pipeline=null, createVersion=0, partNumber=0}] in key root/file1_Copy.
2023-04-11 17:18:03,385 [1466190b-31b8-4a1a-90c9-9931edc03f55@group-57E150C89A50-LeaderElection17] INFO  impl.LeaderElection (LeaderElection.java:askForVotes(312)) - 1466190b-31b8-4a1a-90c9-9931edc03f55@group-57E150C89A50-LeaderElection17 ELECTION round 0: submit vote requests at term 1 for -1: peers:[1466190b-31b8-4a1a-90c9-9931edc03f55|rpc:10.1.0.70:40843|dataStream:10.1.0.70:38869|priority:1|startupRole:FOLLOWER]|listeners:[], old=null
2023-04-11 17:18:03,385 [1466190b-31b8-4a1a-90c9-9931edc03f55@group-57E150C89A50-LeaderElection17] INFO  impl.LeaderElection (LeaderElection.java:askForVotes(314)) - 1466190b-31b8-4a1a-90c9-9931edc03f55@group-57E150C89A50-LeaderElection17 ELECTION round 0: result PASSED (term=1)
2023-04-11 17:18:03,385 [1466190b-31b8-4a1a-90c9-9931edc03f55@group-57E150C89A50-LeaderElection17] INFO  impl.RoleInfo (RoleInfo.java:shutdownLeaderElection(130)) - 1466190b-31b8-4a1a-90c9-9931edc03f55: shutdown 1466190b-31b8-4a1a-90c9-9931edc03f55@group-57E150C89A50-LeaderElection17
2023-04-11 17:18:03,385 [1466190b-31b8-4a1a-90c9-9931edc03f55@group-57E150C89A50-LeaderElection17] INFO  server.RaftServer$Division (RaftServerImpl.java:setRole(321)) - 1466190b-31b8-4a1a-90c9-9931edc03f55@group-57E150C89A50: changes role from CANDIDATE to LEADER at term 1 for changeToLeader
2023-04-11 17:18:03,385 [1466190b-31b8-4a1a-90c9-9931edc03f55@group-57E150C89A50-LeaderElection17] INFO  ratis.XceiverServerRatis (XceiverServerRatis.java:handleLeaderChangedNotification(904)) - Leader change notification received for group: group-57E150C89A50 with new leaderId: 1466190b-31b8-4a1a-90c9-9931edc03f55
2023-04-11 17:18:03,386 [1466190b-31b8-4a1a-90c9-9931edc03f55@group-57E150C89A50-LeaderElection17] INFO  server.RaftServer$Division (ServerState.java:setLeader(313)) - 1466190b-31b8-4a1a-90c9-9931edc03f55@group-57E150C89A50: change Leader from null to 1466190b-31b8-4a1a-90c9-9931edc03f55 at term 1 for becomeLeader, leader elected after 5133ms
2023-04-11 17:18:03,386 [1466190b-31b8-4a1a-90c9-9931edc03f55@group-57E150C89A50-LeaderElection17] INFO  server.RaftServerConfigKeys (ConfUtils.java:logGet(46)) - raft.server.staging.catchup.gap = 1000 (default)
2023-04-11 17:18:03,386 [1466190b-31b8-4a1a-90c9-9931edc03f55@group-57E150C89A50-LeaderElection17] INFO  server.RaftServerConfigKeys (ConfUtils.java:logGet(46)) - raft.server.write.element-limit = 1024 (custom)
2023-04-11 17:18:03,386 [1466190b-31b8-4a1a-90c9-9931edc03f55@group-57E150C89A50-LeaderElection17] INFO  server.RaftServerConfigKeys (ConfUtils.java:logGet(46)) - raft.server.write.byte-limit = 1024 M (=1073741824) (custom)
2023-04-11 17:18:03,387 [1466190b-31b8-4a1a-90c9-9931edc03f55@group-57E150C89A50-LeaderElection17] INFO  server.RaftServerConfigKeys (ConfUtils.java:logGet(46)) - raft.server.watch.timeout = 180s (custom)
2023-04-11 17:18:03,388 [1466190b-31b8-4a1a-90c9-9931edc03f55@group-57E150C89A50-LeaderElection17] INFO  server.RaftServerConfigKeys (ConfUtils.java:logGet(46)) - raft.server.watch.timeout.denomination = 1s (default)
2023-04-11 17:18:03,388 [1466190b-31b8-4a1a-90c9-9931edc03f55@group-57E150C89A50-LeaderElection17] INFO  server.RaftServerConfigKeys (ConfUtils.java:logGet(46)) - raft.server.watch.element-limit = 65536 (default)
2023-04-11 17:18:03,388 [1466190b-31b8-4a1a-90c9-9931edc03f55@group-57E150C89A50-LeaderElection17] INFO  server.RaftServerConfigKeys (ConfUtils.java:logGet(46)) - raft.server.write.element-limit = 1024 (custom)
2023-04-11 17:18:03,388 [1466190b-31b8-4a1a-90c9-9931edc03f55@group-57E150C89A50-LeaderElection17] INFO  server.RaftServerConfigKeys (ConfUtils.java:logGet(46)) - raft.server.write.follower.gap.ratio.max = -1.0 (default)
17:18:03.388 [IPC Server handler 19 on default port 38777] ERROR OMAudit - user=runner | ip=127.0.0.1 | op=GET_FILE_STATUS {volume=volume96178, bucket=bucket92903, key=root/file1, dataSize=0, replicationConfig=null} | ret=FAILURE
org.apache.hadoop.ozone.om.exceptions.OMException: Unable to get file status: volume: volume96178 bucket: bucket92903 key: root/file1
	at org.apache.hadoop.ozone.om.KeyManagerImpl.getOzoneFileStatus(KeyManagerImpl.java:1200) ~[ozone-manager-1.4.0-SNAPSHOT.jar:?]
	at org.apache.hadoop.ozone.om.KeyManagerImpl.getFileStatus(KeyManagerImpl.java:1118) ~[ozone-manager-1.4.0-SNAPSHOT.jar:?]
	at org.apache.hadoop.ozone.om.OmMetadataReader.getFileStatus(OmMetadataReader.java:288) ~[ozone-manager-1.4.0-SNAPSHOT.jar:?]
	at org.apache.hadoop.ozone.om.OzoneManager.getFileStatus(OzoneManager.java:3491) ~[ozone-manager-1.4.0-SNAPSHOT.jar:?]
	at org.apache.hadoop.ozone.protocolPB.OzoneManagerRequestHandler.getOzoneFileStatus(OzoneManagerRequestHandler.java:934) ~[ozone-manager-1.4.0-SNAPSHOT.jar:?]
	at org.apache.hadoop.ozone.protocolPB.OzoneManagerRequestHandler.handleReadRequest(OzoneManagerRequestHandler.java:238) ~[ozone-manager-1.4.0-SNAPSHOT.jar:?]
	at org.apache.hadoop.ozone.protocolPB.OzoneManagerProtocolServerSideTranslatorPB.submitRequestDirectlyToOM(OzoneManagerProtocolServerSideTranslatorPB.java:272) ~[ozone-manager-1.4.0-SNAPSHOT.jar:?]
	at org.apache.hadoop.ozone.protocolPB.OzoneManagerProtocolServerSideTranslatorPB.processRequest(OzoneManagerProtocolServerSideTranslatorPB.java:173) ~[ozone-manager-1.4.0-SNAPSHOT.jar:?]
	at org.apache.hadoop.hdds.server.OzoneProtocolMessageDispatcher.processRequest(OzoneProtocolMessageDispatcher.java:87) [hdds-server-framework-1.4.0-SNAPSHOT.jar:?]
	at org.apache.hadoop.ozone.protocolPB.OzoneManagerProtocolServerSideTranslatorPB.submitRequest(OzoneManagerProtocolServerSideTranslatorPB.java:147) [ozone-manager-1.4.0-SNAPSHOT.jar:?]
	at org.apache.hadoop.ozone.protocol.proto.OzoneManagerProtocolProtos$OzoneManagerService$2.callBlockingMethod(OzoneManagerProtocolProtos.java) [ozone-interface-client-1.4.0-SNAPSHOT.jar:?]
	at org.apache.hadoop.ipc.ProtobufRpcEngine$Server.processCall(ProtobufRpcEngine.java:484) [hadoop-common-3.3.5.jar:?]
	at org.apache.hadoop.ipc.ProtobufRpcEngine2$Server$ProtoBufRpcInvoker.call(ProtobufRpcEngine2.java:595) [hadoop-common-3.3.5.jar:?]
	at org.apache.hadoop.ipc.ProtobufRpcEngine2$Server$ProtoBufRpcInvoker.call(ProtobufRpcEngine2.java:573) [hadoop-common-3.3.5.jar:?]
	at org.apache.hadoop.ipc.RPC$Server.call(RPC.java:1213) [hadoop-common-3.3.5.jar:?]
	at org.apache.hadoop.ipc.Server$RpcCall.run(Server.java:1089) [hadoop-common-3.3.5.jar:?]
	at org.apache.hadoop.ipc.Server$RpcCall.run(Server.java:1012) [hadoop-common-3.3.5.jar:?]
	at java.security.AccessController.doPrivileged(Native Method) ~[?:1.8.0_362]
	at javax.security.auth.Subject.doAs(Subject.java:422) [?:1.8.0_362]
	at org.apache.hadoop.security.UserGroupInformation.doAs(UserGroupInformation.java:1899) [hadoop-common-3.3.5.jar:?]
	at org.apache.hadoop.ipc.Server$Handler.run(Server.java:3026) [hadoop-common-3.3.5.jar:?]
2023-04-11 17:18:03,389 [1466190b-31b8-4a1a-90c9-9931edc03f55@group-57E150C89A50-LeaderElection17] INFO  impl.RoleInfo (RoleInfo.java:updateAndGet(139)) - 1466190b-31b8-4a1a-90c9-9931edc03f55: start 1466190b-31b8-4a1a-90c9-9931edc03f55@group-57E150C89A50-LeaderStateImpl
2023-04-11 17:18:03,389 [1466190b-31b8-4a1a-90c9-9931edc03f55@group-57E150C89A50-LeaderElection17] INFO  segmented.SegmentedRaftLogWorker (SegmentedRaftLogWorker.java:startLogSegment(452)) - 1466190b-31b8-4a1a-90c9-9931edc03f55@group-57E150C89A50-SegmentedRaftLogWorker: Starting segment from index:0
2023-04-11 17:18:03,391 [1466190b-31b8-4a1a-90c9-9931edc03f55@group-57E150C89A50-SegmentedRaftLogWorker] INFO  segmented.SegmentedRaftLogWorker (SegmentedRaftLogWorker.java:execute(656)) - 1466190b-31b8-4a1a-90c9-9931edc03f55@group-57E150C89A50-SegmentedRaftLogWorker: created new log segment /home/runner/work/ozone/ozone/hadoop-ozone/integration-test/target/test-dir/MiniOzoneClusterImpl-3c04abff-9f55-4a78-ab47-7ca56afb4af6/datanode-2/data/ratis/5c867ca6-b5a4-4bb2-a7fc-57e150c89a50/current/log_inprogress_0
2023-04-11 17:18:03,392 [1466190b-31b8-4a1a-90c9-9931edc03f55@group-57E150C89A50-LeaderElection17] INFO  server.RaftServer$Division (ServerState.java:setRaftConf(430)) - 1466190b-31b8-4a1a-90c9-9931edc03f55@group-57E150C89A50: set configuration 0: peers:[1466190b-31b8-4a1a-90c9-9931edc03f55|rpc:10.1.0.70:40843|dataStream:10.1.0.70:38869|priority:1|startupRole:FOLLOWER]|listeners:[], old=null
]]></system-out>
  </testcase>
  <testcase name="testRenameFile" classname="TestOzoneFileSystem" time="0.027">
    <system-out><![CDATA[2023-04-11 17:18:56,539 [OM StateMachine ApplyTransaction Thread - 0] INFO  key.OMKeyRequest (OMKeyRequest.java:wrapUncommittedBlocksAsPseudoKey(838)) - Detect allocated but uncommitted blocks [{blockID={containerID=2, localID=111677748019200002}, length=4194304, offset=0, token=null, pipeline=null, createVersion=0, partNumber=0}] in key root/file1_Copy.
17:18:56.540 [IPC Server handler 6 on default port 45623] ERROR OMAudit - user=runner | ip=127.0.0.1 | op=GET_FILE_STATUS {volume=volume95537, bucket=bucket59866, key=root/file1, dataSize=0, replicationConfig=null} | ret=FAILURE
org.apache.hadoop.ozone.om.exceptions.OMException: Unable to get file status: volume: volume95537 bucket: bucket59866 key: root/file1
	at org.apache.hadoop.ozone.om.KeyManagerImpl.getOzoneFileStatus(KeyManagerImpl.java:1200) ~[ozone-manager-1.4.0-SNAPSHOT.jar:?]
	at org.apache.hadoop.ozone.om.KeyManagerImpl.getFileStatus(KeyManagerImpl.java:1118) ~[ozone-manager-1.4.0-SNAPSHOT.jar:?]
	at org.apache.hadoop.ozone.om.OmMetadataReader.getFileStatus(OmMetadataReader.java:288) ~[ozone-manager-1.4.0-SNAPSHOT.jar:?]
	at org.apache.hadoop.ozone.om.OzoneManager.getFileStatus(OzoneManager.java:3491) ~[ozone-manager-1.4.0-SNAPSHOT.jar:?]
	at org.apache.hadoop.ozone.protocolPB.OzoneManagerRequestHandler.getOzoneFileStatus(OzoneManagerRequestHandler.java:934) ~[ozone-manager-1.4.0-SNAPSHOT.jar:?]
	at org.apache.hadoop.ozone.protocolPB.OzoneManagerRequestHandler.handleReadRequest(OzoneManagerRequestHandler.java:238) ~[ozone-manager-1.4.0-SNAPSHOT.jar:?]
	at org.apache.hadoop.ozone.protocolPB.OzoneManagerProtocolServerSideTranslatorPB.submitReadRequestToOM(OzoneManagerProtocolServerSideTranslatorPB.java:223) ~[ozone-manager-1.4.0-SNAPSHOT.jar:?]
	at org.apache.hadoop.ozone.protocolPB.OzoneManagerProtocolServerSideTranslatorPB.processRequest(OzoneManagerProtocolServerSideTranslatorPB.java:177) ~[ozone-manager-1.4.0-SNAPSHOT.jar:?]
	at org.apache.hadoop.hdds.server.OzoneProtocolMessageDispatcher.processRequest(OzoneProtocolMessageDispatcher.java:87) [hdds-server-framework-1.4.0-SNAPSHOT.jar:?]
	at org.apache.hadoop.ozone.protocolPB.OzoneManagerProtocolServerSideTranslatorPB.submitRequest(OzoneManagerProtocolServerSideTranslatorPB.java:147) [ozone-manager-1.4.0-SNAPSHOT.jar:?]
	at org.apache.hadoop.ozone.protocol.proto.OzoneManagerProtocolProtos$OzoneManagerService$2.callBlockingMethod(OzoneManagerProtocolProtos.java) [ozone-interface-client-1.4.0-SNAPSHOT.jar:?]
	at org.apache.hadoop.ipc.ProtobufRpcEngine$Server.processCall(ProtobufRpcEngine.java:484) [hadoop-common-3.3.5.jar:?]
	at org.apache.hadoop.ipc.ProtobufRpcEngine2$Server$ProtoBufRpcInvoker.call(ProtobufRpcEngine2.java:595) [hadoop-common-3.3.5.jar:?]
	at org.apache.hadoop.ipc.ProtobufRpcEngine2$Server$ProtoBufRpcInvoker.call(ProtobufRpcEngine2.java:573) [hadoop-common-3.3.5.jar:?]
	at org.apache.hadoop.ipc.RPC$Server.call(RPC.java:1213) [hadoop-common-3.3.5.jar:?]
	at org.apache.hadoop.ipc.Server$RpcCall.run(Server.java:1089) [hadoop-common-3.3.5.jar:?]
	at org.apache.hadoop.ipc.Server$RpcCall.run(Server.java:1012) [hadoop-common-3.3.5.jar:?]
	at java.security.AccessController.doPrivileged(Native Method) ~[?:1.8.0_362]
	at javax.security.auth.Subject.doAs(Subject.java:422) [?:1.8.0_362]
	at org.apache.hadoop.security.UserGroupInformation.doAs(UserGroupInformation.java:1899) [hadoop-common-3.3.5.jar:?]
	at org.apache.hadoop.ipc.Server$Handler.run(Server.java:3026) [hadoop-common-3.3.5.jar:?]
]]></system-out>
  </testcase>
  <testcase name="testRenameFile" classname="TestOzoneFileSystem" time="0.02">
    <system-out><![CDATA[2023-04-11 17:19:53,660 [IPC Server handler 2 on default port 37689] INFO  key.OMKeyRequest (OMKeyRequest.java:wrapUncommittedBlocksAsPseudoKey(838)) - Detect allocated but uncommitted blocks [{blockID={containerID=2, localID=111677748019200002}, length=4194304, offset=0, token=null, pipeline=null, createVersion=0, partNumber=0}] in key root/file1_Copy.
17:19:53.661 [IPC Server handler 4 on default port 37689] ERROR OMAudit - user=runner | ip=127.0.0.1 | op=GET_FILE_STATUS {volume=volume96095, bucket=bucket29928, key=root/file1, dataSize=0, replicationConfig=null} | ret=FAILURE
org.apache.hadoop.ozone.om.exceptions.OMException: Unable to get file status: volume: volume96095 bucket: bucket29928 key: root/file1
	at org.apache.hadoop.ozone.om.KeyManagerImpl.getOzoneFileStatus(KeyManagerImpl.java:1200) ~[ozone-manager-1.4.0-SNAPSHOT.jar:?]
	at org.apache.hadoop.ozone.om.KeyManagerImpl.getFileStatus(KeyManagerImpl.java:1118) ~[ozone-manager-1.4.0-SNAPSHOT.jar:?]
	at org.apache.hadoop.ozone.om.OmMetadataReader.getFileStatus(OmMetadataReader.java:288) ~[ozone-manager-1.4.0-SNAPSHOT.jar:?]
	at org.apache.hadoop.ozone.om.OzoneManager.getFileStatus(OzoneManager.java:3491) ~[ozone-manager-1.4.0-SNAPSHOT.jar:?]
	at org.apache.hadoop.ozone.protocolPB.OzoneManagerRequestHandler.getOzoneFileStatus(OzoneManagerRequestHandler.java:934) ~[ozone-manager-1.4.0-SNAPSHOT.jar:?]
	at org.apache.hadoop.ozone.protocolPB.OzoneManagerRequestHandler.handleReadRequest(OzoneManagerRequestHandler.java:238) ~[ozone-manager-1.4.0-SNAPSHOT.jar:?]
	at org.apache.hadoop.ozone.protocolPB.OzoneManagerProtocolServerSideTranslatorPB.submitRequestDirectlyToOM(OzoneManagerProtocolServerSideTranslatorPB.java:272) ~[ozone-manager-1.4.0-SNAPSHOT.jar:?]
	at org.apache.hadoop.ozone.protocolPB.OzoneManagerProtocolServerSideTranslatorPB.processRequest(OzoneManagerProtocolServerSideTranslatorPB.java:173) ~[ozone-manager-1.4.0-SNAPSHOT.jar:?]
	at org.apache.hadoop.hdds.server.OzoneProtocolMessageDispatcher.processRequest(OzoneProtocolMessageDispatcher.java:87) [hdds-server-framework-1.4.0-SNAPSHOT.jar:?]
	at org.apache.hadoop.ozone.protocolPB.OzoneManagerProtocolServerSideTranslatorPB.submitRequest(OzoneManagerProtocolServerSideTranslatorPB.java:147) [ozone-manager-1.4.0-SNAPSHOT.jar:?]
	at org.apache.hadoop.ozone.protocol.proto.OzoneManagerProtocolProtos$OzoneManagerService$2.callBlockingMethod(OzoneManagerProtocolProtos.java) [ozone-interface-client-1.4.0-SNAPSHOT.jar:?]
	at org.apache.hadoop.ipc.ProtobufRpcEngine$Server.processCall(ProtobufRpcEngine.java:484) [hadoop-common-3.3.5.jar:?]
	at org.apache.hadoop.ipc.ProtobufRpcEngine2$Server$ProtoBufRpcInvoker.call(ProtobufRpcEngine2.java:595) [hadoop-common-3.3.5.jar:?]
	at org.apache.hadoop.ipc.ProtobufRpcEngine2$Server$ProtoBufRpcInvoker.call(ProtobufRpcEngine2.java:573) [hadoop-common-3.3.5.jar:?]
	at org.apache.hadoop.ipc.RPC$Server.call(RPC.java:1213) [hadoop-common-3.3.5.jar:?]
	at org.apache.hadoop.ipc.Server$RpcCall.run(Server.java:1089) [hadoop-common-3.3.5.jar:?]
	at org.apache.hadoop.ipc.Server$RpcCall.run(Server.java:1012) [hadoop-common-3.3.5.jar:?]
	at java.security.AccessController.doPrivileged(Native Method) ~[?:1.8.0_362]
	at javax.security.auth.Subject.doAs(Subject.java:422) [?:1.8.0_362]
	at org.apache.hadoop.security.UserGroupInformation.doAs(UserGroupInformation.java:1899) [hadoop-common-3.3.5.jar:?]
	at org.apache.hadoop.ipc.Server$Handler.run(Server.java:3026) [hadoop-common-3.3.5.jar:?]
]]></system-out>
  </testcase>
  <testcase name="testRenameDir" classname="TestOzoneFileSystem" time="0.058">
    <system-out><![CDATA[2023-04-11 17:16:48,765 [Time-limited test] INFO  ozone.TestOzoneFileSystem (TestOzoneFileSystem.java:testRenameDir(1433)) - Created dir o3fs://bucket67420.volume52567/root_dir/dir1/sub_dir1
2023-04-11 17:16:48,765 [Time-limited test] INFO  ozone.TestOzoneFileSystem (TestOzoneFileSystem.java:testRenameDir(1434)) - Will move o3fs://bucket67420.volume52567/root_dir/dir1 to o3fs://bucket67420.volume52567/root_dir/dir1.renamed
17:16:48.769 [IPC Server handler 14 on default port 41353] ERROR OMAudit - user=runner | ip=127.0.0.1 | op=GET_FILE_STATUS {volume=volume52567, bucket=bucket67420, key=root_dir/dir1.renamed, dataSize=0, replicationConfig=null} | ret=FAILURE
org.apache.hadoop.ozone.om.exceptions.OMException: Unable to get file status: volume: volume52567 bucket: bucket67420 key: root_dir/dir1.renamed
	at org.apache.hadoop.ozone.om.KeyManagerImpl.getOzoneFileStatus(KeyManagerImpl.java:1200) ~[ozone-manager-1.4.0-SNAPSHOT.jar:?]
	at org.apache.hadoop.ozone.om.KeyManagerImpl.getFileStatus(KeyManagerImpl.java:1118) ~[ozone-manager-1.4.0-SNAPSHOT.jar:?]
	at org.apache.hadoop.ozone.om.OmMetadataReader.getFileStatus(OmMetadataReader.java:288) ~[ozone-manager-1.4.0-SNAPSHOT.jar:?]
	at org.apache.hadoop.ozone.om.OzoneManager.getFileStatus(OzoneManager.java:3491) ~[ozone-manager-1.4.0-SNAPSHOT.jar:?]
	at org.apache.hadoop.ozone.protocolPB.OzoneManagerRequestHandler.getOzoneFileStatus(OzoneManagerRequestHandler.java:934) ~[ozone-manager-1.4.0-SNAPSHOT.jar:?]
	at org.apache.hadoop.ozone.protocolPB.OzoneManagerRequestHandler.handleReadRequest(OzoneManagerRequestHandler.java:238) ~[ozone-manager-1.4.0-SNAPSHOT.jar:?]
	at org.apache.hadoop.ozone.protocolPB.OzoneManagerProtocolServerSideTranslatorPB.submitReadRequestToOM(OzoneManagerProtocolServerSideTranslatorPB.java:223) ~[ozone-manager-1.4.0-SNAPSHOT.jar:?]
	at org.apache.hadoop.ozone.protocolPB.OzoneManagerProtocolServerSideTranslatorPB.processRequest(OzoneManagerProtocolServerSideTranslatorPB.java:177) ~[ozone-manager-1.4.0-SNAPSHOT.jar:?]
	at org.apache.hadoop.hdds.server.OzoneProtocolMessageDispatcher.processRequest(OzoneProtocolMessageDispatcher.java:87) [hdds-server-framework-1.4.0-SNAPSHOT.jar:?]
	at org.apache.hadoop.ozone.protocolPB.OzoneManagerProtocolServerSideTranslatorPB.submitRequest(OzoneManagerProtocolServerSideTranslatorPB.java:147) [ozone-manager-1.4.0-SNAPSHOT.jar:?]
	at org.apache.hadoop.ozone.protocol.proto.OzoneManagerProtocolProtos$OzoneManagerService$2.callBlockingMethod(OzoneManagerProtocolProtos.java) [ozone-interface-client-1.4.0-SNAPSHOT.jar:?]
	at org.apache.hadoop.ipc.ProtobufRpcEngine$Server.processCall(ProtobufRpcEngine.java:484) [hadoop-common-3.3.5.jar:?]
	at org.apache.hadoop.ipc.ProtobufRpcEngine2$Server$ProtoBufRpcInvoker.call(ProtobufRpcEngine2.java:595) [hadoop-common-3.3.5.jar:?]
	at org.apache.hadoop.ipc.ProtobufRpcEngine2$Server$ProtoBufRpcInvoker.call(ProtobufRpcEngine2.java:573) [hadoop-common-3.3.5.jar:?]
	at org.apache.hadoop.ipc.RPC$Server.call(RPC.java:1213) [hadoop-common-3.3.5.jar:?]
	at org.apache.hadoop.ipc.Server$RpcCall.run(Server.java:1089) [hadoop-common-3.3.5.jar:?]
	at org.apache.hadoop.ipc.Server$RpcCall.run(Server.java:1012) [hadoop-common-3.3.5.jar:?]
	at java.security.AccessController.doPrivileged(Native Method) ~[?:1.8.0_362]
	at javax.security.auth.Subject.doAs(Subject.java:422) [?:1.8.0_362]
	at org.apache.hadoop.security.UserGroupInformation.doAs(UserGroupInformation.java:1899) [hadoop-common-3.3.5.jar:?]
	at org.apache.hadoop.ipc.Server$Handler.run(Server.java:3026) [hadoop-common-3.3.5.jar:?]
]]></system-out>
  </testcase>
  <testcase name="testRenameDir" classname="TestOzoneFileSystem" time="0.017">
    <system-out><![CDATA[2023-04-11 17:18:03,416 [Time-limited test] INFO  ozone.TestOzoneFileSystem (TestOzoneFileSystem.java:testRenameDir(1433)) - Created dir o3fs://bucket92903.volume96178/root_dir/dir1/sub_dir1
2023-04-11 17:18:03,416 [Time-limited test] INFO  ozone.TestOzoneFileSystem (TestOzoneFileSystem.java:testRenameDir(1434)) - Will move o3fs://bucket92903.volume96178/root_dir/dir1 to o3fs://bucket92903.volume96178/root_dir/dir1.renamed
17:18:03.417 [IPC Server handler 10 on default port 38777] ERROR OMAudit - user=runner | ip=127.0.0.1 | op=GET_FILE_STATUS {volume=volume96178, bucket=bucket92903, key=root_dir/dir1.renamed, dataSize=0, replicationConfig=null} | ret=FAILURE
org.apache.hadoop.ozone.om.exceptions.OMException: Unable to get file status: volume: volume96178 bucket: bucket92903 key: root_dir/dir1.renamed
	at org.apache.hadoop.ozone.om.KeyManagerImpl.getOzoneFileStatus(KeyManagerImpl.java:1200) ~[ozone-manager-1.4.0-SNAPSHOT.jar:?]
	at org.apache.hadoop.ozone.om.KeyManagerImpl.getFileStatus(KeyManagerImpl.java:1118) ~[ozone-manager-1.4.0-SNAPSHOT.jar:?]
	at org.apache.hadoop.ozone.om.OmMetadataReader.getFileStatus(OmMetadataReader.java:288) ~[ozone-manager-1.4.0-SNAPSHOT.jar:?]
	at org.apache.hadoop.ozone.om.OzoneManager.getFileStatus(OzoneManager.java:3491) ~[ozone-manager-1.4.0-SNAPSHOT.jar:?]
	at org.apache.hadoop.ozone.protocolPB.OzoneManagerRequestHandler.getOzoneFileStatus(OzoneManagerRequestHandler.java:934) ~[ozone-manager-1.4.0-SNAPSHOT.jar:?]
	at org.apache.hadoop.ozone.protocolPB.OzoneManagerRequestHandler.handleReadRequest(OzoneManagerRequestHandler.java:238) ~[ozone-manager-1.4.0-SNAPSHOT.jar:?]
	at org.apache.hadoop.ozone.protocolPB.OzoneManagerProtocolServerSideTranslatorPB.submitRequestDirectlyToOM(OzoneManagerProtocolServerSideTranslatorPB.java:272) ~[ozone-manager-1.4.0-SNAPSHOT.jar:?]
	at org.apache.hadoop.ozone.protocolPB.OzoneManagerProtocolServerSideTranslatorPB.processRequest(OzoneManagerProtocolServerSideTranslatorPB.java:173) ~[ozone-manager-1.4.0-SNAPSHOT.jar:?]
	at org.apache.hadoop.hdds.server.OzoneProtocolMessageDispatcher.processRequest(OzoneProtocolMessageDispatcher.java:87) [hdds-server-framework-1.4.0-SNAPSHOT.jar:?]
	at org.apache.hadoop.ozone.protocolPB.OzoneManagerProtocolServerSideTranslatorPB.submitRequest(OzoneManagerProtocolServerSideTranslatorPB.java:147) [ozone-manager-1.4.0-SNAPSHOT.jar:?]
	at org.apache.hadoop.ozone.protocol.proto.OzoneManagerProtocolProtos$OzoneManagerService$2.callBlockingMethod(OzoneManagerProtocolProtos.java) [ozone-interface-client-1.4.0-SNAPSHOT.jar:?]
	at org.apache.hadoop.ipc.ProtobufRpcEngine$Server.processCall(ProtobufRpcEngine.java:484) [hadoop-common-3.3.5.jar:?]
	at org.apache.hadoop.ipc.ProtobufRpcEngine2$Server$ProtoBufRpcInvoker.call(ProtobufRpcEngine2.java:595) [hadoop-common-3.3.5.jar:?]
	at org.apache.hadoop.ipc.ProtobufRpcEngine2$Server$ProtoBufRpcInvoker.call(ProtobufRpcEngine2.java:573) [hadoop-common-3.3.5.jar:?]
	at org.apache.hadoop.ipc.RPC$Server.call(RPC.java:1213) [hadoop-common-3.3.5.jar:?]
	at org.apache.hadoop.ipc.Server$RpcCall.run(Server.java:1089) [hadoop-common-3.3.5.jar:?]
	at org.apache.hadoop.ipc.Server$RpcCall.run(Server.java:1012) [hadoop-common-3.3.5.jar:?]
	at java.security.AccessController.doPrivileged(Native Method) ~[?:1.8.0_362]
	at javax.security.auth.Subject.doAs(Subject.java:422) [?:1.8.0_362]
	at org.apache.hadoop.security.UserGroupInformation.doAs(UserGroupInformation.java:1899) [hadoop-common-3.3.5.jar:?]
	at org.apache.hadoop.ipc.Server$Handler.run(Server.java:3026) [hadoop-common-3.3.5.jar:?]
]]></system-out>
  </testcase>
  <testcase name="testRenameDir" classname="TestOzoneFileSystem" time="0.013">
    <system-out><![CDATA[2023-04-11 17:18:56,557 [Time-limited test] INFO  ozone.TestOzoneFileSystem (TestOzoneFileSystem.java:testRenameDir(1433)) - Created dir o3fs://bucket59866.volume95537/root_dir/dir1/sub_dir1
2023-04-11 17:18:56,557 [Time-limited test] INFO  ozone.TestOzoneFileSystem (TestOzoneFileSystem.java:testRenameDir(1434)) - Will move o3fs://bucket59866.volume95537/root_dir/dir1 to o3fs://bucket59866.volume95537/root_dir/dir1.renamed
17:18:56.558 [IPC Server handler 5 on default port 45623] ERROR OMAudit - user=runner | ip=127.0.0.1 | op=GET_FILE_STATUS {volume=volume95537, bucket=bucket59866, key=root_dir/dir1.renamed, dataSize=0, replicationConfig=null} | ret=FAILURE
org.apache.hadoop.ozone.om.exceptions.OMException: Unable to get file status: volume: volume95537 bucket: bucket59866 key: root_dir/dir1.renamed
	at org.apache.hadoop.ozone.om.KeyManagerImpl.getOzoneFileStatus(KeyManagerImpl.java:1200) ~[ozone-manager-1.4.0-SNAPSHOT.jar:?]
	at org.apache.hadoop.ozone.om.KeyManagerImpl.getFileStatus(KeyManagerImpl.java:1118) ~[ozone-manager-1.4.0-SNAPSHOT.jar:?]
	at org.apache.hadoop.ozone.om.OmMetadataReader.getFileStatus(OmMetadataReader.java:288) ~[ozone-manager-1.4.0-SNAPSHOT.jar:?]
	at org.apache.hadoop.ozone.om.OzoneManager.getFileStatus(OzoneManager.java:3491) ~[ozone-manager-1.4.0-SNAPSHOT.jar:?]
	at org.apache.hadoop.ozone.protocolPB.OzoneManagerRequestHandler.getOzoneFileStatus(OzoneManagerRequestHandler.java:934) ~[ozone-manager-1.4.0-SNAPSHOT.jar:?]
	at org.apache.hadoop.ozone.protocolPB.OzoneManagerRequestHandler.handleReadRequest(OzoneManagerRequestHandler.java:238) ~[ozone-manager-1.4.0-SNAPSHOT.jar:?]
	at org.apache.hadoop.ozone.protocolPB.OzoneManagerProtocolServerSideTranslatorPB.submitReadRequestToOM(OzoneManagerProtocolServerSideTranslatorPB.java:223) ~[ozone-manager-1.4.0-SNAPSHOT.jar:?]
	at org.apache.hadoop.ozone.protocolPB.OzoneManagerProtocolServerSideTranslatorPB.processRequest(OzoneManagerProtocolServerSideTranslatorPB.java:177) ~[ozone-manager-1.4.0-SNAPSHOT.jar:?]
	at org.apache.hadoop.hdds.server.OzoneProtocolMessageDispatcher.processRequest(OzoneProtocolMessageDispatcher.java:87) [hdds-server-framework-1.4.0-SNAPSHOT.jar:?]
	at org.apache.hadoop.ozone.protocolPB.OzoneManagerProtocolServerSideTranslatorPB.submitRequest(OzoneManagerProtocolServerSideTranslatorPB.java:147) [ozone-manager-1.4.0-SNAPSHOT.jar:?]
	at org.apache.hadoop.ozone.protocol.proto.OzoneManagerProtocolProtos$OzoneManagerService$2.callBlockingMethod(OzoneManagerProtocolProtos.java) [ozone-interface-client-1.4.0-SNAPSHOT.jar:?]
	at org.apache.hadoop.ipc.ProtobufRpcEngine$Server.processCall(ProtobufRpcEngine.java:484) [hadoop-common-3.3.5.jar:?]
	at org.apache.hadoop.ipc.ProtobufRpcEngine2$Server$ProtoBufRpcInvoker.call(ProtobufRpcEngine2.java:595) [hadoop-common-3.3.5.jar:?]
	at org.apache.hadoop.ipc.ProtobufRpcEngine2$Server$ProtoBufRpcInvoker.call(ProtobufRpcEngine2.java:573) [hadoop-common-3.3.5.jar:?]
	at org.apache.hadoop.ipc.RPC$Server.call(RPC.java:1213) [hadoop-common-3.3.5.jar:?]
	at org.apache.hadoop.ipc.Server$RpcCall.run(Server.java:1089) [hadoop-common-3.3.5.jar:?]
	at org.apache.hadoop.ipc.Server$RpcCall.run(Server.java:1012) [hadoop-common-3.3.5.jar:?]
	at java.security.AccessController.doPrivileged(Native Method) ~[?:1.8.0_362]
	at javax.security.auth.Subject.doAs(Subject.java:422) [?:1.8.0_362]
	at org.apache.hadoop.security.UserGroupInformation.doAs(UserGroupInformation.java:1899) [hadoop-common-3.3.5.jar:?]
	at org.apache.hadoop.ipc.Server$Handler.run(Server.java:3026) [hadoop-common-3.3.5.jar:?]
]]></system-out>
  </testcase>
  <testcase name="testRenameDir" classname="TestOzoneFileSystem" time="0.008">
    <system-out><![CDATA[2023-04-11 17:19:53,673 [Time-limited test] INFO  ozone.TestOzoneFileSystem (TestOzoneFileSystem.java:testRenameDir(1433)) - Created dir o3fs://bucket29928.volume96095/root_dir/dir1/sub_dir1
2023-04-11 17:19:53,673 [Time-limited test] INFO  ozone.TestOzoneFileSystem (TestOzoneFileSystem.java:testRenameDir(1434)) - Will move o3fs://bucket29928.volume96095/root_dir/dir1 to o3fs://bucket29928.volume96095/root_dir/dir1.renamed
17:19:53.674 [IPC Server handler 16 on default port 37689] ERROR OMAudit - user=runner | ip=127.0.0.1 | op=GET_FILE_STATUS {volume=volume96095, bucket=bucket29928, key=root_dir/dir1.renamed, dataSize=0, replicationConfig=null} | ret=FAILURE
org.apache.hadoop.ozone.om.exceptions.OMException: Unable to get file status: volume: volume96095 bucket: bucket29928 key: root_dir/dir1.renamed
	at org.apache.hadoop.ozone.om.KeyManagerImpl.getOzoneFileStatus(KeyManagerImpl.java:1200) ~[ozone-manager-1.4.0-SNAPSHOT.jar:?]
	at org.apache.hadoop.ozone.om.KeyManagerImpl.getFileStatus(KeyManagerImpl.java:1118) ~[ozone-manager-1.4.0-SNAPSHOT.jar:?]
	at org.apache.hadoop.ozone.om.OmMetadataReader.getFileStatus(OmMetadataReader.java:288) ~[ozone-manager-1.4.0-SNAPSHOT.jar:?]
	at org.apache.hadoop.ozone.om.OzoneManager.getFileStatus(OzoneManager.java:3491) ~[ozone-manager-1.4.0-SNAPSHOT.jar:?]
	at org.apache.hadoop.ozone.protocolPB.OzoneManagerRequestHandler.getOzoneFileStatus(OzoneManagerRequestHandler.java:934) ~[ozone-manager-1.4.0-SNAPSHOT.jar:?]
	at org.apache.hadoop.ozone.protocolPB.OzoneManagerRequestHandler.handleReadRequest(OzoneManagerRequestHandler.java:238) ~[ozone-manager-1.4.0-SNAPSHOT.jar:?]
	at org.apache.hadoop.ozone.protocolPB.OzoneManagerProtocolServerSideTranslatorPB.submitRequestDirectlyToOM(OzoneManagerProtocolServerSideTranslatorPB.java:272) ~[ozone-manager-1.4.0-SNAPSHOT.jar:?]
	at org.apache.hadoop.ozone.protocolPB.OzoneManagerProtocolServerSideTranslatorPB.processRequest(OzoneManagerProtocolServerSideTranslatorPB.java:173) ~[ozone-manager-1.4.0-SNAPSHOT.jar:?]
	at org.apache.hadoop.hdds.server.OzoneProtocolMessageDispatcher.processRequest(OzoneProtocolMessageDispatcher.java:87) [hdds-server-framework-1.4.0-SNAPSHOT.jar:?]
	at org.apache.hadoop.ozone.protocolPB.OzoneManagerProtocolServerSideTranslatorPB.submitRequest(OzoneManagerProtocolServerSideTranslatorPB.java:147) [ozone-manager-1.4.0-SNAPSHOT.jar:?]
	at org.apache.hadoop.ozone.protocol.proto.OzoneManagerProtocolProtos$OzoneManagerService$2.callBlockingMethod(OzoneManagerProtocolProtos.java) [ozone-interface-client-1.4.0-SNAPSHOT.jar:?]
	at org.apache.hadoop.ipc.ProtobufRpcEngine$Server.processCall(ProtobufRpcEngine.java:484) [hadoop-common-3.3.5.jar:?]
	at org.apache.hadoop.ipc.ProtobufRpcEngine2$Server$ProtoBufRpcInvoker.call(ProtobufRpcEngine2.java:595) [hadoop-common-3.3.5.jar:?]
	at org.apache.hadoop.ipc.ProtobufRpcEngine2$Server$ProtoBufRpcInvoker.call(ProtobufRpcEngine2.java:573) [hadoop-common-3.3.5.jar:?]
	at org.apache.hadoop.ipc.RPC$Server.call(RPC.java:1213) [hadoop-common-3.3.5.jar:?]
	at org.apache.hadoop.ipc.Server$RpcCall.run(Server.java:1089) [hadoop-common-3.3.5.jar:?]
	at org.apache.hadoop.ipc.Server$RpcCall.run(Server.java:1012) [hadoop-common-3.3.5.jar:?]
	at java.security.AccessController.doPrivileged(Native Method) ~[?:1.8.0_362]
	at javax.security.auth.Subject.doAs(Subject.java:422) [?:1.8.0_362]
	at org.apache.hadoop.security.UserGroupInformation.doAs(UserGroupInformation.java:1899) [hadoop-common-3.3.5.jar:?]
	at org.apache.hadoop.ipc.Server$Handler.run(Server.java:3026) [hadoop-common-3.3.5.jar:?]
]]></system-out>
  </testcase>
  <testcase name="testListStatusIteratorOnSubDirs" classname="TestOzoneFileSystem" time="0.068">
    <system-out><![CDATA[2023-04-11 17:16:48,840 [OM StateMachine ApplyTransaction Thread - 0] INFO  key.OMKeyRequest (OMKeyRequest.java:wrapUncommittedBlocksAsPseudoKey(838)) - Detect allocated but uncommitted blocks [{blockID={containerID=3, localID=111677748019200003}, length=4194304, offset=0, token=null, pipeline=null, createVersion=0, partNumber=0}] in key dir1/dir12/file121.
]]></system-out>
  </testcase>
  <testcase name="testListStatusIteratorOnSubDirs" classname="TestOzoneFileSystem" time="0.02">
    <system-out><![CDATA[2023-04-11 17:18:03,441 [IPC Server handler 14 on default port 38777] INFO  key.OMKeyRequest (OMKeyRequest.java:wrapUncommittedBlocksAsPseudoKey(838)) - Detect allocated but uncommitted blocks [{blockID={containerID=1, localID=111677748019200003}, length=4194304, offset=0, token=null, pipeline=null, createVersion=0, partNumber=0}] in key dir1/dir12/file121.
]]></system-out>
  </testcase>
  <testcase name="testListStatusIteratorOnSubDirs" classname="TestOzoneFileSystem" time="0.02">
    <system-out><![CDATA[2023-04-11 17:18:56,580 [OM StateMachine ApplyTransaction Thread - 0] INFO  key.OMKeyRequest (OMKeyRequest.java:wrapUncommittedBlocksAsPseudoKey(838)) - Detect allocated but uncommitted blocks [{blockID={containerID=3, localID=111677748019200003}, length=4194304, offset=0, token=null, pipeline=null, createVersion=0, partNumber=0}] in key dir1/dir12/file121.
]]></system-out>
  </testcase>
  <testcase name="testListStatusIteratorOnSubDirs" classname="TestOzoneFileSystem" time="0.011">
    <system-out><![CDATA[2023-04-11 17:19:53,686 [IPC Server handler 15 on default port 37689] INFO  key.OMKeyRequest (OMKeyRequest.java:wrapUncommittedBlocksAsPseudoKey(838)) - Detect allocated but uncommitted blocks [{blockID={containerID=3, localID=111677748019200003}, length=4194304, offset=0, token=null, pipeline=null, createVersion=0, partNumber=0}] in key dir1/dir12/file121.
]]></system-out>
  </testcase>
  <testcase name="testAllocateMoreThanOneBlock" classname="TestOzoneFileSystem" time="0.448"/>
  <testcase name="testAllocateMoreThanOneBlock" classname="TestOzoneFileSystem" time="0.368">
    <system-out><![CDATA[2023-04-11 17:18:03,667 [302076d3-f1b4-4ab2-b5f1-f71a9676adc4@group-F83941FA9AF0-FollowerState] INFO  impl.FollowerState (FollowerState.java:run(143)) - 302076d3-f1b4-4ab2-b5f1-f71a9676adc4@group-F83941FA9AF0-FollowerState: change to CANDIDATE, lastRpcElapsedTime:5026437122ns, electionTimeout:5025ms
2023-04-11 17:18:03,667 [302076d3-f1b4-4ab2-b5f1-f71a9676adc4@group-F83941FA9AF0-FollowerState] INFO  impl.RoleInfo (RoleInfo.java:shutdownFollowerState(110)) - 302076d3-f1b4-4ab2-b5f1-f71a9676adc4: shutdown 302076d3-f1b4-4ab2-b5f1-f71a9676adc4@group-F83941FA9AF0-FollowerState
2023-04-11 17:18:03,667 [302076d3-f1b4-4ab2-b5f1-f71a9676adc4@group-F83941FA9AF0-FollowerState] INFO  server.RaftServer$Division (RaftServerImpl.java:setRole(321)) - 302076d3-f1b4-4ab2-b5f1-f71a9676adc4@group-F83941FA9AF0: changes role from  FOLLOWER to CANDIDATE at term 0 for changeToCandidate
2023-04-11 17:18:03,674 [302076d3-f1b4-4ab2-b5f1-f71a9676adc4@group-F83941FA9AF0-FollowerState] INFO  server.RaftServerConfigKeys (ConfUtils.java:logGet(46)) - raft.server.leaderelection.pre-vote = true (default)
2023-04-11 17:18:03,675 [302076d3-f1b4-4ab2-b5f1-f71a9676adc4@group-F83941FA9AF0-FollowerState] INFO  impl.RoleInfo (RoleInfo.java:updateAndGet(139)) - 302076d3-f1b4-4ab2-b5f1-f71a9676adc4: start 302076d3-f1b4-4ab2-b5f1-f71a9676adc4@group-F83941FA9AF0-LeaderElection18
2023-04-11 17:18:03,685 [302076d3-f1b4-4ab2-b5f1-f71a9676adc4@group-F83941FA9AF0-LeaderElection18] INFO  impl.LeaderElection (LeaderElection.java:askForVotes(312)) - 302076d3-f1b4-4ab2-b5f1-f71a9676adc4@group-F83941FA9AF0-LeaderElection18 PRE_VOTE round 0: submit vote requests at term 0 for -1: peers:[302076d3-f1b4-4ab2-b5f1-f71a9676adc4|rpc:10.1.0.70:41023|dataStream:10.1.0.70:44817|priority:1|startupRole:FOLLOWER]|listeners:[], old=null
2023-04-11 17:18:03,685 [302076d3-f1b4-4ab2-b5f1-f71a9676adc4@group-F83941FA9AF0-LeaderElection18] INFO  impl.LeaderElection (LeaderElection.java:askForVotes(314)) - 302076d3-f1b4-4ab2-b5f1-f71a9676adc4@group-F83941FA9AF0-LeaderElection18 PRE_VOTE round 0: result PASSED (term=0)
2023-04-11 17:18:03,688 [302076d3-f1b4-4ab2-b5f1-f71a9676adc4@group-F83941FA9AF0-LeaderElection18] INFO  impl.LeaderElection (LeaderElection.java:askForVotes(312)) - 302076d3-f1b4-4ab2-b5f1-f71a9676adc4@group-F83941FA9AF0-LeaderElection18 ELECTION round 0: submit vote requests at term 1 for -1: peers:[302076d3-f1b4-4ab2-b5f1-f71a9676adc4|rpc:10.1.0.70:41023|dataStream:10.1.0.70:44817|priority:1|startupRole:FOLLOWER]|listeners:[], old=null
2023-04-11 17:18:03,688 [302076d3-f1b4-4ab2-b5f1-f71a9676adc4@group-F83941FA9AF0-LeaderElection18] INFO  impl.LeaderElection (LeaderElection.java:askForVotes(314)) - 302076d3-f1b4-4ab2-b5f1-f71a9676adc4@group-F83941FA9AF0-LeaderElection18 ELECTION round 0: result PASSED (term=1)
2023-04-11 17:18:03,688 [302076d3-f1b4-4ab2-b5f1-f71a9676adc4@group-F83941FA9AF0-LeaderElection18] INFO  impl.RoleInfo (RoleInfo.java:shutdownLeaderElection(130)) - 302076d3-f1b4-4ab2-b5f1-f71a9676adc4: shutdown 302076d3-f1b4-4ab2-b5f1-f71a9676adc4@group-F83941FA9AF0-LeaderElection18
2023-04-11 17:18:03,688 [302076d3-f1b4-4ab2-b5f1-f71a9676adc4@group-F83941FA9AF0-LeaderElection18] INFO  server.RaftServer$Division (RaftServerImpl.java:setRole(321)) - 302076d3-f1b4-4ab2-b5f1-f71a9676adc4@group-F83941FA9AF0: changes role from CANDIDATE to LEADER at term 1 for changeToLeader
2023-04-11 17:18:03,688 [302076d3-f1b4-4ab2-b5f1-f71a9676adc4@group-F83941FA9AF0-LeaderElection18] INFO  ratis.XceiverServerRatis (XceiverServerRatis.java:handleLeaderChangedNotification(904)) - Leader change notification received for group: group-F83941FA9AF0 with new leaderId: 302076d3-f1b4-4ab2-b5f1-f71a9676adc4
2023-04-11 17:18:03,689 [302076d3-f1b4-4ab2-b5f1-f71a9676adc4@group-F83941FA9AF0-LeaderElection18] INFO  server.RaftServer$Division (ServerState.java:setLeader(313)) - 302076d3-f1b4-4ab2-b5f1-f71a9676adc4@group-F83941FA9AF0: change Leader from null to 302076d3-f1b4-4ab2-b5f1-f71a9676adc4 at term 1 for becomeLeader, leader elected after 5066ms
2023-04-11 17:18:03,689 [302076d3-f1b4-4ab2-b5f1-f71a9676adc4@group-F83941FA9AF0-LeaderElection18] INFO  server.RaftServerConfigKeys (ConfUtils.java:logGet(46)) - raft.server.staging.catchup.gap = 1000 (default)
2023-04-11 17:18:03,690 [302076d3-f1b4-4ab2-b5f1-f71a9676adc4@group-F83941FA9AF0-LeaderElection18] INFO  server.RaftServerConfigKeys (ConfUtils.java:logGet(46)) - raft.server.write.element-limit = 1024 (custom)
2023-04-11 17:18:03,690 [302076d3-f1b4-4ab2-b5f1-f71a9676adc4@group-F83941FA9AF0-LeaderElection18] INFO  server.RaftServerConfigKeys (ConfUtils.java:logGet(46)) - raft.server.write.byte-limit = 1024 M (=1073741824) (custom)
2023-04-11 17:18:03,690 [302076d3-f1b4-4ab2-b5f1-f71a9676adc4@group-F83941FA9AF0-LeaderElection18] INFO  server.RaftServerConfigKeys (ConfUtils.java:logGet(46)) - raft.server.watch.timeout = 180s (custom)
2023-04-11 17:18:03,690 [302076d3-f1b4-4ab2-b5f1-f71a9676adc4@group-F83941FA9AF0-LeaderElection18] INFO  server.RaftServerConfigKeys (ConfUtils.java:logGet(46)) - raft.server.watch.timeout.denomination = 1s (default)
2023-04-11 17:18:03,690 [302076d3-f1b4-4ab2-b5f1-f71a9676adc4@group-F83941FA9AF0-LeaderElection18] INFO  server.RaftServerConfigKeys (ConfUtils.java:logGet(46)) - raft.server.watch.element-limit = 65536 (default)
2023-04-11 17:18:03,690 [302076d3-f1b4-4ab2-b5f1-f71a9676adc4@group-F83941FA9AF0-LeaderElection18] INFO  server.RaftServerConfigKeys (ConfUtils.java:logGet(46)) - raft.server.write.element-limit = 1024 (custom)
2023-04-11 17:18:03,690 [302076d3-f1b4-4ab2-b5f1-f71a9676adc4@group-F83941FA9AF0-LeaderElection18] INFO  server.RaftServerConfigKeys (ConfUtils.java:logGet(46)) - raft.server.write.follower.gap.ratio.max = -1.0 (default)
2023-04-11 17:18:03,690 [302076d3-f1b4-4ab2-b5f1-f71a9676adc4@group-F83941FA9AF0-LeaderElection18] INFO  impl.RoleInfo (RoleInfo.java:updateAndGet(139)) - 302076d3-f1b4-4ab2-b5f1-f71a9676adc4: start 302076d3-f1b4-4ab2-b5f1-f71a9676adc4@group-F83941FA9AF0-LeaderStateImpl
2023-04-11 17:18:03,690 [302076d3-f1b4-4ab2-b5f1-f71a9676adc4@group-F83941FA9AF0-LeaderElection18] INFO  segmented.SegmentedRaftLogWorker (SegmentedRaftLogWorker.java:startLogSegment(452)) - 302076d3-f1b4-4ab2-b5f1-f71a9676adc4@group-F83941FA9AF0-SegmentedRaftLogWorker: Starting segment from index:0
2023-04-11 17:18:03,692 [302076d3-f1b4-4ab2-b5f1-f71a9676adc4@group-F83941FA9AF0-SegmentedRaftLogWorker] INFO  segmented.SegmentedRaftLogWorker (SegmentedRaftLogWorker.java:execute(656)) - 302076d3-f1b4-4ab2-b5f1-f71a9676adc4@group-F83941FA9AF0-SegmentedRaftLogWorker: created new log segment /home/runner/work/ozone/ozone/hadoop-ozone/integration-test/target/test-dir/MiniOzoneClusterImpl-3c04abff-9f55-4a78-ab47-7ca56afb4af6/datanode-3/data/ratis/46fb347a-1b32-48ba-874c-f83941fa9af0/current/log_inprogress_0
2023-04-11 17:18:03,696 [302076d3-f1b4-4ab2-b5f1-f71a9676adc4@group-F83941FA9AF0-LeaderElection18] INFO  server.RaftServer$Division (ServerState.java:setRaftConf(430)) - 302076d3-f1b4-4ab2-b5f1-f71a9676adc4@group-F83941FA9AF0: set configuration 0: peers:[302076d3-f1b4-4ab2-b5f1-f71a9676adc4|rpc:10.1.0.70:41023|dataStream:10.1.0.70:44817|priority:1|startupRole:FOLLOWER]|listeners:[], old=null
]]></system-out>
  </testcase>
  <testcase name="testAllocateMoreThanOneBlock" classname="TestOzoneFileSystem" time="0.261">
    <system-out><![CDATA[2023-04-11 17:18:56,677 [88c84cd2-72ca-4eec-b7eb-2fcd5700cf38@group-78B466434DFF-FollowerState] INFO  impl.FollowerState (FollowerState.java:run(143)) - 88c84cd2-72ca-4eec-b7eb-2fcd5700cf38@group-78B466434DFF-FollowerState: change to CANDIDATE, lastRpcElapsedTime:5094667688ns, electionTimeout:5088ms
2023-04-11 17:18:56,677 [88c84cd2-72ca-4eec-b7eb-2fcd5700cf38@group-78B466434DFF-FollowerState] INFO  impl.RoleInfo (RoleInfo.java:shutdownFollowerState(110)) - 88c84cd2-72ca-4eec-b7eb-2fcd5700cf38: shutdown 88c84cd2-72ca-4eec-b7eb-2fcd5700cf38@group-78B466434DFF-FollowerState
2023-04-11 17:18:56,677 [88c84cd2-72ca-4eec-b7eb-2fcd5700cf38@group-78B466434DFF-FollowerState] INFO  server.RaftServer$Division (RaftServerImpl.java:setRole(321)) - 88c84cd2-72ca-4eec-b7eb-2fcd5700cf38@group-78B466434DFF: changes role from  FOLLOWER to CANDIDATE at term 0 for changeToCandidate
2023-04-11 17:18:56,677 [88c84cd2-72ca-4eec-b7eb-2fcd5700cf38@group-78B466434DFF-FollowerState] INFO  server.RaftServerConfigKeys (ConfUtils.java:logGet(46)) - raft.server.leaderelection.pre-vote = true (default)
2023-04-11 17:18:56,677 [88c84cd2-72ca-4eec-b7eb-2fcd5700cf38@group-78B466434DFF-FollowerState] INFO  impl.RoleInfo (RoleInfo.java:updateAndGet(139)) - 88c84cd2-72ca-4eec-b7eb-2fcd5700cf38: start 88c84cd2-72ca-4eec-b7eb-2fcd5700cf38@group-78B466434DFF-LeaderElection27
2023-04-11 17:18:56,685 [88c84cd2-72ca-4eec-b7eb-2fcd5700cf38@group-78B466434DFF-LeaderElection27] INFO  impl.LeaderElection (LeaderElection.java:askForVotes(312)) - 88c84cd2-72ca-4eec-b7eb-2fcd5700cf38@group-78B466434DFF-LeaderElection27 PRE_VOTE round 0: submit vote requests at term 0 for -1: peers:[88c84cd2-72ca-4eec-b7eb-2fcd5700cf38|rpc:10.1.0.70:44245|dataStream:10.1.0.70:38609|priority:1|startupRole:FOLLOWER]|listeners:[], old=null
2023-04-11 17:18:56,685 [88c84cd2-72ca-4eec-b7eb-2fcd5700cf38@group-78B466434DFF-LeaderElection27] INFO  impl.LeaderElection (LeaderElection.java:askForVotes(314)) - 88c84cd2-72ca-4eec-b7eb-2fcd5700cf38@group-78B466434DFF-LeaderElection27 PRE_VOTE round 0: result PASSED (term=0)
2023-04-11 17:18:56,687 [88c84cd2-72ca-4eec-b7eb-2fcd5700cf38@group-78B466434DFF-LeaderElection27] INFO  impl.LeaderElection (LeaderElection.java:askForVotes(312)) - 88c84cd2-72ca-4eec-b7eb-2fcd5700cf38@group-78B466434DFF-LeaderElection27 ELECTION round 0: submit vote requests at term 1 for -1: peers:[88c84cd2-72ca-4eec-b7eb-2fcd5700cf38|rpc:10.1.0.70:44245|dataStream:10.1.0.70:38609|priority:1|startupRole:FOLLOWER]|listeners:[], old=null
2023-04-11 17:18:56,687 [88c84cd2-72ca-4eec-b7eb-2fcd5700cf38@group-78B466434DFF-LeaderElection27] INFO  impl.LeaderElection (LeaderElection.java:askForVotes(314)) - 88c84cd2-72ca-4eec-b7eb-2fcd5700cf38@group-78B466434DFF-LeaderElection27 ELECTION round 0: result PASSED (term=1)
2023-04-11 17:18:56,687 [88c84cd2-72ca-4eec-b7eb-2fcd5700cf38@group-78B466434DFF-LeaderElection27] INFO  impl.RoleInfo (RoleInfo.java:shutdownLeaderElection(130)) - 88c84cd2-72ca-4eec-b7eb-2fcd5700cf38: shutdown 88c84cd2-72ca-4eec-b7eb-2fcd5700cf38@group-78B466434DFF-LeaderElection27
2023-04-11 17:18:56,687 [88c84cd2-72ca-4eec-b7eb-2fcd5700cf38@group-78B466434DFF-LeaderElection27] INFO  server.RaftServer$Division (RaftServerImpl.java:setRole(321)) - 88c84cd2-72ca-4eec-b7eb-2fcd5700cf38@group-78B466434DFF: changes role from CANDIDATE to LEADER at term 1 for changeToLeader
2023-04-11 17:18:56,687 [88c84cd2-72ca-4eec-b7eb-2fcd5700cf38@group-78B466434DFF-LeaderElection27] INFO  ratis.XceiverServerRatis (XceiverServerRatis.java:handleLeaderChangedNotification(904)) - Leader change notification received for group: group-78B466434DFF with new leaderId: 88c84cd2-72ca-4eec-b7eb-2fcd5700cf38
2023-04-11 17:18:56,688 [88c84cd2-72ca-4eec-b7eb-2fcd5700cf38@group-78B466434DFF-LeaderElection27] INFO  server.RaftServer$Division (ServerState.java:setLeader(313)) - 88c84cd2-72ca-4eec-b7eb-2fcd5700cf38@group-78B466434DFF: change Leader from null to 88c84cd2-72ca-4eec-b7eb-2fcd5700cf38 at term 1 for becomeLeader, leader elected after 5119ms
2023-04-11 17:18:56,688 [88c84cd2-72ca-4eec-b7eb-2fcd5700cf38@group-78B466434DFF-LeaderElection27] INFO  server.RaftServerConfigKeys (ConfUtils.java:logGet(46)) - raft.server.staging.catchup.gap = 1000 (default)
2023-04-11 17:18:56,688 [88c84cd2-72ca-4eec-b7eb-2fcd5700cf38@group-78B466434DFF-LeaderElection27] INFO  server.RaftServerConfigKeys (ConfUtils.java:logGet(46)) - raft.server.write.element-limit = 1024 (custom)
2023-04-11 17:18:56,691 [88c84cd2-72ca-4eec-b7eb-2fcd5700cf38@group-78B466434DFF-LeaderElection27] INFO  server.RaftServerConfigKeys (ConfUtils.java:logGet(46)) - raft.server.write.byte-limit = 1024 M (=1073741824) (custom)
2023-04-11 17:18:56,691 [88c84cd2-72ca-4eec-b7eb-2fcd5700cf38@group-78B466434DFF-LeaderElection27] INFO  server.RaftServerConfigKeys (ConfUtils.java:logGet(46)) - raft.server.watch.timeout = 180s (custom)
2023-04-11 17:18:56,691 [88c84cd2-72ca-4eec-b7eb-2fcd5700cf38@group-78B466434DFF-LeaderElection27] INFO  server.RaftServerConfigKeys (ConfUtils.java:logGet(46)) - raft.server.watch.timeout.denomination = 1s (default)
2023-04-11 17:18:56,691 [88c84cd2-72ca-4eec-b7eb-2fcd5700cf38@group-78B466434DFF-LeaderElection27] INFO  server.RaftServerConfigKeys (ConfUtils.java:logGet(46)) - raft.server.watch.element-limit = 65536 (default)
2023-04-11 17:18:56,692 [88c84cd2-72ca-4eec-b7eb-2fcd5700cf38@group-78B466434DFF-LeaderElection27] INFO  server.RaftServerConfigKeys (ConfUtils.java:logGet(46)) - raft.server.write.element-limit = 1024 (custom)
2023-04-11 17:18:56,692 [88c84cd2-72ca-4eec-b7eb-2fcd5700cf38@group-78B466434DFF-LeaderElection27] INFO  server.RaftServerConfigKeys (ConfUtils.java:logGet(46)) - raft.server.write.follower.gap.ratio.max = -1.0 (default)
2023-04-11 17:18:56,692 [88c84cd2-72ca-4eec-b7eb-2fcd5700cf38@group-78B466434DFF-LeaderElection27] INFO  impl.RoleInfo (RoleInfo.java:updateAndGet(139)) - 88c84cd2-72ca-4eec-b7eb-2fcd5700cf38: start 88c84cd2-72ca-4eec-b7eb-2fcd5700cf38@group-78B466434DFF-LeaderStateImpl
2023-04-11 17:18:56,692 [88c84cd2-72ca-4eec-b7eb-2fcd5700cf38@group-78B466434DFF-LeaderElection27] INFO  segmented.SegmentedRaftLogWorker (SegmentedRaftLogWorker.java:startLogSegment(452)) - 88c84cd2-72ca-4eec-b7eb-2fcd5700cf38@group-78B466434DFF-SegmentedRaftLogWorker: Starting segment from index:0
2023-04-11 17:18:56,695 [88c84cd2-72ca-4eec-b7eb-2fcd5700cf38@group-78B466434DFF-SegmentedRaftLogWorker] INFO  segmented.SegmentedRaftLogWorker (SegmentedRaftLogWorker.java:execute(656)) - 88c84cd2-72ca-4eec-b7eb-2fcd5700cf38@group-78B466434DFF-SegmentedRaftLogWorker: created new log segment /home/runner/work/ozone/ozone/hadoop-ozone/integration-test/target/test-dir/MiniOzoneClusterImpl-7d6c2114-24de-471a-af28-9a4df9894e15/datanode-2/data/ratis/15420a60-4c24-4281-bfbb-78b466434dff/current/log_inprogress_0
2023-04-11 17:18:56,697 [88c84cd2-72ca-4eec-b7eb-2fcd5700cf38@group-78B466434DFF-LeaderElection27] INFO  server.RaftServer$Division (ServerState.java:setRaftConf(430)) - 88c84cd2-72ca-4eec-b7eb-2fcd5700cf38@group-78B466434DFF: set configuration 0: peers:[88c84cd2-72ca-4eec-b7eb-2fcd5700cf38|rpc:10.1.0.70:44245|dataStream:10.1.0.70:38609|priority:1|startupRole:FOLLOWER]|listeners:[], old=null
]]></system-out>
  </testcase>
  <testcase name="testAllocateMoreThanOneBlock" classname="TestOzoneFileSystem" time="0.282">
    <system-out><![CDATA[2023-04-11 17:19:53,856 [5e693bd7-32aa-42e7-99b2-0294dbaef363@group-3DC308BCDC2B-FollowerState] INFO  impl.FollowerState (FollowerState.java:run(143)) - 5e693bd7-32aa-42e7-99b2-0294dbaef363@group-3DC308BCDC2B-FollowerState: change to CANDIDATE, lastRpcElapsedTime:5102805142ns, electionTimeout:5102ms
2023-04-11 17:19:53,856 [5e693bd7-32aa-42e7-99b2-0294dbaef363@group-3DC308BCDC2B-FollowerState] INFO  impl.RoleInfo (RoleInfo.java:shutdownFollowerState(110)) - 5e693bd7-32aa-42e7-99b2-0294dbaef363: shutdown 5e693bd7-32aa-42e7-99b2-0294dbaef363@group-3DC308BCDC2B-FollowerState
2023-04-11 17:19:53,856 [5e693bd7-32aa-42e7-99b2-0294dbaef363@group-3DC308BCDC2B-FollowerState] INFO  server.RaftServer$Division (RaftServerImpl.java:setRole(321)) - 5e693bd7-32aa-42e7-99b2-0294dbaef363@group-3DC308BCDC2B: changes role from  FOLLOWER to CANDIDATE at term 0 for changeToCandidate
2023-04-11 17:19:53,856 [5e693bd7-32aa-42e7-99b2-0294dbaef363@group-3DC308BCDC2B-FollowerState] INFO  server.RaftServerConfigKeys (ConfUtils.java:logGet(46)) - raft.server.leaderelection.pre-vote = true (default)
2023-04-11 17:19:53,856 [5e693bd7-32aa-42e7-99b2-0294dbaef363@group-3DC308BCDC2B-FollowerState] INFO  impl.RoleInfo (RoleInfo.java:updateAndGet(139)) - 5e693bd7-32aa-42e7-99b2-0294dbaef363: start 5e693bd7-32aa-42e7-99b2-0294dbaef363@group-3DC308BCDC2B-LeaderElection35
2023-04-11 17:19:53,877 [5e693bd7-32aa-42e7-99b2-0294dbaef363@group-3DC308BCDC2B-LeaderElection35] INFO  impl.LeaderElection (LeaderElection.java:askForVotes(312)) - 5e693bd7-32aa-42e7-99b2-0294dbaef363@group-3DC308BCDC2B-LeaderElection35 PRE_VOTE round 0: submit vote requests at term 0 for -1: peers:[5e693bd7-32aa-42e7-99b2-0294dbaef363|rpc:10.1.0.70:37609|dataStream:10.1.0.70:36051|priority:1|startupRole:FOLLOWER]|listeners:[], old=null
2023-04-11 17:19:53,878 [5e693bd7-32aa-42e7-99b2-0294dbaef363@group-3DC308BCDC2B-LeaderElection35] INFO  impl.LeaderElection (LeaderElection.java:askForVotes(314)) - 5e693bd7-32aa-42e7-99b2-0294dbaef363@group-3DC308BCDC2B-LeaderElection35 PRE_VOTE round 0: result PASSED (term=0)
2023-04-11 17:19:53,883 [5e693bd7-32aa-42e7-99b2-0294dbaef363@group-3DC308BCDC2B-LeaderElection35] INFO  impl.LeaderElection (LeaderElection.java:askForVotes(312)) - 5e693bd7-32aa-42e7-99b2-0294dbaef363@group-3DC308BCDC2B-LeaderElection35 ELECTION round 0: submit vote requests at term 1 for -1: peers:[5e693bd7-32aa-42e7-99b2-0294dbaef363|rpc:10.1.0.70:37609|dataStream:10.1.0.70:36051|priority:1|startupRole:FOLLOWER]|listeners:[], old=null
2023-04-11 17:19:53,883 [5e693bd7-32aa-42e7-99b2-0294dbaef363@group-3DC308BCDC2B-LeaderElection35] INFO  impl.LeaderElection (LeaderElection.java:askForVotes(314)) - 5e693bd7-32aa-42e7-99b2-0294dbaef363@group-3DC308BCDC2B-LeaderElection35 ELECTION round 0: result PASSED (term=1)
2023-04-11 17:19:53,883 [5e693bd7-32aa-42e7-99b2-0294dbaef363@group-3DC308BCDC2B-LeaderElection35] INFO  impl.RoleInfo (RoleInfo.java:shutdownLeaderElection(130)) - 5e693bd7-32aa-42e7-99b2-0294dbaef363: shutdown 5e693bd7-32aa-42e7-99b2-0294dbaef363@group-3DC308BCDC2B-LeaderElection35
2023-04-11 17:19:53,883 [5e693bd7-32aa-42e7-99b2-0294dbaef363@group-3DC308BCDC2B-LeaderElection35] INFO  server.RaftServer$Division (RaftServerImpl.java:setRole(321)) - 5e693bd7-32aa-42e7-99b2-0294dbaef363@group-3DC308BCDC2B: changes role from CANDIDATE to LEADER at term 1 for changeToLeader
2023-04-11 17:19:53,883 [5e693bd7-32aa-42e7-99b2-0294dbaef363@group-3DC308BCDC2B-LeaderElection35] INFO  ratis.XceiverServerRatis (XceiverServerRatis.java:handleLeaderChangedNotification(904)) - Leader change notification received for group: group-3DC308BCDC2B with new leaderId: 5e693bd7-32aa-42e7-99b2-0294dbaef363
2023-04-11 17:19:53,889 [5e693bd7-32aa-42e7-99b2-0294dbaef363@group-3DC308BCDC2B-LeaderElection35] INFO  server.RaftServer$Division (ServerState.java:setLeader(313)) - 5e693bd7-32aa-42e7-99b2-0294dbaef363@group-3DC308BCDC2B: change Leader from null to 5e693bd7-32aa-42e7-99b2-0294dbaef363 at term 1 for becomeLeader, leader elected after 5144ms
2023-04-11 17:19:53,889 [5e693bd7-32aa-42e7-99b2-0294dbaef363@group-3DC308BCDC2B-LeaderElection35] INFO  server.RaftServerConfigKeys (ConfUtils.java:logGet(46)) - raft.server.staging.catchup.gap = 1000 (default)
2023-04-11 17:19:53,889 [5e693bd7-32aa-42e7-99b2-0294dbaef363@group-3DC308BCDC2B-LeaderElection35] INFO  server.RaftServerConfigKeys (ConfUtils.java:logGet(46)) - raft.server.write.element-limit = 1024 (custom)
2023-04-11 17:19:53,889 [5e693bd7-32aa-42e7-99b2-0294dbaef363@group-3DC308BCDC2B-LeaderElection35] INFO  server.RaftServerConfigKeys (ConfUtils.java:logGet(46)) - raft.server.write.byte-limit = 1024 M (=1073741824) (custom)
2023-04-11 17:19:53,889 [5e693bd7-32aa-42e7-99b2-0294dbaef363@group-3DC308BCDC2B-LeaderElection35] INFO  server.RaftServerConfigKeys (ConfUtils.java:logGet(46)) - raft.server.watch.timeout = 180s (custom)
2023-04-11 17:19:53,889 [5e693bd7-32aa-42e7-99b2-0294dbaef363@group-3DC308BCDC2B-LeaderElection35] INFO  server.RaftServerConfigKeys (ConfUtils.java:logGet(46)) - raft.server.watch.timeout.denomination = 1s (default)
2023-04-11 17:19:53,889 [5e693bd7-32aa-42e7-99b2-0294dbaef363@group-3DC308BCDC2B-LeaderElection35] INFO  server.RaftServerConfigKeys (ConfUtils.java:logGet(46)) - raft.server.watch.element-limit = 65536 (default)
2023-04-11 17:19:53,890 [5e693bd7-32aa-42e7-99b2-0294dbaef363@group-3DC308BCDC2B-LeaderElection35] INFO  server.RaftServerConfigKeys (ConfUtils.java:logGet(46)) - raft.server.write.element-limit = 1024 (custom)
2023-04-11 17:19:53,890 [5e693bd7-32aa-42e7-99b2-0294dbaef363@group-3DC308BCDC2B-LeaderElection35] INFO  server.RaftServerConfigKeys (ConfUtils.java:logGet(46)) - raft.server.write.follower.gap.ratio.max = -1.0 (default)
2023-04-11 17:19:53,890 [5e693bd7-32aa-42e7-99b2-0294dbaef363@group-3DC308BCDC2B-LeaderElection35] INFO  impl.RoleInfo (RoleInfo.java:updateAndGet(139)) - 5e693bd7-32aa-42e7-99b2-0294dbaef363: start 5e693bd7-32aa-42e7-99b2-0294dbaef363@group-3DC308BCDC2B-LeaderStateImpl
2023-04-11 17:19:53,890 [5e693bd7-32aa-42e7-99b2-0294dbaef363@group-3DC308BCDC2B-LeaderElection35] INFO  segmented.SegmentedRaftLogWorker (SegmentedRaftLogWorker.java:startLogSegment(452)) - 5e693bd7-32aa-42e7-99b2-0294dbaef363@group-3DC308BCDC2B-SegmentedRaftLogWorker: Starting segment from index:0
2023-04-11 17:19:53,891 [5e693bd7-32aa-42e7-99b2-0294dbaef363@group-3DC308BCDC2B-LeaderElection35] INFO  server.RaftServer$Division (ServerState.java:setRaftConf(430)) - 5e693bd7-32aa-42e7-99b2-0294dbaef363@group-3DC308BCDC2B: set configuration 0: peers:[5e693bd7-32aa-42e7-99b2-0294dbaef363|rpc:10.1.0.70:37609|dataStream:10.1.0.70:36051|priority:1|startupRole:FOLLOWER]|listeners:[], old=null
2023-04-11 17:19:53,892 [5e693bd7-32aa-42e7-99b2-0294dbaef363@group-3DC308BCDC2B-SegmentedRaftLogWorker] INFO  segmented.SegmentedRaftLogWorker (SegmentedRaftLogWorker.java:execute(656)) - 5e693bd7-32aa-42e7-99b2-0294dbaef363@group-3DC308BCDC2B-SegmentedRaftLogWorker: created new log segment /home/runner/work/ozone/ozone/hadoop-ozone/integration-test/target/test-dir/MiniOzoneClusterImpl-bb159280-bf04-4f42-bb5c-99373fe8c4eb/datanode-2/data/ratis/7b8b845b-38bc-4303-a9be-3dc308bcdc2b/current/log_inprogress_0
]]></system-out>
  </testcase>
  <testcase name="testRenameToExistingDir" classname="TestOzoneFileSystem" time="0.062">
    <system-out><![CDATA[17:16:49.353 [IPC Server handler 1 on default port 41353] ERROR OMAudit - user=runner | ip=127.0.0.1 | op=LIST_STATUS {volume=volume52567, bucket=bucket67420, key=b/a, dataSize=0, replicationConfig=null} | ret=FAILURE
org.apache.hadoop.ozone.om.exceptions.OMException: Unable to get file status: volume: volume52567 bucket: bucket67420 key: b/a
	at org.apache.hadoop.ozone.om.KeyManagerImpl.getOzoneFileStatus(KeyManagerImpl.java:1200) ~[ozone-manager-1.4.0-SNAPSHOT.jar:?]
	at org.apache.hadoop.ozone.om.KeyManagerImpl.getFileStatus(KeyManagerImpl.java:1118) ~[ozone-manager-1.4.0-SNAPSHOT.jar:?]
	at org.apache.hadoop.ozone.om.KeyManagerImpl.listStatus(KeyManagerImpl.java:1508) ~[ozone-manager-1.4.0-SNAPSHOT.jar:?]
	at org.apache.hadoop.ozone.om.OmMetadataReader.listStatus(OmMetadataReader.java:261) ~[ozone-manager-1.4.0-SNAPSHOT.jar:?]
	at org.apache.hadoop.ozone.om.OzoneManager.listStatus(OzoneManager.java:3510) ~[ozone-manager-1.4.0-SNAPSHOT.jar:?]
	at org.apache.hadoop.ozone.protocolPB.OzoneManagerRequestHandler.listStatus(OzoneManagerRequestHandler.java:1098) ~[ozone-manager-1.4.0-SNAPSHOT.jar:?]
	at org.apache.hadoop.ozone.protocolPB.OzoneManagerRequestHandler.handleReadRequest(OzoneManagerRequestHandler.java:249) ~[ozone-manager-1.4.0-SNAPSHOT.jar:?]
	at org.apache.hadoop.ozone.protocolPB.OzoneManagerProtocolServerSideTranslatorPB.submitReadRequestToOM(OzoneManagerProtocolServerSideTranslatorPB.java:223) ~[ozone-manager-1.4.0-SNAPSHOT.jar:?]
	at org.apache.hadoop.ozone.protocolPB.OzoneManagerProtocolServerSideTranslatorPB.processRequest(OzoneManagerProtocolServerSideTranslatorPB.java:177) ~[ozone-manager-1.4.0-SNAPSHOT.jar:?]
	at org.apache.hadoop.hdds.server.OzoneProtocolMessageDispatcher.processRequest(OzoneProtocolMessageDispatcher.java:87) [hdds-server-framework-1.4.0-SNAPSHOT.jar:?]
	at org.apache.hadoop.ozone.protocolPB.OzoneManagerProtocolServerSideTranslatorPB.submitRequest(OzoneManagerProtocolServerSideTranslatorPB.java:147) [ozone-manager-1.4.0-SNAPSHOT.jar:?]
	at org.apache.hadoop.ozone.protocol.proto.OzoneManagerProtocolProtos$OzoneManagerService$2.callBlockingMethod(OzoneManagerProtocolProtos.java) [ozone-interface-client-1.4.0-SNAPSHOT.jar:?]
	at org.apache.hadoop.ipc.ProtobufRpcEngine$Server.processCall(ProtobufRpcEngine.java:484) [hadoop-common-3.3.5.jar:?]
	at org.apache.hadoop.ipc.ProtobufRpcEngine2$Server$ProtoBufRpcInvoker.call(ProtobufRpcEngine2.java:595) [hadoop-common-3.3.5.jar:?]
	at org.apache.hadoop.ipc.ProtobufRpcEngine2$Server$ProtoBufRpcInvoker.call(ProtobufRpcEngine2.java:573) [hadoop-common-3.3.5.jar:?]
	at org.apache.hadoop.ipc.RPC$Server.call(RPC.java:1213) [hadoop-common-3.3.5.jar:?]
	at org.apache.hadoop.ipc.Server$RpcCall.run(Server.java:1089) [hadoop-common-3.3.5.jar:?]
	at org.apache.hadoop.ipc.Server$RpcCall.run(Server.java:1012) [hadoop-common-3.3.5.jar:?]
	at java.security.AccessController.doPrivileged(Native Method) ~[?:1.8.0_362]
	at javax.security.auth.Subject.doAs(Subject.java:422) [?:1.8.0_362]
	at org.apache.hadoop.security.UserGroupInformation.doAs(UserGroupInformation.java:1899) [hadoop-common-3.3.5.jar:?]
	at org.apache.hadoop.ipc.Server$Handler.run(Server.java:3026) [hadoop-common-3.3.5.jar:?]
]]></system-out>
  </testcase>
  <testcase name="testRenameToExistingDir" classname="TestOzoneFileSystem" time="0.02">
    <system-out><![CDATA[17:18:03.824 [IPC Server handler 7 on default port 38777] ERROR OMAudit - user=runner | ip=127.0.0.1 | op=LIST_STATUS {volume=volume96178, bucket=bucket92903, key=b/a, dataSize=0, replicationConfig=null} | ret=FAILURE
org.apache.hadoop.ozone.om.exceptions.OMException: Unable to get file status: volume: volume96178 bucket: bucket92903 key: b/a
	at org.apache.hadoop.ozone.om.KeyManagerImpl.getOzoneFileStatus(KeyManagerImpl.java:1200) ~[ozone-manager-1.4.0-SNAPSHOT.jar:?]
	at org.apache.hadoop.ozone.om.KeyManagerImpl.getFileStatus(KeyManagerImpl.java:1118) ~[ozone-manager-1.4.0-SNAPSHOT.jar:?]
	at org.apache.hadoop.ozone.om.KeyManagerImpl.listStatus(KeyManagerImpl.java:1508) ~[ozone-manager-1.4.0-SNAPSHOT.jar:?]
	at org.apache.hadoop.ozone.om.OmMetadataReader.listStatus(OmMetadataReader.java:261) ~[ozone-manager-1.4.0-SNAPSHOT.jar:?]
	at org.apache.hadoop.ozone.om.OzoneManager.listStatus(OzoneManager.java:3510) ~[ozone-manager-1.4.0-SNAPSHOT.jar:?]
	at org.apache.hadoop.ozone.protocolPB.OzoneManagerRequestHandler.listStatus(OzoneManagerRequestHandler.java:1098) ~[ozone-manager-1.4.0-SNAPSHOT.jar:?]
	at org.apache.hadoop.ozone.protocolPB.OzoneManagerRequestHandler.handleReadRequest(OzoneManagerRequestHandler.java:249) ~[ozone-manager-1.4.0-SNAPSHOT.jar:?]
	at org.apache.hadoop.ozone.protocolPB.OzoneManagerProtocolServerSideTranslatorPB.submitRequestDirectlyToOM(OzoneManagerProtocolServerSideTranslatorPB.java:272) ~[ozone-manager-1.4.0-SNAPSHOT.jar:?]
	at org.apache.hadoop.ozone.protocolPB.OzoneManagerProtocolServerSideTranslatorPB.processRequest(OzoneManagerProtocolServerSideTranslatorPB.java:173) ~[ozone-manager-1.4.0-SNAPSHOT.jar:?]
	at org.apache.hadoop.hdds.server.OzoneProtocolMessageDispatcher.processRequest(OzoneProtocolMessageDispatcher.java:87) [hdds-server-framework-1.4.0-SNAPSHOT.jar:?]
	at org.apache.hadoop.ozone.protocolPB.OzoneManagerProtocolServerSideTranslatorPB.submitRequest(OzoneManagerProtocolServerSideTranslatorPB.java:147) [ozone-manager-1.4.0-SNAPSHOT.jar:?]
	at org.apache.hadoop.ozone.protocol.proto.OzoneManagerProtocolProtos$OzoneManagerService$2.callBlockingMethod(OzoneManagerProtocolProtos.java) [ozone-interface-client-1.4.0-SNAPSHOT.jar:?]
	at org.apache.hadoop.ipc.ProtobufRpcEngine$Server.processCall(ProtobufRpcEngine.java:484) [hadoop-common-3.3.5.jar:?]
	at org.apache.hadoop.ipc.ProtobufRpcEngine2$Server$ProtoBufRpcInvoker.call(ProtobufRpcEngine2.java:595) [hadoop-common-3.3.5.jar:?]
	at org.apache.hadoop.ipc.ProtobufRpcEngine2$Server$ProtoBufRpcInvoker.call(ProtobufRpcEngine2.java:573) [hadoop-common-3.3.5.jar:?]
	at org.apache.hadoop.ipc.RPC$Server.call(RPC.java:1213) [hadoop-common-3.3.5.jar:?]
	at org.apache.hadoop.ipc.Server$RpcCall.run(Server.java:1089) [hadoop-common-3.3.5.jar:?]
	at org.apache.hadoop.ipc.Server$RpcCall.run(Server.java:1012) [hadoop-common-3.3.5.jar:?]
	at java.security.AccessController.doPrivileged(Native Method) ~[?:1.8.0_362]
	at javax.security.auth.Subject.doAs(Subject.java:422) [?:1.8.0_362]
	at org.apache.hadoop.security.UserGroupInformation.doAs(UserGroupInformation.java:1899) [hadoop-common-3.3.5.jar:?]
	at org.apache.hadoop.ipc.Server$Handler.run(Server.java:3026) [hadoop-common-3.3.5.jar:?]
]]></system-out>
  </testcase>
  <testcase name="testRenameToExistingDir" classname="TestOzoneFileSystem" time="0.014">
    <system-out><![CDATA[17:18:56.856 [IPC Server handler 15 on default port 45623] ERROR OMAudit - user=runner | ip=127.0.0.1 | op=LIST_STATUS {volume=volume95537, bucket=bucket59866, key=b/a, dataSize=0, replicationConfig=null} | ret=FAILURE
org.apache.hadoop.ozone.om.exceptions.OMException: Unable to get file status: volume: volume95537 bucket: bucket59866 key: b/a
	at org.apache.hadoop.ozone.om.KeyManagerImpl.getOzoneFileStatus(KeyManagerImpl.java:1200) ~[ozone-manager-1.4.0-SNAPSHOT.jar:?]
	at org.apache.hadoop.ozone.om.KeyManagerImpl.getFileStatus(KeyManagerImpl.java:1118) ~[ozone-manager-1.4.0-SNAPSHOT.jar:?]
	at org.apache.hadoop.ozone.om.KeyManagerImpl.listStatus(KeyManagerImpl.java:1508) ~[ozone-manager-1.4.0-SNAPSHOT.jar:?]
	at org.apache.hadoop.ozone.om.OmMetadataReader.listStatus(OmMetadataReader.java:261) ~[ozone-manager-1.4.0-SNAPSHOT.jar:?]
	at org.apache.hadoop.ozone.om.OzoneManager.listStatus(OzoneManager.java:3510) ~[ozone-manager-1.4.0-SNAPSHOT.jar:?]
	at org.apache.hadoop.ozone.protocolPB.OzoneManagerRequestHandler.listStatus(OzoneManagerRequestHandler.java:1098) ~[ozone-manager-1.4.0-SNAPSHOT.jar:?]
	at org.apache.hadoop.ozone.protocolPB.OzoneManagerRequestHandler.handleReadRequest(OzoneManagerRequestHandler.java:249) ~[ozone-manager-1.4.0-SNAPSHOT.jar:?]
	at org.apache.hadoop.ozone.protocolPB.OzoneManagerProtocolServerSideTranslatorPB.submitReadRequestToOM(OzoneManagerProtocolServerSideTranslatorPB.java:223) ~[ozone-manager-1.4.0-SNAPSHOT.jar:?]
	at org.apache.hadoop.ozone.protocolPB.OzoneManagerProtocolServerSideTranslatorPB.processRequest(OzoneManagerProtocolServerSideTranslatorPB.java:177) ~[ozone-manager-1.4.0-SNAPSHOT.jar:?]
	at org.apache.hadoop.hdds.server.OzoneProtocolMessageDispatcher.processRequest(OzoneProtocolMessageDispatcher.java:87) [hdds-server-framework-1.4.0-SNAPSHOT.jar:?]
	at org.apache.hadoop.ozone.protocolPB.OzoneManagerProtocolServerSideTranslatorPB.submitRequest(OzoneManagerProtocolServerSideTranslatorPB.java:147) [ozone-manager-1.4.0-SNAPSHOT.jar:?]
	at org.apache.hadoop.ozone.protocol.proto.OzoneManagerProtocolProtos$OzoneManagerService$2.callBlockingMethod(OzoneManagerProtocolProtos.java) [ozone-interface-client-1.4.0-SNAPSHOT.jar:?]
	at org.apache.hadoop.ipc.ProtobufRpcEngine$Server.processCall(ProtobufRpcEngine.java:484) [hadoop-common-3.3.5.jar:?]
	at org.apache.hadoop.ipc.ProtobufRpcEngine2$Server$ProtoBufRpcInvoker.call(ProtobufRpcEngine2.java:595) [hadoop-common-3.3.5.jar:?]
	at org.apache.hadoop.ipc.ProtobufRpcEngine2$Server$ProtoBufRpcInvoker.call(ProtobufRpcEngine2.java:573) [hadoop-common-3.3.5.jar:?]
	at org.apache.hadoop.ipc.RPC$Server.call(RPC.java:1213) [hadoop-common-3.3.5.jar:?]
	at org.apache.hadoop.ipc.Server$RpcCall.run(Server.java:1089) [hadoop-common-3.3.5.jar:?]
	at org.apache.hadoop.ipc.Server$RpcCall.run(Server.java:1012) [hadoop-common-3.3.5.jar:?]
	at java.security.AccessController.doPrivileged(Native Method) ~[?:1.8.0_362]
	at javax.security.auth.Subject.doAs(Subject.java:422) [?:1.8.0_362]
	at org.apache.hadoop.security.UserGroupInformation.doAs(UserGroupInformation.java:1899) [hadoop-common-3.3.5.jar:?]
	at org.apache.hadoop.ipc.Server$Handler.run(Server.java:3026) [hadoop-common-3.3.5.jar:?]
]]></system-out>
  </testcase>
  <testcase name="testRenameToExistingDir" classname="TestOzoneFileSystem" time="0.009">
    <system-out><![CDATA[17:19:53.976 [IPC Server handler 13 on default port 37689] ERROR OMAudit - user=runner | ip=127.0.0.1 | op=LIST_STATUS {volume=volume96095, bucket=bucket29928, key=b/a, dataSize=0, replicationConfig=null} | ret=FAILURE
org.apache.hadoop.ozone.om.exceptions.OMException: Unable to get file status: volume: volume96095 bucket: bucket29928 key: b/a
	at org.apache.hadoop.ozone.om.KeyManagerImpl.getOzoneFileStatus(KeyManagerImpl.java:1200) ~[ozone-manager-1.4.0-SNAPSHOT.jar:?]
	at org.apache.hadoop.ozone.om.KeyManagerImpl.getFileStatus(KeyManagerImpl.java:1118) ~[ozone-manager-1.4.0-SNAPSHOT.jar:?]
	at org.apache.hadoop.ozone.om.KeyManagerImpl.listStatus(KeyManagerImpl.java:1508) ~[ozone-manager-1.4.0-SNAPSHOT.jar:?]
	at org.apache.hadoop.ozone.om.OmMetadataReader.listStatus(OmMetadataReader.java:261) ~[ozone-manager-1.4.0-SNAPSHOT.jar:?]
	at org.apache.hadoop.ozone.om.OzoneManager.listStatus(OzoneManager.java:3510) ~[ozone-manager-1.4.0-SNAPSHOT.jar:?]
	at org.apache.hadoop.ozone.protocolPB.OzoneManagerRequestHandler.listStatus(OzoneManagerRequestHandler.java:1098) ~[ozone-manager-1.4.0-SNAPSHOT.jar:?]
	at org.apache.hadoop.ozone.protocolPB.OzoneManagerRequestHandler.handleReadRequest(OzoneManagerRequestHandler.java:249) ~[ozone-manager-1.4.0-SNAPSHOT.jar:?]
	at org.apache.hadoop.ozone.protocolPB.OzoneManagerProtocolServerSideTranslatorPB.submitRequestDirectlyToOM(OzoneManagerProtocolServerSideTranslatorPB.java:272) ~[ozone-manager-1.4.0-SNAPSHOT.jar:?]
	at org.apache.hadoop.ozone.protocolPB.OzoneManagerProtocolServerSideTranslatorPB.processRequest(OzoneManagerProtocolServerSideTranslatorPB.java:173) ~[ozone-manager-1.4.0-SNAPSHOT.jar:?]
	at org.apache.hadoop.hdds.server.OzoneProtocolMessageDispatcher.processRequest(OzoneProtocolMessageDispatcher.java:87) [hdds-server-framework-1.4.0-SNAPSHOT.jar:?]
	at org.apache.hadoop.ozone.protocolPB.OzoneManagerProtocolServerSideTranslatorPB.submitRequest(OzoneManagerProtocolServerSideTranslatorPB.java:147) [ozone-manager-1.4.0-SNAPSHOT.jar:?]
	at org.apache.hadoop.ozone.protocol.proto.OzoneManagerProtocolProtos$OzoneManagerService$2.callBlockingMethod(OzoneManagerProtocolProtos.java) [ozone-interface-client-1.4.0-SNAPSHOT.jar:?]
	at org.apache.hadoop.ipc.ProtobufRpcEngine$Server.processCall(ProtobufRpcEngine.java:484) [hadoop-common-3.3.5.jar:?]
	at org.apache.hadoop.ipc.ProtobufRpcEngine2$Server$ProtoBufRpcInvoker.call(ProtobufRpcEngine2.java:595) [hadoop-common-3.3.5.jar:?]
	at org.apache.hadoop.ipc.ProtobufRpcEngine2$Server$ProtoBufRpcInvoker.call(ProtobufRpcEngine2.java:573) [hadoop-common-3.3.5.jar:?]
	at org.apache.hadoop.ipc.RPC$Server.call(RPC.java:1213) [hadoop-common-3.3.5.jar:?]
	at org.apache.hadoop.ipc.Server$RpcCall.run(Server.java:1089) [hadoop-common-3.3.5.jar:?]
	at org.apache.hadoop.ipc.Server$RpcCall.run(Server.java:1012) [hadoop-common-3.3.5.jar:?]
	at java.security.AccessController.doPrivileged(Native Method) ~[?:1.8.0_362]
	at javax.security.auth.Subject.doAs(Subject.java:422) [?:1.8.0_362]
	at org.apache.hadoop.security.UserGroupInformation.doAs(UserGroupInformation.java:1899) [hadoop-common-3.3.5.jar:?]
	at org.apache.hadoop.ipc.Server$Handler.run(Server.java:3026) [hadoop-common-3.3.5.jar:?]
]]></system-out>
  </testcase>
  <testcase name="testRenameDirToItsOwnSubDir" classname="TestOzoneFileSystem" time="0.023">
    <system-out><![CDATA[2023-04-11 17:16:49,396 [Time-limited test] INFO  ozone.TestOzoneFileSystem (TestOzoneFileSystem.java:testRenameDirToItsOwnSubDir(1172)) - Created dir1 o3fs://bucket67420.volume52567/root/dir1/sub_dir1
2023-04-11 17:16:49,396 [Time-limited test] INFO  ozone.TestOzoneFileSystem (TestOzoneFileSystem.java:testRenameDirToItsOwnSubDir(1175)) - Rename op-> source:o3fs://bucket67420.volume52567/root to destin:o3fs://bucket67420.volume52567/root/dir1/sub_dir1
]]></system-out>
  </testcase>
  <testcase name="testRenameDirToItsOwnSubDir" classname="TestOzoneFileSystem" time="0.01">
    <system-out><![CDATA[2023-04-11 17:18:03,842 [Time-limited test] INFO  ozone.TestOzoneFileSystem (TestOzoneFileSystem.java:testRenameDirToItsOwnSubDir(1172)) - Created dir1 o3fs://bucket92903.volume96178/root/dir1/sub_dir1
2023-04-11 17:18:03,843 [Time-limited test] INFO  ozone.TestOzoneFileSystem (TestOzoneFileSystem.java:testRenameDirToItsOwnSubDir(1175)) - Rename op-> source:o3fs://bucket92903.volume96178/root to destin:o3fs://bucket92903.volume96178/root/dir1/sub_dir1
]]></system-out>
  </testcase>
  <testcase name="testRenameDirToItsOwnSubDir" classname="TestOzoneFileSystem" time="0.005">
    <system-out><![CDATA[2023-04-11 17:18:56,869 [Time-limited test] INFO  ozone.TestOzoneFileSystem (TestOzoneFileSystem.java:testRenameDirToItsOwnSubDir(1172)) - Created dir1 o3fs://bucket59866.volume95537/root/dir1/sub_dir1
2023-04-11 17:18:56,869 [Time-limited test] INFO  ozone.TestOzoneFileSystem (TestOzoneFileSystem.java:testRenameDirToItsOwnSubDir(1175)) - Rename op-> source:o3fs://bucket59866.volume95537/root to destin:o3fs://bucket59866.volume95537/root/dir1/sub_dir1
]]></system-out>
  </testcase>
  <testcase name="testRenameDirToItsOwnSubDir" classname="TestOzoneFileSystem" time="0.005">
    <system-out><![CDATA[2023-04-11 17:19:53,983 [Time-limited test] INFO  ozone.TestOzoneFileSystem (TestOzoneFileSystem.java:testRenameDirToItsOwnSubDir(1172)) - Created dir1 o3fs://bucket29928.volume96095/root/dir1/sub_dir1
2023-04-11 17:19:53,983 [Time-limited test] INFO  ozone.TestOzoneFileSystem (TestOzoneFileSystem.java:testRenameDirToItsOwnSubDir(1175)) - Rename op-> source:o3fs://bucket29928.volume96095/root to destin:o3fs://bucket29928.volume96095/root/dir1/sub_dir1
]]></system-out>
  </testcase>
  <testcase name="testGetDirectoryModificationTime" classname="TestOzoneFileSystem" time="0.15"/>
  <testcase name="testGetDirectoryModificationTime" classname="TestOzoneFileSystem" time="0.12"/>
  <testcase name="testGetDirectoryModificationTime" classname="TestOzoneFileSystem" time="0.115"/>
  <testcase name="testGetDirectoryModificationTime" classname="TestOzoneFileSystem" time="0.113"/>
  <testcase name="testOzoneFsServiceLoader" classname="TestOzoneFileSystem" time="0.003"/>
  <testcase name="testOzoneFsServiceLoader" classname="TestOzoneFileSystem" time="0.001"/>
  <testcase name="testOzoneFsServiceLoader" classname="TestOzoneFileSystem" time="0.002"/>
  <testcase name="testOzoneFsServiceLoader" classname="TestOzoneFileSystem" time="0.001"/>
  <testcase name="testTrash" classname="TestOzoneFileSystem" time="5.081">
    <system-out><![CDATA[2023-04-11 17:16:49,581 [OM StateMachine ApplyTransaction Thread - 0] INFO  key.OMKeyRequest (OMKeyRequest.java:wrapUncommittedBlocksAsPseudoKey(838)) - Detect allocated but uncommitted blocks [{blockID={containerID=2, localID=111677748019200006}, length=4194304, offset=0, token=null, pipeline=null, createVersion=0, partNumber=0}] in key testKey2.
17:16:49.590 [IPC Server handler 3 on default port 41353] ERROR OMAudit - user=runner | ip=127.0.0.1 | op=GET_FILE_STATUS {volume=volume52567, bucket=bucket67420, key=.Trash/runner/Current/testKey2, dataSize=0, replicationConfig=null} | ret=FAILURE
org.apache.hadoop.ozone.om.exceptions.OMException: Unable to get file status: volume: volume52567 bucket: bucket67420 key: .Trash/runner/Current/testKey2
	at org.apache.hadoop.ozone.om.KeyManagerImpl.getOzoneFileStatus(KeyManagerImpl.java:1200) ~[ozone-manager-1.4.0-SNAPSHOT.jar:?]
	at org.apache.hadoop.ozone.om.KeyManagerImpl.getFileStatus(KeyManagerImpl.java:1118) ~[ozone-manager-1.4.0-SNAPSHOT.jar:?]
	at org.apache.hadoop.ozone.om.OmMetadataReader.getFileStatus(OmMetadataReader.java:288) ~[ozone-manager-1.4.0-SNAPSHOT.jar:?]
	at org.apache.hadoop.ozone.om.OzoneManager.getFileStatus(OzoneManager.java:3491) ~[ozone-manager-1.4.0-SNAPSHOT.jar:?]
	at org.apache.hadoop.ozone.protocolPB.OzoneManagerRequestHandler.getOzoneFileStatus(OzoneManagerRequestHandler.java:934) ~[ozone-manager-1.4.0-SNAPSHOT.jar:?]
	at org.apache.hadoop.ozone.protocolPB.OzoneManagerRequestHandler.handleReadRequest(OzoneManagerRequestHandler.java:238) ~[ozone-manager-1.4.0-SNAPSHOT.jar:?]
	at org.apache.hadoop.ozone.protocolPB.OzoneManagerProtocolServerSideTranslatorPB.submitReadRequestToOM(OzoneManagerProtocolServerSideTranslatorPB.java:223) ~[ozone-manager-1.4.0-SNAPSHOT.jar:?]
	at org.apache.hadoop.ozone.protocolPB.OzoneManagerProtocolServerSideTranslatorPB.processRequest(OzoneManagerProtocolServerSideTranslatorPB.java:177) ~[ozone-manager-1.4.0-SNAPSHOT.jar:?]
	at org.apache.hadoop.hdds.server.OzoneProtocolMessageDispatcher.processRequest(OzoneProtocolMessageDispatcher.java:87) [hdds-server-framework-1.4.0-SNAPSHOT.jar:?]
	at org.apache.hadoop.ozone.protocolPB.OzoneManagerProtocolServerSideTranslatorPB.submitRequest(OzoneManagerProtocolServerSideTranslatorPB.java:147) [ozone-manager-1.4.0-SNAPSHOT.jar:?]
	at org.apache.hadoop.ozone.protocol.proto.OzoneManagerProtocolProtos$OzoneManagerService$2.callBlockingMethod(OzoneManagerProtocolProtos.java) [ozone-interface-client-1.4.0-SNAPSHOT.jar:?]
	at org.apache.hadoop.ipc.ProtobufRpcEngine$Server.processCall(ProtobufRpcEngine.java:484) [hadoop-common-3.3.5.jar:?]
	at org.apache.hadoop.ipc.ProtobufRpcEngine2$Server$ProtoBufRpcInvoker.call(ProtobufRpcEngine2.java:595) [hadoop-common-3.3.5.jar:?]
	at org.apache.hadoop.ipc.ProtobufRpcEngine2$Server$ProtoBufRpcInvoker.call(ProtobufRpcEngine2.java:573) [hadoop-common-3.3.5.jar:?]
	at org.apache.hadoop.ipc.RPC$Server.call(RPC.java:1213) [hadoop-common-3.3.5.jar:?]
	at org.apache.hadoop.ipc.Server$RpcCall.run(Server.java:1089) [hadoop-common-3.3.5.jar:?]
	at org.apache.hadoop.ipc.Server$RpcCall.run(Server.java:1012) [hadoop-common-3.3.5.jar:?]
	at java.security.AccessController.doPrivileged(Native Method) ~[?:1.8.0_362]
	at javax.security.auth.Subject.doAs(Subject.java:422) [?:1.8.0_362]
	at org.apache.hadoop.security.UserGroupInformation.doAs(UserGroupInformation.java:1899) [hadoop-common-3.3.5.jar:?]
	at org.apache.hadoop.ipc.Server$Handler.run(Server.java:3026) [hadoop-common-3.3.5.jar:?]
17:16:49.594 [IPC Server handler 5 on default port 41353] ERROR OMAudit - user=runner | ip=127.0.0.1 | op=GET_FILE_STATUS {volume=volume52567, bucket=bucket67420, key=.Trash/runner/Current/testKey2, dataSize=0, replicationConfig=null} | ret=FAILURE
org.apache.hadoop.ozone.om.exceptions.OMException: Unable to get file status: volume: volume52567 bucket: bucket67420 key: .Trash/runner/Current/testKey2
	at org.apache.hadoop.ozone.om.KeyManagerImpl.getOzoneFileStatus(KeyManagerImpl.java:1200) ~[ozone-manager-1.4.0-SNAPSHOT.jar:?]
	at org.apache.hadoop.ozone.om.KeyManagerImpl.getFileStatus(KeyManagerImpl.java:1118) ~[ozone-manager-1.4.0-SNAPSHOT.jar:?]
	at org.apache.hadoop.ozone.om.OmMetadataReader.getFileStatus(OmMetadataReader.java:288) ~[ozone-manager-1.4.0-SNAPSHOT.jar:?]
	at org.apache.hadoop.ozone.om.OzoneManager.getFileStatus(OzoneManager.java:3491) ~[ozone-manager-1.4.0-SNAPSHOT.jar:?]
	at org.apache.hadoop.ozone.protocolPB.OzoneManagerRequestHandler.getOzoneFileStatus(OzoneManagerRequestHandler.java:934) ~[ozone-manager-1.4.0-SNAPSHOT.jar:?]
	at org.apache.hadoop.ozone.protocolPB.OzoneManagerRequestHandler.handleReadRequest(OzoneManagerRequestHandler.java:238) ~[ozone-manager-1.4.0-SNAPSHOT.jar:?]
	at org.apache.hadoop.ozone.protocolPB.OzoneManagerProtocolServerSideTranslatorPB.submitReadRequestToOM(OzoneManagerProtocolServerSideTranslatorPB.java:223) ~[ozone-manager-1.4.0-SNAPSHOT.jar:?]
	at org.apache.hadoop.ozone.protocolPB.OzoneManagerProtocolServerSideTranslatorPB.processRequest(OzoneManagerProtocolServerSideTranslatorPB.java:177) ~[ozone-manager-1.4.0-SNAPSHOT.jar:?]
	at org.apache.hadoop.hdds.server.OzoneProtocolMessageDispatcher.processRequest(OzoneProtocolMessageDispatcher.java:87) [hdds-server-framework-1.4.0-SNAPSHOT.jar:?]
	at org.apache.hadoop.ozone.protocolPB.OzoneManagerProtocolServerSideTranslatorPB.submitRequest(OzoneManagerProtocolServerSideTranslatorPB.java:147) [ozone-manager-1.4.0-SNAPSHOT.jar:?]
	at org.apache.hadoop.ozone.protocol.proto.OzoneManagerProtocolProtos$OzoneManagerService$2.callBlockingMethod(OzoneManagerProtocolProtos.java) [ozone-interface-client-1.4.0-SNAPSHOT.jar:?]
	at org.apache.hadoop.ipc.ProtobufRpcEngine$Server.processCall(ProtobufRpcEngine.java:484) [hadoop-common-3.3.5.jar:?]
	at org.apache.hadoop.ipc.ProtobufRpcEngine2$Server$ProtoBufRpcInvoker.call(ProtobufRpcEngine2.java:595) [hadoop-common-3.3.5.jar:?]
	at org.apache.hadoop.ipc.ProtobufRpcEngine2$Server$ProtoBufRpcInvoker.call(ProtobufRpcEngine2.java:573) [hadoop-common-3.3.5.jar:?]
	at org.apache.hadoop.ipc.RPC$Server.call(RPC.java:1213) [hadoop-common-3.3.5.jar:?]
	at org.apache.hadoop.ipc.Server$RpcCall.run(Server.java:1089) [hadoop-common-3.3.5.jar:?]
	at org.apache.hadoop.ipc.Server$RpcCall.run(Server.java:1012) [hadoop-common-3.3.5.jar:?]
	at java.security.AccessController.doPrivileged(Native Method) ~[?:1.8.0_362]
	at javax.security.auth.Subject.doAs(Subject.java:422) [?:1.8.0_362]
	at org.apache.hadoop.security.UserGroupInformation.doAs(UserGroupInformation.java:1899) [hadoop-common-3.3.5.jar:?]
	at org.apache.hadoop.ipc.Server$Handler.run(Server.java:3026) [hadoop-common-3.3.5.jar:?]
2023-04-11 17:16:49,608 [Time-limited test] INFO  om.TrashPolicyOzone (TrashPolicyOzone.java:moveToTrash(209)) - Moved: '/testKey2' to trash at: /.Trash/runner/Current/testKey2
17:16:51.616 [IPC Server handler 0 on default port 41353] ERROR OMAudit - user=runner | ip=127.0.0.1 | op=GET_FILE_STATUS {volume=volume52567, bucket=bucket67420, key=.Trash/runner/Current/testKey2, dataSize=0, replicationConfig=null} | ret=FAILURE
org.apache.hadoop.ozone.om.exceptions.OMException: Unable to get file status: volume: volume52567 bucket: bucket67420 key: .Trash/runner/Current/testKey2
	at org.apache.hadoop.ozone.om.KeyManagerImpl.getOzoneFileStatus(KeyManagerImpl.java:1200) ~[ozone-manager-1.4.0-SNAPSHOT.jar:?]
	at org.apache.hadoop.ozone.om.KeyManagerImpl.getFileStatus(KeyManagerImpl.java:1118) ~[ozone-manager-1.4.0-SNAPSHOT.jar:?]
	at org.apache.hadoop.ozone.om.OmMetadataReader.getFileStatus(OmMetadataReader.java:288) ~[ozone-manager-1.4.0-SNAPSHOT.jar:?]
	at org.apache.hadoop.ozone.om.OzoneManager.getFileStatus(OzoneManager.java:3491) ~[ozone-manager-1.4.0-SNAPSHOT.jar:?]
	at org.apache.hadoop.ozone.protocolPB.OzoneManagerRequestHandler.getOzoneFileStatus(OzoneManagerRequestHandler.java:934) ~[ozone-manager-1.4.0-SNAPSHOT.jar:?]
	at org.apache.hadoop.ozone.protocolPB.OzoneManagerRequestHandler.handleReadRequest(OzoneManagerRequestHandler.java:238) ~[ozone-manager-1.4.0-SNAPSHOT.jar:?]
	at org.apache.hadoop.ozone.protocolPB.OzoneManagerProtocolServerSideTranslatorPB.submitReadRequestToOM(OzoneManagerProtocolServerSideTranslatorPB.java:223) ~[ozone-manager-1.4.0-SNAPSHOT.jar:?]
	at org.apache.hadoop.ozone.protocolPB.OzoneManagerProtocolServerSideTranslatorPB.processRequest(OzoneManagerProtocolServerSideTranslatorPB.java:177) ~[ozone-manager-1.4.0-SNAPSHOT.jar:?]
	at org.apache.hadoop.hdds.server.OzoneProtocolMessageDispatcher.processRequest(OzoneProtocolMessageDispatcher.java:87) [hdds-server-framework-1.4.0-SNAPSHOT.jar:?]
	at org.apache.hadoop.ozone.protocolPB.OzoneManagerProtocolServerSideTranslatorPB.submitRequest(OzoneManagerProtocolServerSideTranslatorPB.java:147) [ozone-manager-1.4.0-SNAPSHOT.jar:?]
	at org.apache.hadoop.ozone.protocol.proto.OzoneManagerProtocolProtos$OzoneManagerService$2.callBlockingMethod(OzoneManagerProtocolProtos.java) [ozone-interface-client-1.4.0-SNAPSHOT.jar:?]
	at org.apache.hadoop.ipc.ProtobufRpcEngine$Server.processCall(ProtobufRpcEngine.java:484) [hadoop-common-3.3.5.jar:?]
	at org.apache.hadoop.ipc.ProtobufRpcEngine2$Server$ProtoBufRpcInvoker.call(ProtobufRpcEngine2.java:595) [hadoop-common-3.3.5.jar:?]
	at org.apache.hadoop.ipc.ProtobufRpcEngine2$Server$ProtoBufRpcInvoker.call(ProtobufRpcEngine2.java:573) [hadoop-common-3.3.5.jar:?]
	at org.apache.hadoop.ipc.RPC$Server.call(RPC.java:1213) [hadoop-common-3.3.5.jar:?]
	at org.apache.hadoop.ipc.Server$RpcCall.run(Server.java:1089) [hadoop-common-3.3.5.jar:?]
	at org.apache.hadoop.ipc.Server$RpcCall.run(Server.java:1012) [hadoop-common-3.3.5.jar:?]
	at java.security.AccessController.doPrivileged(Native Method) ~[?:1.8.0_362]
	at javax.security.auth.Subject.doAs(Subject.java:422) [?:1.8.0_362]
	at org.apache.hadoop.security.UserGroupInformation.doAs(UserGroupInformation.java:1899) [hadoop-common-3.3.5.jar:?]
	at org.apache.hadoop.ipc.Server$Handler.run(Server.java:3026) [hadoop-common-3.3.5.jar:?]
]]></system-out>
  </testcase>
  <testcase name="testTrash" classname="TestOzoneFileSystem" time="4.027">
    <system-out><![CDATA[2023-04-11 17:18:03,974 [IPC Server handler 6 on default port 38777] INFO  key.OMKeyRequest (OMKeyRequest.java:wrapUncommittedBlocksAsPseudoKey(838)) - Detect allocated but uncommitted blocks [{blockID={containerID=1, localID=111677748019200006}, length=4194304, offset=0, token=null, pipeline=null, createVersion=0, partNumber=0}] in key testKey2.
17:18:03.977 [IPC Server handler 3 on default port 38777] ERROR OMAudit - user=runner | ip=127.0.0.1 | op=GET_FILE_STATUS {volume=volume96178, bucket=bucket92903, key=.Trash/runner/Current/testKey2, dataSize=0, replicationConfig=null} | ret=FAILURE
org.apache.hadoop.ozone.om.exceptions.OMException: Unable to get file status: volume: volume96178 bucket: bucket92903 key: .Trash/runner/Current/testKey2
	at org.apache.hadoop.ozone.om.KeyManagerImpl.getOzoneFileStatus(KeyManagerImpl.java:1200) ~[ozone-manager-1.4.0-SNAPSHOT.jar:?]
	at org.apache.hadoop.ozone.om.KeyManagerImpl.getFileStatus(KeyManagerImpl.java:1118) ~[ozone-manager-1.4.0-SNAPSHOT.jar:?]
	at org.apache.hadoop.ozone.om.OmMetadataReader.getFileStatus(OmMetadataReader.java:288) ~[ozone-manager-1.4.0-SNAPSHOT.jar:?]
	at org.apache.hadoop.ozone.om.OzoneManager.getFileStatus(OzoneManager.java:3491) ~[ozone-manager-1.4.0-SNAPSHOT.jar:?]
	at org.apache.hadoop.ozone.protocolPB.OzoneManagerRequestHandler.getOzoneFileStatus(OzoneManagerRequestHandler.java:934) ~[ozone-manager-1.4.0-SNAPSHOT.jar:?]
	at org.apache.hadoop.ozone.protocolPB.OzoneManagerRequestHandler.handleReadRequest(OzoneManagerRequestHandler.java:238) ~[ozone-manager-1.4.0-SNAPSHOT.jar:?]
	at org.apache.hadoop.ozone.protocolPB.OzoneManagerProtocolServerSideTranslatorPB.submitRequestDirectlyToOM(OzoneManagerProtocolServerSideTranslatorPB.java:272) ~[ozone-manager-1.4.0-SNAPSHOT.jar:?]
	at org.apache.hadoop.ozone.protocolPB.OzoneManagerProtocolServerSideTranslatorPB.processRequest(OzoneManagerProtocolServerSideTranslatorPB.java:173) ~[ozone-manager-1.4.0-SNAPSHOT.jar:?]
	at org.apache.hadoop.hdds.server.OzoneProtocolMessageDispatcher.processRequest(OzoneProtocolMessageDispatcher.java:87) [hdds-server-framework-1.4.0-SNAPSHOT.jar:?]
	at org.apache.hadoop.ozone.protocolPB.OzoneManagerProtocolServerSideTranslatorPB.submitRequest(OzoneManagerProtocolServerSideTranslatorPB.java:147) [ozone-manager-1.4.0-SNAPSHOT.jar:?]
	at org.apache.hadoop.ozone.protocol.proto.OzoneManagerProtocolProtos$OzoneManagerService$2.callBlockingMethod(OzoneManagerProtocolProtos.java) [ozone-interface-client-1.4.0-SNAPSHOT.jar:?]
	at org.apache.hadoop.ipc.ProtobufRpcEngine$Server.processCall(ProtobufRpcEngine.java:484) [hadoop-common-3.3.5.jar:?]
	at org.apache.hadoop.ipc.ProtobufRpcEngine2$Server$ProtoBufRpcInvoker.call(ProtobufRpcEngine2.java:595) [hadoop-common-3.3.5.jar:?]
	at org.apache.hadoop.ipc.ProtobufRpcEngine2$Server$ProtoBufRpcInvoker.call(ProtobufRpcEngine2.java:573) [hadoop-common-3.3.5.jar:?]
	at org.apache.hadoop.ipc.RPC$Server.call(RPC.java:1213) [hadoop-common-3.3.5.jar:?]
	at org.apache.hadoop.ipc.Server$RpcCall.run(Server.java:1089) [hadoop-common-3.3.5.jar:?]
	at org.apache.hadoop.ipc.Server$RpcCall.run(Server.java:1012) [hadoop-common-3.3.5.jar:?]
	at java.security.AccessController.doPrivileged(Native Method) ~[?:1.8.0_362]
	at javax.security.auth.Subject.doAs(Subject.java:422) [?:1.8.0_362]
	at org.apache.hadoop.security.UserGroupInformation.doAs(UserGroupInformation.java:1899) [hadoop-common-3.3.5.jar:?]
	at org.apache.hadoop.ipc.Server$Handler.run(Server.java:3026) [hadoop-common-3.3.5.jar:?]
17:18:03.979 [IPC Server handler 0 on default port 38777] ERROR OMAudit - user=runner | ip=127.0.0.1 | op=GET_FILE_STATUS {volume=volume96178, bucket=bucket92903, key=.Trash/runner/Current/testKey2, dataSize=0, replicationConfig=null} | ret=FAILURE
org.apache.hadoop.ozone.om.exceptions.OMException: Unable to get file status: volume: volume96178 bucket: bucket92903 key: .Trash/runner/Current/testKey2
	at org.apache.hadoop.ozone.om.KeyManagerImpl.getOzoneFileStatus(KeyManagerImpl.java:1200) ~[ozone-manager-1.4.0-SNAPSHOT.jar:?]
	at org.apache.hadoop.ozone.om.KeyManagerImpl.getFileStatus(KeyManagerImpl.java:1118) ~[ozone-manager-1.4.0-SNAPSHOT.jar:?]
	at org.apache.hadoop.ozone.om.OmMetadataReader.getFileStatus(OmMetadataReader.java:288) ~[ozone-manager-1.4.0-SNAPSHOT.jar:?]
	at org.apache.hadoop.ozone.om.OzoneManager.getFileStatus(OzoneManager.java:3491) ~[ozone-manager-1.4.0-SNAPSHOT.jar:?]
	at org.apache.hadoop.ozone.protocolPB.OzoneManagerRequestHandler.getOzoneFileStatus(OzoneManagerRequestHandler.java:934) ~[ozone-manager-1.4.0-SNAPSHOT.jar:?]
	at org.apache.hadoop.ozone.protocolPB.OzoneManagerRequestHandler.handleReadRequest(OzoneManagerRequestHandler.java:238) ~[ozone-manager-1.4.0-SNAPSHOT.jar:?]
	at org.apache.hadoop.ozone.protocolPB.OzoneManagerProtocolServerSideTranslatorPB.submitRequestDirectlyToOM(OzoneManagerProtocolServerSideTranslatorPB.java:272) ~[ozone-manager-1.4.0-SNAPSHOT.jar:?]
	at org.apache.hadoop.ozone.protocolPB.OzoneManagerProtocolServerSideTranslatorPB.processRequest(OzoneManagerProtocolServerSideTranslatorPB.java:173) ~[ozone-manager-1.4.0-SNAPSHOT.jar:?]
	at org.apache.hadoop.hdds.server.OzoneProtocolMessageDispatcher.processRequest(OzoneProtocolMessageDispatcher.java:87) [hdds-server-framework-1.4.0-SNAPSHOT.jar:?]
	at org.apache.hadoop.ozone.protocolPB.OzoneManagerProtocolServerSideTranslatorPB.submitRequest(OzoneManagerProtocolServerSideTranslatorPB.java:147) [ozone-manager-1.4.0-SNAPSHOT.jar:?]
	at org.apache.hadoop.ozone.protocol.proto.OzoneManagerProtocolProtos$OzoneManagerService$2.callBlockingMethod(OzoneManagerProtocolProtos.java) [ozone-interface-client-1.4.0-SNAPSHOT.jar:?]
	at org.apache.hadoop.ipc.ProtobufRpcEngine$Server.processCall(ProtobufRpcEngine.java:484) [hadoop-common-3.3.5.jar:?]
	at org.apache.hadoop.ipc.ProtobufRpcEngine2$Server$ProtoBufRpcInvoker.call(ProtobufRpcEngine2.java:595) [hadoop-common-3.3.5.jar:?]
	at org.apache.hadoop.ipc.ProtobufRpcEngine2$Server$ProtoBufRpcInvoker.call(ProtobufRpcEngine2.java:573) [hadoop-common-3.3.5.jar:?]
	at org.apache.hadoop.ipc.RPC$Server.call(RPC.java:1213) [hadoop-common-3.3.5.jar:?]
	at org.apache.hadoop.ipc.Server$RpcCall.run(Server.java:1089) [hadoop-common-3.3.5.jar:?]
	at org.apache.hadoop.ipc.Server$RpcCall.run(Server.java:1012) [hadoop-common-3.3.5.jar:?]
	at java.security.AccessController.doPrivileged(Native Method) ~[?:1.8.0_362]
	at javax.security.auth.Subject.doAs(Subject.java:422) [?:1.8.0_362]
	at org.apache.hadoop.security.UserGroupInformation.doAs(UserGroupInformation.java:1899) [hadoop-common-3.3.5.jar:?]
	at org.apache.hadoop.ipc.Server$Handler.run(Server.java:3026) [hadoop-common-3.3.5.jar:?]
2023-04-11 17:18:03,983 [Time-limited test] INFO  om.TrashPolicyOzone (TrashPolicyOzone.java:moveToTrash(209)) - Moved: '/testKey2' to trash at: /.Trash/runner/Current/testKey2
2023-04-11 17:18:04,060 [f68eba80-45f1-4a76-a2e4-30d77c550dcc@group-F979BD690190-FollowerState] INFO  impl.FollowerState (FollowerState.java:run(143)) - f68eba80-45f1-4a76-a2e4-30d77c550dcc@group-F979BD690190-FollowerState: change to CANDIDATE, lastRpcElapsedTime:5070427955ns, electionTimeout:5070ms
2023-04-11 17:18:04,060 [f68eba80-45f1-4a76-a2e4-30d77c550dcc@group-F979BD690190-FollowerState] INFO  impl.RoleInfo (RoleInfo.java:shutdownFollowerState(110)) - f68eba80-45f1-4a76-a2e4-30d77c550dcc: shutdown f68eba80-45f1-4a76-a2e4-30d77c550dcc@group-F979BD690190-FollowerState
2023-04-11 17:18:04,060 [f68eba80-45f1-4a76-a2e4-30d77c550dcc@group-F979BD690190-FollowerState] INFO  server.RaftServer$Division (RaftServerImpl.java:setRole(321)) - f68eba80-45f1-4a76-a2e4-30d77c550dcc@group-F979BD690190: changes role from  FOLLOWER to CANDIDATE at term 0 for changeToCandidate
2023-04-11 17:18:04,060 [f68eba80-45f1-4a76-a2e4-30d77c550dcc@group-F979BD690190-FollowerState] INFO  server.RaftServerConfigKeys (ConfUtils.java:logGet(46)) - raft.server.leaderelection.pre-vote = true (default)
2023-04-11 17:18:04,060 [f68eba80-45f1-4a76-a2e4-30d77c550dcc@group-F979BD690190-FollowerState] INFO  impl.RoleInfo (RoleInfo.java:updateAndGet(139)) - f68eba80-45f1-4a76-a2e4-30d77c550dcc: start f68eba80-45f1-4a76-a2e4-30d77c550dcc@group-F979BD690190-LeaderElection19
2023-04-11 17:18:04,062 [f68eba80-45f1-4a76-a2e4-30d77c550dcc@group-F979BD690190-LeaderElection19] INFO  impl.LeaderElection (LeaderElection.java:askForVotes(312)) - f68eba80-45f1-4a76-a2e4-30d77c550dcc@group-F979BD690190-LeaderElection19 PRE_VOTE round 0: submit vote requests at term 0 for -1: peers:[f68eba80-45f1-4a76-a2e4-30d77c550dcc|rpc:10.1.0.70:37605|dataStream:10.1.0.70:40947|priority:1|startupRole:FOLLOWER]|listeners:[], old=null
2023-04-11 17:18:04,063 [f68eba80-45f1-4a76-a2e4-30d77c550dcc@group-F979BD690190-LeaderElection19] INFO  impl.LeaderElection (LeaderElection.java:askForVotes(314)) - f68eba80-45f1-4a76-a2e4-30d77c550dcc@group-F979BD690190-LeaderElection19 PRE_VOTE round 0: result PASSED (term=0)
2023-04-11 17:18:04,064 [f68eba80-45f1-4a76-a2e4-30d77c550dcc@group-F979BD690190-LeaderElection19] INFO  impl.LeaderElection (LeaderElection.java:askForVotes(312)) - f68eba80-45f1-4a76-a2e4-30d77c550dcc@group-F979BD690190-LeaderElection19 ELECTION round 0: submit vote requests at term 1 for -1: peers:[f68eba80-45f1-4a76-a2e4-30d77c550dcc|rpc:10.1.0.70:37605|dataStream:10.1.0.70:40947|priority:1|startupRole:FOLLOWER]|listeners:[], old=null
2023-04-11 17:18:04,064 [f68eba80-45f1-4a76-a2e4-30d77c550dcc@group-F979BD690190-LeaderElection19] INFO  impl.LeaderElection (LeaderElection.java:askForVotes(314)) - f68eba80-45f1-4a76-a2e4-30d77c550dcc@group-F979BD690190-LeaderElection19 ELECTION round 0: result PASSED (term=1)
2023-04-11 17:18:04,064 [f68eba80-45f1-4a76-a2e4-30d77c550dcc@group-F979BD690190-LeaderElection19] INFO  impl.RoleInfo (RoleInfo.java:shutdownLeaderElection(130)) - f68eba80-45f1-4a76-a2e4-30d77c550dcc: shutdown f68eba80-45f1-4a76-a2e4-30d77c550dcc@group-F979BD690190-LeaderElection19
2023-04-11 17:18:04,064 [f68eba80-45f1-4a76-a2e4-30d77c550dcc@group-F979BD690190-LeaderElection19] INFO  server.RaftServer$Division (RaftServerImpl.java:setRole(321)) - f68eba80-45f1-4a76-a2e4-30d77c550dcc@group-F979BD690190: changes role from CANDIDATE to LEADER at term 1 for changeToLeader
2023-04-11 17:18:04,064 [f68eba80-45f1-4a76-a2e4-30d77c550dcc@group-F979BD690190-LeaderElection19] INFO  ratis.XceiverServerRatis (XceiverServerRatis.java:handleLeaderChangedNotification(904)) - Leader change notification received for group: group-F979BD690190 with new leaderId: f68eba80-45f1-4a76-a2e4-30d77c550dcc
2023-04-11 17:18:04,065 [f68eba80-45f1-4a76-a2e4-30d77c550dcc@group-F979BD690190-LeaderElection19] INFO  server.RaftServer$Division (ServerState.java:setLeader(313)) - f68eba80-45f1-4a76-a2e4-30d77c550dcc@group-F979BD690190: change Leader from null to f68eba80-45f1-4a76-a2e4-30d77c550dcc at term 1 for becomeLeader, leader elected after 5090ms
2023-04-11 17:18:04,065 [f68eba80-45f1-4a76-a2e4-30d77c550dcc@group-F979BD690190-LeaderElection19] INFO  server.RaftServerConfigKeys (ConfUtils.java:logGet(46)) - raft.server.staging.catchup.gap = 1000 (default)
2023-04-11 17:18:04,066 [f68eba80-45f1-4a76-a2e4-30d77c550dcc@group-F979BD690190-LeaderElection19] INFO  server.RaftServerConfigKeys (ConfUtils.java:logGet(46)) - raft.server.write.element-limit = 1024 (custom)
2023-04-11 17:18:04,066 [f68eba80-45f1-4a76-a2e4-30d77c550dcc@group-F979BD690190-LeaderElection19] INFO  server.RaftServerConfigKeys (ConfUtils.java:logGet(46)) - raft.server.write.byte-limit = 1024 M (=1073741824) (custom)
2023-04-11 17:18:04,066 [f68eba80-45f1-4a76-a2e4-30d77c550dcc@group-F979BD690190-LeaderElection19] INFO  server.RaftServerConfigKeys (ConfUtils.java:logGet(46)) - raft.server.watch.timeout = 180s (custom)
2023-04-11 17:18:04,066 [f68eba80-45f1-4a76-a2e4-30d77c550dcc@group-F979BD690190-LeaderElection19] INFO  server.RaftServerConfigKeys (ConfUtils.java:logGet(46)) - raft.server.watch.timeout.denomination = 1s (default)
2023-04-11 17:18:04,066 [f68eba80-45f1-4a76-a2e4-30d77c550dcc@group-F979BD690190-LeaderElection19] INFO  server.RaftServerConfigKeys (ConfUtils.java:logGet(46)) - raft.server.watch.element-limit = 65536 (default)
2023-04-11 17:18:04,066 [f68eba80-45f1-4a76-a2e4-30d77c550dcc@group-F979BD690190-LeaderElection19] INFO  server.RaftServerConfigKeys (ConfUtils.java:logGet(46)) - raft.server.write.element-limit = 1024 (custom)
2023-04-11 17:18:04,066 [f68eba80-45f1-4a76-a2e4-30d77c550dcc@group-F979BD690190-LeaderElection19] INFO  server.RaftServerConfigKeys (ConfUtils.java:logGet(46)) - raft.server.write.follower.gap.ratio.max = -1.0 (default)
2023-04-11 17:18:04,067 [f68eba80-45f1-4a76-a2e4-30d77c550dcc@group-F979BD690190-LeaderElection19] INFO  impl.RoleInfo (RoleInfo.java:updateAndGet(139)) - f68eba80-45f1-4a76-a2e4-30d77c550dcc: start f68eba80-45f1-4a76-a2e4-30d77c550dcc@group-F979BD690190-LeaderStateImpl
2023-04-11 17:18:04,067 [f68eba80-45f1-4a76-a2e4-30d77c550dcc@group-F979BD690190-LeaderElection19] INFO  segmented.SegmentedRaftLogWorker (SegmentedRaftLogWorker.java:startLogSegment(452)) - f68eba80-45f1-4a76-a2e4-30d77c550dcc@group-F979BD690190-SegmentedRaftLogWorker: Starting segment from index:0
2023-04-11 17:18:04,067 [f68eba80-45f1-4a76-a2e4-30d77c550dcc@group-F979BD690190-LeaderElection19] INFO  server.RaftServer$Division (ServerState.java:setRaftConf(430)) - f68eba80-45f1-4a76-a2e4-30d77c550dcc@group-F979BD690190: set configuration 0: peers:[f68eba80-45f1-4a76-a2e4-30d77c550dcc|rpc:10.1.0.70:37605|dataStream:10.1.0.70:40947|priority:1|startupRole:FOLLOWER]|listeners:[], old=null
2023-04-11 17:18:04,069 [f68eba80-45f1-4a76-a2e4-30d77c550dcc@group-F979BD690190-SegmentedRaftLogWorker] INFO  segmented.SegmentedRaftLogWorker (SegmentedRaftLogWorker.java:execute(656)) - f68eba80-45f1-4a76-a2e4-30d77c550dcc@group-F979BD690190-SegmentedRaftLogWorker: created new log segment /home/runner/work/ozone/ozone/hadoop-ozone/integration-test/target/test-dir/MiniOzoneClusterImpl-3c04abff-9f55-4a78-ab47-7ca56afb4af6/datanode-4/data/ratis/4981b2ae-8cd4-4b81-bbc7-f979bd690190/current/log_inprogress_0
17:18:04.985 [IPC Server handler 10 on default port 38777] ERROR OMAudit - user=runner | ip=127.0.0.1 | op=GET_FILE_STATUS {volume=volume96178, bucket=bucket92903, key=.Trash/runner/Current/testKey2, dataSize=0, replicationConfig=null} | ret=FAILURE
org.apache.hadoop.ozone.om.exceptions.OMException: Unable to get file status: volume: volume96178 bucket: bucket92903 key: .Trash/runner/Current/testKey2
	at org.apache.hadoop.ozone.om.KeyManagerImpl.getOzoneFileStatus(KeyManagerImpl.java:1200) ~[ozone-manager-1.4.0-SNAPSHOT.jar:?]
	at org.apache.hadoop.ozone.om.KeyManagerImpl.getFileStatus(KeyManagerImpl.java:1118) ~[ozone-manager-1.4.0-SNAPSHOT.jar:?]
	at org.apache.hadoop.ozone.om.OmMetadataReader.getFileStatus(OmMetadataReader.java:288) ~[ozone-manager-1.4.0-SNAPSHOT.jar:?]
	at org.apache.hadoop.ozone.om.OzoneManager.getFileStatus(OzoneManager.java:3491) ~[ozone-manager-1.4.0-SNAPSHOT.jar:?]
	at org.apache.hadoop.ozone.protocolPB.OzoneManagerRequestHandler.getOzoneFileStatus(OzoneManagerRequestHandler.java:934) ~[ozone-manager-1.4.0-SNAPSHOT.jar:?]
	at org.apache.hadoop.ozone.protocolPB.OzoneManagerRequestHandler.handleReadRequest(OzoneManagerRequestHandler.java:238) ~[ozone-manager-1.4.0-SNAPSHOT.jar:?]
	at org.apache.hadoop.ozone.protocolPB.OzoneManagerProtocolServerSideTranslatorPB.submitRequestDirectlyToOM(OzoneManagerProtocolServerSideTranslatorPB.java:272) ~[ozone-manager-1.4.0-SNAPSHOT.jar:?]
	at org.apache.hadoop.ozone.protocolPB.OzoneManagerProtocolServerSideTranslatorPB.processRequest(OzoneManagerProtocolServerSideTranslatorPB.java:173) ~[ozone-manager-1.4.0-SNAPSHOT.jar:?]
	at org.apache.hadoop.hdds.server.OzoneProtocolMessageDispatcher.processRequest(OzoneProtocolMessageDispatcher.java:87) [hdds-server-framework-1.4.0-SNAPSHOT.jar:?]
	at org.apache.hadoop.ozone.protocolPB.OzoneManagerProtocolServerSideTranslatorPB.submitRequest(OzoneManagerProtocolServerSideTranslatorPB.java:147) [ozone-manager-1.4.0-SNAPSHOT.jar:?]
	at org.apache.hadoop.ozone.protocol.proto.OzoneManagerProtocolProtos$OzoneManagerService$2.callBlockingMethod(OzoneManagerProtocolProtos.java) [ozone-interface-client-1.4.0-SNAPSHOT.jar:?]
	at org.apache.hadoop.ipc.ProtobufRpcEngine$Server.processCall(ProtobufRpcEngine.java:484) [hadoop-common-3.3.5.jar:?]
	at org.apache.hadoop.ipc.ProtobufRpcEngine2$Server$ProtoBufRpcInvoker.call(ProtobufRpcEngine2.java:595) [hadoop-common-3.3.5.jar:?]
	at org.apache.hadoop.ipc.ProtobufRpcEngine2$Server$ProtoBufRpcInvoker.call(ProtobufRpcEngine2.java:573) [hadoop-common-3.3.5.jar:?]
	at org.apache.hadoop.ipc.RPC$Server.call(RPC.java:1213) [hadoop-common-3.3.5.jar:?]
	at org.apache.hadoop.ipc.Server$RpcCall.run(Server.java:1089) [hadoop-common-3.3.5.jar:?]
	at org.apache.hadoop.ipc.Server$RpcCall.run(Server.java:1012) [hadoop-common-3.3.5.jar:?]
	at java.security.AccessController.doPrivileged(Native Method) ~[?:1.8.0_362]
	at javax.security.auth.Subject.doAs(Subject.java:422) [?:1.8.0_362]
	at org.apache.hadoop.security.UserGroupInformation.doAs(UserGroupInformation.java:1899) [hadoop-common-3.3.5.jar:?]
	at org.apache.hadoop.ipc.Server$Handler.run(Server.java:3026) [hadoop-common-3.3.5.jar:?]
]]></system-out>
  </testcase>
  <testcase name="testTrash" classname="TestOzoneFileSystem" time="2.034">
    <failure type="java.lang.AssertionError"><![CDATA[java.lang.AssertionError: expected:<1> but was:<2>
	at org.junit.Assert.fail(Assert.java:89)
	at org.junit.Assert.failNotEquals(Assert.java:835)
	at org.junit.Assert.assertEquals(Assert.java:647)
	at org.junit.Assert.assertEquals(Assert.java:633)
	at org.apache.hadoop.fs.ozone.TestOzoneFileSystem.testTrash(TestOzoneFileSystem.java:1681)
	at sun.reflect.NativeMethodAccessorImpl.invoke0(Native Method)
	at sun.reflect.NativeMethodAccessorImpl.invoke(NativeMethodAccessorImpl.java:62)
	at sun.reflect.DelegatingMethodAccessorImpl.invoke(DelegatingMethodAccessorImpl.java:43)
	at java.lang.reflect.Method.invoke(Method.java:498)
	at org.junit.runners.model.FrameworkMethod$1.runReflectiveCall(FrameworkMethod.java:59)
	at org.junit.internal.runners.model.ReflectiveCallable.run(ReflectiveCallable.java:12)
	at org.junit.runners.model.FrameworkMethod.invokeExplosively(FrameworkMethod.java:56)
	at org.junit.internal.runners.statements.InvokeMethod.evaluate(InvokeMethod.java:17)
	at org.junit.internal.runners.statements.RunAfters.evaluate(RunAfters.java:27)
	at org.junit.internal.runners.statements.FailOnTimeout$CallableStatement.call(FailOnTimeout.java:288)
	at org.junit.internal.runners.statements.FailOnTimeout$CallableStatement.call(FailOnTimeout.java:282)
	at java.util.concurrent.FutureTask.run(FutureTask.java:266)
	at java.lang.Thread.run(Thread.java:750)
]]></failure>
    <system-out><![CDATA[2023-04-11 17:18:56,996 [OM StateMachine ApplyTransaction Thread - 0] INFO  key.OMKeyRequest (OMKeyRequest.java:wrapUncommittedBlocksAsPseudoKey(838)) - Detect allocated but uncommitted blocks [{blockID={containerID=1, localID=111677748019200006}, length=4194304, offset=0, token=null, pipeline=null, createVersion=0, partNumber=0}] in key testKey2.
17:18:56.999 [IPC Server handler 11 on default port 45623] ERROR OMAudit - user=runner | ip=127.0.0.1 | op=GET_FILE_STATUS {volume=volume95537, bucket=bucket59866, key=.Trash/runner/Current/testKey2, dataSize=0, replicationConfig=null} | ret=FAILURE
org.apache.hadoop.ozone.om.exceptions.OMException: Unable to get file status: volume: volume95537 bucket: bucket59866 key: .Trash/runner/Current/testKey2
	at org.apache.hadoop.ozone.om.KeyManagerImpl.getOzoneFileStatus(KeyManagerImpl.java:1200) ~[ozone-manager-1.4.0-SNAPSHOT.jar:?]
	at org.apache.hadoop.ozone.om.KeyManagerImpl.getFileStatus(KeyManagerImpl.java:1118) ~[ozone-manager-1.4.0-SNAPSHOT.jar:?]
	at org.apache.hadoop.ozone.om.OmMetadataReader.getFileStatus(OmMetadataReader.java:288) ~[ozone-manager-1.4.0-SNAPSHOT.jar:?]
	at org.apache.hadoop.ozone.om.OzoneManager.getFileStatus(OzoneManager.java:3491) ~[ozone-manager-1.4.0-SNAPSHOT.jar:?]
	at org.apache.hadoop.ozone.protocolPB.OzoneManagerRequestHandler.getOzoneFileStatus(OzoneManagerRequestHandler.java:934) ~[ozone-manager-1.4.0-SNAPSHOT.jar:?]
	at org.apache.hadoop.ozone.protocolPB.OzoneManagerRequestHandler.handleReadRequest(OzoneManagerRequestHandler.java:238) ~[ozone-manager-1.4.0-SNAPSHOT.jar:?]
	at org.apache.hadoop.ozone.protocolPB.OzoneManagerProtocolServerSideTranslatorPB.submitReadRequestToOM(OzoneManagerProtocolServerSideTranslatorPB.java:223) ~[ozone-manager-1.4.0-SNAPSHOT.jar:?]
	at org.apache.hadoop.ozone.protocolPB.OzoneManagerProtocolServerSideTranslatorPB.processRequest(OzoneManagerProtocolServerSideTranslatorPB.java:177) ~[ozone-manager-1.4.0-SNAPSHOT.jar:?]
	at org.apache.hadoop.hdds.server.OzoneProtocolMessageDispatcher.processRequest(OzoneProtocolMessageDispatcher.java:87) [hdds-server-framework-1.4.0-SNAPSHOT.jar:?]
	at org.apache.hadoop.ozone.protocolPB.OzoneManagerProtocolServerSideTranslatorPB.submitRequest(OzoneManagerProtocolServerSideTranslatorPB.java:147) [ozone-manager-1.4.0-SNAPSHOT.jar:?]
	at org.apache.hadoop.ozone.protocol.proto.OzoneManagerProtocolProtos$OzoneManagerService$2.callBlockingMethod(OzoneManagerProtocolProtos.java) [ozone-interface-client-1.4.0-SNAPSHOT.jar:?]
	at org.apache.hadoop.ipc.ProtobufRpcEngine$Server.processCall(ProtobufRpcEngine.java:484) [hadoop-common-3.3.5.jar:?]
	at org.apache.hadoop.ipc.ProtobufRpcEngine2$Server$ProtoBufRpcInvoker.call(ProtobufRpcEngine2.java:595) [hadoop-common-3.3.5.jar:?]
	at org.apache.hadoop.ipc.ProtobufRpcEngine2$Server$ProtoBufRpcInvoker.call(ProtobufRpcEngine2.java:573) [hadoop-common-3.3.5.jar:?]
	at org.apache.hadoop.ipc.RPC$Server.call(RPC.java:1213) [hadoop-common-3.3.5.jar:?]
	at org.apache.hadoop.ipc.Server$RpcCall.run(Server.java:1089) [hadoop-common-3.3.5.jar:?]
	at org.apache.hadoop.ipc.Server$RpcCall.run(Server.java:1012) [hadoop-common-3.3.5.jar:?]
	at java.security.AccessController.doPrivileged(Native Method) ~[?:1.8.0_362]
	at javax.security.auth.Subject.doAs(Subject.java:422) [?:1.8.0_362]
	at org.apache.hadoop.security.UserGroupInformation.doAs(UserGroupInformation.java:1899) [hadoop-common-3.3.5.jar:?]
	at org.apache.hadoop.ipc.Server$Handler.run(Server.java:3026) [hadoop-common-3.3.5.jar:?]
17:18:57.001 [IPC Server handler 10 on default port 45623] ERROR OMAudit - user=runner | ip=127.0.0.1 | op=GET_FILE_STATUS {volume=volume95537, bucket=bucket59866, key=.Trash/runner/Current/testKey2, dataSize=0, replicationConfig=null} | ret=FAILURE
org.apache.hadoop.ozone.om.exceptions.OMException: Unable to get file status: volume: volume95537 bucket: bucket59866 key: .Trash/runner/Current/testKey2
	at org.apache.hadoop.ozone.om.KeyManagerImpl.getOzoneFileStatus(KeyManagerImpl.java:1200) ~[ozone-manager-1.4.0-SNAPSHOT.jar:?]
	at org.apache.hadoop.ozone.om.KeyManagerImpl.getFileStatus(KeyManagerImpl.java:1118) ~[ozone-manager-1.4.0-SNAPSHOT.jar:?]
	at org.apache.hadoop.ozone.om.OmMetadataReader.getFileStatus(OmMetadataReader.java:288) ~[ozone-manager-1.4.0-SNAPSHOT.jar:?]
	at org.apache.hadoop.ozone.om.OzoneManager.getFileStatus(OzoneManager.java:3491) ~[ozone-manager-1.4.0-SNAPSHOT.jar:?]
	at org.apache.hadoop.ozone.protocolPB.OzoneManagerRequestHandler.getOzoneFileStatus(OzoneManagerRequestHandler.java:934) ~[ozone-manager-1.4.0-SNAPSHOT.jar:?]
	at org.apache.hadoop.ozone.protocolPB.OzoneManagerRequestHandler.handleReadRequest(OzoneManagerRequestHandler.java:238) ~[ozone-manager-1.4.0-SNAPSHOT.jar:?]
	at org.apache.hadoop.ozone.protocolPB.OzoneManagerProtocolServerSideTranslatorPB.submitReadRequestToOM(OzoneManagerProtocolServerSideTranslatorPB.java:223) ~[ozone-manager-1.4.0-SNAPSHOT.jar:?]
	at org.apache.hadoop.ozone.protocolPB.OzoneManagerProtocolServerSideTranslatorPB.processRequest(OzoneManagerProtocolServerSideTranslatorPB.java:177) ~[ozone-manager-1.4.0-SNAPSHOT.jar:?]
	at org.apache.hadoop.hdds.server.OzoneProtocolMessageDispatcher.processRequest(OzoneProtocolMessageDispatcher.java:87) [hdds-server-framework-1.4.0-SNAPSHOT.jar:?]
	at org.apache.hadoop.ozone.protocolPB.OzoneManagerProtocolServerSideTranslatorPB.submitRequest(OzoneManagerProtocolServerSideTranslatorPB.java:147) [ozone-manager-1.4.0-SNAPSHOT.jar:?]
	at org.apache.hadoop.ozone.protocol.proto.OzoneManagerProtocolProtos$OzoneManagerService$2.callBlockingMethod(OzoneManagerProtocolProtos.java) [ozone-interface-client-1.4.0-SNAPSHOT.jar:?]
	at org.apache.hadoop.ipc.ProtobufRpcEngine$Server.processCall(ProtobufRpcEngine.java:484) [hadoop-common-3.3.5.jar:?]
	at org.apache.hadoop.ipc.ProtobufRpcEngine2$Server$ProtoBufRpcInvoker.call(ProtobufRpcEngine2.java:595) [hadoop-common-3.3.5.jar:?]
	at org.apache.hadoop.ipc.ProtobufRpcEngine2$Server$ProtoBufRpcInvoker.call(ProtobufRpcEngine2.java:573) [hadoop-common-3.3.5.jar:?]
	at org.apache.hadoop.ipc.RPC$Server.call(RPC.java:1213) [hadoop-common-3.3.5.jar:?]
	at org.apache.hadoop.ipc.Server$RpcCall.run(Server.java:1089) [hadoop-common-3.3.5.jar:?]
	at org.apache.hadoop.ipc.Server$RpcCall.run(Server.java:1012) [hadoop-common-3.3.5.jar:?]
	at java.security.AccessController.doPrivileged(Native Method) ~[?:1.8.0_362]
	at javax.security.auth.Subject.doAs(Subject.java:422) [?:1.8.0_362]
	at org.apache.hadoop.security.UserGroupInformation.doAs(UserGroupInformation.java:1899) [hadoop-common-3.3.5.jar:?]
	at org.apache.hadoop.ipc.Server$Handler.run(Server.java:3026) [hadoop-common-3.3.5.jar:?]
17:18:57.006 [IPC Server handler 6 on default port 45623] ERROR OMAudit - user=runner | ip=127.0.0.1 | op=GET_FILE_STATUS {volume=volume95537, bucket=bucket59866, key=.Trash/runner/Current, dataSize=0, replicationConfig=null} | ret=FAILURE
org.apache.hadoop.ozone.om.exceptions.OMException: Unable to get file status: volume: volume95537 bucket: bucket59866 key: .Trash/runner/Current
	at org.apache.hadoop.ozone.om.KeyManagerImpl.getOzoneFileStatus(KeyManagerImpl.java:1200) ~[ozone-manager-1.4.0-SNAPSHOT.jar:?]
	at org.apache.hadoop.ozone.om.KeyManagerImpl.getFileStatus(KeyManagerImpl.java:1118) ~[ozone-manager-1.4.0-SNAPSHOT.jar:?]
	at org.apache.hadoop.ozone.om.OmMetadataReader.getFileStatus(OmMetadataReader.java:288) ~[ozone-manager-1.4.0-SNAPSHOT.jar:?]
	at org.apache.hadoop.ozone.om.OzoneManager.getFileStatus(OzoneManager.java:3491) ~[ozone-manager-1.4.0-SNAPSHOT.jar:?]
	at org.apache.hadoop.ozone.protocolPB.OzoneManagerRequestHandler.getOzoneFileStatus(OzoneManagerRequestHandler.java:934) ~[ozone-manager-1.4.0-SNAPSHOT.jar:?]
	at org.apache.hadoop.ozone.protocolPB.OzoneManagerRequestHandler.handleReadRequest(OzoneManagerRequestHandler.java:238) ~[ozone-manager-1.4.0-SNAPSHOT.jar:?]
	at org.apache.hadoop.ozone.protocolPB.OzoneManagerProtocolServerSideTranslatorPB.submitReadRequestToOM(OzoneManagerProtocolServerSideTranslatorPB.java:223) ~[ozone-manager-1.4.0-SNAPSHOT.jar:?]
	at org.apache.hadoop.ozone.protocolPB.OzoneManagerProtocolServerSideTranslatorPB.processRequest(OzoneManagerProtocolServerSideTranslatorPB.java:177) ~[ozone-manager-1.4.0-SNAPSHOT.jar:?]
	at org.apache.hadoop.hdds.server.OzoneProtocolMessageDispatcher.processRequest(OzoneProtocolMessageDispatcher.java:87) [hdds-server-framework-1.4.0-SNAPSHOT.jar:?]
	at org.apache.hadoop.ozone.protocolPB.OzoneManagerProtocolServerSideTranslatorPB.submitRequest(OzoneManagerProtocolServerSideTranslatorPB.java:147) [ozone-manager-1.4.0-SNAPSHOT.jar:?]
	at org.apache.hadoop.ozone.protocol.proto.OzoneManagerProtocolProtos$OzoneManagerService$2.callBlockingMethod(OzoneManagerProtocolProtos.java) [ozone-interface-client-1.4.0-SNAPSHOT.jar:?]
	at org.apache.hadoop.ipc.ProtobufRpcEngine$Server.processCall(ProtobufRpcEngine.java:484) [hadoop-common-3.3.5.jar:?]
	at org.apache.hadoop.ipc.ProtobufRpcEngine2$Server$ProtoBufRpcInvoker.call(ProtobufRpcEngine2.java:595) [hadoop-common-3.3.5.jar:?]
	at org.apache.hadoop.ipc.ProtobufRpcEngine2$Server$ProtoBufRpcInvoker.call(ProtobufRpcEngine2.java:573) [hadoop-common-3.3.5.jar:?]
	at org.apache.hadoop.ipc.RPC$Server.call(RPC.java:1213) [hadoop-common-3.3.5.jar:?]
	at org.apache.hadoop.ipc.Server$RpcCall.run(Server.java:1089) [hadoop-common-3.3.5.jar:?]
	at org.apache.hadoop.ipc.Server$RpcCall.run(Server.java:1012) [hadoop-common-3.3.5.jar:?]
	at java.security.AccessController.doPrivileged(Native Method) ~[?:1.8.0_362]
	at javax.security.auth.Subject.doAs(Subject.java:422) [?:1.8.0_362]
	at org.apache.hadoop.security.UserGroupInformation.doAs(UserGroupInformation.java:1899) [hadoop-common-3.3.5.jar:?]
	at org.apache.hadoop.ipc.Server$Handler.run(Server.java:3026) [hadoop-common-3.3.5.jar:?]
17:18:57.008 [IPC Server handler 1 on default port 45623] ERROR OMAudit - user=runner | ip=127.0.0.1 | op=GET_FILE_STATUS {volume=volume95537, bucket=bucket59866, key=.Trash/runner/Current/testKey2, dataSize=0, replicationConfig=null} | ret=FAILURE
org.apache.hadoop.ozone.om.exceptions.OMException: Unable to get file status: volume: volume95537 bucket: bucket59866 key: .Trash/runner/Current/testKey2
	at org.apache.hadoop.ozone.om.KeyManagerImpl.getOzoneFileStatus(KeyManagerImpl.java:1200) ~[ozone-manager-1.4.0-SNAPSHOT.jar:?]
	at org.apache.hadoop.ozone.om.KeyManagerImpl.getFileStatus(KeyManagerImpl.java:1118) ~[ozone-manager-1.4.0-SNAPSHOT.jar:?]
	at org.apache.hadoop.ozone.om.OmMetadataReader.getFileStatus(OmMetadataReader.java:288) ~[ozone-manager-1.4.0-SNAPSHOT.jar:?]
	at org.apache.hadoop.ozone.om.OzoneManager.getFileStatus(OzoneManager.java:3491) ~[ozone-manager-1.4.0-SNAPSHOT.jar:?]
	at org.apache.hadoop.ozone.protocolPB.OzoneManagerRequestHandler.getOzoneFileStatus(OzoneManagerRequestHandler.java:934) ~[ozone-manager-1.4.0-SNAPSHOT.jar:?]
	at org.apache.hadoop.ozone.protocolPB.OzoneManagerRequestHandler.handleReadRequest(OzoneManagerRequestHandler.java:238) ~[ozone-manager-1.4.0-SNAPSHOT.jar:?]
	at org.apache.hadoop.ozone.protocolPB.OzoneManagerProtocolServerSideTranslatorPB.submitReadRequestToOM(OzoneManagerProtocolServerSideTranslatorPB.java:223) ~[ozone-manager-1.4.0-SNAPSHOT.jar:?]
	at org.apache.hadoop.ozone.protocolPB.OzoneManagerProtocolServerSideTranslatorPB.processRequest(OzoneManagerProtocolServerSideTranslatorPB.java:177) ~[ozone-manager-1.4.0-SNAPSHOT.jar:?]
	at org.apache.hadoop.hdds.server.OzoneProtocolMessageDispatcher.processRequest(OzoneProtocolMessageDispatcher.java:87) [hdds-server-framework-1.4.0-SNAPSHOT.jar:?]
	at org.apache.hadoop.ozone.protocolPB.OzoneManagerProtocolServerSideTranslatorPB.submitRequest(OzoneManagerProtocolServerSideTranslatorPB.java:147) [ozone-manager-1.4.0-SNAPSHOT.jar:?]
	at org.apache.hadoop.ozone.protocol.proto.OzoneManagerProtocolProtos$OzoneManagerService$2.callBlockingMethod(OzoneManagerProtocolProtos.java) [ozone-interface-client-1.4.0-SNAPSHOT.jar:?]
	at org.apache.hadoop.ipc.ProtobufRpcEngine$Server.processCall(ProtobufRpcEngine.java:484) [hadoop-common-3.3.5.jar:?]
	at org.apache.hadoop.ipc.ProtobufRpcEngine2$Server$ProtoBufRpcInvoker.call(ProtobufRpcEngine2.java:595) [hadoop-common-3.3.5.jar:?]
	at org.apache.hadoop.ipc.ProtobufRpcEngine2$Server$ProtoBufRpcInvoker.call(ProtobufRpcEngine2.java:573) [hadoop-common-3.3.5.jar:?]
	at org.apache.hadoop.ipc.RPC$Server.call(RPC.java:1213) [hadoop-common-3.3.5.jar:?]
	at org.apache.hadoop.ipc.Server$RpcCall.run(Server.java:1089) [hadoop-common-3.3.5.jar:?]
	at org.apache.hadoop.ipc.Server$RpcCall.run(Server.java:1012) [hadoop-common-3.3.5.jar:?]
	at java.security.AccessController.doPrivileged(Native Method) ~[?:1.8.0_362]
	at javax.security.auth.Subject.doAs(Subject.java:422) [?:1.8.0_362]
	at org.apache.hadoop.security.UserGroupInformation.doAs(UserGroupInformation.java:1899) [hadoop-common-3.3.5.jar:?]
	at org.apache.hadoop.ipc.Server$Handler.run(Server.java:3026) [hadoop-common-3.3.5.jar:?]
17:18:57.009 [IPC Server handler 7 on default port 45623] ERROR OMAudit - user=runner | ip=127.0.0.1 | op=GET_FILE_STATUS {volume=volume95537, bucket=bucket59866, key=.Trash/runner/Current/testKey2, dataSize=0, replicationConfig=null} | ret=FAILURE
org.apache.hadoop.ozone.om.exceptions.OMException: Unable to get file status: volume: volume95537 bucket: bucket59866 key: .Trash/runner/Current/testKey2
	at org.apache.hadoop.ozone.om.KeyManagerImpl.getOzoneFileStatus(KeyManagerImpl.java:1200) ~[ozone-manager-1.4.0-SNAPSHOT.jar:?]
	at org.apache.hadoop.ozone.om.KeyManagerImpl.getFileStatus(KeyManagerImpl.java:1118) ~[ozone-manager-1.4.0-SNAPSHOT.jar:?]
	at org.apache.hadoop.ozone.om.OmMetadataReader.getFileStatus(OmMetadataReader.java:288) ~[ozone-manager-1.4.0-SNAPSHOT.jar:?]
	at org.apache.hadoop.ozone.om.OzoneManager.getFileStatus(OzoneManager.java:3491) ~[ozone-manager-1.4.0-SNAPSHOT.jar:?]
	at org.apache.hadoop.ozone.protocolPB.OzoneManagerRequestHandler.getOzoneFileStatus(OzoneManagerRequestHandler.java:934) ~[ozone-manager-1.4.0-SNAPSHOT.jar:?]
	at org.apache.hadoop.ozone.protocolPB.OzoneManagerRequestHandler.handleReadRequest(OzoneManagerRequestHandler.java:238) ~[ozone-manager-1.4.0-SNAPSHOT.jar:?]
	at org.apache.hadoop.ozone.protocolPB.OzoneManagerProtocolServerSideTranslatorPB.submitReadRequestToOM(OzoneManagerProtocolServerSideTranslatorPB.java:223) ~[ozone-manager-1.4.0-SNAPSHOT.jar:?]
	at org.apache.hadoop.ozone.protocolPB.OzoneManagerProtocolServerSideTranslatorPB.processRequest(OzoneManagerProtocolServerSideTranslatorPB.java:177) ~[ozone-manager-1.4.0-SNAPSHOT.jar:?]
	at org.apache.hadoop.hdds.server.OzoneProtocolMessageDispatcher.processRequest(OzoneProtocolMessageDispatcher.java:87) [hdds-server-framework-1.4.0-SNAPSHOT.jar:?]
	at org.apache.hadoop.ozone.protocolPB.OzoneManagerProtocolServerSideTranslatorPB.submitRequest(OzoneManagerProtocolServerSideTranslatorPB.java:147) [ozone-manager-1.4.0-SNAPSHOT.jar:?]
	at org.apache.hadoop.ozone.protocol.proto.OzoneManagerProtocolProtos$OzoneManagerService$2.callBlockingMethod(OzoneManagerProtocolProtos.java) [ozone-interface-client-1.4.0-SNAPSHOT.jar:?]
	at org.apache.hadoop.ipc.ProtobufRpcEngine$Server.processCall(ProtobufRpcEngine.java:484) [hadoop-common-3.3.5.jar:?]
	at org.apache.hadoop.ipc.ProtobufRpcEngine2$Server$ProtoBufRpcInvoker.call(ProtobufRpcEngine2.java:595) [hadoop-common-3.3.5.jar:?]
	at org.apache.hadoop.ipc.ProtobufRpcEngine2$Server$ProtoBufRpcInvoker.call(ProtobufRpcEngine2.java:573) [hadoop-common-3.3.5.jar:?]
	at org.apache.hadoop.ipc.RPC$Server.call(RPC.java:1213) [hadoop-common-3.3.5.jar:?]
	at org.apache.hadoop.ipc.Server$RpcCall.run(Server.java:1089) [hadoop-common-3.3.5.jar:?]
	at org.apache.hadoop.ipc.Server$RpcCall.run(Server.java:1012) [hadoop-common-3.3.5.jar:?]
	at java.security.AccessController.doPrivileged(Native Method) ~[?:1.8.0_362]
	at javax.security.auth.Subject.doAs(Subject.java:422) [?:1.8.0_362]
	at org.apache.hadoop.security.UserGroupInformation.doAs(UserGroupInformation.java:1899) [hadoop-common-3.3.5.jar:?]
	at org.apache.hadoop.ipc.Server$Handler.run(Server.java:3026) [hadoop-common-3.3.5.jar:?]
2023-04-11 17:18:57,012 [Time-limited test] INFO  om.TrashPolicyOzone (TrashPolicyOzone.java:moveToTrash(209)) - Moved: '/testKey2' to trash at: /.Trash/runner/Current/testKey2
2023-04-11 17:18:57,145 [e2528fcf-cc94-417b-97bd-48133fe724de@group-02B654EAFDEF-FollowerState] INFO  impl.FollowerState (FollowerState.java:run(143)) - e2528fcf-cc94-417b-97bd-48133fe724de@group-02B654EAFDEF-FollowerState: change to CANDIDATE, lastRpcElapsedTime:5166846706ns, electionTimeout:5165ms
2023-04-11 17:18:57,146 [e2528fcf-cc94-417b-97bd-48133fe724de@group-02B654EAFDEF-FollowerState] INFO  impl.RoleInfo (RoleInfo.java:shutdownFollowerState(110)) - e2528fcf-cc94-417b-97bd-48133fe724de: shutdown e2528fcf-cc94-417b-97bd-48133fe724de@group-02B654EAFDEF-FollowerState
2023-04-11 17:18:57,146 [e2528fcf-cc94-417b-97bd-48133fe724de@group-02B654EAFDEF-FollowerState] INFO  server.RaftServer$Division (RaftServerImpl.java:setRole(321)) - e2528fcf-cc94-417b-97bd-48133fe724de@group-02B654EAFDEF: changes role from  FOLLOWER to CANDIDATE at term 0 for changeToCandidate
2023-04-11 17:18:57,146 [e2528fcf-cc94-417b-97bd-48133fe724de@group-02B654EAFDEF-FollowerState] INFO  server.RaftServerConfigKeys (ConfUtils.java:logGet(46)) - raft.server.leaderelection.pre-vote = true (default)
2023-04-11 17:18:57,146 [e2528fcf-cc94-417b-97bd-48133fe724de@group-02B654EAFDEF-FollowerState] INFO  impl.RoleInfo (RoleInfo.java:updateAndGet(139)) - e2528fcf-cc94-417b-97bd-48133fe724de: start e2528fcf-cc94-417b-97bd-48133fe724de@group-02B654EAFDEF-LeaderElection28
2023-04-11 17:18:57,150 [e2528fcf-cc94-417b-97bd-48133fe724de@group-02B654EAFDEF-LeaderElection28] INFO  impl.LeaderElection (LeaderElection.java:askForVotes(312)) - e2528fcf-cc94-417b-97bd-48133fe724de@group-02B654EAFDEF-LeaderElection28 PRE_VOTE round 0: submit vote requests at term 0 for -1: peers:[e2528fcf-cc94-417b-97bd-48133fe724de|rpc:10.1.0.70:38091|dataStream:10.1.0.70:42817|priority:1|startupRole:FOLLOWER]|listeners:[], old=null
2023-04-11 17:18:57,150 [e2528fcf-cc94-417b-97bd-48133fe724de@group-02B654EAFDEF-LeaderElection28] INFO  impl.LeaderElection (LeaderElection.java:askForVotes(314)) - e2528fcf-cc94-417b-97bd-48133fe724de@group-02B654EAFDEF-LeaderElection28 PRE_VOTE round 0: result PASSED (term=0)
2023-04-11 17:18:57,151 [e2528fcf-cc94-417b-97bd-48133fe724de@group-02B654EAFDEF-LeaderElection28] INFO  impl.LeaderElection (LeaderElection.java:askForVotes(312)) - e2528fcf-cc94-417b-97bd-48133fe724de@group-02B654EAFDEF-LeaderElection28 ELECTION round 0: submit vote requests at term 1 for -1: peers:[e2528fcf-cc94-417b-97bd-48133fe724de|rpc:10.1.0.70:38091|dataStream:10.1.0.70:42817|priority:1|startupRole:FOLLOWER]|listeners:[], old=null
2023-04-11 17:18:57,151 [e2528fcf-cc94-417b-97bd-48133fe724de@group-02B654EAFDEF-LeaderElection28] INFO  impl.LeaderElection (LeaderElection.java:askForVotes(314)) - e2528fcf-cc94-417b-97bd-48133fe724de@group-02B654EAFDEF-LeaderElection28 ELECTION round 0: result PASSED (term=1)
2023-04-11 17:18:57,151 [e2528fcf-cc94-417b-97bd-48133fe724de@group-02B654EAFDEF-LeaderElection28] INFO  impl.RoleInfo (RoleInfo.java:shutdownLeaderElection(130)) - e2528fcf-cc94-417b-97bd-48133fe724de: shutdown e2528fcf-cc94-417b-97bd-48133fe724de@group-02B654EAFDEF-LeaderElection28
2023-04-11 17:18:57,151 [e2528fcf-cc94-417b-97bd-48133fe724de@group-02B654EAFDEF-LeaderElection28] INFO  server.RaftServer$Division (RaftServerImpl.java:setRole(321)) - e2528fcf-cc94-417b-97bd-48133fe724de@group-02B654EAFDEF: changes role from CANDIDATE to LEADER at term 1 for changeToLeader
2023-04-11 17:18:57,152 [e2528fcf-cc94-417b-97bd-48133fe724de@group-02B654EAFDEF-LeaderElection28] INFO  ratis.XceiverServerRatis (XceiverServerRatis.java:handleLeaderChangedNotification(904)) - Leader change notification received for group: group-02B654EAFDEF with new leaderId: e2528fcf-cc94-417b-97bd-48133fe724de
2023-04-11 17:18:57,152 [e2528fcf-cc94-417b-97bd-48133fe724de@group-02B654EAFDEF-LeaderElection28] INFO  server.RaftServer$Division (ServerState.java:setLeader(313)) - e2528fcf-cc94-417b-97bd-48133fe724de@group-02B654EAFDEF: change Leader from null to e2528fcf-cc94-417b-97bd-48133fe724de at term 1 for becomeLeader, leader elected after 5191ms
2023-04-11 17:18:57,152 [e2528fcf-cc94-417b-97bd-48133fe724de@group-02B654EAFDEF-LeaderElection28] INFO  server.RaftServerConfigKeys (ConfUtils.java:logGet(46)) - raft.server.staging.catchup.gap = 1000 (default)
2023-04-11 17:18:57,152 [e2528fcf-cc94-417b-97bd-48133fe724de@group-02B654EAFDEF-LeaderElection28] INFO  server.RaftServerConfigKeys (ConfUtils.java:logGet(46)) - raft.server.write.element-limit = 1024 (custom)
2023-04-11 17:18:57,152 [e2528fcf-cc94-417b-97bd-48133fe724de@group-02B654EAFDEF-LeaderElection28] INFO  server.RaftServerConfigKeys (ConfUtils.java:logGet(46)) - raft.server.write.byte-limit = 1024 M (=1073741824) (custom)
2023-04-11 17:18:57,153 [e2528fcf-cc94-417b-97bd-48133fe724de@group-02B654EAFDEF-LeaderElection28] INFO  server.RaftServerConfigKeys (ConfUtils.java:logGet(46)) - raft.server.watch.timeout = 180s (custom)
2023-04-11 17:18:57,153 [e2528fcf-cc94-417b-97bd-48133fe724de@group-02B654EAFDEF-LeaderElection28] INFO  server.RaftServerConfigKeys (ConfUtils.java:logGet(46)) - raft.server.watch.timeout.denomination = 1s (default)
2023-04-11 17:18:57,153 [e2528fcf-cc94-417b-97bd-48133fe724de@group-02B654EAFDEF-LeaderElection28] INFO  server.RaftServerConfigKeys (ConfUtils.java:logGet(46)) - raft.server.watch.element-limit = 65536 (default)
2023-04-11 17:18:57,153 [e2528fcf-cc94-417b-97bd-48133fe724de@group-02B654EAFDEF-LeaderElection28] INFO  server.RaftServerConfigKeys (ConfUtils.java:logGet(46)) - raft.server.write.element-limit = 1024 (custom)
2023-04-11 17:18:57,153 [e2528fcf-cc94-417b-97bd-48133fe724de@group-02B654EAFDEF-LeaderElection28] INFO  server.RaftServerConfigKeys (ConfUtils.java:logGet(46)) - raft.server.write.follower.gap.ratio.max = -1.0 (default)
2023-04-11 17:18:57,153 [e2528fcf-cc94-417b-97bd-48133fe724de@group-02B654EAFDEF-LeaderElection28] INFO  impl.RoleInfo (RoleInfo.java:updateAndGet(139)) - e2528fcf-cc94-417b-97bd-48133fe724de: start e2528fcf-cc94-417b-97bd-48133fe724de@group-02B654EAFDEF-LeaderStateImpl
2023-04-11 17:18:57,154 [e2528fcf-cc94-417b-97bd-48133fe724de@group-02B654EAFDEF-LeaderElection28] INFO  segmented.SegmentedRaftLogWorker (SegmentedRaftLogWorker.java:startLogSegment(452)) - e2528fcf-cc94-417b-97bd-48133fe724de@group-02B654EAFDEF-SegmentedRaftLogWorker: Starting segment from index:0
2023-04-11 17:18:57,157 [e2528fcf-cc94-417b-97bd-48133fe724de@group-02B654EAFDEF-SegmentedRaftLogWorker] INFO  segmented.SegmentedRaftLogWorker (SegmentedRaftLogWorker.java:execute(656)) - e2528fcf-cc94-417b-97bd-48133fe724de@group-02B654EAFDEF-SegmentedRaftLogWorker: created new log segment /home/runner/work/ozone/ozone/hadoop-ozone/integration-test/target/test-dir/MiniOzoneClusterImpl-7d6c2114-24de-471a-af28-9a4df9894e15/datanode-3/data/ratis/302d8b3f-31be-4fbc-9fa7-02b654eafdef/current/log_inprogress_0
2023-04-11 17:18:57,157 [e2528fcf-cc94-417b-97bd-48133fe724de@group-02B654EAFDEF-LeaderElection28] INFO  server.RaftServer$Division (ServerState.java:setRaftConf(430)) - e2528fcf-cc94-417b-97bd-48133fe724de@group-02B654EAFDEF: set configuration 0: peers:[e2528fcf-cc94-417b-97bd-48133fe724de|rpc:10.1.0.70:38091|dataStream:10.1.0.70:42817|priority:1|startupRole:FOLLOWER]|listeners:[], old=null
2023-04-11 17:18:57,484 [b174b524-4137-4544-9099-51b684ecdb2f@group-3D083AF0F858-FollowerState] INFO  impl.FollowerState (FollowerState.java:run(143)) - b174b524-4137-4544-9099-51b684ecdb2f@group-3D083AF0F858-FollowerState: change to CANDIDATE, lastRpcElapsedTime:5154508571ns, electionTimeout:5153ms
2023-04-11 17:18:57,485 [b174b524-4137-4544-9099-51b684ecdb2f@group-3D083AF0F858-FollowerState] INFO  impl.RoleInfo (RoleInfo.java:shutdownFollowerState(110)) - b174b524-4137-4544-9099-51b684ecdb2f: shutdown b174b524-4137-4544-9099-51b684ecdb2f@group-3D083AF0F858-FollowerState
2023-04-11 17:18:57,485 [b174b524-4137-4544-9099-51b684ecdb2f@group-3D083AF0F858-FollowerState] INFO  server.RaftServer$Division (RaftServerImpl.java:setRole(321)) - b174b524-4137-4544-9099-51b684ecdb2f@group-3D083AF0F858: changes role from  FOLLOWER to CANDIDATE at term 0 for changeToCandidate
2023-04-11 17:18:57,485 [b174b524-4137-4544-9099-51b684ecdb2f@group-3D083AF0F858-FollowerState] INFO  server.RaftServerConfigKeys (ConfUtils.java:logGet(46)) - raft.server.leaderelection.pre-vote = true (default)
2023-04-11 17:18:57,485 [b174b524-4137-4544-9099-51b684ecdb2f@group-3D083AF0F858-FollowerState] INFO  impl.RoleInfo (RoleInfo.java:updateAndGet(139)) - b174b524-4137-4544-9099-51b684ecdb2f: start b174b524-4137-4544-9099-51b684ecdb2f@group-3D083AF0F858-LeaderElection29
2023-04-11 17:18:57,488 [b174b524-4137-4544-9099-51b684ecdb2f@group-3D083AF0F858-LeaderElection29] INFO  impl.LeaderElection (LeaderElection.java:askForVotes(312)) - b174b524-4137-4544-9099-51b684ecdb2f@group-3D083AF0F858-LeaderElection29 PRE_VOTE round 0: submit vote requests at term 0 for -1: peers:[b174b524-4137-4544-9099-51b684ecdb2f|rpc:10.1.0.70:42655|dataStream:10.1.0.70:37003|priority:1|startupRole:FOLLOWER]|listeners:[], old=null
2023-04-11 17:18:57,488 [b174b524-4137-4544-9099-51b684ecdb2f@group-3D083AF0F858-LeaderElection29] INFO  impl.LeaderElection (LeaderElection.java:askForVotes(314)) - b174b524-4137-4544-9099-51b684ecdb2f@group-3D083AF0F858-LeaderElection29 PRE_VOTE round 0: result PASSED (term=0)
2023-04-11 17:18:57,490 [b174b524-4137-4544-9099-51b684ecdb2f@group-3D083AF0F858-LeaderElection29] INFO  impl.LeaderElection (LeaderElection.java:askForVotes(312)) - b174b524-4137-4544-9099-51b684ecdb2f@group-3D083AF0F858-LeaderElection29 ELECTION round 0: submit vote requests at term 1 for -1: peers:[b174b524-4137-4544-9099-51b684ecdb2f|rpc:10.1.0.70:42655|dataStream:10.1.0.70:37003|priority:1|startupRole:FOLLOWER]|listeners:[], old=null
2023-04-11 17:18:57,490 [b174b524-4137-4544-9099-51b684ecdb2f@group-3D083AF0F858-LeaderElection29] INFO  impl.LeaderElection (LeaderElection.java:askForVotes(314)) - b174b524-4137-4544-9099-51b684ecdb2f@group-3D083AF0F858-LeaderElection29 ELECTION round 0: result PASSED (term=1)
2023-04-11 17:18:57,490 [b174b524-4137-4544-9099-51b684ecdb2f@group-3D083AF0F858-LeaderElection29] INFO  impl.RoleInfo (RoleInfo.java:shutdownLeaderElection(130)) - b174b524-4137-4544-9099-51b684ecdb2f: shutdown b174b524-4137-4544-9099-51b684ecdb2f@group-3D083AF0F858-LeaderElection29
2023-04-11 17:18:57,490 [b174b524-4137-4544-9099-51b684ecdb2f@group-3D083AF0F858-LeaderElection29] INFO  server.RaftServer$Division (RaftServerImpl.java:setRole(321)) - b174b524-4137-4544-9099-51b684ecdb2f@group-3D083AF0F858: changes role from CANDIDATE to LEADER at term 1 for changeToLeader
2023-04-11 17:18:57,490 [b174b524-4137-4544-9099-51b684ecdb2f@group-3D083AF0F858-LeaderElection29] INFO  ratis.XceiverServerRatis (XceiverServerRatis.java:handleLeaderChangedNotification(904)) - Leader change notification received for group: group-3D083AF0F858 with new leaderId: b174b524-4137-4544-9099-51b684ecdb2f
2023-04-11 17:18:57,490 [b174b524-4137-4544-9099-51b684ecdb2f@group-3D083AF0F858-LeaderElection29] INFO  server.RaftServer$Division (ServerState.java:setLeader(313)) - b174b524-4137-4544-9099-51b684ecdb2f@group-3D083AF0F858: change Leader from null to b174b524-4137-4544-9099-51b684ecdb2f at term 1 for becomeLeader, leader elected after 5174ms
2023-04-11 17:18:57,490 [b174b524-4137-4544-9099-51b684ecdb2f@group-3D083AF0F858-LeaderElection29] INFO  server.RaftServerConfigKeys (ConfUtils.java:logGet(46)) - raft.server.staging.catchup.gap = 1000 (default)
2023-04-11 17:18:57,491 [b174b524-4137-4544-9099-51b684ecdb2f@group-3D083AF0F858-LeaderElection29] INFO  server.RaftServerConfigKeys (ConfUtils.java:logGet(46)) - raft.server.write.element-limit = 1024 (custom)
2023-04-11 17:18:57,491 [b174b524-4137-4544-9099-51b684ecdb2f@group-3D083AF0F858-LeaderElection29] INFO  server.RaftServerConfigKeys (ConfUtils.java:logGet(46)) - raft.server.write.byte-limit = 1024 M (=1073741824) (custom)
2023-04-11 17:18:57,491 [b174b524-4137-4544-9099-51b684ecdb2f@group-3D083AF0F858-LeaderElection29] INFO  server.RaftServerConfigKeys (ConfUtils.java:logGet(46)) - raft.server.watch.timeout = 180s (custom)
2023-04-11 17:18:57,491 [b174b524-4137-4544-9099-51b684ecdb2f@group-3D083AF0F858-LeaderElection29] INFO  server.RaftServerConfigKeys (ConfUtils.java:logGet(46)) - raft.server.watch.timeout.denomination = 1s (default)
2023-04-11 17:18:57,491 [b174b524-4137-4544-9099-51b684ecdb2f@group-3D083AF0F858-LeaderElection29] INFO  server.RaftServerConfigKeys (ConfUtils.java:logGet(46)) - raft.server.watch.element-limit = 65536 (default)
2023-04-11 17:18:57,491 [b174b524-4137-4544-9099-51b684ecdb2f@group-3D083AF0F858-LeaderElection29] INFO  server.RaftServerConfigKeys (ConfUtils.java:logGet(46)) - raft.server.write.element-limit = 1024 (custom)
2023-04-11 17:18:57,491 [b174b524-4137-4544-9099-51b684ecdb2f@group-3D083AF0F858-LeaderElection29] INFO  server.RaftServerConfigKeys (ConfUtils.java:logGet(46)) - raft.server.write.follower.gap.ratio.max = -1.0 (default)
2023-04-11 17:18:57,491 [b174b524-4137-4544-9099-51b684ecdb2f@group-3D083AF0F858-LeaderElection29] INFO  impl.RoleInfo (RoleInfo.java:updateAndGet(139)) - b174b524-4137-4544-9099-51b684ecdb2f: start b174b524-4137-4544-9099-51b684ecdb2f@group-3D083AF0F858-LeaderStateImpl
2023-04-11 17:18:57,492 [b174b524-4137-4544-9099-51b684ecdb2f@group-3D083AF0F858-LeaderElection29] INFO  segmented.SegmentedRaftLogWorker (SegmentedRaftLogWorker.java:startLogSegment(452)) - b174b524-4137-4544-9099-51b684ecdb2f@group-3D083AF0F858-SegmentedRaftLogWorker: Starting segment from index:0
2023-04-11 17:18:57,493 [b174b524-4137-4544-9099-51b684ecdb2f@group-3D083AF0F858-SegmentedRaftLogWorker] INFO  segmented.SegmentedRaftLogWorker (SegmentedRaftLogWorker.java:execute(656)) - b174b524-4137-4544-9099-51b684ecdb2f@group-3D083AF0F858-SegmentedRaftLogWorker: created new log segment /home/runner/work/ozone/ozone/hadoop-ozone/integration-test/target/test-dir/MiniOzoneClusterImpl-7d6c2114-24de-471a-af28-9a4df9894e15/datanode-4/data/ratis/54008dd2-f729-4cc7-9569-3d083af0f858/current/log_inprogress_0
2023-04-11 17:18:57,493 [b174b524-4137-4544-9099-51b684ecdb2f@group-3D083AF0F858-LeaderElection29] INFO  server.RaftServer$Division (ServerState.java:setRaftConf(430)) - b174b524-4137-4544-9099-51b684ecdb2f@group-3D083AF0F858: set configuration 0: peers:[b174b524-4137-4544-9099-51b684ecdb2f|rpc:10.1.0.70:42655|dataStream:10.1.0.70:37003|priority:1|startupRole:FOLLOWER]|listeners:[], old=null
17:18:59.014 [IPC Server handler 15 on default port 45623] ERROR OMAudit - user=runner | ip=127.0.0.1 | op=GET_FILE_STATUS {volume=volume95537, bucket=bucket59866, key=.Trash/runner/Current/testKey2, dataSize=0, replicationConfig=null} | ret=FAILURE
org.apache.hadoop.ozone.om.exceptions.OMException: Unable to get file status: volume: volume95537 bucket: bucket59866 key: .Trash/runner/Current/testKey2
	at org.apache.hadoop.ozone.om.KeyManagerImpl.getOzoneFileStatus(KeyManagerImpl.java:1200) ~[ozone-manager-1.4.0-SNAPSHOT.jar:?]
	at org.apache.hadoop.ozone.om.KeyManagerImpl.getFileStatus(KeyManagerImpl.java:1118) ~[ozone-manager-1.4.0-SNAPSHOT.jar:?]
	at org.apache.hadoop.ozone.om.OmMetadataReader.getFileStatus(OmMetadataReader.java:288) ~[ozone-manager-1.4.0-SNAPSHOT.jar:?]
	at org.apache.hadoop.ozone.om.OzoneManager.getFileStatus(OzoneManager.java:3491) ~[ozone-manager-1.4.0-SNAPSHOT.jar:?]
	at org.apache.hadoop.ozone.protocolPB.OzoneManagerRequestHandler.getOzoneFileStatus(OzoneManagerRequestHandler.java:934) ~[ozone-manager-1.4.0-SNAPSHOT.jar:?]
	at org.apache.hadoop.ozone.protocolPB.OzoneManagerRequestHandler.handleReadRequest(OzoneManagerRequestHandler.java:238) ~[ozone-manager-1.4.0-SNAPSHOT.jar:?]
	at org.apache.hadoop.ozone.protocolPB.OzoneManagerProtocolServerSideTranslatorPB.submitReadRequestToOM(OzoneManagerProtocolServerSideTranslatorPB.java:223) ~[ozone-manager-1.4.0-SNAPSHOT.jar:?]
	at org.apache.hadoop.ozone.protocolPB.OzoneManagerProtocolServerSideTranslatorPB.processRequest(OzoneManagerProtocolServerSideTranslatorPB.java:177) ~[ozone-manager-1.4.0-SNAPSHOT.jar:?]
	at org.apache.hadoop.hdds.server.OzoneProtocolMessageDispatcher.processRequest(OzoneProtocolMessageDispatcher.java:87) [hdds-server-framework-1.4.0-SNAPSHOT.jar:?]
	at org.apache.hadoop.ozone.protocolPB.OzoneManagerProtocolServerSideTranslatorPB.submitRequest(OzoneManagerProtocolServerSideTranslatorPB.java:147) [ozone-manager-1.4.0-SNAPSHOT.jar:?]
	at org.apache.hadoop.ozone.protocol.proto.OzoneManagerProtocolProtos$OzoneManagerService$2.callBlockingMethod(OzoneManagerProtocolProtos.java) [ozone-interface-client-1.4.0-SNAPSHOT.jar:?]
	at org.apache.hadoop.ipc.ProtobufRpcEngine$Server.processCall(ProtobufRpcEngine.java:484) [hadoop-common-3.3.5.jar:?]
	at org.apache.hadoop.ipc.ProtobufRpcEngine2$Server$ProtoBufRpcInvoker.call(ProtobufRpcEngine2.java:595) [hadoop-common-3.3.5.jar:?]
	at org.apache.hadoop.ipc.ProtobufRpcEngine2$Server$ProtoBufRpcInvoker.call(ProtobufRpcEngine2.java:573) [hadoop-common-3.3.5.jar:?]
	at org.apache.hadoop.ipc.RPC$Server.call(RPC.java:1213) [hadoop-common-3.3.5.jar:?]
	at org.apache.hadoop.ipc.Server$RpcCall.run(Server.java:1089) [hadoop-common-3.3.5.jar:?]
	at org.apache.hadoop.ipc.Server$RpcCall.run(Server.java:1012) [hadoop-common-3.3.5.jar:?]
	at java.security.AccessController.doPrivileged(Native Method) ~[?:1.8.0_362]
	at javax.security.auth.Subject.doAs(Subject.java:422) [?:1.8.0_362]
	at org.apache.hadoop.security.UserGroupInformation.doAs(UserGroupInformation.java:1899) [hadoop-common-3.3.5.jar:?]
	at org.apache.hadoop.ipc.Server$Handler.run(Server.java:3026) [hadoop-common-3.3.5.jar:?]
]]></system-out>
  </testcase>
  <testcase name="testTrash" classname="TestOzoneFileSystem" time="5.02">
    <system-out><![CDATA[2023-04-11 17:19:54,105 [IPC Server handler 3 on default port 37689] INFO  key.OMKeyRequest (OMKeyRequest.java:wrapUncommittedBlocksAsPseudoKey(838)) - Detect allocated but uncommitted blocks [{blockID={containerID=1, localID=111677748019200006}, length=4194304, offset=0, token=null, pipeline=null, createVersion=0, partNumber=0}] in key testKey2.
17:19:54.107 [IPC Server handler 6 on default port 37689] ERROR OMAudit - user=runner | ip=127.0.0.1 | op=GET_FILE_STATUS {volume=volume96095, bucket=bucket29928, key=.Trash/runner/Current/testKey2, dataSize=0, replicationConfig=null} | ret=FAILURE
org.apache.hadoop.ozone.om.exceptions.OMException: Unable to get file status: volume: volume96095 bucket: bucket29928 key: .Trash/runner/Current/testKey2
	at org.apache.hadoop.ozone.om.KeyManagerImpl.getOzoneFileStatus(KeyManagerImpl.java:1200) ~[ozone-manager-1.4.0-SNAPSHOT.jar:?]
	at org.apache.hadoop.ozone.om.KeyManagerImpl.getFileStatus(KeyManagerImpl.java:1118) ~[ozone-manager-1.4.0-SNAPSHOT.jar:?]
	at org.apache.hadoop.ozone.om.OmMetadataReader.getFileStatus(OmMetadataReader.java:288) ~[ozone-manager-1.4.0-SNAPSHOT.jar:?]
	at org.apache.hadoop.ozone.om.OzoneManager.getFileStatus(OzoneManager.java:3491) ~[ozone-manager-1.4.0-SNAPSHOT.jar:?]
	at org.apache.hadoop.ozone.protocolPB.OzoneManagerRequestHandler.getOzoneFileStatus(OzoneManagerRequestHandler.java:934) ~[ozone-manager-1.4.0-SNAPSHOT.jar:?]
	at org.apache.hadoop.ozone.protocolPB.OzoneManagerRequestHandler.handleReadRequest(OzoneManagerRequestHandler.java:238) ~[ozone-manager-1.4.0-SNAPSHOT.jar:?]
	at org.apache.hadoop.ozone.protocolPB.OzoneManagerProtocolServerSideTranslatorPB.submitRequestDirectlyToOM(OzoneManagerProtocolServerSideTranslatorPB.java:272) ~[ozone-manager-1.4.0-SNAPSHOT.jar:?]
	at org.apache.hadoop.ozone.protocolPB.OzoneManagerProtocolServerSideTranslatorPB.processRequest(OzoneManagerProtocolServerSideTranslatorPB.java:173) ~[ozone-manager-1.4.0-SNAPSHOT.jar:?]
	at org.apache.hadoop.hdds.server.OzoneProtocolMessageDispatcher.processRequest(OzoneProtocolMessageDispatcher.java:87) [hdds-server-framework-1.4.0-SNAPSHOT.jar:?]
	at org.apache.hadoop.ozone.protocolPB.OzoneManagerProtocolServerSideTranslatorPB.submitRequest(OzoneManagerProtocolServerSideTranslatorPB.java:147) [ozone-manager-1.4.0-SNAPSHOT.jar:?]
	at org.apache.hadoop.ozone.protocol.proto.OzoneManagerProtocolProtos$OzoneManagerService$2.callBlockingMethod(OzoneManagerProtocolProtos.java) [ozone-interface-client-1.4.0-SNAPSHOT.jar:?]
	at org.apache.hadoop.ipc.ProtobufRpcEngine$Server.processCall(ProtobufRpcEngine.java:484) [hadoop-common-3.3.5.jar:?]
	at org.apache.hadoop.ipc.ProtobufRpcEngine2$Server$ProtoBufRpcInvoker.call(ProtobufRpcEngine2.java:595) [hadoop-common-3.3.5.jar:?]
	at org.apache.hadoop.ipc.ProtobufRpcEngine2$Server$ProtoBufRpcInvoker.call(ProtobufRpcEngine2.java:573) [hadoop-common-3.3.5.jar:?]
	at org.apache.hadoop.ipc.RPC$Server.call(RPC.java:1213) [hadoop-common-3.3.5.jar:?]
	at org.apache.hadoop.ipc.Server$RpcCall.run(Server.java:1089) [hadoop-common-3.3.5.jar:?]
	at org.apache.hadoop.ipc.Server$RpcCall.run(Server.java:1012) [hadoop-common-3.3.5.jar:?]
	at java.security.AccessController.doPrivileged(Native Method) ~[?:1.8.0_362]
	at javax.security.auth.Subject.doAs(Subject.java:422) [?:1.8.0_362]
	at org.apache.hadoop.security.UserGroupInformation.doAs(UserGroupInformation.java:1899) [hadoop-common-3.3.5.jar:?]
	at org.apache.hadoop.ipc.Server$Handler.run(Server.java:3026) [hadoop-common-3.3.5.jar:?]
17:19:54.108 [IPC Server handler 1 on default port 37689] ERROR OMAudit - user=runner | ip=127.0.0.1 | op=GET_FILE_STATUS {volume=volume96095, bucket=bucket29928, key=.Trash/runner/Current/testKey2, dataSize=0, replicationConfig=null} | ret=FAILURE
org.apache.hadoop.ozone.om.exceptions.OMException: Unable to get file status: volume: volume96095 bucket: bucket29928 key: .Trash/runner/Current/testKey2
	at org.apache.hadoop.ozone.om.KeyManagerImpl.getOzoneFileStatus(KeyManagerImpl.java:1200) ~[ozone-manager-1.4.0-SNAPSHOT.jar:?]
	at org.apache.hadoop.ozone.om.KeyManagerImpl.getFileStatus(KeyManagerImpl.java:1118) ~[ozone-manager-1.4.0-SNAPSHOT.jar:?]
	at org.apache.hadoop.ozone.om.OmMetadataReader.getFileStatus(OmMetadataReader.java:288) ~[ozone-manager-1.4.0-SNAPSHOT.jar:?]
	at org.apache.hadoop.ozone.om.OzoneManager.getFileStatus(OzoneManager.java:3491) ~[ozone-manager-1.4.0-SNAPSHOT.jar:?]
	at org.apache.hadoop.ozone.protocolPB.OzoneManagerRequestHandler.getOzoneFileStatus(OzoneManagerRequestHandler.java:934) ~[ozone-manager-1.4.0-SNAPSHOT.jar:?]
	at org.apache.hadoop.ozone.protocolPB.OzoneManagerRequestHandler.handleReadRequest(OzoneManagerRequestHandler.java:238) ~[ozone-manager-1.4.0-SNAPSHOT.jar:?]
	at org.apache.hadoop.ozone.protocolPB.OzoneManagerProtocolServerSideTranslatorPB.submitRequestDirectlyToOM(OzoneManagerProtocolServerSideTranslatorPB.java:272) ~[ozone-manager-1.4.0-SNAPSHOT.jar:?]
	at org.apache.hadoop.ozone.protocolPB.OzoneManagerProtocolServerSideTranslatorPB.processRequest(OzoneManagerProtocolServerSideTranslatorPB.java:173) ~[ozone-manager-1.4.0-SNAPSHOT.jar:?]
	at org.apache.hadoop.hdds.server.OzoneProtocolMessageDispatcher.processRequest(OzoneProtocolMessageDispatcher.java:87) [hdds-server-framework-1.4.0-SNAPSHOT.jar:?]
	at org.apache.hadoop.ozone.protocolPB.OzoneManagerProtocolServerSideTranslatorPB.submitRequest(OzoneManagerProtocolServerSideTranslatorPB.java:147) [ozone-manager-1.4.0-SNAPSHOT.jar:?]
	at org.apache.hadoop.ozone.protocol.proto.OzoneManagerProtocolProtos$OzoneManagerService$2.callBlockingMethod(OzoneManagerProtocolProtos.java) [ozone-interface-client-1.4.0-SNAPSHOT.jar:?]
	at org.apache.hadoop.ipc.ProtobufRpcEngine$Server.processCall(ProtobufRpcEngine.java:484) [hadoop-common-3.3.5.jar:?]
	at org.apache.hadoop.ipc.ProtobufRpcEngine2$Server$ProtoBufRpcInvoker.call(ProtobufRpcEngine2.java:595) [hadoop-common-3.3.5.jar:?]
	at org.apache.hadoop.ipc.ProtobufRpcEngine2$Server$ProtoBufRpcInvoker.call(ProtobufRpcEngine2.java:573) [hadoop-common-3.3.5.jar:?]
	at org.apache.hadoop.ipc.RPC$Server.call(RPC.java:1213) [hadoop-common-3.3.5.jar:?]
	at org.apache.hadoop.ipc.Server$RpcCall.run(Server.java:1089) [hadoop-common-3.3.5.jar:?]
	at org.apache.hadoop.ipc.Server$RpcCall.run(Server.java:1012) [hadoop-common-3.3.5.jar:?]
	at java.security.AccessController.doPrivileged(Native Method) ~[?:1.8.0_362]
	at javax.security.auth.Subject.doAs(Subject.java:422) [?:1.8.0_362]
	at org.apache.hadoop.security.UserGroupInformation.doAs(UserGroupInformation.java:1899) [hadoop-common-3.3.5.jar:?]
	at org.apache.hadoop.ipc.Server$Handler.run(Server.java:3026) [hadoop-common-3.3.5.jar:?]
2023-04-11 17:19:54,111 [Time-limited test] INFO  om.TrashPolicyOzone (TrashPolicyOzone.java:moveToTrash(209)) - Moved: '/testKey2' to trash at: /.Trash/runner/Current/testKey2
2023-04-11 17:19:54,306 [83a86767-9132-4ec4-b752-470247843358@group-E05609910D37-FollowerState] INFO  impl.FollowerState (FollowerState.java:run(143)) - 83a86767-9132-4ec4-b752-470247843358@group-E05609910D37-FollowerState: change to CANDIDATE, lastRpcElapsedTime:5193578053ns, electionTimeout:5193ms
2023-04-11 17:19:54,306 [83a86767-9132-4ec4-b752-470247843358@group-E05609910D37-FollowerState] INFO  impl.RoleInfo (RoleInfo.java:shutdownFollowerState(110)) - 83a86767-9132-4ec4-b752-470247843358: shutdown 83a86767-9132-4ec4-b752-470247843358@group-E05609910D37-FollowerState
2023-04-11 17:19:54,306 [83a86767-9132-4ec4-b752-470247843358@group-E05609910D37-FollowerState] INFO  server.RaftServer$Division (RaftServerImpl.java:setRole(321)) - 83a86767-9132-4ec4-b752-470247843358@group-E05609910D37: changes role from  FOLLOWER to CANDIDATE at term 0 for changeToCandidate
2023-04-11 17:19:54,306 [83a86767-9132-4ec4-b752-470247843358@group-E05609910D37-FollowerState] INFO  server.RaftServerConfigKeys (ConfUtils.java:logGet(46)) - raft.server.leaderelection.pre-vote = true (default)
2023-04-11 17:19:54,306 [83a86767-9132-4ec4-b752-470247843358@group-E05609910D37-FollowerState] INFO  impl.RoleInfo (RoleInfo.java:updateAndGet(139)) - 83a86767-9132-4ec4-b752-470247843358: start 83a86767-9132-4ec4-b752-470247843358@group-E05609910D37-LeaderElection36
2023-04-11 17:19:54,309 [83a86767-9132-4ec4-b752-470247843358@group-E05609910D37-LeaderElection36] INFO  impl.LeaderElection (LeaderElection.java:askForVotes(312)) - 83a86767-9132-4ec4-b752-470247843358@group-E05609910D37-LeaderElection36 PRE_VOTE round 0: submit vote requests at term 0 for -1: peers:[83a86767-9132-4ec4-b752-470247843358|rpc:10.1.0.70:44417|dataStream:10.1.0.70:36455|priority:1|startupRole:FOLLOWER]|listeners:[], old=null
2023-04-11 17:19:54,310 [83a86767-9132-4ec4-b752-470247843358@group-E05609910D37-LeaderElection36] INFO  impl.LeaderElection (LeaderElection.java:askForVotes(314)) - 83a86767-9132-4ec4-b752-470247843358@group-E05609910D37-LeaderElection36 PRE_VOTE round 0: result PASSED (term=0)
2023-04-11 17:19:54,311 [83a86767-9132-4ec4-b752-470247843358@group-E05609910D37-LeaderElection36] INFO  impl.LeaderElection (LeaderElection.java:askForVotes(312)) - 83a86767-9132-4ec4-b752-470247843358@group-E05609910D37-LeaderElection36 ELECTION round 0: submit vote requests at term 1 for -1: peers:[83a86767-9132-4ec4-b752-470247843358|rpc:10.1.0.70:44417|dataStream:10.1.0.70:36455|priority:1|startupRole:FOLLOWER]|listeners:[], old=null
2023-04-11 17:19:54,311 [83a86767-9132-4ec4-b752-470247843358@group-E05609910D37-LeaderElection36] INFO  impl.LeaderElection (LeaderElection.java:askForVotes(314)) - 83a86767-9132-4ec4-b752-470247843358@group-E05609910D37-LeaderElection36 ELECTION round 0: result PASSED (term=1)
2023-04-11 17:19:54,311 [83a86767-9132-4ec4-b752-470247843358@group-E05609910D37-LeaderElection36] INFO  impl.RoleInfo (RoleInfo.java:shutdownLeaderElection(130)) - 83a86767-9132-4ec4-b752-470247843358: shutdown 83a86767-9132-4ec4-b752-470247843358@group-E05609910D37-LeaderElection36
2023-04-11 17:19:54,311 [83a86767-9132-4ec4-b752-470247843358@group-E05609910D37-LeaderElection36] INFO  server.RaftServer$Division (RaftServerImpl.java:setRole(321)) - 83a86767-9132-4ec4-b752-470247843358@group-E05609910D37: changes role from CANDIDATE to LEADER at term 1 for changeToLeader
2023-04-11 17:19:54,311 [83a86767-9132-4ec4-b752-470247843358@group-E05609910D37-LeaderElection36] INFO  ratis.XceiverServerRatis (XceiverServerRatis.java:handleLeaderChangedNotification(904)) - Leader change notification received for group: group-E05609910D37 with new leaderId: 83a86767-9132-4ec4-b752-470247843358
2023-04-11 17:19:54,312 [83a86767-9132-4ec4-b752-470247843358@group-E05609910D37-LeaderElection36] INFO  server.RaftServer$Division (ServerState.java:setLeader(313)) - 83a86767-9132-4ec4-b752-470247843358@group-E05609910D37: change Leader from null to 83a86767-9132-4ec4-b752-470247843358 at term 1 for becomeLeader, leader elected after 5211ms
2023-04-11 17:19:54,312 [83a86767-9132-4ec4-b752-470247843358@group-E05609910D37-LeaderElection36] INFO  server.RaftServerConfigKeys (ConfUtils.java:logGet(46)) - raft.server.staging.catchup.gap = 1000 (default)
2023-04-11 17:19:54,312 [83a86767-9132-4ec4-b752-470247843358@group-E05609910D37-LeaderElection36] INFO  server.RaftServerConfigKeys (ConfUtils.java:logGet(46)) - raft.server.write.element-limit = 1024 (custom)
2023-04-11 17:19:54,312 [83a86767-9132-4ec4-b752-470247843358@group-E05609910D37-LeaderElection36] INFO  server.RaftServerConfigKeys (ConfUtils.java:logGet(46)) - raft.server.write.byte-limit = 1024 M (=1073741824) (custom)
2023-04-11 17:19:54,313 [83a86767-9132-4ec4-b752-470247843358@group-E05609910D37-LeaderElection36] INFO  server.RaftServerConfigKeys (ConfUtils.java:logGet(46)) - raft.server.watch.timeout = 180s (custom)
2023-04-11 17:19:54,313 [83a86767-9132-4ec4-b752-470247843358@group-E05609910D37-LeaderElection36] INFO  server.RaftServerConfigKeys (ConfUtils.java:logGet(46)) - raft.server.watch.timeout.denomination = 1s (default)
2023-04-11 17:19:54,313 [83a86767-9132-4ec4-b752-470247843358@group-E05609910D37-LeaderElection36] INFO  server.RaftServerConfigKeys (ConfUtils.java:logGet(46)) - raft.server.watch.element-limit = 65536 (default)
2023-04-11 17:19:54,313 [83a86767-9132-4ec4-b752-470247843358@group-E05609910D37-LeaderElection36] INFO  server.RaftServerConfigKeys (ConfUtils.java:logGet(46)) - raft.server.write.element-limit = 1024 (custom)
2023-04-11 17:19:54,313 [83a86767-9132-4ec4-b752-470247843358@group-E05609910D37-LeaderElection36] INFO  server.RaftServerConfigKeys (ConfUtils.java:logGet(46)) - raft.server.write.follower.gap.ratio.max = -1.0 (default)
2023-04-11 17:19:54,313 [83a86767-9132-4ec4-b752-470247843358@group-E05609910D37-LeaderElection36] INFO  impl.RoleInfo (RoleInfo.java:updateAndGet(139)) - 83a86767-9132-4ec4-b752-470247843358: start 83a86767-9132-4ec4-b752-470247843358@group-E05609910D37-LeaderStateImpl
2023-04-11 17:19:54,313 [83a86767-9132-4ec4-b752-470247843358@group-E05609910D37-LeaderElection36] INFO  segmented.SegmentedRaftLogWorker (SegmentedRaftLogWorker.java:startLogSegment(452)) - 83a86767-9132-4ec4-b752-470247843358@group-E05609910D37-SegmentedRaftLogWorker: Starting segment from index:0
2023-04-11 17:19:54,314 [83a86767-9132-4ec4-b752-470247843358@group-E05609910D37-LeaderElection36] INFO  server.RaftServer$Division (ServerState.java:setRaftConf(430)) - 83a86767-9132-4ec4-b752-470247843358@group-E05609910D37: set configuration 0: peers:[83a86767-9132-4ec4-b752-470247843358|rpc:10.1.0.70:44417|dataStream:10.1.0.70:36455|priority:1|startupRole:FOLLOWER]|listeners:[], old=null
2023-04-11 17:19:54,315 [83a86767-9132-4ec4-b752-470247843358@group-E05609910D37-SegmentedRaftLogWorker] INFO  segmented.SegmentedRaftLogWorker (SegmentedRaftLogWorker.java:execute(656)) - 83a86767-9132-4ec4-b752-470247843358@group-E05609910D37-SegmentedRaftLogWorker: created new log segment /home/runner/work/ozone/ozone/hadoop-ozone/integration-test/target/test-dir/MiniOzoneClusterImpl-bb159280-bf04-4f42-bb5c-99373fe8c4eb/datanode-3/data/ratis/3c6f228a-6092-4c69-b451-e05609910d37/current/log_inprogress_0
2023-04-11 17:19:54,667 [1b760667-28fc-4393-96a7-267a88805411@group-BCA94D0DD73F-FollowerState] INFO  impl.FollowerState (FollowerState.java:run(143)) - 1b760667-28fc-4393-96a7-267a88805411@group-BCA94D0DD73F-FollowerState: change to CANDIDATE, lastRpcElapsedTime:5182950136ns, electionTimeout:5180ms
2023-04-11 17:19:54,668 [1b760667-28fc-4393-96a7-267a88805411@group-BCA94D0DD73F-FollowerState] INFO  impl.RoleInfo (RoleInfo.java:shutdownFollowerState(110)) - 1b760667-28fc-4393-96a7-267a88805411: shutdown 1b760667-28fc-4393-96a7-267a88805411@group-BCA94D0DD73F-FollowerState
2023-04-11 17:19:54,668 [1b760667-28fc-4393-96a7-267a88805411@group-BCA94D0DD73F-FollowerState] INFO  server.RaftServer$Division (RaftServerImpl.java:setRole(321)) - 1b760667-28fc-4393-96a7-267a88805411@group-BCA94D0DD73F: changes role from  FOLLOWER to CANDIDATE at term 0 for changeToCandidate
2023-04-11 17:19:54,668 [1b760667-28fc-4393-96a7-267a88805411@group-BCA94D0DD73F-FollowerState] INFO  server.RaftServerConfigKeys (ConfUtils.java:logGet(46)) - raft.server.leaderelection.pre-vote = true (default)
2023-04-11 17:19:54,668 [1b760667-28fc-4393-96a7-267a88805411@group-BCA94D0DD73F-FollowerState] INFO  impl.RoleInfo (RoleInfo.java:updateAndGet(139)) - 1b760667-28fc-4393-96a7-267a88805411: start 1b760667-28fc-4393-96a7-267a88805411@group-BCA94D0DD73F-LeaderElection37
2023-04-11 17:19:54,671 [1b760667-28fc-4393-96a7-267a88805411@group-BCA94D0DD73F-LeaderElection37] INFO  impl.LeaderElection (LeaderElection.java:askForVotes(312)) - 1b760667-28fc-4393-96a7-267a88805411@group-BCA94D0DD73F-LeaderElection37 PRE_VOTE round 0: submit vote requests at term 0 for -1: peers:[1b760667-28fc-4393-96a7-267a88805411|rpc:10.1.0.70:44687|dataStream:10.1.0.70:36481|priority:1|startupRole:FOLLOWER]|listeners:[], old=null
2023-04-11 17:19:54,671 [1b760667-28fc-4393-96a7-267a88805411@group-BCA94D0DD73F-LeaderElection37] INFO  impl.LeaderElection (LeaderElection.java:askForVotes(314)) - 1b760667-28fc-4393-96a7-267a88805411@group-BCA94D0DD73F-LeaderElection37 PRE_VOTE round 0: result PASSED (term=0)
2023-04-11 17:19:54,672 [1b760667-28fc-4393-96a7-267a88805411@group-BCA94D0DD73F-LeaderElection37] INFO  impl.LeaderElection (LeaderElection.java:askForVotes(312)) - 1b760667-28fc-4393-96a7-267a88805411@group-BCA94D0DD73F-LeaderElection37 ELECTION round 0: submit vote requests at term 1 for -1: peers:[1b760667-28fc-4393-96a7-267a88805411|rpc:10.1.0.70:44687|dataStream:10.1.0.70:36481|priority:1|startupRole:FOLLOWER]|listeners:[], old=null
2023-04-11 17:19:54,672 [1b760667-28fc-4393-96a7-267a88805411@group-BCA94D0DD73F-LeaderElection37] INFO  impl.LeaderElection (LeaderElection.java:askForVotes(314)) - 1b760667-28fc-4393-96a7-267a88805411@group-BCA94D0DD73F-LeaderElection37 ELECTION round 0: result PASSED (term=1)
2023-04-11 17:19:54,672 [1b760667-28fc-4393-96a7-267a88805411@group-BCA94D0DD73F-LeaderElection37] INFO  impl.RoleInfo (RoleInfo.java:shutdownLeaderElection(130)) - 1b760667-28fc-4393-96a7-267a88805411: shutdown 1b760667-28fc-4393-96a7-267a88805411@group-BCA94D0DD73F-LeaderElection37
2023-04-11 17:19:54,673 [1b760667-28fc-4393-96a7-267a88805411@group-BCA94D0DD73F-LeaderElection37] INFO  server.RaftServer$Division (RaftServerImpl.java:setRole(321)) - 1b760667-28fc-4393-96a7-267a88805411@group-BCA94D0DD73F: changes role from CANDIDATE to LEADER at term 1 for changeToLeader
2023-04-11 17:19:54,673 [1b760667-28fc-4393-96a7-267a88805411@group-BCA94D0DD73F-LeaderElection37] INFO  ratis.XceiverServerRatis (XceiverServerRatis.java:handleLeaderChangedNotification(904)) - Leader change notification received for group: group-BCA94D0DD73F with new leaderId: 1b760667-28fc-4393-96a7-267a88805411
2023-04-11 17:19:54,673 [1b760667-28fc-4393-96a7-267a88805411@group-BCA94D0DD73F-LeaderElection37] INFO  server.RaftServer$Division (ServerState.java:setLeader(313)) - 1b760667-28fc-4393-96a7-267a88805411@group-BCA94D0DD73F: change Leader from null to 1b760667-28fc-4393-96a7-267a88805411 at term 1 for becomeLeader, leader elected after 5204ms
2023-04-11 17:19:54,673 [1b760667-28fc-4393-96a7-267a88805411@group-BCA94D0DD73F-LeaderElection37] INFO  server.RaftServerConfigKeys (ConfUtils.java:logGet(46)) - raft.server.staging.catchup.gap = 1000 (default)
2023-04-11 17:19:54,673 [1b760667-28fc-4393-96a7-267a88805411@group-BCA94D0DD73F-LeaderElection37] INFO  server.RaftServerConfigKeys (ConfUtils.java:logGet(46)) - raft.server.write.element-limit = 1024 (custom)
2023-04-11 17:19:54,673 [1b760667-28fc-4393-96a7-267a88805411@group-BCA94D0DD73F-LeaderElection37] INFO  server.RaftServerConfigKeys (ConfUtils.java:logGet(46)) - raft.server.write.byte-limit = 1024 M (=1073741824) (custom)
2023-04-11 17:19:54,674 [1b760667-28fc-4393-96a7-267a88805411@group-BCA94D0DD73F-LeaderElection37] INFO  server.RaftServerConfigKeys (ConfUtils.java:logGet(46)) - raft.server.watch.timeout = 180s (custom)
2023-04-11 17:19:54,674 [1b760667-28fc-4393-96a7-267a88805411@group-BCA94D0DD73F-LeaderElection37] INFO  server.RaftServerConfigKeys (ConfUtils.java:logGet(46)) - raft.server.watch.timeout.denomination = 1s (default)
2023-04-11 17:19:54,674 [1b760667-28fc-4393-96a7-267a88805411@group-BCA94D0DD73F-LeaderElection37] INFO  server.RaftServerConfigKeys (ConfUtils.java:logGet(46)) - raft.server.watch.element-limit = 65536 (default)
2023-04-11 17:19:54,674 [1b760667-28fc-4393-96a7-267a88805411@group-BCA94D0DD73F-LeaderElection37] INFO  server.RaftServerConfigKeys (ConfUtils.java:logGet(46)) - raft.server.write.element-limit = 1024 (custom)
2023-04-11 17:19:54,674 [1b760667-28fc-4393-96a7-267a88805411@group-BCA94D0DD73F-LeaderElection37] INFO  server.RaftServerConfigKeys (ConfUtils.java:logGet(46)) - raft.server.write.follower.gap.ratio.max = -1.0 (default)
2023-04-11 17:19:54,674 [1b760667-28fc-4393-96a7-267a88805411@group-BCA94D0DD73F-LeaderElection37] INFO  impl.RoleInfo (RoleInfo.java:updateAndGet(139)) - 1b760667-28fc-4393-96a7-267a88805411: start 1b760667-28fc-4393-96a7-267a88805411@group-BCA94D0DD73F-LeaderStateImpl
2023-04-11 17:19:54,674 [1b760667-28fc-4393-96a7-267a88805411@group-BCA94D0DD73F-LeaderElection37] INFO  segmented.SegmentedRaftLogWorker (SegmentedRaftLogWorker.java:startLogSegment(452)) - 1b760667-28fc-4393-96a7-267a88805411@group-BCA94D0DD73F-SegmentedRaftLogWorker: Starting segment from index:0
2023-04-11 17:19:54,675 [1b760667-28fc-4393-96a7-267a88805411@group-BCA94D0DD73F-LeaderElection37] INFO  server.RaftServer$Division (ServerState.java:setRaftConf(430)) - 1b760667-28fc-4393-96a7-267a88805411@group-BCA94D0DD73F: set configuration 0: peers:[1b760667-28fc-4393-96a7-267a88805411|rpc:10.1.0.70:44687|dataStream:10.1.0.70:36481|priority:1|startupRole:FOLLOWER]|listeners:[], old=null
2023-04-11 17:19:54,678 [1b760667-28fc-4393-96a7-267a88805411@group-BCA94D0DD73F-SegmentedRaftLogWorker] INFO  segmented.SegmentedRaftLogWorker (SegmentedRaftLogWorker.java:execute(656)) - 1b760667-28fc-4393-96a7-267a88805411@group-BCA94D0DD73F-SegmentedRaftLogWorker: created new log segment /home/runner/work/ozone/ozone/hadoop-ozone/integration-test/target/test-dir/MiniOzoneClusterImpl-bb159280-bf04-4f42-bb5c-99373fe8c4eb/datanode-4/data/ratis/76dd1f18-48fa-41f6-9d0a-bca94d0dd73f/current/log_inprogress_0
17:19:56.113 [IPC Server handler 17 on default port 37689] ERROR OMAudit - user=runner | ip=127.0.0.1 | op=GET_FILE_STATUS {volume=volume96095, bucket=bucket29928, key=.Trash/runner/Current/testKey2, dataSize=0, replicationConfig=null} | ret=FAILURE
org.apache.hadoop.ozone.om.exceptions.OMException: Unable to get file status: volume: volume96095 bucket: bucket29928 key: .Trash/runner/Current/testKey2
	at org.apache.hadoop.ozone.om.KeyManagerImpl.getOzoneFileStatus(KeyManagerImpl.java:1200) ~[ozone-manager-1.4.0-SNAPSHOT.jar:?]
	at org.apache.hadoop.ozone.om.KeyManagerImpl.getFileStatus(KeyManagerImpl.java:1118) ~[ozone-manager-1.4.0-SNAPSHOT.jar:?]
	at org.apache.hadoop.ozone.om.OmMetadataReader.getFileStatus(OmMetadataReader.java:288) ~[ozone-manager-1.4.0-SNAPSHOT.jar:?]
	at org.apache.hadoop.ozone.om.OzoneManager.getFileStatus(OzoneManager.java:3491) ~[ozone-manager-1.4.0-SNAPSHOT.jar:?]
	at org.apache.hadoop.ozone.protocolPB.OzoneManagerRequestHandler.getOzoneFileStatus(OzoneManagerRequestHandler.java:934) ~[ozone-manager-1.4.0-SNAPSHOT.jar:?]
	at org.apache.hadoop.ozone.protocolPB.OzoneManagerRequestHandler.handleReadRequest(OzoneManagerRequestHandler.java:238) ~[ozone-manager-1.4.0-SNAPSHOT.jar:?]
	at org.apache.hadoop.ozone.protocolPB.OzoneManagerProtocolServerSideTranslatorPB.submitRequestDirectlyToOM(OzoneManagerProtocolServerSideTranslatorPB.java:272) ~[ozone-manager-1.4.0-SNAPSHOT.jar:?]
	at org.apache.hadoop.ozone.protocolPB.OzoneManagerProtocolServerSideTranslatorPB.processRequest(OzoneManagerProtocolServerSideTranslatorPB.java:173) ~[ozone-manager-1.4.0-SNAPSHOT.jar:?]
	at org.apache.hadoop.hdds.server.OzoneProtocolMessageDispatcher.processRequest(OzoneProtocolMessageDispatcher.java:87) [hdds-server-framework-1.4.0-SNAPSHOT.jar:?]
	at org.apache.hadoop.ozone.protocolPB.OzoneManagerProtocolServerSideTranslatorPB.submitRequest(OzoneManagerProtocolServerSideTranslatorPB.java:147) [ozone-manager-1.4.0-SNAPSHOT.jar:?]
	at org.apache.hadoop.ozone.protocol.proto.OzoneManagerProtocolProtos$OzoneManagerService$2.callBlockingMethod(OzoneManagerProtocolProtos.java) [ozone-interface-client-1.4.0-SNAPSHOT.jar:?]
	at org.apache.hadoop.ipc.ProtobufRpcEngine$Server.processCall(ProtobufRpcEngine.java:484) [hadoop-common-3.3.5.jar:?]
	at org.apache.hadoop.ipc.ProtobufRpcEngine2$Server$ProtoBufRpcInvoker.call(ProtobufRpcEngine2.java:595) [hadoop-common-3.3.5.jar:?]
	at org.apache.hadoop.ipc.ProtobufRpcEngine2$Server$ProtoBufRpcInvoker.call(ProtobufRpcEngine2.java:573) [hadoop-common-3.3.5.jar:?]
	at org.apache.hadoop.ipc.RPC$Server.call(RPC.java:1213) [hadoop-common-3.3.5.jar:?]
	at org.apache.hadoop.ipc.Server$RpcCall.run(Server.java:1089) [hadoop-common-3.3.5.jar:?]
	at org.apache.hadoop.ipc.Server$RpcCall.run(Server.java:1012) [hadoop-common-3.3.5.jar:?]
	at java.security.AccessController.doPrivileged(Native Method) ~[?:1.8.0_362]
	at javax.security.auth.Subject.doAs(Subject.java:422) [?:1.8.0_362]
	at org.apache.hadoop.security.UserGroupInformation.doAs(UserGroupInformation.java:1899) [hadoop-common-3.3.5.jar:?]
	at org.apache.hadoop.ipc.Server$Handler.run(Server.java:3026) [hadoop-common-3.3.5.jar:?]
]]></system-out>
  </testcase>
  <testcase name="testRenameDestinationParentDoesntExist" classname="TestOzoneFileSystem" time="0.044">
    <system-out><![CDATA[17:16:54.656 [IPC Server handler 9 on default port 41353] ERROR OMAudit - user=runner | ip=127.0.0.1 | op=GET_FILE_STATUS {volume=volume52567, bucket=bucket67420, key=root_dir/b/c, dataSize=0, replicationConfig=null} | ret=FAILURE
org.apache.hadoop.ozone.om.exceptions.OMException: Unable to get file status: volume: volume52567 bucket: bucket67420 key: root_dir/b/c
	at org.apache.hadoop.ozone.om.KeyManagerImpl.getOzoneFileStatus(KeyManagerImpl.java:1200) ~[ozone-manager-1.4.0-SNAPSHOT.jar:?]
	at org.apache.hadoop.ozone.om.KeyManagerImpl.getFileStatus(KeyManagerImpl.java:1118) ~[ozone-manager-1.4.0-SNAPSHOT.jar:?]
	at org.apache.hadoop.ozone.om.OmMetadataReader.getFileStatus(OmMetadataReader.java:288) ~[ozone-manager-1.4.0-SNAPSHOT.jar:?]
	at org.apache.hadoop.ozone.om.OzoneManager.getFileStatus(OzoneManager.java:3491) ~[ozone-manager-1.4.0-SNAPSHOT.jar:?]
	at org.apache.hadoop.ozone.protocolPB.OzoneManagerRequestHandler.getOzoneFileStatus(OzoneManagerRequestHandler.java:934) ~[ozone-manager-1.4.0-SNAPSHOT.jar:?]
	at org.apache.hadoop.ozone.protocolPB.OzoneManagerRequestHandler.handleReadRequest(OzoneManagerRequestHandler.java:238) ~[ozone-manager-1.4.0-SNAPSHOT.jar:?]
	at org.apache.hadoop.ozone.protocolPB.OzoneManagerProtocolServerSideTranslatorPB.submitReadRequestToOM(OzoneManagerProtocolServerSideTranslatorPB.java:223) ~[ozone-manager-1.4.0-SNAPSHOT.jar:?]
	at org.apache.hadoop.ozone.protocolPB.OzoneManagerProtocolServerSideTranslatorPB.processRequest(OzoneManagerProtocolServerSideTranslatorPB.java:177) ~[ozone-manager-1.4.0-SNAPSHOT.jar:?]
	at org.apache.hadoop.hdds.server.OzoneProtocolMessageDispatcher.processRequest(OzoneProtocolMessageDispatcher.java:87) [hdds-server-framework-1.4.0-SNAPSHOT.jar:?]
	at org.apache.hadoop.ozone.protocolPB.OzoneManagerProtocolServerSideTranslatorPB.submitRequest(OzoneManagerProtocolServerSideTranslatorPB.java:147) [ozone-manager-1.4.0-SNAPSHOT.jar:?]
	at org.apache.hadoop.ozone.protocol.proto.OzoneManagerProtocolProtos$OzoneManagerService$2.callBlockingMethod(OzoneManagerProtocolProtos.java) [ozone-interface-client-1.4.0-SNAPSHOT.jar:?]
	at org.apache.hadoop.ipc.ProtobufRpcEngine$Server.processCall(ProtobufRpcEngine.java:484) [hadoop-common-3.3.5.jar:?]
	at org.apache.hadoop.ipc.ProtobufRpcEngine2$Server$ProtoBufRpcInvoker.call(ProtobufRpcEngine2.java:595) [hadoop-common-3.3.5.jar:?]
	at org.apache.hadoop.ipc.ProtobufRpcEngine2$Server$ProtoBufRpcInvoker.call(ProtobufRpcEngine2.java:573) [hadoop-common-3.3.5.jar:?]
	at org.apache.hadoop.ipc.RPC$Server.call(RPC.java:1213) [hadoop-common-3.3.5.jar:?]
	at org.apache.hadoop.ipc.Server$RpcCall.run(Server.java:1089) [hadoop-common-3.3.5.jar:?]
	at org.apache.hadoop.ipc.Server$RpcCall.run(Server.java:1012) [hadoop-common-3.3.5.jar:?]
	at java.security.AccessController.doPrivileged(Native Method) ~[?:1.8.0_362]
	at javax.security.auth.Subject.doAs(Subject.java:422) [?:1.8.0_362]
	at org.apache.hadoop.security.UserGroupInformation.doAs(UserGroupInformation.java:1899) [hadoop-common-3.3.5.jar:?]
	at org.apache.hadoop.ipc.Server$Handler.run(Server.java:3026) [hadoop-common-3.3.5.jar:?]
17:16:54.659 [IPC Server handler 16 on default port 41353] ERROR OMAudit - user=runner | ip=127.0.0.1 | op=GET_FILE_STATUS {volume=volume52567, bucket=bucket67420, key=root_dir/b, dataSize=0, replicationConfig=null} | ret=FAILURE
org.apache.hadoop.ozone.om.exceptions.OMException: Unable to get file status: volume: volume52567 bucket: bucket67420 key: root_dir/b
	at org.apache.hadoop.ozone.om.KeyManagerImpl.getOzoneFileStatus(KeyManagerImpl.java:1200) ~[ozone-manager-1.4.0-SNAPSHOT.jar:?]
	at org.apache.hadoop.ozone.om.KeyManagerImpl.getFileStatus(KeyManagerImpl.java:1118) ~[ozone-manager-1.4.0-SNAPSHOT.jar:?]
	at org.apache.hadoop.ozone.om.OmMetadataReader.getFileStatus(OmMetadataReader.java:288) ~[ozone-manager-1.4.0-SNAPSHOT.jar:?]
	at org.apache.hadoop.ozone.om.OzoneManager.getFileStatus(OzoneManager.java:3491) ~[ozone-manager-1.4.0-SNAPSHOT.jar:?]
	at org.apache.hadoop.ozone.protocolPB.OzoneManagerRequestHandler.getOzoneFileStatus(OzoneManagerRequestHandler.java:934) ~[ozone-manager-1.4.0-SNAPSHOT.jar:?]
	at org.apache.hadoop.ozone.protocolPB.OzoneManagerRequestHandler.handleReadRequest(OzoneManagerRequestHandler.java:238) ~[ozone-manager-1.4.0-SNAPSHOT.jar:?]
	at org.apache.hadoop.ozone.protocolPB.OzoneManagerProtocolServerSideTranslatorPB.submitReadRequestToOM(OzoneManagerProtocolServerSideTranslatorPB.java:223) ~[ozone-manager-1.4.0-SNAPSHOT.jar:?]
	at org.apache.hadoop.ozone.protocolPB.OzoneManagerProtocolServerSideTranslatorPB.processRequest(OzoneManagerProtocolServerSideTranslatorPB.java:177) ~[ozone-manager-1.4.0-SNAPSHOT.jar:?]
	at org.apache.hadoop.hdds.server.OzoneProtocolMessageDispatcher.processRequest(OzoneProtocolMessageDispatcher.java:87) [hdds-server-framework-1.4.0-SNAPSHOT.jar:?]
	at org.apache.hadoop.ozone.protocolPB.OzoneManagerProtocolServerSideTranslatorPB.submitRequest(OzoneManagerProtocolServerSideTranslatorPB.java:147) [ozone-manager-1.4.0-SNAPSHOT.jar:?]
	at org.apache.hadoop.ozone.protocol.proto.OzoneManagerProtocolProtos$OzoneManagerService$2.callBlockingMethod(OzoneManagerProtocolProtos.java) [ozone-interface-client-1.4.0-SNAPSHOT.jar:?]
	at org.apache.hadoop.ipc.ProtobufRpcEngine$Server.processCall(ProtobufRpcEngine.java:484) [hadoop-common-3.3.5.jar:?]
	at org.apache.hadoop.ipc.ProtobufRpcEngine2$Server$ProtoBufRpcInvoker.call(ProtobufRpcEngine2.java:595) [hadoop-common-3.3.5.jar:?]
	at org.apache.hadoop.ipc.ProtobufRpcEngine2$Server$ProtoBufRpcInvoker.call(ProtobufRpcEngine2.java:573) [hadoop-common-3.3.5.jar:?]
	at org.apache.hadoop.ipc.RPC$Server.call(RPC.java:1213) [hadoop-common-3.3.5.jar:?]
	at org.apache.hadoop.ipc.Server$RpcCall.run(Server.java:1089) [hadoop-common-3.3.5.jar:?]
	at org.apache.hadoop.ipc.Server$RpcCall.run(Server.java:1012) [hadoop-common-3.3.5.jar:?]
	at java.security.AccessController.doPrivileged(Native Method) ~[?:1.8.0_362]
	at javax.security.auth.Subject.doAs(Subject.java:422) [?:1.8.0_362]
	at org.apache.hadoop.security.UserGroupInformation.doAs(UserGroupInformation.java:1899) [hadoop-common-3.3.5.jar:?]
	at org.apache.hadoop.ipc.Server$Handler.run(Server.java:3026) [hadoop-common-3.3.5.jar:?]
2023-04-11 17:16:54,672 [OM StateMachine ApplyTransaction Thread - 0] INFO  key.OMKeyRequest (OMKeyRequest.java:wrapUncommittedBlocksAsPseudoKey(838)) - Detect allocated but uncommitted blocks [{blockID={containerID=3, localID=111677748019200007}, length=4194304, offset=0, token=null, pipeline=null, createVersion=0, partNumber=0}] in key root_dir/file1.
17:16:54.676 [IPC Server handler 14 on default port 41353] ERROR OMAudit - user=runner | ip=127.0.0.1 | op=GET_FILE_STATUS {volume=volume52567, bucket=bucket67420, key=root_dir/file1/c, dataSize=0, replicationConfig=null} | ret=FAILURE
org.apache.hadoop.ozone.om.exceptions.OMException: Unable to get file status: volume: volume52567 bucket: bucket67420 key: root_dir/file1/c
	at org.apache.hadoop.ozone.om.KeyManagerImpl.getOzoneFileStatus(KeyManagerImpl.java:1200) ~[ozone-manager-1.4.0-SNAPSHOT.jar:?]
	at org.apache.hadoop.ozone.om.KeyManagerImpl.getFileStatus(KeyManagerImpl.java:1118) ~[ozone-manager-1.4.0-SNAPSHOT.jar:?]
	at org.apache.hadoop.ozone.om.OmMetadataReader.getFileStatus(OmMetadataReader.java:288) ~[ozone-manager-1.4.0-SNAPSHOT.jar:?]
	at org.apache.hadoop.ozone.om.OzoneManager.getFileStatus(OzoneManager.java:3491) ~[ozone-manager-1.4.0-SNAPSHOT.jar:?]
	at org.apache.hadoop.ozone.protocolPB.OzoneManagerRequestHandler.getOzoneFileStatus(OzoneManagerRequestHandler.java:934) ~[ozone-manager-1.4.0-SNAPSHOT.jar:?]
	at org.apache.hadoop.ozone.protocolPB.OzoneManagerRequestHandler.handleReadRequest(OzoneManagerRequestHandler.java:238) ~[ozone-manager-1.4.0-SNAPSHOT.jar:?]
	at org.apache.hadoop.ozone.protocolPB.OzoneManagerProtocolServerSideTranslatorPB.submitReadRequestToOM(OzoneManagerProtocolServerSideTranslatorPB.java:223) ~[ozone-manager-1.4.0-SNAPSHOT.jar:?]
	at org.apache.hadoop.ozone.protocolPB.OzoneManagerProtocolServerSideTranslatorPB.processRequest(OzoneManagerProtocolServerSideTranslatorPB.java:177) ~[ozone-manager-1.4.0-SNAPSHOT.jar:?]
	at org.apache.hadoop.hdds.server.OzoneProtocolMessageDispatcher.processRequest(OzoneProtocolMessageDispatcher.java:87) [hdds-server-framework-1.4.0-SNAPSHOT.jar:?]
	at org.apache.hadoop.ozone.protocolPB.OzoneManagerProtocolServerSideTranslatorPB.submitRequest(OzoneManagerProtocolServerSideTranslatorPB.java:147) [ozone-manager-1.4.0-SNAPSHOT.jar:?]
	at org.apache.hadoop.ozone.protocol.proto.OzoneManagerProtocolProtos$OzoneManagerService$2.callBlockingMethod(OzoneManagerProtocolProtos.java) [ozone-interface-client-1.4.0-SNAPSHOT.jar:?]
	at org.apache.hadoop.ipc.ProtobufRpcEngine$Server.processCall(ProtobufRpcEngine.java:484) [hadoop-common-3.3.5.jar:?]
	at org.apache.hadoop.ipc.ProtobufRpcEngine2$Server$ProtoBufRpcInvoker.call(ProtobufRpcEngine2.java:595) [hadoop-common-3.3.5.jar:?]
	at org.apache.hadoop.ipc.ProtobufRpcEngine2$Server$ProtoBufRpcInvoker.call(ProtobufRpcEngine2.java:573) [hadoop-common-3.3.5.jar:?]
	at org.apache.hadoop.ipc.RPC$Server.call(RPC.java:1213) [hadoop-common-3.3.5.jar:?]
	at org.apache.hadoop.ipc.Server$RpcCall.run(Server.java:1089) [hadoop-common-3.3.5.jar:?]
	at org.apache.hadoop.ipc.Server$RpcCall.run(Server.java:1012) [hadoop-common-3.3.5.jar:?]
	at java.security.AccessController.doPrivileged(Native Method) ~[?:1.8.0_362]
	at javax.security.auth.Subject.doAs(Subject.java:422) [?:1.8.0_362]
	at org.apache.hadoop.security.UserGroupInformation.doAs(UserGroupInformation.java:1899) [hadoop-common-3.3.5.jar:?]
	at org.apache.hadoop.ipc.Server$Handler.run(Server.java:3026) [hadoop-common-3.3.5.jar:?]
]]></system-out>
  </testcase>
  <testcase name="testRenameDestinationParentDoesntExist" classname="TestOzoneFileSystem" time="0.022">
    <system-out><![CDATA[17:18:08.004 [IPC Server handler 0 on default port 38777] ERROR OMAudit - user=runner | ip=127.0.0.1 | op=GET_FILE_STATUS {volume=volume96178, bucket=bucket92903, key=root_dir/b/c, dataSize=0, replicationConfig=null} | ret=FAILURE
org.apache.hadoop.ozone.om.exceptions.OMException: Unable to get file status: volume: volume96178 bucket: bucket92903 key: root_dir/b/c
	at org.apache.hadoop.ozone.om.KeyManagerImpl.getOzoneFileStatus(KeyManagerImpl.java:1200) ~[ozone-manager-1.4.0-SNAPSHOT.jar:?]
	at org.apache.hadoop.ozone.om.KeyManagerImpl.getFileStatus(KeyManagerImpl.java:1118) ~[ozone-manager-1.4.0-SNAPSHOT.jar:?]
	at org.apache.hadoop.ozone.om.OmMetadataReader.getFileStatus(OmMetadataReader.java:288) ~[ozone-manager-1.4.0-SNAPSHOT.jar:?]
	at org.apache.hadoop.ozone.om.OzoneManager.getFileStatus(OzoneManager.java:3491) ~[ozone-manager-1.4.0-SNAPSHOT.jar:?]
	at org.apache.hadoop.ozone.protocolPB.OzoneManagerRequestHandler.getOzoneFileStatus(OzoneManagerRequestHandler.java:934) ~[ozone-manager-1.4.0-SNAPSHOT.jar:?]
	at org.apache.hadoop.ozone.protocolPB.OzoneManagerRequestHandler.handleReadRequest(OzoneManagerRequestHandler.java:238) ~[ozone-manager-1.4.0-SNAPSHOT.jar:?]
	at org.apache.hadoop.ozone.protocolPB.OzoneManagerProtocolServerSideTranslatorPB.submitRequestDirectlyToOM(OzoneManagerProtocolServerSideTranslatorPB.java:272) ~[ozone-manager-1.4.0-SNAPSHOT.jar:?]
	at org.apache.hadoop.ozone.protocolPB.OzoneManagerProtocolServerSideTranslatorPB.processRequest(OzoneManagerProtocolServerSideTranslatorPB.java:173) ~[ozone-manager-1.4.0-SNAPSHOT.jar:?]
	at org.apache.hadoop.hdds.server.OzoneProtocolMessageDispatcher.processRequest(OzoneProtocolMessageDispatcher.java:87) [hdds-server-framework-1.4.0-SNAPSHOT.jar:?]
	at org.apache.hadoop.ozone.protocolPB.OzoneManagerProtocolServerSideTranslatorPB.submitRequest(OzoneManagerProtocolServerSideTranslatorPB.java:147) [ozone-manager-1.4.0-SNAPSHOT.jar:?]
	at org.apache.hadoop.ozone.protocol.proto.OzoneManagerProtocolProtos$OzoneManagerService$2.callBlockingMethod(OzoneManagerProtocolProtos.java) [ozone-interface-client-1.4.0-SNAPSHOT.jar:?]
	at org.apache.hadoop.ipc.ProtobufRpcEngine$Server.processCall(ProtobufRpcEngine.java:484) [hadoop-common-3.3.5.jar:?]
	at org.apache.hadoop.ipc.ProtobufRpcEngine2$Server$ProtoBufRpcInvoker.call(ProtobufRpcEngine2.java:595) [hadoop-common-3.3.5.jar:?]
	at org.apache.hadoop.ipc.ProtobufRpcEngine2$Server$ProtoBufRpcInvoker.call(ProtobufRpcEngine2.java:573) [hadoop-common-3.3.5.jar:?]
	at org.apache.hadoop.ipc.RPC$Server.call(RPC.java:1213) [hadoop-common-3.3.5.jar:?]
	at org.apache.hadoop.ipc.Server$RpcCall.run(Server.java:1089) [hadoop-common-3.3.5.jar:?]
	at org.apache.hadoop.ipc.Server$RpcCall.run(Server.java:1012) [hadoop-common-3.3.5.jar:?]
	at java.security.AccessController.doPrivileged(Native Method) ~[?:1.8.0_362]
	at javax.security.auth.Subject.doAs(Subject.java:422) [?:1.8.0_362]
	at org.apache.hadoop.security.UserGroupInformation.doAs(UserGroupInformation.java:1899) [hadoop-common-3.3.5.jar:?]
	at org.apache.hadoop.ipc.Server$Handler.run(Server.java:3026) [hadoop-common-3.3.5.jar:?]
17:18:08.005 [IPC Server handler 19 on default port 38777] ERROR OMAudit - user=runner | ip=127.0.0.1 | op=GET_FILE_STATUS {volume=volume96178, bucket=bucket92903, key=root_dir/b, dataSize=0, replicationConfig=null} | ret=FAILURE
org.apache.hadoop.ozone.om.exceptions.OMException: Unable to get file status: volume: volume96178 bucket: bucket92903 key: root_dir/b
	at org.apache.hadoop.ozone.om.KeyManagerImpl.getOzoneFileStatus(KeyManagerImpl.java:1200) ~[ozone-manager-1.4.0-SNAPSHOT.jar:?]
	at org.apache.hadoop.ozone.om.KeyManagerImpl.getFileStatus(KeyManagerImpl.java:1118) ~[ozone-manager-1.4.0-SNAPSHOT.jar:?]
	at org.apache.hadoop.ozone.om.OmMetadataReader.getFileStatus(OmMetadataReader.java:288) ~[ozone-manager-1.4.0-SNAPSHOT.jar:?]
	at org.apache.hadoop.ozone.om.OzoneManager.getFileStatus(OzoneManager.java:3491) ~[ozone-manager-1.4.0-SNAPSHOT.jar:?]
	at org.apache.hadoop.ozone.protocolPB.OzoneManagerRequestHandler.getOzoneFileStatus(OzoneManagerRequestHandler.java:934) ~[ozone-manager-1.4.0-SNAPSHOT.jar:?]
	at org.apache.hadoop.ozone.protocolPB.OzoneManagerRequestHandler.handleReadRequest(OzoneManagerRequestHandler.java:238) ~[ozone-manager-1.4.0-SNAPSHOT.jar:?]
	at org.apache.hadoop.ozone.protocolPB.OzoneManagerProtocolServerSideTranslatorPB.submitRequestDirectlyToOM(OzoneManagerProtocolServerSideTranslatorPB.java:272) ~[ozone-manager-1.4.0-SNAPSHOT.jar:?]
	at org.apache.hadoop.ozone.protocolPB.OzoneManagerProtocolServerSideTranslatorPB.processRequest(OzoneManagerProtocolServerSideTranslatorPB.java:173) ~[ozone-manager-1.4.0-SNAPSHOT.jar:?]
	at org.apache.hadoop.hdds.server.OzoneProtocolMessageDispatcher.processRequest(OzoneProtocolMessageDispatcher.java:87) [hdds-server-framework-1.4.0-SNAPSHOT.jar:?]
	at org.apache.hadoop.ozone.protocolPB.OzoneManagerProtocolServerSideTranslatorPB.submitRequest(OzoneManagerProtocolServerSideTranslatorPB.java:147) [ozone-manager-1.4.0-SNAPSHOT.jar:?]
	at org.apache.hadoop.ozone.protocol.proto.OzoneManagerProtocolProtos$OzoneManagerService$2.callBlockingMethod(OzoneManagerProtocolProtos.java) [ozone-interface-client-1.4.0-SNAPSHOT.jar:?]
	at org.apache.hadoop.ipc.ProtobufRpcEngine$Server.processCall(ProtobufRpcEngine.java:484) [hadoop-common-3.3.5.jar:?]
	at org.apache.hadoop.ipc.ProtobufRpcEngine2$Server$ProtoBufRpcInvoker.call(ProtobufRpcEngine2.java:595) [hadoop-common-3.3.5.jar:?]
	at org.apache.hadoop.ipc.ProtobufRpcEngine2$Server$ProtoBufRpcInvoker.call(ProtobufRpcEngine2.java:573) [hadoop-common-3.3.5.jar:?]
	at org.apache.hadoop.ipc.RPC$Server.call(RPC.java:1213) [hadoop-common-3.3.5.jar:?]
	at org.apache.hadoop.ipc.Server$RpcCall.run(Server.java:1089) [hadoop-common-3.3.5.jar:?]
	at org.apache.hadoop.ipc.Server$RpcCall.run(Server.java:1012) [hadoop-common-3.3.5.jar:?]
	at java.security.AccessController.doPrivileged(Native Method) ~[?:1.8.0_362]
	at javax.security.auth.Subject.doAs(Subject.java:422) [?:1.8.0_362]
	at org.apache.hadoop.security.UserGroupInformation.doAs(UserGroupInformation.java:1899) [hadoop-common-3.3.5.jar:?]
	at org.apache.hadoop.ipc.Server$Handler.run(Server.java:3026) [hadoop-common-3.3.5.jar:?]
2023-04-11 17:18:08,009 [IPC Server handler 15 on default port 38777] INFO  key.OMKeyRequest (OMKeyRequest.java:wrapUncommittedBlocksAsPseudoKey(838)) - Detect allocated but uncommitted blocks [{blockID={containerID=2, localID=111677748019200007}, length=4194304, offset=0, token=null, pipeline=null, createVersion=0, partNumber=0}] in key root_dir/file1.
17:18:08.010 [IPC Server handler 14 on default port 38777] ERROR OMAudit - user=runner | ip=127.0.0.1 | op=GET_FILE_STATUS {volume=volume96178, bucket=bucket92903, key=root_dir/file1/c, dataSize=0, replicationConfig=null} | ret=FAILURE
org.apache.hadoop.ozone.om.exceptions.OMException: Unable to get file status: volume: volume96178 bucket: bucket92903 key: root_dir/file1/c
	at org.apache.hadoop.ozone.om.KeyManagerImpl.getOzoneFileStatus(KeyManagerImpl.java:1200) ~[ozone-manager-1.4.0-SNAPSHOT.jar:?]
	at org.apache.hadoop.ozone.om.KeyManagerImpl.getFileStatus(KeyManagerImpl.java:1118) ~[ozone-manager-1.4.0-SNAPSHOT.jar:?]
	at org.apache.hadoop.ozone.om.OmMetadataReader.getFileStatus(OmMetadataReader.java:288) ~[ozone-manager-1.4.0-SNAPSHOT.jar:?]
	at org.apache.hadoop.ozone.om.OzoneManager.getFileStatus(OzoneManager.java:3491) ~[ozone-manager-1.4.0-SNAPSHOT.jar:?]
	at org.apache.hadoop.ozone.protocolPB.OzoneManagerRequestHandler.getOzoneFileStatus(OzoneManagerRequestHandler.java:934) ~[ozone-manager-1.4.0-SNAPSHOT.jar:?]
	at org.apache.hadoop.ozone.protocolPB.OzoneManagerRequestHandler.handleReadRequest(OzoneManagerRequestHandler.java:238) ~[ozone-manager-1.4.0-SNAPSHOT.jar:?]
	at org.apache.hadoop.ozone.protocolPB.OzoneManagerProtocolServerSideTranslatorPB.submitRequestDirectlyToOM(OzoneManagerProtocolServerSideTranslatorPB.java:272) ~[ozone-manager-1.4.0-SNAPSHOT.jar:?]
	at org.apache.hadoop.ozone.protocolPB.OzoneManagerProtocolServerSideTranslatorPB.processRequest(OzoneManagerProtocolServerSideTranslatorPB.java:173) ~[ozone-manager-1.4.0-SNAPSHOT.jar:?]
	at org.apache.hadoop.hdds.server.OzoneProtocolMessageDispatcher.processRequest(OzoneProtocolMessageDispatcher.java:87) [hdds-server-framework-1.4.0-SNAPSHOT.jar:?]
	at org.apache.hadoop.ozone.protocolPB.OzoneManagerProtocolServerSideTranslatorPB.submitRequest(OzoneManagerProtocolServerSideTranslatorPB.java:147) [ozone-manager-1.4.0-SNAPSHOT.jar:?]
	at org.apache.hadoop.ozone.protocol.proto.OzoneManagerProtocolProtos$OzoneManagerService$2.callBlockingMethod(OzoneManagerProtocolProtos.java) [ozone-interface-client-1.4.0-SNAPSHOT.jar:?]
	at org.apache.hadoop.ipc.ProtobufRpcEngine$Server.processCall(ProtobufRpcEngine.java:484) [hadoop-common-3.3.5.jar:?]
	at org.apache.hadoop.ipc.ProtobufRpcEngine2$Server$ProtoBufRpcInvoker.call(ProtobufRpcEngine2.java:595) [hadoop-common-3.3.5.jar:?]
	at org.apache.hadoop.ipc.ProtobufRpcEngine2$Server$ProtoBufRpcInvoker.call(ProtobufRpcEngine2.java:573) [hadoop-common-3.3.5.jar:?]
	at org.apache.hadoop.ipc.RPC$Server.call(RPC.java:1213) [hadoop-common-3.3.5.jar:?]
	at org.apache.hadoop.ipc.Server$RpcCall.run(Server.java:1089) [hadoop-common-3.3.5.jar:?]
	at org.apache.hadoop.ipc.Server$RpcCall.run(Server.java:1012) [hadoop-common-3.3.5.jar:?]
	at java.security.AccessController.doPrivileged(Native Method) ~[?:1.8.0_362]
	at javax.security.auth.Subject.doAs(Subject.java:422) [?:1.8.0_362]
	at org.apache.hadoop.security.UserGroupInformation.doAs(UserGroupInformation.java:1899) [hadoop-common-3.3.5.jar:?]
	at org.apache.hadoop.ipc.Server$Handler.run(Server.java:3026) [hadoop-common-3.3.5.jar:?]
]]></system-out>
  </testcase>
  <testcase name="testRenameDestinationParentDoesntExist" classname="TestOzoneFileSystem" time="0.024">
    <system-out><![CDATA[17:18:59.034 [IPC Server handler 3 on default port 45623] ERROR OMAudit - user=runner | ip=127.0.0.1 | op=GET_FILE_STATUS {volume=volume95537, bucket=bucket59866, key=root_dir/b/c, dataSize=0, replicationConfig=null} | ret=FAILURE
org.apache.hadoop.ozone.om.exceptions.OMException: Unable to get file status: volume: volume95537 bucket: bucket59866 key: root_dir/b/c
	at org.apache.hadoop.ozone.om.KeyManagerImpl.getOzoneFileStatus(KeyManagerImpl.java:1200) ~[ozone-manager-1.4.0-SNAPSHOT.jar:?]
	at org.apache.hadoop.ozone.om.KeyManagerImpl.getFileStatus(KeyManagerImpl.java:1118) ~[ozone-manager-1.4.0-SNAPSHOT.jar:?]
	at org.apache.hadoop.ozone.om.OmMetadataReader.getFileStatus(OmMetadataReader.java:288) ~[ozone-manager-1.4.0-SNAPSHOT.jar:?]
	at org.apache.hadoop.ozone.om.OzoneManager.getFileStatus(OzoneManager.java:3491) ~[ozone-manager-1.4.0-SNAPSHOT.jar:?]
	at org.apache.hadoop.ozone.protocolPB.OzoneManagerRequestHandler.getOzoneFileStatus(OzoneManagerRequestHandler.java:934) ~[ozone-manager-1.4.0-SNAPSHOT.jar:?]
	at org.apache.hadoop.ozone.protocolPB.OzoneManagerRequestHandler.handleReadRequest(OzoneManagerRequestHandler.java:238) ~[ozone-manager-1.4.0-SNAPSHOT.jar:?]
	at org.apache.hadoop.ozone.protocolPB.OzoneManagerProtocolServerSideTranslatorPB.submitReadRequestToOM(OzoneManagerProtocolServerSideTranslatorPB.java:223) ~[ozone-manager-1.4.0-SNAPSHOT.jar:?]
	at org.apache.hadoop.ozone.protocolPB.OzoneManagerProtocolServerSideTranslatorPB.processRequest(OzoneManagerProtocolServerSideTranslatorPB.java:177) ~[ozone-manager-1.4.0-SNAPSHOT.jar:?]
	at org.apache.hadoop.hdds.server.OzoneProtocolMessageDispatcher.processRequest(OzoneProtocolMessageDispatcher.java:87) [hdds-server-framework-1.4.0-SNAPSHOT.jar:?]
	at org.apache.hadoop.ozone.protocolPB.OzoneManagerProtocolServerSideTranslatorPB.submitRequest(OzoneManagerProtocolServerSideTranslatorPB.java:147) [ozone-manager-1.4.0-SNAPSHOT.jar:?]
	at org.apache.hadoop.ozone.protocol.proto.OzoneManagerProtocolProtos$OzoneManagerService$2.callBlockingMethod(OzoneManagerProtocolProtos.java) [ozone-interface-client-1.4.0-SNAPSHOT.jar:?]
	at org.apache.hadoop.ipc.ProtobufRpcEngine$Server.processCall(ProtobufRpcEngine.java:484) [hadoop-common-3.3.5.jar:?]
	at org.apache.hadoop.ipc.ProtobufRpcEngine2$Server$ProtoBufRpcInvoker.call(ProtobufRpcEngine2.java:595) [hadoop-common-3.3.5.jar:?]
	at org.apache.hadoop.ipc.ProtobufRpcEngine2$Server$ProtoBufRpcInvoker.call(ProtobufRpcEngine2.java:573) [hadoop-common-3.3.5.jar:?]
	at org.apache.hadoop.ipc.RPC$Server.call(RPC.java:1213) [hadoop-common-3.3.5.jar:?]
	at org.apache.hadoop.ipc.Server$RpcCall.run(Server.java:1089) [hadoop-common-3.3.5.jar:?]
	at org.apache.hadoop.ipc.Server$RpcCall.run(Server.java:1012) [hadoop-common-3.3.5.jar:?]
	at java.security.AccessController.doPrivileged(Native Method) ~[?:1.8.0_362]
	at javax.security.auth.Subject.doAs(Subject.java:422) [?:1.8.0_362]
	at org.apache.hadoop.security.UserGroupInformation.doAs(UserGroupInformation.java:1899) [hadoop-common-3.3.5.jar:?]
	at org.apache.hadoop.ipc.Server$Handler.run(Server.java:3026) [hadoop-common-3.3.5.jar:?]
17:18:59.035 [IPC Server handler 1 on default port 45623] ERROR OMAudit - user=runner | ip=127.0.0.1 | op=GET_FILE_STATUS {volume=volume95537, bucket=bucket59866, key=root_dir/b, dataSize=0, replicationConfig=null} | ret=FAILURE
org.apache.hadoop.ozone.om.exceptions.OMException: Unable to get file status: volume: volume95537 bucket: bucket59866 key: root_dir/b
	at org.apache.hadoop.ozone.om.KeyManagerImpl.getOzoneFileStatus(KeyManagerImpl.java:1200) ~[ozone-manager-1.4.0-SNAPSHOT.jar:?]
	at org.apache.hadoop.ozone.om.KeyManagerImpl.getFileStatus(KeyManagerImpl.java:1118) ~[ozone-manager-1.4.0-SNAPSHOT.jar:?]
	at org.apache.hadoop.ozone.om.OmMetadataReader.getFileStatus(OmMetadataReader.java:288) ~[ozone-manager-1.4.0-SNAPSHOT.jar:?]
	at org.apache.hadoop.ozone.om.OzoneManager.getFileStatus(OzoneManager.java:3491) ~[ozone-manager-1.4.0-SNAPSHOT.jar:?]
	at org.apache.hadoop.ozone.protocolPB.OzoneManagerRequestHandler.getOzoneFileStatus(OzoneManagerRequestHandler.java:934) ~[ozone-manager-1.4.0-SNAPSHOT.jar:?]
	at org.apache.hadoop.ozone.protocolPB.OzoneManagerRequestHandler.handleReadRequest(OzoneManagerRequestHandler.java:238) ~[ozone-manager-1.4.0-SNAPSHOT.jar:?]
	at org.apache.hadoop.ozone.protocolPB.OzoneManagerProtocolServerSideTranslatorPB.submitReadRequestToOM(OzoneManagerProtocolServerSideTranslatorPB.java:223) ~[ozone-manager-1.4.0-SNAPSHOT.jar:?]
	at org.apache.hadoop.ozone.protocolPB.OzoneManagerProtocolServerSideTranslatorPB.processRequest(OzoneManagerProtocolServerSideTranslatorPB.java:177) ~[ozone-manager-1.4.0-SNAPSHOT.jar:?]
	at org.apache.hadoop.hdds.server.OzoneProtocolMessageDispatcher.processRequest(OzoneProtocolMessageDispatcher.java:87) [hdds-server-framework-1.4.0-SNAPSHOT.jar:?]
	at org.apache.hadoop.ozone.protocolPB.OzoneManagerProtocolServerSideTranslatorPB.submitRequest(OzoneManagerProtocolServerSideTranslatorPB.java:147) [ozone-manager-1.4.0-SNAPSHOT.jar:?]
	at org.apache.hadoop.ozone.protocol.proto.OzoneManagerProtocolProtos$OzoneManagerService$2.callBlockingMethod(OzoneManagerProtocolProtos.java) [ozone-interface-client-1.4.0-SNAPSHOT.jar:?]
	at org.apache.hadoop.ipc.ProtobufRpcEngine$Server.processCall(ProtobufRpcEngine.java:484) [hadoop-common-3.3.5.jar:?]
	at org.apache.hadoop.ipc.ProtobufRpcEngine2$Server$ProtoBufRpcInvoker.call(ProtobufRpcEngine2.java:595) [hadoop-common-3.3.5.jar:?]
	at org.apache.hadoop.ipc.ProtobufRpcEngine2$Server$ProtoBufRpcInvoker.call(ProtobufRpcEngine2.java:573) [hadoop-common-3.3.5.jar:?]
	at org.apache.hadoop.ipc.RPC$Server.call(RPC.java:1213) [hadoop-common-3.3.5.jar:?]
	at org.apache.hadoop.ipc.Server$RpcCall.run(Server.java:1089) [hadoop-common-3.3.5.jar:?]
	at org.apache.hadoop.ipc.Server$RpcCall.run(Server.java:1012) [hadoop-common-3.3.5.jar:?]
	at java.security.AccessController.doPrivileged(Native Method) ~[?:1.8.0_362]
	at javax.security.auth.Subject.doAs(Subject.java:422) [?:1.8.0_362]
	at org.apache.hadoop.security.UserGroupInformation.doAs(UserGroupInformation.java:1899) [hadoop-common-3.3.5.jar:?]
	at org.apache.hadoop.ipc.Server$Handler.run(Server.java:3026) [hadoop-common-3.3.5.jar:?]
2023-04-11 17:18:59,049 [OM StateMachine ApplyTransaction Thread - 0] INFO  key.OMKeyRequest (OMKeyRequest.java:wrapUncommittedBlocksAsPseudoKey(838)) - Detect allocated but uncommitted blocks [{blockID={containerID=4, localID=111677748019200007}, length=4194304, offset=0, token=null, pipeline=null, createVersion=0, partNumber=0}] in key root_dir/file1.
17:18:59.050 [IPC Server handler 4 on default port 45623] ERROR OMAudit - user=runner | ip=127.0.0.1 | op=GET_FILE_STATUS {volume=volume95537, bucket=bucket59866, key=root_dir/file1/c, dataSize=0, replicationConfig=null} | ret=FAILURE
org.apache.hadoop.ozone.om.exceptions.OMException: Unable to get file status: volume: volume95537 bucket: bucket59866 key: root_dir/file1/c
	at org.apache.hadoop.ozone.om.KeyManagerImpl.getOzoneFileStatus(KeyManagerImpl.java:1200) ~[ozone-manager-1.4.0-SNAPSHOT.jar:?]
	at org.apache.hadoop.ozone.om.KeyManagerImpl.getFileStatus(KeyManagerImpl.java:1118) ~[ozone-manager-1.4.0-SNAPSHOT.jar:?]
	at org.apache.hadoop.ozone.om.OmMetadataReader.getFileStatus(OmMetadataReader.java:288) ~[ozone-manager-1.4.0-SNAPSHOT.jar:?]
	at org.apache.hadoop.ozone.om.OzoneManager.getFileStatus(OzoneManager.java:3491) ~[ozone-manager-1.4.0-SNAPSHOT.jar:?]
	at org.apache.hadoop.ozone.protocolPB.OzoneManagerRequestHandler.getOzoneFileStatus(OzoneManagerRequestHandler.java:934) ~[ozone-manager-1.4.0-SNAPSHOT.jar:?]
	at org.apache.hadoop.ozone.protocolPB.OzoneManagerRequestHandler.handleReadRequest(OzoneManagerRequestHandler.java:238) ~[ozone-manager-1.4.0-SNAPSHOT.jar:?]
	at org.apache.hadoop.ozone.protocolPB.OzoneManagerProtocolServerSideTranslatorPB.submitReadRequestToOM(OzoneManagerProtocolServerSideTranslatorPB.java:223) ~[ozone-manager-1.4.0-SNAPSHOT.jar:?]
	at org.apache.hadoop.ozone.protocolPB.OzoneManagerProtocolServerSideTranslatorPB.processRequest(OzoneManagerProtocolServerSideTranslatorPB.java:177) ~[ozone-manager-1.4.0-SNAPSHOT.jar:?]
	at org.apache.hadoop.hdds.server.OzoneProtocolMessageDispatcher.processRequest(OzoneProtocolMessageDispatcher.java:87) [hdds-server-framework-1.4.0-SNAPSHOT.jar:?]
	at org.apache.hadoop.ozone.protocolPB.OzoneManagerProtocolServerSideTranslatorPB.submitRequest(OzoneManagerProtocolServerSideTranslatorPB.java:147) [ozone-manager-1.4.0-SNAPSHOT.jar:?]
	at org.apache.hadoop.ozone.protocol.proto.OzoneManagerProtocolProtos$OzoneManagerService$2.callBlockingMethod(OzoneManagerProtocolProtos.java) [ozone-interface-client-1.4.0-SNAPSHOT.jar:?]
	at org.apache.hadoop.ipc.ProtobufRpcEngine$Server.processCall(ProtobufRpcEngine.java:484) [hadoop-common-3.3.5.jar:?]
	at org.apache.hadoop.ipc.ProtobufRpcEngine2$Server$ProtoBufRpcInvoker.call(ProtobufRpcEngine2.java:595) [hadoop-common-3.3.5.jar:?]
	at org.apache.hadoop.ipc.ProtobufRpcEngine2$Server$ProtoBufRpcInvoker.call(ProtobufRpcEngine2.java:573) [hadoop-common-3.3.5.jar:?]
	at org.apache.hadoop.ipc.RPC$Server.call(RPC.java:1213) [hadoop-common-3.3.5.jar:?]
	at org.apache.hadoop.ipc.Server$RpcCall.run(Server.java:1089) [hadoop-common-3.3.5.jar:?]
	at org.apache.hadoop.ipc.Server$RpcCall.run(Server.java:1012) [hadoop-common-3.3.5.jar:?]
	at java.security.AccessController.doPrivileged(Native Method) ~[?:1.8.0_362]
	at javax.security.auth.Subject.doAs(Subject.java:422) [?:1.8.0_362]
	at org.apache.hadoop.security.UserGroupInformation.doAs(UserGroupInformation.java:1899) [hadoop-common-3.3.5.jar:?]
	at org.apache.hadoop.ipc.Server$Handler.run(Server.java:3026) [hadoop-common-3.3.5.jar:?]
]]></system-out>
  </testcase>
  <testcase name="testRenameDestinationParentDoesntExist" classname="TestOzoneFileSystem" time="0.012">
    <system-out><![CDATA[17:19:59.123 [IPC Server handler 4 on default port 37689] ERROR OMAudit - user=runner | ip=127.0.0.1 | op=GET_FILE_STATUS {volume=volume96095, bucket=bucket29928, key=root_dir/b/c, dataSize=0, replicationConfig=null} | ret=FAILURE
org.apache.hadoop.ozone.om.exceptions.OMException: Unable to get file status: volume: volume96095 bucket: bucket29928 key: root_dir/b/c
	at org.apache.hadoop.ozone.om.KeyManagerImpl.getOzoneFileStatus(KeyManagerImpl.java:1200) ~[ozone-manager-1.4.0-SNAPSHOT.jar:?]
	at org.apache.hadoop.ozone.om.KeyManagerImpl.getFileStatus(KeyManagerImpl.java:1118) ~[ozone-manager-1.4.0-SNAPSHOT.jar:?]
	at org.apache.hadoop.ozone.om.OmMetadataReader.getFileStatus(OmMetadataReader.java:288) ~[ozone-manager-1.4.0-SNAPSHOT.jar:?]
	at org.apache.hadoop.ozone.om.OzoneManager.getFileStatus(OzoneManager.java:3491) ~[ozone-manager-1.4.0-SNAPSHOT.jar:?]
	at org.apache.hadoop.ozone.protocolPB.OzoneManagerRequestHandler.getOzoneFileStatus(OzoneManagerRequestHandler.java:934) ~[ozone-manager-1.4.0-SNAPSHOT.jar:?]
	at org.apache.hadoop.ozone.protocolPB.OzoneManagerRequestHandler.handleReadRequest(OzoneManagerRequestHandler.java:238) ~[ozone-manager-1.4.0-SNAPSHOT.jar:?]
	at org.apache.hadoop.ozone.protocolPB.OzoneManagerProtocolServerSideTranslatorPB.submitRequestDirectlyToOM(OzoneManagerProtocolServerSideTranslatorPB.java:272) ~[ozone-manager-1.4.0-SNAPSHOT.jar:?]
	at org.apache.hadoop.ozone.protocolPB.OzoneManagerProtocolServerSideTranslatorPB.processRequest(OzoneManagerProtocolServerSideTranslatorPB.java:173) ~[ozone-manager-1.4.0-SNAPSHOT.jar:?]
	at org.apache.hadoop.hdds.server.OzoneProtocolMessageDispatcher.processRequest(OzoneProtocolMessageDispatcher.java:87) [hdds-server-framework-1.4.0-SNAPSHOT.jar:?]
	at org.apache.hadoop.ozone.protocolPB.OzoneManagerProtocolServerSideTranslatorPB.submitRequest(OzoneManagerProtocolServerSideTranslatorPB.java:147) [ozone-manager-1.4.0-SNAPSHOT.jar:?]
	at org.apache.hadoop.ozone.protocol.proto.OzoneManagerProtocolProtos$OzoneManagerService$2.callBlockingMethod(OzoneManagerProtocolProtos.java) [ozone-interface-client-1.4.0-SNAPSHOT.jar:?]
	at org.apache.hadoop.ipc.ProtobufRpcEngine$Server.processCall(ProtobufRpcEngine.java:484) [hadoop-common-3.3.5.jar:?]
	at org.apache.hadoop.ipc.ProtobufRpcEngine2$Server$ProtoBufRpcInvoker.call(ProtobufRpcEngine2.java:595) [hadoop-common-3.3.5.jar:?]
	at org.apache.hadoop.ipc.ProtobufRpcEngine2$Server$ProtoBufRpcInvoker.call(ProtobufRpcEngine2.java:573) [hadoop-common-3.3.5.jar:?]
	at org.apache.hadoop.ipc.RPC$Server.call(RPC.java:1213) [hadoop-common-3.3.5.jar:?]
	at org.apache.hadoop.ipc.Server$RpcCall.run(Server.java:1089) [hadoop-common-3.3.5.jar:?]
	at org.apache.hadoop.ipc.Server$RpcCall.run(Server.java:1012) [hadoop-common-3.3.5.jar:?]
	at java.security.AccessController.doPrivileged(Native Method) ~[?:1.8.0_362]
	at javax.security.auth.Subject.doAs(Subject.java:422) [?:1.8.0_362]
	at org.apache.hadoop.security.UserGroupInformation.doAs(UserGroupInformation.java:1899) [hadoop-common-3.3.5.jar:?]
	at org.apache.hadoop.ipc.Server$Handler.run(Server.java:3026) [hadoop-common-3.3.5.jar:?]
17:19:59.124 [IPC Server handler 0 on default port 37689] ERROR OMAudit - user=runner | ip=127.0.0.1 | op=GET_FILE_STATUS {volume=volume96095, bucket=bucket29928, key=root_dir/b, dataSize=0, replicationConfig=null} | ret=FAILURE
org.apache.hadoop.ozone.om.exceptions.OMException: Unable to get file status: volume: volume96095 bucket: bucket29928 key: root_dir/b
	at org.apache.hadoop.ozone.om.KeyManagerImpl.getOzoneFileStatus(KeyManagerImpl.java:1200) ~[ozone-manager-1.4.0-SNAPSHOT.jar:?]
	at org.apache.hadoop.ozone.om.KeyManagerImpl.getFileStatus(KeyManagerImpl.java:1118) ~[ozone-manager-1.4.0-SNAPSHOT.jar:?]
	at org.apache.hadoop.ozone.om.OmMetadataReader.getFileStatus(OmMetadataReader.java:288) ~[ozone-manager-1.4.0-SNAPSHOT.jar:?]
	at org.apache.hadoop.ozone.om.OzoneManager.getFileStatus(OzoneManager.java:3491) ~[ozone-manager-1.4.0-SNAPSHOT.jar:?]
	at org.apache.hadoop.ozone.protocolPB.OzoneManagerRequestHandler.getOzoneFileStatus(OzoneManagerRequestHandler.java:934) ~[ozone-manager-1.4.0-SNAPSHOT.jar:?]
	at org.apache.hadoop.ozone.protocolPB.OzoneManagerRequestHandler.handleReadRequest(OzoneManagerRequestHandler.java:238) ~[ozone-manager-1.4.0-SNAPSHOT.jar:?]
	at org.apache.hadoop.ozone.protocolPB.OzoneManagerProtocolServerSideTranslatorPB.submitRequestDirectlyToOM(OzoneManagerProtocolServerSideTranslatorPB.java:272) ~[ozone-manager-1.4.0-SNAPSHOT.jar:?]
	at org.apache.hadoop.ozone.protocolPB.OzoneManagerProtocolServerSideTranslatorPB.processRequest(OzoneManagerProtocolServerSideTranslatorPB.java:173) ~[ozone-manager-1.4.0-SNAPSHOT.jar:?]
	at org.apache.hadoop.hdds.server.OzoneProtocolMessageDispatcher.processRequest(OzoneProtocolMessageDispatcher.java:87) [hdds-server-framework-1.4.0-SNAPSHOT.jar:?]
	at org.apache.hadoop.ozone.protocolPB.OzoneManagerProtocolServerSideTranslatorPB.submitRequest(OzoneManagerProtocolServerSideTranslatorPB.java:147) [ozone-manager-1.4.0-SNAPSHOT.jar:?]
	at org.apache.hadoop.ozone.protocol.proto.OzoneManagerProtocolProtos$OzoneManagerService$2.callBlockingMethod(OzoneManagerProtocolProtos.java) [ozone-interface-client-1.4.0-SNAPSHOT.jar:?]
	at org.apache.hadoop.ipc.ProtobufRpcEngine$Server.processCall(ProtobufRpcEngine.java:484) [hadoop-common-3.3.5.jar:?]
	at org.apache.hadoop.ipc.ProtobufRpcEngine2$Server$ProtoBufRpcInvoker.call(ProtobufRpcEngine2.java:595) [hadoop-common-3.3.5.jar:?]
	at org.apache.hadoop.ipc.ProtobufRpcEngine2$Server$ProtoBufRpcInvoker.call(ProtobufRpcEngine2.java:573) [hadoop-common-3.3.5.jar:?]
	at org.apache.hadoop.ipc.RPC$Server.call(RPC.java:1213) [hadoop-common-3.3.5.jar:?]
	at org.apache.hadoop.ipc.Server$RpcCall.run(Server.java:1089) [hadoop-common-3.3.5.jar:?]
	at org.apache.hadoop.ipc.Server$RpcCall.run(Server.java:1012) [hadoop-common-3.3.5.jar:?]
	at java.security.AccessController.doPrivileged(Native Method) ~[?:1.8.0_362]
	at javax.security.auth.Subject.doAs(Subject.java:422) [?:1.8.0_362]
	at org.apache.hadoop.security.UserGroupInformation.doAs(UserGroupInformation.java:1899) [hadoop-common-3.3.5.jar:?]
	at org.apache.hadoop.ipc.Server$Handler.run(Server.java:3026) [hadoop-common-3.3.5.jar:?]
2023-04-11 17:19:59,128 [IPC Server handler 14 on default port 37689] INFO  key.OMKeyRequest (OMKeyRequest.java:wrapUncommittedBlocksAsPseudoKey(838)) - Detect allocated but uncommitted blocks [{blockID={containerID=4, localID=111677748019200007}, length=4194304, offset=0, token=null, pipeline=null, createVersion=0, partNumber=0}] in key root_dir/file1.
17:19:59.129 [IPC Server handler 16 on default port 37689] ERROR OMAudit - user=runner | ip=127.0.0.1 | op=GET_FILE_STATUS {volume=volume96095, bucket=bucket29928, key=root_dir/file1/c, dataSize=0, replicationConfig=null} | ret=FAILURE
org.apache.hadoop.ozone.om.exceptions.OMException: Unable to get file status: volume: volume96095 bucket: bucket29928 key: root_dir/file1/c
	at org.apache.hadoop.ozone.om.KeyManagerImpl.getOzoneFileStatus(KeyManagerImpl.java:1200) ~[ozone-manager-1.4.0-SNAPSHOT.jar:?]
	at org.apache.hadoop.ozone.om.KeyManagerImpl.getFileStatus(KeyManagerImpl.java:1118) ~[ozone-manager-1.4.0-SNAPSHOT.jar:?]
	at org.apache.hadoop.ozone.om.OmMetadataReader.getFileStatus(OmMetadataReader.java:288) ~[ozone-manager-1.4.0-SNAPSHOT.jar:?]
	at org.apache.hadoop.ozone.om.OzoneManager.getFileStatus(OzoneManager.java:3491) ~[ozone-manager-1.4.0-SNAPSHOT.jar:?]
	at org.apache.hadoop.ozone.protocolPB.OzoneManagerRequestHandler.getOzoneFileStatus(OzoneManagerRequestHandler.java:934) ~[ozone-manager-1.4.0-SNAPSHOT.jar:?]
	at org.apache.hadoop.ozone.protocolPB.OzoneManagerRequestHandler.handleReadRequest(OzoneManagerRequestHandler.java:238) ~[ozone-manager-1.4.0-SNAPSHOT.jar:?]
	at org.apache.hadoop.ozone.protocolPB.OzoneManagerProtocolServerSideTranslatorPB.submitRequestDirectlyToOM(OzoneManagerProtocolServerSideTranslatorPB.java:272) ~[ozone-manager-1.4.0-SNAPSHOT.jar:?]
	at org.apache.hadoop.ozone.protocolPB.OzoneManagerProtocolServerSideTranslatorPB.processRequest(OzoneManagerProtocolServerSideTranslatorPB.java:173) ~[ozone-manager-1.4.0-SNAPSHOT.jar:?]
	at org.apache.hadoop.hdds.server.OzoneProtocolMessageDispatcher.processRequest(OzoneProtocolMessageDispatcher.java:87) [hdds-server-framework-1.4.0-SNAPSHOT.jar:?]
	at org.apache.hadoop.ozone.protocolPB.OzoneManagerProtocolServerSideTranslatorPB.submitRequest(OzoneManagerProtocolServerSideTranslatorPB.java:147) [ozone-manager-1.4.0-SNAPSHOT.jar:?]
	at org.apache.hadoop.ozone.protocol.proto.OzoneManagerProtocolProtos$OzoneManagerService$2.callBlockingMethod(OzoneManagerProtocolProtos.java) [ozone-interface-client-1.4.0-SNAPSHOT.jar:?]
	at org.apache.hadoop.ipc.ProtobufRpcEngine$Server.processCall(ProtobufRpcEngine.java:484) [hadoop-common-3.3.5.jar:?]
	at org.apache.hadoop.ipc.ProtobufRpcEngine2$Server$ProtoBufRpcInvoker.call(ProtobufRpcEngine2.java:595) [hadoop-common-3.3.5.jar:?]
	at org.apache.hadoop.ipc.ProtobufRpcEngine2$Server$ProtoBufRpcInvoker.call(ProtobufRpcEngine2.java:573) [hadoop-common-3.3.5.jar:?]
	at org.apache.hadoop.ipc.RPC$Server.call(RPC.java:1213) [hadoop-common-3.3.5.jar:?]
	at org.apache.hadoop.ipc.Server$RpcCall.run(Server.java:1089) [hadoop-common-3.3.5.jar:?]
	at org.apache.hadoop.ipc.Server$RpcCall.run(Server.java:1012) [hadoop-common-3.3.5.jar:?]
	at java.security.AccessController.doPrivileged(Native Method) ~[?:1.8.0_362]
	at javax.security.auth.Subject.doAs(Subject.java:422) [?:1.8.0_362]
	at org.apache.hadoop.security.UserGroupInformation.doAs(UserGroupInformation.java:1899) [hadoop-common-3.3.5.jar:?]
	at org.apache.hadoop.ipc.Server$Handler.run(Server.java:3026) [hadoop-common-3.3.5.jar:?]
]]></system-out>
  </testcase>
  <testcase name="testCreateWithInvalidPaths" classname="TestOzoneFileSystem" time="0.004"/>
  <testcase name="testCreateWithInvalidPaths" classname="TestOzoneFileSystem" time="0.002"/>
  <testcase name="testCreateWithInvalidPaths" classname="TestOzoneFileSystem" time="0.002"/>
  <testcase name="testCreateWithInvalidPaths" classname="TestOzoneFileSystem" time="0.001"/>
  <testcase name="testListStatusOnRoot" classname="TestOzoneFileSystem" time="0.04"/>
  <testcase name="testListStatusOnRoot" classname="TestOzoneFileSystem" time="0.021"/>
  <testcase name="testListStatusOnRoot" classname="TestOzoneFileSystem" time="0.012"/>
  <testcase name="testListStatusOnRoot" classname="TestOzoneFileSystem" time="0.006"/>
  <testcase name="testRenameWithNonExistentSource" classname="TestOzoneFileSystem" time="0.024">
    <system-out><![CDATA[2023-04-11 17:16:54,744 [Time-limited test] INFO  ozone.TestOzoneFileSystem (TestOzoneFileSystem.java:testRenameWithNonExistentSource(1154)) - Created destin dir: o3fs://bucket67420.volume52567/root/dir2
2023-04-11 17:16:54,744 [Time-limited test] INFO  ozone.TestOzoneFileSystem (TestOzoneFileSystem.java:testRenameWithNonExistentSource(1156)) - Rename op-> source:o3fs://bucket67420.volume52567/root/dir1 to destin:o3fs://bucket67420.volume52567/root/dir2}
17:16:54.745 [IPC Server handler 11 on default port 41353] ERROR OMAudit - user=runner | ip=127.0.0.1 | op=GET_FILE_STATUS {volume=volume52567, bucket=bucket67420, key=root/dir1, dataSize=0, replicationConfig=null} | ret=FAILURE
org.apache.hadoop.ozone.om.exceptions.OMException: Unable to get file status: volume: volume52567 bucket: bucket67420 key: root/dir1
	at org.apache.hadoop.ozone.om.KeyManagerImpl.getOzoneFileStatus(KeyManagerImpl.java:1200) ~[ozone-manager-1.4.0-SNAPSHOT.jar:?]
	at org.apache.hadoop.ozone.om.KeyManagerImpl.getFileStatus(KeyManagerImpl.java:1118) ~[ozone-manager-1.4.0-SNAPSHOT.jar:?]
	at org.apache.hadoop.ozone.om.OmMetadataReader.getFileStatus(OmMetadataReader.java:288) ~[ozone-manager-1.4.0-SNAPSHOT.jar:?]
	at org.apache.hadoop.ozone.om.OzoneManager.getFileStatus(OzoneManager.java:3491) ~[ozone-manager-1.4.0-SNAPSHOT.jar:?]
	at org.apache.hadoop.ozone.protocolPB.OzoneManagerRequestHandler.getOzoneFileStatus(OzoneManagerRequestHandler.java:934) ~[ozone-manager-1.4.0-SNAPSHOT.jar:?]
	at org.apache.hadoop.ozone.protocolPB.OzoneManagerRequestHandler.handleReadRequest(OzoneManagerRequestHandler.java:238) ~[ozone-manager-1.4.0-SNAPSHOT.jar:?]
	at org.apache.hadoop.ozone.protocolPB.OzoneManagerProtocolServerSideTranslatorPB.submitReadRequestToOM(OzoneManagerProtocolServerSideTranslatorPB.java:223) ~[ozone-manager-1.4.0-SNAPSHOT.jar:?]
	at org.apache.hadoop.ozone.protocolPB.OzoneManagerProtocolServerSideTranslatorPB.processRequest(OzoneManagerProtocolServerSideTranslatorPB.java:177) ~[ozone-manager-1.4.0-SNAPSHOT.jar:?]
	at org.apache.hadoop.hdds.server.OzoneProtocolMessageDispatcher.processRequest(OzoneProtocolMessageDispatcher.java:87) [hdds-server-framework-1.4.0-SNAPSHOT.jar:?]
	at org.apache.hadoop.ozone.protocolPB.OzoneManagerProtocolServerSideTranslatorPB.submitRequest(OzoneManagerProtocolServerSideTranslatorPB.java:147) [ozone-manager-1.4.0-SNAPSHOT.jar:?]
	at org.apache.hadoop.ozone.protocol.proto.OzoneManagerProtocolProtos$OzoneManagerService$2.callBlockingMethod(OzoneManagerProtocolProtos.java) [ozone-interface-client-1.4.0-SNAPSHOT.jar:?]
	at org.apache.hadoop.ipc.ProtobufRpcEngine$Server.processCall(ProtobufRpcEngine.java:484) [hadoop-common-3.3.5.jar:?]
	at org.apache.hadoop.ipc.ProtobufRpcEngine2$Server$ProtoBufRpcInvoker.call(ProtobufRpcEngine2.java:595) [hadoop-common-3.3.5.jar:?]
	at org.apache.hadoop.ipc.ProtobufRpcEngine2$Server$ProtoBufRpcInvoker.call(ProtobufRpcEngine2.java:573) [hadoop-common-3.3.5.jar:?]
	at org.apache.hadoop.ipc.RPC$Server.call(RPC.java:1213) [hadoop-common-3.3.5.jar:?]
	at org.apache.hadoop.ipc.Server$RpcCall.run(Server.java:1089) [hadoop-common-3.3.5.jar:?]
	at org.apache.hadoop.ipc.Server$RpcCall.run(Server.java:1012) [hadoop-common-3.3.5.jar:?]
	at java.security.AccessController.doPrivileged(Native Method) ~[?:1.8.0_362]
	at javax.security.auth.Subject.doAs(Subject.java:422) [?:1.8.0_362]
	at org.apache.hadoop.security.UserGroupInformation.doAs(UserGroupInformation.java:1899) [hadoop-common-3.3.5.jar:?]
	at org.apache.hadoop.ipc.Server$Handler.run(Server.java:3026) [hadoop-common-3.3.5.jar:?]
]]></system-out>
  </testcase>
  <testcase name="testRenameWithNonExistentSource" classname="TestOzoneFileSystem" time="0.007">
    <system-out><![CDATA[2023-04-11 17:18:08,045 [Time-limited test] INFO  ozone.TestOzoneFileSystem (TestOzoneFileSystem.java:testRenameWithNonExistentSource(1154)) - Created destin dir: o3fs://bucket92903.volume96178/root/dir2
2023-04-11 17:18:08,045 [Time-limited test] INFO  ozone.TestOzoneFileSystem (TestOzoneFileSystem.java:testRenameWithNonExistentSource(1156)) - Rename op-> source:o3fs://bucket92903.volume96178/root/dir1 to destin:o3fs://bucket92903.volume96178/root/dir2}
17:18:08.046 [IPC Server handler 11 on default port 38777] ERROR OMAudit - user=runner | ip=127.0.0.1 | op=GET_FILE_STATUS {volume=volume96178, bucket=bucket92903, key=root/dir1, dataSize=0, replicationConfig=null} | ret=FAILURE
org.apache.hadoop.ozone.om.exceptions.OMException: Unable to get file status: volume: volume96178 bucket: bucket92903 key: root/dir1
	at org.apache.hadoop.ozone.om.KeyManagerImpl.getOzoneFileStatus(KeyManagerImpl.java:1200) ~[ozone-manager-1.4.0-SNAPSHOT.jar:?]
	at org.apache.hadoop.ozone.om.KeyManagerImpl.getFileStatus(KeyManagerImpl.java:1118) ~[ozone-manager-1.4.0-SNAPSHOT.jar:?]
	at org.apache.hadoop.ozone.om.OmMetadataReader.getFileStatus(OmMetadataReader.java:288) ~[ozone-manager-1.4.0-SNAPSHOT.jar:?]
	at org.apache.hadoop.ozone.om.OzoneManager.getFileStatus(OzoneManager.java:3491) ~[ozone-manager-1.4.0-SNAPSHOT.jar:?]
	at org.apache.hadoop.ozone.protocolPB.OzoneManagerRequestHandler.getOzoneFileStatus(OzoneManagerRequestHandler.java:934) ~[ozone-manager-1.4.0-SNAPSHOT.jar:?]
	at org.apache.hadoop.ozone.protocolPB.OzoneManagerRequestHandler.handleReadRequest(OzoneManagerRequestHandler.java:238) ~[ozone-manager-1.4.0-SNAPSHOT.jar:?]
	at org.apache.hadoop.ozone.protocolPB.OzoneManagerProtocolServerSideTranslatorPB.submitRequestDirectlyToOM(OzoneManagerProtocolServerSideTranslatorPB.java:272) ~[ozone-manager-1.4.0-SNAPSHOT.jar:?]
	at org.apache.hadoop.ozone.protocolPB.OzoneManagerProtocolServerSideTranslatorPB.processRequest(OzoneManagerProtocolServerSideTranslatorPB.java:173) ~[ozone-manager-1.4.0-SNAPSHOT.jar:?]
	at org.apache.hadoop.hdds.server.OzoneProtocolMessageDispatcher.processRequest(OzoneProtocolMessageDispatcher.java:87) [hdds-server-framework-1.4.0-SNAPSHOT.jar:?]
	at org.apache.hadoop.ozone.protocolPB.OzoneManagerProtocolServerSideTranslatorPB.submitRequest(OzoneManagerProtocolServerSideTranslatorPB.java:147) [ozone-manager-1.4.0-SNAPSHOT.jar:?]
	at org.apache.hadoop.ozone.protocol.proto.OzoneManagerProtocolProtos$OzoneManagerService$2.callBlockingMethod(OzoneManagerProtocolProtos.java) [ozone-interface-client-1.4.0-SNAPSHOT.jar:?]
	at org.apache.hadoop.ipc.ProtobufRpcEngine$Server.processCall(ProtobufRpcEngine.java:484) [hadoop-common-3.3.5.jar:?]
	at org.apache.hadoop.ipc.ProtobufRpcEngine2$Server$ProtoBufRpcInvoker.call(ProtobufRpcEngine2.java:595) [hadoop-common-3.3.5.jar:?]
	at org.apache.hadoop.ipc.ProtobufRpcEngine2$Server$ProtoBufRpcInvoker.call(ProtobufRpcEngine2.java:573) [hadoop-common-3.3.5.jar:?]
	at org.apache.hadoop.ipc.RPC$Server.call(RPC.java:1213) [hadoop-common-3.3.5.jar:?]
	at org.apache.hadoop.ipc.Server$RpcCall.run(Server.java:1089) [hadoop-common-3.3.5.jar:?]
	at org.apache.hadoop.ipc.Server$RpcCall.run(Server.java:1012) [hadoop-common-3.3.5.jar:?]
	at java.security.AccessController.doPrivileged(Native Method) ~[?:1.8.0_362]
	at javax.security.auth.Subject.doAs(Subject.java:422) [?:1.8.0_362]
	at org.apache.hadoop.security.UserGroupInformation.doAs(UserGroupInformation.java:1899) [hadoop-common-3.3.5.jar:?]
	at org.apache.hadoop.ipc.Server$Handler.run(Server.java:3026) [hadoop-common-3.3.5.jar:?]
]]></system-out>
  </testcase>
  <testcase name="testRenameWithNonExistentSource" classname="TestOzoneFileSystem" time="0.006">
    <system-out><![CDATA[2023-04-11 17:18:59,070 [Time-limited test] INFO  ozone.TestOzoneFileSystem (TestOzoneFileSystem.java:testRenameWithNonExistentSource(1154)) - Created destin dir: o3fs://bucket59866.volume95537/root/dir2
2023-04-11 17:18:59,070 [Time-limited test] INFO  ozone.TestOzoneFileSystem (TestOzoneFileSystem.java:testRenameWithNonExistentSource(1156)) - Rename op-> source:o3fs://bucket59866.volume95537/root/dir1 to destin:o3fs://bucket59866.volume95537/root/dir2}
17:18:59.070 [IPC Server handler 17 on default port 45623] ERROR OMAudit - user=runner | ip=127.0.0.1 | op=GET_FILE_STATUS {volume=volume95537, bucket=bucket59866, key=root/dir1, dataSize=0, replicationConfig=null} | ret=FAILURE
org.apache.hadoop.ozone.om.exceptions.OMException: Unable to get file status: volume: volume95537 bucket: bucket59866 key: root/dir1
	at org.apache.hadoop.ozone.om.KeyManagerImpl.getOzoneFileStatus(KeyManagerImpl.java:1200) ~[ozone-manager-1.4.0-SNAPSHOT.jar:?]
	at org.apache.hadoop.ozone.om.KeyManagerImpl.getFileStatus(KeyManagerImpl.java:1118) ~[ozone-manager-1.4.0-SNAPSHOT.jar:?]
	at org.apache.hadoop.ozone.om.OmMetadataReader.getFileStatus(OmMetadataReader.java:288) ~[ozone-manager-1.4.0-SNAPSHOT.jar:?]
	at org.apache.hadoop.ozone.om.OzoneManager.getFileStatus(OzoneManager.java:3491) ~[ozone-manager-1.4.0-SNAPSHOT.jar:?]
	at org.apache.hadoop.ozone.protocolPB.OzoneManagerRequestHandler.getOzoneFileStatus(OzoneManagerRequestHandler.java:934) ~[ozone-manager-1.4.0-SNAPSHOT.jar:?]
	at org.apache.hadoop.ozone.protocolPB.OzoneManagerRequestHandler.handleReadRequest(OzoneManagerRequestHandler.java:238) ~[ozone-manager-1.4.0-SNAPSHOT.jar:?]
	at org.apache.hadoop.ozone.protocolPB.OzoneManagerProtocolServerSideTranslatorPB.submitReadRequestToOM(OzoneManagerProtocolServerSideTranslatorPB.java:223) ~[ozone-manager-1.4.0-SNAPSHOT.jar:?]
	at org.apache.hadoop.ozone.protocolPB.OzoneManagerProtocolServerSideTranslatorPB.processRequest(OzoneManagerProtocolServerSideTranslatorPB.java:177) ~[ozone-manager-1.4.0-SNAPSHOT.jar:?]
	at org.apache.hadoop.hdds.server.OzoneProtocolMessageDispatcher.processRequest(OzoneProtocolMessageDispatcher.java:87) [hdds-server-framework-1.4.0-SNAPSHOT.jar:?]
	at org.apache.hadoop.ozone.protocolPB.OzoneManagerProtocolServerSideTranslatorPB.submitRequest(OzoneManagerProtocolServerSideTranslatorPB.java:147) [ozone-manager-1.4.0-SNAPSHOT.jar:?]
	at org.apache.hadoop.ozone.protocol.proto.OzoneManagerProtocolProtos$OzoneManagerService$2.callBlockingMethod(OzoneManagerProtocolProtos.java) [ozone-interface-client-1.4.0-SNAPSHOT.jar:?]
	at org.apache.hadoop.ipc.ProtobufRpcEngine$Server.processCall(ProtobufRpcEngine.java:484) [hadoop-common-3.3.5.jar:?]
	at org.apache.hadoop.ipc.ProtobufRpcEngine2$Server$ProtoBufRpcInvoker.call(ProtobufRpcEngine2.java:595) [hadoop-common-3.3.5.jar:?]
	at org.apache.hadoop.ipc.ProtobufRpcEngine2$Server$ProtoBufRpcInvoker.call(ProtobufRpcEngine2.java:573) [hadoop-common-3.3.5.jar:?]
	at org.apache.hadoop.ipc.RPC$Server.call(RPC.java:1213) [hadoop-common-3.3.5.jar:?]
	at org.apache.hadoop.ipc.Server$RpcCall.run(Server.java:1089) [hadoop-common-3.3.5.jar:?]
	at org.apache.hadoop.ipc.Server$RpcCall.run(Server.java:1012) [hadoop-common-3.3.5.jar:?]
	at java.security.AccessController.doPrivileged(Native Method) ~[?:1.8.0_362]
	at javax.security.auth.Subject.doAs(Subject.java:422) [?:1.8.0_362]
	at org.apache.hadoop.security.UserGroupInformation.doAs(UserGroupInformation.java:1899) [hadoop-common-3.3.5.jar:?]
	at org.apache.hadoop.ipc.Server$Handler.run(Server.java:3026) [hadoop-common-3.3.5.jar:?]
]]></system-out>
  </testcase>
  <testcase name="testRenameWithNonExistentSource" classname="TestOzoneFileSystem" time="0.005">
    <system-out><![CDATA[2023-04-11 17:19:59,142 [Time-limited test] INFO  ozone.TestOzoneFileSystem (TestOzoneFileSystem.java:testRenameWithNonExistentSource(1154)) - Created destin dir: o3fs://bucket29928.volume96095/root/dir2
2023-04-11 17:19:59,142 [Time-limited test] INFO  ozone.TestOzoneFileSystem (TestOzoneFileSystem.java:testRenameWithNonExistentSource(1156)) - Rename op-> source:o3fs://bucket29928.volume96095/root/dir1 to destin:o3fs://bucket29928.volume96095/root/dir2}
17:19:59.142 [IPC Server handler 9 on default port 37689] ERROR OMAudit - user=runner | ip=127.0.0.1 | op=GET_FILE_STATUS {volume=volume96095, bucket=bucket29928, key=root/dir1, dataSize=0, replicationConfig=null} | ret=FAILURE
org.apache.hadoop.ozone.om.exceptions.OMException: Unable to get file status: volume: volume96095 bucket: bucket29928 key: root/dir1
	at org.apache.hadoop.ozone.om.KeyManagerImpl.getOzoneFileStatus(KeyManagerImpl.java:1200) ~[ozone-manager-1.4.0-SNAPSHOT.jar:?]
	at org.apache.hadoop.ozone.om.KeyManagerImpl.getFileStatus(KeyManagerImpl.java:1118) ~[ozone-manager-1.4.0-SNAPSHOT.jar:?]
	at org.apache.hadoop.ozone.om.OmMetadataReader.getFileStatus(OmMetadataReader.java:288) ~[ozone-manager-1.4.0-SNAPSHOT.jar:?]
	at org.apache.hadoop.ozone.om.OzoneManager.getFileStatus(OzoneManager.java:3491) ~[ozone-manager-1.4.0-SNAPSHOT.jar:?]
	at org.apache.hadoop.ozone.protocolPB.OzoneManagerRequestHandler.getOzoneFileStatus(OzoneManagerRequestHandler.java:934) ~[ozone-manager-1.4.0-SNAPSHOT.jar:?]
	at org.apache.hadoop.ozone.protocolPB.OzoneManagerRequestHandler.handleReadRequest(OzoneManagerRequestHandler.java:238) ~[ozone-manager-1.4.0-SNAPSHOT.jar:?]
	at org.apache.hadoop.ozone.protocolPB.OzoneManagerProtocolServerSideTranslatorPB.submitRequestDirectlyToOM(OzoneManagerProtocolServerSideTranslatorPB.java:272) ~[ozone-manager-1.4.0-SNAPSHOT.jar:?]
	at org.apache.hadoop.ozone.protocolPB.OzoneManagerProtocolServerSideTranslatorPB.processRequest(OzoneManagerProtocolServerSideTranslatorPB.java:173) ~[ozone-manager-1.4.0-SNAPSHOT.jar:?]
	at org.apache.hadoop.hdds.server.OzoneProtocolMessageDispatcher.processRequest(OzoneProtocolMessageDispatcher.java:87) [hdds-server-framework-1.4.0-SNAPSHOT.jar:?]
	at org.apache.hadoop.ozone.protocolPB.OzoneManagerProtocolServerSideTranslatorPB.submitRequest(OzoneManagerProtocolServerSideTranslatorPB.java:147) [ozone-manager-1.4.0-SNAPSHOT.jar:?]
	at org.apache.hadoop.ozone.protocol.proto.OzoneManagerProtocolProtos$OzoneManagerService$2.callBlockingMethod(OzoneManagerProtocolProtos.java) [ozone-interface-client-1.4.0-SNAPSHOT.jar:?]
	at org.apache.hadoop.ipc.ProtobufRpcEngine$Server.processCall(ProtobufRpcEngine.java:484) [hadoop-common-3.3.5.jar:?]
	at org.apache.hadoop.ipc.ProtobufRpcEngine2$Server$ProtoBufRpcInvoker.call(ProtobufRpcEngine2.java:595) [hadoop-common-3.3.5.jar:?]
	at org.apache.hadoop.ipc.ProtobufRpcEngine2$Server$ProtoBufRpcInvoker.call(ProtobufRpcEngine2.java:573) [hadoop-common-3.3.5.jar:?]
	at org.apache.hadoop.ipc.RPC$Server.call(RPC.java:1213) [hadoop-common-3.3.5.jar:?]
	at org.apache.hadoop.ipc.Server$RpcCall.run(Server.java:1089) [hadoop-common-3.3.5.jar:?]
	at org.apache.hadoop.ipc.Server$RpcCall.run(Server.java:1012) [hadoop-common-3.3.5.jar:?]
	at java.security.AccessController.doPrivileged(Native Method) ~[?:1.8.0_362]
	at javax.security.auth.Subject.doAs(Subject.java:422) [?:1.8.0_362]
	at org.apache.hadoop.security.UserGroupInformation.doAs(UserGroupInformation.java:1899) [hadoop-common-3.3.5.jar:?]
	at org.apache.hadoop.ipc.Server$Handler.run(Server.java:3026) [hadoop-common-3.3.5.jar:?]
]]></system-out>
  </testcase>
  <testcase name="testRenameToParentDir" classname="TestOzoneFileSystem" time="0.075">
    <system-out><![CDATA[2023-04-11 17:16:54,784 [OM StateMachine ApplyTransaction Thread - 0] INFO  key.OMKeyRequest (OMKeyRequest.java:wrapUncommittedBlocksAsPseudoKey(838)) - Detect allocated but uncommitted blocks [{blockID={containerID=4, localID=111677748019200008}, length=4194304, offset=0, token=null, pipeline=null, createVersion=0, partNumber=0}] in key root_dir/dir1/file2.
17:16:54.790 [IPC Server handler 16 on default port 41353] ERROR OMAudit - user=runner | ip=127.0.0.1 | op=LIST_STATUS {volume=volume52567, bucket=bucket67420, key=root_dir/dir2, dataSize=0, replicationConfig=null} | ret=FAILURE
org.apache.hadoop.ozone.om.exceptions.OMException: Unable to get file status: volume: volume52567 bucket: bucket67420 key: root_dir/dir2
	at org.apache.hadoop.ozone.om.KeyManagerImpl.getOzoneFileStatus(KeyManagerImpl.java:1200) ~[ozone-manager-1.4.0-SNAPSHOT.jar:?]
	at org.apache.hadoop.ozone.om.KeyManagerImpl.getFileStatus(KeyManagerImpl.java:1118) ~[ozone-manager-1.4.0-SNAPSHOT.jar:?]
	at org.apache.hadoop.ozone.om.KeyManagerImpl.listStatus(KeyManagerImpl.java:1508) ~[ozone-manager-1.4.0-SNAPSHOT.jar:?]
	at org.apache.hadoop.ozone.om.OmMetadataReader.listStatus(OmMetadataReader.java:261) ~[ozone-manager-1.4.0-SNAPSHOT.jar:?]
	at org.apache.hadoop.ozone.om.OzoneManager.listStatus(OzoneManager.java:3510) ~[ozone-manager-1.4.0-SNAPSHOT.jar:?]
	at org.apache.hadoop.ozone.protocolPB.OzoneManagerRequestHandler.listStatus(OzoneManagerRequestHandler.java:1098) ~[ozone-manager-1.4.0-SNAPSHOT.jar:?]
	at org.apache.hadoop.ozone.protocolPB.OzoneManagerRequestHandler.handleReadRequest(OzoneManagerRequestHandler.java:249) ~[ozone-manager-1.4.0-SNAPSHOT.jar:?]
	at org.apache.hadoop.ozone.protocolPB.OzoneManagerProtocolServerSideTranslatorPB.submitReadRequestToOM(OzoneManagerProtocolServerSideTranslatorPB.java:223) ~[ozone-manager-1.4.0-SNAPSHOT.jar:?]
	at org.apache.hadoop.ozone.protocolPB.OzoneManagerProtocolServerSideTranslatorPB.processRequest(OzoneManagerProtocolServerSideTranslatorPB.java:177) ~[ozone-manager-1.4.0-SNAPSHOT.jar:?]
	at org.apache.hadoop.hdds.server.OzoneProtocolMessageDispatcher.processRequest(OzoneProtocolMessageDispatcher.java:87) [hdds-server-framework-1.4.0-SNAPSHOT.jar:?]
	at org.apache.hadoop.ozone.protocolPB.OzoneManagerProtocolServerSideTranslatorPB.submitRequest(OzoneManagerProtocolServerSideTranslatorPB.java:147) [ozone-manager-1.4.0-SNAPSHOT.jar:?]
	at org.apache.hadoop.ozone.protocol.proto.OzoneManagerProtocolProtos$OzoneManagerService$2.callBlockingMethod(OzoneManagerProtocolProtos.java) [ozone-interface-client-1.4.0-SNAPSHOT.jar:?]
	at org.apache.hadoop.ipc.ProtobufRpcEngine$Server.processCall(ProtobufRpcEngine.java:484) [hadoop-common-3.3.5.jar:?]
	at org.apache.hadoop.ipc.ProtobufRpcEngine2$Server$ProtoBufRpcInvoker.call(ProtobufRpcEngine2.java:595) [hadoop-common-3.3.5.jar:?]
	at org.apache.hadoop.ipc.ProtobufRpcEngine2$Server$ProtoBufRpcInvoker.call(ProtobufRpcEngine2.java:573) [hadoop-common-3.3.5.jar:?]
	at org.apache.hadoop.ipc.RPC$Server.call(RPC.java:1213) [hadoop-common-3.3.5.jar:?]
	at org.apache.hadoop.ipc.Server$RpcCall.run(Server.java:1089) [hadoop-common-3.3.5.jar:?]
	at org.apache.hadoop.ipc.Server$RpcCall.run(Server.java:1012) [hadoop-common-3.3.5.jar:?]
	at java.security.AccessController.doPrivileged(Native Method) ~[?:1.8.0_362]
	at javax.security.auth.Subject.doAs(Subject.java:422) [?:1.8.0_362]
	at org.apache.hadoop.security.UserGroupInformation.doAs(UserGroupInformation.java:1899) [hadoop-common-3.3.5.jar:?]
	at org.apache.hadoop.ipc.Server$Handler.run(Server.java:3026) [hadoop-common-3.3.5.jar:?]
17:16:54.807 [IPC Server handler 10 on default port 41353] ERROR OMAudit - user=runner | ip=127.0.0.1 | op=LIST_STATUS {volume=volume52567, bucket=bucket67420, key=root_dir/file2, dataSize=0, replicationConfig=null} | ret=FAILURE
org.apache.hadoop.ozone.om.exceptions.OMException: Unable to get file status: volume: volume52567 bucket: bucket67420 key: root_dir/file2
	at org.apache.hadoop.ozone.om.KeyManagerImpl.getOzoneFileStatus(KeyManagerImpl.java:1200) ~[ozone-manager-1.4.0-SNAPSHOT.jar:?]
	at org.apache.hadoop.ozone.om.KeyManagerImpl.getFileStatus(KeyManagerImpl.java:1118) ~[ozone-manager-1.4.0-SNAPSHOT.jar:?]
	at org.apache.hadoop.ozone.om.KeyManagerImpl.listStatus(KeyManagerImpl.java:1508) ~[ozone-manager-1.4.0-SNAPSHOT.jar:?]
	at org.apache.hadoop.ozone.om.OmMetadataReader.listStatus(OmMetadataReader.java:261) ~[ozone-manager-1.4.0-SNAPSHOT.jar:?]
	at org.apache.hadoop.ozone.om.OzoneManager.listStatus(OzoneManager.java:3510) ~[ozone-manager-1.4.0-SNAPSHOT.jar:?]
	at org.apache.hadoop.ozone.protocolPB.OzoneManagerRequestHandler.listStatus(OzoneManagerRequestHandler.java:1098) ~[ozone-manager-1.4.0-SNAPSHOT.jar:?]
	at org.apache.hadoop.ozone.protocolPB.OzoneManagerRequestHandler.handleReadRequest(OzoneManagerRequestHandler.java:249) ~[ozone-manager-1.4.0-SNAPSHOT.jar:?]
	at org.apache.hadoop.ozone.protocolPB.OzoneManagerProtocolServerSideTranslatorPB.submitReadRequestToOM(OzoneManagerProtocolServerSideTranslatorPB.java:223) ~[ozone-manager-1.4.0-SNAPSHOT.jar:?]
	at org.apache.hadoop.ozone.protocolPB.OzoneManagerProtocolServerSideTranslatorPB.processRequest(OzoneManagerProtocolServerSideTranslatorPB.java:177) ~[ozone-manager-1.4.0-SNAPSHOT.jar:?]
	at org.apache.hadoop.hdds.server.OzoneProtocolMessageDispatcher.processRequest(OzoneProtocolMessageDispatcher.java:87) [hdds-server-framework-1.4.0-SNAPSHOT.jar:?]
	at org.apache.hadoop.ozone.protocolPB.OzoneManagerProtocolServerSideTranslatorPB.submitRequest(OzoneManagerProtocolServerSideTranslatorPB.java:147) [ozone-manager-1.4.0-SNAPSHOT.jar:?]
	at org.apache.hadoop.ozone.protocol.proto.OzoneManagerProtocolProtos$OzoneManagerService$2.callBlockingMethod(OzoneManagerProtocolProtos.java) [ozone-interface-client-1.4.0-SNAPSHOT.jar:?]
	at org.apache.hadoop.ipc.ProtobufRpcEngine$Server.processCall(ProtobufRpcEngine.java:484) [hadoop-common-3.3.5.jar:?]
	at org.apache.hadoop.ipc.ProtobufRpcEngine2$Server$ProtoBufRpcInvoker.call(ProtobufRpcEngine2.java:595) [hadoop-common-3.3.5.jar:?]
	at org.apache.hadoop.ipc.ProtobufRpcEngine2$Server$ProtoBufRpcInvoker.call(ProtobufRpcEngine2.java:573) [hadoop-common-3.3.5.jar:?]
	at org.apache.hadoop.ipc.RPC$Server.call(RPC.java:1213) [hadoop-common-3.3.5.jar:?]
	at org.apache.hadoop.ipc.Server$RpcCall.run(Server.java:1089) [hadoop-common-3.3.5.jar:?]
	at org.apache.hadoop.ipc.Server$RpcCall.run(Server.java:1012) [hadoop-common-3.3.5.jar:?]
	at java.security.AccessController.doPrivileged(Native Method) ~[?:1.8.0_362]
	at javax.security.auth.Subject.doAs(Subject.java:422) [?:1.8.0_362]
	at org.apache.hadoop.security.UserGroupInformation.doAs(UserGroupInformation.java:1899) [hadoop-common-3.3.5.jar:?]
	at org.apache.hadoop.ipc.Server$Handler.run(Server.java:3026) [hadoop-common-3.3.5.jar:?]
]]></system-out>
  </testcase>
  <testcase name="testRenameToParentDir" classname="TestOzoneFileSystem" time="0.024">
    <system-out><![CDATA[2023-04-11 17:18:08,057 [IPC Server handler 3 on default port 38777] INFO  key.OMKeyRequest (OMKeyRequest.java:wrapUncommittedBlocksAsPseudoKey(838)) - Detect allocated but uncommitted blocks [{blockID={containerID=4, localID=111677748019200008}, length=4194304, offset=0, token=null, pipeline=null, createVersion=0, partNumber=0}] in key root_dir/dir1/file2.
17:18:08.060 [IPC Server handler 19 on default port 38777] ERROR OMAudit - user=runner | ip=127.0.0.1 | op=LIST_STATUS {volume=volume96178, bucket=bucket92903, key=root_dir/dir2, dataSize=0, replicationConfig=null} | ret=FAILURE
org.apache.hadoop.ozone.om.exceptions.OMException: Unable to get file status: volume: volume96178 bucket: bucket92903 key: root_dir/dir2
	at org.apache.hadoop.ozone.om.KeyManagerImpl.getOzoneFileStatus(KeyManagerImpl.java:1200) ~[ozone-manager-1.4.0-SNAPSHOT.jar:?]
	at org.apache.hadoop.ozone.om.KeyManagerImpl.getFileStatus(KeyManagerImpl.java:1118) ~[ozone-manager-1.4.0-SNAPSHOT.jar:?]
	at org.apache.hadoop.ozone.om.KeyManagerImpl.listStatus(KeyManagerImpl.java:1508) ~[ozone-manager-1.4.0-SNAPSHOT.jar:?]
	at org.apache.hadoop.ozone.om.OmMetadataReader.listStatus(OmMetadataReader.java:261) ~[ozone-manager-1.4.0-SNAPSHOT.jar:?]
	at org.apache.hadoop.ozone.om.OzoneManager.listStatus(OzoneManager.java:3510) ~[ozone-manager-1.4.0-SNAPSHOT.jar:?]
	at org.apache.hadoop.ozone.protocolPB.OzoneManagerRequestHandler.listStatus(OzoneManagerRequestHandler.java:1098) ~[ozone-manager-1.4.0-SNAPSHOT.jar:?]
	at org.apache.hadoop.ozone.protocolPB.OzoneManagerRequestHandler.handleReadRequest(OzoneManagerRequestHandler.java:249) ~[ozone-manager-1.4.0-SNAPSHOT.jar:?]
	at org.apache.hadoop.ozone.protocolPB.OzoneManagerProtocolServerSideTranslatorPB.submitRequestDirectlyToOM(OzoneManagerProtocolServerSideTranslatorPB.java:272) ~[ozone-manager-1.4.0-SNAPSHOT.jar:?]
	at org.apache.hadoop.ozone.protocolPB.OzoneManagerProtocolServerSideTranslatorPB.processRequest(OzoneManagerProtocolServerSideTranslatorPB.java:173) ~[ozone-manager-1.4.0-SNAPSHOT.jar:?]
	at org.apache.hadoop.hdds.server.OzoneProtocolMessageDispatcher.processRequest(OzoneProtocolMessageDispatcher.java:87) [hdds-server-framework-1.4.0-SNAPSHOT.jar:?]
	at org.apache.hadoop.ozone.protocolPB.OzoneManagerProtocolServerSideTranslatorPB.submitRequest(OzoneManagerProtocolServerSideTranslatorPB.java:147) [ozone-manager-1.4.0-SNAPSHOT.jar:?]
	at org.apache.hadoop.ozone.protocol.proto.OzoneManagerProtocolProtos$OzoneManagerService$2.callBlockingMethod(OzoneManagerProtocolProtos.java) [ozone-interface-client-1.4.0-SNAPSHOT.jar:?]
	at org.apache.hadoop.ipc.ProtobufRpcEngine$Server.processCall(ProtobufRpcEngine.java:484) [hadoop-common-3.3.5.jar:?]
	at org.apache.hadoop.ipc.ProtobufRpcEngine2$Server$ProtoBufRpcInvoker.call(ProtobufRpcEngine2.java:595) [hadoop-common-3.3.5.jar:?]
	at org.apache.hadoop.ipc.ProtobufRpcEngine2$Server$ProtoBufRpcInvoker.call(ProtobufRpcEngine2.java:573) [hadoop-common-3.3.5.jar:?]
	at org.apache.hadoop.ipc.RPC$Server.call(RPC.java:1213) [hadoop-common-3.3.5.jar:?]
	at org.apache.hadoop.ipc.Server$RpcCall.run(Server.java:1089) [hadoop-common-3.3.5.jar:?]
	at org.apache.hadoop.ipc.Server$RpcCall.run(Server.java:1012) [hadoop-common-3.3.5.jar:?]
	at java.security.AccessController.doPrivileged(Native Method) ~[?:1.8.0_362]
	at javax.security.auth.Subject.doAs(Subject.java:422) [?:1.8.0_362]
	at org.apache.hadoop.security.UserGroupInformation.doAs(UserGroupInformation.java:1899) [hadoop-common-3.3.5.jar:?]
	at org.apache.hadoop.ipc.Server$Handler.run(Server.java:3026) [hadoop-common-3.3.5.jar:?]
17:18:08.066 [IPC Server handler 9 on default port 38777] ERROR OMAudit - user=runner | ip=127.0.0.1 | op=LIST_STATUS {volume=volume96178, bucket=bucket92903, key=root_dir/file2, dataSize=0, replicationConfig=null} | ret=FAILURE
org.apache.hadoop.ozone.om.exceptions.OMException: Unable to get file status: volume: volume96178 bucket: bucket92903 key: root_dir/file2
	at org.apache.hadoop.ozone.om.KeyManagerImpl.getOzoneFileStatus(KeyManagerImpl.java:1200) ~[ozone-manager-1.4.0-SNAPSHOT.jar:?]
	at org.apache.hadoop.ozone.om.KeyManagerImpl.getFileStatus(KeyManagerImpl.java:1118) ~[ozone-manager-1.4.0-SNAPSHOT.jar:?]
	at org.apache.hadoop.ozone.om.KeyManagerImpl.listStatus(KeyManagerImpl.java:1508) ~[ozone-manager-1.4.0-SNAPSHOT.jar:?]
	at org.apache.hadoop.ozone.om.OmMetadataReader.listStatus(OmMetadataReader.java:261) ~[ozone-manager-1.4.0-SNAPSHOT.jar:?]
	at org.apache.hadoop.ozone.om.OzoneManager.listStatus(OzoneManager.java:3510) ~[ozone-manager-1.4.0-SNAPSHOT.jar:?]
	at org.apache.hadoop.ozone.protocolPB.OzoneManagerRequestHandler.listStatus(OzoneManagerRequestHandler.java:1098) ~[ozone-manager-1.4.0-SNAPSHOT.jar:?]
	at org.apache.hadoop.ozone.protocolPB.OzoneManagerRequestHandler.handleReadRequest(OzoneManagerRequestHandler.java:249) ~[ozone-manager-1.4.0-SNAPSHOT.jar:?]
	at org.apache.hadoop.ozone.protocolPB.OzoneManagerProtocolServerSideTranslatorPB.submitRequestDirectlyToOM(OzoneManagerProtocolServerSideTranslatorPB.java:272) ~[ozone-manager-1.4.0-SNAPSHOT.jar:?]
	at org.apache.hadoop.ozone.protocolPB.OzoneManagerProtocolServerSideTranslatorPB.processRequest(OzoneManagerProtocolServerSideTranslatorPB.java:173) ~[ozone-manager-1.4.0-SNAPSHOT.jar:?]
	at org.apache.hadoop.hdds.server.OzoneProtocolMessageDispatcher.processRequest(OzoneProtocolMessageDispatcher.java:87) [hdds-server-framework-1.4.0-SNAPSHOT.jar:?]
	at org.apache.hadoop.ozone.protocolPB.OzoneManagerProtocolServerSideTranslatorPB.submitRequest(OzoneManagerProtocolServerSideTranslatorPB.java:147) [ozone-manager-1.4.0-SNAPSHOT.jar:?]
	at org.apache.hadoop.ozone.protocol.proto.OzoneManagerProtocolProtos$OzoneManagerService$2.callBlockingMethod(OzoneManagerProtocolProtos.java) [ozone-interface-client-1.4.0-SNAPSHOT.jar:?]
	at org.apache.hadoop.ipc.ProtobufRpcEngine$Server.processCall(ProtobufRpcEngine.java:484) [hadoop-common-3.3.5.jar:?]
	at org.apache.hadoop.ipc.ProtobufRpcEngine2$Server$ProtoBufRpcInvoker.call(ProtobufRpcEngine2.java:595) [hadoop-common-3.3.5.jar:?]
	at org.apache.hadoop.ipc.ProtobufRpcEngine2$Server$ProtoBufRpcInvoker.call(ProtobufRpcEngine2.java:573) [hadoop-common-3.3.5.jar:?]
	at org.apache.hadoop.ipc.RPC$Server.call(RPC.java:1213) [hadoop-common-3.3.5.jar:?]
	at org.apache.hadoop.ipc.Server$RpcCall.run(Server.java:1089) [hadoop-common-3.3.5.jar:?]
	at org.apache.hadoop.ipc.Server$RpcCall.run(Server.java:1012) [hadoop-common-3.3.5.jar:?]
	at java.security.AccessController.doPrivileged(Native Method) ~[?:1.8.0_362]
	at javax.security.auth.Subject.doAs(Subject.java:422) [?:1.8.0_362]
	at org.apache.hadoop.security.UserGroupInformation.doAs(UserGroupInformation.java:1899) [hadoop-common-3.3.5.jar:?]
	at org.apache.hadoop.ipc.Server$Handler.run(Server.java:3026) [hadoop-common-3.3.5.jar:?]
]]></system-out>
  </testcase>
  <testcase name="testRenameToParentDir" classname="TestOzoneFileSystem" time="0.025">
    <system-out><![CDATA[2023-04-11 17:18:59,083 [OM StateMachine ApplyTransaction Thread - 0] INFO  key.OMKeyRequest (OMKeyRequest.java:wrapUncommittedBlocksAsPseudoKey(838)) - Detect allocated but uncommitted blocks [{blockID={containerID=2, localID=111677748019200008}, length=4194304, offset=0, token=null, pipeline=null, createVersion=0, partNumber=0}] in key root_dir/dir1/file2.
17:18:59.085 [IPC Server handler 1 on default port 45623] ERROR OMAudit - user=runner | ip=127.0.0.1 | op=LIST_STATUS {volume=volume95537, bucket=bucket59866, key=root_dir/dir2, dataSize=0, replicationConfig=null} | ret=FAILURE
org.apache.hadoop.ozone.om.exceptions.OMException: Unable to get file status: volume: volume95537 bucket: bucket59866 key: root_dir/dir2
	at org.apache.hadoop.ozone.om.KeyManagerImpl.getOzoneFileStatus(KeyManagerImpl.java:1200) ~[ozone-manager-1.4.0-SNAPSHOT.jar:?]
	at org.apache.hadoop.ozone.om.KeyManagerImpl.getFileStatus(KeyManagerImpl.java:1118) ~[ozone-manager-1.4.0-SNAPSHOT.jar:?]
	at org.apache.hadoop.ozone.om.KeyManagerImpl.listStatus(KeyManagerImpl.java:1508) ~[ozone-manager-1.4.0-SNAPSHOT.jar:?]
	at org.apache.hadoop.ozone.om.OmMetadataReader.listStatus(OmMetadataReader.java:261) ~[ozone-manager-1.4.0-SNAPSHOT.jar:?]
	at org.apache.hadoop.ozone.om.OzoneManager.listStatus(OzoneManager.java:3510) ~[ozone-manager-1.4.0-SNAPSHOT.jar:?]
	at org.apache.hadoop.ozone.protocolPB.OzoneManagerRequestHandler.listStatus(OzoneManagerRequestHandler.java:1098) ~[ozone-manager-1.4.0-SNAPSHOT.jar:?]
	at org.apache.hadoop.ozone.protocolPB.OzoneManagerRequestHandler.handleReadRequest(OzoneManagerRequestHandler.java:249) ~[ozone-manager-1.4.0-SNAPSHOT.jar:?]
	at org.apache.hadoop.ozone.protocolPB.OzoneManagerProtocolServerSideTranslatorPB.submitReadRequestToOM(OzoneManagerProtocolServerSideTranslatorPB.java:223) ~[ozone-manager-1.4.0-SNAPSHOT.jar:?]
	at org.apache.hadoop.ozone.protocolPB.OzoneManagerProtocolServerSideTranslatorPB.processRequest(OzoneManagerProtocolServerSideTranslatorPB.java:177) ~[ozone-manager-1.4.0-SNAPSHOT.jar:?]
	at org.apache.hadoop.hdds.server.OzoneProtocolMessageDispatcher.processRequest(OzoneProtocolMessageDispatcher.java:87) [hdds-server-framework-1.4.0-SNAPSHOT.jar:?]
	at org.apache.hadoop.ozone.protocolPB.OzoneManagerProtocolServerSideTranslatorPB.submitRequest(OzoneManagerProtocolServerSideTranslatorPB.java:147) [ozone-manager-1.4.0-SNAPSHOT.jar:?]
	at org.apache.hadoop.ozone.protocol.proto.OzoneManagerProtocolProtos$OzoneManagerService$2.callBlockingMethod(OzoneManagerProtocolProtos.java) [ozone-interface-client-1.4.0-SNAPSHOT.jar:?]
	at org.apache.hadoop.ipc.ProtobufRpcEngine$Server.processCall(ProtobufRpcEngine.java:484) [hadoop-common-3.3.5.jar:?]
	at org.apache.hadoop.ipc.ProtobufRpcEngine2$Server$ProtoBufRpcInvoker.call(ProtobufRpcEngine2.java:595) [hadoop-common-3.3.5.jar:?]
	at org.apache.hadoop.ipc.ProtobufRpcEngine2$Server$ProtoBufRpcInvoker.call(ProtobufRpcEngine2.java:573) [hadoop-common-3.3.5.jar:?]
	at org.apache.hadoop.ipc.RPC$Server.call(RPC.java:1213) [hadoop-common-3.3.5.jar:?]
	at org.apache.hadoop.ipc.Server$RpcCall.run(Server.java:1089) [hadoop-common-3.3.5.jar:?]
	at org.apache.hadoop.ipc.Server$RpcCall.run(Server.java:1012) [hadoop-common-3.3.5.jar:?]
	at java.security.AccessController.doPrivileged(Native Method) ~[?:1.8.0_362]
	at javax.security.auth.Subject.doAs(Subject.java:422) [?:1.8.0_362]
	at org.apache.hadoop.security.UserGroupInformation.doAs(UserGroupInformation.java:1899) [hadoop-common-3.3.5.jar:?]
	at org.apache.hadoop.ipc.Server$Handler.run(Server.java:3026) [hadoop-common-3.3.5.jar:?]
17:18:59.090 [IPC Server handler 15 on default port 45623] ERROR OMAudit - user=runner | ip=127.0.0.1 | op=LIST_STATUS {volume=volume95537, bucket=bucket59866, key=root_dir/file2, dataSize=0, replicationConfig=null} | ret=FAILURE
org.apache.hadoop.ozone.om.exceptions.OMException: Unable to get file status: volume: volume95537 bucket: bucket59866 key: root_dir/file2
	at org.apache.hadoop.ozone.om.KeyManagerImpl.getOzoneFileStatus(KeyManagerImpl.java:1200) ~[ozone-manager-1.4.0-SNAPSHOT.jar:?]
	at org.apache.hadoop.ozone.om.KeyManagerImpl.getFileStatus(KeyManagerImpl.java:1118) ~[ozone-manager-1.4.0-SNAPSHOT.jar:?]
	at org.apache.hadoop.ozone.om.KeyManagerImpl.listStatus(KeyManagerImpl.java:1508) ~[ozone-manager-1.4.0-SNAPSHOT.jar:?]
	at org.apache.hadoop.ozone.om.OmMetadataReader.listStatus(OmMetadataReader.java:261) ~[ozone-manager-1.4.0-SNAPSHOT.jar:?]
	at org.apache.hadoop.ozone.om.OzoneManager.listStatus(OzoneManager.java:3510) ~[ozone-manager-1.4.0-SNAPSHOT.jar:?]
	at org.apache.hadoop.ozone.protocolPB.OzoneManagerRequestHandler.listStatus(OzoneManagerRequestHandler.java:1098) ~[ozone-manager-1.4.0-SNAPSHOT.jar:?]
	at org.apache.hadoop.ozone.protocolPB.OzoneManagerRequestHandler.handleReadRequest(OzoneManagerRequestHandler.java:249) ~[ozone-manager-1.4.0-SNAPSHOT.jar:?]
	at org.apache.hadoop.ozone.protocolPB.OzoneManagerProtocolServerSideTranslatorPB.submitReadRequestToOM(OzoneManagerProtocolServerSideTranslatorPB.java:223) ~[ozone-manager-1.4.0-SNAPSHOT.jar:?]
	at org.apache.hadoop.ozone.protocolPB.OzoneManagerProtocolServerSideTranslatorPB.processRequest(OzoneManagerProtocolServerSideTranslatorPB.java:177) ~[ozone-manager-1.4.0-SNAPSHOT.jar:?]
	at org.apache.hadoop.hdds.server.OzoneProtocolMessageDispatcher.processRequest(OzoneProtocolMessageDispatcher.java:87) [hdds-server-framework-1.4.0-SNAPSHOT.jar:?]
	at org.apache.hadoop.ozone.protocolPB.OzoneManagerProtocolServerSideTranslatorPB.submitRequest(OzoneManagerProtocolServerSideTranslatorPB.java:147) [ozone-manager-1.4.0-SNAPSHOT.jar:?]
	at org.apache.hadoop.ozone.protocol.proto.OzoneManagerProtocolProtos$OzoneManagerService$2.callBlockingMethod(OzoneManagerProtocolProtos.java) [ozone-interface-client-1.4.0-SNAPSHOT.jar:?]
	at org.apache.hadoop.ipc.ProtobufRpcEngine$Server.processCall(ProtobufRpcEngine.java:484) [hadoop-common-3.3.5.jar:?]
	at org.apache.hadoop.ipc.ProtobufRpcEngine2$Server$ProtoBufRpcInvoker.call(ProtobufRpcEngine2.java:595) [hadoop-common-3.3.5.jar:?]
	at org.apache.hadoop.ipc.ProtobufRpcEngine2$Server$ProtoBufRpcInvoker.call(ProtobufRpcEngine2.java:573) [hadoop-common-3.3.5.jar:?]
	at org.apache.hadoop.ipc.RPC$Server.call(RPC.java:1213) [hadoop-common-3.3.5.jar:?]
	at org.apache.hadoop.ipc.Server$RpcCall.run(Server.java:1089) [hadoop-common-3.3.5.jar:?]
	at org.apache.hadoop.ipc.Server$RpcCall.run(Server.java:1012) [hadoop-common-3.3.5.jar:?]
	at java.security.AccessController.doPrivileged(Native Method) ~[?:1.8.0_362]
	at javax.security.auth.Subject.doAs(Subject.java:422) [?:1.8.0_362]
	at org.apache.hadoop.security.UserGroupInformation.doAs(UserGroupInformation.java:1899) [hadoop-common-3.3.5.jar:?]
	at org.apache.hadoop.ipc.Server$Handler.run(Server.java:3026) [hadoop-common-3.3.5.jar:?]
]]></system-out>
  </testcase>
  <testcase name="testRenameToParentDir" classname="TestOzoneFileSystem" time="0.016">
    <system-out><![CDATA[2023-04-11 17:19:59,150 [IPC Server handler 2 on default port 37689] INFO  key.OMKeyRequest (OMKeyRequest.java:wrapUncommittedBlocksAsPseudoKey(838)) - Detect allocated but uncommitted blocks [{blockID={containerID=1, localID=111677748019200008}, length=4194304, offset=0, token=null, pipeline=null, createVersion=0, partNumber=0}] in key root_dir/dir1/file2.
17:19:59.152 [IPC Server handler 0 on default port 37689] ERROR OMAudit - user=runner | ip=127.0.0.1 | op=LIST_STATUS {volume=volume96095, bucket=bucket29928, key=root_dir/dir2, dataSize=0, replicationConfig=null} | ret=FAILURE
org.apache.hadoop.ozone.om.exceptions.OMException: Unable to get file status: volume: volume96095 bucket: bucket29928 key: root_dir/dir2
	at org.apache.hadoop.ozone.om.KeyManagerImpl.getOzoneFileStatus(KeyManagerImpl.java:1200) ~[ozone-manager-1.4.0-SNAPSHOT.jar:?]
	at org.apache.hadoop.ozone.om.KeyManagerImpl.getFileStatus(KeyManagerImpl.java:1118) ~[ozone-manager-1.4.0-SNAPSHOT.jar:?]
	at org.apache.hadoop.ozone.om.KeyManagerImpl.listStatus(KeyManagerImpl.java:1508) ~[ozone-manager-1.4.0-SNAPSHOT.jar:?]
	at org.apache.hadoop.ozone.om.OmMetadataReader.listStatus(OmMetadataReader.java:261) ~[ozone-manager-1.4.0-SNAPSHOT.jar:?]
	at org.apache.hadoop.ozone.om.OzoneManager.listStatus(OzoneManager.java:3510) ~[ozone-manager-1.4.0-SNAPSHOT.jar:?]
	at org.apache.hadoop.ozone.protocolPB.OzoneManagerRequestHandler.listStatus(OzoneManagerRequestHandler.java:1098) ~[ozone-manager-1.4.0-SNAPSHOT.jar:?]
	at org.apache.hadoop.ozone.protocolPB.OzoneManagerRequestHandler.handleReadRequest(OzoneManagerRequestHandler.java:249) ~[ozone-manager-1.4.0-SNAPSHOT.jar:?]
	at org.apache.hadoop.ozone.protocolPB.OzoneManagerProtocolServerSideTranslatorPB.submitRequestDirectlyToOM(OzoneManagerProtocolServerSideTranslatorPB.java:272) ~[ozone-manager-1.4.0-SNAPSHOT.jar:?]
	at org.apache.hadoop.ozone.protocolPB.OzoneManagerProtocolServerSideTranslatorPB.processRequest(OzoneManagerProtocolServerSideTranslatorPB.java:173) ~[ozone-manager-1.4.0-SNAPSHOT.jar:?]
	at org.apache.hadoop.hdds.server.OzoneProtocolMessageDispatcher.processRequest(OzoneProtocolMessageDispatcher.java:87) [hdds-server-framework-1.4.0-SNAPSHOT.jar:?]
	at org.apache.hadoop.ozone.protocolPB.OzoneManagerProtocolServerSideTranslatorPB.submitRequest(OzoneManagerProtocolServerSideTranslatorPB.java:147) [ozone-manager-1.4.0-SNAPSHOT.jar:?]
	at org.apache.hadoop.ozone.protocol.proto.OzoneManagerProtocolProtos$OzoneManagerService$2.callBlockingMethod(OzoneManagerProtocolProtos.java) [ozone-interface-client-1.4.0-SNAPSHOT.jar:?]
	at org.apache.hadoop.ipc.ProtobufRpcEngine$Server.processCall(ProtobufRpcEngine.java:484) [hadoop-common-3.3.5.jar:?]
	at org.apache.hadoop.ipc.ProtobufRpcEngine2$Server$ProtoBufRpcInvoker.call(ProtobufRpcEngine2.java:595) [hadoop-common-3.3.5.jar:?]
	at org.apache.hadoop.ipc.ProtobufRpcEngine2$Server$ProtoBufRpcInvoker.call(ProtobufRpcEngine2.java:573) [hadoop-common-3.3.5.jar:?]
	at org.apache.hadoop.ipc.RPC$Server.call(RPC.java:1213) [hadoop-common-3.3.5.jar:?]
	at org.apache.hadoop.ipc.Server$RpcCall.run(Server.java:1089) [hadoop-common-3.3.5.jar:?]
	at org.apache.hadoop.ipc.Server$RpcCall.run(Server.java:1012) [hadoop-common-3.3.5.jar:?]
	at java.security.AccessController.doPrivileged(Native Method) ~[?:1.8.0_362]
	at javax.security.auth.Subject.doAs(Subject.java:422) [?:1.8.0_362]
	at org.apache.hadoop.security.UserGroupInformation.doAs(UserGroupInformation.java:1899) [hadoop-common-3.3.5.jar:?]
	at org.apache.hadoop.ipc.Server$Handler.run(Server.java:3026) [hadoop-common-3.3.5.jar:?]
17:19:59.158 [IPC Server handler 10 on default port 37689] ERROR OMAudit - user=runner | ip=127.0.0.1 | op=LIST_STATUS {volume=volume96095, bucket=bucket29928, key=root_dir/file2, dataSize=0, replicationConfig=null} | ret=FAILURE
org.apache.hadoop.ozone.om.exceptions.OMException: Unable to get file status: volume: volume96095 bucket: bucket29928 key: root_dir/file2
	at org.apache.hadoop.ozone.om.KeyManagerImpl.getOzoneFileStatus(KeyManagerImpl.java:1200) ~[ozone-manager-1.4.0-SNAPSHOT.jar:?]
	at org.apache.hadoop.ozone.om.KeyManagerImpl.getFileStatus(KeyManagerImpl.java:1118) ~[ozone-manager-1.4.0-SNAPSHOT.jar:?]
	at org.apache.hadoop.ozone.om.KeyManagerImpl.listStatus(KeyManagerImpl.java:1508) ~[ozone-manager-1.4.0-SNAPSHOT.jar:?]
	at org.apache.hadoop.ozone.om.OmMetadataReader.listStatus(OmMetadataReader.java:261) ~[ozone-manager-1.4.0-SNAPSHOT.jar:?]
	at org.apache.hadoop.ozone.om.OzoneManager.listStatus(OzoneManager.java:3510) ~[ozone-manager-1.4.0-SNAPSHOT.jar:?]
	at org.apache.hadoop.ozone.protocolPB.OzoneManagerRequestHandler.listStatus(OzoneManagerRequestHandler.java:1098) ~[ozone-manager-1.4.0-SNAPSHOT.jar:?]
	at org.apache.hadoop.ozone.protocolPB.OzoneManagerRequestHandler.handleReadRequest(OzoneManagerRequestHandler.java:249) ~[ozone-manager-1.4.0-SNAPSHOT.jar:?]
	at org.apache.hadoop.ozone.protocolPB.OzoneManagerProtocolServerSideTranslatorPB.submitRequestDirectlyToOM(OzoneManagerProtocolServerSideTranslatorPB.java:272) ~[ozone-manager-1.4.0-SNAPSHOT.jar:?]
	at org.apache.hadoop.ozone.protocolPB.OzoneManagerProtocolServerSideTranslatorPB.processRequest(OzoneManagerProtocolServerSideTranslatorPB.java:173) ~[ozone-manager-1.4.0-SNAPSHOT.jar:?]
	at org.apache.hadoop.hdds.server.OzoneProtocolMessageDispatcher.processRequest(OzoneProtocolMessageDispatcher.java:87) [hdds-server-framework-1.4.0-SNAPSHOT.jar:?]
	at org.apache.hadoop.ozone.protocolPB.OzoneManagerProtocolServerSideTranslatorPB.submitRequest(OzoneManagerProtocolServerSideTranslatorPB.java:147) [ozone-manager-1.4.0-SNAPSHOT.jar:?]
	at org.apache.hadoop.ozone.protocol.proto.OzoneManagerProtocolProtos$OzoneManagerService$2.callBlockingMethod(OzoneManagerProtocolProtos.java) [ozone-interface-client-1.4.0-SNAPSHOT.jar:?]
	at org.apache.hadoop.ipc.ProtobufRpcEngine$Server.processCall(ProtobufRpcEngine.java:484) [hadoop-common-3.3.5.jar:?]
	at org.apache.hadoop.ipc.ProtobufRpcEngine2$Server$ProtoBufRpcInvoker.call(ProtobufRpcEngine2.java:595) [hadoop-common-3.3.5.jar:?]
	at org.apache.hadoop.ipc.ProtobufRpcEngine2$Server$ProtoBufRpcInvoker.call(ProtobufRpcEngine2.java:573) [hadoop-common-3.3.5.jar:?]
	at org.apache.hadoop.ipc.RPC$Server.call(RPC.java:1213) [hadoop-common-3.3.5.jar:?]
	at org.apache.hadoop.ipc.Server$RpcCall.run(Server.java:1089) [hadoop-common-3.3.5.jar:?]
	at org.apache.hadoop.ipc.Server$RpcCall.run(Server.java:1012) [hadoop-common-3.3.5.jar:?]
	at java.security.AccessController.doPrivileged(Native Method) ~[?:1.8.0_362]
	at javax.security.auth.Subject.doAs(Subject.java:422) [?:1.8.0_362]
	at org.apache.hadoop.security.UserGroupInformation.doAs(UserGroupInformation.java:1899) [hadoop-common-3.3.5.jar:?]
	at org.apache.hadoop.ipc.Server$Handler.run(Server.java:3026) [hadoop-common-3.3.5.jar:?]
]]></system-out>
  </testcase>
  <testcase name="testListStatusOnSubDirs" classname="TestOzoneFileSystem" time="0.056">
    <system-out><![CDATA[2023-04-11 17:16:54,855 [OM StateMachine ApplyTransaction Thread - 0] INFO  key.OMKeyRequest (OMKeyRequest.java:wrapUncommittedBlocksAsPseudoKey(838)) - Detect allocated but uncommitted blocks [{blockID={containerID=2, localID=111677748019200009}, length=4194304, offset=0, token=null, pipeline=null, createVersion=0, partNumber=0}] in key dir1/dir12/file121.
]]></system-out>
  </testcase>
  <testcase name="testListStatusOnSubDirs" classname="TestOzoneFileSystem" time="0.017">
    <system-out><![CDATA[2023-04-11 17:18:08,084 [IPC Server handler 14 on default port 38777] INFO  key.OMKeyRequest (OMKeyRequest.java:wrapUncommittedBlocksAsPseudoKey(838)) - Detect allocated but uncommitted blocks [{blockID={containerID=3, localID=111677748019200009}, length=4194304, offset=0, token=null, pipeline=null, createVersion=0, partNumber=0}] in key dir1/dir12/file121.
]]></system-out>
  </testcase>
  <testcase name="testListStatusOnSubDirs" classname="TestOzoneFileSystem" time="0.025">
    <system-out><![CDATA[2023-04-11 17:18:59,115 [OM StateMachine ApplyTransaction Thread - 0] INFO  key.OMKeyRequest (OMKeyRequest.java:wrapUncommittedBlocksAsPseudoKey(838)) - Detect allocated but uncommitted blocks [{blockID={containerID=3, localID=111677748019200009}, length=4194304, offset=0, token=null, pipeline=null, createVersion=0, partNumber=0}] in key dir1/dir12/file121.
]]></system-out>
  </testcase>
  <testcase name="testListStatusOnSubDirs" classname="TestOzoneFileSystem" time="0.011">
    <system-out><![CDATA[2023-04-11 17:19:59,168 [IPC Server handler 16 on default port 37689] INFO  key.OMKeyRequest (OMKeyRequest.java:wrapUncommittedBlocksAsPseudoKey(838)) - Detect allocated but uncommitted blocks [{blockID={containerID=3, localID=111677748019200009}, length=4194304, offset=0, token=null, pipeline=null, createVersion=0, partNumber=0}] in key dir1/dir12/file121.
]]></system-out>
  </testcase>
  <testcase name="testListStatus" classname="TestOzoneFileSystem" time="0.076">
    <system-out><![CDATA[2023-04-11 17:16:54,903 [OM StateMachine ApplyTransaction Thread - 0] INFO  key.OMKeyRequest (OMKeyRequest.java:wrapUncommittedBlocksAsPseudoKey(838)) - Detect allocated but uncommitted blocks [{blockID={containerID=3, localID=111677748019200010}, length=4194304, offset=0, token=null, pipeline=null, createVersion=0, partNumber=0}] in key testListStatus/key1.
2023-04-11 17:16:54,918 [OM StateMachine ApplyTransaction Thread - 0] INFO  key.OMKeyRequest (OMKeyRequest.java:wrapUncommittedBlocksAsPseudoKey(838)) - Detect allocated but uncommitted blocks [{blockID={containerID=2, localID=111677748019200011}, length=4194304, offset=0, token=null, pipeline=null, createVersion=0, partNumber=0}] in key testListStatus/key2.
2023-04-11 17:16:54,934 [OM StateMachine ApplyTransaction Thread - 0] INFO  key.OMKeyRequest (OMKeyRequest.java:wrapUncommittedBlocksAsPseudoKey(838)) - Detect allocated but uncommitted blocks [{blockID={containerID=1, localID=111677748019200012}, length=4194304, offset=0, token=null, pipeline=null, createVersion=0, partNumber=0}] in key testListStatus/dir1/key3.
2023-04-11 17:16:54,947 [OM StateMachine ApplyTransaction Thread - 0] INFO  key.OMKeyRequest (OMKeyRequest.java:wrapUncommittedBlocksAsPseudoKey(838)) - Detect allocated but uncommitted blocks [{blockID={containerID=4, localID=111677748019200013}, length=4194304, offset=0, token=null, pipeline=null, createVersion=0, partNumber=0}] in key testListStatus/dir1/key4.
]]></system-out>
  </testcase>
  <testcase name="testListStatus" classname="TestOzoneFileSystem" time="0.033">
    <system-out><![CDATA[2023-04-11 17:18:08,103 [IPC Server handler 19 on default port 38777] INFO  key.OMKeyRequest (OMKeyRequest.java:wrapUncommittedBlocksAsPseudoKey(838)) - Detect allocated but uncommitted blocks [{blockID={containerID=1, localID=111677748019200010}, length=4194304, offset=0, token=null, pipeline=null, createVersion=0, partNumber=0}] in key testListStatus/key1.
2023-04-11 17:18:08,107 [IPC Server handler 15 on default port 38777] INFO  key.OMKeyRequest (OMKeyRequest.java:wrapUncommittedBlocksAsPseudoKey(838)) - Detect allocated but uncommitted blocks [{blockID={containerID=4, localID=111677748019200011}, length=4194304, offset=0, token=null, pipeline=null, createVersion=0, partNumber=0}] in key testListStatus/key2.
2023-04-11 17:18:08,113 [IPC Server handler 17 on default port 38777] INFO  key.OMKeyRequest (OMKeyRequest.java:wrapUncommittedBlocksAsPseudoKey(838)) - Detect allocated but uncommitted blocks [{blockID={containerID=3, localID=111677748019200012}, length=4194304, offset=0, token=null, pipeline=null, createVersion=0, partNumber=0}] in key testListStatus/dir1/key3.
2023-04-11 17:18:08,118 [IPC Server handler 11 on default port 38777] INFO  key.OMKeyRequest (OMKeyRequest.java:wrapUncommittedBlocksAsPseudoKey(838)) - Detect allocated but uncommitted blocks [{blockID={containerID=4, localID=111677748019200013}, length=4194304, offset=0, token=null, pipeline=null, createVersion=0, partNumber=0}] in key testListStatus/dir1/key4.
]]></system-out>
  </testcase>
  <testcase name="testListStatus" classname="TestOzoneFileSystem" time="0.033">
    <system-out><![CDATA[2023-04-11 17:18:59,134 [OM StateMachine ApplyTransaction Thread - 0] INFO  key.OMKeyRequest (OMKeyRequest.java:wrapUncommittedBlocksAsPseudoKey(838)) - Detect allocated but uncommitted blocks [{blockID={containerID=4, localID=111677748019200010}, length=4194304, offset=0, token=null, pipeline=null, createVersion=0, partNumber=0}] in key testListStatus/key1.
2023-04-11 17:18:59,140 [OM StateMachine ApplyTransaction Thread - 0] INFO  key.OMKeyRequest (OMKeyRequest.java:wrapUncommittedBlocksAsPseudoKey(838)) - Detect allocated but uncommitted blocks [{blockID={containerID=1, localID=111677748019200011}, length=4194304, offset=0, token=null, pipeline=null, createVersion=0, partNumber=0}] in key testListStatus/key2.
2023-04-11 17:18:59,147 [OM StateMachine ApplyTransaction Thread - 0] INFO  key.OMKeyRequest (OMKeyRequest.java:wrapUncommittedBlocksAsPseudoKey(838)) - Detect allocated but uncommitted blocks [{blockID={containerID=3, localID=111677748019200012}, length=4194304, offset=0, token=null, pipeline=null, createVersion=0, partNumber=0}] in key testListStatus/dir1/key3.
2023-04-11 17:18:59,151 [OM StateMachine ApplyTransaction Thread - 0] INFO  key.OMKeyRequest (OMKeyRequest.java:wrapUncommittedBlocksAsPseudoKey(838)) - Detect allocated but uncommitted blocks [{blockID={containerID=1, localID=111677748019200013}, length=4194304, offset=0, token=null, pipeline=null, createVersion=0, partNumber=0}] in key testListStatus/dir1/key4.
]]></system-out>
  </testcase>
  <testcase name="testListStatus" classname="TestOzoneFileSystem" time="0.019">
    <system-out><![CDATA[2023-04-11 17:19:59,178 [IPC Server handler 0 on default port 37689] INFO  key.OMKeyRequest (OMKeyRequest.java:wrapUncommittedBlocksAsPseudoKey(838)) - Detect allocated but uncommitted blocks [{blockID={containerID=4, localID=111677748019200010}, length=4194304, offset=0, token=null, pipeline=null, createVersion=0, partNumber=0}] in key testListStatus/key1.
2023-04-11 17:19:59,181 [IPC Server handler 14 on default port 37689] INFO  key.OMKeyRequest (OMKeyRequest.java:wrapUncommittedBlocksAsPseudoKey(838)) - Detect allocated but uncommitted blocks [{blockID={containerID=1, localID=111677748019200011}, length=4194304, offset=0, token=null, pipeline=null, createVersion=0, partNumber=0}] in key testListStatus/key2.
2023-04-11 17:19:59,185 [IPC Server handler 18 on default port 37689] INFO  key.OMKeyRequest (OMKeyRequest.java:wrapUncommittedBlocksAsPseudoKey(838)) - Detect allocated but uncommitted blocks [{blockID={containerID=4, localID=111677748019200012}, length=4194304, offset=0, token=null, pipeline=null, createVersion=0, partNumber=0}] in key testListStatus/dir1/key3.
2023-04-11 17:19:59,189 [IPC Server handler 9 on default port 37689] INFO  key.OMKeyRequest (OMKeyRequest.java:wrapUncommittedBlocksAsPseudoKey(838)) - Detect allocated but uncommitted blocks [{blockID={containerID=2, localID=111677748019200013}, length=4194304, offset=0, token=null, pipeline=null, createVersion=0, partNumber=0}] in key testListStatus/dir1/key4.
]]></system-out>
  </testcase>
  <testcase name="testRecursiveDelete" classname="TestOzoneFileSystem" time="0.375">
    <system-out><![CDATA[2023-04-11 17:16:54,982 [OM StateMachine ApplyTransaction Thread - 0] INFO  key.OMKeyRequest (OMKeyRequest.java:wrapUncommittedBlocksAsPseudoKey(838)) - Detect allocated but uncommitted blocks [{blockID={containerID=3, localID=111677748019200014}, length=4194304, offset=0, token=null, pipeline=null, createVersion=0, partNumber=0}] in key gdir1/pdir1/child.
2023-04-11 17:16:54,995 [OM StateMachine ApplyTransaction Thread - 0] INFO  key.OMKeyRequest (OMKeyRequest.java:wrapUncommittedBlocksAsPseudoKey(838)) - Detect allocated but uncommitted blocks [{blockID={containerID=2, localID=111677748019200015}, length=4194304, offset=0, token=null, pipeline=null, createVersion=0, partNumber=0}] in key gdir1/pdir2/child.
2023-04-11 17:16:55,009 [OM StateMachine ApplyTransaction Thread - 0] INFO  key.OMKeyRequest (OMKeyRequest.java:wrapUncommittedBlocksAsPseudoKey(838)) - Detect allocated but uncommitted blocks [{blockID={containerID=3, localID=111677748019200016}, length=4194304, offset=0, token=null, pipeline=null, createVersion=0, partNumber=0}] in key gdir1/pdir3/child.
2023-04-11 17:16:55,022 [OM StateMachine ApplyTransaction Thread - 0] INFO  key.OMKeyRequest (OMKeyRequest.java:wrapUncommittedBlocksAsPseudoKey(838)) - Detect allocated but uncommitted blocks [{blockID={containerID=2, localID=111677748019200017}, length=4194304, offset=0, token=null, pipeline=null, createVersion=0, partNumber=0}] in key gdir1/pdir4/child.
2023-04-11 17:16:55,033 [OM StateMachine ApplyTransaction Thread - 0] INFO  key.OMKeyRequest (OMKeyRequest.java:wrapUncommittedBlocksAsPseudoKey(838)) - Detect allocated but uncommitted blocks [{blockID={containerID=1, localID=111677748019200018}, length=4194304, offset=0, token=null, pipeline=null, createVersion=0, partNumber=0}] in key gdir1/pdir5/child.
2023-04-11 17:16:55,043 [OM StateMachine ApplyTransaction Thread - 0] INFO  key.OMKeyRequest (OMKeyRequest.java:wrapUncommittedBlocksAsPseudoKey(838)) - Detect allocated but uncommitted blocks [{blockID={containerID=3, localID=111677748019200019}, length=4194304, offset=0, token=null, pipeline=null, createVersion=0, partNumber=0}] in key gdir1/pdir6/child.
2023-04-11 17:16:55,053 [OM StateMachine ApplyTransaction Thread - 0] INFO  key.OMKeyRequest (OMKeyRequest.java:wrapUncommittedBlocksAsPseudoKey(838)) - Detect allocated but uncommitted blocks [{blockID={containerID=4, localID=111677748019200020}, length=4194304, offset=0, token=null, pipeline=null, createVersion=0, partNumber=0}] in key gdir1/pdir7/child.
2023-04-11 17:16:55,063 [OM StateMachine ApplyTransaction Thread - 0] INFO  key.OMKeyRequest (OMKeyRequest.java:wrapUncommittedBlocksAsPseudoKey(838)) - Detect allocated but uncommitted blocks [{blockID={containerID=1, localID=111677748019200021}, length=4194304, offset=0, token=null, pipeline=null, createVersion=0, partNumber=0}] in key gdir1/pdir8/child.
2023-04-11 17:16:55,073 [OM StateMachine ApplyTransaction Thread - 0] INFO  key.OMKeyRequest (OMKeyRequest.java:wrapUncommittedBlocksAsPseudoKey(838)) - Detect allocated but uncommitted blocks [{blockID={containerID=2, localID=111677748019200022}, length=4194304, offset=0, token=null, pipeline=null, createVersion=0, partNumber=0}] in key gdir1/pdir9/child.
2023-04-11 17:16:55,082 [OM StateMachine ApplyTransaction Thread - 0] INFO  key.OMKeyRequest (OMKeyRequest.java:wrapUncommittedBlocksAsPseudoKey(838)) - Detect allocated but uncommitted blocks [{blockID={containerID=3, localID=111677748019200023}, length=4194304, offset=0, token=null, pipeline=null, createVersion=0, partNumber=0}] in key gdir1/pdir10/child.
17:16:55.131 [IPC Server handler 7 on default port 41353] ERROR OMAudit - user=runner | ip=127.0.0.1 | op=GET_FILE_STATUS {volume=volume52567, bucket=bucket67420, key=gdir1, dataSize=0, replicationConfig=null} | ret=FAILURE
org.apache.hadoop.ozone.om.exceptions.OMException: Unable to get file status: volume: volume52567 bucket: bucket67420 key: gdir1
	at org.apache.hadoop.ozone.om.KeyManagerImpl.getOzoneFileStatus(KeyManagerImpl.java:1200) ~[ozone-manager-1.4.0-SNAPSHOT.jar:?]
	at org.apache.hadoop.ozone.om.KeyManagerImpl.getFileStatus(KeyManagerImpl.java:1118) ~[ozone-manager-1.4.0-SNAPSHOT.jar:?]
	at org.apache.hadoop.ozone.om.OmMetadataReader.getFileStatus(OmMetadataReader.java:288) ~[ozone-manager-1.4.0-SNAPSHOT.jar:?]
	at org.apache.hadoop.ozone.om.OzoneManager.getFileStatus(OzoneManager.java:3491) ~[ozone-manager-1.4.0-SNAPSHOT.jar:?]
	at org.apache.hadoop.ozone.protocolPB.OzoneManagerRequestHandler.getOzoneFileStatus(OzoneManagerRequestHandler.java:934) ~[ozone-manager-1.4.0-SNAPSHOT.jar:?]
	at org.apache.hadoop.ozone.protocolPB.OzoneManagerRequestHandler.handleReadRequest(OzoneManagerRequestHandler.java:238) ~[ozone-manager-1.4.0-SNAPSHOT.jar:?]
	at org.apache.hadoop.ozone.protocolPB.OzoneManagerProtocolServerSideTranslatorPB.submitReadRequestToOM(OzoneManagerProtocolServerSideTranslatorPB.java:223) ~[ozone-manager-1.4.0-SNAPSHOT.jar:?]
	at org.apache.hadoop.ozone.protocolPB.OzoneManagerProtocolServerSideTranslatorPB.processRequest(OzoneManagerProtocolServerSideTranslatorPB.java:177) ~[ozone-manager-1.4.0-SNAPSHOT.jar:?]
	at org.apache.hadoop.hdds.server.OzoneProtocolMessageDispatcher.processRequest(OzoneProtocolMessageDispatcher.java:87) [hdds-server-framework-1.4.0-SNAPSHOT.jar:?]
	at org.apache.hadoop.ozone.protocolPB.OzoneManagerProtocolServerSideTranslatorPB.submitRequest(OzoneManagerProtocolServerSideTranslatorPB.java:147) [ozone-manager-1.4.0-SNAPSHOT.jar:?]
	at org.apache.hadoop.ozone.protocol.proto.OzoneManagerProtocolProtos$OzoneManagerService$2.callBlockingMethod(OzoneManagerProtocolProtos.java) [ozone-interface-client-1.4.0-SNAPSHOT.jar:?]
	at org.apache.hadoop.ipc.ProtobufRpcEngine$Server.processCall(ProtobufRpcEngine.java:484) [hadoop-common-3.3.5.jar:?]
	at org.apache.hadoop.ipc.ProtobufRpcEngine2$Server$ProtoBufRpcInvoker.call(ProtobufRpcEngine2.java:595) [hadoop-common-3.3.5.jar:?]
	at org.apache.hadoop.ipc.ProtobufRpcEngine2$Server$ProtoBufRpcInvoker.call(ProtobufRpcEngine2.java:573) [hadoop-common-3.3.5.jar:?]
	at org.apache.hadoop.ipc.RPC$Server.call(RPC.java:1213) [hadoop-common-3.3.5.jar:?]
	at org.apache.hadoop.ipc.Server$RpcCall.run(Server.java:1089) [hadoop-common-3.3.5.jar:?]
	at org.apache.hadoop.ipc.Server$RpcCall.run(Server.java:1012) [hadoop-common-3.3.5.jar:?]
	at java.security.AccessController.doPrivileged(Native Method) ~[?:1.8.0_362]
	at javax.security.auth.Subject.doAs(Subject.java:422) [?:1.8.0_362]
	at org.apache.hadoop.security.UserGroupInformation.doAs(UserGroupInformation.java:1899) [hadoop-common-3.3.5.jar:?]
	at org.apache.hadoop.ipc.Server$Handler.run(Server.java:3026) [hadoop-common-3.3.5.jar:?]
17:16:55.132 [IPC Server handler 3 on default port 41353] ERROR OMAudit - user=runner | ip=127.0.0.1 | op=GET_FILE_STATUS {volume=volume52567, bucket=bucket67420, key=gdir1/dir1, dataSize=0, replicationConfig=null} | ret=FAILURE
org.apache.hadoop.ozone.om.exceptions.OMException: Unable to get file status: volume: volume52567 bucket: bucket67420 key: gdir1/dir1
	at org.apache.hadoop.ozone.om.KeyManagerImpl.getOzoneFileStatus(KeyManagerImpl.java:1200) ~[ozone-manager-1.4.0-SNAPSHOT.jar:?]
	at org.apache.hadoop.ozone.om.KeyManagerImpl.getFileStatus(KeyManagerImpl.java:1118) ~[ozone-manager-1.4.0-SNAPSHOT.jar:?]
	at org.apache.hadoop.ozone.om.OmMetadataReader.getFileStatus(OmMetadataReader.java:288) ~[ozone-manager-1.4.0-SNAPSHOT.jar:?]
	at org.apache.hadoop.ozone.om.OzoneManager.getFileStatus(OzoneManager.java:3491) ~[ozone-manager-1.4.0-SNAPSHOT.jar:?]
	at org.apache.hadoop.ozone.protocolPB.OzoneManagerRequestHandler.getOzoneFileStatus(OzoneManagerRequestHandler.java:934) ~[ozone-manager-1.4.0-SNAPSHOT.jar:?]
	at org.apache.hadoop.ozone.protocolPB.OzoneManagerRequestHandler.handleReadRequest(OzoneManagerRequestHandler.java:238) ~[ozone-manager-1.4.0-SNAPSHOT.jar:?]
	at org.apache.hadoop.ozone.protocolPB.OzoneManagerProtocolServerSideTranslatorPB.submitReadRequestToOM(OzoneManagerProtocolServerSideTranslatorPB.java:223) ~[ozone-manager-1.4.0-SNAPSHOT.jar:?]
	at org.apache.hadoop.ozone.protocolPB.OzoneManagerProtocolServerSideTranslatorPB.processRequest(OzoneManagerProtocolServerSideTranslatorPB.java:177) ~[ozone-manager-1.4.0-SNAPSHOT.jar:?]
	at org.apache.hadoop.hdds.server.OzoneProtocolMessageDispatcher.processRequest(OzoneProtocolMessageDispatcher.java:87) [hdds-server-framework-1.4.0-SNAPSHOT.jar:?]
	at org.apache.hadoop.ozone.protocolPB.OzoneManagerProtocolServerSideTranslatorPB.submitRequest(OzoneManagerProtocolServerSideTranslatorPB.java:147) [ozone-manager-1.4.0-SNAPSHOT.jar:?]
	at org.apache.hadoop.ozone.protocol.proto.OzoneManagerProtocolProtos$OzoneManagerService$2.callBlockingMethod(OzoneManagerProtocolProtos.java) [ozone-interface-client-1.4.0-SNAPSHOT.jar:?]
	at org.apache.hadoop.ipc.ProtobufRpcEngine$Server.processCall(ProtobufRpcEngine.java:484) [hadoop-common-3.3.5.jar:?]
	at org.apache.hadoop.ipc.ProtobufRpcEngine2$Server$ProtoBufRpcInvoker.call(ProtobufRpcEngine2.java:595) [hadoop-common-3.3.5.jar:?]
	at org.apache.hadoop.ipc.ProtobufRpcEngine2$Server$ProtoBufRpcInvoker.call(ProtobufRpcEngine2.java:573) [hadoop-common-3.3.5.jar:?]
	at org.apache.hadoop.ipc.RPC$Server.call(RPC.java:1213) [hadoop-common-3.3.5.jar:?]
	at org.apache.hadoop.ipc.Server$RpcCall.run(Server.java:1089) [hadoop-common-3.3.5.jar:?]
	at org.apache.hadoop.ipc.Server$RpcCall.run(Server.java:1012) [hadoop-common-3.3.5.jar:?]
	at java.security.AccessController.doPrivileged(Native Method) ~[?:1.8.0_362]
	at javax.security.auth.Subject.doAs(Subject.java:422) [?:1.8.0_362]
	at org.apache.hadoop.security.UserGroupInformation.doAs(UserGroupInformation.java:1899) [hadoop-common-3.3.5.jar:?]
	at org.apache.hadoop.ipc.Server$Handler.run(Server.java:3026) [hadoop-common-3.3.5.jar:?]
17:16:55.134 [IPC Server handler 8 on default port 41353] ERROR OMAudit - user=runner | ip=127.0.0.1 | op=GET_FILE_STATUS {volume=volume52567, bucket=bucket67420, key=gdir1/dir1/child, dataSize=0, replicationConfig=null} | ret=FAILURE
org.apache.hadoop.ozone.om.exceptions.OMException: Unable to get file status: volume: volume52567 bucket: bucket67420 key: gdir1/dir1/child
	at org.apache.hadoop.ozone.om.KeyManagerImpl.getOzoneFileStatus(KeyManagerImpl.java:1200) ~[ozone-manager-1.4.0-SNAPSHOT.jar:?]
	at org.apache.hadoop.ozone.om.KeyManagerImpl.getFileStatus(KeyManagerImpl.java:1118) ~[ozone-manager-1.4.0-SNAPSHOT.jar:?]
	at org.apache.hadoop.ozone.om.OmMetadataReader.getFileStatus(OmMetadataReader.java:288) ~[ozone-manager-1.4.0-SNAPSHOT.jar:?]
	at org.apache.hadoop.ozone.om.OzoneManager.getFileStatus(OzoneManager.java:3491) ~[ozone-manager-1.4.0-SNAPSHOT.jar:?]
	at org.apache.hadoop.ozone.protocolPB.OzoneManagerRequestHandler.getOzoneFileStatus(OzoneManagerRequestHandler.java:934) ~[ozone-manager-1.4.0-SNAPSHOT.jar:?]
	at org.apache.hadoop.ozone.protocolPB.OzoneManagerRequestHandler.handleReadRequest(OzoneManagerRequestHandler.java:238) ~[ozone-manager-1.4.0-SNAPSHOT.jar:?]
	at org.apache.hadoop.ozone.protocolPB.OzoneManagerProtocolServerSideTranslatorPB.submitReadRequestToOM(OzoneManagerProtocolServerSideTranslatorPB.java:223) ~[ozone-manager-1.4.0-SNAPSHOT.jar:?]
	at org.apache.hadoop.ozone.protocolPB.OzoneManagerProtocolServerSideTranslatorPB.processRequest(OzoneManagerProtocolServerSideTranslatorPB.java:177) ~[ozone-manager-1.4.0-SNAPSHOT.jar:?]
	at org.apache.hadoop.hdds.server.OzoneProtocolMessageDispatcher.processRequest(OzoneProtocolMessageDispatcher.java:87) [hdds-server-framework-1.4.0-SNAPSHOT.jar:?]
	at org.apache.hadoop.ozone.protocolPB.OzoneManagerProtocolServerSideTranslatorPB.submitRequest(OzoneManagerProtocolServerSideTranslatorPB.java:147) [ozone-manager-1.4.0-SNAPSHOT.jar:?]
	at org.apache.hadoop.ozone.protocol.proto.OzoneManagerProtocolProtos$OzoneManagerService$2.callBlockingMethod(OzoneManagerProtocolProtos.java) [ozone-interface-client-1.4.0-SNAPSHOT.jar:?]
	at org.apache.hadoop.ipc.ProtobufRpcEngine$Server.processCall(ProtobufRpcEngine.java:484) [hadoop-common-3.3.5.jar:?]
	at org.apache.hadoop.ipc.ProtobufRpcEngine2$Server$ProtoBufRpcInvoker.call(ProtobufRpcEngine2.java:595) [hadoop-common-3.3.5.jar:?]
	at org.apache.hadoop.ipc.ProtobufRpcEngine2$Server$ProtoBufRpcInvoker.call(ProtobufRpcEngine2.java:573) [hadoop-common-3.3.5.jar:?]
	at org.apache.hadoop.ipc.RPC$Server.call(RPC.java:1213) [hadoop-common-3.3.5.jar:?]
	at org.apache.hadoop.ipc.Server$RpcCall.run(Server.java:1089) [hadoop-common-3.3.5.jar:?]
	at org.apache.hadoop.ipc.Server$RpcCall.run(Server.java:1012) [hadoop-common-3.3.5.jar:?]
	at java.security.AccessController.doPrivileged(Native Method) ~[?:1.8.0_362]
	at javax.security.auth.Subject.doAs(Subject.java:422) [?:1.8.0_362]
	at org.apache.hadoop.security.UserGroupInformation.doAs(UserGroupInformation.java:1899) [hadoop-common-3.3.5.jar:?]
	at org.apache.hadoop.ipc.Server$Handler.run(Server.java:3026) [hadoop-common-3.3.5.jar:?]
17:16:55.136 [IPC Server handler 5 on default port 41353] ERROR OMAudit - user=runner | ip=127.0.0.1 | op=GET_FILE_STATUS {volume=volume52567, bucket=bucket67420, key=gdir1/dir2, dataSize=0, replicationConfig=null} | ret=FAILURE
org.apache.hadoop.ozone.om.exceptions.OMException: Unable to get file status: volume: volume52567 bucket: bucket67420 key: gdir1/dir2
	at org.apache.hadoop.ozone.om.KeyManagerImpl.getOzoneFileStatus(KeyManagerImpl.java:1200) ~[ozone-manager-1.4.0-SNAPSHOT.jar:?]
	at org.apache.hadoop.ozone.om.KeyManagerImpl.getFileStatus(KeyManagerImpl.java:1118) ~[ozone-manager-1.4.0-SNAPSHOT.jar:?]
	at org.apache.hadoop.ozone.om.OmMetadataReader.getFileStatus(OmMetadataReader.java:288) ~[ozone-manager-1.4.0-SNAPSHOT.jar:?]
	at org.apache.hadoop.ozone.om.OzoneManager.getFileStatus(OzoneManager.java:3491) ~[ozone-manager-1.4.0-SNAPSHOT.jar:?]
	at org.apache.hadoop.ozone.protocolPB.OzoneManagerRequestHandler.getOzoneFileStatus(OzoneManagerRequestHandler.java:934) ~[ozone-manager-1.4.0-SNAPSHOT.jar:?]
	at org.apache.hadoop.ozone.protocolPB.OzoneManagerRequestHandler.handleReadRequest(OzoneManagerRequestHandler.java:238) ~[ozone-manager-1.4.0-SNAPSHOT.jar:?]
	at org.apache.hadoop.ozone.protocolPB.OzoneManagerProtocolServerSideTranslatorPB.submitReadRequestToOM(OzoneManagerProtocolServerSideTranslatorPB.java:223) ~[ozone-manager-1.4.0-SNAPSHOT.jar:?]
	at org.apache.hadoop.ozone.protocolPB.OzoneManagerProtocolServerSideTranslatorPB.processRequest(OzoneManagerProtocolServerSideTranslatorPB.java:177) ~[ozone-manager-1.4.0-SNAPSHOT.jar:?]
	at org.apache.hadoop.hdds.server.OzoneProtocolMessageDispatcher.processRequest(OzoneProtocolMessageDispatcher.java:87) [hdds-server-framework-1.4.0-SNAPSHOT.jar:?]
	at org.apache.hadoop.ozone.protocolPB.OzoneManagerProtocolServerSideTranslatorPB.submitRequest(OzoneManagerProtocolServerSideTranslatorPB.java:147) [ozone-manager-1.4.0-SNAPSHOT.jar:?]
	at org.apache.hadoop.ozone.protocol.proto.OzoneManagerProtocolProtos$OzoneManagerService$2.callBlockingMethod(OzoneManagerProtocolProtos.java) [ozone-interface-client-1.4.0-SNAPSHOT.jar:?]
	at org.apache.hadoop.ipc.ProtobufRpcEngine$Server.processCall(ProtobufRpcEngine.java:484) [hadoop-common-3.3.5.jar:?]
	at org.apache.hadoop.ipc.ProtobufRpcEngine2$Server$ProtoBufRpcInvoker.call(ProtobufRpcEngine2.java:595) [hadoop-common-3.3.5.jar:?]
	at org.apache.hadoop.ipc.ProtobufRpcEngine2$Server$ProtoBufRpcInvoker.call(ProtobufRpcEngine2.java:573) [hadoop-common-3.3.5.jar:?]
	at org.apache.hadoop.ipc.RPC$Server.call(RPC.java:1213) [hadoop-common-3.3.5.jar:?]
	at org.apache.hadoop.ipc.Server$RpcCall.run(Server.java:1089) [hadoop-common-3.3.5.jar:?]
	at org.apache.hadoop.ipc.Server$RpcCall.run(Server.java:1012) [hadoop-common-3.3.5.jar:?]
	at java.security.AccessController.doPrivileged(Native Method) ~[?:1.8.0_362]
	at javax.security.auth.Subject.doAs(Subject.java:422) [?:1.8.0_362]
	at org.apache.hadoop.security.UserGroupInformation.doAs(UserGroupInformation.java:1899) [hadoop-common-3.3.5.jar:?]
	at org.apache.hadoop.ipc.Server$Handler.run(Server.java:3026) [hadoop-common-3.3.5.jar:?]
17:16:55.137 [IPC Server handler 9 on default port 41353] ERROR OMAudit - user=runner | ip=127.0.0.1 | op=GET_FILE_STATUS {volume=volume52567, bucket=bucket67420, key=gdir1/dir2/child, dataSize=0, replicationConfig=null} | ret=FAILURE
org.apache.hadoop.ozone.om.exceptions.OMException: Unable to get file status: volume: volume52567 bucket: bucket67420 key: gdir1/dir2/child
	at org.apache.hadoop.ozone.om.KeyManagerImpl.getOzoneFileStatus(KeyManagerImpl.java:1200) ~[ozone-manager-1.4.0-SNAPSHOT.jar:?]
	at org.apache.hadoop.ozone.om.KeyManagerImpl.getFileStatus(KeyManagerImpl.java:1118) ~[ozone-manager-1.4.0-SNAPSHOT.jar:?]
	at org.apache.hadoop.ozone.om.OmMetadataReader.getFileStatus(OmMetadataReader.java:288) ~[ozone-manager-1.4.0-SNAPSHOT.jar:?]
	at org.apache.hadoop.ozone.om.OzoneManager.getFileStatus(OzoneManager.java:3491) ~[ozone-manager-1.4.0-SNAPSHOT.jar:?]
	at org.apache.hadoop.ozone.protocolPB.OzoneManagerRequestHandler.getOzoneFileStatus(OzoneManagerRequestHandler.java:934) ~[ozone-manager-1.4.0-SNAPSHOT.jar:?]
	at org.apache.hadoop.ozone.protocolPB.OzoneManagerRequestHandler.handleReadRequest(OzoneManagerRequestHandler.java:238) ~[ozone-manager-1.4.0-SNAPSHOT.jar:?]
	at org.apache.hadoop.ozone.protocolPB.OzoneManagerProtocolServerSideTranslatorPB.submitReadRequestToOM(OzoneManagerProtocolServerSideTranslatorPB.java:223) ~[ozone-manager-1.4.0-SNAPSHOT.jar:?]
	at org.apache.hadoop.ozone.protocolPB.OzoneManagerProtocolServerSideTranslatorPB.processRequest(OzoneManagerProtocolServerSideTranslatorPB.java:177) ~[ozone-manager-1.4.0-SNAPSHOT.jar:?]
	at org.apache.hadoop.hdds.server.OzoneProtocolMessageDispatcher.processRequest(OzoneProtocolMessageDispatcher.java:87) [hdds-server-framework-1.4.0-SNAPSHOT.jar:?]
	at org.apache.hadoop.ozone.protocolPB.OzoneManagerProtocolServerSideTranslatorPB.submitRequest(OzoneManagerProtocolServerSideTranslatorPB.java:147) [ozone-manager-1.4.0-SNAPSHOT.jar:?]
	at org.apache.hadoop.ozone.protocol.proto.OzoneManagerProtocolProtos$OzoneManagerService$2.callBlockingMethod(OzoneManagerProtocolProtos.java) [ozone-interface-client-1.4.0-SNAPSHOT.jar:?]
	at org.apache.hadoop.ipc.ProtobufRpcEngine$Server.processCall(ProtobufRpcEngine.java:484) [hadoop-common-3.3.5.jar:?]
	at org.apache.hadoop.ipc.ProtobufRpcEngine2$Server$ProtoBufRpcInvoker.call(ProtobufRpcEngine2.java:595) [hadoop-common-3.3.5.jar:?]
	at org.apache.hadoop.ipc.ProtobufRpcEngine2$Server$ProtoBufRpcInvoker.call(ProtobufRpcEngine2.java:573) [hadoop-common-3.3.5.jar:?]
	at org.apache.hadoop.ipc.RPC$Server.call(RPC.java:1213) [hadoop-common-3.3.5.jar:?]
	at org.apache.hadoop.ipc.Server$RpcCall.run(Server.java:1089) [hadoop-common-3.3.5.jar:?]
	at org.apache.hadoop.ipc.Server$RpcCall.run(Server.java:1012) [hadoop-common-3.3.5.jar:?]
	at java.security.AccessController.doPrivileged(Native Method) ~[?:1.8.0_362]
	at javax.security.auth.Subject.doAs(Subject.java:422) [?:1.8.0_362]
	at org.apache.hadoop.security.UserGroupInformation.doAs(UserGroupInformation.java:1899) [hadoop-common-3.3.5.jar:?]
	at org.apache.hadoop.ipc.Server$Handler.run(Server.java:3026) [hadoop-common-3.3.5.jar:?]
17:16:55.139 [IPC Server handler 16 on default port 41353] ERROR OMAudit - user=runner | ip=127.0.0.1 | op=GET_FILE_STATUS {volume=volume52567, bucket=bucket67420, key=gdir1/dir3, dataSize=0, replicationConfig=null} | ret=FAILURE
org.apache.hadoop.ozone.om.exceptions.OMException: Unable to get file status: volume: volume52567 bucket: bucket67420 key: gdir1/dir3
	at org.apache.hadoop.ozone.om.KeyManagerImpl.getOzoneFileStatus(KeyManagerImpl.java:1200) ~[ozone-manager-1.4.0-SNAPSHOT.jar:?]
	at org.apache.hadoop.ozone.om.KeyManagerImpl.getFileStatus(KeyManagerImpl.java:1118) ~[ozone-manager-1.4.0-SNAPSHOT.jar:?]
	at org.apache.hadoop.ozone.om.OmMetadataReader.getFileStatus(OmMetadataReader.java:288) ~[ozone-manager-1.4.0-SNAPSHOT.jar:?]
	at org.apache.hadoop.ozone.om.OzoneManager.getFileStatus(OzoneManager.java:3491) ~[ozone-manager-1.4.0-SNAPSHOT.jar:?]
	at org.apache.hadoop.ozone.protocolPB.OzoneManagerRequestHandler.getOzoneFileStatus(OzoneManagerRequestHandler.java:934) ~[ozone-manager-1.4.0-SNAPSHOT.jar:?]
	at org.apache.hadoop.ozone.protocolPB.OzoneManagerRequestHandler.handleReadRequest(OzoneManagerRequestHandler.java:238) ~[ozone-manager-1.4.0-SNAPSHOT.jar:?]
	at org.apache.hadoop.ozone.protocolPB.OzoneManagerProtocolServerSideTranslatorPB.submitReadRequestToOM(OzoneManagerProtocolServerSideTranslatorPB.java:223) ~[ozone-manager-1.4.0-SNAPSHOT.jar:?]
	at org.apache.hadoop.ozone.protocolPB.OzoneManagerProtocolServerSideTranslatorPB.processRequest(OzoneManagerProtocolServerSideTranslatorPB.java:177) ~[ozone-manager-1.4.0-SNAPSHOT.jar:?]
	at org.apache.hadoop.hdds.server.OzoneProtocolMessageDispatcher.processRequest(OzoneProtocolMessageDispatcher.java:87) [hdds-server-framework-1.4.0-SNAPSHOT.jar:?]
	at org.apache.hadoop.ozone.protocolPB.OzoneManagerProtocolServerSideTranslatorPB.submitRequest(OzoneManagerProtocolServerSideTranslatorPB.java:147) [ozone-manager-1.4.0-SNAPSHOT.jar:?]
	at org.apache.hadoop.ozone.protocol.proto.OzoneManagerProtocolProtos$OzoneManagerService$2.callBlockingMethod(OzoneManagerProtocolProtos.java) [ozone-interface-client-1.4.0-SNAPSHOT.jar:?]
	at org.apache.hadoop.ipc.ProtobufRpcEngine$Server.processCall(ProtobufRpcEngine.java:484) [hadoop-common-3.3.5.jar:?]
	at org.apache.hadoop.ipc.ProtobufRpcEngine2$Server$ProtoBufRpcInvoker.call(ProtobufRpcEngine2.java:595) [hadoop-common-3.3.5.jar:?]
	at org.apache.hadoop.ipc.ProtobufRpcEngine2$Server$ProtoBufRpcInvoker.call(ProtobufRpcEngine2.java:573) [hadoop-common-3.3.5.jar:?]
	at org.apache.hadoop.ipc.RPC$Server.call(RPC.java:1213) [hadoop-common-3.3.5.jar:?]
	at org.apache.hadoop.ipc.Server$RpcCall.run(Server.java:1089) [hadoop-common-3.3.5.jar:?]
	at org.apache.hadoop.ipc.Server$RpcCall.run(Server.java:1012) [hadoop-common-3.3.5.jar:?]
	at java.security.AccessController.doPrivileged(Native Method) ~[?:1.8.0_362]
	at javax.security.auth.Subject.doAs(Subject.java:422) [?:1.8.0_362]
	at org.apache.hadoop.security.UserGroupInformation.doAs(UserGroupInformation.java:1899) [hadoop-common-3.3.5.jar:?]
	at org.apache.hadoop.ipc.Server$Handler.run(Server.java:3026) [hadoop-common-3.3.5.jar:?]
17:16:55.140 [IPC Server handler 18 on default port 41353] ERROR OMAudit - user=runner | ip=127.0.0.1 | op=GET_FILE_STATUS {volume=volume52567, bucket=bucket67420, key=gdir1/dir3/child, dataSize=0, replicationConfig=null} | ret=FAILURE
org.apache.hadoop.ozone.om.exceptions.OMException: Unable to get file status: volume: volume52567 bucket: bucket67420 key: gdir1/dir3/child
	at org.apache.hadoop.ozone.om.KeyManagerImpl.getOzoneFileStatus(KeyManagerImpl.java:1200) ~[ozone-manager-1.4.0-SNAPSHOT.jar:?]
	at org.apache.hadoop.ozone.om.KeyManagerImpl.getFileStatus(KeyManagerImpl.java:1118) ~[ozone-manager-1.4.0-SNAPSHOT.jar:?]
	at org.apache.hadoop.ozone.om.OmMetadataReader.getFileStatus(OmMetadataReader.java:288) ~[ozone-manager-1.4.0-SNAPSHOT.jar:?]
	at org.apache.hadoop.ozone.om.OzoneManager.getFileStatus(OzoneManager.java:3491) ~[ozone-manager-1.4.0-SNAPSHOT.jar:?]
	at org.apache.hadoop.ozone.protocolPB.OzoneManagerRequestHandler.getOzoneFileStatus(OzoneManagerRequestHandler.java:934) ~[ozone-manager-1.4.0-SNAPSHOT.jar:?]
	at org.apache.hadoop.ozone.protocolPB.OzoneManagerRequestHandler.handleReadRequest(OzoneManagerRequestHandler.java:238) ~[ozone-manager-1.4.0-SNAPSHOT.jar:?]
	at org.apache.hadoop.ozone.protocolPB.OzoneManagerProtocolServerSideTranslatorPB.submitReadRequestToOM(OzoneManagerProtocolServerSideTranslatorPB.java:223) ~[ozone-manager-1.4.0-SNAPSHOT.jar:?]
	at org.apache.hadoop.ozone.protocolPB.OzoneManagerProtocolServerSideTranslatorPB.processRequest(OzoneManagerProtocolServerSideTranslatorPB.java:177) ~[ozone-manager-1.4.0-SNAPSHOT.jar:?]
	at org.apache.hadoop.hdds.server.OzoneProtocolMessageDispatcher.processRequest(OzoneProtocolMessageDispatcher.java:87) [hdds-server-framework-1.4.0-SNAPSHOT.jar:?]
	at org.apache.hadoop.ozone.protocolPB.OzoneManagerProtocolServerSideTranslatorPB.submitRequest(OzoneManagerProtocolServerSideTranslatorPB.java:147) [ozone-manager-1.4.0-SNAPSHOT.jar:?]
	at org.apache.hadoop.ozone.protocol.proto.OzoneManagerProtocolProtos$OzoneManagerService$2.callBlockingMethod(OzoneManagerProtocolProtos.java) [ozone-interface-client-1.4.0-SNAPSHOT.jar:?]
	at org.apache.hadoop.ipc.ProtobufRpcEngine$Server.processCall(ProtobufRpcEngine.java:484) [hadoop-common-3.3.5.jar:?]
	at org.apache.hadoop.ipc.ProtobufRpcEngine2$Server$ProtoBufRpcInvoker.call(ProtobufRpcEngine2.java:595) [hadoop-common-3.3.5.jar:?]
	at org.apache.hadoop.ipc.ProtobufRpcEngine2$Server$ProtoBufRpcInvoker.call(ProtobufRpcEngine2.java:573) [hadoop-common-3.3.5.jar:?]
	at org.apache.hadoop.ipc.RPC$Server.call(RPC.java:1213) [hadoop-common-3.3.5.jar:?]
	at org.apache.hadoop.ipc.Server$RpcCall.run(Server.java:1089) [hadoop-common-3.3.5.jar:?]
	at org.apache.hadoop.ipc.Server$RpcCall.run(Server.java:1012) [hadoop-common-3.3.5.jar:?]
	at java.security.AccessController.doPrivileged(Native Method) ~[?:1.8.0_362]
	at javax.security.auth.Subject.doAs(Subject.java:422) [?:1.8.0_362]
	at org.apache.hadoop.security.UserGroupInformation.doAs(UserGroupInformation.java:1899) [hadoop-common-3.3.5.jar:?]
	at org.apache.hadoop.ipc.Server$Handler.run(Server.java:3026) [hadoop-common-3.3.5.jar:?]
17:16:55.142 [IPC Server handler 19 on default port 41353] ERROR OMAudit - user=runner | ip=127.0.0.1 | op=GET_FILE_STATUS {volume=volume52567, bucket=bucket67420, key=gdir1/dir4, dataSize=0, replicationConfig=null} | ret=FAILURE
org.apache.hadoop.ozone.om.exceptions.OMException: Unable to get file status: volume: volume52567 bucket: bucket67420 key: gdir1/dir4
	at org.apache.hadoop.ozone.om.KeyManagerImpl.getOzoneFileStatus(KeyManagerImpl.java:1200) ~[ozone-manager-1.4.0-SNAPSHOT.jar:?]
	at org.apache.hadoop.ozone.om.KeyManagerImpl.getFileStatus(KeyManagerImpl.java:1118) ~[ozone-manager-1.4.0-SNAPSHOT.jar:?]
	at org.apache.hadoop.ozone.om.OmMetadataReader.getFileStatus(OmMetadataReader.java:288) ~[ozone-manager-1.4.0-SNAPSHOT.jar:?]
	at org.apache.hadoop.ozone.om.OzoneManager.getFileStatus(OzoneManager.java:3491) ~[ozone-manager-1.4.0-SNAPSHOT.jar:?]
	at org.apache.hadoop.ozone.protocolPB.OzoneManagerRequestHandler.getOzoneFileStatus(OzoneManagerRequestHandler.java:934) ~[ozone-manager-1.4.0-SNAPSHOT.jar:?]
	at org.apache.hadoop.ozone.protocolPB.OzoneManagerRequestHandler.handleReadRequest(OzoneManagerRequestHandler.java:238) ~[ozone-manager-1.4.0-SNAPSHOT.jar:?]
	at org.apache.hadoop.ozone.protocolPB.OzoneManagerProtocolServerSideTranslatorPB.submitReadRequestToOM(OzoneManagerProtocolServerSideTranslatorPB.java:223) ~[ozone-manager-1.4.0-SNAPSHOT.jar:?]
	at org.apache.hadoop.ozone.protocolPB.OzoneManagerProtocolServerSideTranslatorPB.processRequest(OzoneManagerProtocolServerSideTranslatorPB.java:177) ~[ozone-manager-1.4.0-SNAPSHOT.jar:?]
	at org.apache.hadoop.hdds.server.OzoneProtocolMessageDispatcher.processRequest(OzoneProtocolMessageDispatcher.java:87) [hdds-server-framework-1.4.0-SNAPSHOT.jar:?]
	at org.apache.hadoop.ozone.protocolPB.OzoneManagerProtocolServerSideTranslatorPB.submitRequest(OzoneManagerProtocolServerSideTranslatorPB.java:147) [ozone-manager-1.4.0-SNAPSHOT.jar:?]
	at org.apache.hadoop.ozone.protocol.proto.OzoneManagerProtocolProtos$OzoneManagerService$2.callBlockingMethod(OzoneManagerProtocolProtos.java) [ozone-interface-client-1.4.0-SNAPSHOT.jar:?]
	at org.apache.hadoop.ipc.ProtobufRpcEngine$Server.processCall(ProtobufRpcEngine.java:484) [hadoop-common-3.3.5.jar:?]
	at org.apache.hadoop.ipc.ProtobufRpcEngine2$Server$ProtoBufRpcInvoker.call(ProtobufRpcEngine2.java:595) [hadoop-common-3.3.5.jar:?]
	at org.apache.hadoop.ipc.ProtobufRpcEngine2$Server$ProtoBufRpcInvoker.call(ProtobufRpcEngine2.java:573) [hadoop-common-3.3.5.jar:?]
	at org.apache.hadoop.ipc.RPC$Server.call(RPC.java:1213) [hadoop-common-3.3.5.jar:?]
	at org.apache.hadoop.ipc.Server$RpcCall.run(Server.java:1089) [hadoop-common-3.3.5.jar:?]
	at org.apache.hadoop.ipc.Server$RpcCall.run(Server.java:1012) [hadoop-common-3.3.5.jar:?]
	at java.security.AccessController.doPrivileged(Native Method) ~[?:1.8.0_362]
	at javax.security.auth.Subject.doAs(Subject.java:422) [?:1.8.0_362]
	at org.apache.hadoop.security.UserGroupInformation.doAs(UserGroupInformation.java:1899) [hadoop-common-3.3.5.jar:?]
	at org.apache.hadoop.ipc.Server$Handler.run(Server.java:3026) [hadoop-common-3.3.5.jar:?]
17:16:55.145 [IPC Server handler 13 on default port 41353] ERROR OMAudit - user=runner | ip=127.0.0.1 | op=GET_FILE_STATUS {volume=volume52567, bucket=bucket67420, key=gdir1/dir4/child, dataSize=0, replicationConfig=null} | ret=FAILURE
org.apache.hadoop.ozone.om.exceptions.OMException: Unable to get file status: volume: volume52567 bucket: bucket67420 key: gdir1/dir4/child
	at org.apache.hadoop.ozone.om.KeyManagerImpl.getOzoneFileStatus(KeyManagerImpl.java:1200) ~[ozone-manager-1.4.0-SNAPSHOT.jar:?]
	at org.apache.hadoop.ozone.om.KeyManagerImpl.getFileStatus(KeyManagerImpl.java:1118) ~[ozone-manager-1.4.0-SNAPSHOT.jar:?]
	at org.apache.hadoop.ozone.om.OmMetadataReader.getFileStatus(OmMetadataReader.java:288) ~[ozone-manager-1.4.0-SNAPSHOT.jar:?]
	at org.apache.hadoop.ozone.om.OzoneManager.getFileStatus(OzoneManager.java:3491) ~[ozone-manager-1.4.0-SNAPSHOT.jar:?]
	at org.apache.hadoop.ozone.protocolPB.OzoneManagerRequestHandler.getOzoneFileStatus(OzoneManagerRequestHandler.java:934) ~[ozone-manager-1.4.0-SNAPSHOT.jar:?]
	at org.apache.hadoop.ozone.protocolPB.OzoneManagerRequestHandler.handleReadRequest(OzoneManagerRequestHandler.java:238) ~[ozone-manager-1.4.0-SNAPSHOT.jar:?]
	at org.apache.hadoop.ozone.protocolPB.OzoneManagerProtocolServerSideTranslatorPB.submitReadRequestToOM(OzoneManagerProtocolServerSideTranslatorPB.java:223) ~[ozone-manager-1.4.0-SNAPSHOT.jar:?]
	at org.apache.hadoop.ozone.protocolPB.OzoneManagerProtocolServerSideTranslatorPB.processRequest(OzoneManagerProtocolServerSideTranslatorPB.java:177) ~[ozone-manager-1.4.0-SNAPSHOT.jar:?]
	at org.apache.hadoop.hdds.server.OzoneProtocolMessageDispatcher.processRequest(OzoneProtocolMessageDispatcher.java:87) [hdds-server-framework-1.4.0-SNAPSHOT.jar:?]
	at org.apache.hadoop.ozone.protocolPB.OzoneManagerProtocolServerSideTranslatorPB.submitRequest(OzoneManagerProtocolServerSideTranslatorPB.java:147) [ozone-manager-1.4.0-SNAPSHOT.jar:?]
	at org.apache.hadoop.ozone.protocol.proto.OzoneManagerProtocolProtos$OzoneManagerService$2.callBlockingMethod(OzoneManagerProtocolProtos.java) [ozone-interface-client-1.4.0-SNAPSHOT.jar:?]
	at org.apache.hadoop.ipc.ProtobufRpcEngine$Server.processCall(ProtobufRpcEngine.java:484) [hadoop-common-3.3.5.jar:?]
	at org.apache.hadoop.ipc.ProtobufRpcEngine2$Server$ProtoBufRpcInvoker.call(ProtobufRpcEngine2.java:595) [hadoop-common-3.3.5.jar:?]
	at org.apache.hadoop.ipc.ProtobufRpcEngine2$Server$ProtoBufRpcInvoker.call(ProtobufRpcEngine2.java:573) [hadoop-common-3.3.5.jar:?]
	at org.apache.hadoop.ipc.RPC$Server.call(RPC.java:1213) [hadoop-common-3.3.5.jar:?]
	at org.apache.hadoop.ipc.Server$RpcCall.run(Server.java:1089) [hadoop-common-3.3.5.jar:?]
	at org.apache.hadoop.ipc.Server$RpcCall.run(Server.java:1012) [hadoop-common-3.3.5.jar:?]
	at java.security.AccessController.doPrivileged(Native Method) ~[?:1.8.0_362]
	at javax.security.auth.Subject.doAs(Subject.java:422) [?:1.8.0_362]
	at org.apache.hadoop.security.UserGroupInformation.doAs(UserGroupInformation.java:1899) [hadoop-common-3.3.5.jar:?]
	at org.apache.hadoop.ipc.Server$Handler.run(Server.java:3026) [hadoop-common-3.3.5.jar:?]
17:16:55.147 [IPC Server handler 14 on default port 41353] ERROR OMAudit - user=runner | ip=127.0.0.1 | op=GET_FILE_STATUS {volume=volume52567, bucket=bucket67420, key=gdir1/dir5, dataSize=0, replicationConfig=null} | ret=FAILURE
org.apache.hadoop.ozone.om.exceptions.OMException: Unable to get file status: volume: volume52567 bucket: bucket67420 key: gdir1/dir5
	at org.apache.hadoop.ozone.om.KeyManagerImpl.getOzoneFileStatus(KeyManagerImpl.java:1200) ~[ozone-manager-1.4.0-SNAPSHOT.jar:?]
	at org.apache.hadoop.ozone.om.KeyManagerImpl.getFileStatus(KeyManagerImpl.java:1118) ~[ozone-manager-1.4.0-SNAPSHOT.jar:?]
	at org.apache.hadoop.ozone.om.OmMetadataReader.getFileStatus(OmMetadataReader.java:288) ~[ozone-manager-1.4.0-SNAPSHOT.jar:?]
	at org.apache.hadoop.ozone.om.OzoneManager.getFileStatus(OzoneManager.java:3491) ~[ozone-manager-1.4.0-SNAPSHOT.jar:?]
	at org.apache.hadoop.ozone.protocolPB.OzoneManagerRequestHandler.getOzoneFileStatus(OzoneManagerRequestHandler.java:934) ~[ozone-manager-1.4.0-SNAPSHOT.jar:?]
	at org.apache.hadoop.ozone.protocolPB.OzoneManagerRequestHandler.handleReadRequest(OzoneManagerRequestHandler.java:238) ~[ozone-manager-1.4.0-SNAPSHOT.jar:?]
	at org.apache.hadoop.ozone.protocolPB.OzoneManagerProtocolServerSideTranslatorPB.submitReadRequestToOM(OzoneManagerProtocolServerSideTranslatorPB.java:223) ~[ozone-manager-1.4.0-SNAPSHOT.jar:?]
	at org.apache.hadoop.ozone.protocolPB.OzoneManagerProtocolServerSideTranslatorPB.processRequest(OzoneManagerProtocolServerSideTranslatorPB.java:177) ~[ozone-manager-1.4.0-SNAPSHOT.jar:?]
	at org.apache.hadoop.hdds.server.OzoneProtocolMessageDispatcher.processRequest(OzoneProtocolMessageDispatcher.java:87) [hdds-server-framework-1.4.0-SNAPSHOT.jar:?]
	at org.apache.hadoop.ozone.protocolPB.OzoneManagerProtocolServerSideTranslatorPB.submitRequest(OzoneManagerProtocolServerSideTranslatorPB.java:147) [ozone-manager-1.4.0-SNAPSHOT.jar:?]
	at org.apache.hadoop.ozone.protocol.proto.OzoneManagerProtocolProtos$OzoneManagerService$2.callBlockingMethod(OzoneManagerProtocolProtos.java) [ozone-interface-client-1.4.0-SNAPSHOT.jar:?]
	at org.apache.hadoop.ipc.ProtobufRpcEngine$Server.processCall(ProtobufRpcEngine.java:484) [hadoop-common-3.3.5.jar:?]
	at org.apache.hadoop.ipc.ProtobufRpcEngine2$Server$ProtoBufRpcInvoker.call(ProtobufRpcEngine2.java:595) [hadoop-common-3.3.5.jar:?]
	at org.apache.hadoop.ipc.ProtobufRpcEngine2$Server$ProtoBufRpcInvoker.call(ProtobufRpcEngine2.java:573) [hadoop-common-3.3.5.jar:?]
	at org.apache.hadoop.ipc.RPC$Server.call(RPC.java:1213) [hadoop-common-3.3.5.jar:?]
	at org.apache.hadoop.ipc.Server$RpcCall.run(Server.java:1089) [hadoop-common-3.3.5.jar:?]
	at org.apache.hadoop.ipc.Server$RpcCall.run(Server.java:1012) [hadoop-common-3.3.5.jar:?]
	at java.security.AccessController.doPrivileged(Native Method) ~[?:1.8.0_362]
	at javax.security.auth.Subject.doAs(Subject.java:422) [?:1.8.0_362]
	at org.apache.hadoop.security.UserGroupInformation.doAs(UserGroupInformation.java:1899) [hadoop-common-3.3.5.jar:?]
	at org.apache.hadoop.ipc.Server$Handler.run(Server.java:3026) [hadoop-common-3.3.5.jar:?]
17:16:55.148 [IPC Server handler 0 on default port 41353] ERROR OMAudit - user=runner | ip=127.0.0.1 | op=GET_FILE_STATUS {volume=volume52567, bucket=bucket67420, key=gdir1/dir5/child, dataSize=0, replicationConfig=null} | ret=FAILURE
org.apache.hadoop.ozone.om.exceptions.OMException: Unable to get file status: volume: volume52567 bucket: bucket67420 key: gdir1/dir5/child
	at org.apache.hadoop.ozone.om.KeyManagerImpl.getOzoneFileStatus(KeyManagerImpl.java:1200) ~[ozone-manager-1.4.0-SNAPSHOT.jar:?]
	at org.apache.hadoop.ozone.om.KeyManagerImpl.getFileStatus(KeyManagerImpl.java:1118) ~[ozone-manager-1.4.0-SNAPSHOT.jar:?]
	at org.apache.hadoop.ozone.om.OmMetadataReader.getFileStatus(OmMetadataReader.java:288) ~[ozone-manager-1.4.0-SNAPSHOT.jar:?]
	at org.apache.hadoop.ozone.om.OzoneManager.getFileStatus(OzoneManager.java:3491) ~[ozone-manager-1.4.0-SNAPSHOT.jar:?]
	at org.apache.hadoop.ozone.protocolPB.OzoneManagerRequestHandler.getOzoneFileStatus(OzoneManagerRequestHandler.java:934) ~[ozone-manager-1.4.0-SNAPSHOT.jar:?]
	at org.apache.hadoop.ozone.protocolPB.OzoneManagerRequestHandler.handleReadRequest(OzoneManagerRequestHandler.java:238) ~[ozone-manager-1.4.0-SNAPSHOT.jar:?]
	at org.apache.hadoop.ozone.protocolPB.OzoneManagerProtocolServerSideTranslatorPB.submitReadRequestToOM(OzoneManagerProtocolServerSideTranslatorPB.java:223) ~[ozone-manager-1.4.0-SNAPSHOT.jar:?]
	at org.apache.hadoop.ozone.protocolPB.OzoneManagerProtocolServerSideTranslatorPB.processRequest(OzoneManagerProtocolServerSideTranslatorPB.java:177) ~[ozone-manager-1.4.0-SNAPSHOT.jar:?]
	at org.apache.hadoop.hdds.server.OzoneProtocolMessageDispatcher.processRequest(OzoneProtocolMessageDispatcher.java:87) [hdds-server-framework-1.4.0-SNAPSHOT.jar:?]
	at org.apache.hadoop.ozone.protocolPB.OzoneManagerProtocolServerSideTranslatorPB.submitRequest(OzoneManagerProtocolServerSideTranslatorPB.java:147) [ozone-manager-1.4.0-SNAPSHOT.jar:?]
	at org.apache.hadoop.ozone.protocol.proto.OzoneManagerProtocolProtos$OzoneManagerService$2.callBlockingMethod(OzoneManagerProtocolProtos.java) [ozone-interface-client-1.4.0-SNAPSHOT.jar:?]
	at org.apache.hadoop.ipc.ProtobufRpcEngine$Server.processCall(ProtobufRpcEngine.java:484) [hadoop-common-3.3.5.jar:?]
	at org.apache.hadoop.ipc.ProtobufRpcEngine2$Server$ProtoBufRpcInvoker.call(ProtobufRpcEngine2.java:595) [hadoop-common-3.3.5.jar:?]
	at org.apache.hadoop.ipc.ProtobufRpcEngine2$Server$ProtoBufRpcInvoker.call(ProtobufRpcEngine2.java:573) [hadoop-common-3.3.5.jar:?]
	at org.apache.hadoop.ipc.RPC$Server.call(RPC.java:1213) [hadoop-common-3.3.5.jar:?]
	at org.apache.hadoop.ipc.Server$RpcCall.run(Server.java:1089) [hadoop-common-3.3.5.jar:?]
	at org.apache.hadoop.ipc.Server$RpcCall.run(Server.java:1012) [hadoop-common-3.3.5.jar:?]
	at java.security.AccessController.doPrivileged(Native Method) ~[?:1.8.0_362]
	at javax.security.auth.Subject.doAs(Subject.java:422) [?:1.8.0_362]
	at org.apache.hadoop.security.UserGroupInformation.doAs(UserGroupInformation.java:1899) [hadoop-common-3.3.5.jar:?]
	at org.apache.hadoop.ipc.Server$Handler.run(Server.java:3026) [hadoop-common-3.3.5.jar:?]
17:16:55.150 [IPC Server handler 15 on default port 41353] ERROR OMAudit - user=runner | ip=127.0.0.1 | op=GET_FILE_STATUS {volume=volume52567, bucket=bucket67420, key=gdir1/dir6, dataSize=0, replicationConfig=null} | ret=FAILURE
org.apache.hadoop.ozone.om.exceptions.OMException: Unable to get file status: volume: volume52567 bucket: bucket67420 key: gdir1/dir6
	at org.apache.hadoop.ozone.om.KeyManagerImpl.getOzoneFileStatus(KeyManagerImpl.java:1200) ~[ozone-manager-1.4.0-SNAPSHOT.jar:?]
	at org.apache.hadoop.ozone.om.KeyManagerImpl.getFileStatus(KeyManagerImpl.java:1118) ~[ozone-manager-1.4.0-SNAPSHOT.jar:?]
	at org.apache.hadoop.ozone.om.OmMetadataReader.getFileStatus(OmMetadataReader.java:288) ~[ozone-manager-1.4.0-SNAPSHOT.jar:?]
	at org.apache.hadoop.ozone.om.OzoneManager.getFileStatus(OzoneManager.java:3491) ~[ozone-manager-1.4.0-SNAPSHOT.jar:?]
	at org.apache.hadoop.ozone.protocolPB.OzoneManagerRequestHandler.getOzoneFileStatus(OzoneManagerRequestHandler.java:934) ~[ozone-manager-1.4.0-SNAPSHOT.jar:?]
	at org.apache.hadoop.ozone.protocolPB.OzoneManagerRequestHandler.handleReadRequest(OzoneManagerRequestHandler.java:238) ~[ozone-manager-1.4.0-SNAPSHOT.jar:?]
	at org.apache.hadoop.ozone.protocolPB.OzoneManagerProtocolServerSideTranslatorPB.submitReadRequestToOM(OzoneManagerProtocolServerSideTranslatorPB.java:223) ~[ozone-manager-1.4.0-SNAPSHOT.jar:?]
	at org.apache.hadoop.ozone.protocolPB.OzoneManagerProtocolServerSideTranslatorPB.processRequest(OzoneManagerProtocolServerSideTranslatorPB.java:177) ~[ozone-manager-1.4.0-SNAPSHOT.jar:?]
	at org.apache.hadoop.hdds.server.OzoneProtocolMessageDispatcher.processRequest(OzoneProtocolMessageDispatcher.java:87) [hdds-server-framework-1.4.0-SNAPSHOT.jar:?]
	at org.apache.hadoop.ozone.protocolPB.OzoneManagerProtocolServerSideTranslatorPB.submitRequest(OzoneManagerProtocolServerSideTranslatorPB.java:147) [ozone-manager-1.4.0-SNAPSHOT.jar:?]
	at org.apache.hadoop.ozone.protocol.proto.OzoneManagerProtocolProtos$OzoneManagerService$2.callBlockingMethod(OzoneManagerProtocolProtos.java) [ozone-interface-client-1.4.0-SNAPSHOT.jar:?]
	at org.apache.hadoop.ipc.ProtobufRpcEngine$Server.processCall(ProtobufRpcEngine.java:484) [hadoop-common-3.3.5.jar:?]
	at org.apache.hadoop.ipc.ProtobufRpcEngine2$Server$ProtoBufRpcInvoker.call(ProtobufRpcEngine2.java:595) [hadoop-common-3.3.5.jar:?]
	at org.apache.hadoop.ipc.ProtobufRpcEngine2$Server$ProtoBufRpcInvoker.call(ProtobufRpcEngine2.java:573) [hadoop-common-3.3.5.jar:?]
	at org.apache.hadoop.ipc.RPC$Server.call(RPC.java:1213) [hadoop-common-3.3.5.jar:?]
	at org.apache.hadoop.ipc.Server$RpcCall.run(Server.java:1089) [hadoop-common-3.3.5.jar:?]
	at org.apache.hadoop.ipc.Server$RpcCall.run(Server.java:1012) [hadoop-common-3.3.5.jar:?]
	at java.security.AccessController.doPrivileged(Native Method) ~[?:1.8.0_362]
	at javax.security.auth.Subject.doAs(Subject.java:422) [?:1.8.0_362]
	at org.apache.hadoop.security.UserGroupInformation.doAs(UserGroupInformation.java:1899) [hadoop-common-3.3.5.jar:?]
	at org.apache.hadoop.ipc.Server$Handler.run(Server.java:3026) [hadoop-common-3.3.5.jar:?]
17:16:55.151 [IPC Server handler 17 on default port 41353] ERROR OMAudit - user=runner | ip=127.0.0.1 | op=GET_FILE_STATUS {volume=volume52567, bucket=bucket67420, key=gdir1/dir6/child, dataSize=0, replicationConfig=null} | ret=FAILURE
org.apache.hadoop.ozone.om.exceptions.OMException: Unable to get file status: volume: volume52567 bucket: bucket67420 key: gdir1/dir6/child
	at org.apache.hadoop.ozone.om.KeyManagerImpl.getOzoneFileStatus(KeyManagerImpl.java:1200) ~[ozone-manager-1.4.0-SNAPSHOT.jar:?]
	at org.apache.hadoop.ozone.om.KeyManagerImpl.getFileStatus(KeyManagerImpl.java:1118) ~[ozone-manager-1.4.0-SNAPSHOT.jar:?]
	at org.apache.hadoop.ozone.om.OmMetadataReader.getFileStatus(OmMetadataReader.java:288) ~[ozone-manager-1.4.0-SNAPSHOT.jar:?]
	at org.apache.hadoop.ozone.om.OzoneManager.getFileStatus(OzoneManager.java:3491) ~[ozone-manager-1.4.0-SNAPSHOT.jar:?]
	at org.apache.hadoop.ozone.protocolPB.OzoneManagerRequestHandler.getOzoneFileStatus(OzoneManagerRequestHandler.java:934) ~[ozone-manager-1.4.0-SNAPSHOT.jar:?]
	at org.apache.hadoop.ozone.protocolPB.OzoneManagerRequestHandler.handleReadRequest(OzoneManagerRequestHandler.java:238) ~[ozone-manager-1.4.0-SNAPSHOT.jar:?]
	at org.apache.hadoop.ozone.protocolPB.OzoneManagerProtocolServerSideTranslatorPB.submitReadRequestToOM(OzoneManagerProtocolServerSideTranslatorPB.java:223) ~[ozone-manager-1.4.0-SNAPSHOT.jar:?]
	at org.apache.hadoop.ozone.protocolPB.OzoneManagerProtocolServerSideTranslatorPB.processRequest(OzoneManagerProtocolServerSideTranslatorPB.java:177) ~[ozone-manager-1.4.0-SNAPSHOT.jar:?]
	at org.apache.hadoop.hdds.server.OzoneProtocolMessageDispatcher.processRequest(OzoneProtocolMessageDispatcher.java:87) [hdds-server-framework-1.4.0-SNAPSHOT.jar:?]
	at org.apache.hadoop.ozone.protocolPB.OzoneManagerProtocolServerSideTranslatorPB.submitRequest(OzoneManagerProtocolServerSideTranslatorPB.java:147) [ozone-manager-1.4.0-SNAPSHOT.jar:?]
	at org.apache.hadoop.ozone.protocol.proto.OzoneManagerProtocolProtos$OzoneManagerService$2.callBlockingMethod(OzoneManagerProtocolProtos.java) [ozone-interface-client-1.4.0-SNAPSHOT.jar:?]
	at org.apache.hadoop.ipc.ProtobufRpcEngine$Server.processCall(ProtobufRpcEngine.java:484) [hadoop-common-3.3.5.jar:?]
	at org.apache.hadoop.ipc.ProtobufRpcEngine2$Server$ProtoBufRpcInvoker.call(ProtobufRpcEngine2.java:595) [hadoop-common-3.3.5.jar:?]
	at org.apache.hadoop.ipc.ProtobufRpcEngine2$Server$ProtoBufRpcInvoker.call(ProtobufRpcEngine2.java:573) [hadoop-common-3.3.5.jar:?]
	at org.apache.hadoop.ipc.RPC$Server.call(RPC.java:1213) [hadoop-common-3.3.5.jar:?]
	at org.apache.hadoop.ipc.Server$RpcCall.run(Server.java:1089) [hadoop-common-3.3.5.jar:?]
	at org.apache.hadoop.ipc.Server$RpcCall.run(Server.java:1012) [hadoop-common-3.3.5.jar:?]
	at java.security.AccessController.doPrivileged(Native Method) ~[?:1.8.0_362]
	at javax.security.auth.Subject.doAs(Subject.java:422) [?:1.8.0_362]
	at org.apache.hadoop.security.UserGroupInformation.doAs(UserGroupInformation.java:1899) [hadoop-common-3.3.5.jar:?]
	at org.apache.hadoop.ipc.Server$Handler.run(Server.java:3026) [hadoop-common-3.3.5.jar:?]
17:16:55.153 [IPC Server handler 11 on default port 41353] ERROR OMAudit - user=runner | ip=127.0.0.1 | op=GET_FILE_STATUS {volume=volume52567, bucket=bucket67420, key=gdir1/dir7, dataSize=0, replicationConfig=null} | ret=FAILURE
org.apache.hadoop.ozone.om.exceptions.OMException: Unable to get file status: volume: volume52567 bucket: bucket67420 key: gdir1/dir7
	at org.apache.hadoop.ozone.om.KeyManagerImpl.getOzoneFileStatus(KeyManagerImpl.java:1200) ~[ozone-manager-1.4.0-SNAPSHOT.jar:?]
	at org.apache.hadoop.ozone.om.KeyManagerImpl.getFileStatus(KeyManagerImpl.java:1118) ~[ozone-manager-1.4.0-SNAPSHOT.jar:?]
	at org.apache.hadoop.ozone.om.OmMetadataReader.getFileStatus(OmMetadataReader.java:288) ~[ozone-manager-1.4.0-SNAPSHOT.jar:?]
	at org.apache.hadoop.ozone.om.OzoneManager.getFileStatus(OzoneManager.java:3491) ~[ozone-manager-1.4.0-SNAPSHOT.jar:?]
	at org.apache.hadoop.ozone.protocolPB.OzoneManagerRequestHandler.getOzoneFileStatus(OzoneManagerRequestHandler.java:934) ~[ozone-manager-1.4.0-SNAPSHOT.jar:?]
	at org.apache.hadoop.ozone.protocolPB.OzoneManagerRequestHandler.handleReadRequest(OzoneManagerRequestHandler.java:238) ~[ozone-manager-1.4.0-SNAPSHOT.jar:?]
	at org.apache.hadoop.ozone.protocolPB.OzoneManagerProtocolServerSideTranslatorPB.submitReadRequestToOM(OzoneManagerProtocolServerSideTranslatorPB.java:223) ~[ozone-manager-1.4.0-SNAPSHOT.jar:?]
	at org.apache.hadoop.ozone.protocolPB.OzoneManagerProtocolServerSideTranslatorPB.processRequest(OzoneManagerProtocolServerSideTranslatorPB.java:177) ~[ozone-manager-1.4.0-SNAPSHOT.jar:?]
	at org.apache.hadoop.hdds.server.OzoneProtocolMessageDispatcher.processRequest(OzoneProtocolMessageDispatcher.java:87) [hdds-server-framework-1.4.0-SNAPSHOT.jar:?]
	at org.apache.hadoop.ozone.protocolPB.OzoneManagerProtocolServerSideTranslatorPB.submitRequest(OzoneManagerProtocolServerSideTranslatorPB.java:147) [ozone-manager-1.4.0-SNAPSHOT.jar:?]
	at org.apache.hadoop.ozone.protocol.proto.OzoneManagerProtocolProtos$OzoneManagerService$2.callBlockingMethod(OzoneManagerProtocolProtos.java) [ozone-interface-client-1.4.0-SNAPSHOT.jar:?]
	at org.apache.hadoop.ipc.ProtobufRpcEngine$Server.processCall(ProtobufRpcEngine.java:484) [hadoop-common-3.3.5.jar:?]
	at org.apache.hadoop.ipc.ProtobufRpcEngine2$Server$ProtoBufRpcInvoker.call(ProtobufRpcEngine2.java:595) [hadoop-common-3.3.5.jar:?]
	at org.apache.hadoop.ipc.ProtobufRpcEngine2$Server$ProtoBufRpcInvoker.call(ProtobufRpcEngine2.java:573) [hadoop-common-3.3.5.jar:?]
	at org.apache.hadoop.ipc.RPC$Server.call(RPC.java:1213) [hadoop-common-3.3.5.jar:?]
	at org.apache.hadoop.ipc.Server$RpcCall.run(Server.java:1089) [hadoop-common-3.3.5.jar:?]
	at org.apache.hadoop.ipc.Server$RpcCall.run(Server.java:1012) [hadoop-common-3.3.5.jar:?]
	at java.security.AccessController.doPrivileged(Native Method) ~[?:1.8.0_362]
	at javax.security.auth.Subject.doAs(Subject.java:422) [?:1.8.0_362]
	at org.apache.hadoop.security.UserGroupInformation.doAs(UserGroupInformation.java:1899) [hadoop-common-3.3.5.jar:?]
	at org.apache.hadoop.ipc.Server$Handler.run(Server.java:3026) [hadoop-common-3.3.5.jar:?]
17:16:55.154 [IPC Server handler 10 on default port 41353] ERROR OMAudit - user=runner | ip=127.0.0.1 | op=GET_FILE_STATUS {volume=volume52567, bucket=bucket67420, key=gdir1/dir7/child, dataSize=0, replicationConfig=null} | ret=FAILURE
org.apache.hadoop.ozone.om.exceptions.OMException: Unable to get file status: volume: volume52567 bucket: bucket67420 key: gdir1/dir7/child
	at org.apache.hadoop.ozone.om.KeyManagerImpl.getOzoneFileStatus(KeyManagerImpl.java:1200) ~[ozone-manager-1.4.0-SNAPSHOT.jar:?]
	at org.apache.hadoop.ozone.om.KeyManagerImpl.getFileStatus(KeyManagerImpl.java:1118) ~[ozone-manager-1.4.0-SNAPSHOT.jar:?]
	at org.apache.hadoop.ozone.om.OmMetadataReader.getFileStatus(OmMetadataReader.java:288) ~[ozone-manager-1.4.0-SNAPSHOT.jar:?]
	at org.apache.hadoop.ozone.om.OzoneManager.getFileStatus(OzoneManager.java:3491) ~[ozone-manager-1.4.0-SNAPSHOT.jar:?]
	at org.apache.hadoop.ozone.protocolPB.OzoneManagerRequestHandler.getOzoneFileStatus(OzoneManagerRequestHandler.java:934) ~[ozone-manager-1.4.0-SNAPSHOT.jar:?]
	at org.apache.hadoop.ozone.protocolPB.OzoneManagerRequestHandler.handleReadRequest(OzoneManagerRequestHandler.java:238) ~[ozone-manager-1.4.0-SNAPSHOT.jar:?]
	at org.apache.hadoop.ozone.protocolPB.OzoneManagerProtocolServerSideTranslatorPB.submitReadRequestToOM(OzoneManagerProtocolServerSideTranslatorPB.java:223) ~[ozone-manager-1.4.0-SNAPSHOT.jar:?]
	at org.apache.hadoop.ozone.protocolPB.OzoneManagerProtocolServerSideTranslatorPB.processRequest(OzoneManagerProtocolServerSideTranslatorPB.java:177) ~[ozone-manager-1.4.0-SNAPSHOT.jar:?]
	at org.apache.hadoop.hdds.server.OzoneProtocolMessageDispatcher.processRequest(OzoneProtocolMessageDispatcher.java:87) [hdds-server-framework-1.4.0-SNAPSHOT.jar:?]
	at org.apache.hadoop.ozone.protocolPB.OzoneManagerProtocolServerSideTranslatorPB.submitRequest(OzoneManagerProtocolServerSideTranslatorPB.java:147) [ozone-manager-1.4.0-SNAPSHOT.jar:?]
	at org.apache.hadoop.ozone.protocol.proto.OzoneManagerProtocolProtos$OzoneManagerService$2.callBlockingMethod(OzoneManagerProtocolProtos.java) [ozone-interface-client-1.4.0-SNAPSHOT.jar:?]
	at org.apache.hadoop.ipc.ProtobufRpcEngine$Server.processCall(ProtobufRpcEngine.java:484) [hadoop-common-3.3.5.jar:?]
	at org.apache.hadoop.ipc.ProtobufRpcEngine2$Server$ProtoBufRpcInvoker.call(ProtobufRpcEngine2.java:595) [hadoop-common-3.3.5.jar:?]
	at org.apache.hadoop.ipc.ProtobufRpcEngine2$Server$ProtoBufRpcInvoker.call(ProtobufRpcEngine2.java:573) [hadoop-common-3.3.5.jar:?]
	at org.apache.hadoop.ipc.RPC$Server.call(RPC.java:1213) [hadoop-common-3.3.5.jar:?]
	at org.apache.hadoop.ipc.Server$RpcCall.run(Server.java:1089) [hadoop-common-3.3.5.jar:?]
	at org.apache.hadoop.ipc.Server$RpcCall.run(Server.java:1012) [hadoop-common-3.3.5.jar:?]
	at java.security.AccessController.doPrivileged(Native Method) ~[?:1.8.0_362]
	at javax.security.auth.Subject.doAs(Subject.java:422) [?:1.8.0_362]
	at org.apache.hadoop.security.UserGroupInformation.doAs(UserGroupInformation.java:1899) [hadoop-common-3.3.5.jar:?]
	at org.apache.hadoop.ipc.Server$Handler.run(Server.java:3026) [hadoop-common-3.3.5.jar:?]
17:16:55.156 [IPC Server handler 1 on default port 41353] ERROR OMAudit - user=runner | ip=127.0.0.1 | op=GET_FILE_STATUS {volume=volume52567, bucket=bucket67420, key=gdir1/dir8, dataSize=0, replicationConfig=null} | ret=FAILURE
org.apache.hadoop.ozone.om.exceptions.OMException: Unable to get file status: volume: volume52567 bucket: bucket67420 key: gdir1/dir8
	at org.apache.hadoop.ozone.om.KeyManagerImpl.getOzoneFileStatus(KeyManagerImpl.java:1200) ~[ozone-manager-1.4.0-SNAPSHOT.jar:?]
	at org.apache.hadoop.ozone.om.KeyManagerImpl.getFileStatus(KeyManagerImpl.java:1118) ~[ozone-manager-1.4.0-SNAPSHOT.jar:?]
	at org.apache.hadoop.ozone.om.OmMetadataReader.getFileStatus(OmMetadataReader.java:288) ~[ozone-manager-1.4.0-SNAPSHOT.jar:?]
	at org.apache.hadoop.ozone.om.OzoneManager.getFileStatus(OzoneManager.java:3491) ~[ozone-manager-1.4.0-SNAPSHOT.jar:?]
	at org.apache.hadoop.ozone.protocolPB.OzoneManagerRequestHandler.getOzoneFileStatus(OzoneManagerRequestHandler.java:934) ~[ozone-manager-1.4.0-SNAPSHOT.jar:?]
	at org.apache.hadoop.ozone.protocolPB.OzoneManagerRequestHandler.handleReadRequest(OzoneManagerRequestHandler.java:238) ~[ozone-manager-1.4.0-SNAPSHOT.jar:?]
	at org.apache.hadoop.ozone.protocolPB.OzoneManagerProtocolServerSideTranslatorPB.submitReadRequestToOM(OzoneManagerProtocolServerSideTranslatorPB.java:223) ~[ozone-manager-1.4.0-SNAPSHOT.jar:?]
	at org.apache.hadoop.ozone.protocolPB.OzoneManagerProtocolServerSideTranslatorPB.processRequest(OzoneManagerProtocolServerSideTranslatorPB.java:177) ~[ozone-manager-1.4.0-SNAPSHOT.jar:?]
	at org.apache.hadoop.hdds.server.OzoneProtocolMessageDispatcher.processRequest(OzoneProtocolMessageDispatcher.java:87) [hdds-server-framework-1.4.0-SNAPSHOT.jar:?]
	at org.apache.hadoop.ozone.protocolPB.OzoneManagerProtocolServerSideTranslatorPB.submitRequest(OzoneManagerProtocolServerSideTranslatorPB.java:147) [ozone-manager-1.4.0-SNAPSHOT.jar:?]
	at org.apache.hadoop.ozone.protocol.proto.OzoneManagerProtocolProtos$OzoneManagerService$2.callBlockingMethod(OzoneManagerProtocolProtos.java) [ozone-interface-client-1.4.0-SNAPSHOT.jar:?]
	at org.apache.hadoop.ipc.ProtobufRpcEngine$Server.processCall(ProtobufRpcEngine.java:484) [hadoop-common-3.3.5.jar:?]
	at org.apache.hadoop.ipc.ProtobufRpcEngine2$Server$ProtoBufRpcInvoker.call(ProtobufRpcEngine2.java:595) [hadoop-common-3.3.5.jar:?]
	at org.apache.hadoop.ipc.ProtobufRpcEngine2$Server$ProtoBufRpcInvoker.call(ProtobufRpcEngine2.java:573) [hadoop-common-3.3.5.jar:?]
	at org.apache.hadoop.ipc.RPC$Server.call(RPC.java:1213) [hadoop-common-3.3.5.jar:?]
	at org.apache.hadoop.ipc.Server$RpcCall.run(Server.java:1089) [hadoop-common-3.3.5.jar:?]
	at org.apache.hadoop.ipc.Server$RpcCall.run(Server.java:1012) [hadoop-common-3.3.5.jar:?]
	at java.security.AccessController.doPrivileged(Native Method) ~[?:1.8.0_362]
	at javax.security.auth.Subject.doAs(Subject.java:422) [?:1.8.0_362]
	at org.apache.hadoop.security.UserGroupInformation.doAs(UserGroupInformation.java:1899) [hadoop-common-3.3.5.jar:?]
	at org.apache.hadoop.ipc.Server$Handler.run(Server.java:3026) [hadoop-common-3.3.5.jar:?]
17:16:55.158 [IPC Server handler 4 on default port 41353] ERROR OMAudit - user=runner | ip=127.0.0.1 | op=GET_FILE_STATUS {volume=volume52567, bucket=bucket67420, key=gdir1/dir8/child, dataSize=0, replicationConfig=null} | ret=FAILURE
org.apache.hadoop.ozone.om.exceptions.OMException: Unable to get file status: volume: volume52567 bucket: bucket67420 key: gdir1/dir8/child
	at org.apache.hadoop.ozone.om.KeyManagerImpl.getOzoneFileStatus(KeyManagerImpl.java:1200) ~[ozone-manager-1.4.0-SNAPSHOT.jar:?]
	at org.apache.hadoop.ozone.om.KeyManagerImpl.getFileStatus(KeyManagerImpl.java:1118) ~[ozone-manager-1.4.0-SNAPSHOT.jar:?]
	at org.apache.hadoop.ozone.om.OmMetadataReader.getFileStatus(OmMetadataReader.java:288) ~[ozone-manager-1.4.0-SNAPSHOT.jar:?]
	at org.apache.hadoop.ozone.om.OzoneManager.getFileStatus(OzoneManager.java:3491) ~[ozone-manager-1.4.0-SNAPSHOT.jar:?]
	at org.apache.hadoop.ozone.protocolPB.OzoneManagerRequestHandler.getOzoneFileStatus(OzoneManagerRequestHandler.java:934) ~[ozone-manager-1.4.0-SNAPSHOT.jar:?]
	at org.apache.hadoop.ozone.protocolPB.OzoneManagerRequestHandler.handleReadRequest(OzoneManagerRequestHandler.java:238) ~[ozone-manager-1.4.0-SNAPSHOT.jar:?]
	at org.apache.hadoop.ozone.protocolPB.OzoneManagerProtocolServerSideTranslatorPB.submitReadRequestToOM(OzoneManagerProtocolServerSideTranslatorPB.java:223) ~[ozone-manager-1.4.0-SNAPSHOT.jar:?]
	at org.apache.hadoop.ozone.protocolPB.OzoneManagerProtocolServerSideTranslatorPB.processRequest(OzoneManagerProtocolServerSideTranslatorPB.java:177) ~[ozone-manager-1.4.0-SNAPSHOT.jar:?]
	at org.apache.hadoop.hdds.server.OzoneProtocolMessageDispatcher.processRequest(OzoneProtocolMessageDispatcher.java:87) [hdds-server-framework-1.4.0-SNAPSHOT.jar:?]
	at org.apache.hadoop.ozone.protocolPB.OzoneManagerProtocolServerSideTranslatorPB.submitRequest(OzoneManagerProtocolServerSideTranslatorPB.java:147) [ozone-manager-1.4.0-SNAPSHOT.jar:?]
	at org.apache.hadoop.ozone.protocol.proto.OzoneManagerProtocolProtos$OzoneManagerService$2.callBlockingMethod(OzoneManagerProtocolProtos.java) [ozone-interface-client-1.4.0-SNAPSHOT.jar:?]
	at org.apache.hadoop.ipc.ProtobufRpcEngine$Server.processCall(ProtobufRpcEngine.java:484) [hadoop-common-3.3.5.jar:?]
	at org.apache.hadoop.ipc.ProtobufRpcEngine2$Server$ProtoBufRpcInvoker.call(ProtobufRpcEngine2.java:595) [hadoop-common-3.3.5.jar:?]
	at org.apache.hadoop.ipc.ProtobufRpcEngine2$Server$ProtoBufRpcInvoker.call(ProtobufRpcEngine2.java:573) [hadoop-common-3.3.5.jar:?]
	at org.apache.hadoop.ipc.RPC$Server.call(RPC.java:1213) [hadoop-common-3.3.5.jar:?]
	at org.apache.hadoop.ipc.Server$RpcCall.run(Server.java:1089) [hadoop-common-3.3.5.jar:?]
	at org.apache.hadoop.ipc.Server$RpcCall.run(Server.java:1012) [hadoop-common-3.3.5.jar:?]
	at java.security.AccessController.doPrivileged(Native Method) ~[?:1.8.0_362]
	at javax.security.auth.Subject.doAs(Subject.java:422) [?:1.8.0_362]
	at org.apache.hadoop.security.UserGroupInformation.doAs(UserGroupInformation.java:1899) [hadoop-common-3.3.5.jar:?]
	at org.apache.hadoop.ipc.Server$Handler.run(Server.java:3026) [hadoop-common-3.3.5.jar:?]
17:16:55.159 [IPC Server handler 2 on default port 41353] ERROR OMAudit - user=runner | ip=127.0.0.1 | op=GET_FILE_STATUS {volume=volume52567, bucket=bucket67420, key=gdir1/dir9, dataSize=0, replicationConfig=null} | ret=FAILURE
org.apache.hadoop.ozone.om.exceptions.OMException: Unable to get file status: volume: volume52567 bucket: bucket67420 key: gdir1/dir9
	at org.apache.hadoop.ozone.om.KeyManagerImpl.getOzoneFileStatus(KeyManagerImpl.java:1200) ~[ozone-manager-1.4.0-SNAPSHOT.jar:?]
	at org.apache.hadoop.ozone.om.KeyManagerImpl.getFileStatus(KeyManagerImpl.java:1118) ~[ozone-manager-1.4.0-SNAPSHOT.jar:?]
	at org.apache.hadoop.ozone.om.OmMetadataReader.getFileStatus(OmMetadataReader.java:288) ~[ozone-manager-1.4.0-SNAPSHOT.jar:?]
	at org.apache.hadoop.ozone.om.OzoneManager.getFileStatus(OzoneManager.java:3491) ~[ozone-manager-1.4.0-SNAPSHOT.jar:?]
	at org.apache.hadoop.ozone.protocolPB.OzoneManagerRequestHandler.getOzoneFileStatus(OzoneManagerRequestHandler.java:934) ~[ozone-manager-1.4.0-SNAPSHOT.jar:?]
	at org.apache.hadoop.ozone.protocolPB.OzoneManagerRequestHandler.handleReadRequest(OzoneManagerRequestHandler.java:238) ~[ozone-manager-1.4.0-SNAPSHOT.jar:?]
	at org.apache.hadoop.ozone.protocolPB.OzoneManagerProtocolServerSideTranslatorPB.submitReadRequestToOM(OzoneManagerProtocolServerSideTranslatorPB.java:223) ~[ozone-manager-1.4.0-SNAPSHOT.jar:?]
	at org.apache.hadoop.ozone.protocolPB.OzoneManagerProtocolServerSideTranslatorPB.processRequest(OzoneManagerProtocolServerSideTranslatorPB.java:177) ~[ozone-manager-1.4.0-SNAPSHOT.jar:?]
	at org.apache.hadoop.hdds.server.OzoneProtocolMessageDispatcher.processRequest(OzoneProtocolMessageDispatcher.java:87) [hdds-server-framework-1.4.0-SNAPSHOT.jar:?]
	at org.apache.hadoop.ozone.protocolPB.OzoneManagerProtocolServerSideTranslatorPB.submitRequest(OzoneManagerProtocolServerSideTranslatorPB.java:147) [ozone-manager-1.4.0-SNAPSHOT.jar:?]
	at org.apache.hadoop.ozone.protocol.proto.OzoneManagerProtocolProtos$OzoneManagerService$2.callBlockingMethod(OzoneManagerProtocolProtos.java) [ozone-interface-client-1.4.0-SNAPSHOT.jar:?]
	at org.apache.hadoop.ipc.ProtobufRpcEngine$Server.processCall(ProtobufRpcEngine.java:484) [hadoop-common-3.3.5.jar:?]
	at org.apache.hadoop.ipc.ProtobufRpcEngine2$Server$ProtoBufRpcInvoker.call(ProtobufRpcEngine2.java:595) [hadoop-common-3.3.5.jar:?]
	at org.apache.hadoop.ipc.ProtobufRpcEngine2$Server$ProtoBufRpcInvoker.call(ProtobufRpcEngine2.java:573) [hadoop-common-3.3.5.jar:?]
	at org.apache.hadoop.ipc.RPC$Server.call(RPC.java:1213) [hadoop-common-3.3.5.jar:?]
	at org.apache.hadoop.ipc.Server$RpcCall.run(Server.java:1089) [hadoop-common-3.3.5.jar:?]
	at org.apache.hadoop.ipc.Server$RpcCall.run(Server.java:1012) [hadoop-common-3.3.5.jar:?]
	at java.security.AccessController.doPrivileged(Native Method) ~[?:1.8.0_362]
	at javax.security.auth.Subject.doAs(Subject.java:422) [?:1.8.0_362]
	at org.apache.hadoop.security.UserGroupInformation.doAs(UserGroupInformation.java:1899) [hadoop-common-3.3.5.jar:?]
	at org.apache.hadoop.ipc.Server$Handler.run(Server.java:3026) [hadoop-common-3.3.5.jar:?]
17:16:55.161 [IPC Server handler 6 on default port 41353] ERROR OMAudit - user=runner | ip=127.0.0.1 | op=GET_FILE_STATUS {volume=volume52567, bucket=bucket67420, key=gdir1/dir9/child, dataSize=0, replicationConfig=null} | ret=FAILURE
org.apache.hadoop.ozone.om.exceptions.OMException: Unable to get file status: volume: volume52567 bucket: bucket67420 key: gdir1/dir9/child
	at org.apache.hadoop.ozone.om.KeyManagerImpl.getOzoneFileStatus(KeyManagerImpl.java:1200) ~[ozone-manager-1.4.0-SNAPSHOT.jar:?]
	at org.apache.hadoop.ozone.om.KeyManagerImpl.getFileStatus(KeyManagerImpl.java:1118) ~[ozone-manager-1.4.0-SNAPSHOT.jar:?]
	at org.apache.hadoop.ozone.om.OmMetadataReader.getFileStatus(OmMetadataReader.java:288) ~[ozone-manager-1.4.0-SNAPSHOT.jar:?]
	at org.apache.hadoop.ozone.om.OzoneManager.getFileStatus(OzoneManager.java:3491) ~[ozone-manager-1.4.0-SNAPSHOT.jar:?]
	at org.apache.hadoop.ozone.protocolPB.OzoneManagerRequestHandler.getOzoneFileStatus(OzoneManagerRequestHandler.java:934) ~[ozone-manager-1.4.0-SNAPSHOT.jar:?]
	at org.apache.hadoop.ozone.protocolPB.OzoneManagerRequestHandler.handleReadRequest(OzoneManagerRequestHandler.java:238) ~[ozone-manager-1.4.0-SNAPSHOT.jar:?]
	at org.apache.hadoop.ozone.protocolPB.OzoneManagerProtocolServerSideTranslatorPB.submitReadRequestToOM(OzoneManagerProtocolServerSideTranslatorPB.java:223) ~[ozone-manager-1.4.0-SNAPSHOT.jar:?]
	at org.apache.hadoop.ozone.protocolPB.OzoneManagerProtocolServerSideTranslatorPB.processRequest(OzoneManagerProtocolServerSideTranslatorPB.java:177) ~[ozone-manager-1.4.0-SNAPSHOT.jar:?]
	at org.apache.hadoop.hdds.server.OzoneProtocolMessageDispatcher.processRequest(OzoneProtocolMessageDispatcher.java:87) [hdds-server-framework-1.4.0-SNAPSHOT.jar:?]
	at org.apache.hadoop.ozone.protocolPB.OzoneManagerProtocolServerSideTranslatorPB.submitRequest(OzoneManagerProtocolServerSideTranslatorPB.java:147) [ozone-manager-1.4.0-SNAPSHOT.jar:?]
	at org.apache.hadoop.ozone.protocol.proto.OzoneManagerProtocolProtos$OzoneManagerService$2.callBlockingMethod(OzoneManagerProtocolProtos.java) [ozone-interface-client-1.4.0-SNAPSHOT.jar:?]
	at org.apache.hadoop.ipc.ProtobufRpcEngine$Server.processCall(ProtobufRpcEngine.java:484) [hadoop-common-3.3.5.jar:?]
	at org.apache.hadoop.ipc.ProtobufRpcEngine2$Server$ProtoBufRpcInvoker.call(ProtobufRpcEngine2.java:595) [hadoop-common-3.3.5.jar:?]
	at org.apache.hadoop.ipc.ProtobufRpcEngine2$Server$ProtoBufRpcInvoker.call(ProtobufRpcEngine2.java:573) [hadoop-common-3.3.5.jar:?]
	at org.apache.hadoop.ipc.RPC$Server.call(RPC.java:1213) [hadoop-common-3.3.5.jar:?]
	at org.apache.hadoop.ipc.Server$RpcCall.run(Server.java:1089) [hadoop-common-3.3.5.jar:?]
	at org.apache.hadoop.ipc.Server$RpcCall.run(Server.java:1012) [hadoop-common-3.3.5.jar:?]
	at java.security.AccessController.doPrivileged(Native Method) ~[?:1.8.0_362]
	at javax.security.auth.Subject.doAs(Subject.java:422) [?:1.8.0_362]
	at org.apache.hadoop.security.UserGroupInformation.doAs(UserGroupInformation.java:1899) [hadoop-common-3.3.5.jar:?]
	at org.apache.hadoop.ipc.Server$Handler.run(Server.java:3026) [hadoop-common-3.3.5.jar:?]
17:16:55.162 [IPC Server handler 12 on default port 41353] ERROR OMAudit - user=runner | ip=127.0.0.1 | op=GET_FILE_STATUS {volume=volume52567, bucket=bucket67420, key=gdir1/dir10, dataSize=0, replicationConfig=null} | ret=FAILURE
org.apache.hadoop.ozone.om.exceptions.OMException: Unable to get file status: volume: volume52567 bucket: bucket67420 key: gdir1/dir10
	at org.apache.hadoop.ozone.om.KeyManagerImpl.getOzoneFileStatus(KeyManagerImpl.java:1200) ~[ozone-manager-1.4.0-SNAPSHOT.jar:?]
	at org.apache.hadoop.ozone.om.KeyManagerImpl.getFileStatus(KeyManagerImpl.java:1118) ~[ozone-manager-1.4.0-SNAPSHOT.jar:?]
	at org.apache.hadoop.ozone.om.OmMetadataReader.getFileStatus(OmMetadataReader.java:288) ~[ozone-manager-1.4.0-SNAPSHOT.jar:?]
	at org.apache.hadoop.ozone.om.OzoneManager.getFileStatus(OzoneManager.java:3491) ~[ozone-manager-1.4.0-SNAPSHOT.jar:?]
	at org.apache.hadoop.ozone.protocolPB.OzoneManagerRequestHandler.getOzoneFileStatus(OzoneManagerRequestHandler.java:934) ~[ozone-manager-1.4.0-SNAPSHOT.jar:?]
	at org.apache.hadoop.ozone.protocolPB.OzoneManagerRequestHandler.handleReadRequest(OzoneManagerRequestHandler.java:238) ~[ozone-manager-1.4.0-SNAPSHOT.jar:?]
	at org.apache.hadoop.ozone.protocolPB.OzoneManagerProtocolServerSideTranslatorPB.submitReadRequestToOM(OzoneManagerProtocolServerSideTranslatorPB.java:223) ~[ozone-manager-1.4.0-SNAPSHOT.jar:?]
	at org.apache.hadoop.ozone.protocolPB.OzoneManagerProtocolServerSideTranslatorPB.processRequest(OzoneManagerProtocolServerSideTranslatorPB.java:177) ~[ozone-manager-1.4.0-SNAPSHOT.jar:?]
	at org.apache.hadoop.hdds.server.OzoneProtocolMessageDispatcher.processRequest(OzoneProtocolMessageDispatcher.java:87) [hdds-server-framework-1.4.0-SNAPSHOT.jar:?]
	at org.apache.hadoop.ozone.protocolPB.OzoneManagerProtocolServerSideTranslatorPB.submitRequest(OzoneManagerProtocolServerSideTranslatorPB.java:147) [ozone-manager-1.4.0-SNAPSHOT.jar:?]
	at org.apache.hadoop.ozone.protocol.proto.OzoneManagerProtocolProtos$OzoneManagerService$2.callBlockingMethod(OzoneManagerProtocolProtos.java) [ozone-interface-client-1.4.0-SNAPSHOT.jar:?]
	at org.apache.hadoop.ipc.ProtobufRpcEngine$Server.processCall(ProtobufRpcEngine.java:484) [hadoop-common-3.3.5.jar:?]
	at org.apache.hadoop.ipc.ProtobufRpcEngine2$Server$ProtoBufRpcInvoker.call(ProtobufRpcEngine2.java:595) [hadoop-common-3.3.5.jar:?]
	at org.apache.hadoop.ipc.ProtobufRpcEngine2$Server$ProtoBufRpcInvoker.call(ProtobufRpcEngine2.java:573) [hadoop-common-3.3.5.jar:?]
	at org.apache.hadoop.ipc.RPC$Server.call(RPC.java:1213) [hadoop-common-3.3.5.jar:?]
	at org.apache.hadoop.ipc.Server$RpcCall.run(Server.java:1089) [hadoop-common-3.3.5.jar:?]
	at org.apache.hadoop.ipc.Server$RpcCall.run(Server.java:1012) [hadoop-common-3.3.5.jar:?]
	at java.security.AccessController.doPrivileged(Native Method) ~[?:1.8.0_362]
	at javax.security.auth.Subject.doAs(Subject.java:422) [?:1.8.0_362]
	at org.apache.hadoop.security.UserGroupInformation.doAs(UserGroupInformation.java:1899) [hadoop-common-3.3.5.jar:?]
	at org.apache.hadoop.ipc.Server$Handler.run(Server.java:3026) [hadoop-common-3.3.5.jar:?]
17:16:55.164 [IPC Server handler 7 on default port 41353] ERROR OMAudit - user=runner | ip=127.0.0.1 | op=GET_FILE_STATUS {volume=volume52567, bucket=bucket67420, key=gdir1/dir10/child, dataSize=0, replicationConfig=null} | ret=FAILURE
org.apache.hadoop.ozone.om.exceptions.OMException: Unable to get file status: volume: volume52567 bucket: bucket67420 key: gdir1/dir10/child
	at org.apache.hadoop.ozone.om.KeyManagerImpl.getOzoneFileStatus(KeyManagerImpl.java:1200) ~[ozone-manager-1.4.0-SNAPSHOT.jar:?]
	at org.apache.hadoop.ozone.om.KeyManagerImpl.getFileStatus(KeyManagerImpl.java:1118) ~[ozone-manager-1.4.0-SNAPSHOT.jar:?]
	at org.apache.hadoop.ozone.om.OmMetadataReader.getFileStatus(OmMetadataReader.java:288) ~[ozone-manager-1.4.0-SNAPSHOT.jar:?]
	at org.apache.hadoop.ozone.om.OzoneManager.getFileStatus(OzoneManager.java:3491) ~[ozone-manager-1.4.0-SNAPSHOT.jar:?]
	at org.apache.hadoop.ozone.protocolPB.OzoneManagerRequestHandler.getOzoneFileStatus(OzoneManagerRequestHandler.java:934) ~[ozone-manager-1.4.0-SNAPSHOT.jar:?]
	at org.apache.hadoop.ozone.protocolPB.OzoneManagerRequestHandler.handleReadRequest(OzoneManagerRequestHandler.java:238) ~[ozone-manager-1.4.0-SNAPSHOT.jar:?]
	at org.apache.hadoop.ozone.protocolPB.OzoneManagerProtocolServerSideTranslatorPB.submitReadRequestToOM(OzoneManagerProtocolServerSideTranslatorPB.java:223) ~[ozone-manager-1.4.0-SNAPSHOT.jar:?]
	at org.apache.hadoop.ozone.protocolPB.OzoneManagerProtocolServerSideTranslatorPB.processRequest(OzoneManagerProtocolServerSideTranslatorPB.java:177) ~[ozone-manager-1.4.0-SNAPSHOT.jar:?]
	at org.apache.hadoop.hdds.server.OzoneProtocolMessageDispatcher.processRequest(OzoneProtocolMessageDispatcher.java:87) [hdds-server-framework-1.4.0-SNAPSHOT.jar:?]
	at org.apache.hadoop.ozone.protocolPB.OzoneManagerProtocolServerSideTranslatorPB.submitRequest(OzoneManagerProtocolServerSideTranslatorPB.java:147) [ozone-manager-1.4.0-SNAPSHOT.jar:?]
	at org.apache.hadoop.ozone.protocol.proto.OzoneManagerProtocolProtos$OzoneManagerService$2.callBlockingMethod(OzoneManagerProtocolProtos.java) [ozone-interface-client-1.4.0-SNAPSHOT.jar:?]
	at org.apache.hadoop.ipc.ProtobufRpcEngine$Server.processCall(ProtobufRpcEngine.java:484) [hadoop-common-3.3.5.jar:?]
	at org.apache.hadoop.ipc.ProtobufRpcEngine2$Server$ProtoBufRpcInvoker.call(ProtobufRpcEngine2.java:595) [hadoop-common-3.3.5.jar:?]
	at org.apache.hadoop.ipc.ProtobufRpcEngine2$Server$ProtoBufRpcInvoker.call(ProtobufRpcEngine2.java:573) [hadoop-common-3.3.5.jar:?]
	at org.apache.hadoop.ipc.RPC$Server.call(RPC.java:1213) [hadoop-common-3.3.5.jar:?]
	at org.apache.hadoop.ipc.Server$RpcCall.run(Server.java:1089) [hadoop-common-3.3.5.jar:?]
	at org.apache.hadoop.ipc.Server$RpcCall.run(Server.java:1012) [hadoop-common-3.3.5.jar:?]
	at java.security.AccessController.doPrivileged(Native Method) ~[?:1.8.0_362]
	at javax.security.auth.Subject.doAs(Subject.java:422) [?:1.8.0_362]
	at org.apache.hadoop.security.UserGroupInformation.doAs(UserGroupInformation.java:1899) [hadoop-common-3.3.5.jar:?]
	at org.apache.hadoop.ipc.Server$Handler.run(Server.java:3026) [hadoop-common-3.3.5.jar:?]
2023-04-11 17:16:55,175 [OM StateMachine ApplyTransaction Thread - 0] INFO  key.OMKeyRequest (OMKeyRequest.java:wrapUncommittedBlocksAsPseudoKey(838)) - Detect allocated but uncommitted blocks [{blockID={containerID=4, localID=111677748019200024}, length=4194304, offset=0, token=null, pipeline=null, createVersion=0, partNumber=0}] in key level0/level1/file1.
2023-04-11 17:16:55,187 [OM StateMachine ApplyTransaction Thread - 0] INFO  key.OMKeyRequest (OMKeyRequest.java:wrapUncommittedBlocksAsPseudoKey(838)) - Detect allocated but uncommitted blocks [{blockID={containerID=1, localID=111677748019200025}, length=4194304, offset=0, token=null, pipeline=null, createVersion=0, partNumber=0}] in key level0/level1/level1/file1.
2023-04-11 17:16:55,198 [OM StateMachine ApplyTransaction Thread - 0] INFO  key.OMKeyRequest (OMKeyRequest.java:wrapUncommittedBlocksAsPseudoKey(838)) - Detect allocated but uncommitted blocks [{blockID={containerID=2, localID=111677748019200026}, length=4194304, offset=0, token=null, pipeline=null, createVersion=0, partNumber=0}] in key level0/level2/file1.
2023-04-11 17:16:55,214 [OM StateMachine ApplyTransaction Thread - 0] INFO  key.OMKeyRequest (OMKeyRequest.java:wrapUncommittedBlocksAsPseudoKey(838)) - Detect allocated but uncommitted blocks [{blockID={containerID=4, localID=111677748019200027}, length=4194304, offset=0, token=null, pipeline=null, createVersion=0, partNumber=0}] in key level0/level2/level2/file1.
2023-04-11 17:16:55,225 [OM StateMachine ApplyTransaction Thread - 0] INFO  key.OMKeyRequest (OMKeyRequest.java:wrapUncommittedBlocksAsPseudoKey(838)) - Detect allocated but uncommitted blocks [{blockID={containerID=1, localID=111677748019200028}, length=4194304, offset=0, token=null, pipeline=null, createVersion=0, partNumber=0}] in key level0/level3/file1.
2023-04-11 17:16:55,236 [OM StateMachine ApplyTransaction Thread - 0] INFO  key.OMKeyRequest (OMKeyRequest.java:wrapUncommittedBlocksAsPseudoKey(838)) - Detect allocated but uncommitted blocks [{blockID={containerID=3, localID=111677748019200029}, length=4194304, offset=0, token=null, pipeline=null, createVersion=0, partNumber=0}] in key level0/level3/level3/file1.
17:16:55.313 [IPC Server handler 10 on default port 41353] ERROR OMAudit - user=runner | ip=127.0.0.1 | op=GET_FILE_STATUS {volume=volume52567, bucket=bucket67420, key=level0, dataSize=0, replicationConfig=null} | ret=FAILURE
org.apache.hadoop.ozone.om.exceptions.OMException: Unable to get file status: volume: volume52567 bucket: bucket67420 key: level0
	at org.apache.hadoop.ozone.om.KeyManagerImpl.getOzoneFileStatus(KeyManagerImpl.java:1200) ~[ozone-manager-1.4.0-SNAPSHOT.jar:?]
	at org.apache.hadoop.ozone.om.KeyManagerImpl.getFileStatus(KeyManagerImpl.java:1118) ~[ozone-manager-1.4.0-SNAPSHOT.jar:?]
	at org.apache.hadoop.ozone.om.OmMetadataReader.getFileStatus(OmMetadataReader.java:288) ~[ozone-manager-1.4.0-SNAPSHOT.jar:?]
	at org.apache.hadoop.ozone.om.OzoneManager.getFileStatus(OzoneManager.java:3491) ~[ozone-manager-1.4.0-SNAPSHOT.jar:?]
	at org.apache.hadoop.ozone.protocolPB.OzoneManagerRequestHandler.getOzoneFileStatus(OzoneManagerRequestHandler.java:934) ~[ozone-manager-1.4.0-SNAPSHOT.jar:?]
	at org.apache.hadoop.ozone.protocolPB.OzoneManagerRequestHandler.handleReadRequest(OzoneManagerRequestHandler.java:238) ~[ozone-manager-1.4.0-SNAPSHOT.jar:?]
	at org.apache.hadoop.ozone.protocolPB.OzoneManagerProtocolServerSideTranslatorPB.submitReadRequestToOM(OzoneManagerProtocolServerSideTranslatorPB.java:223) ~[ozone-manager-1.4.0-SNAPSHOT.jar:?]
	at org.apache.hadoop.ozone.protocolPB.OzoneManagerProtocolServerSideTranslatorPB.processRequest(OzoneManagerProtocolServerSideTranslatorPB.java:177) ~[ozone-manager-1.4.0-SNAPSHOT.jar:?]
	at org.apache.hadoop.hdds.server.OzoneProtocolMessageDispatcher.processRequest(OzoneProtocolMessageDispatcher.java:87) [hdds-server-framework-1.4.0-SNAPSHOT.jar:?]
	at org.apache.hadoop.ozone.protocolPB.OzoneManagerProtocolServerSideTranslatorPB.submitRequest(OzoneManagerProtocolServerSideTranslatorPB.java:147) [ozone-manager-1.4.0-SNAPSHOT.jar:?]
	at org.apache.hadoop.ozone.protocol.proto.OzoneManagerProtocolProtos$OzoneManagerService$2.callBlockingMethod(OzoneManagerProtocolProtos.java) [ozone-interface-client-1.4.0-SNAPSHOT.jar:?]
	at org.apache.hadoop.ipc.ProtobufRpcEngine$Server.processCall(ProtobufRpcEngine.java:484) [hadoop-common-3.3.5.jar:?]
	at org.apache.hadoop.ipc.ProtobufRpcEngine2$Server$ProtoBufRpcInvoker.call(ProtobufRpcEngine2.java:595) [hadoop-common-3.3.5.jar:?]
	at org.apache.hadoop.ipc.ProtobufRpcEngine2$Server$ProtoBufRpcInvoker.call(ProtobufRpcEngine2.java:573) [hadoop-common-3.3.5.jar:?]
	at org.apache.hadoop.ipc.RPC$Server.call(RPC.java:1213) [hadoop-common-3.3.5.jar:?]
	at org.apache.hadoop.ipc.Server$RpcCall.run(Server.java:1089) [hadoop-common-3.3.5.jar:?]
	at org.apache.hadoop.ipc.Server$RpcCall.run(Server.java:1012) [hadoop-common-3.3.5.jar:?]
	at java.security.AccessController.doPrivileged(Native Method) ~[?:1.8.0_362]
	at javax.security.auth.Subject.doAs(Subject.java:422) [?:1.8.0_362]
	at org.apache.hadoop.security.UserGroupInformation.doAs(UserGroupInformation.java:1899) [hadoop-common-3.3.5.jar:?]
	at org.apache.hadoop.ipc.Server$Handler.run(Server.java:3026) [hadoop-common-3.3.5.jar:?]
17:16:55.315 [IPC Server handler 1 on default port 41353] ERROR OMAudit - user=runner | ip=127.0.0.1 | op=GET_FILE_STATUS {volume=volume52567, bucket=bucket67420, key=level0/level1, dataSize=0, replicationConfig=null} | ret=FAILURE
org.apache.hadoop.ozone.om.exceptions.OMException: Unable to get file status: volume: volume52567 bucket: bucket67420 key: level0/level1
	at org.apache.hadoop.ozone.om.KeyManagerImpl.getOzoneFileStatus(KeyManagerImpl.java:1200) ~[ozone-manager-1.4.0-SNAPSHOT.jar:?]
	at org.apache.hadoop.ozone.om.KeyManagerImpl.getFileStatus(KeyManagerImpl.java:1118) ~[ozone-manager-1.4.0-SNAPSHOT.jar:?]
	at org.apache.hadoop.ozone.om.OmMetadataReader.getFileStatus(OmMetadataReader.java:288) ~[ozone-manager-1.4.0-SNAPSHOT.jar:?]
	at org.apache.hadoop.ozone.om.OzoneManager.getFileStatus(OzoneManager.java:3491) ~[ozone-manager-1.4.0-SNAPSHOT.jar:?]
	at org.apache.hadoop.ozone.protocolPB.OzoneManagerRequestHandler.getOzoneFileStatus(OzoneManagerRequestHandler.java:934) ~[ozone-manager-1.4.0-SNAPSHOT.jar:?]
	at org.apache.hadoop.ozone.protocolPB.OzoneManagerRequestHandler.handleReadRequest(OzoneManagerRequestHandler.java:238) ~[ozone-manager-1.4.0-SNAPSHOT.jar:?]
	at org.apache.hadoop.ozone.protocolPB.OzoneManagerProtocolServerSideTranslatorPB.submitReadRequestToOM(OzoneManagerProtocolServerSideTranslatorPB.java:223) ~[ozone-manager-1.4.0-SNAPSHOT.jar:?]
	at org.apache.hadoop.ozone.protocolPB.OzoneManagerProtocolServerSideTranslatorPB.processRequest(OzoneManagerProtocolServerSideTranslatorPB.java:177) ~[ozone-manager-1.4.0-SNAPSHOT.jar:?]
	at org.apache.hadoop.hdds.server.OzoneProtocolMessageDispatcher.processRequest(OzoneProtocolMessageDispatcher.java:87) [hdds-server-framework-1.4.0-SNAPSHOT.jar:?]
	at org.apache.hadoop.ozone.protocolPB.OzoneManagerProtocolServerSideTranslatorPB.submitRequest(OzoneManagerProtocolServerSideTranslatorPB.java:147) [ozone-manager-1.4.0-SNAPSHOT.jar:?]
	at org.apache.hadoop.ozone.protocol.proto.OzoneManagerProtocolProtos$OzoneManagerService$2.callBlockingMethod(OzoneManagerProtocolProtos.java) [ozone-interface-client-1.4.0-SNAPSHOT.jar:?]
	at org.apache.hadoop.ipc.ProtobufRpcEngine$Server.processCall(ProtobufRpcEngine.java:484) [hadoop-common-3.3.5.jar:?]
	at org.apache.hadoop.ipc.ProtobufRpcEngine2$Server$ProtoBufRpcInvoker.call(ProtobufRpcEngine2.java:595) [hadoop-common-3.3.5.jar:?]
	at org.apache.hadoop.ipc.ProtobufRpcEngine2$Server$ProtoBufRpcInvoker.call(ProtobufRpcEngine2.java:573) [hadoop-common-3.3.5.jar:?]
	at org.apache.hadoop.ipc.RPC$Server.call(RPC.java:1213) [hadoop-common-3.3.5.jar:?]
	at org.apache.hadoop.ipc.Server$RpcCall.run(Server.java:1089) [hadoop-common-3.3.5.jar:?]
	at org.apache.hadoop.ipc.Server$RpcCall.run(Server.java:1012) [hadoop-common-3.3.5.jar:?]
	at java.security.AccessController.doPrivileged(Native Method) ~[?:1.8.0_362]
	at javax.security.auth.Subject.doAs(Subject.java:422) [?:1.8.0_362]
	at org.apache.hadoop.security.UserGroupInformation.doAs(UserGroupInformation.java:1899) [hadoop-common-3.3.5.jar:?]
	at org.apache.hadoop.ipc.Server$Handler.run(Server.java:3026) [hadoop-common-3.3.5.jar:?]
17:16:55.317 [IPC Server handler 4 on default port 41353] ERROR OMAudit - user=runner | ip=127.0.0.1 | op=GET_FILE_STATUS {volume=volume52567, bucket=bucket67420, key=level0/level1/level1, dataSize=0, replicationConfig=null} | ret=FAILURE
org.apache.hadoop.ozone.om.exceptions.OMException: Unable to get file status: volume: volume52567 bucket: bucket67420 key: level0/level1/level1
	at org.apache.hadoop.ozone.om.KeyManagerImpl.getOzoneFileStatus(KeyManagerImpl.java:1200) ~[ozone-manager-1.4.0-SNAPSHOT.jar:?]
	at org.apache.hadoop.ozone.om.KeyManagerImpl.getFileStatus(KeyManagerImpl.java:1118) ~[ozone-manager-1.4.0-SNAPSHOT.jar:?]
	at org.apache.hadoop.ozone.om.OmMetadataReader.getFileStatus(OmMetadataReader.java:288) ~[ozone-manager-1.4.0-SNAPSHOT.jar:?]
	at org.apache.hadoop.ozone.om.OzoneManager.getFileStatus(OzoneManager.java:3491) ~[ozone-manager-1.4.0-SNAPSHOT.jar:?]
	at org.apache.hadoop.ozone.protocolPB.OzoneManagerRequestHandler.getOzoneFileStatus(OzoneManagerRequestHandler.java:934) ~[ozone-manager-1.4.0-SNAPSHOT.jar:?]
	at org.apache.hadoop.ozone.protocolPB.OzoneManagerRequestHandler.handleReadRequest(OzoneManagerRequestHandler.java:238) ~[ozone-manager-1.4.0-SNAPSHOT.jar:?]
	at org.apache.hadoop.ozone.protocolPB.OzoneManagerProtocolServerSideTranslatorPB.submitReadRequestToOM(OzoneManagerProtocolServerSideTranslatorPB.java:223) ~[ozone-manager-1.4.0-SNAPSHOT.jar:?]
	at org.apache.hadoop.ozone.protocolPB.OzoneManagerProtocolServerSideTranslatorPB.processRequest(OzoneManagerProtocolServerSideTranslatorPB.java:177) ~[ozone-manager-1.4.0-SNAPSHOT.jar:?]
	at org.apache.hadoop.hdds.server.OzoneProtocolMessageDispatcher.processRequest(OzoneProtocolMessageDispatcher.java:87) [hdds-server-framework-1.4.0-SNAPSHOT.jar:?]
	at org.apache.hadoop.ozone.protocolPB.OzoneManagerProtocolServerSideTranslatorPB.submitRequest(OzoneManagerProtocolServerSideTranslatorPB.java:147) [ozone-manager-1.4.0-SNAPSHOT.jar:?]
	at org.apache.hadoop.ozone.protocol.proto.OzoneManagerProtocolProtos$OzoneManagerService$2.callBlockingMethod(OzoneManagerProtocolProtos.java) [ozone-interface-client-1.4.0-SNAPSHOT.jar:?]
	at org.apache.hadoop.ipc.ProtobufRpcEngine$Server.processCall(ProtobufRpcEngine.java:484) [hadoop-common-3.3.5.jar:?]
	at org.apache.hadoop.ipc.ProtobufRpcEngine2$Server$ProtoBufRpcInvoker.call(ProtobufRpcEngine2.java:595) [hadoop-common-3.3.5.jar:?]
	at org.apache.hadoop.ipc.ProtobufRpcEngine2$Server$ProtoBufRpcInvoker.call(ProtobufRpcEngine2.java:573) [hadoop-common-3.3.5.jar:?]
	at org.apache.hadoop.ipc.RPC$Server.call(RPC.java:1213) [hadoop-common-3.3.5.jar:?]
	at org.apache.hadoop.ipc.Server$RpcCall.run(Server.java:1089) [hadoop-common-3.3.5.jar:?]
	at org.apache.hadoop.ipc.Server$RpcCall.run(Server.java:1012) [hadoop-common-3.3.5.jar:?]
	at java.security.AccessController.doPrivileged(Native Method) ~[?:1.8.0_362]
	at javax.security.auth.Subject.doAs(Subject.java:422) [?:1.8.0_362]
	at org.apache.hadoop.security.UserGroupInformation.doAs(UserGroupInformation.java:1899) [hadoop-common-3.3.5.jar:?]
	at org.apache.hadoop.ipc.Server$Handler.run(Server.java:3026) [hadoop-common-3.3.5.jar:?]
17:16:55.319 [IPC Server handler 2 on default port 41353] ERROR OMAudit - user=runner | ip=127.0.0.1 | op=GET_FILE_STATUS {volume=volume52567, bucket=bucket67420, key=level0/level1/file1, dataSize=0, replicationConfig=null} | ret=FAILURE
org.apache.hadoop.ozone.om.exceptions.OMException: Unable to get file status: volume: volume52567 bucket: bucket67420 key: level0/level1/file1
	at org.apache.hadoop.ozone.om.KeyManagerImpl.getOzoneFileStatus(KeyManagerImpl.java:1200) ~[ozone-manager-1.4.0-SNAPSHOT.jar:?]
	at org.apache.hadoop.ozone.om.KeyManagerImpl.getFileStatus(KeyManagerImpl.java:1118) ~[ozone-manager-1.4.0-SNAPSHOT.jar:?]
	at org.apache.hadoop.ozone.om.OmMetadataReader.getFileStatus(OmMetadataReader.java:288) ~[ozone-manager-1.4.0-SNAPSHOT.jar:?]
	at org.apache.hadoop.ozone.om.OzoneManager.getFileStatus(OzoneManager.java:3491) ~[ozone-manager-1.4.0-SNAPSHOT.jar:?]
	at org.apache.hadoop.ozone.protocolPB.OzoneManagerRequestHandler.getOzoneFileStatus(OzoneManagerRequestHandler.java:934) ~[ozone-manager-1.4.0-SNAPSHOT.jar:?]
	at org.apache.hadoop.ozone.protocolPB.OzoneManagerRequestHandler.handleReadRequest(OzoneManagerRequestHandler.java:238) ~[ozone-manager-1.4.0-SNAPSHOT.jar:?]
	at org.apache.hadoop.ozone.protocolPB.OzoneManagerProtocolServerSideTranslatorPB.submitReadRequestToOM(OzoneManagerProtocolServerSideTranslatorPB.java:223) ~[ozone-manager-1.4.0-SNAPSHOT.jar:?]
	at org.apache.hadoop.ozone.protocolPB.OzoneManagerProtocolServerSideTranslatorPB.processRequest(OzoneManagerProtocolServerSideTranslatorPB.java:177) ~[ozone-manager-1.4.0-SNAPSHOT.jar:?]
	at org.apache.hadoop.hdds.server.OzoneProtocolMessageDispatcher.processRequest(OzoneProtocolMessageDispatcher.java:87) [hdds-server-framework-1.4.0-SNAPSHOT.jar:?]
	at org.apache.hadoop.ozone.protocolPB.OzoneManagerProtocolServerSideTranslatorPB.submitRequest(OzoneManagerProtocolServerSideTranslatorPB.java:147) [ozone-manager-1.4.0-SNAPSHOT.jar:?]
	at org.apache.hadoop.ozone.protocol.proto.OzoneManagerProtocolProtos$OzoneManagerService$2.callBlockingMethod(OzoneManagerProtocolProtos.java) [ozone-interface-client-1.4.0-SNAPSHOT.jar:?]
	at org.apache.hadoop.ipc.ProtobufRpcEngine$Server.processCall(ProtobufRpcEngine.java:484) [hadoop-common-3.3.5.jar:?]
	at org.apache.hadoop.ipc.ProtobufRpcEngine2$Server$ProtoBufRpcInvoker.call(ProtobufRpcEngine2.java:595) [hadoop-common-3.3.5.jar:?]
	at org.apache.hadoop.ipc.ProtobufRpcEngine2$Server$ProtoBufRpcInvoker.call(ProtobufRpcEngine2.java:573) [hadoop-common-3.3.5.jar:?]
	at org.apache.hadoop.ipc.RPC$Server.call(RPC.java:1213) [hadoop-common-3.3.5.jar:?]
	at org.apache.hadoop.ipc.Server$RpcCall.run(Server.java:1089) [hadoop-common-3.3.5.jar:?]
	at org.apache.hadoop.ipc.Server$RpcCall.run(Server.java:1012) [hadoop-common-3.3.5.jar:?]
	at java.security.AccessController.doPrivileged(Native Method) ~[?:1.8.0_362]
	at javax.security.auth.Subject.doAs(Subject.java:422) [?:1.8.0_362]
	at org.apache.hadoop.security.UserGroupInformation.doAs(UserGroupInformation.java:1899) [hadoop-common-3.3.5.jar:?]
	at org.apache.hadoop.ipc.Server$Handler.run(Server.java:3026) [hadoop-common-3.3.5.jar:?]
17:16:55.320 [IPC Server handler 6 on default port 41353] ERROR OMAudit - user=runner | ip=127.0.0.1 | op=GET_FILE_STATUS {volume=volume52567, bucket=bucket67420, key=level0/level1/level1/file1, dataSize=0, replicationConfig=null} | ret=FAILURE
org.apache.hadoop.ozone.om.exceptions.OMException: Unable to get file status: volume: volume52567 bucket: bucket67420 key: level0/level1/level1/file1
	at org.apache.hadoop.ozone.om.KeyManagerImpl.getOzoneFileStatus(KeyManagerImpl.java:1200) ~[ozone-manager-1.4.0-SNAPSHOT.jar:?]
	at org.apache.hadoop.ozone.om.KeyManagerImpl.getFileStatus(KeyManagerImpl.java:1118) ~[ozone-manager-1.4.0-SNAPSHOT.jar:?]
	at org.apache.hadoop.ozone.om.OmMetadataReader.getFileStatus(OmMetadataReader.java:288) ~[ozone-manager-1.4.0-SNAPSHOT.jar:?]
	at org.apache.hadoop.ozone.om.OzoneManager.getFileStatus(OzoneManager.java:3491) ~[ozone-manager-1.4.0-SNAPSHOT.jar:?]
	at org.apache.hadoop.ozone.protocolPB.OzoneManagerRequestHandler.getOzoneFileStatus(OzoneManagerRequestHandler.java:934) ~[ozone-manager-1.4.0-SNAPSHOT.jar:?]
	at org.apache.hadoop.ozone.protocolPB.OzoneManagerRequestHandler.handleReadRequest(OzoneManagerRequestHandler.java:238) ~[ozone-manager-1.4.0-SNAPSHOT.jar:?]
	at org.apache.hadoop.ozone.protocolPB.OzoneManagerProtocolServerSideTranslatorPB.submitReadRequestToOM(OzoneManagerProtocolServerSideTranslatorPB.java:223) ~[ozone-manager-1.4.0-SNAPSHOT.jar:?]
	at org.apache.hadoop.ozone.protocolPB.OzoneManagerProtocolServerSideTranslatorPB.processRequest(OzoneManagerProtocolServerSideTranslatorPB.java:177) ~[ozone-manager-1.4.0-SNAPSHOT.jar:?]
	at org.apache.hadoop.hdds.server.OzoneProtocolMessageDispatcher.processRequest(OzoneProtocolMessageDispatcher.java:87) [hdds-server-framework-1.4.0-SNAPSHOT.jar:?]
	at org.apache.hadoop.ozone.protocolPB.OzoneManagerProtocolServerSideTranslatorPB.submitRequest(OzoneManagerProtocolServerSideTranslatorPB.java:147) [ozone-manager-1.4.0-SNAPSHOT.jar:?]
	at org.apache.hadoop.ozone.protocol.proto.OzoneManagerProtocolProtos$OzoneManagerService$2.callBlockingMethod(OzoneManagerProtocolProtos.java) [ozone-interface-client-1.4.0-SNAPSHOT.jar:?]
	at org.apache.hadoop.ipc.ProtobufRpcEngine$Server.processCall(ProtobufRpcEngine.java:484) [hadoop-common-3.3.5.jar:?]
	at org.apache.hadoop.ipc.ProtobufRpcEngine2$Server$ProtoBufRpcInvoker.call(ProtobufRpcEngine2.java:595) [hadoop-common-3.3.5.jar:?]
	at org.apache.hadoop.ipc.ProtobufRpcEngine2$Server$ProtoBufRpcInvoker.call(ProtobufRpcEngine2.java:573) [hadoop-common-3.3.5.jar:?]
	at org.apache.hadoop.ipc.RPC$Server.call(RPC.java:1213) [hadoop-common-3.3.5.jar:?]
	at org.apache.hadoop.ipc.Server$RpcCall.run(Server.java:1089) [hadoop-common-3.3.5.jar:?]
	at org.apache.hadoop.ipc.Server$RpcCall.run(Server.java:1012) [hadoop-common-3.3.5.jar:?]
	at java.security.AccessController.doPrivileged(Native Method) ~[?:1.8.0_362]
	at javax.security.auth.Subject.doAs(Subject.java:422) [?:1.8.0_362]
	at org.apache.hadoop.security.UserGroupInformation.doAs(UserGroupInformation.java:1899) [hadoop-common-3.3.5.jar:?]
	at org.apache.hadoop.ipc.Server$Handler.run(Server.java:3026) [hadoop-common-3.3.5.jar:?]
17:16:55.322 [IPC Server handler 12 on default port 41353] ERROR OMAudit - user=runner | ip=127.0.0.1 | op=GET_FILE_STATUS {volume=volume52567, bucket=bucket67420, key=level0/level2, dataSize=0, replicationConfig=null} | ret=FAILURE
org.apache.hadoop.ozone.om.exceptions.OMException: Unable to get file status: volume: volume52567 bucket: bucket67420 key: level0/level2
	at org.apache.hadoop.ozone.om.KeyManagerImpl.getOzoneFileStatus(KeyManagerImpl.java:1200) ~[ozone-manager-1.4.0-SNAPSHOT.jar:?]
	at org.apache.hadoop.ozone.om.KeyManagerImpl.getFileStatus(KeyManagerImpl.java:1118) ~[ozone-manager-1.4.0-SNAPSHOT.jar:?]
	at org.apache.hadoop.ozone.om.OmMetadataReader.getFileStatus(OmMetadataReader.java:288) ~[ozone-manager-1.4.0-SNAPSHOT.jar:?]
	at org.apache.hadoop.ozone.om.OzoneManager.getFileStatus(OzoneManager.java:3491) ~[ozone-manager-1.4.0-SNAPSHOT.jar:?]
	at org.apache.hadoop.ozone.protocolPB.OzoneManagerRequestHandler.getOzoneFileStatus(OzoneManagerRequestHandler.java:934) ~[ozone-manager-1.4.0-SNAPSHOT.jar:?]
	at org.apache.hadoop.ozone.protocolPB.OzoneManagerRequestHandler.handleReadRequest(OzoneManagerRequestHandler.java:238) ~[ozone-manager-1.4.0-SNAPSHOT.jar:?]
	at org.apache.hadoop.ozone.protocolPB.OzoneManagerProtocolServerSideTranslatorPB.submitReadRequestToOM(OzoneManagerProtocolServerSideTranslatorPB.java:223) ~[ozone-manager-1.4.0-SNAPSHOT.jar:?]
	at org.apache.hadoop.ozone.protocolPB.OzoneManagerProtocolServerSideTranslatorPB.processRequest(OzoneManagerProtocolServerSideTranslatorPB.java:177) ~[ozone-manager-1.4.0-SNAPSHOT.jar:?]
	at org.apache.hadoop.hdds.server.OzoneProtocolMessageDispatcher.processRequest(OzoneProtocolMessageDispatcher.java:87) [hdds-server-framework-1.4.0-SNAPSHOT.jar:?]
	at org.apache.hadoop.ozone.protocolPB.OzoneManagerProtocolServerSideTranslatorPB.submitRequest(OzoneManagerProtocolServerSideTranslatorPB.java:147) [ozone-manager-1.4.0-SNAPSHOT.jar:?]
	at org.apache.hadoop.ozone.protocol.proto.OzoneManagerProtocolProtos$OzoneManagerService$2.callBlockingMethod(OzoneManagerProtocolProtos.java) [ozone-interface-client-1.4.0-SNAPSHOT.jar:?]
	at org.apache.hadoop.ipc.ProtobufRpcEngine$Server.processCall(ProtobufRpcEngine.java:484) [hadoop-common-3.3.5.jar:?]
	at org.apache.hadoop.ipc.ProtobufRpcEngine2$Server$ProtoBufRpcInvoker.call(ProtobufRpcEngine2.java:595) [hadoop-common-3.3.5.jar:?]
	at org.apache.hadoop.ipc.ProtobufRpcEngine2$Server$ProtoBufRpcInvoker.call(ProtobufRpcEngine2.java:573) [hadoop-common-3.3.5.jar:?]
	at org.apache.hadoop.ipc.RPC$Server.call(RPC.java:1213) [hadoop-common-3.3.5.jar:?]
	at org.apache.hadoop.ipc.Server$RpcCall.run(Server.java:1089) [hadoop-common-3.3.5.jar:?]
	at org.apache.hadoop.ipc.Server$RpcCall.run(Server.java:1012) [hadoop-common-3.3.5.jar:?]
	at java.security.AccessController.doPrivileged(Native Method) ~[?:1.8.0_362]
	at javax.security.auth.Subject.doAs(Subject.java:422) [?:1.8.0_362]
	at org.apache.hadoop.security.UserGroupInformation.doAs(UserGroupInformation.java:1899) [hadoop-common-3.3.5.jar:?]
	at org.apache.hadoop.ipc.Server$Handler.run(Server.java:3026) [hadoop-common-3.3.5.jar:?]
17:16:55.323 [IPC Server handler 7 on default port 41353] ERROR OMAudit - user=runner | ip=127.0.0.1 | op=GET_FILE_STATUS {volume=volume52567, bucket=bucket67420, key=level0/level2/level2, dataSize=0, replicationConfig=null} | ret=FAILURE
org.apache.hadoop.ozone.om.exceptions.OMException: Unable to get file status: volume: volume52567 bucket: bucket67420 key: level0/level2/level2
	at org.apache.hadoop.ozone.om.KeyManagerImpl.getOzoneFileStatus(KeyManagerImpl.java:1200) ~[ozone-manager-1.4.0-SNAPSHOT.jar:?]
	at org.apache.hadoop.ozone.om.KeyManagerImpl.getFileStatus(KeyManagerImpl.java:1118) ~[ozone-manager-1.4.0-SNAPSHOT.jar:?]
	at org.apache.hadoop.ozone.om.OmMetadataReader.getFileStatus(OmMetadataReader.java:288) ~[ozone-manager-1.4.0-SNAPSHOT.jar:?]
	at org.apache.hadoop.ozone.om.OzoneManager.getFileStatus(OzoneManager.java:3491) ~[ozone-manager-1.4.0-SNAPSHOT.jar:?]
	at org.apache.hadoop.ozone.protocolPB.OzoneManagerRequestHandler.getOzoneFileStatus(OzoneManagerRequestHandler.java:934) ~[ozone-manager-1.4.0-SNAPSHOT.jar:?]
	at org.apache.hadoop.ozone.protocolPB.OzoneManagerRequestHandler.handleReadRequest(OzoneManagerRequestHandler.java:238) ~[ozone-manager-1.4.0-SNAPSHOT.jar:?]
	at org.apache.hadoop.ozone.protocolPB.OzoneManagerProtocolServerSideTranslatorPB.submitReadRequestToOM(OzoneManagerProtocolServerSideTranslatorPB.java:223) ~[ozone-manager-1.4.0-SNAPSHOT.jar:?]
	at org.apache.hadoop.ozone.protocolPB.OzoneManagerProtocolServerSideTranslatorPB.processRequest(OzoneManagerProtocolServerSideTranslatorPB.java:177) ~[ozone-manager-1.4.0-SNAPSHOT.jar:?]
	at org.apache.hadoop.hdds.server.OzoneProtocolMessageDispatcher.processRequest(OzoneProtocolMessageDispatcher.java:87) [hdds-server-framework-1.4.0-SNAPSHOT.jar:?]
	at org.apache.hadoop.ozone.protocolPB.OzoneManagerProtocolServerSideTranslatorPB.submitRequest(OzoneManagerProtocolServerSideTranslatorPB.java:147) [ozone-manager-1.4.0-SNAPSHOT.jar:?]
	at org.apache.hadoop.ozone.protocol.proto.OzoneManagerProtocolProtos$OzoneManagerService$2.callBlockingMethod(OzoneManagerProtocolProtos.java) [ozone-interface-client-1.4.0-SNAPSHOT.jar:?]
	at org.apache.hadoop.ipc.ProtobufRpcEngine$Server.processCall(ProtobufRpcEngine.java:484) [hadoop-common-3.3.5.jar:?]
	at org.apache.hadoop.ipc.ProtobufRpcEngine2$Server$ProtoBufRpcInvoker.call(ProtobufRpcEngine2.java:595) [hadoop-common-3.3.5.jar:?]
	at org.apache.hadoop.ipc.ProtobufRpcEngine2$Server$ProtoBufRpcInvoker.call(ProtobufRpcEngine2.java:573) [hadoop-common-3.3.5.jar:?]
	at org.apache.hadoop.ipc.RPC$Server.call(RPC.java:1213) [hadoop-common-3.3.5.jar:?]
	at org.apache.hadoop.ipc.Server$RpcCall.run(Server.java:1089) [hadoop-common-3.3.5.jar:?]
	at org.apache.hadoop.ipc.Server$RpcCall.run(Server.java:1012) [hadoop-common-3.3.5.jar:?]
	at java.security.AccessController.doPrivileged(Native Method) ~[?:1.8.0_362]
	at javax.security.auth.Subject.doAs(Subject.java:422) [?:1.8.0_362]
	at org.apache.hadoop.security.UserGroupInformation.doAs(UserGroupInformation.java:1899) [hadoop-common-3.3.5.jar:?]
	at org.apache.hadoop.ipc.Server$Handler.run(Server.java:3026) [hadoop-common-3.3.5.jar:?]
17:16:55.324 [IPC Server handler 3 on default port 41353] ERROR OMAudit - user=runner | ip=127.0.0.1 | op=GET_FILE_STATUS {volume=volume52567, bucket=bucket67420, key=level0/level2/file1, dataSize=0, replicationConfig=null} | ret=FAILURE
org.apache.hadoop.ozone.om.exceptions.OMException: Unable to get file status: volume: volume52567 bucket: bucket67420 key: level0/level2/file1
	at org.apache.hadoop.ozone.om.KeyManagerImpl.getOzoneFileStatus(KeyManagerImpl.java:1200) ~[ozone-manager-1.4.0-SNAPSHOT.jar:?]
	at org.apache.hadoop.ozone.om.KeyManagerImpl.getFileStatus(KeyManagerImpl.java:1118) ~[ozone-manager-1.4.0-SNAPSHOT.jar:?]
	at org.apache.hadoop.ozone.om.OmMetadataReader.getFileStatus(OmMetadataReader.java:288) ~[ozone-manager-1.4.0-SNAPSHOT.jar:?]
	at org.apache.hadoop.ozone.om.OzoneManager.getFileStatus(OzoneManager.java:3491) ~[ozone-manager-1.4.0-SNAPSHOT.jar:?]
	at org.apache.hadoop.ozone.protocolPB.OzoneManagerRequestHandler.getOzoneFileStatus(OzoneManagerRequestHandler.java:934) ~[ozone-manager-1.4.0-SNAPSHOT.jar:?]
	at org.apache.hadoop.ozone.protocolPB.OzoneManagerRequestHandler.handleReadRequest(OzoneManagerRequestHandler.java:238) ~[ozone-manager-1.4.0-SNAPSHOT.jar:?]
	at org.apache.hadoop.ozone.protocolPB.OzoneManagerProtocolServerSideTranslatorPB.submitReadRequestToOM(OzoneManagerProtocolServerSideTranslatorPB.java:223) ~[ozone-manager-1.4.0-SNAPSHOT.jar:?]
	at org.apache.hadoop.ozone.protocolPB.OzoneManagerProtocolServerSideTranslatorPB.processRequest(OzoneManagerProtocolServerSideTranslatorPB.java:177) ~[ozone-manager-1.4.0-SNAPSHOT.jar:?]
	at org.apache.hadoop.hdds.server.OzoneProtocolMessageDispatcher.processRequest(OzoneProtocolMessageDispatcher.java:87) [hdds-server-framework-1.4.0-SNAPSHOT.jar:?]
	at org.apache.hadoop.ozone.protocolPB.OzoneManagerProtocolServerSideTranslatorPB.submitRequest(OzoneManagerProtocolServerSideTranslatorPB.java:147) [ozone-manager-1.4.0-SNAPSHOT.jar:?]
	at org.apache.hadoop.ozone.protocol.proto.OzoneManagerProtocolProtos$OzoneManagerService$2.callBlockingMethod(OzoneManagerProtocolProtos.java) [ozone-interface-client-1.4.0-SNAPSHOT.jar:?]
	at org.apache.hadoop.ipc.ProtobufRpcEngine$Server.processCall(ProtobufRpcEngine.java:484) [hadoop-common-3.3.5.jar:?]
	at org.apache.hadoop.ipc.ProtobufRpcEngine2$Server$ProtoBufRpcInvoker.call(ProtobufRpcEngine2.java:595) [hadoop-common-3.3.5.jar:?]
	at org.apache.hadoop.ipc.ProtobufRpcEngine2$Server$ProtoBufRpcInvoker.call(ProtobufRpcEngine2.java:573) [hadoop-common-3.3.5.jar:?]
	at org.apache.hadoop.ipc.RPC$Server.call(RPC.java:1213) [hadoop-common-3.3.5.jar:?]
	at org.apache.hadoop.ipc.Server$RpcCall.run(Server.java:1089) [hadoop-common-3.3.5.jar:?]
	at org.apache.hadoop.ipc.Server$RpcCall.run(Server.java:1012) [hadoop-common-3.3.5.jar:?]
	at java.security.AccessController.doPrivileged(Native Method) ~[?:1.8.0_362]
	at javax.security.auth.Subject.doAs(Subject.java:422) [?:1.8.0_362]
	at org.apache.hadoop.security.UserGroupInformation.doAs(UserGroupInformation.java:1899) [hadoop-common-3.3.5.jar:?]
	at org.apache.hadoop.ipc.Server$Handler.run(Server.java:3026) [hadoop-common-3.3.5.jar:?]
17:16:55.327 [IPC Server handler 8 on default port 41353] ERROR OMAudit - user=runner | ip=127.0.0.1 | op=GET_FILE_STATUS {volume=volume52567, bucket=bucket67420, key=level0/level2/level2/file1, dataSize=0, replicationConfig=null} | ret=FAILURE
org.apache.hadoop.ozone.om.exceptions.OMException: Unable to get file status: volume: volume52567 bucket: bucket67420 key: level0/level2/level2/file1
	at org.apache.hadoop.ozone.om.KeyManagerImpl.getOzoneFileStatus(KeyManagerImpl.java:1200) ~[ozone-manager-1.4.0-SNAPSHOT.jar:?]
	at org.apache.hadoop.ozone.om.KeyManagerImpl.getFileStatus(KeyManagerImpl.java:1118) ~[ozone-manager-1.4.0-SNAPSHOT.jar:?]
	at org.apache.hadoop.ozone.om.OmMetadataReader.getFileStatus(OmMetadataReader.java:288) ~[ozone-manager-1.4.0-SNAPSHOT.jar:?]
	at org.apache.hadoop.ozone.om.OzoneManager.getFileStatus(OzoneManager.java:3491) ~[ozone-manager-1.4.0-SNAPSHOT.jar:?]
	at org.apache.hadoop.ozone.protocolPB.OzoneManagerRequestHandler.getOzoneFileStatus(OzoneManagerRequestHandler.java:934) ~[ozone-manager-1.4.0-SNAPSHOT.jar:?]
	at org.apache.hadoop.ozone.protocolPB.OzoneManagerRequestHandler.handleReadRequest(OzoneManagerRequestHandler.java:238) ~[ozone-manager-1.4.0-SNAPSHOT.jar:?]
	at org.apache.hadoop.ozone.protocolPB.OzoneManagerProtocolServerSideTranslatorPB.submitReadRequestToOM(OzoneManagerProtocolServerSideTranslatorPB.java:223) ~[ozone-manager-1.4.0-SNAPSHOT.jar:?]
	at org.apache.hadoop.ozone.protocolPB.OzoneManagerProtocolServerSideTranslatorPB.processRequest(OzoneManagerProtocolServerSideTranslatorPB.java:177) ~[ozone-manager-1.4.0-SNAPSHOT.jar:?]
	at org.apache.hadoop.hdds.server.OzoneProtocolMessageDispatcher.processRequest(OzoneProtocolMessageDispatcher.java:87) [hdds-server-framework-1.4.0-SNAPSHOT.jar:?]
	at org.apache.hadoop.ozone.protocolPB.OzoneManagerProtocolServerSideTranslatorPB.submitRequest(OzoneManagerProtocolServerSideTranslatorPB.java:147) [ozone-manager-1.4.0-SNAPSHOT.jar:?]
	at org.apache.hadoop.ozone.protocol.proto.OzoneManagerProtocolProtos$OzoneManagerService$2.callBlockingMethod(OzoneManagerProtocolProtos.java) [ozone-interface-client-1.4.0-SNAPSHOT.jar:?]
	at org.apache.hadoop.ipc.ProtobufRpcEngine$Server.processCall(ProtobufRpcEngine.java:484) [hadoop-common-3.3.5.jar:?]
	at org.apache.hadoop.ipc.ProtobufRpcEngine2$Server$ProtoBufRpcInvoker.call(ProtobufRpcEngine2.java:595) [hadoop-common-3.3.5.jar:?]
	at org.apache.hadoop.ipc.ProtobufRpcEngine2$Server$ProtoBufRpcInvoker.call(ProtobufRpcEngine2.java:573) [hadoop-common-3.3.5.jar:?]
	at org.apache.hadoop.ipc.RPC$Server.call(RPC.java:1213) [hadoop-common-3.3.5.jar:?]
	at org.apache.hadoop.ipc.Server$RpcCall.run(Server.java:1089) [hadoop-common-3.3.5.jar:?]
	at org.apache.hadoop.ipc.Server$RpcCall.run(Server.java:1012) [hadoop-common-3.3.5.jar:?]
	at java.security.AccessController.doPrivileged(Native Method) ~[?:1.8.0_362]
	at javax.security.auth.Subject.doAs(Subject.java:422) [?:1.8.0_362]
	at org.apache.hadoop.security.UserGroupInformation.doAs(UserGroupInformation.java:1899) [hadoop-common-3.3.5.jar:?]
	at org.apache.hadoop.ipc.Server$Handler.run(Server.java:3026) [hadoop-common-3.3.5.jar:?]
17:16:55.329 [IPC Server handler 5 on default port 41353] ERROR OMAudit - user=runner | ip=127.0.0.1 | op=GET_FILE_STATUS {volume=volume52567, bucket=bucket67420, key=level0/level3, dataSize=0, replicationConfig=null} | ret=FAILURE
org.apache.hadoop.ozone.om.exceptions.OMException: Unable to get file status: volume: volume52567 bucket: bucket67420 key: level0/level3
	at org.apache.hadoop.ozone.om.KeyManagerImpl.getOzoneFileStatus(KeyManagerImpl.java:1200) ~[ozone-manager-1.4.0-SNAPSHOT.jar:?]
	at org.apache.hadoop.ozone.om.KeyManagerImpl.getFileStatus(KeyManagerImpl.java:1118) ~[ozone-manager-1.4.0-SNAPSHOT.jar:?]
	at org.apache.hadoop.ozone.om.OmMetadataReader.getFileStatus(OmMetadataReader.java:288) ~[ozone-manager-1.4.0-SNAPSHOT.jar:?]
	at org.apache.hadoop.ozone.om.OzoneManager.getFileStatus(OzoneManager.java:3491) ~[ozone-manager-1.4.0-SNAPSHOT.jar:?]
	at org.apache.hadoop.ozone.protocolPB.OzoneManagerRequestHandler.getOzoneFileStatus(OzoneManagerRequestHandler.java:934) ~[ozone-manager-1.4.0-SNAPSHOT.jar:?]
	at org.apache.hadoop.ozone.protocolPB.OzoneManagerRequestHandler.handleReadRequest(OzoneManagerRequestHandler.java:238) ~[ozone-manager-1.4.0-SNAPSHOT.jar:?]
	at org.apache.hadoop.ozone.protocolPB.OzoneManagerProtocolServerSideTranslatorPB.submitReadRequestToOM(OzoneManagerProtocolServerSideTranslatorPB.java:223) ~[ozone-manager-1.4.0-SNAPSHOT.jar:?]
	at org.apache.hadoop.ozone.protocolPB.OzoneManagerProtocolServerSideTranslatorPB.processRequest(OzoneManagerProtocolServerSideTranslatorPB.java:177) ~[ozone-manager-1.4.0-SNAPSHOT.jar:?]
	at org.apache.hadoop.hdds.server.OzoneProtocolMessageDispatcher.processRequest(OzoneProtocolMessageDispatcher.java:87) [hdds-server-framework-1.4.0-SNAPSHOT.jar:?]
	at org.apache.hadoop.ozone.protocolPB.OzoneManagerProtocolServerSideTranslatorPB.submitRequest(OzoneManagerProtocolServerSideTranslatorPB.java:147) [ozone-manager-1.4.0-SNAPSHOT.jar:?]
	at org.apache.hadoop.ozone.protocol.proto.OzoneManagerProtocolProtos$OzoneManagerService$2.callBlockingMethod(OzoneManagerProtocolProtos.java) [ozone-interface-client-1.4.0-SNAPSHOT.jar:?]
	at org.apache.hadoop.ipc.ProtobufRpcEngine$Server.processCall(ProtobufRpcEngine.java:484) [hadoop-common-3.3.5.jar:?]
	at org.apache.hadoop.ipc.ProtobufRpcEngine2$Server$ProtoBufRpcInvoker.call(ProtobufRpcEngine2.java:595) [hadoop-common-3.3.5.jar:?]
	at org.apache.hadoop.ipc.ProtobufRpcEngine2$Server$ProtoBufRpcInvoker.call(ProtobufRpcEngine2.java:573) [hadoop-common-3.3.5.jar:?]
	at org.apache.hadoop.ipc.RPC$Server.call(RPC.java:1213) [hadoop-common-3.3.5.jar:?]
	at org.apache.hadoop.ipc.Server$RpcCall.run(Server.java:1089) [hadoop-common-3.3.5.jar:?]
	at org.apache.hadoop.ipc.Server$RpcCall.run(Server.java:1012) [hadoop-common-3.3.5.jar:?]
	at java.security.AccessController.doPrivileged(Native Method) ~[?:1.8.0_362]
	at javax.security.auth.Subject.doAs(Subject.java:422) [?:1.8.0_362]
	at org.apache.hadoop.security.UserGroupInformation.doAs(UserGroupInformation.java:1899) [hadoop-common-3.3.5.jar:?]
	at org.apache.hadoop.ipc.Server$Handler.run(Server.java:3026) [hadoop-common-3.3.5.jar:?]
17:16:55.331 [IPC Server handler 9 on default port 41353] ERROR OMAudit - user=runner | ip=127.0.0.1 | op=GET_FILE_STATUS {volume=volume52567, bucket=bucket67420, key=level0/level3/level3, dataSize=0, replicationConfig=null} | ret=FAILURE
org.apache.hadoop.ozone.om.exceptions.OMException: Unable to get file status: volume: volume52567 bucket: bucket67420 key: level0/level3/level3
	at org.apache.hadoop.ozone.om.KeyManagerImpl.getOzoneFileStatus(KeyManagerImpl.java:1200) ~[ozone-manager-1.4.0-SNAPSHOT.jar:?]
	at org.apache.hadoop.ozone.om.KeyManagerImpl.getFileStatus(KeyManagerImpl.java:1118) ~[ozone-manager-1.4.0-SNAPSHOT.jar:?]
	at org.apache.hadoop.ozone.om.OmMetadataReader.getFileStatus(OmMetadataReader.java:288) ~[ozone-manager-1.4.0-SNAPSHOT.jar:?]
	at org.apache.hadoop.ozone.om.OzoneManager.getFileStatus(OzoneManager.java:3491) ~[ozone-manager-1.4.0-SNAPSHOT.jar:?]
	at org.apache.hadoop.ozone.protocolPB.OzoneManagerRequestHandler.getOzoneFileStatus(OzoneManagerRequestHandler.java:934) ~[ozone-manager-1.4.0-SNAPSHOT.jar:?]
	at org.apache.hadoop.ozone.protocolPB.OzoneManagerRequestHandler.handleReadRequest(OzoneManagerRequestHandler.java:238) ~[ozone-manager-1.4.0-SNAPSHOT.jar:?]
	at org.apache.hadoop.ozone.protocolPB.OzoneManagerProtocolServerSideTranslatorPB.submitReadRequestToOM(OzoneManagerProtocolServerSideTranslatorPB.java:223) ~[ozone-manager-1.4.0-SNAPSHOT.jar:?]
	at org.apache.hadoop.ozone.protocolPB.OzoneManagerProtocolServerSideTranslatorPB.processRequest(OzoneManagerProtocolServerSideTranslatorPB.java:177) ~[ozone-manager-1.4.0-SNAPSHOT.jar:?]
	at org.apache.hadoop.hdds.server.OzoneProtocolMessageDispatcher.processRequest(OzoneProtocolMessageDispatcher.java:87) [hdds-server-framework-1.4.0-SNAPSHOT.jar:?]
	at org.apache.hadoop.ozone.protocolPB.OzoneManagerProtocolServerSideTranslatorPB.submitRequest(OzoneManagerProtocolServerSideTranslatorPB.java:147) [ozone-manager-1.4.0-SNAPSHOT.jar:?]
	at org.apache.hadoop.ozone.protocol.proto.OzoneManagerProtocolProtos$OzoneManagerService$2.callBlockingMethod(OzoneManagerProtocolProtos.java) [ozone-interface-client-1.4.0-SNAPSHOT.jar:?]
	at org.apache.hadoop.ipc.ProtobufRpcEngine$Server.processCall(ProtobufRpcEngine.java:484) [hadoop-common-3.3.5.jar:?]
	at org.apache.hadoop.ipc.ProtobufRpcEngine2$Server$ProtoBufRpcInvoker.call(ProtobufRpcEngine2.java:595) [hadoop-common-3.3.5.jar:?]
	at org.apache.hadoop.ipc.ProtobufRpcEngine2$Server$ProtoBufRpcInvoker.call(ProtobufRpcEngine2.java:573) [hadoop-common-3.3.5.jar:?]
	at org.apache.hadoop.ipc.RPC$Server.call(RPC.java:1213) [hadoop-common-3.3.5.jar:?]
	at org.apache.hadoop.ipc.Server$RpcCall.run(Server.java:1089) [hadoop-common-3.3.5.jar:?]
	at org.apache.hadoop.ipc.Server$RpcCall.run(Server.java:1012) [hadoop-common-3.3.5.jar:?]
	at java.security.AccessController.doPrivileged(Native Method) ~[?:1.8.0_362]
	at javax.security.auth.Subject.doAs(Subject.java:422) [?:1.8.0_362]
	at org.apache.hadoop.security.UserGroupInformation.doAs(UserGroupInformation.java:1899) [hadoop-common-3.3.5.jar:?]
	at org.apache.hadoop.ipc.Server$Handler.run(Server.java:3026) [hadoop-common-3.3.5.jar:?]
17:16:55.334 [IPC Server handler 16 on default port 41353] ERROR OMAudit - user=runner | ip=127.0.0.1 | op=GET_FILE_STATUS {volume=volume52567, bucket=bucket67420, key=level0/level3/file1, dataSize=0, replicationConfig=null} | ret=FAILURE
org.apache.hadoop.ozone.om.exceptions.OMException: Unable to get file status: volume: volume52567 bucket: bucket67420 key: level0/level3/file1
	at org.apache.hadoop.ozone.om.KeyManagerImpl.getOzoneFileStatus(KeyManagerImpl.java:1200) ~[ozone-manager-1.4.0-SNAPSHOT.jar:?]
	at org.apache.hadoop.ozone.om.KeyManagerImpl.getFileStatus(KeyManagerImpl.java:1118) ~[ozone-manager-1.4.0-SNAPSHOT.jar:?]
	at org.apache.hadoop.ozone.om.OmMetadataReader.getFileStatus(OmMetadataReader.java:288) ~[ozone-manager-1.4.0-SNAPSHOT.jar:?]
	at org.apache.hadoop.ozone.om.OzoneManager.getFileStatus(OzoneManager.java:3491) ~[ozone-manager-1.4.0-SNAPSHOT.jar:?]
	at org.apache.hadoop.ozone.protocolPB.OzoneManagerRequestHandler.getOzoneFileStatus(OzoneManagerRequestHandler.java:934) ~[ozone-manager-1.4.0-SNAPSHOT.jar:?]
	at org.apache.hadoop.ozone.protocolPB.OzoneManagerRequestHandler.handleReadRequest(OzoneManagerRequestHandler.java:238) ~[ozone-manager-1.4.0-SNAPSHOT.jar:?]
	at org.apache.hadoop.ozone.protocolPB.OzoneManagerProtocolServerSideTranslatorPB.submitReadRequestToOM(OzoneManagerProtocolServerSideTranslatorPB.java:223) ~[ozone-manager-1.4.0-SNAPSHOT.jar:?]
	at org.apache.hadoop.ozone.protocolPB.OzoneManagerProtocolServerSideTranslatorPB.processRequest(OzoneManagerProtocolServerSideTranslatorPB.java:177) ~[ozone-manager-1.4.0-SNAPSHOT.jar:?]
	at org.apache.hadoop.hdds.server.OzoneProtocolMessageDispatcher.processRequest(OzoneProtocolMessageDispatcher.java:87) [hdds-server-framework-1.4.0-SNAPSHOT.jar:?]
	at org.apache.hadoop.ozone.protocolPB.OzoneManagerProtocolServerSideTranslatorPB.submitRequest(OzoneManagerProtocolServerSideTranslatorPB.java:147) [ozone-manager-1.4.0-SNAPSHOT.jar:?]
	at org.apache.hadoop.ozone.protocol.proto.OzoneManagerProtocolProtos$OzoneManagerService$2.callBlockingMethod(OzoneManagerProtocolProtos.java) [ozone-interface-client-1.4.0-SNAPSHOT.jar:?]
	at org.apache.hadoop.ipc.ProtobufRpcEngine$Server.processCall(ProtobufRpcEngine.java:484) [hadoop-common-3.3.5.jar:?]
	at org.apache.hadoop.ipc.ProtobufRpcEngine2$Server$ProtoBufRpcInvoker.call(ProtobufRpcEngine2.java:595) [hadoop-common-3.3.5.jar:?]
	at org.apache.hadoop.ipc.ProtobufRpcEngine2$Server$ProtoBufRpcInvoker.call(ProtobufRpcEngine2.java:573) [hadoop-common-3.3.5.jar:?]
	at org.apache.hadoop.ipc.RPC$Server.call(RPC.java:1213) [hadoop-common-3.3.5.jar:?]
	at org.apache.hadoop.ipc.Server$RpcCall.run(Server.java:1089) [hadoop-common-3.3.5.jar:?]
	at org.apache.hadoop.ipc.Server$RpcCall.run(Server.java:1012) [hadoop-common-3.3.5.jar:?]
	at java.security.AccessController.doPrivileged(Native Method) ~[?:1.8.0_362]
	at javax.security.auth.Subject.doAs(Subject.java:422) [?:1.8.0_362]
	at org.apache.hadoop.security.UserGroupInformation.doAs(UserGroupInformation.java:1899) [hadoop-common-3.3.5.jar:?]
	at org.apache.hadoop.ipc.Server$Handler.run(Server.java:3026) [hadoop-common-3.3.5.jar:?]
17:16:55.337 [IPC Server handler 18 on default port 41353] ERROR OMAudit - user=runner | ip=127.0.0.1 | op=GET_FILE_STATUS {volume=volume52567, bucket=bucket67420, key=level0/level3/level3/file1, dataSize=0, replicationConfig=null} | ret=FAILURE
org.apache.hadoop.ozone.om.exceptions.OMException: Unable to get file status: volume: volume52567 bucket: bucket67420 key: level0/level3/level3/file1
	at org.apache.hadoop.ozone.om.KeyManagerImpl.getOzoneFileStatus(KeyManagerImpl.java:1200) ~[ozone-manager-1.4.0-SNAPSHOT.jar:?]
	at org.apache.hadoop.ozone.om.KeyManagerImpl.getFileStatus(KeyManagerImpl.java:1118) ~[ozone-manager-1.4.0-SNAPSHOT.jar:?]
	at org.apache.hadoop.ozone.om.OmMetadataReader.getFileStatus(OmMetadataReader.java:288) ~[ozone-manager-1.4.0-SNAPSHOT.jar:?]
	at org.apache.hadoop.ozone.om.OzoneManager.getFileStatus(OzoneManager.java:3491) ~[ozone-manager-1.4.0-SNAPSHOT.jar:?]
	at org.apache.hadoop.ozone.protocolPB.OzoneManagerRequestHandler.getOzoneFileStatus(OzoneManagerRequestHandler.java:934) ~[ozone-manager-1.4.0-SNAPSHOT.jar:?]
	at org.apache.hadoop.ozone.protocolPB.OzoneManagerRequestHandler.handleReadRequest(OzoneManagerRequestHandler.java:238) ~[ozone-manager-1.4.0-SNAPSHOT.jar:?]
	at org.apache.hadoop.ozone.protocolPB.OzoneManagerProtocolServerSideTranslatorPB.submitReadRequestToOM(OzoneManagerProtocolServerSideTranslatorPB.java:223) ~[ozone-manager-1.4.0-SNAPSHOT.jar:?]
	at org.apache.hadoop.ozone.protocolPB.OzoneManagerProtocolServerSideTranslatorPB.processRequest(OzoneManagerProtocolServerSideTranslatorPB.java:177) ~[ozone-manager-1.4.0-SNAPSHOT.jar:?]
	at org.apache.hadoop.hdds.server.OzoneProtocolMessageDispatcher.processRequest(OzoneProtocolMessageDispatcher.java:87) [hdds-server-framework-1.4.0-SNAPSHOT.jar:?]
	at org.apache.hadoop.ozone.protocolPB.OzoneManagerProtocolServerSideTranslatorPB.submitRequest(OzoneManagerProtocolServerSideTranslatorPB.java:147) [ozone-manager-1.4.0-SNAPSHOT.jar:?]
	at org.apache.hadoop.ozone.protocol.proto.OzoneManagerProtocolProtos$OzoneManagerService$2.callBlockingMethod(OzoneManagerProtocolProtos.java) [ozone-interface-client-1.4.0-SNAPSHOT.jar:?]
	at org.apache.hadoop.ipc.ProtobufRpcEngine$Server.processCall(ProtobufRpcEngine.java:484) [hadoop-common-3.3.5.jar:?]
	at org.apache.hadoop.ipc.ProtobufRpcEngine2$Server$ProtoBufRpcInvoker.call(ProtobufRpcEngine2.java:595) [hadoop-common-3.3.5.jar:?]
	at org.apache.hadoop.ipc.ProtobufRpcEngine2$Server$ProtoBufRpcInvoker.call(ProtobufRpcEngine2.java:573) [hadoop-common-3.3.5.jar:?]
	at org.apache.hadoop.ipc.RPC$Server.call(RPC.java:1213) [hadoop-common-3.3.5.jar:?]
	at org.apache.hadoop.ipc.Server$RpcCall.run(Server.java:1089) [hadoop-common-3.3.5.jar:?]
	at org.apache.hadoop.ipc.Server$RpcCall.run(Server.java:1012) [hadoop-common-3.3.5.jar:?]
	at java.security.AccessController.doPrivileged(Native Method) ~[?:1.8.0_362]
	at javax.security.auth.Subject.doAs(Subject.java:422) [?:1.8.0_362]
	at org.apache.hadoop.security.UserGroupInformation.doAs(UserGroupInformation.java:1899) [hadoop-common-3.3.5.jar:?]
	at org.apache.hadoop.ipc.Server$Handler.run(Server.java:3026) [hadoop-common-3.3.5.jar:?]
]]></system-out>
  </testcase>
  <testcase name="testRecursiveDelete" classname="TestOzoneFileSystem" time="0.137">
    <system-out><![CDATA[2023-04-11 17:18:08,132 [IPC Server handler 2 on default port 38777] INFO  key.OMKeyRequest (OMKeyRequest.java:wrapUncommittedBlocksAsPseudoKey(838)) - Detect allocated but uncommitted blocks [{blockID={containerID=3, localID=111677748019200014}, length=4194304, offset=0, token=null, pipeline=null, createVersion=0, partNumber=0}] in key gdir1/pdir1/child.
2023-04-11 17:18:08,137 [IPC Server handler 19 on default port 38777] INFO  key.OMKeyRequest (OMKeyRequest.java:wrapUncommittedBlocksAsPseudoKey(838)) - Detect allocated but uncommitted blocks [{blockID={containerID=4, localID=111677748019200015}, length=4194304, offset=0, token=null, pipeline=null, createVersion=0, partNumber=0}] in key gdir1/pdir2/child.
2023-04-11 17:18:08,143 [IPC Server handler 15 on default port 38777] INFO  key.OMKeyRequest (OMKeyRequest.java:wrapUncommittedBlocksAsPseudoKey(838)) - Detect allocated but uncommitted blocks [{blockID={containerID=2, localID=111677748019200016}, length=4194304, offset=0, token=null, pipeline=null, createVersion=0, partNumber=0}] in key gdir1/pdir3/child.
2023-04-11 17:18:08,147 [IPC Server handler 14 on default port 38777] INFO  key.OMKeyRequest (OMKeyRequest.java:wrapUncommittedBlocksAsPseudoKey(838)) - Detect allocated but uncommitted blocks [{blockID={containerID=3, localID=111677748019200017}, length=4194304, offset=0, token=null, pipeline=null, createVersion=0, partNumber=0}] in key gdir1/pdir4/child.
2023-04-11 17:18:08,152 [IPC Server handler 17 on default port 38777] INFO  key.OMKeyRequest (OMKeyRequest.java:wrapUncommittedBlocksAsPseudoKey(838)) - Detect allocated but uncommitted blocks [{blockID={containerID=4, localID=111677748019200018}, length=4194304, offset=0, token=null, pipeline=null, createVersion=0, partNumber=0}] in key gdir1/pdir5/child.
2023-04-11 17:18:08,155 [IPC Server handler 11 on default port 38777] INFO  key.OMKeyRequest (OMKeyRequest.java:wrapUncommittedBlocksAsPseudoKey(838)) - Detect allocated but uncommitted blocks [{blockID={containerID=3, localID=111677748019200019}, length=4194304, offset=0, token=null, pipeline=null, createVersion=0, partNumber=0}] in key gdir1/pdir6/child.
2023-04-11 17:18:08,159 [IPC Server handler 5 on default port 38777] INFO  key.OMKeyRequest (OMKeyRequest.java:wrapUncommittedBlocksAsPseudoKey(838)) - Detect allocated but uncommitted blocks [{blockID={containerID=1, localID=111677748019200020}, length=4194304, offset=0, token=null, pipeline=null, createVersion=0, partNumber=0}] in key gdir1/pdir7/child.
2023-04-11 17:18:08,163 [IPC Server handler 13 on default port 38777] INFO  key.OMKeyRequest (OMKeyRequest.java:wrapUncommittedBlocksAsPseudoKey(838)) - Detect allocated but uncommitted blocks [{blockID={containerID=4, localID=111677748019200021}, length=4194304, offset=0, token=null, pipeline=null, createVersion=0, partNumber=0}] in key gdir1/pdir8/child.
2023-04-11 17:18:08,166 [IPC Server handler 6 on default port 38777] INFO  key.OMKeyRequest (OMKeyRequest.java:wrapUncommittedBlocksAsPseudoKey(838)) - Detect allocated but uncommitted blocks [{blockID={containerID=2, localID=111677748019200022}, length=4194304, offset=0, token=null, pipeline=null, createVersion=0, partNumber=0}] in key gdir1/pdir9/child.
2023-04-11 17:18:08,170 [IPC Server handler 1 on default port 38777] INFO  key.OMKeyRequest (OMKeyRequest.java:wrapUncommittedBlocksAsPseudoKey(838)) - Detect allocated but uncommitted blocks [{blockID={containerID=3, localID=111677748019200023}, length=4194304, offset=0, token=null, pipeline=null, createVersion=0, partNumber=0}] in key gdir1/pdir10/child.
17:18:08.185 [IPC Server handler 4 on default port 38777] ERROR OMAudit - user=runner | ip=127.0.0.1 | op=GET_FILE_STATUS {volume=volume96178, bucket=bucket92903, key=gdir1, dataSize=0, replicationConfig=null} | ret=FAILURE
org.apache.hadoop.ozone.om.exceptions.OMException: Unable to get file status: volume: volume96178 bucket: bucket92903 key: gdir1
	at org.apache.hadoop.ozone.om.KeyManagerImpl.getOzoneFileStatus(KeyManagerImpl.java:1200) ~[ozone-manager-1.4.0-SNAPSHOT.jar:?]
	at org.apache.hadoop.ozone.om.KeyManagerImpl.getFileStatus(KeyManagerImpl.java:1118) ~[ozone-manager-1.4.0-SNAPSHOT.jar:?]
	at org.apache.hadoop.ozone.om.OmMetadataReader.getFileStatus(OmMetadataReader.java:288) ~[ozone-manager-1.4.0-SNAPSHOT.jar:?]
	at org.apache.hadoop.ozone.om.OzoneManager.getFileStatus(OzoneManager.java:3491) ~[ozone-manager-1.4.0-SNAPSHOT.jar:?]
	at org.apache.hadoop.ozone.protocolPB.OzoneManagerRequestHandler.getOzoneFileStatus(OzoneManagerRequestHandler.java:934) ~[ozone-manager-1.4.0-SNAPSHOT.jar:?]
	at org.apache.hadoop.ozone.protocolPB.OzoneManagerRequestHandler.handleReadRequest(OzoneManagerRequestHandler.java:238) ~[ozone-manager-1.4.0-SNAPSHOT.jar:?]
	at org.apache.hadoop.ozone.protocolPB.OzoneManagerProtocolServerSideTranslatorPB.submitRequestDirectlyToOM(OzoneManagerProtocolServerSideTranslatorPB.java:272) ~[ozone-manager-1.4.0-SNAPSHOT.jar:?]
	at org.apache.hadoop.ozone.protocolPB.OzoneManagerProtocolServerSideTranslatorPB.processRequest(OzoneManagerProtocolServerSideTranslatorPB.java:173) ~[ozone-manager-1.4.0-SNAPSHOT.jar:?]
	at org.apache.hadoop.hdds.server.OzoneProtocolMessageDispatcher.processRequest(OzoneProtocolMessageDispatcher.java:87) [hdds-server-framework-1.4.0-SNAPSHOT.jar:?]
	at org.apache.hadoop.ozone.protocolPB.OzoneManagerProtocolServerSideTranslatorPB.submitRequest(OzoneManagerProtocolServerSideTranslatorPB.java:147) [ozone-manager-1.4.0-SNAPSHOT.jar:?]
	at org.apache.hadoop.ozone.protocol.proto.OzoneManagerProtocolProtos$OzoneManagerService$2.callBlockingMethod(OzoneManagerProtocolProtos.java) [ozone-interface-client-1.4.0-SNAPSHOT.jar:?]
	at org.apache.hadoop.ipc.ProtobufRpcEngine$Server.processCall(ProtobufRpcEngine.java:484) [hadoop-common-3.3.5.jar:?]
	at org.apache.hadoop.ipc.ProtobufRpcEngine2$Server$ProtoBufRpcInvoker.call(ProtobufRpcEngine2.java:595) [hadoop-common-3.3.5.jar:?]
	at org.apache.hadoop.ipc.ProtobufRpcEngine2$Server$ProtoBufRpcInvoker.call(ProtobufRpcEngine2.java:573) [hadoop-common-3.3.5.jar:?]
	at org.apache.hadoop.ipc.RPC$Server.call(RPC.java:1213) [hadoop-common-3.3.5.jar:?]
	at org.apache.hadoop.ipc.Server$RpcCall.run(Server.java:1089) [hadoop-common-3.3.5.jar:?]
	at org.apache.hadoop.ipc.Server$RpcCall.run(Server.java:1012) [hadoop-common-3.3.5.jar:?]
	at java.security.AccessController.doPrivileged(Native Method) ~[?:1.8.0_362]
	at javax.security.auth.Subject.doAs(Subject.java:422) [?:1.8.0_362]
	at org.apache.hadoop.security.UserGroupInformation.doAs(UserGroupInformation.java:1899) [hadoop-common-3.3.5.jar:?]
	at org.apache.hadoop.ipc.Server$Handler.run(Server.java:3026) [hadoop-common-3.3.5.jar:?]
17:18:08.186 [IPC Server handler 1 on default port 38777] ERROR OMAudit - user=runner | ip=127.0.0.1 | op=GET_FILE_STATUS {volume=volume96178, bucket=bucket92903, key=gdir1/dir1, dataSize=0, replicationConfig=null} | ret=FAILURE
org.apache.hadoop.ozone.om.exceptions.OMException: Unable to get file status: volume: volume96178 bucket: bucket92903 key: gdir1/dir1
	at org.apache.hadoop.ozone.om.KeyManagerImpl.getOzoneFileStatus(KeyManagerImpl.java:1200) ~[ozone-manager-1.4.0-SNAPSHOT.jar:?]
	at org.apache.hadoop.ozone.om.KeyManagerImpl.getFileStatus(KeyManagerImpl.java:1118) ~[ozone-manager-1.4.0-SNAPSHOT.jar:?]
	at org.apache.hadoop.ozone.om.OmMetadataReader.getFileStatus(OmMetadataReader.java:288) ~[ozone-manager-1.4.0-SNAPSHOT.jar:?]
	at org.apache.hadoop.ozone.om.OzoneManager.getFileStatus(OzoneManager.java:3491) ~[ozone-manager-1.4.0-SNAPSHOT.jar:?]
	at org.apache.hadoop.ozone.protocolPB.OzoneManagerRequestHandler.getOzoneFileStatus(OzoneManagerRequestHandler.java:934) ~[ozone-manager-1.4.0-SNAPSHOT.jar:?]
	at org.apache.hadoop.ozone.protocolPB.OzoneManagerRequestHandler.handleReadRequest(OzoneManagerRequestHandler.java:238) ~[ozone-manager-1.4.0-SNAPSHOT.jar:?]
	at org.apache.hadoop.ozone.protocolPB.OzoneManagerProtocolServerSideTranslatorPB.submitRequestDirectlyToOM(OzoneManagerProtocolServerSideTranslatorPB.java:272) ~[ozone-manager-1.4.0-SNAPSHOT.jar:?]
	at org.apache.hadoop.ozone.protocolPB.OzoneManagerProtocolServerSideTranslatorPB.processRequest(OzoneManagerProtocolServerSideTranslatorPB.java:173) ~[ozone-manager-1.4.0-SNAPSHOT.jar:?]
	at org.apache.hadoop.hdds.server.OzoneProtocolMessageDispatcher.processRequest(OzoneProtocolMessageDispatcher.java:87) [hdds-server-framework-1.4.0-SNAPSHOT.jar:?]
	at org.apache.hadoop.ozone.protocolPB.OzoneManagerProtocolServerSideTranslatorPB.submitRequest(OzoneManagerProtocolServerSideTranslatorPB.java:147) [ozone-manager-1.4.0-SNAPSHOT.jar:?]
	at org.apache.hadoop.ozone.protocol.proto.OzoneManagerProtocolProtos$OzoneManagerService$2.callBlockingMethod(OzoneManagerProtocolProtos.java) [ozone-interface-client-1.4.0-SNAPSHOT.jar:?]
	at org.apache.hadoop.ipc.ProtobufRpcEngine$Server.processCall(ProtobufRpcEngine.java:484) [hadoop-common-3.3.5.jar:?]
	at org.apache.hadoop.ipc.ProtobufRpcEngine2$Server$ProtoBufRpcInvoker.call(ProtobufRpcEngine2.java:595) [hadoop-common-3.3.5.jar:?]
	at org.apache.hadoop.ipc.ProtobufRpcEngine2$Server$ProtoBufRpcInvoker.call(ProtobufRpcEngine2.java:573) [hadoop-common-3.3.5.jar:?]
	at org.apache.hadoop.ipc.RPC$Server.call(RPC.java:1213) [hadoop-common-3.3.5.jar:?]
	at org.apache.hadoop.ipc.Server$RpcCall.run(Server.java:1089) [hadoop-common-3.3.5.jar:?]
	at org.apache.hadoop.ipc.Server$RpcCall.run(Server.java:1012) [hadoop-common-3.3.5.jar:?]
	at java.security.AccessController.doPrivileged(Native Method) ~[?:1.8.0_362]
	at javax.security.auth.Subject.doAs(Subject.java:422) [?:1.8.0_362]
	at org.apache.hadoop.security.UserGroupInformation.doAs(UserGroupInformation.java:1899) [hadoop-common-3.3.5.jar:?]
	at org.apache.hadoop.ipc.Server$Handler.run(Server.java:3026) [hadoop-common-3.3.5.jar:?]
17:18:08.187 [IPC Server handler 3 on default port 38777] ERROR OMAudit - user=runner | ip=127.0.0.1 | op=GET_FILE_STATUS {volume=volume96178, bucket=bucket92903, key=gdir1/dir1/child, dataSize=0, replicationConfig=null} | ret=FAILURE
org.apache.hadoop.ozone.om.exceptions.OMException: Unable to get file status: volume: volume96178 bucket: bucket92903 key: gdir1/dir1/child
	at org.apache.hadoop.ozone.om.KeyManagerImpl.getOzoneFileStatus(KeyManagerImpl.java:1200) ~[ozone-manager-1.4.0-SNAPSHOT.jar:?]
	at org.apache.hadoop.ozone.om.KeyManagerImpl.getFileStatus(KeyManagerImpl.java:1118) ~[ozone-manager-1.4.0-SNAPSHOT.jar:?]
	at org.apache.hadoop.ozone.om.OmMetadataReader.getFileStatus(OmMetadataReader.java:288) ~[ozone-manager-1.4.0-SNAPSHOT.jar:?]
	at org.apache.hadoop.ozone.om.OzoneManager.getFileStatus(OzoneManager.java:3491) ~[ozone-manager-1.4.0-SNAPSHOT.jar:?]
	at org.apache.hadoop.ozone.protocolPB.OzoneManagerRequestHandler.getOzoneFileStatus(OzoneManagerRequestHandler.java:934) ~[ozone-manager-1.4.0-SNAPSHOT.jar:?]
	at org.apache.hadoop.ozone.protocolPB.OzoneManagerRequestHandler.handleReadRequest(OzoneManagerRequestHandler.java:238) ~[ozone-manager-1.4.0-SNAPSHOT.jar:?]
	at org.apache.hadoop.ozone.protocolPB.OzoneManagerProtocolServerSideTranslatorPB.submitRequestDirectlyToOM(OzoneManagerProtocolServerSideTranslatorPB.java:272) ~[ozone-manager-1.4.0-SNAPSHOT.jar:?]
	at org.apache.hadoop.ozone.protocolPB.OzoneManagerProtocolServerSideTranslatorPB.processRequest(OzoneManagerProtocolServerSideTranslatorPB.java:173) ~[ozone-manager-1.4.0-SNAPSHOT.jar:?]
	at org.apache.hadoop.hdds.server.OzoneProtocolMessageDispatcher.processRequest(OzoneProtocolMessageDispatcher.java:87) [hdds-server-framework-1.4.0-SNAPSHOT.jar:?]
	at org.apache.hadoop.ozone.protocolPB.OzoneManagerProtocolServerSideTranslatorPB.submitRequest(OzoneManagerProtocolServerSideTranslatorPB.java:147) [ozone-manager-1.4.0-SNAPSHOT.jar:?]
	at org.apache.hadoop.ozone.protocol.proto.OzoneManagerProtocolProtos$OzoneManagerService$2.callBlockingMethod(OzoneManagerProtocolProtos.java) [ozone-interface-client-1.4.0-SNAPSHOT.jar:?]
	at org.apache.hadoop.ipc.ProtobufRpcEngine$Server.processCall(ProtobufRpcEngine.java:484) [hadoop-common-3.3.5.jar:?]
	at org.apache.hadoop.ipc.ProtobufRpcEngine2$Server$ProtoBufRpcInvoker.call(ProtobufRpcEngine2.java:595) [hadoop-common-3.3.5.jar:?]
	at org.apache.hadoop.ipc.ProtobufRpcEngine2$Server$ProtoBufRpcInvoker.call(ProtobufRpcEngine2.java:573) [hadoop-common-3.3.5.jar:?]
	at org.apache.hadoop.ipc.RPC$Server.call(RPC.java:1213) [hadoop-common-3.3.5.jar:?]
	at org.apache.hadoop.ipc.Server$RpcCall.run(Server.java:1089) [hadoop-common-3.3.5.jar:?]
	at org.apache.hadoop.ipc.Server$RpcCall.run(Server.java:1012) [hadoop-common-3.3.5.jar:?]
	at java.security.AccessController.doPrivileged(Native Method) ~[?:1.8.0_362]
	at javax.security.auth.Subject.doAs(Subject.java:422) [?:1.8.0_362]
	at org.apache.hadoop.security.UserGroupInformation.doAs(UserGroupInformation.java:1899) [hadoop-common-3.3.5.jar:?]
	at org.apache.hadoop.ipc.Server$Handler.run(Server.java:3026) [hadoop-common-3.3.5.jar:?]
17:18:08.188 [IPC Server handler 2 on default port 38777] ERROR OMAudit - user=runner | ip=127.0.0.1 | op=GET_FILE_STATUS {volume=volume96178, bucket=bucket92903, key=gdir1/dir2, dataSize=0, replicationConfig=null} | ret=FAILURE
org.apache.hadoop.ozone.om.exceptions.OMException: Unable to get file status: volume: volume96178 bucket: bucket92903 key: gdir1/dir2
	at org.apache.hadoop.ozone.om.KeyManagerImpl.getOzoneFileStatus(KeyManagerImpl.java:1200) ~[ozone-manager-1.4.0-SNAPSHOT.jar:?]
	at org.apache.hadoop.ozone.om.KeyManagerImpl.getFileStatus(KeyManagerImpl.java:1118) ~[ozone-manager-1.4.0-SNAPSHOT.jar:?]
	at org.apache.hadoop.ozone.om.OmMetadataReader.getFileStatus(OmMetadataReader.java:288) ~[ozone-manager-1.4.0-SNAPSHOT.jar:?]
	at org.apache.hadoop.ozone.om.OzoneManager.getFileStatus(OzoneManager.java:3491) ~[ozone-manager-1.4.0-SNAPSHOT.jar:?]
	at org.apache.hadoop.ozone.protocolPB.OzoneManagerRequestHandler.getOzoneFileStatus(OzoneManagerRequestHandler.java:934) ~[ozone-manager-1.4.0-SNAPSHOT.jar:?]
	at org.apache.hadoop.ozone.protocolPB.OzoneManagerRequestHandler.handleReadRequest(OzoneManagerRequestHandler.java:238) ~[ozone-manager-1.4.0-SNAPSHOT.jar:?]
	at org.apache.hadoop.ozone.protocolPB.OzoneManagerProtocolServerSideTranslatorPB.submitRequestDirectlyToOM(OzoneManagerProtocolServerSideTranslatorPB.java:272) ~[ozone-manager-1.4.0-SNAPSHOT.jar:?]
	at org.apache.hadoop.ozone.protocolPB.OzoneManagerProtocolServerSideTranslatorPB.processRequest(OzoneManagerProtocolServerSideTranslatorPB.java:173) ~[ozone-manager-1.4.0-SNAPSHOT.jar:?]
	at org.apache.hadoop.hdds.server.OzoneProtocolMessageDispatcher.processRequest(OzoneProtocolMessageDispatcher.java:87) [hdds-server-framework-1.4.0-SNAPSHOT.jar:?]
	at org.apache.hadoop.ozone.protocolPB.OzoneManagerProtocolServerSideTranslatorPB.submitRequest(OzoneManagerProtocolServerSideTranslatorPB.java:147) [ozone-manager-1.4.0-SNAPSHOT.jar:?]
	at org.apache.hadoop.ozone.protocol.proto.OzoneManagerProtocolProtos$OzoneManagerService$2.callBlockingMethod(OzoneManagerProtocolProtos.java) [ozone-interface-client-1.4.0-SNAPSHOT.jar:?]
	at org.apache.hadoop.ipc.ProtobufRpcEngine$Server.processCall(ProtobufRpcEngine.java:484) [hadoop-common-3.3.5.jar:?]
	at org.apache.hadoop.ipc.ProtobufRpcEngine2$Server$ProtoBufRpcInvoker.call(ProtobufRpcEngine2.java:595) [hadoop-common-3.3.5.jar:?]
	at org.apache.hadoop.ipc.ProtobufRpcEngine2$Server$ProtoBufRpcInvoker.call(ProtobufRpcEngine2.java:573) [hadoop-common-3.3.5.jar:?]
	at org.apache.hadoop.ipc.RPC$Server.call(RPC.java:1213) [hadoop-common-3.3.5.jar:?]
	at org.apache.hadoop.ipc.Server$RpcCall.run(Server.java:1089) [hadoop-common-3.3.5.jar:?]
	at org.apache.hadoop.ipc.Server$RpcCall.run(Server.java:1012) [hadoop-common-3.3.5.jar:?]
	at java.security.AccessController.doPrivileged(Native Method) ~[?:1.8.0_362]
	at javax.security.auth.Subject.doAs(Subject.java:422) [?:1.8.0_362]
	at org.apache.hadoop.security.UserGroupInformation.doAs(UserGroupInformation.java:1899) [hadoop-common-3.3.5.jar:?]
	at org.apache.hadoop.ipc.Server$Handler.run(Server.java:3026) [hadoop-common-3.3.5.jar:?]
17:18:08.189 [IPC Server handler 0 on default port 38777] ERROR OMAudit - user=runner | ip=127.0.0.1 | op=GET_FILE_STATUS {volume=volume96178, bucket=bucket92903, key=gdir1/dir2/child, dataSize=0, replicationConfig=null} | ret=FAILURE
org.apache.hadoop.ozone.om.exceptions.OMException: Unable to get file status: volume: volume96178 bucket: bucket92903 key: gdir1/dir2/child
	at org.apache.hadoop.ozone.om.KeyManagerImpl.getOzoneFileStatus(KeyManagerImpl.java:1200) ~[ozone-manager-1.4.0-SNAPSHOT.jar:?]
	at org.apache.hadoop.ozone.om.KeyManagerImpl.getFileStatus(KeyManagerImpl.java:1118) ~[ozone-manager-1.4.0-SNAPSHOT.jar:?]
	at org.apache.hadoop.ozone.om.OmMetadataReader.getFileStatus(OmMetadataReader.java:288) ~[ozone-manager-1.4.0-SNAPSHOT.jar:?]
	at org.apache.hadoop.ozone.om.OzoneManager.getFileStatus(OzoneManager.java:3491) ~[ozone-manager-1.4.0-SNAPSHOT.jar:?]
	at org.apache.hadoop.ozone.protocolPB.OzoneManagerRequestHandler.getOzoneFileStatus(OzoneManagerRequestHandler.java:934) ~[ozone-manager-1.4.0-SNAPSHOT.jar:?]
	at org.apache.hadoop.ozone.protocolPB.OzoneManagerRequestHandler.handleReadRequest(OzoneManagerRequestHandler.java:238) ~[ozone-manager-1.4.0-SNAPSHOT.jar:?]
	at org.apache.hadoop.ozone.protocolPB.OzoneManagerProtocolServerSideTranslatorPB.submitRequestDirectlyToOM(OzoneManagerProtocolServerSideTranslatorPB.java:272) ~[ozone-manager-1.4.0-SNAPSHOT.jar:?]
	at org.apache.hadoop.ozone.protocolPB.OzoneManagerProtocolServerSideTranslatorPB.processRequest(OzoneManagerProtocolServerSideTranslatorPB.java:173) ~[ozone-manager-1.4.0-SNAPSHOT.jar:?]
	at org.apache.hadoop.hdds.server.OzoneProtocolMessageDispatcher.processRequest(OzoneProtocolMessageDispatcher.java:87) [hdds-server-framework-1.4.0-SNAPSHOT.jar:?]
	at org.apache.hadoop.ozone.protocolPB.OzoneManagerProtocolServerSideTranslatorPB.submitRequest(OzoneManagerProtocolServerSideTranslatorPB.java:147) [ozone-manager-1.4.0-SNAPSHOT.jar:?]
	at org.apache.hadoop.ozone.protocol.proto.OzoneManagerProtocolProtos$OzoneManagerService$2.callBlockingMethod(OzoneManagerProtocolProtos.java) [ozone-interface-client-1.4.0-SNAPSHOT.jar:?]
	at org.apache.hadoop.ipc.ProtobufRpcEngine$Server.processCall(ProtobufRpcEngine.java:484) [hadoop-common-3.3.5.jar:?]
	at org.apache.hadoop.ipc.ProtobufRpcEngine2$Server$ProtoBufRpcInvoker.call(ProtobufRpcEngine2.java:595) [hadoop-common-3.3.5.jar:?]
	at org.apache.hadoop.ipc.ProtobufRpcEngine2$Server$ProtoBufRpcInvoker.call(ProtobufRpcEngine2.java:573) [hadoop-common-3.3.5.jar:?]
	at org.apache.hadoop.ipc.RPC$Server.call(RPC.java:1213) [hadoop-common-3.3.5.jar:?]
	at org.apache.hadoop.ipc.Server$RpcCall.run(Server.java:1089) [hadoop-common-3.3.5.jar:?]
	at org.apache.hadoop.ipc.Server$RpcCall.run(Server.java:1012) [hadoop-common-3.3.5.jar:?]
	at java.security.AccessController.doPrivileged(Native Method) ~[?:1.8.0_362]
	at javax.security.auth.Subject.doAs(Subject.java:422) [?:1.8.0_362]
	at org.apache.hadoop.security.UserGroupInformation.doAs(UserGroupInformation.java:1899) [hadoop-common-3.3.5.jar:?]
	at org.apache.hadoop.ipc.Server$Handler.run(Server.java:3026) [hadoop-common-3.3.5.jar:?]
17:18:08.190 [IPC Server handler 19 on default port 38777] ERROR OMAudit - user=runner | ip=127.0.0.1 | op=GET_FILE_STATUS {volume=volume96178, bucket=bucket92903, key=gdir1/dir3, dataSize=0, replicationConfig=null} | ret=FAILURE
org.apache.hadoop.ozone.om.exceptions.OMException: Unable to get file status: volume: volume96178 bucket: bucket92903 key: gdir1/dir3
	at org.apache.hadoop.ozone.om.KeyManagerImpl.getOzoneFileStatus(KeyManagerImpl.java:1200) ~[ozone-manager-1.4.0-SNAPSHOT.jar:?]
	at org.apache.hadoop.ozone.om.KeyManagerImpl.getFileStatus(KeyManagerImpl.java:1118) ~[ozone-manager-1.4.0-SNAPSHOT.jar:?]
	at org.apache.hadoop.ozone.om.OmMetadataReader.getFileStatus(OmMetadataReader.java:288) ~[ozone-manager-1.4.0-SNAPSHOT.jar:?]
	at org.apache.hadoop.ozone.om.OzoneManager.getFileStatus(OzoneManager.java:3491) ~[ozone-manager-1.4.0-SNAPSHOT.jar:?]
	at org.apache.hadoop.ozone.protocolPB.OzoneManagerRequestHandler.getOzoneFileStatus(OzoneManagerRequestHandler.java:934) ~[ozone-manager-1.4.0-SNAPSHOT.jar:?]
	at org.apache.hadoop.ozone.protocolPB.OzoneManagerRequestHandler.handleReadRequest(OzoneManagerRequestHandler.java:238) ~[ozone-manager-1.4.0-SNAPSHOT.jar:?]
	at org.apache.hadoop.ozone.protocolPB.OzoneManagerProtocolServerSideTranslatorPB.submitRequestDirectlyToOM(OzoneManagerProtocolServerSideTranslatorPB.java:272) ~[ozone-manager-1.4.0-SNAPSHOT.jar:?]
	at org.apache.hadoop.ozone.protocolPB.OzoneManagerProtocolServerSideTranslatorPB.processRequest(OzoneManagerProtocolServerSideTranslatorPB.java:173) ~[ozone-manager-1.4.0-SNAPSHOT.jar:?]
	at org.apache.hadoop.hdds.server.OzoneProtocolMessageDispatcher.processRequest(OzoneProtocolMessageDispatcher.java:87) [hdds-server-framework-1.4.0-SNAPSHOT.jar:?]
	at org.apache.hadoop.ozone.protocolPB.OzoneManagerProtocolServerSideTranslatorPB.submitRequest(OzoneManagerProtocolServerSideTranslatorPB.java:147) [ozone-manager-1.4.0-SNAPSHOT.jar:?]
	at org.apache.hadoop.ozone.protocol.proto.OzoneManagerProtocolProtos$OzoneManagerService$2.callBlockingMethod(OzoneManagerProtocolProtos.java) [ozone-interface-client-1.4.0-SNAPSHOT.jar:?]
	at org.apache.hadoop.ipc.ProtobufRpcEngine$Server.processCall(ProtobufRpcEngine.java:484) [hadoop-common-3.3.5.jar:?]
	at org.apache.hadoop.ipc.ProtobufRpcEngine2$Server$ProtoBufRpcInvoker.call(ProtobufRpcEngine2.java:595) [hadoop-common-3.3.5.jar:?]
	at org.apache.hadoop.ipc.ProtobufRpcEngine2$Server$ProtoBufRpcInvoker.call(ProtobufRpcEngine2.java:573) [hadoop-common-3.3.5.jar:?]
	at org.apache.hadoop.ipc.RPC$Server.call(RPC.java:1213) [hadoop-common-3.3.5.jar:?]
	at org.apache.hadoop.ipc.Server$RpcCall.run(Server.java:1089) [hadoop-common-3.3.5.jar:?]
	at org.apache.hadoop.ipc.Server$RpcCall.run(Server.java:1012) [hadoop-common-3.3.5.jar:?]
	at java.security.AccessController.doPrivileged(Native Method) ~[?:1.8.0_362]
	at javax.security.auth.Subject.doAs(Subject.java:422) [?:1.8.0_362]
	at org.apache.hadoop.security.UserGroupInformation.doAs(UserGroupInformation.java:1899) [hadoop-common-3.3.5.jar:?]
	at org.apache.hadoop.ipc.Server$Handler.run(Server.java:3026) [hadoop-common-3.3.5.jar:?]
17:18:08.191 [IPC Server handler 16 on default port 38777] ERROR OMAudit - user=runner | ip=127.0.0.1 | op=GET_FILE_STATUS {volume=volume96178, bucket=bucket92903, key=gdir1/dir3/child, dataSize=0, replicationConfig=null} | ret=FAILURE
org.apache.hadoop.ozone.om.exceptions.OMException: Unable to get file status: volume: volume96178 bucket: bucket92903 key: gdir1/dir3/child
	at org.apache.hadoop.ozone.om.KeyManagerImpl.getOzoneFileStatus(KeyManagerImpl.java:1200) ~[ozone-manager-1.4.0-SNAPSHOT.jar:?]
	at org.apache.hadoop.ozone.om.KeyManagerImpl.getFileStatus(KeyManagerImpl.java:1118) ~[ozone-manager-1.4.0-SNAPSHOT.jar:?]
	at org.apache.hadoop.ozone.om.OmMetadataReader.getFileStatus(OmMetadataReader.java:288) ~[ozone-manager-1.4.0-SNAPSHOT.jar:?]
	at org.apache.hadoop.ozone.om.OzoneManager.getFileStatus(OzoneManager.java:3491) ~[ozone-manager-1.4.0-SNAPSHOT.jar:?]
	at org.apache.hadoop.ozone.protocolPB.OzoneManagerRequestHandler.getOzoneFileStatus(OzoneManagerRequestHandler.java:934) ~[ozone-manager-1.4.0-SNAPSHOT.jar:?]
	at org.apache.hadoop.ozone.protocolPB.OzoneManagerRequestHandler.handleReadRequest(OzoneManagerRequestHandler.java:238) ~[ozone-manager-1.4.0-SNAPSHOT.jar:?]
	at org.apache.hadoop.ozone.protocolPB.OzoneManagerProtocolServerSideTranslatorPB.submitRequestDirectlyToOM(OzoneManagerProtocolServerSideTranslatorPB.java:272) ~[ozone-manager-1.4.0-SNAPSHOT.jar:?]
	at org.apache.hadoop.ozone.protocolPB.OzoneManagerProtocolServerSideTranslatorPB.processRequest(OzoneManagerProtocolServerSideTranslatorPB.java:173) ~[ozone-manager-1.4.0-SNAPSHOT.jar:?]
	at org.apache.hadoop.hdds.server.OzoneProtocolMessageDispatcher.processRequest(OzoneProtocolMessageDispatcher.java:87) [hdds-server-framework-1.4.0-SNAPSHOT.jar:?]
	at org.apache.hadoop.ozone.protocolPB.OzoneManagerProtocolServerSideTranslatorPB.submitRequest(OzoneManagerProtocolServerSideTranslatorPB.java:147) [ozone-manager-1.4.0-SNAPSHOT.jar:?]
	at org.apache.hadoop.ozone.protocol.proto.OzoneManagerProtocolProtos$OzoneManagerService$2.callBlockingMethod(OzoneManagerProtocolProtos.java) [ozone-interface-client-1.4.0-SNAPSHOT.jar:?]
	at org.apache.hadoop.ipc.ProtobufRpcEngine$Server.processCall(ProtobufRpcEngine.java:484) [hadoop-common-3.3.5.jar:?]
	at org.apache.hadoop.ipc.ProtobufRpcEngine2$Server$ProtoBufRpcInvoker.call(ProtobufRpcEngine2.java:595) [hadoop-common-3.3.5.jar:?]
	at org.apache.hadoop.ipc.ProtobufRpcEngine2$Server$ProtoBufRpcInvoker.call(ProtobufRpcEngine2.java:573) [hadoop-common-3.3.5.jar:?]
	at org.apache.hadoop.ipc.RPC$Server.call(RPC.java:1213) [hadoop-common-3.3.5.jar:?]
	at org.apache.hadoop.ipc.Server$RpcCall.run(Server.java:1089) [hadoop-common-3.3.5.jar:?]
	at org.apache.hadoop.ipc.Server$RpcCall.run(Server.java:1012) [hadoop-common-3.3.5.jar:?]
	at java.security.AccessController.doPrivileged(Native Method) ~[?:1.8.0_362]
	at javax.security.auth.Subject.doAs(Subject.java:422) [?:1.8.0_362]
	at org.apache.hadoop.security.UserGroupInformation.doAs(UserGroupInformation.java:1899) [hadoop-common-3.3.5.jar:?]
	at org.apache.hadoop.ipc.Server$Handler.run(Server.java:3026) [hadoop-common-3.3.5.jar:?]
17:18:08.191 [IPC Server handler 15 on default port 38777] ERROR OMAudit - user=runner | ip=127.0.0.1 | op=GET_FILE_STATUS {volume=volume96178, bucket=bucket92903, key=gdir1/dir4, dataSize=0, replicationConfig=null} | ret=FAILURE
org.apache.hadoop.ozone.om.exceptions.OMException: Unable to get file status: volume: volume96178 bucket: bucket92903 key: gdir1/dir4
	at org.apache.hadoop.ozone.om.KeyManagerImpl.getOzoneFileStatus(KeyManagerImpl.java:1200) ~[ozone-manager-1.4.0-SNAPSHOT.jar:?]
	at org.apache.hadoop.ozone.om.KeyManagerImpl.getFileStatus(KeyManagerImpl.java:1118) ~[ozone-manager-1.4.0-SNAPSHOT.jar:?]
	at org.apache.hadoop.ozone.om.OmMetadataReader.getFileStatus(OmMetadataReader.java:288) ~[ozone-manager-1.4.0-SNAPSHOT.jar:?]
	at org.apache.hadoop.ozone.om.OzoneManager.getFileStatus(OzoneManager.java:3491) ~[ozone-manager-1.4.0-SNAPSHOT.jar:?]
	at org.apache.hadoop.ozone.protocolPB.OzoneManagerRequestHandler.getOzoneFileStatus(OzoneManagerRequestHandler.java:934) ~[ozone-manager-1.4.0-SNAPSHOT.jar:?]
	at org.apache.hadoop.ozone.protocolPB.OzoneManagerRequestHandler.handleReadRequest(OzoneManagerRequestHandler.java:238) ~[ozone-manager-1.4.0-SNAPSHOT.jar:?]
	at org.apache.hadoop.ozone.protocolPB.OzoneManagerProtocolServerSideTranslatorPB.submitRequestDirectlyToOM(OzoneManagerProtocolServerSideTranslatorPB.java:272) ~[ozone-manager-1.4.0-SNAPSHOT.jar:?]
	at org.apache.hadoop.ozone.protocolPB.OzoneManagerProtocolServerSideTranslatorPB.processRequest(OzoneManagerProtocolServerSideTranslatorPB.java:173) ~[ozone-manager-1.4.0-SNAPSHOT.jar:?]
	at org.apache.hadoop.hdds.server.OzoneProtocolMessageDispatcher.processRequest(OzoneProtocolMessageDispatcher.java:87) [hdds-server-framework-1.4.0-SNAPSHOT.jar:?]
	at org.apache.hadoop.ozone.protocolPB.OzoneManagerProtocolServerSideTranslatorPB.submitRequest(OzoneManagerProtocolServerSideTranslatorPB.java:147) [ozone-manager-1.4.0-SNAPSHOT.jar:?]
	at org.apache.hadoop.ozone.protocol.proto.OzoneManagerProtocolProtos$OzoneManagerService$2.callBlockingMethod(OzoneManagerProtocolProtos.java) [ozone-interface-client-1.4.0-SNAPSHOT.jar:?]
	at org.apache.hadoop.ipc.ProtobufRpcEngine$Server.processCall(ProtobufRpcEngine.java:484) [hadoop-common-3.3.5.jar:?]
	at org.apache.hadoop.ipc.ProtobufRpcEngine2$Server$ProtoBufRpcInvoker.call(ProtobufRpcEngine2.java:595) [hadoop-common-3.3.5.jar:?]
	at org.apache.hadoop.ipc.ProtobufRpcEngine2$Server$ProtoBufRpcInvoker.call(ProtobufRpcEngine2.java:573) [hadoop-common-3.3.5.jar:?]
	at org.apache.hadoop.ipc.RPC$Server.call(RPC.java:1213) [hadoop-common-3.3.5.jar:?]
	at org.apache.hadoop.ipc.Server$RpcCall.run(Server.java:1089) [hadoop-common-3.3.5.jar:?]
	at org.apache.hadoop.ipc.Server$RpcCall.run(Server.java:1012) [hadoop-common-3.3.5.jar:?]
	at java.security.AccessController.doPrivileged(Native Method) ~[?:1.8.0_362]
	at javax.security.auth.Subject.doAs(Subject.java:422) [?:1.8.0_362]
	at org.apache.hadoop.security.UserGroupInformation.doAs(UserGroupInformation.java:1899) [hadoop-common-3.3.5.jar:?]
	at org.apache.hadoop.ipc.Server$Handler.run(Server.java:3026) [hadoop-common-3.3.5.jar:?]
17:18:08.192 [IPC Server handler 18 on default port 38777] ERROR OMAudit - user=runner | ip=127.0.0.1 | op=GET_FILE_STATUS {volume=volume96178, bucket=bucket92903, key=gdir1/dir4/child, dataSize=0, replicationConfig=null} | ret=FAILURE
org.apache.hadoop.ozone.om.exceptions.OMException: Unable to get file status: volume: volume96178 bucket: bucket92903 key: gdir1/dir4/child
	at org.apache.hadoop.ozone.om.KeyManagerImpl.getOzoneFileStatus(KeyManagerImpl.java:1200) ~[ozone-manager-1.4.0-SNAPSHOT.jar:?]
	at org.apache.hadoop.ozone.om.KeyManagerImpl.getFileStatus(KeyManagerImpl.java:1118) ~[ozone-manager-1.4.0-SNAPSHOT.jar:?]
	at org.apache.hadoop.ozone.om.OmMetadataReader.getFileStatus(OmMetadataReader.java:288) ~[ozone-manager-1.4.0-SNAPSHOT.jar:?]
	at org.apache.hadoop.ozone.om.OzoneManager.getFileStatus(OzoneManager.java:3491) ~[ozone-manager-1.4.0-SNAPSHOT.jar:?]
	at org.apache.hadoop.ozone.protocolPB.OzoneManagerRequestHandler.getOzoneFileStatus(OzoneManagerRequestHandler.java:934) ~[ozone-manager-1.4.0-SNAPSHOT.jar:?]
	at org.apache.hadoop.ozone.protocolPB.OzoneManagerRequestHandler.handleReadRequest(OzoneManagerRequestHandler.java:238) ~[ozone-manager-1.4.0-SNAPSHOT.jar:?]
	at org.apache.hadoop.ozone.protocolPB.OzoneManagerProtocolServerSideTranslatorPB.submitRequestDirectlyToOM(OzoneManagerProtocolServerSideTranslatorPB.java:272) ~[ozone-manager-1.4.0-SNAPSHOT.jar:?]
	at org.apache.hadoop.ozone.protocolPB.OzoneManagerProtocolServerSideTranslatorPB.processRequest(OzoneManagerProtocolServerSideTranslatorPB.java:173) ~[ozone-manager-1.4.0-SNAPSHOT.jar:?]
	at org.apache.hadoop.hdds.server.OzoneProtocolMessageDispatcher.processRequest(OzoneProtocolMessageDispatcher.java:87) [hdds-server-framework-1.4.0-SNAPSHOT.jar:?]
	at org.apache.hadoop.ozone.protocolPB.OzoneManagerProtocolServerSideTranslatorPB.submitRequest(OzoneManagerProtocolServerSideTranslatorPB.java:147) [ozone-manager-1.4.0-SNAPSHOT.jar:?]
	at org.apache.hadoop.ozone.protocol.proto.OzoneManagerProtocolProtos$OzoneManagerService$2.callBlockingMethod(OzoneManagerProtocolProtos.java) [ozone-interface-client-1.4.0-SNAPSHOT.jar:?]
	at org.apache.hadoop.ipc.ProtobufRpcEngine$Server.processCall(ProtobufRpcEngine.java:484) [hadoop-common-3.3.5.jar:?]
	at org.apache.hadoop.ipc.ProtobufRpcEngine2$Server$ProtoBufRpcInvoker.call(ProtobufRpcEngine2.java:595) [hadoop-common-3.3.5.jar:?]
	at org.apache.hadoop.ipc.ProtobufRpcEngine2$Server$ProtoBufRpcInvoker.call(ProtobufRpcEngine2.java:573) [hadoop-common-3.3.5.jar:?]
	at org.apache.hadoop.ipc.RPC$Server.call(RPC.java:1213) [hadoop-common-3.3.5.jar:?]
	at org.apache.hadoop.ipc.Server$RpcCall.run(Server.java:1089) [hadoop-common-3.3.5.jar:?]
	at org.apache.hadoop.ipc.Server$RpcCall.run(Server.java:1012) [hadoop-common-3.3.5.jar:?]
	at java.security.AccessController.doPrivileged(Native Method) ~[?:1.8.0_362]
	at javax.security.auth.Subject.doAs(Subject.java:422) [?:1.8.0_362]
	at org.apache.hadoop.security.UserGroupInformation.doAs(UserGroupInformation.java:1899) [hadoop-common-3.3.5.jar:?]
	at org.apache.hadoop.ipc.Server$Handler.run(Server.java:3026) [hadoop-common-3.3.5.jar:?]
17:18:08.193 [IPC Server handler 14 on default port 38777] ERROR OMAudit - user=runner | ip=127.0.0.1 | op=GET_FILE_STATUS {volume=volume96178, bucket=bucket92903, key=gdir1/dir5, dataSize=0, replicationConfig=null} | ret=FAILURE
org.apache.hadoop.ozone.om.exceptions.OMException: Unable to get file status: volume: volume96178 bucket: bucket92903 key: gdir1/dir5
	at org.apache.hadoop.ozone.om.KeyManagerImpl.getOzoneFileStatus(KeyManagerImpl.java:1200) ~[ozone-manager-1.4.0-SNAPSHOT.jar:?]
	at org.apache.hadoop.ozone.om.KeyManagerImpl.getFileStatus(KeyManagerImpl.java:1118) ~[ozone-manager-1.4.0-SNAPSHOT.jar:?]
	at org.apache.hadoop.ozone.om.OmMetadataReader.getFileStatus(OmMetadataReader.java:288) ~[ozone-manager-1.4.0-SNAPSHOT.jar:?]
	at org.apache.hadoop.ozone.om.OzoneManager.getFileStatus(OzoneManager.java:3491) ~[ozone-manager-1.4.0-SNAPSHOT.jar:?]
	at org.apache.hadoop.ozone.protocolPB.OzoneManagerRequestHandler.getOzoneFileStatus(OzoneManagerRequestHandler.java:934) ~[ozone-manager-1.4.0-SNAPSHOT.jar:?]
	at org.apache.hadoop.ozone.protocolPB.OzoneManagerRequestHandler.handleReadRequest(OzoneManagerRequestHandler.java:238) ~[ozone-manager-1.4.0-SNAPSHOT.jar:?]
	at org.apache.hadoop.ozone.protocolPB.OzoneManagerProtocolServerSideTranslatorPB.submitRequestDirectlyToOM(OzoneManagerProtocolServerSideTranslatorPB.java:272) ~[ozone-manager-1.4.0-SNAPSHOT.jar:?]
	at org.apache.hadoop.ozone.protocolPB.OzoneManagerProtocolServerSideTranslatorPB.processRequest(OzoneManagerProtocolServerSideTranslatorPB.java:173) ~[ozone-manager-1.4.0-SNAPSHOT.jar:?]
	at org.apache.hadoop.hdds.server.OzoneProtocolMessageDispatcher.processRequest(OzoneProtocolMessageDispatcher.java:87) [hdds-server-framework-1.4.0-SNAPSHOT.jar:?]
	at org.apache.hadoop.ozone.protocolPB.OzoneManagerProtocolServerSideTranslatorPB.submitRequest(OzoneManagerProtocolServerSideTranslatorPB.java:147) [ozone-manager-1.4.0-SNAPSHOT.jar:?]
	at org.apache.hadoop.ozone.protocol.proto.OzoneManagerProtocolProtos$OzoneManagerService$2.callBlockingMethod(OzoneManagerProtocolProtos.java) [ozone-interface-client-1.4.0-SNAPSHOT.jar:?]
	at org.apache.hadoop.ipc.ProtobufRpcEngine$Server.processCall(ProtobufRpcEngine.java:484) [hadoop-common-3.3.5.jar:?]
	at org.apache.hadoop.ipc.ProtobufRpcEngine2$Server$ProtoBufRpcInvoker.call(ProtobufRpcEngine2.java:595) [hadoop-common-3.3.5.jar:?]
	at org.apache.hadoop.ipc.ProtobufRpcEngine2$Server$ProtoBufRpcInvoker.call(ProtobufRpcEngine2.java:573) [hadoop-common-3.3.5.jar:?]
	at org.apache.hadoop.ipc.RPC$Server.call(RPC.java:1213) [hadoop-common-3.3.5.jar:?]
	at org.apache.hadoop.ipc.Server$RpcCall.run(Server.java:1089) [hadoop-common-3.3.5.jar:?]
	at org.apache.hadoop.ipc.Server$RpcCall.run(Server.java:1012) [hadoop-common-3.3.5.jar:?]
	at java.security.AccessController.doPrivileged(Native Method) ~[?:1.8.0_362]
	at javax.security.auth.Subject.doAs(Subject.java:422) [?:1.8.0_362]
	at org.apache.hadoop.security.UserGroupInformation.doAs(UserGroupInformation.java:1899) [hadoop-common-3.3.5.jar:?]
	at org.apache.hadoop.ipc.Server$Handler.run(Server.java:3026) [hadoop-common-3.3.5.jar:?]
17:18:08.194 [IPC Server handler 10 on default port 38777] ERROR OMAudit - user=runner | ip=127.0.0.1 | op=GET_FILE_STATUS {volume=volume96178, bucket=bucket92903, key=gdir1/dir5/child, dataSize=0, replicationConfig=null} | ret=FAILURE
org.apache.hadoop.ozone.om.exceptions.OMException: Unable to get file status: volume: volume96178 bucket: bucket92903 key: gdir1/dir5/child
	at org.apache.hadoop.ozone.om.KeyManagerImpl.getOzoneFileStatus(KeyManagerImpl.java:1200) ~[ozone-manager-1.4.0-SNAPSHOT.jar:?]
	at org.apache.hadoop.ozone.om.KeyManagerImpl.getFileStatus(KeyManagerImpl.java:1118) ~[ozone-manager-1.4.0-SNAPSHOT.jar:?]
	at org.apache.hadoop.ozone.om.OmMetadataReader.getFileStatus(OmMetadataReader.java:288) ~[ozone-manager-1.4.0-SNAPSHOT.jar:?]
	at org.apache.hadoop.ozone.om.OzoneManager.getFileStatus(OzoneManager.java:3491) ~[ozone-manager-1.4.0-SNAPSHOT.jar:?]
	at org.apache.hadoop.ozone.protocolPB.OzoneManagerRequestHandler.getOzoneFileStatus(OzoneManagerRequestHandler.java:934) ~[ozone-manager-1.4.0-SNAPSHOT.jar:?]
	at org.apache.hadoop.ozone.protocolPB.OzoneManagerRequestHandler.handleReadRequest(OzoneManagerRequestHandler.java:238) ~[ozone-manager-1.4.0-SNAPSHOT.jar:?]
	at org.apache.hadoop.ozone.protocolPB.OzoneManagerProtocolServerSideTranslatorPB.submitRequestDirectlyToOM(OzoneManagerProtocolServerSideTranslatorPB.java:272) ~[ozone-manager-1.4.0-SNAPSHOT.jar:?]
	at org.apache.hadoop.ozone.protocolPB.OzoneManagerProtocolServerSideTranslatorPB.processRequest(OzoneManagerProtocolServerSideTranslatorPB.java:173) ~[ozone-manager-1.4.0-SNAPSHOT.jar:?]
	at org.apache.hadoop.hdds.server.OzoneProtocolMessageDispatcher.processRequest(OzoneProtocolMessageDispatcher.java:87) [hdds-server-framework-1.4.0-SNAPSHOT.jar:?]
	at org.apache.hadoop.ozone.protocolPB.OzoneManagerProtocolServerSideTranslatorPB.submitRequest(OzoneManagerProtocolServerSideTranslatorPB.java:147) [ozone-manager-1.4.0-SNAPSHOT.jar:?]
	at org.apache.hadoop.ozone.protocol.proto.OzoneManagerProtocolProtos$OzoneManagerService$2.callBlockingMethod(OzoneManagerProtocolProtos.java) [ozone-interface-client-1.4.0-SNAPSHOT.jar:?]
	at org.apache.hadoop.ipc.ProtobufRpcEngine$Server.processCall(ProtobufRpcEngine.java:484) [hadoop-common-3.3.5.jar:?]
	at org.apache.hadoop.ipc.ProtobufRpcEngine2$Server$ProtoBufRpcInvoker.call(ProtobufRpcEngine2.java:595) [hadoop-common-3.3.5.jar:?]
	at org.apache.hadoop.ipc.ProtobufRpcEngine2$Server$ProtoBufRpcInvoker.call(ProtobufRpcEngine2.java:573) [hadoop-common-3.3.5.jar:?]
	at org.apache.hadoop.ipc.RPC$Server.call(RPC.java:1213) [hadoop-common-3.3.5.jar:?]
	at org.apache.hadoop.ipc.Server$RpcCall.run(Server.java:1089) [hadoop-common-3.3.5.jar:?]
	at org.apache.hadoop.ipc.Server$RpcCall.run(Server.java:1012) [hadoop-common-3.3.5.jar:?]
	at java.security.AccessController.doPrivileged(Native Method) ~[?:1.8.0_362]
	at javax.security.auth.Subject.doAs(Subject.java:422) [?:1.8.0_362]
	at org.apache.hadoop.security.UserGroupInformation.doAs(UserGroupInformation.java:1899) [hadoop-common-3.3.5.jar:?]
	at org.apache.hadoop.ipc.Server$Handler.run(Server.java:3026) [hadoop-common-3.3.5.jar:?]
17:18:08.194 [IPC Server handler 17 on default port 38777] ERROR OMAudit - user=runner | ip=127.0.0.1 | op=GET_FILE_STATUS {volume=volume96178, bucket=bucket92903, key=gdir1/dir6, dataSize=0, replicationConfig=null} | ret=FAILURE
org.apache.hadoop.ozone.om.exceptions.OMException: Unable to get file status: volume: volume96178 bucket: bucket92903 key: gdir1/dir6
	at org.apache.hadoop.ozone.om.KeyManagerImpl.getOzoneFileStatus(KeyManagerImpl.java:1200) ~[ozone-manager-1.4.0-SNAPSHOT.jar:?]
	at org.apache.hadoop.ozone.om.KeyManagerImpl.getFileStatus(KeyManagerImpl.java:1118) ~[ozone-manager-1.4.0-SNAPSHOT.jar:?]
	at org.apache.hadoop.ozone.om.OmMetadataReader.getFileStatus(OmMetadataReader.java:288) ~[ozone-manager-1.4.0-SNAPSHOT.jar:?]
	at org.apache.hadoop.ozone.om.OzoneManager.getFileStatus(OzoneManager.java:3491) ~[ozone-manager-1.4.0-SNAPSHOT.jar:?]
	at org.apache.hadoop.ozone.protocolPB.OzoneManagerRequestHandler.getOzoneFileStatus(OzoneManagerRequestHandler.java:934) ~[ozone-manager-1.4.0-SNAPSHOT.jar:?]
	at org.apache.hadoop.ozone.protocolPB.OzoneManagerRequestHandler.handleReadRequest(OzoneManagerRequestHandler.java:238) ~[ozone-manager-1.4.0-SNAPSHOT.jar:?]
	at org.apache.hadoop.ozone.protocolPB.OzoneManagerProtocolServerSideTranslatorPB.submitRequestDirectlyToOM(OzoneManagerProtocolServerSideTranslatorPB.java:272) ~[ozone-manager-1.4.0-SNAPSHOT.jar:?]
	at org.apache.hadoop.ozone.protocolPB.OzoneManagerProtocolServerSideTranslatorPB.processRequest(OzoneManagerProtocolServerSideTranslatorPB.java:173) ~[ozone-manager-1.4.0-SNAPSHOT.jar:?]
	at org.apache.hadoop.hdds.server.OzoneProtocolMessageDispatcher.processRequest(OzoneProtocolMessageDispatcher.java:87) [hdds-server-framework-1.4.0-SNAPSHOT.jar:?]
	at org.apache.hadoop.ozone.protocolPB.OzoneManagerProtocolServerSideTranslatorPB.submitRequest(OzoneManagerProtocolServerSideTranslatorPB.java:147) [ozone-manager-1.4.0-SNAPSHOT.jar:?]
	at org.apache.hadoop.ozone.protocol.proto.OzoneManagerProtocolProtos$OzoneManagerService$2.callBlockingMethod(OzoneManagerProtocolProtos.java) [ozone-interface-client-1.4.0-SNAPSHOT.jar:?]
	at org.apache.hadoop.ipc.ProtobufRpcEngine$Server.processCall(ProtobufRpcEngine.java:484) [hadoop-common-3.3.5.jar:?]
	at org.apache.hadoop.ipc.ProtobufRpcEngine2$Server$ProtoBufRpcInvoker.call(ProtobufRpcEngine2.java:595) [hadoop-common-3.3.5.jar:?]
	at org.apache.hadoop.ipc.ProtobufRpcEngine2$Server$ProtoBufRpcInvoker.call(ProtobufRpcEngine2.java:573) [hadoop-common-3.3.5.jar:?]
	at org.apache.hadoop.ipc.RPC$Server.call(RPC.java:1213) [hadoop-common-3.3.5.jar:?]
	at org.apache.hadoop.ipc.Server$RpcCall.run(Server.java:1089) [hadoop-common-3.3.5.jar:?]
	at org.apache.hadoop.ipc.Server$RpcCall.run(Server.java:1012) [hadoop-common-3.3.5.jar:?]
	at java.security.AccessController.doPrivileged(Native Method) ~[?:1.8.0_362]
	at javax.security.auth.Subject.doAs(Subject.java:422) [?:1.8.0_362]
	at org.apache.hadoop.security.UserGroupInformation.doAs(UserGroupInformation.java:1899) [hadoop-common-3.3.5.jar:?]
	at org.apache.hadoop.ipc.Server$Handler.run(Server.java:3026) [hadoop-common-3.3.5.jar:?]
17:18:08.195 [IPC Server handler 12 on default port 38777] ERROR OMAudit - user=runner | ip=127.0.0.1 | op=GET_FILE_STATUS {volume=volume96178, bucket=bucket92903, key=gdir1/dir6/child, dataSize=0, replicationConfig=null} | ret=FAILURE
org.apache.hadoop.ozone.om.exceptions.OMException: Unable to get file status: volume: volume96178 bucket: bucket92903 key: gdir1/dir6/child
	at org.apache.hadoop.ozone.om.KeyManagerImpl.getOzoneFileStatus(KeyManagerImpl.java:1200) ~[ozone-manager-1.4.0-SNAPSHOT.jar:?]
	at org.apache.hadoop.ozone.om.KeyManagerImpl.getFileStatus(KeyManagerImpl.java:1118) ~[ozone-manager-1.4.0-SNAPSHOT.jar:?]
	at org.apache.hadoop.ozone.om.OmMetadataReader.getFileStatus(OmMetadataReader.java:288) ~[ozone-manager-1.4.0-SNAPSHOT.jar:?]
	at org.apache.hadoop.ozone.om.OzoneManager.getFileStatus(OzoneManager.java:3491) ~[ozone-manager-1.4.0-SNAPSHOT.jar:?]
	at org.apache.hadoop.ozone.protocolPB.OzoneManagerRequestHandler.getOzoneFileStatus(OzoneManagerRequestHandler.java:934) ~[ozone-manager-1.4.0-SNAPSHOT.jar:?]
	at org.apache.hadoop.ozone.protocolPB.OzoneManagerRequestHandler.handleReadRequest(OzoneManagerRequestHandler.java:238) ~[ozone-manager-1.4.0-SNAPSHOT.jar:?]
	at org.apache.hadoop.ozone.protocolPB.OzoneManagerProtocolServerSideTranslatorPB.submitRequestDirectlyToOM(OzoneManagerProtocolServerSideTranslatorPB.java:272) ~[ozone-manager-1.4.0-SNAPSHOT.jar:?]
	at org.apache.hadoop.ozone.protocolPB.OzoneManagerProtocolServerSideTranslatorPB.processRequest(OzoneManagerProtocolServerSideTranslatorPB.java:173) ~[ozone-manager-1.4.0-SNAPSHOT.jar:?]
	at org.apache.hadoop.hdds.server.OzoneProtocolMessageDispatcher.processRequest(OzoneProtocolMessageDispatcher.java:87) [hdds-server-framework-1.4.0-SNAPSHOT.jar:?]
	at org.apache.hadoop.ozone.protocolPB.OzoneManagerProtocolServerSideTranslatorPB.submitRequest(OzoneManagerProtocolServerSideTranslatorPB.java:147) [ozone-manager-1.4.0-SNAPSHOT.jar:?]
	at org.apache.hadoop.ozone.protocol.proto.OzoneManagerProtocolProtos$OzoneManagerService$2.callBlockingMethod(OzoneManagerProtocolProtos.java) [ozone-interface-client-1.4.0-SNAPSHOT.jar:?]
	at org.apache.hadoop.ipc.ProtobufRpcEngine$Server.processCall(ProtobufRpcEngine.java:484) [hadoop-common-3.3.5.jar:?]
	at org.apache.hadoop.ipc.ProtobufRpcEngine2$Server$ProtoBufRpcInvoker.call(ProtobufRpcEngine2.java:595) [hadoop-common-3.3.5.jar:?]
	at org.apache.hadoop.ipc.ProtobufRpcEngine2$Server$ProtoBufRpcInvoker.call(ProtobufRpcEngine2.java:573) [hadoop-common-3.3.5.jar:?]
	at org.apache.hadoop.ipc.RPC$Server.call(RPC.java:1213) [hadoop-common-3.3.5.jar:?]
	at org.apache.hadoop.ipc.Server$RpcCall.run(Server.java:1089) [hadoop-common-3.3.5.jar:?]
	at org.apache.hadoop.ipc.Server$RpcCall.run(Server.java:1012) [hadoop-common-3.3.5.jar:?]
	at java.security.AccessController.doPrivileged(Native Method) ~[?:1.8.0_362]
	at javax.security.auth.Subject.doAs(Subject.java:422) [?:1.8.0_362]
	at org.apache.hadoop.security.UserGroupInformation.doAs(UserGroupInformation.java:1899) [hadoop-common-3.3.5.jar:?]
	at org.apache.hadoop.ipc.Server$Handler.run(Server.java:3026) [hadoop-common-3.3.5.jar:?]
17:18:08.196 [IPC Server handler 11 on default port 38777] ERROR OMAudit - user=runner | ip=127.0.0.1 | op=GET_FILE_STATUS {volume=volume96178, bucket=bucket92903, key=gdir1/dir7, dataSize=0, replicationConfig=null} | ret=FAILURE
org.apache.hadoop.ozone.om.exceptions.OMException: Unable to get file status: volume: volume96178 bucket: bucket92903 key: gdir1/dir7
	at org.apache.hadoop.ozone.om.KeyManagerImpl.getOzoneFileStatus(KeyManagerImpl.java:1200) ~[ozone-manager-1.4.0-SNAPSHOT.jar:?]
	at org.apache.hadoop.ozone.om.KeyManagerImpl.getFileStatus(KeyManagerImpl.java:1118) ~[ozone-manager-1.4.0-SNAPSHOT.jar:?]
	at org.apache.hadoop.ozone.om.OmMetadataReader.getFileStatus(OmMetadataReader.java:288) ~[ozone-manager-1.4.0-SNAPSHOT.jar:?]
	at org.apache.hadoop.ozone.om.OzoneManager.getFileStatus(OzoneManager.java:3491) ~[ozone-manager-1.4.0-SNAPSHOT.jar:?]
	at org.apache.hadoop.ozone.protocolPB.OzoneManagerRequestHandler.getOzoneFileStatus(OzoneManagerRequestHandler.java:934) ~[ozone-manager-1.4.0-SNAPSHOT.jar:?]
	at org.apache.hadoop.ozone.protocolPB.OzoneManagerRequestHandler.handleReadRequest(OzoneManagerRequestHandler.java:238) ~[ozone-manager-1.4.0-SNAPSHOT.jar:?]
	at org.apache.hadoop.ozone.protocolPB.OzoneManagerProtocolServerSideTranslatorPB.submitRequestDirectlyToOM(OzoneManagerProtocolServerSideTranslatorPB.java:272) ~[ozone-manager-1.4.0-SNAPSHOT.jar:?]
	at org.apache.hadoop.ozone.protocolPB.OzoneManagerProtocolServerSideTranslatorPB.processRequest(OzoneManagerProtocolServerSideTranslatorPB.java:173) ~[ozone-manager-1.4.0-SNAPSHOT.jar:?]
	at org.apache.hadoop.hdds.server.OzoneProtocolMessageDispatcher.processRequest(OzoneProtocolMessageDispatcher.java:87) [hdds-server-framework-1.4.0-SNAPSHOT.jar:?]
	at org.apache.hadoop.ozone.protocolPB.OzoneManagerProtocolServerSideTranslatorPB.submitRequest(OzoneManagerProtocolServerSideTranslatorPB.java:147) [ozone-manager-1.4.0-SNAPSHOT.jar:?]
	at org.apache.hadoop.ozone.protocol.proto.OzoneManagerProtocolProtos$OzoneManagerService$2.callBlockingMethod(OzoneManagerProtocolProtos.java) [ozone-interface-client-1.4.0-SNAPSHOT.jar:?]
	at org.apache.hadoop.ipc.ProtobufRpcEngine$Server.processCall(ProtobufRpcEngine.java:484) [hadoop-common-3.3.5.jar:?]
	at org.apache.hadoop.ipc.ProtobufRpcEngine2$Server$ProtoBufRpcInvoker.call(ProtobufRpcEngine2.java:595) [hadoop-common-3.3.5.jar:?]
	at org.apache.hadoop.ipc.ProtobufRpcEngine2$Server$ProtoBufRpcInvoker.call(ProtobufRpcEngine2.java:573) [hadoop-common-3.3.5.jar:?]
	at org.apache.hadoop.ipc.RPC$Server.call(RPC.java:1213) [hadoop-common-3.3.5.jar:?]
	at org.apache.hadoop.ipc.Server$RpcCall.run(Server.java:1089) [hadoop-common-3.3.5.jar:?]
	at org.apache.hadoop.ipc.Server$RpcCall.run(Server.java:1012) [hadoop-common-3.3.5.jar:?]
	at java.security.AccessController.doPrivileged(Native Method) ~[?:1.8.0_362]
	at javax.security.auth.Subject.doAs(Subject.java:422) [?:1.8.0_362]
	at org.apache.hadoop.security.UserGroupInformation.doAs(UserGroupInformation.java:1899) [hadoop-common-3.3.5.jar:?]
	at org.apache.hadoop.ipc.Server$Handler.run(Server.java:3026) [hadoop-common-3.3.5.jar:?]
17:18:08.197 [IPC Server handler 9 on default port 38777] ERROR OMAudit - user=runner | ip=127.0.0.1 | op=GET_FILE_STATUS {volume=volume96178, bucket=bucket92903, key=gdir1/dir7/child, dataSize=0, replicationConfig=null} | ret=FAILURE
org.apache.hadoop.ozone.om.exceptions.OMException: Unable to get file status: volume: volume96178 bucket: bucket92903 key: gdir1/dir7/child
	at org.apache.hadoop.ozone.om.KeyManagerImpl.getOzoneFileStatus(KeyManagerImpl.java:1200) ~[ozone-manager-1.4.0-SNAPSHOT.jar:?]
	at org.apache.hadoop.ozone.om.KeyManagerImpl.getFileStatus(KeyManagerImpl.java:1118) ~[ozone-manager-1.4.0-SNAPSHOT.jar:?]
	at org.apache.hadoop.ozone.om.OmMetadataReader.getFileStatus(OmMetadataReader.java:288) ~[ozone-manager-1.4.0-SNAPSHOT.jar:?]
	at org.apache.hadoop.ozone.om.OzoneManager.getFileStatus(OzoneManager.java:3491) ~[ozone-manager-1.4.0-SNAPSHOT.jar:?]
	at org.apache.hadoop.ozone.protocolPB.OzoneManagerRequestHandler.getOzoneFileStatus(OzoneManagerRequestHandler.java:934) ~[ozone-manager-1.4.0-SNAPSHOT.jar:?]
	at org.apache.hadoop.ozone.protocolPB.OzoneManagerRequestHandler.handleReadRequest(OzoneManagerRequestHandler.java:238) ~[ozone-manager-1.4.0-SNAPSHOT.jar:?]
	at org.apache.hadoop.ozone.protocolPB.OzoneManagerProtocolServerSideTranslatorPB.submitRequestDirectlyToOM(OzoneManagerProtocolServerSideTranslatorPB.java:272) ~[ozone-manager-1.4.0-SNAPSHOT.jar:?]
	at org.apache.hadoop.ozone.protocolPB.OzoneManagerProtocolServerSideTranslatorPB.processRequest(OzoneManagerProtocolServerSideTranslatorPB.java:173) ~[ozone-manager-1.4.0-SNAPSHOT.jar:?]
	at org.apache.hadoop.hdds.server.OzoneProtocolMessageDispatcher.processRequest(OzoneProtocolMessageDispatcher.java:87) [hdds-server-framework-1.4.0-SNAPSHOT.jar:?]
	at org.apache.hadoop.ozone.protocolPB.OzoneManagerProtocolServerSideTranslatorPB.submitRequest(OzoneManagerProtocolServerSideTranslatorPB.java:147) [ozone-manager-1.4.0-SNAPSHOT.jar:?]
	at org.apache.hadoop.ozone.protocol.proto.OzoneManagerProtocolProtos$OzoneManagerService$2.callBlockingMethod(OzoneManagerProtocolProtos.java) [ozone-interface-client-1.4.0-SNAPSHOT.jar:?]
	at org.apache.hadoop.ipc.ProtobufRpcEngine$Server.processCall(ProtobufRpcEngine.java:484) [hadoop-common-3.3.5.jar:?]
	at org.apache.hadoop.ipc.ProtobufRpcEngine2$Server$ProtoBufRpcInvoker.call(ProtobufRpcEngine2.java:595) [hadoop-common-3.3.5.jar:?]
	at org.apache.hadoop.ipc.ProtobufRpcEngine2$Server$ProtoBufRpcInvoker.call(ProtobufRpcEngine2.java:573) [hadoop-common-3.3.5.jar:?]
	at org.apache.hadoop.ipc.RPC$Server.call(RPC.java:1213) [hadoop-common-3.3.5.jar:?]
	at org.apache.hadoop.ipc.Server$RpcCall.run(Server.java:1089) [hadoop-common-3.3.5.jar:?]
	at org.apache.hadoop.ipc.Server$RpcCall.run(Server.java:1012) [hadoop-common-3.3.5.jar:?]
	at java.security.AccessController.doPrivileged(Native Method) ~[?:1.8.0_362]
	at javax.security.auth.Subject.doAs(Subject.java:422) [?:1.8.0_362]
	at org.apache.hadoop.security.UserGroupInformation.doAs(UserGroupInformation.java:1899) [hadoop-common-3.3.5.jar:?]
	at org.apache.hadoop.ipc.Server$Handler.run(Server.java:3026) [hadoop-common-3.3.5.jar:?]
17:18:08.199 [IPC Server handler 5 on default port 38777] ERROR OMAudit - user=runner | ip=127.0.0.1 | op=GET_FILE_STATUS {volume=volume96178, bucket=bucket92903, key=gdir1/dir8, dataSize=0, replicationConfig=null} | ret=FAILURE
org.apache.hadoop.ozone.om.exceptions.OMException: Unable to get file status: volume: volume96178 bucket: bucket92903 key: gdir1/dir8
	at org.apache.hadoop.ozone.om.KeyManagerImpl.getOzoneFileStatus(KeyManagerImpl.java:1200) ~[ozone-manager-1.4.0-SNAPSHOT.jar:?]
	at org.apache.hadoop.ozone.om.KeyManagerImpl.getFileStatus(KeyManagerImpl.java:1118) ~[ozone-manager-1.4.0-SNAPSHOT.jar:?]
	at org.apache.hadoop.ozone.om.OmMetadataReader.getFileStatus(OmMetadataReader.java:288) ~[ozone-manager-1.4.0-SNAPSHOT.jar:?]
	at org.apache.hadoop.ozone.om.OzoneManager.getFileStatus(OzoneManager.java:3491) ~[ozone-manager-1.4.0-SNAPSHOT.jar:?]
	at org.apache.hadoop.ozone.protocolPB.OzoneManagerRequestHandler.getOzoneFileStatus(OzoneManagerRequestHandler.java:934) ~[ozone-manager-1.4.0-SNAPSHOT.jar:?]
	at org.apache.hadoop.ozone.protocolPB.OzoneManagerRequestHandler.handleReadRequest(OzoneManagerRequestHandler.java:238) ~[ozone-manager-1.4.0-SNAPSHOT.jar:?]
	at org.apache.hadoop.ozone.protocolPB.OzoneManagerProtocolServerSideTranslatorPB.submitRequestDirectlyToOM(OzoneManagerProtocolServerSideTranslatorPB.java:272) ~[ozone-manager-1.4.0-SNAPSHOT.jar:?]
	at org.apache.hadoop.ozone.protocolPB.OzoneManagerProtocolServerSideTranslatorPB.processRequest(OzoneManagerProtocolServerSideTranslatorPB.java:173) ~[ozone-manager-1.4.0-SNAPSHOT.jar:?]
	at org.apache.hadoop.hdds.server.OzoneProtocolMessageDispatcher.processRequest(OzoneProtocolMessageDispatcher.java:87) [hdds-server-framework-1.4.0-SNAPSHOT.jar:?]
	at org.apache.hadoop.ozone.protocolPB.OzoneManagerProtocolServerSideTranslatorPB.submitRequest(OzoneManagerProtocolServerSideTranslatorPB.java:147) [ozone-manager-1.4.0-SNAPSHOT.jar:?]
	at org.apache.hadoop.ozone.protocol.proto.OzoneManagerProtocolProtos$OzoneManagerService$2.callBlockingMethod(OzoneManagerProtocolProtos.java) [ozone-interface-client-1.4.0-SNAPSHOT.jar:?]
	at org.apache.hadoop.ipc.ProtobufRpcEngine$Server.processCall(ProtobufRpcEngine.java:484) [hadoop-common-3.3.5.jar:?]
	at org.apache.hadoop.ipc.ProtobufRpcEngine2$Server$ProtoBufRpcInvoker.call(ProtobufRpcEngine2.java:595) [hadoop-common-3.3.5.jar:?]
	at org.apache.hadoop.ipc.ProtobufRpcEngine2$Server$ProtoBufRpcInvoker.call(ProtobufRpcEngine2.java:573) [hadoop-common-3.3.5.jar:?]
	at org.apache.hadoop.ipc.RPC$Server.call(RPC.java:1213) [hadoop-common-3.3.5.jar:?]
	at org.apache.hadoop.ipc.Server$RpcCall.run(Server.java:1089) [hadoop-common-3.3.5.jar:?]
	at org.apache.hadoop.ipc.Server$RpcCall.run(Server.java:1012) [hadoop-common-3.3.5.jar:?]
	at java.security.AccessController.doPrivileged(Native Method) ~[?:1.8.0_362]
	at javax.security.auth.Subject.doAs(Subject.java:422) [?:1.8.0_362]
	at org.apache.hadoop.security.UserGroupInformation.doAs(UserGroupInformation.java:1899) [hadoop-common-3.3.5.jar:?]
	at org.apache.hadoop.ipc.Server$Handler.run(Server.java:3026) [hadoop-common-3.3.5.jar:?]
17:18:08.200 [IPC Server handler 7 on default port 38777] ERROR OMAudit - user=runner | ip=127.0.0.1 | op=GET_FILE_STATUS {volume=volume96178, bucket=bucket92903, key=gdir1/dir8/child, dataSize=0, replicationConfig=null} | ret=FAILURE
org.apache.hadoop.ozone.om.exceptions.OMException: Unable to get file status: volume: volume96178 bucket: bucket92903 key: gdir1/dir8/child
	at org.apache.hadoop.ozone.om.KeyManagerImpl.getOzoneFileStatus(KeyManagerImpl.java:1200) ~[ozone-manager-1.4.0-SNAPSHOT.jar:?]
	at org.apache.hadoop.ozone.om.KeyManagerImpl.getFileStatus(KeyManagerImpl.java:1118) ~[ozone-manager-1.4.0-SNAPSHOT.jar:?]
	at org.apache.hadoop.ozone.om.OmMetadataReader.getFileStatus(OmMetadataReader.java:288) ~[ozone-manager-1.4.0-SNAPSHOT.jar:?]
	at org.apache.hadoop.ozone.om.OzoneManager.getFileStatus(OzoneManager.java:3491) ~[ozone-manager-1.4.0-SNAPSHOT.jar:?]
	at org.apache.hadoop.ozone.protocolPB.OzoneManagerRequestHandler.getOzoneFileStatus(OzoneManagerRequestHandler.java:934) ~[ozone-manager-1.4.0-SNAPSHOT.jar:?]
	at org.apache.hadoop.ozone.protocolPB.OzoneManagerRequestHandler.handleReadRequest(OzoneManagerRequestHandler.java:238) ~[ozone-manager-1.4.0-SNAPSHOT.jar:?]
	at org.apache.hadoop.ozone.protocolPB.OzoneManagerProtocolServerSideTranslatorPB.submitRequestDirectlyToOM(OzoneManagerProtocolServerSideTranslatorPB.java:272) ~[ozone-manager-1.4.0-SNAPSHOT.jar:?]
	at org.apache.hadoop.ozone.protocolPB.OzoneManagerProtocolServerSideTranslatorPB.processRequest(OzoneManagerProtocolServerSideTranslatorPB.java:173) ~[ozone-manager-1.4.0-SNAPSHOT.jar:?]
	at org.apache.hadoop.hdds.server.OzoneProtocolMessageDispatcher.processRequest(OzoneProtocolMessageDispatcher.java:87) [hdds-server-framework-1.4.0-SNAPSHOT.jar:?]
	at org.apache.hadoop.ozone.protocolPB.OzoneManagerProtocolServerSideTranslatorPB.submitRequest(OzoneManagerProtocolServerSideTranslatorPB.java:147) [ozone-manager-1.4.0-SNAPSHOT.jar:?]
	at org.apache.hadoop.ozone.protocol.proto.OzoneManagerProtocolProtos$OzoneManagerService$2.callBlockingMethod(OzoneManagerProtocolProtos.java) [ozone-interface-client-1.4.0-SNAPSHOT.jar:?]
	at org.apache.hadoop.ipc.ProtobufRpcEngine$Server.processCall(ProtobufRpcEngine.java:484) [hadoop-common-3.3.5.jar:?]
	at org.apache.hadoop.ipc.ProtobufRpcEngine2$Server$ProtoBufRpcInvoker.call(ProtobufRpcEngine2.java:595) [hadoop-common-3.3.5.jar:?]
	at org.apache.hadoop.ipc.ProtobufRpcEngine2$Server$ProtoBufRpcInvoker.call(ProtobufRpcEngine2.java:573) [hadoop-common-3.3.5.jar:?]
	at org.apache.hadoop.ipc.RPC$Server.call(RPC.java:1213) [hadoop-common-3.3.5.jar:?]
	at org.apache.hadoop.ipc.Server$RpcCall.run(Server.java:1089) [hadoop-common-3.3.5.jar:?]
	at org.apache.hadoop.ipc.Server$RpcCall.run(Server.java:1012) [hadoop-common-3.3.5.jar:?]
	at java.security.AccessController.doPrivileged(Native Method) ~[?:1.8.0_362]
	at javax.security.auth.Subject.doAs(Subject.java:422) [?:1.8.0_362]
	at org.apache.hadoop.security.UserGroupInformation.doAs(UserGroupInformation.java:1899) [hadoop-common-3.3.5.jar:?]
	at org.apache.hadoop.ipc.Server$Handler.run(Server.java:3026) [hadoop-common-3.3.5.jar:?]
17:18:08.201 [IPC Server handler 13 on default port 38777] ERROR OMAudit - user=runner | ip=127.0.0.1 | op=GET_FILE_STATUS {volume=volume96178, bucket=bucket92903, key=gdir1/dir9, dataSize=0, replicationConfig=null} | ret=FAILURE
org.apache.hadoop.ozone.om.exceptions.OMException: Unable to get file status: volume: volume96178 bucket: bucket92903 key: gdir1/dir9
	at org.apache.hadoop.ozone.om.KeyManagerImpl.getOzoneFileStatus(KeyManagerImpl.java:1200) ~[ozone-manager-1.4.0-SNAPSHOT.jar:?]
	at org.apache.hadoop.ozone.om.KeyManagerImpl.getFileStatus(KeyManagerImpl.java:1118) ~[ozone-manager-1.4.0-SNAPSHOT.jar:?]
	at org.apache.hadoop.ozone.om.OmMetadataReader.getFileStatus(OmMetadataReader.java:288) ~[ozone-manager-1.4.0-SNAPSHOT.jar:?]
	at org.apache.hadoop.ozone.om.OzoneManager.getFileStatus(OzoneManager.java:3491) ~[ozone-manager-1.4.0-SNAPSHOT.jar:?]
	at org.apache.hadoop.ozone.protocolPB.OzoneManagerRequestHandler.getOzoneFileStatus(OzoneManagerRequestHandler.java:934) ~[ozone-manager-1.4.0-SNAPSHOT.jar:?]
	at org.apache.hadoop.ozone.protocolPB.OzoneManagerRequestHandler.handleReadRequest(OzoneManagerRequestHandler.java:238) ~[ozone-manager-1.4.0-SNAPSHOT.jar:?]
	at org.apache.hadoop.ozone.protocolPB.OzoneManagerProtocolServerSideTranslatorPB.submitRequestDirectlyToOM(OzoneManagerProtocolServerSideTranslatorPB.java:272) ~[ozone-manager-1.4.0-SNAPSHOT.jar:?]
	at org.apache.hadoop.ozone.protocolPB.OzoneManagerProtocolServerSideTranslatorPB.processRequest(OzoneManagerProtocolServerSideTranslatorPB.java:173) ~[ozone-manager-1.4.0-SNAPSHOT.jar:?]
	at org.apache.hadoop.hdds.server.OzoneProtocolMessageDispatcher.processRequest(OzoneProtocolMessageDispatcher.java:87) [hdds-server-framework-1.4.0-SNAPSHOT.jar:?]
	at org.apache.hadoop.ozone.protocolPB.OzoneManagerProtocolServerSideTranslatorPB.submitRequest(OzoneManagerProtocolServerSideTranslatorPB.java:147) [ozone-manager-1.4.0-SNAPSHOT.jar:?]
	at org.apache.hadoop.ozone.protocol.proto.OzoneManagerProtocolProtos$OzoneManagerService$2.callBlockingMethod(OzoneManagerProtocolProtos.java) [ozone-interface-client-1.4.0-SNAPSHOT.jar:?]
	at org.apache.hadoop.ipc.ProtobufRpcEngine$Server.processCall(ProtobufRpcEngine.java:484) [hadoop-common-3.3.5.jar:?]
	at org.apache.hadoop.ipc.ProtobufRpcEngine2$Server$ProtoBufRpcInvoker.call(ProtobufRpcEngine2.java:595) [hadoop-common-3.3.5.jar:?]
	at org.apache.hadoop.ipc.ProtobufRpcEngine2$Server$ProtoBufRpcInvoker.call(ProtobufRpcEngine2.java:573) [hadoop-common-3.3.5.jar:?]
	at org.apache.hadoop.ipc.RPC$Server.call(RPC.java:1213) [hadoop-common-3.3.5.jar:?]
	at org.apache.hadoop.ipc.Server$RpcCall.run(Server.java:1089) [hadoop-common-3.3.5.jar:?]
	at org.apache.hadoop.ipc.Server$RpcCall.run(Server.java:1012) [hadoop-common-3.3.5.jar:?]
	at java.security.AccessController.doPrivileged(Native Method) ~[?:1.8.0_362]
	at javax.security.auth.Subject.doAs(Subject.java:422) [?:1.8.0_362]
	at org.apache.hadoop.security.UserGroupInformation.doAs(UserGroupInformation.java:1899) [hadoop-common-3.3.5.jar:?]
	at org.apache.hadoop.ipc.Server$Handler.run(Server.java:3026) [hadoop-common-3.3.5.jar:?]
17:18:08.202 [IPC Server handler 8 on default port 38777] ERROR OMAudit - user=runner | ip=127.0.0.1 | op=GET_FILE_STATUS {volume=volume96178, bucket=bucket92903, key=gdir1/dir9/child, dataSize=0, replicationConfig=null} | ret=FAILURE
org.apache.hadoop.ozone.om.exceptions.OMException: Unable to get file status: volume: volume96178 bucket: bucket92903 key: gdir1/dir9/child
	at org.apache.hadoop.ozone.om.KeyManagerImpl.getOzoneFileStatus(KeyManagerImpl.java:1200) ~[ozone-manager-1.4.0-SNAPSHOT.jar:?]
	at org.apache.hadoop.ozone.om.KeyManagerImpl.getFileStatus(KeyManagerImpl.java:1118) ~[ozone-manager-1.4.0-SNAPSHOT.jar:?]
	at org.apache.hadoop.ozone.om.OmMetadataReader.getFileStatus(OmMetadataReader.java:288) ~[ozone-manager-1.4.0-SNAPSHOT.jar:?]
	at org.apache.hadoop.ozone.om.OzoneManager.getFileStatus(OzoneManager.java:3491) ~[ozone-manager-1.4.0-SNAPSHOT.jar:?]
	at org.apache.hadoop.ozone.protocolPB.OzoneManagerRequestHandler.getOzoneFileStatus(OzoneManagerRequestHandler.java:934) ~[ozone-manager-1.4.0-SNAPSHOT.jar:?]
	at org.apache.hadoop.ozone.protocolPB.OzoneManagerRequestHandler.handleReadRequest(OzoneManagerRequestHandler.java:238) ~[ozone-manager-1.4.0-SNAPSHOT.jar:?]
	at org.apache.hadoop.ozone.protocolPB.OzoneManagerProtocolServerSideTranslatorPB.submitRequestDirectlyToOM(OzoneManagerProtocolServerSideTranslatorPB.java:272) ~[ozone-manager-1.4.0-SNAPSHOT.jar:?]
	at org.apache.hadoop.ozone.protocolPB.OzoneManagerProtocolServerSideTranslatorPB.processRequest(OzoneManagerProtocolServerSideTranslatorPB.java:173) ~[ozone-manager-1.4.0-SNAPSHOT.jar:?]
	at org.apache.hadoop.hdds.server.OzoneProtocolMessageDispatcher.processRequest(OzoneProtocolMessageDispatcher.java:87) [hdds-server-framework-1.4.0-SNAPSHOT.jar:?]
	at org.apache.hadoop.ozone.protocolPB.OzoneManagerProtocolServerSideTranslatorPB.submitRequest(OzoneManagerProtocolServerSideTranslatorPB.java:147) [ozone-manager-1.4.0-SNAPSHOT.jar:?]
	at org.apache.hadoop.ozone.protocol.proto.OzoneManagerProtocolProtos$OzoneManagerService$2.callBlockingMethod(OzoneManagerProtocolProtos.java) [ozone-interface-client-1.4.0-SNAPSHOT.jar:?]
	at org.apache.hadoop.ipc.ProtobufRpcEngine$Server.processCall(ProtobufRpcEngine.java:484) [hadoop-common-3.3.5.jar:?]
	at org.apache.hadoop.ipc.ProtobufRpcEngine2$Server$ProtoBufRpcInvoker.call(ProtobufRpcEngine2.java:595) [hadoop-common-3.3.5.jar:?]
	at org.apache.hadoop.ipc.ProtobufRpcEngine2$Server$ProtoBufRpcInvoker.call(ProtobufRpcEngine2.java:573) [hadoop-common-3.3.5.jar:?]
	at org.apache.hadoop.ipc.RPC$Server.call(RPC.java:1213) [hadoop-common-3.3.5.jar:?]
	at org.apache.hadoop.ipc.Server$RpcCall.run(Server.java:1089) [hadoop-common-3.3.5.jar:?]
	at org.apache.hadoop.ipc.Server$RpcCall.run(Server.java:1012) [hadoop-common-3.3.5.jar:?]
	at java.security.AccessController.doPrivileged(Native Method) ~[?:1.8.0_362]
	at javax.security.auth.Subject.doAs(Subject.java:422) [?:1.8.0_362]
	at org.apache.hadoop.security.UserGroupInformation.doAs(UserGroupInformation.java:1899) [hadoop-common-3.3.5.jar:?]
	at org.apache.hadoop.ipc.Server$Handler.run(Server.java:3026) [hadoop-common-3.3.5.jar:?]
17:18:08.202 [IPC Server handler 6 on default port 38777] ERROR OMAudit - user=runner | ip=127.0.0.1 | op=GET_FILE_STATUS {volume=volume96178, bucket=bucket92903, key=gdir1/dir10, dataSize=0, replicationConfig=null} | ret=FAILURE
org.apache.hadoop.ozone.om.exceptions.OMException: Unable to get file status: volume: volume96178 bucket: bucket92903 key: gdir1/dir10
	at org.apache.hadoop.ozone.om.KeyManagerImpl.getOzoneFileStatus(KeyManagerImpl.java:1200) ~[ozone-manager-1.4.0-SNAPSHOT.jar:?]
	at org.apache.hadoop.ozone.om.KeyManagerImpl.getFileStatus(KeyManagerImpl.java:1118) ~[ozone-manager-1.4.0-SNAPSHOT.jar:?]
	at org.apache.hadoop.ozone.om.OmMetadataReader.getFileStatus(OmMetadataReader.java:288) ~[ozone-manager-1.4.0-SNAPSHOT.jar:?]
	at org.apache.hadoop.ozone.om.OzoneManager.getFileStatus(OzoneManager.java:3491) ~[ozone-manager-1.4.0-SNAPSHOT.jar:?]
	at org.apache.hadoop.ozone.protocolPB.OzoneManagerRequestHandler.getOzoneFileStatus(OzoneManagerRequestHandler.java:934) ~[ozone-manager-1.4.0-SNAPSHOT.jar:?]
	at org.apache.hadoop.ozone.protocolPB.OzoneManagerRequestHandler.handleReadRequest(OzoneManagerRequestHandler.java:238) ~[ozone-manager-1.4.0-SNAPSHOT.jar:?]
	at org.apache.hadoop.ozone.protocolPB.OzoneManagerProtocolServerSideTranslatorPB.submitRequestDirectlyToOM(OzoneManagerProtocolServerSideTranslatorPB.java:272) ~[ozone-manager-1.4.0-SNAPSHOT.jar:?]
	at org.apache.hadoop.ozone.protocolPB.OzoneManagerProtocolServerSideTranslatorPB.processRequest(OzoneManagerProtocolServerSideTranslatorPB.java:173) ~[ozone-manager-1.4.0-SNAPSHOT.jar:?]
	at org.apache.hadoop.hdds.server.OzoneProtocolMessageDispatcher.processRequest(OzoneProtocolMessageDispatcher.java:87) [hdds-server-framework-1.4.0-SNAPSHOT.jar:?]
	at org.apache.hadoop.ozone.protocolPB.OzoneManagerProtocolServerSideTranslatorPB.submitRequest(OzoneManagerProtocolServerSideTranslatorPB.java:147) [ozone-manager-1.4.0-SNAPSHOT.jar:?]
	at org.apache.hadoop.ozone.protocol.proto.OzoneManagerProtocolProtos$OzoneManagerService$2.callBlockingMethod(OzoneManagerProtocolProtos.java) [ozone-interface-client-1.4.0-SNAPSHOT.jar:?]
	at org.apache.hadoop.ipc.ProtobufRpcEngine$Server.processCall(ProtobufRpcEngine.java:484) [hadoop-common-3.3.5.jar:?]
	at org.apache.hadoop.ipc.ProtobufRpcEngine2$Server$ProtoBufRpcInvoker.call(ProtobufRpcEngine2.java:595) [hadoop-common-3.3.5.jar:?]
	at org.apache.hadoop.ipc.ProtobufRpcEngine2$Server$ProtoBufRpcInvoker.call(ProtobufRpcEngine2.java:573) [hadoop-common-3.3.5.jar:?]
	at org.apache.hadoop.ipc.RPC$Server.call(RPC.java:1213) [hadoop-common-3.3.5.jar:?]
	at org.apache.hadoop.ipc.Server$RpcCall.run(Server.java:1089) [hadoop-common-3.3.5.jar:?]
	at org.apache.hadoop.ipc.Server$RpcCall.run(Server.java:1012) [hadoop-common-3.3.5.jar:?]
	at java.security.AccessController.doPrivileged(Native Method) ~[?:1.8.0_362]
	at javax.security.auth.Subject.doAs(Subject.java:422) [?:1.8.0_362]
	at org.apache.hadoop.security.UserGroupInformation.doAs(UserGroupInformation.java:1899) [hadoop-common-3.3.5.jar:?]
	at org.apache.hadoop.ipc.Server$Handler.run(Server.java:3026) [hadoop-common-3.3.5.jar:?]
17:18:08.203 [IPC Server handler 4 on default port 38777] ERROR OMAudit - user=runner | ip=127.0.0.1 | op=GET_FILE_STATUS {volume=volume96178, bucket=bucket92903, key=gdir1/dir10/child, dataSize=0, replicationConfig=null} | ret=FAILURE
org.apache.hadoop.ozone.om.exceptions.OMException: Unable to get file status: volume: volume96178 bucket: bucket92903 key: gdir1/dir10/child
	at org.apache.hadoop.ozone.om.KeyManagerImpl.getOzoneFileStatus(KeyManagerImpl.java:1200) ~[ozone-manager-1.4.0-SNAPSHOT.jar:?]
	at org.apache.hadoop.ozone.om.KeyManagerImpl.getFileStatus(KeyManagerImpl.java:1118) ~[ozone-manager-1.4.0-SNAPSHOT.jar:?]
	at org.apache.hadoop.ozone.om.OmMetadataReader.getFileStatus(OmMetadataReader.java:288) ~[ozone-manager-1.4.0-SNAPSHOT.jar:?]
	at org.apache.hadoop.ozone.om.OzoneManager.getFileStatus(OzoneManager.java:3491) ~[ozone-manager-1.4.0-SNAPSHOT.jar:?]
	at org.apache.hadoop.ozone.protocolPB.OzoneManagerRequestHandler.getOzoneFileStatus(OzoneManagerRequestHandler.java:934) ~[ozone-manager-1.4.0-SNAPSHOT.jar:?]
	at org.apache.hadoop.ozone.protocolPB.OzoneManagerRequestHandler.handleReadRequest(OzoneManagerRequestHandler.java:238) ~[ozone-manager-1.4.0-SNAPSHOT.jar:?]
	at org.apache.hadoop.ozone.protocolPB.OzoneManagerProtocolServerSideTranslatorPB.submitRequestDirectlyToOM(OzoneManagerProtocolServerSideTranslatorPB.java:272) ~[ozone-manager-1.4.0-SNAPSHOT.jar:?]
	at org.apache.hadoop.ozone.protocolPB.OzoneManagerProtocolServerSideTranslatorPB.processRequest(OzoneManagerProtocolServerSideTranslatorPB.java:173) ~[ozone-manager-1.4.0-SNAPSHOT.jar:?]
	at org.apache.hadoop.hdds.server.OzoneProtocolMessageDispatcher.processRequest(OzoneProtocolMessageDispatcher.java:87) [hdds-server-framework-1.4.0-SNAPSHOT.jar:?]
	at org.apache.hadoop.ozone.protocolPB.OzoneManagerProtocolServerSideTranslatorPB.submitRequest(OzoneManagerProtocolServerSideTranslatorPB.java:147) [ozone-manager-1.4.0-SNAPSHOT.jar:?]
	at org.apache.hadoop.ozone.protocol.proto.OzoneManagerProtocolProtos$OzoneManagerService$2.callBlockingMethod(OzoneManagerProtocolProtos.java) [ozone-interface-client-1.4.0-SNAPSHOT.jar:?]
	at org.apache.hadoop.ipc.ProtobufRpcEngine$Server.processCall(ProtobufRpcEngine.java:484) [hadoop-common-3.3.5.jar:?]
	at org.apache.hadoop.ipc.ProtobufRpcEngine2$Server$ProtoBufRpcInvoker.call(ProtobufRpcEngine2.java:595) [hadoop-common-3.3.5.jar:?]
	at org.apache.hadoop.ipc.ProtobufRpcEngine2$Server$ProtoBufRpcInvoker.call(ProtobufRpcEngine2.java:573) [hadoop-common-3.3.5.jar:?]
	at org.apache.hadoop.ipc.RPC$Server.call(RPC.java:1213) [hadoop-common-3.3.5.jar:?]
	at org.apache.hadoop.ipc.Server$RpcCall.run(Server.java:1089) [hadoop-common-3.3.5.jar:?]
	at org.apache.hadoop.ipc.Server$RpcCall.run(Server.java:1012) [hadoop-common-3.3.5.jar:?]
	at java.security.AccessController.doPrivileged(Native Method) ~[?:1.8.0_362]
	at javax.security.auth.Subject.doAs(Subject.java:422) [?:1.8.0_362]
	at org.apache.hadoop.security.UserGroupInformation.doAs(UserGroupInformation.java:1899) [hadoop-common-3.3.5.jar:?]
	at org.apache.hadoop.ipc.Server$Handler.run(Server.java:3026) [hadoop-common-3.3.5.jar:?]
2023-04-11 17:18:08,207 [IPC Server handler 3 on default port 38777] INFO  key.OMKeyRequest (OMKeyRequest.java:wrapUncommittedBlocksAsPseudoKey(838)) - Detect allocated but uncommitted blocks [{blockID={containerID=1, localID=111677748019200024}, length=4194304, offset=0, token=null, pipeline=null, createVersion=0, partNumber=0}] in key level0/level1/file1.
2023-04-11 17:18:08,211 [IPC Server handler 0 on default port 38777] INFO  key.OMKeyRequest (OMKeyRequest.java:wrapUncommittedBlocksAsPseudoKey(838)) - Detect allocated but uncommitted blocks [{blockID={containerID=2, localID=111677748019200025}, length=4194304, offset=0, token=null, pipeline=null, createVersion=0, partNumber=0}] in key level0/level1/level1/file1.
2023-04-11 17:18:08,215 [IPC Server handler 16 on default port 38777] INFO  key.OMKeyRequest (OMKeyRequest.java:wrapUncommittedBlocksAsPseudoKey(838)) - Detect allocated but uncommitted blocks [{blockID={containerID=1, localID=111677748019200026}, length=4194304, offset=0, token=null, pipeline=null, createVersion=0, partNumber=0}] in key level0/level2/file1.
2023-04-11 17:18:08,218 [IPC Server handler 18 on default port 38777] INFO  key.OMKeyRequest (OMKeyRequest.java:wrapUncommittedBlocksAsPseudoKey(838)) - Detect allocated but uncommitted blocks [{blockID={containerID=2, localID=111677748019200027}, length=4194304, offset=0, token=null, pipeline=null, createVersion=0, partNumber=0}] in key level0/level2/level2/file1.
2023-04-11 17:18:08,222 [IPC Server handler 10 on default port 38777] INFO  key.OMKeyRequest (OMKeyRequest.java:wrapUncommittedBlocksAsPseudoKey(838)) - Detect allocated but uncommitted blocks [{blockID={containerID=4, localID=111677748019200028}, length=4194304, offset=0, token=null, pipeline=null, createVersion=0, partNumber=0}] in key level0/level3/file1.
2023-04-11 17:18:08,225 [IPC Server handler 12 on default port 38777] INFO  key.OMKeyRequest (OMKeyRequest.java:wrapUncommittedBlocksAsPseudoKey(838)) - Detect allocated but uncommitted blocks [{blockID={containerID=1, localID=111677748019200029}, length=4194304, offset=0, token=null, pipeline=null, createVersion=0, partNumber=0}] in key level0/level3/level3/file1.
17:18:08.247 [IPC Server handler 9 on default port 38777] ERROR OMAudit - user=runner | ip=127.0.0.1 | op=GET_FILE_STATUS {volume=volume96178, bucket=bucket92903, key=level0, dataSize=0, replicationConfig=null} | ret=FAILURE
org.apache.hadoop.ozone.om.exceptions.OMException: Unable to get file status: volume: volume96178 bucket: bucket92903 key: level0
	at org.apache.hadoop.ozone.om.KeyManagerImpl.getOzoneFileStatus(KeyManagerImpl.java:1200) ~[ozone-manager-1.4.0-SNAPSHOT.jar:?]
	at org.apache.hadoop.ozone.om.KeyManagerImpl.getFileStatus(KeyManagerImpl.java:1118) ~[ozone-manager-1.4.0-SNAPSHOT.jar:?]
	at org.apache.hadoop.ozone.om.OmMetadataReader.getFileStatus(OmMetadataReader.java:288) ~[ozone-manager-1.4.0-SNAPSHOT.jar:?]
	at org.apache.hadoop.ozone.om.OzoneManager.getFileStatus(OzoneManager.java:3491) ~[ozone-manager-1.4.0-SNAPSHOT.jar:?]
	at org.apache.hadoop.ozone.protocolPB.OzoneManagerRequestHandler.getOzoneFileStatus(OzoneManagerRequestHandler.java:934) ~[ozone-manager-1.4.0-SNAPSHOT.jar:?]
	at org.apache.hadoop.ozone.protocolPB.OzoneManagerRequestHandler.handleReadRequest(OzoneManagerRequestHandler.java:238) ~[ozone-manager-1.4.0-SNAPSHOT.jar:?]
	at org.apache.hadoop.ozone.protocolPB.OzoneManagerProtocolServerSideTranslatorPB.submitRequestDirectlyToOM(OzoneManagerProtocolServerSideTranslatorPB.java:272) ~[ozone-manager-1.4.0-SNAPSHOT.jar:?]
	at org.apache.hadoop.ozone.protocolPB.OzoneManagerProtocolServerSideTranslatorPB.processRequest(OzoneManagerProtocolServerSideTranslatorPB.java:173) ~[ozone-manager-1.4.0-SNAPSHOT.jar:?]
	at org.apache.hadoop.hdds.server.OzoneProtocolMessageDispatcher.processRequest(OzoneProtocolMessageDispatcher.java:87) [hdds-server-framework-1.4.0-SNAPSHOT.jar:?]
	at org.apache.hadoop.ozone.protocolPB.OzoneManagerProtocolServerSideTranslatorPB.submitRequest(OzoneManagerProtocolServerSideTranslatorPB.java:147) [ozone-manager-1.4.0-SNAPSHOT.jar:?]
	at org.apache.hadoop.ozone.protocol.proto.OzoneManagerProtocolProtos$OzoneManagerService$2.callBlockingMethod(OzoneManagerProtocolProtos.java) [ozone-interface-client-1.4.0-SNAPSHOT.jar:?]
	at org.apache.hadoop.ipc.ProtobufRpcEngine$Server.processCall(ProtobufRpcEngine.java:484) [hadoop-common-3.3.5.jar:?]
	at org.apache.hadoop.ipc.ProtobufRpcEngine2$Server$ProtoBufRpcInvoker.call(ProtobufRpcEngine2.java:595) [hadoop-common-3.3.5.jar:?]
	at org.apache.hadoop.ipc.ProtobufRpcEngine2$Server$ProtoBufRpcInvoker.call(ProtobufRpcEngine2.java:573) [hadoop-common-3.3.5.jar:?]
	at org.apache.hadoop.ipc.RPC$Server.call(RPC.java:1213) [hadoop-common-3.3.5.jar:?]
	at org.apache.hadoop.ipc.Server$RpcCall.run(Server.java:1089) [hadoop-common-3.3.5.jar:?]
	at org.apache.hadoop.ipc.Server$RpcCall.run(Server.java:1012) [hadoop-common-3.3.5.jar:?]
	at java.security.AccessController.doPrivileged(Native Method) ~[?:1.8.0_362]
	at javax.security.auth.Subject.doAs(Subject.java:422) [?:1.8.0_362]
	at org.apache.hadoop.security.UserGroupInformation.doAs(UserGroupInformation.java:1899) [hadoop-common-3.3.5.jar:?]
	at org.apache.hadoop.ipc.Server$Handler.run(Server.java:3026) [hadoop-common-3.3.5.jar:?]
17:18:08.248 [IPC Server handler 5 on default port 38777] ERROR OMAudit - user=runner | ip=127.0.0.1 | op=GET_FILE_STATUS {volume=volume96178, bucket=bucket92903, key=level0/level1, dataSize=0, replicationConfig=null} | ret=FAILURE
org.apache.hadoop.ozone.om.exceptions.OMException: Unable to get file status: volume: volume96178 bucket: bucket92903 key: level0/level1
	at org.apache.hadoop.ozone.om.KeyManagerImpl.getOzoneFileStatus(KeyManagerImpl.java:1200) ~[ozone-manager-1.4.0-SNAPSHOT.jar:?]
	at org.apache.hadoop.ozone.om.KeyManagerImpl.getFileStatus(KeyManagerImpl.java:1118) ~[ozone-manager-1.4.0-SNAPSHOT.jar:?]
	at org.apache.hadoop.ozone.om.OmMetadataReader.getFileStatus(OmMetadataReader.java:288) ~[ozone-manager-1.4.0-SNAPSHOT.jar:?]
	at org.apache.hadoop.ozone.om.OzoneManager.getFileStatus(OzoneManager.java:3491) ~[ozone-manager-1.4.0-SNAPSHOT.jar:?]
	at org.apache.hadoop.ozone.protocolPB.OzoneManagerRequestHandler.getOzoneFileStatus(OzoneManagerRequestHandler.java:934) ~[ozone-manager-1.4.0-SNAPSHOT.jar:?]
	at org.apache.hadoop.ozone.protocolPB.OzoneManagerRequestHandler.handleReadRequest(OzoneManagerRequestHandler.java:238) ~[ozone-manager-1.4.0-SNAPSHOT.jar:?]
	at org.apache.hadoop.ozone.protocolPB.OzoneManagerProtocolServerSideTranslatorPB.submitRequestDirectlyToOM(OzoneManagerProtocolServerSideTranslatorPB.java:272) ~[ozone-manager-1.4.0-SNAPSHOT.jar:?]
	at org.apache.hadoop.ozone.protocolPB.OzoneManagerProtocolServerSideTranslatorPB.processRequest(OzoneManagerProtocolServerSideTranslatorPB.java:173) ~[ozone-manager-1.4.0-SNAPSHOT.jar:?]
	at org.apache.hadoop.hdds.server.OzoneProtocolMessageDispatcher.processRequest(OzoneProtocolMessageDispatcher.java:87) [hdds-server-framework-1.4.0-SNAPSHOT.jar:?]
	at org.apache.hadoop.ozone.protocolPB.OzoneManagerProtocolServerSideTranslatorPB.submitRequest(OzoneManagerProtocolServerSideTranslatorPB.java:147) [ozone-manager-1.4.0-SNAPSHOT.jar:?]
	at org.apache.hadoop.ozone.protocol.proto.OzoneManagerProtocolProtos$OzoneManagerService$2.callBlockingMethod(OzoneManagerProtocolProtos.java) [ozone-interface-client-1.4.0-SNAPSHOT.jar:?]
	at org.apache.hadoop.ipc.ProtobufRpcEngine$Server.processCall(ProtobufRpcEngine.java:484) [hadoop-common-3.3.5.jar:?]
	at org.apache.hadoop.ipc.ProtobufRpcEngine2$Server$ProtoBufRpcInvoker.call(ProtobufRpcEngine2.java:595) [hadoop-common-3.3.5.jar:?]
	at org.apache.hadoop.ipc.ProtobufRpcEngine2$Server$ProtoBufRpcInvoker.call(ProtobufRpcEngine2.java:573) [hadoop-common-3.3.5.jar:?]
	at org.apache.hadoop.ipc.RPC$Server.call(RPC.java:1213) [hadoop-common-3.3.5.jar:?]
	at org.apache.hadoop.ipc.Server$RpcCall.run(Server.java:1089) [hadoop-common-3.3.5.jar:?]
	at org.apache.hadoop.ipc.Server$RpcCall.run(Server.java:1012) [hadoop-common-3.3.5.jar:?]
	at java.security.AccessController.doPrivileged(Native Method) ~[?:1.8.0_362]
	at javax.security.auth.Subject.doAs(Subject.java:422) [?:1.8.0_362]
	at org.apache.hadoop.security.UserGroupInformation.doAs(UserGroupInformation.java:1899) [hadoop-common-3.3.5.jar:?]
	at org.apache.hadoop.ipc.Server$Handler.run(Server.java:3026) [hadoop-common-3.3.5.jar:?]
17:18:08.249 [IPC Server handler 7 on default port 38777] ERROR OMAudit - user=runner | ip=127.0.0.1 | op=GET_FILE_STATUS {volume=volume96178, bucket=bucket92903, key=level0/level1/level1, dataSize=0, replicationConfig=null} | ret=FAILURE
org.apache.hadoop.ozone.om.exceptions.OMException: Unable to get file status: volume: volume96178 bucket: bucket92903 key: level0/level1/level1
	at org.apache.hadoop.ozone.om.KeyManagerImpl.getOzoneFileStatus(KeyManagerImpl.java:1200) ~[ozone-manager-1.4.0-SNAPSHOT.jar:?]
	at org.apache.hadoop.ozone.om.KeyManagerImpl.getFileStatus(KeyManagerImpl.java:1118) ~[ozone-manager-1.4.0-SNAPSHOT.jar:?]
	at org.apache.hadoop.ozone.om.OmMetadataReader.getFileStatus(OmMetadataReader.java:288) ~[ozone-manager-1.4.0-SNAPSHOT.jar:?]
	at org.apache.hadoop.ozone.om.OzoneManager.getFileStatus(OzoneManager.java:3491) ~[ozone-manager-1.4.0-SNAPSHOT.jar:?]
	at org.apache.hadoop.ozone.protocolPB.OzoneManagerRequestHandler.getOzoneFileStatus(OzoneManagerRequestHandler.java:934) ~[ozone-manager-1.4.0-SNAPSHOT.jar:?]
	at org.apache.hadoop.ozone.protocolPB.OzoneManagerRequestHandler.handleReadRequest(OzoneManagerRequestHandler.java:238) ~[ozone-manager-1.4.0-SNAPSHOT.jar:?]
	at org.apache.hadoop.ozone.protocolPB.OzoneManagerProtocolServerSideTranslatorPB.submitRequestDirectlyToOM(OzoneManagerProtocolServerSideTranslatorPB.java:272) ~[ozone-manager-1.4.0-SNAPSHOT.jar:?]
	at org.apache.hadoop.ozone.protocolPB.OzoneManagerProtocolServerSideTranslatorPB.processRequest(OzoneManagerProtocolServerSideTranslatorPB.java:173) ~[ozone-manager-1.4.0-SNAPSHOT.jar:?]
	at org.apache.hadoop.hdds.server.OzoneProtocolMessageDispatcher.processRequest(OzoneProtocolMessageDispatcher.java:87) [hdds-server-framework-1.4.0-SNAPSHOT.jar:?]
	at org.apache.hadoop.ozone.protocolPB.OzoneManagerProtocolServerSideTranslatorPB.submitRequest(OzoneManagerProtocolServerSideTranslatorPB.java:147) [ozone-manager-1.4.0-SNAPSHOT.jar:?]
	at org.apache.hadoop.ozone.protocol.proto.OzoneManagerProtocolProtos$OzoneManagerService$2.callBlockingMethod(OzoneManagerProtocolProtos.java) [ozone-interface-client-1.4.0-SNAPSHOT.jar:?]
	at org.apache.hadoop.ipc.ProtobufRpcEngine$Server.processCall(ProtobufRpcEngine.java:484) [hadoop-common-3.3.5.jar:?]
	at org.apache.hadoop.ipc.ProtobufRpcEngine2$Server$ProtoBufRpcInvoker.call(ProtobufRpcEngine2.java:595) [hadoop-common-3.3.5.jar:?]
	at org.apache.hadoop.ipc.ProtobufRpcEngine2$Server$ProtoBufRpcInvoker.call(ProtobufRpcEngine2.java:573) [hadoop-common-3.3.5.jar:?]
	at org.apache.hadoop.ipc.RPC$Server.call(RPC.java:1213) [hadoop-common-3.3.5.jar:?]
	at org.apache.hadoop.ipc.Server$RpcCall.run(Server.java:1089) [hadoop-common-3.3.5.jar:?]
	at org.apache.hadoop.ipc.Server$RpcCall.run(Server.java:1012) [hadoop-common-3.3.5.jar:?]
	at java.security.AccessController.doPrivileged(Native Method) ~[?:1.8.0_362]
	at javax.security.auth.Subject.doAs(Subject.java:422) [?:1.8.0_362]
	at org.apache.hadoop.security.UserGroupInformation.doAs(UserGroupInformation.java:1899) [hadoop-common-3.3.5.jar:?]
	at org.apache.hadoop.ipc.Server$Handler.run(Server.java:3026) [hadoop-common-3.3.5.jar:?]
17:18:08.251 [IPC Server handler 13 on default port 38777] ERROR OMAudit - user=runner | ip=127.0.0.1 | op=GET_FILE_STATUS {volume=volume96178, bucket=bucket92903, key=level0/level1/file1, dataSize=0, replicationConfig=null} | ret=FAILURE
org.apache.hadoop.ozone.om.exceptions.OMException: Unable to get file status: volume: volume96178 bucket: bucket92903 key: level0/level1/file1
	at org.apache.hadoop.ozone.om.KeyManagerImpl.getOzoneFileStatus(KeyManagerImpl.java:1200) ~[ozone-manager-1.4.0-SNAPSHOT.jar:?]
	at org.apache.hadoop.ozone.om.KeyManagerImpl.getFileStatus(KeyManagerImpl.java:1118) ~[ozone-manager-1.4.0-SNAPSHOT.jar:?]
	at org.apache.hadoop.ozone.om.OmMetadataReader.getFileStatus(OmMetadataReader.java:288) ~[ozone-manager-1.4.0-SNAPSHOT.jar:?]
	at org.apache.hadoop.ozone.om.OzoneManager.getFileStatus(OzoneManager.java:3491) ~[ozone-manager-1.4.0-SNAPSHOT.jar:?]
	at org.apache.hadoop.ozone.protocolPB.OzoneManagerRequestHandler.getOzoneFileStatus(OzoneManagerRequestHandler.java:934) ~[ozone-manager-1.4.0-SNAPSHOT.jar:?]
	at org.apache.hadoop.ozone.protocolPB.OzoneManagerRequestHandler.handleReadRequest(OzoneManagerRequestHandler.java:238) ~[ozone-manager-1.4.0-SNAPSHOT.jar:?]
	at org.apache.hadoop.ozone.protocolPB.OzoneManagerProtocolServerSideTranslatorPB.submitRequestDirectlyToOM(OzoneManagerProtocolServerSideTranslatorPB.java:272) ~[ozone-manager-1.4.0-SNAPSHOT.jar:?]
	at org.apache.hadoop.ozone.protocolPB.OzoneManagerProtocolServerSideTranslatorPB.processRequest(OzoneManagerProtocolServerSideTranslatorPB.java:173) ~[ozone-manager-1.4.0-SNAPSHOT.jar:?]
	at org.apache.hadoop.hdds.server.OzoneProtocolMessageDispatcher.processRequest(OzoneProtocolMessageDispatcher.java:87) [hdds-server-framework-1.4.0-SNAPSHOT.jar:?]
	at org.apache.hadoop.ozone.protocolPB.OzoneManagerProtocolServerSideTranslatorPB.submitRequest(OzoneManagerProtocolServerSideTranslatorPB.java:147) [ozone-manager-1.4.0-SNAPSHOT.jar:?]
	at org.apache.hadoop.ozone.protocol.proto.OzoneManagerProtocolProtos$OzoneManagerService$2.callBlockingMethod(OzoneManagerProtocolProtos.java) [ozone-interface-client-1.4.0-SNAPSHOT.jar:?]
	at org.apache.hadoop.ipc.ProtobufRpcEngine$Server.processCall(ProtobufRpcEngine.java:484) [hadoop-common-3.3.5.jar:?]
	at org.apache.hadoop.ipc.ProtobufRpcEngine2$Server$ProtoBufRpcInvoker.call(ProtobufRpcEngine2.java:595) [hadoop-common-3.3.5.jar:?]
	at org.apache.hadoop.ipc.ProtobufRpcEngine2$Server$ProtoBufRpcInvoker.call(ProtobufRpcEngine2.java:573) [hadoop-common-3.3.5.jar:?]
	at org.apache.hadoop.ipc.RPC$Server.call(RPC.java:1213) [hadoop-common-3.3.5.jar:?]
	at org.apache.hadoop.ipc.Server$RpcCall.run(Server.java:1089) [hadoop-common-3.3.5.jar:?]
	at org.apache.hadoop.ipc.Server$RpcCall.run(Server.java:1012) [hadoop-common-3.3.5.jar:?]
	at java.security.AccessController.doPrivileged(Native Method) ~[?:1.8.0_362]
	at javax.security.auth.Subject.doAs(Subject.java:422) [?:1.8.0_362]
	at org.apache.hadoop.security.UserGroupInformation.doAs(UserGroupInformation.java:1899) [hadoop-common-3.3.5.jar:?]
	at org.apache.hadoop.ipc.Server$Handler.run(Server.java:3026) [hadoop-common-3.3.5.jar:?]
17:18:08.251 [IPC Server handler 8 on default port 38777] ERROR OMAudit - user=runner | ip=127.0.0.1 | op=GET_FILE_STATUS {volume=volume96178, bucket=bucket92903, key=level0/level1/level1/file1, dataSize=0, replicationConfig=null} | ret=FAILURE
org.apache.hadoop.ozone.om.exceptions.OMException: Unable to get file status: volume: volume96178 bucket: bucket92903 key: level0/level1/level1/file1
	at org.apache.hadoop.ozone.om.KeyManagerImpl.getOzoneFileStatus(KeyManagerImpl.java:1200) ~[ozone-manager-1.4.0-SNAPSHOT.jar:?]
	at org.apache.hadoop.ozone.om.KeyManagerImpl.getFileStatus(KeyManagerImpl.java:1118) ~[ozone-manager-1.4.0-SNAPSHOT.jar:?]
	at org.apache.hadoop.ozone.om.OmMetadataReader.getFileStatus(OmMetadataReader.java:288) ~[ozone-manager-1.4.0-SNAPSHOT.jar:?]
	at org.apache.hadoop.ozone.om.OzoneManager.getFileStatus(OzoneManager.java:3491) ~[ozone-manager-1.4.0-SNAPSHOT.jar:?]
	at org.apache.hadoop.ozone.protocolPB.OzoneManagerRequestHandler.getOzoneFileStatus(OzoneManagerRequestHandler.java:934) ~[ozone-manager-1.4.0-SNAPSHOT.jar:?]
	at org.apache.hadoop.ozone.protocolPB.OzoneManagerRequestHandler.handleReadRequest(OzoneManagerRequestHandler.java:238) ~[ozone-manager-1.4.0-SNAPSHOT.jar:?]
	at org.apache.hadoop.ozone.protocolPB.OzoneManagerProtocolServerSideTranslatorPB.submitRequestDirectlyToOM(OzoneManagerProtocolServerSideTranslatorPB.java:272) ~[ozone-manager-1.4.0-SNAPSHOT.jar:?]
	at org.apache.hadoop.ozone.protocolPB.OzoneManagerProtocolServerSideTranslatorPB.processRequest(OzoneManagerProtocolServerSideTranslatorPB.java:173) ~[ozone-manager-1.4.0-SNAPSHOT.jar:?]
	at org.apache.hadoop.hdds.server.OzoneProtocolMessageDispatcher.processRequest(OzoneProtocolMessageDispatcher.java:87) [hdds-server-framework-1.4.0-SNAPSHOT.jar:?]
	at org.apache.hadoop.ozone.protocolPB.OzoneManagerProtocolServerSideTranslatorPB.submitRequest(OzoneManagerProtocolServerSideTranslatorPB.java:147) [ozone-manager-1.4.0-SNAPSHOT.jar:?]
	at org.apache.hadoop.ozone.protocol.proto.OzoneManagerProtocolProtos$OzoneManagerService$2.callBlockingMethod(OzoneManagerProtocolProtos.java) [ozone-interface-client-1.4.0-SNAPSHOT.jar:?]
	at org.apache.hadoop.ipc.ProtobufRpcEngine$Server.processCall(ProtobufRpcEngine.java:484) [hadoop-common-3.3.5.jar:?]
	at org.apache.hadoop.ipc.ProtobufRpcEngine2$Server$ProtoBufRpcInvoker.call(ProtobufRpcEngine2.java:595) [hadoop-common-3.3.5.jar:?]
	at org.apache.hadoop.ipc.ProtobufRpcEngine2$Server$ProtoBufRpcInvoker.call(ProtobufRpcEngine2.java:573) [hadoop-common-3.3.5.jar:?]
	at org.apache.hadoop.ipc.RPC$Server.call(RPC.java:1213) [hadoop-common-3.3.5.jar:?]
	at org.apache.hadoop.ipc.Server$RpcCall.run(Server.java:1089) [hadoop-common-3.3.5.jar:?]
	at org.apache.hadoop.ipc.Server$RpcCall.run(Server.java:1012) [hadoop-common-3.3.5.jar:?]
	at java.security.AccessController.doPrivileged(Native Method) ~[?:1.8.0_362]
	at javax.security.auth.Subject.doAs(Subject.java:422) [?:1.8.0_362]
	at org.apache.hadoop.security.UserGroupInformation.doAs(UserGroupInformation.java:1899) [hadoop-common-3.3.5.jar:?]
	at org.apache.hadoop.ipc.Server$Handler.run(Server.java:3026) [hadoop-common-3.3.5.jar:?]
17:18:08.253 [IPC Server handler 6 on default port 38777] ERROR OMAudit - user=runner | ip=127.0.0.1 | op=GET_FILE_STATUS {volume=volume96178, bucket=bucket92903, key=level0/level2, dataSize=0, replicationConfig=null} | ret=FAILURE
org.apache.hadoop.ozone.om.exceptions.OMException: Unable to get file status: volume: volume96178 bucket: bucket92903 key: level0/level2
	at org.apache.hadoop.ozone.om.KeyManagerImpl.getOzoneFileStatus(KeyManagerImpl.java:1200) ~[ozone-manager-1.4.0-SNAPSHOT.jar:?]
	at org.apache.hadoop.ozone.om.KeyManagerImpl.getFileStatus(KeyManagerImpl.java:1118) ~[ozone-manager-1.4.0-SNAPSHOT.jar:?]
	at org.apache.hadoop.ozone.om.OmMetadataReader.getFileStatus(OmMetadataReader.java:288) ~[ozone-manager-1.4.0-SNAPSHOT.jar:?]
	at org.apache.hadoop.ozone.om.OzoneManager.getFileStatus(OzoneManager.java:3491) ~[ozone-manager-1.4.0-SNAPSHOT.jar:?]
	at org.apache.hadoop.ozone.protocolPB.OzoneManagerRequestHandler.getOzoneFileStatus(OzoneManagerRequestHandler.java:934) ~[ozone-manager-1.4.0-SNAPSHOT.jar:?]
	at org.apache.hadoop.ozone.protocolPB.OzoneManagerRequestHandler.handleReadRequest(OzoneManagerRequestHandler.java:238) ~[ozone-manager-1.4.0-SNAPSHOT.jar:?]
	at org.apache.hadoop.ozone.protocolPB.OzoneManagerProtocolServerSideTranslatorPB.submitRequestDirectlyToOM(OzoneManagerProtocolServerSideTranslatorPB.java:272) ~[ozone-manager-1.4.0-SNAPSHOT.jar:?]
	at org.apache.hadoop.ozone.protocolPB.OzoneManagerProtocolServerSideTranslatorPB.processRequest(OzoneManagerProtocolServerSideTranslatorPB.java:173) ~[ozone-manager-1.4.0-SNAPSHOT.jar:?]
	at org.apache.hadoop.hdds.server.OzoneProtocolMessageDispatcher.processRequest(OzoneProtocolMessageDispatcher.java:87) [hdds-server-framework-1.4.0-SNAPSHOT.jar:?]
	at org.apache.hadoop.ozone.protocolPB.OzoneManagerProtocolServerSideTranslatorPB.submitRequest(OzoneManagerProtocolServerSideTranslatorPB.java:147) [ozone-manager-1.4.0-SNAPSHOT.jar:?]
	at org.apache.hadoop.ozone.protocol.proto.OzoneManagerProtocolProtos$OzoneManagerService$2.callBlockingMethod(OzoneManagerProtocolProtos.java) [ozone-interface-client-1.4.0-SNAPSHOT.jar:?]
	at org.apache.hadoop.ipc.ProtobufRpcEngine$Server.processCall(ProtobufRpcEngine.java:484) [hadoop-common-3.3.5.jar:?]
	at org.apache.hadoop.ipc.ProtobufRpcEngine2$Server$ProtoBufRpcInvoker.call(ProtobufRpcEngine2.java:595) [hadoop-common-3.3.5.jar:?]
	at org.apache.hadoop.ipc.ProtobufRpcEngine2$Server$ProtoBufRpcInvoker.call(ProtobufRpcEngine2.java:573) [hadoop-common-3.3.5.jar:?]
	at org.apache.hadoop.ipc.RPC$Server.call(RPC.java:1213) [hadoop-common-3.3.5.jar:?]
	at org.apache.hadoop.ipc.Server$RpcCall.run(Server.java:1089) [hadoop-common-3.3.5.jar:?]
	at org.apache.hadoop.ipc.Server$RpcCall.run(Server.java:1012) [hadoop-common-3.3.5.jar:?]
	at java.security.AccessController.doPrivileged(Native Method) ~[?:1.8.0_362]
	at javax.security.auth.Subject.doAs(Subject.java:422) [?:1.8.0_362]
	at org.apache.hadoop.security.UserGroupInformation.doAs(UserGroupInformation.java:1899) [hadoop-common-3.3.5.jar:?]
	at org.apache.hadoop.ipc.Server$Handler.run(Server.java:3026) [hadoop-common-3.3.5.jar:?]
17:18:08.253 [IPC Server handler 4 on default port 38777] ERROR OMAudit - user=runner | ip=127.0.0.1 | op=GET_FILE_STATUS {volume=volume96178, bucket=bucket92903, key=level0/level2/level2, dataSize=0, replicationConfig=null} | ret=FAILURE
org.apache.hadoop.ozone.om.exceptions.OMException: Unable to get file status: volume: volume96178 bucket: bucket92903 key: level0/level2/level2
	at org.apache.hadoop.ozone.om.KeyManagerImpl.getOzoneFileStatus(KeyManagerImpl.java:1200) ~[ozone-manager-1.4.0-SNAPSHOT.jar:?]
	at org.apache.hadoop.ozone.om.KeyManagerImpl.getFileStatus(KeyManagerImpl.java:1118) ~[ozone-manager-1.4.0-SNAPSHOT.jar:?]
	at org.apache.hadoop.ozone.om.OmMetadataReader.getFileStatus(OmMetadataReader.java:288) ~[ozone-manager-1.4.0-SNAPSHOT.jar:?]
	at org.apache.hadoop.ozone.om.OzoneManager.getFileStatus(OzoneManager.java:3491) ~[ozone-manager-1.4.0-SNAPSHOT.jar:?]
	at org.apache.hadoop.ozone.protocolPB.OzoneManagerRequestHandler.getOzoneFileStatus(OzoneManagerRequestHandler.java:934) ~[ozone-manager-1.4.0-SNAPSHOT.jar:?]
	at org.apache.hadoop.ozone.protocolPB.OzoneManagerRequestHandler.handleReadRequest(OzoneManagerRequestHandler.java:238) ~[ozone-manager-1.4.0-SNAPSHOT.jar:?]
	at org.apache.hadoop.ozone.protocolPB.OzoneManagerProtocolServerSideTranslatorPB.submitRequestDirectlyToOM(OzoneManagerProtocolServerSideTranslatorPB.java:272) ~[ozone-manager-1.4.0-SNAPSHOT.jar:?]
	at org.apache.hadoop.ozone.protocolPB.OzoneManagerProtocolServerSideTranslatorPB.processRequest(OzoneManagerProtocolServerSideTranslatorPB.java:173) ~[ozone-manager-1.4.0-SNAPSHOT.jar:?]
	at org.apache.hadoop.hdds.server.OzoneProtocolMessageDispatcher.processRequest(OzoneProtocolMessageDispatcher.java:87) [hdds-server-framework-1.4.0-SNAPSHOT.jar:?]
	at org.apache.hadoop.ozone.protocolPB.OzoneManagerProtocolServerSideTranslatorPB.submitRequest(OzoneManagerProtocolServerSideTranslatorPB.java:147) [ozone-manager-1.4.0-SNAPSHOT.jar:?]
	at org.apache.hadoop.ozone.protocol.proto.OzoneManagerProtocolProtos$OzoneManagerService$2.callBlockingMethod(OzoneManagerProtocolProtos.java) [ozone-interface-client-1.4.0-SNAPSHOT.jar:?]
	at org.apache.hadoop.ipc.ProtobufRpcEngine$Server.processCall(ProtobufRpcEngine.java:484) [hadoop-common-3.3.5.jar:?]
	at org.apache.hadoop.ipc.ProtobufRpcEngine2$Server$ProtoBufRpcInvoker.call(ProtobufRpcEngine2.java:595) [hadoop-common-3.3.5.jar:?]
	at org.apache.hadoop.ipc.ProtobufRpcEngine2$Server$ProtoBufRpcInvoker.call(ProtobufRpcEngine2.java:573) [hadoop-common-3.3.5.jar:?]
	at org.apache.hadoop.ipc.RPC$Server.call(RPC.java:1213) [hadoop-common-3.3.5.jar:?]
	at org.apache.hadoop.ipc.Server$RpcCall.run(Server.java:1089) [hadoop-common-3.3.5.jar:?]
	at org.apache.hadoop.ipc.Server$RpcCall.run(Server.java:1012) [hadoop-common-3.3.5.jar:?]
	at java.security.AccessController.doPrivileged(Native Method) ~[?:1.8.0_362]
	at javax.security.auth.Subject.doAs(Subject.java:422) [?:1.8.0_362]
	at org.apache.hadoop.security.UserGroupInformation.doAs(UserGroupInformation.java:1899) [hadoop-common-3.3.5.jar:?]
	at org.apache.hadoop.ipc.Server$Handler.run(Server.java:3026) [hadoop-common-3.3.5.jar:?]
17:18:08.254 [IPC Server handler 1 on default port 38777] ERROR OMAudit - user=runner | ip=127.0.0.1 | op=GET_FILE_STATUS {volume=volume96178, bucket=bucket92903, key=level0/level2/file1, dataSize=0, replicationConfig=null} | ret=FAILURE
org.apache.hadoop.ozone.om.exceptions.OMException: Unable to get file status: volume: volume96178 bucket: bucket92903 key: level0/level2/file1
	at org.apache.hadoop.ozone.om.KeyManagerImpl.getOzoneFileStatus(KeyManagerImpl.java:1200) ~[ozone-manager-1.4.0-SNAPSHOT.jar:?]
	at org.apache.hadoop.ozone.om.KeyManagerImpl.getFileStatus(KeyManagerImpl.java:1118) ~[ozone-manager-1.4.0-SNAPSHOT.jar:?]
	at org.apache.hadoop.ozone.om.OmMetadataReader.getFileStatus(OmMetadataReader.java:288) ~[ozone-manager-1.4.0-SNAPSHOT.jar:?]
	at org.apache.hadoop.ozone.om.OzoneManager.getFileStatus(OzoneManager.java:3491) ~[ozone-manager-1.4.0-SNAPSHOT.jar:?]
	at org.apache.hadoop.ozone.protocolPB.OzoneManagerRequestHandler.getOzoneFileStatus(OzoneManagerRequestHandler.java:934) ~[ozone-manager-1.4.0-SNAPSHOT.jar:?]
	at org.apache.hadoop.ozone.protocolPB.OzoneManagerRequestHandler.handleReadRequest(OzoneManagerRequestHandler.java:238) ~[ozone-manager-1.4.0-SNAPSHOT.jar:?]
	at org.apache.hadoop.ozone.protocolPB.OzoneManagerProtocolServerSideTranslatorPB.submitRequestDirectlyToOM(OzoneManagerProtocolServerSideTranslatorPB.java:272) ~[ozone-manager-1.4.0-SNAPSHOT.jar:?]
	at org.apache.hadoop.ozone.protocolPB.OzoneManagerProtocolServerSideTranslatorPB.processRequest(OzoneManagerProtocolServerSideTranslatorPB.java:173) ~[ozone-manager-1.4.0-SNAPSHOT.jar:?]
	at org.apache.hadoop.hdds.server.OzoneProtocolMessageDispatcher.processRequest(OzoneProtocolMessageDispatcher.java:87) [hdds-server-framework-1.4.0-SNAPSHOT.jar:?]
	at org.apache.hadoop.ozone.protocolPB.OzoneManagerProtocolServerSideTranslatorPB.submitRequest(OzoneManagerProtocolServerSideTranslatorPB.java:147) [ozone-manager-1.4.0-SNAPSHOT.jar:?]
	at org.apache.hadoop.ozone.protocol.proto.OzoneManagerProtocolProtos$OzoneManagerService$2.callBlockingMethod(OzoneManagerProtocolProtos.java) [ozone-interface-client-1.4.0-SNAPSHOT.jar:?]
	at org.apache.hadoop.ipc.ProtobufRpcEngine$Server.processCall(ProtobufRpcEngine.java:484) [hadoop-common-3.3.5.jar:?]
	at org.apache.hadoop.ipc.ProtobufRpcEngine2$Server$ProtoBufRpcInvoker.call(ProtobufRpcEngine2.java:595) [hadoop-common-3.3.5.jar:?]
	at org.apache.hadoop.ipc.ProtobufRpcEngine2$Server$ProtoBufRpcInvoker.call(ProtobufRpcEngine2.java:573) [hadoop-common-3.3.5.jar:?]
	at org.apache.hadoop.ipc.RPC$Server.call(RPC.java:1213) [hadoop-common-3.3.5.jar:?]
	at org.apache.hadoop.ipc.Server$RpcCall.run(Server.java:1089) [hadoop-common-3.3.5.jar:?]
	at org.apache.hadoop.ipc.Server$RpcCall.run(Server.java:1012) [hadoop-common-3.3.5.jar:?]
	at java.security.AccessController.doPrivileged(Native Method) ~[?:1.8.0_362]
	at javax.security.auth.Subject.doAs(Subject.java:422) [?:1.8.0_362]
	at org.apache.hadoop.security.UserGroupInformation.doAs(UserGroupInformation.java:1899) [hadoop-common-3.3.5.jar:?]
	at org.apache.hadoop.ipc.Server$Handler.run(Server.java:3026) [hadoop-common-3.3.5.jar:?]
17:18:08.256 [IPC Server handler 3 on default port 38777] ERROR OMAudit - user=runner | ip=127.0.0.1 | op=GET_FILE_STATUS {volume=volume96178, bucket=bucket92903, key=level0/level2/level2/file1, dataSize=0, replicationConfig=null} | ret=FAILURE
org.apache.hadoop.ozone.om.exceptions.OMException: Unable to get file status: volume: volume96178 bucket: bucket92903 key: level0/level2/level2/file1
	at org.apache.hadoop.ozone.om.KeyManagerImpl.getOzoneFileStatus(KeyManagerImpl.java:1200) ~[ozone-manager-1.4.0-SNAPSHOT.jar:?]
	at org.apache.hadoop.ozone.om.KeyManagerImpl.getFileStatus(KeyManagerImpl.java:1118) ~[ozone-manager-1.4.0-SNAPSHOT.jar:?]
	at org.apache.hadoop.ozone.om.OmMetadataReader.getFileStatus(OmMetadataReader.java:288) ~[ozone-manager-1.4.0-SNAPSHOT.jar:?]
	at org.apache.hadoop.ozone.om.OzoneManager.getFileStatus(OzoneManager.java:3491) ~[ozone-manager-1.4.0-SNAPSHOT.jar:?]
	at org.apache.hadoop.ozone.protocolPB.OzoneManagerRequestHandler.getOzoneFileStatus(OzoneManagerRequestHandler.java:934) ~[ozone-manager-1.4.0-SNAPSHOT.jar:?]
	at org.apache.hadoop.ozone.protocolPB.OzoneManagerRequestHandler.handleReadRequest(OzoneManagerRequestHandler.java:238) ~[ozone-manager-1.4.0-SNAPSHOT.jar:?]
	at org.apache.hadoop.ozone.protocolPB.OzoneManagerProtocolServerSideTranslatorPB.submitRequestDirectlyToOM(OzoneManagerProtocolServerSideTranslatorPB.java:272) ~[ozone-manager-1.4.0-SNAPSHOT.jar:?]
	at org.apache.hadoop.ozone.protocolPB.OzoneManagerProtocolServerSideTranslatorPB.processRequest(OzoneManagerProtocolServerSideTranslatorPB.java:173) ~[ozone-manager-1.4.0-SNAPSHOT.jar:?]
	at org.apache.hadoop.hdds.server.OzoneProtocolMessageDispatcher.processRequest(OzoneProtocolMessageDispatcher.java:87) [hdds-server-framework-1.4.0-SNAPSHOT.jar:?]
	at org.apache.hadoop.ozone.protocolPB.OzoneManagerProtocolServerSideTranslatorPB.submitRequest(OzoneManagerProtocolServerSideTranslatorPB.java:147) [ozone-manager-1.4.0-SNAPSHOT.jar:?]
	at org.apache.hadoop.ozone.protocol.proto.OzoneManagerProtocolProtos$OzoneManagerService$2.callBlockingMethod(OzoneManagerProtocolProtos.java) [ozone-interface-client-1.4.0-SNAPSHOT.jar:?]
	at org.apache.hadoop.ipc.ProtobufRpcEngine$Server.processCall(ProtobufRpcEngine.java:484) [hadoop-common-3.3.5.jar:?]
	at org.apache.hadoop.ipc.ProtobufRpcEngine2$Server$ProtoBufRpcInvoker.call(ProtobufRpcEngine2.java:595) [hadoop-common-3.3.5.jar:?]
	at org.apache.hadoop.ipc.ProtobufRpcEngine2$Server$ProtoBufRpcInvoker.call(ProtobufRpcEngine2.java:573) [hadoop-common-3.3.5.jar:?]
	at org.apache.hadoop.ipc.RPC$Server.call(RPC.java:1213) [hadoop-common-3.3.5.jar:?]
	at org.apache.hadoop.ipc.Server$RpcCall.run(Server.java:1089) [hadoop-common-3.3.5.jar:?]
	at org.apache.hadoop.ipc.Server$RpcCall.run(Server.java:1012) [hadoop-common-3.3.5.jar:?]
	at java.security.AccessController.doPrivileged(Native Method) ~[?:1.8.0_362]
	at javax.security.auth.Subject.doAs(Subject.java:422) [?:1.8.0_362]
	at org.apache.hadoop.security.UserGroupInformation.doAs(UserGroupInformation.java:1899) [hadoop-common-3.3.5.jar:?]
	at org.apache.hadoop.ipc.Server$Handler.run(Server.java:3026) [hadoop-common-3.3.5.jar:?]
17:18:08.257 [IPC Server handler 2 on default port 38777] ERROR OMAudit - user=runner | ip=127.0.0.1 | op=GET_FILE_STATUS {volume=volume96178, bucket=bucket92903, key=level0/level3, dataSize=0, replicationConfig=null} | ret=FAILURE
org.apache.hadoop.ozone.om.exceptions.OMException: Unable to get file status: volume: volume96178 bucket: bucket92903 key: level0/level3
	at org.apache.hadoop.ozone.om.KeyManagerImpl.getOzoneFileStatus(KeyManagerImpl.java:1200) ~[ozone-manager-1.4.0-SNAPSHOT.jar:?]
	at org.apache.hadoop.ozone.om.KeyManagerImpl.getFileStatus(KeyManagerImpl.java:1118) ~[ozone-manager-1.4.0-SNAPSHOT.jar:?]
	at org.apache.hadoop.ozone.om.OmMetadataReader.getFileStatus(OmMetadataReader.java:288) ~[ozone-manager-1.4.0-SNAPSHOT.jar:?]
	at org.apache.hadoop.ozone.om.OzoneManager.getFileStatus(OzoneManager.java:3491) ~[ozone-manager-1.4.0-SNAPSHOT.jar:?]
	at org.apache.hadoop.ozone.protocolPB.OzoneManagerRequestHandler.getOzoneFileStatus(OzoneManagerRequestHandler.java:934) ~[ozone-manager-1.4.0-SNAPSHOT.jar:?]
	at org.apache.hadoop.ozone.protocolPB.OzoneManagerRequestHandler.handleReadRequest(OzoneManagerRequestHandler.java:238) ~[ozone-manager-1.4.0-SNAPSHOT.jar:?]
	at org.apache.hadoop.ozone.protocolPB.OzoneManagerProtocolServerSideTranslatorPB.submitRequestDirectlyToOM(OzoneManagerProtocolServerSideTranslatorPB.java:272) ~[ozone-manager-1.4.0-SNAPSHOT.jar:?]
	at org.apache.hadoop.ozone.protocolPB.OzoneManagerProtocolServerSideTranslatorPB.processRequest(OzoneManagerProtocolServerSideTranslatorPB.java:173) ~[ozone-manager-1.4.0-SNAPSHOT.jar:?]
	at org.apache.hadoop.hdds.server.OzoneProtocolMessageDispatcher.processRequest(OzoneProtocolMessageDispatcher.java:87) [hdds-server-framework-1.4.0-SNAPSHOT.jar:?]
	at org.apache.hadoop.ozone.protocolPB.OzoneManagerProtocolServerSideTranslatorPB.submitRequest(OzoneManagerProtocolServerSideTranslatorPB.java:147) [ozone-manager-1.4.0-SNAPSHOT.jar:?]
	at org.apache.hadoop.ozone.protocol.proto.OzoneManagerProtocolProtos$OzoneManagerService$2.callBlockingMethod(OzoneManagerProtocolProtos.java) [ozone-interface-client-1.4.0-SNAPSHOT.jar:?]
	at org.apache.hadoop.ipc.ProtobufRpcEngine$Server.processCall(ProtobufRpcEngine.java:484) [hadoop-common-3.3.5.jar:?]
	at org.apache.hadoop.ipc.ProtobufRpcEngine2$Server$ProtoBufRpcInvoker.call(ProtobufRpcEngine2.java:595) [hadoop-common-3.3.5.jar:?]
	at org.apache.hadoop.ipc.ProtobufRpcEngine2$Server$ProtoBufRpcInvoker.call(ProtobufRpcEngine2.java:573) [hadoop-common-3.3.5.jar:?]
	at org.apache.hadoop.ipc.RPC$Server.call(RPC.java:1213) [hadoop-common-3.3.5.jar:?]
	at org.apache.hadoop.ipc.Server$RpcCall.run(Server.java:1089) [hadoop-common-3.3.5.jar:?]
	at org.apache.hadoop.ipc.Server$RpcCall.run(Server.java:1012) [hadoop-common-3.3.5.jar:?]
	at java.security.AccessController.doPrivileged(Native Method) ~[?:1.8.0_362]
	at javax.security.auth.Subject.doAs(Subject.java:422) [?:1.8.0_362]
	at org.apache.hadoop.security.UserGroupInformation.doAs(UserGroupInformation.java:1899) [hadoop-common-3.3.5.jar:?]
	at org.apache.hadoop.ipc.Server$Handler.run(Server.java:3026) [hadoop-common-3.3.5.jar:?]
17:18:08.258 [IPC Server handler 0 on default port 38777] ERROR OMAudit - user=runner | ip=127.0.0.1 | op=GET_FILE_STATUS {volume=volume96178, bucket=bucket92903, key=level0/level3/level3, dataSize=0, replicationConfig=null} | ret=FAILURE
org.apache.hadoop.ozone.om.exceptions.OMException: Unable to get file status: volume: volume96178 bucket: bucket92903 key: level0/level3/level3
	at org.apache.hadoop.ozone.om.KeyManagerImpl.getOzoneFileStatus(KeyManagerImpl.java:1200) ~[ozone-manager-1.4.0-SNAPSHOT.jar:?]
	at org.apache.hadoop.ozone.om.KeyManagerImpl.getFileStatus(KeyManagerImpl.java:1118) ~[ozone-manager-1.4.0-SNAPSHOT.jar:?]
	at org.apache.hadoop.ozone.om.OmMetadataReader.getFileStatus(OmMetadataReader.java:288) ~[ozone-manager-1.4.0-SNAPSHOT.jar:?]
	at org.apache.hadoop.ozone.om.OzoneManager.getFileStatus(OzoneManager.java:3491) ~[ozone-manager-1.4.0-SNAPSHOT.jar:?]
	at org.apache.hadoop.ozone.protocolPB.OzoneManagerRequestHandler.getOzoneFileStatus(OzoneManagerRequestHandler.java:934) ~[ozone-manager-1.4.0-SNAPSHOT.jar:?]
	at org.apache.hadoop.ozone.protocolPB.OzoneManagerRequestHandler.handleReadRequest(OzoneManagerRequestHandler.java:238) ~[ozone-manager-1.4.0-SNAPSHOT.jar:?]
	at org.apache.hadoop.ozone.protocolPB.OzoneManagerProtocolServerSideTranslatorPB.submitRequestDirectlyToOM(OzoneManagerProtocolServerSideTranslatorPB.java:272) ~[ozone-manager-1.4.0-SNAPSHOT.jar:?]
	at org.apache.hadoop.ozone.protocolPB.OzoneManagerProtocolServerSideTranslatorPB.processRequest(OzoneManagerProtocolServerSideTranslatorPB.java:173) ~[ozone-manager-1.4.0-SNAPSHOT.jar:?]
	at org.apache.hadoop.hdds.server.OzoneProtocolMessageDispatcher.processRequest(OzoneProtocolMessageDispatcher.java:87) [hdds-server-framework-1.4.0-SNAPSHOT.jar:?]
	at org.apache.hadoop.ozone.protocolPB.OzoneManagerProtocolServerSideTranslatorPB.submitRequest(OzoneManagerProtocolServerSideTranslatorPB.java:147) [ozone-manager-1.4.0-SNAPSHOT.jar:?]
	at org.apache.hadoop.ozone.protocol.proto.OzoneManagerProtocolProtos$OzoneManagerService$2.callBlockingMethod(OzoneManagerProtocolProtos.java) [ozone-interface-client-1.4.0-SNAPSHOT.jar:?]
	at org.apache.hadoop.ipc.ProtobufRpcEngine$Server.processCall(ProtobufRpcEngine.java:484) [hadoop-common-3.3.5.jar:?]
	at org.apache.hadoop.ipc.ProtobufRpcEngine2$Server$ProtoBufRpcInvoker.call(ProtobufRpcEngine2.java:595) [hadoop-common-3.3.5.jar:?]
	at org.apache.hadoop.ipc.ProtobufRpcEngine2$Server$ProtoBufRpcInvoker.call(ProtobufRpcEngine2.java:573) [hadoop-common-3.3.5.jar:?]
	at org.apache.hadoop.ipc.RPC$Server.call(RPC.java:1213) [hadoop-common-3.3.5.jar:?]
	at org.apache.hadoop.ipc.Server$RpcCall.run(Server.java:1089) [hadoop-common-3.3.5.jar:?]
	at org.apache.hadoop.ipc.Server$RpcCall.run(Server.java:1012) [hadoop-common-3.3.5.jar:?]
	at java.security.AccessController.doPrivileged(Native Method) ~[?:1.8.0_362]
	at javax.security.auth.Subject.doAs(Subject.java:422) [?:1.8.0_362]
	at org.apache.hadoop.security.UserGroupInformation.doAs(UserGroupInformation.java:1899) [hadoop-common-3.3.5.jar:?]
	at org.apache.hadoop.ipc.Server$Handler.run(Server.java:3026) [hadoop-common-3.3.5.jar:?]
17:18:08.259 [IPC Server handler 19 on default port 38777] ERROR OMAudit - user=runner | ip=127.0.0.1 | op=GET_FILE_STATUS {volume=volume96178, bucket=bucket92903, key=level0/level3/file1, dataSize=0, replicationConfig=null} | ret=FAILURE
org.apache.hadoop.ozone.om.exceptions.OMException: Unable to get file status: volume: volume96178 bucket: bucket92903 key: level0/level3/file1
	at org.apache.hadoop.ozone.om.KeyManagerImpl.getOzoneFileStatus(KeyManagerImpl.java:1200) ~[ozone-manager-1.4.0-SNAPSHOT.jar:?]
	at org.apache.hadoop.ozone.om.KeyManagerImpl.getFileStatus(KeyManagerImpl.java:1118) ~[ozone-manager-1.4.0-SNAPSHOT.jar:?]
	at org.apache.hadoop.ozone.om.OmMetadataReader.getFileStatus(OmMetadataReader.java:288) ~[ozone-manager-1.4.0-SNAPSHOT.jar:?]
	at org.apache.hadoop.ozone.om.OzoneManager.getFileStatus(OzoneManager.java:3491) ~[ozone-manager-1.4.0-SNAPSHOT.jar:?]
	at org.apache.hadoop.ozone.protocolPB.OzoneManagerRequestHandler.getOzoneFileStatus(OzoneManagerRequestHandler.java:934) ~[ozone-manager-1.4.0-SNAPSHOT.jar:?]
	at org.apache.hadoop.ozone.protocolPB.OzoneManagerRequestHandler.handleReadRequest(OzoneManagerRequestHandler.java:238) ~[ozone-manager-1.4.0-SNAPSHOT.jar:?]
	at org.apache.hadoop.ozone.protocolPB.OzoneManagerProtocolServerSideTranslatorPB.submitRequestDirectlyToOM(OzoneManagerProtocolServerSideTranslatorPB.java:272) ~[ozone-manager-1.4.0-SNAPSHOT.jar:?]
	at org.apache.hadoop.ozone.protocolPB.OzoneManagerProtocolServerSideTranslatorPB.processRequest(OzoneManagerProtocolServerSideTranslatorPB.java:173) ~[ozone-manager-1.4.0-SNAPSHOT.jar:?]
	at org.apache.hadoop.hdds.server.OzoneProtocolMessageDispatcher.processRequest(OzoneProtocolMessageDispatcher.java:87) [hdds-server-framework-1.4.0-SNAPSHOT.jar:?]
	at org.apache.hadoop.ozone.protocolPB.OzoneManagerProtocolServerSideTranslatorPB.submitRequest(OzoneManagerProtocolServerSideTranslatorPB.java:147) [ozone-manager-1.4.0-SNAPSHOT.jar:?]
	at org.apache.hadoop.ozone.protocol.proto.OzoneManagerProtocolProtos$OzoneManagerService$2.callBlockingMethod(OzoneManagerProtocolProtos.java) [ozone-interface-client-1.4.0-SNAPSHOT.jar:?]
	at org.apache.hadoop.ipc.ProtobufRpcEngine$Server.processCall(ProtobufRpcEngine.java:484) [hadoop-common-3.3.5.jar:?]
	at org.apache.hadoop.ipc.ProtobufRpcEngine2$Server$ProtoBufRpcInvoker.call(ProtobufRpcEngine2.java:595) [hadoop-common-3.3.5.jar:?]
	at org.apache.hadoop.ipc.ProtobufRpcEngine2$Server$ProtoBufRpcInvoker.call(ProtobufRpcEngine2.java:573) [hadoop-common-3.3.5.jar:?]
	at org.apache.hadoop.ipc.RPC$Server.call(RPC.java:1213) [hadoop-common-3.3.5.jar:?]
	at org.apache.hadoop.ipc.Server$RpcCall.run(Server.java:1089) [hadoop-common-3.3.5.jar:?]
	at org.apache.hadoop.ipc.Server$RpcCall.run(Server.java:1012) [hadoop-common-3.3.5.jar:?]
	at java.security.AccessController.doPrivileged(Native Method) ~[?:1.8.0_362]
	at javax.security.auth.Subject.doAs(Subject.java:422) [?:1.8.0_362]
	at org.apache.hadoop.security.UserGroupInformation.doAs(UserGroupInformation.java:1899) [hadoop-common-3.3.5.jar:?]
	at org.apache.hadoop.ipc.Server$Handler.run(Server.java:3026) [hadoop-common-3.3.5.jar:?]
17:18:08.261 [IPC Server handler 16 on default port 38777] ERROR OMAudit - user=runner | ip=127.0.0.1 | op=GET_FILE_STATUS {volume=volume96178, bucket=bucket92903, key=level0/level3/level3/file1, dataSize=0, replicationConfig=null} | ret=FAILURE
org.apache.hadoop.ozone.om.exceptions.OMException: Unable to get file status: volume: volume96178 bucket: bucket92903 key: level0/level3/level3/file1
	at org.apache.hadoop.ozone.om.KeyManagerImpl.getOzoneFileStatus(KeyManagerImpl.java:1200) ~[ozone-manager-1.4.0-SNAPSHOT.jar:?]
	at org.apache.hadoop.ozone.om.KeyManagerImpl.getFileStatus(KeyManagerImpl.java:1118) ~[ozone-manager-1.4.0-SNAPSHOT.jar:?]
	at org.apache.hadoop.ozone.om.OmMetadataReader.getFileStatus(OmMetadataReader.java:288) ~[ozone-manager-1.4.0-SNAPSHOT.jar:?]
	at org.apache.hadoop.ozone.om.OzoneManager.getFileStatus(OzoneManager.java:3491) ~[ozone-manager-1.4.0-SNAPSHOT.jar:?]
	at org.apache.hadoop.ozone.protocolPB.OzoneManagerRequestHandler.getOzoneFileStatus(OzoneManagerRequestHandler.java:934) ~[ozone-manager-1.4.0-SNAPSHOT.jar:?]
	at org.apache.hadoop.ozone.protocolPB.OzoneManagerRequestHandler.handleReadRequest(OzoneManagerRequestHandler.java:238) ~[ozone-manager-1.4.0-SNAPSHOT.jar:?]
	at org.apache.hadoop.ozone.protocolPB.OzoneManagerProtocolServerSideTranslatorPB.submitRequestDirectlyToOM(OzoneManagerProtocolServerSideTranslatorPB.java:272) ~[ozone-manager-1.4.0-SNAPSHOT.jar:?]
	at org.apache.hadoop.ozone.protocolPB.OzoneManagerProtocolServerSideTranslatorPB.processRequest(OzoneManagerProtocolServerSideTranslatorPB.java:173) ~[ozone-manager-1.4.0-SNAPSHOT.jar:?]
	at org.apache.hadoop.hdds.server.OzoneProtocolMessageDispatcher.processRequest(OzoneProtocolMessageDispatcher.java:87) [hdds-server-framework-1.4.0-SNAPSHOT.jar:?]
	at org.apache.hadoop.ozone.protocolPB.OzoneManagerProtocolServerSideTranslatorPB.submitRequest(OzoneManagerProtocolServerSideTranslatorPB.java:147) [ozone-manager-1.4.0-SNAPSHOT.jar:?]
	at org.apache.hadoop.ozone.protocol.proto.OzoneManagerProtocolProtos$OzoneManagerService$2.callBlockingMethod(OzoneManagerProtocolProtos.java) [ozone-interface-client-1.4.0-SNAPSHOT.jar:?]
	at org.apache.hadoop.ipc.ProtobufRpcEngine$Server.processCall(ProtobufRpcEngine.java:484) [hadoop-common-3.3.5.jar:?]
	at org.apache.hadoop.ipc.ProtobufRpcEngine2$Server$ProtoBufRpcInvoker.call(ProtobufRpcEngine2.java:595) [hadoop-common-3.3.5.jar:?]
	at org.apache.hadoop.ipc.ProtobufRpcEngine2$Server$ProtoBufRpcInvoker.call(ProtobufRpcEngine2.java:573) [hadoop-common-3.3.5.jar:?]
	at org.apache.hadoop.ipc.RPC$Server.call(RPC.java:1213) [hadoop-common-3.3.5.jar:?]
	at org.apache.hadoop.ipc.Server$RpcCall.run(Server.java:1089) [hadoop-common-3.3.5.jar:?]
	at org.apache.hadoop.ipc.Server$RpcCall.run(Server.java:1012) [hadoop-common-3.3.5.jar:?]
	at java.security.AccessController.doPrivileged(Native Method) ~[?:1.8.0_362]
	at javax.security.auth.Subject.doAs(Subject.java:422) [?:1.8.0_362]
	at org.apache.hadoop.security.UserGroupInformation.doAs(UserGroupInformation.java:1899) [hadoop-common-3.3.5.jar:?]
	at org.apache.hadoop.ipc.Server$Handler.run(Server.java:3026) [hadoop-common-3.3.5.jar:?]
]]></system-out>
  </testcase>
  <testcase name="testRecursiveDelete" classname="TestOzoneFileSystem" time="0.14">
    <system-out><![CDATA[2023-04-11 17:18:59,163 [OM StateMachine ApplyTransaction Thread - 0] INFO  key.OMKeyRequest (OMKeyRequest.java:wrapUncommittedBlocksAsPseudoKey(838)) - Detect allocated but uncommitted blocks [{blockID={containerID=3, localID=111677748019200014}, length=4194304, offset=0, token=null, pipeline=null, createVersion=0, partNumber=0}] in key gdir1/pdir1/child.
2023-04-11 17:18:59,168 [OM StateMachine ApplyTransaction Thread - 0] INFO  key.OMKeyRequest (OMKeyRequest.java:wrapUncommittedBlocksAsPseudoKey(838)) - Detect allocated but uncommitted blocks [{blockID={containerID=1, localID=111677748019200015}, length=4194304, offset=0, token=null, pipeline=null, createVersion=0, partNumber=0}] in key gdir1/pdir2/child.
2023-04-11 17:18:59,172 [OM StateMachine ApplyTransaction Thread - 0] INFO  key.OMKeyRequest (OMKeyRequest.java:wrapUncommittedBlocksAsPseudoKey(838)) - Detect allocated but uncommitted blocks [{blockID={containerID=3, localID=111677748019200016}, length=4194304, offset=0, token=null, pipeline=null, createVersion=0, partNumber=0}] in key gdir1/pdir3/child.
2023-04-11 17:18:59,177 [OM StateMachine ApplyTransaction Thread - 0] INFO  key.OMKeyRequest (OMKeyRequest.java:wrapUncommittedBlocksAsPseudoKey(838)) - Detect allocated but uncommitted blocks [{blockID={containerID=2, localID=111677748019200017}, length=4194304, offset=0, token=null, pipeline=null, createVersion=0, partNumber=0}] in key gdir1/pdir4/child.
2023-04-11 17:18:59,181 [OM StateMachine ApplyTransaction Thread - 0] INFO  key.OMKeyRequest (OMKeyRequest.java:wrapUncommittedBlocksAsPseudoKey(838)) - Detect allocated but uncommitted blocks [{blockID={containerID=4, localID=111677748019200018}, length=4194304, offset=0, token=null, pipeline=null, createVersion=0, partNumber=0}] in key gdir1/pdir5/child.
2023-04-11 17:18:59,186 [OM StateMachine ApplyTransaction Thread - 0] INFO  key.OMKeyRequest (OMKeyRequest.java:wrapUncommittedBlocksAsPseudoKey(838)) - Detect allocated but uncommitted blocks [{blockID={containerID=1, localID=111677748019200019}, length=4194304, offset=0, token=null, pipeline=null, createVersion=0, partNumber=0}] in key gdir1/pdir6/child.
2023-04-11 17:18:59,190 [OM StateMachine ApplyTransaction Thread - 0] INFO  key.OMKeyRequest (OMKeyRequest.java:wrapUncommittedBlocksAsPseudoKey(838)) - Detect allocated but uncommitted blocks [{blockID={containerID=3, localID=111677748019200020}, length=4194304, offset=0, token=null, pipeline=null, createVersion=0, partNumber=0}] in key gdir1/pdir7/child.
2023-04-11 17:18:59,194 [OM StateMachine ApplyTransaction Thread - 0] INFO  key.OMKeyRequest (OMKeyRequest.java:wrapUncommittedBlocksAsPseudoKey(838)) - Detect allocated but uncommitted blocks [{blockID={containerID=1, localID=111677748019200021}, length=4194304, offset=0, token=null, pipeline=null, createVersion=0, partNumber=0}] in key gdir1/pdir8/child.
2023-04-11 17:18:59,198 [OM StateMachine ApplyTransaction Thread - 0] INFO  key.OMKeyRequest (OMKeyRequest.java:wrapUncommittedBlocksAsPseudoKey(838)) - Detect allocated but uncommitted blocks [{blockID={containerID=2, localID=111677748019200022}, length=4194304, offset=0, token=null, pipeline=null, createVersion=0, partNumber=0}] in key gdir1/pdir9/child.
2023-04-11 17:18:59,203 [OM StateMachine ApplyTransaction Thread - 0] INFO  key.OMKeyRequest (OMKeyRequest.java:wrapUncommittedBlocksAsPseudoKey(838)) - Detect allocated but uncommitted blocks [{blockID={containerID=3, localID=111677748019200023}, length=4194304, offset=0, token=null, pipeline=null, createVersion=0, partNumber=0}] in key gdir1/pdir10/child.
17:18:59.217 [IPC Server handler 11 on default port 45623] ERROR OMAudit - user=runner | ip=127.0.0.1 | op=GET_FILE_STATUS {volume=volume95537, bucket=bucket59866, key=gdir1, dataSize=0, replicationConfig=null} | ret=FAILURE
org.apache.hadoop.ozone.om.exceptions.OMException: Unable to get file status: volume: volume95537 bucket: bucket59866 key: gdir1
	at org.apache.hadoop.ozone.om.KeyManagerImpl.getOzoneFileStatus(KeyManagerImpl.java:1200) ~[ozone-manager-1.4.0-SNAPSHOT.jar:?]
	at org.apache.hadoop.ozone.om.KeyManagerImpl.getFileStatus(KeyManagerImpl.java:1118) ~[ozone-manager-1.4.0-SNAPSHOT.jar:?]
	at org.apache.hadoop.ozone.om.OmMetadataReader.getFileStatus(OmMetadataReader.java:288) ~[ozone-manager-1.4.0-SNAPSHOT.jar:?]
	at org.apache.hadoop.ozone.om.OzoneManager.getFileStatus(OzoneManager.java:3491) ~[ozone-manager-1.4.0-SNAPSHOT.jar:?]
	at org.apache.hadoop.ozone.protocolPB.OzoneManagerRequestHandler.getOzoneFileStatus(OzoneManagerRequestHandler.java:934) ~[ozone-manager-1.4.0-SNAPSHOT.jar:?]
	at org.apache.hadoop.ozone.protocolPB.OzoneManagerRequestHandler.handleReadRequest(OzoneManagerRequestHandler.java:238) ~[ozone-manager-1.4.0-SNAPSHOT.jar:?]
	at org.apache.hadoop.ozone.protocolPB.OzoneManagerProtocolServerSideTranslatorPB.submitReadRequestToOM(OzoneManagerProtocolServerSideTranslatorPB.java:223) ~[ozone-manager-1.4.0-SNAPSHOT.jar:?]
	at org.apache.hadoop.ozone.protocolPB.OzoneManagerProtocolServerSideTranslatorPB.processRequest(OzoneManagerProtocolServerSideTranslatorPB.java:177) ~[ozone-manager-1.4.0-SNAPSHOT.jar:?]
	at org.apache.hadoop.hdds.server.OzoneProtocolMessageDispatcher.processRequest(OzoneProtocolMessageDispatcher.java:87) [hdds-server-framework-1.4.0-SNAPSHOT.jar:?]
	at org.apache.hadoop.ozone.protocolPB.OzoneManagerProtocolServerSideTranslatorPB.submitRequest(OzoneManagerProtocolServerSideTranslatorPB.java:147) [ozone-manager-1.4.0-SNAPSHOT.jar:?]
	at org.apache.hadoop.ozone.protocol.proto.OzoneManagerProtocolProtos$OzoneManagerService$2.callBlockingMethod(OzoneManagerProtocolProtos.java) [ozone-interface-client-1.4.0-SNAPSHOT.jar:?]
	at org.apache.hadoop.ipc.ProtobufRpcEngine$Server.processCall(ProtobufRpcEngine.java:484) [hadoop-common-3.3.5.jar:?]
	at org.apache.hadoop.ipc.ProtobufRpcEngine2$Server$ProtoBufRpcInvoker.call(ProtobufRpcEngine2.java:595) [hadoop-common-3.3.5.jar:?]
	at org.apache.hadoop.ipc.ProtobufRpcEngine2$Server$ProtoBufRpcInvoker.call(ProtobufRpcEngine2.java:573) [hadoop-common-3.3.5.jar:?]
	at org.apache.hadoop.ipc.RPC$Server.call(RPC.java:1213) [hadoop-common-3.3.5.jar:?]
	at org.apache.hadoop.ipc.Server$RpcCall.run(Server.java:1089) [hadoop-common-3.3.5.jar:?]
	at org.apache.hadoop.ipc.Server$RpcCall.run(Server.java:1012) [hadoop-common-3.3.5.jar:?]
	at java.security.AccessController.doPrivileged(Native Method) ~[?:1.8.0_362]
	at javax.security.auth.Subject.doAs(Subject.java:422) [?:1.8.0_362]
	at org.apache.hadoop.security.UserGroupInformation.doAs(UserGroupInformation.java:1899) [hadoop-common-3.3.5.jar:?]
	at org.apache.hadoop.ipc.Server$Handler.run(Server.java:3026) [hadoop-common-3.3.5.jar:?]
17:18:59.217 [IPC Server handler 13 on default port 45623] ERROR OMAudit - user=runner | ip=127.0.0.1 | op=GET_FILE_STATUS {volume=volume95537, bucket=bucket59866, key=gdir1/dir1, dataSize=0, replicationConfig=null} | ret=FAILURE
org.apache.hadoop.ozone.om.exceptions.OMException: Unable to get file status: volume: volume95537 bucket: bucket59866 key: gdir1/dir1
	at org.apache.hadoop.ozone.om.KeyManagerImpl.getOzoneFileStatus(KeyManagerImpl.java:1200) ~[ozone-manager-1.4.0-SNAPSHOT.jar:?]
	at org.apache.hadoop.ozone.om.KeyManagerImpl.getFileStatus(KeyManagerImpl.java:1118) ~[ozone-manager-1.4.0-SNAPSHOT.jar:?]
	at org.apache.hadoop.ozone.om.OmMetadataReader.getFileStatus(OmMetadataReader.java:288) ~[ozone-manager-1.4.0-SNAPSHOT.jar:?]
	at org.apache.hadoop.ozone.om.OzoneManager.getFileStatus(OzoneManager.java:3491) ~[ozone-manager-1.4.0-SNAPSHOT.jar:?]
	at org.apache.hadoop.ozone.protocolPB.OzoneManagerRequestHandler.getOzoneFileStatus(OzoneManagerRequestHandler.java:934) ~[ozone-manager-1.4.0-SNAPSHOT.jar:?]
	at org.apache.hadoop.ozone.protocolPB.OzoneManagerRequestHandler.handleReadRequest(OzoneManagerRequestHandler.java:238) ~[ozone-manager-1.4.0-SNAPSHOT.jar:?]
	at org.apache.hadoop.ozone.protocolPB.OzoneManagerProtocolServerSideTranslatorPB.submitReadRequestToOM(OzoneManagerProtocolServerSideTranslatorPB.java:223) ~[ozone-manager-1.4.0-SNAPSHOT.jar:?]
	at org.apache.hadoop.ozone.protocolPB.OzoneManagerProtocolServerSideTranslatorPB.processRequest(OzoneManagerProtocolServerSideTranslatorPB.java:177) ~[ozone-manager-1.4.0-SNAPSHOT.jar:?]
	at org.apache.hadoop.hdds.server.OzoneProtocolMessageDispatcher.processRequest(OzoneProtocolMessageDispatcher.java:87) [hdds-server-framework-1.4.0-SNAPSHOT.jar:?]
	at org.apache.hadoop.ozone.protocolPB.OzoneManagerProtocolServerSideTranslatorPB.submitRequest(OzoneManagerProtocolServerSideTranslatorPB.java:147) [ozone-manager-1.4.0-SNAPSHOT.jar:?]
	at org.apache.hadoop.ozone.protocol.proto.OzoneManagerProtocolProtos$OzoneManagerService$2.callBlockingMethod(OzoneManagerProtocolProtos.java) [ozone-interface-client-1.4.0-SNAPSHOT.jar:?]
	at org.apache.hadoop.ipc.ProtobufRpcEngine$Server.processCall(ProtobufRpcEngine.java:484) [hadoop-common-3.3.5.jar:?]
	at org.apache.hadoop.ipc.ProtobufRpcEngine2$Server$ProtoBufRpcInvoker.call(ProtobufRpcEngine2.java:595) [hadoop-common-3.3.5.jar:?]
	at org.apache.hadoop.ipc.ProtobufRpcEngine2$Server$ProtoBufRpcInvoker.call(ProtobufRpcEngine2.java:573) [hadoop-common-3.3.5.jar:?]
	at org.apache.hadoop.ipc.RPC$Server.call(RPC.java:1213) [hadoop-common-3.3.5.jar:?]
	at org.apache.hadoop.ipc.Server$RpcCall.run(Server.java:1089) [hadoop-common-3.3.5.jar:?]
	at org.apache.hadoop.ipc.Server$RpcCall.run(Server.java:1012) [hadoop-common-3.3.5.jar:?]
	at java.security.AccessController.doPrivileged(Native Method) ~[?:1.8.0_362]
	at javax.security.auth.Subject.doAs(Subject.java:422) [?:1.8.0_362]
	at org.apache.hadoop.security.UserGroupInformation.doAs(UserGroupInformation.java:1899) [hadoop-common-3.3.5.jar:?]
	at org.apache.hadoop.ipc.Server$Handler.run(Server.java:3026) [hadoop-common-3.3.5.jar:?]
17:18:59.218 [IPC Server handler 10 on default port 45623] ERROR OMAudit - user=runner | ip=127.0.0.1 | op=GET_FILE_STATUS {volume=volume95537, bucket=bucket59866, key=gdir1/dir1/child, dataSize=0, replicationConfig=null} | ret=FAILURE
org.apache.hadoop.ozone.om.exceptions.OMException: Unable to get file status: volume: volume95537 bucket: bucket59866 key: gdir1/dir1/child
	at org.apache.hadoop.ozone.om.KeyManagerImpl.getOzoneFileStatus(KeyManagerImpl.java:1200) ~[ozone-manager-1.4.0-SNAPSHOT.jar:?]
	at org.apache.hadoop.ozone.om.KeyManagerImpl.getFileStatus(KeyManagerImpl.java:1118) ~[ozone-manager-1.4.0-SNAPSHOT.jar:?]
	at org.apache.hadoop.ozone.om.OmMetadataReader.getFileStatus(OmMetadataReader.java:288) ~[ozone-manager-1.4.0-SNAPSHOT.jar:?]
	at org.apache.hadoop.ozone.om.OzoneManager.getFileStatus(OzoneManager.java:3491) ~[ozone-manager-1.4.0-SNAPSHOT.jar:?]
	at org.apache.hadoop.ozone.protocolPB.OzoneManagerRequestHandler.getOzoneFileStatus(OzoneManagerRequestHandler.java:934) ~[ozone-manager-1.4.0-SNAPSHOT.jar:?]
	at org.apache.hadoop.ozone.protocolPB.OzoneManagerRequestHandler.handleReadRequest(OzoneManagerRequestHandler.java:238) ~[ozone-manager-1.4.0-SNAPSHOT.jar:?]
	at org.apache.hadoop.ozone.protocolPB.OzoneManagerProtocolServerSideTranslatorPB.submitReadRequestToOM(OzoneManagerProtocolServerSideTranslatorPB.java:223) ~[ozone-manager-1.4.0-SNAPSHOT.jar:?]
	at org.apache.hadoop.ozone.protocolPB.OzoneManagerProtocolServerSideTranslatorPB.processRequest(OzoneManagerProtocolServerSideTranslatorPB.java:177) ~[ozone-manager-1.4.0-SNAPSHOT.jar:?]
	at org.apache.hadoop.hdds.server.OzoneProtocolMessageDispatcher.processRequest(OzoneProtocolMessageDispatcher.java:87) [hdds-server-framework-1.4.0-SNAPSHOT.jar:?]
	at org.apache.hadoop.ozone.protocolPB.OzoneManagerProtocolServerSideTranslatorPB.submitRequest(OzoneManagerProtocolServerSideTranslatorPB.java:147) [ozone-manager-1.4.0-SNAPSHOT.jar:?]
	at org.apache.hadoop.ozone.protocol.proto.OzoneManagerProtocolProtos$OzoneManagerService$2.callBlockingMethod(OzoneManagerProtocolProtos.java) [ozone-interface-client-1.4.0-SNAPSHOT.jar:?]
	at org.apache.hadoop.ipc.ProtobufRpcEngine$Server.processCall(ProtobufRpcEngine.java:484) [hadoop-common-3.3.5.jar:?]
	at org.apache.hadoop.ipc.ProtobufRpcEngine2$Server$ProtoBufRpcInvoker.call(ProtobufRpcEngine2.java:595) [hadoop-common-3.3.5.jar:?]
	at org.apache.hadoop.ipc.ProtobufRpcEngine2$Server$ProtoBufRpcInvoker.call(ProtobufRpcEngine2.java:573) [hadoop-common-3.3.5.jar:?]
	at org.apache.hadoop.ipc.RPC$Server.call(RPC.java:1213) [hadoop-common-3.3.5.jar:?]
	at org.apache.hadoop.ipc.Server$RpcCall.run(Server.java:1089) [hadoop-common-3.3.5.jar:?]
	at org.apache.hadoop.ipc.Server$RpcCall.run(Server.java:1012) [hadoop-common-3.3.5.jar:?]
	at java.security.AccessController.doPrivileged(Native Method) ~[?:1.8.0_362]
	at javax.security.auth.Subject.doAs(Subject.java:422) [?:1.8.0_362]
	at org.apache.hadoop.security.UserGroupInformation.doAs(UserGroupInformation.java:1899) [hadoop-common-3.3.5.jar:?]
	at org.apache.hadoop.ipc.Server$Handler.run(Server.java:3026) [hadoop-common-3.3.5.jar:?]
17:18:59.219 [IPC Server handler 6 on default port 45623] ERROR OMAudit - user=runner | ip=127.0.0.1 | op=GET_FILE_STATUS {volume=volume95537, bucket=bucket59866, key=gdir1/dir2, dataSize=0, replicationConfig=null} | ret=FAILURE
org.apache.hadoop.ozone.om.exceptions.OMException: Unable to get file status: volume: volume95537 bucket: bucket59866 key: gdir1/dir2
	at org.apache.hadoop.ozone.om.KeyManagerImpl.getOzoneFileStatus(KeyManagerImpl.java:1200) ~[ozone-manager-1.4.0-SNAPSHOT.jar:?]
	at org.apache.hadoop.ozone.om.KeyManagerImpl.getFileStatus(KeyManagerImpl.java:1118) ~[ozone-manager-1.4.0-SNAPSHOT.jar:?]
	at org.apache.hadoop.ozone.om.OmMetadataReader.getFileStatus(OmMetadataReader.java:288) ~[ozone-manager-1.4.0-SNAPSHOT.jar:?]
	at org.apache.hadoop.ozone.om.OzoneManager.getFileStatus(OzoneManager.java:3491) ~[ozone-manager-1.4.0-SNAPSHOT.jar:?]
	at org.apache.hadoop.ozone.protocolPB.OzoneManagerRequestHandler.getOzoneFileStatus(OzoneManagerRequestHandler.java:934) ~[ozone-manager-1.4.0-SNAPSHOT.jar:?]
	at org.apache.hadoop.ozone.protocolPB.OzoneManagerRequestHandler.handleReadRequest(OzoneManagerRequestHandler.java:238) ~[ozone-manager-1.4.0-SNAPSHOT.jar:?]
	at org.apache.hadoop.ozone.protocolPB.OzoneManagerProtocolServerSideTranslatorPB.submitReadRequestToOM(OzoneManagerProtocolServerSideTranslatorPB.java:223) ~[ozone-manager-1.4.0-SNAPSHOT.jar:?]
	at org.apache.hadoop.ozone.protocolPB.OzoneManagerProtocolServerSideTranslatorPB.processRequest(OzoneManagerProtocolServerSideTranslatorPB.java:177) ~[ozone-manager-1.4.0-SNAPSHOT.jar:?]
	at org.apache.hadoop.hdds.server.OzoneProtocolMessageDispatcher.processRequest(OzoneProtocolMessageDispatcher.java:87) [hdds-server-framework-1.4.0-SNAPSHOT.jar:?]
	at org.apache.hadoop.ozone.protocolPB.OzoneManagerProtocolServerSideTranslatorPB.submitRequest(OzoneManagerProtocolServerSideTranslatorPB.java:147) [ozone-manager-1.4.0-SNAPSHOT.jar:?]
	at org.apache.hadoop.ozone.protocol.proto.OzoneManagerProtocolProtos$OzoneManagerService$2.callBlockingMethod(OzoneManagerProtocolProtos.java) [ozone-interface-client-1.4.0-SNAPSHOT.jar:?]
	at org.apache.hadoop.ipc.ProtobufRpcEngine$Server.processCall(ProtobufRpcEngine.java:484) [hadoop-common-3.3.5.jar:?]
	at org.apache.hadoop.ipc.ProtobufRpcEngine2$Server$ProtoBufRpcInvoker.call(ProtobufRpcEngine2.java:595) [hadoop-common-3.3.5.jar:?]
	at org.apache.hadoop.ipc.ProtobufRpcEngine2$Server$ProtoBufRpcInvoker.call(ProtobufRpcEngine2.java:573) [hadoop-common-3.3.5.jar:?]
	at org.apache.hadoop.ipc.RPC$Server.call(RPC.java:1213) [hadoop-common-3.3.5.jar:?]
	at org.apache.hadoop.ipc.Server$RpcCall.run(Server.java:1089) [hadoop-common-3.3.5.jar:?]
	at org.apache.hadoop.ipc.Server$RpcCall.run(Server.java:1012) [hadoop-common-3.3.5.jar:?]
	at java.security.AccessController.doPrivileged(Native Method) ~[?:1.8.0_362]
	at javax.security.auth.Subject.doAs(Subject.java:422) [?:1.8.0_362]
	at org.apache.hadoop.security.UserGroupInformation.doAs(UserGroupInformation.java:1899) [hadoop-common-3.3.5.jar:?]
	at org.apache.hadoop.ipc.Server$Handler.run(Server.java:3026) [hadoop-common-3.3.5.jar:?]
17:18:59.220 [IPC Server handler 3 on default port 45623] ERROR OMAudit - user=runner | ip=127.0.0.1 | op=GET_FILE_STATUS {volume=volume95537, bucket=bucket59866, key=gdir1/dir2/child, dataSize=0, replicationConfig=null} | ret=FAILURE
org.apache.hadoop.ozone.om.exceptions.OMException: Unable to get file status: volume: volume95537 bucket: bucket59866 key: gdir1/dir2/child
	at org.apache.hadoop.ozone.om.KeyManagerImpl.getOzoneFileStatus(KeyManagerImpl.java:1200) ~[ozone-manager-1.4.0-SNAPSHOT.jar:?]
	at org.apache.hadoop.ozone.om.KeyManagerImpl.getFileStatus(KeyManagerImpl.java:1118) ~[ozone-manager-1.4.0-SNAPSHOT.jar:?]
	at org.apache.hadoop.ozone.om.OmMetadataReader.getFileStatus(OmMetadataReader.java:288) ~[ozone-manager-1.4.0-SNAPSHOT.jar:?]
	at org.apache.hadoop.ozone.om.OzoneManager.getFileStatus(OzoneManager.java:3491) ~[ozone-manager-1.4.0-SNAPSHOT.jar:?]
	at org.apache.hadoop.ozone.protocolPB.OzoneManagerRequestHandler.getOzoneFileStatus(OzoneManagerRequestHandler.java:934) ~[ozone-manager-1.4.0-SNAPSHOT.jar:?]
	at org.apache.hadoop.ozone.protocolPB.OzoneManagerRequestHandler.handleReadRequest(OzoneManagerRequestHandler.java:238) ~[ozone-manager-1.4.0-SNAPSHOT.jar:?]
	at org.apache.hadoop.ozone.protocolPB.OzoneManagerProtocolServerSideTranslatorPB.submitReadRequestToOM(OzoneManagerProtocolServerSideTranslatorPB.java:223) ~[ozone-manager-1.4.0-SNAPSHOT.jar:?]
	at org.apache.hadoop.ozone.protocolPB.OzoneManagerProtocolServerSideTranslatorPB.processRequest(OzoneManagerProtocolServerSideTranslatorPB.java:177) ~[ozone-manager-1.4.0-SNAPSHOT.jar:?]
	at org.apache.hadoop.hdds.server.OzoneProtocolMessageDispatcher.processRequest(OzoneProtocolMessageDispatcher.java:87) [hdds-server-framework-1.4.0-SNAPSHOT.jar:?]
	at org.apache.hadoop.ozone.protocolPB.OzoneManagerProtocolServerSideTranslatorPB.submitRequest(OzoneManagerProtocolServerSideTranslatorPB.java:147) [ozone-manager-1.4.0-SNAPSHOT.jar:?]
	at org.apache.hadoop.ozone.protocol.proto.OzoneManagerProtocolProtos$OzoneManagerService$2.callBlockingMethod(OzoneManagerProtocolProtos.java) [ozone-interface-client-1.4.0-SNAPSHOT.jar:?]
	at org.apache.hadoop.ipc.ProtobufRpcEngine$Server.processCall(ProtobufRpcEngine.java:484) [hadoop-common-3.3.5.jar:?]
	at org.apache.hadoop.ipc.ProtobufRpcEngine2$Server$ProtoBufRpcInvoker.call(ProtobufRpcEngine2.java:595) [hadoop-common-3.3.5.jar:?]
	at org.apache.hadoop.ipc.ProtobufRpcEngine2$Server$ProtoBufRpcInvoker.call(ProtobufRpcEngine2.java:573) [hadoop-common-3.3.5.jar:?]
	at org.apache.hadoop.ipc.RPC$Server.call(RPC.java:1213) [hadoop-common-3.3.5.jar:?]
	at org.apache.hadoop.ipc.Server$RpcCall.run(Server.java:1089) [hadoop-common-3.3.5.jar:?]
	at org.apache.hadoop.ipc.Server$RpcCall.run(Server.java:1012) [hadoop-common-3.3.5.jar:?]
	at java.security.AccessController.doPrivileged(Native Method) ~[?:1.8.0_362]
	at javax.security.auth.Subject.doAs(Subject.java:422) [?:1.8.0_362]
	at org.apache.hadoop.security.UserGroupInformation.doAs(UserGroupInformation.java:1899) [hadoop-common-3.3.5.jar:?]
	at org.apache.hadoop.ipc.Server$Handler.run(Server.java:3026) [hadoop-common-3.3.5.jar:?]
17:18:59.220 [IPC Server handler 1 on default port 45623] ERROR OMAudit - user=runner | ip=127.0.0.1 | op=GET_FILE_STATUS {volume=volume95537, bucket=bucket59866, key=gdir1/dir3, dataSize=0, replicationConfig=null} | ret=FAILURE
org.apache.hadoop.ozone.om.exceptions.OMException: Unable to get file status: volume: volume95537 bucket: bucket59866 key: gdir1/dir3
	at org.apache.hadoop.ozone.om.KeyManagerImpl.getOzoneFileStatus(KeyManagerImpl.java:1200) ~[ozone-manager-1.4.0-SNAPSHOT.jar:?]
	at org.apache.hadoop.ozone.om.KeyManagerImpl.getFileStatus(KeyManagerImpl.java:1118) ~[ozone-manager-1.4.0-SNAPSHOT.jar:?]
	at org.apache.hadoop.ozone.om.OmMetadataReader.getFileStatus(OmMetadataReader.java:288) ~[ozone-manager-1.4.0-SNAPSHOT.jar:?]
	at org.apache.hadoop.ozone.om.OzoneManager.getFileStatus(OzoneManager.java:3491) ~[ozone-manager-1.4.0-SNAPSHOT.jar:?]
	at org.apache.hadoop.ozone.protocolPB.OzoneManagerRequestHandler.getOzoneFileStatus(OzoneManagerRequestHandler.java:934) ~[ozone-manager-1.4.0-SNAPSHOT.jar:?]
	at org.apache.hadoop.ozone.protocolPB.OzoneManagerRequestHandler.handleReadRequest(OzoneManagerRequestHandler.java:238) ~[ozone-manager-1.4.0-SNAPSHOT.jar:?]
	at org.apache.hadoop.ozone.protocolPB.OzoneManagerProtocolServerSideTranslatorPB.submitReadRequestToOM(OzoneManagerProtocolServerSideTranslatorPB.java:223) ~[ozone-manager-1.4.0-SNAPSHOT.jar:?]
	at org.apache.hadoop.ozone.protocolPB.OzoneManagerProtocolServerSideTranslatorPB.processRequest(OzoneManagerProtocolServerSideTranslatorPB.java:177) ~[ozone-manager-1.4.0-SNAPSHOT.jar:?]
	at org.apache.hadoop.hdds.server.OzoneProtocolMessageDispatcher.processRequest(OzoneProtocolMessageDispatcher.java:87) [hdds-server-framework-1.4.0-SNAPSHOT.jar:?]
	at org.apache.hadoop.ozone.protocolPB.OzoneManagerProtocolServerSideTranslatorPB.submitRequest(OzoneManagerProtocolServerSideTranslatorPB.java:147) [ozone-manager-1.4.0-SNAPSHOT.jar:?]
	at org.apache.hadoop.ozone.protocol.proto.OzoneManagerProtocolProtos$OzoneManagerService$2.callBlockingMethod(OzoneManagerProtocolProtos.java) [ozone-interface-client-1.4.0-SNAPSHOT.jar:?]
	at org.apache.hadoop.ipc.ProtobufRpcEngine$Server.processCall(ProtobufRpcEngine.java:484) [hadoop-common-3.3.5.jar:?]
	at org.apache.hadoop.ipc.ProtobufRpcEngine2$Server$ProtoBufRpcInvoker.call(ProtobufRpcEngine2.java:595) [hadoop-common-3.3.5.jar:?]
	at org.apache.hadoop.ipc.ProtobufRpcEngine2$Server$ProtoBufRpcInvoker.call(ProtobufRpcEngine2.java:573) [hadoop-common-3.3.5.jar:?]
	at org.apache.hadoop.ipc.RPC$Server.call(RPC.java:1213) [hadoop-common-3.3.5.jar:?]
	at org.apache.hadoop.ipc.Server$RpcCall.run(Server.java:1089) [hadoop-common-3.3.5.jar:?]
	at org.apache.hadoop.ipc.Server$RpcCall.run(Server.java:1012) [hadoop-common-3.3.5.jar:?]
	at java.security.AccessController.doPrivileged(Native Method) ~[?:1.8.0_362]
	at javax.security.auth.Subject.doAs(Subject.java:422) [?:1.8.0_362]
	at org.apache.hadoop.security.UserGroupInformation.doAs(UserGroupInformation.java:1899) [hadoop-common-3.3.5.jar:?]
	at org.apache.hadoop.ipc.Server$Handler.run(Server.java:3026) [hadoop-common-3.3.5.jar:?]
17:18:59.221 [IPC Server handler 9 on default port 45623] ERROR OMAudit - user=runner | ip=127.0.0.1 | op=GET_FILE_STATUS {volume=volume95537, bucket=bucket59866, key=gdir1/dir3/child, dataSize=0, replicationConfig=null} | ret=FAILURE
org.apache.hadoop.ozone.om.exceptions.OMException: Unable to get file status: volume: volume95537 bucket: bucket59866 key: gdir1/dir3/child
	at org.apache.hadoop.ozone.om.KeyManagerImpl.getOzoneFileStatus(KeyManagerImpl.java:1200) ~[ozone-manager-1.4.0-SNAPSHOT.jar:?]
	at org.apache.hadoop.ozone.om.KeyManagerImpl.getFileStatus(KeyManagerImpl.java:1118) ~[ozone-manager-1.4.0-SNAPSHOT.jar:?]
	at org.apache.hadoop.ozone.om.OmMetadataReader.getFileStatus(OmMetadataReader.java:288) ~[ozone-manager-1.4.0-SNAPSHOT.jar:?]
	at org.apache.hadoop.ozone.om.OzoneManager.getFileStatus(OzoneManager.java:3491) ~[ozone-manager-1.4.0-SNAPSHOT.jar:?]
	at org.apache.hadoop.ozone.protocolPB.OzoneManagerRequestHandler.getOzoneFileStatus(OzoneManagerRequestHandler.java:934) ~[ozone-manager-1.4.0-SNAPSHOT.jar:?]
	at org.apache.hadoop.ozone.protocolPB.OzoneManagerRequestHandler.handleReadRequest(OzoneManagerRequestHandler.java:238) ~[ozone-manager-1.4.0-SNAPSHOT.jar:?]
	at org.apache.hadoop.ozone.protocolPB.OzoneManagerProtocolServerSideTranslatorPB.submitReadRequestToOM(OzoneManagerProtocolServerSideTranslatorPB.java:223) ~[ozone-manager-1.4.0-SNAPSHOT.jar:?]
	at org.apache.hadoop.ozone.protocolPB.OzoneManagerProtocolServerSideTranslatorPB.processRequest(OzoneManagerProtocolServerSideTranslatorPB.java:177) ~[ozone-manager-1.4.0-SNAPSHOT.jar:?]
	at org.apache.hadoop.hdds.server.OzoneProtocolMessageDispatcher.processRequest(OzoneProtocolMessageDispatcher.java:87) [hdds-server-framework-1.4.0-SNAPSHOT.jar:?]
	at org.apache.hadoop.ozone.protocolPB.OzoneManagerProtocolServerSideTranslatorPB.submitRequest(OzoneManagerProtocolServerSideTranslatorPB.java:147) [ozone-manager-1.4.0-SNAPSHOT.jar:?]
	at org.apache.hadoop.ozone.protocol.proto.OzoneManagerProtocolProtos$OzoneManagerService$2.callBlockingMethod(OzoneManagerProtocolProtos.java) [ozone-interface-client-1.4.0-SNAPSHOT.jar:?]
	at org.apache.hadoop.ipc.ProtobufRpcEngine$Server.processCall(ProtobufRpcEngine.java:484) [hadoop-common-3.3.5.jar:?]
	at org.apache.hadoop.ipc.ProtobufRpcEngine2$Server$ProtoBufRpcInvoker.call(ProtobufRpcEngine2.java:595) [hadoop-common-3.3.5.jar:?]
	at org.apache.hadoop.ipc.ProtobufRpcEngine2$Server$ProtoBufRpcInvoker.call(ProtobufRpcEngine2.java:573) [hadoop-common-3.3.5.jar:?]
	at org.apache.hadoop.ipc.RPC$Server.call(RPC.java:1213) [hadoop-common-3.3.5.jar:?]
	at org.apache.hadoop.ipc.Server$RpcCall.run(Server.java:1089) [hadoop-common-3.3.5.jar:?]
	at org.apache.hadoop.ipc.Server$RpcCall.run(Server.java:1012) [hadoop-common-3.3.5.jar:?]
	at java.security.AccessController.doPrivileged(Native Method) ~[?:1.8.0_362]
	at javax.security.auth.Subject.doAs(Subject.java:422) [?:1.8.0_362]
	at org.apache.hadoop.security.UserGroupInformation.doAs(UserGroupInformation.java:1899) [hadoop-common-3.3.5.jar:?]
	at org.apache.hadoop.ipc.Server$Handler.run(Server.java:3026) [hadoop-common-3.3.5.jar:?]
17:18:59.221 [IPC Server handler 7 on default port 45623] ERROR OMAudit - user=runner | ip=127.0.0.1 | op=GET_FILE_STATUS {volume=volume95537, bucket=bucket59866, key=gdir1/dir4, dataSize=0, replicationConfig=null} | ret=FAILURE
org.apache.hadoop.ozone.om.exceptions.OMException: Unable to get file status: volume: volume95537 bucket: bucket59866 key: gdir1/dir4
	at org.apache.hadoop.ozone.om.KeyManagerImpl.getOzoneFileStatus(KeyManagerImpl.java:1200) ~[ozone-manager-1.4.0-SNAPSHOT.jar:?]
	at org.apache.hadoop.ozone.om.KeyManagerImpl.getFileStatus(KeyManagerImpl.java:1118) ~[ozone-manager-1.4.0-SNAPSHOT.jar:?]
	at org.apache.hadoop.ozone.om.OmMetadataReader.getFileStatus(OmMetadataReader.java:288) ~[ozone-manager-1.4.0-SNAPSHOT.jar:?]
	at org.apache.hadoop.ozone.om.OzoneManager.getFileStatus(OzoneManager.java:3491) ~[ozone-manager-1.4.0-SNAPSHOT.jar:?]
	at org.apache.hadoop.ozone.protocolPB.OzoneManagerRequestHandler.getOzoneFileStatus(OzoneManagerRequestHandler.java:934) ~[ozone-manager-1.4.0-SNAPSHOT.jar:?]
	at org.apache.hadoop.ozone.protocolPB.OzoneManagerRequestHandler.handleReadRequest(OzoneManagerRequestHandler.java:238) ~[ozone-manager-1.4.0-SNAPSHOT.jar:?]
	at org.apache.hadoop.ozone.protocolPB.OzoneManagerProtocolServerSideTranslatorPB.submitReadRequestToOM(OzoneManagerProtocolServerSideTranslatorPB.java:223) ~[ozone-manager-1.4.0-SNAPSHOT.jar:?]
	at org.apache.hadoop.ozone.protocolPB.OzoneManagerProtocolServerSideTranslatorPB.processRequest(OzoneManagerProtocolServerSideTranslatorPB.java:177) ~[ozone-manager-1.4.0-SNAPSHOT.jar:?]
	at org.apache.hadoop.hdds.server.OzoneProtocolMessageDispatcher.processRequest(OzoneProtocolMessageDispatcher.java:87) [hdds-server-framework-1.4.0-SNAPSHOT.jar:?]
	at org.apache.hadoop.ozone.protocolPB.OzoneManagerProtocolServerSideTranslatorPB.submitRequest(OzoneManagerProtocolServerSideTranslatorPB.java:147) [ozone-manager-1.4.0-SNAPSHOT.jar:?]
	at org.apache.hadoop.ozone.protocol.proto.OzoneManagerProtocolProtos$OzoneManagerService$2.callBlockingMethod(OzoneManagerProtocolProtos.java) [ozone-interface-client-1.4.0-SNAPSHOT.jar:?]
	at org.apache.hadoop.ipc.ProtobufRpcEngine$Server.processCall(ProtobufRpcEngine.java:484) [hadoop-common-3.3.5.jar:?]
	at org.apache.hadoop.ipc.ProtobufRpcEngine2$Server$ProtoBufRpcInvoker.call(ProtobufRpcEngine2.java:595) [hadoop-common-3.3.5.jar:?]
	at org.apache.hadoop.ipc.ProtobufRpcEngine2$Server$ProtoBufRpcInvoker.call(ProtobufRpcEngine2.java:573) [hadoop-common-3.3.5.jar:?]
	at org.apache.hadoop.ipc.RPC$Server.call(RPC.java:1213) [hadoop-common-3.3.5.jar:?]
	at org.apache.hadoop.ipc.Server$RpcCall.run(Server.java:1089) [hadoop-common-3.3.5.jar:?]
	at org.apache.hadoop.ipc.Server$RpcCall.run(Server.java:1012) [hadoop-common-3.3.5.jar:?]
	at java.security.AccessController.doPrivileged(Native Method) ~[?:1.8.0_362]
	at javax.security.auth.Subject.doAs(Subject.java:422) [?:1.8.0_362]
	at org.apache.hadoop.security.UserGroupInformation.doAs(UserGroupInformation.java:1899) [hadoop-common-3.3.5.jar:?]
	at org.apache.hadoop.ipc.Server$Handler.run(Server.java:3026) [hadoop-common-3.3.5.jar:?]
17:18:59.222 [IPC Server handler 5 on default port 45623] ERROR OMAudit - user=runner | ip=127.0.0.1 | op=GET_FILE_STATUS {volume=volume95537, bucket=bucket59866, key=gdir1/dir4/child, dataSize=0, replicationConfig=null} | ret=FAILURE
org.apache.hadoop.ozone.om.exceptions.OMException: Unable to get file status: volume: volume95537 bucket: bucket59866 key: gdir1/dir4/child
	at org.apache.hadoop.ozone.om.KeyManagerImpl.getOzoneFileStatus(KeyManagerImpl.java:1200) ~[ozone-manager-1.4.0-SNAPSHOT.jar:?]
	at org.apache.hadoop.ozone.om.KeyManagerImpl.getFileStatus(KeyManagerImpl.java:1118) ~[ozone-manager-1.4.0-SNAPSHOT.jar:?]
	at org.apache.hadoop.ozone.om.OmMetadataReader.getFileStatus(OmMetadataReader.java:288) ~[ozone-manager-1.4.0-SNAPSHOT.jar:?]
	at org.apache.hadoop.ozone.om.OzoneManager.getFileStatus(OzoneManager.java:3491) ~[ozone-manager-1.4.0-SNAPSHOT.jar:?]
	at org.apache.hadoop.ozone.protocolPB.OzoneManagerRequestHandler.getOzoneFileStatus(OzoneManagerRequestHandler.java:934) ~[ozone-manager-1.4.0-SNAPSHOT.jar:?]
	at org.apache.hadoop.ozone.protocolPB.OzoneManagerRequestHandler.handleReadRequest(OzoneManagerRequestHandler.java:238) ~[ozone-manager-1.4.0-SNAPSHOT.jar:?]
	at org.apache.hadoop.ozone.protocolPB.OzoneManagerProtocolServerSideTranslatorPB.submitReadRequestToOM(OzoneManagerProtocolServerSideTranslatorPB.java:223) ~[ozone-manager-1.4.0-SNAPSHOT.jar:?]
	at org.apache.hadoop.ozone.protocolPB.OzoneManagerProtocolServerSideTranslatorPB.processRequest(OzoneManagerProtocolServerSideTranslatorPB.java:177) ~[ozone-manager-1.4.0-SNAPSHOT.jar:?]
	at org.apache.hadoop.hdds.server.OzoneProtocolMessageDispatcher.processRequest(OzoneProtocolMessageDispatcher.java:87) [hdds-server-framework-1.4.0-SNAPSHOT.jar:?]
	at org.apache.hadoop.ozone.protocolPB.OzoneManagerProtocolServerSideTranslatorPB.submitRequest(OzoneManagerProtocolServerSideTranslatorPB.java:147) [ozone-manager-1.4.0-SNAPSHOT.jar:?]
	at org.apache.hadoop.ozone.protocol.proto.OzoneManagerProtocolProtos$OzoneManagerService$2.callBlockingMethod(OzoneManagerProtocolProtos.java) [ozone-interface-client-1.4.0-SNAPSHOT.jar:?]
	at org.apache.hadoop.ipc.ProtobufRpcEngine$Server.processCall(ProtobufRpcEngine.java:484) [hadoop-common-3.3.5.jar:?]
	at org.apache.hadoop.ipc.ProtobufRpcEngine2$Server$ProtoBufRpcInvoker.call(ProtobufRpcEngine2.java:595) [hadoop-common-3.3.5.jar:?]
	at org.apache.hadoop.ipc.ProtobufRpcEngine2$Server$ProtoBufRpcInvoker.call(ProtobufRpcEngine2.java:573) [hadoop-common-3.3.5.jar:?]
	at org.apache.hadoop.ipc.RPC$Server.call(RPC.java:1213) [hadoop-common-3.3.5.jar:?]
	at org.apache.hadoop.ipc.Server$RpcCall.run(Server.java:1089) [hadoop-common-3.3.5.jar:?]
	at org.apache.hadoop.ipc.Server$RpcCall.run(Server.java:1012) [hadoop-common-3.3.5.jar:?]
	at java.security.AccessController.doPrivileged(Native Method) ~[?:1.8.0_362]
	at javax.security.auth.Subject.doAs(Subject.java:422) [?:1.8.0_362]
	at org.apache.hadoop.security.UserGroupInformation.doAs(UserGroupInformation.java:1899) [hadoop-common-3.3.5.jar:?]
	at org.apache.hadoop.ipc.Server$Handler.run(Server.java:3026) [hadoop-common-3.3.5.jar:?]
17:18:59.223 [IPC Server handler 4 on default port 45623] ERROR OMAudit - user=runner | ip=127.0.0.1 | op=GET_FILE_STATUS {volume=volume95537, bucket=bucket59866, key=gdir1/dir5, dataSize=0, replicationConfig=null} | ret=FAILURE
org.apache.hadoop.ozone.om.exceptions.OMException: Unable to get file status: volume: volume95537 bucket: bucket59866 key: gdir1/dir5
	at org.apache.hadoop.ozone.om.KeyManagerImpl.getOzoneFileStatus(KeyManagerImpl.java:1200) ~[ozone-manager-1.4.0-SNAPSHOT.jar:?]
	at org.apache.hadoop.ozone.om.KeyManagerImpl.getFileStatus(KeyManagerImpl.java:1118) ~[ozone-manager-1.4.0-SNAPSHOT.jar:?]
	at org.apache.hadoop.ozone.om.OmMetadataReader.getFileStatus(OmMetadataReader.java:288) ~[ozone-manager-1.4.0-SNAPSHOT.jar:?]
	at org.apache.hadoop.ozone.om.OzoneManager.getFileStatus(OzoneManager.java:3491) ~[ozone-manager-1.4.0-SNAPSHOT.jar:?]
	at org.apache.hadoop.ozone.protocolPB.OzoneManagerRequestHandler.getOzoneFileStatus(OzoneManagerRequestHandler.java:934) ~[ozone-manager-1.4.0-SNAPSHOT.jar:?]
	at org.apache.hadoop.ozone.protocolPB.OzoneManagerRequestHandler.handleReadRequest(OzoneManagerRequestHandler.java:238) ~[ozone-manager-1.4.0-SNAPSHOT.jar:?]
	at org.apache.hadoop.ozone.protocolPB.OzoneManagerProtocolServerSideTranslatorPB.submitReadRequestToOM(OzoneManagerProtocolServerSideTranslatorPB.java:223) ~[ozone-manager-1.4.0-SNAPSHOT.jar:?]
	at org.apache.hadoop.ozone.protocolPB.OzoneManagerProtocolServerSideTranslatorPB.processRequest(OzoneManagerProtocolServerSideTranslatorPB.java:177) ~[ozone-manager-1.4.0-SNAPSHOT.jar:?]
	at org.apache.hadoop.hdds.server.OzoneProtocolMessageDispatcher.processRequest(OzoneProtocolMessageDispatcher.java:87) [hdds-server-framework-1.4.0-SNAPSHOT.jar:?]
	at org.apache.hadoop.ozone.protocolPB.OzoneManagerProtocolServerSideTranslatorPB.submitRequest(OzoneManagerProtocolServerSideTranslatorPB.java:147) [ozone-manager-1.4.0-SNAPSHOT.jar:?]
	at org.apache.hadoop.ozone.protocol.proto.OzoneManagerProtocolProtos$OzoneManagerService$2.callBlockingMethod(OzoneManagerProtocolProtos.java) [ozone-interface-client-1.4.0-SNAPSHOT.jar:?]
	at org.apache.hadoop.ipc.ProtobufRpcEngine$Server.processCall(ProtobufRpcEngine.java:484) [hadoop-common-3.3.5.jar:?]
	at org.apache.hadoop.ipc.ProtobufRpcEngine2$Server$ProtoBufRpcInvoker.call(ProtobufRpcEngine2.java:595) [hadoop-common-3.3.5.jar:?]
	at org.apache.hadoop.ipc.ProtobufRpcEngine2$Server$ProtoBufRpcInvoker.call(ProtobufRpcEngine2.java:573) [hadoop-common-3.3.5.jar:?]
	at org.apache.hadoop.ipc.RPC$Server.call(RPC.java:1213) [hadoop-common-3.3.5.jar:?]
	at org.apache.hadoop.ipc.Server$RpcCall.run(Server.java:1089) [hadoop-common-3.3.5.jar:?]
	at org.apache.hadoop.ipc.Server$RpcCall.run(Server.java:1012) [hadoop-common-3.3.5.jar:?]
	at java.security.AccessController.doPrivileged(Native Method) ~[?:1.8.0_362]
	at javax.security.auth.Subject.doAs(Subject.java:422) [?:1.8.0_362]
	at org.apache.hadoop.security.UserGroupInformation.doAs(UserGroupInformation.java:1899) [hadoop-common-3.3.5.jar:?]
	at org.apache.hadoop.ipc.Server$Handler.run(Server.java:3026) [hadoop-common-3.3.5.jar:?]
17:18:59.224 [IPC Server handler 2 on default port 45623] ERROR OMAudit - user=runner | ip=127.0.0.1 | op=GET_FILE_STATUS {volume=volume95537, bucket=bucket59866, key=gdir1/dir5/child, dataSize=0, replicationConfig=null} | ret=FAILURE
org.apache.hadoop.ozone.om.exceptions.OMException: Unable to get file status: volume: volume95537 bucket: bucket59866 key: gdir1/dir5/child
	at org.apache.hadoop.ozone.om.KeyManagerImpl.getOzoneFileStatus(KeyManagerImpl.java:1200) ~[ozone-manager-1.4.0-SNAPSHOT.jar:?]
	at org.apache.hadoop.ozone.om.KeyManagerImpl.getFileStatus(KeyManagerImpl.java:1118) ~[ozone-manager-1.4.0-SNAPSHOT.jar:?]
	at org.apache.hadoop.ozone.om.OmMetadataReader.getFileStatus(OmMetadataReader.java:288) ~[ozone-manager-1.4.0-SNAPSHOT.jar:?]
	at org.apache.hadoop.ozone.om.OzoneManager.getFileStatus(OzoneManager.java:3491) ~[ozone-manager-1.4.0-SNAPSHOT.jar:?]
	at org.apache.hadoop.ozone.protocolPB.OzoneManagerRequestHandler.getOzoneFileStatus(OzoneManagerRequestHandler.java:934) ~[ozone-manager-1.4.0-SNAPSHOT.jar:?]
	at org.apache.hadoop.ozone.protocolPB.OzoneManagerRequestHandler.handleReadRequest(OzoneManagerRequestHandler.java:238) ~[ozone-manager-1.4.0-SNAPSHOT.jar:?]
	at org.apache.hadoop.ozone.protocolPB.OzoneManagerProtocolServerSideTranslatorPB.submitReadRequestToOM(OzoneManagerProtocolServerSideTranslatorPB.java:223) ~[ozone-manager-1.4.0-SNAPSHOT.jar:?]
	at org.apache.hadoop.ozone.protocolPB.OzoneManagerProtocolServerSideTranslatorPB.processRequest(OzoneManagerProtocolServerSideTranslatorPB.java:177) ~[ozone-manager-1.4.0-SNAPSHOT.jar:?]
	at org.apache.hadoop.hdds.server.OzoneProtocolMessageDispatcher.processRequest(OzoneProtocolMessageDispatcher.java:87) [hdds-server-framework-1.4.0-SNAPSHOT.jar:?]
	at org.apache.hadoop.ozone.protocolPB.OzoneManagerProtocolServerSideTranslatorPB.submitRequest(OzoneManagerProtocolServerSideTranslatorPB.java:147) [ozone-manager-1.4.0-SNAPSHOT.jar:?]
	at org.apache.hadoop.ozone.protocol.proto.OzoneManagerProtocolProtos$OzoneManagerService$2.callBlockingMethod(OzoneManagerProtocolProtos.java) [ozone-interface-client-1.4.0-SNAPSHOT.jar:?]
	at org.apache.hadoop.ipc.ProtobufRpcEngine$Server.processCall(ProtobufRpcEngine.java:484) [hadoop-common-3.3.5.jar:?]
	at org.apache.hadoop.ipc.ProtobufRpcEngine2$Server$ProtoBufRpcInvoker.call(ProtobufRpcEngine2.java:595) [hadoop-common-3.3.5.jar:?]
	at org.apache.hadoop.ipc.ProtobufRpcEngine2$Server$ProtoBufRpcInvoker.call(ProtobufRpcEngine2.java:573) [hadoop-common-3.3.5.jar:?]
	at org.apache.hadoop.ipc.RPC$Server.call(RPC.java:1213) [hadoop-common-3.3.5.jar:?]
	at org.apache.hadoop.ipc.Server$RpcCall.run(Server.java:1089) [hadoop-common-3.3.5.jar:?]
	at org.apache.hadoop.ipc.Server$RpcCall.run(Server.java:1012) [hadoop-common-3.3.5.jar:?]
	at java.security.AccessController.doPrivileged(Native Method) ~[?:1.8.0_362]
	at javax.security.auth.Subject.doAs(Subject.java:422) [?:1.8.0_362]
	at org.apache.hadoop.security.UserGroupInformation.doAs(UserGroupInformation.java:1899) [hadoop-common-3.3.5.jar:?]
	at org.apache.hadoop.ipc.Server$Handler.run(Server.java:3026) [hadoop-common-3.3.5.jar:?]
17:18:59.225 [IPC Server handler 0 on default port 45623] ERROR OMAudit - user=runner | ip=127.0.0.1 | op=GET_FILE_STATUS {volume=volume95537, bucket=bucket59866, key=gdir1/dir6, dataSize=0, replicationConfig=null} | ret=FAILURE
org.apache.hadoop.ozone.om.exceptions.OMException: Unable to get file status: volume: volume95537 bucket: bucket59866 key: gdir1/dir6
	at org.apache.hadoop.ozone.om.KeyManagerImpl.getOzoneFileStatus(KeyManagerImpl.java:1200) ~[ozone-manager-1.4.0-SNAPSHOT.jar:?]
	at org.apache.hadoop.ozone.om.KeyManagerImpl.getFileStatus(KeyManagerImpl.java:1118) ~[ozone-manager-1.4.0-SNAPSHOT.jar:?]
	at org.apache.hadoop.ozone.om.OmMetadataReader.getFileStatus(OmMetadataReader.java:288) ~[ozone-manager-1.4.0-SNAPSHOT.jar:?]
	at org.apache.hadoop.ozone.om.OzoneManager.getFileStatus(OzoneManager.java:3491) ~[ozone-manager-1.4.0-SNAPSHOT.jar:?]
	at org.apache.hadoop.ozone.protocolPB.OzoneManagerRequestHandler.getOzoneFileStatus(OzoneManagerRequestHandler.java:934) ~[ozone-manager-1.4.0-SNAPSHOT.jar:?]
	at org.apache.hadoop.ozone.protocolPB.OzoneManagerRequestHandler.handleReadRequest(OzoneManagerRequestHandler.java:238) ~[ozone-manager-1.4.0-SNAPSHOT.jar:?]
	at org.apache.hadoop.ozone.protocolPB.OzoneManagerProtocolServerSideTranslatorPB.submitReadRequestToOM(OzoneManagerProtocolServerSideTranslatorPB.java:223) ~[ozone-manager-1.4.0-SNAPSHOT.jar:?]
	at org.apache.hadoop.ozone.protocolPB.OzoneManagerProtocolServerSideTranslatorPB.processRequest(OzoneManagerProtocolServerSideTranslatorPB.java:177) ~[ozone-manager-1.4.0-SNAPSHOT.jar:?]
	at org.apache.hadoop.hdds.server.OzoneProtocolMessageDispatcher.processRequest(OzoneProtocolMessageDispatcher.java:87) [hdds-server-framework-1.4.0-SNAPSHOT.jar:?]
	at org.apache.hadoop.ozone.protocolPB.OzoneManagerProtocolServerSideTranslatorPB.submitRequest(OzoneManagerProtocolServerSideTranslatorPB.java:147) [ozone-manager-1.4.0-SNAPSHOT.jar:?]
	at org.apache.hadoop.ozone.protocol.proto.OzoneManagerProtocolProtos$OzoneManagerService$2.callBlockingMethod(OzoneManagerProtocolProtos.java) [ozone-interface-client-1.4.0-SNAPSHOT.jar:?]
	at org.apache.hadoop.ipc.ProtobufRpcEngine$Server.processCall(ProtobufRpcEngine.java:484) [hadoop-common-3.3.5.jar:?]
	at org.apache.hadoop.ipc.ProtobufRpcEngine2$Server$ProtoBufRpcInvoker.call(ProtobufRpcEngine2.java:595) [hadoop-common-3.3.5.jar:?]
	at org.apache.hadoop.ipc.ProtobufRpcEngine2$Server$ProtoBufRpcInvoker.call(ProtobufRpcEngine2.java:573) [hadoop-common-3.3.5.jar:?]
	at org.apache.hadoop.ipc.RPC$Server.call(RPC.java:1213) [hadoop-common-3.3.5.jar:?]
	at org.apache.hadoop.ipc.Server$RpcCall.run(Server.java:1089) [hadoop-common-3.3.5.jar:?]
	at org.apache.hadoop.ipc.Server$RpcCall.run(Server.java:1012) [hadoop-common-3.3.5.jar:?]
	at java.security.AccessController.doPrivileged(Native Method) ~[?:1.8.0_362]
	at javax.security.auth.Subject.doAs(Subject.java:422) [?:1.8.0_362]
	at org.apache.hadoop.security.UserGroupInformation.doAs(UserGroupInformation.java:1899) [hadoop-common-3.3.5.jar:?]
	at org.apache.hadoop.ipc.Server$Handler.run(Server.java:3026) [hadoop-common-3.3.5.jar:?]
17:18:59.226 [IPC Server handler 18 on default port 45623] ERROR OMAudit - user=runner | ip=127.0.0.1 | op=GET_FILE_STATUS {volume=volume95537, bucket=bucket59866, key=gdir1/dir6/child, dataSize=0, replicationConfig=null} | ret=FAILURE
org.apache.hadoop.ozone.om.exceptions.OMException: Unable to get file status: volume: volume95537 bucket: bucket59866 key: gdir1/dir6/child
	at org.apache.hadoop.ozone.om.KeyManagerImpl.getOzoneFileStatus(KeyManagerImpl.java:1200) ~[ozone-manager-1.4.0-SNAPSHOT.jar:?]
	at org.apache.hadoop.ozone.om.KeyManagerImpl.getFileStatus(KeyManagerImpl.java:1118) ~[ozone-manager-1.4.0-SNAPSHOT.jar:?]
	at org.apache.hadoop.ozone.om.OmMetadataReader.getFileStatus(OmMetadataReader.java:288) ~[ozone-manager-1.4.0-SNAPSHOT.jar:?]
	at org.apache.hadoop.ozone.om.OzoneManager.getFileStatus(OzoneManager.java:3491) ~[ozone-manager-1.4.0-SNAPSHOT.jar:?]
	at org.apache.hadoop.ozone.protocolPB.OzoneManagerRequestHandler.getOzoneFileStatus(OzoneManagerRequestHandler.java:934) ~[ozone-manager-1.4.0-SNAPSHOT.jar:?]
	at org.apache.hadoop.ozone.protocolPB.OzoneManagerRequestHandler.handleReadRequest(OzoneManagerRequestHandler.java:238) ~[ozone-manager-1.4.0-SNAPSHOT.jar:?]
	at org.apache.hadoop.ozone.protocolPB.OzoneManagerProtocolServerSideTranslatorPB.submitReadRequestToOM(OzoneManagerProtocolServerSideTranslatorPB.java:223) ~[ozone-manager-1.4.0-SNAPSHOT.jar:?]
	at org.apache.hadoop.ozone.protocolPB.OzoneManagerProtocolServerSideTranslatorPB.processRequest(OzoneManagerProtocolServerSideTranslatorPB.java:177) ~[ozone-manager-1.4.0-SNAPSHOT.jar:?]
	at org.apache.hadoop.hdds.server.OzoneProtocolMessageDispatcher.processRequest(OzoneProtocolMessageDispatcher.java:87) [hdds-server-framework-1.4.0-SNAPSHOT.jar:?]
	at org.apache.hadoop.ozone.protocolPB.OzoneManagerProtocolServerSideTranslatorPB.submitRequest(OzoneManagerProtocolServerSideTranslatorPB.java:147) [ozone-manager-1.4.0-SNAPSHOT.jar:?]
	at org.apache.hadoop.ozone.protocol.proto.OzoneManagerProtocolProtos$OzoneManagerService$2.callBlockingMethod(OzoneManagerProtocolProtos.java) [ozone-interface-client-1.4.0-SNAPSHOT.jar:?]
	at org.apache.hadoop.ipc.ProtobufRpcEngine$Server.processCall(ProtobufRpcEngine.java:484) [hadoop-common-3.3.5.jar:?]
	at org.apache.hadoop.ipc.ProtobufRpcEngine2$Server$ProtoBufRpcInvoker.call(ProtobufRpcEngine2.java:595) [hadoop-common-3.3.5.jar:?]
	at org.apache.hadoop.ipc.ProtobufRpcEngine2$Server$ProtoBufRpcInvoker.call(ProtobufRpcEngine2.java:573) [hadoop-common-3.3.5.jar:?]
	at org.apache.hadoop.ipc.RPC$Server.call(RPC.java:1213) [hadoop-common-3.3.5.jar:?]
	at org.apache.hadoop.ipc.Server$RpcCall.run(Server.java:1089) [hadoop-common-3.3.5.jar:?]
	at org.apache.hadoop.ipc.Server$RpcCall.run(Server.java:1012) [hadoop-common-3.3.5.jar:?]
	at java.security.AccessController.doPrivileged(Native Method) ~[?:1.8.0_362]
	at javax.security.auth.Subject.doAs(Subject.java:422) [?:1.8.0_362]
	at org.apache.hadoop.security.UserGroupInformation.doAs(UserGroupInformation.java:1899) [hadoop-common-3.3.5.jar:?]
	at org.apache.hadoop.ipc.Server$Handler.run(Server.java:3026) [hadoop-common-3.3.5.jar:?]
17:18:59.227 [IPC Server handler 17 on default port 45623] ERROR OMAudit - user=runner | ip=127.0.0.1 | op=GET_FILE_STATUS {volume=volume95537, bucket=bucket59866, key=gdir1/dir7, dataSize=0, replicationConfig=null} | ret=FAILURE
org.apache.hadoop.ozone.om.exceptions.OMException: Unable to get file status: volume: volume95537 bucket: bucket59866 key: gdir1/dir7
	at org.apache.hadoop.ozone.om.KeyManagerImpl.getOzoneFileStatus(KeyManagerImpl.java:1200) ~[ozone-manager-1.4.0-SNAPSHOT.jar:?]
	at org.apache.hadoop.ozone.om.KeyManagerImpl.getFileStatus(KeyManagerImpl.java:1118) ~[ozone-manager-1.4.0-SNAPSHOT.jar:?]
	at org.apache.hadoop.ozone.om.OmMetadataReader.getFileStatus(OmMetadataReader.java:288) ~[ozone-manager-1.4.0-SNAPSHOT.jar:?]
	at org.apache.hadoop.ozone.om.OzoneManager.getFileStatus(OzoneManager.java:3491) ~[ozone-manager-1.4.0-SNAPSHOT.jar:?]
	at org.apache.hadoop.ozone.protocolPB.OzoneManagerRequestHandler.getOzoneFileStatus(OzoneManagerRequestHandler.java:934) ~[ozone-manager-1.4.0-SNAPSHOT.jar:?]
	at org.apache.hadoop.ozone.protocolPB.OzoneManagerRequestHandler.handleReadRequest(OzoneManagerRequestHandler.java:238) ~[ozone-manager-1.4.0-SNAPSHOT.jar:?]
	at org.apache.hadoop.ozone.protocolPB.OzoneManagerProtocolServerSideTranslatorPB.submitReadRequestToOM(OzoneManagerProtocolServerSideTranslatorPB.java:223) ~[ozone-manager-1.4.0-SNAPSHOT.jar:?]
	at org.apache.hadoop.ozone.protocolPB.OzoneManagerProtocolServerSideTranslatorPB.processRequest(OzoneManagerProtocolServerSideTranslatorPB.java:177) ~[ozone-manager-1.4.0-SNAPSHOT.jar:?]
	at org.apache.hadoop.hdds.server.OzoneProtocolMessageDispatcher.processRequest(OzoneProtocolMessageDispatcher.java:87) [hdds-server-framework-1.4.0-SNAPSHOT.jar:?]
	at org.apache.hadoop.ozone.protocolPB.OzoneManagerProtocolServerSideTranslatorPB.submitRequest(OzoneManagerProtocolServerSideTranslatorPB.java:147) [ozone-manager-1.4.0-SNAPSHOT.jar:?]
	at org.apache.hadoop.ozone.protocol.proto.OzoneManagerProtocolProtos$OzoneManagerService$2.callBlockingMethod(OzoneManagerProtocolProtos.java) [ozone-interface-client-1.4.0-SNAPSHOT.jar:?]
	at org.apache.hadoop.ipc.ProtobufRpcEngine$Server.processCall(ProtobufRpcEngine.java:484) [hadoop-common-3.3.5.jar:?]
	at org.apache.hadoop.ipc.ProtobufRpcEngine2$Server$ProtoBufRpcInvoker.call(ProtobufRpcEngine2.java:595) [hadoop-common-3.3.5.jar:?]
	at org.apache.hadoop.ipc.ProtobufRpcEngine2$Server$ProtoBufRpcInvoker.call(ProtobufRpcEngine2.java:573) [hadoop-common-3.3.5.jar:?]
	at org.apache.hadoop.ipc.RPC$Server.call(RPC.java:1213) [hadoop-common-3.3.5.jar:?]
	at org.apache.hadoop.ipc.Server$RpcCall.run(Server.java:1089) [hadoop-common-3.3.5.jar:?]
	at org.apache.hadoop.ipc.Server$RpcCall.run(Server.java:1012) [hadoop-common-3.3.5.jar:?]
	at java.security.AccessController.doPrivileged(Native Method) ~[?:1.8.0_362]
	at javax.security.auth.Subject.doAs(Subject.java:422) [?:1.8.0_362]
	at org.apache.hadoop.security.UserGroupInformation.doAs(UserGroupInformation.java:1899) [hadoop-common-3.3.5.jar:?]
	at org.apache.hadoop.ipc.Server$Handler.run(Server.java:3026) [hadoop-common-3.3.5.jar:?]
17:18:59.227 [IPC Server handler 15 on default port 45623] ERROR OMAudit - user=runner | ip=127.0.0.1 | op=GET_FILE_STATUS {volume=volume95537, bucket=bucket59866, key=gdir1/dir7/child, dataSize=0, replicationConfig=null} | ret=FAILURE
org.apache.hadoop.ozone.om.exceptions.OMException: Unable to get file status: volume: volume95537 bucket: bucket59866 key: gdir1/dir7/child
	at org.apache.hadoop.ozone.om.KeyManagerImpl.getOzoneFileStatus(KeyManagerImpl.java:1200) ~[ozone-manager-1.4.0-SNAPSHOT.jar:?]
	at org.apache.hadoop.ozone.om.KeyManagerImpl.getFileStatus(KeyManagerImpl.java:1118) ~[ozone-manager-1.4.0-SNAPSHOT.jar:?]
	at org.apache.hadoop.ozone.om.OmMetadataReader.getFileStatus(OmMetadataReader.java:288) ~[ozone-manager-1.4.0-SNAPSHOT.jar:?]
	at org.apache.hadoop.ozone.om.OzoneManager.getFileStatus(OzoneManager.java:3491) ~[ozone-manager-1.4.0-SNAPSHOT.jar:?]
	at org.apache.hadoop.ozone.protocolPB.OzoneManagerRequestHandler.getOzoneFileStatus(OzoneManagerRequestHandler.java:934) ~[ozone-manager-1.4.0-SNAPSHOT.jar:?]
	at org.apache.hadoop.ozone.protocolPB.OzoneManagerRequestHandler.handleReadRequest(OzoneManagerRequestHandler.java:238) ~[ozone-manager-1.4.0-SNAPSHOT.jar:?]
	at org.apache.hadoop.ozone.protocolPB.OzoneManagerProtocolServerSideTranslatorPB.submitReadRequestToOM(OzoneManagerProtocolServerSideTranslatorPB.java:223) ~[ozone-manager-1.4.0-SNAPSHOT.jar:?]
	at org.apache.hadoop.ozone.protocolPB.OzoneManagerProtocolServerSideTranslatorPB.processRequest(OzoneManagerProtocolServerSideTranslatorPB.java:177) ~[ozone-manager-1.4.0-SNAPSHOT.jar:?]
	at org.apache.hadoop.hdds.server.OzoneProtocolMessageDispatcher.processRequest(OzoneProtocolMessageDispatcher.java:87) [hdds-server-framework-1.4.0-SNAPSHOT.jar:?]
	at org.apache.hadoop.ozone.protocolPB.OzoneManagerProtocolServerSideTranslatorPB.submitRequest(OzoneManagerProtocolServerSideTranslatorPB.java:147) [ozone-manager-1.4.0-SNAPSHOT.jar:?]
	at org.apache.hadoop.ozone.protocol.proto.OzoneManagerProtocolProtos$OzoneManagerService$2.callBlockingMethod(OzoneManagerProtocolProtos.java) [ozone-interface-client-1.4.0-SNAPSHOT.jar:?]
	at org.apache.hadoop.ipc.ProtobufRpcEngine$Server.processCall(ProtobufRpcEngine.java:484) [hadoop-common-3.3.5.jar:?]
	at org.apache.hadoop.ipc.ProtobufRpcEngine2$Server$ProtoBufRpcInvoker.call(ProtobufRpcEngine2.java:595) [hadoop-common-3.3.5.jar:?]
	at org.apache.hadoop.ipc.ProtobufRpcEngine2$Server$ProtoBufRpcInvoker.call(ProtobufRpcEngine2.java:573) [hadoop-common-3.3.5.jar:?]
	at org.apache.hadoop.ipc.RPC$Server.call(RPC.java:1213) [hadoop-common-3.3.5.jar:?]
	at org.apache.hadoop.ipc.Server$RpcCall.run(Server.java:1089) [hadoop-common-3.3.5.jar:?]
	at org.apache.hadoop.ipc.Server$RpcCall.run(Server.java:1012) [hadoop-common-3.3.5.jar:?]
	at java.security.AccessController.doPrivileged(Native Method) ~[?:1.8.0_362]
	at javax.security.auth.Subject.doAs(Subject.java:422) [?:1.8.0_362]
	at org.apache.hadoop.security.UserGroupInformation.doAs(UserGroupInformation.java:1899) [hadoop-common-3.3.5.jar:?]
	at org.apache.hadoop.ipc.Server$Handler.run(Server.java:3026) [hadoop-common-3.3.5.jar:?]
17:18:59.229 [IPC Server handler 16 on default port 45623] ERROR OMAudit - user=runner | ip=127.0.0.1 | op=GET_FILE_STATUS {volume=volume95537, bucket=bucket59866, key=gdir1/dir8, dataSize=0, replicationConfig=null} | ret=FAILURE
org.apache.hadoop.ozone.om.exceptions.OMException: Unable to get file status: volume: volume95537 bucket: bucket59866 key: gdir1/dir8
	at org.apache.hadoop.ozone.om.KeyManagerImpl.getOzoneFileStatus(KeyManagerImpl.java:1200) ~[ozone-manager-1.4.0-SNAPSHOT.jar:?]
	at org.apache.hadoop.ozone.om.KeyManagerImpl.getFileStatus(KeyManagerImpl.java:1118) ~[ozone-manager-1.4.0-SNAPSHOT.jar:?]
	at org.apache.hadoop.ozone.om.OmMetadataReader.getFileStatus(OmMetadataReader.java:288) ~[ozone-manager-1.4.0-SNAPSHOT.jar:?]
	at org.apache.hadoop.ozone.om.OzoneManager.getFileStatus(OzoneManager.java:3491) ~[ozone-manager-1.4.0-SNAPSHOT.jar:?]
	at org.apache.hadoop.ozone.protocolPB.OzoneManagerRequestHandler.getOzoneFileStatus(OzoneManagerRequestHandler.java:934) ~[ozone-manager-1.4.0-SNAPSHOT.jar:?]
	at org.apache.hadoop.ozone.protocolPB.OzoneManagerRequestHandler.handleReadRequest(OzoneManagerRequestHandler.java:238) ~[ozone-manager-1.4.0-SNAPSHOT.jar:?]
	at org.apache.hadoop.ozone.protocolPB.OzoneManagerProtocolServerSideTranslatorPB.submitReadRequestToOM(OzoneManagerProtocolServerSideTranslatorPB.java:223) ~[ozone-manager-1.4.0-SNAPSHOT.jar:?]
	at org.apache.hadoop.ozone.protocolPB.OzoneManagerProtocolServerSideTranslatorPB.processRequest(OzoneManagerProtocolServerSideTranslatorPB.java:177) ~[ozone-manager-1.4.0-SNAPSHOT.jar:?]
	at org.apache.hadoop.hdds.server.OzoneProtocolMessageDispatcher.processRequest(OzoneProtocolMessageDispatcher.java:87) [hdds-server-framework-1.4.0-SNAPSHOT.jar:?]
	at org.apache.hadoop.ozone.protocolPB.OzoneManagerProtocolServerSideTranslatorPB.submitRequest(OzoneManagerProtocolServerSideTranslatorPB.java:147) [ozone-manager-1.4.0-SNAPSHOT.jar:?]
	at org.apache.hadoop.ozone.protocol.proto.OzoneManagerProtocolProtos$OzoneManagerService$2.callBlockingMethod(OzoneManagerProtocolProtos.java) [ozone-interface-client-1.4.0-SNAPSHOT.jar:?]
	at org.apache.hadoop.ipc.ProtobufRpcEngine$Server.processCall(ProtobufRpcEngine.java:484) [hadoop-common-3.3.5.jar:?]
	at org.apache.hadoop.ipc.ProtobufRpcEngine2$Server$ProtoBufRpcInvoker.call(ProtobufRpcEngine2.java:595) [hadoop-common-3.3.5.jar:?]
	at org.apache.hadoop.ipc.ProtobufRpcEngine2$Server$ProtoBufRpcInvoker.call(ProtobufRpcEngine2.java:573) [hadoop-common-3.3.5.jar:?]
	at org.apache.hadoop.ipc.RPC$Server.call(RPC.java:1213) [hadoop-common-3.3.5.jar:?]
	at org.apache.hadoop.ipc.Server$RpcCall.run(Server.java:1089) [hadoop-common-3.3.5.jar:?]
	at org.apache.hadoop.ipc.Server$RpcCall.run(Server.java:1012) [hadoop-common-3.3.5.jar:?]
	at java.security.AccessController.doPrivileged(Native Method) ~[?:1.8.0_362]
	at javax.security.auth.Subject.doAs(Subject.java:422) [?:1.8.0_362]
	at org.apache.hadoop.security.UserGroupInformation.doAs(UserGroupInformation.java:1899) [hadoop-common-3.3.5.jar:?]
	at org.apache.hadoop.ipc.Server$Handler.run(Server.java:3026) [hadoop-common-3.3.5.jar:?]
17:18:59.231 [IPC Server handler 14 on default port 45623] ERROR OMAudit - user=runner | ip=127.0.0.1 | op=GET_FILE_STATUS {volume=volume95537, bucket=bucket59866, key=gdir1/dir8/child, dataSize=0, replicationConfig=null} | ret=FAILURE
org.apache.hadoop.ozone.om.exceptions.OMException: Unable to get file status: volume: volume95537 bucket: bucket59866 key: gdir1/dir8/child
	at org.apache.hadoop.ozone.om.KeyManagerImpl.getOzoneFileStatus(KeyManagerImpl.java:1200) ~[ozone-manager-1.4.0-SNAPSHOT.jar:?]
	at org.apache.hadoop.ozone.om.KeyManagerImpl.getFileStatus(KeyManagerImpl.java:1118) ~[ozone-manager-1.4.0-SNAPSHOT.jar:?]
	at org.apache.hadoop.ozone.om.OmMetadataReader.getFileStatus(OmMetadataReader.java:288) ~[ozone-manager-1.4.0-SNAPSHOT.jar:?]
	at org.apache.hadoop.ozone.om.OzoneManager.getFileStatus(OzoneManager.java:3491) ~[ozone-manager-1.4.0-SNAPSHOT.jar:?]
	at org.apache.hadoop.ozone.protocolPB.OzoneManagerRequestHandler.getOzoneFileStatus(OzoneManagerRequestHandler.java:934) ~[ozone-manager-1.4.0-SNAPSHOT.jar:?]
	at org.apache.hadoop.ozone.protocolPB.OzoneManagerRequestHandler.handleReadRequest(OzoneManagerRequestHandler.java:238) ~[ozone-manager-1.4.0-SNAPSHOT.jar:?]
	at org.apache.hadoop.ozone.protocolPB.OzoneManagerProtocolServerSideTranslatorPB.submitReadRequestToOM(OzoneManagerProtocolServerSideTranslatorPB.java:223) ~[ozone-manager-1.4.0-SNAPSHOT.jar:?]
	at org.apache.hadoop.ozone.protocolPB.OzoneManagerProtocolServerSideTranslatorPB.processRequest(OzoneManagerProtocolServerSideTranslatorPB.java:177) ~[ozone-manager-1.4.0-SNAPSHOT.jar:?]
	at org.apache.hadoop.hdds.server.OzoneProtocolMessageDispatcher.processRequest(OzoneProtocolMessageDispatcher.java:87) [hdds-server-framework-1.4.0-SNAPSHOT.jar:?]
	at org.apache.hadoop.ozone.protocolPB.OzoneManagerProtocolServerSideTranslatorPB.submitRequest(OzoneManagerProtocolServerSideTranslatorPB.java:147) [ozone-manager-1.4.0-SNAPSHOT.jar:?]
	at org.apache.hadoop.ozone.protocol.proto.OzoneManagerProtocolProtos$OzoneManagerService$2.callBlockingMethod(OzoneManagerProtocolProtos.java) [ozone-interface-client-1.4.0-SNAPSHOT.jar:?]
	at org.apache.hadoop.ipc.ProtobufRpcEngine$Server.processCall(ProtobufRpcEngine.java:484) [hadoop-common-3.3.5.jar:?]
	at org.apache.hadoop.ipc.ProtobufRpcEngine2$Server$ProtoBufRpcInvoker.call(ProtobufRpcEngine2.java:595) [hadoop-common-3.3.5.jar:?]
	at org.apache.hadoop.ipc.ProtobufRpcEngine2$Server$ProtoBufRpcInvoker.call(ProtobufRpcEngine2.java:573) [hadoop-common-3.3.5.jar:?]
	at org.apache.hadoop.ipc.RPC$Server.call(RPC.java:1213) [hadoop-common-3.3.5.jar:?]
	at org.apache.hadoop.ipc.Server$RpcCall.run(Server.java:1089) [hadoop-common-3.3.5.jar:?]
	at org.apache.hadoop.ipc.Server$RpcCall.run(Server.java:1012) [hadoop-common-3.3.5.jar:?]
	at java.security.AccessController.doPrivileged(Native Method) ~[?:1.8.0_362]
	at javax.security.auth.Subject.doAs(Subject.java:422) [?:1.8.0_362]
	at org.apache.hadoop.security.UserGroupInformation.doAs(UserGroupInformation.java:1899) [hadoop-common-3.3.5.jar:?]
	at org.apache.hadoop.ipc.Server$Handler.run(Server.java:3026) [hadoop-common-3.3.5.jar:?]
17:18:59.231 [IPC Server handler 12 on default port 45623] ERROR OMAudit - user=runner | ip=127.0.0.1 | op=GET_FILE_STATUS {volume=volume95537, bucket=bucket59866, key=gdir1/dir9, dataSize=0, replicationConfig=null} | ret=FAILURE
org.apache.hadoop.ozone.om.exceptions.OMException: Unable to get file status: volume: volume95537 bucket: bucket59866 key: gdir1/dir9
	at org.apache.hadoop.ozone.om.KeyManagerImpl.getOzoneFileStatus(KeyManagerImpl.java:1200) ~[ozone-manager-1.4.0-SNAPSHOT.jar:?]
	at org.apache.hadoop.ozone.om.KeyManagerImpl.getFileStatus(KeyManagerImpl.java:1118) ~[ozone-manager-1.4.0-SNAPSHOT.jar:?]
	at org.apache.hadoop.ozone.om.OmMetadataReader.getFileStatus(OmMetadataReader.java:288) ~[ozone-manager-1.4.0-SNAPSHOT.jar:?]
	at org.apache.hadoop.ozone.om.OzoneManager.getFileStatus(OzoneManager.java:3491) ~[ozone-manager-1.4.0-SNAPSHOT.jar:?]
	at org.apache.hadoop.ozone.protocolPB.OzoneManagerRequestHandler.getOzoneFileStatus(OzoneManagerRequestHandler.java:934) ~[ozone-manager-1.4.0-SNAPSHOT.jar:?]
	at org.apache.hadoop.ozone.protocolPB.OzoneManagerRequestHandler.handleReadRequest(OzoneManagerRequestHandler.java:238) ~[ozone-manager-1.4.0-SNAPSHOT.jar:?]
	at org.apache.hadoop.ozone.protocolPB.OzoneManagerProtocolServerSideTranslatorPB.submitReadRequestToOM(OzoneManagerProtocolServerSideTranslatorPB.java:223) ~[ozone-manager-1.4.0-SNAPSHOT.jar:?]
	at org.apache.hadoop.ozone.protocolPB.OzoneManagerProtocolServerSideTranslatorPB.processRequest(OzoneManagerProtocolServerSideTranslatorPB.java:177) ~[ozone-manager-1.4.0-SNAPSHOT.jar:?]
	at org.apache.hadoop.hdds.server.OzoneProtocolMessageDispatcher.processRequest(OzoneProtocolMessageDispatcher.java:87) [hdds-server-framework-1.4.0-SNAPSHOT.jar:?]
	at org.apache.hadoop.ozone.protocolPB.OzoneManagerProtocolServerSideTranslatorPB.submitRequest(OzoneManagerProtocolServerSideTranslatorPB.java:147) [ozone-manager-1.4.0-SNAPSHOT.jar:?]
	at org.apache.hadoop.ozone.protocol.proto.OzoneManagerProtocolProtos$OzoneManagerService$2.callBlockingMethod(OzoneManagerProtocolProtos.java) [ozone-interface-client-1.4.0-SNAPSHOT.jar:?]
	at org.apache.hadoop.ipc.ProtobufRpcEngine$Server.processCall(ProtobufRpcEngine.java:484) [hadoop-common-3.3.5.jar:?]
	at org.apache.hadoop.ipc.ProtobufRpcEngine2$Server$ProtoBufRpcInvoker.call(ProtobufRpcEngine2.java:595) [hadoop-common-3.3.5.jar:?]
	at org.apache.hadoop.ipc.ProtobufRpcEngine2$Server$ProtoBufRpcInvoker.call(ProtobufRpcEngine2.java:573) [hadoop-common-3.3.5.jar:?]
	at org.apache.hadoop.ipc.RPC$Server.call(RPC.java:1213) [hadoop-common-3.3.5.jar:?]
	at org.apache.hadoop.ipc.Server$RpcCall.run(Server.java:1089) [hadoop-common-3.3.5.jar:?]
	at org.apache.hadoop.ipc.Server$RpcCall.run(Server.java:1012) [hadoop-common-3.3.5.jar:?]
	at java.security.AccessController.doPrivileged(Native Method) ~[?:1.8.0_362]
	at javax.security.auth.Subject.doAs(Subject.java:422) [?:1.8.0_362]
	at org.apache.hadoop.security.UserGroupInformation.doAs(UserGroupInformation.java:1899) [hadoop-common-3.3.5.jar:?]
	at org.apache.hadoop.ipc.Server$Handler.run(Server.java:3026) [hadoop-common-3.3.5.jar:?]
17:18:59.232 [IPC Server handler 8 on default port 45623] ERROR OMAudit - user=runner | ip=127.0.0.1 | op=GET_FILE_STATUS {volume=volume95537, bucket=bucket59866, key=gdir1/dir9/child, dataSize=0, replicationConfig=null} | ret=FAILURE
org.apache.hadoop.ozone.om.exceptions.OMException: Unable to get file status: volume: volume95537 bucket: bucket59866 key: gdir1/dir9/child
	at org.apache.hadoop.ozone.om.KeyManagerImpl.getOzoneFileStatus(KeyManagerImpl.java:1200) ~[ozone-manager-1.4.0-SNAPSHOT.jar:?]
	at org.apache.hadoop.ozone.om.KeyManagerImpl.getFileStatus(KeyManagerImpl.java:1118) ~[ozone-manager-1.4.0-SNAPSHOT.jar:?]
	at org.apache.hadoop.ozone.om.OmMetadataReader.getFileStatus(OmMetadataReader.java:288) ~[ozone-manager-1.4.0-SNAPSHOT.jar:?]
	at org.apache.hadoop.ozone.om.OzoneManager.getFileStatus(OzoneManager.java:3491) ~[ozone-manager-1.4.0-SNAPSHOT.jar:?]
	at org.apache.hadoop.ozone.protocolPB.OzoneManagerRequestHandler.getOzoneFileStatus(OzoneManagerRequestHandler.java:934) ~[ozone-manager-1.4.0-SNAPSHOT.jar:?]
	at org.apache.hadoop.ozone.protocolPB.OzoneManagerRequestHandler.handleReadRequest(OzoneManagerRequestHandler.java:238) ~[ozone-manager-1.4.0-SNAPSHOT.jar:?]
	at org.apache.hadoop.ozone.protocolPB.OzoneManagerProtocolServerSideTranslatorPB.submitReadRequestToOM(OzoneManagerProtocolServerSideTranslatorPB.java:223) ~[ozone-manager-1.4.0-SNAPSHOT.jar:?]
	at org.apache.hadoop.ozone.protocolPB.OzoneManagerProtocolServerSideTranslatorPB.processRequest(OzoneManagerProtocolServerSideTranslatorPB.java:177) ~[ozone-manager-1.4.0-SNAPSHOT.jar:?]
	at org.apache.hadoop.hdds.server.OzoneProtocolMessageDispatcher.processRequest(OzoneProtocolMessageDispatcher.java:87) [hdds-server-framework-1.4.0-SNAPSHOT.jar:?]
	at org.apache.hadoop.ozone.protocolPB.OzoneManagerProtocolServerSideTranslatorPB.submitRequest(OzoneManagerProtocolServerSideTranslatorPB.java:147) [ozone-manager-1.4.0-SNAPSHOT.jar:?]
	at org.apache.hadoop.ozone.protocol.proto.OzoneManagerProtocolProtos$OzoneManagerService$2.callBlockingMethod(OzoneManagerProtocolProtos.java) [ozone-interface-client-1.4.0-SNAPSHOT.jar:?]
	at org.apache.hadoop.ipc.ProtobufRpcEngine$Server.processCall(ProtobufRpcEngine.java:484) [hadoop-common-3.3.5.jar:?]
	at org.apache.hadoop.ipc.ProtobufRpcEngine2$Server$ProtoBufRpcInvoker.call(ProtobufRpcEngine2.java:595) [hadoop-common-3.3.5.jar:?]
	at org.apache.hadoop.ipc.ProtobufRpcEngine2$Server$ProtoBufRpcInvoker.call(ProtobufRpcEngine2.java:573) [hadoop-common-3.3.5.jar:?]
	at org.apache.hadoop.ipc.RPC$Server.call(RPC.java:1213) [hadoop-common-3.3.5.jar:?]
	at org.apache.hadoop.ipc.Server$RpcCall.run(Server.java:1089) [hadoop-common-3.3.5.jar:?]
	at org.apache.hadoop.ipc.Server$RpcCall.run(Server.java:1012) [hadoop-common-3.3.5.jar:?]
	at java.security.AccessController.doPrivileged(Native Method) ~[?:1.8.0_362]
	at javax.security.auth.Subject.doAs(Subject.java:422) [?:1.8.0_362]
	at org.apache.hadoop.security.UserGroupInformation.doAs(UserGroupInformation.java:1899) [hadoop-common-3.3.5.jar:?]
	at org.apache.hadoop.ipc.Server$Handler.run(Server.java:3026) [hadoop-common-3.3.5.jar:?]
17:18:59.233 [IPC Server handler 19 on default port 45623] ERROR OMAudit - user=runner | ip=127.0.0.1 | op=GET_FILE_STATUS {volume=volume95537, bucket=bucket59866, key=gdir1/dir10, dataSize=0, replicationConfig=null} | ret=FAILURE
org.apache.hadoop.ozone.om.exceptions.OMException: Unable to get file status: volume: volume95537 bucket: bucket59866 key: gdir1/dir10
	at org.apache.hadoop.ozone.om.KeyManagerImpl.getOzoneFileStatus(KeyManagerImpl.java:1200) ~[ozone-manager-1.4.0-SNAPSHOT.jar:?]
	at org.apache.hadoop.ozone.om.KeyManagerImpl.getFileStatus(KeyManagerImpl.java:1118) ~[ozone-manager-1.4.0-SNAPSHOT.jar:?]
	at org.apache.hadoop.ozone.om.OmMetadataReader.getFileStatus(OmMetadataReader.java:288) ~[ozone-manager-1.4.0-SNAPSHOT.jar:?]
	at org.apache.hadoop.ozone.om.OzoneManager.getFileStatus(OzoneManager.java:3491) ~[ozone-manager-1.4.0-SNAPSHOT.jar:?]
	at org.apache.hadoop.ozone.protocolPB.OzoneManagerRequestHandler.getOzoneFileStatus(OzoneManagerRequestHandler.java:934) ~[ozone-manager-1.4.0-SNAPSHOT.jar:?]
	at org.apache.hadoop.ozone.protocolPB.OzoneManagerRequestHandler.handleReadRequest(OzoneManagerRequestHandler.java:238) ~[ozone-manager-1.4.0-SNAPSHOT.jar:?]
	at org.apache.hadoop.ozone.protocolPB.OzoneManagerProtocolServerSideTranslatorPB.submitReadRequestToOM(OzoneManagerProtocolServerSideTranslatorPB.java:223) ~[ozone-manager-1.4.0-SNAPSHOT.jar:?]
	at org.apache.hadoop.ozone.protocolPB.OzoneManagerProtocolServerSideTranslatorPB.processRequest(OzoneManagerProtocolServerSideTranslatorPB.java:177) ~[ozone-manager-1.4.0-SNAPSHOT.jar:?]
	at org.apache.hadoop.hdds.server.OzoneProtocolMessageDispatcher.processRequest(OzoneProtocolMessageDispatcher.java:87) [hdds-server-framework-1.4.0-SNAPSHOT.jar:?]
	at org.apache.hadoop.ozone.protocolPB.OzoneManagerProtocolServerSideTranslatorPB.submitRequest(OzoneManagerProtocolServerSideTranslatorPB.java:147) [ozone-manager-1.4.0-SNAPSHOT.jar:?]
	at org.apache.hadoop.ozone.protocol.proto.OzoneManagerProtocolProtos$OzoneManagerService$2.callBlockingMethod(OzoneManagerProtocolProtos.java) [ozone-interface-client-1.4.0-SNAPSHOT.jar:?]
	at org.apache.hadoop.ipc.ProtobufRpcEngine$Server.processCall(ProtobufRpcEngine.java:484) [hadoop-common-3.3.5.jar:?]
	at org.apache.hadoop.ipc.ProtobufRpcEngine2$Server$ProtoBufRpcInvoker.call(ProtobufRpcEngine2.java:595) [hadoop-common-3.3.5.jar:?]
	at org.apache.hadoop.ipc.ProtobufRpcEngine2$Server$ProtoBufRpcInvoker.call(ProtobufRpcEngine2.java:573) [hadoop-common-3.3.5.jar:?]
	at org.apache.hadoop.ipc.RPC$Server.call(RPC.java:1213) [hadoop-common-3.3.5.jar:?]
	at org.apache.hadoop.ipc.Server$RpcCall.run(Server.java:1089) [hadoop-common-3.3.5.jar:?]
	at org.apache.hadoop.ipc.Server$RpcCall.run(Server.java:1012) [hadoop-common-3.3.5.jar:?]
	at java.security.AccessController.doPrivileged(Native Method) ~[?:1.8.0_362]
	at javax.security.auth.Subject.doAs(Subject.java:422) [?:1.8.0_362]
	at org.apache.hadoop.security.UserGroupInformation.doAs(UserGroupInformation.java:1899) [hadoop-common-3.3.5.jar:?]
	at org.apache.hadoop.ipc.Server$Handler.run(Server.java:3026) [hadoop-common-3.3.5.jar:?]
17:18:59.234 [IPC Server handler 11 on default port 45623] ERROR OMAudit - user=runner | ip=127.0.0.1 | op=GET_FILE_STATUS {volume=volume95537, bucket=bucket59866, key=gdir1/dir10/child, dataSize=0, replicationConfig=null} | ret=FAILURE
org.apache.hadoop.ozone.om.exceptions.OMException: Unable to get file status: volume: volume95537 bucket: bucket59866 key: gdir1/dir10/child
	at org.apache.hadoop.ozone.om.KeyManagerImpl.getOzoneFileStatus(KeyManagerImpl.java:1200) ~[ozone-manager-1.4.0-SNAPSHOT.jar:?]
	at org.apache.hadoop.ozone.om.KeyManagerImpl.getFileStatus(KeyManagerImpl.java:1118) ~[ozone-manager-1.4.0-SNAPSHOT.jar:?]
	at org.apache.hadoop.ozone.om.OmMetadataReader.getFileStatus(OmMetadataReader.java:288) ~[ozone-manager-1.4.0-SNAPSHOT.jar:?]
	at org.apache.hadoop.ozone.om.OzoneManager.getFileStatus(OzoneManager.java:3491) ~[ozone-manager-1.4.0-SNAPSHOT.jar:?]
	at org.apache.hadoop.ozone.protocolPB.OzoneManagerRequestHandler.getOzoneFileStatus(OzoneManagerRequestHandler.java:934) ~[ozone-manager-1.4.0-SNAPSHOT.jar:?]
	at org.apache.hadoop.ozone.protocolPB.OzoneManagerRequestHandler.handleReadRequest(OzoneManagerRequestHandler.java:238) ~[ozone-manager-1.4.0-SNAPSHOT.jar:?]
	at org.apache.hadoop.ozone.protocolPB.OzoneManagerProtocolServerSideTranslatorPB.submitReadRequestToOM(OzoneManagerProtocolServerSideTranslatorPB.java:223) ~[ozone-manager-1.4.0-SNAPSHOT.jar:?]
	at org.apache.hadoop.ozone.protocolPB.OzoneManagerProtocolServerSideTranslatorPB.processRequest(OzoneManagerProtocolServerSideTranslatorPB.java:177) ~[ozone-manager-1.4.0-SNAPSHOT.jar:?]
	at org.apache.hadoop.hdds.server.OzoneProtocolMessageDispatcher.processRequest(OzoneProtocolMessageDispatcher.java:87) [hdds-server-framework-1.4.0-SNAPSHOT.jar:?]
	at org.apache.hadoop.ozone.protocolPB.OzoneManagerProtocolServerSideTranslatorPB.submitRequest(OzoneManagerProtocolServerSideTranslatorPB.java:147) [ozone-manager-1.4.0-SNAPSHOT.jar:?]
	at org.apache.hadoop.ozone.protocol.proto.OzoneManagerProtocolProtos$OzoneManagerService$2.callBlockingMethod(OzoneManagerProtocolProtos.java) [ozone-interface-client-1.4.0-SNAPSHOT.jar:?]
	at org.apache.hadoop.ipc.ProtobufRpcEngine$Server.processCall(ProtobufRpcEngine.java:484) [hadoop-common-3.3.5.jar:?]
	at org.apache.hadoop.ipc.ProtobufRpcEngine2$Server$ProtoBufRpcInvoker.call(ProtobufRpcEngine2.java:595) [hadoop-common-3.3.5.jar:?]
	at org.apache.hadoop.ipc.ProtobufRpcEngine2$Server$ProtoBufRpcInvoker.call(ProtobufRpcEngine2.java:573) [hadoop-common-3.3.5.jar:?]
	at org.apache.hadoop.ipc.RPC$Server.call(RPC.java:1213) [hadoop-common-3.3.5.jar:?]
	at org.apache.hadoop.ipc.Server$RpcCall.run(Server.java:1089) [hadoop-common-3.3.5.jar:?]
	at org.apache.hadoop.ipc.Server$RpcCall.run(Server.java:1012) [hadoop-common-3.3.5.jar:?]
	at java.security.AccessController.doPrivileged(Native Method) ~[?:1.8.0_362]
	at javax.security.auth.Subject.doAs(Subject.java:422) [?:1.8.0_362]
	at org.apache.hadoop.security.UserGroupInformation.doAs(UserGroupInformation.java:1899) [hadoop-common-3.3.5.jar:?]
	at org.apache.hadoop.ipc.Server$Handler.run(Server.java:3026) [hadoop-common-3.3.5.jar:?]
2023-04-11 17:18:59,239 [OM StateMachine ApplyTransaction Thread - 0] INFO  key.OMKeyRequest (OMKeyRequest.java:wrapUncommittedBlocksAsPseudoKey(838)) - Detect allocated but uncommitted blocks [{blockID={containerID=1, localID=111677748019200024}, length=4194304, offset=0, token=null, pipeline=null, createVersion=0, partNumber=0}] in key level0/level1/file1.
2023-04-11 17:18:59,244 [OM StateMachine ApplyTransaction Thread - 0] INFO  key.OMKeyRequest (OMKeyRequest.java:wrapUncommittedBlocksAsPseudoKey(838)) - Detect allocated but uncommitted blocks [{blockID={containerID=4, localID=111677748019200025}, length=4194304, offset=0, token=null, pipeline=null, createVersion=0, partNumber=0}] in key level0/level1/level1/file1.
2023-04-11 17:18:59,249 [OM StateMachine ApplyTransaction Thread - 0] INFO  key.OMKeyRequest (OMKeyRequest.java:wrapUncommittedBlocksAsPseudoKey(838)) - Detect allocated but uncommitted blocks [{blockID={containerID=2, localID=111677748019200026}, length=4194304, offset=0, token=null, pipeline=null, createVersion=0, partNumber=0}] in key level0/level2/file1.
2023-04-11 17:18:59,254 [OM StateMachine ApplyTransaction Thread - 0] INFO  key.OMKeyRequest (OMKeyRequest.java:wrapUncommittedBlocksAsPseudoKey(838)) - Detect allocated but uncommitted blocks [{blockID={containerID=3, localID=111677748019200027}, length=4194304, offset=0, token=null, pipeline=null, createVersion=0, partNumber=0}] in key level0/level2/level2/file1.
2023-04-11 17:18:59,258 [OM StateMachine ApplyTransaction Thread - 0] INFO  key.OMKeyRequest (OMKeyRequest.java:wrapUncommittedBlocksAsPseudoKey(838)) - Detect allocated but uncommitted blocks [{blockID={containerID=4, localID=111677748019200028}, length=4194304, offset=0, token=null, pipeline=null, createVersion=0, partNumber=0}] in key level0/level3/file1.
2023-04-11 17:18:59,263 [OM StateMachine ApplyTransaction Thread - 0] INFO  key.OMKeyRequest (OMKeyRequest.java:wrapUncommittedBlocksAsPseudoKey(838)) - Detect allocated but uncommitted blocks [{blockID={containerID=2, localID=111677748019200029}, length=4194304, offset=0, token=null, pipeline=null, createVersion=0, partNumber=0}] in key level0/level3/level3/file1.
17:18:59.284 [IPC Server handler 15 on default port 45623] ERROR OMAudit - user=runner | ip=127.0.0.1 | op=GET_FILE_STATUS {volume=volume95537, bucket=bucket59866, key=level0, dataSize=0, replicationConfig=null} | ret=FAILURE
org.apache.hadoop.ozone.om.exceptions.OMException: Unable to get file status: volume: volume95537 bucket: bucket59866 key: level0
	at org.apache.hadoop.ozone.om.KeyManagerImpl.getOzoneFileStatus(KeyManagerImpl.java:1200) ~[ozone-manager-1.4.0-SNAPSHOT.jar:?]
	at org.apache.hadoop.ozone.om.KeyManagerImpl.getFileStatus(KeyManagerImpl.java:1118) ~[ozone-manager-1.4.0-SNAPSHOT.jar:?]
	at org.apache.hadoop.ozone.om.OmMetadataReader.getFileStatus(OmMetadataReader.java:288) ~[ozone-manager-1.4.0-SNAPSHOT.jar:?]
	at org.apache.hadoop.ozone.om.OzoneManager.getFileStatus(OzoneManager.java:3491) ~[ozone-manager-1.4.0-SNAPSHOT.jar:?]
	at org.apache.hadoop.ozone.protocolPB.OzoneManagerRequestHandler.getOzoneFileStatus(OzoneManagerRequestHandler.java:934) ~[ozone-manager-1.4.0-SNAPSHOT.jar:?]
	at org.apache.hadoop.ozone.protocolPB.OzoneManagerRequestHandler.handleReadRequest(OzoneManagerRequestHandler.java:238) ~[ozone-manager-1.4.0-SNAPSHOT.jar:?]
	at org.apache.hadoop.ozone.protocolPB.OzoneManagerProtocolServerSideTranslatorPB.submitReadRequestToOM(OzoneManagerProtocolServerSideTranslatorPB.java:223) ~[ozone-manager-1.4.0-SNAPSHOT.jar:?]
	at org.apache.hadoop.ozone.protocolPB.OzoneManagerProtocolServerSideTranslatorPB.processRequest(OzoneManagerProtocolServerSideTranslatorPB.java:177) ~[ozone-manager-1.4.0-SNAPSHOT.jar:?]
	at org.apache.hadoop.hdds.server.OzoneProtocolMessageDispatcher.processRequest(OzoneProtocolMessageDispatcher.java:87) [hdds-server-framework-1.4.0-SNAPSHOT.jar:?]
	at org.apache.hadoop.ozone.protocolPB.OzoneManagerProtocolServerSideTranslatorPB.submitRequest(OzoneManagerProtocolServerSideTranslatorPB.java:147) [ozone-manager-1.4.0-SNAPSHOT.jar:?]
	at org.apache.hadoop.ozone.protocol.proto.OzoneManagerProtocolProtos$OzoneManagerService$2.callBlockingMethod(OzoneManagerProtocolProtos.java) [ozone-interface-client-1.4.0-SNAPSHOT.jar:?]
	at org.apache.hadoop.ipc.ProtobufRpcEngine$Server.processCall(ProtobufRpcEngine.java:484) [hadoop-common-3.3.5.jar:?]
	at org.apache.hadoop.ipc.ProtobufRpcEngine2$Server$ProtoBufRpcInvoker.call(ProtobufRpcEngine2.java:595) [hadoop-common-3.3.5.jar:?]
	at org.apache.hadoop.ipc.ProtobufRpcEngine2$Server$ProtoBufRpcInvoker.call(ProtobufRpcEngine2.java:573) [hadoop-common-3.3.5.jar:?]
	at org.apache.hadoop.ipc.RPC$Server.call(RPC.java:1213) [hadoop-common-3.3.5.jar:?]
	at org.apache.hadoop.ipc.Server$RpcCall.run(Server.java:1089) [hadoop-common-3.3.5.jar:?]
	at org.apache.hadoop.ipc.Server$RpcCall.run(Server.java:1012) [hadoop-common-3.3.5.jar:?]
	at java.security.AccessController.doPrivileged(Native Method) ~[?:1.8.0_362]
	at javax.security.auth.Subject.doAs(Subject.java:422) [?:1.8.0_362]
	at org.apache.hadoop.security.UserGroupInformation.doAs(UserGroupInformation.java:1899) [hadoop-common-3.3.5.jar:?]
	at org.apache.hadoop.ipc.Server$Handler.run(Server.java:3026) [hadoop-common-3.3.5.jar:?]
17:18:59.285 [IPC Server handler 16 on default port 45623] ERROR OMAudit - user=runner | ip=127.0.0.1 | op=GET_FILE_STATUS {volume=volume95537, bucket=bucket59866, key=level0/level1, dataSize=0, replicationConfig=null} | ret=FAILURE
org.apache.hadoop.ozone.om.exceptions.OMException: Unable to get file status: volume: volume95537 bucket: bucket59866 key: level0/level1
	at org.apache.hadoop.ozone.om.KeyManagerImpl.getOzoneFileStatus(KeyManagerImpl.java:1200) ~[ozone-manager-1.4.0-SNAPSHOT.jar:?]
	at org.apache.hadoop.ozone.om.KeyManagerImpl.getFileStatus(KeyManagerImpl.java:1118) ~[ozone-manager-1.4.0-SNAPSHOT.jar:?]
	at org.apache.hadoop.ozone.om.OmMetadataReader.getFileStatus(OmMetadataReader.java:288) ~[ozone-manager-1.4.0-SNAPSHOT.jar:?]
	at org.apache.hadoop.ozone.om.OzoneManager.getFileStatus(OzoneManager.java:3491) ~[ozone-manager-1.4.0-SNAPSHOT.jar:?]
	at org.apache.hadoop.ozone.protocolPB.OzoneManagerRequestHandler.getOzoneFileStatus(OzoneManagerRequestHandler.java:934) ~[ozone-manager-1.4.0-SNAPSHOT.jar:?]
	at org.apache.hadoop.ozone.protocolPB.OzoneManagerRequestHandler.handleReadRequest(OzoneManagerRequestHandler.java:238) ~[ozone-manager-1.4.0-SNAPSHOT.jar:?]
	at org.apache.hadoop.ozone.protocolPB.OzoneManagerProtocolServerSideTranslatorPB.submitReadRequestToOM(OzoneManagerProtocolServerSideTranslatorPB.java:223) ~[ozone-manager-1.4.0-SNAPSHOT.jar:?]
	at org.apache.hadoop.ozone.protocolPB.OzoneManagerProtocolServerSideTranslatorPB.processRequest(OzoneManagerProtocolServerSideTranslatorPB.java:177) ~[ozone-manager-1.4.0-SNAPSHOT.jar:?]
	at org.apache.hadoop.hdds.server.OzoneProtocolMessageDispatcher.processRequest(OzoneProtocolMessageDispatcher.java:87) [hdds-server-framework-1.4.0-SNAPSHOT.jar:?]
	at org.apache.hadoop.ozone.protocolPB.OzoneManagerProtocolServerSideTranslatorPB.submitRequest(OzoneManagerProtocolServerSideTranslatorPB.java:147) [ozone-manager-1.4.0-SNAPSHOT.jar:?]
	at org.apache.hadoop.ozone.protocol.proto.OzoneManagerProtocolProtos$OzoneManagerService$2.callBlockingMethod(OzoneManagerProtocolProtos.java) [ozone-interface-client-1.4.0-SNAPSHOT.jar:?]
	at org.apache.hadoop.ipc.ProtobufRpcEngine$Server.processCall(ProtobufRpcEngine.java:484) [hadoop-common-3.3.5.jar:?]
	at org.apache.hadoop.ipc.ProtobufRpcEngine2$Server$ProtoBufRpcInvoker.call(ProtobufRpcEngine2.java:595) [hadoop-common-3.3.5.jar:?]
	at org.apache.hadoop.ipc.ProtobufRpcEngine2$Server$ProtoBufRpcInvoker.call(ProtobufRpcEngine2.java:573) [hadoop-common-3.3.5.jar:?]
	at org.apache.hadoop.ipc.RPC$Server.call(RPC.java:1213) [hadoop-common-3.3.5.jar:?]
	at org.apache.hadoop.ipc.Server$RpcCall.run(Server.java:1089) [hadoop-common-3.3.5.jar:?]
	at org.apache.hadoop.ipc.Server$RpcCall.run(Server.java:1012) [hadoop-common-3.3.5.jar:?]
	at java.security.AccessController.doPrivileged(Native Method) ~[?:1.8.0_362]
	at javax.security.auth.Subject.doAs(Subject.java:422) [?:1.8.0_362]
	at org.apache.hadoop.security.UserGroupInformation.doAs(UserGroupInformation.java:1899) [hadoop-common-3.3.5.jar:?]
	at org.apache.hadoop.ipc.Server$Handler.run(Server.java:3026) [hadoop-common-3.3.5.jar:?]
17:18:59.286 [IPC Server handler 14 on default port 45623] ERROR OMAudit - user=runner | ip=127.0.0.1 | op=GET_FILE_STATUS {volume=volume95537, bucket=bucket59866, key=level0/level1/level1, dataSize=0, replicationConfig=null} | ret=FAILURE
org.apache.hadoop.ozone.om.exceptions.OMException: Unable to get file status: volume: volume95537 bucket: bucket59866 key: level0/level1/level1
	at org.apache.hadoop.ozone.om.KeyManagerImpl.getOzoneFileStatus(KeyManagerImpl.java:1200) ~[ozone-manager-1.4.0-SNAPSHOT.jar:?]
	at org.apache.hadoop.ozone.om.KeyManagerImpl.getFileStatus(KeyManagerImpl.java:1118) ~[ozone-manager-1.4.0-SNAPSHOT.jar:?]
	at org.apache.hadoop.ozone.om.OmMetadataReader.getFileStatus(OmMetadataReader.java:288) ~[ozone-manager-1.4.0-SNAPSHOT.jar:?]
	at org.apache.hadoop.ozone.om.OzoneManager.getFileStatus(OzoneManager.java:3491) ~[ozone-manager-1.4.0-SNAPSHOT.jar:?]
	at org.apache.hadoop.ozone.protocolPB.OzoneManagerRequestHandler.getOzoneFileStatus(OzoneManagerRequestHandler.java:934) ~[ozone-manager-1.4.0-SNAPSHOT.jar:?]
	at org.apache.hadoop.ozone.protocolPB.OzoneManagerRequestHandler.handleReadRequest(OzoneManagerRequestHandler.java:238) ~[ozone-manager-1.4.0-SNAPSHOT.jar:?]
	at org.apache.hadoop.ozone.protocolPB.OzoneManagerProtocolServerSideTranslatorPB.submitReadRequestToOM(OzoneManagerProtocolServerSideTranslatorPB.java:223) ~[ozone-manager-1.4.0-SNAPSHOT.jar:?]
	at org.apache.hadoop.ozone.protocolPB.OzoneManagerProtocolServerSideTranslatorPB.processRequest(OzoneManagerProtocolServerSideTranslatorPB.java:177) ~[ozone-manager-1.4.0-SNAPSHOT.jar:?]
	at org.apache.hadoop.hdds.server.OzoneProtocolMessageDispatcher.processRequest(OzoneProtocolMessageDispatcher.java:87) [hdds-server-framework-1.4.0-SNAPSHOT.jar:?]
	at org.apache.hadoop.ozone.protocolPB.OzoneManagerProtocolServerSideTranslatorPB.submitRequest(OzoneManagerProtocolServerSideTranslatorPB.java:147) [ozone-manager-1.4.0-SNAPSHOT.jar:?]
	at org.apache.hadoop.ozone.protocol.proto.OzoneManagerProtocolProtos$OzoneManagerService$2.callBlockingMethod(OzoneManagerProtocolProtos.java) [ozone-interface-client-1.4.0-SNAPSHOT.jar:?]
	at org.apache.hadoop.ipc.ProtobufRpcEngine$Server.processCall(ProtobufRpcEngine.java:484) [hadoop-common-3.3.5.jar:?]
	at org.apache.hadoop.ipc.ProtobufRpcEngine2$Server$ProtoBufRpcInvoker.call(ProtobufRpcEngine2.java:595) [hadoop-common-3.3.5.jar:?]
	at org.apache.hadoop.ipc.ProtobufRpcEngine2$Server$ProtoBufRpcInvoker.call(ProtobufRpcEngine2.java:573) [hadoop-common-3.3.5.jar:?]
	at org.apache.hadoop.ipc.RPC$Server.call(RPC.java:1213) [hadoop-common-3.3.5.jar:?]
	at org.apache.hadoop.ipc.Server$RpcCall.run(Server.java:1089) [hadoop-common-3.3.5.jar:?]
	at org.apache.hadoop.ipc.Server$RpcCall.run(Server.java:1012) [hadoop-common-3.3.5.jar:?]
	at java.security.AccessController.doPrivileged(Native Method) ~[?:1.8.0_362]
	at javax.security.auth.Subject.doAs(Subject.java:422) [?:1.8.0_362]
	at org.apache.hadoop.security.UserGroupInformation.doAs(UserGroupInformation.java:1899) [hadoop-common-3.3.5.jar:?]
	at org.apache.hadoop.ipc.Server$Handler.run(Server.java:3026) [hadoop-common-3.3.5.jar:?]
17:18:59.287 [IPC Server handler 12 on default port 45623] ERROR OMAudit - user=runner | ip=127.0.0.1 | op=GET_FILE_STATUS {volume=volume95537, bucket=bucket59866, key=level0/level1/file1, dataSize=0, replicationConfig=null} | ret=FAILURE
org.apache.hadoop.ozone.om.exceptions.OMException: Unable to get file status: volume: volume95537 bucket: bucket59866 key: level0/level1/file1
	at org.apache.hadoop.ozone.om.KeyManagerImpl.getOzoneFileStatus(KeyManagerImpl.java:1200) ~[ozone-manager-1.4.0-SNAPSHOT.jar:?]
	at org.apache.hadoop.ozone.om.KeyManagerImpl.getFileStatus(KeyManagerImpl.java:1118) ~[ozone-manager-1.4.0-SNAPSHOT.jar:?]
	at org.apache.hadoop.ozone.om.OmMetadataReader.getFileStatus(OmMetadataReader.java:288) ~[ozone-manager-1.4.0-SNAPSHOT.jar:?]
	at org.apache.hadoop.ozone.om.OzoneManager.getFileStatus(OzoneManager.java:3491) ~[ozone-manager-1.4.0-SNAPSHOT.jar:?]
	at org.apache.hadoop.ozone.protocolPB.OzoneManagerRequestHandler.getOzoneFileStatus(OzoneManagerRequestHandler.java:934) ~[ozone-manager-1.4.0-SNAPSHOT.jar:?]
	at org.apache.hadoop.ozone.protocolPB.OzoneManagerRequestHandler.handleReadRequest(OzoneManagerRequestHandler.java:238) ~[ozone-manager-1.4.0-SNAPSHOT.jar:?]
	at org.apache.hadoop.ozone.protocolPB.OzoneManagerProtocolServerSideTranslatorPB.submitReadRequestToOM(OzoneManagerProtocolServerSideTranslatorPB.java:223) ~[ozone-manager-1.4.0-SNAPSHOT.jar:?]
	at org.apache.hadoop.ozone.protocolPB.OzoneManagerProtocolServerSideTranslatorPB.processRequest(OzoneManagerProtocolServerSideTranslatorPB.java:177) ~[ozone-manager-1.4.0-SNAPSHOT.jar:?]
	at org.apache.hadoop.hdds.server.OzoneProtocolMessageDispatcher.processRequest(OzoneProtocolMessageDispatcher.java:87) [hdds-server-framework-1.4.0-SNAPSHOT.jar:?]
	at org.apache.hadoop.ozone.protocolPB.OzoneManagerProtocolServerSideTranslatorPB.submitRequest(OzoneManagerProtocolServerSideTranslatorPB.java:147) [ozone-manager-1.4.0-SNAPSHOT.jar:?]
	at org.apache.hadoop.ozone.protocol.proto.OzoneManagerProtocolProtos$OzoneManagerService$2.callBlockingMethod(OzoneManagerProtocolProtos.java) [ozone-interface-client-1.4.0-SNAPSHOT.jar:?]
	at org.apache.hadoop.ipc.ProtobufRpcEngine$Server.processCall(ProtobufRpcEngine.java:484) [hadoop-common-3.3.5.jar:?]
	at org.apache.hadoop.ipc.ProtobufRpcEngine2$Server$ProtoBufRpcInvoker.call(ProtobufRpcEngine2.java:595) [hadoop-common-3.3.5.jar:?]
	at org.apache.hadoop.ipc.ProtobufRpcEngine2$Server$ProtoBufRpcInvoker.call(ProtobufRpcEngine2.java:573) [hadoop-common-3.3.5.jar:?]
	at org.apache.hadoop.ipc.RPC$Server.call(RPC.java:1213) [hadoop-common-3.3.5.jar:?]
	at org.apache.hadoop.ipc.Server$RpcCall.run(Server.java:1089) [hadoop-common-3.3.5.jar:?]
	at org.apache.hadoop.ipc.Server$RpcCall.run(Server.java:1012) [hadoop-common-3.3.5.jar:?]
	at java.security.AccessController.doPrivileged(Native Method) ~[?:1.8.0_362]
	at javax.security.auth.Subject.doAs(Subject.java:422) [?:1.8.0_362]
	at org.apache.hadoop.security.UserGroupInformation.doAs(UserGroupInformation.java:1899) [hadoop-common-3.3.5.jar:?]
	at org.apache.hadoop.ipc.Server$Handler.run(Server.java:3026) [hadoop-common-3.3.5.jar:?]
17:18:59.287 [IPC Server handler 8 on default port 45623] ERROR OMAudit - user=runner | ip=127.0.0.1 | op=GET_FILE_STATUS {volume=volume95537, bucket=bucket59866, key=level0/level1/level1/file1, dataSize=0, replicationConfig=null} | ret=FAILURE
org.apache.hadoop.ozone.om.exceptions.OMException: Unable to get file status: volume: volume95537 bucket: bucket59866 key: level0/level1/level1/file1
	at org.apache.hadoop.ozone.om.KeyManagerImpl.getOzoneFileStatus(KeyManagerImpl.java:1200) ~[ozone-manager-1.4.0-SNAPSHOT.jar:?]
	at org.apache.hadoop.ozone.om.KeyManagerImpl.getFileStatus(KeyManagerImpl.java:1118) ~[ozone-manager-1.4.0-SNAPSHOT.jar:?]
	at org.apache.hadoop.ozone.om.OmMetadataReader.getFileStatus(OmMetadataReader.java:288) ~[ozone-manager-1.4.0-SNAPSHOT.jar:?]
	at org.apache.hadoop.ozone.om.OzoneManager.getFileStatus(OzoneManager.java:3491) ~[ozone-manager-1.4.0-SNAPSHOT.jar:?]
	at org.apache.hadoop.ozone.protocolPB.OzoneManagerRequestHandler.getOzoneFileStatus(OzoneManagerRequestHandler.java:934) ~[ozone-manager-1.4.0-SNAPSHOT.jar:?]
	at org.apache.hadoop.ozone.protocolPB.OzoneManagerRequestHandler.handleReadRequest(OzoneManagerRequestHandler.java:238) ~[ozone-manager-1.4.0-SNAPSHOT.jar:?]
	at org.apache.hadoop.ozone.protocolPB.OzoneManagerProtocolServerSideTranslatorPB.submitReadRequestToOM(OzoneManagerProtocolServerSideTranslatorPB.java:223) ~[ozone-manager-1.4.0-SNAPSHOT.jar:?]
	at org.apache.hadoop.ozone.protocolPB.OzoneManagerProtocolServerSideTranslatorPB.processRequest(OzoneManagerProtocolServerSideTranslatorPB.java:177) ~[ozone-manager-1.4.0-SNAPSHOT.jar:?]
	at org.apache.hadoop.hdds.server.OzoneProtocolMessageDispatcher.processRequest(OzoneProtocolMessageDispatcher.java:87) [hdds-server-framework-1.4.0-SNAPSHOT.jar:?]
	at org.apache.hadoop.ozone.protocolPB.OzoneManagerProtocolServerSideTranslatorPB.submitRequest(OzoneManagerProtocolServerSideTranslatorPB.java:147) [ozone-manager-1.4.0-SNAPSHOT.jar:?]
	at org.apache.hadoop.ozone.protocol.proto.OzoneManagerProtocolProtos$OzoneManagerService$2.callBlockingMethod(OzoneManagerProtocolProtos.java) [ozone-interface-client-1.4.0-SNAPSHOT.jar:?]
	at org.apache.hadoop.ipc.ProtobufRpcEngine$Server.processCall(ProtobufRpcEngine.java:484) [hadoop-common-3.3.5.jar:?]
	at org.apache.hadoop.ipc.ProtobufRpcEngine2$Server$ProtoBufRpcInvoker.call(ProtobufRpcEngine2.java:595) [hadoop-common-3.3.5.jar:?]
	at org.apache.hadoop.ipc.ProtobufRpcEngine2$Server$ProtoBufRpcInvoker.call(ProtobufRpcEngine2.java:573) [hadoop-common-3.3.5.jar:?]
	at org.apache.hadoop.ipc.RPC$Server.call(RPC.java:1213) [hadoop-common-3.3.5.jar:?]
	at org.apache.hadoop.ipc.Server$RpcCall.run(Server.java:1089) [hadoop-common-3.3.5.jar:?]
	at org.apache.hadoop.ipc.Server$RpcCall.run(Server.java:1012) [hadoop-common-3.3.5.jar:?]
	at java.security.AccessController.doPrivileged(Native Method) ~[?:1.8.0_362]
	at javax.security.auth.Subject.doAs(Subject.java:422) [?:1.8.0_362]
	at org.apache.hadoop.security.UserGroupInformation.doAs(UserGroupInformation.java:1899) [hadoop-common-3.3.5.jar:?]
	at org.apache.hadoop.ipc.Server$Handler.run(Server.java:3026) [hadoop-common-3.3.5.jar:?]
17:18:59.288 [IPC Server handler 19 on default port 45623] ERROR OMAudit - user=runner | ip=127.0.0.1 | op=GET_FILE_STATUS {volume=volume95537, bucket=bucket59866, key=level0/level2, dataSize=0, replicationConfig=null} | ret=FAILURE
org.apache.hadoop.ozone.om.exceptions.OMException: Unable to get file status: volume: volume95537 bucket: bucket59866 key: level0/level2
	at org.apache.hadoop.ozone.om.KeyManagerImpl.getOzoneFileStatus(KeyManagerImpl.java:1200) ~[ozone-manager-1.4.0-SNAPSHOT.jar:?]
	at org.apache.hadoop.ozone.om.KeyManagerImpl.getFileStatus(KeyManagerImpl.java:1118) ~[ozone-manager-1.4.0-SNAPSHOT.jar:?]
	at org.apache.hadoop.ozone.om.OmMetadataReader.getFileStatus(OmMetadataReader.java:288) ~[ozone-manager-1.4.0-SNAPSHOT.jar:?]
	at org.apache.hadoop.ozone.om.OzoneManager.getFileStatus(OzoneManager.java:3491) ~[ozone-manager-1.4.0-SNAPSHOT.jar:?]
	at org.apache.hadoop.ozone.protocolPB.OzoneManagerRequestHandler.getOzoneFileStatus(OzoneManagerRequestHandler.java:934) ~[ozone-manager-1.4.0-SNAPSHOT.jar:?]
	at org.apache.hadoop.ozone.protocolPB.OzoneManagerRequestHandler.handleReadRequest(OzoneManagerRequestHandler.java:238) ~[ozone-manager-1.4.0-SNAPSHOT.jar:?]
	at org.apache.hadoop.ozone.protocolPB.OzoneManagerProtocolServerSideTranslatorPB.submitReadRequestToOM(OzoneManagerProtocolServerSideTranslatorPB.java:223) ~[ozone-manager-1.4.0-SNAPSHOT.jar:?]
	at org.apache.hadoop.ozone.protocolPB.OzoneManagerProtocolServerSideTranslatorPB.processRequest(OzoneManagerProtocolServerSideTranslatorPB.java:177) ~[ozone-manager-1.4.0-SNAPSHOT.jar:?]
	at org.apache.hadoop.hdds.server.OzoneProtocolMessageDispatcher.processRequest(OzoneProtocolMessageDispatcher.java:87) [hdds-server-framework-1.4.0-SNAPSHOT.jar:?]
	at org.apache.hadoop.ozone.protocolPB.OzoneManagerProtocolServerSideTranslatorPB.submitRequest(OzoneManagerProtocolServerSideTranslatorPB.java:147) [ozone-manager-1.4.0-SNAPSHOT.jar:?]
	at org.apache.hadoop.ozone.protocol.proto.OzoneManagerProtocolProtos$OzoneManagerService$2.callBlockingMethod(OzoneManagerProtocolProtos.java) [ozone-interface-client-1.4.0-SNAPSHOT.jar:?]
	at org.apache.hadoop.ipc.ProtobufRpcEngine$Server.processCall(ProtobufRpcEngine.java:484) [hadoop-common-3.3.5.jar:?]
	at org.apache.hadoop.ipc.ProtobufRpcEngine2$Server$ProtoBufRpcInvoker.call(ProtobufRpcEngine2.java:595) [hadoop-common-3.3.5.jar:?]
	at org.apache.hadoop.ipc.ProtobufRpcEngine2$Server$ProtoBufRpcInvoker.call(ProtobufRpcEngine2.java:573) [hadoop-common-3.3.5.jar:?]
	at org.apache.hadoop.ipc.RPC$Server.call(RPC.java:1213) [hadoop-common-3.3.5.jar:?]
	at org.apache.hadoop.ipc.Server$RpcCall.run(Server.java:1089) [hadoop-common-3.3.5.jar:?]
	at org.apache.hadoop.ipc.Server$RpcCall.run(Server.java:1012) [hadoop-common-3.3.5.jar:?]
	at java.security.AccessController.doPrivileged(Native Method) ~[?:1.8.0_362]
	at javax.security.auth.Subject.doAs(Subject.java:422) [?:1.8.0_362]
	at org.apache.hadoop.security.UserGroupInformation.doAs(UserGroupInformation.java:1899) [hadoop-common-3.3.5.jar:?]
	at org.apache.hadoop.ipc.Server$Handler.run(Server.java:3026) [hadoop-common-3.3.5.jar:?]
17:18:59.289 [IPC Server handler 11 on default port 45623] ERROR OMAudit - user=runner | ip=127.0.0.1 | op=GET_FILE_STATUS {volume=volume95537, bucket=bucket59866, key=level0/level2/level2, dataSize=0, replicationConfig=null} | ret=FAILURE
org.apache.hadoop.ozone.om.exceptions.OMException: Unable to get file status: volume: volume95537 bucket: bucket59866 key: level0/level2/level2
	at org.apache.hadoop.ozone.om.KeyManagerImpl.getOzoneFileStatus(KeyManagerImpl.java:1200) ~[ozone-manager-1.4.0-SNAPSHOT.jar:?]
	at org.apache.hadoop.ozone.om.KeyManagerImpl.getFileStatus(KeyManagerImpl.java:1118) ~[ozone-manager-1.4.0-SNAPSHOT.jar:?]
	at org.apache.hadoop.ozone.om.OmMetadataReader.getFileStatus(OmMetadataReader.java:288) ~[ozone-manager-1.4.0-SNAPSHOT.jar:?]
	at org.apache.hadoop.ozone.om.OzoneManager.getFileStatus(OzoneManager.java:3491) ~[ozone-manager-1.4.0-SNAPSHOT.jar:?]
	at org.apache.hadoop.ozone.protocolPB.OzoneManagerRequestHandler.getOzoneFileStatus(OzoneManagerRequestHandler.java:934) ~[ozone-manager-1.4.0-SNAPSHOT.jar:?]
	at org.apache.hadoop.ozone.protocolPB.OzoneManagerRequestHandler.handleReadRequest(OzoneManagerRequestHandler.java:238) ~[ozone-manager-1.4.0-SNAPSHOT.jar:?]
	at org.apache.hadoop.ozone.protocolPB.OzoneManagerProtocolServerSideTranslatorPB.submitReadRequestToOM(OzoneManagerProtocolServerSideTranslatorPB.java:223) ~[ozone-manager-1.4.0-SNAPSHOT.jar:?]
	at org.apache.hadoop.ozone.protocolPB.OzoneManagerProtocolServerSideTranslatorPB.processRequest(OzoneManagerProtocolServerSideTranslatorPB.java:177) ~[ozone-manager-1.4.0-SNAPSHOT.jar:?]
	at org.apache.hadoop.hdds.server.OzoneProtocolMessageDispatcher.processRequest(OzoneProtocolMessageDispatcher.java:87) [hdds-server-framework-1.4.0-SNAPSHOT.jar:?]
	at org.apache.hadoop.ozone.protocolPB.OzoneManagerProtocolServerSideTranslatorPB.submitRequest(OzoneManagerProtocolServerSideTranslatorPB.java:147) [ozone-manager-1.4.0-SNAPSHOT.jar:?]
	at org.apache.hadoop.ozone.protocol.proto.OzoneManagerProtocolProtos$OzoneManagerService$2.callBlockingMethod(OzoneManagerProtocolProtos.java) [ozone-interface-client-1.4.0-SNAPSHOT.jar:?]
	at org.apache.hadoop.ipc.ProtobufRpcEngine$Server.processCall(ProtobufRpcEngine.java:484) [hadoop-common-3.3.5.jar:?]
	at org.apache.hadoop.ipc.ProtobufRpcEngine2$Server$ProtoBufRpcInvoker.call(ProtobufRpcEngine2.java:595) [hadoop-common-3.3.5.jar:?]
	at org.apache.hadoop.ipc.ProtobufRpcEngine2$Server$ProtoBufRpcInvoker.call(ProtobufRpcEngine2.java:573) [hadoop-common-3.3.5.jar:?]
	at org.apache.hadoop.ipc.RPC$Server.call(RPC.java:1213) [hadoop-common-3.3.5.jar:?]
	at org.apache.hadoop.ipc.Server$RpcCall.run(Server.java:1089) [hadoop-common-3.3.5.jar:?]
	at org.apache.hadoop.ipc.Server$RpcCall.run(Server.java:1012) [hadoop-common-3.3.5.jar:?]
	at java.security.AccessController.doPrivileged(Native Method) ~[?:1.8.0_362]
	at javax.security.auth.Subject.doAs(Subject.java:422) [?:1.8.0_362]
	at org.apache.hadoop.security.UserGroupInformation.doAs(UserGroupInformation.java:1899) [hadoop-common-3.3.5.jar:?]
	at org.apache.hadoop.ipc.Server$Handler.run(Server.java:3026) [hadoop-common-3.3.5.jar:?]
17:18:59.290 [IPC Server handler 13 on default port 45623] ERROR OMAudit - user=runner | ip=127.0.0.1 | op=GET_FILE_STATUS {volume=volume95537, bucket=bucket59866, key=level0/level2/file1, dataSize=0, replicationConfig=null} | ret=FAILURE
org.apache.hadoop.ozone.om.exceptions.OMException: Unable to get file status: volume: volume95537 bucket: bucket59866 key: level0/level2/file1
	at org.apache.hadoop.ozone.om.KeyManagerImpl.getOzoneFileStatus(KeyManagerImpl.java:1200) ~[ozone-manager-1.4.0-SNAPSHOT.jar:?]
	at org.apache.hadoop.ozone.om.KeyManagerImpl.getFileStatus(KeyManagerImpl.java:1118) ~[ozone-manager-1.4.0-SNAPSHOT.jar:?]
	at org.apache.hadoop.ozone.om.OmMetadataReader.getFileStatus(OmMetadataReader.java:288) ~[ozone-manager-1.4.0-SNAPSHOT.jar:?]
	at org.apache.hadoop.ozone.om.OzoneManager.getFileStatus(OzoneManager.java:3491) ~[ozone-manager-1.4.0-SNAPSHOT.jar:?]
	at org.apache.hadoop.ozone.protocolPB.OzoneManagerRequestHandler.getOzoneFileStatus(OzoneManagerRequestHandler.java:934) ~[ozone-manager-1.4.0-SNAPSHOT.jar:?]
	at org.apache.hadoop.ozone.protocolPB.OzoneManagerRequestHandler.handleReadRequest(OzoneManagerRequestHandler.java:238) ~[ozone-manager-1.4.0-SNAPSHOT.jar:?]
	at org.apache.hadoop.ozone.protocolPB.OzoneManagerProtocolServerSideTranslatorPB.submitReadRequestToOM(OzoneManagerProtocolServerSideTranslatorPB.java:223) ~[ozone-manager-1.4.0-SNAPSHOT.jar:?]
	at org.apache.hadoop.ozone.protocolPB.OzoneManagerProtocolServerSideTranslatorPB.processRequest(OzoneManagerProtocolServerSideTranslatorPB.java:177) ~[ozone-manager-1.4.0-SNAPSHOT.jar:?]
	at org.apache.hadoop.hdds.server.OzoneProtocolMessageDispatcher.processRequest(OzoneProtocolMessageDispatcher.java:87) [hdds-server-framework-1.4.0-SNAPSHOT.jar:?]
	at org.apache.hadoop.ozone.protocolPB.OzoneManagerProtocolServerSideTranslatorPB.submitRequest(OzoneManagerProtocolServerSideTranslatorPB.java:147) [ozone-manager-1.4.0-SNAPSHOT.jar:?]
	at org.apache.hadoop.ozone.protocol.proto.OzoneManagerProtocolProtos$OzoneManagerService$2.callBlockingMethod(OzoneManagerProtocolProtos.java) [ozone-interface-client-1.4.0-SNAPSHOT.jar:?]
	at org.apache.hadoop.ipc.ProtobufRpcEngine$Server.processCall(ProtobufRpcEngine.java:484) [hadoop-common-3.3.5.jar:?]
	at org.apache.hadoop.ipc.ProtobufRpcEngine2$Server$ProtoBufRpcInvoker.call(ProtobufRpcEngine2.java:595) [hadoop-common-3.3.5.jar:?]
	at org.apache.hadoop.ipc.ProtobufRpcEngine2$Server$ProtoBufRpcInvoker.call(ProtobufRpcEngine2.java:573) [hadoop-common-3.3.5.jar:?]
	at org.apache.hadoop.ipc.RPC$Server.call(RPC.java:1213) [hadoop-common-3.3.5.jar:?]
	at org.apache.hadoop.ipc.Server$RpcCall.run(Server.java:1089) [hadoop-common-3.3.5.jar:?]
	at org.apache.hadoop.ipc.Server$RpcCall.run(Server.java:1012) [hadoop-common-3.3.5.jar:?]
	at java.security.AccessController.doPrivileged(Native Method) ~[?:1.8.0_362]
	at javax.security.auth.Subject.doAs(Subject.java:422) [?:1.8.0_362]
	at org.apache.hadoop.security.UserGroupInformation.doAs(UserGroupInformation.java:1899) [hadoop-common-3.3.5.jar:?]
	at org.apache.hadoop.ipc.Server$Handler.run(Server.java:3026) [hadoop-common-3.3.5.jar:?]
17:18:59.292 [IPC Server handler 10 on default port 45623] ERROR OMAudit - user=runner | ip=127.0.0.1 | op=GET_FILE_STATUS {volume=volume95537, bucket=bucket59866, key=level0/level2/level2/file1, dataSize=0, replicationConfig=null} | ret=FAILURE
org.apache.hadoop.ozone.om.exceptions.OMException: Unable to get file status: volume: volume95537 bucket: bucket59866 key: level0/level2/level2/file1
	at org.apache.hadoop.ozone.om.KeyManagerImpl.getOzoneFileStatus(KeyManagerImpl.java:1200) ~[ozone-manager-1.4.0-SNAPSHOT.jar:?]
	at org.apache.hadoop.ozone.om.KeyManagerImpl.getFileStatus(KeyManagerImpl.java:1118) ~[ozone-manager-1.4.0-SNAPSHOT.jar:?]
	at org.apache.hadoop.ozone.om.OmMetadataReader.getFileStatus(OmMetadataReader.java:288) ~[ozone-manager-1.4.0-SNAPSHOT.jar:?]
	at org.apache.hadoop.ozone.om.OzoneManager.getFileStatus(OzoneManager.java:3491) ~[ozone-manager-1.4.0-SNAPSHOT.jar:?]
	at org.apache.hadoop.ozone.protocolPB.OzoneManagerRequestHandler.getOzoneFileStatus(OzoneManagerRequestHandler.java:934) ~[ozone-manager-1.4.0-SNAPSHOT.jar:?]
	at org.apache.hadoop.ozone.protocolPB.OzoneManagerRequestHandler.handleReadRequest(OzoneManagerRequestHandler.java:238) ~[ozone-manager-1.4.0-SNAPSHOT.jar:?]
	at org.apache.hadoop.ozone.protocolPB.OzoneManagerProtocolServerSideTranslatorPB.submitReadRequestToOM(OzoneManagerProtocolServerSideTranslatorPB.java:223) ~[ozone-manager-1.4.0-SNAPSHOT.jar:?]
	at org.apache.hadoop.ozone.protocolPB.OzoneManagerProtocolServerSideTranslatorPB.processRequest(OzoneManagerProtocolServerSideTranslatorPB.java:177) ~[ozone-manager-1.4.0-SNAPSHOT.jar:?]
	at org.apache.hadoop.hdds.server.OzoneProtocolMessageDispatcher.processRequest(OzoneProtocolMessageDispatcher.java:87) [hdds-server-framework-1.4.0-SNAPSHOT.jar:?]
	at org.apache.hadoop.ozone.protocolPB.OzoneManagerProtocolServerSideTranslatorPB.submitRequest(OzoneManagerProtocolServerSideTranslatorPB.java:147) [ozone-manager-1.4.0-SNAPSHOT.jar:?]
	at org.apache.hadoop.ozone.protocol.proto.OzoneManagerProtocolProtos$OzoneManagerService$2.callBlockingMethod(OzoneManagerProtocolProtos.java) [ozone-interface-client-1.4.0-SNAPSHOT.jar:?]
	at org.apache.hadoop.ipc.ProtobufRpcEngine$Server.processCall(ProtobufRpcEngine.java:484) [hadoop-common-3.3.5.jar:?]
	at org.apache.hadoop.ipc.ProtobufRpcEngine2$Server$ProtoBufRpcInvoker.call(ProtobufRpcEngine2.java:595) [hadoop-common-3.3.5.jar:?]
	at org.apache.hadoop.ipc.ProtobufRpcEngine2$Server$ProtoBufRpcInvoker.call(ProtobufRpcEngine2.java:573) [hadoop-common-3.3.5.jar:?]
	at org.apache.hadoop.ipc.RPC$Server.call(RPC.java:1213) [hadoop-common-3.3.5.jar:?]
	at org.apache.hadoop.ipc.Server$RpcCall.run(Server.java:1089) [hadoop-common-3.3.5.jar:?]
	at org.apache.hadoop.ipc.Server$RpcCall.run(Server.java:1012) [hadoop-common-3.3.5.jar:?]
	at java.security.AccessController.doPrivileged(Native Method) ~[?:1.8.0_362]
	at javax.security.auth.Subject.doAs(Subject.java:422) [?:1.8.0_362]
	at org.apache.hadoop.security.UserGroupInformation.doAs(UserGroupInformation.java:1899) [hadoop-common-3.3.5.jar:?]
	at org.apache.hadoop.ipc.Server$Handler.run(Server.java:3026) [hadoop-common-3.3.5.jar:?]
17:18:59.293 [IPC Server handler 6 on default port 45623] ERROR OMAudit - user=runner | ip=127.0.0.1 | op=GET_FILE_STATUS {volume=volume95537, bucket=bucket59866, key=level0/level3, dataSize=0, replicationConfig=null} | ret=FAILURE
org.apache.hadoop.ozone.om.exceptions.OMException: Unable to get file status: volume: volume95537 bucket: bucket59866 key: level0/level3
	at org.apache.hadoop.ozone.om.KeyManagerImpl.getOzoneFileStatus(KeyManagerImpl.java:1200) ~[ozone-manager-1.4.0-SNAPSHOT.jar:?]
	at org.apache.hadoop.ozone.om.KeyManagerImpl.getFileStatus(KeyManagerImpl.java:1118) ~[ozone-manager-1.4.0-SNAPSHOT.jar:?]
	at org.apache.hadoop.ozone.om.OmMetadataReader.getFileStatus(OmMetadataReader.java:288) ~[ozone-manager-1.4.0-SNAPSHOT.jar:?]
	at org.apache.hadoop.ozone.om.OzoneManager.getFileStatus(OzoneManager.java:3491) ~[ozone-manager-1.4.0-SNAPSHOT.jar:?]
	at org.apache.hadoop.ozone.protocolPB.OzoneManagerRequestHandler.getOzoneFileStatus(OzoneManagerRequestHandler.java:934) ~[ozone-manager-1.4.0-SNAPSHOT.jar:?]
	at org.apache.hadoop.ozone.protocolPB.OzoneManagerRequestHandler.handleReadRequest(OzoneManagerRequestHandler.java:238) ~[ozone-manager-1.4.0-SNAPSHOT.jar:?]
	at org.apache.hadoop.ozone.protocolPB.OzoneManagerProtocolServerSideTranslatorPB.submitReadRequestToOM(OzoneManagerProtocolServerSideTranslatorPB.java:223) ~[ozone-manager-1.4.0-SNAPSHOT.jar:?]
	at org.apache.hadoop.ozone.protocolPB.OzoneManagerProtocolServerSideTranslatorPB.processRequest(OzoneManagerProtocolServerSideTranslatorPB.java:177) ~[ozone-manager-1.4.0-SNAPSHOT.jar:?]
	at org.apache.hadoop.hdds.server.OzoneProtocolMessageDispatcher.processRequest(OzoneProtocolMessageDispatcher.java:87) [hdds-server-framework-1.4.0-SNAPSHOT.jar:?]
	at org.apache.hadoop.ozone.protocolPB.OzoneManagerProtocolServerSideTranslatorPB.submitRequest(OzoneManagerProtocolServerSideTranslatorPB.java:147) [ozone-manager-1.4.0-SNAPSHOT.jar:?]
	at org.apache.hadoop.ozone.protocol.proto.OzoneManagerProtocolProtos$OzoneManagerService$2.callBlockingMethod(OzoneManagerProtocolProtos.java) [ozone-interface-client-1.4.0-SNAPSHOT.jar:?]
	at org.apache.hadoop.ipc.ProtobufRpcEngine$Server.processCall(ProtobufRpcEngine.java:484) [hadoop-common-3.3.5.jar:?]
	at org.apache.hadoop.ipc.ProtobufRpcEngine2$Server$ProtoBufRpcInvoker.call(ProtobufRpcEngine2.java:595) [hadoop-common-3.3.5.jar:?]
	at org.apache.hadoop.ipc.ProtobufRpcEngine2$Server$ProtoBufRpcInvoker.call(ProtobufRpcEngine2.java:573) [hadoop-common-3.3.5.jar:?]
	at org.apache.hadoop.ipc.RPC$Server.call(RPC.java:1213) [hadoop-common-3.3.5.jar:?]
	at org.apache.hadoop.ipc.Server$RpcCall.run(Server.java:1089) [hadoop-common-3.3.5.jar:?]
	at org.apache.hadoop.ipc.Server$RpcCall.run(Server.java:1012) [hadoop-common-3.3.5.jar:?]
	at java.security.AccessController.doPrivileged(Native Method) ~[?:1.8.0_362]
	at javax.security.auth.Subject.doAs(Subject.java:422) [?:1.8.0_362]
	at org.apache.hadoop.security.UserGroupInformation.doAs(UserGroupInformation.java:1899) [hadoop-common-3.3.5.jar:?]
	at org.apache.hadoop.ipc.Server$Handler.run(Server.java:3026) [hadoop-common-3.3.5.jar:?]
17:18:59.294 [IPC Server handler 3 on default port 45623] ERROR OMAudit - user=runner | ip=127.0.0.1 | op=GET_FILE_STATUS {volume=volume95537, bucket=bucket59866, key=level0/level3/level3, dataSize=0, replicationConfig=null} | ret=FAILURE
org.apache.hadoop.ozone.om.exceptions.OMException: Unable to get file status: volume: volume95537 bucket: bucket59866 key: level0/level3/level3
	at org.apache.hadoop.ozone.om.KeyManagerImpl.getOzoneFileStatus(KeyManagerImpl.java:1200) ~[ozone-manager-1.4.0-SNAPSHOT.jar:?]
	at org.apache.hadoop.ozone.om.KeyManagerImpl.getFileStatus(KeyManagerImpl.java:1118) ~[ozone-manager-1.4.0-SNAPSHOT.jar:?]
	at org.apache.hadoop.ozone.om.OmMetadataReader.getFileStatus(OmMetadataReader.java:288) ~[ozone-manager-1.4.0-SNAPSHOT.jar:?]
	at org.apache.hadoop.ozone.om.OzoneManager.getFileStatus(OzoneManager.java:3491) ~[ozone-manager-1.4.0-SNAPSHOT.jar:?]
	at org.apache.hadoop.ozone.protocolPB.OzoneManagerRequestHandler.getOzoneFileStatus(OzoneManagerRequestHandler.java:934) ~[ozone-manager-1.4.0-SNAPSHOT.jar:?]
	at org.apache.hadoop.ozone.protocolPB.OzoneManagerRequestHandler.handleReadRequest(OzoneManagerRequestHandler.java:238) ~[ozone-manager-1.4.0-SNAPSHOT.jar:?]
	at org.apache.hadoop.ozone.protocolPB.OzoneManagerProtocolServerSideTranslatorPB.submitReadRequestToOM(OzoneManagerProtocolServerSideTranslatorPB.java:223) ~[ozone-manager-1.4.0-SNAPSHOT.jar:?]
	at org.apache.hadoop.ozone.protocolPB.OzoneManagerProtocolServerSideTranslatorPB.processRequest(OzoneManagerProtocolServerSideTranslatorPB.java:177) ~[ozone-manager-1.4.0-SNAPSHOT.jar:?]
	at org.apache.hadoop.hdds.server.OzoneProtocolMessageDispatcher.processRequest(OzoneProtocolMessageDispatcher.java:87) [hdds-server-framework-1.4.0-SNAPSHOT.jar:?]
	at org.apache.hadoop.ozone.protocolPB.OzoneManagerProtocolServerSideTranslatorPB.submitRequest(OzoneManagerProtocolServerSideTranslatorPB.java:147) [ozone-manager-1.4.0-SNAPSHOT.jar:?]
	at org.apache.hadoop.ozone.protocol.proto.OzoneManagerProtocolProtos$OzoneManagerService$2.callBlockingMethod(OzoneManagerProtocolProtos.java) [ozone-interface-client-1.4.0-SNAPSHOT.jar:?]
	at org.apache.hadoop.ipc.ProtobufRpcEngine$Server.processCall(ProtobufRpcEngine.java:484) [hadoop-common-3.3.5.jar:?]
	at org.apache.hadoop.ipc.ProtobufRpcEngine2$Server$ProtoBufRpcInvoker.call(ProtobufRpcEngine2.java:595) [hadoop-common-3.3.5.jar:?]
	at org.apache.hadoop.ipc.ProtobufRpcEngine2$Server$ProtoBufRpcInvoker.call(ProtobufRpcEngine2.java:573) [hadoop-common-3.3.5.jar:?]
	at org.apache.hadoop.ipc.RPC$Server.call(RPC.java:1213) [hadoop-common-3.3.5.jar:?]
	at org.apache.hadoop.ipc.Server$RpcCall.run(Server.java:1089) [hadoop-common-3.3.5.jar:?]
	at org.apache.hadoop.ipc.Server$RpcCall.run(Server.java:1012) [hadoop-common-3.3.5.jar:?]
	at java.security.AccessController.doPrivileged(Native Method) ~[?:1.8.0_362]
	at javax.security.auth.Subject.doAs(Subject.java:422) [?:1.8.0_362]
	at org.apache.hadoop.security.UserGroupInformation.doAs(UserGroupInformation.java:1899) [hadoop-common-3.3.5.jar:?]
	at org.apache.hadoop.ipc.Server$Handler.run(Server.java:3026) [hadoop-common-3.3.5.jar:?]
17:18:59.295 [IPC Server handler 1 on default port 45623] ERROR OMAudit - user=runner | ip=127.0.0.1 | op=GET_FILE_STATUS {volume=volume95537, bucket=bucket59866, key=level0/level3/file1, dataSize=0, replicationConfig=null} | ret=FAILURE
org.apache.hadoop.ozone.om.exceptions.OMException: Unable to get file status: volume: volume95537 bucket: bucket59866 key: level0/level3/file1
	at org.apache.hadoop.ozone.om.KeyManagerImpl.getOzoneFileStatus(KeyManagerImpl.java:1200) ~[ozone-manager-1.4.0-SNAPSHOT.jar:?]
	at org.apache.hadoop.ozone.om.KeyManagerImpl.getFileStatus(KeyManagerImpl.java:1118) ~[ozone-manager-1.4.0-SNAPSHOT.jar:?]
	at org.apache.hadoop.ozone.om.OmMetadataReader.getFileStatus(OmMetadataReader.java:288) ~[ozone-manager-1.4.0-SNAPSHOT.jar:?]
	at org.apache.hadoop.ozone.om.OzoneManager.getFileStatus(OzoneManager.java:3491) ~[ozone-manager-1.4.0-SNAPSHOT.jar:?]
	at org.apache.hadoop.ozone.protocolPB.OzoneManagerRequestHandler.getOzoneFileStatus(OzoneManagerRequestHandler.java:934) ~[ozone-manager-1.4.0-SNAPSHOT.jar:?]
	at org.apache.hadoop.ozone.protocolPB.OzoneManagerRequestHandler.handleReadRequest(OzoneManagerRequestHandler.java:238) ~[ozone-manager-1.4.0-SNAPSHOT.jar:?]
	at org.apache.hadoop.ozone.protocolPB.OzoneManagerProtocolServerSideTranslatorPB.submitReadRequestToOM(OzoneManagerProtocolServerSideTranslatorPB.java:223) ~[ozone-manager-1.4.0-SNAPSHOT.jar:?]
	at org.apache.hadoop.ozone.protocolPB.OzoneManagerProtocolServerSideTranslatorPB.processRequest(OzoneManagerProtocolServerSideTranslatorPB.java:177) ~[ozone-manager-1.4.0-SNAPSHOT.jar:?]
	at org.apache.hadoop.hdds.server.OzoneProtocolMessageDispatcher.processRequest(OzoneProtocolMessageDispatcher.java:87) [hdds-server-framework-1.4.0-SNAPSHOT.jar:?]
	at org.apache.hadoop.ozone.protocolPB.OzoneManagerProtocolServerSideTranslatorPB.submitRequest(OzoneManagerProtocolServerSideTranslatorPB.java:147) [ozone-manager-1.4.0-SNAPSHOT.jar:?]
	at org.apache.hadoop.ozone.protocol.proto.OzoneManagerProtocolProtos$OzoneManagerService$2.callBlockingMethod(OzoneManagerProtocolProtos.java) [ozone-interface-client-1.4.0-SNAPSHOT.jar:?]
	at org.apache.hadoop.ipc.ProtobufRpcEngine$Server.processCall(ProtobufRpcEngine.java:484) [hadoop-common-3.3.5.jar:?]
	at org.apache.hadoop.ipc.ProtobufRpcEngine2$Server$ProtoBufRpcInvoker.call(ProtobufRpcEngine2.java:595) [hadoop-common-3.3.5.jar:?]
	at org.apache.hadoop.ipc.ProtobufRpcEngine2$Server$ProtoBufRpcInvoker.call(ProtobufRpcEngine2.java:573) [hadoop-common-3.3.5.jar:?]
	at org.apache.hadoop.ipc.RPC$Server.call(RPC.java:1213) [hadoop-common-3.3.5.jar:?]
	at org.apache.hadoop.ipc.Server$RpcCall.run(Server.java:1089) [hadoop-common-3.3.5.jar:?]
	at org.apache.hadoop.ipc.Server$RpcCall.run(Server.java:1012) [hadoop-common-3.3.5.jar:?]
	at java.security.AccessController.doPrivileged(Native Method) ~[?:1.8.0_362]
	at javax.security.auth.Subject.doAs(Subject.java:422) [?:1.8.0_362]
	at org.apache.hadoop.security.UserGroupInformation.doAs(UserGroupInformation.java:1899) [hadoop-common-3.3.5.jar:?]
	at org.apache.hadoop.ipc.Server$Handler.run(Server.java:3026) [hadoop-common-3.3.5.jar:?]
17:18:59.296 [IPC Server handler 9 on default port 45623] ERROR OMAudit - user=runner | ip=127.0.0.1 | op=GET_FILE_STATUS {volume=volume95537, bucket=bucket59866, key=level0/level3/level3/file1, dataSize=0, replicationConfig=null} | ret=FAILURE
org.apache.hadoop.ozone.om.exceptions.OMException: Unable to get file status: volume: volume95537 bucket: bucket59866 key: level0/level3/level3/file1
	at org.apache.hadoop.ozone.om.KeyManagerImpl.getOzoneFileStatus(KeyManagerImpl.java:1200) ~[ozone-manager-1.4.0-SNAPSHOT.jar:?]
	at org.apache.hadoop.ozone.om.KeyManagerImpl.getFileStatus(KeyManagerImpl.java:1118) ~[ozone-manager-1.4.0-SNAPSHOT.jar:?]
	at org.apache.hadoop.ozone.om.OmMetadataReader.getFileStatus(OmMetadataReader.java:288) ~[ozone-manager-1.4.0-SNAPSHOT.jar:?]
	at org.apache.hadoop.ozone.om.OzoneManager.getFileStatus(OzoneManager.java:3491) ~[ozone-manager-1.4.0-SNAPSHOT.jar:?]
	at org.apache.hadoop.ozone.protocolPB.OzoneManagerRequestHandler.getOzoneFileStatus(OzoneManagerRequestHandler.java:934) ~[ozone-manager-1.4.0-SNAPSHOT.jar:?]
	at org.apache.hadoop.ozone.protocolPB.OzoneManagerRequestHandler.handleReadRequest(OzoneManagerRequestHandler.java:238) ~[ozone-manager-1.4.0-SNAPSHOT.jar:?]
	at org.apache.hadoop.ozone.protocolPB.OzoneManagerProtocolServerSideTranslatorPB.submitReadRequestToOM(OzoneManagerProtocolServerSideTranslatorPB.java:223) ~[ozone-manager-1.4.0-SNAPSHOT.jar:?]
	at org.apache.hadoop.ozone.protocolPB.OzoneManagerProtocolServerSideTranslatorPB.processRequest(OzoneManagerProtocolServerSideTranslatorPB.java:177) ~[ozone-manager-1.4.0-SNAPSHOT.jar:?]
	at org.apache.hadoop.hdds.server.OzoneProtocolMessageDispatcher.processRequest(OzoneProtocolMessageDispatcher.java:87) [hdds-server-framework-1.4.0-SNAPSHOT.jar:?]
	at org.apache.hadoop.ozone.protocolPB.OzoneManagerProtocolServerSideTranslatorPB.submitRequest(OzoneManagerProtocolServerSideTranslatorPB.java:147) [ozone-manager-1.4.0-SNAPSHOT.jar:?]
	at org.apache.hadoop.ozone.protocol.proto.OzoneManagerProtocolProtos$OzoneManagerService$2.callBlockingMethod(OzoneManagerProtocolProtos.java) [ozone-interface-client-1.4.0-SNAPSHOT.jar:?]
	at org.apache.hadoop.ipc.ProtobufRpcEngine$Server.processCall(ProtobufRpcEngine.java:484) [hadoop-common-3.3.5.jar:?]
	at org.apache.hadoop.ipc.ProtobufRpcEngine2$Server$ProtoBufRpcInvoker.call(ProtobufRpcEngine2.java:595) [hadoop-common-3.3.5.jar:?]
	at org.apache.hadoop.ipc.ProtobufRpcEngine2$Server$ProtoBufRpcInvoker.call(ProtobufRpcEngine2.java:573) [hadoop-common-3.3.5.jar:?]
	at org.apache.hadoop.ipc.RPC$Server.call(RPC.java:1213) [hadoop-common-3.3.5.jar:?]
	at org.apache.hadoop.ipc.Server$RpcCall.run(Server.java:1089) [hadoop-common-3.3.5.jar:?]
	at org.apache.hadoop.ipc.Server$RpcCall.run(Server.java:1012) [hadoop-common-3.3.5.jar:?]
	at java.security.AccessController.doPrivileged(Native Method) ~[?:1.8.0_362]
	at javax.security.auth.Subject.doAs(Subject.java:422) [?:1.8.0_362]
	at org.apache.hadoop.security.UserGroupInformation.doAs(UserGroupInformation.java:1899) [hadoop-common-3.3.5.jar:?]
	at org.apache.hadoop.ipc.Server$Handler.run(Server.java:3026) [hadoop-common-3.3.5.jar:?]
]]></system-out>
  </testcase>
  <testcase name="testRecursiveDelete" classname="TestOzoneFileSystem" time="0.114">
    <system-out><![CDATA[2023-04-11 17:19:59,200 [IPC Server handler 1 on default port 37689] INFO  key.OMKeyRequest (OMKeyRequest.java:wrapUncommittedBlocksAsPseudoKey(838)) - Detect allocated but uncommitted blocks [{blockID={containerID=1, localID=111677748019200014}, length=4194304, offset=0, token=null, pipeline=null, createVersion=0, partNumber=0}] in key gdir1/pdir1/child.
2023-04-11 17:19:59,203 [IPC Server handler 0 on default port 37689] INFO  key.OMKeyRequest (OMKeyRequest.java:wrapUncommittedBlocksAsPseudoKey(838)) - Detect allocated but uncommitted blocks [{blockID={containerID=3, localID=111677748019200015}, length=4194304, offset=0, token=null, pipeline=null, createVersion=0, partNumber=0}] in key gdir1/pdir2/child.
2023-04-11 17:19:59,207 [IPC Server handler 14 on default port 37689] INFO  key.OMKeyRequest (OMKeyRequest.java:wrapUncommittedBlocksAsPseudoKey(838)) - Detect allocated but uncommitted blocks [{blockID={containerID=4, localID=111677748019200016}, length=4194304, offset=0, token=null, pipeline=null, createVersion=0, partNumber=0}] in key gdir1/pdir3/child.
2023-04-11 17:19:59,210 [IPC Server handler 16 on default port 37689] INFO  key.OMKeyRequest (OMKeyRequest.java:wrapUncommittedBlocksAsPseudoKey(838)) - Detect allocated but uncommitted blocks [{blockID={containerID=1, localID=111677748019200017}, length=4194304, offset=0, token=null, pipeline=null, createVersion=0, partNumber=0}] in key gdir1/pdir4/child.
2023-04-11 17:19:59,213 [IPC Server handler 18 on default port 37689] INFO  key.OMKeyRequest (OMKeyRequest.java:wrapUncommittedBlocksAsPseudoKey(838)) - Detect allocated but uncommitted blocks [{blockID={containerID=4, localID=111677748019200018}, length=4194304, offset=0, token=null, pipeline=null, createVersion=0, partNumber=0}] in key gdir1/pdir5/child.
2023-04-11 17:19:59,216 [IPC Server handler 9 on default port 37689] INFO  key.OMKeyRequest (OMKeyRequest.java:wrapUncommittedBlocksAsPseudoKey(838)) - Detect allocated but uncommitted blocks [{blockID={containerID=2, localID=111677748019200019}, length=4194304, offset=0, token=null, pipeline=null, createVersion=0, partNumber=0}] in key gdir1/pdir6/child.
2023-04-11 17:19:59,219 [IPC Server handler 13 on default port 37689] INFO  key.OMKeyRequest (OMKeyRequest.java:wrapUncommittedBlocksAsPseudoKey(838)) - Detect allocated but uncommitted blocks [{blockID={containerID=3, localID=111677748019200020}, length=4194304, offset=0, token=null, pipeline=null, createVersion=0, partNumber=0}] in key gdir1/pdir7/child.
2023-04-11 17:19:59,222 [IPC Server handler 8 on default port 37689] INFO  key.OMKeyRequest (OMKeyRequest.java:wrapUncommittedBlocksAsPseudoKey(838)) - Detect allocated but uncommitted blocks [{blockID={containerID=2, localID=111677748019200021}, length=4194304, offset=0, token=null, pipeline=null, createVersion=0, partNumber=0}] in key gdir1/pdir8/child.
2023-04-11 17:19:59,225 [IPC Server handler 12 on default port 37689] INFO  key.OMKeyRequest (OMKeyRequest.java:wrapUncommittedBlocksAsPseudoKey(838)) - Detect allocated but uncommitted blocks [{blockID={containerID=1, localID=111677748019200022}, length=4194304, offset=0, token=null, pipeline=null, createVersion=0, partNumber=0}] in key gdir1/pdir9/child.
2023-04-11 17:19:59,231 [IPC Server handler 6 on default port 37689] INFO  key.OMKeyRequest (OMKeyRequest.java:wrapUncommittedBlocksAsPseudoKey(838)) - Detect allocated but uncommitted blocks [{blockID={containerID=4, localID=111677748019200023}, length=4194304, offset=0, token=null, pipeline=null, createVersion=0, partNumber=0}] in key gdir1/pdir10/child.
17:19:59.242 [IPC Server handler 11 on default port 37689] ERROR OMAudit - user=runner | ip=127.0.0.1 | op=GET_FILE_STATUS {volume=volume96095, bucket=bucket29928, key=gdir1, dataSize=0, replicationConfig=null} | ret=FAILURE
org.apache.hadoop.ozone.om.exceptions.OMException: Unable to get file status: volume: volume96095 bucket: bucket29928 key: gdir1
	at org.apache.hadoop.ozone.om.KeyManagerImpl.getOzoneFileStatus(KeyManagerImpl.java:1200) ~[ozone-manager-1.4.0-SNAPSHOT.jar:?]
	at org.apache.hadoop.ozone.om.KeyManagerImpl.getFileStatus(KeyManagerImpl.java:1118) ~[ozone-manager-1.4.0-SNAPSHOT.jar:?]
	at org.apache.hadoop.ozone.om.OmMetadataReader.getFileStatus(OmMetadataReader.java:288) ~[ozone-manager-1.4.0-SNAPSHOT.jar:?]
	at org.apache.hadoop.ozone.om.OzoneManager.getFileStatus(OzoneManager.java:3491) ~[ozone-manager-1.4.0-SNAPSHOT.jar:?]
	at org.apache.hadoop.ozone.protocolPB.OzoneManagerRequestHandler.getOzoneFileStatus(OzoneManagerRequestHandler.java:934) ~[ozone-manager-1.4.0-SNAPSHOT.jar:?]
	at org.apache.hadoop.ozone.protocolPB.OzoneManagerRequestHandler.handleReadRequest(OzoneManagerRequestHandler.java:238) ~[ozone-manager-1.4.0-SNAPSHOT.jar:?]
	at org.apache.hadoop.ozone.protocolPB.OzoneManagerProtocolServerSideTranslatorPB.submitRequestDirectlyToOM(OzoneManagerProtocolServerSideTranslatorPB.java:272) ~[ozone-manager-1.4.0-SNAPSHOT.jar:?]
	at org.apache.hadoop.ozone.protocolPB.OzoneManagerProtocolServerSideTranslatorPB.processRequest(OzoneManagerProtocolServerSideTranslatorPB.java:173) ~[ozone-manager-1.4.0-SNAPSHOT.jar:?]
	at org.apache.hadoop.hdds.server.OzoneProtocolMessageDispatcher.processRequest(OzoneProtocolMessageDispatcher.java:87) [hdds-server-framework-1.4.0-SNAPSHOT.jar:?]
	at org.apache.hadoop.ozone.protocolPB.OzoneManagerProtocolServerSideTranslatorPB.submitRequest(OzoneManagerProtocolServerSideTranslatorPB.java:147) [ozone-manager-1.4.0-SNAPSHOT.jar:?]
	at org.apache.hadoop.ozone.protocol.proto.OzoneManagerProtocolProtos$OzoneManagerService$2.callBlockingMethod(OzoneManagerProtocolProtos.java) [ozone-interface-client-1.4.0-SNAPSHOT.jar:?]
	at org.apache.hadoop.ipc.ProtobufRpcEngine$Server.processCall(ProtobufRpcEngine.java:484) [hadoop-common-3.3.5.jar:?]
	at org.apache.hadoop.ipc.ProtobufRpcEngine2$Server$ProtoBufRpcInvoker.call(ProtobufRpcEngine2.java:595) [hadoop-common-3.3.5.jar:?]
	at org.apache.hadoop.ipc.ProtobufRpcEngine2$Server$ProtoBufRpcInvoker.call(ProtobufRpcEngine2.java:573) [hadoop-common-3.3.5.jar:?]
	at org.apache.hadoop.ipc.RPC$Server.call(RPC.java:1213) [hadoop-common-3.3.5.jar:?]
	at org.apache.hadoop.ipc.Server$RpcCall.run(Server.java:1089) [hadoop-common-3.3.5.jar:?]
	at org.apache.hadoop.ipc.Server$RpcCall.run(Server.java:1012) [hadoop-common-3.3.5.jar:?]
	at java.security.AccessController.doPrivileged(Native Method) ~[?:1.8.0_362]
	at javax.security.auth.Subject.doAs(Subject.java:422) [?:1.8.0_362]
	at org.apache.hadoop.security.UserGroupInformation.doAs(UserGroupInformation.java:1899) [hadoop-common-3.3.5.jar:?]
	at org.apache.hadoop.ipc.Server$Handler.run(Server.java:3026) [hadoop-common-3.3.5.jar:?]
17:19:59.243 [IPC Server handler 6 on default port 37689] ERROR OMAudit - user=runner | ip=127.0.0.1 | op=GET_FILE_STATUS {volume=volume96095, bucket=bucket29928, key=gdir1/dir1, dataSize=0, replicationConfig=null} | ret=FAILURE
org.apache.hadoop.ozone.om.exceptions.OMException: Unable to get file status: volume: volume96095 bucket: bucket29928 key: gdir1/dir1
	at org.apache.hadoop.ozone.om.KeyManagerImpl.getOzoneFileStatus(KeyManagerImpl.java:1200) ~[ozone-manager-1.4.0-SNAPSHOT.jar:?]
	at org.apache.hadoop.ozone.om.KeyManagerImpl.getFileStatus(KeyManagerImpl.java:1118) ~[ozone-manager-1.4.0-SNAPSHOT.jar:?]
	at org.apache.hadoop.ozone.om.OmMetadataReader.getFileStatus(OmMetadataReader.java:288) ~[ozone-manager-1.4.0-SNAPSHOT.jar:?]
	at org.apache.hadoop.ozone.om.OzoneManager.getFileStatus(OzoneManager.java:3491) ~[ozone-manager-1.4.0-SNAPSHOT.jar:?]
	at org.apache.hadoop.ozone.protocolPB.OzoneManagerRequestHandler.getOzoneFileStatus(OzoneManagerRequestHandler.java:934) ~[ozone-manager-1.4.0-SNAPSHOT.jar:?]
	at org.apache.hadoop.ozone.protocolPB.OzoneManagerRequestHandler.handleReadRequest(OzoneManagerRequestHandler.java:238) ~[ozone-manager-1.4.0-SNAPSHOT.jar:?]
	at org.apache.hadoop.ozone.protocolPB.OzoneManagerProtocolServerSideTranslatorPB.submitRequestDirectlyToOM(OzoneManagerProtocolServerSideTranslatorPB.java:272) ~[ozone-manager-1.4.0-SNAPSHOT.jar:?]
	at org.apache.hadoop.ozone.protocolPB.OzoneManagerProtocolServerSideTranslatorPB.processRequest(OzoneManagerProtocolServerSideTranslatorPB.java:173) ~[ozone-manager-1.4.0-SNAPSHOT.jar:?]
	at org.apache.hadoop.hdds.server.OzoneProtocolMessageDispatcher.processRequest(OzoneProtocolMessageDispatcher.java:87) [hdds-server-framework-1.4.0-SNAPSHOT.jar:?]
	at org.apache.hadoop.ozone.protocolPB.OzoneManagerProtocolServerSideTranslatorPB.submitRequest(OzoneManagerProtocolServerSideTranslatorPB.java:147) [ozone-manager-1.4.0-SNAPSHOT.jar:?]
	at org.apache.hadoop.ozone.protocol.proto.OzoneManagerProtocolProtos$OzoneManagerService$2.callBlockingMethod(OzoneManagerProtocolProtos.java) [ozone-interface-client-1.4.0-SNAPSHOT.jar:?]
	at org.apache.hadoop.ipc.ProtobufRpcEngine$Server.processCall(ProtobufRpcEngine.java:484) [hadoop-common-3.3.5.jar:?]
	at org.apache.hadoop.ipc.ProtobufRpcEngine2$Server$ProtoBufRpcInvoker.call(ProtobufRpcEngine2.java:595) [hadoop-common-3.3.5.jar:?]
	at org.apache.hadoop.ipc.ProtobufRpcEngine2$Server$ProtoBufRpcInvoker.call(ProtobufRpcEngine2.java:573) [hadoop-common-3.3.5.jar:?]
	at org.apache.hadoop.ipc.RPC$Server.call(RPC.java:1213) [hadoop-common-3.3.5.jar:?]
	at org.apache.hadoop.ipc.Server$RpcCall.run(Server.java:1089) [hadoop-common-3.3.5.jar:?]
	at org.apache.hadoop.ipc.Server$RpcCall.run(Server.java:1012) [hadoop-common-3.3.5.jar:?]
	at java.security.AccessController.doPrivileged(Native Method) ~[?:1.8.0_362]
	at javax.security.auth.Subject.doAs(Subject.java:422) [?:1.8.0_362]
	at org.apache.hadoop.security.UserGroupInformation.doAs(UserGroupInformation.java:1899) [hadoop-common-3.3.5.jar:?]
	at org.apache.hadoop.ipc.Server$Handler.run(Server.java:3026) [hadoop-common-3.3.5.jar:?]
17:19:59.244 [IPC Server handler 2 on default port 37689] ERROR OMAudit - user=runner | ip=127.0.0.1 | op=GET_FILE_STATUS {volume=volume96095, bucket=bucket29928, key=gdir1/dir1/child, dataSize=0, replicationConfig=null} | ret=FAILURE
org.apache.hadoop.ozone.om.exceptions.OMException: Unable to get file status: volume: volume96095 bucket: bucket29928 key: gdir1/dir1/child
	at org.apache.hadoop.ozone.om.KeyManagerImpl.getOzoneFileStatus(KeyManagerImpl.java:1200) ~[ozone-manager-1.4.0-SNAPSHOT.jar:?]
	at org.apache.hadoop.ozone.om.KeyManagerImpl.getFileStatus(KeyManagerImpl.java:1118) ~[ozone-manager-1.4.0-SNAPSHOT.jar:?]
	at org.apache.hadoop.ozone.om.OmMetadataReader.getFileStatus(OmMetadataReader.java:288) ~[ozone-manager-1.4.0-SNAPSHOT.jar:?]
	at org.apache.hadoop.ozone.om.OzoneManager.getFileStatus(OzoneManager.java:3491) ~[ozone-manager-1.4.0-SNAPSHOT.jar:?]
	at org.apache.hadoop.ozone.protocolPB.OzoneManagerRequestHandler.getOzoneFileStatus(OzoneManagerRequestHandler.java:934) ~[ozone-manager-1.4.0-SNAPSHOT.jar:?]
	at org.apache.hadoop.ozone.protocolPB.OzoneManagerRequestHandler.handleReadRequest(OzoneManagerRequestHandler.java:238) ~[ozone-manager-1.4.0-SNAPSHOT.jar:?]
	at org.apache.hadoop.ozone.protocolPB.OzoneManagerProtocolServerSideTranslatorPB.submitRequestDirectlyToOM(OzoneManagerProtocolServerSideTranslatorPB.java:272) ~[ozone-manager-1.4.0-SNAPSHOT.jar:?]
	at org.apache.hadoop.ozone.protocolPB.OzoneManagerProtocolServerSideTranslatorPB.processRequest(OzoneManagerProtocolServerSideTranslatorPB.java:173) ~[ozone-manager-1.4.0-SNAPSHOT.jar:?]
	at org.apache.hadoop.hdds.server.OzoneProtocolMessageDispatcher.processRequest(OzoneProtocolMessageDispatcher.java:87) [hdds-server-framework-1.4.0-SNAPSHOT.jar:?]
	at org.apache.hadoop.ozone.protocolPB.OzoneManagerProtocolServerSideTranslatorPB.submitRequest(OzoneManagerProtocolServerSideTranslatorPB.java:147) [ozone-manager-1.4.0-SNAPSHOT.jar:?]
	at org.apache.hadoop.ozone.protocol.proto.OzoneManagerProtocolProtos$OzoneManagerService$2.callBlockingMethod(OzoneManagerProtocolProtos.java) [ozone-interface-client-1.4.0-SNAPSHOT.jar:?]
	at org.apache.hadoop.ipc.ProtobufRpcEngine$Server.processCall(ProtobufRpcEngine.java:484) [hadoop-common-3.3.5.jar:?]
	at org.apache.hadoop.ipc.ProtobufRpcEngine2$Server$ProtoBufRpcInvoker.call(ProtobufRpcEngine2.java:595) [hadoop-common-3.3.5.jar:?]
	at org.apache.hadoop.ipc.ProtobufRpcEngine2$Server$ProtoBufRpcInvoker.call(ProtobufRpcEngine2.java:573) [hadoop-common-3.3.5.jar:?]
	at org.apache.hadoop.ipc.RPC$Server.call(RPC.java:1213) [hadoop-common-3.3.5.jar:?]
	at org.apache.hadoop.ipc.Server$RpcCall.run(Server.java:1089) [hadoop-common-3.3.5.jar:?]
	at org.apache.hadoop.ipc.Server$RpcCall.run(Server.java:1012) [hadoop-common-3.3.5.jar:?]
	at java.security.AccessController.doPrivileged(Native Method) ~[?:1.8.0_362]
	at javax.security.auth.Subject.doAs(Subject.java:422) [?:1.8.0_362]
	at org.apache.hadoop.security.UserGroupInformation.doAs(UserGroupInformation.java:1899) [hadoop-common-3.3.5.jar:?]
	at org.apache.hadoop.ipc.Server$Handler.run(Server.java:3026) [hadoop-common-3.3.5.jar:?]
17:19:59.245 [IPC Server handler 1 on default port 37689] ERROR OMAudit - user=runner | ip=127.0.0.1 | op=GET_FILE_STATUS {volume=volume96095, bucket=bucket29928, key=gdir1/dir2, dataSize=0, replicationConfig=null} | ret=FAILURE
org.apache.hadoop.ozone.om.exceptions.OMException: Unable to get file status: volume: volume96095 bucket: bucket29928 key: gdir1/dir2
	at org.apache.hadoop.ozone.om.KeyManagerImpl.getOzoneFileStatus(KeyManagerImpl.java:1200) ~[ozone-manager-1.4.0-SNAPSHOT.jar:?]
	at org.apache.hadoop.ozone.om.KeyManagerImpl.getFileStatus(KeyManagerImpl.java:1118) ~[ozone-manager-1.4.0-SNAPSHOT.jar:?]
	at org.apache.hadoop.ozone.om.OmMetadataReader.getFileStatus(OmMetadataReader.java:288) ~[ozone-manager-1.4.0-SNAPSHOT.jar:?]
	at org.apache.hadoop.ozone.om.OzoneManager.getFileStatus(OzoneManager.java:3491) ~[ozone-manager-1.4.0-SNAPSHOT.jar:?]
	at org.apache.hadoop.ozone.protocolPB.OzoneManagerRequestHandler.getOzoneFileStatus(OzoneManagerRequestHandler.java:934) ~[ozone-manager-1.4.0-SNAPSHOT.jar:?]
	at org.apache.hadoop.ozone.protocolPB.OzoneManagerRequestHandler.handleReadRequest(OzoneManagerRequestHandler.java:238) ~[ozone-manager-1.4.0-SNAPSHOT.jar:?]
	at org.apache.hadoop.ozone.protocolPB.OzoneManagerProtocolServerSideTranslatorPB.submitRequestDirectlyToOM(OzoneManagerProtocolServerSideTranslatorPB.java:272) ~[ozone-manager-1.4.0-SNAPSHOT.jar:?]
	at org.apache.hadoop.ozone.protocolPB.OzoneManagerProtocolServerSideTranslatorPB.processRequest(OzoneManagerProtocolServerSideTranslatorPB.java:173) ~[ozone-manager-1.4.0-SNAPSHOT.jar:?]
	at org.apache.hadoop.hdds.server.OzoneProtocolMessageDispatcher.processRequest(OzoneProtocolMessageDispatcher.java:87) [hdds-server-framework-1.4.0-SNAPSHOT.jar:?]
	at org.apache.hadoop.ozone.protocolPB.OzoneManagerProtocolServerSideTranslatorPB.submitRequest(OzoneManagerProtocolServerSideTranslatorPB.java:147) [ozone-manager-1.4.0-SNAPSHOT.jar:?]
	at org.apache.hadoop.ozone.protocol.proto.OzoneManagerProtocolProtos$OzoneManagerService$2.callBlockingMethod(OzoneManagerProtocolProtos.java) [ozone-interface-client-1.4.0-SNAPSHOT.jar:?]
	at org.apache.hadoop.ipc.ProtobufRpcEngine$Server.processCall(ProtobufRpcEngine.java:484) [hadoop-common-3.3.5.jar:?]
	at org.apache.hadoop.ipc.ProtobufRpcEngine2$Server$ProtoBufRpcInvoker.call(ProtobufRpcEngine2.java:595) [hadoop-common-3.3.5.jar:?]
	at org.apache.hadoop.ipc.ProtobufRpcEngine2$Server$ProtoBufRpcInvoker.call(ProtobufRpcEngine2.java:573) [hadoop-common-3.3.5.jar:?]
	at org.apache.hadoop.ipc.RPC$Server.call(RPC.java:1213) [hadoop-common-3.3.5.jar:?]
	at org.apache.hadoop.ipc.Server$RpcCall.run(Server.java:1089) [hadoop-common-3.3.5.jar:?]
	at org.apache.hadoop.ipc.Server$RpcCall.run(Server.java:1012) [hadoop-common-3.3.5.jar:?]
	at java.security.AccessController.doPrivileged(Native Method) ~[?:1.8.0_362]
	at javax.security.auth.Subject.doAs(Subject.java:422) [?:1.8.0_362]
	at org.apache.hadoop.security.UserGroupInformation.doAs(UserGroupInformation.java:1899) [hadoop-common-3.3.5.jar:?]
	at org.apache.hadoop.ipc.Server$Handler.run(Server.java:3026) [hadoop-common-3.3.5.jar:?]
17:19:59.246 [IPC Server handler 4 on default port 37689] ERROR OMAudit - user=runner | ip=127.0.0.1 | op=GET_FILE_STATUS {volume=volume96095, bucket=bucket29928, key=gdir1/dir2/child, dataSize=0, replicationConfig=null} | ret=FAILURE
org.apache.hadoop.ozone.om.exceptions.OMException: Unable to get file status: volume: volume96095 bucket: bucket29928 key: gdir1/dir2/child
	at org.apache.hadoop.ozone.om.KeyManagerImpl.getOzoneFileStatus(KeyManagerImpl.java:1200) ~[ozone-manager-1.4.0-SNAPSHOT.jar:?]
	at org.apache.hadoop.ozone.om.KeyManagerImpl.getFileStatus(KeyManagerImpl.java:1118) ~[ozone-manager-1.4.0-SNAPSHOT.jar:?]
	at org.apache.hadoop.ozone.om.OmMetadataReader.getFileStatus(OmMetadataReader.java:288) ~[ozone-manager-1.4.0-SNAPSHOT.jar:?]
	at org.apache.hadoop.ozone.om.OzoneManager.getFileStatus(OzoneManager.java:3491) ~[ozone-manager-1.4.0-SNAPSHOT.jar:?]
	at org.apache.hadoop.ozone.protocolPB.OzoneManagerRequestHandler.getOzoneFileStatus(OzoneManagerRequestHandler.java:934) ~[ozone-manager-1.4.0-SNAPSHOT.jar:?]
	at org.apache.hadoop.ozone.protocolPB.OzoneManagerRequestHandler.handleReadRequest(OzoneManagerRequestHandler.java:238) ~[ozone-manager-1.4.0-SNAPSHOT.jar:?]
	at org.apache.hadoop.ozone.protocolPB.OzoneManagerProtocolServerSideTranslatorPB.submitRequestDirectlyToOM(OzoneManagerProtocolServerSideTranslatorPB.java:272) ~[ozone-manager-1.4.0-SNAPSHOT.jar:?]
	at org.apache.hadoop.ozone.protocolPB.OzoneManagerProtocolServerSideTranslatorPB.processRequest(OzoneManagerProtocolServerSideTranslatorPB.java:173) ~[ozone-manager-1.4.0-SNAPSHOT.jar:?]
	at org.apache.hadoop.hdds.server.OzoneProtocolMessageDispatcher.processRequest(OzoneProtocolMessageDispatcher.java:87) [hdds-server-framework-1.4.0-SNAPSHOT.jar:?]
	at org.apache.hadoop.ozone.protocolPB.OzoneManagerProtocolServerSideTranslatorPB.submitRequest(OzoneManagerProtocolServerSideTranslatorPB.java:147) [ozone-manager-1.4.0-SNAPSHOT.jar:?]
	at org.apache.hadoop.ozone.protocol.proto.OzoneManagerProtocolProtos$OzoneManagerService$2.callBlockingMethod(OzoneManagerProtocolProtos.java) [ozone-interface-client-1.4.0-SNAPSHOT.jar:?]
	at org.apache.hadoop.ipc.ProtobufRpcEngine$Server.processCall(ProtobufRpcEngine.java:484) [hadoop-common-3.3.5.jar:?]
	at org.apache.hadoop.ipc.ProtobufRpcEngine2$Server$ProtoBufRpcInvoker.call(ProtobufRpcEngine2.java:595) [hadoop-common-3.3.5.jar:?]
	at org.apache.hadoop.ipc.ProtobufRpcEngine2$Server$ProtoBufRpcInvoker.call(ProtobufRpcEngine2.java:573) [hadoop-common-3.3.5.jar:?]
	at org.apache.hadoop.ipc.RPC$Server.call(RPC.java:1213) [hadoop-common-3.3.5.jar:?]
	at org.apache.hadoop.ipc.Server$RpcCall.run(Server.java:1089) [hadoop-common-3.3.5.jar:?]
	at org.apache.hadoop.ipc.Server$RpcCall.run(Server.java:1012) [hadoop-common-3.3.5.jar:?]
	at java.security.AccessController.doPrivileged(Native Method) ~[?:1.8.0_362]
	at javax.security.auth.Subject.doAs(Subject.java:422) [?:1.8.0_362]
	at org.apache.hadoop.security.UserGroupInformation.doAs(UserGroupInformation.java:1899) [hadoop-common-3.3.5.jar:?]
	at org.apache.hadoop.ipc.Server$Handler.run(Server.java:3026) [hadoop-common-3.3.5.jar:?]
17:19:59.248 [IPC Server handler 0 on default port 37689] ERROR OMAudit - user=runner | ip=127.0.0.1 | op=GET_FILE_STATUS {volume=volume96095, bucket=bucket29928, key=gdir1/dir3, dataSize=0, replicationConfig=null} | ret=FAILURE
org.apache.hadoop.ozone.om.exceptions.OMException: Unable to get file status: volume: volume96095 bucket: bucket29928 key: gdir1/dir3
	at org.apache.hadoop.ozone.om.KeyManagerImpl.getOzoneFileStatus(KeyManagerImpl.java:1200) ~[ozone-manager-1.4.0-SNAPSHOT.jar:?]
	at org.apache.hadoop.ozone.om.KeyManagerImpl.getFileStatus(KeyManagerImpl.java:1118) ~[ozone-manager-1.4.0-SNAPSHOT.jar:?]
	at org.apache.hadoop.ozone.om.OmMetadataReader.getFileStatus(OmMetadataReader.java:288) ~[ozone-manager-1.4.0-SNAPSHOT.jar:?]
	at org.apache.hadoop.ozone.om.OzoneManager.getFileStatus(OzoneManager.java:3491) ~[ozone-manager-1.4.0-SNAPSHOT.jar:?]
	at org.apache.hadoop.ozone.protocolPB.OzoneManagerRequestHandler.getOzoneFileStatus(OzoneManagerRequestHandler.java:934) ~[ozone-manager-1.4.0-SNAPSHOT.jar:?]
	at org.apache.hadoop.ozone.protocolPB.OzoneManagerRequestHandler.handleReadRequest(OzoneManagerRequestHandler.java:238) ~[ozone-manager-1.4.0-SNAPSHOT.jar:?]
	at org.apache.hadoop.ozone.protocolPB.OzoneManagerProtocolServerSideTranslatorPB.submitRequestDirectlyToOM(OzoneManagerProtocolServerSideTranslatorPB.java:272) ~[ozone-manager-1.4.0-SNAPSHOT.jar:?]
	at org.apache.hadoop.ozone.protocolPB.OzoneManagerProtocolServerSideTranslatorPB.processRequest(OzoneManagerProtocolServerSideTranslatorPB.java:173) ~[ozone-manager-1.4.0-SNAPSHOT.jar:?]
	at org.apache.hadoop.hdds.server.OzoneProtocolMessageDispatcher.processRequest(OzoneProtocolMessageDispatcher.java:87) [hdds-server-framework-1.4.0-SNAPSHOT.jar:?]
	at org.apache.hadoop.ozone.protocolPB.OzoneManagerProtocolServerSideTranslatorPB.submitRequest(OzoneManagerProtocolServerSideTranslatorPB.java:147) [ozone-manager-1.4.0-SNAPSHOT.jar:?]
	at org.apache.hadoop.ozone.protocol.proto.OzoneManagerProtocolProtos$OzoneManagerService$2.callBlockingMethod(OzoneManagerProtocolProtos.java) [ozone-interface-client-1.4.0-SNAPSHOT.jar:?]
	at org.apache.hadoop.ipc.ProtobufRpcEngine$Server.processCall(ProtobufRpcEngine.java:484) [hadoop-common-3.3.5.jar:?]
	at org.apache.hadoop.ipc.ProtobufRpcEngine2$Server$ProtoBufRpcInvoker.call(ProtobufRpcEngine2.java:595) [hadoop-common-3.3.5.jar:?]
	at org.apache.hadoop.ipc.ProtobufRpcEngine2$Server$ProtoBufRpcInvoker.call(ProtobufRpcEngine2.java:573) [hadoop-common-3.3.5.jar:?]
	at org.apache.hadoop.ipc.RPC$Server.call(RPC.java:1213) [hadoop-common-3.3.5.jar:?]
	at org.apache.hadoop.ipc.Server$RpcCall.run(Server.java:1089) [hadoop-common-3.3.5.jar:?]
	at org.apache.hadoop.ipc.Server$RpcCall.run(Server.java:1012) [hadoop-common-3.3.5.jar:?]
	at java.security.AccessController.doPrivileged(Native Method) ~[?:1.8.0_362]
	at javax.security.auth.Subject.doAs(Subject.java:422) [?:1.8.0_362]
	at org.apache.hadoop.security.UserGroupInformation.doAs(UserGroupInformation.java:1899) [hadoop-common-3.3.5.jar:?]
	at org.apache.hadoop.ipc.Server$Handler.run(Server.java:3026) [hadoop-common-3.3.5.jar:?]
17:19:59.250 [IPC Server handler 5 on default port 37689] ERROR OMAudit - user=runner | ip=127.0.0.1 | op=GET_FILE_STATUS {volume=volume96095, bucket=bucket29928, key=gdir1/dir3/child, dataSize=0, replicationConfig=null} | ret=FAILURE
org.apache.hadoop.ozone.om.exceptions.OMException: Unable to get file status: volume: volume96095 bucket: bucket29928 key: gdir1/dir3/child
	at org.apache.hadoop.ozone.om.KeyManagerImpl.getOzoneFileStatus(KeyManagerImpl.java:1200) ~[ozone-manager-1.4.0-SNAPSHOT.jar:?]
	at org.apache.hadoop.ozone.om.KeyManagerImpl.getFileStatus(KeyManagerImpl.java:1118) ~[ozone-manager-1.4.0-SNAPSHOT.jar:?]
	at org.apache.hadoop.ozone.om.OmMetadataReader.getFileStatus(OmMetadataReader.java:288) ~[ozone-manager-1.4.0-SNAPSHOT.jar:?]
	at org.apache.hadoop.ozone.om.OzoneManager.getFileStatus(OzoneManager.java:3491) ~[ozone-manager-1.4.0-SNAPSHOT.jar:?]
	at org.apache.hadoop.ozone.protocolPB.OzoneManagerRequestHandler.getOzoneFileStatus(OzoneManagerRequestHandler.java:934) ~[ozone-manager-1.4.0-SNAPSHOT.jar:?]
	at org.apache.hadoop.ozone.protocolPB.OzoneManagerRequestHandler.handleReadRequest(OzoneManagerRequestHandler.java:238) ~[ozone-manager-1.4.0-SNAPSHOT.jar:?]
	at org.apache.hadoop.ozone.protocolPB.OzoneManagerProtocolServerSideTranslatorPB.submitRequestDirectlyToOM(OzoneManagerProtocolServerSideTranslatorPB.java:272) ~[ozone-manager-1.4.0-SNAPSHOT.jar:?]
	at org.apache.hadoop.ozone.protocolPB.OzoneManagerProtocolServerSideTranslatorPB.processRequest(OzoneManagerProtocolServerSideTranslatorPB.java:173) ~[ozone-manager-1.4.0-SNAPSHOT.jar:?]
	at org.apache.hadoop.hdds.server.OzoneProtocolMessageDispatcher.processRequest(OzoneProtocolMessageDispatcher.java:87) [hdds-server-framework-1.4.0-SNAPSHOT.jar:?]
	at org.apache.hadoop.ozone.protocolPB.OzoneManagerProtocolServerSideTranslatorPB.submitRequest(OzoneManagerProtocolServerSideTranslatorPB.java:147) [ozone-manager-1.4.0-SNAPSHOT.jar:?]
	at org.apache.hadoop.ozone.protocol.proto.OzoneManagerProtocolProtos$OzoneManagerService$2.callBlockingMethod(OzoneManagerProtocolProtos.java) [ozone-interface-client-1.4.0-SNAPSHOT.jar:?]
	at org.apache.hadoop.ipc.ProtobufRpcEngine$Server.processCall(ProtobufRpcEngine.java:484) [hadoop-common-3.3.5.jar:?]
	at org.apache.hadoop.ipc.ProtobufRpcEngine2$Server$ProtoBufRpcInvoker.call(ProtobufRpcEngine2.java:595) [hadoop-common-3.3.5.jar:?]
	at org.apache.hadoop.ipc.ProtobufRpcEngine2$Server$ProtoBufRpcInvoker.call(ProtobufRpcEngine2.java:573) [hadoop-common-3.3.5.jar:?]
	at org.apache.hadoop.ipc.RPC$Server.call(RPC.java:1213) [hadoop-common-3.3.5.jar:?]
	at org.apache.hadoop.ipc.Server$RpcCall.run(Server.java:1089) [hadoop-common-3.3.5.jar:?]
	at org.apache.hadoop.ipc.Server$RpcCall.run(Server.java:1012) [hadoop-common-3.3.5.jar:?]
	at java.security.AccessController.doPrivileged(Native Method) ~[?:1.8.0_362]
	at javax.security.auth.Subject.doAs(Subject.java:422) [?:1.8.0_362]
	at org.apache.hadoop.security.UserGroupInformation.doAs(UserGroupInformation.java:1899) [hadoop-common-3.3.5.jar:?]
	at org.apache.hadoop.ipc.Server$Handler.run(Server.java:3026) [hadoop-common-3.3.5.jar:?]
17:19:59.251 [IPC Server handler 14 on default port 37689] ERROR OMAudit - user=runner | ip=127.0.0.1 | op=GET_FILE_STATUS {volume=volume96095, bucket=bucket29928, key=gdir1/dir4, dataSize=0, replicationConfig=null} | ret=FAILURE
org.apache.hadoop.ozone.om.exceptions.OMException: Unable to get file status: volume: volume96095 bucket: bucket29928 key: gdir1/dir4
	at org.apache.hadoop.ozone.om.KeyManagerImpl.getOzoneFileStatus(KeyManagerImpl.java:1200) ~[ozone-manager-1.4.0-SNAPSHOT.jar:?]
	at org.apache.hadoop.ozone.om.KeyManagerImpl.getFileStatus(KeyManagerImpl.java:1118) ~[ozone-manager-1.4.0-SNAPSHOT.jar:?]
	at org.apache.hadoop.ozone.om.OmMetadataReader.getFileStatus(OmMetadataReader.java:288) ~[ozone-manager-1.4.0-SNAPSHOT.jar:?]
	at org.apache.hadoop.ozone.om.OzoneManager.getFileStatus(OzoneManager.java:3491) ~[ozone-manager-1.4.0-SNAPSHOT.jar:?]
	at org.apache.hadoop.ozone.protocolPB.OzoneManagerRequestHandler.getOzoneFileStatus(OzoneManagerRequestHandler.java:934) ~[ozone-manager-1.4.0-SNAPSHOT.jar:?]
	at org.apache.hadoop.ozone.protocolPB.OzoneManagerRequestHandler.handleReadRequest(OzoneManagerRequestHandler.java:238) ~[ozone-manager-1.4.0-SNAPSHOT.jar:?]
	at org.apache.hadoop.ozone.protocolPB.OzoneManagerProtocolServerSideTranslatorPB.submitRequestDirectlyToOM(OzoneManagerProtocolServerSideTranslatorPB.java:272) ~[ozone-manager-1.4.0-SNAPSHOT.jar:?]
	at org.apache.hadoop.ozone.protocolPB.OzoneManagerProtocolServerSideTranslatorPB.processRequest(OzoneManagerProtocolServerSideTranslatorPB.java:173) ~[ozone-manager-1.4.0-SNAPSHOT.jar:?]
	at org.apache.hadoop.hdds.server.OzoneProtocolMessageDispatcher.processRequest(OzoneProtocolMessageDispatcher.java:87) [hdds-server-framework-1.4.0-SNAPSHOT.jar:?]
	at org.apache.hadoop.ozone.protocolPB.OzoneManagerProtocolServerSideTranslatorPB.submitRequest(OzoneManagerProtocolServerSideTranslatorPB.java:147) [ozone-manager-1.4.0-SNAPSHOT.jar:?]
	at org.apache.hadoop.ozone.protocol.proto.OzoneManagerProtocolProtos$OzoneManagerService$2.callBlockingMethod(OzoneManagerProtocolProtos.java) [ozone-interface-client-1.4.0-SNAPSHOT.jar:?]
	at org.apache.hadoop.ipc.ProtobufRpcEngine$Server.processCall(ProtobufRpcEngine.java:484) [hadoop-common-3.3.5.jar:?]
	at org.apache.hadoop.ipc.ProtobufRpcEngine2$Server$ProtoBufRpcInvoker.call(ProtobufRpcEngine2.java:595) [hadoop-common-3.3.5.jar:?]
	at org.apache.hadoop.ipc.ProtobufRpcEngine2$Server$ProtoBufRpcInvoker.call(ProtobufRpcEngine2.java:573) [hadoop-common-3.3.5.jar:?]
	at org.apache.hadoop.ipc.RPC$Server.call(RPC.java:1213) [hadoop-common-3.3.5.jar:?]
	at org.apache.hadoop.ipc.Server$RpcCall.run(Server.java:1089) [hadoop-common-3.3.5.jar:?]
	at org.apache.hadoop.ipc.Server$RpcCall.run(Server.java:1012) [hadoop-common-3.3.5.jar:?]
	at java.security.AccessController.doPrivileged(Native Method) ~[?:1.8.0_362]
	at javax.security.auth.Subject.doAs(Subject.java:422) [?:1.8.0_362]
	at org.apache.hadoop.security.UserGroupInformation.doAs(UserGroupInformation.java:1899) [hadoop-common-3.3.5.jar:?]
	at org.apache.hadoop.ipc.Server$Handler.run(Server.java:3026) [hadoop-common-3.3.5.jar:?]
17:19:59.251 [IPC Server handler 15 on default port 37689] ERROR OMAudit - user=runner | ip=127.0.0.1 | op=GET_FILE_STATUS {volume=volume96095, bucket=bucket29928, key=gdir1/dir4/child, dataSize=0, replicationConfig=null} | ret=FAILURE
org.apache.hadoop.ozone.om.exceptions.OMException: Unable to get file status: volume: volume96095 bucket: bucket29928 key: gdir1/dir4/child
	at org.apache.hadoop.ozone.om.KeyManagerImpl.getOzoneFileStatus(KeyManagerImpl.java:1200) ~[ozone-manager-1.4.0-SNAPSHOT.jar:?]
	at org.apache.hadoop.ozone.om.KeyManagerImpl.getFileStatus(KeyManagerImpl.java:1118) ~[ozone-manager-1.4.0-SNAPSHOT.jar:?]
	at org.apache.hadoop.ozone.om.OmMetadataReader.getFileStatus(OmMetadataReader.java:288) ~[ozone-manager-1.4.0-SNAPSHOT.jar:?]
	at org.apache.hadoop.ozone.om.OzoneManager.getFileStatus(OzoneManager.java:3491) ~[ozone-manager-1.4.0-SNAPSHOT.jar:?]
	at org.apache.hadoop.ozone.protocolPB.OzoneManagerRequestHandler.getOzoneFileStatus(OzoneManagerRequestHandler.java:934) ~[ozone-manager-1.4.0-SNAPSHOT.jar:?]
	at org.apache.hadoop.ozone.protocolPB.OzoneManagerRequestHandler.handleReadRequest(OzoneManagerRequestHandler.java:238) ~[ozone-manager-1.4.0-SNAPSHOT.jar:?]
	at org.apache.hadoop.ozone.protocolPB.OzoneManagerProtocolServerSideTranslatorPB.submitRequestDirectlyToOM(OzoneManagerProtocolServerSideTranslatorPB.java:272) ~[ozone-manager-1.4.0-SNAPSHOT.jar:?]
	at org.apache.hadoop.ozone.protocolPB.OzoneManagerProtocolServerSideTranslatorPB.processRequest(OzoneManagerProtocolServerSideTranslatorPB.java:173) ~[ozone-manager-1.4.0-SNAPSHOT.jar:?]
	at org.apache.hadoop.hdds.server.OzoneProtocolMessageDispatcher.processRequest(OzoneProtocolMessageDispatcher.java:87) [hdds-server-framework-1.4.0-SNAPSHOT.jar:?]
	at org.apache.hadoop.ozone.protocolPB.OzoneManagerProtocolServerSideTranslatorPB.submitRequest(OzoneManagerProtocolServerSideTranslatorPB.java:147) [ozone-manager-1.4.0-SNAPSHOT.jar:?]
	at org.apache.hadoop.ozone.protocol.proto.OzoneManagerProtocolProtos$OzoneManagerService$2.callBlockingMethod(OzoneManagerProtocolProtos.java) [ozone-interface-client-1.4.0-SNAPSHOT.jar:?]
	at org.apache.hadoop.ipc.ProtobufRpcEngine$Server.processCall(ProtobufRpcEngine.java:484) [hadoop-common-3.3.5.jar:?]
	at org.apache.hadoop.ipc.ProtobufRpcEngine2$Server$ProtoBufRpcInvoker.call(ProtobufRpcEngine2.java:595) [hadoop-common-3.3.5.jar:?]
	at org.apache.hadoop.ipc.ProtobufRpcEngine2$Server$ProtoBufRpcInvoker.call(ProtobufRpcEngine2.java:573) [hadoop-common-3.3.5.jar:?]
	at org.apache.hadoop.ipc.RPC$Server.call(RPC.java:1213) [hadoop-common-3.3.5.jar:?]
	at org.apache.hadoop.ipc.Server$RpcCall.run(Server.java:1089) [hadoop-common-3.3.5.jar:?]
	at org.apache.hadoop.ipc.Server$RpcCall.run(Server.java:1012) [hadoop-common-3.3.5.jar:?]
	at java.security.AccessController.doPrivileged(Native Method) ~[?:1.8.0_362]
	at javax.security.auth.Subject.doAs(Subject.java:422) [?:1.8.0_362]
	at org.apache.hadoop.security.UserGroupInformation.doAs(UserGroupInformation.java:1899) [hadoop-common-3.3.5.jar:?]
	at org.apache.hadoop.ipc.Server$Handler.run(Server.java:3026) [hadoop-common-3.3.5.jar:?]
17:19:59.252 [IPC Server handler 16 on default port 37689] ERROR OMAudit - user=runner | ip=127.0.0.1 | op=GET_FILE_STATUS {volume=volume96095, bucket=bucket29928, key=gdir1/dir5, dataSize=0, replicationConfig=null} | ret=FAILURE
org.apache.hadoop.ozone.om.exceptions.OMException: Unable to get file status: volume: volume96095 bucket: bucket29928 key: gdir1/dir5
	at org.apache.hadoop.ozone.om.KeyManagerImpl.getOzoneFileStatus(KeyManagerImpl.java:1200) ~[ozone-manager-1.4.0-SNAPSHOT.jar:?]
	at org.apache.hadoop.ozone.om.KeyManagerImpl.getFileStatus(KeyManagerImpl.java:1118) ~[ozone-manager-1.4.0-SNAPSHOT.jar:?]
	at org.apache.hadoop.ozone.om.OmMetadataReader.getFileStatus(OmMetadataReader.java:288) ~[ozone-manager-1.4.0-SNAPSHOT.jar:?]
	at org.apache.hadoop.ozone.om.OzoneManager.getFileStatus(OzoneManager.java:3491) ~[ozone-manager-1.4.0-SNAPSHOT.jar:?]
	at org.apache.hadoop.ozone.protocolPB.OzoneManagerRequestHandler.getOzoneFileStatus(OzoneManagerRequestHandler.java:934) ~[ozone-manager-1.4.0-SNAPSHOT.jar:?]
	at org.apache.hadoop.ozone.protocolPB.OzoneManagerRequestHandler.handleReadRequest(OzoneManagerRequestHandler.java:238) ~[ozone-manager-1.4.0-SNAPSHOT.jar:?]
	at org.apache.hadoop.ozone.protocolPB.OzoneManagerProtocolServerSideTranslatorPB.submitRequestDirectlyToOM(OzoneManagerProtocolServerSideTranslatorPB.java:272) ~[ozone-manager-1.4.0-SNAPSHOT.jar:?]
	at org.apache.hadoop.ozone.protocolPB.OzoneManagerProtocolServerSideTranslatorPB.processRequest(OzoneManagerProtocolServerSideTranslatorPB.java:173) ~[ozone-manager-1.4.0-SNAPSHOT.jar:?]
	at org.apache.hadoop.hdds.server.OzoneProtocolMessageDispatcher.processRequest(OzoneProtocolMessageDispatcher.java:87) [hdds-server-framework-1.4.0-SNAPSHOT.jar:?]
	at org.apache.hadoop.ozone.protocolPB.OzoneManagerProtocolServerSideTranslatorPB.submitRequest(OzoneManagerProtocolServerSideTranslatorPB.java:147) [ozone-manager-1.4.0-SNAPSHOT.jar:?]
	at org.apache.hadoop.ozone.protocol.proto.OzoneManagerProtocolProtos$OzoneManagerService$2.callBlockingMethod(OzoneManagerProtocolProtos.java) [ozone-interface-client-1.4.0-SNAPSHOT.jar:?]
	at org.apache.hadoop.ipc.ProtobufRpcEngine$Server.processCall(ProtobufRpcEngine.java:484) [hadoop-common-3.3.5.jar:?]
	at org.apache.hadoop.ipc.ProtobufRpcEngine2$Server$ProtoBufRpcInvoker.call(ProtobufRpcEngine2.java:595) [hadoop-common-3.3.5.jar:?]
	at org.apache.hadoop.ipc.ProtobufRpcEngine2$Server$ProtoBufRpcInvoker.call(ProtobufRpcEngine2.java:573) [hadoop-common-3.3.5.jar:?]
	at org.apache.hadoop.ipc.RPC$Server.call(RPC.java:1213) [hadoop-common-3.3.5.jar:?]
	at org.apache.hadoop.ipc.Server$RpcCall.run(Server.java:1089) [hadoop-common-3.3.5.jar:?]
	at org.apache.hadoop.ipc.Server$RpcCall.run(Server.java:1012) [hadoop-common-3.3.5.jar:?]
	at java.security.AccessController.doPrivileged(Native Method) ~[?:1.8.0_362]
	at javax.security.auth.Subject.doAs(Subject.java:422) [?:1.8.0_362]
	at org.apache.hadoop.security.UserGroupInformation.doAs(UserGroupInformation.java:1899) [hadoop-common-3.3.5.jar:?]
	at org.apache.hadoop.ipc.Server$Handler.run(Server.java:3026) [hadoop-common-3.3.5.jar:?]
17:19:59.253 [IPC Server handler 17 on default port 37689] ERROR OMAudit - user=runner | ip=127.0.0.1 | op=GET_FILE_STATUS {volume=volume96095, bucket=bucket29928, key=gdir1/dir5/child, dataSize=0, replicationConfig=null} | ret=FAILURE
org.apache.hadoop.ozone.om.exceptions.OMException: Unable to get file status: volume: volume96095 bucket: bucket29928 key: gdir1/dir5/child
	at org.apache.hadoop.ozone.om.KeyManagerImpl.getOzoneFileStatus(KeyManagerImpl.java:1200) ~[ozone-manager-1.4.0-SNAPSHOT.jar:?]
	at org.apache.hadoop.ozone.om.KeyManagerImpl.getFileStatus(KeyManagerImpl.java:1118) ~[ozone-manager-1.4.0-SNAPSHOT.jar:?]
	at org.apache.hadoop.ozone.om.OmMetadataReader.getFileStatus(OmMetadataReader.java:288) ~[ozone-manager-1.4.0-SNAPSHOT.jar:?]
	at org.apache.hadoop.ozone.om.OzoneManager.getFileStatus(OzoneManager.java:3491) ~[ozone-manager-1.4.0-SNAPSHOT.jar:?]
	at org.apache.hadoop.ozone.protocolPB.OzoneManagerRequestHandler.getOzoneFileStatus(OzoneManagerRequestHandler.java:934) ~[ozone-manager-1.4.0-SNAPSHOT.jar:?]
	at org.apache.hadoop.ozone.protocolPB.OzoneManagerRequestHandler.handleReadRequest(OzoneManagerRequestHandler.java:238) ~[ozone-manager-1.4.0-SNAPSHOT.jar:?]
	at org.apache.hadoop.ozone.protocolPB.OzoneManagerProtocolServerSideTranslatorPB.submitRequestDirectlyToOM(OzoneManagerProtocolServerSideTranslatorPB.java:272) ~[ozone-manager-1.4.0-SNAPSHOT.jar:?]
	at org.apache.hadoop.ozone.protocolPB.OzoneManagerProtocolServerSideTranslatorPB.processRequest(OzoneManagerProtocolServerSideTranslatorPB.java:173) ~[ozone-manager-1.4.0-SNAPSHOT.jar:?]
	at org.apache.hadoop.hdds.server.OzoneProtocolMessageDispatcher.processRequest(OzoneProtocolMessageDispatcher.java:87) [hdds-server-framework-1.4.0-SNAPSHOT.jar:?]
	at org.apache.hadoop.ozone.protocolPB.OzoneManagerProtocolServerSideTranslatorPB.submitRequest(OzoneManagerProtocolServerSideTranslatorPB.java:147) [ozone-manager-1.4.0-SNAPSHOT.jar:?]
	at org.apache.hadoop.ozone.protocol.proto.OzoneManagerProtocolProtos$OzoneManagerService$2.callBlockingMethod(OzoneManagerProtocolProtos.java) [ozone-interface-client-1.4.0-SNAPSHOT.jar:?]
	at org.apache.hadoop.ipc.ProtobufRpcEngine$Server.processCall(ProtobufRpcEngine.java:484) [hadoop-common-3.3.5.jar:?]
	at org.apache.hadoop.ipc.ProtobufRpcEngine2$Server$ProtoBufRpcInvoker.call(ProtobufRpcEngine2.java:595) [hadoop-common-3.3.5.jar:?]
	at org.apache.hadoop.ipc.ProtobufRpcEngine2$Server$ProtoBufRpcInvoker.call(ProtobufRpcEngine2.java:573) [hadoop-common-3.3.5.jar:?]
	at org.apache.hadoop.ipc.RPC$Server.call(RPC.java:1213) [hadoop-common-3.3.5.jar:?]
	at org.apache.hadoop.ipc.Server$RpcCall.run(Server.java:1089) [hadoop-common-3.3.5.jar:?]
	at org.apache.hadoop.ipc.Server$RpcCall.run(Server.java:1012) [hadoop-common-3.3.5.jar:?]
	at java.security.AccessController.doPrivileged(Native Method) ~[?:1.8.0_362]
	at javax.security.auth.Subject.doAs(Subject.java:422) [?:1.8.0_362]
	at org.apache.hadoop.security.UserGroupInformation.doAs(UserGroupInformation.java:1899) [hadoop-common-3.3.5.jar:?]
	at org.apache.hadoop.ipc.Server$Handler.run(Server.java:3026) [hadoop-common-3.3.5.jar:?]
17:19:59.254 [IPC Server handler 18 on default port 37689] ERROR OMAudit - user=runner | ip=127.0.0.1 | op=GET_FILE_STATUS {volume=volume96095, bucket=bucket29928, key=gdir1/dir6, dataSize=0, replicationConfig=null} | ret=FAILURE
org.apache.hadoop.ozone.om.exceptions.OMException: Unable to get file status: volume: volume96095 bucket: bucket29928 key: gdir1/dir6
	at org.apache.hadoop.ozone.om.KeyManagerImpl.getOzoneFileStatus(KeyManagerImpl.java:1200) ~[ozone-manager-1.4.0-SNAPSHOT.jar:?]
	at org.apache.hadoop.ozone.om.KeyManagerImpl.getFileStatus(KeyManagerImpl.java:1118) ~[ozone-manager-1.4.0-SNAPSHOT.jar:?]
	at org.apache.hadoop.ozone.om.OmMetadataReader.getFileStatus(OmMetadataReader.java:288) ~[ozone-manager-1.4.0-SNAPSHOT.jar:?]
	at org.apache.hadoop.ozone.om.OzoneManager.getFileStatus(OzoneManager.java:3491) ~[ozone-manager-1.4.0-SNAPSHOT.jar:?]
	at org.apache.hadoop.ozone.protocolPB.OzoneManagerRequestHandler.getOzoneFileStatus(OzoneManagerRequestHandler.java:934) ~[ozone-manager-1.4.0-SNAPSHOT.jar:?]
	at org.apache.hadoop.ozone.protocolPB.OzoneManagerRequestHandler.handleReadRequest(OzoneManagerRequestHandler.java:238) ~[ozone-manager-1.4.0-SNAPSHOT.jar:?]
	at org.apache.hadoop.ozone.protocolPB.OzoneManagerProtocolServerSideTranslatorPB.submitRequestDirectlyToOM(OzoneManagerProtocolServerSideTranslatorPB.java:272) ~[ozone-manager-1.4.0-SNAPSHOT.jar:?]
	at org.apache.hadoop.ozone.protocolPB.OzoneManagerProtocolServerSideTranslatorPB.processRequest(OzoneManagerProtocolServerSideTranslatorPB.java:173) ~[ozone-manager-1.4.0-SNAPSHOT.jar:?]
	at org.apache.hadoop.hdds.server.OzoneProtocolMessageDispatcher.processRequest(OzoneProtocolMessageDispatcher.java:87) [hdds-server-framework-1.4.0-SNAPSHOT.jar:?]
	at org.apache.hadoop.ozone.protocolPB.OzoneManagerProtocolServerSideTranslatorPB.submitRequest(OzoneManagerProtocolServerSideTranslatorPB.java:147) [ozone-manager-1.4.0-SNAPSHOT.jar:?]
	at org.apache.hadoop.ozone.protocol.proto.OzoneManagerProtocolProtos$OzoneManagerService$2.callBlockingMethod(OzoneManagerProtocolProtos.java) [ozone-interface-client-1.4.0-SNAPSHOT.jar:?]
	at org.apache.hadoop.ipc.ProtobufRpcEngine$Server.processCall(ProtobufRpcEngine.java:484) [hadoop-common-3.3.5.jar:?]
	at org.apache.hadoop.ipc.ProtobufRpcEngine2$Server$ProtoBufRpcInvoker.call(ProtobufRpcEngine2.java:595) [hadoop-common-3.3.5.jar:?]
	at org.apache.hadoop.ipc.ProtobufRpcEngine2$Server$ProtoBufRpcInvoker.call(ProtobufRpcEngine2.java:573) [hadoop-common-3.3.5.jar:?]
	at org.apache.hadoop.ipc.RPC$Server.call(RPC.java:1213) [hadoop-common-3.3.5.jar:?]
	at org.apache.hadoop.ipc.Server$RpcCall.run(Server.java:1089) [hadoop-common-3.3.5.jar:?]
	at org.apache.hadoop.ipc.Server$RpcCall.run(Server.java:1012) [hadoop-common-3.3.5.jar:?]
	at java.security.AccessController.doPrivileged(Native Method) ~[?:1.8.0_362]
	at javax.security.auth.Subject.doAs(Subject.java:422) [?:1.8.0_362]
	at org.apache.hadoop.security.UserGroupInformation.doAs(UserGroupInformation.java:1899) [hadoop-common-3.3.5.jar:?]
	at org.apache.hadoop.ipc.Server$Handler.run(Server.java:3026) [hadoop-common-3.3.5.jar:?]
17:19:59.254 [IPC Server handler 7 on default port 37689] ERROR OMAudit - user=runner | ip=127.0.0.1 | op=GET_FILE_STATUS {volume=volume96095, bucket=bucket29928, key=gdir1/dir6/child, dataSize=0, replicationConfig=null} | ret=FAILURE
org.apache.hadoop.ozone.om.exceptions.OMException: Unable to get file status: volume: volume96095 bucket: bucket29928 key: gdir1/dir6/child
	at org.apache.hadoop.ozone.om.KeyManagerImpl.getOzoneFileStatus(KeyManagerImpl.java:1200) ~[ozone-manager-1.4.0-SNAPSHOT.jar:?]
	at org.apache.hadoop.ozone.om.KeyManagerImpl.getFileStatus(KeyManagerImpl.java:1118) ~[ozone-manager-1.4.0-SNAPSHOT.jar:?]
	at org.apache.hadoop.ozone.om.OmMetadataReader.getFileStatus(OmMetadataReader.java:288) ~[ozone-manager-1.4.0-SNAPSHOT.jar:?]
	at org.apache.hadoop.ozone.om.OzoneManager.getFileStatus(OzoneManager.java:3491) ~[ozone-manager-1.4.0-SNAPSHOT.jar:?]
	at org.apache.hadoop.ozone.protocolPB.OzoneManagerRequestHandler.getOzoneFileStatus(OzoneManagerRequestHandler.java:934) ~[ozone-manager-1.4.0-SNAPSHOT.jar:?]
	at org.apache.hadoop.ozone.protocolPB.OzoneManagerRequestHandler.handleReadRequest(OzoneManagerRequestHandler.java:238) ~[ozone-manager-1.4.0-SNAPSHOT.jar:?]
	at org.apache.hadoop.ozone.protocolPB.OzoneManagerProtocolServerSideTranslatorPB.submitRequestDirectlyToOM(OzoneManagerProtocolServerSideTranslatorPB.java:272) ~[ozone-manager-1.4.0-SNAPSHOT.jar:?]
	at org.apache.hadoop.ozone.protocolPB.OzoneManagerProtocolServerSideTranslatorPB.processRequest(OzoneManagerProtocolServerSideTranslatorPB.java:173) ~[ozone-manager-1.4.0-SNAPSHOT.jar:?]
	at org.apache.hadoop.hdds.server.OzoneProtocolMessageDispatcher.processRequest(OzoneProtocolMessageDispatcher.java:87) [hdds-server-framework-1.4.0-SNAPSHOT.jar:?]
	at org.apache.hadoop.ozone.protocolPB.OzoneManagerProtocolServerSideTranslatorPB.submitRequest(OzoneManagerProtocolServerSideTranslatorPB.java:147) [ozone-manager-1.4.0-SNAPSHOT.jar:?]
	at org.apache.hadoop.ozone.protocol.proto.OzoneManagerProtocolProtos$OzoneManagerService$2.callBlockingMethod(OzoneManagerProtocolProtos.java) [ozone-interface-client-1.4.0-SNAPSHOT.jar:?]
	at org.apache.hadoop.ipc.ProtobufRpcEngine$Server.processCall(ProtobufRpcEngine.java:484) [hadoop-common-3.3.5.jar:?]
	at org.apache.hadoop.ipc.ProtobufRpcEngine2$Server$ProtoBufRpcInvoker.call(ProtobufRpcEngine2.java:595) [hadoop-common-3.3.5.jar:?]
	at org.apache.hadoop.ipc.ProtobufRpcEngine2$Server$ProtoBufRpcInvoker.call(ProtobufRpcEngine2.java:573) [hadoop-common-3.3.5.jar:?]
	at org.apache.hadoop.ipc.RPC$Server.call(RPC.java:1213) [hadoop-common-3.3.5.jar:?]
	at org.apache.hadoop.ipc.Server$RpcCall.run(Server.java:1089) [hadoop-common-3.3.5.jar:?]
	at org.apache.hadoop.ipc.Server$RpcCall.run(Server.java:1012) [hadoop-common-3.3.5.jar:?]
	at java.security.AccessController.doPrivileged(Native Method) ~[?:1.8.0_362]
	at javax.security.auth.Subject.doAs(Subject.java:422) [?:1.8.0_362]
	at org.apache.hadoop.security.UserGroupInformation.doAs(UserGroupInformation.java:1899) [hadoop-common-3.3.5.jar:?]
	at org.apache.hadoop.ipc.Server$Handler.run(Server.java:3026) [hadoop-common-3.3.5.jar:?]
17:19:59.255 [IPC Server handler 9 on default port 37689] ERROR OMAudit - user=runner | ip=127.0.0.1 | op=GET_FILE_STATUS {volume=volume96095, bucket=bucket29928, key=gdir1/dir7, dataSize=0, replicationConfig=null} | ret=FAILURE
org.apache.hadoop.ozone.om.exceptions.OMException: Unable to get file status: volume: volume96095 bucket: bucket29928 key: gdir1/dir7
	at org.apache.hadoop.ozone.om.KeyManagerImpl.getOzoneFileStatus(KeyManagerImpl.java:1200) ~[ozone-manager-1.4.0-SNAPSHOT.jar:?]
	at org.apache.hadoop.ozone.om.KeyManagerImpl.getFileStatus(KeyManagerImpl.java:1118) ~[ozone-manager-1.4.0-SNAPSHOT.jar:?]
	at org.apache.hadoop.ozone.om.OmMetadataReader.getFileStatus(OmMetadataReader.java:288) ~[ozone-manager-1.4.0-SNAPSHOT.jar:?]
	at org.apache.hadoop.ozone.om.OzoneManager.getFileStatus(OzoneManager.java:3491) ~[ozone-manager-1.4.0-SNAPSHOT.jar:?]
	at org.apache.hadoop.ozone.protocolPB.OzoneManagerRequestHandler.getOzoneFileStatus(OzoneManagerRequestHandler.java:934) ~[ozone-manager-1.4.0-SNAPSHOT.jar:?]
	at org.apache.hadoop.ozone.protocolPB.OzoneManagerRequestHandler.handleReadRequest(OzoneManagerRequestHandler.java:238) ~[ozone-manager-1.4.0-SNAPSHOT.jar:?]
	at org.apache.hadoop.ozone.protocolPB.OzoneManagerProtocolServerSideTranslatorPB.submitRequestDirectlyToOM(OzoneManagerProtocolServerSideTranslatorPB.java:272) ~[ozone-manager-1.4.0-SNAPSHOT.jar:?]
	at org.apache.hadoop.ozone.protocolPB.OzoneManagerProtocolServerSideTranslatorPB.processRequest(OzoneManagerProtocolServerSideTranslatorPB.java:173) ~[ozone-manager-1.4.0-SNAPSHOT.jar:?]
	at org.apache.hadoop.hdds.server.OzoneProtocolMessageDispatcher.processRequest(OzoneProtocolMessageDispatcher.java:87) [hdds-server-framework-1.4.0-SNAPSHOT.jar:?]
	at org.apache.hadoop.ozone.protocolPB.OzoneManagerProtocolServerSideTranslatorPB.submitRequest(OzoneManagerProtocolServerSideTranslatorPB.java:147) [ozone-manager-1.4.0-SNAPSHOT.jar:?]
	at org.apache.hadoop.ozone.protocol.proto.OzoneManagerProtocolProtos$OzoneManagerService$2.callBlockingMethod(OzoneManagerProtocolProtos.java) [ozone-interface-client-1.4.0-SNAPSHOT.jar:?]
	at org.apache.hadoop.ipc.ProtobufRpcEngine$Server.processCall(ProtobufRpcEngine.java:484) [hadoop-common-3.3.5.jar:?]
	at org.apache.hadoop.ipc.ProtobufRpcEngine2$Server$ProtoBufRpcInvoker.call(ProtobufRpcEngine2.java:595) [hadoop-common-3.3.5.jar:?]
	at org.apache.hadoop.ipc.ProtobufRpcEngine2$Server$ProtoBufRpcInvoker.call(ProtobufRpcEngine2.java:573) [hadoop-common-3.3.5.jar:?]
	at org.apache.hadoop.ipc.RPC$Server.call(RPC.java:1213) [hadoop-common-3.3.5.jar:?]
	at org.apache.hadoop.ipc.Server$RpcCall.run(Server.java:1089) [hadoop-common-3.3.5.jar:?]
	at org.apache.hadoop.ipc.Server$RpcCall.run(Server.java:1012) [hadoop-common-3.3.5.jar:?]
	at java.security.AccessController.doPrivileged(Native Method) ~[?:1.8.0_362]
	at javax.security.auth.Subject.doAs(Subject.java:422) [?:1.8.0_362]
	at org.apache.hadoop.security.UserGroupInformation.doAs(UserGroupInformation.java:1899) [hadoop-common-3.3.5.jar:?]
	at org.apache.hadoop.ipc.Server$Handler.run(Server.java:3026) [hadoop-common-3.3.5.jar:?]
17:19:59.255 [IPC Server handler 10 on default port 37689] ERROR OMAudit - user=runner | ip=127.0.0.1 | op=GET_FILE_STATUS {volume=volume96095, bucket=bucket29928, key=gdir1/dir7/child, dataSize=0, replicationConfig=null} | ret=FAILURE
org.apache.hadoop.ozone.om.exceptions.OMException: Unable to get file status: volume: volume96095 bucket: bucket29928 key: gdir1/dir7/child
	at org.apache.hadoop.ozone.om.KeyManagerImpl.getOzoneFileStatus(KeyManagerImpl.java:1200) ~[ozone-manager-1.4.0-SNAPSHOT.jar:?]
	at org.apache.hadoop.ozone.om.KeyManagerImpl.getFileStatus(KeyManagerImpl.java:1118) ~[ozone-manager-1.4.0-SNAPSHOT.jar:?]
	at org.apache.hadoop.ozone.om.OmMetadataReader.getFileStatus(OmMetadataReader.java:288) ~[ozone-manager-1.4.0-SNAPSHOT.jar:?]
	at org.apache.hadoop.ozone.om.OzoneManager.getFileStatus(OzoneManager.java:3491) ~[ozone-manager-1.4.0-SNAPSHOT.jar:?]
	at org.apache.hadoop.ozone.protocolPB.OzoneManagerRequestHandler.getOzoneFileStatus(OzoneManagerRequestHandler.java:934) ~[ozone-manager-1.4.0-SNAPSHOT.jar:?]
	at org.apache.hadoop.ozone.protocolPB.OzoneManagerRequestHandler.handleReadRequest(OzoneManagerRequestHandler.java:238) ~[ozone-manager-1.4.0-SNAPSHOT.jar:?]
	at org.apache.hadoop.ozone.protocolPB.OzoneManagerProtocolServerSideTranslatorPB.submitRequestDirectlyToOM(OzoneManagerProtocolServerSideTranslatorPB.java:272) ~[ozone-manager-1.4.0-SNAPSHOT.jar:?]
	at org.apache.hadoop.ozone.protocolPB.OzoneManagerProtocolServerSideTranslatorPB.processRequest(OzoneManagerProtocolServerSideTranslatorPB.java:173) ~[ozone-manager-1.4.0-SNAPSHOT.jar:?]
	at org.apache.hadoop.hdds.server.OzoneProtocolMessageDispatcher.processRequest(OzoneProtocolMessageDispatcher.java:87) [hdds-server-framework-1.4.0-SNAPSHOT.jar:?]
	at org.apache.hadoop.ozone.protocolPB.OzoneManagerProtocolServerSideTranslatorPB.submitRequest(OzoneManagerProtocolServerSideTranslatorPB.java:147) [ozone-manager-1.4.0-SNAPSHOT.jar:?]
	at org.apache.hadoop.ozone.protocol.proto.OzoneManagerProtocolProtos$OzoneManagerService$2.callBlockingMethod(OzoneManagerProtocolProtos.java) [ozone-interface-client-1.4.0-SNAPSHOT.jar:?]
	at org.apache.hadoop.ipc.ProtobufRpcEngine$Server.processCall(ProtobufRpcEngine.java:484) [hadoop-common-3.3.5.jar:?]
	at org.apache.hadoop.ipc.ProtobufRpcEngine2$Server$ProtoBufRpcInvoker.call(ProtobufRpcEngine2.java:595) [hadoop-common-3.3.5.jar:?]
	at org.apache.hadoop.ipc.ProtobufRpcEngine2$Server$ProtoBufRpcInvoker.call(ProtobufRpcEngine2.java:573) [hadoop-common-3.3.5.jar:?]
	at org.apache.hadoop.ipc.RPC$Server.call(RPC.java:1213) [hadoop-common-3.3.5.jar:?]
	at org.apache.hadoop.ipc.Server$RpcCall.run(Server.java:1089) [hadoop-common-3.3.5.jar:?]
	at org.apache.hadoop.ipc.Server$RpcCall.run(Server.java:1012) [hadoop-common-3.3.5.jar:?]
	at java.security.AccessController.doPrivileged(Native Method) ~[?:1.8.0_362]
	at javax.security.auth.Subject.doAs(Subject.java:422) [?:1.8.0_362]
	at org.apache.hadoop.security.UserGroupInformation.doAs(UserGroupInformation.java:1899) [hadoop-common-3.3.5.jar:?]
	at org.apache.hadoop.ipc.Server$Handler.run(Server.java:3026) [hadoop-common-3.3.5.jar:?]
17:19:59.258 [IPC Server handler 13 on default port 37689] ERROR OMAudit - user=runner | ip=127.0.0.1 | op=GET_FILE_STATUS {volume=volume96095, bucket=bucket29928, key=gdir1/dir8, dataSize=0, replicationConfig=null} | ret=FAILURE
org.apache.hadoop.ozone.om.exceptions.OMException: Unable to get file status: volume: volume96095 bucket: bucket29928 key: gdir1/dir8
	at org.apache.hadoop.ozone.om.KeyManagerImpl.getOzoneFileStatus(KeyManagerImpl.java:1200) ~[ozone-manager-1.4.0-SNAPSHOT.jar:?]
	at org.apache.hadoop.ozone.om.KeyManagerImpl.getFileStatus(KeyManagerImpl.java:1118) ~[ozone-manager-1.4.0-SNAPSHOT.jar:?]
	at org.apache.hadoop.ozone.om.OmMetadataReader.getFileStatus(OmMetadataReader.java:288) ~[ozone-manager-1.4.0-SNAPSHOT.jar:?]
	at org.apache.hadoop.ozone.om.OzoneManager.getFileStatus(OzoneManager.java:3491) ~[ozone-manager-1.4.0-SNAPSHOT.jar:?]
	at org.apache.hadoop.ozone.protocolPB.OzoneManagerRequestHandler.getOzoneFileStatus(OzoneManagerRequestHandler.java:934) ~[ozone-manager-1.4.0-SNAPSHOT.jar:?]
	at org.apache.hadoop.ozone.protocolPB.OzoneManagerRequestHandler.handleReadRequest(OzoneManagerRequestHandler.java:238) ~[ozone-manager-1.4.0-SNAPSHOT.jar:?]
	at org.apache.hadoop.ozone.protocolPB.OzoneManagerProtocolServerSideTranslatorPB.submitRequestDirectlyToOM(OzoneManagerProtocolServerSideTranslatorPB.java:272) ~[ozone-manager-1.4.0-SNAPSHOT.jar:?]
	at org.apache.hadoop.ozone.protocolPB.OzoneManagerProtocolServerSideTranslatorPB.processRequest(OzoneManagerProtocolServerSideTranslatorPB.java:173) ~[ozone-manager-1.4.0-SNAPSHOT.jar:?]
	at org.apache.hadoop.hdds.server.OzoneProtocolMessageDispatcher.processRequest(OzoneProtocolMessageDispatcher.java:87) [hdds-server-framework-1.4.0-SNAPSHOT.jar:?]
	at org.apache.hadoop.ozone.protocolPB.OzoneManagerProtocolServerSideTranslatorPB.submitRequest(OzoneManagerProtocolServerSideTranslatorPB.java:147) [ozone-manager-1.4.0-SNAPSHOT.jar:?]
	at org.apache.hadoop.ozone.protocol.proto.OzoneManagerProtocolProtos$OzoneManagerService$2.callBlockingMethod(OzoneManagerProtocolProtos.java) [ozone-interface-client-1.4.0-SNAPSHOT.jar:?]
	at org.apache.hadoop.ipc.ProtobufRpcEngine$Server.processCall(ProtobufRpcEngine.java:484) [hadoop-common-3.3.5.jar:?]
	at org.apache.hadoop.ipc.ProtobufRpcEngine2$Server$ProtoBufRpcInvoker.call(ProtobufRpcEngine2.java:595) [hadoop-common-3.3.5.jar:?]
	at org.apache.hadoop.ipc.ProtobufRpcEngine2$Server$ProtoBufRpcInvoker.call(ProtobufRpcEngine2.java:573) [hadoop-common-3.3.5.jar:?]
	at org.apache.hadoop.ipc.RPC$Server.call(RPC.java:1213) [hadoop-common-3.3.5.jar:?]
	at org.apache.hadoop.ipc.Server$RpcCall.run(Server.java:1089) [hadoop-common-3.3.5.jar:?]
	at org.apache.hadoop.ipc.Server$RpcCall.run(Server.java:1012) [hadoop-common-3.3.5.jar:?]
	at java.security.AccessController.doPrivileged(Native Method) ~[?:1.8.0_362]
	at javax.security.auth.Subject.doAs(Subject.java:422) [?:1.8.0_362]
	at org.apache.hadoop.security.UserGroupInformation.doAs(UserGroupInformation.java:1899) [hadoop-common-3.3.5.jar:?]
	at org.apache.hadoop.ipc.Server$Handler.run(Server.java:3026) [hadoop-common-3.3.5.jar:?]
17:19:59.258 [IPC Server handler 19 on default port 37689] ERROR OMAudit - user=runner | ip=127.0.0.1 | op=GET_FILE_STATUS {volume=volume96095, bucket=bucket29928, key=gdir1/dir8/child, dataSize=0, replicationConfig=null} | ret=FAILURE
org.apache.hadoop.ozone.om.exceptions.OMException: Unable to get file status: volume: volume96095 bucket: bucket29928 key: gdir1/dir8/child
	at org.apache.hadoop.ozone.om.KeyManagerImpl.getOzoneFileStatus(KeyManagerImpl.java:1200) ~[ozone-manager-1.4.0-SNAPSHOT.jar:?]
	at org.apache.hadoop.ozone.om.KeyManagerImpl.getFileStatus(KeyManagerImpl.java:1118) ~[ozone-manager-1.4.0-SNAPSHOT.jar:?]
	at org.apache.hadoop.ozone.om.OmMetadataReader.getFileStatus(OmMetadataReader.java:288) ~[ozone-manager-1.4.0-SNAPSHOT.jar:?]
	at org.apache.hadoop.ozone.om.OzoneManager.getFileStatus(OzoneManager.java:3491) ~[ozone-manager-1.4.0-SNAPSHOT.jar:?]
	at org.apache.hadoop.ozone.protocolPB.OzoneManagerRequestHandler.getOzoneFileStatus(OzoneManagerRequestHandler.java:934) ~[ozone-manager-1.4.0-SNAPSHOT.jar:?]
	at org.apache.hadoop.ozone.protocolPB.OzoneManagerRequestHandler.handleReadRequest(OzoneManagerRequestHandler.java:238) ~[ozone-manager-1.4.0-SNAPSHOT.jar:?]
	at org.apache.hadoop.ozone.protocolPB.OzoneManagerProtocolServerSideTranslatorPB.submitRequestDirectlyToOM(OzoneManagerProtocolServerSideTranslatorPB.java:272) ~[ozone-manager-1.4.0-SNAPSHOT.jar:?]
	at org.apache.hadoop.ozone.protocolPB.OzoneManagerProtocolServerSideTranslatorPB.processRequest(OzoneManagerProtocolServerSideTranslatorPB.java:173) ~[ozone-manager-1.4.0-SNAPSHOT.jar:?]
	at org.apache.hadoop.hdds.server.OzoneProtocolMessageDispatcher.processRequest(OzoneProtocolMessageDispatcher.java:87) [hdds-server-framework-1.4.0-SNAPSHOT.jar:?]
	at org.apache.hadoop.ozone.protocolPB.OzoneManagerProtocolServerSideTranslatorPB.submitRequest(OzoneManagerProtocolServerSideTranslatorPB.java:147) [ozone-manager-1.4.0-SNAPSHOT.jar:?]
	at org.apache.hadoop.ozone.protocol.proto.OzoneManagerProtocolProtos$OzoneManagerService$2.callBlockingMethod(OzoneManagerProtocolProtos.java) [ozone-interface-client-1.4.0-SNAPSHOT.jar:?]
	at org.apache.hadoop.ipc.ProtobufRpcEngine$Server.processCall(ProtobufRpcEngine.java:484) [hadoop-common-3.3.5.jar:?]
	at org.apache.hadoop.ipc.ProtobufRpcEngine2$Server$ProtoBufRpcInvoker.call(ProtobufRpcEngine2.java:595) [hadoop-common-3.3.5.jar:?]
	at org.apache.hadoop.ipc.ProtobufRpcEngine2$Server$ProtoBufRpcInvoker.call(ProtobufRpcEngine2.java:573) [hadoop-common-3.3.5.jar:?]
	at org.apache.hadoop.ipc.RPC$Server.call(RPC.java:1213) [hadoop-common-3.3.5.jar:?]
	at org.apache.hadoop.ipc.Server$RpcCall.run(Server.java:1089) [hadoop-common-3.3.5.jar:?]
	at org.apache.hadoop.ipc.Server$RpcCall.run(Server.java:1012) [hadoop-common-3.3.5.jar:?]
	at java.security.AccessController.doPrivileged(Native Method) ~[?:1.8.0_362]
	at javax.security.auth.Subject.doAs(Subject.java:422) [?:1.8.0_362]
	at org.apache.hadoop.security.UserGroupInformation.doAs(UserGroupInformation.java:1899) [hadoop-common-3.3.5.jar:?]
	at org.apache.hadoop.ipc.Server$Handler.run(Server.java:3026) [hadoop-common-3.3.5.jar:?]
17:19:59.259 [IPC Server handler 8 on default port 37689] ERROR OMAudit - user=runner | ip=127.0.0.1 | op=GET_FILE_STATUS {volume=volume96095, bucket=bucket29928, key=gdir1/dir9, dataSize=0, replicationConfig=null} | ret=FAILURE
org.apache.hadoop.ozone.om.exceptions.OMException: Unable to get file status: volume: volume96095 bucket: bucket29928 key: gdir1/dir9
	at org.apache.hadoop.ozone.om.KeyManagerImpl.getOzoneFileStatus(KeyManagerImpl.java:1200) ~[ozone-manager-1.4.0-SNAPSHOT.jar:?]
	at org.apache.hadoop.ozone.om.KeyManagerImpl.getFileStatus(KeyManagerImpl.java:1118) ~[ozone-manager-1.4.0-SNAPSHOT.jar:?]
	at org.apache.hadoop.ozone.om.OmMetadataReader.getFileStatus(OmMetadataReader.java:288) ~[ozone-manager-1.4.0-SNAPSHOT.jar:?]
	at org.apache.hadoop.ozone.om.OzoneManager.getFileStatus(OzoneManager.java:3491) ~[ozone-manager-1.4.0-SNAPSHOT.jar:?]
	at org.apache.hadoop.ozone.protocolPB.OzoneManagerRequestHandler.getOzoneFileStatus(OzoneManagerRequestHandler.java:934) ~[ozone-manager-1.4.0-SNAPSHOT.jar:?]
	at org.apache.hadoop.ozone.protocolPB.OzoneManagerRequestHandler.handleReadRequest(OzoneManagerRequestHandler.java:238) ~[ozone-manager-1.4.0-SNAPSHOT.jar:?]
	at org.apache.hadoop.ozone.protocolPB.OzoneManagerProtocolServerSideTranslatorPB.submitRequestDirectlyToOM(OzoneManagerProtocolServerSideTranslatorPB.java:272) ~[ozone-manager-1.4.0-SNAPSHOT.jar:?]
	at org.apache.hadoop.ozone.protocolPB.OzoneManagerProtocolServerSideTranslatorPB.processRequest(OzoneManagerProtocolServerSideTranslatorPB.java:173) ~[ozone-manager-1.4.0-SNAPSHOT.jar:?]
	at org.apache.hadoop.hdds.server.OzoneProtocolMessageDispatcher.processRequest(OzoneProtocolMessageDispatcher.java:87) [hdds-server-framework-1.4.0-SNAPSHOT.jar:?]
	at org.apache.hadoop.ozone.protocolPB.OzoneManagerProtocolServerSideTranslatorPB.submitRequest(OzoneManagerProtocolServerSideTranslatorPB.java:147) [ozone-manager-1.4.0-SNAPSHOT.jar:?]
	at org.apache.hadoop.ozone.protocol.proto.OzoneManagerProtocolProtos$OzoneManagerService$2.callBlockingMethod(OzoneManagerProtocolProtos.java) [ozone-interface-client-1.4.0-SNAPSHOT.jar:?]
	at org.apache.hadoop.ipc.ProtobufRpcEngine$Server.processCall(ProtobufRpcEngine.java:484) [hadoop-common-3.3.5.jar:?]
	at org.apache.hadoop.ipc.ProtobufRpcEngine2$Server$ProtoBufRpcInvoker.call(ProtobufRpcEngine2.java:595) [hadoop-common-3.3.5.jar:?]
	at org.apache.hadoop.ipc.ProtobufRpcEngine2$Server$ProtoBufRpcInvoker.call(ProtobufRpcEngine2.java:573) [hadoop-common-3.3.5.jar:?]
	at org.apache.hadoop.ipc.RPC$Server.call(RPC.java:1213) [hadoop-common-3.3.5.jar:?]
	at org.apache.hadoop.ipc.Server$RpcCall.run(Server.java:1089) [hadoop-common-3.3.5.jar:?]
	at org.apache.hadoop.ipc.Server$RpcCall.run(Server.java:1012) [hadoop-common-3.3.5.jar:?]
	at java.security.AccessController.doPrivileged(Native Method) ~[?:1.8.0_362]
	at javax.security.auth.Subject.doAs(Subject.java:422) [?:1.8.0_362]
	at org.apache.hadoop.security.UserGroupInformation.doAs(UserGroupInformation.java:1899) [hadoop-common-3.3.5.jar:?]
	at org.apache.hadoop.ipc.Server$Handler.run(Server.java:3026) [hadoop-common-3.3.5.jar:?]
17:19:59.260 [IPC Server handler 3 on default port 37689] ERROR OMAudit - user=runner | ip=127.0.0.1 | op=GET_FILE_STATUS {volume=volume96095, bucket=bucket29928, key=gdir1/dir9/child, dataSize=0, replicationConfig=null} | ret=FAILURE
org.apache.hadoop.ozone.om.exceptions.OMException: Unable to get file status: volume: volume96095 bucket: bucket29928 key: gdir1/dir9/child
	at org.apache.hadoop.ozone.om.KeyManagerImpl.getOzoneFileStatus(KeyManagerImpl.java:1200) ~[ozone-manager-1.4.0-SNAPSHOT.jar:?]
	at org.apache.hadoop.ozone.om.KeyManagerImpl.getFileStatus(KeyManagerImpl.java:1118) ~[ozone-manager-1.4.0-SNAPSHOT.jar:?]
	at org.apache.hadoop.ozone.om.OmMetadataReader.getFileStatus(OmMetadataReader.java:288) ~[ozone-manager-1.4.0-SNAPSHOT.jar:?]
	at org.apache.hadoop.ozone.om.OzoneManager.getFileStatus(OzoneManager.java:3491) ~[ozone-manager-1.4.0-SNAPSHOT.jar:?]
	at org.apache.hadoop.ozone.protocolPB.OzoneManagerRequestHandler.getOzoneFileStatus(OzoneManagerRequestHandler.java:934) ~[ozone-manager-1.4.0-SNAPSHOT.jar:?]
	at org.apache.hadoop.ozone.protocolPB.OzoneManagerRequestHandler.handleReadRequest(OzoneManagerRequestHandler.java:238) ~[ozone-manager-1.4.0-SNAPSHOT.jar:?]
	at org.apache.hadoop.ozone.protocolPB.OzoneManagerProtocolServerSideTranslatorPB.submitRequestDirectlyToOM(OzoneManagerProtocolServerSideTranslatorPB.java:272) ~[ozone-manager-1.4.0-SNAPSHOT.jar:?]
	at org.apache.hadoop.ozone.protocolPB.OzoneManagerProtocolServerSideTranslatorPB.processRequest(OzoneManagerProtocolServerSideTranslatorPB.java:173) ~[ozone-manager-1.4.0-SNAPSHOT.jar:?]
	at org.apache.hadoop.hdds.server.OzoneProtocolMessageDispatcher.processRequest(OzoneProtocolMessageDispatcher.java:87) [hdds-server-framework-1.4.0-SNAPSHOT.jar:?]
	at org.apache.hadoop.ozone.protocolPB.OzoneManagerProtocolServerSideTranslatorPB.submitRequest(OzoneManagerProtocolServerSideTranslatorPB.java:147) [ozone-manager-1.4.0-SNAPSHOT.jar:?]
	at org.apache.hadoop.ozone.protocol.proto.OzoneManagerProtocolProtos$OzoneManagerService$2.callBlockingMethod(OzoneManagerProtocolProtos.java) [ozone-interface-client-1.4.0-SNAPSHOT.jar:?]
	at org.apache.hadoop.ipc.ProtobufRpcEngine$Server.processCall(ProtobufRpcEngine.java:484) [hadoop-common-3.3.5.jar:?]
	at org.apache.hadoop.ipc.ProtobufRpcEngine2$Server$ProtoBufRpcInvoker.call(ProtobufRpcEngine2.java:595) [hadoop-common-3.3.5.jar:?]
	at org.apache.hadoop.ipc.ProtobufRpcEngine2$Server$ProtoBufRpcInvoker.call(ProtobufRpcEngine2.java:573) [hadoop-common-3.3.5.jar:?]
	at org.apache.hadoop.ipc.RPC$Server.call(RPC.java:1213) [hadoop-common-3.3.5.jar:?]
	at org.apache.hadoop.ipc.Server$RpcCall.run(Server.java:1089) [hadoop-common-3.3.5.jar:?]
	at org.apache.hadoop.ipc.Server$RpcCall.run(Server.java:1012) [hadoop-common-3.3.5.jar:?]
	at java.security.AccessController.doPrivileged(Native Method) ~[?:1.8.0_362]
	at javax.security.auth.Subject.doAs(Subject.java:422) [?:1.8.0_362]
	at org.apache.hadoop.security.UserGroupInformation.doAs(UserGroupInformation.java:1899) [hadoop-common-3.3.5.jar:?]
	at org.apache.hadoop.ipc.Server$Handler.run(Server.java:3026) [hadoop-common-3.3.5.jar:?]
17:19:59.260 [IPC Server handler 12 on default port 37689] ERROR OMAudit - user=runner | ip=127.0.0.1 | op=GET_FILE_STATUS {volume=volume96095, bucket=bucket29928, key=gdir1/dir10, dataSize=0, replicationConfig=null} | ret=FAILURE
org.apache.hadoop.ozone.om.exceptions.OMException: Unable to get file status: volume: volume96095 bucket: bucket29928 key: gdir1/dir10
	at org.apache.hadoop.ozone.om.KeyManagerImpl.getOzoneFileStatus(KeyManagerImpl.java:1200) ~[ozone-manager-1.4.0-SNAPSHOT.jar:?]
	at org.apache.hadoop.ozone.om.KeyManagerImpl.getFileStatus(KeyManagerImpl.java:1118) ~[ozone-manager-1.4.0-SNAPSHOT.jar:?]
	at org.apache.hadoop.ozone.om.OmMetadataReader.getFileStatus(OmMetadataReader.java:288) ~[ozone-manager-1.4.0-SNAPSHOT.jar:?]
	at org.apache.hadoop.ozone.om.OzoneManager.getFileStatus(OzoneManager.java:3491) ~[ozone-manager-1.4.0-SNAPSHOT.jar:?]
	at org.apache.hadoop.ozone.protocolPB.OzoneManagerRequestHandler.getOzoneFileStatus(OzoneManagerRequestHandler.java:934) ~[ozone-manager-1.4.0-SNAPSHOT.jar:?]
	at org.apache.hadoop.ozone.protocolPB.OzoneManagerRequestHandler.handleReadRequest(OzoneManagerRequestHandler.java:238) ~[ozone-manager-1.4.0-SNAPSHOT.jar:?]
	at org.apache.hadoop.ozone.protocolPB.OzoneManagerProtocolServerSideTranslatorPB.submitRequestDirectlyToOM(OzoneManagerProtocolServerSideTranslatorPB.java:272) ~[ozone-manager-1.4.0-SNAPSHOT.jar:?]
	at org.apache.hadoop.ozone.protocolPB.OzoneManagerProtocolServerSideTranslatorPB.processRequest(OzoneManagerProtocolServerSideTranslatorPB.java:173) ~[ozone-manager-1.4.0-SNAPSHOT.jar:?]
	at org.apache.hadoop.hdds.server.OzoneProtocolMessageDispatcher.processRequest(OzoneProtocolMessageDispatcher.java:87) [hdds-server-framework-1.4.0-SNAPSHOT.jar:?]
	at org.apache.hadoop.ozone.protocolPB.OzoneManagerProtocolServerSideTranslatorPB.submitRequest(OzoneManagerProtocolServerSideTranslatorPB.java:147) [ozone-manager-1.4.0-SNAPSHOT.jar:?]
	at org.apache.hadoop.ozone.protocol.proto.OzoneManagerProtocolProtos$OzoneManagerService$2.callBlockingMethod(OzoneManagerProtocolProtos.java) [ozone-interface-client-1.4.0-SNAPSHOT.jar:?]
	at org.apache.hadoop.ipc.ProtobufRpcEngine$Server.processCall(ProtobufRpcEngine.java:484) [hadoop-common-3.3.5.jar:?]
	at org.apache.hadoop.ipc.ProtobufRpcEngine2$Server$ProtoBufRpcInvoker.call(ProtobufRpcEngine2.java:595) [hadoop-common-3.3.5.jar:?]
	at org.apache.hadoop.ipc.ProtobufRpcEngine2$Server$ProtoBufRpcInvoker.call(ProtobufRpcEngine2.java:573) [hadoop-common-3.3.5.jar:?]
	at org.apache.hadoop.ipc.RPC$Server.call(RPC.java:1213) [hadoop-common-3.3.5.jar:?]
	at org.apache.hadoop.ipc.Server$RpcCall.run(Server.java:1089) [hadoop-common-3.3.5.jar:?]
	at org.apache.hadoop.ipc.Server$RpcCall.run(Server.java:1012) [hadoop-common-3.3.5.jar:?]
	at java.security.AccessController.doPrivileged(Native Method) ~[?:1.8.0_362]
	at javax.security.auth.Subject.doAs(Subject.java:422) [?:1.8.0_362]
	at org.apache.hadoop.security.UserGroupInformation.doAs(UserGroupInformation.java:1899) [hadoop-common-3.3.5.jar:?]
	at org.apache.hadoop.ipc.Server$Handler.run(Server.java:3026) [hadoop-common-3.3.5.jar:?]
17:19:59.261 [IPC Server handler 11 on default port 37689] ERROR OMAudit - user=runner | ip=127.0.0.1 | op=GET_FILE_STATUS {volume=volume96095, bucket=bucket29928, key=gdir1/dir10/child, dataSize=0, replicationConfig=null} | ret=FAILURE
org.apache.hadoop.ozone.om.exceptions.OMException: Unable to get file status: volume: volume96095 bucket: bucket29928 key: gdir1/dir10/child
	at org.apache.hadoop.ozone.om.KeyManagerImpl.getOzoneFileStatus(KeyManagerImpl.java:1200) ~[ozone-manager-1.4.0-SNAPSHOT.jar:?]
	at org.apache.hadoop.ozone.om.KeyManagerImpl.getFileStatus(KeyManagerImpl.java:1118) ~[ozone-manager-1.4.0-SNAPSHOT.jar:?]
	at org.apache.hadoop.ozone.om.OmMetadataReader.getFileStatus(OmMetadataReader.java:288) ~[ozone-manager-1.4.0-SNAPSHOT.jar:?]
	at org.apache.hadoop.ozone.om.OzoneManager.getFileStatus(OzoneManager.java:3491) ~[ozone-manager-1.4.0-SNAPSHOT.jar:?]
	at org.apache.hadoop.ozone.protocolPB.OzoneManagerRequestHandler.getOzoneFileStatus(OzoneManagerRequestHandler.java:934) ~[ozone-manager-1.4.0-SNAPSHOT.jar:?]
	at org.apache.hadoop.ozone.protocolPB.OzoneManagerRequestHandler.handleReadRequest(OzoneManagerRequestHandler.java:238) ~[ozone-manager-1.4.0-SNAPSHOT.jar:?]
	at org.apache.hadoop.ozone.protocolPB.OzoneManagerProtocolServerSideTranslatorPB.submitRequestDirectlyToOM(OzoneManagerProtocolServerSideTranslatorPB.java:272) ~[ozone-manager-1.4.0-SNAPSHOT.jar:?]
	at org.apache.hadoop.ozone.protocolPB.OzoneManagerProtocolServerSideTranslatorPB.processRequest(OzoneManagerProtocolServerSideTranslatorPB.java:173) ~[ozone-manager-1.4.0-SNAPSHOT.jar:?]
	at org.apache.hadoop.hdds.server.OzoneProtocolMessageDispatcher.processRequest(OzoneProtocolMessageDispatcher.java:87) [hdds-server-framework-1.4.0-SNAPSHOT.jar:?]
	at org.apache.hadoop.ozone.protocolPB.OzoneManagerProtocolServerSideTranslatorPB.submitRequest(OzoneManagerProtocolServerSideTranslatorPB.java:147) [ozone-manager-1.4.0-SNAPSHOT.jar:?]
	at org.apache.hadoop.ozone.protocol.proto.OzoneManagerProtocolProtos$OzoneManagerService$2.callBlockingMethod(OzoneManagerProtocolProtos.java) [ozone-interface-client-1.4.0-SNAPSHOT.jar:?]
	at org.apache.hadoop.ipc.ProtobufRpcEngine$Server.processCall(ProtobufRpcEngine.java:484) [hadoop-common-3.3.5.jar:?]
	at org.apache.hadoop.ipc.ProtobufRpcEngine2$Server$ProtoBufRpcInvoker.call(ProtobufRpcEngine2.java:595) [hadoop-common-3.3.5.jar:?]
	at org.apache.hadoop.ipc.ProtobufRpcEngine2$Server$ProtoBufRpcInvoker.call(ProtobufRpcEngine2.java:573) [hadoop-common-3.3.5.jar:?]
	at org.apache.hadoop.ipc.RPC$Server.call(RPC.java:1213) [hadoop-common-3.3.5.jar:?]
	at org.apache.hadoop.ipc.Server$RpcCall.run(Server.java:1089) [hadoop-common-3.3.5.jar:?]
	at org.apache.hadoop.ipc.Server$RpcCall.run(Server.java:1012) [hadoop-common-3.3.5.jar:?]
	at java.security.AccessController.doPrivileged(Native Method) ~[?:1.8.0_362]
	at javax.security.auth.Subject.doAs(Subject.java:422) [?:1.8.0_362]
	at org.apache.hadoop.security.UserGroupInformation.doAs(UserGroupInformation.java:1899) [hadoop-common-3.3.5.jar:?]
	at org.apache.hadoop.ipc.Server$Handler.run(Server.java:3026) [hadoop-common-3.3.5.jar:?]
2023-04-11 17:19:59,265 [IPC Server handler 2 on default port 37689] INFO  key.OMKeyRequest (OMKeyRequest.java:wrapUncommittedBlocksAsPseudoKey(838)) - Detect allocated but uncommitted blocks [{blockID={containerID=1, localID=111677748019200024}, length=4194304, offset=0, token=null, pipeline=null, createVersion=0, partNumber=0}] in key level0/level1/file1.
2023-04-11 17:19:59,268 [IPC Server handler 4 on default port 37689] INFO  key.OMKeyRequest (OMKeyRequest.java:wrapUncommittedBlocksAsPseudoKey(838)) - Detect allocated but uncommitted blocks [{blockID={containerID=4, localID=111677748019200025}, length=4194304, offset=0, token=null, pipeline=null, createVersion=0, partNumber=0}] in key level0/level1/level1/file1.
2023-04-11 17:19:59,271 [IPC Server handler 5 on default port 37689] INFO  key.OMKeyRequest (OMKeyRequest.java:wrapUncommittedBlocksAsPseudoKey(838)) - Detect allocated but uncommitted blocks [{blockID={containerID=3, localID=111677748019200026}, length=4194304, offset=0, token=null, pipeline=null, createVersion=0, partNumber=0}] in key level0/level2/file1.
2023-04-11 17:19:59,274 [IPC Server handler 15 on default port 37689] INFO  key.OMKeyRequest (OMKeyRequest.java:wrapUncommittedBlocksAsPseudoKey(838)) - Detect allocated but uncommitted blocks [{blockID={containerID=1, localID=111677748019200027}, length=4194304, offset=0, token=null, pipeline=null, createVersion=0, partNumber=0}] in key level0/level2/level2/file1.
2023-04-11 17:19:59,277 [IPC Server handler 17 on default port 37689] INFO  key.OMKeyRequest (OMKeyRequest.java:wrapUncommittedBlocksAsPseudoKey(838)) - Detect allocated but uncommitted blocks [{blockID={containerID=4, localID=111677748019200028}, length=4194304, offset=0, token=null, pipeline=null, createVersion=0, partNumber=0}] in key level0/level3/file1.
2023-04-11 17:19:59,280 [IPC Server handler 7 on default port 37689] INFO  key.OMKeyRequest (OMKeyRequest.java:wrapUncommittedBlocksAsPseudoKey(838)) - Detect allocated but uncommitted blocks [{blockID={containerID=1, localID=111677748019200029}, length=4194304, offset=0, token=null, pipeline=null, createVersion=0, partNumber=0}] in key level0/level3/level3/file1.
17:19:59.296 [IPC Server handler 10 on default port 37689] ERROR OMAudit - user=runner | ip=127.0.0.1 | op=GET_FILE_STATUS {volume=volume96095, bucket=bucket29928, key=level0, dataSize=0, replicationConfig=null} | ret=FAILURE
org.apache.hadoop.ozone.om.exceptions.OMException: Unable to get file status: volume: volume96095 bucket: bucket29928 key: level0
	at org.apache.hadoop.ozone.om.KeyManagerImpl.getOzoneFileStatus(KeyManagerImpl.java:1200) ~[ozone-manager-1.4.0-SNAPSHOT.jar:?]
	at org.apache.hadoop.ozone.om.KeyManagerImpl.getFileStatus(KeyManagerImpl.java:1118) ~[ozone-manager-1.4.0-SNAPSHOT.jar:?]
	at org.apache.hadoop.ozone.om.OmMetadataReader.getFileStatus(OmMetadataReader.java:288) ~[ozone-manager-1.4.0-SNAPSHOT.jar:?]
	at org.apache.hadoop.ozone.om.OzoneManager.getFileStatus(OzoneManager.java:3491) ~[ozone-manager-1.4.0-SNAPSHOT.jar:?]
	at org.apache.hadoop.ozone.protocolPB.OzoneManagerRequestHandler.getOzoneFileStatus(OzoneManagerRequestHandler.java:934) ~[ozone-manager-1.4.0-SNAPSHOT.jar:?]
	at org.apache.hadoop.ozone.protocolPB.OzoneManagerRequestHandler.handleReadRequest(OzoneManagerRequestHandler.java:238) ~[ozone-manager-1.4.0-SNAPSHOT.jar:?]
	at org.apache.hadoop.ozone.protocolPB.OzoneManagerProtocolServerSideTranslatorPB.submitRequestDirectlyToOM(OzoneManagerProtocolServerSideTranslatorPB.java:272) ~[ozone-manager-1.4.0-SNAPSHOT.jar:?]
	at org.apache.hadoop.ozone.protocolPB.OzoneManagerProtocolServerSideTranslatorPB.processRequest(OzoneManagerProtocolServerSideTranslatorPB.java:173) ~[ozone-manager-1.4.0-SNAPSHOT.jar:?]
	at org.apache.hadoop.hdds.server.OzoneProtocolMessageDispatcher.processRequest(OzoneProtocolMessageDispatcher.java:87) [hdds-server-framework-1.4.0-SNAPSHOT.jar:?]
	at org.apache.hadoop.ozone.protocolPB.OzoneManagerProtocolServerSideTranslatorPB.submitRequest(OzoneManagerProtocolServerSideTranslatorPB.java:147) [ozone-manager-1.4.0-SNAPSHOT.jar:?]
	at org.apache.hadoop.ozone.protocol.proto.OzoneManagerProtocolProtos$OzoneManagerService$2.callBlockingMethod(OzoneManagerProtocolProtos.java) [ozone-interface-client-1.4.0-SNAPSHOT.jar:?]
	at org.apache.hadoop.ipc.ProtobufRpcEngine$Server.processCall(ProtobufRpcEngine.java:484) [hadoop-common-3.3.5.jar:?]
	at org.apache.hadoop.ipc.ProtobufRpcEngine2$Server$ProtoBufRpcInvoker.call(ProtobufRpcEngine2.java:595) [hadoop-common-3.3.5.jar:?]
	at org.apache.hadoop.ipc.ProtobufRpcEngine2$Server$ProtoBufRpcInvoker.call(ProtobufRpcEngine2.java:573) [hadoop-common-3.3.5.jar:?]
	at org.apache.hadoop.ipc.RPC$Server.call(RPC.java:1213) [hadoop-common-3.3.5.jar:?]
	at org.apache.hadoop.ipc.Server$RpcCall.run(Server.java:1089) [hadoop-common-3.3.5.jar:?]
	at org.apache.hadoop.ipc.Server$RpcCall.run(Server.java:1012) [hadoop-common-3.3.5.jar:?]
	at java.security.AccessController.doPrivileged(Native Method) ~[?:1.8.0_362]
	at javax.security.auth.Subject.doAs(Subject.java:422) [?:1.8.0_362]
	at org.apache.hadoop.security.UserGroupInformation.doAs(UserGroupInformation.java:1899) [hadoop-common-3.3.5.jar:?]
	at org.apache.hadoop.ipc.Server$Handler.run(Server.java:3026) [hadoop-common-3.3.5.jar:?]
17:19:59.297 [IPC Server handler 13 on default port 37689] ERROR OMAudit - user=runner | ip=127.0.0.1 | op=GET_FILE_STATUS {volume=volume96095, bucket=bucket29928, key=level0/level1, dataSize=0, replicationConfig=null} | ret=FAILURE
org.apache.hadoop.ozone.om.exceptions.OMException: Unable to get file status: volume: volume96095 bucket: bucket29928 key: level0/level1
	at org.apache.hadoop.ozone.om.KeyManagerImpl.getOzoneFileStatus(KeyManagerImpl.java:1200) ~[ozone-manager-1.4.0-SNAPSHOT.jar:?]
	at org.apache.hadoop.ozone.om.KeyManagerImpl.getFileStatus(KeyManagerImpl.java:1118) ~[ozone-manager-1.4.0-SNAPSHOT.jar:?]
	at org.apache.hadoop.ozone.om.OmMetadataReader.getFileStatus(OmMetadataReader.java:288) ~[ozone-manager-1.4.0-SNAPSHOT.jar:?]
	at org.apache.hadoop.ozone.om.OzoneManager.getFileStatus(OzoneManager.java:3491) ~[ozone-manager-1.4.0-SNAPSHOT.jar:?]
	at org.apache.hadoop.ozone.protocolPB.OzoneManagerRequestHandler.getOzoneFileStatus(OzoneManagerRequestHandler.java:934) ~[ozone-manager-1.4.0-SNAPSHOT.jar:?]
	at org.apache.hadoop.ozone.protocolPB.OzoneManagerRequestHandler.handleReadRequest(OzoneManagerRequestHandler.java:238) ~[ozone-manager-1.4.0-SNAPSHOT.jar:?]
	at org.apache.hadoop.ozone.protocolPB.OzoneManagerProtocolServerSideTranslatorPB.submitRequestDirectlyToOM(OzoneManagerProtocolServerSideTranslatorPB.java:272) ~[ozone-manager-1.4.0-SNAPSHOT.jar:?]
	at org.apache.hadoop.ozone.protocolPB.OzoneManagerProtocolServerSideTranslatorPB.processRequest(OzoneManagerProtocolServerSideTranslatorPB.java:173) ~[ozone-manager-1.4.0-SNAPSHOT.jar:?]
	at org.apache.hadoop.hdds.server.OzoneProtocolMessageDispatcher.processRequest(OzoneProtocolMessageDispatcher.java:87) [hdds-server-framework-1.4.0-SNAPSHOT.jar:?]
	at org.apache.hadoop.ozone.protocolPB.OzoneManagerProtocolServerSideTranslatorPB.submitRequest(OzoneManagerProtocolServerSideTranslatorPB.java:147) [ozone-manager-1.4.0-SNAPSHOT.jar:?]
	at org.apache.hadoop.ozone.protocol.proto.OzoneManagerProtocolProtos$OzoneManagerService$2.callBlockingMethod(OzoneManagerProtocolProtos.java) [ozone-interface-client-1.4.0-SNAPSHOT.jar:?]
	at org.apache.hadoop.ipc.ProtobufRpcEngine$Server.processCall(ProtobufRpcEngine.java:484) [hadoop-common-3.3.5.jar:?]
	at org.apache.hadoop.ipc.ProtobufRpcEngine2$Server$ProtoBufRpcInvoker.call(ProtobufRpcEngine2.java:595) [hadoop-common-3.3.5.jar:?]
	at org.apache.hadoop.ipc.ProtobufRpcEngine2$Server$ProtoBufRpcInvoker.call(ProtobufRpcEngine2.java:573) [hadoop-common-3.3.5.jar:?]
	at org.apache.hadoop.ipc.RPC$Server.call(RPC.java:1213) [hadoop-common-3.3.5.jar:?]
	at org.apache.hadoop.ipc.Server$RpcCall.run(Server.java:1089) [hadoop-common-3.3.5.jar:?]
	at org.apache.hadoop.ipc.Server$RpcCall.run(Server.java:1012) [hadoop-common-3.3.5.jar:?]
	at java.security.AccessController.doPrivileged(Native Method) ~[?:1.8.0_362]
	at javax.security.auth.Subject.doAs(Subject.java:422) [?:1.8.0_362]
	at org.apache.hadoop.security.UserGroupInformation.doAs(UserGroupInformation.java:1899) [hadoop-common-3.3.5.jar:?]
	at org.apache.hadoop.ipc.Server$Handler.run(Server.java:3026) [hadoop-common-3.3.5.jar:?]
17:19:59.297 [IPC Server handler 19 on default port 37689] ERROR OMAudit - user=runner | ip=127.0.0.1 | op=GET_FILE_STATUS {volume=volume96095, bucket=bucket29928, key=level0/level1/level1, dataSize=0, replicationConfig=null} | ret=FAILURE
org.apache.hadoop.ozone.om.exceptions.OMException: Unable to get file status: volume: volume96095 bucket: bucket29928 key: level0/level1/level1
	at org.apache.hadoop.ozone.om.KeyManagerImpl.getOzoneFileStatus(KeyManagerImpl.java:1200) ~[ozone-manager-1.4.0-SNAPSHOT.jar:?]
	at org.apache.hadoop.ozone.om.KeyManagerImpl.getFileStatus(KeyManagerImpl.java:1118) ~[ozone-manager-1.4.0-SNAPSHOT.jar:?]
	at org.apache.hadoop.ozone.om.OmMetadataReader.getFileStatus(OmMetadataReader.java:288) ~[ozone-manager-1.4.0-SNAPSHOT.jar:?]
	at org.apache.hadoop.ozone.om.OzoneManager.getFileStatus(OzoneManager.java:3491) ~[ozone-manager-1.4.0-SNAPSHOT.jar:?]
	at org.apache.hadoop.ozone.protocolPB.OzoneManagerRequestHandler.getOzoneFileStatus(OzoneManagerRequestHandler.java:934) ~[ozone-manager-1.4.0-SNAPSHOT.jar:?]
	at org.apache.hadoop.ozone.protocolPB.OzoneManagerRequestHandler.handleReadRequest(OzoneManagerRequestHandler.java:238) ~[ozone-manager-1.4.0-SNAPSHOT.jar:?]
	at org.apache.hadoop.ozone.protocolPB.OzoneManagerProtocolServerSideTranslatorPB.submitRequestDirectlyToOM(OzoneManagerProtocolServerSideTranslatorPB.java:272) ~[ozone-manager-1.4.0-SNAPSHOT.jar:?]
	at org.apache.hadoop.ozone.protocolPB.OzoneManagerProtocolServerSideTranslatorPB.processRequest(OzoneManagerProtocolServerSideTranslatorPB.java:173) ~[ozone-manager-1.4.0-SNAPSHOT.jar:?]
	at org.apache.hadoop.hdds.server.OzoneProtocolMessageDispatcher.processRequest(OzoneProtocolMessageDispatcher.java:87) [hdds-server-framework-1.4.0-SNAPSHOT.jar:?]
	at org.apache.hadoop.ozone.protocolPB.OzoneManagerProtocolServerSideTranslatorPB.submitRequest(OzoneManagerProtocolServerSideTranslatorPB.java:147) [ozone-manager-1.4.0-SNAPSHOT.jar:?]
	at org.apache.hadoop.ozone.protocol.proto.OzoneManagerProtocolProtos$OzoneManagerService$2.callBlockingMethod(OzoneManagerProtocolProtos.java) [ozone-interface-client-1.4.0-SNAPSHOT.jar:?]
	at org.apache.hadoop.ipc.ProtobufRpcEngine$Server.processCall(ProtobufRpcEngine.java:484) [hadoop-common-3.3.5.jar:?]
	at org.apache.hadoop.ipc.ProtobufRpcEngine2$Server$ProtoBufRpcInvoker.call(ProtobufRpcEngine2.java:595) [hadoop-common-3.3.5.jar:?]
	at org.apache.hadoop.ipc.ProtobufRpcEngine2$Server$ProtoBufRpcInvoker.call(ProtobufRpcEngine2.java:573) [hadoop-common-3.3.5.jar:?]
	at org.apache.hadoop.ipc.RPC$Server.call(RPC.java:1213) [hadoop-common-3.3.5.jar:?]
	at org.apache.hadoop.ipc.Server$RpcCall.run(Server.java:1089) [hadoop-common-3.3.5.jar:?]
	at org.apache.hadoop.ipc.Server$RpcCall.run(Server.java:1012) [hadoop-common-3.3.5.jar:?]
	at java.security.AccessController.doPrivileged(Native Method) ~[?:1.8.0_362]
	at javax.security.auth.Subject.doAs(Subject.java:422) [?:1.8.0_362]
	at org.apache.hadoop.security.UserGroupInformation.doAs(UserGroupInformation.java:1899) [hadoop-common-3.3.5.jar:?]
	at org.apache.hadoop.ipc.Server$Handler.run(Server.java:3026) [hadoop-common-3.3.5.jar:?]
17:19:59.298 [IPC Server handler 8 on default port 37689] ERROR OMAudit - user=runner | ip=127.0.0.1 | op=GET_FILE_STATUS {volume=volume96095, bucket=bucket29928, key=level0/level1/file1, dataSize=0, replicationConfig=null} | ret=FAILURE
org.apache.hadoop.ozone.om.exceptions.OMException: Unable to get file status: volume: volume96095 bucket: bucket29928 key: level0/level1/file1
	at org.apache.hadoop.ozone.om.KeyManagerImpl.getOzoneFileStatus(KeyManagerImpl.java:1200) ~[ozone-manager-1.4.0-SNAPSHOT.jar:?]
	at org.apache.hadoop.ozone.om.KeyManagerImpl.getFileStatus(KeyManagerImpl.java:1118) ~[ozone-manager-1.4.0-SNAPSHOT.jar:?]
	at org.apache.hadoop.ozone.om.OmMetadataReader.getFileStatus(OmMetadataReader.java:288) ~[ozone-manager-1.4.0-SNAPSHOT.jar:?]
	at org.apache.hadoop.ozone.om.OzoneManager.getFileStatus(OzoneManager.java:3491) ~[ozone-manager-1.4.0-SNAPSHOT.jar:?]
	at org.apache.hadoop.ozone.protocolPB.OzoneManagerRequestHandler.getOzoneFileStatus(OzoneManagerRequestHandler.java:934) ~[ozone-manager-1.4.0-SNAPSHOT.jar:?]
	at org.apache.hadoop.ozone.protocolPB.OzoneManagerRequestHandler.handleReadRequest(OzoneManagerRequestHandler.java:238) ~[ozone-manager-1.4.0-SNAPSHOT.jar:?]
	at org.apache.hadoop.ozone.protocolPB.OzoneManagerProtocolServerSideTranslatorPB.submitRequestDirectlyToOM(OzoneManagerProtocolServerSideTranslatorPB.java:272) ~[ozone-manager-1.4.0-SNAPSHOT.jar:?]
	at org.apache.hadoop.ozone.protocolPB.OzoneManagerProtocolServerSideTranslatorPB.processRequest(OzoneManagerProtocolServerSideTranslatorPB.java:173) ~[ozone-manager-1.4.0-SNAPSHOT.jar:?]
	at org.apache.hadoop.hdds.server.OzoneProtocolMessageDispatcher.processRequest(OzoneProtocolMessageDispatcher.java:87) [hdds-server-framework-1.4.0-SNAPSHOT.jar:?]
	at org.apache.hadoop.ozone.protocolPB.OzoneManagerProtocolServerSideTranslatorPB.submitRequest(OzoneManagerProtocolServerSideTranslatorPB.java:147) [ozone-manager-1.4.0-SNAPSHOT.jar:?]
	at org.apache.hadoop.ozone.protocol.proto.OzoneManagerProtocolProtos$OzoneManagerService$2.callBlockingMethod(OzoneManagerProtocolProtos.java) [ozone-interface-client-1.4.0-SNAPSHOT.jar:?]
	at org.apache.hadoop.ipc.ProtobufRpcEngine$Server.processCall(ProtobufRpcEngine.java:484) [hadoop-common-3.3.5.jar:?]
	at org.apache.hadoop.ipc.ProtobufRpcEngine2$Server$ProtoBufRpcInvoker.call(ProtobufRpcEngine2.java:595) [hadoop-common-3.3.5.jar:?]
	at org.apache.hadoop.ipc.ProtobufRpcEngine2$Server$ProtoBufRpcInvoker.call(ProtobufRpcEngine2.java:573) [hadoop-common-3.3.5.jar:?]
	at org.apache.hadoop.ipc.RPC$Server.call(RPC.java:1213) [hadoop-common-3.3.5.jar:?]
	at org.apache.hadoop.ipc.Server$RpcCall.run(Server.java:1089) [hadoop-common-3.3.5.jar:?]
	at org.apache.hadoop.ipc.Server$RpcCall.run(Server.java:1012) [hadoop-common-3.3.5.jar:?]
	at java.security.AccessController.doPrivileged(Native Method) ~[?:1.8.0_362]
	at javax.security.auth.Subject.doAs(Subject.java:422) [?:1.8.0_362]
	at org.apache.hadoop.security.UserGroupInformation.doAs(UserGroupInformation.java:1899) [hadoop-common-3.3.5.jar:?]
	at org.apache.hadoop.ipc.Server$Handler.run(Server.java:3026) [hadoop-common-3.3.5.jar:?]
17:19:59.299 [IPC Server handler 3 on default port 37689] ERROR OMAudit - user=runner | ip=127.0.0.1 | op=GET_FILE_STATUS {volume=volume96095, bucket=bucket29928, key=level0/level1/level1/file1, dataSize=0, replicationConfig=null} | ret=FAILURE
org.apache.hadoop.ozone.om.exceptions.OMException: Unable to get file status: volume: volume96095 bucket: bucket29928 key: level0/level1/level1/file1
	at org.apache.hadoop.ozone.om.KeyManagerImpl.getOzoneFileStatus(KeyManagerImpl.java:1200) ~[ozone-manager-1.4.0-SNAPSHOT.jar:?]
	at org.apache.hadoop.ozone.om.KeyManagerImpl.getFileStatus(KeyManagerImpl.java:1118) ~[ozone-manager-1.4.0-SNAPSHOT.jar:?]
	at org.apache.hadoop.ozone.om.OmMetadataReader.getFileStatus(OmMetadataReader.java:288) ~[ozone-manager-1.4.0-SNAPSHOT.jar:?]
	at org.apache.hadoop.ozone.om.OzoneManager.getFileStatus(OzoneManager.java:3491) ~[ozone-manager-1.4.0-SNAPSHOT.jar:?]
	at org.apache.hadoop.ozone.protocolPB.OzoneManagerRequestHandler.getOzoneFileStatus(OzoneManagerRequestHandler.java:934) ~[ozone-manager-1.4.0-SNAPSHOT.jar:?]
	at org.apache.hadoop.ozone.protocolPB.OzoneManagerRequestHandler.handleReadRequest(OzoneManagerRequestHandler.java:238) ~[ozone-manager-1.4.0-SNAPSHOT.jar:?]
	at org.apache.hadoop.ozone.protocolPB.OzoneManagerProtocolServerSideTranslatorPB.submitRequestDirectlyToOM(OzoneManagerProtocolServerSideTranslatorPB.java:272) ~[ozone-manager-1.4.0-SNAPSHOT.jar:?]
	at org.apache.hadoop.ozone.protocolPB.OzoneManagerProtocolServerSideTranslatorPB.processRequest(OzoneManagerProtocolServerSideTranslatorPB.java:173) ~[ozone-manager-1.4.0-SNAPSHOT.jar:?]
	at org.apache.hadoop.hdds.server.OzoneProtocolMessageDispatcher.processRequest(OzoneProtocolMessageDispatcher.java:87) [hdds-server-framework-1.4.0-SNAPSHOT.jar:?]
	at org.apache.hadoop.ozone.protocolPB.OzoneManagerProtocolServerSideTranslatorPB.submitRequest(OzoneManagerProtocolServerSideTranslatorPB.java:147) [ozone-manager-1.4.0-SNAPSHOT.jar:?]
	at org.apache.hadoop.ozone.protocol.proto.OzoneManagerProtocolProtos$OzoneManagerService$2.callBlockingMethod(OzoneManagerProtocolProtos.java) [ozone-interface-client-1.4.0-SNAPSHOT.jar:?]
	at org.apache.hadoop.ipc.ProtobufRpcEngine$Server.processCall(ProtobufRpcEngine.java:484) [hadoop-common-3.3.5.jar:?]
	at org.apache.hadoop.ipc.ProtobufRpcEngine2$Server$ProtoBufRpcInvoker.call(ProtobufRpcEngine2.java:595) [hadoop-common-3.3.5.jar:?]
	at org.apache.hadoop.ipc.ProtobufRpcEngine2$Server$ProtoBufRpcInvoker.call(ProtobufRpcEngine2.java:573) [hadoop-common-3.3.5.jar:?]
	at org.apache.hadoop.ipc.RPC$Server.call(RPC.java:1213) [hadoop-common-3.3.5.jar:?]
	at org.apache.hadoop.ipc.Server$RpcCall.run(Server.java:1089) [hadoop-common-3.3.5.jar:?]
	at org.apache.hadoop.ipc.Server$RpcCall.run(Server.java:1012) [hadoop-common-3.3.5.jar:?]
	at java.security.AccessController.doPrivileged(Native Method) ~[?:1.8.0_362]
	at javax.security.auth.Subject.doAs(Subject.java:422) [?:1.8.0_362]
	at org.apache.hadoop.security.UserGroupInformation.doAs(UserGroupInformation.java:1899) [hadoop-common-3.3.5.jar:?]
	at org.apache.hadoop.ipc.Server$Handler.run(Server.java:3026) [hadoop-common-3.3.5.jar:?]
17:19:59.300 [IPC Server handler 12 on default port 37689] ERROR OMAudit - user=runner | ip=127.0.0.1 | op=GET_FILE_STATUS {volume=volume96095, bucket=bucket29928, key=level0/level2, dataSize=0, replicationConfig=null} | ret=FAILURE
org.apache.hadoop.ozone.om.exceptions.OMException: Unable to get file status: volume: volume96095 bucket: bucket29928 key: level0/level2
	at org.apache.hadoop.ozone.om.KeyManagerImpl.getOzoneFileStatus(KeyManagerImpl.java:1200) ~[ozone-manager-1.4.0-SNAPSHOT.jar:?]
	at org.apache.hadoop.ozone.om.KeyManagerImpl.getFileStatus(KeyManagerImpl.java:1118) ~[ozone-manager-1.4.0-SNAPSHOT.jar:?]
	at org.apache.hadoop.ozone.om.OmMetadataReader.getFileStatus(OmMetadataReader.java:288) ~[ozone-manager-1.4.0-SNAPSHOT.jar:?]
	at org.apache.hadoop.ozone.om.OzoneManager.getFileStatus(OzoneManager.java:3491) ~[ozone-manager-1.4.0-SNAPSHOT.jar:?]
	at org.apache.hadoop.ozone.protocolPB.OzoneManagerRequestHandler.getOzoneFileStatus(OzoneManagerRequestHandler.java:934) ~[ozone-manager-1.4.0-SNAPSHOT.jar:?]
	at org.apache.hadoop.ozone.protocolPB.OzoneManagerRequestHandler.handleReadRequest(OzoneManagerRequestHandler.java:238) ~[ozone-manager-1.4.0-SNAPSHOT.jar:?]
	at org.apache.hadoop.ozone.protocolPB.OzoneManagerProtocolServerSideTranslatorPB.submitRequestDirectlyToOM(OzoneManagerProtocolServerSideTranslatorPB.java:272) ~[ozone-manager-1.4.0-SNAPSHOT.jar:?]
	at org.apache.hadoop.ozone.protocolPB.OzoneManagerProtocolServerSideTranslatorPB.processRequest(OzoneManagerProtocolServerSideTranslatorPB.java:173) ~[ozone-manager-1.4.0-SNAPSHOT.jar:?]
	at org.apache.hadoop.hdds.server.OzoneProtocolMessageDispatcher.processRequest(OzoneProtocolMessageDispatcher.java:87) [hdds-server-framework-1.4.0-SNAPSHOT.jar:?]
	at org.apache.hadoop.ozone.protocolPB.OzoneManagerProtocolServerSideTranslatorPB.submitRequest(OzoneManagerProtocolServerSideTranslatorPB.java:147) [ozone-manager-1.4.0-SNAPSHOT.jar:?]
	at org.apache.hadoop.ozone.protocol.proto.OzoneManagerProtocolProtos$OzoneManagerService$2.callBlockingMethod(OzoneManagerProtocolProtos.java) [ozone-interface-client-1.4.0-SNAPSHOT.jar:?]
	at org.apache.hadoop.ipc.ProtobufRpcEngine$Server.processCall(ProtobufRpcEngine.java:484) [hadoop-common-3.3.5.jar:?]
	at org.apache.hadoop.ipc.ProtobufRpcEngine2$Server$ProtoBufRpcInvoker.call(ProtobufRpcEngine2.java:595) [hadoop-common-3.3.5.jar:?]
	at org.apache.hadoop.ipc.ProtobufRpcEngine2$Server$ProtoBufRpcInvoker.call(ProtobufRpcEngine2.java:573) [hadoop-common-3.3.5.jar:?]
	at org.apache.hadoop.ipc.RPC$Server.call(RPC.java:1213) [hadoop-common-3.3.5.jar:?]
	at org.apache.hadoop.ipc.Server$RpcCall.run(Server.java:1089) [hadoop-common-3.3.5.jar:?]
	at org.apache.hadoop.ipc.Server$RpcCall.run(Server.java:1012) [hadoop-common-3.3.5.jar:?]
	at java.security.AccessController.doPrivileged(Native Method) ~[?:1.8.0_362]
	at javax.security.auth.Subject.doAs(Subject.java:422) [?:1.8.0_362]
	at org.apache.hadoop.security.UserGroupInformation.doAs(UserGroupInformation.java:1899) [hadoop-common-3.3.5.jar:?]
	at org.apache.hadoop.ipc.Server$Handler.run(Server.java:3026) [hadoop-common-3.3.5.jar:?]
17:19:59.300 [IPC Server handler 11 on default port 37689] ERROR OMAudit - user=runner | ip=127.0.0.1 | op=GET_FILE_STATUS {volume=volume96095, bucket=bucket29928, key=level0/level2/level2, dataSize=0, replicationConfig=null} | ret=FAILURE
org.apache.hadoop.ozone.om.exceptions.OMException: Unable to get file status: volume: volume96095 bucket: bucket29928 key: level0/level2/level2
	at org.apache.hadoop.ozone.om.KeyManagerImpl.getOzoneFileStatus(KeyManagerImpl.java:1200) ~[ozone-manager-1.4.0-SNAPSHOT.jar:?]
	at org.apache.hadoop.ozone.om.KeyManagerImpl.getFileStatus(KeyManagerImpl.java:1118) ~[ozone-manager-1.4.0-SNAPSHOT.jar:?]
	at org.apache.hadoop.ozone.om.OmMetadataReader.getFileStatus(OmMetadataReader.java:288) ~[ozone-manager-1.4.0-SNAPSHOT.jar:?]
	at org.apache.hadoop.ozone.om.OzoneManager.getFileStatus(OzoneManager.java:3491) ~[ozone-manager-1.4.0-SNAPSHOT.jar:?]
	at org.apache.hadoop.ozone.protocolPB.OzoneManagerRequestHandler.getOzoneFileStatus(OzoneManagerRequestHandler.java:934) ~[ozone-manager-1.4.0-SNAPSHOT.jar:?]
	at org.apache.hadoop.ozone.protocolPB.OzoneManagerRequestHandler.handleReadRequest(OzoneManagerRequestHandler.java:238) ~[ozone-manager-1.4.0-SNAPSHOT.jar:?]
	at org.apache.hadoop.ozone.protocolPB.OzoneManagerProtocolServerSideTranslatorPB.submitRequestDirectlyToOM(OzoneManagerProtocolServerSideTranslatorPB.java:272) ~[ozone-manager-1.4.0-SNAPSHOT.jar:?]
	at org.apache.hadoop.ozone.protocolPB.OzoneManagerProtocolServerSideTranslatorPB.processRequest(OzoneManagerProtocolServerSideTranslatorPB.java:173) ~[ozone-manager-1.4.0-SNAPSHOT.jar:?]
	at org.apache.hadoop.hdds.server.OzoneProtocolMessageDispatcher.processRequest(OzoneProtocolMessageDispatcher.java:87) [hdds-server-framework-1.4.0-SNAPSHOT.jar:?]
	at org.apache.hadoop.ozone.protocolPB.OzoneManagerProtocolServerSideTranslatorPB.submitRequest(OzoneManagerProtocolServerSideTranslatorPB.java:147) [ozone-manager-1.4.0-SNAPSHOT.jar:?]
	at org.apache.hadoop.ozone.protocol.proto.OzoneManagerProtocolProtos$OzoneManagerService$2.callBlockingMethod(OzoneManagerProtocolProtos.java) [ozone-interface-client-1.4.0-SNAPSHOT.jar:?]
	at org.apache.hadoop.ipc.ProtobufRpcEngine$Server.processCall(ProtobufRpcEngine.java:484) [hadoop-common-3.3.5.jar:?]
	at org.apache.hadoop.ipc.ProtobufRpcEngine2$Server$ProtoBufRpcInvoker.call(ProtobufRpcEngine2.java:595) [hadoop-common-3.3.5.jar:?]
	at org.apache.hadoop.ipc.ProtobufRpcEngine2$Server$ProtoBufRpcInvoker.call(ProtobufRpcEngine2.java:573) [hadoop-common-3.3.5.jar:?]
	at org.apache.hadoop.ipc.RPC$Server.call(RPC.java:1213) [hadoop-common-3.3.5.jar:?]
	at org.apache.hadoop.ipc.Server$RpcCall.run(Server.java:1089) [hadoop-common-3.3.5.jar:?]
	at org.apache.hadoop.ipc.Server$RpcCall.run(Server.java:1012) [hadoop-common-3.3.5.jar:?]
	at java.security.AccessController.doPrivileged(Native Method) ~[?:1.8.0_362]
	at javax.security.auth.Subject.doAs(Subject.java:422) [?:1.8.0_362]
	at org.apache.hadoop.security.UserGroupInformation.doAs(UserGroupInformation.java:1899) [hadoop-common-3.3.5.jar:?]
	at org.apache.hadoop.ipc.Server$Handler.run(Server.java:3026) [hadoop-common-3.3.5.jar:?]
17:19:59.301 [IPC Server handler 6 on default port 37689] ERROR OMAudit - user=runner | ip=127.0.0.1 | op=GET_FILE_STATUS {volume=volume96095, bucket=bucket29928, key=level0/level2/file1, dataSize=0, replicationConfig=null} | ret=FAILURE
org.apache.hadoop.ozone.om.exceptions.OMException: Unable to get file status: volume: volume96095 bucket: bucket29928 key: level0/level2/file1
	at org.apache.hadoop.ozone.om.KeyManagerImpl.getOzoneFileStatus(KeyManagerImpl.java:1200) ~[ozone-manager-1.4.0-SNAPSHOT.jar:?]
	at org.apache.hadoop.ozone.om.KeyManagerImpl.getFileStatus(KeyManagerImpl.java:1118) ~[ozone-manager-1.4.0-SNAPSHOT.jar:?]
	at org.apache.hadoop.ozone.om.OmMetadataReader.getFileStatus(OmMetadataReader.java:288) ~[ozone-manager-1.4.0-SNAPSHOT.jar:?]
	at org.apache.hadoop.ozone.om.OzoneManager.getFileStatus(OzoneManager.java:3491) ~[ozone-manager-1.4.0-SNAPSHOT.jar:?]
	at org.apache.hadoop.ozone.protocolPB.OzoneManagerRequestHandler.getOzoneFileStatus(OzoneManagerRequestHandler.java:934) ~[ozone-manager-1.4.0-SNAPSHOT.jar:?]
	at org.apache.hadoop.ozone.protocolPB.OzoneManagerRequestHandler.handleReadRequest(OzoneManagerRequestHandler.java:238) ~[ozone-manager-1.4.0-SNAPSHOT.jar:?]
	at org.apache.hadoop.ozone.protocolPB.OzoneManagerProtocolServerSideTranslatorPB.submitRequestDirectlyToOM(OzoneManagerProtocolServerSideTranslatorPB.java:272) ~[ozone-manager-1.4.0-SNAPSHOT.jar:?]
	at org.apache.hadoop.ozone.protocolPB.OzoneManagerProtocolServerSideTranslatorPB.processRequest(OzoneManagerProtocolServerSideTranslatorPB.java:173) ~[ozone-manager-1.4.0-SNAPSHOT.jar:?]
	at org.apache.hadoop.hdds.server.OzoneProtocolMessageDispatcher.processRequest(OzoneProtocolMessageDispatcher.java:87) [hdds-server-framework-1.4.0-SNAPSHOT.jar:?]
	at org.apache.hadoop.ozone.protocolPB.OzoneManagerProtocolServerSideTranslatorPB.submitRequest(OzoneManagerProtocolServerSideTranslatorPB.java:147) [ozone-manager-1.4.0-SNAPSHOT.jar:?]
	at org.apache.hadoop.ozone.protocol.proto.OzoneManagerProtocolProtos$OzoneManagerService$2.callBlockingMethod(OzoneManagerProtocolProtos.java) [ozone-interface-client-1.4.0-SNAPSHOT.jar:?]
	at org.apache.hadoop.ipc.ProtobufRpcEngine$Server.processCall(ProtobufRpcEngine.java:484) [hadoop-common-3.3.5.jar:?]
	at org.apache.hadoop.ipc.ProtobufRpcEngine2$Server$ProtoBufRpcInvoker.call(ProtobufRpcEngine2.java:595) [hadoop-common-3.3.5.jar:?]
	at org.apache.hadoop.ipc.ProtobufRpcEngine2$Server$ProtoBufRpcInvoker.call(ProtobufRpcEngine2.java:573) [hadoop-common-3.3.5.jar:?]
	at org.apache.hadoop.ipc.RPC$Server.call(RPC.java:1213) [hadoop-common-3.3.5.jar:?]
	at org.apache.hadoop.ipc.Server$RpcCall.run(Server.java:1089) [hadoop-common-3.3.5.jar:?]
	at org.apache.hadoop.ipc.Server$RpcCall.run(Server.java:1012) [hadoop-common-3.3.5.jar:?]
	at java.security.AccessController.doPrivileged(Native Method) ~[?:1.8.0_362]
	at javax.security.auth.Subject.doAs(Subject.java:422) [?:1.8.0_362]
	at org.apache.hadoop.security.UserGroupInformation.doAs(UserGroupInformation.java:1899) [hadoop-common-3.3.5.jar:?]
	at org.apache.hadoop.ipc.Server$Handler.run(Server.java:3026) [hadoop-common-3.3.5.jar:?]
17:19:59.303 [IPC Server handler 2 on default port 37689] ERROR OMAudit - user=runner | ip=127.0.0.1 | op=GET_FILE_STATUS {volume=volume96095, bucket=bucket29928, key=level0/level2/level2/file1, dataSize=0, replicationConfig=null} | ret=FAILURE
org.apache.hadoop.ozone.om.exceptions.OMException: Unable to get file status: volume: volume96095 bucket: bucket29928 key: level0/level2/level2/file1
	at org.apache.hadoop.ozone.om.KeyManagerImpl.getOzoneFileStatus(KeyManagerImpl.java:1200) ~[ozone-manager-1.4.0-SNAPSHOT.jar:?]
	at org.apache.hadoop.ozone.om.KeyManagerImpl.getFileStatus(KeyManagerImpl.java:1118) ~[ozone-manager-1.4.0-SNAPSHOT.jar:?]
	at org.apache.hadoop.ozone.om.OmMetadataReader.getFileStatus(OmMetadataReader.java:288) ~[ozone-manager-1.4.0-SNAPSHOT.jar:?]
	at org.apache.hadoop.ozone.om.OzoneManager.getFileStatus(OzoneManager.java:3491) ~[ozone-manager-1.4.0-SNAPSHOT.jar:?]
	at org.apache.hadoop.ozone.protocolPB.OzoneManagerRequestHandler.getOzoneFileStatus(OzoneManagerRequestHandler.java:934) ~[ozone-manager-1.4.0-SNAPSHOT.jar:?]
	at org.apache.hadoop.ozone.protocolPB.OzoneManagerRequestHandler.handleReadRequest(OzoneManagerRequestHandler.java:238) ~[ozone-manager-1.4.0-SNAPSHOT.jar:?]
	at org.apache.hadoop.ozone.protocolPB.OzoneManagerProtocolServerSideTranslatorPB.submitRequestDirectlyToOM(OzoneManagerProtocolServerSideTranslatorPB.java:272) ~[ozone-manager-1.4.0-SNAPSHOT.jar:?]
	at org.apache.hadoop.ozone.protocolPB.OzoneManagerProtocolServerSideTranslatorPB.processRequest(OzoneManagerProtocolServerSideTranslatorPB.java:173) ~[ozone-manager-1.4.0-SNAPSHOT.jar:?]
	at org.apache.hadoop.hdds.server.OzoneProtocolMessageDispatcher.processRequest(OzoneProtocolMessageDispatcher.java:87) [hdds-server-framework-1.4.0-SNAPSHOT.jar:?]
	at org.apache.hadoop.ozone.protocolPB.OzoneManagerProtocolServerSideTranslatorPB.submitRequest(OzoneManagerProtocolServerSideTranslatorPB.java:147) [ozone-manager-1.4.0-SNAPSHOT.jar:?]
	at org.apache.hadoop.ozone.protocol.proto.OzoneManagerProtocolProtos$OzoneManagerService$2.callBlockingMethod(OzoneManagerProtocolProtos.java) [ozone-interface-client-1.4.0-SNAPSHOT.jar:?]
	at org.apache.hadoop.ipc.ProtobufRpcEngine$Server.processCall(ProtobufRpcEngine.java:484) [hadoop-common-3.3.5.jar:?]
	at org.apache.hadoop.ipc.ProtobufRpcEngine2$Server$ProtoBufRpcInvoker.call(ProtobufRpcEngine2.java:595) [hadoop-common-3.3.5.jar:?]
	at org.apache.hadoop.ipc.ProtobufRpcEngine2$Server$ProtoBufRpcInvoker.call(ProtobufRpcEngine2.java:573) [hadoop-common-3.3.5.jar:?]
	at org.apache.hadoop.ipc.RPC$Server.call(RPC.java:1213) [hadoop-common-3.3.5.jar:?]
	at org.apache.hadoop.ipc.Server$RpcCall.run(Server.java:1089) [hadoop-common-3.3.5.jar:?]
	at org.apache.hadoop.ipc.Server$RpcCall.run(Server.java:1012) [hadoop-common-3.3.5.jar:?]
	at java.security.AccessController.doPrivileged(Native Method) ~[?:1.8.0_362]
	at javax.security.auth.Subject.doAs(Subject.java:422) [?:1.8.0_362]
	at org.apache.hadoop.security.UserGroupInformation.doAs(UserGroupInformation.java:1899) [hadoop-common-3.3.5.jar:?]
	at org.apache.hadoop.ipc.Server$Handler.run(Server.java:3026) [hadoop-common-3.3.5.jar:?]
17:19:59.304 [IPC Server handler 1 on default port 37689] ERROR OMAudit - user=runner | ip=127.0.0.1 | op=GET_FILE_STATUS {volume=volume96095, bucket=bucket29928, key=level0/level3, dataSize=0, replicationConfig=null} | ret=FAILURE
org.apache.hadoop.ozone.om.exceptions.OMException: Unable to get file status: volume: volume96095 bucket: bucket29928 key: level0/level3
	at org.apache.hadoop.ozone.om.KeyManagerImpl.getOzoneFileStatus(KeyManagerImpl.java:1200) ~[ozone-manager-1.4.0-SNAPSHOT.jar:?]
	at org.apache.hadoop.ozone.om.KeyManagerImpl.getFileStatus(KeyManagerImpl.java:1118) ~[ozone-manager-1.4.0-SNAPSHOT.jar:?]
	at org.apache.hadoop.ozone.om.OmMetadataReader.getFileStatus(OmMetadataReader.java:288) ~[ozone-manager-1.4.0-SNAPSHOT.jar:?]
	at org.apache.hadoop.ozone.om.OzoneManager.getFileStatus(OzoneManager.java:3491) ~[ozone-manager-1.4.0-SNAPSHOT.jar:?]
	at org.apache.hadoop.ozone.protocolPB.OzoneManagerRequestHandler.getOzoneFileStatus(OzoneManagerRequestHandler.java:934) ~[ozone-manager-1.4.0-SNAPSHOT.jar:?]
	at org.apache.hadoop.ozone.protocolPB.OzoneManagerRequestHandler.handleReadRequest(OzoneManagerRequestHandler.java:238) ~[ozone-manager-1.4.0-SNAPSHOT.jar:?]
	at org.apache.hadoop.ozone.protocolPB.OzoneManagerProtocolServerSideTranslatorPB.submitRequestDirectlyToOM(OzoneManagerProtocolServerSideTranslatorPB.java:272) ~[ozone-manager-1.4.0-SNAPSHOT.jar:?]
	at org.apache.hadoop.ozone.protocolPB.OzoneManagerProtocolServerSideTranslatorPB.processRequest(OzoneManagerProtocolServerSideTranslatorPB.java:173) ~[ozone-manager-1.4.0-SNAPSHOT.jar:?]
	at org.apache.hadoop.hdds.server.OzoneProtocolMessageDispatcher.processRequest(OzoneProtocolMessageDispatcher.java:87) [hdds-server-framework-1.4.0-SNAPSHOT.jar:?]
	at org.apache.hadoop.ozone.protocolPB.OzoneManagerProtocolServerSideTranslatorPB.submitRequest(OzoneManagerProtocolServerSideTranslatorPB.java:147) [ozone-manager-1.4.0-SNAPSHOT.jar:?]
	at org.apache.hadoop.ozone.protocol.proto.OzoneManagerProtocolProtos$OzoneManagerService$2.callBlockingMethod(OzoneManagerProtocolProtos.java) [ozone-interface-client-1.4.0-SNAPSHOT.jar:?]
	at org.apache.hadoop.ipc.ProtobufRpcEngine$Server.processCall(ProtobufRpcEngine.java:484) [hadoop-common-3.3.5.jar:?]
	at org.apache.hadoop.ipc.ProtobufRpcEngine2$Server$ProtoBufRpcInvoker.call(ProtobufRpcEngine2.java:595) [hadoop-common-3.3.5.jar:?]
	at org.apache.hadoop.ipc.ProtobufRpcEngine2$Server$ProtoBufRpcInvoker.call(ProtobufRpcEngine2.java:573) [hadoop-common-3.3.5.jar:?]
	at org.apache.hadoop.ipc.RPC$Server.call(RPC.java:1213) [hadoop-common-3.3.5.jar:?]
	at org.apache.hadoop.ipc.Server$RpcCall.run(Server.java:1089) [hadoop-common-3.3.5.jar:?]
	at org.apache.hadoop.ipc.Server$RpcCall.run(Server.java:1012) [hadoop-common-3.3.5.jar:?]
	at java.security.AccessController.doPrivileged(Native Method) ~[?:1.8.0_362]
	at javax.security.auth.Subject.doAs(Subject.java:422) [?:1.8.0_362]
	at org.apache.hadoop.security.UserGroupInformation.doAs(UserGroupInformation.java:1899) [hadoop-common-3.3.5.jar:?]
	at org.apache.hadoop.ipc.Server$Handler.run(Server.java:3026) [hadoop-common-3.3.5.jar:?]
17:19:59.304 [IPC Server handler 4 on default port 37689] ERROR OMAudit - user=runner | ip=127.0.0.1 | op=GET_FILE_STATUS {volume=volume96095, bucket=bucket29928, key=level0/level3/level3, dataSize=0, replicationConfig=null} | ret=FAILURE
org.apache.hadoop.ozone.om.exceptions.OMException: Unable to get file status: volume: volume96095 bucket: bucket29928 key: level0/level3/level3
	at org.apache.hadoop.ozone.om.KeyManagerImpl.getOzoneFileStatus(KeyManagerImpl.java:1200) ~[ozone-manager-1.4.0-SNAPSHOT.jar:?]
	at org.apache.hadoop.ozone.om.KeyManagerImpl.getFileStatus(KeyManagerImpl.java:1118) ~[ozone-manager-1.4.0-SNAPSHOT.jar:?]
	at org.apache.hadoop.ozone.om.OmMetadataReader.getFileStatus(OmMetadataReader.java:288) ~[ozone-manager-1.4.0-SNAPSHOT.jar:?]
	at org.apache.hadoop.ozone.om.OzoneManager.getFileStatus(OzoneManager.java:3491) ~[ozone-manager-1.4.0-SNAPSHOT.jar:?]
	at org.apache.hadoop.ozone.protocolPB.OzoneManagerRequestHandler.getOzoneFileStatus(OzoneManagerRequestHandler.java:934) ~[ozone-manager-1.4.0-SNAPSHOT.jar:?]
	at org.apache.hadoop.ozone.protocolPB.OzoneManagerRequestHandler.handleReadRequest(OzoneManagerRequestHandler.java:238) ~[ozone-manager-1.4.0-SNAPSHOT.jar:?]
	at org.apache.hadoop.ozone.protocolPB.OzoneManagerProtocolServerSideTranslatorPB.submitRequestDirectlyToOM(OzoneManagerProtocolServerSideTranslatorPB.java:272) ~[ozone-manager-1.4.0-SNAPSHOT.jar:?]
	at org.apache.hadoop.ozone.protocolPB.OzoneManagerProtocolServerSideTranslatorPB.processRequest(OzoneManagerProtocolServerSideTranslatorPB.java:173) ~[ozone-manager-1.4.0-SNAPSHOT.jar:?]
	at org.apache.hadoop.hdds.server.OzoneProtocolMessageDispatcher.processRequest(OzoneProtocolMessageDispatcher.java:87) [hdds-server-framework-1.4.0-SNAPSHOT.jar:?]
	at org.apache.hadoop.ozone.protocolPB.OzoneManagerProtocolServerSideTranslatorPB.submitRequest(OzoneManagerProtocolServerSideTranslatorPB.java:147) [ozone-manager-1.4.0-SNAPSHOT.jar:?]
	at org.apache.hadoop.ozone.protocol.proto.OzoneManagerProtocolProtos$OzoneManagerService$2.callBlockingMethod(OzoneManagerProtocolProtos.java) [ozone-interface-client-1.4.0-SNAPSHOT.jar:?]
	at org.apache.hadoop.ipc.ProtobufRpcEngine$Server.processCall(ProtobufRpcEngine.java:484) [hadoop-common-3.3.5.jar:?]
	at org.apache.hadoop.ipc.ProtobufRpcEngine2$Server$ProtoBufRpcInvoker.call(ProtobufRpcEngine2.java:595) [hadoop-common-3.3.5.jar:?]
	at org.apache.hadoop.ipc.ProtobufRpcEngine2$Server$ProtoBufRpcInvoker.call(ProtobufRpcEngine2.java:573) [hadoop-common-3.3.5.jar:?]
	at org.apache.hadoop.ipc.RPC$Server.call(RPC.java:1213) [hadoop-common-3.3.5.jar:?]
	at org.apache.hadoop.ipc.Server$RpcCall.run(Server.java:1089) [hadoop-common-3.3.5.jar:?]
	at org.apache.hadoop.ipc.Server$RpcCall.run(Server.java:1012) [hadoop-common-3.3.5.jar:?]
	at java.security.AccessController.doPrivileged(Native Method) ~[?:1.8.0_362]
	at javax.security.auth.Subject.doAs(Subject.java:422) [?:1.8.0_362]
	at org.apache.hadoop.security.UserGroupInformation.doAs(UserGroupInformation.java:1899) [hadoop-common-3.3.5.jar:?]
	at org.apache.hadoop.ipc.Server$Handler.run(Server.java:3026) [hadoop-common-3.3.5.jar:?]
17:19:59.305 [IPC Server handler 0 on default port 37689] ERROR OMAudit - user=runner | ip=127.0.0.1 | op=GET_FILE_STATUS {volume=volume96095, bucket=bucket29928, key=level0/level3/file1, dataSize=0, replicationConfig=null} | ret=FAILURE
org.apache.hadoop.ozone.om.exceptions.OMException: Unable to get file status: volume: volume96095 bucket: bucket29928 key: level0/level3/file1
	at org.apache.hadoop.ozone.om.KeyManagerImpl.getOzoneFileStatus(KeyManagerImpl.java:1200) ~[ozone-manager-1.4.0-SNAPSHOT.jar:?]
	at org.apache.hadoop.ozone.om.KeyManagerImpl.getFileStatus(KeyManagerImpl.java:1118) ~[ozone-manager-1.4.0-SNAPSHOT.jar:?]
	at org.apache.hadoop.ozone.om.OmMetadataReader.getFileStatus(OmMetadataReader.java:288) ~[ozone-manager-1.4.0-SNAPSHOT.jar:?]
	at org.apache.hadoop.ozone.om.OzoneManager.getFileStatus(OzoneManager.java:3491) ~[ozone-manager-1.4.0-SNAPSHOT.jar:?]
	at org.apache.hadoop.ozone.protocolPB.OzoneManagerRequestHandler.getOzoneFileStatus(OzoneManagerRequestHandler.java:934) ~[ozone-manager-1.4.0-SNAPSHOT.jar:?]
	at org.apache.hadoop.ozone.protocolPB.OzoneManagerRequestHandler.handleReadRequest(OzoneManagerRequestHandler.java:238) ~[ozone-manager-1.4.0-SNAPSHOT.jar:?]
	at org.apache.hadoop.ozone.protocolPB.OzoneManagerProtocolServerSideTranslatorPB.submitRequestDirectlyToOM(OzoneManagerProtocolServerSideTranslatorPB.java:272) ~[ozone-manager-1.4.0-SNAPSHOT.jar:?]
	at org.apache.hadoop.ozone.protocolPB.OzoneManagerProtocolServerSideTranslatorPB.processRequest(OzoneManagerProtocolServerSideTranslatorPB.java:173) ~[ozone-manager-1.4.0-SNAPSHOT.jar:?]
	at org.apache.hadoop.hdds.server.OzoneProtocolMessageDispatcher.processRequest(OzoneProtocolMessageDispatcher.java:87) [hdds-server-framework-1.4.0-SNAPSHOT.jar:?]
	at org.apache.hadoop.ozone.protocolPB.OzoneManagerProtocolServerSideTranslatorPB.submitRequest(OzoneManagerProtocolServerSideTranslatorPB.java:147) [ozone-manager-1.4.0-SNAPSHOT.jar:?]
	at org.apache.hadoop.ozone.protocol.proto.OzoneManagerProtocolProtos$OzoneManagerService$2.callBlockingMethod(OzoneManagerProtocolProtos.java) [ozone-interface-client-1.4.0-SNAPSHOT.jar:?]
	at org.apache.hadoop.ipc.ProtobufRpcEngine$Server.processCall(ProtobufRpcEngine.java:484) [hadoop-common-3.3.5.jar:?]
	at org.apache.hadoop.ipc.ProtobufRpcEngine2$Server$ProtoBufRpcInvoker.call(ProtobufRpcEngine2.java:595) [hadoop-common-3.3.5.jar:?]
	at org.apache.hadoop.ipc.ProtobufRpcEngine2$Server$ProtoBufRpcInvoker.call(ProtobufRpcEngine2.java:573) [hadoop-common-3.3.5.jar:?]
	at org.apache.hadoop.ipc.RPC$Server.call(RPC.java:1213) [hadoop-common-3.3.5.jar:?]
	at org.apache.hadoop.ipc.Server$RpcCall.run(Server.java:1089) [hadoop-common-3.3.5.jar:?]
	at org.apache.hadoop.ipc.Server$RpcCall.run(Server.java:1012) [hadoop-common-3.3.5.jar:?]
	at java.security.AccessController.doPrivileged(Native Method) ~[?:1.8.0_362]
	at javax.security.auth.Subject.doAs(Subject.java:422) [?:1.8.0_362]
	at org.apache.hadoop.security.UserGroupInformation.doAs(UserGroupInformation.java:1899) [hadoop-common-3.3.5.jar:?]
	at org.apache.hadoop.ipc.Server$Handler.run(Server.java:3026) [hadoop-common-3.3.5.jar:?]
17:19:59.306 [IPC Server handler 5 on default port 37689] ERROR OMAudit - user=runner | ip=127.0.0.1 | op=GET_FILE_STATUS {volume=volume96095, bucket=bucket29928, key=level0/level3/level3/file1, dataSize=0, replicationConfig=null} | ret=FAILURE
org.apache.hadoop.ozone.om.exceptions.OMException: Unable to get file status: volume: volume96095 bucket: bucket29928 key: level0/level3/level3/file1
	at org.apache.hadoop.ozone.om.KeyManagerImpl.getOzoneFileStatus(KeyManagerImpl.java:1200) ~[ozone-manager-1.4.0-SNAPSHOT.jar:?]
	at org.apache.hadoop.ozone.om.KeyManagerImpl.getFileStatus(KeyManagerImpl.java:1118) ~[ozone-manager-1.4.0-SNAPSHOT.jar:?]
	at org.apache.hadoop.ozone.om.OmMetadataReader.getFileStatus(OmMetadataReader.java:288) ~[ozone-manager-1.4.0-SNAPSHOT.jar:?]
	at org.apache.hadoop.ozone.om.OzoneManager.getFileStatus(OzoneManager.java:3491) ~[ozone-manager-1.4.0-SNAPSHOT.jar:?]
	at org.apache.hadoop.ozone.protocolPB.OzoneManagerRequestHandler.getOzoneFileStatus(OzoneManagerRequestHandler.java:934) ~[ozone-manager-1.4.0-SNAPSHOT.jar:?]
	at org.apache.hadoop.ozone.protocolPB.OzoneManagerRequestHandler.handleReadRequest(OzoneManagerRequestHandler.java:238) ~[ozone-manager-1.4.0-SNAPSHOT.jar:?]
	at org.apache.hadoop.ozone.protocolPB.OzoneManagerProtocolServerSideTranslatorPB.submitRequestDirectlyToOM(OzoneManagerProtocolServerSideTranslatorPB.java:272) ~[ozone-manager-1.4.0-SNAPSHOT.jar:?]
	at org.apache.hadoop.ozone.protocolPB.OzoneManagerProtocolServerSideTranslatorPB.processRequest(OzoneManagerProtocolServerSideTranslatorPB.java:173) ~[ozone-manager-1.4.0-SNAPSHOT.jar:?]
	at org.apache.hadoop.hdds.server.OzoneProtocolMessageDispatcher.processRequest(OzoneProtocolMessageDispatcher.java:87) [hdds-server-framework-1.4.0-SNAPSHOT.jar:?]
	at org.apache.hadoop.ozone.protocolPB.OzoneManagerProtocolServerSideTranslatorPB.submitRequest(OzoneManagerProtocolServerSideTranslatorPB.java:147) [ozone-manager-1.4.0-SNAPSHOT.jar:?]
	at org.apache.hadoop.ozone.protocol.proto.OzoneManagerProtocolProtos$OzoneManagerService$2.callBlockingMethod(OzoneManagerProtocolProtos.java) [ozone-interface-client-1.4.0-SNAPSHOT.jar:?]
	at org.apache.hadoop.ipc.ProtobufRpcEngine$Server.processCall(ProtobufRpcEngine.java:484) [hadoop-common-3.3.5.jar:?]
	at org.apache.hadoop.ipc.ProtobufRpcEngine2$Server$ProtoBufRpcInvoker.call(ProtobufRpcEngine2.java:595) [hadoop-common-3.3.5.jar:?]
	at org.apache.hadoop.ipc.ProtobufRpcEngine2$Server$ProtoBufRpcInvoker.call(ProtobufRpcEngine2.java:573) [hadoop-common-3.3.5.jar:?]
	at org.apache.hadoop.ipc.RPC$Server.call(RPC.java:1213) [hadoop-common-3.3.5.jar:?]
	at org.apache.hadoop.ipc.Server$RpcCall.run(Server.java:1089) [hadoop-common-3.3.5.jar:?]
	at org.apache.hadoop.ipc.Server$RpcCall.run(Server.java:1012) [hadoop-common-3.3.5.jar:?]
	at java.security.AccessController.doPrivileged(Native Method) ~[?:1.8.0_362]
	at javax.security.auth.Subject.doAs(Subject.java:422) [?:1.8.0_362]
	at org.apache.hadoop.security.UserGroupInformation.doAs(UserGroupInformation.java:1899) [hadoop-common-3.3.5.jar:?]
	at org.apache.hadoop.ipc.Server$Handler.run(Server.java:3026) [hadoop-common-3.3.5.jar:?]
]]></system-out>
  </testcase>
  <testcase name="testGetTrashRoots" classname="TestOzoneFileSystem" time="0.087">
    <system-out><![CDATA[17:16:55.347 [IPC Server handler 13 on default port 41353] ERROR OMAudit - user=runner | ip=127.0.0.1 | op=GET_FILE_STATUS {volume=volume52567, bucket=bucket67420, key=.Trash/runner, dataSize=0, replicationConfig=null} | ret=FAILURE
org.apache.hadoop.ozone.om.exceptions.OMException: Unable to get file status: volume: volume52567 bucket: bucket67420 key: .Trash/runner
	at org.apache.hadoop.ozone.om.KeyManagerImpl.getOzoneFileStatus(KeyManagerImpl.java:1200) ~[ozone-manager-1.4.0-SNAPSHOT.jar:?]
	at org.apache.hadoop.ozone.om.KeyManagerImpl.getFileStatus(KeyManagerImpl.java:1118) ~[ozone-manager-1.4.0-SNAPSHOT.jar:?]
	at org.apache.hadoop.ozone.om.OmMetadataReader.getFileStatus(OmMetadataReader.java:288) ~[ozone-manager-1.4.0-SNAPSHOT.jar:?]
	at org.apache.hadoop.ozone.om.OzoneManager.getFileStatus(OzoneManager.java:3491) ~[ozone-manager-1.4.0-SNAPSHOT.jar:?]
	at org.apache.hadoop.ozone.protocolPB.OzoneManagerRequestHandler.getOzoneFileStatus(OzoneManagerRequestHandler.java:934) ~[ozone-manager-1.4.0-SNAPSHOT.jar:?]
	at org.apache.hadoop.ozone.protocolPB.OzoneManagerRequestHandler.handleReadRequest(OzoneManagerRequestHandler.java:238) ~[ozone-manager-1.4.0-SNAPSHOT.jar:?]
	at org.apache.hadoop.ozone.protocolPB.OzoneManagerProtocolServerSideTranslatorPB.submitReadRequestToOM(OzoneManagerProtocolServerSideTranslatorPB.java:223) ~[ozone-manager-1.4.0-SNAPSHOT.jar:?]
	at org.apache.hadoop.ozone.protocolPB.OzoneManagerProtocolServerSideTranslatorPB.processRequest(OzoneManagerProtocolServerSideTranslatorPB.java:177) ~[ozone-manager-1.4.0-SNAPSHOT.jar:?]
	at org.apache.hadoop.hdds.server.OzoneProtocolMessageDispatcher.processRequest(OzoneProtocolMessageDispatcher.java:87) [hdds-server-framework-1.4.0-SNAPSHOT.jar:?]
	at org.apache.hadoop.ozone.protocolPB.OzoneManagerProtocolServerSideTranslatorPB.submitRequest(OzoneManagerProtocolServerSideTranslatorPB.java:147) [ozone-manager-1.4.0-SNAPSHOT.jar:?]
	at org.apache.hadoop.ozone.protocol.proto.OzoneManagerProtocolProtos$OzoneManagerService$2.callBlockingMethod(OzoneManagerProtocolProtos.java) [ozone-interface-client-1.4.0-SNAPSHOT.jar:?]
	at org.apache.hadoop.ipc.ProtobufRpcEngine$Server.processCall(ProtobufRpcEngine.java:484) [hadoop-common-3.3.5.jar:?]
	at org.apache.hadoop.ipc.ProtobufRpcEngine2$Server$ProtoBufRpcInvoker.call(ProtobufRpcEngine2.java:595) [hadoop-common-3.3.5.jar:?]
	at org.apache.hadoop.ipc.ProtobufRpcEngine2$Server$ProtoBufRpcInvoker.call(ProtobufRpcEngine2.java:573) [hadoop-common-3.3.5.jar:?]
	at org.apache.hadoop.ipc.RPC$Server.call(RPC.java:1213) [hadoop-common-3.3.5.jar:?]
	at org.apache.hadoop.ipc.Server$RpcCall.run(Server.java:1089) [hadoop-common-3.3.5.jar:?]
	at org.apache.hadoop.ipc.Server$RpcCall.run(Server.java:1012) [hadoop-common-3.3.5.jar:?]
	at java.security.AccessController.doPrivileged(Native Method) ~[?:1.8.0_362]
	at javax.security.auth.Subject.doAs(Subject.java:422) [?:1.8.0_362]
	at org.apache.hadoop.security.UserGroupInformation.doAs(UserGroupInformation.java:1899) [hadoop-common-3.3.5.jar:?]
	at org.apache.hadoop.ipc.Server$Handler.run(Server.java:3026) [hadoop-common-3.3.5.jar:?]
]]></system-out>
  </testcase>
  <testcase name="testGetTrashRoots" classname="TestOzoneFileSystem" time="0.024">
    <system-out><![CDATA[17:18:08.265 [IPC Server handler 18 on default port 38777] ERROR OMAudit - user=runner | ip=127.0.0.1 | op=GET_FILE_STATUS {volume=volume96178, bucket=bucket92903, key=.Trash/runner, dataSize=0, replicationConfig=null} | ret=FAILURE
org.apache.hadoop.ozone.om.exceptions.OMException: Unable to get file status: volume: volume96178 bucket: bucket92903 key: .Trash/runner
	at org.apache.hadoop.ozone.om.KeyManagerImpl.getOzoneFileStatus(KeyManagerImpl.java:1200) ~[ozone-manager-1.4.0-SNAPSHOT.jar:?]
	at org.apache.hadoop.ozone.om.KeyManagerImpl.getFileStatus(KeyManagerImpl.java:1118) ~[ozone-manager-1.4.0-SNAPSHOT.jar:?]
	at org.apache.hadoop.ozone.om.OmMetadataReader.getFileStatus(OmMetadataReader.java:288) ~[ozone-manager-1.4.0-SNAPSHOT.jar:?]
	at org.apache.hadoop.ozone.om.OzoneManager.getFileStatus(OzoneManager.java:3491) ~[ozone-manager-1.4.0-SNAPSHOT.jar:?]
	at org.apache.hadoop.ozone.protocolPB.OzoneManagerRequestHandler.getOzoneFileStatus(OzoneManagerRequestHandler.java:934) ~[ozone-manager-1.4.0-SNAPSHOT.jar:?]
	at org.apache.hadoop.ozone.protocolPB.OzoneManagerRequestHandler.handleReadRequest(OzoneManagerRequestHandler.java:238) ~[ozone-manager-1.4.0-SNAPSHOT.jar:?]
	at org.apache.hadoop.ozone.protocolPB.OzoneManagerProtocolServerSideTranslatorPB.submitRequestDirectlyToOM(OzoneManagerProtocolServerSideTranslatorPB.java:272) ~[ozone-manager-1.4.0-SNAPSHOT.jar:?]
	at org.apache.hadoop.ozone.protocolPB.OzoneManagerProtocolServerSideTranslatorPB.processRequest(OzoneManagerProtocolServerSideTranslatorPB.java:173) ~[ozone-manager-1.4.0-SNAPSHOT.jar:?]
	at org.apache.hadoop.hdds.server.OzoneProtocolMessageDispatcher.processRequest(OzoneProtocolMessageDispatcher.java:87) [hdds-server-framework-1.4.0-SNAPSHOT.jar:?]
	at org.apache.hadoop.ozone.protocolPB.OzoneManagerProtocolServerSideTranslatorPB.submitRequest(OzoneManagerProtocolServerSideTranslatorPB.java:147) [ozone-manager-1.4.0-SNAPSHOT.jar:?]
	at org.apache.hadoop.ozone.protocol.proto.OzoneManagerProtocolProtos$OzoneManagerService$2.callBlockingMethod(OzoneManagerProtocolProtos.java) [ozone-interface-client-1.4.0-SNAPSHOT.jar:?]
	at org.apache.hadoop.ipc.ProtobufRpcEngine$Server.processCall(ProtobufRpcEngine.java:484) [hadoop-common-3.3.5.jar:?]
	at org.apache.hadoop.ipc.ProtobufRpcEngine2$Server$ProtoBufRpcInvoker.call(ProtobufRpcEngine2.java:595) [hadoop-common-3.3.5.jar:?]
	at org.apache.hadoop.ipc.ProtobufRpcEngine2$Server$ProtoBufRpcInvoker.call(ProtobufRpcEngine2.java:573) [hadoop-common-3.3.5.jar:?]
	at org.apache.hadoop.ipc.RPC$Server.call(RPC.java:1213) [hadoop-common-3.3.5.jar:?]
	at org.apache.hadoop.ipc.Server$RpcCall.run(Server.java:1089) [hadoop-common-3.3.5.jar:?]
	at org.apache.hadoop.ipc.Server$RpcCall.run(Server.java:1012) [hadoop-common-3.3.5.jar:?]
	at java.security.AccessController.doPrivileged(Native Method) ~[?:1.8.0_362]
	at javax.security.auth.Subject.doAs(Subject.java:422) [?:1.8.0_362]
	at org.apache.hadoop.security.UserGroupInformation.doAs(UserGroupInformation.java:1899) [hadoop-common-3.3.5.jar:?]
	at org.apache.hadoop.ipc.Server$Handler.run(Server.java:3026) [hadoop-common-3.3.5.jar:?]
]]></system-out>
  </testcase>
  <testcase name="testGetTrashRoots" classname="TestOzoneFileSystem" time="0.022">
    <system-out><![CDATA[17:18:59.299 [IPC Server handler 5 on default port 45623] ERROR OMAudit - user=runner | ip=127.0.0.1 | op=GET_FILE_STATUS {volume=volume95537, bucket=bucket59866, key=.Trash/runner, dataSize=0, replicationConfig=null} | ret=FAILURE
org.apache.hadoop.ozone.om.exceptions.OMException: Unable to get file status: volume: volume95537 bucket: bucket59866 key: .Trash/runner
	at org.apache.hadoop.ozone.om.KeyManagerImpl.getOzoneFileStatus(KeyManagerImpl.java:1200) ~[ozone-manager-1.4.0-SNAPSHOT.jar:?]
	at org.apache.hadoop.ozone.om.KeyManagerImpl.getFileStatus(KeyManagerImpl.java:1118) ~[ozone-manager-1.4.0-SNAPSHOT.jar:?]
	at org.apache.hadoop.ozone.om.OmMetadataReader.getFileStatus(OmMetadataReader.java:288) ~[ozone-manager-1.4.0-SNAPSHOT.jar:?]
	at org.apache.hadoop.ozone.om.OzoneManager.getFileStatus(OzoneManager.java:3491) ~[ozone-manager-1.4.0-SNAPSHOT.jar:?]
	at org.apache.hadoop.ozone.protocolPB.OzoneManagerRequestHandler.getOzoneFileStatus(OzoneManagerRequestHandler.java:934) ~[ozone-manager-1.4.0-SNAPSHOT.jar:?]
	at org.apache.hadoop.ozone.protocolPB.OzoneManagerRequestHandler.handleReadRequest(OzoneManagerRequestHandler.java:238) ~[ozone-manager-1.4.0-SNAPSHOT.jar:?]
	at org.apache.hadoop.ozone.protocolPB.OzoneManagerProtocolServerSideTranslatorPB.submitReadRequestToOM(OzoneManagerProtocolServerSideTranslatorPB.java:223) ~[ozone-manager-1.4.0-SNAPSHOT.jar:?]
	at org.apache.hadoop.ozone.protocolPB.OzoneManagerProtocolServerSideTranslatorPB.processRequest(OzoneManagerProtocolServerSideTranslatorPB.java:177) ~[ozone-manager-1.4.0-SNAPSHOT.jar:?]
	at org.apache.hadoop.hdds.server.OzoneProtocolMessageDispatcher.processRequest(OzoneProtocolMessageDispatcher.java:87) [hdds-server-framework-1.4.0-SNAPSHOT.jar:?]
	at org.apache.hadoop.ozone.protocolPB.OzoneManagerProtocolServerSideTranslatorPB.submitRequest(OzoneManagerProtocolServerSideTranslatorPB.java:147) [ozone-manager-1.4.0-SNAPSHOT.jar:?]
	at org.apache.hadoop.ozone.protocol.proto.OzoneManagerProtocolProtos$OzoneManagerService$2.callBlockingMethod(OzoneManagerProtocolProtos.java) [ozone-interface-client-1.4.0-SNAPSHOT.jar:?]
	at org.apache.hadoop.ipc.ProtobufRpcEngine$Server.processCall(ProtobufRpcEngine.java:484) [hadoop-common-3.3.5.jar:?]
	at org.apache.hadoop.ipc.ProtobufRpcEngine2$Server$ProtoBufRpcInvoker.call(ProtobufRpcEngine2.java:595) [hadoop-common-3.3.5.jar:?]
	at org.apache.hadoop.ipc.ProtobufRpcEngine2$Server$ProtoBufRpcInvoker.call(ProtobufRpcEngine2.java:573) [hadoop-common-3.3.5.jar:?]
	at org.apache.hadoop.ipc.RPC$Server.call(RPC.java:1213) [hadoop-common-3.3.5.jar:?]
	at org.apache.hadoop.ipc.Server$RpcCall.run(Server.java:1089) [hadoop-common-3.3.5.jar:?]
	at org.apache.hadoop.ipc.Server$RpcCall.run(Server.java:1012) [hadoop-common-3.3.5.jar:?]
	at java.security.AccessController.doPrivileged(Native Method) ~[?:1.8.0_362]
	at javax.security.auth.Subject.doAs(Subject.java:422) [?:1.8.0_362]
	at org.apache.hadoop.security.UserGroupInformation.doAs(UserGroupInformation.java:1899) [hadoop-common-3.3.5.jar:?]
	at org.apache.hadoop.ipc.Server$Handler.run(Server.java:3026) [hadoop-common-3.3.5.jar:?]
]]></system-out>
  </testcase>
  <testcase name="testGetTrashRoots" classname="TestOzoneFileSystem" time="0.015">
    <system-out><![CDATA[17:19:59.308 [IPC Server handler 15 on default port 37689] ERROR OMAudit - user=runner | ip=127.0.0.1 | op=GET_FILE_STATUS {volume=volume96095, bucket=bucket29928, key=.Trash/runner, dataSize=0, replicationConfig=null} | ret=FAILURE
org.apache.hadoop.ozone.om.exceptions.OMException: Unable to get file status: volume: volume96095 bucket: bucket29928 key: .Trash/runner
	at org.apache.hadoop.ozone.om.KeyManagerImpl.getOzoneFileStatus(KeyManagerImpl.java:1200) ~[ozone-manager-1.4.0-SNAPSHOT.jar:?]
	at org.apache.hadoop.ozone.om.KeyManagerImpl.getFileStatus(KeyManagerImpl.java:1118) ~[ozone-manager-1.4.0-SNAPSHOT.jar:?]
	at org.apache.hadoop.ozone.om.OmMetadataReader.getFileStatus(OmMetadataReader.java:288) ~[ozone-manager-1.4.0-SNAPSHOT.jar:?]
	at org.apache.hadoop.ozone.om.OzoneManager.getFileStatus(OzoneManager.java:3491) ~[ozone-manager-1.4.0-SNAPSHOT.jar:?]
	at org.apache.hadoop.ozone.protocolPB.OzoneManagerRequestHandler.getOzoneFileStatus(OzoneManagerRequestHandler.java:934) ~[ozone-manager-1.4.0-SNAPSHOT.jar:?]
	at org.apache.hadoop.ozone.protocolPB.OzoneManagerRequestHandler.handleReadRequest(OzoneManagerRequestHandler.java:238) ~[ozone-manager-1.4.0-SNAPSHOT.jar:?]
	at org.apache.hadoop.ozone.protocolPB.OzoneManagerProtocolServerSideTranslatorPB.submitRequestDirectlyToOM(OzoneManagerProtocolServerSideTranslatorPB.java:272) ~[ozone-manager-1.4.0-SNAPSHOT.jar:?]
	at org.apache.hadoop.ozone.protocolPB.OzoneManagerProtocolServerSideTranslatorPB.processRequest(OzoneManagerProtocolServerSideTranslatorPB.java:173) ~[ozone-manager-1.4.0-SNAPSHOT.jar:?]
	at org.apache.hadoop.hdds.server.OzoneProtocolMessageDispatcher.processRequest(OzoneProtocolMessageDispatcher.java:87) [hdds-server-framework-1.4.0-SNAPSHOT.jar:?]
	at org.apache.hadoop.ozone.protocolPB.OzoneManagerProtocolServerSideTranslatorPB.submitRequest(OzoneManagerProtocolServerSideTranslatorPB.java:147) [ozone-manager-1.4.0-SNAPSHOT.jar:?]
	at org.apache.hadoop.ozone.protocol.proto.OzoneManagerProtocolProtos$OzoneManagerService$2.callBlockingMethod(OzoneManagerProtocolProtos.java) [ozone-interface-client-1.4.0-SNAPSHOT.jar:?]
	at org.apache.hadoop.ipc.ProtobufRpcEngine$Server.processCall(ProtobufRpcEngine.java:484) [hadoop-common-3.3.5.jar:?]
	at org.apache.hadoop.ipc.ProtobufRpcEngine2$Server$ProtoBufRpcInvoker.call(ProtobufRpcEngine2.java:595) [hadoop-common-3.3.5.jar:?]
	at org.apache.hadoop.ipc.ProtobufRpcEngine2$Server$ProtoBufRpcInvoker.call(ProtobufRpcEngine2.java:573) [hadoop-common-3.3.5.jar:?]
	at org.apache.hadoop.ipc.RPC$Server.call(RPC.java:1213) [hadoop-common-3.3.5.jar:?]
	at org.apache.hadoop.ipc.Server$RpcCall.run(Server.java:1089) [hadoop-common-3.3.5.jar:?]
	at org.apache.hadoop.ipc.Server$RpcCall.run(Server.java:1012) [hadoop-common-3.3.5.jar:?]
	at java.security.AccessController.doPrivileged(Native Method) ~[?:1.8.0_362]
	at javax.security.auth.Subject.doAs(Subject.java:422) [?:1.8.0_362]
	at org.apache.hadoop.security.UserGroupInformation.doAs(UserGroupInformation.java:1899) [hadoop-common-3.3.5.jar:?]
	at org.apache.hadoop.ipc.Server$Handler.run(Server.java:3026) [hadoop-common-3.3.5.jar:?]
]]></system-out>
  </testcase>
  <testcase name="testCreateDoesNotAddParentDirKeys" classname="TestOzoneFileSystem" time="0.038">
    <system-out><![CDATA[2023-04-11 17:16:55,443 [OM StateMachine ApplyTransaction Thread - 0] INFO  key.OMKeyRequest (OMKeyRequest.java:wrapUncommittedBlocksAsPseudoKey(838)) - Detect allocated but uncommitted blocks [{blockID={containerID=3, localID=111677748019200031}, length=4194304, offset=0, token=null, pipeline=null, createVersion=0, partNumber=0}] in key testCreateDoesNotAddParentDirKeys/parent/child.
]]></system-out>
  </testcase>
  <testcase name="testCreateDoesNotAddParentDirKeys" classname="TestOzoneFileSystem" time="0.02">
    <system-out><![CDATA[2023-04-11 17:18:08,295 [IPC Server handler 9 on default port 38777] INFO  key.OMKeyRequest (OMKeyRequest.java:wrapUncommittedBlocksAsPseudoKey(838)) - Detect allocated but uncommitted blocks [{blockID={containerID=2, localID=111677748019200031}, length=4194304, offset=0, token=null, pipeline=null, createVersion=0, partNumber=0}] in key testCreateDoesNotAddParentDirKeys/parent/child.
]]></system-out>
  </testcase>
  <testcase name="testCreateDoesNotAddParentDirKeys" classname="TestOzoneFileSystem" time="0.019">
    <system-out><![CDATA[2023-04-11 17:18:59,324 [OM StateMachine ApplyTransaction Thread - 0] INFO  key.OMKeyRequest (OMKeyRequest.java:wrapUncommittedBlocksAsPseudoKey(838)) - Detect allocated but uncommitted blocks [{blockID={containerID=1, localID=111677748019200031}, length=4194304, offset=0, token=null, pipeline=null, createVersion=0, partNumber=0}] in key testCreateDoesNotAddParentDirKeys/parent/child.
]]></system-out>
  </testcase>
  <testcase name="testCreateDoesNotAddParentDirKeys" classname="TestOzoneFileSystem" time="0.016">
    <system-out><![CDATA[2023-04-11 17:19:59,327 [IPC Server handler 10 on default port 37689] INFO  key.OMKeyRequest (OMKeyRequest.java:wrapUncommittedBlocksAsPseudoKey(838)) - Detect allocated but uncommitted blocks [{blockID={containerID=4, localID=111677748019200031}, length=4194304, offset=0, token=null, pipeline=null, createVersion=0, partNumber=0}] in key testCreateDoesNotAddParentDirKeys/parent/child.
]]></system-out>
  </testcase>
  <testcase name="testDeleteCreatesFakeParentDir" classname="TestOzoneFileSystem" time="0.038">
    <system-out><![CDATA[2023-04-11 17:16:55,483 [OM StateMachine ApplyTransaction Thread - 0] INFO  key.OMKeyRequest (OMKeyRequest.java:wrapUncommittedBlocksAsPseudoKey(838)) - Detect allocated but uncommitted blocks [{blockID={containerID=4, localID=111677748019200032}, length=4194304, offset=0, token=null, pipeline=null, createVersion=0, partNumber=0}] in key testDeleteCreatesFakeParentDir/parent/child.
]]></system-out>
  </testcase>
  <testcase name="testDeleteCreatesFakeParentDir" classname="TestOzoneFileSystem" time="0.015">
    <system-out><![CDATA[2023-04-11 17:18:08,313 [IPC Server handler 10 on default port 38777] INFO  key.OMKeyRequest (OMKeyRequest.java:wrapUncommittedBlocksAsPseudoKey(838)) - Detect allocated but uncommitted blocks [{blockID={containerID=4, localID=111677748019200032}, length=4194304, offset=0, token=null, pipeline=null, createVersion=0, partNumber=0}] in key testDeleteCreatesFakeParentDir/parent/child.
]]></system-out>
  </testcase>
  <testcase name="testDeleteCreatesFakeParentDir" classname="TestOzoneFileSystem" time="0.015">
    <system-out><![CDATA[2023-04-11 17:18:59,344 [OM StateMachine ApplyTransaction Thread - 0] INFO  key.OMKeyRequest (OMKeyRequest.java:wrapUncommittedBlocksAsPseudoKey(838)) - Detect allocated but uncommitted blocks [{blockID={containerID=2, localID=111677748019200032}, length=4194304, offset=0, token=null, pipeline=null, createVersion=0, partNumber=0}] in key testDeleteCreatesFakeParentDir/parent/child.
]]></system-out>
  </testcase>
  <testcase name="testDeleteCreatesFakeParentDir" classname="TestOzoneFileSystem" time="0.014">
    <system-out><![CDATA[2023-04-11 17:19:59,346 [IPC Server handler 17 on default port 37689] INFO  key.OMKeyRequest (OMKeyRequest.java:wrapUncommittedBlocksAsPseudoKey(838)) - Detect allocated but uncommitted blocks [{blockID={containerID=1, localID=111677748019200032}, length=4194304, offset=0, token=null, pipeline=null, createVersion=0, partNumber=0}] in key testDeleteCreatesFakeParentDir/parent/child.
]]></system-out>
  </testcase>
  <testcase name="testListStatusOnKeyNameContainDelimiter" classname="TestOzoneFileSystem" time="0.04">
    <system-out><![CDATA[2023-04-11 17:16:55,529 [OM StateMachine ApplyTransaction Thread - 0] INFO  key.OMKeyRequest (OMKeyRequest.java:wrapUncommittedBlocksAsPseudoKey(838)) - Detect allocated but uncommitted blocks [{blockID={containerID=5, localID=111677748019200033}, length=4194304, offset=0, token=null, pipeline=null, createVersion=0, partNumber=0}] in key dir1/dir2/key1.
]]></system-out>
  </testcase>
  <testcase name="testListStatusOnKeyNameContainDelimiter" classname="TestOzoneFileSystem" time="0.014">
    <system-out><![CDATA[2023-04-11 17:18:08,328 [IPC Server handler 19 on default port 38777] INFO  key.OMKeyRequest (OMKeyRequest.java:wrapUncommittedBlocksAsPseudoKey(838)) - Detect allocated but uncommitted blocks [{blockID={containerID=5, localID=111677748019200033}, length=4194304, offset=0, token=null, pipeline=null, createVersion=0, partNumber=0}] in key dir1/dir2/key1.
]]></system-out>
  </testcase>
  <testcase name="testListStatusOnKeyNameContainDelimiter" classname="TestOzoneFileSystem" time="0.013">
    <system-out><![CDATA[2023-04-11 17:18:59,359 [OM StateMachine ApplyTransaction Thread - 0] INFO  key.OMKeyRequest (OMKeyRequest.java:wrapUncommittedBlocksAsPseudoKey(838)) - Detect allocated but uncommitted blocks [{blockID={containerID=5, localID=111677748019200033}, length=4194304, offset=0, token=null, pipeline=null, createVersion=0, partNumber=0}] in key dir1/dir2/key1.
]]></system-out>
  </testcase>
  <testcase name="testListStatusOnKeyNameContainDelimiter" classname="TestOzoneFileSystem" time="0.009">
    <system-out><![CDATA[2023-04-11 17:19:59,357 [IPC Server handler 0 on default port 37689] INFO  key.OMKeyRequest (OMKeyRequest.java:wrapUncommittedBlocksAsPseudoKey(838)) - Detect allocated but uncommitted blocks [{blockID={containerID=5, localID=111677748019200033}, length=4194304, offset=0, token=null, pipeline=null, createVersion=0, partNumber=0}] in key dir1/dir2/key1.
]]></system-out>
  </testcase>
  <testcase name="testNonExplicitlyCreatedPathExistsAfterItsLeafsWereRemoved" classname="TestOzoneFileSystem" time="0.048">
    <system-out><![CDATA[17:16:55.565 [IPC Server handler 12 on default port 41353] ERROR OMAudit - user=runner | ip=127.0.0.1 | op=GET_FILE_STATUS {volume=volume52567, bucket=bucket67420, key=target/leaf, dataSize=0, replicationConfig=null} | ret=FAILURE
org.apache.hadoop.ozone.om.exceptions.OMException: Unable to get file status: volume: volume52567 bucket: bucket67420 key: target/leaf
	at org.apache.hadoop.ozone.om.KeyManagerImpl.getOzoneFileStatus(KeyManagerImpl.java:1200) ~[ozone-manager-1.4.0-SNAPSHOT.jar:?]
	at org.apache.hadoop.ozone.om.KeyManagerImpl.getFileStatus(KeyManagerImpl.java:1118) ~[ozone-manager-1.4.0-SNAPSHOT.jar:?]
	at org.apache.hadoop.ozone.om.OmMetadataReader.getFileStatus(OmMetadataReader.java:288) ~[ozone-manager-1.4.0-SNAPSHOT.jar:?]
	at org.apache.hadoop.ozone.om.OzoneManager.getFileStatus(OzoneManager.java:3491) ~[ozone-manager-1.4.0-SNAPSHOT.jar:?]
	at org.apache.hadoop.ozone.protocolPB.OzoneManagerRequestHandler.getOzoneFileStatus(OzoneManagerRequestHandler.java:934) ~[ozone-manager-1.4.0-SNAPSHOT.jar:?]
	at org.apache.hadoop.ozone.protocolPB.OzoneManagerRequestHandler.handleReadRequest(OzoneManagerRequestHandler.java:238) ~[ozone-manager-1.4.0-SNAPSHOT.jar:?]
	at org.apache.hadoop.ozone.protocolPB.OzoneManagerProtocolServerSideTranslatorPB.submitReadRequestToOM(OzoneManagerProtocolServerSideTranslatorPB.java:223) ~[ozone-manager-1.4.0-SNAPSHOT.jar:?]
	at org.apache.hadoop.ozone.protocolPB.OzoneManagerProtocolServerSideTranslatorPB.processRequest(OzoneManagerProtocolServerSideTranslatorPB.java:177) ~[ozone-manager-1.4.0-SNAPSHOT.jar:?]
	at org.apache.hadoop.hdds.server.OzoneProtocolMessageDispatcher.processRequest(OzoneProtocolMessageDispatcher.java:87) [hdds-server-framework-1.4.0-SNAPSHOT.jar:?]
	at org.apache.hadoop.ozone.protocolPB.OzoneManagerProtocolServerSideTranslatorPB.submitRequest(OzoneManagerProtocolServerSideTranslatorPB.java:147) [ozone-manager-1.4.0-SNAPSHOT.jar:?]
	at org.apache.hadoop.ozone.protocol.proto.OzoneManagerProtocolProtos$OzoneManagerService$2.callBlockingMethod(OzoneManagerProtocolProtos.java) [ozone-interface-client-1.4.0-SNAPSHOT.jar:?]
	at org.apache.hadoop.ipc.ProtobufRpcEngine$Server.processCall(ProtobufRpcEngine.java:484) [hadoop-common-3.3.5.jar:?]
	at org.apache.hadoop.ipc.ProtobufRpcEngine2$Server$ProtoBufRpcInvoker.call(ProtobufRpcEngine2.java:595) [hadoop-common-3.3.5.jar:?]
	at org.apache.hadoop.ipc.ProtobufRpcEngine2$Server$ProtoBufRpcInvoker.call(ProtobufRpcEngine2.java:573) [hadoop-common-3.3.5.jar:?]
	at org.apache.hadoop.ipc.RPC$Server.call(RPC.java:1213) [hadoop-common-3.3.5.jar:?]
	at org.apache.hadoop.ipc.Server$RpcCall.run(Server.java:1089) [hadoop-common-3.3.5.jar:?]
	at org.apache.hadoop.ipc.Server$RpcCall.run(Server.java:1012) [hadoop-common-3.3.5.jar:?]
	at java.security.AccessController.doPrivileged(Native Method) ~[?:1.8.0_362]
	at javax.security.auth.Subject.doAs(Subject.java:422) [?:1.8.0_362]
	at org.apache.hadoop.security.UserGroupInformation.doAs(UserGroupInformation.java:1899) [hadoop-common-3.3.5.jar:?]
	at org.apache.hadoop.ipc.Server$Handler.run(Server.java:3026) [hadoop-common-3.3.5.jar:?]
]]></system-out>
  </testcase>
  <testcase name="testNonExplicitlyCreatedPathExistsAfterItsLeafsWereRemoved" classname="TestOzoneFileSystem" time="0.015">
    <system-out><![CDATA[17:18:08.339 [IPC Server handler 6 on default port 38777] ERROR OMAudit - user=runner | ip=127.0.0.1 | op=GET_FILE_STATUS {volume=volume96178, bucket=bucket92903, key=target/leaf, dataSize=0, replicationConfig=null} | ret=FAILURE
org.apache.hadoop.ozone.om.exceptions.OMException: Unable to get file status: volume: volume96178 bucket: bucket92903 key: target/leaf
	at org.apache.hadoop.ozone.om.KeyManagerImpl.getOzoneFileStatus(KeyManagerImpl.java:1200) ~[ozone-manager-1.4.0-SNAPSHOT.jar:?]
	at org.apache.hadoop.ozone.om.KeyManagerImpl.getFileStatus(KeyManagerImpl.java:1118) ~[ozone-manager-1.4.0-SNAPSHOT.jar:?]
	at org.apache.hadoop.ozone.om.OmMetadataReader.getFileStatus(OmMetadataReader.java:288) ~[ozone-manager-1.4.0-SNAPSHOT.jar:?]
	at org.apache.hadoop.ozone.om.OzoneManager.getFileStatus(OzoneManager.java:3491) ~[ozone-manager-1.4.0-SNAPSHOT.jar:?]
	at org.apache.hadoop.ozone.protocolPB.OzoneManagerRequestHandler.getOzoneFileStatus(OzoneManagerRequestHandler.java:934) ~[ozone-manager-1.4.0-SNAPSHOT.jar:?]
	at org.apache.hadoop.ozone.protocolPB.OzoneManagerRequestHandler.handleReadRequest(OzoneManagerRequestHandler.java:238) ~[ozone-manager-1.4.0-SNAPSHOT.jar:?]
	at org.apache.hadoop.ozone.protocolPB.OzoneManagerProtocolServerSideTranslatorPB.submitRequestDirectlyToOM(OzoneManagerProtocolServerSideTranslatorPB.java:272) ~[ozone-manager-1.4.0-SNAPSHOT.jar:?]
	at org.apache.hadoop.ozone.protocolPB.OzoneManagerProtocolServerSideTranslatorPB.processRequest(OzoneManagerProtocolServerSideTranslatorPB.java:173) ~[ozone-manager-1.4.0-SNAPSHOT.jar:?]
	at org.apache.hadoop.hdds.server.OzoneProtocolMessageDispatcher.processRequest(OzoneProtocolMessageDispatcher.java:87) [hdds-server-framework-1.4.0-SNAPSHOT.jar:?]
	at org.apache.hadoop.ozone.protocolPB.OzoneManagerProtocolServerSideTranslatorPB.submitRequest(OzoneManagerProtocolServerSideTranslatorPB.java:147) [ozone-manager-1.4.0-SNAPSHOT.jar:?]
	at org.apache.hadoop.ozone.protocol.proto.OzoneManagerProtocolProtos$OzoneManagerService$2.callBlockingMethod(OzoneManagerProtocolProtos.java) [ozone-interface-client-1.4.0-SNAPSHOT.jar:?]
	at org.apache.hadoop.ipc.ProtobufRpcEngine$Server.processCall(ProtobufRpcEngine.java:484) [hadoop-common-3.3.5.jar:?]
	at org.apache.hadoop.ipc.ProtobufRpcEngine2$Server$ProtoBufRpcInvoker.call(ProtobufRpcEngine2.java:595) [hadoop-common-3.3.5.jar:?]
	at org.apache.hadoop.ipc.ProtobufRpcEngine2$Server$ProtoBufRpcInvoker.call(ProtobufRpcEngine2.java:573) [hadoop-common-3.3.5.jar:?]
	at org.apache.hadoop.ipc.RPC$Server.call(RPC.java:1213) [hadoop-common-3.3.5.jar:?]
	at org.apache.hadoop.ipc.Server$RpcCall.run(Server.java:1089) [hadoop-common-3.3.5.jar:?]
	at org.apache.hadoop.ipc.Server$RpcCall.run(Server.java:1012) [hadoop-common-3.3.5.jar:?]
	at java.security.AccessController.doPrivileged(Native Method) ~[?:1.8.0_362]
	at javax.security.auth.Subject.doAs(Subject.java:422) [?:1.8.0_362]
	at org.apache.hadoop.security.UserGroupInformation.doAs(UserGroupInformation.java:1899) [hadoop-common-3.3.5.jar:?]
	at org.apache.hadoop.ipc.Server$Handler.run(Server.java:3026) [hadoop-common-3.3.5.jar:?]
]]></system-out>
  </testcase>
  <testcase name="testNonExplicitlyCreatedPathExistsAfterItsLeafsWereRemoved" classname="TestOzoneFileSystem" time="0.018">
    <system-out><![CDATA[17:18:59.373 [IPC Server handler 19 on default port 45623] ERROR OMAudit - user=runner | ip=127.0.0.1 | op=GET_FILE_STATUS {volume=volume95537, bucket=bucket59866, key=target/leaf, dataSize=0, replicationConfig=null} | ret=FAILURE
org.apache.hadoop.ozone.om.exceptions.OMException: Unable to get file status: volume: volume95537 bucket: bucket59866 key: target/leaf
	at org.apache.hadoop.ozone.om.KeyManagerImpl.getOzoneFileStatus(KeyManagerImpl.java:1200) ~[ozone-manager-1.4.0-SNAPSHOT.jar:?]
	at org.apache.hadoop.ozone.om.KeyManagerImpl.getFileStatus(KeyManagerImpl.java:1118) ~[ozone-manager-1.4.0-SNAPSHOT.jar:?]
	at org.apache.hadoop.ozone.om.OmMetadataReader.getFileStatus(OmMetadataReader.java:288) ~[ozone-manager-1.4.0-SNAPSHOT.jar:?]
	at org.apache.hadoop.ozone.om.OzoneManager.getFileStatus(OzoneManager.java:3491) ~[ozone-manager-1.4.0-SNAPSHOT.jar:?]
	at org.apache.hadoop.ozone.protocolPB.OzoneManagerRequestHandler.getOzoneFileStatus(OzoneManagerRequestHandler.java:934) ~[ozone-manager-1.4.0-SNAPSHOT.jar:?]
	at org.apache.hadoop.ozone.protocolPB.OzoneManagerRequestHandler.handleReadRequest(OzoneManagerRequestHandler.java:238) ~[ozone-manager-1.4.0-SNAPSHOT.jar:?]
	at org.apache.hadoop.ozone.protocolPB.OzoneManagerProtocolServerSideTranslatorPB.submitReadRequestToOM(OzoneManagerProtocolServerSideTranslatorPB.java:223) ~[ozone-manager-1.4.0-SNAPSHOT.jar:?]
	at org.apache.hadoop.ozone.protocolPB.OzoneManagerProtocolServerSideTranslatorPB.processRequest(OzoneManagerProtocolServerSideTranslatorPB.java:177) ~[ozone-manager-1.4.0-SNAPSHOT.jar:?]
	at org.apache.hadoop.hdds.server.OzoneProtocolMessageDispatcher.processRequest(OzoneProtocolMessageDispatcher.java:87) [hdds-server-framework-1.4.0-SNAPSHOT.jar:?]
	at org.apache.hadoop.ozone.protocolPB.OzoneManagerProtocolServerSideTranslatorPB.submitRequest(OzoneManagerProtocolServerSideTranslatorPB.java:147) [ozone-manager-1.4.0-SNAPSHOT.jar:?]
	at org.apache.hadoop.ozone.protocol.proto.OzoneManagerProtocolProtos$OzoneManagerService$2.callBlockingMethod(OzoneManagerProtocolProtos.java) [ozone-interface-client-1.4.0-SNAPSHOT.jar:?]
	at org.apache.hadoop.ipc.ProtobufRpcEngine$Server.processCall(ProtobufRpcEngine.java:484) [hadoop-common-3.3.5.jar:?]
	at org.apache.hadoop.ipc.ProtobufRpcEngine2$Server$ProtoBufRpcInvoker.call(ProtobufRpcEngine2.java:595) [hadoop-common-3.3.5.jar:?]
	at org.apache.hadoop.ipc.ProtobufRpcEngine2$Server$ProtoBufRpcInvoker.call(ProtobufRpcEngine2.java:573) [hadoop-common-3.3.5.jar:?]
	at org.apache.hadoop.ipc.RPC$Server.call(RPC.java:1213) [hadoop-common-3.3.5.jar:?]
	at org.apache.hadoop.ipc.Server$RpcCall.run(Server.java:1089) [hadoop-common-3.3.5.jar:?]
	at org.apache.hadoop.ipc.Server$RpcCall.run(Server.java:1012) [hadoop-common-3.3.5.jar:?]
	at java.security.AccessController.doPrivileged(Native Method) ~[?:1.8.0_362]
	at javax.security.auth.Subject.doAs(Subject.java:422) [?:1.8.0_362]
	at org.apache.hadoop.security.UserGroupInformation.doAs(UserGroupInformation.java:1899) [hadoop-common-3.3.5.jar:?]
	at org.apache.hadoop.ipc.Server$Handler.run(Server.java:3026) [hadoop-common-3.3.5.jar:?]
]]></system-out>
  </testcase>
  <testcase name="testNonExplicitlyCreatedPathExistsAfterItsLeafsWereRemoved" classname="TestOzoneFileSystem" time="0.01">
    <system-out><![CDATA[17:19:59.365 [IPC Server handler 12 on default port 37689] ERROR OMAudit - user=runner | ip=127.0.0.1 | op=GET_FILE_STATUS {volume=volume96095, bucket=bucket29928, key=target/leaf, dataSize=0, replicationConfig=null} | ret=FAILURE
org.apache.hadoop.ozone.om.exceptions.OMException: Unable to get file status: volume: volume96095 bucket: bucket29928 key: target/leaf
	at org.apache.hadoop.ozone.om.KeyManagerImpl.getOzoneFileStatus(KeyManagerImpl.java:1200) ~[ozone-manager-1.4.0-SNAPSHOT.jar:?]
	at org.apache.hadoop.ozone.om.KeyManagerImpl.getFileStatus(KeyManagerImpl.java:1118) ~[ozone-manager-1.4.0-SNAPSHOT.jar:?]
	at org.apache.hadoop.ozone.om.OmMetadataReader.getFileStatus(OmMetadataReader.java:288) ~[ozone-manager-1.4.0-SNAPSHOT.jar:?]
	at org.apache.hadoop.ozone.om.OzoneManager.getFileStatus(OzoneManager.java:3491) ~[ozone-manager-1.4.0-SNAPSHOT.jar:?]
	at org.apache.hadoop.ozone.protocolPB.OzoneManagerRequestHandler.getOzoneFileStatus(OzoneManagerRequestHandler.java:934) ~[ozone-manager-1.4.0-SNAPSHOT.jar:?]
	at org.apache.hadoop.ozone.protocolPB.OzoneManagerRequestHandler.handleReadRequest(OzoneManagerRequestHandler.java:238) ~[ozone-manager-1.4.0-SNAPSHOT.jar:?]
	at org.apache.hadoop.ozone.protocolPB.OzoneManagerProtocolServerSideTranslatorPB.submitRequestDirectlyToOM(OzoneManagerProtocolServerSideTranslatorPB.java:272) ~[ozone-manager-1.4.0-SNAPSHOT.jar:?]
	at org.apache.hadoop.ozone.protocolPB.OzoneManagerProtocolServerSideTranslatorPB.processRequest(OzoneManagerProtocolServerSideTranslatorPB.java:173) ~[ozone-manager-1.4.0-SNAPSHOT.jar:?]
	at org.apache.hadoop.hdds.server.OzoneProtocolMessageDispatcher.processRequest(OzoneProtocolMessageDispatcher.java:87) [hdds-server-framework-1.4.0-SNAPSHOT.jar:?]
	at org.apache.hadoop.ozone.protocolPB.OzoneManagerProtocolServerSideTranslatorPB.submitRequest(OzoneManagerProtocolServerSideTranslatorPB.java:147) [ozone-manager-1.4.0-SNAPSHOT.jar:?]
	at org.apache.hadoop.ozone.protocol.proto.OzoneManagerProtocolProtos$OzoneManagerService$2.callBlockingMethod(OzoneManagerProtocolProtos.java) [ozone-interface-client-1.4.0-SNAPSHOT.jar:?]
	at org.apache.hadoop.ipc.ProtobufRpcEngine$Server.processCall(ProtobufRpcEngine.java:484) [hadoop-common-3.3.5.jar:?]
	at org.apache.hadoop.ipc.ProtobufRpcEngine2$Server$ProtoBufRpcInvoker.call(ProtobufRpcEngine2.java:595) [hadoop-common-3.3.5.jar:?]
	at org.apache.hadoop.ipc.ProtobufRpcEngine2$Server$ProtoBufRpcInvoker.call(ProtobufRpcEngine2.java:573) [hadoop-common-3.3.5.jar:?]
	at org.apache.hadoop.ipc.RPC$Server.call(RPC.java:1213) [hadoop-common-3.3.5.jar:?]
	at org.apache.hadoop.ipc.Server$RpcCall.run(Server.java:1089) [hadoop-common-3.3.5.jar:?]
	at org.apache.hadoop.ipc.Server$RpcCall.run(Server.java:1012) [hadoop-common-3.3.5.jar:?]
	at java.security.AccessController.doPrivileged(Native Method) ~[?:1.8.0_362]
	at javax.security.auth.Subject.doAs(Subject.java:422) [?:1.8.0_362]
	at org.apache.hadoop.security.UserGroupInformation.doAs(UserGroupInformation.java:1899) [hadoop-common-3.3.5.jar:?]
	at org.apache.hadoop.ipc.Server$Handler.run(Server.java:3026) [hadoop-common-3.3.5.jar:?]
]]></system-out>
  </testcase>
  <testcase name="testCreateFileShouldCheckExistenceOfDirWithSameName" classname="TestOzoneFileSystem" time="0.062">
    <system-out><![CDATA[2023-04-11 17:16:55,610 [OM StateMachine ApplyTransaction Thread - 0] INFO  key.OMKeyRequest (OMKeyRequest.java:wrapUncommittedBlocksAsPseudoKey(838)) - Detect allocated but uncommitted blocks [{blockID={containerID=1, localID=111677748019200034}, length=4194304, offset=0, token=null, pipeline=null, createVersion=0, partNumber=0}] in key d1/d2/d3/d4/key1.
17:16:55.620 [OM StateMachine ApplyTransaction Thread - 0] ERROR OMAudit - user=runner | ip=127.0.0.1 | op=CREATE_FILE {volume=volume52567, bucket=bucket67420, key=d1/d2/d3/d4/key2, dataSize=4194304, replicationType=RATIS, replicationFactor=THREE} | ret=FAILURE
org.apache.hadoop.ozone.om.exceptions.OMException: Can not write to directory: d1/d2/d3/d4/key2
	at org.apache.hadoop.ozone.om.request.file.OMFileCreateRequest.checkDirectoryResult(OMFileCreateRequest.java:363) ~[ozone-manager-1.4.0-SNAPSHOT.jar:?]
	at org.apache.hadoop.ozone.om.request.file.OMFileCreateRequest.validateAndUpdateCache(OMFileCreateRequest.java:238) ~[ozone-manager-1.4.0-SNAPSHOT.jar:?]
	at org.apache.hadoop.ozone.protocolPB.OzoneManagerRequestHandler.handleWriteRequest(OzoneManagerRequestHandler.java:337) ~[ozone-manager-1.4.0-SNAPSHOT.jar:?]
	at org.apache.hadoop.ozone.om.ratis.OzoneManagerStateMachine.runCommand(OzoneManagerStateMachine.java:541) ~[ozone-manager-1.4.0-SNAPSHOT.jar:?]
	at org.apache.hadoop.ozone.om.ratis.OzoneManagerStateMachine.lambda$1(OzoneManagerStateMachine.java:332) ~[ozone-manager-1.4.0-SNAPSHOT.jar:?]
	at java.util.concurrent.CompletableFuture$AsyncSupply.run(CompletableFuture.java:1604) [?:1.8.0_362]
	at java.util.concurrent.ThreadPoolExecutor.runWorker(ThreadPoolExecutor.java:1149) [?:1.8.0_362]
	at java.util.concurrent.ThreadPoolExecutor$Worker.run(ThreadPoolExecutor.java:624) [?:1.8.0_362]
	at java.lang.Thread.run(Thread.java:750) [?:1.8.0_362]
2023-04-11 17:16:55,621 [OM StateMachine ApplyTransaction Thread - 0] ERROR file.OMFileCreateRequest (OMFileCreateRequest.java:validateAndUpdateCache(336)) - File create failed. Volume:volume52567, Bucket:bucket67420, Keyd1/d2/d3/d4/key2.
NOT_A_FILE org.apache.hadoop.ozone.om.exceptions.OMException: Can not write to directory: d1/d2/d3/d4/key2
	at org.apache.hadoop.ozone.om.request.file.OMFileCreateRequest.checkDirectoryResult(OMFileCreateRequest.java:363)
	at org.apache.hadoop.ozone.om.request.file.OMFileCreateRequest.validateAndUpdateCache(OMFileCreateRequest.java:238)
	at org.apache.hadoop.ozone.protocolPB.OzoneManagerRequestHandler.handleWriteRequest(OzoneManagerRequestHandler.java:337)
	at org.apache.hadoop.ozone.om.ratis.OzoneManagerStateMachine.runCommand(OzoneManagerStateMachine.java:541)
	at org.apache.hadoop.ozone.om.ratis.OzoneManagerStateMachine.lambda$1(OzoneManagerStateMachine.java:332)
	at java.util.concurrent.CompletableFuture$AsyncSupply.run(CompletableFuture.java:1604)
	at java.util.concurrent.ThreadPoolExecutor.runWorker(ThreadPoolExecutor.java:1149)
	at java.util.concurrent.ThreadPoolExecutor$Worker.run(ThreadPoolExecutor.java:624)
	at java.lang.Thread.run(Thread.java:750)
2023-04-11 17:16:55,632 [OM StateMachine ApplyTransaction Thread - 0] INFO  key.OMKeyRequest (OMKeyRequest.java:wrapUncommittedBlocksAsPseudoKey(838)) - Detect allocated but uncommitted blocks [{blockID={containerID=1, localID=111677748019200036}, length=4194304, offset=0, token=null, pipeline=null, createVersion=0, partNumber=0}] in key d1/d2/d3/d4/key3.
17:16:55.635 [OM StateMachine ApplyTransaction Thread - 0] ERROR OMAudit - user=runner | ip=127.0.0.1 | op=CREATE_DIRECTORY {volume=volume52567, bucket=bucket67420, key=d1/d2/d3/d4/key3, dataSize=0, replicationType=NONE, replicationFactor=ZERO} | ret=FAILURE
org.apache.hadoop.ozone.om.exceptions.OMException: Unable to create directory: d1/d2/d3/d4/key3 in volume/bucket: volume52567/bucket67420
	at org.apache.hadoop.ozone.om.request.file.OMDirectoryCreateRequest.validateAndUpdateCache(OMDirectoryCreateRequest.java:196) ~[ozone-manager-1.4.0-SNAPSHOT.jar:?]
	at org.apache.hadoop.ozone.protocolPB.OzoneManagerRequestHandler.handleWriteRequest(OzoneManagerRequestHandler.java:337) ~[ozone-manager-1.4.0-SNAPSHOT.jar:?]
	at org.apache.hadoop.ozone.om.ratis.OzoneManagerStateMachine.runCommand(OzoneManagerStateMachine.java:541) ~[ozone-manager-1.4.0-SNAPSHOT.jar:?]
	at org.apache.hadoop.ozone.om.ratis.OzoneManagerStateMachine.lambda$1(OzoneManagerStateMachine.java:332) ~[ozone-manager-1.4.0-SNAPSHOT.jar:?]
	at java.util.concurrent.CompletableFuture$AsyncSupply.run(CompletableFuture.java:1604) [?:1.8.0_362]
	at java.util.concurrent.ThreadPoolExecutor.runWorker(ThreadPoolExecutor.java:1149) [?:1.8.0_362]
	at java.util.concurrent.ThreadPoolExecutor$Worker.run(ThreadPoolExecutor.java:624) [?:1.8.0_362]
	at java.lang.Thread.run(Thread.java:750) [?:1.8.0_362]
2023-04-11 17:16:55,635 [OM StateMachine ApplyTransaction Thread - 0] ERROR file.OMDirectoryCreateRequest (OMDirectoryCreateRequest.java:logResult(335)) - Directory creation failed. Volume:volume52567, Bucket:bucket67420, Keyd1/d2/d3/d4/key3. Exception:{}
FILE_ALREADY_EXISTS org.apache.hadoop.ozone.om.exceptions.OMException: Unable to create directory: d1/d2/d3/d4/key3 in volume/bucket: volume52567/bucket67420
	at org.apache.hadoop.ozone.om.request.file.OMDirectoryCreateRequest.validateAndUpdateCache(OMDirectoryCreateRequest.java:196)
	at org.apache.hadoop.ozone.protocolPB.OzoneManagerRequestHandler.handleWriteRequest(OzoneManagerRequestHandler.java:337)
	at org.apache.hadoop.ozone.om.ratis.OzoneManagerStateMachine.runCommand(OzoneManagerStateMachine.java:541)
	at org.apache.hadoop.ozone.om.ratis.OzoneManagerStateMachine.lambda$1(OzoneManagerStateMachine.java:332)
	at java.util.concurrent.CompletableFuture$AsyncSupply.run(CompletableFuture.java:1604)
	at java.util.concurrent.ThreadPoolExecutor.runWorker(ThreadPoolExecutor.java:1149)
	at java.util.concurrent.ThreadPoolExecutor$Worker.run(ThreadPoolExecutor.java:624)
	at java.lang.Thread.run(Thread.java:750)
17:16:55.640 [OM StateMachine ApplyTransaction Thread - 0] ERROR OMAudit - user=runner | ip=127.0.0.1 | op=CREATE_FILE {volume=volume52567, bucket=bucket67420, key=d1/d2/d3, dataSize=4194304, replicationType=RATIS, replicationFactor=THREE} | ret=FAILURE
org.apache.hadoop.ozone.om.exceptions.OMException: Can not write to directory: d1/d2/d3
	at org.apache.hadoop.ozone.om.request.file.OMFileCreateRequest.checkDirectoryResult(OMFileCreateRequest.java:363) ~[ozone-manager-1.4.0-SNAPSHOT.jar:?]
	at org.apache.hadoop.ozone.om.request.file.OMFileCreateRequest.validateAndUpdateCache(OMFileCreateRequest.java:238) ~[ozone-manager-1.4.0-SNAPSHOT.jar:?]
	at org.apache.hadoop.ozone.protocolPB.OzoneManagerRequestHandler.handleWriteRequest(OzoneManagerRequestHandler.java:337) ~[ozone-manager-1.4.0-SNAPSHOT.jar:?]
	at org.apache.hadoop.ozone.om.ratis.OzoneManagerStateMachine.runCommand(OzoneManagerStateMachine.java:541) ~[ozone-manager-1.4.0-SNAPSHOT.jar:?]
	at org.apache.hadoop.ozone.om.ratis.OzoneManagerStateMachine.lambda$1(OzoneManagerStateMachine.java:332) ~[ozone-manager-1.4.0-SNAPSHOT.jar:?]
	at java.util.concurrent.CompletableFuture$AsyncSupply.run(CompletableFuture.java:1604) [?:1.8.0_362]
	at java.util.concurrent.ThreadPoolExecutor.runWorker(ThreadPoolExecutor.java:1149) [?:1.8.0_362]
	at java.util.concurrent.ThreadPoolExecutor$Worker.run(ThreadPoolExecutor.java:624) [?:1.8.0_362]
	at java.lang.Thread.run(Thread.java:750) [?:1.8.0_362]
2023-04-11 17:16:55,641 [OM StateMachine ApplyTransaction Thread - 0] ERROR file.OMFileCreateRequest (OMFileCreateRequest.java:validateAndUpdateCache(336)) - File create failed. Volume:volume52567, Bucket:bucket67420, Keyd1/d2/d3.
NOT_A_FILE org.apache.hadoop.ozone.om.exceptions.OMException: Can not write to directory: d1/d2/d3
	at org.apache.hadoop.ozone.om.request.file.OMFileCreateRequest.checkDirectoryResult(OMFileCreateRequest.java:363)
	at org.apache.hadoop.ozone.om.request.file.OMFileCreateRequest.validateAndUpdateCache(OMFileCreateRequest.java:238)
	at org.apache.hadoop.ozone.protocolPB.OzoneManagerRequestHandler.handleWriteRequest(OzoneManagerRequestHandler.java:337)
	at org.apache.hadoop.ozone.om.ratis.OzoneManagerStateMachine.runCommand(OzoneManagerStateMachine.java:541)
	at org.apache.hadoop.ozone.om.ratis.OzoneManagerStateMachine.lambda$1(OzoneManagerStateMachine.java:332)
	at java.util.concurrent.CompletableFuture$AsyncSupply.run(CompletableFuture.java:1604)
	at java.util.concurrent.ThreadPoolExecutor.runWorker(ThreadPoolExecutor.java:1149)
	at java.util.concurrent.ThreadPoolExecutor$Worker.run(ThreadPoolExecutor.java:624)
	at java.lang.Thread.run(Thread.java:750)
17:16:55.644 [IPC Server handler 13 on default port 41353] ERROR OMAudit - user=runner | ip=127.0.0.1 | op=GET_FILE_STATUS {volume=volume52567, bucket=bucket67420, key=d1/d2/d3/d4/key3/invalid, dataSize=0, replicationConfig=null} | ret=FAILURE
org.apache.hadoop.ozone.om.exceptions.OMException: Unable to get file status: volume: volume52567 bucket: bucket67420 key: d1/d2/d3/d4/key3/invalid
	at org.apache.hadoop.ozone.om.KeyManagerImpl.getOzoneFileStatus(KeyManagerImpl.java:1200) ~[ozone-manager-1.4.0-SNAPSHOT.jar:?]
	at org.apache.hadoop.ozone.om.KeyManagerImpl.getFileStatus(KeyManagerImpl.java:1118) ~[ozone-manager-1.4.0-SNAPSHOT.jar:?]
	at org.apache.hadoop.ozone.om.OmMetadataReader.getFileStatus(OmMetadataReader.java:288) ~[ozone-manager-1.4.0-SNAPSHOT.jar:?]
	at org.apache.hadoop.ozone.om.OzoneManager.getFileStatus(OzoneManager.java:3491) ~[ozone-manager-1.4.0-SNAPSHOT.jar:?]
	at org.apache.hadoop.ozone.protocolPB.OzoneManagerRequestHandler.getOzoneFileStatus(OzoneManagerRequestHandler.java:934) ~[ozone-manager-1.4.0-SNAPSHOT.jar:?]
	at org.apache.hadoop.ozone.protocolPB.OzoneManagerRequestHandler.handleReadRequest(OzoneManagerRequestHandler.java:238) ~[ozone-manager-1.4.0-SNAPSHOT.jar:?]
	at org.apache.hadoop.ozone.protocolPB.OzoneManagerProtocolServerSideTranslatorPB.submitReadRequestToOM(OzoneManagerProtocolServerSideTranslatorPB.java:223) ~[ozone-manager-1.4.0-SNAPSHOT.jar:?]
	at org.apache.hadoop.ozone.protocolPB.OzoneManagerProtocolServerSideTranslatorPB.processRequest(OzoneManagerProtocolServerSideTranslatorPB.java:177) ~[ozone-manager-1.4.0-SNAPSHOT.jar:?]
	at org.apache.hadoop.hdds.server.OzoneProtocolMessageDispatcher.processRequest(OzoneProtocolMessageDispatcher.java:87) [hdds-server-framework-1.4.0-SNAPSHOT.jar:?]
	at org.apache.hadoop.ozone.protocolPB.OzoneManagerProtocolServerSideTranslatorPB.submitRequest(OzoneManagerProtocolServerSideTranslatorPB.java:147) [ozone-manager-1.4.0-SNAPSHOT.jar:?]
	at org.apache.hadoop.ozone.protocol.proto.OzoneManagerProtocolProtos$OzoneManagerService$2.callBlockingMethod(OzoneManagerProtocolProtos.java) [ozone-interface-client-1.4.0-SNAPSHOT.jar:?]
	at org.apache.hadoop.ipc.ProtobufRpcEngine$Server.processCall(ProtobufRpcEngine.java:484) [hadoop-common-3.3.5.jar:?]
	at org.apache.hadoop.ipc.ProtobufRpcEngine2$Server$ProtoBufRpcInvoker.call(ProtobufRpcEngine2.java:595) [hadoop-common-3.3.5.jar:?]
	at org.apache.hadoop.ipc.ProtobufRpcEngine2$Server$ProtoBufRpcInvoker.call(ProtobufRpcEngine2.java:573) [hadoop-common-3.3.5.jar:?]
	at org.apache.hadoop.ipc.RPC$Server.call(RPC.java:1213) [hadoop-common-3.3.5.jar:?]
	at org.apache.hadoop.ipc.Server$RpcCall.run(Server.java:1089) [hadoop-common-3.3.5.jar:?]
	at org.apache.hadoop.ipc.Server$RpcCall.run(Server.java:1012) [hadoop-common-3.3.5.jar:?]
	at java.security.AccessController.doPrivileged(Native Method) ~[?:1.8.0_362]
	at javax.security.auth.Subject.doAs(Subject.java:422) [?:1.8.0_362]
	at org.apache.hadoop.security.UserGroupInformation.doAs(UserGroupInformation.java:1899) [hadoop-common-3.3.5.jar:?]
	at org.apache.hadoop.ipc.Server$Handler.run(Server.java:3026) [hadoop-common-3.3.5.jar:?]
17:16:55.645 [IPC Server handler 14 on default port 41353] ERROR OMAudit - user=runner | ip=127.0.0.1 | op=GET_FILE_STATUS {volume=volume52567, bucket=bucket67420, key=d1/d2/d3/d4/invalidkey, dataSize=0, replicationConfig=null} | ret=FAILURE
org.apache.hadoop.ozone.om.exceptions.OMException: Unable to get file status: volume: volume52567 bucket: bucket67420 key: d1/d2/d3/d4/invalidkey
	at org.apache.hadoop.ozone.om.KeyManagerImpl.getOzoneFileStatus(KeyManagerImpl.java:1200) ~[ozone-manager-1.4.0-SNAPSHOT.jar:?]
	at org.apache.hadoop.ozone.om.KeyManagerImpl.getFileStatus(KeyManagerImpl.java:1118) ~[ozone-manager-1.4.0-SNAPSHOT.jar:?]
	at org.apache.hadoop.ozone.om.OmMetadataReader.getFileStatus(OmMetadataReader.java:288) ~[ozone-manager-1.4.0-SNAPSHOT.jar:?]
	at org.apache.hadoop.ozone.om.OzoneManager.getFileStatus(OzoneManager.java:3491) ~[ozone-manager-1.4.0-SNAPSHOT.jar:?]
	at org.apache.hadoop.ozone.protocolPB.OzoneManagerRequestHandler.getOzoneFileStatus(OzoneManagerRequestHandler.java:934) ~[ozone-manager-1.4.0-SNAPSHOT.jar:?]
	at org.apache.hadoop.ozone.protocolPB.OzoneManagerRequestHandler.handleReadRequest(OzoneManagerRequestHandler.java:238) ~[ozone-manager-1.4.0-SNAPSHOT.jar:?]
	at org.apache.hadoop.ozone.protocolPB.OzoneManagerProtocolServerSideTranslatorPB.submitReadRequestToOM(OzoneManagerProtocolServerSideTranslatorPB.java:223) ~[ozone-manager-1.4.0-SNAPSHOT.jar:?]
	at org.apache.hadoop.ozone.protocolPB.OzoneManagerProtocolServerSideTranslatorPB.processRequest(OzoneManagerProtocolServerSideTranslatorPB.java:177) ~[ozone-manager-1.4.0-SNAPSHOT.jar:?]
	at org.apache.hadoop.hdds.server.OzoneProtocolMessageDispatcher.processRequest(OzoneProtocolMessageDispatcher.java:87) [hdds-server-framework-1.4.0-SNAPSHOT.jar:?]
	at org.apache.hadoop.ozone.protocolPB.OzoneManagerProtocolServerSideTranslatorPB.submitRequest(OzoneManagerProtocolServerSideTranslatorPB.java:147) [ozone-manager-1.4.0-SNAPSHOT.jar:?]
	at org.apache.hadoop.ozone.protocol.proto.OzoneManagerProtocolProtos$OzoneManagerService$2.callBlockingMethod(OzoneManagerProtocolProtos.java) [ozone-interface-client-1.4.0-SNAPSHOT.jar:?]
	at org.apache.hadoop.ipc.ProtobufRpcEngine$Server.processCall(ProtobufRpcEngine.java:484) [hadoop-common-3.3.5.jar:?]
	at org.apache.hadoop.ipc.ProtobufRpcEngine2$Server$ProtoBufRpcInvoker.call(ProtobufRpcEngine2.java:595) [hadoop-common-3.3.5.jar:?]
	at org.apache.hadoop.ipc.ProtobufRpcEngine2$Server$ProtoBufRpcInvoker.call(ProtobufRpcEngine2.java:573) [hadoop-common-3.3.5.jar:?]
	at org.apache.hadoop.ipc.RPC$Server.call(RPC.java:1213) [hadoop-common-3.3.5.jar:?]
	at org.apache.hadoop.ipc.Server$RpcCall.run(Server.java:1089) [hadoop-common-3.3.5.jar:?]
	at org.apache.hadoop.ipc.Server$RpcCall.run(Server.java:1012) [hadoop-common-3.3.5.jar:?]
	at java.security.AccessController.doPrivileged(Native Method) ~[?:1.8.0_362]
	at javax.security.auth.Subject.doAs(Subject.java:422) [?:1.8.0_362]
	at org.apache.hadoop.security.UserGroupInformation.doAs(UserGroupInformation.java:1899) [hadoop-common-3.3.5.jar:?]
	at org.apache.hadoop.ipc.Server$Handler.run(Server.java:3026) [hadoop-common-3.3.5.jar:?]
]]></system-out>
  </testcase>
  <testcase name="testCreateFileShouldCheckExistenceOfDirWithSameName" classname="TestOzoneFileSystem" time="0.028">
    <system-out><![CDATA[2023-04-11 17:18:08,356 [IPC Server handler 4 on default port 38777] INFO  key.OMKeyRequest (OMKeyRequest.java:wrapUncommittedBlocksAsPseudoKey(838)) - Detect allocated but uncommitted blocks [{blockID={containerID=1, localID=111677748019200034}, length=4194304, offset=0, token=null, pipeline=null, createVersion=0, partNumber=0}] in key d1/d2/d3/d4/key1.
17:18:08.360 [IPC Server handler 3 on default port 38777] ERROR OMAudit - user=runner | ip=127.0.0.1 | op=CREATE_FILE {volume=volume96178, bucket=bucket92903, key=d1/d2/d3/d4/key2, dataSize=4194304, replicationType=RATIS, replicationFactor=THREE} | ret=FAILURE
org.apache.hadoop.ozone.om.exceptions.OMException: Can not write to directory: d1/d2/d3/d4/key2
	at org.apache.hadoop.ozone.om.request.file.OMFileCreateRequest.checkDirectoryResult(OMFileCreateRequest.java:363) ~[ozone-manager-1.4.0-SNAPSHOT.jar:?]
	at org.apache.hadoop.ozone.om.request.file.OMFileCreateRequest.validateAndUpdateCache(OMFileCreateRequest.java:238) ~[ozone-manager-1.4.0-SNAPSHOT.jar:?]
	at org.apache.hadoop.ozone.protocolPB.OzoneManagerRequestHandler.handleWriteRequest(OzoneManagerRequestHandler.java:337) ~[ozone-manager-1.4.0-SNAPSHOT.jar:?]
	at org.apache.hadoop.ozone.protocolPB.OzoneManagerProtocolServerSideTranslatorPB.submitRequestDirectlyToOM(OzoneManagerProtocolServerSideTranslatorPB.java:278) ~[ozone-manager-1.4.0-SNAPSHOT.jar:?]
	at org.apache.hadoop.ozone.protocolPB.OzoneManagerProtocolServerSideTranslatorPB.processRequest(OzoneManagerProtocolServerSideTranslatorPB.java:173) ~[ozone-manager-1.4.0-SNAPSHOT.jar:?]
	at org.apache.hadoop.hdds.server.OzoneProtocolMessageDispatcher.processRequest(OzoneProtocolMessageDispatcher.java:87) [hdds-server-framework-1.4.0-SNAPSHOT.jar:?]
	at org.apache.hadoop.ozone.protocolPB.OzoneManagerProtocolServerSideTranslatorPB.submitRequest(OzoneManagerProtocolServerSideTranslatorPB.java:147) [ozone-manager-1.4.0-SNAPSHOT.jar:?]
	at org.apache.hadoop.ozone.protocol.proto.OzoneManagerProtocolProtos$OzoneManagerService$2.callBlockingMethod(OzoneManagerProtocolProtos.java) [ozone-interface-client-1.4.0-SNAPSHOT.jar:?]
	at org.apache.hadoop.ipc.ProtobufRpcEngine$Server.processCall(ProtobufRpcEngine.java:484) [hadoop-common-3.3.5.jar:?]
	at org.apache.hadoop.ipc.ProtobufRpcEngine2$Server$ProtoBufRpcInvoker.call(ProtobufRpcEngine2.java:595) [hadoop-common-3.3.5.jar:?]
	at org.apache.hadoop.ipc.ProtobufRpcEngine2$Server$ProtoBufRpcInvoker.call(ProtobufRpcEngine2.java:573) [hadoop-common-3.3.5.jar:?]
	at org.apache.hadoop.ipc.RPC$Server.call(RPC.java:1213) [hadoop-common-3.3.5.jar:?]
	at org.apache.hadoop.ipc.Server$RpcCall.run(Server.java:1089) [hadoop-common-3.3.5.jar:?]
	at org.apache.hadoop.ipc.Server$RpcCall.run(Server.java:1012) [hadoop-common-3.3.5.jar:?]
	at java.security.AccessController.doPrivileged(Native Method) ~[?:1.8.0_362]
	at javax.security.auth.Subject.doAs(Subject.java:422) [?:1.8.0_362]
	at org.apache.hadoop.security.UserGroupInformation.doAs(UserGroupInformation.java:1899) [hadoop-common-3.3.5.jar:?]
	at org.apache.hadoop.ipc.Server$Handler.run(Server.java:3026) [hadoop-common-3.3.5.jar:?]
2023-04-11 17:18:08,360 [IPC Server handler 3 on default port 38777] ERROR file.OMFileCreateRequest (OMFileCreateRequest.java:validateAndUpdateCache(336)) - File create failed. Volume:volume96178, Bucket:bucket92903, Keyd1/d2/d3/d4/key2.
NOT_A_FILE org.apache.hadoop.ozone.om.exceptions.OMException: Can not write to directory: d1/d2/d3/d4/key2
	at org.apache.hadoop.ozone.om.request.file.OMFileCreateRequest.checkDirectoryResult(OMFileCreateRequest.java:363)
	at org.apache.hadoop.ozone.om.request.file.OMFileCreateRequest.validateAndUpdateCache(OMFileCreateRequest.java:238)
	at org.apache.hadoop.ozone.protocolPB.OzoneManagerRequestHandler.handleWriteRequest(OzoneManagerRequestHandler.java:337)
	at org.apache.hadoop.ozone.protocolPB.OzoneManagerProtocolServerSideTranslatorPB.submitRequestDirectlyToOM(OzoneManagerProtocolServerSideTranslatorPB.java:278)
	at org.apache.hadoop.ozone.protocolPB.OzoneManagerProtocolServerSideTranslatorPB.processRequest(OzoneManagerProtocolServerSideTranslatorPB.java:173)
	at org.apache.hadoop.hdds.server.OzoneProtocolMessageDispatcher.processRequest(OzoneProtocolMessageDispatcher.java:87)
	at org.apache.hadoop.ozone.protocolPB.OzoneManagerProtocolServerSideTranslatorPB.submitRequest(OzoneManagerProtocolServerSideTranslatorPB.java:147)
	at org.apache.hadoop.ozone.protocol.proto.OzoneManagerProtocolProtos$OzoneManagerService$2.callBlockingMethod(OzoneManagerProtocolProtos.java)
	at org.apache.hadoop.ipc.ProtobufRpcEngine$Server.processCall(ProtobufRpcEngine.java:484)
	at org.apache.hadoop.ipc.ProtobufRpcEngine2$Server$ProtoBufRpcInvoker.call(ProtobufRpcEngine2.java:595)
	at org.apache.hadoop.ipc.ProtobufRpcEngine2$Server$ProtoBufRpcInvoker.call(ProtobufRpcEngine2.java:573)
	at org.apache.hadoop.ipc.RPC$Server.call(RPC.java:1213)
	at org.apache.hadoop.ipc.Server$RpcCall.run(Server.java:1089)
	at org.apache.hadoop.ipc.Server$RpcCall.run(Server.java:1012)
	at java.security.AccessController.doPrivileged(Native Method)
	at javax.security.auth.Subject.doAs(Subject.java:422)
	at org.apache.hadoop.security.UserGroupInformation.doAs(UserGroupInformation.java:1899)
	at org.apache.hadoop.ipc.Server$Handler.run(Server.java:3026)
2023-04-11 17:18:08,366 [IPC Server handler 0 on default port 38777] INFO  key.OMKeyRequest (OMKeyRequest.java:wrapUncommittedBlocksAsPseudoKey(838)) - Detect allocated but uncommitted blocks [{blockID={containerID=1, localID=111677748019200036}, length=4194304, offset=0, token=null, pipeline=null, createVersion=0, partNumber=0}] in key d1/d2/d3/d4/key3.
17:18:08.368 [IPC Server handler 19 on default port 38777] ERROR OMAudit - user=runner | ip=127.0.0.1 | op=CREATE_DIRECTORY {volume=volume96178, bucket=bucket92903, key=d1/d2/d3/d4/key3, dataSize=0, replicationType=NONE, replicationFactor=ZERO} | ret=FAILURE
org.apache.hadoop.ozone.om.exceptions.OMException: Unable to create directory: d1/d2/d3/d4/key3 in volume/bucket: volume96178/bucket92903
	at org.apache.hadoop.ozone.om.request.file.OMDirectoryCreateRequest.validateAndUpdateCache(OMDirectoryCreateRequest.java:196) ~[ozone-manager-1.4.0-SNAPSHOT.jar:?]
	at org.apache.hadoop.ozone.protocolPB.OzoneManagerRequestHandler.handleWriteRequest(OzoneManagerRequestHandler.java:337) ~[ozone-manager-1.4.0-SNAPSHOT.jar:?]
	at org.apache.hadoop.ozone.protocolPB.OzoneManagerProtocolServerSideTranslatorPB.submitRequestDirectlyToOM(OzoneManagerProtocolServerSideTranslatorPB.java:278) ~[ozone-manager-1.4.0-SNAPSHOT.jar:?]
	at org.apache.hadoop.ozone.protocolPB.OzoneManagerProtocolServerSideTranslatorPB.processRequest(OzoneManagerProtocolServerSideTranslatorPB.java:173) ~[ozone-manager-1.4.0-SNAPSHOT.jar:?]
	at org.apache.hadoop.hdds.server.OzoneProtocolMessageDispatcher.processRequest(OzoneProtocolMessageDispatcher.java:87) [hdds-server-framework-1.4.0-SNAPSHOT.jar:?]
	at org.apache.hadoop.ozone.protocolPB.OzoneManagerProtocolServerSideTranslatorPB.submitRequest(OzoneManagerProtocolServerSideTranslatorPB.java:147) [ozone-manager-1.4.0-SNAPSHOT.jar:?]
	at org.apache.hadoop.ozone.protocol.proto.OzoneManagerProtocolProtos$OzoneManagerService$2.callBlockingMethod(OzoneManagerProtocolProtos.java) [ozone-interface-client-1.4.0-SNAPSHOT.jar:?]
	at org.apache.hadoop.ipc.ProtobufRpcEngine$Server.processCall(ProtobufRpcEngine.java:484) [hadoop-common-3.3.5.jar:?]
	at org.apache.hadoop.ipc.ProtobufRpcEngine2$Server$ProtoBufRpcInvoker.call(ProtobufRpcEngine2.java:595) [hadoop-common-3.3.5.jar:?]
	at org.apache.hadoop.ipc.ProtobufRpcEngine2$Server$ProtoBufRpcInvoker.call(ProtobufRpcEngine2.java:573) [hadoop-common-3.3.5.jar:?]
	at org.apache.hadoop.ipc.RPC$Server.call(RPC.java:1213) [hadoop-common-3.3.5.jar:?]
	at org.apache.hadoop.ipc.Server$RpcCall.run(Server.java:1089) [hadoop-common-3.3.5.jar:?]
	at org.apache.hadoop.ipc.Server$RpcCall.run(Server.java:1012) [hadoop-common-3.3.5.jar:?]
	at java.security.AccessController.doPrivileged(Native Method) ~[?:1.8.0_362]
	at javax.security.auth.Subject.doAs(Subject.java:422) [?:1.8.0_362]
	at org.apache.hadoop.security.UserGroupInformation.doAs(UserGroupInformation.java:1899) [hadoop-common-3.3.5.jar:?]
	at org.apache.hadoop.ipc.Server$Handler.run(Server.java:3026) [hadoop-common-3.3.5.jar:?]
2023-04-11 17:18:08,368 [IPC Server handler 19 on default port 38777] ERROR file.OMDirectoryCreateRequest (OMDirectoryCreateRequest.java:logResult(335)) - Directory creation failed. Volume:volume96178, Bucket:bucket92903, Keyd1/d2/d3/d4/key3. Exception:{}
FILE_ALREADY_EXISTS org.apache.hadoop.ozone.om.exceptions.OMException: Unable to create directory: d1/d2/d3/d4/key3 in volume/bucket: volume96178/bucket92903
	at org.apache.hadoop.ozone.om.request.file.OMDirectoryCreateRequest.validateAndUpdateCache(OMDirectoryCreateRequest.java:196)
	at org.apache.hadoop.ozone.protocolPB.OzoneManagerRequestHandler.handleWriteRequest(OzoneManagerRequestHandler.java:337)
	at org.apache.hadoop.ozone.protocolPB.OzoneManagerProtocolServerSideTranslatorPB.submitRequestDirectlyToOM(OzoneManagerProtocolServerSideTranslatorPB.java:278)
	at org.apache.hadoop.ozone.protocolPB.OzoneManagerProtocolServerSideTranslatorPB.processRequest(OzoneManagerProtocolServerSideTranslatorPB.java:173)
	at org.apache.hadoop.hdds.server.OzoneProtocolMessageDispatcher.processRequest(OzoneProtocolMessageDispatcher.java:87)
	at org.apache.hadoop.ozone.protocolPB.OzoneManagerProtocolServerSideTranslatorPB.submitRequest(OzoneManagerProtocolServerSideTranslatorPB.java:147)
	at org.apache.hadoop.ozone.protocol.proto.OzoneManagerProtocolProtos$OzoneManagerService$2.callBlockingMethod(OzoneManagerProtocolProtos.java)
	at org.apache.hadoop.ipc.ProtobufRpcEngine$Server.processCall(ProtobufRpcEngine.java:484)
	at org.apache.hadoop.ipc.ProtobufRpcEngine2$Server$ProtoBufRpcInvoker.call(ProtobufRpcEngine2.java:595)
	at org.apache.hadoop.ipc.ProtobufRpcEngine2$Server$ProtoBufRpcInvoker.call(ProtobufRpcEngine2.java:573)
	at org.apache.hadoop.ipc.RPC$Server.call(RPC.java:1213)
	at org.apache.hadoop.ipc.Server$RpcCall.run(Server.java:1089)
	at org.apache.hadoop.ipc.Server$RpcCall.run(Server.java:1012)
	at java.security.AccessController.doPrivileged(Native Method)
	at javax.security.auth.Subject.doAs(Subject.java:422)
	at org.apache.hadoop.security.UserGroupInformation.doAs(UserGroupInformation.java:1899)
	at org.apache.hadoop.ipc.Server$Handler.run(Server.java:3026)
17:18:08.371 [IPC Server handler 16 on default port 38777] ERROR OMAudit - user=runner | ip=127.0.0.1 | op=CREATE_FILE {volume=volume96178, bucket=bucket92903, key=d1/d2/d3, dataSize=4194304, replicationType=RATIS, replicationFactor=THREE} | ret=FAILURE
org.apache.hadoop.ozone.om.exceptions.OMException: Can not write to directory: d1/d2/d3
	at org.apache.hadoop.ozone.om.request.file.OMFileCreateRequest.checkDirectoryResult(OMFileCreateRequest.java:363) ~[ozone-manager-1.4.0-SNAPSHOT.jar:?]
	at org.apache.hadoop.ozone.om.request.file.OMFileCreateRequest.validateAndUpdateCache(OMFileCreateRequest.java:238) ~[ozone-manager-1.4.0-SNAPSHOT.jar:?]
	at org.apache.hadoop.ozone.protocolPB.OzoneManagerRequestHandler.handleWriteRequest(OzoneManagerRequestHandler.java:337) ~[ozone-manager-1.4.0-SNAPSHOT.jar:?]
	at org.apache.hadoop.ozone.protocolPB.OzoneManagerProtocolServerSideTranslatorPB.submitRequestDirectlyToOM(OzoneManagerProtocolServerSideTranslatorPB.java:278) ~[ozone-manager-1.4.0-SNAPSHOT.jar:?]
	at org.apache.hadoop.ozone.protocolPB.OzoneManagerProtocolServerSideTranslatorPB.processRequest(OzoneManagerProtocolServerSideTranslatorPB.java:173) ~[ozone-manager-1.4.0-SNAPSHOT.jar:?]
	at org.apache.hadoop.hdds.server.OzoneProtocolMessageDispatcher.processRequest(OzoneProtocolMessageDispatcher.java:87) [hdds-server-framework-1.4.0-SNAPSHOT.jar:?]
	at org.apache.hadoop.ozone.protocolPB.OzoneManagerProtocolServerSideTranslatorPB.submitRequest(OzoneManagerProtocolServerSideTranslatorPB.java:147) [ozone-manager-1.4.0-SNAPSHOT.jar:?]
	at org.apache.hadoop.ozone.protocol.proto.OzoneManagerProtocolProtos$OzoneManagerService$2.callBlockingMethod(OzoneManagerProtocolProtos.java) [ozone-interface-client-1.4.0-SNAPSHOT.jar:?]
	at org.apache.hadoop.ipc.ProtobufRpcEngine$Server.processCall(ProtobufRpcEngine.java:484) [hadoop-common-3.3.5.jar:?]
	at org.apache.hadoop.ipc.ProtobufRpcEngine2$Server$ProtoBufRpcInvoker.call(ProtobufRpcEngine2.java:595) [hadoop-common-3.3.5.jar:?]
	at org.apache.hadoop.ipc.ProtobufRpcEngine2$Server$ProtoBufRpcInvoker.call(ProtobufRpcEngine2.java:573) [hadoop-common-3.3.5.jar:?]
	at org.apache.hadoop.ipc.RPC$Server.call(RPC.java:1213) [hadoop-common-3.3.5.jar:?]
	at org.apache.hadoop.ipc.Server$RpcCall.run(Server.java:1089) [hadoop-common-3.3.5.jar:?]
	at org.apache.hadoop.ipc.Server$RpcCall.run(Server.java:1012) [hadoop-common-3.3.5.jar:?]
	at java.security.AccessController.doPrivileged(Native Method) ~[?:1.8.0_362]
	at javax.security.auth.Subject.doAs(Subject.java:422) [?:1.8.0_362]
	at org.apache.hadoop.security.UserGroupInformation.doAs(UserGroupInformation.java:1899) [hadoop-common-3.3.5.jar:?]
	at org.apache.hadoop.ipc.Server$Handler.run(Server.java:3026) [hadoop-common-3.3.5.jar:?]
2023-04-11 17:18:08,372 [IPC Server handler 16 on default port 38777] ERROR file.OMFileCreateRequest (OMFileCreateRequest.java:validateAndUpdateCache(336)) - File create failed. Volume:volume96178, Bucket:bucket92903, Keyd1/d2/d3.
NOT_A_FILE org.apache.hadoop.ozone.om.exceptions.OMException: Can not write to directory: d1/d2/d3
	at org.apache.hadoop.ozone.om.request.file.OMFileCreateRequest.checkDirectoryResult(OMFileCreateRequest.java:363)
	at org.apache.hadoop.ozone.om.request.file.OMFileCreateRequest.validateAndUpdateCache(OMFileCreateRequest.java:238)
	at org.apache.hadoop.ozone.protocolPB.OzoneManagerRequestHandler.handleWriteRequest(OzoneManagerRequestHandler.java:337)
	at org.apache.hadoop.ozone.protocolPB.OzoneManagerProtocolServerSideTranslatorPB.submitRequestDirectlyToOM(OzoneManagerProtocolServerSideTranslatorPB.java:278)
	at org.apache.hadoop.ozone.protocolPB.OzoneManagerProtocolServerSideTranslatorPB.processRequest(OzoneManagerProtocolServerSideTranslatorPB.java:173)
	at org.apache.hadoop.hdds.server.OzoneProtocolMessageDispatcher.processRequest(OzoneProtocolMessageDispatcher.java:87)
	at org.apache.hadoop.ozone.protocolPB.OzoneManagerProtocolServerSideTranslatorPB.submitRequest(OzoneManagerProtocolServerSideTranslatorPB.java:147)
	at org.apache.hadoop.ozone.protocol.proto.OzoneManagerProtocolProtos$OzoneManagerService$2.callBlockingMethod(OzoneManagerProtocolProtos.java)
	at org.apache.hadoop.ipc.ProtobufRpcEngine$Server.processCall(ProtobufRpcEngine.java:484)
	at org.apache.hadoop.ipc.ProtobufRpcEngine2$Server$ProtoBufRpcInvoker.call(ProtobufRpcEngine2.java:595)
	at org.apache.hadoop.ipc.ProtobufRpcEngine2$Server$ProtoBufRpcInvoker.call(ProtobufRpcEngine2.java:573)
	at org.apache.hadoop.ipc.RPC$Server.call(RPC.java:1213)
	at org.apache.hadoop.ipc.Server$RpcCall.run(Server.java:1089)
	at org.apache.hadoop.ipc.Server$RpcCall.run(Server.java:1012)
	at java.security.AccessController.doPrivileged(Native Method)
	at javax.security.auth.Subject.doAs(Subject.java:422)
	at org.apache.hadoop.security.UserGroupInformation.doAs(UserGroupInformation.java:1899)
	at org.apache.hadoop.ipc.Server$Handler.run(Server.java:3026)
17:18:08.373 [IPC Server handler 18 on default port 38777] ERROR OMAudit - user=runner | ip=127.0.0.1 | op=GET_FILE_STATUS {volume=volume96178, bucket=bucket92903, key=d1/d2/d3/d4/key3/invalid, dataSize=0, replicationConfig=null} | ret=FAILURE
org.apache.hadoop.ozone.om.exceptions.OMException: Unable to get file status: volume: volume96178 bucket: bucket92903 key: d1/d2/d3/d4/key3/invalid
	at org.apache.hadoop.ozone.om.KeyManagerImpl.getOzoneFileStatus(KeyManagerImpl.java:1200) ~[ozone-manager-1.4.0-SNAPSHOT.jar:?]
	at org.apache.hadoop.ozone.om.KeyManagerImpl.getFileStatus(KeyManagerImpl.java:1118) ~[ozone-manager-1.4.0-SNAPSHOT.jar:?]
	at org.apache.hadoop.ozone.om.OmMetadataReader.getFileStatus(OmMetadataReader.java:288) ~[ozone-manager-1.4.0-SNAPSHOT.jar:?]
	at org.apache.hadoop.ozone.om.OzoneManager.getFileStatus(OzoneManager.java:3491) ~[ozone-manager-1.4.0-SNAPSHOT.jar:?]
	at org.apache.hadoop.ozone.protocolPB.OzoneManagerRequestHandler.getOzoneFileStatus(OzoneManagerRequestHandler.java:934) ~[ozone-manager-1.4.0-SNAPSHOT.jar:?]
	at org.apache.hadoop.ozone.protocolPB.OzoneManagerRequestHandler.handleReadRequest(OzoneManagerRequestHandler.java:238) ~[ozone-manager-1.4.0-SNAPSHOT.jar:?]
	at org.apache.hadoop.ozone.protocolPB.OzoneManagerProtocolServerSideTranslatorPB.submitRequestDirectlyToOM(OzoneManagerProtocolServerSideTranslatorPB.java:272) ~[ozone-manager-1.4.0-SNAPSHOT.jar:?]
	at org.apache.hadoop.ozone.protocolPB.OzoneManagerProtocolServerSideTranslatorPB.processRequest(OzoneManagerProtocolServerSideTranslatorPB.java:173) ~[ozone-manager-1.4.0-SNAPSHOT.jar:?]
	at org.apache.hadoop.hdds.server.OzoneProtocolMessageDispatcher.processRequest(OzoneProtocolMessageDispatcher.java:87) [hdds-server-framework-1.4.0-SNAPSHOT.jar:?]
	at org.apache.hadoop.ozone.protocolPB.OzoneManagerProtocolServerSideTranslatorPB.submitRequest(OzoneManagerProtocolServerSideTranslatorPB.java:147) [ozone-manager-1.4.0-SNAPSHOT.jar:?]
	at org.apache.hadoop.ozone.protocol.proto.OzoneManagerProtocolProtos$OzoneManagerService$2.callBlockingMethod(OzoneManagerProtocolProtos.java) [ozone-interface-client-1.4.0-SNAPSHOT.jar:?]
	at org.apache.hadoop.ipc.ProtobufRpcEngine$Server.processCall(ProtobufRpcEngine.java:484) [hadoop-common-3.3.5.jar:?]
	at org.apache.hadoop.ipc.ProtobufRpcEngine2$Server$ProtoBufRpcInvoker.call(ProtobufRpcEngine2.java:595) [hadoop-common-3.3.5.jar:?]
	at org.apache.hadoop.ipc.ProtobufRpcEngine2$Server$ProtoBufRpcInvoker.call(ProtobufRpcEngine2.java:573) [hadoop-common-3.3.5.jar:?]
	at org.apache.hadoop.ipc.RPC$Server.call(RPC.java:1213) [hadoop-common-3.3.5.jar:?]
	at org.apache.hadoop.ipc.Server$RpcCall.run(Server.java:1089) [hadoop-common-3.3.5.jar:?]
	at org.apache.hadoop.ipc.Server$RpcCall.run(Server.java:1012) [hadoop-common-3.3.5.jar:?]
	at java.security.AccessController.doPrivileged(Native Method) ~[?:1.8.0_362]
	at javax.security.auth.Subject.doAs(Subject.java:422) [?:1.8.0_362]
	at org.apache.hadoop.security.UserGroupInformation.doAs(UserGroupInformation.java:1899) [hadoop-common-3.3.5.jar:?]
	at org.apache.hadoop.ipc.Server$Handler.run(Server.java:3026) [hadoop-common-3.3.5.jar:?]
17:18:08.374 [IPC Server handler 14 on default port 38777] ERROR OMAudit - user=runner | ip=127.0.0.1 | op=GET_FILE_STATUS {volume=volume96178, bucket=bucket92903, key=d1/d2/d3/d4/invalidkey, dataSize=0, replicationConfig=null} | ret=FAILURE
org.apache.hadoop.ozone.om.exceptions.OMException: Unable to get file status: volume: volume96178 bucket: bucket92903 key: d1/d2/d3/d4/invalidkey
	at org.apache.hadoop.ozone.om.KeyManagerImpl.getOzoneFileStatus(KeyManagerImpl.java:1200) ~[ozone-manager-1.4.0-SNAPSHOT.jar:?]
	at org.apache.hadoop.ozone.om.KeyManagerImpl.getFileStatus(KeyManagerImpl.java:1118) ~[ozone-manager-1.4.0-SNAPSHOT.jar:?]
	at org.apache.hadoop.ozone.om.OmMetadataReader.getFileStatus(OmMetadataReader.java:288) ~[ozone-manager-1.4.0-SNAPSHOT.jar:?]
	at org.apache.hadoop.ozone.om.OzoneManager.getFileStatus(OzoneManager.java:3491) ~[ozone-manager-1.4.0-SNAPSHOT.jar:?]
	at org.apache.hadoop.ozone.protocolPB.OzoneManagerRequestHandler.getOzoneFileStatus(OzoneManagerRequestHandler.java:934) ~[ozone-manager-1.4.0-SNAPSHOT.jar:?]
	at org.apache.hadoop.ozone.protocolPB.OzoneManagerRequestHandler.handleReadRequest(OzoneManagerRequestHandler.java:238) ~[ozone-manager-1.4.0-SNAPSHOT.jar:?]
	at org.apache.hadoop.ozone.protocolPB.OzoneManagerProtocolServerSideTranslatorPB.submitRequestDirectlyToOM(OzoneManagerProtocolServerSideTranslatorPB.java:272) ~[ozone-manager-1.4.0-SNAPSHOT.jar:?]
	at org.apache.hadoop.ozone.protocolPB.OzoneManagerProtocolServerSideTranslatorPB.processRequest(OzoneManagerProtocolServerSideTranslatorPB.java:173) ~[ozone-manager-1.4.0-SNAPSHOT.jar:?]
	at org.apache.hadoop.hdds.server.OzoneProtocolMessageDispatcher.processRequest(OzoneProtocolMessageDispatcher.java:87) [hdds-server-framework-1.4.0-SNAPSHOT.jar:?]
	at org.apache.hadoop.ozone.protocolPB.OzoneManagerProtocolServerSideTranslatorPB.submitRequest(OzoneManagerProtocolServerSideTranslatorPB.java:147) [ozone-manager-1.4.0-SNAPSHOT.jar:?]
	at org.apache.hadoop.ozone.protocol.proto.OzoneManagerProtocolProtos$OzoneManagerService$2.callBlockingMethod(OzoneManagerProtocolProtos.java) [ozone-interface-client-1.4.0-SNAPSHOT.jar:?]
	at org.apache.hadoop.ipc.ProtobufRpcEngine$Server.processCall(ProtobufRpcEngine.java:484) [hadoop-common-3.3.5.jar:?]
	at org.apache.hadoop.ipc.ProtobufRpcEngine2$Server$ProtoBufRpcInvoker.call(ProtobufRpcEngine2.java:595) [hadoop-common-3.3.5.jar:?]
	at org.apache.hadoop.ipc.ProtobufRpcEngine2$Server$ProtoBufRpcInvoker.call(ProtobufRpcEngine2.java:573) [hadoop-common-3.3.5.jar:?]
	at org.apache.hadoop.ipc.RPC$Server.call(RPC.java:1213) [hadoop-common-3.3.5.jar:?]
	at org.apache.hadoop.ipc.Server$RpcCall.run(Server.java:1089) [hadoop-common-3.3.5.jar:?]
	at org.apache.hadoop.ipc.Server$RpcCall.run(Server.java:1012) [hadoop-common-3.3.5.jar:?]
	at java.security.AccessController.doPrivileged(Native Method) ~[?:1.8.0_362]
	at javax.security.auth.Subject.doAs(Subject.java:422) [?:1.8.0_362]
	at org.apache.hadoop.security.UserGroupInformation.doAs(UserGroupInformation.java:1899) [hadoop-common-3.3.5.jar:?]
	at org.apache.hadoop.ipc.Server$Handler.run(Server.java:3026) [hadoop-common-3.3.5.jar:?]
]]></system-out>
  </testcase>
  <testcase name="testCreateFileShouldCheckExistenceOfDirWithSameName" classname="TestOzoneFileSystem" time="0.033">
    <system-out><![CDATA[2023-04-11 17:18:59,393 [OM StateMachine ApplyTransaction Thread - 0] INFO  key.OMKeyRequest (OMKeyRequest.java:wrapUncommittedBlocksAsPseudoKey(838)) - Detect allocated but uncommitted blocks [{blockID={containerID=4, localID=111677748019200034}, length=4194304, offset=0, token=null, pipeline=null, createVersion=0, partNumber=0}] in key d1/d2/d3/d4/key1.
17:18:59.398 [OM StateMachine ApplyTransaction Thread - 0] ERROR OMAudit - user=runner | ip=127.0.0.1 | op=CREATE_FILE {volume=volume95537, bucket=bucket59866, key=d1/d2/d3/d4/key2, dataSize=4194304, replicationType=RATIS, replicationFactor=THREE} | ret=FAILURE
org.apache.hadoop.ozone.om.exceptions.OMException: Can not write to directory: d1/d2/d3/d4/key2
	at org.apache.hadoop.ozone.om.request.file.OMFileCreateRequest.checkDirectoryResult(OMFileCreateRequest.java:363) ~[ozone-manager-1.4.0-SNAPSHOT.jar:?]
	at org.apache.hadoop.ozone.om.request.file.OMFileCreateRequest.validateAndUpdateCache(OMFileCreateRequest.java:238) ~[ozone-manager-1.4.0-SNAPSHOT.jar:?]
	at org.apache.hadoop.ozone.protocolPB.OzoneManagerRequestHandler.handleWriteRequest(OzoneManagerRequestHandler.java:337) ~[ozone-manager-1.4.0-SNAPSHOT.jar:?]
	at org.apache.hadoop.ozone.om.ratis.OzoneManagerStateMachine.runCommand(OzoneManagerStateMachine.java:541) ~[ozone-manager-1.4.0-SNAPSHOT.jar:?]
	at org.apache.hadoop.ozone.om.ratis.OzoneManagerStateMachine.lambda$1(OzoneManagerStateMachine.java:332) ~[ozone-manager-1.4.0-SNAPSHOT.jar:?]
	at java.util.concurrent.CompletableFuture$AsyncSupply.run(CompletableFuture.java:1604) [?:1.8.0_362]
	at java.util.concurrent.ThreadPoolExecutor.runWorker(ThreadPoolExecutor.java:1149) [?:1.8.0_362]
	at java.util.concurrent.ThreadPoolExecutor$Worker.run(ThreadPoolExecutor.java:624) [?:1.8.0_362]
	at java.lang.Thread.run(Thread.java:750) [?:1.8.0_362]
2023-04-11 17:18:59,398 [OM StateMachine ApplyTransaction Thread - 0] ERROR file.OMFileCreateRequest (OMFileCreateRequest.java:validateAndUpdateCache(336)) - File create failed. Volume:volume95537, Bucket:bucket59866, Keyd1/d2/d3/d4/key2.
NOT_A_FILE org.apache.hadoop.ozone.om.exceptions.OMException: Can not write to directory: d1/d2/d3/d4/key2
	at org.apache.hadoop.ozone.om.request.file.OMFileCreateRequest.checkDirectoryResult(OMFileCreateRequest.java:363)
	at org.apache.hadoop.ozone.om.request.file.OMFileCreateRequest.validateAndUpdateCache(OMFileCreateRequest.java:238)
	at org.apache.hadoop.ozone.protocolPB.OzoneManagerRequestHandler.handleWriteRequest(OzoneManagerRequestHandler.java:337)
	at org.apache.hadoop.ozone.om.ratis.OzoneManagerStateMachine.runCommand(OzoneManagerStateMachine.java:541)
	at org.apache.hadoop.ozone.om.ratis.OzoneManagerStateMachine.lambda$1(OzoneManagerStateMachine.java:332)
	at java.util.concurrent.CompletableFuture$AsyncSupply.run(CompletableFuture.java:1604)
	at java.util.concurrent.ThreadPoolExecutor.runWorker(ThreadPoolExecutor.java:1149)
	at java.util.concurrent.ThreadPoolExecutor$Worker.run(ThreadPoolExecutor.java:624)
	at java.lang.Thread.run(Thread.java:750)
2023-04-11 17:18:59,404 [OM StateMachine ApplyTransaction Thread - 0] INFO  key.OMKeyRequest (OMKeyRequest.java:wrapUncommittedBlocksAsPseudoKey(838)) - Detect allocated but uncommitted blocks [{blockID={containerID=1, localID=111677748019200036}, length=4194304, offset=0, token=null, pipeline=null, createVersion=0, partNumber=0}] in key d1/d2/d3/d4/key3.
17:18:59.405 [OM StateMachine ApplyTransaction Thread - 0] ERROR OMAudit - user=runner | ip=127.0.0.1 | op=CREATE_DIRECTORY {volume=volume95537, bucket=bucket59866, key=d1/d2/d3/d4/key3, dataSize=0, replicationType=NONE, replicationFactor=ZERO} | ret=FAILURE
org.apache.hadoop.ozone.om.exceptions.OMException: Unable to create directory: d1/d2/d3/d4/key3 in volume/bucket: volume95537/bucket59866
	at org.apache.hadoop.ozone.om.request.file.OMDirectoryCreateRequest.validateAndUpdateCache(OMDirectoryCreateRequest.java:196) ~[ozone-manager-1.4.0-SNAPSHOT.jar:?]
	at org.apache.hadoop.ozone.protocolPB.OzoneManagerRequestHandler.handleWriteRequest(OzoneManagerRequestHandler.java:337) ~[ozone-manager-1.4.0-SNAPSHOT.jar:?]
	at org.apache.hadoop.ozone.om.ratis.OzoneManagerStateMachine.runCommand(OzoneManagerStateMachine.java:541) ~[ozone-manager-1.4.0-SNAPSHOT.jar:?]
	at org.apache.hadoop.ozone.om.ratis.OzoneManagerStateMachine.lambda$1(OzoneManagerStateMachine.java:332) ~[ozone-manager-1.4.0-SNAPSHOT.jar:?]
	at java.util.concurrent.CompletableFuture$AsyncSupply.run(CompletableFuture.java:1604) [?:1.8.0_362]
	at java.util.concurrent.ThreadPoolExecutor.runWorker(ThreadPoolExecutor.java:1149) [?:1.8.0_362]
	at java.util.concurrent.ThreadPoolExecutor$Worker.run(ThreadPoolExecutor.java:624) [?:1.8.0_362]
	at java.lang.Thread.run(Thread.java:750) [?:1.8.0_362]
2023-04-11 17:18:59,406 [OM StateMachine ApplyTransaction Thread - 0] ERROR file.OMDirectoryCreateRequest (OMDirectoryCreateRequest.java:logResult(335)) - Directory creation failed. Volume:volume95537, Bucket:bucket59866, Keyd1/d2/d3/d4/key3. Exception:{}
FILE_ALREADY_EXISTS org.apache.hadoop.ozone.om.exceptions.OMException: Unable to create directory: d1/d2/d3/d4/key3 in volume/bucket: volume95537/bucket59866
	at org.apache.hadoop.ozone.om.request.file.OMDirectoryCreateRequest.validateAndUpdateCache(OMDirectoryCreateRequest.java:196)
	at org.apache.hadoop.ozone.protocolPB.OzoneManagerRequestHandler.handleWriteRequest(OzoneManagerRequestHandler.java:337)
	at org.apache.hadoop.ozone.om.ratis.OzoneManagerStateMachine.runCommand(OzoneManagerStateMachine.java:541)
	at org.apache.hadoop.ozone.om.ratis.OzoneManagerStateMachine.lambda$1(OzoneManagerStateMachine.java:332)
	at java.util.concurrent.CompletableFuture$AsyncSupply.run(CompletableFuture.java:1604)
	at java.util.concurrent.ThreadPoolExecutor.runWorker(ThreadPoolExecutor.java:1149)
	at java.util.concurrent.ThreadPoolExecutor$Worker.run(ThreadPoolExecutor.java:624)
	at java.lang.Thread.run(Thread.java:750)
17:18:59.409 [OM StateMachine ApplyTransaction Thread - 0] ERROR OMAudit - user=runner | ip=127.0.0.1 | op=CREATE_FILE {volume=volume95537, bucket=bucket59866, key=d1/d2/d3, dataSize=4194304, replicationType=RATIS, replicationFactor=THREE} | ret=FAILURE
org.apache.hadoop.ozone.om.exceptions.OMException: Can not write to directory: d1/d2/d3
	at org.apache.hadoop.ozone.om.request.file.OMFileCreateRequest.checkDirectoryResult(OMFileCreateRequest.java:363) ~[ozone-manager-1.4.0-SNAPSHOT.jar:?]
	at org.apache.hadoop.ozone.om.request.file.OMFileCreateRequest.validateAndUpdateCache(OMFileCreateRequest.java:238) ~[ozone-manager-1.4.0-SNAPSHOT.jar:?]
	at org.apache.hadoop.ozone.protocolPB.OzoneManagerRequestHandler.handleWriteRequest(OzoneManagerRequestHandler.java:337) ~[ozone-manager-1.4.0-SNAPSHOT.jar:?]
	at org.apache.hadoop.ozone.om.ratis.OzoneManagerStateMachine.runCommand(OzoneManagerStateMachine.java:541) ~[ozone-manager-1.4.0-SNAPSHOT.jar:?]
	at org.apache.hadoop.ozone.om.ratis.OzoneManagerStateMachine.lambda$1(OzoneManagerStateMachine.java:332) ~[ozone-manager-1.4.0-SNAPSHOT.jar:?]
	at java.util.concurrent.CompletableFuture$AsyncSupply.run(CompletableFuture.java:1604) [?:1.8.0_362]
	at java.util.concurrent.ThreadPoolExecutor.runWorker(ThreadPoolExecutor.java:1149) [?:1.8.0_362]
	at java.util.concurrent.ThreadPoolExecutor$Worker.run(ThreadPoolExecutor.java:624) [?:1.8.0_362]
	at java.lang.Thread.run(Thread.java:750) [?:1.8.0_362]
2023-04-11 17:18:59,409 [OM StateMachine ApplyTransaction Thread - 0] ERROR file.OMFileCreateRequest (OMFileCreateRequest.java:validateAndUpdateCache(336)) - File create failed. Volume:volume95537, Bucket:bucket59866, Keyd1/d2/d3.
NOT_A_FILE org.apache.hadoop.ozone.om.exceptions.OMException: Can not write to directory: d1/d2/d3
	at org.apache.hadoop.ozone.om.request.file.OMFileCreateRequest.checkDirectoryResult(OMFileCreateRequest.java:363)
	at org.apache.hadoop.ozone.om.request.file.OMFileCreateRequest.validateAndUpdateCache(OMFileCreateRequest.java:238)
	at org.apache.hadoop.ozone.protocolPB.OzoneManagerRequestHandler.handleWriteRequest(OzoneManagerRequestHandler.java:337)
	at org.apache.hadoop.ozone.om.ratis.OzoneManagerStateMachine.runCommand(OzoneManagerStateMachine.java:541)
	at org.apache.hadoop.ozone.om.ratis.OzoneManagerStateMachine.lambda$1(OzoneManagerStateMachine.java:332)
	at java.util.concurrent.CompletableFuture$AsyncSupply.run(CompletableFuture.java:1604)
	at java.util.concurrent.ThreadPoolExecutor.runWorker(ThreadPoolExecutor.java:1149)
	at java.util.concurrent.ThreadPoolExecutor$Worker.run(ThreadPoolExecutor.java:624)
	at java.lang.Thread.run(Thread.java:750)
17:18:59.411 [IPC Server handler 5 on default port 45623] ERROR OMAudit - user=runner | ip=127.0.0.1 | op=GET_FILE_STATUS {volume=volume95537, bucket=bucket59866, key=d1/d2/d3/d4/key3/invalid, dataSize=0, replicationConfig=null} | ret=FAILURE
org.apache.hadoop.ozone.om.exceptions.OMException: Unable to get file status: volume: volume95537 bucket: bucket59866 key: d1/d2/d3/d4/key3/invalid
	at org.apache.hadoop.ozone.om.KeyManagerImpl.getOzoneFileStatus(KeyManagerImpl.java:1200) ~[ozone-manager-1.4.0-SNAPSHOT.jar:?]
	at org.apache.hadoop.ozone.om.KeyManagerImpl.getFileStatus(KeyManagerImpl.java:1118) ~[ozone-manager-1.4.0-SNAPSHOT.jar:?]
	at org.apache.hadoop.ozone.om.OmMetadataReader.getFileStatus(OmMetadataReader.java:288) ~[ozone-manager-1.4.0-SNAPSHOT.jar:?]
	at org.apache.hadoop.ozone.om.OzoneManager.getFileStatus(OzoneManager.java:3491) ~[ozone-manager-1.4.0-SNAPSHOT.jar:?]
	at org.apache.hadoop.ozone.protocolPB.OzoneManagerRequestHandler.getOzoneFileStatus(OzoneManagerRequestHandler.java:934) ~[ozone-manager-1.4.0-SNAPSHOT.jar:?]
	at org.apache.hadoop.ozone.protocolPB.OzoneManagerRequestHandler.handleReadRequest(OzoneManagerRequestHandler.java:238) ~[ozone-manager-1.4.0-SNAPSHOT.jar:?]
	at org.apache.hadoop.ozone.protocolPB.OzoneManagerProtocolServerSideTranslatorPB.submitReadRequestToOM(OzoneManagerProtocolServerSideTranslatorPB.java:223) ~[ozone-manager-1.4.0-SNAPSHOT.jar:?]
	at org.apache.hadoop.ozone.protocolPB.OzoneManagerProtocolServerSideTranslatorPB.processRequest(OzoneManagerProtocolServerSideTranslatorPB.java:177) ~[ozone-manager-1.4.0-SNAPSHOT.jar:?]
	at org.apache.hadoop.hdds.server.OzoneProtocolMessageDispatcher.processRequest(OzoneProtocolMessageDispatcher.java:87) [hdds-server-framework-1.4.0-SNAPSHOT.jar:?]
	at org.apache.hadoop.ozone.protocolPB.OzoneManagerProtocolServerSideTranslatorPB.submitRequest(OzoneManagerProtocolServerSideTranslatorPB.java:147) [ozone-manager-1.4.0-SNAPSHOT.jar:?]
	at org.apache.hadoop.ozone.protocol.proto.OzoneManagerProtocolProtos$OzoneManagerService$2.callBlockingMethod(OzoneManagerProtocolProtos.java) [ozone-interface-client-1.4.0-SNAPSHOT.jar:?]
	at org.apache.hadoop.ipc.ProtobufRpcEngine$Server.processCall(ProtobufRpcEngine.java:484) [hadoop-common-3.3.5.jar:?]
	at org.apache.hadoop.ipc.ProtobufRpcEngine2$Server$ProtoBufRpcInvoker.call(ProtobufRpcEngine2.java:595) [hadoop-common-3.3.5.jar:?]
	at org.apache.hadoop.ipc.ProtobufRpcEngine2$Server$ProtoBufRpcInvoker.call(ProtobufRpcEngine2.java:573) [hadoop-common-3.3.5.jar:?]
	at org.apache.hadoop.ipc.RPC$Server.call(RPC.java:1213) [hadoop-common-3.3.5.jar:?]
	at org.apache.hadoop.ipc.Server$RpcCall.run(Server.java:1089) [hadoop-common-3.3.5.jar:?]
	at org.apache.hadoop.ipc.Server$RpcCall.run(Server.java:1012) [hadoop-common-3.3.5.jar:?]
	at java.security.AccessController.doPrivileged(Native Method) ~[?:1.8.0_362]
	at javax.security.auth.Subject.doAs(Subject.java:422) [?:1.8.0_362]
	at org.apache.hadoop.security.UserGroupInformation.doAs(UserGroupInformation.java:1899) [hadoop-common-3.3.5.jar:?]
	at org.apache.hadoop.ipc.Server$Handler.run(Server.java:3026) [hadoop-common-3.3.5.jar:?]
17:18:59.411 [IPC Server handler 4 on default port 45623] ERROR OMAudit - user=runner | ip=127.0.0.1 | op=GET_FILE_STATUS {volume=volume95537, bucket=bucket59866, key=d1/d2/d3/d4/invalidkey, dataSize=0, replicationConfig=null} | ret=FAILURE
org.apache.hadoop.ozone.om.exceptions.OMException: Unable to get file status: volume: volume95537 bucket: bucket59866 key: d1/d2/d3/d4/invalidkey
	at org.apache.hadoop.ozone.om.KeyManagerImpl.getOzoneFileStatus(KeyManagerImpl.java:1200) ~[ozone-manager-1.4.0-SNAPSHOT.jar:?]
	at org.apache.hadoop.ozone.om.KeyManagerImpl.getFileStatus(KeyManagerImpl.java:1118) ~[ozone-manager-1.4.0-SNAPSHOT.jar:?]
	at org.apache.hadoop.ozone.om.OmMetadataReader.getFileStatus(OmMetadataReader.java:288) ~[ozone-manager-1.4.0-SNAPSHOT.jar:?]
	at org.apache.hadoop.ozone.om.OzoneManager.getFileStatus(OzoneManager.java:3491) ~[ozone-manager-1.4.0-SNAPSHOT.jar:?]
	at org.apache.hadoop.ozone.protocolPB.OzoneManagerRequestHandler.getOzoneFileStatus(OzoneManagerRequestHandler.java:934) ~[ozone-manager-1.4.0-SNAPSHOT.jar:?]
	at org.apache.hadoop.ozone.protocolPB.OzoneManagerRequestHandler.handleReadRequest(OzoneManagerRequestHandler.java:238) ~[ozone-manager-1.4.0-SNAPSHOT.jar:?]
	at org.apache.hadoop.ozone.protocolPB.OzoneManagerProtocolServerSideTranslatorPB.submitReadRequestToOM(OzoneManagerProtocolServerSideTranslatorPB.java:223) ~[ozone-manager-1.4.0-SNAPSHOT.jar:?]
	at org.apache.hadoop.ozone.protocolPB.OzoneManagerProtocolServerSideTranslatorPB.processRequest(OzoneManagerProtocolServerSideTranslatorPB.java:177) ~[ozone-manager-1.4.0-SNAPSHOT.jar:?]
	at org.apache.hadoop.hdds.server.OzoneProtocolMessageDispatcher.processRequest(OzoneProtocolMessageDispatcher.java:87) [hdds-server-framework-1.4.0-SNAPSHOT.jar:?]
	at org.apache.hadoop.ozone.protocolPB.OzoneManagerProtocolServerSideTranslatorPB.submitRequest(OzoneManagerProtocolServerSideTranslatorPB.java:147) [ozone-manager-1.4.0-SNAPSHOT.jar:?]
	at org.apache.hadoop.ozone.protocol.proto.OzoneManagerProtocolProtos$OzoneManagerService$2.callBlockingMethod(OzoneManagerProtocolProtos.java) [ozone-interface-client-1.4.0-SNAPSHOT.jar:?]
	at org.apache.hadoop.ipc.ProtobufRpcEngine$Server.processCall(ProtobufRpcEngine.java:484) [hadoop-common-3.3.5.jar:?]
	at org.apache.hadoop.ipc.ProtobufRpcEngine2$Server$ProtoBufRpcInvoker.call(ProtobufRpcEngine2.java:595) [hadoop-common-3.3.5.jar:?]
	at org.apache.hadoop.ipc.ProtobufRpcEngine2$Server$ProtoBufRpcInvoker.call(ProtobufRpcEngine2.java:573) [hadoop-common-3.3.5.jar:?]
	at org.apache.hadoop.ipc.RPC$Server.call(RPC.java:1213) [hadoop-common-3.3.5.jar:?]
	at org.apache.hadoop.ipc.Server$RpcCall.run(Server.java:1089) [hadoop-common-3.3.5.jar:?]
	at org.apache.hadoop.ipc.Server$RpcCall.run(Server.java:1012) [hadoop-common-3.3.5.jar:?]
	at java.security.AccessController.doPrivileged(Native Method) ~[?:1.8.0_362]
	at javax.security.auth.Subject.doAs(Subject.java:422) [?:1.8.0_362]
	at org.apache.hadoop.security.UserGroupInformation.doAs(UserGroupInformation.java:1899) [hadoop-common-3.3.5.jar:?]
	at org.apache.hadoop.ipc.Server$Handler.run(Server.java:3026) [hadoop-common-3.3.5.jar:?]
]]></system-out>
  </testcase>
  <testcase name="testCreateFileShouldCheckExistenceOfDirWithSameName" classname="TestOzoneFileSystem" time="0.018">
    <system-out><![CDATA[2023-04-11 17:19:59,376 [IPC Server handler 11 on default port 37689] INFO  key.OMKeyRequest (OMKeyRequest.java:wrapUncommittedBlocksAsPseudoKey(838)) - Detect allocated but uncommitted blocks [{blockID={containerID=3, localID=111677748019200034}, length=4194304, offset=0, token=null, pipeline=null, createVersion=0, partNumber=0}] in key d1/d2/d3/d4/key1.
17:19:59.378 [IPC Server handler 2 on default port 37689] ERROR OMAudit - user=runner | ip=127.0.0.1 | op=CREATE_FILE {volume=volume96095, bucket=bucket29928, key=d1/d2/d3/d4/key2, dataSize=4194304, replicationType=RATIS, replicationFactor=THREE} | ret=FAILURE
org.apache.hadoop.ozone.om.exceptions.OMException: Can not write to directory: d1/d2/d3/d4/key2
	at org.apache.hadoop.ozone.om.request.file.OMFileCreateRequest.checkDirectoryResult(OMFileCreateRequest.java:363) ~[ozone-manager-1.4.0-SNAPSHOT.jar:?]
	at org.apache.hadoop.ozone.om.request.file.OMFileCreateRequest.validateAndUpdateCache(OMFileCreateRequest.java:238) ~[ozone-manager-1.4.0-SNAPSHOT.jar:?]
	at org.apache.hadoop.ozone.protocolPB.OzoneManagerRequestHandler.handleWriteRequest(OzoneManagerRequestHandler.java:337) ~[ozone-manager-1.4.0-SNAPSHOT.jar:?]
	at org.apache.hadoop.ozone.protocolPB.OzoneManagerProtocolServerSideTranslatorPB.submitRequestDirectlyToOM(OzoneManagerProtocolServerSideTranslatorPB.java:278) ~[ozone-manager-1.4.0-SNAPSHOT.jar:?]
	at org.apache.hadoop.ozone.protocolPB.OzoneManagerProtocolServerSideTranslatorPB.processRequest(OzoneManagerProtocolServerSideTranslatorPB.java:173) ~[ozone-manager-1.4.0-SNAPSHOT.jar:?]
	at org.apache.hadoop.hdds.server.OzoneProtocolMessageDispatcher.processRequest(OzoneProtocolMessageDispatcher.java:87) [hdds-server-framework-1.4.0-SNAPSHOT.jar:?]
	at org.apache.hadoop.ozone.protocolPB.OzoneManagerProtocolServerSideTranslatorPB.submitRequest(OzoneManagerProtocolServerSideTranslatorPB.java:147) [ozone-manager-1.4.0-SNAPSHOT.jar:?]
	at org.apache.hadoop.ozone.protocol.proto.OzoneManagerProtocolProtos$OzoneManagerService$2.callBlockingMethod(OzoneManagerProtocolProtos.java) [ozone-interface-client-1.4.0-SNAPSHOT.jar:?]
	at org.apache.hadoop.ipc.ProtobufRpcEngine$Server.processCall(ProtobufRpcEngine.java:484) [hadoop-common-3.3.5.jar:?]
	at org.apache.hadoop.ipc.ProtobufRpcEngine2$Server$ProtoBufRpcInvoker.call(ProtobufRpcEngine2.java:595) [hadoop-common-3.3.5.jar:?]
	at org.apache.hadoop.ipc.ProtobufRpcEngine2$Server$ProtoBufRpcInvoker.call(ProtobufRpcEngine2.java:573) [hadoop-common-3.3.5.jar:?]
	at org.apache.hadoop.ipc.RPC$Server.call(RPC.java:1213) [hadoop-common-3.3.5.jar:?]
	at org.apache.hadoop.ipc.Server$RpcCall.run(Server.java:1089) [hadoop-common-3.3.5.jar:?]
	at org.apache.hadoop.ipc.Server$RpcCall.run(Server.java:1012) [hadoop-common-3.3.5.jar:?]
	at java.security.AccessController.doPrivileged(Native Method) ~[?:1.8.0_362]
	at javax.security.auth.Subject.doAs(Subject.java:422) [?:1.8.0_362]
	at org.apache.hadoop.security.UserGroupInformation.doAs(UserGroupInformation.java:1899) [hadoop-common-3.3.5.jar:?]
	at org.apache.hadoop.ipc.Server$Handler.run(Server.java:3026) [hadoop-common-3.3.5.jar:?]
2023-04-11 17:19:59,379 [IPC Server handler 2 on default port 37689] ERROR file.OMFileCreateRequest (OMFileCreateRequest.java:validateAndUpdateCache(336)) - File create failed. Volume:volume96095, Bucket:bucket29928, Keyd1/d2/d3/d4/key2.
NOT_A_FILE org.apache.hadoop.ozone.om.exceptions.OMException: Can not write to directory: d1/d2/d3/d4/key2
	at org.apache.hadoop.ozone.om.request.file.OMFileCreateRequest.checkDirectoryResult(OMFileCreateRequest.java:363)
	at org.apache.hadoop.ozone.om.request.file.OMFileCreateRequest.validateAndUpdateCache(OMFileCreateRequest.java:238)
	at org.apache.hadoop.ozone.protocolPB.OzoneManagerRequestHandler.handleWriteRequest(OzoneManagerRequestHandler.java:337)
	at org.apache.hadoop.ozone.protocolPB.OzoneManagerProtocolServerSideTranslatorPB.submitRequestDirectlyToOM(OzoneManagerProtocolServerSideTranslatorPB.java:278)
	at org.apache.hadoop.ozone.protocolPB.OzoneManagerProtocolServerSideTranslatorPB.processRequest(OzoneManagerProtocolServerSideTranslatorPB.java:173)
	at org.apache.hadoop.hdds.server.OzoneProtocolMessageDispatcher.processRequest(OzoneProtocolMessageDispatcher.java:87)
	at org.apache.hadoop.ozone.protocolPB.OzoneManagerProtocolServerSideTranslatorPB.submitRequest(OzoneManagerProtocolServerSideTranslatorPB.java:147)
	at org.apache.hadoop.ozone.protocol.proto.OzoneManagerProtocolProtos$OzoneManagerService$2.callBlockingMethod(OzoneManagerProtocolProtos.java)
	at org.apache.hadoop.ipc.ProtobufRpcEngine$Server.processCall(ProtobufRpcEngine.java:484)
	at org.apache.hadoop.ipc.ProtobufRpcEngine2$Server$ProtoBufRpcInvoker.call(ProtobufRpcEngine2.java:595)
	at org.apache.hadoop.ipc.ProtobufRpcEngine2$Server$ProtoBufRpcInvoker.call(ProtobufRpcEngine2.java:573)
	at org.apache.hadoop.ipc.RPC$Server.call(RPC.java:1213)
	at org.apache.hadoop.ipc.Server$RpcCall.run(Server.java:1089)
	at org.apache.hadoop.ipc.Server$RpcCall.run(Server.java:1012)
	at java.security.AccessController.doPrivileged(Native Method)
	at javax.security.auth.Subject.doAs(Subject.java:422)
	at org.apache.hadoop.security.UserGroupInformation.doAs(UserGroupInformation.java:1899)
	at org.apache.hadoop.ipc.Server$Handler.run(Server.java:3026)
2023-04-11 17:19:59,382 [IPC Server handler 4 on default port 37689] INFO  key.OMKeyRequest (OMKeyRequest.java:wrapUncommittedBlocksAsPseudoKey(838)) - Detect allocated but uncommitted blocks [{blockID={containerID=1, localID=111677748019200036}, length=4194304, offset=0, token=null, pipeline=null, createVersion=0, partNumber=0}] in key d1/d2/d3/d4/key3.
17:19:59.383 [IPC Server handler 0 on default port 37689] ERROR OMAudit - user=runner | ip=127.0.0.1 | op=CREATE_DIRECTORY {volume=volume96095, bucket=bucket29928, key=d1/d2/d3/d4/key3, dataSize=0, replicationType=NONE, replicationFactor=ZERO} | ret=FAILURE
org.apache.hadoop.ozone.om.exceptions.OMException: Unable to create directory: d1/d2/d3/d4/key3 in volume/bucket: volume96095/bucket29928
	at org.apache.hadoop.ozone.om.request.file.OMDirectoryCreateRequest.validateAndUpdateCache(OMDirectoryCreateRequest.java:196) ~[ozone-manager-1.4.0-SNAPSHOT.jar:?]
	at org.apache.hadoop.ozone.protocolPB.OzoneManagerRequestHandler.handleWriteRequest(OzoneManagerRequestHandler.java:337) ~[ozone-manager-1.4.0-SNAPSHOT.jar:?]
	at org.apache.hadoop.ozone.protocolPB.OzoneManagerProtocolServerSideTranslatorPB.submitRequestDirectlyToOM(OzoneManagerProtocolServerSideTranslatorPB.java:278) ~[ozone-manager-1.4.0-SNAPSHOT.jar:?]
	at org.apache.hadoop.ozone.protocolPB.OzoneManagerProtocolServerSideTranslatorPB.processRequest(OzoneManagerProtocolServerSideTranslatorPB.java:173) ~[ozone-manager-1.4.0-SNAPSHOT.jar:?]
	at org.apache.hadoop.hdds.server.OzoneProtocolMessageDispatcher.processRequest(OzoneProtocolMessageDispatcher.java:87) [hdds-server-framework-1.4.0-SNAPSHOT.jar:?]
	at org.apache.hadoop.ozone.protocolPB.OzoneManagerProtocolServerSideTranslatorPB.submitRequest(OzoneManagerProtocolServerSideTranslatorPB.java:147) [ozone-manager-1.4.0-SNAPSHOT.jar:?]
	at org.apache.hadoop.ozone.protocol.proto.OzoneManagerProtocolProtos$OzoneManagerService$2.callBlockingMethod(OzoneManagerProtocolProtos.java) [ozone-interface-client-1.4.0-SNAPSHOT.jar:?]
	at org.apache.hadoop.ipc.ProtobufRpcEngine$Server.processCall(ProtobufRpcEngine.java:484) [hadoop-common-3.3.5.jar:?]
	at org.apache.hadoop.ipc.ProtobufRpcEngine2$Server$ProtoBufRpcInvoker.call(ProtobufRpcEngine2.java:595) [hadoop-common-3.3.5.jar:?]
	at org.apache.hadoop.ipc.ProtobufRpcEngine2$Server$ProtoBufRpcInvoker.call(ProtobufRpcEngine2.java:573) [hadoop-common-3.3.5.jar:?]
	at org.apache.hadoop.ipc.RPC$Server.call(RPC.java:1213) [hadoop-common-3.3.5.jar:?]
	at org.apache.hadoop.ipc.Server$RpcCall.run(Server.java:1089) [hadoop-common-3.3.5.jar:?]
	at org.apache.hadoop.ipc.Server$RpcCall.run(Server.java:1012) [hadoop-common-3.3.5.jar:?]
	at java.security.AccessController.doPrivileged(Native Method) ~[?:1.8.0_362]
	at javax.security.auth.Subject.doAs(Subject.java:422) [?:1.8.0_362]
	at org.apache.hadoop.security.UserGroupInformation.doAs(UserGroupInformation.java:1899) [hadoop-common-3.3.5.jar:?]
	at org.apache.hadoop.ipc.Server$Handler.run(Server.java:3026) [hadoop-common-3.3.5.jar:?]
2023-04-11 17:19:59,383 [IPC Server handler 0 on default port 37689] ERROR file.OMDirectoryCreateRequest (OMDirectoryCreateRequest.java:logResult(335)) - Directory creation failed. Volume:volume96095, Bucket:bucket29928, Keyd1/d2/d3/d4/key3. Exception:{}
FILE_ALREADY_EXISTS org.apache.hadoop.ozone.om.exceptions.OMException: Unable to create directory: d1/d2/d3/d4/key3 in volume/bucket: volume96095/bucket29928
	at org.apache.hadoop.ozone.om.request.file.OMDirectoryCreateRequest.validateAndUpdateCache(OMDirectoryCreateRequest.java:196)
	at org.apache.hadoop.ozone.protocolPB.OzoneManagerRequestHandler.handleWriteRequest(OzoneManagerRequestHandler.java:337)
	at org.apache.hadoop.ozone.protocolPB.OzoneManagerProtocolServerSideTranslatorPB.submitRequestDirectlyToOM(OzoneManagerProtocolServerSideTranslatorPB.java:278)
	at org.apache.hadoop.ozone.protocolPB.OzoneManagerProtocolServerSideTranslatorPB.processRequest(OzoneManagerProtocolServerSideTranslatorPB.java:173)
	at org.apache.hadoop.hdds.server.OzoneProtocolMessageDispatcher.processRequest(OzoneProtocolMessageDispatcher.java:87)
	at org.apache.hadoop.ozone.protocolPB.OzoneManagerProtocolServerSideTranslatorPB.submitRequest(OzoneManagerProtocolServerSideTranslatorPB.java:147)
	at org.apache.hadoop.ozone.protocol.proto.OzoneManagerProtocolProtos$OzoneManagerService$2.callBlockingMethod(OzoneManagerProtocolProtos.java)
	at org.apache.hadoop.ipc.ProtobufRpcEngine$Server.processCall(ProtobufRpcEngine.java:484)
	at org.apache.hadoop.ipc.ProtobufRpcEngine2$Server$ProtoBufRpcInvoker.call(ProtobufRpcEngine2.java:595)
	at org.apache.hadoop.ipc.ProtobufRpcEngine2$Server$ProtoBufRpcInvoker.call(ProtobufRpcEngine2.java:573)
	at org.apache.hadoop.ipc.RPC$Server.call(RPC.java:1213)
	at org.apache.hadoop.ipc.Server$RpcCall.run(Server.java:1089)
	at org.apache.hadoop.ipc.Server$RpcCall.run(Server.java:1012)
	at java.security.AccessController.doPrivileged(Native Method)
	at javax.security.auth.Subject.doAs(Subject.java:422)
	at org.apache.hadoop.security.UserGroupInformation.doAs(UserGroupInformation.java:1899)
	at org.apache.hadoop.ipc.Server$Handler.run(Server.java:3026)
17:19:59.385 [IPC Server handler 5 on default port 37689] ERROR OMAudit - user=runner | ip=127.0.0.1 | op=CREATE_FILE {volume=volume96095, bucket=bucket29928, key=d1/d2/d3, dataSize=4194304, replicationType=RATIS, replicationFactor=THREE} | ret=FAILURE
org.apache.hadoop.ozone.om.exceptions.OMException: Can not write to directory: d1/d2/d3
	at org.apache.hadoop.ozone.om.request.file.OMFileCreateRequest.checkDirectoryResult(OMFileCreateRequest.java:363) ~[ozone-manager-1.4.0-SNAPSHOT.jar:?]
	at org.apache.hadoop.ozone.om.request.file.OMFileCreateRequest.validateAndUpdateCache(OMFileCreateRequest.java:238) ~[ozone-manager-1.4.0-SNAPSHOT.jar:?]
	at org.apache.hadoop.ozone.protocolPB.OzoneManagerRequestHandler.handleWriteRequest(OzoneManagerRequestHandler.java:337) ~[ozone-manager-1.4.0-SNAPSHOT.jar:?]
	at org.apache.hadoop.ozone.protocolPB.OzoneManagerProtocolServerSideTranslatorPB.submitRequestDirectlyToOM(OzoneManagerProtocolServerSideTranslatorPB.java:278) ~[ozone-manager-1.4.0-SNAPSHOT.jar:?]
	at org.apache.hadoop.ozone.protocolPB.OzoneManagerProtocolServerSideTranslatorPB.processRequest(OzoneManagerProtocolServerSideTranslatorPB.java:173) ~[ozone-manager-1.4.0-SNAPSHOT.jar:?]
	at org.apache.hadoop.hdds.server.OzoneProtocolMessageDispatcher.processRequest(OzoneProtocolMessageDispatcher.java:87) [hdds-server-framework-1.4.0-SNAPSHOT.jar:?]
	at org.apache.hadoop.ozone.protocolPB.OzoneManagerProtocolServerSideTranslatorPB.submitRequest(OzoneManagerProtocolServerSideTranslatorPB.java:147) [ozone-manager-1.4.0-SNAPSHOT.jar:?]
	at org.apache.hadoop.ozone.protocol.proto.OzoneManagerProtocolProtos$OzoneManagerService$2.callBlockingMethod(OzoneManagerProtocolProtos.java) [ozone-interface-client-1.4.0-SNAPSHOT.jar:?]
	at org.apache.hadoop.ipc.ProtobufRpcEngine$Server.processCall(ProtobufRpcEngine.java:484) [hadoop-common-3.3.5.jar:?]
	at org.apache.hadoop.ipc.ProtobufRpcEngine2$Server$ProtoBufRpcInvoker.call(ProtobufRpcEngine2.java:595) [hadoop-common-3.3.5.jar:?]
	at org.apache.hadoop.ipc.ProtobufRpcEngine2$Server$ProtoBufRpcInvoker.call(ProtobufRpcEngine2.java:573) [hadoop-common-3.3.5.jar:?]
	at org.apache.hadoop.ipc.RPC$Server.call(RPC.java:1213) [hadoop-common-3.3.5.jar:?]
	at org.apache.hadoop.ipc.Server$RpcCall.run(Server.java:1089) [hadoop-common-3.3.5.jar:?]
	at org.apache.hadoop.ipc.Server$RpcCall.run(Server.java:1012) [hadoop-common-3.3.5.jar:?]
	at java.security.AccessController.doPrivileged(Native Method) ~[?:1.8.0_362]
	at javax.security.auth.Subject.doAs(Subject.java:422) [?:1.8.0_362]
	at org.apache.hadoop.security.UserGroupInformation.doAs(UserGroupInformation.java:1899) [hadoop-common-3.3.5.jar:?]
	at org.apache.hadoop.ipc.Server$Handler.run(Server.java:3026) [hadoop-common-3.3.5.jar:?]
2023-04-11 17:19:59,385 [IPC Server handler 5 on default port 37689] ERROR file.OMFileCreateRequest (OMFileCreateRequest.java:validateAndUpdateCache(336)) - File create failed. Volume:volume96095, Bucket:bucket29928, Keyd1/d2/d3.
NOT_A_FILE org.apache.hadoop.ozone.om.exceptions.OMException: Can not write to directory: d1/d2/d3
	at org.apache.hadoop.ozone.om.request.file.OMFileCreateRequest.checkDirectoryResult(OMFileCreateRequest.java:363)
	at org.apache.hadoop.ozone.om.request.file.OMFileCreateRequest.validateAndUpdateCache(OMFileCreateRequest.java:238)
	at org.apache.hadoop.ozone.protocolPB.OzoneManagerRequestHandler.handleWriteRequest(OzoneManagerRequestHandler.java:337)
	at org.apache.hadoop.ozone.protocolPB.OzoneManagerProtocolServerSideTranslatorPB.submitRequestDirectlyToOM(OzoneManagerProtocolServerSideTranslatorPB.java:278)
	at org.apache.hadoop.ozone.protocolPB.OzoneManagerProtocolServerSideTranslatorPB.processRequest(OzoneManagerProtocolServerSideTranslatorPB.java:173)
	at org.apache.hadoop.hdds.server.OzoneProtocolMessageDispatcher.processRequest(OzoneProtocolMessageDispatcher.java:87)
	at org.apache.hadoop.ozone.protocolPB.OzoneManagerProtocolServerSideTranslatorPB.submitRequest(OzoneManagerProtocolServerSideTranslatorPB.java:147)
	at org.apache.hadoop.ozone.protocol.proto.OzoneManagerProtocolProtos$OzoneManagerService$2.callBlockingMethod(OzoneManagerProtocolProtos.java)
	at org.apache.hadoop.ipc.ProtobufRpcEngine$Server.processCall(ProtobufRpcEngine.java:484)
	at org.apache.hadoop.ipc.ProtobufRpcEngine2$Server$ProtoBufRpcInvoker.call(ProtobufRpcEngine2.java:595)
	at org.apache.hadoop.ipc.ProtobufRpcEngine2$Server$ProtoBufRpcInvoker.call(ProtobufRpcEngine2.java:573)
	at org.apache.hadoop.ipc.RPC$Server.call(RPC.java:1213)
	at org.apache.hadoop.ipc.Server$RpcCall.run(Server.java:1089)
	at org.apache.hadoop.ipc.Server$RpcCall.run(Server.java:1012)
	at java.security.AccessController.doPrivileged(Native Method)
	at javax.security.auth.Subject.doAs(Subject.java:422)
	at org.apache.hadoop.security.UserGroupInformation.doAs(UserGroupInformation.java:1899)
	at org.apache.hadoop.ipc.Server$Handler.run(Server.java:3026)
17:19:59.387 [IPC Server handler 15 on default port 37689] ERROR OMAudit - user=runner | ip=127.0.0.1 | op=GET_FILE_STATUS {volume=volume96095, bucket=bucket29928, key=d1/d2/d3/d4/key3/invalid, dataSize=0, replicationConfig=null} | ret=FAILURE
org.apache.hadoop.ozone.om.exceptions.OMException: Unable to get file status: volume: volume96095 bucket: bucket29928 key: d1/d2/d3/d4/key3/invalid
	at org.apache.hadoop.ozone.om.KeyManagerImpl.getOzoneFileStatus(KeyManagerImpl.java:1200) ~[ozone-manager-1.4.0-SNAPSHOT.jar:?]
	at org.apache.hadoop.ozone.om.KeyManagerImpl.getFileStatus(KeyManagerImpl.java:1118) ~[ozone-manager-1.4.0-SNAPSHOT.jar:?]
	at org.apache.hadoop.ozone.om.OmMetadataReader.getFileStatus(OmMetadataReader.java:288) ~[ozone-manager-1.4.0-SNAPSHOT.jar:?]
	at org.apache.hadoop.ozone.om.OzoneManager.getFileStatus(OzoneManager.java:3491) ~[ozone-manager-1.4.0-SNAPSHOT.jar:?]
	at org.apache.hadoop.ozone.protocolPB.OzoneManagerRequestHandler.getOzoneFileStatus(OzoneManagerRequestHandler.java:934) ~[ozone-manager-1.4.0-SNAPSHOT.jar:?]
	at org.apache.hadoop.ozone.protocolPB.OzoneManagerRequestHandler.handleReadRequest(OzoneManagerRequestHandler.java:238) ~[ozone-manager-1.4.0-SNAPSHOT.jar:?]
	at org.apache.hadoop.ozone.protocolPB.OzoneManagerProtocolServerSideTranslatorPB.submitRequestDirectlyToOM(OzoneManagerProtocolServerSideTranslatorPB.java:272) ~[ozone-manager-1.4.0-SNAPSHOT.jar:?]
	at org.apache.hadoop.ozone.protocolPB.OzoneManagerProtocolServerSideTranslatorPB.processRequest(OzoneManagerProtocolServerSideTranslatorPB.java:173) ~[ozone-manager-1.4.0-SNAPSHOT.jar:?]
	at org.apache.hadoop.hdds.server.OzoneProtocolMessageDispatcher.processRequest(OzoneProtocolMessageDispatcher.java:87) [hdds-server-framework-1.4.0-SNAPSHOT.jar:?]
	at org.apache.hadoop.ozone.protocolPB.OzoneManagerProtocolServerSideTranslatorPB.submitRequest(OzoneManagerProtocolServerSideTranslatorPB.java:147) [ozone-manager-1.4.0-SNAPSHOT.jar:?]
	at org.apache.hadoop.ozone.protocol.proto.OzoneManagerProtocolProtos$OzoneManagerService$2.callBlockingMethod(OzoneManagerProtocolProtos.java) [ozone-interface-client-1.4.0-SNAPSHOT.jar:?]
	at org.apache.hadoop.ipc.ProtobufRpcEngine$Server.processCall(ProtobufRpcEngine.java:484) [hadoop-common-3.3.5.jar:?]
	at org.apache.hadoop.ipc.ProtobufRpcEngine2$Server$ProtoBufRpcInvoker.call(ProtobufRpcEngine2.java:595) [hadoop-common-3.3.5.jar:?]
	at org.apache.hadoop.ipc.ProtobufRpcEngine2$Server$ProtoBufRpcInvoker.call(ProtobufRpcEngine2.java:573) [hadoop-common-3.3.5.jar:?]
	at org.apache.hadoop.ipc.RPC$Server.call(RPC.java:1213) [hadoop-common-3.3.5.jar:?]
	at org.apache.hadoop.ipc.Server$RpcCall.run(Server.java:1089) [hadoop-common-3.3.5.jar:?]
	at org.apache.hadoop.ipc.Server$RpcCall.run(Server.java:1012) [hadoop-common-3.3.5.jar:?]
	at java.security.AccessController.doPrivileged(Native Method) ~[?:1.8.0_362]
	at javax.security.auth.Subject.doAs(Subject.java:422) [?:1.8.0_362]
	at org.apache.hadoop.security.UserGroupInformation.doAs(UserGroupInformation.java:1899) [hadoop-common-3.3.5.jar:?]
	at org.apache.hadoop.ipc.Server$Handler.run(Server.java:3026) [hadoop-common-3.3.5.jar:?]
17:19:59.388 [IPC Server handler 16 on default port 37689] ERROR OMAudit - user=runner | ip=127.0.0.1 | op=GET_FILE_STATUS {volume=volume96095, bucket=bucket29928, key=d1/d2/d3/d4/invalidkey, dataSize=0, replicationConfig=null} | ret=FAILURE
org.apache.hadoop.ozone.om.exceptions.OMException: Unable to get file status: volume: volume96095 bucket: bucket29928 key: d1/d2/d3/d4/invalidkey
	at org.apache.hadoop.ozone.om.KeyManagerImpl.getOzoneFileStatus(KeyManagerImpl.java:1200) ~[ozone-manager-1.4.0-SNAPSHOT.jar:?]
	at org.apache.hadoop.ozone.om.KeyManagerImpl.getFileStatus(KeyManagerImpl.java:1118) ~[ozone-manager-1.4.0-SNAPSHOT.jar:?]
	at org.apache.hadoop.ozone.om.OmMetadataReader.getFileStatus(OmMetadataReader.java:288) ~[ozone-manager-1.4.0-SNAPSHOT.jar:?]
	at org.apache.hadoop.ozone.om.OzoneManager.getFileStatus(OzoneManager.java:3491) ~[ozone-manager-1.4.0-SNAPSHOT.jar:?]
	at org.apache.hadoop.ozone.protocolPB.OzoneManagerRequestHandler.getOzoneFileStatus(OzoneManagerRequestHandler.java:934) ~[ozone-manager-1.4.0-SNAPSHOT.jar:?]
	at org.apache.hadoop.ozone.protocolPB.OzoneManagerRequestHandler.handleReadRequest(OzoneManagerRequestHandler.java:238) ~[ozone-manager-1.4.0-SNAPSHOT.jar:?]
	at org.apache.hadoop.ozone.protocolPB.OzoneManagerProtocolServerSideTranslatorPB.submitRequestDirectlyToOM(OzoneManagerProtocolServerSideTranslatorPB.java:272) ~[ozone-manager-1.4.0-SNAPSHOT.jar:?]
	at org.apache.hadoop.ozone.protocolPB.OzoneManagerProtocolServerSideTranslatorPB.processRequest(OzoneManagerProtocolServerSideTranslatorPB.java:173) ~[ozone-manager-1.4.0-SNAPSHOT.jar:?]
	at org.apache.hadoop.hdds.server.OzoneProtocolMessageDispatcher.processRequest(OzoneProtocolMessageDispatcher.java:87) [hdds-server-framework-1.4.0-SNAPSHOT.jar:?]
	at org.apache.hadoop.ozone.protocolPB.OzoneManagerProtocolServerSideTranslatorPB.submitRequest(OzoneManagerProtocolServerSideTranslatorPB.java:147) [ozone-manager-1.4.0-SNAPSHOT.jar:?]
	at org.apache.hadoop.ozone.protocol.proto.OzoneManagerProtocolProtos$OzoneManagerService$2.callBlockingMethod(OzoneManagerProtocolProtos.java) [ozone-interface-client-1.4.0-SNAPSHOT.jar:?]
	at org.apache.hadoop.ipc.ProtobufRpcEngine$Server.processCall(ProtobufRpcEngine.java:484) [hadoop-common-3.3.5.jar:?]
	at org.apache.hadoop.ipc.ProtobufRpcEngine2$Server$ProtoBufRpcInvoker.call(ProtobufRpcEngine2.java:595) [hadoop-common-3.3.5.jar:?]
	at org.apache.hadoop.ipc.ProtobufRpcEngine2$Server$ProtoBufRpcInvoker.call(ProtobufRpcEngine2.java:573) [hadoop-common-3.3.5.jar:?]
	at org.apache.hadoop.ipc.RPC$Server.call(RPC.java:1213) [hadoop-common-3.3.5.jar:?]
	at org.apache.hadoop.ipc.Server$RpcCall.run(Server.java:1089) [hadoop-common-3.3.5.jar:?]
	at org.apache.hadoop.ipc.Server$RpcCall.run(Server.java:1012) [hadoop-common-3.3.5.jar:?]
	at java.security.AccessController.doPrivileged(Native Method) ~[?:1.8.0_362]
	at javax.security.auth.Subject.doAs(Subject.java:422) [?:1.8.0_362]
	at org.apache.hadoop.security.UserGroupInformation.doAs(UserGroupInformation.java:1899) [hadoop-common-3.3.5.jar:?]
	at org.apache.hadoop.ipc.Server$Handler.run(Server.java:3026) [hadoop-common-3.3.5.jar:?]
]]></system-out>
  </testcase>
  <testcase name="testRenameContainDelimiterFile" classname="TestOzoneFileSystem" time="0.042">
    <system-out><![CDATA[2023-04-11 17:16:55,671 [OM StateMachine ApplyTransaction Thread - 0] INFO  key.OMKeyRequest (OMKeyRequest.java:wrapUncommittedBlocksAsPseudoKey(838)) - Detect allocated but uncommitted blocks [{blockID={containerID=6, localID=111677748019200038}, length=4194304, offset=0, token=null, pipeline=null, createVersion=0, partNumber=0}] in key dir1/dir2/key1.
17:16:55.675 [IPC Server handler 7 on default port 41353] ERROR OMAudit - user=runner | ip=127.0.0.1 | op=GET_FILE_STATUS {volume=volume52567, bucket=bucket67420, key=dir1/dir2/key2, dataSize=0, replicationConfig=null} | ret=FAILURE
org.apache.hadoop.ozone.om.exceptions.OMException: Unable to get file status: volume: volume52567 bucket: bucket67420 key: dir1/dir2/key2
	at org.apache.hadoop.ozone.om.KeyManagerImpl.getOzoneFileStatus(KeyManagerImpl.java:1200) ~[ozone-manager-1.4.0-SNAPSHOT.jar:?]
	at org.apache.hadoop.ozone.om.KeyManagerImpl.getFileStatus(KeyManagerImpl.java:1118) ~[ozone-manager-1.4.0-SNAPSHOT.jar:?]
	at org.apache.hadoop.ozone.om.OmMetadataReader.getFileStatus(OmMetadataReader.java:288) ~[ozone-manager-1.4.0-SNAPSHOT.jar:?]
	at org.apache.hadoop.ozone.om.OzoneManager.getFileStatus(OzoneManager.java:3491) ~[ozone-manager-1.4.0-SNAPSHOT.jar:?]
	at org.apache.hadoop.ozone.protocolPB.OzoneManagerRequestHandler.getOzoneFileStatus(OzoneManagerRequestHandler.java:934) ~[ozone-manager-1.4.0-SNAPSHOT.jar:?]
	at org.apache.hadoop.ozone.protocolPB.OzoneManagerRequestHandler.handleReadRequest(OzoneManagerRequestHandler.java:238) ~[ozone-manager-1.4.0-SNAPSHOT.jar:?]
	at org.apache.hadoop.ozone.protocolPB.OzoneManagerProtocolServerSideTranslatorPB.submitReadRequestToOM(OzoneManagerProtocolServerSideTranslatorPB.java:223) ~[ozone-manager-1.4.0-SNAPSHOT.jar:?]
	at org.apache.hadoop.ozone.protocolPB.OzoneManagerProtocolServerSideTranslatorPB.processRequest(OzoneManagerProtocolServerSideTranslatorPB.java:177) ~[ozone-manager-1.4.0-SNAPSHOT.jar:?]
	at org.apache.hadoop.hdds.server.OzoneProtocolMessageDispatcher.processRequest(OzoneProtocolMessageDispatcher.java:87) [hdds-server-framework-1.4.0-SNAPSHOT.jar:?]
	at org.apache.hadoop.ozone.protocolPB.OzoneManagerProtocolServerSideTranslatorPB.submitRequest(OzoneManagerProtocolServerSideTranslatorPB.java:147) [ozone-manager-1.4.0-SNAPSHOT.jar:?]
	at org.apache.hadoop.ozone.protocol.proto.OzoneManagerProtocolProtos$OzoneManagerService$2.callBlockingMethod(OzoneManagerProtocolProtos.java) [ozone-interface-client-1.4.0-SNAPSHOT.jar:?]
	at org.apache.hadoop.ipc.ProtobufRpcEngine$Server.processCall(ProtobufRpcEngine.java:484) [hadoop-common-3.3.5.jar:?]
	at org.apache.hadoop.ipc.ProtobufRpcEngine2$Server$ProtoBufRpcInvoker.call(ProtobufRpcEngine2.java:595) [hadoop-common-3.3.5.jar:?]
	at org.apache.hadoop.ipc.ProtobufRpcEngine2$Server$ProtoBufRpcInvoker.call(ProtobufRpcEngine2.java:573) [hadoop-common-3.3.5.jar:?]
	at org.apache.hadoop.ipc.RPC$Server.call(RPC.java:1213) [hadoop-common-3.3.5.jar:?]
	at org.apache.hadoop.ipc.Server$RpcCall.run(Server.java:1089) [hadoop-common-3.3.5.jar:?]
	at org.apache.hadoop.ipc.Server$RpcCall.run(Server.java:1012) [hadoop-common-3.3.5.jar:?]
	at java.security.AccessController.doPrivileged(Native Method) ~[?:1.8.0_362]
	at javax.security.auth.Subject.doAs(Subject.java:422) [?:1.8.0_362]
	at org.apache.hadoop.security.UserGroupInformation.doAs(UserGroupInformation.java:1899) [hadoop-common-3.3.5.jar:?]
	at org.apache.hadoop.ipc.Server$Handler.run(Server.java:3026) [hadoop-common-3.3.5.jar:?]
17:16:55.685 [IPC Server handler 18 on default port 41353] ERROR OMAudit - user=runner | ip=127.0.0.1 | op=GET_FILE_STATUS {volume=volume52567, bucket=bucket67420, key=dir1/dir2/key1, dataSize=0, replicationConfig=null} | ret=FAILURE
org.apache.hadoop.ozone.om.exceptions.OMException: Unable to get file status: volume: volume52567 bucket: bucket67420 key: dir1/dir2/key1
	at org.apache.hadoop.ozone.om.KeyManagerImpl.getOzoneFileStatus(KeyManagerImpl.java:1200) ~[ozone-manager-1.4.0-SNAPSHOT.jar:?]
	at org.apache.hadoop.ozone.om.KeyManagerImpl.getFileStatus(KeyManagerImpl.java:1118) ~[ozone-manager-1.4.0-SNAPSHOT.jar:?]
	at org.apache.hadoop.ozone.om.OmMetadataReader.getFileStatus(OmMetadataReader.java:288) ~[ozone-manager-1.4.0-SNAPSHOT.jar:?]
	at org.apache.hadoop.ozone.om.OzoneManager.getFileStatus(OzoneManager.java:3491) ~[ozone-manager-1.4.0-SNAPSHOT.jar:?]
	at org.apache.hadoop.ozone.protocolPB.OzoneManagerRequestHandler.getOzoneFileStatus(OzoneManagerRequestHandler.java:934) ~[ozone-manager-1.4.0-SNAPSHOT.jar:?]
	at org.apache.hadoop.ozone.protocolPB.OzoneManagerRequestHandler.handleReadRequest(OzoneManagerRequestHandler.java:238) ~[ozone-manager-1.4.0-SNAPSHOT.jar:?]
	at org.apache.hadoop.ozone.protocolPB.OzoneManagerProtocolServerSideTranslatorPB.submitReadRequestToOM(OzoneManagerProtocolServerSideTranslatorPB.java:223) ~[ozone-manager-1.4.0-SNAPSHOT.jar:?]
	at org.apache.hadoop.ozone.protocolPB.OzoneManagerProtocolServerSideTranslatorPB.processRequest(OzoneManagerProtocolServerSideTranslatorPB.java:177) ~[ozone-manager-1.4.0-SNAPSHOT.jar:?]
	at org.apache.hadoop.hdds.server.OzoneProtocolMessageDispatcher.processRequest(OzoneProtocolMessageDispatcher.java:87) [hdds-server-framework-1.4.0-SNAPSHOT.jar:?]
	at org.apache.hadoop.ozone.protocolPB.OzoneManagerProtocolServerSideTranslatorPB.submitRequest(OzoneManagerProtocolServerSideTranslatorPB.java:147) [ozone-manager-1.4.0-SNAPSHOT.jar:?]
	at org.apache.hadoop.ozone.protocol.proto.OzoneManagerProtocolProtos$OzoneManagerService$2.callBlockingMethod(OzoneManagerProtocolProtos.java) [ozone-interface-client-1.4.0-SNAPSHOT.jar:?]
	at org.apache.hadoop.ipc.ProtobufRpcEngine$Server.processCall(ProtobufRpcEngine.java:484) [hadoop-common-3.3.5.jar:?]
	at org.apache.hadoop.ipc.ProtobufRpcEngine2$Server$ProtoBufRpcInvoker.call(ProtobufRpcEngine2.java:595) [hadoop-common-3.3.5.jar:?]
	at org.apache.hadoop.ipc.ProtobufRpcEngine2$Server$ProtoBufRpcInvoker.call(ProtobufRpcEngine2.java:573) [hadoop-common-3.3.5.jar:?]
	at org.apache.hadoop.ipc.RPC$Server.call(RPC.java:1213) [hadoop-common-3.3.5.jar:?]
	at org.apache.hadoop.ipc.Server$RpcCall.run(Server.java:1089) [hadoop-common-3.3.5.jar:?]
	at org.apache.hadoop.ipc.Server$RpcCall.run(Server.java:1012) [hadoop-common-3.3.5.jar:?]
	at java.security.AccessController.doPrivileged(Native Method) ~[?:1.8.0_362]
	at javax.security.auth.Subject.doAs(Subject.java:422) [?:1.8.0_362]
	at org.apache.hadoop.security.UserGroupInformation.doAs(UserGroupInformation.java:1899) [hadoop-common-3.3.5.jar:?]
	at org.apache.hadoop.ipc.Server$Handler.run(Server.java:3026) [hadoop-common-3.3.5.jar:?]
17:16:55.688 [IPC Server handler 13 on default port 41353] ERROR OMAudit - user=runner | ip=127.0.0.1 | op=GET_FILE_STATUS {volume=volume52567, bucket=bucket67420, key=user/runner/dir1, dataSize=0, replicationConfig=null} | ret=FAILURE
org.apache.hadoop.ozone.om.exceptions.OMException: Unable to get file status: volume: volume52567 bucket: bucket67420 key: user/runner/dir1
	at org.apache.hadoop.ozone.om.KeyManagerImpl.getOzoneFileStatus(KeyManagerImpl.java:1200) ~[ozone-manager-1.4.0-SNAPSHOT.jar:?]
	at org.apache.hadoop.ozone.om.KeyManagerImpl.getFileStatus(KeyManagerImpl.java:1118) ~[ozone-manager-1.4.0-SNAPSHOT.jar:?]
	at org.apache.hadoop.ozone.om.OmMetadataReader.getFileStatus(OmMetadataReader.java:288) ~[ozone-manager-1.4.0-SNAPSHOT.jar:?]
	at org.apache.hadoop.ozone.om.OzoneManager.getFileStatus(OzoneManager.java:3491) ~[ozone-manager-1.4.0-SNAPSHOT.jar:?]
	at org.apache.hadoop.ozone.protocolPB.OzoneManagerRequestHandler.getOzoneFileStatus(OzoneManagerRequestHandler.java:934) ~[ozone-manager-1.4.0-SNAPSHOT.jar:?]
	at org.apache.hadoop.ozone.protocolPB.OzoneManagerRequestHandler.handleReadRequest(OzoneManagerRequestHandler.java:238) ~[ozone-manager-1.4.0-SNAPSHOT.jar:?]
	at org.apache.hadoop.ozone.protocolPB.OzoneManagerProtocolServerSideTranslatorPB.submitReadRequestToOM(OzoneManagerProtocolServerSideTranslatorPB.java:223) ~[ozone-manager-1.4.0-SNAPSHOT.jar:?]
	at org.apache.hadoop.ozone.protocolPB.OzoneManagerProtocolServerSideTranslatorPB.processRequest(OzoneManagerProtocolServerSideTranslatorPB.java:177) ~[ozone-manager-1.4.0-SNAPSHOT.jar:?]
	at org.apache.hadoop.hdds.server.OzoneProtocolMessageDispatcher.processRequest(OzoneProtocolMessageDispatcher.java:87) [hdds-server-framework-1.4.0-SNAPSHOT.jar:?]
	at org.apache.hadoop.ozone.protocolPB.OzoneManagerProtocolServerSideTranslatorPB.submitRequest(OzoneManagerProtocolServerSideTranslatorPB.java:147) [ozone-manager-1.4.0-SNAPSHOT.jar:?]
	at org.apache.hadoop.ozone.protocol.proto.OzoneManagerProtocolProtos$OzoneManagerService$2.callBlockingMethod(OzoneManagerProtocolProtos.java) [ozone-interface-client-1.4.0-SNAPSHOT.jar:?]
	at org.apache.hadoop.ipc.ProtobufRpcEngine$Server.processCall(ProtobufRpcEngine.java:484) [hadoop-common-3.3.5.jar:?]
	at org.apache.hadoop.ipc.ProtobufRpcEngine2$Server$ProtoBufRpcInvoker.call(ProtobufRpcEngine2.java:595) [hadoop-common-3.3.5.jar:?]
	at org.apache.hadoop.ipc.ProtobufRpcEngine2$Server$ProtoBufRpcInvoker.call(ProtobufRpcEngine2.java:573) [hadoop-common-3.3.5.jar:?]
	at org.apache.hadoop.ipc.RPC$Server.call(RPC.java:1213) [hadoop-common-3.3.5.jar:?]
	at org.apache.hadoop.ipc.Server$RpcCall.run(Server.java:1089) [hadoop-common-3.3.5.jar:?]
	at org.apache.hadoop.ipc.Server$RpcCall.run(Server.java:1012) [hadoop-common-3.3.5.jar:?]
	at java.security.AccessController.doPrivileged(Native Method) ~[?:1.8.0_362]
	at javax.security.auth.Subject.doAs(Subject.java:422) [?:1.8.0_362]
	at org.apache.hadoop.security.UserGroupInformation.doAs(UserGroupInformation.java:1899) [hadoop-common-3.3.5.jar:?]
	at org.apache.hadoop.ipc.Server$Handler.run(Server.java:3026) [hadoop-common-3.3.5.jar:?]
17:16:55.689 [IPC Server handler 14 on default port 41353] ERROR OMAudit - user=runner | ip=127.0.0.1 | op=GET_FILE_STATUS {volume=volume52567, bucket=bucket67420, key=user/runner/dir1/dir2, dataSize=0, replicationConfig=null} | ret=FAILURE
org.apache.hadoop.ozone.om.exceptions.OMException: Unable to get file status: volume: volume52567 bucket: bucket67420 key: user/runner/dir1/dir2
	at org.apache.hadoop.ozone.om.KeyManagerImpl.getOzoneFileStatus(KeyManagerImpl.java:1200) ~[ozone-manager-1.4.0-SNAPSHOT.jar:?]
	at org.apache.hadoop.ozone.om.KeyManagerImpl.getFileStatus(KeyManagerImpl.java:1118) ~[ozone-manager-1.4.0-SNAPSHOT.jar:?]
	at org.apache.hadoop.ozone.om.OmMetadataReader.getFileStatus(OmMetadataReader.java:288) ~[ozone-manager-1.4.0-SNAPSHOT.jar:?]
	at org.apache.hadoop.ozone.om.OzoneManager.getFileStatus(OzoneManager.java:3491) ~[ozone-manager-1.4.0-SNAPSHOT.jar:?]
	at org.apache.hadoop.ozone.protocolPB.OzoneManagerRequestHandler.getOzoneFileStatus(OzoneManagerRequestHandler.java:934) ~[ozone-manager-1.4.0-SNAPSHOT.jar:?]
	at org.apache.hadoop.ozone.protocolPB.OzoneManagerRequestHandler.handleReadRequest(OzoneManagerRequestHandler.java:238) ~[ozone-manager-1.4.0-SNAPSHOT.jar:?]
	at org.apache.hadoop.ozone.protocolPB.OzoneManagerProtocolServerSideTranslatorPB.submitReadRequestToOM(OzoneManagerProtocolServerSideTranslatorPB.java:223) ~[ozone-manager-1.4.0-SNAPSHOT.jar:?]
	at org.apache.hadoop.ozone.protocolPB.OzoneManagerProtocolServerSideTranslatorPB.processRequest(OzoneManagerProtocolServerSideTranslatorPB.java:177) ~[ozone-manager-1.4.0-SNAPSHOT.jar:?]
	at org.apache.hadoop.hdds.server.OzoneProtocolMessageDispatcher.processRequest(OzoneProtocolMessageDispatcher.java:87) [hdds-server-framework-1.4.0-SNAPSHOT.jar:?]
	at org.apache.hadoop.ozone.protocolPB.OzoneManagerProtocolServerSideTranslatorPB.submitRequest(OzoneManagerProtocolServerSideTranslatorPB.java:147) [ozone-manager-1.4.0-SNAPSHOT.jar:?]
	at org.apache.hadoop.ozone.protocol.proto.OzoneManagerProtocolProtos$OzoneManagerService$2.callBlockingMethod(OzoneManagerProtocolProtos.java) [ozone-interface-client-1.4.0-SNAPSHOT.jar:?]
	at org.apache.hadoop.ipc.ProtobufRpcEngine$Server.processCall(ProtobufRpcEngine.java:484) [hadoop-common-3.3.5.jar:?]
	at org.apache.hadoop.ipc.ProtobufRpcEngine2$Server$ProtoBufRpcInvoker.call(ProtobufRpcEngine2.java:595) [hadoop-common-3.3.5.jar:?]
	at org.apache.hadoop.ipc.ProtobufRpcEngine2$Server$ProtoBufRpcInvoker.call(ProtobufRpcEngine2.java:573) [hadoop-common-3.3.5.jar:?]
	at org.apache.hadoop.ipc.RPC$Server.call(RPC.java:1213) [hadoop-common-3.3.5.jar:?]
	at org.apache.hadoop.ipc.Server$RpcCall.run(Server.java:1089) [hadoop-common-3.3.5.jar:?]
	at org.apache.hadoop.ipc.Server$RpcCall.run(Server.java:1012) [hadoop-common-3.3.5.jar:?]
	at java.security.AccessController.doPrivileged(Native Method) ~[?:1.8.0_362]
	at javax.security.auth.Subject.doAs(Subject.java:422) [?:1.8.0_362]
	at org.apache.hadoop.security.UserGroupInformation.doAs(UserGroupInformation.java:1899) [hadoop-common-3.3.5.jar:?]
	at org.apache.hadoop.ipc.Server$Handler.run(Server.java:3026) [hadoop-common-3.3.5.jar:?]
]]></system-out>
  </testcase>
  <testcase name="testRenameContainDelimiterFile" classname="TestOzoneFileSystem" time="0.022">
    <system-out><![CDATA[2023-04-11 17:18:08,389 [IPC Server handler 8 on default port 38777] INFO  key.OMKeyRequest (OMKeyRequest.java:wrapUncommittedBlocksAsPseudoKey(838)) - Detect allocated but uncommitted blocks [{blockID={containerID=6, localID=111677748019200038}, length=4194304, offset=0, token=null, pipeline=null, createVersion=0, partNumber=0}] in key dir1/dir2/key1.
17:18:08.391 [IPC Server handler 4 on default port 38777] ERROR OMAudit - user=runner | ip=127.0.0.1 | op=GET_FILE_STATUS {volume=volume96178, bucket=bucket92903, key=dir1/dir2/key2, dataSize=0, replicationConfig=null} | ret=FAILURE
org.apache.hadoop.ozone.om.exceptions.OMException: Unable to get file status: volume: volume96178 bucket: bucket92903 key: dir1/dir2/key2
	at org.apache.hadoop.ozone.om.KeyManagerImpl.getOzoneFileStatus(KeyManagerImpl.java:1200) ~[ozone-manager-1.4.0-SNAPSHOT.jar:?]
	at org.apache.hadoop.ozone.om.KeyManagerImpl.getFileStatus(KeyManagerImpl.java:1118) ~[ozone-manager-1.4.0-SNAPSHOT.jar:?]
	at org.apache.hadoop.ozone.om.OmMetadataReader.getFileStatus(OmMetadataReader.java:288) ~[ozone-manager-1.4.0-SNAPSHOT.jar:?]
	at org.apache.hadoop.ozone.om.OzoneManager.getFileStatus(OzoneManager.java:3491) ~[ozone-manager-1.4.0-SNAPSHOT.jar:?]
	at org.apache.hadoop.ozone.protocolPB.OzoneManagerRequestHandler.getOzoneFileStatus(OzoneManagerRequestHandler.java:934) ~[ozone-manager-1.4.0-SNAPSHOT.jar:?]
	at org.apache.hadoop.ozone.protocolPB.OzoneManagerRequestHandler.handleReadRequest(OzoneManagerRequestHandler.java:238) ~[ozone-manager-1.4.0-SNAPSHOT.jar:?]
	at org.apache.hadoop.ozone.protocolPB.OzoneManagerProtocolServerSideTranslatorPB.submitRequestDirectlyToOM(OzoneManagerProtocolServerSideTranslatorPB.java:272) ~[ozone-manager-1.4.0-SNAPSHOT.jar:?]
	at org.apache.hadoop.ozone.protocolPB.OzoneManagerProtocolServerSideTranslatorPB.processRequest(OzoneManagerProtocolServerSideTranslatorPB.java:173) ~[ozone-manager-1.4.0-SNAPSHOT.jar:?]
	at org.apache.hadoop.hdds.server.OzoneProtocolMessageDispatcher.processRequest(OzoneProtocolMessageDispatcher.java:87) [hdds-server-framework-1.4.0-SNAPSHOT.jar:?]
	at org.apache.hadoop.ozone.protocolPB.OzoneManagerProtocolServerSideTranslatorPB.submitRequest(OzoneManagerProtocolServerSideTranslatorPB.java:147) [ozone-manager-1.4.0-SNAPSHOT.jar:?]
	at org.apache.hadoop.ozone.protocol.proto.OzoneManagerProtocolProtos$OzoneManagerService$2.callBlockingMethod(OzoneManagerProtocolProtos.java) [ozone-interface-client-1.4.0-SNAPSHOT.jar:?]
	at org.apache.hadoop.ipc.ProtobufRpcEngine$Server.processCall(ProtobufRpcEngine.java:484) [hadoop-common-3.3.5.jar:?]
	at org.apache.hadoop.ipc.ProtobufRpcEngine2$Server$ProtoBufRpcInvoker.call(ProtobufRpcEngine2.java:595) [hadoop-common-3.3.5.jar:?]
	at org.apache.hadoop.ipc.ProtobufRpcEngine2$Server$ProtoBufRpcInvoker.call(ProtobufRpcEngine2.java:573) [hadoop-common-3.3.5.jar:?]
	at org.apache.hadoop.ipc.RPC$Server.call(RPC.java:1213) [hadoop-common-3.3.5.jar:?]
	at org.apache.hadoop.ipc.Server$RpcCall.run(Server.java:1089) [hadoop-common-3.3.5.jar:?]
	at org.apache.hadoop.ipc.Server$RpcCall.run(Server.java:1012) [hadoop-common-3.3.5.jar:?]
	at java.security.AccessController.doPrivileged(Native Method) ~[?:1.8.0_362]
	at javax.security.auth.Subject.doAs(Subject.java:422) [?:1.8.0_362]
	at org.apache.hadoop.security.UserGroupInformation.doAs(UserGroupInformation.java:1899) [hadoop-common-3.3.5.jar:?]
	at org.apache.hadoop.ipc.Server$Handler.run(Server.java:3026) [hadoop-common-3.3.5.jar:?]
17:18:08.395 [IPC Server handler 16 on default port 38777] ERROR OMAudit - user=runner | ip=127.0.0.1 | op=GET_FILE_STATUS {volume=volume96178, bucket=bucket92903, key=dir1/dir2/key1, dataSize=0, replicationConfig=null} | ret=FAILURE
org.apache.hadoop.ozone.om.exceptions.OMException: Unable to get file status: volume: volume96178 bucket: bucket92903 key: dir1/dir2/key1
	at org.apache.hadoop.ozone.om.KeyManagerImpl.getOzoneFileStatus(KeyManagerImpl.java:1200) ~[ozone-manager-1.4.0-SNAPSHOT.jar:?]
	at org.apache.hadoop.ozone.om.KeyManagerImpl.getFileStatus(KeyManagerImpl.java:1118) ~[ozone-manager-1.4.0-SNAPSHOT.jar:?]
	at org.apache.hadoop.ozone.om.OmMetadataReader.getFileStatus(OmMetadataReader.java:288) ~[ozone-manager-1.4.0-SNAPSHOT.jar:?]
	at org.apache.hadoop.ozone.om.OzoneManager.getFileStatus(OzoneManager.java:3491) ~[ozone-manager-1.4.0-SNAPSHOT.jar:?]
	at org.apache.hadoop.ozone.protocolPB.OzoneManagerRequestHandler.getOzoneFileStatus(OzoneManagerRequestHandler.java:934) ~[ozone-manager-1.4.0-SNAPSHOT.jar:?]
	at org.apache.hadoop.ozone.protocolPB.OzoneManagerRequestHandler.handleReadRequest(OzoneManagerRequestHandler.java:238) ~[ozone-manager-1.4.0-SNAPSHOT.jar:?]
	at org.apache.hadoop.ozone.protocolPB.OzoneManagerProtocolServerSideTranslatorPB.submitRequestDirectlyToOM(OzoneManagerProtocolServerSideTranslatorPB.java:272) ~[ozone-manager-1.4.0-SNAPSHOT.jar:?]
	at org.apache.hadoop.ozone.protocolPB.OzoneManagerProtocolServerSideTranslatorPB.processRequest(OzoneManagerProtocolServerSideTranslatorPB.java:173) ~[ozone-manager-1.4.0-SNAPSHOT.jar:?]
	at org.apache.hadoop.hdds.server.OzoneProtocolMessageDispatcher.processRequest(OzoneProtocolMessageDispatcher.java:87) [hdds-server-framework-1.4.0-SNAPSHOT.jar:?]
	at org.apache.hadoop.ozone.protocolPB.OzoneManagerProtocolServerSideTranslatorPB.submitRequest(OzoneManagerProtocolServerSideTranslatorPB.java:147) [ozone-manager-1.4.0-SNAPSHOT.jar:?]
	at org.apache.hadoop.ozone.protocol.proto.OzoneManagerProtocolProtos$OzoneManagerService$2.callBlockingMethod(OzoneManagerProtocolProtos.java) [ozone-interface-client-1.4.0-SNAPSHOT.jar:?]
	at org.apache.hadoop.ipc.ProtobufRpcEngine$Server.processCall(ProtobufRpcEngine.java:484) [hadoop-common-3.3.5.jar:?]
	at org.apache.hadoop.ipc.ProtobufRpcEngine2$Server$ProtoBufRpcInvoker.call(ProtobufRpcEngine2.java:595) [hadoop-common-3.3.5.jar:?]
	at org.apache.hadoop.ipc.ProtobufRpcEngine2$Server$ProtoBufRpcInvoker.call(ProtobufRpcEngine2.java:573) [hadoop-common-3.3.5.jar:?]
	at org.apache.hadoop.ipc.RPC$Server.call(RPC.java:1213) [hadoop-common-3.3.5.jar:?]
	at org.apache.hadoop.ipc.Server$RpcCall.run(Server.java:1089) [hadoop-common-3.3.5.jar:?]
	at org.apache.hadoop.ipc.Server$RpcCall.run(Server.java:1012) [hadoop-common-3.3.5.jar:?]
	at java.security.AccessController.doPrivileged(Native Method) ~[?:1.8.0_362]
	at javax.security.auth.Subject.doAs(Subject.java:422) [?:1.8.0_362]
	at org.apache.hadoop.security.UserGroupInformation.doAs(UserGroupInformation.java:1899) [hadoop-common-3.3.5.jar:?]
	at org.apache.hadoop.ipc.Server$Handler.run(Server.java:3026) [hadoop-common-3.3.5.jar:?]
17:18:08.396 [IPC Server handler 18 on default port 38777] ERROR OMAudit - user=runner | ip=127.0.0.1 | op=GET_FILE_STATUS {volume=volume96178, bucket=bucket92903, key=user/runner/dir1, dataSize=0, replicationConfig=null} | ret=FAILURE
org.apache.hadoop.ozone.om.exceptions.OMException: Unable to get file status: volume: volume96178 bucket: bucket92903 key: user/runner/dir1
	at org.apache.hadoop.ozone.om.KeyManagerImpl.getOzoneFileStatus(KeyManagerImpl.java:1200) ~[ozone-manager-1.4.0-SNAPSHOT.jar:?]
	at org.apache.hadoop.ozone.om.KeyManagerImpl.getFileStatus(KeyManagerImpl.java:1118) ~[ozone-manager-1.4.0-SNAPSHOT.jar:?]
	at org.apache.hadoop.ozone.om.OmMetadataReader.getFileStatus(OmMetadataReader.java:288) ~[ozone-manager-1.4.0-SNAPSHOT.jar:?]
	at org.apache.hadoop.ozone.om.OzoneManager.getFileStatus(OzoneManager.java:3491) ~[ozone-manager-1.4.0-SNAPSHOT.jar:?]
	at org.apache.hadoop.ozone.protocolPB.OzoneManagerRequestHandler.getOzoneFileStatus(OzoneManagerRequestHandler.java:934) ~[ozone-manager-1.4.0-SNAPSHOT.jar:?]
	at org.apache.hadoop.ozone.protocolPB.OzoneManagerRequestHandler.handleReadRequest(OzoneManagerRequestHandler.java:238) ~[ozone-manager-1.4.0-SNAPSHOT.jar:?]
	at org.apache.hadoop.ozone.protocolPB.OzoneManagerProtocolServerSideTranslatorPB.submitRequestDirectlyToOM(OzoneManagerProtocolServerSideTranslatorPB.java:272) ~[ozone-manager-1.4.0-SNAPSHOT.jar:?]
	at org.apache.hadoop.ozone.protocolPB.OzoneManagerProtocolServerSideTranslatorPB.processRequest(OzoneManagerProtocolServerSideTranslatorPB.java:173) ~[ozone-manager-1.4.0-SNAPSHOT.jar:?]
	at org.apache.hadoop.hdds.server.OzoneProtocolMessageDispatcher.processRequest(OzoneProtocolMessageDispatcher.java:87) [hdds-server-framework-1.4.0-SNAPSHOT.jar:?]
	at org.apache.hadoop.ozone.protocolPB.OzoneManagerProtocolServerSideTranslatorPB.submitRequest(OzoneManagerProtocolServerSideTranslatorPB.java:147) [ozone-manager-1.4.0-SNAPSHOT.jar:?]
	at org.apache.hadoop.ozone.protocol.proto.OzoneManagerProtocolProtos$OzoneManagerService$2.callBlockingMethod(OzoneManagerProtocolProtos.java) [ozone-interface-client-1.4.0-SNAPSHOT.jar:?]
	at org.apache.hadoop.ipc.ProtobufRpcEngine$Server.processCall(ProtobufRpcEngine.java:484) [hadoop-common-3.3.5.jar:?]
	at org.apache.hadoop.ipc.ProtobufRpcEngine2$Server$ProtoBufRpcInvoker.call(ProtobufRpcEngine2.java:595) [hadoop-common-3.3.5.jar:?]
	at org.apache.hadoop.ipc.ProtobufRpcEngine2$Server$ProtoBufRpcInvoker.call(ProtobufRpcEngine2.java:573) [hadoop-common-3.3.5.jar:?]
	at org.apache.hadoop.ipc.RPC$Server.call(RPC.java:1213) [hadoop-common-3.3.5.jar:?]
	at org.apache.hadoop.ipc.Server$RpcCall.run(Server.java:1089) [hadoop-common-3.3.5.jar:?]
	at org.apache.hadoop.ipc.Server$RpcCall.run(Server.java:1012) [hadoop-common-3.3.5.jar:?]
	at java.security.AccessController.doPrivileged(Native Method) ~[?:1.8.0_362]
	at javax.security.auth.Subject.doAs(Subject.java:422) [?:1.8.0_362]
	at org.apache.hadoop.security.UserGroupInformation.doAs(UserGroupInformation.java:1899) [hadoop-common-3.3.5.jar:?]
	at org.apache.hadoop.ipc.Server$Handler.run(Server.java:3026) [hadoop-common-3.3.5.jar:?]
17:18:08.397 [IPC Server handler 14 on default port 38777] ERROR OMAudit - user=runner | ip=127.0.0.1 | op=GET_FILE_STATUS {volume=volume96178, bucket=bucket92903, key=user/runner/dir1/dir2, dataSize=0, replicationConfig=null} | ret=FAILURE
org.apache.hadoop.ozone.om.exceptions.OMException: Unable to get file status: volume: volume96178 bucket: bucket92903 key: user/runner/dir1/dir2
	at org.apache.hadoop.ozone.om.KeyManagerImpl.getOzoneFileStatus(KeyManagerImpl.java:1200) ~[ozone-manager-1.4.0-SNAPSHOT.jar:?]
	at org.apache.hadoop.ozone.om.KeyManagerImpl.getFileStatus(KeyManagerImpl.java:1118) ~[ozone-manager-1.4.0-SNAPSHOT.jar:?]
	at org.apache.hadoop.ozone.om.OmMetadataReader.getFileStatus(OmMetadataReader.java:288) ~[ozone-manager-1.4.0-SNAPSHOT.jar:?]
	at org.apache.hadoop.ozone.om.OzoneManager.getFileStatus(OzoneManager.java:3491) ~[ozone-manager-1.4.0-SNAPSHOT.jar:?]
	at org.apache.hadoop.ozone.protocolPB.OzoneManagerRequestHandler.getOzoneFileStatus(OzoneManagerRequestHandler.java:934) ~[ozone-manager-1.4.0-SNAPSHOT.jar:?]
	at org.apache.hadoop.ozone.protocolPB.OzoneManagerRequestHandler.handleReadRequest(OzoneManagerRequestHandler.java:238) ~[ozone-manager-1.4.0-SNAPSHOT.jar:?]
	at org.apache.hadoop.ozone.protocolPB.OzoneManagerProtocolServerSideTranslatorPB.submitRequestDirectlyToOM(OzoneManagerProtocolServerSideTranslatorPB.java:272) ~[ozone-manager-1.4.0-SNAPSHOT.jar:?]
	at org.apache.hadoop.ozone.protocolPB.OzoneManagerProtocolServerSideTranslatorPB.processRequest(OzoneManagerProtocolServerSideTranslatorPB.java:173) ~[ozone-manager-1.4.0-SNAPSHOT.jar:?]
	at org.apache.hadoop.hdds.server.OzoneProtocolMessageDispatcher.processRequest(OzoneProtocolMessageDispatcher.java:87) [hdds-server-framework-1.4.0-SNAPSHOT.jar:?]
	at org.apache.hadoop.ozone.protocolPB.OzoneManagerProtocolServerSideTranslatorPB.submitRequest(OzoneManagerProtocolServerSideTranslatorPB.java:147) [ozone-manager-1.4.0-SNAPSHOT.jar:?]
	at org.apache.hadoop.ozone.protocol.proto.OzoneManagerProtocolProtos$OzoneManagerService$2.callBlockingMethod(OzoneManagerProtocolProtos.java) [ozone-interface-client-1.4.0-SNAPSHOT.jar:?]
	at org.apache.hadoop.ipc.ProtobufRpcEngine$Server.processCall(ProtobufRpcEngine.java:484) [hadoop-common-3.3.5.jar:?]
	at org.apache.hadoop.ipc.ProtobufRpcEngine2$Server$ProtoBufRpcInvoker.call(ProtobufRpcEngine2.java:595) [hadoop-common-3.3.5.jar:?]
	at org.apache.hadoop.ipc.ProtobufRpcEngine2$Server$ProtoBufRpcInvoker.call(ProtobufRpcEngine2.java:573) [hadoop-common-3.3.5.jar:?]
	at org.apache.hadoop.ipc.RPC$Server.call(RPC.java:1213) [hadoop-common-3.3.5.jar:?]
	at org.apache.hadoop.ipc.Server$RpcCall.run(Server.java:1089) [hadoop-common-3.3.5.jar:?]
	at org.apache.hadoop.ipc.Server$RpcCall.run(Server.java:1012) [hadoop-common-3.3.5.jar:?]
	at java.security.AccessController.doPrivileged(Native Method) ~[?:1.8.0_362]
	at javax.security.auth.Subject.doAs(Subject.java:422) [?:1.8.0_362]
	at org.apache.hadoop.security.UserGroupInformation.doAs(UserGroupInformation.java:1899) [hadoop-common-3.3.5.jar:?]
	at org.apache.hadoop.ipc.Server$Handler.run(Server.java:3026) [hadoop-common-3.3.5.jar:?]
]]></system-out>
  </testcase>
  <testcase name="testRenameContainDelimiterFile" classname="TestOzoneFileSystem" time="0.023">
    <system-out><![CDATA[2023-04-11 17:18:59,429 [OM StateMachine ApplyTransaction Thread - 0] INFO  key.OMKeyRequest (OMKeyRequest.java:wrapUncommittedBlocksAsPseudoKey(838)) - Detect allocated but uncommitted blocks [{blockID={containerID=6, localID=111677748019200038}, length=4194304, offset=0, token=null, pipeline=null, createVersion=0, partNumber=0}] in key dir1/dir2/key1.
17:18:59.430 [IPC Server handler 11 on default port 45623] ERROR OMAudit - user=runner | ip=127.0.0.1 | op=GET_FILE_STATUS {volume=volume95537, bucket=bucket59866, key=dir1/dir2/key2, dataSize=0, replicationConfig=null} | ret=FAILURE
org.apache.hadoop.ozone.om.exceptions.OMException: Unable to get file status: volume: volume95537 bucket: bucket59866 key: dir1/dir2/key2
	at org.apache.hadoop.ozone.om.KeyManagerImpl.getOzoneFileStatus(KeyManagerImpl.java:1200) ~[ozone-manager-1.4.0-SNAPSHOT.jar:?]
	at org.apache.hadoop.ozone.om.KeyManagerImpl.getFileStatus(KeyManagerImpl.java:1118) ~[ozone-manager-1.4.0-SNAPSHOT.jar:?]
	at org.apache.hadoop.ozone.om.OmMetadataReader.getFileStatus(OmMetadataReader.java:288) ~[ozone-manager-1.4.0-SNAPSHOT.jar:?]
	at org.apache.hadoop.ozone.om.OzoneManager.getFileStatus(OzoneManager.java:3491) ~[ozone-manager-1.4.0-SNAPSHOT.jar:?]
	at org.apache.hadoop.ozone.protocolPB.OzoneManagerRequestHandler.getOzoneFileStatus(OzoneManagerRequestHandler.java:934) ~[ozone-manager-1.4.0-SNAPSHOT.jar:?]
	at org.apache.hadoop.ozone.protocolPB.OzoneManagerRequestHandler.handleReadRequest(OzoneManagerRequestHandler.java:238) ~[ozone-manager-1.4.0-SNAPSHOT.jar:?]
	at org.apache.hadoop.ozone.protocolPB.OzoneManagerProtocolServerSideTranslatorPB.submitReadRequestToOM(OzoneManagerProtocolServerSideTranslatorPB.java:223) ~[ozone-manager-1.4.0-SNAPSHOT.jar:?]
	at org.apache.hadoop.ozone.protocolPB.OzoneManagerProtocolServerSideTranslatorPB.processRequest(OzoneManagerProtocolServerSideTranslatorPB.java:177) ~[ozone-manager-1.4.0-SNAPSHOT.jar:?]
	at org.apache.hadoop.hdds.server.OzoneProtocolMessageDispatcher.processRequest(OzoneProtocolMessageDispatcher.java:87) [hdds-server-framework-1.4.0-SNAPSHOT.jar:?]
	at org.apache.hadoop.ozone.protocolPB.OzoneManagerProtocolServerSideTranslatorPB.submitRequest(OzoneManagerProtocolServerSideTranslatorPB.java:147) [ozone-manager-1.4.0-SNAPSHOT.jar:?]
	at org.apache.hadoop.ozone.protocol.proto.OzoneManagerProtocolProtos$OzoneManagerService$2.callBlockingMethod(OzoneManagerProtocolProtos.java) [ozone-interface-client-1.4.0-SNAPSHOT.jar:?]
	at org.apache.hadoop.ipc.ProtobufRpcEngine$Server.processCall(ProtobufRpcEngine.java:484) [hadoop-common-3.3.5.jar:?]
	at org.apache.hadoop.ipc.ProtobufRpcEngine2$Server$ProtoBufRpcInvoker.call(ProtobufRpcEngine2.java:595) [hadoop-common-3.3.5.jar:?]
	at org.apache.hadoop.ipc.ProtobufRpcEngine2$Server$ProtoBufRpcInvoker.call(ProtobufRpcEngine2.java:573) [hadoop-common-3.3.5.jar:?]
	at org.apache.hadoop.ipc.RPC$Server.call(RPC.java:1213) [hadoop-common-3.3.5.jar:?]
	at org.apache.hadoop.ipc.Server$RpcCall.run(Server.java:1089) [hadoop-common-3.3.5.jar:?]
	at org.apache.hadoop.ipc.Server$RpcCall.run(Server.java:1012) [hadoop-common-3.3.5.jar:?]
	at java.security.AccessController.doPrivileged(Native Method) ~[?:1.8.0_362]
	at javax.security.auth.Subject.doAs(Subject.java:422) [?:1.8.0_362]
	at org.apache.hadoop.security.UserGroupInformation.doAs(UserGroupInformation.java:1899) [hadoop-common-3.3.5.jar:?]
	at org.apache.hadoop.ipc.Server$Handler.run(Server.java:3026) [hadoop-common-3.3.5.jar:?]
17:18:59.434 [IPC Server handler 9 on default port 45623] ERROR OMAudit - user=runner | ip=127.0.0.1 | op=GET_FILE_STATUS {volume=volume95537, bucket=bucket59866, key=dir1/dir2/key1, dataSize=0, replicationConfig=null} | ret=FAILURE
org.apache.hadoop.ozone.om.exceptions.OMException: Unable to get file status: volume: volume95537 bucket: bucket59866 key: dir1/dir2/key1
	at org.apache.hadoop.ozone.om.KeyManagerImpl.getOzoneFileStatus(KeyManagerImpl.java:1200) ~[ozone-manager-1.4.0-SNAPSHOT.jar:?]
	at org.apache.hadoop.ozone.om.KeyManagerImpl.getFileStatus(KeyManagerImpl.java:1118) ~[ozone-manager-1.4.0-SNAPSHOT.jar:?]
	at org.apache.hadoop.ozone.om.OmMetadataReader.getFileStatus(OmMetadataReader.java:288) ~[ozone-manager-1.4.0-SNAPSHOT.jar:?]
	at org.apache.hadoop.ozone.om.OzoneManager.getFileStatus(OzoneManager.java:3491) ~[ozone-manager-1.4.0-SNAPSHOT.jar:?]
	at org.apache.hadoop.ozone.protocolPB.OzoneManagerRequestHandler.getOzoneFileStatus(OzoneManagerRequestHandler.java:934) ~[ozone-manager-1.4.0-SNAPSHOT.jar:?]
	at org.apache.hadoop.ozone.protocolPB.OzoneManagerRequestHandler.handleReadRequest(OzoneManagerRequestHandler.java:238) ~[ozone-manager-1.4.0-SNAPSHOT.jar:?]
	at org.apache.hadoop.ozone.protocolPB.OzoneManagerProtocolServerSideTranslatorPB.submitReadRequestToOM(OzoneManagerProtocolServerSideTranslatorPB.java:223) ~[ozone-manager-1.4.0-SNAPSHOT.jar:?]
	at org.apache.hadoop.ozone.protocolPB.OzoneManagerProtocolServerSideTranslatorPB.processRequest(OzoneManagerProtocolServerSideTranslatorPB.java:177) ~[ozone-manager-1.4.0-SNAPSHOT.jar:?]
	at org.apache.hadoop.hdds.server.OzoneProtocolMessageDispatcher.processRequest(OzoneProtocolMessageDispatcher.java:87) [hdds-server-framework-1.4.0-SNAPSHOT.jar:?]
	at org.apache.hadoop.ozone.protocolPB.OzoneManagerProtocolServerSideTranslatorPB.submitRequest(OzoneManagerProtocolServerSideTranslatorPB.java:147) [ozone-manager-1.4.0-SNAPSHOT.jar:?]
	at org.apache.hadoop.ozone.protocol.proto.OzoneManagerProtocolProtos$OzoneManagerService$2.callBlockingMethod(OzoneManagerProtocolProtos.java) [ozone-interface-client-1.4.0-SNAPSHOT.jar:?]
	at org.apache.hadoop.ipc.ProtobufRpcEngine$Server.processCall(ProtobufRpcEngine.java:484) [hadoop-common-3.3.5.jar:?]
	at org.apache.hadoop.ipc.ProtobufRpcEngine2$Server$ProtoBufRpcInvoker.call(ProtobufRpcEngine2.java:595) [hadoop-common-3.3.5.jar:?]
	at org.apache.hadoop.ipc.ProtobufRpcEngine2$Server$ProtoBufRpcInvoker.call(ProtobufRpcEngine2.java:573) [hadoop-common-3.3.5.jar:?]
	at org.apache.hadoop.ipc.RPC$Server.call(RPC.java:1213) [hadoop-common-3.3.5.jar:?]
	at org.apache.hadoop.ipc.Server$RpcCall.run(Server.java:1089) [hadoop-common-3.3.5.jar:?]
	at org.apache.hadoop.ipc.Server$RpcCall.run(Server.java:1012) [hadoop-common-3.3.5.jar:?]
	at java.security.AccessController.doPrivileged(Native Method) ~[?:1.8.0_362]
	at javax.security.auth.Subject.doAs(Subject.java:422) [?:1.8.0_362]
	at org.apache.hadoop.security.UserGroupInformation.doAs(UserGroupInformation.java:1899) [hadoop-common-3.3.5.jar:?]
	at org.apache.hadoop.ipc.Server$Handler.run(Server.java:3026) [hadoop-common-3.3.5.jar:?]
17:18:59.435 [IPC Server handler 5 on default port 45623] ERROR OMAudit - user=runner | ip=127.0.0.1 | op=GET_FILE_STATUS {volume=volume95537, bucket=bucket59866, key=user/runner/dir1, dataSize=0, replicationConfig=null} | ret=FAILURE
org.apache.hadoop.ozone.om.exceptions.OMException: Unable to get file status: volume: volume95537 bucket: bucket59866 key: user/runner/dir1
	at org.apache.hadoop.ozone.om.KeyManagerImpl.getOzoneFileStatus(KeyManagerImpl.java:1200) ~[ozone-manager-1.4.0-SNAPSHOT.jar:?]
	at org.apache.hadoop.ozone.om.KeyManagerImpl.getFileStatus(KeyManagerImpl.java:1118) ~[ozone-manager-1.4.0-SNAPSHOT.jar:?]
	at org.apache.hadoop.ozone.om.OmMetadataReader.getFileStatus(OmMetadataReader.java:288) ~[ozone-manager-1.4.0-SNAPSHOT.jar:?]
	at org.apache.hadoop.ozone.om.OzoneManager.getFileStatus(OzoneManager.java:3491) ~[ozone-manager-1.4.0-SNAPSHOT.jar:?]
	at org.apache.hadoop.ozone.protocolPB.OzoneManagerRequestHandler.getOzoneFileStatus(OzoneManagerRequestHandler.java:934) ~[ozone-manager-1.4.0-SNAPSHOT.jar:?]
	at org.apache.hadoop.ozone.protocolPB.OzoneManagerRequestHandler.handleReadRequest(OzoneManagerRequestHandler.java:238) ~[ozone-manager-1.4.0-SNAPSHOT.jar:?]
	at org.apache.hadoop.ozone.protocolPB.OzoneManagerProtocolServerSideTranslatorPB.submitReadRequestToOM(OzoneManagerProtocolServerSideTranslatorPB.java:223) ~[ozone-manager-1.4.0-SNAPSHOT.jar:?]
	at org.apache.hadoop.ozone.protocolPB.OzoneManagerProtocolServerSideTranslatorPB.processRequest(OzoneManagerProtocolServerSideTranslatorPB.java:177) ~[ozone-manager-1.4.0-SNAPSHOT.jar:?]
	at org.apache.hadoop.hdds.server.OzoneProtocolMessageDispatcher.processRequest(OzoneProtocolMessageDispatcher.java:87) [hdds-server-framework-1.4.0-SNAPSHOT.jar:?]
	at org.apache.hadoop.ozone.protocolPB.OzoneManagerProtocolServerSideTranslatorPB.submitRequest(OzoneManagerProtocolServerSideTranslatorPB.java:147) [ozone-manager-1.4.0-SNAPSHOT.jar:?]
	at org.apache.hadoop.ozone.protocol.proto.OzoneManagerProtocolProtos$OzoneManagerService$2.callBlockingMethod(OzoneManagerProtocolProtos.java) [ozone-interface-client-1.4.0-SNAPSHOT.jar:?]
	at org.apache.hadoop.ipc.ProtobufRpcEngine$Server.processCall(ProtobufRpcEngine.java:484) [hadoop-common-3.3.5.jar:?]
	at org.apache.hadoop.ipc.ProtobufRpcEngine2$Server$ProtoBufRpcInvoker.call(ProtobufRpcEngine2.java:595) [hadoop-common-3.3.5.jar:?]
	at org.apache.hadoop.ipc.ProtobufRpcEngine2$Server$ProtoBufRpcInvoker.call(ProtobufRpcEngine2.java:573) [hadoop-common-3.3.5.jar:?]
	at org.apache.hadoop.ipc.RPC$Server.call(RPC.java:1213) [hadoop-common-3.3.5.jar:?]
	at org.apache.hadoop.ipc.Server$RpcCall.run(Server.java:1089) [hadoop-common-3.3.5.jar:?]
	at org.apache.hadoop.ipc.Server$RpcCall.run(Server.java:1012) [hadoop-common-3.3.5.jar:?]
	at java.security.AccessController.doPrivileged(Native Method) ~[?:1.8.0_362]
	at javax.security.auth.Subject.doAs(Subject.java:422) [?:1.8.0_362]
	at org.apache.hadoop.security.UserGroupInformation.doAs(UserGroupInformation.java:1899) [hadoop-common-3.3.5.jar:?]
	at org.apache.hadoop.ipc.Server$Handler.run(Server.java:3026) [hadoop-common-3.3.5.jar:?]
17:18:59.436 [IPC Server handler 4 on default port 45623] ERROR OMAudit - user=runner | ip=127.0.0.1 | op=GET_FILE_STATUS {volume=volume95537, bucket=bucket59866, key=user/runner/dir1/dir2, dataSize=0, replicationConfig=null} | ret=FAILURE
org.apache.hadoop.ozone.om.exceptions.OMException: Unable to get file status: volume: volume95537 bucket: bucket59866 key: user/runner/dir1/dir2
	at org.apache.hadoop.ozone.om.KeyManagerImpl.getOzoneFileStatus(KeyManagerImpl.java:1200) ~[ozone-manager-1.4.0-SNAPSHOT.jar:?]
	at org.apache.hadoop.ozone.om.KeyManagerImpl.getFileStatus(KeyManagerImpl.java:1118) ~[ozone-manager-1.4.0-SNAPSHOT.jar:?]
	at org.apache.hadoop.ozone.om.OmMetadataReader.getFileStatus(OmMetadataReader.java:288) ~[ozone-manager-1.4.0-SNAPSHOT.jar:?]
	at org.apache.hadoop.ozone.om.OzoneManager.getFileStatus(OzoneManager.java:3491) ~[ozone-manager-1.4.0-SNAPSHOT.jar:?]
	at org.apache.hadoop.ozone.protocolPB.OzoneManagerRequestHandler.getOzoneFileStatus(OzoneManagerRequestHandler.java:934) ~[ozone-manager-1.4.0-SNAPSHOT.jar:?]
	at org.apache.hadoop.ozone.protocolPB.OzoneManagerRequestHandler.handleReadRequest(OzoneManagerRequestHandler.java:238) ~[ozone-manager-1.4.0-SNAPSHOT.jar:?]
	at org.apache.hadoop.ozone.protocolPB.OzoneManagerProtocolServerSideTranslatorPB.submitReadRequestToOM(OzoneManagerProtocolServerSideTranslatorPB.java:223) ~[ozone-manager-1.4.0-SNAPSHOT.jar:?]
	at org.apache.hadoop.ozone.protocolPB.OzoneManagerProtocolServerSideTranslatorPB.processRequest(OzoneManagerProtocolServerSideTranslatorPB.java:177) ~[ozone-manager-1.4.0-SNAPSHOT.jar:?]
	at org.apache.hadoop.hdds.server.OzoneProtocolMessageDispatcher.processRequest(OzoneProtocolMessageDispatcher.java:87) [hdds-server-framework-1.4.0-SNAPSHOT.jar:?]
	at org.apache.hadoop.ozone.protocolPB.OzoneManagerProtocolServerSideTranslatorPB.submitRequest(OzoneManagerProtocolServerSideTranslatorPB.java:147) [ozone-manager-1.4.0-SNAPSHOT.jar:?]
	at org.apache.hadoop.ozone.protocol.proto.OzoneManagerProtocolProtos$OzoneManagerService$2.callBlockingMethod(OzoneManagerProtocolProtos.java) [ozone-interface-client-1.4.0-SNAPSHOT.jar:?]
	at org.apache.hadoop.ipc.ProtobufRpcEngine$Server.processCall(ProtobufRpcEngine.java:484) [hadoop-common-3.3.5.jar:?]
	at org.apache.hadoop.ipc.ProtobufRpcEngine2$Server$ProtoBufRpcInvoker.call(ProtobufRpcEngine2.java:595) [hadoop-common-3.3.5.jar:?]
	at org.apache.hadoop.ipc.ProtobufRpcEngine2$Server$ProtoBufRpcInvoker.call(ProtobufRpcEngine2.java:573) [hadoop-common-3.3.5.jar:?]
	at org.apache.hadoop.ipc.RPC$Server.call(RPC.java:1213) [hadoop-common-3.3.5.jar:?]
	at org.apache.hadoop.ipc.Server$RpcCall.run(Server.java:1089) [hadoop-common-3.3.5.jar:?]
	at org.apache.hadoop.ipc.Server$RpcCall.run(Server.java:1012) [hadoop-common-3.3.5.jar:?]
	at java.security.AccessController.doPrivileged(Native Method) ~[?:1.8.0_362]
	at javax.security.auth.Subject.doAs(Subject.java:422) [?:1.8.0_362]
	at org.apache.hadoop.security.UserGroupInformation.doAs(UserGroupInformation.java:1899) [hadoop-common-3.3.5.jar:?]
	at org.apache.hadoop.ipc.Server$Handler.run(Server.java:3026) [hadoop-common-3.3.5.jar:?]
]]></system-out>
  </testcase>
  <testcase name="testRenameContainDelimiterFile" classname="TestOzoneFileSystem" time="0.012">
    <system-out><![CDATA[2023-04-11 17:19:59,395 [IPC Server handler 3 on default port 37689] INFO  key.OMKeyRequest (OMKeyRequest.java:wrapUncommittedBlocksAsPseudoKey(838)) - Detect allocated but uncommitted blocks [{blockID={containerID=6, localID=111677748019200038}, length=4194304, offset=0, token=null, pipeline=null, createVersion=0, partNumber=0}] in key dir1/dir2/key1.
17:19:59.396 [IPC Server handler 11 on default port 37689] ERROR OMAudit - user=runner | ip=127.0.0.1 | op=GET_FILE_STATUS {volume=volume96095, bucket=bucket29928, key=dir1/dir2/key2, dataSize=0, replicationConfig=null} | ret=FAILURE
org.apache.hadoop.ozone.om.exceptions.OMException: Unable to get file status: volume: volume96095 bucket: bucket29928 key: dir1/dir2/key2
	at org.apache.hadoop.ozone.om.KeyManagerImpl.getOzoneFileStatus(KeyManagerImpl.java:1200) ~[ozone-manager-1.4.0-SNAPSHOT.jar:?]
	at org.apache.hadoop.ozone.om.KeyManagerImpl.getFileStatus(KeyManagerImpl.java:1118) ~[ozone-manager-1.4.0-SNAPSHOT.jar:?]
	at org.apache.hadoop.ozone.om.OmMetadataReader.getFileStatus(OmMetadataReader.java:288) ~[ozone-manager-1.4.0-SNAPSHOT.jar:?]
	at org.apache.hadoop.ozone.om.OzoneManager.getFileStatus(OzoneManager.java:3491) ~[ozone-manager-1.4.0-SNAPSHOT.jar:?]
	at org.apache.hadoop.ozone.protocolPB.OzoneManagerRequestHandler.getOzoneFileStatus(OzoneManagerRequestHandler.java:934) ~[ozone-manager-1.4.0-SNAPSHOT.jar:?]
	at org.apache.hadoop.ozone.protocolPB.OzoneManagerRequestHandler.handleReadRequest(OzoneManagerRequestHandler.java:238) ~[ozone-manager-1.4.0-SNAPSHOT.jar:?]
	at org.apache.hadoop.ozone.protocolPB.OzoneManagerProtocolServerSideTranslatorPB.submitRequestDirectlyToOM(OzoneManagerProtocolServerSideTranslatorPB.java:272) ~[ozone-manager-1.4.0-SNAPSHOT.jar:?]
	at org.apache.hadoop.ozone.protocolPB.OzoneManagerProtocolServerSideTranslatorPB.processRequest(OzoneManagerProtocolServerSideTranslatorPB.java:173) ~[ozone-manager-1.4.0-SNAPSHOT.jar:?]
	at org.apache.hadoop.hdds.server.OzoneProtocolMessageDispatcher.processRequest(OzoneProtocolMessageDispatcher.java:87) [hdds-server-framework-1.4.0-SNAPSHOT.jar:?]
	at org.apache.hadoop.ozone.protocolPB.OzoneManagerProtocolServerSideTranslatorPB.submitRequest(OzoneManagerProtocolServerSideTranslatorPB.java:147) [ozone-manager-1.4.0-SNAPSHOT.jar:?]
	at org.apache.hadoop.ozone.protocol.proto.OzoneManagerProtocolProtos$OzoneManagerService$2.callBlockingMethod(OzoneManagerProtocolProtos.java) [ozone-interface-client-1.4.0-SNAPSHOT.jar:?]
	at org.apache.hadoop.ipc.ProtobufRpcEngine$Server.processCall(ProtobufRpcEngine.java:484) [hadoop-common-3.3.5.jar:?]
	at org.apache.hadoop.ipc.ProtobufRpcEngine2$Server$ProtoBufRpcInvoker.call(ProtobufRpcEngine2.java:595) [hadoop-common-3.3.5.jar:?]
	at org.apache.hadoop.ipc.ProtobufRpcEngine2$Server$ProtoBufRpcInvoker.call(ProtobufRpcEngine2.java:573) [hadoop-common-3.3.5.jar:?]
	at org.apache.hadoop.ipc.RPC$Server.call(RPC.java:1213) [hadoop-common-3.3.5.jar:?]
	at org.apache.hadoop.ipc.Server$RpcCall.run(Server.java:1089) [hadoop-common-3.3.5.jar:?]
	at org.apache.hadoop.ipc.Server$RpcCall.run(Server.java:1012) [hadoop-common-3.3.5.jar:?]
	at java.security.AccessController.doPrivileged(Native Method) ~[?:1.8.0_362]
	at javax.security.auth.Subject.doAs(Subject.java:422) [?:1.8.0_362]
	at org.apache.hadoop.security.UserGroupInformation.doAs(UserGroupInformation.java:1899) [hadoop-common-3.3.5.jar:?]
	at org.apache.hadoop.ipc.Server$Handler.run(Server.java:3026) [hadoop-common-3.3.5.jar:?]
17:19:59.399 [IPC Server handler 5 on default port 37689] ERROR OMAudit - user=runner | ip=127.0.0.1 | op=GET_FILE_STATUS {volume=volume96095, bucket=bucket29928, key=dir1/dir2/key1, dataSize=0, replicationConfig=null} | ret=FAILURE
org.apache.hadoop.ozone.om.exceptions.OMException: Unable to get file status: volume: volume96095 bucket: bucket29928 key: dir1/dir2/key1
	at org.apache.hadoop.ozone.om.KeyManagerImpl.getOzoneFileStatus(KeyManagerImpl.java:1200) ~[ozone-manager-1.4.0-SNAPSHOT.jar:?]
	at org.apache.hadoop.ozone.om.KeyManagerImpl.getFileStatus(KeyManagerImpl.java:1118) ~[ozone-manager-1.4.0-SNAPSHOT.jar:?]
	at org.apache.hadoop.ozone.om.OmMetadataReader.getFileStatus(OmMetadataReader.java:288) ~[ozone-manager-1.4.0-SNAPSHOT.jar:?]
	at org.apache.hadoop.ozone.om.OzoneManager.getFileStatus(OzoneManager.java:3491) ~[ozone-manager-1.4.0-SNAPSHOT.jar:?]
	at org.apache.hadoop.ozone.protocolPB.OzoneManagerRequestHandler.getOzoneFileStatus(OzoneManagerRequestHandler.java:934) ~[ozone-manager-1.4.0-SNAPSHOT.jar:?]
	at org.apache.hadoop.ozone.protocolPB.OzoneManagerRequestHandler.handleReadRequest(OzoneManagerRequestHandler.java:238) ~[ozone-manager-1.4.0-SNAPSHOT.jar:?]
	at org.apache.hadoop.ozone.protocolPB.OzoneManagerProtocolServerSideTranslatorPB.submitRequestDirectlyToOM(OzoneManagerProtocolServerSideTranslatorPB.java:272) ~[ozone-manager-1.4.0-SNAPSHOT.jar:?]
	at org.apache.hadoop.ozone.protocolPB.OzoneManagerProtocolServerSideTranslatorPB.processRequest(OzoneManagerProtocolServerSideTranslatorPB.java:173) ~[ozone-manager-1.4.0-SNAPSHOT.jar:?]
	at org.apache.hadoop.hdds.server.OzoneProtocolMessageDispatcher.processRequest(OzoneProtocolMessageDispatcher.java:87) [hdds-server-framework-1.4.0-SNAPSHOT.jar:?]
	at org.apache.hadoop.ozone.protocolPB.OzoneManagerProtocolServerSideTranslatorPB.submitRequest(OzoneManagerProtocolServerSideTranslatorPB.java:147) [ozone-manager-1.4.0-SNAPSHOT.jar:?]
	at org.apache.hadoop.ozone.protocol.proto.OzoneManagerProtocolProtos$OzoneManagerService$2.callBlockingMethod(OzoneManagerProtocolProtos.java) [ozone-interface-client-1.4.0-SNAPSHOT.jar:?]
	at org.apache.hadoop.ipc.ProtobufRpcEngine$Server.processCall(ProtobufRpcEngine.java:484) [hadoop-common-3.3.5.jar:?]
	at org.apache.hadoop.ipc.ProtobufRpcEngine2$Server$ProtoBufRpcInvoker.call(ProtobufRpcEngine2.java:595) [hadoop-common-3.3.5.jar:?]
	at org.apache.hadoop.ipc.ProtobufRpcEngine2$Server$ProtoBufRpcInvoker.call(ProtobufRpcEngine2.java:573) [hadoop-common-3.3.5.jar:?]
	at org.apache.hadoop.ipc.RPC$Server.call(RPC.java:1213) [hadoop-common-3.3.5.jar:?]
	at org.apache.hadoop.ipc.Server$RpcCall.run(Server.java:1089) [hadoop-common-3.3.5.jar:?]
	at org.apache.hadoop.ipc.Server$RpcCall.run(Server.java:1012) [hadoop-common-3.3.5.jar:?]
	at java.security.AccessController.doPrivileged(Native Method) ~[?:1.8.0_362]
	at javax.security.auth.Subject.doAs(Subject.java:422) [?:1.8.0_362]
	at org.apache.hadoop.security.UserGroupInformation.doAs(UserGroupInformation.java:1899) [hadoop-common-3.3.5.jar:?]
	at org.apache.hadoop.ipc.Server$Handler.run(Server.java:3026) [hadoop-common-3.3.5.jar:?]
17:19:59.400 [IPC Server handler 15 on default port 37689] ERROR OMAudit - user=runner | ip=127.0.0.1 | op=GET_FILE_STATUS {volume=volume96095, bucket=bucket29928, key=user/runner/dir1, dataSize=0, replicationConfig=null} | ret=FAILURE
org.apache.hadoop.ozone.om.exceptions.OMException: Unable to get file status: volume: volume96095 bucket: bucket29928 key: user/runner/dir1
	at org.apache.hadoop.ozone.om.KeyManagerImpl.getOzoneFileStatus(KeyManagerImpl.java:1200) ~[ozone-manager-1.4.0-SNAPSHOT.jar:?]
	at org.apache.hadoop.ozone.om.KeyManagerImpl.getFileStatus(KeyManagerImpl.java:1118) ~[ozone-manager-1.4.0-SNAPSHOT.jar:?]
	at org.apache.hadoop.ozone.om.OmMetadataReader.getFileStatus(OmMetadataReader.java:288) ~[ozone-manager-1.4.0-SNAPSHOT.jar:?]
	at org.apache.hadoop.ozone.om.OzoneManager.getFileStatus(OzoneManager.java:3491) ~[ozone-manager-1.4.0-SNAPSHOT.jar:?]
	at org.apache.hadoop.ozone.protocolPB.OzoneManagerRequestHandler.getOzoneFileStatus(OzoneManagerRequestHandler.java:934) ~[ozone-manager-1.4.0-SNAPSHOT.jar:?]
	at org.apache.hadoop.ozone.protocolPB.OzoneManagerRequestHandler.handleReadRequest(OzoneManagerRequestHandler.java:238) ~[ozone-manager-1.4.0-SNAPSHOT.jar:?]
	at org.apache.hadoop.ozone.protocolPB.OzoneManagerProtocolServerSideTranslatorPB.submitRequestDirectlyToOM(OzoneManagerProtocolServerSideTranslatorPB.java:272) ~[ozone-manager-1.4.0-SNAPSHOT.jar:?]
	at org.apache.hadoop.ozone.protocolPB.OzoneManagerProtocolServerSideTranslatorPB.processRequest(OzoneManagerProtocolServerSideTranslatorPB.java:173) ~[ozone-manager-1.4.0-SNAPSHOT.jar:?]
	at org.apache.hadoop.hdds.server.OzoneProtocolMessageDispatcher.processRequest(OzoneProtocolMessageDispatcher.java:87) [hdds-server-framework-1.4.0-SNAPSHOT.jar:?]
	at org.apache.hadoop.ozone.protocolPB.OzoneManagerProtocolServerSideTranslatorPB.submitRequest(OzoneManagerProtocolServerSideTranslatorPB.java:147) [ozone-manager-1.4.0-SNAPSHOT.jar:?]
	at org.apache.hadoop.ozone.protocol.proto.OzoneManagerProtocolProtos$OzoneManagerService$2.callBlockingMethod(OzoneManagerProtocolProtos.java) [ozone-interface-client-1.4.0-SNAPSHOT.jar:?]
	at org.apache.hadoop.ipc.ProtobufRpcEngine$Server.processCall(ProtobufRpcEngine.java:484) [hadoop-common-3.3.5.jar:?]
	at org.apache.hadoop.ipc.ProtobufRpcEngine2$Server$ProtoBufRpcInvoker.call(ProtobufRpcEngine2.java:595) [hadoop-common-3.3.5.jar:?]
	at org.apache.hadoop.ipc.ProtobufRpcEngine2$Server$ProtoBufRpcInvoker.call(ProtobufRpcEngine2.java:573) [hadoop-common-3.3.5.jar:?]
	at org.apache.hadoop.ipc.RPC$Server.call(RPC.java:1213) [hadoop-common-3.3.5.jar:?]
	at org.apache.hadoop.ipc.Server$RpcCall.run(Server.java:1089) [hadoop-common-3.3.5.jar:?]
	at org.apache.hadoop.ipc.Server$RpcCall.run(Server.java:1012) [hadoop-common-3.3.5.jar:?]
	at java.security.AccessController.doPrivileged(Native Method) ~[?:1.8.0_362]
	at javax.security.auth.Subject.doAs(Subject.java:422) [?:1.8.0_362]
	at org.apache.hadoop.security.UserGroupInformation.doAs(UserGroupInformation.java:1899) [hadoop-common-3.3.5.jar:?]
	at org.apache.hadoop.ipc.Server$Handler.run(Server.java:3026) [hadoop-common-3.3.5.jar:?]
17:19:59.400 [IPC Server handler 16 on default port 37689] ERROR OMAudit - user=runner | ip=127.0.0.1 | op=GET_FILE_STATUS {volume=volume96095, bucket=bucket29928, key=user/runner/dir1/dir2, dataSize=0, replicationConfig=null} | ret=FAILURE
org.apache.hadoop.ozone.om.exceptions.OMException: Unable to get file status: volume: volume96095 bucket: bucket29928 key: user/runner/dir1/dir2
	at org.apache.hadoop.ozone.om.KeyManagerImpl.getOzoneFileStatus(KeyManagerImpl.java:1200) ~[ozone-manager-1.4.0-SNAPSHOT.jar:?]
	at org.apache.hadoop.ozone.om.KeyManagerImpl.getFileStatus(KeyManagerImpl.java:1118) ~[ozone-manager-1.4.0-SNAPSHOT.jar:?]
	at org.apache.hadoop.ozone.om.OmMetadataReader.getFileStatus(OmMetadataReader.java:288) ~[ozone-manager-1.4.0-SNAPSHOT.jar:?]
	at org.apache.hadoop.ozone.om.OzoneManager.getFileStatus(OzoneManager.java:3491) ~[ozone-manager-1.4.0-SNAPSHOT.jar:?]
	at org.apache.hadoop.ozone.protocolPB.OzoneManagerRequestHandler.getOzoneFileStatus(OzoneManagerRequestHandler.java:934) ~[ozone-manager-1.4.0-SNAPSHOT.jar:?]
	at org.apache.hadoop.ozone.protocolPB.OzoneManagerRequestHandler.handleReadRequest(OzoneManagerRequestHandler.java:238) ~[ozone-manager-1.4.0-SNAPSHOT.jar:?]
	at org.apache.hadoop.ozone.protocolPB.OzoneManagerProtocolServerSideTranslatorPB.submitRequestDirectlyToOM(OzoneManagerProtocolServerSideTranslatorPB.java:272) ~[ozone-manager-1.4.0-SNAPSHOT.jar:?]
	at org.apache.hadoop.ozone.protocolPB.OzoneManagerProtocolServerSideTranslatorPB.processRequest(OzoneManagerProtocolServerSideTranslatorPB.java:173) ~[ozone-manager-1.4.0-SNAPSHOT.jar:?]
	at org.apache.hadoop.hdds.server.OzoneProtocolMessageDispatcher.processRequest(OzoneProtocolMessageDispatcher.java:87) [hdds-server-framework-1.4.0-SNAPSHOT.jar:?]
	at org.apache.hadoop.ozone.protocolPB.OzoneManagerProtocolServerSideTranslatorPB.submitRequest(OzoneManagerProtocolServerSideTranslatorPB.java:147) [ozone-manager-1.4.0-SNAPSHOT.jar:?]
	at org.apache.hadoop.ozone.protocol.proto.OzoneManagerProtocolProtos$OzoneManagerService$2.callBlockingMethod(OzoneManagerProtocolProtos.java) [ozone-interface-client-1.4.0-SNAPSHOT.jar:?]
	at org.apache.hadoop.ipc.ProtobufRpcEngine$Server.processCall(ProtobufRpcEngine.java:484) [hadoop-common-3.3.5.jar:?]
	at org.apache.hadoop.ipc.ProtobufRpcEngine2$Server$ProtoBufRpcInvoker.call(ProtobufRpcEngine2.java:595) [hadoop-common-3.3.5.jar:?]
	at org.apache.hadoop.ipc.ProtobufRpcEngine2$Server$ProtoBufRpcInvoker.call(ProtobufRpcEngine2.java:573) [hadoop-common-3.3.5.jar:?]
	at org.apache.hadoop.ipc.RPC$Server.call(RPC.java:1213) [hadoop-common-3.3.5.jar:?]
	at org.apache.hadoop.ipc.Server$RpcCall.run(Server.java:1089) [hadoop-common-3.3.5.jar:?]
	at org.apache.hadoop.ipc.Server$RpcCall.run(Server.java:1012) [hadoop-common-3.3.5.jar:?]
	at java.security.AccessController.doPrivileged(Native Method) ~[?:1.8.0_362]
	at javax.security.auth.Subject.doAs(Subject.java:422) [?:1.8.0_362]
	at org.apache.hadoop.security.UserGroupInformation.doAs(UserGroupInformation.java:1899) [hadoop-common-3.3.5.jar:?]
	at org.apache.hadoop.ipc.Server$Handler.run(Server.java:3026) [hadoop-common-3.3.5.jar:?]
]]></system-out>
  </testcase>
  <testcase name="testMakeDirsWithAnFakeDirectory" classname="TestOzoneFileSystem" time="0.043">
    <system-out><![CDATA[2023-04-11 17:16:55,717 [OM StateMachine ApplyTransaction Thread - 0] INFO  key.OMKeyRequest (OMKeyRequest.java:wrapUncommittedBlocksAsPseudoKey(838)) - Detect allocated but uncommitted blocks [{blockID={containerID=7, localID=111677748019200039}, length=4194304, offset=0, token=null, pipeline=null, createVersion=0, partNumber=0}] in key dir1/dir2/key1.
17:16:55.719 [IPC Server handler 6 on default port 41353] ERROR OMAudit - user=runner | ip=127.0.0.1 | op=GET_FILE_STATUS {volume=volume52567, bucket=bucket67420, key=user/runner/dir1/dir2, dataSize=0, replicationConfig=null} | ret=FAILURE
org.apache.hadoop.ozone.om.exceptions.OMException: Unable to get file status: volume: volume52567 bucket: bucket67420 key: user/runner/dir1/dir2
	at org.apache.hadoop.ozone.om.KeyManagerImpl.getOzoneFileStatus(KeyManagerImpl.java:1200) ~[ozone-manager-1.4.0-SNAPSHOT.jar:?]
	at org.apache.hadoop.ozone.om.KeyManagerImpl.getFileStatus(KeyManagerImpl.java:1118) ~[ozone-manager-1.4.0-SNAPSHOT.jar:?]
	at org.apache.hadoop.ozone.om.OmMetadataReader.getFileStatus(OmMetadataReader.java:288) ~[ozone-manager-1.4.0-SNAPSHOT.jar:?]
	at org.apache.hadoop.ozone.om.OzoneManager.getFileStatus(OzoneManager.java:3491) ~[ozone-manager-1.4.0-SNAPSHOT.jar:?]
	at org.apache.hadoop.ozone.protocolPB.OzoneManagerRequestHandler.getOzoneFileStatus(OzoneManagerRequestHandler.java:934) ~[ozone-manager-1.4.0-SNAPSHOT.jar:?]
	at org.apache.hadoop.ozone.protocolPB.OzoneManagerRequestHandler.handleReadRequest(OzoneManagerRequestHandler.java:238) ~[ozone-manager-1.4.0-SNAPSHOT.jar:?]
	at org.apache.hadoop.ozone.protocolPB.OzoneManagerProtocolServerSideTranslatorPB.submitReadRequestToOM(OzoneManagerProtocolServerSideTranslatorPB.java:223) ~[ozone-manager-1.4.0-SNAPSHOT.jar:?]
	at org.apache.hadoop.ozone.protocolPB.OzoneManagerProtocolServerSideTranslatorPB.processRequest(OzoneManagerProtocolServerSideTranslatorPB.java:177) ~[ozone-manager-1.4.0-SNAPSHOT.jar:?]
	at org.apache.hadoop.hdds.server.OzoneProtocolMessageDispatcher.processRequest(OzoneProtocolMessageDispatcher.java:87) [hdds-server-framework-1.4.0-SNAPSHOT.jar:?]
	at org.apache.hadoop.ozone.protocolPB.OzoneManagerProtocolServerSideTranslatorPB.submitRequest(OzoneManagerProtocolServerSideTranslatorPB.java:147) [ozone-manager-1.4.0-SNAPSHOT.jar:?]
	at org.apache.hadoop.ozone.protocol.proto.OzoneManagerProtocolProtos$OzoneManagerService$2.callBlockingMethod(OzoneManagerProtocolProtos.java) [ozone-interface-client-1.4.0-SNAPSHOT.jar:?]
	at org.apache.hadoop.ipc.ProtobufRpcEngine$Server.processCall(ProtobufRpcEngine.java:484) [hadoop-common-3.3.5.jar:?]
	at org.apache.hadoop.ipc.ProtobufRpcEngine2$Server$ProtoBufRpcInvoker.call(ProtobufRpcEngine2.java:595) [hadoop-common-3.3.5.jar:?]
	at org.apache.hadoop.ipc.ProtobufRpcEngine2$Server$ProtoBufRpcInvoker.call(ProtobufRpcEngine2.java:573) [hadoop-common-3.3.5.jar:?]
	at org.apache.hadoop.ipc.RPC$Server.call(RPC.java:1213) [hadoop-common-3.3.5.jar:?]
	at org.apache.hadoop.ipc.Server$RpcCall.run(Server.java:1089) [hadoop-common-3.3.5.jar:?]
	at org.apache.hadoop.ipc.Server$RpcCall.run(Server.java:1012) [hadoop-common-3.3.5.jar:?]
	at java.security.AccessController.doPrivileged(Native Method) ~[?:1.8.0_362]
	at javax.security.auth.Subject.doAs(Subject.java:422) [?:1.8.0_362]
	at org.apache.hadoop.security.UserGroupInformation.doAs(UserGroupInformation.java:1899) [hadoop-common-3.3.5.jar:?]
	at org.apache.hadoop.ipc.Server$Handler.run(Server.java:3026) [hadoop-common-3.3.5.jar:?]
]]></system-out>
  </testcase>
  <testcase name="testMakeDirsWithAnFakeDirectory" classname="TestOzoneFileSystem" time="0.02">
    <system-out><![CDATA[2023-04-11 17:18:08,412 [IPC Server handler 13 on default port 38777] INFO  key.OMKeyRequest (OMKeyRequest.java:wrapUncommittedBlocksAsPseudoKey(838)) - Detect allocated but uncommitted blocks [{blockID={containerID=7, localID=111677748019200039}, length=4194304, offset=0, token=null, pipeline=null, createVersion=0, partNumber=0}] in key dir1/dir2/key1.
17:18:08.413 [IPC Server handler 8 on default port 38777] ERROR OMAudit - user=runner | ip=127.0.0.1 | op=GET_FILE_STATUS {volume=volume96178, bucket=bucket92903, key=user/runner/dir1/dir2, dataSize=0, replicationConfig=null} | ret=FAILURE
org.apache.hadoop.ozone.om.exceptions.OMException: Unable to get file status: volume: volume96178 bucket: bucket92903 key: user/runner/dir1/dir2
	at org.apache.hadoop.ozone.om.KeyManagerImpl.getOzoneFileStatus(KeyManagerImpl.java:1200) ~[ozone-manager-1.4.0-SNAPSHOT.jar:?]
	at org.apache.hadoop.ozone.om.KeyManagerImpl.getFileStatus(KeyManagerImpl.java:1118) ~[ozone-manager-1.4.0-SNAPSHOT.jar:?]
	at org.apache.hadoop.ozone.om.OmMetadataReader.getFileStatus(OmMetadataReader.java:288) ~[ozone-manager-1.4.0-SNAPSHOT.jar:?]
	at org.apache.hadoop.ozone.om.OzoneManager.getFileStatus(OzoneManager.java:3491) ~[ozone-manager-1.4.0-SNAPSHOT.jar:?]
	at org.apache.hadoop.ozone.protocolPB.OzoneManagerRequestHandler.getOzoneFileStatus(OzoneManagerRequestHandler.java:934) ~[ozone-manager-1.4.0-SNAPSHOT.jar:?]
	at org.apache.hadoop.ozone.protocolPB.OzoneManagerRequestHandler.handleReadRequest(OzoneManagerRequestHandler.java:238) ~[ozone-manager-1.4.0-SNAPSHOT.jar:?]
	at org.apache.hadoop.ozone.protocolPB.OzoneManagerProtocolServerSideTranslatorPB.submitRequestDirectlyToOM(OzoneManagerProtocolServerSideTranslatorPB.java:272) ~[ozone-manager-1.4.0-SNAPSHOT.jar:?]
	at org.apache.hadoop.ozone.protocolPB.OzoneManagerProtocolServerSideTranslatorPB.processRequest(OzoneManagerProtocolServerSideTranslatorPB.java:173) ~[ozone-manager-1.4.0-SNAPSHOT.jar:?]
	at org.apache.hadoop.hdds.server.OzoneProtocolMessageDispatcher.processRequest(OzoneProtocolMessageDispatcher.java:87) [hdds-server-framework-1.4.0-SNAPSHOT.jar:?]
	at org.apache.hadoop.ozone.protocolPB.OzoneManagerProtocolServerSideTranslatorPB.submitRequest(OzoneManagerProtocolServerSideTranslatorPB.java:147) [ozone-manager-1.4.0-SNAPSHOT.jar:?]
	at org.apache.hadoop.ozone.protocol.proto.OzoneManagerProtocolProtos$OzoneManagerService$2.callBlockingMethod(OzoneManagerProtocolProtos.java) [ozone-interface-client-1.4.0-SNAPSHOT.jar:?]
	at org.apache.hadoop.ipc.ProtobufRpcEngine$Server.processCall(ProtobufRpcEngine.java:484) [hadoop-common-3.3.5.jar:?]
	at org.apache.hadoop.ipc.ProtobufRpcEngine2$Server$ProtoBufRpcInvoker.call(ProtobufRpcEngine2.java:595) [hadoop-common-3.3.5.jar:?]
	at org.apache.hadoop.ipc.ProtobufRpcEngine2$Server$ProtoBufRpcInvoker.call(ProtobufRpcEngine2.java:573) [hadoop-common-3.3.5.jar:?]
	at org.apache.hadoop.ipc.RPC$Server.call(RPC.java:1213) [hadoop-common-3.3.5.jar:?]
	at org.apache.hadoop.ipc.Server$RpcCall.run(Server.java:1089) [hadoop-common-3.3.5.jar:?]
	at org.apache.hadoop.ipc.Server$RpcCall.run(Server.java:1012) [hadoop-common-3.3.5.jar:?]
	at java.security.AccessController.doPrivileged(Native Method) ~[?:1.8.0_362]
	at javax.security.auth.Subject.doAs(Subject.java:422) [?:1.8.0_362]
	at org.apache.hadoop.security.UserGroupInformation.doAs(UserGroupInformation.java:1899) [hadoop-common-3.3.5.jar:?]
	at org.apache.hadoop.ipc.Server$Handler.run(Server.java:3026) [hadoop-common-3.3.5.jar:?]
]]></system-out>
  </testcase>
  <testcase name="testMakeDirsWithAnFakeDirectory" classname="TestOzoneFileSystem" time="0.02">
    <system-out><![CDATA[2023-04-11 17:18:59,450 [OM StateMachine ApplyTransaction Thread - 0] INFO  key.OMKeyRequest (OMKeyRequest.java:wrapUncommittedBlocksAsPseudoKey(838)) - Detect allocated but uncommitted blocks [{blockID={containerID=7, localID=111677748019200039}, length=4194304, offset=0, token=null, pipeline=null, createVersion=0, partNumber=0}] in key dir1/dir2/key1.
17:18:59.451 [IPC Server handler 8 on default port 45623] ERROR OMAudit - user=runner | ip=127.0.0.1 | op=GET_FILE_STATUS {volume=volume95537, bucket=bucket59866, key=user/runner/dir1/dir2, dataSize=0, replicationConfig=null} | ret=FAILURE
org.apache.hadoop.ozone.om.exceptions.OMException: Unable to get file status: volume: volume95537 bucket: bucket59866 key: user/runner/dir1/dir2
	at org.apache.hadoop.ozone.om.KeyManagerImpl.getOzoneFileStatus(KeyManagerImpl.java:1200) ~[ozone-manager-1.4.0-SNAPSHOT.jar:?]
	at org.apache.hadoop.ozone.om.KeyManagerImpl.getFileStatus(KeyManagerImpl.java:1118) ~[ozone-manager-1.4.0-SNAPSHOT.jar:?]
	at org.apache.hadoop.ozone.om.OmMetadataReader.getFileStatus(OmMetadataReader.java:288) ~[ozone-manager-1.4.0-SNAPSHOT.jar:?]
	at org.apache.hadoop.ozone.om.OzoneManager.getFileStatus(OzoneManager.java:3491) ~[ozone-manager-1.4.0-SNAPSHOT.jar:?]
	at org.apache.hadoop.ozone.protocolPB.OzoneManagerRequestHandler.getOzoneFileStatus(OzoneManagerRequestHandler.java:934) ~[ozone-manager-1.4.0-SNAPSHOT.jar:?]
	at org.apache.hadoop.ozone.protocolPB.OzoneManagerRequestHandler.handleReadRequest(OzoneManagerRequestHandler.java:238) ~[ozone-manager-1.4.0-SNAPSHOT.jar:?]
	at org.apache.hadoop.ozone.protocolPB.OzoneManagerProtocolServerSideTranslatorPB.submitReadRequestToOM(OzoneManagerProtocolServerSideTranslatorPB.java:223) ~[ozone-manager-1.4.0-SNAPSHOT.jar:?]
	at org.apache.hadoop.ozone.protocolPB.OzoneManagerProtocolServerSideTranslatorPB.processRequest(OzoneManagerProtocolServerSideTranslatorPB.java:177) ~[ozone-manager-1.4.0-SNAPSHOT.jar:?]
	at org.apache.hadoop.hdds.server.OzoneProtocolMessageDispatcher.processRequest(OzoneProtocolMessageDispatcher.java:87) [hdds-server-framework-1.4.0-SNAPSHOT.jar:?]
	at org.apache.hadoop.ozone.protocolPB.OzoneManagerProtocolServerSideTranslatorPB.submitRequest(OzoneManagerProtocolServerSideTranslatorPB.java:147) [ozone-manager-1.4.0-SNAPSHOT.jar:?]
	at org.apache.hadoop.ozone.protocol.proto.OzoneManagerProtocolProtos$OzoneManagerService$2.callBlockingMethod(OzoneManagerProtocolProtos.java) [ozone-interface-client-1.4.0-SNAPSHOT.jar:?]
	at org.apache.hadoop.ipc.ProtobufRpcEngine$Server.processCall(ProtobufRpcEngine.java:484) [hadoop-common-3.3.5.jar:?]
	at org.apache.hadoop.ipc.ProtobufRpcEngine2$Server$ProtoBufRpcInvoker.call(ProtobufRpcEngine2.java:595) [hadoop-common-3.3.5.jar:?]
	at org.apache.hadoop.ipc.ProtobufRpcEngine2$Server$ProtoBufRpcInvoker.call(ProtobufRpcEngine2.java:573) [hadoop-common-3.3.5.jar:?]
	at org.apache.hadoop.ipc.RPC$Server.call(RPC.java:1213) [hadoop-common-3.3.5.jar:?]
	at org.apache.hadoop.ipc.Server$RpcCall.run(Server.java:1089) [hadoop-common-3.3.5.jar:?]
	at org.apache.hadoop.ipc.Server$RpcCall.run(Server.java:1012) [hadoop-common-3.3.5.jar:?]
	at java.security.AccessController.doPrivileged(Native Method) ~[?:1.8.0_362]
	at javax.security.auth.Subject.doAs(Subject.java:422) [?:1.8.0_362]
	at org.apache.hadoop.security.UserGroupInformation.doAs(UserGroupInformation.java:1899) [hadoop-common-3.3.5.jar:?]
	at org.apache.hadoop.ipc.Server$Handler.run(Server.java:3026) [hadoop-common-3.3.5.jar:?]
]]></system-out>
  </testcase>
  <testcase name="testMakeDirsWithAnFakeDirectory" classname="TestOzoneFileSystem" time="0.015">
    <system-out><![CDATA[2023-04-11 17:19:59,412 [IPC Server handler 8 on default port 37689] INFO  key.OMKeyRequest (OMKeyRequest.java:wrapUncommittedBlocksAsPseudoKey(838)) - Detect allocated but uncommitted blocks [{blockID={containerID=7, localID=111677748019200039}, length=4194304, offset=0, token=null, pipeline=null, createVersion=0, partNumber=0}] in key dir1/dir2/key1.
17:19:59.413 [IPC Server handler 3 on default port 37689] ERROR OMAudit - user=runner | ip=127.0.0.1 | op=GET_FILE_STATUS {volume=volume96095, bucket=bucket29928, key=user/runner/dir1/dir2, dataSize=0, replicationConfig=null} | ret=FAILURE
org.apache.hadoop.ozone.om.exceptions.OMException: Unable to get file status: volume: volume96095 bucket: bucket29928 key: user/runner/dir1/dir2
	at org.apache.hadoop.ozone.om.KeyManagerImpl.getOzoneFileStatus(KeyManagerImpl.java:1200) ~[ozone-manager-1.4.0-SNAPSHOT.jar:?]
	at org.apache.hadoop.ozone.om.KeyManagerImpl.getFileStatus(KeyManagerImpl.java:1118) ~[ozone-manager-1.4.0-SNAPSHOT.jar:?]
	at org.apache.hadoop.ozone.om.OmMetadataReader.getFileStatus(OmMetadataReader.java:288) ~[ozone-manager-1.4.0-SNAPSHOT.jar:?]
	at org.apache.hadoop.ozone.om.OzoneManager.getFileStatus(OzoneManager.java:3491) ~[ozone-manager-1.4.0-SNAPSHOT.jar:?]
	at org.apache.hadoop.ozone.protocolPB.OzoneManagerRequestHandler.getOzoneFileStatus(OzoneManagerRequestHandler.java:934) ~[ozone-manager-1.4.0-SNAPSHOT.jar:?]
	at org.apache.hadoop.ozone.protocolPB.OzoneManagerRequestHandler.handleReadRequest(OzoneManagerRequestHandler.java:238) ~[ozone-manager-1.4.0-SNAPSHOT.jar:?]
	at org.apache.hadoop.ozone.protocolPB.OzoneManagerProtocolServerSideTranslatorPB.submitRequestDirectlyToOM(OzoneManagerProtocolServerSideTranslatorPB.java:272) ~[ozone-manager-1.4.0-SNAPSHOT.jar:?]
	at org.apache.hadoop.ozone.protocolPB.OzoneManagerProtocolServerSideTranslatorPB.processRequest(OzoneManagerProtocolServerSideTranslatorPB.java:173) ~[ozone-manager-1.4.0-SNAPSHOT.jar:?]
	at org.apache.hadoop.hdds.server.OzoneProtocolMessageDispatcher.processRequest(OzoneProtocolMessageDispatcher.java:87) [hdds-server-framework-1.4.0-SNAPSHOT.jar:?]
	at org.apache.hadoop.ozone.protocolPB.OzoneManagerProtocolServerSideTranslatorPB.submitRequest(OzoneManagerProtocolServerSideTranslatorPB.java:147) [ozone-manager-1.4.0-SNAPSHOT.jar:?]
	at org.apache.hadoop.ozone.protocol.proto.OzoneManagerProtocolProtos$OzoneManagerService$2.callBlockingMethod(OzoneManagerProtocolProtos.java) [ozone-interface-client-1.4.0-SNAPSHOT.jar:?]
	at org.apache.hadoop.ipc.ProtobufRpcEngine$Server.processCall(ProtobufRpcEngine.java:484) [hadoop-common-3.3.5.jar:?]
	at org.apache.hadoop.ipc.ProtobufRpcEngine2$Server$ProtoBufRpcInvoker.call(ProtobufRpcEngine2.java:595) [hadoop-common-3.3.5.jar:?]
	at org.apache.hadoop.ipc.ProtobufRpcEngine2$Server$ProtoBufRpcInvoker.call(ProtobufRpcEngine2.java:573) [hadoop-common-3.3.5.jar:?]
	at org.apache.hadoop.ipc.RPC$Server.call(RPC.java:1213) [hadoop-common-3.3.5.jar:?]
	at org.apache.hadoop.ipc.Server$RpcCall.run(Server.java:1089) [hadoop-common-3.3.5.jar:?]
	at org.apache.hadoop.ipc.Server$RpcCall.run(Server.java:1012) [hadoop-common-3.3.5.jar:?]
	at java.security.AccessController.doPrivileged(Native Method) ~[?:1.8.0_362]
	at javax.security.auth.Subject.doAs(Subject.java:422) [?:1.8.0_362]
	at org.apache.hadoop.security.UserGroupInformation.doAs(UserGroupInformation.java:1899) [hadoop-common-3.3.5.jar:?]
	at org.apache.hadoop.ipc.Server$Handler.run(Server.java:3026) [hadoop-common-3.3.5.jar:?]
]]></system-out>
  </testcase>
  <testcase name="testFileDelete" classname="TestOzoneFileSystem" time="0.211">
    <system-out><![CDATA[2023-04-11 17:16:55,758 [OM StateMachine ApplyTransaction Thread - 0] INFO  key.OMKeyRequest (OMKeyRequest.java:wrapUncommittedBlocksAsPseudoKey(838)) - Detect allocated but uncommitted blocks [{blockID={containerID=3, localID=111677748019200040}, length=4194304, offset=0, token=null, pipeline=null, createVersion=0, partNumber=0}] in key testBatchDelete/parent/child0.
2023-04-11 17:16:55,768 [OM StateMachine ApplyTransaction Thread - 0] INFO  key.OMKeyRequest (OMKeyRequest.java:wrapUncommittedBlocksAsPseudoKey(838)) - Detect allocated but uncommitted blocks [{blockID={containerID=2, localID=111677748019200041}, length=4194304, offset=0, token=null, pipeline=null, createVersion=0, partNumber=0}] in key testBatchDelete/parent/childFolder/child0.
2023-04-11 17:16:55,778 [OM StateMachine ApplyTransaction Thread - 0] INFO  key.OMKeyRequest (OMKeyRequest.java:wrapUncommittedBlocksAsPseudoKey(838)) - Detect allocated but uncommitted blocks [{blockID={containerID=4, localID=111677748019200042}, length=4194304, offset=0, token=null, pipeline=null, createVersion=0, partNumber=0}] in key testBatchDelete/parent/child1.
2023-04-11 17:16:55,788 [OM StateMachine ApplyTransaction Thread - 0] INFO  key.OMKeyRequest (OMKeyRequest.java:wrapUncommittedBlocksAsPseudoKey(838)) - Detect allocated but uncommitted blocks [{blockID={containerID=3, localID=111677748019200043}, length=4194304, offset=0, token=null, pipeline=null, createVersion=0, partNumber=0}] in key testBatchDelete/parent/childFolder/child1.
2023-04-11 17:16:55,797 [OM StateMachine ApplyTransaction Thread - 0] INFO  key.OMKeyRequest (OMKeyRequest.java:wrapUncommittedBlocksAsPseudoKey(838)) - Detect allocated but uncommitted blocks [{blockID={containerID=2, localID=111677748019200044}, length=4194304, offset=0, token=null, pipeline=null, createVersion=0, partNumber=0}] in key testBatchDelete/parent/child2.
2023-04-11 17:16:55,807 [OM StateMachine ApplyTransaction Thread - 0] INFO  key.OMKeyRequest (OMKeyRequest.java:wrapUncommittedBlocksAsPseudoKey(838)) - Detect allocated but uncommitted blocks [{blockID={containerID=3, localID=111677748019200045}, length=4194304, offset=0, token=null, pipeline=null, createVersion=0, partNumber=0}] in key testBatchDelete/parent/childFolder/child2.
2023-04-11 17:16:55,815 [OM StateMachine ApplyTransaction Thread - 0] INFO  key.OMKeyRequest (OMKeyRequest.java:wrapUncommittedBlocksAsPseudoKey(838)) - Detect allocated but uncommitted blocks [{blockID={containerID=1, localID=111677748019200046}, length=4194304, offset=0, token=null, pipeline=null, createVersion=0, partNumber=0}] in key testBatchDelete/parent/child3.
2023-04-11 17:16:55,824 [OM StateMachine ApplyTransaction Thread - 0] INFO  key.OMKeyRequest (OMKeyRequest.java:wrapUncommittedBlocksAsPseudoKey(838)) - Detect allocated but uncommitted blocks [{blockID={containerID=2, localID=111677748019200047}, length=4194304, offset=0, token=null, pipeline=null, createVersion=0, partNumber=0}] in key testBatchDelete/parent/childFolder/child3.
2023-04-11 17:16:55,833 [OM StateMachine ApplyTransaction Thread - 0] INFO  key.OMKeyRequest (OMKeyRequest.java:wrapUncommittedBlocksAsPseudoKey(838)) - Detect allocated but uncommitted blocks [{blockID={containerID=3, localID=111677748019200048}, length=4194304, offset=0, token=null, pipeline=null, createVersion=0, partNumber=0}] in key testBatchDelete/parent/child4.
2023-04-11 17:16:55,842 [OM StateMachine ApplyTransaction Thread - 0] INFO  key.OMKeyRequest (OMKeyRequest.java:wrapUncommittedBlocksAsPseudoKey(838)) - Detect allocated but uncommitted blocks [{blockID={containerID=4, localID=111677748019200049}, length=4194304, offset=0, token=null, pipeline=null, createVersion=0, partNumber=0}] in key testBatchDelete/parent/childFolder/child4.
2023-04-11 17:16:55,852 [OM StateMachine ApplyTransaction Thread - 0] INFO  key.OMKeyRequest (OMKeyRequest.java:wrapUncommittedBlocksAsPseudoKey(838)) - Detect allocated but uncommitted blocks [{blockID={containerID=2, localID=111677748019200050}, length=4194304, offset=0, token=null, pipeline=null, createVersion=0, partNumber=0}] in key testBatchDelete/parent/child5.
2023-04-11 17:16:55,861 [OM StateMachine ApplyTransaction Thread - 0] INFO  key.OMKeyRequest (OMKeyRequest.java:wrapUncommittedBlocksAsPseudoKey(838)) - Detect allocated but uncommitted blocks [{blockID={containerID=3, localID=111677748019200051}, length=4194304, offset=0, token=null, pipeline=null, createVersion=0, partNumber=0}] in key testBatchDelete/parent/childFolder/child5.
2023-04-11 17:16:55,870 [OM StateMachine ApplyTransaction Thread - 0] INFO  key.OMKeyRequest (OMKeyRequest.java:wrapUncommittedBlocksAsPseudoKey(838)) - Detect allocated but uncommitted blocks [{blockID={containerID=2, localID=111677748019200052}, length=4194304, offset=0, token=null, pipeline=null, createVersion=0, partNumber=0}] in key testBatchDelete/parent/child6.
2023-04-11 17:16:55,880 [OM StateMachine ApplyTransaction Thread - 0] INFO  key.OMKeyRequest (OMKeyRequest.java:wrapUncommittedBlocksAsPseudoKey(838)) - Detect allocated but uncommitted blocks [{blockID={containerID=1, localID=111677748019200053}, length=4194304, offset=0, token=null, pipeline=null, createVersion=0, partNumber=0}] in key testBatchDelete/parent/childFolder/child6.
2023-04-11 17:16:55,889 [OM StateMachine ApplyTransaction Thread - 0] INFO  key.OMKeyRequest (OMKeyRequest.java:wrapUncommittedBlocksAsPseudoKey(838)) - Detect allocated but uncommitted blocks [{blockID={containerID=3, localID=111677748019200054}, length=4194304, offset=0, token=null, pipeline=null, createVersion=0, partNumber=0}] in key testBatchDelete/parent/child7.
2023-04-11 17:16:55,901 [OM StateMachine ApplyTransaction Thread - 0] INFO  key.OMKeyRequest (OMKeyRequest.java:wrapUncommittedBlocksAsPseudoKey(838)) - Detect allocated but uncommitted blocks [{blockID={containerID=4, localID=111677748019200055}, length=4194304, offset=0, token=null, pipeline=null, createVersion=0, partNumber=0}] in key testBatchDelete/parent/childFolder/child7.
17:16:55.929 [IPC Server handler 4 on default port 41353] ERROR OMAudit - user=runner | ip=127.0.0.1 | op=GET_FILE_STATUS {volume=volume52567, bucket=bucket67420, key=testBatchDelete, dataSize=0, replicationConfig=null} | ret=FAILURE
org.apache.hadoop.ozone.om.exceptions.OMException: Unable to get file status: volume: volume52567 bucket: bucket67420 key: testBatchDelete
	at org.apache.hadoop.ozone.om.KeyManagerImpl.getOzoneFileStatus(KeyManagerImpl.java:1200) ~[ozone-manager-1.4.0-SNAPSHOT.jar:?]
	at org.apache.hadoop.ozone.om.KeyManagerImpl.getFileStatus(KeyManagerImpl.java:1118) ~[ozone-manager-1.4.0-SNAPSHOT.jar:?]
	at org.apache.hadoop.ozone.om.OmMetadataReader.getFileStatus(OmMetadataReader.java:288) ~[ozone-manager-1.4.0-SNAPSHOT.jar:?]
	at org.apache.hadoop.ozone.om.OzoneManager.getFileStatus(OzoneManager.java:3491) ~[ozone-manager-1.4.0-SNAPSHOT.jar:?]
	at org.apache.hadoop.ozone.protocolPB.OzoneManagerRequestHandler.getOzoneFileStatus(OzoneManagerRequestHandler.java:934) ~[ozone-manager-1.4.0-SNAPSHOT.jar:?]
	at org.apache.hadoop.ozone.protocolPB.OzoneManagerRequestHandler.handleReadRequest(OzoneManagerRequestHandler.java:238) ~[ozone-manager-1.4.0-SNAPSHOT.jar:?]
	at org.apache.hadoop.ozone.protocolPB.OzoneManagerProtocolServerSideTranslatorPB.submitReadRequestToOM(OzoneManagerProtocolServerSideTranslatorPB.java:223) ~[ozone-manager-1.4.0-SNAPSHOT.jar:?]
	at org.apache.hadoop.ozone.protocolPB.OzoneManagerProtocolServerSideTranslatorPB.processRequest(OzoneManagerProtocolServerSideTranslatorPB.java:177) ~[ozone-manager-1.4.0-SNAPSHOT.jar:?]
	at org.apache.hadoop.hdds.server.OzoneProtocolMessageDispatcher.processRequest(OzoneProtocolMessageDispatcher.java:87) [hdds-server-framework-1.4.0-SNAPSHOT.jar:?]
	at org.apache.hadoop.ozone.protocolPB.OzoneManagerProtocolServerSideTranslatorPB.submitRequest(OzoneManagerProtocolServerSideTranslatorPB.java:147) [ozone-manager-1.4.0-SNAPSHOT.jar:?]
	at org.apache.hadoop.ozone.protocol.proto.OzoneManagerProtocolProtos$OzoneManagerService$2.callBlockingMethod(OzoneManagerProtocolProtos.java) [ozone-interface-client-1.4.0-SNAPSHOT.jar:?]
	at org.apache.hadoop.ipc.ProtobufRpcEngine$Server.processCall(ProtobufRpcEngine.java:484) [hadoop-common-3.3.5.jar:?]
	at org.apache.hadoop.ipc.ProtobufRpcEngine2$Server$ProtoBufRpcInvoker.call(ProtobufRpcEngine2.java:595) [hadoop-common-3.3.5.jar:?]
	at org.apache.hadoop.ipc.ProtobufRpcEngine2$Server$ProtoBufRpcInvoker.call(ProtobufRpcEngine2.java:573) [hadoop-common-3.3.5.jar:?]
	at org.apache.hadoop.ipc.RPC$Server.call(RPC.java:1213) [hadoop-common-3.3.5.jar:?]
	at org.apache.hadoop.ipc.Server$RpcCall.run(Server.java:1089) [hadoop-common-3.3.5.jar:?]
	at org.apache.hadoop.ipc.Server$RpcCall.run(Server.java:1012) [hadoop-common-3.3.5.jar:?]
	at java.security.AccessController.doPrivileged(Native Method) ~[?:1.8.0_362]
	at javax.security.auth.Subject.doAs(Subject.java:422) [?:1.8.0_362]
	at org.apache.hadoop.security.UserGroupInformation.doAs(UserGroupInformation.java:1899) [hadoop-common-3.3.5.jar:?]
	at org.apache.hadoop.ipc.Server$Handler.run(Server.java:3026) [hadoop-common-3.3.5.jar:?]
17:16:55.930 [IPC Server handler 2 on default port 41353] ERROR OMAudit - user=runner | ip=127.0.0.1 | op=GET_FILE_STATUS {volume=volume52567, bucket=bucket67420, key=testBatchDelete/parent/child0, dataSize=0, replicationConfig=null} | ret=FAILURE
org.apache.hadoop.ozone.om.exceptions.OMException: Unable to get file status: volume: volume52567 bucket: bucket67420 key: testBatchDelete/parent/child0
	at org.apache.hadoop.ozone.om.KeyManagerImpl.getOzoneFileStatus(KeyManagerImpl.java:1200) ~[ozone-manager-1.4.0-SNAPSHOT.jar:?]
	at org.apache.hadoop.ozone.om.KeyManagerImpl.getFileStatus(KeyManagerImpl.java:1118) ~[ozone-manager-1.4.0-SNAPSHOT.jar:?]
	at org.apache.hadoop.ozone.om.OmMetadataReader.getFileStatus(OmMetadataReader.java:288) ~[ozone-manager-1.4.0-SNAPSHOT.jar:?]
	at org.apache.hadoop.ozone.om.OzoneManager.getFileStatus(OzoneManager.java:3491) ~[ozone-manager-1.4.0-SNAPSHOT.jar:?]
	at org.apache.hadoop.ozone.protocolPB.OzoneManagerRequestHandler.getOzoneFileStatus(OzoneManagerRequestHandler.java:934) ~[ozone-manager-1.4.0-SNAPSHOT.jar:?]
	at org.apache.hadoop.ozone.protocolPB.OzoneManagerRequestHandler.handleReadRequest(OzoneManagerRequestHandler.java:238) ~[ozone-manager-1.4.0-SNAPSHOT.jar:?]
	at org.apache.hadoop.ozone.protocolPB.OzoneManagerProtocolServerSideTranslatorPB.submitReadRequestToOM(OzoneManagerProtocolServerSideTranslatorPB.java:223) ~[ozone-manager-1.4.0-SNAPSHOT.jar:?]
	at org.apache.hadoop.ozone.protocolPB.OzoneManagerProtocolServerSideTranslatorPB.processRequest(OzoneManagerProtocolServerSideTranslatorPB.java:177) ~[ozone-manager-1.4.0-SNAPSHOT.jar:?]
	at org.apache.hadoop.hdds.server.OzoneProtocolMessageDispatcher.processRequest(OzoneProtocolMessageDispatcher.java:87) [hdds-server-framework-1.4.0-SNAPSHOT.jar:?]
	at org.apache.hadoop.ozone.protocolPB.OzoneManagerProtocolServerSideTranslatorPB.submitRequest(OzoneManagerProtocolServerSideTranslatorPB.java:147) [ozone-manager-1.4.0-SNAPSHOT.jar:?]
	at org.apache.hadoop.ozone.protocol.proto.OzoneManagerProtocolProtos$OzoneManagerService$2.callBlockingMethod(OzoneManagerProtocolProtos.java) [ozone-interface-client-1.4.0-SNAPSHOT.jar:?]
	at org.apache.hadoop.ipc.ProtobufRpcEngine$Server.processCall(ProtobufRpcEngine.java:484) [hadoop-common-3.3.5.jar:?]
	at org.apache.hadoop.ipc.ProtobufRpcEngine2$Server$ProtoBufRpcInvoker.call(ProtobufRpcEngine2.java:595) [hadoop-common-3.3.5.jar:?]
	at org.apache.hadoop.ipc.ProtobufRpcEngine2$Server$ProtoBufRpcInvoker.call(ProtobufRpcEngine2.java:573) [hadoop-common-3.3.5.jar:?]
	at org.apache.hadoop.ipc.RPC$Server.call(RPC.java:1213) [hadoop-common-3.3.5.jar:?]
	at org.apache.hadoop.ipc.Server$RpcCall.run(Server.java:1089) [hadoop-common-3.3.5.jar:?]
	at org.apache.hadoop.ipc.Server$RpcCall.run(Server.java:1012) [hadoop-common-3.3.5.jar:?]
	at java.security.AccessController.doPrivileged(Native Method) ~[?:1.8.0_362]
	at javax.security.auth.Subject.doAs(Subject.java:422) [?:1.8.0_362]
	at org.apache.hadoop.security.UserGroupInformation.doAs(UserGroupInformation.java:1899) [hadoop-common-3.3.5.jar:?]
	at org.apache.hadoop.ipc.Server$Handler.run(Server.java:3026) [hadoop-common-3.3.5.jar:?]
17:16:55.932 [IPC Server handler 6 on default port 41353] ERROR OMAudit - user=runner | ip=127.0.0.1 | op=GET_FILE_STATUS {volume=volume52567, bucket=bucket67420, key=testBatchDelete/parent/childFolder/child0, dataSize=0, replicationConfig=null} | ret=FAILURE
org.apache.hadoop.ozone.om.exceptions.OMException: Unable to get file status: volume: volume52567 bucket: bucket67420 key: testBatchDelete/parent/childFolder/child0
	at org.apache.hadoop.ozone.om.KeyManagerImpl.getOzoneFileStatus(KeyManagerImpl.java:1200) ~[ozone-manager-1.4.0-SNAPSHOT.jar:?]
	at org.apache.hadoop.ozone.om.KeyManagerImpl.getFileStatus(KeyManagerImpl.java:1118) ~[ozone-manager-1.4.0-SNAPSHOT.jar:?]
	at org.apache.hadoop.ozone.om.OmMetadataReader.getFileStatus(OmMetadataReader.java:288) ~[ozone-manager-1.4.0-SNAPSHOT.jar:?]
	at org.apache.hadoop.ozone.om.OzoneManager.getFileStatus(OzoneManager.java:3491) ~[ozone-manager-1.4.0-SNAPSHOT.jar:?]
	at org.apache.hadoop.ozone.protocolPB.OzoneManagerRequestHandler.getOzoneFileStatus(OzoneManagerRequestHandler.java:934) ~[ozone-manager-1.4.0-SNAPSHOT.jar:?]
	at org.apache.hadoop.ozone.protocolPB.OzoneManagerRequestHandler.handleReadRequest(OzoneManagerRequestHandler.java:238) ~[ozone-manager-1.4.0-SNAPSHOT.jar:?]
	at org.apache.hadoop.ozone.protocolPB.OzoneManagerProtocolServerSideTranslatorPB.submitReadRequestToOM(OzoneManagerProtocolServerSideTranslatorPB.java:223) ~[ozone-manager-1.4.0-SNAPSHOT.jar:?]
	at org.apache.hadoop.ozone.protocolPB.OzoneManagerProtocolServerSideTranslatorPB.processRequest(OzoneManagerProtocolServerSideTranslatorPB.java:177) ~[ozone-manager-1.4.0-SNAPSHOT.jar:?]
	at org.apache.hadoop.hdds.server.OzoneProtocolMessageDispatcher.processRequest(OzoneProtocolMessageDispatcher.java:87) [hdds-server-framework-1.4.0-SNAPSHOT.jar:?]
	at org.apache.hadoop.ozone.protocolPB.OzoneManagerProtocolServerSideTranslatorPB.submitRequest(OzoneManagerProtocolServerSideTranslatorPB.java:147) [ozone-manager-1.4.0-SNAPSHOT.jar:?]
	at org.apache.hadoop.ozone.protocol.proto.OzoneManagerProtocolProtos$OzoneManagerService$2.callBlockingMethod(OzoneManagerProtocolProtos.java) [ozone-interface-client-1.4.0-SNAPSHOT.jar:?]
	at org.apache.hadoop.ipc.ProtobufRpcEngine$Server.processCall(ProtobufRpcEngine.java:484) [hadoop-common-3.3.5.jar:?]
	at org.apache.hadoop.ipc.ProtobufRpcEngine2$Server$ProtoBufRpcInvoker.call(ProtobufRpcEngine2.java:595) [hadoop-common-3.3.5.jar:?]
	at org.apache.hadoop.ipc.ProtobufRpcEngine2$Server$ProtoBufRpcInvoker.call(ProtobufRpcEngine2.java:573) [hadoop-common-3.3.5.jar:?]
	at org.apache.hadoop.ipc.RPC$Server.call(RPC.java:1213) [hadoop-common-3.3.5.jar:?]
	at org.apache.hadoop.ipc.Server$RpcCall.run(Server.java:1089) [hadoop-common-3.3.5.jar:?]
	at org.apache.hadoop.ipc.Server$RpcCall.run(Server.java:1012) [hadoop-common-3.3.5.jar:?]
	at java.security.AccessController.doPrivileged(Native Method) ~[?:1.8.0_362]
	at javax.security.auth.Subject.doAs(Subject.java:422) [?:1.8.0_362]
	at org.apache.hadoop.security.UserGroupInformation.doAs(UserGroupInformation.java:1899) [hadoop-common-3.3.5.jar:?]
	at org.apache.hadoop.ipc.Server$Handler.run(Server.java:3026) [hadoop-common-3.3.5.jar:?]
17:16:55.933 [IPC Server handler 12 on default port 41353] ERROR OMAudit - user=runner | ip=127.0.0.1 | op=GET_FILE_STATUS {volume=volume52567, bucket=bucket67420, key=testBatchDelete/parent/child1, dataSize=0, replicationConfig=null} | ret=FAILURE
org.apache.hadoop.ozone.om.exceptions.OMException: Unable to get file status: volume: volume52567 bucket: bucket67420 key: testBatchDelete/parent/child1
	at org.apache.hadoop.ozone.om.KeyManagerImpl.getOzoneFileStatus(KeyManagerImpl.java:1200) ~[ozone-manager-1.4.0-SNAPSHOT.jar:?]
	at org.apache.hadoop.ozone.om.KeyManagerImpl.getFileStatus(KeyManagerImpl.java:1118) ~[ozone-manager-1.4.0-SNAPSHOT.jar:?]
	at org.apache.hadoop.ozone.om.OmMetadataReader.getFileStatus(OmMetadataReader.java:288) ~[ozone-manager-1.4.0-SNAPSHOT.jar:?]
	at org.apache.hadoop.ozone.om.OzoneManager.getFileStatus(OzoneManager.java:3491) ~[ozone-manager-1.4.0-SNAPSHOT.jar:?]
	at org.apache.hadoop.ozone.protocolPB.OzoneManagerRequestHandler.getOzoneFileStatus(OzoneManagerRequestHandler.java:934) ~[ozone-manager-1.4.0-SNAPSHOT.jar:?]
	at org.apache.hadoop.ozone.protocolPB.OzoneManagerRequestHandler.handleReadRequest(OzoneManagerRequestHandler.java:238) ~[ozone-manager-1.4.0-SNAPSHOT.jar:?]
	at org.apache.hadoop.ozone.protocolPB.OzoneManagerProtocolServerSideTranslatorPB.submitReadRequestToOM(OzoneManagerProtocolServerSideTranslatorPB.java:223) ~[ozone-manager-1.4.0-SNAPSHOT.jar:?]
	at org.apache.hadoop.ozone.protocolPB.OzoneManagerProtocolServerSideTranslatorPB.processRequest(OzoneManagerProtocolServerSideTranslatorPB.java:177) ~[ozone-manager-1.4.0-SNAPSHOT.jar:?]
	at org.apache.hadoop.hdds.server.OzoneProtocolMessageDispatcher.processRequest(OzoneProtocolMessageDispatcher.java:87) [hdds-server-framework-1.4.0-SNAPSHOT.jar:?]
	at org.apache.hadoop.ozone.protocolPB.OzoneManagerProtocolServerSideTranslatorPB.submitRequest(OzoneManagerProtocolServerSideTranslatorPB.java:147) [ozone-manager-1.4.0-SNAPSHOT.jar:?]
	at org.apache.hadoop.ozone.protocol.proto.OzoneManagerProtocolProtos$OzoneManagerService$2.callBlockingMethod(OzoneManagerProtocolProtos.java) [ozone-interface-client-1.4.0-SNAPSHOT.jar:?]
	at org.apache.hadoop.ipc.ProtobufRpcEngine$Server.processCall(ProtobufRpcEngine.java:484) [hadoop-common-3.3.5.jar:?]
	at org.apache.hadoop.ipc.ProtobufRpcEngine2$Server$ProtoBufRpcInvoker.call(ProtobufRpcEngine2.java:595) [hadoop-common-3.3.5.jar:?]
	at org.apache.hadoop.ipc.ProtobufRpcEngine2$Server$ProtoBufRpcInvoker.call(ProtobufRpcEngine2.java:573) [hadoop-common-3.3.5.jar:?]
	at org.apache.hadoop.ipc.RPC$Server.call(RPC.java:1213) [hadoop-common-3.3.5.jar:?]
	at org.apache.hadoop.ipc.Server$RpcCall.run(Server.java:1089) [hadoop-common-3.3.5.jar:?]
	at org.apache.hadoop.ipc.Server$RpcCall.run(Server.java:1012) [hadoop-common-3.3.5.jar:?]
	at java.security.AccessController.doPrivileged(Native Method) ~[?:1.8.0_362]
	at javax.security.auth.Subject.doAs(Subject.java:422) [?:1.8.0_362]
	at org.apache.hadoop.security.UserGroupInformation.doAs(UserGroupInformation.java:1899) [hadoop-common-3.3.5.jar:?]
	at org.apache.hadoop.ipc.Server$Handler.run(Server.java:3026) [hadoop-common-3.3.5.jar:?]
17:16:55.935 [IPC Server handler 7 on default port 41353] ERROR OMAudit - user=runner | ip=127.0.0.1 | op=GET_FILE_STATUS {volume=volume52567, bucket=bucket67420, key=testBatchDelete/parent/childFolder/child1, dataSize=0, replicationConfig=null} | ret=FAILURE
org.apache.hadoop.ozone.om.exceptions.OMException: Unable to get file status: volume: volume52567 bucket: bucket67420 key: testBatchDelete/parent/childFolder/child1
	at org.apache.hadoop.ozone.om.KeyManagerImpl.getOzoneFileStatus(KeyManagerImpl.java:1200) ~[ozone-manager-1.4.0-SNAPSHOT.jar:?]
	at org.apache.hadoop.ozone.om.KeyManagerImpl.getFileStatus(KeyManagerImpl.java:1118) ~[ozone-manager-1.4.0-SNAPSHOT.jar:?]
	at org.apache.hadoop.ozone.om.OmMetadataReader.getFileStatus(OmMetadataReader.java:288) ~[ozone-manager-1.4.0-SNAPSHOT.jar:?]
	at org.apache.hadoop.ozone.om.OzoneManager.getFileStatus(OzoneManager.java:3491) ~[ozone-manager-1.4.0-SNAPSHOT.jar:?]
	at org.apache.hadoop.ozone.protocolPB.OzoneManagerRequestHandler.getOzoneFileStatus(OzoneManagerRequestHandler.java:934) ~[ozone-manager-1.4.0-SNAPSHOT.jar:?]
	at org.apache.hadoop.ozone.protocolPB.OzoneManagerRequestHandler.handleReadRequest(OzoneManagerRequestHandler.java:238) ~[ozone-manager-1.4.0-SNAPSHOT.jar:?]
	at org.apache.hadoop.ozone.protocolPB.OzoneManagerProtocolServerSideTranslatorPB.submitReadRequestToOM(OzoneManagerProtocolServerSideTranslatorPB.java:223) ~[ozone-manager-1.4.0-SNAPSHOT.jar:?]
	at org.apache.hadoop.ozone.protocolPB.OzoneManagerProtocolServerSideTranslatorPB.processRequest(OzoneManagerProtocolServerSideTranslatorPB.java:177) ~[ozone-manager-1.4.0-SNAPSHOT.jar:?]
	at org.apache.hadoop.hdds.server.OzoneProtocolMessageDispatcher.processRequest(OzoneProtocolMessageDispatcher.java:87) [hdds-server-framework-1.4.0-SNAPSHOT.jar:?]
	at org.apache.hadoop.ozone.protocolPB.OzoneManagerProtocolServerSideTranslatorPB.submitRequest(OzoneManagerProtocolServerSideTranslatorPB.java:147) [ozone-manager-1.4.0-SNAPSHOT.jar:?]
	at org.apache.hadoop.ozone.protocol.proto.OzoneManagerProtocolProtos$OzoneManagerService$2.callBlockingMethod(OzoneManagerProtocolProtos.java) [ozone-interface-client-1.4.0-SNAPSHOT.jar:?]
	at org.apache.hadoop.ipc.ProtobufRpcEngine$Server.processCall(ProtobufRpcEngine.java:484) [hadoop-common-3.3.5.jar:?]
	at org.apache.hadoop.ipc.ProtobufRpcEngine2$Server$ProtoBufRpcInvoker.call(ProtobufRpcEngine2.java:595) [hadoop-common-3.3.5.jar:?]
	at org.apache.hadoop.ipc.ProtobufRpcEngine2$Server$ProtoBufRpcInvoker.call(ProtobufRpcEngine2.java:573) [hadoop-common-3.3.5.jar:?]
	at org.apache.hadoop.ipc.RPC$Server.call(RPC.java:1213) [hadoop-common-3.3.5.jar:?]
	at org.apache.hadoop.ipc.Server$RpcCall.run(Server.java:1089) [hadoop-common-3.3.5.jar:?]
	at org.apache.hadoop.ipc.Server$RpcCall.run(Server.java:1012) [hadoop-common-3.3.5.jar:?]
	at java.security.AccessController.doPrivileged(Native Method) ~[?:1.8.0_362]
	at javax.security.auth.Subject.doAs(Subject.java:422) [?:1.8.0_362]
	at org.apache.hadoop.security.UserGroupInformation.doAs(UserGroupInformation.java:1899) [hadoop-common-3.3.5.jar:?]
	at org.apache.hadoop.ipc.Server$Handler.run(Server.java:3026) [hadoop-common-3.3.5.jar:?]
17:16:55.936 [IPC Server handler 3 on default port 41353] ERROR OMAudit - user=runner | ip=127.0.0.1 | op=GET_FILE_STATUS {volume=volume52567, bucket=bucket67420, key=testBatchDelete/parent/child2, dataSize=0, replicationConfig=null} | ret=FAILURE
org.apache.hadoop.ozone.om.exceptions.OMException: Unable to get file status: volume: volume52567 bucket: bucket67420 key: testBatchDelete/parent/child2
	at org.apache.hadoop.ozone.om.KeyManagerImpl.getOzoneFileStatus(KeyManagerImpl.java:1200) ~[ozone-manager-1.4.0-SNAPSHOT.jar:?]
	at org.apache.hadoop.ozone.om.KeyManagerImpl.getFileStatus(KeyManagerImpl.java:1118) ~[ozone-manager-1.4.0-SNAPSHOT.jar:?]
	at org.apache.hadoop.ozone.om.OmMetadataReader.getFileStatus(OmMetadataReader.java:288) ~[ozone-manager-1.4.0-SNAPSHOT.jar:?]
	at org.apache.hadoop.ozone.om.OzoneManager.getFileStatus(OzoneManager.java:3491) ~[ozone-manager-1.4.0-SNAPSHOT.jar:?]
	at org.apache.hadoop.ozone.protocolPB.OzoneManagerRequestHandler.getOzoneFileStatus(OzoneManagerRequestHandler.java:934) ~[ozone-manager-1.4.0-SNAPSHOT.jar:?]
	at org.apache.hadoop.ozone.protocolPB.OzoneManagerRequestHandler.handleReadRequest(OzoneManagerRequestHandler.java:238) ~[ozone-manager-1.4.0-SNAPSHOT.jar:?]
	at org.apache.hadoop.ozone.protocolPB.OzoneManagerProtocolServerSideTranslatorPB.submitReadRequestToOM(OzoneManagerProtocolServerSideTranslatorPB.java:223) ~[ozone-manager-1.4.0-SNAPSHOT.jar:?]
	at org.apache.hadoop.ozone.protocolPB.OzoneManagerProtocolServerSideTranslatorPB.processRequest(OzoneManagerProtocolServerSideTranslatorPB.java:177) ~[ozone-manager-1.4.0-SNAPSHOT.jar:?]
	at org.apache.hadoop.hdds.server.OzoneProtocolMessageDispatcher.processRequest(OzoneProtocolMessageDispatcher.java:87) [hdds-server-framework-1.4.0-SNAPSHOT.jar:?]
	at org.apache.hadoop.ozone.protocolPB.OzoneManagerProtocolServerSideTranslatorPB.submitRequest(OzoneManagerProtocolServerSideTranslatorPB.java:147) [ozone-manager-1.4.0-SNAPSHOT.jar:?]
	at org.apache.hadoop.ozone.protocol.proto.OzoneManagerProtocolProtos$OzoneManagerService$2.callBlockingMethod(OzoneManagerProtocolProtos.java) [ozone-interface-client-1.4.0-SNAPSHOT.jar:?]
	at org.apache.hadoop.ipc.ProtobufRpcEngine$Server.processCall(ProtobufRpcEngine.java:484) [hadoop-common-3.3.5.jar:?]
	at org.apache.hadoop.ipc.ProtobufRpcEngine2$Server$ProtoBufRpcInvoker.call(ProtobufRpcEngine2.java:595) [hadoop-common-3.3.5.jar:?]
	at org.apache.hadoop.ipc.ProtobufRpcEngine2$Server$ProtoBufRpcInvoker.call(ProtobufRpcEngine2.java:573) [hadoop-common-3.3.5.jar:?]
	at org.apache.hadoop.ipc.RPC$Server.call(RPC.java:1213) [hadoop-common-3.3.5.jar:?]
	at org.apache.hadoop.ipc.Server$RpcCall.run(Server.java:1089) [hadoop-common-3.3.5.jar:?]
	at org.apache.hadoop.ipc.Server$RpcCall.run(Server.java:1012) [hadoop-common-3.3.5.jar:?]
	at java.security.AccessController.doPrivileged(Native Method) ~[?:1.8.0_362]
	at javax.security.auth.Subject.doAs(Subject.java:422) [?:1.8.0_362]
	at org.apache.hadoop.security.UserGroupInformation.doAs(UserGroupInformation.java:1899) [hadoop-common-3.3.5.jar:?]
	at org.apache.hadoop.ipc.Server$Handler.run(Server.java:3026) [hadoop-common-3.3.5.jar:?]
17:16:55.937 [IPC Server handler 8 on default port 41353] ERROR OMAudit - user=runner | ip=127.0.0.1 | op=GET_FILE_STATUS {volume=volume52567, bucket=bucket67420, key=testBatchDelete/parent/childFolder/child2, dataSize=0, replicationConfig=null} | ret=FAILURE
org.apache.hadoop.ozone.om.exceptions.OMException: Unable to get file status: volume: volume52567 bucket: bucket67420 key: testBatchDelete/parent/childFolder/child2
	at org.apache.hadoop.ozone.om.KeyManagerImpl.getOzoneFileStatus(KeyManagerImpl.java:1200) ~[ozone-manager-1.4.0-SNAPSHOT.jar:?]
	at org.apache.hadoop.ozone.om.KeyManagerImpl.getFileStatus(KeyManagerImpl.java:1118) ~[ozone-manager-1.4.0-SNAPSHOT.jar:?]
	at org.apache.hadoop.ozone.om.OmMetadataReader.getFileStatus(OmMetadataReader.java:288) ~[ozone-manager-1.4.0-SNAPSHOT.jar:?]
	at org.apache.hadoop.ozone.om.OzoneManager.getFileStatus(OzoneManager.java:3491) ~[ozone-manager-1.4.0-SNAPSHOT.jar:?]
	at org.apache.hadoop.ozone.protocolPB.OzoneManagerRequestHandler.getOzoneFileStatus(OzoneManagerRequestHandler.java:934) ~[ozone-manager-1.4.0-SNAPSHOT.jar:?]
	at org.apache.hadoop.ozone.protocolPB.OzoneManagerRequestHandler.handleReadRequest(OzoneManagerRequestHandler.java:238) ~[ozone-manager-1.4.0-SNAPSHOT.jar:?]
	at org.apache.hadoop.ozone.protocolPB.OzoneManagerProtocolServerSideTranslatorPB.submitReadRequestToOM(OzoneManagerProtocolServerSideTranslatorPB.java:223) ~[ozone-manager-1.4.0-SNAPSHOT.jar:?]
	at org.apache.hadoop.ozone.protocolPB.OzoneManagerProtocolServerSideTranslatorPB.processRequest(OzoneManagerProtocolServerSideTranslatorPB.java:177) ~[ozone-manager-1.4.0-SNAPSHOT.jar:?]
	at org.apache.hadoop.hdds.server.OzoneProtocolMessageDispatcher.processRequest(OzoneProtocolMessageDispatcher.java:87) [hdds-server-framework-1.4.0-SNAPSHOT.jar:?]
	at org.apache.hadoop.ozone.protocolPB.OzoneManagerProtocolServerSideTranslatorPB.submitRequest(OzoneManagerProtocolServerSideTranslatorPB.java:147) [ozone-manager-1.4.0-SNAPSHOT.jar:?]
	at org.apache.hadoop.ozone.protocol.proto.OzoneManagerProtocolProtos$OzoneManagerService$2.callBlockingMethod(OzoneManagerProtocolProtos.java) [ozone-interface-client-1.4.0-SNAPSHOT.jar:?]
	at org.apache.hadoop.ipc.ProtobufRpcEngine$Server.processCall(ProtobufRpcEngine.java:484) [hadoop-common-3.3.5.jar:?]
	at org.apache.hadoop.ipc.ProtobufRpcEngine2$Server$ProtoBufRpcInvoker.call(ProtobufRpcEngine2.java:595) [hadoop-common-3.3.5.jar:?]
	at org.apache.hadoop.ipc.ProtobufRpcEngine2$Server$ProtoBufRpcInvoker.call(ProtobufRpcEngine2.java:573) [hadoop-common-3.3.5.jar:?]
	at org.apache.hadoop.ipc.RPC$Server.call(RPC.java:1213) [hadoop-common-3.3.5.jar:?]
	at org.apache.hadoop.ipc.Server$RpcCall.run(Server.java:1089) [hadoop-common-3.3.5.jar:?]
	at org.apache.hadoop.ipc.Server$RpcCall.run(Server.java:1012) [hadoop-common-3.3.5.jar:?]
	at java.security.AccessController.doPrivileged(Native Method) ~[?:1.8.0_362]
	at javax.security.auth.Subject.doAs(Subject.java:422) [?:1.8.0_362]
	at org.apache.hadoop.security.UserGroupInformation.doAs(UserGroupInformation.java:1899) [hadoop-common-3.3.5.jar:?]
	at org.apache.hadoop.ipc.Server$Handler.run(Server.java:3026) [hadoop-common-3.3.5.jar:?]
17:16:55.939 [IPC Server handler 5 on default port 41353] ERROR OMAudit - user=runner | ip=127.0.0.1 | op=GET_FILE_STATUS {volume=volume52567, bucket=bucket67420, key=testBatchDelete/parent/child3, dataSize=0, replicationConfig=null} | ret=FAILURE
org.apache.hadoop.ozone.om.exceptions.OMException: Unable to get file status: volume: volume52567 bucket: bucket67420 key: testBatchDelete/parent/child3
	at org.apache.hadoop.ozone.om.KeyManagerImpl.getOzoneFileStatus(KeyManagerImpl.java:1200) ~[ozone-manager-1.4.0-SNAPSHOT.jar:?]
	at org.apache.hadoop.ozone.om.KeyManagerImpl.getFileStatus(KeyManagerImpl.java:1118) ~[ozone-manager-1.4.0-SNAPSHOT.jar:?]
	at org.apache.hadoop.ozone.om.OmMetadataReader.getFileStatus(OmMetadataReader.java:288) ~[ozone-manager-1.4.0-SNAPSHOT.jar:?]
	at org.apache.hadoop.ozone.om.OzoneManager.getFileStatus(OzoneManager.java:3491) ~[ozone-manager-1.4.0-SNAPSHOT.jar:?]
	at org.apache.hadoop.ozone.protocolPB.OzoneManagerRequestHandler.getOzoneFileStatus(OzoneManagerRequestHandler.java:934) ~[ozone-manager-1.4.0-SNAPSHOT.jar:?]
	at org.apache.hadoop.ozone.protocolPB.OzoneManagerRequestHandler.handleReadRequest(OzoneManagerRequestHandler.java:238) ~[ozone-manager-1.4.0-SNAPSHOT.jar:?]
	at org.apache.hadoop.ozone.protocolPB.OzoneManagerProtocolServerSideTranslatorPB.submitReadRequestToOM(OzoneManagerProtocolServerSideTranslatorPB.java:223) ~[ozone-manager-1.4.0-SNAPSHOT.jar:?]
	at org.apache.hadoop.ozone.protocolPB.OzoneManagerProtocolServerSideTranslatorPB.processRequest(OzoneManagerProtocolServerSideTranslatorPB.java:177) ~[ozone-manager-1.4.0-SNAPSHOT.jar:?]
	at org.apache.hadoop.hdds.server.OzoneProtocolMessageDispatcher.processRequest(OzoneProtocolMessageDispatcher.java:87) [hdds-server-framework-1.4.0-SNAPSHOT.jar:?]
	at org.apache.hadoop.ozone.protocolPB.OzoneManagerProtocolServerSideTranslatorPB.submitRequest(OzoneManagerProtocolServerSideTranslatorPB.java:147) [ozone-manager-1.4.0-SNAPSHOT.jar:?]
	at org.apache.hadoop.ozone.protocol.proto.OzoneManagerProtocolProtos$OzoneManagerService$2.callBlockingMethod(OzoneManagerProtocolProtos.java) [ozone-interface-client-1.4.0-SNAPSHOT.jar:?]
	at org.apache.hadoop.ipc.ProtobufRpcEngine$Server.processCall(ProtobufRpcEngine.java:484) [hadoop-common-3.3.5.jar:?]
	at org.apache.hadoop.ipc.ProtobufRpcEngine2$Server$ProtoBufRpcInvoker.call(ProtobufRpcEngine2.java:595) [hadoop-common-3.3.5.jar:?]
	at org.apache.hadoop.ipc.ProtobufRpcEngine2$Server$ProtoBufRpcInvoker.call(ProtobufRpcEngine2.java:573) [hadoop-common-3.3.5.jar:?]
	at org.apache.hadoop.ipc.RPC$Server.call(RPC.java:1213) [hadoop-common-3.3.5.jar:?]
	at org.apache.hadoop.ipc.Server$RpcCall.run(Server.java:1089) [hadoop-common-3.3.5.jar:?]
	at org.apache.hadoop.ipc.Server$RpcCall.run(Server.java:1012) [hadoop-common-3.3.5.jar:?]
	at java.security.AccessController.doPrivileged(Native Method) ~[?:1.8.0_362]
	at javax.security.auth.Subject.doAs(Subject.java:422) [?:1.8.0_362]
	at org.apache.hadoop.security.UserGroupInformation.doAs(UserGroupInformation.java:1899) [hadoop-common-3.3.5.jar:?]
	at org.apache.hadoop.ipc.Server$Handler.run(Server.java:3026) [hadoop-common-3.3.5.jar:?]
17:16:55.940 [IPC Server handler 9 on default port 41353] ERROR OMAudit - user=runner | ip=127.0.0.1 | op=GET_FILE_STATUS {volume=volume52567, bucket=bucket67420, key=testBatchDelete/parent/childFolder/child3, dataSize=0, replicationConfig=null} | ret=FAILURE
org.apache.hadoop.ozone.om.exceptions.OMException: Unable to get file status: volume: volume52567 bucket: bucket67420 key: testBatchDelete/parent/childFolder/child3
	at org.apache.hadoop.ozone.om.KeyManagerImpl.getOzoneFileStatus(KeyManagerImpl.java:1200) ~[ozone-manager-1.4.0-SNAPSHOT.jar:?]
	at org.apache.hadoop.ozone.om.KeyManagerImpl.getFileStatus(KeyManagerImpl.java:1118) ~[ozone-manager-1.4.0-SNAPSHOT.jar:?]
	at org.apache.hadoop.ozone.om.OmMetadataReader.getFileStatus(OmMetadataReader.java:288) ~[ozone-manager-1.4.0-SNAPSHOT.jar:?]
	at org.apache.hadoop.ozone.om.OzoneManager.getFileStatus(OzoneManager.java:3491) ~[ozone-manager-1.4.0-SNAPSHOT.jar:?]
	at org.apache.hadoop.ozone.protocolPB.OzoneManagerRequestHandler.getOzoneFileStatus(OzoneManagerRequestHandler.java:934) ~[ozone-manager-1.4.0-SNAPSHOT.jar:?]
	at org.apache.hadoop.ozone.protocolPB.OzoneManagerRequestHandler.handleReadRequest(OzoneManagerRequestHandler.java:238) ~[ozone-manager-1.4.0-SNAPSHOT.jar:?]
	at org.apache.hadoop.ozone.protocolPB.OzoneManagerProtocolServerSideTranslatorPB.submitReadRequestToOM(OzoneManagerProtocolServerSideTranslatorPB.java:223) ~[ozone-manager-1.4.0-SNAPSHOT.jar:?]
	at org.apache.hadoop.ozone.protocolPB.OzoneManagerProtocolServerSideTranslatorPB.processRequest(OzoneManagerProtocolServerSideTranslatorPB.java:177) ~[ozone-manager-1.4.0-SNAPSHOT.jar:?]
	at org.apache.hadoop.hdds.server.OzoneProtocolMessageDispatcher.processRequest(OzoneProtocolMessageDispatcher.java:87) [hdds-server-framework-1.4.0-SNAPSHOT.jar:?]
	at org.apache.hadoop.ozone.protocolPB.OzoneManagerProtocolServerSideTranslatorPB.submitRequest(OzoneManagerProtocolServerSideTranslatorPB.java:147) [ozone-manager-1.4.0-SNAPSHOT.jar:?]
	at org.apache.hadoop.ozone.protocol.proto.OzoneManagerProtocolProtos$OzoneManagerService$2.callBlockingMethod(OzoneManagerProtocolProtos.java) [ozone-interface-client-1.4.0-SNAPSHOT.jar:?]
	at org.apache.hadoop.ipc.ProtobufRpcEngine$Server.processCall(ProtobufRpcEngine.java:484) [hadoop-common-3.3.5.jar:?]
	at org.apache.hadoop.ipc.ProtobufRpcEngine2$Server$ProtoBufRpcInvoker.call(ProtobufRpcEngine2.java:595) [hadoop-common-3.3.5.jar:?]
	at org.apache.hadoop.ipc.ProtobufRpcEngine2$Server$ProtoBufRpcInvoker.call(ProtobufRpcEngine2.java:573) [hadoop-common-3.3.5.jar:?]
	at org.apache.hadoop.ipc.RPC$Server.call(RPC.java:1213) [hadoop-common-3.3.5.jar:?]
	at org.apache.hadoop.ipc.Server$RpcCall.run(Server.java:1089) [hadoop-common-3.3.5.jar:?]
	at org.apache.hadoop.ipc.Server$RpcCall.run(Server.java:1012) [hadoop-common-3.3.5.jar:?]
	at java.security.AccessController.doPrivileged(Native Method) ~[?:1.8.0_362]
	at javax.security.auth.Subject.doAs(Subject.java:422) [?:1.8.0_362]
	at org.apache.hadoop.security.UserGroupInformation.doAs(UserGroupInformation.java:1899) [hadoop-common-3.3.5.jar:?]
	at org.apache.hadoop.ipc.Server$Handler.run(Server.java:3026) [hadoop-common-3.3.5.jar:?]
17:16:55.942 [IPC Server handler 16 on default port 41353] ERROR OMAudit - user=runner | ip=127.0.0.1 | op=GET_FILE_STATUS {volume=volume52567, bucket=bucket67420, key=testBatchDelete/parent/child4, dataSize=0, replicationConfig=null} | ret=FAILURE
org.apache.hadoop.ozone.om.exceptions.OMException: Unable to get file status: volume: volume52567 bucket: bucket67420 key: testBatchDelete/parent/child4
	at org.apache.hadoop.ozone.om.KeyManagerImpl.getOzoneFileStatus(KeyManagerImpl.java:1200) ~[ozone-manager-1.4.0-SNAPSHOT.jar:?]
	at org.apache.hadoop.ozone.om.KeyManagerImpl.getFileStatus(KeyManagerImpl.java:1118) ~[ozone-manager-1.4.0-SNAPSHOT.jar:?]
	at org.apache.hadoop.ozone.om.OmMetadataReader.getFileStatus(OmMetadataReader.java:288) ~[ozone-manager-1.4.0-SNAPSHOT.jar:?]
	at org.apache.hadoop.ozone.om.OzoneManager.getFileStatus(OzoneManager.java:3491) ~[ozone-manager-1.4.0-SNAPSHOT.jar:?]
	at org.apache.hadoop.ozone.protocolPB.OzoneManagerRequestHandler.getOzoneFileStatus(OzoneManagerRequestHandler.java:934) ~[ozone-manager-1.4.0-SNAPSHOT.jar:?]
	at org.apache.hadoop.ozone.protocolPB.OzoneManagerRequestHandler.handleReadRequest(OzoneManagerRequestHandler.java:238) ~[ozone-manager-1.4.0-SNAPSHOT.jar:?]
	at org.apache.hadoop.ozone.protocolPB.OzoneManagerProtocolServerSideTranslatorPB.submitReadRequestToOM(OzoneManagerProtocolServerSideTranslatorPB.java:223) ~[ozone-manager-1.4.0-SNAPSHOT.jar:?]
	at org.apache.hadoop.ozone.protocolPB.OzoneManagerProtocolServerSideTranslatorPB.processRequest(OzoneManagerProtocolServerSideTranslatorPB.java:177) ~[ozone-manager-1.4.0-SNAPSHOT.jar:?]
	at org.apache.hadoop.hdds.server.OzoneProtocolMessageDispatcher.processRequest(OzoneProtocolMessageDispatcher.java:87) [hdds-server-framework-1.4.0-SNAPSHOT.jar:?]
	at org.apache.hadoop.ozone.protocolPB.OzoneManagerProtocolServerSideTranslatorPB.submitRequest(OzoneManagerProtocolServerSideTranslatorPB.java:147) [ozone-manager-1.4.0-SNAPSHOT.jar:?]
	at org.apache.hadoop.ozone.protocol.proto.OzoneManagerProtocolProtos$OzoneManagerService$2.callBlockingMethod(OzoneManagerProtocolProtos.java) [ozone-interface-client-1.4.0-SNAPSHOT.jar:?]
	at org.apache.hadoop.ipc.ProtobufRpcEngine$Server.processCall(ProtobufRpcEngine.java:484) [hadoop-common-3.3.5.jar:?]
	at org.apache.hadoop.ipc.ProtobufRpcEngine2$Server$ProtoBufRpcInvoker.call(ProtobufRpcEngine2.java:595) [hadoop-common-3.3.5.jar:?]
	at org.apache.hadoop.ipc.ProtobufRpcEngine2$Server$ProtoBufRpcInvoker.call(ProtobufRpcEngine2.java:573) [hadoop-common-3.3.5.jar:?]
	at org.apache.hadoop.ipc.RPC$Server.call(RPC.java:1213) [hadoop-common-3.3.5.jar:?]
	at org.apache.hadoop.ipc.Server$RpcCall.run(Server.java:1089) [hadoop-common-3.3.5.jar:?]
	at org.apache.hadoop.ipc.Server$RpcCall.run(Server.java:1012) [hadoop-common-3.3.5.jar:?]
	at java.security.AccessController.doPrivileged(Native Method) ~[?:1.8.0_362]
	at javax.security.auth.Subject.doAs(Subject.java:422) [?:1.8.0_362]
	at org.apache.hadoop.security.UserGroupInformation.doAs(UserGroupInformation.java:1899) [hadoop-common-3.3.5.jar:?]
	at org.apache.hadoop.ipc.Server$Handler.run(Server.java:3026) [hadoop-common-3.3.5.jar:?]
17:16:55.943 [IPC Server handler 18 on default port 41353] ERROR OMAudit - user=runner | ip=127.0.0.1 | op=GET_FILE_STATUS {volume=volume52567, bucket=bucket67420, key=testBatchDelete/parent/childFolder/child4, dataSize=0, replicationConfig=null} | ret=FAILURE
org.apache.hadoop.ozone.om.exceptions.OMException: Unable to get file status: volume: volume52567 bucket: bucket67420 key: testBatchDelete/parent/childFolder/child4
	at org.apache.hadoop.ozone.om.KeyManagerImpl.getOzoneFileStatus(KeyManagerImpl.java:1200) ~[ozone-manager-1.4.0-SNAPSHOT.jar:?]
	at org.apache.hadoop.ozone.om.KeyManagerImpl.getFileStatus(KeyManagerImpl.java:1118) ~[ozone-manager-1.4.0-SNAPSHOT.jar:?]
	at org.apache.hadoop.ozone.om.OmMetadataReader.getFileStatus(OmMetadataReader.java:288) ~[ozone-manager-1.4.0-SNAPSHOT.jar:?]
	at org.apache.hadoop.ozone.om.OzoneManager.getFileStatus(OzoneManager.java:3491) ~[ozone-manager-1.4.0-SNAPSHOT.jar:?]
	at org.apache.hadoop.ozone.protocolPB.OzoneManagerRequestHandler.getOzoneFileStatus(OzoneManagerRequestHandler.java:934) ~[ozone-manager-1.4.0-SNAPSHOT.jar:?]
	at org.apache.hadoop.ozone.protocolPB.OzoneManagerRequestHandler.handleReadRequest(OzoneManagerRequestHandler.java:238) ~[ozone-manager-1.4.0-SNAPSHOT.jar:?]
	at org.apache.hadoop.ozone.protocolPB.OzoneManagerProtocolServerSideTranslatorPB.submitReadRequestToOM(OzoneManagerProtocolServerSideTranslatorPB.java:223) ~[ozone-manager-1.4.0-SNAPSHOT.jar:?]
	at org.apache.hadoop.ozone.protocolPB.OzoneManagerProtocolServerSideTranslatorPB.processRequest(OzoneManagerProtocolServerSideTranslatorPB.java:177) ~[ozone-manager-1.4.0-SNAPSHOT.jar:?]
	at org.apache.hadoop.hdds.server.OzoneProtocolMessageDispatcher.processRequest(OzoneProtocolMessageDispatcher.java:87) [hdds-server-framework-1.4.0-SNAPSHOT.jar:?]
	at org.apache.hadoop.ozone.protocolPB.OzoneManagerProtocolServerSideTranslatorPB.submitRequest(OzoneManagerProtocolServerSideTranslatorPB.java:147) [ozone-manager-1.4.0-SNAPSHOT.jar:?]
	at org.apache.hadoop.ozone.protocol.proto.OzoneManagerProtocolProtos$OzoneManagerService$2.callBlockingMethod(OzoneManagerProtocolProtos.java) [ozone-interface-client-1.4.0-SNAPSHOT.jar:?]
	at org.apache.hadoop.ipc.ProtobufRpcEngine$Server.processCall(ProtobufRpcEngine.java:484) [hadoop-common-3.3.5.jar:?]
	at org.apache.hadoop.ipc.ProtobufRpcEngine2$Server$ProtoBufRpcInvoker.call(ProtobufRpcEngine2.java:595) [hadoop-common-3.3.5.jar:?]
	at org.apache.hadoop.ipc.ProtobufRpcEngine2$Server$ProtoBufRpcInvoker.call(ProtobufRpcEngine2.java:573) [hadoop-common-3.3.5.jar:?]
	at org.apache.hadoop.ipc.RPC$Server.call(RPC.java:1213) [hadoop-common-3.3.5.jar:?]
	at org.apache.hadoop.ipc.Server$RpcCall.run(Server.java:1089) [hadoop-common-3.3.5.jar:?]
	at org.apache.hadoop.ipc.Server$RpcCall.run(Server.java:1012) [hadoop-common-3.3.5.jar:?]
	at java.security.AccessController.doPrivileged(Native Method) ~[?:1.8.0_362]
	at javax.security.auth.Subject.doAs(Subject.java:422) [?:1.8.0_362]
	at org.apache.hadoop.security.UserGroupInformation.doAs(UserGroupInformation.java:1899) [hadoop-common-3.3.5.jar:?]
	at org.apache.hadoop.ipc.Server$Handler.run(Server.java:3026) [hadoop-common-3.3.5.jar:?]
17:16:55.945 [IPC Server handler 19 on default port 41353] ERROR OMAudit - user=runner | ip=127.0.0.1 | op=GET_FILE_STATUS {volume=volume52567, bucket=bucket67420, key=testBatchDelete/parent/child5, dataSize=0, replicationConfig=null} | ret=FAILURE
org.apache.hadoop.ozone.om.exceptions.OMException: Unable to get file status: volume: volume52567 bucket: bucket67420 key: testBatchDelete/parent/child5
	at org.apache.hadoop.ozone.om.KeyManagerImpl.getOzoneFileStatus(KeyManagerImpl.java:1200) ~[ozone-manager-1.4.0-SNAPSHOT.jar:?]
	at org.apache.hadoop.ozone.om.KeyManagerImpl.getFileStatus(KeyManagerImpl.java:1118) ~[ozone-manager-1.4.0-SNAPSHOT.jar:?]
	at org.apache.hadoop.ozone.om.OmMetadataReader.getFileStatus(OmMetadataReader.java:288) ~[ozone-manager-1.4.0-SNAPSHOT.jar:?]
	at org.apache.hadoop.ozone.om.OzoneManager.getFileStatus(OzoneManager.java:3491) ~[ozone-manager-1.4.0-SNAPSHOT.jar:?]
	at org.apache.hadoop.ozone.protocolPB.OzoneManagerRequestHandler.getOzoneFileStatus(OzoneManagerRequestHandler.java:934) ~[ozone-manager-1.4.0-SNAPSHOT.jar:?]
	at org.apache.hadoop.ozone.protocolPB.OzoneManagerRequestHandler.handleReadRequest(OzoneManagerRequestHandler.java:238) ~[ozone-manager-1.4.0-SNAPSHOT.jar:?]
	at org.apache.hadoop.ozone.protocolPB.OzoneManagerProtocolServerSideTranslatorPB.submitReadRequestToOM(OzoneManagerProtocolServerSideTranslatorPB.java:223) ~[ozone-manager-1.4.0-SNAPSHOT.jar:?]
	at org.apache.hadoop.ozone.protocolPB.OzoneManagerProtocolServerSideTranslatorPB.processRequest(OzoneManagerProtocolServerSideTranslatorPB.java:177) ~[ozone-manager-1.4.0-SNAPSHOT.jar:?]
	at org.apache.hadoop.hdds.server.OzoneProtocolMessageDispatcher.processRequest(OzoneProtocolMessageDispatcher.java:87) [hdds-server-framework-1.4.0-SNAPSHOT.jar:?]
	at org.apache.hadoop.ozone.protocolPB.OzoneManagerProtocolServerSideTranslatorPB.submitRequest(OzoneManagerProtocolServerSideTranslatorPB.java:147) [ozone-manager-1.4.0-SNAPSHOT.jar:?]
	at org.apache.hadoop.ozone.protocol.proto.OzoneManagerProtocolProtos$OzoneManagerService$2.callBlockingMethod(OzoneManagerProtocolProtos.java) [ozone-interface-client-1.4.0-SNAPSHOT.jar:?]
	at org.apache.hadoop.ipc.ProtobufRpcEngine$Server.processCall(ProtobufRpcEngine.java:484) [hadoop-common-3.3.5.jar:?]
	at org.apache.hadoop.ipc.ProtobufRpcEngine2$Server$ProtoBufRpcInvoker.call(ProtobufRpcEngine2.java:595) [hadoop-common-3.3.5.jar:?]
	at org.apache.hadoop.ipc.ProtobufRpcEngine2$Server$ProtoBufRpcInvoker.call(ProtobufRpcEngine2.java:573) [hadoop-common-3.3.5.jar:?]
	at org.apache.hadoop.ipc.RPC$Server.call(RPC.java:1213) [hadoop-common-3.3.5.jar:?]
	at org.apache.hadoop.ipc.Server$RpcCall.run(Server.java:1089) [hadoop-common-3.3.5.jar:?]
	at org.apache.hadoop.ipc.Server$RpcCall.run(Server.java:1012) [hadoop-common-3.3.5.jar:?]
	at java.security.AccessController.doPrivileged(Native Method) ~[?:1.8.0_362]
	at javax.security.auth.Subject.doAs(Subject.java:422) [?:1.8.0_362]
	at org.apache.hadoop.security.UserGroupInformation.doAs(UserGroupInformation.java:1899) [hadoop-common-3.3.5.jar:?]
	at org.apache.hadoop.ipc.Server$Handler.run(Server.java:3026) [hadoop-common-3.3.5.jar:?]
17:16:55.946 [IPC Server handler 13 on default port 41353] ERROR OMAudit - user=runner | ip=127.0.0.1 | op=GET_FILE_STATUS {volume=volume52567, bucket=bucket67420, key=testBatchDelete/parent/childFolder/child5, dataSize=0, replicationConfig=null} | ret=FAILURE
org.apache.hadoop.ozone.om.exceptions.OMException: Unable to get file status: volume: volume52567 bucket: bucket67420 key: testBatchDelete/parent/childFolder/child5
	at org.apache.hadoop.ozone.om.KeyManagerImpl.getOzoneFileStatus(KeyManagerImpl.java:1200) ~[ozone-manager-1.4.0-SNAPSHOT.jar:?]
	at org.apache.hadoop.ozone.om.KeyManagerImpl.getFileStatus(KeyManagerImpl.java:1118) ~[ozone-manager-1.4.0-SNAPSHOT.jar:?]
	at org.apache.hadoop.ozone.om.OmMetadataReader.getFileStatus(OmMetadataReader.java:288) ~[ozone-manager-1.4.0-SNAPSHOT.jar:?]
	at org.apache.hadoop.ozone.om.OzoneManager.getFileStatus(OzoneManager.java:3491) ~[ozone-manager-1.4.0-SNAPSHOT.jar:?]
	at org.apache.hadoop.ozone.protocolPB.OzoneManagerRequestHandler.getOzoneFileStatus(OzoneManagerRequestHandler.java:934) ~[ozone-manager-1.4.0-SNAPSHOT.jar:?]
	at org.apache.hadoop.ozone.protocolPB.OzoneManagerRequestHandler.handleReadRequest(OzoneManagerRequestHandler.java:238) ~[ozone-manager-1.4.0-SNAPSHOT.jar:?]
	at org.apache.hadoop.ozone.protocolPB.OzoneManagerProtocolServerSideTranslatorPB.submitReadRequestToOM(OzoneManagerProtocolServerSideTranslatorPB.java:223) ~[ozone-manager-1.4.0-SNAPSHOT.jar:?]
	at org.apache.hadoop.ozone.protocolPB.OzoneManagerProtocolServerSideTranslatorPB.processRequest(OzoneManagerProtocolServerSideTranslatorPB.java:177) ~[ozone-manager-1.4.0-SNAPSHOT.jar:?]
	at org.apache.hadoop.hdds.server.OzoneProtocolMessageDispatcher.processRequest(OzoneProtocolMessageDispatcher.java:87) [hdds-server-framework-1.4.0-SNAPSHOT.jar:?]
	at org.apache.hadoop.ozone.protocolPB.OzoneManagerProtocolServerSideTranslatorPB.submitRequest(OzoneManagerProtocolServerSideTranslatorPB.java:147) [ozone-manager-1.4.0-SNAPSHOT.jar:?]
	at org.apache.hadoop.ozone.protocol.proto.OzoneManagerProtocolProtos$OzoneManagerService$2.callBlockingMethod(OzoneManagerProtocolProtos.java) [ozone-interface-client-1.4.0-SNAPSHOT.jar:?]
	at org.apache.hadoop.ipc.ProtobufRpcEngine$Server.processCall(ProtobufRpcEngine.java:484) [hadoop-common-3.3.5.jar:?]
	at org.apache.hadoop.ipc.ProtobufRpcEngine2$Server$ProtoBufRpcInvoker.call(ProtobufRpcEngine2.java:595) [hadoop-common-3.3.5.jar:?]
	at org.apache.hadoop.ipc.ProtobufRpcEngine2$Server$ProtoBufRpcInvoker.call(ProtobufRpcEngine2.java:573) [hadoop-common-3.3.5.jar:?]
	at org.apache.hadoop.ipc.RPC$Server.call(RPC.java:1213) [hadoop-common-3.3.5.jar:?]
	at org.apache.hadoop.ipc.Server$RpcCall.run(Server.java:1089) [hadoop-common-3.3.5.jar:?]
	at org.apache.hadoop.ipc.Server$RpcCall.run(Server.java:1012) [hadoop-common-3.3.5.jar:?]
	at java.security.AccessController.doPrivileged(Native Method) ~[?:1.8.0_362]
	at javax.security.auth.Subject.doAs(Subject.java:422) [?:1.8.0_362]
	at org.apache.hadoop.security.UserGroupInformation.doAs(UserGroupInformation.java:1899) [hadoop-common-3.3.5.jar:?]
	at org.apache.hadoop.ipc.Server$Handler.run(Server.java:3026) [hadoop-common-3.3.5.jar:?]
17:16:55.947 [IPC Server handler 14 on default port 41353] ERROR OMAudit - user=runner | ip=127.0.0.1 | op=GET_FILE_STATUS {volume=volume52567, bucket=bucket67420, key=testBatchDelete/parent/child6, dataSize=0, replicationConfig=null} | ret=FAILURE
org.apache.hadoop.ozone.om.exceptions.OMException: Unable to get file status: volume: volume52567 bucket: bucket67420 key: testBatchDelete/parent/child6
	at org.apache.hadoop.ozone.om.KeyManagerImpl.getOzoneFileStatus(KeyManagerImpl.java:1200) ~[ozone-manager-1.4.0-SNAPSHOT.jar:?]
	at org.apache.hadoop.ozone.om.KeyManagerImpl.getFileStatus(KeyManagerImpl.java:1118) ~[ozone-manager-1.4.0-SNAPSHOT.jar:?]
	at org.apache.hadoop.ozone.om.OmMetadataReader.getFileStatus(OmMetadataReader.java:288) ~[ozone-manager-1.4.0-SNAPSHOT.jar:?]
	at org.apache.hadoop.ozone.om.OzoneManager.getFileStatus(OzoneManager.java:3491) ~[ozone-manager-1.4.0-SNAPSHOT.jar:?]
	at org.apache.hadoop.ozone.protocolPB.OzoneManagerRequestHandler.getOzoneFileStatus(OzoneManagerRequestHandler.java:934) ~[ozone-manager-1.4.0-SNAPSHOT.jar:?]
	at org.apache.hadoop.ozone.protocolPB.OzoneManagerRequestHandler.handleReadRequest(OzoneManagerRequestHandler.java:238) ~[ozone-manager-1.4.0-SNAPSHOT.jar:?]
	at org.apache.hadoop.ozone.protocolPB.OzoneManagerProtocolServerSideTranslatorPB.submitReadRequestToOM(OzoneManagerProtocolServerSideTranslatorPB.java:223) ~[ozone-manager-1.4.0-SNAPSHOT.jar:?]
	at org.apache.hadoop.ozone.protocolPB.OzoneManagerProtocolServerSideTranslatorPB.processRequest(OzoneManagerProtocolServerSideTranslatorPB.java:177) ~[ozone-manager-1.4.0-SNAPSHOT.jar:?]
	at org.apache.hadoop.hdds.server.OzoneProtocolMessageDispatcher.processRequest(OzoneProtocolMessageDispatcher.java:87) [hdds-server-framework-1.4.0-SNAPSHOT.jar:?]
	at org.apache.hadoop.ozone.protocolPB.OzoneManagerProtocolServerSideTranslatorPB.submitRequest(OzoneManagerProtocolServerSideTranslatorPB.java:147) [ozone-manager-1.4.0-SNAPSHOT.jar:?]
	at org.apache.hadoop.ozone.protocol.proto.OzoneManagerProtocolProtos$OzoneManagerService$2.callBlockingMethod(OzoneManagerProtocolProtos.java) [ozone-interface-client-1.4.0-SNAPSHOT.jar:?]
	at org.apache.hadoop.ipc.ProtobufRpcEngine$Server.processCall(ProtobufRpcEngine.java:484) [hadoop-common-3.3.5.jar:?]
	at org.apache.hadoop.ipc.ProtobufRpcEngine2$Server$ProtoBufRpcInvoker.call(ProtobufRpcEngine2.java:595) [hadoop-common-3.3.5.jar:?]
	at org.apache.hadoop.ipc.ProtobufRpcEngine2$Server$ProtoBufRpcInvoker.call(ProtobufRpcEngine2.java:573) [hadoop-common-3.3.5.jar:?]
	at org.apache.hadoop.ipc.RPC$Server.call(RPC.java:1213) [hadoop-common-3.3.5.jar:?]
	at org.apache.hadoop.ipc.Server$RpcCall.run(Server.java:1089) [hadoop-common-3.3.5.jar:?]
	at org.apache.hadoop.ipc.Server$RpcCall.run(Server.java:1012) [hadoop-common-3.3.5.jar:?]
	at java.security.AccessController.doPrivileged(Native Method) ~[?:1.8.0_362]
	at javax.security.auth.Subject.doAs(Subject.java:422) [?:1.8.0_362]
	at org.apache.hadoop.security.UserGroupInformation.doAs(UserGroupInformation.java:1899) [hadoop-common-3.3.5.jar:?]
	at org.apache.hadoop.ipc.Server$Handler.run(Server.java:3026) [hadoop-common-3.3.5.jar:?]
17:16:55.951 [IPC Server handler 0 on default port 41353] ERROR OMAudit - user=runner | ip=127.0.0.1 | op=GET_FILE_STATUS {volume=volume52567, bucket=bucket67420, key=testBatchDelete/parent/childFolder/child6, dataSize=0, replicationConfig=null} | ret=FAILURE
org.apache.hadoop.ozone.om.exceptions.OMException: Unable to get file status: volume: volume52567 bucket: bucket67420 key: testBatchDelete/parent/childFolder/child6
	at org.apache.hadoop.ozone.om.KeyManagerImpl.getOzoneFileStatus(KeyManagerImpl.java:1200) ~[ozone-manager-1.4.0-SNAPSHOT.jar:?]
	at org.apache.hadoop.ozone.om.KeyManagerImpl.getFileStatus(KeyManagerImpl.java:1118) ~[ozone-manager-1.4.0-SNAPSHOT.jar:?]
	at org.apache.hadoop.ozone.om.OmMetadataReader.getFileStatus(OmMetadataReader.java:288) ~[ozone-manager-1.4.0-SNAPSHOT.jar:?]
	at org.apache.hadoop.ozone.om.OzoneManager.getFileStatus(OzoneManager.java:3491) ~[ozone-manager-1.4.0-SNAPSHOT.jar:?]
	at org.apache.hadoop.ozone.protocolPB.OzoneManagerRequestHandler.getOzoneFileStatus(OzoneManagerRequestHandler.java:934) ~[ozone-manager-1.4.0-SNAPSHOT.jar:?]
	at org.apache.hadoop.ozone.protocolPB.OzoneManagerRequestHandler.handleReadRequest(OzoneManagerRequestHandler.java:238) ~[ozone-manager-1.4.0-SNAPSHOT.jar:?]
	at org.apache.hadoop.ozone.protocolPB.OzoneManagerProtocolServerSideTranslatorPB.submitReadRequestToOM(OzoneManagerProtocolServerSideTranslatorPB.java:223) ~[ozone-manager-1.4.0-SNAPSHOT.jar:?]
	at org.apache.hadoop.ozone.protocolPB.OzoneManagerProtocolServerSideTranslatorPB.processRequest(OzoneManagerProtocolServerSideTranslatorPB.java:177) ~[ozone-manager-1.4.0-SNAPSHOT.jar:?]
	at org.apache.hadoop.hdds.server.OzoneProtocolMessageDispatcher.processRequest(OzoneProtocolMessageDispatcher.java:87) [hdds-server-framework-1.4.0-SNAPSHOT.jar:?]
	at org.apache.hadoop.ozone.protocolPB.OzoneManagerProtocolServerSideTranslatorPB.submitRequest(OzoneManagerProtocolServerSideTranslatorPB.java:147) [ozone-manager-1.4.0-SNAPSHOT.jar:?]
	at org.apache.hadoop.ozone.protocol.proto.OzoneManagerProtocolProtos$OzoneManagerService$2.callBlockingMethod(OzoneManagerProtocolProtos.java) [ozone-interface-client-1.4.0-SNAPSHOT.jar:?]
	at org.apache.hadoop.ipc.ProtobufRpcEngine$Server.processCall(ProtobufRpcEngine.java:484) [hadoop-common-3.3.5.jar:?]
	at org.apache.hadoop.ipc.ProtobufRpcEngine2$Server$ProtoBufRpcInvoker.call(ProtobufRpcEngine2.java:595) [hadoop-common-3.3.5.jar:?]
	at org.apache.hadoop.ipc.ProtobufRpcEngine2$Server$ProtoBufRpcInvoker.call(ProtobufRpcEngine2.java:573) [hadoop-common-3.3.5.jar:?]
	at org.apache.hadoop.ipc.RPC$Server.call(RPC.java:1213) [hadoop-common-3.3.5.jar:?]
	at org.apache.hadoop.ipc.Server$RpcCall.run(Server.java:1089) [hadoop-common-3.3.5.jar:?]
	at org.apache.hadoop.ipc.Server$RpcCall.run(Server.java:1012) [hadoop-common-3.3.5.jar:?]
	at java.security.AccessController.doPrivileged(Native Method) ~[?:1.8.0_362]
	at javax.security.auth.Subject.doAs(Subject.java:422) [?:1.8.0_362]
	at org.apache.hadoop.security.UserGroupInformation.doAs(UserGroupInformation.java:1899) [hadoop-common-3.3.5.jar:?]
	at org.apache.hadoop.ipc.Server$Handler.run(Server.java:3026) [hadoop-common-3.3.5.jar:?]
17:16:55.952 [IPC Server handler 15 on default port 41353] ERROR OMAudit - user=runner | ip=127.0.0.1 | op=GET_FILE_STATUS {volume=volume52567, bucket=bucket67420, key=testBatchDelete/parent/child7, dataSize=0, replicationConfig=null} | ret=FAILURE
org.apache.hadoop.ozone.om.exceptions.OMException: Unable to get file status: volume: volume52567 bucket: bucket67420 key: testBatchDelete/parent/child7
	at org.apache.hadoop.ozone.om.KeyManagerImpl.getOzoneFileStatus(KeyManagerImpl.java:1200) ~[ozone-manager-1.4.0-SNAPSHOT.jar:?]
	at org.apache.hadoop.ozone.om.KeyManagerImpl.getFileStatus(KeyManagerImpl.java:1118) ~[ozone-manager-1.4.0-SNAPSHOT.jar:?]
	at org.apache.hadoop.ozone.om.OmMetadataReader.getFileStatus(OmMetadataReader.java:288) ~[ozone-manager-1.4.0-SNAPSHOT.jar:?]
	at org.apache.hadoop.ozone.om.OzoneManager.getFileStatus(OzoneManager.java:3491) ~[ozone-manager-1.4.0-SNAPSHOT.jar:?]
	at org.apache.hadoop.ozone.protocolPB.OzoneManagerRequestHandler.getOzoneFileStatus(OzoneManagerRequestHandler.java:934) ~[ozone-manager-1.4.0-SNAPSHOT.jar:?]
	at org.apache.hadoop.ozone.protocolPB.OzoneManagerRequestHandler.handleReadRequest(OzoneManagerRequestHandler.java:238) ~[ozone-manager-1.4.0-SNAPSHOT.jar:?]
	at org.apache.hadoop.ozone.protocolPB.OzoneManagerProtocolServerSideTranslatorPB.submitReadRequestToOM(OzoneManagerProtocolServerSideTranslatorPB.java:223) ~[ozone-manager-1.4.0-SNAPSHOT.jar:?]
	at org.apache.hadoop.ozone.protocolPB.OzoneManagerProtocolServerSideTranslatorPB.processRequest(OzoneManagerProtocolServerSideTranslatorPB.java:177) ~[ozone-manager-1.4.0-SNAPSHOT.jar:?]
	at org.apache.hadoop.hdds.server.OzoneProtocolMessageDispatcher.processRequest(OzoneProtocolMessageDispatcher.java:87) [hdds-server-framework-1.4.0-SNAPSHOT.jar:?]
	at org.apache.hadoop.ozone.protocolPB.OzoneManagerProtocolServerSideTranslatorPB.submitRequest(OzoneManagerProtocolServerSideTranslatorPB.java:147) [ozone-manager-1.4.0-SNAPSHOT.jar:?]
	at org.apache.hadoop.ozone.protocol.proto.OzoneManagerProtocolProtos$OzoneManagerService$2.callBlockingMethod(OzoneManagerProtocolProtos.java) [ozone-interface-client-1.4.0-SNAPSHOT.jar:?]
	at org.apache.hadoop.ipc.ProtobufRpcEngine$Server.processCall(ProtobufRpcEngine.java:484) [hadoop-common-3.3.5.jar:?]
	at org.apache.hadoop.ipc.ProtobufRpcEngine2$Server$ProtoBufRpcInvoker.call(ProtobufRpcEngine2.java:595) [hadoop-common-3.3.5.jar:?]
	at org.apache.hadoop.ipc.ProtobufRpcEngine2$Server$ProtoBufRpcInvoker.call(ProtobufRpcEngine2.java:573) [hadoop-common-3.3.5.jar:?]
	at org.apache.hadoop.ipc.RPC$Server.call(RPC.java:1213) [hadoop-common-3.3.5.jar:?]
	at org.apache.hadoop.ipc.Server$RpcCall.run(Server.java:1089) [hadoop-common-3.3.5.jar:?]
	at org.apache.hadoop.ipc.Server$RpcCall.run(Server.java:1012) [hadoop-common-3.3.5.jar:?]
	at java.security.AccessController.doPrivileged(Native Method) ~[?:1.8.0_362]
	at javax.security.auth.Subject.doAs(Subject.java:422) [?:1.8.0_362]
	at org.apache.hadoop.security.UserGroupInformation.doAs(UserGroupInformation.java:1899) [hadoop-common-3.3.5.jar:?]
	at org.apache.hadoop.ipc.Server$Handler.run(Server.java:3026) [hadoop-common-3.3.5.jar:?]
17:16:55.953 [IPC Server handler 17 on default port 41353] ERROR OMAudit - user=runner | ip=127.0.0.1 | op=GET_FILE_STATUS {volume=volume52567, bucket=bucket67420, key=testBatchDelete/parent/childFolder/child7, dataSize=0, replicationConfig=null} | ret=FAILURE
org.apache.hadoop.ozone.om.exceptions.OMException: Unable to get file status: volume: volume52567 bucket: bucket67420 key: testBatchDelete/parent/childFolder/child7
	at org.apache.hadoop.ozone.om.KeyManagerImpl.getOzoneFileStatus(KeyManagerImpl.java:1200) ~[ozone-manager-1.4.0-SNAPSHOT.jar:?]
	at org.apache.hadoop.ozone.om.KeyManagerImpl.getFileStatus(KeyManagerImpl.java:1118) ~[ozone-manager-1.4.0-SNAPSHOT.jar:?]
	at org.apache.hadoop.ozone.om.OmMetadataReader.getFileStatus(OmMetadataReader.java:288) ~[ozone-manager-1.4.0-SNAPSHOT.jar:?]
	at org.apache.hadoop.ozone.om.OzoneManager.getFileStatus(OzoneManager.java:3491) ~[ozone-manager-1.4.0-SNAPSHOT.jar:?]
	at org.apache.hadoop.ozone.protocolPB.OzoneManagerRequestHandler.getOzoneFileStatus(OzoneManagerRequestHandler.java:934) ~[ozone-manager-1.4.0-SNAPSHOT.jar:?]
	at org.apache.hadoop.ozone.protocolPB.OzoneManagerRequestHandler.handleReadRequest(OzoneManagerRequestHandler.java:238) ~[ozone-manager-1.4.0-SNAPSHOT.jar:?]
	at org.apache.hadoop.ozone.protocolPB.OzoneManagerProtocolServerSideTranslatorPB.submitReadRequestToOM(OzoneManagerProtocolServerSideTranslatorPB.java:223) ~[ozone-manager-1.4.0-SNAPSHOT.jar:?]
	at org.apache.hadoop.ozone.protocolPB.OzoneManagerProtocolServerSideTranslatorPB.processRequest(OzoneManagerProtocolServerSideTranslatorPB.java:177) ~[ozone-manager-1.4.0-SNAPSHOT.jar:?]
	at org.apache.hadoop.hdds.server.OzoneProtocolMessageDispatcher.processRequest(OzoneProtocolMessageDispatcher.java:87) [hdds-server-framework-1.4.0-SNAPSHOT.jar:?]
	at org.apache.hadoop.ozone.protocolPB.OzoneManagerProtocolServerSideTranslatorPB.submitRequest(OzoneManagerProtocolServerSideTranslatorPB.java:147) [ozone-manager-1.4.0-SNAPSHOT.jar:?]
	at org.apache.hadoop.ozone.protocol.proto.OzoneManagerProtocolProtos$OzoneManagerService$2.callBlockingMethod(OzoneManagerProtocolProtos.java) [ozone-interface-client-1.4.0-SNAPSHOT.jar:?]
	at org.apache.hadoop.ipc.ProtobufRpcEngine$Server.processCall(ProtobufRpcEngine.java:484) [hadoop-common-3.3.5.jar:?]
	at org.apache.hadoop.ipc.ProtobufRpcEngine2$Server$ProtoBufRpcInvoker.call(ProtobufRpcEngine2.java:595) [hadoop-common-3.3.5.jar:?]
	at org.apache.hadoop.ipc.ProtobufRpcEngine2$Server$ProtoBufRpcInvoker.call(ProtobufRpcEngine2.java:573) [hadoop-common-3.3.5.jar:?]
	at org.apache.hadoop.ipc.RPC$Server.call(RPC.java:1213) [hadoop-common-3.3.5.jar:?]
	at org.apache.hadoop.ipc.Server$RpcCall.run(Server.java:1089) [hadoop-common-3.3.5.jar:?]
	at org.apache.hadoop.ipc.Server$RpcCall.run(Server.java:1012) [hadoop-common-3.3.5.jar:?]
	at java.security.AccessController.doPrivileged(Native Method) ~[?:1.8.0_362]
	at javax.security.auth.Subject.doAs(Subject.java:422) [?:1.8.0_362]
	at org.apache.hadoop.security.UserGroupInformation.doAs(UserGroupInformation.java:1899) [hadoop-common-3.3.5.jar:?]
	at org.apache.hadoop.ipc.Server$Handler.run(Server.java:3026) [hadoop-common-3.3.5.jar:?]
17:16:55.955 [IPC Server handler 11 on default port 41353] ERROR OMAudit - user=runner | ip=127.0.0.1 | op=GET_FILE_STATUS {volume=volume52567, bucket=bucket67420, key=testBatchDelete/parent, dataSize=0, replicationConfig=null} | ret=FAILURE
org.apache.hadoop.ozone.om.exceptions.OMException: Unable to get file status: volume: volume52567 bucket: bucket67420 key: testBatchDelete/parent
	at org.apache.hadoop.ozone.om.KeyManagerImpl.getOzoneFileStatus(KeyManagerImpl.java:1200) ~[ozone-manager-1.4.0-SNAPSHOT.jar:?]
	at org.apache.hadoop.ozone.om.KeyManagerImpl.getFileStatus(KeyManagerImpl.java:1118) ~[ozone-manager-1.4.0-SNAPSHOT.jar:?]
	at org.apache.hadoop.ozone.om.OmMetadataReader.getFileStatus(OmMetadataReader.java:288) ~[ozone-manager-1.4.0-SNAPSHOT.jar:?]
	at org.apache.hadoop.ozone.om.OzoneManager.getFileStatus(OzoneManager.java:3491) ~[ozone-manager-1.4.0-SNAPSHOT.jar:?]
	at org.apache.hadoop.ozone.protocolPB.OzoneManagerRequestHandler.getOzoneFileStatus(OzoneManagerRequestHandler.java:934) ~[ozone-manager-1.4.0-SNAPSHOT.jar:?]
	at org.apache.hadoop.ozone.protocolPB.OzoneManagerRequestHandler.handleReadRequest(OzoneManagerRequestHandler.java:238) ~[ozone-manager-1.4.0-SNAPSHOT.jar:?]
	at org.apache.hadoop.ozone.protocolPB.OzoneManagerProtocolServerSideTranslatorPB.submitReadRequestToOM(OzoneManagerProtocolServerSideTranslatorPB.java:223) ~[ozone-manager-1.4.0-SNAPSHOT.jar:?]
	at org.apache.hadoop.ozone.protocolPB.OzoneManagerProtocolServerSideTranslatorPB.processRequest(OzoneManagerProtocolServerSideTranslatorPB.java:177) ~[ozone-manager-1.4.0-SNAPSHOT.jar:?]
	at org.apache.hadoop.hdds.server.OzoneProtocolMessageDispatcher.processRequest(OzoneProtocolMessageDispatcher.java:87) [hdds-server-framework-1.4.0-SNAPSHOT.jar:?]
	at org.apache.hadoop.ozone.protocolPB.OzoneManagerProtocolServerSideTranslatorPB.submitRequest(OzoneManagerProtocolServerSideTranslatorPB.java:147) [ozone-manager-1.4.0-SNAPSHOT.jar:?]
	at org.apache.hadoop.ozone.protocol.proto.OzoneManagerProtocolProtos$OzoneManagerService$2.callBlockingMethod(OzoneManagerProtocolProtos.java) [ozone-interface-client-1.4.0-SNAPSHOT.jar:?]
	at org.apache.hadoop.ipc.ProtobufRpcEngine$Server.processCall(ProtobufRpcEngine.java:484) [hadoop-common-3.3.5.jar:?]
	at org.apache.hadoop.ipc.ProtobufRpcEngine2$Server$ProtoBufRpcInvoker.call(ProtobufRpcEngine2.java:595) [hadoop-common-3.3.5.jar:?]
	at org.apache.hadoop.ipc.ProtobufRpcEngine2$Server$ProtoBufRpcInvoker.call(ProtobufRpcEngine2.java:573) [hadoop-common-3.3.5.jar:?]
	at org.apache.hadoop.ipc.RPC$Server.call(RPC.java:1213) [hadoop-common-3.3.5.jar:?]
	at org.apache.hadoop.ipc.Server$RpcCall.run(Server.java:1089) [hadoop-common-3.3.5.jar:?]
	at org.apache.hadoop.ipc.Server$RpcCall.run(Server.java:1012) [hadoop-common-3.3.5.jar:?]
	at java.security.AccessController.doPrivileged(Native Method) ~[?:1.8.0_362]
	at javax.security.auth.Subject.doAs(Subject.java:422) [?:1.8.0_362]
	at org.apache.hadoop.security.UserGroupInformation.doAs(UserGroupInformation.java:1899) [hadoop-common-3.3.5.jar:?]
	at org.apache.hadoop.ipc.Server$Handler.run(Server.java:3026) [hadoop-common-3.3.5.jar:?]
2023-04-11 17:16:55,955 [Time-limited test] WARN  ozone.BasicOzoneFileSystem (BasicOzoneFileSystem.java:delete(559)) - delete: Path does not exist: /testBatchDelete/parent
]]></system-out>
  </testcase>
  <testcase name="testFileDelete" classname="TestOzoneFileSystem" time="0.094">
    <system-out><![CDATA[2023-04-11 17:18:08,429 [IPC Server handler 9 on default port 38777] INFO  key.OMKeyRequest (OMKeyRequest.java:wrapUncommittedBlocksAsPseudoKey(838)) - Detect allocated but uncommitted blocks [{blockID={containerID=3, localID=111677748019200040}, length=4194304, offset=0, token=null, pipeline=null, createVersion=0, partNumber=0}] in key testBatchDelete/parent/child0.
2023-04-11 17:18:08,433 [IPC Server handler 7 on default port 38777] INFO  key.OMKeyRequest (OMKeyRequest.java:wrapUncommittedBlocksAsPseudoKey(838)) - Detect allocated but uncommitted blocks [{blockID={containerID=1, localID=111677748019200041}, length=4194304, offset=0, token=null, pipeline=null, createVersion=0, partNumber=0}] in key testBatchDelete/parent/childFolder/child0.
2023-04-11 17:18:08,438 [IPC Server handler 8 on default port 38777] INFO  key.OMKeyRequest (OMKeyRequest.java:wrapUncommittedBlocksAsPseudoKey(838)) - Detect allocated but uncommitted blocks [{blockID={containerID=2, localID=111677748019200042}, length=4194304, offset=0, token=null, pipeline=null, createVersion=0, partNumber=0}] in key testBatchDelete/parent/child1.
2023-04-11 17:18:08,443 [IPC Server handler 4 on default port 38777] INFO  key.OMKeyRequest (OMKeyRequest.java:wrapUncommittedBlocksAsPseudoKey(838)) - Detect allocated but uncommitted blocks [{blockID={containerID=4, localID=111677748019200043}, length=4194304, offset=0, token=null, pipeline=null, createVersion=0, partNumber=0}] in key testBatchDelete/parent/childFolder/child1.
2023-04-11 17:18:08,448 [IPC Server handler 3 on default port 38777] INFO  key.OMKeyRequest (OMKeyRequest.java:wrapUncommittedBlocksAsPseudoKey(838)) - Detect allocated but uncommitted blocks [{blockID={containerID=3, localID=111677748019200044}, length=4194304, offset=0, token=null, pipeline=null, createVersion=0, partNumber=0}] in key testBatchDelete/parent/child2.
2023-04-11 17:18:08,453 [IPC Server handler 0 on default port 38777] INFO  key.OMKeyRequest (OMKeyRequest.java:wrapUncommittedBlocksAsPseudoKey(838)) - Detect allocated but uncommitted blocks [{blockID={containerID=1, localID=111677748019200045}, length=4194304, offset=0, token=null, pipeline=null, createVersion=0, partNumber=0}] in key testBatchDelete/parent/childFolder/child2.
2023-04-11 17:18:08,456 [IPC Server handler 16 on default port 38777] INFO  key.OMKeyRequest (OMKeyRequest.java:wrapUncommittedBlocksAsPseudoKey(838)) - Detect allocated but uncommitted blocks [{blockID={containerID=2, localID=111677748019200046}, length=4194304, offset=0, token=null, pipeline=null, createVersion=0, partNumber=0}] in key testBatchDelete/parent/child3.
2023-04-11 17:18:08,461 [IPC Server handler 18 on default port 38777] INFO  key.OMKeyRequest (OMKeyRequest.java:wrapUncommittedBlocksAsPseudoKey(838)) - Detect allocated but uncommitted blocks [{blockID={containerID=4, localID=111677748019200047}, length=4194304, offset=0, token=null, pipeline=null, createVersion=0, partNumber=0}] in key testBatchDelete/parent/childFolder/child3.
2023-04-11 17:18:08,465 [IPC Server handler 10 on default port 38777] INFO  key.OMKeyRequest (OMKeyRequest.java:wrapUncommittedBlocksAsPseudoKey(838)) - Detect allocated but uncommitted blocks [{blockID={containerID=3, localID=111677748019200048}, length=4194304, offset=0, token=null, pipeline=null, createVersion=0, partNumber=0}] in key testBatchDelete/parent/child4.
2023-04-11 17:18:08,469 [IPC Server handler 12 on default port 38777] INFO  key.OMKeyRequest (OMKeyRequest.java:wrapUncommittedBlocksAsPseudoKey(838)) - Detect allocated but uncommitted blocks [{blockID={containerID=4, localID=111677748019200049}, length=4194304, offset=0, token=null, pipeline=null, createVersion=0, partNumber=0}] in key testBatchDelete/parent/childFolder/child4.
2023-04-11 17:18:08,473 [IPC Server handler 9 on default port 38777] INFO  key.OMKeyRequest (OMKeyRequest.java:wrapUncommittedBlocksAsPseudoKey(838)) - Detect allocated but uncommitted blocks [{blockID={containerID=1, localID=111677748019200050}, length=4194304, offset=0, token=null, pipeline=null, createVersion=0, partNumber=0}] in key testBatchDelete/parent/child5.
2023-04-11 17:18:08,477 [IPC Server handler 7 on default port 38777] INFO  key.OMKeyRequest (OMKeyRequest.java:wrapUncommittedBlocksAsPseudoKey(838)) - Detect allocated but uncommitted blocks [{blockID={containerID=2, localID=111677748019200051}, length=4194304, offset=0, token=null, pipeline=null, createVersion=0, partNumber=0}] in key testBatchDelete/parent/childFolder/child5.
2023-04-11 17:18:08,480 [IPC Server handler 8 on default port 38777] INFO  key.OMKeyRequest (OMKeyRequest.java:wrapUncommittedBlocksAsPseudoKey(838)) - Detect allocated but uncommitted blocks [{blockID={containerID=1, localID=111677748019200052}, length=4194304, offset=0, token=null, pipeline=null, createVersion=0, partNumber=0}] in key testBatchDelete/parent/child6.
2023-04-11 17:18:08,483 [IPC Server handler 4 on default port 38777] INFO  key.OMKeyRequest (OMKeyRequest.java:wrapUncommittedBlocksAsPseudoKey(838)) - Detect allocated but uncommitted blocks [{blockID={containerID=2, localID=111677748019200053}, length=4194304, offset=0, token=null, pipeline=null, createVersion=0, partNumber=0}] in key testBatchDelete/parent/childFolder/child6.
2023-04-11 17:18:08,487 [IPC Server handler 3 on default port 38777] INFO  key.OMKeyRequest (OMKeyRequest.java:wrapUncommittedBlocksAsPseudoKey(838)) - Detect allocated but uncommitted blocks [{blockID={containerID=1, localID=111677748019200054}, length=4194304, offset=0, token=null, pipeline=null, createVersion=0, partNumber=0}] in key testBatchDelete/parent/child7.
2023-04-11 17:18:08,490 [IPC Server handler 0 on default port 38777] INFO  key.OMKeyRequest (OMKeyRequest.java:wrapUncommittedBlocksAsPseudoKey(838)) - Detect allocated but uncommitted blocks [{blockID={containerID=2, localID=111677748019200055}, length=4194304, offset=0, token=null, pipeline=null, createVersion=0, partNumber=0}] in key testBatchDelete/parent/childFolder/child7.
17:18:08.499 [IPC Server handler 7 on default port 38777] ERROR OMAudit - user=runner | ip=127.0.0.1 | op=GET_FILE_STATUS {volume=volume96178, bucket=bucket92903, key=testBatchDelete, dataSize=0, replicationConfig=null} | ret=FAILURE
org.apache.hadoop.ozone.om.exceptions.OMException: Unable to get file status: volume: volume96178 bucket: bucket92903 key: testBatchDelete
	at org.apache.hadoop.ozone.om.KeyManagerImpl.getOzoneFileStatus(KeyManagerImpl.java:1200) ~[ozone-manager-1.4.0-SNAPSHOT.jar:?]
	at org.apache.hadoop.ozone.om.KeyManagerImpl.getFileStatus(KeyManagerImpl.java:1118) ~[ozone-manager-1.4.0-SNAPSHOT.jar:?]
	at org.apache.hadoop.ozone.om.OmMetadataReader.getFileStatus(OmMetadataReader.java:288) ~[ozone-manager-1.4.0-SNAPSHOT.jar:?]
	at org.apache.hadoop.ozone.om.OzoneManager.getFileStatus(OzoneManager.java:3491) ~[ozone-manager-1.4.0-SNAPSHOT.jar:?]
	at org.apache.hadoop.ozone.protocolPB.OzoneManagerRequestHandler.getOzoneFileStatus(OzoneManagerRequestHandler.java:934) ~[ozone-manager-1.4.0-SNAPSHOT.jar:?]
	at org.apache.hadoop.ozone.protocolPB.OzoneManagerRequestHandler.handleReadRequest(OzoneManagerRequestHandler.java:238) ~[ozone-manager-1.4.0-SNAPSHOT.jar:?]
	at org.apache.hadoop.ozone.protocolPB.OzoneManagerProtocolServerSideTranslatorPB.submitRequestDirectlyToOM(OzoneManagerProtocolServerSideTranslatorPB.java:272) ~[ozone-manager-1.4.0-SNAPSHOT.jar:?]
	at org.apache.hadoop.ozone.protocolPB.OzoneManagerProtocolServerSideTranslatorPB.processRequest(OzoneManagerProtocolServerSideTranslatorPB.java:173) ~[ozone-manager-1.4.0-SNAPSHOT.jar:?]
	at org.apache.hadoop.hdds.server.OzoneProtocolMessageDispatcher.processRequest(OzoneProtocolMessageDispatcher.java:87) [hdds-server-framework-1.4.0-SNAPSHOT.jar:?]
	at org.apache.hadoop.ozone.protocolPB.OzoneManagerProtocolServerSideTranslatorPB.submitRequest(OzoneManagerProtocolServerSideTranslatorPB.java:147) [ozone-manager-1.4.0-SNAPSHOT.jar:?]
	at org.apache.hadoop.ozone.protocol.proto.OzoneManagerProtocolProtos$OzoneManagerService$2.callBlockingMethod(OzoneManagerProtocolProtos.java) [ozone-interface-client-1.4.0-SNAPSHOT.jar:?]
	at org.apache.hadoop.ipc.ProtobufRpcEngine$Server.processCall(ProtobufRpcEngine.java:484) [hadoop-common-3.3.5.jar:?]
	at org.apache.hadoop.ipc.ProtobufRpcEngine2$Server$ProtoBufRpcInvoker.call(ProtobufRpcEngine2.java:595) [hadoop-common-3.3.5.jar:?]
	at org.apache.hadoop.ipc.ProtobufRpcEngine2$Server$ProtoBufRpcInvoker.call(ProtobufRpcEngine2.java:573) [hadoop-common-3.3.5.jar:?]
	at org.apache.hadoop.ipc.RPC$Server.call(RPC.java:1213) [hadoop-common-3.3.5.jar:?]
	at org.apache.hadoop.ipc.Server$RpcCall.run(Server.java:1089) [hadoop-common-3.3.5.jar:?]
	at org.apache.hadoop.ipc.Server$RpcCall.run(Server.java:1012) [hadoop-common-3.3.5.jar:?]
	at java.security.AccessController.doPrivileged(Native Method) ~[?:1.8.0_362]
	at javax.security.auth.Subject.doAs(Subject.java:422) [?:1.8.0_362]
	at org.apache.hadoop.security.UserGroupInformation.doAs(UserGroupInformation.java:1899) [hadoop-common-3.3.5.jar:?]
	at org.apache.hadoop.ipc.Server$Handler.run(Server.java:3026) [hadoop-common-3.3.5.jar:?]
17:18:08.500 [IPC Server handler 13 on default port 38777] ERROR OMAudit - user=runner | ip=127.0.0.1 | op=GET_FILE_STATUS {volume=volume96178, bucket=bucket92903, key=testBatchDelete/parent/child0, dataSize=0, replicationConfig=null} | ret=FAILURE
org.apache.hadoop.ozone.om.exceptions.OMException: Unable to get file status: volume: volume96178 bucket: bucket92903 key: testBatchDelete/parent/child0
	at org.apache.hadoop.ozone.om.KeyManagerImpl.getOzoneFileStatus(KeyManagerImpl.java:1200) ~[ozone-manager-1.4.0-SNAPSHOT.jar:?]
	at org.apache.hadoop.ozone.om.KeyManagerImpl.getFileStatus(KeyManagerImpl.java:1118) ~[ozone-manager-1.4.0-SNAPSHOT.jar:?]
	at org.apache.hadoop.ozone.om.OmMetadataReader.getFileStatus(OmMetadataReader.java:288) ~[ozone-manager-1.4.0-SNAPSHOT.jar:?]
	at org.apache.hadoop.ozone.om.OzoneManager.getFileStatus(OzoneManager.java:3491) ~[ozone-manager-1.4.0-SNAPSHOT.jar:?]
	at org.apache.hadoop.ozone.protocolPB.OzoneManagerRequestHandler.getOzoneFileStatus(OzoneManagerRequestHandler.java:934) ~[ozone-manager-1.4.0-SNAPSHOT.jar:?]
	at org.apache.hadoop.ozone.protocolPB.OzoneManagerRequestHandler.handleReadRequest(OzoneManagerRequestHandler.java:238) ~[ozone-manager-1.4.0-SNAPSHOT.jar:?]
	at org.apache.hadoop.ozone.protocolPB.OzoneManagerProtocolServerSideTranslatorPB.submitRequestDirectlyToOM(OzoneManagerProtocolServerSideTranslatorPB.java:272) ~[ozone-manager-1.4.0-SNAPSHOT.jar:?]
	at org.apache.hadoop.ozone.protocolPB.OzoneManagerProtocolServerSideTranslatorPB.processRequest(OzoneManagerProtocolServerSideTranslatorPB.java:173) ~[ozone-manager-1.4.0-SNAPSHOT.jar:?]
	at org.apache.hadoop.hdds.server.OzoneProtocolMessageDispatcher.processRequest(OzoneProtocolMessageDispatcher.java:87) [hdds-server-framework-1.4.0-SNAPSHOT.jar:?]
	at org.apache.hadoop.ozone.protocolPB.OzoneManagerProtocolServerSideTranslatorPB.submitRequest(OzoneManagerProtocolServerSideTranslatorPB.java:147) [ozone-manager-1.4.0-SNAPSHOT.jar:?]
	at org.apache.hadoop.ozone.protocol.proto.OzoneManagerProtocolProtos$OzoneManagerService$2.callBlockingMethod(OzoneManagerProtocolProtos.java) [ozone-interface-client-1.4.0-SNAPSHOT.jar:?]
	at org.apache.hadoop.ipc.ProtobufRpcEngine$Server.processCall(ProtobufRpcEngine.java:484) [hadoop-common-3.3.5.jar:?]
	at org.apache.hadoop.ipc.ProtobufRpcEngine2$Server$ProtoBufRpcInvoker.call(ProtobufRpcEngine2.java:595) [hadoop-common-3.3.5.jar:?]
	at org.apache.hadoop.ipc.ProtobufRpcEngine2$Server$ProtoBufRpcInvoker.call(ProtobufRpcEngine2.java:573) [hadoop-common-3.3.5.jar:?]
	at org.apache.hadoop.ipc.RPC$Server.call(RPC.java:1213) [hadoop-common-3.3.5.jar:?]
	at org.apache.hadoop.ipc.Server$RpcCall.run(Server.java:1089) [hadoop-common-3.3.5.jar:?]
	at org.apache.hadoop.ipc.Server$RpcCall.run(Server.java:1012) [hadoop-common-3.3.5.jar:?]
	at java.security.AccessController.doPrivileged(Native Method) ~[?:1.8.0_362]
	at javax.security.auth.Subject.doAs(Subject.java:422) [?:1.8.0_362]
	at org.apache.hadoop.security.UserGroupInformation.doAs(UserGroupInformation.java:1899) [hadoop-common-3.3.5.jar:?]
	at org.apache.hadoop.ipc.Server$Handler.run(Server.java:3026) [hadoop-common-3.3.5.jar:?]
17:18:08.501 [IPC Server handler 8 on default port 38777] ERROR OMAudit - user=runner | ip=127.0.0.1 | op=GET_FILE_STATUS {volume=volume96178, bucket=bucket92903, key=testBatchDelete/parent/childFolder/child0, dataSize=0, replicationConfig=null} | ret=FAILURE
org.apache.hadoop.ozone.om.exceptions.OMException: Unable to get file status: volume: volume96178 bucket: bucket92903 key: testBatchDelete/parent/childFolder/child0
	at org.apache.hadoop.ozone.om.KeyManagerImpl.getOzoneFileStatus(KeyManagerImpl.java:1200) ~[ozone-manager-1.4.0-SNAPSHOT.jar:?]
	at org.apache.hadoop.ozone.om.KeyManagerImpl.getFileStatus(KeyManagerImpl.java:1118) ~[ozone-manager-1.4.0-SNAPSHOT.jar:?]
	at org.apache.hadoop.ozone.om.OmMetadataReader.getFileStatus(OmMetadataReader.java:288) ~[ozone-manager-1.4.0-SNAPSHOT.jar:?]
	at org.apache.hadoop.ozone.om.OzoneManager.getFileStatus(OzoneManager.java:3491) ~[ozone-manager-1.4.0-SNAPSHOT.jar:?]
	at org.apache.hadoop.ozone.protocolPB.OzoneManagerRequestHandler.getOzoneFileStatus(OzoneManagerRequestHandler.java:934) ~[ozone-manager-1.4.0-SNAPSHOT.jar:?]
	at org.apache.hadoop.ozone.protocolPB.OzoneManagerRequestHandler.handleReadRequest(OzoneManagerRequestHandler.java:238) ~[ozone-manager-1.4.0-SNAPSHOT.jar:?]
	at org.apache.hadoop.ozone.protocolPB.OzoneManagerProtocolServerSideTranslatorPB.submitRequestDirectlyToOM(OzoneManagerProtocolServerSideTranslatorPB.java:272) ~[ozone-manager-1.4.0-SNAPSHOT.jar:?]
	at org.apache.hadoop.ozone.protocolPB.OzoneManagerProtocolServerSideTranslatorPB.processRequest(OzoneManagerProtocolServerSideTranslatorPB.java:173) ~[ozone-manager-1.4.0-SNAPSHOT.jar:?]
	at org.apache.hadoop.hdds.server.OzoneProtocolMessageDispatcher.processRequest(OzoneProtocolMessageDispatcher.java:87) [hdds-server-framework-1.4.0-SNAPSHOT.jar:?]
	at org.apache.hadoop.ozone.protocolPB.OzoneManagerProtocolServerSideTranslatorPB.submitRequest(OzoneManagerProtocolServerSideTranslatorPB.java:147) [ozone-manager-1.4.0-SNAPSHOT.jar:?]
	at org.apache.hadoop.ozone.protocol.proto.OzoneManagerProtocolProtos$OzoneManagerService$2.callBlockingMethod(OzoneManagerProtocolProtos.java) [ozone-interface-client-1.4.0-SNAPSHOT.jar:?]
	at org.apache.hadoop.ipc.ProtobufRpcEngine$Server.processCall(ProtobufRpcEngine.java:484) [hadoop-common-3.3.5.jar:?]
	at org.apache.hadoop.ipc.ProtobufRpcEngine2$Server$ProtoBufRpcInvoker.call(ProtobufRpcEngine2.java:595) [hadoop-common-3.3.5.jar:?]
	at org.apache.hadoop.ipc.ProtobufRpcEngine2$Server$ProtoBufRpcInvoker.call(ProtobufRpcEngine2.java:573) [hadoop-common-3.3.5.jar:?]
	at org.apache.hadoop.ipc.RPC$Server.call(RPC.java:1213) [hadoop-common-3.3.5.jar:?]
	at org.apache.hadoop.ipc.Server$RpcCall.run(Server.java:1089) [hadoop-common-3.3.5.jar:?]
	at org.apache.hadoop.ipc.Server$RpcCall.run(Server.java:1012) [hadoop-common-3.3.5.jar:?]
	at java.security.AccessController.doPrivileged(Native Method) ~[?:1.8.0_362]
	at javax.security.auth.Subject.doAs(Subject.java:422) [?:1.8.0_362]
	at org.apache.hadoop.security.UserGroupInformation.doAs(UserGroupInformation.java:1899) [hadoop-common-3.3.5.jar:?]
	at org.apache.hadoop.ipc.Server$Handler.run(Server.java:3026) [hadoop-common-3.3.5.jar:?]
17:18:08.501 [IPC Server handler 6 on default port 38777] ERROR OMAudit - user=runner | ip=127.0.0.1 | op=GET_FILE_STATUS {volume=volume96178, bucket=bucket92903, key=testBatchDelete/parent/child1, dataSize=0, replicationConfig=null} | ret=FAILURE
org.apache.hadoop.ozone.om.exceptions.OMException: Unable to get file status: volume: volume96178 bucket: bucket92903 key: testBatchDelete/parent/child1
	at org.apache.hadoop.ozone.om.KeyManagerImpl.getOzoneFileStatus(KeyManagerImpl.java:1200) ~[ozone-manager-1.4.0-SNAPSHOT.jar:?]
	at org.apache.hadoop.ozone.om.KeyManagerImpl.getFileStatus(KeyManagerImpl.java:1118) ~[ozone-manager-1.4.0-SNAPSHOT.jar:?]
	at org.apache.hadoop.ozone.om.OmMetadataReader.getFileStatus(OmMetadataReader.java:288) ~[ozone-manager-1.4.0-SNAPSHOT.jar:?]
	at org.apache.hadoop.ozone.om.OzoneManager.getFileStatus(OzoneManager.java:3491) ~[ozone-manager-1.4.0-SNAPSHOT.jar:?]
	at org.apache.hadoop.ozone.protocolPB.OzoneManagerRequestHandler.getOzoneFileStatus(OzoneManagerRequestHandler.java:934) ~[ozone-manager-1.4.0-SNAPSHOT.jar:?]
	at org.apache.hadoop.ozone.protocolPB.OzoneManagerRequestHandler.handleReadRequest(OzoneManagerRequestHandler.java:238) ~[ozone-manager-1.4.0-SNAPSHOT.jar:?]
	at org.apache.hadoop.ozone.protocolPB.OzoneManagerProtocolServerSideTranslatorPB.submitRequestDirectlyToOM(OzoneManagerProtocolServerSideTranslatorPB.java:272) ~[ozone-manager-1.4.0-SNAPSHOT.jar:?]
	at org.apache.hadoop.ozone.protocolPB.OzoneManagerProtocolServerSideTranslatorPB.processRequest(OzoneManagerProtocolServerSideTranslatorPB.java:173) ~[ozone-manager-1.4.0-SNAPSHOT.jar:?]
	at org.apache.hadoop.hdds.server.OzoneProtocolMessageDispatcher.processRequest(OzoneProtocolMessageDispatcher.java:87) [hdds-server-framework-1.4.0-SNAPSHOT.jar:?]
	at org.apache.hadoop.ozone.protocolPB.OzoneManagerProtocolServerSideTranslatorPB.submitRequest(OzoneManagerProtocolServerSideTranslatorPB.java:147) [ozone-manager-1.4.0-SNAPSHOT.jar:?]
	at org.apache.hadoop.ozone.protocol.proto.OzoneManagerProtocolProtos$OzoneManagerService$2.callBlockingMethod(OzoneManagerProtocolProtos.java) [ozone-interface-client-1.4.0-SNAPSHOT.jar:?]
	at org.apache.hadoop.ipc.ProtobufRpcEngine$Server.processCall(ProtobufRpcEngine.java:484) [hadoop-common-3.3.5.jar:?]
	at org.apache.hadoop.ipc.ProtobufRpcEngine2$Server$ProtoBufRpcInvoker.call(ProtobufRpcEngine2.java:595) [hadoop-common-3.3.5.jar:?]
	at org.apache.hadoop.ipc.ProtobufRpcEngine2$Server$ProtoBufRpcInvoker.call(ProtobufRpcEngine2.java:573) [hadoop-common-3.3.5.jar:?]
	at org.apache.hadoop.ipc.RPC$Server.call(RPC.java:1213) [hadoop-common-3.3.5.jar:?]
	at org.apache.hadoop.ipc.Server$RpcCall.run(Server.java:1089) [hadoop-common-3.3.5.jar:?]
	at org.apache.hadoop.ipc.Server$RpcCall.run(Server.java:1012) [hadoop-common-3.3.5.jar:?]
	at java.security.AccessController.doPrivileged(Native Method) ~[?:1.8.0_362]
	at javax.security.auth.Subject.doAs(Subject.java:422) [?:1.8.0_362]
	at org.apache.hadoop.security.UserGroupInformation.doAs(UserGroupInformation.java:1899) [hadoop-common-3.3.5.jar:?]
	at org.apache.hadoop.ipc.Server$Handler.run(Server.java:3026) [hadoop-common-3.3.5.jar:?]
17:18:08.502 [IPC Server handler 4 on default port 38777] ERROR OMAudit - user=runner | ip=127.0.0.1 | op=GET_FILE_STATUS {volume=volume96178, bucket=bucket92903, key=testBatchDelete/parent/childFolder/child1, dataSize=0, replicationConfig=null} | ret=FAILURE
org.apache.hadoop.ozone.om.exceptions.OMException: Unable to get file status: volume: volume96178 bucket: bucket92903 key: testBatchDelete/parent/childFolder/child1
	at org.apache.hadoop.ozone.om.KeyManagerImpl.getOzoneFileStatus(KeyManagerImpl.java:1200) ~[ozone-manager-1.4.0-SNAPSHOT.jar:?]
	at org.apache.hadoop.ozone.om.KeyManagerImpl.getFileStatus(KeyManagerImpl.java:1118) ~[ozone-manager-1.4.0-SNAPSHOT.jar:?]
	at org.apache.hadoop.ozone.om.OmMetadataReader.getFileStatus(OmMetadataReader.java:288) ~[ozone-manager-1.4.0-SNAPSHOT.jar:?]
	at org.apache.hadoop.ozone.om.OzoneManager.getFileStatus(OzoneManager.java:3491) ~[ozone-manager-1.4.0-SNAPSHOT.jar:?]
	at org.apache.hadoop.ozone.protocolPB.OzoneManagerRequestHandler.getOzoneFileStatus(OzoneManagerRequestHandler.java:934) ~[ozone-manager-1.4.0-SNAPSHOT.jar:?]
	at org.apache.hadoop.ozone.protocolPB.OzoneManagerRequestHandler.handleReadRequest(OzoneManagerRequestHandler.java:238) ~[ozone-manager-1.4.0-SNAPSHOT.jar:?]
	at org.apache.hadoop.ozone.protocolPB.OzoneManagerProtocolServerSideTranslatorPB.submitRequestDirectlyToOM(OzoneManagerProtocolServerSideTranslatorPB.java:272) ~[ozone-manager-1.4.0-SNAPSHOT.jar:?]
	at org.apache.hadoop.ozone.protocolPB.OzoneManagerProtocolServerSideTranslatorPB.processRequest(OzoneManagerProtocolServerSideTranslatorPB.java:173) ~[ozone-manager-1.4.0-SNAPSHOT.jar:?]
	at org.apache.hadoop.hdds.server.OzoneProtocolMessageDispatcher.processRequest(OzoneProtocolMessageDispatcher.java:87) [hdds-server-framework-1.4.0-SNAPSHOT.jar:?]
	at org.apache.hadoop.ozone.protocolPB.OzoneManagerProtocolServerSideTranslatorPB.submitRequest(OzoneManagerProtocolServerSideTranslatorPB.java:147) [ozone-manager-1.4.0-SNAPSHOT.jar:?]
	at org.apache.hadoop.ozone.protocol.proto.OzoneManagerProtocolProtos$OzoneManagerService$2.callBlockingMethod(OzoneManagerProtocolProtos.java) [ozone-interface-client-1.4.0-SNAPSHOT.jar:?]
	at org.apache.hadoop.ipc.ProtobufRpcEngine$Server.processCall(ProtobufRpcEngine.java:484) [hadoop-common-3.3.5.jar:?]
	at org.apache.hadoop.ipc.ProtobufRpcEngine2$Server$ProtoBufRpcInvoker.call(ProtobufRpcEngine2.java:595) [hadoop-common-3.3.5.jar:?]
	at org.apache.hadoop.ipc.ProtobufRpcEngine2$Server$ProtoBufRpcInvoker.call(ProtobufRpcEngine2.java:573) [hadoop-common-3.3.5.jar:?]
	at org.apache.hadoop.ipc.RPC$Server.call(RPC.java:1213) [hadoop-common-3.3.5.jar:?]
	at org.apache.hadoop.ipc.Server$RpcCall.run(Server.java:1089) [hadoop-common-3.3.5.jar:?]
	at org.apache.hadoop.ipc.Server$RpcCall.run(Server.java:1012) [hadoop-common-3.3.5.jar:?]
	at java.security.AccessController.doPrivileged(Native Method) ~[?:1.8.0_362]
	at javax.security.auth.Subject.doAs(Subject.java:422) [?:1.8.0_362]
	at org.apache.hadoop.security.UserGroupInformation.doAs(UserGroupInformation.java:1899) [hadoop-common-3.3.5.jar:?]
	at org.apache.hadoop.ipc.Server$Handler.run(Server.java:3026) [hadoop-common-3.3.5.jar:?]
17:18:08.503 [IPC Server handler 1 on default port 38777] ERROR OMAudit - user=runner | ip=127.0.0.1 | op=GET_FILE_STATUS {volume=volume96178, bucket=bucket92903, key=testBatchDelete/parent/child2, dataSize=0, replicationConfig=null} | ret=FAILURE
org.apache.hadoop.ozone.om.exceptions.OMException: Unable to get file status: volume: volume96178 bucket: bucket92903 key: testBatchDelete/parent/child2
	at org.apache.hadoop.ozone.om.KeyManagerImpl.getOzoneFileStatus(KeyManagerImpl.java:1200) ~[ozone-manager-1.4.0-SNAPSHOT.jar:?]
	at org.apache.hadoop.ozone.om.KeyManagerImpl.getFileStatus(KeyManagerImpl.java:1118) ~[ozone-manager-1.4.0-SNAPSHOT.jar:?]
	at org.apache.hadoop.ozone.om.OmMetadataReader.getFileStatus(OmMetadataReader.java:288) ~[ozone-manager-1.4.0-SNAPSHOT.jar:?]
	at org.apache.hadoop.ozone.om.OzoneManager.getFileStatus(OzoneManager.java:3491) ~[ozone-manager-1.4.0-SNAPSHOT.jar:?]
	at org.apache.hadoop.ozone.protocolPB.OzoneManagerRequestHandler.getOzoneFileStatus(OzoneManagerRequestHandler.java:934) ~[ozone-manager-1.4.0-SNAPSHOT.jar:?]
	at org.apache.hadoop.ozone.protocolPB.OzoneManagerRequestHandler.handleReadRequest(OzoneManagerRequestHandler.java:238) ~[ozone-manager-1.4.0-SNAPSHOT.jar:?]
	at org.apache.hadoop.ozone.protocolPB.OzoneManagerProtocolServerSideTranslatorPB.submitRequestDirectlyToOM(OzoneManagerProtocolServerSideTranslatorPB.java:272) ~[ozone-manager-1.4.0-SNAPSHOT.jar:?]
	at org.apache.hadoop.ozone.protocolPB.OzoneManagerProtocolServerSideTranslatorPB.processRequest(OzoneManagerProtocolServerSideTranslatorPB.java:173) ~[ozone-manager-1.4.0-SNAPSHOT.jar:?]
	at org.apache.hadoop.hdds.server.OzoneProtocolMessageDispatcher.processRequest(OzoneProtocolMessageDispatcher.java:87) [hdds-server-framework-1.4.0-SNAPSHOT.jar:?]
	at org.apache.hadoop.ozone.protocolPB.OzoneManagerProtocolServerSideTranslatorPB.submitRequest(OzoneManagerProtocolServerSideTranslatorPB.java:147) [ozone-manager-1.4.0-SNAPSHOT.jar:?]
	at org.apache.hadoop.ozone.protocol.proto.OzoneManagerProtocolProtos$OzoneManagerService$2.callBlockingMethod(OzoneManagerProtocolProtos.java) [ozone-interface-client-1.4.0-SNAPSHOT.jar:?]
	at org.apache.hadoop.ipc.ProtobufRpcEngine$Server.processCall(ProtobufRpcEngine.java:484) [hadoop-common-3.3.5.jar:?]
	at org.apache.hadoop.ipc.ProtobufRpcEngine2$Server$ProtoBufRpcInvoker.call(ProtobufRpcEngine2.java:595) [hadoop-common-3.3.5.jar:?]
	at org.apache.hadoop.ipc.ProtobufRpcEngine2$Server$ProtoBufRpcInvoker.call(ProtobufRpcEngine2.java:573) [hadoop-common-3.3.5.jar:?]
	at org.apache.hadoop.ipc.RPC$Server.call(RPC.java:1213) [hadoop-common-3.3.5.jar:?]
	at org.apache.hadoop.ipc.Server$RpcCall.run(Server.java:1089) [hadoop-common-3.3.5.jar:?]
	at org.apache.hadoop.ipc.Server$RpcCall.run(Server.java:1012) [hadoop-common-3.3.5.jar:?]
	at java.security.AccessController.doPrivileged(Native Method) ~[?:1.8.0_362]
	at javax.security.auth.Subject.doAs(Subject.java:422) [?:1.8.0_362]
	at org.apache.hadoop.security.UserGroupInformation.doAs(UserGroupInformation.java:1899) [hadoop-common-3.3.5.jar:?]
	at org.apache.hadoop.ipc.Server$Handler.run(Server.java:3026) [hadoop-common-3.3.5.jar:?]
17:18:08.504 [IPC Server handler 3 on default port 38777] ERROR OMAudit - user=runner | ip=127.0.0.1 | op=GET_FILE_STATUS {volume=volume96178, bucket=bucket92903, key=testBatchDelete/parent/childFolder/child2, dataSize=0, replicationConfig=null} | ret=FAILURE
org.apache.hadoop.ozone.om.exceptions.OMException: Unable to get file status: volume: volume96178 bucket: bucket92903 key: testBatchDelete/parent/childFolder/child2
	at org.apache.hadoop.ozone.om.KeyManagerImpl.getOzoneFileStatus(KeyManagerImpl.java:1200) ~[ozone-manager-1.4.0-SNAPSHOT.jar:?]
	at org.apache.hadoop.ozone.om.KeyManagerImpl.getFileStatus(KeyManagerImpl.java:1118) ~[ozone-manager-1.4.0-SNAPSHOT.jar:?]
	at org.apache.hadoop.ozone.om.OmMetadataReader.getFileStatus(OmMetadataReader.java:288) ~[ozone-manager-1.4.0-SNAPSHOT.jar:?]
	at org.apache.hadoop.ozone.om.OzoneManager.getFileStatus(OzoneManager.java:3491) ~[ozone-manager-1.4.0-SNAPSHOT.jar:?]
	at org.apache.hadoop.ozone.protocolPB.OzoneManagerRequestHandler.getOzoneFileStatus(OzoneManagerRequestHandler.java:934) ~[ozone-manager-1.4.0-SNAPSHOT.jar:?]
	at org.apache.hadoop.ozone.protocolPB.OzoneManagerRequestHandler.handleReadRequest(OzoneManagerRequestHandler.java:238) ~[ozone-manager-1.4.0-SNAPSHOT.jar:?]
	at org.apache.hadoop.ozone.protocolPB.OzoneManagerProtocolServerSideTranslatorPB.submitRequestDirectlyToOM(OzoneManagerProtocolServerSideTranslatorPB.java:272) ~[ozone-manager-1.4.0-SNAPSHOT.jar:?]
	at org.apache.hadoop.ozone.protocolPB.OzoneManagerProtocolServerSideTranslatorPB.processRequest(OzoneManagerProtocolServerSideTranslatorPB.java:173) ~[ozone-manager-1.4.0-SNAPSHOT.jar:?]
	at org.apache.hadoop.hdds.server.OzoneProtocolMessageDispatcher.processRequest(OzoneProtocolMessageDispatcher.java:87) [hdds-server-framework-1.4.0-SNAPSHOT.jar:?]
	at org.apache.hadoop.ozone.protocolPB.OzoneManagerProtocolServerSideTranslatorPB.submitRequest(OzoneManagerProtocolServerSideTranslatorPB.java:147) [ozone-manager-1.4.0-SNAPSHOT.jar:?]
	at org.apache.hadoop.ozone.protocol.proto.OzoneManagerProtocolProtos$OzoneManagerService$2.callBlockingMethod(OzoneManagerProtocolProtos.java) [ozone-interface-client-1.4.0-SNAPSHOT.jar:?]
	at org.apache.hadoop.ipc.ProtobufRpcEngine$Server.processCall(ProtobufRpcEngine.java:484) [hadoop-common-3.3.5.jar:?]
	at org.apache.hadoop.ipc.ProtobufRpcEngine2$Server$ProtoBufRpcInvoker.call(ProtobufRpcEngine2.java:595) [hadoop-common-3.3.5.jar:?]
	at org.apache.hadoop.ipc.ProtobufRpcEngine2$Server$ProtoBufRpcInvoker.call(ProtobufRpcEngine2.java:573) [hadoop-common-3.3.5.jar:?]
	at org.apache.hadoop.ipc.RPC$Server.call(RPC.java:1213) [hadoop-common-3.3.5.jar:?]
	at org.apache.hadoop.ipc.Server$RpcCall.run(Server.java:1089) [hadoop-common-3.3.5.jar:?]
	at org.apache.hadoop.ipc.Server$RpcCall.run(Server.java:1012) [hadoop-common-3.3.5.jar:?]
	at java.security.AccessController.doPrivileged(Native Method) ~[?:1.8.0_362]
	at javax.security.auth.Subject.doAs(Subject.java:422) [?:1.8.0_362]
	at org.apache.hadoop.security.UserGroupInformation.doAs(UserGroupInformation.java:1899) [hadoop-common-3.3.5.jar:?]
	at org.apache.hadoop.ipc.Server$Handler.run(Server.java:3026) [hadoop-common-3.3.5.jar:?]
17:18:08.505 [IPC Server handler 2 on default port 38777] ERROR OMAudit - user=runner | ip=127.0.0.1 | op=GET_FILE_STATUS {volume=volume96178, bucket=bucket92903, key=testBatchDelete/parent/child3, dataSize=0, replicationConfig=null} | ret=FAILURE
org.apache.hadoop.ozone.om.exceptions.OMException: Unable to get file status: volume: volume96178 bucket: bucket92903 key: testBatchDelete/parent/child3
	at org.apache.hadoop.ozone.om.KeyManagerImpl.getOzoneFileStatus(KeyManagerImpl.java:1200) ~[ozone-manager-1.4.0-SNAPSHOT.jar:?]
	at org.apache.hadoop.ozone.om.KeyManagerImpl.getFileStatus(KeyManagerImpl.java:1118) ~[ozone-manager-1.4.0-SNAPSHOT.jar:?]
	at org.apache.hadoop.ozone.om.OmMetadataReader.getFileStatus(OmMetadataReader.java:288) ~[ozone-manager-1.4.0-SNAPSHOT.jar:?]
	at org.apache.hadoop.ozone.om.OzoneManager.getFileStatus(OzoneManager.java:3491) ~[ozone-manager-1.4.0-SNAPSHOT.jar:?]
	at org.apache.hadoop.ozone.protocolPB.OzoneManagerRequestHandler.getOzoneFileStatus(OzoneManagerRequestHandler.java:934) ~[ozone-manager-1.4.0-SNAPSHOT.jar:?]
	at org.apache.hadoop.ozone.protocolPB.OzoneManagerRequestHandler.handleReadRequest(OzoneManagerRequestHandler.java:238) ~[ozone-manager-1.4.0-SNAPSHOT.jar:?]
	at org.apache.hadoop.ozone.protocolPB.OzoneManagerProtocolServerSideTranslatorPB.submitRequestDirectlyToOM(OzoneManagerProtocolServerSideTranslatorPB.java:272) ~[ozone-manager-1.4.0-SNAPSHOT.jar:?]
	at org.apache.hadoop.ozone.protocolPB.OzoneManagerProtocolServerSideTranslatorPB.processRequest(OzoneManagerProtocolServerSideTranslatorPB.java:173) ~[ozone-manager-1.4.0-SNAPSHOT.jar:?]
	at org.apache.hadoop.hdds.server.OzoneProtocolMessageDispatcher.processRequest(OzoneProtocolMessageDispatcher.java:87) [hdds-server-framework-1.4.0-SNAPSHOT.jar:?]
	at org.apache.hadoop.ozone.protocolPB.OzoneManagerProtocolServerSideTranslatorPB.submitRequest(OzoneManagerProtocolServerSideTranslatorPB.java:147) [ozone-manager-1.4.0-SNAPSHOT.jar:?]
	at org.apache.hadoop.ozone.protocol.proto.OzoneManagerProtocolProtos$OzoneManagerService$2.callBlockingMethod(OzoneManagerProtocolProtos.java) [ozone-interface-client-1.4.0-SNAPSHOT.jar:?]
	at org.apache.hadoop.ipc.ProtobufRpcEngine$Server.processCall(ProtobufRpcEngine.java:484) [hadoop-common-3.3.5.jar:?]
	at org.apache.hadoop.ipc.ProtobufRpcEngine2$Server$ProtoBufRpcInvoker.call(ProtobufRpcEngine2.java:595) [hadoop-common-3.3.5.jar:?]
	at org.apache.hadoop.ipc.ProtobufRpcEngine2$Server$ProtoBufRpcInvoker.call(ProtobufRpcEngine2.java:573) [hadoop-common-3.3.5.jar:?]
	at org.apache.hadoop.ipc.RPC$Server.call(RPC.java:1213) [hadoop-common-3.3.5.jar:?]
	at org.apache.hadoop.ipc.Server$RpcCall.run(Server.java:1089) [hadoop-common-3.3.5.jar:?]
	at org.apache.hadoop.ipc.Server$RpcCall.run(Server.java:1012) [hadoop-common-3.3.5.jar:?]
	at java.security.AccessController.doPrivileged(Native Method) ~[?:1.8.0_362]
	at javax.security.auth.Subject.doAs(Subject.java:422) [?:1.8.0_362]
	at org.apache.hadoop.security.UserGroupInformation.doAs(UserGroupInformation.java:1899) [hadoop-common-3.3.5.jar:?]
	at org.apache.hadoop.ipc.Server$Handler.run(Server.java:3026) [hadoop-common-3.3.5.jar:?]
17:18:08.505 [IPC Server handler 0 on default port 38777] ERROR OMAudit - user=runner | ip=127.0.0.1 | op=GET_FILE_STATUS {volume=volume96178, bucket=bucket92903, key=testBatchDelete/parent/childFolder/child3, dataSize=0, replicationConfig=null} | ret=FAILURE
org.apache.hadoop.ozone.om.exceptions.OMException: Unable to get file status: volume: volume96178 bucket: bucket92903 key: testBatchDelete/parent/childFolder/child3
	at org.apache.hadoop.ozone.om.KeyManagerImpl.getOzoneFileStatus(KeyManagerImpl.java:1200) ~[ozone-manager-1.4.0-SNAPSHOT.jar:?]
	at org.apache.hadoop.ozone.om.KeyManagerImpl.getFileStatus(KeyManagerImpl.java:1118) ~[ozone-manager-1.4.0-SNAPSHOT.jar:?]
	at org.apache.hadoop.ozone.om.OmMetadataReader.getFileStatus(OmMetadataReader.java:288) ~[ozone-manager-1.4.0-SNAPSHOT.jar:?]
	at org.apache.hadoop.ozone.om.OzoneManager.getFileStatus(OzoneManager.java:3491) ~[ozone-manager-1.4.0-SNAPSHOT.jar:?]
	at org.apache.hadoop.ozone.protocolPB.OzoneManagerRequestHandler.getOzoneFileStatus(OzoneManagerRequestHandler.java:934) ~[ozone-manager-1.4.0-SNAPSHOT.jar:?]
	at org.apache.hadoop.ozone.protocolPB.OzoneManagerRequestHandler.handleReadRequest(OzoneManagerRequestHandler.java:238) ~[ozone-manager-1.4.0-SNAPSHOT.jar:?]
	at org.apache.hadoop.ozone.protocolPB.OzoneManagerProtocolServerSideTranslatorPB.submitRequestDirectlyToOM(OzoneManagerProtocolServerSideTranslatorPB.java:272) ~[ozone-manager-1.4.0-SNAPSHOT.jar:?]
	at org.apache.hadoop.ozone.protocolPB.OzoneManagerProtocolServerSideTranslatorPB.processRequest(OzoneManagerProtocolServerSideTranslatorPB.java:173) ~[ozone-manager-1.4.0-SNAPSHOT.jar:?]
	at org.apache.hadoop.hdds.server.OzoneProtocolMessageDispatcher.processRequest(OzoneProtocolMessageDispatcher.java:87) [hdds-server-framework-1.4.0-SNAPSHOT.jar:?]
	at org.apache.hadoop.ozone.protocolPB.OzoneManagerProtocolServerSideTranslatorPB.submitRequest(OzoneManagerProtocolServerSideTranslatorPB.java:147) [ozone-manager-1.4.0-SNAPSHOT.jar:?]
	at org.apache.hadoop.ozone.protocol.proto.OzoneManagerProtocolProtos$OzoneManagerService$2.callBlockingMethod(OzoneManagerProtocolProtos.java) [ozone-interface-client-1.4.0-SNAPSHOT.jar:?]
	at org.apache.hadoop.ipc.ProtobufRpcEngine$Server.processCall(ProtobufRpcEngine.java:484) [hadoop-common-3.3.5.jar:?]
	at org.apache.hadoop.ipc.ProtobufRpcEngine2$Server$ProtoBufRpcInvoker.call(ProtobufRpcEngine2.java:595) [hadoop-common-3.3.5.jar:?]
	at org.apache.hadoop.ipc.ProtobufRpcEngine2$Server$ProtoBufRpcInvoker.call(ProtobufRpcEngine2.java:573) [hadoop-common-3.3.5.jar:?]
	at org.apache.hadoop.ipc.RPC$Server.call(RPC.java:1213) [hadoop-common-3.3.5.jar:?]
	at org.apache.hadoop.ipc.Server$RpcCall.run(Server.java:1089) [hadoop-common-3.3.5.jar:?]
	at org.apache.hadoop.ipc.Server$RpcCall.run(Server.java:1012) [hadoop-common-3.3.5.jar:?]
	at java.security.AccessController.doPrivileged(Native Method) ~[?:1.8.0_362]
	at javax.security.auth.Subject.doAs(Subject.java:422) [?:1.8.0_362]
	at org.apache.hadoop.security.UserGroupInformation.doAs(UserGroupInformation.java:1899) [hadoop-common-3.3.5.jar:?]
	at org.apache.hadoop.ipc.Server$Handler.run(Server.java:3026) [hadoop-common-3.3.5.jar:?]
17:18:08.506 [IPC Server handler 19 on default port 38777] ERROR OMAudit - user=runner | ip=127.0.0.1 | op=GET_FILE_STATUS {volume=volume96178, bucket=bucket92903, key=testBatchDelete/parent/child4, dataSize=0, replicationConfig=null} | ret=FAILURE
org.apache.hadoop.ozone.om.exceptions.OMException: Unable to get file status: volume: volume96178 bucket: bucket92903 key: testBatchDelete/parent/child4
	at org.apache.hadoop.ozone.om.KeyManagerImpl.getOzoneFileStatus(KeyManagerImpl.java:1200) ~[ozone-manager-1.4.0-SNAPSHOT.jar:?]
	at org.apache.hadoop.ozone.om.KeyManagerImpl.getFileStatus(KeyManagerImpl.java:1118) ~[ozone-manager-1.4.0-SNAPSHOT.jar:?]
	at org.apache.hadoop.ozone.om.OmMetadataReader.getFileStatus(OmMetadataReader.java:288) ~[ozone-manager-1.4.0-SNAPSHOT.jar:?]
	at org.apache.hadoop.ozone.om.OzoneManager.getFileStatus(OzoneManager.java:3491) ~[ozone-manager-1.4.0-SNAPSHOT.jar:?]
	at org.apache.hadoop.ozone.protocolPB.OzoneManagerRequestHandler.getOzoneFileStatus(OzoneManagerRequestHandler.java:934) ~[ozone-manager-1.4.0-SNAPSHOT.jar:?]
	at org.apache.hadoop.ozone.protocolPB.OzoneManagerRequestHandler.handleReadRequest(OzoneManagerRequestHandler.java:238) ~[ozone-manager-1.4.0-SNAPSHOT.jar:?]
	at org.apache.hadoop.ozone.protocolPB.OzoneManagerProtocolServerSideTranslatorPB.submitRequestDirectlyToOM(OzoneManagerProtocolServerSideTranslatorPB.java:272) ~[ozone-manager-1.4.0-SNAPSHOT.jar:?]
	at org.apache.hadoop.ozone.protocolPB.OzoneManagerProtocolServerSideTranslatorPB.processRequest(OzoneManagerProtocolServerSideTranslatorPB.java:173) ~[ozone-manager-1.4.0-SNAPSHOT.jar:?]
	at org.apache.hadoop.hdds.server.OzoneProtocolMessageDispatcher.processRequest(OzoneProtocolMessageDispatcher.java:87) [hdds-server-framework-1.4.0-SNAPSHOT.jar:?]
	at org.apache.hadoop.ozone.protocolPB.OzoneManagerProtocolServerSideTranslatorPB.submitRequest(OzoneManagerProtocolServerSideTranslatorPB.java:147) [ozone-manager-1.4.0-SNAPSHOT.jar:?]
	at org.apache.hadoop.ozone.protocol.proto.OzoneManagerProtocolProtos$OzoneManagerService$2.callBlockingMethod(OzoneManagerProtocolProtos.java) [ozone-interface-client-1.4.0-SNAPSHOT.jar:?]
	at org.apache.hadoop.ipc.ProtobufRpcEngine$Server.processCall(ProtobufRpcEngine.java:484) [hadoop-common-3.3.5.jar:?]
	at org.apache.hadoop.ipc.ProtobufRpcEngine2$Server$ProtoBufRpcInvoker.call(ProtobufRpcEngine2.java:595) [hadoop-common-3.3.5.jar:?]
	at org.apache.hadoop.ipc.ProtobufRpcEngine2$Server$ProtoBufRpcInvoker.call(ProtobufRpcEngine2.java:573) [hadoop-common-3.3.5.jar:?]
	at org.apache.hadoop.ipc.RPC$Server.call(RPC.java:1213) [hadoop-common-3.3.5.jar:?]
	at org.apache.hadoop.ipc.Server$RpcCall.run(Server.java:1089) [hadoop-common-3.3.5.jar:?]
	at org.apache.hadoop.ipc.Server$RpcCall.run(Server.java:1012) [hadoop-common-3.3.5.jar:?]
	at java.security.AccessController.doPrivileged(Native Method) ~[?:1.8.0_362]
	at javax.security.auth.Subject.doAs(Subject.java:422) [?:1.8.0_362]
	at org.apache.hadoop.security.UserGroupInformation.doAs(UserGroupInformation.java:1899) [hadoop-common-3.3.5.jar:?]
	at org.apache.hadoop.ipc.Server$Handler.run(Server.java:3026) [hadoop-common-3.3.5.jar:?]
17:18:08.507 [IPC Server handler 16 on default port 38777] ERROR OMAudit - user=runner | ip=127.0.0.1 | op=GET_FILE_STATUS {volume=volume96178, bucket=bucket92903, key=testBatchDelete/parent/childFolder/child4, dataSize=0, replicationConfig=null} | ret=FAILURE
org.apache.hadoop.ozone.om.exceptions.OMException: Unable to get file status: volume: volume96178 bucket: bucket92903 key: testBatchDelete/parent/childFolder/child4
	at org.apache.hadoop.ozone.om.KeyManagerImpl.getOzoneFileStatus(KeyManagerImpl.java:1200) ~[ozone-manager-1.4.0-SNAPSHOT.jar:?]
	at org.apache.hadoop.ozone.om.KeyManagerImpl.getFileStatus(KeyManagerImpl.java:1118) ~[ozone-manager-1.4.0-SNAPSHOT.jar:?]
	at org.apache.hadoop.ozone.om.OmMetadataReader.getFileStatus(OmMetadataReader.java:288) ~[ozone-manager-1.4.0-SNAPSHOT.jar:?]
	at org.apache.hadoop.ozone.om.OzoneManager.getFileStatus(OzoneManager.java:3491) ~[ozone-manager-1.4.0-SNAPSHOT.jar:?]
	at org.apache.hadoop.ozone.protocolPB.OzoneManagerRequestHandler.getOzoneFileStatus(OzoneManagerRequestHandler.java:934) ~[ozone-manager-1.4.0-SNAPSHOT.jar:?]
	at org.apache.hadoop.ozone.protocolPB.OzoneManagerRequestHandler.handleReadRequest(OzoneManagerRequestHandler.java:238) ~[ozone-manager-1.4.0-SNAPSHOT.jar:?]
	at org.apache.hadoop.ozone.protocolPB.OzoneManagerProtocolServerSideTranslatorPB.submitRequestDirectlyToOM(OzoneManagerProtocolServerSideTranslatorPB.java:272) ~[ozone-manager-1.4.0-SNAPSHOT.jar:?]
	at org.apache.hadoop.ozone.protocolPB.OzoneManagerProtocolServerSideTranslatorPB.processRequest(OzoneManagerProtocolServerSideTranslatorPB.java:173) ~[ozone-manager-1.4.0-SNAPSHOT.jar:?]
	at org.apache.hadoop.hdds.server.OzoneProtocolMessageDispatcher.processRequest(OzoneProtocolMessageDispatcher.java:87) [hdds-server-framework-1.4.0-SNAPSHOT.jar:?]
	at org.apache.hadoop.ozone.protocolPB.OzoneManagerProtocolServerSideTranslatorPB.submitRequest(OzoneManagerProtocolServerSideTranslatorPB.java:147) [ozone-manager-1.4.0-SNAPSHOT.jar:?]
	at org.apache.hadoop.ozone.protocol.proto.OzoneManagerProtocolProtos$OzoneManagerService$2.callBlockingMethod(OzoneManagerProtocolProtos.java) [ozone-interface-client-1.4.0-SNAPSHOT.jar:?]
	at org.apache.hadoop.ipc.ProtobufRpcEngine$Server.processCall(ProtobufRpcEngine.java:484) [hadoop-common-3.3.5.jar:?]
	at org.apache.hadoop.ipc.ProtobufRpcEngine2$Server$ProtoBufRpcInvoker.call(ProtobufRpcEngine2.java:595) [hadoop-common-3.3.5.jar:?]
	at org.apache.hadoop.ipc.ProtobufRpcEngine2$Server$ProtoBufRpcInvoker.call(ProtobufRpcEngine2.java:573) [hadoop-common-3.3.5.jar:?]
	at org.apache.hadoop.ipc.RPC$Server.call(RPC.java:1213) [hadoop-common-3.3.5.jar:?]
	at org.apache.hadoop.ipc.Server$RpcCall.run(Server.java:1089) [hadoop-common-3.3.5.jar:?]
	at org.apache.hadoop.ipc.Server$RpcCall.run(Server.java:1012) [hadoop-common-3.3.5.jar:?]
	at java.security.AccessController.doPrivileged(Native Method) ~[?:1.8.0_362]
	at javax.security.auth.Subject.doAs(Subject.java:422) [?:1.8.0_362]
	at org.apache.hadoop.security.UserGroupInformation.doAs(UserGroupInformation.java:1899) [hadoop-common-3.3.5.jar:?]
	at org.apache.hadoop.ipc.Server$Handler.run(Server.java:3026) [hadoop-common-3.3.5.jar:?]
17:18:08.508 [IPC Server handler 15 on default port 38777] ERROR OMAudit - user=runner | ip=127.0.0.1 | op=GET_FILE_STATUS {volume=volume96178, bucket=bucket92903, key=testBatchDelete/parent/child5, dataSize=0, replicationConfig=null} | ret=FAILURE
org.apache.hadoop.ozone.om.exceptions.OMException: Unable to get file status: volume: volume96178 bucket: bucket92903 key: testBatchDelete/parent/child5
	at org.apache.hadoop.ozone.om.KeyManagerImpl.getOzoneFileStatus(KeyManagerImpl.java:1200) ~[ozone-manager-1.4.0-SNAPSHOT.jar:?]
	at org.apache.hadoop.ozone.om.KeyManagerImpl.getFileStatus(KeyManagerImpl.java:1118) ~[ozone-manager-1.4.0-SNAPSHOT.jar:?]
	at org.apache.hadoop.ozone.om.OmMetadataReader.getFileStatus(OmMetadataReader.java:288) ~[ozone-manager-1.4.0-SNAPSHOT.jar:?]
	at org.apache.hadoop.ozone.om.OzoneManager.getFileStatus(OzoneManager.java:3491) ~[ozone-manager-1.4.0-SNAPSHOT.jar:?]
	at org.apache.hadoop.ozone.protocolPB.OzoneManagerRequestHandler.getOzoneFileStatus(OzoneManagerRequestHandler.java:934) ~[ozone-manager-1.4.0-SNAPSHOT.jar:?]
	at org.apache.hadoop.ozone.protocolPB.OzoneManagerRequestHandler.handleReadRequest(OzoneManagerRequestHandler.java:238) ~[ozone-manager-1.4.0-SNAPSHOT.jar:?]
	at org.apache.hadoop.ozone.protocolPB.OzoneManagerProtocolServerSideTranslatorPB.submitRequestDirectlyToOM(OzoneManagerProtocolServerSideTranslatorPB.java:272) ~[ozone-manager-1.4.0-SNAPSHOT.jar:?]
	at org.apache.hadoop.ozone.protocolPB.OzoneManagerProtocolServerSideTranslatorPB.processRequest(OzoneManagerProtocolServerSideTranslatorPB.java:173) ~[ozone-manager-1.4.0-SNAPSHOT.jar:?]
	at org.apache.hadoop.hdds.server.OzoneProtocolMessageDispatcher.processRequest(OzoneProtocolMessageDispatcher.java:87) [hdds-server-framework-1.4.0-SNAPSHOT.jar:?]
	at org.apache.hadoop.ozone.protocolPB.OzoneManagerProtocolServerSideTranslatorPB.submitRequest(OzoneManagerProtocolServerSideTranslatorPB.java:147) [ozone-manager-1.4.0-SNAPSHOT.jar:?]
	at org.apache.hadoop.ozone.protocol.proto.OzoneManagerProtocolProtos$OzoneManagerService$2.callBlockingMethod(OzoneManagerProtocolProtos.java) [ozone-interface-client-1.4.0-SNAPSHOT.jar:?]
	at org.apache.hadoop.ipc.ProtobufRpcEngine$Server.processCall(ProtobufRpcEngine.java:484) [hadoop-common-3.3.5.jar:?]
	at org.apache.hadoop.ipc.ProtobufRpcEngine2$Server$ProtoBufRpcInvoker.call(ProtobufRpcEngine2.java:595) [hadoop-common-3.3.5.jar:?]
	at org.apache.hadoop.ipc.ProtobufRpcEngine2$Server$ProtoBufRpcInvoker.call(ProtobufRpcEngine2.java:573) [hadoop-common-3.3.5.jar:?]
	at org.apache.hadoop.ipc.RPC$Server.call(RPC.java:1213) [hadoop-common-3.3.5.jar:?]
	at org.apache.hadoop.ipc.Server$RpcCall.run(Server.java:1089) [hadoop-common-3.3.5.jar:?]
	at org.apache.hadoop.ipc.Server$RpcCall.run(Server.java:1012) [hadoop-common-3.3.5.jar:?]
	at java.security.AccessController.doPrivileged(Native Method) ~[?:1.8.0_362]
	at javax.security.auth.Subject.doAs(Subject.java:422) [?:1.8.0_362]
	at org.apache.hadoop.security.UserGroupInformation.doAs(UserGroupInformation.java:1899) [hadoop-common-3.3.5.jar:?]
	at org.apache.hadoop.ipc.Server$Handler.run(Server.java:3026) [hadoop-common-3.3.5.jar:?]
17:18:08.509 [IPC Server handler 18 on default port 38777] ERROR OMAudit - user=runner | ip=127.0.0.1 | op=GET_FILE_STATUS {volume=volume96178, bucket=bucket92903, key=testBatchDelete/parent/childFolder/child5, dataSize=0, replicationConfig=null} | ret=FAILURE
org.apache.hadoop.ozone.om.exceptions.OMException: Unable to get file status: volume: volume96178 bucket: bucket92903 key: testBatchDelete/parent/childFolder/child5
	at org.apache.hadoop.ozone.om.KeyManagerImpl.getOzoneFileStatus(KeyManagerImpl.java:1200) ~[ozone-manager-1.4.0-SNAPSHOT.jar:?]
	at org.apache.hadoop.ozone.om.KeyManagerImpl.getFileStatus(KeyManagerImpl.java:1118) ~[ozone-manager-1.4.0-SNAPSHOT.jar:?]
	at org.apache.hadoop.ozone.om.OmMetadataReader.getFileStatus(OmMetadataReader.java:288) ~[ozone-manager-1.4.0-SNAPSHOT.jar:?]
	at org.apache.hadoop.ozone.om.OzoneManager.getFileStatus(OzoneManager.java:3491) ~[ozone-manager-1.4.0-SNAPSHOT.jar:?]
	at org.apache.hadoop.ozone.protocolPB.OzoneManagerRequestHandler.getOzoneFileStatus(OzoneManagerRequestHandler.java:934) ~[ozone-manager-1.4.0-SNAPSHOT.jar:?]
	at org.apache.hadoop.ozone.protocolPB.OzoneManagerRequestHandler.handleReadRequest(OzoneManagerRequestHandler.java:238) ~[ozone-manager-1.4.0-SNAPSHOT.jar:?]
	at org.apache.hadoop.ozone.protocolPB.OzoneManagerProtocolServerSideTranslatorPB.submitRequestDirectlyToOM(OzoneManagerProtocolServerSideTranslatorPB.java:272) ~[ozone-manager-1.4.0-SNAPSHOT.jar:?]
	at org.apache.hadoop.ozone.protocolPB.OzoneManagerProtocolServerSideTranslatorPB.processRequest(OzoneManagerProtocolServerSideTranslatorPB.java:173) ~[ozone-manager-1.4.0-SNAPSHOT.jar:?]
	at org.apache.hadoop.hdds.server.OzoneProtocolMessageDispatcher.processRequest(OzoneProtocolMessageDispatcher.java:87) [hdds-server-framework-1.4.0-SNAPSHOT.jar:?]
	at org.apache.hadoop.ozone.protocolPB.OzoneManagerProtocolServerSideTranslatorPB.submitRequest(OzoneManagerProtocolServerSideTranslatorPB.java:147) [ozone-manager-1.4.0-SNAPSHOT.jar:?]
	at org.apache.hadoop.ozone.protocol.proto.OzoneManagerProtocolProtos$OzoneManagerService$2.callBlockingMethod(OzoneManagerProtocolProtos.java) [ozone-interface-client-1.4.0-SNAPSHOT.jar:?]
	at org.apache.hadoop.ipc.ProtobufRpcEngine$Server.processCall(ProtobufRpcEngine.java:484) [hadoop-common-3.3.5.jar:?]
	at org.apache.hadoop.ipc.ProtobufRpcEngine2$Server$ProtoBufRpcInvoker.call(ProtobufRpcEngine2.java:595) [hadoop-common-3.3.5.jar:?]
	at org.apache.hadoop.ipc.ProtobufRpcEngine2$Server$ProtoBufRpcInvoker.call(ProtobufRpcEngine2.java:573) [hadoop-common-3.3.5.jar:?]
	at org.apache.hadoop.ipc.RPC$Server.call(RPC.java:1213) [hadoop-common-3.3.5.jar:?]
	at org.apache.hadoop.ipc.Server$RpcCall.run(Server.java:1089) [hadoop-common-3.3.5.jar:?]
	at org.apache.hadoop.ipc.Server$RpcCall.run(Server.java:1012) [hadoop-common-3.3.5.jar:?]
	at java.security.AccessController.doPrivileged(Native Method) ~[?:1.8.0_362]
	at javax.security.auth.Subject.doAs(Subject.java:422) [?:1.8.0_362]
	at org.apache.hadoop.security.UserGroupInformation.doAs(UserGroupInformation.java:1899) [hadoop-common-3.3.5.jar:?]
	at org.apache.hadoop.ipc.Server$Handler.run(Server.java:3026) [hadoop-common-3.3.5.jar:?]
17:18:08.509 [IPC Server handler 14 on default port 38777] ERROR OMAudit - user=runner | ip=127.0.0.1 | op=GET_FILE_STATUS {volume=volume96178, bucket=bucket92903, key=testBatchDelete/parent/child6, dataSize=0, replicationConfig=null} | ret=FAILURE
org.apache.hadoop.ozone.om.exceptions.OMException: Unable to get file status: volume: volume96178 bucket: bucket92903 key: testBatchDelete/parent/child6
	at org.apache.hadoop.ozone.om.KeyManagerImpl.getOzoneFileStatus(KeyManagerImpl.java:1200) ~[ozone-manager-1.4.0-SNAPSHOT.jar:?]
	at org.apache.hadoop.ozone.om.KeyManagerImpl.getFileStatus(KeyManagerImpl.java:1118) ~[ozone-manager-1.4.0-SNAPSHOT.jar:?]
	at org.apache.hadoop.ozone.om.OmMetadataReader.getFileStatus(OmMetadataReader.java:288) ~[ozone-manager-1.4.0-SNAPSHOT.jar:?]
	at org.apache.hadoop.ozone.om.OzoneManager.getFileStatus(OzoneManager.java:3491) ~[ozone-manager-1.4.0-SNAPSHOT.jar:?]
	at org.apache.hadoop.ozone.protocolPB.OzoneManagerRequestHandler.getOzoneFileStatus(OzoneManagerRequestHandler.java:934) ~[ozone-manager-1.4.0-SNAPSHOT.jar:?]
	at org.apache.hadoop.ozone.protocolPB.OzoneManagerRequestHandler.handleReadRequest(OzoneManagerRequestHandler.java:238) ~[ozone-manager-1.4.0-SNAPSHOT.jar:?]
	at org.apache.hadoop.ozone.protocolPB.OzoneManagerProtocolServerSideTranslatorPB.submitRequestDirectlyToOM(OzoneManagerProtocolServerSideTranslatorPB.java:272) ~[ozone-manager-1.4.0-SNAPSHOT.jar:?]
	at org.apache.hadoop.ozone.protocolPB.OzoneManagerProtocolServerSideTranslatorPB.processRequest(OzoneManagerProtocolServerSideTranslatorPB.java:173) ~[ozone-manager-1.4.0-SNAPSHOT.jar:?]
	at org.apache.hadoop.hdds.server.OzoneProtocolMessageDispatcher.processRequest(OzoneProtocolMessageDispatcher.java:87) [hdds-server-framework-1.4.0-SNAPSHOT.jar:?]
	at org.apache.hadoop.ozone.protocolPB.OzoneManagerProtocolServerSideTranslatorPB.submitRequest(OzoneManagerProtocolServerSideTranslatorPB.java:147) [ozone-manager-1.4.0-SNAPSHOT.jar:?]
	at org.apache.hadoop.ozone.protocol.proto.OzoneManagerProtocolProtos$OzoneManagerService$2.callBlockingMethod(OzoneManagerProtocolProtos.java) [ozone-interface-client-1.4.0-SNAPSHOT.jar:?]
	at org.apache.hadoop.ipc.ProtobufRpcEngine$Server.processCall(ProtobufRpcEngine.java:484) [hadoop-common-3.3.5.jar:?]
	at org.apache.hadoop.ipc.ProtobufRpcEngine2$Server$ProtoBufRpcInvoker.call(ProtobufRpcEngine2.java:595) [hadoop-common-3.3.5.jar:?]
	at org.apache.hadoop.ipc.ProtobufRpcEngine2$Server$ProtoBufRpcInvoker.call(ProtobufRpcEngine2.java:573) [hadoop-common-3.3.5.jar:?]
	at org.apache.hadoop.ipc.RPC$Server.call(RPC.java:1213) [hadoop-common-3.3.5.jar:?]
	at org.apache.hadoop.ipc.Server$RpcCall.run(Server.java:1089) [hadoop-common-3.3.5.jar:?]
	at org.apache.hadoop.ipc.Server$RpcCall.run(Server.java:1012) [hadoop-common-3.3.5.jar:?]
	at java.security.AccessController.doPrivileged(Native Method) ~[?:1.8.0_362]
	at javax.security.auth.Subject.doAs(Subject.java:422) [?:1.8.0_362]
	at org.apache.hadoop.security.UserGroupInformation.doAs(UserGroupInformation.java:1899) [hadoop-common-3.3.5.jar:?]
	at org.apache.hadoop.ipc.Server$Handler.run(Server.java:3026) [hadoop-common-3.3.5.jar:?]
17:18:08.512 [IPC Server handler 10 on default port 38777] ERROR OMAudit - user=runner | ip=127.0.0.1 | op=GET_FILE_STATUS {volume=volume96178, bucket=bucket92903, key=testBatchDelete/parent/childFolder/child6, dataSize=0, replicationConfig=null} | ret=FAILURE
org.apache.hadoop.ozone.om.exceptions.OMException: Unable to get file status: volume: volume96178 bucket: bucket92903 key: testBatchDelete/parent/childFolder/child6
	at org.apache.hadoop.ozone.om.KeyManagerImpl.getOzoneFileStatus(KeyManagerImpl.java:1200) ~[ozone-manager-1.4.0-SNAPSHOT.jar:?]
	at org.apache.hadoop.ozone.om.KeyManagerImpl.getFileStatus(KeyManagerImpl.java:1118) ~[ozone-manager-1.4.0-SNAPSHOT.jar:?]
	at org.apache.hadoop.ozone.om.OmMetadataReader.getFileStatus(OmMetadataReader.java:288) ~[ozone-manager-1.4.0-SNAPSHOT.jar:?]
	at org.apache.hadoop.ozone.om.OzoneManager.getFileStatus(OzoneManager.java:3491) ~[ozone-manager-1.4.0-SNAPSHOT.jar:?]
	at org.apache.hadoop.ozone.protocolPB.OzoneManagerRequestHandler.getOzoneFileStatus(OzoneManagerRequestHandler.java:934) ~[ozone-manager-1.4.0-SNAPSHOT.jar:?]
	at org.apache.hadoop.ozone.protocolPB.OzoneManagerRequestHandler.handleReadRequest(OzoneManagerRequestHandler.java:238) ~[ozone-manager-1.4.0-SNAPSHOT.jar:?]
	at org.apache.hadoop.ozone.protocolPB.OzoneManagerProtocolServerSideTranslatorPB.submitRequestDirectlyToOM(OzoneManagerProtocolServerSideTranslatorPB.java:272) ~[ozone-manager-1.4.0-SNAPSHOT.jar:?]
	at org.apache.hadoop.ozone.protocolPB.OzoneManagerProtocolServerSideTranslatorPB.processRequest(OzoneManagerProtocolServerSideTranslatorPB.java:173) ~[ozone-manager-1.4.0-SNAPSHOT.jar:?]
	at org.apache.hadoop.hdds.server.OzoneProtocolMessageDispatcher.processRequest(OzoneProtocolMessageDispatcher.java:87) [hdds-server-framework-1.4.0-SNAPSHOT.jar:?]
	at org.apache.hadoop.ozone.protocolPB.OzoneManagerProtocolServerSideTranslatorPB.submitRequest(OzoneManagerProtocolServerSideTranslatorPB.java:147) [ozone-manager-1.4.0-SNAPSHOT.jar:?]
	at org.apache.hadoop.ozone.protocol.proto.OzoneManagerProtocolProtos$OzoneManagerService$2.callBlockingMethod(OzoneManagerProtocolProtos.java) [ozone-interface-client-1.4.0-SNAPSHOT.jar:?]
	at org.apache.hadoop.ipc.ProtobufRpcEngine$Server.processCall(ProtobufRpcEngine.java:484) [hadoop-common-3.3.5.jar:?]
	at org.apache.hadoop.ipc.ProtobufRpcEngine2$Server$ProtoBufRpcInvoker.call(ProtobufRpcEngine2.java:595) [hadoop-common-3.3.5.jar:?]
	at org.apache.hadoop.ipc.ProtobufRpcEngine2$Server$ProtoBufRpcInvoker.call(ProtobufRpcEngine2.java:573) [hadoop-common-3.3.5.jar:?]
	at org.apache.hadoop.ipc.RPC$Server.call(RPC.java:1213) [hadoop-common-3.3.5.jar:?]
	at org.apache.hadoop.ipc.Server$RpcCall.run(Server.java:1089) [hadoop-common-3.3.5.jar:?]
	at org.apache.hadoop.ipc.Server$RpcCall.run(Server.java:1012) [hadoop-common-3.3.5.jar:?]
	at java.security.AccessController.doPrivileged(Native Method) ~[?:1.8.0_362]
	at javax.security.auth.Subject.doAs(Subject.java:422) [?:1.8.0_362]
	at org.apache.hadoop.security.UserGroupInformation.doAs(UserGroupInformation.java:1899) [hadoop-common-3.3.5.jar:?]
	at org.apache.hadoop.ipc.Server$Handler.run(Server.java:3026) [hadoop-common-3.3.5.jar:?]
17:18:08.513 [IPC Server handler 17 on default port 38777] ERROR OMAudit - user=runner | ip=127.0.0.1 | op=GET_FILE_STATUS {volume=volume96178, bucket=bucket92903, key=testBatchDelete/parent/child7, dataSize=0, replicationConfig=null} | ret=FAILURE
org.apache.hadoop.ozone.om.exceptions.OMException: Unable to get file status: volume: volume96178 bucket: bucket92903 key: testBatchDelete/parent/child7
	at org.apache.hadoop.ozone.om.KeyManagerImpl.getOzoneFileStatus(KeyManagerImpl.java:1200) ~[ozone-manager-1.4.0-SNAPSHOT.jar:?]
	at org.apache.hadoop.ozone.om.KeyManagerImpl.getFileStatus(KeyManagerImpl.java:1118) ~[ozone-manager-1.4.0-SNAPSHOT.jar:?]
	at org.apache.hadoop.ozone.om.OmMetadataReader.getFileStatus(OmMetadataReader.java:288) ~[ozone-manager-1.4.0-SNAPSHOT.jar:?]
	at org.apache.hadoop.ozone.om.OzoneManager.getFileStatus(OzoneManager.java:3491) ~[ozone-manager-1.4.0-SNAPSHOT.jar:?]
	at org.apache.hadoop.ozone.protocolPB.OzoneManagerRequestHandler.getOzoneFileStatus(OzoneManagerRequestHandler.java:934) ~[ozone-manager-1.4.0-SNAPSHOT.jar:?]
	at org.apache.hadoop.ozone.protocolPB.OzoneManagerRequestHandler.handleReadRequest(OzoneManagerRequestHandler.java:238) ~[ozone-manager-1.4.0-SNAPSHOT.jar:?]
	at org.apache.hadoop.ozone.protocolPB.OzoneManagerProtocolServerSideTranslatorPB.submitRequestDirectlyToOM(OzoneManagerProtocolServerSideTranslatorPB.java:272) ~[ozone-manager-1.4.0-SNAPSHOT.jar:?]
	at org.apache.hadoop.ozone.protocolPB.OzoneManagerProtocolServerSideTranslatorPB.processRequest(OzoneManagerProtocolServerSideTranslatorPB.java:173) ~[ozone-manager-1.4.0-SNAPSHOT.jar:?]
	at org.apache.hadoop.hdds.server.OzoneProtocolMessageDispatcher.processRequest(OzoneProtocolMessageDispatcher.java:87) [hdds-server-framework-1.4.0-SNAPSHOT.jar:?]
	at org.apache.hadoop.ozone.protocolPB.OzoneManagerProtocolServerSideTranslatorPB.submitRequest(OzoneManagerProtocolServerSideTranslatorPB.java:147) [ozone-manager-1.4.0-SNAPSHOT.jar:?]
	at org.apache.hadoop.ozone.protocol.proto.OzoneManagerProtocolProtos$OzoneManagerService$2.callBlockingMethod(OzoneManagerProtocolProtos.java) [ozone-interface-client-1.4.0-SNAPSHOT.jar:?]
	at org.apache.hadoop.ipc.ProtobufRpcEngine$Server.processCall(ProtobufRpcEngine.java:484) [hadoop-common-3.3.5.jar:?]
	at org.apache.hadoop.ipc.ProtobufRpcEngine2$Server$ProtoBufRpcInvoker.call(ProtobufRpcEngine2.java:595) [hadoop-common-3.3.5.jar:?]
	at org.apache.hadoop.ipc.ProtobufRpcEngine2$Server$ProtoBufRpcInvoker.call(ProtobufRpcEngine2.java:573) [hadoop-common-3.3.5.jar:?]
	at org.apache.hadoop.ipc.RPC$Server.call(RPC.java:1213) [hadoop-common-3.3.5.jar:?]
	at org.apache.hadoop.ipc.Server$RpcCall.run(Server.java:1089) [hadoop-common-3.3.5.jar:?]
	at org.apache.hadoop.ipc.Server$RpcCall.run(Server.java:1012) [hadoop-common-3.3.5.jar:?]
	at java.security.AccessController.doPrivileged(Native Method) ~[?:1.8.0_362]
	at javax.security.auth.Subject.doAs(Subject.java:422) [?:1.8.0_362]
	at org.apache.hadoop.security.UserGroupInformation.doAs(UserGroupInformation.java:1899) [hadoop-common-3.3.5.jar:?]
	at org.apache.hadoop.ipc.Server$Handler.run(Server.java:3026) [hadoop-common-3.3.5.jar:?]
17:18:08.514 [IPC Server handler 12 on default port 38777] ERROR OMAudit - user=runner | ip=127.0.0.1 | op=GET_FILE_STATUS {volume=volume96178, bucket=bucket92903, key=testBatchDelete/parent/childFolder/child7, dataSize=0, replicationConfig=null} | ret=FAILURE
org.apache.hadoop.ozone.om.exceptions.OMException: Unable to get file status: volume: volume96178 bucket: bucket92903 key: testBatchDelete/parent/childFolder/child7
	at org.apache.hadoop.ozone.om.KeyManagerImpl.getOzoneFileStatus(KeyManagerImpl.java:1200) ~[ozone-manager-1.4.0-SNAPSHOT.jar:?]
	at org.apache.hadoop.ozone.om.KeyManagerImpl.getFileStatus(KeyManagerImpl.java:1118) ~[ozone-manager-1.4.0-SNAPSHOT.jar:?]
	at org.apache.hadoop.ozone.om.OmMetadataReader.getFileStatus(OmMetadataReader.java:288) ~[ozone-manager-1.4.0-SNAPSHOT.jar:?]
	at org.apache.hadoop.ozone.om.OzoneManager.getFileStatus(OzoneManager.java:3491) ~[ozone-manager-1.4.0-SNAPSHOT.jar:?]
	at org.apache.hadoop.ozone.protocolPB.OzoneManagerRequestHandler.getOzoneFileStatus(OzoneManagerRequestHandler.java:934) ~[ozone-manager-1.4.0-SNAPSHOT.jar:?]
	at org.apache.hadoop.ozone.protocolPB.OzoneManagerRequestHandler.handleReadRequest(OzoneManagerRequestHandler.java:238) ~[ozone-manager-1.4.0-SNAPSHOT.jar:?]
	at org.apache.hadoop.ozone.protocolPB.OzoneManagerProtocolServerSideTranslatorPB.submitRequestDirectlyToOM(OzoneManagerProtocolServerSideTranslatorPB.java:272) ~[ozone-manager-1.4.0-SNAPSHOT.jar:?]
	at org.apache.hadoop.ozone.protocolPB.OzoneManagerProtocolServerSideTranslatorPB.processRequest(OzoneManagerProtocolServerSideTranslatorPB.java:173) ~[ozone-manager-1.4.0-SNAPSHOT.jar:?]
	at org.apache.hadoop.hdds.server.OzoneProtocolMessageDispatcher.processRequest(OzoneProtocolMessageDispatcher.java:87) [hdds-server-framework-1.4.0-SNAPSHOT.jar:?]
	at org.apache.hadoop.ozone.protocolPB.OzoneManagerProtocolServerSideTranslatorPB.submitRequest(OzoneManagerProtocolServerSideTranslatorPB.java:147) [ozone-manager-1.4.0-SNAPSHOT.jar:?]
	at org.apache.hadoop.ozone.protocol.proto.OzoneManagerProtocolProtos$OzoneManagerService$2.callBlockingMethod(OzoneManagerProtocolProtos.java) [ozone-interface-client-1.4.0-SNAPSHOT.jar:?]
	at org.apache.hadoop.ipc.ProtobufRpcEngine$Server.processCall(ProtobufRpcEngine.java:484) [hadoop-common-3.3.5.jar:?]
	at org.apache.hadoop.ipc.ProtobufRpcEngine2$Server$ProtoBufRpcInvoker.call(ProtobufRpcEngine2.java:595) [hadoop-common-3.3.5.jar:?]
	at org.apache.hadoop.ipc.ProtobufRpcEngine2$Server$ProtoBufRpcInvoker.call(ProtobufRpcEngine2.java:573) [hadoop-common-3.3.5.jar:?]
	at org.apache.hadoop.ipc.RPC$Server.call(RPC.java:1213) [hadoop-common-3.3.5.jar:?]
	at org.apache.hadoop.ipc.Server$RpcCall.run(Server.java:1089) [hadoop-common-3.3.5.jar:?]
	at org.apache.hadoop.ipc.Server$RpcCall.run(Server.java:1012) [hadoop-common-3.3.5.jar:?]
	at java.security.AccessController.doPrivileged(Native Method) ~[?:1.8.0_362]
	at javax.security.auth.Subject.doAs(Subject.java:422) [?:1.8.0_362]
	at org.apache.hadoop.security.UserGroupInformation.doAs(UserGroupInformation.java:1899) [hadoop-common-3.3.5.jar:?]
	at org.apache.hadoop.ipc.Server$Handler.run(Server.java:3026) [hadoop-common-3.3.5.jar:?]
17:18:08.514 [IPC Server handler 11 on default port 38777] ERROR OMAudit - user=runner | ip=127.0.0.1 | op=GET_FILE_STATUS {volume=volume96178, bucket=bucket92903, key=testBatchDelete/parent, dataSize=0, replicationConfig=null} | ret=FAILURE
org.apache.hadoop.ozone.om.exceptions.OMException: Unable to get file status: volume: volume96178 bucket: bucket92903 key: testBatchDelete/parent
	at org.apache.hadoop.ozone.om.KeyManagerImpl.getOzoneFileStatus(KeyManagerImpl.java:1200) ~[ozone-manager-1.4.0-SNAPSHOT.jar:?]
	at org.apache.hadoop.ozone.om.KeyManagerImpl.getFileStatus(KeyManagerImpl.java:1118) ~[ozone-manager-1.4.0-SNAPSHOT.jar:?]
	at org.apache.hadoop.ozone.om.OmMetadataReader.getFileStatus(OmMetadataReader.java:288) ~[ozone-manager-1.4.0-SNAPSHOT.jar:?]
	at org.apache.hadoop.ozone.om.OzoneManager.getFileStatus(OzoneManager.java:3491) ~[ozone-manager-1.4.0-SNAPSHOT.jar:?]
	at org.apache.hadoop.ozone.protocolPB.OzoneManagerRequestHandler.getOzoneFileStatus(OzoneManagerRequestHandler.java:934) ~[ozone-manager-1.4.0-SNAPSHOT.jar:?]
	at org.apache.hadoop.ozone.protocolPB.OzoneManagerRequestHandler.handleReadRequest(OzoneManagerRequestHandler.java:238) ~[ozone-manager-1.4.0-SNAPSHOT.jar:?]
	at org.apache.hadoop.ozone.protocolPB.OzoneManagerProtocolServerSideTranslatorPB.submitRequestDirectlyToOM(OzoneManagerProtocolServerSideTranslatorPB.java:272) ~[ozone-manager-1.4.0-SNAPSHOT.jar:?]
	at org.apache.hadoop.ozone.protocolPB.OzoneManagerProtocolServerSideTranslatorPB.processRequest(OzoneManagerProtocolServerSideTranslatorPB.java:173) ~[ozone-manager-1.4.0-SNAPSHOT.jar:?]
	at org.apache.hadoop.hdds.server.OzoneProtocolMessageDispatcher.processRequest(OzoneProtocolMessageDispatcher.java:87) [hdds-server-framework-1.4.0-SNAPSHOT.jar:?]
	at org.apache.hadoop.ozone.protocolPB.OzoneManagerProtocolServerSideTranslatorPB.submitRequest(OzoneManagerProtocolServerSideTranslatorPB.java:147) [ozone-manager-1.4.0-SNAPSHOT.jar:?]
	at org.apache.hadoop.ozone.protocol.proto.OzoneManagerProtocolProtos$OzoneManagerService$2.callBlockingMethod(OzoneManagerProtocolProtos.java) [ozone-interface-client-1.4.0-SNAPSHOT.jar:?]
	at org.apache.hadoop.ipc.ProtobufRpcEngine$Server.processCall(ProtobufRpcEngine.java:484) [hadoop-common-3.3.5.jar:?]
	at org.apache.hadoop.ipc.ProtobufRpcEngine2$Server$ProtoBufRpcInvoker.call(ProtobufRpcEngine2.java:595) [hadoop-common-3.3.5.jar:?]
	at org.apache.hadoop.ipc.ProtobufRpcEngine2$Server$ProtoBufRpcInvoker.call(ProtobufRpcEngine2.java:573) [hadoop-common-3.3.5.jar:?]
	at org.apache.hadoop.ipc.RPC$Server.call(RPC.java:1213) [hadoop-common-3.3.5.jar:?]
	at org.apache.hadoop.ipc.Server$RpcCall.run(Server.java:1089) [hadoop-common-3.3.5.jar:?]
	at org.apache.hadoop.ipc.Server$RpcCall.run(Server.java:1012) [hadoop-common-3.3.5.jar:?]
	at java.security.AccessController.doPrivileged(Native Method) ~[?:1.8.0_362]
	at javax.security.auth.Subject.doAs(Subject.java:422) [?:1.8.0_362]
	at org.apache.hadoop.security.UserGroupInformation.doAs(UserGroupInformation.java:1899) [hadoop-common-3.3.5.jar:?]
	at org.apache.hadoop.ipc.Server$Handler.run(Server.java:3026) [hadoop-common-3.3.5.jar:?]
2023-04-11 17:18:08,515 [Time-limited test] WARN  ozone.BasicOzoneFileSystem (BasicOzoneFileSystem.java:delete(559)) - delete: Path does not exist: /testBatchDelete/parent
]]></system-out>
  </testcase>
  <testcase name="testFileDelete" classname="TestOzoneFileSystem" time="0.1">
    <system-out><![CDATA[2023-04-11 17:18:59,465 [OM StateMachine ApplyTransaction Thread - 0] INFO  key.OMKeyRequest (OMKeyRequest.java:wrapUncommittedBlocksAsPseudoKey(838)) - Detect allocated but uncommitted blocks [{blockID={containerID=2, localID=111677748019200040}, length=4194304, offset=0, token=null, pipeline=null, createVersion=0, partNumber=0}] in key testBatchDelete/parent/child0.
2023-04-11 17:18:59,470 [OM StateMachine ApplyTransaction Thread - 0] INFO  key.OMKeyRequest (OMKeyRequest.java:wrapUncommittedBlocksAsPseudoKey(838)) - Detect allocated but uncommitted blocks [{blockID={containerID=4, localID=111677748019200041}, length=4194304, offset=0, token=null, pipeline=null, createVersion=0, partNumber=0}] in key testBatchDelete/parent/childFolder/child0.
2023-04-11 17:18:59,475 [OM StateMachine ApplyTransaction Thread - 0] INFO  key.OMKeyRequest (OMKeyRequest.java:wrapUncommittedBlocksAsPseudoKey(838)) - Detect allocated but uncommitted blocks [{blockID={containerID=1, localID=111677748019200042}, length=4194304, offset=0, token=null, pipeline=null, createVersion=0, partNumber=0}] in key testBatchDelete/parent/child1.
2023-04-11 17:18:59,481 [OM StateMachine ApplyTransaction Thread - 0] INFO  key.OMKeyRequest (OMKeyRequest.java:wrapUncommittedBlocksAsPseudoKey(838)) - Detect allocated but uncommitted blocks [{blockID={containerID=2, localID=111677748019200043}, length=4194304, offset=0, token=null, pipeline=null, createVersion=0, partNumber=0}] in key testBatchDelete/parent/childFolder/child1.
2023-04-11 17:18:59,485 [OM StateMachine ApplyTransaction Thread - 0] INFO  key.OMKeyRequest (OMKeyRequest.java:wrapUncommittedBlocksAsPseudoKey(838)) - Detect allocated but uncommitted blocks [{blockID={containerID=3, localID=111677748019200044}, length=4194304, offset=0, token=null, pipeline=null, createVersion=0, partNumber=0}] in key testBatchDelete/parent/child2.
2023-04-11 17:18:59,492 [OM StateMachine ApplyTransaction Thread - 0] INFO  key.OMKeyRequest (OMKeyRequest.java:wrapUncommittedBlocksAsPseudoKey(838)) - Detect allocated but uncommitted blocks [{blockID={containerID=1, localID=111677748019200045}, length=4194304, offset=0, token=null, pipeline=null, createVersion=0, partNumber=0}] in key testBatchDelete/parent/childFolder/child2.
2023-04-11 17:18:59,497 [OM StateMachine ApplyTransaction Thread - 0] INFO  key.OMKeyRequest (OMKeyRequest.java:wrapUncommittedBlocksAsPseudoKey(838)) - Detect allocated but uncommitted blocks [{blockID={containerID=4, localID=111677748019200046}, length=4194304, offset=0, token=null, pipeline=null, createVersion=0, partNumber=0}] in key testBatchDelete/parent/child3.
2023-04-11 17:18:59,501 [OM StateMachine ApplyTransaction Thread - 0] INFO  key.OMKeyRequest (OMKeyRequest.java:wrapUncommittedBlocksAsPseudoKey(838)) - Detect allocated but uncommitted blocks [{blockID={containerID=2, localID=111677748019200047}, length=4194304, offset=0, token=null, pipeline=null, createVersion=0, partNumber=0}] in key testBatchDelete/parent/childFolder/child3.
2023-04-11 17:18:59,505 [OM StateMachine ApplyTransaction Thread - 0] INFO  key.OMKeyRequest (OMKeyRequest.java:wrapUncommittedBlocksAsPseudoKey(838)) - Detect allocated but uncommitted blocks [{blockID={containerID=4, localID=111677748019200048}, length=4194304, offset=0, token=null, pipeline=null, createVersion=0, partNumber=0}] in key testBatchDelete/parent/child4.
2023-04-11 17:18:59,510 [OM StateMachine ApplyTransaction Thread - 0] INFO  key.OMKeyRequest (OMKeyRequest.java:wrapUncommittedBlocksAsPseudoKey(838)) - Detect allocated but uncommitted blocks [{blockID={containerID=2, localID=111677748019200049}, length=4194304, offset=0, token=null, pipeline=null, createVersion=0, partNumber=0}] in key testBatchDelete/parent/childFolder/child4.
2023-04-11 17:18:59,514 [OM StateMachine ApplyTransaction Thread - 0] INFO  key.OMKeyRequest (OMKeyRequest.java:wrapUncommittedBlocksAsPseudoKey(838)) - Detect allocated but uncommitted blocks [{blockID={containerID=4, localID=111677748019200050}, length=4194304, offset=0, token=null, pipeline=null, createVersion=0, partNumber=0}] in key testBatchDelete/parent/child5.
2023-04-11 17:18:59,518 [OM StateMachine ApplyTransaction Thread - 0] INFO  key.OMKeyRequest (OMKeyRequest.java:wrapUncommittedBlocksAsPseudoKey(838)) - Detect allocated but uncommitted blocks [{blockID={containerID=3, localID=111677748019200051}, length=4194304, offset=0, token=null, pipeline=null, createVersion=0, partNumber=0}] in key testBatchDelete/parent/childFolder/child5.
2023-04-11 17:18:59,522 [OM StateMachine ApplyTransaction Thread - 0] INFO  key.OMKeyRequest (OMKeyRequest.java:wrapUncommittedBlocksAsPseudoKey(838)) - Detect allocated but uncommitted blocks [{blockID={containerID=1, localID=111677748019200052}, length=4194304, offset=0, token=null, pipeline=null, createVersion=0, partNumber=0}] in key testBatchDelete/parent/child6.
2023-04-11 17:18:59,527 [OM StateMachine ApplyTransaction Thread - 0] INFO  key.OMKeyRequest (OMKeyRequest.java:wrapUncommittedBlocksAsPseudoKey(838)) - Detect allocated but uncommitted blocks [{blockID={containerID=2, localID=111677748019200053}, length=4194304, offset=0, token=null, pipeline=null, createVersion=0, partNumber=0}] in key testBatchDelete/parent/childFolder/child6.
2023-04-11 17:18:59,531 [OM StateMachine ApplyTransaction Thread - 0] INFO  key.OMKeyRequest (OMKeyRequest.java:wrapUncommittedBlocksAsPseudoKey(838)) - Detect allocated but uncommitted blocks [{blockID={containerID=3, localID=111677748019200054}, length=4194304, offset=0, token=null, pipeline=null, createVersion=0, partNumber=0}] in key testBatchDelete/parent/child7.
2023-04-11 17:18:59,535 [OM StateMachine ApplyTransaction Thread - 0] INFO  key.OMKeyRequest (OMKeyRequest.java:wrapUncommittedBlocksAsPseudoKey(838)) - Detect allocated but uncommitted blocks [{blockID={containerID=1, localID=111677748019200055}, length=4194304, offset=0, token=null, pipeline=null, createVersion=0, partNumber=0}] in key testBatchDelete/parent/childFolder/child7.
17:18:59.545 [IPC Server handler 14 on default port 45623] ERROR OMAudit - user=runner | ip=127.0.0.1 | op=GET_FILE_STATUS {volume=volume95537, bucket=bucket59866, key=testBatchDelete, dataSize=0, replicationConfig=null} | ret=FAILURE
org.apache.hadoop.ozone.om.exceptions.OMException: Unable to get file status: volume: volume95537 bucket: bucket59866 key: testBatchDelete
	at org.apache.hadoop.ozone.om.KeyManagerImpl.getOzoneFileStatus(KeyManagerImpl.java:1200) ~[ozone-manager-1.4.0-SNAPSHOT.jar:?]
	at org.apache.hadoop.ozone.om.KeyManagerImpl.getFileStatus(KeyManagerImpl.java:1118) ~[ozone-manager-1.4.0-SNAPSHOT.jar:?]
	at org.apache.hadoop.ozone.om.OmMetadataReader.getFileStatus(OmMetadataReader.java:288) ~[ozone-manager-1.4.0-SNAPSHOT.jar:?]
	at org.apache.hadoop.ozone.om.OzoneManager.getFileStatus(OzoneManager.java:3491) ~[ozone-manager-1.4.0-SNAPSHOT.jar:?]
	at org.apache.hadoop.ozone.protocolPB.OzoneManagerRequestHandler.getOzoneFileStatus(OzoneManagerRequestHandler.java:934) ~[ozone-manager-1.4.0-SNAPSHOT.jar:?]
	at org.apache.hadoop.ozone.protocolPB.OzoneManagerRequestHandler.handleReadRequest(OzoneManagerRequestHandler.java:238) ~[ozone-manager-1.4.0-SNAPSHOT.jar:?]
	at org.apache.hadoop.ozone.protocolPB.OzoneManagerProtocolServerSideTranslatorPB.submitReadRequestToOM(OzoneManagerProtocolServerSideTranslatorPB.java:223) ~[ozone-manager-1.4.0-SNAPSHOT.jar:?]
	at org.apache.hadoop.ozone.protocolPB.OzoneManagerProtocolServerSideTranslatorPB.processRequest(OzoneManagerProtocolServerSideTranslatorPB.java:177) ~[ozone-manager-1.4.0-SNAPSHOT.jar:?]
	at org.apache.hadoop.hdds.server.OzoneProtocolMessageDispatcher.processRequest(OzoneProtocolMessageDispatcher.java:87) [hdds-server-framework-1.4.0-SNAPSHOT.jar:?]
	at org.apache.hadoop.ozone.protocolPB.OzoneManagerProtocolServerSideTranslatorPB.submitRequest(OzoneManagerProtocolServerSideTranslatorPB.java:147) [ozone-manager-1.4.0-SNAPSHOT.jar:?]
	at org.apache.hadoop.ozone.protocol.proto.OzoneManagerProtocolProtos$OzoneManagerService$2.callBlockingMethod(OzoneManagerProtocolProtos.java) [ozone-interface-client-1.4.0-SNAPSHOT.jar:?]
	at org.apache.hadoop.ipc.ProtobufRpcEngine$Server.processCall(ProtobufRpcEngine.java:484) [hadoop-common-3.3.5.jar:?]
	at org.apache.hadoop.ipc.ProtobufRpcEngine2$Server$ProtoBufRpcInvoker.call(ProtobufRpcEngine2.java:595) [hadoop-common-3.3.5.jar:?]
	at org.apache.hadoop.ipc.ProtobufRpcEngine2$Server$ProtoBufRpcInvoker.call(ProtobufRpcEngine2.java:573) [hadoop-common-3.3.5.jar:?]
	at org.apache.hadoop.ipc.RPC$Server.call(RPC.java:1213) [hadoop-common-3.3.5.jar:?]
	at org.apache.hadoop.ipc.Server$RpcCall.run(Server.java:1089) [hadoop-common-3.3.5.jar:?]
	at org.apache.hadoop.ipc.Server$RpcCall.run(Server.java:1012) [hadoop-common-3.3.5.jar:?]
	at java.security.AccessController.doPrivileged(Native Method) ~[?:1.8.0_362]
	at javax.security.auth.Subject.doAs(Subject.java:422) [?:1.8.0_362]
	at org.apache.hadoop.security.UserGroupInformation.doAs(UserGroupInformation.java:1899) [hadoop-common-3.3.5.jar:?]
	at org.apache.hadoop.ipc.Server$Handler.run(Server.java:3026) [hadoop-common-3.3.5.jar:?]
17:18:59.546 [IPC Server handler 12 on default port 45623] ERROR OMAudit - user=runner | ip=127.0.0.1 | op=GET_FILE_STATUS {volume=volume95537, bucket=bucket59866, key=testBatchDelete/parent/child0, dataSize=0, replicationConfig=null} | ret=FAILURE
org.apache.hadoop.ozone.om.exceptions.OMException: Unable to get file status: volume: volume95537 bucket: bucket59866 key: testBatchDelete/parent/child0
	at org.apache.hadoop.ozone.om.KeyManagerImpl.getOzoneFileStatus(KeyManagerImpl.java:1200) ~[ozone-manager-1.4.0-SNAPSHOT.jar:?]
	at org.apache.hadoop.ozone.om.KeyManagerImpl.getFileStatus(KeyManagerImpl.java:1118) ~[ozone-manager-1.4.0-SNAPSHOT.jar:?]
	at org.apache.hadoop.ozone.om.OmMetadataReader.getFileStatus(OmMetadataReader.java:288) ~[ozone-manager-1.4.0-SNAPSHOT.jar:?]
	at org.apache.hadoop.ozone.om.OzoneManager.getFileStatus(OzoneManager.java:3491) ~[ozone-manager-1.4.0-SNAPSHOT.jar:?]
	at org.apache.hadoop.ozone.protocolPB.OzoneManagerRequestHandler.getOzoneFileStatus(OzoneManagerRequestHandler.java:934) ~[ozone-manager-1.4.0-SNAPSHOT.jar:?]
	at org.apache.hadoop.ozone.protocolPB.OzoneManagerRequestHandler.handleReadRequest(OzoneManagerRequestHandler.java:238) ~[ozone-manager-1.4.0-SNAPSHOT.jar:?]
	at org.apache.hadoop.ozone.protocolPB.OzoneManagerProtocolServerSideTranslatorPB.submitReadRequestToOM(OzoneManagerProtocolServerSideTranslatorPB.java:223) ~[ozone-manager-1.4.0-SNAPSHOT.jar:?]
	at org.apache.hadoop.ozone.protocolPB.OzoneManagerProtocolServerSideTranslatorPB.processRequest(OzoneManagerProtocolServerSideTranslatorPB.java:177) ~[ozone-manager-1.4.0-SNAPSHOT.jar:?]
	at org.apache.hadoop.hdds.server.OzoneProtocolMessageDispatcher.processRequest(OzoneProtocolMessageDispatcher.java:87) [hdds-server-framework-1.4.0-SNAPSHOT.jar:?]
	at org.apache.hadoop.ozone.protocolPB.OzoneManagerProtocolServerSideTranslatorPB.submitRequest(OzoneManagerProtocolServerSideTranslatorPB.java:147) [ozone-manager-1.4.0-SNAPSHOT.jar:?]
	at org.apache.hadoop.ozone.protocol.proto.OzoneManagerProtocolProtos$OzoneManagerService$2.callBlockingMethod(OzoneManagerProtocolProtos.java) [ozone-interface-client-1.4.0-SNAPSHOT.jar:?]
	at org.apache.hadoop.ipc.ProtobufRpcEngine$Server.processCall(ProtobufRpcEngine.java:484) [hadoop-common-3.3.5.jar:?]
	at org.apache.hadoop.ipc.ProtobufRpcEngine2$Server$ProtoBufRpcInvoker.call(ProtobufRpcEngine2.java:595) [hadoop-common-3.3.5.jar:?]
	at org.apache.hadoop.ipc.ProtobufRpcEngine2$Server$ProtoBufRpcInvoker.call(ProtobufRpcEngine2.java:573) [hadoop-common-3.3.5.jar:?]
	at org.apache.hadoop.ipc.RPC$Server.call(RPC.java:1213) [hadoop-common-3.3.5.jar:?]
	at org.apache.hadoop.ipc.Server$RpcCall.run(Server.java:1089) [hadoop-common-3.3.5.jar:?]
	at org.apache.hadoop.ipc.Server$RpcCall.run(Server.java:1012) [hadoop-common-3.3.5.jar:?]
	at java.security.AccessController.doPrivileged(Native Method) ~[?:1.8.0_362]
	at javax.security.auth.Subject.doAs(Subject.java:422) [?:1.8.0_362]
	at org.apache.hadoop.security.UserGroupInformation.doAs(UserGroupInformation.java:1899) [hadoop-common-3.3.5.jar:?]
	at org.apache.hadoop.ipc.Server$Handler.run(Server.java:3026) [hadoop-common-3.3.5.jar:?]
17:18:59.547 [IPC Server handler 8 on default port 45623] ERROR OMAudit - user=runner | ip=127.0.0.1 | op=GET_FILE_STATUS {volume=volume95537, bucket=bucket59866, key=testBatchDelete/parent/childFolder/child0, dataSize=0, replicationConfig=null} | ret=FAILURE
org.apache.hadoop.ozone.om.exceptions.OMException: Unable to get file status: volume: volume95537 bucket: bucket59866 key: testBatchDelete/parent/childFolder/child0
	at org.apache.hadoop.ozone.om.KeyManagerImpl.getOzoneFileStatus(KeyManagerImpl.java:1200) ~[ozone-manager-1.4.0-SNAPSHOT.jar:?]
	at org.apache.hadoop.ozone.om.KeyManagerImpl.getFileStatus(KeyManagerImpl.java:1118) ~[ozone-manager-1.4.0-SNAPSHOT.jar:?]
	at org.apache.hadoop.ozone.om.OmMetadataReader.getFileStatus(OmMetadataReader.java:288) ~[ozone-manager-1.4.0-SNAPSHOT.jar:?]
	at org.apache.hadoop.ozone.om.OzoneManager.getFileStatus(OzoneManager.java:3491) ~[ozone-manager-1.4.0-SNAPSHOT.jar:?]
	at org.apache.hadoop.ozone.protocolPB.OzoneManagerRequestHandler.getOzoneFileStatus(OzoneManagerRequestHandler.java:934) ~[ozone-manager-1.4.0-SNAPSHOT.jar:?]
	at org.apache.hadoop.ozone.protocolPB.OzoneManagerRequestHandler.handleReadRequest(OzoneManagerRequestHandler.java:238) ~[ozone-manager-1.4.0-SNAPSHOT.jar:?]
	at org.apache.hadoop.ozone.protocolPB.OzoneManagerProtocolServerSideTranslatorPB.submitReadRequestToOM(OzoneManagerProtocolServerSideTranslatorPB.java:223) ~[ozone-manager-1.4.0-SNAPSHOT.jar:?]
	at org.apache.hadoop.ozone.protocolPB.OzoneManagerProtocolServerSideTranslatorPB.processRequest(OzoneManagerProtocolServerSideTranslatorPB.java:177) ~[ozone-manager-1.4.0-SNAPSHOT.jar:?]
	at org.apache.hadoop.hdds.server.OzoneProtocolMessageDispatcher.processRequest(OzoneProtocolMessageDispatcher.java:87) [hdds-server-framework-1.4.0-SNAPSHOT.jar:?]
	at org.apache.hadoop.ozone.protocolPB.OzoneManagerProtocolServerSideTranslatorPB.submitRequest(OzoneManagerProtocolServerSideTranslatorPB.java:147) [ozone-manager-1.4.0-SNAPSHOT.jar:?]
	at org.apache.hadoop.ozone.protocol.proto.OzoneManagerProtocolProtos$OzoneManagerService$2.callBlockingMethod(OzoneManagerProtocolProtos.java) [ozone-interface-client-1.4.0-SNAPSHOT.jar:?]
	at org.apache.hadoop.ipc.ProtobufRpcEngine$Server.processCall(ProtobufRpcEngine.java:484) [hadoop-common-3.3.5.jar:?]
	at org.apache.hadoop.ipc.ProtobufRpcEngine2$Server$ProtoBufRpcInvoker.call(ProtobufRpcEngine2.java:595) [hadoop-common-3.3.5.jar:?]
	at org.apache.hadoop.ipc.ProtobufRpcEngine2$Server$ProtoBufRpcInvoker.call(ProtobufRpcEngine2.java:573) [hadoop-common-3.3.5.jar:?]
	at org.apache.hadoop.ipc.RPC$Server.call(RPC.java:1213) [hadoop-common-3.3.5.jar:?]
	at org.apache.hadoop.ipc.Server$RpcCall.run(Server.java:1089) [hadoop-common-3.3.5.jar:?]
	at org.apache.hadoop.ipc.Server$RpcCall.run(Server.java:1012) [hadoop-common-3.3.5.jar:?]
	at java.security.AccessController.doPrivileged(Native Method) ~[?:1.8.0_362]
	at javax.security.auth.Subject.doAs(Subject.java:422) [?:1.8.0_362]
	at org.apache.hadoop.security.UserGroupInformation.doAs(UserGroupInformation.java:1899) [hadoop-common-3.3.5.jar:?]
	at org.apache.hadoop.ipc.Server$Handler.run(Server.java:3026) [hadoop-common-3.3.5.jar:?]
17:18:59.547 [IPC Server handler 19 on default port 45623] ERROR OMAudit - user=runner | ip=127.0.0.1 | op=GET_FILE_STATUS {volume=volume95537, bucket=bucket59866, key=testBatchDelete/parent/child1, dataSize=0, replicationConfig=null} | ret=FAILURE
org.apache.hadoop.ozone.om.exceptions.OMException: Unable to get file status: volume: volume95537 bucket: bucket59866 key: testBatchDelete/parent/child1
	at org.apache.hadoop.ozone.om.KeyManagerImpl.getOzoneFileStatus(KeyManagerImpl.java:1200) ~[ozone-manager-1.4.0-SNAPSHOT.jar:?]
	at org.apache.hadoop.ozone.om.KeyManagerImpl.getFileStatus(KeyManagerImpl.java:1118) ~[ozone-manager-1.4.0-SNAPSHOT.jar:?]
	at org.apache.hadoop.ozone.om.OmMetadataReader.getFileStatus(OmMetadataReader.java:288) ~[ozone-manager-1.4.0-SNAPSHOT.jar:?]
	at org.apache.hadoop.ozone.om.OzoneManager.getFileStatus(OzoneManager.java:3491) ~[ozone-manager-1.4.0-SNAPSHOT.jar:?]
	at org.apache.hadoop.ozone.protocolPB.OzoneManagerRequestHandler.getOzoneFileStatus(OzoneManagerRequestHandler.java:934) ~[ozone-manager-1.4.0-SNAPSHOT.jar:?]
	at org.apache.hadoop.ozone.protocolPB.OzoneManagerRequestHandler.handleReadRequest(OzoneManagerRequestHandler.java:238) ~[ozone-manager-1.4.0-SNAPSHOT.jar:?]
	at org.apache.hadoop.ozone.protocolPB.OzoneManagerProtocolServerSideTranslatorPB.submitReadRequestToOM(OzoneManagerProtocolServerSideTranslatorPB.java:223) ~[ozone-manager-1.4.0-SNAPSHOT.jar:?]
	at org.apache.hadoop.ozone.protocolPB.OzoneManagerProtocolServerSideTranslatorPB.processRequest(OzoneManagerProtocolServerSideTranslatorPB.java:177) ~[ozone-manager-1.4.0-SNAPSHOT.jar:?]
	at org.apache.hadoop.hdds.server.OzoneProtocolMessageDispatcher.processRequest(OzoneProtocolMessageDispatcher.java:87) [hdds-server-framework-1.4.0-SNAPSHOT.jar:?]
	at org.apache.hadoop.ozone.protocolPB.OzoneManagerProtocolServerSideTranslatorPB.submitRequest(OzoneManagerProtocolServerSideTranslatorPB.java:147) [ozone-manager-1.4.0-SNAPSHOT.jar:?]
	at org.apache.hadoop.ozone.protocol.proto.OzoneManagerProtocolProtos$OzoneManagerService$2.callBlockingMethod(OzoneManagerProtocolProtos.java) [ozone-interface-client-1.4.0-SNAPSHOT.jar:?]
	at org.apache.hadoop.ipc.ProtobufRpcEngine$Server.processCall(ProtobufRpcEngine.java:484) [hadoop-common-3.3.5.jar:?]
	at org.apache.hadoop.ipc.ProtobufRpcEngine2$Server$ProtoBufRpcInvoker.call(ProtobufRpcEngine2.java:595) [hadoop-common-3.3.5.jar:?]
	at org.apache.hadoop.ipc.ProtobufRpcEngine2$Server$ProtoBufRpcInvoker.call(ProtobufRpcEngine2.java:573) [hadoop-common-3.3.5.jar:?]
	at org.apache.hadoop.ipc.RPC$Server.call(RPC.java:1213) [hadoop-common-3.3.5.jar:?]
	at org.apache.hadoop.ipc.Server$RpcCall.run(Server.java:1089) [hadoop-common-3.3.5.jar:?]
	at org.apache.hadoop.ipc.Server$RpcCall.run(Server.java:1012) [hadoop-common-3.3.5.jar:?]
	at java.security.AccessController.doPrivileged(Native Method) ~[?:1.8.0_362]
	at javax.security.auth.Subject.doAs(Subject.java:422) [?:1.8.0_362]
	at org.apache.hadoop.security.UserGroupInformation.doAs(UserGroupInformation.java:1899) [hadoop-common-3.3.5.jar:?]
	at org.apache.hadoop.ipc.Server$Handler.run(Server.java:3026) [hadoop-common-3.3.5.jar:?]
17:18:59.548 [IPC Server handler 11 on default port 45623] ERROR OMAudit - user=runner | ip=127.0.0.1 | op=GET_FILE_STATUS {volume=volume95537, bucket=bucket59866, key=testBatchDelete/parent/childFolder/child1, dataSize=0, replicationConfig=null} | ret=FAILURE
org.apache.hadoop.ozone.om.exceptions.OMException: Unable to get file status: volume: volume95537 bucket: bucket59866 key: testBatchDelete/parent/childFolder/child1
	at org.apache.hadoop.ozone.om.KeyManagerImpl.getOzoneFileStatus(KeyManagerImpl.java:1200) ~[ozone-manager-1.4.0-SNAPSHOT.jar:?]
	at org.apache.hadoop.ozone.om.KeyManagerImpl.getFileStatus(KeyManagerImpl.java:1118) ~[ozone-manager-1.4.0-SNAPSHOT.jar:?]
	at org.apache.hadoop.ozone.om.OmMetadataReader.getFileStatus(OmMetadataReader.java:288) ~[ozone-manager-1.4.0-SNAPSHOT.jar:?]
	at org.apache.hadoop.ozone.om.OzoneManager.getFileStatus(OzoneManager.java:3491) ~[ozone-manager-1.4.0-SNAPSHOT.jar:?]
	at org.apache.hadoop.ozone.protocolPB.OzoneManagerRequestHandler.getOzoneFileStatus(OzoneManagerRequestHandler.java:934) ~[ozone-manager-1.4.0-SNAPSHOT.jar:?]
	at org.apache.hadoop.ozone.protocolPB.OzoneManagerRequestHandler.handleReadRequest(OzoneManagerRequestHandler.java:238) ~[ozone-manager-1.4.0-SNAPSHOT.jar:?]
	at org.apache.hadoop.ozone.protocolPB.OzoneManagerProtocolServerSideTranslatorPB.submitReadRequestToOM(OzoneManagerProtocolServerSideTranslatorPB.java:223) ~[ozone-manager-1.4.0-SNAPSHOT.jar:?]
	at org.apache.hadoop.ozone.protocolPB.OzoneManagerProtocolServerSideTranslatorPB.processRequest(OzoneManagerProtocolServerSideTranslatorPB.java:177) ~[ozone-manager-1.4.0-SNAPSHOT.jar:?]
	at org.apache.hadoop.hdds.server.OzoneProtocolMessageDispatcher.processRequest(OzoneProtocolMessageDispatcher.java:87) [hdds-server-framework-1.4.0-SNAPSHOT.jar:?]
	at org.apache.hadoop.ozone.protocolPB.OzoneManagerProtocolServerSideTranslatorPB.submitRequest(OzoneManagerProtocolServerSideTranslatorPB.java:147) [ozone-manager-1.4.0-SNAPSHOT.jar:?]
	at org.apache.hadoop.ozone.protocol.proto.OzoneManagerProtocolProtos$OzoneManagerService$2.callBlockingMethod(OzoneManagerProtocolProtos.java) [ozone-interface-client-1.4.0-SNAPSHOT.jar:?]
	at org.apache.hadoop.ipc.ProtobufRpcEngine$Server.processCall(ProtobufRpcEngine.java:484) [hadoop-common-3.3.5.jar:?]
	at org.apache.hadoop.ipc.ProtobufRpcEngine2$Server$ProtoBufRpcInvoker.call(ProtobufRpcEngine2.java:595) [hadoop-common-3.3.5.jar:?]
	at org.apache.hadoop.ipc.ProtobufRpcEngine2$Server$ProtoBufRpcInvoker.call(ProtobufRpcEngine2.java:573) [hadoop-common-3.3.5.jar:?]
	at org.apache.hadoop.ipc.RPC$Server.call(RPC.java:1213) [hadoop-common-3.3.5.jar:?]
	at org.apache.hadoop.ipc.Server$RpcCall.run(Server.java:1089) [hadoop-common-3.3.5.jar:?]
	at org.apache.hadoop.ipc.Server$RpcCall.run(Server.java:1012) [hadoop-common-3.3.5.jar:?]
	at java.security.AccessController.doPrivileged(Native Method) ~[?:1.8.0_362]
	at javax.security.auth.Subject.doAs(Subject.java:422) [?:1.8.0_362]
	at org.apache.hadoop.security.UserGroupInformation.doAs(UserGroupInformation.java:1899) [hadoop-common-3.3.5.jar:?]
	at org.apache.hadoop.ipc.Server$Handler.run(Server.java:3026) [hadoop-common-3.3.5.jar:?]
17:18:59.549 [IPC Server handler 13 on default port 45623] ERROR OMAudit - user=runner | ip=127.0.0.1 | op=GET_FILE_STATUS {volume=volume95537, bucket=bucket59866, key=testBatchDelete/parent/child2, dataSize=0, replicationConfig=null} | ret=FAILURE
org.apache.hadoop.ozone.om.exceptions.OMException: Unable to get file status: volume: volume95537 bucket: bucket59866 key: testBatchDelete/parent/child2
	at org.apache.hadoop.ozone.om.KeyManagerImpl.getOzoneFileStatus(KeyManagerImpl.java:1200) ~[ozone-manager-1.4.0-SNAPSHOT.jar:?]
	at org.apache.hadoop.ozone.om.KeyManagerImpl.getFileStatus(KeyManagerImpl.java:1118) ~[ozone-manager-1.4.0-SNAPSHOT.jar:?]
	at org.apache.hadoop.ozone.om.OmMetadataReader.getFileStatus(OmMetadataReader.java:288) ~[ozone-manager-1.4.0-SNAPSHOT.jar:?]
	at org.apache.hadoop.ozone.om.OzoneManager.getFileStatus(OzoneManager.java:3491) ~[ozone-manager-1.4.0-SNAPSHOT.jar:?]
	at org.apache.hadoop.ozone.protocolPB.OzoneManagerRequestHandler.getOzoneFileStatus(OzoneManagerRequestHandler.java:934) ~[ozone-manager-1.4.0-SNAPSHOT.jar:?]
	at org.apache.hadoop.ozone.protocolPB.OzoneManagerRequestHandler.handleReadRequest(OzoneManagerRequestHandler.java:238) ~[ozone-manager-1.4.0-SNAPSHOT.jar:?]
	at org.apache.hadoop.ozone.protocolPB.OzoneManagerProtocolServerSideTranslatorPB.submitReadRequestToOM(OzoneManagerProtocolServerSideTranslatorPB.java:223) ~[ozone-manager-1.4.0-SNAPSHOT.jar:?]
	at org.apache.hadoop.ozone.protocolPB.OzoneManagerProtocolServerSideTranslatorPB.processRequest(OzoneManagerProtocolServerSideTranslatorPB.java:177) ~[ozone-manager-1.4.0-SNAPSHOT.jar:?]
	at org.apache.hadoop.hdds.server.OzoneProtocolMessageDispatcher.processRequest(OzoneProtocolMessageDispatcher.java:87) [hdds-server-framework-1.4.0-SNAPSHOT.jar:?]
	at org.apache.hadoop.ozone.protocolPB.OzoneManagerProtocolServerSideTranslatorPB.submitRequest(OzoneManagerProtocolServerSideTranslatorPB.java:147) [ozone-manager-1.4.0-SNAPSHOT.jar:?]
	at org.apache.hadoop.ozone.protocol.proto.OzoneManagerProtocolProtos$OzoneManagerService$2.callBlockingMethod(OzoneManagerProtocolProtos.java) [ozone-interface-client-1.4.0-SNAPSHOT.jar:?]
	at org.apache.hadoop.ipc.ProtobufRpcEngine$Server.processCall(ProtobufRpcEngine.java:484) [hadoop-common-3.3.5.jar:?]
	at org.apache.hadoop.ipc.ProtobufRpcEngine2$Server$ProtoBufRpcInvoker.call(ProtobufRpcEngine2.java:595) [hadoop-common-3.3.5.jar:?]
	at org.apache.hadoop.ipc.ProtobufRpcEngine2$Server$ProtoBufRpcInvoker.call(ProtobufRpcEngine2.java:573) [hadoop-common-3.3.5.jar:?]
	at org.apache.hadoop.ipc.RPC$Server.call(RPC.java:1213) [hadoop-common-3.3.5.jar:?]
	at org.apache.hadoop.ipc.Server$RpcCall.run(Server.java:1089) [hadoop-common-3.3.5.jar:?]
	at org.apache.hadoop.ipc.Server$RpcCall.run(Server.java:1012) [hadoop-common-3.3.5.jar:?]
	at java.security.AccessController.doPrivileged(Native Method) ~[?:1.8.0_362]
	at javax.security.auth.Subject.doAs(Subject.java:422) [?:1.8.0_362]
	at org.apache.hadoop.security.UserGroupInformation.doAs(UserGroupInformation.java:1899) [hadoop-common-3.3.5.jar:?]
	at org.apache.hadoop.ipc.Server$Handler.run(Server.java:3026) [hadoop-common-3.3.5.jar:?]
17:18:59.549 [IPC Server handler 10 on default port 45623] ERROR OMAudit - user=runner | ip=127.0.0.1 | op=GET_FILE_STATUS {volume=volume95537, bucket=bucket59866, key=testBatchDelete/parent/childFolder/child2, dataSize=0, replicationConfig=null} | ret=FAILURE
org.apache.hadoop.ozone.om.exceptions.OMException: Unable to get file status: volume: volume95537 bucket: bucket59866 key: testBatchDelete/parent/childFolder/child2
	at org.apache.hadoop.ozone.om.KeyManagerImpl.getOzoneFileStatus(KeyManagerImpl.java:1200) ~[ozone-manager-1.4.0-SNAPSHOT.jar:?]
	at org.apache.hadoop.ozone.om.KeyManagerImpl.getFileStatus(KeyManagerImpl.java:1118) ~[ozone-manager-1.4.0-SNAPSHOT.jar:?]
	at org.apache.hadoop.ozone.om.OmMetadataReader.getFileStatus(OmMetadataReader.java:288) ~[ozone-manager-1.4.0-SNAPSHOT.jar:?]
	at org.apache.hadoop.ozone.om.OzoneManager.getFileStatus(OzoneManager.java:3491) ~[ozone-manager-1.4.0-SNAPSHOT.jar:?]
	at org.apache.hadoop.ozone.protocolPB.OzoneManagerRequestHandler.getOzoneFileStatus(OzoneManagerRequestHandler.java:934) ~[ozone-manager-1.4.0-SNAPSHOT.jar:?]
	at org.apache.hadoop.ozone.protocolPB.OzoneManagerRequestHandler.handleReadRequest(OzoneManagerRequestHandler.java:238) ~[ozone-manager-1.4.0-SNAPSHOT.jar:?]
	at org.apache.hadoop.ozone.protocolPB.OzoneManagerProtocolServerSideTranslatorPB.submitReadRequestToOM(OzoneManagerProtocolServerSideTranslatorPB.java:223) ~[ozone-manager-1.4.0-SNAPSHOT.jar:?]
	at org.apache.hadoop.ozone.protocolPB.OzoneManagerProtocolServerSideTranslatorPB.processRequest(OzoneManagerProtocolServerSideTranslatorPB.java:177) ~[ozone-manager-1.4.0-SNAPSHOT.jar:?]
	at org.apache.hadoop.hdds.server.OzoneProtocolMessageDispatcher.processRequest(OzoneProtocolMessageDispatcher.java:87) [hdds-server-framework-1.4.0-SNAPSHOT.jar:?]
	at org.apache.hadoop.ozone.protocolPB.OzoneManagerProtocolServerSideTranslatorPB.submitRequest(OzoneManagerProtocolServerSideTranslatorPB.java:147) [ozone-manager-1.4.0-SNAPSHOT.jar:?]
	at org.apache.hadoop.ozone.protocol.proto.OzoneManagerProtocolProtos$OzoneManagerService$2.callBlockingMethod(OzoneManagerProtocolProtos.java) [ozone-interface-client-1.4.0-SNAPSHOT.jar:?]
	at org.apache.hadoop.ipc.ProtobufRpcEngine$Server.processCall(ProtobufRpcEngine.java:484) [hadoop-common-3.3.5.jar:?]
	at org.apache.hadoop.ipc.ProtobufRpcEngine2$Server$ProtoBufRpcInvoker.call(ProtobufRpcEngine2.java:595) [hadoop-common-3.3.5.jar:?]
	at org.apache.hadoop.ipc.ProtobufRpcEngine2$Server$ProtoBufRpcInvoker.call(ProtobufRpcEngine2.java:573) [hadoop-common-3.3.5.jar:?]
	at org.apache.hadoop.ipc.RPC$Server.call(RPC.java:1213) [hadoop-common-3.3.5.jar:?]
	at org.apache.hadoop.ipc.Server$RpcCall.run(Server.java:1089) [hadoop-common-3.3.5.jar:?]
	at org.apache.hadoop.ipc.Server$RpcCall.run(Server.java:1012) [hadoop-common-3.3.5.jar:?]
	at java.security.AccessController.doPrivileged(Native Method) ~[?:1.8.0_362]
	at javax.security.auth.Subject.doAs(Subject.java:422) [?:1.8.0_362]
	at org.apache.hadoop.security.UserGroupInformation.doAs(UserGroupInformation.java:1899) [hadoop-common-3.3.5.jar:?]
	at org.apache.hadoop.ipc.Server$Handler.run(Server.java:3026) [hadoop-common-3.3.5.jar:?]
17:18:59.550 [IPC Server handler 6 on default port 45623] ERROR OMAudit - user=runner | ip=127.0.0.1 | op=GET_FILE_STATUS {volume=volume95537, bucket=bucket59866, key=testBatchDelete/parent/child3, dataSize=0, replicationConfig=null} | ret=FAILURE
org.apache.hadoop.ozone.om.exceptions.OMException: Unable to get file status: volume: volume95537 bucket: bucket59866 key: testBatchDelete/parent/child3
	at org.apache.hadoop.ozone.om.KeyManagerImpl.getOzoneFileStatus(KeyManagerImpl.java:1200) ~[ozone-manager-1.4.0-SNAPSHOT.jar:?]
	at org.apache.hadoop.ozone.om.KeyManagerImpl.getFileStatus(KeyManagerImpl.java:1118) ~[ozone-manager-1.4.0-SNAPSHOT.jar:?]
	at org.apache.hadoop.ozone.om.OmMetadataReader.getFileStatus(OmMetadataReader.java:288) ~[ozone-manager-1.4.0-SNAPSHOT.jar:?]
	at org.apache.hadoop.ozone.om.OzoneManager.getFileStatus(OzoneManager.java:3491) ~[ozone-manager-1.4.0-SNAPSHOT.jar:?]
	at org.apache.hadoop.ozone.protocolPB.OzoneManagerRequestHandler.getOzoneFileStatus(OzoneManagerRequestHandler.java:934) ~[ozone-manager-1.4.0-SNAPSHOT.jar:?]
	at org.apache.hadoop.ozone.protocolPB.OzoneManagerRequestHandler.handleReadRequest(OzoneManagerRequestHandler.java:238) ~[ozone-manager-1.4.0-SNAPSHOT.jar:?]
	at org.apache.hadoop.ozone.protocolPB.OzoneManagerProtocolServerSideTranslatorPB.submitReadRequestToOM(OzoneManagerProtocolServerSideTranslatorPB.java:223) ~[ozone-manager-1.4.0-SNAPSHOT.jar:?]
	at org.apache.hadoop.ozone.protocolPB.OzoneManagerProtocolServerSideTranslatorPB.processRequest(OzoneManagerProtocolServerSideTranslatorPB.java:177) ~[ozone-manager-1.4.0-SNAPSHOT.jar:?]
	at org.apache.hadoop.hdds.server.OzoneProtocolMessageDispatcher.processRequest(OzoneProtocolMessageDispatcher.java:87) [hdds-server-framework-1.4.0-SNAPSHOT.jar:?]
	at org.apache.hadoop.ozone.protocolPB.OzoneManagerProtocolServerSideTranslatorPB.submitRequest(OzoneManagerProtocolServerSideTranslatorPB.java:147) [ozone-manager-1.4.0-SNAPSHOT.jar:?]
	at org.apache.hadoop.ozone.protocol.proto.OzoneManagerProtocolProtos$OzoneManagerService$2.callBlockingMethod(OzoneManagerProtocolProtos.java) [ozone-interface-client-1.4.0-SNAPSHOT.jar:?]
	at org.apache.hadoop.ipc.ProtobufRpcEngine$Server.processCall(ProtobufRpcEngine.java:484) [hadoop-common-3.3.5.jar:?]
	at org.apache.hadoop.ipc.ProtobufRpcEngine2$Server$ProtoBufRpcInvoker.call(ProtobufRpcEngine2.java:595) [hadoop-common-3.3.5.jar:?]
	at org.apache.hadoop.ipc.ProtobufRpcEngine2$Server$ProtoBufRpcInvoker.call(ProtobufRpcEngine2.java:573) [hadoop-common-3.3.5.jar:?]
	at org.apache.hadoop.ipc.RPC$Server.call(RPC.java:1213) [hadoop-common-3.3.5.jar:?]
	at org.apache.hadoop.ipc.Server$RpcCall.run(Server.java:1089) [hadoop-common-3.3.5.jar:?]
	at org.apache.hadoop.ipc.Server$RpcCall.run(Server.java:1012) [hadoop-common-3.3.5.jar:?]
	at java.security.AccessController.doPrivileged(Native Method) ~[?:1.8.0_362]
	at javax.security.auth.Subject.doAs(Subject.java:422) [?:1.8.0_362]
	at org.apache.hadoop.security.UserGroupInformation.doAs(UserGroupInformation.java:1899) [hadoop-common-3.3.5.jar:?]
	at org.apache.hadoop.ipc.Server$Handler.run(Server.java:3026) [hadoop-common-3.3.5.jar:?]
17:18:59.551 [IPC Server handler 3 on default port 45623] ERROR OMAudit - user=runner | ip=127.0.0.1 | op=GET_FILE_STATUS {volume=volume95537, bucket=bucket59866, key=testBatchDelete/parent/childFolder/child3, dataSize=0, replicationConfig=null} | ret=FAILURE
org.apache.hadoop.ozone.om.exceptions.OMException: Unable to get file status: volume: volume95537 bucket: bucket59866 key: testBatchDelete/parent/childFolder/child3
	at org.apache.hadoop.ozone.om.KeyManagerImpl.getOzoneFileStatus(KeyManagerImpl.java:1200) ~[ozone-manager-1.4.0-SNAPSHOT.jar:?]
	at org.apache.hadoop.ozone.om.KeyManagerImpl.getFileStatus(KeyManagerImpl.java:1118) ~[ozone-manager-1.4.0-SNAPSHOT.jar:?]
	at org.apache.hadoop.ozone.om.OmMetadataReader.getFileStatus(OmMetadataReader.java:288) ~[ozone-manager-1.4.0-SNAPSHOT.jar:?]
	at org.apache.hadoop.ozone.om.OzoneManager.getFileStatus(OzoneManager.java:3491) ~[ozone-manager-1.4.0-SNAPSHOT.jar:?]
	at org.apache.hadoop.ozone.protocolPB.OzoneManagerRequestHandler.getOzoneFileStatus(OzoneManagerRequestHandler.java:934) ~[ozone-manager-1.4.0-SNAPSHOT.jar:?]
	at org.apache.hadoop.ozone.protocolPB.OzoneManagerRequestHandler.handleReadRequest(OzoneManagerRequestHandler.java:238) ~[ozone-manager-1.4.0-SNAPSHOT.jar:?]
	at org.apache.hadoop.ozone.protocolPB.OzoneManagerProtocolServerSideTranslatorPB.submitReadRequestToOM(OzoneManagerProtocolServerSideTranslatorPB.java:223) ~[ozone-manager-1.4.0-SNAPSHOT.jar:?]
	at org.apache.hadoop.ozone.protocolPB.OzoneManagerProtocolServerSideTranslatorPB.processRequest(OzoneManagerProtocolServerSideTranslatorPB.java:177) ~[ozone-manager-1.4.0-SNAPSHOT.jar:?]
	at org.apache.hadoop.hdds.server.OzoneProtocolMessageDispatcher.processRequest(OzoneProtocolMessageDispatcher.java:87) [hdds-server-framework-1.4.0-SNAPSHOT.jar:?]
	at org.apache.hadoop.ozone.protocolPB.OzoneManagerProtocolServerSideTranslatorPB.submitRequest(OzoneManagerProtocolServerSideTranslatorPB.java:147) [ozone-manager-1.4.0-SNAPSHOT.jar:?]
	at org.apache.hadoop.ozone.protocol.proto.OzoneManagerProtocolProtos$OzoneManagerService$2.callBlockingMethod(OzoneManagerProtocolProtos.java) [ozone-interface-client-1.4.0-SNAPSHOT.jar:?]
	at org.apache.hadoop.ipc.ProtobufRpcEngine$Server.processCall(ProtobufRpcEngine.java:484) [hadoop-common-3.3.5.jar:?]
	at org.apache.hadoop.ipc.ProtobufRpcEngine2$Server$ProtoBufRpcInvoker.call(ProtobufRpcEngine2.java:595) [hadoop-common-3.3.5.jar:?]
	at org.apache.hadoop.ipc.ProtobufRpcEngine2$Server$ProtoBufRpcInvoker.call(ProtobufRpcEngine2.java:573) [hadoop-common-3.3.5.jar:?]
	at org.apache.hadoop.ipc.RPC$Server.call(RPC.java:1213) [hadoop-common-3.3.5.jar:?]
	at org.apache.hadoop.ipc.Server$RpcCall.run(Server.java:1089) [hadoop-common-3.3.5.jar:?]
	at org.apache.hadoop.ipc.Server$RpcCall.run(Server.java:1012) [hadoop-common-3.3.5.jar:?]
	at java.security.AccessController.doPrivileged(Native Method) ~[?:1.8.0_362]
	at javax.security.auth.Subject.doAs(Subject.java:422) [?:1.8.0_362]
	at org.apache.hadoop.security.UserGroupInformation.doAs(UserGroupInformation.java:1899) [hadoop-common-3.3.5.jar:?]
	at org.apache.hadoop.ipc.Server$Handler.run(Server.java:3026) [hadoop-common-3.3.5.jar:?]
17:18:59.551 [IPC Server handler 1 on default port 45623] ERROR OMAudit - user=runner | ip=127.0.0.1 | op=GET_FILE_STATUS {volume=volume95537, bucket=bucket59866, key=testBatchDelete/parent/child4, dataSize=0, replicationConfig=null} | ret=FAILURE
org.apache.hadoop.ozone.om.exceptions.OMException: Unable to get file status: volume: volume95537 bucket: bucket59866 key: testBatchDelete/parent/child4
	at org.apache.hadoop.ozone.om.KeyManagerImpl.getOzoneFileStatus(KeyManagerImpl.java:1200) ~[ozone-manager-1.4.0-SNAPSHOT.jar:?]
	at org.apache.hadoop.ozone.om.KeyManagerImpl.getFileStatus(KeyManagerImpl.java:1118) ~[ozone-manager-1.4.0-SNAPSHOT.jar:?]
	at org.apache.hadoop.ozone.om.OmMetadataReader.getFileStatus(OmMetadataReader.java:288) ~[ozone-manager-1.4.0-SNAPSHOT.jar:?]
	at org.apache.hadoop.ozone.om.OzoneManager.getFileStatus(OzoneManager.java:3491) ~[ozone-manager-1.4.0-SNAPSHOT.jar:?]
	at org.apache.hadoop.ozone.protocolPB.OzoneManagerRequestHandler.getOzoneFileStatus(OzoneManagerRequestHandler.java:934) ~[ozone-manager-1.4.0-SNAPSHOT.jar:?]
	at org.apache.hadoop.ozone.protocolPB.OzoneManagerRequestHandler.handleReadRequest(OzoneManagerRequestHandler.java:238) ~[ozone-manager-1.4.0-SNAPSHOT.jar:?]
	at org.apache.hadoop.ozone.protocolPB.OzoneManagerProtocolServerSideTranslatorPB.submitReadRequestToOM(OzoneManagerProtocolServerSideTranslatorPB.java:223) ~[ozone-manager-1.4.0-SNAPSHOT.jar:?]
	at org.apache.hadoop.ozone.protocolPB.OzoneManagerProtocolServerSideTranslatorPB.processRequest(OzoneManagerProtocolServerSideTranslatorPB.java:177) ~[ozone-manager-1.4.0-SNAPSHOT.jar:?]
	at org.apache.hadoop.hdds.server.OzoneProtocolMessageDispatcher.processRequest(OzoneProtocolMessageDispatcher.java:87) [hdds-server-framework-1.4.0-SNAPSHOT.jar:?]
	at org.apache.hadoop.ozone.protocolPB.OzoneManagerProtocolServerSideTranslatorPB.submitRequest(OzoneManagerProtocolServerSideTranslatorPB.java:147) [ozone-manager-1.4.0-SNAPSHOT.jar:?]
	at org.apache.hadoop.ozone.protocol.proto.OzoneManagerProtocolProtos$OzoneManagerService$2.callBlockingMethod(OzoneManagerProtocolProtos.java) [ozone-interface-client-1.4.0-SNAPSHOT.jar:?]
	at org.apache.hadoop.ipc.ProtobufRpcEngine$Server.processCall(ProtobufRpcEngine.java:484) [hadoop-common-3.3.5.jar:?]
	at org.apache.hadoop.ipc.ProtobufRpcEngine2$Server$ProtoBufRpcInvoker.call(ProtobufRpcEngine2.java:595) [hadoop-common-3.3.5.jar:?]
	at org.apache.hadoop.ipc.ProtobufRpcEngine2$Server$ProtoBufRpcInvoker.call(ProtobufRpcEngine2.java:573) [hadoop-common-3.3.5.jar:?]
	at org.apache.hadoop.ipc.RPC$Server.call(RPC.java:1213) [hadoop-common-3.3.5.jar:?]
	at org.apache.hadoop.ipc.Server$RpcCall.run(Server.java:1089) [hadoop-common-3.3.5.jar:?]
	at org.apache.hadoop.ipc.Server$RpcCall.run(Server.java:1012) [hadoop-common-3.3.5.jar:?]
	at java.security.AccessController.doPrivileged(Native Method) ~[?:1.8.0_362]
	at javax.security.auth.Subject.doAs(Subject.java:422) [?:1.8.0_362]
	at org.apache.hadoop.security.UserGroupInformation.doAs(UserGroupInformation.java:1899) [hadoop-common-3.3.5.jar:?]
	at org.apache.hadoop.ipc.Server$Handler.run(Server.java:3026) [hadoop-common-3.3.5.jar:?]
17:18:59.552 [IPC Server handler 9 on default port 45623] ERROR OMAudit - user=runner | ip=127.0.0.1 | op=GET_FILE_STATUS {volume=volume95537, bucket=bucket59866, key=testBatchDelete/parent/childFolder/child4, dataSize=0, replicationConfig=null} | ret=FAILURE
org.apache.hadoop.ozone.om.exceptions.OMException: Unable to get file status: volume: volume95537 bucket: bucket59866 key: testBatchDelete/parent/childFolder/child4
	at org.apache.hadoop.ozone.om.KeyManagerImpl.getOzoneFileStatus(KeyManagerImpl.java:1200) ~[ozone-manager-1.4.0-SNAPSHOT.jar:?]
	at org.apache.hadoop.ozone.om.KeyManagerImpl.getFileStatus(KeyManagerImpl.java:1118) ~[ozone-manager-1.4.0-SNAPSHOT.jar:?]
	at org.apache.hadoop.ozone.om.OmMetadataReader.getFileStatus(OmMetadataReader.java:288) ~[ozone-manager-1.4.0-SNAPSHOT.jar:?]
	at org.apache.hadoop.ozone.om.OzoneManager.getFileStatus(OzoneManager.java:3491) ~[ozone-manager-1.4.0-SNAPSHOT.jar:?]
	at org.apache.hadoop.ozone.protocolPB.OzoneManagerRequestHandler.getOzoneFileStatus(OzoneManagerRequestHandler.java:934) ~[ozone-manager-1.4.0-SNAPSHOT.jar:?]
	at org.apache.hadoop.ozone.protocolPB.OzoneManagerRequestHandler.handleReadRequest(OzoneManagerRequestHandler.java:238) ~[ozone-manager-1.4.0-SNAPSHOT.jar:?]
	at org.apache.hadoop.ozone.protocolPB.OzoneManagerProtocolServerSideTranslatorPB.submitReadRequestToOM(OzoneManagerProtocolServerSideTranslatorPB.java:223) ~[ozone-manager-1.4.0-SNAPSHOT.jar:?]
	at org.apache.hadoop.ozone.protocolPB.OzoneManagerProtocolServerSideTranslatorPB.processRequest(OzoneManagerProtocolServerSideTranslatorPB.java:177) ~[ozone-manager-1.4.0-SNAPSHOT.jar:?]
	at org.apache.hadoop.hdds.server.OzoneProtocolMessageDispatcher.processRequest(OzoneProtocolMessageDispatcher.java:87) [hdds-server-framework-1.4.0-SNAPSHOT.jar:?]
	at org.apache.hadoop.ozone.protocolPB.OzoneManagerProtocolServerSideTranslatorPB.submitRequest(OzoneManagerProtocolServerSideTranslatorPB.java:147) [ozone-manager-1.4.0-SNAPSHOT.jar:?]
	at org.apache.hadoop.ozone.protocol.proto.OzoneManagerProtocolProtos$OzoneManagerService$2.callBlockingMethod(OzoneManagerProtocolProtos.java) [ozone-interface-client-1.4.0-SNAPSHOT.jar:?]
	at org.apache.hadoop.ipc.ProtobufRpcEngine$Server.processCall(ProtobufRpcEngine.java:484) [hadoop-common-3.3.5.jar:?]
	at org.apache.hadoop.ipc.ProtobufRpcEngine2$Server$ProtoBufRpcInvoker.call(ProtobufRpcEngine2.java:595) [hadoop-common-3.3.5.jar:?]
	at org.apache.hadoop.ipc.ProtobufRpcEngine2$Server$ProtoBufRpcInvoker.call(ProtobufRpcEngine2.java:573) [hadoop-common-3.3.5.jar:?]
	at org.apache.hadoop.ipc.RPC$Server.call(RPC.java:1213) [hadoop-common-3.3.5.jar:?]
	at org.apache.hadoop.ipc.Server$RpcCall.run(Server.java:1089) [hadoop-common-3.3.5.jar:?]
	at org.apache.hadoop.ipc.Server$RpcCall.run(Server.java:1012) [hadoop-common-3.3.5.jar:?]
	at java.security.AccessController.doPrivileged(Native Method) ~[?:1.8.0_362]
	at javax.security.auth.Subject.doAs(Subject.java:422) [?:1.8.0_362]
	at org.apache.hadoop.security.UserGroupInformation.doAs(UserGroupInformation.java:1899) [hadoop-common-3.3.5.jar:?]
	at org.apache.hadoop.ipc.Server$Handler.run(Server.java:3026) [hadoop-common-3.3.5.jar:?]
17:18:59.553 [IPC Server handler 7 on default port 45623] ERROR OMAudit - user=runner | ip=127.0.0.1 | op=GET_FILE_STATUS {volume=volume95537, bucket=bucket59866, key=testBatchDelete/parent/child5, dataSize=0, replicationConfig=null} | ret=FAILURE
org.apache.hadoop.ozone.om.exceptions.OMException: Unable to get file status: volume: volume95537 bucket: bucket59866 key: testBatchDelete/parent/child5
	at org.apache.hadoop.ozone.om.KeyManagerImpl.getOzoneFileStatus(KeyManagerImpl.java:1200) ~[ozone-manager-1.4.0-SNAPSHOT.jar:?]
	at org.apache.hadoop.ozone.om.KeyManagerImpl.getFileStatus(KeyManagerImpl.java:1118) ~[ozone-manager-1.4.0-SNAPSHOT.jar:?]
	at org.apache.hadoop.ozone.om.OmMetadataReader.getFileStatus(OmMetadataReader.java:288) ~[ozone-manager-1.4.0-SNAPSHOT.jar:?]
	at org.apache.hadoop.ozone.om.OzoneManager.getFileStatus(OzoneManager.java:3491) ~[ozone-manager-1.4.0-SNAPSHOT.jar:?]
	at org.apache.hadoop.ozone.protocolPB.OzoneManagerRequestHandler.getOzoneFileStatus(OzoneManagerRequestHandler.java:934) ~[ozone-manager-1.4.0-SNAPSHOT.jar:?]
	at org.apache.hadoop.ozone.protocolPB.OzoneManagerRequestHandler.handleReadRequest(OzoneManagerRequestHandler.java:238) ~[ozone-manager-1.4.0-SNAPSHOT.jar:?]
	at org.apache.hadoop.ozone.protocolPB.OzoneManagerProtocolServerSideTranslatorPB.submitReadRequestToOM(OzoneManagerProtocolServerSideTranslatorPB.java:223) ~[ozone-manager-1.4.0-SNAPSHOT.jar:?]
	at org.apache.hadoop.ozone.protocolPB.OzoneManagerProtocolServerSideTranslatorPB.processRequest(OzoneManagerProtocolServerSideTranslatorPB.java:177) ~[ozone-manager-1.4.0-SNAPSHOT.jar:?]
	at org.apache.hadoop.hdds.server.OzoneProtocolMessageDispatcher.processRequest(OzoneProtocolMessageDispatcher.java:87) [hdds-server-framework-1.4.0-SNAPSHOT.jar:?]
	at org.apache.hadoop.ozone.protocolPB.OzoneManagerProtocolServerSideTranslatorPB.submitRequest(OzoneManagerProtocolServerSideTranslatorPB.java:147) [ozone-manager-1.4.0-SNAPSHOT.jar:?]
	at org.apache.hadoop.ozone.protocol.proto.OzoneManagerProtocolProtos$OzoneManagerService$2.callBlockingMethod(OzoneManagerProtocolProtos.java) [ozone-interface-client-1.4.0-SNAPSHOT.jar:?]
	at org.apache.hadoop.ipc.ProtobufRpcEngine$Server.processCall(ProtobufRpcEngine.java:484) [hadoop-common-3.3.5.jar:?]
	at org.apache.hadoop.ipc.ProtobufRpcEngine2$Server$ProtoBufRpcInvoker.call(ProtobufRpcEngine2.java:595) [hadoop-common-3.3.5.jar:?]
	at org.apache.hadoop.ipc.ProtobufRpcEngine2$Server$ProtoBufRpcInvoker.call(ProtobufRpcEngine2.java:573) [hadoop-common-3.3.5.jar:?]
	at org.apache.hadoop.ipc.RPC$Server.call(RPC.java:1213) [hadoop-common-3.3.5.jar:?]
	at org.apache.hadoop.ipc.Server$RpcCall.run(Server.java:1089) [hadoop-common-3.3.5.jar:?]
	at org.apache.hadoop.ipc.Server$RpcCall.run(Server.java:1012) [hadoop-common-3.3.5.jar:?]
	at java.security.AccessController.doPrivileged(Native Method) ~[?:1.8.0_362]
	at javax.security.auth.Subject.doAs(Subject.java:422) [?:1.8.0_362]
	at org.apache.hadoop.security.UserGroupInformation.doAs(UserGroupInformation.java:1899) [hadoop-common-3.3.5.jar:?]
	at org.apache.hadoop.ipc.Server$Handler.run(Server.java:3026) [hadoop-common-3.3.5.jar:?]
17:18:59.553 [IPC Server handler 5 on default port 45623] ERROR OMAudit - user=runner | ip=127.0.0.1 | op=GET_FILE_STATUS {volume=volume95537, bucket=bucket59866, key=testBatchDelete/parent/childFolder/child5, dataSize=0, replicationConfig=null} | ret=FAILURE
org.apache.hadoop.ozone.om.exceptions.OMException: Unable to get file status: volume: volume95537 bucket: bucket59866 key: testBatchDelete/parent/childFolder/child5
	at org.apache.hadoop.ozone.om.KeyManagerImpl.getOzoneFileStatus(KeyManagerImpl.java:1200) ~[ozone-manager-1.4.0-SNAPSHOT.jar:?]
	at org.apache.hadoop.ozone.om.KeyManagerImpl.getFileStatus(KeyManagerImpl.java:1118) ~[ozone-manager-1.4.0-SNAPSHOT.jar:?]
	at org.apache.hadoop.ozone.om.OmMetadataReader.getFileStatus(OmMetadataReader.java:288) ~[ozone-manager-1.4.0-SNAPSHOT.jar:?]
	at org.apache.hadoop.ozone.om.OzoneManager.getFileStatus(OzoneManager.java:3491) ~[ozone-manager-1.4.0-SNAPSHOT.jar:?]
	at org.apache.hadoop.ozone.protocolPB.OzoneManagerRequestHandler.getOzoneFileStatus(OzoneManagerRequestHandler.java:934) ~[ozone-manager-1.4.0-SNAPSHOT.jar:?]
	at org.apache.hadoop.ozone.protocolPB.OzoneManagerRequestHandler.handleReadRequest(OzoneManagerRequestHandler.java:238) ~[ozone-manager-1.4.0-SNAPSHOT.jar:?]
	at org.apache.hadoop.ozone.protocolPB.OzoneManagerProtocolServerSideTranslatorPB.submitReadRequestToOM(OzoneManagerProtocolServerSideTranslatorPB.java:223) ~[ozone-manager-1.4.0-SNAPSHOT.jar:?]
	at org.apache.hadoop.ozone.protocolPB.OzoneManagerProtocolServerSideTranslatorPB.processRequest(OzoneManagerProtocolServerSideTranslatorPB.java:177) ~[ozone-manager-1.4.0-SNAPSHOT.jar:?]
	at org.apache.hadoop.hdds.server.OzoneProtocolMessageDispatcher.processRequest(OzoneProtocolMessageDispatcher.java:87) [hdds-server-framework-1.4.0-SNAPSHOT.jar:?]
	at org.apache.hadoop.ozone.protocolPB.OzoneManagerProtocolServerSideTranslatorPB.submitRequest(OzoneManagerProtocolServerSideTranslatorPB.java:147) [ozone-manager-1.4.0-SNAPSHOT.jar:?]
	at org.apache.hadoop.ozone.protocol.proto.OzoneManagerProtocolProtos$OzoneManagerService$2.callBlockingMethod(OzoneManagerProtocolProtos.java) [ozone-interface-client-1.4.0-SNAPSHOT.jar:?]
	at org.apache.hadoop.ipc.ProtobufRpcEngine$Server.processCall(ProtobufRpcEngine.java:484) [hadoop-common-3.3.5.jar:?]
	at org.apache.hadoop.ipc.ProtobufRpcEngine2$Server$ProtoBufRpcInvoker.call(ProtobufRpcEngine2.java:595) [hadoop-common-3.3.5.jar:?]
	at org.apache.hadoop.ipc.ProtobufRpcEngine2$Server$ProtoBufRpcInvoker.call(ProtobufRpcEngine2.java:573) [hadoop-common-3.3.5.jar:?]
	at org.apache.hadoop.ipc.RPC$Server.call(RPC.java:1213) [hadoop-common-3.3.5.jar:?]
	at org.apache.hadoop.ipc.Server$RpcCall.run(Server.java:1089) [hadoop-common-3.3.5.jar:?]
	at org.apache.hadoop.ipc.Server$RpcCall.run(Server.java:1012) [hadoop-common-3.3.5.jar:?]
	at java.security.AccessController.doPrivileged(Native Method) ~[?:1.8.0_362]
	at javax.security.auth.Subject.doAs(Subject.java:422) [?:1.8.0_362]
	at org.apache.hadoop.security.UserGroupInformation.doAs(UserGroupInformation.java:1899) [hadoop-common-3.3.5.jar:?]
	at org.apache.hadoop.ipc.Server$Handler.run(Server.java:3026) [hadoop-common-3.3.5.jar:?]
17:18:59.554 [IPC Server handler 4 on default port 45623] ERROR OMAudit - user=runner | ip=127.0.0.1 | op=GET_FILE_STATUS {volume=volume95537, bucket=bucket59866, key=testBatchDelete/parent/child6, dataSize=0, replicationConfig=null} | ret=FAILURE
org.apache.hadoop.ozone.om.exceptions.OMException: Unable to get file status: volume: volume95537 bucket: bucket59866 key: testBatchDelete/parent/child6
	at org.apache.hadoop.ozone.om.KeyManagerImpl.getOzoneFileStatus(KeyManagerImpl.java:1200) ~[ozone-manager-1.4.0-SNAPSHOT.jar:?]
	at org.apache.hadoop.ozone.om.KeyManagerImpl.getFileStatus(KeyManagerImpl.java:1118) ~[ozone-manager-1.4.0-SNAPSHOT.jar:?]
	at org.apache.hadoop.ozone.om.OmMetadataReader.getFileStatus(OmMetadataReader.java:288) ~[ozone-manager-1.4.0-SNAPSHOT.jar:?]
	at org.apache.hadoop.ozone.om.OzoneManager.getFileStatus(OzoneManager.java:3491) ~[ozone-manager-1.4.0-SNAPSHOT.jar:?]
	at org.apache.hadoop.ozone.protocolPB.OzoneManagerRequestHandler.getOzoneFileStatus(OzoneManagerRequestHandler.java:934) ~[ozone-manager-1.4.0-SNAPSHOT.jar:?]
	at org.apache.hadoop.ozone.protocolPB.OzoneManagerRequestHandler.handleReadRequest(OzoneManagerRequestHandler.java:238) ~[ozone-manager-1.4.0-SNAPSHOT.jar:?]
	at org.apache.hadoop.ozone.protocolPB.OzoneManagerProtocolServerSideTranslatorPB.submitReadRequestToOM(OzoneManagerProtocolServerSideTranslatorPB.java:223) ~[ozone-manager-1.4.0-SNAPSHOT.jar:?]
	at org.apache.hadoop.ozone.protocolPB.OzoneManagerProtocolServerSideTranslatorPB.processRequest(OzoneManagerProtocolServerSideTranslatorPB.java:177) ~[ozone-manager-1.4.0-SNAPSHOT.jar:?]
	at org.apache.hadoop.hdds.server.OzoneProtocolMessageDispatcher.processRequest(OzoneProtocolMessageDispatcher.java:87) [hdds-server-framework-1.4.0-SNAPSHOT.jar:?]
	at org.apache.hadoop.ozone.protocolPB.OzoneManagerProtocolServerSideTranslatorPB.submitRequest(OzoneManagerProtocolServerSideTranslatorPB.java:147) [ozone-manager-1.4.0-SNAPSHOT.jar:?]
	at org.apache.hadoop.ozone.protocol.proto.OzoneManagerProtocolProtos$OzoneManagerService$2.callBlockingMethod(OzoneManagerProtocolProtos.java) [ozone-interface-client-1.4.0-SNAPSHOT.jar:?]
	at org.apache.hadoop.ipc.ProtobufRpcEngine$Server.processCall(ProtobufRpcEngine.java:484) [hadoop-common-3.3.5.jar:?]
	at org.apache.hadoop.ipc.ProtobufRpcEngine2$Server$ProtoBufRpcInvoker.call(ProtobufRpcEngine2.java:595) [hadoop-common-3.3.5.jar:?]
	at org.apache.hadoop.ipc.ProtobufRpcEngine2$Server$ProtoBufRpcInvoker.call(ProtobufRpcEngine2.java:573) [hadoop-common-3.3.5.jar:?]
	at org.apache.hadoop.ipc.RPC$Server.call(RPC.java:1213) [hadoop-common-3.3.5.jar:?]
	at org.apache.hadoop.ipc.Server$RpcCall.run(Server.java:1089) [hadoop-common-3.3.5.jar:?]
	at org.apache.hadoop.ipc.Server$RpcCall.run(Server.java:1012) [hadoop-common-3.3.5.jar:?]
	at java.security.AccessController.doPrivileged(Native Method) ~[?:1.8.0_362]
	at javax.security.auth.Subject.doAs(Subject.java:422) [?:1.8.0_362]
	at org.apache.hadoop.security.UserGroupInformation.doAs(UserGroupInformation.java:1899) [hadoop-common-3.3.5.jar:?]
	at org.apache.hadoop.ipc.Server$Handler.run(Server.java:3026) [hadoop-common-3.3.5.jar:?]
17:18:59.556 [IPC Server handler 2 on default port 45623] ERROR OMAudit - user=runner | ip=127.0.0.1 | op=GET_FILE_STATUS {volume=volume95537, bucket=bucket59866, key=testBatchDelete/parent/childFolder/child6, dataSize=0, replicationConfig=null} | ret=FAILURE
org.apache.hadoop.ozone.om.exceptions.OMException: Unable to get file status: volume: volume95537 bucket: bucket59866 key: testBatchDelete/parent/childFolder/child6
	at org.apache.hadoop.ozone.om.KeyManagerImpl.getOzoneFileStatus(KeyManagerImpl.java:1200) ~[ozone-manager-1.4.0-SNAPSHOT.jar:?]
	at org.apache.hadoop.ozone.om.KeyManagerImpl.getFileStatus(KeyManagerImpl.java:1118) ~[ozone-manager-1.4.0-SNAPSHOT.jar:?]
	at org.apache.hadoop.ozone.om.OmMetadataReader.getFileStatus(OmMetadataReader.java:288) ~[ozone-manager-1.4.0-SNAPSHOT.jar:?]
	at org.apache.hadoop.ozone.om.OzoneManager.getFileStatus(OzoneManager.java:3491) ~[ozone-manager-1.4.0-SNAPSHOT.jar:?]
	at org.apache.hadoop.ozone.protocolPB.OzoneManagerRequestHandler.getOzoneFileStatus(OzoneManagerRequestHandler.java:934) ~[ozone-manager-1.4.0-SNAPSHOT.jar:?]
	at org.apache.hadoop.ozone.protocolPB.OzoneManagerRequestHandler.handleReadRequest(OzoneManagerRequestHandler.java:238) ~[ozone-manager-1.4.0-SNAPSHOT.jar:?]
	at org.apache.hadoop.ozone.protocolPB.OzoneManagerProtocolServerSideTranslatorPB.submitReadRequestToOM(OzoneManagerProtocolServerSideTranslatorPB.java:223) ~[ozone-manager-1.4.0-SNAPSHOT.jar:?]
	at org.apache.hadoop.ozone.protocolPB.OzoneManagerProtocolServerSideTranslatorPB.processRequest(OzoneManagerProtocolServerSideTranslatorPB.java:177) ~[ozone-manager-1.4.0-SNAPSHOT.jar:?]
	at org.apache.hadoop.hdds.server.OzoneProtocolMessageDispatcher.processRequest(OzoneProtocolMessageDispatcher.java:87) [hdds-server-framework-1.4.0-SNAPSHOT.jar:?]
	at org.apache.hadoop.ozone.protocolPB.OzoneManagerProtocolServerSideTranslatorPB.submitRequest(OzoneManagerProtocolServerSideTranslatorPB.java:147) [ozone-manager-1.4.0-SNAPSHOT.jar:?]
	at org.apache.hadoop.ozone.protocol.proto.OzoneManagerProtocolProtos$OzoneManagerService$2.callBlockingMethod(OzoneManagerProtocolProtos.java) [ozone-interface-client-1.4.0-SNAPSHOT.jar:?]
	at org.apache.hadoop.ipc.ProtobufRpcEngine$Server.processCall(ProtobufRpcEngine.java:484) [hadoop-common-3.3.5.jar:?]
	at org.apache.hadoop.ipc.ProtobufRpcEngine2$Server$ProtoBufRpcInvoker.call(ProtobufRpcEngine2.java:595) [hadoop-common-3.3.5.jar:?]
	at org.apache.hadoop.ipc.ProtobufRpcEngine2$Server$ProtoBufRpcInvoker.call(ProtobufRpcEngine2.java:573) [hadoop-common-3.3.5.jar:?]
	at org.apache.hadoop.ipc.RPC$Server.call(RPC.java:1213) [hadoop-common-3.3.5.jar:?]
	at org.apache.hadoop.ipc.Server$RpcCall.run(Server.java:1089) [hadoop-common-3.3.5.jar:?]
	at org.apache.hadoop.ipc.Server$RpcCall.run(Server.java:1012) [hadoop-common-3.3.5.jar:?]
	at java.security.AccessController.doPrivileged(Native Method) ~[?:1.8.0_362]
	at javax.security.auth.Subject.doAs(Subject.java:422) [?:1.8.0_362]
	at org.apache.hadoop.security.UserGroupInformation.doAs(UserGroupInformation.java:1899) [hadoop-common-3.3.5.jar:?]
	at org.apache.hadoop.ipc.Server$Handler.run(Server.java:3026) [hadoop-common-3.3.5.jar:?]
17:18:59.557 [IPC Server handler 0 on default port 45623] ERROR OMAudit - user=runner | ip=127.0.0.1 | op=GET_FILE_STATUS {volume=volume95537, bucket=bucket59866, key=testBatchDelete/parent/child7, dataSize=0, replicationConfig=null} | ret=FAILURE
org.apache.hadoop.ozone.om.exceptions.OMException: Unable to get file status: volume: volume95537 bucket: bucket59866 key: testBatchDelete/parent/child7
	at org.apache.hadoop.ozone.om.KeyManagerImpl.getOzoneFileStatus(KeyManagerImpl.java:1200) ~[ozone-manager-1.4.0-SNAPSHOT.jar:?]
	at org.apache.hadoop.ozone.om.KeyManagerImpl.getFileStatus(KeyManagerImpl.java:1118) ~[ozone-manager-1.4.0-SNAPSHOT.jar:?]
	at org.apache.hadoop.ozone.om.OmMetadataReader.getFileStatus(OmMetadataReader.java:288) ~[ozone-manager-1.4.0-SNAPSHOT.jar:?]
	at org.apache.hadoop.ozone.om.OzoneManager.getFileStatus(OzoneManager.java:3491) ~[ozone-manager-1.4.0-SNAPSHOT.jar:?]
	at org.apache.hadoop.ozone.protocolPB.OzoneManagerRequestHandler.getOzoneFileStatus(OzoneManagerRequestHandler.java:934) ~[ozone-manager-1.4.0-SNAPSHOT.jar:?]
	at org.apache.hadoop.ozone.protocolPB.OzoneManagerRequestHandler.handleReadRequest(OzoneManagerRequestHandler.java:238) ~[ozone-manager-1.4.0-SNAPSHOT.jar:?]
	at org.apache.hadoop.ozone.protocolPB.OzoneManagerProtocolServerSideTranslatorPB.submitReadRequestToOM(OzoneManagerProtocolServerSideTranslatorPB.java:223) ~[ozone-manager-1.4.0-SNAPSHOT.jar:?]
	at org.apache.hadoop.ozone.protocolPB.OzoneManagerProtocolServerSideTranslatorPB.processRequest(OzoneManagerProtocolServerSideTranslatorPB.java:177) ~[ozone-manager-1.4.0-SNAPSHOT.jar:?]
	at org.apache.hadoop.hdds.server.OzoneProtocolMessageDispatcher.processRequest(OzoneProtocolMessageDispatcher.java:87) [hdds-server-framework-1.4.0-SNAPSHOT.jar:?]
	at org.apache.hadoop.ozone.protocolPB.OzoneManagerProtocolServerSideTranslatorPB.submitRequest(OzoneManagerProtocolServerSideTranslatorPB.java:147) [ozone-manager-1.4.0-SNAPSHOT.jar:?]
	at org.apache.hadoop.ozone.protocol.proto.OzoneManagerProtocolProtos$OzoneManagerService$2.callBlockingMethod(OzoneManagerProtocolProtos.java) [ozone-interface-client-1.4.0-SNAPSHOT.jar:?]
	at org.apache.hadoop.ipc.ProtobufRpcEngine$Server.processCall(ProtobufRpcEngine.java:484) [hadoop-common-3.3.5.jar:?]
	at org.apache.hadoop.ipc.ProtobufRpcEngine2$Server$ProtoBufRpcInvoker.call(ProtobufRpcEngine2.java:595) [hadoop-common-3.3.5.jar:?]
	at org.apache.hadoop.ipc.ProtobufRpcEngine2$Server$ProtoBufRpcInvoker.call(ProtobufRpcEngine2.java:573) [hadoop-common-3.3.5.jar:?]
	at org.apache.hadoop.ipc.RPC$Server.call(RPC.java:1213) [hadoop-common-3.3.5.jar:?]
	at org.apache.hadoop.ipc.Server$RpcCall.run(Server.java:1089) [hadoop-common-3.3.5.jar:?]
	at org.apache.hadoop.ipc.Server$RpcCall.run(Server.java:1012) [hadoop-common-3.3.5.jar:?]
	at java.security.AccessController.doPrivileged(Native Method) ~[?:1.8.0_362]
	at javax.security.auth.Subject.doAs(Subject.java:422) [?:1.8.0_362]
	at org.apache.hadoop.security.UserGroupInformation.doAs(UserGroupInformation.java:1899) [hadoop-common-3.3.5.jar:?]
	at org.apache.hadoop.ipc.Server$Handler.run(Server.java:3026) [hadoop-common-3.3.5.jar:?]
17:18:59.558 [IPC Server handler 18 on default port 45623] ERROR OMAudit - user=runner | ip=127.0.0.1 | op=GET_FILE_STATUS {volume=volume95537, bucket=bucket59866, key=testBatchDelete/parent/childFolder/child7, dataSize=0, replicationConfig=null} | ret=FAILURE
org.apache.hadoop.ozone.om.exceptions.OMException: Unable to get file status: volume: volume95537 bucket: bucket59866 key: testBatchDelete/parent/childFolder/child7
	at org.apache.hadoop.ozone.om.KeyManagerImpl.getOzoneFileStatus(KeyManagerImpl.java:1200) ~[ozone-manager-1.4.0-SNAPSHOT.jar:?]
	at org.apache.hadoop.ozone.om.KeyManagerImpl.getFileStatus(KeyManagerImpl.java:1118) ~[ozone-manager-1.4.0-SNAPSHOT.jar:?]
	at org.apache.hadoop.ozone.om.OmMetadataReader.getFileStatus(OmMetadataReader.java:288) ~[ozone-manager-1.4.0-SNAPSHOT.jar:?]
	at org.apache.hadoop.ozone.om.OzoneManager.getFileStatus(OzoneManager.java:3491) ~[ozone-manager-1.4.0-SNAPSHOT.jar:?]
	at org.apache.hadoop.ozone.protocolPB.OzoneManagerRequestHandler.getOzoneFileStatus(OzoneManagerRequestHandler.java:934) ~[ozone-manager-1.4.0-SNAPSHOT.jar:?]
	at org.apache.hadoop.ozone.protocolPB.OzoneManagerRequestHandler.handleReadRequest(OzoneManagerRequestHandler.java:238) ~[ozone-manager-1.4.0-SNAPSHOT.jar:?]
	at org.apache.hadoop.ozone.protocolPB.OzoneManagerProtocolServerSideTranslatorPB.submitReadRequestToOM(OzoneManagerProtocolServerSideTranslatorPB.java:223) ~[ozone-manager-1.4.0-SNAPSHOT.jar:?]
	at org.apache.hadoop.ozone.protocolPB.OzoneManagerProtocolServerSideTranslatorPB.processRequest(OzoneManagerProtocolServerSideTranslatorPB.java:177) ~[ozone-manager-1.4.0-SNAPSHOT.jar:?]
	at org.apache.hadoop.hdds.server.OzoneProtocolMessageDispatcher.processRequest(OzoneProtocolMessageDispatcher.java:87) [hdds-server-framework-1.4.0-SNAPSHOT.jar:?]
	at org.apache.hadoop.ozone.protocolPB.OzoneManagerProtocolServerSideTranslatorPB.submitRequest(OzoneManagerProtocolServerSideTranslatorPB.java:147) [ozone-manager-1.4.0-SNAPSHOT.jar:?]
	at org.apache.hadoop.ozone.protocol.proto.OzoneManagerProtocolProtos$OzoneManagerService$2.callBlockingMethod(OzoneManagerProtocolProtos.java) [ozone-interface-client-1.4.0-SNAPSHOT.jar:?]
	at org.apache.hadoop.ipc.ProtobufRpcEngine$Server.processCall(ProtobufRpcEngine.java:484) [hadoop-common-3.3.5.jar:?]
	at org.apache.hadoop.ipc.ProtobufRpcEngine2$Server$ProtoBufRpcInvoker.call(ProtobufRpcEngine2.java:595) [hadoop-common-3.3.5.jar:?]
	at org.apache.hadoop.ipc.ProtobufRpcEngine2$Server$ProtoBufRpcInvoker.call(ProtobufRpcEngine2.java:573) [hadoop-common-3.3.5.jar:?]
	at org.apache.hadoop.ipc.RPC$Server.call(RPC.java:1213) [hadoop-common-3.3.5.jar:?]
	at org.apache.hadoop.ipc.Server$RpcCall.run(Server.java:1089) [hadoop-common-3.3.5.jar:?]
	at org.apache.hadoop.ipc.Server$RpcCall.run(Server.java:1012) [hadoop-common-3.3.5.jar:?]
	at java.security.AccessController.doPrivileged(Native Method) ~[?:1.8.0_362]
	at javax.security.auth.Subject.doAs(Subject.java:422) [?:1.8.0_362]
	at org.apache.hadoop.security.UserGroupInformation.doAs(UserGroupInformation.java:1899) [hadoop-common-3.3.5.jar:?]
	at org.apache.hadoop.ipc.Server$Handler.run(Server.java:3026) [hadoop-common-3.3.5.jar:?]
17:18:59.559 [IPC Server handler 17 on default port 45623] ERROR OMAudit - user=runner | ip=127.0.0.1 | op=GET_FILE_STATUS {volume=volume95537, bucket=bucket59866, key=testBatchDelete/parent, dataSize=0, replicationConfig=null} | ret=FAILURE
org.apache.hadoop.ozone.om.exceptions.OMException: Unable to get file status: volume: volume95537 bucket: bucket59866 key: testBatchDelete/parent
	at org.apache.hadoop.ozone.om.KeyManagerImpl.getOzoneFileStatus(KeyManagerImpl.java:1200) ~[ozone-manager-1.4.0-SNAPSHOT.jar:?]
	at org.apache.hadoop.ozone.om.KeyManagerImpl.getFileStatus(KeyManagerImpl.java:1118) ~[ozone-manager-1.4.0-SNAPSHOT.jar:?]
	at org.apache.hadoop.ozone.om.OmMetadataReader.getFileStatus(OmMetadataReader.java:288) ~[ozone-manager-1.4.0-SNAPSHOT.jar:?]
	at org.apache.hadoop.ozone.om.OzoneManager.getFileStatus(OzoneManager.java:3491) ~[ozone-manager-1.4.0-SNAPSHOT.jar:?]
	at org.apache.hadoop.ozone.protocolPB.OzoneManagerRequestHandler.getOzoneFileStatus(OzoneManagerRequestHandler.java:934) ~[ozone-manager-1.4.0-SNAPSHOT.jar:?]
	at org.apache.hadoop.ozone.protocolPB.OzoneManagerRequestHandler.handleReadRequest(OzoneManagerRequestHandler.java:238) ~[ozone-manager-1.4.0-SNAPSHOT.jar:?]
	at org.apache.hadoop.ozone.protocolPB.OzoneManagerProtocolServerSideTranslatorPB.submitReadRequestToOM(OzoneManagerProtocolServerSideTranslatorPB.java:223) ~[ozone-manager-1.4.0-SNAPSHOT.jar:?]
	at org.apache.hadoop.ozone.protocolPB.OzoneManagerProtocolServerSideTranslatorPB.processRequest(OzoneManagerProtocolServerSideTranslatorPB.java:177) ~[ozone-manager-1.4.0-SNAPSHOT.jar:?]
	at org.apache.hadoop.hdds.server.OzoneProtocolMessageDispatcher.processRequest(OzoneProtocolMessageDispatcher.java:87) [hdds-server-framework-1.4.0-SNAPSHOT.jar:?]
	at org.apache.hadoop.ozone.protocolPB.OzoneManagerProtocolServerSideTranslatorPB.submitRequest(OzoneManagerProtocolServerSideTranslatorPB.java:147) [ozone-manager-1.4.0-SNAPSHOT.jar:?]
	at org.apache.hadoop.ozone.protocol.proto.OzoneManagerProtocolProtos$OzoneManagerService$2.callBlockingMethod(OzoneManagerProtocolProtos.java) [ozone-interface-client-1.4.0-SNAPSHOT.jar:?]
	at org.apache.hadoop.ipc.ProtobufRpcEngine$Server.processCall(ProtobufRpcEngine.java:484) [hadoop-common-3.3.5.jar:?]
	at org.apache.hadoop.ipc.ProtobufRpcEngine2$Server$ProtoBufRpcInvoker.call(ProtobufRpcEngine2.java:595) [hadoop-common-3.3.5.jar:?]
	at org.apache.hadoop.ipc.ProtobufRpcEngine2$Server$ProtoBufRpcInvoker.call(ProtobufRpcEngine2.java:573) [hadoop-common-3.3.5.jar:?]
	at org.apache.hadoop.ipc.RPC$Server.call(RPC.java:1213) [hadoop-common-3.3.5.jar:?]
	at org.apache.hadoop.ipc.Server$RpcCall.run(Server.java:1089) [hadoop-common-3.3.5.jar:?]
	at org.apache.hadoop.ipc.Server$RpcCall.run(Server.java:1012) [hadoop-common-3.3.5.jar:?]
	at java.security.AccessController.doPrivileged(Native Method) ~[?:1.8.0_362]
	at javax.security.auth.Subject.doAs(Subject.java:422) [?:1.8.0_362]
	at org.apache.hadoop.security.UserGroupInformation.doAs(UserGroupInformation.java:1899) [hadoop-common-3.3.5.jar:?]
	at org.apache.hadoop.ipc.Server$Handler.run(Server.java:3026) [hadoop-common-3.3.5.jar:?]
2023-04-11 17:18:59,559 [Time-limited test] WARN  ozone.BasicOzoneFileSystem (BasicOzoneFileSystem.java:delete(559)) - delete: Path does not exist: /testBatchDelete/parent
]]></system-out>
  </testcase>
  <testcase name="testFileDelete" classname="TestOzoneFileSystem" time="0.069">
    <system-out><![CDATA[2023-04-11 17:19:59,424 [IPC Server handler 10 on default port 37689] INFO  key.OMKeyRequest (OMKeyRequest.java:wrapUncommittedBlocksAsPseudoKey(838)) - Detect allocated but uncommitted blocks [{blockID={containerID=2, localID=111677748019200040}, length=4194304, offset=0, token=null, pipeline=null, createVersion=0, partNumber=0}] in key testBatchDelete/parent/child0.
2023-04-11 17:19:59,427 [IPC Server handler 19 on default port 37689] INFO  key.OMKeyRequest (OMKeyRequest.java:wrapUncommittedBlocksAsPseudoKey(838)) - Detect allocated but uncommitted blocks [{blockID={containerID=1, localID=111677748019200041}, length=4194304, offset=0, token=null, pipeline=null, createVersion=0, partNumber=0}] in key testBatchDelete/parent/childFolder/child0.
2023-04-11 17:19:59,430 [IPC Server handler 3 on default port 37689] INFO  key.OMKeyRequest (OMKeyRequest.java:wrapUncommittedBlocksAsPseudoKey(838)) - Detect allocated but uncommitted blocks [{blockID={containerID=4, localID=111677748019200042}, length=4194304, offset=0, token=null, pipeline=null, createVersion=0, partNumber=0}] in key testBatchDelete/parent/child1.
2023-04-11 17:19:59,432 [IPC Server handler 11 on default port 37689] INFO  key.OMKeyRequest (OMKeyRequest.java:wrapUncommittedBlocksAsPseudoKey(838)) - Detect allocated but uncommitted blocks [{blockID={containerID=3, localID=111677748019200043}, length=4194304, offset=0, token=null, pipeline=null, createVersion=0, partNumber=0}] in key testBatchDelete/parent/childFolder/child1.
2023-04-11 17:19:59,435 [IPC Server handler 2 on default port 37689] INFO  key.OMKeyRequest (OMKeyRequest.java:wrapUncommittedBlocksAsPseudoKey(838)) - Detect allocated but uncommitted blocks [{blockID={containerID=1, localID=111677748019200044}, length=4194304, offset=0, token=null, pipeline=null, createVersion=0, partNumber=0}] in key testBatchDelete/parent/child2.
2023-04-11 17:19:59,438 [IPC Server handler 4 on default port 37689] INFO  key.OMKeyRequest (OMKeyRequest.java:wrapUncommittedBlocksAsPseudoKey(838)) - Detect allocated but uncommitted blocks [{blockID={containerID=2, localID=111677748019200045}, length=4194304, offset=0, token=null, pipeline=null, createVersion=0, partNumber=0}] in key testBatchDelete/parent/childFolder/child2.
2023-04-11 17:19:59,441 [IPC Server handler 5 on default port 37689] INFO  key.OMKeyRequest (OMKeyRequest.java:wrapUncommittedBlocksAsPseudoKey(838)) - Detect allocated but uncommitted blocks [{blockID={containerID=4, localID=111677748019200046}, length=4194304, offset=0, token=null, pipeline=null, createVersion=0, partNumber=0}] in key testBatchDelete/parent/child3.
2023-04-11 17:19:59,444 [IPC Server handler 15 on default port 37689] INFO  key.OMKeyRequest (OMKeyRequest.java:wrapUncommittedBlocksAsPseudoKey(838)) - Detect allocated but uncommitted blocks [{blockID={containerID=1, localID=111677748019200047}, length=4194304, offset=0, token=null, pipeline=null, createVersion=0, partNumber=0}] in key testBatchDelete/parent/childFolder/child3.
2023-04-11 17:19:59,447 [IPC Server handler 17 on default port 37689] INFO  key.OMKeyRequest (OMKeyRequest.java:wrapUncommittedBlocksAsPseudoKey(838)) - Detect allocated but uncommitted blocks [{blockID={containerID=3, localID=111677748019200048}, length=4194304, offset=0, token=null, pipeline=null, createVersion=0, partNumber=0}] in key testBatchDelete/parent/child4.
2023-04-11 17:19:59,449 [IPC Server handler 7 on default port 37689] INFO  key.OMKeyRequest (OMKeyRequest.java:wrapUncommittedBlocksAsPseudoKey(838)) - Detect allocated but uncommitted blocks [{blockID={containerID=4, localID=111677748019200049}, length=4194304, offset=0, token=null, pipeline=null, createVersion=0, partNumber=0}] in key testBatchDelete/parent/childFolder/child4.
2023-04-11 17:19:59,451 [IPC Server handler 10 on default port 37689] INFO  key.OMKeyRequest (OMKeyRequest.java:wrapUncommittedBlocksAsPseudoKey(838)) - Detect allocated but uncommitted blocks [{blockID={containerID=1, localID=111677748019200050}, length=4194304, offset=0, token=null, pipeline=null, createVersion=0, partNumber=0}] in key testBatchDelete/parent/child5.
2023-04-11 17:19:59,454 [IPC Server handler 19 on default port 37689] INFO  key.OMKeyRequest (OMKeyRequest.java:wrapUncommittedBlocksAsPseudoKey(838)) - Detect allocated but uncommitted blocks [{blockID={containerID=4, localID=111677748019200051}, length=4194304, offset=0, token=null, pipeline=null, createVersion=0, partNumber=0}] in key testBatchDelete/parent/childFolder/child5.
2023-04-11 17:19:59,457 [IPC Server handler 3 on default port 37689] INFO  key.OMKeyRequest (OMKeyRequest.java:wrapUncommittedBlocksAsPseudoKey(838)) - Detect allocated but uncommitted blocks [{blockID={containerID=1, localID=111677748019200052}, length=4194304, offset=0, token=null, pipeline=null, createVersion=0, partNumber=0}] in key testBatchDelete/parent/child6.
2023-04-11 17:19:59,460 [IPC Server handler 11 on default port 37689] INFO  key.OMKeyRequest (OMKeyRequest.java:wrapUncommittedBlocksAsPseudoKey(838)) - Detect allocated but uncommitted blocks [{blockID={containerID=4, localID=111677748019200053}, length=4194304, offset=0, token=null, pipeline=null, createVersion=0, partNumber=0}] in key testBatchDelete/parent/childFolder/child6.
2023-04-11 17:19:59,462 [IPC Server handler 2 on default port 37689] INFO  key.OMKeyRequest (OMKeyRequest.java:wrapUncommittedBlocksAsPseudoKey(838)) - Detect allocated but uncommitted blocks [{blockID={containerID=1, localID=111677748019200054}, length=4194304, offset=0, token=null, pipeline=null, createVersion=0, partNumber=0}] in key testBatchDelete/parent/child7.
2023-04-11 17:19:59,465 [IPC Server handler 4 on default port 37689] INFO  key.OMKeyRequest (OMKeyRequest.java:wrapUncommittedBlocksAsPseudoKey(838)) - Detect allocated but uncommitted blocks [{blockID={containerID=4, localID=111677748019200055}, length=4194304, offset=0, token=null, pipeline=null, createVersion=0, partNumber=0}] in key testBatchDelete/parent/childFolder/child7.
17:19:59.472 [IPC Server handler 19 on default port 37689] ERROR OMAudit - user=runner | ip=127.0.0.1 | op=GET_FILE_STATUS {volume=volume96095, bucket=bucket29928, key=testBatchDelete, dataSize=0, replicationConfig=null} | ret=FAILURE
org.apache.hadoop.ozone.om.exceptions.OMException: Unable to get file status: volume: volume96095 bucket: bucket29928 key: testBatchDelete
	at org.apache.hadoop.ozone.om.KeyManagerImpl.getOzoneFileStatus(KeyManagerImpl.java:1200) ~[ozone-manager-1.4.0-SNAPSHOT.jar:?]
	at org.apache.hadoop.ozone.om.KeyManagerImpl.getFileStatus(KeyManagerImpl.java:1118) ~[ozone-manager-1.4.0-SNAPSHOT.jar:?]
	at org.apache.hadoop.ozone.om.OmMetadataReader.getFileStatus(OmMetadataReader.java:288) ~[ozone-manager-1.4.0-SNAPSHOT.jar:?]
	at org.apache.hadoop.ozone.om.OzoneManager.getFileStatus(OzoneManager.java:3491) ~[ozone-manager-1.4.0-SNAPSHOT.jar:?]
	at org.apache.hadoop.ozone.protocolPB.OzoneManagerRequestHandler.getOzoneFileStatus(OzoneManagerRequestHandler.java:934) ~[ozone-manager-1.4.0-SNAPSHOT.jar:?]
	at org.apache.hadoop.ozone.protocolPB.OzoneManagerRequestHandler.handleReadRequest(OzoneManagerRequestHandler.java:238) ~[ozone-manager-1.4.0-SNAPSHOT.jar:?]
	at org.apache.hadoop.ozone.protocolPB.OzoneManagerProtocolServerSideTranslatorPB.submitRequestDirectlyToOM(OzoneManagerProtocolServerSideTranslatorPB.java:272) ~[ozone-manager-1.4.0-SNAPSHOT.jar:?]
	at org.apache.hadoop.ozone.protocolPB.OzoneManagerProtocolServerSideTranslatorPB.processRequest(OzoneManagerProtocolServerSideTranslatorPB.java:173) ~[ozone-manager-1.4.0-SNAPSHOT.jar:?]
	at org.apache.hadoop.hdds.server.OzoneProtocolMessageDispatcher.processRequest(OzoneProtocolMessageDispatcher.java:87) [hdds-server-framework-1.4.0-SNAPSHOT.jar:?]
	at org.apache.hadoop.ozone.protocolPB.OzoneManagerProtocolServerSideTranslatorPB.submitRequest(OzoneManagerProtocolServerSideTranslatorPB.java:147) [ozone-manager-1.4.0-SNAPSHOT.jar:?]
	at org.apache.hadoop.ozone.protocol.proto.OzoneManagerProtocolProtos$OzoneManagerService$2.callBlockingMethod(OzoneManagerProtocolProtos.java) [ozone-interface-client-1.4.0-SNAPSHOT.jar:?]
	at org.apache.hadoop.ipc.ProtobufRpcEngine$Server.processCall(ProtobufRpcEngine.java:484) [hadoop-common-3.3.5.jar:?]
	at org.apache.hadoop.ipc.ProtobufRpcEngine2$Server$ProtoBufRpcInvoker.call(ProtobufRpcEngine2.java:595) [hadoop-common-3.3.5.jar:?]
	at org.apache.hadoop.ipc.ProtobufRpcEngine2$Server$ProtoBufRpcInvoker.call(ProtobufRpcEngine2.java:573) [hadoop-common-3.3.5.jar:?]
	at org.apache.hadoop.ipc.RPC$Server.call(RPC.java:1213) [hadoop-common-3.3.5.jar:?]
	at org.apache.hadoop.ipc.Server$RpcCall.run(Server.java:1089) [hadoop-common-3.3.5.jar:?]
	at org.apache.hadoop.ipc.Server$RpcCall.run(Server.java:1012) [hadoop-common-3.3.5.jar:?]
	at java.security.AccessController.doPrivileged(Native Method) ~[?:1.8.0_362]
	at javax.security.auth.Subject.doAs(Subject.java:422) [?:1.8.0_362]
	at org.apache.hadoop.security.UserGroupInformation.doAs(UserGroupInformation.java:1899) [hadoop-common-3.3.5.jar:?]
	at org.apache.hadoop.ipc.Server$Handler.run(Server.java:3026) [hadoop-common-3.3.5.jar:?]
17:19:59.472 [IPC Server handler 8 on default port 37689] ERROR OMAudit - user=runner | ip=127.0.0.1 | op=GET_FILE_STATUS {volume=volume96095, bucket=bucket29928, key=testBatchDelete/parent/child0, dataSize=0, replicationConfig=null} | ret=FAILURE
org.apache.hadoop.ozone.om.exceptions.OMException: Unable to get file status: volume: volume96095 bucket: bucket29928 key: testBatchDelete/parent/child0
	at org.apache.hadoop.ozone.om.KeyManagerImpl.getOzoneFileStatus(KeyManagerImpl.java:1200) ~[ozone-manager-1.4.0-SNAPSHOT.jar:?]
	at org.apache.hadoop.ozone.om.KeyManagerImpl.getFileStatus(KeyManagerImpl.java:1118) ~[ozone-manager-1.4.0-SNAPSHOT.jar:?]
	at org.apache.hadoop.ozone.om.OmMetadataReader.getFileStatus(OmMetadataReader.java:288) ~[ozone-manager-1.4.0-SNAPSHOT.jar:?]
	at org.apache.hadoop.ozone.om.OzoneManager.getFileStatus(OzoneManager.java:3491) ~[ozone-manager-1.4.0-SNAPSHOT.jar:?]
	at org.apache.hadoop.ozone.protocolPB.OzoneManagerRequestHandler.getOzoneFileStatus(OzoneManagerRequestHandler.java:934) ~[ozone-manager-1.4.0-SNAPSHOT.jar:?]
	at org.apache.hadoop.ozone.protocolPB.OzoneManagerRequestHandler.handleReadRequest(OzoneManagerRequestHandler.java:238) ~[ozone-manager-1.4.0-SNAPSHOT.jar:?]
	at org.apache.hadoop.ozone.protocolPB.OzoneManagerProtocolServerSideTranslatorPB.submitRequestDirectlyToOM(OzoneManagerProtocolServerSideTranslatorPB.java:272) ~[ozone-manager-1.4.0-SNAPSHOT.jar:?]
	at org.apache.hadoop.ozone.protocolPB.OzoneManagerProtocolServerSideTranslatorPB.processRequest(OzoneManagerProtocolServerSideTranslatorPB.java:173) ~[ozone-manager-1.4.0-SNAPSHOT.jar:?]
	at org.apache.hadoop.hdds.server.OzoneProtocolMessageDispatcher.processRequest(OzoneProtocolMessageDispatcher.java:87) [hdds-server-framework-1.4.0-SNAPSHOT.jar:?]
	at org.apache.hadoop.ozone.protocolPB.OzoneManagerProtocolServerSideTranslatorPB.submitRequest(OzoneManagerProtocolServerSideTranslatorPB.java:147) [ozone-manager-1.4.0-SNAPSHOT.jar:?]
	at org.apache.hadoop.ozone.protocol.proto.OzoneManagerProtocolProtos$OzoneManagerService$2.callBlockingMethod(OzoneManagerProtocolProtos.java) [ozone-interface-client-1.4.0-SNAPSHOT.jar:?]
	at org.apache.hadoop.ipc.ProtobufRpcEngine$Server.processCall(ProtobufRpcEngine.java:484) [hadoop-common-3.3.5.jar:?]
	at org.apache.hadoop.ipc.ProtobufRpcEngine2$Server$ProtoBufRpcInvoker.call(ProtobufRpcEngine2.java:595) [hadoop-common-3.3.5.jar:?]
	at org.apache.hadoop.ipc.ProtobufRpcEngine2$Server$ProtoBufRpcInvoker.call(ProtobufRpcEngine2.java:573) [hadoop-common-3.3.5.jar:?]
	at org.apache.hadoop.ipc.RPC$Server.call(RPC.java:1213) [hadoop-common-3.3.5.jar:?]
	at org.apache.hadoop.ipc.Server$RpcCall.run(Server.java:1089) [hadoop-common-3.3.5.jar:?]
	at org.apache.hadoop.ipc.Server$RpcCall.run(Server.java:1012) [hadoop-common-3.3.5.jar:?]
	at java.security.AccessController.doPrivileged(Native Method) ~[?:1.8.0_362]
	at javax.security.auth.Subject.doAs(Subject.java:422) [?:1.8.0_362]
	at org.apache.hadoop.security.UserGroupInformation.doAs(UserGroupInformation.java:1899) [hadoop-common-3.3.5.jar:?]
	at org.apache.hadoop.ipc.Server$Handler.run(Server.java:3026) [hadoop-common-3.3.5.jar:?]
17:19:59.473 [IPC Server handler 3 on default port 37689] ERROR OMAudit - user=runner | ip=127.0.0.1 | op=GET_FILE_STATUS {volume=volume96095, bucket=bucket29928, key=testBatchDelete/parent/childFolder/child0, dataSize=0, replicationConfig=null} | ret=FAILURE
org.apache.hadoop.ozone.om.exceptions.OMException: Unable to get file status: volume: volume96095 bucket: bucket29928 key: testBatchDelete/parent/childFolder/child0
	at org.apache.hadoop.ozone.om.KeyManagerImpl.getOzoneFileStatus(KeyManagerImpl.java:1200) ~[ozone-manager-1.4.0-SNAPSHOT.jar:?]
	at org.apache.hadoop.ozone.om.KeyManagerImpl.getFileStatus(KeyManagerImpl.java:1118) ~[ozone-manager-1.4.0-SNAPSHOT.jar:?]
	at org.apache.hadoop.ozone.om.OmMetadataReader.getFileStatus(OmMetadataReader.java:288) ~[ozone-manager-1.4.0-SNAPSHOT.jar:?]
	at org.apache.hadoop.ozone.om.OzoneManager.getFileStatus(OzoneManager.java:3491) ~[ozone-manager-1.4.0-SNAPSHOT.jar:?]
	at org.apache.hadoop.ozone.protocolPB.OzoneManagerRequestHandler.getOzoneFileStatus(OzoneManagerRequestHandler.java:934) ~[ozone-manager-1.4.0-SNAPSHOT.jar:?]
	at org.apache.hadoop.ozone.protocolPB.OzoneManagerRequestHandler.handleReadRequest(OzoneManagerRequestHandler.java:238) ~[ozone-manager-1.4.0-SNAPSHOT.jar:?]
	at org.apache.hadoop.ozone.protocolPB.OzoneManagerProtocolServerSideTranslatorPB.submitRequestDirectlyToOM(OzoneManagerProtocolServerSideTranslatorPB.java:272) ~[ozone-manager-1.4.0-SNAPSHOT.jar:?]
	at org.apache.hadoop.ozone.protocolPB.OzoneManagerProtocolServerSideTranslatorPB.processRequest(OzoneManagerProtocolServerSideTranslatorPB.java:173) ~[ozone-manager-1.4.0-SNAPSHOT.jar:?]
	at org.apache.hadoop.hdds.server.OzoneProtocolMessageDispatcher.processRequest(OzoneProtocolMessageDispatcher.java:87) [hdds-server-framework-1.4.0-SNAPSHOT.jar:?]
	at org.apache.hadoop.ozone.protocolPB.OzoneManagerProtocolServerSideTranslatorPB.submitRequest(OzoneManagerProtocolServerSideTranslatorPB.java:147) [ozone-manager-1.4.0-SNAPSHOT.jar:?]
	at org.apache.hadoop.ozone.protocol.proto.OzoneManagerProtocolProtos$OzoneManagerService$2.callBlockingMethod(OzoneManagerProtocolProtos.java) [ozone-interface-client-1.4.0-SNAPSHOT.jar:?]
	at org.apache.hadoop.ipc.ProtobufRpcEngine$Server.processCall(ProtobufRpcEngine.java:484) [hadoop-common-3.3.5.jar:?]
	at org.apache.hadoop.ipc.ProtobufRpcEngine2$Server$ProtoBufRpcInvoker.call(ProtobufRpcEngine2.java:595) [hadoop-common-3.3.5.jar:?]
	at org.apache.hadoop.ipc.ProtobufRpcEngine2$Server$ProtoBufRpcInvoker.call(ProtobufRpcEngine2.java:573) [hadoop-common-3.3.5.jar:?]
	at org.apache.hadoop.ipc.RPC$Server.call(RPC.java:1213) [hadoop-common-3.3.5.jar:?]
	at org.apache.hadoop.ipc.Server$RpcCall.run(Server.java:1089) [hadoop-common-3.3.5.jar:?]
	at org.apache.hadoop.ipc.Server$RpcCall.run(Server.java:1012) [hadoop-common-3.3.5.jar:?]
	at java.security.AccessController.doPrivileged(Native Method) ~[?:1.8.0_362]
	at javax.security.auth.Subject.doAs(Subject.java:422) [?:1.8.0_362]
	at org.apache.hadoop.security.UserGroupInformation.doAs(UserGroupInformation.java:1899) [hadoop-common-3.3.5.jar:?]
	at org.apache.hadoop.ipc.Server$Handler.run(Server.java:3026) [hadoop-common-3.3.5.jar:?]
17:19:59.474 [IPC Server handler 12 on default port 37689] ERROR OMAudit - user=runner | ip=127.0.0.1 | op=GET_FILE_STATUS {volume=volume96095, bucket=bucket29928, key=testBatchDelete/parent/child1, dataSize=0, replicationConfig=null} | ret=FAILURE
org.apache.hadoop.ozone.om.exceptions.OMException: Unable to get file status: volume: volume96095 bucket: bucket29928 key: testBatchDelete/parent/child1
	at org.apache.hadoop.ozone.om.KeyManagerImpl.getOzoneFileStatus(KeyManagerImpl.java:1200) ~[ozone-manager-1.4.0-SNAPSHOT.jar:?]
	at org.apache.hadoop.ozone.om.KeyManagerImpl.getFileStatus(KeyManagerImpl.java:1118) ~[ozone-manager-1.4.0-SNAPSHOT.jar:?]
	at org.apache.hadoop.ozone.om.OmMetadataReader.getFileStatus(OmMetadataReader.java:288) ~[ozone-manager-1.4.0-SNAPSHOT.jar:?]
	at org.apache.hadoop.ozone.om.OzoneManager.getFileStatus(OzoneManager.java:3491) ~[ozone-manager-1.4.0-SNAPSHOT.jar:?]
	at org.apache.hadoop.ozone.protocolPB.OzoneManagerRequestHandler.getOzoneFileStatus(OzoneManagerRequestHandler.java:934) ~[ozone-manager-1.4.0-SNAPSHOT.jar:?]
	at org.apache.hadoop.ozone.protocolPB.OzoneManagerRequestHandler.handleReadRequest(OzoneManagerRequestHandler.java:238) ~[ozone-manager-1.4.0-SNAPSHOT.jar:?]
	at org.apache.hadoop.ozone.protocolPB.OzoneManagerProtocolServerSideTranslatorPB.submitRequestDirectlyToOM(OzoneManagerProtocolServerSideTranslatorPB.java:272) ~[ozone-manager-1.4.0-SNAPSHOT.jar:?]
	at org.apache.hadoop.ozone.protocolPB.OzoneManagerProtocolServerSideTranslatorPB.processRequest(OzoneManagerProtocolServerSideTranslatorPB.java:173) ~[ozone-manager-1.4.0-SNAPSHOT.jar:?]
	at org.apache.hadoop.hdds.server.OzoneProtocolMessageDispatcher.processRequest(OzoneProtocolMessageDispatcher.java:87) [hdds-server-framework-1.4.0-SNAPSHOT.jar:?]
	at org.apache.hadoop.ozone.protocolPB.OzoneManagerProtocolServerSideTranslatorPB.submitRequest(OzoneManagerProtocolServerSideTranslatorPB.java:147) [ozone-manager-1.4.0-SNAPSHOT.jar:?]
	at org.apache.hadoop.ozone.protocol.proto.OzoneManagerProtocolProtos$OzoneManagerService$2.callBlockingMethod(OzoneManagerProtocolProtos.java) [ozone-interface-client-1.4.0-SNAPSHOT.jar:?]
	at org.apache.hadoop.ipc.ProtobufRpcEngine$Server.processCall(ProtobufRpcEngine.java:484) [hadoop-common-3.3.5.jar:?]
	at org.apache.hadoop.ipc.ProtobufRpcEngine2$Server$ProtoBufRpcInvoker.call(ProtobufRpcEngine2.java:595) [hadoop-common-3.3.5.jar:?]
	at org.apache.hadoop.ipc.ProtobufRpcEngine2$Server$ProtoBufRpcInvoker.call(ProtobufRpcEngine2.java:573) [hadoop-common-3.3.5.jar:?]
	at org.apache.hadoop.ipc.RPC$Server.call(RPC.java:1213) [hadoop-common-3.3.5.jar:?]
	at org.apache.hadoop.ipc.Server$RpcCall.run(Server.java:1089) [hadoop-common-3.3.5.jar:?]
	at org.apache.hadoop.ipc.Server$RpcCall.run(Server.java:1012) [hadoop-common-3.3.5.jar:?]
	at java.security.AccessController.doPrivileged(Native Method) ~[?:1.8.0_362]
	at javax.security.auth.Subject.doAs(Subject.java:422) [?:1.8.0_362]
	at org.apache.hadoop.security.UserGroupInformation.doAs(UserGroupInformation.java:1899) [hadoop-common-3.3.5.jar:?]
	at org.apache.hadoop.ipc.Server$Handler.run(Server.java:3026) [hadoop-common-3.3.5.jar:?]
17:19:59.474 [IPC Server handler 11 on default port 37689] ERROR OMAudit - user=runner | ip=127.0.0.1 | op=GET_FILE_STATUS {volume=volume96095, bucket=bucket29928, key=testBatchDelete/parent/childFolder/child1, dataSize=0, replicationConfig=null} | ret=FAILURE
org.apache.hadoop.ozone.om.exceptions.OMException: Unable to get file status: volume: volume96095 bucket: bucket29928 key: testBatchDelete/parent/childFolder/child1
	at org.apache.hadoop.ozone.om.KeyManagerImpl.getOzoneFileStatus(KeyManagerImpl.java:1200) ~[ozone-manager-1.4.0-SNAPSHOT.jar:?]
	at org.apache.hadoop.ozone.om.KeyManagerImpl.getFileStatus(KeyManagerImpl.java:1118) ~[ozone-manager-1.4.0-SNAPSHOT.jar:?]
	at org.apache.hadoop.ozone.om.OmMetadataReader.getFileStatus(OmMetadataReader.java:288) ~[ozone-manager-1.4.0-SNAPSHOT.jar:?]
	at org.apache.hadoop.ozone.om.OzoneManager.getFileStatus(OzoneManager.java:3491) ~[ozone-manager-1.4.0-SNAPSHOT.jar:?]
	at org.apache.hadoop.ozone.protocolPB.OzoneManagerRequestHandler.getOzoneFileStatus(OzoneManagerRequestHandler.java:934) ~[ozone-manager-1.4.0-SNAPSHOT.jar:?]
	at org.apache.hadoop.ozone.protocolPB.OzoneManagerRequestHandler.handleReadRequest(OzoneManagerRequestHandler.java:238) ~[ozone-manager-1.4.0-SNAPSHOT.jar:?]
	at org.apache.hadoop.ozone.protocolPB.OzoneManagerProtocolServerSideTranslatorPB.submitRequestDirectlyToOM(OzoneManagerProtocolServerSideTranslatorPB.java:272) ~[ozone-manager-1.4.0-SNAPSHOT.jar:?]
	at org.apache.hadoop.ozone.protocolPB.OzoneManagerProtocolServerSideTranslatorPB.processRequest(OzoneManagerProtocolServerSideTranslatorPB.java:173) ~[ozone-manager-1.4.0-SNAPSHOT.jar:?]
	at org.apache.hadoop.hdds.server.OzoneProtocolMessageDispatcher.processRequest(OzoneProtocolMessageDispatcher.java:87) [hdds-server-framework-1.4.0-SNAPSHOT.jar:?]
	at org.apache.hadoop.ozone.protocolPB.OzoneManagerProtocolServerSideTranslatorPB.submitRequest(OzoneManagerProtocolServerSideTranslatorPB.java:147) [ozone-manager-1.4.0-SNAPSHOT.jar:?]
	at org.apache.hadoop.ozone.protocol.proto.OzoneManagerProtocolProtos$OzoneManagerService$2.callBlockingMethod(OzoneManagerProtocolProtos.java) [ozone-interface-client-1.4.0-SNAPSHOT.jar:?]
	at org.apache.hadoop.ipc.ProtobufRpcEngine$Server.processCall(ProtobufRpcEngine.java:484) [hadoop-common-3.3.5.jar:?]
	at org.apache.hadoop.ipc.ProtobufRpcEngine2$Server$ProtoBufRpcInvoker.call(ProtobufRpcEngine2.java:595) [hadoop-common-3.3.5.jar:?]
	at org.apache.hadoop.ipc.ProtobufRpcEngine2$Server$ProtoBufRpcInvoker.call(ProtobufRpcEngine2.java:573) [hadoop-common-3.3.5.jar:?]
	at org.apache.hadoop.ipc.RPC$Server.call(RPC.java:1213) [hadoop-common-3.3.5.jar:?]
	at org.apache.hadoop.ipc.Server$RpcCall.run(Server.java:1089) [hadoop-common-3.3.5.jar:?]
	at org.apache.hadoop.ipc.Server$RpcCall.run(Server.java:1012) [hadoop-common-3.3.5.jar:?]
	at java.security.AccessController.doPrivileged(Native Method) ~[?:1.8.0_362]
	at javax.security.auth.Subject.doAs(Subject.java:422) [?:1.8.0_362]
	at org.apache.hadoop.security.UserGroupInformation.doAs(UserGroupInformation.java:1899) [hadoop-common-3.3.5.jar:?]
	at org.apache.hadoop.ipc.Server$Handler.run(Server.java:3026) [hadoop-common-3.3.5.jar:?]
17:19:59.475 [IPC Server handler 6 on default port 37689] ERROR OMAudit - user=runner | ip=127.0.0.1 | op=GET_FILE_STATUS {volume=volume96095, bucket=bucket29928, key=testBatchDelete/parent/child2, dataSize=0, replicationConfig=null} | ret=FAILURE
org.apache.hadoop.ozone.om.exceptions.OMException: Unable to get file status: volume: volume96095 bucket: bucket29928 key: testBatchDelete/parent/child2
	at org.apache.hadoop.ozone.om.KeyManagerImpl.getOzoneFileStatus(KeyManagerImpl.java:1200) ~[ozone-manager-1.4.0-SNAPSHOT.jar:?]
	at org.apache.hadoop.ozone.om.KeyManagerImpl.getFileStatus(KeyManagerImpl.java:1118) ~[ozone-manager-1.4.0-SNAPSHOT.jar:?]
	at org.apache.hadoop.ozone.om.OmMetadataReader.getFileStatus(OmMetadataReader.java:288) ~[ozone-manager-1.4.0-SNAPSHOT.jar:?]
	at org.apache.hadoop.ozone.om.OzoneManager.getFileStatus(OzoneManager.java:3491) ~[ozone-manager-1.4.0-SNAPSHOT.jar:?]
	at org.apache.hadoop.ozone.protocolPB.OzoneManagerRequestHandler.getOzoneFileStatus(OzoneManagerRequestHandler.java:934) ~[ozone-manager-1.4.0-SNAPSHOT.jar:?]
	at org.apache.hadoop.ozone.protocolPB.OzoneManagerRequestHandler.handleReadRequest(OzoneManagerRequestHandler.java:238) ~[ozone-manager-1.4.0-SNAPSHOT.jar:?]
	at org.apache.hadoop.ozone.protocolPB.OzoneManagerProtocolServerSideTranslatorPB.submitRequestDirectlyToOM(OzoneManagerProtocolServerSideTranslatorPB.java:272) ~[ozone-manager-1.4.0-SNAPSHOT.jar:?]
	at org.apache.hadoop.ozone.protocolPB.OzoneManagerProtocolServerSideTranslatorPB.processRequest(OzoneManagerProtocolServerSideTranslatorPB.java:173) ~[ozone-manager-1.4.0-SNAPSHOT.jar:?]
	at org.apache.hadoop.hdds.server.OzoneProtocolMessageDispatcher.processRequest(OzoneProtocolMessageDispatcher.java:87) [hdds-server-framework-1.4.0-SNAPSHOT.jar:?]
	at org.apache.hadoop.ozone.protocolPB.OzoneManagerProtocolServerSideTranslatorPB.submitRequest(OzoneManagerProtocolServerSideTranslatorPB.java:147) [ozone-manager-1.4.0-SNAPSHOT.jar:?]
	at org.apache.hadoop.ozone.protocol.proto.OzoneManagerProtocolProtos$OzoneManagerService$2.callBlockingMethod(OzoneManagerProtocolProtos.java) [ozone-interface-client-1.4.0-SNAPSHOT.jar:?]
	at org.apache.hadoop.ipc.ProtobufRpcEngine$Server.processCall(ProtobufRpcEngine.java:484) [hadoop-common-3.3.5.jar:?]
	at org.apache.hadoop.ipc.ProtobufRpcEngine2$Server$ProtoBufRpcInvoker.call(ProtobufRpcEngine2.java:595) [hadoop-common-3.3.5.jar:?]
	at org.apache.hadoop.ipc.ProtobufRpcEngine2$Server$ProtoBufRpcInvoker.call(ProtobufRpcEngine2.java:573) [hadoop-common-3.3.5.jar:?]
	at org.apache.hadoop.ipc.RPC$Server.call(RPC.java:1213) [hadoop-common-3.3.5.jar:?]
	at org.apache.hadoop.ipc.Server$RpcCall.run(Server.java:1089) [hadoop-common-3.3.5.jar:?]
	at org.apache.hadoop.ipc.Server$RpcCall.run(Server.java:1012) [hadoop-common-3.3.5.jar:?]
	at java.security.AccessController.doPrivileged(Native Method) ~[?:1.8.0_362]
	at javax.security.auth.Subject.doAs(Subject.java:422) [?:1.8.0_362]
	at org.apache.hadoop.security.UserGroupInformation.doAs(UserGroupInformation.java:1899) [hadoop-common-3.3.5.jar:?]
	at org.apache.hadoop.ipc.Server$Handler.run(Server.java:3026) [hadoop-common-3.3.5.jar:?]
17:19:59.476 [IPC Server handler 2 on default port 37689] ERROR OMAudit - user=runner | ip=127.0.0.1 | op=GET_FILE_STATUS {volume=volume96095, bucket=bucket29928, key=testBatchDelete/parent/childFolder/child2, dataSize=0, replicationConfig=null} | ret=FAILURE
org.apache.hadoop.ozone.om.exceptions.OMException: Unable to get file status: volume: volume96095 bucket: bucket29928 key: testBatchDelete/parent/childFolder/child2
	at org.apache.hadoop.ozone.om.KeyManagerImpl.getOzoneFileStatus(KeyManagerImpl.java:1200) ~[ozone-manager-1.4.0-SNAPSHOT.jar:?]
	at org.apache.hadoop.ozone.om.KeyManagerImpl.getFileStatus(KeyManagerImpl.java:1118) ~[ozone-manager-1.4.0-SNAPSHOT.jar:?]
	at org.apache.hadoop.ozone.om.OmMetadataReader.getFileStatus(OmMetadataReader.java:288) ~[ozone-manager-1.4.0-SNAPSHOT.jar:?]
	at org.apache.hadoop.ozone.om.OzoneManager.getFileStatus(OzoneManager.java:3491) ~[ozone-manager-1.4.0-SNAPSHOT.jar:?]
	at org.apache.hadoop.ozone.protocolPB.OzoneManagerRequestHandler.getOzoneFileStatus(OzoneManagerRequestHandler.java:934) ~[ozone-manager-1.4.0-SNAPSHOT.jar:?]
	at org.apache.hadoop.ozone.protocolPB.OzoneManagerRequestHandler.handleReadRequest(OzoneManagerRequestHandler.java:238) ~[ozone-manager-1.4.0-SNAPSHOT.jar:?]
	at org.apache.hadoop.ozone.protocolPB.OzoneManagerProtocolServerSideTranslatorPB.submitRequestDirectlyToOM(OzoneManagerProtocolServerSideTranslatorPB.java:272) ~[ozone-manager-1.4.0-SNAPSHOT.jar:?]
	at org.apache.hadoop.ozone.protocolPB.OzoneManagerProtocolServerSideTranslatorPB.processRequest(OzoneManagerProtocolServerSideTranslatorPB.java:173) ~[ozone-manager-1.4.0-SNAPSHOT.jar:?]
	at org.apache.hadoop.hdds.server.OzoneProtocolMessageDispatcher.processRequest(OzoneProtocolMessageDispatcher.java:87) [hdds-server-framework-1.4.0-SNAPSHOT.jar:?]
	at org.apache.hadoop.ozone.protocolPB.OzoneManagerProtocolServerSideTranslatorPB.submitRequest(OzoneManagerProtocolServerSideTranslatorPB.java:147) [ozone-manager-1.4.0-SNAPSHOT.jar:?]
	at org.apache.hadoop.ozone.protocol.proto.OzoneManagerProtocolProtos$OzoneManagerService$2.callBlockingMethod(OzoneManagerProtocolProtos.java) [ozone-interface-client-1.4.0-SNAPSHOT.jar:?]
	at org.apache.hadoop.ipc.ProtobufRpcEngine$Server.processCall(ProtobufRpcEngine.java:484) [hadoop-common-3.3.5.jar:?]
	at org.apache.hadoop.ipc.ProtobufRpcEngine2$Server$ProtoBufRpcInvoker.call(ProtobufRpcEngine2.java:595) [hadoop-common-3.3.5.jar:?]
	at org.apache.hadoop.ipc.ProtobufRpcEngine2$Server$ProtoBufRpcInvoker.call(ProtobufRpcEngine2.java:573) [hadoop-common-3.3.5.jar:?]
	at org.apache.hadoop.ipc.RPC$Server.call(RPC.java:1213) [hadoop-common-3.3.5.jar:?]
	at org.apache.hadoop.ipc.Server$RpcCall.run(Server.java:1089) [hadoop-common-3.3.5.jar:?]
	at org.apache.hadoop.ipc.Server$RpcCall.run(Server.java:1012) [hadoop-common-3.3.5.jar:?]
	at java.security.AccessController.doPrivileged(Native Method) ~[?:1.8.0_362]
	at javax.security.auth.Subject.doAs(Subject.java:422) [?:1.8.0_362]
	at org.apache.hadoop.security.UserGroupInformation.doAs(UserGroupInformation.java:1899) [hadoop-common-3.3.5.jar:?]
	at org.apache.hadoop.ipc.Server$Handler.run(Server.java:3026) [hadoop-common-3.3.5.jar:?]
17:19:59.476 [IPC Server handler 1 on default port 37689] ERROR OMAudit - user=runner | ip=127.0.0.1 | op=GET_FILE_STATUS {volume=volume96095, bucket=bucket29928, key=testBatchDelete/parent/child3, dataSize=0, replicationConfig=null} | ret=FAILURE
org.apache.hadoop.ozone.om.exceptions.OMException: Unable to get file status: volume: volume96095 bucket: bucket29928 key: testBatchDelete/parent/child3
	at org.apache.hadoop.ozone.om.KeyManagerImpl.getOzoneFileStatus(KeyManagerImpl.java:1200) ~[ozone-manager-1.4.0-SNAPSHOT.jar:?]
	at org.apache.hadoop.ozone.om.KeyManagerImpl.getFileStatus(KeyManagerImpl.java:1118) ~[ozone-manager-1.4.0-SNAPSHOT.jar:?]
	at org.apache.hadoop.ozone.om.OmMetadataReader.getFileStatus(OmMetadataReader.java:288) ~[ozone-manager-1.4.0-SNAPSHOT.jar:?]
	at org.apache.hadoop.ozone.om.OzoneManager.getFileStatus(OzoneManager.java:3491) ~[ozone-manager-1.4.0-SNAPSHOT.jar:?]
	at org.apache.hadoop.ozone.protocolPB.OzoneManagerRequestHandler.getOzoneFileStatus(OzoneManagerRequestHandler.java:934) ~[ozone-manager-1.4.0-SNAPSHOT.jar:?]
	at org.apache.hadoop.ozone.protocolPB.OzoneManagerRequestHandler.handleReadRequest(OzoneManagerRequestHandler.java:238) ~[ozone-manager-1.4.0-SNAPSHOT.jar:?]
	at org.apache.hadoop.ozone.protocolPB.OzoneManagerProtocolServerSideTranslatorPB.submitRequestDirectlyToOM(OzoneManagerProtocolServerSideTranslatorPB.java:272) ~[ozone-manager-1.4.0-SNAPSHOT.jar:?]
	at org.apache.hadoop.ozone.protocolPB.OzoneManagerProtocolServerSideTranslatorPB.processRequest(OzoneManagerProtocolServerSideTranslatorPB.java:173) ~[ozone-manager-1.4.0-SNAPSHOT.jar:?]
	at org.apache.hadoop.hdds.server.OzoneProtocolMessageDispatcher.processRequest(OzoneProtocolMessageDispatcher.java:87) [hdds-server-framework-1.4.0-SNAPSHOT.jar:?]
	at org.apache.hadoop.ozone.protocolPB.OzoneManagerProtocolServerSideTranslatorPB.submitRequest(OzoneManagerProtocolServerSideTranslatorPB.java:147) [ozone-manager-1.4.0-SNAPSHOT.jar:?]
	at org.apache.hadoop.ozone.protocol.proto.OzoneManagerProtocolProtos$OzoneManagerService$2.callBlockingMethod(OzoneManagerProtocolProtos.java) [ozone-interface-client-1.4.0-SNAPSHOT.jar:?]
	at org.apache.hadoop.ipc.ProtobufRpcEngine$Server.processCall(ProtobufRpcEngine.java:484) [hadoop-common-3.3.5.jar:?]
	at org.apache.hadoop.ipc.ProtobufRpcEngine2$Server$ProtoBufRpcInvoker.call(ProtobufRpcEngine2.java:595) [hadoop-common-3.3.5.jar:?]
	at org.apache.hadoop.ipc.ProtobufRpcEngine2$Server$ProtoBufRpcInvoker.call(ProtobufRpcEngine2.java:573) [hadoop-common-3.3.5.jar:?]
	at org.apache.hadoop.ipc.RPC$Server.call(RPC.java:1213) [hadoop-common-3.3.5.jar:?]
	at org.apache.hadoop.ipc.Server$RpcCall.run(Server.java:1089) [hadoop-common-3.3.5.jar:?]
	at org.apache.hadoop.ipc.Server$RpcCall.run(Server.java:1012) [hadoop-common-3.3.5.jar:?]
	at java.security.AccessController.doPrivileged(Native Method) ~[?:1.8.0_362]
	at javax.security.auth.Subject.doAs(Subject.java:422) [?:1.8.0_362]
	at org.apache.hadoop.security.UserGroupInformation.doAs(UserGroupInformation.java:1899) [hadoop-common-3.3.5.jar:?]
	at org.apache.hadoop.ipc.Server$Handler.run(Server.java:3026) [hadoop-common-3.3.5.jar:?]
17:19:59.477 [IPC Server handler 4 on default port 37689] ERROR OMAudit - user=runner | ip=127.0.0.1 | op=GET_FILE_STATUS {volume=volume96095, bucket=bucket29928, key=testBatchDelete/parent/childFolder/child3, dataSize=0, replicationConfig=null} | ret=FAILURE
org.apache.hadoop.ozone.om.exceptions.OMException: Unable to get file status: volume: volume96095 bucket: bucket29928 key: testBatchDelete/parent/childFolder/child3
	at org.apache.hadoop.ozone.om.KeyManagerImpl.getOzoneFileStatus(KeyManagerImpl.java:1200) ~[ozone-manager-1.4.0-SNAPSHOT.jar:?]
	at org.apache.hadoop.ozone.om.KeyManagerImpl.getFileStatus(KeyManagerImpl.java:1118) ~[ozone-manager-1.4.0-SNAPSHOT.jar:?]
	at org.apache.hadoop.ozone.om.OmMetadataReader.getFileStatus(OmMetadataReader.java:288) ~[ozone-manager-1.4.0-SNAPSHOT.jar:?]
	at org.apache.hadoop.ozone.om.OzoneManager.getFileStatus(OzoneManager.java:3491) ~[ozone-manager-1.4.0-SNAPSHOT.jar:?]
	at org.apache.hadoop.ozone.protocolPB.OzoneManagerRequestHandler.getOzoneFileStatus(OzoneManagerRequestHandler.java:934) ~[ozone-manager-1.4.0-SNAPSHOT.jar:?]
	at org.apache.hadoop.ozone.protocolPB.OzoneManagerRequestHandler.handleReadRequest(OzoneManagerRequestHandler.java:238) ~[ozone-manager-1.4.0-SNAPSHOT.jar:?]
	at org.apache.hadoop.ozone.protocolPB.OzoneManagerProtocolServerSideTranslatorPB.submitRequestDirectlyToOM(OzoneManagerProtocolServerSideTranslatorPB.java:272) ~[ozone-manager-1.4.0-SNAPSHOT.jar:?]
	at org.apache.hadoop.ozone.protocolPB.OzoneManagerProtocolServerSideTranslatorPB.processRequest(OzoneManagerProtocolServerSideTranslatorPB.java:173) ~[ozone-manager-1.4.0-SNAPSHOT.jar:?]
	at org.apache.hadoop.hdds.server.OzoneProtocolMessageDispatcher.processRequest(OzoneProtocolMessageDispatcher.java:87) [hdds-server-framework-1.4.0-SNAPSHOT.jar:?]
	at org.apache.hadoop.ozone.protocolPB.OzoneManagerProtocolServerSideTranslatorPB.submitRequest(OzoneManagerProtocolServerSideTranslatorPB.java:147) [ozone-manager-1.4.0-SNAPSHOT.jar:?]
	at org.apache.hadoop.ozone.protocol.proto.OzoneManagerProtocolProtos$OzoneManagerService$2.callBlockingMethod(OzoneManagerProtocolProtos.java) [ozone-interface-client-1.4.0-SNAPSHOT.jar:?]
	at org.apache.hadoop.ipc.ProtobufRpcEngine$Server.processCall(ProtobufRpcEngine.java:484) [hadoop-common-3.3.5.jar:?]
	at org.apache.hadoop.ipc.ProtobufRpcEngine2$Server$ProtoBufRpcInvoker.call(ProtobufRpcEngine2.java:595) [hadoop-common-3.3.5.jar:?]
	at org.apache.hadoop.ipc.ProtobufRpcEngine2$Server$ProtoBufRpcInvoker.call(ProtobufRpcEngine2.java:573) [hadoop-common-3.3.5.jar:?]
	at org.apache.hadoop.ipc.RPC$Server.call(RPC.java:1213) [hadoop-common-3.3.5.jar:?]
	at org.apache.hadoop.ipc.Server$RpcCall.run(Server.java:1089) [hadoop-common-3.3.5.jar:?]
	at org.apache.hadoop.ipc.Server$RpcCall.run(Server.java:1012) [hadoop-common-3.3.5.jar:?]
	at java.security.AccessController.doPrivileged(Native Method) ~[?:1.8.0_362]
	at javax.security.auth.Subject.doAs(Subject.java:422) [?:1.8.0_362]
	at org.apache.hadoop.security.UserGroupInformation.doAs(UserGroupInformation.java:1899) [hadoop-common-3.3.5.jar:?]
	at org.apache.hadoop.ipc.Server$Handler.run(Server.java:3026) [hadoop-common-3.3.5.jar:?]
17:19:59.478 [IPC Server handler 0 on default port 37689] ERROR OMAudit - user=runner | ip=127.0.0.1 | op=GET_FILE_STATUS {volume=volume96095, bucket=bucket29928, key=testBatchDelete/parent/child4, dataSize=0, replicationConfig=null} | ret=FAILURE
org.apache.hadoop.ozone.om.exceptions.OMException: Unable to get file status: volume: volume96095 bucket: bucket29928 key: testBatchDelete/parent/child4
	at org.apache.hadoop.ozone.om.KeyManagerImpl.getOzoneFileStatus(KeyManagerImpl.java:1200) ~[ozone-manager-1.4.0-SNAPSHOT.jar:?]
	at org.apache.hadoop.ozone.om.KeyManagerImpl.getFileStatus(KeyManagerImpl.java:1118) ~[ozone-manager-1.4.0-SNAPSHOT.jar:?]
	at org.apache.hadoop.ozone.om.OmMetadataReader.getFileStatus(OmMetadataReader.java:288) ~[ozone-manager-1.4.0-SNAPSHOT.jar:?]
	at org.apache.hadoop.ozone.om.OzoneManager.getFileStatus(OzoneManager.java:3491) ~[ozone-manager-1.4.0-SNAPSHOT.jar:?]
	at org.apache.hadoop.ozone.protocolPB.OzoneManagerRequestHandler.getOzoneFileStatus(OzoneManagerRequestHandler.java:934) ~[ozone-manager-1.4.0-SNAPSHOT.jar:?]
	at org.apache.hadoop.ozone.protocolPB.OzoneManagerRequestHandler.handleReadRequest(OzoneManagerRequestHandler.java:238) ~[ozone-manager-1.4.0-SNAPSHOT.jar:?]
	at org.apache.hadoop.ozone.protocolPB.OzoneManagerProtocolServerSideTranslatorPB.submitRequestDirectlyToOM(OzoneManagerProtocolServerSideTranslatorPB.java:272) ~[ozone-manager-1.4.0-SNAPSHOT.jar:?]
	at org.apache.hadoop.ozone.protocolPB.OzoneManagerProtocolServerSideTranslatorPB.processRequest(OzoneManagerProtocolServerSideTranslatorPB.java:173) ~[ozone-manager-1.4.0-SNAPSHOT.jar:?]
	at org.apache.hadoop.hdds.server.OzoneProtocolMessageDispatcher.processRequest(OzoneProtocolMessageDispatcher.java:87) [hdds-server-framework-1.4.0-SNAPSHOT.jar:?]
	at org.apache.hadoop.ozone.protocolPB.OzoneManagerProtocolServerSideTranslatorPB.submitRequest(OzoneManagerProtocolServerSideTranslatorPB.java:147) [ozone-manager-1.4.0-SNAPSHOT.jar:?]
	at org.apache.hadoop.ozone.protocol.proto.OzoneManagerProtocolProtos$OzoneManagerService$2.callBlockingMethod(OzoneManagerProtocolProtos.java) [ozone-interface-client-1.4.0-SNAPSHOT.jar:?]
	at org.apache.hadoop.ipc.ProtobufRpcEngine$Server.processCall(ProtobufRpcEngine.java:484) [hadoop-common-3.3.5.jar:?]
	at org.apache.hadoop.ipc.ProtobufRpcEngine2$Server$ProtoBufRpcInvoker.call(ProtobufRpcEngine2.java:595) [hadoop-common-3.3.5.jar:?]
	at org.apache.hadoop.ipc.ProtobufRpcEngine2$Server$ProtoBufRpcInvoker.call(ProtobufRpcEngine2.java:573) [hadoop-common-3.3.5.jar:?]
	at org.apache.hadoop.ipc.RPC$Server.call(RPC.java:1213) [hadoop-common-3.3.5.jar:?]
	at org.apache.hadoop.ipc.Server$RpcCall.run(Server.java:1089) [hadoop-common-3.3.5.jar:?]
	at org.apache.hadoop.ipc.Server$RpcCall.run(Server.java:1012) [hadoop-common-3.3.5.jar:?]
	at java.security.AccessController.doPrivileged(Native Method) ~[?:1.8.0_362]
	at javax.security.auth.Subject.doAs(Subject.java:422) [?:1.8.0_362]
	at org.apache.hadoop.security.UserGroupInformation.doAs(UserGroupInformation.java:1899) [hadoop-common-3.3.5.jar:?]
	at org.apache.hadoop.ipc.Server$Handler.run(Server.java:3026) [hadoop-common-3.3.5.jar:?]
17:19:59.478 [IPC Server handler 5 on default port 37689] ERROR OMAudit - user=runner | ip=127.0.0.1 | op=GET_FILE_STATUS {volume=volume96095, bucket=bucket29928, key=testBatchDelete/parent/childFolder/child4, dataSize=0, replicationConfig=null} | ret=FAILURE
org.apache.hadoop.ozone.om.exceptions.OMException: Unable to get file status: volume: volume96095 bucket: bucket29928 key: testBatchDelete/parent/childFolder/child4
	at org.apache.hadoop.ozone.om.KeyManagerImpl.getOzoneFileStatus(KeyManagerImpl.java:1200) ~[ozone-manager-1.4.0-SNAPSHOT.jar:?]
	at org.apache.hadoop.ozone.om.KeyManagerImpl.getFileStatus(KeyManagerImpl.java:1118) ~[ozone-manager-1.4.0-SNAPSHOT.jar:?]
	at org.apache.hadoop.ozone.om.OmMetadataReader.getFileStatus(OmMetadataReader.java:288) ~[ozone-manager-1.4.0-SNAPSHOT.jar:?]
	at org.apache.hadoop.ozone.om.OzoneManager.getFileStatus(OzoneManager.java:3491) ~[ozone-manager-1.4.0-SNAPSHOT.jar:?]
	at org.apache.hadoop.ozone.protocolPB.OzoneManagerRequestHandler.getOzoneFileStatus(OzoneManagerRequestHandler.java:934) ~[ozone-manager-1.4.0-SNAPSHOT.jar:?]
	at org.apache.hadoop.ozone.protocolPB.OzoneManagerRequestHandler.handleReadRequest(OzoneManagerRequestHandler.java:238) ~[ozone-manager-1.4.0-SNAPSHOT.jar:?]
	at org.apache.hadoop.ozone.protocolPB.OzoneManagerProtocolServerSideTranslatorPB.submitRequestDirectlyToOM(OzoneManagerProtocolServerSideTranslatorPB.java:272) ~[ozone-manager-1.4.0-SNAPSHOT.jar:?]
	at org.apache.hadoop.ozone.protocolPB.OzoneManagerProtocolServerSideTranslatorPB.processRequest(OzoneManagerProtocolServerSideTranslatorPB.java:173) ~[ozone-manager-1.4.0-SNAPSHOT.jar:?]
	at org.apache.hadoop.hdds.server.OzoneProtocolMessageDispatcher.processRequest(OzoneProtocolMessageDispatcher.java:87) [hdds-server-framework-1.4.0-SNAPSHOT.jar:?]
	at org.apache.hadoop.ozone.protocolPB.OzoneManagerProtocolServerSideTranslatorPB.submitRequest(OzoneManagerProtocolServerSideTranslatorPB.java:147) [ozone-manager-1.4.0-SNAPSHOT.jar:?]
	at org.apache.hadoop.ozone.protocol.proto.OzoneManagerProtocolProtos$OzoneManagerService$2.callBlockingMethod(OzoneManagerProtocolProtos.java) [ozone-interface-client-1.4.0-SNAPSHOT.jar:?]
	at org.apache.hadoop.ipc.ProtobufRpcEngine$Server.processCall(ProtobufRpcEngine.java:484) [hadoop-common-3.3.5.jar:?]
	at org.apache.hadoop.ipc.ProtobufRpcEngine2$Server$ProtoBufRpcInvoker.call(ProtobufRpcEngine2.java:595) [hadoop-common-3.3.5.jar:?]
	at org.apache.hadoop.ipc.ProtobufRpcEngine2$Server$ProtoBufRpcInvoker.call(ProtobufRpcEngine2.java:573) [hadoop-common-3.3.5.jar:?]
	at org.apache.hadoop.ipc.RPC$Server.call(RPC.java:1213) [hadoop-common-3.3.5.jar:?]
	at org.apache.hadoop.ipc.Server$RpcCall.run(Server.java:1089) [hadoop-common-3.3.5.jar:?]
	at org.apache.hadoop.ipc.Server$RpcCall.run(Server.java:1012) [hadoop-common-3.3.5.jar:?]
	at java.security.AccessController.doPrivileged(Native Method) ~[?:1.8.0_362]
	at javax.security.auth.Subject.doAs(Subject.java:422) [?:1.8.0_362]
	at org.apache.hadoop.security.UserGroupInformation.doAs(UserGroupInformation.java:1899) [hadoop-common-3.3.5.jar:?]
	at org.apache.hadoop.ipc.Server$Handler.run(Server.java:3026) [hadoop-common-3.3.5.jar:?]
17:19:59.479 [IPC Server handler 14 on default port 37689] ERROR OMAudit - user=runner | ip=127.0.0.1 | op=GET_FILE_STATUS {volume=volume96095, bucket=bucket29928, key=testBatchDelete/parent/child5, dataSize=0, replicationConfig=null} | ret=FAILURE
org.apache.hadoop.ozone.om.exceptions.OMException: Unable to get file status: volume: volume96095 bucket: bucket29928 key: testBatchDelete/parent/child5
	at org.apache.hadoop.ozone.om.KeyManagerImpl.getOzoneFileStatus(KeyManagerImpl.java:1200) ~[ozone-manager-1.4.0-SNAPSHOT.jar:?]
	at org.apache.hadoop.ozone.om.KeyManagerImpl.getFileStatus(KeyManagerImpl.java:1118) ~[ozone-manager-1.4.0-SNAPSHOT.jar:?]
	at org.apache.hadoop.ozone.om.OmMetadataReader.getFileStatus(OmMetadataReader.java:288) ~[ozone-manager-1.4.0-SNAPSHOT.jar:?]
	at org.apache.hadoop.ozone.om.OzoneManager.getFileStatus(OzoneManager.java:3491) ~[ozone-manager-1.4.0-SNAPSHOT.jar:?]
	at org.apache.hadoop.ozone.protocolPB.OzoneManagerRequestHandler.getOzoneFileStatus(OzoneManagerRequestHandler.java:934) ~[ozone-manager-1.4.0-SNAPSHOT.jar:?]
	at org.apache.hadoop.ozone.protocolPB.OzoneManagerRequestHandler.handleReadRequest(OzoneManagerRequestHandler.java:238) ~[ozone-manager-1.4.0-SNAPSHOT.jar:?]
	at org.apache.hadoop.ozone.protocolPB.OzoneManagerProtocolServerSideTranslatorPB.submitRequestDirectlyToOM(OzoneManagerProtocolServerSideTranslatorPB.java:272) ~[ozone-manager-1.4.0-SNAPSHOT.jar:?]
	at org.apache.hadoop.ozone.protocolPB.OzoneManagerProtocolServerSideTranslatorPB.processRequest(OzoneManagerProtocolServerSideTranslatorPB.java:173) ~[ozone-manager-1.4.0-SNAPSHOT.jar:?]
	at org.apache.hadoop.hdds.server.OzoneProtocolMessageDispatcher.processRequest(OzoneProtocolMessageDispatcher.java:87) [hdds-server-framework-1.4.0-SNAPSHOT.jar:?]
	at org.apache.hadoop.ozone.protocolPB.OzoneManagerProtocolServerSideTranslatorPB.submitRequest(OzoneManagerProtocolServerSideTranslatorPB.java:147) [ozone-manager-1.4.0-SNAPSHOT.jar:?]
	at org.apache.hadoop.ozone.protocol.proto.OzoneManagerProtocolProtos$OzoneManagerService$2.callBlockingMethod(OzoneManagerProtocolProtos.java) [ozone-interface-client-1.4.0-SNAPSHOT.jar:?]
	at org.apache.hadoop.ipc.ProtobufRpcEngine$Server.processCall(ProtobufRpcEngine.java:484) [hadoop-common-3.3.5.jar:?]
	at org.apache.hadoop.ipc.ProtobufRpcEngine2$Server$ProtoBufRpcInvoker.call(ProtobufRpcEngine2.java:595) [hadoop-common-3.3.5.jar:?]
	at org.apache.hadoop.ipc.ProtobufRpcEngine2$Server$ProtoBufRpcInvoker.call(ProtobufRpcEngine2.java:573) [hadoop-common-3.3.5.jar:?]
	at org.apache.hadoop.ipc.RPC$Server.call(RPC.java:1213) [hadoop-common-3.3.5.jar:?]
	at org.apache.hadoop.ipc.Server$RpcCall.run(Server.java:1089) [hadoop-common-3.3.5.jar:?]
	at org.apache.hadoop.ipc.Server$RpcCall.run(Server.java:1012) [hadoop-common-3.3.5.jar:?]
	at java.security.AccessController.doPrivileged(Native Method) ~[?:1.8.0_362]
	at javax.security.auth.Subject.doAs(Subject.java:422) [?:1.8.0_362]
	at org.apache.hadoop.security.UserGroupInformation.doAs(UserGroupInformation.java:1899) [hadoop-common-3.3.5.jar:?]
	at org.apache.hadoop.ipc.Server$Handler.run(Server.java:3026) [hadoop-common-3.3.5.jar:?]
17:19:59.480 [IPC Server handler 15 on default port 37689] ERROR OMAudit - user=runner | ip=127.0.0.1 | op=GET_FILE_STATUS {volume=volume96095, bucket=bucket29928, key=testBatchDelete/parent/childFolder/child5, dataSize=0, replicationConfig=null} | ret=FAILURE
org.apache.hadoop.ozone.om.exceptions.OMException: Unable to get file status: volume: volume96095 bucket: bucket29928 key: testBatchDelete/parent/childFolder/child5
	at org.apache.hadoop.ozone.om.KeyManagerImpl.getOzoneFileStatus(KeyManagerImpl.java:1200) ~[ozone-manager-1.4.0-SNAPSHOT.jar:?]
	at org.apache.hadoop.ozone.om.KeyManagerImpl.getFileStatus(KeyManagerImpl.java:1118) ~[ozone-manager-1.4.0-SNAPSHOT.jar:?]
	at org.apache.hadoop.ozone.om.OmMetadataReader.getFileStatus(OmMetadataReader.java:288) ~[ozone-manager-1.4.0-SNAPSHOT.jar:?]
	at org.apache.hadoop.ozone.om.OzoneManager.getFileStatus(OzoneManager.java:3491) ~[ozone-manager-1.4.0-SNAPSHOT.jar:?]
	at org.apache.hadoop.ozone.protocolPB.OzoneManagerRequestHandler.getOzoneFileStatus(OzoneManagerRequestHandler.java:934) ~[ozone-manager-1.4.0-SNAPSHOT.jar:?]
	at org.apache.hadoop.ozone.protocolPB.OzoneManagerRequestHandler.handleReadRequest(OzoneManagerRequestHandler.java:238) ~[ozone-manager-1.4.0-SNAPSHOT.jar:?]
	at org.apache.hadoop.ozone.protocolPB.OzoneManagerProtocolServerSideTranslatorPB.submitRequestDirectlyToOM(OzoneManagerProtocolServerSideTranslatorPB.java:272) ~[ozone-manager-1.4.0-SNAPSHOT.jar:?]
	at org.apache.hadoop.ozone.protocolPB.OzoneManagerProtocolServerSideTranslatorPB.processRequest(OzoneManagerProtocolServerSideTranslatorPB.java:173) ~[ozone-manager-1.4.0-SNAPSHOT.jar:?]
	at org.apache.hadoop.hdds.server.OzoneProtocolMessageDispatcher.processRequest(OzoneProtocolMessageDispatcher.java:87) [hdds-server-framework-1.4.0-SNAPSHOT.jar:?]
	at org.apache.hadoop.ozone.protocolPB.OzoneManagerProtocolServerSideTranslatorPB.submitRequest(OzoneManagerProtocolServerSideTranslatorPB.java:147) [ozone-manager-1.4.0-SNAPSHOT.jar:?]
	at org.apache.hadoop.ozone.protocol.proto.OzoneManagerProtocolProtos$OzoneManagerService$2.callBlockingMethod(OzoneManagerProtocolProtos.java) [ozone-interface-client-1.4.0-SNAPSHOT.jar:?]
	at org.apache.hadoop.ipc.ProtobufRpcEngine$Server.processCall(ProtobufRpcEngine.java:484) [hadoop-common-3.3.5.jar:?]
	at org.apache.hadoop.ipc.ProtobufRpcEngine2$Server$ProtoBufRpcInvoker.call(ProtobufRpcEngine2.java:595) [hadoop-common-3.3.5.jar:?]
	at org.apache.hadoop.ipc.ProtobufRpcEngine2$Server$ProtoBufRpcInvoker.call(ProtobufRpcEngine2.java:573) [hadoop-common-3.3.5.jar:?]
	at org.apache.hadoop.ipc.RPC$Server.call(RPC.java:1213) [hadoop-common-3.3.5.jar:?]
	at org.apache.hadoop.ipc.Server$RpcCall.run(Server.java:1089) [hadoop-common-3.3.5.jar:?]
	at org.apache.hadoop.ipc.Server$RpcCall.run(Server.java:1012) [hadoop-common-3.3.5.jar:?]
	at java.security.AccessController.doPrivileged(Native Method) ~[?:1.8.0_362]
	at javax.security.auth.Subject.doAs(Subject.java:422) [?:1.8.0_362]
	at org.apache.hadoop.security.UserGroupInformation.doAs(UserGroupInformation.java:1899) [hadoop-common-3.3.5.jar:?]
	at org.apache.hadoop.ipc.Server$Handler.run(Server.java:3026) [hadoop-common-3.3.5.jar:?]
17:19:59.483 [IPC Server handler 16 on default port 37689] ERROR OMAudit - user=runner | ip=127.0.0.1 | op=GET_FILE_STATUS {volume=volume96095, bucket=bucket29928, key=testBatchDelete/parent/child6, dataSize=0, replicationConfig=null} | ret=FAILURE
org.apache.hadoop.ozone.om.exceptions.OMException: Unable to get file status: volume: volume96095 bucket: bucket29928 key: testBatchDelete/parent/child6
	at org.apache.hadoop.ozone.om.KeyManagerImpl.getOzoneFileStatus(KeyManagerImpl.java:1200) ~[ozone-manager-1.4.0-SNAPSHOT.jar:?]
	at org.apache.hadoop.ozone.om.KeyManagerImpl.getFileStatus(KeyManagerImpl.java:1118) ~[ozone-manager-1.4.0-SNAPSHOT.jar:?]
	at org.apache.hadoop.ozone.om.OmMetadataReader.getFileStatus(OmMetadataReader.java:288) ~[ozone-manager-1.4.0-SNAPSHOT.jar:?]
	at org.apache.hadoop.ozone.om.OzoneManager.getFileStatus(OzoneManager.java:3491) ~[ozone-manager-1.4.0-SNAPSHOT.jar:?]
	at org.apache.hadoop.ozone.protocolPB.OzoneManagerRequestHandler.getOzoneFileStatus(OzoneManagerRequestHandler.java:934) ~[ozone-manager-1.4.0-SNAPSHOT.jar:?]
	at org.apache.hadoop.ozone.protocolPB.OzoneManagerRequestHandler.handleReadRequest(OzoneManagerRequestHandler.java:238) ~[ozone-manager-1.4.0-SNAPSHOT.jar:?]
	at org.apache.hadoop.ozone.protocolPB.OzoneManagerProtocolServerSideTranslatorPB.submitRequestDirectlyToOM(OzoneManagerProtocolServerSideTranslatorPB.java:272) ~[ozone-manager-1.4.0-SNAPSHOT.jar:?]
	at org.apache.hadoop.ozone.protocolPB.OzoneManagerProtocolServerSideTranslatorPB.processRequest(OzoneManagerProtocolServerSideTranslatorPB.java:173) ~[ozone-manager-1.4.0-SNAPSHOT.jar:?]
	at org.apache.hadoop.hdds.server.OzoneProtocolMessageDispatcher.processRequest(OzoneProtocolMessageDispatcher.java:87) [hdds-server-framework-1.4.0-SNAPSHOT.jar:?]
	at org.apache.hadoop.ozone.protocolPB.OzoneManagerProtocolServerSideTranslatorPB.submitRequest(OzoneManagerProtocolServerSideTranslatorPB.java:147) [ozone-manager-1.4.0-SNAPSHOT.jar:?]
	at org.apache.hadoop.ozone.protocol.proto.OzoneManagerProtocolProtos$OzoneManagerService$2.callBlockingMethod(OzoneManagerProtocolProtos.java) [ozone-interface-client-1.4.0-SNAPSHOT.jar:?]
	at org.apache.hadoop.ipc.ProtobufRpcEngine$Server.processCall(ProtobufRpcEngine.java:484) [hadoop-common-3.3.5.jar:?]
	at org.apache.hadoop.ipc.ProtobufRpcEngine2$Server$ProtoBufRpcInvoker.call(ProtobufRpcEngine2.java:595) [hadoop-common-3.3.5.jar:?]
	at org.apache.hadoop.ipc.ProtobufRpcEngine2$Server$ProtoBufRpcInvoker.call(ProtobufRpcEngine2.java:573) [hadoop-common-3.3.5.jar:?]
	at org.apache.hadoop.ipc.RPC$Server.call(RPC.java:1213) [hadoop-common-3.3.5.jar:?]
	at org.apache.hadoop.ipc.Server$RpcCall.run(Server.java:1089) [hadoop-common-3.3.5.jar:?]
	at org.apache.hadoop.ipc.Server$RpcCall.run(Server.java:1012) [hadoop-common-3.3.5.jar:?]
	at java.security.AccessController.doPrivileged(Native Method) ~[?:1.8.0_362]
	at javax.security.auth.Subject.doAs(Subject.java:422) [?:1.8.0_362]
	at org.apache.hadoop.security.UserGroupInformation.doAs(UserGroupInformation.java:1899) [hadoop-common-3.3.5.jar:?]
	at org.apache.hadoop.ipc.Server$Handler.run(Server.java:3026) [hadoop-common-3.3.5.jar:?]
17:19:59.485 [IPC Server handler 17 on default port 37689] ERROR OMAudit - user=runner | ip=127.0.0.1 | op=GET_FILE_STATUS {volume=volume96095, bucket=bucket29928, key=testBatchDelete/parent/childFolder/child6, dataSize=0, replicationConfig=null} | ret=FAILURE
org.apache.hadoop.ozone.om.exceptions.OMException: Unable to get file status: volume: volume96095 bucket: bucket29928 key: testBatchDelete/parent/childFolder/child6
	at org.apache.hadoop.ozone.om.KeyManagerImpl.getOzoneFileStatus(KeyManagerImpl.java:1200) ~[ozone-manager-1.4.0-SNAPSHOT.jar:?]
	at org.apache.hadoop.ozone.om.KeyManagerImpl.getFileStatus(KeyManagerImpl.java:1118) ~[ozone-manager-1.4.0-SNAPSHOT.jar:?]
	at org.apache.hadoop.ozone.om.OmMetadataReader.getFileStatus(OmMetadataReader.java:288) ~[ozone-manager-1.4.0-SNAPSHOT.jar:?]
	at org.apache.hadoop.ozone.om.OzoneManager.getFileStatus(OzoneManager.java:3491) ~[ozone-manager-1.4.0-SNAPSHOT.jar:?]
	at org.apache.hadoop.ozone.protocolPB.OzoneManagerRequestHandler.getOzoneFileStatus(OzoneManagerRequestHandler.java:934) ~[ozone-manager-1.4.0-SNAPSHOT.jar:?]
	at org.apache.hadoop.ozone.protocolPB.OzoneManagerRequestHandler.handleReadRequest(OzoneManagerRequestHandler.java:238) ~[ozone-manager-1.4.0-SNAPSHOT.jar:?]
	at org.apache.hadoop.ozone.protocolPB.OzoneManagerProtocolServerSideTranslatorPB.submitRequestDirectlyToOM(OzoneManagerProtocolServerSideTranslatorPB.java:272) ~[ozone-manager-1.4.0-SNAPSHOT.jar:?]
	at org.apache.hadoop.ozone.protocolPB.OzoneManagerProtocolServerSideTranslatorPB.processRequest(OzoneManagerProtocolServerSideTranslatorPB.java:173) ~[ozone-manager-1.4.0-SNAPSHOT.jar:?]
	at org.apache.hadoop.hdds.server.OzoneProtocolMessageDispatcher.processRequest(OzoneProtocolMessageDispatcher.java:87) [hdds-server-framework-1.4.0-SNAPSHOT.jar:?]
	at org.apache.hadoop.ozone.protocolPB.OzoneManagerProtocolServerSideTranslatorPB.submitRequest(OzoneManagerProtocolServerSideTranslatorPB.java:147) [ozone-manager-1.4.0-SNAPSHOT.jar:?]
	at org.apache.hadoop.ozone.protocol.proto.OzoneManagerProtocolProtos$OzoneManagerService$2.callBlockingMethod(OzoneManagerProtocolProtos.java) [ozone-interface-client-1.4.0-SNAPSHOT.jar:?]
	at org.apache.hadoop.ipc.ProtobufRpcEngine$Server.processCall(ProtobufRpcEngine.java:484) [hadoop-common-3.3.5.jar:?]
	at org.apache.hadoop.ipc.ProtobufRpcEngine2$Server$ProtoBufRpcInvoker.call(ProtobufRpcEngine2.java:595) [hadoop-common-3.3.5.jar:?]
	at org.apache.hadoop.ipc.ProtobufRpcEngine2$Server$ProtoBufRpcInvoker.call(ProtobufRpcEngine2.java:573) [hadoop-common-3.3.5.jar:?]
	at org.apache.hadoop.ipc.RPC$Server.call(RPC.java:1213) [hadoop-common-3.3.5.jar:?]
	at org.apache.hadoop.ipc.Server$RpcCall.run(Server.java:1089) [hadoop-common-3.3.5.jar:?]
	at org.apache.hadoop.ipc.Server$RpcCall.run(Server.java:1012) [hadoop-common-3.3.5.jar:?]
	at java.security.AccessController.doPrivileged(Native Method) ~[?:1.8.0_362]
	at javax.security.auth.Subject.doAs(Subject.java:422) [?:1.8.0_362]
	at org.apache.hadoop.security.UserGroupInformation.doAs(UserGroupInformation.java:1899) [hadoop-common-3.3.5.jar:?]
	at org.apache.hadoop.ipc.Server$Handler.run(Server.java:3026) [hadoop-common-3.3.5.jar:?]
17:19:59.485 [IPC Server handler 18 on default port 37689] ERROR OMAudit - user=runner | ip=127.0.0.1 | op=GET_FILE_STATUS {volume=volume96095, bucket=bucket29928, key=testBatchDelete/parent/child7, dataSize=0, replicationConfig=null} | ret=FAILURE
org.apache.hadoop.ozone.om.exceptions.OMException: Unable to get file status: volume: volume96095 bucket: bucket29928 key: testBatchDelete/parent/child7
	at org.apache.hadoop.ozone.om.KeyManagerImpl.getOzoneFileStatus(KeyManagerImpl.java:1200) ~[ozone-manager-1.4.0-SNAPSHOT.jar:?]
	at org.apache.hadoop.ozone.om.KeyManagerImpl.getFileStatus(KeyManagerImpl.java:1118) ~[ozone-manager-1.4.0-SNAPSHOT.jar:?]
	at org.apache.hadoop.ozone.om.OmMetadataReader.getFileStatus(OmMetadataReader.java:288) ~[ozone-manager-1.4.0-SNAPSHOT.jar:?]
	at org.apache.hadoop.ozone.om.OzoneManager.getFileStatus(OzoneManager.java:3491) ~[ozone-manager-1.4.0-SNAPSHOT.jar:?]
	at org.apache.hadoop.ozone.protocolPB.OzoneManagerRequestHandler.getOzoneFileStatus(OzoneManagerRequestHandler.java:934) ~[ozone-manager-1.4.0-SNAPSHOT.jar:?]
	at org.apache.hadoop.ozone.protocolPB.OzoneManagerRequestHandler.handleReadRequest(OzoneManagerRequestHandler.java:238) ~[ozone-manager-1.4.0-SNAPSHOT.jar:?]
	at org.apache.hadoop.ozone.protocolPB.OzoneManagerProtocolServerSideTranslatorPB.submitRequestDirectlyToOM(OzoneManagerProtocolServerSideTranslatorPB.java:272) ~[ozone-manager-1.4.0-SNAPSHOT.jar:?]
	at org.apache.hadoop.ozone.protocolPB.OzoneManagerProtocolServerSideTranslatorPB.processRequest(OzoneManagerProtocolServerSideTranslatorPB.java:173) ~[ozone-manager-1.4.0-SNAPSHOT.jar:?]
	at org.apache.hadoop.hdds.server.OzoneProtocolMessageDispatcher.processRequest(OzoneProtocolMessageDispatcher.java:87) [hdds-server-framework-1.4.0-SNAPSHOT.jar:?]
	at org.apache.hadoop.ozone.protocolPB.OzoneManagerProtocolServerSideTranslatorPB.submitRequest(OzoneManagerProtocolServerSideTranslatorPB.java:147) [ozone-manager-1.4.0-SNAPSHOT.jar:?]
	at org.apache.hadoop.ozone.protocol.proto.OzoneManagerProtocolProtos$OzoneManagerService$2.callBlockingMethod(OzoneManagerProtocolProtos.java) [ozone-interface-client-1.4.0-SNAPSHOT.jar:?]
	at org.apache.hadoop.ipc.ProtobufRpcEngine$Server.processCall(ProtobufRpcEngine.java:484) [hadoop-common-3.3.5.jar:?]
	at org.apache.hadoop.ipc.ProtobufRpcEngine2$Server$ProtoBufRpcInvoker.call(ProtobufRpcEngine2.java:595) [hadoop-common-3.3.5.jar:?]
	at org.apache.hadoop.ipc.ProtobufRpcEngine2$Server$ProtoBufRpcInvoker.call(ProtobufRpcEngine2.java:573) [hadoop-common-3.3.5.jar:?]
	at org.apache.hadoop.ipc.RPC$Server.call(RPC.java:1213) [hadoop-common-3.3.5.jar:?]
	at org.apache.hadoop.ipc.Server$RpcCall.run(Server.java:1089) [hadoop-common-3.3.5.jar:?]
	at org.apache.hadoop.ipc.Server$RpcCall.run(Server.java:1012) [hadoop-common-3.3.5.jar:?]
	at java.security.AccessController.doPrivileged(Native Method) ~[?:1.8.0_362]
	at javax.security.auth.Subject.doAs(Subject.java:422) [?:1.8.0_362]
	at org.apache.hadoop.security.UserGroupInformation.doAs(UserGroupInformation.java:1899) [hadoop-common-3.3.5.jar:?]
	at org.apache.hadoop.ipc.Server$Handler.run(Server.java:3026) [hadoop-common-3.3.5.jar:?]
17:19:59.486 [IPC Server handler 7 on default port 37689] ERROR OMAudit - user=runner | ip=127.0.0.1 | op=GET_FILE_STATUS {volume=volume96095, bucket=bucket29928, key=testBatchDelete/parent/childFolder/child7, dataSize=0, replicationConfig=null} | ret=FAILURE
org.apache.hadoop.ozone.om.exceptions.OMException: Unable to get file status: volume: volume96095 bucket: bucket29928 key: testBatchDelete/parent/childFolder/child7
	at org.apache.hadoop.ozone.om.KeyManagerImpl.getOzoneFileStatus(KeyManagerImpl.java:1200) ~[ozone-manager-1.4.0-SNAPSHOT.jar:?]
	at org.apache.hadoop.ozone.om.KeyManagerImpl.getFileStatus(KeyManagerImpl.java:1118) ~[ozone-manager-1.4.0-SNAPSHOT.jar:?]
	at org.apache.hadoop.ozone.om.OmMetadataReader.getFileStatus(OmMetadataReader.java:288) ~[ozone-manager-1.4.0-SNAPSHOT.jar:?]
	at org.apache.hadoop.ozone.om.OzoneManager.getFileStatus(OzoneManager.java:3491) ~[ozone-manager-1.4.0-SNAPSHOT.jar:?]
	at org.apache.hadoop.ozone.protocolPB.OzoneManagerRequestHandler.getOzoneFileStatus(OzoneManagerRequestHandler.java:934) ~[ozone-manager-1.4.0-SNAPSHOT.jar:?]
	at org.apache.hadoop.ozone.protocolPB.OzoneManagerRequestHandler.handleReadRequest(OzoneManagerRequestHandler.java:238) ~[ozone-manager-1.4.0-SNAPSHOT.jar:?]
	at org.apache.hadoop.ozone.protocolPB.OzoneManagerProtocolServerSideTranslatorPB.submitRequestDirectlyToOM(OzoneManagerProtocolServerSideTranslatorPB.java:272) ~[ozone-manager-1.4.0-SNAPSHOT.jar:?]
	at org.apache.hadoop.ozone.protocolPB.OzoneManagerProtocolServerSideTranslatorPB.processRequest(OzoneManagerProtocolServerSideTranslatorPB.java:173) ~[ozone-manager-1.4.0-SNAPSHOT.jar:?]
	at org.apache.hadoop.hdds.server.OzoneProtocolMessageDispatcher.processRequest(OzoneProtocolMessageDispatcher.java:87) [hdds-server-framework-1.4.0-SNAPSHOT.jar:?]
	at org.apache.hadoop.ozone.protocolPB.OzoneManagerProtocolServerSideTranslatorPB.submitRequest(OzoneManagerProtocolServerSideTranslatorPB.java:147) [ozone-manager-1.4.0-SNAPSHOT.jar:?]
	at org.apache.hadoop.ozone.protocol.proto.OzoneManagerProtocolProtos$OzoneManagerService$2.callBlockingMethod(OzoneManagerProtocolProtos.java) [ozone-interface-client-1.4.0-SNAPSHOT.jar:?]
	at org.apache.hadoop.ipc.ProtobufRpcEngine$Server.processCall(ProtobufRpcEngine.java:484) [hadoop-common-3.3.5.jar:?]
	at org.apache.hadoop.ipc.ProtobufRpcEngine2$Server$ProtoBufRpcInvoker.call(ProtobufRpcEngine2.java:595) [hadoop-common-3.3.5.jar:?]
	at org.apache.hadoop.ipc.ProtobufRpcEngine2$Server$ProtoBufRpcInvoker.call(ProtobufRpcEngine2.java:573) [hadoop-common-3.3.5.jar:?]
	at org.apache.hadoop.ipc.RPC$Server.call(RPC.java:1213) [hadoop-common-3.3.5.jar:?]
	at org.apache.hadoop.ipc.Server$RpcCall.run(Server.java:1089) [hadoop-common-3.3.5.jar:?]
	at org.apache.hadoop.ipc.Server$RpcCall.run(Server.java:1012) [hadoop-common-3.3.5.jar:?]
	at java.security.AccessController.doPrivileged(Native Method) ~[?:1.8.0_362]
	at javax.security.auth.Subject.doAs(Subject.java:422) [?:1.8.0_362]
	at org.apache.hadoop.security.UserGroupInformation.doAs(UserGroupInformation.java:1899) [hadoop-common-3.3.5.jar:?]
	at org.apache.hadoop.ipc.Server$Handler.run(Server.java:3026) [hadoop-common-3.3.5.jar:?]
17:19:59.487 [IPC Server handler 9 on default port 37689] ERROR OMAudit - user=runner | ip=127.0.0.1 | op=GET_FILE_STATUS {volume=volume96095, bucket=bucket29928, key=testBatchDelete/parent, dataSize=0, replicationConfig=null} | ret=FAILURE
org.apache.hadoop.ozone.om.exceptions.OMException: Unable to get file status: volume: volume96095 bucket: bucket29928 key: testBatchDelete/parent
	at org.apache.hadoop.ozone.om.KeyManagerImpl.getOzoneFileStatus(KeyManagerImpl.java:1200) ~[ozone-manager-1.4.0-SNAPSHOT.jar:?]
	at org.apache.hadoop.ozone.om.KeyManagerImpl.getFileStatus(KeyManagerImpl.java:1118) ~[ozone-manager-1.4.0-SNAPSHOT.jar:?]
	at org.apache.hadoop.ozone.om.OmMetadataReader.getFileStatus(OmMetadataReader.java:288) ~[ozone-manager-1.4.0-SNAPSHOT.jar:?]
	at org.apache.hadoop.ozone.om.OzoneManager.getFileStatus(OzoneManager.java:3491) ~[ozone-manager-1.4.0-SNAPSHOT.jar:?]
	at org.apache.hadoop.ozone.protocolPB.OzoneManagerRequestHandler.getOzoneFileStatus(OzoneManagerRequestHandler.java:934) ~[ozone-manager-1.4.0-SNAPSHOT.jar:?]
	at org.apache.hadoop.ozone.protocolPB.OzoneManagerRequestHandler.handleReadRequest(OzoneManagerRequestHandler.java:238) ~[ozone-manager-1.4.0-SNAPSHOT.jar:?]
	at org.apache.hadoop.ozone.protocolPB.OzoneManagerProtocolServerSideTranslatorPB.submitRequestDirectlyToOM(OzoneManagerProtocolServerSideTranslatorPB.java:272) ~[ozone-manager-1.4.0-SNAPSHOT.jar:?]
	at org.apache.hadoop.ozone.protocolPB.OzoneManagerProtocolServerSideTranslatorPB.processRequest(OzoneManagerProtocolServerSideTranslatorPB.java:173) ~[ozone-manager-1.4.0-SNAPSHOT.jar:?]
	at org.apache.hadoop.hdds.server.OzoneProtocolMessageDispatcher.processRequest(OzoneProtocolMessageDispatcher.java:87) [hdds-server-framework-1.4.0-SNAPSHOT.jar:?]
	at org.apache.hadoop.ozone.protocolPB.OzoneManagerProtocolServerSideTranslatorPB.submitRequest(OzoneManagerProtocolServerSideTranslatorPB.java:147) [ozone-manager-1.4.0-SNAPSHOT.jar:?]
	at org.apache.hadoop.ozone.protocol.proto.OzoneManagerProtocolProtos$OzoneManagerService$2.callBlockingMethod(OzoneManagerProtocolProtos.java) [ozone-interface-client-1.4.0-SNAPSHOT.jar:?]
	at org.apache.hadoop.ipc.ProtobufRpcEngine$Server.processCall(ProtobufRpcEngine.java:484) [hadoop-common-3.3.5.jar:?]
	at org.apache.hadoop.ipc.ProtobufRpcEngine2$Server$ProtoBufRpcInvoker.call(ProtobufRpcEngine2.java:595) [hadoop-common-3.3.5.jar:?]
	at org.apache.hadoop.ipc.ProtobufRpcEngine2$Server$ProtoBufRpcInvoker.call(ProtobufRpcEngine2.java:573) [hadoop-common-3.3.5.jar:?]
	at org.apache.hadoop.ipc.RPC$Server.call(RPC.java:1213) [hadoop-common-3.3.5.jar:?]
	at org.apache.hadoop.ipc.Server$RpcCall.run(Server.java:1089) [hadoop-common-3.3.5.jar:?]
	at org.apache.hadoop.ipc.Server$RpcCall.run(Server.java:1012) [hadoop-common-3.3.5.jar:?]
	at java.security.AccessController.doPrivileged(Native Method) ~[?:1.8.0_362]
	at javax.security.auth.Subject.doAs(Subject.java:422) [?:1.8.0_362]
	at org.apache.hadoop.security.UserGroupInformation.doAs(UserGroupInformation.java:1899) [hadoop-common-3.3.5.jar:?]
	at org.apache.hadoop.ipc.Server$Handler.run(Server.java:3026) [hadoop-common-3.3.5.jar:?]
2023-04-11 17:19:59,487 [Time-limited test] WARN  ozone.BasicOzoneFileSystem (BasicOzoneFileSystem.java:delete(559)) - delete: Path does not exist: /testBatchDelete/parent
]]></system-out>
  </testcase>
  <testcase name="testListStatusIteratorOnPageSize" classname="TestOzoneFileSystem" time="35.694"/>
  <testcase name="testListStatusIteratorOnPageSize" classname="TestOzoneFileSystem" time="21.416"/>
  <testcase name="testListStatusIteratorOnPageSize" classname="TestOzoneFileSystem" time="25.611"/>
  <testcase name="testListStatusIteratorOnPageSize" classname="TestOzoneFileSystem" time="19.426">
    <system-out><![CDATA[2023-04-11 17:20:16,128 [JvmPauseMonitor17] WARN  util.JvmPauseMonitor (JvmPauseMonitor.java:detectPause(126)) - JvmPauseMonitor-1b86d2c8-07b9-4256-9063-5eaa90b8c67a: Detected pause in JVM or host machine (eg GC): pause of approximately 102516809ns.
GC pool 'PS MarkSweep' had collection(s): count=1 time=470ms
GC pool 'PS Scavenge' had collection(s): count=1 time=71ms
2023-04-11 17:20:16,128 [JvmPauseMonitor21] WARN  util.JvmPauseMonitor (JvmPauseMonitor.java:detectPause(126)) - JvmPauseMonitor-1b760667-28fc-4393-96a7-267a88805411: Detected pause in JVM or host machine (eg GC): pause of approximately 106128177ns.
GC pool 'PS MarkSweep' had collection(s): count=1 time=470ms
GC pool 'PS Scavenge' had collection(s): count=1 time=71ms
2023-04-11 17:20:16,129 [JvmPauseMonitor18] WARN  util.JvmPauseMonitor (JvmPauseMonitor.java:detectPause(126)) - JvmPauseMonitor-1c712de1-3a3e-422e-b3d0-30fcd422e487: Detected pause in JVM or host machine (eg GC): pause of approximately 199058897ns.
GC pool 'PS MarkSweep' had collection(s): count=1 time=470ms
GC pool 'PS Scavenge' had collection(s): count=1 time=71ms
2023-04-11 17:20:16,132 [JvmPauseMonitor19] WARN  util.JvmPauseMonitor (JvmPauseMonitor.java:detectPause(126)) - JvmPauseMonitor-5e693bd7-32aa-42e7-99b2-0294dbaef363: Detected pause in JVM or host machine (eg GC): pause of approximately 310145461ns.
GC pool 'PS MarkSweep' had collection(s): count=1 time=470ms
GC pool 'PS Scavenge' had collection(s): count=1 time=71ms
2023-04-11 17:20:16,133 [JvmPauseMonitor20] WARN  util.JvmPauseMonitor (JvmPauseMonitor.java:detectPause(126)) - JvmPauseMonitor-83a86767-9132-4ec4-b752-470247843358: Detected pause in JVM or host machine (eg GC): pause of approximately 454484271ns.
GC pool 'PS MarkSweep' had collection(s): count=1 time=470ms
GC pool 'PS Scavenge' had collection(s): count=1 time=71ms
]]></system-out>
  </testcase>
  <testcase name="testRenameToTrashEnabled" classname="TestOzoneFileSystem" time="0.143">
    <system-out><![CDATA[17:17:31.768 [IPC Server handler 2 on default port 41353] ERROR OMAudit - user=runner | ip=127.0.0.1 | op=GET_FILE_STATUS {volume=volume52567, bucket=bucket67420, key=.Trash/runner/Current/testKey1, dataSize=0, replicationConfig=null} | ret=FAILURE
org.apache.hadoop.ozone.om.exceptions.OMException: Unable to get file status: volume: volume52567 bucket: bucket67420 key: .Trash/runner/Current/testKey1
	at org.apache.hadoop.ozone.om.KeyManagerImpl.getOzoneFileStatus(KeyManagerImpl.java:1200) ~[ozone-manager-1.4.0-SNAPSHOT.jar:?]
	at org.apache.hadoop.ozone.om.KeyManagerImpl.getFileStatus(KeyManagerImpl.java:1118) ~[ozone-manager-1.4.0-SNAPSHOT.jar:?]
	at org.apache.hadoop.ozone.om.OmMetadataReader.getFileStatus(OmMetadataReader.java:288) ~[ozone-manager-1.4.0-SNAPSHOT.jar:?]
	at org.apache.hadoop.ozone.om.OzoneManager.getFileStatus(OzoneManager.java:3491) ~[ozone-manager-1.4.0-SNAPSHOT.jar:?]
	at org.apache.hadoop.ozone.protocolPB.OzoneManagerRequestHandler.getOzoneFileStatus(OzoneManagerRequestHandler.java:934) ~[ozone-manager-1.4.0-SNAPSHOT.jar:?]
	at org.apache.hadoop.ozone.protocolPB.OzoneManagerRequestHandler.handleReadRequest(OzoneManagerRequestHandler.java:238) ~[ozone-manager-1.4.0-SNAPSHOT.jar:?]
	at org.apache.hadoop.ozone.protocolPB.OzoneManagerProtocolServerSideTranslatorPB.submitReadRequestToOM(OzoneManagerProtocolServerSideTranslatorPB.java:223) ~[ozone-manager-1.4.0-SNAPSHOT.jar:?]
	at org.apache.hadoop.ozone.protocolPB.OzoneManagerProtocolServerSideTranslatorPB.processRequest(OzoneManagerProtocolServerSideTranslatorPB.java:177) ~[ozone-manager-1.4.0-SNAPSHOT.jar:?]
	at org.apache.hadoop.hdds.server.OzoneProtocolMessageDispatcher.processRequest(OzoneProtocolMessageDispatcher.java:87) [hdds-server-framework-1.4.0-SNAPSHOT.jar:?]
	at org.apache.hadoop.ozone.protocolPB.OzoneManagerProtocolServerSideTranslatorPB.submitRequest(OzoneManagerProtocolServerSideTranslatorPB.java:147) [ozone-manager-1.4.0-SNAPSHOT.jar:?]
	at org.apache.hadoop.ozone.protocol.proto.OzoneManagerProtocolProtos$OzoneManagerService$2.callBlockingMethod(OzoneManagerProtocolProtos.java) [ozone-interface-client-1.4.0-SNAPSHOT.jar:?]
	at org.apache.hadoop.ipc.ProtobufRpcEngine$Server.processCall(ProtobufRpcEngine.java:484) [hadoop-common-3.3.5.jar:?]
	at org.apache.hadoop.ipc.ProtobufRpcEngine2$Server$ProtoBufRpcInvoker.call(ProtobufRpcEngine2.java:595) [hadoop-common-3.3.5.jar:?]
	at org.apache.hadoop.ipc.ProtobufRpcEngine2$Server$ProtoBufRpcInvoker.call(ProtobufRpcEngine2.java:573) [hadoop-common-3.3.5.jar:?]
	at org.apache.hadoop.ipc.RPC$Server.call(RPC.java:1213) [hadoop-common-3.3.5.jar:?]
	at org.apache.hadoop.ipc.Server$RpcCall.run(Server.java:1089) [hadoop-common-3.3.5.jar:?]
	at org.apache.hadoop.ipc.Server$RpcCall.run(Server.java:1012) [hadoop-common-3.3.5.jar:?]
	at java.security.AccessController.doPrivileged(Native Method) ~[?:1.8.0_362]
	at javax.security.auth.Subject.doAs(Subject.java:422) [?:1.8.0_362]
	at org.apache.hadoop.security.UserGroupInformation.doAs(UserGroupInformation.java:1899) [hadoop-common-3.3.5.jar:?]
	at org.apache.hadoop.ipc.Server$Handler.run(Server.java:3026) [hadoop-common-3.3.5.jar:?]
17:17:31.772 [IPC Server handler 12 on default port 41353] ERROR OMAudit - user=runner | ip=127.0.0.1 | op=GET_FILE_STATUS {volume=volume52567, bucket=bucket67420, key=.Trash/runner/Current/testKey1, dataSize=0, replicationConfig=null} | ret=FAILURE
org.apache.hadoop.ozone.om.exceptions.OMException: Unable to get file status: volume: volume52567 bucket: bucket67420 key: .Trash/runner/Current/testKey1
	at org.apache.hadoop.ozone.om.KeyManagerImpl.getOzoneFileStatus(KeyManagerImpl.java:1200) ~[ozone-manager-1.4.0-SNAPSHOT.jar:?]
	at org.apache.hadoop.ozone.om.KeyManagerImpl.getFileStatus(KeyManagerImpl.java:1118) ~[ozone-manager-1.4.0-SNAPSHOT.jar:?]
	at org.apache.hadoop.ozone.om.OmMetadataReader.getFileStatus(OmMetadataReader.java:288) ~[ozone-manager-1.4.0-SNAPSHOT.jar:?]
	at org.apache.hadoop.ozone.om.OzoneManager.getFileStatus(OzoneManager.java:3491) ~[ozone-manager-1.4.0-SNAPSHOT.jar:?]
	at org.apache.hadoop.ozone.protocolPB.OzoneManagerRequestHandler.getOzoneFileStatus(OzoneManagerRequestHandler.java:934) ~[ozone-manager-1.4.0-SNAPSHOT.jar:?]
	at org.apache.hadoop.ozone.protocolPB.OzoneManagerRequestHandler.handleReadRequest(OzoneManagerRequestHandler.java:238) ~[ozone-manager-1.4.0-SNAPSHOT.jar:?]
	at org.apache.hadoop.ozone.protocolPB.OzoneManagerProtocolServerSideTranslatorPB.submitReadRequestToOM(OzoneManagerProtocolServerSideTranslatorPB.java:223) ~[ozone-manager-1.4.0-SNAPSHOT.jar:?]
	at org.apache.hadoop.ozone.protocolPB.OzoneManagerProtocolServerSideTranslatorPB.processRequest(OzoneManagerProtocolServerSideTranslatorPB.java:177) ~[ozone-manager-1.4.0-SNAPSHOT.jar:?]
	at org.apache.hadoop.hdds.server.OzoneProtocolMessageDispatcher.processRequest(OzoneProtocolMessageDispatcher.java:87) [hdds-server-framework-1.4.0-SNAPSHOT.jar:?]
	at org.apache.hadoop.ozone.protocolPB.OzoneManagerProtocolServerSideTranslatorPB.submitRequest(OzoneManagerProtocolServerSideTranslatorPB.java:147) [ozone-manager-1.4.0-SNAPSHOT.jar:?]
	at org.apache.hadoop.ozone.protocol.proto.OzoneManagerProtocolProtos$OzoneManagerService$2.callBlockingMethod(OzoneManagerProtocolProtos.java) [ozone-interface-client-1.4.0-SNAPSHOT.jar:?]
	at org.apache.hadoop.ipc.ProtobufRpcEngine$Server.processCall(ProtobufRpcEngine.java:484) [hadoop-common-3.3.5.jar:?]
	at org.apache.hadoop.ipc.ProtobufRpcEngine2$Server$ProtoBufRpcInvoker.call(ProtobufRpcEngine2.java:595) [hadoop-common-3.3.5.jar:?]
	at org.apache.hadoop.ipc.ProtobufRpcEngine2$Server$ProtoBufRpcInvoker.call(ProtobufRpcEngine2.java:573) [hadoop-common-3.3.5.jar:?]
	at org.apache.hadoop.ipc.RPC$Server.call(RPC.java:1213) [hadoop-common-3.3.5.jar:?]
	at org.apache.hadoop.ipc.Server$RpcCall.run(Server.java:1089) [hadoop-common-3.3.5.jar:?]
	at org.apache.hadoop.ipc.Server$RpcCall.run(Server.java:1012) [hadoop-common-3.3.5.jar:?]
	at java.security.AccessController.doPrivileged(Native Method) ~[?:1.8.0_362]
	at javax.security.auth.Subject.doAs(Subject.java:422) [?:1.8.0_362]
	at org.apache.hadoop.security.UserGroupInformation.doAs(UserGroupInformation.java:1899) [hadoop-common-3.3.5.jar:?]
	at org.apache.hadoop.ipc.Server$Handler.run(Server.java:3026) [hadoop-common-3.3.5.jar:?]
2023-04-11 17:17:31,780 [Time-limited test] INFO  om.TrashPolicyOzone (TrashPolicyOzone.java:moveToTrash(209)) - Moved: '/testKey1' to trash at: /.Trash/runner/Current/testKey1
]]></system-out>
  </testcase>
  <testcase name="testRenameToTrashEnabled" classname="TestOzoneFileSystem" time="0.107">
    <system-out><![CDATA[17:18:30.016 [IPC Server handler 7 on default port 38777] ERROR OMAudit - user=runner | ip=127.0.0.1 | op=GET_FILE_STATUS {volume=volume96178, bucket=bucket92903, key=.Trash/runner/Current/testKey1, dataSize=0, replicationConfig=null} | ret=FAILURE
org.apache.hadoop.ozone.om.exceptions.OMException: Unable to get file status: volume: volume96178 bucket: bucket92903 key: .Trash/runner/Current/testKey1
	at org.apache.hadoop.ozone.om.KeyManagerImpl.getOzoneFileStatus(KeyManagerImpl.java:1200) ~[ozone-manager-1.4.0-SNAPSHOT.jar:?]
	at org.apache.hadoop.ozone.om.KeyManagerImpl.getFileStatus(KeyManagerImpl.java:1118) ~[ozone-manager-1.4.0-SNAPSHOT.jar:?]
	at org.apache.hadoop.ozone.om.OmMetadataReader.getFileStatus(OmMetadataReader.java:288) ~[ozone-manager-1.4.0-SNAPSHOT.jar:?]
	at org.apache.hadoop.ozone.om.OzoneManager.getFileStatus(OzoneManager.java:3491) ~[ozone-manager-1.4.0-SNAPSHOT.jar:?]
	at org.apache.hadoop.ozone.protocolPB.OzoneManagerRequestHandler.getOzoneFileStatus(OzoneManagerRequestHandler.java:934) ~[ozone-manager-1.4.0-SNAPSHOT.jar:?]
	at org.apache.hadoop.ozone.protocolPB.OzoneManagerRequestHandler.handleReadRequest(OzoneManagerRequestHandler.java:238) ~[ozone-manager-1.4.0-SNAPSHOT.jar:?]
	at org.apache.hadoop.ozone.protocolPB.OzoneManagerProtocolServerSideTranslatorPB.submitRequestDirectlyToOM(OzoneManagerProtocolServerSideTranslatorPB.java:272) ~[ozone-manager-1.4.0-SNAPSHOT.jar:?]
	at org.apache.hadoop.ozone.protocolPB.OzoneManagerProtocolServerSideTranslatorPB.processRequest(OzoneManagerProtocolServerSideTranslatorPB.java:173) ~[ozone-manager-1.4.0-SNAPSHOT.jar:?]
	at org.apache.hadoop.hdds.server.OzoneProtocolMessageDispatcher.processRequest(OzoneProtocolMessageDispatcher.java:87) [hdds-server-framework-1.4.0-SNAPSHOT.jar:?]
	at org.apache.hadoop.ozone.protocolPB.OzoneManagerProtocolServerSideTranslatorPB.submitRequest(OzoneManagerProtocolServerSideTranslatorPB.java:147) [ozone-manager-1.4.0-SNAPSHOT.jar:?]
	at org.apache.hadoop.ozone.protocol.proto.OzoneManagerProtocolProtos$OzoneManagerService$2.callBlockingMethod(OzoneManagerProtocolProtos.java) [ozone-interface-client-1.4.0-SNAPSHOT.jar:?]
	at org.apache.hadoop.ipc.ProtobufRpcEngine$Server.processCall(ProtobufRpcEngine.java:484) [hadoop-common-3.3.5.jar:?]
	at org.apache.hadoop.ipc.ProtobufRpcEngine2$Server$ProtoBufRpcInvoker.call(ProtobufRpcEngine2.java:595) [hadoop-common-3.3.5.jar:?]
	at org.apache.hadoop.ipc.ProtobufRpcEngine2$Server$ProtoBufRpcInvoker.call(ProtobufRpcEngine2.java:573) [hadoop-common-3.3.5.jar:?]
	at org.apache.hadoop.ipc.RPC$Server.call(RPC.java:1213) [hadoop-common-3.3.5.jar:?]
	at org.apache.hadoop.ipc.Server$RpcCall.run(Server.java:1089) [hadoop-common-3.3.5.jar:?]
	at org.apache.hadoop.ipc.Server$RpcCall.run(Server.java:1012) [hadoop-common-3.3.5.jar:?]
	at java.security.AccessController.doPrivileged(Native Method) ~[?:1.8.0_362]
	at javax.security.auth.Subject.doAs(Subject.java:422) [?:1.8.0_362]
	at org.apache.hadoop.security.UserGroupInformation.doAs(UserGroupInformation.java:1899) [hadoop-common-3.3.5.jar:?]
	at org.apache.hadoop.ipc.Server$Handler.run(Server.java:3026) [hadoop-common-3.3.5.jar:?]
17:18:30.019 [IPC Server handler 8 on default port 38777] ERROR OMAudit - user=runner | ip=127.0.0.1 | op=GET_FILE_STATUS {volume=volume96178, bucket=bucket92903, key=.Trash/runner/Current/testKey1, dataSize=0, replicationConfig=null} | ret=FAILURE
org.apache.hadoop.ozone.om.exceptions.OMException: Unable to get file status: volume: volume96178 bucket: bucket92903 key: .Trash/runner/Current/testKey1
	at org.apache.hadoop.ozone.om.KeyManagerImpl.getOzoneFileStatus(KeyManagerImpl.java:1200) ~[ozone-manager-1.4.0-SNAPSHOT.jar:?]
	at org.apache.hadoop.ozone.om.KeyManagerImpl.getFileStatus(KeyManagerImpl.java:1118) ~[ozone-manager-1.4.0-SNAPSHOT.jar:?]
	at org.apache.hadoop.ozone.om.OmMetadataReader.getFileStatus(OmMetadataReader.java:288) ~[ozone-manager-1.4.0-SNAPSHOT.jar:?]
	at org.apache.hadoop.ozone.om.OzoneManager.getFileStatus(OzoneManager.java:3491) ~[ozone-manager-1.4.0-SNAPSHOT.jar:?]
	at org.apache.hadoop.ozone.protocolPB.OzoneManagerRequestHandler.getOzoneFileStatus(OzoneManagerRequestHandler.java:934) ~[ozone-manager-1.4.0-SNAPSHOT.jar:?]
	at org.apache.hadoop.ozone.protocolPB.OzoneManagerRequestHandler.handleReadRequest(OzoneManagerRequestHandler.java:238) ~[ozone-manager-1.4.0-SNAPSHOT.jar:?]
	at org.apache.hadoop.ozone.protocolPB.OzoneManagerProtocolServerSideTranslatorPB.submitRequestDirectlyToOM(OzoneManagerProtocolServerSideTranslatorPB.java:272) ~[ozone-manager-1.4.0-SNAPSHOT.jar:?]
	at org.apache.hadoop.ozone.protocolPB.OzoneManagerProtocolServerSideTranslatorPB.processRequest(OzoneManagerProtocolServerSideTranslatorPB.java:173) ~[ozone-manager-1.4.0-SNAPSHOT.jar:?]
	at org.apache.hadoop.hdds.server.OzoneProtocolMessageDispatcher.processRequest(OzoneProtocolMessageDispatcher.java:87) [hdds-server-framework-1.4.0-SNAPSHOT.jar:?]
	at org.apache.hadoop.ozone.protocolPB.OzoneManagerProtocolServerSideTranslatorPB.submitRequest(OzoneManagerProtocolServerSideTranslatorPB.java:147) [ozone-manager-1.4.0-SNAPSHOT.jar:?]
	at org.apache.hadoop.ozone.protocol.proto.OzoneManagerProtocolProtos$OzoneManagerService$2.callBlockingMethod(OzoneManagerProtocolProtos.java) [ozone-interface-client-1.4.0-SNAPSHOT.jar:?]
	at org.apache.hadoop.ipc.ProtobufRpcEngine$Server.processCall(ProtobufRpcEngine.java:484) [hadoop-common-3.3.5.jar:?]
	at org.apache.hadoop.ipc.ProtobufRpcEngine2$Server$ProtoBufRpcInvoker.call(ProtobufRpcEngine2.java:595) [hadoop-common-3.3.5.jar:?]
	at org.apache.hadoop.ipc.ProtobufRpcEngine2$Server$ProtoBufRpcInvoker.call(ProtobufRpcEngine2.java:573) [hadoop-common-3.3.5.jar:?]
	at org.apache.hadoop.ipc.RPC$Server.call(RPC.java:1213) [hadoop-common-3.3.5.jar:?]
	at org.apache.hadoop.ipc.Server$RpcCall.run(Server.java:1089) [hadoop-common-3.3.5.jar:?]
	at org.apache.hadoop.ipc.Server$RpcCall.run(Server.java:1012) [hadoop-common-3.3.5.jar:?]
	at java.security.AccessController.doPrivileged(Native Method) ~[?:1.8.0_362]
	at javax.security.auth.Subject.doAs(Subject.java:422) [?:1.8.0_362]
	at org.apache.hadoop.security.UserGroupInformation.doAs(UserGroupInformation.java:1899) [hadoop-common-3.3.5.jar:?]
	at org.apache.hadoop.ipc.Server$Handler.run(Server.java:3026) [hadoop-common-3.3.5.jar:?]
2023-04-11 17:18:30,026 [Time-limited test] INFO  om.TrashPolicyOzone (TrashPolicyOzone.java:moveToTrash(209)) - Moved: '/testKey1' to trash at: /.Trash/runner/Current/testKey1
]]></system-out>
  </testcase>
  <testcase name="testRenameToTrashEnabled" classname="TestOzoneFileSystem" time="0.113">
    <system-out><![CDATA[17:19:25.256 [IPC Server handler 14 on default port 45623] ERROR OMAudit - user=runner | ip=127.0.0.1 | op=GET_FILE_STATUS {volume=volume95537, bucket=bucket59866, key=.Trash/runner/Current/testKey1, dataSize=0, replicationConfig=null} | ret=FAILURE
org.apache.hadoop.ozone.om.exceptions.OMException: Unable to get file status: volume: volume95537 bucket: bucket59866 key: .Trash/runner/Current/testKey1
	at org.apache.hadoop.ozone.om.KeyManagerImpl.getOzoneFileStatus(KeyManagerImpl.java:1200) ~[ozone-manager-1.4.0-SNAPSHOT.jar:?]
	at org.apache.hadoop.ozone.om.KeyManagerImpl.getFileStatus(KeyManagerImpl.java:1118) ~[ozone-manager-1.4.0-SNAPSHOT.jar:?]
	at org.apache.hadoop.ozone.om.OmMetadataReader.getFileStatus(OmMetadataReader.java:288) ~[ozone-manager-1.4.0-SNAPSHOT.jar:?]
	at org.apache.hadoop.ozone.om.OzoneManager.getFileStatus(OzoneManager.java:3491) ~[ozone-manager-1.4.0-SNAPSHOT.jar:?]
	at org.apache.hadoop.ozone.protocolPB.OzoneManagerRequestHandler.getOzoneFileStatus(OzoneManagerRequestHandler.java:934) ~[ozone-manager-1.4.0-SNAPSHOT.jar:?]
	at org.apache.hadoop.ozone.protocolPB.OzoneManagerRequestHandler.handleReadRequest(OzoneManagerRequestHandler.java:238) ~[ozone-manager-1.4.0-SNAPSHOT.jar:?]
	at org.apache.hadoop.ozone.protocolPB.OzoneManagerProtocolServerSideTranslatorPB.submitReadRequestToOM(OzoneManagerProtocolServerSideTranslatorPB.java:223) ~[ozone-manager-1.4.0-SNAPSHOT.jar:?]
	at org.apache.hadoop.ozone.protocolPB.OzoneManagerProtocolServerSideTranslatorPB.processRequest(OzoneManagerProtocolServerSideTranslatorPB.java:177) ~[ozone-manager-1.4.0-SNAPSHOT.jar:?]
	at org.apache.hadoop.hdds.server.OzoneProtocolMessageDispatcher.processRequest(OzoneProtocolMessageDispatcher.java:87) [hdds-server-framework-1.4.0-SNAPSHOT.jar:?]
	at org.apache.hadoop.ozone.protocolPB.OzoneManagerProtocolServerSideTranslatorPB.submitRequest(OzoneManagerProtocolServerSideTranslatorPB.java:147) [ozone-manager-1.4.0-SNAPSHOT.jar:?]
	at org.apache.hadoop.ozone.protocol.proto.OzoneManagerProtocolProtos$OzoneManagerService$2.callBlockingMethod(OzoneManagerProtocolProtos.java) [ozone-interface-client-1.4.0-SNAPSHOT.jar:?]
	at org.apache.hadoop.ipc.ProtobufRpcEngine$Server.processCall(ProtobufRpcEngine.java:484) [hadoop-common-3.3.5.jar:?]
	at org.apache.hadoop.ipc.ProtobufRpcEngine2$Server$ProtoBufRpcInvoker.call(ProtobufRpcEngine2.java:595) [hadoop-common-3.3.5.jar:?]
	at org.apache.hadoop.ipc.ProtobufRpcEngine2$Server$ProtoBufRpcInvoker.call(ProtobufRpcEngine2.java:573) [hadoop-common-3.3.5.jar:?]
	at org.apache.hadoop.ipc.RPC$Server.call(RPC.java:1213) [hadoop-common-3.3.5.jar:?]
	at org.apache.hadoop.ipc.Server$RpcCall.run(Server.java:1089) [hadoop-common-3.3.5.jar:?]
	at org.apache.hadoop.ipc.Server$RpcCall.run(Server.java:1012) [hadoop-common-3.3.5.jar:?]
	at java.security.AccessController.doPrivileged(Native Method) ~[?:1.8.0_362]
	at javax.security.auth.Subject.doAs(Subject.java:422) [?:1.8.0_362]
	at org.apache.hadoop.security.UserGroupInformation.doAs(UserGroupInformation.java:1899) [hadoop-common-3.3.5.jar:?]
	at org.apache.hadoop.ipc.Server$Handler.run(Server.java:3026) [hadoop-common-3.3.5.jar:?]
17:19:25.260 [IPC Server handler 8 on default port 45623] ERROR OMAudit - user=runner | ip=127.0.0.1 | op=GET_FILE_STATUS {volume=volume95537, bucket=bucket59866, key=.Trash/runner/Current/testKey1, dataSize=0, replicationConfig=null} | ret=FAILURE
org.apache.hadoop.ozone.om.exceptions.OMException: Unable to get file status: volume: volume95537 bucket: bucket59866 key: .Trash/runner/Current/testKey1
	at org.apache.hadoop.ozone.om.KeyManagerImpl.getOzoneFileStatus(KeyManagerImpl.java:1200) ~[ozone-manager-1.4.0-SNAPSHOT.jar:?]
	at org.apache.hadoop.ozone.om.KeyManagerImpl.getFileStatus(KeyManagerImpl.java:1118) ~[ozone-manager-1.4.0-SNAPSHOT.jar:?]
	at org.apache.hadoop.ozone.om.OmMetadataReader.getFileStatus(OmMetadataReader.java:288) ~[ozone-manager-1.4.0-SNAPSHOT.jar:?]
	at org.apache.hadoop.ozone.om.OzoneManager.getFileStatus(OzoneManager.java:3491) ~[ozone-manager-1.4.0-SNAPSHOT.jar:?]
	at org.apache.hadoop.ozone.protocolPB.OzoneManagerRequestHandler.getOzoneFileStatus(OzoneManagerRequestHandler.java:934) ~[ozone-manager-1.4.0-SNAPSHOT.jar:?]
	at org.apache.hadoop.ozone.protocolPB.OzoneManagerRequestHandler.handleReadRequest(OzoneManagerRequestHandler.java:238) ~[ozone-manager-1.4.0-SNAPSHOT.jar:?]
	at org.apache.hadoop.ozone.protocolPB.OzoneManagerProtocolServerSideTranslatorPB.submitReadRequestToOM(OzoneManagerProtocolServerSideTranslatorPB.java:223) ~[ozone-manager-1.4.0-SNAPSHOT.jar:?]
	at org.apache.hadoop.ozone.protocolPB.OzoneManagerProtocolServerSideTranslatorPB.processRequest(OzoneManagerProtocolServerSideTranslatorPB.java:177) ~[ozone-manager-1.4.0-SNAPSHOT.jar:?]
	at org.apache.hadoop.hdds.server.OzoneProtocolMessageDispatcher.processRequest(OzoneProtocolMessageDispatcher.java:87) [hdds-server-framework-1.4.0-SNAPSHOT.jar:?]
	at org.apache.hadoop.ozone.protocolPB.OzoneManagerProtocolServerSideTranslatorPB.submitRequest(OzoneManagerProtocolServerSideTranslatorPB.java:147) [ozone-manager-1.4.0-SNAPSHOT.jar:?]
	at org.apache.hadoop.ozone.protocol.proto.OzoneManagerProtocolProtos$OzoneManagerService$2.callBlockingMethod(OzoneManagerProtocolProtos.java) [ozone-interface-client-1.4.0-SNAPSHOT.jar:?]
	at org.apache.hadoop.ipc.ProtobufRpcEngine$Server.processCall(ProtobufRpcEngine.java:484) [hadoop-common-3.3.5.jar:?]
	at org.apache.hadoop.ipc.ProtobufRpcEngine2$Server$ProtoBufRpcInvoker.call(ProtobufRpcEngine2.java:595) [hadoop-common-3.3.5.jar:?]
	at org.apache.hadoop.ipc.ProtobufRpcEngine2$Server$ProtoBufRpcInvoker.call(ProtobufRpcEngine2.java:573) [hadoop-common-3.3.5.jar:?]
	at org.apache.hadoop.ipc.RPC$Server.call(RPC.java:1213) [hadoop-common-3.3.5.jar:?]
	at org.apache.hadoop.ipc.Server$RpcCall.run(Server.java:1089) [hadoop-common-3.3.5.jar:?]
	at org.apache.hadoop.ipc.Server$RpcCall.run(Server.java:1012) [hadoop-common-3.3.5.jar:?]
	at java.security.AccessController.doPrivileged(Native Method) ~[?:1.8.0_362]
	at javax.security.auth.Subject.doAs(Subject.java:422) [?:1.8.0_362]
	at org.apache.hadoop.security.UserGroupInformation.doAs(UserGroupInformation.java:1899) [hadoop-common-3.3.5.jar:?]
	at org.apache.hadoop.ipc.Server$Handler.run(Server.java:3026) [hadoop-common-3.3.5.jar:?]
2023-04-11 17:19:25,269 [Time-limited test] INFO  om.TrashPolicyOzone (TrashPolicyOzone.java:moveToTrash(209)) - Moved: '/testKey1' to trash at: /.Trash/runner/Current/testKey1
]]></system-out>
  </testcase>
  <testcase name="testRenameToTrashEnabled" classname="TestOzoneFileSystem" time="0.127">
    <system-out><![CDATA[17:20:19.019 [IPC Server handler 19 on default port 37689] ERROR OMAudit - user=runner | ip=127.0.0.1 | op=GET_FILE_STATUS {volume=volume96095, bucket=bucket29928, key=.Trash/runner/Current/testKey1, dataSize=0, replicationConfig=null} | ret=FAILURE
org.apache.hadoop.ozone.om.exceptions.OMException: Unable to get file status: volume: volume96095 bucket: bucket29928 key: .Trash/runner/Current/testKey1
	at org.apache.hadoop.ozone.om.KeyManagerImpl.getOzoneFileStatus(KeyManagerImpl.java:1200) ~[ozone-manager-1.4.0-SNAPSHOT.jar:?]
	at org.apache.hadoop.ozone.om.KeyManagerImpl.getFileStatus(KeyManagerImpl.java:1118) ~[ozone-manager-1.4.0-SNAPSHOT.jar:?]
	at org.apache.hadoop.ozone.om.OmMetadataReader.getFileStatus(OmMetadataReader.java:288) ~[ozone-manager-1.4.0-SNAPSHOT.jar:?]
	at org.apache.hadoop.ozone.om.OzoneManager.getFileStatus(OzoneManager.java:3491) ~[ozone-manager-1.4.0-SNAPSHOT.jar:?]
	at org.apache.hadoop.ozone.protocolPB.OzoneManagerRequestHandler.getOzoneFileStatus(OzoneManagerRequestHandler.java:934) ~[ozone-manager-1.4.0-SNAPSHOT.jar:?]
	at org.apache.hadoop.ozone.protocolPB.OzoneManagerRequestHandler.handleReadRequest(OzoneManagerRequestHandler.java:238) ~[ozone-manager-1.4.0-SNAPSHOT.jar:?]
	at org.apache.hadoop.ozone.protocolPB.OzoneManagerProtocolServerSideTranslatorPB.submitRequestDirectlyToOM(OzoneManagerProtocolServerSideTranslatorPB.java:272) ~[ozone-manager-1.4.0-SNAPSHOT.jar:?]
	at org.apache.hadoop.ozone.protocolPB.OzoneManagerProtocolServerSideTranslatorPB.processRequest(OzoneManagerProtocolServerSideTranslatorPB.java:173) ~[ozone-manager-1.4.0-SNAPSHOT.jar:?]
	at org.apache.hadoop.hdds.server.OzoneProtocolMessageDispatcher.processRequest(OzoneProtocolMessageDispatcher.java:87) [hdds-server-framework-1.4.0-SNAPSHOT.jar:?]
	at org.apache.hadoop.ozone.protocolPB.OzoneManagerProtocolServerSideTranslatorPB.submitRequest(OzoneManagerProtocolServerSideTranslatorPB.java:147) [ozone-manager-1.4.0-SNAPSHOT.jar:?]
	at org.apache.hadoop.ozone.protocol.proto.OzoneManagerProtocolProtos$OzoneManagerService$2.callBlockingMethod(OzoneManagerProtocolProtos.java) [ozone-interface-client-1.4.0-SNAPSHOT.jar:?]
	at org.apache.hadoop.ipc.ProtobufRpcEngine$Server.processCall(ProtobufRpcEngine.java:484) [hadoop-common-3.3.5.jar:?]
	at org.apache.hadoop.ipc.ProtobufRpcEngine2$Server$ProtoBufRpcInvoker.call(ProtobufRpcEngine2.java:595) [hadoop-common-3.3.5.jar:?]
	at org.apache.hadoop.ipc.ProtobufRpcEngine2$Server$ProtoBufRpcInvoker.call(ProtobufRpcEngine2.java:573) [hadoop-common-3.3.5.jar:?]
	at org.apache.hadoop.ipc.RPC$Server.call(RPC.java:1213) [hadoop-common-3.3.5.jar:?]
	at org.apache.hadoop.ipc.Server$RpcCall.run(Server.java:1089) [hadoop-common-3.3.5.jar:?]
	at org.apache.hadoop.ipc.Server$RpcCall.run(Server.java:1012) [hadoop-common-3.3.5.jar:?]
	at java.security.AccessController.doPrivileged(Native Method) ~[?:1.8.0_362]
	at javax.security.auth.Subject.doAs(Subject.java:422) [?:1.8.0_362]
	at org.apache.hadoop.security.UserGroupInformation.doAs(UserGroupInformation.java:1899) [hadoop-common-3.3.5.jar:?]
	at org.apache.hadoop.ipc.Server$Handler.run(Server.java:3026) [hadoop-common-3.3.5.jar:?]
17:20:19.023 [IPC Server handler 3 on default port 37689] ERROR OMAudit - user=runner | ip=127.0.0.1 | op=GET_FILE_STATUS {volume=volume96095, bucket=bucket29928, key=.Trash/runner/Current/testKey1, dataSize=0, replicationConfig=null} | ret=FAILURE
org.apache.hadoop.ozone.om.exceptions.OMException: Unable to get file status: volume: volume96095 bucket: bucket29928 key: .Trash/runner/Current/testKey1
	at org.apache.hadoop.ozone.om.KeyManagerImpl.getOzoneFileStatus(KeyManagerImpl.java:1200) ~[ozone-manager-1.4.0-SNAPSHOT.jar:?]
	at org.apache.hadoop.ozone.om.KeyManagerImpl.getFileStatus(KeyManagerImpl.java:1118) ~[ozone-manager-1.4.0-SNAPSHOT.jar:?]
	at org.apache.hadoop.ozone.om.OmMetadataReader.getFileStatus(OmMetadataReader.java:288) ~[ozone-manager-1.4.0-SNAPSHOT.jar:?]
	at org.apache.hadoop.ozone.om.OzoneManager.getFileStatus(OzoneManager.java:3491) ~[ozone-manager-1.4.0-SNAPSHOT.jar:?]
	at org.apache.hadoop.ozone.protocolPB.OzoneManagerRequestHandler.getOzoneFileStatus(OzoneManagerRequestHandler.java:934) ~[ozone-manager-1.4.0-SNAPSHOT.jar:?]
	at org.apache.hadoop.ozone.protocolPB.OzoneManagerRequestHandler.handleReadRequest(OzoneManagerRequestHandler.java:238) ~[ozone-manager-1.4.0-SNAPSHOT.jar:?]
	at org.apache.hadoop.ozone.protocolPB.OzoneManagerProtocolServerSideTranslatorPB.submitRequestDirectlyToOM(OzoneManagerProtocolServerSideTranslatorPB.java:272) ~[ozone-manager-1.4.0-SNAPSHOT.jar:?]
	at org.apache.hadoop.ozone.protocolPB.OzoneManagerProtocolServerSideTranslatorPB.processRequest(OzoneManagerProtocolServerSideTranslatorPB.java:173) ~[ozone-manager-1.4.0-SNAPSHOT.jar:?]
	at org.apache.hadoop.hdds.server.OzoneProtocolMessageDispatcher.processRequest(OzoneProtocolMessageDispatcher.java:87) [hdds-server-framework-1.4.0-SNAPSHOT.jar:?]
	at org.apache.hadoop.ozone.protocolPB.OzoneManagerProtocolServerSideTranslatorPB.submitRequest(OzoneManagerProtocolServerSideTranslatorPB.java:147) [ozone-manager-1.4.0-SNAPSHOT.jar:?]
	at org.apache.hadoop.ozone.protocol.proto.OzoneManagerProtocolProtos$OzoneManagerService$2.callBlockingMethod(OzoneManagerProtocolProtos.java) [ozone-interface-client-1.4.0-SNAPSHOT.jar:?]
	at org.apache.hadoop.ipc.ProtobufRpcEngine$Server.processCall(ProtobufRpcEngine.java:484) [hadoop-common-3.3.5.jar:?]
	at org.apache.hadoop.ipc.ProtobufRpcEngine2$Server$ProtoBufRpcInvoker.call(ProtobufRpcEngine2.java:595) [hadoop-common-3.3.5.jar:?]
	at org.apache.hadoop.ipc.ProtobufRpcEngine2$Server$ProtoBufRpcInvoker.call(ProtobufRpcEngine2.java:573) [hadoop-common-3.3.5.jar:?]
	at org.apache.hadoop.ipc.RPC$Server.call(RPC.java:1213) [hadoop-common-3.3.5.jar:?]
	at org.apache.hadoop.ipc.Server$RpcCall.run(Server.java:1089) [hadoop-common-3.3.5.jar:?]
	at org.apache.hadoop.ipc.Server$RpcCall.run(Server.java:1012) [hadoop-common-3.3.5.jar:?]
	at java.security.AccessController.doPrivileged(Native Method) ~[?:1.8.0_362]
	at javax.security.auth.Subject.doAs(Subject.java:422) [?:1.8.0_362]
	at org.apache.hadoop.security.UserGroupInformation.doAs(UserGroupInformation.java:1899) [hadoop-common-3.3.5.jar:?]
	at org.apache.hadoop.ipc.Server$Handler.run(Server.java:3026) [hadoop-common-3.3.5.jar:?]
2023-04-11 17:20:19,029 [Time-limited test] INFO  om.TrashPolicyOzone (TrashPolicyOzone.java:moveToTrash(209)) - Moved: '/testKey1' to trash at: /.Trash/runner/Current/testKey1
]]></system-out>
  </testcase>
  <testcase name="testListStatusWithIntermediateDir" classname="TestOzoneFileSystem" time="0.049">
    <system-out><![CDATA[2023-04-11 17:17:31,814 [IPC Server handler 19 on default port 39109] INFO  pipeline.PipelineStateManagerImpl (PipelineStateManagerImpl.java:addPipeline(103)) - Created pipeline Pipeline[ Id: 5faa7ba0-b7eb-4ff4-9d7a-0d0f7015d352, Nodes: a41b41b2-6125-497a-a0cb-d7eb73039636(fv-az377-102.ap30g4v5sw5evmjtdmxdg2w53f.dx.internal.cloudapp.net/10.1.0.70), ReplicationConfig: STANDALONE/ONE, State:OPEN, leaderId:, CreationTimestamp2023-04-11T17:17:31.813Z[Etc/UTC]].
2023-04-11 17:17:31,824 [OM StateMachine ApplyTransaction Thread - 0] INFO  key.OMKeyRequest (OMKeyRequest.java:wrapUncommittedBlocksAsPseudoKey(838)) - Detect allocated but uncommitted blocks [{blockID={containerID=8, localID=111677748019200057}, length=4194304, offset=0, token=null, pipeline=null, createVersion=0, partNumber=0}] in key object-dir/object-name.
]]></system-out>
  </testcase>
  <testcase name="testListStatusWithIntermediateDir" classname="TestOzoneFileSystem" time="0.039">
    <system-out><![CDATA[2023-04-11 17:18:30,055 [IPC Server handler 8 on default port 37307] INFO  pipeline.PipelineStateManagerImpl (PipelineStateManagerImpl.java:addPipeline(103)) - Created pipeline Pipeline[ Id: 62deb4fb-c8d4-4eb1-801d-f4ca1cacf18d, Nodes: 316a6a1b-3f00-43af-9dbc-ac2971b62daf(fv-az377-102.ap30g4v5sw5evmjtdmxdg2w53f.dx.internal.cloudapp.net/10.1.0.70), ReplicationConfig: STANDALONE/ONE, State:OPEN, leaderId:, CreationTimestamp2023-04-11T17:18:30.054Z[Etc/UTC]].
2023-04-11 17:18:30,061 [IPC Server handler 12 on default port 38777] INFO  key.OMKeyRequest (OMKeyRequest.java:wrapUncommittedBlocksAsPseudoKey(838)) - Detect allocated but uncommitted blocks [{blockID={containerID=8, localID=111677748019200057}, length=4194304, offset=0, token=null, pipeline=null, createVersion=0, partNumber=0}] in key object-dir/object-name.
]]></system-out>
  </testcase>
  <testcase name="testListStatusWithIntermediateDir" classname="TestOzoneFileSystem" time="0.033">
    <system-out><![CDATA[2023-04-11 17:19:25,295 [IPC Server handler 1 on default port 46877] INFO  pipeline.PipelineStateManagerImpl (PipelineStateManagerImpl.java:addPipeline(103)) - Created pipeline Pipeline[ Id: 8de70c63-0165-4983-ad0d-8faa7ce1f41d, Nodes: e6d924a0-7c53-4274-9275-f319576c3e7e(fv-az377-102.ap30g4v5sw5evmjtdmxdg2w53f.dx.internal.cloudapp.net/10.1.0.70), ReplicationConfig: STANDALONE/ONE, State:OPEN, leaderId:, CreationTimestamp2023-04-11T17:19:25.294Z[Etc/UTC]].
2023-04-11 17:19:25,300 [OM StateMachine ApplyTransaction Thread - 0] INFO  key.OMKeyRequest (OMKeyRequest.java:wrapUncommittedBlocksAsPseudoKey(838)) - Detect allocated but uncommitted blocks [{blockID={containerID=8, localID=111677748019200057}, length=4194304, offset=0, token=null, pipeline=null, createVersion=0, partNumber=0}] in key object-dir/object-name.
]]></system-out>
  </testcase>
  <testcase name="testListStatusWithIntermediateDir" classname="TestOzoneFileSystem" time="0.032">
    <system-out><![CDATA[2023-04-11 17:20:19,051 [IPC Server handler 19 on default port 32863] INFO  pipeline.PipelineStateManagerImpl (PipelineStateManagerImpl.java:addPipeline(103)) - Created pipeline Pipeline[ Id: bc0cc929-3f45-430b-a924-83aa9c052ccc, Nodes: 1b760667-28fc-4393-96a7-267a88805411(fv-az377-102.ap30g4v5sw5evmjtdmxdg2w53f.dx.internal.cloudapp.net/10.1.0.70), ReplicationConfig: STANDALONE/ONE, State:OPEN, leaderId:, CreationTimestamp2023-04-11T17:20:19.050Z[Etc/UTC]].
2023-04-11 17:20:19,055 [IPC Server handler 7 on default port 37689] INFO  key.OMKeyRequest (OMKeyRequest.java:wrapUncommittedBlocksAsPseudoKey(838)) - Detect allocated but uncommitted blocks [{blockID={containerID=8, localID=111677748019200057}, length=4194304, offset=0, token=null, pipeline=null, createVersion=0, partNumber=0}] in key object-dir/object-name.
]]></system-out>
  </testcase>
  <testcase name="testRenameSourceAndDestinAreSame" classname="TestOzoneFileSystem" time="0.024">
    <system-out><![CDATA[2023-04-11 17:17:31,858 [OM StateMachine ApplyTransaction Thread - 0] INFO  key.OMKeyRequest (OMKeyRequest.java:wrapUncommittedBlocksAsPseudoKey(838)) - Detect allocated but uncommitted blocks [{blockID={containerID=2, localID=111677748019200058}, length=4194304, offset=0, token=null, pipeline=null, createVersion=0, partNumber=0}] in key root/dir1/dir2/file1.
]]></system-out>
  </testcase>
  <testcase name="testRenameSourceAndDestinAreSame" classname="TestOzoneFileSystem" time="0.014">
    <system-out><![CDATA[2023-04-11 17:18:30,083 [IPC Server handler 2 on default port 38777] INFO  key.OMKeyRequest (OMKeyRequest.java:wrapUncommittedBlocksAsPseudoKey(838)) - Detect allocated but uncommitted blocks [{blockID={containerID=1, localID=111677748019200058}, length=4194304, offset=0, token=null, pipeline=null, createVersion=0, partNumber=0}] in key root/dir1/dir2/file1.
]]></system-out>
  </testcase>
  <testcase name="testRenameSourceAndDestinAreSame" classname="TestOzoneFileSystem" time="0.02">
    <system-out><![CDATA[2023-04-11 17:19:25,325 [OM StateMachine ApplyTransaction Thread - 0] INFO  key.OMKeyRequest (OMKeyRequest.java:wrapUncommittedBlocksAsPseudoKey(838)) - Detect allocated but uncommitted blocks [{blockID={containerID=4, localID=111677748019200058}, length=4194304, offset=0, token=null, pipeline=null, createVersion=0, partNumber=0}] in key root/dir1/dir2/file1.
]]></system-out>
  </testcase>
  <testcase name="testRenameSourceAndDestinAreSame" classname="TestOzoneFileSystem" time="0.016">
    <system-out><![CDATA[2023-04-11 17:20:19,080 [IPC Server handler 12 on default port 37689] INFO  key.OMKeyRequest (OMKeyRequest.java:wrapUncommittedBlocksAsPseudoKey(838)) - Detect allocated but uncommitted blocks [{blockID={containerID=1, localID=111677748019200058}, length=4194304, offset=0, token=null, pipeline=null, createVersion=0, partNumber=0}] in key root/dir1/dir2/file1.
]]></system-out>
  </testcase>
  <testcase name="testListStatusIteratorWithDir" classname="TestOzoneFileSystem" time="0.055">
    <system-out><![CDATA[2023-04-11 17:17:31,882 [OM StateMachine ApplyTransaction Thread - 0] INFO  key.OMKeyRequest (OMKeyRequest.java:wrapUncommittedBlocksAsPseudoKey(838)) - Detect allocated but uncommitted blocks [{blockID={containerID=4, localID=111677748019200059}, length=4194304, offset=0, token=null, pipeline=null, createVersion=0, partNumber=0}] in key testListStatus/key1.
2023-04-11 17:17:31,889 [OM StateMachine ApplyTransaction Thread - 0] INFO  key.OMKeyRequest (OMKeyRequest.java:wrapUncommittedBlocksAsPseudoKey(838)) - Detect allocated but uncommitted blocks [{blockID={containerID=1, localID=111677748019200060}, length=4194304, offset=0, token=null, pipeline=null, createVersion=0, partNumber=0}] in key testListStatus/key2.
2023-04-11 17:17:31,901 [OM StateMachine ApplyTransaction Thread - 0] INFO  key.OMKeyRequest (OMKeyRequest.java:wrapUncommittedBlocksAsPseudoKey(838)) - Detect allocated but uncommitted blocks [{blockID={containerID=4, localID=111677748019200061}, length=4194304, offset=0, token=null, pipeline=null, createVersion=0, partNumber=0}] in key testListStatus/dir1/key3.
2023-04-11 17:17:31,906 [OM StateMachine ApplyTransaction Thread - 0] INFO  key.OMKeyRequest (OMKeyRequest.java:wrapUncommittedBlocksAsPseudoKey(838)) - Detect allocated but uncommitted blocks [{blockID={containerID=3, localID=111677748019200062}, length=4194304, offset=0, token=null, pipeline=null, createVersion=0, partNumber=0}] in key testListStatus/dir1/key4.
]]></system-out>
  </testcase>
  <testcase name="testListStatusIteratorWithDir" classname="TestOzoneFileSystem" time="0.043">
    <system-out><![CDATA[2023-04-11 17:18:30,106 [IPC Server handler 12 on default port 38777] INFO  key.OMKeyRequest (OMKeyRequest.java:wrapUncommittedBlocksAsPseudoKey(838)) - Detect allocated but uncommitted blocks [{blockID={containerID=4, localID=111677748019200059}, length=4194304, offset=0, token=null, pipeline=null, createVersion=0, partNumber=0}] in key testListStatus/key1.
2023-04-11 17:18:30,110 [IPC Server handler 9 on default port 38777] INFO  key.OMKeyRequest (OMKeyRequest.java:wrapUncommittedBlocksAsPseudoKey(838)) - Detect allocated but uncommitted blocks [{blockID={containerID=3, localID=111677748019200060}, length=4194304, offset=0, token=null, pipeline=null, createVersion=0, partNumber=0}] in key testListStatus/key2.
2023-04-11 17:18:30,119 [IPC Server handler 8 on default port 38777] INFO  key.OMKeyRequest (OMKeyRequest.java:wrapUncommittedBlocksAsPseudoKey(838)) - Detect allocated but uncommitted blocks [{blockID={containerID=2, localID=111677748019200061}, length=4194304, offset=0, token=null, pipeline=null, createVersion=0, partNumber=0}] in key testListStatus/dir1/key3.
2023-04-11 17:18:30,122 [IPC Server handler 4 on default port 38777] INFO  key.OMKeyRequest (OMKeyRequest.java:wrapUncommittedBlocksAsPseudoKey(838)) - Detect allocated but uncommitted blocks [{blockID={containerID=1, localID=111677748019200062}, length=4194304, offset=0, token=null, pipeline=null, createVersion=0, partNumber=0}] in key testListStatus/dir1/key4.
]]></system-out>
  </testcase>
  <testcase name="testListStatusIteratorWithDir" classname="TestOzoneFileSystem" time="0.043">
    <system-out><![CDATA[2023-04-11 17:19:25,347 [OM StateMachine ApplyTransaction Thread - 0] INFO  key.OMKeyRequest (OMKeyRequest.java:wrapUncommittedBlocksAsPseudoKey(838)) - Detect allocated but uncommitted blocks [{blockID={containerID=2, localID=111677748019200059}, length=4194304, offset=0, token=null, pipeline=null, createVersion=0, partNumber=0}] in key testListStatus/key1.
2023-04-11 17:19:25,351 [OM StateMachine ApplyTransaction Thread - 0] INFO  key.OMKeyRequest (OMKeyRequest.java:wrapUncommittedBlocksAsPseudoKey(838)) - Detect allocated but uncommitted blocks [{blockID={containerID=1, localID=111677748019200060}, length=4194304, offset=0, token=null, pipeline=null, createVersion=0, partNumber=0}] in key testListStatus/key2.
2023-04-11 17:19:25,361 [OM StateMachine ApplyTransaction Thread - 0] INFO  key.OMKeyRequest (OMKeyRequest.java:wrapUncommittedBlocksAsPseudoKey(838)) - Detect allocated but uncommitted blocks [{blockID={containerID=4, localID=111677748019200061}, length=4194304, offset=0, token=null, pipeline=null, createVersion=0, partNumber=0}] in key testListStatus/dir1/key3.
2023-04-11 17:19:25,365 [OM StateMachine ApplyTransaction Thread - 0] INFO  key.OMKeyRequest (OMKeyRequest.java:wrapUncommittedBlocksAsPseudoKey(838)) - Detect allocated but uncommitted blocks [{blockID={containerID=3, localID=111677748019200062}, length=4194304, offset=0, token=null, pipeline=null, createVersion=0, partNumber=0}] in key testListStatus/dir1/key4.
]]></system-out>
  </testcase>
  <testcase name="testListStatusIteratorWithDir" classname="TestOzoneFileSystem" time="0.047">
    <system-out><![CDATA[2023-04-11 17:20:19,098 [IPC Server handler 15 on default port 37689] INFO  key.OMKeyRequest (OMKeyRequest.java:wrapUncommittedBlocksAsPseudoKey(838)) - Detect allocated but uncommitted blocks [{blockID={containerID=4, localID=111677748019200059}, length=4194304, offset=0, token=null, pipeline=null, createVersion=0, partNumber=0}] in key testListStatus/key1.
2023-04-11 17:20:19,108 [IPC Server handler 17 on default port 37689] INFO  key.OMKeyRequest (OMKeyRequest.java:wrapUncommittedBlocksAsPseudoKey(838)) - Detect allocated but uncommitted blocks [{blockID={containerID=3, localID=111677748019200060}, length=4194304, offset=0, token=null, pipeline=null, createVersion=0, partNumber=0}] in key testListStatus/key2.
2023-04-11 17:20:19,118 [IPC Server handler 10 on default port 37689] INFO  key.OMKeyRequest (OMKeyRequest.java:wrapUncommittedBlocksAsPseudoKey(838)) - Detect allocated but uncommitted blocks [{blockID={containerID=1, localID=111677748019200061}, length=4194304, offset=0, token=null, pipeline=null, createVersion=0, partNumber=0}] in key testListStatus/dir1/key3.
2023-04-11 17:20:19,120 [IPC Server handler 19 on default port 37689] INFO  key.OMKeyRequest (OMKeyRequest.java:wrapUncommittedBlocksAsPseudoKey(838)) - Detect allocated but uncommitted blocks [{blockID={containerID=4, localID=111677748019200062}, length=4194304, offset=0, token=null, pipeline=null, createVersion=0, partNumber=0}] in key testListStatus/dir1/key4.
]]></system-out>
  </testcase>
  <testcase name="testListStatusOnLargeDirectory" classname="TestOzoneFileSystem" time="6.794">
    <system-out><![CDATA[2023-04-11 17:17:32,359 [IPC Server handler 9 on default port 39109] INFO  ha.SequenceIdGenerator (SequenceIdGenerator.java:getNextId(128)) - Allocate a batch for delTxnId, change lastId from 0 to 1000.
2023-04-11 17:17:35,599 [BlockDeletingService#0] INFO  interfaces.ContainerDeletionChoosingPolicyTemplate (ContainerDeletionChoosingPolicyTemplate.java:chooseContainerForBlockDeletion(83)) - Chosen 0/5000 blocks from 0 candidate containers.
2023-04-11 17:17:36,054 [BlockDeletingService#0] INFO  interfaces.ContainerDeletionChoosingPolicyTemplate (ContainerDeletionChoosingPolicyTemplate.java:chooseContainerForBlockDeletion(83)) - Chosen 0/5000 blocks from 0 candidate containers.
2023-04-11 17:17:36,468 [BlockDeletingService#0] INFO  interfaces.ContainerDeletionChoosingPolicyTemplate (ContainerDeletionChoosingPolicyTemplate.java:chooseContainerForBlockDeletion(83)) - Chosen 0/5000 blocks from 0 candidate containers.
2023-04-11 17:17:36,860 [BlockDeletingService#0] INFO  interfaces.ContainerDeletionChoosingPolicyTemplate (ContainerDeletionChoosingPolicyTemplate.java:chooseContainerForBlockDeletion(83)) - Chosen 0/5000 blocks from 0 candidate containers.
2023-04-11 17:17:37,310 [BlockDeletingService#0] INFO  interfaces.ContainerDeletionChoosingPolicyTemplate (ContainerDeletionChoosingPolicyTemplate.java:chooseContainerForBlockDeletion(83)) - Chosen 0/5000 blocks from 0 candidate containers.
]]></system-out>
  </testcase>
  <testcase name="testListStatusOnLargeDirectory" classname="TestOzoneFileSystem" time="4.17"/>
  <testcase name="testListStatusOnLargeDirectory" classname="TestOzoneFileSystem" time="5.505"/>
  <testcase name="testListStatusOnLargeDirectory" classname="TestOzoneFileSystem" time="4.078"/>
  <testcase name="testFileSystemDeclaresCapability" classname="TestOzoneFileSystem" time="0.009"/>
  <testcase name="testFileSystemDeclaresCapability" classname="TestOzoneFileSystem" time="0.006"/>
  <testcase name="testFileSystemDeclaresCapability" classname="TestOzoneFileSystem" time="0.006"/>
  <testcase name="testFileSystemDeclaresCapability" classname="TestOzoneFileSystem" time="0.005"/>
  <testcase name="testCreateKeyShouldUseRefreshedBucketReplicationConfig" classname="TestOzoneFileSystem" time="0.368">
    <system-out><![CDATA[2023-04-11 17:17:38,749 [Time-limited test] INFO  rpc.RpcClient (RpcClient.java:createVolume(476)) - Creating Volume: volume31359, with user16391 as owner and space quota set to -1 bytes, counts quota set to -1
2023-04-11 17:17:38,753 [OM StateMachine ApplyTransaction Thread - 0] INFO  volume.OMVolumeCreateRequest (OMVolumeCreateRequest.java:validateAndUpdateCache(195)) - created volume:volume31359 for user:user16391
2023-04-11 17:17:38,755 [Time-limited test] INFO  rpc.RpcClient (RpcClient.java:createBucket(698)) - Creating Bucket: volume31359/bucket34281, with bucket layout LEGACY, runner as owner, Versioning false, Storage Type set to DISK and Encryption set to false, Replication Type set to server-side default replication type, Namespace Quota set to -1, Space Quota set to -1 
2023-04-11 17:17:38,758 [OM StateMachine ApplyTransaction Thread - 0] INFO  bucket.OMBucketCreateRequest (OMBucketCreateRequest.java:validateAndUpdateCache(269)) - created bucket: bucket34281 of layout LEGACY in volume: volume31359
2023-04-11 17:17:38,791 [OM StateMachine ApplyTransaction Thread - 0] INFO  key.OMKeyRequest (OMKeyRequest.java:wrapUncommittedBlocksAsPseudoKey(838)) - Detect allocated but uncommitted blocks [{blockID={containerID=1, localID=111677748019200063}, length=4194304, offset=0, token=null, pipeline=null, createVersion=0, partNumber=0}] in key key.
2023-04-11 17:17:38,819 [OM StateMachine ApplyTransaction Thread - 0] INFO  key.OMKeyRequest (OMKeyRequest.java:wrapUncommittedBlocksAsPseudoKey(838)) - Detect allocated but uncommitted blocks [{blockID={containerID=4, localID=111677748019200064}, length=4194304, offset=0, token=null, pipeline=null, createVersion=0, partNumber=0}] in key key1.
2023-04-11 17:17:38,830 [IPC Server handler 18 on default port 39109] INFO  pipeline.PipelineStateManagerImpl (PipelineStateManagerImpl.java:addPipeline(103)) - Created pipeline Pipeline[ Id: 364e9b67-5c49-4a2e-ad6d-ab5e2d570bc8, Nodes: 30e95ef4-c50c-4a35-94a1-24945bf18908(fv-az377-102.ap30g4v5sw5evmjtdmxdg2w53f.dx.internal.cloudapp.net/10.1.0.70)ff5646e7-cde4-4000-b2d9-463cca811cba(fv-az377-102.ap30g4v5sw5evmjtdmxdg2w53f.dx.internal.cloudapp.net/10.1.0.70)54fa8802-d5ce-4a45-bac9-9464a05e8046(fv-az377-102.ap30g4v5sw5evmjtdmxdg2w53f.dx.internal.cloudapp.net/10.1.0.70)f773ed51-7a93-4584-ad9a-f2b89fe87645(fv-az377-102.ap30g4v5sw5evmjtdmxdg2w53f.dx.internal.cloudapp.net/10.1.0.70)a41b41b2-6125-497a-a0cb-d7eb73039636(fv-az377-102.ap30g4v5sw5evmjtdmxdg2w53f.dx.internal.cloudapp.net/10.1.0.70), ReplicationConfig: EC{rs-3-2-1024k}, State:ALLOCATED, leaderId:, CreationTimestamp2023-04-11T17:17:38.830Z[Etc/UTC]].
2023-04-11 17:17:38,831 [IPC Server handler 18 on default port 39109] INFO  pipeline.PipelineManagerImpl (PipelineManagerImpl.java:openPipeline(367)) - Pipeline Pipeline[ Id: 364e9b67-5c49-4a2e-ad6d-ab5e2d570bc8, Nodes: 30e95ef4-c50c-4a35-94a1-24945bf18908(fv-az377-102.ap30g4v5sw5evmjtdmxdg2w53f.dx.internal.cloudapp.net/10.1.0.70)ff5646e7-cde4-4000-b2d9-463cca811cba(fv-az377-102.ap30g4v5sw5evmjtdmxdg2w53f.dx.internal.cloudapp.net/10.1.0.70)54fa8802-d5ce-4a45-bac9-9464a05e8046(fv-az377-102.ap30g4v5sw5evmjtdmxdg2w53f.dx.internal.cloudapp.net/10.1.0.70)f773ed51-7a93-4584-ad9a-f2b89fe87645(fv-az377-102.ap30g4v5sw5evmjtdmxdg2w53f.dx.internal.cloudapp.net/10.1.0.70)a41b41b2-6125-497a-a0cb-d7eb73039636(fv-az377-102.ap30g4v5sw5evmjtdmxdg2w53f.dx.internal.cloudapp.net/10.1.0.70), ReplicationConfig: EC{rs-3-2-1024k}, State:ALLOCATED, leaderId:, CreationTimestamp2023-04-11T17:17:38.830Z[Etc/UTC]] moved to OPEN state
2023-04-11 17:17:38,911 [Time-limited test] WARN  erasurecode.ErasureCodeNative (ErasureCodeNative.java:<clinit>(55)) - ISA-L support is not available in your platform... using builtin-java codec where applicable
2023-04-11 17:17:39,033 [OM StateMachine ApplyTransaction Thread - 0] INFO  key.OMKeyRequest (OMKeyRequest.java:wrapUncommittedBlocksAsPseudoKey(838)) - Detect allocated but uncommitted blocks [{blockID={containerID=9, localID=111677748019200065}, length=4194304, offset=0, token=null, pipeline=null, createVersion=0, partNumber=0}] in key key2.
2023-04-11 17:17:39,042 [IPC Server handler 9 on default port 39109] INFO  pipeline.PipelineStateManagerImpl (PipelineStateManagerImpl.java:addPipeline(103)) - Created pipeline Pipeline[ Id: 8f95a4b9-690f-4729-a29e-ef2e84109820, Nodes: 54fa8802-d5ce-4a45-bac9-9464a05e8046(fv-az377-102.ap30g4v5sw5evmjtdmxdg2w53f.dx.internal.cloudapp.net/10.1.0.70)a41b41b2-6125-497a-a0cb-d7eb73039636(fv-az377-102.ap30g4v5sw5evmjtdmxdg2w53f.dx.internal.cloudapp.net/10.1.0.70)30e95ef4-c50c-4a35-94a1-24945bf18908(fv-az377-102.ap30g4v5sw5evmjtdmxdg2w53f.dx.internal.cloudapp.net/10.1.0.70)ff5646e7-cde4-4000-b2d9-463cca811cba(fv-az377-102.ap30g4v5sw5evmjtdmxdg2w53f.dx.internal.cloudapp.net/10.1.0.70)f773ed51-7a93-4584-ad9a-f2b89fe87645(fv-az377-102.ap30g4v5sw5evmjtdmxdg2w53f.dx.internal.cloudapp.net/10.1.0.70), ReplicationConfig: EC{rs-3-2-1024k}, State:ALLOCATED, leaderId:, CreationTimestamp2023-04-11T17:17:39.042Z[Etc/UTC]].
2023-04-11 17:17:39,043 [IPC Server handler 9 on default port 39109] INFO  pipeline.PipelineManagerImpl (PipelineManagerImpl.java:openPipeline(367)) - Pipeline Pipeline[ Id: 8f95a4b9-690f-4729-a29e-ef2e84109820, Nodes: 54fa8802-d5ce-4a45-bac9-9464a05e8046(fv-az377-102.ap30g4v5sw5evmjtdmxdg2w53f.dx.internal.cloudapp.net/10.1.0.70)a41b41b2-6125-497a-a0cb-d7eb73039636(fv-az377-102.ap30g4v5sw5evmjtdmxdg2w53f.dx.internal.cloudapp.net/10.1.0.70)30e95ef4-c50c-4a35-94a1-24945bf18908(fv-az377-102.ap30g4v5sw5evmjtdmxdg2w53f.dx.internal.cloudapp.net/10.1.0.70)ff5646e7-cde4-4000-b2d9-463cca811cba(fv-az377-102.ap30g4v5sw5evmjtdmxdg2w53f.dx.internal.cloudapp.net/10.1.0.70)f773ed51-7a93-4584-ad9a-f2b89fe87645(fv-az377-102.ap30g4v5sw5evmjtdmxdg2w53f.dx.internal.cloudapp.net/10.1.0.70), ReplicationConfig: EC{rs-3-2-1024k}, State:ALLOCATED, leaderId:, CreationTimestamp2023-04-11T17:17:39.042Z[Etc/UTC]] moved to OPEN state
2023-04-11 17:17:39,082 [OM StateMachine ApplyTransaction Thread - 0] INFO  key.OMKeyRequest (OMKeyRequest.java:wrapUncommittedBlocksAsPseudoKey(838)) - Detect allocated but uncommitted blocks [{blockID={containerID=10, localID=111677748019200066}, length=4194304, offset=0, token=null, pipeline=null, createVersion=0, partNumber=0}] in key key3.
2023-04-11 17:17:39,093 [OM StateMachine ApplyTransaction Thread - 0] INFO  key.OMKeyRequest (OMKeyRequest.java:wrapUncommittedBlocksAsPseudoKey(838)) - Detect allocated but uncommitted blocks [{blockID={containerID=1, localID=111677748019200067}, length=4194304, offset=0, token=null, pipeline=null, createVersion=0, partNumber=0}] in key key4.
]]></system-out>
  </testcase>
  <testcase name="testCreateKeyShouldUseRefreshedBucketReplicationConfig" classname="TestOzoneFileSystem" time="0.137">
    <system-out><![CDATA[2023-04-11 17:18:34,344 [Time-limited test] INFO  rpc.RpcClient (RpcClient.java:createVolume(476)) - Creating Volume: volume83057, with user44009 as owner and space quota set to -1 bytes, counts quota set to -1
2023-04-11 17:18:34,345 [IPC Server handler 12 on default port 38777] INFO  volume.OMVolumeCreateRequest (OMVolumeCreateRequest.java:validateAndUpdateCache(195)) - created volume:volume83057 for user:user44009
2023-04-11 17:18:34,346 [Time-limited test] INFO  rpc.RpcClient (RpcClient.java:createBucket(698)) - Creating Bucket: volume83057/bucket41463, with bucket layout LEGACY, runner as owner, Versioning false, Storage Type set to DISK and Encryption set to false, Replication Type set to server-side default replication type, Namespace Quota set to -1, Space Quota set to -1 
2023-04-11 17:18:34,346 [IPC Server handler 9 on default port 38777] INFO  bucket.OMBucketCreateRequest (OMBucketCreateRequest.java:validateAndUpdateCache(269)) - created bucket: bucket41463 of layout LEGACY in volume: volume83057
2023-04-11 17:18:34,369 [IPC Server handler 4 on default port 38777] INFO  key.OMKeyRequest (OMKeyRequest.java:wrapUncommittedBlocksAsPseudoKey(838)) - Detect allocated but uncommitted blocks [{blockID={containerID=2, localID=111677748019200063}, length=4194304, offset=0, token=null, pipeline=null, createVersion=0, partNumber=0}] in key key.
2023-04-11 17:18:34,377 [IPC Server handler 0 on default port 38777] INFO  key.OMKeyRequest (OMKeyRequest.java:wrapUncommittedBlocksAsPseudoKey(838)) - Detect allocated but uncommitted blocks [{blockID={containerID=4, localID=111677748019200064}, length=4194304, offset=0, token=null, pipeline=null, createVersion=0, partNumber=0}] in key key1.
2023-04-11 17:18:34,381 [IPC Server handler 14 on default port 37307] INFO  pipeline.PipelineStateManagerImpl (PipelineStateManagerImpl.java:addPipeline(103)) - Created pipeline Pipeline[ Id: 68e6cede-663e-4283-8c7e-f3dc7d2a73a3, Nodes: 1466190b-31b8-4a1a-90c9-9931edc03f55(fv-az377-102.ap30g4v5sw5evmjtdmxdg2w53f.dx.internal.cloudapp.net/10.1.0.70)f68eba80-45f1-4a76-a2e4-30d77c550dcc(fv-az377-102.ap30g4v5sw5evmjtdmxdg2w53f.dx.internal.cloudapp.net/10.1.0.70)6e9ccc6a-fad0-416f-afa3-09e4e9fe5838(fv-az377-102.ap30g4v5sw5evmjtdmxdg2w53f.dx.internal.cloudapp.net/10.1.0.70)302076d3-f1b4-4ab2-b5f1-f71a9676adc4(fv-az377-102.ap30g4v5sw5evmjtdmxdg2w53f.dx.internal.cloudapp.net/10.1.0.70)316a6a1b-3f00-43af-9dbc-ac2971b62daf(fv-az377-102.ap30g4v5sw5evmjtdmxdg2w53f.dx.internal.cloudapp.net/10.1.0.70), ReplicationConfig: EC{rs-3-2-1024k}, State:ALLOCATED, leaderId:, CreationTimestamp2023-04-11T17:18:34.381Z[Etc/UTC]].
2023-04-11 17:18:34,382 [IPC Server handler 14 on default port 37307] INFO  pipeline.PipelineManagerImpl (PipelineManagerImpl.java:openPipeline(367)) - Pipeline Pipeline[ Id: 68e6cede-663e-4283-8c7e-f3dc7d2a73a3, Nodes: 1466190b-31b8-4a1a-90c9-9931edc03f55(fv-az377-102.ap30g4v5sw5evmjtdmxdg2w53f.dx.internal.cloudapp.net/10.1.0.70)f68eba80-45f1-4a76-a2e4-30d77c550dcc(fv-az377-102.ap30g4v5sw5evmjtdmxdg2w53f.dx.internal.cloudapp.net/10.1.0.70)6e9ccc6a-fad0-416f-afa3-09e4e9fe5838(fv-az377-102.ap30g4v5sw5evmjtdmxdg2w53f.dx.internal.cloudapp.net/10.1.0.70)302076d3-f1b4-4ab2-b5f1-f71a9676adc4(fv-az377-102.ap30g4v5sw5evmjtdmxdg2w53f.dx.internal.cloudapp.net/10.1.0.70)316a6a1b-3f00-43af-9dbc-ac2971b62daf(fv-az377-102.ap30g4v5sw5evmjtdmxdg2w53f.dx.internal.cloudapp.net/10.1.0.70), ReplicationConfig: EC{rs-3-2-1024k}, State:ALLOCATED, leaderId:, CreationTimestamp2023-04-11T17:18:34.381Z[Etc/UTC]] moved to OPEN state
2023-04-11 17:18:34,409 [IPC Server handler 14 on default port 38777] INFO  key.OMKeyRequest (OMKeyRequest.java:wrapUncommittedBlocksAsPseudoKey(838)) - Detect allocated but uncommitted blocks [{blockID={containerID=9, localID=111677748019200065}, length=4194304, offset=0, token=null, pipeline=null, createVersion=0, partNumber=0}] in key key2.
2023-04-11 17:18:34,416 [IPC Server handler 12 on default port 37307] INFO  pipeline.PipelineStateManagerImpl (PipelineStateManagerImpl.java:addPipeline(103)) - Created pipeline Pipeline[ Id: 88f59265-74c5-4ee6-8bde-8a7bcaa69b4d, Nodes: 316a6a1b-3f00-43af-9dbc-ac2971b62daf(fv-az377-102.ap30g4v5sw5evmjtdmxdg2w53f.dx.internal.cloudapp.net/10.1.0.70)1466190b-31b8-4a1a-90c9-9931edc03f55(fv-az377-102.ap30g4v5sw5evmjtdmxdg2w53f.dx.internal.cloudapp.net/10.1.0.70)6e9ccc6a-fad0-416f-afa3-09e4e9fe5838(fv-az377-102.ap30g4v5sw5evmjtdmxdg2w53f.dx.internal.cloudapp.net/10.1.0.70)f68eba80-45f1-4a76-a2e4-30d77c550dcc(fv-az377-102.ap30g4v5sw5evmjtdmxdg2w53f.dx.internal.cloudapp.net/10.1.0.70)302076d3-f1b4-4ab2-b5f1-f71a9676adc4(fv-az377-102.ap30g4v5sw5evmjtdmxdg2w53f.dx.internal.cloudapp.net/10.1.0.70), ReplicationConfig: EC{rs-3-2-1024k}, State:ALLOCATED, leaderId:, CreationTimestamp2023-04-11T17:18:34.416Z[Etc/UTC]].
2023-04-11 17:18:34,417 [IPC Server handler 12 on default port 37307] INFO  pipeline.PipelineManagerImpl (PipelineManagerImpl.java:openPipeline(367)) - Pipeline Pipeline[ Id: 88f59265-74c5-4ee6-8bde-8a7bcaa69b4d, Nodes: 316a6a1b-3f00-43af-9dbc-ac2971b62daf(fv-az377-102.ap30g4v5sw5evmjtdmxdg2w53f.dx.internal.cloudapp.net/10.1.0.70)1466190b-31b8-4a1a-90c9-9931edc03f55(fv-az377-102.ap30g4v5sw5evmjtdmxdg2w53f.dx.internal.cloudapp.net/10.1.0.70)6e9ccc6a-fad0-416f-afa3-09e4e9fe5838(fv-az377-102.ap30g4v5sw5evmjtdmxdg2w53f.dx.internal.cloudapp.net/10.1.0.70)f68eba80-45f1-4a76-a2e4-30d77c550dcc(fv-az377-102.ap30g4v5sw5evmjtdmxdg2w53f.dx.internal.cloudapp.net/10.1.0.70)302076d3-f1b4-4ab2-b5f1-f71a9676adc4(fv-az377-102.ap30g4v5sw5evmjtdmxdg2w53f.dx.internal.cloudapp.net/10.1.0.70), ReplicationConfig: EC{rs-3-2-1024k}, State:ALLOCATED, leaderId:, CreationTimestamp2023-04-11T17:18:34.416Z[Etc/UTC]] moved to OPEN state
2023-04-11 17:18:34,441 [IPC Server handler 12 on default port 38777] INFO  key.OMKeyRequest (OMKeyRequest.java:wrapUncommittedBlocksAsPseudoKey(838)) - Detect allocated but uncommitted blocks [{blockID={containerID=10, localID=111677748019200066}, length=4194304, offset=0, token=null, pipeline=null, createVersion=0, partNumber=0}] in key key3.
2023-04-11 17:18:34,446 [IPC Server handler 7 on default port 38777] INFO  key.OMKeyRequest (OMKeyRequest.java:wrapUncommittedBlocksAsPseudoKey(838)) - Detect allocated but uncommitted blocks [{blockID={containerID=3, localID=111677748019200067}, length=4194304, offset=0, token=null, pipeline=null, createVersion=0, partNumber=0}] in key key4.
]]></system-out>
  </testcase>
  <testcase name="testCreateKeyShouldUseRefreshedBucketReplicationConfig" classname="TestOzoneFileSystem" time="0.129">
    <system-out><![CDATA[2023-04-11 17:19:30,906 [Time-limited test] INFO  rpc.RpcClient (RpcClient.java:createVolume(476)) - Creating Volume: volume34361, with user53592 as owner and space quota set to -1 bytes, counts quota set to -1
2023-04-11 17:19:30,909 [OM StateMachine ApplyTransaction Thread - 0] INFO  volume.OMVolumeCreateRequest (OMVolumeCreateRequest.java:validateAndUpdateCache(195)) - created volume:volume34361 for user:user53592
2023-04-11 17:19:30,910 [Time-limited test] INFO  rpc.RpcClient (RpcClient.java:createBucket(698)) - Creating Bucket: volume34361/bucket54863, with bucket layout LEGACY, runner as owner, Versioning false, Storage Type set to DISK and Encryption set to false, Replication Type set to server-side default replication type, Namespace Quota set to -1, Space Quota set to -1 
2023-04-11 17:19:30,912 [OM StateMachine ApplyTransaction Thread - 0] INFO  bucket.OMBucketCreateRequest (OMBucketCreateRequest.java:validateAndUpdateCache(269)) - created bucket: bucket54863 of layout LEGACY in volume: volume34361
2023-04-11 17:19:30,934 [OM StateMachine ApplyTransaction Thread - 0] INFO  key.OMKeyRequest (OMKeyRequest.java:wrapUncommittedBlocksAsPseudoKey(838)) - Detect allocated but uncommitted blocks [{blockID={containerID=1, localID=111677748019200063}, length=4194304, offset=0, token=null, pipeline=null, createVersion=0, partNumber=0}] in key key.
2023-04-11 17:19:30,941 [OM StateMachine ApplyTransaction Thread - 0] INFO  key.OMKeyRequest (OMKeyRequest.java:wrapUncommittedBlocksAsPseudoKey(838)) - Detect allocated but uncommitted blocks [{blockID={containerID=3, localID=111677748019200064}, length=4194304, offset=0, token=null, pipeline=null, createVersion=0, partNumber=0}] in key key1.
2023-04-11 17:19:30,944 [IPC Server handler 18 on default port 46877] INFO  pipeline.PipelineStateManagerImpl (PipelineStateManagerImpl.java:addPipeline(103)) - Created pipeline Pipeline[ Id: 0f5cd1fa-29d1-4a05-9bc0-48e7555e2b05, Nodes: 88c84cd2-72ca-4eec-b7eb-2fcd5700cf38(fv-az377-102.ap30g4v5sw5evmjtdmxdg2w53f.dx.internal.cloudapp.net/10.1.0.70)b174b524-4137-4544-9099-51b684ecdb2f(fv-az377-102.ap30g4v5sw5evmjtdmxdg2w53f.dx.internal.cloudapp.net/10.1.0.70)e2528fcf-cc94-417b-97bd-48133fe724de(fv-az377-102.ap30g4v5sw5evmjtdmxdg2w53f.dx.internal.cloudapp.net/10.1.0.70)e6d924a0-7c53-4274-9275-f319576c3e7e(fv-az377-102.ap30g4v5sw5evmjtdmxdg2w53f.dx.internal.cloudapp.net/10.1.0.70)a8e18eb8-676b-4d89-b1ed-2f6ae890a6f9(fv-az377-102.ap30g4v5sw5evmjtdmxdg2w53f.dx.internal.cloudapp.net/10.1.0.70), ReplicationConfig: EC{rs-3-2-1024k}, State:ALLOCATED, leaderId:, CreationTimestamp2023-04-11T17:19:30.944Z[Etc/UTC]].
2023-04-11 17:19:30,945 [IPC Server handler 18 on default port 46877] INFO  pipeline.PipelineManagerImpl (PipelineManagerImpl.java:openPipeline(367)) - Pipeline Pipeline[ Id: 0f5cd1fa-29d1-4a05-9bc0-48e7555e2b05, Nodes: 88c84cd2-72ca-4eec-b7eb-2fcd5700cf38(fv-az377-102.ap30g4v5sw5evmjtdmxdg2w53f.dx.internal.cloudapp.net/10.1.0.70)b174b524-4137-4544-9099-51b684ecdb2f(fv-az377-102.ap30g4v5sw5evmjtdmxdg2w53f.dx.internal.cloudapp.net/10.1.0.70)e2528fcf-cc94-417b-97bd-48133fe724de(fv-az377-102.ap30g4v5sw5evmjtdmxdg2w53f.dx.internal.cloudapp.net/10.1.0.70)e6d924a0-7c53-4274-9275-f319576c3e7e(fv-az377-102.ap30g4v5sw5evmjtdmxdg2w53f.dx.internal.cloudapp.net/10.1.0.70)a8e18eb8-676b-4d89-b1ed-2f6ae890a6f9(fv-az377-102.ap30g4v5sw5evmjtdmxdg2w53f.dx.internal.cloudapp.net/10.1.0.70), ReplicationConfig: EC{rs-3-2-1024k}, State:ALLOCATED, leaderId:, CreationTimestamp2023-04-11T17:19:30.944Z[Etc/UTC]] moved to OPEN state
2023-04-11 17:19:30,969 [OM StateMachine ApplyTransaction Thread - 0] INFO  key.OMKeyRequest (OMKeyRequest.java:wrapUncommittedBlocksAsPseudoKey(838)) - Detect allocated but uncommitted blocks [{blockID={containerID=9, localID=111677748019200065}, length=4194304, offset=0, token=null, pipeline=null, createVersion=0, partNumber=0}] in key key2.
2023-04-11 17:19:30,982 [IPC Server handler 17 on default port 46877] INFO  pipeline.PipelineStateManagerImpl (PipelineStateManagerImpl.java:addPipeline(103)) - Created pipeline Pipeline[ Id: b04b218e-de47-4b8a-ab22-e6890c6cb8e2, Nodes: a8e18eb8-676b-4d89-b1ed-2f6ae890a6f9(fv-az377-102.ap30g4v5sw5evmjtdmxdg2w53f.dx.internal.cloudapp.net/10.1.0.70)e2528fcf-cc94-417b-97bd-48133fe724de(fv-az377-102.ap30g4v5sw5evmjtdmxdg2w53f.dx.internal.cloudapp.net/10.1.0.70)88c84cd2-72ca-4eec-b7eb-2fcd5700cf38(fv-az377-102.ap30g4v5sw5evmjtdmxdg2w53f.dx.internal.cloudapp.net/10.1.0.70)e6d924a0-7c53-4274-9275-f319576c3e7e(fv-az377-102.ap30g4v5sw5evmjtdmxdg2w53f.dx.internal.cloudapp.net/10.1.0.70)b174b524-4137-4544-9099-51b684ecdb2f(fv-az377-102.ap30g4v5sw5evmjtdmxdg2w53f.dx.internal.cloudapp.net/10.1.0.70), ReplicationConfig: EC{rs-3-2-1024k}, State:ALLOCATED, leaderId:, CreationTimestamp2023-04-11T17:19:30.981Z[Etc/UTC]].
2023-04-11 17:19:30,982 [IPC Server handler 17 on default port 46877] INFO  pipeline.PipelineManagerImpl (PipelineManagerImpl.java:openPipeline(367)) - Pipeline Pipeline[ Id: b04b218e-de47-4b8a-ab22-e6890c6cb8e2, Nodes: a8e18eb8-676b-4d89-b1ed-2f6ae890a6f9(fv-az377-102.ap30g4v5sw5evmjtdmxdg2w53f.dx.internal.cloudapp.net/10.1.0.70)e2528fcf-cc94-417b-97bd-48133fe724de(fv-az377-102.ap30g4v5sw5evmjtdmxdg2w53f.dx.internal.cloudapp.net/10.1.0.70)88c84cd2-72ca-4eec-b7eb-2fcd5700cf38(fv-az377-102.ap30g4v5sw5evmjtdmxdg2w53f.dx.internal.cloudapp.net/10.1.0.70)e6d924a0-7c53-4274-9275-f319576c3e7e(fv-az377-102.ap30g4v5sw5evmjtdmxdg2w53f.dx.internal.cloudapp.net/10.1.0.70)b174b524-4137-4544-9099-51b684ecdb2f(fv-az377-102.ap30g4v5sw5evmjtdmxdg2w53f.dx.internal.cloudapp.net/10.1.0.70), ReplicationConfig: EC{rs-3-2-1024k}, State:ALLOCATED, leaderId:, CreationTimestamp2023-04-11T17:19:30.981Z[Etc/UTC]] moved to OPEN state
2023-04-11 17:19:31,009 [OM StateMachine ApplyTransaction Thread - 0] INFO  key.OMKeyRequest (OMKeyRequest.java:wrapUncommittedBlocksAsPseudoKey(838)) - Detect allocated but uncommitted blocks [{blockID={containerID=10, localID=111677748019200066}, length=4194304, offset=0, token=null, pipeline=null, createVersion=0, partNumber=0}] in key key3.
2023-04-11 17:19:31,017 [OM StateMachine ApplyTransaction Thread - 0] INFO  key.OMKeyRequest (OMKeyRequest.java:wrapUncommittedBlocksAsPseudoKey(838)) - Detect allocated but uncommitted blocks [{blockID={containerID=2, localID=111677748019200067}, length=4194304, offset=0, token=null, pipeline=null, createVersion=0, partNumber=0}] in key key4.
]]></system-out>
  </testcase>
  <testcase name="testCreateKeyShouldUseRefreshedBucketReplicationConfig" classname="TestOzoneFileSystem" time="0.14">
    <system-out><![CDATA[2023-04-11 17:20:23,241 [Time-limited test] INFO  rpc.RpcClient (RpcClient.java:createVolume(476)) - Creating Volume: volume88366, with user45248 as owner and space quota set to -1 bytes, counts quota set to -1
2023-04-11 17:20:23,242 [IPC Server handler 15 on default port 37689] INFO  volume.OMVolumeCreateRequest (OMVolumeCreateRequest.java:validateAndUpdateCache(195)) - created volume:volume88366 for user:user45248
2023-04-11 17:20:23,243 [Time-limited test] INFO  rpc.RpcClient (RpcClient.java:createBucket(698)) - Creating Bucket: volume88366/bucket33065, with bucket layout LEGACY, runner as owner, Versioning false, Storage Type set to DISK and Encryption set to false, Replication Type set to server-side default replication type, Namespace Quota set to -1, Space Quota set to -1 
2023-04-11 17:20:23,243 [IPC Server handler 17 on default port 37689] INFO  bucket.OMBucketCreateRequest (OMBucketCreateRequest.java:validateAndUpdateCache(269)) - created bucket: bucket33065 of layout LEGACY in volume: volume88366
2023-04-11 17:20:23,263 [IPC Server handler 19 on default port 37689] INFO  key.OMKeyRequest (OMKeyRequest.java:wrapUncommittedBlocksAsPseudoKey(838)) - Detect allocated but uncommitted blocks [{blockID={containerID=1, localID=111677748019200063}, length=4194304, offset=0, token=null, pipeline=null, createVersion=0, partNumber=0}] in key key.
2023-04-11 17:20:23,269 [IPC Server handler 6 on default port 37689] INFO  key.OMKeyRequest (OMKeyRequest.java:wrapUncommittedBlocksAsPseudoKey(838)) - Detect allocated but uncommitted blocks [{blockID={containerID=4, localID=111677748019200064}, length=4194304, offset=0, token=null, pipeline=null, createVersion=0, partNumber=0}] in key key1.
2023-04-11 17:20:23,273 [IPC Server handler 1 on default port 32863] INFO  pipeline.PipelineStateManagerImpl (PipelineStateManagerImpl.java:addPipeline(103)) - Created pipeline Pipeline[ Id: 0cc99735-eb6a-4eec-a1f9-2e071aa85584, Nodes: 83a86767-9132-4ec4-b752-470247843358(fv-az377-102.ap30g4v5sw5evmjtdmxdg2w53f.dx.internal.cloudapp.net/10.1.0.70)1c712de1-3a3e-422e-b3d0-30fcd422e487(fv-az377-102.ap30g4v5sw5evmjtdmxdg2w53f.dx.internal.cloudapp.net/10.1.0.70)5e693bd7-32aa-42e7-99b2-0294dbaef363(fv-az377-102.ap30g4v5sw5evmjtdmxdg2w53f.dx.internal.cloudapp.net/10.1.0.70)1b760667-28fc-4393-96a7-267a88805411(fv-az377-102.ap30g4v5sw5evmjtdmxdg2w53f.dx.internal.cloudapp.net/10.1.0.70)1b86d2c8-07b9-4256-9063-5eaa90b8c67a(fv-az377-102.ap30g4v5sw5evmjtdmxdg2w53f.dx.internal.cloudapp.net/10.1.0.70), ReplicationConfig: EC{rs-3-2-1024k}, State:ALLOCATED, leaderId:, CreationTimestamp2023-04-11T17:20:23.273Z[Etc/UTC]].
2023-04-11 17:20:23,274 [IPC Server handler 1 on default port 32863] INFO  pipeline.PipelineManagerImpl (PipelineManagerImpl.java:openPipeline(367)) - Pipeline Pipeline[ Id: 0cc99735-eb6a-4eec-a1f9-2e071aa85584, Nodes: 83a86767-9132-4ec4-b752-470247843358(fv-az377-102.ap30g4v5sw5evmjtdmxdg2w53f.dx.internal.cloudapp.net/10.1.0.70)1c712de1-3a3e-422e-b3d0-30fcd422e487(fv-az377-102.ap30g4v5sw5evmjtdmxdg2w53f.dx.internal.cloudapp.net/10.1.0.70)5e693bd7-32aa-42e7-99b2-0294dbaef363(fv-az377-102.ap30g4v5sw5evmjtdmxdg2w53f.dx.internal.cloudapp.net/10.1.0.70)1b760667-28fc-4393-96a7-267a88805411(fv-az377-102.ap30g4v5sw5evmjtdmxdg2w53f.dx.internal.cloudapp.net/10.1.0.70)1b86d2c8-07b9-4256-9063-5eaa90b8c67a(fv-az377-102.ap30g4v5sw5evmjtdmxdg2w53f.dx.internal.cloudapp.net/10.1.0.70), ReplicationConfig: EC{rs-3-2-1024k}, State:ALLOCATED, leaderId:, CreationTimestamp2023-04-11T17:20:23.273Z[Etc/UTC]] moved to OPEN state
2023-04-11 17:20:23,314 [IPC Server handler 4 on default port 37689] INFO  key.OMKeyRequest (OMKeyRequest.java:wrapUncommittedBlocksAsPseudoKey(838)) - Detect allocated but uncommitted blocks [{blockID={containerID=9, localID=111677748019200065}, length=4194304, offset=0, token=null, pipeline=null, createVersion=0, partNumber=0}] in key key2.
2023-04-11 17:20:23,321 [IPC Server handler 6 on default port 32863] INFO  pipeline.PipelineStateManagerImpl (PipelineStateManagerImpl.java:addPipeline(103)) - Created pipeline Pipeline[ Id: 38eb78fb-6198-4831-afad-edceb1cb9e59, Nodes: 1c712de1-3a3e-422e-b3d0-30fcd422e487(fv-az377-102.ap30g4v5sw5evmjtdmxdg2w53f.dx.internal.cloudapp.net/10.1.0.70)1b760667-28fc-4393-96a7-267a88805411(fv-az377-102.ap30g4v5sw5evmjtdmxdg2w53f.dx.internal.cloudapp.net/10.1.0.70)83a86767-9132-4ec4-b752-470247843358(fv-az377-102.ap30g4v5sw5evmjtdmxdg2w53f.dx.internal.cloudapp.net/10.1.0.70)5e693bd7-32aa-42e7-99b2-0294dbaef363(fv-az377-102.ap30g4v5sw5evmjtdmxdg2w53f.dx.internal.cloudapp.net/10.1.0.70)1b86d2c8-07b9-4256-9063-5eaa90b8c67a(fv-az377-102.ap30g4v5sw5evmjtdmxdg2w53f.dx.internal.cloudapp.net/10.1.0.70), ReplicationConfig: EC{rs-3-2-1024k}, State:ALLOCATED, leaderId:, CreationTimestamp2023-04-11T17:20:23.320Z[Etc/UTC]].
2023-04-11 17:20:23,322 [IPC Server handler 6 on default port 32863] INFO  pipeline.PipelineManagerImpl (PipelineManagerImpl.java:openPipeline(367)) - Pipeline Pipeline[ Id: 38eb78fb-6198-4831-afad-edceb1cb9e59, Nodes: 1c712de1-3a3e-422e-b3d0-30fcd422e487(fv-az377-102.ap30g4v5sw5evmjtdmxdg2w53f.dx.internal.cloudapp.net/10.1.0.70)1b760667-28fc-4393-96a7-267a88805411(fv-az377-102.ap30g4v5sw5evmjtdmxdg2w53f.dx.internal.cloudapp.net/10.1.0.70)83a86767-9132-4ec4-b752-470247843358(fv-az377-102.ap30g4v5sw5evmjtdmxdg2w53f.dx.internal.cloudapp.net/10.1.0.70)5e693bd7-32aa-42e7-99b2-0294dbaef363(fv-az377-102.ap30g4v5sw5evmjtdmxdg2w53f.dx.internal.cloudapp.net/10.1.0.70)1b86d2c8-07b9-4256-9063-5eaa90b8c67a(fv-az377-102.ap30g4v5sw5evmjtdmxdg2w53f.dx.internal.cloudapp.net/10.1.0.70), ReplicationConfig: EC{rs-3-2-1024k}, State:ALLOCATED, leaderId:, CreationTimestamp2023-04-11T17:20:23.320Z[Etc/UTC]] moved to OPEN state
2023-04-11 17:20:23,350 [IPC Server handler 15 on default port 37689] INFO  key.OMKeyRequest (OMKeyRequest.java:wrapUncommittedBlocksAsPseudoKey(838)) - Detect allocated but uncommitted blocks [{blockID={containerID=10, localID=111677748019200066}, length=4194304, offset=0, token=null, pipeline=null, createVersion=0, partNumber=0}] in key key3.
2023-04-11 17:20:23,357 [IPC Server handler 7 on default port 37689] INFO  key.OMKeyRequest (OMKeyRequest.java:wrapUncommittedBlocksAsPseudoKey(838)) - Detect allocated but uncommitted blocks [{blockID={containerID=1, localID=111677748019200067}, length=4194304, offset=0, token=null, pipeline=null, createVersion=0, partNumber=0}] in key key4.
]]></system-out>
  </testcase>
  <testcase name="testListStatusIteratorOnRoot" classname="TestOzoneFileSystem" time="0.036"/>
  <testcase name="testListStatusIteratorOnRoot" classname="TestOzoneFileSystem" time="0.023"/>
  <testcase name="testListStatusIteratorOnRoot" classname="TestOzoneFileSystem" time="0.026"/>
  <testcase name="testListStatusIteratorOnRoot" classname="TestOzoneFileSystem" time="0.023"/>
  <testcase name="testRenameDirToFile" classname="TestOzoneFileSystem" time="0.037">
    <system-out><![CDATA[2023-04-11 17:17:39,151 [OM StateMachine ApplyTransaction Thread - 0] INFO  key.OMKeyRequest (OMKeyRequest.java:wrapUncommittedBlocksAsPseudoKey(838)) - Detect allocated but uncommitted blocks [{blockID={containerID=2, localID=111677748019200068}, length=4194304, offset=0, token=null, pipeline=null, createVersion=0, partNumber=0}] in key root/file1.
2023-04-11 17:17:39,155 [Time-limited test] WARN  ozone.BasicOzoneFileSystem (BasicOzoneFileSystem.java:rename(423)) - Failed to rename o3fs://bucket67420.volume52567/a/b/c to o3fs://bucket67420.volume52567/root/file1, file already exists!
]]></system-out>
  </testcase>
  <testcase name="testRenameDirToFile" classname="TestOzoneFileSystem" time="0.02">
    <system-out><![CDATA[2023-04-11 17:18:34,480 [IPC Server handler 7 on default port 38777] INFO  key.OMKeyRequest (OMKeyRequest.java:wrapUncommittedBlocksAsPseudoKey(838)) - Detect allocated but uncommitted blocks [{blockID={containerID=1, localID=111677748019200068}, length=4194304, offset=0, token=null, pipeline=null, createVersion=0, partNumber=0}] in key root/file1.
2023-04-11 17:18:34,482 [Time-limited test] WARN  ozone.BasicOzoneFileSystem (BasicOzoneFileSystem.java:rename(423)) - Failed to rename o3fs://bucket92903.volume96178/a/b/c to o3fs://bucket92903.volume96178/root/file1, file already exists!
]]></system-out>
  </testcase>
  <testcase name="testRenameDirToFile" classname="TestOzoneFileSystem" time="0.021">
    <system-out><![CDATA[2023-04-11 17:19:31,053 [OM StateMachine ApplyTransaction Thread - 0] INFO  key.OMKeyRequest (OMKeyRequest.java:wrapUncommittedBlocksAsPseudoKey(838)) - Detect allocated but uncommitted blocks [{blockID={containerID=1, localID=111677748019200068}, length=4194304, offset=0, token=null, pipeline=null, createVersion=0, partNumber=0}] in key root/file1.
2023-04-11 17:19:31,055 [Time-limited test] WARN  ozone.BasicOzoneFileSystem (BasicOzoneFileSystem.java:rename(423)) - Failed to rename o3fs://bucket59866.volume95537/a/b/c to o3fs://bucket59866.volume95537/root/file1, file already exists!
]]></system-out>
  </testcase>
  <testcase name="testRenameDirToFile" classname="TestOzoneFileSystem" time="0.024">
    <system-out><![CDATA[2023-04-11 17:20:23,392 [IPC Server handler 18 on default port 37689] INFO  key.OMKeyRequest (OMKeyRequest.java:wrapUncommittedBlocksAsPseudoKey(838)) - Detect allocated but uncommitted blocks [{blockID={containerID=2, localID=111677748019200068}, length=4194304, offset=0, token=null, pipeline=null, createVersion=0, partNumber=0}] in key root/file1.
2023-04-11 17:20:23,396 [Time-limited test] WARN  ozone.BasicOzoneFileSystem (BasicOzoneFileSystem.java:rename(423)) - Failed to rename o3fs://bucket29928.volume96095/a/b/c to o3fs://bucket29928.volume96095/root/file1, file already exists!
]]></system-out>
  </testcase>
  <testcase name="testRenameToNewSubDirShouldNotExist" classname="TestOzoneFileSystem" time="0.051">
    <system-out><![CDATA[2023-04-11 17:17:39,191 [Time-limited test] WARN  ozone.BasicOzoneFileSystem (BasicOzoneFileSystem.java:rename(417)) - Failed to rename o3fs://bucket67420.volume52567/a to o3fs://bucket67420.volume52567/b/a, file already exists or not empty!
2023-04-11 17:17:39,198 [OM StateMachine ApplyTransaction Thread - 0] INFO  key.OMKeyRequest (OMKeyRequest.java:wrapUncommittedBlocksAsPseudoKey(838)) - Detect allocated but uncommitted blocks [{blockID={containerID=4, localID=111677748019200069}, length=4194304, offset=0, token=null, pipeline=null, createVersion=0, partNumber=0}] in key file1.
2023-04-11 17:17:39,204 [OM StateMachine ApplyTransaction Thread - 0] INFO  key.OMKeyRequest (OMKeyRequest.java:wrapUncommittedBlocksAsPseudoKey(838)) - Detect allocated but uncommitted blocks [{blockID={containerID=3, localID=111677748019200070}, length=4194304, offset=0, token=null, pipeline=null, createVersion=0, partNumber=0}] in key a/file1.
2023-04-11 17:17:39,206 [Time-limited test] WARN  ozone.BasicOzoneFileSystem (BasicOzoneFileSystem.java:rename(417)) - Failed to rename o3fs://bucket67420.volume52567/file1 to o3fs://bucket67420.volume52567/a/file1, file already exists or not empty!
]]></system-out>
  </testcase>
  <testcase name="testRenameToNewSubDirShouldNotExist" classname="TestOzoneFileSystem" time="0.031">
    <system-out><![CDATA[2023-04-11 17:18:34,502 [Time-limited test] WARN  ozone.BasicOzoneFileSystem (BasicOzoneFileSystem.java:rename(417)) - Failed to rename o3fs://bucket92903.volume96178/a to o3fs://bucket92903.volume96178/b/a, file already exists or not empty!
2023-04-11 17:18:34,506 [IPC Server handler 6 on default port 38777] INFO  key.OMKeyRequest (OMKeyRequest.java:wrapUncommittedBlocksAsPseudoKey(838)) - Detect allocated but uncommitted blocks [{blockID={containerID=2, localID=111677748019200069}, length=4194304, offset=0, token=null, pipeline=null, createVersion=0, partNumber=0}] in key file1.
2023-04-11 17:18:34,510 [IPC Server handler 1 on default port 38777] INFO  key.OMKeyRequest (OMKeyRequest.java:wrapUncommittedBlocksAsPseudoKey(838)) - Detect allocated but uncommitted blocks [{blockID={containerID=1, localID=111677748019200070}, length=4194304, offset=0, token=null, pipeline=null, createVersion=0, partNumber=0}] in key a/file1.
2023-04-11 17:18:34,512 [Time-limited test] WARN  ozone.BasicOzoneFileSystem (BasicOzoneFileSystem.java:rename(417)) - Failed to rename o3fs://bucket92903.volume96178/file1 to o3fs://bucket92903.volume96178/a/file1, file already exists or not empty!
]]></system-out>
  </testcase>
  <testcase name="testRenameToNewSubDirShouldNotExist" classname="TestOzoneFileSystem" time="0.04">
    <system-out><![CDATA[2023-04-11 17:19:31,082 [Time-limited test] WARN  ozone.BasicOzoneFileSystem (BasicOzoneFileSystem.java:rename(417)) - Failed to rename o3fs://bucket59866.volume95537/a to o3fs://bucket59866.volume95537/b/a, file already exists or not empty!
2023-04-11 17:19:31,088 [OM StateMachine ApplyTransaction Thread - 0] INFO  key.OMKeyRequest (OMKeyRequest.java:wrapUncommittedBlocksAsPseudoKey(838)) - Detect allocated but uncommitted blocks [{blockID={containerID=4, localID=111677748019200069}, length=4194304, offset=0, token=null, pipeline=null, createVersion=0, partNumber=0}] in key file1.
2023-04-11 17:19:31,092 [OM StateMachine ApplyTransaction Thread - 0] INFO  key.OMKeyRequest (OMKeyRequest.java:wrapUncommittedBlocksAsPseudoKey(838)) - Detect allocated but uncommitted blocks [{blockID={containerID=3, localID=111677748019200070}, length=4194304, offset=0, token=null, pipeline=null, createVersion=0, partNumber=0}] in key a/file1.
2023-04-11 17:19:31,094 [Time-limited test] WARN  ozone.BasicOzoneFileSystem (BasicOzoneFileSystem.java:rename(417)) - Failed to rename o3fs://bucket59866.volume95537/file1 to o3fs://bucket59866.volume95537/a/file1, file already exists or not empty!
]]></system-out>
  </testcase>
  <testcase name="testRenameToNewSubDirShouldNotExist" classname="TestOzoneFileSystem" time="0.034">
    <system-out><![CDATA[2023-04-11 17:20:23,418 [Time-limited test] WARN  ozone.BasicOzoneFileSystem (BasicOzoneFileSystem.java:rename(417)) - Failed to rename o3fs://bucket29928.volume96095/a to o3fs://bucket29928.volume96095/b/a, file already exists or not empty!
2023-04-11 17:20:23,422 [IPC Server handler 10 on default port 37689] INFO  key.OMKeyRequest (OMKeyRequest.java:wrapUncommittedBlocksAsPseudoKey(838)) - Detect allocated but uncommitted blocks [{blockID={containerID=3, localID=111677748019200069}, length=4194304, offset=0, token=null, pipeline=null, createVersion=0, partNumber=0}] in key file1.
2023-04-11 17:20:23,429 [IPC Server handler 19 on default port 37689] INFO  key.OMKeyRequest (OMKeyRequest.java:wrapUncommittedBlocksAsPseudoKey(838)) - Detect allocated but uncommitted blocks [{blockID={containerID=2, localID=111677748019200070}, length=4194304, offset=0, token=null, pipeline=null, createVersion=0, partNumber=0}] in key a/file1.
2023-04-11 17:20:23,431 [Time-limited test] WARN  ozone.BasicOzoneFileSystem (BasicOzoneFileSystem.java:rename(417)) - Failed to rename o3fs://bucket29928.volume96095/file1 to o3fs://bucket29928.volume96095/a/file1, file already exists or not empty!
]]></system-out>
  </testcase>
  <testcase name="testListStatusOnLargeDirectoryForACLCheck" classname="TestOzoneFileSystem" time="2.508">
    <system-out><![CDATA[2023-04-11 17:17:41,650 [om1-client-thread2] INFO  segmented.SegmentedRaftLogWorker (SegmentedRaftLogWorker.java:rollLogSegment(457)) - om1@group-C5BA1605619E-SegmentedRaftLogWorker: Rolling segment log-0_36882 to index:36882
2023-04-11 17:17:41,652 [om1@group-C5BA1605619E-SegmentedRaftLogWorker] INFO  segmented.SegmentedRaftLogWorker (SegmentedRaftLogWorker.java:execute(613)) - om1@group-C5BA1605619E-SegmentedRaftLogWorker: Rolled log segment from /home/runner/work/ozone/ozone/hadoop-ozone/integration-test/target/test-dir/MiniOzoneClusterImpl-c6c5b2ab-f103-43fd-a9c8-44793663f5fe/ozone-meta/ratis/bf265839-605b-3f16-9796-c5ba1605619e/current/log_inprogress_0 to /home/runner/work/ozone/ozone/hadoop-ozone/integration-test/target/test-dir/MiniOzoneClusterImpl-c6c5b2ab-f103-43fd-a9c8-44793663f5fe/ozone-meta/ratis/bf265839-605b-3f16-9796-c5ba1605619e/current/log_0-36882
2023-04-11 17:17:41,665 [om1@group-C5BA1605619E-SegmentedRaftLogWorker] INFO  segmented.SegmentedRaftLogWorker (SegmentedRaftLogWorker.java:execute(656)) - om1@group-C5BA1605619E-SegmentedRaftLogWorker: created new log segment /home/runner/work/ozone/ozone/hadoop-ozone/integration-test/target/test-dir/MiniOzoneClusterImpl-c6c5b2ab-f103-43fd-a9c8-44793663f5fe/ozone-meta/ratis/bf265839-605b-3f16-9796-c5ba1605619e/current/log_inprogress_36883
]]></system-out>
  </testcase>
  <testcase name="testListStatusOnLargeDirectoryForACLCheck" classname="TestOzoneFileSystem" time="1.131"/>
  <testcase name="testListStatusOnLargeDirectoryForACLCheck" classname="TestOzoneFileSystem" time="1.785">
    <system-out><![CDATA[2023-04-11 17:19:32,820 [om1-client-thread1] INFO  segmented.SegmentedRaftLogWorker (SegmentedRaftLogWorker.java:rollLogSegment(457)) - om1@group-C5BA1605619E-SegmentedRaftLogWorker: Rolling segment log-0_36864 to index:36864
2023-04-11 17:19:32,821 [om1@group-C5BA1605619E-SegmentedRaftLogWorker] INFO  segmented.SegmentedRaftLogWorker (SegmentedRaftLogWorker.java:execute(613)) - om1@group-C5BA1605619E-SegmentedRaftLogWorker: Rolled log segment from /home/runner/work/ozone/ozone/hadoop-ozone/integration-test/target/test-dir/MiniOzoneClusterImpl-7d6c2114-24de-471a-af28-9a4df9894e15/ozone-meta/ratis/bf265839-605b-3f16-9796-c5ba1605619e/current/log_inprogress_0 to /home/runner/work/ozone/ozone/hadoop-ozone/integration-test/target/test-dir/MiniOzoneClusterImpl-7d6c2114-24de-471a-af28-9a4df9894e15/ozone-meta/ratis/bf265839-605b-3f16-9796-c5ba1605619e/current/log_0-36864
2023-04-11 17:19:32,834 [om1@group-C5BA1605619E-SegmentedRaftLogWorker] INFO  segmented.SegmentedRaftLogWorker (SegmentedRaftLogWorker.java:execute(656)) - om1@group-C5BA1605619E-SegmentedRaftLogWorker: created new log segment /home/runner/work/ozone/ozone/hadoop-ozone/integration-test/target/test-dir/MiniOzoneClusterImpl-7d6c2114-24de-471a-af28-9a4df9894e15/ozone-meta/ratis/bf265839-605b-3f16-9796-c5ba1605619e/current/log_inprogress_36865
]]></system-out>
  </testcase>
  <testcase name="testListStatusOnLargeDirectoryForACLCheck" classname="TestOzoneFileSystem" time="1.096"/>
  <testcase name="testRenameFileToDir" classname="TestOzoneFileSystem" time="0.049">
    <system-out><![CDATA[2023-04-11 17:17:41,747 [OM StateMachine ApplyTransaction Thread - 0] INFO  key.OMKeyRequest (OMKeyRequest.java:wrapUncommittedBlocksAsPseudoKey(838)) - Detect allocated but uncommitted blocks [{blockID={containerID=2, localID=111677748019200071}, length=4194304, offset=0, token=null, pipeline=null, createVersion=0, partNumber=0}] in key root/file1.
17:17:41.751 [IPC Server handler 10 on default port 41353] ERROR OMAudit - user=runner | ip=127.0.0.1 | op=LIST_STATUS {volume=volume52567, bucket=bucket67420, key=a/b/c/file1, dataSize=0, replicationConfig=null} | ret=FAILURE
org.apache.hadoop.ozone.om.exceptions.OMException: Unable to get file status: volume: volume52567 bucket: bucket67420 key: a/b/c/file1
	at org.apache.hadoop.ozone.om.KeyManagerImpl.getOzoneFileStatus(KeyManagerImpl.java:1200) ~[ozone-manager-1.4.0-SNAPSHOT.jar:?]
	at org.apache.hadoop.ozone.om.KeyManagerImpl.getFileStatus(KeyManagerImpl.java:1118) ~[ozone-manager-1.4.0-SNAPSHOT.jar:?]
	at org.apache.hadoop.ozone.om.KeyManagerImpl.listStatus(KeyManagerImpl.java:1508) ~[ozone-manager-1.4.0-SNAPSHOT.jar:?]
	at org.apache.hadoop.ozone.om.OmMetadataReader.listStatus(OmMetadataReader.java:261) ~[ozone-manager-1.4.0-SNAPSHOT.jar:?]
	at org.apache.hadoop.ozone.om.OzoneManager.listStatus(OzoneManager.java:3510) ~[ozone-manager-1.4.0-SNAPSHOT.jar:?]
	at org.apache.hadoop.ozone.protocolPB.OzoneManagerRequestHandler.listStatus(OzoneManagerRequestHandler.java:1098) ~[ozone-manager-1.4.0-SNAPSHOT.jar:?]
	at org.apache.hadoop.ozone.protocolPB.OzoneManagerRequestHandler.handleReadRequest(OzoneManagerRequestHandler.java:249) ~[ozone-manager-1.4.0-SNAPSHOT.jar:?]
	at org.apache.hadoop.ozone.protocolPB.OzoneManagerProtocolServerSideTranslatorPB.submitReadRequestToOM(OzoneManagerProtocolServerSideTranslatorPB.java:223) ~[ozone-manager-1.4.0-SNAPSHOT.jar:?]
	at org.apache.hadoop.ozone.protocolPB.OzoneManagerProtocolServerSideTranslatorPB.processRequest(OzoneManagerProtocolServerSideTranslatorPB.java:177) ~[ozone-manager-1.4.0-SNAPSHOT.jar:?]
	at org.apache.hadoop.hdds.server.OzoneProtocolMessageDispatcher.processRequest(OzoneProtocolMessageDispatcher.java:87) [hdds-server-framework-1.4.0-SNAPSHOT.jar:?]
	at org.apache.hadoop.ozone.protocolPB.OzoneManagerProtocolServerSideTranslatorPB.submitRequest(OzoneManagerProtocolServerSideTranslatorPB.java:147) [ozone-manager-1.4.0-SNAPSHOT.jar:?]
	at org.apache.hadoop.ozone.protocol.proto.OzoneManagerProtocolProtos$OzoneManagerService$2.callBlockingMethod(OzoneManagerProtocolProtos.java) [ozone-interface-client-1.4.0-SNAPSHOT.jar:?]
	at org.apache.hadoop.ipc.ProtobufRpcEngine$Server.processCall(ProtobufRpcEngine.java:484) [hadoop-common-3.3.5.jar:?]
	at org.apache.hadoop.ipc.ProtobufRpcEngine2$Server$ProtoBufRpcInvoker.call(ProtobufRpcEngine2.java:595) [hadoop-common-3.3.5.jar:?]
	at org.apache.hadoop.ipc.ProtobufRpcEngine2$Server$ProtoBufRpcInvoker.call(ProtobufRpcEngine2.java:573) [hadoop-common-3.3.5.jar:?]
	at org.apache.hadoop.ipc.RPC$Server.call(RPC.java:1213) [hadoop-common-3.3.5.jar:?]
	at org.apache.hadoop.ipc.Server$RpcCall.run(Server.java:1089) [hadoop-common-3.3.5.jar:?]
	at org.apache.hadoop.ipc.Server$RpcCall.run(Server.java:1012) [hadoop-common-3.3.5.jar:?]
	at java.security.AccessController.doPrivileged(Native Method) ~[?:1.8.0_362]
	at javax.security.auth.Subject.doAs(Subject.java:422) [?:1.8.0_362]
	at org.apache.hadoop.security.UserGroupInformation.doAs(UserGroupInformation.java:1899) [hadoop-common-3.3.5.jar:?]
	at org.apache.hadoop.ipc.Server$Handler.run(Server.java:3026) [hadoop-common-3.3.5.jar:?]
]]></system-out>
  </testcase>
  <testcase name="testRenameFileToDir" classname="TestOzoneFileSystem" time="0.033">
    <system-out><![CDATA[2023-04-11 17:18:35,662 [IPC Server handler 17 on default port 38777] INFO  key.OMKeyRequest (OMKeyRequest.java:wrapUncommittedBlocksAsPseudoKey(838)) - Detect allocated but uncommitted blocks [{blockID={containerID=4, localID=111677748019200071}, length=4194304, offset=0, token=null, pipeline=null, createVersion=0, partNumber=0}] in key root/file1.
17:18:35.666 [IPC Server handler 9 on default port 38777] ERROR OMAudit - user=runner | ip=127.0.0.1 | op=LIST_STATUS {volume=volume96178, bucket=bucket92903, key=a/b/c/file1, dataSize=0, replicationConfig=null} | ret=FAILURE
org.apache.hadoop.ozone.om.exceptions.OMException: Unable to get file status: volume: volume96178 bucket: bucket92903 key: a/b/c/file1
	at org.apache.hadoop.ozone.om.KeyManagerImpl.getOzoneFileStatus(KeyManagerImpl.java:1200) ~[ozone-manager-1.4.0-SNAPSHOT.jar:?]
	at org.apache.hadoop.ozone.om.KeyManagerImpl.getFileStatus(KeyManagerImpl.java:1118) ~[ozone-manager-1.4.0-SNAPSHOT.jar:?]
	at org.apache.hadoop.ozone.om.KeyManagerImpl.listStatus(KeyManagerImpl.java:1508) ~[ozone-manager-1.4.0-SNAPSHOT.jar:?]
	at org.apache.hadoop.ozone.om.OmMetadataReader.listStatus(OmMetadataReader.java:261) ~[ozone-manager-1.4.0-SNAPSHOT.jar:?]
	at org.apache.hadoop.ozone.om.OzoneManager.listStatus(OzoneManager.java:3510) ~[ozone-manager-1.4.0-SNAPSHOT.jar:?]
	at org.apache.hadoop.ozone.protocolPB.OzoneManagerRequestHandler.listStatus(OzoneManagerRequestHandler.java:1098) ~[ozone-manager-1.4.0-SNAPSHOT.jar:?]
	at org.apache.hadoop.ozone.protocolPB.OzoneManagerRequestHandler.handleReadRequest(OzoneManagerRequestHandler.java:249) ~[ozone-manager-1.4.0-SNAPSHOT.jar:?]
	at org.apache.hadoop.ozone.protocolPB.OzoneManagerProtocolServerSideTranslatorPB.submitRequestDirectlyToOM(OzoneManagerProtocolServerSideTranslatorPB.java:272) ~[ozone-manager-1.4.0-SNAPSHOT.jar:?]
	at org.apache.hadoop.ozone.protocolPB.OzoneManagerProtocolServerSideTranslatorPB.processRequest(OzoneManagerProtocolServerSideTranslatorPB.java:173) ~[ozone-manager-1.4.0-SNAPSHOT.jar:?]
	at org.apache.hadoop.hdds.server.OzoneProtocolMessageDispatcher.processRequest(OzoneProtocolMessageDispatcher.java:87) [hdds-server-framework-1.4.0-SNAPSHOT.jar:?]
	at org.apache.hadoop.ozone.protocolPB.OzoneManagerProtocolServerSideTranslatorPB.submitRequest(OzoneManagerProtocolServerSideTranslatorPB.java:147) [ozone-manager-1.4.0-SNAPSHOT.jar:?]
	at org.apache.hadoop.ozone.protocol.proto.OzoneManagerProtocolProtos$OzoneManagerService$2.callBlockingMethod(OzoneManagerProtocolProtos.java) [ozone-interface-client-1.4.0-SNAPSHOT.jar:?]
	at org.apache.hadoop.ipc.ProtobufRpcEngine$Server.processCall(ProtobufRpcEngine.java:484) [hadoop-common-3.3.5.jar:?]
	at org.apache.hadoop.ipc.ProtobufRpcEngine2$Server$ProtoBufRpcInvoker.call(ProtobufRpcEngine2.java:595) [hadoop-common-3.3.5.jar:?]
	at org.apache.hadoop.ipc.ProtobufRpcEngine2$Server$ProtoBufRpcInvoker.call(ProtobufRpcEngine2.java:573) [hadoop-common-3.3.5.jar:?]
	at org.apache.hadoop.ipc.RPC$Server.call(RPC.java:1213) [hadoop-common-3.3.5.jar:?]
	at org.apache.hadoop.ipc.Server$RpcCall.run(Server.java:1089) [hadoop-common-3.3.5.jar:?]
	at org.apache.hadoop.ipc.Server$RpcCall.run(Server.java:1012) [hadoop-common-3.3.5.jar:?]
	at java.security.AccessController.doPrivileged(Native Method) ~[?:1.8.0_362]
	at javax.security.auth.Subject.doAs(Subject.java:422) [?:1.8.0_362]
	at org.apache.hadoop.security.UserGroupInformation.doAs(UserGroupInformation.java:1899) [hadoop-common-3.3.5.jar:?]
	at org.apache.hadoop.ipc.Server$Handler.run(Server.java:3026) [hadoop-common-3.3.5.jar:?]
]]></system-out>
  </testcase>
  <testcase name="testRenameFileToDir" classname="TestOzoneFileSystem" time="0.046">
    <system-out><![CDATA[2023-04-11 17:19:32,910 [OM StateMachine ApplyTransaction Thread - 0] INFO  key.OMKeyRequest (OMKeyRequest.java:wrapUncommittedBlocksAsPseudoKey(838)) - Detect allocated but uncommitted blocks [{blockID={containerID=1, localID=111677748019200071}, length=4194304, offset=0, token=null, pipeline=null, createVersion=0, partNumber=0}] in key root/file1.
17:19:32.913 [IPC Server handler 0 on default port 45623] ERROR OMAudit - user=runner | ip=127.0.0.1 | op=LIST_STATUS {volume=volume95537, bucket=bucket59866, key=a/b/c/file1, dataSize=0, replicationConfig=null} | ret=FAILURE
org.apache.hadoop.ozone.om.exceptions.OMException: Unable to get file status: volume: volume95537 bucket: bucket59866 key: a/b/c/file1
	at org.apache.hadoop.ozone.om.KeyManagerImpl.getOzoneFileStatus(KeyManagerImpl.java:1200) ~[ozone-manager-1.4.0-SNAPSHOT.jar:?]
	at org.apache.hadoop.ozone.om.KeyManagerImpl.getFileStatus(KeyManagerImpl.java:1118) ~[ozone-manager-1.4.0-SNAPSHOT.jar:?]
	at org.apache.hadoop.ozone.om.KeyManagerImpl.listStatus(KeyManagerImpl.java:1508) ~[ozone-manager-1.4.0-SNAPSHOT.jar:?]
	at org.apache.hadoop.ozone.om.OmMetadataReader.listStatus(OmMetadataReader.java:261) ~[ozone-manager-1.4.0-SNAPSHOT.jar:?]
	at org.apache.hadoop.ozone.om.OzoneManager.listStatus(OzoneManager.java:3510) ~[ozone-manager-1.4.0-SNAPSHOT.jar:?]
	at org.apache.hadoop.ozone.protocolPB.OzoneManagerRequestHandler.listStatus(OzoneManagerRequestHandler.java:1098) ~[ozone-manager-1.4.0-SNAPSHOT.jar:?]
	at org.apache.hadoop.ozone.protocolPB.OzoneManagerRequestHandler.handleReadRequest(OzoneManagerRequestHandler.java:249) ~[ozone-manager-1.4.0-SNAPSHOT.jar:?]
	at org.apache.hadoop.ozone.protocolPB.OzoneManagerProtocolServerSideTranslatorPB.submitReadRequestToOM(OzoneManagerProtocolServerSideTranslatorPB.java:223) ~[ozone-manager-1.4.0-SNAPSHOT.jar:?]
	at org.apache.hadoop.ozone.protocolPB.OzoneManagerProtocolServerSideTranslatorPB.processRequest(OzoneManagerProtocolServerSideTranslatorPB.java:177) ~[ozone-manager-1.4.0-SNAPSHOT.jar:?]
	at org.apache.hadoop.hdds.server.OzoneProtocolMessageDispatcher.processRequest(OzoneProtocolMessageDispatcher.java:87) [hdds-server-framework-1.4.0-SNAPSHOT.jar:?]
	at org.apache.hadoop.ozone.protocolPB.OzoneManagerProtocolServerSideTranslatorPB.submitRequest(OzoneManagerProtocolServerSideTranslatorPB.java:147) [ozone-manager-1.4.0-SNAPSHOT.jar:?]
	at org.apache.hadoop.ozone.protocol.proto.OzoneManagerProtocolProtos$OzoneManagerService$2.callBlockingMethod(OzoneManagerProtocolProtos.java) [ozone-interface-client-1.4.0-SNAPSHOT.jar:?]
	at org.apache.hadoop.ipc.ProtobufRpcEngine$Server.processCall(ProtobufRpcEngine.java:484) [hadoop-common-3.3.5.jar:?]
	at org.apache.hadoop.ipc.ProtobufRpcEngine2$Server$ProtoBufRpcInvoker.call(ProtobufRpcEngine2.java:595) [hadoop-common-3.3.5.jar:?]
	at org.apache.hadoop.ipc.ProtobufRpcEngine2$Server$ProtoBufRpcInvoker.call(ProtobufRpcEngine2.java:573) [hadoop-common-3.3.5.jar:?]
	at org.apache.hadoop.ipc.RPC$Server.call(RPC.java:1213) [hadoop-common-3.3.5.jar:?]
	at org.apache.hadoop.ipc.Server$RpcCall.run(Server.java:1089) [hadoop-common-3.3.5.jar:?]
	at org.apache.hadoop.ipc.Server$RpcCall.run(Server.java:1012) [hadoop-common-3.3.5.jar:?]
	at java.security.AccessController.doPrivileged(Native Method) ~[?:1.8.0_362]
	at javax.security.auth.Subject.doAs(Subject.java:422) [?:1.8.0_362]
	at org.apache.hadoop.security.UserGroupInformation.doAs(UserGroupInformation.java:1899) [hadoop-common-3.3.5.jar:?]
	at org.apache.hadoop.ipc.Server$Handler.run(Server.java:3026) [hadoop-common-3.3.5.jar:?]
]]></system-out>
  </testcase>
  <testcase name="testRenameFileToDir" classname="TestOzoneFileSystem" time="0.037">
    <system-out><![CDATA[2023-04-11 17:20:24,548 [IPC Server handler 5 on default port 37689] INFO  key.OMKeyRequest (OMKeyRequest.java:wrapUncommittedBlocksAsPseudoKey(838)) - Detect allocated but uncommitted blocks [{blockID={containerID=3, localID=111677748019200071}, length=4194304, offset=0, token=null, pipeline=null, createVersion=0, partNumber=0}] in key root/file1.
17:20:24.554 [IPC Server handler 17 on default port 37689] ERROR OMAudit - user=runner | ip=127.0.0.1 | op=LIST_STATUS {volume=volume96095, bucket=bucket29928, key=a/b/c/file1, dataSize=0, replicationConfig=null} | ret=FAILURE
org.apache.hadoop.ozone.om.exceptions.OMException: Unable to get file status: volume: volume96095 bucket: bucket29928 key: a/b/c/file1
	at org.apache.hadoop.ozone.om.KeyManagerImpl.getOzoneFileStatus(KeyManagerImpl.java:1200) ~[ozone-manager-1.4.0-SNAPSHOT.jar:?]
	at org.apache.hadoop.ozone.om.KeyManagerImpl.getFileStatus(KeyManagerImpl.java:1118) ~[ozone-manager-1.4.0-SNAPSHOT.jar:?]
	at org.apache.hadoop.ozone.om.KeyManagerImpl.listStatus(KeyManagerImpl.java:1508) ~[ozone-manager-1.4.0-SNAPSHOT.jar:?]
	at org.apache.hadoop.ozone.om.OmMetadataReader.listStatus(OmMetadataReader.java:261) ~[ozone-manager-1.4.0-SNAPSHOT.jar:?]
	at org.apache.hadoop.ozone.om.OzoneManager.listStatus(OzoneManager.java:3510) ~[ozone-manager-1.4.0-SNAPSHOT.jar:?]
	at org.apache.hadoop.ozone.protocolPB.OzoneManagerRequestHandler.listStatus(OzoneManagerRequestHandler.java:1098) ~[ozone-manager-1.4.0-SNAPSHOT.jar:?]
	at org.apache.hadoop.ozone.protocolPB.OzoneManagerRequestHandler.handleReadRequest(OzoneManagerRequestHandler.java:249) ~[ozone-manager-1.4.0-SNAPSHOT.jar:?]
	at org.apache.hadoop.ozone.protocolPB.OzoneManagerProtocolServerSideTranslatorPB.submitRequestDirectlyToOM(OzoneManagerProtocolServerSideTranslatorPB.java:272) ~[ozone-manager-1.4.0-SNAPSHOT.jar:?]
	at org.apache.hadoop.ozone.protocolPB.OzoneManagerProtocolServerSideTranslatorPB.processRequest(OzoneManagerProtocolServerSideTranslatorPB.java:173) ~[ozone-manager-1.4.0-SNAPSHOT.jar:?]
	at org.apache.hadoop.hdds.server.OzoneProtocolMessageDispatcher.processRequest(OzoneProtocolMessageDispatcher.java:87) [hdds-server-framework-1.4.0-SNAPSHOT.jar:?]
	at org.apache.hadoop.ozone.protocolPB.OzoneManagerProtocolServerSideTranslatorPB.submitRequest(OzoneManagerProtocolServerSideTranslatorPB.java:147) [ozone-manager-1.4.0-SNAPSHOT.jar:?]
	at org.apache.hadoop.ozone.protocol.proto.OzoneManagerProtocolProtos$OzoneManagerService$2.callBlockingMethod(OzoneManagerProtocolProtos.java) [ozone-interface-client-1.4.0-SNAPSHOT.jar:?]
	at org.apache.hadoop.ipc.ProtobufRpcEngine$Server.processCall(ProtobufRpcEngine.java:484) [hadoop-common-3.3.5.jar:?]
	at org.apache.hadoop.ipc.ProtobufRpcEngine2$Server$ProtoBufRpcInvoker.call(ProtobufRpcEngine2.java:595) [hadoop-common-3.3.5.jar:?]
	at org.apache.hadoop.ipc.ProtobufRpcEngine2$Server$ProtoBufRpcInvoker.call(ProtobufRpcEngine2.java:573) [hadoop-common-3.3.5.jar:?]
	at org.apache.hadoop.ipc.RPC$Server.call(RPC.java:1213) [hadoop-common-3.3.5.jar:?]
	at org.apache.hadoop.ipc.Server$RpcCall.run(Server.java:1089) [hadoop-common-3.3.5.jar:?]
	at org.apache.hadoop.ipc.Server$RpcCall.run(Server.java:1012) [hadoop-common-3.3.5.jar:?]
	at java.security.AccessController.doPrivileged(Native Method) ~[?:1.8.0_362]
	at javax.security.auth.Subject.doAs(Subject.java:422) [?:1.8.0_362]
	at org.apache.hadoop.security.UserGroupInformation.doAs(UserGroupInformation.java:1899) [hadoop-common-3.3.5.jar:?]
	at org.apache.hadoop.ipc.Server$Handler.run(Server.java:3026) [hadoop-common-3.3.5.jar:?]
]]></system-out>
  </testcase>
  <testcase name="testListStatusWithIntermediateDirWithECEnabled" classname="TestOzoneFileSystem" time="0.033">
    <system-out><![CDATA[2023-04-11 17:17:41,786 [IPC Server handler 16 on default port 39109] INFO  pipeline.PipelineStateManagerImpl (PipelineStateManagerImpl.java:addPipeline(103)) - Created pipeline Pipeline[ Id: 48dff7fd-34af-4de2-a1ae-c0323816d75d, Nodes: 30e95ef4-c50c-4a35-94a1-24945bf18908(fv-az377-102.ap30g4v5sw5evmjtdmxdg2w53f.dx.internal.cloudapp.net/10.1.0.70)a41b41b2-6125-497a-a0cb-d7eb73039636(fv-az377-102.ap30g4v5sw5evmjtdmxdg2w53f.dx.internal.cloudapp.net/10.1.0.70)ff5646e7-cde4-4000-b2d9-463cca811cba(fv-az377-102.ap30g4v5sw5evmjtdmxdg2w53f.dx.internal.cloudapp.net/10.1.0.70)54fa8802-d5ce-4a45-bac9-9464a05e8046(fv-az377-102.ap30g4v5sw5evmjtdmxdg2w53f.dx.internal.cloudapp.net/10.1.0.70)f773ed51-7a93-4584-ad9a-f2b89fe87645(fv-az377-102.ap30g4v5sw5evmjtdmxdg2w53f.dx.internal.cloudapp.net/10.1.0.70), ReplicationConfig: EC{rs-3-2-1024k}, State:ALLOCATED, leaderId:, CreationTimestamp2023-04-11T17:17:41.785Z[Etc/UTC]].
2023-04-11 17:17:41,786 [IPC Server handler 16 on default port 39109] INFO  pipeline.PipelineManagerImpl (PipelineManagerImpl.java:openPipeline(367)) - Pipeline Pipeline[ Id: 48dff7fd-34af-4de2-a1ae-c0323816d75d, Nodes: 30e95ef4-c50c-4a35-94a1-24945bf18908(fv-az377-102.ap30g4v5sw5evmjtdmxdg2w53f.dx.internal.cloudapp.net/10.1.0.70)a41b41b2-6125-497a-a0cb-d7eb73039636(fv-az377-102.ap30g4v5sw5evmjtdmxdg2w53f.dx.internal.cloudapp.net/10.1.0.70)ff5646e7-cde4-4000-b2d9-463cca811cba(fv-az377-102.ap30g4v5sw5evmjtdmxdg2w53f.dx.internal.cloudapp.net/10.1.0.70)54fa8802-d5ce-4a45-bac9-9464a05e8046(fv-az377-102.ap30g4v5sw5evmjtdmxdg2w53f.dx.internal.cloudapp.net/10.1.0.70)f773ed51-7a93-4584-ad9a-f2b89fe87645(fv-az377-102.ap30g4v5sw5evmjtdmxdg2w53f.dx.internal.cloudapp.net/10.1.0.70), ReplicationConfig: EC{rs-3-2-1024k}, State:ALLOCATED, leaderId:, CreationTimestamp2023-04-11T17:17:41.785Z[Etc/UTC]] moved to OPEN state
2023-04-11 17:17:41,793 [OM StateMachine ApplyTransaction Thread - 0] INFO  key.OMKeyRequest (OMKeyRequest.java:wrapUncommittedBlocksAsPseudoKey(838)) - Detect allocated but uncommitted blocks [{blockID={containerID=11, localID=111677748019200072}, length=4194304, offset=0, token=null, pipeline=null, createVersion=0, partNumber=0}] in key object-dir/object-name1.
]]></system-out>
  </testcase>
  <testcase name="testListStatusWithIntermediateDirWithECEnabled" classname="TestOzoneFileSystem" time="0.031">
    <system-out><![CDATA[2023-04-11 17:18:35,694 [IPC Server handler 18 on default port 37307] INFO  pipeline.PipelineStateManagerImpl (PipelineStateManagerImpl.java:addPipeline(103)) - Created pipeline Pipeline[ Id: 15ded53f-98c4-4073-8887-10c58ba56d3d, Nodes: 302076d3-f1b4-4ab2-b5f1-f71a9676adc4(fv-az377-102.ap30g4v5sw5evmjtdmxdg2w53f.dx.internal.cloudapp.net/10.1.0.70)6e9ccc6a-fad0-416f-afa3-09e4e9fe5838(fv-az377-102.ap30g4v5sw5evmjtdmxdg2w53f.dx.internal.cloudapp.net/10.1.0.70)316a6a1b-3f00-43af-9dbc-ac2971b62daf(fv-az377-102.ap30g4v5sw5evmjtdmxdg2w53f.dx.internal.cloudapp.net/10.1.0.70)1466190b-31b8-4a1a-90c9-9931edc03f55(fv-az377-102.ap30g4v5sw5evmjtdmxdg2w53f.dx.internal.cloudapp.net/10.1.0.70)f68eba80-45f1-4a76-a2e4-30d77c550dcc(fv-az377-102.ap30g4v5sw5evmjtdmxdg2w53f.dx.internal.cloudapp.net/10.1.0.70), ReplicationConfig: EC{rs-3-2-1024k}, State:ALLOCATED, leaderId:, CreationTimestamp2023-04-11T17:18:35.693Z[Etc/UTC]].
2023-04-11 17:18:35,694 [IPC Server handler 18 on default port 37307] INFO  pipeline.PipelineManagerImpl (PipelineManagerImpl.java:openPipeline(367)) - Pipeline Pipeline[ Id: 15ded53f-98c4-4073-8887-10c58ba56d3d, Nodes: 302076d3-f1b4-4ab2-b5f1-f71a9676adc4(fv-az377-102.ap30g4v5sw5evmjtdmxdg2w53f.dx.internal.cloudapp.net/10.1.0.70)6e9ccc6a-fad0-416f-afa3-09e4e9fe5838(fv-az377-102.ap30g4v5sw5evmjtdmxdg2w53f.dx.internal.cloudapp.net/10.1.0.70)316a6a1b-3f00-43af-9dbc-ac2971b62daf(fv-az377-102.ap30g4v5sw5evmjtdmxdg2w53f.dx.internal.cloudapp.net/10.1.0.70)1466190b-31b8-4a1a-90c9-9931edc03f55(fv-az377-102.ap30g4v5sw5evmjtdmxdg2w53f.dx.internal.cloudapp.net/10.1.0.70)f68eba80-45f1-4a76-a2e4-30d77c550dcc(fv-az377-102.ap30g4v5sw5evmjtdmxdg2w53f.dx.internal.cloudapp.net/10.1.0.70), ReplicationConfig: EC{rs-3-2-1024k}, State:ALLOCATED, leaderId:, CreationTimestamp2023-04-11T17:18:35.693Z[Etc/UTC]] moved to OPEN state
2023-04-11 17:18:35,701 [IPC Server handler 12 on default port 38777] INFO  key.OMKeyRequest (OMKeyRequest.java:wrapUncommittedBlocksAsPseudoKey(838)) - Detect allocated but uncommitted blocks [{blockID={containerID=11, localID=111677748019200072}, length=4194304, offset=0, token=null, pipeline=null, createVersion=0, partNumber=0}] in key object-dir/object-name1.
]]></system-out>
  </testcase>
  <testcase name="testListStatusWithIntermediateDirWithECEnabled" classname="TestOzoneFileSystem" time="0.027">
    <system-out><![CDATA[2023-04-11 17:19:32,943 [IPC Server handler 18 on default port 46877] INFO  pipeline.PipelineStateManagerImpl (PipelineStateManagerImpl.java:addPipeline(103)) - Created pipeline Pipeline[ Id: a05684bc-20bd-4aea-8530-b1ce652500cc, Nodes: e2528fcf-cc94-417b-97bd-48133fe724de(fv-az377-102.ap30g4v5sw5evmjtdmxdg2w53f.dx.internal.cloudapp.net/10.1.0.70)e6d924a0-7c53-4274-9275-f319576c3e7e(fv-az377-102.ap30g4v5sw5evmjtdmxdg2w53f.dx.internal.cloudapp.net/10.1.0.70)b174b524-4137-4544-9099-51b684ecdb2f(fv-az377-102.ap30g4v5sw5evmjtdmxdg2w53f.dx.internal.cloudapp.net/10.1.0.70)88c84cd2-72ca-4eec-b7eb-2fcd5700cf38(fv-az377-102.ap30g4v5sw5evmjtdmxdg2w53f.dx.internal.cloudapp.net/10.1.0.70)a8e18eb8-676b-4d89-b1ed-2f6ae890a6f9(fv-az377-102.ap30g4v5sw5evmjtdmxdg2w53f.dx.internal.cloudapp.net/10.1.0.70), ReplicationConfig: EC{rs-3-2-1024k}, State:ALLOCATED, leaderId:, CreationTimestamp2023-04-11T17:19:32.943Z[Etc/UTC]].
2023-04-11 17:19:32,944 [IPC Server handler 18 on default port 46877] INFO  pipeline.PipelineManagerImpl (PipelineManagerImpl.java:openPipeline(367)) - Pipeline Pipeline[ Id: a05684bc-20bd-4aea-8530-b1ce652500cc, Nodes: e2528fcf-cc94-417b-97bd-48133fe724de(fv-az377-102.ap30g4v5sw5evmjtdmxdg2w53f.dx.internal.cloudapp.net/10.1.0.70)e6d924a0-7c53-4274-9275-f319576c3e7e(fv-az377-102.ap30g4v5sw5evmjtdmxdg2w53f.dx.internal.cloudapp.net/10.1.0.70)b174b524-4137-4544-9099-51b684ecdb2f(fv-az377-102.ap30g4v5sw5evmjtdmxdg2w53f.dx.internal.cloudapp.net/10.1.0.70)88c84cd2-72ca-4eec-b7eb-2fcd5700cf38(fv-az377-102.ap30g4v5sw5evmjtdmxdg2w53f.dx.internal.cloudapp.net/10.1.0.70)a8e18eb8-676b-4d89-b1ed-2f6ae890a6f9(fv-az377-102.ap30g4v5sw5evmjtdmxdg2w53f.dx.internal.cloudapp.net/10.1.0.70), ReplicationConfig: EC{rs-3-2-1024k}, State:ALLOCATED, leaderId:, CreationTimestamp2023-04-11T17:19:32.943Z[Etc/UTC]] moved to OPEN state
2023-04-11 17:19:32,948 [OM StateMachine ApplyTransaction Thread - 0] INFO  key.OMKeyRequest (OMKeyRequest.java:wrapUncommittedBlocksAsPseudoKey(838)) - Detect allocated but uncommitted blocks [{blockID={containerID=11, localID=111677748019200072}, length=4194304, offset=0, token=null, pipeline=null, createVersion=0, partNumber=0}] in key object-dir/object-name1.
]]></system-out>
  </testcase>
  <testcase name="testListStatusWithIntermediateDirWithECEnabled" classname="TestOzoneFileSystem" time="0.02">
    <system-out><![CDATA[2023-04-11 17:20:24,580 [IPC Server handler 19 on default port 32863] INFO  pipeline.PipelineStateManagerImpl (PipelineStateManagerImpl.java:addPipeline(103)) - Created pipeline Pipeline[ Id: 0cc61bef-51fc-4a09-bbcd-2f2372596fed, Nodes: 83a86767-9132-4ec4-b752-470247843358(fv-az377-102.ap30g4v5sw5evmjtdmxdg2w53f.dx.internal.cloudapp.net/10.1.0.70)1b86d2c8-07b9-4256-9063-5eaa90b8c67a(fv-az377-102.ap30g4v5sw5evmjtdmxdg2w53f.dx.internal.cloudapp.net/10.1.0.70)1b760667-28fc-4393-96a7-267a88805411(fv-az377-102.ap30g4v5sw5evmjtdmxdg2w53f.dx.internal.cloudapp.net/10.1.0.70)5e693bd7-32aa-42e7-99b2-0294dbaef363(fv-az377-102.ap30g4v5sw5evmjtdmxdg2w53f.dx.internal.cloudapp.net/10.1.0.70)1c712de1-3a3e-422e-b3d0-30fcd422e487(fv-az377-102.ap30g4v5sw5evmjtdmxdg2w53f.dx.internal.cloudapp.net/10.1.0.70), ReplicationConfig: EC{rs-3-2-1024k}, State:ALLOCATED, leaderId:, CreationTimestamp2023-04-11T17:20:24.580Z[Etc/UTC]].
2023-04-11 17:20:24,581 [IPC Server handler 19 on default port 32863] INFO  pipeline.PipelineManagerImpl (PipelineManagerImpl.java:openPipeline(367)) - Pipeline Pipeline[ Id: 0cc61bef-51fc-4a09-bbcd-2f2372596fed, Nodes: 83a86767-9132-4ec4-b752-470247843358(fv-az377-102.ap30g4v5sw5evmjtdmxdg2w53f.dx.internal.cloudapp.net/10.1.0.70)1b86d2c8-07b9-4256-9063-5eaa90b8c67a(fv-az377-102.ap30g4v5sw5evmjtdmxdg2w53f.dx.internal.cloudapp.net/10.1.0.70)1b760667-28fc-4393-96a7-267a88805411(fv-az377-102.ap30g4v5sw5evmjtdmxdg2w53f.dx.internal.cloudapp.net/10.1.0.70)5e693bd7-32aa-42e7-99b2-0294dbaef363(fv-az377-102.ap30g4v5sw5evmjtdmxdg2w53f.dx.internal.cloudapp.net/10.1.0.70)1c712de1-3a3e-422e-b3d0-30fcd422e487(fv-az377-102.ap30g4v5sw5evmjtdmxdg2w53f.dx.internal.cloudapp.net/10.1.0.70), ReplicationConfig: EC{rs-3-2-1024k}, State:ALLOCATED, leaderId:, CreationTimestamp2023-04-11T17:20:24.580Z[Etc/UTC]] moved to OPEN state
2023-04-11 17:20:24,582 [IPC Server handler 15 on default port 37689] INFO  key.OMKeyRequest (OMKeyRequest.java:wrapUncommittedBlocksAsPseudoKey(838)) - Detect allocated but uncommitted blocks [{blockID={containerID=11, localID=111677748019200072}, length=4194304, offset=0, token=null, pipeline=null, createVersion=0, partNumber=0}] in key object-dir/object-name1.
]]></system-out>
  </testcase>
  <testcase name="testMakeDirsWithAnExistingDirectoryPath" classname="TestOzoneFileSystem" time="0.022">
    <system-out><![CDATA[2023-04-11 17:17:41,823 [OM StateMachine ApplyTransaction Thread - 0] INFO  key.OMKeyRequest (OMKeyRequest.java:wrapUncommittedBlocksAsPseudoKey(838)) - Detect allocated but uncommitted blocks [{blockID={containerID=3, localID=111677748019200073}, length=4194304, offset=0, token=null, pipeline=null, createVersion=0, partNumber=0}] in key d1/d2/d3/d4/key1.
]]></system-out>
  </testcase>
  <testcase name="testMakeDirsWithAnExistingDirectoryPath" classname="TestOzoneFileSystem" time="0.019">
    <system-out><![CDATA[2023-04-11 17:18:35,729 [IPC Server handler 2 on default port 38777] INFO  key.OMKeyRequest (OMKeyRequest.java:wrapUncommittedBlocksAsPseudoKey(838)) - Detect allocated but uncommitted blocks [{blockID={containerID=3, localID=111677748019200073}, length=4194304, offset=0, token=null, pipeline=null, createVersion=0, partNumber=0}] in key d1/d2/d3/d4/key1.
]]></system-out>
  </testcase>
  <testcase name="testMakeDirsWithAnExistingDirectoryPath" classname="TestOzoneFileSystem" time="0.02">
    <system-out><![CDATA[2023-04-11 17:19:32,973 [OM StateMachine ApplyTransaction Thread - 0] INFO  key.OMKeyRequest (OMKeyRequest.java:wrapUncommittedBlocksAsPseudoKey(838)) - Detect allocated but uncommitted blocks [{blockID={containerID=2, localID=111677748019200073}, length=4194304, offset=0, token=null, pipeline=null, createVersion=0, partNumber=0}] in key d1/d2/d3/d4/key1.
]]></system-out>
  </testcase>
  <testcase name="testMakeDirsWithAnExistingDirectoryPath" classname="TestOzoneFileSystem" time="0.015">
    <system-out><![CDATA[2023-04-11 17:20:24,602 [IPC Server handler 13 on default port 37689] INFO  key.OMKeyRequest (OMKeyRequest.java:wrapUncommittedBlocksAsPseudoKey(838)) - Detect allocated but uncommitted blocks [{blockID={containerID=2, localID=111677748019200073}, length=4194304, offset=0, token=null, pipeline=null, createVersion=0, partNumber=0}] in key d1/d2/d3/d4/key1.
]]></system-out>
  </testcase>
</testsuite>