<?xml version="1.0" encoding="UTF-8"?>
<testsuite xmlns:xsi="http://www.w3.org/2001/XMLSchema-instance" xsi:noNamespaceSchemaLocation="https://maven.apache.org/surefire/maven-surefire-plugin/xsd/surefire-test-report-3.0.xsd" version="3.0" name="org.apache.hadoop.ozone.client.rpc.TestContainerStateMachineFailures" time="25.379" tests="1" errors="0" skipped="0" failures="1">
  <properties>
    <property name="awt.toolkit" value="sun.awt.X11.XToolkit"/>
    <property name="file.encoding.pkg" value="sun.io"/>
    <property name="java.specification.version" value="1.8"/>
    <property name="sun.cpu.isalist" value=""/>
    <property name="sun.jnu.encoding" value="UTF-8"/>
    <property name="java.class.path" value="/home/runner/work/ozone/ozone/hadoop-ozone/integration-test/target/test-classes:/home/runner/work/ozone/ozone/hadoop-ozone/integration-test/target/classes:/home/runner/.m2/repository/org/apache/ozone/ozone-common/1.4.0-SNAPSHOT/ozone-common-1.4.0-SNAPSHOT.jar:/home/runner/.m2/repository/io/grpc/grpc-netty/1.51.1/grpc-netty-1.51.1.jar:/home/runner/.m2/repository/io/grpc/grpc-core/1.51.1/grpc-core-1.51.1.jar:/home/runner/.m2/repository/com/google/android/annotations/4.1.1.4/annotations-4.1.1.4.jar:/home/runner/.m2/repository/org/codehaus/mojo/animal-sniffer-annotations/1.21/animal-sniffer-annotations-1.21.jar:/home/runner/.m2/repository/com/google/errorprone/error_prone_annotations/2.2.0/error_prone_annotations-2.2.0.jar:/home/runner/.m2/repository/io/perfmark/perfmark-api/0.25.0/perfmark-api-0.25.0.jar:/home/runner/.m2/repository/io/netty/netty-codec-http2/4.1.86.Final/netty-codec-http2-4.1.86.Final.jar:/home/runner/.m2/repository/io/netty/netty-common/4.1.86.Final/netty-common-4.1.86.Final.jar:/home/runner/.m2/repository/io/netty/netty-buffer/4.1.86.Final/netty-buffer-4.1.86.Final.jar:/home/runner/.m2/repository/io/netty/netty-codec-http/4.1.86.Final/netty-codec-http-4.1.86.Final.jar:/home/runner/.m2/repository/io/netty/netty-handler-proxy/4.1.86.Final/netty-handler-proxy-4.1.86.Final.jar:/home/runner/.m2/repository/io/netty/netty-codec-socks/4.1.86.Final/netty-codec-socks-4.1.86.Final.jar:/home/runner/.m2/repository/io/netty/netty-tcnative-boringssl-static/2.0.54.Final/netty-tcnative-boringssl-static-2.0.54.Final.jar:/home/runner/.m2/repository/io/netty/netty-tcnative-classes/2.0.54.Final/netty-tcnative-classes-2.0.54.Final.jar:/home/runner/.m2/repository/io/netty/netty-tcnative-boringssl-static/2.0.54.Final/netty-tcnative-boringssl-static-2.0.54.Final-linux-x86_64.jar:/home/runner/.m2/repository/io/netty/netty-tcnative-boringssl-static/2.0.54.Final/netty-tcnative-boringssl-static-2.0.54.Final-linux-aarch_64.jar:/home/runner/.m2/repository/io/netty/netty-tcnative-boringssl-static/2.0.54.Final/netty-tcnative-boringssl-static-2.0.54.Final-osx-x86_64.jar:/home/runner/.m2/repository/io/netty/netty-tcnative-boringssl-static/2.0.54.Final/netty-tcnative-boringssl-static-2.0.54.Final-osx-aarch_64.jar:/home/runner/.m2/repository/io/netty/netty-tcnative-boringssl-static/2.0.54.Final/netty-tcnative-boringssl-static-2.0.54.Final-windows-x86_64.jar:/home/runner/.m2/repository/org/apache/commons/commons-compress/1.21/commons-compress-1.21.jar:/home/runner/.m2/repository/org/apache/ozone/hdds-common/1.4.0-SNAPSHOT/hdds-common-1.4.0-SNAPSHOT.jar:/home/runner/.m2/repository/org/apache/ozone/hdds-client/1.4.0-SNAPSHOT/hdds-client-1.4.0-SNAPSHOT.jar:/home/runner/.m2/repository/org/apache/ozone/ozone-interface-client/1.4.0-SNAPSHOT/ozone-interface-client-1.4.0-SNAPSHOT.jar:/home/runner/.m2/repository/org/apache/ozone/hdds-test-utils/1.4.0-SNAPSHOT/hdds-test-utils-1.4.0-SNAPSHOT.jar:/home/runner/.m2/repository/com/google/guava/guava/31.1-jre/guava-31.1-jre.jar:/home/runner/.m2/repository/com/google/guava/failureaccess/1.0.1/failureaccess-1.0.1.jar:/home/runner/.m2/repository/com/google/guava/listenablefuture/9999.0-empty-to-avoid-conflict-with-guava/listenablefuture-9999.0-empty-to-avoid-conflict-with-guava.jar:/home/runner/.m2/repository/com/google/code/findbugs/jsr305/3.0.0/jsr305-3.0.0.jar:/home/runner/.m2/repository/org/checkerframework/checker-qual/3.12.0/checker-qual-3.12.0.jar:/home/runner/.m2/repository/com/google/j2objc/j2objc-annotations/1.3/j2objc-annotations-1.3.jar:/home/runner/.m2/repository/commons-io/commons-io/2.11.0/commons-io-2.11.0.jar:/home/runner/.m2/repository/commons-logging/commons-logging/1.2/commons-logging-1.2.jar:/home/runner/.m2/repository/ch/qos/reload4j/reload4j/1.2.22/reload4j-1.2.22.jar:/home/runner/.m2/repository/org/slf4j/slf4j-api/1.7.36/slf4j-api-1.7.36.jar:/home/runner/.m2/repository/org/apache/ozone/hdds-server-scm/1.4.0-SNAPSHOT/hdds-server-scm-1.4.0-SNAPSHOT.jar:/home/runner/.m2/repository/org/apache/ozone/hdds-container-service/1.4.0-SNAPSHOT/hdds-container-service-1.4.0-SNAPSHOT.jar:/home/runner/.m2/repository/org/apache/ozone/hdds-hadoop-dependency-server/1.4.0-SNAPSHOT/hdds-hadoop-dependency-server-1.4.0-SNAPSHOT.jar:/home/runner/.m2/repository/org/apache/hadoop/hadoop-hdfs/3.3.5/hadoop-hdfs-3.3.5.jar:/home/runner/.m2/repository/commons-daemon/commons-daemon/1.0.13/commons-daemon-1.0.13.jar:/home/runner/.m2/repository/org/apache/ozone/hdds-server-framework/1.4.0-SNAPSHOT/hdds-server-framework-1.4.0-SNAPSHOT.jar:/home/runner/.m2/repository/io/dropwizard/metrics/metrics-core/3.2.4/metrics-core-3.2.4.jar:/home/runner/.m2/repository/org/apache/commons/commons-text/1.4/commons-text-1.4.jar:/home/runner/.m2/repository/org/apache/hadoop/hadoop-hdfs-client/3.3.5/hadoop-hdfs-client-3.3.5.jar:/home/runner/.m2/repository/com/squareup/okhttp3/okhttp/4.9.3/okhttp-4.9.3.jar:/home/runner/.m2/repository/com/squareup/okio/okio/2.8.0/okio-2.8.0.jar:/home/runner/.m2/repository/org/jetbrains/kotlin/kotlin-stdlib-common/1.6.21/kotlin-stdlib-common-1.6.21.jar:/home/runner/.m2/repository/org/bouncycastle/bcprov-jdk15on/1.67/bcprov-jdk15on-1.67.jar:/home/runner/.m2/repository/com/google/protobuf/protobuf-java/2.5.0/protobuf-java-2.5.0.jar:/home/runner/.m2/repository/org/apache/ozone/hdds-server-framework/1.4.0-SNAPSHOT/hdds-server-framework-1.4.0-SNAPSHOT-tests.jar:/home/runner/.m2/repository/org/apache/ozone/hdds-interface-server/1.4.0-SNAPSHOT/hdds-interface-server-1.4.0-SNAPSHOT.jar:/home/runner/.m2/repository/org/apache/ozone/hdds-interface-admin/1.4.0-SNAPSHOT/hdds-interface-admin-1.4.0-SNAPSHOT.jar:/home/runner/.m2/repository/org/apache/ozone/hdds-managed-rocksdb/1.4.0-SNAPSHOT/hdds-managed-rocksdb-1.4.0-SNAPSHOT.jar:/home/runner/.m2/repository/org/rocksdb/rocksdbjni/7.7.3/rocksdbjni-7.7.3.jar:/home/runner/.m2/repository/org/slf4j/slf4j-reload4j/1.7.36/slf4j-reload4j-1.7.36.jar:/home/runner/.m2/repository/org/apache/commons/commons-configuration2/2.1.1/commons-configuration2-2.1.1.jar:/home/runner/.m2/repository/org/apache/logging/log4j/log4j-core/2.17.1/log4j-core-2.17.1.jar:/home/runner/.m2/repository/com/lmax/disruptor/3.4.2/disruptor-3.4.2.jar:/home/runner/.m2/repository/org/eclipse/jetty/jetty-util/9.4.49.v20220914/jetty-util-9.4.49.v20220914.jar:/home/runner/.m2/repository/org/eclipse/jetty/jetty-server/9.4.49.v20220914/jetty-server-9.4.49.v20220914.jar:/home/runner/.m2/repository/org/eclipse/jetty/jetty-http/9.4.49.v20220914/jetty-http-9.4.49.v20220914.jar:/home/runner/.m2/repository/org/eclipse/jetty/jetty-io/9.4.49.v20220914/jetty-io-9.4.49.v20220914.jar:/home/runner/.m2/repository/org/eclipse/jetty/jetty-servlet/9.4.49.v20220914/jetty-servlet-9.4.49.v20220914.jar:/home/runner/.m2/repository/org/eclipse/jetty/jetty-security/9.4.49.v20220914/jetty-security-9.4.49.v20220914.jar:/home/runner/.m2/repository/org/eclipse/jetty/jetty-util-ajax/9.4.49.v20220914/jetty-util-ajax-9.4.49.v20220914.jar:/home/runner/.m2/repository/org/eclipse/jetty/jetty-webapp/9.4.49.v20220914/jetty-webapp-9.4.49.v20220914.jar:/home/runner/.m2/repository/org/eclipse/jetty/jetty-xml/9.4.49.v20220914/jetty-xml-9.4.49.v20220914.jar:/home/runner/.m2/repository/org/apache/ratis/ratis-server/2.4.2-8b8bdda-SNAPSHOT/ratis-server-2.4.2-8b8bdda-SNAPSHOT.jar:/home/runner/.m2/repository/org/apache/ratis/ratis-thirdparty-misc/1.0.3/ratis-thirdparty-misc-1.0.3.jar:/home/runner/.m2/repository/org/apache/ratis/ratis-proto/2.4.2-8b8bdda-SNAPSHOT/ratis-proto-2.4.2-8b8bdda-SNAPSHOT.jar:/home/runner/.m2/repository/org/apache/ratis/ratis-common/2.4.2-8b8bdda-SNAPSHOT/ratis-common-2.4.2-8b8bdda-SNAPSHOT.jar:/home/runner/.m2/repository/org/apache/ratis/ratis-client/2.4.2-8b8bdda-SNAPSHOT/ratis-client-2.4.2-8b8bdda-SNAPSHOT.jar:/home/runner/.m2/repository/org/apache/ratis/ratis-server-api/2.4.2-8b8bdda-SNAPSHOT/ratis-server-api-2.4.2-8b8bdda-SNAPSHOT.jar:/home/runner/.m2/repository/org/apache/ratis/ratis-metrics/2.4.2-8b8bdda-SNAPSHOT/ratis-metrics-2.4.2-8b8bdda-SNAPSHOT.jar:/home/runner/.m2/repository/io/prometheus/simpleclient_dropwizard/0.7.0/simpleclient_dropwizard-0.7.0.jar:/home/runner/.m2/repository/io/prometheus/simpleclient/0.7.0/simpleclient-0.7.0.jar:/home/runner/.m2/repository/io/prometheus/simpleclient_common/0.7.0/simpleclient_common-0.7.0.jar:/home/runner/.m2/repository/com/fasterxml/jackson/datatype/jackson-datatype-jsr310/2.13.4/jackson-datatype-jsr310-2.13.4.jar:/home/runner/.m2/repository/com/fasterxml/jackson/core/jackson-core/2.13.4/jackson-core-2.13.4.jar:/home/runner/.m2/repository/com/github/spotbugs/spotbugs-annotations/3.1.12/spotbugs-annotations-3.1.12.jar:/home/runner/.m2/repository/org/apache/ozone/rocksdb-checkpoint-differ/1.4.0-SNAPSHOT/rocksdb-checkpoint-differ-1.4.0-SNAPSHOT.jar:/home/runner/.m2/repository/org/awaitility/awaitility/4.2.0/awaitility-4.2.0.jar:/home/runner/.m2/repository/org/hamcrest/hamcrest/2.1/hamcrest-2.1.jar:/home/runner/.m2/repository/org/apache/ozone/ozone-manager/1.4.0-SNAPSHOT/ozone-manager-1.4.0-SNAPSHOT.jar:/home/runner/.m2/repository/org/aspectj/aspectjrt/1.9.7/aspectjrt-1.9.7.jar:/home/runner/.m2/repository/org/aspectj/aspectjweaver/1.9.7/aspectjweaver-1.9.7.jar:/home/runner/.m2/repository/org/apache/ozone/hdds-interface-client/1.4.0-SNAPSHOT/hdds-interface-client-1.4.0-SNAPSHOT.jar:/home/runner/.m2/repository/org/apache/hadoop/thirdparty/hadoop-shaded-protobuf_3_7/1.1.1/hadoop-shaded-protobuf_3_7-1.1.1.jar:/home/runner/.m2/repository/org/apache/ozone/ozone-interface-storage/1.4.0-SNAPSHOT/ozone-interface-storage-1.4.0-SNAPSHOT.jar:/home/runner/.m2/repository/org/reflections/reflections/0.9.11/reflections-0.9.11.jar:/home/runner/.m2/repository/com/sun/jersey/jersey-client/1.19/jersey-client-1.19.jar:/home/runner/.m2/repository/org/codehaus/jackson/jackson-core-asl/1.9.13/jackson-core-asl-1.9.13.jar:/home/runner/.m2/repository/org/codehaus/jackson/jackson-mapper-asl/1.9.13/jackson-mapper-asl-1.9.13.jar:/home/runner/.m2/repository/org/codehaus/jackson/jackson-jaxrs/1.9.13/jackson-jaxrs-1.9.13.jar:/home/runner/.m2/repository/org/apache/ranger/ranger-intg/2.3.0/ranger-intg-2.3.0.jar:/home/runner/.m2/repository/org/apache/ranger/ranger-plugins-common/2.3.0/ranger-plugins-common-2.3.0.jar:/home/runner/.m2/repository/commons-lang/commons-lang/2.6/commons-lang-2.6.jar:/home/runner/.m2/repository/org/apache/ranger/ranger-plugins-cred/2.3.0/ranger-plugins-cred-2.3.0.jar:/home/runner/.m2/repository/org/apache/ranger/ranger-plugins-audit/2.3.0/ranger-plugins-audit-2.3.0.jar:/home/runner/.m2/repository/org/eclipse/jetty/jetty-client/9.4.49.v20220914/jetty-client-9.4.49.v20220914.jar:/home/runner/.m2/repository/org/apache/httpcomponents/httpmime/4.5.6/httpmime-4.5.6.jar:/home/runner/.m2/repository/org/apache/httpcomponents/httpcore-nio/4.4.13/httpcore-nio-4.4.13.jar:/home/runner/.m2/repository/org/apache/httpcomponents/httpasyncclient/4.1.3/httpasyncclient-4.1.3.jar:/home/runner/.m2/repository/com/carrotsearch/hppc/0.8.0/hppc-0.8.0.jar:/home/runner/.m2/repository/org/apache/orc/orc-core/1.5.8/orc-core-1.5.8.jar:/home/runner/.m2/repository/net/java/dev/jna/jna/5.2.0/jna-5.2.0.jar:/home/runner/.m2/repository/net/java/dev/jna/jna-platform/5.2.0/jna-platform-5.2.0.jar:/home/runner/.m2/repository/com/kstruct/gethostname4j/0.0.2/gethostname4j-0.0.2.jar:/home/runner/.m2/repository/org/apache/ranger/ranger-plugin-classloader/2.3.0/ranger-plugin-classloader-2.3.0.jar:/home/runner/.m2/repository/org/apache/hadoop/hadoop-minikdc/3.3.5/hadoop-minikdc-3.3.5.jar:/home/runner/.m2/repository/org/apache/kerby/kerb-simplekdc/1.0.1/kerb-simplekdc-1.0.1.jar:/home/runner/.m2/repository/org/apache/kerby/kerb-client/1.0.1/kerb-client-1.0.1.jar:/home/runner/.m2/repository/org/apache/kerby/kerby-config/1.0.1/kerby-config-1.0.1.jar:/home/runner/.m2/repository/org/apache/kerby/kerb-common/1.0.1/kerb-common-1.0.1.jar:/home/runner/.m2/repository/org/apache/kerby/kerb-crypto/1.0.1/kerb-crypto-1.0.1.jar:/home/runner/.m2/repository/org/apache/kerby/kerb-util/1.0.1/kerb-util-1.0.1.jar:/home/runner/.m2/repository/org/apache/kerby/token-provider/1.0.1/token-provider-1.0.1.jar:/home/runner/.m2/repository/org/apache/kerby/kerb-admin/1.0.1/kerb-admin-1.0.1.jar:/home/runner/.m2/repository/org/apache/kerby/kerb-server/1.0.1/kerb-server-1.0.1.jar:/home/runner/.m2/repository/org/apache/kerby/kerb-identity/1.0.1/kerb-identity-1.0.1.jar:/home/runner/.m2/repository/org/apache/kerby/kerby-xdr/1.0.1/kerby-xdr-1.0.1.jar:/home/runner/.m2/repository/org/apache/ozone/ozone-s3gateway/1.4.0-SNAPSHOT/ozone-s3gateway-1.4.0-SNAPSHOT.jar:/home/runner/.m2/repository/org/javassist/javassist/3.21.0-GA/javassist-3.21.0-GA.jar:/home/runner/.m2/repository/org/jboss/weld/servlet/weld-servlet-shaded/3.1.9.Final/weld-servlet-shaded-3.1.9.Final.jar:/home/runner/.m2/repository/org/glassfish/jersey/containers/jersey-container-servlet-core/2.34/jersey-container-servlet-core-2.34.jar:/home/runner/.m2/repository/org/glassfish/hk2/external/jakarta.inject/2.6.1/jakarta.inject-2.6.1.jar:/home/runner/.m2/repository/org/glassfish/jersey/core/jersey-common/2.34/jersey-common-2.34.jar:/home/runner/.m2/repository/jakarta/ws/rs/jakarta.ws.rs-api/2.1.6/jakarta.ws.rs-api-2.1.6.jar:/home/runner/.m2/repository/org/glassfish/jersey/ext/cdi/jersey-cdi1x/2.34/jersey-cdi1x-2.34.jar:/home/runner/.m2/repository/org/glassfish/jersey/inject/jersey-hk2/2.34/jersey-hk2-2.34.jar:/home/runner/.m2/repository/org/glassfish/hk2/hk2-locator/2.6.1/hk2-locator-2.6.1.jar:/home/runner/.m2/repository/org/glassfish/jersey/media/jersey-media-jaxb/2.34/jersey-media-jaxb-2.34.jar:/home/runner/.m2/repository/org/glassfish/hk2/osgi-resource-locator/1.0.3/osgi-resource-locator-1.0.3.jar:/home/runner/.m2/repository/org/glassfish/hk2/hk2-api/2.5.0/hk2-api-2.5.0.jar:/home/runner/.m2/repository/org/glassfish/hk2/hk2-utils/2.5.0/hk2-utils-2.5.0.jar:/home/runner/.m2/repository/org/glassfish/hk2/external/aopalliance-repackaged/2.5.0/aopalliance-repackaged-2.5.0.jar:/home/runner/.m2/repository/com/fasterxml/jackson/dataformat/jackson-dataformat-xml/2.13.4/jackson-dataformat-xml-2.13.4.jar:/home/runner/.m2/repository/org/codehaus/woodstox/stax2-api/4.2.1/stax2-api-4.2.1.jar:/home/runner/.m2/repository/com/fasterxml/woodstox/woodstox-core/5.4.0/woodstox-core-5.4.0.jar:/home/runner/.m2/repository/com/fasterxml/jackson/module/jackson-module-jaxb-annotations/2.13.4/jackson-module-jaxb-annotations-2.13.4.jar:/home/runner/.m2/repository/jakarta/xml/bind/jakarta.xml.bind-api/2.3.3/jakarta.xml.bind-api-2.3.3.jar:/home/runner/.m2/repository/jakarta/activation/jakarta.activation-api/1.2.2/jakarta.activation-api-1.2.2.jar:/home/runner/.m2/repository/javax/enterprise/cdi-api/2.0/cdi-api-2.0.jar:/home/runner/.m2/repository/javax/el/javax.el-api/3.0.0/javax.el-api-3.0.0.jar:/home/runner/.m2/repository/javax/interceptor/javax.interceptor-api/1.2/javax.interceptor-api-1.2.jar:/home/runner/.m2/repository/javax/inject/javax.inject/1/javax.inject-1.jar:/home/runner/.m2/repository/javax/xml/bind/jaxb-api/2.3.0/jaxb-api-2.3.0.jar:/home/runner/.m2/repository/org/glassfish/jaxb/jaxb-runtime/2.3.0.1/jaxb-runtime-2.3.0.1.jar:/home/runner/.m2/repository/org/glassfish/jaxb/jaxb-core/2.3.0.1/jaxb-core-2.3.0.1.jar:/home/runner/.m2/repository/org/glassfish/jaxb/txw2/2.3.0.1/txw2-2.3.0.1.jar:/home/runner/.m2/repository/com/sun/istack/istack-commons-runtime/3.0.5/istack-commons-runtime-3.0.5.jar:/home/runner/.m2/repository/org/jvnet/staxex/stax-ex/1.7.8/stax-ex-1.7.8.jar:/home/runner/.m2/repository/com/sun/xml/fastinfoset/FastInfoset/1.2.13/FastInfoset-1.2.13.jar:/home/runner/.m2/repository/javax/activation/activation/1.1.1/activation-1.1.1.jar:/home/runner/.m2/repository/io/grpc/grpc-protobuf/1.51.1/grpc-protobuf-1.51.1.jar:/home/runner/.m2/repository/io/grpc/grpc-api/1.51.1/grpc-api-1.51.1.jar:/home/runner/.m2/repository/io/grpc/grpc-context/1.51.1/grpc-context-1.51.1.jar:/home/runner/.m2/repository/com/google/api/grpc/proto-google-common-protos/2.9.0/proto-google-common-protos-2.9.0.jar:/home/runner/.m2/repository/io/grpc/grpc-protobuf-lite/1.51.1/grpc-protobuf-lite-1.51.1.jar:/home/runner/.m2/repository/io/grpc/grpc-stub/1.51.1/grpc-stub-1.51.1.jar:/home/runner/.m2/repository/io/netty/netty-transport/4.1.86.Final/netty-transport-4.1.86.Final.jar:/home/runner/.m2/repository/io/netty/netty-resolver/4.1.86.Final/netty-resolver-4.1.86.Final.jar:/home/runner/.m2/repository/org/apache/ozone/ozone-csi/1.4.0-SNAPSHOT/ozone-csi-1.4.0-SNAPSHOT.jar:/home/runner/.m2/repository/com/google/protobuf/protobuf-java-util/3.19.6/protobuf-java-util-3.19.6.jar:/home/runner/.m2/repository/com/google/code/gson/gson/2.9.0/gson-2.9.0.jar:/home/runner/.m2/repository/org/apache/ozone/hdds-config/1.4.0-SNAPSHOT/hdds-config-1.4.0-SNAPSHOT.jar:/home/runner/.m2/repository/io/netty/netty-transport-native-epoll/4.1.86.Final/netty-transport-native-epoll-4.1.86.Final-linux-x86_64.jar:/home/runner/.m2/repository/io/netty/netty-transport-classes-epoll/4.1.86.Final/netty-transport-classes-epoll-4.1.86.Final.jar:/home/runner/.m2/repository/io/netty/netty-transport-native-unix-common/4.1.86.Final/netty-transport-native-unix-common-4.1.86.Final.jar:/home/runner/.m2/repository/org/apache/ozone/ozone-recon/1.4.0-SNAPSHOT/ozone-recon-1.4.0-SNAPSHOT.jar:/home/runner/.m2/repository/org/apache/ozone/ozone-reconcodegen/1.4.0-SNAPSHOT/ozone-reconcodegen-1.4.0-SNAPSHOT.jar:/home/runner/.m2/repository/com/google/inject/guice/5.1.0/guice-5.1.0.jar:/home/runner/.m2/repository/aopalliance/aopalliance/1.0/aopalliance-1.0.jar:/home/runner/.m2/repository/com/google/inject/extensions/guice-assistedinject/5.1.0/guice-assistedinject-5.1.0.jar:/home/runner/.m2/repository/com/google/inject/extensions/guice-servlet/5.1.0/guice-servlet-5.1.0.jar:/home/runner/.m2/repository/org/glassfish/jersey/containers/jersey-container-servlet/2.34/jersey-container-servlet-2.34.jar:/home/runner/.m2/repository/org/glassfish/hk2/guice-bridge/2.5.0/guice-bridge-2.5.0.jar:/home/runner/.m2/repository/org/glassfish/jersey/core/jersey-server/2.34/jersey-server-2.34.jar:/home/runner/.m2/repository/org/glassfish/jersey/core/jersey-client/2.34/jersey-client-2.34.jar:/home/runner/.m2/repository/jakarta/annotation/jakarta.annotation-api/1.3.5/jakarta.annotation-api-1.3.5.jar:/home/runner/.m2/repository/jakarta/validation/jakarta.validation-api/2.0.2/jakarta.validation-api-2.0.2.jar:/home/runner/.m2/repository/org/glassfish/jersey/media/jersey-media-json-jackson/2.34/jersey-media-json-jackson-2.34.jar:/home/runner/.m2/repository/org/glassfish/jersey/ext/jersey-entity-filtering/2.34/jersey-entity-filtering-2.34.jar:/home/runner/.m2/repository/org/jooq/jooq/3.11.10/jooq-3.11.10.jar:/home/runner/.m2/repository/org/jooq/jooq-meta/3.11.10/jooq-meta-3.11.10.jar:/home/runner/.m2/repository/org/jooq/jooq-codegen/3.11.10/jooq-codegen-3.11.10.jar:/home/runner/.m2/repository/com/jolbox/bonecp/0.8.0.RELEASE/bonecp-0.8.0.RELEASE.jar:/home/runner/.m2/repository/org/apache/derby/derby/10.14.2.0/derby-10.14.2.0.jar:/home/runner/.m2/repository/org/xerial/sqlite-jdbc/3.25.2/sqlite-jdbc-3.25.2.jar:/home/runner/.m2/repository/org/springframework/spring-jdbc/5.3.26/spring-jdbc-5.3.26.jar:/home/runner/.m2/repository/org/springframework/spring-beans/5.3.26/spring-beans-5.3.26.jar:/home/runner/.m2/repository/org/springframework/spring-core/5.3.26/spring-core-5.3.26.jar:/home/runner/.m2/repository/org/springframework/spring-jcl/5.3.26/spring-jcl-5.3.26.jar:/home/runner/.m2/repository/org/springframework/spring-tx/5.3.26/spring-tx-5.3.26.jar:/home/runner/.m2/repository/org/apache/ozone/ozone-client/1.4.0-SNAPSHOT/ozone-client-1.4.0-SNAPSHOT.jar:/home/runner/.m2/repository/org/apache/ozone/hdds-erasurecode/1.4.0-SNAPSHOT/hdds-erasurecode-1.4.0-SNAPSHOT.jar:/home/runner/.m2/repository/org/apache/ozone/ozone-filesystem/1.4.0-SNAPSHOT/ozone-filesystem-1.4.0-SNAPSHOT.jar:/home/runner/.m2/repository/org/apache/ozone/ozone-filesystem-common/1.4.0-SNAPSHOT/ozone-filesystem-common-1.4.0-SNAPSHOT.jar:/home/runner/.m2/repository/org/apache/ozone/ozone-tools/1.4.0-SNAPSHOT/ozone-tools-1.4.0-SNAPSHOT.jar:/home/runner/.m2/repository/com/amazonaws/aws-java-sdk-core/1.12.261/aws-java-sdk-core-1.12.261.jar:/home/runner/.m2/repository/org/apache/httpcomponents/httpclient/4.5.13/httpclient-4.5.13.jar:/home/runner/.m2/repository/org/apache/httpcomponents/httpcore/4.4.13/httpcore-4.4.13.jar:/home/runner/.m2/repository/software/amazon/ion/ion-java/1.0.2/ion-java-1.0.2.jar:/home/runner/.m2/repository/com/fasterxml/jackson/dataformat/jackson-dataformat-cbor/2.13.4/jackson-dataformat-cbor-2.13.4.jar:/home/runner/.m2/repository/joda-time/joda-time/2.10.6/joda-time-2.10.6.jar:/home/runner/.m2/repository/com/amazonaws/aws-java-sdk-s3/1.12.261/aws-java-sdk-s3-1.12.261.jar:/home/runner/.m2/repository/com/amazonaws/aws-java-sdk-kms/1.12.261/aws-java-sdk-kms-1.12.261.jar:/home/runner/.m2/repository/com/amazonaws/jmespath-java/1.12.261/jmespath-java-1.12.261.jar:/home/runner/.m2/repository/org/kohsuke/metainf-services/metainf-services/1.8/metainf-services-1.8.jar:/home/runner/.m2/repository/org/apache/ozone/hdds-tools/1.4.0-SNAPSHOT/hdds-tools-1.4.0-SNAPSHOT.jar:/home/runner/.m2/repository/org/apache/ratis/ratis-tools/2.4.2-8b8bdda-SNAPSHOT/ratis-tools-2.4.2-8b8bdda-SNAPSHOT.jar:/home/runner/.m2/repository/commons-cli/commons-cli/1.2/commons-cli-1.2.jar:/home/runner/.m2/repository/org/apache/commons/commons-lang3/3.7/commons-lang3-3.7.jar:/home/runner/.m2/repository/org/apache/ozone/ozone-manager/1.4.0-SNAPSHOT/ozone-manager-1.4.0-SNAPSHOT-tests.jar:/home/runner/.m2/repository/org/apache/ozone/hdds-common/1.4.0-SNAPSHOT/hdds-common-1.4.0-SNAPSHOT-tests.jar:/home/runner/.m2/repository/org/apache/ozone/hdds-hadoop-dependency-client/1.4.0-SNAPSHOT/hdds-hadoop-dependency-client-1.4.0-SNAPSHOT.jar:/home/runner/.m2/repository/info/picocli/picocli/4.6.1/picocli-4.6.1.jar:/home/runner/.m2/repository/com/fasterxml/jackson/core/jackson-annotations/2.13.4/jackson-annotations-2.13.4.jar:/home/runner/.m2/repository/org/apache/ozone/hdds-annotation-processing/1.4.0-SNAPSHOT/hdds-annotation-processing-1.4.0-SNAPSHOT.jar:/home/runner/.m2/repository/javax/annotation/javax.annotation-api/1.2/javax.annotation-api-1.2.jar:/home/runner/.m2/repository/org/apache/ratis/ratis-netty/2.4.2-8b8bdda-SNAPSHOT/ratis-netty-2.4.2-8b8bdda-SNAPSHOT.jar:/home/runner/.m2/repository/org/apache/ratis/ratis-grpc/2.4.2-8b8bdda-SNAPSHOT/ratis-grpc-2.4.2-8b8bdda-SNAPSHOT.jar:/home/runner/.m2/repository/org/apache/logging/log4j/log4j-api/2.17.1/log4j-api-2.17.1.jar:/home/runner/.m2/repository/org/apache/commons/commons-pool2/2.6.0/commons-pool2-2.6.0.jar:/home/runner/.m2/repository/org/bouncycastle/bcpkix-jdk15on/1.67/bcpkix-jdk15on-1.67.jar:/home/runner/.m2/repository/commons-validator/commons-validator/1.6/commons-validator-1.6.jar:/home/runner/.m2/repository/commons-beanutils/commons-beanutils/1.9.4/commons-beanutils-1.9.4.jar:/home/runner/.m2/repository/commons-digester/commons-digester/1.8.1/commons-digester-1.8.1.jar:/home/runner/.m2/repository/commons-collections/commons-collections/3.2.2/commons-collections-3.2.2.jar:/home/runner/.m2/repository/io/jaegertracing/jaeger-client/1.6.0/jaeger-client-1.6.0.jar:/home/runner/.m2/repository/io/jaegertracing/jaeger-thrift/1.6.0/jaeger-thrift-1.6.0.jar:/home/runner/.m2/repository/org/apache/thrift/libthrift/0.14.1/libthrift-0.14.1.jar:/home/runner/.m2/repository/io/jaegertracing/jaeger-core/1.6.0/jaeger-core-1.6.0.jar:/home/runner/.m2/repository/io/jaegertracing/jaeger-tracerresolver/1.6.0/jaeger-tracerresolver-1.6.0.jar:/home/runner/.m2/repository/io/opentracing/contrib/opentracing-tracerresolver/0.1.8/opentracing-tracerresolver-0.1.8.jar:/home/runner/.m2/repository/org/jetbrains/kotlin/kotlin-stdlib/1.6.21/kotlin-stdlib-1.6.21.jar:/home/runner/.m2/repository/org/jetbrains/annotations/13.0/annotations-13.0.jar:/home/runner/.m2/repository/io/opentracing/opentracing-util/0.33.0/opentracing-util-0.33.0.jar:/home/runner/.m2/repository/io/opentracing/opentracing-api/0.33.0/opentracing-api-0.33.0.jar:/home/runner/.m2/repository/io/opentracing/opentracing-noop/0.33.0/opentracing-noop-0.33.0.jar:/home/runner/.m2/repository/org/yaml/snakeyaml/2.0/snakeyaml-2.0.jar:/home/runner/.m2/repository/junit/junit/4.13.1/junit-4.13.1.jar:/home/runner/.m2/repository/org/hamcrest/hamcrest-core/1.3/hamcrest-core-1.3.jar:/home/runner/.m2/repository/org/junit/jupiter/junit-jupiter-api/5.8.2/junit-jupiter-api-5.8.2.jar:/home/runner/.m2/repository/org/opentest4j/opentest4j/1.2.0/opentest4j-1.2.0.jar:/home/runner/.m2/repository/org/junit/platform/junit-platform-commons/1.8.2/junit-platform-commons-1.8.2.jar:/home/runner/.m2/repository/org/apiguardian/apiguardian-api/1.1.2/apiguardian-api-1.1.2.jar:/home/runner/.m2/repository/org/junit/jupiter/junit-jupiter-params/5.8.2/junit-jupiter-params-5.8.2.jar:/home/runner/.m2/repository/org/junit/jupiter/junit-jupiter-migrationsupport/5.8.2/junit-jupiter-migrationsupport-5.8.2.jar:/home/runner/.m2/repository/org/junit/jupiter/junit-jupiter-engine/5.8.2/junit-jupiter-engine-5.8.2.jar:/home/runner/.m2/repository/org/junit/platform/junit-platform-engine/1.8.2/junit-platform-engine-1.8.2.jar:/home/runner/.m2/repository/org/junit/vintage/junit-vintage-engine/5.8.2/junit-vintage-engine-5.8.2.jar:/home/runner/.m2/repository/org/junit/platform/junit-platform-launcher/1.8.2/junit-platform-launcher-1.8.2.jar:/home/runner/.m2/repository/org/mockito/mockito-core/2.28.2/mockito-core-2.28.2.jar:/home/runner/.m2/repository/net/bytebuddy/byte-buddy/1.9.10/byte-buddy-1.9.10.jar:/home/runner/.m2/repository/net/bytebuddy/byte-buddy-agent/1.9.10/byte-buddy-agent-1.9.10.jar:/home/runner/.m2/repository/org/objenesis/objenesis/1.0/objenesis-1.0.jar:/home/runner/.m2/repository/org/apache/hadoop/hadoop-kms/3.3.5/hadoop-kms-3.3.5.jar:/home/runner/.m2/repository/org/apache/hadoop/hadoop-auth/3.3.5/hadoop-auth-3.3.5.jar:/home/runner/.m2/repository/com/nimbusds/nimbus-jose-jwt/9.8.1/nimbus-jose-jwt-9.8.1.jar:/home/runner/.m2/repository/com/github/stephenc/jcip/jcip-annotations/1.0-1/jcip-annotations-1.0-1.jar:/home/runner/.m2/repository/net/minidev/json-smart/2.4.7/json-smart-2.4.7.jar:/home/runner/.m2/repository/net/minidev/accessors-smart/2.4.7/accessors-smart-2.4.7.jar:/home/runner/.m2/repository/org/ow2/asm/asm/5.0.4/asm-5.0.4.jar:/home/runner/.m2/repository/org/apache/zookeeper/zookeeper/3.5.6/zookeeper-3.5.6.jar:/home/runner/.m2/repository/org/apache/zookeeper/zookeeper-jute/3.5.6/zookeeper-jute-3.5.6.jar:/home/runner/.m2/repository/org/apache/yetus/audience-annotations/0.5.0/audience-annotations-0.5.0.jar:/home/runner/.m2/repository/org/apache/curator/curator-framework/4.2.0/curator-framework-4.2.0.jar:/home/runner/.m2/repository/org/apache/hadoop/thirdparty/hadoop-shaded-guava/1.1.1/hadoop-shaded-guava-1.1.1.jar:/home/runner/.m2/repository/com/sun/jersey/jersey-core/1.19/jersey-core-1.19.jar:/home/runner/.m2/repository/javax/ws/rs/jsr311-api/1.1.1/jsr311-api-1.1.1.jar:/home/runner/.m2/repository/com/sun/jersey/jersey-server/1.19/jersey-server-1.19.jar:/home/runner/.m2/repository/javax/servlet/javax.servlet-api/3.1.0/javax.servlet-api-3.1.0.jar:/home/runner/.m2/repository/org/apache/hadoop/hadoop-common/3.3.5/hadoop-common-3.3.5.jar:/home/runner/.m2/repository/org/apache/commons/commons-math3/3.1.1/commons-math3-3.1.1.jar:/home/runner/.m2/repository/commons-net/commons-net/3.9.0/commons-net-3.9.0.jar:/home/runner/.m2/repository/com/sun/jersey/jersey-servlet/1.19/jersey-servlet-1.19.jar:/home/runner/.m2/repository/com/github/pjfanning/jersey-json/1.20/jersey-json-1.20.jar:/home/runner/.m2/repository/org/codehaus/jettison/jettison/1.1/jettison-1.1.jar:/home/runner/.m2/repository/com/sun/xml/bind/jaxb-impl/2.2.3-1/jaxb-impl-2.2.3-1.jar:/home/runner/.m2/repository/com/google/re2j/re2j/1.1/re2j-1.1.jar:/home/runner/.m2/repository/com/jcraft/jsch/0.1.54/jsch-0.1.54.jar:/home/runner/.m2/repository/org/apache/curator/curator-client/4.2.0/curator-client-4.2.0.jar:/home/runner/.m2/repository/org/apache/curator/curator-recipes/4.2.0/curator-recipes-4.2.0.jar:/home/runner/.m2/repository/org/apache/kerby/kerb-core/1.0.1/kerb-core-1.0.1.jar:/home/runner/.m2/repository/org/apache/kerby/kerby-pkix/1.0.1/kerby-pkix-1.0.1.jar:/home/runner/.m2/repository/org/apache/kerby/kerby-asn1/1.0.1/kerby-asn1-1.0.1.jar:/home/runner/.m2/repository/org/apache/kerby/kerby-util/1.0.1/kerby-util-1.0.1.jar:/home/runner/.m2/repository/dnsjava/dnsjava/2.1.7/dnsjava-2.1.7.jar:/home/runner/.m2/repository/org/xerial/snappy/snappy-java/1.1.8.2/snappy-java-1.1.8.2.jar:/home/runner/.m2/repository/com/fasterxml/jackson/core/jackson-databind/2.13.4.2/jackson-databind-2.13.4.2.jar:/home/runner/.m2/repository/org/apache/hadoop/hadoop-kms/3.3.5/hadoop-kms-3.3.5-tests.jar:/home/runner/.m2/repository/org/apache/ozone/hdds-server-scm/1.4.0-SNAPSHOT/hdds-server-scm-1.4.0-SNAPSHOT-tests.jar:/home/runner/.m2/repository/org/apache/ozone/hdds-container-service/1.4.0-SNAPSHOT/hdds-container-service-1.4.0-SNAPSHOT-tests.jar:/home/runner/.m2/repository/com/github/luben/zstd-jni/1.5.2-5/zstd-jni-1.5.2-5.jar:/home/runner/.m2/repository/commons-codec/commons-codec/1.15/commons-codec-1.15.jar:/home/runner/.m2/repository/io/netty/netty-codec/4.1.86.Final/netty-codec-4.1.86.Final.jar:/home/runner/.m2/repository/io/netty/netty-handler/4.1.86.Final/netty-handler-4.1.86.Final.jar:/home/runner/.m2/repository/org/apache/ozone/hdds-hadoop-dependency-test/1.4.0-SNAPSHOT/hdds-hadoop-dependency-test-1.4.0-SNAPSHOT.jar:/home/runner/.m2/repository/org/apache/hadoop/hadoop-common/3.3.5/hadoop-common-3.3.5-tests.jar:/home/runner/.m2/repository/org/apache/hadoop/hadoop-hdfs/3.3.5/hadoop-hdfs-3.3.5-tests.jar:/home/runner/.m2/repository/org/assertj/assertj-core/3.12.2/assertj-core-3.12.2.jar:/home/runner/.m2/repository/org/apache/hadoop/hadoop-distcp/3.3.5/hadoop-distcp-3.3.5.jar:/home/runner/.m2/repository/org/apache/hadoop/hadoop-mapreduce-client-jobclient/3.3.5/hadoop-mapreduce-client-jobclient-3.3.5.jar:/home/runner/.m2/repository/org/apache/hadoop/hadoop-mapreduce-client-common/3.3.5/hadoop-mapreduce-client-common-3.3.5.jar:/home/runner/.m2/repository/org/apache/hadoop/hadoop-yarn-common/3.3.5/hadoop-yarn-common-3.3.5.jar:/home/runner/.m2/repository/org/apache/hadoop/hadoop-yarn-api/3.3.5/hadoop-yarn-api-3.3.5.jar:/home/runner/.m2/repository/com/sun/jersey/contribs/jersey-guice/1.19/jersey-guice-1.19.jar:/home/runner/.m2/repository/com/fasterxml/jackson/jaxrs/jackson-jaxrs-json-provider/2.13.4/jackson-jaxrs-json-provider-2.13.4.jar:/home/runner/.m2/repository/com/fasterxml/jackson/jaxrs/jackson-jaxrs-base/2.13.4/jackson-jaxrs-base-2.13.4.jar:/home/runner/.m2/repository/org/apache/hadoop/hadoop-yarn-client/3.3.5/hadoop-yarn-client-3.3.5.jar:/home/runner/.m2/repository/org/eclipse/jetty/websocket/websocket-client/9.4.48.v20220622/websocket-client-9.4.48.v20220622.jar:/home/runner/.m2/repository/org/eclipse/jetty/websocket/websocket-common/9.4.48.v20220622/websocket-common-9.4.48.v20220622.jar:/home/runner/.m2/repository/org/eclipse/jetty/websocket/websocket-api/9.4.48.v20220622/websocket-api-9.4.48.v20220622.jar:/home/runner/.m2/repository/org/jline/jline/3.9.0/jline-3.9.0.jar:/home/runner/.m2/repository/org/apache/hadoop/hadoop-mapreduce-client-core/3.3.5/hadoop-mapreduce-client-core-3.3.5.jar:/home/runner/.m2/repository/org/apache/avro/avro/1.7.7/avro-1.7.7.jar:/home/runner/.m2/repository/com/thoughtworks/paranamer/paranamer/2.3/paranamer-2.3.jar:/home/runner/.m2/repository/org/apache/hadoop/hadoop-annotations/3.3.5/hadoop-annotations-3.3.5.jar:/usr/lib/jvm/temurin-8-jdk-amd64/jre/../lib/tools.jar:/home/runner/.m2/repository/io/netty/netty/3.10.6.Final/netty-3.10.6.Final.jar:/home/runner/.m2/repository/org/apache/hadoop/hadoop-distcp/3.3.5/hadoop-distcp-3.3.5-tests.jar:/home/runner/.m2/repository/org/slf4j/jul-to-slf4j/1.7.36/jul-to-slf4j-1.7.36.jar:"/>
    <property name="java.vm.vendor" value="Temurin"/>
    <property name="sun.arch.data.model" value="64"/>
    <property name="test.build.dir" value="/home/runner/work/ozone/ozone/hadoop-ozone/integration-test/target/test-dir"/>
    <property name="test.cache.data" value=""/>
    <property name="java.vendor.url" value="https://adoptium.net/"/>
    <property name="user.timezone" value="Etc/UTC"/>
    <property name="java.vm.specification.version" value="1.8"/>
    <property name="os.name" value="Linux"/>
    <property name="test.build.data" value="/home/runner/work/ozone/ozone/hadoop-ozone/integration-test/target/test-dir"/>
    <property name="sun.java.launcher" value="SUN_STANDARD"/>
    <property name="sun.boot.library.path" value="/usr/lib/jvm/temurin-8-jdk-amd64/jre/lib/amd64"/>
    <property name="sun.java.command" value="/home/runner/work/ozone/ozone/hadoop-ozone/integration-test/target/surefire/surefirebooter1298680559114321841.jar /home/runner/work/ozone/ozone/hadoop-ozone/integration-test/target/surefire 2023-04-10T16-50-52_594-jvmRun1 surefire5564445750071970968tmp surefire_222942444081055947173tmp"/>
    <property name="surefire.test.class.path" value="/home/runner/work/ozone/ozone/hadoop-ozone/integration-test/target/test-classes:/home/runner/work/ozone/ozone/hadoop-ozone/integration-test/target/classes:/home/runner/.m2/repository/org/apache/ozone/ozone-common/1.4.0-SNAPSHOT/ozone-common-1.4.0-SNAPSHOT.jar:/home/runner/.m2/repository/io/grpc/grpc-netty/1.51.1/grpc-netty-1.51.1.jar:/home/runner/.m2/repository/io/grpc/grpc-core/1.51.1/grpc-core-1.51.1.jar:/home/runner/.m2/repository/com/google/android/annotations/4.1.1.4/annotations-4.1.1.4.jar:/home/runner/.m2/repository/org/codehaus/mojo/animal-sniffer-annotations/1.21/animal-sniffer-annotations-1.21.jar:/home/runner/.m2/repository/com/google/errorprone/error_prone_annotations/2.2.0/error_prone_annotations-2.2.0.jar:/home/runner/.m2/repository/io/perfmark/perfmark-api/0.25.0/perfmark-api-0.25.0.jar:/home/runner/.m2/repository/io/netty/netty-codec-http2/4.1.86.Final/netty-codec-http2-4.1.86.Final.jar:/home/runner/.m2/repository/io/netty/netty-common/4.1.86.Final/netty-common-4.1.86.Final.jar:/home/runner/.m2/repository/io/netty/netty-buffer/4.1.86.Final/netty-buffer-4.1.86.Final.jar:/home/runner/.m2/repository/io/netty/netty-codec-http/4.1.86.Final/netty-codec-http-4.1.86.Final.jar:/home/runner/.m2/repository/io/netty/netty-handler-proxy/4.1.86.Final/netty-handler-proxy-4.1.86.Final.jar:/home/runner/.m2/repository/io/netty/netty-codec-socks/4.1.86.Final/netty-codec-socks-4.1.86.Final.jar:/home/runner/.m2/repository/io/netty/netty-tcnative-boringssl-static/2.0.54.Final/netty-tcnative-boringssl-static-2.0.54.Final.jar:/home/runner/.m2/repository/io/netty/netty-tcnative-classes/2.0.54.Final/netty-tcnative-classes-2.0.54.Final.jar:/home/runner/.m2/repository/io/netty/netty-tcnative-boringssl-static/2.0.54.Final/netty-tcnative-boringssl-static-2.0.54.Final-linux-x86_64.jar:/home/runner/.m2/repository/io/netty/netty-tcnative-boringssl-static/2.0.54.Final/netty-tcnative-boringssl-static-2.0.54.Final-linux-aarch_64.jar:/home/runner/.m2/repository/io/netty/netty-tcnative-boringssl-static/2.0.54.Final/netty-tcnative-boringssl-static-2.0.54.Final-osx-x86_64.jar:/home/runner/.m2/repository/io/netty/netty-tcnative-boringssl-static/2.0.54.Final/netty-tcnative-boringssl-static-2.0.54.Final-osx-aarch_64.jar:/home/runner/.m2/repository/io/netty/netty-tcnative-boringssl-static/2.0.54.Final/netty-tcnative-boringssl-static-2.0.54.Final-windows-x86_64.jar:/home/runner/.m2/repository/org/apache/commons/commons-compress/1.21/commons-compress-1.21.jar:/home/runner/.m2/repository/org/apache/ozone/hdds-common/1.4.0-SNAPSHOT/hdds-common-1.4.0-SNAPSHOT.jar:/home/runner/.m2/repository/org/apache/ozone/hdds-client/1.4.0-SNAPSHOT/hdds-client-1.4.0-SNAPSHOT.jar:/home/runner/.m2/repository/org/apache/ozone/ozone-interface-client/1.4.0-SNAPSHOT/ozone-interface-client-1.4.0-SNAPSHOT.jar:/home/runner/.m2/repository/org/apache/ozone/hdds-test-utils/1.4.0-SNAPSHOT/hdds-test-utils-1.4.0-SNAPSHOT.jar:/home/runner/.m2/repository/com/google/guava/guava/31.1-jre/guava-31.1-jre.jar:/home/runner/.m2/repository/com/google/guava/failureaccess/1.0.1/failureaccess-1.0.1.jar:/home/runner/.m2/repository/com/google/guava/listenablefuture/9999.0-empty-to-avoid-conflict-with-guava/listenablefuture-9999.0-empty-to-avoid-conflict-with-guava.jar:/home/runner/.m2/repository/com/google/code/findbugs/jsr305/3.0.0/jsr305-3.0.0.jar:/home/runner/.m2/repository/org/checkerframework/checker-qual/3.12.0/checker-qual-3.12.0.jar:/home/runner/.m2/repository/com/google/j2objc/j2objc-annotations/1.3/j2objc-annotations-1.3.jar:/home/runner/.m2/repository/commons-io/commons-io/2.11.0/commons-io-2.11.0.jar:/home/runner/.m2/repository/commons-logging/commons-logging/1.2/commons-logging-1.2.jar:/home/runner/.m2/repository/ch/qos/reload4j/reload4j/1.2.22/reload4j-1.2.22.jar:/home/runner/.m2/repository/org/slf4j/slf4j-api/1.7.36/slf4j-api-1.7.36.jar:/home/runner/.m2/repository/org/apache/ozone/hdds-server-scm/1.4.0-SNAPSHOT/hdds-server-scm-1.4.0-SNAPSHOT.jar:/home/runner/.m2/repository/org/apache/ozone/hdds-container-service/1.4.0-SNAPSHOT/hdds-container-service-1.4.0-SNAPSHOT.jar:/home/runner/.m2/repository/org/apache/ozone/hdds-hadoop-dependency-server/1.4.0-SNAPSHOT/hdds-hadoop-dependency-server-1.4.0-SNAPSHOT.jar:/home/runner/.m2/repository/org/apache/hadoop/hadoop-hdfs/3.3.5/hadoop-hdfs-3.3.5.jar:/home/runner/.m2/repository/commons-daemon/commons-daemon/1.0.13/commons-daemon-1.0.13.jar:/home/runner/.m2/repository/org/apache/ozone/hdds-server-framework/1.4.0-SNAPSHOT/hdds-server-framework-1.4.0-SNAPSHOT.jar:/home/runner/.m2/repository/io/dropwizard/metrics/metrics-core/3.2.4/metrics-core-3.2.4.jar:/home/runner/.m2/repository/org/apache/commons/commons-text/1.4/commons-text-1.4.jar:/home/runner/.m2/repository/org/apache/hadoop/hadoop-hdfs-client/3.3.5/hadoop-hdfs-client-3.3.5.jar:/home/runner/.m2/repository/com/squareup/okhttp3/okhttp/4.9.3/okhttp-4.9.3.jar:/home/runner/.m2/repository/com/squareup/okio/okio/2.8.0/okio-2.8.0.jar:/home/runner/.m2/repository/org/jetbrains/kotlin/kotlin-stdlib-common/1.6.21/kotlin-stdlib-common-1.6.21.jar:/home/runner/.m2/repository/org/bouncycastle/bcprov-jdk15on/1.67/bcprov-jdk15on-1.67.jar:/home/runner/.m2/repository/com/google/protobuf/protobuf-java/2.5.0/protobuf-java-2.5.0.jar:/home/runner/.m2/repository/org/apache/ozone/hdds-server-framework/1.4.0-SNAPSHOT/hdds-server-framework-1.4.0-SNAPSHOT-tests.jar:/home/runner/.m2/repository/org/apache/ozone/hdds-interface-server/1.4.0-SNAPSHOT/hdds-interface-server-1.4.0-SNAPSHOT.jar:/home/runner/.m2/repository/org/apache/ozone/hdds-interface-admin/1.4.0-SNAPSHOT/hdds-interface-admin-1.4.0-SNAPSHOT.jar:/home/runner/.m2/repository/org/apache/ozone/hdds-managed-rocksdb/1.4.0-SNAPSHOT/hdds-managed-rocksdb-1.4.0-SNAPSHOT.jar:/home/runner/.m2/repository/org/rocksdb/rocksdbjni/7.7.3/rocksdbjni-7.7.3.jar:/home/runner/.m2/repository/org/slf4j/slf4j-reload4j/1.7.36/slf4j-reload4j-1.7.36.jar:/home/runner/.m2/repository/org/apache/commons/commons-configuration2/2.1.1/commons-configuration2-2.1.1.jar:/home/runner/.m2/repository/org/apache/logging/log4j/log4j-core/2.17.1/log4j-core-2.17.1.jar:/home/runner/.m2/repository/com/lmax/disruptor/3.4.2/disruptor-3.4.2.jar:/home/runner/.m2/repository/org/eclipse/jetty/jetty-util/9.4.49.v20220914/jetty-util-9.4.49.v20220914.jar:/home/runner/.m2/repository/org/eclipse/jetty/jetty-server/9.4.49.v20220914/jetty-server-9.4.49.v20220914.jar:/home/runner/.m2/repository/org/eclipse/jetty/jetty-http/9.4.49.v20220914/jetty-http-9.4.49.v20220914.jar:/home/runner/.m2/repository/org/eclipse/jetty/jetty-io/9.4.49.v20220914/jetty-io-9.4.49.v20220914.jar:/home/runner/.m2/repository/org/eclipse/jetty/jetty-servlet/9.4.49.v20220914/jetty-servlet-9.4.49.v20220914.jar:/home/runner/.m2/repository/org/eclipse/jetty/jetty-security/9.4.49.v20220914/jetty-security-9.4.49.v20220914.jar:/home/runner/.m2/repository/org/eclipse/jetty/jetty-util-ajax/9.4.49.v20220914/jetty-util-ajax-9.4.49.v20220914.jar:/home/runner/.m2/repository/org/eclipse/jetty/jetty-webapp/9.4.49.v20220914/jetty-webapp-9.4.49.v20220914.jar:/home/runner/.m2/repository/org/eclipse/jetty/jetty-xml/9.4.49.v20220914/jetty-xml-9.4.49.v20220914.jar:/home/runner/.m2/repository/org/apache/ratis/ratis-server/2.4.2-8b8bdda-SNAPSHOT/ratis-server-2.4.2-8b8bdda-SNAPSHOT.jar:/home/runner/.m2/repository/org/apache/ratis/ratis-thirdparty-misc/1.0.3/ratis-thirdparty-misc-1.0.3.jar:/home/runner/.m2/repository/org/apache/ratis/ratis-proto/2.4.2-8b8bdda-SNAPSHOT/ratis-proto-2.4.2-8b8bdda-SNAPSHOT.jar:/home/runner/.m2/repository/org/apache/ratis/ratis-common/2.4.2-8b8bdda-SNAPSHOT/ratis-common-2.4.2-8b8bdda-SNAPSHOT.jar:/home/runner/.m2/repository/org/apache/ratis/ratis-client/2.4.2-8b8bdda-SNAPSHOT/ratis-client-2.4.2-8b8bdda-SNAPSHOT.jar:/home/runner/.m2/repository/org/apache/ratis/ratis-server-api/2.4.2-8b8bdda-SNAPSHOT/ratis-server-api-2.4.2-8b8bdda-SNAPSHOT.jar:/home/runner/.m2/repository/org/apache/ratis/ratis-metrics/2.4.2-8b8bdda-SNAPSHOT/ratis-metrics-2.4.2-8b8bdda-SNAPSHOT.jar:/home/runner/.m2/repository/io/prometheus/simpleclient_dropwizard/0.7.0/simpleclient_dropwizard-0.7.0.jar:/home/runner/.m2/repository/io/prometheus/simpleclient/0.7.0/simpleclient-0.7.0.jar:/home/runner/.m2/repository/io/prometheus/simpleclient_common/0.7.0/simpleclient_common-0.7.0.jar:/home/runner/.m2/repository/com/fasterxml/jackson/datatype/jackson-datatype-jsr310/2.13.4/jackson-datatype-jsr310-2.13.4.jar:/home/runner/.m2/repository/com/fasterxml/jackson/core/jackson-core/2.13.4/jackson-core-2.13.4.jar:/home/runner/.m2/repository/com/github/spotbugs/spotbugs-annotations/3.1.12/spotbugs-annotations-3.1.12.jar:/home/runner/.m2/repository/org/apache/ozone/rocksdb-checkpoint-differ/1.4.0-SNAPSHOT/rocksdb-checkpoint-differ-1.4.0-SNAPSHOT.jar:/home/runner/.m2/repository/org/awaitility/awaitility/4.2.0/awaitility-4.2.0.jar:/home/runner/.m2/repository/org/hamcrest/hamcrest/2.1/hamcrest-2.1.jar:/home/runner/.m2/repository/org/apache/ozone/ozone-manager/1.4.0-SNAPSHOT/ozone-manager-1.4.0-SNAPSHOT.jar:/home/runner/.m2/repository/org/aspectj/aspectjrt/1.9.7/aspectjrt-1.9.7.jar:/home/runner/.m2/repository/org/aspectj/aspectjweaver/1.9.7/aspectjweaver-1.9.7.jar:/home/runner/.m2/repository/org/apache/ozone/hdds-interface-client/1.4.0-SNAPSHOT/hdds-interface-client-1.4.0-SNAPSHOT.jar:/home/runner/.m2/repository/org/apache/hadoop/thirdparty/hadoop-shaded-protobuf_3_7/1.1.1/hadoop-shaded-protobuf_3_7-1.1.1.jar:/home/runner/.m2/repository/org/apache/ozone/ozone-interface-storage/1.4.0-SNAPSHOT/ozone-interface-storage-1.4.0-SNAPSHOT.jar:/home/runner/.m2/repository/org/reflections/reflections/0.9.11/reflections-0.9.11.jar:/home/runner/.m2/repository/com/sun/jersey/jersey-client/1.19/jersey-client-1.19.jar:/home/runner/.m2/repository/org/codehaus/jackson/jackson-core-asl/1.9.13/jackson-core-asl-1.9.13.jar:/home/runner/.m2/repository/org/codehaus/jackson/jackson-mapper-asl/1.9.13/jackson-mapper-asl-1.9.13.jar:/home/runner/.m2/repository/org/codehaus/jackson/jackson-jaxrs/1.9.13/jackson-jaxrs-1.9.13.jar:/home/runner/.m2/repository/org/apache/ranger/ranger-intg/2.3.0/ranger-intg-2.3.0.jar:/home/runner/.m2/repository/org/apache/ranger/ranger-plugins-common/2.3.0/ranger-plugins-common-2.3.0.jar:/home/runner/.m2/repository/commons-lang/commons-lang/2.6/commons-lang-2.6.jar:/home/runner/.m2/repository/org/apache/ranger/ranger-plugins-cred/2.3.0/ranger-plugins-cred-2.3.0.jar:/home/runner/.m2/repository/org/apache/ranger/ranger-plugins-audit/2.3.0/ranger-plugins-audit-2.3.0.jar:/home/runner/.m2/repository/org/eclipse/jetty/jetty-client/9.4.49.v20220914/jetty-client-9.4.49.v20220914.jar:/home/runner/.m2/repository/org/apache/httpcomponents/httpmime/4.5.6/httpmime-4.5.6.jar:/home/runner/.m2/repository/org/apache/httpcomponents/httpcore-nio/4.4.13/httpcore-nio-4.4.13.jar:/home/runner/.m2/repository/org/apache/httpcomponents/httpasyncclient/4.1.3/httpasyncclient-4.1.3.jar:/home/runner/.m2/repository/com/carrotsearch/hppc/0.8.0/hppc-0.8.0.jar:/home/runner/.m2/repository/org/apache/orc/orc-core/1.5.8/orc-core-1.5.8.jar:/home/runner/.m2/repository/net/java/dev/jna/jna/5.2.0/jna-5.2.0.jar:/home/runner/.m2/repository/net/java/dev/jna/jna-platform/5.2.0/jna-platform-5.2.0.jar:/home/runner/.m2/repository/com/kstruct/gethostname4j/0.0.2/gethostname4j-0.0.2.jar:/home/runner/.m2/repository/org/apache/ranger/ranger-plugin-classloader/2.3.0/ranger-plugin-classloader-2.3.0.jar:/home/runner/.m2/repository/org/apache/hadoop/hadoop-minikdc/3.3.5/hadoop-minikdc-3.3.5.jar:/home/runner/.m2/repository/org/apache/kerby/kerb-simplekdc/1.0.1/kerb-simplekdc-1.0.1.jar:/home/runner/.m2/repository/org/apache/kerby/kerb-client/1.0.1/kerb-client-1.0.1.jar:/home/runner/.m2/repository/org/apache/kerby/kerby-config/1.0.1/kerby-config-1.0.1.jar:/home/runner/.m2/repository/org/apache/kerby/kerb-common/1.0.1/kerb-common-1.0.1.jar:/home/runner/.m2/repository/org/apache/kerby/kerb-crypto/1.0.1/kerb-crypto-1.0.1.jar:/home/runner/.m2/repository/org/apache/kerby/kerb-util/1.0.1/kerb-util-1.0.1.jar:/home/runner/.m2/repository/org/apache/kerby/token-provider/1.0.1/token-provider-1.0.1.jar:/home/runner/.m2/repository/org/apache/kerby/kerb-admin/1.0.1/kerb-admin-1.0.1.jar:/home/runner/.m2/repository/org/apache/kerby/kerb-server/1.0.1/kerb-server-1.0.1.jar:/home/runner/.m2/repository/org/apache/kerby/kerb-identity/1.0.1/kerb-identity-1.0.1.jar:/home/runner/.m2/repository/org/apache/kerby/kerby-xdr/1.0.1/kerby-xdr-1.0.1.jar:/home/runner/.m2/repository/org/apache/ozone/ozone-s3gateway/1.4.0-SNAPSHOT/ozone-s3gateway-1.4.0-SNAPSHOT.jar:/home/runner/.m2/repository/org/javassist/javassist/3.21.0-GA/javassist-3.21.0-GA.jar:/home/runner/.m2/repository/org/jboss/weld/servlet/weld-servlet-shaded/3.1.9.Final/weld-servlet-shaded-3.1.9.Final.jar:/home/runner/.m2/repository/org/glassfish/jersey/containers/jersey-container-servlet-core/2.34/jersey-container-servlet-core-2.34.jar:/home/runner/.m2/repository/org/glassfish/hk2/external/jakarta.inject/2.6.1/jakarta.inject-2.6.1.jar:/home/runner/.m2/repository/org/glassfish/jersey/core/jersey-common/2.34/jersey-common-2.34.jar:/home/runner/.m2/repository/jakarta/ws/rs/jakarta.ws.rs-api/2.1.6/jakarta.ws.rs-api-2.1.6.jar:/home/runner/.m2/repository/org/glassfish/jersey/ext/cdi/jersey-cdi1x/2.34/jersey-cdi1x-2.34.jar:/home/runner/.m2/repository/org/glassfish/jersey/inject/jersey-hk2/2.34/jersey-hk2-2.34.jar:/home/runner/.m2/repository/org/glassfish/hk2/hk2-locator/2.6.1/hk2-locator-2.6.1.jar:/home/runner/.m2/repository/org/glassfish/jersey/media/jersey-media-jaxb/2.34/jersey-media-jaxb-2.34.jar:/home/runner/.m2/repository/org/glassfish/hk2/osgi-resource-locator/1.0.3/osgi-resource-locator-1.0.3.jar:/home/runner/.m2/repository/org/glassfish/hk2/hk2-api/2.5.0/hk2-api-2.5.0.jar:/home/runner/.m2/repository/org/glassfish/hk2/hk2-utils/2.5.0/hk2-utils-2.5.0.jar:/home/runner/.m2/repository/org/glassfish/hk2/external/aopalliance-repackaged/2.5.0/aopalliance-repackaged-2.5.0.jar:/home/runner/.m2/repository/com/fasterxml/jackson/dataformat/jackson-dataformat-xml/2.13.4/jackson-dataformat-xml-2.13.4.jar:/home/runner/.m2/repository/org/codehaus/woodstox/stax2-api/4.2.1/stax2-api-4.2.1.jar:/home/runner/.m2/repository/com/fasterxml/woodstox/woodstox-core/5.4.0/woodstox-core-5.4.0.jar:/home/runner/.m2/repository/com/fasterxml/jackson/module/jackson-module-jaxb-annotations/2.13.4/jackson-module-jaxb-annotations-2.13.4.jar:/home/runner/.m2/repository/jakarta/xml/bind/jakarta.xml.bind-api/2.3.3/jakarta.xml.bind-api-2.3.3.jar:/home/runner/.m2/repository/jakarta/activation/jakarta.activation-api/1.2.2/jakarta.activation-api-1.2.2.jar:/home/runner/.m2/repository/javax/enterprise/cdi-api/2.0/cdi-api-2.0.jar:/home/runner/.m2/repository/javax/el/javax.el-api/3.0.0/javax.el-api-3.0.0.jar:/home/runner/.m2/repository/javax/interceptor/javax.interceptor-api/1.2/javax.interceptor-api-1.2.jar:/home/runner/.m2/repository/javax/inject/javax.inject/1/javax.inject-1.jar:/home/runner/.m2/repository/javax/xml/bind/jaxb-api/2.3.0/jaxb-api-2.3.0.jar:/home/runner/.m2/repository/org/glassfish/jaxb/jaxb-runtime/2.3.0.1/jaxb-runtime-2.3.0.1.jar:/home/runner/.m2/repository/org/glassfish/jaxb/jaxb-core/2.3.0.1/jaxb-core-2.3.0.1.jar:/home/runner/.m2/repository/org/glassfish/jaxb/txw2/2.3.0.1/txw2-2.3.0.1.jar:/home/runner/.m2/repository/com/sun/istack/istack-commons-runtime/3.0.5/istack-commons-runtime-3.0.5.jar:/home/runner/.m2/repository/org/jvnet/staxex/stax-ex/1.7.8/stax-ex-1.7.8.jar:/home/runner/.m2/repository/com/sun/xml/fastinfoset/FastInfoset/1.2.13/FastInfoset-1.2.13.jar:/home/runner/.m2/repository/javax/activation/activation/1.1.1/activation-1.1.1.jar:/home/runner/.m2/repository/io/grpc/grpc-protobuf/1.51.1/grpc-protobuf-1.51.1.jar:/home/runner/.m2/repository/io/grpc/grpc-api/1.51.1/grpc-api-1.51.1.jar:/home/runner/.m2/repository/io/grpc/grpc-context/1.51.1/grpc-context-1.51.1.jar:/home/runner/.m2/repository/com/google/api/grpc/proto-google-common-protos/2.9.0/proto-google-common-protos-2.9.0.jar:/home/runner/.m2/repository/io/grpc/grpc-protobuf-lite/1.51.1/grpc-protobuf-lite-1.51.1.jar:/home/runner/.m2/repository/io/grpc/grpc-stub/1.51.1/grpc-stub-1.51.1.jar:/home/runner/.m2/repository/io/netty/netty-transport/4.1.86.Final/netty-transport-4.1.86.Final.jar:/home/runner/.m2/repository/io/netty/netty-resolver/4.1.86.Final/netty-resolver-4.1.86.Final.jar:/home/runner/.m2/repository/org/apache/ozone/ozone-csi/1.4.0-SNAPSHOT/ozone-csi-1.4.0-SNAPSHOT.jar:/home/runner/.m2/repository/com/google/protobuf/protobuf-java-util/3.19.6/protobuf-java-util-3.19.6.jar:/home/runner/.m2/repository/com/google/code/gson/gson/2.9.0/gson-2.9.0.jar:/home/runner/.m2/repository/org/apache/ozone/hdds-config/1.4.0-SNAPSHOT/hdds-config-1.4.0-SNAPSHOT.jar:/home/runner/.m2/repository/io/netty/netty-transport-native-epoll/4.1.86.Final/netty-transport-native-epoll-4.1.86.Final-linux-x86_64.jar:/home/runner/.m2/repository/io/netty/netty-transport-classes-epoll/4.1.86.Final/netty-transport-classes-epoll-4.1.86.Final.jar:/home/runner/.m2/repository/io/netty/netty-transport-native-unix-common/4.1.86.Final/netty-transport-native-unix-common-4.1.86.Final.jar:/home/runner/.m2/repository/org/apache/ozone/ozone-recon/1.4.0-SNAPSHOT/ozone-recon-1.4.0-SNAPSHOT.jar:/home/runner/.m2/repository/org/apache/ozone/ozone-reconcodegen/1.4.0-SNAPSHOT/ozone-reconcodegen-1.4.0-SNAPSHOT.jar:/home/runner/.m2/repository/com/google/inject/guice/5.1.0/guice-5.1.0.jar:/home/runner/.m2/repository/aopalliance/aopalliance/1.0/aopalliance-1.0.jar:/home/runner/.m2/repository/com/google/inject/extensions/guice-assistedinject/5.1.0/guice-assistedinject-5.1.0.jar:/home/runner/.m2/repository/com/google/inject/extensions/guice-servlet/5.1.0/guice-servlet-5.1.0.jar:/home/runner/.m2/repository/org/glassfish/jersey/containers/jersey-container-servlet/2.34/jersey-container-servlet-2.34.jar:/home/runner/.m2/repository/org/glassfish/hk2/guice-bridge/2.5.0/guice-bridge-2.5.0.jar:/home/runner/.m2/repository/org/glassfish/jersey/core/jersey-server/2.34/jersey-server-2.34.jar:/home/runner/.m2/repository/org/glassfish/jersey/core/jersey-client/2.34/jersey-client-2.34.jar:/home/runner/.m2/repository/jakarta/annotation/jakarta.annotation-api/1.3.5/jakarta.annotation-api-1.3.5.jar:/home/runner/.m2/repository/jakarta/validation/jakarta.validation-api/2.0.2/jakarta.validation-api-2.0.2.jar:/home/runner/.m2/repository/org/glassfish/jersey/media/jersey-media-json-jackson/2.34/jersey-media-json-jackson-2.34.jar:/home/runner/.m2/repository/org/glassfish/jersey/ext/jersey-entity-filtering/2.34/jersey-entity-filtering-2.34.jar:/home/runner/.m2/repository/org/jooq/jooq/3.11.10/jooq-3.11.10.jar:/home/runner/.m2/repository/org/jooq/jooq-meta/3.11.10/jooq-meta-3.11.10.jar:/home/runner/.m2/repository/org/jooq/jooq-codegen/3.11.10/jooq-codegen-3.11.10.jar:/home/runner/.m2/repository/com/jolbox/bonecp/0.8.0.RELEASE/bonecp-0.8.0.RELEASE.jar:/home/runner/.m2/repository/org/apache/derby/derby/10.14.2.0/derby-10.14.2.0.jar:/home/runner/.m2/repository/org/xerial/sqlite-jdbc/3.25.2/sqlite-jdbc-3.25.2.jar:/home/runner/.m2/repository/org/springframework/spring-jdbc/5.3.26/spring-jdbc-5.3.26.jar:/home/runner/.m2/repository/org/springframework/spring-beans/5.3.26/spring-beans-5.3.26.jar:/home/runner/.m2/repository/org/springframework/spring-core/5.3.26/spring-core-5.3.26.jar:/home/runner/.m2/repository/org/springframework/spring-jcl/5.3.26/spring-jcl-5.3.26.jar:/home/runner/.m2/repository/org/springframework/spring-tx/5.3.26/spring-tx-5.3.26.jar:/home/runner/.m2/repository/org/apache/ozone/ozone-client/1.4.0-SNAPSHOT/ozone-client-1.4.0-SNAPSHOT.jar:/home/runner/.m2/repository/org/apache/ozone/hdds-erasurecode/1.4.0-SNAPSHOT/hdds-erasurecode-1.4.0-SNAPSHOT.jar:/home/runner/.m2/repository/org/apache/ozone/ozone-filesystem/1.4.0-SNAPSHOT/ozone-filesystem-1.4.0-SNAPSHOT.jar:/home/runner/.m2/repository/org/apache/ozone/ozone-filesystem-common/1.4.0-SNAPSHOT/ozone-filesystem-common-1.4.0-SNAPSHOT.jar:/home/runner/.m2/repository/org/apache/ozone/ozone-tools/1.4.0-SNAPSHOT/ozone-tools-1.4.0-SNAPSHOT.jar:/home/runner/.m2/repository/com/amazonaws/aws-java-sdk-core/1.12.261/aws-java-sdk-core-1.12.261.jar:/home/runner/.m2/repository/org/apache/httpcomponents/httpclient/4.5.13/httpclient-4.5.13.jar:/home/runner/.m2/repository/org/apache/httpcomponents/httpcore/4.4.13/httpcore-4.4.13.jar:/home/runner/.m2/repository/software/amazon/ion/ion-java/1.0.2/ion-java-1.0.2.jar:/home/runner/.m2/repository/com/fasterxml/jackson/dataformat/jackson-dataformat-cbor/2.13.4/jackson-dataformat-cbor-2.13.4.jar:/home/runner/.m2/repository/joda-time/joda-time/2.10.6/joda-time-2.10.6.jar:/home/runner/.m2/repository/com/amazonaws/aws-java-sdk-s3/1.12.261/aws-java-sdk-s3-1.12.261.jar:/home/runner/.m2/repository/com/amazonaws/aws-java-sdk-kms/1.12.261/aws-java-sdk-kms-1.12.261.jar:/home/runner/.m2/repository/com/amazonaws/jmespath-java/1.12.261/jmespath-java-1.12.261.jar:/home/runner/.m2/repository/org/kohsuke/metainf-services/metainf-services/1.8/metainf-services-1.8.jar:/home/runner/.m2/repository/org/apache/ozone/hdds-tools/1.4.0-SNAPSHOT/hdds-tools-1.4.0-SNAPSHOT.jar:/home/runner/.m2/repository/org/apache/ratis/ratis-tools/2.4.2-8b8bdda-SNAPSHOT/ratis-tools-2.4.2-8b8bdda-SNAPSHOT.jar:/home/runner/.m2/repository/commons-cli/commons-cli/1.2/commons-cli-1.2.jar:/home/runner/.m2/repository/org/apache/commons/commons-lang3/3.7/commons-lang3-3.7.jar:/home/runner/.m2/repository/org/apache/ozone/ozone-manager/1.4.0-SNAPSHOT/ozone-manager-1.4.0-SNAPSHOT-tests.jar:/home/runner/.m2/repository/org/apache/ozone/hdds-common/1.4.0-SNAPSHOT/hdds-common-1.4.0-SNAPSHOT-tests.jar:/home/runner/.m2/repository/org/apache/ozone/hdds-hadoop-dependency-client/1.4.0-SNAPSHOT/hdds-hadoop-dependency-client-1.4.0-SNAPSHOT.jar:/home/runner/.m2/repository/info/picocli/picocli/4.6.1/picocli-4.6.1.jar:/home/runner/.m2/repository/com/fasterxml/jackson/core/jackson-annotations/2.13.4/jackson-annotations-2.13.4.jar:/home/runner/.m2/repository/org/apache/ozone/hdds-annotation-processing/1.4.0-SNAPSHOT/hdds-annotation-processing-1.4.0-SNAPSHOT.jar:/home/runner/.m2/repository/javax/annotation/javax.annotation-api/1.2/javax.annotation-api-1.2.jar:/home/runner/.m2/repository/org/apache/ratis/ratis-netty/2.4.2-8b8bdda-SNAPSHOT/ratis-netty-2.4.2-8b8bdda-SNAPSHOT.jar:/home/runner/.m2/repository/org/apache/ratis/ratis-grpc/2.4.2-8b8bdda-SNAPSHOT/ratis-grpc-2.4.2-8b8bdda-SNAPSHOT.jar:/home/runner/.m2/repository/org/apache/logging/log4j/log4j-api/2.17.1/log4j-api-2.17.1.jar:/home/runner/.m2/repository/org/apache/commons/commons-pool2/2.6.0/commons-pool2-2.6.0.jar:/home/runner/.m2/repository/org/bouncycastle/bcpkix-jdk15on/1.67/bcpkix-jdk15on-1.67.jar:/home/runner/.m2/repository/commons-validator/commons-validator/1.6/commons-validator-1.6.jar:/home/runner/.m2/repository/commons-beanutils/commons-beanutils/1.9.4/commons-beanutils-1.9.4.jar:/home/runner/.m2/repository/commons-digester/commons-digester/1.8.1/commons-digester-1.8.1.jar:/home/runner/.m2/repository/commons-collections/commons-collections/3.2.2/commons-collections-3.2.2.jar:/home/runner/.m2/repository/io/jaegertracing/jaeger-client/1.6.0/jaeger-client-1.6.0.jar:/home/runner/.m2/repository/io/jaegertracing/jaeger-thrift/1.6.0/jaeger-thrift-1.6.0.jar:/home/runner/.m2/repository/org/apache/thrift/libthrift/0.14.1/libthrift-0.14.1.jar:/home/runner/.m2/repository/io/jaegertracing/jaeger-core/1.6.0/jaeger-core-1.6.0.jar:/home/runner/.m2/repository/io/jaegertracing/jaeger-tracerresolver/1.6.0/jaeger-tracerresolver-1.6.0.jar:/home/runner/.m2/repository/io/opentracing/contrib/opentracing-tracerresolver/0.1.8/opentracing-tracerresolver-0.1.8.jar:/home/runner/.m2/repository/org/jetbrains/kotlin/kotlin-stdlib/1.6.21/kotlin-stdlib-1.6.21.jar:/home/runner/.m2/repository/org/jetbrains/annotations/13.0/annotations-13.0.jar:/home/runner/.m2/repository/io/opentracing/opentracing-util/0.33.0/opentracing-util-0.33.0.jar:/home/runner/.m2/repository/io/opentracing/opentracing-api/0.33.0/opentracing-api-0.33.0.jar:/home/runner/.m2/repository/io/opentracing/opentracing-noop/0.33.0/opentracing-noop-0.33.0.jar:/home/runner/.m2/repository/org/yaml/snakeyaml/2.0/snakeyaml-2.0.jar:/home/runner/.m2/repository/junit/junit/4.13.1/junit-4.13.1.jar:/home/runner/.m2/repository/org/hamcrest/hamcrest-core/1.3/hamcrest-core-1.3.jar:/home/runner/.m2/repository/org/junit/jupiter/junit-jupiter-api/5.8.2/junit-jupiter-api-5.8.2.jar:/home/runner/.m2/repository/org/opentest4j/opentest4j/1.2.0/opentest4j-1.2.0.jar:/home/runner/.m2/repository/org/junit/platform/junit-platform-commons/1.8.2/junit-platform-commons-1.8.2.jar:/home/runner/.m2/repository/org/apiguardian/apiguardian-api/1.1.2/apiguardian-api-1.1.2.jar:/home/runner/.m2/repository/org/junit/jupiter/junit-jupiter-params/5.8.2/junit-jupiter-params-5.8.2.jar:/home/runner/.m2/repository/org/junit/jupiter/junit-jupiter-migrationsupport/5.8.2/junit-jupiter-migrationsupport-5.8.2.jar:/home/runner/.m2/repository/org/junit/jupiter/junit-jupiter-engine/5.8.2/junit-jupiter-engine-5.8.2.jar:/home/runner/.m2/repository/org/junit/platform/junit-platform-engine/1.8.2/junit-platform-engine-1.8.2.jar:/home/runner/.m2/repository/org/junit/vintage/junit-vintage-engine/5.8.2/junit-vintage-engine-5.8.2.jar:/home/runner/.m2/repository/org/junit/platform/junit-platform-launcher/1.8.2/junit-platform-launcher-1.8.2.jar:/home/runner/.m2/repository/org/mockito/mockito-core/2.28.2/mockito-core-2.28.2.jar:/home/runner/.m2/repository/net/bytebuddy/byte-buddy/1.9.10/byte-buddy-1.9.10.jar:/home/runner/.m2/repository/net/bytebuddy/byte-buddy-agent/1.9.10/byte-buddy-agent-1.9.10.jar:/home/runner/.m2/repository/org/objenesis/objenesis/1.0/objenesis-1.0.jar:/home/runner/.m2/repository/org/apache/hadoop/hadoop-kms/3.3.5/hadoop-kms-3.3.5.jar:/home/runner/.m2/repository/org/apache/hadoop/hadoop-auth/3.3.5/hadoop-auth-3.3.5.jar:/home/runner/.m2/repository/com/nimbusds/nimbus-jose-jwt/9.8.1/nimbus-jose-jwt-9.8.1.jar:/home/runner/.m2/repository/com/github/stephenc/jcip/jcip-annotations/1.0-1/jcip-annotations-1.0-1.jar:/home/runner/.m2/repository/net/minidev/json-smart/2.4.7/json-smart-2.4.7.jar:/home/runner/.m2/repository/net/minidev/accessors-smart/2.4.7/accessors-smart-2.4.7.jar:/home/runner/.m2/repository/org/ow2/asm/asm/5.0.4/asm-5.0.4.jar:/home/runner/.m2/repository/org/apache/zookeeper/zookeeper/3.5.6/zookeeper-3.5.6.jar:/home/runner/.m2/repository/org/apache/zookeeper/zookeeper-jute/3.5.6/zookeeper-jute-3.5.6.jar:/home/runner/.m2/repository/org/apache/yetus/audience-annotations/0.5.0/audience-annotations-0.5.0.jar:/home/runner/.m2/repository/org/apache/curator/curator-framework/4.2.0/curator-framework-4.2.0.jar:/home/runner/.m2/repository/org/apache/hadoop/thirdparty/hadoop-shaded-guava/1.1.1/hadoop-shaded-guava-1.1.1.jar:/home/runner/.m2/repository/com/sun/jersey/jersey-core/1.19/jersey-core-1.19.jar:/home/runner/.m2/repository/javax/ws/rs/jsr311-api/1.1.1/jsr311-api-1.1.1.jar:/home/runner/.m2/repository/com/sun/jersey/jersey-server/1.19/jersey-server-1.19.jar:/home/runner/.m2/repository/javax/servlet/javax.servlet-api/3.1.0/javax.servlet-api-3.1.0.jar:/home/runner/.m2/repository/org/apache/hadoop/hadoop-common/3.3.5/hadoop-common-3.3.5.jar:/home/runner/.m2/repository/org/apache/commons/commons-math3/3.1.1/commons-math3-3.1.1.jar:/home/runner/.m2/repository/commons-net/commons-net/3.9.0/commons-net-3.9.0.jar:/home/runner/.m2/repository/com/sun/jersey/jersey-servlet/1.19/jersey-servlet-1.19.jar:/home/runner/.m2/repository/com/github/pjfanning/jersey-json/1.20/jersey-json-1.20.jar:/home/runner/.m2/repository/org/codehaus/jettison/jettison/1.1/jettison-1.1.jar:/home/runner/.m2/repository/com/sun/xml/bind/jaxb-impl/2.2.3-1/jaxb-impl-2.2.3-1.jar:/home/runner/.m2/repository/com/google/re2j/re2j/1.1/re2j-1.1.jar:/home/runner/.m2/repository/com/jcraft/jsch/0.1.54/jsch-0.1.54.jar:/home/runner/.m2/repository/org/apache/curator/curator-client/4.2.0/curator-client-4.2.0.jar:/home/runner/.m2/repository/org/apache/curator/curator-recipes/4.2.0/curator-recipes-4.2.0.jar:/home/runner/.m2/repository/org/apache/kerby/kerb-core/1.0.1/kerb-core-1.0.1.jar:/home/runner/.m2/repository/org/apache/kerby/kerby-pkix/1.0.1/kerby-pkix-1.0.1.jar:/home/runner/.m2/repository/org/apache/kerby/kerby-asn1/1.0.1/kerby-asn1-1.0.1.jar:/home/runner/.m2/repository/org/apache/kerby/kerby-util/1.0.1/kerby-util-1.0.1.jar:/home/runner/.m2/repository/dnsjava/dnsjava/2.1.7/dnsjava-2.1.7.jar:/home/runner/.m2/repository/org/xerial/snappy/snappy-java/1.1.8.2/snappy-java-1.1.8.2.jar:/home/runner/.m2/repository/com/fasterxml/jackson/core/jackson-databind/2.13.4.2/jackson-databind-2.13.4.2.jar:/home/runner/.m2/repository/org/apache/hadoop/hadoop-kms/3.3.5/hadoop-kms-3.3.5-tests.jar:/home/runner/.m2/repository/org/apache/ozone/hdds-server-scm/1.4.0-SNAPSHOT/hdds-server-scm-1.4.0-SNAPSHOT-tests.jar:/home/runner/.m2/repository/org/apache/ozone/hdds-container-service/1.4.0-SNAPSHOT/hdds-container-service-1.4.0-SNAPSHOT-tests.jar:/home/runner/.m2/repository/com/github/luben/zstd-jni/1.5.2-5/zstd-jni-1.5.2-5.jar:/home/runner/.m2/repository/commons-codec/commons-codec/1.15/commons-codec-1.15.jar:/home/runner/.m2/repository/io/netty/netty-codec/4.1.86.Final/netty-codec-4.1.86.Final.jar:/home/runner/.m2/repository/io/netty/netty-handler/4.1.86.Final/netty-handler-4.1.86.Final.jar:/home/runner/.m2/repository/org/apache/ozone/hdds-hadoop-dependency-test/1.4.0-SNAPSHOT/hdds-hadoop-dependency-test-1.4.0-SNAPSHOT.jar:/home/runner/.m2/repository/org/apache/hadoop/hadoop-common/3.3.5/hadoop-common-3.3.5-tests.jar:/home/runner/.m2/repository/org/apache/hadoop/hadoop-hdfs/3.3.5/hadoop-hdfs-3.3.5-tests.jar:/home/runner/.m2/repository/org/assertj/assertj-core/3.12.2/assertj-core-3.12.2.jar:/home/runner/.m2/repository/org/apache/hadoop/hadoop-distcp/3.3.5/hadoop-distcp-3.3.5.jar:/home/runner/.m2/repository/org/apache/hadoop/hadoop-mapreduce-client-jobclient/3.3.5/hadoop-mapreduce-client-jobclient-3.3.5.jar:/home/runner/.m2/repository/org/apache/hadoop/hadoop-mapreduce-client-common/3.3.5/hadoop-mapreduce-client-common-3.3.5.jar:/home/runner/.m2/repository/org/apache/hadoop/hadoop-yarn-common/3.3.5/hadoop-yarn-common-3.3.5.jar:/home/runner/.m2/repository/org/apache/hadoop/hadoop-yarn-api/3.3.5/hadoop-yarn-api-3.3.5.jar:/home/runner/.m2/repository/com/sun/jersey/contribs/jersey-guice/1.19/jersey-guice-1.19.jar:/home/runner/.m2/repository/com/fasterxml/jackson/jaxrs/jackson-jaxrs-json-provider/2.13.4/jackson-jaxrs-json-provider-2.13.4.jar:/home/runner/.m2/repository/com/fasterxml/jackson/jaxrs/jackson-jaxrs-base/2.13.4/jackson-jaxrs-base-2.13.4.jar:/home/runner/.m2/repository/org/apache/hadoop/hadoop-yarn-client/3.3.5/hadoop-yarn-client-3.3.5.jar:/home/runner/.m2/repository/org/eclipse/jetty/websocket/websocket-client/9.4.48.v20220622/websocket-client-9.4.48.v20220622.jar:/home/runner/.m2/repository/org/eclipse/jetty/websocket/websocket-common/9.4.48.v20220622/websocket-common-9.4.48.v20220622.jar:/home/runner/.m2/repository/org/eclipse/jetty/websocket/websocket-api/9.4.48.v20220622/websocket-api-9.4.48.v20220622.jar:/home/runner/.m2/repository/org/jline/jline/3.9.0/jline-3.9.0.jar:/home/runner/.m2/repository/org/apache/hadoop/hadoop-mapreduce-client-core/3.3.5/hadoop-mapreduce-client-core-3.3.5.jar:/home/runner/.m2/repository/org/apache/avro/avro/1.7.7/avro-1.7.7.jar:/home/runner/.m2/repository/com/thoughtworks/paranamer/paranamer/2.3/paranamer-2.3.jar:/home/runner/.m2/repository/org/apache/hadoop/hadoop-annotations/3.3.5/hadoop-annotations-3.3.5.jar:/usr/lib/jvm/temurin-8-jdk-amd64/jre/../lib/tools.jar:/home/runner/.m2/repository/io/netty/netty/3.10.6.Final/netty-3.10.6.Final.jar:/home/runner/.m2/repository/org/apache/hadoop/hadoop-distcp/3.3.5/hadoop-distcp-3.3.5-tests.jar:/home/runner/.m2/repository/org/slf4j/jul-to-slf4j/1.7.36/jul-to-slf4j-1.7.36.jar:"/>
    <property name="sun.cpu.endian" value="little"/>
    <property name="user.home" value="/home/runner"/>
    <property name="user.language" value="en"/>
    <property name="java.specification.vendor" value="Oracle Corporation"/>
    <property name="java.home" value="/usr/lib/jvm/temurin-8-jdk-amd64/jre"/>
    <property name="java.security.krb5.conf" value="/home/runner/work/ozone/ozone/hadoop-ozone/integration-test/target/test-classes/krb5.conf"/>
    <property name="file.separator" value="/"/>
    <property name="basedir" value="/home/runner/work/ozone/ozone/hadoop-ozone/integration-test"/>
    <property name="line.separator" value="&#10;"/>
    <property name="java.vm.specification.vendor" value="Oracle Corporation"/>
    <property name="java.specification.name" value="Java Platform API Specification"/>
    <property name="skip.installnpx" value="true"/>
    <property name="java.awt.graphicsenv" value="sun.awt.X11GraphicsEnvironment"/>
    <property name="surefire.fork.timeout" value="3600"/>
    <property name="surefire.real.class.path" value="/home/runner/work/ozone/ozone/hadoop-ozone/integration-test/target/surefire/surefirebooter1298680559114321841.jar:/home/runner/.m2/repository/org/jacoco/org.jacoco.agent/0.8.5/org.jacoco.agent-0.8.5-runtime.jar"/>
    <property name="sun.boot.class.path" value="/usr/lib/jvm/temurin-8-jdk-amd64/jre/lib/resources.jar:/usr/lib/jvm/temurin-8-jdk-amd64/jre/lib/rt.jar:/usr/lib/jvm/temurin-8-jdk-amd64/jre/lib/sunrsasign.jar:/usr/lib/jvm/temurin-8-jdk-amd64/jre/lib/jsse.jar:/usr/lib/jvm/temurin-8-jdk-amd64/jre/lib/jce.jar:/usr/lib/jvm/temurin-8-jdk-amd64/jre/lib/charsets.jar:/usr/lib/jvm/temurin-8-jdk-amd64/jre/lib/jfr.jar:/usr/lib/jvm/temurin-8-jdk-amd64/jre/classes"/>
    <property name="hadoop.log.dir" value="/home/runner/work/ozone/ozone/hadoop-ozone/integration-test/target/log"/>
    <property name="sun.management.compiler" value="HotSpot 64-Bit Tiered Compilers"/>
    <property name="java.runtime.version" value="1.8.0_362-b09"/>
    <property name="skip.npx" value="true"/>
    <property name="user.name" value="runner"/>
    <property name="java.net.preferIPv4Stack" value="true"/>
    <property name="path.separator" value=":"/>
    <property name="java.security.egd" value="file:///dev/urandom"/>
    <property name="os.version" value="5.15.0-1035-azure"/>
    <property name="java.endorsed.dirs" value="/usr/lib/jvm/temurin-8-jdk-amd64/jre/lib/endorsed"/>
    <property name="java.runtime.name" value="OpenJDK Runtime Environment"/>
    <property name="file.encoding" value="UTF-8"/>
    <property name="java.vm.name" value="OpenJDK 64-Bit Server VM"/>
    <property name="test.build.webapps" value=""/>
    <property name="localRepository" value="/home/runner/.m2/repository"/>
    <property name="jetty.git.hash" value="4231a3b2e4cb8548a412a789936d640a97b1aa0a"/>
    <property name="java.vendor.url.bug" value="https://github.com/adoptium/adoptium-support/issues"/>
    <property name="require.test.libhadoop" value=""/>
    <property name="java.io.tmpdir" value="/tmp"/>
    <property name="java.version" value="1.8.0_362"/>
    <property name="surefire.rerunFailingTestsCount" value="5"/>
    <property name="user.dir" value="/home/runner/work/ozone/ozone/hadoop-ozone/integration-test"/>
    <property name="os.arch" value="amd64"/>
    <property name="test.build.classes" value="/home/runner/work/ozone/ozone/hadoop-ozone/integration-test/target/test-classes"/>
    <property name="java.vm.specification.name" value="Java Virtual Machine Specification"/>
    <property name="java.awt.printerjob" value="sun.print.PSPrinterJob"/>
    <property name="sun.os.patch.level" value="unknown"/>
    <property name="org.apache.ratis.thirdparty.io.netty.allocator.useCacheForAllThreads" value="false"/>
    <property name="hadoop.tmp.dir" value="/home/runner/work/ozone/ozone/hadoop-ozone/integration-test/target/tmp"/>
    <property name="java.library.path" value="/usr/java/packages/lib/amd64:/usr/lib64:/lib64:/lib:/usr/lib"/>
    <property name="java.vendor" value="Temurin"/>
    <property name="java.vm.info" value="mixed mode"/>
    <property name="java.vm.version" value="25.362-b09"/>
    <property name="java.specification.maintenance.version" value="4"/>
    <property name="sun.io.unicode.encoding" value="UnicodeLittle"/>
    <property name="java.ext.dirs" value="/usr/lib/jvm/temurin-8-jdk-amd64/jre/lib/ext:/usr/java/packages/lib/ext"/>
    <property name="java.class.version" value="52.0"/>
  </properties>
  <testcase name="testApplyTransactionIdempotencyWithClosedContainer" classname="org.apache.hadoop.ozone.client.rpc.TestContainerStateMachineFailures" time="1.07">
    <failure type="java.lang.AssertionError"><![CDATA[java.lang.AssertionError
	at org.junit.Assert.fail(Assert.java:87)
	at org.junit.Assert.assertTrue(Assert.java:42)
	at org.junit.Assert.assertFalse(Assert.java:65)
	at org.junit.Assert.assertFalse(Assert.java:75)
	at org.apache.hadoop.ozone.client.rpc.TestContainerStateMachineFailures.testApplyTransactionIdempotencyWithClosedContainer(TestContainerStateMachineFailures.java:545)
	at sun.reflect.NativeMethodAccessorImpl.invoke0(Native Method)
	at sun.reflect.NativeMethodAccessorImpl.invoke(NativeMethodAccessorImpl.java:62)
	at sun.reflect.DelegatingMethodAccessorImpl.invoke(DelegatingMethodAccessorImpl.java:43)
	at java.lang.reflect.Method.invoke(Method.java:498)
	at org.junit.platform.commons.util.ReflectionUtils.invokeMethod(ReflectionUtils.java:725)
	at org.junit.jupiter.engine.execution.MethodInvocation.proceed(MethodInvocation.java:60)
	at org.junit.jupiter.engine.execution.InvocationInterceptorChain$ValidatingInvocation.proceed(InvocationInterceptorChain.java:131)
	at org.junit.jupiter.engine.extension.TimeoutExtension.intercept(TimeoutExtension.java:149)
	at org.junit.jupiter.engine.extension.TimeoutExtension.interceptTestableMethod(TimeoutExtension.java:140)
	at org.junit.jupiter.engine.extension.TimeoutExtension.interceptTestMethod(TimeoutExtension.java:84)
	at org.junit.jupiter.engine.execution.ExecutableInvoker$ReflectiveInterceptorCall.lambda$ofVoidMethod$0(ExecutableInvoker.java:115)
	at org.junit.jupiter.engine.execution.ExecutableInvoker.lambda$invoke$0(ExecutableInvoker.java:105)
	at org.junit.jupiter.engine.execution.InvocationInterceptorChain$InterceptedInvocation.proceed(InvocationInterceptorChain.java:106)
	at org.junit.jupiter.engine.execution.InvocationInterceptorChain.proceed(InvocationInterceptorChain.java:64)
	at org.junit.jupiter.engine.execution.InvocationInterceptorChain.chainAndInvoke(InvocationInterceptorChain.java:45)
	at org.junit.jupiter.engine.execution.InvocationInterceptorChain.invoke(InvocationInterceptorChain.java:37)
	at org.junit.jupiter.engine.execution.ExecutableInvoker.invoke(ExecutableInvoker.java:104)
	at org.junit.jupiter.engine.execution.ExecutableInvoker.invoke(ExecutableInvoker.java:98)
	at org.junit.jupiter.engine.descriptor.TestMethodTestDescriptor.lambda$invokeTestMethod$7(TestMethodTestDescriptor.java:214)
	at org.junit.platform.engine.support.hierarchical.ThrowableCollector.execute(ThrowableCollector.java:73)
	at org.junit.jupiter.engine.descriptor.TestMethodTestDescriptor.invokeTestMethod(TestMethodTestDescriptor.java:210)
	at org.junit.jupiter.engine.descriptor.TestMethodTestDescriptor.execute(TestMethodTestDescriptor.java:135)
	at org.junit.jupiter.engine.descriptor.TestMethodTestDescriptor.execute(TestMethodTestDescriptor.java:66)
	at org.junit.platform.engine.support.hierarchical.NodeTestTask.lambda$executeRecursively$6(NodeTestTask.java:151)
	at org.junit.platform.engine.support.hierarchical.ThrowableCollector.execute(ThrowableCollector.java:73)
	at org.junit.platform.engine.support.hierarchical.NodeTestTask.lambda$executeRecursively$8(NodeTestTask.java:141)
	at org.junit.platform.engine.support.hierarchical.Node.around(Node.java:137)
	at org.junit.platform.engine.support.hierarchical.NodeTestTask.lambda$executeRecursively$9(NodeTestTask.java:139)
	at org.junit.platform.engine.support.hierarchical.ThrowableCollector.execute(ThrowableCollector.java:73)
	at org.junit.platform.engine.support.hierarchical.NodeTestTask.executeRecursively(NodeTestTask.java:138)
	at org.junit.platform.engine.support.hierarchical.NodeTestTask.execute(NodeTestTask.java:95)
	at java.util.ArrayList.forEach(ArrayList.java:1259)
	at org.junit.platform.engine.support.hierarchical.SameThreadHierarchicalTestExecutorService.invokeAll(SameThreadHierarchicalTestExecutorService.java:41)
	at org.junit.platform.engine.support.hierarchical.NodeTestTask.lambda$executeRecursively$6(NodeTestTask.java:155)
	at org.junit.platform.engine.support.hierarchical.ThrowableCollector.execute(ThrowableCollector.java:73)
	at org.junit.platform.engine.support.hierarchical.NodeTestTask.lambda$executeRecursively$8(NodeTestTask.java:141)
	at org.junit.platform.engine.support.hierarchical.Node.around(Node.java:137)
	at org.junit.platform.engine.support.hierarchical.NodeTestTask.lambda$executeRecursively$9(NodeTestTask.java:139)
	at org.junit.platform.engine.support.hierarchical.ThrowableCollector.execute(ThrowableCollector.java:73)
	at org.junit.platform.engine.support.hierarchical.NodeTestTask.executeRecursively(NodeTestTask.java:138)
	at org.junit.platform.engine.support.hierarchical.NodeTestTask.execute(NodeTestTask.java:95)
	at java.util.ArrayList.forEach(ArrayList.java:1259)
	at org.junit.platform.engine.support.hierarchical.SameThreadHierarchicalTestExecutorService.invokeAll(SameThreadHierarchicalTestExecutorService.java:41)
	at org.junit.platform.engine.support.hierarchical.NodeTestTask.lambda$executeRecursively$6(NodeTestTask.java:155)
	at org.junit.platform.engine.support.hierarchical.ThrowableCollector.execute(ThrowableCollector.java:73)
	at org.junit.platform.engine.support.hierarchical.NodeTestTask.lambda$executeRecursively$8(NodeTestTask.java:141)
	at org.junit.platform.engine.support.hierarchical.Node.around(Node.java:137)
	at org.junit.platform.engine.support.hierarchical.NodeTestTask.lambda$executeRecursively$9(NodeTestTask.java:139)
	at org.junit.platform.engine.support.hierarchical.ThrowableCollector.execute(ThrowableCollector.java:73)
	at org.junit.platform.engine.support.hierarchical.NodeTestTask.executeRecursively(NodeTestTask.java:138)
	at org.junit.platform.engine.support.hierarchical.NodeTestTask.execute(NodeTestTask.java:95)
	at org.junit.platform.engine.support.hierarchical.SameThreadHierarchicalTestExecutorService.submit(SameThreadHierarchicalTestExecutorService.java:35)
	at org.junit.platform.engine.support.hierarchical.HierarchicalTestExecutor.execute(HierarchicalTestExecutor.java:57)
	at org.junit.platform.engine.support.hierarchical.HierarchicalTestEngine.execute(HierarchicalTestEngine.java:54)
	at org.junit.platform.launcher.core.EngineExecutionOrchestrator.execute(EngineExecutionOrchestrator.java:107)
	at org.junit.platform.launcher.core.EngineExecutionOrchestrator.execute(EngineExecutionOrchestrator.java:88)
	at org.junit.platform.launcher.core.EngineExecutionOrchestrator.lambda$execute$0(EngineExecutionOrchestrator.java:54)
	at org.junit.platform.launcher.core.EngineExecutionOrchestrator.withInterceptedStreams(EngineExecutionOrchestrator.java:67)
	at org.junit.platform.launcher.core.EngineExecutionOrchestrator.execute(EngineExecutionOrchestrator.java:52)
	at org.junit.platform.launcher.core.DefaultLauncher.execute(DefaultLauncher.java:114)
	at org.junit.platform.launcher.core.DefaultLauncher.execute(DefaultLauncher.java:86)
	at org.junit.platform.launcher.core.DefaultLauncherSession$DelegatingLauncher.execute(DefaultLauncherSession.java:86)
	at org.junit.platform.launcher.core.SessionPerRequestLauncher.execute(SessionPerRequestLauncher.java:53)
	at org.apache.maven.surefire.junitplatform.JUnitPlatformProvider.execute(JUnitPlatformProvider.java:188)
	at org.apache.maven.surefire.junitplatform.JUnitPlatformProvider.invokeAllTests(JUnitPlatformProvider.java:154)
	at org.apache.maven.surefire.junitplatform.JUnitPlatformProvider.invoke(JUnitPlatformProvider.java:124)
	at org.apache.maven.surefire.booter.ForkedBooter.runSuitesInProcess(ForkedBooter.java:428)
	at org.apache.maven.surefire.booter.ForkedBooter.execute(ForkedBooter.java:162)
	at org.apache.maven.surefire.booter.ForkedBooter.run(ForkedBooter.java:562)
	at org.apache.maven.surefire.booter.ForkedBooter.main(ForkedBooter.java:548)
]]></failure>
    <system-out><![CDATA[2023-04-10 17:22:10,404 [main] WARN  server.ServerUtils (ServerUtils.java:getScmDbDir(148)) - ozone.scm.db.dirs is not configured. We recommend adding this setting. Falling back to ozone.metadata.dirs instead.
2023-04-10 17:22:10,506 [main] WARN  server.ServerUtils (ServerUtils.java:getScmDbDir(148)) - ozone.scm.db.dirs is not configured. We recommend adding this setting. Falling back to ozone.metadata.dirs instead.
2023-04-10 17:22:10,509 [main] INFO  ha.SCMHANodeDetails (SCMHANodeDetails.java:loadSCMHAConfig(209)) - ServiceID for StorageContainerManager is null
2023-04-10 17:22:10,515 [main] WARN  ha.SCMHANodeDetails (SCMHANodeDetails.java:validateSCMHAConfig(182)) - Invalid config ozone.scm.ratis.enable. The config was not specified, but the default value true conflicts with the expected config value false. Falling back to the expected value. Current State of SCM: SCM is running in Non-HA without Ratis Ratis SCM -> Non Ratis SCM or Non HA SCM -> HA SCM is not supported
2023-04-10 17:22:10,515 [main] INFO  ha.SCMHANodeDetails (SCMHANodeDetails.java:loadSCMHAConfig(214)) - ozone.scm.default.service.id is not defined, falling back to ozone.scm.service.ids to find serviceID for StorageContainerManager if it is HA enabled cluster
2023-04-10 17:22:11,055 [main] WARN  utils.HAUtils (HAUtils.java:getMetaDir(342)) - ozone.scm.db.dirs is not configured. We recommend adding this setting. Falling back to ozone.metadata.dirs instead.
2023-04-10 17:22:11,196 [main] WARN  db.DBStoreBuilder (DBStoreBuilder.java:applyDBDefinition(182)) - ozone.scm.db.dirs is not configured. We recommend adding this setting. Falling back to ozone.metadata.dirs instead.
2023-04-10 17:22:11,395 [main] INFO  net.NodeSchemaLoader (NodeSchemaLoader.java:loadSchemaFromFile(129)) - Loading schema from [jar:file:/home/runner/.m2/repository/org/apache/ozone/hdds-common/1.4.0-SNAPSHOT/hdds-common-1.4.0-SNAPSHOT.jar!/network-topology-default.xml]
2023-04-10 17:22:11,396 [main] INFO  net.NodeSchemaLoader (NodeSchemaLoader.java:loadSchema(176)) - Loading network topology layer schema file
2023-04-10 17:22:11,436 [main] INFO  metrics.MetricRegistries (MetricRegistriesLoader.java:load(64)) - Loaded MetricRegistries class org.apache.ratis.metrics.impl.MetricRegistriesImpl
2023-04-10 17:22:11,440 [main] INFO  upgrade.AbstractLayoutVersionManager (AbstractLayoutVersionManager.java:init(83)) - Initializing Layout version manager with metadata layout = WEBUI_PORTS_IN_DATANODEDETAILS (version = 6), software layout = WEBUI_PORTS_IN_DATANODEDETAILS (version = 6)
2023-04-10 17:22:11,622 [main] INFO  reflections.Reflections (Reflections.java:scan(232)) - Reflections took 120 ms to scan 7 urls, producing 156 keys and 369 values 
2023-04-10 17:22:11,714 [main] INFO  ha.SequenceIdGenerator (SequenceIdGenerator.java:upgradeToSequenceId(349)) - upgrade localId to 111677748019200000
2023-04-10 17:22:11,714 [main] INFO  ha.SequenceIdGenerator (SequenceIdGenerator.java:upgradeToSequenceId(359)) - upgrade delTxnId to 0
2023-04-10 17:22:11,718 [main] INFO  ha.SequenceIdGenerator (SequenceIdGenerator.java:upgradeToSequenceId(376)) - upgrade containerId to 0
2023-04-10 17:22:11,720 [main] INFO  ha.SequenceIdGenerator (SequenceIdGenerator.java:<init>(220)) - Init the HA SequenceIdGenerator.
2023-04-10 17:22:11,787 [main] INFO  node.SCMNodeManager (SCMNodeManager.java:<init>(156)) - Entering startup safe mode.
2023-04-10 17:22:11,801 [main] INFO  algorithms.ContainerPlacementPolicyFactory (ContainerPlacementPolicyFactory.java:getPolicyInternal(86)) - Create container placement policy of type org.apache.hadoop.hdds.scm.container.placement.algorithms.SCMContainerPlacementRandom
2023-04-10 17:22:11,804 [main] INFO  algorithms.ContainerPlacementPolicyFactory (ContainerPlacementPolicyFactory.java:getPolicyInternal(86)) - Create container placement policy of type org.apache.hadoop.hdds.scm.container.placement.algorithms.SCMContainerPlacementRackScatter
2023-04-10 17:22:11,813 [main] INFO  pipeline.PipelineStateManagerImpl (PipelineStateManagerImpl.java:initialize(78)) - No pipeline exists in current db
2023-04-10 17:22:11,845 [main] INFO  algorithms.LeaderChoosePolicyFactory (LeaderChoosePolicyFactory.java:getPolicy(57)) - Create leader choose policy of type org.apache.hadoop.hdds.scm.pipeline.leader.choose.algorithms.MinLeaderCountChoosePolicy
2023-04-10 17:22:11,846 [main] INFO  algorithms.ContainerPlacementPolicyFactory (ContainerPlacementPolicyFactory.java:getPolicyInternal(86)) - Create container placement policy of type org.apache.hadoop.hdds.scm.container.placement.algorithms.SCMContainerPlacementRackScatter
2023-04-10 17:22:11,851 [main] INFO  ha.SCMServiceManager (SCMServiceManager.java:register(42)) - Registering service BackgroundPipelineCreator.
2023-04-10 17:22:11,852 [main] INFO  pipeline.BackgroundPipelineCreator (BackgroundPipelineCreator.java:start(124)) - Starting RatisPipelineUtilsThread.
2023-04-10 17:22:11,855 [main] INFO  BackgroundPipelineScrubber (BackgroundSCMService.java:start(68)) - Starting BackgroundPipelineScrubber Service.
2023-04-10 17:22:11,859 [main] INFO  ha.SCMServiceManager (SCMServiceManager.java:register(42)) - Registering service BackgroundPipelineScrubber.
2023-04-10 17:22:11,865 [main] INFO  ExpiredContainerReplicaOpScrubber (BackgroundSCMService.java:start(68)) - Starting ExpiredContainerReplicaOpScrubber Service.
2023-04-10 17:22:11,866 [main] INFO  ha.SCMServiceManager (SCMServiceManager.java:register(42)) - Registering service ExpiredContainerReplicaOpScrubber.
2023-04-10 17:22:11,908 [main] INFO  algorithms.PipelineChoosePolicyFactory (PipelineChoosePolicyFactory.java:createPipelineChoosePolicyFromClass(73)) - Create pipeline choose policy of type org.apache.hadoop.hdds.scm.pipeline.choose.algorithms.RandomPipelineChoosePolicy
2023-04-10 17:22:11,925 [main] INFO  ha.SCMServiceManager (SCMServiceManager.java:register(42)) - Registering service SCMBlockDeletingService.
2023-04-10 17:22:11,983 [main] INFO  replication.ReplicationManager (ReplicationManager.java:start(288)) - Starting Replication Monitor Thread.
2023-04-10 17:22:11,997 [main] INFO  ha.SCMServiceManager (SCMServiceManager.java:register(42)) - Registering service ReplicationManager.
2023-04-10 17:22:12,003 [ReplicationMonitor] INFO  replication.ReplicationManager (ReplicationManager.java:processAll(363)) - Replication Manager is not ready to run until 3000ms after safemode exit
2023-04-10 17:22:12,007 [main] INFO  safemode.ContainerSafeModeRule (ContainerSafeModeRule.java:<init>(89)) - containers with one replica threshold count 0
2023-04-10 17:22:12,011 [main] INFO  safemode.HealthyPipelineSafeModeRule (HealthyPipelineSafeModeRule.java:initializeRule(169)) - Total pipeline count is 0, healthy pipeline threshold count is 1
2023-04-10 17:22:12,013 [main] INFO  safemode.OneReplicaPipelineSafeModeRule (OneReplicaPipelineSafeModeRule.java:initializeRule(180)) - Total pipeline count is 0, pipeline's with at least one datanode reported threshold count is 0
2023-04-10 17:22:12,053 [main] INFO  server.StorageContainerManager (StorageContainerManager.java:<init>(398)) - SCM start with adminUsers: [runner]
2023-04-10 17:22:12,332 [main] INFO  audit.AuditLogger (AuditLogger.java:refreshDebugCmdSet(126)) - Refresh DebugCmdSet for SCMAudit to [].
2023-04-10 17:22:12,366 [main] INFO  ipc.CallQueueManager (CallQueueManager.java:<init>(90)) - Using callQueue: class java.util.concurrent.LinkedBlockingQueue, queueCapacity: 2000, scheduler: class org.apache.hadoop.ipc.DefaultRpcScheduler, ipcBackoff: false.
2023-04-10 17:22:12,412 [Socket Reader #1 for port 0] INFO  ipc.Server (Server.java:run(1319)) - Starting Socket Reader #1 for port 0
2023-04-10 17:22:12,469 [Listener at 0.0.0.0/44281] INFO  audit.AuditLogger (AuditLogger.java:refreshDebugCmdSet(126)) - Refresh DebugCmdSet for SCMAudit to [].
2023-04-10 17:22:12,489 [Listener at 0.0.0.0/44281] INFO  ipc.CallQueueManager (CallQueueManager.java:<init>(90)) - Using callQueue: class java.util.concurrent.LinkedBlockingQueue, queueCapacity: 2000, scheduler: class org.apache.hadoop.ipc.DefaultRpcScheduler, ipcBackoff: false.
2023-04-10 17:22:12,493 [Socket Reader #1 for port 0] INFO  ipc.Server (Server.java:run(1319)) - Starting Socket Reader #1 for port 0
2023-04-10 17:22:12,522 [Listener at 0.0.0.0/34819] INFO  audit.AuditLogger (AuditLogger.java:refreshDebugCmdSet(126)) - Refresh DebugCmdSet for SCMAudit to [].
2023-04-10 17:22:12,532 [Listener at 0.0.0.0/34819] INFO  ipc.CallQueueManager (CallQueueManager.java:<init>(90)) - Using callQueue: class java.util.concurrent.LinkedBlockingQueue, queueCapacity: 2000, scheduler: class org.apache.hadoop.ipc.DefaultRpcScheduler, ipcBackoff: false.
2023-04-10 17:22:12,533 [Socket Reader #1 for port 0] INFO  ipc.Server (Server.java:run(1319)) - Starting Socket Reader #1 for port 0
2023-04-10 17:22:12,658 [Listener at 0.0.0.0/46755] INFO  ha.SCMServiceManager (SCMServiceManager.java:register(42)) - Registering service ContainerBalancer.
2023-04-10 17:22:12,659 [Listener at 0.0.0.0/46755] INFO  server.StorageContainerManager (StorageContainerManager.java:<init>(415)) - 
Container Balancer status:
Key                            Value
Running                        false
Container Balancer Configuration values:
Key                                                Value
Threshold                                          10
Max Datanodes to Involve per Iteration(percent)    20
Max Size to Move per Iteration                     500GB
Max Size Entering Target per Iteration             26GB
Max Size Leaving Source per Iteration              26GB

2023-04-10 17:22:12,660 [Listener at 0.0.0.0/46755] INFO  ha.SCMContext (SCMContext.java:updateSafeModeStatus(228)) - Update SafeModeStatus from SafeModeStatus{safeModeStatus=true, preCheckPassed=false} to SafeModeStatus{safeModeStatus=true, preCheckPassed=false}.
2023-04-10 17:22:12,667 [Listener at 0.0.0.0/46755] INFO  server.StorageContainerManager (StorageContainerManager.java:start(1453)) - StorageContainerLocationProtocol RPC server is listening at /0.0.0.0:46755
2023-04-10 17:22:12,740 [Listener at 0.0.0.0/46755] WARN  impl.MetricsConfig (MetricsConfig.java:loadFirst(136)) - Cannot locate configuration: tried hadoop-metrics2-storagecontainermanager.properties,hadoop-metrics2.properties
2023-04-10 17:22:12,759 [Listener at 0.0.0.0/46755] INFO  impl.MetricsSystemImpl (MetricsSystemImpl.java:startTimer(378)) - Scheduled Metric snapshot period at 10 second(s).
2023-04-10 17:22:12,759 [Listener at 0.0.0.0/46755] INFO  impl.MetricsSystemImpl (MetricsSystemImpl.java:start(191)) - StorageContainerManager metrics system started
2023-04-10 17:22:13,015 [Listener at 0.0.0.0/46755] INFO  server.SCMClientProtocolServer (SCMClientProtocolServer.java:start(197)) - RPC server for Client  is listening at /0.0.0.0:46755
2023-04-10 17:22:13,016 [IPC Server Responder] INFO  ipc.Server (Server.java:run(1558)) - IPC Server Responder: starting
2023-04-10 17:22:13,017 [IPC Server listener on 0] INFO  ipc.Server (Server.java:run(1398)) - IPC Server listener on 0: starting
2023-04-10 17:22:13,064 [Listener at 0.0.0.0/46755] INFO  server.StorageContainerManager (StorageContainerManager.java:start(1467)) - ScmBlockLocationProtocol RPC server is listening at /0.0.0.0:34819
2023-04-10 17:22:13,065 [Listener at 0.0.0.0/46755] INFO  server.SCMBlockProtocolServer (SCMBlockProtocolServer.java:start(152)) - RPC server for Block Protocol is listening at /0.0.0.0:34819
2023-04-10 17:22:13,065 [IPC Server Responder] INFO  ipc.Server (Server.java:run(1558)) - IPC Server Responder: starting
2023-04-10 17:22:13,068 [IPC Server listener on 0] INFO  ipc.Server (Server.java:run(1398)) - IPC Server listener on 0: starting
2023-04-10 17:22:13,071 [Listener at 0.0.0.0/46755] INFO  server.SCMDatanodeProtocolServer (SCMDatanodeProtocolServer.java:start(193)) - ScmDatanodeProtocol RPC server for DataNodes is listening at /0.0.0.0:44281
2023-04-10 17:22:13,072 [IPC Server Responder] INFO  ipc.Server (Server.java:run(1558)) - IPC Server Responder: starting
2023-04-10 17:22:13,072 [IPC Server listener on 0] INFO  ipc.Server (Server.java:run(1398)) - IPC Server listener on 0: starting
2023-04-10 17:22:13,097 [org.apache.hadoop.util.JvmPauseMonitor$Monitor@28b16193] INFO  util.JvmPauseMonitor (JvmPauseMonitor.java:run(188)) - Starting JVM pause monitor
2023-04-10 17:22:13,109 [Listener at 0.0.0.0/46755] INFO  http.BaseHttpServer (BaseHttpServer.java:newHttpServer2BuilderForOzone(224)) - Starting Web-server for scm at: http://0.0.0.0:0
2023-04-10 17:22:13,110 [Listener at 0.0.0.0/46755] INFO  http.BaseHttpServer (BaseHttpServer.java:<init>(111)) - Hadoop Security Enabled: false Ozone Security Enabled: false Ozone HTTP Security Enabled: false 
2023-04-10 17:22:13,138 [Listener at 0.0.0.0/46755] INFO  util.log (Log.java:initialized(170)) - Logging initialized @4197ms to org.eclipse.jetty.util.log.Slf4jLog
2023-04-10 17:22:13,236 [Listener at 0.0.0.0/46755] WARN  server.AuthenticationFilter (AuthenticationFilter.java:constructSecretProvider(240)) - Unable to initialize FileSignerSecretProvider, falling back to use random secrets. Reason: Could not read signature secret file: /home/runner/hadoop-http-auth-signature-secret
2023-04-10 17:22:13,244 [Listener at 0.0.0.0/46755] WARN  http.HttpRequestLog (HttpRequestLog.java:getRequestLog(103)) - Jetty request log can only be enabled using Log4j
2023-04-10 17:22:13,255 [Listener at 0.0.0.0/46755] INFO  http.HttpServer2 (HttpServer2.java:addGlobalFilter(1031)) - Added global filter 'safety' (class=org.apache.hadoop.hdds.server.http.HttpServer2$QuotingInputFilter)
2023-04-10 17:22:13,257 [Listener at 0.0.0.0/46755] INFO  http.HttpServer2 (HttpServer2.java:addFilter(1007)) - Added filter static_user_filter (class=org.apache.hadoop.http.lib.StaticUserWebFilter$StaticUserFilter) to context scm
2023-04-10 17:22:13,258 [Listener at 0.0.0.0/46755] INFO  http.HttpServer2 (HttpServer2.java:addFilter(1015)) - Added filter static_user_filter (class=org.apache.hadoop.http.lib.StaticUserWebFilter$StaticUserFilter) to context logs
2023-04-10 17:22:13,258 [Listener at 0.0.0.0/46755] INFO  http.HttpServer2 (HttpServer2.java:addFilter(1015)) - Added filter static_user_filter (class=org.apache.hadoop.http.lib.StaticUserWebFilter$StaticUserFilter) to context static
2023-04-10 17:22:13,296 [Listener at 0.0.0.0/46755] INFO  http.BaseHttpServer (BaseHttpServer.java:<init>(190)) - HTTP server of scm uses base directory /home/runner/work/ozone/ozone/hadoop-ozone/integration-test/target/test-dir/MiniOzoneClusterImpl-bd692c78-fb3a-4866-9e85-e2f4bd0dbf58/ozone-meta/webserver
2023-04-10 17:22:13,298 [Listener at 0.0.0.0/46755] INFO  http.HttpServer2 (HttpServer2.java:bindListener(1250)) - Jetty bound to port 44481
2023-04-10 17:22:13,299 [Listener at 0.0.0.0/46755] INFO  server.Server (Server.java:doStart(375)) - jetty-9.4.49.v20220914; built: 2022-09-14T01:07:36.601Z; git: 4231a3b2e4cb8548a412a789936d640a97b1aa0a; jvm 1.8.0_362-b09
2023-04-10 17:22:13,333 [Listener at 0.0.0.0/46755] INFO  server.session (DefaultSessionIdManager.java:doStart(334)) - DefaultSessionIdManager workerName=node0
2023-04-10 17:22:13,333 [Listener at 0.0.0.0/46755] INFO  server.session (DefaultSessionIdManager.java:doStart(339)) - No SessionScavenger set, using defaults
2023-04-10 17:22:13,335 [Listener at 0.0.0.0/46755] INFO  server.session (HouseKeeper.java:startScavenging(132)) - node0 Scavenging every 660000ms
2023-04-10 17:22:13,347 [Listener at 0.0.0.0/46755] INFO  handler.ContextHandler (ContextHandler.java:doStart(921)) - Started o.e.j.s.ServletContextHandler@4a937d43{logs,/logs,file:///home/runner/work/ozone/ozone/hadoop-ozone/integration-test/target/log,AVAILABLE}
2023-04-10 17:22:13,348 [Listener at 0.0.0.0/46755] INFO  handler.ContextHandler (ContextHandler.java:doStart(921)) - Started o.e.j.s.ServletContextHandler@18711946{static,/static,file:///home/runner/work/ozone/ozone/hadoop-ozone/integration-test/target/test-classes/webapps/static,AVAILABLE}
2023-04-10 17:22:13,411 [Listener at 0.0.0.0/46755] INFO  handler.ContextHandler (ContextHandler.java:doStart(921)) - Started o.e.j.w.WebAppContext@397b5b2d{scm,/,file:///home/runner/work/ozone/ozone/hadoop-ozone/integration-test/target/test-classes/webapps/scm/,AVAILABLE}{file:/home/runner/work/ozone/ozone/hadoop-ozone/integration-test/target/test-classes/webapps/scm}
2023-04-10 17:22:13,421 [Listener at 0.0.0.0/46755] INFO  server.AbstractConnector (AbstractConnector.java:doStart(333)) - Started ServerConnector@615b1baf{HTTP/1.1, (http/1.1)}{0.0.0.0:44481}
2023-04-10 17:22:13,421 [Listener at 0.0.0.0/46755] INFO  server.Server (Server.java:doStart(415)) - Started @4481ms
2023-04-10 17:22:13,425 [Listener at 0.0.0.0/46755] INFO  impl.MetricsSinkAdapter (MetricsSinkAdapter.java:start(204)) - Sink prometheus started
2023-04-10 17:22:13,425 [Listener at 0.0.0.0/46755] INFO  impl.MetricsSystemImpl (MetricsSystemImpl.java:registerSink(305)) - Registered sink prometheus
2023-04-10 17:22:13,427 [Listener at 0.0.0.0/46755] INFO  http.BaseHttpServer (BaseHttpServer.java:updateConnectorAddress(344)) - HTTP server of scm listening at http://0.0.0.0:44481
2023-04-10 17:22:13,429 [Listener at 0.0.0.0/46755] WARN  server.ServerUtils (ServerUtils.java:getDBPath(225)) - ozone.om.db.dirs is not configured. We recommend adding this setting. Falling back to ozone.metadata.dirs instead.
2023-04-10 17:22:13,502 [Listener at 0.0.0.0/46755] INFO  audit.AuditLogger (AuditLogger.java:refreshDebugCmdSet(126)) - Refresh DebugCmdSet for OMAudit to [].
2023-04-10 17:22:13,589 [Listener at 0.0.0.0/46755] INFO  ha.OMHANodeDetails (OMHANodeDetails.java:loadOMHAConfig(115)) - ozone.om.internal.service.id is not defined, falling back to ozone.om.service.ids to find serviceID for OzoneManager if it is HA enabled cluster
2023-04-10 17:22:13,593 [Listener at 0.0.0.0/46755] INFO  ha.OMHANodeDetails (OMHANodeDetails.java:loadOMHAConfig(226)) - Configuration does not have ozone.om.address set. Falling back to the default OM address /127.0.0.1:0
2023-04-10 17:22:13,593 [Listener at 0.0.0.0/46755] INFO  ha.OMHANodeDetails (OMHANodeDetails.java:getOMNodeDetailsForNonHA(254)) - OM Service ID is not set. Setting it to the default ID: omServiceIdDefault
2023-04-10 17:22:13,593 [Listener at 0.0.0.0/46755] INFO  ha.OMHANodeDetails (OMHANodeDetails.java:getOMNodeDetailsForNonHA(261)) - OM Node ID is not set. Setting it to the default ID: om1
2023-04-10 17:22:13,599 [Listener at 0.0.0.0/46755] WARN  server.ServerUtils (ServerUtils.java:getDBPath(225)) - ozone.om.db.dirs is not configured. We recommend adding this setting. Falling back to ozone.metadata.dirs instead.
2023-04-10 17:22:13,601 [Listener at 0.0.0.0/46755] INFO  upgrade.AbstractLayoutVersionManager (AbstractLayoutVersionManager.java:init(83)) - Initializing Layout version manager with metadata layout = MULTITENANCY_SCHEMA (version = 3), software layout = MULTITENANCY_SCHEMA (version = 3)
2023-04-10 17:22:13,692 [Listener at 0.0.0.0/46755] INFO  reflections.Reflections (Reflections.java:scan(232)) - Reflections took 82 ms to scan 2 urls, producing 171 keys and 471 values [using 2 cores]
2023-04-10 17:22:13,697 [Listener at 0.0.0.0/46755] INFO  upgrade.OMLayoutVersionManager (OMLayoutVersionManager.java:lambda$0(115)) - Skipping Upgrade Action MockOmUpgradeAction since it has been finalized.
2023-04-10 17:22:13,701 [Listener at 0.0.0.0/46755] WARN  server.ServerUtils (ServerUtils.java:getDBPath(225)) - ozone.om.db.dirs is not configured. We recommend adding this setting. Falling back to ozone.metadata.dirs instead.
2023-04-10 17:22:13,868 [Listener at 0.0.0.0/46755] INFO  proxy.SCMBlockLocationFailoverProxyProvider (SCMBlockLocationFailoverProxyProvider.java:<init>(114)) - Created block location fail-over proxy with 1 nodes: [nodeId=scmNodeId,nodeAddress=/0.0.0.0:34819]
2023-04-10 17:22:13,902 [Listener at 0.0.0.0/46755] INFO  proxy.SCMBlockLocationFailoverProxyProvider (SCMBlockLocationFailoverProxyProvider.java:<init>(114)) - Created block location fail-over proxy with 1 nodes: [nodeId=scmNodeId,nodeAddress=/0.0.0.0:34819]
2023-04-10 17:22:14,158 [Listener at 0.0.0.0/46755] INFO  om.OzoneManager (OzoneManager.java:<init>(627)) - OM start with adminUsers: [runner]
2023-04-10 17:22:14,173 [Listener at 0.0.0.0/46755] WARN  server.ServerUtils (ServerUtils.java:getDBPath(225)) - ozone.om.db.dirs is not configured. We recommend adding this setting. Falling back to ozone.metadata.dirs instead.
2023-04-10 17:22:14,181 [Listener at 0.0.0.0/46755] INFO  codec.OmKeyInfoCodec (OmKeyInfoCodec.java:<init>(49)) - OmKeyInfoCodec ignorePipeline = true
2023-04-10 17:22:14,182 [Listener at 0.0.0.0/46755] INFO  codec.RepeatedOmKeyInfoCodec (RepeatedOmKeyInfoCodec.java:<init>(41)) - RepeatedOmKeyInfoCodec ignorePipeline = true
2023-04-10 17:22:14,391 [Listener at 0.0.0.0/46755] INFO  om.OzoneManager (OzoneManager.java:instantiateServices(757)) - S3 Multi-Tenancy is disabled
2023-04-10 17:22:14,420 [Listener at 0.0.0.0/46755] WARN  server.ServerUtils (ServerUtils.java:getDBPath(225)) - ozone.om.snapshot.diff.db.dir is not configured. We recommend adding this setting. Falling back to ozone.metadata.dirs instead.
2023-04-10 17:22:14,519 [Listener at 0.0.0.0/46755] INFO  om.OzoneManager (OzoneManager.java:addS3GVolumeToDB(4257)) - Created Volume s3v With Owner runner required for S3Gateway operations.
2023-04-10 17:22:14,585 [Listener at 0.0.0.0/46755] WARN  server.ServerUtils (ServerUtils.java:getDefaultRatisDirectory(237)) - Storage directory for Ratis is not configured. It is a good idea to map this to an SSD disk. Falling back to ozone.metadata.dirs
2023-04-10 17:22:14,585 [Listener at 0.0.0.0/46755] WARN  utils.OzoneManagerRatisUtils (OzoneManagerRatisUtils.java:getOMRatisSnapshotDirectory(446)) - ozone.om.ratis.snapshot.dir is not configured. Falling back to ozone.metadata.dirs config
2023-04-10 17:22:14,604 [Listener at 0.0.0.0/46755] WARN  server.ServerUtils (ServerUtils.java:getDefaultRatisDirectory(237)) - Storage directory for Ratis is not configured. It is a good idea to map this to an SSD disk. Falling back to ozone.metadata.dirs
2023-04-10 17:22:14,645 [Listener at 0.0.0.0/46755] INFO  ratis.OzoneManagerRatisServer (OzoneManagerRatisServer.java:<init>(163)) - Instantiating OM Ratis server with groupID: omServiceIdDefault and peers: localhost:9872
2023-04-10 17:22:14,654 [Listener at 0.0.0.0/46755] INFO  ratis.OzoneManagerStateMachine (OzoneManagerStateMachine.java:loadSnapshotInfoFromDB(644)) - LastAppliedIndex is set from TransactionInfo from OM DB as (t:0, i:~)
2023-04-10 17:22:14,714 [Listener at 0.0.0.0/46755] INFO  server.RaftServer (ConfUtils.java:logGet(46)) - raft.rpc.type = GRPC (default)
2023-04-10 17:22:14,787 [Listener at 0.0.0.0/46755] INFO  grpc.GrpcConfigKeys (ConfUtils.java:logFallback(53)) - raft.grpc.admin.host = null (fallback to raft.grpc.server.host)
2023-04-10 17:22:14,791 [Listener at 0.0.0.0/46755] INFO  grpc.GrpcConfigKeys (ConfUtils.java:logFallback(53)) - raft.grpc.admin.port = 9872 (fallback to raft.grpc.server.port)
2023-04-10 17:22:14,792 [Listener at 0.0.0.0/46755] INFO  grpc.GrpcConfigKeys (ConfUtils.java:logFallback(53)) - raft.grpc.client.host = null (fallback to raft.grpc.server.host)
2023-04-10 17:22:14,793 [Listener at 0.0.0.0/46755] INFO  grpc.GrpcConfigKeys (ConfUtils.java:logFallback(53)) - raft.grpc.client.port = 9872 (fallback to raft.grpc.server.port)
2023-04-10 17:22:14,793 [Listener at 0.0.0.0/46755] INFO  grpc.GrpcConfigKeys (ConfUtils.java:logGet(46)) - raft.grpc.server.host = null (default)
2023-04-10 17:22:14,795 [Listener at 0.0.0.0/46755] INFO  grpc.GrpcConfigKeys (ConfUtils.java:logGet(46)) - raft.grpc.server.port = 9872 (custom)
2023-04-10 17:22:14,796 [Listener at 0.0.0.0/46755] INFO  server.GrpcService (ConfUtils.java:logGet(46)) - raft.grpc.message.size.max = 33554432 (custom)
2023-04-10 17:22:14,797 [Listener at 0.0.0.0/46755] INFO  server.RaftServerConfigKeys (ConfUtils.java:logGet(46)) - raft.server.log.appender.buffer.byte-limit = 33554432 (custom)
2023-04-10 17:22:14,798 [Listener at 0.0.0.0/46755] INFO  server.GrpcService (ConfUtils.java:logGet(46)) - raft.grpc.flow.control.window = 1MB (=1048576) (default)
2023-04-10 17:22:14,800 [Listener at 0.0.0.0/46755] INFO  server.RaftServerConfigKeys (ConfUtils.java:logGet(46)) - raft.server.rpc.request.timeout = 3000ms (default)
2023-04-10 17:22:14,817 [Listener at 0.0.0.0/46755] INFO  grpc.GrpcConfigKeys (ConfUtils.java:logGet(46)) - raft.grpc.server.heartbeat.channel = true (default)
2023-04-10 17:22:14,820 [Listener at 0.0.0.0/46755] INFO  grpc.GrpcConfigKeys (ConfUtils.java:logGet(46)) - raft.grpc.server.async.request.thread.pool.cached = true (default)
2023-04-10 17:22:14,821 [Listener at 0.0.0.0/46755] INFO  grpc.GrpcConfigKeys (ConfUtils.java:logGet(46)) - raft.grpc.server.async.request.thread.pool.size = 32 (default)
2023-04-10 17:22:15,042 [Listener at 0.0.0.0/46755] INFO  impl.DataStreamServerImpl (ConfUtils.java:logGet(46)) - raft.datastream.type = DISABLED (default)
2023-04-10 17:22:15,046 [Listener at 0.0.0.0/46755] INFO  server.RaftServerConfigKeys (ConfUtils.java:logGet(46)) - raft.server.threadpool.proxy.cached = true (default)
2023-04-10 17:22:15,047 [Listener at 0.0.0.0/46755] INFO  server.RaftServerConfigKeys (ConfUtils.java:logGet(46)) - raft.server.threadpool.proxy.size = 0 (default)
2023-04-10 17:22:15,048 [Listener at 0.0.0.0/46755] INFO  server.RaftServerConfigKeys (ConfUtils.java:logGet(46)) - raft.server.rpc.slowness.timeout = 120s (custom)
2023-04-10 17:22:15,048 [Listener at 0.0.0.0/46755] INFO  server.RaftServerConfigKeys (ConfUtils.java:logGet(46)) - raft.server.leaderelection.leader.step-down.wait-time = 10s (default)
2023-04-10 17:22:15,051 [Listener at 0.0.0.0/46755] INFO  server.RaftServerConfigKeys (ConfUtils.java:logGet(46)) - raft.server.storage.dir = [/home/runner/work/ozone/ozone/hadoop-ozone/integration-test/target/test-dir/MiniOzoneClusterImpl-bd692c78-fb3a-4866-9e85-e2f4bd0dbf58/ozone-meta/ratis] (custom)
2023-04-10 17:22:15,061 [Listener at 0.0.0.0/46755] INFO  server.RaftServer (RaftServerProxy.java:addNew(96)) - om1: addNew group-C5BA1605619E:[om1|rpc:localhost:9872|priority:0|startupRole:FOLLOWER] returns group-C5BA1605619E:java.util.concurrent.CompletableFuture@1f4c8062[Not completed]
2023-04-10 17:22:15,062 [Listener at 0.0.0.0/46755] INFO  om.OzoneManager (OzoneManager.java:initializeRatisServer(2095)) - OzoneManager Ratis server initialized at port 9872
2023-04-10 17:22:15,067 [Listener at 0.0.0.0/46755] INFO  om.OzoneManager (OzoneManager.java:getRpcServer(1142)) - Creating RPC Server
2023-04-10 17:22:15,094 [pool-60-thread-1] INFO  server.RaftServer$Division (RaftServerImpl.java:<init>(195)) - om1: new RaftServerImpl for group-C5BA1605619E:[om1|rpc:localhost:9872|priority:0|startupRole:FOLLOWER] with OzoneManagerStateMachine:uninitialized
2023-04-10 17:22:15,100 [pool-60-thread-1] INFO  server.RaftServerConfigKeys (ConfUtils.java:logGet(46)) - raft.server.rpc.timeout.min = 1s (custom)
2023-04-10 17:22:15,101 [pool-60-thread-1] INFO  server.RaftServerConfigKeys (ConfUtils.java:logGet(46)) - raft.server.rpc.timeout.max = 1200ms (custom)
2023-04-10 17:22:15,102 [pool-60-thread-1] INFO  server.RaftServerConfigKeys (ConfUtils.java:logGet(46)) - raft.server.rpc.sleep.time = 25ms (default)
2023-04-10 17:22:15,102 [pool-60-thread-1] INFO  server.RaftServerConfigKeys (ConfUtils.java:logGet(46)) - raft.server.rpc.slowness.timeout = 120s (custom)
2023-04-10 17:22:15,102 [pool-60-thread-1] INFO  server.RaftServerConfigKeys (ConfUtils.java:logGet(46)) - raft.server.leaderelection.leader.step-down.wait-time = 10s (default)
2023-04-10 17:22:15,102 [pool-60-thread-1] INFO  server.RaftServerConfigKeys (ConfUtils.java:logGet(46)) - raft.server.sleep.deviation.threshold = 300ms (default)
2023-04-10 17:22:15,119 [pool-60-thread-1] INFO  server.RaftServer$Division (ServerState.java:<init>(118)) - om1@group-C5BA1605619E: ConfigurationManager, init=-1: peers:[om1|rpc:localhost:9872|priority:0|startupRole:FOLLOWER]|listeners:[], old=null, confs=<EMPTY_MAP>
2023-04-10 17:22:15,120 [pool-60-thread-1] INFO  server.RaftServerConfigKeys (ConfUtils.java:logGet(46)) - raft.server.storage.dir = [/home/runner/work/ozone/ozone/hadoop-ozone/integration-test/target/test-dir/MiniOzoneClusterImpl-bd692c78-fb3a-4866-9e85-e2f4bd0dbf58/ozone-meta/ratis] (custom)
2023-04-10 17:22:15,134 [pool-60-thread-1] INFO  server.RaftServerConfigKeys (ConfUtils.java:logGet(46)) - raft.server.log.corruption.policy = EXCEPTION (default)
2023-04-10 17:22:15,136 [pool-60-thread-1] INFO  server.RaftServerConfigKeys (ConfUtils.java:logGet(46)) - raft.server.storage.free-space.min = 0MB (=0) (default)
2023-04-10 17:22:15,174 [pool-60-thread-1] INFO  server.RaftServerConfigKeys (ConfUtils.java:logGet(46)) - raft.server.notification.no-leader.timeout = 120s (custom)
2023-04-10 17:22:15,185 [pool-60-thread-1] INFO  server.RaftServerConfigKeys (ConfUtils.java:logGet(46)) - raft.server.retrycache.expirytime = 300s (custom)
2023-04-10 17:22:15,185 [pool-60-thread-1] INFO  server.RaftServerConfigKeys (ConfUtils.java:logGet(46)) - raft.server.retrycache.statistics.expirytime = 100μs (default)
2023-04-10 17:22:15,309 [pool-60-thread-1] INFO  server.RaftServerConfigKeys (ConfUtils.java:logGet(46)) - raft.server.log.appender.install.snapshot.enabled = false (custom)
2023-04-10 17:22:15,310 [pool-60-thread-1] INFO  server.RaftServerConfigKeys (ConfUtils.java:logGet(46)) - raft.server.threadpool.server.cached = true (default)
2023-04-10 17:22:15,311 [pool-60-thread-1] INFO  server.RaftServerConfigKeys (ConfUtils.java:logGet(46)) - raft.server.threadpool.server.size = 0 (default)
2023-04-10 17:22:15,312 [pool-60-thread-1] INFO  server.RaftServerConfigKeys (ConfUtils.java:logGet(46)) - raft.server.threadpool.client.cached = true (default)
2023-04-10 17:22:15,313 [pool-60-thread-1] INFO  server.RaftServerConfigKeys (ConfUtils.java:logGet(46)) - raft.server.threadpool.client.size = 0 (default)
2023-04-10 17:22:15,704 [Listener at 0.0.0.0/46755] INFO  reflections.Reflections (Reflections.java:scan(232)) - Reflections took 568 ms to scan 19 urls, producing 68 keys and 5028 values [using 2 cores]
2023-04-10 17:22:16,064 [Listener at 0.0.0.0/46755] INFO  ipc.CallQueueManager (CallQueueManager.java:<init>(90)) - Using callQueue: class java.util.concurrent.LinkedBlockingQueue, queueCapacity: 2000, scheduler: class org.apache.hadoop.ipc.DefaultRpcScheduler, ipcBackoff: false.
2023-04-10 17:22:16,075 [Socket Reader #1 for port 0] INFO  ipc.Server (Server.java:run(1319)) - Starting Socket Reader #1 for port 0
2023-04-10 17:22:16,123 [Listener at 127.0.0.1/35635] INFO  impl.MetricsSystemImpl (MetricsSystemImpl.java:init(158)) - OzoneManager metrics system started (again)
2023-04-10 17:22:16,135 [Listener at 127.0.0.1/35635] INFO  om.OzoneManager (OzoneManager.java:start(1563)) - OzoneManager RPC server is listening at localhost/127.0.0.1:35635
2023-04-10 17:22:16,136 [Listener at 127.0.0.1/35635] INFO  ratis.OzoneManagerRatisServer (OzoneManagerRatisServer.java:start(558)) - Starting OzoneManagerRatisServer om1 at port 9872
2023-04-10 17:22:16,139 [om1-impl-thread1] INFO  storage.RaftStorageDirectory (RaftStorageDirectoryImpl.java:analyzeStorage(137)) - The storage directory /home/runner/work/ozone/ozone/hadoop-ozone/integration-test/target/test-dir/MiniOzoneClusterImpl-bd692c78-fb3a-4866-9e85-e2f4bd0dbf58/ozone-meta/ratis/bf265839-605b-3f16-9796-c5ba1605619e does not exist. Creating ...
2023-04-10 17:22:16,142 [om1-impl-thread1] INFO  storage.RaftStorageDirectory (RaftStorageDirectoryImpl.java:tryLock(231)) - Lock on /home/runner/work/ozone/ozone/hadoop-ozone/integration-test/target/test-dir/MiniOzoneClusterImpl-bd692c78-fb3a-4866-9e85-e2f4bd0dbf58/ozone-meta/ratis/bf265839-605b-3f16-9796-c5ba1605619e/in_use.lock acquired by nodename 68953@fv-az201-37
2023-04-10 17:22:16,147 [om1-impl-thread1] INFO  storage.RaftStorage (RaftStorageImpl.java:format(96)) - Storage directory /home/runner/work/ozone/ozone/hadoop-ozone/integration-test/target/test-dir/MiniOzoneClusterImpl-bd692c78-fb3a-4866-9e85-e2f4bd0dbf58/ozone-meta/ratis/bf265839-605b-3f16-9796-c5ba1605619e has been successfully formatted.
2023-04-10 17:22:16,149 [om1-impl-thread1] INFO  server.RaftServerConfigKeys (ConfUtils.java:logGet(46)) - raft.server.log.use.memory = false (default)
2023-04-10 17:22:16,156 [om1-impl-thread1] INFO  server.RaftServerConfigKeys (ConfUtils.java:logGet(46)) - raft.server.log.purge.gap = 1000000 (custom)
2023-04-10 17:22:16,156 [om1-impl-thread1] INFO  server.RaftServerConfigKeys (ConfUtils.java:logGet(46)) - raft.server.log.appender.buffer.byte-limit = 33554432 (custom)
2023-04-10 17:22:16,157 [om1-impl-thread1] INFO  server.RaftServerConfigKeys (ConfUtils.java:logGet(46)) - raft.server.log.statemachine.data.read.timeout = 1000ms (default)
2023-04-10 17:22:16,158 [om1-impl-thread1] INFO  server.RaftServerConfigKeys (ConfUtils.java:logGet(46)) - raft.server.log.purge.preservation.log.num = 0 (default)
2023-04-10 17:22:16,160 [om1-impl-thread1] INFO  server.RaftServerConfigKeys (ConfUtils.java:logGet(46)) - raft.server.log.segment.size.max = 4194304 (custom)
2023-04-10 17:22:16,165 [om1-impl-thread1] INFO  server.RaftServerConfigKeys (ConfUtils.java:logGet(46)) - raft.server.log.segment.cache.num.max = 2 (custom)
2023-04-10 17:22:16,165 [om1-impl-thread1] INFO  server.RaftServerConfigKeys (ConfUtils.java:logGet(46)) - raft.server.log.segment.cache.size.max = 200MB (=209715200) (default)
2023-04-10 17:22:16,170 [om1-impl-thread1] INFO  segmented.SegmentedRaftLogWorker (SegmentedRaftLogWorker.java:<init>(189)) - new om1@group-C5BA1605619E-SegmentedRaftLogWorker for RaftStorageImpl:Storage Directory /home/runner/work/ozone/ozone/hadoop-ozone/integration-test/target/test-dir/MiniOzoneClusterImpl-bd692c78-fb3a-4866-9e85-e2f4bd0dbf58/ozone-meta/ratis/bf265839-605b-3f16-9796-c5ba1605619e
2023-04-10 17:22:16,170 [om1-impl-thread1] INFO  server.RaftServerConfigKeys (ConfUtils.java:logGet(46)) - raft.server.log.queue.byte-limit = 64MB (=67108864) (default)
2023-04-10 17:22:16,171 [om1-impl-thread1] INFO  server.RaftServerConfigKeys (ConfUtils.java:logGet(46)) - raft.server.log.queue.element-limit = 4096 (default)
2023-04-10 17:22:16,171 [om1-impl-thread1] INFO  server.RaftServerConfigKeys (ConfUtils.java:logGet(46)) - raft.server.log.segment.size.max = 4194304 (custom)
2023-04-10 17:22:16,172 [om1-impl-thread1] INFO  server.RaftServerConfigKeys (ConfUtils.java:logGet(46)) - raft.server.log.preallocated.size = 4194304 (custom)
2023-04-10 17:22:16,172 [om1-impl-thread1] INFO  server.RaftServerConfigKeys (ConfUtils.java:logGet(46)) - raft.server.log.force.sync.num = 128 (default)
2023-04-10 17:22:16,173 [om1-impl-thread1] INFO  server.RaftServerConfigKeys (ConfUtils.java:logGet(46)) - raft.server.log.statemachine.data.sync = true (default)
2023-04-10 17:22:16,173 [om1-impl-thread1] INFO  server.RaftServerConfigKeys (ConfUtils.java:logGet(46)) - raft.server.log.statemachine.data.sync.timeout = 10s (default)
2023-04-10 17:22:16,173 [om1-impl-thread1] INFO  server.RaftServerConfigKeys (ConfUtils.java:logGet(46)) - raft.server.log.statemachine.data.sync.timeout.retry = -1 (default)
2023-04-10 17:22:16,181 [om1-impl-thread1] INFO  server.RaftServerConfigKeys (ConfUtils.java:logGet(46)) - raft.server.log.write.buffer.size = 64KB (=65536) (default)
2023-04-10 17:22:16,181 [om1-impl-thread1] INFO  server.RaftServerConfigKeys (ConfUtils.java:logGet(46)) - raft.server.log.appender.buffer.byte-limit = 33554432 (custom)
2023-04-10 17:22:16,187 [om1-impl-thread1] INFO  server.RaftServerConfigKeys (ConfUtils.java:logGet(46)) - raft.server.log.unsafe-flush.enabled = false (default)
2023-04-10 17:22:16,187 [om1-impl-thread1] INFO  server.RaftServerConfigKeys (ConfUtils.java:logGet(46)) - raft.server.log.async-flush.enabled = false (default)
2023-04-10 17:22:16,188 [om1-impl-thread1] INFO  server.RaftServerConfigKeys (ConfUtils.java:logGet(46)) - raft.server.log.statemachine.data.caching.enabled = false (default)
2023-04-10 17:22:16,194 [om1-impl-thread1] INFO  segmented.SegmentedRaftLogWorker (SegmentedRaftLogWorker.java:lambda$new$0(135)) - om1@group-C5BA1605619E-SegmentedRaftLogWorker: flushIndex: setUnconditionally 0 -> -1
2023-04-10 17:22:16,194 [om1-impl-thread1] INFO  segmented.SegmentedRaftLogWorker (SegmentedRaftLogWorker.java:lambda$new$0(135)) - om1@group-C5BA1605619E-SegmentedRaftLogWorker: safeCacheEvictIndex: setUnconditionally 0 -> -1
2023-04-10 17:22:16,195 [om1-impl-thread1] INFO  server.RaftServer$Division (RaftServerImpl.java:start(334)) - om1@group-C5BA1605619E: start as a follower, conf=-1: peers:[om1|rpc:localhost:9872|priority:0|startupRole:FOLLOWER]|listeners:[], old=null
2023-04-10 17:22:16,199 [om1-impl-thread1] INFO  server.RaftServer$Division (RaftServerImpl.java:setRole(321)) - om1@group-C5BA1605619E: changes role from      null to FOLLOWER at term 0 for startAsFollower
2023-04-10 17:22:16,201 [om1-impl-thread1] INFO  impl.RoleInfo (RoleInfo.java:updateAndGet(139)) - om1: start om1@group-C5BA1605619E-FollowerState
2023-04-10 17:22:16,201 [om1@group-C5BA1605619E-FollowerState] INFO  server.RaftServerConfigKeys (ConfUtils.java:logFallback(53)) - raft.server.rpc.first-election.timeout.min = 1s (fallback to raft.server.rpc.timeout.min)
2023-04-10 17:22:16,202 [om1@group-C5BA1605619E-FollowerState] INFO  server.RaftServerConfigKeys (ConfUtils.java:logFallback(53)) - raft.server.rpc.first-election.timeout.max = 1200ms (fallback to raft.server.rpc.timeout.max)
2023-04-10 17:22:16,202 [om1-impl-thread1] INFO  util.JmxRegister (JmxRegister.java:tryRegister(44)) - Successfully registered JMX Bean with object name Ratis:service=RaftServer,group=group-C5BA1605619E,id=om1
2023-04-10 17:22:16,204 [om1-impl-thread1] INFO  server.RaftServerConfigKeys (ConfUtils.java:logGet(46)) - raft.server.snapshot.auto.trigger.enabled = true (custom)
2023-04-10 17:22:16,204 [om1-impl-thread1] INFO  server.RaftServerConfigKeys (ConfUtils.java:logGet(46)) - raft.server.snapshot.auto.trigger.threshold = 400000 (default)
2023-04-10 17:22:16,204 [om1-impl-thread1] INFO  server.RaftServerConfigKeys (ConfUtils.java:logGet(46)) - raft.server.snapshot.retention.file.num = -1 (default)
2023-04-10 17:22:16,205 [om1-impl-thread1] INFO  server.RaftServerConfigKeys (ConfUtils.java:logGet(46)) - raft.server.log.purge.upto.snapshot.index = true (custom)
2023-04-10 17:22:16,207 [Listener at 127.0.0.1/35635] INFO  server.RaftServer (RaftServerProxy.java:startImpl(393)) - om1: start RPC server
2023-04-10 17:22:16,260 [Listener at 127.0.0.1/35635] INFO  server.GrpcService (GrpcService.java:startImpl(262)) - om1: GrpcService started, listening on 9872
2023-04-10 17:22:16,265 [Listener at 127.0.0.1/35635] INFO  om.OzoneManager (OzoneManager.java:start(1579)) - Version File has different layout version (3) than OM DB (null). That is expected if this OM has never been finalized to a newer layout version.
2023-04-10 17:22:16,268 [JvmPauseMonitor0] INFO  util.JvmPauseMonitor (JvmPauseMonitor.java:run(105)) - JvmPauseMonitor-om1: Started
2023-04-10 17:22:16,292 [Listener at 127.0.0.1/35635] INFO  http.BaseHttpServer (BaseHttpServer.java:newHttpServer2BuilderForOzone(224)) - Starting Web-server for ozoneManager at: http://0.0.0.0:0
2023-04-10 17:22:16,292 [Listener at 127.0.0.1/35635] INFO  http.BaseHttpServer (BaseHttpServer.java:<init>(111)) - Hadoop Security Enabled: false Ozone Security Enabled: false Ozone HTTP Security Enabled: false 
2023-04-10 17:22:16,294 [Listener at 127.0.0.1/35635] WARN  server.AuthenticationFilter (AuthenticationFilter.java:constructSecretProvider(240)) - Unable to initialize FileSignerSecretProvider, falling back to use random secrets. Reason: Could not read signature secret file: /home/runner/hadoop-http-auth-signature-secret
2023-04-10 17:22:16,297 [Listener at 127.0.0.1/35635] WARN  http.HttpRequestLog (HttpRequestLog.java:getRequestLog(103)) - Jetty request log can only be enabled using Log4j
2023-04-10 17:22:16,300 [Listener at 127.0.0.1/35635] INFO  http.HttpServer2 (HttpServer2.java:addGlobalFilter(1031)) - Added global filter 'safety' (class=org.apache.hadoop.hdds.server.http.HttpServer2$QuotingInputFilter)
2023-04-10 17:22:16,305 [Listener at 127.0.0.1/35635] INFO  http.HttpServer2 (HttpServer2.java:addFilter(1007)) - Added filter static_user_filter (class=org.apache.hadoop.http.lib.StaticUserWebFilter$StaticUserFilter) to context ozoneManager
2023-04-10 17:22:16,305 [Listener at 127.0.0.1/35635] INFO  http.HttpServer2 (HttpServer2.java:addFilter(1015)) - Added filter static_user_filter (class=org.apache.hadoop.http.lib.StaticUserWebFilter$StaticUserFilter) to context static
2023-04-10 17:22:16,306 [Listener at 127.0.0.1/35635] INFO  http.HttpServer2 (HttpServer2.java:addFilter(1015)) - Added filter static_user_filter (class=org.apache.hadoop.http.lib.StaticUserWebFilter$StaticUserFilter) to context logs
2023-04-10 17:22:16,307 [Listener at 127.0.0.1/35635] INFO  http.BaseHttpServer (BaseHttpServer.java:<init>(190)) - HTTP server of ozoneManager uses base directory /home/runner/work/ozone/ozone/hadoop-ozone/integration-test/target/test-dir/MiniOzoneClusterImpl-bd692c78-fb3a-4866-9e85-e2f4bd0dbf58/ozone-meta/webserver
2023-04-10 17:22:16,311 [Listener at 127.0.0.1/35635] INFO  http.HttpServer2 (HttpServer2.java:bindListener(1250)) - Jetty bound to port 46259
2023-04-10 17:22:16,311 [Listener at 127.0.0.1/35635] INFO  server.Server (Server.java:doStart(375)) - jetty-9.4.49.v20220914; built: 2022-09-14T01:07:36.601Z; git: 4231a3b2e4cb8548a412a789936d640a97b1aa0a; jvm 1.8.0_362-b09
2023-04-10 17:22:16,316 [Listener at 127.0.0.1/35635] INFO  server.session (DefaultSessionIdManager.java:doStart(334)) - DefaultSessionIdManager workerName=node0
2023-04-10 17:22:16,316 [Listener at 127.0.0.1/35635] INFO  server.session (DefaultSessionIdManager.java:doStart(339)) - No SessionScavenger set, using defaults
2023-04-10 17:22:16,316 [Listener at 127.0.0.1/35635] INFO  server.session (HouseKeeper.java:startScavenging(132)) - node0 Scavenging every 660000ms
2023-04-10 17:22:16,317 [Listener at 127.0.0.1/35635] INFO  handler.ContextHandler (ContextHandler.java:doStart(921)) - Started o.e.j.s.ServletContextHandler@43329de5{logs,/logs,file:///home/runner/work/ozone/ozone/hadoop-ozone/integration-test/target/log,AVAILABLE}
2023-04-10 17:22:16,318 [Listener at 127.0.0.1/35635] INFO  handler.ContextHandler (ContextHandler.java:doStart(921)) - Started o.e.j.s.ServletContextHandler@39b19673{static,/static,file:///home/runner/work/ozone/ozone/hadoop-ozone/integration-test/target/test-classes/webapps/static,AVAILABLE}
2023-04-10 17:22:16,321 [Listener at 127.0.0.1/35635] INFO  handler.ContextHandler (ContextHandler.java:doStart(921)) - Started o.e.j.w.WebAppContext@1d1cfdac{ozoneManager,/,file:///home/runner/work/ozone/ozone/hadoop-ozone/integration-test/target/test-classes/webapps/ozoneManager/,AVAILABLE}{file:/home/runner/work/ozone/ozone/hadoop-ozone/integration-test/target/test-classes/webapps/ozoneManager}
2023-04-10 17:22:16,322 [Listener at 127.0.0.1/35635] INFO  server.AbstractConnector (AbstractConnector.java:doStart(333)) - Started ServerConnector@6328eb18{HTTP/1.1, (http/1.1)}{0.0.0.0:46259}
2023-04-10 17:22:16,323 [Listener at 127.0.0.1/35635] INFO  server.Server (Server.java:doStart(415)) - Started @7382ms
2023-04-10 17:22:16,323 [Listener at 127.0.0.1/35635] WARN  impl.MetricsSystemImpl (MetricsSystemImpl.java:register(279)) - Sink prometheus already exists!
2023-04-10 17:22:16,324 [Listener at 127.0.0.1/35635] INFO  http.BaseHttpServer (BaseHttpServer.java:updateConnectorAddress(344)) - HTTP server of ozoneManager listening at http://0.0.0.0:46259
2023-04-10 17:22:16,324 [IPC Server Responder] INFO  ipc.Server (Server.java:run(1558)) - IPC Server Responder: starting
2023-04-10 17:22:16,324 [IPC Server listener on 0] INFO  ipc.Server (Server.java:run(1398)) - IPC Server listener on 0: starting
2023-04-10 17:22:16,332 [Listener at 127.0.0.1/35635] INFO  om.OzoneManager (OzoneManager.java:startTrashEmptier(2039)) - Trash Interval set to 0. Files deleted won't move to trash
2023-04-10 17:22:16,343 [org.apache.hadoop.util.JvmPauseMonitor$Monitor@4b4e763d] INFO  util.JvmPauseMonitor (JvmPauseMonitor.java:run(188)) - Starting JVM pause monitor
2023-04-10 17:22:16,474 [Listener at 127.0.0.1/35635] WARN  impl.MetricRegistriesImpl (MetricRegistriesImpl.java:addReporterRegistration(111)) - New reporters are added after registries were created. Some metrics will be missing from the reporter. Please add reporter before adding any new registry.
2023-04-10 17:22:16,475 [Listener at 127.0.0.1/35635] WARN  impl.MetricRegistriesImpl (MetricRegistriesImpl.java:addReporterRegistration(111)) - New reporters are added after registries were created. Some metrics will be missing from the reporter. Please add reporter before adding any new registry.
2023-04-10 17:22:16,476 [Listener at 127.0.0.1/35635] INFO  impl.MetricsSystemImpl (MetricsSystemImpl.java:init(158)) - HddsDatanode metrics system started (again)
2023-04-10 17:22:16,493 [Listener at 127.0.0.1/35635] INFO  ozone.HddsDatanodeService (HddsDatanodeService.java:start(252)) - HddsDatanodeService host:fv-az201-37 ip:10.1.0.59
2023-04-10 17:22:16,524 [Listener at 127.0.0.1/35635] INFO  upgrade.AbstractLayoutVersionManager (AbstractLayoutVersionManager.java:init(83)) - Initializing Layout version manager with metadata layout = WEBUI_PORTS_IN_DATANODEDETAILS (version = 6), software layout = WEBUI_PORTS_IN_DATANODEDETAILS (version = 6)
2023-04-10 17:22:16,573 [Listener at 127.0.0.1/35635] INFO  reflections.Reflections (Reflections.java:scan(232)) - Reflections took 48 ms to scan 7 urls, producing 156 keys and 369 values 
2023-04-10 17:22:16,577 [Listener at 127.0.0.1/35635] INFO  statemachine.DatanodeStateMachine (DatanodeStateMachine.java:getEndPointTaskThreadPoolSize(260)) - Datanode State Machine Task Thread Pool size 2
2023-04-10 17:22:16,636 [Listener at 127.0.0.1/35635] INFO  volume.HddsVolume (HddsVolume.java:<init>(130)) - Creating HddsVolume: /home/runner/work/ozone/ozone/hadoop-ozone/integration-test/target/test-dir/MiniOzoneClusterImpl-bd692c78-fb3a-4866-9e85-e2f4bd0dbf58/datanode-0/data-0/containers/hdds of storage type : DISK capacity : 9223372036854775807
2023-04-10 17:22:16,638 [Listener at 127.0.0.1/35635] INFO  volume.MutableVolumeSet (MutableVolumeSet.java:initializeVolumeSet(175)) - Added Volume : /home/runner/work/ozone/ozone/hadoop-ozone/integration-test/target/test-dir/MiniOzoneClusterImpl-bd692c78-fb3a-4866-9e85-e2f4bd0dbf58/datanode-0/data-0/containers/hdds to VolumeSet
2023-04-10 17:22:16,639 [Listener at 127.0.0.1/35635] INFO  volume.ThrottledAsyncChecker (ThrottledAsyncChecker.java:schedule(141)) - Scheduling a check for /home/runner/work/ozone/ozone/hadoop-ozone/integration-test/target/test-dir/MiniOzoneClusterImpl-bd692c78-fb3a-4866-9e85-e2f4bd0dbf58/datanode-0/data-0/containers/hdds
2023-04-10 17:22:16,659 [Listener at 127.0.0.1/35635] INFO  volume.StorageVolumeChecker (StorageVolumeChecker.java:checkAllVolumes(202)) - Scheduled health check for volume /home/runner/work/ozone/ozone/hadoop-ozone/integration-test/target/test-dir/MiniOzoneClusterImpl-bd692c78-fb3a-4866-9e85-e2f4bd0dbf58/datanode-0/data-0/containers/hdds
2023-04-10 17:22:16,677 [Listener at 127.0.0.1/35635] INFO  volume.MutableVolumeSet (MutableVolumeSet.java:initializeVolumeSet(175)) - Added Volume : /home/runner/work/ozone/ozone/hadoop-ozone/integration-test/target/test-dir/MiniOzoneClusterImpl-bd692c78-fb3a-4866-9e85-e2f4bd0dbf58/datanode-0/data/ratis to VolumeSet
2023-04-10 17:22:16,677 [Listener at 127.0.0.1/35635] INFO  volume.ThrottledAsyncChecker (ThrottledAsyncChecker.java:schedule(141)) - Scheduling a check for /home/runner/work/ozone/ozone/hadoop-ozone/integration-test/target/test-dir/MiniOzoneClusterImpl-bd692c78-fb3a-4866-9e85-e2f4bd0dbf58/datanode-0/data/ratis
2023-04-10 17:22:16,678 [Listener at 127.0.0.1/35635] INFO  volume.StorageVolumeChecker (StorageVolumeChecker.java:checkAllVolumes(202)) - Scheduled health check for volume /home/runner/work/ozone/ozone/hadoop-ozone/integration-test/target/test-dir/MiniOzoneClusterImpl-bd692c78-fb3a-4866-9e85-e2f4bd0dbf58/datanode-0/data/ratis
2023-04-10 17:22:16,704 [Thread-137] INFO  ozoneimpl.ContainerReader (ContainerReader.java:readVolume(175)) - Finish verifying containers on volume /home/runner/work/ozone/ozone/hadoop-ozone/integration-test/target/test-dir/MiniOzoneClusterImpl-bd692c78-fb3a-4866-9e85-e2f4bd0dbf58/datanode-0/data-0/containers/hdds
2023-04-10 17:22:16,705 [Listener at 127.0.0.1/35635] INFO  ozoneimpl.OzoneContainer (OzoneContainer.java:buildContainerSet(303)) - Build ContainerSet costs 0s
2023-04-10 17:22:16,753 [Listener at 127.0.0.1/35635] INFO  audit.AuditLogger (AuditLogger.java:refreshDebugCmdSet(126)) - Refresh DebugCmdSet for DNAudit to [].
2023-04-10 17:22:16,781 [Listener at 127.0.0.1/35635] INFO  server.RaftServer (ConfUtils.java:logGet(46)) - raft.rpc.type = GRPC (default)
2023-04-10 17:22:16,781 [Listener at 127.0.0.1/35635] INFO  grpc.GrpcConfigKeys (ConfUtils.java:logFallback(53)) - raft.grpc.admin.host = null (fallback to raft.grpc.server.host)
2023-04-10 17:22:16,782 [Listener at 127.0.0.1/35635] INFO  grpc.GrpcConfigKeys (ConfUtils.java:logGet(46)) - raft.grpc.admin.port = 0 (custom)
2023-04-10 17:22:16,782 [Listener at 127.0.0.1/35635] INFO  grpc.GrpcConfigKeys (ConfUtils.java:logFallback(53)) - raft.grpc.client.host = null (fallback to raft.grpc.server.host)
2023-04-10 17:22:16,782 [Listener at 127.0.0.1/35635] INFO  grpc.GrpcConfigKeys (ConfUtils.java:logGet(46)) - raft.grpc.client.port = 0 (custom)
2023-04-10 17:22:16,782 [Listener at 127.0.0.1/35635] INFO  grpc.GrpcConfigKeys (ConfUtils.java:logGet(46)) - raft.grpc.server.host = null (default)
2023-04-10 17:22:16,782 [Listener at 127.0.0.1/35635] INFO  grpc.GrpcConfigKeys (ConfUtils.java:logGet(46)) - raft.grpc.server.port = 0 (default)
2023-04-10 17:22:16,783 [Listener at 127.0.0.1/35635] INFO  server.GrpcService (ConfUtils.java:logGet(46)) - raft.grpc.message.size.max = 32MB (=33554432) (custom)
2023-04-10 17:22:16,783 [Listener at 127.0.0.1/35635] INFO  server.RaftServerConfigKeys (ConfUtils.java:logGet(46)) - raft.server.log.appender.buffer.byte-limit = 33554432 (custom)
2023-04-10 17:22:16,783 [Listener at 127.0.0.1/35635] INFO  server.GrpcService (ConfUtils.java:logGet(46)) - raft.grpc.flow.control.window = 5MB (=5242880) (custom)
2023-04-10 17:22:16,783 [Listener at 127.0.0.1/35635] INFO  server.RaftServerConfigKeys (ConfUtils.java:logGet(46)) - raft.server.rpc.request.timeout = 3000ms (default)
2023-04-10 17:22:16,783 [Listener at 127.0.0.1/35635] INFO  grpc.GrpcConfigKeys (ConfUtils.java:logGet(46)) - raft.grpc.server.heartbeat.channel = true (default)
2023-04-10 17:22:16,783 [Listener at 127.0.0.1/35635] INFO  grpc.GrpcConfigKeys (ConfUtils.java:logGet(46)) - raft.grpc.server.async.request.thread.pool.cached = true (default)
2023-04-10 17:22:16,784 [Listener at 127.0.0.1/35635] INFO  grpc.GrpcConfigKeys (ConfUtils.java:logGet(46)) - raft.grpc.server.async.request.thread.pool.size = 32 (default)
2023-04-10 17:22:16,785 [Listener at 127.0.0.1/35635] INFO  impl.DataStreamServerImpl (ConfUtils.java:logGet(46)) - raft.datastream.type = NETTY (custom)
2023-04-10 17:22:16,794 [Listener at 127.0.0.1/35635] INFO  server.RaftServerConfigKeys (ConfUtils.java:logGet(46)) - raft.server.data-stream.async.request.thread.pool.cached = false (default)
2023-04-10 17:22:16,795 [Listener at 127.0.0.1/35635] INFO  server.RaftServerConfigKeys (ConfUtils.java:logGet(46)) - raft.server.data-stream.async.request.thread.pool.size = 20 (custom)
2023-04-10 17:22:16,795 [Listener at 127.0.0.1/35635] INFO  server.RaftServerConfigKeys (ConfUtils.java:logGet(46)) - raft.server.data-stream.async.write.thread.pool.size = 16 (default)
2023-04-10 17:22:16,796 [Listener at 127.0.0.1/35635] INFO  server.RaftServerConfigKeys (ConfUtils.java:logGet(46)) - raft.server.data-stream.client.pool.size = 10 (default)
2023-04-10 17:22:16,799 [Listener at 127.0.0.1/35635] INFO  netty.NettyConfigKeys$DataStream (ConfUtils.java:logGet(46)) - raft.netty.dataStream.server.use-epoll = false (default)
2023-04-10 17:22:16,799 [Listener at 127.0.0.1/35635] INFO  netty.NettyConfigKeys$DataStream (ConfUtils.java:logGet(46)) - raft.netty.dataStream.server.boss-group.size = 0 (default)
2023-04-10 17:22:16,806 [Listener at 127.0.0.1/35635] INFO  netty.NettyConfigKeys$DataStream (ConfUtils.java:logGet(46)) - raft.netty.dataStream.server.worker-group.size = 0 (default)
2023-04-10 17:22:16,807 [Listener at 127.0.0.1/35635] INFO  netty.NettyConfigKeys$DataStream (ConfUtils.java:logGet(46)) - raft.netty.dataStream.server.tls.conf = null (default)
2023-04-10 17:22:16,809 [Listener at 127.0.0.1/35635] INFO  netty.NettyConfigKeys$DataStream (ConfUtils.java:logGet(46)) - raft.netty.dataStream.host = null (default)
2023-04-10 17:22:16,809 [Listener at 127.0.0.1/35635] INFO  netty.NettyConfigKeys$DataStream (ConfUtils.java:logGet(46)) - raft.netty.dataStream.port = 0 (default)
2023-04-10 17:22:16,819 [Listener at 127.0.0.1/35635] INFO  server.RaftServerConfigKeys (ConfUtils.java:logGet(46)) - raft.server.threadpool.proxy.cached = true (default)
2023-04-10 17:22:16,819 [Listener at 127.0.0.1/35635] INFO  server.RaftServerConfigKeys (ConfUtils.java:logGet(46)) - raft.server.threadpool.proxy.size = 0 (default)
2023-04-10 17:22:16,819 [Listener at 127.0.0.1/35635] INFO  server.RaftServerConfigKeys (ConfUtils.java:logGet(46)) - raft.server.rpc.slowness.timeout = 300000ms (custom)
2023-04-10 17:22:16,819 [Listener at 127.0.0.1/35635] INFO  server.RaftServerConfigKeys (ConfUtils.java:logGet(46)) - raft.server.leaderelection.leader.step-down.wait-time = 10s (default)
2023-04-10 17:22:16,819 [Listener at 127.0.0.1/35635] INFO  server.RaftServerConfigKeys (ConfUtils.java:logGet(46)) - raft.server.storage.dir = [/home/runner/work/ozone/ozone/hadoop-ozone/integration-test/target/test-dir/MiniOzoneClusterImpl-bd692c78-fb3a-4866-9e85-e2f4bd0dbf58/datanode-0/data/ratis] (custom)
2023-04-10 17:22:16,844 [cd4ac3e2-47ba-443c-8aa0-40ab251a0f4e-NettyServerStreamRpc-bossGroup--thread1] INFO  logging.LoggingHandler (AbstractInternalLogger.java:log(148)) - [id: 0x7687adf6] REGISTERED
2023-04-10 17:22:16,845 [cd4ac3e2-47ba-443c-8aa0-40ab251a0f4e-NettyServerStreamRpc-bossGroup--thread1] INFO  logging.LoggingHandler (AbstractInternalLogger.java:log(148)) - [id: 0x7687adf6] BIND: 0.0.0.0/0.0.0.0:0
2023-04-10 17:22:16,846 [cd4ac3e2-47ba-443c-8aa0-40ab251a0f4e-NettyServerStreamRpc-bossGroup--thread1] INFO  logging.LoggingHandler (AbstractInternalLogger.java:log(148)) - [id: 0x7687adf6, L:/0:0:0:0:0:0:0:0:35537] ACTIVE
2023-04-10 17:22:16,857 [Listener at 127.0.0.1/35635] INFO  server.XceiverServerGrpc (XceiverServerGrpc.java:<init>(132)) - GrpcServer channel type EpollServerSocketChannel
2023-04-10 17:22:16,935 [Listener at 127.0.0.1/35635] INFO  http.BaseHttpServer (BaseHttpServer.java:newHttpServer2BuilderForOzone(224)) - Starting Web-server for hddsDatanode at: http://0.0.0.0:0
2023-04-10 17:22:16,935 [Listener at 127.0.0.1/35635] INFO  http.BaseHttpServer (BaseHttpServer.java:<init>(111)) - Hadoop Security Enabled: false Ozone Security Enabled: false Ozone HTTP Security Enabled: false 
2023-04-10 17:22:16,936 [Listener at 127.0.0.1/35635] WARN  server.AuthenticationFilter (AuthenticationFilter.java:constructSecretProvider(240)) - Unable to initialize FileSignerSecretProvider, falling back to use random secrets. Reason: Could not read signature secret file: /home/runner/hadoop-http-auth-signature-secret
2023-04-10 17:22:16,939 [Listener at 127.0.0.1/35635] WARN  http.HttpRequestLog (HttpRequestLog.java:getRequestLog(103)) - Jetty request log can only be enabled using Log4j
2023-04-10 17:22:16,941 [Listener at 127.0.0.1/35635] INFO  http.HttpServer2 (HttpServer2.java:addGlobalFilter(1031)) - Added global filter 'safety' (class=org.apache.hadoop.hdds.server.http.HttpServer2$QuotingInputFilter)
2023-04-10 17:22:16,942 [Listener at 127.0.0.1/35635] INFO  http.HttpServer2 (HttpServer2.java:addFilter(1007)) - Added filter static_user_filter (class=org.apache.hadoop.http.lib.StaticUserWebFilter$StaticUserFilter) to context hddsDatanode
2023-04-10 17:22:16,942 [Listener at 127.0.0.1/35635] INFO  http.HttpServer2 (HttpServer2.java:addFilter(1015)) - Added filter static_user_filter (class=org.apache.hadoop.http.lib.StaticUserWebFilter$StaticUserFilter) to context static
2023-04-10 17:22:16,942 [Listener at 127.0.0.1/35635] INFO  http.HttpServer2 (HttpServer2.java:addFilter(1015)) - Added filter static_user_filter (class=org.apache.hadoop.http.lib.StaticUserWebFilter$StaticUserFilter) to context logs
2023-04-10 17:22:16,943 [Listener at 127.0.0.1/35635] INFO  http.BaseHttpServer (BaseHttpServer.java:<init>(190)) - HTTP server of hddsDatanode uses base directory /home/runner/work/ozone/ozone/hadoop-ozone/integration-test/target/test-dir/MiniOzoneClusterImpl-bd692c78-fb3a-4866-9e85-e2f4bd0dbf58/datanode-0/meta/webserver
2023-04-10 17:22:16,944 [Listener at 127.0.0.1/35635] INFO  http.HttpServer2 (HttpServer2.java:bindListener(1250)) - Jetty bound to port 39331
2023-04-10 17:22:16,944 [Listener at 127.0.0.1/35635] INFO  server.Server (Server.java:doStart(375)) - jetty-9.4.49.v20220914; built: 2022-09-14T01:07:36.601Z; git: 4231a3b2e4cb8548a412a789936d640a97b1aa0a; jvm 1.8.0_362-b09
2023-04-10 17:22:16,950 [Listener at 127.0.0.1/35635] INFO  server.session (DefaultSessionIdManager.java:doStart(334)) - DefaultSessionIdManager workerName=node0
2023-04-10 17:22:16,951 [Listener at 127.0.0.1/35635] INFO  server.session (DefaultSessionIdManager.java:doStart(339)) - No SessionScavenger set, using defaults
2023-04-10 17:22:16,951 [Listener at 127.0.0.1/35635] INFO  server.session (HouseKeeper.java:startScavenging(132)) - node0 Scavenging every 600000ms
2023-04-10 17:22:16,952 [Listener at 127.0.0.1/35635] INFO  handler.ContextHandler (ContextHandler.java:doStart(921)) - Started o.e.j.s.ServletContextHandler@fac5c40{logs,/logs,file:///home/runner/work/ozone/ozone/hadoop-ozone/integration-test/target/log,AVAILABLE}
2023-04-10 17:22:16,952 [Listener at 127.0.0.1/35635] INFO  handler.ContextHandler (ContextHandler.java:doStart(921)) - Started o.e.j.s.ServletContextHandler@5b14b79e{static,/static,jar:file:/home/runner/.m2/repository/org/apache/ozone/hdds-container-service/1.4.0-SNAPSHOT/hdds-container-service-1.4.0-SNAPSHOT.jar!/webapps/static,AVAILABLE}
2023-04-10 17:22:17,164 [Listener at 127.0.0.1/35635] INFO  handler.ContextHandler (ContextHandler.java:doStart(921)) - Started o.e.j.w.WebAppContext@6bb35b0e{hddsDatanode,/,file:///home/runner/work/ozone/ozone/hadoop-ozone/integration-test/target/test-dir/MiniOzoneClusterImpl-bd692c78-fb3a-4866-9e85-e2f4bd0dbf58/datanode-0/meta/webserver/jetty-0_0_0_0-39331-hdds-container-service-1_4_0-SNAPSHOT_jar-_-any-3533753225468343344/webapp/,AVAILABLE}{jar:file:/home/runner/.m2/repository/org/apache/ozone/hdds-container-service/1.4.0-SNAPSHOT/hdds-container-service-1.4.0-SNAPSHOT.jar!/webapps/hddsDatanode}
2023-04-10 17:22:17,184 [Listener at 127.0.0.1/35635] INFO  server.AbstractConnector (AbstractConnector.java:doStart(333)) - Started ServerConnector@745a3724{HTTP/1.1, (http/1.1)}{0.0.0.0:39331}
2023-04-10 17:22:17,184 [Listener at 127.0.0.1/35635] INFO  server.Server (Server.java:doStart(415)) - Started @8244ms
2023-04-10 17:22:17,184 [Listener at 127.0.0.1/35635] WARN  impl.MetricsSystemImpl (MetricsSystemImpl.java:register(279)) - Sink prometheus already exists!
2023-04-10 17:22:17,185 [Listener at 127.0.0.1/35635] INFO  http.BaseHttpServer (BaseHttpServer.java:updateConnectorAddress(344)) - HTTP server of hddsDatanode listening at http://0.0.0.0:39331
2023-04-10 17:22:17,190 [Listener at 127.0.0.1/35635] WARN  impl.MetricRegistriesImpl (MetricRegistriesImpl.java:addReporterRegistration(111)) - New reporters are added after registries were created. Some metrics will be missing from the reporter. Please add reporter before adding any new registry.
2023-04-10 17:22:17,190 [Listener at 127.0.0.1/35635] WARN  impl.MetricRegistriesImpl (MetricRegistriesImpl.java:addReporterRegistration(111)) - New reporters are added after registries were created. Some metrics will be missing from the reporter. Please add reporter before adding any new registry.
2023-04-10 17:22:17,190 [Listener at 127.0.0.1/35635] INFO  impl.MetricsSystemImpl (MetricsSystemImpl.java:init(158)) - HddsDatanode metrics system started (again)
2023-04-10 17:22:17,196 [Datanode State Machine Daemon Thread] INFO  statemachine.DatanodeStateMachine (DatanodeStateMachine.java:lambda$startDaemon$0(517)) - Ozone container server started.
2023-04-10 17:22:17,204 [Listener at 127.0.0.1/35635] INFO  ozone.HddsDatanodeService (HddsDatanodeService.java:start(252)) - HddsDatanodeService host:fv-az201-37 ip:10.1.0.59
2023-04-10 17:22:17,211 [om1@group-C5BA1605619E-FollowerState] INFO  impl.FollowerState (FollowerState.java:run(143)) - om1@group-C5BA1605619E-FollowerState: change to CANDIDATE, lastRpcElapsedTime:1009917810ns, electionTimeout:1008ms
2023-04-10 17:22:17,211 [om1@group-C5BA1605619E-FollowerState] INFO  impl.RoleInfo (RoleInfo.java:shutdownFollowerState(110)) - om1: shutdown om1@group-C5BA1605619E-FollowerState
2023-04-10 17:22:17,213 [om1@group-C5BA1605619E-FollowerState] INFO  server.RaftServer$Division (RaftServerImpl.java:setRole(321)) - om1@group-C5BA1605619E: changes role from  FOLLOWER to CANDIDATE at term 0 for changeToCandidate
2023-04-10 17:22:17,219 [om1@group-C5BA1605619E-FollowerState] INFO  server.RaftServerConfigKeys (ConfUtils.java:logGet(46)) - raft.server.leaderelection.pre-vote = true (default)
2023-04-10 17:22:17,219 [om1@group-C5BA1605619E-FollowerState] INFO  impl.RoleInfo (RoleInfo.java:updateAndGet(139)) - om1: start om1@group-C5BA1605619E-LeaderElection1
2023-04-10 17:22:17,231 [org.apache.hadoop.util.JvmPauseMonitor$Monitor@3603a031] INFO  util.JvmPauseMonitor (JvmPauseMonitor.java:run(188)) - Starting JVM pause monitor
2023-04-10 17:22:17,239 [om1@group-C5BA1605619E-LeaderElection1] INFO  impl.LeaderElection (LeaderElection.java:askForVotes(312)) - om1@group-C5BA1605619E-LeaderElection1 PRE_VOTE round 0: submit vote requests at term 0 for -1: peers:[om1|rpc:localhost:9872|priority:0|startupRole:FOLLOWER]|listeners:[], old=null
2023-04-10 17:22:17,240 [Listener at 127.0.0.1/35635] INFO  upgrade.AbstractLayoutVersionManager (AbstractLayoutVersionManager.java:init(83)) - Initializing Layout version manager with metadata layout = WEBUI_PORTS_IN_DATANODEDETAILS (version = 6), software layout = WEBUI_PORTS_IN_DATANODEDETAILS (version = 6)
2023-04-10 17:22:17,248 [om1@group-C5BA1605619E-LeaderElection1] INFO  impl.LeaderElection (LeaderElection.java:askForVotes(314)) - om1@group-C5BA1605619E-LeaderElection1 PRE_VOTE round 0: result PASSED (term=0)
2023-04-10 17:22:17,255 [om1@group-C5BA1605619E-LeaderElection1] INFO  impl.LeaderElection (LeaderElection.java:askForVotes(312)) - om1@group-C5BA1605619E-LeaderElection1 ELECTION round 0: submit vote requests at term 1 for -1: peers:[om1|rpc:localhost:9872|priority:0|startupRole:FOLLOWER]|listeners:[], old=null
2023-04-10 17:22:17,255 [om1@group-C5BA1605619E-LeaderElection1] INFO  impl.LeaderElection (LeaderElection.java:askForVotes(314)) - om1@group-C5BA1605619E-LeaderElection1 ELECTION round 0: result PASSED (term=1)
2023-04-10 17:22:17,256 [om1@group-C5BA1605619E-LeaderElection1] INFO  impl.RoleInfo (RoleInfo.java:shutdownLeaderElection(130)) - om1: shutdown om1@group-C5BA1605619E-LeaderElection1
2023-04-10 17:22:17,256 [om1@group-C5BA1605619E-LeaderElection1] INFO  server.RaftServer$Division (RaftServerImpl.java:setRole(321)) - om1@group-C5BA1605619E: changes role from CANDIDATE to LEADER at term 1 for changeToLeader
2023-04-10 17:22:17,258 [om1@group-C5BA1605619E-LeaderElection1] INFO  server.RaftServer$Division (ServerState.java:setLeader(313)) - om1@group-C5BA1605619E: change Leader from null to om1 at term 1 for becomeLeader, leader elected after 2082ms
2023-04-10 17:22:17,291 [om1@group-C5BA1605619E-LeaderElection1] INFO  server.RaftServerConfigKeys (ConfUtils.java:logGet(46)) - raft.server.staging.catchup.gap = 1000 (default)
2023-04-10 17:22:17,301 [om1@group-C5BA1605619E-LeaderElection1] INFO  server.RaftServerConfigKeys (ConfUtils.java:logGet(46)) - raft.server.write.element-limit = 4096 (default)
2023-04-10 17:22:17,302 [om1@group-C5BA1605619E-LeaderElection1] INFO  server.RaftServerConfigKeys (ConfUtils.java:logGet(46)) - raft.server.write.byte-limit = 64MB (=67108864) (default)
2023-04-10 17:22:17,312 [om1@group-C5BA1605619E-LeaderElection1] INFO  server.RaftServerConfigKeys (ConfUtils.java:logGet(46)) - raft.server.watch.timeout = 10s (default)
2023-04-10 17:22:17,313 [om1@group-C5BA1605619E-LeaderElection1] INFO  server.RaftServerConfigKeys (ConfUtils.java:logGet(46)) - raft.server.watch.timeout.denomination = 1s (default)
2023-04-10 17:22:17,316 [om1@group-C5BA1605619E-LeaderElection1] INFO  server.RaftServerConfigKeys (ConfUtils.java:logGet(46)) - raft.server.watch.element-limit = 65536 (default)
2023-04-10 17:22:17,325 [om1@group-C5BA1605619E-LeaderElection1] INFO  server.RaftServerConfigKeys (ConfUtils.java:logGet(46)) - raft.server.write.element-limit = 4096 (default)
2023-04-10 17:22:17,331 [om1@group-C5BA1605619E-LeaderElection1] INFO  server.RaftServerConfigKeys (ConfUtils.java:logGet(46)) - raft.server.write.follower.gap.ratio.max = -1.0 (default)
2023-04-10 17:22:17,336 [om1@group-C5BA1605619E-LeaderElection1] INFO  impl.RoleInfo (RoleInfo.java:updateAndGet(139)) - om1: start om1@group-C5BA1605619E-LeaderStateImpl
2023-04-10 17:22:17,371 [Listener at 127.0.0.1/35635] INFO  reflections.Reflections (Reflections.java:scan(232)) - Reflections took 124 ms to scan 7 urls, producing 156 keys and 369 values 
2023-04-10 17:22:17,379 [Listener at 127.0.0.1/35635] INFO  statemachine.DatanodeStateMachine (DatanodeStateMachine.java:getEndPointTaskThreadPoolSize(260)) - Datanode State Machine Task Thread Pool size 2
2023-04-10 17:22:17,424 [Listener at 127.0.0.1/35635] INFO  volume.HddsVolume (HddsVolume.java:<init>(130)) - Creating HddsVolume: /home/runner/work/ozone/ozone/hadoop-ozone/integration-test/target/test-dir/MiniOzoneClusterImpl-bd692c78-fb3a-4866-9e85-e2f4bd0dbf58/datanode-1/data-0/containers/hdds of storage type : DISK capacity : 9223372036854775807
2023-04-10 17:22:17,425 [Listener at 127.0.0.1/35635] INFO  volume.MutableVolumeSet (MutableVolumeSet.java:initializeVolumeSet(175)) - Added Volume : /home/runner/work/ozone/ozone/hadoop-ozone/integration-test/target/test-dir/MiniOzoneClusterImpl-bd692c78-fb3a-4866-9e85-e2f4bd0dbf58/datanode-1/data-0/containers/hdds to VolumeSet
2023-04-10 17:22:17,425 [Listener at 127.0.0.1/35635] INFO  volume.ThrottledAsyncChecker (ThrottledAsyncChecker.java:schedule(141)) - Scheduling a check for /home/runner/work/ozone/ozone/hadoop-ozone/integration-test/target/test-dir/MiniOzoneClusterImpl-bd692c78-fb3a-4866-9e85-e2f4bd0dbf58/datanode-1/data-0/containers/hdds
2023-04-10 17:22:17,428 [Listener at 127.0.0.1/35635] INFO  volume.StorageVolumeChecker (StorageVolumeChecker.java:checkAllVolumes(202)) - Scheduled health check for volume /home/runner/work/ozone/ozone/hadoop-ozone/integration-test/target/test-dir/MiniOzoneClusterImpl-bd692c78-fb3a-4866-9e85-e2f4bd0dbf58/datanode-1/data-0/containers/hdds
2023-04-10 17:22:17,435 [om1@group-C5BA1605619E-LeaderElection1] INFO  segmented.SegmentedRaftLogWorker (SegmentedRaftLogWorker.java:startLogSegment(452)) - om1@group-C5BA1605619E-SegmentedRaftLogWorker: Starting segment from index:0
2023-04-10 17:22:17,455 [Listener at 127.0.0.1/35635] INFO  volume.MutableVolumeSet (MutableVolumeSet.java:initializeVolumeSet(175)) - Added Volume : /home/runner/work/ozone/ozone/hadoop-ozone/integration-test/target/test-dir/MiniOzoneClusterImpl-bd692c78-fb3a-4866-9e85-e2f4bd0dbf58/datanode-1/data/ratis to VolumeSet
2023-04-10 17:22:17,457 [Listener at 127.0.0.1/35635] INFO  volume.ThrottledAsyncChecker (ThrottledAsyncChecker.java:schedule(141)) - Scheduling a check for /home/runner/work/ozone/ozone/hadoop-ozone/integration-test/target/test-dir/MiniOzoneClusterImpl-bd692c78-fb3a-4866-9e85-e2f4bd0dbf58/datanode-1/data/ratis
2023-04-10 17:22:17,457 [Listener at 127.0.0.1/35635] INFO  volume.StorageVolumeChecker (StorageVolumeChecker.java:checkAllVolumes(202)) - Scheduled health check for volume /home/runner/work/ozone/ozone/hadoop-ozone/integration-test/target/test-dir/MiniOzoneClusterImpl-bd692c78-fb3a-4866-9e85-e2f4bd0dbf58/datanode-1/data/ratis
2023-04-10 17:22:17,486 [Thread-153] INFO  ozoneimpl.ContainerReader (ContainerReader.java:readVolume(175)) - Finish verifying containers on volume /home/runner/work/ozone/ozone/hadoop-ozone/integration-test/target/test-dir/MiniOzoneClusterImpl-bd692c78-fb3a-4866-9e85-e2f4bd0dbf58/datanode-1/data-0/containers/hdds
2023-04-10 17:22:17,487 [Listener at 127.0.0.1/35635] INFO  ozoneimpl.OzoneContainer (OzoneContainer.java:buildContainerSet(303)) - Build ContainerSet costs 0s
2023-04-10 17:22:17,491 [Listener at 127.0.0.1/35635] INFO  server.RaftServer (ConfUtils.java:logGet(46)) - raft.rpc.type = GRPC (default)
2023-04-10 17:22:17,491 [Listener at 127.0.0.1/35635] INFO  grpc.GrpcConfigKeys (ConfUtils.java:logFallback(53)) - raft.grpc.admin.host = null (fallback to raft.grpc.server.host)
2023-04-10 17:22:17,491 [Listener at 127.0.0.1/35635] INFO  grpc.GrpcConfigKeys (ConfUtils.java:logGet(46)) - raft.grpc.admin.port = 0 (custom)
2023-04-10 17:22:17,491 [Listener at 127.0.0.1/35635] INFO  grpc.GrpcConfigKeys (ConfUtils.java:logFallback(53)) - raft.grpc.client.host = null (fallback to raft.grpc.server.host)
2023-04-10 17:22:17,491 [Listener at 127.0.0.1/35635] INFO  grpc.GrpcConfigKeys (ConfUtils.java:logGet(46)) - raft.grpc.client.port = 0 (custom)
2023-04-10 17:22:17,492 [Listener at 127.0.0.1/35635] INFO  grpc.GrpcConfigKeys (ConfUtils.java:logGet(46)) - raft.grpc.server.host = null (default)
2023-04-10 17:22:17,492 [Listener at 127.0.0.1/35635] INFO  grpc.GrpcConfigKeys (ConfUtils.java:logGet(46)) - raft.grpc.server.port = 0 (default)
2023-04-10 17:22:17,493 [Listener at 127.0.0.1/35635] INFO  server.GrpcService (ConfUtils.java:logGet(46)) - raft.grpc.message.size.max = 32MB (=33554432) (custom)
2023-04-10 17:22:17,493 [Listener at 127.0.0.1/35635] INFO  server.RaftServerConfigKeys (ConfUtils.java:logGet(46)) - raft.server.log.appender.buffer.byte-limit = 33554432 (custom)
2023-04-10 17:22:17,493 [Listener at 127.0.0.1/35635] INFO  server.GrpcService (ConfUtils.java:logGet(46)) - raft.grpc.flow.control.window = 5MB (=5242880) (custom)
2023-04-10 17:22:17,494 [Listener at 127.0.0.1/35635] INFO  server.RaftServerConfigKeys (ConfUtils.java:logGet(46)) - raft.server.rpc.request.timeout = 3000ms (default)
2023-04-10 17:22:17,494 [Listener at 127.0.0.1/35635] INFO  grpc.GrpcConfigKeys (ConfUtils.java:logGet(46)) - raft.grpc.server.heartbeat.channel = true (default)
2023-04-10 17:22:17,495 [Listener at 127.0.0.1/35635] INFO  grpc.GrpcConfigKeys (ConfUtils.java:logGet(46)) - raft.grpc.server.async.request.thread.pool.cached = true (default)
2023-04-10 17:22:17,495 [Listener at 127.0.0.1/35635] INFO  grpc.GrpcConfigKeys (ConfUtils.java:logGet(46)) - raft.grpc.server.async.request.thread.pool.size = 32 (default)
2023-04-10 17:22:17,497 [Listener at 127.0.0.1/35635] INFO  impl.DataStreamServerImpl (ConfUtils.java:logGet(46)) - raft.datastream.type = NETTY (custom)
2023-04-10 17:22:17,498 [Listener at 127.0.0.1/35635] INFO  server.RaftServerConfigKeys (ConfUtils.java:logGet(46)) - raft.server.data-stream.async.request.thread.pool.cached = false (default)
2023-04-10 17:22:17,499 [Listener at 127.0.0.1/35635] INFO  server.RaftServerConfigKeys (ConfUtils.java:logGet(46)) - raft.server.data-stream.async.request.thread.pool.size = 20 (custom)
2023-04-10 17:22:17,499 [Listener at 127.0.0.1/35635] INFO  server.RaftServerConfigKeys (ConfUtils.java:logGet(46)) - raft.server.data-stream.async.write.thread.pool.size = 16 (default)
2023-04-10 17:22:17,499 [Listener at 127.0.0.1/35635] INFO  server.RaftServerConfigKeys (ConfUtils.java:logGet(46)) - raft.server.data-stream.client.pool.size = 10 (default)
2023-04-10 17:22:17,499 [Listener at 127.0.0.1/35635] INFO  netty.NettyConfigKeys$DataStream (ConfUtils.java:logGet(46)) - raft.netty.dataStream.server.use-epoll = false (default)
2023-04-10 17:22:17,500 [Listener at 127.0.0.1/35635] INFO  netty.NettyConfigKeys$DataStream (ConfUtils.java:logGet(46)) - raft.netty.dataStream.server.boss-group.size = 0 (default)
2023-04-10 17:22:17,501 [Listener at 127.0.0.1/35635] INFO  netty.NettyConfigKeys$DataStream (ConfUtils.java:logGet(46)) - raft.netty.dataStream.server.worker-group.size = 0 (default)
2023-04-10 17:22:17,501 [Listener at 127.0.0.1/35635] INFO  netty.NettyConfigKeys$DataStream (ConfUtils.java:logGet(46)) - raft.netty.dataStream.server.tls.conf = null (default)
2023-04-10 17:22:17,502 [Listener at 127.0.0.1/35635] INFO  netty.NettyConfigKeys$DataStream (ConfUtils.java:logGet(46)) - raft.netty.dataStream.host = null (default)
2023-04-10 17:22:17,502 [Listener at 127.0.0.1/35635] INFO  netty.NettyConfigKeys$DataStream (ConfUtils.java:logGet(46)) - raft.netty.dataStream.port = 0 (default)
2023-04-10 17:22:17,502 [Datanode State Machine Task Thread - 0] INFO  datanode.InitDatanodeState (InitDatanodeState.java:persistContainerDatanodeDetails(138)) - DatanodeDetails is persisted to /home/runner/work/ozone/ozone/hadoop-ozone/integration-test/target/test-dir/MiniOzoneClusterImpl-bd692c78-fb3a-4866-9e85-e2f4bd0dbf58/datanode-0/meta/datanode.id
2023-04-10 17:22:17,503 [Listener at 127.0.0.1/35635] INFO  server.RaftServerConfigKeys (ConfUtils.java:logGet(46)) - raft.server.threadpool.proxy.cached = true (default)
2023-04-10 17:22:17,503 [Listener at 127.0.0.1/35635] INFO  server.RaftServerConfigKeys (ConfUtils.java:logGet(46)) - raft.server.threadpool.proxy.size = 0 (default)
2023-04-10 17:22:17,503 [Listener at 127.0.0.1/35635] INFO  server.RaftServerConfigKeys (ConfUtils.java:logGet(46)) - raft.server.rpc.slowness.timeout = 300000ms (custom)
2023-04-10 17:22:17,503 [Listener at 127.0.0.1/35635] INFO  server.RaftServerConfigKeys (ConfUtils.java:logGet(46)) - raft.server.leaderelection.leader.step-down.wait-time = 10s (default)
2023-04-10 17:22:17,504 [Listener at 127.0.0.1/35635] INFO  server.RaftServerConfigKeys (ConfUtils.java:logGet(46)) - raft.server.storage.dir = [/home/runner/work/ozone/ozone/hadoop-ozone/integration-test/target/test-dir/MiniOzoneClusterImpl-bd692c78-fb3a-4866-9e85-e2f4bd0dbf58/datanode-1/data/ratis] (custom)
2023-04-10 17:22:17,505 [cfa9660d-3e66-4e37-95dd-c01791520333-NettyServerStreamRpc-bossGroup--thread1] INFO  logging.LoggingHandler (AbstractInternalLogger.java:log(148)) - [id: 0x920c9108] REGISTERED
2023-04-10 17:22:17,506 [cfa9660d-3e66-4e37-95dd-c01791520333-NettyServerStreamRpc-bossGroup--thread1] INFO  logging.LoggingHandler (AbstractInternalLogger.java:log(148)) - [id: 0x920c9108] BIND: 0.0.0.0/0.0.0.0:0
2023-04-10 17:22:17,506 [cfa9660d-3e66-4e37-95dd-c01791520333-NettyServerStreamRpc-bossGroup--thread1] INFO  logging.LoggingHandler (AbstractInternalLogger.java:log(148)) - [id: 0x920c9108, L:/0:0:0:0:0:0:0:0:45915] ACTIVE
2023-04-10 17:22:17,509 [Listener at 127.0.0.1/35635] INFO  server.XceiverServerGrpc (XceiverServerGrpc.java:<init>(132)) - GrpcServer channel type EpollServerSocketChannel
2023-04-10 17:22:17,513 [Listener at 127.0.0.1/35635] INFO  http.BaseHttpServer (BaseHttpServer.java:newHttpServer2BuilderForOzone(224)) - Starting Web-server for hddsDatanode at: http://0.0.0.0:0
2023-04-10 17:22:17,513 [Listener at 127.0.0.1/35635] INFO  http.BaseHttpServer (BaseHttpServer.java:<init>(111)) - Hadoop Security Enabled: false Ozone Security Enabled: false Ozone HTTP Security Enabled: false 
2023-04-10 17:22:17,515 [Listener at 127.0.0.1/35635] WARN  server.AuthenticationFilter (AuthenticationFilter.java:constructSecretProvider(240)) - Unable to initialize FileSignerSecretProvider, falling back to use random secrets. Reason: Could not read signature secret file: /home/runner/hadoop-http-auth-signature-secret
2023-04-10 17:22:17,516 [Listener at 127.0.0.1/35635] WARN  http.HttpRequestLog (HttpRequestLog.java:getRequestLog(103)) - Jetty request log can only be enabled using Log4j
2023-04-10 17:22:17,517 [Listener at 127.0.0.1/35635] INFO  http.HttpServer2 (HttpServer2.java:addGlobalFilter(1031)) - Added global filter 'safety' (class=org.apache.hadoop.hdds.server.http.HttpServer2$QuotingInputFilter)
2023-04-10 17:22:17,518 [Listener at 127.0.0.1/35635] INFO  http.HttpServer2 (HttpServer2.java:addFilter(1007)) - Added filter static_user_filter (class=org.apache.hadoop.http.lib.StaticUserWebFilter$StaticUserFilter) to context hddsDatanode
2023-04-10 17:22:17,518 [Listener at 127.0.0.1/35635] INFO  http.HttpServer2 (HttpServer2.java:addFilter(1015)) - Added filter static_user_filter (class=org.apache.hadoop.http.lib.StaticUserWebFilter$StaticUserFilter) to context logs
2023-04-10 17:22:17,518 [Listener at 127.0.0.1/35635] INFO  http.HttpServer2 (HttpServer2.java:addFilter(1015)) - Added filter static_user_filter (class=org.apache.hadoop.http.lib.StaticUserWebFilter$StaticUserFilter) to context static
2023-04-10 17:22:17,519 [Listener at 127.0.0.1/35635] INFO  http.BaseHttpServer (BaseHttpServer.java:<init>(190)) - HTTP server of hddsDatanode uses base directory /home/runner/work/ozone/ozone/hadoop-ozone/integration-test/target/test-dir/MiniOzoneClusterImpl-bd692c78-fb3a-4866-9e85-e2f4bd0dbf58/datanode-1/meta/webserver
2023-04-10 17:22:17,519 [Listener at 127.0.0.1/35635] INFO  http.HttpServer2 (HttpServer2.java:bindListener(1250)) - Jetty bound to port 40285
2023-04-10 17:22:17,519 [Listener at 127.0.0.1/35635] INFO  server.Server (Server.java:doStart(375)) - jetty-9.4.49.v20220914; built: 2022-09-14T01:07:36.601Z; git: 4231a3b2e4cb8548a412a789936d640a97b1aa0a; jvm 1.8.0_362-b09
2023-04-10 17:22:17,549 [om1@group-C5BA1605619E-LeaderElection1] INFO  server.RaftServer$Division (ServerState.java:setRaftConf(430)) - om1@group-C5BA1605619E: set configuration 0: peers:[om1|rpc:localhost:9872|admin:|client:|dataStream:|priority:0|startupRole:FOLLOWER]|listeners:[], old=null
2023-04-10 17:22:17,550 [Listener at 127.0.0.1/35635] INFO  server.session (DefaultSessionIdManager.java:doStart(334)) - DefaultSessionIdManager workerName=node0
2023-04-10 17:22:17,550 [Listener at 127.0.0.1/35635] INFO  server.session (DefaultSessionIdManager.java:doStart(339)) - No SessionScavenger set, using defaults
2023-04-10 17:22:17,555 [Listener at 127.0.0.1/35635] INFO  server.session (HouseKeeper.java:startScavenging(132)) - node0 Scavenging every 660000ms
2023-04-10 17:22:17,559 [Listener at 127.0.0.1/35635] INFO  handler.ContextHandler (ContextHandler.java:doStart(921)) - Started o.e.j.s.ServletContextHandler@ae04ba5{logs,/logs,file:///home/runner/work/ozone/ozone/hadoop-ozone/integration-test/target/log,AVAILABLE}
2023-04-10 17:22:17,560 [Listener at 127.0.0.1/35635] INFO  handler.ContextHandler (ContextHandler.java:doStart(921)) - Started o.e.j.s.ServletContextHandler@3ef26c78{static,/static,jar:file:/home/runner/.m2/repository/org/apache/ozone/hdds-container-service/1.4.0-SNAPSHOT/hdds-container-service-1.4.0-SNAPSHOT.jar!/webapps/static,AVAILABLE}
2023-04-10 17:22:17,595 [om1@group-C5BA1605619E-SegmentedRaftLogWorker] INFO  segmented.SegmentedRaftLogWorker (SegmentedRaftLogWorker.java:execute(656)) - om1@group-C5BA1605619E-SegmentedRaftLogWorker: created new log segment /home/runner/work/ozone/ozone/hadoop-ozone/integration-test/target/test-dir/MiniOzoneClusterImpl-bd692c78-fb3a-4866-9e85-e2f4bd0dbf58/ozone-meta/ratis/bf265839-605b-3f16-9796-c5ba1605619e/current/log_inprogress_0
2023-04-10 17:22:17,697 [om1@group-C5BA1605619E-StateMachineUpdater] INFO  ratis.OzoneManagerStateMachine (OzoneManagerStateMachine.java:notifyConfigurationChanged(200)) - Received Configuration change notification from Ratis. New Peer list:
[id: "om1"
address: "localhost:9872"
startupRole: FOLLOWER
]
2023-04-10 17:22:17,830 [Listener at 127.0.0.1/35635] INFO  handler.ContextHandler (ContextHandler.java:doStart(921)) - Started o.e.j.w.WebAppContext@5a0585d3{hddsDatanode,/,file:///home/runner/work/ozone/ozone/hadoop-ozone/integration-test/target/test-dir/MiniOzoneClusterImpl-bd692c78-fb3a-4866-9e85-e2f4bd0dbf58/datanode-1/meta/webserver/jetty-0_0_0_0-40285-hdds-container-service-1_4_0-SNAPSHOT_jar-_-any-2223419397628053753/webapp/,AVAILABLE}{jar:file:/home/runner/.m2/repository/org/apache/ozone/hdds-container-service/1.4.0-SNAPSHOT/hdds-container-service-1.4.0-SNAPSHOT.jar!/webapps/hddsDatanode}
2023-04-10 17:22:17,832 [Listener at 127.0.0.1/35635] INFO  server.AbstractConnector (AbstractConnector.java:doStart(333)) - Started ServerConnector@2fd29dd8{HTTP/1.1, (http/1.1)}{0.0.0.0:40285}
2023-04-10 17:22:17,832 [Listener at 127.0.0.1/35635] INFO  server.Server (Server.java:doStart(415)) - Started @8892ms
2023-04-10 17:22:17,832 [Listener at 127.0.0.1/35635] WARN  impl.MetricsSystemImpl (MetricsSystemImpl.java:register(279)) - Sink prometheus already exists!
2023-04-10 17:22:17,833 [Listener at 127.0.0.1/35635] INFO  http.BaseHttpServer (BaseHttpServer.java:updateConnectorAddress(344)) - HTTP server of hddsDatanode listening at http://0.0.0.0:40285
2023-04-10 17:22:17,835 [Listener at 127.0.0.1/35635] WARN  impl.MetricRegistriesImpl (MetricRegistriesImpl.java:addReporterRegistration(111)) - New reporters are added after registries were created. Some metrics will be missing from the reporter. Please add reporter before adding any new registry.
2023-04-10 17:22:17,835 [Listener at 127.0.0.1/35635] WARN  impl.MetricRegistriesImpl (MetricRegistriesImpl.java:addReporterRegistration(111)) - New reporters are added after registries were created. Some metrics will be missing from the reporter. Please add reporter before adding any new registry.
2023-04-10 17:22:17,835 [Listener at 127.0.0.1/35635] INFO  impl.MetricsSystemImpl (MetricsSystemImpl.java:init(158)) - HddsDatanode metrics system started (again)
2023-04-10 17:22:17,843 [Datanode State Machine Daemon Thread] INFO  statemachine.DatanodeStateMachine (DatanodeStateMachine.java:lambda$startDaemon$0(517)) - Ozone container server started.
2023-04-10 17:22:17,855 [org.apache.hadoop.util.JvmPauseMonitor$Monitor@679dc1a9] INFO  util.JvmPauseMonitor (JvmPauseMonitor.java:run(188)) - Starting JVM pause monitor
2023-04-10 17:22:17,861 [Listener at 127.0.0.1/35635] INFO  ozone.HddsDatanodeService (HddsDatanodeService.java:start(252)) - HddsDatanodeService host:fv-az201-37 ip:10.1.0.59
2023-04-10 17:22:17,873 [Datanode State Machine Task Thread - 0] INFO  datanode.InitDatanodeState (InitDatanodeState.java:persistContainerDatanodeDetails(138)) - DatanodeDetails is persisted to /home/runner/work/ozone/ozone/hadoop-ozone/integration-test/target/test-dir/MiniOzoneClusterImpl-bd692c78-fb3a-4866-9e85-e2f4bd0dbf58/datanode-1/meta/datanode.id
2023-04-10 17:22:17,901 [Listener at 127.0.0.1/35635] INFO  upgrade.AbstractLayoutVersionManager (AbstractLayoutVersionManager.java:init(83)) - Initializing Layout version manager with metadata layout = WEBUI_PORTS_IN_DATANODEDETAILS (version = 6), software layout = WEBUI_PORTS_IN_DATANODEDETAILS (version = 6)
2023-04-10 17:22:17,973 [Listener at 127.0.0.1/35635] INFO  reflections.Reflections (Reflections.java:scan(232)) - Reflections took 69 ms to scan 7 urls, producing 156 keys and 369 values 
2023-04-10 17:22:17,978 [Listener at 127.0.0.1/35635] INFO  statemachine.DatanodeStateMachine (DatanodeStateMachine.java:getEndPointTaskThreadPoolSize(260)) - Datanode State Machine Task Thread Pool size 2
2023-04-10 17:22:17,984 [Listener at 127.0.0.1/35635] INFO  volume.HddsVolume (HddsVolume.java:<init>(130)) - Creating HddsVolume: /home/runner/work/ozone/ozone/hadoop-ozone/integration-test/target/test-dir/MiniOzoneClusterImpl-bd692c78-fb3a-4866-9e85-e2f4bd0dbf58/datanode-2/data-0/containers/hdds of storage type : DISK capacity : 9223372036854775807
2023-04-10 17:22:17,985 [Listener at 127.0.0.1/35635] INFO  volume.MutableVolumeSet (MutableVolumeSet.java:initializeVolumeSet(175)) - Added Volume : /home/runner/work/ozone/ozone/hadoop-ozone/integration-test/target/test-dir/MiniOzoneClusterImpl-bd692c78-fb3a-4866-9e85-e2f4bd0dbf58/datanode-2/data-0/containers/hdds to VolumeSet
2023-04-10 17:22:17,985 [Listener at 127.0.0.1/35635] INFO  volume.ThrottledAsyncChecker (ThrottledAsyncChecker.java:schedule(141)) - Scheduling a check for /home/runner/work/ozone/ozone/hadoop-ozone/integration-test/target/test-dir/MiniOzoneClusterImpl-bd692c78-fb3a-4866-9e85-e2f4bd0dbf58/datanode-2/data-0/containers/hdds
2023-04-10 17:22:17,991 [Listener at 127.0.0.1/35635] INFO  volume.StorageVolumeChecker (StorageVolumeChecker.java:checkAllVolumes(202)) - Scheduled health check for volume /home/runner/work/ozone/ozone/hadoop-ozone/integration-test/target/test-dir/MiniOzoneClusterImpl-bd692c78-fb3a-4866-9e85-e2f4bd0dbf58/datanode-2/data-0/containers/hdds
2023-04-10 17:22:18,006 [Listener at 127.0.0.1/35635] INFO  volume.MutableVolumeSet (MutableVolumeSet.java:initializeVolumeSet(175)) - Added Volume : /home/runner/work/ozone/ozone/hadoop-ozone/integration-test/target/test-dir/MiniOzoneClusterImpl-bd692c78-fb3a-4866-9e85-e2f4bd0dbf58/datanode-2/data/ratis to VolumeSet
2023-04-10 17:22:18,006 [Listener at 127.0.0.1/35635] INFO  volume.ThrottledAsyncChecker (ThrottledAsyncChecker.java:schedule(141)) - Scheduling a check for /home/runner/work/ozone/ozone/hadoop-ozone/integration-test/target/test-dir/MiniOzoneClusterImpl-bd692c78-fb3a-4866-9e85-e2f4bd0dbf58/datanode-2/data/ratis
2023-04-10 17:22:18,007 [Listener at 127.0.0.1/35635] INFO  volume.StorageVolumeChecker (StorageVolumeChecker.java:checkAllVolumes(202)) - Scheduled health check for volume /home/runner/work/ozone/ozone/hadoop-ozone/integration-test/target/test-dir/MiniOzoneClusterImpl-bd692c78-fb3a-4866-9e85-e2f4bd0dbf58/datanode-2/data/ratis
2023-04-10 17:22:18,026 [Thread-167] INFO  ozoneimpl.ContainerReader (ContainerReader.java:readVolume(175)) - Finish verifying containers on volume /home/runner/work/ozone/ozone/hadoop-ozone/integration-test/target/test-dir/MiniOzoneClusterImpl-bd692c78-fb3a-4866-9e85-e2f4bd0dbf58/datanode-2/data-0/containers/hdds
2023-04-10 17:22:18,026 [Listener at 127.0.0.1/35635] INFO  ozoneimpl.OzoneContainer (OzoneContainer.java:buildContainerSet(303)) - Build ContainerSet costs 0s
2023-04-10 17:22:18,031 [Listener at 127.0.0.1/35635] INFO  server.RaftServer (ConfUtils.java:logGet(46)) - raft.rpc.type = GRPC (default)
2023-04-10 17:22:18,032 [Listener at 127.0.0.1/35635] INFO  grpc.GrpcConfigKeys (ConfUtils.java:logFallback(53)) - raft.grpc.admin.host = null (fallback to raft.grpc.server.host)
2023-04-10 17:22:18,032 [Listener at 127.0.0.1/35635] INFO  grpc.GrpcConfigKeys (ConfUtils.java:logGet(46)) - raft.grpc.admin.port = 0 (custom)
2023-04-10 17:22:18,032 [Listener at 127.0.0.1/35635] INFO  grpc.GrpcConfigKeys (ConfUtils.java:logFallback(53)) - raft.grpc.client.host = null (fallback to raft.grpc.server.host)
2023-04-10 17:22:18,032 [Listener at 127.0.0.1/35635] INFO  grpc.GrpcConfigKeys (ConfUtils.java:logGet(46)) - raft.grpc.client.port = 0 (custom)
2023-04-10 17:22:18,032 [Listener at 127.0.0.1/35635] INFO  grpc.GrpcConfigKeys (ConfUtils.java:logGet(46)) - raft.grpc.server.host = null (default)
2023-04-10 17:22:18,034 [Listener at 127.0.0.1/35635] INFO  grpc.GrpcConfigKeys (ConfUtils.java:logGet(46)) - raft.grpc.server.port = 0 (default)
2023-04-10 17:22:18,034 [Listener at 127.0.0.1/35635] INFO  server.GrpcService (ConfUtils.java:logGet(46)) - raft.grpc.message.size.max = 32MB (=33554432) (custom)
2023-04-10 17:22:18,034 [Listener at 127.0.0.1/35635] INFO  server.RaftServerConfigKeys (ConfUtils.java:logGet(46)) - raft.server.log.appender.buffer.byte-limit = 33554432 (custom)
2023-04-10 17:22:18,034 [Listener at 127.0.0.1/35635] INFO  server.GrpcService (ConfUtils.java:logGet(46)) - raft.grpc.flow.control.window = 5MB (=5242880) (custom)
2023-04-10 17:22:18,034 [Listener at 127.0.0.1/35635] INFO  server.RaftServerConfigKeys (ConfUtils.java:logGet(46)) - raft.server.rpc.request.timeout = 3000ms (default)
2023-04-10 17:22:18,034 [Listener at 127.0.0.1/35635] INFO  grpc.GrpcConfigKeys (ConfUtils.java:logGet(46)) - raft.grpc.server.heartbeat.channel = true (default)
2023-04-10 17:22:18,035 [Listener at 127.0.0.1/35635] INFO  grpc.GrpcConfigKeys (ConfUtils.java:logGet(46)) - raft.grpc.server.async.request.thread.pool.cached = true (default)
2023-04-10 17:22:18,035 [Listener at 127.0.0.1/35635] INFO  grpc.GrpcConfigKeys (ConfUtils.java:logGet(46)) - raft.grpc.server.async.request.thread.pool.size = 32 (default)
2023-04-10 17:22:18,038 [Listener at 127.0.0.1/35635] INFO  impl.DataStreamServerImpl (ConfUtils.java:logGet(46)) - raft.datastream.type = NETTY (custom)
2023-04-10 17:22:18,038 [Listener at 127.0.0.1/35635] INFO  server.RaftServerConfigKeys (ConfUtils.java:logGet(46)) - raft.server.data-stream.async.request.thread.pool.cached = false (default)
2023-04-10 17:22:18,039 [Listener at 127.0.0.1/35635] INFO  server.RaftServerConfigKeys (ConfUtils.java:logGet(46)) - raft.server.data-stream.async.request.thread.pool.size = 20 (custom)
2023-04-10 17:22:18,039 [Listener at 127.0.0.1/35635] INFO  server.RaftServerConfigKeys (ConfUtils.java:logGet(46)) - raft.server.data-stream.async.write.thread.pool.size = 16 (default)
2023-04-10 17:22:18,039 [Listener at 127.0.0.1/35635] INFO  server.RaftServerConfigKeys (ConfUtils.java:logGet(46)) - raft.server.data-stream.client.pool.size = 10 (default)
2023-04-10 17:22:18,039 [Listener at 127.0.0.1/35635] INFO  netty.NettyConfigKeys$DataStream (ConfUtils.java:logGet(46)) - raft.netty.dataStream.server.use-epoll = false (default)
2023-04-10 17:22:18,040 [Listener at 127.0.0.1/35635] INFO  netty.NettyConfigKeys$DataStream (ConfUtils.java:logGet(46)) - raft.netty.dataStream.server.boss-group.size = 0 (default)
2023-04-10 17:22:18,040 [Listener at 127.0.0.1/35635] INFO  netty.NettyConfigKeys$DataStream (ConfUtils.java:logGet(46)) - raft.netty.dataStream.server.worker-group.size = 0 (default)
2023-04-10 17:22:18,041 [Listener at 127.0.0.1/35635] INFO  netty.NettyConfigKeys$DataStream (ConfUtils.java:logGet(46)) - raft.netty.dataStream.server.tls.conf = null (default)
2023-04-10 17:22:18,041 [Listener at 127.0.0.1/35635] INFO  netty.NettyConfigKeys$DataStream (ConfUtils.java:logGet(46)) - raft.netty.dataStream.host = null (default)
2023-04-10 17:22:18,042 [Listener at 127.0.0.1/35635] INFO  netty.NettyConfigKeys$DataStream (ConfUtils.java:logGet(46)) - raft.netty.dataStream.port = 0 (default)
2023-04-10 17:22:18,042 [Listener at 127.0.0.1/35635] INFO  server.RaftServerConfigKeys (ConfUtils.java:logGet(46)) - raft.server.threadpool.proxy.cached = true (default)
2023-04-10 17:22:18,042 [Listener at 127.0.0.1/35635] INFO  server.RaftServerConfigKeys (ConfUtils.java:logGet(46)) - raft.server.threadpool.proxy.size = 0 (default)
2023-04-10 17:22:18,043 [Listener at 127.0.0.1/35635] INFO  server.RaftServerConfigKeys (ConfUtils.java:logGet(46)) - raft.server.rpc.slowness.timeout = 300000ms (custom)
2023-04-10 17:22:18,043 [Listener at 127.0.0.1/35635] INFO  server.RaftServerConfigKeys (ConfUtils.java:logGet(46)) - raft.server.leaderelection.leader.step-down.wait-time = 10s (default)
2023-04-10 17:22:18,043 [Listener at 127.0.0.1/35635] INFO  server.RaftServerConfigKeys (ConfUtils.java:logGet(46)) - raft.server.storage.dir = [/home/runner/work/ozone/ozone/hadoop-ozone/integration-test/target/test-dir/MiniOzoneClusterImpl-bd692c78-fb3a-4866-9e85-e2f4bd0dbf58/datanode-2/data/ratis] (custom)
2023-04-10 17:22:18,045 [f70c5b51-abaf-4483-bcc0-ab3e40e5c626-NettyServerStreamRpc-bossGroup--thread1] INFO  logging.LoggingHandler (AbstractInternalLogger.java:log(148)) - [id: 0x2716cde1] REGISTERED
2023-04-10 17:22:18,045 [f70c5b51-abaf-4483-bcc0-ab3e40e5c626-NettyServerStreamRpc-bossGroup--thread1] INFO  logging.LoggingHandler (AbstractInternalLogger.java:log(148)) - [id: 0x2716cde1] BIND: 0.0.0.0/0.0.0.0:0
2023-04-10 17:22:18,045 [f70c5b51-abaf-4483-bcc0-ab3e40e5c626-NettyServerStreamRpc-bossGroup--thread1] INFO  logging.LoggingHandler (AbstractInternalLogger.java:log(148)) - [id: 0x2716cde1, L:/0:0:0:0:0:0:0:0:44995] ACTIVE
2023-04-10 17:22:18,048 [Listener at 127.0.0.1/35635] INFO  server.XceiverServerGrpc (XceiverServerGrpc.java:<init>(132)) - GrpcServer channel type EpollServerSocketChannel
2023-04-10 17:22:18,063 [Listener at 127.0.0.1/35635] INFO  http.BaseHttpServer (BaseHttpServer.java:newHttpServer2BuilderForOzone(224)) - Starting Web-server for hddsDatanode at: http://0.0.0.0:0
2023-04-10 17:22:18,063 [Listener at 127.0.0.1/35635] INFO  http.BaseHttpServer (BaseHttpServer.java:<init>(111)) - Hadoop Security Enabled: false Ozone Security Enabled: false Ozone HTTP Security Enabled: false 
2023-04-10 17:22:18,066 [Listener at 127.0.0.1/35635] WARN  server.AuthenticationFilter (AuthenticationFilter.java:constructSecretProvider(240)) - Unable to initialize FileSignerSecretProvider, falling back to use random secrets. Reason: Could not read signature secret file: /home/runner/hadoop-http-auth-signature-secret
2023-04-10 17:22:18,070 [Listener at 127.0.0.1/35635] WARN  http.HttpRequestLog (HttpRequestLog.java:getRequestLog(103)) - Jetty request log can only be enabled using Log4j
2023-04-10 17:22:18,072 [Listener at 127.0.0.1/35635] INFO  http.HttpServer2 (HttpServer2.java:addGlobalFilter(1031)) - Added global filter 'safety' (class=org.apache.hadoop.hdds.server.http.HttpServer2$QuotingInputFilter)
2023-04-10 17:22:18,073 [Listener at 127.0.0.1/35635] INFO  http.HttpServer2 (HttpServer2.java:addFilter(1007)) - Added filter static_user_filter (class=org.apache.hadoop.http.lib.StaticUserWebFilter$StaticUserFilter) to context hddsDatanode
2023-04-10 17:22:18,074 [Listener at 127.0.0.1/35635] INFO  http.HttpServer2 (HttpServer2.java:addFilter(1015)) - Added filter static_user_filter (class=org.apache.hadoop.http.lib.StaticUserWebFilter$StaticUserFilter) to context logs
2023-04-10 17:22:18,074 [Listener at 127.0.0.1/35635] INFO  http.HttpServer2 (HttpServer2.java:addFilter(1015)) - Added filter static_user_filter (class=org.apache.hadoop.http.lib.StaticUserWebFilter$StaticUserFilter) to context static
2023-04-10 17:22:18,075 [Listener at 127.0.0.1/35635] INFO  http.BaseHttpServer (BaseHttpServer.java:<init>(190)) - HTTP server of hddsDatanode uses base directory /home/runner/work/ozone/ozone/hadoop-ozone/integration-test/target/test-dir/MiniOzoneClusterImpl-bd692c78-fb3a-4866-9e85-e2f4bd0dbf58/datanode-2/meta/webserver
2023-04-10 17:22:18,077 [Listener at 127.0.0.1/35635] INFO  http.HttpServer2 (HttpServer2.java:bindListener(1250)) - Jetty bound to port 38357
2023-04-10 17:22:18,077 [Listener at 127.0.0.1/35635] INFO  server.Server (Server.java:doStart(375)) - jetty-9.4.49.v20220914; built: 2022-09-14T01:07:36.601Z; git: 4231a3b2e4cb8548a412a789936d640a97b1aa0a; jvm 1.8.0_362-b09
2023-04-10 17:22:18,085 [Listener at 127.0.0.1/35635] INFO  server.session (DefaultSessionIdManager.java:doStart(334)) - DefaultSessionIdManager workerName=node0
2023-04-10 17:22:18,085 [Listener at 127.0.0.1/35635] INFO  server.session (DefaultSessionIdManager.java:doStart(339)) - No SessionScavenger set, using defaults
2023-04-10 17:22:18,086 [Listener at 127.0.0.1/35635] INFO  server.session (HouseKeeper.java:startScavenging(132)) - node0 Scavenging every 660000ms
2023-04-10 17:22:18,087 [Listener at 127.0.0.1/35635] INFO  handler.ContextHandler (ContextHandler.java:doStart(921)) - Started o.e.j.s.ServletContextHandler@55726832{logs,/logs,file:///home/runner/work/ozone/ozone/hadoop-ozone/integration-test/target/log,AVAILABLE}
2023-04-10 17:22:18,088 [Listener at 127.0.0.1/35635] INFO  handler.ContextHandler (ContextHandler.java:doStart(921)) - Started o.e.j.s.ServletContextHandler@44efba4{static,/static,jar:file:/home/runner/.m2/repository/org/apache/ozone/hdds-container-service/1.4.0-SNAPSHOT/hdds-container-service-1.4.0-SNAPSHOT.jar!/webapps/static,AVAILABLE}
2023-04-10 17:22:18,293 [Listener at 127.0.0.1/35635] INFO  handler.ContextHandler (ContextHandler.java:doStart(921)) - Started o.e.j.w.WebAppContext@225be644{hddsDatanode,/,file:///home/runner/work/ozone/ozone/hadoop-ozone/integration-test/target/test-dir/MiniOzoneClusterImpl-bd692c78-fb3a-4866-9e85-e2f4bd0dbf58/datanode-2/meta/webserver/jetty-0_0_0_0-38357-hdds-container-service-1_4_0-SNAPSHOT_jar-_-any-7516719359143037642/webapp/,AVAILABLE}{jar:file:/home/runner/.m2/repository/org/apache/ozone/hdds-container-service/1.4.0-SNAPSHOT/hdds-container-service-1.4.0-SNAPSHOT.jar!/webapps/hddsDatanode}
2023-04-10 17:22:18,294 [Listener at 127.0.0.1/35635] INFO  server.AbstractConnector (AbstractConnector.java:doStart(333)) - Started ServerConnector@3a09f2f5{HTTP/1.1, (http/1.1)}{0.0.0.0:38357}
2023-04-10 17:22:18,294 [Listener at 127.0.0.1/35635] INFO  server.Server (Server.java:doStart(415)) - Started @9354ms
2023-04-10 17:22:18,295 [Listener at 127.0.0.1/35635] WARN  impl.MetricsSystemImpl (MetricsSystemImpl.java:register(279)) - Sink prometheus already exists!
2023-04-10 17:22:18,295 [Listener at 127.0.0.1/35635] INFO  http.BaseHttpServer (BaseHttpServer.java:updateConnectorAddress(344)) - HTTP server of hddsDatanode listening at http://0.0.0.0:38357
2023-04-10 17:22:18,299 [Listener at 127.0.0.1/35635] WARN  impl.MetricRegistriesImpl (MetricRegistriesImpl.java:addReporterRegistration(111)) - New reporters are added after registries were created. Some metrics will be missing from the reporter. Please add reporter before adding any new registry.
2023-04-10 17:22:18,299 [Listener at 127.0.0.1/35635] WARN  impl.MetricRegistriesImpl (MetricRegistriesImpl.java:addReporterRegistration(111)) - New reporters are added after registries were created. Some metrics will be missing from the reporter. Please add reporter before adding any new registry.
2023-04-10 17:22:18,299 [Listener at 127.0.0.1/35635] INFO  impl.MetricsSystemImpl (MetricsSystemImpl.java:init(158)) - HddsDatanode metrics system started (again)
2023-04-10 17:22:18,299 [Datanode State Machine Daemon Thread] INFO  statemachine.DatanodeStateMachine (DatanodeStateMachine.java:lambda$startDaemon$0(517)) - Ozone container server started.
2023-04-10 17:22:18,310 [org.apache.hadoop.util.JvmPauseMonitor$Monitor@255553ef] INFO  util.JvmPauseMonitor (JvmPauseMonitor.java:run(188)) - Starting JVM pause monitor
2023-04-10 17:22:18,314 [Listener at 127.0.0.1/35635] INFO  ozone.HddsDatanodeService (HddsDatanodeService.java:start(252)) - HddsDatanodeService host:fv-az201-37 ip:10.1.0.59
2023-04-10 17:22:18,315 [Datanode State Machine Task Thread - 0] INFO  datanode.InitDatanodeState (InitDatanodeState.java:persistContainerDatanodeDetails(138)) - DatanodeDetails is persisted to /home/runner/work/ozone/ozone/hadoop-ozone/integration-test/target/test-dir/MiniOzoneClusterImpl-bd692c78-fb3a-4866-9e85-e2f4bd0dbf58/datanode-2/meta/datanode.id
2023-04-10 17:22:18,335 [Listener at 127.0.0.1/35635] INFO  upgrade.AbstractLayoutVersionManager (AbstractLayoutVersionManager.java:init(83)) - Initializing Layout version manager with metadata layout = WEBUI_PORTS_IN_DATANODEDETAILS (version = 6), software layout = WEBUI_PORTS_IN_DATANODEDETAILS (version = 6)
2023-04-10 17:22:18,391 [Listener at 127.0.0.1/35635] INFO  reflections.Reflections (Reflections.java:scan(232)) - Reflections took 55 ms to scan 7 urls, producing 156 keys and 369 values 
2023-04-10 17:22:18,395 [Listener at 127.0.0.1/35635] INFO  statemachine.DatanodeStateMachine (DatanodeStateMachine.java:getEndPointTaskThreadPoolSize(260)) - Datanode State Machine Task Thread Pool size 2
2023-04-10 17:22:18,402 [Listener at 127.0.0.1/35635] INFO  volume.HddsVolume (HddsVolume.java:<init>(130)) - Creating HddsVolume: /home/runner/work/ozone/ozone/hadoop-ozone/integration-test/target/test-dir/MiniOzoneClusterImpl-bd692c78-fb3a-4866-9e85-e2f4bd0dbf58/datanode-3/data-0/containers/hdds of storage type : DISK capacity : 9223372036854775807
2023-04-10 17:22:18,403 [Listener at 127.0.0.1/35635] INFO  volume.MutableVolumeSet (MutableVolumeSet.java:initializeVolumeSet(175)) - Added Volume : /home/runner/work/ozone/ozone/hadoop-ozone/integration-test/target/test-dir/MiniOzoneClusterImpl-bd692c78-fb3a-4866-9e85-e2f4bd0dbf58/datanode-3/data-0/containers/hdds to VolumeSet
2023-04-10 17:22:18,403 [Listener at 127.0.0.1/35635] INFO  volume.ThrottledAsyncChecker (ThrottledAsyncChecker.java:schedule(141)) - Scheduling a check for /home/runner/work/ozone/ozone/hadoop-ozone/integration-test/target/test-dir/MiniOzoneClusterImpl-bd692c78-fb3a-4866-9e85-e2f4bd0dbf58/datanode-3/data-0/containers/hdds
2023-04-10 17:22:18,407 [Listener at 127.0.0.1/35635] INFO  volume.StorageVolumeChecker (StorageVolumeChecker.java:checkAllVolumes(202)) - Scheduled health check for volume /home/runner/work/ozone/ozone/hadoop-ozone/integration-test/target/test-dir/MiniOzoneClusterImpl-bd692c78-fb3a-4866-9e85-e2f4bd0dbf58/datanode-3/data-0/containers/hdds
2023-04-10 17:22:18,420 [Listener at 127.0.0.1/35635] INFO  volume.MutableVolumeSet (MutableVolumeSet.java:initializeVolumeSet(175)) - Added Volume : /home/runner/work/ozone/ozone/hadoop-ozone/integration-test/target/test-dir/MiniOzoneClusterImpl-bd692c78-fb3a-4866-9e85-e2f4bd0dbf58/datanode-3/data/ratis to VolumeSet
2023-04-10 17:22:18,420 [Listener at 127.0.0.1/35635] INFO  volume.ThrottledAsyncChecker (ThrottledAsyncChecker.java:schedule(141)) - Scheduling a check for /home/runner/work/ozone/ozone/hadoop-ozone/integration-test/target/test-dir/MiniOzoneClusterImpl-bd692c78-fb3a-4866-9e85-e2f4bd0dbf58/datanode-3/data/ratis
2023-04-10 17:22:18,420 [Listener at 127.0.0.1/35635] INFO  volume.StorageVolumeChecker (StorageVolumeChecker.java:checkAllVolumes(202)) - Scheduled health check for volume /home/runner/work/ozone/ozone/hadoop-ozone/integration-test/target/test-dir/MiniOzoneClusterImpl-bd692c78-fb3a-4866-9e85-e2f4bd0dbf58/datanode-3/data/ratis
2023-04-10 17:22:18,432 [Thread-181] INFO  ozoneimpl.ContainerReader (ContainerReader.java:readVolume(175)) - Finish verifying containers on volume /home/runner/work/ozone/ozone/hadoop-ozone/integration-test/target/test-dir/MiniOzoneClusterImpl-bd692c78-fb3a-4866-9e85-e2f4bd0dbf58/datanode-3/data-0/containers/hdds
2023-04-10 17:22:18,432 [Listener at 127.0.0.1/35635] INFO  ozoneimpl.OzoneContainer (OzoneContainer.java:buildContainerSet(303)) - Build ContainerSet costs 0s
2023-04-10 17:22:18,437 [Listener at 127.0.0.1/35635] INFO  server.RaftServer (ConfUtils.java:logGet(46)) - raft.rpc.type = GRPC (default)
2023-04-10 17:22:18,438 [Listener at 127.0.0.1/35635] INFO  grpc.GrpcConfigKeys (ConfUtils.java:logFallback(53)) - raft.grpc.admin.host = null (fallback to raft.grpc.server.host)
2023-04-10 17:22:18,438 [Listener at 127.0.0.1/35635] INFO  grpc.GrpcConfigKeys (ConfUtils.java:logGet(46)) - raft.grpc.admin.port = 0 (custom)
2023-04-10 17:22:18,438 [Listener at 127.0.0.1/35635] INFO  grpc.GrpcConfigKeys (ConfUtils.java:logFallback(53)) - raft.grpc.client.host = null (fallback to raft.grpc.server.host)
2023-04-10 17:22:18,438 [Listener at 127.0.0.1/35635] INFO  grpc.GrpcConfigKeys (ConfUtils.java:logGet(46)) - raft.grpc.client.port = 0 (custom)
2023-04-10 17:22:18,439 [Listener at 127.0.0.1/35635] INFO  grpc.GrpcConfigKeys (ConfUtils.java:logGet(46)) - raft.grpc.server.host = null (default)
2023-04-10 17:22:18,439 [Listener at 127.0.0.1/35635] INFO  grpc.GrpcConfigKeys (ConfUtils.java:logGet(46)) - raft.grpc.server.port = 0 (default)
2023-04-10 17:22:18,439 [Listener at 127.0.0.1/35635] INFO  server.GrpcService (ConfUtils.java:logGet(46)) - raft.grpc.message.size.max = 32MB (=33554432) (custom)
2023-04-10 17:22:18,439 [Listener at 127.0.0.1/35635] INFO  server.RaftServerConfigKeys (ConfUtils.java:logGet(46)) - raft.server.log.appender.buffer.byte-limit = 33554432 (custom)
2023-04-10 17:22:18,439 [Listener at 127.0.0.1/35635] INFO  server.GrpcService (ConfUtils.java:logGet(46)) - raft.grpc.flow.control.window = 5MB (=5242880) (custom)
2023-04-10 17:22:18,439 [Listener at 127.0.0.1/35635] INFO  server.RaftServerConfigKeys (ConfUtils.java:logGet(46)) - raft.server.rpc.request.timeout = 3000ms (default)
2023-04-10 17:22:18,439 [Listener at 127.0.0.1/35635] INFO  grpc.GrpcConfigKeys (ConfUtils.java:logGet(46)) - raft.grpc.server.heartbeat.channel = true (default)
2023-04-10 17:22:18,440 [Listener at 127.0.0.1/35635] INFO  grpc.GrpcConfigKeys (ConfUtils.java:logGet(46)) - raft.grpc.server.async.request.thread.pool.cached = true (default)
2023-04-10 17:22:18,440 [Listener at 127.0.0.1/35635] INFO  grpc.GrpcConfigKeys (ConfUtils.java:logGet(46)) - raft.grpc.server.async.request.thread.pool.size = 32 (default)
2023-04-10 17:22:18,442 [Listener at 127.0.0.1/35635] INFO  impl.DataStreamServerImpl (ConfUtils.java:logGet(46)) - raft.datastream.type = NETTY (custom)
2023-04-10 17:22:18,443 [Listener at 127.0.0.1/35635] INFO  server.RaftServerConfigKeys (ConfUtils.java:logGet(46)) - raft.server.data-stream.async.request.thread.pool.cached = false (default)
2023-04-10 17:22:18,443 [Listener at 127.0.0.1/35635] INFO  server.RaftServerConfigKeys (ConfUtils.java:logGet(46)) - raft.server.data-stream.async.request.thread.pool.size = 20 (custom)
2023-04-10 17:22:18,443 [Listener at 127.0.0.1/35635] INFO  server.RaftServerConfigKeys (ConfUtils.java:logGet(46)) - raft.server.data-stream.async.write.thread.pool.size = 16 (default)
2023-04-10 17:22:18,443 [Listener at 127.0.0.1/35635] INFO  server.RaftServerConfigKeys (ConfUtils.java:logGet(46)) - raft.server.data-stream.client.pool.size = 10 (default)
2023-04-10 17:22:18,444 [Listener at 127.0.0.1/35635] INFO  netty.NettyConfigKeys$DataStream (ConfUtils.java:logGet(46)) - raft.netty.dataStream.server.use-epoll = false (default)
2023-04-10 17:22:18,444 [Listener at 127.0.0.1/35635] INFO  netty.NettyConfigKeys$DataStream (ConfUtils.java:logGet(46)) - raft.netty.dataStream.server.boss-group.size = 0 (default)
2023-04-10 17:22:18,447 [Listener at 127.0.0.1/35635] INFO  netty.NettyConfigKeys$DataStream (ConfUtils.java:logGet(46)) - raft.netty.dataStream.server.worker-group.size = 0 (default)
2023-04-10 17:22:18,450 [Listener at 127.0.0.1/35635] INFO  netty.NettyConfigKeys$DataStream (ConfUtils.java:logGet(46)) - raft.netty.dataStream.server.tls.conf = null (default)
2023-04-10 17:22:18,451 [Listener at 127.0.0.1/35635] INFO  netty.NettyConfigKeys$DataStream (ConfUtils.java:logGet(46)) - raft.netty.dataStream.host = null (default)
2023-04-10 17:22:18,451 [Listener at 127.0.0.1/35635] INFO  netty.NettyConfigKeys$DataStream (ConfUtils.java:logGet(46)) - raft.netty.dataStream.port = 0 (default)
2023-04-10 17:22:18,451 [Listener at 127.0.0.1/35635] INFO  server.RaftServerConfigKeys (ConfUtils.java:logGet(46)) - raft.server.threadpool.proxy.cached = true (default)
2023-04-10 17:22:18,451 [Listener at 127.0.0.1/35635] INFO  server.RaftServerConfigKeys (ConfUtils.java:logGet(46)) - raft.server.threadpool.proxy.size = 0 (default)
2023-04-10 17:22:18,451 [Listener at 127.0.0.1/35635] INFO  server.RaftServerConfigKeys (ConfUtils.java:logGet(46)) - raft.server.rpc.slowness.timeout = 300000ms (custom)
2023-04-10 17:22:18,452 [Listener at 127.0.0.1/35635] INFO  server.RaftServerConfigKeys (ConfUtils.java:logGet(46)) - raft.server.leaderelection.leader.step-down.wait-time = 10s (default)
2023-04-10 17:22:18,452 [Listener at 127.0.0.1/35635] INFO  server.RaftServerConfigKeys (ConfUtils.java:logGet(46)) - raft.server.storage.dir = [/home/runner/work/ozone/ozone/hadoop-ozone/integration-test/target/test-dir/MiniOzoneClusterImpl-bd692c78-fb3a-4866-9e85-e2f4bd0dbf58/datanode-3/data/ratis] (custom)
2023-04-10 17:22:18,456 [5409a7e1-30d0-4745-ac51-a822fb81fdf2-NettyServerStreamRpc-bossGroup--thread1] INFO  logging.LoggingHandler (AbstractInternalLogger.java:log(148)) - [id: 0x2f0facdf] REGISTERED
2023-04-10 17:22:18,457 [Listener at 127.0.0.1/35635] INFO  server.XceiverServerGrpc (XceiverServerGrpc.java:<init>(132)) - GrpcServer channel type EpollServerSocketChannel
2023-04-10 17:22:18,460 [5409a7e1-30d0-4745-ac51-a822fb81fdf2-NettyServerStreamRpc-bossGroup--thread1] INFO  logging.LoggingHandler (AbstractInternalLogger.java:log(148)) - [id: 0x2f0facdf] BIND: 0.0.0.0/0.0.0.0:0
2023-04-10 17:22:18,460 [5409a7e1-30d0-4745-ac51-a822fb81fdf2-NettyServerStreamRpc-bossGroup--thread1] INFO  logging.LoggingHandler (AbstractInternalLogger.java:log(148)) - [id: 0x2f0facdf, L:/0:0:0:0:0:0:0:0:46461] ACTIVE
2023-04-10 17:22:18,465 [Listener at 127.0.0.1/35635] INFO  http.BaseHttpServer (BaseHttpServer.java:newHttpServer2BuilderForOzone(224)) - Starting Web-server for hddsDatanode at: http://0.0.0.0:0
2023-04-10 17:22:18,465 [Listener at 127.0.0.1/35635] INFO  http.BaseHttpServer (BaseHttpServer.java:<init>(111)) - Hadoop Security Enabled: false Ozone Security Enabled: false Ozone HTTP Security Enabled: false 
2023-04-10 17:22:18,466 [Listener at 127.0.0.1/35635] WARN  server.AuthenticationFilter (AuthenticationFilter.java:constructSecretProvider(240)) - Unable to initialize FileSignerSecretProvider, falling back to use random secrets. Reason: Could not read signature secret file: /home/runner/hadoop-http-auth-signature-secret
2023-04-10 17:22:18,467 [Listener at 127.0.0.1/35635] WARN  http.HttpRequestLog (HttpRequestLog.java:getRequestLog(103)) - Jetty request log can only be enabled using Log4j
2023-04-10 17:22:18,468 [Listener at 127.0.0.1/35635] INFO  http.HttpServer2 (HttpServer2.java:addGlobalFilter(1031)) - Added global filter 'safety' (class=org.apache.hadoop.hdds.server.http.HttpServer2$QuotingInputFilter)
2023-04-10 17:22:18,469 [Listener at 127.0.0.1/35635] INFO  http.HttpServer2 (HttpServer2.java:addFilter(1007)) - Added filter static_user_filter (class=org.apache.hadoop.http.lib.StaticUserWebFilter$StaticUserFilter) to context hddsDatanode
2023-04-10 17:22:18,469 [Listener at 127.0.0.1/35635] INFO  http.HttpServer2 (HttpServer2.java:addFilter(1015)) - Added filter static_user_filter (class=org.apache.hadoop.http.lib.StaticUserWebFilter$StaticUserFilter) to context logs
2023-04-10 17:22:18,469 [Listener at 127.0.0.1/35635] INFO  http.HttpServer2 (HttpServer2.java:addFilter(1015)) - Added filter static_user_filter (class=org.apache.hadoop.http.lib.StaticUserWebFilter$StaticUserFilter) to context static
2023-04-10 17:22:18,470 [Listener at 127.0.0.1/35635] INFO  http.BaseHttpServer (BaseHttpServer.java:<init>(190)) - HTTP server of hddsDatanode uses base directory /home/runner/work/ozone/ozone/hadoop-ozone/integration-test/target/test-dir/MiniOzoneClusterImpl-bd692c78-fb3a-4866-9e85-e2f4bd0dbf58/datanode-3/meta/webserver
2023-04-10 17:22:18,470 [Listener at 127.0.0.1/35635] INFO  http.HttpServer2 (HttpServer2.java:bindListener(1250)) - Jetty bound to port 34155
2023-04-10 17:22:18,470 [Listener at 127.0.0.1/35635] INFO  server.Server (Server.java:doStart(375)) - jetty-9.4.49.v20220914; built: 2022-09-14T01:07:36.601Z; git: 4231a3b2e4cb8548a412a789936d640a97b1aa0a; jvm 1.8.0_362-b09
2023-04-10 17:22:18,472 [Listener at 127.0.0.1/35635] INFO  server.session (DefaultSessionIdManager.java:doStart(334)) - DefaultSessionIdManager workerName=node0
2023-04-10 17:22:18,472 [Listener at 127.0.0.1/35635] INFO  server.session (DefaultSessionIdManager.java:doStart(339)) - No SessionScavenger set, using defaults
2023-04-10 17:22:18,472 [Listener at 127.0.0.1/35635] INFO  server.session (HouseKeeper.java:startScavenging(132)) - node0 Scavenging every 660000ms
2023-04-10 17:22:18,473 [Listener at 127.0.0.1/35635] INFO  handler.ContextHandler (ContextHandler.java:doStart(921)) - Started o.e.j.s.ServletContextHandler@370689b5{logs,/logs,file:///home/runner/work/ozone/ozone/hadoop-ozone/integration-test/target/log,AVAILABLE}
2023-04-10 17:22:18,473 [Listener at 127.0.0.1/35635] INFO  handler.ContextHandler (ContextHandler.java:doStart(921)) - Started o.e.j.s.ServletContextHandler@5ce8b520{static,/static,jar:file:/home/runner/.m2/repository/org/apache/ozone/hdds-container-service/1.4.0-SNAPSHOT/hdds-container-service-1.4.0-SNAPSHOT.jar!/webapps/static,AVAILABLE}
2023-04-10 17:22:18,644 [Listener at 127.0.0.1/35635] INFO  handler.ContextHandler (ContextHandler.java:doStart(921)) - Started o.e.j.w.WebAppContext@3075e022{hddsDatanode,/,file:///home/runner/work/ozone/ozone/hadoop-ozone/integration-test/target/test-dir/MiniOzoneClusterImpl-bd692c78-fb3a-4866-9e85-e2f4bd0dbf58/datanode-3/meta/webserver/jetty-0_0_0_0-34155-hdds-container-service-1_4_0-SNAPSHOT_jar-_-any-6686256053771203222/webapp/,AVAILABLE}{jar:file:/home/runner/.m2/repository/org/apache/ozone/hdds-container-service/1.4.0-SNAPSHOT/hdds-container-service-1.4.0-SNAPSHOT.jar!/webapps/hddsDatanode}
2023-04-10 17:22:18,645 [Listener at 127.0.0.1/35635] INFO  server.AbstractConnector (AbstractConnector.java:doStart(333)) - Started ServerConnector@5bf3e120{HTTP/1.1, (http/1.1)}{0.0.0.0:34155}
2023-04-10 17:22:18,645 [Listener at 127.0.0.1/35635] INFO  server.Server (Server.java:doStart(415)) - Started @9705ms
2023-04-10 17:22:18,645 [Listener at 127.0.0.1/35635] WARN  impl.MetricsSystemImpl (MetricsSystemImpl.java:register(279)) - Sink prometheus already exists!
2023-04-10 17:22:18,646 [Listener at 127.0.0.1/35635] INFO  http.BaseHttpServer (BaseHttpServer.java:updateConnectorAddress(344)) - HTTP server of hddsDatanode listening at http://0.0.0.0:34155
2023-04-10 17:22:18,647 [Listener at 127.0.0.1/35635] WARN  impl.MetricRegistriesImpl (MetricRegistriesImpl.java:addReporterRegistration(111)) - New reporters are added after registries were created. Some metrics will be missing from the reporter. Please add reporter before adding any new registry.
2023-04-10 17:22:18,647 [Listener at 127.0.0.1/35635] WARN  impl.MetricRegistriesImpl (MetricRegistriesImpl.java:addReporterRegistration(111)) - New reporters are added after registries were created. Some metrics will be missing from the reporter. Please add reporter before adding any new registry.
2023-04-10 17:22:18,647 [Listener at 127.0.0.1/35635] INFO  impl.MetricsSystemImpl (MetricsSystemImpl.java:init(158)) - HddsDatanode metrics system started (again)
2023-04-10 17:22:18,648 [Datanode State Machine Daemon Thread] INFO  statemachine.DatanodeStateMachine (DatanodeStateMachine.java:lambda$startDaemon$0(517)) - Ozone container server started.
2023-04-10 17:22:18,659 [org.apache.hadoop.util.JvmPauseMonitor$Monitor@a4ad45f] INFO  util.JvmPauseMonitor (JvmPauseMonitor.java:run(188)) - Starting JVM pause monitor
2023-04-10 17:22:18,659 [Listener at 127.0.0.1/35635] INFO  ozone.HddsDatanodeService (HddsDatanodeService.java:start(252)) - HddsDatanodeService host:fv-az201-37 ip:10.1.0.59
2023-04-10 17:22:18,669 [Datanode State Machine Task Thread - 0] INFO  datanode.InitDatanodeState (InitDatanodeState.java:persistContainerDatanodeDetails(138)) - DatanodeDetails is persisted to /home/runner/work/ozone/ozone/hadoop-ozone/integration-test/target/test-dir/MiniOzoneClusterImpl-bd692c78-fb3a-4866-9e85-e2f4bd0dbf58/datanode-3/meta/datanode.id
2023-04-10 17:22:18,685 [Listener at 127.0.0.1/35635] INFO  upgrade.AbstractLayoutVersionManager (AbstractLayoutVersionManager.java:init(83)) - Initializing Layout version manager with metadata layout = WEBUI_PORTS_IN_DATANODEDETAILS (version = 6), software layout = WEBUI_PORTS_IN_DATANODEDETAILS (version = 6)
2023-04-10 17:22:18,729 [Listener at 127.0.0.1/35635] INFO  reflections.Reflections (Reflections.java:scan(232)) - Reflections took 43 ms to scan 7 urls, producing 156 keys and 369 values 
2023-04-10 17:22:18,730 [Listener at 127.0.0.1/35635] INFO  statemachine.DatanodeStateMachine (DatanodeStateMachine.java:getEndPointTaskThreadPoolSize(260)) - Datanode State Machine Task Thread Pool size 2
2023-04-10 17:22:18,736 [Listener at 127.0.0.1/35635] INFO  volume.HddsVolume (HddsVolume.java:<init>(130)) - Creating HddsVolume: /home/runner/work/ozone/ozone/hadoop-ozone/integration-test/target/test-dir/MiniOzoneClusterImpl-bd692c78-fb3a-4866-9e85-e2f4bd0dbf58/datanode-4/data-0/containers/hdds of storage type : DISK capacity : 9223372036854775807
2023-04-10 17:22:18,736 [Listener at 127.0.0.1/35635] INFO  volume.MutableVolumeSet (MutableVolumeSet.java:initializeVolumeSet(175)) - Added Volume : /home/runner/work/ozone/ozone/hadoop-ozone/integration-test/target/test-dir/MiniOzoneClusterImpl-bd692c78-fb3a-4866-9e85-e2f4bd0dbf58/datanode-4/data-0/containers/hdds to VolumeSet
2023-04-10 17:22:18,737 [Listener at 127.0.0.1/35635] INFO  volume.ThrottledAsyncChecker (ThrottledAsyncChecker.java:schedule(141)) - Scheduling a check for /home/runner/work/ozone/ozone/hadoop-ozone/integration-test/target/test-dir/MiniOzoneClusterImpl-bd692c78-fb3a-4866-9e85-e2f4bd0dbf58/datanode-4/data-0/containers/hdds
2023-04-10 17:22:18,743 [Listener at 127.0.0.1/35635] INFO  volume.StorageVolumeChecker (StorageVolumeChecker.java:checkAllVolumes(202)) - Scheduled health check for volume /home/runner/work/ozone/ozone/hadoop-ozone/integration-test/target/test-dir/MiniOzoneClusterImpl-bd692c78-fb3a-4866-9e85-e2f4bd0dbf58/datanode-4/data-0/containers/hdds
2023-04-10 17:22:18,754 [Listener at 127.0.0.1/35635] INFO  volume.MutableVolumeSet (MutableVolumeSet.java:initializeVolumeSet(175)) - Added Volume : /home/runner/work/ozone/ozone/hadoop-ozone/integration-test/target/test-dir/MiniOzoneClusterImpl-bd692c78-fb3a-4866-9e85-e2f4bd0dbf58/datanode-4/data/ratis to VolumeSet
2023-04-10 17:22:18,754 [Listener at 127.0.0.1/35635] INFO  volume.ThrottledAsyncChecker (ThrottledAsyncChecker.java:schedule(141)) - Scheduling a check for /home/runner/work/ozone/ozone/hadoop-ozone/integration-test/target/test-dir/MiniOzoneClusterImpl-bd692c78-fb3a-4866-9e85-e2f4bd0dbf58/datanode-4/data/ratis
2023-04-10 17:22:18,754 [Listener at 127.0.0.1/35635] INFO  volume.StorageVolumeChecker (StorageVolumeChecker.java:checkAllVolumes(202)) - Scheduled health check for volume /home/runner/work/ozone/ozone/hadoop-ozone/integration-test/target/test-dir/MiniOzoneClusterImpl-bd692c78-fb3a-4866-9e85-e2f4bd0dbf58/datanode-4/data/ratis
2023-04-10 17:22:18,764 [Thread-195] INFO  ozoneimpl.ContainerReader (ContainerReader.java:readVolume(175)) - Finish verifying containers on volume /home/runner/work/ozone/ozone/hadoop-ozone/integration-test/target/test-dir/MiniOzoneClusterImpl-bd692c78-fb3a-4866-9e85-e2f4bd0dbf58/datanode-4/data-0/containers/hdds
2023-04-10 17:22:18,764 [Listener at 127.0.0.1/35635] INFO  ozoneimpl.OzoneContainer (OzoneContainer.java:buildContainerSet(303)) - Build ContainerSet costs 0s
2023-04-10 17:22:18,767 [Listener at 127.0.0.1/35635] INFO  server.RaftServer (ConfUtils.java:logGet(46)) - raft.rpc.type = GRPC (default)
2023-04-10 17:22:18,768 [Listener at 127.0.0.1/35635] INFO  grpc.GrpcConfigKeys (ConfUtils.java:logFallback(53)) - raft.grpc.admin.host = null (fallback to raft.grpc.server.host)
2023-04-10 17:22:18,768 [Listener at 127.0.0.1/35635] INFO  grpc.GrpcConfigKeys (ConfUtils.java:logGet(46)) - raft.grpc.admin.port = 0 (custom)
2023-04-10 17:22:18,768 [Listener at 127.0.0.1/35635] INFO  grpc.GrpcConfigKeys (ConfUtils.java:logFallback(53)) - raft.grpc.client.host = null (fallback to raft.grpc.server.host)
2023-04-10 17:22:18,768 [Listener at 127.0.0.1/35635] INFO  grpc.GrpcConfigKeys (ConfUtils.java:logGet(46)) - raft.grpc.client.port = 0 (custom)
2023-04-10 17:22:18,768 [Listener at 127.0.0.1/35635] INFO  grpc.GrpcConfigKeys (ConfUtils.java:logGet(46)) - raft.grpc.server.host = null (default)
2023-04-10 17:22:18,768 [Listener at 127.0.0.1/35635] INFO  grpc.GrpcConfigKeys (ConfUtils.java:logGet(46)) - raft.grpc.server.port = 0 (default)
2023-04-10 17:22:18,768 [Listener at 127.0.0.1/35635] INFO  server.GrpcService (ConfUtils.java:logGet(46)) - raft.grpc.message.size.max = 32MB (=33554432) (custom)
2023-04-10 17:22:18,768 [Listener at 127.0.0.1/35635] INFO  server.RaftServerConfigKeys (ConfUtils.java:logGet(46)) - raft.server.log.appender.buffer.byte-limit = 33554432 (custom)
2023-04-10 17:22:18,769 [Listener at 127.0.0.1/35635] INFO  server.GrpcService (ConfUtils.java:logGet(46)) - raft.grpc.flow.control.window = 5MB (=5242880) (custom)
2023-04-10 17:22:18,769 [Listener at 127.0.0.1/35635] INFO  server.RaftServerConfigKeys (ConfUtils.java:logGet(46)) - raft.server.rpc.request.timeout = 3000ms (default)
2023-04-10 17:22:18,769 [Listener at 127.0.0.1/35635] INFO  grpc.GrpcConfigKeys (ConfUtils.java:logGet(46)) - raft.grpc.server.heartbeat.channel = true (default)
2023-04-10 17:22:18,769 [Listener at 127.0.0.1/35635] INFO  grpc.GrpcConfigKeys (ConfUtils.java:logGet(46)) - raft.grpc.server.async.request.thread.pool.cached = true (default)
2023-04-10 17:22:18,769 [Listener at 127.0.0.1/35635] INFO  grpc.GrpcConfigKeys (ConfUtils.java:logGet(46)) - raft.grpc.server.async.request.thread.pool.size = 32 (default)
2023-04-10 17:22:18,770 [Listener at 127.0.0.1/35635] INFO  impl.DataStreamServerImpl (ConfUtils.java:logGet(46)) - raft.datastream.type = NETTY (custom)
2023-04-10 17:22:18,770 [Listener at 127.0.0.1/35635] INFO  server.RaftServerConfigKeys (ConfUtils.java:logGet(46)) - raft.server.data-stream.async.request.thread.pool.cached = false (default)
2023-04-10 17:22:18,771 [Listener at 127.0.0.1/35635] INFO  server.RaftServerConfigKeys (ConfUtils.java:logGet(46)) - raft.server.data-stream.async.request.thread.pool.size = 20 (custom)
2023-04-10 17:22:18,771 [Listener at 127.0.0.1/35635] INFO  server.RaftServerConfigKeys (ConfUtils.java:logGet(46)) - raft.server.data-stream.async.write.thread.pool.size = 16 (default)
2023-04-10 17:22:18,771 [Listener at 127.0.0.1/35635] INFO  server.RaftServerConfigKeys (ConfUtils.java:logGet(46)) - raft.server.data-stream.client.pool.size = 10 (default)
2023-04-10 17:22:18,771 [Listener at 127.0.0.1/35635] INFO  netty.NettyConfigKeys$DataStream (ConfUtils.java:logGet(46)) - raft.netty.dataStream.server.use-epoll = false (default)
2023-04-10 17:22:18,771 [Listener at 127.0.0.1/35635] INFO  netty.NettyConfigKeys$DataStream (ConfUtils.java:logGet(46)) - raft.netty.dataStream.server.boss-group.size = 0 (default)
2023-04-10 17:22:18,772 [Listener at 127.0.0.1/35635] INFO  netty.NettyConfigKeys$DataStream (ConfUtils.java:logGet(46)) - raft.netty.dataStream.server.worker-group.size = 0 (default)
2023-04-10 17:22:18,772 [Listener at 127.0.0.1/35635] INFO  netty.NettyConfigKeys$DataStream (ConfUtils.java:logGet(46)) - raft.netty.dataStream.server.tls.conf = null (default)
2023-04-10 17:22:18,772 [Listener at 127.0.0.1/35635] INFO  netty.NettyConfigKeys$DataStream (ConfUtils.java:logGet(46)) - raft.netty.dataStream.host = null (default)
2023-04-10 17:22:18,772 [Listener at 127.0.0.1/35635] INFO  netty.NettyConfigKeys$DataStream (ConfUtils.java:logGet(46)) - raft.netty.dataStream.port = 0 (default)
2023-04-10 17:22:18,773 [Listener at 127.0.0.1/35635] INFO  server.RaftServerConfigKeys (ConfUtils.java:logGet(46)) - raft.server.threadpool.proxy.cached = true (default)
2023-04-10 17:22:18,773 [Listener at 127.0.0.1/35635] INFO  server.RaftServerConfigKeys (ConfUtils.java:logGet(46)) - raft.server.threadpool.proxy.size = 0 (default)
2023-04-10 17:22:18,773 [Listener at 127.0.0.1/35635] INFO  server.RaftServerConfigKeys (ConfUtils.java:logGet(46)) - raft.server.rpc.slowness.timeout = 300000ms (custom)
2023-04-10 17:22:18,773 [Listener at 127.0.0.1/35635] INFO  server.RaftServerConfigKeys (ConfUtils.java:logGet(46)) - raft.server.leaderelection.leader.step-down.wait-time = 10s (default)
2023-04-10 17:22:18,773 [Listener at 127.0.0.1/35635] INFO  server.RaftServerConfigKeys (ConfUtils.java:logGet(46)) - raft.server.storage.dir = [/home/runner/work/ozone/ozone/hadoop-ozone/integration-test/target/test-dir/MiniOzoneClusterImpl-bd692c78-fb3a-4866-9e85-e2f4bd0dbf58/datanode-4/data/ratis] (custom)
2023-04-10 17:22:18,779 [c97d6447-1a4d-4694-905e-ecb7e619760c-NettyServerStreamRpc-bossGroup--thread1] INFO  logging.LoggingHandler (AbstractInternalLogger.java:log(148)) - [id: 0xf0408a17] REGISTERED
2023-04-10 17:22:18,780 [c97d6447-1a4d-4694-905e-ecb7e619760c-NettyServerStreamRpc-bossGroup--thread1] INFO  logging.LoggingHandler (AbstractInternalLogger.java:log(148)) - [id: 0xf0408a17] BIND: 0.0.0.0/0.0.0.0:0
2023-04-10 17:22:18,780 [c97d6447-1a4d-4694-905e-ecb7e619760c-NettyServerStreamRpc-bossGroup--thread1] INFO  logging.LoggingHandler (AbstractInternalLogger.java:log(148)) - [id: 0xf0408a17, L:/0:0:0:0:0:0:0:0:44001] ACTIVE
2023-04-10 17:22:18,780 [Listener at 127.0.0.1/35635] INFO  server.XceiverServerGrpc (XceiverServerGrpc.java:<init>(132)) - GrpcServer channel type EpollServerSocketChannel
2023-04-10 17:22:18,784 [Listener at 127.0.0.1/35635] INFO  http.BaseHttpServer (BaseHttpServer.java:newHttpServer2BuilderForOzone(224)) - Starting Web-server for hddsDatanode at: http://0.0.0.0:0
2023-04-10 17:22:18,784 [Listener at 127.0.0.1/35635] INFO  http.BaseHttpServer (BaseHttpServer.java:<init>(111)) - Hadoop Security Enabled: false Ozone Security Enabled: false Ozone HTTP Security Enabled: false 
2023-04-10 17:22:18,785 [Listener at 127.0.0.1/35635] WARN  server.AuthenticationFilter (AuthenticationFilter.java:constructSecretProvider(240)) - Unable to initialize FileSignerSecretProvider, falling back to use random secrets. Reason: Could not read signature secret file: /home/runner/hadoop-http-auth-signature-secret
2023-04-10 17:22:18,786 [Listener at 127.0.0.1/35635] WARN  http.HttpRequestLog (HttpRequestLog.java:getRequestLog(103)) - Jetty request log can only be enabled using Log4j
2023-04-10 17:22:18,787 [Listener at 127.0.0.1/35635] INFO  http.HttpServer2 (HttpServer2.java:addGlobalFilter(1031)) - Added global filter 'safety' (class=org.apache.hadoop.hdds.server.http.HttpServer2$QuotingInputFilter)
2023-04-10 17:22:18,788 [Listener at 127.0.0.1/35635] INFO  http.HttpServer2 (HttpServer2.java:addFilter(1007)) - Added filter static_user_filter (class=org.apache.hadoop.http.lib.StaticUserWebFilter$StaticUserFilter) to context hddsDatanode
2023-04-10 17:22:18,788 [Listener at 127.0.0.1/35635] INFO  http.HttpServer2 (HttpServer2.java:addFilter(1015)) - Added filter static_user_filter (class=org.apache.hadoop.http.lib.StaticUserWebFilter$StaticUserFilter) to context static
2023-04-10 17:22:18,789 [Listener at 127.0.0.1/35635] INFO  http.HttpServer2 (HttpServer2.java:addFilter(1015)) - Added filter static_user_filter (class=org.apache.hadoop.http.lib.StaticUserWebFilter$StaticUserFilter) to context logs
2023-04-10 17:22:18,789 [Listener at 127.0.0.1/35635] INFO  http.BaseHttpServer (BaseHttpServer.java:<init>(190)) - HTTP server of hddsDatanode uses base directory /home/runner/work/ozone/ozone/hadoop-ozone/integration-test/target/test-dir/MiniOzoneClusterImpl-bd692c78-fb3a-4866-9e85-e2f4bd0dbf58/datanode-4/meta/webserver
2023-04-10 17:22:18,789 [Listener at 127.0.0.1/35635] INFO  http.HttpServer2 (HttpServer2.java:bindListener(1250)) - Jetty bound to port 36329
2023-04-10 17:22:18,790 [Listener at 127.0.0.1/35635] INFO  server.Server (Server.java:doStart(375)) - jetty-9.4.49.v20220914; built: 2022-09-14T01:07:36.601Z; git: 4231a3b2e4cb8548a412a789936d640a97b1aa0a; jvm 1.8.0_362-b09
2023-04-10 17:22:18,791 [Listener at 127.0.0.1/35635] INFO  server.session (DefaultSessionIdManager.java:doStart(334)) - DefaultSessionIdManager workerName=node0
2023-04-10 17:22:18,791 [Listener at 127.0.0.1/35635] INFO  server.session (DefaultSessionIdManager.java:doStart(339)) - No SessionScavenger set, using defaults
2023-04-10 17:22:18,791 [Listener at 127.0.0.1/35635] INFO  server.session (HouseKeeper.java:startScavenging(132)) - node0 Scavenging every 600000ms
2023-04-10 17:22:18,792 [Listener at 127.0.0.1/35635] INFO  handler.ContextHandler (ContextHandler.java:doStart(921)) - Started o.e.j.s.ServletContextHandler@27b6b0de{logs,/logs,file:///home/runner/work/ozone/ozone/hadoop-ozone/integration-test/target/log,AVAILABLE}
2023-04-10 17:22:18,793 [Listener at 127.0.0.1/35635] INFO  handler.ContextHandler (ContextHandler.java:doStart(921)) - Started o.e.j.s.ServletContextHandler@54a32e35{static,/static,jar:file:/home/runner/.m2/repository/org/apache/ozone/hdds-container-service/1.4.0-SNAPSHOT/hdds-container-service-1.4.0-SNAPSHOT.jar!/webapps/static,AVAILABLE}
2023-04-10 17:22:18,990 [Listener at 127.0.0.1/35635] INFO  handler.ContextHandler (ContextHandler.java:doStart(921)) - Started o.e.j.w.WebAppContext@4ab8b70e{hddsDatanode,/,file:///home/runner/work/ozone/ozone/hadoop-ozone/integration-test/target/test-dir/MiniOzoneClusterImpl-bd692c78-fb3a-4866-9e85-e2f4bd0dbf58/datanode-4/meta/webserver/jetty-0_0_0_0-36329-hdds-container-service-1_4_0-SNAPSHOT_jar-_-any-2017430065625556789/webapp/,AVAILABLE}{jar:file:/home/runner/.m2/repository/org/apache/ozone/hdds-container-service/1.4.0-SNAPSHOT/hdds-container-service-1.4.0-SNAPSHOT.jar!/webapps/hddsDatanode}
2023-04-10 17:22:18,992 [Listener at 127.0.0.1/35635] INFO  server.AbstractConnector (AbstractConnector.java:doStart(333)) - Started ServerConnector@607a68fd{HTTP/1.1, (http/1.1)}{0.0.0.0:36329}
2023-04-10 17:22:18,992 [Listener at 127.0.0.1/35635] INFO  server.Server (Server.java:doStart(415)) - Started @10052ms
2023-04-10 17:22:18,992 [Listener at 127.0.0.1/35635] WARN  impl.MetricsSystemImpl (MetricsSystemImpl.java:register(279)) - Sink prometheus already exists!
2023-04-10 17:22:18,993 [Listener at 127.0.0.1/35635] INFO  http.BaseHttpServer (BaseHttpServer.java:updateConnectorAddress(344)) - HTTP server of hddsDatanode listening at http://0.0.0.0:36329
2023-04-10 17:22:18,993 [Datanode State Machine Daemon Thread] INFO  statemachine.DatanodeStateMachine (DatanodeStateMachine.java:lambda$startDaemon$0(517)) - Ozone container server started.
2023-04-10 17:22:18,997 [Listener at 127.0.0.1/35635] WARN  impl.MetricRegistriesImpl (MetricRegistriesImpl.java:addReporterRegistration(111)) - New reporters are added after registries were created. Some metrics will be missing from the reporter. Please add reporter before adding any new registry.
2023-04-10 17:22:18,997 [Listener at 127.0.0.1/35635] WARN  impl.MetricRegistriesImpl (MetricRegistriesImpl.java:addReporterRegistration(111)) - New reporters are added after registries were created. Some metrics will be missing from the reporter. Please add reporter before adding any new registry.
2023-04-10 17:22:18,997 [Listener at 127.0.0.1/35635] INFO  impl.MetricsSystemImpl (MetricsSystemImpl.java:init(158)) - HddsDatanode metrics system started (again)
2023-04-10 17:22:18,999 [org.apache.hadoop.util.JvmPauseMonitor$Monitor@67390e2c] INFO  util.JvmPauseMonitor (JvmPauseMonitor.java:run(188)) - Starting JVM pause monitor
2023-04-10 17:22:19,006 [Datanode State Machine Task Thread - 0] INFO  datanode.InitDatanodeState (InitDatanodeState.java:persistContainerDatanodeDetails(138)) - DatanodeDetails is persisted to /home/runner/work/ozone/ozone/hadoop-ozone/integration-test/target/test-dir/MiniOzoneClusterImpl-bd692c78-fb3a-4866-9e85-e2f4bd0dbf58/datanode-4/meta/datanode.id
2023-04-10 17:22:19,026 [Listener at 127.0.0.1/35635] INFO  ozone.HddsDatanodeService (HddsDatanodeService.java:start(252)) - HddsDatanodeService host:fv-az201-37 ip:10.1.0.59
2023-04-10 17:22:19,049 [Listener at 127.0.0.1/35635] INFO  upgrade.AbstractLayoutVersionManager (AbstractLayoutVersionManager.java:init(83)) - Initializing Layout version manager with metadata layout = WEBUI_PORTS_IN_DATANODEDETAILS (version = 6), software layout = WEBUI_PORTS_IN_DATANODEDETAILS (version = 6)
2023-04-10 17:22:19,098 [Listener at 127.0.0.1/35635] INFO  reflections.Reflections (Reflections.java:scan(232)) - Reflections took 48 ms to scan 7 urls, producing 156 keys and 369 values 
2023-04-10 17:22:19,100 [Listener at 127.0.0.1/35635] INFO  statemachine.DatanodeStateMachine (DatanodeStateMachine.java:getEndPointTaskThreadPoolSize(260)) - Datanode State Machine Task Thread Pool size 2
2023-04-10 17:22:19,105 [Listener at 127.0.0.1/35635] INFO  volume.HddsVolume (HddsVolume.java:<init>(130)) - Creating HddsVolume: /home/runner/work/ozone/ozone/hadoop-ozone/integration-test/target/test-dir/MiniOzoneClusterImpl-bd692c78-fb3a-4866-9e85-e2f4bd0dbf58/datanode-5/data-0/containers/hdds of storage type : DISK capacity : 9223372036854775807
2023-04-10 17:22:19,106 [Listener at 127.0.0.1/35635] INFO  volume.MutableVolumeSet (MutableVolumeSet.java:initializeVolumeSet(175)) - Added Volume : /home/runner/work/ozone/ozone/hadoop-ozone/integration-test/target/test-dir/MiniOzoneClusterImpl-bd692c78-fb3a-4866-9e85-e2f4bd0dbf58/datanode-5/data-0/containers/hdds to VolumeSet
2023-04-10 17:22:19,106 [Listener at 127.0.0.1/35635] INFO  volume.ThrottledAsyncChecker (ThrottledAsyncChecker.java:schedule(141)) - Scheduling a check for /home/runner/work/ozone/ozone/hadoop-ozone/integration-test/target/test-dir/MiniOzoneClusterImpl-bd692c78-fb3a-4866-9e85-e2f4bd0dbf58/datanode-5/data-0/containers/hdds
2023-04-10 17:22:19,109 [Listener at 127.0.0.1/35635] INFO  volume.StorageVolumeChecker (StorageVolumeChecker.java:checkAllVolumes(202)) - Scheduled health check for volume /home/runner/work/ozone/ozone/hadoop-ozone/integration-test/target/test-dir/MiniOzoneClusterImpl-bd692c78-fb3a-4866-9e85-e2f4bd0dbf58/datanode-5/data-0/containers/hdds
2023-04-10 17:22:19,122 [Listener at 127.0.0.1/35635] INFO  volume.MutableVolumeSet (MutableVolumeSet.java:initializeVolumeSet(175)) - Added Volume : /home/runner/work/ozone/ozone/hadoop-ozone/integration-test/target/test-dir/MiniOzoneClusterImpl-bd692c78-fb3a-4866-9e85-e2f4bd0dbf58/datanode-5/data/ratis to VolumeSet
2023-04-10 17:22:19,122 [Listener at 127.0.0.1/35635] INFO  volume.ThrottledAsyncChecker (ThrottledAsyncChecker.java:schedule(141)) - Scheduling a check for /home/runner/work/ozone/ozone/hadoop-ozone/integration-test/target/test-dir/MiniOzoneClusterImpl-bd692c78-fb3a-4866-9e85-e2f4bd0dbf58/datanode-5/data/ratis
2023-04-10 17:22:19,122 [Listener at 127.0.0.1/35635] INFO  volume.StorageVolumeChecker (StorageVolumeChecker.java:checkAllVolumes(202)) - Scheduled health check for volume /home/runner/work/ozone/ozone/hadoop-ozone/integration-test/target/test-dir/MiniOzoneClusterImpl-bd692c78-fb3a-4866-9e85-e2f4bd0dbf58/datanode-5/data/ratis
2023-04-10 17:22:19,134 [Thread-209] INFO  ozoneimpl.ContainerReader (ContainerReader.java:readVolume(175)) - Finish verifying containers on volume /home/runner/work/ozone/ozone/hadoop-ozone/integration-test/target/test-dir/MiniOzoneClusterImpl-bd692c78-fb3a-4866-9e85-e2f4bd0dbf58/datanode-5/data-0/containers/hdds
2023-04-10 17:22:19,134 [Listener at 127.0.0.1/35635] INFO  ozoneimpl.OzoneContainer (OzoneContainer.java:buildContainerSet(303)) - Build ContainerSet costs 0s
2023-04-10 17:22:19,137 [Listener at 127.0.0.1/35635] INFO  server.RaftServer (ConfUtils.java:logGet(46)) - raft.rpc.type = GRPC (default)
2023-04-10 17:22:19,139 [Listener at 127.0.0.1/35635] INFO  grpc.GrpcConfigKeys (ConfUtils.java:logFallback(53)) - raft.grpc.admin.host = null (fallback to raft.grpc.server.host)
2023-04-10 17:22:19,139 [Listener at 127.0.0.1/35635] INFO  grpc.GrpcConfigKeys (ConfUtils.java:logGet(46)) - raft.grpc.admin.port = 0 (custom)
2023-04-10 17:22:19,139 [Listener at 127.0.0.1/35635] INFO  grpc.GrpcConfigKeys (ConfUtils.java:logFallback(53)) - raft.grpc.client.host = null (fallback to raft.grpc.server.host)
2023-04-10 17:22:19,139 [Listener at 127.0.0.1/35635] INFO  grpc.GrpcConfigKeys (ConfUtils.java:logGet(46)) - raft.grpc.client.port = 0 (custom)
2023-04-10 17:22:19,140 [Listener at 127.0.0.1/35635] INFO  grpc.GrpcConfigKeys (ConfUtils.java:logGet(46)) - raft.grpc.server.host = null (default)
2023-04-10 17:22:19,140 [Listener at 127.0.0.1/35635] INFO  grpc.GrpcConfigKeys (ConfUtils.java:logGet(46)) - raft.grpc.server.port = 0 (default)
2023-04-10 17:22:19,140 [Listener at 127.0.0.1/35635] INFO  server.GrpcService (ConfUtils.java:logGet(46)) - raft.grpc.message.size.max = 32MB (=33554432) (custom)
2023-04-10 17:22:19,140 [Listener at 127.0.0.1/35635] INFO  server.RaftServerConfigKeys (ConfUtils.java:logGet(46)) - raft.server.log.appender.buffer.byte-limit = 33554432 (custom)
2023-04-10 17:22:19,140 [Listener at 127.0.0.1/35635] INFO  server.GrpcService (ConfUtils.java:logGet(46)) - raft.grpc.flow.control.window = 5MB (=5242880) (custom)
2023-04-10 17:22:19,140 [Listener at 127.0.0.1/35635] INFO  server.RaftServerConfigKeys (ConfUtils.java:logGet(46)) - raft.server.rpc.request.timeout = 3000ms (default)
2023-04-10 17:22:19,140 [Listener at 127.0.0.1/35635] INFO  grpc.GrpcConfigKeys (ConfUtils.java:logGet(46)) - raft.grpc.server.heartbeat.channel = true (default)
2023-04-10 17:22:19,141 [Listener at 127.0.0.1/35635] INFO  grpc.GrpcConfigKeys (ConfUtils.java:logGet(46)) - raft.grpc.server.async.request.thread.pool.cached = true (default)
2023-04-10 17:22:19,142 [Listener at 127.0.0.1/35635] INFO  grpc.GrpcConfigKeys (ConfUtils.java:logGet(46)) - raft.grpc.server.async.request.thread.pool.size = 32 (default)
2023-04-10 17:22:19,143 [Listener at 127.0.0.1/35635] INFO  impl.DataStreamServerImpl (ConfUtils.java:logGet(46)) - raft.datastream.type = NETTY (custom)
2023-04-10 17:22:19,144 [Listener at 127.0.0.1/35635] INFO  server.RaftServerConfigKeys (ConfUtils.java:logGet(46)) - raft.server.data-stream.async.request.thread.pool.cached = false (default)
2023-04-10 17:22:19,144 [Listener at 127.0.0.1/35635] INFO  server.RaftServerConfigKeys (ConfUtils.java:logGet(46)) - raft.server.data-stream.async.request.thread.pool.size = 20 (custom)
2023-04-10 17:22:19,144 [Listener at 127.0.0.1/35635] INFO  server.RaftServerConfigKeys (ConfUtils.java:logGet(46)) - raft.server.data-stream.async.write.thread.pool.size = 16 (default)
2023-04-10 17:22:19,144 [Listener at 127.0.0.1/35635] INFO  server.RaftServerConfigKeys (ConfUtils.java:logGet(46)) - raft.server.data-stream.client.pool.size = 10 (default)
2023-04-10 17:22:19,144 [Listener at 127.0.0.1/35635] INFO  netty.NettyConfigKeys$DataStream (ConfUtils.java:logGet(46)) - raft.netty.dataStream.server.use-epoll = false (default)
2023-04-10 17:22:19,145 [Listener at 127.0.0.1/35635] INFO  netty.NettyConfigKeys$DataStream (ConfUtils.java:logGet(46)) - raft.netty.dataStream.server.boss-group.size = 0 (default)
2023-04-10 17:22:19,145 [Listener at 127.0.0.1/35635] INFO  netty.NettyConfigKeys$DataStream (ConfUtils.java:logGet(46)) - raft.netty.dataStream.server.worker-group.size = 0 (default)
2023-04-10 17:22:19,145 [Listener at 127.0.0.1/35635] INFO  netty.NettyConfigKeys$DataStream (ConfUtils.java:logGet(46)) - raft.netty.dataStream.server.tls.conf = null (default)
2023-04-10 17:22:19,145 [Listener at 127.0.0.1/35635] INFO  netty.NettyConfigKeys$DataStream (ConfUtils.java:logGet(46)) - raft.netty.dataStream.host = null (default)
2023-04-10 17:22:19,146 [Listener at 127.0.0.1/35635] INFO  netty.NettyConfigKeys$DataStream (ConfUtils.java:logGet(46)) - raft.netty.dataStream.port = 0 (default)
2023-04-10 17:22:19,146 [Listener at 127.0.0.1/35635] INFO  server.RaftServerConfigKeys (ConfUtils.java:logGet(46)) - raft.server.threadpool.proxy.cached = true (default)
2023-04-10 17:22:19,146 [Listener at 127.0.0.1/35635] INFO  server.RaftServerConfigKeys (ConfUtils.java:logGet(46)) - raft.server.threadpool.proxy.size = 0 (default)
2023-04-10 17:22:19,146 [Listener at 127.0.0.1/35635] INFO  server.RaftServerConfigKeys (ConfUtils.java:logGet(46)) - raft.server.rpc.slowness.timeout = 300000ms (custom)
2023-04-10 17:22:19,147 [Listener at 127.0.0.1/35635] INFO  server.RaftServerConfigKeys (ConfUtils.java:logGet(46)) - raft.server.leaderelection.leader.step-down.wait-time = 10s (default)
2023-04-10 17:22:19,147 [Listener at 127.0.0.1/35635] INFO  server.RaftServerConfigKeys (ConfUtils.java:logGet(46)) - raft.server.storage.dir = [/home/runner/work/ozone/ozone/hadoop-ozone/integration-test/target/test-dir/MiniOzoneClusterImpl-bd692c78-fb3a-4866-9e85-e2f4bd0dbf58/datanode-5/data/ratis] (custom)
2023-04-10 17:22:19,152 [a57f48d7-536d-4afe-bf9f-8dd3ac661106-NettyServerStreamRpc-bossGroup--thread1] INFO  logging.LoggingHandler (AbstractInternalLogger.java:log(148)) - [id: 0x15530962] REGISTERED
2023-04-10 17:22:19,152 [a57f48d7-536d-4afe-bf9f-8dd3ac661106-NettyServerStreamRpc-bossGroup--thread1] INFO  logging.LoggingHandler (AbstractInternalLogger.java:log(148)) - [id: 0x15530962] BIND: 0.0.0.0/0.0.0.0:0
2023-04-10 17:22:19,152 [a57f48d7-536d-4afe-bf9f-8dd3ac661106-NettyServerStreamRpc-bossGroup--thread1] INFO  logging.LoggingHandler (AbstractInternalLogger.java:log(148)) - [id: 0x15530962, L:/0:0:0:0:0:0:0:0:36673] ACTIVE
2023-04-10 17:22:19,154 [Listener at 127.0.0.1/35635] INFO  server.XceiverServerGrpc (XceiverServerGrpc.java:<init>(132)) - GrpcServer channel type EpollServerSocketChannel
2023-04-10 17:22:19,158 [Listener at 127.0.0.1/35635] INFO  http.BaseHttpServer (BaseHttpServer.java:newHttpServer2BuilderForOzone(224)) - Starting Web-server for hddsDatanode at: http://0.0.0.0:0
2023-04-10 17:22:19,158 [Listener at 127.0.0.1/35635] INFO  http.BaseHttpServer (BaseHttpServer.java:<init>(111)) - Hadoop Security Enabled: false Ozone Security Enabled: false Ozone HTTP Security Enabled: false 
2023-04-10 17:22:19,160 [Listener at 127.0.0.1/35635] WARN  server.AuthenticationFilter (AuthenticationFilter.java:constructSecretProvider(240)) - Unable to initialize FileSignerSecretProvider, falling back to use random secrets. Reason: Could not read signature secret file: /home/runner/hadoop-http-auth-signature-secret
2023-04-10 17:22:19,160 [Listener at 127.0.0.1/35635] WARN  http.HttpRequestLog (HttpRequestLog.java:getRequestLog(103)) - Jetty request log can only be enabled using Log4j
2023-04-10 17:22:19,162 [Listener at 127.0.0.1/35635] INFO  http.HttpServer2 (HttpServer2.java:addGlobalFilter(1031)) - Added global filter 'safety' (class=org.apache.hadoop.hdds.server.http.HttpServer2$QuotingInputFilter)
2023-04-10 17:22:19,162 [Listener at 127.0.0.1/35635] INFO  http.HttpServer2 (HttpServer2.java:addFilter(1007)) - Added filter static_user_filter (class=org.apache.hadoop.http.lib.StaticUserWebFilter$StaticUserFilter) to context hddsDatanode
2023-04-10 17:22:19,163 [Listener at 127.0.0.1/35635] INFO  http.HttpServer2 (HttpServer2.java:addFilter(1015)) - Added filter static_user_filter (class=org.apache.hadoop.http.lib.StaticUserWebFilter$StaticUserFilter) to context logs
2023-04-10 17:22:19,163 [Listener at 127.0.0.1/35635] INFO  http.HttpServer2 (HttpServer2.java:addFilter(1015)) - Added filter static_user_filter (class=org.apache.hadoop.http.lib.StaticUserWebFilter$StaticUserFilter) to context static
2023-04-10 17:22:19,163 [Listener at 127.0.0.1/35635] INFO  http.BaseHttpServer (BaseHttpServer.java:<init>(190)) - HTTP server of hddsDatanode uses base directory /home/runner/work/ozone/ozone/hadoop-ozone/integration-test/target/test-dir/MiniOzoneClusterImpl-bd692c78-fb3a-4866-9e85-e2f4bd0dbf58/datanode-5/meta/webserver
2023-04-10 17:22:19,163 [Listener at 127.0.0.1/35635] INFO  http.HttpServer2 (HttpServer2.java:bindListener(1250)) - Jetty bound to port 33513
2023-04-10 17:22:19,164 [Listener at 127.0.0.1/35635] INFO  server.Server (Server.java:doStart(375)) - jetty-9.4.49.v20220914; built: 2022-09-14T01:07:36.601Z; git: 4231a3b2e4cb8548a412a789936d640a97b1aa0a; jvm 1.8.0_362-b09
2023-04-10 17:22:19,170 [Listener at 127.0.0.1/35635] INFO  server.session (DefaultSessionIdManager.java:doStart(334)) - DefaultSessionIdManager workerName=node0
2023-04-10 17:22:19,170 [Listener at 127.0.0.1/35635] INFO  server.session (DefaultSessionIdManager.java:doStart(339)) - No SessionScavenger set, using defaults
2023-04-10 17:22:19,170 [Listener at 127.0.0.1/35635] INFO  server.session (HouseKeeper.java:startScavenging(132)) - node0 Scavenging every 660000ms
2023-04-10 17:22:19,171 [Listener at 127.0.0.1/35635] INFO  handler.ContextHandler (ContextHandler.java:doStart(921)) - Started o.e.j.s.ServletContextHandler@65ddebac{logs,/logs,file:///home/runner/work/ozone/ozone/hadoop-ozone/integration-test/target/log,AVAILABLE}
2023-04-10 17:22:19,172 [Listener at 127.0.0.1/35635] INFO  handler.ContextHandler (ContextHandler.java:doStart(921)) - Started o.e.j.s.ServletContextHandler@59edc1e7{static,/static,jar:file:/home/runner/.m2/repository/org/apache/ozone/hdds-container-service/1.4.0-SNAPSHOT/hdds-container-service-1.4.0-SNAPSHOT.jar!/webapps/static,AVAILABLE}
2023-04-10 17:22:19,365 [EndpointStateMachine task thread for /0.0.0.0:44281 - 0 ] INFO  utils.DatanodeStoreCache (DatanodeStoreCache.java:addDB(58)) - Added db /home/runner/work/ozone/ozone/hadoop-ozone/integration-test/target/test-dir/MiniOzoneClusterImpl-bd692c78-fb3a-4866-9e85-e2f4bd0dbf58/datanode-0/data-0/containers/hdds/bd692c78-fb3a-4866-9e85-e2f4bd0dbf58/DS-8d68f9d8-7de2-4620-9680-9c1a752750ab/container.db to cache
2023-04-10 17:22:19,365 [EndpointStateMachine task thread for /0.0.0.0:44281 - 0 ] INFO  volume.HddsVolume (HddsVolume.java:createDbStore(350)) - SchemaV3 db is created and loaded at /home/runner/work/ozone/ozone/hadoop-ozone/integration-test/target/test-dir/MiniOzoneClusterImpl-bd692c78-fb3a-4866-9e85-e2f4bd0dbf58/datanode-0/data-0/containers/hdds/bd692c78-fb3a-4866-9e85-e2f4bd0dbf58/DS-8d68f9d8-7de2-4620-9680-9c1a752750ab/container.db for volume DS-8d68f9d8-7de2-4620-9680-9c1a752750ab
2023-04-10 17:22:19,370 [EndpointStateMachine task thread for /0.0.0.0:44281 - 0 ] INFO  ozoneimpl.OzoneContainer (OzoneContainer.java:start(397)) - Attempting to start container services.
2023-04-10 17:22:19,374 [EndpointStateMachine task thread for /0.0.0.0:44281 - 0 ] INFO  ozoneimpl.OzoneContainer (OzoneContainer.java:startContainerScrub(314)) - Scheduled background container scanners and the on-demand container scanner have been disabled.
2023-04-10 17:22:19,376 [EndpointStateMachine task thread for /0.0.0.0:44281 - 0 ] INFO  replication.ReplicationServer (ReplicationServer.java:start(109)) - ReplicationServer is started using port 43187
2023-04-10 17:22:19,376 [EndpointStateMachine task thread for /0.0.0.0:44281 - 0 ] INFO  ratis.XceiverServerRatis (XceiverServerRatis.java:start(517)) - Starting XceiverServerRatis cd4ac3e2-47ba-443c-8aa0-40ab251a0f4e
2023-04-10 17:22:19,377 [EndpointStateMachine task thread for /0.0.0.0:44281 - 0 ] INFO  server.RaftServer (RaftServerProxy.java:startImpl(393)) - cd4ac3e2-47ba-443c-8aa0-40ab251a0f4e: start RPC server
2023-04-10 17:22:19,381 [EndpointStateMachine task thread for /0.0.0.0:44281 - 0 ] INFO  server.GrpcService (GrpcService.java:startImpl(262)) - cd4ac3e2-47ba-443c-8aa0-40ab251a0f4e: GrpcService started, listening on 42823
2023-04-10 17:22:19,381 [EndpointStateMachine task thread for /0.0.0.0:44281 - 0 ] INFO  ratis.XceiverServerRatis (XceiverServerRatis.java:getRealPort(543)) - XceiverServerRatis cd4ac3e2-47ba-443c-8aa0-40ab251a0f4e is started using port 42823 for RATIS
2023-04-10 17:22:19,381 [JvmPauseMonitor1] INFO  util.JvmPauseMonitor (JvmPauseMonitor.java:run(105)) - JvmPauseMonitor-cd4ac3e2-47ba-443c-8aa0-40ab251a0f4e: Started
2023-04-10 17:22:19,387 [EndpointStateMachine task thread for /0.0.0.0:44281 - 0 ] INFO  ratis.XceiverServerRatis (XceiverServerRatis.java:getRealPort(543)) - XceiverServerRatis cd4ac3e2-47ba-443c-8aa0-40ab251a0f4e is started using port 42823 for RATIS_ADMIN
2023-04-10 17:22:19,387 [EndpointStateMachine task thread for /0.0.0.0:44281 - 0 ] INFO  ratis.XceiverServerRatis (XceiverServerRatis.java:getRealPort(543)) - XceiverServerRatis cd4ac3e2-47ba-443c-8aa0-40ab251a0f4e is started using port 42823 for RATIS_SERVER
2023-04-10 17:22:19,387 [EndpointStateMachine task thread for /0.0.0.0:44281 - 0 ] INFO  ratis.XceiverServerRatis (XceiverServerRatis.java:getRealPort(543)) - XceiverServerRatis cd4ac3e2-47ba-443c-8aa0-40ab251a0f4e is started using port 35537 for RATIS_DATASTREAM
2023-04-10 17:22:19,391 [EndpointStateMachine task thread for /0.0.0.0:44281 - 0 ] INFO  server.XceiverServerGrpc (XceiverServerGrpc.java:start(180)) - XceiverServerGrpc cd4ac3e2-47ba-443c-8aa0-40ab251a0f4e is started using port 38037
2023-04-10 17:22:19,405 [BlockDeletingService#0] INFO  interfaces.ContainerDeletionChoosingPolicyTemplate (ContainerDeletionChoosingPolicyTemplate.java:chooseContainerForBlockDeletion(83)) - Chosen 0/5000 blocks from 0 candidate containers.
2023-04-10 17:22:19,425 [Listener at 127.0.0.1/35635] INFO  handler.ContextHandler (ContextHandler.java:doStart(921)) - Started o.e.j.w.WebAppContext@73539633{hddsDatanode,/,file:///home/runner/work/ozone/ozone/hadoop-ozone/integration-test/target/test-dir/MiniOzoneClusterImpl-bd692c78-fb3a-4866-9e85-e2f4bd0dbf58/datanode-5/meta/webserver/jetty-0_0_0_0-33513-hdds-container-service-1_4_0-SNAPSHOT_jar-_-any-7628500388310485343/webapp/,AVAILABLE}{jar:file:/home/runner/.m2/repository/org/apache/ozone/hdds-container-service/1.4.0-SNAPSHOT/hdds-container-service-1.4.0-SNAPSHOT.jar!/webapps/hddsDatanode}
2023-04-10 17:22:19,426 [Listener at 127.0.0.1/35635] INFO  server.AbstractConnector (AbstractConnector.java:doStart(333)) - Started ServerConnector@5076da27{HTTP/1.1, (http/1.1)}{0.0.0.0:33513}
2023-04-10 17:22:19,426 [Listener at 127.0.0.1/35635] INFO  server.Server (Server.java:doStart(415)) - Started @10486ms
2023-04-10 17:22:19,427 [Listener at 127.0.0.1/35635] WARN  impl.MetricsSystemImpl (MetricsSystemImpl.java:register(279)) - Sink prometheus already exists!
2023-04-10 17:22:19,427 [Listener at 127.0.0.1/35635] INFO  http.BaseHttpServer (BaseHttpServer.java:updateConnectorAddress(344)) - HTTP server of hddsDatanode listening at http://0.0.0.0:33513
2023-04-10 17:22:19,428 [Listener at 127.0.0.1/35635] WARN  impl.MetricRegistriesImpl (MetricRegistriesImpl.java:addReporterRegistration(111)) - New reporters are added after registries were created. Some metrics will be missing from the reporter. Please add reporter before adding any new registry.
2023-04-10 17:22:19,428 [Listener at 127.0.0.1/35635] WARN  impl.MetricRegistriesImpl (MetricRegistriesImpl.java:addReporterRegistration(111)) - New reporters are added after registries were created. Some metrics will be missing from the reporter. Please add reporter before adding any new registry.
2023-04-10 17:22:19,428 [Listener at 127.0.0.1/35635] INFO  impl.MetricsSystemImpl (MetricsSystemImpl.java:init(158)) - HddsDatanode metrics system started (again)
2023-04-10 17:22:19,434 [Datanode State Machine Daemon Thread] INFO  statemachine.DatanodeStateMachine (DatanodeStateMachine.java:lambda$startDaemon$0(517)) - Ozone container server started.
2023-04-10 17:22:19,502 [org.apache.hadoop.util.JvmPauseMonitor$Monitor@610886d9] INFO  util.JvmPauseMonitor (JvmPauseMonitor.java:run(188)) - Starting JVM pause monitor
2023-04-10 17:22:19,515 [Datanode State Machine Task Thread - 0] INFO  datanode.InitDatanodeState (InitDatanodeState.java:persistContainerDatanodeDetails(138)) - DatanodeDetails is persisted to /home/runner/work/ozone/ozone/hadoop-ozone/integration-test/target/test-dir/MiniOzoneClusterImpl-bd692c78-fb3a-4866-9e85-e2f4bd0dbf58/datanode-5/meta/datanode.id
2023-04-10 17:22:19,519 [Listener at 127.0.0.1/35635] INFO  ozone.HddsDatanodeService (HddsDatanodeService.java:start(252)) - HddsDatanodeService host:fv-az201-37 ip:10.1.0.59
2023-04-10 17:22:19,540 [Listener at 127.0.0.1/35635] INFO  upgrade.AbstractLayoutVersionManager (AbstractLayoutVersionManager.java:init(83)) - Initializing Layout version manager with metadata layout = WEBUI_PORTS_IN_DATANODEDETAILS (version = 6), software layout = WEBUI_PORTS_IN_DATANODEDETAILS (version = 6)
2023-04-10 17:22:19,590 [Listener at 127.0.0.1/35635] INFO  reflections.Reflections (Reflections.java:scan(232)) - Reflections took 48 ms to scan 7 urls, producing 156 keys and 369 values 
2023-04-10 17:22:19,592 [Listener at 127.0.0.1/35635] INFO  statemachine.DatanodeStateMachine (DatanodeStateMachine.java:getEndPointTaskThreadPoolSize(260)) - Datanode State Machine Task Thread Pool size 2
2023-04-10 17:22:19,594 [Listener at 127.0.0.1/35635] INFO  volume.HddsVolume (HddsVolume.java:<init>(130)) - Creating HddsVolume: /home/runner/work/ozone/ozone/hadoop-ozone/integration-test/target/test-dir/MiniOzoneClusterImpl-bd692c78-fb3a-4866-9e85-e2f4bd0dbf58/datanode-6/data-0/containers/hdds of storage type : DISK capacity : 9223372036854775807
2023-04-10 17:22:19,595 [Listener at 127.0.0.1/35635] INFO  volume.MutableVolumeSet (MutableVolumeSet.java:initializeVolumeSet(175)) - Added Volume : /home/runner/work/ozone/ozone/hadoop-ozone/integration-test/target/test-dir/MiniOzoneClusterImpl-bd692c78-fb3a-4866-9e85-e2f4bd0dbf58/datanode-6/data-0/containers/hdds to VolumeSet
2023-04-10 17:22:19,595 [Listener at 127.0.0.1/35635] INFO  volume.ThrottledAsyncChecker (ThrottledAsyncChecker.java:schedule(141)) - Scheduling a check for /home/runner/work/ozone/ozone/hadoop-ozone/integration-test/target/test-dir/MiniOzoneClusterImpl-bd692c78-fb3a-4866-9e85-e2f4bd0dbf58/datanode-6/data-0/containers/hdds
2023-04-10 17:22:19,596 [Listener at 127.0.0.1/35635] INFO  volume.StorageVolumeChecker (StorageVolumeChecker.java:checkAllVolumes(202)) - Scheduled health check for volume /home/runner/work/ozone/ozone/hadoop-ozone/integration-test/target/test-dir/MiniOzoneClusterImpl-bd692c78-fb3a-4866-9e85-e2f4bd0dbf58/datanode-6/data-0/containers/hdds
2023-04-10 17:22:19,611 [Listener at 127.0.0.1/35635] INFO  volume.MutableVolumeSet (MutableVolumeSet.java:initializeVolumeSet(175)) - Added Volume : /home/runner/work/ozone/ozone/hadoop-ozone/integration-test/target/test-dir/MiniOzoneClusterImpl-bd692c78-fb3a-4866-9e85-e2f4bd0dbf58/datanode-6/data/ratis to VolumeSet
2023-04-10 17:22:19,611 [Listener at 127.0.0.1/35635] INFO  volume.ThrottledAsyncChecker (ThrottledAsyncChecker.java:schedule(141)) - Scheduling a check for /home/runner/work/ozone/ozone/hadoop-ozone/integration-test/target/test-dir/MiniOzoneClusterImpl-bd692c78-fb3a-4866-9e85-e2f4bd0dbf58/datanode-6/data/ratis
2023-04-10 17:22:19,611 [Listener at 127.0.0.1/35635] INFO  volume.StorageVolumeChecker (StorageVolumeChecker.java:checkAllVolumes(202)) - Scheduled health check for volume /home/runner/work/ozone/ozone/hadoop-ozone/integration-test/target/test-dir/MiniOzoneClusterImpl-bd692c78-fb3a-4866-9e85-e2f4bd0dbf58/datanode-6/data/ratis
2023-04-10 17:22:19,625 [Thread-229] INFO  ozoneimpl.ContainerReader (ContainerReader.java:readVolume(175)) - Finish verifying containers on volume /home/runner/work/ozone/ozone/hadoop-ozone/integration-test/target/test-dir/MiniOzoneClusterImpl-bd692c78-fb3a-4866-9e85-e2f4bd0dbf58/datanode-6/data-0/containers/hdds
2023-04-10 17:22:19,626 [Listener at 127.0.0.1/35635] INFO  ozoneimpl.OzoneContainer (OzoneContainer.java:buildContainerSet(303)) - Build ContainerSet costs 0s
2023-04-10 17:22:19,629 [Listener at 127.0.0.1/35635] INFO  server.RaftServer (ConfUtils.java:logGet(46)) - raft.rpc.type = GRPC (default)
2023-04-10 17:22:19,629 [Listener at 127.0.0.1/35635] INFO  grpc.GrpcConfigKeys (ConfUtils.java:logFallback(53)) - raft.grpc.admin.host = null (fallback to raft.grpc.server.host)
2023-04-10 17:22:19,629 [Listener at 127.0.0.1/35635] INFO  grpc.GrpcConfigKeys (ConfUtils.java:logGet(46)) - raft.grpc.admin.port = 0 (custom)
2023-04-10 17:22:19,629 [Listener at 127.0.0.1/35635] INFO  grpc.GrpcConfigKeys (ConfUtils.java:logFallback(53)) - raft.grpc.client.host = null (fallback to raft.grpc.server.host)
2023-04-10 17:22:19,629 [Listener at 127.0.0.1/35635] INFO  grpc.GrpcConfigKeys (ConfUtils.java:logGet(46)) - raft.grpc.client.port = 0 (custom)
2023-04-10 17:22:19,630 [Listener at 127.0.0.1/35635] INFO  grpc.GrpcConfigKeys (ConfUtils.java:logGet(46)) - raft.grpc.server.host = null (default)
2023-04-10 17:22:19,630 [Listener at 127.0.0.1/35635] INFO  grpc.GrpcConfigKeys (ConfUtils.java:logGet(46)) - raft.grpc.server.port = 0 (default)
2023-04-10 17:22:19,630 [Listener at 127.0.0.1/35635] INFO  server.GrpcService (ConfUtils.java:logGet(46)) - raft.grpc.message.size.max = 32MB (=33554432) (custom)
2023-04-10 17:22:19,630 [Listener at 127.0.0.1/35635] INFO  server.RaftServerConfigKeys (ConfUtils.java:logGet(46)) - raft.server.log.appender.buffer.byte-limit = 33554432 (custom)
2023-04-10 17:22:19,630 [Listener at 127.0.0.1/35635] INFO  server.GrpcService (ConfUtils.java:logGet(46)) - raft.grpc.flow.control.window = 5MB (=5242880) (custom)
2023-04-10 17:22:19,630 [Listener at 127.0.0.1/35635] INFO  server.RaftServerConfigKeys (ConfUtils.java:logGet(46)) - raft.server.rpc.request.timeout = 3000ms (default)
2023-04-10 17:22:19,630 [Listener at 127.0.0.1/35635] INFO  grpc.GrpcConfigKeys (ConfUtils.java:logGet(46)) - raft.grpc.server.heartbeat.channel = true (default)
2023-04-10 17:22:19,631 [Listener at 127.0.0.1/35635] INFO  grpc.GrpcConfigKeys (ConfUtils.java:logGet(46)) - raft.grpc.server.async.request.thread.pool.cached = true (default)
2023-04-10 17:22:19,631 [Listener at 127.0.0.1/35635] INFO  grpc.GrpcConfigKeys (ConfUtils.java:logGet(46)) - raft.grpc.server.async.request.thread.pool.size = 32 (default)
2023-04-10 17:22:19,632 [Listener at 127.0.0.1/35635] INFO  impl.DataStreamServerImpl (ConfUtils.java:logGet(46)) - raft.datastream.type = NETTY (custom)
2023-04-10 17:22:19,632 [Listener at 127.0.0.1/35635] INFO  server.RaftServerConfigKeys (ConfUtils.java:logGet(46)) - raft.server.data-stream.async.request.thread.pool.cached = false (default)
2023-04-10 17:22:19,633 [Listener at 127.0.0.1/35635] INFO  server.RaftServerConfigKeys (ConfUtils.java:logGet(46)) - raft.server.data-stream.async.request.thread.pool.size = 20 (custom)
2023-04-10 17:22:19,633 [Listener at 127.0.0.1/35635] INFO  server.RaftServerConfigKeys (ConfUtils.java:logGet(46)) - raft.server.data-stream.async.write.thread.pool.size = 16 (default)
2023-04-10 17:22:19,633 [Listener at 127.0.0.1/35635] INFO  server.RaftServerConfigKeys (ConfUtils.java:logGet(46)) - raft.server.data-stream.client.pool.size = 10 (default)
2023-04-10 17:22:19,633 [Listener at 127.0.0.1/35635] INFO  netty.NettyConfigKeys$DataStream (ConfUtils.java:logGet(46)) - raft.netty.dataStream.server.use-epoll = false (default)
2023-04-10 17:22:19,633 [Listener at 127.0.0.1/35635] INFO  netty.NettyConfigKeys$DataStream (ConfUtils.java:logGet(46)) - raft.netty.dataStream.server.boss-group.size = 0 (default)
2023-04-10 17:22:19,634 [Listener at 127.0.0.1/35635] INFO  netty.NettyConfigKeys$DataStream (ConfUtils.java:logGet(46)) - raft.netty.dataStream.server.worker-group.size = 0 (default)
2023-04-10 17:22:19,634 [Listener at 127.0.0.1/35635] INFO  netty.NettyConfigKeys$DataStream (ConfUtils.java:logGet(46)) - raft.netty.dataStream.server.tls.conf = null (default)
2023-04-10 17:22:19,634 [Listener at 127.0.0.1/35635] INFO  netty.NettyConfigKeys$DataStream (ConfUtils.java:logGet(46)) - raft.netty.dataStream.host = null (default)
2023-04-10 17:22:19,634 [Listener at 127.0.0.1/35635] INFO  netty.NettyConfigKeys$DataStream (ConfUtils.java:logGet(46)) - raft.netty.dataStream.port = 0 (default)
2023-04-10 17:22:19,635 [Listener at 127.0.0.1/35635] INFO  server.RaftServerConfigKeys (ConfUtils.java:logGet(46)) - raft.server.threadpool.proxy.cached = true (default)
2023-04-10 17:22:19,635 [Listener at 127.0.0.1/35635] INFO  server.RaftServerConfigKeys (ConfUtils.java:logGet(46)) - raft.server.threadpool.proxy.size = 0 (default)
2023-04-10 17:22:19,635 [Listener at 127.0.0.1/35635] INFO  server.RaftServerConfigKeys (ConfUtils.java:logGet(46)) - raft.server.rpc.slowness.timeout = 300000ms (custom)
2023-04-10 17:22:19,635 [Listener at 127.0.0.1/35635] INFO  server.RaftServerConfigKeys (ConfUtils.java:logGet(46)) - raft.server.leaderelection.leader.step-down.wait-time = 10s (default)
2023-04-10 17:22:19,636 [Listener at 127.0.0.1/35635] INFO  server.RaftServerConfigKeys (ConfUtils.java:logGet(46)) - raft.server.storage.dir = [/home/runner/work/ozone/ozone/hadoop-ozone/integration-test/target/test-dir/MiniOzoneClusterImpl-bd692c78-fb3a-4866-9e85-e2f4bd0dbf58/datanode-6/data/ratis] (custom)
2023-04-10 17:22:19,639 [813669ff-bde2-4a80-a354-dd4c167663c0-NettyServerStreamRpc-bossGroup--thread1] INFO  logging.LoggingHandler (AbstractInternalLogger.java:log(148)) - [id: 0x368ed61f] REGISTERED
2023-04-10 17:22:19,640 [813669ff-bde2-4a80-a354-dd4c167663c0-NettyServerStreamRpc-bossGroup--thread1] INFO  logging.LoggingHandler (AbstractInternalLogger.java:log(148)) - [id: 0x368ed61f] BIND: 0.0.0.0/0.0.0.0:0
2023-04-10 17:22:19,640 [813669ff-bde2-4a80-a354-dd4c167663c0-NettyServerStreamRpc-bossGroup--thread1] INFO  logging.LoggingHandler (AbstractInternalLogger.java:log(148)) - [id: 0x368ed61f, L:/0:0:0:0:0:0:0:0:43049] ACTIVE
2023-04-10 17:22:19,642 [Listener at 127.0.0.1/35635] INFO  server.XceiverServerGrpc (XceiverServerGrpc.java:<init>(132)) - GrpcServer channel type EpollServerSocketChannel
2023-04-10 17:22:19,645 [Listener at 127.0.0.1/35635] INFO  http.BaseHttpServer (BaseHttpServer.java:newHttpServer2BuilderForOzone(224)) - Starting Web-server for hddsDatanode at: http://0.0.0.0:0
2023-04-10 17:22:19,646 [Listener at 127.0.0.1/35635] INFO  http.BaseHttpServer (BaseHttpServer.java:<init>(111)) - Hadoop Security Enabled: false Ozone Security Enabled: false Ozone HTTP Security Enabled: false 
2023-04-10 17:22:19,647 [Listener at 127.0.0.1/35635] WARN  server.AuthenticationFilter (AuthenticationFilter.java:constructSecretProvider(240)) - Unable to initialize FileSignerSecretProvider, falling back to use random secrets. Reason: Could not read signature secret file: /home/runner/hadoop-http-auth-signature-secret
2023-04-10 17:22:19,648 [Listener at 127.0.0.1/35635] WARN  http.HttpRequestLog (HttpRequestLog.java:getRequestLog(103)) - Jetty request log can only be enabled using Log4j
2023-04-10 17:22:19,649 [Listener at 127.0.0.1/35635] INFO  http.HttpServer2 (HttpServer2.java:addGlobalFilter(1031)) - Added global filter 'safety' (class=org.apache.hadoop.hdds.server.http.HttpServer2$QuotingInputFilter)
2023-04-10 17:22:19,650 [Listener at 127.0.0.1/35635] INFO  http.HttpServer2 (HttpServer2.java:addFilter(1007)) - Added filter static_user_filter (class=org.apache.hadoop.http.lib.StaticUserWebFilter$StaticUserFilter) to context hddsDatanode
2023-04-10 17:22:19,650 [Listener at 127.0.0.1/35635] INFO  http.HttpServer2 (HttpServer2.java:addFilter(1015)) - Added filter static_user_filter (class=org.apache.hadoop.http.lib.StaticUserWebFilter$StaticUserFilter) to context logs
2023-04-10 17:22:19,650 [Listener at 127.0.0.1/35635] INFO  http.HttpServer2 (HttpServer2.java:addFilter(1015)) - Added filter static_user_filter (class=org.apache.hadoop.http.lib.StaticUserWebFilter$StaticUserFilter) to context static
2023-04-10 17:22:19,651 [Listener at 127.0.0.1/35635] INFO  http.BaseHttpServer (BaseHttpServer.java:<init>(190)) - HTTP server of hddsDatanode uses base directory /home/runner/work/ozone/ozone/hadoop-ozone/integration-test/target/test-dir/MiniOzoneClusterImpl-bd692c78-fb3a-4866-9e85-e2f4bd0dbf58/datanode-6/meta/webserver
2023-04-10 17:22:19,653 [Listener at 127.0.0.1/35635] INFO  http.HttpServer2 (HttpServer2.java:bindListener(1250)) - Jetty bound to port 36483
2023-04-10 17:22:19,653 [Listener at 127.0.0.1/35635] INFO  server.Server (Server.java:doStart(375)) - jetty-9.4.49.v20220914; built: 2022-09-14T01:07:36.601Z; git: 4231a3b2e4cb8548a412a789936d640a97b1aa0a; jvm 1.8.0_362-b09
2023-04-10 17:22:19,655 [Listener at 127.0.0.1/35635] INFO  server.session (DefaultSessionIdManager.java:doStart(334)) - DefaultSessionIdManager workerName=node0
2023-04-10 17:22:19,655 [Listener at 127.0.0.1/35635] INFO  server.session (DefaultSessionIdManager.java:doStart(339)) - No SessionScavenger set, using defaults
2023-04-10 17:22:19,655 [Listener at 127.0.0.1/35635] INFO  server.session (HouseKeeper.java:startScavenging(132)) - node0 Scavenging every 600000ms
2023-04-10 17:22:19,656 [Listener at 127.0.0.1/35635] INFO  handler.ContextHandler (ContextHandler.java:doStart(921)) - Started o.e.j.s.ServletContextHandler@6a32569b{logs,/logs,file:///home/runner/work/ozone/ozone/hadoop-ozone/integration-test/target/log,AVAILABLE}
2023-04-10 17:22:19,656 [Listener at 127.0.0.1/35635] INFO  handler.ContextHandler (ContextHandler.java:doStart(921)) - Started o.e.j.s.ServletContextHandler@130b5b00{static,/static,jar:file:/home/runner/.m2/repository/org/apache/ozone/hdds-container-service/1.4.0-SNAPSHOT/hdds-container-service-1.4.0-SNAPSHOT.jar!/webapps/static,AVAILABLE}
2023-04-10 17:22:19,852 [Listener at 127.0.0.1/35635] INFO  handler.ContextHandler (ContextHandler.java:doStart(921)) - Started o.e.j.w.WebAppContext@12848ea8{hddsDatanode,/,file:///home/runner/work/ozone/ozone/hadoop-ozone/integration-test/target/test-dir/MiniOzoneClusterImpl-bd692c78-fb3a-4866-9e85-e2f4bd0dbf58/datanode-6/meta/webserver/jetty-0_0_0_0-36483-hdds-container-service-1_4_0-SNAPSHOT_jar-_-any-7795891772761782957/webapp/,AVAILABLE}{jar:file:/home/runner/.m2/repository/org/apache/ozone/hdds-container-service/1.4.0-SNAPSHOT/hdds-container-service-1.4.0-SNAPSHOT.jar!/webapps/hddsDatanode}
2023-04-10 17:22:19,853 [Listener at 127.0.0.1/35635] INFO  server.AbstractConnector (AbstractConnector.java:doStart(333)) - Started ServerConnector@4c841ccb{HTTP/1.1, (http/1.1)}{0.0.0.0:36483}
2023-04-10 17:22:19,854 [Listener at 127.0.0.1/35635] INFO  server.Server (Server.java:doStart(415)) - Started @10913ms
2023-04-10 17:22:19,854 [Listener at 127.0.0.1/35635] WARN  impl.MetricsSystemImpl (MetricsSystemImpl.java:register(279)) - Sink prometheus already exists!
2023-04-10 17:22:19,854 [Listener at 127.0.0.1/35635] INFO  http.BaseHttpServer (BaseHttpServer.java:updateConnectorAddress(344)) - HTTP server of hddsDatanode listening at http://0.0.0.0:36483
2023-04-10 17:22:19,857 [Datanode State Machine Daemon Thread] INFO  statemachine.DatanodeStateMachine (DatanodeStateMachine.java:lambda$startDaemon$0(517)) - Ozone container server started.
2023-04-10 17:22:19,857 [Listener at 127.0.0.1/35635] WARN  impl.MetricRegistriesImpl (MetricRegistriesImpl.java:addReporterRegistration(111)) - New reporters are added after registries were created. Some metrics will be missing from the reporter. Please add reporter before adding any new registry.
2023-04-10 17:22:19,860 [Listener at 127.0.0.1/35635] WARN  impl.MetricRegistriesImpl (MetricRegistriesImpl.java:addReporterRegistration(111)) - New reporters are added after registries were created. Some metrics will be missing from the reporter. Please add reporter before adding any new registry.
2023-04-10 17:22:19,860 [Listener at 127.0.0.1/35635] INFO  impl.MetricsSystemImpl (MetricsSystemImpl.java:init(158)) - HddsDatanode metrics system started (again)
2023-04-10 17:22:19,863 [org.apache.hadoop.util.JvmPauseMonitor$Monitor@486bc5d5] INFO  util.JvmPauseMonitor (JvmPauseMonitor.java:run(188)) - Starting JVM pause monitor
2023-04-10 17:22:19,888 [Datanode State Machine Task Thread - 0] INFO  datanode.InitDatanodeState (InitDatanodeState.java:persistContainerDatanodeDetails(138)) - DatanodeDetails is persisted to /home/runner/work/ozone/ozone/hadoop-ozone/integration-test/target/test-dir/MiniOzoneClusterImpl-bd692c78-fb3a-4866-9e85-e2f4bd0dbf58/datanode-6/meta/datanode.id
2023-04-10 17:22:19,889 [Listener at 127.0.0.1/35635] INFO  ozone.HddsDatanodeService (HddsDatanodeService.java:start(252)) - HddsDatanodeService host:fv-az201-37 ip:10.1.0.59
2023-04-10 17:22:19,911 [Listener at 127.0.0.1/35635] INFO  upgrade.AbstractLayoutVersionManager (AbstractLayoutVersionManager.java:init(83)) - Initializing Layout version manager with metadata layout = WEBUI_PORTS_IN_DATANODEDETAILS (version = 6), software layout = WEBUI_PORTS_IN_DATANODEDETAILS (version = 6)
2023-04-10 17:22:19,925 [EndpointStateMachine task thread for /0.0.0.0:44281 - 0 ] INFO  utils.DatanodeStoreCache (DatanodeStoreCache.java:addDB(58)) - Added db /home/runner/work/ozone/ozone/hadoop-ozone/integration-test/target/test-dir/MiniOzoneClusterImpl-bd692c78-fb3a-4866-9e85-e2f4bd0dbf58/datanode-1/data-0/containers/hdds/bd692c78-fb3a-4866-9e85-e2f4bd0dbf58/DS-c635cd73-f5b2-4145-9d33-f505ed1f42ad/container.db to cache
2023-04-10 17:22:19,928 [EndpointStateMachine task thread for /0.0.0.0:44281 - 0 ] INFO  volume.HddsVolume (HddsVolume.java:createDbStore(350)) - SchemaV3 db is created and loaded at /home/runner/work/ozone/ozone/hadoop-ozone/integration-test/target/test-dir/MiniOzoneClusterImpl-bd692c78-fb3a-4866-9e85-e2f4bd0dbf58/datanode-1/data-0/containers/hdds/bd692c78-fb3a-4866-9e85-e2f4bd0dbf58/DS-c635cd73-f5b2-4145-9d33-f505ed1f42ad/container.db for volume DS-c635cd73-f5b2-4145-9d33-f505ed1f42ad
2023-04-10 17:22:19,930 [EndpointStateMachine task thread for /0.0.0.0:44281 - 0 ] INFO  ozoneimpl.OzoneContainer (OzoneContainer.java:start(397)) - Attempting to start container services.
2023-04-10 17:22:19,930 [EndpointStateMachine task thread for /0.0.0.0:44281 - 0 ] INFO  ozoneimpl.OzoneContainer (OzoneContainer.java:startContainerScrub(314)) - Scheduled background container scanners and the on-demand container scanner have been disabled.
2023-04-10 17:22:19,935 [EndpointStateMachine task thread for /0.0.0.0:44281 - 0 ] INFO  replication.ReplicationServer (ReplicationServer.java:start(109)) - ReplicationServer is started using port 41775
2023-04-10 17:22:19,937 [EndpointStateMachine task thread for /0.0.0.0:44281 - 0 ] INFO  ratis.XceiverServerRatis (XceiverServerRatis.java:start(517)) - Starting XceiverServerRatis cfa9660d-3e66-4e37-95dd-c01791520333
2023-04-10 17:22:19,940 [EndpointStateMachine task thread for /0.0.0.0:44281 - 0 ] INFO  server.RaftServer (RaftServerProxy.java:startImpl(393)) - cfa9660d-3e66-4e37-95dd-c01791520333: start RPC server
2023-04-10 17:22:19,947 [EndpointStateMachine task thread for /0.0.0.0:44281 - 0 ] INFO  server.GrpcService (GrpcService.java:startImpl(262)) - cfa9660d-3e66-4e37-95dd-c01791520333: GrpcService started, listening on 42355
2023-04-10 17:22:19,952 [EndpointStateMachine task thread for /0.0.0.0:44281 - 0 ] INFO  ratis.XceiverServerRatis (XceiverServerRatis.java:getRealPort(543)) - XceiverServerRatis cfa9660d-3e66-4e37-95dd-c01791520333 is started using port 42355 for RATIS
2023-04-10 17:22:19,952 [EndpointStateMachine task thread for /0.0.0.0:44281 - 0 ] INFO  ratis.XceiverServerRatis (XceiverServerRatis.java:getRealPort(543)) - XceiverServerRatis cfa9660d-3e66-4e37-95dd-c01791520333 is started using port 42355 for RATIS_ADMIN
2023-04-10 17:22:19,952 [EndpointStateMachine task thread for /0.0.0.0:44281 - 0 ] INFO  ratis.XceiverServerRatis (XceiverServerRatis.java:getRealPort(543)) - XceiverServerRatis cfa9660d-3e66-4e37-95dd-c01791520333 is started using port 42355 for RATIS_SERVER
2023-04-10 17:22:19,952 [EndpointStateMachine task thread for /0.0.0.0:44281 - 0 ] INFO  ratis.XceiverServerRatis (XceiverServerRatis.java:getRealPort(543)) - XceiverServerRatis cfa9660d-3e66-4e37-95dd-c01791520333 is started using port 45915 for RATIS_DATASTREAM
2023-04-10 17:22:19,953 [JvmPauseMonitor2] INFO  util.JvmPauseMonitor (JvmPauseMonitor.java:run(105)) - JvmPauseMonitor-cfa9660d-3e66-4e37-95dd-c01791520333: Started
2023-04-10 17:22:19,971 [EndpointStateMachine task thread for /0.0.0.0:44281 - 0 ] INFO  server.XceiverServerGrpc (XceiverServerGrpc.java:start(180)) - XceiverServerGrpc cfa9660d-3e66-4e37-95dd-c01791520333 is started using port 34299
2023-04-10 17:22:19,975 [BlockDeletingService#0] INFO  interfaces.ContainerDeletionChoosingPolicyTemplate (ContainerDeletionChoosingPolicyTemplate.java:chooseContainerForBlockDeletion(83)) - Chosen 0/5000 blocks from 0 candidate containers.
2023-04-10 17:22:20,007 [Listener at 127.0.0.1/35635] INFO  reflections.Reflections (Reflections.java:scan(232)) - Reflections took 95 ms to scan 7 urls, producing 156 keys and 369 values 
2023-04-10 17:22:20,010 [Listener at 127.0.0.1/35635] INFO  statemachine.DatanodeStateMachine (DatanodeStateMachine.java:getEndPointTaskThreadPoolSize(260)) - Datanode State Machine Task Thread Pool size 2
2023-04-10 17:22:20,020 [Listener at 127.0.0.1/35635] INFO  volume.HddsVolume (HddsVolume.java:<init>(130)) - Creating HddsVolume: /home/runner/work/ozone/ozone/hadoop-ozone/integration-test/target/test-dir/MiniOzoneClusterImpl-bd692c78-fb3a-4866-9e85-e2f4bd0dbf58/datanode-7/data-0/containers/hdds of storage type : DISK capacity : 9223372036854775807
2023-04-10 17:22:20,021 [Listener at 127.0.0.1/35635] INFO  volume.MutableVolumeSet (MutableVolumeSet.java:initializeVolumeSet(175)) - Added Volume : /home/runner/work/ozone/ozone/hadoop-ozone/integration-test/target/test-dir/MiniOzoneClusterImpl-bd692c78-fb3a-4866-9e85-e2f4bd0dbf58/datanode-7/data-0/containers/hdds to VolumeSet
2023-04-10 17:22:20,021 [Listener at 127.0.0.1/35635] INFO  volume.ThrottledAsyncChecker (ThrottledAsyncChecker.java:schedule(141)) - Scheduling a check for /home/runner/work/ozone/ozone/hadoop-ozone/integration-test/target/test-dir/MiniOzoneClusterImpl-bd692c78-fb3a-4866-9e85-e2f4bd0dbf58/datanode-7/data-0/containers/hdds
2023-04-10 17:22:20,022 [Listener at 127.0.0.1/35635] INFO  volume.StorageVolumeChecker (StorageVolumeChecker.java:checkAllVolumes(202)) - Scheduled health check for volume /home/runner/work/ozone/ozone/hadoop-ozone/integration-test/target/test-dir/MiniOzoneClusterImpl-bd692c78-fb3a-4866-9e85-e2f4bd0dbf58/datanode-7/data-0/containers/hdds
2023-04-10 17:22:20,039 [Listener at 127.0.0.1/35635] INFO  volume.MutableVolumeSet (MutableVolumeSet.java:initializeVolumeSet(175)) - Added Volume : /home/runner/work/ozone/ozone/hadoop-ozone/integration-test/target/test-dir/MiniOzoneClusterImpl-bd692c78-fb3a-4866-9e85-e2f4bd0dbf58/datanode-7/data/ratis to VolumeSet
2023-04-10 17:22:20,039 [Listener at 127.0.0.1/35635] INFO  volume.ThrottledAsyncChecker (ThrottledAsyncChecker.java:schedule(141)) - Scheduling a check for /home/runner/work/ozone/ozone/hadoop-ozone/integration-test/target/test-dir/MiniOzoneClusterImpl-bd692c78-fb3a-4866-9e85-e2f4bd0dbf58/datanode-7/data/ratis
2023-04-10 17:22:20,039 [Listener at 127.0.0.1/35635] INFO  volume.StorageVolumeChecker (StorageVolumeChecker.java:checkAllVolumes(202)) - Scheduled health check for volume /home/runner/work/ozone/ozone/hadoop-ozone/integration-test/target/test-dir/MiniOzoneClusterImpl-bd692c78-fb3a-4866-9e85-e2f4bd0dbf58/datanode-7/data/ratis
2023-04-10 17:22:20,053 [Thread-248] INFO  ozoneimpl.ContainerReader (ContainerReader.java:readVolume(175)) - Finish verifying containers on volume /home/runner/work/ozone/ozone/hadoop-ozone/integration-test/target/test-dir/MiniOzoneClusterImpl-bd692c78-fb3a-4866-9e85-e2f4bd0dbf58/datanode-7/data-0/containers/hdds
2023-04-10 17:22:20,054 [Listener at 127.0.0.1/35635] INFO  ozoneimpl.OzoneContainer (OzoneContainer.java:buildContainerSet(303)) - Build ContainerSet costs 0s
2023-04-10 17:22:20,059 [Listener at 127.0.0.1/35635] INFO  server.RaftServer (ConfUtils.java:logGet(46)) - raft.rpc.type = GRPC (default)
2023-04-10 17:22:20,059 [Listener at 127.0.0.1/35635] INFO  grpc.GrpcConfigKeys (ConfUtils.java:logFallback(53)) - raft.grpc.admin.host = null (fallback to raft.grpc.server.host)
2023-04-10 17:22:20,059 [Listener at 127.0.0.1/35635] INFO  grpc.GrpcConfigKeys (ConfUtils.java:logGet(46)) - raft.grpc.admin.port = 0 (custom)
2023-04-10 17:22:20,059 [Listener at 127.0.0.1/35635] INFO  grpc.GrpcConfigKeys (ConfUtils.java:logFallback(53)) - raft.grpc.client.host = null (fallback to raft.grpc.server.host)
2023-04-10 17:22:20,059 [Listener at 127.0.0.1/35635] INFO  grpc.GrpcConfigKeys (ConfUtils.java:logGet(46)) - raft.grpc.client.port = 0 (custom)
2023-04-10 17:22:20,059 [Listener at 127.0.0.1/35635] INFO  grpc.GrpcConfigKeys (ConfUtils.java:logGet(46)) - raft.grpc.server.host = null (default)
2023-04-10 17:22:20,060 [Listener at 127.0.0.1/35635] INFO  grpc.GrpcConfigKeys (ConfUtils.java:logGet(46)) - raft.grpc.server.port = 0 (default)
2023-04-10 17:22:20,060 [Listener at 127.0.0.1/35635] INFO  server.GrpcService (ConfUtils.java:logGet(46)) - raft.grpc.message.size.max = 32MB (=33554432) (custom)
2023-04-10 17:22:20,060 [Listener at 127.0.0.1/35635] INFO  server.RaftServerConfigKeys (ConfUtils.java:logGet(46)) - raft.server.log.appender.buffer.byte-limit = 33554432 (custom)
2023-04-10 17:22:20,060 [Listener at 127.0.0.1/35635] INFO  server.GrpcService (ConfUtils.java:logGet(46)) - raft.grpc.flow.control.window = 5MB (=5242880) (custom)
2023-04-10 17:22:20,060 [Listener at 127.0.0.1/35635] INFO  server.RaftServerConfigKeys (ConfUtils.java:logGet(46)) - raft.server.rpc.request.timeout = 3000ms (default)
2023-04-10 17:22:20,060 [Listener at 127.0.0.1/35635] INFO  grpc.GrpcConfigKeys (ConfUtils.java:logGet(46)) - raft.grpc.server.heartbeat.channel = true (default)
2023-04-10 17:22:20,060 [Listener at 127.0.0.1/35635] INFO  grpc.GrpcConfigKeys (ConfUtils.java:logGet(46)) - raft.grpc.server.async.request.thread.pool.cached = true (default)
2023-04-10 17:22:20,061 [Listener at 127.0.0.1/35635] INFO  grpc.GrpcConfigKeys (ConfUtils.java:logGet(46)) - raft.grpc.server.async.request.thread.pool.size = 32 (default)
2023-04-10 17:22:20,062 [Listener at 127.0.0.1/35635] INFO  impl.DataStreamServerImpl (ConfUtils.java:logGet(46)) - raft.datastream.type = NETTY (custom)
2023-04-10 17:22:20,062 [Listener at 127.0.0.1/35635] INFO  server.RaftServerConfigKeys (ConfUtils.java:logGet(46)) - raft.server.data-stream.async.request.thread.pool.cached = false (default)
2023-04-10 17:22:20,063 [Listener at 127.0.0.1/35635] INFO  server.RaftServerConfigKeys (ConfUtils.java:logGet(46)) - raft.server.data-stream.async.request.thread.pool.size = 20 (custom)
2023-04-10 17:22:20,063 [Listener at 127.0.0.1/35635] INFO  server.RaftServerConfigKeys (ConfUtils.java:logGet(46)) - raft.server.data-stream.async.write.thread.pool.size = 16 (default)
2023-04-10 17:22:20,063 [Listener at 127.0.0.1/35635] INFO  server.RaftServerConfigKeys (ConfUtils.java:logGet(46)) - raft.server.data-stream.client.pool.size = 10 (default)
2023-04-10 17:22:20,063 [Listener at 127.0.0.1/35635] INFO  netty.NettyConfigKeys$DataStream (ConfUtils.java:logGet(46)) - raft.netty.dataStream.server.use-epoll = false (default)
2023-04-10 17:22:20,063 [Listener at 127.0.0.1/35635] INFO  netty.NettyConfigKeys$DataStream (ConfUtils.java:logGet(46)) - raft.netty.dataStream.server.boss-group.size = 0 (default)
2023-04-10 17:22:20,065 [Listener at 127.0.0.1/35635] INFO  netty.NettyConfigKeys$DataStream (ConfUtils.java:logGet(46)) - raft.netty.dataStream.server.worker-group.size = 0 (default)
2023-04-10 17:22:20,065 [Listener at 127.0.0.1/35635] INFO  netty.NettyConfigKeys$DataStream (ConfUtils.java:logGet(46)) - raft.netty.dataStream.server.tls.conf = null (default)
2023-04-10 17:22:20,065 [Listener at 127.0.0.1/35635] INFO  netty.NettyConfigKeys$DataStream (ConfUtils.java:logGet(46)) - raft.netty.dataStream.host = null (default)
2023-04-10 17:22:20,066 [Listener at 127.0.0.1/35635] INFO  netty.NettyConfigKeys$DataStream (ConfUtils.java:logGet(46)) - raft.netty.dataStream.port = 0 (default)
2023-04-10 17:22:20,066 [Listener at 127.0.0.1/35635] INFO  server.RaftServerConfigKeys (ConfUtils.java:logGet(46)) - raft.server.threadpool.proxy.cached = true (default)
2023-04-10 17:22:20,066 [Listener at 127.0.0.1/35635] INFO  server.RaftServerConfigKeys (ConfUtils.java:logGet(46)) - raft.server.threadpool.proxy.size = 0 (default)
2023-04-10 17:22:20,066 [Listener at 127.0.0.1/35635] INFO  server.RaftServerConfigKeys (ConfUtils.java:logGet(46)) - raft.server.rpc.slowness.timeout = 300000ms (custom)
2023-04-10 17:22:20,066 [Listener at 127.0.0.1/35635] INFO  server.RaftServerConfigKeys (ConfUtils.java:logGet(46)) - raft.server.leaderelection.leader.step-down.wait-time = 10s (default)
2023-04-10 17:22:20,067 [Listener at 127.0.0.1/35635] INFO  server.RaftServerConfigKeys (ConfUtils.java:logGet(46)) - raft.server.storage.dir = [/home/runner/work/ozone/ozone/hadoop-ozone/integration-test/target/test-dir/MiniOzoneClusterImpl-bd692c78-fb3a-4866-9e85-e2f4bd0dbf58/datanode-7/data/ratis] (custom)
2023-04-10 17:22:20,068 [1df5c771-96ae-4f7f-bce1-d7659a86bf4c-NettyServerStreamRpc-bossGroup--thread1] INFO  logging.LoggingHandler (AbstractInternalLogger.java:log(148)) - [id: 0x9c6b4f41] REGISTERED
2023-04-10 17:22:20,069 [1df5c771-96ae-4f7f-bce1-d7659a86bf4c-NettyServerStreamRpc-bossGroup--thread1] INFO  logging.LoggingHandler (AbstractInternalLogger.java:log(148)) - [id: 0x9c6b4f41] BIND: 0.0.0.0/0.0.0.0:0
2023-04-10 17:22:20,069 [1df5c771-96ae-4f7f-bce1-d7659a86bf4c-NettyServerStreamRpc-bossGroup--thread1] INFO  logging.LoggingHandler (AbstractInternalLogger.java:log(148)) - [id: 0x9c6b4f41, L:/0:0:0:0:0:0:0:0:35669] ACTIVE
2023-04-10 17:22:20,071 [Listener at 127.0.0.1/35635] INFO  server.XceiverServerGrpc (XceiverServerGrpc.java:<init>(132)) - GrpcServer channel type EpollServerSocketChannel
2023-04-10 17:22:20,075 [Listener at 127.0.0.1/35635] INFO  http.BaseHttpServer (BaseHttpServer.java:newHttpServer2BuilderForOzone(224)) - Starting Web-server for hddsDatanode at: http://0.0.0.0:0
2023-04-10 17:22:20,075 [Listener at 127.0.0.1/35635] INFO  http.BaseHttpServer (BaseHttpServer.java:<init>(111)) - Hadoop Security Enabled: false Ozone Security Enabled: false Ozone HTTP Security Enabled: false 
2023-04-10 17:22:20,077 [Listener at 127.0.0.1/35635] WARN  server.AuthenticationFilter (AuthenticationFilter.java:constructSecretProvider(240)) - Unable to initialize FileSignerSecretProvider, falling back to use random secrets. Reason: Could not read signature secret file: /home/runner/hadoop-http-auth-signature-secret
2023-04-10 17:22:20,078 [Listener at 127.0.0.1/35635] WARN  http.HttpRequestLog (HttpRequestLog.java:getRequestLog(103)) - Jetty request log can only be enabled using Log4j
2023-04-10 17:22:20,079 [Listener at 127.0.0.1/35635] INFO  http.HttpServer2 (HttpServer2.java:addGlobalFilter(1031)) - Added global filter 'safety' (class=org.apache.hadoop.hdds.server.http.HttpServer2$QuotingInputFilter)
2023-04-10 17:22:20,080 [Listener at 127.0.0.1/35635] INFO  http.HttpServer2 (HttpServer2.java:addFilter(1007)) - Added filter static_user_filter (class=org.apache.hadoop.http.lib.StaticUserWebFilter$StaticUserFilter) to context hddsDatanode
2023-04-10 17:22:20,080 [Listener at 127.0.0.1/35635] INFO  http.HttpServer2 (HttpServer2.java:addFilter(1015)) - Added filter static_user_filter (class=org.apache.hadoop.http.lib.StaticUserWebFilter$StaticUserFilter) to context logs
2023-04-10 17:22:20,080 [Listener at 127.0.0.1/35635] INFO  http.HttpServer2 (HttpServer2.java:addFilter(1015)) - Added filter static_user_filter (class=org.apache.hadoop.http.lib.StaticUserWebFilter$StaticUserFilter) to context static
2023-04-10 17:22:20,081 [Listener at 127.0.0.1/35635] INFO  http.BaseHttpServer (BaseHttpServer.java:<init>(190)) - HTTP server of hddsDatanode uses base directory /home/runner/work/ozone/ozone/hadoop-ozone/integration-test/target/test-dir/MiniOzoneClusterImpl-bd692c78-fb3a-4866-9e85-e2f4bd0dbf58/datanode-7/meta/webserver
2023-04-10 17:22:20,081 [Listener at 127.0.0.1/35635] INFO  http.HttpServer2 (HttpServer2.java:bindListener(1250)) - Jetty bound to port 39321
2023-04-10 17:22:20,081 [Listener at 127.0.0.1/35635] INFO  server.Server (Server.java:doStart(375)) - jetty-9.4.49.v20220914; built: 2022-09-14T01:07:36.601Z; git: 4231a3b2e4cb8548a412a789936d640a97b1aa0a; jvm 1.8.0_362-b09
2023-04-10 17:22:20,082 [Listener at 127.0.0.1/35635] INFO  server.session (DefaultSessionIdManager.java:doStart(334)) - DefaultSessionIdManager workerName=node0
2023-04-10 17:22:20,083 [Listener at 127.0.0.1/35635] INFO  server.session (DefaultSessionIdManager.java:doStart(339)) - No SessionScavenger set, using defaults
2023-04-10 17:22:20,083 [Listener at 127.0.0.1/35635] INFO  server.session (HouseKeeper.java:startScavenging(132)) - node0 Scavenging every 600000ms
2023-04-10 17:22:20,084 [Listener at 127.0.0.1/35635] INFO  handler.ContextHandler (ContextHandler.java:doStart(921)) - Started o.e.j.s.ServletContextHandler@1bc3ff34{logs,/logs,file:///home/runner/work/ozone/ozone/hadoop-ozone/integration-test/target/log,AVAILABLE}
2023-04-10 17:22:20,085 [Listener at 127.0.0.1/35635] INFO  handler.ContextHandler (ContextHandler.java:doStart(921)) - Started o.e.j.s.ServletContextHandler@189a2927{static,/static,jar:file:/home/runner/.m2/repository/org/apache/ozone/hdds-container-service/1.4.0-SNAPSHOT/hdds-container-service-1.4.0-SNAPSHOT.jar!/webapps/static,AVAILABLE}
2023-04-10 17:22:20,277 [Listener at 127.0.0.1/35635] INFO  handler.ContextHandler (ContextHandler.java:doStart(921)) - Started o.e.j.w.WebAppContext@e9f436e{hddsDatanode,/,file:///home/runner/work/ozone/ozone/hadoop-ozone/integration-test/target/test-dir/MiniOzoneClusterImpl-bd692c78-fb3a-4866-9e85-e2f4bd0dbf58/datanode-7/meta/webserver/jetty-0_0_0_0-39321-hdds-container-service-1_4_0-SNAPSHOT_jar-_-any-6092744542416536201/webapp/,AVAILABLE}{jar:file:/home/runner/.m2/repository/org/apache/ozone/hdds-container-service/1.4.0-SNAPSHOT/hdds-container-service-1.4.0-SNAPSHOT.jar!/webapps/hddsDatanode}
2023-04-10 17:22:20,279 [Listener at 127.0.0.1/35635] INFO  server.AbstractConnector (AbstractConnector.java:doStart(333)) - Started ServerConnector@43fbbb86{HTTP/1.1, (http/1.1)}{0.0.0.0:39321}
2023-04-10 17:22:20,279 [Listener at 127.0.0.1/35635] INFO  server.Server (Server.java:doStart(415)) - Started @11339ms
2023-04-10 17:22:20,279 [Listener at 127.0.0.1/35635] WARN  impl.MetricsSystemImpl (MetricsSystemImpl.java:register(279)) - Sink prometheus already exists!
2023-04-10 17:22:20,279 [Listener at 127.0.0.1/35635] INFO  http.BaseHttpServer (BaseHttpServer.java:updateConnectorAddress(344)) - HTTP server of hddsDatanode listening at http://0.0.0.0:39321
2023-04-10 17:22:20,280 [Listener at 127.0.0.1/35635] WARN  impl.MetricRegistriesImpl (MetricRegistriesImpl.java:addReporterRegistration(111)) - New reporters are added after registries were created. Some metrics will be missing from the reporter. Please add reporter before adding any new registry.
2023-04-10 17:22:20,280 [Listener at 127.0.0.1/35635] WARN  impl.MetricRegistriesImpl (MetricRegistriesImpl.java:addReporterRegistration(111)) - New reporters are added after registries were created. Some metrics will be missing from the reporter. Please add reporter before adding any new registry.
2023-04-10 17:22:20,280 [Listener at 127.0.0.1/35635] INFO  impl.MetricsSystemImpl (MetricsSystemImpl.java:init(158)) - HddsDatanode metrics system started (again)
2023-04-10 17:22:20,287 [Datanode State Machine Daemon Thread] INFO  statemachine.DatanodeStateMachine (DatanodeStateMachine.java:lambda$startDaemon$0(517)) - Ozone container server started.
2023-04-10 17:22:20,296 [org.apache.hadoop.util.JvmPauseMonitor$Monitor@5ac587a1] INFO  util.JvmPauseMonitor (JvmPauseMonitor.java:run(188)) - Starting JVM pause monitor
2023-04-10 17:22:20,301 [Listener at 127.0.0.1/35635] INFO  ozone.HddsDatanodeService (HddsDatanodeService.java:start(252)) - HddsDatanodeService host:fv-az201-37 ip:10.1.0.59
2023-04-10 17:22:20,308 [Datanode State Machine Task Thread - 0] INFO  datanode.InitDatanodeState (InitDatanodeState.java:persistContainerDatanodeDetails(138)) - DatanodeDetails is persisted to /home/runner/work/ozone/ozone/hadoop-ozone/integration-test/target/test-dir/MiniOzoneClusterImpl-bd692c78-fb3a-4866-9e85-e2f4bd0dbf58/datanode-7/meta/datanode.id
2023-04-10 17:22:20,319 [Listener at 127.0.0.1/35635] INFO  upgrade.AbstractLayoutVersionManager (AbstractLayoutVersionManager.java:init(83)) - Initializing Layout version manager with metadata layout = WEBUI_PORTS_IN_DATANODEDETAILS (version = 6), software layout = WEBUI_PORTS_IN_DATANODEDETAILS (version = 6)
2023-04-10 17:22:20,371 [EndpointStateMachine task thread for /0.0.0.0:44281 - 0 ] INFO  utils.DatanodeStoreCache (DatanodeStoreCache.java:addDB(58)) - Added db /home/runner/work/ozone/ozone/hadoop-ozone/integration-test/target/test-dir/MiniOzoneClusterImpl-bd692c78-fb3a-4866-9e85-e2f4bd0dbf58/datanode-2/data-0/containers/hdds/bd692c78-fb3a-4866-9e85-e2f4bd0dbf58/DS-9b1a6992-bbe5-4509-989a-7a27542fb7ab/container.db to cache
2023-04-10 17:22:20,372 [EndpointStateMachine task thread for /0.0.0.0:44281 - 0 ] INFO  volume.HddsVolume (HddsVolume.java:createDbStore(350)) - SchemaV3 db is created and loaded at /home/runner/work/ozone/ozone/hadoop-ozone/integration-test/target/test-dir/MiniOzoneClusterImpl-bd692c78-fb3a-4866-9e85-e2f4bd0dbf58/datanode-2/data-0/containers/hdds/bd692c78-fb3a-4866-9e85-e2f4bd0dbf58/DS-9b1a6992-bbe5-4509-989a-7a27542fb7ab/container.db for volume DS-9b1a6992-bbe5-4509-989a-7a27542fb7ab
2023-04-10 17:22:20,372 [EndpointStateMachine task thread for /0.0.0.0:44281 - 0 ] INFO  ozoneimpl.OzoneContainer (OzoneContainer.java:start(397)) - Attempting to start container services.
2023-04-10 17:22:20,373 [EndpointStateMachine task thread for /0.0.0.0:44281 - 0 ] INFO  ozoneimpl.OzoneContainer (OzoneContainer.java:startContainerScrub(314)) - Scheduled background container scanners and the on-demand container scanner have been disabled.
2023-04-10 17:22:20,379 [EndpointStateMachine task thread for /0.0.0.0:44281 - 0 ] INFO  replication.ReplicationServer (ReplicationServer.java:start(109)) - ReplicationServer is started using port 38073
2023-04-10 17:22:20,379 [EndpointStateMachine task thread for /0.0.0.0:44281 - 0 ] INFO  ratis.XceiverServerRatis (XceiverServerRatis.java:start(517)) - Starting XceiverServerRatis f70c5b51-abaf-4483-bcc0-ab3e40e5c626
2023-04-10 17:22:20,380 [Listener at 127.0.0.1/35635] INFO  reflections.Reflections (Reflections.java:scan(232)) - Reflections took 60 ms to scan 7 urls, producing 156 keys and 369 values 
2023-04-10 17:22:20,382 [Listener at 127.0.0.1/35635] INFO  statemachine.DatanodeStateMachine (DatanodeStateMachine.java:getEndPointTaskThreadPoolSize(260)) - Datanode State Machine Task Thread Pool size 2
2023-04-10 17:22:20,382 [EndpointStateMachine task thread for /0.0.0.0:44281 - 0 ] INFO  server.RaftServer (RaftServerProxy.java:startImpl(393)) - f70c5b51-abaf-4483-bcc0-ab3e40e5c626: start RPC server
2023-04-10 17:22:20,389 [Listener at 127.0.0.1/35635] INFO  volume.HddsVolume (HddsVolume.java:<init>(130)) - Creating HddsVolume: /home/runner/work/ozone/ozone/hadoop-ozone/integration-test/target/test-dir/MiniOzoneClusterImpl-bd692c78-fb3a-4866-9e85-e2f4bd0dbf58/datanode-8/data-0/containers/hdds of storage type : DISK capacity : 9223372036854775807
2023-04-10 17:22:20,389 [Listener at 127.0.0.1/35635] INFO  volume.MutableVolumeSet (MutableVolumeSet.java:initializeVolumeSet(175)) - Added Volume : /home/runner/work/ozone/ozone/hadoop-ozone/integration-test/target/test-dir/MiniOzoneClusterImpl-bd692c78-fb3a-4866-9e85-e2f4bd0dbf58/datanode-8/data-0/containers/hdds to VolumeSet
2023-04-10 17:22:20,389 [Listener at 127.0.0.1/35635] INFO  volume.ThrottledAsyncChecker (ThrottledAsyncChecker.java:schedule(141)) - Scheduling a check for /home/runner/work/ozone/ozone/hadoop-ozone/integration-test/target/test-dir/MiniOzoneClusterImpl-bd692c78-fb3a-4866-9e85-e2f4bd0dbf58/datanode-8/data-0/containers/hdds
2023-04-10 17:22:20,390 [Listener at 127.0.0.1/35635] INFO  volume.StorageVolumeChecker (StorageVolumeChecker.java:checkAllVolumes(202)) - Scheduled health check for volume /home/runner/work/ozone/ozone/hadoop-ozone/integration-test/target/test-dir/MiniOzoneClusterImpl-bd692c78-fb3a-4866-9e85-e2f4bd0dbf58/datanode-8/data-0/containers/hdds
2023-04-10 17:22:20,396 [EndpointStateMachine task thread for /0.0.0.0:44281 - 0 ] INFO  server.GrpcService (GrpcService.java:startImpl(262)) - f70c5b51-abaf-4483-bcc0-ab3e40e5c626: GrpcService started, listening on 36093
2023-04-10 17:22:20,396 [EndpointStateMachine task thread for /0.0.0.0:44281 - 0 ] INFO  ratis.XceiverServerRatis (XceiverServerRatis.java:getRealPort(543)) - XceiverServerRatis f70c5b51-abaf-4483-bcc0-ab3e40e5c626 is started using port 36093 for RATIS
2023-04-10 17:22:20,396 [JvmPauseMonitor3] INFO  util.JvmPauseMonitor (JvmPauseMonitor.java:run(105)) - JvmPauseMonitor-f70c5b51-abaf-4483-bcc0-ab3e40e5c626: Started
2023-04-10 17:22:20,396 [EndpointStateMachine task thread for /0.0.0.0:44281 - 0 ] INFO  ratis.XceiverServerRatis (XceiverServerRatis.java:getRealPort(543)) - XceiverServerRatis f70c5b51-abaf-4483-bcc0-ab3e40e5c626 is started using port 36093 for RATIS_ADMIN
2023-04-10 17:22:20,399 [EndpointStateMachine task thread for /0.0.0.0:44281 - 0 ] INFO  ratis.XceiverServerRatis (XceiverServerRatis.java:getRealPort(543)) - XceiverServerRatis f70c5b51-abaf-4483-bcc0-ab3e40e5c626 is started using port 36093 for RATIS_SERVER
2023-04-10 17:22:20,399 [EndpointStateMachine task thread for /0.0.0.0:44281 - 0 ] INFO  ratis.XceiverServerRatis (XceiverServerRatis.java:getRealPort(543)) - XceiverServerRatis f70c5b51-abaf-4483-bcc0-ab3e40e5c626 is started using port 44995 for RATIS_DATASTREAM
2023-04-10 17:22:20,402 [EndpointStateMachine task thread for /0.0.0.0:44281 - 0 ] INFO  server.XceiverServerGrpc (XceiverServerGrpc.java:start(180)) - XceiverServerGrpc f70c5b51-abaf-4483-bcc0-ab3e40e5c626 is started using port 41975
2023-04-10 17:22:20,415 [BlockDeletingService#0] INFO  interfaces.ContainerDeletionChoosingPolicyTemplate (ContainerDeletionChoosingPolicyTemplate.java:chooseContainerForBlockDeletion(83)) - Chosen 0/5000 blocks from 0 candidate containers.
2023-04-10 17:22:20,419 [Listener at 127.0.0.1/35635] INFO  volume.MutableVolumeSet (MutableVolumeSet.java:initializeVolumeSet(175)) - Added Volume : /home/runner/work/ozone/ozone/hadoop-ozone/integration-test/target/test-dir/MiniOzoneClusterImpl-bd692c78-fb3a-4866-9e85-e2f4bd0dbf58/datanode-8/data/ratis to VolumeSet
2023-04-10 17:22:20,419 [Listener at 127.0.0.1/35635] INFO  volume.ThrottledAsyncChecker (ThrottledAsyncChecker.java:schedule(141)) - Scheduling a check for /home/runner/work/ozone/ozone/hadoop-ozone/integration-test/target/test-dir/MiniOzoneClusterImpl-bd692c78-fb3a-4866-9e85-e2f4bd0dbf58/datanode-8/data/ratis
2023-04-10 17:22:20,428 [Listener at 127.0.0.1/35635] INFO  volume.StorageVolumeChecker (StorageVolumeChecker.java:checkAllVolumes(202)) - Scheduled health check for volume /home/runner/work/ozone/ozone/hadoop-ozone/integration-test/target/test-dir/MiniOzoneClusterImpl-bd692c78-fb3a-4866-9e85-e2f4bd0dbf58/datanode-8/data/ratis
2023-04-10 17:22:20,452 [Thread-267] INFO  ozoneimpl.ContainerReader (ContainerReader.java:readVolume(175)) - Finish verifying containers on volume /home/runner/work/ozone/ozone/hadoop-ozone/integration-test/target/test-dir/MiniOzoneClusterImpl-bd692c78-fb3a-4866-9e85-e2f4bd0dbf58/datanode-8/data-0/containers/hdds
2023-04-10 17:22:20,452 [Listener at 127.0.0.1/35635] INFO  ozoneimpl.OzoneContainer (OzoneContainer.java:buildContainerSet(303)) - Build ContainerSet costs 0s
2023-04-10 17:22:20,455 [Listener at 127.0.0.1/35635] INFO  server.RaftServer (ConfUtils.java:logGet(46)) - raft.rpc.type = GRPC (default)
2023-04-10 17:22:20,456 [Listener at 127.0.0.1/35635] INFO  grpc.GrpcConfigKeys (ConfUtils.java:logFallback(53)) - raft.grpc.admin.host = null (fallback to raft.grpc.server.host)
2023-04-10 17:22:20,456 [Listener at 127.0.0.1/35635] INFO  grpc.GrpcConfigKeys (ConfUtils.java:logGet(46)) - raft.grpc.admin.port = 0 (custom)
2023-04-10 17:22:20,456 [Listener at 127.0.0.1/35635] INFO  grpc.GrpcConfigKeys (ConfUtils.java:logFallback(53)) - raft.grpc.client.host = null (fallback to raft.grpc.server.host)
2023-04-10 17:22:20,456 [Listener at 127.0.0.1/35635] INFO  grpc.GrpcConfigKeys (ConfUtils.java:logGet(46)) - raft.grpc.client.port = 0 (custom)
2023-04-10 17:22:20,456 [Listener at 127.0.0.1/35635] INFO  grpc.GrpcConfigKeys (ConfUtils.java:logGet(46)) - raft.grpc.server.host = null (default)
2023-04-10 17:22:20,456 [Listener at 127.0.0.1/35635] INFO  grpc.GrpcConfigKeys (ConfUtils.java:logGet(46)) - raft.grpc.server.port = 0 (default)
2023-04-10 17:22:20,456 [Listener at 127.0.0.1/35635] INFO  server.GrpcService (ConfUtils.java:logGet(46)) - raft.grpc.message.size.max = 32MB (=33554432) (custom)
2023-04-10 17:22:20,456 [Listener at 127.0.0.1/35635] INFO  server.RaftServerConfigKeys (ConfUtils.java:logGet(46)) - raft.server.log.appender.buffer.byte-limit = 33554432 (custom)
2023-04-10 17:22:20,457 [Listener at 127.0.0.1/35635] INFO  server.GrpcService (ConfUtils.java:logGet(46)) - raft.grpc.flow.control.window = 5MB (=5242880) (custom)
2023-04-10 17:22:20,457 [Listener at 127.0.0.1/35635] INFO  server.RaftServerConfigKeys (ConfUtils.java:logGet(46)) - raft.server.rpc.request.timeout = 3000ms (default)
2023-04-10 17:22:20,457 [Listener at 127.0.0.1/35635] INFO  grpc.GrpcConfigKeys (ConfUtils.java:logGet(46)) - raft.grpc.server.heartbeat.channel = true (default)
2023-04-10 17:22:20,457 [Listener at 127.0.0.1/35635] INFO  grpc.GrpcConfigKeys (ConfUtils.java:logGet(46)) - raft.grpc.server.async.request.thread.pool.cached = true (default)
2023-04-10 17:22:20,457 [Listener at 127.0.0.1/35635] INFO  grpc.GrpcConfigKeys (ConfUtils.java:logGet(46)) - raft.grpc.server.async.request.thread.pool.size = 32 (default)
2023-04-10 17:22:20,459 [Listener at 127.0.0.1/35635] INFO  impl.DataStreamServerImpl (ConfUtils.java:logGet(46)) - raft.datastream.type = NETTY (custom)
2023-04-10 17:22:20,459 [Listener at 127.0.0.1/35635] INFO  server.RaftServerConfigKeys (ConfUtils.java:logGet(46)) - raft.server.data-stream.async.request.thread.pool.cached = false (default)
2023-04-10 17:22:20,459 [Listener at 127.0.0.1/35635] INFO  server.RaftServerConfigKeys (ConfUtils.java:logGet(46)) - raft.server.data-stream.async.request.thread.pool.size = 20 (custom)
2023-04-10 17:22:20,460 [Listener at 127.0.0.1/35635] INFO  server.RaftServerConfigKeys (ConfUtils.java:logGet(46)) - raft.server.data-stream.async.write.thread.pool.size = 16 (default)
2023-04-10 17:22:20,460 [Listener at 127.0.0.1/35635] INFO  server.RaftServerConfigKeys (ConfUtils.java:logGet(46)) - raft.server.data-stream.client.pool.size = 10 (default)
2023-04-10 17:22:20,460 [Listener at 127.0.0.1/35635] INFO  netty.NettyConfigKeys$DataStream (ConfUtils.java:logGet(46)) - raft.netty.dataStream.server.use-epoll = false (default)
2023-04-10 17:22:20,460 [Listener at 127.0.0.1/35635] INFO  netty.NettyConfigKeys$DataStream (ConfUtils.java:logGet(46)) - raft.netty.dataStream.server.boss-group.size = 0 (default)
2023-04-10 17:22:20,460 [Listener at 127.0.0.1/35635] INFO  netty.NettyConfigKeys$DataStream (ConfUtils.java:logGet(46)) - raft.netty.dataStream.server.worker-group.size = 0 (default)
2023-04-10 17:22:20,461 [Listener at 127.0.0.1/35635] INFO  netty.NettyConfigKeys$DataStream (ConfUtils.java:logGet(46)) - raft.netty.dataStream.server.tls.conf = null (default)
2023-04-10 17:22:20,461 [Listener at 127.0.0.1/35635] INFO  netty.NettyConfigKeys$DataStream (ConfUtils.java:logGet(46)) - raft.netty.dataStream.host = null (default)
2023-04-10 17:22:20,461 [Listener at 127.0.0.1/35635] INFO  netty.NettyConfigKeys$DataStream (ConfUtils.java:logGet(46)) - raft.netty.dataStream.port = 0 (default)
2023-04-10 17:22:20,461 [Listener at 127.0.0.1/35635] INFO  server.RaftServerConfigKeys (ConfUtils.java:logGet(46)) - raft.server.threadpool.proxy.cached = true (default)
2023-04-10 17:22:20,462 [Listener at 127.0.0.1/35635] INFO  server.RaftServerConfigKeys (ConfUtils.java:logGet(46)) - raft.server.threadpool.proxy.size = 0 (default)
2023-04-10 17:22:20,462 [Listener at 127.0.0.1/35635] INFO  server.RaftServerConfigKeys (ConfUtils.java:logGet(46)) - raft.server.rpc.slowness.timeout = 300000ms (custom)
2023-04-10 17:22:20,462 [Listener at 127.0.0.1/35635] INFO  server.RaftServerConfigKeys (ConfUtils.java:logGet(46)) - raft.server.leaderelection.leader.step-down.wait-time = 10s (default)
2023-04-10 17:22:20,462 [Listener at 127.0.0.1/35635] INFO  server.RaftServerConfigKeys (ConfUtils.java:logGet(46)) - raft.server.storage.dir = [/home/runner/work/ozone/ozone/hadoop-ozone/integration-test/target/test-dir/MiniOzoneClusterImpl-bd692c78-fb3a-4866-9e85-e2f4bd0dbf58/datanode-8/data/ratis] (custom)
2023-04-10 17:22:20,471 [Listener at 127.0.0.1/35635] INFO  server.XceiverServerGrpc (XceiverServerGrpc.java:<init>(132)) - GrpcServer channel type EpollServerSocketChannel
2023-04-10 17:22:20,474 [Listener at 127.0.0.1/35635] INFO  http.BaseHttpServer (BaseHttpServer.java:newHttpServer2BuilderForOzone(224)) - Starting Web-server for hddsDatanode at: http://0.0.0.0:0
2023-04-10 17:22:20,474 [Listener at 127.0.0.1/35635] INFO  http.BaseHttpServer (BaseHttpServer.java:<init>(111)) - Hadoop Security Enabled: false Ozone Security Enabled: false Ozone HTTP Security Enabled: false 
2023-04-10 17:22:20,484 [Listener at 127.0.0.1/35635] WARN  server.AuthenticationFilter (AuthenticationFilter.java:constructSecretProvider(240)) - Unable to initialize FileSignerSecretProvider, falling back to use random secrets. Reason: Could not read signature secret file: /home/runner/hadoop-http-auth-signature-secret
2023-04-10 17:22:20,485 [bfeb2be3-129f-4e57-9a47-316523ddd986-NettyServerStreamRpc-bossGroup--thread1] INFO  logging.LoggingHandler (AbstractInternalLogger.java:log(148)) - [id: 0x7d4b6c2a] REGISTERED
2023-04-10 17:22:20,485 [bfeb2be3-129f-4e57-9a47-316523ddd986-NettyServerStreamRpc-bossGroup--thread1] INFO  logging.LoggingHandler (AbstractInternalLogger.java:log(148)) - [id: 0x7d4b6c2a] BIND: 0.0.0.0/0.0.0.0:0
2023-04-10 17:22:20,485 [bfeb2be3-129f-4e57-9a47-316523ddd986-NettyServerStreamRpc-bossGroup--thread1] INFO  logging.LoggingHandler (AbstractInternalLogger.java:log(148)) - [id: 0x7d4b6c2a, L:/0:0:0:0:0:0:0:0:32789] ACTIVE
2023-04-10 17:22:20,486 [Listener at 127.0.0.1/35635] WARN  http.HttpRequestLog (HttpRequestLog.java:getRequestLog(103)) - Jetty request log can only be enabled using Log4j
2023-04-10 17:22:20,487 [Listener at 127.0.0.1/35635] INFO  http.HttpServer2 (HttpServer2.java:addGlobalFilter(1031)) - Added global filter 'safety' (class=org.apache.hadoop.hdds.server.http.HttpServer2$QuotingInputFilter)
2023-04-10 17:22:20,488 [Listener at 127.0.0.1/35635] INFO  http.HttpServer2 (HttpServer2.java:addFilter(1007)) - Added filter static_user_filter (class=org.apache.hadoop.http.lib.StaticUserWebFilter$StaticUserFilter) to context hddsDatanode
2023-04-10 17:22:20,489 [Listener at 127.0.0.1/35635] INFO  http.HttpServer2 (HttpServer2.java:addFilter(1015)) - Added filter static_user_filter (class=org.apache.hadoop.http.lib.StaticUserWebFilter$StaticUserFilter) to context logs
2023-04-10 17:22:20,489 [Listener at 127.0.0.1/35635] INFO  http.HttpServer2 (HttpServer2.java:addFilter(1015)) - Added filter static_user_filter (class=org.apache.hadoop.http.lib.StaticUserWebFilter$StaticUserFilter) to context static
2023-04-10 17:22:20,489 [Listener at 127.0.0.1/35635] INFO  http.BaseHttpServer (BaseHttpServer.java:<init>(190)) - HTTP server of hddsDatanode uses base directory /home/runner/work/ozone/ozone/hadoop-ozone/integration-test/target/test-dir/MiniOzoneClusterImpl-bd692c78-fb3a-4866-9e85-e2f4bd0dbf58/datanode-8/meta/webserver
2023-04-10 17:22:20,490 [Listener at 127.0.0.1/35635] INFO  http.HttpServer2 (HttpServer2.java:bindListener(1250)) - Jetty bound to port 36745
2023-04-10 17:22:20,490 [Listener at 127.0.0.1/35635] INFO  server.Server (Server.java:doStart(375)) - jetty-9.4.49.v20220914; built: 2022-09-14T01:07:36.601Z; git: 4231a3b2e4cb8548a412a789936d640a97b1aa0a; jvm 1.8.0_362-b09
2023-04-10 17:22:20,491 [Listener at 127.0.0.1/35635] INFO  server.session (DefaultSessionIdManager.java:doStart(334)) - DefaultSessionIdManager workerName=node0
2023-04-10 17:22:20,492 [Listener at 127.0.0.1/35635] INFO  server.session (DefaultSessionIdManager.java:doStart(339)) - No SessionScavenger set, using defaults
2023-04-10 17:22:20,492 [Listener at 127.0.0.1/35635] INFO  server.session (HouseKeeper.java:startScavenging(132)) - node0 Scavenging every 660000ms
2023-04-10 17:22:20,493 [Listener at 127.0.0.1/35635] INFO  handler.ContextHandler (ContextHandler.java:doStart(921)) - Started o.e.j.s.ServletContextHandler@ca69671{logs,/logs,file:///home/runner/work/ozone/ozone/hadoop-ozone/integration-test/target/log,AVAILABLE}
2023-04-10 17:22:20,493 [Listener at 127.0.0.1/35635] INFO  handler.ContextHandler (ContextHandler.java:doStart(921)) - Started o.e.j.s.ServletContextHandler@5cc430cb{static,/static,jar:file:/home/runner/.m2/repository/org/apache/ozone/hdds-container-service/1.4.0-SNAPSHOT/hdds-container-service-1.4.0-SNAPSHOT.jar!/webapps/static,AVAILABLE}
2023-04-10 17:22:20,704 [EndpointStateMachine task thread for /0.0.0.0:44281 - 0 ] INFO  utils.DatanodeStoreCache (DatanodeStoreCache.java:addDB(58)) - Added db /home/runner/work/ozone/ozone/hadoop-ozone/integration-test/target/test-dir/MiniOzoneClusterImpl-bd692c78-fb3a-4866-9e85-e2f4bd0dbf58/datanode-3/data-0/containers/hdds/bd692c78-fb3a-4866-9e85-e2f4bd0dbf58/DS-b0591fe6-a34a-4a5f-ba17-0d4840dfcdc4/container.db to cache
2023-04-10 17:22:20,708 [Listener at 127.0.0.1/35635] INFO  handler.ContextHandler (ContextHandler.java:doStart(921)) - Started o.e.j.w.WebAppContext@7910a722{hddsDatanode,/,file:///home/runner/work/ozone/ozone/hadoop-ozone/integration-test/target/test-dir/MiniOzoneClusterImpl-bd692c78-fb3a-4866-9e85-e2f4bd0dbf58/datanode-8/meta/webserver/jetty-0_0_0_0-36745-hdds-container-service-1_4_0-SNAPSHOT_jar-_-any-7559758435595012904/webapp/,AVAILABLE}{jar:file:/home/runner/.m2/repository/org/apache/ozone/hdds-container-service/1.4.0-SNAPSHOT/hdds-container-service-1.4.0-SNAPSHOT.jar!/webapps/hddsDatanode}
2023-04-10 17:22:20,711 [EndpointStateMachine task thread for /0.0.0.0:44281 - 0 ] INFO  volume.HddsVolume (HddsVolume.java:createDbStore(350)) - SchemaV3 db is created and loaded at /home/runner/work/ozone/ozone/hadoop-ozone/integration-test/target/test-dir/MiniOzoneClusterImpl-bd692c78-fb3a-4866-9e85-e2f4bd0dbf58/datanode-3/data-0/containers/hdds/bd692c78-fb3a-4866-9e85-e2f4bd0dbf58/DS-b0591fe6-a34a-4a5f-ba17-0d4840dfcdc4/container.db for volume DS-b0591fe6-a34a-4a5f-ba17-0d4840dfcdc4
2023-04-10 17:22:20,713 [Listener at 127.0.0.1/35635] INFO  server.AbstractConnector (AbstractConnector.java:doStart(333)) - Started ServerConnector@6dd08a62{HTTP/1.1, (http/1.1)}{0.0.0.0:36745}
2023-04-10 17:22:20,714 [Listener at 127.0.0.1/35635] INFO  server.Server (Server.java:doStart(415)) - Started @11774ms
2023-04-10 17:22:20,714 [Listener at 127.0.0.1/35635] WARN  impl.MetricsSystemImpl (MetricsSystemImpl.java:register(279)) - Sink prometheus already exists!
2023-04-10 17:22:20,714 [EndpointStateMachine task thread for /0.0.0.0:44281 - 0 ] INFO  ozoneimpl.OzoneContainer (OzoneContainer.java:start(397)) - Attempting to start container services.
2023-04-10 17:22:20,715 [EndpointStateMachine task thread for /0.0.0.0:44281 - 0 ] INFO  ozoneimpl.OzoneContainer (OzoneContainer.java:startContainerScrub(314)) - Scheduled background container scanners and the on-demand container scanner have been disabled.
2023-04-10 17:22:20,718 [EndpointStateMachine task thread for /0.0.0.0:44281 - 0 ] INFO  replication.ReplicationServer (ReplicationServer.java:start(109)) - ReplicationServer is started using port 44847
2023-04-10 17:22:20,719 [EndpointStateMachine task thread for /0.0.0.0:44281 - 0 ] INFO  ratis.XceiverServerRatis (XceiverServerRatis.java:start(517)) - Starting XceiverServerRatis 5409a7e1-30d0-4745-ac51-a822fb81fdf2
2023-04-10 17:22:20,719 [EndpointStateMachine task thread for /0.0.0.0:44281 - 0 ] INFO  server.RaftServer (RaftServerProxy.java:startImpl(393)) - 5409a7e1-30d0-4745-ac51-a822fb81fdf2: start RPC server
2023-04-10 17:22:20,719 [Listener at 127.0.0.1/35635] INFO  http.BaseHttpServer (BaseHttpServer.java:updateConnectorAddress(344)) - HTTP server of hddsDatanode listening at http://0.0.0.0:36745
2023-04-10 17:22:20,721 [Datanode State Machine Daemon Thread] INFO  statemachine.DatanodeStateMachine (DatanodeStateMachine.java:lambda$startDaemon$0(517)) - Ozone container server started.
2023-04-10 17:22:20,722 [EndpointStateMachine task thread for /0.0.0.0:44281 - 0 ] INFO  server.GrpcService (GrpcService.java:startImpl(262)) - 5409a7e1-30d0-4745-ac51-a822fb81fdf2: GrpcService started, listening on 44977
2023-04-10 17:22:20,722 [Listener at 127.0.0.1/35635] WARN  impl.MetricRegistriesImpl (MetricRegistriesImpl.java:addReporterRegistration(111)) - New reporters are added after registries were created. Some metrics will be missing from the reporter. Please add reporter before adding any new registry.
2023-04-10 17:22:20,723 [Listener at 127.0.0.1/35635] WARN  impl.MetricRegistriesImpl (MetricRegistriesImpl.java:addReporterRegistration(111)) - New reporters are added after registries were created. Some metrics will be missing from the reporter. Please add reporter before adding any new registry.
2023-04-10 17:22:20,723 [Listener at 127.0.0.1/35635] INFO  impl.MetricsSystemImpl (MetricsSystemImpl.java:init(158)) - HddsDatanode metrics system started (again)
2023-04-10 17:22:20,732 [EndpointStateMachine task thread for /0.0.0.0:44281 - 0 ] INFO  ratis.XceiverServerRatis (XceiverServerRatis.java:getRealPort(543)) - XceiverServerRatis 5409a7e1-30d0-4745-ac51-a822fb81fdf2 is started using port 44977 for RATIS
2023-04-10 17:22:20,732 [EndpointStateMachine task thread for /0.0.0.0:44281 - 0 ] INFO  ratis.XceiverServerRatis (XceiverServerRatis.java:getRealPort(543)) - XceiverServerRatis 5409a7e1-30d0-4745-ac51-a822fb81fdf2 is started using port 44977 for RATIS_ADMIN
2023-04-10 17:22:20,732 [EndpointStateMachine task thread for /0.0.0.0:44281 - 0 ] INFO  ratis.XceiverServerRatis (XceiverServerRatis.java:getRealPort(543)) - XceiverServerRatis 5409a7e1-30d0-4745-ac51-a822fb81fdf2 is started using port 44977 for RATIS_SERVER
2023-04-10 17:22:20,732 [EndpointStateMachine task thread for /0.0.0.0:44281 - 0 ] INFO  ratis.XceiverServerRatis (XceiverServerRatis.java:getRealPort(543)) - XceiverServerRatis 5409a7e1-30d0-4745-ac51-a822fb81fdf2 is started using port 46461 for RATIS_DATASTREAM
2023-04-10 17:22:20,743 [org.apache.hadoop.util.JvmPauseMonitor$Monitor@58564a62] INFO  util.JvmPauseMonitor (JvmPauseMonitor.java:run(188)) - Starting JVM pause monitor
2023-04-10 17:22:20,744 [JvmPauseMonitor4] INFO  util.JvmPauseMonitor (JvmPauseMonitor.java:run(105)) - JvmPauseMonitor-5409a7e1-30d0-4745-ac51-a822fb81fdf2: Started
2023-04-10 17:22:20,747 [Datanode State Machine Task Thread - 0] INFO  datanode.InitDatanodeState (InitDatanodeState.java:persistContainerDatanodeDetails(138)) - DatanodeDetails is persisted to /home/runner/work/ozone/ozone/hadoop-ozone/integration-test/target/test-dir/MiniOzoneClusterImpl-bd692c78-fb3a-4866-9e85-e2f4bd0dbf58/datanode-8/meta/datanode.id
2023-04-10 17:22:20,749 [Listener at 127.0.0.1/35635] INFO  ozone.HddsDatanodeService (HddsDatanodeService.java:start(252)) - HddsDatanodeService host:fv-az201-37 ip:10.1.0.59
2023-04-10 17:22:20,751 [EndpointStateMachine task thread for /0.0.0.0:44281 - 0 ] INFO  server.XceiverServerGrpc (XceiverServerGrpc.java:start(180)) - XceiverServerGrpc 5409a7e1-30d0-4745-ac51-a822fb81fdf2 is started using port 35001
2023-04-10 17:22:20,757 [BlockDeletingService#0] INFO  interfaces.ContainerDeletionChoosingPolicyTemplate (ContainerDeletionChoosingPolicyTemplate.java:chooseContainerForBlockDeletion(83)) - Chosen 0/5000 blocks from 0 candidate containers.
2023-04-10 17:22:20,773 [Listener at 127.0.0.1/35635] INFO  upgrade.AbstractLayoutVersionManager (AbstractLayoutVersionManager.java:init(83)) - Initializing Layout version manager with metadata layout = WEBUI_PORTS_IN_DATANODEDETAILS (version = 6), software layout = WEBUI_PORTS_IN_DATANODEDETAILS (version = 6)
2023-04-10 17:22:20,825 [Listener at 127.0.0.1/35635] INFO  reflections.Reflections (Reflections.java:scan(232)) - Reflections took 51 ms to scan 7 urls, producing 156 keys and 369 values 
2023-04-10 17:22:20,826 [Listener at 127.0.0.1/35635] INFO  statemachine.DatanodeStateMachine (DatanodeStateMachine.java:getEndPointTaskThreadPoolSize(260)) - Datanode State Machine Task Thread Pool size 2
2023-04-10 17:22:20,840 [Listener at 127.0.0.1/35635] INFO  volume.HddsVolume (HddsVolume.java:<init>(130)) - Creating HddsVolume: /home/runner/work/ozone/ozone/hadoop-ozone/integration-test/target/test-dir/MiniOzoneClusterImpl-bd692c78-fb3a-4866-9e85-e2f4bd0dbf58/datanode-9/data-0/containers/hdds of storage type : DISK capacity : 9223372036854775807
2023-04-10 17:22:20,841 [Listener at 127.0.0.1/35635] INFO  volume.MutableVolumeSet (MutableVolumeSet.java:initializeVolumeSet(175)) - Added Volume : /home/runner/work/ozone/ozone/hadoop-ozone/integration-test/target/test-dir/MiniOzoneClusterImpl-bd692c78-fb3a-4866-9e85-e2f4bd0dbf58/datanode-9/data-0/containers/hdds to VolumeSet
2023-04-10 17:22:20,841 [Listener at 127.0.0.1/35635] INFO  volume.ThrottledAsyncChecker (ThrottledAsyncChecker.java:schedule(141)) - Scheduling a check for /home/runner/work/ozone/ozone/hadoop-ozone/integration-test/target/test-dir/MiniOzoneClusterImpl-bd692c78-fb3a-4866-9e85-e2f4bd0dbf58/datanode-9/data-0/containers/hdds
2023-04-10 17:22:20,847 [Listener at 127.0.0.1/35635] INFO  volume.StorageVolumeChecker (StorageVolumeChecker.java:checkAllVolumes(202)) - Scheduled health check for volume /home/runner/work/ozone/ozone/hadoop-ozone/integration-test/target/test-dir/MiniOzoneClusterImpl-bd692c78-fb3a-4866-9e85-e2f4bd0dbf58/datanode-9/data-0/containers/hdds
2023-04-10 17:22:20,859 [Listener at 127.0.0.1/35635] INFO  volume.MutableVolumeSet (MutableVolumeSet.java:initializeVolumeSet(175)) - Added Volume : /home/runner/work/ozone/ozone/hadoop-ozone/integration-test/target/test-dir/MiniOzoneClusterImpl-bd692c78-fb3a-4866-9e85-e2f4bd0dbf58/datanode-9/data/ratis to VolumeSet
2023-04-10 17:22:20,860 [Listener at 127.0.0.1/35635] INFO  volume.ThrottledAsyncChecker (ThrottledAsyncChecker.java:schedule(141)) - Scheduling a check for /home/runner/work/ozone/ozone/hadoop-ozone/integration-test/target/test-dir/MiniOzoneClusterImpl-bd692c78-fb3a-4866-9e85-e2f4bd0dbf58/datanode-9/data/ratis
2023-04-10 17:22:20,860 [Listener at 127.0.0.1/35635] INFO  volume.StorageVolumeChecker (StorageVolumeChecker.java:checkAllVolumes(202)) - Scheduled health check for volume /home/runner/work/ozone/ozone/hadoop-ozone/integration-test/target/test-dir/MiniOzoneClusterImpl-bd692c78-fb3a-4866-9e85-e2f4bd0dbf58/datanode-9/data/ratis
2023-04-10 17:22:20,873 [Thread-286] INFO  ozoneimpl.ContainerReader (ContainerReader.java:readVolume(175)) - Finish verifying containers on volume /home/runner/work/ozone/ozone/hadoop-ozone/integration-test/target/test-dir/MiniOzoneClusterImpl-bd692c78-fb3a-4866-9e85-e2f4bd0dbf58/datanode-9/data-0/containers/hdds
2023-04-10 17:22:20,873 [Listener at 127.0.0.1/35635] INFO  ozoneimpl.OzoneContainer (OzoneContainer.java:buildContainerSet(303)) - Build ContainerSet costs 0s
2023-04-10 17:22:20,880 [Listener at 127.0.0.1/35635] INFO  server.RaftServer (ConfUtils.java:logGet(46)) - raft.rpc.type = GRPC (default)
2023-04-10 17:22:20,880 [Listener at 127.0.0.1/35635] INFO  grpc.GrpcConfigKeys (ConfUtils.java:logFallback(53)) - raft.grpc.admin.host = null (fallback to raft.grpc.server.host)
2023-04-10 17:22:20,881 [Listener at 127.0.0.1/35635] INFO  grpc.GrpcConfigKeys (ConfUtils.java:logGet(46)) - raft.grpc.admin.port = 0 (custom)
2023-04-10 17:22:20,881 [Listener at 127.0.0.1/35635] INFO  grpc.GrpcConfigKeys (ConfUtils.java:logFallback(53)) - raft.grpc.client.host = null (fallback to raft.grpc.server.host)
2023-04-10 17:22:20,881 [Listener at 127.0.0.1/35635] INFO  grpc.GrpcConfigKeys (ConfUtils.java:logGet(46)) - raft.grpc.client.port = 0 (custom)
2023-04-10 17:22:20,881 [Listener at 127.0.0.1/35635] INFO  grpc.GrpcConfigKeys (ConfUtils.java:logGet(46)) - raft.grpc.server.host = null (default)
2023-04-10 17:22:20,881 [Listener at 127.0.0.1/35635] INFO  grpc.GrpcConfigKeys (ConfUtils.java:logGet(46)) - raft.grpc.server.port = 0 (default)
2023-04-10 17:22:20,881 [Listener at 127.0.0.1/35635] INFO  server.GrpcService (ConfUtils.java:logGet(46)) - raft.grpc.message.size.max = 32MB (=33554432) (custom)
2023-04-10 17:22:20,881 [Listener at 127.0.0.1/35635] INFO  server.RaftServerConfigKeys (ConfUtils.java:logGet(46)) - raft.server.log.appender.buffer.byte-limit = 33554432 (custom)
2023-04-10 17:22:20,881 [Listener at 127.0.0.1/35635] INFO  server.GrpcService (ConfUtils.java:logGet(46)) - raft.grpc.flow.control.window = 5MB (=5242880) (custom)
2023-04-10 17:22:20,882 [Listener at 127.0.0.1/35635] INFO  server.RaftServerConfigKeys (ConfUtils.java:logGet(46)) - raft.server.rpc.request.timeout = 3000ms (default)
2023-04-10 17:22:20,882 [Listener at 127.0.0.1/35635] INFO  grpc.GrpcConfigKeys (ConfUtils.java:logGet(46)) - raft.grpc.server.heartbeat.channel = true (default)
2023-04-10 17:22:20,882 [Listener at 127.0.0.1/35635] INFO  grpc.GrpcConfigKeys (ConfUtils.java:logGet(46)) - raft.grpc.server.async.request.thread.pool.cached = true (default)
2023-04-10 17:22:20,882 [Listener at 127.0.0.1/35635] INFO  grpc.GrpcConfigKeys (ConfUtils.java:logGet(46)) - raft.grpc.server.async.request.thread.pool.size = 32 (default)
2023-04-10 17:22:20,883 [Listener at 127.0.0.1/35635] INFO  impl.DataStreamServerImpl (ConfUtils.java:logGet(46)) - raft.datastream.type = NETTY (custom)
2023-04-10 17:22:20,884 [Listener at 127.0.0.1/35635] INFO  server.RaftServerConfigKeys (ConfUtils.java:logGet(46)) - raft.server.data-stream.async.request.thread.pool.cached = false (default)
2023-04-10 17:22:20,884 [Listener at 127.0.0.1/35635] INFO  server.RaftServerConfigKeys (ConfUtils.java:logGet(46)) - raft.server.data-stream.async.request.thread.pool.size = 20 (custom)
2023-04-10 17:22:20,884 [Listener at 127.0.0.1/35635] INFO  server.RaftServerConfigKeys (ConfUtils.java:logGet(46)) - raft.server.data-stream.async.write.thread.pool.size = 16 (default)
2023-04-10 17:22:20,884 [Listener at 127.0.0.1/35635] INFO  server.RaftServerConfigKeys (ConfUtils.java:logGet(46)) - raft.server.data-stream.client.pool.size = 10 (default)
2023-04-10 17:22:20,884 [Listener at 127.0.0.1/35635] INFO  netty.NettyConfigKeys$DataStream (ConfUtils.java:logGet(46)) - raft.netty.dataStream.server.use-epoll = false (default)
2023-04-10 17:22:20,884 [Listener at 127.0.0.1/35635] INFO  netty.NettyConfigKeys$DataStream (ConfUtils.java:logGet(46)) - raft.netty.dataStream.server.boss-group.size = 0 (default)
2023-04-10 17:22:20,885 [Listener at 127.0.0.1/35635] INFO  netty.NettyConfigKeys$DataStream (ConfUtils.java:logGet(46)) - raft.netty.dataStream.server.worker-group.size = 0 (default)
2023-04-10 17:22:20,885 [Listener at 127.0.0.1/35635] INFO  netty.NettyConfigKeys$DataStream (ConfUtils.java:logGet(46)) - raft.netty.dataStream.server.tls.conf = null (default)
2023-04-10 17:22:20,885 [Listener at 127.0.0.1/35635] INFO  netty.NettyConfigKeys$DataStream (ConfUtils.java:logGet(46)) - raft.netty.dataStream.host = null (default)
2023-04-10 17:22:20,885 [Listener at 127.0.0.1/35635] INFO  netty.NettyConfigKeys$DataStream (ConfUtils.java:logGet(46)) - raft.netty.dataStream.port = 0 (default)
2023-04-10 17:22:20,886 [Listener at 127.0.0.1/35635] INFO  server.RaftServerConfigKeys (ConfUtils.java:logGet(46)) - raft.server.threadpool.proxy.cached = true (default)
2023-04-10 17:22:20,886 [Listener at 127.0.0.1/35635] INFO  server.RaftServerConfigKeys (ConfUtils.java:logGet(46)) - raft.server.threadpool.proxy.size = 0 (default)
2023-04-10 17:22:20,886 [Listener at 127.0.0.1/35635] INFO  server.RaftServerConfigKeys (ConfUtils.java:logGet(46)) - raft.server.rpc.slowness.timeout = 300000ms (custom)
2023-04-10 17:22:20,886 [Listener at 127.0.0.1/35635] INFO  server.RaftServerConfigKeys (ConfUtils.java:logGet(46)) - raft.server.leaderelection.leader.step-down.wait-time = 10s (default)
2023-04-10 17:22:20,886 [Listener at 127.0.0.1/35635] INFO  server.RaftServerConfigKeys (ConfUtils.java:logGet(46)) - raft.server.storage.dir = [/home/runner/work/ozone/ozone/hadoop-ozone/integration-test/target/test-dir/MiniOzoneClusterImpl-bd692c78-fb3a-4866-9e85-e2f4bd0dbf58/datanode-9/data/ratis] (custom)
2023-04-10 17:22:20,889 [54c8c833-6222-4a6a-826b-1192c6ee83f0-NettyServerStreamRpc-bossGroup--thread1] INFO  logging.LoggingHandler (AbstractInternalLogger.java:log(148)) - [id: 0x266e4155] REGISTERED
2023-04-10 17:22:20,890 [54c8c833-6222-4a6a-826b-1192c6ee83f0-NettyServerStreamRpc-bossGroup--thread1] INFO  logging.LoggingHandler (AbstractInternalLogger.java:log(148)) - [id: 0x266e4155] BIND: 0.0.0.0/0.0.0.0:0
2023-04-10 17:22:20,890 [54c8c833-6222-4a6a-826b-1192c6ee83f0-NettyServerStreamRpc-bossGroup--thread1] INFO  logging.LoggingHandler (AbstractInternalLogger.java:log(148)) - [id: 0x266e4155, L:/0:0:0:0:0:0:0:0:34723] ACTIVE
2023-04-10 17:22:20,892 [Listener at 127.0.0.1/35635] INFO  server.XceiverServerGrpc (XceiverServerGrpc.java:<init>(132)) - GrpcServer channel type EpollServerSocketChannel
2023-04-10 17:22:20,896 [Listener at 127.0.0.1/35635] INFO  http.BaseHttpServer (BaseHttpServer.java:newHttpServer2BuilderForOzone(224)) - Starting Web-server for hddsDatanode at: http://0.0.0.0:0
2023-04-10 17:22:20,896 [Listener at 127.0.0.1/35635] INFO  http.BaseHttpServer (BaseHttpServer.java:<init>(111)) - Hadoop Security Enabled: false Ozone Security Enabled: false Ozone HTTP Security Enabled: false 
2023-04-10 17:22:20,897 [Listener at 127.0.0.1/35635] WARN  server.AuthenticationFilter (AuthenticationFilter.java:constructSecretProvider(240)) - Unable to initialize FileSignerSecretProvider, falling back to use random secrets. Reason: Could not read signature secret file: /home/runner/hadoop-http-auth-signature-secret
2023-04-10 17:22:20,898 [Listener at 127.0.0.1/35635] WARN  http.HttpRequestLog (HttpRequestLog.java:getRequestLog(103)) - Jetty request log can only be enabled using Log4j
2023-04-10 17:22:20,899 [Listener at 127.0.0.1/35635] INFO  http.HttpServer2 (HttpServer2.java:addGlobalFilter(1031)) - Added global filter 'safety' (class=org.apache.hadoop.hdds.server.http.HttpServer2$QuotingInputFilter)
2023-04-10 17:22:20,900 [Listener at 127.0.0.1/35635] INFO  http.HttpServer2 (HttpServer2.java:addFilter(1007)) - Added filter static_user_filter (class=org.apache.hadoop.http.lib.StaticUserWebFilter$StaticUserFilter) to context hddsDatanode
2023-04-10 17:22:20,900 [Listener at 127.0.0.1/35635] INFO  http.HttpServer2 (HttpServer2.java:addFilter(1015)) - Added filter static_user_filter (class=org.apache.hadoop.http.lib.StaticUserWebFilter$StaticUserFilter) to context logs
2023-04-10 17:22:20,900 [Listener at 127.0.0.1/35635] INFO  http.HttpServer2 (HttpServer2.java:addFilter(1015)) - Added filter static_user_filter (class=org.apache.hadoop.http.lib.StaticUserWebFilter$StaticUserFilter) to context static
2023-04-10 17:22:20,900 [Listener at 127.0.0.1/35635] INFO  http.BaseHttpServer (BaseHttpServer.java:<init>(190)) - HTTP server of hddsDatanode uses base directory /home/runner/work/ozone/ozone/hadoop-ozone/integration-test/target/test-dir/MiniOzoneClusterImpl-bd692c78-fb3a-4866-9e85-e2f4bd0dbf58/datanode-9/meta/webserver
2023-04-10 17:22:20,901 [Listener at 127.0.0.1/35635] INFO  http.HttpServer2 (HttpServer2.java:bindListener(1250)) - Jetty bound to port 34467
2023-04-10 17:22:20,901 [Listener at 127.0.0.1/35635] INFO  server.Server (Server.java:doStart(375)) - jetty-9.4.49.v20220914; built: 2022-09-14T01:07:36.601Z; git: 4231a3b2e4cb8548a412a789936d640a97b1aa0a; jvm 1.8.0_362-b09
2023-04-10 17:22:20,902 [Listener at 127.0.0.1/35635] INFO  server.session (DefaultSessionIdManager.java:doStart(334)) - DefaultSessionIdManager workerName=node0
2023-04-10 17:22:20,902 [Listener at 127.0.0.1/35635] INFO  server.session (DefaultSessionIdManager.java:doStart(339)) - No SessionScavenger set, using defaults
2023-04-10 17:22:20,903 [Listener at 127.0.0.1/35635] INFO  server.session (HouseKeeper.java:startScavenging(132)) - node0 Scavenging every 660000ms
2023-04-10 17:22:20,906 [Listener at 127.0.0.1/35635] INFO  handler.ContextHandler (ContextHandler.java:doStart(921)) - Started o.e.j.s.ServletContextHandler@7dbb7241{logs,/logs,file:///home/runner/work/ozone/ozone/hadoop-ozone/integration-test/target/log,AVAILABLE}
2023-04-10 17:22:20,907 [Listener at 127.0.0.1/35635] INFO  handler.ContextHandler (ContextHandler.java:doStart(921)) - Started o.e.j.s.ServletContextHandler@373bfbf6{static,/static,jar:file:/home/runner/.m2/repository/org/apache/ozone/hdds-container-service/1.4.0-SNAPSHOT/hdds-container-service-1.4.0-SNAPSHOT.jar!/webapps/static,AVAILABLE}
2023-04-10 17:22:21,037 [EndpointStateMachine task thread for /0.0.0.0:44281 - 0 ] INFO  utils.DatanodeStoreCache (DatanodeStoreCache.java:addDB(58)) - Added db /home/runner/work/ozone/ozone/hadoop-ozone/integration-test/target/test-dir/MiniOzoneClusterImpl-bd692c78-fb3a-4866-9e85-e2f4bd0dbf58/datanode-4/data-0/containers/hdds/bd692c78-fb3a-4866-9e85-e2f4bd0dbf58/DS-3138d4d0-5ee6-4957-b4cc-b6daa471a0a8/container.db to cache
2023-04-10 17:22:21,037 [EndpointStateMachine task thread for /0.0.0.0:44281 - 0 ] INFO  volume.HddsVolume (HddsVolume.java:createDbStore(350)) - SchemaV3 db is created and loaded at /home/runner/work/ozone/ozone/hadoop-ozone/integration-test/target/test-dir/MiniOzoneClusterImpl-bd692c78-fb3a-4866-9e85-e2f4bd0dbf58/datanode-4/data-0/containers/hdds/bd692c78-fb3a-4866-9e85-e2f4bd0dbf58/DS-3138d4d0-5ee6-4957-b4cc-b6daa471a0a8/container.db for volume DS-3138d4d0-5ee6-4957-b4cc-b6daa471a0a8
2023-04-10 17:22:21,037 [EndpointStateMachine task thread for /0.0.0.0:44281 - 0 ] INFO  ozoneimpl.OzoneContainer (OzoneContainer.java:start(397)) - Attempting to start container services.
2023-04-10 17:22:21,038 [EndpointStateMachine task thread for /0.0.0.0:44281 - 0 ] INFO  ozoneimpl.OzoneContainer (OzoneContainer.java:startContainerScrub(314)) - Scheduled background container scanners and the on-demand container scanner have been disabled.
2023-04-10 17:22:21,041 [EndpointStateMachine task thread for /0.0.0.0:44281 - 0 ] INFO  replication.ReplicationServer (ReplicationServer.java:start(109)) - ReplicationServer is started using port 33419
2023-04-10 17:22:21,041 [EndpointStateMachine task thread for /0.0.0.0:44281 - 0 ] INFO  ratis.XceiverServerRatis (XceiverServerRatis.java:start(517)) - Starting XceiverServerRatis c97d6447-1a4d-4694-905e-ecb7e619760c
2023-04-10 17:22:21,047 [EndpointStateMachine task thread for /0.0.0.0:44281 - 0 ] INFO  server.RaftServer (RaftServerProxy.java:startImpl(393)) - c97d6447-1a4d-4694-905e-ecb7e619760c: start RPC server
2023-04-10 17:22:21,050 [EndpointStateMachine task thread for /0.0.0.0:44281 - 0 ] INFO  server.GrpcService (GrpcService.java:startImpl(262)) - c97d6447-1a4d-4694-905e-ecb7e619760c: GrpcService started, listening on 37075
2023-04-10 17:22:21,055 [EndpointStateMachine task thread for /0.0.0.0:44281 - 0 ] INFO  ratis.XceiverServerRatis (XceiverServerRatis.java:getRealPort(543)) - XceiverServerRatis c97d6447-1a4d-4694-905e-ecb7e619760c is started using port 37075 for RATIS
2023-04-10 17:22:21,055 [EndpointStateMachine task thread for /0.0.0.0:44281 - 0 ] INFO  ratis.XceiverServerRatis (XceiverServerRatis.java:getRealPort(543)) - XceiverServerRatis c97d6447-1a4d-4694-905e-ecb7e619760c is started using port 37075 for RATIS_ADMIN
2023-04-10 17:22:21,055 [EndpointStateMachine task thread for /0.0.0.0:44281 - 0 ] INFO  ratis.XceiverServerRatis (XceiverServerRatis.java:getRealPort(543)) - XceiverServerRatis c97d6447-1a4d-4694-905e-ecb7e619760c is started using port 37075 for RATIS_SERVER
2023-04-10 17:22:21,055 [EndpointStateMachine task thread for /0.0.0.0:44281 - 0 ] INFO  ratis.XceiverServerRatis (XceiverServerRatis.java:getRealPort(543)) - XceiverServerRatis c97d6447-1a4d-4694-905e-ecb7e619760c is started using port 44001 for RATIS_DATASTREAM
2023-04-10 17:22:21,055 [JvmPauseMonitor5] INFO  util.JvmPauseMonitor (JvmPauseMonitor.java:run(105)) - JvmPauseMonitor-c97d6447-1a4d-4694-905e-ecb7e619760c: Started
2023-04-10 17:22:21,061 [EndpointStateMachine task thread for /0.0.0.0:44281 - 0 ] INFO  server.XceiverServerGrpc (XceiverServerGrpc.java:start(180)) - XceiverServerGrpc c97d6447-1a4d-4694-905e-ecb7e619760c is started using port 40133
2023-04-10 17:22:21,068 [BlockDeletingService#0] INFO  interfaces.ContainerDeletionChoosingPolicyTemplate (ContainerDeletionChoosingPolicyTemplate.java:chooseContainerForBlockDeletion(83)) - Chosen 0/5000 blocks from 0 candidate containers.
2023-04-10 17:22:21,126 [Listener at 127.0.0.1/35635] INFO  handler.ContextHandler (ContextHandler.java:doStart(921)) - Started o.e.j.w.WebAppContext@3c4ed98f{hddsDatanode,/,file:///home/runner/work/ozone/ozone/hadoop-ozone/integration-test/target/test-dir/MiniOzoneClusterImpl-bd692c78-fb3a-4866-9e85-e2f4bd0dbf58/datanode-9/meta/webserver/jetty-0_0_0_0-34467-hdds-container-service-1_4_0-SNAPSHOT_jar-_-any-6796776206895478813/webapp/,AVAILABLE}{jar:file:/home/runner/.m2/repository/org/apache/ozone/hdds-container-service/1.4.0-SNAPSHOT/hdds-container-service-1.4.0-SNAPSHOT.jar!/webapps/hddsDatanode}
2023-04-10 17:22:21,128 [Listener at 127.0.0.1/35635] INFO  server.AbstractConnector (AbstractConnector.java:doStart(333)) - Started ServerConnector@75c3b351{HTTP/1.1, (http/1.1)}{0.0.0.0:34467}
2023-04-10 17:22:21,128 [Listener at 127.0.0.1/35635] INFO  server.Server (Server.java:doStart(415)) - Started @12188ms
2023-04-10 17:22:21,128 [Listener at 127.0.0.1/35635] WARN  impl.MetricsSystemImpl (MetricsSystemImpl.java:register(279)) - Sink prometheus already exists!
2023-04-10 17:22:21,129 [Listener at 127.0.0.1/35635] INFO  http.BaseHttpServer (BaseHttpServer.java:updateConnectorAddress(344)) - HTTP server of hddsDatanode listening at http://0.0.0.0:34467
2023-04-10 17:22:21,129 [Datanode State Machine Daemon Thread] INFO  statemachine.DatanodeStateMachine (DatanodeStateMachine.java:lambda$startDaemon$0(517)) - Ozone container server started.
2023-04-10 17:22:21,135 [Listener at 127.0.0.1/35635] INFO  ozone.MiniOzoneClusterImpl (MiniOzoneClusterImpl.java:lambda$waitForClusterToBeReady$0(222)) - Waiting for nodes to be ready. Got 0 of 10 DN Heartbeats.
2023-04-10 17:22:21,135 [Listener at 127.0.0.1/35635] INFO  ozone.MiniOzoneClusterImpl (MiniOzoneClusterImpl.java:lambda$waitForClusterToBeReady$0(225)) - Waiting for cluster to exit safe mode
2023-04-10 17:22:21,136 [Listener at 127.0.0.1/35635] INFO  ozone.MiniOzoneClusterImpl (MiniOzoneClusterImpl.java:lambda$waitForClusterToBeReady$0(227)) - SCM became leader
2023-04-10 17:22:21,136 [org.apache.hadoop.util.JvmPauseMonitor$Monitor@d395e3b] INFO  util.JvmPauseMonitor (JvmPauseMonitor.java:run(188)) - Starting JVM pause monitor
2023-04-10 17:22:21,147 [Datanode State Machine Task Thread - 0] INFO  datanode.InitDatanodeState (InitDatanodeState.java:persistContainerDatanodeDetails(138)) - DatanodeDetails is persisted to /home/runner/work/ozone/ozone/hadoop-ozone/integration-test/target/test-dir/MiniOzoneClusterImpl-bd692c78-fb3a-4866-9e85-e2f4bd0dbf58/datanode-9/meta/datanode.id
2023-04-10 17:22:21,245 [IPC Server handler 0 on default port 44281] INFO  net.NetworkTopologyImpl (NetworkTopologyImpl.java:add(112)) - Added a new node: /default-rack/cd4ac3e2-47ba-443c-8aa0-40ab251a0f4e
2023-04-10 17:22:21,248 [IPC Server handler 0 on default port 44281] INFO  node.SCMNodeManager (SCMNodeManager.java:register(404)) - Registered Data node : cd4ac3e2-47ba-443c-8aa0-40ab251a0f4e{ip: 10.1.0.59, host: fv-az201-37, ports: [HTTP=39331, REPLICATION=43187, RATIS=42823, RATIS_ADMIN=42823, RATIS_SERVER=42823, RATIS_DATASTREAM=35537, STANDALONE=38037], networkLocation: /default-rack, certSerialId: null, persistedOpState: null, persistedOpStateExpiryEpochSec: 0}
2023-04-10 17:22:21,253 [EventQueue-NewNodeForNewNodeHandler] INFO  pipeline.BackgroundPipelineCreator (BackgroundPipelineCreator.java:notifyEventTriggered(276)) - trigger a one-shot run on RatisPipelineUtilsThread.
2023-04-10 17:22:21,261 [RatisPipelineUtilsThread - 0] INFO  pipeline.RatisPipelineProvider (RatisPipelineProvider.java:lambda$create$0(206)) - Sending CreatePipelineCommand for pipeline:PipelineID=fc80b205-378d-49cc-9419-16c16c8963c8 to datanode:cd4ac3e2-47ba-443c-8aa0-40ab251a0f4e
2023-04-10 17:22:21,261 [EventQueue-NodeRegistrationContainerReportForDataNodeSafeModeRule] INFO  safemode.SCMSafeModeManager (DataNodeSafeModeRule.java:process(71)) - SCM in safe mode. 1 DataNodes registered, 3 required.
2023-04-10 17:22:21,261 [EventQueue-NodeRegistrationContainerReportForContainerSafeModeRule] INFO  safemode.SCMSafeModeManager (SCMSafeModeManager.java:validateSafeModeExitRules(200)) - ContainerSafeModeRule rule is successfully validated
2023-04-10 17:22:21,266 [EventQueue-PipelineReportForOneReplicaPipelineSafeModeRule] INFO  safemode.SCMSafeModeManager (SCMSafeModeManager.java:validateSafeModeExitRules(200)) - AtleastOneDatanodeReportedRule rule is successfully validated
2023-04-10 17:22:21,276 [RatisPipelineUtilsThread - 0] INFO  pipeline.PipelineStateManagerImpl (PipelineStateManagerImpl.java:addPipeline(103)) - Created pipeline Pipeline[ Id: fc80b205-378d-49cc-9419-16c16c8963c8, Nodes: cd4ac3e2-47ba-443c-8aa0-40ab251a0f4e(fv-az201-37/10.1.0.59), ReplicationConfig: RATIS/ONE, State:ALLOCATED, leaderId:, CreationTimestamp2023-04-10T17:22:21.260Z[Etc/UTC]].
2023-04-10 17:22:21,499 [EndpointStateMachine task thread for /0.0.0.0:44281 - 0 ] INFO  utils.DatanodeStoreCache (DatanodeStoreCache.java:addDB(58)) - Added db /home/runner/work/ozone/ozone/hadoop-ozone/integration-test/target/test-dir/MiniOzoneClusterImpl-bd692c78-fb3a-4866-9e85-e2f4bd0dbf58/datanode-5/data-0/containers/hdds/bd692c78-fb3a-4866-9e85-e2f4bd0dbf58/DS-5596468a-a5ea-495e-a33e-8f8c65d83587/container.db to cache
2023-04-10 17:22:21,499 [EndpointStateMachine task thread for /0.0.0.0:44281 - 0 ] INFO  volume.HddsVolume (HddsVolume.java:createDbStore(350)) - SchemaV3 db is created and loaded at /home/runner/work/ozone/ozone/hadoop-ozone/integration-test/target/test-dir/MiniOzoneClusterImpl-bd692c78-fb3a-4866-9e85-e2f4bd0dbf58/datanode-5/data-0/containers/hdds/bd692c78-fb3a-4866-9e85-e2f4bd0dbf58/DS-5596468a-a5ea-495e-a33e-8f8c65d83587/container.db for volume DS-5596468a-a5ea-495e-a33e-8f8c65d83587
2023-04-10 17:22:21,500 [EndpointStateMachine task thread for /0.0.0.0:44281 - 0 ] INFO  ozoneimpl.OzoneContainer (OzoneContainer.java:start(397)) - Attempting to start container services.
2023-04-10 17:22:21,500 [EndpointStateMachine task thread for /0.0.0.0:44281 - 0 ] INFO  ozoneimpl.OzoneContainer (OzoneContainer.java:startContainerScrub(314)) - Scheduled background container scanners and the on-demand container scanner have been disabled.
2023-04-10 17:22:21,503 [EndpointStateMachine task thread for /0.0.0.0:44281 - 0 ] INFO  replication.ReplicationServer (ReplicationServer.java:start(109)) - ReplicationServer is started using port 39385
2023-04-10 17:22:21,503 [EndpointStateMachine task thread for /0.0.0.0:44281 - 0 ] INFO  ratis.XceiverServerRatis (XceiverServerRatis.java:start(517)) - Starting XceiverServerRatis a57f48d7-536d-4afe-bf9f-8dd3ac661106
2023-04-10 17:22:21,504 [EndpointStateMachine task thread for /0.0.0.0:44281 - 0 ] INFO  server.RaftServer (RaftServerProxy.java:startImpl(393)) - a57f48d7-536d-4afe-bf9f-8dd3ac661106: start RPC server
2023-04-10 17:22:21,510 [EndpointStateMachine task thread for /0.0.0.0:44281 - 0 ] INFO  server.GrpcService (GrpcService.java:startImpl(262)) - a57f48d7-536d-4afe-bf9f-8dd3ac661106: GrpcService started, listening on 46547
2023-04-10 17:22:21,510 [EndpointStateMachine task thread for /0.0.0.0:44281 - 0 ] INFO  ratis.XceiverServerRatis (XceiverServerRatis.java:getRealPort(543)) - XceiverServerRatis a57f48d7-536d-4afe-bf9f-8dd3ac661106 is started using port 46547 for RATIS
2023-04-10 17:22:21,510 [JvmPauseMonitor6] INFO  util.JvmPauseMonitor (JvmPauseMonitor.java:run(105)) - JvmPauseMonitor-a57f48d7-536d-4afe-bf9f-8dd3ac661106: Started
2023-04-10 17:22:21,511 [EndpointStateMachine task thread for /0.0.0.0:44281 - 0 ] INFO  ratis.XceiverServerRatis (XceiverServerRatis.java:getRealPort(543)) - XceiverServerRatis a57f48d7-536d-4afe-bf9f-8dd3ac661106 is started using port 46547 for RATIS_ADMIN
2023-04-10 17:22:21,511 [EndpointStateMachine task thread for /0.0.0.0:44281 - 0 ] INFO  ratis.XceiverServerRatis (XceiverServerRatis.java:getRealPort(543)) - XceiverServerRatis a57f48d7-536d-4afe-bf9f-8dd3ac661106 is started using port 46547 for RATIS_SERVER
2023-04-10 17:22:21,511 [EndpointStateMachine task thread for /0.0.0.0:44281 - 0 ] INFO  ratis.XceiverServerRatis (XceiverServerRatis.java:getRealPort(543)) - XceiverServerRatis a57f48d7-536d-4afe-bf9f-8dd3ac661106 is started using port 36673 for RATIS_DATASTREAM
2023-04-10 17:22:21,513 [EndpointStateMachine task thread for /0.0.0.0:44281 - 0 ] INFO  server.XceiverServerGrpc (XceiverServerGrpc.java:start(180)) - XceiverServerGrpc a57f48d7-536d-4afe-bf9f-8dd3ac661106 is started using port 35857
2023-04-10 17:22:21,517 [BlockDeletingService#0] INFO  interfaces.ContainerDeletionChoosingPolicyTemplate (ContainerDeletionChoosingPolicyTemplate.java:chooseContainerForBlockDeletion(83)) - Chosen 0/5000 blocks from 0 candidate containers.
2023-04-10 17:22:21,859 [IPC Server handler 3 on default port 44281] INFO  net.NetworkTopologyImpl (NetworkTopologyImpl.java:add(112)) - Added a new node: /default-rack/cfa9660d-3e66-4e37-95dd-c01791520333
2023-04-10 17:22:21,859 [IPC Server handler 3 on default port 44281] INFO  node.SCMNodeManager (SCMNodeManager.java:register(404)) - Registered Data node : cfa9660d-3e66-4e37-95dd-c01791520333{ip: 10.1.0.59, host: fv-az201-37, ports: [HTTP=40285, REPLICATION=41775, RATIS=42355, RATIS_ADMIN=42355, RATIS_SERVER=42355, RATIS_DATASTREAM=45915, STANDALONE=34299], networkLocation: /default-rack, certSerialId: null, persistedOpState: null, persistedOpStateExpiryEpochSec: 0}
2023-04-10 17:22:21,860 [EventQueue-NewNodeForNewNodeHandler] INFO  pipeline.BackgroundPipelineCreator (BackgroundPipelineCreator.java:notifyEventTriggered(276)) - trigger a one-shot run on RatisPipelineUtilsThread.
2023-04-10 17:22:21,860 [EventQueue-NodeRegistrationContainerReportForDataNodeSafeModeRule] INFO  safemode.SCMSafeModeManager (DataNodeSafeModeRule.java:process(71)) - SCM in safe mode. 2 DataNodes registered, 3 required.
2023-04-10 17:22:21,868 [RatisPipelineUtilsThread - 0] INFO  pipeline.RatisPipelineProvider (RatisPipelineProvider.java:lambda$create$0(206)) - Sending CreatePipelineCommand for pipeline:PipelineID=c00fc6b4-80a8-4041-a15b-ce7abfc18bf0 to datanode:cfa9660d-3e66-4e37-95dd-c01791520333
2023-04-10 17:22:21,869 [RatisPipelineUtilsThread - 0] INFO  pipeline.PipelineStateManagerImpl (PipelineStateManagerImpl.java:addPipeline(103)) - Created pipeline Pipeline[ Id: c00fc6b4-80a8-4041-a15b-ce7abfc18bf0, Nodes: cfa9660d-3e66-4e37-95dd-c01791520333(fv-az201-37/10.1.0.59), ReplicationConfig: RATIS/ONE, State:ALLOCATED, leaderId:, CreationTimestamp2023-04-10T17:22:21.868Z[Etc/UTC]].
2023-04-10 17:22:21,909 [EndpointStateMachine task thread for /0.0.0.0:44281 - 0 ] INFO  utils.DatanodeStoreCache (DatanodeStoreCache.java:addDB(58)) - Added db /home/runner/work/ozone/ozone/hadoop-ozone/integration-test/target/test-dir/MiniOzoneClusterImpl-bd692c78-fb3a-4866-9e85-e2f4bd0dbf58/datanode-6/data-0/containers/hdds/bd692c78-fb3a-4866-9e85-e2f4bd0dbf58/DS-c40afba0-b151-4cfc-959f-d0f84b08f041/container.db to cache
2023-04-10 17:22:21,909 [EndpointStateMachine task thread for /0.0.0.0:44281 - 0 ] INFO  volume.HddsVolume (HddsVolume.java:createDbStore(350)) - SchemaV3 db is created and loaded at /home/runner/work/ozone/ozone/hadoop-ozone/integration-test/target/test-dir/MiniOzoneClusterImpl-bd692c78-fb3a-4866-9e85-e2f4bd0dbf58/datanode-6/data-0/containers/hdds/bd692c78-fb3a-4866-9e85-e2f4bd0dbf58/DS-c40afba0-b151-4cfc-959f-d0f84b08f041/container.db for volume DS-c40afba0-b151-4cfc-959f-d0f84b08f041
2023-04-10 17:22:21,910 [EndpointStateMachine task thread for /0.0.0.0:44281 - 0 ] INFO  ozoneimpl.OzoneContainer (OzoneContainer.java:start(397)) - Attempting to start container services.
2023-04-10 17:22:21,910 [EndpointStateMachine task thread for /0.0.0.0:44281 - 0 ] INFO  ozoneimpl.OzoneContainer (OzoneContainer.java:startContainerScrub(314)) - Scheduled background container scanners and the on-demand container scanner have been disabled.
2023-04-10 17:22:21,920 [EndpointStateMachine task thread for /0.0.0.0:44281 - 0 ] INFO  replication.ReplicationServer (ReplicationServer.java:start(109)) - ReplicationServer is started using port 43129
2023-04-10 17:22:21,920 [EndpointStateMachine task thread for /0.0.0.0:44281 - 0 ] INFO  ratis.XceiverServerRatis (XceiverServerRatis.java:start(517)) - Starting XceiverServerRatis 813669ff-bde2-4a80-a354-dd4c167663c0
2023-04-10 17:22:21,923 [EndpointStateMachine task thread for /0.0.0.0:44281 - 0 ] INFO  server.RaftServer (RaftServerProxy.java:startImpl(393)) - 813669ff-bde2-4a80-a354-dd4c167663c0: start RPC server
2023-04-10 17:22:21,925 [EndpointStateMachine task thread for /0.0.0.0:44281 - 0 ] INFO  server.GrpcService (GrpcService.java:startImpl(262)) - 813669ff-bde2-4a80-a354-dd4c167663c0: GrpcService started, listening on 46007
2023-04-10 17:22:21,927 [EndpointStateMachine task thread for /0.0.0.0:44281 - 0 ] INFO  ratis.XceiverServerRatis (XceiverServerRatis.java:getRealPort(543)) - XceiverServerRatis 813669ff-bde2-4a80-a354-dd4c167663c0 is started using port 46007 for RATIS
2023-04-10 17:22:21,927 [EndpointStateMachine task thread for /0.0.0.0:44281 - 0 ] INFO  ratis.XceiverServerRatis (XceiverServerRatis.java:getRealPort(543)) - XceiverServerRatis 813669ff-bde2-4a80-a354-dd4c167663c0 is started using port 46007 for RATIS_ADMIN
2023-04-10 17:22:21,927 [EndpointStateMachine task thread for /0.0.0.0:44281 - 0 ] INFO  ratis.XceiverServerRatis (XceiverServerRatis.java:getRealPort(543)) - XceiverServerRatis 813669ff-bde2-4a80-a354-dd4c167663c0 is started using port 46007 for RATIS_SERVER
2023-04-10 17:22:21,927 [EndpointStateMachine task thread for /0.0.0.0:44281 - 0 ] INFO  ratis.XceiverServerRatis (XceiverServerRatis.java:getRealPort(543)) - XceiverServerRatis 813669ff-bde2-4a80-a354-dd4c167663c0 is started using port 43049 for RATIS_DATASTREAM
2023-04-10 17:22:21,927 [JvmPauseMonitor7] INFO  util.JvmPauseMonitor (JvmPauseMonitor.java:run(105)) - JvmPauseMonitor-813669ff-bde2-4a80-a354-dd4c167663c0: Started
2023-04-10 17:22:21,930 [EndpointStateMachine task thread for /0.0.0.0:44281 - 0 ] INFO  server.XceiverServerGrpc (XceiverServerGrpc.java:start(180)) - XceiverServerGrpc 813669ff-bde2-4a80-a354-dd4c167663c0 is started using port 34463
2023-04-10 17:22:21,935 [BlockDeletingService#0] INFO  interfaces.ContainerDeletionChoosingPolicyTemplate (ContainerDeletionChoosingPolicyTemplate.java:chooseContainerForBlockDeletion(83)) - Chosen 0/5000 blocks from 0 candidate containers.
2023-04-10 17:22:22,136 [Listener at 127.0.0.1/35635] INFO  ozone.MiniOzoneClusterImpl (MiniOzoneClusterImpl.java:lambda$waitForClusterToBeReady$0(222)) - Waiting for nodes to be ready. Got 2 of 10 DN Heartbeats.
2023-04-10 17:22:22,136 [Listener at 127.0.0.1/35635] INFO  ozone.MiniOzoneClusterImpl (MiniOzoneClusterImpl.java:lambda$waitForClusterToBeReady$0(225)) - Waiting for cluster to exit safe mode
2023-04-10 17:22:22,136 [Listener at 127.0.0.1/35635] INFO  ozone.MiniOzoneClusterImpl (MiniOzoneClusterImpl.java:lambda$waitForClusterToBeReady$0(227)) - SCM became leader
2023-04-10 17:22:22,316 [IPC Server handler 2 on default port 44281] INFO  net.NetworkTopologyImpl (NetworkTopologyImpl.java:add(112)) - Added a new node: /default-rack/f70c5b51-abaf-4483-bcc0-ab3e40e5c626
2023-04-10 17:22:22,316 [IPC Server handler 2 on default port 44281] INFO  node.SCMNodeManager (SCMNodeManager.java:register(404)) - Registered Data node : f70c5b51-abaf-4483-bcc0-ab3e40e5c626{ip: 10.1.0.59, host: fv-az201-37, ports: [HTTP=38357, REPLICATION=38073, RATIS=36093, RATIS_ADMIN=36093, RATIS_SERVER=36093, RATIS_DATASTREAM=44995, STANDALONE=41975], networkLocation: /default-rack, certSerialId: null, persistedOpState: null, persistedOpStateExpiryEpochSec: 0}
2023-04-10 17:22:22,316 [EventQueue-NewNodeForNewNodeHandler] INFO  pipeline.BackgroundPipelineCreator (BackgroundPipelineCreator.java:notifyEventTriggered(276)) - trigger a one-shot run on RatisPipelineUtilsThread.
2023-04-10 17:22:22,316 [EventQueue-NodeRegistrationContainerReportForDataNodeSafeModeRule] INFO  safemode.SCMSafeModeManager (DataNodeSafeModeRule.java:process(71)) - SCM in safe mode. 3 DataNodes registered, 3 required.
2023-04-10 17:22:22,316 [EventQueue-NodeRegistrationContainerReportForDataNodeSafeModeRule] INFO  safemode.SCMSafeModeManager (SCMSafeModeManager.java:validateSafeModeExitRules(200)) - DataNodeSafeModeRule rule is successfully validated
2023-04-10 17:22:22,316 [EventQueue-NodeRegistrationContainerReportForDataNodeSafeModeRule] INFO  safemode.SCMSafeModeManager (SCMSafeModeManager.java:completePreCheck(229)) - All SCM safe mode pre check rules have passed
2023-04-10 17:22:22,317 [EventQueue-NodeRegistrationContainerReportForDataNodeSafeModeRule] INFO  ha.SCMContext (SCMContext.java:updateSafeModeStatus(228)) - Update SafeModeStatus from SafeModeStatus{safeModeStatus=true, preCheckPassed=false} to SafeModeStatus{safeModeStatus=true, preCheckPassed=true}.
2023-04-10 17:22:22,317 [EventQueue-NodeRegistrationContainerReportForDataNodeSafeModeRule] INFO  pipeline.BackgroundPipelineCreator (BackgroundPipelineCreator.java:notifyEventTriggered(276)) - trigger a one-shot run on RatisPipelineUtilsThread.
2023-04-10 17:22:22,317 [RatisPipelineUtilsThread - 0] INFO  pipeline.RatisPipelineProvider (RatisPipelineProvider.java:lambda$create$0(206)) - Sending CreatePipelineCommand for pipeline:PipelineID=6e90493d-41e5-4016-8e01-91f437f43c0e to datanode:f70c5b51-abaf-4483-bcc0-ab3e40e5c626
2023-04-10 17:22:22,318 [RatisPipelineUtilsThread - 0] INFO  pipeline.PipelineStateManagerImpl (PipelineStateManagerImpl.java:addPipeline(103)) - Created pipeline Pipeline[ Id: 6e90493d-41e5-4016-8e01-91f437f43c0e, Nodes: f70c5b51-abaf-4483-bcc0-ab3e40e5c626(fv-az201-37/10.1.0.59), ReplicationConfig: RATIS/ONE, State:ALLOCATED, leaderId:, CreationTimestamp2023-04-10T17:22:22.317Z[Etc/UTC]].
2023-04-10 17:22:22,324 [RatisPipelineUtilsThread - 0] INFO  pipeline.RatisPipelineProvider (RatisPipelineProvider.java:lambda$create$0(206)) - Sending CreatePipelineCommand for pipeline:PipelineID=6a6143b9-71ae-46e0-8280-04f87e957c10 to datanode:cd4ac3e2-47ba-443c-8aa0-40ab251a0f4e
2023-04-10 17:22:22,324 [RatisPipelineUtilsThread - 0] INFO  pipeline.RatisPipelineProvider (RatisPipelineProvider.java:lambda$create$0(206)) - Sending CreatePipelineCommand for pipeline:PipelineID=6a6143b9-71ae-46e0-8280-04f87e957c10 to datanode:f70c5b51-abaf-4483-bcc0-ab3e40e5c626
2023-04-10 17:22:22,324 [RatisPipelineUtilsThread - 0] INFO  pipeline.RatisPipelineProvider (RatisPipelineProvider.java:lambda$create$0(206)) - Sending CreatePipelineCommand for pipeline:PipelineID=6a6143b9-71ae-46e0-8280-04f87e957c10 to datanode:cfa9660d-3e66-4e37-95dd-c01791520333
2023-04-10 17:22:22,325 [RatisPipelineUtilsThread - 0] INFO  pipeline.PipelineStateManagerImpl (PipelineStateManagerImpl.java:addPipeline(103)) - Created pipeline Pipeline[ Id: 6a6143b9-71ae-46e0-8280-04f87e957c10, Nodes: cd4ac3e2-47ba-443c-8aa0-40ab251a0f4e(fv-az201-37/10.1.0.59)f70c5b51-abaf-4483-bcc0-ab3e40e5c626(fv-az201-37/10.1.0.59)cfa9660d-3e66-4e37-95dd-c01791520333(fv-az201-37/10.1.0.59), ReplicationConfig: RATIS/THREE, State:ALLOCATED, leaderId:, CreationTimestamp2023-04-10T17:22:22.324Z[Etc/UTC]].
2023-04-10 17:22:22,326 [RatisPipelineUtilsThread - 0] INFO  pipeline.RatisPipelineProvider (RatisPipelineProvider.java:lambda$create$0(206)) - Sending CreatePipelineCommand for pipeline:PipelineID=c81c0de1-3fb0-41e5-abc2-f78a666f49b3 to datanode:f70c5b51-abaf-4483-bcc0-ab3e40e5c626
2023-04-10 17:22:22,326 [RatisPipelineUtilsThread - 0] INFO  pipeline.RatisPipelineProvider (RatisPipelineProvider.java:lambda$create$0(206)) - Sending CreatePipelineCommand for pipeline:PipelineID=c81c0de1-3fb0-41e5-abc2-f78a666f49b3 to datanode:cfa9660d-3e66-4e37-95dd-c01791520333
2023-04-10 17:22:22,327 [RatisPipelineUtilsThread - 0] INFO  pipeline.RatisPipelineProvider (RatisPipelineProvider.java:lambda$create$0(206)) - Sending CreatePipelineCommand for pipeline:PipelineID=c81c0de1-3fb0-41e5-abc2-f78a666f49b3 to datanode:cd4ac3e2-47ba-443c-8aa0-40ab251a0f4e
2023-04-10 17:22:22,329 [RatisPipelineUtilsThread - 0] INFO  pipeline.PipelineStateManagerImpl (PipelineStateManagerImpl.java:addPipeline(103)) - Created pipeline Pipeline[ Id: c81c0de1-3fb0-41e5-abc2-f78a666f49b3, Nodes: f70c5b51-abaf-4483-bcc0-ab3e40e5c626(fv-az201-37/10.1.0.59)cfa9660d-3e66-4e37-95dd-c01791520333(fv-az201-37/10.1.0.59)cd4ac3e2-47ba-443c-8aa0-40ab251a0f4e(fv-az201-37/10.1.0.59), ReplicationConfig: RATIS/THREE, State:ALLOCATED, leaderId:, CreationTimestamp2023-04-10T17:22:22.326Z[Etc/UTC]].
2023-04-10 17:22:22,329 [RatisPipelineUtilsThread - 0] INFO  pipeline.PipelineManagerImpl (PipelineManagerImpl.java:recordMetricsForPipeline(826)) - Pipeline: PipelineID=c81c0de1-3fb0-41e5-abc2-f78a666f49b3 contains same datanodes as previous pipelines: PipelineID=6a6143b9-71ae-46e0-8280-04f87e957c10 nodeIds: f70c5b51-abaf-4483-bcc0-ab3e40e5c626, cfa9660d-3e66-4e37-95dd-c01791520333, cd4ac3e2-47ba-443c-8aa0-40ab251a0f4e
2023-04-10 17:22:22,330 [RatisPipelineUtilsThread - 0] WARN  pipeline.PipelinePlacementPolicy (PipelinePlacementPolicy.java:filterViableNodes(160)) - Pipeline creation failed due to no sufficient healthy datanodes. Required 3. Found 0. Excluded 3.
2023-04-10 17:22:22,342 [EndpointStateMachine task thread for /0.0.0.0:44281 - 0 ] INFO  utils.DatanodeStoreCache (DatanodeStoreCache.java:addDB(58)) - Added db /home/runner/work/ozone/ozone/hadoop-ozone/integration-test/target/test-dir/MiniOzoneClusterImpl-bd692c78-fb3a-4866-9e85-e2f4bd0dbf58/datanode-7/data-0/containers/hdds/bd692c78-fb3a-4866-9e85-e2f4bd0dbf58/DS-bd4cbb7b-344b-4d59-98e1-c8fdef3e406f/container.db to cache
2023-04-10 17:22:22,342 [EndpointStateMachine task thread for /0.0.0.0:44281 - 0 ] INFO  volume.HddsVolume (HddsVolume.java:createDbStore(350)) - SchemaV3 db is created and loaded at /home/runner/work/ozone/ozone/hadoop-ozone/integration-test/target/test-dir/MiniOzoneClusterImpl-bd692c78-fb3a-4866-9e85-e2f4bd0dbf58/datanode-7/data-0/containers/hdds/bd692c78-fb3a-4866-9e85-e2f4bd0dbf58/DS-bd4cbb7b-344b-4d59-98e1-c8fdef3e406f/container.db for volume DS-bd4cbb7b-344b-4d59-98e1-c8fdef3e406f
2023-04-10 17:22:22,343 [EndpointStateMachine task thread for /0.0.0.0:44281 - 0 ] INFO  ozoneimpl.OzoneContainer (OzoneContainer.java:start(397)) - Attempting to start container services.
2023-04-10 17:22:22,343 [EndpointStateMachine task thread for /0.0.0.0:44281 - 0 ] INFO  ozoneimpl.OzoneContainer (OzoneContainer.java:startContainerScrub(314)) - Scheduled background container scanners and the on-demand container scanner have been disabled.
2023-04-10 17:22:22,345 [EndpointStateMachine task thread for /0.0.0.0:44281 - 0 ] INFO  replication.ReplicationServer (ReplicationServer.java:start(109)) - ReplicationServer is started using port 46867
2023-04-10 17:22:22,346 [EndpointStateMachine task thread for /0.0.0.0:44281 - 0 ] INFO  ratis.XceiverServerRatis (XceiverServerRatis.java:start(517)) - Starting XceiverServerRatis 1df5c771-96ae-4f7f-bce1-d7659a86bf4c
2023-04-10 17:22:22,347 [EndpointStateMachine task thread for /0.0.0.0:44281 - 0 ] INFO  server.RaftServer (RaftServerProxy.java:startImpl(393)) - 1df5c771-96ae-4f7f-bce1-d7659a86bf4c: start RPC server
2023-04-10 17:22:22,348 [EndpointStateMachine task thread for /0.0.0.0:44281 - 0 ] INFO  server.GrpcService (GrpcService.java:startImpl(262)) - 1df5c771-96ae-4f7f-bce1-d7659a86bf4c: GrpcService started, listening on 46485
2023-04-10 17:22:22,348 [EndpointStateMachine task thread for /0.0.0.0:44281 - 0 ] INFO  ratis.XceiverServerRatis (XceiverServerRatis.java:getRealPort(543)) - XceiverServerRatis 1df5c771-96ae-4f7f-bce1-d7659a86bf4c is started using port 46485 for RATIS
2023-04-10 17:22:22,348 [EndpointStateMachine task thread for /0.0.0.0:44281 - 0 ] INFO  ratis.XceiverServerRatis (XceiverServerRatis.java:getRealPort(543)) - XceiverServerRatis 1df5c771-96ae-4f7f-bce1-d7659a86bf4c is started using port 46485 for RATIS_ADMIN
2023-04-10 17:22:22,348 [JvmPauseMonitor8] INFO  util.JvmPauseMonitor (JvmPauseMonitor.java:run(105)) - JvmPauseMonitor-1df5c771-96ae-4f7f-bce1-d7659a86bf4c: Started
2023-04-10 17:22:22,348 [EndpointStateMachine task thread for /0.0.0.0:44281 - 0 ] INFO  ratis.XceiverServerRatis (XceiverServerRatis.java:getRealPort(543)) - XceiverServerRatis 1df5c771-96ae-4f7f-bce1-d7659a86bf4c is started using port 46485 for RATIS_SERVER
2023-04-10 17:22:22,348 [EndpointStateMachine task thread for /0.0.0.0:44281 - 0 ] INFO  ratis.XceiverServerRatis (XceiverServerRatis.java:getRealPort(543)) - XceiverServerRatis 1df5c771-96ae-4f7f-bce1-d7659a86bf4c is started using port 35669 for RATIS_DATASTREAM
2023-04-10 17:22:22,350 [EndpointStateMachine task thread for /0.0.0.0:44281 - 0 ] INFO  server.XceiverServerGrpc (XceiverServerGrpc.java:start(180)) - XceiverServerGrpc 1df5c771-96ae-4f7f-bce1-d7659a86bf4c is started using port 34179
2023-04-10 17:22:22,364 [BlockDeletingService#0] INFO  interfaces.ContainerDeletionChoosingPolicyTemplate (ContainerDeletionChoosingPolicyTemplate.java:chooseContainerForBlockDeletion(83)) - Chosen 0/5000 blocks from 0 candidate containers.
2023-04-10 17:22:22,665 [IPC Server handler 3 on default port 44281] INFO  net.NetworkTopologyImpl (NetworkTopologyImpl.java:add(112)) - Added a new node: /default-rack/5409a7e1-30d0-4745-ac51-a822fb81fdf2
2023-04-10 17:22:22,665 [IPC Server handler 3 on default port 44281] INFO  node.SCMNodeManager (SCMNodeManager.java:register(404)) - Registered Data node : 5409a7e1-30d0-4745-ac51-a822fb81fdf2{ip: 10.1.0.59, host: fv-az201-37, ports: [HTTP=34155, REPLICATION=44847, RATIS=44977, RATIS_ADMIN=44977, RATIS_SERVER=44977, RATIS_DATASTREAM=46461, STANDALONE=35001], networkLocation: /default-rack, certSerialId: null, persistedOpState: null, persistedOpStateExpiryEpochSec: 0}
2023-04-10 17:22:22,665 [EventQueue-NewNodeForNewNodeHandler] INFO  pipeline.BackgroundPipelineCreator (BackgroundPipelineCreator.java:notifyEventTriggered(276)) - trigger a one-shot run on RatisPipelineUtilsThread.
2023-04-10 17:22:22,666 [RatisPipelineUtilsThread - 0] INFO  pipeline.RatisPipelineProvider (RatisPipelineProvider.java:lambda$create$0(206)) - Sending CreatePipelineCommand for pipeline:PipelineID=55f4da44-67ed-45b6-9748-ab45ef1d04e8 to datanode:5409a7e1-30d0-4745-ac51-a822fb81fdf2
2023-04-10 17:22:22,667 [RatisPipelineUtilsThread - 0] INFO  pipeline.PipelineStateManagerImpl (PipelineStateManagerImpl.java:addPipeline(103)) - Created pipeline Pipeline[ Id: 55f4da44-67ed-45b6-9748-ab45ef1d04e8, Nodes: 5409a7e1-30d0-4745-ac51-a822fb81fdf2(fv-az201-37/10.1.0.59), ReplicationConfig: RATIS/ONE, State:ALLOCATED, leaderId:, CreationTimestamp2023-04-10T17:22:22.666Z[Etc/UTC]].
2023-04-10 17:22:22,668 [RatisPipelineUtilsThread - 0] WARN  pipeline.PipelinePlacementPolicy (PipelinePlacementPolicy.java:filterViableNodes(160)) - Pipeline creation failed due to no sufficient healthy datanodes. Required 3. Found 1. Excluded 3.
2023-04-10 17:22:22,841 [EndpointStateMachine task thread for /0.0.0.0:44281 - 0 ] INFO  utils.DatanodeStoreCache (DatanodeStoreCache.java:addDB(58)) - Added db /home/runner/work/ozone/ozone/hadoop-ozone/integration-test/target/test-dir/MiniOzoneClusterImpl-bd692c78-fb3a-4866-9e85-e2f4bd0dbf58/datanode-8/data-0/containers/hdds/bd692c78-fb3a-4866-9e85-e2f4bd0dbf58/DS-f8e4ada6-6476-4aa2-845c-81ff9053b1e9/container.db to cache
2023-04-10 17:22:22,841 [EndpointStateMachine task thread for /0.0.0.0:44281 - 0 ] INFO  volume.HddsVolume (HddsVolume.java:createDbStore(350)) - SchemaV3 db is created and loaded at /home/runner/work/ozone/ozone/hadoop-ozone/integration-test/target/test-dir/MiniOzoneClusterImpl-bd692c78-fb3a-4866-9e85-e2f4bd0dbf58/datanode-8/data-0/containers/hdds/bd692c78-fb3a-4866-9e85-e2f4bd0dbf58/DS-f8e4ada6-6476-4aa2-845c-81ff9053b1e9/container.db for volume DS-f8e4ada6-6476-4aa2-845c-81ff9053b1e9
2023-04-10 17:22:22,841 [EndpointStateMachine task thread for /0.0.0.0:44281 - 0 ] INFO  ozoneimpl.OzoneContainer (OzoneContainer.java:start(397)) - Attempting to start container services.
2023-04-10 17:22:22,841 [EndpointStateMachine task thread for /0.0.0.0:44281 - 0 ] INFO  ozoneimpl.OzoneContainer (OzoneContainer.java:startContainerScrub(314)) - Scheduled background container scanners and the on-demand container scanner have been disabled.
2023-04-10 17:22:22,843 [EndpointStateMachine task thread for /0.0.0.0:44281 - 0 ] INFO  replication.ReplicationServer (ReplicationServer.java:start(109)) - ReplicationServer is started using port 42259
2023-04-10 17:22:22,843 [EndpointStateMachine task thread for /0.0.0.0:44281 - 0 ] INFO  ratis.XceiverServerRatis (XceiverServerRatis.java:start(517)) - Starting XceiverServerRatis bfeb2be3-129f-4e57-9a47-316523ddd986
2023-04-10 17:22:22,844 [EndpointStateMachine task thread for /0.0.0.0:44281 - 0 ] INFO  server.RaftServer (RaftServerProxy.java:startImpl(393)) - bfeb2be3-129f-4e57-9a47-316523ddd986: start RPC server
2023-04-10 17:22:22,849 [EndpointStateMachine task thread for /0.0.0.0:44281 - 0 ] INFO  server.GrpcService (GrpcService.java:startImpl(262)) - bfeb2be3-129f-4e57-9a47-316523ddd986: GrpcService started, listening on 38183
2023-04-10 17:22:22,850 [EndpointStateMachine task thread for /0.0.0.0:44281 - 0 ] INFO  ratis.XceiverServerRatis (XceiverServerRatis.java:getRealPort(543)) - XceiverServerRatis bfeb2be3-129f-4e57-9a47-316523ddd986 is started using port 38183 for RATIS
2023-04-10 17:22:22,851 [EndpointStateMachine task thread for /0.0.0.0:44281 - 0 ] INFO  ratis.XceiverServerRatis (XceiverServerRatis.java:getRealPort(543)) - XceiverServerRatis bfeb2be3-129f-4e57-9a47-316523ddd986 is started using port 38183 for RATIS_ADMIN
2023-04-10 17:22:22,851 [EndpointStateMachine task thread for /0.0.0.0:44281 - 0 ] INFO  ratis.XceiverServerRatis (XceiverServerRatis.java:getRealPort(543)) - XceiverServerRatis bfeb2be3-129f-4e57-9a47-316523ddd986 is started using port 38183 for RATIS_SERVER
2023-04-10 17:22:22,851 [EndpointStateMachine task thread for /0.0.0.0:44281 - 0 ] INFO  ratis.XceiverServerRatis (XceiverServerRatis.java:getRealPort(543)) - XceiverServerRatis bfeb2be3-129f-4e57-9a47-316523ddd986 is started using port 32789 for RATIS_DATASTREAM
2023-04-10 17:22:22,852 [JvmPauseMonitor9] INFO  util.JvmPauseMonitor (JvmPauseMonitor.java:run(105)) - JvmPauseMonitor-bfeb2be3-129f-4e57-9a47-316523ddd986: Started
2023-04-10 17:22:22,866 [EndpointStateMachine task thread for /0.0.0.0:44281 - 0 ] INFO  server.XceiverServerGrpc (XceiverServerGrpc.java:start(180)) - XceiverServerGrpc bfeb2be3-129f-4e57-9a47-316523ddd986 is started using port 34705
2023-04-10 17:22:22,876 [BlockDeletingService#0] INFO  interfaces.ContainerDeletionChoosingPolicyTemplate (ContainerDeletionChoosingPolicyTemplate.java:chooseContainerForBlockDeletion(83)) - Chosen 0/5000 blocks from 0 candidate containers.
2023-04-10 17:22:23,002 [IPC Server handler 11 on default port 44281] INFO  net.NetworkTopologyImpl (NetworkTopologyImpl.java:add(112)) - Added a new node: /default-rack/c97d6447-1a4d-4694-905e-ecb7e619760c
2023-04-10 17:22:23,003 [IPC Server handler 11 on default port 44281] INFO  node.SCMNodeManager (SCMNodeManager.java:register(404)) - Registered Data node : c97d6447-1a4d-4694-905e-ecb7e619760c{ip: 10.1.0.59, host: fv-az201-37, ports: [HTTP=36329, REPLICATION=33419, RATIS=37075, RATIS_ADMIN=37075, RATIS_SERVER=37075, RATIS_DATASTREAM=44001, STANDALONE=40133], networkLocation: /default-rack, certSerialId: null, persistedOpState: null, persistedOpStateExpiryEpochSec: 0}
2023-04-10 17:22:23,003 [EventQueue-NewNodeForNewNodeHandler] INFO  pipeline.BackgroundPipelineCreator (BackgroundPipelineCreator.java:notifyEventTriggered(276)) - trigger a one-shot run on RatisPipelineUtilsThread.
2023-04-10 17:22:23,004 [RatisPipelineUtilsThread - 0] INFO  pipeline.RatisPipelineProvider (RatisPipelineProvider.java:lambda$create$0(206)) - Sending CreatePipelineCommand for pipeline:PipelineID=06f5d2d4-bd0d-4e22-8110-cce1d1d12927 to datanode:c97d6447-1a4d-4694-905e-ecb7e619760c
2023-04-10 17:22:23,004 [RatisPipelineUtilsThread - 0] INFO  pipeline.PipelineStateManagerImpl (PipelineStateManagerImpl.java:addPipeline(103)) - Created pipeline Pipeline[ Id: 06f5d2d4-bd0d-4e22-8110-cce1d1d12927, Nodes: c97d6447-1a4d-4694-905e-ecb7e619760c(fv-az201-37/10.1.0.59), ReplicationConfig: RATIS/ONE, State:ALLOCATED, leaderId:, CreationTimestamp2023-04-10T17:22:23.003Z[Etc/UTC]].
2023-04-10 17:22:23,005 [RatisPipelineUtilsThread - 0] WARN  pipeline.PipelinePlacementPolicy (PipelinePlacementPolicy.java:filterViableNodes(160)) - Pipeline creation failed due to no sufficient healthy datanodes. Required 3. Found 2. Excluded 3.
2023-04-10 17:22:23,137 [Listener at 127.0.0.1/35635] INFO  ozone.MiniOzoneClusterImpl (MiniOzoneClusterImpl.java:lambda$waitForClusterToBeReady$0(222)) - Waiting for nodes to be ready. Got 5 of 10 DN Heartbeats.
2023-04-10 17:22:23,137 [Listener at 127.0.0.1/35635] INFO  ozone.MiniOzoneClusterImpl (MiniOzoneClusterImpl.java:lambda$waitForClusterToBeReady$0(225)) - Waiting for cluster to exit safe mode
2023-04-10 17:22:23,137 [Listener at 127.0.0.1/35635] INFO  ozone.MiniOzoneClusterImpl (MiniOzoneClusterImpl.java:lambda$waitForClusterToBeReady$0(227)) - SCM became leader
2023-04-10 17:22:23,172 [EndpointStateMachine task thread for /0.0.0.0:44281 - 0 ] INFO  utils.DatanodeStoreCache (DatanodeStoreCache.java:addDB(58)) - Added db /home/runner/work/ozone/ozone/hadoop-ozone/integration-test/target/test-dir/MiniOzoneClusterImpl-bd692c78-fb3a-4866-9e85-e2f4bd0dbf58/datanode-9/data-0/containers/hdds/bd692c78-fb3a-4866-9e85-e2f4bd0dbf58/DS-7881e7bf-f23e-4935-ba5b-9daa75534fb2/container.db to cache
2023-04-10 17:22:23,172 [EndpointStateMachine task thread for /0.0.0.0:44281 - 0 ] INFO  volume.HddsVolume (HddsVolume.java:createDbStore(350)) - SchemaV3 db is created and loaded at /home/runner/work/ozone/ozone/hadoop-ozone/integration-test/target/test-dir/MiniOzoneClusterImpl-bd692c78-fb3a-4866-9e85-e2f4bd0dbf58/datanode-9/data-0/containers/hdds/bd692c78-fb3a-4866-9e85-e2f4bd0dbf58/DS-7881e7bf-f23e-4935-ba5b-9daa75534fb2/container.db for volume DS-7881e7bf-f23e-4935-ba5b-9daa75534fb2
2023-04-10 17:22:23,173 [EndpointStateMachine task thread for /0.0.0.0:44281 - 0 ] INFO  ozoneimpl.OzoneContainer (OzoneContainer.java:start(397)) - Attempting to start container services.
2023-04-10 17:22:23,173 [EndpointStateMachine task thread for /0.0.0.0:44281 - 0 ] INFO  ozoneimpl.OzoneContainer (OzoneContainer.java:startContainerScrub(314)) - Scheduled background container scanners and the on-demand container scanner have been disabled.
2023-04-10 17:22:23,175 [EndpointStateMachine task thread for /0.0.0.0:44281 - 0 ] INFO  replication.ReplicationServer (ReplicationServer.java:start(109)) - ReplicationServer is started using port 44283
2023-04-10 17:22:23,175 [EndpointStateMachine task thread for /0.0.0.0:44281 - 0 ] INFO  ratis.XceiverServerRatis (XceiverServerRatis.java:start(517)) - Starting XceiverServerRatis 54c8c833-6222-4a6a-826b-1192c6ee83f0
2023-04-10 17:22:23,176 [EndpointStateMachine task thread for /0.0.0.0:44281 - 0 ] INFO  server.RaftServer (RaftServerProxy.java:startImpl(393)) - 54c8c833-6222-4a6a-826b-1192c6ee83f0: start RPC server
2023-04-10 17:22:23,178 [EndpointStateMachine task thread for /0.0.0.0:44281 - 0 ] INFO  server.GrpcService (GrpcService.java:startImpl(262)) - 54c8c833-6222-4a6a-826b-1192c6ee83f0: GrpcService started, listening on 37993
2023-04-10 17:22:23,179 [EndpointStateMachine task thread for /0.0.0.0:44281 - 0 ] INFO  ratis.XceiverServerRatis (XceiverServerRatis.java:getRealPort(543)) - XceiverServerRatis 54c8c833-6222-4a6a-826b-1192c6ee83f0 is started using port 37993 for RATIS
2023-04-10 17:22:23,179 [EndpointStateMachine task thread for /0.0.0.0:44281 - 0 ] INFO  ratis.XceiverServerRatis (XceiverServerRatis.java:getRealPort(543)) - XceiverServerRatis 54c8c833-6222-4a6a-826b-1192c6ee83f0 is started using port 37993 for RATIS_ADMIN
2023-04-10 17:22:23,179 [EndpointStateMachine task thread for /0.0.0.0:44281 - 0 ] INFO  ratis.XceiverServerRatis (XceiverServerRatis.java:getRealPort(543)) - XceiverServerRatis 54c8c833-6222-4a6a-826b-1192c6ee83f0 is started using port 37993 for RATIS_SERVER
2023-04-10 17:22:23,179 [EndpointStateMachine task thread for /0.0.0.0:44281 - 0 ] INFO  ratis.XceiverServerRatis (XceiverServerRatis.java:getRealPort(543)) - XceiverServerRatis 54c8c833-6222-4a6a-826b-1192c6ee83f0 is started using port 34723 for RATIS_DATASTREAM
2023-04-10 17:22:23,179 [JvmPauseMonitor10] INFO  util.JvmPauseMonitor (JvmPauseMonitor.java:run(105)) - JvmPauseMonitor-54c8c833-6222-4a6a-826b-1192c6ee83f0: Started
2023-04-10 17:22:23,181 [EndpointStateMachine task thread for /0.0.0.0:44281 - 0 ] INFO  server.XceiverServerGrpc (XceiverServerGrpc.java:start(180)) - XceiverServerGrpc 54c8c833-6222-4a6a-826b-1192c6ee83f0 is started using port 40941
2023-04-10 17:22:23,191 [BlockDeletingService#0] INFO  interfaces.ContainerDeletionChoosingPolicyTemplate (ContainerDeletionChoosingPolicyTemplate.java:chooseContainerForBlockDeletion(83)) - Chosen 0/5000 blocks from 0 candidate containers.
2023-04-10 17:22:23,451 [IPC Server handler 12 on default port 44281] INFO  net.NetworkTopologyImpl (NetworkTopologyImpl.java:add(112)) - Added a new node: /default-rack/a57f48d7-536d-4afe-bf9f-8dd3ac661106
2023-04-10 17:22:23,451 [IPC Server handler 12 on default port 44281] INFO  node.SCMNodeManager (SCMNodeManager.java:register(404)) - Registered Data node : a57f48d7-536d-4afe-bf9f-8dd3ac661106{ip: 10.1.0.59, host: fv-az201-37, ports: [HTTP=33513, REPLICATION=39385, RATIS=46547, RATIS_ADMIN=46547, RATIS_SERVER=46547, RATIS_DATASTREAM=36673, STANDALONE=35857], networkLocation: /default-rack, certSerialId: null, persistedOpState: null, persistedOpStateExpiryEpochSec: 0}
2023-04-10 17:22:23,452 [EventQueue-NewNodeForNewNodeHandler] INFO  pipeline.BackgroundPipelineCreator (BackgroundPipelineCreator.java:notifyEventTriggered(276)) - trigger a one-shot run on RatisPipelineUtilsThread.
2023-04-10 17:22:23,452 [RatisPipelineUtilsThread - 0] INFO  pipeline.RatisPipelineProvider (RatisPipelineProvider.java:lambda$create$0(206)) - Sending CreatePipelineCommand for pipeline:PipelineID=f35a81f3-d6c1-4e4a-91a8-0fa13a8fdf5e to datanode:a57f48d7-536d-4afe-bf9f-8dd3ac661106
2023-04-10 17:22:23,453 [RatisPipelineUtilsThread - 0] INFO  pipeline.PipelineStateManagerImpl (PipelineStateManagerImpl.java:addPipeline(103)) - Created pipeline Pipeline[ Id: f35a81f3-d6c1-4e4a-91a8-0fa13a8fdf5e, Nodes: a57f48d7-536d-4afe-bf9f-8dd3ac661106(fv-az201-37/10.1.0.59), ReplicationConfig: RATIS/ONE, State:ALLOCATED, leaderId:, CreationTimestamp2023-04-10T17:22:23.452Z[Etc/UTC]].
2023-04-10 17:22:23,454 [RatisPipelineUtilsThread - 0] INFO  pipeline.RatisPipelineProvider (RatisPipelineProvider.java:lambda$create$0(206)) - Sending CreatePipelineCommand for pipeline:PipelineID=990e4f28-966a-46e3-98b5-3cb91a587584 to datanode:a57f48d7-536d-4afe-bf9f-8dd3ac661106
2023-04-10 17:22:23,454 [RatisPipelineUtilsThread - 0] INFO  pipeline.RatisPipelineProvider (RatisPipelineProvider.java:lambda$create$0(206)) - Sending CreatePipelineCommand for pipeline:PipelineID=990e4f28-966a-46e3-98b5-3cb91a587584 to datanode:5409a7e1-30d0-4745-ac51-a822fb81fdf2
2023-04-10 17:22:23,454 [RatisPipelineUtilsThread - 0] INFO  pipeline.RatisPipelineProvider (RatisPipelineProvider.java:lambda$create$0(206)) - Sending CreatePipelineCommand for pipeline:PipelineID=990e4f28-966a-46e3-98b5-3cb91a587584 to datanode:c97d6447-1a4d-4694-905e-ecb7e619760c
2023-04-10 17:22:23,454 [RatisPipelineUtilsThread - 0] INFO  pipeline.PipelineStateManagerImpl (PipelineStateManagerImpl.java:addPipeline(103)) - Created pipeline Pipeline[ Id: 990e4f28-966a-46e3-98b5-3cb91a587584, Nodes: a57f48d7-536d-4afe-bf9f-8dd3ac661106(fv-az201-37/10.1.0.59)5409a7e1-30d0-4745-ac51-a822fb81fdf2(fv-az201-37/10.1.0.59)c97d6447-1a4d-4694-905e-ecb7e619760c(fv-az201-37/10.1.0.59), ReplicationConfig: RATIS/THREE, State:ALLOCATED, leaderId:, CreationTimestamp2023-04-10T17:22:23.454Z[Etc/UTC]].
2023-04-10 17:22:23,455 [RatisPipelineUtilsThread - 0] INFO  pipeline.RatisPipelineProvider (RatisPipelineProvider.java:lambda$create$0(206)) - Sending CreatePipelineCommand for pipeline:PipelineID=e0df58e8-daa2-4b2a-bf47-ce8a5b0b0470 to datanode:c97d6447-1a4d-4694-905e-ecb7e619760c
2023-04-10 17:22:23,455 [RatisPipelineUtilsThread - 0] INFO  pipeline.RatisPipelineProvider (RatisPipelineProvider.java:lambda$create$0(206)) - Sending CreatePipelineCommand for pipeline:PipelineID=e0df58e8-daa2-4b2a-bf47-ce8a5b0b0470 to datanode:a57f48d7-536d-4afe-bf9f-8dd3ac661106
2023-04-10 17:22:23,455 [RatisPipelineUtilsThread - 0] INFO  pipeline.RatisPipelineProvider (RatisPipelineProvider.java:lambda$create$0(206)) - Sending CreatePipelineCommand for pipeline:PipelineID=e0df58e8-daa2-4b2a-bf47-ce8a5b0b0470 to datanode:5409a7e1-30d0-4745-ac51-a822fb81fdf2
2023-04-10 17:22:23,456 [RatisPipelineUtilsThread - 0] INFO  pipeline.PipelineStateManagerImpl (PipelineStateManagerImpl.java:addPipeline(103)) - Created pipeline Pipeline[ Id: e0df58e8-daa2-4b2a-bf47-ce8a5b0b0470, Nodes: c97d6447-1a4d-4694-905e-ecb7e619760c(fv-az201-37/10.1.0.59)a57f48d7-536d-4afe-bf9f-8dd3ac661106(fv-az201-37/10.1.0.59)5409a7e1-30d0-4745-ac51-a822fb81fdf2(fv-az201-37/10.1.0.59), ReplicationConfig: RATIS/THREE, State:ALLOCATED, leaderId:, CreationTimestamp2023-04-10T17:22:23.455Z[Etc/UTC]].
2023-04-10 17:22:23,456 [RatisPipelineUtilsThread - 0] INFO  pipeline.PipelineManagerImpl (PipelineManagerImpl.java:recordMetricsForPipeline(826)) - Pipeline: PipelineID=e0df58e8-daa2-4b2a-bf47-ce8a5b0b0470 contains same datanodes as previous pipelines: PipelineID=990e4f28-966a-46e3-98b5-3cb91a587584 nodeIds: c97d6447-1a4d-4694-905e-ecb7e619760c, a57f48d7-536d-4afe-bf9f-8dd3ac661106, 5409a7e1-30d0-4745-ac51-a822fb81fdf2
2023-04-10 17:22:23,457 [RatisPipelineUtilsThread - 0] WARN  pipeline.PipelinePlacementPolicy (PipelinePlacementPolicy.java:filterViableNodes(160)) - Pipeline creation failed due to no sufficient healthy datanodes. Required 3. Found 0. Excluded 6.
2023-04-10 17:22:23,866 [IPC Server handler 7 on default port 44281] INFO  net.NetworkTopologyImpl (NetworkTopologyImpl.java:add(112)) - Added a new node: /default-rack/813669ff-bde2-4a80-a354-dd4c167663c0
2023-04-10 17:22:23,866 [IPC Server handler 7 on default port 44281] INFO  node.SCMNodeManager (SCMNodeManager.java:register(404)) - Registered Data node : 813669ff-bde2-4a80-a354-dd4c167663c0{ip: 10.1.0.59, host: fv-az201-37, ports: [HTTP=36483, REPLICATION=43129, RATIS=46007, RATIS_ADMIN=46007, RATIS_SERVER=46007, RATIS_DATASTREAM=43049, STANDALONE=34463], networkLocation: /default-rack, certSerialId: null, persistedOpState: null, persistedOpStateExpiryEpochSec: 0}
2023-04-10 17:22:23,866 [EventQueue-NewNodeForNewNodeHandler] INFO  pipeline.BackgroundPipelineCreator (BackgroundPipelineCreator.java:notifyEventTriggered(276)) - trigger a one-shot run on RatisPipelineUtilsThread.
2023-04-10 17:22:23,867 [RatisPipelineUtilsThread - 0] INFO  pipeline.RatisPipelineProvider (RatisPipelineProvider.java:lambda$create$0(206)) - Sending CreatePipelineCommand for pipeline:PipelineID=c29428e8-61f4-48d7-9a34-9f2f294ddd23 to datanode:813669ff-bde2-4a80-a354-dd4c167663c0
2023-04-10 17:22:23,867 [RatisPipelineUtilsThread - 0] INFO  pipeline.PipelineStateManagerImpl (PipelineStateManagerImpl.java:addPipeline(103)) - Created pipeline Pipeline[ Id: c29428e8-61f4-48d7-9a34-9f2f294ddd23, Nodes: 813669ff-bde2-4a80-a354-dd4c167663c0(fv-az201-37/10.1.0.59), ReplicationConfig: RATIS/ONE, State:ALLOCATED, leaderId:, CreationTimestamp2023-04-10T17:22:23.867Z[Etc/UTC]].
2023-04-10 17:22:23,868 [RatisPipelineUtilsThread - 0] WARN  pipeline.PipelinePlacementPolicy (PipelinePlacementPolicy.java:filterViableNodes(160)) - Pipeline creation failed due to no sufficient healthy datanodes. Required 3. Found 1. Excluded 6.
2023-04-10 17:22:24,137 [Listener at 127.0.0.1/35635] INFO  ozone.MiniOzoneClusterImpl (MiniOzoneClusterImpl.java:lambda$waitForClusterToBeReady$0(222)) - Waiting for nodes to be ready. Got 7 of 10 DN Heartbeats.
2023-04-10 17:22:24,137 [Listener at 127.0.0.1/35635] INFO  ozone.MiniOzoneClusterImpl (MiniOzoneClusterImpl.java:lambda$waitForClusterToBeReady$0(225)) - Waiting for cluster to exit safe mode
2023-04-10 17:22:24,138 [Listener at 127.0.0.1/35635] INFO  ozone.MiniOzoneClusterImpl (MiniOzoneClusterImpl.java:lambda$waitForClusterToBeReady$0(227)) - SCM became leader
2023-04-10 17:22:24,249 [Command processor thread] INFO  server.RaftServer (RaftServerProxy.java:addNew(96)) - cd4ac3e2-47ba-443c-8aa0-40ab251a0f4e: addNew group-16C16C8963C8:[cd4ac3e2-47ba-443c-8aa0-40ab251a0f4e|rpc:10.1.0.59:42823|dataStream:10.1.0.59:35537|priority:1|startupRole:FOLLOWER] returns group-16C16C8963C8:java.util.concurrent.CompletableFuture@5a7087f3[Not completed]
2023-04-10 17:22:24,270 [pool-78-thread-1] INFO  server.RaftServer$Division (RaftServerImpl.java:<init>(195)) - cd4ac3e2-47ba-443c-8aa0-40ab251a0f4e: new RaftServerImpl for group-16C16C8963C8:[cd4ac3e2-47ba-443c-8aa0-40ab251a0f4e|rpc:10.1.0.59:42823|dataStream:10.1.0.59:35537|priority:1|startupRole:FOLLOWER] with ContainerStateMachine:uninitialized
2023-04-10 17:22:24,270 [pool-78-thread-1] INFO  server.RaftServerConfigKeys (ConfUtils.java:logGet(46)) - raft.server.rpc.timeout.min = 5s (custom)
2023-04-10 17:22:24,270 [pool-78-thread-1] INFO  server.RaftServerConfigKeys (ConfUtils.java:logGet(46)) - raft.server.rpc.timeout.max = 5200ms (custom)
2023-04-10 17:22:24,270 [pool-78-thread-1] INFO  server.RaftServerConfigKeys (ConfUtils.java:logGet(46)) - raft.server.rpc.sleep.time = 25ms (default)
2023-04-10 17:22:24,275 [pool-78-thread-1] INFO  server.RaftServerConfigKeys (ConfUtils.java:logGet(46)) - raft.server.rpc.slowness.timeout = 300000ms (custom)
2023-04-10 17:22:24,276 [pool-78-thread-1] INFO  server.RaftServerConfigKeys (ConfUtils.java:logGet(46)) - raft.server.leaderelection.leader.step-down.wait-time = 10s (default)
2023-04-10 17:22:24,276 [pool-78-thread-1] INFO  server.RaftServerConfigKeys (ConfUtils.java:logGet(46)) - raft.server.sleep.deviation.threshold = 300ms (default)
2023-04-10 17:22:24,277 [pool-78-thread-1] INFO  server.RaftServer$Division (ServerState.java:<init>(118)) - cd4ac3e2-47ba-443c-8aa0-40ab251a0f4e@group-16C16C8963C8: ConfigurationManager, init=-1: peers:[cd4ac3e2-47ba-443c-8aa0-40ab251a0f4e|rpc:10.1.0.59:42823|dataStream:10.1.0.59:35537|priority:1|startupRole:FOLLOWER]|listeners:[], old=null, confs=<EMPTY_MAP>
2023-04-10 17:22:24,277 [pool-78-thread-1] INFO  server.RaftServerConfigKeys (ConfUtils.java:logGet(46)) - raft.server.storage.dir = [/home/runner/work/ozone/ozone/hadoop-ozone/integration-test/target/test-dir/MiniOzoneClusterImpl-bd692c78-fb3a-4866-9e85-e2f4bd0dbf58/datanode-0/data/ratis] (custom)
2023-04-10 17:22:24,277 [pool-78-thread-1] INFO  server.RaftServerConfigKeys (ConfUtils.java:logGet(46)) - raft.server.log.corruption.policy = EXCEPTION (default)
2023-04-10 17:22:24,277 [pool-78-thread-1] INFO  server.RaftServerConfigKeys (ConfUtils.java:logGet(46)) - raft.server.storage.free-space.min = 0MB (=0) (default)
2023-04-10 17:22:24,277 [pool-78-thread-1] INFO  server.RaftServerConfigKeys (ConfUtils.java:logGet(46)) - raft.server.notification.no-leader.timeout = 300000ms (custom)
2023-04-10 17:22:24,277 [pool-78-thread-1] INFO  server.RaftServerConfigKeys (ConfUtils.java:logGet(46)) - raft.server.retrycache.expirytime = 600000ms (custom)
2023-04-10 17:22:24,277 [pool-78-thread-1] INFO  server.RaftServerConfigKeys (ConfUtils.java:logGet(46)) - raft.server.retrycache.statistics.expirytime = 100μs (default)
2023-04-10 17:22:24,289 [pool-78-thread-1] INFO  server.RaftServerConfigKeys (ConfUtils.java:logGet(46)) - raft.server.log.appender.install.snapshot.enabled = false (custom)
2023-04-10 17:22:24,289 [pool-78-thread-1] INFO  server.RaftServerConfigKeys (ConfUtils.java:logGet(46)) - raft.server.threadpool.server.cached = true (default)
2023-04-10 17:22:24,289 [pool-78-thread-1] INFO  server.RaftServerConfigKeys (ConfUtils.java:logGet(46)) - raft.server.threadpool.server.size = 0 (default)
2023-04-10 17:22:24,289 [pool-78-thread-1] INFO  server.RaftServerConfigKeys (ConfUtils.java:logGet(46)) - raft.server.threadpool.client.cached = true (default)
2023-04-10 17:22:24,289 [pool-78-thread-1] INFO  server.RaftServerConfigKeys (ConfUtils.java:logGet(46)) - raft.server.threadpool.client.size = 0 (default)
2023-04-10 17:22:24,289 [pool-78-thread-1] INFO  storage.RaftStorageDirectory (RaftStorageDirectoryImpl.java:analyzeStorage(137)) - The storage directory /home/runner/work/ozone/ozone/hadoop-ozone/integration-test/target/test-dir/MiniOzoneClusterImpl-bd692c78-fb3a-4866-9e85-e2f4bd0dbf58/datanode-0/data/ratis/fc80b205-378d-49cc-9419-16c16c8963c8 does not exist. Creating ...
2023-04-10 17:22:24,295 [pool-78-thread-1] INFO  storage.RaftStorageDirectory (RaftStorageDirectoryImpl.java:tryLock(231)) - Lock on /home/runner/work/ozone/ozone/hadoop-ozone/integration-test/target/test-dir/MiniOzoneClusterImpl-bd692c78-fb3a-4866-9e85-e2f4bd0dbf58/datanode-0/data/ratis/fc80b205-378d-49cc-9419-16c16c8963c8/in_use.lock acquired by nodename 68953@fv-az201-37
2023-04-10 17:22:24,296 [pool-78-thread-1] INFO  storage.RaftStorage (RaftStorageImpl.java:format(96)) - Storage directory /home/runner/work/ozone/ozone/hadoop-ozone/integration-test/target/test-dir/MiniOzoneClusterImpl-bd692c78-fb3a-4866-9e85-e2f4bd0dbf58/datanode-0/data/ratis/fc80b205-378d-49cc-9419-16c16c8963c8 has been successfully formatted.
2023-04-10 17:22:24,299 [IPC Server handler 3 on default port 44281] INFO  net.NetworkTopologyImpl (NetworkTopologyImpl.java:add(112)) - Added a new node: /default-rack/1df5c771-96ae-4f7f-bce1-d7659a86bf4c
2023-04-10 17:22:24,299 [IPC Server handler 3 on default port 44281] INFO  node.SCMNodeManager (SCMNodeManager.java:register(404)) - Registered Data node : 1df5c771-96ae-4f7f-bce1-d7659a86bf4c{ip: 10.1.0.59, host: fv-az201-37, ports: [HTTP=39321, REPLICATION=46867, RATIS=46485, RATIS_ADMIN=46485, RATIS_SERVER=46485, RATIS_DATASTREAM=35669, STANDALONE=34179], networkLocation: /default-rack, certSerialId: null, persistedOpState: null, persistedOpStateExpiryEpochSec: 0}
2023-04-10 17:22:24,299 [EventQueue-NewNodeForNewNodeHandler] INFO  pipeline.BackgroundPipelineCreator (BackgroundPipelineCreator.java:notifyEventTriggered(276)) - trigger a one-shot run on RatisPipelineUtilsThread.
2023-04-10 17:22:24,302 [RatisPipelineUtilsThread - 0] INFO  pipeline.RatisPipelineProvider (RatisPipelineProvider.java:lambda$create$0(206)) - Sending CreatePipelineCommand for pipeline:PipelineID=ba4377cb-9ad2-475a-962d-291b74a055e4 to datanode:1df5c771-96ae-4f7f-bce1-d7659a86bf4c
2023-04-10 17:22:24,302 [RatisPipelineUtilsThread - 0] INFO  pipeline.PipelineStateManagerImpl (PipelineStateManagerImpl.java:addPipeline(103)) - Created pipeline Pipeline[ Id: ba4377cb-9ad2-475a-962d-291b74a055e4, Nodes: 1df5c771-96ae-4f7f-bce1-d7659a86bf4c(fv-az201-37/10.1.0.59), ReplicationConfig: RATIS/ONE, State:ALLOCATED, leaderId:, CreationTimestamp2023-04-10T17:22:24.301Z[Etc/UTC]].
2023-04-10 17:22:24,303 [RatisPipelineUtilsThread - 0] WARN  pipeline.PipelinePlacementPolicy (PipelinePlacementPolicy.java:filterViableNodes(160)) - Pipeline creation failed due to no sufficient healthy datanodes. Required 3. Found 2. Excluded 6.
2023-04-10 17:22:24,304 [pool-78-thread-1] INFO  ratis.ContainerStateMachine (ContainerStateMachine.java:loadSnapshot(262)) - group-16C16C8963C8: The snapshot info is null. Setting the last applied indexto:(t:0, i:~)
2023-04-10 17:22:24,305 [pool-78-thread-1] INFO  server.RaftServerConfigKeys (ConfUtils.java:logGet(46)) - raft.server.log.use.memory = false (default)
2023-04-10 17:22:24,305 [pool-78-thread-1] INFO  server.RaftServerConfigKeys (ConfUtils.java:logGet(46)) - raft.server.log.purge.gap = 1000000 (custom)
2023-04-10 17:22:24,305 [pool-78-thread-1] INFO  server.RaftServerConfigKeys (ConfUtils.java:logGet(46)) - raft.server.log.appender.buffer.byte-limit = 33554432 (custom)
2023-04-10 17:22:24,305 [pool-78-thread-1] INFO  server.RaftServerConfigKeys (ConfUtils.java:logGet(46)) - raft.server.log.statemachine.data.read.timeout = 1000ms (default)
2023-04-10 17:22:24,305 [pool-78-thread-1] INFO  server.RaftServerConfigKeys (ConfUtils.java:logGet(46)) - raft.server.log.purge.preservation.log.num = 0 (default)
2023-04-10 17:22:24,307 [pool-78-thread-1] INFO  server.RaftServerConfigKeys (ConfUtils.java:logGet(46)) - raft.server.log.segment.size.max = 1048576 (custom)
2023-04-10 17:22:24,308 [EventQueue-PipelineReportForPipelineReportHandler] INFO  pipeline.PipelineManagerImpl (PipelineManagerImpl.java:openPipeline(367)) - Pipeline Pipeline[ Id: fc80b205-378d-49cc-9419-16c16c8963c8, Nodes: cd4ac3e2-47ba-443c-8aa0-40ab251a0f4e(fv-az201-37/10.1.0.59), ReplicationConfig: RATIS/ONE, State:ALLOCATED, leaderId:cd4ac3e2-47ba-443c-8aa0-40ab251a0f4e, CreationTimestamp2023-04-10T17:22:21.260Z[Etc/UTC]] moved to OPEN state
2023-04-10 17:22:24,310 [EventQueue-OpenPipelineForHealthyPipelineSafeModeRule] INFO  safemode.SCMSafeModeManager (HealthyPipelineSafeModeRule.java:process(137)) - SCM in safe mode. Healthy pipelines reported count is 0, required healthy pipeline reported count is 1
2023-04-10 17:22:24,314 [pool-78-thread-1] INFO  server.RaftServerConfigKeys (ConfUtils.java:logGet(46)) - raft.server.log.segment.cache.num.max = 2 (custom)
2023-04-10 17:22:24,314 [pool-78-thread-1] INFO  server.RaftServerConfigKeys (ConfUtils.java:logGet(46)) - raft.server.log.segment.cache.size.max = 200MB (=209715200) (default)
2023-04-10 17:22:24,314 [pool-78-thread-1] INFO  segmented.SegmentedRaftLogWorker (SegmentedRaftLogWorker.java:<init>(189)) - new cd4ac3e2-47ba-443c-8aa0-40ab251a0f4e@group-16C16C8963C8-SegmentedRaftLogWorker for RaftStorageImpl:Storage Directory /home/runner/work/ozone/ozone/hadoop-ozone/integration-test/target/test-dir/MiniOzoneClusterImpl-bd692c78-fb3a-4866-9e85-e2f4bd0dbf58/datanode-0/data/ratis/fc80b205-378d-49cc-9419-16c16c8963c8
2023-04-10 17:22:24,314 [pool-78-thread-1] INFO  server.RaftServerConfigKeys (ConfUtils.java:logGet(46)) - raft.server.log.queue.byte-limit = 4294967296 (custom)
2023-04-10 17:22:24,314 [pool-78-thread-1] INFO  server.RaftServerConfigKeys (ConfUtils.java:logGet(46)) - raft.server.log.queue.element-limit = 1024 (custom)
2023-04-10 17:22:24,314 [pool-78-thread-1] INFO  server.RaftServerConfigKeys (ConfUtils.java:logGet(46)) - raft.server.log.segment.size.max = 1048576 (custom)
2023-04-10 17:22:24,314 [pool-78-thread-1] INFO  server.RaftServerConfigKeys (ConfUtils.java:logGet(46)) - raft.server.log.preallocated.size = 16384 (custom)
2023-04-10 17:22:24,314 [pool-78-thread-1] INFO  server.RaftServerConfigKeys (ConfUtils.java:logGet(46)) - raft.server.log.force.sync.num = 128 (default)
2023-04-10 17:22:24,314 [pool-78-thread-1] INFO  server.RaftServerConfigKeys (ConfUtils.java:logGet(46)) - raft.server.log.statemachine.data.sync = true (default)
2023-04-10 17:22:24,314 [pool-78-thread-1] INFO  server.RaftServerConfigKeys (ConfUtils.java:logGet(46)) - raft.server.log.statemachine.data.sync.timeout = 10s (default)
2023-04-10 17:22:24,314 [pool-78-thread-1] INFO  server.RaftServerConfigKeys (ConfUtils.java:logGet(46)) - raft.server.log.statemachine.data.sync.timeout.retry = -1 (default)
2023-04-10 17:22:24,321 [pool-78-thread-1] INFO  server.RaftServerConfigKeys (ConfUtils.java:logGet(46)) - raft.server.log.write.buffer.size = 1048576 (custom)
2023-04-10 17:22:24,321 [pool-78-thread-1] INFO  server.RaftServerConfigKeys (ConfUtils.java:logGet(46)) - raft.server.log.appender.buffer.byte-limit = 33554432 (custom)
2023-04-10 17:22:24,329 [pool-78-thread-1] INFO  server.RaftServerConfigKeys (ConfUtils.java:logGet(46)) - raft.server.log.unsafe-flush.enabled = false (default)
2023-04-10 17:22:24,329 [pool-78-thread-1] INFO  server.RaftServerConfigKeys (ConfUtils.java:logGet(46)) - raft.server.log.async-flush.enabled = false (default)
2023-04-10 17:22:24,329 [pool-78-thread-1] INFO  server.RaftServerConfigKeys (ConfUtils.java:logGet(46)) - raft.server.log.statemachine.data.caching.enabled = true (custom)
2023-04-10 17:22:24,329 [pool-78-thread-1] INFO  segmented.SegmentedRaftLogWorker (SegmentedRaftLogWorker.java:lambda$new$0(135)) - cd4ac3e2-47ba-443c-8aa0-40ab251a0f4e@group-16C16C8963C8-SegmentedRaftLogWorker: flushIndex: setUnconditionally 0 -> -1
2023-04-10 17:22:24,329 [pool-78-thread-1] INFO  segmented.SegmentedRaftLogWorker (SegmentedRaftLogWorker.java:lambda$new$0(135)) - cd4ac3e2-47ba-443c-8aa0-40ab251a0f4e@group-16C16C8963C8-SegmentedRaftLogWorker: safeCacheEvictIndex: setUnconditionally 0 -> -1
2023-04-10 17:22:24,329 [pool-78-thread-1] INFO  server.RaftServer$Division (RaftServerImpl.java:start(334)) - cd4ac3e2-47ba-443c-8aa0-40ab251a0f4e@group-16C16C8963C8: start as a follower, conf=-1: peers:[cd4ac3e2-47ba-443c-8aa0-40ab251a0f4e|rpc:10.1.0.59:42823|dataStream:10.1.0.59:35537|priority:1|startupRole:FOLLOWER]|listeners:[], old=null
2023-04-10 17:22:24,330 [pool-78-thread-1] INFO  server.RaftServer$Division (RaftServerImpl.java:setRole(321)) - cd4ac3e2-47ba-443c-8aa0-40ab251a0f4e@group-16C16C8963C8: changes role from      null to FOLLOWER at term 0 for startAsFollower
2023-04-10 17:22:24,330 [pool-78-thread-1] INFO  impl.RoleInfo (RoleInfo.java:updateAndGet(139)) - cd4ac3e2-47ba-443c-8aa0-40ab251a0f4e: start cd4ac3e2-47ba-443c-8aa0-40ab251a0f4e@group-16C16C8963C8-FollowerState
2023-04-10 17:22:24,330 [pool-78-thread-1] INFO  util.JmxRegister (JmxRegister.java:tryRegister(44)) - Successfully registered JMX Bean with object name Ratis:service=RaftServer,group=group-16C16C8963C8,id=cd4ac3e2-47ba-443c-8aa0-40ab251a0f4e
2023-04-10 17:22:24,330 [cd4ac3e2-47ba-443c-8aa0-40ab251a0f4e@group-16C16C8963C8-FollowerState] INFO  server.RaftServerConfigKeys (ConfUtils.java:logFallback(53)) - raft.server.rpc.first-election.timeout.min = 5s (fallback to raft.server.rpc.timeout.min)
2023-04-10 17:22:24,330 [cd4ac3e2-47ba-443c-8aa0-40ab251a0f4e@group-16C16C8963C8-FollowerState] INFO  server.RaftServerConfigKeys (ConfUtils.java:logFallback(53)) - raft.server.rpc.first-election.timeout.max = 5200ms (fallback to raft.server.rpc.timeout.max)
2023-04-10 17:22:24,330 [pool-78-thread-1] INFO  server.RaftServerConfigKeys (ConfUtils.java:logGet(46)) - raft.server.snapshot.auto.trigger.enabled = true (custom)
2023-04-10 17:22:24,330 [pool-78-thread-1] INFO  server.RaftServerConfigKeys (ConfUtils.java:logGet(46)) - raft.server.snapshot.auto.trigger.threshold = 1 (custom)
2023-04-10 17:22:24,331 [pool-78-thread-1] INFO  server.RaftServerConfigKeys (ConfUtils.java:logGet(46)) - raft.server.snapshot.retention.file.num = 5 (custom)
2023-04-10 17:22:24,331 [pool-78-thread-1] INFO  server.RaftServerConfigKeys (ConfUtils.java:logGet(46)) - raft.server.log.purge.upto.snapshot.index = false (default)
2023-04-10 17:22:24,344 [Command processor thread] INFO  ratis.XceiverServerRatis (XceiverServerRatis.java:addGroup(806)) - Created group PipelineID=fc80b205-378d-49cc-9419-16c16c8963c8
2023-04-10 17:22:24,344 [Command processor thread] INFO  commandhandler.CreatePipelineCommandHandler (CreatePipelineCommandHandler.java:handle(113)) - Created Pipeline RATIS ONE PipelineID=fc80b205-378d-49cc-9419-16c16c8963c8.
2023-04-10 17:22:24,345 [Command processor thread] INFO  server.RaftServer (RaftServerProxy.java:addNew(96)) - cd4ac3e2-47ba-443c-8aa0-40ab251a0f4e: addNew group-04F87E957C10:[f70c5b51-abaf-4483-bcc0-ab3e40e5c626|rpc:10.1.0.59:36093|dataStream:10.1.0.59:44995|priority:0|startupRole:FOLLOWER, cfa9660d-3e66-4e37-95dd-c01791520333|rpc:10.1.0.59:42355|dataStream:10.1.0.59:45915|priority:0|startupRole:FOLLOWER, cd4ac3e2-47ba-443c-8aa0-40ab251a0f4e|rpc:10.1.0.59:42823|dataStream:10.1.0.59:35537|priority:1|startupRole:FOLLOWER] returns group-04F87E957C10:java.util.concurrent.CompletableFuture@5996e235[Not completed]
2023-04-10 17:22:24,348 [pool-78-thread-1] INFO  server.RaftServer$Division (RaftServerImpl.java:<init>(195)) - cd4ac3e2-47ba-443c-8aa0-40ab251a0f4e: new RaftServerImpl for group-04F87E957C10:[f70c5b51-abaf-4483-bcc0-ab3e40e5c626|rpc:10.1.0.59:36093|dataStream:10.1.0.59:44995|priority:0|startupRole:FOLLOWER, cfa9660d-3e66-4e37-95dd-c01791520333|rpc:10.1.0.59:42355|dataStream:10.1.0.59:45915|priority:0|startupRole:FOLLOWER, cd4ac3e2-47ba-443c-8aa0-40ab251a0f4e|rpc:10.1.0.59:42823|dataStream:10.1.0.59:35537|priority:1|startupRole:FOLLOWER] with ContainerStateMachine:uninitialized
2023-04-10 17:22:24,348 [pool-78-thread-1] INFO  server.RaftServerConfigKeys (ConfUtils.java:logGet(46)) - raft.server.rpc.timeout.min = 5s (custom)
2023-04-10 17:22:24,348 [pool-78-thread-1] INFO  server.RaftServerConfigKeys (ConfUtils.java:logGet(46)) - raft.server.rpc.timeout.max = 5200ms (custom)
2023-04-10 17:22:24,348 [pool-78-thread-1] INFO  server.RaftServerConfigKeys (ConfUtils.java:logGet(46)) - raft.server.rpc.sleep.time = 25ms (default)
2023-04-10 17:22:24,348 [pool-78-thread-1] INFO  server.RaftServerConfigKeys (ConfUtils.java:logGet(46)) - raft.server.rpc.slowness.timeout = 300000ms (custom)
2023-04-10 17:22:24,348 [pool-78-thread-1] INFO  server.RaftServerConfigKeys (ConfUtils.java:logGet(46)) - raft.server.leaderelection.leader.step-down.wait-time = 10s (default)
2023-04-10 17:22:24,348 [pool-78-thread-1] INFO  server.RaftServerConfigKeys (ConfUtils.java:logGet(46)) - raft.server.sleep.deviation.threshold = 300ms (default)
2023-04-10 17:22:24,348 [pool-78-thread-1] INFO  server.RaftServer$Division (ServerState.java:<init>(118)) - cd4ac3e2-47ba-443c-8aa0-40ab251a0f4e@group-04F87E957C10: ConfigurationManager, init=-1: peers:[f70c5b51-abaf-4483-bcc0-ab3e40e5c626|rpc:10.1.0.59:36093|dataStream:10.1.0.59:44995|priority:0|startupRole:FOLLOWER, cfa9660d-3e66-4e37-95dd-c01791520333|rpc:10.1.0.59:42355|dataStream:10.1.0.59:45915|priority:0|startupRole:FOLLOWER, cd4ac3e2-47ba-443c-8aa0-40ab251a0f4e|rpc:10.1.0.59:42823|dataStream:10.1.0.59:35537|priority:1|startupRole:FOLLOWER]|listeners:[], old=null, confs=<EMPTY_MAP>
2023-04-10 17:22:24,348 [pool-78-thread-1] INFO  server.RaftServerConfigKeys (ConfUtils.java:logGet(46)) - raft.server.storage.dir = [/home/runner/work/ozone/ozone/hadoop-ozone/integration-test/target/test-dir/MiniOzoneClusterImpl-bd692c78-fb3a-4866-9e85-e2f4bd0dbf58/datanode-0/data/ratis] (custom)
2023-04-10 17:22:24,349 [pool-78-thread-1] INFO  server.RaftServerConfigKeys (ConfUtils.java:logGet(46)) - raft.server.log.corruption.policy = EXCEPTION (default)
2023-04-10 17:22:24,349 [pool-78-thread-1] INFO  server.RaftServerConfigKeys (ConfUtils.java:logGet(46)) - raft.server.storage.free-space.min = 0MB (=0) (default)
2023-04-10 17:22:24,349 [pool-78-thread-1] INFO  server.RaftServerConfigKeys (ConfUtils.java:logGet(46)) - raft.server.notification.no-leader.timeout = 300000ms (custom)
2023-04-10 17:22:24,349 [pool-78-thread-1] INFO  server.RaftServerConfigKeys (ConfUtils.java:logGet(46)) - raft.server.retrycache.expirytime = 600000ms (custom)
2023-04-10 17:22:24,349 [pool-78-thread-1] INFO  server.RaftServerConfigKeys (ConfUtils.java:logGet(46)) - raft.server.retrycache.statistics.expirytime = 100μs (default)
2023-04-10 17:22:24,358 [pool-78-thread-1] INFO  server.RaftServerConfigKeys (ConfUtils.java:logGet(46)) - raft.server.log.appender.install.snapshot.enabled = false (custom)
2023-04-10 17:22:24,358 [pool-78-thread-1] INFO  server.RaftServerConfigKeys (ConfUtils.java:logGet(46)) - raft.server.threadpool.server.cached = true (default)
2023-04-10 17:22:24,358 [pool-78-thread-1] INFO  server.RaftServerConfigKeys (ConfUtils.java:logGet(46)) - raft.server.threadpool.server.size = 0 (default)
2023-04-10 17:22:24,358 [pool-78-thread-1] INFO  server.RaftServerConfigKeys (ConfUtils.java:logGet(46)) - raft.server.threadpool.client.cached = true (default)
2023-04-10 17:22:24,358 [pool-78-thread-1] INFO  server.RaftServerConfigKeys (ConfUtils.java:logGet(46)) - raft.server.threadpool.client.size = 0 (default)
2023-04-10 17:22:24,358 [pool-78-thread-1] INFO  storage.RaftStorageDirectory (RaftStorageDirectoryImpl.java:analyzeStorage(137)) - The storage directory /home/runner/work/ozone/ozone/hadoop-ozone/integration-test/target/test-dir/MiniOzoneClusterImpl-bd692c78-fb3a-4866-9e85-e2f4bd0dbf58/datanode-0/data/ratis/6a6143b9-71ae-46e0-8280-04f87e957c10 does not exist. Creating ...
2023-04-10 17:22:24,360 [pool-78-thread-1] INFO  storage.RaftStorageDirectory (RaftStorageDirectoryImpl.java:tryLock(231)) - Lock on /home/runner/work/ozone/ozone/hadoop-ozone/integration-test/target/test-dir/MiniOzoneClusterImpl-bd692c78-fb3a-4866-9e85-e2f4bd0dbf58/datanode-0/data/ratis/6a6143b9-71ae-46e0-8280-04f87e957c10/in_use.lock acquired by nodename 68953@fv-az201-37
2023-04-10 17:22:24,361 [pool-78-thread-1] INFO  storage.RaftStorage (RaftStorageImpl.java:format(96)) - Storage directory /home/runner/work/ozone/ozone/hadoop-ozone/integration-test/target/test-dir/MiniOzoneClusterImpl-bd692c78-fb3a-4866-9e85-e2f4bd0dbf58/datanode-0/data/ratis/6a6143b9-71ae-46e0-8280-04f87e957c10 has been successfully formatted.
2023-04-10 17:22:24,364 [pool-78-thread-1] INFO  ratis.ContainerStateMachine (ContainerStateMachine.java:loadSnapshot(262)) - group-04F87E957C10: The snapshot info is null. Setting the last applied indexto:(t:0, i:~)
2023-04-10 17:22:24,364 [pool-78-thread-1] INFO  server.RaftServerConfigKeys (ConfUtils.java:logGet(46)) - raft.server.log.use.memory = false (default)
2023-04-10 17:22:24,365 [pool-78-thread-1] INFO  server.RaftServerConfigKeys (ConfUtils.java:logGet(46)) - raft.server.log.purge.gap = 1000000 (custom)
2023-04-10 17:22:24,365 [EventQueue-OpenPipelineForHealthyPipelineSafeModeRule] INFO  safemode.SCMSafeModeManager (HealthyPipelineSafeModeRule.java:process(137)) - SCM in safe mode. Healthy pipelines reported count is 0, required healthy pipeline reported count is 1
2023-04-10 17:22:24,367 [pool-78-thread-1] INFO  server.RaftServerConfigKeys (ConfUtils.java:logGet(46)) - raft.server.log.appender.buffer.byte-limit = 33554432 (custom)
2023-04-10 17:22:24,368 [pool-78-thread-1] INFO  server.RaftServerConfigKeys (ConfUtils.java:logGet(46)) - raft.server.log.statemachine.data.read.timeout = 1000ms (default)
2023-04-10 17:22:24,368 [pool-78-thread-1] INFO  server.RaftServerConfigKeys (ConfUtils.java:logGet(46)) - raft.server.log.purge.preservation.log.num = 0 (default)
2023-04-10 17:22:24,368 [pool-78-thread-1] INFO  server.RaftServerConfigKeys (ConfUtils.java:logGet(46)) - raft.server.log.segment.size.max = 1048576 (custom)
2023-04-10 17:22:24,370 [pool-78-thread-1] INFO  server.RaftServerConfigKeys (ConfUtils.java:logGet(46)) - raft.server.log.segment.cache.num.max = 2 (custom)
2023-04-10 17:22:24,370 [pool-78-thread-1] INFO  server.RaftServerConfigKeys (ConfUtils.java:logGet(46)) - raft.server.log.segment.cache.size.max = 200MB (=209715200) (default)
2023-04-10 17:22:24,370 [pool-78-thread-1] INFO  segmented.SegmentedRaftLogWorker (SegmentedRaftLogWorker.java:<init>(189)) - new cd4ac3e2-47ba-443c-8aa0-40ab251a0f4e@group-04F87E957C10-SegmentedRaftLogWorker for RaftStorageImpl:Storage Directory /home/runner/work/ozone/ozone/hadoop-ozone/integration-test/target/test-dir/MiniOzoneClusterImpl-bd692c78-fb3a-4866-9e85-e2f4bd0dbf58/datanode-0/data/ratis/6a6143b9-71ae-46e0-8280-04f87e957c10
2023-04-10 17:22:24,370 [pool-78-thread-1] INFO  server.RaftServerConfigKeys (ConfUtils.java:logGet(46)) - raft.server.log.queue.byte-limit = 4294967296 (custom)
2023-04-10 17:22:24,370 [pool-78-thread-1] INFO  server.RaftServerConfigKeys (ConfUtils.java:logGet(46)) - raft.server.log.queue.element-limit = 1024 (custom)
2023-04-10 17:22:24,370 [pool-78-thread-1] INFO  server.RaftServerConfigKeys (ConfUtils.java:logGet(46)) - raft.server.log.segment.size.max = 1048576 (custom)
2023-04-10 17:22:24,370 [pool-78-thread-1] INFO  server.RaftServerConfigKeys (ConfUtils.java:logGet(46)) - raft.server.log.preallocated.size = 16384 (custom)
2023-04-10 17:22:24,371 [pool-78-thread-1] INFO  server.RaftServerConfigKeys (ConfUtils.java:logGet(46)) - raft.server.log.force.sync.num = 128 (default)
2023-04-10 17:22:24,371 [pool-78-thread-1] INFO  server.RaftServerConfigKeys (ConfUtils.java:logGet(46)) - raft.server.log.statemachine.data.sync = true (default)
2023-04-10 17:22:24,371 [pool-78-thread-1] INFO  server.RaftServerConfigKeys (ConfUtils.java:logGet(46)) - raft.server.log.statemachine.data.sync.timeout = 10s (default)
2023-04-10 17:22:24,371 [pool-78-thread-1] INFO  server.RaftServerConfigKeys (ConfUtils.java:logGet(46)) - raft.server.log.statemachine.data.sync.timeout.retry = -1 (default)
2023-04-10 17:22:24,374 [pool-78-thread-1] INFO  server.RaftServerConfigKeys (ConfUtils.java:logGet(46)) - raft.server.log.write.buffer.size = 1048576 (custom)
2023-04-10 17:22:24,375 [pool-78-thread-1] INFO  server.RaftServerConfigKeys (ConfUtils.java:logGet(46)) - raft.server.log.appender.buffer.byte-limit = 33554432 (custom)
2023-04-10 17:22:24,385 [pool-78-thread-1] INFO  server.RaftServerConfigKeys (ConfUtils.java:logGet(46)) - raft.server.log.unsafe-flush.enabled = false (default)
2023-04-10 17:22:24,386 [pool-78-thread-1] INFO  server.RaftServerConfigKeys (ConfUtils.java:logGet(46)) - raft.server.log.async-flush.enabled = false (default)
2023-04-10 17:22:24,386 [pool-78-thread-1] INFO  server.RaftServerConfigKeys (ConfUtils.java:logGet(46)) - raft.server.log.statemachine.data.caching.enabled = true (custom)
2023-04-10 17:22:24,386 [pool-78-thread-1] INFO  segmented.SegmentedRaftLogWorker (SegmentedRaftLogWorker.java:lambda$new$0(135)) - cd4ac3e2-47ba-443c-8aa0-40ab251a0f4e@group-04F87E957C10-SegmentedRaftLogWorker: flushIndex: setUnconditionally 0 -> -1
2023-04-10 17:22:24,386 [pool-78-thread-1] INFO  segmented.SegmentedRaftLogWorker (SegmentedRaftLogWorker.java:lambda$new$0(135)) - cd4ac3e2-47ba-443c-8aa0-40ab251a0f4e@group-04F87E957C10-SegmentedRaftLogWorker: safeCacheEvictIndex: setUnconditionally 0 -> -1
2023-04-10 17:22:24,386 [pool-78-thread-1] INFO  server.RaftServer$Division (RaftServerImpl.java:start(334)) - cd4ac3e2-47ba-443c-8aa0-40ab251a0f4e@group-04F87E957C10: start as a follower, conf=-1: peers:[f70c5b51-abaf-4483-bcc0-ab3e40e5c626|rpc:10.1.0.59:36093|dataStream:10.1.0.59:44995|priority:0|startupRole:FOLLOWER, cfa9660d-3e66-4e37-95dd-c01791520333|rpc:10.1.0.59:42355|dataStream:10.1.0.59:45915|priority:0|startupRole:FOLLOWER, cd4ac3e2-47ba-443c-8aa0-40ab251a0f4e|rpc:10.1.0.59:42823|dataStream:10.1.0.59:35537|priority:1|startupRole:FOLLOWER]|listeners:[], old=null
2023-04-10 17:22:24,386 [pool-78-thread-1] INFO  server.RaftServer$Division (RaftServerImpl.java:setRole(321)) - cd4ac3e2-47ba-443c-8aa0-40ab251a0f4e@group-04F87E957C10: changes role from      null to FOLLOWER at term 0 for startAsFollower
2023-04-10 17:22:24,386 [pool-78-thread-1] INFO  impl.RoleInfo (RoleInfo.java:updateAndGet(139)) - cd4ac3e2-47ba-443c-8aa0-40ab251a0f4e: start cd4ac3e2-47ba-443c-8aa0-40ab251a0f4e@group-04F87E957C10-FollowerState
2023-04-10 17:22:24,387 [cd4ac3e2-47ba-443c-8aa0-40ab251a0f4e@group-04F87E957C10-FollowerState] INFO  server.RaftServerConfigKeys (ConfUtils.java:logFallback(53)) - raft.server.rpc.first-election.timeout.min = 5s (fallback to raft.server.rpc.timeout.min)
2023-04-10 17:22:24,387 [pool-78-thread-1] INFO  util.JmxRegister (JmxRegister.java:tryRegister(44)) - Successfully registered JMX Bean with object name Ratis:service=RaftServer,group=group-04F87E957C10,id=cd4ac3e2-47ba-443c-8aa0-40ab251a0f4e
2023-04-10 17:22:24,389 [cd4ac3e2-47ba-443c-8aa0-40ab251a0f4e@group-04F87E957C10-FollowerState] INFO  server.RaftServerConfigKeys (ConfUtils.java:logFallback(53)) - raft.server.rpc.first-election.timeout.max = 5200ms (fallback to raft.server.rpc.timeout.max)
2023-04-10 17:22:24,389 [pool-78-thread-1] INFO  server.RaftServerConfigKeys (ConfUtils.java:logGet(46)) - raft.server.snapshot.auto.trigger.enabled = true (custom)
2023-04-10 17:22:24,389 [pool-78-thread-1] INFO  server.RaftServerConfigKeys (ConfUtils.java:logGet(46)) - raft.server.snapshot.auto.trigger.threshold = 1 (custom)
2023-04-10 17:22:24,389 [pool-78-thread-1] INFO  server.RaftServerConfigKeys (ConfUtils.java:logGet(46)) - raft.server.snapshot.retention.file.num = 5 (custom)
2023-04-10 17:22:24,389 [pool-78-thread-1] INFO  server.RaftServerConfigKeys (ConfUtils.java:logGet(46)) - raft.server.log.purge.upto.snapshot.index = false (default)
2023-04-10 17:22:24,390 [Command processor thread] INFO  ratis.XceiverServerRatis (XceiverServerRatis.java:addGroup(806)) - Created group PipelineID=6a6143b9-71ae-46e0-8280-04f87e957c10
2023-04-10 17:22:24,639 [JvmPauseMonitor6] WARN  util.JvmPauseMonitor (JvmPauseMonitor.java:detectPause(126)) - JvmPauseMonitor-a57f48d7-536d-4afe-bf9f-8dd3ac661106: Detected pause in JVM or host machine (eg GC): pause of approximately 127213489ns.
GC pool 'PS MarkSweep' had collection(s): count=1 time=145ms
GC pool 'PS Scavenge' had collection(s): count=1 time=56ms
2023-04-10 17:22:24,640 [EventQueue-OpenPipelineForHealthyPipelineSafeModeRule] INFO  safemode.SCMSafeModeManager (HealthyPipelineSafeModeRule.java:process(137)) - SCM in safe mode. Healthy pipelines reported count is 0, required healthy pipeline reported count is 1
2023-04-10 17:22:24,642 [JvmPauseMonitor2] WARN  util.JvmPauseMonitor (JvmPauseMonitor.java:detectPause(126)) - JvmPauseMonitor-cfa9660d-3e66-4e37-95dd-c01791520333: Detected pause in JVM or host machine (eg GC): pause of approximately 186600701ns.
GC pool 'PS MarkSweep' had collection(s): count=1 time=145ms
GC pool 'PS Scavenge' had collection(s): count=1 time=56ms
2023-04-10 17:22:24,764 [IPC Server handler 5 on default port 44281] INFO  net.NetworkTopologyImpl (NetworkTopologyImpl.java:add(112)) - Added a new node: /default-rack/bfeb2be3-129f-4e57-9a47-316523ddd986
2023-04-10 17:22:24,764 [IPC Server handler 5 on default port 44281] INFO  node.SCMNodeManager (SCMNodeManager.java:register(404)) - Registered Data node : bfeb2be3-129f-4e57-9a47-316523ddd986{ip: 10.1.0.59, host: fv-az201-37, ports: [HTTP=36745, REPLICATION=42259, RATIS=38183, RATIS_ADMIN=38183, RATIS_SERVER=38183, RATIS_DATASTREAM=32789, STANDALONE=34705], networkLocation: /default-rack, certSerialId: null, persistedOpState: null, persistedOpStateExpiryEpochSec: 0}
2023-04-10 17:22:24,766 [EventQueue-NewNodeForNewNodeHandler] INFO  pipeline.BackgroundPipelineCreator (BackgroundPipelineCreator.java:notifyEventTriggered(276)) - trigger a one-shot run on RatisPipelineUtilsThread.
2023-04-10 17:22:24,766 [RatisPipelineUtilsThread - 0] INFO  pipeline.RatisPipelineProvider (RatisPipelineProvider.java:lambda$create$0(206)) - Sending CreatePipelineCommand for pipeline:PipelineID=73ef65af-6443-4f0f-966f-ff99a091f36c to datanode:bfeb2be3-129f-4e57-9a47-316523ddd986
2023-04-10 17:22:24,767 [RatisPipelineUtilsThread - 0] INFO  pipeline.PipelineStateManagerImpl (PipelineStateManagerImpl.java:addPipeline(103)) - Created pipeline Pipeline[ Id: 73ef65af-6443-4f0f-966f-ff99a091f36c, Nodes: bfeb2be3-129f-4e57-9a47-316523ddd986(fv-az201-37/10.1.0.59), ReplicationConfig: RATIS/ONE, State:ALLOCATED, leaderId:, CreationTimestamp2023-04-10T17:22:24.766Z[Etc/UTC]].
2023-04-10 17:22:24,768 [RatisPipelineUtilsThread - 0] INFO  pipeline.RatisPipelineProvider (RatisPipelineProvider.java:lambda$create$0(206)) - Sending CreatePipelineCommand for pipeline:PipelineID=aad66a3b-7a6c-41d9-ad99-e2f6596d48a6 to datanode:813669ff-bde2-4a80-a354-dd4c167663c0
2023-04-10 17:22:24,768 [RatisPipelineUtilsThread - 0] INFO  pipeline.RatisPipelineProvider (RatisPipelineProvider.java:lambda$create$0(206)) - Sending CreatePipelineCommand for pipeline:PipelineID=aad66a3b-7a6c-41d9-ad99-e2f6596d48a6 to datanode:1df5c771-96ae-4f7f-bce1-d7659a86bf4c
2023-04-10 17:22:24,768 [RatisPipelineUtilsThread - 0] INFO  pipeline.RatisPipelineProvider (RatisPipelineProvider.java:lambda$create$0(206)) - Sending CreatePipelineCommand for pipeline:PipelineID=aad66a3b-7a6c-41d9-ad99-e2f6596d48a6 to datanode:bfeb2be3-129f-4e57-9a47-316523ddd986
2023-04-10 17:22:24,768 [RatisPipelineUtilsThread - 0] INFO  pipeline.PipelineStateManagerImpl (PipelineStateManagerImpl.java:addPipeline(103)) - Created pipeline Pipeline[ Id: aad66a3b-7a6c-41d9-ad99-e2f6596d48a6, Nodes: 813669ff-bde2-4a80-a354-dd4c167663c0(fv-az201-37/10.1.0.59)1df5c771-96ae-4f7f-bce1-d7659a86bf4c(fv-az201-37/10.1.0.59)bfeb2be3-129f-4e57-9a47-316523ddd986(fv-az201-37/10.1.0.59), ReplicationConfig: RATIS/THREE, State:ALLOCATED, leaderId:, CreationTimestamp2023-04-10T17:22:24.768Z[Etc/UTC]].
2023-04-10 17:22:24,771 [RatisPipelineUtilsThread - 0] INFO  pipeline.RatisPipelineProvider (RatisPipelineProvider.java:lambda$create$0(206)) - Sending CreatePipelineCommand for pipeline:PipelineID=a4894ffa-25dd-4ba2-bcfc-b2579d47936b to datanode:1df5c771-96ae-4f7f-bce1-d7659a86bf4c
2023-04-10 17:22:24,772 [RatisPipelineUtilsThread - 0] INFO  pipeline.RatisPipelineProvider (RatisPipelineProvider.java:lambda$create$0(206)) - Sending CreatePipelineCommand for pipeline:PipelineID=a4894ffa-25dd-4ba2-bcfc-b2579d47936b to datanode:813669ff-bde2-4a80-a354-dd4c167663c0
2023-04-10 17:22:24,772 [RatisPipelineUtilsThread - 0] INFO  pipeline.RatisPipelineProvider (RatisPipelineProvider.java:lambda$create$0(206)) - Sending CreatePipelineCommand for pipeline:PipelineID=a4894ffa-25dd-4ba2-bcfc-b2579d47936b to datanode:bfeb2be3-129f-4e57-9a47-316523ddd986
2023-04-10 17:22:24,773 [RatisPipelineUtilsThread - 0] INFO  pipeline.PipelineStateManagerImpl (PipelineStateManagerImpl.java:addPipeline(103)) - Created pipeline Pipeline[ Id: a4894ffa-25dd-4ba2-bcfc-b2579d47936b, Nodes: 1df5c771-96ae-4f7f-bce1-d7659a86bf4c(fv-az201-37/10.1.0.59)813669ff-bde2-4a80-a354-dd4c167663c0(fv-az201-37/10.1.0.59)bfeb2be3-129f-4e57-9a47-316523ddd986(fv-az201-37/10.1.0.59), ReplicationConfig: RATIS/THREE, State:ALLOCATED, leaderId:, CreationTimestamp2023-04-10T17:22:24.771Z[Etc/UTC]].
2023-04-10 17:22:24,773 [RatisPipelineUtilsThread - 0] INFO  pipeline.PipelineManagerImpl (PipelineManagerImpl.java:recordMetricsForPipeline(826)) - Pipeline: PipelineID=a4894ffa-25dd-4ba2-bcfc-b2579d47936b contains same datanodes as previous pipelines: PipelineID=aad66a3b-7a6c-41d9-ad99-e2f6596d48a6 nodeIds: 1df5c771-96ae-4f7f-bce1-d7659a86bf4c, 813669ff-bde2-4a80-a354-dd4c167663c0, bfeb2be3-129f-4e57-9a47-316523ddd986
2023-04-10 17:22:24,775 [RatisPipelineUtilsThread - 0] WARN  pipeline.PipelinePlacementPolicy (PipelinePlacementPolicy.java:filterViableNodes(160)) - Pipeline creation failed due to no sufficient healthy datanodes. Required 3. Found 0. Excluded 9.
2023-04-10 17:22:24,846 [EventQueue-OpenPipelineForHealthyPipelineSafeModeRule] INFO  safemode.SCMSafeModeManager (HealthyPipelineSafeModeRule.java:process(137)) - SCM in safe mode. Healthy pipelines reported count is 0, required healthy pipeline reported count is 1
2023-04-10 17:22:24,857 [Command processor thread] INFO  server.RaftServer (RaftServerProxy.java:addNew(96)) - cfa9660d-3e66-4e37-95dd-c01791520333: addNew group-CE7ABFC18BF0:[cfa9660d-3e66-4e37-95dd-c01791520333|rpc:10.1.0.59:42355|dataStream:10.1.0.59:45915|priority:1|startupRole:FOLLOWER] returns group-CE7ABFC18BF0:java.util.concurrent.CompletableFuture@4f60e4be[Not completed]
2023-04-10 17:22:24,876 [pool-100-thread-1] INFO  server.RaftServer$Division (RaftServerImpl.java:<init>(195)) - cfa9660d-3e66-4e37-95dd-c01791520333: new RaftServerImpl for group-CE7ABFC18BF0:[cfa9660d-3e66-4e37-95dd-c01791520333|rpc:10.1.0.59:42355|dataStream:10.1.0.59:45915|priority:1|startupRole:FOLLOWER] with ContainerStateMachine:uninitialized
2023-04-10 17:22:24,877 [pool-100-thread-1] INFO  server.RaftServerConfigKeys (ConfUtils.java:logGet(46)) - raft.server.rpc.timeout.min = 5s (custom)
2023-04-10 17:22:24,877 [pool-100-thread-1] INFO  server.RaftServerConfigKeys (ConfUtils.java:logGet(46)) - raft.server.rpc.timeout.max = 5200ms (custom)
2023-04-10 17:22:24,877 [pool-100-thread-1] INFO  server.RaftServerConfigKeys (ConfUtils.java:logGet(46)) - raft.server.rpc.sleep.time = 25ms (default)
2023-04-10 17:22:24,877 [pool-100-thread-1] INFO  server.RaftServerConfigKeys (ConfUtils.java:logGet(46)) - raft.server.rpc.slowness.timeout = 300000ms (custom)
2023-04-10 17:22:24,877 [pool-100-thread-1] INFO  server.RaftServerConfigKeys (ConfUtils.java:logGet(46)) - raft.server.leaderelection.leader.step-down.wait-time = 10s (default)
2023-04-10 17:22:24,877 [pool-100-thread-1] INFO  server.RaftServerConfigKeys (ConfUtils.java:logGet(46)) - raft.server.sleep.deviation.threshold = 300ms (default)
2023-04-10 17:22:24,877 [pool-100-thread-1] INFO  server.RaftServer$Division (ServerState.java:<init>(118)) - cfa9660d-3e66-4e37-95dd-c01791520333@group-CE7ABFC18BF0: ConfigurationManager, init=-1: peers:[cfa9660d-3e66-4e37-95dd-c01791520333|rpc:10.1.0.59:42355|dataStream:10.1.0.59:45915|priority:1|startupRole:FOLLOWER]|listeners:[], old=null, confs=<EMPTY_MAP>
2023-04-10 17:22:24,877 [pool-100-thread-1] INFO  server.RaftServerConfigKeys (ConfUtils.java:logGet(46)) - raft.server.storage.dir = [/home/runner/work/ozone/ozone/hadoop-ozone/integration-test/target/test-dir/MiniOzoneClusterImpl-bd692c78-fb3a-4866-9e85-e2f4bd0dbf58/datanode-1/data/ratis] (custom)
2023-04-10 17:22:24,877 [pool-100-thread-1] INFO  server.RaftServerConfigKeys (ConfUtils.java:logGet(46)) - raft.server.log.corruption.policy = EXCEPTION (default)
2023-04-10 17:22:24,877 [pool-100-thread-1] INFO  server.RaftServerConfigKeys (ConfUtils.java:logGet(46)) - raft.server.storage.free-space.min = 0MB (=0) (default)
2023-04-10 17:22:24,877 [pool-100-thread-1] INFO  server.RaftServerConfigKeys (ConfUtils.java:logGet(46)) - raft.server.notification.no-leader.timeout = 300000ms (custom)
2023-04-10 17:22:24,877 [pool-100-thread-1] INFO  server.RaftServerConfigKeys (ConfUtils.java:logGet(46)) - raft.server.retrycache.expirytime = 600000ms (custom)
2023-04-10 17:22:24,877 [pool-100-thread-1] INFO  server.RaftServerConfigKeys (ConfUtils.java:logGet(46)) - raft.server.retrycache.statistics.expirytime = 100μs (default)
2023-04-10 17:22:24,883 [pool-100-thread-1] INFO  server.RaftServerConfigKeys (ConfUtils.java:logGet(46)) - raft.server.log.appender.install.snapshot.enabled = false (custom)
2023-04-10 17:22:24,883 [pool-100-thread-1] INFO  server.RaftServerConfigKeys (ConfUtils.java:logGet(46)) - raft.server.threadpool.server.cached = true (default)
2023-04-10 17:22:24,883 [pool-100-thread-1] INFO  server.RaftServerConfigKeys (ConfUtils.java:logGet(46)) - raft.server.threadpool.server.size = 0 (default)
2023-04-10 17:22:24,883 [pool-100-thread-1] INFO  server.RaftServerConfigKeys (ConfUtils.java:logGet(46)) - raft.server.threadpool.client.cached = true (default)
2023-04-10 17:22:24,883 [pool-100-thread-1] INFO  server.RaftServerConfigKeys (ConfUtils.java:logGet(46)) - raft.server.threadpool.client.size = 0 (default)
2023-04-10 17:22:24,883 [pool-100-thread-1] INFO  storage.RaftStorageDirectory (RaftStorageDirectoryImpl.java:analyzeStorage(137)) - The storage directory /home/runner/work/ozone/ozone/hadoop-ozone/integration-test/target/test-dir/MiniOzoneClusterImpl-bd692c78-fb3a-4866-9e85-e2f4bd0dbf58/datanode-1/data/ratis/c00fc6b4-80a8-4041-a15b-ce7abfc18bf0 does not exist. Creating ...
2023-04-10 17:22:24,887 [pool-100-thread-1] INFO  storage.RaftStorageDirectory (RaftStorageDirectoryImpl.java:tryLock(231)) - Lock on /home/runner/work/ozone/ozone/hadoop-ozone/integration-test/target/test-dir/MiniOzoneClusterImpl-bd692c78-fb3a-4866-9e85-e2f4bd0dbf58/datanode-1/data/ratis/c00fc6b4-80a8-4041-a15b-ce7abfc18bf0/in_use.lock acquired by nodename 68953@fv-az201-37
2023-04-10 17:22:24,888 [pool-100-thread-1] INFO  storage.RaftStorage (RaftStorageImpl.java:format(96)) - Storage directory /home/runner/work/ozone/ozone/hadoop-ozone/integration-test/target/test-dir/MiniOzoneClusterImpl-bd692c78-fb3a-4866-9e85-e2f4bd0dbf58/datanode-1/data/ratis/c00fc6b4-80a8-4041-a15b-ce7abfc18bf0 has been successfully formatted.
2023-04-10 17:22:24,894 [EventQueue-PipelineReportForPipelineReportHandler] INFO  pipeline.PipelineManagerImpl (PipelineManagerImpl.java:openPipeline(367)) - Pipeline Pipeline[ Id: c00fc6b4-80a8-4041-a15b-ce7abfc18bf0, Nodes: cfa9660d-3e66-4e37-95dd-c01791520333(fv-az201-37/10.1.0.59), ReplicationConfig: RATIS/ONE, State:ALLOCATED, leaderId:cfa9660d-3e66-4e37-95dd-c01791520333, CreationTimestamp2023-04-10T17:22:21.868Z[Etc/UTC]] moved to OPEN state
2023-04-10 17:22:24,895 [EventQueue-OpenPipelineForHealthyPipelineSafeModeRule] INFO  safemode.SCMSafeModeManager (HealthyPipelineSafeModeRule.java:process(137)) - SCM in safe mode. Healthy pipelines reported count is 0, required healthy pipeline reported count is 1
2023-04-10 17:22:24,896 [pool-100-thread-1] INFO  ratis.ContainerStateMachine (ContainerStateMachine.java:loadSnapshot(262)) - group-CE7ABFC18BF0: The snapshot info is null. Setting the last applied indexto:(t:0, i:~)
2023-04-10 17:22:24,897 [pool-100-thread-1] INFO  server.RaftServerConfigKeys (ConfUtils.java:logGet(46)) - raft.server.log.use.memory = false (default)
2023-04-10 17:22:24,897 [pool-100-thread-1] INFO  server.RaftServerConfigKeys (ConfUtils.java:logGet(46)) - raft.server.log.purge.gap = 1000000 (custom)
2023-04-10 17:22:24,897 [pool-100-thread-1] INFO  server.RaftServerConfigKeys (ConfUtils.java:logGet(46)) - raft.server.log.appender.buffer.byte-limit = 33554432 (custom)
2023-04-10 17:22:24,897 [pool-100-thread-1] INFO  server.RaftServerConfigKeys (ConfUtils.java:logGet(46)) - raft.server.log.statemachine.data.read.timeout = 1000ms (default)
2023-04-10 17:22:24,897 [pool-100-thread-1] INFO  server.RaftServerConfigKeys (ConfUtils.java:logGet(46)) - raft.server.log.purge.preservation.log.num = 0 (default)
2023-04-10 17:22:24,897 [pool-100-thread-1] INFO  server.RaftServerConfigKeys (ConfUtils.java:logGet(46)) - raft.server.log.segment.size.max = 1048576 (custom)
2023-04-10 17:22:24,898 [pool-100-thread-1] INFO  server.RaftServerConfigKeys (ConfUtils.java:logGet(46)) - raft.server.log.segment.cache.num.max = 2 (custom)
2023-04-10 17:22:24,898 [pool-100-thread-1] INFO  server.RaftServerConfigKeys (ConfUtils.java:logGet(46)) - raft.server.log.segment.cache.size.max = 200MB (=209715200) (default)
2023-04-10 17:22:24,898 [pool-100-thread-1] INFO  segmented.SegmentedRaftLogWorker (SegmentedRaftLogWorker.java:<init>(189)) - new cfa9660d-3e66-4e37-95dd-c01791520333@group-CE7ABFC18BF0-SegmentedRaftLogWorker for RaftStorageImpl:Storage Directory /home/runner/work/ozone/ozone/hadoop-ozone/integration-test/target/test-dir/MiniOzoneClusterImpl-bd692c78-fb3a-4866-9e85-e2f4bd0dbf58/datanode-1/data/ratis/c00fc6b4-80a8-4041-a15b-ce7abfc18bf0
2023-04-10 17:22:24,898 [pool-100-thread-1] INFO  server.RaftServerConfigKeys (ConfUtils.java:logGet(46)) - raft.server.log.queue.byte-limit = 4294967296 (custom)
2023-04-10 17:22:24,898 [pool-100-thread-1] INFO  server.RaftServerConfigKeys (ConfUtils.java:logGet(46)) - raft.server.log.queue.element-limit = 1024 (custom)
2023-04-10 17:22:24,898 [pool-100-thread-1] INFO  server.RaftServerConfigKeys (ConfUtils.java:logGet(46)) - raft.server.log.segment.size.max = 1048576 (custom)
2023-04-10 17:22:24,898 [pool-100-thread-1] INFO  server.RaftServerConfigKeys (ConfUtils.java:logGet(46)) - raft.server.log.preallocated.size = 16384 (custom)
2023-04-10 17:22:24,899 [pool-100-thread-1] INFO  server.RaftServerConfigKeys (ConfUtils.java:logGet(46)) - raft.server.log.force.sync.num = 128 (default)
2023-04-10 17:22:24,899 [pool-100-thread-1] INFO  server.RaftServerConfigKeys (ConfUtils.java:logGet(46)) - raft.server.log.statemachine.data.sync = true (default)
2023-04-10 17:22:24,899 [pool-100-thread-1] INFO  server.RaftServerConfigKeys (ConfUtils.java:logGet(46)) - raft.server.log.statemachine.data.sync.timeout = 10s (default)
2023-04-10 17:22:24,899 [pool-100-thread-1] INFO  server.RaftServerConfigKeys (ConfUtils.java:logGet(46)) - raft.server.log.statemachine.data.sync.timeout.retry = -1 (default)
2023-04-10 17:22:24,901 [pool-100-thread-1] INFO  server.RaftServerConfigKeys (ConfUtils.java:logGet(46)) - raft.server.log.write.buffer.size = 1048576 (custom)
2023-04-10 17:22:24,901 [pool-100-thread-1] INFO  server.RaftServerConfigKeys (ConfUtils.java:logGet(46)) - raft.server.log.appender.buffer.byte-limit = 33554432 (custom)
2023-04-10 17:22:24,906 [pool-100-thread-1] INFO  server.RaftServerConfigKeys (ConfUtils.java:logGet(46)) - raft.server.log.unsafe-flush.enabled = false (default)
2023-04-10 17:22:24,906 [pool-100-thread-1] INFO  server.RaftServerConfigKeys (ConfUtils.java:logGet(46)) - raft.server.log.async-flush.enabled = false (default)
2023-04-10 17:22:24,907 [pool-100-thread-1] INFO  server.RaftServerConfigKeys (ConfUtils.java:logGet(46)) - raft.server.log.statemachine.data.caching.enabled = true (custom)
2023-04-10 17:22:24,907 [pool-100-thread-1] INFO  segmented.SegmentedRaftLogWorker (SegmentedRaftLogWorker.java:lambda$new$0(135)) - cfa9660d-3e66-4e37-95dd-c01791520333@group-CE7ABFC18BF0-SegmentedRaftLogWorker: flushIndex: setUnconditionally 0 -> -1
2023-04-10 17:22:24,907 [pool-100-thread-1] INFO  segmented.SegmentedRaftLogWorker (SegmentedRaftLogWorker.java:lambda$new$0(135)) - cfa9660d-3e66-4e37-95dd-c01791520333@group-CE7ABFC18BF0-SegmentedRaftLogWorker: safeCacheEvictIndex: setUnconditionally 0 -> -1
2023-04-10 17:22:24,907 [pool-100-thread-1] INFO  server.RaftServer$Division (RaftServerImpl.java:start(334)) - cfa9660d-3e66-4e37-95dd-c01791520333@group-CE7ABFC18BF0: start as a follower, conf=-1: peers:[cfa9660d-3e66-4e37-95dd-c01791520333|rpc:10.1.0.59:42355|dataStream:10.1.0.59:45915|priority:1|startupRole:FOLLOWER]|listeners:[], old=null
2023-04-10 17:22:24,907 [pool-100-thread-1] INFO  server.RaftServer$Division (RaftServerImpl.java:setRole(321)) - cfa9660d-3e66-4e37-95dd-c01791520333@group-CE7ABFC18BF0: changes role from      null to FOLLOWER at term 0 for startAsFollower
2023-04-10 17:22:24,907 [pool-100-thread-1] INFO  impl.RoleInfo (RoleInfo.java:updateAndGet(139)) - cfa9660d-3e66-4e37-95dd-c01791520333: start cfa9660d-3e66-4e37-95dd-c01791520333@group-CE7ABFC18BF0-FollowerState
2023-04-10 17:22:24,911 [pool-100-thread-1] INFO  util.JmxRegister (JmxRegister.java:tryRegister(44)) - Successfully registered JMX Bean with object name Ratis:service=RaftServer,group=group-CE7ABFC18BF0,id=cfa9660d-3e66-4e37-95dd-c01791520333
2023-04-10 17:22:24,912 [pool-100-thread-1] INFO  server.RaftServerConfigKeys (ConfUtils.java:logGet(46)) - raft.server.snapshot.auto.trigger.enabled = true (custom)
2023-04-10 17:22:24,912 [pool-100-thread-1] INFO  server.RaftServerConfigKeys (ConfUtils.java:logGet(46)) - raft.server.snapshot.auto.trigger.threshold = 1 (custom)
2023-04-10 17:22:24,912 [pool-100-thread-1] INFO  server.RaftServerConfigKeys (ConfUtils.java:logGet(46)) - raft.server.snapshot.retention.file.num = 5 (custom)
2023-04-10 17:22:24,912 [pool-100-thread-1] INFO  server.RaftServerConfigKeys (ConfUtils.java:logGet(46)) - raft.server.log.purge.upto.snapshot.index = false (default)
2023-04-10 17:22:24,915 [Command processor thread] INFO  ratis.XceiverServerRatis (XceiverServerRatis.java:addGroup(806)) - Created group PipelineID=c00fc6b4-80a8-4041-a15b-ce7abfc18bf0
2023-04-10 17:22:24,915 [Command processor thread] INFO  commandhandler.CreatePipelineCommandHandler (CreatePipelineCommandHandler.java:handle(113)) - Created Pipeline RATIS ONE PipelineID=c00fc6b4-80a8-4041-a15b-ce7abfc18bf0.
2023-04-10 17:22:24,916 [Command processor thread] INFO  server.RaftServer (RaftServerProxy.java:addNew(96)) - cfa9660d-3e66-4e37-95dd-c01791520333: addNew group-04F87E957C10:[f70c5b51-abaf-4483-bcc0-ab3e40e5c626|rpc:10.1.0.59:36093|dataStream:10.1.0.59:44995|priority:0|startupRole:FOLLOWER, cfa9660d-3e66-4e37-95dd-c01791520333|rpc:10.1.0.59:42355|dataStream:10.1.0.59:45915|priority:0|startupRole:FOLLOWER, cd4ac3e2-47ba-443c-8aa0-40ab251a0f4e|rpc:10.1.0.59:42823|dataStream:10.1.0.59:35537|priority:1|startupRole:FOLLOWER] returns group-04F87E957C10:java.util.concurrent.CompletableFuture@4b5f698a[Not completed]
2023-04-10 17:22:24,917 [pool-100-thread-1] INFO  server.RaftServer$Division (RaftServerImpl.java:<init>(195)) - cfa9660d-3e66-4e37-95dd-c01791520333: new RaftServerImpl for group-04F87E957C10:[f70c5b51-abaf-4483-bcc0-ab3e40e5c626|rpc:10.1.0.59:36093|dataStream:10.1.0.59:44995|priority:0|startupRole:FOLLOWER, cfa9660d-3e66-4e37-95dd-c01791520333|rpc:10.1.0.59:42355|dataStream:10.1.0.59:45915|priority:0|startupRole:FOLLOWER, cd4ac3e2-47ba-443c-8aa0-40ab251a0f4e|rpc:10.1.0.59:42823|dataStream:10.1.0.59:35537|priority:1|startupRole:FOLLOWER] with ContainerStateMachine:uninitialized
2023-04-10 17:22:24,917 [pool-100-thread-1] INFO  server.RaftServerConfigKeys (ConfUtils.java:logGet(46)) - raft.server.rpc.timeout.min = 5s (custom)
2023-04-10 17:22:24,917 [pool-100-thread-1] INFO  server.RaftServerConfigKeys (ConfUtils.java:logGet(46)) - raft.server.rpc.timeout.max = 5200ms (custom)
2023-04-10 17:22:24,917 [pool-100-thread-1] INFO  server.RaftServerConfigKeys (ConfUtils.java:logGet(46)) - raft.server.rpc.sleep.time = 25ms (default)
2023-04-10 17:22:24,917 [pool-100-thread-1] INFO  server.RaftServerConfigKeys (ConfUtils.java:logGet(46)) - raft.server.rpc.slowness.timeout = 300000ms (custom)
2023-04-10 17:22:24,917 [pool-100-thread-1] INFO  server.RaftServerConfigKeys (ConfUtils.java:logGet(46)) - raft.server.leaderelection.leader.step-down.wait-time = 10s (default)
2023-04-10 17:22:24,917 [pool-100-thread-1] INFO  server.RaftServerConfigKeys (ConfUtils.java:logGet(46)) - raft.server.sleep.deviation.threshold = 300ms (default)
2023-04-10 17:22:24,918 [pool-100-thread-1] INFO  server.RaftServer$Division (ServerState.java:<init>(118)) - cfa9660d-3e66-4e37-95dd-c01791520333@group-04F87E957C10: ConfigurationManager, init=-1: peers:[f70c5b51-abaf-4483-bcc0-ab3e40e5c626|rpc:10.1.0.59:36093|dataStream:10.1.0.59:44995|priority:0|startupRole:FOLLOWER, cfa9660d-3e66-4e37-95dd-c01791520333|rpc:10.1.0.59:42355|dataStream:10.1.0.59:45915|priority:0|startupRole:FOLLOWER, cd4ac3e2-47ba-443c-8aa0-40ab251a0f4e|rpc:10.1.0.59:42823|dataStream:10.1.0.59:35537|priority:1|startupRole:FOLLOWER]|listeners:[], old=null, confs=<EMPTY_MAP>
2023-04-10 17:22:24,918 [pool-100-thread-1] INFO  server.RaftServerConfigKeys (ConfUtils.java:logGet(46)) - raft.server.storage.dir = [/home/runner/work/ozone/ozone/hadoop-ozone/integration-test/target/test-dir/MiniOzoneClusterImpl-bd692c78-fb3a-4866-9e85-e2f4bd0dbf58/datanode-1/data/ratis] (custom)
2023-04-10 17:22:24,918 [pool-100-thread-1] INFO  server.RaftServerConfigKeys (ConfUtils.java:logGet(46)) - raft.server.log.corruption.policy = EXCEPTION (default)
2023-04-10 17:22:24,918 [pool-100-thread-1] INFO  server.RaftServerConfigKeys (ConfUtils.java:logGet(46)) - raft.server.storage.free-space.min = 0MB (=0) (default)
2023-04-10 17:22:24,918 [pool-100-thread-1] INFO  server.RaftServerConfigKeys (ConfUtils.java:logGet(46)) - raft.server.notification.no-leader.timeout = 300000ms (custom)
2023-04-10 17:22:24,918 [pool-100-thread-1] INFO  server.RaftServerConfigKeys (ConfUtils.java:logGet(46)) - raft.server.retrycache.expirytime = 600000ms (custom)
2023-04-10 17:22:24,918 [pool-100-thread-1] INFO  server.RaftServerConfigKeys (ConfUtils.java:logGet(46)) - raft.server.retrycache.statistics.expirytime = 100μs (default)
2023-04-10 17:22:24,919 [pool-100-thread-1] INFO  server.RaftServerConfigKeys (ConfUtils.java:logGet(46)) - raft.server.log.appender.install.snapshot.enabled = false (custom)
2023-04-10 17:22:24,919 [pool-100-thread-1] INFO  server.RaftServerConfigKeys (ConfUtils.java:logGet(46)) - raft.server.threadpool.server.cached = true (default)
2023-04-10 17:22:24,919 [pool-100-thread-1] INFO  server.RaftServerConfigKeys (ConfUtils.java:logGet(46)) - raft.server.threadpool.server.size = 0 (default)
2023-04-10 17:22:24,919 [pool-100-thread-1] INFO  server.RaftServerConfigKeys (ConfUtils.java:logGet(46)) - raft.server.threadpool.client.cached = true (default)
2023-04-10 17:22:24,919 [pool-100-thread-1] INFO  server.RaftServerConfigKeys (ConfUtils.java:logGet(46)) - raft.server.threadpool.client.size = 0 (default)
2023-04-10 17:22:24,920 [pool-100-thread-1] INFO  storage.RaftStorageDirectory (RaftStorageDirectoryImpl.java:analyzeStorage(137)) - The storage directory /home/runner/work/ozone/ozone/hadoop-ozone/integration-test/target/test-dir/MiniOzoneClusterImpl-bd692c78-fb3a-4866-9e85-e2f4bd0dbf58/datanode-1/data/ratis/6a6143b9-71ae-46e0-8280-04f87e957c10 does not exist. Creating ...
2023-04-10 17:22:24,920 [cfa9660d-3e66-4e37-95dd-c01791520333@group-CE7ABFC18BF0-FollowerState] INFO  server.RaftServerConfigKeys (ConfUtils.java:logFallback(53)) - raft.server.rpc.first-election.timeout.min = 5s (fallback to raft.server.rpc.timeout.min)
2023-04-10 17:22:24,922 [cfa9660d-3e66-4e37-95dd-c01791520333@group-CE7ABFC18BF0-FollowerState] INFO  server.RaftServerConfigKeys (ConfUtils.java:logFallback(53)) - raft.server.rpc.first-election.timeout.max = 5200ms (fallback to raft.server.rpc.timeout.max)
2023-04-10 17:22:24,920 [pool-100-thread-1] INFO  storage.RaftStorageDirectory (RaftStorageDirectoryImpl.java:tryLock(231)) - Lock on /home/runner/work/ozone/ozone/hadoop-ozone/integration-test/target/test-dir/MiniOzoneClusterImpl-bd692c78-fb3a-4866-9e85-e2f4bd0dbf58/datanode-1/data/ratis/6a6143b9-71ae-46e0-8280-04f87e957c10/in_use.lock acquired by nodename 68953@fv-az201-37
2023-04-10 17:22:24,926 [pool-100-thread-1] INFO  storage.RaftStorage (RaftStorageImpl.java:format(96)) - Storage directory /home/runner/work/ozone/ozone/hadoop-ozone/integration-test/target/test-dir/MiniOzoneClusterImpl-bd692c78-fb3a-4866-9e85-e2f4bd0dbf58/datanode-1/data/ratis/6a6143b9-71ae-46e0-8280-04f87e957c10 has been successfully formatted.
2023-04-10 17:22:24,926 [pool-100-thread-1] INFO  ratis.ContainerStateMachine (ContainerStateMachine.java:loadSnapshot(262)) - group-04F87E957C10: The snapshot info is null. Setting the last applied indexto:(t:0, i:~)
2023-04-10 17:22:24,926 [pool-100-thread-1] INFO  server.RaftServerConfigKeys (ConfUtils.java:logGet(46)) - raft.server.log.use.memory = false (default)
2023-04-10 17:22:24,926 [pool-100-thread-1] INFO  server.RaftServerConfigKeys (ConfUtils.java:logGet(46)) - raft.server.log.purge.gap = 1000000 (custom)
2023-04-10 17:22:24,926 [pool-100-thread-1] INFO  server.RaftServerConfigKeys (ConfUtils.java:logGet(46)) - raft.server.log.appender.buffer.byte-limit = 33554432 (custom)
2023-04-10 17:22:24,926 [pool-100-thread-1] INFO  server.RaftServerConfigKeys (ConfUtils.java:logGet(46)) - raft.server.log.statemachine.data.read.timeout = 1000ms (default)
2023-04-10 17:22:24,926 [pool-100-thread-1] INFO  server.RaftServerConfigKeys (ConfUtils.java:logGet(46)) - raft.server.log.purge.preservation.log.num = 0 (default)
2023-04-10 17:22:24,927 [EventQueue-OpenPipelineForHealthyPipelineSafeModeRule] INFO  safemode.SCMSafeModeManager (HealthyPipelineSafeModeRule.java:process(137)) - SCM in safe mode. Healthy pipelines reported count is 0, required healthy pipeline reported count is 1
2023-04-10 17:22:24,928 [pool-100-thread-1] INFO  server.RaftServerConfigKeys (ConfUtils.java:logGet(46)) - raft.server.log.segment.size.max = 1048576 (custom)
2023-04-10 17:22:24,928 [pool-100-thread-1] INFO  server.RaftServerConfigKeys (ConfUtils.java:logGet(46)) - raft.server.log.segment.cache.num.max = 2 (custom)
2023-04-10 17:22:24,928 [pool-100-thread-1] INFO  server.RaftServerConfigKeys (ConfUtils.java:logGet(46)) - raft.server.log.segment.cache.size.max = 200MB (=209715200) (default)
2023-04-10 17:22:24,928 [pool-100-thread-1] INFO  segmented.SegmentedRaftLogWorker (SegmentedRaftLogWorker.java:<init>(189)) - new cfa9660d-3e66-4e37-95dd-c01791520333@group-04F87E957C10-SegmentedRaftLogWorker for RaftStorageImpl:Storage Directory /home/runner/work/ozone/ozone/hadoop-ozone/integration-test/target/test-dir/MiniOzoneClusterImpl-bd692c78-fb3a-4866-9e85-e2f4bd0dbf58/datanode-1/data/ratis/6a6143b9-71ae-46e0-8280-04f87e957c10
2023-04-10 17:22:24,929 [pool-100-thread-1] INFO  server.RaftServerConfigKeys (ConfUtils.java:logGet(46)) - raft.server.log.queue.byte-limit = 4294967296 (custom)
2023-04-10 17:22:24,929 [pool-100-thread-1] INFO  server.RaftServerConfigKeys (ConfUtils.java:logGet(46)) - raft.server.log.queue.element-limit = 1024 (custom)
2023-04-10 17:22:24,929 [pool-100-thread-1] INFO  server.RaftServerConfigKeys (ConfUtils.java:logGet(46)) - raft.server.log.segment.size.max = 1048576 (custom)
2023-04-10 17:22:24,929 [pool-100-thread-1] INFO  server.RaftServerConfigKeys (ConfUtils.java:logGet(46)) - raft.server.log.preallocated.size = 16384 (custom)
2023-04-10 17:22:24,929 [pool-100-thread-1] INFO  server.RaftServerConfigKeys (ConfUtils.java:logGet(46)) - raft.server.log.force.sync.num = 128 (default)
2023-04-10 17:22:24,929 [pool-100-thread-1] INFO  server.RaftServerConfigKeys (ConfUtils.java:logGet(46)) - raft.server.log.statemachine.data.sync = true (default)
2023-04-10 17:22:24,929 [pool-100-thread-1] INFO  server.RaftServerConfigKeys (ConfUtils.java:logGet(46)) - raft.server.log.statemachine.data.sync.timeout = 10s (default)
2023-04-10 17:22:24,929 [pool-100-thread-1] INFO  server.RaftServerConfigKeys (ConfUtils.java:logGet(46)) - raft.server.log.statemachine.data.sync.timeout.retry = -1 (default)
2023-04-10 17:22:24,935 [pool-100-thread-1] INFO  server.RaftServerConfigKeys (ConfUtils.java:logGet(46)) - raft.server.log.write.buffer.size = 1048576 (custom)
2023-04-10 17:22:24,936 [pool-100-thread-1] INFO  server.RaftServerConfigKeys (ConfUtils.java:logGet(46)) - raft.server.log.appender.buffer.byte-limit = 33554432 (custom)
2023-04-10 17:22:24,947 [pool-100-thread-1] INFO  server.RaftServerConfigKeys (ConfUtils.java:logGet(46)) - raft.server.log.unsafe-flush.enabled = false (default)
2023-04-10 17:22:24,947 [pool-100-thread-1] INFO  server.RaftServerConfigKeys (ConfUtils.java:logGet(46)) - raft.server.log.async-flush.enabled = false (default)
2023-04-10 17:22:24,947 [pool-100-thread-1] INFO  server.RaftServerConfigKeys (ConfUtils.java:logGet(46)) - raft.server.log.statemachine.data.caching.enabled = true (custom)
2023-04-10 17:22:24,947 [pool-100-thread-1] INFO  segmented.SegmentedRaftLogWorker (SegmentedRaftLogWorker.java:lambda$new$0(135)) - cfa9660d-3e66-4e37-95dd-c01791520333@group-04F87E957C10-SegmentedRaftLogWorker: flushIndex: setUnconditionally 0 -> -1
2023-04-10 17:22:24,947 [pool-100-thread-1] INFO  segmented.SegmentedRaftLogWorker (SegmentedRaftLogWorker.java:lambda$new$0(135)) - cfa9660d-3e66-4e37-95dd-c01791520333@group-04F87E957C10-SegmentedRaftLogWorker: safeCacheEvictIndex: setUnconditionally 0 -> -1
2023-04-10 17:22:24,952 [pool-100-thread-1] INFO  server.RaftServer$Division (RaftServerImpl.java:start(334)) - cfa9660d-3e66-4e37-95dd-c01791520333@group-04F87E957C10: start as a follower, conf=-1: peers:[f70c5b51-abaf-4483-bcc0-ab3e40e5c626|rpc:10.1.0.59:36093|dataStream:10.1.0.59:44995|priority:0|startupRole:FOLLOWER, cfa9660d-3e66-4e37-95dd-c01791520333|rpc:10.1.0.59:42355|dataStream:10.1.0.59:45915|priority:0|startupRole:FOLLOWER, cd4ac3e2-47ba-443c-8aa0-40ab251a0f4e|rpc:10.1.0.59:42823|dataStream:10.1.0.59:35537|priority:1|startupRole:FOLLOWER]|listeners:[], old=null
2023-04-10 17:22:24,952 [pool-100-thread-1] INFO  server.RaftServer$Division (RaftServerImpl.java:setRole(321)) - cfa9660d-3e66-4e37-95dd-c01791520333@group-04F87E957C10: changes role from      null to FOLLOWER at term 0 for startAsFollower
2023-04-10 17:22:24,952 [pool-100-thread-1] INFO  impl.RoleInfo (RoleInfo.java:updateAndGet(139)) - cfa9660d-3e66-4e37-95dd-c01791520333: start cfa9660d-3e66-4e37-95dd-c01791520333@group-04F87E957C10-FollowerState
2023-04-10 17:22:24,966 [pool-100-thread-1] INFO  util.JmxRegister (JmxRegister.java:tryRegister(44)) - Successfully registered JMX Bean with object name Ratis:service=RaftServer,group=group-04F87E957C10,id=cfa9660d-3e66-4e37-95dd-c01791520333
2023-04-10 17:22:24,966 [pool-100-thread-1] INFO  server.RaftServerConfigKeys (ConfUtils.java:logGet(46)) - raft.server.snapshot.auto.trigger.enabled = true (custom)
2023-04-10 17:22:24,966 [pool-100-thread-1] INFO  server.RaftServerConfigKeys (ConfUtils.java:logGet(46)) - raft.server.snapshot.auto.trigger.threshold = 1 (custom)
2023-04-10 17:22:24,966 [pool-100-thread-1] INFO  server.RaftServerConfigKeys (ConfUtils.java:logGet(46)) - raft.server.snapshot.retention.file.num = 5 (custom)
2023-04-10 17:22:24,966 [pool-100-thread-1] INFO  server.RaftServerConfigKeys (ConfUtils.java:logGet(46)) - raft.server.log.purge.upto.snapshot.index = false (default)
2023-04-10 17:22:24,967 [Command processor thread] INFO  ratis.XceiverServerRatis (XceiverServerRatis.java:addGroup(806)) - Created group PipelineID=6a6143b9-71ae-46e0-8280-04f87e957c10
2023-04-10 17:22:24,972 [cfa9660d-3e66-4e37-95dd-c01791520333@group-04F87E957C10-FollowerState] INFO  server.RaftServerConfigKeys (ConfUtils.java:logFallback(53)) - raft.server.rpc.first-election.timeout.min = 5s (fallback to raft.server.rpc.timeout.min)
2023-04-10 17:22:24,974 [cfa9660d-3e66-4e37-95dd-c01791520333@group-04F87E957C10-FollowerState] INFO  server.RaftServerConfigKeys (ConfUtils.java:logFallback(53)) - raft.server.rpc.first-election.timeout.max = 5200ms (fallback to raft.server.rpc.timeout.max)
2023-04-10 17:22:25,138 [Listener at 127.0.0.1/35635] INFO  ozone.MiniOzoneClusterImpl (MiniOzoneClusterImpl.java:lambda$waitForClusterToBeReady$0(222)) - Waiting for nodes to be ready. Got 9 of 10 DN Heartbeats.
2023-04-10 17:22:25,139 [Listener at 127.0.0.1/35635] INFO  ozone.MiniOzoneClusterImpl (MiniOzoneClusterImpl.java:lambda$waitForClusterToBeReady$0(225)) - Waiting for cluster to exit safe mode
2023-04-10 17:22:25,139 [Listener at 127.0.0.1/35635] INFO  ozone.MiniOzoneClusterImpl (MiniOzoneClusterImpl.java:lambda$waitForClusterToBeReady$0(227)) - SCM became leader
2023-04-10 17:22:25,140 [IPC Server handler 3 on default port 44281] INFO  net.NetworkTopologyImpl (NetworkTopologyImpl.java:add(112)) - Added a new node: /default-rack/54c8c833-6222-4a6a-826b-1192c6ee83f0
2023-04-10 17:22:25,141 [IPC Server handler 3 on default port 44281] INFO  node.SCMNodeManager (SCMNodeManager.java:register(404)) - Registered Data node : 54c8c833-6222-4a6a-826b-1192c6ee83f0{ip: 10.1.0.59, host: fv-az201-37, ports: [HTTP=34467, REPLICATION=44283, RATIS=37993, RATIS_ADMIN=37993, RATIS_SERVER=37993, RATIS_DATASTREAM=34723, STANDALONE=40941], networkLocation: /default-rack, certSerialId: null, persistedOpState: null, persistedOpStateExpiryEpochSec: 0}
2023-04-10 17:22:25,141 [EventQueue-NewNodeForNewNodeHandler] INFO  pipeline.BackgroundPipelineCreator (BackgroundPipelineCreator.java:notifyEventTriggered(276)) - trigger a one-shot run on RatisPipelineUtilsThread.
2023-04-10 17:22:25,142 [RatisPipelineUtilsThread - 0] INFO  pipeline.RatisPipelineProvider (RatisPipelineProvider.java:lambda$create$0(206)) - Sending CreatePipelineCommand for pipeline:PipelineID=3262d24a-39c5-462a-9ab0-16c584e678af to datanode:54c8c833-6222-4a6a-826b-1192c6ee83f0
2023-04-10 17:22:25,142 [RatisPipelineUtilsThread - 0] INFO  pipeline.PipelineStateManagerImpl (PipelineStateManagerImpl.java:addPipeline(103)) - Created pipeline Pipeline[ Id: 3262d24a-39c5-462a-9ab0-16c584e678af, Nodes: 54c8c833-6222-4a6a-826b-1192c6ee83f0(fv-az201-37/10.1.0.59), ReplicationConfig: RATIS/ONE, State:ALLOCATED, leaderId:, CreationTimestamp2023-04-10T17:22:25.142Z[Etc/UTC]].
2023-04-10 17:22:25,143 [RatisPipelineUtilsThread - 0] WARN  pipeline.PipelinePlacementPolicy (PipelinePlacementPolicy.java:filterViableNodes(160)) - Pipeline creation failed due to no sufficient healthy datanodes. Required 3. Found 1. Excluded 9.
2023-04-10 17:22:25,155 [grpc-default-executor-0] INFO  server.RaftServer (RaftServerProxy.java:addNew(96)) - f70c5b51-abaf-4483-bcc0-ab3e40e5c626: addNew group-04F87E957C10:[f70c5b51-abaf-4483-bcc0-ab3e40e5c626|rpc:10.1.0.59:36093|dataStream:10.1.0.59:44995|priority:0|startupRole:FOLLOWER, cfa9660d-3e66-4e37-95dd-c01791520333|rpc:10.1.0.59:42355|dataStream:10.1.0.59:45915|priority:0|startupRole:FOLLOWER, cd4ac3e2-47ba-443c-8aa0-40ab251a0f4e|rpc:10.1.0.59:42823|dataStream:10.1.0.59:35537|priority:1|startupRole:FOLLOWER] returns group-04F87E957C10:java.util.concurrent.CompletableFuture@595baf26[Not completed]
2023-04-10 17:22:25,156 [pool-122-thread-1] INFO  server.RaftServer$Division (RaftServerImpl.java:<init>(195)) - f70c5b51-abaf-4483-bcc0-ab3e40e5c626: new RaftServerImpl for group-04F87E957C10:[f70c5b51-abaf-4483-bcc0-ab3e40e5c626|rpc:10.1.0.59:36093|dataStream:10.1.0.59:44995|priority:0|startupRole:FOLLOWER, cfa9660d-3e66-4e37-95dd-c01791520333|rpc:10.1.0.59:42355|dataStream:10.1.0.59:45915|priority:0|startupRole:FOLLOWER, cd4ac3e2-47ba-443c-8aa0-40ab251a0f4e|rpc:10.1.0.59:42823|dataStream:10.1.0.59:35537|priority:1|startupRole:FOLLOWER] with ContainerStateMachine:uninitialized
2023-04-10 17:22:25,156 [pool-122-thread-1] INFO  server.RaftServerConfigKeys (ConfUtils.java:logGet(46)) - raft.server.rpc.timeout.min = 5s (custom)
2023-04-10 17:22:25,156 [pool-122-thread-1] INFO  server.RaftServerConfigKeys (ConfUtils.java:logGet(46)) - raft.server.rpc.timeout.max = 5200ms (custom)
2023-04-10 17:22:25,157 [pool-122-thread-1] INFO  server.RaftServerConfigKeys (ConfUtils.java:logGet(46)) - raft.server.rpc.sleep.time = 25ms (default)
2023-04-10 17:22:25,157 [pool-122-thread-1] INFO  server.RaftServerConfigKeys (ConfUtils.java:logGet(46)) - raft.server.rpc.slowness.timeout = 300000ms (custom)
2023-04-10 17:22:25,157 [pool-122-thread-1] INFO  server.RaftServerConfigKeys (ConfUtils.java:logGet(46)) - raft.server.leaderelection.leader.step-down.wait-time = 10s (default)
2023-04-10 17:22:25,157 [pool-122-thread-1] INFO  server.RaftServerConfigKeys (ConfUtils.java:logGet(46)) - raft.server.sleep.deviation.threshold = 300ms (default)
2023-04-10 17:22:25,157 [pool-122-thread-1] INFO  server.RaftServer$Division (ServerState.java:<init>(118)) - f70c5b51-abaf-4483-bcc0-ab3e40e5c626@group-04F87E957C10: ConfigurationManager, init=-1: peers:[f70c5b51-abaf-4483-bcc0-ab3e40e5c626|rpc:10.1.0.59:36093|dataStream:10.1.0.59:44995|priority:0|startupRole:FOLLOWER, cfa9660d-3e66-4e37-95dd-c01791520333|rpc:10.1.0.59:42355|dataStream:10.1.0.59:45915|priority:0|startupRole:FOLLOWER, cd4ac3e2-47ba-443c-8aa0-40ab251a0f4e|rpc:10.1.0.59:42823|dataStream:10.1.0.59:35537|priority:1|startupRole:FOLLOWER]|listeners:[], old=null, confs=<EMPTY_MAP>
2023-04-10 17:22:25,157 [pool-122-thread-1] INFO  server.RaftServerConfigKeys (ConfUtils.java:logGet(46)) - raft.server.storage.dir = [/home/runner/work/ozone/ozone/hadoop-ozone/integration-test/target/test-dir/MiniOzoneClusterImpl-bd692c78-fb3a-4866-9e85-e2f4bd0dbf58/datanode-2/data/ratis] (custom)
2023-04-10 17:22:25,157 [pool-122-thread-1] INFO  server.RaftServerConfigKeys (ConfUtils.java:logGet(46)) - raft.server.log.corruption.policy = EXCEPTION (default)
2023-04-10 17:22:25,157 [pool-122-thread-1] INFO  server.RaftServerConfigKeys (ConfUtils.java:logGet(46)) - raft.server.storage.free-space.min = 0MB (=0) (default)
2023-04-10 17:22:25,158 [pool-122-thread-1] INFO  server.RaftServerConfigKeys (ConfUtils.java:logGet(46)) - raft.server.notification.no-leader.timeout = 300000ms (custom)
2023-04-10 17:22:25,158 [pool-122-thread-1] INFO  server.RaftServerConfigKeys (ConfUtils.java:logGet(46)) - raft.server.retrycache.expirytime = 600000ms (custom)
2023-04-10 17:22:25,158 [pool-122-thread-1] INFO  server.RaftServerConfigKeys (ConfUtils.java:logGet(46)) - raft.server.retrycache.statistics.expirytime = 100μs (default)
2023-04-10 17:22:25,168 [pool-122-thread-1] INFO  server.RaftServerConfigKeys (ConfUtils.java:logGet(46)) - raft.server.log.appender.install.snapshot.enabled = false (custom)
2023-04-10 17:22:25,168 [pool-122-thread-1] INFO  server.RaftServerConfigKeys (ConfUtils.java:logGet(46)) - raft.server.threadpool.server.cached = true (default)
2023-04-10 17:22:25,168 [pool-122-thread-1] INFO  server.RaftServerConfigKeys (ConfUtils.java:logGet(46)) - raft.server.threadpool.server.size = 0 (default)
2023-04-10 17:22:25,168 [pool-122-thread-1] INFO  server.RaftServerConfigKeys (ConfUtils.java:logGet(46)) - raft.server.threadpool.client.cached = true (default)
2023-04-10 17:22:25,168 [pool-122-thread-1] INFO  server.RaftServerConfigKeys (ConfUtils.java:logGet(46)) - raft.server.threadpool.client.size = 0 (default)
2023-04-10 17:22:25,169 [pool-122-thread-1] INFO  storage.RaftStorageDirectory (RaftStorageDirectoryImpl.java:analyzeStorage(137)) - The storage directory /home/runner/work/ozone/ozone/hadoop-ozone/integration-test/target/test-dir/MiniOzoneClusterImpl-bd692c78-fb3a-4866-9e85-e2f4bd0dbf58/datanode-2/data/ratis/6a6143b9-71ae-46e0-8280-04f87e957c10 does not exist. Creating ...
2023-04-10 17:22:25,171 [pool-122-thread-1] INFO  storage.RaftStorageDirectory (RaftStorageDirectoryImpl.java:tryLock(231)) - Lock on /home/runner/work/ozone/ozone/hadoop-ozone/integration-test/target/test-dir/MiniOzoneClusterImpl-bd692c78-fb3a-4866-9e85-e2f4bd0dbf58/datanode-2/data/ratis/6a6143b9-71ae-46e0-8280-04f87e957c10/in_use.lock acquired by nodename 68953@fv-az201-37
2023-04-10 17:22:25,172 [pool-122-thread-1] INFO  storage.RaftStorage (RaftStorageImpl.java:format(96)) - Storage directory /home/runner/work/ozone/ozone/hadoop-ozone/integration-test/target/test-dir/MiniOzoneClusterImpl-bd692c78-fb3a-4866-9e85-e2f4bd0dbf58/datanode-2/data/ratis/6a6143b9-71ae-46e0-8280-04f87e957c10 has been successfully formatted.
2023-04-10 17:22:25,187 [pool-122-thread-1] INFO  ratis.ContainerStateMachine (ContainerStateMachine.java:loadSnapshot(262)) - group-04F87E957C10: The snapshot info is null. Setting the last applied indexto:(t:0, i:~)
2023-04-10 17:22:25,187 [pool-122-thread-1] INFO  server.RaftServerConfigKeys (ConfUtils.java:logGet(46)) - raft.server.log.use.memory = false (default)
2023-04-10 17:22:25,187 [pool-122-thread-1] INFO  server.RaftServerConfigKeys (ConfUtils.java:logGet(46)) - raft.server.log.purge.gap = 1000000 (custom)
2023-04-10 17:22:25,187 [pool-122-thread-1] INFO  server.RaftServerConfigKeys (ConfUtils.java:logGet(46)) - raft.server.log.appender.buffer.byte-limit = 33554432 (custom)
2023-04-10 17:22:25,187 [pool-122-thread-1] INFO  server.RaftServerConfigKeys (ConfUtils.java:logGet(46)) - raft.server.log.statemachine.data.read.timeout = 1000ms (default)
2023-04-10 17:22:25,187 [pool-122-thread-1] INFO  server.RaftServerConfigKeys (ConfUtils.java:logGet(46)) - raft.server.log.purge.preservation.log.num = 0 (default)
2023-04-10 17:22:25,188 [pool-122-thread-1] INFO  server.RaftServerConfigKeys (ConfUtils.java:logGet(46)) - raft.server.log.segment.size.max = 1048576 (custom)
2023-04-10 17:22:25,188 [pool-122-thread-1] INFO  server.RaftServerConfigKeys (ConfUtils.java:logGet(46)) - raft.server.log.segment.cache.num.max = 2 (custom)
2023-04-10 17:22:25,188 [pool-122-thread-1] INFO  server.RaftServerConfigKeys (ConfUtils.java:logGet(46)) - raft.server.log.segment.cache.size.max = 200MB (=209715200) (default)
2023-04-10 17:22:25,188 [pool-122-thread-1] INFO  segmented.SegmentedRaftLogWorker (SegmentedRaftLogWorker.java:<init>(189)) - new f70c5b51-abaf-4483-bcc0-ab3e40e5c626@group-04F87E957C10-SegmentedRaftLogWorker for RaftStorageImpl:Storage Directory /home/runner/work/ozone/ozone/hadoop-ozone/integration-test/target/test-dir/MiniOzoneClusterImpl-bd692c78-fb3a-4866-9e85-e2f4bd0dbf58/datanode-2/data/ratis/6a6143b9-71ae-46e0-8280-04f87e957c10
2023-04-10 17:22:25,188 [pool-122-thread-1] INFO  server.RaftServerConfigKeys (ConfUtils.java:logGet(46)) - raft.server.log.queue.byte-limit = 4294967296 (custom)
2023-04-10 17:22:25,189 [pool-122-thread-1] INFO  server.RaftServerConfigKeys (ConfUtils.java:logGet(46)) - raft.server.log.queue.element-limit = 1024 (custom)
2023-04-10 17:22:25,189 [pool-122-thread-1] INFO  server.RaftServerConfigKeys (ConfUtils.java:logGet(46)) - raft.server.log.segment.size.max = 1048576 (custom)
2023-04-10 17:22:25,189 [pool-122-thread-1] INFO  server.RaftServerConfigKeys (ConfUtils.java:logGet(46)) - raft.server.log.preallocated.size = 16384 (custom)
2023-04-10 17:22:25,189 [pool-122-thread-1] INFO  server.RaftServerConfigKeys (ConfUtils.java:logGet(46)) - raft.server.log.force.sync.num = 128 (default)
2023-04-10 17:22:25,189 [pool-122-thread-1] INFO  server.RaftServerConfigKeys (ConfUtils.java:logGet(46)) - raft.server.log.statemachine.data.sync = true (default)
2023-04-10 17:22:25,189 [pool-122-thread-1] INFO  server.RaftServerConfigKeys (ConfUtils.java:logGet(46)) - raft.server.log.statemachine.data.sync.timeout = 10s (default)
2023-04-10 17:22:25,189 [pool-122-thread-1] INFO  server.RaftServerConfigKeys (ConfUtils.java:logGet(46)) - raft.server.log.statemachine.data.sync.timeout.retry = -1 (default)
2023-04-10 17:22:25,190 [pool-122-thread-1] INFO  server.RaftServerConfigKeys (ConfUtils.java:logGet(46)) - raft.server.log.write.buffer.size = 1048576 (custom)
2023-04-10 17:22:25,191 [pool-122-thread-1] INFO  server.RaftServerConfigKeys (ConfUtils.java:logGet(46)) - raft.server.log.appender.buffer.byte-limit = 33554432 (custom)
2023-04-10 17:22:25,201 [pool-122-thread-1] INFO  server.RaftServerConfigKeys (ConfUtils.java:logGet(46)) - raft.server.log.unsafe-flush.enabled = false (default)
2023-04-10 17:22:25,201 [pool-122-thread-1] INFO  server.RaftServerConfigKeys (ConfUtils.java:logGet(46)) - raft.server.log.async-flush.enabled = false (default)
2023-04-10 17:22:25,201 [pool-122-thread-1] INFO  server.RaftServerConfigKeys (ConfUtils.java:logGet(46)) - raft.server.log.statemachine.data.caching.enabled = true (custom)
2023-04-10 17:22:25,202 [pool-122-thread-1] INFO  segmented.SegmentedRaftLogWorker (SegmentedRaftLogWorker.java:lambda$new$0(135)) - f70c5b51-abaf-4483-bcc0-ab3e40e5c626@group-04F87E957C10-SegmentedRaftLogWorker: flushIndex: setUnconditionally 0 -> -1
2023-04-10 17:22:25,202 [pool-122-thread-1] INFO  segmented.SegmentedRaftLogWorker (SegmentedRaftLogWorker.java:lambda$new$0(135)) - f70c5b51-abaf-4483-bcc0-ab3e40e5c626@group-04F87E957C10-SegmentedRaftLogWorker: safeCacheEvictIndex: setUnconditionally 0 -> -1
2023-04-10 17:22:25,216 [pool-122-thread-1] INFO  server.RaftServer$Division (RaftServerImpl.java:start(334)) - f70c5b51-abaf-4483-bcc0-ab3e40e5c626@group-04F87E957C10: start as a follower, conf=-1: peers:[f70c5b51-abaf-4483-bcc0-ab3e40e5c626|rpc:10.1.0.59:36093|dataStream:10.1.0.59:44995|priority:0|startupRole:FOLLOWER, cfa9660d-3e66-4e37-95dd-c01791520333|rpc:10.1.0.59:42355|dataStream:10.1.0.59:45915|priority:0|startupRole:FOLLOWER, cd4ac3e2-47ba-443c-8aa0-40ab251a0f4e|rpc:10.1.0.59:42823|dataStream:10.1.0.59:35537|priority:1|startupRole:FOLLOWER]|listeners:[], old=null
2023-04-10 17:22:25,216 [pool-122-thread-1] INFO  server.RaftServer$Division (RaftServerImpl.java:setRole(321)) - f70c5b51-abaf-4483-bcc0-ab3e40e5c626@group-04F87E957C10: changes role from      null to FOLLOWER at term 0 for startAsFollower
2023-04-10 17:22:25,216 [pool-122-thread-1] INFO  impl.RoleInfo (RoleInfo.java:updateAndGet(139)) - f70c5b51-abaf-4483-bcc0-ab3e40e5c626: start f70c5b51-abaf-4483-bcc0-ab3e40e5c626@group-04F87E957C10-FollowerState
2023-04-10 17:22:25,219 [pool-122-thread-1] INFO  util.JmxRegister (JmxRegister.java:tryRegister(44)) - Successfully registered JMX Bean with object name Ratis:service=RaftServer,group=group-04F87E957C10,id=f70c5b51-abaf-4483-bcc0-ab3e40e5c626
2023-04-10 17:22:25,219 [pool-122-thread-1] INFO  server.RaftServerConfigKeys (ConfUtils.java:logGet(46)) - raft.server.snapshot.auto.trigger.enabled = true (custom)
2023-04-10 17:22:25,219 [pool-122-thread-1] INFO  server.RaftServerConfigKeys (ConfUtils.java:logGet(46)) - raft.server.snapshot.auto.trigger.threshold = 1 (custom)
2023-04-10 17:22:25,219 [pool-122-thread-1] INFO  server.RaftServerConfigKeys (ConfUtils.java:logGet(46)) - raft.server.snapshot.retention.file.num = 5 (custom)
2023-04-10 17:22:25,219 [pool-122-thread-1] INFO  server.RaftServerConfigKeys (ConfUtils.java:logGet(46)) - raft.server.log.purge.upto.snapshot.index = false (default)
2023-04-10 17:22:25,220 [f70c5b51-abaf-4483-bcc0-ab3e40e5c626@group-04F87E957C10-FollowerState] INFO  server.RaftServerConfigKeys (ConfUtils.java:logFallback(53)) - raft.server.rpc.first-election.timeout.min = 5s (fallback to raft.server.rpc.timeout.min)
2023-04-10 17:22:25,235 [f70c5b51-abaf-4483-bcc0-ab3e40e5c626@group-04F87E957C10-FollowerState] INFO  server.RaftServerConfigKeys (ConfUtils.java:logFallback(53)) - raft.server.rpc.first-election.timeout.max = 5200ms (fallback to raft.server.rpc.timeout.max)
2023-04-10 17:22:25,239 [EventQueue-OpenPipelineForHealthyPipelineSafeModeRule] INFO  safemode.SCMSafeModeManager (HealthyPipelineSafeModeRule.java:process(137)) - SCM in safe mode. Healthy pipelines reported count is 0, required healthy pipeline reported count is 1
2023-04-10 17:22:25,315 [Command processor thread] INFO  server.RaftServer (RaftServerProxy.java:addNew(96)) - f70c5b51-abaf-4483-bcc0-ab3e40e5c626: addNew group-91F437F43C0E:[f70c5b51-abaf-4483-bcc0-ab3e40e5c626|rpc:10.1.0.59:36093|dataStream:10.1.0.59:44995|priority:1|startupRole:FOLLOWER] returns group-91F437F43C0E:java.util.concurrent.CompletableFuture@2fbc71a0[Not completed]
2023-04-10 17:22:25,317 [pool-122-thread-1] INFO  server.RaftServer$Division (RaftServerImpl.java:<init>(195)) - f70c5b51-abaf-4483-bcc0-ab3e40e5c626: new RaftServerImpl for group-91F437F43C0E:[f70c5b51-abaf-4483-bcc0-ab3e40e5c626|rpc:10.1.0.59:36093|dataStream:10.1.0.59:44995|priority:1|startupRole:FOLLOWER] with ContainerStateMachine:uninitialized
2023-04-10 17:22:25,317 [pool-122-thread-1] INFO  server.RaftServerConfigKeys (ConfUtils.java:logGet(46)) - raft.server.rpc.timeout.min = 5s (custom)
2023-04-10 17:22:25,317 [pool-122-thread-1] INFO  server.RaftServerConfigKeys (ConfUtils.java:logGet(46)) - raft.server.rpc.timeout.max = 5200ms (custom)
2023-04-10 17:22:25,317 [pool-122-thread-1] INFO  server.RaftServerConfigKeys (ConfUtils.java:logGet(46)) - raft.server.rpc.sleep.time = 25ms (default)
2023-04-10 17:22:25,317 [pool-122-thread-1] INFO  server.RaftServerConfigKeys (ConfUtils.java:logGet(46)) - raft.server.rpc.slowness.timeout = 300000ms (custom)
2023-04-10 17:22:25,317 [pool-122-thread-1] INFO  server.RaftServerConfigKeys (ConfUtils.java:logGet(46)) - raft.server.leaderelection.leader.step-down.wait-time = 10s (default)
2023-04-10 17:22:25,317 [pool-122-thread-1] INFO  server.RaftServerConfigKeys (ConfUtils.java:logGet(46)) - raft.server.sleep.deviation.threshold = 300ms (default)
2023-04-10 17:22:25,317 [pool-122-thread-1] INFO  server.RaftServer$Division (ServerState.java:<init>(118)) - f70c5b51-abaf-4483-bcc0-ab3e40e5c626@group-91F437F43C0E: ConfigurationManager, init=-1: peers:[f70c5b51-abaf-4483-bcc0-ab3e40e5c626|rpc:10.1.0.59:36093|dataStream:10.1.0.59:44995|priority:1|startupRole:FOLLOWER]|listeners:[], old=null, confs=<EMPTY_MAP>
2023-04-10 17:22:25,317 [pool-122-thread-1] INFO  server.RaftServerConfigKeys (ConfUtils.java:logGet(46)) - raft.server.storage.dir = [/home/runner/work/ozone/ozone/hadoop-ozone/integration-test/target/test-dir/MiniOzoneClusterImpl-bd692c78-fb3a-4866-9e85-e2f4bd0dbf58/datanode-2/data/ratis] (custom)
2023-04-10 17:22:25,318 [pool-122-thread-1] INFO  server.RaftServerConfigKeys (ConfUtils.java:logGet(46)) - raft.server.log.corruption.policy = EXCEPTION (default)
2023-04-10 17:22:25,318 [pool-122-thread-1] INFO  server.RaftServerConfigKeys (ConfUtils.java:logGet(46)) - raft.server.storage.free-space.min = 0MB (=0) (default)
2023-04-10 17:22:25,318 [pool-122-thread-1] INFO  server.RaftServerConfigKeys (ConfUtils.java:logGet(46)) - raft.server.notification.no-leader.timeout = 300000ms (custom)
2023-04-10 17:22:25,318 [Command processor thread] INFO  commandhandler.CreatePipelineCommandHandler (CreatePipelineCommandHandler.java:handle(113)) - Created Pipeline RATIS THREE PipelineID=6a6143b9-71ae-46e0-8280-04f87e957c10.
2023-04-10 17:22:25,318 [pool-122-thread-1] INFO  server.RaftServerConfigKeys (ConfUtils.java:logGet(46)) - raft.server.retrycache.expirytime = 600000ms (custom)
2023-04-10 17:22:25,318 [pool-122-thread-1] INFO  server.RaftServerConfigKeys (ConfUtils.java:logGet(46)) - raft.server.retrycache.statistics.expirytime = 100μs (default)
2023-04-10 17:22:25,318 [Command processor thread] INFO  server.RaftServer (RaftServerProxy.java:addNew(96)) - cfa9660d-3e66-4e37-95dd-c01791520333: addNew group-F78A666F49B3:[f70c5b51-abaf-4483-bcc0-ab3e40e5c626|rpc:10.1.0.59:36093|dataStream:10.1.0.59:44995|priority:1|startupRole:FOLLOWER, cfa9660d-3e66-4e37-95dd-c01791520333|rpc:10.1.0.59:42355|dataStream:10.1.0.59:45915|priority:0|startupRole:FOLLOWER, cd4ac3e2-47ba-443c-8aa0-40ab251a0f4e|rpc:10.1.0.59:42823|dataStream:10.1.0.59:35537|priority:0|startupRole:FOLLOWER] returns group-F78A666F49B3:java.util.concurrent.CompletableFuture@14e0e309[Not completed]
2023-04-10 17:22:25,321 [pool-122-thread-1] INFO  server.RaftServerConfigKeys (ConfUtils.java:logGet(46)) - raft.server.log.appender.install.snapshot.enabled = false (custom)
2023-04-10 17:22:25,322 [pool-122-thread-1] INFO  server.RaftServerConfigKeys (ConfUtils.java:logGet(46)) - raft.server.threadpool.server.cached = true (default)
2023-04-10 17:22:25,322 [pool-122-thread-1] INFO  server.RaftServerConfigKeys (ConfUtils.java:logGet(46)) - raft.server.threadpool.server.size = 0 (default)
2023-04-10 17:22:25,322 [pool-122-thread-1] INFO  server.RaftServerConfigKeys (ConfUtils.java:logGet(46)) - raft.server.threadpool.client.cached = true (default)
2023-04-10 17:22:25,322 [pool-122-thread-1] INFO  server.RaftServerConfigKeys (ConfUtils.java:logGet(46)) - raft.server.threadpool.client.size = 0 (default)
2023-04-10 17:22:25,322 [pool-122-thread-1] INFO  storage.RaftStorageDirectory (RaftStorageDirectoryImpl.java:analyzeStorage(137)) - The storage directory /home/runner/work/ozone/ozone/hadoop-ozone/integration-test/target/test-dir/MiniOzoneClusterImpl-bd692c78-fb3a-4866-9e85-e2f4bd0dbf58/datanode-2/data/ratis/6e90493d-41e5-4016-8e01-91f437f43c0e does not exist. Creating ...
2023-04-10 17:22:25,323 [pool-100-thread-1] INFO  server.RaftServer$Division (RaftServerImpl.java:<init>(195)) - cfa9660d-3e66-4e37-95dd-c01791520333: new RaftServerImpl for group-F78A666F49B3:[f70c5b51-abaf-4483-bcc0-ab3e40e5c626|rpc:10.1.0.59:36093|dataStream:10.1.0.59:44995|priority:1|startupRole:FOLLOWER, cfa9660d-3e66-4e37-95dd-c01791520333|rpc:10.1.0.59:42355|dataStream:10.1.0.59:45915|priority:0|startupRole:FOLLOWER, cd4ac3e2-47ba-443c-8aa0-40ab251a0f4e|rpc:10.1.0.59:42823|dataStream:10.1.0.59:35537|priority:0|startupRole:FOLLOWER] with ContainerStateMachine:uninitialized
2023-04-10 17:22:25,324 [pool-100-thread-1] INFO  server.RaftServerConfigKeys (ConfUtils.java:logGet(46)) - raft.server.rpc.timeout.min = 5s (custom)
2023-04-10 17:22:25,324 [pool-100-thread-1] INFO  server.RaftServerConfigKeys (ConfUtils.java:logGet(46)) - raft.server.rpc.timeout.max = 5200ms (custom)
2023-04-10 17:22:25,324 [pool-100-thread-1] INFO  server.RaftServerConfigKeys (ConfUtils.java:logGet(46)) - raft.server.rpc.sleep.time = 25ms (default)
2023-04-10 17:22:25,324 [pool-100-thread-1] INFO  server.RaftServerConfigKeys (ConfUtils.java:logGet(46)) - raft.server.rpc.slowness.timeout = 300000ms (custom)
2023-04-10 17:22:25,324 [pool-100-thread-1] INFO  server.RaftServerConfigKeys (ConfUtils.java:logGet(46)) - raft.server.leaderelection.leader.step-down.wait-time = 10s (default)
2023-04-10 17:22:25,324 [pool-100-thread-1] INFO  server.RaftServerConfigKeys (ConfUtils.java:logGet(46)) - raft.server.sleep.deviation.threshold = 300ms (default)
2023-04-10 17:22:25,324 [pool-100-thread-1] INFO  server.RaftServer$Division (ServerState.java:<init>(118)) - cfa9660d-3e66-4e37-95dd-c01791520333@group-F78A666F49B3: ConfigurationManager, init=-1: peers:[f70c5b51-abaf-4483-bcc0-ab3e40e5c626|rpc:10.1.0.59:36093|dataStream:10.1.0.59:44995|priority:1|startupRole:FOLLOWER, cfa9660d-3e66-4e37-95dd-c01791520333|rpc:10.1.0.59:42355|dataStream:10.1.0.59:45915|priority:0|startupRole:FOLLOWER, cd4ac3e2-47ba-443c-8aa0-40ab251a0f4e|rpc:10.1.0.59:42823|dataStream:10.1.0.59:35537|priority:0|startupRole:FOLLOWER]|listeners:[], old=null, confs=<EMPTY_MAP>
2023-04-10 17:22:25,324 [pool-100-thread-1] INFO  server.RaftServerConfigKeys (ConfUtils.java:logGet(46)) - raft.server.storage.dir = [/home/runner/work/ozone/ozone/hadoop-ozone/integration-test/target/test-dir/MiniOzoneClusterImpl-bd692c78-fb3a-4866-9e85-e2f4bd0dbf58/datanode-1/data/ratis] (custom)
2023-04-10 17:22:25,324 [pool-100-thread-1] INFO  server.RaftServerConfigKeys (ConfUtils.java:logGet(46)) - raft.server.log.corruption.policy = EXCEPTION (default)
2023-04-10 17:22:25,324 [pool-100-thread-1] INFO  server.RaftServerConfigKeys (ConfUtils.java:logGet(46)) - raft.server.storage.free-space.min = 0MB (=0) (default)
2023-04-10 17:22:25,324 [pool-100-thread-1] INFO  server.RaftServerConfigKeys (ConfUtils.java:logGet(46)) - raft.server.notification.no-leader.timeout = 300000ms (custom)
2023-04-10 17:22:25,324 [pool-100-thread-1] INFO  server.RaftServerConfigKeys (ConfUtils.java:logGet(46)) - raft.server.retrycache.expirytime = 600000ms (custom)
2023-04-10 17:22:25,324 [pool-100-thread-1] INFO  server.RaftServerConfigKeys (ConfUtils.java:logGet(46)) - raft.server.retrycache.statistics.expirytime = 100μs (default)
2023-04-10 17:22:25,323 [pool-122-thread-1] INFO  storage.RaftStorageDirectory (RaftStorageDirectoryImpl.java:tryLock(231)) - Lock on /home/runner/work/ozone/ozone/hadoop-ozone/integration-test/target/test-dir/MiniOzoneClusterImpl-bd692c78-fb3a-4866-9e85-e2f4bd0dbf58/datanode-2/data/ratis/6e90493d-41e5-4016-8e01-91f437f43c0e/in_use.lock acquired by nodename 68953@fv-az201-37
2023-04-10 17:22:25,328 [EventQueue-OpenPipelineForHealthyPipelineSafeModeRule] INFO  safemode.SCMSafeModeManager (HealthyPipelineSafeModeRule.java:process(137)) - SCM in safe mode. Healthy pipelines reported count is 0, required healthy pipeline reported count is 1
2023-04-10 17:22:25,328 [pool-122-thread-1] INFO  storage.RaftStorage (RaftStorageImpl.java:format(96)) - Storage directory /home/runner/work/ozone/ozone/hadoop-ozone/integration-test/target/test-dir/MiniOzoneClusterImpl-bd692c78-fb3a-4866-9e85-e2f4bd0dbf58/datanode-2/data/ratis/6e90493d-41e5-4016-8e01-91f437f43c0e has been successfully formatted.
2023-04-10 17:22:25,329 [pool-100-thread-1] INFO  server.RaftServerConfigKeys (ConfUtils.java:logGet(46)) - raft.server.log.appender.install.snapshot.enabled = false (custom)
2023-04-10 17:22:25,329 [pool-100-thread-1] INFO  server.RaftServerConfigKeys (ConfUtils.java:logGet(46)) - raft.server.threadpool.server.cached = true (default)
2023-04-10 17:22:25,330 [EventQueue-PipelineReportForPipelineReportHandler] INFO  pipeline.PipelineManagerImpl (PipelineManagerImpl.java:openPipeline(367)) - Pipeline Pipeline[ Id: 6e90493d-41e5-4016-8e01-91f437f43c0e, Nodes: f70c5b51-abaf-4483-bcc0-ab3e40e5c626(fv-az201-37/10.1.0.59), ReplicationConfig: RATIS/ONE, State:ALLOCATED, leaderId:f70c5b51-abaf-4483-bcc0-ab3e40e5c626, CreationTimestamp2023-04-10T17:22:22.317Z[Etc/UTC]] moved to OPEN state
2023-04-10 17:22:25,329 [pool-122-thread-1] INFO  ratis.ContainerStateMachine (ContainerStateMachine.java:loadSnapshot(262)) - group-91F437F43C0E: The snapshot info is null. Setting the last applied indexto:(t:0, i:~)
2023-04-10 17:22:25,331 [pool-122-thread-1] INFO  server.RaftServerConfigKeys (ConfUtils.java:logGet(46)) - raft.server.log.use.memory = false (default)
2023-04-10 17:22:25,331 [pool-122-thread-1] INFO  server.RaftServerConfigKeys (ConfUtils.java:logGet(46)) - raft.server.log.purge.gap = 1000000 (custom)
2023-04-10 17:22:25,331 [pool-122-thread-1] INFO  server.RaftServerConfigKeys (ConfUtils.java:logGet(46)) - raft.server.log.appender.buffer.byte-limit = 33554432 (custom)
2023-04-10 17:22:25,331 [pool-122-thread-1] INFO  server.RaftServerConfigKeys (ConfUtils.java:logGet(46)) - raft.server.log.statemachine.data.read.timeout = 1000ms (default)
2023-04-10 17:22:25,331 [EventQueue-OpenPipelineForHealthyPipelineSafeModeRule] INFO  safemode.SCMSafeModeManager (HealthyPipelineSafeModeRule.java:process(137)) - SCM in safe mode. Healthy pipelines reported count is 0, required healthy pipeline reported count is 1
2023-04-10 17:22:25,331 [pool-122-thread-1] INFO  server.RaftServerConfigKeys (ConfUtils.java:logGet(46)) - raft.server.log.purge.preservation.log.num = 0 (default)
2023-04-10 17:22:25,331 [pool-122-thread-1] INFO  server.RaftServerConfigKeys (ConfUtils.java:logGet(46)) - raft.server.log.segment.size.max = 1048576 (custom)
2023-04-10 17:22:25,331 [pool-100-thread-1] INFO  server.RaftServerConfigKeys (ConfUtils.java:logGet(46)) - raft.server.threadpool.server.size = 0 (default)
2023-04-10 17:22:25,332 [pool-100-thread-1] INFO  server.RaftServerConfigKeys (ConfUtils.java:logGet(46)) - raft.server.threadpool.client.cached = true (default)
2023-04-10 17:22:25,332 [pool-100-thread-1] INFO  server.RaftServerConfigKeys (ConfUtils.java:logGet(46)) - raft.server.threadpool.client.size = 0 (default)
2023-04-10 17:22:25,332 [pool-122-thread-1] INFO  server.RaftServerConfigKeys (ConfUtils.java:logGet(46)) - raft.server.log.segment.cache.num.max = 2 (custom)
2023-04-10 17:22:25,332 [pool-100-thread-1] INFO  storage.RaftStorageDirectory (RaftStorageDirectoryImpl.java:analyzeStorage(137)) - The storage directory /home/runner/work/ozone/ozone/hadoop-ozone/integration-test/target/test-dir/MiniOzoneClusterImpl-bd692c78-fb3a-4866-9e85-e2f4bd0dbf58/datanode-1/data/ratis/c81c0de1-3fb0-41e5-abc2-f78a666f49b3 does not exist. Creating ...
2023-04-10 17:22:25,332 [pool-122-thread-1] INFO  server.RaftServerConfigKeys (ConfUtils.java:logGet(46)) - raft.server.log.segment.cache.size.max = 200MB (=209715200) (default)
2023-04-10 17:22:25,332 [pool-122-thread-1] INFO  segmented.SegmentedRaftLogWorker (SegmentedRaftLogWorker.java:<init>(189)) - new f70c5b51-abaf-4483-bcc0-ab3e40e5c626@group-91F437F43C0E-SegmentedRaftLogWorker for RaftStorageImpl:Storage Directory /home/runner/work/ozone/ozone/hadoop-ozone/integration-test/target/test-dir/MiniOzoneClusterImpl-bd692c78-fb3a-4866-9e85-e2f4bd0dbf58/datanode-2/data/ratis/6e90493d-41e5-4016-8e01-91f437f43c0e
2023-04-10 17:22:25,332 [pool-122-thread-1] INFO  server.RaftServerConfigKeys (ConfUtils.java:logGet(46)) - raft.server.log.queue.byte-limit = 4294967296 (custom)
2023-04-10 17:22:25,332 [pool-122-thread-1] INFO  server.RaftServerConfigKeys (ConfUtils.java:logGet(46)) - raft.server.log.queue.element-limit = 1024 (custom)
2023-04-10 17:22:25,332 [pool-122-thread-1] INFO  server.RaftServerConfigKeys (ConfUtils.java:logGet(46)) - raft.server.log.segment.size.max = 1048576 (custom)
2023-04-10 17:22:25,332 [pool-122-thread-1] INFO  server.RaftServerConfigKeys (ConfUtils.java:logGet(46)) - raft.server.log.preallocated.size = 16384 (custom)
2023-04-10 17:22:25,332 [pool-122-thread-1] INFO  server.RaftServerConfigKeys (ConfUtils.java:logGet(46)) - raft.server.log.force.sync.num = 128 (default)
2023-04-10 17:22:25,332 [pool-122-thread-1] INFO  server.RaftServerConfigKeys (ConfUtils.java:logGet(46)) - raft.server.log.statemachine.data.sync = true (default)
2023-04-10 17:22:25,332 [pool-122-thread-1] INFO  server.RaftServerConfigKeys (ConfUtils.java:logGet(46)) - raft.server.log.statemachine.data.sync.timeout = 10s (default)
2023-04-10 17:22:25,333 [pool-122-thread-1] INFO  server.RaftServerConfigKeys (ConfUtils.java:logGet(46)) - raft.server.log.statemachine.data.sync.timeout.retry = -1 (default)
2023-04-10 17:22:25,333 [pool-100-thread-1] INFO  storage.RaftStorageDirectory (RaftStorageDirectoryImpl.java:tryLock(231)) - Lock on /home/runner/work/ozone/ozone/hadoop-ozone/integration-test/target/test-dir/MiniOzoneClusterImpl-bd692c78-fb3a-4866-9e85-e2f4bd0dbf58/datanode-1/data/ratis/c81c0de1-3fb0-41e5-abc2-f78a666f49b3/in_use.lock acquired by nodename 68953@fv-az201-37
2023-04-10 17:22:25,334 [pool-122-thread-1] INFO  server.RaftServerConfigKeys (ConfUtils.java:logGet(46)) - raft.server.log.write.buffer.size = 1048576 (custom)
2023-04-10 17:22:25,335 [pool-122-thread-1] INFO  server.RaftServerConfigKeys (ConfUtils.java:logGet(46)) - raft.server.log.appender.buffer.byte-limit = 33554432 (custom)
2023-04-10 17:22:25,342 [pool-122-thread-1] INFO  server.RaftServerConfigKeys (ConfUtils.java:logGet(46)) - raft.server.log.unsafe-flush.enabled = false (default)
2023-04-10 17:22:25,342 [pool-122-thread-1] INFO  server.RaftServerConfigKeys (ConfUtils.java:logGet(46)) - raft.server.log.async-flush.enabled = false (default)
2023-04-10 17:22:25,342 [pool-122-thread-1] INFO  server.RaftServerConfigKeys (ConfUtils.java:logGet(46)) - raft.server.log.statemachine.data.caching.enabled = true (custom)
2023-04-10 17:22:25,342 [pool-122-thread-1] INFO  segmented.SegmentedRaftLogWorker (SegmentedRaftLogWorker.java:lambda$new$0(135)) - f70c5b51-abaf-4483-bcc0-ab3e40e5c626@group-91F437F43C0E-SegmentedRaftLogWorker: flushIndex: setUnconditionally 0 -> -1
2023-04-10 17:22:25,342 [pool-122-thread-1] INFO  segmented.SegmentedRaftLogWorker (SegmentedRaftLogWorker.java:lambda$new$0(135)) - f70c5b51-abaf-4483-bcc0-ab3e40e5c626@group-91F437F43C0E-SegmentedRaftLogWorker: safeCacheEvictIndex: setUnconditionally 0 -> -1
2023-04-10 17:22:25,343 [pool-122-thread-1] INFO  server.RaftServer$Division (RaftServerImpl.java:start(334)) - f70c5b51-abaf-4483-bcc0-ab3e40e5c626@group-91F437F43C0E: start as a follower, conf=-1: peers:[f70c5b51-abaf-4483-bcc0-ab3e40e5c626|rpc:10.1.0.59:36093|dataStream:10.1.0.59:44995|priority:1|startupRole:FOLLOWER]|listeners:[], old=null
2023-04-10 17:22:25,343 [pool-122-thread-1] INFO  server.RaftServer$Division (RaftServerImpl.java:setRole(321)) - f70c5b51-abaf-4483-bcc0-ab3e40e5c626@group-91F437F43C0E: changes role from      null to FOLLOWER at term 0 for startAsFollower
2023-04-10 17:22:25,343 [pool-122-thread-1] INFO  impl.RoleInfo (RoleInfo.java:updateAndGet(139)) - f70c5b51-abaf-4483-bcc0-ab3e40e5c626: start f70c5b51-abaf-4483-bcc0-ab3e40e5c626@group-91F437F43C0E-FollowerState
2023-04-10 17:22:25,343 [pool-122-thread-1] INFO  util.JmxRegister (JmxRegister.java:tryRegister(44)) - Successfully registered JMX Bean with object name Ratis:service=RaftServer,group=group-91F437F43C0E,id=f70c5b51-abaf-4483-bcc0-ab3e40e5c626
2023-04-10 17:22:25,343 [pool-122-thread-1] INFO  server.RaftServerConfigKeys (ConfUtils.java:logGet(46)) - raft.server.snapshot.auto.trigger.enabled = true (custom)
2023-04-10 17:22:25,343 [pool-122-thread-1] INFO  server.RaftServerConfigKeys (ConfUtils.java:logGet(46)) - raft.server.snapshot.auto.trigger.threshold = 1 (custom)
2023-04-10 17:22:25,343 [pool-122-thread-1] INFO  server.RaftServerConfigKeys (ConfUtils.java:logGet(46)) - raft.server.snapshot.retention.file.num = 5 (custom)
2023-04-10 17:22:25,343 [pool-122-thread-1] INFO  server.RaftServerConfigKeys (ConfUtils.java:logGet(46)) - raft.server.log.purge.upto.snapshot.index = false (default)
2023-04-10 17:22:25,344 [f70c5b51-abaf-4483-bcc0-ab3e40e5c626@group-91F437F43C0E-FollowerState] INFO  server.RaftServerConfigKeys (ConfUtils.java:logFallback(53)) - raft.server.rpc.first-election.timeout.min = 5s (fallback to raft.server.rpc.timeout.min)
2023-04-10 17:22:25,344 [f70c5b51-abaf-4483-bcc0-ab3e40e5c626@group-91F437F43C0E-FollowerState] INFO  server.RaftServerConfigKeys (ConfUtils.java:logFallback(53)) - raft.server.rpc.first-election.timeout.max = 5200ms (fallback to raft.server.rpc.timeout.max)
2023-04-10 17:22:25,345 [pool-100-thread-1] INFO  storage.RaftStorage (RaftStorageImpl.java:format(96)) - Storage directory /home/runner/work/ozone/ozone/hadoop-ozone/integration-test/target/test-dir/MiniOzoneClusterImpl-bd692c78-fb3a-4866-9e85-e2f4bd0dbf58/datanode-1/data/ratis/c81c0de1-3fb0-41e5-abc2-f78a666f49b3 has been successfully formatted.
2023-04-10 17:22:25,345 [pool-100-thread-1] INFO  ratis.ContainerStateMachine (ContainerStateMachine.java:loadSnapshot(262)) - group-F78A666F49B3: The snapshot info is null. Setting the last applied indexto:(t:0, i:~)
2023-04-10 17:22:25,346 [pool-100-thread-1] INFO  server.RaftServerConfigKeys (ConfUtils.java:logGet(46)) - raft.server.log.use.memory = false (default)
2023-04-10 17:22:25,346 [pool-100-thread-1] INFO  server.RaftServerConfigKeys (ConfUtils.java:logGet(46)) - raft.server.log.purge.gap = 1000000 (custom)
2023-04-10 17:22:25,346 [pool-100-thread-1] INFO  server.RaftServerConfigKeys (ConfUtils.java:logGet(46)) - raft.server.log.appender.buffer.byte-limit = 33554432 (custom)
2023-04-10 17:22:25,346 [pool-100-thread-1] INFO  server.RaftServerConfigKeys (ConfUtils.java:logGet(46)) - raft.server.log.statemachine.data.read.timeout = 1000ms (default)
2023-04-10 17:22:25,346 [pool-100-thread-1] INFO  server.RaftServerConfigKeys (ConfUtils.java:logGet(46)) - raft.server.log.purge.preservation.log.num = 0 (default)
2023-04-10 17:22:25,346 [pool-100-thread-1] INFO  server.RaftServerConfigKeys (ConfUtils.java:logGet(46)) - raft.server.log.segment.size.max = 1048576 (custom)
2023-04-10 17:22:25,347 [pool-100-thread-1] INFO  server.RaftServerConfigKeys (ConfUtils.java:logGet(46)) - raft.server.log.segment.cache.num.max = 2 (custom)
2023-04-10 17:22:25,347 [pool-100-thread-1] INFO  server.RaftServerConfigKeys (ConfUtils.java:logGet(46)) - raft.server.log.segment.cache.size.max = 200MB (=209715200) (default)
2023-04-10 17:22:25,347 [pool-100-thread-1] INFO  segmented.SegmentedRaftLogWorker (SegmentedRaftLogWorker.java:<init>(189)) - new cfa9660d-3e66-4e37-95dd-c01791520333@group-F78A666F49B3-SegmentedRaftLogWorker for RaftStorageImpl:Storage Directory /home/runner/work/ozone/ozone/hadoop-ozone/integration-test/target/test-dir/MiniOzoneClusterImpl-bd692c78-fb3a-4866-9e85-e2f4bd0dbf58/datanode-1/data/ratis/c81c0de1-3fb0-41e5-abc2-f78a666f49b3
2023-04-10 17:22:25,347 [pool-100-thread-1] INFO  server.RaftServerConfigKeys (ConfUtils.java:logGet(46)) - raft.server.log.queue.byte-limit = 4294967296 (custom)
2023-04-10 17:22:25,347 [pool-100-thread-1] INFO  server.RaftServerConfigKeys (ConfUtils.java:logGet(46)) - raft.server.log.queue.element-limit = 1024 (custom)
2023-04-10 17:22:25,347 [pool-100-thread-1] INFO  server.RaftServerConfigKeys (ConfUtils.java:logGet(46)) - raft.server.log.segment.size.max = 1048576 (custom)
2023-04-10 17:22:25,347 [pool-100-thread-1] INFO  server.RaftServerConfigKeys (ConfUtils.java:logGet(46)) - raft.server.log.preallocated.size = 16384 (custom)
2023-04-10 17:22:25,347 [pool-100-thread-1] INFO  server.RaftServerConfigKeys (ConfUtils.java:logGet(46)) - raft.server.log.force.sync.num = 128 (default)
2023-04-10 17:22:25,347 [pool-100-thread-1] INFO  server.RaftServerConfigKeys (ConfUtils.java:logGet(46)) - raft.server.log.statemachine.data.sync = true (default)
2023-04-10 17:22:25,347 [pool-100-thread-1] INFO  server.RaftServerConfigKeys (ConfUtils.java:logGet(46)) - raft.server.log.statemachine.data.sync.timeout = 10s (default)
2023-04-10 17:22:25,348 [pool-100-thread-1] INFO  server.RaftServerConfigKeys (ConfUtils.java:logGet(46)) - raft.server.log.statemachine.data.sync.timeout.retry = -1 (default)
2023-04-10 17:22:25,348 [pool-100-thread-1] INFO  server.RaftServerConfigKeys (ConfUtils.java:logGet(46)) - raft.server.log.write.buffer.size = 1048576 (custom)
2023-04-10 17:22:25,351 [EventQueue-OpenPipelineForHealthyPipelineSafeModeRule] INFO  safemode.SCMSafeModeManager (HealthyPipelineSafeModeRule.java:process(137)) - SCM in safe mode. Healthy pipelines reported count is 0, required healthy pipeline reported count is 1
2023-04-10 17:22:25,353 [pool-100-thread-1] INFO  server.RaftServerConfigKeys (ConfUtils.java:logGet(46)) - raft.server.log.appender.buffer.byte-limit = 33554432 (custom)
2023-04-10 17:22:25,359 [pool-100-thread-1] INFO  server.RaftServerConfigKeys (ConfUtils.java:logGet(46)) - raft.server.log.unsafe-flush.enabled = false (default)
2023-04-10 17:22:25,360 [pool-100-thread-1] INFO  server.RaftServerConfigKeys (ConfUtils.java:logGet(46)) - raft.server.log.async-flush.enabled = false (default)
2023-04-10 17:22:25,360 [pool-100-thread-1] INFO  server.RaftServerConfigKeys (ConfUtils.java:logGet(46)) - raft.server.log.statemachine.data.caching.enabled = true (custom)
2023-04-10 17:22:25,360 [pool-100-thread-1] INFO  segmented.SegmentedRaftLogWorker (SegmentedRaftLogWorker.java:lambda$new$0(135)) - cfa9660d-3e66-4e37-95dd-c01791520333@group-F78A666F49B3-SegmentedRaftLogWorker: flushIndex: setUnconditionally 0 -> -1
2023-04-10 17:22:25,360 [pool-100-thread-1] INFO  segmented.SegmentedRaftLogWorker (SegmentedRaftLogWorker.java:lambda$new$0(135)) - cfa9660d-3e66-4e37-95dd-c01791520333@group-F78A666F49B3-SegmentedRaftLogWorker: safeCacheEvictIndex: setUnconditionally 0 -> -1
2023-04-10 17:22:25,360 [Command processor thread] INFO  commandhandler.CreatePipelineCommandHandler (CreatePipelineCommandHandler.java:handle(113)) - Created Pipeline RATIS THREE PipelineID=6a6143b9-71ae-46e0-8280-04f87e957c10.
2023-04-10 17:22:25,360 [pool-100-thread-1] INFO  server.RaftServer$Division (RaftServerImpl.java:start(334)) - cfa9660d-3e66-4e37-95dd-c01791520333@group-F78A666F49B3: start as a follower, conf=-1: peers:[f70c5b51-abaf-4483-bcc0-ab3e40e5c626|rpc:10.1.0.59:36093|dataStream:10.1.0.59:44995|priority:1|startupRole:FOLLOWER, cfa9660d-3e66-4e37-95dd-c01791520333|rpc:10.1.0.59:42355|dataStream:10.1.0.59:45915|priority:0|startupRole:FOLLOWER, cd4ac3e2-47ba-443c-8aa0-40ab251a0f4e|rpc:10.1.0.59:42823|dataStream:10.1.0.59:35537|priority:0|startupRole:FOLLOWER]|listeners:[], old=null
2023-04-10 17:22:25,360 [pool-100-thread-1] INFO  server.RaftServer$Division (RaftServerImpl.java:setRole(321)) - cfa9660d-3e66-4e37-95dd-c01791520333@group-F78A666F49B3: changes role from      null to FOLLOWER at term 0 for startAsFollower
2023-04-10 17:22:25,360 [pool-100-thread-1] INFO  impl.RoleInfo (RoleInfo.java:updateAndGet(139)) - cfa9660d-3e66-4e37-95dd-c01791520333: start cfa9660d-3e66-4e37-95dd-c01791520333@group-F78A666F49B3-FollowerState
2023-04-10 17:22:25,361 [pool-100-thread-1] INFO  util.JmxRegister (JmxRegister.java:tryRegister(44)) - Successfully registered JMX Bean with object name Ratis:service=RaftServer,group=group-F78A666F49B3,id=cfa9660d-3e66-4e37-95dd-c01791520333
2023-04-10 17:22:25,361 [pool-100-thread-1] INFO  server.RaftServerConfigKeys (ConfUtils.java:logGet(46)) - raft.server.snapshot.auto.trigger.enabled = true (custom)
2023-04-10 17:22:25,361 [pool-100-thread-1] INFO  server.RaftServerConfigKeys (ConfUtils.java:logGet(46)) - raft.server.snapshot.auto.trigger.threshold = 1 (custom)
2023-04-10 17:22:25,361 [pool-100-thread-1] INFO  server.RaftServerConfigKeys (ConfUtils.java:logGet(46)) - raft.server.snapshot.retention.file.num = 5 (custom)
2023-04-10 17:22:25,361 [pool-100-thread-1] INFO  server.RaftServerConfigKeys (ConfUtils.java:logGet(46)) - raft.server.log.purge.upto.snapshot.index = false (default)
2023-04-10 17:22:25,362 [Command processor thread] INFO  ratis.XceiverServerRatis (XceiverServerRatis.java:addGroup(806)) - Created group PipelineID=c81c0de1-3fb0-41e5-abc2-f78a666f49b3
2023-04-10 17:22:25,365 [Command processor thread] INFO  ratis.XceiverServerRatis (XceiverServerRatis.java:addGroup(806)) - Created group PipelineID=6e90493d-41e5-4016-8e01-91f437f43c0e
2023-04-10 17:22:25,365 [Command processor thread] INFO  commandhandler.CreatePipelineCommandHandler (CreatePipelineCommandHandler.java:handle(113)) - Created Pipeline RATIS ONE PipelineID=6e90493d-41e5-4016-8e01-91f437f43c0e.
2023-04-10 17:22:25,365 [Command processor thread] INFO  server.RaftServer (RaftServerProxy.java:addNew(96)) - f70c5b51-abaf-4483-bcc0-ab3e40e5c626: addNew group-F78A666F49B3:[f70c5b51-abaf-4483-bcc0-ab3e40e5c626|rpc:10.1.0.59:36093|dataStream:10.1.0.59:44995|priority:1|startupRole:FOLLOWER, cfa9660d-3e66-4e37-95dd-c01791520333|rpc:10.1.0.59:42355|dataStream:10.1.0.59:45915|priority:0|startupRole:FOLLOWER, cd4ac3e2-47ba-443c-8aa0-40ab251a0f4e|rpc:10.1.0.59:42823|dataStream:10.1.0.59:35537|priority:0|startupRole:FOLLOWER] returns group-F78A666F49B3:java.util.concurrent.CompletableFuture@217b9a27[Not completed]
2023-04-10 17:22:25,366 [pool-122-thread-1] INFO  server.RaftServer$Division (RaftServerImpl.java:<init>(195)) - f70c5b51-abaf-4483-bcc0-ab3e40e5c626: new RaftServerImpl for group-F78A666F49B3:[f70c5b51-abaf-4483-bcc0-ab3e40e5c626|rpc:10.1.0.59:36093|dataStream:10.1.0.59:44995|priority:1|startupRole:FOLLOWER, cfa9660d-3e66-4e37-95dd-c01791520333|rpc:10.1.0.59:42355|dataStream:10.1.0.59:45915|priority:0|startupRole:FOLLOWER, cd4ac3e2-47ba-443c-8aa0-40ab251a0f4e|rpc:10.1.0.59:42823|dataStream:10.1.0.59:35537|priority:0|startupRole:FOLLOWER] with ContainerStateMachine:uninitialized
2023-04-10 17:22:25,366 [pool-122-thread-1] INFO  server.RaftServerConfigKeys (ConfUtils.java:logGet(46)) - raft.server.rpc.timeout.min = 5s (custom)
2023-04-10 17:22:25,366 [pool-122-thread-1] INFO  server.RaftServerConfigKeys (ConfUtils.java:logGet(46)) - raft.server.rpc.timeout.max = 5200ms (custom)
2023-04-10 17:22:25,366 [pool-122-thread-1] INFO  server.RaftServerConfigKeys (ConfUtils.java:logGet(46)) - raft.server.rpc.sleep.time = 25ms (default)
2023-04-10 17:22:25,366 [pool-122-thread-1] INFO  server.RaftServerConfigKeys (ConfUtils.java:logGet(46)) - raft.server.rpc.slowness.timeout = 300000ms (custom)
2023-04-10 17:22:25,366 [pool-122-thread-1] INFO  server.RaftServerConfigKeys (ConfUtils.java:logGet(46)) - raft.server.leaderelection.leader.step-down.wait-time = 10s (default)
2023-04-10 17:22:25,366 [pool-122-thread-1] INFO  server.RaftServerConfigKeys (ConfUtils.java:logGet(46)) - raft.server.sleep.deviation.threshold = 300ms (default)
2023-04-10 17:22:25,367 [pool-122-thread-1] INFO  server.RaftServer$Division (ServerState.java:<init>(118)) - f70c5b51-abaf-4483-bcc0-ab3e40e5c626@group-F78A666F49B3: ConfigurationManager, init=-1: peers:[f70c5b51-abaf-4483-bcc0-ab3e40e5c626|rpc:10.1.0.59:36093|dataStream:10.1.0.59:44995|priority:1|startupRole:FOLLOWER, cfa9660d-3e66-4e37-95dd-c01791520333|rpc:10.1.0.59:42355|dataStream:10.1.0.59:45915|priority:0|startupRole:FOLLOWER, cd4ac3e2-47ba-443c-8aa0-40ab251a0f4e|rpc:10.1.0.59:42823|dataStream:10.1.0.59:35537|priority:0|startupRole:FOLLOWER]|listeners:[], old=null, confs=<EMPTY_MAP>
2023-04-10 17:22:25,367 [pool-122-thread-1] INFO  server.RaftServerConfigKeys (ConfUtils.java:logGet(46)) - raft.server.storage.dir = [/home/runner/work/ozone/ozone/hadoop-ozone/integration-test/target/test-dir/MiniOzoneClusterImpl-bd692c78-fb3a-4866-9e85-e2f4bd0dbf58/datanode-2/data/ratis] (custom)
2023-04-10 17:22:25,368 [pool-122-thread-1] INFO  server.RaftServerConfigKeys (ConfUtils.java:logGet(46)) - raft.server.log.corruption.policy = EXCEPTION (default)
2023-04-10 17:22:25,368 [pool-122-thread-1] INFO  server.RaftServerConfigKeys (ConfUtils.java:logGet(46)) - raft.server.storage.free-space.min = 0MB (=0) (default)
2023-04-10 17:22:25,368 [pool-122-thread-1] INFO  server.RaftServerConfigKeys (ConfUtils.java:logGet(46)) - raft.server.notification.no-leader.timeout = 300000ms (custom)
2023-04-10 17:22:25,368 [pool-122-thread-1] INFO  server.RaftServerConfigKeys (ConfUtils.java:logGet(46)) - raft.server.retrycache.expirytime = 600000ms (custom)
2023-04-10 17:22:25,368 [pool-122-thread-1] INFO  server.RaftServerConfigKeys (ConfUtils.java:logGet(46)) - raft.server.retrycache.statistics.expirytime = 100μs (default)
2023-04-10 17:22:25,370 [cfa9660d-3e66-4e37-95dd-c01791520333@group-F78A666F49B3-FollowerState] INFO  server.RaftServerConfigKeys (ConfUtils.java:logFallback(53)) - raft.server.rpc.first-election.timeout.min = 5s (fallback to raft.server.rpc.timeout.min)
2023-04-10 17:22:25,378 [cfa9660d-3e66-4e37-95dd-c01791520333@group-F78A666F49B3-FollowerState] INFO  server.RaftServerConfigKeys (ConfUtils.java:logFallback(53)) - raft.server.rpc.first-election.timeout.max = 5200ms (fallback to raft.server.rpc.timeout.max)
2023-04-10 17:22:25,377 [pool-122-thread-1] INFO  server.RaftServerConfigKeys (ConfUtils.java:logGet(46)) - raft.server.log.appender.install.snapshot.enabled = false (custom)
2023-04-10 17:22:25,371 [pool-78-thread-1] INFO  server.RaftServer$Division (RaftServerImpl.java:<init>(195)) - cd4ac3e2-47ba-443c-8aa0-40ab251a0f4e: new RaftServerImpl for group-F78A666F49B3:[f70c5b51-abaf-4483-bcc0-ab3e40e5c626|rpc:10.1.0.59:36093|dataStream:10.1.0.59:44995|priority:1|startupRole:FOLLOWER, cfa9660d-3e66-4e37-95dd-c01791520333|rpc:10.1.0.59:42355|dataStream:10.1.0.59:45915|priority:0|startupRole:FOLLOWER, cd4ac3e2-47ba-443c-8aa0-40ab251a0f4e|rpc:10.1.0.59:42823|dataStream:10.1.0.59:35537|priority:0|startupRole:FOLLOWER] with ContainerStateMachine:uninitialized
2023-04-10 17:22:25,379 [pool-78-thread-1] INFO  server.RaftServerConfigKeys (ConfUtils.java:logGet(46)) - raft.server.rpc.timeout.min = 5s (custom)
2023-04-10 17:22:25,379 [pool-78-thread-1] INFO  server.RaftServerConfigKeys (ConfUtils.java:logGet(46)) - raft.server.rpc.timeout.max = 5200ms (custom)
2023-04-10 17:22:25,379 [pool-78-thread-1] INFO  server.RaftServerConfigKeys (ConfUtils.java:logGet(46)) - raft.server.rpc.sleep.time = 25ms (default)
2023-04-10 17:22:25,379 [pool-78-thread-1] INFO  server.RaftServerConfigKeys (ConfUtils.java:logGet(46)) - raft.server.rpc.slowness.timeout = 300000ms (custom)
2023-04-10 17:22:25,379 [pool-78-thread-1] INFO  server.RaftServerConfigKeys (ConfUtils.java:logGet(46)) - raft.server.leaderelection.leader.step-down.wait-time = 10s (default)
2023-04-10 17:22:25,379 [pool-78-thread-1] INFO  server.RaftServerConfigKeys (ConfUtils.java:logGet(46)) - raft.server.sleep.deviation.threshold = 300ms (default)
2023-04-10 17:22:25,379 [pool-78-thread-1] INFO  server.RaftServer$Division (ServerState.java:<init>(118)) - cd4ac3e2-47ba-443c-8aa0-40ab251a0f4e@group-F78A666F49B3: ConfigurationManager, init=-1: peers:[f70c5b51-abaf-4483-bcc0-ab3e40e5c626|rpc:10.1.0.59:36093|dataStream:10.1.0.59:44995|priority:1|startupRole:FOLLOWER, cfa9660d-3e66-4e37-95dd-c01791520333|rpc:10.1.0.59:42355|dataStream:10.1.0.59:45915|priority:0|startupRole:FOLLOWER, cd4ac3e2-47ba-443c-8aa0-40ab251a0f4e|rpc:10.1.0.59:42823|dataStream:10.1.0.59:35537|priority:0|startupRole:FOLLOWER]|listeners:[], old=null, confs=<EMPTY_MAP>
2023-04-10 17:22:25,379 [pool-78-thread-1] INFO  server.RaftServerConfigKeys (ConfUtils.java:logGet(46)) - raft.server.storage.dir = [/home/runner/work/ozone/ozone/hadoop-ozone/integration-test/target/test-dir/MiniOzoneClusterImpl-bd692c78-fb3a-4866-9e85-e2f4bd0dbf58/datanode-0/data/ratis] (custom)
2023-04-10 17:22:25,379 [pool-78-thread-1] INFO  server.RaftServerConfigKeys (ConfUtils.java:logGet(46)) - raft.server.log.corruption.policy = EXCEPTION (default)
2023-04-10 17:22:25,379 [pool-78-thread-1] INFO  server.RaftServerConfigKeys (ConfUtils.java:logGet(46)) - raft.server.storage.free-space.min = 0MB (=0) (default)
2023-04-10 17:22:25,370 [Command processor thread] INFO  server.RaftServer (RaftServerProxy.java:addNew(96)) - cd4ac3e2-47ba-443c-8aa0-40ab251a0f4e: addNew group-F78A666F49B3:[f70c5b51-abaf-4483-bcc0-ab3e40e5c626|rpc:10.1.0.59:36093|dataStream:10.1.0.59:44995|priority:1|startupRole:FOLLOWER, cfa9660d-3e66-4e37-95dd-c01791520333|rpc:10.1.0.59:42355|dataStream:10.1.0.59:45915|priority:0|startupRole:FOLLOWER, cd4ac3e2-47ba-443c-8aa0-40ab251a0f4e|rpc:10.1.0.59:42823|dataStream:10.1.0.59:35537|priority:0|startupRole:FOLLOWER] returns group-F78A666F49B3:java.util.concurrent.CompletableFuture@1837dd87[Not completed]
2023-04-10 17:22:25,379 [pool-78-thread-1] INFO  server.RaftServerConfigKeys (ConfUtils.java:logGet(46)) - raft.server.notification.no-leader.timeout = 300000ms (custom)
2023-04-10 17:22:25,390 [pool-78-thread-1] INFO  server.RaftServerConfigKeys (ConfUtils.java:logGet(46)) - raft.server.retrycache.expirytime = 600000ms (custom)
2023-04-10 17:22:25,390 [pool-78-thread-1] INFO  server.RaftServerConfigKeys (ConfUtils.java:logGet(46)) - raft.server.retrycache.statistics.expirytime = 100μs (default)
2023-04-10 17:22:25,379 [pool-122-thread-1] INFO  server.RaftServerConfigKeys (ConfUtils.java:logGet(46)) - raft.server.threadpool.server.cached = true (default)
2023-04-10 17:22:25,397 [pool-122-thread-1] INFO  server.RaftServerConfigKeys (ConfUtils.java:logGet(46)) - raft.server.threadpool.server.size = 0 (default)
2023-04-10 17:22:25,398 [pool-122-thread-1] INFO  server.RaftServerConfigKeys (ConfUtils.java:logGet(46)) - raft.server.threadpool.client.cached = true (default)
2023-04-10 17:22:25,398 [pool-122-thread-1] INFO  server.RaftServerConfigKeys (ConfUtils.java:logGet(46)) - raft.server.threadpool.client.size = 0 (default)
2023-04-10 17:22:25,398 [pool-122-thread-1] INFO  storage.RaftStorageDirectory (RaftStorageDirectoryImpl.java:analyzeStorage(137)) - The storage directory /home/runner/work/ozone/ozone/hadoop-ozone/integration-test/target/test-dir/MiniOzoneClusterImpl-bd692c78-fb3a-4866-9e85-e2f4bd0dbf58/datanode-2/data/ratis/c81c0de1-3fb0-41e5-abc2-f78a666f49b3 does not exist. Creating ...
2023-04-10 17:22:25,391 [pool-78-thread-1] INFO  server.RaftServerConfigKeys (ConfUtils.java:logGet(46)) - raft.server.log.appender.install.snapshot.enabled = false (custom)
2023-04-10 17:22:25,398 [pool-78-thread-1] INFO  server.RaftServerConfigKeys (ConfUtils.java:logGet(46)) - raft.server.threadpool.server.cached = true (default)
2023-04-10 17:22:25,398 [pool-78-thread-1] INFO  server.RaftServerConfigKeys (ConfUtils.java:logGet(46)) - raft.server.threadpool.server.size = 0 (default)
2023-04-10 17:22:25,398 [pool-78-thread-1] INFO  server.RaftServerConfigKeys (ConfUtils.java:logGet(46)) - raft.server.threadpool.client.cached = true (default)
2023-04-10 17:22:25,398 [pool-78-thread-1] INFO  server.RaftServerConfigKeys (ConfUtils.java:logGet(46)) - raft.server.threadpool.client.size = 0 (default)
2023-04-10 17:22:25,398 [pool-78-thread-1] INFO  storage.RaftStorageDirectory (RaftStorageDirectoryImpl.java:analyzeStorage(137)) - The storage directory /home/runner/work/ozone/ozone/hadoop-ozone/integration-test/target/test-dir/MiniOzoneClusterImpl-bd692c78-fb3a-4866-9e85-e2f4bd0dbf58/datanode-0/data/ratis/c81c0de1-3fb0-41e5-abc2-f78a666f49b3 does not exist. Creating ...
2023-04-10 17:22:25,400 [pool-78-thread-1] INFO  storage.RaftStorageDirectory (RaftStorageDirectoryImpl.java:tryLock(231)) - Lock on /home/runner/work/ozone/ozone/hadoop-ozone/integration-test/target/test-dir/MiniOzoneClusterImpl-bd692c78-fb3a-4866-9e85-e2f4bd0dbf58/datanode-0/data/ratis/c81c0de1-3fb0-41e5-abc2-f78a666f49b3/in_use.lock acquired by nodename 68953@fv-az201-37
2023-04-10 17:22:25,400 [pool-122-thread-1] INFO  storage.RaftStorageDirectory (RaftStorageDirectoryImpl.java:tryLock(231)) - Lock on /home/runner/work/ozone/ozone/hadoop-ozone/integration-test/target/test-dir/MiniOzoneClusterImpl-bd692c78-fb3a-4866-9e85-e2f4bd0dbf58/datanode-2/data/ratis/c81c0de1-3fb0-41e5-abc2-f78a666f49b3/in_use.lock acquired by nodename 68953@fv-az201-37
2023-04-10 17:22:25,406 [pool-122-thread-1] INFO  storage.RaftStorage (RaftStorageImpl.java:format(96)) - Storage directory /home/runner/work/ozone/ozone/hadoop-ozone/integration-test/target/test-dir/MiniOzoneClusterImpl-bd692c78-fb3a-4866-9e85-e2f4bd0dbf58/datanode-2/data/ratis/c81c0de1-3fb0-41e5-abc2-f78a666f49b3 has been successfully formatted.
2023-04-10 17:22:25,406 [pool-122-thread-1] INFO  ratis.ContainerStateMachine (ContainerStateMachine.java:loadSnapshot(262)) - group-F78A666F49B3: The snapshot info is null. Setting the last applied indexto:(t:0, i:~)
2023-04-10 17:22:25,406 [pool-122-thread-1] INFO  server.RaftServerConfigKeys (ConfUtils.java:logGet(46)) - raft.server.log.use.memory = false (default)
2023-04-10 17:22:25,406 [pool-122-thread-1] INFO  server.RaftServerConfigKeys (ConfUtils.java:logGet(46)) - raft.server.log.purge.gap = 1000000 (custom)
2023-04-10 17:22:25,406 [pool-122-thread-1] INFO  server.RaftServerConfigKeys (ConfUtils.java:logGet(46)) - raft.server.log.appender.buffer.byte-limit = 33554432 (custom)
2023-04-10 17:22:25,406 [pool-122-thread-1] INFO  server.RaftServerConfigKeys (ConfUtils.java:logGet(46)) - raft.server.log.statemachine.data.read.timeout = 1000ms (default)
2023-04-10 17:22:25,406 [pool-122-thread-1] INFO  server.RaftServerConfigKeys (ConfUtils.java:logGet(46)) - raft.server.log.purge.preservation.log.num = 0 (default)
2023-04-10 17:22:25,407 [pool-122-thread-1] INFO  server.RaftServerConfigKeys (ConfUtils.java:logGet(46)) - raft.server.log.segment.size.max = 1048576 (custom)
2023-04-10 17:22:25,407 [pool-78-thread-1] INFO  storage.RaftStorage (RaftStorageImpl.java:format(96)) - Storage directory /home/runner/work/ozone/ozone/hadoop-ozone/integration-test/target/test-dir/MiniOzoneClusterImpl-bd692c78-fb3a-4866-9e85-e2f4bd0dbf58/datanode-0/data/ratis/c81c0de1-3fb0-41e5-abc2-f78a666f49b3 has been successfully formatted.
2023-04-10 17:22:25,407 [pool-78-thread-1] INFO  ratis.ContainerStateMachine (ContainerStateMachine.java:loadSnapshot(262)) - group-F78A666F49B3: The snapshot info is null. Setting the last applied indexto:(t:0, i:~)
2023-04-10 17:22:25,408 [pool-78-thread-1] INFO  server.RaftServerConfigKeys (ConfUtils.java:logGet(46)) - raft.server.log.use.memory = false (default)
2023-04-10 17:22:25,408 [pool-78-thread-1] INFO  server.RaftServerConfigKeys (ConfUtils.java:logGet(46)) - raft.server.log.purge.gap = 1000000 (custom)
2023-04-10 17:22:25,408 [pool-78-thread-1] INFO  server.RaftServerConfigKeys (ConfUtils.java:logGet(46)) - raft.server.log.appender.buffer.byte-limit = 33554432 (custom)
2023-04-10 17:22:25,408 [pool-78-thread-1] INFO  server.RaftServerConfigKeys (ConfUtils.java:logGet(46)) - raft.server.log.statemachine.data.read.timeout = 1000ms (default)
2023-04-10 17:22:25,408 [pool-78-thread-1] INFO  server.RaftServerConfigKeys (ConfUtils.java:logGet(46)) - raft.server.log.purge.preservation.log.num = 0 (default)
2023-04-10 17:22:25,408 [pool-78-thread-1] INFO  server.RaftServerConfigKeys (ConfUtils.java:logGet(46)) - raft.server.log.segment.size.max = 1048576 (custom)
2023-04-10 17:22:25,410 [EventQueue-OpenPipelineForHealthyPipelineSafeModeRule] INFO  safemode.SCMSafeModeManager (HealthyPipelineSafeModeRule.java:process(137)) - SCM in safe mode. Healthy pipelines reported count is 0, required healthy pipeline reported count is 1
2023-04-10 17:22:25,410 [EventQueue-OpenPipelineForHealthyPipelineSafeModeRule] INFO  safemode.SCMSafeModeManager (HealthyPipelineSafeModeRule.java:process(137)) - SCM in safe mode. Healthy pipelines reported count is 0, required healthy pipeline reported count is 1
2023-04-10 17:22:25,410 [pool-122-thread-1] INFO  server.RaftServerConfigKeys (ConfUtils.java:logGet(46)) - raft.server.log.segment.cache.num.max = 2 (custom)
2023-04-10 17:22:25,411 [pool-122-thread-1] INFO  server.RaftServerConfigKeys (ConfUtils.java:logGet(46)) - raft.server.log.segment.cache.size.max = 200MB (=209715200) (default)
2023-04-10 17:22:25,411 [pool-122-thread-1] INFO  segmented.SegmentedRaftLogWorker (SegmentedRaftLogWorker.java:<init>(189)) - new f70c5b51-abaf-4483-bcc0-ab3e40e5c626@group-F78A666F49B3-SegmentedRaftLogWorker for RaftStorageImpl:Storage Directory /home/runner/work/ozone/ozone/hadoop-ozone/integration-test/target/test-dir/MiniOzoneClusterImpl-bd692c78-fb3a-4866-9e85-e2f4bd0dbf58/datanode-2/data/ratis/c81c0de1-3fb0-41e5-abc2-f78a666f49b3
2023-04-10 17:22:25,411 [pool-122-thread-1] INFO  server.RaftServerConfigKeys (ConfUtils.java:logGet(46)) - raft.server.log.queue.byte-limit = 4294967296 (custom)
2023-04-10 17:22:25,411 [pool-122-thread-1] INFO  server.RaftServerConfigKeys (ConfUtils.java:logGet(46)) - raft.server.log.queue.element-limit = 1024 (custom)
2023-04-10 17:22:25,411 [pool-122-thread-1] INFO  server.RaftServerConfigKeys (ConfUtils.java:logGet(46)) - raft.server.log.segment.size.max = 1048576 (custom)
2023-04-10 17:22:25,411 [pool-122-thread-1] INFO  server.RaftServerConfigKeys (ConfUtils.java:logGet(46)) - raft.server.log.preallocated.size = 16384 (custom)
2023-04-10 17:22:25,411 [pool-122-thread-1] INFO  server.RaftServerConfigKeys (ConfUtils.java:logGet(46)) - raft.server.log.force.sync.num = 128 (default)
2023-04-10 17:22:25,411 [pool-122-thread-1] INFO  server.RaftServerConfigKeys (ConfUtils.java:logGet(46)) - raft.server.log.statemachine.data.sync = true (default)
2023-04-10 17:22:25,411 [pool-122-thread-1] INFO  server.RaftServerConfigKeys (ConfUtils.java:logGet(46)) - raft.server.log.statemachine.data.sync.timeout = 10s (default)
2023-04-10 17:22:25,411 [pool-122-thread-1] INFO  server.RaftServerConfigKeys (ConfUtils.java:logGet(46)) - raft.server.log.statemachine.data.sync.timeout.retry = -1 (default)
2023-04-10 17:22:25,412 [pool-122-thread-1] INFO  server.RaftServerConfigKeys (ConfUtils.java:logGet(46)) - raft.server.log.write.buffer.size = 1048576 (custom)
2023-04-10 17:22:25,413 [pool-122-thread-1] INFO  server.RaftServerConfigKeys (ConfUtils.java:logGet(46)) - raft.server.log.appender.buffer.byte-limit = 33554432 (custom)
2023-04-10 17:22:25,413 [pool-78-thread-1] INFO  server.RaftServerConfigKeys (ConfUtils.java:logGet(46)) - raft.server.log.segment.cache.num.max = 2 (custom)
2023-04-10 17:22:25,413 [pool-78-thread-1] INFO  server.RaftServerConfigKeys (ConfUtils.java:logGet(46)) - raft.server.log.segment.cache.size.max = 200MB (=209715200) (default)
2023-04-10 17:22:25,413 [pool-78-thread-1] INFO  segmented.SegmentedRaftLogWorker (SegmentedRaftLogWorker.java:<init>(189)) - new cd4ac3e2-47ba-443c-8aa0-40ab251a0f4e@group-F78A666F49B3-SegmentedRaftLogWorker for RaftStorageImpl:Storage Directory /home/runner/work/ozone/ozone/hadoop-ozone/integration-test/target/test-dir/MiniOzoneClusterImpl-bd692c78-fb3a-4866-9e85-e2f4bd0dbf58/datanode-0/data/ratis/c81c0de1-3fb0-41e5-abc2-f78a666f49b3
2023-04-10 17:22:25,413 [pool-78-thread-1] INFO  server.RaftServerConfigKeys (ConfUtils.java:logGet(46)) - raft.server.log.queue.byte-limit = 4294967296 (custom)
2023-04-10 17:22:25,413 [pool-78-thread-1] INFO  server.RaftServerConfigKeys (ConfUtils.java:logGet(46)) - raft.server.log.queue.element-limit = 1024 (custom)
2023-04-10 17:22:25,413 [pool-78-thread-1] INFO  server.RaftServerConfigKeys (ConfUtils.java:logGet(46)) - raft.server.log.segment.size.max = 1048576 (custom)
2023-04-10 17:22:25,413 [pool-78-thread-1] INFO  server.RaftServerConfigKeys (ConfUtils.java:logGet(46)) - raft.server.log.preallocated.size = 16384 (custom)
2023-04-10 17:22:25,413 [pool-78-thread-1] INFO  server.RaftServerConfigKeys (ConfUtils.java:logGet(46)) - raft.server.log.force.sync.num = 128 (default)
2023-04-10 17:22:25,414 [pool-78-thread-1] INFO  server.RaftServerConfigKeys (ConfUtils.java:logGet(46)) - raft.server.log.statemachine.data.sync = true (default)
2023-04-10 17:22:25,414 [pool-78-thread-1] INFO  server.RaftServerConfigKeys (ConfUtils.java:logGet(46)) - raft.server.log.statemachine.data.sync.timeout = 10s (default)
2023-04-10 17:22:25,414 [pool-78-thread-1] INFO  server.RaftServerConfigKeys (ConfUtils.java:logGet(46)) - raft.server.log.statemachine.data.sync.timeout.retry = -1 (default)
2023-04-10 17:22:25,415 [pool-78-thread-1] INFO  server.RaftServerConfigKeys (ConfUtils.java:logGet(46)) - raft.server.log.write.buffer.size = 1048576 (custom)
2023-04-10 17:22:25,415 [pool-78-thread-1] INFO  server.RaftServerConfigKeys (ConfUtils.java:logGet(46)) - raft.server.log.appender.buffer.byte-limit = 33554432 (custom)
2023-04-10 17:22:25,424 [pool-78-thread-1] INFO  server.RaftServerConfigKeys (ConfUtils.java:logGet(46)) - raft.server.log.unsafe-flush.enabled = false (default)
2023-04-10 17:22:25,424 [pool-78-thread-1] INFO  server.RaftServerConfigKeys (ConfUtils.java:logGet(46)) - raft.server.log.async-flush.enabled = false (default)
2023-04-10 17:22:25,424 [pool-78-thread-1] INFO  server.RaftServerConfigKeys (ConfUtils.java:logGet(46)) - raft.server.log.statemachine.data.caching.enabled = true (custom)
2023-04-10 17:22:25,424 [pool-78-thread-1] INFO  segmented.SegmentedRaftLogWorker (SegmentedRaftLogWorker.java:lambda$new$0(135)) - cd4ac3e2-47ba-443c-8aa0-40ab251a0f4e@group-F78A666F49B3-SegmentedRaftLogWorker: flushIndex: setUnconditionally 0 -> -1
2023-04-10 17:22:25,424 [pool-78-thread-1] INFO  segmented.SegmentedRaftLogWorker (SegmentedRaftLogWorker.java:lambda$new$0(135)) - cd4ac3e2-47ba-443c-8aa0-40ab251a0f4e@group-F78A666F49B3-SegmentedRaftLogWorker: safeCacheEvictIndex: setUnconditionally 0 -> -1
2023-04-10 17:22:25,428 [pool-122-thread-1] INFO  server.RaftServerConfigKeys (ConfUtils.java:logGet(46)) - raft.server.log.unsafe-flush.enabled = false (default)
2023-04-10 17:22:25,428 [pool-78-thread-1] INFO  server.RaftServer$Division (RaftServerImpl.java:start(334)) - cd4ac3e2-47ba-443c-8aa0-40ab251a0f4e@group-F78A666F49B3: start as a follower, conf=-1: peers:[f70c5b51-abaf-4483-bcc0-ab3e40e5c626|rpc:10.1.0.59:36093|dataStream:10.1.0.59:44995|priority:1|startupRole:FOLLOWER, cfa9660d-3e66-4e37-95dd-c01791520333|rpc:10.1.0.59:42355|dataStream:10.1.0.59:45915|priority:0|startupRole:FOLLOWER, cd4ac3e2-47ba-443c-8aa0-40ab251a0f4e|rpc:10.1.0.59:42823|dataStream:10.1.0.59:35537|priority:0|startupRole:FOLLOWER]|listeners:[], old=null
2023-04-10 17:22:25,431 [pool-78-thread-1] INFO  server.RaftServer$Division (RaftServerImpl.java:setRole(321)) - cd4ac3e2-47ba-443c-8aa0-40ab251a0f4e@group-F78A666F49B3: changes role from      null to FOLLOWER at term 0 for startAsFollower
2023-04-10 17:22:25,431 [pool-78-thread-1] INFO  impl.RoleInfo (RoleInfo.java:updateAndGet(139)) - cd4ac3e2-47ba-443c-8aa0-40ab251a0f4e: start cd4ac3e2-47ba-443c-8aa0-40ab251a0f4e@group-F78A666F49B3-FollowerState
2023-04-10 17:22:25,428 [pool-122-thread-1] INFO  server.RaftServerConfigKeys (ConfUtils.java:logGet(46)) - raft.server.log.async-flush.enabled = false (default)
2023-04-10 17:22:25,436 [cd4ac3e2-47ba-443c-8aa0-40ab251a0f4e@group-F78A666F49B3-FollowerState] INFO  server.RaftServerConfigKeys (ConfUtils.java:logFallback(53)) - raft.server.rpc.first-election.timeout.min = 5s (fallback to raft.server.rpc.timeout.min)
2023-04-10 17:22:25,435 [pool-78-thread-1] INFO  util.JmxRegister (JmxRegister.java:tryRegister(44)) - Successfully registered JMX Bean with object name Ratis:service=RaftServer,group=group-F78A666F49B3,id=cd4ac3e2-47ba-443c-8aa0-40ab251a0f4e
2023-04-10 17:22:25,437 [pool-78-thread-1] INFO  server.RaftServerConfigKeys (ConfUtils.java:logGet(46)) - raft.server.snapshot.auto.trigger.enabled = true (custom)
2023-04-10 17:22:25,437 [pool-78-thread-1] INFO  server.RaftServerConfigKeys (ConfUtils.java:logGet(46)) - raft.server.snapshot.auto.trigger.threshold = 1 (custom)
2023-04-10 17:22:25,437 [pool-78-thread-1] INFO  server.RaftServerConfigKeys (ConfUtils.java:logGet(46)) - raft.server.snapshot.retention.file.num = 5 (custom)
2023-04-10 17:22:25,437 [pool-78-thread-1] INFO  server.RaftServerConfigKeys (ConfUtils.java:logGet(46)) - raft.server.log.purge.upto.snapshot.index = false (default)
2023-04-10 17:22:25,438 [cd4ac3e2-47ba-443c-8aa0-40ab251a0f4e@group-F78A666F49B3-FollowerState] INFO  server.RaftServerConfigKeys (ConfUtils.java:logFallback(53)) - raft.server.rpc.first-election.timeout.max = 5200ms (fallback to raft.server.rpc.timeout.max)
2023-04-10 17:22:25,437 [pool-122-thread-1] INFO  server.RaftServerConfigKeys (ConfUtils.java:logGet(46)) - raft.server.log.statemachine.data.caching.enabled = true (custom)
2023-04-10 17:22:25,439 [pool-122-thread-1] INFO  segmented.SegmentedRaftLogWorker (SegmentedRaftLogWorker.java:lambda$new$0(135)) - f70c5b51-abaf-4483-bcc0-ab3e40e5c626@group-F78A666F49B3-SegmentedRaftLogWorker: flushIndex: setUnconditionally 0 -> -1
2023-04-10 17:22:25,439 [pool-122-thread-1] INFO  segmented.SegmentedRaftLogWorker (SegmentedRaftLogWorker.java:lambda$new$0(135)) - f70c5b51-abaf-4483-bcc0-ab3e40e5c626@group-F78A666F49B3-SegmentedRaftLogWorker: safeCacheEvictIndex: setUnconditionally 0 -> -1
2023-04-10 17:22:25,439 [Command processor thread] INFO  ratis.XceiverServerRatis (XceiverServerRatis.java:addGroup(806)) - Created group PipelineID=c81c0de1-3fb0-41e5-abc2-f78a666f49b3
2023-04-10 17:22:25,449 [pool-122-thread-1] INFO  server.RaftServer$Division (RaftServerImpl.java:start(334)) - f70c5b51-abaf-4483-bcc0-ab3e40e5c626@group-F78A666F49B3: start as a follower, conf=-1: peers:[f70c5b51-abaf-4483-bcc0-ab3e40e5c626|rpc:10.1.0.59:36093|dataStream:10.1.0.59:44995|priority:1|startupRole:FOLLOWER, cfa9660d-3e66-4e37-95dd-c01791520333|rpc:10.1.0.59:42355|dataStream:10.1.0.59:45915|priority:0|startupRole:FOLLOWER, cd4ac3e2-47ba-443c-8aa0-40ab251a0f4e|rpc:10.1.0.59:42823|dataStream:10.1.0.59:35537|priority:0|startupRole:FOLLOWER]|listeners:[], old=null
2023-04-10 17:22:25,449 [pool-122-thread-1] INFO  server.RaftServer$Division (RaftServerImpl.java:setRole(321)) - f70c5b51-abaf-4483-bcc0-ab3e40e5c626@group-F78A666F49B3: changes role from      null to FOLLOWER at term 0 for startAsFollower
2023-04-10 17:22:25,449 [pool-122-thread-1] INFO  impl.RoleInfo (RoleInfo.java:updateAndGet(139)) - f70c5b51-abaf-4483-bcc0-ab3e40e5c626: start f70c5b51-abaf-4483-bcc0-ab3e40e5c626@group-F78A666F49B3-FollowerState
2023-04-10 17:22:25,453 [pool-122-thread-1] INFO  util.JmxRegister (JmxRegister.java:tryRegister(44)) - Successfully registered JMX Bean with object name Ratis:service=RaftServer,group=group-F78A666F49B3,id=f70c5b51-abaf-4483-bcc0-ab3e40e5c626
2023-04-10 17:22:25,453 [pool-122-thread-1] INFO  server.RaftServerConfigKeys (ConfUtils.java:logGet(46)) - raft.server.snapshot.auto.trigger.enabled = true (custom)
2023-04-10 17:22:25,453 [pool-122-thread-1] INFO  server.RaftServerConfigKeys (ConfUtils.java:logGet(46)) - raft.server.snapshot.auto.trigger.threshold = 1 (custom)
2023-04-10 17:22:25,453 [pool-122-thread-1] INFO  server.RaftServerConfigKeys (ConfUtils.java:logGet(46)) - raft.server.snapshot.retention.file.num = 5 (custom)
2023-04-10 17:22:25,453 [pool-122-thread-1] INFO  server.RaftServerConfigKeys (ConfUtils.java:logGet(46)) - raft.server.log.purge.upto.snapshot.index = false (default)
2023-04-10 17:22:25,454 [f70c5b51-abaf-4483-bcc0-ab3e40e5c626@group-F78A666F49B3-FollowerState] INFO  server.RaftServerConfigKeys (ConfUtils.java:logFallback(53)) - raft.server.rpc.first-election.timeout.min = 5s (fallback to raft.server.rpc.timeout.min)
2023-04-10 17:22:25,459 [Command processor thread] INFO  ratis.XceiverServerRatis (XceiverServerRatis.java:addGroup(806)) - Created group PipelineID=c81c0de1-3fb0-41e5-abc2-f78a666f49b3
2023-04-10 17:22:25,472 [f70c5b51-abaf-4483-bcc0-ab3e40e5c626@group-F78A666F49B3-FollowerState] INFO  server.RaftServerConfigKeys (ConfUtils.java:logFallback(53)) - raft.server.rpc.first-election.timeout.max = 5200ms (fallback to raft.server.rpc.timeout.max)
2023-04-10 17:22:25,498 [Command processor thread] INFO  commandhandler.CreatePipelineCommandHandler (CreatePipelineCommandHandler.java:handle(113)) - Created Pipeline RATIS THREE PipelineID=c81c0de1-3fb0-41e5-abc2-f78a666f49b3.
2023-04-10 17:22:25,548 [Command processor thread] INFO  commandhandler.CreatePipelineCommandHandler (CreatePipelineCommandHandler.java:handle(113)) - Created Pipeline RATIS THREE PipelineID=c81c0de1-3fb0-41e5-abc2-f78a666f49b3.
2023-04-10 17:22:25,548 [EventQueue-OpenPipelineForHealthyPipelineSafeModeRule] INFO  safemode.SCMSafeModeManager (HealthyPipelineSafeModeRule.java:process(137)) - SCM in safe mode. Healthy pipelines reported count is 0, required healthy pipeline reported count is 1
2023-04-10 17:22:25,566 [Command processor thread] INFO  commandhandler.CreatePipelineCommandHandler (CreatePipelineCommandHandler.java:handle(113)) - Created Pipeline RATIS THREE PipelineID=c81c0de1-3fb0-41e5-abc2-f78a666f49b3.
2023-04-10 17:22:25,610 [EventQueue-OpenPipelineForHealthyPipelineSafeModeRule] INFO  safemode.SCMSafeModeManager (HealthyPipelineSafeModeRule.java:process(137)) - SCM in safe mode. Healthy pipelines reported count is 0, required healthy pipeline reported count is 1
2023-04-10 17:22:25,659 [Command processor thread] INFO  server.RaftServer (RaftServerProxy.java:addNew(96)) - 5409a7e1-30d0-4745-ac51-a822fb81fdf2: addNew group-AB45EF1D04E8:[5409a7e1-30d0-4745-ac51-a822fb81fdf2|rpc:10.1.0.59:44977|dataStream:10.1.0.59:46461|priority:1|startupRole:FOLLOWER] returns group-AB45EF1D04E8:java.util.concurrent.CompletableFuture@7cb369e5[Not completed]
2023-04-10 17:22:25,660 [pool-144-thread-1] INFO  server.RaftServer$Division (RaftServerImpl.java:<init>(195)) - 5409a7e1-30d0-4745-ac51-a822fb81fdf2: new RaftServerImpl for group-AB45EF1D04E8:[5409a7e1-30d0-4745-ac51-a822fb81fdf2|rpc:10.1.0.59:44977|dataStream:10.1.0.59:46461|priority:1|startupRole:FOLLOWER] with ContainerStateMachine:uninitialized
2023-04-10 17:22:25,660 [pool-144-thread-1] INFO  server.RaftServerConfigKeys (ConfUtils.java:logGet(46)) - raft.server.rpc.timeout.min = 5s (custom)
2023-04-10 17:22:25,660 [pool-144-thread-1] INFO  server.RaftServerConfigKeys (ConfUtils.java:logGet(46)) - raft.server.rpc.timeout.max = 5200ms (custom)
2023-04-10 17:22:25,660 [pool-144-thread-1] INFO  server.RaftServerConfigKeys (ConfUtils.java:logGet(46)) - raft.server.rpc.sleep.time = 25ms (default)
2023-04-10 17:22:25,660 [pool-144-thread-1] INFO  server.RaftServerConfigKeys (ConfUtils.java:logGet(46)) - raft.server.rpc.slowness.timeout = 300000ms (custom)
2023-04-10 17:22:25,660 [pool-144-thread-1] INFO  server.RaftServerConfigKeys (ConfUtils.java:logGet(46)) - raft.server.leaderelection.leader.step-down.wait-time = 10s (default)
2023-04-10 17:22:25,660 [pool-144-thread-1] INFO  server.RaftServerConfigKeys (ConfUtils.java:logGet(46)) - raft.server.sleep.deviation.threshold = 300ms (default)
2023-04-10 17:22:25,660 [pool-144-thread-1] INFO  server.RaftServer$Division (ServerState.java:<init>(118)) - 5409a7e1-30d0-4745-ac51-a822fb81fdf2@group-AB45EF1D04E8: ConfigurationManager, init=-1: peers:[5409a7e1-30d0-4745-ac51-a822fb81fdf2|rpc:10.1.0.59:44977|dataStream:10.1.0.59:46461|priority:1|startupRole:FOLLOWER]|listeners:[], old=null, confs=<EMPTY_MAP>
2023-04-10 17:22:25,660 [pool-144-thread-1] INFO  server.RaftServerConfigKeys (ConfUtils.java:logGet(46)) - raft.server.storage.dir = [/home/runner/work/ozone/ozone/hadoop-ozone/integration-test/target/test-dir/MiniOzoneClusterImpl-bd692c78-fb3a-4866-9e85-e2f4bd0dbf58/datanode-3/data/ratis] (custom)
2023-04-10 17:22:25,661 [pool-144-thread-1] INFO  server.RaftServerConfigKeys (ConfUtils.java:logGet(46)) - raft.server.log.corruption.policy = EXCEPTION (default)
2023-04-10 17:22:25,661 [pool-144-thread-1] INFO  server.RaftServerConfigKeys (ConfUtils.java:logGet(46)) - raft.server.storage.free-space.min = 0MB (=0) (default)
2023-04-10 17:22:25,661 [pool-144-thread-1] INFO  server.RaftServerConfigKeys (ConfUtils.java:logGet(46)) - raft.server.notification.no-leader.timeout = 300000ms (custom)
2023-04-10 17:22:25,661 [pool-144-thread-1] INFO  server.RaftServerConfigKeys (ConfUtils.java:logGet(46)) - raft.server.retrycache.expirytime = 600000ms (custom)
2023-04-10 17:22:25,661 [pool-144-thread-1] INFO  server.RaftServerConfigKeys (ConfUtils.java:logGet(46)) - raft.server.retrycache.statistics.expirytime = 100μs (default)
2023-04-10 17:22:25,664 [pool-144-thread-1] INFO  server.RaftServerConfigKeys (ConfUtils.java:logGet(46)) - raft.server.log.appender.install.snapshot.enabled = false (custom)
2023-04-10 17:22:25,664 [pool-144-thread-1] INFO  server.RaftServerConfigKeys (ConfUtils.java:logGet(46)) - raft.server.threadpool.server.cached = true (default)
2023-04-10 17:22:25,664 [pool-144-thread-1] INFO  server.RaftServerConfigKeys (ConfUtils.java:logGet(46)) - raft.server.threadpool.server.size = 0 (default)
2023-04-10 17:22:25,664 [pool-144-thread-1] INFO  server.RaftServerConfigKeys (ConfUtils.java:logGet(46)) - raft.server.threadpool.client.cached = true (default)
2023-04-10 17:22:25,664 [pool-144-thread-1] INFO  server.RaftServerConfigKeys (ConfUtils.java:logGet(46)) - raft.server.threadpool.client.size = 0 (default)
2023-04-10 17:22:25,664 [pool-144-thread-1] INFO  storage.RaftStorageDirectory (RaftStorageDirectoryImpl.java:analyzeStorage(137)) - The storage directory /home/runner/work/ozone/ozone/hadoop-ozone/integration-test/target/test-dir/MiniOzoneClusterImpl-bd692c78-fb3a-4866-9e85-e2f4bd0dbf58/datanode-3/data/ratis/55f4da44-67ed-45b6-9748-ab45ef1d04e8 does not exist. Creating ...
2023-04-10 17:22:25,665 [pool-144-thread-1] INFO  storage.RaftStorageDirectory (RaftStorageDirectoryImpl.java:tryLock(231)) - Lock on /home/runner/work/ozone/ozone/hadoop-ozone/integration-test/target/test-dir/MiniOzoneClusterImpl-bd692c78-fb3a-4866-9e85-e2f4bd0dbf58/datanode-3/data/ratis/55f4da44-67ed-45b6-9748-ab45ef1d04e8/in_use.lock acquired by nodename 68953@fv-az201-37
2023-04-10 17:22:25,666 [pool-144-thread-1] INFO  storage.RaftStorage (RaftStorageImpl.java:format(96)) - Storage directory /home/runner/work/ozone/ozone/hadoop-ozone/integration-test/target/test-dir/MiniOzoneClusterImpl-bd692c78-fb3a-4866-9e85-e2f4bd0dbf58/datanode-3/data/ratis/55f4da44-67ed-45b6-9748-ab45ef1d04e8 has been successfully formatted.
2023-04-10 17:22:25,667 [pool-144-thread-1] INFO  ratis.ContainerStateMachine (ContainerStateMachine.java:loadSnapshot(262)) - group-AB45EF1D04E8: The snapshot info is null. Setting the last applied indexto:(t:0, i:~)
2023-04-10 17:22:25,667 [pool-144-thread-1] INFO  server.RaftServerConfigKeys (ConfUtils.java:logGet(46)) - raft.server.log.use.memory = false (default)
2023-04-10 17:22:25,667 [pool-144-thread-1] INFO  server.RaftServerConfigKeys (ConfUtils.java:logGet(46)) - raft.server.log.purge.gap = 1000000 (custom)
2023-04-10 17:22:25,667 [pool-144-thread-1] INFO  server.RaftServerConfigKeys (ConfUtils.java:logGet(46)) - raft.server.log.appender.buffer.byte-limit = 33554432 (custom)
2023-04-10 17:22:25,667 [pool-144-thread-1] INFO  server.RaftServerConfigKeys (ConfUtils.java:logGet(46)) - raft.server.log.statemachine.data.read.timeout = 1000ms (default)
2023-04-10 17:22:25,667 [pool-144-thread-1] INFO  server.RaftServerConfigKeys (ConfUtils.java:logGet(46)) - raft.server.log.purge.preservation.log.num = 0 (default)
2023-04-10 17:22:25,668 [pool-144-thread-1] INFO  server.RaftServerConfigKeys (ConfUtils.java:logGet(46)) - raft.server.log.segment.size.max = 1048576 (custom)
2023-04-10 17:22:25,668 [EventQueue-PipelineReportForPipelineReportHandler] INFO  pipeline.PipelineManagerImpl (PipelineManagerImpl.java:openPipeline(367)) - Pipeline Pipeline[ Id: 55f4da44-67ed-45b6-9748-ab45ef1d04e8, Nodes: 5409a7e1-30d0-4745-ac51-a822fb81fdf2(fv-az201-37/10.1.0.59), ReplicationConfig: RATIS/ONE, State:ALLOCATED, leaderId:5409a7e1-30d0-4745-ac51-a822fb81fdf2, CreationTimestamp2023-04-10T17:22:22.666Z[Etc/UTC]] moved to OPEN state
2023-04-10 17:22:25,671 [EventQueue-OpenPipelineForHealthyPipelineSafeModeRule] INFO  safemode.SCMSafeModeManager (HealthyPipelineSafeModeRule.java:process(137)) - SCM in safe mode. Healthy pipelines reported count is 0, required healthy pipeline reported count is 1
2023-04-10 17:22:25,671 [pool-144-thread-1] INFO  server.RaftServerConfigKeys (ConfUtils.java:logGet(46)) - raft.server.log.segment.cache.num.max = 2 (custom)
2023-04-10 17:22:25,671 [pool-144-thread-1] INFO  server.RaftServerConfigKeys (ConfUtils.java:logGet(46)) - raft.server.log.segment.cache.size.max = 200MB (=209715200) (default)
2023-04-10 17:22:25,671 [pool-144-thread-1] INFO  segmented.SegmentedRaftLogWorker (SegmentedRaftLogWorker.java:<init>(189)) - new 5409a7e1-30d0-4745-ac51-a822fb81fdf2@group-AB45EF1D04E8-SegmentedRaftLogWorker for RaftStorageImpl:Storage Directory /home/runner/work/ozone/ozone/hadoop-ozone/integration-test/target/test-dir/MiniOzoneClusterImpl-bd692c78-fb3a-4866-9e85-e2f4bd0dbf58/datanode-3/data/ratis/55f4da44-67ed-45b6-9748-ab45ef1d04e8
2023-04-10 17:22:25,671 [pool-144-thread-1] INFO  server.RaftServerConfigKeys (ConfUtils.java:logGet(46)) - raft.server.log.queue.byte-limit = 4294967296 (custom)
2023-04-10 17:22:25,672 [pool-144-thread-1] INFO  server.RaftServerConfigKeys (ConfUtils.java:logGet(46)) - raft.server.log.queue.element-limit = 1024 (custom)
2023-04-10 17:22:25,672 [pool-144-thread-1] INFO  server.RaftServerConfigKeys (ConfUtils.java:logGet(46)) - raft.server.log.segment.size.max = 1048576 (custom)
2023-04-10 17:22:25,672 [pool-144-thread-1] INFO  server.RaftServerConfigKeys (ConfUtils.java:logGet(46)) - raft.server.log.preallocated.size = 16384 (custom)
2023-04-10 17:22:25,672 [pool-144-thread-1] INFO  server.RaftServerConfigKeys (ConfUtils.java:logGet(46)) - raft.server.log.force.sync.num = 128 (default)
2023-04-10 17:22:25,672 [pool-144-thread-1] INFO  server.RaftServerConfigKeys (ConfUtils.java:logGet(46)) - raft.server.log.statemachine.data.sync = true (default)
2023-04-10 17:22:25,672 [pool-144-thread-1] INFO  server.RaftServerConfigKeys (ConfUtils.java:logGet(46)) - raft.server.log.statemachine.data.sync.timeout = 10s (default)
2023-04-10 17:22:25,672 [pool-144-thread-1] INFO  server.RaftServerConfigKeys (ConfUtils.java:logGet(46)) - raft.server.log.statemachine.data.sync.timeout.retry = -1 (default)
2023-04-10 17:22:25,673 [pool-144-thread-1] INFO  server.RaftServerConfigKeys (ConfUtils.java:logGet(46)) - raft.server.log.write.buffer.size = 1048576 (custom)
2023-04-10 17:22:25,673 [pool-144-thread-1] INFO  server.RaftServerConfigKeys (ConfUtils.java:logGet(46)) - raft.server.log.appender.buffer.byte-limit = 33554432 (custom)
2023-04-10 17:22:25,678 [pool-144-thread-1] INFO  server.RaftServerConfigKeys (ConfUtils.java:logGet(46)) - raft.server.log.unsafe-flush.enabled = false (default)
2023-04-10 17:22:25,679 [pool-144-thread-1] INFO  server.RaftServerConfigKeys (ConfUtils.java:logGet(46)) - raft.server.log.async-flush.enabled = false (default)
2023-04-10 17:22:25,679 [pool-144-thread-1] INFO  server.RaftServerConfigKeys (ConfUtils.java:logGet(46)) - raft.server.log.statemachine.data.caching.enabled = true (custom)
2023-04-10 17:22:25,679 [pool-144-thread-1] INFO  segmented.SegmentedRaftLogWorker (SegmentedRaftLogWorker.java:lambda$new$0(135)) - 5409a7e1-30d0-4745-ac51-a822fb81fdf2@group-AB45EF1D04E8-SegmentedRaftLogWorker: flushIndex: setUnconditionally 0 -> -1
2023-04-10 17:22:25,679 [pool-144-thread-1] INFO  segmented.SegmentedRaftLogWorker (SegmentedRaftLogWorker.java:lambda$new$0(135)) - 5409a7e1-30d0-4745-ac51-a822fb81fdf2@group-AB45EF1D04E8-SegmentedRaftLogWorker: safeCacheEvictIndex: setUnconditionally 0 -> -1
2023-04-10 17:22:25,679 [pool-144-thread-1] INFO  server.RaftServer$Division (RaftServerImpl.java:start(334)) - 5409a7e1-30d0-4745-ac51-a822fb81fdf2@group-AB45EF1D04E8: start as a follower, conf=-1: peers:[5409a7e1-30d0-4745-ac51-a822fb81fdf2|rpc:10.1.0.59:44977|dataStream:10.1.0.59:46461|priority:1|startupRole:FOLLOWER]|listeners:[], old=null
2023-04-10 17:22:25,679 [pool-144-thread-1] INFO  server.RaftServer$Division (RaftServerImpl.java:setRole(321)) - 5409a7e1-30d0-4745-ac51-a822fb81fdf2@group-AB45EF1D04E8: changes role from      null to FOLLOWER at term 0 for startAsFollower
2023-04-10 17:22:25,679 [pool-144-thread-1] INFO  impl.RoleInfo (RoleInfo.java:updateAndGet(139)) - 5409a7e1-30d0-4745-ac51-a822fb81fdf2: start 5409a7e1-30d0-4745-ac51-a822fb81fdf2@group-AB45EF1D04E8-FollowerState
2023-04-10 17:22:25,681 [pool-144-thread-1] INFO  util.JmxRegister (JmxRegister.java:tryRegister(44)) - Successfully registered JMX Bean with object name Ratis:service=RaftServer,group=group-AB45EF1D04E8,id=5409a7e1-30d0-4745-ac51-a822fb81fdf2
2023-04-10 17:22:25,681 [pool-144-thread-1] INFO  server.RaftServerConfigKeys (ConfUtils.java:logGet(46)) - raft.server.snapshot.auto.trigger.enabled = true (custom)
2023-04-10 17:22:25,682 [5409a7e1-30d0-4745-ac51-a822fb81fdf2@group-AB45EF1D04E8-FollowerState] INFO  server.RaftServerConfigKeys (ConfUtils.java:logFallback(53)) - raft.server.rpc.first-election.timeout.min = 5s (fallback to raft.server.rpc.timeout.min)
2023-04-10 17:22:25,682 [5409a7e1-30d0-4745-ac51-a822fb81fdf2@group-AB45EF1D04E8-FollowerState] INFO  server.RaftServerConfigKeys (ConfUtils.java:logFallback(53)) - raft.server.rpc.first-election.timeout.max = 5200ms (fallback to raft.server.rpc.timeout.max)
2023-04-10 17:22:25,682 [pool-144-thread-1] INFO  server.RaftServerConfigKeys (ConfUtils.java:logGet(46)) - raft.server.snapshot.auto.trigger.threshold = 1 (custom)
2023-04-10 17:22:25,682 [pool-144-thread-1] INFO  server.RaftServerConfigKeys (ConfUtils.java:logGet(46)) - raft.server.snapshot.retention.file.num = 5 (custom)
2023-04-10 17:22:25,682 [pool-144-thread-1] INFO  server.RaftServerConfigKeys (ConfUtils.java:logGet(46)) - raft.server.log.purge.upto.snapshot.index = false (default)
2023-04-10 17:22:25,683 [Command processor thread] INFO  ratis.XceiverServerRatis (XceiverServerRatis.java:addGroup(806)) - Created group PipelineID=55f4da44-67ed-45b6-9748-ab45ef1d04e8
2023-04-10 17:22:25,683 [Command processor thread] INFO  commandhandler.CreatePipelineCommandHandler (CreatePipelineCommandHandler.java:handle(113)) - Created Pipeline RATIS ONE PipelineID=55f4da44-67ed-45b6-9748-ab45ef1d04e8.
2023-04-10 17:22:25,683 [Command processor thread] INFO  server.RaftServer (RaftServerProxy.java:addNew(96)) - 5409a7e1-30d0-4745-ac51-a822fb81fdf2: addNew group-3CB91A587584:[5409a7e1-30d0-4745-ac51-a822fb81fdf2|rpc:10.1.0.59:44977|dataStream:10.1.0.59:46461|priority:0|startupRole:FOLLOWER, a57f48d7-536d-4afe-bf9f-8dd3ac661106|rpc:10.1.0.59:46547|dataStream:10.1.0.59:36673|priority:1|startupRole:FOLLOWER, c97d6447-1a4d-4694-905e-ecb7e619760c|rpc:10.1.0.59:37075|dataStream:10.1.0.59:44001|priority:0|startupRole:FOLLOWER] returns group-3CB91A587584:java.util.concurrent.CompletableFuture@788cf2ab[Not completed]
2023-04-10 17:22:25,684 [pool-144-thread-1] INFO  server.RaftServer$Division (RaftServerImpl.java:<init>(195)) - 5409a7e1-30d0-4745-ac51-a822fb81fdf2: new RaftServerImpl for group-3CB91A587584:[5409a7e1-30d0-4745-ac51-a822fb81fdf2|rpc:10.1.0.59:44977|dataStream:10.1.0.59:46461|priority:0|startupRole:FOLLOWER, a57f48d7-536d-4afe-bf9f-8dd3ac661106|rpc:10.1.0.59:46547|dataStream:10.1.0.59:36673|priority:1|startupRole:FOLLOWER, c97d6447-1a4d-4694-905e-ecb7e619760c|rpc:10.1.0.59:37075|dataStream:10.1.0.59:44001|priority:0|startupRole:FOLLOWER] with ContainerStateMachine:uninitialized
2023-04-10 17:22:25,684 [pool-144-thread-1] INFO  server.RaftServerConfigKeys (ConfUtils.java:logGet(46)) - raft.server.rpc.timeout.min = 5s (custom)
2023-04-10 17:22:25,684 [pool-144-thread-1] INFO  server.RaftServerConfigKeys (ConfUtils.java:logGet(46)) - raft.server.rpc.timeout.max = 5200ms (custom)
2023-04-10 17:22:25,685 [pool-144-thread-1] INFO  server.RaftServerConfigKeys (ConfUtils.java:logGet(46)) - raft.server.rpc.sleep.time = 25ms (default)
2023-04-10 17:22:25,685 [pool-144-thread-1] INFO  server.RaftServerConfigKeys (ConfUtils.java:logGet(46)) - raft.server.rpc.slowness.timeout = 300000ms (custom)
2023-04-10 17:22:25,685 [pool-144-thread-1] INFO  server.RaftServerConfigKeys (ConfUtils.java:logGet(46)) - raft.server.leaderelection.leader.step-down.wait-time = 10s (default)
2023-04-10 17:22:25,685 [pool-144-thread-1] INFO  server.RaftServerConfigKeys (ConfUtils.java:logGet(46)) - raft.server.sleep.deviation.threshold = 300ms (default)
2023-04-10 17:22:25,685 [pool-144-thread-1] INFO  server.RaftServer$Division (ServerState.java:<init>(118)) - 5409a7e1-30d0-4745-ac51-a822fb81fdf2@group-3CB91A587584: ConfigurationManager, init=-1: peers:[5409a7e1-30d0-4745-ac51-a822fb81fdf2|rpc:10.1.0.59:44977|dataStream:10.1.0.59:46461|priority:0|startupRole:FOLLOWER, a57f48d7-536d-4afe-bf9f-8dd3ac661106|rpc:10.1.0.59:46547|dataStream:10.1.0.59:36673|priority:1|startupRole:FOLLOWER, c97d6447-1a4d-4694-905e-ecb7e619760c|rpc:10.1.0.59:37075|dataStream:10.1.0.59:44001|priority:0|startupRole:FOLLOWER]|listeners:[], old=null, confs=<EMPTY_MAP>
2023-04-10 17:22:25,685 [pool-144-thread-1] INFO  server.RaftServerConfigKeys (ConfUtils.java:logGet(46)) - raft.server.storage.dir = [/home/runner/work/ozone/ozone/hadoop-ozone/integration-test/target/test-dir/MiniOzoneClusterImpl-bd692c78-fb3a-4866-9e85-e2f4bd0dbf58/datanode-3/data/ratis] (custom)
2023-04-10 17:22:25,685 [pool-144-thread-1] INFO  server.RaftServerConfigKeys (ConfUtils.java:logGet(46)) - raft.server.log.corruption.policy = EXCEPTION (default)
2023-04-10 17:22:25,685 [pool-144-thread-1] INFO  server.RaftServerConfigKeys (ConfUtils.java:logGet(46)) - raft.server.storage.free-space.min = 0MB (=0) (default)
2023-04-10 17:22:25,685 [pool-144-thread-1] INFO  server.RaftServerConfigKeys (ConfUtils.java:logGet(46)) - raft.server.notification.no-leader.timeout = 300000ms (custom)
2023-04-10 17:22:25,685 [pool-144-thread-1] INFO  server.RaftServerConfigKeys (ConfUtils.java:logGet(46)) - raft.server.retrycache.expirytime = 600000ms (custom)
2023-04-10 17:22:25,685 [pool-144-thread-1] INFO  server.RaftServerConfigKeys (ConfUtils.java:logGet(46)) - raft.server.retrycache.statistics.expirytime = 100μs (default)
2023-04-10 17:22:25,686 [pool-144-thread-1] INFO  server.RaftServerConfigKeys (ConfUtils.java:logGet(46)) - raft.server.log.appender.install.snapshot.enabled = false (custom)
2023-04-10 17:22:25,686 [pool-144-thread-1] INFO  server.RaftServerConfigKeys (ConfUtils.java:logGet(46)) - raft.server.threadpool.server.cached = true (default)
2023-04-10 17:22:25,686 [pool-144-thread-1] INFO  server.RaftServerConfigKeys (ConfUtils.java:logGet(46)) - raft.server.threadpool.server.size = 0 (default)
2023-04-10 17:22:25,686 [pool-144-thread-1] INFO  server.RaftServerConfigKeys (ConfUtils.java:logGet(46)) - raft.server.threadpool.client.cached = true (default)
2023-04-10 17:22:25,686 [pool-144-thread-1] INFO  server.RaftServerConfigKeys (ConfUtils.java:logGet(46)) - raft.server.threadpool.client.size = 0 (default)
2023-04-10 17:22:25,686 [pool-144-thread-1] INFO  storage.RaftStorageDirectory (RaftStorageDirectoryImpl.java:analyzeStorage(137)) - The storage directory /home/runner/work/ozone/ozone/hadoop-ozone/integration-test/target/test-dir/MiniOzoneClusterImpl-bd692c78-fb3a-4866-9e85-e2f4bd0dbf58/datanode-3/data/ratis/990e4f28-966a-46e3-98b5-3cb91a587584 does not exist. Creating ...
2023-04-10 17:22:25,687 [pool-144-thread-1] INFO  storage.RaftStorageDirectory (RaftStorageDirectoryImpl.java:tryLock(231)) - Lock on /home/runner/work/ozone/ozone/hadoop-ozone/integration-test/target/test-dir/MiniOzoneClusterImpl-bd692c78-fb3a-4866-9e85-e2f4bd0dbf58/datanode-3/data/ratis/990e4f28-966a-46e3-98b5-3cb91a587584/in_use.lock acquired by nodename 68953@fv-az201-37
2023-04-10 17:22:25,689 [pool-144-thread-1] INFO  storage.RaftStorage (RaftStorageImpl.java:format(96)) - Storage directory /home/runner/work/ozone/ozone/hadoop-ozone/integration-test/target/test-dir/MiniOzoneClusterImpl-bd692c78-fb3a-4866-9e85-e2f4bd0dbf58/datanode-3/data/ratis/990e4f28-966a-46e3-98b5-3cb91a587584 has been successfully formatted.
2023-04-10 17:22:25,690 [pool-144-thread-1] INFO  ratis.ContainerStateMachine (ContainerStateMachine.java:loadSnapshot(262)) - group-3CB91A587584: The snapshot info is null. Setting the last applied indexto:(t:0, i:~)
2023-04-10 17:22:25,690 [pool-144-thread-1] INFO  server.RaftServerConfigKeys (ConfUtils.java:logGet(46)) - raft.server.log.use.memory = false (default)
2023-04-10 17:22:25,690 [pool-144-thread-1] INFO  server.RaftServerConfigKeys (ConfUtils.java:logGet(46)) - raft.server.log.purge.gap = 1000000 (custom)
2023-04-10 17:22:25,690 [pool-144-thread-1] INFO  server.RaftServerConfigKeys (ConfUtils.java:logGet(46)) - raft.server.log.appender.buffer.byte-limit = 33554432 (custom)
2023-04-10 17:22:25,690 [pool-144-thread-1] INFO  server.RaftServerConfigKeys (ConfUtils.java:logGet(46)) - raft.server.log.statemachine.data.read.timeout = 1000ms (default)
2023-04-10 17:22:25,690 [pool-144-thread-1] INFO  server.RaftServerConfigKeys (ConfUtils.java:logGet(46)) - raft.server.log.purge.preservation.log.num = 0 (default)
2023-04-10 17:22:25,690 [pool-144-thread-1] INFO  server.RaftServerConfigKeys (ConfUtils.java:logGet(46)) - raft.server.log.segment.size.max = 1048576 (custom)
2023-04-10 17:22:25,691 [EventQueue-OpenPipelineForHealthyPipelineSafeModeRule] INFO  safemode.SCMSafeModeManager (HealthyPipelineSafeModeRule.java:process(137)) - SCM in safe mode. Healthy pipelines reported count is 0, required healthy pipeline reported count is 1
2023-04-10 17:22:25,693 [pool-144-thread-1] INFO  server.RaftServerConfigKeys (ConfUtils.java:logGet(46)) - raft.server.log.segment.cache.num.max = 2 (custom)
2023-04-10 17:22:25,693 [pool-144-thread-1] INFO  server.RaftServerConfigKeys (ConfUtils.java:logGet(46)) - raft.server.log.segment.cache.size.max = 200MB (=209715200) (default)
2023-04-10 17:22:25,693 [pool-144-thread-1] INFO  segmented.SegmentedRaftLogWorker (SegmentedRaftLogWorker.java:<init>(189)) - new 5409a7e1-30d0-4745-ac51-a822fb81fdf2@group-3CB91A587584-SegmentedRaftLogWorker for RaftStorageImpl:Storage Directory /home/runner/work/ozone/ozone/hadoop-ozone/integration-test/target/test-dir/MiniOzoneClusterImpl-bd692c78-fb3a-4866-9e85-e2f4bd0dbf58/datanode-3/data/ratis/990e4f28-966a-46e3-98b5-3cb91a587584
2023-04-10 17:22:25,693 [pool-144-thread-1] INFO  server.RaftServerConfigKeys (ConfUtils.java:logGet(46)) - raft.server.log.queue.byte-limit = 4294967296 (custom)
2023-04-10 17:22:25,693 [pool-144-thread-1] INFO  server.RaftServerConfigKeys (ConfUtils.java:logGet(46)) - raft.server.log.queue.element-limit = 1024 (custom)
2023-04-10 17:22:25,693 [pool-144-thread-1] INFO  server.RaftServerConfigKeys (ConfUtils.java:logGet(46)) - raft.server.log.segment.size.max = 1048576 (custom)
2023-04-10 17:22:25,693 [pool-144-thread-1] INFO  server.RaftServerConfigKeys (ConfUtils.java:logGet(46)) - raft.server.log.preallocated.size = 16384 (custom)
2023-04-10 17:22:25,693 [pool-144-thread-1] INFO  server.RaftServerConfigKeys (ConfUtils.java:logGet(46)) - raft.server.log.force.sync.num = 128 (default)
2023-04-10 17:22:25,693 [pool-144-thread-1] INFO  server.RaftServerConfigKeys (ConfUtils.java:logGet(46)) - raft.server.log.statemachine.data.sync = true (default)
2023-04-10 17:22:25,693 [pool-144-thread-1] INFO  server.RaftServerConfigKeys (ConfUtils.java:logGet(46)) - raft.server.log.statemachine.data.sync.timeout = 10s (default)
2023-04-10 17:22:25,694 [pool-144-thread-1] INFO  server.RaftServerConfigKeys (ConfUtils.java:logGet(46)) - raft.server.log.statemachine.data.sync.timeout.retry = -1 (default)
2023-04-10 17:22:25,694 [pool-144-thread-1] INFO  server.RaftServerConfigKeys (ConfUtils.java:logGet(46)) - raft.server.log.write.buffer.size = 1048576 (custom)
2023-04-10 17:22:25,695 [pool-144-thread-1] INFO  server.RaftServerConfigKeys (ConfUtils.java:logGet(46)) - raft.server.log.appender.buffer.byte-limit = 33554432 (custom)
2023-04-10 17:22:25,700 [pool-144-thread-1] INFO  server.RaftServerConfigKeys (ConfUtils.java:logGet(46)) - raft.server.log.unsafe-flush.enabled = false (default)
2023-04-10 17:22:25,700 [pool-144-thread-1] INFO  server.RaftServerConfigKeys (ConfUtils.java:logGet(46)) - raft.server.log.async-flush.enabled = false (default)
2023-04-10 17:22:25,700 [pool-144-thread-1] INFO  server.RaftServerConfigKeys (ConfUtils.java:logGet(46)) - raft.server.log.statemachine.data.caching.enabled = true (custom)
2023-04-10 17:22:25,700 [pool-144-thread-1] INFO  segmented.SegmentedRaftLogWorker (SegmentedRaftLogWorker.java:lambda$new$0(135)) - 5409a7e1-30d0-4745-ac51-a822fb81fdf2@group-3CB91A587584-SegmentedRaftLogWorker: flushIndex: setUnconditionally 0 -> -1
2023-04-10 17:22:25,700 [pool-144-thread-1] INFO  segmented.SegmentedRaftLogWorker (SegmentedRaftLogWorker.java:lambda$new$0(135)) - 5409a7e1-30d0-4745-ac51-a822fb81fdf2@group-3CB91A587584-SegmentedRaftLogWorker: safeCacheEvictIndex: setUnconditionally 0 -> -1
2023-04-10 17:22:25,701 [pool-144-thread-1] INFO  server.RaftServer$Division (RaftServerImpl.java:start(334)) - 5409a7e1-30d0-4745-ac51-a822fb81fdf2@group-3CB91A587584: start as a follower, conf=-1: peers:[5409a7e1-30d0-4745-ac51-a822fb81fdf2|rpc:10.1.0.59:44977|dataStream:10.1.0.59:46461|priority:0|startupRole:FOLLOWER, a57f48d7-536d-4afe-bf9f-8dd3ac661106|rpc:10.1.0.59:46547|dataStream:10.1.0.59:36673|priority:1|startupRole:FOLLOWER, c97d6447-1a4d-4694-905e-ecb7e619760c|rpc:10.1.0.59:37075|dataStream:10.1.0.59:44001|priority:0|startupRole:FOLLOWER]|listeners:[], old=null
2023-04-10 17:22:25,701 [pool-144-thread-1] INFO  server.RaftServer$Division (RaftServerImpl.java:setRole(321)) - 5409a7e1-30d0-4745-ac51-a822fb81fdf2@group-3CB91A587584: changes role from      null to FOLLOWER at term 0 for startAsFollower
2023-04-10 17:22:25,701 [pool-144-thread-1] INFO  impl.RoleInfo (RoleInfo.java:updateAndGet(139)) - 5409a7e1-30d0-4745-ac51-a822fb81fdf2: start 5409a7e1-30d0-4745-ac51-a822fb81fdf2@group-3CB91A587584-FollowerState
2023-04-10 17:22:25,701 [pool-144-thread-1] INFO  util.JmxRegister (JmxRegister.java:tryRegister(44)) - Successfully registered JMX Bean with object name Ratis:service=RaftServer,group=group-3CB91A587584,id=5409a7e1-30d0-4745-ac51-a822fb81fdf2
2023-04-10 17:22:25,701 [pool-144-thread-1] INFO  server.RaftServerConfigKeys (ConfUtils.java:logGet(46)) - raft.server.snapshot.auto.trigger.enabled = true (custom)
2023-04-10 17:22:25,702 [pool-144-thread-1] INFO  server.RaftServerConfigKeys (ConfUtils.java:logGet(46)) - raft.server.snapshot.auto.trigger.threshold = 1 (custom)
2023-04-10 17:22:25,702 [pool-144-thread-1] INFO  server.RaftServerConfigKeys (ConfUtils.java:logGet(46)) - raft.server.snapshot.retention.file.num = 5 (custom)
2023-04-10 17:22:25,702 [pool-144-thread-1] INFO  server.RaftServerConfigKeys (ConfUtils.java:logGet(46)) - raft.server.log.purge.upto.snapshot.index = false (default)
2023-04-10 17:22:25,702 [5409a7e1-30d0-4745-ac51-a822fb81fdf2@group-3CB91A587584-FollowerState] INFO  server.RaftServerConfigKeys (ConfUtils.java:logFallback(53)) - raft.server.rpc.first-election.timeout.min = 5s (fallback to raft.server.rpc.timeout.min)
2023-04-10 17:22:25,702 [Command processor thread] INFO  ratis.XceiverServerRatis (XceiverServerRatis.java:addGroup(806)) - Created group PipelineID=990e4f28-966a-46e3-98b5-3cb91a587584
2023-04-10 17:22:25,715 [5409a7e1-30d0-4745-ac51-a822fb81fdf2@group-3CB91A587584-FollowerState] INFO  server.RaftServerConfigKeys (ConfUtils.java:logFallback(53)) - raft.server.rpc.first-election.timeout.max = 5200ms (fallback to raft.server.rpc.timeout.max)
2023-04-10 17:22:25,730 [grpc-default-executor-1] INFO  server.RaftServer (RaftServerProxy.java:addNew(96)) - a57f48d7-536d-4afe-bf9f-8dd3ac661106: addNew group-3CB91A587584:[5409a7e1-30d0-4745-ac51-a822fb81fdf2|rpc:10.1.0.59:44977|dataStream:10.1.0.59:46461|priority:0|startupRole:FOLLOWER, a57f48d7-536d-4afe-bf9f-8dd3ac661106|rpc:10.1.0.59:46547|dataStream:10.1.0.59:36673|priority:1|startupRole:FOLLOWER, c97d6447-1a4d-4694-905e-ecb7e619760c|rpc:10.1.0.59:37075|dataStream:10.1.0.59:44001|priority:0|startupRole:FOLLOWER] returns group-3CB91A587584:java.util.concurrent.CompletableFuture@4b209827[Not completed]
2023-04-10 17:22:25,731 [pool-188-thread-1] INFO  server.RaftServer$Division (RaftServerImpl.java:<init>(195)) - a57f48d7-536d-4afe-bf9f-8dd3ac661106: new RaftServerImpl for group-3CB91A587584:[5409a7e1-30d0-4745-ac51-a822fb81fdf2|rpc:10.1.0.59:44977|dataStream:10.1.0.59:46461|priority:0|startupRole:FOLLOWER, a57f48d7-536d-4afe-bf9f-8dd3ac661106|rpc:10.1.0.59:46547|dataStream:10.1.0.59:36673|priority:1|startupRole:FOLLOWER, c97d6447-1a4d-4694-905e-ecb7e619760c|rpc:10.1.0.59:37075|dataStream:10.1.0.59:44001|priority:0|startupRole:FOLLOWER] with ContainerStateMachine:uninitialized
2023-04-10 17:22:25,731 [pool-188-thread-1] INFO  server.RaftServerConfigKeys (ConfUtils.java:logGet(46)) - raft.server.rpc.timeout.min = 5s (custom)
2023-04-10 17:22:25,731 [pool-188-thread-1] INFO  server.RaftServerConfigKeys (ConfUtils.java:logGet(46)) - raft.server.rpc.timeout.max = 5200ms (custom)
2023-04-10 17:22:25,731 [pool-188-thread-1] INFO  server.RaftServerConfigKeys (ConfUtils.java:logGet(46)) - raft.server.rpc.sleep.time = 25ms (default)
2023-04-10 17:22:25,731 [pool-188-thread-1] INFO  server.RaftServerConfigKeys (ConfUtils.java:logGet(46)) - raft.server.rpc.slowness.timeout = 300000ms (custom)
2023-04-10 17:22:25,731 [pool-188-thread-1] INFO  server.RaftServerConfigKeys (ConfUtils.java:logGet(46)) - raft.server.leaderelection.leader.step-down.wait-time = 10s (default)
2023-04-10 17:22:25,731 [pool-188-thread-1] INFO  server.RaftServerConfigKeys (ConfUtils.java:logGet(46)) - raft.server.sleep.deviation.threshold = 300ms (default)
2023-04-10 17:22:25,731 [pool-188-thread-1] INFO  server.RaftServer$Division (ServerState.java:<init>(118)) - a57f48d7-536d-4afe-bf9f-8dd3ac661106@group-3CB91A587584: ConfigurationManager, init=-1: peers:[5409a7e1-30d0-4745-ac51-a822fb81fdf2|rpc:10.1.0.59:44977|dataStream:10.1.0.59:46461|priority:0|startupRole:FOLLOWER, a57f48d7-536d-4afe-bf9f-8dd3ac661106|rpc:10.1.0.59:46547|dataStream:10.1.0.59:36673|priority:1|startupRole:FOLLOWER, c97d6447-1a4d-4694-905e-ecb7e619760c|rpc:10.1.0.59:37075|dataStream:10.1.0.59:44001|priority:0|startupRole:FOLLOWER]|listeners:[], old=null, confs=<EMPTY_MAP>
2023-04-10 17:22:25,731 [pool-188-thread-1] INFO  server.RaftServerConfigKeys (ConfUtils.java:logGet(46)) - raft.server.storage.dir = [/home/runner/work/ozone/ozone/hadoop-ozone/integration-test/target/test-dir/MiniOzoneClusterImpl-bd692c78-fb3a-4866-9e85-e2f4bd0dbf58/datanode-5/data/ratis] (custom)
2023-04-10 17:22:25,732 [pool-188-thread-1] INFO  server.RaftServerConfigKeys (ConfUtils.java:logGet(46)) - raft.server.log.corruption.policy = EXCEPTION (default)
2023-04-10 17:22:25,732 [pool-188-thread-1] INFO  server.RaftServerConfigKeys (ConfUtils.java:logGet(46)) - raft.server.storage.free-space.min = 0MB (=0) (default)
2023-04-10 17:22:25,734 [pool-188-thread-1] INFO  server.RaftServerConfigKeys (ConfUtils.java:logGet(46)) - raft.server.notification.no-leader.timeout = 300000ms (custom)
2023-04-10 17:22:25,734 [pool-188-thread-1] INFO  server.RaftServerConfigKeys (ConfUtils.java:logGet(46)) - raft.server.retrycache.expirytime = 600000ms (custom)
2023-04-10 17:22:25,734 [pool-188-thread-1] INFO  server.RaftServerConfigKeys (ConfUtils.java:logGet(46)) - raft.server.retrycache.statistics.expirytime = 100μs (default)
2023-04-10 17:22:25,742 [pool-188-thread-1] INFO  server.RaftServerConfigKeys (ConfUtils.java:logGet(46)) - raft.server.log.appender.install.snapshot.enabled = false (custom)
2023-04-10 17:22:25,742 [pool-188-thread-1] INFO  server.RaftServerConfigKeys (ConfUtils.java:logGet(46)) - raft.server.threadpool.server.cached = true (default)
2023-04-10 17:22:25,742 [pool-188-thread-1] INFO  server.RaftServerConfigKeys (ConfUtils.java:logGet(46)) - raft.server.threadpool.server.size = 0 (default)
2023-04-10 17:22:25,742 [pool-188-thread-1] INFO  server.RaftServerConfigKeys (ConfUtils.java:logGet(46)) - raft.server.threadpool.client.cached = true (default)
2023-04-10 17:22:25,742 [pool-188-thread-1] INFO  server.RaftServerConfigKeys (ConfUtils.java:logGet(46)) - raft.server.threadpool.client.size = 0 (default)
2023-04-10 17:22:25,742 [pool-188-thread-1] INFO  storage.RaftStorageDirectory (RaftStorageDirectoryImpl.java:analyzeStorage(137)) - The storage directory /home/runner/work/ozone/ozone/hadoop-ozone/integration-test/target/test-dir/MiniOzoneClusterImpl-bd692c78-fb3a-4866-9e85-e2f4bd0dbf58/datanode-5/data/ratis/990e4f28-966a-46e3-98b5-3cb91a587584 does not exist. Creating ...
2023-04-10 17:22:25,744 [pool-188-thread-1] INFO  storage.RaftStorageDirectory (RaftStorageDirectoryImpl.java:tryLock(231)) - Lock on /home/runner/work/ozone/ozone/hadoop-ozone/integration-test/target/test-dir/MiniOzoneClusterImpl-bd692c78-fb3a-4866-9e85-e2f4bd0dbf58/datanode-5/data/ratis/990e4f28-966a-46e3-98b5-3cb91a587584/in_use.lock acquired by nodename 68953@fv-az201-37
2023-04-10 17:22:25,745 [pool-188-thread-1] INFO  storage.RaftStorage (RaftStorageImpl.java:format(96)) - Storage directory /home/runner/work/ozone/ozone/hadoop-ozone/integration-test/target/test-dir/MiniOzoneClusterImpl-bd692c78-fb3a-4866-9e85-e2f4bd0dbf58/datanode-5/data/ratis/990e4f28-966a-46e3-98b5-3cb91a587584 has been successfully formatted.
2023-04-10 17:22:25,745 [pool-188-thread-1] INFO  ratis.ContainerStateMachine (ContainerStateMachine.java:loadSnapshot(262)) - group-3CB91A587584: The snapshot info is null. Setting the last applied indexto:(t:0, i:~)
2023-04-10 17:22:25,745 [pool-188-thread-1] INFO  server.RaftServerConfigKeys (ConfUtils.java:logGet(46)) - raft.server.log.use.memory = false (default)
2023-04-10 17:22:25,746 [pool-188-thread-1] INFO  server.RaftServerConfigKeys (ConfUtils.java:logGet(46)) - raft.server.log.purge.gap = 1000000 (custom)
2023-04-10 17:22:25,746 [pool-188-thread-1] INFO  server.RaftServerConfigKeys (ConfUtils.java:logGet(46)) - raft.server.log.appender.buffer.byte-limit = 33554432 (custom)
2023-04-10 17:22:25,746 [pool-188-thread-1] INFO  server.RaftServerConfigKeys (ConfUtils.java:logGet(46)) - raft.server.log.statemachine.data.read.timeout = 1000ms (default)
2023-04-10 17:22:25,746 [pool-188-thread-1] INFO  server.RaftServerConfigKeys (ConfUtils.java:logGet(46)) - raft.server.log.purge.preservation.log.num = 0 (default)
2023-04-10 17:22:25,747 [pool-188-thread-1] INFO  server.RaftServerConfigKeys (ConfUtils.java:logGet(46)) - raft.server.log.segment.size.max = 1048576 (custom)
2023-04-10 17:22:25,747 [pool-188-thread-1] INFO  server.RaftServerConfigKeys (ConfUtils.java:logGet(46)) - raft.server.log.segment.cache.num.max = 2 (custom)
2023-04-10 17:22:25,749 [pool-188-thread-1] INFO  server.RaftServerConfigKeys (ConfUtils.java:logGet(46)) - raft.server.log.segment.cache.size.max = 200MB (=209715200) (default)
2023-04-10 17:22:25,749 [pool-188-thread-1] INFO  segmented.SegmentedRaftLogWorker (SegmentedRaftLogWorker.java:<init>(189)) - new a57f48d7-536d-4afe-bf9f-8dd3ac661106@group-3CB91A587584-SegmentedRaftLogWorker for RaftStorageImpl:Storage Directory /home/runner/work/ozone/ozone/hadoop-ozone/integration-test/target/test-dir/MiniOzoneClusterImpl-bd692c78-fb3a-4866-9e85-e2f4bd0dbf58/datanode-5/data/ratis/990e4f28-966a-46e3-98b5-3cb91a587584
2023-04-10 17:22:25,749 [pool-188-thread-1] INFO  server.RaftServerConfigKeys (ConfUtils.java:logGet(46)) - raft.server.log.queue.byte-limit = 4294967296 (custom)
2023-04-10 17:22:25,749 [pool-188-thread-1] INFO  server.RaftServerConfigKeys (ConfUtils.java:logGet(46)) - raft.server.log.queue.element-limit = 1024 (custom)
2023-04-10 17:22:25,749 [pool-188-thread-1] INFO  server.RaftServerConfigKeys (ConfUtils.java:logGet(46)) - raft.server.log.segment.size.max = 1048576 (custom)
2023-04-10 17:22:25,750 [pool-188-thread-1] INFO  server.RaftServerConfigKeys (ConfUtils.java:logGet(46)) - raft.server.log.preallocated.size = 16384 (custom)
2023-04-10 17:22:25,750 [pool-188-thread-1] INFO  server.RaftServerConfigKeys (ConfUtils.java:logGet(46)) - raft.server.log.force.sync.num = 128 (default)
2023-04-10 17:22:25,750 [pool-188-thread-1] INFO  server.RaftServerConfigKeys (ConfUtils.java:logGet(46)) - raft.server.log.statemachine.data.sync = true (default)
2023-04-10 17:22:25,750 [pool-188-thread-1] INFO  server.RaftServerConfigKeys (ConfUtils.java:logGet(46)) - raft.server.log.statemachine.data.sync.timeout = 10s (default)
2023-04-10 17:22:25,750 [pool-188-thread-1] INFO  server.RaftServerConfigKeys (ConfUtils.java:logGet(46)) - raft.server.log.statemachine.data.sync.timeout.retry = -1 (default)
2023-04-10 17:22:25,751 [pool-188-thread-1] INFO  server.RaftServerConfigKeys (ConfUtils.java:logGet(46)) - raft.server.log.write.buffer.size = 1048576 (custom)
2023-04-10 17:22:25,751 [pool-188-thread-1] INFO  server.RaftServerConfigKeys (ConfUtils.java:logGet(46)) - raft.server.log.appender.buffer.byte-limit = 33554432 (custom)
2023-04-10 17:22:25,759 [pool-188-thread-1] INFO  server.RaftServerConfigKeys (ConfUtils.java:logGet(46)) - raft.server.log.unsafe-flush.enabled = false (default)
2023-04-10 17:22:25,759 [pool-188-thread-1] INFO  server.RaftServerConfigKeys (ConfUtils.java:logGet(46)) - raft.server.log.async-flush.enabled = false (default)
2023-04-10 17:22:25,759 [pool-188-thread-1] INFO  server.RaftServerConfigKeys (ConfUtils.java:logGet(46)) - raft.server.log.statemachine.data.caching.enabled = true (custom)
2023-04-10 17:22:25,759 [pool-188-thread-1] INFO  segmented.SegmentedRaftLogWorker (SegmentedRaftLogWorker.java:lambda$new$0(135)) - a57f48d7-536d-4afe-bf9f-8dd3ac661106@group-3CB91A587584-SegmentedRaftLogWorker: flushIndex: setUnconditionally 0 -> -1
2023-04-10 17:22:25,759 [pool-188-thread-1] INFO  segmented.SegmentedRaftLogWorker (SegmentedRaftLogWorker.java:lambda$new$0(135)) - a57f48d7-536d-4afe-bf9f-8dd3ac661106@group-3CB91A587584-SegmentedRaftLogWorker: safeCacheEvictIndex: setUnconditionally 0 -> -1
2023-04-10 17:22:25,760 [pool-188-thread-1] INFO  server.RaftServer$Division (RaftServerImpl.java:start(334)) - a57f48d7-536d-4afe-bf9f-8dd3ac661106@group-3CB91A587584: start as a follower, conf=-1: peers:[5409a7e1-30d0-4745-ac51-a822fb81fdf2|rpc:10.1.0.59:44977|dataStream:10.1.0.59:46461|priority:0|startupRole:FOLLOWER, a57f48d7-536d-4afe-bf9f-8dd3ac661106|rpc:10.1.0.59:46547|dataStream:10.1.0.59:36673|priority:1|startupRole:FOLLOWER, c97d6447-1a4d-4694-905e-ecb7e619760c|rpc:10.1.0.59:37075|dataStream:10.1.0.59:44001|priority:0|startupRole:FOLLOWER]|listeners:[], old=null
2023-04-10 17:22:25,760 [pool-188-thread-1] INFO  server.RaftServer$Division (RaftServerImpl.java:setRole(321)) - a57f48d7-536d-4afe-bf9f-8dd3ac661106@group-3CB91A587584: changes role from      null to FOLLOWER at term 0 for startAsFollower
2023-04-10 17:22:25,760 [pool-188-thread-1] INFO  impl.RoleInfo (RoleInfo.java:updateAndGet(139)) - a57f48d7-536d-4afe-bf9f-8dd3ac661106: start a57f48d7-536d-4afe-bf9f-8dd3ac661106@group-3CB91A587584-FollowerState
2023-04-10 17:22:25,762 [pool-188-thread-1] INFO  util.JmxRegister (JmxRegister.java:tryRegister(44)) - Successfully registered JMX Bean with object name Ratis:service=RaftServer,group=group-3CB91A587584,id=a57f48d7-536d-4afe-bf9f-8dd3ac661106
2023-04-10 17:22:25,763 [pool-188-thread-1] INFO  server.RaftServerConfigKeys (ConfUtils.java:logGet(46)) - raft.server.snapshot.auto.trigger.enabled = true (custom)
2023-04-10 17:22:25,763 [pool-188-thread-1] INFO  server.RaftServerConfigKeys (ConfUtils.java:logGet(46)) - raft.server.snapshot.auto.trigger.threshold = 1 (custom)
2023-04-10 17:22:25,763 [pool-188-thread-1] INFO  server.RaftServerConfigKeys (ConfUtils.java:logGet(46)) - raft.server.snapshot.retention.file.num = 5 (custom)
2023-04-10 17:22:25,763 [pool-188-thread-1] INFO  server.RaftServerConfigKeys (ConfUtils.java:logGet(46)) - raft.server.log.purge.upto.snapshot.index = false (default)
2023-04-10 17:22:25,764 [a57f48d7-536d-4afe-bf9f-8dd3ac661106@group-3CB91A587584-FollowerState] INFO  server.RaftServerConfigKeys (ConfUtils.java:logFallback(53)) - raft.server.rpc.first-election.timeout.min = 5s (fallback to raft.server.rpc.timeout.min)
2023-04-10 17:22:25,772 [a57f48d7-536d-4afe-bf9f-8dd3ac661106@group-3CB91A587584-FollowerState] INFO  server.RaftServerConfigKeys (ConfUtils.java:logFallback(53)) - raft.server.rpc.first-election.timeout.max = 5200ms (fallback to raft.server.rpc.timeout.max)
2023-04-10 17:22:25,800 [grpc-default-executor-1] INFO  server.RaftServer (RaftServerProxy.java:addNew(96)) - c97d6447-1a4d-4694-905e-ecb7e619760c: addNew group-3CB91A587584:[5409a7e1-30d0-4745-ac51-a822fb81fdf2|rpc:10.1.0.59:44977|dataStream:10.1.0.59:46461|priority:0|startupRole:FOLLOWER, a57f48d7-536d-4afe-bf9f-8dd3ac661106|rpc:10.1.0.59:46547|dataStream:10.1.0.59:36673|priority:1|startupRole:FOLLOWER, c97d6447-1a4d-4694-905e-ecb7e619760c|rpc:10.1.0.59:37075|dataStream:10.1.0.59:44001|priority:0|startupRole:FOLLOWER] returns group-3CB91A587584:java.util.concurrent.CompletableFuture@12c34b54[Not completed]
2023-04-10 17:22:25,801 [pool-166-thread-1] INFO  server.RaftServer$Division (RaftServerImpl.java:<init>(195)) - c97d6447-1a4d-4694-905e-ecb7e619760c: new RaftServerImpl for group-3CB91A587584:[5409a7e1-30d0-4745-ac51-a822fb81fdf2|rpc:10.1.0.59:44977|dataStream:10.1.0.59:46461|priority:0|startupRole:FOLLOWER, a57f48d7-536d-4afe-bf9f-8dd3ac661106|rpc:10.1.0.59:46547|dataStream:10.1.0.59:36673|priority:1|startupRole:FOLLOWER, c97d6447-1a4d-4694-905e-ecb7e619760c|rpc:10.1.0.59:37075|dataStream:10.1.0.59:44001|priority:0|startupRole:FOLLOWER] with ContainerStateMachine:uninitialized
2023-04-10 17:22:25,802 [pool-166-thread-1] INFO  server.RaftServerConfigKeys (ConfUtils.java:logGet(46)) - raft.server.rpc.timeout.min = 5s (custom)
2023-04-10 17:22:25,802 [pool-166-thread-1] INFO  server.RaftServerConfigKeys (ConfUtils.java:logGet(46)) - raft.server.rpc.timeout.max = 5200ms (custom)
2023-04-10 17:22:25,802 [pool-166-thread-1] INFO  server.RaftServerConfigKeys (ConfUtils.java:logGet(46)) - raft.server.rpc.sleep.time = 25ms (default)
2023-04-10 17:22:25,802 [pool-166-thread-1] INFO  server.RaftServerConfigKeys (ConfUtils.java:logGet(46)) - raft.server.rpc.slowness.timeout = 300000ms (custom)
2023-04-10 17:22:25,802 [pool-166-thread-1] INFO  server.RaftServerConfigKeys (ConfUtils.java:logGet(46)) - raft.server.leaderelection.leader.step-down.wait-time = 10s (default)
2023-04-10 17:22:25,802 [pool-166-thread-1] INFO  server.RaftServerConfigKeys (ConfUtils.java:logGet(46)) - raft.server.sleep.deviation.threshold = 300ms (default)
2023-04-10 17:22:25,802 [pool-166-thread-1] INFO  server.RaftServer$Division (ServerState.java:<init>(118)) - c97d6447-1a4d-4694-905e-ecb7e619760c@group-3CB91A587584: ConfigurationManager, init=-1: peers:[5409a7e1-30d0-4745-ac51-a822fb81fdf2|rpc:10.1.0.59:44977|dataStream:10.1.0.59:46461|priority:0|startupRole:FOLLOWER, a57f48d7-536d-4afe-bf9f-8dd3ac661106|rpc:10.1.0.59:46547|dataStream:10.1.0.59:36673|priority:1|startupRole:FOLLOWER, c97d6447-1a4d-4694-905e-ecb7e619760c|rpc:10.1.0.59:37075|dataStream:10.1.0.59:44001|priority:0|startupRole:FOLLOWER]|listeners:[], old=null, confs=<EMPTY_MAP>
2023-04-10 17:22:25,802 [pool-166-thread-1] INFO  server.RaftServerConfigKeys (ConfUtils.java:logGet(46)) - raft.server.storage.dir = [/home/runner/work/ozone/ozone/hadoop-ozone/integration-test/target/test-dir/MiniOzoneClusterImpl-bd692c78-fb3a-4866-9e85-e2f4bd0dbf58/datanode-4/data/ratis] (custom)
2023-04-10 17:22:25,802 [pool-166-thread-1] INFO  server.RaftServerConfigKeys (ConfUtils.java:logGet(46)) - raft.server.log.corruption.policy = EXCEPTION (default)
2023-04-10 17:22:25,802 [pool-166-thread-1] INFO  server.RaftServerConfigKeys (ConfUtils.java:logGet(46)) - raft.server.storage.free-space.min = 0MB (=0) (default)
2023-04-10 17:22:25,803 [pool-166-thread-1] INFO  server.RaftServerConfigKeys (ConfUtils.java:logGet(46)) - raft.server.notification.no-leader.timeout = 300000ms (custom)
2023-04-10 17:22:25,803 [pool-166-thread-1] INFO  server.RaftServerConfigKeys (ConfUtils.java:logGet(46)) - raft.server.retrycache.expirytime = 600000ms (custom)
2023-04-10 17:22:25,803 [pool-166-thread-1] INFO  server.RaftServerConfigKeys (ConfUtils.java:logGet(46)) - raft.server.retrycache.statistics.expirytime = 100μs (default)
2023-04-10 17:22:25,807 [pool-166-thread-1] INFO  server.RaftServerConfigKeys (ConfUtils.java:logGet(46)) - raft.server.log.appender.install.snapshot.enabled = false (custom)
2023-04-10 17:22:25,807 [pool-166-thread-1] INFO  server.RaftServerConfigKeys (ConfUtils.java:logGet(46)) - raft.server.threadpool.server.cached = true (default)
2023-04-10 17:22:25,807 [pool-166-thread-1] INFO  server.RaftServerConfigKeys (ConfUtils.java:logGet(46)) - raft.server.threadpool.server.size = 0 (default)
2023-04-10 17:22:25,807 [pool-166-thread-1] INFO  server.RaftServerConfigKeys (ConfUtils.java:logGet(46)) - raft.server.threadpool.client.cached = true (default)
2023-04-10 17:22:25,807 [pool-166-thread-1] INFO  server.RaftServerConfigKeys (ConfUtils.java:logGet(46)) - raft.server.threadpool.client.size = 0 (default)
2023-04-10 17:22:25,807 [pool-166-thread-1] INFO  storage.RaftStorageDirectory (RaftStorageDirectoryImpl.java:analyzeStorage(137)) - The storage directory /home/runner/work/ozone/ozone/hadoop-ozone/integration-test/target/test-dir/MiniOzoneClusterImpl-bd692c78-fb3a-4866-9e85-e2f4bd0dbf58/datanode-4/data/ratis/990e4f28-966a-46e3-98b5-3cb91a587584 does not exist. Creating ...
2023-04-10 17:22:25,809 [EventQueue-OpenPipelineForHealthyPipelineSafeModeRule] INFO  safemode.SCMSafeModeManager (HealthyPipelineSafeModeRule.java:process(137)) - SCM in safe mode. Healthy pipelines reported count is 0, required healthy pipeline reported count is 1
2023-04-10 17:22:25,810 [pool-166-thread-1] INFO  storage.RaftStorageDirectory (RaftStorageDirectoryImpl.java:tryLock(231)) - Lock on /home/runner/work/ozone/ozone/hadoop-ozone/integration-test/target/test-dir/MiniOzoneClusterImpl-bd692c78-fb3a-4866-9e85-e2f4bd0dbf58/datanode-4/data/ratis/990e4f28-966a-46e3-98b5-3cb91a587584/in_use.lock acquired by nodename 68953@fv-az201-37
2023-04-10 17:22:25,812 [pool-166-thread-1] INFO  storage.RaftStorage (RaftStorageImpl.java:format(96)) - Storage directory /home/runner/work/ozone/ozone/hadoop-ozone/integration-test/target/test-dir/MiniOzoneClusterImpl-bd692c78-fb3a-4866-9e85-e2f4bd0dbf58/datanode-4/data/ratis/990e4f28-966a-46e3-98b5-3cb91a587584 has been successfully formatted.
2023-04-10 17:22:25,812 [pool-166-thread-1] INFO  ratis.ContainerStateMachine (ContainerStateMachine.java:loadSnapshot(262)) - group-3CB91A587584: The snapshot info is null. Setting the last applied indexto:(t:0, i:~)
2023-04-10 17:22:25,812 [pool-166-thread-1] INFO  server.RaftServerConfigKeys (ConfUtils.java:logGet(46)) - raft.server.log.use.memory = false (default)
2023-04-10 17:22:25,813 [pool-166-thread-1] INFO  server.RaftServerConfigKeys (ConfUtils.java:logGet(46)) - raft.server.log.purge.gap = 1000000 (custom)
2023-04-10 17:22:25,813 [pool-166-thread-1] INFO  server.RaftServerConfigKeys (ConfUtils.java:logGet(46)) - raft.server.log.appender.buffer.byte-limit = 33554432 (custom)
2023-04-10 17:22:25,814 [pool-166-thread-1] INFO  server.RaftServerConfigKeys (ConfUtils.java:logGet(46)) - raft.server.log.statemachine.data.read.timeout = 1000ms (default)
2023-04-10 17:22:25,816 [pool-166-thread-1] INFO  server.RaftServerConfigKeys (ConfUtils.java:logGet(46)) - raft.server.log.purge.preservation.log.num = 0 (default)
2023-04-10 17:22:25,816 [pool-166-thread-1] INFO  server.RaftServerConfigKeys (ConfUtils.java:logGet(46)) - raft.server.log.segment.size.max = 1048576 (custom)
2023-04-10 17:22:25,817 [pool-166-thread-1] INFO  server.RaftServerConfigKeys (ConfUtils.java:logGet(46)) - raft.server.log.segment.cache.num.max = 2 (custom)
2023-04-10 17:22:25,818 [pool-166-thread-1] INFO  server.RaftServerConfigKeys (ConfUtils.java:logGet(46)) - raft.server.log.segment.cache.size.max = 200MB (=209715200) (default)
2023-04-10 17:22:25,818 [pool-166-thread-1] INFO  segmented.SegmentedRaftLogWorker (SegmentedRaftLogWorker.java:<init>(189)) - new c97d6447-1a4d-4694-905e-ecb7e619760c@group-3CB91A587584-SegmentedRaftLogWorker for RaftStorageImpl:Storage Directory /home/runner/work/ozone/ozone/hadoop-ozone/integration-test/target/test-dir/MiniOzoneClusterImpl-bd692c78-fb3a-4866-9e85-e2f4bd0dbf58/datanode-4/data/ratis/990e4f28-966a-46e3-98b5-3cb91a587584
2023-04-10 17:22:25,818 [pool-166-thread-1] INFO  server.RaftServerConfigKeys (ConfUtils.java:logGet(46)) - raft.server.log.queue.byte-limit = 4294967296 (custom)
2023-04-10 17:22:25,819 [pool-166-thread-1] INFO  server.RaftServerConfigKeys (ConfUtils.java:logGet(46)) - raft.server.log.queue.element-limit = 1024 (custom)
2023-04-10 17:22:25,819 [pool-166-thread-1] INFO  server.RaftServerConfigKeys (ConfUtils.java:logGet(46)) - raft.server.log.segment.size.max = 1048576 (custom)
2023-04-10 17:22:25,819 [pool-166-thread-1] INFO  server.RaftServerConfigKeys (ConfUtils.java:logGet(46)) - raft.server.log.preallocated.size = 16384 (custom)
2023-04-10 17:22:25,819 [pool-166-thread-1] INFO  server.RaftServerConfigKeys (ConfUtils.java:logGet(46)) - raft.server.log.force.sync.num = 128 (default)
2023-04-10 17:22:25,819 [pool-166-thread-1] INFO  server.RaftServerConfigKeys (ConfUtils.java:logGet(46)) - raft.server.log.statemachine.data.sync = true (default)
2023-04-10 17:22:25,819 [pool-166-thread-1] INFO  server.RaftServerConfigKeys (ConfUtils.java:logGet(46)) - raft.server.log.statemachine.data.sync.timeout = 10s (default)
2023-04-10 17:22:25,819 [pool-166-thread-1] INFO  server.RaftServerConfigKeys (ConfUtils.java:logGet(46)) - raft.server.log.statemachine.data.sync.timeout.retry = -1 (default)
2023-04-10 17:22:25,825 [pool-166-thread-1] INFO  server.RaftServerConfigKeys (ConfUtils.java:logGet(46)) - raft.server.log.write.buffer.size = 1048576 (custom)
2023-04-10 17:22:25,826 [pool-166-thread-1] INFO  server.RaftServerConfigKeys (ConfUtils.java:logGet(46)) - raft.server.log.appender.buffer.byte-limit = 33554432 (custom)
2023-04-10 17:22:26,201 [Listener at 127.0.0.1/35635] INFO  ozone.MiniOzoneClusterImpl (MiniOzoneClusterImpl.java:lambda$waitForClusterToBeReady$0(222)) - Nodes are ready. Got 10 of 10 DN Heartbeats.
2023-04-10 17:22:26,202 [Listener at 127.0.0.1/35635] INFO  ozone.MiniOzoneClusterImpl (MiniOzoneClusterImpl.java:lambda$waitForClusterToBeReady$0(225)) - Waiting for cluster to exit safe mode
2023-04-10 17:22:26,202 [Listener at 127.0.0.1/35635] INFO  ozone.MiniOzoneClusterImpl (MiniOzoneClusterImpl.java:lambda$waitForClusterToBeReady$0(227)) - SCM became leader
2023-04-10 17:22:26,203 [Command processor thread] INFO  server.RaftServer (RaftServerProxy.java:addNew(96)) - c97d6447-1a4d-4694-905e-ecb7e619760c: addNew group-CCE1D1D12927:[c97d6447-1a4d-4694-905e-ecb7e619760c|rpc:10.1.0.59:37075|dataStream:10.1.0.59:44001|priority:1|startupRole:FOLLOWER] returns group-CCE1D1D12927:java.util.concurrent.CompletableFuture@420b9a54[Not completed]
2023-04-10 17:22:26,205 [JvmPauseMonitor7] WARN  util.JvmPauseMonitor (JvmPauseMonitor.java:detectPause(126)) - JvmPauseMonitor-813669ff-bde2-4a80-a354-dd4c167663c0: Detected pause in JVM or host machine (eg GC): pause of approximately 273850988ns.
GC pool 'PS MarkSweep' had collection(s): count=1 time=279ms
GC pool 'PS Scavenge' had collection(s): count=1 time=94ms
2023-04-10 17:22:26,206 [JvmPauseMonitor3] WARN  util.JvmPauseMonitor (JvmPauseMonitor.java:detectPause(126)) - JvmPauseMonitor-f70c5b51-abaf-4483-bcc0-ab3e40e5c626: Detected pause in JVM or host machine (eg GC): pause of approximately 304692113ns.
GC pool 'PS MarkSweep' had collection(s): count=1 time=279ms
GC pool 'PS Scavenge' had collection(s): count=1 time=94ms
2023-04-10 17:22:26,206 [JvmPauseMonitor1] WARN  util.JvmPauseMonitor (JvmPauseMonitor.java:detectPause(126)) - JvmPauseMonitor-cd4ac3e2-47ba-443c-8aa0-40ab251a0f4e: Detected pause in JVM or host machine (eg GC): pause of approximately 315702400ns.
GC pool 'PS MarkSweep' had collection(s): count=1 time=279ms
GC pool 'PS Scavenge' had collection(s): count=1 time=94ms
2023-04-10 17:22:26,207 [JvmPauseMonitor9] WARN  util.JvmPauseMonitor (JvmPauseMonitor.java:detectPause(126)) - JvmPauseMonitor-bfeb2be3-129f-4e57-9a47-316523ddd986: Detected pause in JVM or host machine (eg GC): pause of approximately 354480661ns.
GC pool 'PS MarkSweep' had collection(s): count=1 time=279ms
GC pool 'PS Scavenge' had collection(s): count=1 time=94ms
2023-04-10 17:22:26,208 [JvmPauseMonitor8] WARN  util.JvmPauseMonitor (JvmPauseMonitor.java:detectPause(126)) - JvmPauseMonitor-1df5c771-96ae-4f7f-bce1-d7659a86bf4c: Detected pause in JVM or host machine (eg GC): pause of approximately 356633098ns.
GC pool 'PS MarkSweep' had collection(s): count=1 time=279ms
GC pool 'PS Scavenge' had collection(s): count=1 time=94ms
2023-04-10 17:22:26,211 [EventQueue-OpenPipelineForHealthyPipelineSafeModeRule] INFO  safemode.SCMSafeModeManager (HealthyPipelineSafeModeRule.java:process(137)) - SCM in safe mode. Healthy pipelines reported count is 0, required healthy pipeline reported count is 1
2023-04-10 17:22:26,230 [pool-166-thread-1] INFO  server.RaftServerConfigKeys (ConfUtils.java:logGet(46)) - raft.server.log.unsafe-flush.enabled = false (default)
2023-04-10 17:22:26,231 [pool-166-thread-1] INFO  server.RaftServerConfigKeys (ConfUtils.java:logGet(46)) - raft.server.log.async-flush.enabled = false (default)
2023-04-10 17:22:26,231 [pool-166-thread-1] INFO  server.RaftServerConfigKeys (ConfUtils.java:logGet(46)) - raft.server.log.statemachine.data.caching.enabled = true (custom)
2023-04-10 17:22:26,231 [pool-166-thread-1] INFO  segmented.SegmentedRaftLogWorker (SegmentedRaftLogWorker.java:lambda$new$0(135)) - c97d6447-1a4d-4694-905e-ecb7e619760c@group-3CB91A587584-SegmentedRaftLogWorker: flushIndex: setUnconditionally 0 -> -1
2023-04-10 17:22:26,231 [pool-166-thread-1] INFO  segmented.SegmentedRaftLogWorker (SegmentedRaftLogWorker.java:lambda$new$0(135)) - c97d6447-1a4d-4694-905e-ecb7e619760c@group-3CB91A587584-SegmentedRaftLogWorker: safeCacheEvictIndex: setUnconditionally 0 -> -1
2023-04-10 17:22:26,232 [pool-166-thread-1] INFO  server.RaftServer$Division (RaftServerImpl.java:start(334)) - c97d6447-1a4d-4694-905e-ecb7e619760c@group-3CB91A587584: start as a follower, conf=-1: peers:[5409a7e1-30d0-4745-ac51-a822fb81fdf2|rpc:10.1.0.59:44977|dataStream:10.1.0.59:46461|priority:0|startupRole:FOLLOWER, a57f48d7-536d-4afe-bf9f-8dd3ac661106|rpc:10.1.0.59:46547|dataStream:10.1.0.59:36673|priority:1|startupRole:FOLLOWER, c97d6447-1a4d-4694-905e-ecb7e619760c|rpc:10.1.0.59:37075|dataStream:10.1.0.59:44001|priority:0|startupRole:FOLLOWER]|listeners:[], old=null
2023-04-10 17:22:26,232 [pool-166-thread-1] INFO  server.RaftServer$Division (RaftServerImpl.java:setRole(321)) - c97d6447-1a4d-4694-905e-ecb7e619760c@group-3CB91A587584: changes role from      null to FOLLOWER at term 0 for startAsFollower
2023-04-10 17:22:26,232 [pool-166-thread-1] INFO  impl.RoleInfo (RoleInfo.java:updateAndGet(139)) - c97d6447-1a4d-4694-905e-ecb7e619760c: start c97d6447-1a4d-4694-905e-ecb7e619760c@group-3CB91A587584-FollowerState
2023-04-10 17:22:26,232 [c97d6447-1a4d-4694-905e-ecb7e619760c@group-3CB91A587584-FollowerState] INFO  server.RaftServerConfigKeys (ConfUtils.java:logFallback(53)) - raft.server.rpc.first-election.timeout.min = 5s (fallback to raft.server.rpc.timeout.min)
2023-04-10 17:22:26,233 [c97d6447-1a4d-4694-905e-ecb7e619760c@group-3CB91A587584-FollowerState] INFO  server.RaftServerConfigKeys (ConfUtils.java:logFallback(53)) - raft.server.rpc.first-election.timeout.max = 5200ms (fallback to raft.server.rpc.timeout.max)
2023-04-10 17:22:26,233 [pool-166-thread-1] INFO  util.JmxRegister (JmxRegister.java:tryRegister(44)) - Successfully registered JMX Bean with object name Ratis:service=RaftServer,group=group-3CB91A587584,id=c97d6447-1a4d-4694-905e-ecb7e619760c
2023-04-10 17:22:26,235 [pool-166-thread-1] INFO  server.RaftServerConfigKeys (ConfUtils.java:logGet(46)) - raft.server.snapshot.auto.trigger.enabled = true (custom)
2023-04-10 17:22:26,235 [pool-166-thread-1] INFO  server.RaftServerConfigKeys (ConfUtils.java:logGet(46)) - raft.server.snapshot.auto.trigger.threshold = 1 (custom)
2023-04-10 17:22:26,235 [pool-166-thread-1] INFO  server.RaftServerConfigKeys (ConfUtils.java:logGet(46)) - raft.server.snapshot.retention.file.num = 5 (custom)
2023-04-10 17:22:26,235 [pool-166-thread-1] INFO  server.RaftServerConfigKeys (ConfUtils.java:logGet(46)) - raft.server.log.purge.upto.snapshot.index = false (default)
2023-04-10 17:22:26,246 [Command processor thread] INFO  commandhandler.CreatePipelineCommandHandler (CreatePipelineCommandHandler.java:handle(113)) - Created Pipeline RATIS THREE PipelineID=990e4f28-966a-46e3-98b5-3cb91a587584.
2023-04-10 17:22:26,246 [Command processor thread] INFO  server.RaftServer (RaftServerProxy.java:addNew(96)) - 5409a7e1-30d0-4745-ac51-a822fb81fdf2: addNew group-CE8A5B0B0470:[5409a7e1-30d0-4745-ac51-a822fb81fdf2|rpc:10.1.0.59:44977|dataStream:10.1.0.59:46461|priority:1|startupRole:FOLLOWER, a57f48d7-536d-4afe-bf9f-8dd3ac661106|rpc:10.1.0.59:46547|dataStream:10.1.0.59:36673|priority:0|startupRole:FOLLOWER, c97d6447-1a4d-4694-905e-ecb7e619760c|rpc:10.1.0.59:37075|dataStream:10.1.0.59:44001|priority:0|startupRole:FOLLOWER] returns group-CE8A5B0B0470:java.util.concurrent.CompletableFuture@533a5d60[Not completed]
2023-04-10 17:22:26,247 [pool-144-thread-1] INFO  server.RaftServer$Division (RaftServerImpl.java:<init>(195)) - 5409a7e1-30d0-4745-ac51-a822fb81fdf2: new RaftServerImpl for group-CE8A5B0B0470:[5409a7e1-30d0-4745-ac51-a822fb81fdf2|rpc:10.1.0.59:44977|dataStream:10.1.0.59:46461|priority:1|startupRole:FOLLOWER, a57f48d7-536d-4afe-bf9f-8dd3ac661106|rpc:10.1.0.59:46547|dataStream:10.1.0.59:36673|priority:0|startupRole:FOLLOWER, c97d6447-1a4d-4694-905e-ecb7e619760c|rpc:10.1.0.59:37075|dataStream:10.1.0.59:44001|priority:0|startupRole:FOLLOWER] with ContainerStateMachine:uninitialized
2023-04-10 17:22:26,247 [pool-144-thread-1] INFO  server.RaftServerConfigKeys (ConfUtils.java:logGet(46)) - raft.server.rpc.timeout.min = 5s (custom)
2023-04-10 17:22:26,247 [pool-144-thread-1] INFO  server.RaftServerConfigKeys (ConfUtils.java:logGet(46)) - raft.server.rpc.timeout.max = 5200ms (custom)
2023-04-10 17:22:26,247 [pool-144-thread-1] INFO  server.RaftServerConfigKeys (ConfUtils.java:logGet(46)) - raft.server.rpc.sleep.time = 25ms (default)
2023-04-10 17:22:26,247 [pool-144-thread-1] INFO  server.RaftServerConfigKeys (ConfUtils.java:logGet(46)) - raft.server.rpc.slowness.timeout = 300000ms (custom)
2023-04-10 17:22:26,246 [pool-166-thread-1] INFO  server.RaftServer$Division (RaftServerImpl.java:<init>(195)) - c97d6447-1a4d-4694-905e-ecb7e619760c: new RaftServerImpl for group-CCE1D1D12927:[c97d6447-1a4d-4694-905e-ecb7e619760c|rpc:10.1.0.59:37075|dataStream:10.1.0.59:44001|priority:1|startupRole:FOLLOWER] with ContainerStateMachine:uninitialized
2023-04-10 17:22:26,247 [pool-144-thread-1] INFO  server.RaftServerConfigKeys (ConfUtils.java:logGet(46)) - raft.server.leaderelection.leader.step-down.wait-time = 10s (default)
2023-04-10 17:22:26,248 [pool-144-thread-1] INFO  server.RaftServerConfigKeys (ConfUtils.java:logGet(46)) - raft.server.sleep.deviation.threshold = 300ms (default)
2023-04-10 17:22:26,248 [pool-144-thread-1] INFO  server.RaftServer$Division (ServerState.java:<init>(118)) - 5409a7e1-30d0-4745-ac51-a822fb81fdf2@group-CE8A5B0B0470: ConfigurationManager, init=-1: peers:[5409a7e1-30d0-4745-ac51-a822fb81fdf2|rpc:10.1.0.59:44977|dataStream:10.1.0.59:46461|priority:1|startupRole:FOLLOWER, a57f48d7-536d-4afe-bf9f-8dd3ac661106|rpc:10.1.0.59:46547|dataStream:10.1.0.59:36673|priority:0|startupRole:FOLLOWER, c97d6447-1a4d-4694-905e-ecb7e619760c|rpc:10.1.0.59:37075|dataStream:10.1.0.59:44001|priority:0|startupRole:FOLLOWER]|listeners:[], old=null, confs=<EMPTY_MAP>
2023-04-10 17:22:26,248 [pool-144-thread-1] INFO  server.RaftServerConfigKeys (ConfUtils.java:logGet(46)) - raft.server.storage.dir = [/home/runner/work/ozone/ozone/hadoop-ozone/integration-test/target/test-dir/MiniOzoneClusterImpl-bd692c78-fb3a-4866-9e85-e2f4bd0dbf58/datanode-3/data/ratis] (custom)
2023-04-10 17:22:26,249 [pool-144-thread-1] INFO  server.RaftServerConfigKeys (ConfUtils.java:logGet(46)) - raft.server.log.corruption.policy = EXCEPTION (default)
2023-04-10 17:22:26,249 [pool-144-thread-1] INFO  server.RaftServerConfigKeys (ConfUtils.java:logGet(46)) - raft.server.storage.free-space.min = 0MB (=0) (default)
2023-04-10 17:22:26,249 [pool-144-thread-1] INFO  server.RaftServerConfigKeys (ConfUtils.java:logGet(46)) - raft.server.notification.no-leader.timeout = 300000ms (custom)
2023-04-10 17:22:26,249 [pool-144-thread-1] INFO  server.RaftServerConfigKeys (ConfUtils.java:logGet(46)) - raft.server.retrycache.expirytime = 600000ms (custom)
2023-04-10 17:22:26,249 [pool-144-thread-1] INFO  server.RaftServerConfigKeys (ConfUtils.java:logGet(46)) - raft.server.retrycache.statistics.expirytime = 100μs (default)
2023-04-10 17:22:26,248 [pool-166-thread-1] INFO  server.RaftServerConfigKeys (ConfUtils.java:logGet(46)) - raft.server.rpc.timeout.min = 5s (custom)
2023-04-10 17:22:26,250 [pool-144-thread-1] INFO  server.RaftServerConfigKeys (ConfUtils.java:logGet(46)) - raft.server.log.appender.install.snapshot.enabled = false (custom)
2023-04-10 17:22:26,251 [pool-144-thread-1] INFO  server.RaftServerConfigKeys (ConfUtils.java:logGet(46)) - raft.server.threadpool.server.cached = true (default)
2023-04-10 17:22:26,251 [pool-144-thread-1] INFO  server.RaftServerConfigKeys (ConfUtils.java:logGet(46)) - raft.server.threadpool.server.size = 0 (default)
2023-04-10 17:22:26,251 [pool-144-thread-1] INFO  server.RaftServerConfigKeys (ConfUtils.java:logGet(46)) - raft.server.threadpool.client.cached = true (default)
2023-04-10 17:22:26,251 [pool-144-thread-1] INFO  server.RaftServerConfigKeys (ConfUtils.java:logGet(46)) - raft.server.threadpool.client.size = 0 (default)
2023-04-10 17:22:26,251 [pool-144-thread-1] INFO  storage.RaftStorageDirectory (RaftStorageDirectoryImpl.java:analyzeStorage(137)) - The storage directory /home/runner/work/ozone/ozone/hadoop-ozone/integration-test/target/test-dir/MiniOzoneClusterImpl-bd692c78-fb3a-4866-9e85-e2f4bd0dbf58/datanode-3/data/ratis/e0df58e8-daa2-4b2a-bf47-ce8a5b0b0470 does not exist. Creating ...
2023-04-10 17:22:26,251 [pool-166-thread-1] INFO  server.RaftServerConfigKeys (ConfUtils.java:logGet(46)) - raft.server.rpc.timeout.max = 5200ms (custom)
2023-04-10 17:22:26,252 [pool-166-thread-1] INFO  server.RaftServerConfigKeys (ConfUtils.java:logGet(46)) - raft.server.rpc.sleep.time = 25ms (default)
2023-04-10 17:22:26,252 [pool-166-thread-1] INFO  server.RaftServerConfigKeys (ConfUtils.java:logGet(46)) - raft.server.rpc.slowness.timeout = 300000ms (custom)
2023-04-10 17:22:26,252 [pool-166-thread-1] INFO  server.RaftServerConfigKeys (ConfUtils.java:logGet(46)) - raft.server.leaderelection.leader.step-down.wait-time = 10s (default)
2023-04-10 17:22:26,252 [pool-166-thread-1] INFO  server.RaftServerConfigKeys (ConfUtils.java:logGet(46)) - raft.server.sleep.deviation.threshold = 300ms (default)
2023-04-10 17:22:26,252 [pool-166-thread-1] INFO  server.RaftServer$Division (ServerState.java:<init>(118)) - c97d6447-1a4d-4694-905e-ecb7e619760c@group-CCE1D1D12927: ConfigurationManager, init=-1: peers:[c97d6447-1a4d-4694-905e-ecb7e619760c|rpc:10.1.0.59:37075|dataStream:10.1.0.59:44001|priority:1|startupRole:FOLLOWER]|listeners:[], old=null, confs=<EMPTY_MAP>
2023-04-10 17:22:26,252 [pool-166-thread-1] INFO  server.RaftServerConfigKeys (ConfUtils.java:logGet(46)) - raft.server.storage.dir = [/home/runner/work/ozone/ozone/hadoop-ozone/integration-test/target/test-dir/MiniOzoneClusterImpl-bd692c78-fb3a-4866-9e85-e2f4bd0dbf58/datanode-4/data/ratis] (custom)
2023-04-10 17:22:26,252 [pool-144-thread-1] INFO  storage.RaftStorageDirectory (RaftStorageDirectoryImpl.java:tryLock(231)) - Lock on /home/runner/work/ozone/ozone/hadoop-ozone/integration-test/target/test-dir/MiniOzoneClusterImpl-bd692c78-fb3a-4866-9e85-e2f4bd0dbf58/datanode-3/data/ratis/e0df58e8-daa2-4b2a-bf47-ce8a5b0b0470/in_use.lock acquired by nodename 68953@fv-az201-37
2023-04-10 17:22:26,252 [pool-166-thread-1] INFO  server.RaftServerConfigKeys (ConfUtils.java:logGet(46)) - raft.server.log.corruption.policy = EXCEPTION (default)
2023-04-10 17:22:26,252 [pool-166-thread-1] INFO  server.RaftServerConfigKeys (ConfUtils.java:logGet(46)) - raft.server.storage.free-space.min = 0MB (=0) (default)
2023-04-10 17:22:26,253 [pool-144-thread-1] INFO  storage.RaftStorage (RaftStorageImpl.java:format(96)) - Storage directory /home/runner/work/ozone/ozone/hadoop-ozone/integration-test/target/test-dir/MiniOzoneClusterImpl-bd692c78-fb3a-4866-9e85-e2f4bd0dbf58/datanode-3/data/ratis/e0df58e8-daa2-4b2a-bf47-ce8a5b0b0470 has been successfully formatted.
2023-04-10 17:22:26,253 [pool-144-thread-1] INFO  ratis.ContainerStateMachine (ContainerStateMachine.java:loadSnapshot(262)) - group-CE8A5B0B0470: The snapshot info is null. Setting the last applied indexto:(t:0, i:~)
2023-04-10 17:22:26,253 [pool-144-thread-1] INFO  server.RaftServerConfigKeys (ConfUtils.java:logGet(46)) - raft.server.log.use.memory = false (default)
2023-04-10 17:22:26,254 [pool-144-thread-1] INFO  server.RaftServerConfigKeys (ConfUtils.java:logGet(46)) - raft.server.log.purge.gap = 1000000 (custom)
2023-04-10 17:22:26,254 [pool-144-thread-1] INFO  server.RaftServerConfigKeys (ConfUtils.java:logGet(46)) - raft.server.log.appender.buffer.byte-limit = 33554432 (custom)
2023-04-10 17:22:26,254 [pool-144-thread-1] INFO  server.RaftServerConfigKeys (ConfUtils.java:logGet(46)) - raft.server.log.statemachine.data.read.timeout = 1000ms (default)
2023-04-10 17:22:26,254 [pool-144-thread-1] INFO  server.RaftServerConfigKeys (ConfUtils.java:logGet(46)) - raft.server.log.purge.preservation.log.num = 0 (default)
2023-04-10 17:22:26,254 [pool-144-thread-1] INFO  server.RaftServerConfigKeys (ConfUtils.java:logGet(46)) - raft.server.log.segment.size.max = 1048576 (custom)
2023-04-10 17:22:26,254 [pool-166-thread-1] INFO  server.RaftServerConfigKeys (ConfUtils.java:logGet(46)) - raft.server.notification.no-leader.timeout = 300000ms (custom)
2023-04-10 17:22:26,254 [pool-166-thread-1] INFO  server.RaftServerConfigKeys (ConfUtils.java:logGet(46)) - raft.server.retrycache.expirytime = 600000ms (custom)
2023-04-10 17:22:26,254 [pool-166-thread-1] INFO  server.RaftServerConfigKeys (ConfUtils.java:logGet(46)) - raft.server.retrycache.statistics.expirytime = 100μs (default)
2023-04-10 17:22:26,255 [EventQueue-OpenPipelineForHealthyPipelineSafeModeRule] INFO  safemode.SCMSafeModeManager (HealthyPipelineSafeModeRule.java:process(137)) - SCM in safe mode. Healthy pipelines reported count is 0, required healthy pipeline reported count is 1
2023-04-10 17:22:26,256 [pool-144-thread-1] INFO  server.RaftServerConfigKeys (ConfUtils.java:logGet(46)) - raft.server.log.segment.cache.num.max = 2 (custom)
2023-04-10 17:22:26,256 [pool-144-thread-1] INFO  server.RaftServerConfigKeys (ConfUtils.java:logGet(46)) - raft.server.log.segment.cache.size.max = 200MB (=209715200) (default)
2023-04-10 17:22:26,256 [pool-144-thread-1] INFO  segmented.SegmentedRaftLogWorker (SegmentedRaftLogWorker.java:<init>(189)) - new 5409a7e1-30d0-4745-ac51-a822fb81fdf2@group-CE8A5B0B0470-SegmentedRaftLogWorker for RaftStorageImpl:Storage Directory /home/runner/work/ozone/ozone/hadoop-ozone/integration-test/target/test-dir/MiniOzoneClusterImpl-bd692c78-fb3a-4866-9e85-e2f4bd0dbf58/datanode-3/data/ratis/e0df58e8-daa2-4b2a-bf47-ce8a5b0b0470
2023-04-10 17:22:26,256 [pool-144-thread-1] INFO  server.RaftServerConfigKeys (ConfUtils.java:logGet(46)) - raft.server.log.queue.byte-limit = 4294967296 (custom)
2023-04-10 17:22:26,256 [pool-144-thread-1] INFO  server.RaftServerConfigKeys (ConfUtils.java:logGet(46)) - raft.server.log.queue.element-limit = 1024 (custom)
2023-04-10 17:22:26,256 [pool-144-thread-1] INFO  server.RaftServerConfigKeys (ConfUtils.java:logGet(46)) - raft.server.log.segment.size.max = 1048576 (custom)
2023-04-10 17:22:26,256 [pool-144-thread-1] INFO  server.RaftServerConfigKeys (ConfUtils.java:logGet(46)) - raft.server.log.preallocated.size = 16384 (custom)
2023-04-10 17:22:26,256 [pool-144-thread-1] INFO  server.RaftServerConfigKeys (ConfUtils.java:logGet(46)) - raft.server.log.force.sync.num = 128 (default)
2023-04-10 17:22:26,256 [pool-144-thread-1] INFO  server.RaftServerConfigKeys (ConfUtils.java:logGet(46)) - raft.server.log.statemachine.data.sync = true (default)
2023-04-10 17:22:26,256 [pool-144-thread-1] INFO  server.RaftServerConfigKeys (ConfUtils.java:logGet(46)) - raft.server.log.statemachine.data.sync.timeout = 10s (default)
2023-04-10 17:22:26,256 [pool-144-thread-1] INFO  server.RaftServerConfigKeys (ConfUtils.java:logGet(46)) - raft.server.log.statemachine.data.sync.timeout.retry = -1 (default)
2023-04-10 17:22:26,261 [pool-166-thread-1] INFO  server.RaftServerConfigKeys (ConfUtils.java:logGet(46)) - raft.server.log.appender.install.snapshot.enabled = false (custom)
2023-04-10 17:22:26,261 [pool-166-thread-1] INFO  server.RaftServerConfigKeys (ConfUtils.java:logGet(46)) - raft.server.threadpool.server.cached = true (default)
2023-04-10 17:22:26,261 [pool-166-thread-1] INFO  server.RaftServerConfigKeys (ConfUtils.java:logGet(46)) - raft.server.threadpool.server.size = 0 (default)
2023-04-10 17:22:26,261 [pool-166-thread-1] INFO  server.RaftServerConfigKeys (ConfUtils.java:logGet(46)) - raft.server.threadpool.client.cached = true (default)
2023-04-10 17:22:26,261 [pool-166-thread-1] INFO  server.RaftServerConfigKeys (ConfUtils.java:logGet(46)) - raft.server.threadpool.client.size = 0 (default)
2023-04-10 17:22:26,261 [pool-166-thread-1] INFO  storage.RaftStorageDirectory (RaftStorageDirectoryImpl.java:analyzeStorage(137)) - The storage directory /home/runner/work/ozone/ozone/hadoop-ozone/integration-test/target/test-dir/MiniOzoneClusterImpl-bd692c78-fb3a-4866-9e85-e2f4bd0dbf58/datanode-4/data/ratis/06f5d2d4-bd0d-4e22-8110-cce1d1d12927 does not exist. Creating ...
2023-04-10 17:22:26,261 [pool-144-thread-1] INFO  server.RaftServerConfigKeys (ConfUtils.java:logGet(46)) - raft.server.log.write.buffer.size = 1048576 (custom)
2023-04-10 17:22:26,262 [pool-144-thread-1] INFO  server.RaftServerConfigKeys (ConfUtils.java:logGet(46)) - raft.server.log.appender.buffer.byte-limit = 33554432 (custom)
2023-04-10 17:22:26,265 [pool-166-thread-1] INFO  storage.RaftStorageDirectory (RaftStorageDirectoryImpl.java:tryLock(231)) - Lock on /home/runner/work/ozone/ozone/hadoop-ozone/integration-test/target/test-dir/MiniOzoneClusterImpl-bd692c78-fb3a-4866-9e85-e2f4bd0dbf58/datanode-4/data/ratis/06f5d2d4-bd0d-4e22-8110-cce1d1d12927/in_use.lock acquired by nodename 68953@fv-az201-37
2023-04-10 17:22:26,267 [pool-166-thread-1] INFO  storage.RaftStorage (RaftStorageImpl.java:format(96)) - Storage directory /home/runner/work/ozone/ozone/hadoop-ozone/integration-test/target/test-dir/MiniOzoneClusterImpl-bd692c78-fb3a-4866-9e85-e2f4bd0dbf58/datanode-4/data/ratis/06f5d2d4-bd0d-4e22-8110-cce1d1d12927 has been successfully formatted.
2023-04-10 17:22:26,268 [pool-166-thread-1] INFO  ratis.ContainerStateMachine (ContainerStateMachine.java:loadSnapshot(262)) - group-CCE1D1D12927: The snapshot info is null. Setting the last applied indexto:(t:0, i:~)
2023-04-10 17:22:26,268 [pool-166-thread-1] INFO  server.RaftServerConfigKeys (ConfUtils.java:logGet(46)) - raft.server.log.use.memory = false (default)
2023-04-10 17:22:26,268 [pool-166-thread-1] INFO  server.RaftServerConfigKeys (ConfUtils.java:logGet(46)) - raft.server.log.purge.gap = 1000000 (custom)
2023-04-10 17:22:26,268 [pool-166-thread-1] INFO  server.RaftServerConfigKeys (ConfUtils.java:logGet(46)) - raft.server.log.appender.buffer.byte-limit = 33554432 (custom)
2023-04-10 17:22:26,268 [pool-166-thread-1] INFO  server.RaftServerConfigKeys (ConfUtils.java:logGet(46)) - raft.server.log.statemachine.data.read.timeout = 1000ms (default)
2023-04-10 17:22:26,268 [pool-166-thread-1] INFO  server.RaftServerConfigKeys (ConfUtils.java:logGet(46)) - raft.server.log.purge.preservation.log.num = 0 (default)
2023-04-10 17:22:26,268 [pool-166-thread-1] INFO  server.RaftServerConfigKeys (ConfUtils.java:logGet(46)) - raft.server.log.segment.size.max = 1048576 (custom)
2023-04-10 17:22:26,269 [pool-166-thread-1] INFO  server.RaftServerConfigKeys (ConfUtils.java:logGet(46)) - raft.server.log.segment.cache.num.max = 2 (custom)
2023-04-10 17:22:26,269 [pool-166-thread-1] INFO  server.RaftServerConfigKeys (ConfUtils.java:logGet(46)) - raft.server.log.segment.cache.size.max = 200MB (=209715200) (default)
2023-04-10 17:22:26,269 [pool-166-thread-1] INFO  segmented.SegmentedRaftLogWorker (SegmentedRaftLogWorker.java:<init>(189)) - new c97d6447-1a4d-4694-905e-ecb7e619760c@group-CCE1D1D12927-SegmentedRaftLogWorker for RaftStorageImpl:Storage Directory /home/runner/work/ozone/ozone/hadoop-ozone/integration-test/target/test-dir/MiniOzoneClusterImpl-bd692c78-fb3a-4866-9e85-e2f4bd0dbf58/datanode-4/data/ratis/06f5d2d4-bd0d-4e22-8110-cce1d1d12927
2023-04-10 17:22:26,269 [EventQueue-PipelineReportForPipelineReportHandler] INFO  pipeline.PipelineManagerImpl (PipelineManagerImpl.java:openPipeline(367)) - Pipeline Pipeline[ Id: 06f5d2d4-bd0d-4e22-8110-cce1d1d12927, Nodes: c97d6447-1a4d-4694-905e-ecb7e619760c(fv-az201-37/10.1.0.59), ReplicationConfig: RATIS/ONE, State:ALLOCATED, leaderId:c97d6447-1a4d-4694-905e-ecb7e619760c, CreationTimestamp2023-04-10T17:22:23.003Z[Etc/UTC]] moved to OPEN state
2023-04-10 17:22:26,269 [EventQueue-OpenPipelineForHealthyPipelineSafeModeRule] INFO  safemode.SCMSafeModeManager (HealthyPipelineSafeModeRule.java:process(137)) - SCM in safe mode. Healthy pipelines reported count is 0, required healthy pipeline reported count is 1
2023-04-10 17:22:26,269 [pool-166-thread-1] INFO  server.RaftServerConfigKeys (ConfUtils.java:logGet(46)) - raft.server.log.queue.byte-limit = 4294967296 (custom)
2023-04-10 17:22:26,270 [pool-166-thread-1] INFO  server.RaftServerConfigKeys (ConfUtils.java:logGet(46)) - raft.server.log.queue.element-limit = 1024 (custom)
2023-04-10 17:22:26,270 [pool-166-thread-1] INFO  server.RaftServerConfigKeys (ConfUtils.java:logGet(46)) - raft.server.log.segment.size.max = 1048576 (custom)
2023-04-10 17:22:26,270 [pool-166-thread-1] INFO  server.RaftServerConfigKeys (ConfUtils.java:logGet(46)) - raft.server.log.preallocated.size = 16384 (custom)
2023-04-10 17:22:26,270 [pool-166-thread-1] INFO  server.RaftServerConfigKeys (ConfUtils.java:logGet(46)) - raft.server.log.force.sync.num = 128 (default)
2023-04-10 17:22:26,270 [pool-166-thread-1] INFO  server.RaftServerConfigKeys (ConfUtils.java:logGet(46)) - raft.server.log.statemachine.data.sync = true (default)
2023-04-10 17:22:26,270 [pool-166-thread-1] INFO  server.RaftServerConfigKeys (ConfUtils.java:logGet(46)) - raft.server.log.statemachine.data.sync.timeout = 10s (default)
2023-04-10 17:22:26,270 [pool-166-thread-1] INFO  server.RaftServerConfigKeys (ConfUtils.java:logGet(46)) - raft.server.log.statemachine.data.sync.timeout.retry = -1 (default)
2023-04-10 17:22:26,271 [pool-166-thread-1] INFO  server.RaftServerConfigKeys (ConfUtils.java:logGet(46)) - raft.server.log.write.buffer.size = 1048576 (custom)
2023-04-10 17:22:26,274 [pool-166-thread-1] INFO  server.RaftServerConfigKeys (ConfUtils.java:logGet(46)) - raft.server.log.appender.buffer.byte-limit = 33554432 (custom)
2023-04-10 17:22:26,279 [pool-144-thread-1] INFO  server.RaftServerConfigKeys (ConfUtils.java:logGet(46)) - raft.server.log.unsafe-flush.enabled = false (default)
2023-04-10 17:22:26,279 [pool-144-thread-1] INFO  server.RaftServerConfigKeys (ConfUtils.java:logGet(46)) - raft.server.log.async-flush.enabled = false (default)
2023-04-10 17:22:26,279 [pool-144-thread-1] INFO  server.RaftServerConfigKeys (ConfUtils.java:logGet(46)) - raft.server.log.statemachine.data.caching.enabled = true (custom)
2023-04-10 17:22:26,279 [pool-144-thread-1] INFO  segmented.SegmentedRaftLogWorker (SegmentedRaftLogWorker.java:lambda$new$0(135)) - 5409a7e1-30d0-4745-ac51-a822fb81fdf2@group-CE8A5B0B0470-SegmentedRaftLogWorker: flushIndex: setUnconditionally 0 -> -1
2023-04-10 17:22:26,279 [pool-144-thread-1] INFO  segmented.SegmentedRaftLogWorker (SegmentedRaftLogWorker.java:lambda$new$0(135)) - 5409a7e1-30d0-4745-ac51-a822fb81fdf2@group-CE8A5B0B0470-SegmentedRaftLogWorker: safeCacheEvictIndex: setUnconditionally 0 -> -1
2023-04-10 17:22:26,280 [pool-144-thread-1] INFO  server.RaftServer$Division (RaftServerImpl.java:start(334)) - 5409a7e1-30d0-4745-ac51-a822fb81fdf2@group-CE8A5B0B0470: start as a follower, conf=-1: peers:[5409a7e1-30d0-4745-ac51-a822fb81fdf2|rpc:10.1.0.59:44977|dataStream:10.1.0.59:46461|priority:1|startupRole:FOLLOWER, a57f48d7-536d-4afe-bf9f-8dd3ac661106|rpc:10.1.0.59:46547|dataStream:10.1.0.59:36673|priority:0|startupRole:FOLLOWER, c97d6447-1a4d-4694-905e-ecb7e619760c|rpc:10.1.0.59:37075|dataStream:10.1.0.59:44001|priority:0|startupRole:FOLLOWER]|listeners:[], old=null
2023-04-10 17:22:26,280 [pool-144-thread-1] INFO  server.RaftServer$Division (RaftServerImpl.java:setRole(321)) - 5409a7e1-30d0-4745-ac51-a822fb81fdf2@group-CE8A5B0B0470: changes role from      null to FOLLOWER at term 0 for startAsFollower
2023-04-10 17:22:26,280 [pool-144-thread-1] INFO  impl.RoleInfo (RoleInfo.java:updateAndGet(139)) - 5409a7e1-30d0-4745-ac51-a822fb81fdf2: start 5409a7e1-30d0-4745-ac51-a822fb81fdf2@group-CE8A5B0B0470-FollowerState
2023-04-10 17:22:26,281 [5409a7e1-30d0-4745-ac51-a822fb81fdf2@group-CE8A5B0B0470-FollowerState] INFO  server.RaftServerConfigKeys (ConfUtils.java:logFallback(53)) - raft.server.rpc.first-election.timeout.min = 5s (fallback to raft.server.rpc.timeout.min)
2023-04-10 17:22:26,281 [pool-144-thread-1] INFO  util.JmxRegister (JmxRegister.java:tryRegister(44)) - Successfully registered JMX Bean with object name Ratis:service=RaftServer,group=group-CE8A5B0B0470,id=5409a7e1-30d0-4745-ac51-a822fb81fdf2
2023-04-10 17:22:26,287 [pool-144-thread-1] INFO  server.RaftServerConfigKeys (ConfUtils.java:logGet(46)) - raft.server.snapshot.auto.trigger.enabled = true (custom)
2023-04-10 17:22:26,287 [pool-144-thread-1] INFO  server.RaftServerConfigKeys (ConfUtils.java:logGet(46)) - raft.server.snapshot.auto.trigger.threshold = 1 (custom)
2023-04-10 17:22:26,287 [pool-144-thread-1] INFO  server.RaftServerConfigKeys (ConfUtils.java:logGet(46)) - raft.server.snapshot.retention.file.num = 5 (custom)
2023-04-10 17:22:26,287 [pool-144-thread-1] INFO  server.RaftServerConfigKeys (ConfUtils.java:logGet(46)) - raft.server.log.purge.upto.snapshot.index = false (default)
2023-04-10 17:22:26,289 [5409a7e1-30d0-4745-ac51-a822fb81fdf2@group-CE8A5B0B0470-FollowerState] INFO  server.RaftServerConfigKeys (ConfUtils.java:logFallback(53)) - raft.server.rpc.first-election.timeout.max = 5200ms (fallback to raft.server.rpc.timeout.max)
2023-04-10 17:22:26,287 [pool-166-thread-1] INFO  server.RaftServerConfigKeys (ConfUtils.java:logGet(46)) - raft.server.log.unsafe-flush.enabled = false (default)
2023-04-10 17:22:26,289 [pool-166-thread-1] INFO  server.RaftServerConfigKeys (ConfUtils.java:logGet(46)) - raft.server.log.async-flush.enabled = false (default)
2023-04-10 17:22:26,289 [pool-166-thread-1] INFO  server.RaftServerConfigKeys (ConfUtils.java:logGet(46)) - raft.server.log.statemachine.data.caching.enabled = true (custom)
2023-04-10 17:22:26,289 [pool-166-thread-1] INFO  segmented.SegmentedRaftLogWorker (SegmentedRaftLogWorker.java:lambda$new$0(135)) - c97d6447-1a4d-4694-905e-ecb7e619760c@group-CCE1D1D12927-SegmentedRaftLogWorker: flushIndex: setUnconditionally 0 -> -1
2023-04-10 17:22:26,289 [pool-166-thread-1] INFO  segmented.SegmentedRaftLogWorker (SegmentedRaftLogWorker.java:lambda$new$0(135)) - c97d6447-1a4d-4694-905e-ecb7e619760c@group-CCE1D1D12927-SegmentedRaftLogWorker: safeCacheEvictIndex: setUnconditionally 0 -> -1
2023-04-10 17:22:26,290 [Command processor thread] INFO  ratis.XceiverServerRatis (XceiverServerRatis.java:addGroup(806)) - Created group PipelineID=e0df58e8-daa2-4b2a-bf47-ce8a5b0b0470
2023-04-10 17:22:26,303 [pool-166-thread-1] INFO  server.RaftServer$Division (RaftServerImpl.java:start(334)) - c97d6447-1a4d-4694-905e-ecb7e619760c@group-CCE1D1D12927: start as a follower, conf=-1: peers:[c97d6447-1a4d-4694-905e-ecb7e619760c|rpc:10.1.0.59:37075|dataStream:10.1.0.59:44001|priority:1|startupRole:FOLLOWER]|listeners:[], old=null
2023-04-10 17:22:26,303 [pool-166-thread-1] INFO  server.RaftServer$Division (RaftServerImpl.java:setRole(321)) - c97d6447-1a4d-4694-905e-ecb7e619760c@group-CCE1D1D12927: changes role from      null to FOLLOWER at term 0 for startAsFollower
2023-04-10 17:22:26,303 [pool-166-thread-1] INFO  impl.RoleInfo (RoleInfo.java:updateAndGet(139)) - c97d6447-1a4d-4694-905e-ecb7e619760c: start c97d6447-1a4d-4694-905e-ecb7e619760c@group-CCE1D1D12927-FollowerState
2023-04-10 17:22:26,306 [pool-166-thread-1] INFO  util.JmxRegister (JmxRegister.java:tryRegister(44)) - Successfully registered JMX Bean with object name Ratis:service=RaftServer,group=group-CCE1D1D12927,id=c97d6447-1a4d-4694-905e-ecb7e619760c
2023-04-10 17:22:26,306 [pool-166-thread-1] INFO  server.RaftServerConfigKeys (ConfUtils.java:logGet(46)) - raft.server.snapshot.auto.trigger.enabled = true (custom)
2023-04-10 17:22:26,307 [pool-166-thread-1] INFO  server.RaftServerConfigKeys (ConfUtils.java:logGet(46)) - raft.server.snapshot.auto.trigger.threshold = 1 (custom)
2023-04-10 17:22:26,307 [pool-166-thread-1] INFO  server.RaftServerConfigKeys (ConfUtils.java:logGet(46)) - raft.server.snapshot.retention.file.num = 5 (custom)
2023-04-10 17:22:26,307 [pool-166-thread-1] INFO  server.RaftServerConfigKeys (ConfUtils.java:logGet(46)) - raft.server.log.purge.upto.snapshot.index = false (default)
2023-04-10 17:22:26,307 [c97d6447-1a4d-4694-905e-ecb7e619760c@group-CCE1D1D12927-FollowerState] INFO  server.RaftServerConfigKeys (ConfUtils.java:logFallback(53)) - raft.server.rpc.first-election.timeout.min = 5s (fallback to raft.server.rpc.timeout.min)
2023-04-10 17:22:26,308 [c97d6447-1a4d-4694-905e-ecb7e619760c@group-CCE1D1D12927-FollowerState] INFO  server.RaftServerConfigKeys (ConfUtils.java:logFallback(53)) - raft.server.rpc.first-election.timeout.max = 5200ms (fallback to raft.server.rpc.timeout.max)
2023-04-10 17:22:26,314 [Command processor thread] INFO  ratis.XceiverServerRatis (XceiverServerRatis.java:addGroup(806)) - Created group PipelineID=06f5d2d4-bd0d-4e22-8110-cce1d1d12927
2023-04-10 17:22:26,314 [Command processor thread] INFO  commandhandler.CreatePipelineCommandHandler (CreatePipelineCommandHandler.java:handle(113)) - Created Pipeline RATIS ONE PipelineID=06f5d2d4-bd0d-4e22-8110-cce1d1d12927.
2023-04-10 17:22:26,315 [Command processor thread] INFO  server.RaftServer (RaftServerProxy.java:addNew(96)) - c97d6447-1a4d-4694-905e-ecb7e619760c: addNew group-CE8A5B0B0470:[5409a7e1-30d0-4745-ac51-a822fb81fdf2|rpc:10.1.0.59:44977|dataStream:10.1.0.59:46461|priority:1|startupRole:FOLLOWER, a57f48d7-536d-4afe-bf9f-8dd3ac661106|rpc:10.1.0.59:46547|dataStream:10.1.0.59:36673|priority:0|startupRole:FOLLOWER, c97d6447-1a4d-4694-905e-ecb7e619760c|rpc:10.1.0.59:37075|dataStream:10.1.0.59:44001|priority:0|startupRole:FOLLOWER] returns group-CE8A5B0B0470:java.util.concurrent.CompletableFuture@4ccc6c65[Not completed]
2023-04-10 17:22:26,317 [pool-166-thread-1] INFO  server.RaftServer$Division (RaftServerImpl.java:<init>(195)) - c97d6447-1a4d-4694-905e-ecb7e619760c: new RaftServerImpl for group-CE8A5B0B0470:[5409a7e1-30d0-4745-ac51-a822fb81fdf2|rpc:10.1.0.59:44977|dataStream:10.1.0.59:46461|priority:1|startupRole:FOLLOWER, a57f48d7-536d-4afe-bf9f-8dd3ac661106|rpc:10.1.0.59:46547|dataStream:10.1.0.59:36673|priority:0|startupRole:FOLLOWER, c97d6447-1a4d-4694-905e-ecb7e619760c|rpc:10.1.0.59:37075|dataStream:10.1.0.59:44001|priority:0|startupRole:FOLLOWER] with ContainerStateMachine:uninitialized
2023-04-10 17:22:26,317 [pool-166-thread-1] INFO  server.RaftServerConfigKeys (ConfUtils.java:logGet(46)) - raft.server.rpc.timeout.min = 5s (custom)
2023-04-10 17:22:26,317 [pool-166-thread-1] INFO  server.RaftServerConfigKeys (ConfUtils.java:logGet(46)) - raft.server.rpc.timeout.max = 5200ms (custom)
2023-04-10 17:22:26,317 [pool-166-thread-1] INFO  server.RaftServerConfigKeys (ConfUtils.java:logGet(46)) - raft.server.rpc.sleep.time = 25ms (default)
2023-04-10 17:22:26,317 [pool-166-thread-1] INFO  server.RaftServerConfigKeys (ConfUtils.java:logGet(46)) - raft.server.rpc.slowness.timeout = 300000ms (custom)
2023-04-10 17:22:26,317 [pool-166-thread-1] INFO  server.RaftServerConfigKeys (ConfUtils.java:logGet(46)) - raft.server.leaderelection.leader.step-down.wait-time = 10s (default)
2023-04-10 17:22:26,317 [pool-166-thread-1] INFO  server.RaftServerConfigKeys (ConfUtils.java:logGet(46)) - raft.server.sleep.deviation.threshold = 300ms (default)
2023-04-10 17:22:26,317 [pool-166-thread-1] INFO  server.RaftServer$Division (ServerState.java:<init>(118)) - c97d6447-1a4d-4694-905e-ecb7e619760c@group-CE8A5B0B0470: ConfigurationManager, init=-1: peers:[5409a7e1-30d0-4745-ac51-a822fb81fdf2|rpc:10.1.0.59:44977|dataStream:10.1.0.59:46461|priority:1|startupRole:FOLLOWER, a57f48d7-536d-4afe-bf9f-8dd3ac661106|rpc:10.1.0.59:46547|dataStream:10.1.0.59:36673|priority:0|startupRole:FOLLOWER, c97d6447-1a4d-4694-905e-ecb7e619760c|rpc:10.1.0.59:37075|dataStream:10.1.0.59:44001|priority:0|startupRole:FOLLOWER]|listeners:[], old=null, confs=<EMPTY_MAP>
2023-04-10 17:22:26,317 [pool-166-thread-1] INFO  server.RaftServerConfigKeys (ConfUtils.java:logGet(46)) - raft.server.storage.dir = [/home/runner/work/ozone/ozone/hadoop-ozone/integration-test/target/test-dir/MiniOzoneClusterImpl-bd692c78-fb3a-4866-9e85-e2f4bd0dbf58/datanode-4/data/ratis] (custom)
2023-04-10 17:22:26,318 [pool-166-thread-1] INFO  server.RaftServerConfigKeys (ConfUtils.java:logGet(46)) - raft.server.log.corruption.policy = EXCEPTION (default)
2023-04-10 17:22:26,318 [pool-166-thread-1] INFO  server.RaftServerConfigKeys (ConfUtils.java:logGet(46)) - raft.server.storage.free-space.min = 0MB (=0) (default)
2023-04-10 17:22:26,318 [pool-166-thread-1] INFO  server.RaftServerConfigKeys (ConfUtils.java:logGet(46)) - raft.server.notification.no-leader.timeout = 300000ms (custom)
2023-04-10 17:22:26,318 [pool-166-thread-1] INFO  server.RaftServerConfigKeys (ConfUtils.java:logGet(46)) - raft.server.retrycache.expirytime = 600000ms (custom)
2023-04-10 17:22:26,318 [pool-166-thread-1] INFO  server.RaftServerConfigKeys (ConfUtils.java:logGet(46)) - raft.server.retrycache.statistics.expirytime = 100μs (default)
2023-04-10 17:22:26,319 [pool-166-thread-1] INFO  server.RaftServerConfigKeys (ConfUtils.java:logGet(46)) - raft.server.log.appender.install.snapshot.enabled = false (custom)
2023-04-10 17:22:26,319 [pool-166-thread-1] INFO  server.RaftServerConfigKeys (ConfUtils.java:logGet(46)) - raft.server.threadpool.server.cached = true (default)
2023-04-10 17:22:26,319 [pool-166-thread-1] INFO  server.RaftServerConfigKeys (ConfUtils.java:logGet(46)) - raft.server.threadpool.server.size = 0 (default)
2023-04-10 17:22:26,319 [pool-166-thread-1] INFO  server.RaftServerConfigKeys (ConfUtils.java:logGet(46)) - raft.server.threadpool.client.cached = true (default)
2023-04-10 17:22:26,319 [pool-166-thread-1] INFO  server.RaftServerConfigKeys (ConfUtils.java:logGet(46)) - raft.server.threadpool.client.size = 0 (default)
2023-04-10 17:22:26,319 [pool-166-thread-1] INFO  storage.RaftStorageDirectory (RaftStorageDirectoryImpl.java:analyzeStorage(137)) - The storage directory /home/runner/work/ozone/ozone/hadoop-ozone/integration-test/target/test-dir/MiniOzoneClusterImpl-bd692c78-fb3a-4866-9e85-e2f4bd0dbf58/datanode-4/data/ratis/e0df58e8-daa2-4b2a-bf47-ce8a5b0b0470 does not exist. Creating ...
2023-04-10 17:22:26,323 [pool-166-thread-1] INFO  storage.RaftStorageDirectory (RaftStorageDirectoryImpl.java:tryLock(231)) - Lock on /home/runner/work/ozone/ozone/hadoop-ozone/integration-test/target/test-dir/MiniOzoneClusterImpl-bd692c78-fb3a-4866-9e85-e2f4bd0dbf58/datanode-4/data/ratis/e0df58e8-daa2-4b2a-bf47-ce8a5b0b0470/in_use.lock acquired by nodename 68953@fv-az201-37
2023-04-10 17:22:26,332 [pool-166-thread-1] INFO  storage.RaftStorage (RaftStorageImpl.java:format(96)) - Storage directory /home/runner/work/ozone/ozone/hadoop-ozone/integration-test/target/test-dir/MiniOzoneClusterImpl-bd692c78-fb3a-4866-9e85-e2f4bd0dbf58/datanode-4/data/ratis/e0df58e8-daa2-4b2a-bf47-ce8a5b0b0470 has been successfully formatted.
2023-04-10 17:22:26,333 [pool-166-thread-1] INFO  ratis.ContainerStateMachine (ContainerStateMachine.java:loadSnapshot(262)) - group-CE8A5B0B0470: The snapshot info is null. Setting the last applied indexto:(t:0, i:~)
2023-04-10 17:22:26,333 [pool-166-thread-1] INFO  server.RaftServerConfigKeys (ConfUtils.java:logGet(46)) - raft.server.log.use.memory = false (default)
2023-04-10 17:22:26,333 [pool-166-thread-1] INFO  server.RaftServerConfigKeys (ConfUtils.java:logGet(46)) - raft.server.log.purge.gap = 1000000 (custom)
2023-04-10 17:22:26,333 [pool-166-thread-1] INFO  server.RaftServerConfigKeys (ConfUtils.java:logGet(46)) - raft.server.log.appender.buffer.byte-limit = 33554432 (custom)
2023-04-10 17:22:26,333 [pool-166-thread-1] INFO  server.RaftServerConfigKeys (ConfUtils.java:logGet(46)) - raft.server.log.statemachine.data.read.timeout = 1000ms (default)
2023-04-10 17:22:26,333 [pool-166-thread-1] INFO  server.RaftServerConfigKeys (ConfUtils.java:logGet(46)) - raft.server.log.purge.preservation.log.num = 0 (default)
2023-04-10 17:22:26,336 [pool-166-thread-1] INFO  server.RaftServerConfigKeys (ConfUtils.java:logGet(46)) - raft.server.log.segment.size.max = 1048576 (custom)
2023-04-10 17:22:26,336 [pool-166-thread-1] INFO  server.RaftServerConfigKeys (ConfUtils.java:logGet(46)) - raft.server.log.segment.cache.num.max = 2 (custom)
2023-04-10 17:22:26,336 [pool-166-thread-1] INFO  server.RaftServerConfigKeys (ConfUtils.java:logGet(46)) - raft.server.log.segment.cache.size.max = 200MB (=209715200) (default)
2023-04-10 17:22:26,338 [pool-166-thread-1] INFO  segmented.SegmentedRaftLogWorker (SegmentedRaftLogWorker.java:<init>(189)) - new c97d6447-1a4d-4694-905e-ecb7e619760c@group-CE8A5B0B0470-SegmentedRaftLogWorker for RaftStorageImpl:Storage Directory /home/runner/work/ozone/ozone/hadoop-ozone/integration-test/target/test-dir/MiniOzoneClusterImpl-bd692c78-fb3a-4866-9e85-e2f4bd0dbf58/datanode-4/data/ratis/e0df58e8-daa2-4b2a-bf47-ce8a5b0b0470
2023-04-10 17:22:26,338 [pool-166-thread-1] INFO  server.RaftServerConfigKeys (ConfUtils.java:logGet(46)) - raft.server.log.queue.byte-limit = 4294967296 (custom)
2023-04-10 17:22:26,338 [pool-166-thread-1] INFO  server.RaftServerConfigKeys (ConfUtils.java:logGet(46)) - raft.server.log.queue.element-limit = 1024 (custom)
2023-04-10 17:22:26,338 [pool-166-thread-1] INFO  server.RaftServerConfigKeys (ConfUtils.java:logGet(46)) - raft.server.log.segment.size.max = 1048576 (custom)
2023-04-10 17:22:26,338 [pool-166-thread-1] INFO  server.RaftServerConfigKeys (ConfUtils.java:logGet(46)) - raft.server.log.preallocated.size = 16384 (custom)
2023-04-10 17:22:26,338 [pool-166-thread-1] INFO  server.RaftServerConfigKeys (ConfUtils.java:logGet(46)) - raft.server.log.force.sync.num = 128 (default)
2023-04-10 17:22:26,338 [pool-166-thread-1] INFO  server.RaftServerConfigKeys (ConfUtils.java:logGet(46)) - raft.server.log.statemachine.data.sync = true (default)
2023-04-10 17:22:26,338 [pool-166-thread-1] INFO  server.RaftServerConfigKeys (ConfUtils.java:logGet(46)) - raft.server.log.statemachine.data.sync.timeout = 10s (default)
2023-04-10 17:22:26,338 [pool-166-thread-1] INFO  server.RaftServerConfigKeys (ConfUtils.java:logGet(46)) - raft.server.log.statemachine.data.sync.timeout.retry = -1 (default)
2023-04-10 17:22:26,339 [EventQueue-OpenPipelineForHealthyPipelineSafeModeRule] INFO  safemode.SCMSafeModeManager (HealthyPipelineSafeModeRule.java:process(137)) - SCM in safe mode. Healthy pipelines reported count is 0, required healthy pipeline reported count is 1
2023-04-10 17:22:26,340 [pool-166-thread-1] INFO  server.RaftServerConfigKeys (ConfUtils.java:logGet(46)) - raft.server.log.write.buffer.size = 1048576 (custom)
2023-04-10 17:22:26,343 [pool-166-thread-1] INFO  server.RaftServerConfigKeys (ConfUtils.java:logGet(46)) - raft.server.log.appender.buffer.byte-limit = 33554432 (custom)
2023-04-10 17:22:26,349 [pool-166-thread-1] INFO  server.RaftServerConfigKeys (ConfUtils.java:logGet(46)) - raft.server.log.unsafe-flush.enabled = false (default)
2023-04-10 17:22:26,349 [pool-166-thread-1] INFO  server.RaftServerConfigKeys (ConfUtils.java:logGet(46)) - raft.server.log.async-flush.enabled = false (default)
2023-04-10 17:22:26,349 [pool-166-thread-1] INFO  server.RaftServerConfigKeys (ConfUtils.java:logGet(46)) - raft.server.log.statemachine.data.caching.enabled = true (custom)
2023-04-10 17:22:26,349 [pool-166-thread-1] INFO  segmented.SegmentedRaftLogWorker (SegmentedRaftLogWorker.java:lambda$new$0(135)) - c97d6447-1a4d-4694-905e-ecb7e619760c@group-CE8A5B0B0470-SegmentedRaftLogWorker: flushIndex: setUnconditionally 0 -> -1
2023-04-10 17:22:26,349 [pool-166-thread-1] INFO  segmented.SegmentedRaftLogWorker (SegmentedRaftLogWorker.java:lambda$new$0(135)) - c97d6447-1a4d-4694-905e-ecb7e619760c@group-CE8A5B0B0470-SegmentedRaftLogWorker: safeCacheEvictIndex: setUnconditionally 0 -> -1
2023-04-10 17:22:26,350 [pool-166-thread-1] INFO  server.RaftServer$Division (RaftServerImpl.java:start(334)) - c97d6447-1a4d-4694-905e-ecb7e619760c@group-CE8A5B0B0470: start as a follower, conf=-1: peers:[5409a7e1-30d0-4745-ac51-a822fb81fdf2|rpc:10.1.0.59:44977|dataStream:10.1.0.59:46461|priority:1|startupRole:FOLLOWER, a57f48d7-536d-4afe-bf9f-8dd3ac661106|rpc:10.1.0.59:46547|dataStream:10.1.0.59:36673|priority:0|startupRole:FOLLOWER, c97d6447-1a4d-4694-905e-ecb7e619760c|rpc:10.1.0.59:37075|dataStream:10.1.0.59:44001|priority:0|startupRole:FOLLOWER]|listeners:[], old=null
2023-04-10 17:22:26,353 [pool-166-thread-1] INFO  server.RaftServer$Division (RaftServerImpl.java:setRole(321)) - c97d6447-1a4d-4694-905e-ecb7e619760c@group-CE8A5B0B0470: changes role from      null to FOLLOWER at term 0 for startAsFollower
2023-04-10 17:22:26,353 [pool-166-thread-1] INFO  impl.RoleInfo (RoleInfo.java:updateAndGet(139)) - c97d6447-1a4d-4694-905e-ecb7e619760c: start c97d6447-1a4d-4694-905e-ecb7e619760c@group-CE8A5B0B0470-FollowerState
2023-04-10 17:22:26,353 [pool-166-thread-1] INFO  util.JmxRegister (JmxRegister.java:tryRegister(44)) - Successfully registered JMX Bean with object name Ratis:service=RaftServer,group=group-CE8A5B0B0470,id=c97d6447-1a4d-4694-905e-ecb7e619760c
2023-04-10 17:22:26,353 [pool-166-thread-1] INFO  server.RaftServerConfigKeys (ConfUtils.java:logGet(46)) - raft.server.snapshot.auto.trigger.enabled = true (custom)
2023-04-10 17:22:26,353 [pool-166-thread-1] INFO  server.RaftServerConfigKeys (ConfUtils.java:logGet(46)) - raft.server.snapshot.auto.trigger.threshold = 1 (custom)
2023-04-10 17:22:26,353 [pool-166-thread-1] INFO  server.RaftServerConfigKeys (ConfUtils.java:logGet(46)) - raft.server.snapshot.retention.file.num = 5 (custom)
2023-04-10 17:22:26,353 [pool-166-thread-1] INFO  server.RaftServerConfigKeys (ConfUtils.java:logGet(46)) - raft.server.log.purge.upto.snapshot.index = false (default)
2023-04-10 17:22:26,354 [c97d6447-1a4d-4694-905e-ecb7e619760c@group-CE8A5B0B0470-FollowerState] INFO  server.RaftServerConfigKeys (ConfUtils.java:logFallback(53)) - raft.server.rpc.first-election.timeout.min = 5s (fallback to raft.server.rpc.timeout.min)
2023-04-10 17:22:26,355 [Command processor thread] INFO  ratis.XceiverServerRatis (XceiverServerRatis.java:addGroup(806)) - Created group PipelineID=e0df58e8-daa2-4b2a-bf47-ce8a5b0b0470
2023-04-10 17:22:26,356 [c97d6447-1a4d-4694-905e-ecb7e619760c@group-CE8A5B0B0470-FollowerState] INFO  server.RaftServerConfigKeys (ConfUtils.java:logFallback(53)) - raft.server.rpc.first-election.timeout.max = 5200ms (fallback to raft.server.rpc.timeout.max)
2023-04-10 17:22:26,376 [grpc-default-executor-1] INFO  server.RaftServer (RaftServerProxy.java:addNew(96)) - a57f48d7-536d-4afe-bf9f-8dd3ac661106: addNew group-CE8A5B0B0470:[5409a7e1-30d0-4745-ac51-a822fb81fdf2|rpc:10.1.0.59:44977|dataStream:10.1.0.59:46461|priority:1|startupRole:FOLLOWER, a57f48d7-536d-4afe-bf9f-8dd3ac661106|rpc:10.1.0.59:46547|dataStream:10.1.0.59:36673|priority:0|startupRole:FOLLOWER, c97d6447-1a4d-4694-905e-ecb7e619760c|rpc:10.1.0.59:37075|dataStream:10.1.0.59:44001|priority:0|startupRole:FOLLOWER] returns group-CE8A5B0B0470:java.util.concurrent.CompletableFuture@5f64bbc7[Not completed]
2023-04-10 17:22:26,377 [pool-188-thread-1] INFO  server.RaftServer$Division (RaftServerImpl.java:<init>(195)) - a57f48d7-536d-4afe-bf9f-8dd3ac661106: new RaftServerImpl for group-CE8A5B0B0470:[5409a7e1-30d0-4745-ac51-a822fb81fdf2|rpc:10.1.0.59:44977|dataStream:10.1.0.59:46461|priority:1|startupRole:FOLLOWER, a57f48d7-536d-4afe-bf9f-8dd3ac661106|rpc:10.1.0.59:46547|dataStream:10.1.0.59:36673|priority:0|startupRole:FOLLOWER, c97d6447-1a4d-4694-905e-ecb7e619760c|rpc:10.1.0.59:37075|dataStream:10.1.0.59:44001|priority:0|startupRole:FOLLOWER] with ContainerStateMachine:uninitialized
2023-04-10 17:22:26,377 [pool-188-thread-1] INFO  server.RaftServerConfigKeys (ConfUtils.java:logGet(46)) - raft.server.rpc.timeout.min = 5s (custom)
2023-04-10 17:22:26,377 [pool-188-thread-1] INFO  server.RaftServerConfigKeys (ConfUtils.java:logGet(46)) - raft.server.rpc.timeout.max = 5200ms (custom)
2023-04-10 17:22:26,377 [pool-188-thread-1] INFO  server.RaftServerConfigKeys (ConfUtils.java:logGet(46)) - raft.server.rpc.sleep.time = 25ms (default)
2023-04-10 17:22:26,377 [pool-188-thread-1] INFO  server.RaftServerConfigKeys (ConfUtils.java:logGet(46)) - raft.server.rpc.slowness.timeout = 300000ms (custom)
2023-04-10 17:22:26,377 [pool-188-thread-1] INFO  server.RaftServerConfigKeys (ConfUtils.java:logGet(46)) - raft.server.leaderelection.leader.step-down.wait-time = 10s (default)
2023-04-10 17:22:26,377 [pool-188-thread-1] INFO  server.RaftServerConfigKeys (ConfUtils.java:logGet(46)) - raft.server.sleep.deviation.threshold = 300ms (default)
2023-04-10 17:22:26,377 [pool-188-thread-1] INFO  server.RaftServer$Division (ServerState.java:<init>(118)) - a57f48d7-536d-4afe-bf9f-8dd3ac661106@group-CE8A5B0B0470: ConfigurationManager, init=-1: peers:[5409a7e1-30d0-4745-ac51-a822fb81fdf2|rpc:10.1.0.59:44977|dataStream:10.1.0.59:46461|priority:1|startupRole:FOLLOWER, a57f48d7-536d-4afe-bf9f-8dd3ac661106|rpc:10.1.0.59:46547|dataStream:10.1.0.59:36673|priority:0|startupRole:FOLLOWER, c97d6447-1a4d-4694-905e-ecb7e619760c|rpc:10.1.0.59:37075|dataStream:10.1.0.59:44001|priority:0|startupRole:FOLLOWER]|listeners:[], old=null, confs=<EMPTY_MAP>
2023-04-10 17:22:26,377 [pool-188-thread-1] INFO  server.RaftServerConfigKeys (ConfUtils.java:logGet(46)) - raft.server.storage.dir = [/home/runner/work/ozone/ozone/hadoop-ozone/integration-test/target/test-dir/MiniOzoneClusterImpl-bd692c78-fb3a-4866-9e85-e2f4bd0dbf58/datanode-5/data/ratis] (custom)
2023-04-10 17:22:26,377 [pool-188-thread-1] INFO  server.RaftServerConfigKeys (ConfUtils.java:logGet(46)) - raft.server.log.corruption.policy = EXCEPTION (default)
2023-04-10 17:22:26,378 [pool-188-thread-1] INFO  server.RaftServerConfigKeys (ConfUtils.java:logGet(46)) - raft.server.storage.free-space.min = 0MB (=0) (default)
2023-04-10 17:22:26,378 [pool-188-thread-1] INFO  server.RaftServerConfigKeys (ConfUtils.java:logGet(46)) - raft.server.notification.no-leader.timeout = 300000ms (custom)
2023-04-10 17:22:26,378 [pool-188-thread-1] INFO  server.RaftServerConfigKeys (ConfUtils.java:logGet(46)) - raft.server.retrycache.expirytime = 600000ms (custom)
2023-04-10 17:22:26,378 [pool-188-thread-1] INFO  server.RaftServerConfigKeys (ConfUtils.java:logGet(46)) - raft.server.retrycache.statistics.expirytime = 100μs (default)
2023-04-10 17:22:26,379 [pool-188-thread-1] INFO  server.RaftServerConfigKeys (ConfUtils.java:logGet(46)) - raft.server.log.appender.install.snapshot.enabled = false (custom)
2023-04-10 17:22:26,379 [pool-188-thread-1] INFO  server.RaftServerConfigKeys (ConfUtils.java:logGet(46)) - raft.server.threadpool.server.cached = true (default)
2023-04-10 17:22:26,379 [pool-188-thread-1] INFO  server.RaftServerConfigKeys (ConfUtils.java:logGet(46)) - raft.server.threadpool.server.size = 0 (default)
2023-04-10 17:22:26,379 [pool-188-thread-1] INFO  server.RaftServerConfigKeys (ConfUtils.java:logGet(46)) - raft.server.threadpool.client.cached = true (default)
2023-04-10 17:22:26,379 [pool-188-thread-1] INFO  server.RaftServerConfigKeys (ConfUtils.java:logGet(46)) - raft.server.threadpool.client.size = 0 (default)
2023-04-10 17:22:26,379 [pool-188-thread-1] INFO  storage.RaftStorageDirectory (RaftStorageDirectoryImpl.java:analyzeStorage(137)) - The storage directory /home/runner/work/ozone/ozone/hadoop-ozone/integration-test/target/test-dir/MiniOzoneClusterImpl-bd692c78-fb3a-4866-9e85-e2f4bd0dbf58/datanode-5/data/ratis/e0df58e8-daa2-4b2a-bf47-ce8a5b0b0470 does not exist. Creating ...
2023-04-10 17:22:26,380 [pool-188-thread-1] INFO  storage.RaftStorageDirectory (RaftStorageDirectoryImpl.java:tryLock(231)) - Lock on /home/runner/work/ozone/ozone/hadoop-ozone/integration-test/target/test-dir/MiniOzoneClusterImpl-bd692c78-fb3a-4866-9e85-e2f4bd0dbf58/datanode-5/data/ratis/e0df58e8-daa2-4b2a-bf47-ce8a5b0b0470/in_use.lock acquired by nodename 68953@fv-az201-37
2023-04-10 17:22:26,381 [pool-188-thread-1] INFO  storage.RaftStorage (RaftStorageImpl.java:format(96)) - Storage directory /home/runner/work/ozone/ozone/hadoop-ozone/integration-test/target/test-dir/MiniOzoneClusterImpl-bd692c78-fb3a-4866-9e85-e2f4bd0dbf58/datanode-5/data/ratis/e0df58e8-daa2-4b2a-bf47-ce8a5b0b0470 has been successfully formatted.
2023-04-10 17:22:26,381 [pool-188-thread-1] INFO  ratis.ContainerStateMachine (ContainerStateMachine.java:loadSnapshot(262)) - group-CE8A5B0B0470: The snapshot info is null. Setting the last applied indexto:(t:0, i:~)
2023-04-10 17:22:26,381 [pool-188-thread-1] INFO  server.RaftServerConfigKeys (ConfUtils.java:logGet(46)) - raft.server.log.use.memory = false (default)
2023-04-10 17:22:26,382 [pool-188-thread-1] INFO  server.RaftServerConfigKeys (ConfUtils.java:logGet(46)) - raft.server.log.purge.gap = 1000000 (custom)
2023-04-10 17:22:26,382 [pool-188-thread-1] INFO  server.RaftServerConfigKeys (ConfUtils.java:logGet(46)) - raft.server.log.appender.buffer.byte-limit = 33554432 (custom)
2023-04-10 17:22:26,382 [pool-188-thread-1] INFO  server.RaftServerConfigKeys (ConfUtils.java:logGet(46)) - raft.server.log.statemachine.data.read.timeout = 1000ms (default)
2023-04-10 17:22:26,382 [pool-188-thread-1] INFO  server.RaftServerConfigKeys (ConfUtils.java:logGet(46)) - raft.server.log.purge.preservation.log.num = 0 (default)
2023-04-10 17:22:26,382 [pool-188-thread-1] INFO  server.RaftServerConfigKeys (ConfUtils.java:logGet(46)) - raft.server.log.segment.size.max = 1048576 (custom)
2023-04-10 17:22:26,382 [pool-188-thread-1] INFO  server.RaftServerConfigKeys (ConfUtils.java:logGet(46)) - raft.server.log.segment.cache.num.max = 2 (custom)
2023-04-10 17:22:26,383 [pool-188-thread-1] INFO  server.RaftServerConfigKeys (ConfUtils.java:logGet(46)) - raft.server.log.segment.cache.size.max = 200MB (=209715200) (default)
2023-04-10 17:22:26,383 [pool-188-thread-1] INFO  segmented.SegmentedRaftLogWorker (SegmentedRaftLogWorker.java:<init>(189)) - new a57f48d7-536d-4afe-bf9f-8dd3ac661106@group-CE8A5B0B0470-SegmentedRaftLogWorker for RaftStorageImpl:Storage Directory /home/runner/work/ozone/ozone/hadoop-ozone/integration-test/target/test-dir/MiniOzoneClusterImpl-bd692c78-fb3a-4866-9e85-e2f4bd0dbf58/datanode-5/data/ratis/e0df58e8-daa2-4b2a-bf47-ce8a5b0b0470
2023-04-10 17:22:26,384 [pool-188-thread-1] INFO  server.RaftServerConfigKeys (ConfUtils.java:logGet(46)) - raft.server.log.queue.byte-limit = 4294967296 (custom)
2023-04-10 17:22:26,385 [pool-188-thread-1] INFO  server.RaftServerConfigKeys (ConfUtils.java:logGet(46)) - raft.server.log.queue.element-limit = 1024 (custom)
2023-04-10 17:22:26,386 [pool-188-thread-1] INFO  server.RaftServerConfigKeys (ConfUtils.java:logGet(46)) - raft.server.log.segment.size.max = 1048576 (custom)
2023-04-10 17:22:26,386 [pool-188-thread-1] INFO  server.RaftServerConfigKeys (ConfUtils.java:logGet(46)) - raft.server.log.preallocated.size = 16384 (custom)
2023-04-10 17:22:26,386 [pool-188-thread-1] INFO  server.RaftServerConfigKeys (ConfUtils.java:logGet(46)) - raft.server.log.force.sync.num = 128 (default)
2023-04-10 17:22:26,386 [pool-188-thread-1] INFO  server.RaftServerConfigKeys (ConfUtils.java:logGet(46)) - raft.server.log.statemachine.data.sync = true (default)
2023-04-10 17:22:26,386 [pool-188-thread-1] INFO  server.RaftServerConfigKeys (ConfUtils.java:logGet(46)) - raft.server.log.statemachine.data.sync.timeout = 10s (default)
2023-04-10 17:22:26,386 [pool-188-thread-1] INFO  server.RaftServerConfigKeys (ConfUtils.java:logGet(46)) - raft.server.log.statemachine.data.sync.timeout.retry = -1 (default)
2023-04-10 17:22:26,387 [pool-188-thread-1] INFO  server.RaftServerConfigKeys (ConfUtils.java:logGet(46)) - raft.server.log.write.buffer.size = 1048576 (custom)
2023-04-10 17:22:26,387 [pool-188-thread-1] INFO  server.RaftServerConfigKeys (ConfUtils.java:logGet(46)) - raft.server.log.appender.buffer.byte-limit = 33554432 (custom)
2023-04-10 17:22:26,393 [pool-188-thread-1] INFO  server.RaftServerConfigKeys (ConfUtils.java:logGet(46)) - raft.server.log.unsafe-flush.enabled = false (default)
2023-04-10 17:22:26,393 [pool-188-thread-1] INFO  server.RaftServerConfigKeys (ConfUtils.java:logGet(46)) - raft.server.log.async-flush.enabled = false (default)
2023-04-10 17:22:26,393 [pool-188-thread-1] INFO  server.RaftServerConfigKeys (ConfUtils.java:logGet(46)) - raft.server.log.statemachine.data.caching.enabled = true (custom)
2023-04-10 17:22:26,394 [pool-188-thread-1] INFO  segmented.SegmentedRaftLogWorker (SegmentedRaftLogWorker.java:lambda$new$0(135)) - a57f48d7-536d-4afe-bf9f-8dd3ac661106@group-CE8A5B0B0470-SegmentedRaftLogWorker: flushIndex: setUnconditionally 0 -> -1
2023-04-10 17:22:26,394 [pool-188-thread-1] INFO  segmented.SegmentedRaftLogWorker (SegmentedRaftLogWorker.java:lambda$new$0(135)) - a57f48d7-536d-4afe-bf9f-8dd3ac661106@group-CE8A5B0B0470-SegmentedRaftLogWorker: safeCacheEvictIndex: setUnconditionally 0 -> -1
2023-04-10 17:22:26,400 [pool-188-thread-1] INFO  server.RaftServer$Division (RaftServerImpl.java:start(334)) - a57f48d7-536d-4afe-bf9f-8dd3ac661106@group-CE8A5B0B0470: start as a follower, conf=-1: peers:[5409a7e1-30d0-4745-ac51-a822fb81fdf2|rpc:10.1.0.59:44977|dataStream:10.1.0.59:46461|priority:1|startupRole:FOLLOWER, a57f48d7-536d-4afe-bf9f-8dd3ac661106|rpc:10.1.0.59:46547|dataStream:10.1.0.59:36673|priority:0|startupRole:FOLLOWER, c97d6447-1a4d-4694-905e-ecb7e619760c|rpc:10.1.0.59:37075|dataStream:10.1.0.59:44001|priority:0|startupRole:FOLLOWER]|listeners:[], old=null
2023-04-10 17:22:26,400 [pool-188-thread-1] INFO  server.RaftServer$Division (RaftServerImpl.java:setRole(321)) - a57f48d7-536d-4afe-bf9f-8dd3ac661106@group-CE8A5B0B0470: changes role from      null to FOLLOWER at term 0 for startAsFollower
2023-04-10 17:22:26,400 [pool-188-thread-1] INFO  impl.RoleInfo (RoleInfo.java:updateAndGet(139)) - a57f48d7-536d-4afe-bf9f-8dd3ac661106: start a57f48d7-536d-4afe-bf9f-8dd3ac661106@group-CE8A5B0B0470-FollowerState
2023-04-10 17:22:26,400 [pool-188-thread-1] INFO  util.JmxRegister (JmxRegister.java:tryRegister(44)) - Successfully registered JMX Bean with object name Ratis:service=RaftServer,group=group-CE8A5B0B0470,id=a57f48d7-536d-4afe-bf9f-8dd3ac661106
2023-04-10 17:22:26,400 [pool-188-thread-1] INFO  server.RaftServerConfigKeys (ConfUtils.java:logGet(46)) - raft.server.snapshot.auto.trigger.enabled = true (custom)
2023-04-10 17:22:26,400 [pool-188-thread-1] INFO  server.RaftServerConfigKeys (ConfUtils.java:logGet(46)) - raft.server.snapshot.auto.trigger.threshold = 1 (custom)
2023-04-10 17:22:26,400 [pool-188-thread-1] INFO  server.RaftServerConfigKeys (ConfUtils.java:logGet(46)) - raft.server.snapshot.retention.file.num = 5 (custom)
2023-04-10 17:22:26,400 [pool-188-thread-1] INFO  server.RaftServerConfigKeys (ConfUtils.java:logGet(46)) - raft.server.log.purge.upto.snapshot.index = false (default)
2023-04-10 17:22:26,402 [a57f48d7-536d-4afe-bf9f-8dd3ac661106@group-CE8A5B0B0470-FollowerState] INFO  server.RaftServerConfigKeys (ConfUtils.java:logFallback(53)) - raft.server.rpc.first-election.timeout.min = 5s (fallback to raft.server.rpc.timeout.min)
2023-04-10 17:22:26,404 [EventQueue-OpenPipelineForHealthyPipelineSafeModeRule] INFO  safemode.SCMSafeModeManager (HealthyPipelineSafeModeRule.java:process(137)) - SCM in safe mode. Healthy pipelines reported count is 0, required healthy pipeline reported count is 1
2023-04-10 17:22:26,419 [EventQueue-OpenPipelineForHealthyPipelineSafeModeRule] INFO  safemode.SCMSafeModeManager (HealthyPipelineSafeModeRule.java:process(137)) - SCM in safe mode. Healthy pipelines reported count is 0, required healthy pipeline reported count is 1
2023-04-10 17:22:26,419 [EventQueue-OpenPipelineForHealthyPipelineSafeModeRule] INFO  safemode.SCMSafeModeManager (HealthyPipelineSafeModeRule.java:process(137)) - SCM in safe mode. Healthy pipelines reported count is 0, required healthy pipeline reported count is 1
2023-04-10 17:22:26,421 [Command processor thread] INFO  commandhandler.CreatePipelineCommandHandler (CreatePipelineCommandHandler.java:handle(113)) - Created Pipeline RATIS THREE PipelineID=e0df58e8-daa2-4b2a-bf47-ce8a5b0b0470.
2023-04-10 17:22:26,419 [a57f48d7-536d-4afe-bf9f-8dd3ac661106@group-CE8A5B0B0470-FollowerState] INFO  server.RaftServerConfigKeys (ConfUtils.java:logFallback(53)) - raft.server.rpc.first-election.timeout.max = 5200ms (fallback to raft.server.rpc.timeout.max)
2023-04-10 17:22:26,446 [Command processor thread] INFO  commandhandler.CreatePipelineCommandHandler (CreatePipelineCommandHandler.java:handle(113)) - Created Pipeline RATIS THREE PipelineID=e0df58e8-daa2-4b2a-bf47-ce8a5b0b0470.
2023-04-10 17:22:26,448 [Command processor thread] INFO  server.RaftServer (RaftServerProxy.java:addNew(96)) - a57f48d7-536d-4afe-bf9f-8dd3ac661106: addNew group-0FA13A8FDF5E:[a57f48d7-536d-4afe-bf9f-8dd3ac661106|rpc:10.1.0.59:46547|dataStream:10.1.0.59:36673|priority:1|startupRole:FOLLOWER] returns group-0FA13A8FDF5E:java.util.concurrent.CompletableFuture@29eabcd2[Not completed]
2023-04-10 17:22:26,449 [pool-188-thread-1] INFO  server.RaftServer$Division (RaftServerImpl.java:<init>(195)) - a57f48d7-536d-4afe-bf9f-8dd3ac661106: new RaftServerImpl for group-0FA13A8FDF5E:[a57f48d7-536d-4afe-bf9f-8dd3ac661106|rpc:10.1.0.59:46547|dataStream:10.1.0.59:36673|priority:1|startupRole:FOLLOWER] with ContainerStateMachine:uninitialized
2023-04-10 17:22:26,450 [pool-188-thread-1] INFO  server.RaftServerConfigKeys (ConfUtils.java:logGet(46)) - raft.server.rpc.timeout.min = 5s (custom)
2023-04-10 17:22:26,450 [pool-188-thread-1] INFO  server.RaftServerConfigKeys (ConfUtils.java:logGet(46)) - raft.server.rpc.timeout.max = 5200ms (custom)
2023-04-10 17:22:26,450 [pool-188-thread-1] INFO  server.RaftServerConfigKeys (ConfUtils.java:logGet(46)) - raft.server.rpc.sleep.time = 25ms (default)
2023-04-10 17:22:26,450 [pool-188-thread-1] INFO  server.RaftServerConfigKeys (ConfUtils.java:logGet(46)) - raft.server.rpc.slowness.timeout = 300000ms (custom)
2023-04-10 17:22:26,450 [pool-188-thread-1] INFO  server.RaftServerConfigKeys (ConfUtils.java:logGet(46)) - raft.server.leaderelection.leader.step-down.wait-time = 10s (default)
2023-04-10 17:22:26,450 [pool-188-thread-1] INFO  server.RaftServerConfigKeys (ConfUtils.java:logGet(46)) - raft.server.sleep.deviation.threshold = 300ms (default)
2023-04-10 17:22:26,450 [pool-188-thread-1] INFO  server.RaftServer$Division (ServerState.java:<init>(118)) - a57f48d7-536d-4afe-bf9f-8dd3ac661106@group-0FA13A8FDF5E: ConfigurationManager, init=-1: peers:[a57f48d7-536d-4afe-bf9f-8dd3ac661106|rpc:10.1.0.59:46547|dataStream:10.1.0.59:36673|priority:1|startupRole:FOLLOWER]|listeners:[], old=null, confs=<EMPTY_MAP>
2023-04-10 17:22:26,450 [pool-188-thread-1] INFO  server.RaftServerConfigKeys (ConfUtils.java:logGet(46)) - raft.server.storage.dir = [/home/runner/work/ozone/ozone/hadoop-ozone/integration-test/target/test-dir/MiniOzoneClusterImpl-bd692c78-fb3a-4866-9e85-e2f4bd0dbf58/datanode-5/data/ratis] (custom)
2023-04-10 17:22:26,450 [pool-188-thread-1] INFO  server.RaftServerConfigKeys (ConfUtils.java:logGet(46)) - raft.server.log.corruption.policy = EXCEPTION (default)
2023-04-10 17:22:26,450 [pool-188-thread-1] INFO  server.RaftServerConfigKeys (ConfUtils.java:logGet(46)) - raft.server.storage.free-space.min = 0MB (=0) (default)
2023-04-10 17:22:26,450 [pool-188-thread-1] INFO  server.RaftServerConfigKeys (ConfUtils.java:logGet(46)) - raft.server.notification.no-leader.timeout = 300000ms (custom)
2023-04-10 17:22:26,450 [pool-188-thread-1] INFO  server.RaftServerConfigKeys (ConfUtils.java:logGet(46)) - raft.server.retrycache.expirytime = 600000ms (custom)
2023-04-10 17:22:26,450 [pool-188-thread-1] INFO  server.RaftServerConfigKeys (ConfUtils.java:logGet(46)) - raft.server.retrycache.statistics.expirytime = 100μs (default)
2023-04-10 17:22:26,451 [pool-188-thread-1] INFO  server.RaftServerConfigKeys (ConfUtils.java:logGet(46)) - raft.server.log.appender.install.snapshot.enabled = false (custom)
2023-04-10 17:22:26,451 [pool-188-thread-1] INFO  server.RaftServerConfigKeys (ConfUtils.java:logGet(46)) - raft.server.threadpool.server.cached = true (default)
2023-04-10 17:22:26,451 [pool-188-thread-1] INFO  server.RaftServerConfigKeys (ConfUtils.java:logGet(46)) - raft.server.threadpool.server.size = 0 (default)
2023-04-10 17:22:26,451 [pool-188-thread-1] INFO  server.RaftServerConfigKeys (ConfUtils.java:logGet(46)) - raft.server.threadpool.client.cached = true (default)
2023-04-10 17:22:26,451 [pool-188-thread-1] INFO  server.RaftServerConfigKeys (ConfUtils.java:logGet(46)) - raft.server.threadpool.client.size = 0 (default)
2023-04-10 17:22:26,452 [pool-188-thread-1] INFO  storage.RaftStorageDirectory (RaftStorageDirectoryImpl.java:analyzeStorage(137)) - The storage directory /home/runner/work/ozone/ozone/hadoop-ozone/integration-test/target/test-dir/MiniOzoneClusterImpl-bd692c78-fb3a-4866-9e85-e2f4bd0dbf58/datanode-5/data/ratis/f35a81f3-d6c1-4e4a-91a8-0fa13a8fdf5e does not exist. Creating ...
2023-04-10 17:22:26,453 [pool-188-thread-1] INFO  storage.RaftStorageDirectory (RaftStorageDirectoryImpl.java:tryLock(231)) - Lock on /home/runner/work/ozone/ozone/hadoop-ozone/integration-test/target/test-dir/MiniOzoneClusterImpl-bd692c78-fb3a-4866-9e85-e2f4bd0dbf58/datanode-5/data/ratis/f35a81f3-d6c1-4e4a-91a8-0fa13a8fdf5e/in_use.lock acquired by nodename 68953@fv-az201-37
2023-04-10 17:22:26,453 [pool-188-thread-1] INFO  storage.RaftStorage (RaftStorageImpl.java:format(96)) - Storage directory /home/runner/work/ozone/ozone/hadoop-ozone/integration-test/target/test-dir/MiniOzoneClusterImpl-bd692c78-fb3a-4866-9e85-e2f4bd0dbf58/datanode-5/data/ratis/f35a81f3-d6c1-4e4a-91a8-0fa13a8fdf5e has been successfully formatted.
2023-04-10 17:22:26,454 [pool-188-thread-1] INFO  ratis.ContainerStateMachine (ContainerStateMachine.java:loadSnapshot(262)) - group-0FA13A8FDF5E: The snapshot info is null. Setting the last applied indexto:(t:0, i:~)
2023-04-10 17:22:26,455 [pool-188-thread-1] INFO  server.RaftServerConfigKeys (ConfUtils.java:logGet(46)) - raft.server.log.use.memory = false (default)
2023-04-10 17:22:26,455 [pool-188-thread-1] INFO  server.RaftServerConfigKeys (ConfUtils.java:logGet(46)) - raft.server.log.purge.gap = 1000000 (custom)
2023-04-10 17:22:26,455 [pool-188-thread-1] INFO  server.RaftServerConfigKeys (ConfUtils.java:logGet(46)) - raft.server.log.appender.buffer.byte-limit = 33554432 (custom)
2023-04-10 17:22:26,455 [pool-188-thread-1] INFO  server.RaftServerConfigKeys (ConfUtils.java:logGet(46)) - raft.server.log.statemachine.data.read.timeout = 1000ms (default)
2023-04-10 17:22:26,455 [pool-188-thread-1] INFO  server.RaftServerConfigKeys (ConfUtils.java:logGet(46)) - raft.server.log.purge.preservation.log.num = 0 (default)
2023-04-10 17:22:26,455 [pool-188-thread-1] INFO  server.RaftServerConfigKeys (ConfUtils.java:logGet(46)) - raft.server.log.segment.size.max = 1048576 (custom)
2023-04-10 17:22:26,455 [EventQueue-OpenPipelineForHealthyPipelineSafeModeRule] INFO  safemode.SCMSafeModeManager (HealthyPipelineSafeModeRule.java:process(137)) - SCM in safe mode. Healthy pipelines reported count is 0, required healthy pipeline reported count is 1
2023-04-10 17:22:26,455 [pool-188-thread-1] INFO  server.RaftServerConfigKeys (ConfUtils.java:logGet(46)) - raft.server.log.segment.cache.num.max = 2 (custom)
2023-04-10 17:22:26,455 [pool-188-thread-1] INFO  server.RaftServerConfigKeys (ConfUtils.java:logGet(46)) - raft.server.log.segment.cache.size.max = 200MB (=209715200) (default)
2023-04-10 17:22:26,455 [pool-188-thread-1] INFO  segmented.SegmentedRaftLogWorker (SegmentedRaftLogWorker.java:<init>(189)) - new a57f48d7-536d-4afe-bf9f-8dd3ac661106@group-0FA13A8FDF5E-SegmentedRaftLogWorker for RaftStorageImpl:Storage Directory /home/runner/work/ozone/ozone/hadoop-ozone/integration-test/target/test-dir/MiniOzoneClusterImpl-bd692c78-fb3a-4866-9e85-e2f4bd0dbf58/datanode-5/data/ratis/f35a81f3-d6c1-4e4a-91a8-0fa13a8fdf5e
2023-04-10 17:22:26,456 [pool-188-thread-1] INFO  server.RaftServerConfigKeys (ConfUtils.java:logGet(46)) - raft.server.log.queue.byte-limit = 4294967296 (custom)
2023-04-10 17:22:26,456 [pool-188-thread-1] INFO  server.RaftServerConfigKeys (ConfUtils.java:logGet(46)) - raft.server.log.queue.element-limit = 1024 (custom)
2023-04-10 17:22:26,456 [pool-188-thread-1] INFO  server.RaftServerConfigKeys (ConfUtils.java:logGet(46)) - raft.server.log.segment.size.max = 1048576 (custom)
2023-04-10 17:22:26,456 [pool-188-thread-1] INFO  server.RaftServerConfigKeys (ConfUtils.java:logGet(46)) - raft.server.log.preallocated.size = 16384 (custom)
2023-04-10 17:22:26,456 [pool-188-thread-1] INFO  server.RaftServerConfigKeys (ConfUtils.java:logGet(46)) - raft.server.log.force.sync.num = 128 (default)
2023-04-10 17:22:26,456 [pool-188-thread-1] INFO  server.RaftServerConfigKeys (ConfUtils.java:logGet(46)) - raft.server.log.statemachine.data.sync = true (default)
2023-04-10 17:22:26,456 [pool-188-thread-1] INFO  server.RaftServerConfigKeys (ConfUtils.java:logGet(46)) - raft.server.log.statemachine.data.sync.timeout = 10s (default)
2023-04-10 17:22:26,456 [pool-188-thread-1] INFO  server.RaftServerConfigKeys (ConfUtils.java:logGet(46)) - raft.server.log.statemachine.data.sync.timeout.retry = -1 (default)
2023-04-10 17:22:26,456 [EventQueue-PipelineReportForPipelineReportHandler] INFO  pipeline.PipelineManagerImpl (PipelineManagerImpl.java:openPipeline(367)) - Pipeline Pipeline[ Id: f35a81f3-d6c1-4e4a-91a8-0fa13a8fdf5e, Nodes: a57f48d7-536d-4afe-bf9f-8dd3ac661106(fv-az201-37/10.1.0.59), ReplicationConfig: RATIS/ONE, State:ALLOCATED, leaderId:a57f48d7-536d-4afe-bf9f-8dd3ac661106, CreationTimestamp2023-04-10T17:22:23.452Z[Etc/UTC]] moved to OPEN state
2023-04-10 17:22:26,457 [pool-188-thread-1] INFO  server.RaftServerConfigKeys (ConfUtils.java:logGet(46)) - raft.server.log.write.buffer.size = 1048576 (custom)
2023-04-10 17:22:26,457 [EventQueue-OpenPipelineForHealthyPipelineSafeModeRule] INFO  safemode.SCMSafeModeManager (HealthyPipelineSafeModeRule.java:process(137)) - SCM in safe mode. Healthy pipelines reported count is 0, required healthy pipeline reported count is 1
2023-04-10 17:22:26,457 [pool-188-thread-1] INFO  server.RaftServerConfigKeys (ConfUtils.java:logGet(46)) - raft.server.log.appender.buffer.byte-limit = 33554432 (custom)
2023-04-10 17:22:26,465 [pool-188-thread-1] INFO  server.RaftServerConfigKeys (ConfUtils.java:logGet(46)) - raft.server.log.unsafe-flush.enabled = false (default)
2023-04-10 17:22:26,465 [pool-188-thread-1] INFO  server.RaftServerConfigKeys (ConfUtils.java:logGet(46)) - raft.server.log.async-flush.enabled = false (default)
2023-04-10 17:22:26,465 [pool-188-thread-1] INFO  server.RaftServerConfigKeys (ConfUtils.java:logGet(46)) - raft.server.log.statemachine.data.caching.enabled = true (custom)
2023-04-10 17:22:26,465 [pool-188-thread-1] INFO  segmented.SegmentedRaftLogWorker (SegmentedRaftLogWorker.java:lambda$new$0(135)) - a57f48d7-536d-4afe-bf9f-8dd3ac661106@group-0FA13A8FDF5E-SegmentedRaftLogWorker: flushIndex: setUnconditionally 0 -> -1
2023-04-10 17:22:26,465 [pool-188-thread-1] INFO  segmented.SegmentedRaftLogWorker (SegmentedRaftLogWorker.java:lambda$new$0(135)) - a57f48d7-536d-4afe-bf9f-8dd3ac661106@group-0FA13A8FDF5E-SegmentedRaftLogWorker: safeCacheEvictIndex: setUnconditionally 0 -> -1
2023-04-10 17:22:26,465 [pool-188-thread-1] INFO  server.RaftServer$Division (RaftServerImpl.java:start(334)) - a57f48d7-536d-4afe-bf9f-8dd3ac661106@group-0FA13A8FDF5E: start as a follower, conf=-1: peers:[a57f48d7-536d-4afe-bf9f-8dd3ac661106|rpc:10.1.0.59:46547|dataStream:10.1.0.59:36673|priority:1|startupRole:FOLLOWER]|listeners:[], old=null
2023-04-10 17:22:26,465 [pool-188-thread-1] INFO  server.RaftServer$Division (RaftServerImpl.java:setRole(321)) - a57f48d7-536d-4afe-bf9f-8dd3ac661106@group-0FA13A8FDF5E: changes role from      null to FOLLOWER at term 0 for startAsFollower
2023-04-10 17:22:26,465 [pool-188-thread-1] INFO  impl.RoleInfo (RoleInfo.java:updateAndGet(139)) - a57f48d7-536d-4afe-bf9f-8dd3ac661106: start a57f48d7-536d-4afe-bf9f-8dd3ac661106@group-0FA13A8FDF5E-FollowerState
2023-04-10 17:22:26,466 [pool-188-thread-1] INFO  util.JmxRegister (JmxRegister.java:tryRegister(44)) - Successfully registered JMX Bean with object name Ratis:service=RaftServer,group=group-0FA13A8FDF5E,id=a57f48d7-536d-4afe-bf9f-8dd3ac661106
2023-04-10 17:22:26,466 [pool-188-thread-1] INFO  server.RaftServerConfigKeys (ConfUtils.java:logGet(46)) - raft.server.snapshot.auto.trigger.enabled = true (custom)
2023-04-10 17:22:26,466 [pool-188-thread-1] INFO  server.RaftServerConfigKeys (ConfUtils.java:logGet(46)) - raft.server.snapshot.auto.trigger.threshold = 1 (custom)
2023-04-10 17:22:26,466 [pool-188-thread-1] INFO  server.RaftServerConfigKeys (ConfUtils.java:logGet(46)) - raft.server.snapshot.retention.file.num = 5 (custom)
2023-04-10 17:22:26,466 [pool-188-thread-1] INFO  server.RaftServerConfigKeys (ConfUtils.java:logGet(46)) - raft.server.log.purge.upto.snapshot.index = false (default)
2023-04-10 17:22:26,467 [a57f48d7-536d-4afe-bf9f-8dd3ac661106@group-0FA13A8FDF5E-FollowerState] INFO  server.RaftServerConfigKeys (ConfUtils.java:logFallback(53)) - raft.server.rpc.first-election.timeout.min = 5s (fallback to raft.server.rpc.timeout.min)
2023-04-10 17:22:26,467 [a57f48d7-536d-4afe-bf9f-8dd3ac661106@group-0FA13A8FDF5E-FollowerState] INFO  server.RaftServerConfigKeys (ConfUtils.java:logFallback(53)) - raft.server.rpc.first-election.timeout.max = 5200ms (fallback to raft.server.rpc.timeout.max)
2023-04-10 17:22:26,467 [Command processor thread] INFO  ratis.XceiverServerRatis (XceiverServerRatis.java:addGroup(806)) - Created group PipelineID=f35a81f3-d6c1-4e4a-91a8-0fa13a8fdf5e
2023-04-10 17:22:26,467 [Command processor thread] INFO  commandhandler.CreatePipelineCommandHandler (CreatePipelineCommandHandler.java:handle(113)) - Created Pipeline RATIS ONE PipelineID=f35a81f3-d6c1-4e4a-91a8-0fa13a8fdf5e.
2023-04-10 17:22:26,535 [EventQueue-OpenPipelineForHealthyPipelineSafeModeRule] INFO  safemode.SCMSafeModeManager (HealthyPipelineSafeModeRule.java:process(137)) - SCM in safe mode. Healthy pipelines reported count is 0, required healthy pipeline reported count is 1
2023-04-10 17:22:26,605 [EventQueue-OpenPipelineForHealthyPipelineSafeModeRule] INFO  safemode.SCMSafeModeManager (HealthyPipelineSafeModeRule.java:process(137)) - SCM in safe mode. Healthy pipelines reported count is 0, required healthy pipeline reported count is 1
2023-04-10 17:22:26,606 [EventQueue-OpenPipelineForHealthyPipelineSafeModeRule] INFO  safemode.SCMSafeModeManager (HealthyPipelineSafeModeRule.java:process(137)) - SCM in safe mode. Healthy pipelines reported count is 0, required healthy pipeline reported count is 1
2023-04-10 17:22:26,607 [EventQueue-OpenPipelineForHealthyPipelineSafeModeRule] INFO  safemode.SCMSafeModeManager (HealthyPipelineSafeModeRule.java:process(137)) - SCM in safe mode. Healthy pipelines reported count is 0, required healthy pipeline reported count is 1
2023-04-10 17:22:26,655 [EventQueue-OpenPipelineForHealthyPipelineSafeModeRule] INFO  safemode.SCMSafeModeManager (HealthyPipelineSafeModeRule.java:process(137)) - SCM in safe mode. Healthy pipelines reported count is 0, required healthy pipeline reported count is 1
2023-04-10 17:22:26,735 [EventQueue-OpenPipelineForHealthyPipelineSafeModeRule] INFO  safemode.SCMSafeModeManager (HealthyPipelineSafeModeRule.java:process(137)) - SCM in safe mode. Healthy pipelines reported count is 0, required healthy pipeline reported count is 1
2023-04-10 17:22:26,806 [EventQueue-OpenPipelineForHealthyPipelineSafeModeRule] INFO  safemode.SCMSafeModeManager (HealthyPipelineSafeModeRule.java:process(137)) - SCM in safe mode. Healthy pipelines reported count is 0, required healthy pipeline reported count is 1
2023-04-10 17:22:26,807 [EventQueue-OpenPipelineForHealthyPipelineSafeModeRule] INFO  safemode.SCMSafeModeManager (HealthyPipelineSafeModeRule.java:process(137)) - SCM in safe mode. Healthy pipelines reported count is 0, required healthy pipeline reported count is 1
2023-04-10 17:22:26,855 [EventQueue-OpenPipelineForHealthyPipelineSafeModeRule] INFO  safemode.SCMSafeModeManager (HealthyPipelineSafeModeRule.java:process(137)) - SCM in safe mode. Healthy pipelines reported count is 0, required healthy pipeline reported count is 1
2023-04-10 17:22:26,856 [EventQueue-OpenPipelineForHealthyPipelineSafeModeRule] INFO  safemode.SCMSafeModeManager (HealthyPipelineSafeModeRule.java:process(137)) - SCM in safe mode. Healthy pipelines reported count is 0, required healthy pipeline reported count is 1
2023-04-10 17:22:26,864 [Command processor thread] INFO  server.RaftServer (RaftServerProxy.java:addNew(96)) - 813669ff-bde2-4a80-a354-dd4c167663c0: addNew group-9F2F294DDD23:[813669ff-bde2-4a80-a354-dd4c167663c0|rpc:10.1.0.59:46007|dataStream:10.1.0.59:43049|priority:1|startupRole:FOLLOWER] returns group-9F2F294DDD23:java.util.concurrent.CompletableFuture@4249716c[Not completed]
2023-04-10 17:22:26,865 [pool-214-thread-1] INFO  server.RaftServer$Division (RaftServerImpl.java:<init>(195)) - 813669ff-bde2-4a80-a354-dd4c167663c0: new RaftServerImpl for group-9F2F294DDD23:[813669ff-bde2-4a80-a354-dd4c167663c0|rpc:10.1.0.59:46007|dataStream:10.1.0.59:43049|priority:1|startupRole:FOLLOWER] with ContainerStateMachine:uninitialized
2023-04-10 17:22:26,866 [pool-214-thread-1] INFO  server.RaftServerConfigKeys (ConfUtils.java:logGet(46)) - raft.server.rpc.timeout.min = 5s (custom)
2023-04-10 17:22:26,866 [pool-214-thread-1] INFO  server.RaftServerConfigKeys (ConfUtils.java:logGet(46)) - raft.server.rpc.timeout.max = 5200ms (custom)
2023-04-10 17:22:26,866 [pool-214-thread-1] INFO  server.RaftServerConfigKeys (ConfUtils.java:logGet(46)) - raft.server.rpc.sleep.time = 25ms (default)
2023-04-10 17:22:26,866 [pool-214-thread-1] INFO  server.RaftServerConfigKeys (ConfUtils.java:logGet(46)) - raft.server.rpc.slowness.timeout = 300000ms (custom)
2023-04-10 17:22:26,866 [pool-214-thread-1] INFO  server.RaftServerConfigKeys (ConfUtils.java:logGet(46)) - raft.server.leaderelection.leader.step-down.wait-time = 10s (default)
2023-04-10 17:22:26,866 [pool-214-thread-1] INFO  server.RaftServerConfigKeys (ConfUtils.java:logGet(46)) - raft.server.sleep.deviation.threshold = 300ms (default)
2023-04-10 17:22:26,866 [pool-214-thread-1] INFO  server.RaftServer$Division (ServerState.java:<init>(118)) - 813669ff-bde2-4a80-a354-dd4c167663c0@group-9F2F294DDD23: ConfigurationManager, init=-1: peers:[813669ff-bde2-4a80-a354-dd4c167663c0|rpc:10.1.0.59:46007|dataStream:10.1.0.59:43049|priority:1|startupRole:FOLLOWER]|listeners:[], old=null, confs=<EMPTY_MAP>
2023-04-10 17:22:26,866 [pool-214-thread-1] INFO  server.RaftServerConfigKeys (ConfUtils.java:logGet(46)) - raft.server.storage.dir = [/home/runner/work/ozone/ozone/hadoop-ozone/integration-test/target/test-dir/MiniOzoneClusterImpl-bd692c78-fb3a-4866-9e85-e2f4bd0dbf58/datanode-6/data/ratis] (custom)
2023-04-10 17:22:26,866 [pool-214-thread-1] INFO  server.RaftServerConfigKeys (ConfUtils.java:logGet(46)) - raft.server.log.corruption.policy = EXCEPTION (default)
2023-04-10 17:22:26,866 [pool-214-thread-1] INFO  server.RaftServerConfigKeys (ConfUtils.java:logGet(46)) - raft.server.storage.free-space.min = 0MB (=0) (default)
2023-04-10 17:22:26,866 [pool-214-thread-1] INFO  server.RaftServerConfigKeys (ConfUtils.java:logGet(46)) - raft.server.notification.no-leader.timeout = 300000ms (custom)
2023-04-10 17:22:26,866 [pool-214-thread-1] INFO  server.RaftServerConfigKeys (ConfUtils.java:logGet(46)) - raft.server.retrycache.expirytime = 600000ms (custom)
2023-04-10 17:22:26,866 [pool-214-thread-1] INFO  server.RaftServerConfigKeys (ConfUtils.java:logGet(46)) - raft.server.retrycache.statistics.expirytime = 100μs (default)
2023-04-10 17:22:26,869 [pool-214-thread-1] INFO  server.RaftServerConfigKeys (ConfUtils.java:logGet(46)) - raft.server.log.appender.install.snapshot.enabled = false (custom)
2023-04-10 17:22:26,869 [pool-214-thread-1] INFO  server.RaftServerConfigKeys (ConfUtils.java:logGet(46)) - raft.server.threadpool.server.cached = true (default)
2023-04-10 17:22:26,869 [pool-214-thread-1] INFO  server.RaftServerConfigKeys (ConfUtils.java:logGet(46)) - raft.server.threadpool.server.size = 0 (default)
2023-04-10 17:22:26,869 [pool-214-thread-1] INFO  server.RaftServerConfigKeys (ConfUtils.java:logGet(46)) - raft.server.threadpool.client.cached = true (default)
2023-04-10 17:22:26,869 [pool-214-thread-1] INFO  server.RaftServerConfigKeys (ConfUtils.java:logGet(46)) - raft.server.threadpool.client.size = 0 (default)
2023-04-10 17:22:26,869 [pool-214-thread-1] INFO  storage.RaftStorageDirectory (RaftStorageDirectoryImpl.java:analyzeStorage(137)) - The storage directory /home/runner/work/ozone/ozone/hadoop-ozone/integration-test/target/test-dir/MiniOzoneClusterImpl-bd692c78-fb3a-4866-9e85-e2f4bd0dbf58/datanode-6/data/ratis/c29428e8-61f4-48d7-9a34-9f2f294ddd23 does not exist. Creating ...
2023-04-10 17:22:26,870 [pool-214-thread-1] INFO  storage.RaftStorageDirectory (RaftStorageDirectoryImpl.java:tryLock(231)) - Lock on /home/runner/work/ozone/ozone/hadoop-ozone/integration-test/target/test-dir/MiniOzoneClusterImpl-bd692c78-fb3a-4866-9e85-e2f4bd0dbf58/datanode-6/data/ratis/c29428e8-61f4-48d7-9a34-9f2f294ddd23/in_use.lock acquired by nodename 68953@fv-az201-37
2023-04-10 17:22:26,871 [pool-214-thread-1] INFO  storage.RaftStorage (RaftStorageImpl.java:format(96)) - Storage directory /home/runner/work/ozone/ozone/hadoop-ozone/integration-test/target/test-dir/MiniOzoneClusterImpl-bd692c78-fb3a-4866-9e85-e2f4bd0dbf58/datanode-6/data/ratis/c29428e8-61f4-48d7-9a34-9f2f294ddd23 has been successfully formatted.
2023-04-10 17:22:26,871 [pool-214-thread-1] INFO  ratis.ContainerStateMachine (ContainerStateMachine.java:loadSnapshot(262)) - group-9F2F294DDD23: The snapshot info is null. Setting the last applied indexto:(t:0, i:~)
2023-04-10 17:22:26,871 [pool-214-thread-1] INFO  server.RaftServerConfigKeys (ConfUtils.java:logGet(46)) - raft.server.log.use.memory = false (default)
2023-04-10 17:22:26,872 [pool-214-thread-1] INFO  server.RaftServerConfigKeys (ConfUtils.java:logGet(46)) - raft.server.log.purge.gap = 1000000 (custom)
2023-04-10 17:22:26,872 [pool-214-thread-1] INFO  server.RaftServerConfigKeys (ConfUtils.java:logGet(46)) - raft.server.log.appender.buffer.byte-limit = 33554432 (custom)
2023-04-10 17:22:26,872 [pool-214-thread-1] INFO  server.RaftServerConfigKeys (ConfUtils.java:logGet(46)) - raft.server.log.statemachine.data.read.timeout = 1000ms (default)
2023-04-10 17:22:26,872 [pool-214-thread-1] INFO  server.RaftServerConfigKeys (ConfUtils.java:logGet(46)) - raft.server.log.purge.preservation.log.num = 0 (default)
2023-04-10 17:22:26,872 [pool-214-thread-1] INFO  server.RaftServerConfigKeys (ConfUtils.java:logGet(46)) - raft.server.log.segment.size.max = 1048576 (custom)
2023-04-10 17:22:26,873 [EventQueue-PipelineReportForPipelineReportHandler] INFO  pipeline.PipelineManagerImpl (PipelineManagerImpl.java:openPipeline(367)) - Pipeline Pipeline[ Id: c29428e8-61f4-48d7-9a34-9f2f294ddd23, Nodes: 813669ff-bde2-4a80-a354-dd4c167663c0(fv-az201-37/10.1.0.59), ReplicationConfig: RATIS/ONE, State:ALLOCATED, leaderId:813669ff-bde2-4a80-a354-dd4c167663c0, CreationTimestamp2023-04-10T17:22:23.867Z[Etc/UTC]] moved to OPEN state
2023-04-10 17:22:26,873 [pool-214-thread-1] INFO  server.RaftServerConfigKeys (ConfUtils.java:logGet(46)) - raft.server.log.segment.cache.num.max = 2 (custom)
2023-04-10 17:22:26,873 [pool-214-thread-1] INFO  server.RaftServerConfigKeys (ConfUtils.java:logGet(46)) - raft.server.log.segment.cache.size.max = 200MB (=209715200) (default)
2023-04-10 17:22:26,873 [pool-214-thread-1] INFO  segmented.SegmentedRaftLogWorker (SegmentedRaftLogWorker.java:<init>(189)) - new 813669ff-bde2-4a80-a354-dd4c167663c0@group-9F2F294DDD23-SegmentedRaftLogWorker for RaftStorageImpl:Storage Directory /home/runner/work/ozone/ozone/hadoop-ozone/integration-test/target/test-dir/MiniOzoneClusterImpl-bd692c78-fb3a-4866-9e85-e2f4bd0dbf58/datanode-6/data/ratis/c29428e8-61f4-48d7-9a34-9f2f294ddd23
2023-04-10 17:22:26,873 [pool-214-thread-1] INFO  server.RaftServerConfigKeys (ConfUtils.java:logGet(46)) - raft.server.log.queue.byte-limit = 4294967296 (custom)
2023-04-10 17:22:26,873 [pool-214-thread-1] INFO  server.RaftServerConfigKeys (ConfUtils.java:logGet(46)) - raft.server.log.queue.element-limit = 1024 (custom)
2023-04-10 17:22:26,874 [pool-214-thread-1] INFO  server.RaftServerConfigKeys (ConfUtils.java:logGet(46)) - raft.server.log.segment.size.max = 1048576 (custom)
2023-04-10 17:22:26,874 [pool-214-thread-1] INFO  server.RaftServerConfigKeys (ConfUtils.java:logGet(46)) - raft.server.log.preallocated.size = 16384 (custom)
2023-04-10 17:22:26,874 [pool-214-thread-1] INFO  server.RaftServerConfigKeys (ConfUtils.java:logGet(46)) - raft.server.log.force.sync.num = 128 (default)
2023-04-10 17:22:26,874 [pool-214-thread-1] INFO  server.RaftServerConfigKeys (ConfUtils.java:logGet(46)) - raft.server.log.statemachine.data.sync = true (default)
2023-04-10 17:22:26,874 [pool-214-thread-1] INFO  server.RaftServerConfigKeys (ConfUtils.java:logGet(46)) - raft.server.log.statemachine.data.sync.timeout = 10s (default)
2023-04-10 17:22:26,874 [pool-214-thread-1] INFO  server.RaftServerConfigKeys (ConfUtils.java:logGet(46)) - raft.server.log.statemachine.data.sync.timeout.retry = -1 (default)
2023-04-10 17:22:26,874 [EventQueue-OpenPipelineForHealthyPipelineSafeModeRule] INFO  safemode.SCMSafeModeManager (HealthyPipelineSafeModeRule.java:process(137)) - SCM in safe mode. Healthy pipelines reported count is 0, required healthy pipeline reported count is 1
2023-04-10 17:22:26,875 [pool-214-thread-1] INFO  server.RaftServerConfigKeys (ConfUtils.java:logGet(46)) - raft.server.log.write.buffer.size = 1048576 (custom)
2023-04-10 17:22:26,875 [pool-214-thread-1] INFO  server.RaftServerConfigKeys (ConfUtils.java:logGet(46)) - raft.server.log.appender.buffer.byte-limit = 33554432 (custom)
2023-04-10 17:22:26,880 [pool-214-thread-1] INFO  server.RaftServerConfigKeys (ConfUtils.java:logGet(46)) - raft.server.log.unsafe-flush.enabled = false (default)
2023-04-10 17:22:26,880 [pool-214-thread-1] INFO  server.RaftServerConfigKeys (ConfUtils.java:logGet(46)) - raft.server.log.async-flush.enabled = false (default)
2023-04-10 17:22:26,880 [pool-214-thread-1] INFO  server.RaftServerConfigKeys (ConfUtils.java:logGet(46)) - raft.server.log.statemachine.data.caching.enabled = true (custom)
2023-04-10 17:22:26,881 [pool-214-thread-1] INFO  segmented.SegmentedRaftLogWorker (SegmentedRaftLogWorker.java:lambda$new$0(135)) - 813669ff-bde2-4a80-a354-dd4c167663c0@group-9F2F294DDD23-SegmentedRaftLogWorker: flushIndex: setUnconditionally 0 -> -1
2023-04-10 17:22:26,881 [pool-214-thread-1] INFO  segmented.SegmentedRaftLogWorker (SegmentedRaftLogWorker.java:lambda$new$0(135)) - 813669ff-bde2-4a80-a354-dd4c167663c0@group-9F2F294DDD23-SegmentedRaftLogWorker: safeCacheEvictIndex: setUnconditionally 0 -> -1
2023-04-10 17:22:26,881 [pool-214-thread-1] INFO  server.RaftServer$Division (RaftServerImpl.java:start(334)) - 813669ff-bde2-4a80-a354-dd4c167663c0@group-9F2F294DDD23: start as a follower, conf=-1: peers:[813669ff-bde2-4a80-a354-dd4c167663c0|rpc:10.1.0.59:46007|dataStream:10.1.0.59:43049|priority:1|startupRole:FOLLOWER]|listeners:[], old=null
2023-04-10 17:22:26,881 [pool-214-thread-1] INFO  server.RaftServer$Division (RaftServerImpl.java:setRole(321)) - 813669ff-bde2-4a80-a354-dd4c167663c0@group-9F2F294DDD23: changes role from      null to FOLLOWER at term 0 for startAsFollower
2023-04-10 17:22:26,881 [pool-214-thread-1] INFO  impl.RoleInfo (RoleInfo.java:updateAndGet(139)) - 813669ff-bde2-4a80-a354-dd4c167663c0: start 813669ff-bde2-4a80-a354-dd4c167663c0@group-9F2F294DDD23-FollowerState
2023-04-10 17:22:26,881 [813669ff-bde2-4a80-a354-dd4c167663c0@group-9F2F294DDD23-FollowerState] INFO  server.RaftServerConfigKeys (ConfUtils.java:logFallback(53)) - raft.server.rpc.first-election.timeout.min = 5s (fallback to raft.server.rpc.timeout.min)
2023-04-10 17:22:26,881 [813669ff-bde2-4a80-a354-dd4c167663c0@group-9F2F294DDD23-FollowerState] INFO  server.RaftServerConfigKeys (ConfUtils.java:logFallback(53)) - raft.server.rpc.first-election.timeout.max = 5200ms (fallback to raft.server.rpc.timeout.max)
2023-04-10 17:22:26,886 [pool-214-thread-1] INFO  util.JmxRegister (JmxRegister.java:tryRegister(44)) - Successfully registered JMX Bean with object name Ratis:service=RaftServer,group=group-9F2F294DDD23,id=813669ff-bde2-4a80-a354-dd4c167663c0
2023-04-10 17:22:26,886 [pool-214-thread-1] INFO  server.RaftServerConfigKeys (ConfUtils.java:logGet(46)) - raft.server.snapshot.auto.trigger.enabled = true (custom)
2023-04-10 17:22:26,886 [pool-214-thread-1] INFO  server.RaftServerConfigKeys (ConfUtils.java:logGet(46)) - raft.server.snapshot.auto.trigger.threshold = 1 (custom)
2023-04-10 17:22:26,886 [pool-214-thread-1] INFO  server.RaftServerConfigKeys (ConfUtils.java:logGet(46)) - raft.server.snapshot.retention.file.num = 5 (custom)
2023-04-10 17:22:26,886 [pool-214-thread-1] INFO  server.RaftServerConfigKeys (ConfUtils.java:logGet(46)) - raft.server.log.purge.upto.snapshot.index = false (default)
2023-04-10 17:22:26,887 [Command processor thread] INFO  ratis.XceiverServerRatis (XceiverServerRatis.java:addGroup(806)) - Created group PipelineID=c29428e8-61f4-48d7-9a34-9f2f294ddd23
2023-04-10 17:22:26,887 [Command processor thread] INFO  commandhandler.CreatePipelineCommandHandler (CreatePipelineCommandHandler.java:handle(113)) - Created Pipeline RATIS ONE PipelineID=c29428e8-61f4-48d7-9a34-9f2f294ddd23.
2023-04-10 17:22:26,887 [Command processor thread] INFO  server.RaftServer (RaftServerProxy.java:addNew(96)) - 813669ff-bde2-4a80-a354-dd4c167663c0: addNew group-E2F6596D48A6:[bfeb2be3-129f-4e57-9a47-316523ddd986|rpc:10.1.0.59:38183|dataStream:10.1.0.59:32789|priority:0|startupRole:FOLLOWER, 813669ff-bde2-4a80-a354-dd4c167663c0|rpc:10.1.0.59:46007|dataStream:10.1.0.59:43049|priority:1|startupRole:FOLLOWER, 1df5c771-96ae-4f7f-bce1-d7659a86bf4c|rpc:10.1.0.59:46485|dataStream:10.1.0.59:35669|priority:0|startupRole:FOLLOWER] returns group-E2F6596D48A6:java.util.concurrent.CompletableFuture@4676fdfd[Not completed]
2023-04-10 17:22:26,888 [pool-214-thread-1] INFO  server.RaftServer$Division (RaftServerImpl.java:<init>(195)) - 813669ff-bde2-4a80-a354-dd4c167663c0: new RaftServerImpl for group-E2F6596D48A6:[bfeb2be3-129f-4e57-9a47-316523ddd986|rpc:10.1.0.59:38183|dataStream:10.1.0.59:32789|priority:0|startupRole:FOLLOWER, 813669ff-bde2-4a80-a354-dd4c167663c0|rpc:10.1.0.59:46007|dataStream:10.1.0.59:43049|priority:1|startupRole:FOLLOWER, 1df5c771-96ae-4f7f-bce1-d7659a86bf4c|rpc:10.1.0.59:46485|dataStream:10.1.0.59:35669|priority:0|startupRole:FOLLOWER] with ContainerStateMachine:uninitialized
2023-04-10 17:22:26,888 [pool-214-thread-1] INFO  server.RaftServerConfigKeys (ConfUtils.java:logGet(46)) - raft.server.rpc.timeout.min = 5s (custom)
2023-04-10 17:22:26,888 [pool-214-thread-1] INFO  server.RaftServerConfigKeys (ConfUtils.java:logGet(46)) - raft.server.rpc.timeout.max = 5200ms (custom)
2023-04-10 17:22:26,889 [pool-214-thread-1] INFO  server.RaftServerConfigKeys (ConfUtils.java:logGet(46)) - raft.server.rpc.sleep.time = 25ms (default)
2023-04-10 17:22:26,889 [pool-214-thread-1] INFO  server.RaftServerConfigKeys (ConfUtils.java:logGet(46)) - raft.server.rpc.slowness.timeout = 300000ms (custom)
2023-04-10 17:22:26,889 [pool-214-thread-1] INFO  server.RaftServerConfigKeys (ConfUtils.java:logGet(46)) - raft.server.leaderelection.leader.step-down.wait-time = 10s (default)
2023-04-10 17:22:26,889 [pool-214-thread-1] INFO  server.RaftServerConfigKeys (ConfUtils.java:logGet(46)) - raft.server.sleep.deviation.threshold = 300ms (default)
2023-04-10 17:22:26,889 [pool-214-thread-1] INFO  server.RaftServer$Division (ServerState.java:<init>(118)) - 813669ff-bde2-4a80-a354-dd4c167663c0@group-E2F6596D48A6: ConfigurationManager, init=-1: peers:[bfeb2be3-129f-4e57-9a47-316523ddd986|rpc:10.1.0.59:38183|dataStream:10.1.0.59:32789|priority:0|startupRole:FOLLOWER, 813669ff-bde2-4a80-a354-dd4c167663c0|rpc:10.1.0.59:46007|dataStream:10.1.0.59:43049|priority:1|startupRole:FOLLOWER, 1df5c771-96ae-4f7f-bce1-d7659a86bf4c|rpc:10.1.0.59:46485|dataStream:10.1.0.59:35669|priority:0|startupRole:FOLLOWER]|listeners:[], old=null, confs=<EMPTY_MAP>
2023-04-10 17:22:26,889 [pool-214-thread-1] INFO  server.RaftServerConfigKeys (ConfUtils.java:logGet(46)) - raft.server.storage.dir = [/home/runner/work/ozone/ozone/hadoop-ozone/integration-test/target/test-dir/MiniOzoneClusterImpl-bd692c78-fb3a-4866-9e85-e2f4bd0dbf58/datanode-6/data/ratis] (custom)
2023-04-10 17:22:26,889 [pool-214-thread-1] INFO  server.RaftServerConfigKeys (ConfUtils.java:logGet(46)) - raft.server.log.corruption.policy = EXCEPTION (default)
2023-04-10 17:22:26,889 [pool-214-thread-1] INFO  server.RaftServerConfigKeys (ConfUtils.java:logGet(46)) - raft.server.storage.free-space.min = 0MB (=0) (default)
2023-04-10 17:22:26,889 [pool-214-thread-1] INFO  server.RaftServerConfigKeys (ConfUtils.java:logGet(46)) - raft.server.notification.no-leader.timeout = 300000ms (custom)
2023-04-10 17:22:26,889 [pool-214-thread-1] INFO  server.RaftServerConfigKeys (ConfUtils.java:logGet(46)) - raft.server.retrycache.expirytime = 600000ms (custom)
2023-04-10 17:22:26,889 [pool-214-thread-1] INFO  server.RaftServerConfigKeys (ConfUtils.java:logGet(46)) - raft.server.retrycache.statistics.expirytime = 100μs (default)
2023-04-10 17:22:26,890 [pool-214-thread-1] INFO  server.RaftServerConfigKeys (ConfUtils.java:logGet(46)) - raft.server.log.appender.install.snapshot.enabled = false (custom)
2023-04-10 17:22:26,890 [pool-214-thread-1] INFO  server.RaftServerConfigKeys (ConfUtils.java:logGet(46)) - raft.server.threadpool.server.cached = true (default)
2023-04-10 17:22:26,890 [pool-214-thread-1] INFO  server.RaftServerConfigKeys (ConfUtils.java:logGet(46)) - raft.server.threadpool.server.size = 0 (default)
2023-04-10 17:22:26,890 [pool-214-thread-1] INFO  server.RaftServerConfigKeys (ConfUtils.java:logGet(46)) - raft.server.threadpool.client.cached = true (default)
2023-04-10 17:22:26,890 [pool-214-thread-1] INFO  server.RaftServerConfigKeys (ConfUtils.java:logGet(46)) - raft.server.threadpool.client.size = 0 (default)
2023-04-10 17:22:26,891 [pool-214-thread-1] INFO  storage.RaftStorageDirectory (RaftStorageDirectoryImpl.java:analyzeStorage(137)) - The storage directory /home/runner/work/ozone/ozone/hadoop-ozone/integration-test/target/test-dir/MiniOzoneClusterImpl-bd692c78-fb3a-4866-9e85-e2f4bd0dbf58/datanode-6/data/ratis/aad66a3b-7a6c-41d9-ad99-e2f6596d48a6 does not exist. Creating ...
2023-04-10 17:22:26,892 [pool-214-thread-1] INFO  storage.RaftStorageDirectory (RaftStorageDirectoryImpl.java:tryLock(231)) - Lock on /home/runner/work/ozone/ozone/hadoop-ozone/integration-test/target/test-dir/MiniOzoneClusterImpl-bd692c78-fb3a-4866-9e85-e2f4bd0dbf58/datanode-6/data/ratis/aad66a3b-7a6c-41d9-ad99-e2f6596d48a6/in_use.lock acquired by nodename 68953@fv-az201-37
2023-04-10 17:22:26,893 [pool-214-thread-1] INFO  storage.RaftStorage (RaftStorageImpl.java:format(96)) - Storage directory /home/runner/work/ozone/ozone/hadoop-ozone/integration-test/target/test-dir/MiniOzoneClusterImpl-bd692c78-fb3a-4866-9e85-e2f4bd0dbf58/datanode-6/data/ratis/aad66a3b-7a6c-41d9-ad99-e2f6596d48a6 has been successfully formatted.
2023-04-10 17:22:26,893 [pool-214-thread-1] INFO  ratis.ContainerStateMachine (ContainerStateMachine.java:loadSnapshot(262)) - group-E2F6596D48A6: The snapshot info is null. Setting the last applied indexto:(t:0, i:~)
2023-04-10 17:22:26,893 [pool-214-thread-1] INFO  server.RaftServerConfigKeys (ConfUtils.java:logGet(46)) - raft.server.log.use.memory = false (default)
2023-04-10 17:22:26,894 [pool-214-thread-1] INFO  server.RaftServerConfigKeys (ConfUtils.java:logGet(46)) - raft.server.log.purge.gap = 1000000 (custom)
2023-04-10 17:22:26,894 [pool-214-thread-1] INFO  server.RaftServerConfigKeys (ConfUtils.java:logGet(46)) - raft.server.log.appender.buffer.byte-limit = 33554432 (custom)
2023-04-10 17:22:26,894 [pool-214-thread-1] INFO  server.RaftServerConfigKeys (ConfUtils.java:logGet(46)) - raft.server.log.statemachine.data.read.timeout = 1000ms (default)
2023-04-10 17:22:26,895 [EventQueue-OpenPipelineForHealthyPipelineSafeModeRule] INFO  safemode.SCMSafeModeManager (HealthyPipelineSafeModeRule.java:process(137)) - SCM in safe mode. Healthy pipelines reported count is 0, required healthy pipeline reported count is 1
2023-04-10 17:22:26,901 [pool-214-thread-1] INFO  server.RaftServerConfigKeys (ConfUtils.java:logGet(46)) - raft.server.log.purge.preservation.log.num = 0 (default)
2023-04-10 17:22:26,902 [pool-214-thread-1] INFO  server.RaftServerConfigKeys (ConfUtils.java:logGet(46)) - raft.server.log.segment.size.max = 1048576 (custom)
2023-04-10 17:22:26,903 [pool-214-thread-1] INFO  server.RaftServerConfigKeys (ConfUtils.java:logGet(46)) - raft.server.log.segment.cache.num.max = 2 (custom)
2023-04-10 17:22:26,903 [pool-214-thread-1] INFO  server.RaftServerConfigKeys (ConfUtils.java:logGet(46)) - raft.server.log.segment.cache.size.max = 200MB (=209715200) (default)
2023-04-10 17:22:26,903 [pool-214-thread-1] INFO  segmented.SegmentedRaftLogWorker (SegmentedRaftLogWorker.java:<init>(189)) - new 813669ff-bde2-4a80-a354-dd4c167663c0@group-E2F6596D48A6-SegmentedRaftLogWorker for RaftStorageImpl:Storage Directory /home/runner/work/ozone/ozone/hadoop-ozone/integration-test/target/test-dir/MiniOzoneClusterImpl-bd692c78-fb3a-4866-9e85-e2f4bd0dbf58/datanode-6/data/ratis/aad66a3b-7a6c-41d9-ad99-e2f6596d48a6
2023-04-10 17:22:26,903 [pool-214-thread-1] INFO  server.RaftServerConfigKeys (ConfUtils.java:logGet(46)) - raft.server.log.queue.byte-limit = 4294967296 (custom)
2023-04-10 17:22:26,903 [pool-214-thread-1] INFO  server.RaftServerConfigKeys (ConfUtils.java:logGet(46)) - raft.server.log.queue.element-limit = 1024 (custom)
2023-04-10 17:22:26,903 [pool-214-thread-1] INFO  server.RaftServerConfigKeys (ConfUtils.java:logGet(46)) - raft.server.log.segment.size.max = 1048576 (custom)
2023-04-10 17:22:26,903 [pool-214-thread-1] INFO  server.RaftServerConfigKeys (ConfUtils.java:logGet(46)) - raft.server.log.preallocated.size = 16384 (custom)
2023-04-10 17:22:26,903 [pool-214-thread-1] INFO  server.RaftServerConfigKeys (ConfUtils.java:logGet(46)) - raft.server.log.force.sync.num = 128 (default)
2023-04-10 17:22:26,903 [pool-214-thread-1] INFO  server.RaftServerConfigKeys (ConfUtils.java:logGet(46)) - raft.server.log.statemachine.data.sync = true (default)
2023-04-10 17:22:26,903 [pool-214-thread-1] INFO  server.RaftServerConfigKeys (ConfUtils.java:logGet(46)) - raft.server.log.statemachine.data.sync.timeout = 10s (default)
2023-04-10 17:22:26,903 [pool-214-thread-1] INFO  server.RaftServerConfigKeys (ConfUtils.java:logGet(46)) - raft.server.log.statemachine.data.sync.timeout.retry = -1 (default)
2023-04-10 17:22:26,904 [pool-214-thread-1] INFO  server.RaftServerConfigKeys (ConfUtils.java:logGet(46)) - raft.server.log.write.buffer.size = 1048576 (custom)
2023-04-10 17:22:26,905 [pool-214-thread-1] INFO  server.RaftServerConfigKeys (ConfUtils.java:logGet(46)) - raft.server.log.appender.buffer.byte-limit = 33554432 (custom)
2023-04-10 17:22:26,910 [pool-214-thread-1] INFO  server.RaftServerConfigKeys (ConfUtils.java:logGet(46)) - raft.server.log.unsafe-flush.enabled = false (default)
2023-04-10 17:22:26,910 [pool-214-thread-1] INFO  server.RaftServerConfigKeys (ConfUtils.java:logGet(46)) - raft.server.log.async-flush.enabled = false (default)
2023-04-10 17:22:26,910 [pool-214-thread-1] INFO  server.RaftServerConfigKeys (ConfUtils.java:logGet(46)) - raft.server.log.statemachine.data.caching.enabled = true (custom)
2023-04-10 17:22:26,910 [pool-214-thread-1] INFO  segmented.SegmentedRaftLogWorker (SegmentedRaftLogWorker.java:lambda$new$0(135)) - 813669ff-bde2-4a80-a354-dd4c167663c0@group-E2F6596D48A6-SegmentedRaftLogWorker: flushIndex: setUnconditionally 0 -> -1
2023-04-10 17:22:26,911 [pool-214-thread-1] INFO  segmented.SegmentedRaftLogWorker (SegmentedRaftLogWorker.java:lambda$new$0(135)) - 813669ff-bde2-4a80-a354-dd4c167663c0@group-E2F6596D48A6-SegmentedRaftLogWorker: safeCacheEvictIndex: setUnconditionally 0 -> -1
2023-04-10 17:22:26,911 [pool-214-thread-1] INFO  server.RaftServer$Division (RaftServerImpl.java:start(334)) - 813669ff-bde2-4a80-a354-dd4c167663c0@group-E2F6596D48A6: start as a follower, conf=-1: peers:[bfeb2be3-129f-4e57-9a47-316523ddd986|rpc:10.1.0.59:38183|dataStream:10.1.0.59:32789|priority:0|startupRole:FOLLOWER, 813669ff-bde2-4a80-a354-dd4c167663c0|rpc:10.1.0.59:46007|dataStream:10.1.0.59:43049|priority:1|startupRole:FOLLOWER, 1df5c771-96ae-4f7f-bce1-d7659a86bf4c|rpc:10.1.0.59:46485|dataStream:10.1.0.59:35669|priority:0|startupRole:FOLLOWER]|listeners:[], old=null
2023-04-10 17:22:26,911 [pool-214-thread-1] INFO  server.RaftServer$Division (RaftServerImpl.java:setRole(321)) - 813669ff-bde2-4a80-a354-dd4c167663c0@group-E2F6596D48A6: changes role from      null to FOLLOWER at term 0 for startAsFollower
2023-04-10 17:22:26,911 [pool-214-thread-1] INFO  impl.RoleInfo (RoleInfo.java:updateAndGet(139)) - 813669ff-bde2-4a80-a354-dd4c167663c0: start 813669ff-bde2-4a80-a354-dd4c167663c0@group-E2F6596D48A6-FollowerState
2023-04-10 17:22:26,915 [pool-214-thread-1] INFO  util.JmxRegister (JmxRegister.java:tryRegister(44)) - Successfully registered JMX Bean with object name Ratis:service=RaftServer,group=group-E2F6596D48A6,id=813669ff-bde2-4a80-a354-dd4c167663c0
2023-04-10 17:22:26,915 [pool-214-thread-1] INFO  server.RaftServerConfigKeys (ConfUtils.java:logGet(46)) - raft.server.snapshot.auto.trigger.enabled = true (custom)
2023-04-10 17:22:26,915 [pool-214-thread-1] INFO  server.RaftServerConfigKeys (ConfUtils.java:logGet(46)) - raft.server.snapshot.auto.trigger.threshold = 1 (custom)
2023-04-10 17:22:26,915 [pool-214-thread-1] INFO  server.RaftServerConfigKeys (ConfUtils.java:logGet(46)) - raft.server.snapshot.retention.file.num = 5 (custom)
2023-04-10 17:22:26,915 [pool-214-thread-1] INFO  server.RaftServerConfigKeys (ConfUtils.java:logGet(46)) - raft.server.log.purge.upto.snapshot.index = false (default)
2023-04-10 17:22:26,916 [813669ff-bde2-4a80-a354-dd4c167663c0@group-E2F6596D48A6-FollowerState] INFO  server.RaftServerConfigKeys (ConfUtils.java:logFallback(53)) - raft.server.rpc.first-election.timeout.min = 5s (fallback to raft.server.rpc.timeout.min)
2023-04-10 17:22:26,927 [Command processor thread] INFO  ratis.XceiverServerRatis (XceiverServerRatis.java:addGroup(806)) - Created group PipelineID=aad66a3b-7a6c-41d9-ad99-e2f6596d48a6
2023-04-10 17:22:26,933 [813669ff-bde2-4a80-a354-dd4c167663c0@group-E2F6596D48A6-FollowerState] INFO  server.RaftServerConfigKeys (ConfUtils.java:logFallback(53)) - raft.server.rpc.first-election.timeout.max = 5200ms (fallback to raft.server.rpc.timeout.max)
2023-04-10 17:22:26,936 [EventQueue-OpenPipelineForHealthyPipelineSafeModeRule] INFO  safemode.SCMSafeModeManager (HealthyPipelineSafeModeRule.java:process(137)) - SCM in safe mode. Healthy pipelines reported count is 0, required healthy pipeline reported count is 1
2023-04-10 17:22:26,941 [grpc-default-executor-0] INFO  server.RaftServer (RaftServerProxy.java:addNew(96)) - 1df5c771-96ae-4f7f-bce1-d7659a86bf4c: addNew group-E2F6596D48A6:[bfeb2be3-129f-4e57-9a47-316523ddd986|rpc:10.1.0.59:38183|dataStream:10.1.0.59:32789|priority:0|startupRole:FOLLOWER, 813669ff-bde2-4a80-a354-dd4c167663c0|rpc:10.1.0.59:46007|dataStream:10.1.0.59:43049|priority:1|startupRole:FOLLOWER, 1df5c771-96ae-4f7f-bce1-d7659a86bf4c|rpc:10.1.0.59:46485|dataStream:10.1.0.59:35669|priority:0|startupRole:FOLLOWER] returns group-E2F6596D48A6:java.util.concurrent.CompletableFuture@6be9fe4c[Not completed]
2023-04-10 17:22:26,946 [pool-240-thread-1] INFO  server.RaftServer$Division (RaftServerImpl.java:<init>(195)) - 1df5c771-96ae-4f7f-bce1-d7659a86bf4c: new RaftServerImpl for group-E2F6596D48A6:[bfeb2be3-129f-4e57-9a47-316523ddd986|rpc:10.1.0.59:38183|dataStream:10.1.0.59:32789|priority:0|startupRole:FOLLOWER, 813669ff-bde2-4a80-a354-dd4c167663c0|rpc:10.1.0.59:46007|dataStream:10.1.0.59:43049|priority:1|startupRole:FOLLOWER, 1df5c771-96ae-4f7f-bce1-d7659a86bf4c|rpc:10.1.0.59:46485|dataStream:10.1.0.59:35669|priority:0|startupRole:FOLLOWER] with ContainerStateMachine:uninitialized
2023-04-10 17:22:26,946 [pool-240-thread-1] INFO  server.RaftServerConfigKeys (ConfUtils.java:logGet(46)) - raft.server.rpc.timeout.min = 5s (custom)
2023-04-10 17:22:26,946 [pool-240-thread-1] INFO  server.RaftServerConfigKeys (ConfUtils.java:logGet(46)) - raft.server.rpc.timeout.max = 5200ms (custom)
2023-04-10 17:22:26,946 [pool-240-thread-1] INFO  server.RaftServerConfigKeys (ConfUtils.java:logGet(46)) - raft.server.rpc.sleep.time = 25ms (default)
2023-04-10 17:22:26,947 [pool-240-thread-1] INFO  server.RaftServerConfigKeys (ConfUtils.java:logGet(46)) - raft.server.rpc.slowness.timeout = 300000ms (custom)
2023-04-10 17:22:26,947 [pool-240-thread-1] INFO  server.RaftServerConfigKeys (ConfUtils.java:logGet(46)) - raft.server.leaderelection.leader.step-down.wait-time = 10s (default)
2023-04-10 17:22:26,947 [pool-240-thread-1] INFO  server.RaftServerConfigKeys (ConfUtils.java:logGet(46)) - raft.server.sleep.deviation.threshold = 300ms (default)
2023-04-10 17:22:26,947 [pool-240-thread-1] INFO  server.RaftServer$Division (ServerState.java:<init>(118)) - 1df5c771-96ae-4f7f-bce1-d7659a86bf4c@group-E2F6596D48A6: ConfigurationManager, init=-1: peers:[bfeb2be3-129f-4e57-9a47-316523ddd986|rpc:10.1.0.59:38183|dataStream:10.1.0.59:32789|priority:0|startupRole:FOLLOWER, 813669ff-bde2-4a80-a354-dd4c167663c0|rpc:10.1.0.59:46007|dataStream:10.1.0.59:43049|priority:1|startupRole:FOLLOWER, 1df5c771-96ae-4f7f-bce1-d7659a86bf4c|rpc:10.1.0.59:46485|dataStream:10.1.0.59:35669|priority:0|startupRole:FOLLOWER]|listeners:[], old=null, confs=<EMPTY_MAP>
2023-04-10 17:22:26,947 [pool-240-thread-1] INFO  server.RaftServerConfigKeys (ConfUtils.java:logGet(46)) - raft.server.storage.dir = [/home/runner/work/ozone/ozone/hadoop-ozone/integration-test/target/test-dir/MiniOzoneClusterImpl-bd692c78-fb3a-4866-9e85-e2f4bd0dbf58/datanode-7/data/ratis] (custom)
2023-04-10 17:22:26,947 [pool-240-thread-1] INFO  server.RaftServerConfigKeys (ConfUtils.java:logGet(46)) - raft.server.log.corruption.policy = EXCEPTION (default)
2023-04-10 17:22:26,947 [pool-240-thread-1] INFO  server.RaftServerConfigKeys (ConfUtils.java:logGet(46)) - raft.server.storage.free-space.min = 0MB (=0) (default)
2023-04-10 17:22:26,949 [pool-240-thread-1] INFO  server.RaftServerConfigKeys (ConfUtils.java:logGet(46)) - raft.server.notification.no-leader.timeout = 300000ms (custom)
2023-04-10 17:22:26,949 [pool-240-thread-1] INFO  server.RaftServerConfigKeys (ConfUtils.java:logGet(46)) - raft.server.retrycache.expirytime = 600000ms (custom)
2023-04-10 17:22:26,949 [pool-240-thread-1] INFO  server.RaftServerConfigKeys (ConfUtils.java:logGet(46)) - raft.server.retrycache.statistics.expirytime = 100μs (default)
2023-04-10 17:22:26,954 [pool-240-thread-1] INFO  server.RaftServerConfigKeys (ConfUtils.java:logGet(46)) - raft.server.log.appender.install.snapshot.enabled = false (custom)
2023-04-10 17:22:26,954 [pool-240-thread-1] INFO  server.RaftServerConfigKeys (ConfUtils.java:logGet(46)) - raft.server.threadpool.server.cached = true (default)
2023-04-10 17:22:26,954 [pool-240-thread-1] INFO  server.RaftServerConfigKeys (ConfUtils.java:logGet(46)) - raft.server.threadpool.server.size = 0 (default)
2023-04-10 17:22:26,954 [pool-240-thread-1] INFO  server.RaftServerConfigKeys (ConfUtils.java:logGet(46)) - raft.server.threadpool.client.cached = true (default)
2023-04-10 17:22:26,954 [pool-240-thread-1] INFO  server.RaftServerConfigKeys (ConfUtils.java:logGet(46)) - raft.server.threadpool.client.size = 0 (default)
2023-04-10 17:22:26,954 [pool-240-thread-1] INFO  storage.RaftStorageDirectory (RaftStorageDirectoryImpl.java:analyzeStorage(137)) - The storage directory /home/runner/work/ozone/ozone/hadoop-ozone/integration-test/target/test-dir/MiniOzoneClusterImpl-bd692c78-fb3a-4866-9e85-e2f4bd0dbf58/datanode-7/data/ratis/aad66a3b-7a6c-41d9-ad99-e2f6596d48a6 does not exist. Creating ...
2023-04-10 17:22:26,955 [pool-240-thread-1] INFO  storage.RaftStorageDirectory (RaftStorageDirectoryImpl.java:tryLock(231)) - Lock on /home/runner/work/ozone/ozone/hadoop-ozone/integration-test/target/test-dir/MiniOzoneClusterImpl-bd692c78-fb3a-4866-9e85-e2f4bd0dbf58/datanode-7/data/ratis/aad66a3b-7a6c-41d9-ad99-e2f6596d48a6/in_use.lock acquired by nodename 68953@fv-az201-37
2023-04-10 17:22:26,956 [pool-240-thread-1] INFO  storage.RaftStorage (RaftStorageImpl.java:format(96)) - Storage directory /home/runner/work/ozone/ozone/hadoop-ozone/integration-test/target/test-dir/MiniOzoneClusterImpl-bd692c78-fb3a-4866-9e85-e2f4bd0dbf58/datanode-7/data/ratis/aad66a3b-7a6c-41d9-ad99-e2f6596d48a6 has been successfully formatted.
2023-04-10 17:22:26,956 [pool-240-thread-1] INFO  ratis.ContainerStateMachine (ContainerStateMachine.java:loadSnapshot(262)) - group-E2F6596D48A6: The snapshot info is null. Setting the last applied indexto:(t:0, i:~)
2023-04-10 17:22:26,956 [pool-240-thread-1] INFO  server.RaftServerConfigKeys (ConfUtils.java:logGet(46)) - raft.server.log.use.memory = false (default)
2023-04-10 17:22:26,957 [pool-240-thread-1] INFO  server.RaftServerConfigKeys (ConfUtils.java:logGet(46)) - raft.server.log.purge.gap = 1000000 (custom)
2023-04-10 17:22:26,957 [pool-240-thread-1] INFO  server.RaftServerConfigKeys (ConfUtils.java:logGet(46)) - raft.server.log.appender.buffer.byte-limit = 33554432 (custom)
2023-04-10 17:22:26,957 [pool-240-thread-1] INFO  server.RaftServerConfigKeys (ConfUtils.java:logGet(46)) - raft.server.log.statemachine.data.read.timeout = 1000ms (default)
2023-04-10 17:22:26,957 [pool-240-thread-1] INFO  server.RaftServerConfigKeys (ConfUtils.java:logGet(46)) - raft.server.log.purge.preservation.log.num = 0 (default)
2023-04-10 17:22:26,957 [pool-240-thread-1] INFO  server.RaftServerConfigKeys (ConfUtils.java:logGet(46)) - raft.server.log.segment.size.max = 1048576 (custom)
2023-04-10 17:22:26,959 [pool-240-thread-1] INFO  server.RaftServerConfigKeys (ConfUtils.java:logGet(46)) - raft.server.log.segment.cache.num.max = 2 (custom)
2023-04-10 17:22:26,959 [pool-240-thread-1] INFO  server.RaftServerConfigKeys (ConfUtils.java:logGet(46)) - raft.server.log.segment.cache.size.max = 200MB (=209715200) (default)
2023-04-10 17:22:26,959 [pool-240-thread-1] INFO  segmented.SegmentedRaftLogWorker (SegmentedRaftLogWorker.java:<init>(189)) - new 1df5c771-96ae-4f7f-bce1-d7659a86bf4c@group-E2F6596D48A6-SegmentedRaftLogWorker for RaftStorageImpl:Storage Directory /home/runner/work/ozone/ozone/hadoop-ozone/integration-test/target/test-dir/MiniOzoneClusterImpl-bd692c78-fb3a-4866-9e85-e2f4bd0dbf58/datanode-7/data/ratis/aad66a3b-7a6c-41d9-ad99-e2f6596d48a6
2023-04-10 17:22:26,959 [pool-240-thread-1] INFO  server.RaftServerConfigKeys (ConfUtils.java:logGet(46)) - raft.server.log.queue.byte-limit = 4294967296 (custom)
2023-04-10 17:22:26,959 [pool-240-thread-1] INFO  server.RaftServerConfigKeys (ConfUtils.java:logGet(46)) - raft.server.log.queue.element-limit = 1024 (custom)
2023-04-10 17:22:26,959 [pool-240-thread-1] INFO  server.RaftServerConfigKeys (ConfUtils.java:logGet(46)) - raft.server.log.segment.size.max = 1048576 (custom)
2023-04-10 17:22:26,959 [pool-240-thread-1] INFO  server.RaftServerConfigKeys (ConfUtils.java:logGet(46)) - raft.server.log.preallocated.size = 16384 (custom)
2023-04-10 17:22:26,959 [pool-240-thread-1] INFO  server.RaftServerConfigKeys (ConfUtils.java:logGet(46)) - raft.server.log.force.sync.num = 128 (default)
2023-04-10 17:22:26,959 [pool-240-thread-1] INFO  server.RaftServerConfigKeys (ConfUtils.java:logGet(46)) - raft.server.log.statemachine.data.sync = true (default)
2023-04-10 17:22:26,959 [pool-240-thread-1] INFO  server.RaftServerConfigKeys (ConfUtils.java:logGet(46)) - raft.server.log.statemachine.data.sync.timeout = 10s (default)
2023-04-10 17:22:26,959 [pool-240-thread-1] INFO  server.RaftServerConfigKeys (ConfUtils.java:logGet(46)) - raft.server.log.statemachine.data.sync.timeout.retry = -1 (default)
2023-04-10 17:22:26,961 [pool-240-thread-1] INFO  server.RaftServerConfigKeys (ConfUtils.java:logGet(46)) - raft.server.log.write.buffer.size = 1048576 (custom)
2023-04-10 17:22:26,961 [pool-240-thread-1] INFO  server.RaftServerConfigKeys (ConfUtils.java:logGet(46)) - raft.server.log.appender.buffer.byte-limit = 33554432 (custom)
2023-04-10 17:22:26,966 [pool-240-thread-1] INFO  server.RaftServerConfigKeys (ConfUtils.java:logGet(46)) - raft.server.log.unsafe-flush.enabled = false (default)
2023-04-10 17:22:26,966 [pool-240-thread-1] INFO  server.RaftServerConfigKeys (ConfUtils.java:logGet(46)) - raft.server.log.async-flush.enabled = false (default)
2023-04-10 17:22:26,966 [pool-240-thread-1] INFO  server.RaftServerConfigKeys (ConfUtils.java:logGet(46)) - raft.server.log.statemachine.data.caching.enabled = true (custom)
2023-04-10 17:22:26,967 [pool-240-thread-1] INFO  segmented.SegmentedRaftLogWorker (SegmentedRaftLogWorker.java:lambda$new$0(135)) - 1df5c771-96ae-4f7f-bce1-d7659a86bf4c@group-E2F6596D48A6-SegmentedRaftLogWorker: flushIndex: setUnconditionally 0 -> -1
2023-04-10 17:22:26,967 [pool-240-thread-1] INFO  segmented.SegmentedRaftLogWorker (SegmentedRaftLogWorker.java:lambda$new$0(135)) - 1df5c771-96ae-4f7f-bce1-d7659a86bf4c@group-E2F6596D48A6-SegmentedRaftLogWorker: safeCacheEvictIndex: setUnconditionally 0 -> -1
2023-04-10 17:22:26,967 [pool-240-thread-1] INFO  server.RaftServer$Division (RaftServerImpl.java:start(334)) - 1df5c771-96ae-4f7f-bce1-d7659a86bf4c@group-E2F6596D48A6: start as a follower, conf=-1: peers:[bfeb2be3-129f-4e57-9a47-316523ddd986|rpc:10.1.0.59:38183|dataStream:10.1.0.59:32789|priority:0|startupRole:FOLLOWER, 813669ff-bde2-4a80-a354-dd4c167663c0|rpc:10.1.0.59:46007|dataStream:10.1.0.59:43049|priority:1|startupRole:FOLLOWER, 1df5c771-96ae-4f7f-bce1-d7659a86bf4c|rpc:10.1.0.59:46485|dataStream:10.1.0.59:35669|priority:0|startupRole:FOLLOWER]|listeners:[], old=null
2023-04-10 17:22:26,967 [pool-240-thread-1] INFO  server.RaftServer$Division (RaftServerImpl.java:setRole(321)) - 1df5c771-96ae-4f7f-bce1-d7659a86bf4c@group-E2F6596D48A6: changes role from      null to FOLLOWER at term 0 for startAsFollower
2023-04-10 17:22:26,968 [pool-240-thread-1] INFO  impl.RoleInfo (RoleInfo.java:updateAndGet(139)) - 1df5c771-96ae-4f7f-bce1-d7659a86bf4c: start 1df5c771-96ae-4f7f-bce1-d7659a86bf4c@group-E2F6596D48A6-FollowerState
2023-04-10 17:22:26,971 [pool-240-thread-1] INFO  util.JmxRegister (JmxRegister.java:tryRegister(44)) - Successfully registered JMX Bean with object name Ratis:service=RaftServer,group=group-E2F6596D48A6,id=1df5c771-96ae-4f7f-bce1-d7659a86bf4c
2023-04-10 17:22:26,971 [pool-240-thread-1] INFO  server.RaftServerConfigKeys (ConfUtils.java:logGet(46)) - raft.server.snapshot.auto.trigger.enabled = true (custom)
2023-04-10 17:22:26,971 [pool-240-thread-1] INFO  server.RaftServerConfigKeys (ConfUtils.java:logGet(46)) - raft.server.snapshot.auto.trigger.threshold = 1 (custom)
2023-04-10 17:22:26,971 [pool-240-thread-1] INFO  server.RaftServerConfigKeys (ConfUtils.java:logGet(46)) - raft.server.snapshot.retention.file.num = 5 (custom)
2023-04-10 17:22:26,971 [pool-240-thread-1] INFO  server.RaftServerConfigKeys (ConfUtils.java:logGet(46)) - raft.server.log.purge.upto.snapshot.index = false (default)
2023-04-10 17:22:26,972 [1df5c771-96ae-4f7f-bce1-d7659a86bf4c@group-E2F6596D48A6-FollowerState] INFO  server.RaftServerConfigKeys (ConfUtils.java:logFallback(53)) - raft.server.rpc.first-election.timeout.min = 5s (fallback to raft.server.rpc.timeout.min)
2023-04-10 17:22:26,976 [1df5c771-96ae-4f7f-bce1-d7659a86bf4c@group-E2F6596D48A6-FollowerState] INFO  server.RaftServerConfigKeys (ConfUtils.java:logFallback(53)) - raft.server.rpc.first-election.timeout.max = 5200ms (fallback to raft.server.rpc.timeout.max)
2023-04-10 17:22:26,995 [grpc-default-executor-0] INFO  server.RaftServer (RaftServerProxy.java:addNew(96)) - bfeb2be3-129f-4e57-9a47-316523ddd986: addNew group-E2F6596D48A6:[bfeb2be3-129f-4e57-9a47-316523ddd986|rpc:10.1.0.59:38183|dataStream:10.1.0.59:32789|priority:0|startupRole:FOLLOWER, 813669ff-bde2-4a80-a354-dd4c167663c0|rpc:10.1.0.59:46007|dataStream:10.1.0.59:43049|priority:1|startupRole:FOLLOWER, 1df5c771-96ae-4f7f-bce1-d7659a86bf4c|rpc:10.1.0.59:46485|dataStream:10.1.0.59:35669|priority:0|startupRole:FOLLOWER] returns group-E2F6596D48A6:java.util.concurrent.CompletableFuture@113d1ebe[Not completed]
2023-04-10 17:22:26,997 [pool-266-thread-1] INFO  server.RaftServer$Division (RaftServerImpl.java:<init>(195)) - bfeb2be3-129f-4e57-9a47-316523ddd986: new RaftServerImpl for group-E2F6596D48A6:[bfeb2be3-129f-4e57-9a47-316523ddd986|rpc:10.1.0.59:38183|dataStream:10.1.0.59:32789|priority:0|startupRole:FOLLOWER, 813669ff-bde2-4a80-a354-dd4c167663c0|rpc:10.1.0.59:46007|dataStream:10.1.0.59:43049|priority:1|startupRole:FOLLOWER, 1df5c771-96ae-4f7f-bce1-d7659a86bf4c|rpc:10.1.0.59:46485|dataStream:10.1.0.59:35669|priority:0|startupRole:FOLLOWER] with ContainerStateMachine:uninitialized
2023-04-10 17:22:26,997 [pool-266-thread-1] INFO  server.RaftServerConfigKeys (ConfUtils.java:logGet(46)) - raft.server.rpc.timeout.min = 5s (custom)
2023-04-10 17:22:26,997 [pool-266-thread-1] INFO  server.RaftServerConfigKeys (ConfUtils.java:logGet(46)) - raft.server.rpc.timeout.max = 5200ms (custom)
2023-04-10 17:22:26,997 [pool-266-thread-1] INFO  server.RaftServerConfigKeys (ConfUtils.java:logGet(46)) - raft.server.rpc.sleep.time = 25ms (default)
2023-04-10 17:22:26,998 [pool-266-thread-1] INFO  server.RaftServerConfigKeys (ConfUtils.java:logGet(46)) - raft.server.rpc.slowness.timeout = 300000ms (custom)
2023-04-10 17:22:26,998 [pool-266-thread-1] INFO  server.RaftServerConfigKeys (ConfUtils.java:logGet(46)) - raft.server.leaderelection.leader.step-down.wait-time = 10s (default)
2023-04-10 17:22:26,998 [pool-266-thread-1] INFO  server.RaftServerConfigKeys (ConfUtils.java:logGet(46)) - raft.server.sleep.deviation.threshold = 300ms (default)
2023-04-10 17:22:26,998 [pool-266-thread-1] INFO  server.RaftServer$Division (ServerState.java:<init>(118)) - bfeb2be3-129f-4e57-9a47-316523ddd986@group-E2F6596D48A6: ConfigurationManager, init=-1: peers:[bfeb2be3-129f-4e57-9a47-316523ddd986|rpc:10.1.0.59:38183|dataStream:10.1.0.59:32789|priority:0|startupRole:FOLLOWER, 813669ff-bde2-4a80-a354-dd4c167663c0|rpc:10.1.0.59:46007|dataStream:10.1.0.59:43049|priority:1|startupRole:FOLLOWER, 1df5c771-96ae-4f7f-bce1-d7659a86bf4c|rpc:10.1.0.59:46485|dataStream:10.1.0.59:35669|priority:0|startupRole:FOLLOWER]|listeners:[], old=null, confs=<EMPTY_MAP>
2023-04-10 17:22:26,998 [pool-266-thread-1] INFO  server.RaftServerConfigKeys (ConfUtils.java:logGet(46)) - raft.server.storage.dir = [/home/runner/work/ozone/ozone/hadoop-ozone/integration-test/target/test-dir/MiniOzoneClusterImpl-bd692c78-fb3a-4866-9e85-e2f4bd0dbf58/datanode-8/data/ratis] (custom)
2023-04-10 17:22:26,998 [pool-266-thread-1] INFO  server.RaftServerConfigKeys (ConfUtils.java:logGet(46)) - raft.server.log.corruption.policy = EXCEPTION (default)
2023-04-10 17:22:26,998 [pool-266-thread-1] INFO  server.RaftServerConfigKeys (ConfUtils.java:logGet(46)) - raft.server.storage.free-space.min = 0MB (=0) (default)
2023-04-10 17:22:26,998 [pool-266-thread-1] INFO  server.RaftServerConfigKeys (ConfUtils.java:logGet(46)) - raft.server.notification.no-leader.timeout = 300000ms (custom)
2023-04-10 17:22:26,998 [pool-266-thread-1] INFO  server.RaftServerConfigKeys (ConfUtils.java:logGet(46)) - raft.server.retrycache.expirytime = 600000ms (custom)
2023-04-10 17:22:26,998 [pool-266-thread-1] INFO  server.RaftServerConfigKeys (ConfUtils.java:logGet(46)) - raft.server.retrycache.statistics.expirytime = 100μs (default)
2023-04-10 17:22:27,000 [pool-266-thread-1] INFO  server.RaftServerConfigKeys (ConfUtils.java:logGet(46)) - raft.server.log.appender.install.snapshot.enabled = false (custom)
2023-04-10 17:22:27,000 [pool-266-thread-1] INFO  server.RaftServerConfigKeys (ConfUtils.java:logGet(46)) - raft.server.threadpool.server.cached = true (default)
2023-04-10 17:22:27,000 [pool-266-thread-1] INFO  server.RaftServerConfigKeys (ConfUtils.java:logGet(46)) - raft.server.threadpool.server.size = 0 (default)
2023-04-10 17:22:27,000 [pool-266-thread-1] INFO  server.RaftServerConfigKeys (ConfUtils.java:logGet(46)) - raft.server.threadpool.client.cached = true (default)
2023-04-10 17:22:27,001 [pool-266-thread-1] INFO  server.RaftServerConfigKeys (ConfUtils.java:logGet(46)) - raft.server.threadpool.client.size = 0 (default)
2023-04-10 17:22:27,001 [pool-266-thread-1] INFO  storage.RaftStorageDirectory (RaftStorageDirectoryImpl.java:analyzeStorage(137)) - The storage directory /home/runner/work/ozone/ozone/hadoop-ozone/integration-test/target/test-dir/MiniOzoneClusterImpl-bd692c78-fb3a-4866-9e85-e2f4bd0dbf58/datanode-8/data/ratis/aad66a3b-7a6c-41d9-ad99-e2f6596d48a6 does not exist. Creating ...
2023-04-10 17:22:27,002 [pool-266-thread-1] INFO  storage.RaftStorageDirectory (RaftStorageDirectoryImpl.java:tryLock(231)) - Lock on /home/runner/work/ozone/ozone/hadoop-ozone/integration-test/target/test-dir/MiniOzoneClusterImpl-bd692c78-fb3a-4866-9e85-e2f4bd0dbf58/datanode-8/data/ratis/aad66a3b-7a6c-41d9-ad99-e2f6596d48a6/in_use.lock acquired by nodename 68953@fv-az201-37
2023-04-10 17:22:27,004 [EventQueue-OpenPipelineForHealthyPipelineSafeModeRule] INFO  safemode.SCMSafeModeManager (HealthyPipelineSafeModeRule.java:process(137)) - SCM in safe mode. Healthy pipelines reported count is 0, required healthy pipeline reported count is 1
2023-04-10 17:22:27,012 [EventQueue-OpenPipelineForHealthyPipelineSafeModeRule] INFO  safemode.SCMSafeModeManager (HealthyPipelineSafeModeRule.java:process(137)) - SCM in safe mode. Healthy pipelines reported count is 0, required healthy pipeline reported count is 1
2023-04-10 17:22:27,012 [pool-266-thread-1] INFO  storage.RaftStorage (RaftStorageImpl.java:format(96)) - Storage directory /home/runner/work/ozone/ozone/hadoop-ozone/integration-test/target/test-dir/MiniOzoneClusterImpl-bd692c78-fb3a-4866-9e85-e2f4bd0dbf58/datanode-8/data/ratis/aad66a3b-7a6c-41d9-ad99-e2f6596d48a6 has been successfully formatted.
2023-04-10 17:22:27,013 [pool-266-thread-1] INFO  ratis.ContainerStateMachine (ContainerStateMachine.java:loadSnapshot(262)) - group-E2F6596D48A6: The snapshot info is null. Setting the last applied indexto:(t:0, i:~)
2023-04-10 17:22:27,013 [pool-266-thread-1] INFO  server.RaftServerConfigKeys (ConfUtils.java:logGet(46)) - raft.server.log.use.memory = false (default)
2023-04-10 17:22:27,013 [pool-266-thread-1] INFO  server.RaftServerConfigKeys (ConfUtils.java:logGet(46)) - raft.server.log.purge.gap = 1000000 (custom)
2023-04-10 17:22:27,014 [pool-266-thread-1] INFO  server.RaftServerConfigKeys (ConfUtils.java:logGet(46)) - raft.server.log.appender.buffer.byte-limit = 33554432 (custom)
2023-04-10 17:22:27,014 [pool-266-thread-1] INFO  server.RaftServerConfigKeys (ConfUtils.java:logGet(46)) - raft.server.log.statemachine.data.read.timeout = 1000ms (default)
2023-04-10 17:22:27,014 [pool-266-thread-1] INFO  server.RaftServerConfigKeys (ConfUtils.java:logGet(46)) - raft.server.log.purge.preservation.log.num = 0 (default)
2023-04-10 17:22:27,014 [pool-266-thread-1] INFO  server.RaftServerConfigKeys (ConfUtils.java:logGet(46)) - raft.server.log.segment.size.max = 1048576 (custom)
2023-04-10 17:22:27,015 [pool-266-thread-1] INFO  server.RaftServerConfigKeys (ConfUtils.java:logGet(46)) - raft.server.log.segment.cache.num.max = 2 (custom)
2023-04-10 17:22:27,015 [pool-266-thread-1] INFO  server.RaftServerConfigKeys (ConfUtils.java:logGet(46)) - raft.server.log.segment.cache.size.max = 200MB (=209715200) (default)
2023-04-10 17:22:27,015 [pool-266-thread-1] INFO  segmented.SegmentedRaftLogWorker (SegmentedRaftLogWorker.java:<init>(189)) - new bfeb2be3-129f-4e57-9a47-316523ddd986@group-E2F6596D48A6-SegmentedRaftLogWorker for RaftStorageImpl:Storage Directory /home/runner/work/ozone/ozone/hadoop-ozone/integration-test/target/test-dir/MiniOzoneClusterImpl-bd692c78-fb3a-4866-9e85-e2f4bd0dbf58/datanode-8/data/ratis/aad66a3b-7a6c-41d9-ad99-e2f6596d48a6
2023-04-10 17:22:27,015 [pool-266-thread-1] INFO  server.RaftServerConfigKeys (ConfUtils.java:logGet(46)) - raft.server.log.queue.byte-limit = 4294967296 (custom)
2023-04-10 17:22:27,015 [pool-266-thread-1] INFO  server.RaftServerConfigKeys (ConfUtils.java:logGet(46)) - raft.server.log.queue.element-limit = 1024 (custom)
2023-04-10 17:22:27,015 [pool-266-thread-1] INFO  server.RaftServerConfigKeys (ConfUtils.java:logGet(46)) - raft.server.log.segment.size.max = 1048576 (custom)
2023-04-10 17:22:27,015 [pool-266-thread-1] INFO  server.RaftServerConfigKeys (ConfUtils.java:logGet(46)) - raft.server.log.preallocated.size = 16384 (custom)
2023-04-10 17:22:27,015 [pool-266-thread-1] INFO  server.RaftServerConfigKeys (ConfUtils.java:logGet(46)) - raft.server.log.force.sync.num = 128 (default)
2023-04-10 17:22:27,015 [pool-266-thread-1] INFO  server.RaftServerConfigKeys (ConfUtils.java:logGet(46)) - raft.server.log.statemachine.data.sync = true (default)
2023-04-10 17:22:27,015 [pool-266-thread-1] INFO  server.RaftServerConfigKeys (ConfUtils.java:logGet(46)) - raft.server.log.statemachine.data.sync.timeout = 10s (default)
2023-04-10 17:22:27,015 [pool-266-thread-1] INFO  server.RaftServerConfigKeys (ConfUtils.java:logGet(46)) - raft.server.log.statemachine.data.sync.timeout.retry = -1 (default)
2023-04-10 17:22:27,016 [pool-266-thread-1] INFO  server.RaftServerConfigKeys (ConfUtils.java:logGet(46)) - raft.server.log.write.buffer.size = 1048576 (custom)
2023-04-10 17:22:27,017 [pool-266-thread-1] INFO  server.RaftServerConfigKeys (ConfUtils.java:logGet(46)) - raft.server.log.appender.buffer.byte-limit = 33554432 (custom)
2023-04-10 17:22:27,022 [pool-266-thread-1] INFO  server.RaftServerConfigKeys (ConfUtils.java:logGet(46)) - raft.server.log.unsafe-flush.enabled = false (default)
2023-04-10 17:22:27,022 [pool-266-thread-1] INFO  server.RaftServerConfigKeys (ConfUtils.java:logGet(46)) - raft.server.log.async-flush.enabled = false (default)
2023-04-10 17:22:27,022 [pool-266-thread-1] INFO  server.RaftServerConfigKeys (ConfUtils.java:logGet(46)) - raft.server.log.statemachine.data.caching.enabled = true (custom)
2023-04-10 17:22:27,022 [pool-266-thread-1] INFO  segmented.SegmentedRaftLogWorker (SegmentedRaftLogWorker.java:lambda$new$0(135)) - bfeb2be3-129f-4e57-9a47-316523ddd986@group-E2F6596D48A6-SegmentedRaftLogWorker: flushIndex: setUnconditionally 0 -> -1
2023-04-10 17:22:27,022 [pool-266-thread-1] INFO  segmented.SegmentedRaftLogWorker (SegmentedRaftLogWorker.java:lambda$new$0(135)) - bfeb2be3-129f-4e57-9a47-316523ddd986@group-E2F6596D48A6-SegmentedRaftLogWorker: safeCacheEvictIndex: setUnconditionally 0 -> -1
2023-04-10 17:22:27,022 [pool-266-thread-1] INFO  server.RaftServer$Division (RaftServerImpl.java:start(334)) - bfeb2be3-129f-4e57-9a47-316523ddd986@group-E2F6596D48A6: start as a follower, conf=-1: peers:[bfeb2be3-129f-4e57-9a47-316523ddd986|rpc:10.1.0.59:38183|dataStream:10.1.0.59:32789|priority:0|startupRole:FOLLOWER, 813669ff-bde2-4a80-a354-dd4c167663c0|rpc:10.1.0.59:46007|dataStream:10.1.0.59:43049|priority:1|startupRole:FOLLOWER, 1df5c771-96ae-4f7f-bce1-d7659a86bf4c|rpc:10.1.0.59:46485|dataStream:10.1.0.59:35669|priority:0|startupRole:FOLLOWER]|listeners:[], old=null
2023-04-10 17:22:27,022 [pool-266-thread-1] INFO  server.RaftServer$Division (RaftServerImpl.java:setRole(321)) - bfeb2be3-129f-4e57-9a47-316523ddd986@group-E2F6596D48A6: changes role from      null to FOLLOWER at term 0 for startAsFollower
2023-04-10 17:22:27,022 [pool-266-thread-1] INFO  impl.RoleInfo (RoleInfo.java:updateAndGet(139)) - bfeb2be3-129f-4e57-9a47-316523ddd986: start bfeb2be3-129f-4e57-9a47-316523ddd986@group-E2F6596D48A6-FollowerState
2023-04-10 17:22:27,023 [pool-266-thread-1] INFO  util.JmxRegister (JmxRegister.java:tryRegister(44)) - Successfully registered JMX Bean with object name Ratis:service=RaftServer,group=group-E2F6596D48A6,id=bfeb2be3-129f-4e57-9a47-316523ddd986
2023-04-10 17:22:27,023 [pool-266-thread-1] INFO  server.RaftServerConfigKeys (ConfUtils.java:logGet(46)) - raft.server.snapshot.auto.trigger.enabled = true (custom)
2023-04-10 17:22:27,023 [pool-266-thread-1] INFO  server.RaftServerConfigKeys (ConfUtils.java:logGet(46)) - raft.server.snapshot.auto.trigger.threshold = 1 (custom)
2023-04-10 17:22:27,023 [pool-266-thread-1] INFO  server.RaftServerConfigKeys (ConfUtils.java:logGet(46)) - raft.server.snapshot.retention.file.num = 5 (custom)
2023-04-10 17:22:27,023 [pool-266-thread-1] INFO  server.RaftServerConfigKeys (ConfUtils.java:logGet(46)) - raft.server.log.purge.upto.snapshot.index = false (default)
2023-04-10 17:22:27,024 [bfeb2be3-129f-4e57-9a47-316523ddd986@group-E2F6596D48A6-FollowerState] INFO  server.RaftServerConfigKeys (ConfUtils.java:logFallback(53)) - raft.server.rpc.first-election.timeout.min = 5s (fallback to raft.server.rpc.timeout.min)
2023-04-10 17:22:27,032 [bfeb2be3-129f-4e57-9a47-316523ddd986@group-E2F6596D48A6-FollowerState] INFO  server.RaftServerConfigKeys (ConfUtils.java:logFallback(53)) - raft.server.rpc.first-election.timeout.max = 5200ms (fallback to raft.server.rpc.timeout.max)
2023-04-10 17:22:27,039 [Command processor thread] INFO  commandhandler.CreatePipelineCommandHandler (CreatePipelineCommandHandler.java:handle(113)) - Created Pipeline RATIS THREE PipelineID=aad66a3b-7a6c-41d9-ad99-e2f6596d48a6.
2023-04-10 17:22:27,039 [Command processor thread] INFO  server.RaftServer (RaftServerProxy.java:addNew(96)) - 813669ff-bde2-4a80-a354-dd4c167663c0: addNew group-B2579D47936B:[bfeb2be3-129f-4e57-9a47-316523ddd986|rpc:10.1.0.59:38183|dataStream:10.1.0.59:32789|priority:1|startupRole:FOLLOWER, 813669ff-bde2-4a80-a354-dd4c167663c0|rpc:10.1.0.59:46007|dataStream:10.1.0.59:43049|priority:0|startupRole:FOLLOWER, 1df5c771-96ae-4f7f-bce1-d7659a86bf4c|rpc:10.1.0.59:46485|dataStream:10.1.0.59:35669|priority:0|startupRole:FOLLOWER] returns group-B2579D47936B:java.util.concurrent.CompletableFuture@10093201[Not completed]
2023-04-10 17:22:27,040 [pool-214-thread-1] INFO  server.RaftServer$Division (RaftServerImpl.java:<init>(195)) - 813669ff-bde2-4a80-a354-dd4c167663c0: new RaftServerImpl for group-B2579D47936B:[bfeb2be3-129f-4e57-9a47-316523ddd986|rpc:10.1.0.59:38183|dataStream:10.1.0.59:32789|priority:1|startupRole:FOLLOWER, 813669ff-bde2-4a80-a354-dd4c167663c0|rpc:10.1.0.59:46007|dataStream:10.1.0.59:43049|priority:0|startupRole:FOLLOWER, 1df5c771-96ae-4f7f-bce1-d7659a86bf4c|rpc:10.1.0.59:46485|dataStream:10.1.0.59:35669|priority:0|startupRole:FOLLOWER] with ContainerStateMachine:uninitialized
2023-04-10 17:22:27,040 [pool-214-thread-1] INFO  server.RaftServerConfigKeys (ConfUtils.java:logGet(46)) - raft.server.rpc.timeout.min = 5s (custom)
2023-04-10 17:22:27,040 [pool-214-thread-1] INFO  server.RaftServerConfigKeys (ConfUtils.java:logGet(46)) - raft.server.rpc.timeout.max = 5200ms (custom)
2023-04-10 17:22:27,040 [pool-214-thread-1] INFO  server.RaftServerConfigKeys (ConfUtils.java:logGet(46)) - raft.server.rpc.sleep.time = 25ms (default)
2023-04-10 17:22:27,040 [pool-214-thread-1] INFO  server.RaftServerConfigKeys (ConfUtils.java:logGet(46)) - raft.server.rpc.slowness.timeout = 300000ms (custom)
2023-04-10 17:22:27,040 [pool-214-thread-1] INFO  server.RaftServerConfigKeys (ConfUtils.java:logGet(46)) - raft.server.leaderelection.leader.step-down.wait-time = 10s (default)
2023-04-10 17:22:27,040 [pool-214-thread-1] INFO  server.RaftServerConfigKeys (ConfUtils.java:logGet(46)) - raft.server.sleep.deviation.threshold = 300ms (default)
2023-04-10 17:22:27,040 [pool-214-thread-1] INFO  server.RaftServer$Division (ServerState.java:<init>(118)) - 813669ff-bde2-4a80-a354-dd4c167663c0@group-B2579D47936B: ConfigurationManager, init=-1: peers:[bfeb2be3-129f-4e57-9a47-316523ddd986|rpc:10.1.0.59:38183|dataStream:10.1.0.59:32789|priority:1|startupRole:FOLLOWER, 813669ff-bde2-4a80-a354-dd4c167663c0|rpc:10.1.0.59:46007|dataStream:10.1.0.59:43049|priority:0|startupRole:FOLLOWER, 1df5c771-96ae-4f7f-bce1-d7659a86bf4c|rpc:10.1.0.59:46485|dataStream:10.1.0.59:35669|priority:0|startupRole:FOLLOWER]|listeners:[], old=null, confs=<EMPTY_MAP>
2023-04-10 17:22:27,041 [pool-214-thread-1] INFO  server.RaftServerConfigKeys (ConfUtils.java:logGet(46)) - raft.server.storage.dir = [/home/runner/work/ozone/ozone/hadoop-ozone/integration-test/target/test-dir/MiniOzoneClusterImpl-bd692c78-fb3a-4866-9e85-e2f4bd0dbf58/datanode-6/data/ratis] (custom)
2023-04-10 17:22:27,041 [pool-214-thread-1] INFO  server.RaftServerConfigKeys (ConfUtils.java:logGet(46)) - raft.server.log.corruption.policy = EXCEPTION (default)
2023-04-10 17:22:27,041 [pool-214-thread-1] INFO  server.RaftServerConfigKeys (ConfUtils.java:logGet(46)) - raft.server.storage.free-space.min = 0MB (=0) (default)
2023-04-10 17:22:27,041 [pool-214-thread-1] INFO  server.RaftServerConfigKeys (ConfUtils.java:logGet(46)) - raft.server.notification.no-leader.timeout = 300000ms (custom)
2023-04-10 17:22:27,041 [pool-214-thread-1] INFO  server.RaftServerConfigKeys (ConfUtils.java:logGet(46)) - raft.server.retrycache.expirytime = 600000ms (custom)
2023-04-10 17:22:27,041 [pool-214-thread-1] INFO  server.RaftServerConfigKeys (ConfUtils.java:logGet(46)) - raft.server.retrycache.statistics.expirytime = 100μs (default)
2023-04-10 17:22:27,042 [pool-214-thread-1] INFO  server.RaftServerConfigKeys (ConfUtils.java:logGet(46)) - raft.server.log.appender.install.snapshot.enabled = false (custom)
2023-04-10 17:22:27,042 [pool-214-thread-1] INFO  server.RaftServerConfigKeys (ConfUtils.java:logGet(46)) - raft.server.threadpool.server.cached = true (default)
2023-04-10 17:22:27,042 [pool-214-thread-1] INFO  server.RaftServerConfigKeys (ConfUtils.java:logGet(46)) - raft.server.threadpool.server.size = 0 (default)
2023-04-10 17:22:27,042 [pool-214-thread-1] INFO  server.RaftServerConfigKeys (ConfUtils.java:logGet(46)) - raft.server.threadpool.client.cached = true (default)
2023-04-10 17:22:27,042 [pool-214-thread-1] INFO  server.RaftServerConfigKeys (ConfUtils.java:logGet(46)) - raft.server.threadpool.client.size = 0 (default)
2023-04-10 17:22:27,042 [pool-214-thread-1] INFO  storage.RaftStorageDirectory (RaftStorageDirectoryImpl.java:analyzeStorage(137)) - The storage directory /home/runner/work/ozone/ozone/hadoop-ozone/integration-test/target/test-dir/MiniOzoneClusterImpl-bd692c78-fb3a-4866-9e85-e2f4bd0dbf58/datanode-6/data/ratis/a4894ffa-25dd-4ba2-bcfc-b2579d47936b does not exist. Creating ...
2023-04-10 17:22:27,043 [pool-214-thread-1] INFO  storage.RaftStorageDirectory (RaftStorageDirectoryImpl.java:tryLock(231)) - Lock on /home/runner/work/ozone/ozone/hadoop-ozone/integration-test/target/test-dir/MiniOzoneClusterImpl-bd692c78-fb3a-4866-9e85-e2f4bd0dbf58/datanode-6/data/ratis/a4894ffa-25dd-4ba2-bcfc-b2579d47936b/in_use.lock acquired by nodename 68953@fv-az201-37
2023-04-10 17:22:27,044 [pool-214-thread-1] INFO  storage.RaftStorage (RaftStorageImpl.java:format(96)) - Storage directory /home/runner/work/ozone/ozone/hadoop-ozone/integration-test/target/test-dir/MiniOzoneClusterImpl-bd692c78-fb3a-4866-9e85-e2f4bd0dbf58/datanode-6/data/ratis/a4894ffa-25dd-4ba2-bcfc-b2579d47936b has been successfully formatted.
2023-04-10 17:22:27,044 [pool-214-thread-1] INFO  ratis.ContainerStateMachine (ContainerStateMachine.java:loadSnapshot(262)) - group-B2579D47936B: The snapshot info is null. Setting the last applied indexto:(t:0, i:~)
2023-04-10 17:22:27,045 [pool-214-thread-1] INFO  server.RaftServerConfigKeys (ConfUtils.java:logGet(46)) - raft.server.log.use.memory = false (default)
2023-04-10 17:22:27,045 [pool-214-thread-1] INFO  server.RaftServerConfigKeys (ConfUtils.java:logGet(46)) - raft.server.log.purge.gap = 1000000 (custom)
2023-04-10 17:22:27,045 [pool-214-thread-1] INFO  server.RaftServerConfigKeys (ConfUtils.java:logGet(46)) - raft.server.log.appender.buffer.byte-limit = 33554432 (custom)
2023-04-10 17:22:27,045 [pool-214-thread-1] INFO  server.RaftServerConfigKeys (ConfUtils.java:logGet(46)) - raft.server.log.statemachine.data.read.timeout = 1000ms (default)
2023-04-10 17:22:27,045 [pool-214-thread-1] INFO  server.RaftServerConfigKeys (ConfUtils.java:logGet(46)) - raft.server.log.purge.preservation.log.num = 0 (default)
2023-04-10 17:22:27,045 [pool-214-thread-1] INFO  server.RaftServerConfigKeys (ConfUtils.java:logGet(46)) - raft.server.log.segment.size.max = 1048576 (custom)
2023-04-10 17:22:27,046 [pool-214-thread-1] INFO  server.RaftServerConfigKeys (ConfUtils.java:logGet(46)) - raft.server.log.segment.cache.num.max = 2 (custom)
2023-04-10 17:22:27,046 [pool-214-thread-1] INFO  server.RaftServerConfigKeys (ConfUtils.java:logGet(46)) - raft.server.log.segment.cache.size.max = 200MB (=209715200) (default)
2023-04-10 17:22:27,046 [pool-214-thread-1] INFO  segmented.SegmentedRaftLogWorker (SegmentedRaftLogWorker.java:<init>(189)) - new 813669ff-bde2-4a80-a354-dd4c167663c0@group-B2579D47936B-SegmentedRaftLogWorker for RaftStorageImpl:Storage Directory /home/runner/work/ozone/ozone/hadoop-ozone/integration-test/target/test-dir/MiniOzoneClusterImpl-bd692c78-fb3a-4866-9e85-e2f4bd0dbf58/datanode-6/data/ratis/a4894ffa-25dd-4ba2-bcfc-b2579d47936b
2023-04-10 17:22:27,046 [pool-214-thread-1] INFO  server.RaftServerConfigKeys (ConfUtils.java:logGet(46)) - raft.server.log.queue.byte-limit = 4294967296 (custom)
2023-04-10 17:22:27,046 [pool-214-thread-1] INFO  server.RaftServerConfigKeys (ConfUtils.java:logGet(46)) - raft.server.log.queue.element-limit = 1024 (custom)
2023-04-10 17:22:27,046 [pool-214-thread-1] INFO  server.RaftServerConfigKeys (ConfUtils.java:logGet(46)) - raft.server.log.segment.size.max = 1048576 (custom)
2023-04-10 17:22:27,046 [pool-214-thread-1] INFO  server.RaftServerConfigKeys (ConfUtils.java:logGet(46)) - raft.server.log.preallocated.size = 16384 (custom)
2023-04-10 17:22:27,046 [pool-214-thread-1] INFO  server.RaftServerConfigKeys (ConfUtils.java:logGet(46)) - raft.server.log.force.sync.num = 128 (default)
2023-04-10 17:22:27,046 [EventQueue-OpenPipelineForHealthyPipelineSafeModeRule] INFO  safemode.SCMSafeModeManager (HealthyPipelineSafeModeRule.java:process(137)) - SCM in safe mode. Healthy pipelines reported count is 0, required healthy pipeline reported count is 1
2023-04-10 17:22:27,046 [pool-214-thread-1] INFO  server.RaftServerConfigKeys (ConfUtils.java:logGet(46)) - raft.server.log.statemachine.data.sync = true (default)
2023-04-10 17:22:27,046 [pool-214-thread-1] INFO  server.RaftServerConfigKeys (ConfUtils.java:logGet(46)) - raft.server.log.statemachine.data.sync.timeout = 10s (default)
2023-04-10 17:22:27,047 [pool-214-thread-1] INFO  server.RaftServerConfigKeys (ConfUtils.java:logGet(46)) - raft.server.log.statemachine.data.sync.timeout.retry = -1 (default)
2023-04-10 17:22:27,047 [pool-214-thread-1] INFO  server.RaftServerConfigKeys (ConfUtils.java:logGet(46)) - raft.server.log.write.buffer.size = 1048576 (custom)
2023-04-10 17:22:27,048 [pool-214-thread-1] INFO  server.RaftServerConfigKeys (ConfUtils.java:logGet(46)) - raft.server.log.appender.buffer.byte-limit = 33554432 (custom)
2023-04-10 17:22:27,053 [pool-214-thread-1] INFO  server.RaftServerConfigKeys (ConfUtils.java:logGet(46)) - raft.server.log.unsafe-flush.enabled = false (default)
2023-04-10 17:22:27,053 [pool-214-thread-1] INFO  server.RaftServerConfigKeys (ConfUtils.java:logGet(46)) - raft.server.log.async-flush.enabled = false (default)
2023-04-10 17:22:27,053 [pool-214-thread-1] INFO  server.RaftServerConfigKeys (ConfUtils.java:logGet(46)) - raft.server.log.statemachine.data.caching.enabled = true (custom)
2023-04-10 17:22:27,053 [pool-214-thread-1] INFO  segmented.SegmentedRaftLogWorker (SegmentedRaftLogWorker.java:lambda$new$0(135)) - 813669ff-bde2-4a80-a354-dd4c167663c0@group-B2579D47936B-SegmentedRaftLogWorker: flushIndex: setUnconditionally 0 -> -1
2023-04-10 17:22:27,053 [pool-214-thread-1] INFO  segmented.SegmentedRaftLogWorker (SegmentedRaftLogWorker.java:lambda$new$0(135)) - 813669ff-bde2-4a80-a354-dd4c167663c0@group-B2579D47936B-SegmentedRaftLogWorker: safeCacheEvictIndex: setUnconditionally 0 -> -1
2023-04-10 17:22:27,057 [EventQueue-OpenPipelineForHealthyPipelineSafeModeRule] INFO  safemode.SCMSafeModeManager (HealthyPipelineSafeModeRule.java:process(137)) - SCM in safe mode. Healthy pipelines reported count is 0, required healthy pipeline reported count is 1
2023-04-10 17:22:27,059 [pool-214-thread-1] INFO  server.RaftServer$Division (RaftServerImpl.java:start(334)) - 813669ff-bde2-4a80-a354-dd4c167663c0@group-B2579D47936B: start as a follower, conf=-1: peers:[bfeb2be3-129f-4e57-9a47-316523ddd986|rpc:10.1.0.59:38183|dataStream:10.1.0.59:32789|priority:1|startupRole:FOLLOWER, 813669ff-bde2-4a80-a354-dd4c167663c0|rpc:10.1.0.59:46007|dataStream:10.1.0.59:43049|priority:0|startupRole:FOLLOWER, 1df5c771-96ae-4f7f-bce1-d7659a86bf4c|rpc:10.1.0.59:46485|dataStream:10.1.0.59:35669|priority:0|startupRole:FOLLOWER]|listeners:[], old=null
2023-04-10 17:22:27,059 [pool-214-thread-1] INFO  server.RaftServer$Division (RaftServerImpl.java:setRole(321)) - 813669ff-bde2-4a80-a354-dd4c167663c0@group-B2579D47936B: changes role from      null to FOLLOWER at term 0 for startAsFollower
2023-04-10 17:22:27,059 [pool-214-thread-1] INFO  impl.RoleInfo (RoleInfo.java:updateAndGet(139)) - 813669ff-bde2-4a80-a354-dd4c167663c0: start 813669ff-bde2-4a80-a354-dd4c167663c0@group-B2579D47936B-FollowerState
2023-04-10 17:22:27,062 [pool-214-thread-1] INFO  util.JmxRegister (JmxRegister.java:tryRegister(44)) - Successfully registered JMX Bean with object name Ratis:service=RaftServer,group=group-B2579D47936B,id=813669ff-bde2-4a80-a354-dd4c167663c0
2023-04-10 17:22:27,062 [813669ff-bde2-4a80-a354-dd4c167663c0@group-B2579D47936B-FollowerState] INFO  server.RaftServerConfigKeys (ConfUtils.java:logFallback(53)) - raft.server.rpc.first-election.timeout.min = 5s (fallback to raft.server.rpc.timeout.min)
2023-04-10 17:22:27,062 [pool-214-thread-1] INFO  server.RaftServerConfigKeys (ConfUtils.java:logGet(46)) - raft.server.snapshot.auto.trigger.enabled = true (custom)
2023-04-10 17:22:27,062 [813669ff-bde2-4a80-a354-dd4c167663c0@group-B2579D47936B-FollowerState] INFO  server.RaftServerConfigKeys (ConfUtils.java:logFallback(53)) - raft.server.rpc.first-election.timeout.max = 5200ms (fallback to raft.server.rpc.timeout.max)
2023-04-10 17:22:27,063 [pool-214-thread-1] INFO  server.RaftServerConfigKeys (ConfUtils.java:logGet(46)) - raft.server.snapshot.auto.trigger.threshold = 1 (custom)
2023-04-10 17:22:27,063 [pool-214-thread-1] INFO  server.RaftServerConfigKeys (ConfUtils.java:logGet(46)) - raft.server.snapshot.retention.file.num = 5 (custom)
2023-04-10 17:22:27,063 [pool-214-thread-1] INFO  server.RaftServerConfigKeys (ConfUtils.java:logGet(46)) - raft.server.log.purge.upto.snapshot.index = false (default)
2023-04-10 17:22:27,063 [Command processor thread] INFO  ratis.XceiverServerRatis (XceiverServerRatis.java:addGroup(806)) - Created group PipelineID=a4894ffa-25dd-4ba2-bcfc-b2579d47936b
2023-04-10 17:22:27,080 [grpc-default-executor-0] INFO  server.RaftServer (RaftServerProxy.java:addNew(96)) - 1df5c771-96ae-4f7f-bce1-d7659a86bf4c: addNew group-B2579D47936B:[bfeb2be3-129f-4e57-9a47-316523ddd986|rpc:10.1.0.59:38183|dataStream:10.1.0.59:32789|priority:1|startupRole:FOLLOWER, 813669ff-bde2-4a80-a354-dd4c167663c0|rpc:10.1.0.59:46007|dataStream:10.1.0.59:43049|priority:0|startupRole:FOLLOWER, 1df5c771-96ae-4f7f-bce1-d7659a86bf4c|rpc:10.1.0.59:46485|dataStream:10.1.0.59:35669|priority:0|startupRole:FOLLOWER] returns group-B2579D47936B:java.util.concurrent.CompletableFuture@540b3f91[Not completed]
2023-04-10 17:22:27,080 [pool-240-thread-1] INFO  server.RaftServer$Division (RaftServerImpl.java:<init>(195)) - 1df5c771-96ae-4f7f-bce1-d7659a86bf4c: new RaftServerImpl for group-B2579D47936B:[bfeb2be3-129f-4e57-9a47-316523ddd986|rpc:10.1.0.59:38183|dataStream:10.1.0.59:32789|priority:1|startupRole:FOLLOWER, 813669ff-bde2-4a80-a354-dd4c167663c0|rpc:10.1.0.59:46007|dataStream:10.1.0.59:43049|priority:0|startupRole:FOLLOWER, 1df5c771-96ae-4f7f-bce1-d7659a86bf4c|rpc:10.1.0.59:46485|dataStream:10.1.0.59:35669|priority:0|startupRole:FOLLOWER] with ContainerStateMachine:uninitialized
2023-04-10 17:22:27,081 [pool-240-thread-1] INFO  server.RaftServerConfigKeys (ConfUtils.java:logGet(46)) - raft.server.rpc.timeout.min = 5s (custom)
2023-04-10 17:22:27,081 [pool-240-thread-1] INFO  server.RaftServerConfigKeys (ConfUtils.java:logGet(46)) - raft.server.rpc.timeout.max = 5200ms (custom)
2023-04-10 17:22:27,081 [pool-240-thread-1] INFO  server.RaftServerConfigKeys (ConfUtils.java:logGet(46)) - raft.server.rpc.sleep.time = 25ms (default)
2023-04-10 17:22:27,081 [pool-240-thread-1] INFO  server.RaftServerConfigKeys (ConfUtils.java:logGet(46)) - raft.server.rpc.slowness.timeout = 300000ms (custom)
2023-04-10 17:22:27,081 [pool-240-thread-1] INFO  server.RaftServerConfigKeys (ConfUtils.java:logGet(46)) - raft.server.leaderelection.leader.step-down.wait-time = 10s (default)
2023-04-10 17:22:27,081 [pool-240-thread-1] INFO  server.RaftServerConfigKeys (ConfUtils.java:logGet(46)) - raft.server.sleep.deviation.threshold = 300ms (default)
2023-04-10 17:22:27,081 [pool-240-thread-1] INFO  server.RaftServer$Division (ServerState.java:<init>(118)) - 1df5c771-96ae-4f7f-bce1-d7659a86bf4c@group-B2579D47936B: ConfigurationManager, init=-1: peers:[bfeb2be3-129f-4e57-9a47-316523ddd986|rpc:10.1.0.59:38183|dataStream:10.1.0.59:32789|priority:1|startupRole:FOLLOWER, 813669ff-bde2-4a80-a354-dd4c167663c0|rpc:10.1.0.59:46007|dataStream:10.1.0.59:43049|priority:0|startupRole:FOLLOWER, 1df5c771-96ae-4f7f-bce1-d7659a86bf4c|rpc:10.1.0.59:46485|dataStream:10.1.0.59:35669|priority:0|startupRole:FOLLOWER]|listeners:[], old=null, confs=<EMPTY_MAP>
2023-04-10 17:22:27,081 [pool-240-thread-1] INFO  server.RaftServerConfigKeys (ConfUtils.java:logGet(46)) - raft.server.storage.dir = [/home/runner/work/ozone/ozone/hadoop-ozone/integration-test/target/test-dir/MiniOzoneClusterImpl-bd692c78-fb3a-4866-9e85-e2f4bd0dbf58/datanode-7/data/ratis] (custom)
2023-04-10 17:22:27,081 [pool-240-thread-1] INFO  server.RaftServerConfigKeys (ConfUtils.java:logGet(46)) - raft.server.log.corruption.policy = EXCEPTION (default)
2023-04-10 17:22:27,081 [pool-240-thread-1] INFO  server.RaftServerConfigKeys (ConfUtils.java:logGet(46)) - raft.server.storage.free-space.min = 0MB (=0) (default)
2023-04-10 17:22:27,081 [pool-240-thread-1] INFO  server.RaftServerConfigKeys (ConfUtils.java:logGet(46)) - raft.server.notification.no-leader.timeout = 300000ms (custom)
2023-04-10 17:22:27,081 [pool-240-thread-1] INFO  server.RaftServerConfigKeys (ConfUtils.java:logGet(46)) - raft.server.retrycache.expirytime = 600000ms (custom)
2023-04-10 17:22:27,081 [pool-240-thread-1] INFO  server.RaftServerConfigKeys (ConfUtils.java:logGet(46)) - raft.server.retrycache.statistics.expirytime = 100μs (default)
2023-04-10 17:22:27,082 [pool-240-thread-1] INFO  server.RaftServerConfigKeys (ConfUtils.java:logGet(46)) - raft.server.log.appender.install.snapshot.enabled = false (custom)
2023-04-10 17:22:27,083 [pool-240-thread-1] INFO  server.RaftServerConfigKeys (ConfUtils.java:logGet(46)) - raft.server.threadpool.server.cached = true (default)
2023-04-10 17:22:27,083 [pool-240-thread-1] INFO  server.RaftServerConfigKeys (ConfUtils.java:logGet(46)) - raft.server.threadpool.server.size = 0 (default)
2023-04-10 17:22:27,083 [pool-240-thread-1] INFO  server.RaftServerConfigKeys (ConfUtils.java:logGet(46)) - raft.server.threadpool.client.cached = true (default)
2023-04-10 17:22:27,083 [pool-240-thread-1] INFO  server.RaftServerConfigKeys (ConfUtils.java:logGet(46)) - raft.server.threadpool.client.size = 0 (default)
2023-04-10 17:22:27,083 [pool-240-thread-1] INFO  storage.RaftStorageDirectory (RaftStorageDirectoryImpl.java:analyzeStorage(137)) - The storage directory /home/runner/work/ozone/ozone/hadoop-ozone/integration-test/target/test-dir/MiniOzoneClusterImpl-bd692c78-fb3a-4866-9e85-e2f4bd0dbf58/datanode-7/data/ratis/a4894ffa-25dd-4ba2-bcfc-b2579d47936b does not exist. Creating ...
2023-04-10 17:22:27,084 [pool-240-thread-1] INFO  storage.RaftStorageDirectory (RaftStorageDirectoryImpl.java:tryLock(231)) - Lock on /home/runner/work/ozone/ozone/hadoop-ozone/integration-test/target/test-dir/MiniOzoneClusterImpl-bd692c78-fb3a-4866-9e85-e2f4bd0dbf58/datanode-7/data/ratis/a4894ffa-25dd-4ba2-bcfc-b2579d47936b/in_use.lock acquired by nodename 68953@fv-az201-37
2023-04-10 17:22:27,085 [pool-240-thread-1] INFO  storage.RaftStorage (RaftStorageImpl.java:format(96)) - Storage directory /home/runner/work/ozone/ozone/hadoop-ozone/integration-test/target/test-dir/MiniOzoneClusterImpl-bd692c78-fb3a-4866-9e85-e2f4bd0dbf58/datanode-7/data/ratis/a4894ffa-25dd-4ba2-bcfc-b2579d47936b has been successfully formatted.
2023-04-10 17:22:27,085 [pool-240-thread-1] INFO  ratis.ContainerStateMachine (ContainerStateMachine.java:loadSnapshot(262)) - group-B2579D47936B: The snapshot info is null. Setting the last applied indexto:(t:0, i:~)
2023-04-10 17:22:27,085 [pool-240-thread-1] INFO  server.RaftServerConfigKeys (ConfUtils.java:logGet(46)) - raft.server.log.use.memory = false (default)
2023-04-10 17:22:27,085 [pool-240-thread-1] INFO  server.RaftServerConfigKeys (ConfUtils.java:logGet(46)) - raft.server.log.purge.gap = 1000000 (custom)
2023-04-10 17:22:27,085 [pool-240-thread-1] INFO  server.RaftServerConfigKeys (ConfUtils.java:logGet(46)) - raft.server.log.appender.buffer.byte-limit = 33554432 (custom)
2023-04-10 17:22:27,085 [pool-240-thread-1] INFO  server.RaftServerConfigKeys (ConfUtils.java:logGet(46)) - raft.server.log.statemachine.data.read.timeout = 1000ms (default)
2023-04-10 17:22:27,086 [pool-240-thread-1] INFO  server.RaftServerConfigKeys (ConfUtils.java:logGet(46)) - raft.server.log.purge.preservation.log.num = 0 (default)
2023-04-10 17:22:27,086 [pool-240-thread-1] INFO  server.RaftServerConfigKeys (ConfUtils.java:logGet(46)) - raft.server.log.segment.size.max = 1048576 (custom)
2023-04-10 17:22:27,086 [pool-240-thread-1] INFO  server.RaftServerConfigKeys (ConfUtils.java:logGet(46)) - raft.server.log.segment.cache.num.max = 2 (custom)
2023-04-10 17:22:27,087 [pool-240-thread-1] INFO  server.RaftServerConfigKeys (ConfUtils.java:logGet(46)) - raft.server.log.segment.cache.size.max = 200MB (=209715200) (default)
2023-04-10 17:22:27,087 [pool-240-thread-1] INFO  segmented.SegmentedRaftLogWorker (SegmentedRaftLogWorker.java:<init>(189)) - new 1df5c771-96ae-4f7f-bce1-d7659a86bf4c@group-B2579D47936B-SegmentedRaftLogWorker for RaftStorageImpl:Storage Directory /home/runner/work/ozone/ozone/hadoop-ozone/integration-test/target/test-dir/MiniOzoneClusterImpl-bd692c78-fb3a-4866-9e85-e2f4bd0dbf58/datanode-7/data/ratis/a4894ffa-25dd-4ba2-bcfc-b2579d47936b
2023-04-10 17:22:27,087 [pool-240-thread-1] INFO  server.RaftServerConfigKeys (ConfUtils.java:logGet(46)) - raft.server.log.queue.byte-limit = 4294967296 (custom)
2023-04-10 17:22:27,087 [pool-240-thread-1] INFO  server.RaftServerConfigKeys (ConfUtils.java:logGet(46)) - raft.server.log.queue.element-limit = 1024 (custom)
2023-04-10 17:22:27,087 [pool-240-thread-1] INFO  server.RaftServerConfigKeys (ConfUtils.java:logGet(46)) - raft.server.log.segment.size.max = 1048576 (custom)
2023-04-10 17:22:27,087 [pool-240-thread-1] INFO  server.RaftServerConfigKeys (ConfUtils.java:logGet(46)) - raft.server.log.preallocated.size = 16384 (custom)
2023-04-10 17:22:27,087 [pool-240-thread-1] INFO  server.RaftServerConfigKeys (ConfUtils.java:logGet(46)) - raft.server.log.force.sync.num = 128 (default)
2023-04-10 17:22:27,087 [pool-240-thread-1] INFO  server.RaftServerConfigKeys (ConfUtils.java:logGet(46)) - raft.server.log.statemachine.data.sync = true (default)
2023-04-10 17:22:27,087 [pool-240-thread-1] INFO  server.RaftServerConfigKeys (ConfUtils.java:logGet(46)) - raft.server.log.statemachine.data.sync.timeout = 10s (default)
2023-04-10 17:22:27,088 [pool-240-thread-1] INFO  server.RaftServerConfigKeys (ConfUtils.java:logGet(46)) - raft.server.log.statemachine.data.sync.timeout.retry = -1 (default)
2023-04-10 17:22:27,088 [pool-240-thread-1] INFO  server.RaftServerConfigKeys (ConfUtils.java:logGet(46)) - raft.server.log.write.buffer.size = 1048576 (custom)
2023-04-10 17:22:27,089 [pool-240-thread-1] INFO  server.RaftServerConfigKeys (ConfUtils.java:logGet(46)) - raft.server.log.appender.buffer.byte-limit = 33554432 (custom)
2023-04-10 17:22:27,098 [pool-240-thread-1] INFO  server.RaftServerConfigKeys (ConfUtils.java:logGet(46)) - raft.server.log.unsafe-flush.enabled = false (default)
2023-04-10 17:22:27,099 [pool-240-thread-1] INFO  server.RaftServerConfigKeys (ConfUtils.java:logGet(46)) - raft.server.log.async-flush.enabled = false (default)
2023-04-10 17:22:27,099 [pool-240-thread-1] INFO  server.RaftServerConfigKeys (ConfUtils.java:logGet(46)) - raft.server.log.statemachine.data.caching.enabled = true (custom)
2023-04-10 17:22:27,099 [pool-240-thread-1] INFO  segmented.SegmentedRaftLogWorker (SegmentedRaftLogWorker.java:lambda$new$0(135)) - 1df5c771-96ae-4f7f-bce1-d7659a86bf4c@group-B2579D47936B-SegmentedRaftLogWorker: flushIndex: setUnconditionally 0 -> -1
2023-04-10 17:22:27,099 [pool-240-thread-1] INFO  segmented.SegmentedRaftLogWorker (SegmentedRaftLogWorker.java:lambda$new$0(135)) - 1df5c771-96ae-4f7f-bce1-d7659a86bf4c@group-B2579D47936B-SegmentedRaftLogWorker: safeCacheEvictIndex: setUnconditionally 0 -> -1
2023-04-10 17:22:27,099 [pool-240-thread-1] INFO  server.RaftServer$Division (RaftServerImpl.java:start(334)) - 1df5c771-96ae-4f7f-bce1-d7659a86bf4c@group-B2579D47936B: start as a follower, conf=-1: peers:[bfeb2be3-129f-4e57-9a47-316523ddd986|rpc:10.1.0.59:38183|dataStream:10.1.0.59:32789|priority:1|startupRole:FOLLOWER, 813669ff-bde2-4a80-a354-dd4c167663c0|rpc:10.1.0.59:46007|dataStream:10.1.0.59:43049|priority:0|startupRole:FOLLOWER, 1df5c771-96ae-4f7f-bce1-d7659a86bf4c|rpc:10.1.0.59:46485|dataStream:10.1.0.59:35669|priority:0|startupRole:FOLLOWER]|listeners:[], old=null
2023-04-10 17:22:27,099 [pool-240-thread-1] INFO  server.RaftServer$Division (RaftServerImpl.java:setRole(321)) - 1df5c771-96ae-4f7f-bce1-d7659a86bf4c@group-B2579D47936B: changes role from      null to FOLLOWER at term 0 for startAsFollower
2023-04-10 17:22:27,099 [pool-240-thread-1] INFO  impl.RoleInfo (RoleInfo.java:updateAndGet(139)) - 1df5c771-96ae-4f7f-bce1-d7659a86bf4c: start 1df5c771-96ae-4f7f-bce1-d7659a86bf4c@group-B2579D47936B-FollowerState
2023-04-10 17:22:27,100 [pool-240-thread-1] INFO  util.JmxRegister (JmxRegister.java:tryRegister(44)) - Successfully registered JMX Bean with object name Ratis:service=RaftServer,group=group-B2579D47936B,id=1df5c771-96ae-4f7f-bce1-d7659a86bf4c
2023-04-10 17:22:27,100 [pool-240-thread-1] INFO  server.RaftServerConfigKeys (ConfUtils.java:logGet(46)) - raft.server.snapshot.auto.trigger.enabled = true (custom)
2023-04-10 17:22:27,100 [pool-240-thread-1] INFO  server.RaftServerConfigKeys (ConfUtils.java:logGet(46)) - raft.server.snapshot.auto.trigger.threshold = 1 (custom)
2023-04-10 17:22:27,100 [pool-240-thread-1] INFO  server.RaftServerConfigKeys (ConfUtils.java:logGet(46)) - raft.server.snapshot.retention.file.num = 5 (custom)
2023-04-10 17:22:27,100 [pool-240-thread-1] INFO  server.RaftServerConfigKeys (ConfUtils.java:logGet(46)) - raft.server.log.purge.upto.snapshot.index = false (default)
2023-04-10 17:22:27,101 [1df5c771-96ae-4f7f-bce1-d7659a86bf4c@group-B2579D47936B-FollowerState] INFO  server.RaftServerConfigKeys (ConfUtils.java:logFallback(53)) - raft.server.rpc.first-election.timeout.min = 5s (fallback to raft.server.rpc.timeout.min)
2023-04-10 17:22:27,101 [1df5c771-96ae-4f7f-bce1-d7659a86bf4c@group-B2579D47936B-FollowerState] INFO  server.RaftServerConfigKeys (ConfUtils.java:logFallback(53)) - raft.server.rpc.first-election.timeout.max = 5200ms (fallback to raft.server.rpc.timeout.max)
2023-04-10 17:22:27,121 [grpc-default-executor-0] INFO  server.RaftServer (RaftServerProxy.java:addNew(96)) - bfeb2be3-129f-4e57-9a47-316523ddd986: addNew group-B2579D47936B:[bfeb2be3-129f-4e57-9a47-316523ddd986|rpc:10.1.0.59:38183|dataStream:10.1.0.59:32789|priority:1|startupRole:FOLLOWER, 813669ff-bde2-4a80-a354-dd4c167663c0|rpc:10.1.0.59:46007|dataStream:10.1.0.59:43049|priority:0|startupRole:FOLLOWER, 1df5c771-96ae-4f7f-bce1-d7659a86bf4c|rpc:10.1.0.59:46485|dataStream:10.1.0.59:35669|priority:0|startupRole:FOLLOWER] returns group-B2579D47936B:java.util.concurrent.CompletableFuture@3aeed22f[Not completed]
2023-04-10 17:22:27,122 [pool-266-thread-1] INFO  server.RaftServer$Division (RaftServerImpl.java:<init>(195)) - bfeb2be3-129f-4e57-9a47-316523ddd986: new RaftServerImpl for group-B2579D47936B:[bfeb2be3-129f-4e57-9a47-316523ddd986|rpc:10.1.0.59:38183|dataStream:10.1.0.59:32789|priority:1|startupRole:FOLLOWER, 813669ff-bde2-4a80-a354-dd4c167663c0|rpc:10.1.0.59:46007|dataStream:10.1.0.59:43049|priority:0|startupRole:FOLLOWER, 1df5c771-96ae-4f7f-bce1-d7659a86bf4c|rpc:10.1.0.59:46485|dataStream:10.1.0.59:35669|priority:0|startupRole:FOLLOWER] with ContainerStateMachine:uninitialized
2023-04-10 17:22:27,122 [pool-266-thread-1] INFO  server.RaftServerConfigKeys (ConfUtils.java:logGet(46)) - raft.server.rpc.timeout.min = 5s (custom)
2023-04-10 17:22:27,122 [pool-266-thread-1] INFO  server.RaftServerConfigKeys (ConfUtils.java:logGet(46)) - raft.server.rpc.timeout.max = 5200ms (custom)
2023-04-10 17:22:27,122 [pool-266-thread-1] INFO  server.RaftServerConfigKeys (ConfUtils.java:logGet(46)) - raft.server.rpc.sleep.time = 25ms (default)
2023-04-10 17:22:27,122 [pool-266-thread-1] INFO  server.RaftServerConfigKeys (ConfUtils.java:logGet(46)) - raft.server.rpc.slowness.timeout = 300000ms (custom)
2023-04-10 17:22:27,122 [pool-266-thread-1] INFO  server.RaftServerConfigKeys (ConfUtils.java:logGet(46)) - raft.server.leaderelection.leader.step-down.wait-time = 10s (default)
2023-04-10 17:22:27,122 [pool-266-thread-1] INFO  server.RaftServerConfigKeys (ConfUtils.java:logGet(46)) - raft.server.sleep.deviation.threshold = 300ms (default)
2023-04-10 17:22:27,122 [pool-266-thread-1] INFO  server.RaftServer$Division (ServerState.java:<init>(118)) - bfeb2be3-129f-4e57-9a47-316523ddd986@group-B2579D47936B: ConfigurationManager, init=-1: peers:[bfeb2be3-129f-4e57-9a47-316523ddd986|rpc:10.1.0.59:38183|dataStream:10.1.0.59:32789|priority:1|startupRole:FOLLOWER, 813669ff-bde2-4a80-a354-dd4c167663c0|rpc:10.1.0.59:46007|dataStream:10.1.0.59:43049|priority:0|startupRole:FOLLOWER, 1df5c771-96ae-4f7f-bce1-d7659a86bf4c|rpc:10.1.0.59:46485|dataStream:10.1.0.59:35669|priority:0|startupRole:FOLLOWER]|listeners:[], old=null, confs=<EMPTY_MAP>
2023-04-10 17:22:27,122 [pool-266-thread-1] INFO  server.RaftServerConfigKeys (ConfUtils.java:logGet(46)) - raft.server.storage.dir = [/home/runner/work/ozone/ozone/hadoop-ozone/integration-test/target/test-dir/MiniOzoneClusterImpl-bd692c78-fb3a-4866-9e85-e2f4bd0dbf58/datanode-8/data/ratis] (custom)
2023-04-10 17:22:27,123 [pool-266-thread-1] INFO  server.RaftServerConfigKeys (ConfUtils.java:logGet(46)) - raft.server.log.corruption.policy = EXCEPTION (default)
2023-04-10 17:22:27,123 [pool-266-thread-1] INFO  server.RaftServerConfigKeys (ConfUtils.java:logGet(46)) - raft.server.storage.free-space.min = 0MB (=0) (default)
2023-04-10 17:22:27,123 [pool-266-thread-1] INFO  server.RaftServerConfigKeys (ConfUtils.java:logGet(46)) - raft.server.notification.no-leader.timeout = 300000ms (custom)
2023-04-10 17:22:27,123 [pool-266-thread-1] INFO  server.RaftServerConfigKeys (ConfUtils.java:logGet(46)) - raft.server.retrycache.expirytime = 600000ms (custom)
2023-04-10 17:22:27,123 [pool-266-thread-1] INFO  server.RaftServerConfigKeys (ConfUtils.java:logGet(46)) - raft.server.retrycache.statistics.expirytime = 100μs (default)
2023-04-10 17:22:27,124 [pool-266-thread-1] INFO  server.RaftServerConfigKeys (ConfUtils.java:logGet(46)) - raft.server.log.appender.install.snapshot.enabled = false (custom)
2023-04-10 17:22:27,124 [pool-266-thread-1] INFO  server.RaftServerConfigKeys (ConfUtils.java:logGet(46)) - raft.server.threadpool.server.cached = true (default)
2023-04-10 17:22:27,124 [pool-266-thread-1] INFO  server.RaftServerConfigKeys (ConfUtils.java:logGet(46)) - raft.server.threadpool.server.size = 0 (default)
2023-04-10 17:22:27,124 [pool-266-thread-1] INFO  server.RaftServerConfigKeys (ConfUtils.java:logGet(46)) - raft.server.threadpool.client.cached = true (default)
2023-04-10 17:22:27,124 [pool-266-thread-1] INFO  server.RaftServerConfigKeys (ConfUtils.java:logGet(46)) - raft.server.threadpool.client.size = 0 (default)
2023-04-10 17:22:27,124 [pool-266-thread-1] INFO  storage.RaftStorageDirectory (RaftStorageDirectoryImpl.java:analyzeStorage(137)) - The storage directory /home/runner/work/ozone/ozone/hadoop-ozone/integration-test/target/test-dir/MiniOzoneClusterImpl-bd692c78-fb3a-4866-9e85-e2f4bd0dbf58/datanode-8/data/ratis/a4894ffa-25dd-4ba2-bcfc-b2579d47936b does not exist. Creating ...
2023-04-10 17:22:27,125 [pool-266-thread-1] INFO  storage.RaftStorageDirectory (RaftStorageDirectoryImpl.java:tryLock(231)) - Lock on /home/runner/work/ozone/ozone/hadoop-ozone/integration-test/target/test-dir/MiniOzoneClusterImpl-bd692c78-fb3a-4866-9e85-e2f4bd0dbf58/datanode-8/data/ratis/a4894ffa-25dd-4ba2-bcfc-b2579d47936b/in_use.lock acquired by nodename 68953@fv-az201-37
2023-04-10 17:22:27,126 [pool-266-thread-1] INFO  storage.RaftStorage (RaftStorageImpl.java:format(96)) - Storage directory /home/runner/work/ozone/ozone/hadoop-ozone/integration-test/target/test-dir/MiniOzoneClusterImpl-bd692c78-fb3a-4866-9e85-e2f4bd0dbf58/datanode-8/data/ratis/a4894ffa-25dd-4ba2-bcfc-b2579d47936b has been successfully formatted.
2023-04-10 17:22:27,127 [pool-266-thread-1] INFO  ratis.ContainerStateMachine (ContainerStateMachine.java:loadSnapshot(262)) - group-B2579D47936B: The snapshot info is null. Setting the last applied indexto:(t:0, i:~)
2023-04-10 17:22:27,128 [pool-266-thread-1] INFO  server.RaftServerConfigKeys (ConfUtils.java:logGet(46)) - raft.server.log.use.memory = false (default)
2023-04-10 17:22:27,128 [pool-266-thread-1] INFO  server.RaftServerConfigKeys (ConfUtils.java:logGet(46)) - raft.server.log.purge.gap = 1000000 (custom)
2023-04-10 17:22:27,128 [pool-266-thread-1] INFO  server.RaftServerConfigKeys (ConfUtils.java:logGet(46)) - raft.server.log.appender.buffer.byte-limit = 33554432 (custom)
2023-04-10 17:22:27,128 [pool-266-thread-1] INFO  server.RaftServerConfigKeys (ConfUtils.java:logGet(46)) - raft.server.log.statemachine.data.read.timeout = 1000ms (default)
2023-04-10 17:22:27,128 [pool-266-thread-1] INFO  server.RaftServerConfigKeys (ConfUtils.java:logGet(46)) - raft.server.log.purge.preservation.log.num = 0 (default)
2023-04-10 17:22:27,128 [pool-266-thread-1] INFO  server.RaftServerConfigKeys (ConfUtils.java:logGet(46)) - raft.server.log.segment.size.max = 1048576 (custom)
2023-04-10 17:22:27,128 [pool-266-thread-1] INFO  server.RaftServerConfigKeys (ConfUtils.java:logGet(46)) - raft.server.log.segment.cache.num.max = 2 (custom)
2023-04-10 17:22:27,128 [pool-266-thread-1] INFO  server.RaftServerConfigKeys (ConfUtils.java:logGet(46)) - raft.server.log.segment.cache.size.max = 200MB (=209715200) (default)
2023-04-10 17:22:27,129 [pool-266-thread-1] INFO  segmented.SegmentedRaftLogWorker (SegmentedRaftLogWorker.java:<init>(189)) - new bfeb2be3-129f-4e57-9a47-316523ddd986@group-B2579D47936B-SegmentedRaftLogWorker for RaftStorageImpl:Storage Directory /home/runner/work/ozone/ozone/hadoop-ozone/integration-test/target/test-dir/MiniOzoneClusterImpl-bd692c78-fb3a-4866-9e85-e2f4bd0dbf58/datanode-8/data/ratis/a4894ffa-25dd-4ba2-bcfc-b2579d47936b
2023-04-10 17:22:27,129 [pool-266-thread-1] INFO  server.RaftServerConfigKeys (ConfUtils.java:logGet(46)) - raft.server.log.queue.byte-limit = 4294967296 (custom)
2023-04-10 17:22:27,129 [pool-266-thread-1] INFO  server.RaftServerConfigKeys (ConfUtils.java:logGet(46)) - raft.server.log.queue.element-limit = 1024 (custom)
2023-04-10 17:22:27,129 [pool-266-thread-1] INFO  server.RaftServerConfigKeys (ConfUtils.java:logGet(46)) - raft.server.log.segment.size.max = 1048576 (custom)
2023-04-10 17:22:27,129 [pool-266-thread-1] INFO  server.RaftServerConfigKeys (ConfUtils.java:logGet(46)) - raft.server.log.preallocated.size = 16384 (custom)
2023-04-10 17:22:27,129 [pool-266-thread-1] INFO  server.RaftServerConfigKeys (ConfUtils.java:logGet(46)) - raft.server.log.force.sync.num = 128 (default)
2023-04-10 17:22:27,129 [pool-266-thread-1] INFO  server.RaftServerConfigKeys (ConfUtils.java:logGet(46)) - raft.server.log.statemachine.data.sync = true (default)
2023-04-10 17:22:27,129 [pool-266-thread-1] INFO  server.RaftServerConfigKeys (ConfUtils.java:logGet(46)) - raft.server.log.statemachine.data.sync.timeout = 10s (default)
2023-04-10 17:22:27,129 [pool-266-thread-1] INFO  server.RaftServerConfigKeys (ConfUtils.java:logGet(46)) - raft.server.log.statemachine.data.sync.timeout.retry = -1 (default)
2023-04-10 17:22:27,130 [pool-266-thread-1] INFO  server.RaftServerConfigKeys (ConfUtils.java:logGet(46)) - raft.server.log.write.buffer.size = 1048576 (custom)
2023-04-10 17:22:27,131 [pool-266-thread-1] INFO  server.RaftServerConfigKeys (ConfUtils.java:logGet(46)) - raft.server.log.appender.buffer.byte-limit = 33554432 (custom)
2023-04-10 17:22:27,135 [EventQueue-OpenPipelineForHealthyPipelineSafeModeRule] INFO  safemode.SCMSafeModeManager (HealthyPipelineSafeModeRule.java:process(137)) - SCM in safe mode. Healthy pipelines reported count is 0, required healthy pipeline reported count is 1
2023-04-10 17:22:27,136 [pool-266-thread-1] INFO  server.RaftServerConfigKeys (ConfUtils.java:logGet(46)) - raft.server.log.unsafe-flush.enabled = false (default)
2023-04-10 17:22:27,136 [pool-266-thread-1] INFO  server.RaftServerConfigKeys (ConfUtils.java:logGet(46)) - raft.server.log.async-flush.enabled = false (default)
2023-04-10 17:22:27,136 [pool-266-thread-1] INFO  server.RaftServerConfigKeys (ConfUtils.java:logGet(46)) - raft.server.log.statemachine.data.caching.enabled = true (custom)
2023-04-10 17:22:27,136 [pool-266-thread-1] INFO  segmented.SegmentedRaftLogWorker (SegmentedRaftLogWorker.java:lambda$new$0(135)) - bfeb2be3-129f-4e57-9a47-316523ddd986@group-B2579D47936B-SegmentedRaftLogWorker: flushIndex: setUnconditionally 0 -> -1
2023-04-10 17:22:27,137 [pool-266-thread-1] INFO  segmented.SegmentedRaftLogWorker (SegmentedRaftLogWorker.java:lambda$new$0(135)) - bfeb2be3-129f-4e57-9a47-316523ddd986@group-B2579D47936B-SegmentedRaftLogWorker: safeCacheEvictIndex: setUnconditionally 0 -> -1
2023-04-10 17:22:27,142 [pool-266-thread-1] INFO  server.RaftServer$Division (RaftServerImpl.java:start(334)) - bfeb2be3-129f-4e57-9a47-316523ddd986@group-B2579D47936B: start as a follower, conf=-1: peers:[bfeb2be3-129f-4e57-9a47-316523ddd986|rpc:10.1.0.59:38183|dataStream:10.1.0.59:32789|priority:1|startupRole:FOLLOWER, 813669ff-bde2-4a80-a354-dd4c167663c0|rpc:10.1.0.59:46007|dataStream:10.1.0.59:43049|priority:0|startupRole:FOLLOWER, 1df5c771-96ae-4f7f-bce1-d7659a86bf4c|rpc:10.1.0.59:46485|dataStream:10.1.0.59:35669|priority:0|startupRole:FOLLOWER]|listeners:[], old=null
2023-04-10 17:22:27,142 [pool-266-thread-1] INFO  server.RaftServer$Division (RaftServerImpl.java:setRole(321)) - bfeb2be3-129f-4e57-9a47-316523ddd986@group-B2579D47936B: changes role from      null to FOLLOWER at term 0 for startAsFollower
2023-04-10 17:22:27,143 [pool-266-thread-1] INFO  impl.RoleInfo (RoleInfo.java:updateAndGet(139)) - bfeb2be3-129f-4e57-9a47-316523ddd986: start bfeb2be3-129f-4e57-9a47-316523ddd986@group-B2579D47936B-FollowerState
2023-04-10 17:22:27,143 [bfeb2be3-129f-4e57-9a47-316523ddd986@group-B2579D47936B-FollowerState] INFO  server.RaftServerConfigKeys (ConfUtils.java:logFallback(53)) - raft.server.rpc.first-election.timeout.min = 5s (fallback to raft.server.rpc.timeout.min)
2023-04-10 17:22:27,143 [pool-266-thread-1] INFO  util.JmxRegister (JmxRegister.java:tryRegister(44)) - Successfully registered JMX Bean with object name Ratis:service=RaftServer,group=group-B2579D47936B,id=bfeb2be3-129f-4e57-9a47-316523ddd986
2023-04-10 17:22:27,143 [bfeb2be3-129f-4e57-9a47-316523ddd986@group-B2579D47936B-FollowerState] INFO  server.RaftServerConfigKeys (ConfUtils.java:logFallback(53)) - raft.server.rpc.first-election.timeout.max = 5200ms (fallback to raft.server.rpc.timeout.max)
2023-04-10 17:22:27,143 [pool-266-thread-1] INFO  server.RaftServerConfigKeys (ConfUtils.java:logGet(46)) - raft.server.snapshot.auto.trigger.enabled = true (custom)
2023-04-10 17:22:27,143 [pool-266-thread-1] INFO  server.RaftServerConfigKeys (ConfUtils.java:logGet(46)) - raft.server.snapshot.auto.trigger.threshold = 1 (custom)
2023-04-10 17:22:27,143 [pool-266-thread-1] INFO  server.RaftServerConfigKeys (ConfUtils.java:logGet(46)) - raft.server.snapshot.retention.file.num = 5 (custom)
2023-04-10 17:22:27,143 [pool-266-thread-1] INFO  server.RaftServerConfigKeys (ConfUtils.java:logGet(46)) - raft.server.log.purge.upto.snapshot.index = false (default)
2023-04-10 17:22:27,155 [Command processor thread] INFO  commandhandler.CreatePipelineCommandHandler (CreatePipelineCommandHandler.java:handle(113)) - Created Pipeline RATIS THREE PipelineID=a4894ffa-25dd-4ba2-bcfc-b2579d47936b.
2023-04-10 17:22:27,202 [Listener at 127.0.0.1/35635] INFO  ozone.MiniOzoneClusterImpl (MiniOzoneClusterImpl.java:lambda$waitForClusterToBeReady$0(222)) - Nodes are ready. Got 10 of 10 DN Heartbeats.
2023-04-10 17:22:27,202 [Listener at 127.0.0.1/35635] INFO  ozone.MiniOzoneClusterImpl (MiniOzoneClusterImpl.java:lambda$waitForClusterToBeReady$0(225)) - Waiting for cluster to exit safe mode
2023-04-10 17:22:27,202 [Listener at 127.0.0.1/35635] INFO  ozone.MiniOzoneClusterImpl (MiniOzoneClusterImpl.java:lambda$waitForClusterToBeReady$0(227)) - SCM became leader
2023-04-10 17:22:27,212 [EventQueue-OpenPipelineForHealthyPipelineSafeModeRule] INFO  safemode.SCMSafeModeManager (HealthyPipelineSafeModeRule.java:process(137)) - SCM in safe mode. Healthy pipelines reported count is 0, required healthy pipeline reported count is 1
2023-04-10 17:22:27,247 [EventQueue-OpenPipelineForHealthyPipelineSafeModeRule] INFO  safemode.SCMSafeModeManager (HealthyPipelineSafeModeRule.java:process(137)) - SCM in safe mode. Healthy pipelines reported count is 0, required healthy pipeline reported count is 1
2023-04-10 17:22:27,255 [EventQueue-OpenPipelineForHealthyPipelineSafeModeRule] INFO  safemode.SCMSafeModeManager (HealthyPipelineSafeModeRule.java:process(137)) - SCM in safe mode. Healthy pipelines reported count is 0, required healthy pipeline reported count is 1
2023-04-10 17:22:27,256 [EventQueue-OpenPipelineForHealthyPipelineSafeModeRule] INFO  safemode.SCMSafeModeManager (HealthyPipelineSafeModeRule.java:process(137)) - SCM in safe mode. Healthy pipelines reported count is 0, required healthy pipeline reported count is 1
2023-04-10 17:22:27,296 [Command processor thread] INFO  server.RaftServer (RaftServerProxy.java:addNew(96)) - 1df5c771-96ae-4f7f-bce1-d7659a86bf4c: addNew group-291B74A055E4:[1df5c771-96ae-4f7f-bce1-d7659a86bf4c|rpc:10.1.0.59:46485|dataStream:10.1.0.59:35669|priority:1|startupRole:FOLLOWER] returns group-291B74A055E4:java.util.concurrent.CompletableFuture@7d58b266[Not completed]
2023-04-10 17:22:27,297 [pool-240-thread-1] INFO  server.RaftServer$Division (RaftServerImpl.java:<init>(195)) - 1df5c771-96ae-4f7f-bce1-d7659a86bf4c: new RaftServerImpl for group-291B74A055E4:[1df5c771-96ae-4f7f-bce1-d7659a86bf4c|rpc:10.1.0.59:46485|dataStream:10.1.0.59:35669|priority:1|startupRole:FOLLOWER] with ContainerStateMachine:uninitialized
2023-04-10 17:22:27,297 [pool-240-thread-1] INFO  server.RaftServerConfigKeys (ConfUtils.java:logGet(46)) - raft.server.rpc.timeout.min = 5s (custom)
2023-04-10 17:22:27,297 [pool-240-thread-1] INFO  server.RaftServerConfigKeys (ConfUtils.java:logGet(46)) - raft.server.rpc.timeout.max = 5200ms (custom)
2023-04-10 17:22:27,298 [pool-240-thread-1] INFO  server.RaftServerConfigKeys (ConfUtils.java:logGet(46)) - raft.server.rpc.sleep.time = 25ms (default)
2023-04-10 17:22:27,298 [pool-240-thread-1] INFO  server.RaftServerConfigKeys (ConfUtils.java:logGet(46)) - raft.server.rpc.slowness.timeout = 300000ms (custom)
2023-04-10 17:22:27,298 [pool-240-thread-1] INFO  server.RaftServerConfigKeys (ConfUtils.java:logGet(46)) - raft.server.leaderelection.leader.step-down.wait-time = 10s (default)
2023-04-10 17:22:27,298 [pool-240-thread-1] INFO  server.RaftServerConfigKeys (ConfUtils.java:logGet(46)) - raft.server.sleep.deviation.threshold = 300ms (default)
2023-04-10 17:22:27,298 [pool-240-thread-1] INFO  server.RaftServer$Division (ServerState.java:<init>(118)) - 1df5c771-96ae-4f7f-bce1-d7659a86bf4c@group-291B74A055E4: ConfigurationManager, init=-1: peers:[1df5c771-96ae-4f7f-bce1-d7659a86bf4c|rpc:10.1.0.59:46485|dataStream:10.1.0.59:35669|priority:1|startupRole:FOLLOWER]|listeners:[], old=null, confs=<EMPTY_MAP>
2023-04-10 17:22:27,298 [pool-240-thread-1] INFO  server.RaftServerConfigKeys (ConfUtils.java:logGet(46)) - raft.server.storage.dir = [/home/runner/work/ozone/ozone/hadoop-ozone/integration-test/target/test-dir/MiniOzoneClusterImpl-bd692c78-fb3a-4866-9e85-e2f4bd0dbf58/datanode-7/data/ratis] (custom)
2023-04-10 17:22:27,298 [pool-240-thread-1] INFO  server.RaftServerConfigKeys (ConfUtils.java:logGet(46)) - raft.server.log.corruption.policy = EXCEPTION (default)
2023-04-10 17:22:27,298 [pool-240-thread-1] INFO  server.RaftServerConfigKeys (ConfUtils.java:logGet(46)) - raft.server.storage.free-space.min = 0MB (=0) (default)
2023-04-10 17:22:27,298 [pool-240-thread-1] INFO  server.RaftServerConfigKeys (ConfUtils.java:logGet(46)) - raft.server.notification.no-leader.timeout = 300000ms (custom)
2023-04-10 17:22:27,298 [pool-240-thread-1] INFO  server.RaftServerConfigKeys (ConfUtils.java:logGet(46)) - raft.server.retrycache.expirytime = 600000ms (custom)
2023-04-10 17:22:27,298 [pool-240-thread-1] INFO  server.RaftServerConfigKeys (ConfUtils.java:logGet(46)) - raft.server.retrycache.statistics.expirytime = 100μs (default)
2023-04-10 17:22:27,299 [pool-240-thread-1] INFO  server.RaftServerConfigKeys (ConfUtils.java:logGet(46)) - raft.server.log.appender.install.snapshot.enabled = false (custom)
2023-04-10 17:22:27,299 [pool-240-thread-1] INFO  server.RaftServerConfigKeys (ConfUtils.java:logGet(46)) - raft.server.threadpool.server.cached = true (default)
2023-04-10 17:22:27,299 [pool-240-thread-1] INFO  server.RaftServerConfigKeys (ConfUtils.java:logGet(46)) - raft.server.threadpool.server.size = 0 (default)
2023-04-10 17:22:27,299 [pool-240-thread-1] INFO  server.RaftServerConfigKeys (ConfUtils.java:logGet(46)) - raft.server.threadpool.client.cached = true (default)
2023-04-10 17:22:27,299 [pool-240-thread-1] INFO  server.RaftServerConfigKeys (ConfUtils.java:logGet(46)) - raft.server.threadpool.client.size = 0 (default)
2023-04-10 17:22:27,300 [pool-240-thread-1] INFO  storage.RaftStorageDirectory (RaftStorageDirectoryImpl.java:analyzeStorage(137)) - The storage directory /home/runner/work/ozone/ozone/hadoop-ozone/integration-test/target/test-dir/MiniOzoneClusterImpl-bd692c78-fb3a-4866-9e85-e2f4bd0dbf58/datanode-7/data/ratis/ba4377cb-9ad2-475a-962d-291b74a055e4 does not exist. Creating ...
2023-04-10 17:22:27,301 [pool-240-thread-1] INFO  storage.RaftStorageDirectory (RaftStorageDirectoryImpl.java:tryLock(231)) - Lock on /home/runner/work/ozone/ozone/hadoop-ozone/integration-test/target/test-dir/MiniOzoneClusterImpl-bd692c78-fb3a-4866-9e85-e2f4bd0dbf58/datanode-7/data/ratis/ba4377cb-9ad2-475a-962d-291b74a055e4/in_use.lock acquired by nodename 68953@fv-az201-37
2023-04-10 17:22:27,302 [pool-240-thread-1] INFO  storage.RaftStorage (RaftStorageImpl.java:format(96)) - Storage directory /home/runner/work/ozone/ozone/hadoop-ozone/integration-test/target/test-dir/MiniOzoneClusterImpl-bd692c78-fb3a-4866-9e85-e2f4bd0dbf58/datanode-7/data/ratis/ba4377cb-9ad2-475a-962d-291b74a055e4 has been successfully formatted.
2023-04-10 17:22:27,304 [EventQueue-PipelineReportForPipelineReportHandler] INFO  pipeline.PipelineManagerImpl (PipelineManagerImpl.java:openPipeline(367)) - Pipeline Pipeline[ Id: ba4377cb-9ad2-475a-962d-291b74a055e4, Nodes: 1df5c771-96ae-4f7f-bce1-d7659a86bf4c(fv-az201-37/10.1.0.59), ReplicationConfig: RATIS/ONE, State:ALLOCATED, leaderId:1df5c771-96ae-4f7f-bce1-d7659a86bf4c, CreationTimestamp2023-04-10T17:22:24.301Z[Etc/UTC]] moved to OPEN state
2023-04-10 17:22:27,304 [EventQueue-OpenPipelineForHealthyPipelineSafeModeRule] INFO  safemode.SCMSafeModeManager (HealthyPipelineSafeModeRule.java:process(137)) - SCM in safe mode. Healthy pipelines reported count is 0, required healthy pipeline reported count is 1
2023-04-10 17:22:27,305 [pool-240-thread-1] INFO  ratis.ContainerStateMachine (ContainerStateMachine.java:loadSnapshot(262)) - group-291B74A055E4: The snapshot info is null. Setting the last applied indexto:(t:0, i:~)
2023-04-10 17:22:27,305 [pool-240-thread-1] INFO  server.RaftServerConfigKeys (ConfUtils.java:logGet(46)) - raft.server.log.use.memory = false (default)
2023-04-10 17:22:27,305 [pool-240-thread-1] INFO  server.RaftServerConfigKeys (ConfUtils.java:logGet(46)) - raft.server.log.purge.gap = 1000000 (custom)
2023-04-10 17:22:27,305 [pool-240-thread-1] INFO  server.RaftServerConfigKeys (ConfUtils.java:logGet(46)) - raft.server.log.appender.buffer.byte-limit = 33554432 (custom)
2023-04-10 17:22:27,305 [pool-240-thread-1] INFO  server.RaftServerConfigKeys (ConfUtils.java:logGet(46)) - raft.server.log.statemachine.data.read.timeout = 1000ms (default)
2023-04-10 17:22:27,305 [pool-240-thread-1] INFO  server.RaftServerConfigKeys (ConfUtils.java:logGet(46)) - raft.server.log.purge.preservation.log.num = 0 (default)
2023-04-10 17:22:27,305 [pool-240-thread-1] INFO  server.RaftServerConfigKeys (ConfUtils.java:logGet(46)) - raft.server.log.segment.size.max = 1048576 (custom)
2023-04-10 17:22:27,305 [pool-240-thread-1] INFO  server.RaftServerConfigKeys (ConfUtils.java:logGet(46)) - raft.server.log.segment.cache.num.max = 2 (custom)
2023-04-10 17:22:27,305 [pool-240-thread-1] INFO  server.RaftServerConfigKeys (ConfUtils.java:logGet(46)) - raft.server.log.segment.cache.size.max = 200MB (=209715200) (default)
2023-04-10 17:22:27,306 [pool-240-thread-1] INFO  segmented.SegmentedRaftLogWorker (SegmentedRaftLogWorker.java:<init>(189)) - new 1df5c771-96ae-4f7f-bce1-d7659a86bf4c@group-291B74A055E4-SegmentedRaftLogWorker for RaftStorageImpl:Storage Directory /home/runner/work/ozone/ozone/hadoop-ozone/integration-test/target/test-dir/MiniOzoneClusterImpl-bd692c78-fb3a-4866-9e85-e2f4bd0dbf58/datanode-7/data/ratis/ba4377cb-9ad2-475a-962d-291b74a055e4
2023-04-10 17:22:27,306 [pool-240-thread-1] INFO  server.RaftServerConfigKeys (ConfUtils.java:logGet(46)) - raft.server.log.queue.byte-limit = 4294967296 (custom)
2023-04-10 17:22:27,306 [pool-240-thread-1] INFO  server.RaftServerConfigKeys (ConfUtils.java:logGet(46)) - raft.server.log.queue.element-limit = 1024 (custom)
2023-04-10 17:22:27,306 [pool-240-thread-1] INFO  server.RaftServerConfigKeys (ConfUtils.java:logGet(46)) - raft.server.log.segment.size.max = 1048576 (custom)
2023-04-10 17:22:27,306 [pool-240-thread-1] INFO  server.RaftServerConfigKeys (ConfUtils.java:logGet(46)) - raft.server.log.preallocated.size = 16384 (custom)
2023-04-10 17:22:27,306 [pool-240-thread-1] INFO  server.RaftServerConfigKeys (ConfUtils.java:logGet(46)) - raft.server.log.force.sync.num = 128 (default)
2023-04-10 17:22:27,306 [pool-240-thread-1] INFO  server.RaftServerConfigKeys (ConfUtils.java:logGet(46)) - raft.server.log.statemachine.data.sync = true (default)
2023-04-10 17:22:27,306 [pool-240-thread-1] INFO  server.RaftServerConfigKeys (ConfUtils.java:logGet(46)) - raft.server.log.statemachine.data.sync.timeout = 10s (default)
2023-04-10 17:22:27,306 [pool-240-thread-1] INFO  server.RaftServerConfigKeys (ConfUtils.java:logGet(46)) - raft.server.log.statemachine.data.sync.timeout.retry = -1 (default)
2023-04-10 17:22:27,307 [pool-240-thread-1] INFO  server.RaftServerConfigKeys (ConfUtils.java:logGet(46)) - raft.server.log.write.buffer.size = 1048576 (custom)
2023-04-10 17:22:27,307 [pool-240-thread-1] INFO  server.RaftServerConfigKeys (ConfUtils.java:logGet(46)) - raft.server.log.appender.buffer.byte-limit = 33554432 (custom)
2023-04-10 17:22:27,312 [pool-240-thread-1] INFO  server.RaftServerConfigKeys (ConfUtils.java:logGet(46)) - raft.server.log.unsafe-flush.enabled = false (default)
2023-04-10 17:22:27,313 [pool-240-thread-1] INFO  server.RaftServerConfigKeys (ConfUtils.java:logGet(46)) - raft.server.log.async-flush.enabled = false (default)
2023-04-10 17:22:27,313 [pool-240-thread-1] INFO  server.RaftServerConfigKeys (ConfUtils.java:logGet(46)) - raft.server.log.statemachine.data.caching.enabled = true (custom)
2023-04-10 17:22:27,313 [pool-240-thread-1] INFO  segmented.SegmentedRaftLogWorker (SegmentedRaftLogWorker.java:lambda$new$0(135)) - 1df5c771-96ae-4f7f-bce1-d7659a86bf4c@group-291B74A055E4-SegmentedRaftLogWorker: flushIndex: setUnconditionally 0 -> -1
2023-04-10 17:22:27,313 [pool-240-thread-1] INFO  segmented.SegmentedRaftLogWorker (SegmentedRaftLogWorker.java:lambda$new$0(135)) - 1df5c771-96ae-4f7f-bce1-d7659a86bf4c@group-291B74A055E4-SegmentedRaftLogWorker: safeCacheEvictIndex: setUnconditionally 0 -> -1
2023-04-10 17:22:27,313 [pool-240-thread-1] INFO  server.RaftServer$Division (RaftServerImpl.java:start(334)) - 1df5c771-96ae-4f7f-bce1-d7659a86bf4c@group-291B74A055E4: start as a follower, conf=-1: peers:[1df5c771-96ae-4f7f-bce1-d7659a86bf4c|rpc:10.1.0.59:46485|dataStream:10.1.0.59:35669|priority:1|startupRole:FOLLOWER]|listeners:[], old=null
2023-04-10 17:22:27,313 [pool-240-thread-1] INFO  server.RaftServer$Division (RaftServerImpl.java:setRole(321)) - 1df5c771-96ae-4f7f-bce1-d7659a86bf4c@group-291B74A055E4: changes role from      null to FOLLOWER at term 0 for startAsFollower
2023-04-10 17:22:27,313 [pool-240-thread-1] INFO  impl.RoleInfo (RoleInfo.java:updateAndGet(139)) - 1df5c771-96ae-4f7f-bce1-d7659a86bf4c: start 1df5c771-96ae-4f7f-bce1-d7659a86bf4c@group-291B74A055E4-FollowerState
2023-04-10 17:22:27,315 [pool-240-thread-1] INFO  util.JmxRegister (JmxRegister.java:tryRegister(44)) - Successfully registered JMX Bean with object name Ratis:service=RaftServer,group=group-291B74A055E4,id=1df5c771-96ae-4f7f-bce1-d7659a86bf4c
2023-04-10 17:22:27,315 [pool-240-thread-1] INFO  server.RaftServerConfigKeys (ConfUtils.java:logGet(46)) - raft.server.snapshot.auto.trigger.enabled = true (custom)
2023-04-10 17:22:27,315 [pool-240-thread-1] INFO  server.RaftServerConfigKeys (ConfUtils.java:logGet(46)) - raft.server.snapshot.auto.trigger.threshold = 1 (custom)
2023-04-10 17:22:27,315 [pool-240-thread-1] INFO  server.RaftServerConfigKeys (ConfUtils.java:logGet(46)) - raft.server.snapshot.retention.file.num = 5 (custom)
2023-04-10 17:22:27,315 [pool-240-thread-1] INFO  server.RaftServerConfigKeys (ConfUtils.java:logGet(46)) - raft.server.log.purge.upto.snapshot.index = false (default)
2023-04-10 17:22:27,316 [1df5c771-96ae-4f7f-bce1-d7659a86bf4c@group-291B74A055E4-FollowerState] INFO  server.RaftServerConfigKeys (ConfUtils.java:logFallback(53)) - raft.server.rpc.first-election.timeout.min = 5s (fallback to raft.server.rpc.timeout.min)
2023-04-10 17:22:27,316 [1df5c771-96ae-4f7f-bce1-d7659a86bf4c@group-291B74A055E4-FollowerState] INFO  server.RaftServerConfigKeys (ConfUtils.java:logFallback(53)) - raft.server.rpc.first-election.timeout.max = 5200ms (fallback to raft.server.rpc.timeout.max)
2023-04-10 17:22:27,317 [Command processor thread] INFO  ratis.XceiverServerRatis (XceiverServerRatis.java:addGroup(806)) - Created group PipelineID=ba4377cb-9ad2-475a-962d-291b74a055e4
2023-04-10 17:22:27,318 [Command processor thread] INFO  commandhandler.CreatePipelineCommandHandler (CreatePipelineCommandHandler.java:handle(113)) - Created Pipeline RATIS ONE PipelineID=ba4377cb-9ad2-475a-962d-291b74a055e4.
2023-04-10 17:22:27,334 [EventQueue-OpenPipelineForHealthyPipelineSafeModeRule] INFO  safemode.SCMSafeModeManager (HealthyPipelineSafeModeRule.java:process(137)) - SCM in safe mode. Healthy pipelines reported count is 0, required healthy pipeline reported count is 1
2023-04-10 17:22:27,404 [EventQueue-OpenPipelineForHealthyPipelineSafeModeRule] INFO  safemode.SCMSafeModeManager (HealthyPipelineSafeModeRule.java:process(137)) - SCM in safe mode. Healthy pipelines reported count is 0, required healthy pipeline reported count is 1
2023-04-10 17:22:27,411 [EventQueue-OpenPipelineForHealthyPipelineSafeModeRule] INFO  safemode.SCMSafeModeManager (HealthyPipelineSafeModeRule.java:process(137)) - SCM in safe mode. Healthy pipelines reported count is 0, required healthy pipeline reported count is 1
2023-04-10 17:22:27,412 [EventQueue-OpenPipelineForHealthyPipelineSafeModeRule] INFO  safemode.SCMSafeModeManager (HealthyPipelineSafeModeRule.java:process(137)) - SCM in safe mode. Healthy pipelines reported count is 0, required healthy pipeline reported count is 1
2023-04-10 17:22:27,446 [EventQueue-OpenPipelineForHealthyPipelineSafeModeRule] INFO  safemode.SCMSafeModeManager (HealthyPipelineSafeModeRule.java:process(137)) - SCM in safe mode. Healthy pipelines reported count is 0, required healthy pipeline reported count is 1
2023-04-10 17:22:27,455 [EventQueue-OpenPipelineForHealthyPipelineSafeModeRule] INFO  safemode.SCMSafeModeManager (HealthyPipelineSafeModeRule.java:process(137)) - SCM in safe mode. Healthy pipelines reported count is 0, required healthy pipeline reported count is 1
2023-04-10 17:22:27,536 [EventQueue-OpenPipelineForHealthyPipelineSafeModeRule] INFO  safemode.SCMSafeModeManager (HealthyPipelineSafeModeRule.java:process(137)) - SCM in safe mode. Healthy pipelines reported count is 0, required healthy pipeline reported count is 1
2023-04-10 17:22:27,611 [EventQueue-OpenPipelineForHealthyPipelineSafeModeRule] INFO  safemode.SCMSafeModeManager (HealthyPipelineSafeModeRule.java:process(137)) - SCM in safe mode. Healthy pipelines reported count is 0, required healthy pipeline reported count is 1
2023-04-10 17:22:27,655 [EventQueue-OpenPipelineForHealthyPipelineSafeModeRule] INFO  safemode.SCMSafeModeManager (HealthyPipelineSafeModeRule.java:process(137)) - SCM in safe mode. Healthy pipelines reported count is 0, required healthy pipeline reported count is 1
2023-04-10 17:22:27,656 [EventQueue-OpenPipelineForHealthyPipelineSafeModeRule] INFO  safemode.SCMSafeModeManager (HealthyPipelineSafeModeRule.java:process(137)) - SCM in safe mode. Healthy pipelines reported count is 0, required healthy pipeline reported count is 1
2023-04-10 17:22:27,707 [EventQueue-OpenPipelineForHealthyPipelineSafeModeRule] INFO  safemode.SCMSafeModeManager (HealthyPipelineSafeModeRule.java:process(137)) - SCM in safe mode. Healthy pipelines reported count is 0, required healthy pipeline reported count is 1
2023-04-10 17:22:27,739 [EventQueue-OpenPipelineForHealthyPipelineSafeModeRule] INFO  safemode.SCMSafeModeManager (HealthyPipelineSafeModeRule.java:process(137)) - SCM in safe mode. Healthy pipelines reported count is 0, required healthy pipeline reported count is 1
2023-04-10 17:22:27,744 [Command processor thread] INFO  server.RaftServer (RaftServerProxy.java:addNew(96)) - bfeb2be3-129f-4e57-9a47-316523ddd986: addNew group-FF99A091F36C:[bfeb2be3-129f-4e57-9a47-316523ddd986|rpc:10.1.0.59:38183|dataStream:10.1.0.59:32789|priority:1|startupRole:FOLLOWER] returns group-FF99A091F36C:java.util.concurrent.CompletableFuture@11bc795c[Not completed]
2023-04-10 17:22:27,745 [pool-266-thread-1] INFO  server.RaftServer$Division (RaftServerImpl.java:<init>(195)) - bfeb2be3-129f-4e57-9a47-316523ddd986: new RaftServerImpl for group-FF99A091F36C:[bfeb2be3-129f-4e57-9a47-316523ddd986|rpc:10.1.0.59:38183|dataStream:10.1.0.59:32789|priority:1|startupRole:FOLLOWER] with ContainerStateMachine:uninitialized
2023-04-10 17:22:27,745 [pool-266-thread-1] INFO  server.RaftServerConfigKeys (ConfUtils.java:logGet(46)) - raft.server.rpc.timeout.min = 5s (custom)
2023-04-10 17:22:27,745 [pool-266-thread-1] INFO  server.RaftServerConfigKeys (ConfUtils.java:logGet(46)) - raft.server.rpc.timeout.max = 5200ms (custom)
2023-04-10 17:22:27,745 [pool-266-thread-1] INFO  server.RaftServerConfigKeys (ConfUtils.java:logGet(46)) - raft.server.rpc.sleep.time = 25ms (default)
2023-04-10 17:22:27,745 [pool-266-thread-1] INFO  server.RaftServerConfigKeys (ConfUtils.java:logGet(46)) - raft.server.rpc.slowness.timeout = 300000ms (custom)
2023-04-10 17:22:27,745 [pool-266-thread-1] INFO  server.RaftServerConfigKeys (ConfUtils.java:logGet(46)) - raft.server.leaderelection.leader.step-down.wait-time = 10s (default)
2023-04-10 17:22:27,745 [pool-266-thread-1] INFO  server.RaftServerConfigKeys (ConfUtils.java:logGet(46)) - raft.server.sleep.deviation.threshold = 300ms (default)
2023-04-10 17:22:27,745 [pool-266-thread-1] INFO  server.RaftServer$Division (ServerState.java:<init>(118)) - bfeb2be3-129f-4e57-9a47-316523ddd986@group-FF99A091F36C: ConfigurationManager, init=-1: peers:[bfeb2be3-129f-4e57-9a47-316523ddd986|rpc:10.1.0.59:38183|dataStream:10.1.0.59:32789|priority:1|startupRole:FOLLOWER]|listeners:[], old=null, confs=<EMPTY_MAP>
2023-04-10 17:22:27,746 [pool-266-thread-1] INFO  server.RaftServerConfigKeys (ConfUtils.java:logGet(46)) - raft.server.storage.dir = [/home/runner/work/ozone/ozone/hadoop-ozone/integration-test/target/test-dir/MiniOzoneClusterImpl-bd692c78-fb3a-4866-9e85-e2f4bd0dbf58/datanode-8/data/ratis] (custom)
2023-04-10 17:22:27,746 [pool-266-thread-1] INFO  server.RaftServerConfigKeys (ConfUtils.java:logGet(46)) - raft.server.log.corruption.policy = EXCEPTION (default)
2023-04-10 17:22:27,746 [pool-266-thread-1] INFO  server.RaftServerConfigKeys (ConfUtils.java:logGet(46)) - raft.server.storage.free-space.min = 0MB (=0) (default)
2023-04-10 17:22:27,746 [pool-266-thread-1] INFO  server.RaftServerConfigKeys (ConfUtils.java:logGet(46)) - raft.server.notification.no-leader.timeout = 300000ms (custom)
2023-04-10 17:22:27,746 [pool-266-thread-1] INFO  server.RaftServerConfigKeys (ConfUtils.java:logGet(46)) - raft.server.retrycache.expirytime = 600000ms (custom)
2023-04-10 17:22:27,746 [pool-266-thread-1] INFO  server.RaftServerConfigKeys (ConfUtils.java:logGet(46)) - raft.server.retrycache.statistics.expirytime = 100μs (default)
2023-04-10 17:22:27,747 [pool-266-thread-1] INFO  server.RaftServerConfigKeys (ConfUtils.java:logGet(46)) - raft.server.log.appender.install.snapshot.enabled = false (custom)
2023-04-10 17:22:27,747 [pool-266-thread-1] INFO  server.RaftServerConfigKeys (ConfUtils.java:logGet(46)) - raft.server.threadpool.server.cached = true (default)
2023-04-10 17:22:27,747 [pool-266-thread-1] INFO  server.RaftServerConfigKeys (ConfUtils.java:logGet(46)) - raft.server.threadpool.server.size = 0 (default)
2023-04-10 17:22:27,747 [pool-266-thread-1] INFO  server.RaftServerConfigKeys (ConfUtils.java:logGet(46)) - raft.server.threadpool.client.cached = true (default)
2023-04-10 17:22:27,747 [pool-266-thread-1] INFO  server.RaftServerConfigKeys (ConfUtils.java:logGet(46)) - raft.server.threadpool.client.size = 0 (default)
2023-04-10 17:22:27,748 [pool-266-thread-1] INFO  storage.RaftStorageDirectory (RaftStorageDirectoryImpl.java:analyzeStorage(137)) - The storage directory /home/runner/work/ozone/ozone/hadoop-ozone/integration-test/target/test-dir/MiniOzoneClusterImpl-bd692c78-fb3a-4866-9e85-e2f4bd0dbf58/datanode-8/data/ratis/73ef65af-6443-4f0f-966f-ff99a091f36c does not exist. Creating ...
2023-04-10 17:22:27,748 [pool-266-thread-1] INFO  storage.RaftStorageDirectory (RaftStorageDirectoryImpl.java:tryLock(231)) - Lock on /home/runner/work/ozone/ozone/hadoop-ozone/integration-test/target/test-dir/MiniOzoneClusterImpl-bd692c78-fb3a-4866-9e85-e2f4bd0dbf58/datanode-8/data/ratis/73ef65af-6443-4f0f-966f-ff99a091f36c/in_use.lock acquired by nodename 68953@fv-az201-37
2023-04-10 17:22:27,749 [pool-266-thread-1] INFO  storage.RaftStorage (RaftStorageImpl.java:format(96)) - Storage directory /home/runner/work/ozone/ozone/hadoop-ozone/integration-test/target/test-dir/MiniOzoneClusterImpl-bd692c78-fb3a-4866-9e85-e2f4bd0dbf58/datanode-8/data/ratis/73ef65af-6443-4f0f-966f-ff99a091f36c has been successfully formatted.
2023-04-10 17:22:27,750 [pool-266-thread-1] INFO  ratis.ContainerStateMachine (ContainerStateMachine.java:loadSnapshot(262)) - group-FF99A091F36C: The snapshot info is null. Setting the last applied indexto:(t:0, i:~)
2023-04-10 17:22:27,750 [pool-266-thread-1] INFO  server.RaftServerConfigKeys (ConfUtils.java:logGet(46)) - raft.server.log.use.memory = false (default)
2023-04-10 17:22:27,750 [pool-266-thread-1] INFO  server.RaftServerConfigKeys (ConfUtils.java:logGet(46)) - raft.server.log.purge.gap = 1000000 (custom)
2023-04-10 17:22:27,751 [pool-266-thread-1] INFO  server.RaftServerConfigKeys (ConfUtils.java:logGet(46)) - raft.server.log.appender.buffer.byte-limit = 33554432 (custom)
2023-04-10 17:22:27,751 [pool-266-thread-1] INFO  server.RaftServerConfigKeys (ConfUtils.java:logGet(46)) - raft.server.log.statemachine.data.read.timeout = 1000ms (default)
2023-04-10 17:22:27,751 [pool-266-thread-1] INFO  server.RaftServerConfigKeys (ConfUtils.java:logGet(46)) - raft.server.log.purge.preservation.log.num = 0 (default)
2023-04-10 17:22:27,751 [pool-266-thread-1] INFO  server.RaftServerConfigKeys (ConfUtils.java:logGet(46)) - raft.server.log.segment.size.max = 1048576 (custom)
2023-04-10 17:22:27,751 [EventQueue-PipelineReportForPipelineReportHandler] INFO  pipeline.PipelineManagerImpl (PipelineManagerImpl.java:openPipeline(367)) - Pipeline Pipeline[ Id: 73ef65af-6443-4f0f-966f-ff99a091f36c, Nodes: bfeb2be3-129f-4e57-9a47-316523ddd986(fv-az201-37/10.1.0.59), ReplicationConfig: RATIS/ONE, State:ALLOCATED, leaderId:bfeb2be3-129f-4e57-9a47-316523ddd986, CreationTimestamp2023-04-10T17:22:24.766Z[Etc/UTC]] moved to OPEN state
2023-04-10 17:22:27,752 [EventQueue-OpenPipelineForHealthyPipelineSafeModeRule] INFO  safemode.SCMSafeModeManager (HealthyPipelineSafeModeRule.java:process(137)) - SCM in safe mode. Healthy pipelines reported count is 0, required healthy pipeline reported count is 1
2023-04-10 17:22:27,752 [pool-266-thread-1] INFO  server.RaftServerConfigKeys (ConfUtils.java:logGet(46)) - raft.server.log.segment.cache.num.max = 2 (custom)
2023-04-10 17:22:27,752 [pool-266-thread-1] INFO  server.RaftServerConfigKeys (ConfUtils.java:logGet(46)) - raft.server.log.segment.cache.size.max = 200MB (=209715200) (default)
2023-04-10 17:22:27,752 [pool-266-thread-1] INFO  segmented.SegmentedRaftLogWorker (SegmentedRaftLogWorker.java:<init>(189)) - new bfeb2be3-129f-4e57-9a47-316523ddd986@group-FF99A091F36C-SegmentedRaftLogWorker for RaftStorageImpl:Storage Directory /home/runner/work/ozone/ozone/hadoop-ozone/integration-test/target/test-dir/MiniOzoneClusterImpl-bd692c78-fb3a-4866-9e85-e2f4bd0dbf58/datanode-8/data/ratis/73ef65af-6443-4f0f-966f-ff99a091f36c
2023-04-10 17:22:27,752 [pool-266-thread-1] INFO  server.RaftServerConfigKeys (ConfUtils.java:logGet(46)) - raft.server.log.queue.byte-limit = 4294967296 (custom)
2023-04-10 17:22:27,752 [pool-266-thread-1] INFO  server.RaftServerConfigKeys (ConfUtils.java:logGet(46)) - raft.server.log.queue.element-limit = 1024 (custom)
2023-04-10 17:22:27,752 [pool-266-thread-1] INFO  server.RaftServerConfigKeys (ConfUtils.java:logGet(46)) - raft.server.log.segment.size.max = 1048576 (custom)
2023-04-10 17:22:27,753 [pool-266-thread-1] INFO  server.RaftServerConfigKeys (ConfUtils.java:logGet(46)) - raft.server.log.preallocated.size = 16384 (custom)
2023-04-10 17:22:27,753 [pool-266-thread-1] INFO  server.RaftServerConfigKeys (ConfUtils.java:logGet(46)) - raft.server.log.force.sync.num = 128 (default)
2023-04-10 17:22:27,753 [pool-266-thread-1] INFO  server.RaftServerConfigKeys (ConfUtils.java:logGet(46)) - raft.server.log.statemachine.data.sync = true (default)
2023-04-10 17:22:27,753 [pool-266-thread-1] INFO  server.RaftServerConfigKeys (ConfUtils.java:logGet(46)) - raft.server.log.statemachine.data.sync.timeout = 10s (default)
2023-04-10 17:22:27,753 [pool-266-thread-1] INFO  server.RaftServerConfigKeys (ConfUtils.java:logGet(46)) - raft.server.log.statemachine.data.sync.timeout.retry = -1 (default)
2023-04-10 17:22:27,753 [pool-266-thread-1] INFO  server.RaftServerConfigKeys (ConfUtils.java:logGet(46)) - raft.server.log.write.buffer.size = 1048576 (custom)
2023-04-10 17:22:27,754 [pool-266-thread-1] INFO  server.RaftServerConfigKeys (ConfUtils.java:logGet(46)) - raft.server.log.appender.buffer.byte-limit = 33554432 (custom)
2023-04-10 17:22:27,760 [pool-266-thread-1] INFO  server.RaftServerConfigKeys (ConfUtils.java:logGet(46)) - raft.server.log.unsafe-flush.enabled = false (default)
2023-04-10 17:22:27,760 [pool-266-thread-1] INFO  server.RaftServerConfigKeys (ConfUtils.java:logGet(46)) - raft.server.log.async-flush.enabled = false (default)
2023-04-10 17:22:27,760 [pool-266-thread-1] INFO  server.RaftServerConfigKeys (ConfUtils.java:logGet(46)) - raft.server.log.statemachine.data.caching.enabled = true (custom)
2023-04-10 17:22:27,761 [pool-266-thread-1] INFO  segmented.SegmentedRaftLogWorker (SegmentedRaftLogWorker.java:lambda$new$0(135)) - bfeb2be3-129f-4e57-9a47-316523ddd986@group-FF99A091F36C-SegmentedRaftLogWorker: flushIndex: setUnconditionally 0 -> -1
2023-04-10 17:22:27,761 [pool-266-thread-1] INFO  segmented.SegmentedRaftLogWorker (SegmentedRaftLogWorker.java:lambda$new$0(135)) - bfeb2be3-129f-4e57-9a47-316523ddd986@group-FF99A091F36C-SegmentedRaftLogWorker: safeCacheEvictIndex: setUnconditionally 0 -> -1
2023-04-10 17:22:27,761 [pool-266-thread-1] INFO  server.RaftServer$Division (RaftServerImpl.java:start(334)) - bfeb2be3-129f-4e57-9a47-316523ddd986@group-FF99A091F36C: start as a follower, conf=-1: peers:[bfeb2be3-129f-4e57-9a47-316523ddd986|rpc:10.1.0.59:38183|dataStream:10.1.0.59:32789|priority:1|startupRole:FOLLOWER]|listeners:[], old=null
2023-04-10 17:22:27,761 [pool-266-thread-1] INFO  server.RaftServer$Division (RaftServerImpl.java:setRole(321)) - bfeb2be3-129f-4e57-9a47-316523ddd986@group-FF99A091F36C: changes role from      null to FOLLOWER at term 0 for startAsFollower
2023-04-10 17:22:27,761 [pool-266-thread-1] INFO  impl.RoleInfo (RoleInfo.java:updateAndGet(139)) - bfeb2be3-129f-4e57-9a47-316523ddd986: start bfeb2be3-129f-4e57-9a47-316523ddd986@group-FF99A091F36C-FollowerState
2023-04-10 17:22:27,761 [pool-266-thread-1] INFO  util.JmxRegister (JmxRegister.java:tryRegister(44)) - Successfully registered JMX Bean with object name Ratis:service=RaftServer,group=group-FF99A091F36C,id=bfeb2be3-129f-4e57-9a47-316523ddd986
2023-04-10 17:22:27,761 [pool-266-thread-1] INFO  server.RaftServerConfigKeys (ConfUtils.java:logGet(46)) - raft.server.snapshot.auto.trigger.enabled = true (custom)
2023-04-10 17:22:27,762 [pool-266-thread-1] INFO  server.RaftServerConfigKeys (ConfUtils.java:logGet(46)) - raft.server.snapshot.auto.trigger.threshold = 1 (custom)
2023-04-10 17:22:27,762 [pool-266-thread-1] INFO  server.RaftServerConfigKeys (ConfUtils.java:logGet(46)) - raft.server.snapshot.retention.file.num = 5 (custom)
2023-04-10 17:22:27,762 [pool-266-thread-1] INFO  server.RaftServerConfigKeys (ConfUtils.java:logGet(46)) - raft.server.log.purge.upto.snapshot.index = false (default)
2023-04-10 17:22:27,762 [bfeb2be3-129f-4e57-9a47-316523ddd986@group-FF99A091F36C-FollowerState] INFO  server.RaftServerConfigKeys (ConfUtils.java:logFallback(53)) - raft.server.rpc.first-election.timeout.min = 5s (fallback to raft.server.rpc.timeout.min)
2023-04-10 17:22:27,762 [bfeb2be3-129f-4e57-9a47-316523ddd986@group-FF99A091F36C-FollowerState] INFO  server.RaftServerConfigKeys (ConfUtils.java:logFallback(53)) - raft.server.rpc.first-election.timeout.max = 5200ms (fallback to raft.server.rpc.timeout.max)
2023-04-10 17:22:27,763 [Command processor thread] INFO  ratis.XceiverServerRatis (XceiverServerRatis.java:addGroup(806)) - Created group PipelineID=73ef65af-6443-4f0f-966f-ff99a091f36c
2023-04-10 17:22:27,763 [Command processor thread] INFO  commandhandler.CreatePipelineCommandHandler (CreatePipelineCommandHandler.java:handle(113)) - Created Pipeline RATIS ONE PipelineID=73ef65af-6443-4f0f-966f-ff99a091f36c.
2023-04-10 17:22:27,808 [EventQueue-OpenPipelineForHealthyPipelineSafeModeRule] INFO  safemode.SCMSafeModeManager (HealthyPipelineSafeModeRule.java:process(137)) - SCM in safe mode. Healthy pipelines reported count is 0, required healthy pipeline reported count is 1
2023-04-10 17:22:27,812 [EventQueue-OpenPipelineForHealthyPipelineSafeModeRule] INFO  safemode.SCMSafeModeManager (HealthyPipelineSafeModeRule.java:process(137)) - SCM in safe mode. Healthy pipelines reported count is 0, required healthy pipeline reported count is 1
2023-04-10 17:22:27,848 [EventQueue-OpenPipelineForHealthyPipelineSafeModeRule] INFO  safemode.SCMSafeModeManager (HealthyPipelineSafeModeRule.java:process(137)) - SCM in safe mode. Healthy pipelines reported count is 0, required healthy pipeline reported count is 1
2023-04-10 17:22:27,855 [EventQueue-OpenPipelineForHealthyPipelineSafeModeRule] INFO  safemode.SCMSafeModeManager (HealthyPipelineSafeModeRule.java:process(137)) - SCM in safe mode. Healthy pipelines reported count is 0, required healthy pipeline reported count is 1
2023-04-10 17:22:27,856 [EventQueue-OpenPipelineForHealthyPipelineSafeModeRule] INFO  safemode.SCMSafeModeManager (HealthyPipelineSafeModeRule.java:process(137)) - SCM in safe mode. Healthy pipelines reported count is 0, required healthy pipeline reported count is 1
2023-04-10 17:22:27,908 [EventQueue-OpenPipelineForHealthyPipelineSafeModeRule] INFO  safemode.SCMSafeModeManager (HealthyPipelineSafeModeRule.java:process(137)) - SCM in safe mode. Healthy pipelines reported count is 0, required healthy pipeline reported count is 1
2023-04-10 17:22:27,935 [EventQueue-OpenPipelineForHealthyPipelineSafeModeRule] INFO  safemode.SCMSafeModeManager (HealthyPipelineSafeModeRule.java:process(137)) - SCM in safe mode. Healthy pipelines reported count is 0, required healthy pipeline reported count is 1
2023-04-10 17:22:27,950 [EventQueue-OpenPipelineForHealthyPipelineSafeModeRule] INFO  safemode.SCMSafeModeManager (HealthyPipelineSafeModeRule.java:process(137)) - SCM in safe mode. Healthy pipelines reported count is 0, required healthy pipeline reported count is 1
2023-04-10 17:22:28,011 [EventQueue-OpenPipelineForHealthyPipelineSafeModeRule] INFO  safemode.SCMSafeModeManager (HealthyPipelineSafeModeRule.java:process(137)) - SCM in safe mode. Healthy pipelines reported count is 0, required healthy pipeline reported count is 1
2023-04-10 17:22:28,012 [EventQueue-OpenPipelineForHealthyPipelineSafeModeRule] INFO  safemode.SCMSafeModeManager (HealthyPipelineSafeModeRule.java:process(137)) - SCM in safe mode. Healthy pipelines reported count is 0, required healthy pipeline reported count is 1
2023-04-10 17:22:28,046 [EventQueue-OpenPipelineForHealthyPipelineSafeModeRule] INFO  safemode.SCMSafeModeManager (HealthyPipelineSafeModeRule.java:process(137)) - SCM in safe mode. Healthy pipelines reported count is 0, required healthy pipeline reported count is 1
2023-04-10 17:22:28,055 [EventQueue-OpenPipelineForHealthyPipelineSafeModeRule] INFO  safemode.SCMSafeModeManager (HealthyPipelineSafeModeRule.java:process(137)) - SCM in safe mode. Healthy pipelines reported count is 0, required healthy pipeline reported count is 1
2023-04-10 17:22:28,056 [EventQueue-OpenPipelineForHealthyPipelineSafeModeRule] INFO  safemode.SCMSafeModeManager (HealthyPipelineSafeModeRule.java:process(137)) - SCM in safe mode. Healthy pipelines reported count is 0, required healthy pipeline reported count is 1
2023-04-10 17:22:28,136 [EventQueue-OpenPipelineForHealthyPipelineSafeModeRule] INFO  safemode.SCMSafeModeManager (HealthyPipelineSafeModeRule.java:process(137)) - SCM in safe mode. Healthy pipelines reported count is 0, required healthy pipeline reported count is 1
2023-04-10 17:22:28,137 [Command processor thread] INFO  server.RaftServer (RaftServerProxy.java:addNew(96)) - 54c8c833-6222-4a6a-826b-1192c6ee83f0: addNew group-16C584E678AF:[54c8c833-6222-4a6a-826b-1192c6ee83f0|rpc:10.1.0.59:37993|dataStream:10.1.0.59:34723|priority:1|startupRole:FOLLOWER] returns group-16C584E678AF:java.util.concurrent.CompletableFuture@1a26eb89[Not completed]
2023-04-10 17:22:28,138 [pool-292-thread-1] INFO  server.RaftServer$Division (RaftServerImpl.java:<init>(195)) - 54c8c833-6222-4a6a-826b-1192c6ee83f0: new RaftServerImpl for group-16C584E678AF:[54c8c833-6222-4a6a-826b-1192c6ee83f0|rpc:10.1.0.59:37993|dataStream:10.1.0.59:34723|priority:1|startupRole:FOLLOWER] with ContainerStateMachine:uninitialized
2023-04-10 17:22:28,139 [pool-292-thread-1] INFO  server.RaftServerConfigKeys (ConfUtils.java:logGet(46)) - raft.server.rpc.timeout.min = 5s (custom)
2023-04-10 17:22:28,139 [pool-292-thread-1] INFO  server.RaftServerConfigKeys (ConfUtils.java:logGet(46)) - raft.server.rpc.timeout.max = 5200ms (custom)
2023-04-10 17:22:28,139 [pool-292-thread-1] INFO  server.RaftServerConfigKeys (ConfUtils.java:logGet(46)) - raft.server.rpc.sleep.time = 25ms (default)
2023-04-10 17:22:28,139 [pool-292-thread-1] INFO  server.RaftServerConfigKeys (ConfUtils.java:logGet(46)) - raft.server.rpc.slowness.timeout = 300000ms (custom)
2023-04-10 17:22:28,139 [pool-292-thread-1] INFO  server.RaftServerConfigKeys (ConfUtils.java:logGet(46)) - raft.server.leaderelection.leader.step-down.wait-time = 10s (default)
2023-04-10 17:22:28,139 [pool-292-thread-1] INFO  server.RaftServerConfigKeys (ConfUtils.java:logGet(46)) - raft.server.sleep.deviation.threshold = 300ms (default)
2023-04-10 17:22:28,139 [pool-292-thread-1] INFO  server.RaftServer$Division (ServerState.java:<init>(118)) - 54c8c833-6222-4a6a-826b-1192c6ee83f0@group-16C584E678AF: ConfigurationManager, init=-1: peers:[54c8c833-6222-4a6a-826b-1192c6ee83f0|rpc:10.1.0.59:37993|dataStream:10.1.0.59:34723|priority:1|startupRole:FOLLOWER]|listeners:[], old=null, confs=<EMPTY_MAP>
2023-04-10 17:22:28,139 [pool-292-thread-1] INFO  server.RaftServerConfigKeys (ConfUtils.java:logGet(46)) - raft.server.storage.dir = [/home/runner/work/ozone/ozone/hadoop-ozone/integration-test/target/test-dir/MiniOzoneClusterImpl-bd692c78-fb3a-4866-9e85-e2f4bd0dbf58/datanode-9/data/ratis] (custom)
2023-04-10 17:22:28,139 [pool-292-thread-1] INFO  server.RaftServerConfigKeys (ConfUtils.java:logGet(46)) - raft.server.log.corruption.policy = EXCEPTION (default)
2023-04-10 17:22:28,139 [pool-292-thread-1] INFO  server.RaftServerConfigKeys (ConfUtils.java:logGet(46)) - raft.server.storage.free-space.min = 0MB (=0) (default)
2023-04-10 17:22:28,139 [pool-292-thread-1] INFO  server.RaftServerConfigKeys (ConfUtils.java:logGet(46)) - raft.server.notification.no-leader.timeout = 300000ms (custom)
2023-04-10 17:22:28,139 [pool-292-thread-1] INFO  server.RaftServerConfigKeys (ConfUtils.java:logGet(46)) - raft.server.retrycache.expirytime = 600000ms (custom)
2023-04-10 17:22:28,139 [pool-292-thread-1] INFO  server.RaftServerConfigKeys (ConfUtils.java:logGet(46)) - raft.server.retrycache.statistics.expirytime = 100μs (default)
2023-04-10 17:22:28,144 [pool-292-thread-1] INFO  server.RaftServerConfigKeys (ConfUtils.java:logGet(46)) - raft.server.log.appender.install.snapshot.enabled = false (custom)
2023-04-10 17:22:28,144 [pool-292-thread-1] INFO  server.RaftServerConfigKeys (ConfUtils.java:logGet(46)) - raft.server.threadpool.server.cached = true (default)
2023-04-10 17:22:28,144 [pool-292-thread-1] INFO  server.RaftServerConfigKeys (ConfUtils.java:logGet(46)) - raft.server.threadpool.server.size = 0 (default)
2023-04-10 17:22:28,144 [pool-292-thread-1] INFO  server.RaftServerConfigKeys (ConfUtils.java:logGet(46)) - raft.server.threadpool.client.cached = true (default)
2023-04-10 17:22:28,144 [pool-292-thread-1] INFO  server.RaftServerConfigKeys (ConfUtils.java:logGet(46)) - raft.server.threadpool.client.size = 0 (default)
2023-04-10 17:22:28,144 [pool-292-thread-1] INFO  storage.RaftStorageDirectory (RaftStorageDirectoryImpl.java:analyzeStorage(137)) - The storage directory /home/runner/work/ozone/ozone/hadoop-ozone/integration-test/target/test-dir/MiniOzoneClusterImpl-bd692c78-fb3a-4866-9e85-e2f4bd0dbf58/datanode-9/data/ratis/3262d24a-39c5-462a-9ab0-16c584e678af does not exist. Creating ...
2023-04-10 17:22:28,145 [pool-292-thread-1] INFO  storage.RaftStorageDirectory (RaftStorageDirectoryImpl.java:tryLock(231)) - Lock on /home/runner/work/ozone/ozone/hadoop-ozone/integration-test/target/test-dir/MiniOzoneClusterImpl-bd692c78-fb3a-4866-9e85-e2f4bd0dbf58/datanode-9/data/ratis/3262d24a-39c5-462a-9ab0-16c584e678af/in_use.lock acquired by nodename 68953@fv-az201-37
2023-04-10 17:22:28,147 [pool-292-thread-1] INFO  storage.RaftStorage (RaftStorageImpl.java:format(96)) - Storage directory /home/runner/work/ozone/ozone/hadoop-ozone/integration-test/target/test-dir/MiniOzoneClusterImpl-bd692c78-fb3a-4866-9e85-e2f4bd0dbf58/datanode-9/data/ratis/3262d24a-39c5-462a-9ab0-16c584e678af has been successfully formatted.
2023-04-10 17:22:28,147 [pool-292-thread-1] INFO  ratis.ContainerStateMachine (ContainerStateMachine.java:loadSnapshot(262)) - group-16C584E678AF: The snapshot info is null. Setting the last applied indexto:(t:0, i:~)
2023-04-10 17:22:28,147 [pool-292-thread-1] INFO  server.RaftServerConfigKeys (ConfUtils.java:logGet(46)) - raft.server.log.use.memory = false (default)
2023-04-10 17:22:28,147 [pool-292-thread-1] INFO  server.RaftServerConfigKeys (ConfUtils.java:logGet(46)) - raft.server.log.purge.gap = 1000000 (custom)
2023-04-10 17:22:28,148 [pool-292-thread-1] INFO  server.RaftServerConfigKeys (ConfUtils.java:logGet(46)) - raft.server.log.appender.buffer.byte-limit = 33554432 (custom)
2023-04-10 17:22:28,148 [pool-292-thread-1] INFO  server.RaftServerConfigKeys (ConfUtils.java:logGet(46)) - raft.server.log.statemachine.data.read.timeout = 1000ms (default)
2023-04-10 17:22:28,148 [pool-292-thread-1] INFO  server.RaftServerConfigKeys (ConfUtils.java:logGet(46)) - raft.server.log.purge.preservation.log.num = 0 (default)
2023-04-10 17:22:28,148 [pool-292-thread-1] INFO  server.RaftServerConfigKeys (ConfUtils.java:logGet(46)) - raft.server.log.segment.size.max = 1048576 (custom)
2023-04-10 17:22:28,148 [pool-292-thread-1] INFO  server.RaftServerConfigKeys (ConfUtils.java:logGet(46)) - raft.server.log.segment.cache.num.max = 2 (custom)
2023-04-10 17:22:28,149 [EventQueue-PipelineReportForPipelineReportHandler] INFO  pipeline.PipelineManagerImpl (PipelineManagerImpl.java:openPipeline(367)) - Pipeline Pipeline[ Id: 3262d24a-39c5-462a-9ab0-16c584e678af, Nodes: 54c8c833-6222-4a6a-826b-1192c6ee83f0(fv-az201-37/10.1.0.59), ReplicationConfig: RATIS/ONE, State:ALLOCATED, leaderId:54c8c833-6222-4a6a-826b-1192c6ee83f0, CreationTimestamp2023-04-10T17:22:25.142Z[Etc/UTC]] moved to OPEN state
2023-04-10 17:22:28,151 [EventQueue-OpenPipelineForHealthyPipelineSafeModeRule] INFO  safemode.SCMSafeModeManager (HealthyPipelineSafeModeRule.java:process(137)) - SCM in safe mode. Healthy pipelines reported count is 0, required healthy pipeline reported count is 1
2023-04-10 17:22:28,152 [EventQueue-OpenPipelineForHealthyPipelineSafeModeRule] INFO  safemode.SCMSafeModeManager (HealthyPipelineSafeModeRule.java:process(137)) - SCM in safe mode. Healthy pipelines reported count is 0, required healthy pipeline reported count is 1
2023-04-10 17:22:28,153 [pool-292-thread-1] INFO  server.RaftServerConfigKeys (ConfUtils.java:logGet(46)) - raft.server.log.segment.cache.size.max = 200MB (=209715200) (default)
2023-04-10 17:22:28,153 [pool-292-thread-1] INFO  segmented.SegmentedRaftLogWorker (SegmentedRaftLogWorker.java:<init>(189)) - new 54c8c833-6222-4a6a-826b-1192c6ee83f0@group-16C584E678AF-SegmentedRaftLogWorker for RaftStorageImpl:Storage Directory /home/runner/work/ozone/ozone/hadoop-ozone/integration-test/target/test-dir/MiniOzoneClusterImpl-bd692c78-fb3a-4866-9e85-e2f4bd0dbf58/datanode-9/data/ratis/3262d24a-39c5-462a-9ab0-16c584e678af
2023-04-10 17:22:28,153 [pool-292-thread-1] INFO  server.RaftServerConfigKeys (ConfUtils.java:logGet(46)) - raft.server.log.queue.byte-limit = 4294967296 (custom)
2023-04-10 17:22:28,153 [pool-292-thread-1] INFO  server.RaftServerConfigKeys (ConfUtils.java:logGet(46)) - raft.server.log.queue.element-limit = 1024 (custom)
2023-04-10 17:22:28,153 [pool-292-thread-1] INFO  server.RaftServerConfigKeys (ConfUtils.java:logGet(46)) - raft.server.log.segment.size.max = 1048576 (custom)
2023-04-10 17:22:28,153 [pool-292-thread-1] INFO  server.RaftServerConfigKeys (ConfUtils.java:logGet(46)) - raft.server.log.preallocated.size = 16384 (custom)
2023-04-10 17:22:28,153 [pool-292-thread-1] INFO  server.RaftServerConfigKeys (ConfUtils.java:logGet(46)) - raft.server.log.force.sync.num = 128 (default)
2023-04-10 17:22:28,153 [pool-292-thread-1] INFO  server.RaftServerConfigKeys (ConfUtils.java:logGet(46)) - raft.server.log.statemachine.data.sync = true (default)
2023-04-10 17:22:28,153 [pool-292-thread-1] INFO  server.RaftServerConfigKeys (ConfUtils.java:logGet(46)) - raft.server.log.statemachine.data.sync.timeout = 10s (default)
2023-04-10 17:22:28,153 [pool-292-thread-1] INFO  server.RaftServerConfigKeys (ConfUtils.java:logGet(46)) - raft.server.log.statemachine.data.sync.timeout.retry = -1 (default)
2023-04-10 17:22:28,155 [pool-292-thread-1] INFO  server.RaftServerConfigKeys (ConfUtils.java:logGet(46)) - raft.server.log.write.buffer.size = 1048576 (custom)
2023-04-10 17:22:28,155 [pool-292-thread-1] INFO  server.RaftServerConfigKeys (ConfUtils.java:logGet(46)) - raft.server.log.appender.buffer.byte-limit = 33554432 (custom)
2023-04-10 17:22:28,553 [pool-292-thread-1] INFO  server.RaftServerConfigKeys (ConfUtils.java:logGet(46)) - raft.server.log.unsafe-flush.enabled = false (default)
2023-04-10 17:22:28,553 [pool-292-thread-1] INFO  server.RaftServerConfigKeys (ConfUtils.java:logGet(46)) - raft.server.log.async-flush.enabled = false (default)
2023-04-10 17:22:28,553 [pool-292-thread-1] INFO  server.RaftServerConfigKeys (ConfUtils.java:logGet(46)) - raft.server.log.statemachine.data.caching.enabled = true (custom)
2023-04-10 17:22:28,555 [pool-292-thread-1] INFO  segmented.SegmentedRaftLogWorker (SegmentedRaftLogWorker.java:lambda$new$0(135)) - 54c8c833-6222-4a6a-826b-1192c6ee83f0@group-16C584E678AF-SegmentedRaftLogWorker: flushIndex: setUnconditionally 0 -> -1
2023-04-10 17:22:28,555 [pool-292-thread-1] INFO  segmented.SegmentedRaftLogWorker (SegmentedRaftLogWorker.java:lambda$new$0(135)) - 54c8c833-6222-4a6a-826b-1192c6ee83f0@group-16C584E678AF-SegmentedRaftLogWorker: safeCacheEvictIndex: setUnconditionally 0 -> -1
2023-04-10 17:22:28,554 [JvmPauseMonitor4] WARN  util.JvmPauseMonitor (JvmPauseMonitor.java:detectPause(126)) - JvmPauseMonitor-5409a7e1-30d0-4745-ac51-a822fb81fdf2: Detected pause in JVM or host machine (eg GC): pause of approximately 305434924ns.
GC pool 'PS MarkSweep' had collection(s): count=1 time=237ms
GC pool 'PS Scavenge' had collection(s): count=1 time=150ms
2023-04-10 17:22:28,553 [JvmPauseMonitor0] WARN  util.JvmPauseMonitor (JvmPauseMonitor.java:detectPause(126)) - JvmPauseMonitor-om1: Detected pause in JVM or host machine (eg GC): pause of approximately 279410680ns.
GC pool 'PS MarkSweep' had collection(s): count=1 time=237ms
GC pool 'PS Scavenge' had collection(s): count=1 time=150ms
2023-04-10 17:22:28,555 [pool-292-thread-1] INFO  server.RaftServer$Division (RaftServerImpl.java:start(334)) - 54c8c833-6222-4a6a-826b-1192c6ee83f0@group-16C584E678AF: start as a follower, conf=-1: peers:[54c8c833-6222-4a6a-826b-1192c6ee83f0|rpc:10.1.0.59:37993|dataStream:10.1.0.59:34723|priority:1|startupRole:FOLLOWER]|listeners:[], old=null
2023-04-10 17:22:28,555 [pool-292-thread-1] INFO  server.RaftServer$Division (RaftServerImpl.java:setRole(321)) - 54c8c833-6222-4a6a-826b-1192c6ee83f0@group-16C584E678AF: changes role from      null to FOLLOWER at term 0 for startAsFollower
2023-04-10 17:22:28,555 [pool-292-thread-1] INFO  impl.RoleInfo (RoleInfo.java:updateAndGet(139)) - 54c8c833-6222-4a6a-826b-1192c6ee83f0: start 54c8c833-6222-4a6a-826b-1192c6ee83f0@group-16C584E678AF-FollowerState
2023-04-10 17:22:28,556 [pool-292-thread-1] INFO  util.JmxRegister (JmxRegister.java:tryRegister(44)) - Successfully registered JMX Bean with object name Ratis:service=RaftServer,group=group-16C584E678AF,id=54c8c833-6222-4a6a-826b-1192c6ee83f0
2023-04-10 17:22:28,556 [pool-292-thread-1] INFO  server.RaftServerConfigKeys (ConfUtils.java:logGet(46)) - raft.server.snapshot.auto.trigger.enabled = true (custom)
2023-04-10 17:22:28,556 [pool-292-thread-1] INFO  server.RaftServerConfigKeys (ConfUtils.java:logGet(46)) - raft.server.snapshot.auto.trigger.threshold = 1 (custom)
2023-04-10 17:22:28,556 [pool-292-thread-1] INFO  server.RaftServerConfigKeys (ConfUtils.java:logGet(46)) - raft.server.snapshot.retention.file.num = 5 (custom)
2023-04-10 17:22:28,556 [pool-292-thread-1] INFO  server.RaftServerConfigKeys (ConfUtils.java:logGet(46)) - raft.server.log.purge.upto.snapshot.index = false (default)
2023-04-10 17:22:28,557 [EventQueue-OpenPipelineForHealthyPipelineSafeModeRule] INFO  safemode.SCMSafeModeManager (HealthyPipelineSafeModeRule.java:process(137)) - SCM in safe mode. Healthy pipelines reported count is 0, required healthy pipeline reported count is 1
2023-04-10 17:22:28,557 [54c8c833-6222-4a6a-826b-1192c6ee83f0@group-16C584E678AF-FollowerState] INFO  server.RaftServerConfigKeys (ConfUtils.java:logFallback(53)) - raft.server.rpc.first-election.timeout.min = 5s (fallback to raft.server.rpc.timeout.min)
2023-04-10 17:22:28,557 [54c8c833-6222-4a6a-826b-1192c6ee83f0@group-16C584E678AF-FollowerState] INFO  server.RaftServerConfigKeys (ConfUtils.java:logFallback(53)) - raft.server.rpc.first-election.timeout.max = 5200ms (fallback to raft.server.rpc.timeout.max)
2023-04-10 17:22:28,557 [EventQueue-OpenPipelineForHealthyPipelineSafeModeRule] INFO  safemode.SCMSafeModeManager (HealthyPipelineSafeModeRule.java:process(137)) - SCM in safe mode. Healthy pipelines reported count is 0, required healthy pipeline reported count is 1
2023-04-10 17:22:28,557 [Command processor thread] INFO  ratis.XceiverServerRatis (XceiverServerRatis.java:addGroup(806)) - Created group PipelineID=3262d24a-39c5-462a-9ab0-16c584e678af
2023-04-10 17:22:28,557 [Command processor thread] INFO  commandhandler.CreatePipelineCommandHandler (CreatePipelineCommandHandler.java:handle(113)) - Created Pipeline RATIS ONE PipelineID=3262d24a-39c5-462a-9ab0-16c584e678af.
2023-04-10 17:22:28,558 [JvmPauseMonitor8] WARN  util.JvmPauseMonitor (JvmPauseMonitor.java:detectPause(126)) - JvmPauseMonitor-1df5c771-96ae-4f7f-bce1-d7659a86bf4c: Detected pause in JVM or host machine (eg GC): pause of approximately 349602676ns.
GC pool 'PS MarkSweep' had collection(s): count=1 time=237ms
GC pool 'PS Scavenge' had collection(s): count=1 time=150ms
2023-04-10 17:22:28,558 [JvmPauseMonitor9] WARN  util.JvmPauseMonitor (JvmPauseMonitor.java:detectPause(126)) - JvmPauseMonitor-bfeb2be3-129f-4e57-9a47-316523ddd986: Detected pause in JVM or host machine (eg GC): pause of approximately 349972483ns.
GC pool 'PS MarkSweep' had collection(s): count=1 time=237ms
GC pool 'PS Scavenge' had collection(s): count=1 time=150ms
2023-04-10 17:22:28,559 [JvmPauseMonitor3] WARN  util.JvmPauseMonitor (JvmPauseMonitor.java:detectPause(126)) - JvmPauseMonitor-f70c5b51-abaf-4483-bcc0-ab3e40e5c626: Detected pause in JVM or host machine (eg GC): pause of approximately 351742014ns.
GC pool 'PS MarkSweep' had collection(s): count=1 time=237ms
GC pool 'PS Scavenge' had collection(s): count=1 time=150ms
2023-04-10 17:22:28,559 [JvmPauseMonitor1] WARN  util.JvmPauseMonitor (JvmPauseMonitor.java:detectPause(126)) - JvmPauseMonitor-cd4ac3e2-47ba-443c-8aa0-40ab251a0f4e: Detected pause in JVM or host machine (eg GC): pause of approximately 352255322ns.
GC pool 'PS MarkSweep' had collection(s): count=1 time=237ms
GC pool 'PS Scavenge' had collection(s): count=1 time=150ms
2023-04-10 17:22:28,559 [JvmPauseMonitor7] WARN  util.JvmPauseMonitor (JvmPauseMonitor.java:detectPause(126)) - JvmPauseMonitor-813669ff-bde2-4a80-a354-dd4c167663c0: Detected pause in JVM or host machine (eg GC): pause of approximately 353161737ns.
GC pool 'PS MarkSweep' had collection(s): count=1 time=237ms
GC pool 'PS Scavenge' had collection(s): count=1 time=150ms
2023-04-10 17:22:28,560 [Listener at 127.0.0.1/35635] INFO  ozone.MiniOzoneClusterImpl (MiniOzoneClusterImpl.java:lambda$waitForClusterToBeReady$0(222)) - Nodes are ready. Got 10 of 10 DN Heartbeats.
2023-04-10 17:22:28,560 [Listener at 127.0.0.1/35635] INFO  ozone.MiniOzoneClusterImpl (MiniOzoneClusterImpl.java:lambda$waitForClusterToBeReady$0(225)) - Waiting for cluster to exit safe mode
2023-04-10 17:22:28,560 [Listener at 127.0.0.1/35635] INFO  ozone.MiniOzoneClusterImpl (MiniOzoneClusterImpl.java:lambda$waitForClusterToBeReady$0(227)) - SCM became leader
2023-04-10 17:22:28,560 [JvmPauseMonitor5] WARN  util.JvmPauseMonitor (JvmPauseMonitor.java:detectPause(126)) - JvmPauseMonitor-c97d6447-1a4d-4694-905e-ecb7e619760c: Detected pause in JVM or host machine (eg GC): pause of approximately 357869817ns.
GC pool 'PS MarkSweep' had collection(s): count=1 time=237ms
GC pool 'PS Scavenge' had collection(s): count=1 time=150ms
2023-04-10 17:22:28,560 [JvmPauseMonitor2] WARN  util.JvmPauseMonitor (JvmPauseMonitor.java:detectPause(126)) - JvmPauseMonitor-cfa9660d-3e66-4e37-95dd-c01791520333: Detected pause in JVM or host machine (eg GC): pause of approximately 358691831ns.
GC pool 'PS MarkSweep' had collection(s): count=1 time=237ms
GC pool 'PS Scavenge' had collection(s): count=1 time=150ms
2023-04-10 17:22:28,560 [JvmPauseMonitor10] WARN  util.JvmPauseMonitor (JvmPauseMonitor.java:detectPause(126)) - JvmPauseMonitor-54c8c833-6222-4a6a-826b-1192c6ee83f0: Detected pause in JVM or host machine (eg GC): pause of approximately 358835134ns.
GC pool 'PS MarkSweep' had collection(s): count=1 time=237ms
GC pool 'PS Scavenge' had collection(s): count=1 time=150ms
2023-04-10 17:22:28,560 [JvmPauseMonitor6] WARN  util.JvmPauseMonitor (JvmPauseMonitor.java:detectPause(126)) - JvmPauseMonitor-a57f48d7-536d-4afe-bf9f-8dd3ac661106: Detected pause in JVM or host machine (eg GC): pause of approximately 358903435ns.
GC pool 'PS MarkSweep' had collection(s): count=1 time=237ms
GC pool 'PS Scavenge' had collection(s): count=1 time=150ms
2023-04-10 17:22:28,562 [EventQueue-OpenPipelineForHealthyPipelineSafeModeRule] INFO  safemode.SCMSafeModeManager (HealthyPipelineSafeModeRule.java:process(137)) - SCM in safe mode. Healthy pipelines reported count is 0, required healthy pipeline reported count is 1
2023-04-10 17:22:28,748 [EventQueue-OpenPipelineForHealthyPipelineSafeModeRule] INFO  safemode.SCMSafeModeManager (HealthyPipelineSafeModeRule.java:process(137)) - SCM in safe mode. Healthy pipelines reported count is 0, required healthy pipeline reported count is 1
2023-04-10 17:22:28,750 [EventQueue-OpenPipelineForHealthyPipelineSafeModeRule] INFO  safemode.SCMSafeModeManager (HealthyPipelineSafeModeRule.java:process(137)) - SCM in safe mode. Healthy pipelines reported count is 0, required healthy pipeline reported count is 1
2023-04-10 17:22:28,750 [EventQueue-OpenPipelineForHealthyPipelineSafeModeRule] INFO  safemode.SCMSafeModeManager (HealthyPipelineSafeModeRule.java:process(137)) - SCM in safe mode. Healthy pipelines reported count is 0, required healthy pipeline reported count is 1
2023-04-10 17:22:28,759 [EventQueue-OpenPipelineForHealthyPipelineSafeModeRule] INFO  safemode.SCMSafeModeManager (HealthyPipelineSafeModeRule.java:process(137)) - SCM in safe mode. Healthy pipelines reported count is 0, required healthy pipeline reported count is 1
2023-04-10 17:22:28,761 [EventQueue-OpenPipelineForHealthyPipelineSafeModeRule] INFO  safemode.SCMSafeModeManager (HealthyPipelineSafeModeRule.java:process(137)) - SCM in safe mode. Healthy pipelines reported count is 0, required healthy pipeline reported count is 1
2023-04-10 17:22:28,762 [EventQueue-OpenPipelineForHealthyPipelineSafeModeRule] INFO  safemode.SCMSafeModeManager (HealthyPipelineSafeModeRule.java:process(137)) - SCM in safe mode. Healthy pipelines reported count is 0, required healthy pipeline reported count is 1
2023-04-10 17:22:28,762 [EventQueue-OpenPipelineForHealthyPipelineSafeModeRule] INFO  safemode.SCMSafeModeManager (HealthyPipelineSafeModeRule.java:process(137)) - SCM in safe mode. Healthy pipelines reported count is 0, required healthy pipeline reported count is 1
2023-04-10 17:22:28,762 [EventQueue-OpenPipelineForHealthyPipelineSafeModeRule] INFO  safemode.SCMSafeModeManager (HealthyPipelineSafeModeRule.java:process(137)) - SCM in safe mode. Healthy pipelines reported count is 0, required healthy pipeline reported count is 1
2023-04-10 17:22:28,762 [EventQueue-OpenPipelineForHealthyPipelineSafeModeRule] INFO  safemode.SCMSafeModeManager (HealthyPipelineSafeModeRule.java:process(137)) - SCM in safe mode. Healthy pipelines reported count is 0, required healthy pipeline reported count is 1
2023-04-10 17:22:28,765 [EventQueue-OpenPipelineForHealthyPipelineSafeModeRule] INFO  safemode.SCMSafeModeManager (HealthyPipelineSafeModeRule.java:process(137)) - SCM in safe mode. Healthy pipelines reported count is 0, required healthy pipeline reported count is 1
2023-04-10 17:22:28,948 [EventQueue-OpenPipelineForHealthyPipelineSafeModeRule] INFO  safemode.SCMSafeModeManager (HealthyPipelineSafeModeRule.java:process(137)) - SCM in safe mode. Healthy pipelines reported count is 0, required healthy pipeline reported count is 1
2023-04-10 17:22:28,948 [EventQueue-OpenPipelineForHealthyPipelineSafeModeRule] INFO  safemode.SCMSafeModeManager (HealthyPipelineSafeModeRule.java:process(137)) - SCM in safe mode. Healthy pipelines reported count is 0, required healthy pipeline reported count is 1
2023-04-10 17:22:28,948 [EventQueue-OpenPipelineForHealthyPipelineSafeModeRule] INFO  safemode.SCMSafeModeManager (HealthyPipelineSafeModeRule.java:process(137)) - SCM in safe mode. Healthy pipelines reported count is 0, required healthy pipeline reported count is 1
2023-04-10 17:22:28,958 [EventQueue-OpenPipelineForHealthyPipelineSafeModeRule] INFO  safemode.SCMSafeModeManager (HealthyPipelineSafeModeRule.java:process(137)) - SCM in safe mode. Healthy pipelines reported count is 0, required healthy pipeline reported count is 1
2023-04-10 17:22:28,960 [EventQueue-OpenPipelineForHealthyPipelineSafeModeRule] INFO  safemode.SCMSafeModeManager (HealthyPipelineSafeModeRule.java:process(137)) - SCM in safe mode. Healthy pipelines reported count is 0, required healthy pipeline reported count is 1
2023-04-10 17:22:28,961 [EventQueue-OpenPipelineForHealthyPipelineSafeModeRule] INFO  safemode.SCMSafeModeManager (HealthyPipelineSafeModeRule.java:process(137)) - SCM in safe mode. Healthy pipelines reported count is 0, required healthy pipeline reported count is 1
2023-04-10 17:22:28,961 [EventQueue-OpenPipelineForHealthyPipelineSafeModeRule] INFO  safemode.SCMSafeModeManager (HealthyPipelineSafeModeRule.java:process(137)) - SCM in safe mode. Healthy pipelines reported count is 0, required healthy pipeline reported count is 1
2023-04-10 17:22:28,961 [EventQueue-OpenPipelineForHealthyPipelineSafeModeRule] INFO  safemode.SCMSafeModeManager (HealthyPipelineSafeModeRule.java:process(137)) - SCM in safe mode. Healthy pipelines reported count is 0, required healthy pipeline reported count is 1
2023-04-10 17:22:29,148 [EventQueue-OpenPipelineForHealthyPipelineSafeModeRule] INFO  safemode.SCMSafeModeManager (HealthyPipelineSafeModeRule.java:process(137)) - SCM in safe mode. Healthy pipelines reported count is 0, required healthy pipeline reported count is 1
2023-04-10 17:22:29,148 [EventQueue-OpenPipelineForHealthyPipelineSafeModeRule] INFO  safemode.SCMSafeModeManager (HealthyPipelineSafeModeRule.java:process(137)) - SCM in safe mode. Healthy pipelines reported count is 0, required healthy pipeline reported count is 1
2023-04-10 17:22:29,154 [EventQueue-OpenPipelineForHealthyPipelineSafeModeRule] INFO  safemode.SCMSafeModeManager (HealthyPipelineSafeModeRule.java:process(137)) - SCM in safe mode. Healthy pipelines reported count is 0, required healthy pipeline reported count is 1
2023-04-10 17:22:29,156 [EventQueue-OpenPipelineForHealthyPipelineSafeModeRule] INFO  safemode.SCMSafeModeManager (HealthyPipelineSafeModeRule.java:process(137)) - SCM in safe mode. Healthy pipelines reported count is 0, required healthy pipeline reported count is 1
2023-04-10 17:22:29,158 [EventQueue-OpenPipelineForHealthyPipelineSafeModeRule] INFO  safemode.SCMSafeModeManager (HealthyPipelineSafeModeRule.java:process(137)) - SCM in safe mode. Healthy pipelines reported count is 0, required healthy pipeline reported count is 1
2023-04-10 17:22:29,158 [EventQueue-OpenPipelineForHealthyPipelineSafeModeRule] INFO  safemode.SCMSafeModeManager (HealthyPipelineSafeModeRule.java:process(137)) - SCM in safe mode. Healthy pipelines reported count is 0, required healthy pipeline reported count is 1
2023-04-10 17:22:29,160 [EventQueue-OpenPipelineForHealthyPipelineSafeModeRule] INFO  safemode.SCMSafeModeManager (HealthyPipelineSafeModeRule.java:process(137)) - SCM in safe mode. Healthy pipelines reported count is 0, required healthy pipeline reported count is 1
2023-04-10 17:22:29,165 [EventQueue-OpenPipelineForHealthyPipelineSafeModeRule] INFO  safemode.SCMSafeModeManager (HealthyPipelineSafeModeRule.java:process(137)) - SCM in safe mode. Healthy pipelines reported count is 0, required healthy pipeline reported count is 1
2023-04-10 17:22:29,349 [EventQueue-OpenPipelineForHealthyPipelineSafeModeRule] INFO  safemode.SCMSafeModeManager (HealthyPipelineSafeModeRule.java:process(137)) - SCM in safe mode. Healthy pipelines reported count is 0, required healthy pipeline reported count is 1
2023-04-10 17:22:29,350 [EventQueue-OpenPipelineForHealthyPipelineSafeModeRule] INFO  safemode.SCMSafeModeManager (HealthyPipelineSafeModeRule.java:process(137)) - SCM in safe mode. Healthy pipelines reported count is 0, required healthy pipeline reported count is 1
2023-04-10 17:22:29,350 [EventQueue-OpenPipelineForHealthyPipelineSafeModeRule] INFO  safemode.SCMSafeModeManager (HealthyPipelineSafeModeRule.java:process(137)) - SCM in safe mode. Healthy pipelines reported count is 0, required healthy pipeline reported count is 1
2023-04-10 17:22:29,354 [EventQueue-OpenPipelineForHealthyPipelineSafeModeRule] INFO  safemode.SCMSafeModeManager (HealthyPipelineSafeModeRule.java:process(137)) - SCM in safe mode. Healthy pipelines reported count is 0, required healthy pipeline reported count is 1
2023-04-10 17:22:29,354 [EventQueue-OpenPipelineForHealthyPipelineSafeModeRule] INFO  safemode.SCMSafeModeManager (HealthyPipelineSafeModeRule.java:process(137)) - SCM in safe mode. Healthy pipelines reported count is 0, required healthy pipeline reported count is 1
2023-04-10 17:22:29,360 [EventQueue-OpenPipelineForHealthyPipelineSafeModeRule] INFO  safemode.SCMSafeModeManager (HealthyPipelineSafeModeRule.java:process(137)) - SCM in safe mode. Healthy pipelines reported count is 0, required healthy pipeline reported count is 1
2023-04-10 17:22:29,379 [cd4ac3e2-47ba-443c-8aa0-40ab251a0f4e@group-16C16C8963C8-FollowerState] INFO  impl.FollowerState (FollowerState.java:run(143)) - cd4ac3e2-47ba-443c-8aa0-40ab251a0f4e@group-16C16C8963C8-FollowerState: change to CANDIDATE, lastRpcElapsedTime:5049737749ns, electionTimeout:5049ms
2023-04-10 17:22:29,380 [cd4ac3e2-47ba-443c-8aa0-40ab251a0f4e@group-16C16C8963C8-FollowerState] INFO  impl.RoleInfo (RoleInfo.java:shutdownFollowerState(110)) - cd4ac3e2-47ba-443c-8aa0-40ab251a0f4e: shutdown cd4ac3e2-47ba-443c-8aa0-40ab251a0f4e@group-16C16C8963C8-FollowerState
2023-04-10 17:22:29,380 [cd4ac3e2-47ba-443c-8aa0-40ab251a0f4e@group-16C16C8963C8-FollowerState] INFO  server.RaftServer$Division (RaftServerImpl.java:setRole(321)) - cd4ac3e2-47ba-443c-8aa0-40ab251a0f4e@group-16C16C8963C8: changes role from  FOLLOWER to CANDIDATE at term 0 for changeToCandidate
2023-04-10 17:22:29,382 [cd4ac3e2-47ba-443c-8aa0-40ab251a0f4e@group-16C16C8963C8-FollowerState] INFO  server.RaftServerConfigKeys (ConfUtils.java:logGet(46)) - raft.server.leaderelection.pre-vote = true (default)
2023-04-10 17:22:29,382 [cd4ac3e2-47ba-443c-8aa0-40ab251a0f4e@group-16C16C8963C8-FollowerState] INFO  impl.RoleInfo (RoleInfo.java:updateAndGet(139)) - cd4ac3e2-47ba-443c-8aa0-40ab251a0f4e: start cd4ac3e2-47ba-443c-8aa0-40ab251a0f4e@group-16C16C8963C8-LeaderElection2
2023-04-10 17:22:29,390 [cd4ac3e2-47ba-443c-8aa0-40ab251a0f4e@group-16C16C8963C8-LeaderElection2] INFO  impl.LeaderElection (LeaderElection.java:askForVotes(312)) - cd4ac3e2-47ba-443c-8aa0-40ab251a0f4e@group-16C16C8963C8-LeaderElection2 PRE_VOTE round 0: submit vote requests at term 0 for -1: peers:[cd4ac3e2-47ba-443c-8aa0-40ab251a0f4e|rpc:10.1.0.59:42823|dataStream:10.1.0.59:35537|priority:1|startupRole:FOLLOWER]|listeners:[], old=null
2023-04-10 17:22:29,390 [cd4ac3e2-47ba-443c-8aa0-40ab251a0f4e@group-16C16C8963C8-LeaderElection2] INFO  impl.LeaderElection (LeaderElection.java:askForVotes(314)) - cd4ac3e2-47ba-443c-8aa0-40ab251a0f4e@group-16C16C8963C8-LeaderElection2 PRE_VOTE round 0: result PASSED (term=0)
2023-04-10 17:22:29,393 [cd4ac3e2-47ba-443c-8aa0-40ab251a0f4e@group-16C16C8963C8-LeaderElection2] INFO  impl.LeaderElection (LeaderElection.java:askForVotes(312)) - cd4ac3e2-47ba-443c-8aa0-40ab251a0f4e@group-16C16C8963C8-LeaderElection2 ELECTION round 0: submit vote requests at term 1 for -1: peers:[cd4ac3e2-47ba-443c-8aa0-40ab251a0f4e|rpc:10.1.0.59:42823|dataStream:10.1.0.59:35537|priority:1|startupRole:FOLLOWER]|listeners:[], old=null
2023-04-10 17:22:29,393 [cd4ac3e2-47ba-443c-8aa0-40ab251a0f4e@group-16C16C8963C8-LeaderElection2] INFO  impl.LeaderElection (LeaderElection.java:askForVotes(314)) - cd4ac3e2-47ba-443c-8aa0-40ab251a0f4e@group-16C16C8963C8-LeaderElection2 ELECTION round 0: result PASSED (term=1)
2023-04-10 17:22:29,393 [cd4ac3e2-47ba-443c-8aa0-40ab251a0f4e@group-16C16C8963C8-LeaderElection2] INFO  impl.RoleInfo (RoleInfo.java:shutdownLeaderElection(130)) - cd4ac3e2-47ba-443c-8aa0-40ab251a0f4e: shutdown cd4ac3e2-47ba-443c-8aa0-40ab251a0f4e@group-16C16C8963C8-LeaderElection2
2023-04-10 17:22:29,393 [cd4ac3e2-47ba-443c-8aa0-40ab251a0f4e@group-16C16C8963C8-LeaderElection2] INFO  server.RaftServer$Division (RaftServerImpl.java:setRole(321)) - cd4ac3e2-47ba-443c-8aa0-40ab251a0f4e@group-16C16C8963C8: changes role from CANDIDATE to LEADER at term 1 for changeToLeader
2023-04-10 17:22:29,393 [cd4ac3e2-47ba-443c-8aa0-40ab251a0f4e@group-16C16C8963C8-LeaderElection2] INFO  ratis.XceiverServerRatis (XceiverServerRatis.java:handleLeaderChangedNotification(904)) - Leader change notification received for group: group-16C16C8963C8 with new leaderId: cd4ac3e2-47ba-443c-8aa0-40ab251a0f4e
2023-04-10 17:22:29,394 [cd4ac3e2-47ba-443c-8aa0-40ab251a0f4e@group-16C16C8963C8-LeaderElection2] INFO  server.RaftServer$Division (ServerState.java:setLeader(313)) - cd4ac3e2-47ba-443c-8aa0-40ab251a0f4e@group-16C16C8963C8: change Leader from null to cd4ac3e2-47ba-443c-8aa0-40ab251a0f4e at term 1 for becomeLeader, leader elected after 5116ms
2023-04-10 17:22:29,394 [cd4ac3e2-47ba-443c-8aa0-40ab251a0f4e@group-16C16C8963C8-LeaderElection2] INFO  server.RaftServerConfigKeys (ConfUtils.java:logGet(46)) - raft.server.staging.catchup.gap = 1000 (default)
2023-04-10 17:22:29,395 [cd4ac3e2-47ba-443c-8aa0-40ab251a0f4e@group-16C16C8963C8-LeaderElection2] INFO  server.RaftServerConfigKeys (ConfUtils.java:logGet(46)) - raft.server.write.element-limit = 1024 (custom)
2023-04-10 17:22:29,396 [cd4ac3e2-47ba-443c-8aa0-40ab251a0f4e@group-16C16C8963C8-LeaderElection2] INFO  server.RaftServerConfigKeys (ConfUtils.java:logGet(46)) - raft.server.write.byte-limit = 1024 M (=1073741824) (custom)
2023-04-10 17:22:29,396 [cd4ac3e2-47ba-443c-8aa0-40ab251a0f4e@group-16C16C8963C8-LeaderElection2] INFO  server.RaftServerConfigKeys (ConfUtils.java:logGet(46)) - raft.server.watch.timeout = 10000ms (default)
2023-04-10 17:22:29,396 [EventQueue-OpenPipelineForHealthyPipelineSafeModeRule] INFO  safemode.SCMSafeModeManager (HealthyPipelineSafeModeRule.java:process(137)) - SCM in safe mode. Healthy pipelines reported count is 0, required healthy pipeline reported count is 1
2023-04-10 17:22:29,397 [cd4ac3e2-47ba-443c-8aa0-40ab251a0f4e@group-16C16C8963C8-LeaderElection2] INFO  server.RaftServerConfigKeys (ConfUtils.java:logGet(46)) - raft.server.watch.timeout.denomination = 1s (default)
2023-04-10 17:22:29,397 [cd4ac3e2-47ba-443c-8aa0-40ab251a0f4e@group-16C16C8963C8-LeaderElection2] INFO  server.RaftServerConfigKeys (ConfUtils.java:logGet(46)) - raft.server.watch.element-limit = 65536 (default)
2023-04-10 17:22:29,397 [cd4ac3e2-47ba-443c-8aa0-40ab251a0f4e@group-16C16C8963C8-LeaderElection2] INFO  server.RaftServerConfigKeys (ConfUtils.java:logGet(46)) - raft.server.write.element-limit = 1024 (custom)
2023-04-10 17:22:29,397 [cd4ac3e2-47ba-443c-8aa0-40ab251a0f4e@group-16C16C8963C8-LeaderElection2] INFO  server.RaftServerConfigKeys (ConfUtils.java:logGet(46)) - raft.server.write.follower.gap.ratio.max = -1.0 (default)
2023-04-10 17:22:29,398 [cd4ac3e2-47ba-443c-8aa0-40ab251a0f4e@group-16C16C8963C8-LeaderElection2] INFO  impl.RoleInfo (RoleInfo.java:updateAndGet(139)) - cd4ac3e2-47ba-443c-8aa0-40ab251a0f4e: start cd4ac3e2-47ba-443c-8aa0-40ab251a0f4e@group-16C16C8963C8-LeaderStateImpl
2023-04-10 17:22:29,398 [cd4ac3e2-47ba-443c-8aa0-40ab251a0f4e@group-16C16C8963C8-LeaderElection2] INFO  segmented.SegmentedRaftLogWorker (SegmentedRaftLogWorker.java:startLogSegment(452)) - cd4ac3e2-47ba-443c-8aa0-40ab251a0f4e@group-16C16C8963C8-SegmentedRaftLogWorker: Starting segment from index:0
2023-04-10 17:22:29,401 [cd4ac3e2-47ba-443c-8aa0-40ab251a0f4e@group-16C16C8963C8-SegmentedRaftLogWorker] INFO  segmented.SegmentedRaftLogWorker (SegmentedRaftLogWorker.java:execute(656)) - cd4ac3e2-47ba-443c-8aa0-40ab251a0f4e@group-16C16C8963C8-SegmentedRaftLogWorker: created new log segment /home/runner/work/ozone/ozone/hadoop-ozone/integration-test/target/test-dir/MiniOzoneClusterImpl-bd692c78-fb3a-4866-9e85-e2f4bd0dbf58/datanode-0/data/ratis/fc80b205-378d-49cc-9419-16c16c8963c8/current/log_inprogress_0
2023-04-10 17:22:29,408 [cd4ac3e2-47ba-443c-8aa0-40ab251a0f4e@group-16C16C8963C8-LeaderElection2] INFO  server.RaftServer$Division (ServerState.java:setRaftConf(430)) - cd4ac3e2-47ba-443c-8aa0-40ab251a0f4e@group-16C16C8963C8: set configuration 0: peers:[cd4ac3e2-47ba-443c-8aa0-40ab251a0f4e|rpc:10.1.0.59:42823|dataStream:10.1.0.59:35537|priority:1|startupRole:FOLLOWER]|listeners:[], old=null
2023-04-10 17:22:29,411 [cd4ac3e2-47ba-443c-8aa0-40ab251a0f4e@group-16C16C8963C8-StateMachineUpdater] INFO  ratis.ContainerStateMachine (ContainerStateMachine.java:takeSnapshot(330)) - group-16C16C8963C8: Taking a snapshot at:(t:1, i:0) file /home/runner/work/ozone/ozone/hadoop-ozone/integration-test/target/test-dir/MiniOzoneClusterImpl-bd692c78-fb3a-4866-9e85-e2f4bd0dbf58/datanode-0/data/ratis/fc80b205-378d-49cc-9419-16c16c8963c8/sm/snapshot.1_0
2023-04-10 17:22:29,444 [cd4ac3e2-47ba-443c-8aa0-40ab251a0f4e@group-16C16C8963C8-StateMachineUpdater] INFO  ratis.ContainerStateMachine (ContainerStateMachine.java:takeSnapshot(341)) - group-16C16C8963C8: Finished taking a snapshot at:(t:1, i:0) file:/home/runner/work/ozone/ozone/hadoop-ozone/integration-test/target/test-dir/MiniOzoneClusterImpl-bd692c78-fb3a-4866-9e85-e2f4bd0dbf58/datanode-0/data/ratis/fc80b205-378d-49cc-9419-16c16c8963c8/sm/snapshot.1_0 took: 33 ms
2023-04-10 17:22:29,445 [cd4ac3e2-47ba-443c-8aa0-40ab251a0f4e@group-16C16C8963C8-StateMachineUpdater] INFO  impl.StateMachineUpdater (StateMachineUpdater.java:takeSnapshot(287)) - cd4ac3e2-47ba-443c-8aa0-40ab251a0f4e@group-16C16C8963C8-StateMachineUpdater: Took a snapshot at index 0
2023-04-10 17:22:29,445 [cd4ac3e2-47ba-443c-8aa0-40ab251a0f4e@group-16C16C8963C8-StateMachineUpdater] INFO  impl.StateMachineUpdater (StateMachineUpdater.java:lambda$new$0(92)) - cd4ac3e2-47ba-443c-8aa0-40ab251a0f4e@group-16C16C8963C8-StateMachineUpdater: snapshotIndex: updateIncreasingly -1 -> 0
2023-04-10 17:22:29,548 [EventQueue-OpenPipelineForHealthyPipelineSafeModeRule] INFO  safemode.SCMSafeModeManager (HealthyPipelineSafeModeRule.java:process(137)) - SCM in safe mode. Healthy pipelines reported count is 0, required healthy pipeline reported count is 1
2023-04-10 17:22:29,549 [EventQueue-OpenPipelineForHealthyPipelineSafeModeRule] INFO  safemode.SCMSafeModeManager (HealthyPipelineSafeModeRule.java:process(137)) - SCM in safe mode. Healthy pipelines reported count is 0, required healthy pipeline reported count is 1
2023-04-10 17:22:29,550 [EventQueue-OpenPipelineForHealthyPipelineSafeModeRule] INFO  safemode.SCMSafeModeManager (HealthyPipelineSafeModeRule.java:process(137)) - SCM in safe mode. Healthy pipelines reported count is 0, required healthy pipeline reported count is 1
2023-04-10 17:22:29,556 [EventQueue-OpenPipelineForHealthyPipelineSafeModeRule] INFO  safemode.SCMSafeModeManager (HealthyPipelineSafeModeRule.java:process(137)) - SCM in safe mode. Healthy pipelines reported count is 0, required healthy pipeline reported count is 1
2023-04-10 17:22:29,556 [EventQueue-OpenPipelineForHealthyPipelineSafeModeRule] INFO  safemode.SCMSafeModeManager (HealthyPipelineSafeModeRule.java:process(137)) - SCM in safe mode. Healthy pipelines reported count is 0, required healthy pipeline reported count is 1
2023-04-10 17:22:29,558 [EventQueue-OpenPipelineForHealthyPipelineSafeModeRule] INFO  safemode.SCMSafeModeManager (HealthyPipelineSafeModeRule.java:process(137)) - SCM in safe mode. Healthy pipelines reported count is 0, required healthy pipeline reported count is 1
2023-04-10 17:22:29,560 [Listener at 127.0.0.1/35635] INFO  ozone.MiniOzoneClusterImpl (MiniOzoneClusterImpl.java:lambda$waitForClusterToBeReady$0(222)) - Nodes are ready. Got 10 of 10 DN Heartbeats.
2023-04-10 17:22:29,560 [Listener at 127.0.0.1/35635] INFO  ozone.MiniOzoneClusterImpl (MiniOzoneClusterImpl.java:lambda$waitForClusterToBeReady$0(225)) - Waiting for cluster to exit safe mode
2023-04-10 17:22:29,560 [Listener at 127.0.0.1/35635] INFO  ozone.MiniOzoneClusterImpl (MiniOzoneClusterImpl.java:lambda$waitForClusterToBeReady$0(227)) - SCM became leader
2023-04-10 17:22:29,561 [EventQueue-OpenPipelineForHealthyPipelineSafeModeRule] INFO  safemode.SCMSafeModeManager (HealthyPipelineSafeModeRule.java:process(137)) - SCM in safe mode. Healthy pipelines reported count is 0, required healthy pipeline reported count is 1
2023-04-10 17:22:29,586 [cd4ac3e2-47ba-443c-8aa0-40ab251a0f4e@group-04F87E957C10-FollowerState] INFO  impl.FollowerState (FollowerState.java:run(143)) - cd4ac3e2-47ba-443c-8aa0-40ab251a0f4e@group-04F87E957C10-FollowerState: change to CANDIDATE, lastRpcElapsedTime:5199442699ns, electionTimeout:5197ms
2023-04-10 17:22:29,588 [cd4ac3e2-47ba-443c-8aa0-40ab251a0f4e@group-04F87E957C10-FollowerState] INFO  impl.RoleInfo (RoleInfo.java:shutdownFollowerState(110)) - cd4ac3e2-47ba-443c-8aa0-40ab251a0f4e: shutdown cd4ac3e2-47ba-443c-8aa0-40ab251a0f4e@group-04F87E957C10-FollowerState
2023-04-10 17:22:29,588 [cd4ac3e2-47ba-443c-8aa0-40ab251a0f4e@group-04F87E957C10-FollowerState] INFO  server.RaftServer$Division (RaftServerImpl.java:setRole(321)) - cd4ac3e2-47ba-443c-8aa0-40ab251a0f4e@group-04F87E957C10: changes role from  FOLLOWER to CANDIDATE at term 0 for changeToCandidate
2023-04-10 17:22:29,589 [cd4ac3e2-47ba-443c-8aa0-40ab251a0f4e@group-04F87E957C10-FollowerState] INFO  server.RaftServerConfigKeys (ConfUtils.java:logGet(46)) - raft.server.leaderelection.pre-vote = true (default)
2023-04-10 17:22:29,589 [cd4ac3e2-47ba-443c-8aa0-40ab251a0f4e@group-04F87E957C10-FollowerState] INFO  impl.RoleInfo (RoleInfo.java:updateAndGet(139)) - cd4ac3e2-47ba-443c-8aa0-40ab251a0f4e: start cd4ac3e2-47ba-443c-8aa0-40ab251a0f4e@group-04F87E957C10-LeaderElection3
2023-04-10 17:22:29,591 [cd4ac3e2-47ba-443c-8aa0-40ab251a0f4e@group-04F87E957C10-LeaderElection3] INFO  impl.LeaderElection (LeaderElection.java:askForVotes(312)) - cd4ac3e2-47ba-443c-8aa0-40ab251a0f4e@group-04F87E957C10-LeaderElection3 PRE_VOTE round 0: submit vote requests at term 0 for -1: peers:[f70c5b51-abaf-4483-bcc0-ab3e40e5c626|rpc:10.1.0.59:36093|dataStream:10.1.0.59:44995|priority:0|startupRole:FOLLOWER, cfa9660d-3e66-4e37-95dd-c01791520333|rpc:10.1.0.59:42355|dataStream:10.1.0.59:45915|priority:0|startupRole:FOLLOWER, cd4ac3e2-47ba-443c-8aa0-40ab251a0f4e|rpc:10.1.0.59:42823|dataStream:10.1.0.59:35537|priority:1|startupRole:FOLLOWER]|listeners:[], old=null
2023-04-10 17:22:29,596 [EventQueue-OpenPipelineForHealthyPipelineSafeModeRule] INFO  safemode.SCMSafeModeManager (HealthyPipelineSafeModeRule.java:process(137)) - SCM in safe mode. Healthy pipelines reported count is 0, required healthy pipeline reported count is 1
2023-04-10 17:22:29,597 [cd4ac3e2-47ba-443c-8aa0-40ab251a0f4e@group-04F87E957C10-LeaderElection3-1] INFO  server.GrpcServerProtocolClient (GrpcServerProtocolClient.java:<init>(63)) - Build channel for f70c5b51-abaf-4483-bcc0-ab3e40e5c626
2023-04-10 17:22:29,601 [cd4ac3e2-47ba-443c-8aa0-40ab251a0f4e@group-04F87E957C10-LeaderElection3] INFO  server.RaftServerConfigKeys (ConfUtils.java:logFallback(53)) - raft.server.rpc.first-election.timeout.min = 5s (fallback to raft.server.rpc.timeout.min)
2023-04-10 17:22:29,601 [cd4ac3e2-47ba-443c-8aa0-40ab251a0f4e@group-04F87E957C10-LeaderElection3] INFO  server.RaftServerConfigKeys (ConfUtils.java:logFallback(53)) - raft.server.rpc.first-election.timeout.max = 5200ms (fallback to raft.server.rpc.timeout.max)
2023-04-10 17:22:29,605 [cd4ac3e2-47ba-443c-8aa0-40ab251a0f4e@group-04F87E957C10-LeaderElection3-2] INFO  server.GrpcServerProtocolClient (GrpcServerProtocolClient.java:<init>(63)) - Build channel for cfa9660d-3e66-4e37-95dd-c01791520333
2023-04-10 17:22:29,612 [grpc-default-executor-0] INFO  server.RaftServer$Division (RaftServerImpl.java:requestVote(1218)) - f70c5b51-abaf-4483-bcc0-ab3e40e5c626@group-04F87E957C10: receive requestVote(PRE_VOTE, cd4ac3e2-47ba-443c-8aa0-40ab251a0f4e, group-04F87E957C10, 0, (t:0, i:0))
2023-04-10 17:22:29,614 [grpc-default-executor-0] INFO  impl.VoteContext (VoteContext.java:log(49)) - f70c5b51-abaf-4483-bcc0-ab3e40e5c626@group-04F87E957C10-FOLLOWER: accept PRE_VOTE from cd4ac3e2-47ba-443c-8aa0-40ab251a0f4e: our priority 0 <= candidate's priority 1
2023-04-10 17:22:29,618 [grpc-default-executor-1] INFO  server.RaftServer$Division (RaftServerImpl.java:requestVote(1218)) - cfa9660d-3e66-4e37-95dd-c01791520333@group-04F87E957C10: receive requestVote(PRE_VOTE, cd4ac3e2-47ba-443c-8aa0-40ab251a0f4e, group-04F87E957C10, 0, (t:0, i:0))
2023-04-10 17:22:29,619 [grpc-default-executor-1] INFO  impl.VoteContext (VoteContext.java:log(49)) - cfa9660d-3e66-4e37-95dd-c01791520333@group-04F87E957C10-FOLLOWER: accept PRE_VOTE from cd4ac3e2-47ba-443c-8aa0-40ab251a0f4e: our priority 0 <= candidate's priority 1
2023-04-10 17:22:29,621 [grpc-default-executor-0] INFO  server.RaftServer$Division (RaftServerImpl.java:requestVote(1251)) - f70c5b51-abaf-4483-bcc0-ab3e40e5c626@group-04F87E957C10 replies to PRE_VOTE vote request: cd4ac3e2-47ba-443c-8aa0-40ab251a0f4e<-f70c5b51-abaf-4483-bcc0-ab3e40e5c626#0:OK-t0. Peer's state: f70c5b51-abaf-4483-bcc0-ab3e40e5c626@group-04F87E957C10:t0, leader=null, voted=, raftlog=Memoized:f70c5b51-abaf-4483-bcc0-ab3e40e5c626@group-04F87E957C10-SegmentedRaftLog:OPENED:c-1, conf=-1: peers:[f70c5b51-abaf-4483-bcc0-ab3e40e5c626|rpc:10.1.0.59:36093|dataStream:10.1.0.59:44995|priority:0|startupRole:FOLLOWER, cfa9660d-3e66-4e37-95dd-c01791520333|rpc:10.1.0.59:42355|dataStream:10.1.0.59:45915|priority:0|startupRole:FOLLOWER, cd4ac3e2-47ba-443c-8aa0-40ab251a0f4e|rpc:10.1.0.59:42823|dataStream:10.1.0.59:35537|priority:1|startupRole:FOLLOWER]|listeners:[], old=null
2023-04-10 17:22:29,621 [grpc-default-executor-1] INFO  server.RaftServer$Division (RaftServerImpl.java:requestVote(1251)) - cfa9660d-3e66-4e37-95dd-c01791520333@group-04F87E957C10 replies to PRE_VOTE vote request: cd4ac3e2-47ba-443c-8aa0-40ab251a0f4e<-cfa9660d-3e66-4e37-95dd-c01791520333#0:OK-t0. Peer's state: cfa9660d-3e66-4e37-95dd-c01791520333@group-04F87E957C10:t0, leader=null, voted=, raftlog=Memoized:cfa9660d-3e66-4e37-95dd-c01791520333@group-04F87E957C10-SegmentedRaftLog:OPENED:c-1, conf=-1: peers:[f70c5b51-abaf-4483-bcc0-ab3e40e5c626|rpc:10.1.0.59:36093|dataStream:10.1.0.59:44995|priority:0|startupRole:FOLLOWER, cfa9660d-3e66-4e37-95dd-c01791520333|rpc:10.1.0.59:42355|dataStream:10.1.0.59:45915|priority:0|startupRole:FOLLOWER, cd4ac3e2-47ba-443c-8aa0-40ab251a0f4e|rpc:10.1.0.59:42823|dataStream:10.1.0.59:35537|priority:1|startupRole:FOLLOWER]|listeners:[], old=null
2023-04-10 17:22:29,624 [cd4ac3e2-47ba-443c-8aa0-40ab251a0f4e@group-04F87E957C10-LeaderElection3] INFO  impl.LeaderElection (LeaderElection.java:logAndReturn(90)) - cd4ac3e2-47ba-443c-8aa0-40ab251a0f4e@group-04F87E957C10-LeaderElection3: PRE_VOTE PASSED received 1 response(s) and 0 exception(s):
2023-04-10 17:22:29,625 [cd4ac3e2-47ba-443c-8aa0-40ab251a0f4e@group-04F87E957C10-LeaderElection3] INFO  impl.LeaderElection (LeaderElection.java:logAndReturn(94)) -   Response 0: cd4ac3e2-47ba-443c-8aa0-40ab251a0f4e<-f70c5b51-abaf-4483-bcc0-ab3e40e5c626#0:OK-t0
2023-04-10 17:22:29,625 [cd4ac3e2-47ba-443c-8aa0-40ab251a0f4e@group-04F87E957C10-LeaderElection3] INFO  impl.LeaderElection (LeaderElection.java:askForVotes(314)) - cd4ac3e2-47ba-443c-8aa0-40ab251a0f4e@group-04F87E957C10-LeaderElection3 PRE_VOTE round 0: result PASSED
2023-04-10 17:22:29,628 [cd4ac3e2-47ba-443c-8aa0-40ab251a0f4e@group-04F87E957C10-LeaderElection3] INFO  impl.LeaderElection (LeaderElection.java:askForVotes(312)) - cd4ac3e2-47ba-443c-8aa0-40ab251a0f4e@group-04F87E957C10-LeaderElection3 ELECTION round 0: submit vote requests at term 1 for -1: peers:[f70c5b51-abaf-4483-bcc0-ab3e40e5c626|rpc:10.1.0.59:36093|dataStream:10.1.0.59:44995|priority:0|startupRole:FOLLOWER, cfa9660d-3e66-4e37-95dd-c01791520333|rpc:10.1.0.59:42355|dataStream:10.1.0.59:45915|priority:0|startupRole:FOLLOWER, cd4ac3e2-47ba-443c-8aa0-40ab251a0f4e|rpc:10.1.0.59:42823|dataStream:10.1.0.59:35537|priority:1|startupRole:FOLLOWER]|listeners:[], old=null
2023-04-10 17:22:29,631 [cd4ac3e2-47ba-443c-8aa0-40ab251a0f4e@group-04F87E957C10-LeaderElection3] INFO  server.RaftServerConfigKeys (ConfUtils.java:logFallback(53)) - raft.server.rpc.first-election.timeout.min = 5s (fallback to raft.server.rpc.timeout.min)
2023-04-10 17:22:29,631 [cd4ac3e2-47ba-443c-8aa0-40ab251a0f4e@group-04F87E957C10-LeaderElection3] INFO  server.RaftServerConfigKeys (ConfUtils.java:logFallback(53)) - raft.server.rpc.first-election.timeout.max = 5200ms (fallback to raft.server.rpc.timeout.max)
2023-04-10 17:22:29,636 [grpc-default-executor-1] INFO  server.RaftServer$Division (RaftServerImpl.java:requestVote(1218)) - f70c5b51-abaf-4483-bcc0-ab3e40e5c626@group-04F87E957C10: receive requestVote(ELECTION, cd4ac3e2-47ba-443c-8aa0-40ab251a0f4e, group-04F87E957C10, 1, (t:0, i:0))
2023-04-10 17:22:29,636 [grpc-default-executor-1] INFO  impl.VoteContext (VoteContext.java:log(49)) - f70c5b51-abaf-4483-bcc0-ab3e40e5c626@group-04F87E957C10-FOLLOWER: accept ELECTION from cd4ac3e2-47ba-443c-8aa0-40ab251a0f4e: our priority 0 <= candidate's priority 1
2023-04-10 17:22:29,637 [grpc-default-executor-1] INFO  server.RaftServer$Division (RaftServerImpl.java:setRole(321)) - f70c5b51-abaf-4483-bcc0-ab3e40e5c626@group-04F87E957C10: changes role from  FOLLOWER to FOLLOWER at term 1 for candidate:cd4ac3e2-47ba-443c-8aa0-40ab251a0f4e
2023-04-10 17:22:29,637 [grpc-default-executor-1] INFO  impl.RoleInfo (RoleInfo.java:shutdownFollowerState(110)) - f70c5b51-abaf-4483-bcc0-ab3e40e5c626: shutdown f70c5b51-abaf-4483-bcc0-ab3e40e5c626@group-04F87E957C10-FollowerState
2023-04-10 17:22:29,638 [f70c5b51-abaf-4483-bcc0-ab3e40e5c626@group-04F87E957C10-FollowerState] INFO  impl.FollowerState (FollowerState.java:run(152)) - f70c5b51-abaf-4483-bcc0-ab3e40e5c626@group-04F87E957C10-FollowerState was interrupted
2023-04-10 17:22:29,640 [grpc-default-executor-1] INFO  impl.RoleInfo (RoleInfo.java:updateAndGet(139)) - f70c5b51-abaf-4483-bcc0-ab3e40e5c626: start f70c5b51-abaf-4483-bcc0-ab3e40e5c626@group-04F87E957C10-FollowerState
2023-04-10 17:22:29,648 [grpc-default-executor-1] INFO  server.RaftServer$Division (RaftServerImpl.java:requestVote(1251)) - f70c5b51-abaf-4483-bcc0-ab3e40e5c626@group-04F87E957C10 replies to ELECTION vote request: cd4ac3e2-47ba-443c-8aa0-40ab251a0f4e<-f70c5b51-abaf-4483-bcc0-ab3e40e5c626#0:OK-t1. Peer's state: f70c5b51-abaf-4483-bcc0-ab3e40e5c626@group-04F87E957C10:t1, leader=null, voted=cd4ac3e2-47ba-443c-8aa0-40ab251a0f4e, raftlog=Memoized:f70c5b51-abaf-4483-bcc0-ab3e40e5c626@group-04F87E957C10-SegmentedRaftLog:OPENED:c-1, conf=-1: peers:[f70c5b51-abaf-4483-bcc0-ab3e40e5c626|rpc:10.1.0.59:36093|dataStream:10.1.0.59:44995|priority:0|startupRole:FOLLOWER, cfa9660d-3e66-4e37-95dd-c01791520333|rpc:10.1.0.59:42355|dataStream:10.1.0.59:45915|priority:0|startupRole:FOLLOWER, cd4ac3e2-47ba-443c-8aa0-40ab251a0f4e|rpc:10.1.0.59:42823|dataStream:10.1.0.59:35537|priority:1|startupRole:FOLLOWER]|listeners:[], old=null
2023-04-10 17:22:29,649 [grpc-default-executor-0] INFO  server.RaftServer$Division (RaftServerImpl.java:requestVote(1218)) - cfa9660d-3e66-4e37-95dd-c01791520333@group-04F87E957C10: receive requestVote(ELECTION, cd4ac3e2-47ba-443c-8aa0-40ab251a0f4e, group-04F87E957C10, 1, (t:0, i:0))
2023-04-10 17:22:29,650 [grpc-default-executor-0] INFO  impl.VoteContext (VoteContext.java:log(49)) - cfa9660d-3e66-4e37-95dd-c01791520333@group-04F87E957C10-FOLLOWER: accept ELECTION from cd4ac3e2-47ba-443c-8aa0-40ab251a0f4e: our priority 0 <= candidate's priority 1
2023-04-10 17:22:29,650 [grpc-default-executor-0] INFO  server.RaftServer$Division (RaftServerImpl.java:setRole(321)) - cfa9660d-3e66-4e37-95dd-c01791520333@group-04F87E957C10: changes role from  FOLLOWER to FOLLOWER at term 1 for candidate:cd4ac3e2-47ba-443c-8aa0-40ab251a0f4e
2023-04-10 17:22:29,650 [grpc-default-executor-0] INFO  impl.RoleInfo (RoleInfo.java:shutdownFollowerState(110)) - cfa9660d-3e66-4e37-95dd-c01791520333: shutdown cfa9660d-3e66-4e37-95dd-c01791520333@group-04F87E957C10-FollowerState
2023-04-10 17:22:29,650 [cfa9660d-3e66-4e37-95dd-c01791520333@group-04F87E957C10-FollowerState] INFO  impl.FollowerState (FollowerState.java:run(152)) - cfa9660d-3e66-4e37-95dd-c01791520333@group-04F87E957C10-FollowerState was interrupted
2023-04-10 17:22:29,651 [grpc-default-executor-0] INFO  impl.RoleInfo (RoleInfo.java:updateAndGet(139)) - cfa9660d-3e66-4e37-95dd-c01791520333: start cfa9660d-3e66-4e37-95dd-c01791520333@group-04F87E957C10-FollowerState
2023-04-10 17:22:29,656 [f70c5b51-abaf-4483-bcc0-ab3e40e5c626@group-04F87E957C10-FollowerState] INFO  server.RaftServerConfigKeys (ConfUtils.java:logFallback(53)) - raft.server.rpc.first-election.timeout.min = 5s (fallback to raft.server.rpc.timeout.min)
2023-04-10 17:22:29,656 [f70c5b51-abaf-4483-bcc0-ab3e40e5c626@group-04F87E957C10-FollowerState] INFO  server.RaftServerConfigKeys (ConfUtils.java:logFallback(53)) - raft.server.rpc.first-election.timeout.max = 5200ms (fallback to raft.server.rpc.timeout.max)
2023-04-10 17:22:29,656 [cfa9660d-3e66-4e37-95dd-c01791520333@group-04F87E957C10-FollowerState] INFO  server.RaftServerConfigKeys (ConfUtils.java:logFallback(53)) - raft.server.rpc.first-election.timeout.min = 5s (fallback to raft.server.rpc.timeout.min)
2023-04-10 17:22:29,656 [cfa9660d-3e66-4e37-95dd-c01791520333@group-04F87E957C10-FollowerState] INFO  server.RaftServerConfigKeys (ConfUtils.java:logFallback(53)) - raft.server.rpc.first-election.timeout.max = 5200ms (fallback to raft.server.rpc.timeout.max)
2023-04-10 17:22:29,657 [grpc-default-executor-0] INFO  server.RaftServer$Division (RaftServerImpl.java:requestVote(1251)) - cfa9660d-3e66-4e37-95dd-c01791520333@group-04F87E957C10 replies to ELECTION vote request: cd4ac3e2-47ba-443c-8aa0-40ab251a0f4e<-cfa9660d-3e66-4e37-95dd-c01791520333#0:OK-t1. Peer's state: cfa9660d-3e66-4e37-95dd-c01791520333@group-04F87E957C10:t1, leader=null, voted=cd4ac3e2-47ba-443c-8aa0-40ab251a0f4e, raftlog=Memoized:cfa9660d-3e66-4e37-95dd-c01791520333@group-04F87E957C10-SegmentedRaftLog:OPENED:c-1, conf=-1: peers:[f70c5b51-abaf-4483-bcc0-ab3e40e5c626|rpc:10.1.0.59:36093|dataStream:10.1.0.59:44995|priority:0|startupRole:FOLLOWER, cfa9660d-3e66-4e37-95dd-c01791520333|rpc:10.1.0.59:42355|dataStream:10.1.0.59:45915|priority:0|startupRole:FOLLOWER, cd4ac3e2-47ba-443c-8aa0-40ab251a0f4e|rpc:10.1.0.59:42823|dataStream:10.1.0.59:35537|priority:1|startupRole:FOLLOWER]|listeners:[], old=null
2023-04-10 17:22:29,658 [cd4ac3e2-47ba-443c-8aa0-40ab251a0f4e@group-04F87E957C10-LeaderElection3] INFO  impl.LeaderElection (LeaderElection.java:logAndReturn(90)) - cd4ac3e2-47ba-443c-8aa0-40ab251a0f4e@group-04F87E957C10-LeaderElection3: ELECTION PASSED received 1 response(s) and 0 exception(s):
2023-04-10 17:22:29,658 [cd4ac3e2-47ba-443c-8aa0-40ab251a0f4e@group-04F87E957C10-LeaderElection3] INFO  impl.LeaderElection (LeaderElection.java:logAndReturn(94)) -   Response 0: cd4ac3e2-47ba-443c-8aa0-40ab251a0f4e<-f70c5b51-abaf-4483-bcc0-ab3e40e5c626#0:OK-t1
2023-04-10 17:22:29,658 [cd4ac3e2-47ba-443c-8aa0-40ab251a0f4e@group-04F87E957C10-LeaderElection3] INFO  impl.LeaderElection (LeaderElection.java:askForVotes(314)) - cd4ac3e2-47ba-443c-8aa0-40ab251a0f4e@group-04F87E957C10-LeaderElection3 ELECTION round 0: result PASSED
2023-04-10 17:22:29,658 [cd4ac3e2-47ba-443c-8aa0-40ab251a0f4e@group-04F87E957C10-LeaderElection3] INFO  impl.RoleInfo (RoleInfo.java:shutdownLeaderElection(130)) - cd4ac3e2-47ba-443c-8aa0-40ab251a0f4e: shutdown cd4ac3e2-47ba-443c-8aa0-40ab251a0f4e@group-04F87E957C10-LeaderElection3
2023-04-10 17:22:29,658 [cd4ac3e2-47ba-443c-8aa0-40ab251a0f4e@group-04F87E957C10-LeaderElection3] INFO  server.RaftServer$Division (RaftServerImpl.java:setRole(321)) - cd4ac3e2-47ba-443c-8aa0-40ab251a0f4e@group-04F87E957C10: changes role from CANDIDATE to LEADER at term 1 for changeToLeader
2023-04-10 17:22:29,658 [cd4ac3e2-47ba-443c-8aa0-40ab251a0f4e@group-04F87E957C10-LeaderElection3] INFO  ratis.XceiverServerRatis (XceiverServerRatis.java:handleLeaderChangedNotification(904)) - Leader change notification received for group: group-04F87E957C10 with new leaderId: cd4ac3e2-47ba-443c-8aa0-40ab251a0f4e
2023-04-10 17:22:29,658 [cd4ac3e2-47ba-443c-8aa0-40ab251a0f4e@group-04F87E957C10-LeaderElection3] INFO  server.RaftServer$Division (ServerState.java:setLeader(313)) - cd4ac3e2-47ba-443c-8aa0-40ab251a0f4e@group-04F87E957C10: change Leader from null to cd4ac3e2-47ba-443c-8aa0-40ab251a0f4e at term 1 for becomeLeader, leader elected after 5309ms
2023-04-10 17:22:29,658 [cd4ac3e2-47ba-443c-8aa0-40ab251a0f4e@group-04F87E957C10-LeaderElection3] INFO  server.RaftServerConfigKeys (ConfUtils.java:logGet(46)) - raft.server.staging.catchup.gap = 1000 (default)
2023-04-10 17:22:29,659 [cd4ac3e2-47ba-443c-8aa0-40ab251a0f4e@group-04F87E957C10-LeaderElection3] INFO  server.RaftServerConfigKeys (ConfUtils.java:logGet(46)) - raft.server.write.element-limit = 1024 (custom)
2023-04-10 17:22:29,661 [EventQueue-PipelineReportForPipelineReportHandler] INFO  pipeline.PipelineManagerImpl (PipelineManagerImpl.java:openPipeline(367)) - Pipeline Pipeline[ Id: 6a6143b9-71ae-46e0-8280-04f87e957c10, Nodes: cd4ac3e2-47ba-443c-8aa0-40ab251a0f4e(fv-az201-37/10.1.0.59)f70c5b51-abaf-4483-bcc0-ab3e40e5c626(fv-az201-37/10.1.0.59)cfa9660d-3e66-4e37-95dd-c01791520333(fv-az201-37/10.1.0.59), ReplicationConfig: RATIS/THREE, State:ALLOCATED, leaderId:cd4ac3e2-47ba-443c-8aa0-40ab251a0f4e, CreationTimestamp2023-04-10T17:22:22.324Z[Etc/UTC]] moved to OPEN state
2023-04-10 17:22:29,662 [EventQueue-OpenPipelineForHealthyPipelineSafeModeRule] INFO  safemode.SCMSafeModeManager (HealthyPipelineSafeModeRule.java:process(137)) - SCM in safe mode. Healthy pipelines reported count is 1, required healthy pipeline reported count is 1
2023-04-10 17:22:29,662 [EventQueue-OpenPipelineForHealthyPipelineSafeModeRule] INFO  safemode.SCMSafeModeManager (SCMSafeModeManager.java:validateSafeModeExitRules(200)) - HealthyPipelineSafeModeRule rule is successfully validated
2023-04-10 17:22:29,662 [EventQueue-OpenPipelineForHealthyPipelineSafeModeRule] INFO  safemode.SCMSafeModeManager (SCMSafeModeManager.java:validateSafeModeExitRules(215)) - ScmSafeModeManager, all rules are successfully validated
2023-04-10 17:22:29,662 [EventQueue-OpenPipelineForHealthyPipelineSafeModeRule] INFO  safemode.SCMSafeModeManager (SCMSafeModeManager.java:exitSafeMode(244)) - SCM exiting safe mode.
2023-04-10 17:22:29,662 [EventQueue-OpenPipelineForHealthyPipelineSafeModeRule] INFO  ha.SCMContext (SCMContext.java:updateSafeModeStatus(228)) - Update SafeModeStatus from SafeModeStatus{safeModeStatus=true, preCheckPassed=true} to SafeModeStatus{safeModeStatus=false, preCheckPassed=true}.
2023-04-10 17:22:29,662 [EventQueue-OpenPipelineForHealthyPipelineSafeModeRule] INFO  pipeline.BackgroundPipelineCreator (BackgroundPipelineCreator.java:notifyStatusChanged(254)) - Service BackgroundPipelineCreator transitions to RUNNING.
2023-04-10 17:22:29,662 [EventQueue-OpenPipelineForHealthyPipelineSafeModeRule] INFO  BackgroundPipelineScrubber (BackgroundSCMService.java:notifyStatusChanged(82)) - Service BackgroundPipelineScrubber transitions to RUNNING.
2023-04-10 17:22:29,662 [EventQueue-OpenPipelineForHealthyPipelineSafeModeRule] INFO  ExpiredContainerReplicaOpScrubber (BackgroundSCMService.java:notifyStatusChanged(82)) - Service ExpiredContainerReplicaOpScrubber transitions to RUNNING.
2023-04-10 17:22:29,662 [EventQueue-OpenPipelineForHealthyPipelineSafeModeRule] INFO  replication.ReplicationManager (ReplicationManager.java:notifyStatusChanged(1371)) - Service ReplicationManager transitions to RUNNING.
2023-04-10 17:22:29,666 [cd4ac3e2-47ba-443c-8aa0-40ab251a0f4e@group-04F87E957C10-LeaderElection3] INFO  server.RaftServerConfigKeys (ConfUtils.java:logGet(46)) - raft.server.write.byte-limit = 1024 M (=1073741824) (custom)
2023-04-10 17:22:29,666 [cd4ac3e2-47ba-443c-8aa0-40ab251a0f4e@group-04F87E957C10-LeaderElection3] INFO  server.RaftServerConfigKeys (ConfUtils.java:logGet(46)) - raft.server.watch.timeout = 10000ms (default)
2023-04-10 17:22:29,666 [cd4ac3e2-47ba-443c-8aa0-40ab251a0f4e@group-04F87E957C10-LeaderElection3] INFO  server.RaftServerConfigKeys (ConfUtils.java:logGet(46)) - raft.server.watch.timeout.denomination = 1s (default)
2023-04-10 17:22:29,667 [cd4ac3e2-47ba-443c-8aa0-40ab251a0f4e@group-04F87E957C10-LeaderElection3] INFO  server.RaftServerConfigKeys (ConfUtils.java:logGet(46)) - raft.server.watch.element-limit = 65536 (default)
2023-04-10 17:22:29,667 [cd4ac3e2-47ba-443c-8aa0-40ab251a0f4e@group-04F87E957C10-LeaderElection3] INFO  server.RaftServerConfigKeys (ConfUtils.java:logGet(46)) - raft.server.write.element-limit = 1024 (custom)
2023-04-10 17:22:29,667 [cd4ac3e2-47ba-443c-8aa0-40ab251a0f4e@group-04F87E957C10-LeaderElection3] INFO  server.RaftServerConfigKeys (ConfUtils.java:logGet(46)) - raft.server.write.follower.gap.ratio.max = -1.0 (default)
2023-04-10 17:22:29,673 [EventQueue-OpenPipelineForHealthyPipelineSafeModeRule] WARN  balancer.ContainerBalancer (ContainerBalancer.java:shouldRun(132)) - Could not find persisted configuration for ContainerBalancer when checking if ContainerBalancer should run. ContainerBalancer should not run now.
2023-04-10 17:22:29,680 [cd4ac3e2-47ba-443c-8aa0-40ab251a0f4e@group-04F87E957C10-LeaderElection3] INFO  server.RaftServerConfigKeys (ConfUtils.java:logGet(46)) - raft.server.log.appender.snapshot.chunk.size.max = 16MB (=16777216) (default)
2023-04-10 17:22:29,680 [cd4ac3e2-47ba-443c-8aa0-40ab251a0f4e@group-04F87E957C10-LeaderElection3] INFO  server.RaftServerConfigKeys (ConfUtils.java:logGet(46)) - raft.server.log.appender.buffer.byte-limit = 33554432 (custom)
2023-04-10 17:22:29,681 [cd4ac3e2-47ba-443c-8aa0-40ab251a0f4e@group-04F87E957C10-LeaderElection3] INFO  server.RaftServerConfigKeys (ConfUtils.java:logGet(46)) - raft.server.log.appender.buffer.element-limit = 1 (custom)
2023-04-10 17:22:29,685 [cd4ac3e2-47ba-443c-8aa0-40ab251a0f4e@group-04F87E957C10-LeaderElection3] INFO  grpc.GrpcConfigKeys (ConfUtils.java:logGet(46)) - raft.grpc.server.leader.outstanding.appends.max = 128 (default)
2023-04-10 17:22:29,685 [cd4ac3e2-47ba-443c-8aa0-40ab251a0f4e@group-04F87E957C10-LeaderElection3] INFO  server.RaftServerConfigKeys (ConfUtils.java:logGet(46)) - raft.server.rpc.request.timeout = 3000ms (default)
2023-04-10 17:22:29,685 [cd4ac3e2-47ba-443c-8aa0-40ab251a0f4e@group-04F87E957C10-LeaderElection3] INFO  server.RaftServerConfigKeys (ConfUtils.java:logGet(46)) - raft.server.log.appender.install.snapshot.enabled = false (custom)
2023-04-10 17:22:29,685 [cd4ac3e2-47ba-443c-8aa0-40ab251a0f4e@group-04F87E957C10-LeaderElection3] INFO  grpc.GrpcConfigKeys (ConfUtils.java:logGet(46)) - raft.grpc.server.heartbeat.channel = true (default)
2023-04-10 17:22:29,685 [cd4ac3e2-47ba-443c-8aa0-40ab251a0f4e@group-04F87E957C10-LeaderElection3] INFO  server.RaftServerConfigKeys (ConfUtils.java:logGet(46)) - raft.server.log.appender.wait-time.min = 10ms (default)
2023-04-10 17:22:29,687 [cd4ac3e2-47ba-443c-8aa0-40ab251a0f4e@group-04F87E957C10-LeaderElection3] INFO  server.RaftServerConfigKeys (ConfUtils.java:logGet(46)) - raft.server.log.appender.snapshot.chunk.size.max = 16MB (=16777216) (default)
2023-04-10 17:22:29,687 [cd4ac3e2-47ba-443c-8aa0-40ab251a0f4e@group-04F87E957C10-LeaderElection3] INFO  server.RaftServerConfigKeys (ConfUtils.java:logGet(46)) - raft.server.log.appender.buffer.byte-limit = 33554432 (custom)
2023-04-10 17:22:29,688 [cd4ac3e2-47ba-443c-8aa0-40ab251a0f4e@group-04F87E957C10-LeaderElection3] INFO  server.RaftServerConfigKeys (ConfUtils.java:logGet(46)) - raft.server.log.appender.buffer.element-limit = 1 (custom)
2023-04-10 17:22:29,688 [cd4ac3e2-47ba-443c-8aa0-40ab251a0f4e@group-04F87E957C10-LeaderElection3] INFO  grpc.GrpcConfigKeys (ConfUtils.java:logGet(46)) - raft.grpc.server.leader.outstanding.appends.max = 128 (default)
2023-04-10 17:22:29,688 [cd4ac3e2-47ba-443c-8aa0-40ab251a0f4e@group-04F87E957C10-LeaderElection3] INFO  server.RaftServerConfigKeys (ConfUtils.java:logGet(46)) - raft.server.rpc.request.timeout = 3000ms (default)
2023-04-10 17:22:29,688 [cd4ac3e2-47ba-443c-8aa0-40ab251a0f4e@group-04F87E957C10-LeaderElection3] INFO  server.RaftServerConfigKeys (ConfUtils.java:logGet(46)) - raft.server.log.appender.install.snapshot.enabled = false (custom)
2023-04-10 17:22:29,688 [cd4ac3e2-47ba-443c-8aa0-40ab251a0f4e@group-04F87E957C10-LeaderElection3] INFO  grpc.GrpcConfigKeys (ConfUtils.java:logGet(46)) - raft.grpc.server.heartbeat.channel = true (default)
2023-04-10 17:22:29,688 [cd4ac3e2-47ba-443c-8aa0-40ab251a0f4e@group-04F87E957C10-LeaderElection3] INFO  server.RaftServerConfigKeys (ConfUtils.java:logGet(46)) - raft.server.log.appender.wait-time.min = 10ms (default)
2023-04-10 17:22:29,689 [cd4ac3e2-47ba-443c-8aa0-40ab251a0f4e@group-04F87E957C10-LeaderElection3] INFO  impl.RoleInfo (RoleInfo.java:updateAndGet(139)) - cd4ac3e2-47ba-443c-8aa0-40ab251a0f4e: start cd4ac3e2-47ba-443c-8aa0-40ab251a0f4e@group-04F87E957C10-LeaderStateImpl
2023-04-10 17:22:29,690 [cd4ac3e2-47ba-443c-8aa0-40ab251a0f4e@group-04F87E957C10-LeaderElection3] INFO  segmented.SegmentedRaftLogWorker (SegmentedRaftLogWorker.java:startLogSegment(452)) - cd4ac3e2-47ba-443c-8aa0-40ab251a0f4e@group-04F87E957C10-SegmentedRaftLogWorker: Starting segment from index:0
2023-04-10 17:22:29,691 [cd4ac3e2-47ba-443c-8aa0-40ab251a0f4e@group-04F87E957C10-SegmentedRaftLogWorker] INFO  segmented.SegmentedRaftLogWorker (SegmentedRaftLogWorker.java:execute(656)) - cd4ac3e2-47ba-443c-8aa0-40ab251a0f4e@group-04F87E957C10-SegmentedRaftLogWorker: created new log segment /home/runner/work/ozone/ozone/hadoop-ozone/integration-test/target/test-dir/MiniOzoneClusterImpl-bd692c78-fb3a-4866-9e85-e2f4bd0dbf58/datanode-0/data/ratis/6a6143b9-71ae-46e0-8280-04f87e957c10/current/log_inprogress_0
2023-04-10 17:22:29,702 [cd4ac3e2-47ba-443c-8aa0-40ab251a0f4e@group-04F87E957C10-LeaderElection3] INFO  server.RaftServer$Division (ServerState.java:setRaftConf(430)) - cd4ac3e2-47ba-443c-8aa0-40ab251a0f4e@group-04F87E957C10: set configuration 0: peers:[f70c5b51-abaf-4483-bcc0-ab3e40e5c626|rpc:10.1.0.59:36093|dataStream:10.1.0.59:44995|priority:0|startupRole:FOLLOWER, cfa9660d-3e66-4e37-95dd-c01791520333|rpc:10.1.0.59:42355|dataStream:10.1.0.59:45915|priority:0|startupRole:FOLLOWER, cd4ac3e2-47ba-443c-8aa0-40ab251a0f4e|rpc:10.1.0.59:42823|dataStream:10.1.0.59:35537|priority:1|startupRole:FOLLOWER]|listeners:[], old=null
2023-04-10 17:22:29,703 [cd4ac3e2-47ba-443c-8aa0-40ab251a0f4e@group-04F87E957C10-StateMachineUpdater] INFO  ratis.ContainerStateMachine (ContainerStateMachine.java:takeSnapshot(330)) - group-04F87E957C10: Taking a snapshot at:(t:1, i:0) file /home/runner/work/ozone/ozone/hadoop-ozone/integration-test/target/test-dir/MiniOzoneClusterImpl-bd692c78-fb3a-4866-9e85-e2f4bd0dbf58/datanode-0/data/ratis/6a6143b9-71ae-46e0-8280-04f87e957c10/sm/snapshot.1_0
2023-04-10 17:22:29,707 [cd4ac3e2-47ba-443c-8aa0-40ab251a0f4e@group-04F87E957C10-StateMachineUpdater] INFO  ratis.ContainerStateMachine (ContainerStateMachine.java:takeSnapshot(341)) - group-04F87E957C10: Finished taking a snapshot at:(t:1, i:0) file:/home/runner/work/ozone/ozone/hadoop-ozone/integration-test/target/test-dir/MiniOzoneClusterImpl-bd692c78-fb3a-4866-9e85-e2f4bd0dbf58/datanode-0/data/ratis/6a6143b9-71ae-46e0-8280-04f87e957c10/sm/snapshot.1_0 took: 4 ms
2023-04-10 17:22:29,707 [cd4ac3e2-47ba-443c-8aa0-40ab251a0f4e@group-04F87E957C10-StateMachineUpdater] INFO  impl.StateMachineUpdater (StateMachineUpdater.java:takeSnapshot(287)) - cd4ac3e2-47ba-443c-8aa0-40ab251a0f4e@group-04F87E957C10-StateMachineUpdater: Took a snapshot at index 0
2023-04-10 17:22:29,708 [cd4ac3e2-47ba-443c-8aa0-40ab251a0f4e@group-04F87E957C10-StateMachineUpdater] INFO  impl.StateMachineUpdater (StateMachineUpdater.java:lambda$new$0(92)) - cd4ac3e2-47ba-443c-8aa0-40ab251a0f4e@group-04F87E957C10-StateMachineUpdater: snapshotIndex: updateIncreasingly -1 -> 0
2023-04-10 17:22:29,732 [cfa9660d-3e66-4e37-95dd-c01791520333-server-thread1] INFO  ratis.XceiverServerRatis (XceiverServerRatis.java:handleLeaderChangedNotification(904)) - Leader change notification received for group: group-04F87E957C10 with new leaderId: cd4ac3e2-47ba-443c-8aa0-40ab251a0f4e
2023-04-10 17:22:29,732 [cfa9660d-3e66-4e37-95dd-c01791520333-server-thread1] INFO  server.RaftServer$Division (ServerState.java:setLeader(313)) - cfa9660d-3e66-4e37-95dd-c01791520333@group-04F87E957C10: change Leader from null to cd4ac3e2-47ba-443c-8aa0-40ab251a0f4e at term 1 for appendEntries, leader elected after 4813ms
2023-04-10 17:22:29,750 [f70c5b51-abaf-4483-bcc0-ab3e40e5c626-server-thread1] INFO  ratis.XceiverServerRatis (XceiverServerRatis.java:handleLeaderChangedNotification(904)) - Leader change notification received for group: group-04F87E957C10 with new leaderId: cd4ac3e2-47ba-443c-8aa0-40ab251a0f4e
2023-04-10 17:22:29,750 [f70c5b51-abaf-4483-bcc0-ab3e40e5c626-server-thread1] INFO  server.RaftServer$Division (ServerState.java:setLeader(313)) - f70c5b51-abaf-4483-bcc0-ab3e40e5c626@group-04F87E957C10: change Leader from null to cd4ac3e2-47ba-443c-8aa0-40ab251a0f4e at term 1 for appendEntries, leader elected after 4592ms
2023-04-10 17:22:29,770 [cfa9660d-3e66-4e37-95dd-c01791520333-server-thread2] INFO  server.RaftServer$Division (ServerState.java:setRaftConf(430)) - cfa9660d-3e66-4e37-95dd-c01791520333@group-04F87E957C10: set configuration 0: peers:[f70c5b51-abaf-4483-bcc0-ab3e40e5c626|rpc:10.1.0.59:36093|dataStream:10.1.0.59:44995|priority:0|startupRole:FOLLOWER, cfa9660d-3e66-4e37-95dd-c01791520333|rpc:10.1.0.59:42355|dataStream:10.1.0.59:45915|priority:0|startupRole:FOLLOWER, cd4ac3e2-47ba-443c-8aa0-40ab251a0f4e|rpc:10.1.0.59:42823|dataStream:10.1.0.59:35537|priority:1|startupRole:FOLLOWER]|listeners:[], old=null
2023-04-10 17:22:29,771 [cfa9660d-3e66-4e37-95dd-c01791520333-server-thread2] INFO  segmented.SegmentedRaftLogWorker (SegmentedRaftLogWorker.java:startLogSegment(452)) - cfa9660d-3e66-4e37-95dd-c01791520333@group-04F87E957C10-SegmentedRaftLogWorker: Starting segment from index:0
2023-04-10 17:22:29,772 [cfa9660d-3e66-4e37-95dd-c01791520333@group-04F87E957C10-SegmentedRaftLogWorker] INFO  segmented.SegmentedRaftLogWorker (SegmentedRaftLogWorker.java:execute(656)) - cfa9660d-3e66-4e37-95dd-c01791520333@group-04F87E957C10-SegmentedRaftLogWorker: created new log segment /home/runner/work/ozone/ozone/hadoop-ozone/integration-test/target/test-dir/MiniOzoneClusterImpl-bd692c78-fb3a-4866-9e85-e2f4bd0dbf58/datanode-1/data/ratis/6a6143b9-71ae-46e0-8280-04f87e957c10/current/log_inprogress_0
2023-04-10 17:22:29,773 [cfa9660d-3e66-4e37-95dd-c01791520333@group-04F87E957C10-StateMachineUpdater] INFO  ratis.ContainerStateMachine (ContainerStateMachine.java:takeSnapshot(330)) - group-04F87E957C10: Taking a snapshot at:(t:1, i:0) file /home/runner/work/ozone/ozone/hadoop-ozone/integration-test/target/test-dir/MiniOzoneClusterImpl-bd692c78-fb3a-4866-9e85-e2f4bd0dbf58/datanode-1/data/ratis/6a6143b9-71ae-46e0-8280-04f87e957c10/sm/snapshot.1_0
2023-04-10 17:22:29,774 [cfa9660d-3e66-4e37-95dd-c01791520333@group-04F87E957C10-StateMachineUpdater] INFO  ratis.ContainerStateMachine (ContainerStateMachine.java:takeSnapshot(341)) - group-04F87E957C10: Finished taking a snapshot at:(t:1, i:0) file:/home/runner/work/ozone/ozone/hadoop-ozone/integration-test/target/test-dir/MiniOzoneClusterImpl-bd692c78-fb3a-4866-9e85-e2f4bd0dbf58/datanode-1/data/ratis/6a6143b9-71ae-46e0-8280-04f87e957c10/sm/snapshot.1_0 took: 1 ms
2023-04-10 17:22:29,774 [cfa9660d-3e66-4e37-95dd-c01791520333@group-04F87E957C10-StateMachineUpdater] INFO  impl.StateMachineUpdater (StateMachineUpdater.java:takeSnapshot(287)) - cfa9660d-3e66-4e37-95dd-c01791520333@group-04F87E957C10-StateMachineUpdater: Took a snapshot at index 0
2023-04-10 17:22:29,774 [cfa9660d-3e66-4e37-95dd-c01791520333@group-04F87E957C10-StateMachineUpdater] INFO  impl.StateMachineUpdater (StateMachineUpdater.java:lambda$new$0(92)) - cfa9660d-3e66-4e37-95dd-c01791520333@group-04F87E957C10-StateMachineUpdater: snapshotIndex: updateIncreasingly -1 -> 0
2023-04-10 17:22:29,785 [f70c5b51-abaf-4483-bcc0-ab3e40e5c626-server-thread1] INFO  server.RaftServer$Division (ServerState.java:setRaftConf(430)) - f70c5b51-abaf-4483-bcc0-ab3e40e5c626@group-04F87E957C10: set configuration 0: peers:[f70c5b51-abaf-4483-bcc0-ab3e40e5c626|rpc:10.1.0.59:36093|dataStream:10.1.0.59:44995|priority:0|startupRole:FOLLOWER, cfa9660d-3e66-4e37-95dd-c01791520333|rpc:10.1.0.59:42355|dataStream:10.1.0.59:45915|priority:0|startupRole:FOLLOWER, cd4ac3e2-47ba-443c-8aa0-40ab251a0f4e|rpc:10.1.0.59:42823|dataStream:10.1.0.59:35537|priority:1|startupRole:FOLLOWER]|listeners:[], old=null
2023-04-10 17:22:29,785 [f70c5b51-abaf-4483-bcc0-ab3e40e5c626-server-thread1] INFO  segmented.SegmentedRaftLogWorker (SegmentedRaftLogWorker.java:startLogSegment(452)) - f70c5b51-abaf-4483-bcc0-ab3e40e5c626@group-04F87E957C10-SegmentedRaftLogWorker: Starting segment from index:0
2023-04-10 17:22:29,786 [f70c5b51-abaf-4483-bcc0-ab3e40e5c626@group-04F87E957C10-SegmentedRaftLogWorker] INFO  segmented.SegmentedRaftLogWorker (SegmentedRaftLogWorker.java:execute(656)) - f70c5b51-abaf-4483-bcc0-ab3e40e5c626@group-04F87E957C10-SegmentedRaftLogWorker: created new log segment /home/runner/work/ozone/ozone/hadoop-ozone/integration-test/target/test-dir/MiniOzoneClusterImpl-bd692c78-fb3a-4866-9e85-e2f4bd0dbf58/datanode-2/data/ratis/6a6143b9-71ae-46e0-8280-04f87e957c10/current/log_inprogress_0
2023-04-10 17:22:29,788 [f70c5b51-abaf-4483-bcc0-ab3e40e5c626@group-04F87E957C10-StateMachineUpdater] INFO  ratis.ContainerStateMachine (ContainerStateMachine.java:takeSnapshot(330)) - group-04F87E957C10: Taking a snapshot at:(t:1, i:0) file /home/runner/work/ozone/ozone/hadoop-ozone/integration-test/target/test-dir/MiniOzoneClusterImpl-bd692c78-fb3a-4866-9e85-e2f4bd0dbf58/datanode-2/data/ratis/6a6143b9-71ae-46e0-8280-04f87e957c10/sm/snapshot.1_0
2023-04-10 17:22:29,789 [f70c5b51-abaf-4483-bcc0-ab3e40e5c626@group-04F87E957C10-StateMachineUpdater] INFO  ratis.ContainerStateMachine (ContainerStateMachine.java:takeSnapshot(341)) - group-04F87E957C10: Finished taking a snapshot at:(t:1, i:0) file:/home/runner/work/ozone/ozone/hadoop-ozone/integration-test/target/test-dir/MiniOzoneClusterImpl-bd692c78-fb3a-4866-9e85-e2f4bd0dbf58/datanode-2/data/ratis/6a6143b9-71ae-46e0-8280-04f87e957c10/sm/snapshot.1_0 took: 1 ms
2023-04-10 17:22:29,789 [f70c5b51-abaf-4483-bcc0-ab3e40e5c626@group-04F87E957C10-StateMachineUpdater] INFO  impl.StateMachineUpdater (StateMachineUpdater.java:takeSnapshot(287)) - f70c5b51-abaf-4483-bcc0-ab3e40e5c626@group-04F87E957C10-StateMachineUpdater: Took a snapshot at index 0
2023-04-10 17:22:29,789 [f70c5b51-abaf-4483-bcc0-ab3e40e5c626@group-04F87E957C10-StateMachineUpdater] INFO  impl.StateMachineUpdater (StateMachineUpdater.java:lambda$new$0(92)) - f70c5b51-abaf-4483-bcc0-ab3e40e5c626@group-04F87E957C10-StateMachineUpdater: snapshotIndex: updateIncreasingly -1 -> 0
2023-04-10 17:22:30,022 [cfa9660d-3e66-4e37-95dd-c01791520333@group-CE7ABFC18BF0-FollowerState] INFO  impl.FollowerState (FollowerState.java:run(143)) - cfa9660d-3e66-4e37-95dd-c01791520333@group-CE7ABFC18BF0-FollowerState: change to CANDIDATE, lastRpcElapsedTime:5115012357ns, electionTimeout:5100ms
2023-04-10 17:22:30,023 [cfa9660d-3e66-4e37-95dd-c01791520333@group-CE7ABFC18BF0-FollowerState] INFO  impl.RoleInfo (RoleInfo.java:shutdownFollowerState(110)) - cfa9660d-3e66-4e37-95dd-c01791520333: shutdown cfa9660d-3e66-4e37-95dd-c01791520333@group-CE7ABFC18BF0-FollowerState
2023-04-10 17:22:30,023 [cfa9660d-3e66-4e37-95dd-c01791520333@group-CE7ABFC18BF0-FollowerState] INFO  server.RaftServer$Division (RaftServerImpl.java:setRole(321)) - cfa9660d-3e66-4e37-95dd-c01791520333@group-CE7ABFC18BF0: changes role from  FOLLOWER to CANDIDATE at term 0 for changeToCandidate
2023-04-10 17:22:30,027 [cfa9660d-3e66-4e37-95dd-c01791520333@group-CE7ABFC18BF0-FollowerState] INFO  server.RaftServerConfigKeys (ConfUtils.java:logGet(46)) - raft.server.leaderelection.pre-vote = true (default)
2023-04-10 17:22:30,027 [cfa9660d-3e66-4e37-95dd-c01791520333@group-CE7ABFC18BF0-FollowerState] INFO  impl.RoleInfo (RoleInfo.java:updateAndGet(139)) - cfa9660d-3e66-4e37-95dd-c01791520333: start cfa9660d-3e66-4e37-95dd-c01791520333@group-CE7ABFC18BF0-LeaderElection4
2023-04-10 17:22:30,036 [cfa9660d-3e66-4e37-95dd-c01791520333@group-CE7ABFC18BF0-LeaderElection4] INFO  impl.LeaderElection (LeaderElection.java:askForVotes(312)) - cfa9660d-3e66-4e37-95dd-c01791520333@group-CE7ABFC18BF0-LeaderElection4 PRE_VOTE round 0: submit vote requests at term 0 for -1: peers:[cfa9660d-3e66-4e37-95dd-c01791520333|rpc:10.1.0.59:42355|dataStream:10.1.0.59:45915|priority:1|startupRole:FOLLOWER]|listeners:[], old=null
2023-04-10 17:22:30,037 [cfa9660d-3e66-4e37-95dd-c01791520333@group-CE7ABFC18BF0-LeaderElection4] INFO  impl.LeaderElection (LeaderElection.java:askForVotes(314)) - cfa9660d-3e66-4e37-95dd-c01791520333@group-CE7ABFC18BF0-LeaderElection4 PRE_VOTE round 0: result PASSED (term=0)
2023-04-10 17:22:30,038 [cfa9660d-3e66-4e37-95dd-c01791520333@group-CE7ABFC18BF0-LeaderElection4] INFO  impl.LeaderElection (LeaderElection.java:askForVotes(312)) - cfa9660d-3e66-4e37-95dd-c01791520333@group-CE7ABFC18BF0-LeaderElection4 ELECTION round 0: submit vote requests at term 1 for -1: peers:[cfa9660d-3e66-4e37-95dd-c01791520333|rpc:10.1.0.59:42355|dataStream:10.1.0.59:45915|priority:1|startupRole:FOLLOWER]|listeners:[], old=null
2023-04-10 17:22:30,038 [cfa9660d-3e66-4e37-95dd-c01791520333@group-CE7ABFC18BF0-LeaderElection4] INFO  impl.LeaderElection (LeaderElection.java:askForVotes(314)) - cfa9660d-3e66-4e37-95dd-c01791520333@group-CE7ABFC18BF0-LeaderElection4 ELECTION round 0: result PASSED (term=1)
2023-04-10 17:22:30,038 [cfa9660d-3e66-4e37-95dd-c01791520333@group-CE7ABFC18BF0-LeaderElection4] INFO  impl.RoleInfo (RoleInfo.java:shutdownLeaderElection(130)) - cfa9660d-3e66-4e37-95dd-c01791520333: shutdown cfa9660d-3e66-4e37-95dd-c01791520333@group-CE7ABFC18BF0-LeaderElection4
2023-04-10 17:22:30,038 [cfa9660d-3e66-4e37-95dd-c01791520333@group-CE7ABFC18BF0-LeaderElection4] INFO  server.RaftServer$Division (RaftServerImpl.java:setRole(321)) - cfa9660d-3e66-4e37-95dd-c01791520333@group-CE7ABFC18BF0: changes role from CANDIDATE to LEADER at term 1 for changeToLeader
2023-04-10 17:22:30,038 [cfa9660d-3e66-4e37-95dd-c01791520333@group-CE7ABFC18BF0-LeaderElection4] INFO  ratis.XceiverServerRatis (XceiverServerRatis.java:handleLeaderChangedNotification(904)) - Leader change notification received for group: group-CE7ABFC18BF0 with new leaderId: cfa9660d-3e66-4e37-95dd-c01791520333
2023-04-10 17:22:30,039 [cfa9660d-3e66-4e37-95dd-c01791520333@group-CE7ABFC18BF0-LeaderElection4] INFO  server.RaftServer$Division (ServerState.java:setLeader(313)) - cfa9660d-3e66-4e37-95dd-c01791520333@group-CE7ABFC18BF0: change Leader from null to cfa9660d-3e66-4e37-95dd-c01791520333 at term 1 for becomeLeader, leader elected after 5160ms
2023-04-10 17:22:30,039 [cfa9660d-3e66-4e37-95dd-c01791520333@group-CE7ABFC18BF0-LeaderElection4] INFO  server.RaftServerConfigKeys (ConfUtils.java:logGet(46)) - raft.server.staging.catchup.gap = 1000 (default)
2023-04-10 17:22:30,039 [cfa9660d-3e66-4e37-95dd-c01791520333@group-CE7ABFC18BF0-LeaderElection4] INFO  server.RaftServerConfigKeys (ConfUtils.java:logGet(46)) - raft.server.write.element-limit = 1024 (custom)
2023-04-10 17:22:30,039 [cfa9660d-3e66-4e37-95dd-c01791520333@group-CE7ABFC18BF0-LeaderElection4] INFO  server.RaftServerConfigKeys (ConfUtils.java:logGet(46)) - raft.server.write.byte-limit = 1024 M (=1073741824) (custom)
2023-04-10 17:22:30,041 [cfa9660d-3e66-4e37-95dd-c01791520333@group-CE7ABFC18BF0-LeaderElection4] INFO  server.RaftServerConfigKeys (ConfUtils.java:logGet(46)) - raft.server.watch.timeout = 10000ms (default)
2023-04-10 17:22:30,041 [cfa9660d-3e66-4e37-95dd-c01791520333@group-CE7ABFC18BF0-LeaderElection4] INFO  server.RaftServerConfigKeys (ConfUtils.java:logGet(46)) - raft.server.watch.timeout.denomination = 1s (default)
2023-04-10 17:22:30,041 [cfa9660d-3e66-4e37-95dd-c01791520333@group-CE7ABFC18BF0-LeaderElection4] INFO  server.RaftServerConfigKeys (ConfUtils.java:logGet(46)) - raft.server.watch.element-limit = 65536 (default)
2023-04-10 17:22:30,041 [cfa9660d-3e66-4e37-95dd-c01791520333@group-CE7ABFC18BF0-LeaderElection4] INFO  server.RaftServerConfigKeys (ConfUtils.java:logGet(46)) - raft.server.write.element-limit = 1024 (custom)
2023-04-10 17:22:30,041 [cfa9660d-3e66-4e37-95dd-c01791520333@group-CE7ABFC18BF0-LeaderElection4] INFO  server.RaftServerConfigKeys (ConfUtils.java:logGet(46)) - raft.server.write.follower.gap.ratio.max = -1.0 (default)
2023-04-10 17:22:30,041 [cfa9660d-3e66-4e37-95dd-c01791520333@group-CE7ABFC18BF0-LeaderElection4] INFO  impl.RoleInfo (RoleInfo.java:updateAndGet(139)) - cfa9660d-3e66-4e37-95dd-c01791520333: start cfa9660d-3e66-4e37-95dd-c01791520333@group-CE7ABFC18BF0-LeaderStateImpl
2023-04-10 17:22:30,042 [cfa9660d-3e66-4e37-95dd-c01791520333@group-CE7ABFC18BF0-LeaderElection4] INFO  segmented.SegmentedRaftLogWorker (SegmentedRaftLogWorker.java:startLogSegment(452)) - cfa9660d-3e66-4e37-95dd-c01791520333@group-CE7ABFC18BF0-SegmentedRaftLogWorker: Starting segment from index:0
2023-04-10 17:22:30,048 [cfa9660d-3e66-4e37-95dd-c01791520333@group-CE7ABFC18BF0-LeaderElection4] INFO  server.RaftServer$Division (ServerState.java:setRaftConf(430)) - cfa9660d-3e66-4e37-95dd-c01791520333@group-CE7ABFC18BF0: set configuration 0: peers:[cfa9660d-3e66-4e37-95dd-c01791520333|rpc:10.1.0.59:42355|dataStream:10.1.0.59:45915|priority:1|startupRole:FOLLOWER]|listeners:[], old=null
2023-04-10 17:22:30,049 [cfa9660d-3e66-4e37-95dd-c01791520333@group-CE7ABFC18BF0-SegmentedRaftLogWorker] INFO  segmented.SegmentedRaftLogWorker (SegmentedRaftLogWorker.java:execute(656)) - cfa9660d-3e66-4e37-95dd-c01791520333@group-CE7ABFC18BF0-SegmentedRaftLogWorker: created new log segment /home/runner/work/ozone/ozone/hadoop-ozone/integration-test/target/test-dir/MiniOzoneClusterImpl-bd692c78-fb3a-4866-9e85-e2f4bd0dbf58/datanode-1/data/ratis/c00fc6b4-80a8-4041-a15b-ce7abfc18bf0/current/log_inprogress_0
2023-04-10 17:22:30,052 [cfa9660d-3e66-4e37-95dd-c01791520333@group-CE7ABFC18BF0-StateMachineUpdater] INFO  ratis.ContainerStateMachine (ContainerStateMachine.java:takeSnapshot(330)) - group-CE7ABFC18BF0: Taking a snapshot at:(t:1, i:0) file /home/runner/work/ozone/ozone/hadoop-ozone/integration-test/target/test-dir/MiniOzoneClusterImpl-bd692c78-fb3a-4866-9e85-e2f4bd0dbf58/datanode-1/data/ratis/c00fc6b4-80a8-4041-a15b-ce7abfc18bf0/sm/snapshot.1_0
2023-04-10 17:22:30,053 [cfa9660d-3e66-4e37-95dd-c01791520333@group-CE7ABFC18BF0-StateMachineUpdater] INFO  ratis.ContainerStateMachine (ContainerStateMachine.java:takeSnapshot(341)) - group-CE7ABFC18BF0: Finished taking a snapshot at:(t:1, i:0) file:/home/runner/work/ozone/ozone/hadoop-ozone/integration-test/target/test-dir/MiniOzoneClusterImpl-bd692c78-fb3a-4866-9e85-e2f4bd0dbf58/datanode-1/data/ratis/c00fc6b4-80a8-4041-a15b-ce7abfc18bf0/sm/snapshot.1_0 took: 0 ms
2023-04-10 17:22:30,053 [cfa9660d-3e66-4e37-95dd-c01791520333@group-CE7ABFC18BF0-StateMachineUpdater] INFO  impl.StateMachineUpdater (StateMachineUpdater.java:takeSnapshot(287)) - cfa9660d-3e66-4e37-95dd-c01791520333@group-CE7ABFC18BF0-StateMachineUpdater: Took a snapshot at index 0
2023-04-10 17:22:30,053 [cfa9660d-3e66-4e37-95dd-c01791520333@group-CE7ABFC18BF0-StateMachineUpdater] INFO  impl.StateMachineUpdater (StateMachineUpdater.java:lambda$new$0(92)) - cfa9660d-3e66-4e37-95dd-c01791520333@group-CE7ABFC18BF0-StateMachineUpdater: snapshotIndex: updateIncreasingly -1 -> 0
2023-04-10 17:22:30,465 [f70c5b51-abaf-4483-bcc0-ab3e40e5c626@group-91F437F43C0E-FollowerState] INFO  impl.FollowerState (FollowerState.java:run(143)) - f70c5b51-abaf-4483-bcc0-ab3e40e5c626@group-91F437F43C0E-FollowerState: change to CANDIDATE, lastRpcElapsedTime:5122186078ns, electionTimeout:5121ms
2023-04-10 17:22:30,465 [f70c5b51-abaf-4483-bcc0-ab3e40e5c626@group-91F437F43C0E-FollowerState] INFO  impl.RoleInfo (RoleInfo.java:shutdownFollowerState(110)) - f70c5b51-abaf-4483-bcc0-ab3e40e5c626: shutdown f70c5b51-abaf-4483-bcc0-ab3e40e5c626@group-91F437F43C0E-FollowerState
2023-04-10 17:22:30,465 [f70c5b51-abaf-4483-bcc0-ab3e40e5c626@group-91F437F43C0E-FollowerState] INFO  server.RaftServer$Division (RaftServerImpl.java:setRole(321)) - f70c5b51-abaf-4483-bcc0-ab3e40e5c626@group-91F437F43C0E: changes role from  FOLLOWER to CANDIDATE at term 0 for changeToCandidate
2023-04-10 17:22:30,466 [f70c5b51-abaf-4483-bcc0-ab3e40e5c626@group-91F437F43C0E-FollowerState] INFO  server.RaftServerConfigKeys (ConfUtils.java:logGet(46)) - raft.server.leaderelection.pre-vote = true (default)
2023-04-10 17:22:30,466 [f70c5b51-abaf-4483-bcc0-ab3e40e5c626@group-91F437F43C0E-FollowerState] INFO  impl.RoleInfo (RoleInfo.java:updateAndGet(139)) - f70c5b51-abaf-4483-bcc0-ab3e40e5c626: start f70c5b51-abaf-4483-bcc0-ab3e40e5c626@group-91F437F43C0E-LeaderElection5
2023-04-10 17:22:30,466 [cfa9660d-3e66-4e37-95dd-c01791520333@group-F78A666F49B3-FollowerState] INFO  impl.FollowerState (FollowerState.java:run(143)) - cfa9660d-3e66-4e37-95dd-c01791520333@group-F78A666F49B3-FollowerState: change to CANDIDATE, lastRpcElapsedTime:5105477993ns, electionTimeout:5087ms
2023-04-10 17:22:30,466 [cfa9660d-3e66-4e37-95dd-c01791520333@group-F78A666F49B3-FollowerState] INFO  impl.RoleInfo (RoleInfo.java:shutdownFollowerState(110)) - cfa9660d-3e66-4e37-95dd-c01791520333: shutdown cfa9660d-3e66-4e37-95dd-c01791520333@group-F78A666F49B3-FollowerState
2023-04-10 17:22:30,466 [cfa9660d-3e66-4e37-95dd-c01791520333@group-F78A666F49B3-FollowerState] INFO  server.RaftServer$Division (RaftServerImpl.java:setRole(321)) - cfa9660d-3e66-4e37-95dd-c01791520333@group-F78A666F49B3: changes role from  FOLLOWER to CANDIDATE at term 0 for changeToCandidate
2023-04-10 17:22:30,466 [cfa9660d-3e66-4e37-95dd-c01791520333@group-F78A666F49B3-FollowerState] INFO  server.RaftServerConfigKeys (ConfUtils.java:logGet(46)) - raft.server.leaderelection.pre-vote = true (default)
2023-04-10 17:22:30,468 [cfa9660d-3e66-4e37-95dd-c01791520333@group-F78A666F49B3-FollowerState] INFO  impl.RoleInfo (RoleInfo.java:updateAndGet(139)) - cfa9660d-3e66-4e37-95dd-c01791520333: start cfa9660d-3e66-4e37-95dd-c01791520333@group-F78A666F49B3-LeaderElection6
2023-04-10 17:22:30,471 [f70c5b51-abaf-4483-bcc0-ab3e40e5c626@group-91F437F43C0E-LeaderElection5] INFO  impl.LeaderElection (LeaderElection.java:askForVotes(312)) - f70c5b51-abaf-4483-bcc0-ab3e40e5c626@group-91F437F43C0E-LeaderElection5 PRE_VOTE round 0: submit vote requests at term 0 for -1: peers:[f70c5b51-abaf-4483-bcc0-ab3e40e5c626|rpc:10.1.0.59:36093|dataStream:10.1.0.59:44995|priority:1|startupRole:FOLLOWER]|listeners:[], old=null
2023-04-10 17:22:30,471 [f70c5b51-abaf-4483-bcc0-ab3e40e5c626@group-91F437F43C0E-LeaderElection5] INFO  impl.LeaderElection (LeaderElection.java:askForVotes(314)) - f70c5b51-abaf-4483-bcc0-ab3e40e5c626@group-91F437F43C0E-LeaderElection5 PRE_VOTE round 0: result PASSED (term=0)
2023-04-10 17:22:30,471 [cfa9660d-3e66-4e37-95dd-c01791520333@group-F78A666F49B3-LeaderElection6] INFO  impl.LeaderElection (LeaderElection.java:askForVotes(312)) - cfa9660d-3e66-4e37-95dd-c01791520333@group-F78A666F49B3-LeaderElection6 PRE_VOTE round 0: submit vote requests at term 0 for -1: peers:[f70c5b51-abaf-4483-bcc0-ab3e40e5c626|rpc:10.1.0.59:36093|dataStream:10.1.0.59:44995|priority:1|startupRole:FOLLOWER, cfa9660d-3e66-4e37-95dd-c01791520333|rpc:10.1.0.59:42355|dataStream:10.1.0.59:45915|priority:0|startupRole:FOLLOWER, cd4ac3e2-47ba-443c-8aa0-40ab251a0f4e|rpc:10.1.0.59:42823|dataStream:10.1.0.59:35537|priority:0|startupRole:FOLLOWER]|listeners:[], old=null
2023-04-10 17:22:30,472 [cfa9660d-3e66-4e37-95dd-c01791520333@group-F78A666F49B3-LeaderElection6] INFO  server.RaftServerConfigKeys (ConfUtils.java:logFallback(53)) - raft.server.rpc.first-election.timeout.min = 5s (fallback to raft.server.rpc.timeout.min)
2023-04-10 17:22:30,472 [cfa9660d-3e66-4e37-95dd-c01791520333@group-F78A666F49B3-LeaderElection6] INFO  server.RaftServerConfigKeys (ConfUtils.java:logFallback(53)) - raft.server.rpc.first-election.timeout.max = 5200ms (fallback to raft.server.rpc.timeout.max)
2023-04-10 17:22:30,472 [f70c5b51-abaf-4483-bcc0-ab3e40e5c626@group-91F437F43C0E-LeaderElection5] INFO  impl.LeaderElection (LeaderElection.java:askForVotes(312)) - f70c5b51-abaf-4483-bcc0-ab3e40e5c626@group-91F437F43C0E-LeaderElection5 ELECTION round 0: submit vote requests at term 1 for -1: peers:[f70c5b51-abaf-4483-bcc0-ab3e40e5c626|rpc:10.1.0.59:36093|dataStream:10.1.0.59:44995|priority:1|startupRole:FOLLOWER]|listeners:[], old=null
2023-04-10 17:22:30,472 [f70c5b51-abaf-4483-bcc0-ab3e40e5c626@group-91F437F43C0E-LeaderElection5] INFO  impl.LeaderElection (LeaderElection.java:askForVotes(314)) - f70c5b51-abaf-4483-bcc0-ab3e40e5c626@group-91F437F43C0E-LeaderElection5 ELECTION round 0: result PASSED (term=1)
2023-04-10 17:22:30,472 [f70c5b51-abaf-4483-bcc0-ab3e40e5c626@group-91F437F43C0E-LeaderElection5] INFO  impl.RoleInfo (RoleInfo.java:shutdownLeaderElection(130)) - f70c5b51-abaf-4483-bcc0-ab3e40e5c626: shutdown f70c5b51-abaf-4483-bcc0-ab3e40e5c626@group-91F437F43C0E-LeaderElection5
2023-04-10 17:22:30,472 [cfa9660d-3e66-4e37-95dd-c01791520333@group-F78A666F49B3-LeaderElection6-1] INFO  server.GrpcServerProtocolClient (GrpcServerProtocolClient.java:<init>(63)) - Build channel for f70c5b51-abaf-4483-bcc0-ab3e40e5c626
2023-04-10 17:22:30,472 [f70c5b51-abaf-4483-bcc0-ab3e40e5c626@group-91F437F43C0E-LeaderElection5] INFO  server.RaftServer$Division (RaftServerImpl.java:setRole(321)) - f70c5b51-abaf-4483-bcc0-ab3e40e5c626@group-91F437F43C0E: changes role from CANDIDATE to LEADER at term 1 for changeToLeader
2023-04-10 17:22:30,472 [f70c5b51-abaf-4483-bcc0-ab3e40e5c626@group-91F437F43C0E-LeaderElection5] INFO  ratis.XceiverServerRatis (XceiverServerRatis.java:handleLeaderChangedNotification(904)) - Leader change notification received for group: group-91F437F43C0E with new leaderId: f70c5b51-abaf-4483-bcc0-ab3e40e5c626
2023-04-10 17:22:30,472 [f70c5b51-abaf-4483-bcc0-ab3e40e5c626@group-91F437F43C0E-LeaderElection5] INFO  server.RaftServer$Division (ServerState.java:setLeader(313)) - f70c5b51-abaf-4483-bcc0-ab3e40e5c626@group-91F437F43C0E: change Leader from null to f70c5b51-abaf-4483-bcc0-ab3e40e5c626 at term 1 for becomeLeader, leader elected after 5154ms
2023-04-10 17:22:30,473 [f70c5b51-abaf-4483-bcc0-ab3e40e5c626@group-91F437F43C0E-LeaderElection5] INFO  server.RaftServerConfigKeys (ConfUtils.java:logGet(46)) - raft.server.staging.catchup.gap = 1000 (default)
2023-04-10 17:22:30,473 [f70c5b51-abaf-4483-bcc0-ab3e40e5c626@group-91F437F43C0E-LeaderElection5] INFO  server.RaftServerConfigKeys (ConfUtils.java:logGet(46)) - raft.server.write.element-limit = 1024 (custom)
2023-04-10 17:22:30,473 [f70c5b51-abaf-4483-bcc0-ab3e40e5c626@group-91F437F43C0E-LeaderElection5] INFO  server.RaftServerConfigKeys (ConfUtils.java:logGet(46)) - raft.server.write.byte-limit = 1024 M (=1073741824) (custom)
2023-04-10 17:22:30,473 [f70c5b51-abaf-4483-bcc0-ab3e40e5c626@group-91F437F43C0E-LeaderElection5] INFO  server.RaftServerConfigKeys (ConfUtils.java:logGet(46)) - raft.server.watch.timeout = 10000ms (default)
2023-04-10 17:22:30,473 [f70c5b51-abaf-4483-bcc0-ab3e40e5c626@group-91F437F43C0E-LeaderElection5] INFO  server.RaftServerConfigKeys (ConfUtils.java:logGet(46)) - raft.server.watch.timeout.denomination = 1s (default)
2023-04-10 17:22:30,473 [f70c5b51-abaf-4483-bcc0-ab3e40e5c626@group-91F437F43C0E-LeaderElection5] INFO  server.RaftServerConfigKeys (ConfUtils.java:logGet(46)) - raft.server.watch.element-limit = 65536 (default)
2023-04-10 17:22:30,473 [f70c5b51-abaf-4483-bcc0-ab3e40e5c626@group-91F437F43C0E-LeaderElection5] INFO  server.RaftServerConfigKeys (ConfUtils.java:logGet(46)) - raft.server.write.element-limit = 1024 (custom)
2023-04-10 17:22:30,473 [f70c5b51-abaf-4483-bcc0-ab3e40e5c626@group-91F437F43C0E-LeaderElection5] INFO  server.RaftServerConfigKeys (ConfUtils.java:logGet(46)) - raft.server.write.follower.gap.ratio.max = -1.0 (default)
2023-04-10 17:22:30,473 [f70c5b51-abaf-4483-bcc0-ab3e40e5c626@group-91F437F43C0E-LeaderElection5] INFO  impl.RoleInfo (RoleInfo.java:updateAndGet(139)) - f70c5b51-abaf-4483-bcc0-ab3e40e5c626: start f70c5b51-abaf-4483-bcc0-ab3e40e5c626@group-91F437F43C0E-LeaderStateImpl
2023-04-10 17:22:30,474 [f70c5b51-abaf-4483-bcc0-ab3e40e5c626@group-91F437F43C0E-LeaderElection5] INFO  segmented.SegmentedRaftLogWorker (SegmentedRaftLogWorker.java:startLogSegment(452)) - f70c5b51-abaf-4483-bcc0-ab3e40e5c626@group-91F437F43C0E-SegmentedRaftLogWorker: Starting segment from index:0
2023-04-10 17:22:30,474 [cfa9660d-3e66-4e37-95dd-c01791520333@group-F78A666F49B3-LeaderElection6-2] INFO  server.GrpcServerProtocolClient (GrpcServerProtocolClient.java:<init>(63)) - Build channel for cd4ac3e2-47ba-443c-8aa0-40ab251a0f4e
2023-04-10 17:22:30,475 [f70c5b51-abaf-4483-bcc0-ab3e40e5c626@group-91F437F43C0E-SegmentedRaftLogWorker] INFO  segmented.SegmentedRaftLogWorker (SegmentedRaftLogWorker.java:execute(656)) - f70c5b51-abaf-4483-bcc0-ab3e40e5c626@group-91F437F43C0E-SegmentedRaftLogWorker: created new log segment /home/runner/work/ozone/ozone/hadoop-ozone/integration-test/target/test-dir/MiniOzoneClusterImpl-bd692c78-fb3a-4866-9e85-e2f4bd0dbf58/datanode-2/data/ratis/6e90493d-41e5-4016-8e01-91f437f43c0e/current/log_inprogress_0
2023-04-10 17:22:30,484 [f70c5b51-abaf-4483-bcc0-ab3e40e5c626@group-91F437F43C0E-LeaderElection5] INFO  server.RaftServer$Division (ServerState.java:setRaftConf(430)) - f70c5b51-abaf-4483-bcc0-ab3e40e5c626@group-91F437F43C0E: set configuration 0: peers:[f70c5b51-abaf-4483-bcc0-ab3e40e5c626|rpc:10.1.0.59:36093|dataStream:10.1.0.59:44995|priority:1|startupRole:FOLLOWER]|listeners:[], old=null
2023-04-10 17:22:30,486 [f70c5b51-abaf-4483-bcc0-ab3e40e5c626@group-91F437F43C0E-StateMachineUpdater] INFO  ratis.ContainerStateMachine (ContainerStateMachine.java:takeSnapshot(330)) - group-91F437F43C0E: Taking a snapshot at:(t:1, i:0) file /home/runner/work/ozone/ozone/hadoop-ozone/integration-test/target/test-dir/MiniOzoneClusterImpl-bd692c78-fb3a-4866-9e85-e2f4bd0dbf58/datanode-2/data/ratis/6e90493d-41e5-4016-8e01-91f437f43c0e/sm/snapshot.1_0
2023-04-10 17:22:30,487 [f70c5b51-abaf-4483-bcc0-ab3e40e5c626@group-91F437F43C0E-StateMachineUpdater] INFO  ratis.ContainerStateMachine (ContainerStateMachine.java:takeSnapshot(341)) - group-91F437F43C0E: Finished taking a snapshot at:(t:1, i:0) file:/home/runner/work/ozone/ozone/hadoop-ozone/integration-test/target/test-dir/MiniOzoneClusterImpl-bd692c78-fb3a-4866-9e85-e2f4bd0dbf58/datanode-2/data/ratis/6e90493d-41e5-4016-8e01-91f437f43c0e/sm/snapshot.1_0 took: 0 ms
2023-04-10 17:22:30,487 [f70c5b51-abaf-4483-bcc0-ab3e40e5c626@group-91F437F43C0E-StateMachineUpdater] INFO  impl.StateMachineUpdater (StateMachineUpdater.java:takeSnapshot(287)) - f70c5b51-abaf-4483-bcc0-ab3e40e5c626@group-91F437F43C0E-StateMachineUpdater: Took a snapshot at index 0
2023-04-10 17:22:30,487 [f70c5b51-abaf-4483-bcc0-ab3e40e5c626@group-91F437F43C0E-StateMachineUpdater] INFO  impl.StateMachineUpdater (StateMachineUpdater.java:lambda$new$0(92)) - f70c5b51-abaf-4483-bcc0-ab3e40e5c626@group-91F437F43C0E-StateMachineUpdater: snapshotIndex: updateIncreasingly -1 -> 0
2023-04-10 17:22:30,488 [cd4ac3e2-47ba-443c-8aa0-40ab251a0f4e@group-F78A666F49B3-FollowerState] INFO  impl.FollowerState (FollowerState.java:run(143)) - cd4ac3e2-47ba-443c-8aa0-40ab251a0f4e@group-F78A666F49B3-FollowerState: change to CANDIDATE, lastRpcElapsedTime:5056709661ns, electionTimeout:5050ms
2023-04-10 17:22:30,489 [cd4ac3e2-47ba-443c-8aa0-40ab251a0f4e@group-F78A666F49B3-FollowerState] INFO  impl.RoleInfo (RoleInfo.java:shutdownFollowerState(110)) - cd4ac3e2-47ba-443c-8aa0-40ab251a0f4e: shutdown cd4ac3e2-47ba-443c-8aa0-40ab251a0f4e@group-F78A666F49B3-FollowerState
2023-04-10 17:22:30,489 [cd4ac3e2-47ba-443c-8aa0-40ab251a0f4e@group-F78A666F49B3-FollowerState] INFO  server.RaftServer$Division (RaftServerImpl.java:setRole(321)) - cd4ac3e2-47ba-443c-8aa0-40ab251a0f4e@group-F78A666F49B3: changes role from  FOLLOWER to CANDIDATE at term 0 for changeToCandidate
2023-04-10 17:22:30,489 [cd4ac3e2-47ba-443c-8aa0-40ab251a0f4e@group-F78A666F49B3-FollowerState] INFO  server.RaftServerConfigKeys (ConfUtils.java:logGet(46)) - raft.server.leaderelection.pre-vote = true (default)
2023-04-10 17:22:30,489 [cd4ac3e2-47ba-443c-8aa0-40ab251a0f4e@group-F78A666F49B3-FollowerState] INFO  impl.RoleInfo (RoleInfo.java:updateAndGet(139)) - cd4ac3e2-47ba-443c-8aa0-40ab251a0f4e: start cd4ac3e2-47ba-443c-8aa0-40ab251a0f4e@group-F78A666F49B3-LeaderElection7
2023-04-10 17:22:30,503 [grpc-default-executor-2] INFO  server.RaftServer$Division (RaftServerImpl.java:requestVote(1218)) - cd4ac3e2-47ba-443c-8aa0-40ab251a0f4e@group-F78A666F49B3: receive requestVote(PRE_VOTE, cfa9660d-3e66-4e37-95dd-c01791520333, group-F78A666F49B3, 0, (t:0, i:0))
2023-04-10 17:22:30,503 [grpc-default-executor-2] INFO  impl.VoteContext (VoteContext.java:log(49)) - cd4ac3e2-47ba-443c-8aa0-40ab251a0f4e@group-F78A666F49B3-CANDIDATE: accept PRE_VOTE from cfa9660d-3e66-4e37-95dd-c01791520333: our priority 0 <= candidate's priority 0
2023-04-10 17:22:30,503 [grpc-default-executor-2] INFO  server.RaftServer$Division (RaftServerImpl.java:requestVote(1251)) - cd4ac3e2-47ba-443c-8aa0-40ab251a0f4e@group-F78A666F49B3 replies to PRE_VOTE vote request: cfa9660d-3e66-4e37-95dd-c01791520333<-cd4ac3e2-47ba-443c-8aa0-40ab251a0f4e#0:OK-t0. Peer's state: cd4ac3e2-47ba-443c-8aa0-40ab251a0f4e@group-F78A666F49B3:t0, leader=null, voted=, raftlog=Memoized:cd4ac3e2-47ba-443c-8aa0-40ab251a0f4e@group-F78A666F49B3-SegmentedRaftLog:OPENED:c-1, conf=-1: peers:[f70c5b51-abaf-4483-bcc0-ab3e40e5c626|rpc:10.1.0.59:36093|dataStream:10.1.0.59:44995|priority:1|startupRole:FOLLOWER, cfa9660d-3e66-4e37-95dd-c01791520333|rpc:10.1.0.59:42355|dataStream:10.1.0.59:45915|priority:0|startupRole:FOLLOWER, cd4ac3e2-47ba-443c-8aa0-40ab251a0f4e|rpc:10.1.0.59:42823|dataStream:10.1.0.59:35537|priority:0|startupRole:FOLLOWER]|listeners:[], old=null
2023-04-10 17:22:30,504 [cd4ac3e2-47ba-443c-8aa0-40ab251a0f4e@group-F78A666F49B3-LeaderElection7] INFO  impl.LeaderElection (LeaderElection.java:askForVotes(312)) - cd4ac3e2-47ba-443c-8aa0-40ab251a0f4e@group-F78A666F49B3-LeaderElection7 PRE_VOTE round 0: submit vote requests at term 0 for -1: peers:[f70c5b51-abaf-4483-bcc0-ab3e40e5c626|rpc:10.1.0.59:36093|dataStream:10.1.0.59:44995|priority:1|startupRole:FOLLOWER, cfa9660d-3e66-4e37-95dd-c01791520333|rpc:10.1.0.59:42355|dataStream:10.1.0.59:45915|priority:0|startupRole:FOLLOWER, cd4ac3e2-47ba-443c-8aa0-40ab251a0f4e|rpc:10.1.0.59:42823|dataStream:10.1.0.59:35537|priority:0|startupRole:FOLLOWER]|listeners:[], old=null
2023-04-10 17:22:30,511 [cd4ac3e2-47ba-443c-8aa0-40ab251a0f4e@group-F78A666F49B3-LeaderElection7] INFO  server.RaftServerConfigKeys (ConfUtils.java:logFallback(53)) - raft.server.rpc.first-election.timeout.min = 5s (fallback to raft.server.rpc.timeout.min)
2023-04-10 17:22:30,511 [cd4ac3e2-47ba-443c-8aa0-40ab251a0f4e@group-F78A666F49B3-LeaderElection7] INFO  server.RaftServerConfigKeys (ConfUtils.java:logFallback(53)) - raft.server.rpc.first-election.timeout.max = 5200ms (fallback to raft.server.rpc.timeout.max)
2023-04-10 17:22:30,525 [grpc-default-executor-2] INFO  server.RaftServer$Division (RaftServerImpl.java:requestVote(1218)) - f70c5b51-abaf-4483-bcc0-ab3e40e5c626@group-F78A666F49B3: receive requestVote(PRE_VOTE, cd4ac3e2-47ba-443c-8aa0-40ab251a0f4e, group-F78A666F49B3, 0, (t:0, i:0))
2023-04-10 17:22:30,525 [grpc-default-executor-3] INFO  server.RaftServer$Division (RaftServerImpl.java:requestVote(1218)) - f70c5b51-abaf-4483-bcc0-ab3e40e5c626@group-F78A666F49B3: receive requestVote(PRE_VOTE, cfa9660d-3e66-4e37-95dd-c01791520333, group-F78A666F49B3, 0, (t:0, i:0))
2023-04-10 17:22:30,525 [grpc-default-executor-2] INFO  impl.VoteContext (VoteContext.java:log(49)) - f70c5b51-abaf-4483-bcc0-ab3e40e5c626@group-F78A666F49B3-FOLLOWER: reject PRE_VOTE from cd4ac3e2-47ba-443c-8aa0-40ab251a0f4e: our priority 1 > candidate's priority 0
2023-04-10 17:22:30,525 [grpc-default-executor-1] INFO  server.RaftServer$Division (RaftServerImpl.java:requestVote(1218)) - cfa9660d-3e66-4e37-95dd-c01791520333@group-F78A666F49B3: receive requestVote(PRE_VOTE, cd4ac3e2-47ba-443c-8aa0-40ab251a0f4e, group-F78A666F49B3, 0, (t:0, i:0))
2023-04-10 17:22:30,525 [grpc-default-executor-2] INFO  server.RaftServer$Division (RaftServerImpl.java:requestVote(1251)) - f70c5b51-abaf-4483-bcc0-ab3e40e5c626@group-F78A666F49B3 replies to PRE_VOTE vote request: cd4ac3e2-47ba-443c-8aa0-40ab251a0f4e<-f70c5b51-abaf-4483-bcc0-ab3e40e5c626#0:FAIL-t0. Peer's state: f70c5b51-abaf-4483-bcc0-ab3e40e5c626@group-F78A666F49B3:t0, leader=null, voted=, raftlog=Memoized:f70c5b51-abaf-4483-bcc0-ab3e40e5c626@group-F78A666F49B3-SegmentedRaftLog:OPENED:c-1, conf=-1: peers:[f70c5b51-abaf-4483-bcc0-ab3e40e5c626|rpc:10.1.0.59:36093|dataStream:10.1.0.59:44995|priority:1|startupRole:FOLLOWER, cfa9660d-3e66-4e37-95dd-c01791520333|rpc:10.1.0.59:42355|dataStream:10.1.0.59:45915|priority:0|startupRole:FOLLOWER, cd4ac3e2-47ba-443c-8aa0-40ab251a0f4e|rpc:10.1.0.59:42823|dataStream:10.1.0.59:35537|priority:0|startupRole:FOLLOWER]|listeners:[], old=null
2023-04-10 17:22:30,525 [grpc-default-executor-1] INFO  impl.VoteContext (VoteContext.java:log(49)) - cfa9660d-3e66-4e37-95dd-c01791520333@group-F78A666F49B3-CANDIDATE: accept PRE_VOTE from cd4ac3e2-47ba-443c-8aa0-40ab251a0f4e: our priority 0 <= candidate's priority 0
2023-04-10 17:22:30,525 [grpc-default-executor-1] INFO  server.RaftServer$Division (RaftServerImpl.java:requestVote(1251)) - cfa9660d-3e66-4e37-95dd-c01791520333@group-F78A666F49B3 replies to PRE_VOTE vote request: cd4ac3e2-47ba-443c-8aa0-40ab251a0f4e<-cfa9660d-3e66-4e37-95dd-c01791520333#0:OK-t0. Peer's state: cfa9660d-3e66-4e37-95dd-c01791520333@group-F78A666F49B3:t0, leader=null, voted=, raftlog=Memoized:cfa9660d-3e66-4e37-95dd-c01791520333@group-F78A666F49B3-SegmentedRaftLog:OPENED:c-1, conf=-1: peers:[f70c5b51-abaf-4483-bcc0-ab3e40e5c626|rpc:10.1.0.59:36093|dataStream:10.1.0.59:44995|priority:1|startupRole:FOLLOWER, cfa9660d-3e66-4e37-95dd-c01791520333|rpc:10.1.0.59:42355|dataStream:10.1.0.59:45915|priority:0|startupRole:FOLLOWER, cd4ac3e2-47ba-443c-8aa0-40ab251a0f4e|rpc:10.1.0.59:42823|dataStream:10.1.0.59:35537|priority:0|startupRole:FOLLOWER]|listeners:[], old=null
2023-04-10 17:22:30,527 [grpc-default-executor-3] INFO  impl.VoteContext (VoteContext.java:log(49)) - f70c5b51-abaf-4483-bcc0-ab3e40e5c626@group-F78A666F49B3-FOLLOWER: reject PRE_VOTE from cfa9660d-3e66-4e37-95dd-c01791520333: our priority 1 > candidate's priority 0
2023-04-10 17:22:30,527 [grpc-default-executor-3] INFO  server.RaftServer$Division (RaftServerImpl.java:requestVote(1251)) - f70c5b51-abaf-4483-bcc0-ab3e40e5c626@group-F78A666F49B3 replies to PRE_VOTE vote request: cfa9660d-3e66-4e37-95dd-c01791520333<-f70c5b51-abaf-4483-bcc0-ab3e40e5c626#0:FAIL-t0. Peer's state: f70c5b51-abaf-4483-bcc0-ab3e40e5c626@group-F78A666F49B3:t0, leader=null, voted=, raftlog=Memoized:f70c5b51-abaf-4483-bcc0-ab3e40e5c626@group-F78A666F49B3-SegmentedRaftLog:OPENED:c-1, conf=-1: peers:[f70c5b51-abaf-4483-bcc0-ab3e40e5c626|rpc:10.1.0.59:36093|dataStream:10.1.0.59:44995|priority:1|startupRole:FOLLOWER, cfa9660d-3e66-4e37-95dd-c01791520333|rpc:10.1.0.59:42355|dataStream:10.1.0.59:45915|priority:0|startupRole:FOLLOWER, cd4ac3e2-47ba-443c-8aa0-40ab251a0f4e|rpc:10.1.0.59:42823|dataStream:10.1.0.59:35537|priority:0|startupRole:FOLLOWER]|listeners:[], old=null
2023-04-10 17:22:30,529 [cd4ac3e2-47ba-443c-8aa0-40ab251a0f4e@group-F78A666F49B3-LeaderElection7] INFO  impl.LeaderElection (LeaderElection.java:logAndReturn(90)) - cd4ac3e2-47ba-443c-8aa0-40ab251a0f4e@group-F78A666F49B3-LeaderElection7: PRE_VOTE REJECTED received 1 response(s) and 0 exception(s):
2023-04-10 17:22:30,529 [cd4ac3e2-47ba-443c-8aa0-40ab251a0f4e@group-F78A666F49B3-LeaderElection7] INFO  impl.LeaderElection (LeaderElection.java:logAndReturn(94)) -   Response 0: cd4ac3e2-47ba-443c-8aa0-40ab251a0f4e<-f70c5b51-abaf-4483-bcc0-ab3e40e5c626#0:FAIL-t0
2023-04-10 17:22:30,529 [cd4ac3e2-47ba-443c-8aa0-40ab251a0f4e@group-F78A666F49B3-LeaderElection7] INFO  impl.LeaderElection (LeaderElection.java:askForVotes(314)) - cd4ac3e2-47ba-443c-8aa0-40ab251a0f4e@group-F78A666F49B3-LeaderElection7 PRE_VOTE round 0: result REJECTED
2023-04-10 17:22:30,529 [cd4ac3e2-47ba-443c-8aa0-40ab251a0f4e@group-F78A666F49B3-LeaderElection7] INFO  server.RaftServer$Division (RaftServerImpl.java:setRole(321)) - cd4ac3e2-47ba-443c-8aa0-40ab251a0f4e@group-F78A666F49B3: changes role from CANDIDATE to FOLLOWER at term 0 for REJECTED
2023-04-10 17:22:30,529 [cd4ac3e2-47ba-443c-8aa0-40ab251a0f4e@group-F78A666F49B3-LeaderElection7] INFO  impl.RoleInfo (RoleInfo.java:shutdownLeaderElection(130)) - cd4ac3e2-47ba-443c-8aa0-40ab251a0f4e: shutdown cd4ac3e2-47ba-443c-8aa0-40ab251a0f4e@group-F78A666F49B3-LeaderElection7
2023-04-10 17:22:30,529 [cd4ac3e2-47ba-443c-8aa0-40ab251a0f4e@group-F78A666F49B3-LeaderElection7] INFO  impl.RoleInfo (RoleInfo.java:updateAndGet(139)) - cd4ac3e2-47ba-443c-8aa0-40ab251a0f4e: start cd4ac3e2-47ba-443c-8aa0-40ab251a0f4e@group-F78A666F49B3-FollowerState
2023-04-10 17:22:30,537 [cd4ac3e2-47ba-443c-8aa0-40ab251a0f4e@group-F78A666F49B3-FollowerState] INFO  server.RaftServerConfigKeys (ConfUtils.java:logFallback(53)) - raft.server.rpc.first-election.timeout.min = 5s (fallback to raft.server.rpc.timeout.min)
2023-04-10 17:22:30,537 [cd4ac3e2-47ba-443c-8aa0-40ab251a0f4e@group-F78A666F49B3-FollowerState] INFO  server.RaftServerConfigKeys (ConfUtils.java:logFallback(53)) - raft.server.rpc.first-election.timeout.max = 5200ms (fallback to raft.server.rpc.timeout.max)
2023-04-10 17:22:30,538 [cfa9660d-3e66-4e37-95dd-c01791520333@group-F78A666F49B3-LeaderElection6] INFO  impl.LeaderElection (LeaderElection.java:logAndReturn(90)) - cfa9660d-3e66-4e37-95dd-c01791520333@group-F78A666F49B3-LeaderElection6: PRE_VOTE REJECTED received 2 response(s) and 0 exception(s):
2023-04-10 17:22:30,538 [cfa9660d-3e66-4e37-95dd-c01791520333@group-F78A666F49B3-LeaderElection6] INFO  impl.LeaderElection (LeaderElection.java:logAndReturn(94)) -   Response 0: cfa9660d-3e66-4e37-95dd-c01791520333<-f70c5b51-abaf-4483-bcc0-ab3e40e5c626#0:FAIL-t0
2023-04-10 17:22:30,538 [cfa9660d-3e66-4e37-95dd-c01791520333@group-F78A666F49B3-LeaderElection6] INFO  impl.LeaderElection (LeaderElection.java:logAndReturn(94)) -   Response 1: cfa9660d-3e66-4e37-95dd-c01791520333<-cd4ac3e2-47ba-443c-8aa0-40ab251a0f4e#0:OK-t0
2023-04-10 17:22:30,538 [cfa9660d-3e66-4e37-95dd-c01791520333@group-F78A666F49B3-LeaderElection6] INFO  impl.LeaderElection (LeaderElection.java:askForVotes(314)) - cfa9660d-3e66-4e37-95dd-c01791520333@group-F78A666F49B3-LeaderElection6 PRE_VOTE round 0: result REJECTED
2023-04-10 17:22:30,538 [cfa9660d-3e66-4e37-95dd-c01791520333@group-F78A666F49B3-LeaderElection6] INFO  server.RaftServer$Division (RaftServerImpl.java:setRole(321)) - cfa9660d-3e66-4e37-95dd-c01791520333@group-F78A666F49B3: changes role from CANDIDATE to FOLLOWER at term 0 for REJECTED
2023-04-10 17:22:30,538 [cfa9660d-3e66-4e37-95dd-c01791520333@group-F78A666F49B3-LeaderElection6] INFO  impl.RoleInfo (RoleInfo.java:shutdownLeaderElection(130)) - cfa9660d-3e66-4e37-95dd-c01791520333: shutdown cfa9660d-3e66-4e37-95dd-c01791520333@group-F78A666F49B3-LeaderElection6
2023-04-10 17:22:30,538 [cfa9660d-3e66-4e37-95dd-c01791520333@group-F78A666F49B3-LeaderElection6] INFO  impl.RoleInfo (RoleInfo.java:updateAndGet(139)) - cfa9660d-3e66-4e37-95dd-c01791520333: start cfa9660d-3e66-4e37-95dd-c01791520333@group-F78A666F49B3-FollowerState
2023-04-10 17:22:30,545 [cfa9660d-3e66-4e37-95dd-c01791520333@group-F78A666F49B3-FollowerState] INFO  server.RaftServerConfigKeys (ConfUtils.java:logFallback(53)) - raft.server.rpc.first-election.timeout.min = 5s (fallback to raft.server.rpc.timeout.min)
2023-04-10 17:22:30,545 [cfa9660d-3e66-4e37-95dd-c01791520333@group-F78A666F49B3-FollowerState] INFO  server.RaftServerConfigKeys (ConfUtils.java:logFallback(53)) - raft.server.rpc.first-election.timeout.max = 5200ms (fallback to raft.server.rpc.timeout.max)
2023-04-10 17:22:30,561 [Listener at 127.0.0.1/35635] INFO  ozone.MiniOzoneClusterImpl (MiniOzoneClusterImpl.java:lambda$waitForClusterToBeReady$0(222)) - Nodes are ready. Got 10 of 10 DN Heartbeats.
2023-04-10 17:22:30,561 [Listener at 127.0.0.1/35635] INFO  ozone.MiniOzoneClusterImpl (MiniOzoneClusterImpl.java:lambda$waitForClusterToBeReady$0(225)) - Cluster exits safe mode
2023-04-10 17:22:30,561 [Listener at 127.0.0.1/35635] INFO  ozone.MiniOzoneClusterImpl (MiniOzoneClusterImpl.java:lambda$waitForClusterToBeReady$0(227)) - SCM became leader
2023-04-10 17:22:30,562 [f70c5b51-abaf-4483-bcc0-ab3e40e5c626@group-F78A666F49B3-FollowerState] INFO  impl.FollowerState (FollowerState.java:run(143)) - f70c5b51-abaf-4483-bcc0-ab3e40e5c626@group-F78A666F49B3-FollowerState: change to CANDIDATE, lastRpcElapsedTime:5112215608ns, electionTimeout:5087ms
2023-04-10 17:22:30,562 [f70c5b51-abaf-4483-bcc0-ab3e40e5c626@group-F78A666F49B3-FollowerState] INFO  impl.RoleInfo (RoleInfo.java:shutdownFollowerState(110)) - f70c5b51-abaf-4483-bcc0-ab3e40e5c626: shutdown f70c5b51-abaf-4483-bcc0-ab3e40e5c626@group-F78A666F49B3-FollowerState
2023-04-10 17:22:30,562 [f70c5b51-abaf-4483-bcc0-ab3e40e5c626@group-F78A666F49B3-FollowerState] INFO  server.RaftServer$Division (RaftServerImpl.java:setRole(321)) - f70c5b51-abaf-4483-bcc0-ab3e40e5c626@group-F78A666F49B3: changes role from  FOLLOWER to CANDIDATE at term 0 for changeToCandidate
2023-04-10 17:22:30,562 [f70c5b51-abaf-4483-bcc0-ab3e40e5c626@group-F78A666F49B3-FollowerState] INFO  server.RaftServerConfigKeys (ConfUtils.java:logGet(46)) - raft.server.leaderelection.pre-vote = true (default)
2023-04-10 17:22:30,562 [f70c5b51-abaf-4483-bcc0-ab3e40e5c626@group-F78A666F49B3-FollowerState] INFO  impl.RoleInfo (RoleInfo.java:updateAndGet(139)) - f70c5b51-abaf-4483-bcc0-ab3e40e5c626: start f70c5b51-abaf-4483-bcc0-ab3e40e5c626@group-F78A666F49B3-LeaderElection8
2023-04-10 17:22:30,571 [f70c5b51-abaf-4483-bcc0-ab3e40e5c626@group-F78A666F49B3-LeaderElection8] INFO  impl.LeaderElection (LeaderElection.java:askForVotes(312)) - f70c5b51-abaf-4483-bcc0-ab3e40e5c626@group-F78A666F49B3-LeaderElection8 PRE_VOTE round 0: submit vote requests at term 0 for -1: peers:[f70c5b51-abaf-4483-bcc0-ab3e40e5c626|rpc:10.1.0.59:36093|dataStream:10.1.0.59:44995|priority:1|startupRole:FOLLOWER, cfa9660d-3e66-4e37-95dd-c01791520333|rpc:10.1.0.59:42355|dataStream:10.1.0.59:45915|priority:0|startupRole:FOLLOWER, cd4ac3e2-47ba-443c-8aa0-40ab251a0f4e|rpc:10.1.0.59:42823|dataStream:10.1.0.59:35537|priority:0|startupRole:FOLLOWER]|listeners:[], old=null
2023-04-10 17:22:30,573 [f70c5b51-abaf-4483-bcc0-ab3e40e5c626@group-F78A666F49B3-LeaderElection8-1] INFO  server.GrpcServerProtocolClient (GrpcServerProtocolClient.java:<init>(63)) - Build channel for cfa9660d-3e66-4e37-95dd-c01791520333
2023-04-10 17:22:30,580 [f70c5b51-abaf-4483-bcc0-ab3e40e5c626@group-F78A666F49B3-LeaderElection8] INFO  server.RaftServerConfigKeys (ConfUtils.java:logFallback(53)) - raft.server.rpc.first-election.timeout.min = 5s (fallback to raft.server.rpc.timeout.min)
2023-04-10 17:22:30,580 [f70c5b51-abaf-4483-bcc0-ab3e40e5c626@group-F78A666F49B3-LeaderElection8] INFO  server.RaftServerConfigKeys (ConfUtils.java:logFallback(53)) - raft.server.rpc.first-election.timeout.max = 5200ms (fallback to raft.server.rpc.timeout.max)
2023-04-10 17:22:30,581 [f70c5b51-abaf-4483-bcc0-ab3e40e5c626@group-F78A666F49B3-LeaderElection8-2] INFO  server.GrpcServerProtocolClient (GrpcServerProtocolClient.java:<init>(63)) - Build channel for cd4ac3e2-47ba-443c-8aa0-40ab251a0f4e
2023-04-10 17:22:30,585 [grpc-default-executor-1] INFO  server.RaftServer$Division (RaftServerImpl.java:requestVote(1218)) - cfa9660d-3e66-4e37-95dd-c01791520333@group-F78A666F49B3: receive requestVote(PRE_VOTE, f70c5b51-abaf-4483-bcc0-ab3e40e5c626, group-F78A666F49B3, 0, (t:0, i:0))
2023-04-10 17:22:30,585 [grpc-default-executor-1] INFO  impl.VoteContext (VoteContext.java:log(49)) - cfa9660d-3e66-4e37-95dd-c01791520333@group-F78A666F49B3-FOLLOWER: accept PRE_VOTE from f70c5b51-abaf-4483-bcc0-ab3e40e5c626: our priority 0 <= candidate's priority 1
2023-04-10 17:22:30,585 [grpc-default-executor-1] INFO  server.RaftServer$Division (RaftServerImpl.java:requestVote(1251)) - cfa9660d-3e66-4e37-95dd-c01791520333@group-F78A666F49B3 replies to PRE_VOTE vote request: f70c5b51-abaf-4483-bcc0-ab3e40e5c626<-cfa9660d-3e66-4e37-95dd-c01791520333#0:OK-t0. Peer's state: cfa9660d-3e66-4e37-95dd-c01791520333@group-F78A666F49B3:t0, leader=null, voted=, raftlog=Memoized:cfa9660d-3e66-4e37-95dd-c01791520333@group-F78A666F49B3-SegmentedRaftLog:OPENED:c-1, conf=-1: peers:[f70c5b51-abaf-4483-bcc0-ab3e40e5c626|rpc:10.1.0.59:36093|dataStream:10.1.0.59:44995|priority:1|startupRole:FOLLOWER, cfa9660d-3e66-4e37-95dd-c01791520333|rpc:10.1.0.59:42355|dataStream:10.1.0.59:45915|priority:0|startupRole:FOLLOWER, cd4ac3e2-47ba-443c-8aa0-40ab251a0f4e|rpc:10.1.0.59:42823|dataStream:10.1.0.59:35537|priority:0|startupRole:FOLLOWER]|listeners:[], old=null
2023-04-10 17:22:30,590 [f70c5b51-abaf-4483-bcc0-ab3e40e5c626@group-F78A666F49B3-LeaderElection8] INFO  impl.LeaderElection (LeaderElection.java:logAndReturn(90)) - f70c5b51-abaf-4483-bcc0-ab3e40e5c626@group-F78A666F49B3-LeaderElection8: PRE_VOTE PASSED received 1 response(s) and 0 exception(s):
2023-04-10 17:22:30,590 [f70c5b51-abaf-4483-bcc0-ab3e40e5c626@group-F78A666F49B3-LeaderElection8] INFO  impl.LeaderElection (LeaderElection.java:logAndReturn(94)) -   Response 0: f70c5b51-abaf-4483-bcc0-ab3e40e5c626<-cfa9660d-3e66-4e37-95dd-c01791520333#0:OK-t0
2023-04-10 17:22:30,590 [f70c5b51-abaf-4483-bcc0-ab3e40e5c626@group-F78A666F49B3-LeaderElection8] INFO  impl.LeaderElection (LeaderElection.java:askForVotes(314)) - f70c5b51-abaf-4483-bcc0-ab3e40e5c626@group-F78A666F49B3-LeaderElection8 PRE_VOTE round 0: result PASSED
2023-04-10 17:22:30,592 [f70c5b51-abaf-4483-bcc0-ab3e40e5c626@group-F78A666F49B3-LeaderElection8] INFO  impl.LeaderElection (LeaderElection.java:askForVotes(312)) - f70c5b51-abaf-4483-bcc0-ab3e40e5c626@group-F78A666F49B3-LeaderElection8 ELECTION round 0: submit vote requests at term 1 for -1: peers:[f70c5b51-abaf-4483-bcc0-ab3e40e5c626|rpc:10.1.0.59:36093|dataStream:10.1.0.59:44995|priority:1|startupRole:FOLLOWER, cfa9660d-3e66-4e37-95dd-c01791520333|rpc:10.1.0.59:42355|dataStream:10.1.0.59:45915|priority:0|startupRole:FOLLOWER, cd4ac3e2-47ba-443c-8aa0-40ab251a0f4e|rpc:10.1.0.59:42823|dataStream:10.1.0.59:35537|priority:0|startupRole:FOLLOWER]|listeners:[], old=null
2023-04-10 17:22:30,595 [f70c5b51-abaf-4483-bcc0-ab3e40e5c626@group-F78A666F49B3-LeaderElection8] INFO  server.RaftServerConfigKeys (ConfUtils.java:logFallback(53)) - raft.server.rpc.first-election.timeout.min = 5s (fallback to raft.server.rpc.timeout.min)
2023-04-10 17:22:30,595 [f70c5b51-abaf-4483-bcc0-ab3e40e5c626@group-F78A666F49B3-LeaderElection8] INFO  server.RaftServerConfigKeys (ConfUtils.java:logFallback(53)) - raft.server.rpc.first-election.timeout.max = 5200ms (fallback to raft.server.rpc.timeout.max)
2023-04-10 17:22:30,600 [grpc-default-executor-3] INFO  server.RaftServer$Division (RaftServerImpl.java:requestVote(1218)) - cfa9660d-3e66-4e37-95dd-c01791520333@group-F78A666F49B3: receive requestVote(ELECTION, f70c5b51-abaf-4483-bcc0-ab3e40e5c626, group-F78A666F49B3, 1, (t:0, i:0))
2023-04-10 17:22:30,600 [grpc-default-executor-3] INFO  impl.VoteContext (VoteContext.java:log(49)) - cfa9660d-3e66-4e37-95dd-c01791520333@group-F78A666F49B3-FOLLOWER: accept ELECTION from f70c5b51-abaf-4483-bcc0-ab3e40e5c626: our priority 0 <= candidate's priority 1
2023-04-10 17:22:30,600 [grpc-default-executor-3] INFO  server.RaftServer$Division (RaftServerImpl.java:setRole(321)) - cfa9660d-3e66-4e37-95dd-c01791520333@group-F78A666F49B3: changes role from  FOLLOWER to FOLLOWER at term 1 for candidate:f70c5b51-abaf-4483-bcc0-ab3e40e5c626
2023-04-10 17:22:30,600 [grpc-default-executor-3] INFO  impl.RoleInfo (RoleInfo.java:shutdownFollowerState(110)) - cfa9660d-3e66-4e37-95dd-c01791520333: shutdown cfa9660d-3e66-4e37-95dd-c01791520333@group-F78A666F49B3-FollowerState
2023-04-10 17:22:30,600 [grpc-default-executor-3] INFO  impl.RoleInfo (RoleInfo.java:updateAndGet(139)) - cfa9660d-3e66-4e37-95dd-c01791520333: start cfa9660d-3e66-4e37-95dd-c01791520333@group-F78A666F49B3-FollowerState
2023-04-10 17:22:30,600 [cfa9660d-3e66-4e37-95dd-c01791520333@group-F78A666F49B3-FollowerState] INFO  impl.FollowerState (FollowerState.java:run(152)) - cfa9660d-3e66-4e37-95dd-c01791520333@group-F78A666F49B3-FollowerState was interrupted
2023-04-10 17:22:30,600 [cfa9660d-3e66-4e37-95dd-c01791520333@group-F78A666F49B3-FollowerState] INFO  server.RaftServerConfigKeys (ConfUtils.java:logFallback(53)) - raft.server.rpc.first-election.timeout.min = 5s (fallback to raft.server.rpc.timeout.min)
2023-04-10 17:22:30,601 [cfa9660d-3e66-4e37-95dd-c01791520333@group-F78A666F49B3-FollowerState] INFO  server.RaftServerConfigKeys (ConfUtils.java:logFallback(53)) - raft.server.rpc.first-election.timeout.max = 5200ms (fallback to raft.server.rpc.timeout.max)
2023-04-10 17:22:30,602 [grpc-default-executor-3] INFO  server.RaftServer$Division (RaftServerImpl.java:requestVote(1251)) - cfa9660d-3e66-4e37-95dd-c01791520333@group-F78A666F49B3 replies to ELECTION vote request: f70c5b51-abaf-4483-bcc0-ab3e40e5c626<-cfa9660d-3e66-4e37-95dd-c01791520333#0:OK-t1. Peer's state: cfa9660d-3e66-4e37-95dd-c01791520333@group-F78A666F49B3:t1, leader=null, voted=f70c5b51-abaf-4483-bcc0-ab3e40e5c626, raftlog=Memoized:cfa9660d-3e66-4e37-95dd-c01791520333@group-F78A666F49B3-SegmentedRaftLog:OPENED:c-1, conf=-1: peers:[f70c5b51-abaf-4483-bcc0-ab3e40e5c626|rpc:10.1.0.59:36093|dataStream:10.1.0.59:44995|priority:1|startupRole:FOLLOWER, cfa9660d-3e66-4e37-95dd-c01791520333|rpc:10.1.0.59:42355|dataStream:10.1.0.59:45915|priority:0|startupRole:FOLLOWER, cd4ac3e2-47ba-443c-8aa0-40ab251a0f4e|rpc:10.1.0.59:42823|dataStream:10.1.0.59:35537|priority:0|startupRole:FOLLOWER]|listeners:[], old=null
2023-04-10 17:22:30,605 [f70c5b51-abaf-4483-bcc0-ab3e40e5c626@group-F78A666F49B3-LeaderElection8] INFO  impl.LeaderElection (LeaderElection.java:logAndReturn(90)) - f70c5b51-abaf-4483-bcc0-ab3e40e5c626@group-F78A666F49B3-LeaderElection8: ELECTION PASSED received 1 response(s) and 0 exception(s):
2023-04-10 17:22:30,605 [f70c5b51-abaf-4483-bcc0-ab3e40e5c626@group-F78A666F49B3-LeaderElection8] INFO  impl.LeaderElection (LeaderElection.java:logAndReturn(94)) -   Response 0: f70c5b51-abaf-4483-bcc0-ab3e40e5c626<-cfa9660d-3e66-4e37-95dd-c01791520333#0:OK-t1
2023-04-10 17:22:30,605 [f70c5b51-abaf-4483-bcc0-ab3e40e5c626@group-F78A666F49B3-LeaderElection8] INFO  impl.LeaderElection (LeaderElection.java:askForVotes(314)) - f70c5b51-abaf-4483-bcc0-ab3e40e5c626@group-F78A666F49B3-LeaderElection8 ELECTION round 0: result PASSED
2023-04-10 17:22:30,605 [f70c5b51-abaf-4483-bcc0-ab3e40e5c626@group-F78A666F49B3-LeaderElection8] INFO  impl.RoleInfo (RoleInfo.java:shutdownLeaderElection(130)) - f70c5b51-abaf-4483-bcc0-ab3e40e5c626: shutdown f70c5b51-abaf-4483-bcc0-ab3e40e5c626@group-F78A666F49B3-LeaderElection8
2023-04-10 17:22:30,605 [f70c5b51-abaf-4483-bcc0-ab3e40e5c626@group-F78A666F49B3-LeaderElection8] INFO  server.RaftServer$Division (RaftServerImpl.java:setRole(321)) - f70c5b51-abaf-4483-bcc0-ab3e40e5c626@group-F78A666F49B3: changes role from CANDIDATE to LEADER at term 1 for changeToLeader
2023-04-10 17:22:30,606 [f70c5b51-abaf-4483-bcc0-ab3e40e5c626@group-F78A666F49B3-LeaderElection8] INFO  ratis.XceiverServerRatis (XceiverServerRatis.java:handleLeaderChangedNotification(904)) - Leader change notification received for group: group-F78A666F49B3 with new leaderId: f70c5b51-abaf-4483-bcc0-ab3e40e5c626
2023-04-10 17:22:30,606 [f70c5b51-abaf-4483-bcc0-ab3e40e5c626@group-F78A666F49B3-LeaderElection8] INFO  server.RaftServer$Division (ServerState.java:setLeader(313)) - f70c5b51-abaf-4483-bcc0-ab3e40e5c626@group-F78A666F49B3: change Leader from null to f70c5b51-abaf-4483-bcc0-ab3e40e5c626 at term 1 for becomeLeader, leader elected after 5237ms
2023-04-10 17:22:30,606 [f70c5b51-abaf-4483-bcc0-ab3e40e5c626@group-F78A666F49B3-LeaderElection8] INFO  server.RaftServerConfigKeys (ConfUtils.java:logGet(46)) - raft.server.staging.catchup.gap = 1000 (default)
2023-04-10 17:22:30,606 [f70c5b51-abaf-4483-bcc0-ab3e40e5c626@group-F78A666F49B3-LeaderElection8] INFO  server.RaftServerConfigKeys (ConfUtils.java:logGet(46)) - raft.server.write.element-limit = 1024 (custom)
2023-04-10 17:22:30,606 [f70c5b51-abaf-4483-bcc0-ab3e40e5c626@group-F78A666F49B3-LeaderElection8] INFO  server.RaftServerConfigKeys (ConfUtils.java:logGet(46)) - raft.server.write.byte-limit = 1024 M (=1073741824) (custom)
2023-04-10 17:22:30,606 [f70c5b51-abaf-4483-bcc0-ab3e40e5c626@group-F78A666F49B3-LeaderElection8] INFO  server.RaftServerConfigKeys (ConfUtils.java:logGet(46)) - raft.server.watch.timeout = 10000ms (default)
2023-04-10 17:22:30,608 [EventQueue-PipelineReportForPipelineReportHandler] INFO  pipeline.PipelineManagerImpl (PipelineManagerImpl.java:openPipeline(367)) - Pipeline Pipeline[ Id: c81c0de1-3fb0-41e5-abc2-f78a666f49b3, Nodes: f70c5b51-abaf-4483-bcc0-ab3e40e5c626(fv-az201-37/10.1.0.59)cfa9660d-3e66-4e37-95dd-c01791520333(fv-az201-37/10.1.0.59)cd4ac3e2-47ba-443c-8aa0-40ab251a0f4e(fv-az201-37/10.1.0.59), ReplicationConfig: RATIS/THREE, State:ALLOCATED, leaderId:f70c5b51-abaf-4483-bcc0-ab3e40e5c626, CreationTimestamp2023-04-10T17:22:22.326Z[Etc/UTC]] moved to OPEN state
2023-04-10 17:22:30,609 [f70c5b51-abaf-4483-bcc0-ab3e40e5c626@group-F78A666F49B3-LeaderElection8] INFO  server.RaftServerConfigKeys (ConfUtils.java:logGet(46)) - raft.server.watch.timeout.denomination = 1s (default)
2023-04-10 17:22:30,609 [f70c5b51-abaf-4483-bcc0-ab3e40e5c626@group-F78A666F49B3-LeaderElection8] INFO  server.RaftServerConfigKeys (ConfUtils.java:logGet(46)) - raft.server.watch.element-limit = 65536 (default)
2023-04-10 17:22:30,609 [f70c5b51-abaf-4483-bcc0-ab3e40e5c626@group-F78A666F49B3-LeaderElection8] INFO  server.RaftServerConfigKeys (ConfUtils.java:logGet(46)) - raft.server.write.element-limit = 1024 (custom)
2023-04-10 17:22:30,609 [f70c5b51-abaf-4483-bcc0-ab3e40e5c626@group-F78A666F49B3-LeaderElection8] INFO  server.RaftServerConfigKeys (ConfUtils.java:logGet(46)) - raft.server.write.follower.gap.ratio.max = -1.0 (default)
2023-04-10 17:22:30,610 [f70c5b51-abaf-4483-bcc0-ab3e40e5c626@group-F78A666F49B3-LeaderElection8] INFO  server.RaftServerConfigKeys (ConfUtils.java:logGet(46)) - raft.server.log.appender.snapshot.chunk.size.max = 16MB (=16777216) (default)
2023-04-10 17:22:30,611 [f70c5b51-abaf-4483-bcc0-ab3e40e5c626@group-F78A666F49B3-LeaderElection8] INFO  server.RaftServerConfigKeys (ConfUtils.java:logGet(46)) - raft.server.log.appender.buffer.byte-limit = 33554432 (custom)
2023-04-10 17:22:30,611 [f70c5b51-abaf-4483-bcc0-ab3e40e5c626@group-F78A666F49B3-LeaderElection8] INFO  server.RaftServerConfigKeys (ConfUtils.java:logGet(46)) - raft.server.log.appender.buffer.element-limit = 1 (custom)
2023-04-10 17:22:30,622 [grpc-default-executor-1] INFO  server.RaftServer$Division (RaftServerImpl.java:requestVote(1218)) - cd4ac3e2-47ba-443c-8aa0-40ab251a0f4e@group-F78A666F49B3: receive requestVote(PRE_VOTE, f70c5b51-abaf-4483-bcc0-ab3e40e5c626, group-F78A666F49B3, 0, (t:0, i:0))
2023-04-10 17:22:30,622 [grpc-default-executor-1] INFO  impl.VoteContext (VoteContext.java:log(49)) - cd4ac3e2-47ba-443c-8aa0-40ab251a0f4e@group-F78A666F49B3-FOLLOWER: accept PRE_VOTE from f70c5b51-abaf-4483-bcc0-ab3e40e5c626: our priority 0 <= candidate's priority 1
2023-04-10 17:22:30,623 [grpc-default-executor-1] INFO  server.RaftServer$Division (RaftServerImpl.java:requestVote(1251)) - cd4ac3e2-47ba-443c-8aa0-40ab251a0f4e@group-F78A666F49B3 replies to PRE_VOTE vote request: f70c5b51-abaf-4483-bcc0-ab3e40e5c626<-cd4ac3e2-47ba-443c-8aa0-40ab251a0f4e#0:OK-t0. Peer's state: cd4ac3e2-47ba-443c-8aa0-40ab251a0f4e@group-F78A666F49B3:t0, leader=null, voted=, raftlog=Memoized:cd4ac3e2-47ba-443c-8aa0-40ab251a0f4e@group-F78A666F49B3-SegmentedRaftLog:OPENED:c-1, conf=-1: peers:[f70c5b51-abaf-4483-bcc0-ab3e40e5c626|rpc:10.1.0.59:36093|dataStream:10.1.0.59:44995|priority:1|startupRole:FOLLOWER, cfa9660d-3e66-4e37-95dd-c01791520333|rpc:10.1.0.59:42355|dataStream:10.1.0.59:45915|priority:0|startupRole:FOLLOWER, cd4ac3e2-47ba-443c-8aa0-40ab251a0f4e|rpc:10.1.0.59:42823|dataStream:10.1.0.59:35537|priority:0|startupRole:FOLLOWER]|listeners:[], old=null
2023-04-10 17:22:30,623 [grpc-default-executor-2] INFO  server.RaftServer$Division (RaftServerImpl.java:requestVote(1218)) - cd4ac3e2-47ba-443c-8aa0-40ab251a0f4e@group-F78A666F49B3: receive requestVote(ELECTION, f70c5b51-abaf-4483-bcc0-ab3e40e5c626, group-F78A666F49B3, 1, (t:0, i:0))
2023-04-10 17:22:30,623 [grpc-default-executor-2] INFO  impl.VoteContext (VoteContext.java:log(49)) - cd4ac3e2-47ba-443c-8aa0-40ab251a0f4e@group-F78A666F49B3-FOLLOWER: accept ELECTION from f70c5b51-abaf-4483-bcc0-ab3e40e5c626: our priority 0 <= candidate's priority 1
2023-04-10 17:22:30,623 [grpc-default-executor-2] INFO  server.RaftServer$Division (RaftServerImpl.java:setRole(321)) - cd4ac3e2-47ba-443c-8aa0-40ab251a0f4e@group-F78A666F49B3: changes role from  FOLLOWER to FOLLOWER at term 1 for candidate:f70c5b51-abaf-4483-bcc0-ab3e40e5c626
2023-04-10 17:22:30,623 [grpc-default-executor-2] INFO  impl.RoleInfo (RoleInfo.java:shutdownFollowerState(110)) - cd4ac3e2-47ba-443c-8aa0-40ab251a0f4e: shutdown cd4ac3e2-47ba-443c-8aa0-40ab251a0f4e@group-F78A666F49B3-FollowerState
2023-04-10 17:22:30,623 [grpc-default-executor-2] INFO  impl.RoleInfo (RoleInfo.java:updateAndGet(139)) - cd4ac3e2-47ba-443c-8aa0-40ab251a0f4e: start cd4ac3e2-47ba-443c-8aa0-40ab251a0f4e@group-F78A666F49B3-FollowerState
2023-04-10 17:22:30,623 [cd4ac3e2-47ba-443c-8aa0-40ab251a0f4e@group-F78A666F49B3-FollowerState] INFO  impl.FollowerState (FollowerState.java:run(152)) - cd4ac3e2-47ba-443c-8aa0-40ab251a0f4e@group-F78A666F49B3-FollowerState was interrupted
2023-04-10 17:22:30,611 [f70c5b51-abaf-4483-bcc0-ab3e40e5c626@group-F78A666F49B3-LeaderElection8] INFO  grpc.GrpcConfigKeys (ConfUtils.java:logGet(46)) - raft.grpc.server.leader.outstanding.appends.max = 128 (default)
2023-04-10 17:22:30,624 [f70c5b51-abaf-4483-bcc0-ab3e40e5c626@group-F78A666F49B3-LeaderElection8] INFO  server.RaftServerConfigKeys (ConfUtils.java:logGet(46)) - raft.server.rpc.request.timeout = 3000ms (default)
2023-04-10 17:22:30,624 [f70c5b51-abaf-4483-bcc0-ab3e40e5c626@group-F78A666F49B3-LeaderElection8] INFO  server.RaftServerConfigKeys (ConfUtils.java:logGet(46)) - raft.server.log.appender.install.snapshot.enabled = false (custom)
2023-04-10 17:22:30,625 [f70c5b51-abaf-4483-bcc0-ab3e40e5c626@group-F78A666F49B3-LeaderElection8] INFO  grpc.GrpcConfigKeys (ConfUtils.java:logGet(46)) - raft.grpc.server.heartbeat.channel = true (default)
2023-04-10 17:22:30,625 [f70c5b51-abaf-4483-bcc0-ab3e40e5c626@group-F78A666F49B3-LeaderElection8] INFO  server.RaftServerConfigKeys (ConfUtils.java:logGet(46)) - raft.server.log.appender.wait-time.min = 10ms (default)
2023-04-10 17:22:30,625 [f70c5b51-abaf-4483-bcc0-ab3e40e5c626@group-F78A666F49B3-LeaderElection8] INFO  server.RaftServerConfigKeys (ConfUtils.java:logGet(46)) - raft.server.log.appender.snapshot.chunk.size.max = 16MB (=16777216) (default)
2023-04-10 17:22:30,625 [f70c5b51-abaf-4483-bcc0-ab3e40e5c626@group-F78A666F49B3-LeaderElection8] INFO  server.RaftServerConfigKeys (ConfUtils.java:logGet(46)) - raft.server.log.appender.buffer.byte-limit = 33554432 (custom)
2023-04-10 17:22:30,626 [f70c5b51-abaf-4483-bcc0-ab3e40e5c626@group-F78A666F49B3-LeaderElection8] INFO  server.RaftServerConfigKeys (ConfUtils.java:logGet(46)) - raft.server.log.appender.buffer.element-limit = 1 (custom)
2023-04-10 17:22:30,626 [f70c5b51-abaf-4483-bcc0-ab3e40e5c626@group-F78A666F49B3-LeaderElection8] INFO  grpc.GrpcConfigKeys (ConfUtils.java:logGet(46)) - raft.grpc.server.leader.outstanding.appends.max = 128 (default)
2023-04-10 17:22:30,626 [f70c5b51-abaf-4483-bcc0-ab3e40e5c626@group-F78A666F49B3-LeaderElection8] INFO  server.RaftServerConfigKeys (ConfUtils.java:logGet(46)) - raft.server.rpc.request.timeout = 3000ms (default)
2023-04-10 17:22:30,626 [f70c5b51-abaf-4483-bcc0-ab3e40e5c626@group-F78A666F49B3-LeaderElection8] INFO  server.RaftServerConfigKeys (ConfUtils.java:logGet(46)) - raft.server.log.appender.install.snapshot.enabled = false (custom)
2023-04-10 17:22:30,626 [f70c5b51-abaf-4483-bcc0-ab3e40e5c626@group-F78A666F49B3-LeaderElection8] INFO  grpc.GrpcConfigKeys (ConfUtils.java:logGet(46)) - raft.grpc.server.heartbeat.channel = true (default)
2023-04-10 17:22:30,626 [f70c5b51-abaf-4483-bcc0-ab3e40e5c626@group-F78A666F49B3-LeaderElection8] INFO  server.RaftServerConfigKeys (ConfUtils.java:logGet(46)) - raft.server.log.appender.wait-time.min = 10ms (default)
2023-04-10 17:22:30,626 [cd4ac3e2-47ba-443c-8aa0-40ab251a0f4e@group-F78A666F49B3-FollowerState] INFO  server.RaftServerConfigKeys (ConfUtils.java:logFallback(53)) - raft.server.rpc.first-election.timeout.min = 5s (fallback to raft.server.rpc.timeout.min)
2023-04-10 17:22:30,626 [cd4ac3e2-47ba-443c-8aa0-40ab251a0f4e@group-F78A666F49B3-FollowerState] INFO  server.RaftServerConfigKeys (ConfUtils.java:logFallback(53)) - raft.server.rpc.first-election.timeout.max = 5200ms (fallback to raft.server.rpc.timeout.max)
2023-04-10 17:22:30,627 [grpc-default-executor-2] INFO  server.RaftServer$Division (RaftServerImpl.java:requestVote(1251)) - cd4ac3e2-47ba-443c-8aa0-40ab251a0f4e@group-F78A666F49B3 replies to ELECTION vote request: f70c5b51-abaf-4483-bcc0-ab3e40e5c626<-cd4ac3e2-47ba-443c-8aa0-40ab251a0f4e#0:OK-t1. Peer's state: cd4ac3e2-47ba-443c-8aa0-40ab251a0f4e@group-F78A666F49B3:t1, leader=null, voted=f70c5b51-abaf-4483-bcc0-ab3e40e5c626, raftlog=Memoized:cd4ac3e2-47ba-443c-8aa0-40ab251a0f4e@group-F78A666F49B3-SegmentedRaftLog:OPENED:c-1, conf=-1: peers:[f70c5b51-abaf-4483-bcc0-ab3e40e5c626|rpc:10.1.0.59:36093|dataStream:10.1.0.59:44995|priority:1|startupRole:FOLLOWER, cfa9660d-3e66-4e37-95dd-c01791520333|rpc:10.1.0.59:42355|dataStream:10.1.0.59:45915|priority:0|startupRole:FOLLOWER, cd4ac3e2-47ba-443c-8aa0-40ab251a0f4e|rpc:10.1.0.59:42823|dataStream:10.1.0.59:35537|priority:0|startupRole:FOLLOWER]|listeners:[], old=null
2023-04-10 17:22:30,628 [f70c5b51-abaf-4483-bcc0-ab3e40e5c626@group-F78A666F49B3-LeaderElection8] INFO  impl.RoleInfo (RoleInfo.java:updateAndGet(139)) - f70c5b51-abaf-4483-bcc0-ab3e40e5c626: start f70c5b51-abaf-4483-bcc0-ab3e40e5c626@group-F78A666F49B3-LeaderStateImpl
2023-04-10 17:22:30,628 [f70c5b51-abaf-4483-bcc0-ab3e40e5c626@group-F78A666F49B3-LeaderElection8] INFO  segmented.SegmentedRaftLogWorker (SegmentedRaftLogWorker.java:startLogSegment(452)) - f70c5b51-abaf-4483-bcc0-ab3e40e5c626@group-F78A666F49B3-SegmentedRaftLogWorker: Starting segment from index:0
2023-04-10 17:22:30,629 [f70c5b51-abaf-4483-bcc0-ab3e40e5c626@group-F78A666F49B3-SegmentedRaftLogWorker] INFO  segmented.SegmentedRaftLogWorker (SegmentedRaftLogWorker.java:execute(656)) - f70c5b51-abaf-4483-bcc0-ab3e40e5c626@group-F78A666F49B3-SegmentedRaftLogWorker: created new log segment /home/runner/work/ozone/ozone/hadoop-ozone/integration-test/target/test-dir/MiniOzoneClusterImpl-bd692c78-fb3a-4866-9e85-e2f4bd0dbf58/datanode-2/data/ratis/c81c0de1-3fb0-41e5-abc2-f78a666f49b3/current/log_inprogress_0
2023-04-10 17:22:30,641 [f70c5b51-abaf-4483-bcc0-ab3e40e5c626@group-F78A666F49B3-LeaderElection8] INFO  server.RaftServer$Division (ServerState.java:setRaftConf(430)) - f70c5b51-abaf-4483-bcc0-ab3e40e5c626@group-F78A666F49B3: set configuration 0: peers:[f70c5b51-abaf-4483-bcc0-ab3e40e5c626|rpc:10.1.0.59:36093|dataStream:10.1.0.59:44995|priority:1|startupRole:FOLLOWER, cfa9660d-3e66-4e37-95dd-c01791520333|rpc:10.1.0.59:42355|dataStream:10.1.0.59:45915|priority:0|startupRole:FOLLOWER, cd4ac3e2-47ba-443c-8aa0-40ab251a0f4e|rpc:10.1.0.59:42823|dataStream:10.1.0.59:35537|priority:0|startupRole:FOLLOWER]|listeners:[], old=null
2023-04-10 17:22:30,642 [f70c5b51-abaf-4483-bcc0-ab3e40e5c626@group-F78A666F49B3-StateMachineUpdater] INFO  ratis.ContainerStateMachine (ContainerStateMachine.java:takeSnapshot(330)) - group-F78A666F49B3: Taking a snapshot at:(t:1, i:0) file /home/runner/work/ozone/ozone/hadoop-ozone/integration-test/target/test-dir/MiniOzoneClusterImpl-bd692c78-fb3a-4866-9e85-e2f4bd0dbf58/datanode-2/data/ratis/c81c0de1-3fb0-41e5-abc2-f78a666f49b3/sm/snapshot.1_0
2023-04-10 17:22:30,651 [f70c5b51-abaf-4483-bcc0-ab3e40e5c626@group-F78A666F49B3-StateMachineUpdater] INFO  ratis.ContainerStateMachine (ContainerStateMachine.java:takeSnapshot(341)) - group-F78A666F49B3: Finished taking a snapshot at:(t:1, i:0) file:/home/runner/work/ozone/ozone/hadoop-ozone/integration-test/target/test-dir/MiniOzoneClusterImpl-bd692c78-fb3a-4866-9e85-e2f4bd0dbf58/datanode-2/data/ratis/c81c0de1-3fb0-41e5-abc2-f78a666f49b3/sm/snapshot.1_0 took: 10 ms
2023-04-10 17:22:30,652 [f70c5b51-abaf-4483-bcc0-ab3e40e5c626@group-F78A666F49B3-StateMachineUpdater] INFO  impl.StateMachineUpdater (StateMachineUpdater.java:takeSnapshot(287)) - f70c5b51-abaf-4483-bcc0-ab3e40e5c626@group-F78A666F49B3-StateMachineUpdater: Took a snapshot at index 0
2023-04-10 17:22:30,652 [f70c5b51-abaf-4483-bcc0-ab3e40e5c626@group-F78A666F49B3-StateMachineUpdater] INFO  impl.StateMachineUpdater (StateMachineUpdater.java:lambda$new$0(92)) - f70c5b51-abaf-4483-bcc0-ab3e40e5c626@group-F78A666F49B3-StateMachineUpdater: snapshotIndex: updateIncreasingly -1 -> 0
2023-04-10 17:22:30,664 [cd4ac3e2-47ba-443c-8aa0-40ab251a0f4e-server-thread1] INFO  ratis.XceiverServerRatis (XceiverServerRatis.java:handleLeaderChangedNotification(904)) - Leader change notification received for group: group-F78A666F49B3 with new leaderId: f70c5b51-abaf-4483-bcc0-ab3e40e5c626
2023-04-10 17:22:30,664 [cd4ac3e2-47ba-443c-8aa0-40ab251a0f4e-server-thread1] INFO  server.RaftServer$Division (ServerState.java:setLeader(313)) - cd4ac3e2-47ba-443c-8aa0-40ab251a0f4e@group-F78A666F49B3: change Leader from null to f70c5b51-abaf-4483-bcc0-ab3e40e5c626 at term 1 for appendEntries, leader elected after 5284ms
2023-04-10 17:22:30,670 [cfa9660d-3e66-4e37-95dd-c01791520333-server-thread1] INFO  ratis.XceiverServerRatis (XceiverServerRatis.java:handleLeaderChangedNotification(904)) - Leader change notification received for group: group-F78A666F49B3 with new leaderId: f70c5b51-abaf-4483-bcc0-ab3e40e5c626
2023-04-10 17:22:30,670 [cfa9660d-3e66-4e37-95dd-c01791520333-server-thread1] INFO  server.RaftServer$Division (ServerState.java:setLeader(313)) - cfa9660d-3e66-4e37-95dd-c01791520333@group-F78A666F49B3: change Leader from null to f70c5b51-abaf-4483-bcc0-ab3e40e5c626 at term 1 for appendEntries, leader elected after 5345ms
2023-04-10 17:22:30,687 [cd4ac3e2-47ba-443c-8aa0-40ab251a0f4e-server-thread2] INFO  server.RaftServer$Division (ServerState.java:setRaftConf(430)) - cd4ac3e2-47ba-443c-8aa0-40ab251a0f4e@group-F78A666F49B3: set configuration 0: peers:[f70c5b51-abaf-4483-bcc0-ab3e40e5c626|rpc:10.1.0.59:36093|dataStream:10.1.0.59:44995|priority:1|startupRole:FOLLOWER, cfa9660d-3e66-4e37-95dd-c01791520333|rpc:10.1.0.59:42355|dataStream:10.1.0.59:45915|priority:0|startupRole:FOLLOWER, cd4ac3e2-47ba-443c-8aa0-40ab251a0f4e|rpc:10.1.0.59:42823|dataStream:10.1.0.59:35537|priority:0|startupRole:FOLLOWER]|listeners:[], old=null
2023-04-10 17:22:30,687 [cd4ac3e2-47ba-443c-8aa0-40ab251a0f4e-server-thread2] INFO  segmented.SegmentedRaftLogWorker (SegmentedRaftLogWorker.java:startLogSegment(452)) - cd4ac3e2-47ba-443c-8aa0-40ab251a0f4e@group-F78A666F49B3-SegmentedRaftLogWorker: Starting segment from index:0
2023-04-10 17:22:30,691 [cd4ac3e2-47ba-443c-8aa0-40ab251a0f4e@group-F78A666F49B3-SegmentedRaftLogWorker] INFO  segmented.SegmentedRaftLogWorker (SegmentedRaftLogWorker.java:execute(656)) - cd4ac3e2-47ba-443c-8aa0-40ab251a0f4e@group-F78A666F49B3-SegmentedRaftLogWorker: created new log segment /home/runner/work/ozone/ozone/hadoop-ozone/integration-test/target/test-dir/MiniOzoneClusterImpl-bd692c78-fb3a-4866-9e85-e2f4bd0dbf58/datanode-0/data/ratis/c81c0de1-3fb0-41e5-abc2-f78a666f49b3/current/log_inprogress_0
2023-04-10 17:22:30,692 [cfa9660d-3e66-4e37-95dd-c01791520333-server-thread2] INFO  server.RaftServer$Division (ServerState.java:setRaftConf(430)) - cfa9660d-3e66-4e37-95dd-c01791520333@group-F78A666F49B3: set configuration 0: peers:[f70c5b51-abaf-4483-bcc0-ab3e40e5c626|rpc:10.1.0.59:36093|dataStream:10.1.0.59:44995|priority:1|startupRole:FOLLOWER, cfa9660d-3e66-4e37-95dd-c01791520333|rpc:10.1.0.59:42355|dataStream:10.1.0.59:45915|priority:0|startupRole:FOLLOWER, cd4ac3e2-47ba-443c-8aa0-40ab251a0f4e|rpc:10.1.0.59:42823|dataStream:10.1.0.59:35537|priority:0|startupRole:FOLLOWER]|listeners:[], old=null
2023-04-10 17:22:30,692 [cfa9660d-3e66-4e37-95dd-c01791520333-server-thread2] INFO  segmented.SegmentedRaftLogWorker (SegmentedRaftLogWorker.java:startLogSegment(452)) - cfa9660d-3e66-4e37-95dd-c01791520333@group-F78A666F49B3-SegmentedRaftLogWorker: Starting segment from index:0
2023-04-10 17:22:30,693 [cfa9660d-3e66-4e37-95dd-c01791520333@group-F78A666F49B3-SegmentedRaftLogWorker] INFO  segmented.SegmentedRaftLogWorker (SegmentedRaftLogWorker.java:execute(656)) - cfa9660d-3e66-4e37-95dd-c01791520333@group-F78A666F49B3-SegmentedRaftLogWorker: created new log segment /home/runner/work/ozone/ozone/hadoop-ozone/integration-test/target/test-dir/MiniOzoneClusterImpl-bd692c78-fb3a-4866-9e85-e2f4bd0dbf58/datanode-1/data/ratis/c81c0de1-3fb0-41e5-abc2-f78a666f49b3/current/log_inprogress_0
2023-04-10 17:22:30,694 [cd4ac3e2-47ba-443c-8aa0-40ab251a0f4e@group-F78A666F49B3-StateMachineUpdater] INFO  ratis.ContainerStateMachine (ContainerStateMachine.java:takeSnapshot(330)) - group-F78A666F49B3: Taking a snapshot at:(t:1, i:0) file /home/runner/work/ozone/ozone/hadoop-ozone/integration-test/target/test-dir/MiniOzoneClusterImpl-bd692c78-fb3a-4866-9e85-e2f4bd0dbf58/datanode-0/data/ratis/c81c0de1-3fb0-41e5-abc2-f78a666f49b3/sm/snapshot.1_0
2023-04-10 17:22:30,694 [cfa9660d-3e66-4e37-95dd-c01791520333@group-F78A666F49B3-StateMachineUpdater] INFO  ratis.ContainerStateMachine (ContainerStateMachine.java:takeSnapshot(330)) - group-F78A666F49B3: Taking a snapshot at:(t:1, i:0) file /home/runner/work/ozone/ozone/hadoop-ozone/integration-test/target/test-dir/MiniOzoneClusterImpl-bd692c78-fb3a-4866-9e85-e2f4bd0dbf58/datanode-1/data/ratis/c81c0de1-3fb0-41e5-abc2-f78a666f49b3/sm/snapshot.1_0
2023-04-10 17:22:30,695 [cfa9660d-3e66-4e37-95dd-c01791520333@group-F78A666F49B3-StateMachineUpdater] INFO  ratis.ContainerStateMachine (ContainerStateMachine.java:takeSnapshot(341)) - group-F78A666F49B3: Finished taking a snapshot at:(t:1, i:0) file:/home/runner/work/ozone/ozone/hadoop-ozone/integration-test/target/test-dir/MiniOzoneClusterImpl-bd692c78-fb3a-4866-9e85-e2f4bd0dbf58/datanode-1/data/ratis/c81c0de1-3fb0-41e5-abc2-f78a666f49b3/sm/snapshot.1_0 took: 1 ms
2023-04-10 17:22:30,695 [cfa9660d-3e66-4e37-95dd-c01791520333@group-F78A666F49B3-StateMachineUpdater] INFO  impl.StateMachineUpdater (StateMachineUpdater.java:takeSnapshot(287)) - cfa9660d-3e66-4e37-95dd-c01791520333@group-F78A666F49B3-StateMachineUpdater: Took a snapshot at index 0
2023-04-10 17:22:30,695 [cfa9660d-3e66-4e37-95dd-c01791520333@group-F78A666F49B3-StateMachineUpdater] INFO  impl.StateMachineUpdater (StateMachineUpdater.java:lambda$new$0(92)) - cfa9660d-3e66-4e37-95dd-c01791520333@group-F78A666F49B3-StateMachineUpdater: snapshotIndex: updateIncreasingly -1 -> 0
2023-04-10 17:22:30,696 [cd4ac3e2-47ba-443c-8aa0-40ab251a0f4e@group-F78A666F49B3-StateMachineUpdater] INFO  ratis.ContainerStateMachine (ContainerStateMachine.java:takeSnapshot(341)) - group-F78A666F49B3: Finished taking a snapshot at:(t:1, i:0) file:/home/runner/work/ozone/ozone/hadoop-ozone/integration-test/target/test-dir/MiniOzoneClusterImpl-bd692c78-fb3a-4866-9e85-e2f4bd0dbf58/datanode-0/data/ratis/c81c0de1-3fb0-41e5-abc2-f78a666f49b3/sm/snapshot.1_0 took: 3 ms
2023-04-10 17:22:30,696 [cd4ac3e2-47ba-443c-8aa0-40ab251a0f4e@group-F78A666F49B3-StateMachineUpdater] INFO  impl.StateMachineUpdater (StateMachineUpdater.java:takeSnapshot(287)) - cd4ac3e2-47ba-443c-8aa0-40ab251a0f4e@group-F78A666F49B3-StateMachineUpdater: Took a snapshot at index 0
2023-04-10 17:22:30,696 [cd4ac3e2-47ba-443c-8aa0-40ab251a0f4e@group-F78A666F49B3-StateMachineUpdater] INFO  impl.StateMachineUpdater (StateMachineUpdater.java:lambda$new$0(92)) - cd4ac3e2-47ba-443c-8aa0-40ab251a0f4e@group-F78A666F49B3-StateMachineUpdater: snapshotIndex: updateIncreasingly -1 -> 0
2023-04-10 17:22:30,777 [a57f48d7-536d-4afe-bf9f-8dd3ac661106@group-3CB91A587584-FollowerState] INFO  impl.FollowerState (FollowerState.java:run(143)) - a57f48d7-536d-4afe-bf9f-8dd3ac661106@group-3CB91A587584-FollowerState: change to CANDIDATE, lastRpcElapsedTime:5017502892ns, electionTimeout:5005ms
2023-04-10 17:22:30,778 [a57f48d7-536d-4afe-bf9f-8dd3ac661106@group-3CB91A587584-FollowerState] INFO  impl.RoleInfo (RoleInfo.java:shutdownFollowerState(110)) - a57f48d7-536d-4afe-bf9f-8dd3ac661106: shutdown a57f48d7-536d-4afe-bf9f-8dd3ac661106@group-3CB91A587584-FollowerState
2023-04-10 17:22:30,778 [a57f48d7-536d-4afe-bf9f-8dd3ac661106@group-3CB91A587584-FollowerState] INFO  server.RaftServer$Division (RaftServerImpl.java:setRole(321)) - a57f48d7-536d-4afe-bf9f-8dd3ac661106@group-3CB91A587584: changes role from  FOLLOWER to CANDIDATE at term 0 for changeToCandidate
2023-04-10 17:22:30,778 [a57f48d7-536d-4afe-bf9f-8dd3ac661106@group-3CB91A587584-FollowerState] INFO  server.RaftServerConfigKeys (ConfUtils.java:logGet(46)) - raft.server.leaderelection.pre-vote = true (default)
2023-04-10 17:22:30,778 [a57f48d7-536d-4afe-bf9f-8dd3ac661106@group-3CB91A587584-FollowerState] INFO  impl.RoleInfo (RoleInfo.java:updateAndGet(139)) - a57f48d7-536d-4afe-bf9f-8dd3ac661106: start a57f48d7-536d-4afe-bf9f-8dd3ac661106@group-3CB91A587584-LeaderElection9
2023-04-10 17:22:30,789 [a57f48d7-536d-4afe-bf9f-8dd3ac661106@group-3CB91A587584-LeaderElection9] INFO  impl.LeaderElection (LeaderElection.java:askForVotes(312)) - a57f48d7-536d-4afe-bf9f-8dd3ac661106@group-3CB91A587584-LeaderElection9 PRE_VOTE round 0: submit vote requests at term 0 for -1: peers:[5409a7e1-30d0-4745-ac51-a822fb81fdf2|rpc:10.1.0.59:44977|dataStream:10.1.0.59:46461|priority:0|startupRole:FOLLOWER, a57f48d7-536d-4afe-bf9f-8dd3ac661106|rpc:10.1.0.59:46547|dataStream:10.1.0.59:36673|priority:1|startupRole:FOLLOWER, c97d6447-1a4d-4694-905e-ecb7e619760c|rpc:10.1.0.59:37075|dataStream:10.1.0.59:44001|priority:0|startupRole:FOLLOWER]|listeners:[], old=null
2023-04-10 17:22:30,789 [a57f48d7-536d-4afe-bf9f-8dd3ac661106@group-3CB91A587584-LeaderElection9] INFO  server.RaftServerConfigKeys (ConfUtils.java:logFallback(53)) - raft.server.rpc.first-election.timeout.min = 5s (fallback to raft.server.rpc.timeout.min)
2023-04-10 17:22:30,789 [a57f48d7-536d-4afe-bf9f-8dd3ac661106@group-3CB91A587584-LeaderElection9-1] INFO  server.GrpcServerProtocolClient (GrpcServerProtocolClient.java:<init>(63)) - Build channel for 5409a7e1-30d0-4745-ac51-a822fb81fdf2
2023-04-10 17:22:30,789 [a57f48d7-536d-4afe-bf9f-8dd3ac661106@group-3CB91A587584-LeaderElection9] INFO  server.RaftServerConfigKeys (ConfUtils.java:logFallback(53)) - raft.server.rpc.first-election.timeout.max = 5200ms (fallback to raft.server.rpc.timeout.max)
2023-04-10 17:22:30,794 [a57f48d7-536d-4afe-bf9f-8dd3ac661106@group-3CB91A587584-LeaderElection9-2] INFO  server.GrpcServerProtocolClient (GrpcServerProtocolClient.java:<init>(63)) - Build channel for c97d6447-1a4d-4694-905e-ecb7e619760c
2023-04-10 17:22:30,825 [grpc-default-executor-3] INFO  server.RaftServer$Division (RaftServerImpl.java:requestVote(1218)) - c97d6447-1a4d-4694-905e-ecb7e619760c@group-3CB91A587584: receive requestVote(PRE_VOTE, a57f48d7-536d-4afe-bf9f-8dd3ac661106, group-3CB91A587584, 0, (t:0, i:0))
2023-04-10 17:22:30,825 [grpc-default-executor-3] INFO  impl.VoteContext (VoteContext.java:log(49)) - c97d6447-1a4d-4694-905e-ecb7e619760c@group-3CB91A587584-FOLLOWER: accept PRE_VOTE from a57f48d7-536d-4afe-bf9f-8dd3ac661106: our priority 0 <= candidate's priority 1
2023-04-10 17:22:30,825 [grpc-default-executor-3] INFO  server.RaftServer$Division (RaftServerImpl.java:requestVote(1251)) - c97d6447-1a4d-4694-905e-ecb7e619760c@group-3CB91A587584 replies to PRE_VOTE vote request: a57f48d7-536d-4afe-bf9f-8dd3ac661106<-c97d6447-1a4d-4694-905e-ecb7e619760c#0:OK-t0. Peer's state: c97d6447-1a4d-4694-905e-ecb7e619760c@group-3CB91A587584:t0, leader=null, voted=, raftlog=Memoized:c97d6447-1a4d-4694-905e-ecb7e619760c@group-3CB91A587584-SegmentedRaftLog:OPENED:c-1, conf=-1: peers:[5409a7e1-30d0-4745-ac51-a822fb81fdf2|rpc:10.1.0.59:44977|dataStream:10.1.0.59:46461|priority:0|startupRole:FOLLOWER, a57f48d7-536d-4afe-bf9f-8dd3ac661106|rpc:10.1.0.59:46547|dataStream:10.1.0.59:36673|priority:1|startupRole:FOLLOWER, c97d6447-1a4d-4694-905e-ecb7e619760c|rpc:10.1.0.59:37075|dataStream:10.1.0.59:44001|priority:0|startupRole:FOLLOWER]|listeners:[], old=null
2023-04-10 17:22:30,835 [a57f48d7-536d-4afe-bf9f-8dd3ac661106@group-3CB91A587584-LeaderElection9] INFO  impl.LeaderElection (LeaderElection.java:logAndReturn(90)) - a57f48d7-536d-4afe-bf9f-8dd3ac661106@group-3CB91A587584-LeaderElection9: PRE_VOTE PASSED received 1 response(s) and 0 exception(s):
2023-04-10 17:22:30,835 [a57f48d7-536d-4afe-bf9f-8dd3ac661106@group-3CB91A587584-LeaderElection9] INFO  impl.LeaderElection (LeaderElection.java:logAndReturn(94)) -   Response 0: a57f48d7-536d-4afe-bf9f-8dd3ac661106<-c97d6447-1a4d-4694-905e-ecb7e619760c#0:OK-t0
2023-04-10 17:22:30,835 [a57f48d7-536d-4afe-bf9f-8dd3ac661106@group-3CB91A587584-LeaderElection9] INFO  impl.LeaderElection (LeaderElection.java:askForVotes(314)) - a57f48d7-536d-4afe-bf9f-8dd3ac661106@group-3CB91A587584-LeaderElection9 PRE_VOTE round 0: result PASSED
2023-04-10 17:22:30,837 [a57f48d7-536d-4afe-bf9f-8dd3ac661106@group-3CB91A587584-LeaderElection9] INFO  impl.LeaderElection (LeaderElection.java:askForVotes(312)) - a57f48d7-536d-4afe-bf9f-8dd3ac661106@group-3CB91A587584-LeaderElection9 ELECTION round 0: submit vote requests at term 1 for -1: peers:[5409a7e1-30d0-4745-ac51-a822fb81fdf2|rpc:10.1.0.59:44977|dataStream:10.1.0.59:46461|priority:0|startupRole:FOLLOWER, a57f48d7-536d-4afe-bf9f-8dd3ac661106|rpc:10.1.0.59:46547|dataStream:10.1.0.59:36673|priority:1|startupRole:FOLLOWER, c97d6447-1a4d-4694-905e-ecb7e619760c|rpc:10.1.0.59:37075|dataStream:10.1.0.59:44001|priority:0|startupRole:FOLLOWER]|listeners:[], old=null
2023-04-10 17:22:30,844 [grpc-default-executor-3] INFO  server.RaftServer$Division (RaftServerImpl.java:requestVote(1218)) - 5409a7e1-30d0-4745-ac51-a822fb81fdf2@group-3CB91A587584: receive requestVote(PRE_VOTE, a57f48d7-536d-4afe-bf9f-8dd3ac661106, group-3CB91A587584, 0, (t:0, i:0))
2023-04-10 17:22:30,845 [grpc-default-executor-3] INFO  impl.VoteContext (VoteContext.java:log(49)) - 5409a7e1-30d0-4745-ac51-a822fb81fdf2@group-3CB91A587584-FOLLOWER: accept PRE_VOTE from a57f48d7-536d-4afe-bf9f-8dd3ac661106: our priority 0 <= candidate's priority 1
2023-04-10 17:22:30,845 [grpc-default-executor-3] INFO  server.RaftServer$Division (RaftServerImpl.java:requestVote(1251)) - 5409a7e1-30d0-4745-ac51-a822fb81fdf2@group-3CB91A587584 replies to PRE_VOTE vote request: a57f48d7-536d-4afe-bf9f-8dd3ac661106<-5409a7e1-30d0-4745-ac51-a822fb81fdf2#0:OK-t0. Peer's state: 5409a7e1-30d0-4745-ac51-a822fb81fdf2@group-3CB91A587584:t0, leader=null, voted=, raftlog=Memoized:5409a7e1-30d0-4745-ac51-a822fb81fdf2@group-3CB91A587584-SegmentedRaftLog:OPENED:c-1, conf=-1: peers:[5409a7e1-30d0-4745-ac51-a822fb81fdf2|rpc:10.1.0.59:44977|dataStream:10.1.0.59:46461|priority:0|startupRole:FOLLOWER, a57f48d7-536d-4afe-bf9f-8dd3ac661106|rpc:10.1.0.59:46547|dataStream:10.1.0.59:36673|priority:1|startupRole:FOLLOWER, c97d6447-1a4d-4694-905e-ecb7e619760c|rpc:10.1.0.59:37075|dataStream:10.1.0.59:44001|priority:0|startupRole:FOLLOWER]|listeners:[], old=null
2023-04-10 17:22:30,847 [a57f48d7-536d-4afe-bf9f-8dd3ac661106@group-3CB91A587584-LeaderElection9] INFO  server.RaftServerConfigKeys (ConfUtils.java:logFallback(53)) - raft.server.rpc.first-election.timeout.min = 5s (fallback to raft.server.rpc.timeout.min)
2023-04-10 17:22:30,847 [a57f48d7-536d-4afe-bf9f-8dd3ac661106@group-3CB91A587584-LeaderElection9] INFO  server.RaftServerConfigKeys (ConfUtils.java:logFallback(53)) - raft.server.rpc.first-election.timeout.max = 5200ms (fallback to raft.server.rpc.timeout.max)
2023-04-10 17:22:30,853 [grpc-default-executor-3] INFO  server.RaftServer$Division (RaftServerImpl.java:requestVote(1218)) - 5409a7e1-30d0-4745-ac51-a822fb81fdf2@group-3CB91A587584: receive requestVote(ELECTION, a57f48d7-536d-4afe-bf9f-8dd3ac661106, group-3CB91A587584, 1, (t:0, i:0))
2023-04-10 17:22:30,853 [grpc-default-executor-3] INFO  impl.VoteContext (VoteContext.java:log(49)) - 5409a7e1-30d0-4745-ac51-a822fb81fdf2@group-3CB91A587584-FOLLOWER: accept ELECTION from a57f48d7-536d-4afe-bf9f-8dd3ac661106: our priority 0 <= candidate's priority 1
2023-04-10 17:22:30,853 [grpc-default-executor-3] INFO  server.RaftServer$Division (RaftServerImpl.java:setRole(321)) - 5409a7e1-30d0-4745-ac51-a822fb81fdf2@group-3CB91A587584: changes role from  FOLLOWER to FOLLOWER at term 1 for candidate:a57f48d7-536d-4afe-bf9f-8dd3ac661106
2023-04-10 17:22:30,853 [grpc-default-executor-3] INFO  impl.RoleInfo (RoleInfo.java:shutdownFollowerState(110)) - 5409a7e1-30d0-4745-ac51-a822fb81fdf2: shutdown 5409a7e1-30d0-4745-ac51-a822fb81fdf2@group-3CB91A587584-FollowerState
2023-04-10 17:22:30,853 [grpc-default-executor-3] INFO  impl.RoleInfo (RoleInfo.java:updateAndGet(139)) - 5409a7e1-30d0-4745-ac51-a822fb81fdf2: start 5409a7e1-30d0-4745-ac51-a822fb81fdf2@group-3CB91A587584-FollowerState
2023-04-10 17:22:30,853 [5409a7e1-30d0-4745-ac51-a822fb81fdf2@group-3CB91A587584-FollowerState] INFO  impl.FollowerState (FollowerState.java:run(152)) - 5409a7e1-30d0-4745-ac51-a822fb81fdf2@group-3CB91A587584-FollowerState was interrupted
2023-04-10 17:22:30,856 [5409a7e1-30d0-4745-ac51-a822fb81fdf2@group-3CB91A587584-FollowerState] INFO  server.RaftServerConfigKeys (ConfUtils.java:logFallback(53)) - raft.server.rpc.first-election.timeout.min = 5s (fallback to raft.server.rpc.timeout.min)
2023-04-10 17:22:30,856 [5409a7e1-30d0-4745-ac51-a822fb81fdf2@group-3CB91A587584-FollowerState] INFO  server.RaftServerConfigKeys (ConfUtils.java:logFallback(53)) - raft.server.rpc.first-election.timeout.max = 5200ms (fallback to raft.server.rpc.timeout.max)
2023-04-10 17:22:30,857 [grpc-default-executor-3] INFO  server.RaftServer$Division (RaftServerImpl.java:requestVote(1251)) - 5409a7e1-30d0-4745-ac51-a822fb81fdf2@group-3CB91A587584 replies to ELECTION vote request: a57f48d7-536d-4afe-bf9f-8dd3ac661106<-5409a7e1-30d0-4745-ac51-a822fb81fdf2#0:OK-t1. Peer's state: 5409a7e1-30d0-4745-ac51-a822fb81fdf2@group-3CB91A587584:t1, leader=null, voted=a57f48d7-536d-4afe-bf9f-8dd3ac661106, raftlog=Memoized:5409a7e1-30d0-4745-ac51-a822fb81fdf2@group-3CB91A587584-SegmentedRaftLog:OPENED:c-1, conf=-1: peers:[5409a7e1-30d0-4745-ac51-a822fb81fdf2|rpc:10.1.0.59:44977|dataStream:10.1.0.59:46461|priority:0|startupRole:FOLLOWER, a57f48d7-536d-4afe-bf9f-8dd3ac661106|rpc:10.1.0.59:46547|dataStream:10.1.0.59:36673|priority:1|startupRole:FOLLOWER, c97d6447-1a4d-4694-905e-ecb7e619760c|rpc:10.1.0.59:37075|dataStream:10.1.0.59:44001|priority:0|startupRole:FOLLOWER]|listeners:[], old=null
2023-04-10 17:22:30,859 [a57f48d7-536d-4afe-bf9f-8dd3ac661106@group-3CB91A587584-LeaderElection9] INFO  impl.LeaderElection (LeaderElection.java:logAndReturn(90)) - a57f48d7-536d-4afe-bf9f-8dd3ac661106@group-3CB91A587584-LeaderElection9: ELECTION PASSED received 1 response(s) and 0 exception(s):
2023-04-10 17:22:30,859 [grpc-default-executor-3] INFO  server.RaftServer$Division (RaftServerImpl.java:requestVote(1218)) - c97d6447-1a4d-4694-905e-ecb7e619760c@group-3CB91A587584: receive requestVote(ELECTION, a57f48d7-536d-4afe-bf9f-8dd3ac661106, group-3CB91A587584, 1, (t:0, i:0))
2023-04-10 17:22:30,860 [a57f48d7-536d-4afe-bf9f-8dd3ac661106@group-3CB91A587584-LeaderElection9] INFO  impl.LeaderElection (LeaderElection.java:logAndReturn(94)) -   Response 0: a57f48d7-536d-4afe-bf9f-8dd3ac661106<-5409a7e1-30d0-4745-ac51-a822fb81fdf2#0:OK-t1
2023-04-10 17:22:30,860 [grpc-default-executor-3] INFO  impl.VoteContext (VoteContext.java:log(49)) - c97d6447-1a4d-4694-905e-ecb7e619760c@group-3CB91A587584-FOLLOWER: accept ELECTION from a57f48d7-536d-4afe-bf9f-8dd3ac661106: our priority 0 <= candidate's priority 1
2023-04-10 17:22:30,860 [a57f48d7-536d-4afe-bf9f-8dd3ac661106@group-3CB91A587584-LeaderElection9] INFO  impl.LeaderElection (LeaderElection.java:askForVotes(314)) - a57f48d7-536d-4afe-bf9f-8dd3ac661106@group-3CB91A587584-LeaderElection9 ELECTION round 0: result PASSED
2023-04-10 17:22:30,860 [grpc-default-executor-3] INFO  server.RaftServer$Division (RaftServerImpl.java:setRole(321)) - c97d6447-1a4d-4694-905e-ecb7e619760c@group-3CB91A587584: changes role from  FOLLOWER to FOLLOWER at term 1 for candidate:a57f48d7-536d-4afe-bf9f-8dd3ac661106
2023-04-10 17:22:30,860 [a57f48d7-536d-4afe-bf9f-8dd3ac661106@group-3CB91A587584-LeaderElection9] INFO  impl.RoleInfo (RoleInfo.java:shutdownLeaderElection(130)) - a57f48d7-536d-4afe-bf9f-8dd3ac661106: shutdown a57f48d7-536d-4afe-bf9f-8dd3ac661106@group-3CB91A587584-LeaderElection9
2023-04-10 17:22:30,860 [grpc-default-executor-3] INFO  impl.RoleInfo (RoleInfo.java:shutdownFollowerState(110)) - c97d6447-1a4d-4694-905e-ecb7e619760c: shutdown c97d6447-1a4d-4694-905e-ecb7e619760c@group-3CB91A587584-FollowerState
2023-04-10 17:22:30,860 [grpc-default-executor-3] INFO  impl.RoleInfo (RoleInfo.java:updateAndGet(139)) - c97d6447-1a4d-4694-905e-ecb7e619760c: start c97d6447-1a4d-4694-905e-ecb7e619760c@group-3CB91A587584-FollowerState
2023-04-10 17:22:30,860 [c97d6447-1a4d-4694-905e-ecb7e619760c@group-3CB91A587584-FollowerState] INFO  impl.FollowerState (FollowerState.java:run(152)) - c97d6447-1a4d-4694-905e-ecb7e619760c@group-3CB91A587584-FollowerState was interrupted
2023-04-10 17:22:30,860 [a57f48d7-536d-4afe-bf9f-8dd3ac661106@group-3CB91A587584-LeaderElection9] INFO  server.RaftServer$Division (RaftServerImpl.java:setRole(321)) - a57f48d7-536d-4afe-bf9f-8dd3ac661106@group-3CB91A587584: changes role from CANDIDATE to LEADER at term 1 for changeToLeader
2023-04-10 17:22:30,860 [a57f48d7-536d-4afe-bf9f-8dd3ac661106@group-3CB91A587584-LeaderElection9] INFO  ratis.XceiverServerRatis (XceiverServerRatis.java:handleLeaderChangedNotification(904)) - Leader change notification received for group: group-3CB91A587584 with new leaderId: a57f48d7-536d-4afe-bf9f-8dd3ac661106
2023-04-10 17:22:30,863 [5409a7e1-30d0-4745-ac51-a822fb81fdf2@group-AB45EF1D04E8-FollowerState] INFO  impl.FollowerState (FollowerState.java:run(143)) - 5409a7e1-30d0-4745-ac51-a822fb81fdf2@group-AB45EF1D04E8-FollowerState: change to CANDIDATE, lastRpcElapsedTime:5183591122ns, electionTimeout:5181ms
2023-04-10 17:22:30,863 [5409a7e1-30d0-4745-ac51-a822fb81fdf2@group-AB45EF1D04E8-FollowerState] INFO  impl.RoleInfo (RoleInfo.java:shutdownFollowerState(110)) - 5409a7e1-30d0-4745-ac51-a822fb81fdf2: shutdown 5409a7e1-30d0-4745-ac51-a822fb81fdf2@group-AB45EF1D04E8-FollowerState
2023-04-10 17:22:30,863 [5409a7e1-30d0-4745-ac51-a822fb81fdf2@group-AB45EF1D04E8-FollowerState] INFO  server.RaftServer$Division (RaftServerImpl.java:setRole(321)) - 5409a7e1-30d0-4745-ac51-a822fb81fdf2@group-AB45EF1D04E8: changes role from  FOLLOWER to CANDIDATE at term 0 for changeToCandidate
2023-04-10 17:22:30,868 [a57f48d7-536d-4afe-bf9f-8dd3ac661106@group-3CB91A587584-LeaderElection9] INFO  server.RaftServer$Division (ServerState.java:setLeader(313)) - a57f48d7-536d-4afe-bf9f-8dd3ac661106@group-3CB91A587584: change Leader from null to a57f48d7-536d-4afe-bf9f-8dd3ac661106 at term 1 for becomeLeader, leader elected after 5126ms
2023-04-10 17:22:30,868 [5409a7e1-30d0-4745-ac51-a822fb81fdf2@group-AB45EF1D04E8-FollowerState] INFO  server.RaftServerConfigKeys (ConfUtils.java:logGet(46)) - raft.server.leaderelection.pre-vote = true (default)
2023-04-10 17:22:30,868 [5409a7e1-30d0-4745-ac51-a822fb81fdf2@group-AB45EF1D04E8-FollowerState] INFO  impl.RoleInfo (RoleInfo.java:updateAndGet(139)) - 5409a7e1-30d0-4745-ac51-a822fb81fdf2: start 5409a7e1-30d0-4745-ac51-a822fb81fdf2@group-AB45EF1D04E8-LeaderElection10
2023-04-10 17:22:30,868 [a57f48d7-536d-4afe-bf9f-8dd3ac661106@group-3CB91A587584-LeaderElection9] INFO  server.RaftServerConfigKeys (ConfUtils.java:logGet(46)) - raft.server.staging.catchup.gap = 1000 (default)
2023-04-10 17:22:30,869 [c97d6447-1a4d-4694-905e-ecb7e619760c@group-3CB91A587584-FollowerState] INFO  server.RaftServerConfigKeys (ConfUtils.java:logFallback(53)) - raft.server.rpc.first-election.timeout.min = 5s (fallback to raft.server.rpc.timeout.min)
2023-04-10 17:22:30,869 [EventQueue-PipelineReportForPipelineReportHandler] INFO  pipeline.PipelineManagerImpl (PipelineManagerImpl.java:openPipeline(367)) - Pipeline Pipeline[ Id: 990e4f28-966a-46e3-98b5-3cb91a587584, Nodes: a57f48d7-536d-4afe-bf9f-8dd3ac661106(fv-az201-37/10.1.0.59)5409a7e1-30d0-4745-ac51-a822fb81fdf2(fv-az201-37/10.1.0.59)c97d6447-1a4d-4694-905e-ecb7e619760c(fv-az201-37/10.1.0.59), ReplicationConfig: RATIS/THREE, State:ALLOCATED, leaderId:a57f48d7-536d-4afe-bf9f-8dd3ac661106, CreationTimestamp2023-04-10T17:22:23.454Z[Etc/UTC]] moved to OPEN state
2023-04-10 17:22:30,869 [grpc-default-executor-3] INFO  server.RaftServer$Division (RaftServerImpl.java:requestVote(1251)) - c97d6447-1a4d-4694-905e-ecb7e619760c@group-3CB91A587584 replies to ELECTION vote request: a57f48d7-536d-4afe-bf9f-8dd3ac661106<-c97d6447-1a4d-4694-905e-ecb7e619760c#0:OK-t1. Peer's state: c97d6447-1a4d-4694-905e-ecb7e619760c@group-3CB91A587584:t1, leader=null, voted=a57f48d7-536d-4afe-bf9f-8dd3ac661106, raftlog=Memoized:c97d6447-1a4d-4694-905e-ecb7e619760c@group-3CB91A587584-SegmentedRaftLog:OPENED:c-1, conf=-1: peers:[5409a7e1-30d0-4745-ac51-a822fb81fdf2|rpc:10.1.0.59:44977|dataStream:10.1.0.59:46461|priority:0|startupRole:FOLLOWER, a57f48d7-536d-4afe-bf9f-8dd3ac661106|rpc:10.1.0.59:46547|dataStream:10.1.0.59:36673|priority:1|startupRole:FOLLOWER, c97d6447-1a4d-4694-905e-ecb7e619760c|rpc:10.1.0.59:37075|dataStream:10.1.0.59:44001|priority:0|startupRole:FOLLOWER]|listeners:[], old=null
2023-04-10 17:22:30,871 [c97d6447-1a4d-4694-905e-ecb7e619760c@group-3CB91A587584-FollowerState] INFO  server.RaftServerConfigKeys (ConfUtils.java:logFallback(53)) - raft.server.rpc.first-election.timeout.max = 5200ms (fallback to raft.server.rpc.timeout.max)
2023-04-10 17:22:30,883 [a57f48d7-536d-4afe-bf9f-8dd3ac661106@group-3CB91A587584-LeaderElection9] INFO  server.RaftServerConfigKeys (ConfUtils.java:logGet(46)) - raft.server.write.element-limit = 1024 (custom)
2023-04-10 17:22:30,883 [a57f48d7-536d-4afe-bf9f-8dd3ac661106@group-3CB91A587584-LeaderElection9] INFO  server.RaftServerConfigKeys (ConfUtils.java:logGet(46)) - raft.server.write.byte-limit = 1024 M (=1073741824) (custom)
2023-04-10 17:22:30,883 [a57f48d7-536d-4afe-bf9f-8dd3ac661106@group-3CB91A587584-LeaderElection9] INFO  server.RaftServerConfigKeys (ConfUtils.java:logGet(46)) - raft.server.watch.timeout = 10000ms (default)
2023-04-10 17:22:30,883 [a57f48d7-536d-4afe-bf9f-8dd3ac661106@group-3CB91A587584-LeaderElection9] INFO  server.RaftServerConfigKeys (ConfUtils.java:logGet(46)) - raft.server.watch.timeout.denomination = 1s (default)
2023-04-10 17:22:30,883 [a57f48d7-536d-4afe-bf9f-8dd3ac661106@group-3CB91A587584-LeaderElection9] INFO  server.RaftServerConfigKeys (ConfUtils.java:logGet(46)) - raft.server.watch.element-limit = 65536 (default)
2023-04-10 17:22:30,883 [a57f48d7-536d-4afe-bf9f-8dd3ac661106@group-3CB91A587584-LeaderElection9] INFO  server.RaftServerConfigKeys (ConfUtils.java:logGet(46)) - raft.server.write.element-limit = 1024 (custom)
2023-04-10 17:22:30,883 [a57f48d7-536d-4afe-bf9f-8dd3ac661106@group-3CB91A587584-LeaderElection9] INFO  server.RaftServerConfigKeys (ConfUtils.java:logGet(46)) - raft.server.write.follower.gap.ratio.max = -1.0 (default)
2023-04-10 17:22:30,885 [a57f48d7-536d-4afe-bf9f-8dd3ac661106@group-3CB91A587584-LeaderElection9] INFO  server.RaftServerConfigKeys (ConfUtils.java:logGet(46)) - raft.server.log.appender.snapshot.chunk.size.max = 16MB (=16777216) (default)
2023-04-10 17:22:30,885 [a57f48d7-536d-4afe-bf9f-8dd3ac661106@group-3CB91A587584-LeaderElection9] INFO  server.RaftServerConfigKeys (ConfUtils.java:logGet(46)) - raft.server.log.appender.buffer.byte-limit = 33554432 (custom)
2023-04-10 17:22:30,885 [a57f48d7-536d-4afe-bf9f-8dd3ac661106@group-3CB91A587584-LeaderElection9] INFO  server.RaftServerConfigKeys (ConfUtils.java:logGet(46)) - raft.server.log.appender.buffer.element-limit = 1 (custom)
2023-04-10 17:22:30,885 [a57f48d7-536d-4afe-bf9f-8dd3ac661106@group-3CB91A587584-LeaderElection9] INFO  grpc.GrpcConfigKeys (ConfUtils.java:logGet(46)) - raft.grpc.server.leader.outstanding.appends.max = 128 (default)
2023-04-10 17:22:30,886 [a57f48d7-536d-4afe-bf9f-8dd3ac661106@group-3CB91A587584-LeaderElection9] INFO  server.RaftServerConfigKeys (ConfUtils.java:logGet(46)) - raft.server.rpc.request.timeout = 3000ms (default)
2023-04-10 17:22:30,886 [a57f48d7-536d-4afe-bf9f-8dd3ac661106@group-3CB91A587584-LeaderElection9] INFO  server.RaftServerConfigKeys (ConfUtils.java:logGet(46)) - raft.server.log.appender.install.snapshot.enabled = false (custom)
2023-04-10 17:22:30,886 [a57f48d7-536d-4afe-bf9f-8dd3ac661106@group-3CB91A587584-LeaderElection9] INFO  grpc.GrpcConfigKeys (ConfUtils.java:logGet(46)) - raft.grpc.server.heartbeat.channel = true (default)
2023-04-10 17:22:30,886 [a57f48d7-536d-4afe-bf9f-8dd3ac661106@group-3CB91A587584-LeaderElection9] INFO  server.RaftServerConfigKeys (ConfUtils.java:logGet(46)) - raft.server.log.appender.wait-time.min = 10ms (default)
2023-04-10 17:22:30,886 [a57f48d7-536d-4afe-bf9f-8dd3ac661106@group-3CB91A587584-LeaderElection9] INFO  server.RaftServerConfigKeys (ConfUtils.java:logGet(46)) - raft.server.log.appender.snapshot.chunk.size.max = 16MB (=16777216) (default)
2023-04-10 17:22:30,886 [a57f48d7-536d-4afe-bf9f-8dd3ac661106@group-3CB91A587584-LeaderElection9] INFO  server.RaftServerConfigKeys (ConfUtils.java:logGet(46)) - raft.server.log.appender.buffer.byte-limit = 33554432 (custom)
2023-04-10 17:22:30,886 [a57f48d7-536d-4afe-bf9f-8dd3ac661106@group-3CB91A587584-LeaderElection9] INFO  server.RaftServerConfigKeys (ConfUtils.java:logGet(46)) - raft.server.log.appender.buffer.element-limit = 1 (custom)
2023-04-10 17:22:30,886 [a57f48d7-536d-4afe-bf9f-8dd3ac661106@group-3CB91A587584-LeaderElection9] INFO  grpc.GrpcConfigKeys (ConfUtils.java:logGet(46)) - raft.grpc.server.leader.outstanding.appends.max = 128 (default)
2023-04-10 17:22:30,887 [a57f48d7-536d-4afe-bf9f-8dd3ac661106@group-3CB91A587584-LeaderElection9] INFO  server.RaftServerConfigKeys (ConfUtils.java:logGet(46)) - raft.server.rpc.request.timeout = 3000ms (default)
2023-04-10 17:22:30,887 [a57f48d7-536d-4afe-bf9f-8dd3ac661106@group-3CB91A587584-LeaderElection9] INFO  server.RaftServerConfigKeys (ConfUtils.java:logGet(46)) - raft.server.log.appender.install.snapshot.enabled = false (custom)
2023-04-10 17:22:30,887 [a57f48d7-536d-4afe-bf9f-8dd3ac661106@group-3CB91A587584-LeaderElection9] INFO  grpc.GrpcConfigKeys (ConfUtils.java:logGet(46)) - raft.grpc.server.heartbeat.channel = true (default)
2023-04-10 17:22:30,887 [a57f48d7-536d-4afe-bf9f-8dd3ac661106@group-3CB91A587584-LeaderElection9] INFO  server.RaftServerConfigKeys (ConfUtils.java:logGet(46)) - raft.server.log.appender.wait-time.min = 10ms (default)
2023-04-10 17:22:30,887 [a57f48d7-536d-4afe-bf9f-8dd3ac661106@group-3CB91A587584-LeaderElection9] INFO  impl.RoleInfo (RoleInfo.java:updateAndGet(139)) - a57f48d7-536d-4afe-bf9f-8dd3ac661106: start a57f48d7-536d-4afe-bf9f-8dd3ac661106@group-3CB91A587584-LeaderStateImpl
2023-04-10 17:22:30,887 [a57f48d7-536d-4afe-bf9f-8dd3ac661106@group-3CB91A587584-LeaderElection9] INFO  segmented.SegmentedRaftLogWorker (SegmentedRaftLogWorker.java:startLogSegment(452)) - a57f48d7-536d-4afe-bf9f-8dd3ac661106@group-3CB91A587584-SegmentedRaftLogWorker: Starting segment from index:0
2023-04-10 17:22:30,888 [5409a7e1-30d0-4745-ac51-a822fb81fdf2@group-AB45EF1D04E8-LeaderElection10] INFO  impl.LeaderElection (LeaderElection.java:askForVotes(312)) - 5409a7e1-30d0-4745-ac51-a822fb81fdf2@group-AB45EF1D04E8-LeaderElection10 PRE_VOTE round 0: submit vote requests at term 0 for -1: peers:[5409a7e1-30d0-4745-ac51-a822fb81fdf2|rpc:10.1.0.59:44977|dataStream:10.1.0.59:46461|priority:1|startupRole:FOLLOWER]|listeners:[], old=null
2023-04-10 17:22:30,888 [5409a7e1-30d0-4745-ac51-a822fb81fdf2@group-AB45EF1D04E8-LeaderElection10] INFO  impl.LeaderElection (LeaderElection.java:askForVotes(314)) - 5409a7e1-30d0-4745-ac51-a822fb81fdf2@group-AB45EF1D04E8-LeaderElection10 PRE_VOTE round 0: result PASSED (term=0)
2023-04-10 17:22:30,889 [5409a7e1-30d0-4745-ac51-a822fb81fdf2@group-AB45EF1D04E8-LeaderElection10] INFO  impl.LeaderElection (LeaderElection.java:askForVotes(312)) - 5409a7e1-30d0-4745-ac51-a822fb81fdf2@group-AB45EF1D04E8-LeaderElection10 ELECTION round 0: submit vote requests at term 1 for -1: peers:[5409a7e1-30d0-4745-ac51-a822fb81fdf2|rpc:10.1.0.59:44977|dataStream:10.1.0.59:46461|priority:1|startupRole:FOLLOWER]|listeners:[], old=null
2023-04-10 17:22:30,889 [5409a7e1-30d0-4745-ac51-a822fb81fdf2@group-AB45EF1D04E8-LeaderElection10] INFO  impl.LeaderElection (LeaderElection.java:askForVotes(314)) - 5409a7e1-30d0-4745-ac51-a822fb81fdf2@group-AB45EF1D04E8-LeaderElection10 ELECTION round 0: result PASSED (term=1)
2023-04-10 17:22:30,889 [5409a7e1-30d0-4745-ac51-a822fb81fdf2@group-AB45EF1D04E8-LeaderElection10] INFO  impl.RoleInfo (RoleInfo.java:shutdownLeaderElection(130)) - 5409a7e1-30d0-4745-ac51-a822fb81fdf2: shutdown 5409a7e1-30d0-4745-ac51-a822fb81fdf2@group-AB45EF1D04E8-LeaderElection10
2023-04-10 17:22:30,889 [a57f48d7-536d-4afe-bf9f-8dd3ac661106@group-3CB91A587584-SegmentedRaftLogWorker] INFO  segmented.SegmentedRaftLogWorker (SegmentedRaftLogWorker.java:execute(656)) - a57f48d7-536d-4afe-bf9f-8dd3ac661106@group-3CB91A587584-SegmentedRaftLogWorker: created new log segment /home/runner/work/ozone/ozone/hadoop-ozone/integration-test/target/test-dir/MiniOzoneClusterImpl-bd692c78-fb3a-4866-9e85-e2f4bd0dbf58/datanode-5/data/ratis/990e4f28-966a-46e3-98b5-3cb91a587584/current/log_inprogress_0
2023-04-10 17:22:30,889 [5409a7e1-30d0-4745-ac51-a822fb81fdf2@group-AB45EF1D04E8-LeaderElection10] INFO  server.RaftServer$Division (RaftServerImpl.java:setRole(321)) - 5409a7e1-30d0-4745-ac51-a822fb81fdf2@group-AB45EF1D04E8: changes role from CANDIDATE to LEADER at term 1 for changeToLeader
2023-04-10 17:22:30,889 [5409a7e1-30d0-4745-ac51-a822fb81fdf2@group-AB45EF1D04E8-LeaderElection10] INFO  ratis.XceiverServerRatis (XceiverServerRatis.java:handleLeaderChangedNotification(904)) - Leader change notification received for group: group-AB45EF1D04E8 with new leaderId: 5409a7e1-30d0-4745-ac51-a822fb81fdf2
2023-04-10 17:22:30,895 [5409a7e1-30d0-4745-ac51-a822fb81fdf2@group-AB45EF1D04E8-LeaderElection10] INFO  server.RaftServer$Division (ServerState.java:setLeader(313)) - 5409a7e1-30d0-4745-ac51-a822fb81fdf2@group-AB45EF1D04E8: change Leader from null to 5409a7e1-30d0-4745-ac51-a822fb81fdf2 at term 1 for becomeLeader, leader elected after 5228ms
2023-04-10 17:22:30,895 [5409a7e1-30d0-4745-ac51-a822fb81fdf2@group-AB45EF1D04E8-LeaderElection10] INFO  server.RaftServerConfigKeys (ConfUtils.java:logGet(46)) - raft.server.staging.catchup.gap = 1000 (default)
2023-04-10 17:22:30,901 [5409a7e1-30d0-4745-ac51-a822fb81fdf2@group-AB45EF1D04E8-LeaderElection10] INFO  server.RaftServerConfigKeys (ConfUtils.java:logGet(46)) - raft.server.write.element-limit = 1024 (custom)
2023-04-10 17:22:30,902 [5409a7e1-30d0-4745-ac51-a822fb81fdf2@group-AB45EF1D04E8-LeaderElection10] INFO  server.RaftServerConfigKeys (ConfUtils.java:logGet(46)) - raft.server.write.byte-limit = 1024 M (=1073741824) (custom)
2023-04-10 17:22:30,902 [5409a7e1-30d0-4745-ac51-a822fb81fdf2@group-AB45EF1D04E8-LeaderElection10] INFO  server.RaftServerConfigKeys (ConfUtils.java:logGet(46)) - raft.server.watch.timeout = 10000ms (default)
2023-04-10 17:22:30,902 [5409a7e1-30d0-4745-ac51-a822fb81fdf2@group-AB45EF1D04E8-LeaderElection10] INFO  server.RaftServerConfigKeys (ConfUtils.java:logGet(46)) - raft.server.watch.timeout.denomination = 1s (default)
2023-04-10 17:22:30,902 [5409a7e1-30d0-4745-ac51-a822fb81fdf2@group-AB45EF1D04E8-LeaderElection10] INFO  server.RaftServerConfigKeys (ConfUtils.java:logGet(46)) - raft.server.watch.element-limit = 65536 (default)
2023-04-10 17:22:30,902 [5409a7e1-30d0-4745-ac51-a822fb81fdf2@group-AB45EF1D04E8-LeaderElection10] INFO  server.RaftServerConfigKeys (ConfUtils.java:logGet(46)) - raft.server.write.element-limit = 1024 (custom)
2023-04-10 17:22:30,902 [5409a7e1-30d0-4745-ac51-a822fb81fdf2@group-AB45EF1D04E8-LeaderElection10] INFO  server.RaftServerConfigKeys (ConfUtils.java:logGet(46)) - raft.server.write.follower.gap.ratio.max = -1.0 (default)
2023-04-10 17:22:30,902 [5409a7e1-30d0-4745-ac51-a822fb81fdf2@group-AB45EF1D04E8-LeaderElection10] INFO  impl.RoleInfo (RoleInfo.java:updateAndGet(139)) - 5409a7e1-30d0-4745-ac51-a822fb81fdf2: start 5409a7e1-30d0-4745-ac51-a822fb81fdf2@group-AB45EF1D04E8-LeaderStateImpl
2023-04-10 17:22:30,902 [5409a7e1-30d0-4745-ac51-a822fb81fdf2@group-AB45EF1D04E8-LeaderElection10] INFO  segmented.SegmentedRaftLogWorker (SegmentedRaftLogWorker.java:startLogSegment(452)) - 5409a7e1-30d0-4745-ac51-a822fb81fdf2@group-AB45EF1D04E8-SegmentedRaftLogWorker: Starting segment from index:0
2023-04-10 17:22:30,906 [5409a7e1-30d0-4745-ac51-a822fb81fdf2@group-AB45EF1D04E8-SegmentedRaftLogWorker] INFO  segmented.SegmentedRaftLogWorker (SegmentedRaftLogWorker.java:execute(656)) - 5409a7e1-30d0-4745-ac51-a822fb81fdf2@group-AB45EF1D04E8-SegmentedRaftLogWorker: created new log segment /home/runner/work/ozone/ozone/hadoop-ozone/integration-test/target/test-dir/MiniOzoneClusterImpl-bd692c78-fb3a-4866-9e85-e2f4bd0dbf58/datanode-3/data/ratis/55f4da44-67ed-45b6-9748-ab45ef1d04e8/current/log_inprogress_0
2023-04-10 17:22:30,911 [a57f48d7-536d-4afe-bf9f-8dd3ac661106@group-3CB91A587584-LeaderElection9] INFO  server.RaftServer$Division (ServerState.java:setRaftConf(430)) - a57f48d7-536d-4afe-bf9f-8dd3ac661106@group-3CB91A587584: set configuration 0: peers:[5409a7e1-30d0-4745-ac51-a822fb81fdf2|rpc:10.1.0.59:44977|dataStream:10.1.0.59:46461|priority:0|startupRole:FOLLOWER, a57f48d7-536d-4afe-bf9f-8dd3ac661106|rpc:10.1.0.59:46547|dataStream:10.1.0.59:36673|priority:1|startupRole:FOLLOWER, c97d6447-1a4d-4694-905e-ecb7e619760c|rpc:10.1.0.59:37075|dataStream:10.1.0.59:44001|priority:0|startupRole:FOLLOWER]|listeners:[], old=null
2023-04-10 17:22:30,911 [5409a7e1-30d0-4745-ac51-a822fb81fdf2@group-AB45EF1D04E8-LeaderElection10] INFO  server.RaftServer$Division (ServerState.java:setRaftConf(430)) - 5409a7e1-30d0-4745-ac51-a822fb81fdf2@group-AB45EF1D04E8: set configuration 0: peers:[5409a7e1-30d0-4745-ac51-a822fb81fdf2|rpc:10.1.0.59:44977|dataStream:10.1.0.59:46461|priority:1|startupRole:FOLLOWER]|listeners:[], old=null
2023-04-10 17:22:30,912 [a57f48d7-536d-4afe-bf9f-8dd3ac661106@group-3CB91A587584-StateMachineUpdater] INFO  ratis.ContainerStateMachine (ContainerStateMachine.java:takeSnapshot(330)) - group-3CB91A587584: Taking a snapshot at:(t:1, i:0) file /home/runner/work/ozone/ozone/hadoop-ozone/integration-test/target/test-dir/MiniOzoneClusterImpl-bd692c78-fb3a-4866-9e85-e2f4bd0dbf58/datanode-5/data/ratis/990e4f28-966a-46e3-98b5-3cb91a587584/sm/snapshot.1_0
2023-04-10 17:22:30,914 [a57f48d7-536d-4afe-bf9f-8dd3ac661106@group-3CB91A587584-StateMachineUpdater] INFO  ratis.ContainerStateMachine (ContainerStateMachine.java:takeSnapshot(341)) - group-3CB91A587584: Finished taking a snapshot at:(t:1, i:0) file:/home/runner/work/ozone/ozone/hadoop-ozone/integration-test/target/test-dir/MiniOzoneClusterImpl-bd692c78-fb3a-4866-9e85-e2f4bd0dbf58/datanode-5/data/ratis/990e4f28-966a-46e3-98b5-3cb91a587584/sm/snapshot.1_0 took: 2 ms
2023-04-10 17:22:30,914 [a57f48d7-536d-4afe-bf9f-8dd3ac661106@group-3CB91A587584-StateMachineUpdater] INFO  impl.StateMachineUpdater (StateMachineUpdater.java:takeSnapshot(287)) - a57f48d7-536d-4afe-bf9f-8dd3ac661106@group-3CB91A587584-StateMachineUpdater: Took a snapshot at index 0
2023-04-10 17:22:30,914 [a57f48d7-536d-4afe-bf9f-8dd3ac661106@group-3CB91A587584-StateMachineUpdater] INFO  impl.StateMachineUpdater (StateMachineUpdater.java:lambda$new$0(92)) - a57f48d7-536d-4afe-bf9f-8dd3ac661106@group-3CB91A587584-StateMachineUpdater: snapshotIndex: updateIncreasingly -1 -> 0
2023-04-10 17:22:30,921 [5409a7e1-30d0-4745-ac51-a822fb81fdf2@group-AB45EF1D04E8-StateMachineUpdater] INFO  ratis.ContainerStateMachine (ContainerStateMachine.java:takeSnapshot(330)) - group-AB45EF1D04E8: Taking a snapshot at:(t:1, i:0) file /home/runner/work/ozone/ozone/hadoop-ozone/integration-test/target/test-dir/MiniOzoneClusterImpl-bd692c78-fb3a-4866-9e85-e2f4bd0dbf58/datanode-3/data/ratis/55f4da44-67ed-45b6-9748-ab45ef1d04e8/sm/snapshot.1_0
2023-04-10 17:22:30,922 [5409a7e1-30d0-4745-ac51-a822fb81fdf2@group-AB45EF1D04E8-StateMachineUpdater] INFO  ratis.ContainerStateMachine (ContainerStateMachine.java:takeSnapshot(341)) - group-AB45EF1D04E8: Finished taking a snapshot at:(t:1, i:0) file:/home/runner/work/ozone/ozone/hadoop-ozone/integration-test/target/test-dir/MiniOzoneClusterImpl-bd692c78-fb3a-4866-9e85-e2f4bd0dbf58/datanode-3/data/ratis/55f4da44-67ed-45b6-9748-ab45ef1d04e8/sm/snapshot.1_0 took: 1 ms
2023-04-10 17:22:30,923 [5409a7e1-30d0-4745-ac51-a822fb81fdf2@group-AB45EF1D04E8-StateMachineUpdater] INFO  impl.StateMachineUpdater (StateMachineUpdater.java:takeSnapshot(287)) - 5409a7e1-30d0-4745-ac51-a822fb81fdf2@group-AB45EF1D04E8-StateMachineUpdater: Took a snapshot at index 0
2023-04-10 17:22:30,923 [5409a7e1-30d0-4745-ac51-a822fb81fdf2@group-AB45EF1D04E8-StateMachineUpdater] INFO  impl.StateMachineUpdater (StateMachineUpdater.java:lambda$new$0(92)) - 5409a7e1-30d0-4745-ac51-a822fb81fdf2@group-AB45EF1D04E8-StateMachineUpdater: snapshotIndex: updateIncreasingly -1 -> 0
2023-04-10 17:22:30,928 [c97d6447-1a4d-4694-905e-ecb7e619760c-server-thread1] INFO  ratis.XceiverServerRatis (XceiverServerRatis.java:handleLeaderChangedNotification(904)) - Leader change notification received for group: group-3CB91A587584 with new leaderId: a57f48d7-536d-4afe-bf9f-8dd3ac661106
2023-04-10 17:22:30,928 [c97d6447-1a4d-4694-905e-ecb7e619760c-server-thread1] INFO  server.RaftServer$Division (ServerState.java:setLeader(313)) - c97d6447-1a4d-4694-905e-ecb7e619760c@group-3CB91A587584: change Leader from null to a57f48d7-536d-4afe-bf9f-8dd3ac661106 at term 1 for appendEntries, leader elected after 5125ms
2023-04-10 17:22:30,935 [5409a7e1-30d0-4745-ac51-a822fb81fdf2-server-thread2] INFO  ratis.XceiverServerRatis (XceiverServerRatis.java:handleLeaderChangedNotification(904)) - Leader change notification received for group: group-3CB91A587584 with new leaderId: a57f48d7-536d-4afe-bf9f-8dd3ac661106
2023-04-10 17:22:30,935 [5409a7e1-30d0-4745-ac51-a822fb81fdf2-server-thread2] INFO  server.RaftServer$Division (ServerState.java:setLeader(313)) - 5409a7e1-30d0-4745-ac51-a822fb81fdf2@group-3CB91A587584: change Leader from null to a57f48d7-536d-4afe-bf9f-8dd3ac661106 at term 1 for appendEntries, leader elected after 5250ms
2023-04-10 17:22:30,940 [5409a7e1-30d0-4745-ac51-a822fb81fdf2-server-thread2] INFO  server.RaftServer$Division (ServerState.java:setRaftConf(430)) - 5409a7e1-30d0-4745-ac51-a822fb81fdf2@group-3CB91A587584: set configuration 0: peers:[5409a7e1-30d0-4745-ac51-a822fb81fdf2|rpc:10.1.0.59:44977|dataStream:10.1.0.59:46461|priority:0|startupRole:FOLLOWER, a57f48d7-536d-4afe-bf9f-8dd3ac661106|rpc:10.1.0.59:46547|dataStream:10.1.0.59:36673|priority:1|startupRole:FOLLOWER, c97d6447-1a4d-4694-905e-ecb7e619760c|rpc:10.1.0.59:37075|dataStream:10.1.0.59:44001|priority:0|startupRole:FOLLOWER]|listeners:[], old=null
2023-04-10 17:22:30,941 [5409a7e1-30d0-4745-ac51-a822fb81fdf2-server-thread2] INFO  segmented.SegmentedRaftLogWorker (SegmentedRaftLogWorker.java:startLogSegment(452)) - 5409a7e1-30d0-4745-ac51-a822fb81fdf2@group-3CB91A587584-SegmentedRaftLogWorker: Starting segment from index:0
2023-04-10 17:22:30,953 [c97d6447-1a4d-4694-905e-ecb7e619760c-server-thread1] INFO  server.RaftServer$Division (ServerState.java:setRaftConf(430)) - c97d6447-1a4d-4694-905e-ecb7e619760c@group-3CB91A587584: set configuration 0: peers:[5409a7e1-30d0-4745-ac51-a822fb81fdf2|rpc:10.1.0.59:44977|dataStream:10.1.0.59:46461|priority:0|startupRole:FOLLOWER, a57f48d7-536d-4afe-bf9f-8dd3ac661106|rpc:10.1.0.59:46547|dataStream:10.1.0.59:36673|priority:1|startupRole:FOLLOWER, c97d6447-1a4d-4694-905e-ecb7e619760c|rpc:10.1.0.59:37075|dataStream:10.1.0.59:44001|priority:0|startupRole:FOLLOWER]|listeners:[], old=null
2023-04-10 17:22:30,954 [c97d6447-1a4d-4694-905e-ecb7e619760c-server-thread1] INFO  segmented.SegmentedRaftLogWorker (SegmentedRaftLogWorker.java:startLogSegment(452)) - c97d6447-1a4d-4694-905e-ecb7e619760c@group-3CB91A587584-SegmentedRaftLogWorker: Starting segment from index:0
2023-04-10 17:22:30,954 [5409a7e1-30d0-4745-ac51-a822fb81fdf2@group-3CB91A587584-SegmentedRaftLogWorker] INFO  segmented.SegmentedRaftLogWorker (SegmentedRaftLogWorker.java:execute(656)) - 5409a7e1-30d0-4745-ac51-a822fb81fdf2@group-3CB91A587584-SegmentedRaftLogWorker: created new log segment /home/runner/work/ozone/ozone/hadoop-ozone/integration-test/target/test-dir/MiniOzoneClusterImpl-bd692c78-fb3a-4866-9e85-e2f4bd0dbf58/datanode-3/data/ratis/990e4f28-966a-46e3-98b5-3cb91a587584/current/log_inprogress_0
2023-04-10 17:22:30,955 [c97d6447-1a4d-4694-905e-ecb7e619760c@group-3CB91A587584-SegmentedRaftLogWorker] INFO  segmented.SegmentedRaftLogWorker (SegmentedRaftLogWorker.java:execute(656)) - c97d6447-1a4d-4694-905e-ecb7e619760c@group-3CB91A587584-SegmentedRaftLogWorker: created new log segment /home/runner/work/ozone/ozone/hadoop-ozone/integration-test/target/test-dir/MiniOzoneClusterImpl-bd692c78-fb3a-4866-9e85-e2f4bd0dbf58/datanode-4/data/ratis/990e4f28-966a-46e3-98b5-3cb91a587584/current/log_inprogress_0
2023-04-10 17:22:30,962 [5409a7e1-30d0-4745-ac51-a822fb81fdf2@group-3CB91A587584-StateMachineUpdater] INFO  ratis.ContainerStateMachine (ContainerStateMachine.java:takeSnapshot(330)) - group-3CB91A587584: Taking a snapshot at:(t:1, i:0) file /home/runner/work/ozone/ozone/hadoop-ozone/integration-test/target/test-dir/MiniOzoneClusterImpl-bd692c78-fb3a-4866-9e85-e2f4bd0dbf58/datanode-3/data/ratis/990e4f28-966a-46e3-98b5-3cb91a587584/sm/snapshot.1_0
2023-04-10 17:22:30,968 [5409a7e1-30d0-4745-ac51-a822fb81fdf2@group-3CB91A587584-StateMachineUpdater] INFO  ratis.ContainerStateMachine (ContainerStateMachine.java:takeSnapshot(341)) - group-3CB91A587584: Finished taking a snapshot at:(t:1, i:0) file:/home/runner/work/ozone/ozone/hadoop-ozone/integration-test/target/test-dir/MiniOzoneClusterImpl-bd692c78-fb3a-4866-9e85-e2f4bd0dbf58/datanode-3/data/ratis/990e4f28-966a-46e3-98b5-3cb91a587584/sm/snapshot.1_0 took: 6 ms
2023-04-10 17:22:30,969 [5409a7e1-30d0-4745-ac51-a822fb81fdf2@group-3CB91A587584-StateMachineUpdater] INFO  impl.StateMachineUpdater (StateMachineUpdater.java:takeSnapshot(287)) - 5409a7e1-30d0-4745-ac51-a822fb81fdf2@group-3CB91A587584-StateMachineUpdater: Took a snapshot at index 0
2023-04-10 17:22:30,969 [5409a7e1-30d0-4745-ac51-a822fb81fdf2@group-3CB91A587584-StateMachineUpdater] INFO  impl.StateMachineUpdater (StateMachineUpdater.java:lambda$new$0(92)) - 5409a7e1-30d0-4745-ac51-a822fb81fdf2@group-3CB91A587584-StateMachineUpdater: snapshotIndex: updateIncreasingly -1 -> 0
2023-04-10 17:22:30,969 [c97d6447-1a4d-4694-905e-ecb7e619760c@group-3CB91A587584-StateMachineUpdater] INFO  ratis.ContainerStateMachine (ContainerStateMachine.java:takeSnapshot(330)) - group-3CB91A587584: Taking a snapshot at:(t:1, i:0) file /home/runner/work/ozone/ozone/hadoop-ozone/integration-test/target/test-dir/MiniOzoneClusterImpl-bd692c78-fb3a-4866-9e85-e2f4bd0dbf58/datanode-4/data/ratis/990e4f28-966a-46e3-98b5-3cb91a587584/sm/snapshot.1_0
2023-04-10 17:22:30,969 [c97d6447-1a4d-4694-905e-ecb7e619760c@group-3CB91A587584-StateMachineUpdater] INFO  ratis.ContainerStateMachine (ContainerStateMachine.java:takeSnapshot(341)) - group-3CB91A587584: Finished taking a snapshot at:(t:1, i:0) file:/home/runner/work/ozone/ozone/hadoop-ozone/integration-test/target/test-dir/MiniOzoneClusterImpl-bd692c78-fb3a-4866-9e85-e2f4bd0dbf58/datanode-4/data/ratis/990e4f28-966a-46e3-98b5-3cb91a587584/sm/snapshot.1_0 took: 0 ms
2023-04-10 17:22:30,970 [c97d6447-1a4d-4694-905e-ecb7e619760c@group-3CB91A587584-StateMachineUpdater] INFO  impl.StateMachineUpdater (StateMachineUpdater.java:takeSnapshot(287)) - c97d6447-1a4d-4694-905e-ecb7e619760c@group-3CB91A587584-StateMachineUpdater: Took a snapshot at index 0
2023-04-10 17:22:30,970 [c97d6447-1a4d-4694-905e-ecb7e619760c@group-3CB91A587584-StateMachineUpdater] INFO  impl.StateMachineUpdater (StateMachineUpdater.java:lambda$new$0(92)) - c97d6447-1a4d-4694-905e-ecb7e619760c@group-3CB91A587584-StateMachineUpdater: snapshotIndex: updateIncreasingly -1 -> 0
2023-04-10 17:22:31,297 [Listener at 127.0.0.1/35635] INFO  rpc.RpcClient (RpcClient.java:createVolume(476)) - Creating Volume: testcontainerstatemachinefailures, with runner as owner and space quota set to -1 bytes, counts quota set to -1
2023-04-10 17:22:31,340 [5409a7e1-30d0-4745-ac51-a822fb81fdf2@group-CE8A5B0B0470-FollowerState] INFO  impl.FollowerState (FollowerState.java:run(143)) - 5409a7e1-30d0-4745-ac51-a822fb81fdf2@group-CE8A5B0B0470-FollowerState: change to CANDIDATE, lastRpcElapsedTime:5060362319ns, electionTimeout:5051ms
2023-04-10 17:22:31,341 [5409a7e1-30d0-4745-ac51-a822fb81fdf2@group-CE8A5B0B0470-FollowerState] INFO  impl.RoleInfo (RoleInfo.java:shutdownFollowerState(110)) - 5409a7e1-30d0-4745-ac51-a822fb81fdf2: shutdown 5409a7e1-30d0-4745-ac51-a822fb81fdf2@group-CE8A5B0B0470-FollowerState
2023-04-10 17:22:31,341 [5409a7e1-30d0-4745-ac51-a822fb81fdf2@group-CE8A5B0B0470-FollowerState] INFO  server.RaftServer$Division (RaftServerImpl.java:setRole(321)) - 5409a7e1-30d0-4745-ac51-a822fb81fdf2@group-CE8A5B0B0470: changes role from  FOLLOWER to CANDIDATE at term 0 for changeToCandidate
2023-04-10 17:22:31,341 [5409a7e1-30d0-4745-ac51-a822fb81fdf2@group-CE8A5B0B0470-FollowerState] INFO  server.RaftServerConfigKeys (ConfUtils.java:logGet(46)) - raft.server.leaderelection.pre-vote = true (default)
2023-04-10 17:22:31,341 [5409a7e1-30d0-4745-ac51-a822fb81fdf2@group-CE8A5B0B0470-FollowerState] INFO  impl.RoleInfo (RoleInfo.java:updateAndGet(139)) - 5409a7e1-30d0-4745-ac51-a822fb81fdf2: start 5409a7e1-30d0-4745-ac51-a822fb81fdf2@group-CE8A5B0B0470-LeaderElection11
2023-04-10 17:22:31,341 [OM StateMachine ApplyTransaction Thread - 0] INFO  volume.OMVolumeCreateRequest (OMVolumeCreateRequest.java:validateAndUpdateCache(195)) - created volume:testcontainerstatemachinefailures for user:runner
2023-04-10 17:22:31,349 [5409a7e1-30d0-4745-ac51-a822fb81fdf2@group-CE8A5B0B0470-LeaderElection11] INFO  impl.LeaderElection (LeaderElection.java:askForVotes(312)) - 5409a7e1-30d0-4745-ac51-a822fb81fdf2@group-CE8A5B0B0470-LeaderElection11 PRE_VOTE round 0: submit vote requests at term 0 for -1: peers:[5409a7e1-30d0-4745-ac51-a822fb81fdf2|rpc:10.1.0.59:44977|dataStream:10.1.0.59:46461|priority:1|startupRole:FOLLOWER, a57f48d7-536d-4afe-bf9f-8dd3ac661106|rpc:10.1.0.59:46547|dataStream:10.1.0.59:36673|priority:0|startupRole:FOLLOWER, c97d6447-1a4d-4694-905e-ecb7e619760c|rpc:10.1.0.59:37075|dataStream:10.1.0.59:44001|priority:0|startupRole:FOLLOWER]|listeners:[], old=null
2023-04-10 17:22:31,351 [5409a7e1-30d0-4745-ac51-a822fb81fdf2@group-CE8A5B0B0470-LeaderElection11-1] INFO  server.GrpcServerProtocolClient (GrpcServerProtocolClient.java:<init>(63)) - Build channel for a57f48d7-536d-4afe-bf9f-8dd3ac661106
2023-04-10 17:22:31,365 [5409a7e1-30d0-4745-ac51-a822fb81fdf2@group-CE8A5B0B0470-LeaderElection11] INFO  server.RaftServerConfigKeys (ConfUtils.java:logFallback(53)) - raft.server.rpc.first-election.timeout.min = 5s (fallback to raft.server.rpc.timeout.min)
2023-04-10 17:22:31,365 [5409a7e1-30d0-4745-ac51-a822fb81fdf2@group-CE8A5B0B0470-LeaderElection11] INFO  server.RaftServerConfigKeys (ConfUtils.java:logFallback(53)) - raft.server.rpc.first-election.timeout.max = 5200ms (fallback to raft.server.rpc.timeout.max)
2023-04-10 17:22:31,368 [grpc-default-executor-1] INFO  server.RaftServer$Division (RaftServerImpl.java:requestVote(1218)) - a57f48d7-536d-4afe-bf9f-8dd3ac661106@group-CE8A5B0B0470: receive requestVote(PRE_VOTE, 5409a7e1-30d0-4745-ac51-a822fb81fdf2, group-CE8A5B0B0470, 0, (t:0, i:0))
2023-04-10 17:22:31,368 [grpc-default-executor-1] INFO  impl.VoteContext (VoteContext.java:log(49)) - a57f48d7-536d-4afe-bf9f-8dd3ac661106@group-CE8A5B0B0470-FOLLOWER: accept PRE_VOTE from 5409a7e1-30d0-4745-ac51-a822fb81fdf2: our priority 0 <= candidate's priority 1
2023-04-10 17:22:31,368 [grpc-default-executor-1] INFO  server.RaftServer$Division (RaftServerImpl.java:requestVote(1251)) - a57f48d7-536d-4afe-bf9f-8dd3ac661106@group-CE8A5B0B0470 replies to PRE_VOTE vote request: 5409a7e1-30d0-4745-ac51-a822fb81fdf2<-a57f48d7-536d-4afe-bf9f-8dd3ac661106#0:OK-t0. Peer's state: a57f48d7-536d-4afe-bf9f-8dd3ac661106@group-CE8A5B0B0470:t0, leader=null, voted=, raftlog=Memoized:a57f48d7-536d-4afe-bf9f-8dd3ac661106@group-CE8A5B0B0470-SegmentedRaftLog:OPENED:c-1, conf=-1: peers:[5409a7e1-30d0-4745-ac51-a822fb81fdf2|rpc:10.1.0.59:44977|dataStream:10.1.0.59:46461|priority:1|startupRole:FOLLOWER, a57f48d7-536d-4afe-bf9f-8dd3ac661106|rpc:10.1.0.59:46547|dataStream:10.1.0.59:36673|priority:0|startupRole:FOLLOWER, c97d6447-1a4d-4694-905e-ecb7e619760c|rpc:10.1.0.59:37075|dataStream:10.1.0.59:44001|priority:0|startupRole:FOLLOWER]|listeners:[], old=null
2023-04-10 17:22:31,370 [5409a7e1-30d0-4745-ac51-a822fb81fdf2@group-CE8A5B0B0470-LeaderElection11] INFO  impl.LeaderElection (LeaderElection.java:logAndReturn(90)) - 5409a7e1-30d0-4745-ac51-a822fb81fdf2@group-CE8A5B0B0470-LeaderElection11: PRE_VOTE PASSED received 1 response(s) and 0 exception(s):
2023-04-10 17:22:31,370 [5409a7e1-30d0-4745-ac51-a822fb81fdf2@group-CE8A5B0B0470-LeaderElection11] INFO  impl.LeaderElection (LeaderElection.java:logAndReturn(94)) -   Response 0: 5409a7e1-30d0-4745-ac51-a822fb81fdf2<-a57f48d7-536d-4afe-bf9f-8dd3ac661106#0:OK-t0
2023-04-10 17:22:31,370 [5409a7e1-30d0-4745-ac51-a822fb81fdf2@group-CE8A5B0B0470-LeaderElection11] INFO  impl.LeaderElection (LeaderElection.java:askForVotes(314)) - 5409a7e1-30d0-4745-ac51-a822fb81fdf2@group-CE8A5B0B0470-LeaderElection11 PRE_VOTE round 0: result PASSED
2023-04-10 17:22:31,374 [5409a7e1-30d0-4745-ac51-a822fb81fdf2@group-CE8A5B0B0470-LeaderElection11] INFO  impl.LeaderElection (LeaderElection.java:askForVotes(312)) - 5409a7e1-30d0-4745-ac51-a822fb81fdf2@group-CE8A5B0B0470-LeaderElection11 ELECTION round 0: submit vote requests at term 1 for -1: peers:[5409a7e1-30d0-4745-ac51-a822fb81fdf2|rpc:10.1.0.59:44977|dataStream:10.1.0.59:46461|priority:1|startupRole:FOLLOWER, a57f48d7-536d-4afe-bf9f-8dd3ac661106|rpc:10.1.0.59:46547|dataStream:10.1.0.59:36673|priority:0|startupRole:FOLLOWER, c97d6447-1a4d-4694-905e-ecb7e619760c|rpc:10.1.0.59:37075|dataStream:10.1.0.59:44001|priority:0|startupRole:FOLLOWER]|listeners:[], old=null
2023-04-10 17:22:31,377 [5409a7e1-30d0-4745-ac51-a822fb81fdf2@group-CE8A5B0B0470-LeaderElection11-2] INFO  server.GrpcServerProtocolClient (GrpcServerProtocolClient.java:<init>(63)) - Build channel for c97d6447-1a4d-4694-905e-ecb7e619760c
2023-04-10 17:22:31,379 [5409a7e1-30d0-4745-ac51-a822fb81fdf2@group-CE8A5B0B0470-LeaderElection11] INFO  server.RaftServerConfigKeys (ConfUtils.java:logFallback(53)) - raft.server.rpc.first-election.timeout.min = 5s (fallback to raft.server.rpc.timeout.min)
2023-04-10 17:22:31,379 [5409a7e1-30d0-4745-ac51-a822fb81fdf2@group-CE8A5B0B0470-LeaderElection11] INFO  server.RaftServerConfigKeys (ConfUtils.java:logFallback(53)) - raft.server.rpc.first-election.timeout.max = 5200ms (fallback to raft.server.rpc.timeout.max)
2023-04-10 17:22:31,389 [grpc-default-executor-1] INFO  server.RaftServer$Division (RaftServerImpl.java:requestVote(1218)) - a57f48d7-536d-4afe-bf9f-8dd3ac661106@group-CE8A5B0B0470: receive requestVote(ELECTION, 5409a7e1-30d0-4745-ac51-a822fb81fdf2, group-CE8A5B0B0470, 1, (t:0, i:0))
2023-04-10 17:22:31,389 [grpc-default-executor-1] INFO  impl.VoteContext (VoteContext.java:log(49)) - a57f48d7-536d-4afe-bf9f-8dd3ac661106@group-CE8A5B0B0470-FOLLOWER: accept ELECTION from 5409a7e1-30d0-4745-ac51-a822fb81fdf2: our priority 0 <= candidate's priority 1
2023-04-10 17:22:31,389 [grpc-default-executor-1] INFO  server.RaftServer$Division (RaftServerImpl.java:setRole(321)) - a57f48d7-536d-4afe-bf9f-8dd3ac661106@group-CE8A5B0B0470: changes role from  FOLLOWER to FOLLOWER at term 1 for candidate:5409a7e1-30d0-4745-ac51-a822fb81fdf2
2023-04-10 17:22:31,389 [grpc-default-executor-1] INFO  impl.RoleInfo (RoleInfo.java:shutdownFollowerState(110)) - a57f48d7-536d-4afe-bf9f-8dd3ac661106: shutdown a57f48d7-536d-4afe-bf9f-8dd3ac661106@group-CE8A5B0B0470-FollowerState
2023-04-10 17:22:31,389 [grpc-default-executor-1] INFO  impl.RoleInfo (RoleInfo.java:updateAndGet(139)) - a57f48d7-536d-4afe-bf9f-8dd3ac661106: start a57f48d7-536d-4afe-bf9f-8dd3ac661106@group-CE8A5B0B0470-FollowerState
2023-04-10 17:22:31,390 [a57f48d7-536d-4afe-bf9f-8dd3ac661106@group-CE8A5B0B0470-FollowerState] INFO  impl.FollowerState (FollowerState.java:run(152)) - a57f48d7-536d-4afe-bf9f-8dd3ac661106@group-CE8A5B0B0470-FollowerState was interrupted
2023-04-10 17:22:31,393 [grpc-default-executor-1] INFO  server.RaftServer$Division (RaftServerImpl.java:requestVote(1251)) - a57f48d7-536d-4afe-bf9f-8dd3ac661106@group-CE8A5B0B0470 replies to ELECTION vote request: 5409a7e1-30d0-4745-ac51-a822fb81fdf2<-a57f48d7-536d-4afe-bf9f-8dd3ac661106#0:OK-t1. Peer's state: a57f48d7-536d-4afe-bf9f-8dd3ac661106@group-CE8A5B0B0470:t1, leader=null, voted=5409a7e1-30d0-4745-ac51-a822fb81fdf2, raftlog=Memoized:a57f48d7-536d-4afe-bf9f-8dd3ac661106@group-CE8A5B0B0470-SegmentedRaftLog:OPENED:c-1, conf=-1: peers:[5409a7e1-30d0-4745-ac51-a822fb81fdf2|rpc:10.1.0.59:44977|dataStream:10.1.0.59:46461|priority:1|startupRole:FOLLOWER, a57f48d7-536d-4afe-bf9f-8dd3ac661106|rpc:10.1.0.59:46547|dataStream:10.1.0.59:36673|priority:0|startupRole:FOLLOWER, c97d6447-1a4d-4694-905e-ecb7e619760c|rpc:10.1.0.59:37075|dataStream:10.1.0.59:44001|priority:0|startupRole:FOLLOWER]|listeners:[], old=null
2023-04-10 17:22:31,396 [5409a7e1-30d0-4745-ac51-a822fb81fdf2@group-CE8A5B0B0470-LeaderElection11] INFO  impl.LeaderElection (LeaderElection.java:logAndReturn(90)) - 5409a7e1-30d0-4745-ac51-a822fb81fdf2@group-CE8A5B0B0470-LeaderElection11: ELECTION PASSED received 1 response(s) and 0 exception(s):
2023-04-10 17:22:31,396 [5409a7e1-30d0-4745-ac51-a822fb81fdf2@group-CE8A5B0B0470-LeaderElection11] INFO  impl.LeaderElection (LeaderElection.java:logAndReturn(94)) -   Response 0: 5409a7e1-30d0-4745-ac51-a822fb81fdf2<-a57f48d7-536d-4afe-bf9f-8dd3ac661106#0:OK-t1
2023-04-10 17:22:31,396 [5409a7e1-30d0-4745-ac51-a822fb81fdf2@group-CE8A5B0B0470-LeaderElection11] INFO  impl.LeaderElection (LeaderElection.java:askForVotes(314)) - 5409a7e1-30d0-4745-ac51-a822fb81fdf2@group-CE8A5B0B0470-LeaderElection11 ELECTION round 0: result PASSED
2023-04-10 17:22:31,396 [5409a7e1-30d0-4745-ac51-a822fb81fdf2@group-CE8A5B0B0470-LeaderElection11] INFO  impl.RoleInfo (RoleInfo.java:shutdownLeaderElection(130)) - 5409a7e1-30d0-4745-ac51-a822fb81fdf2: shutdown 5409a7e1-30d0-4745-ac51-a822fb81fdf2@group-CE8A5B0B0470-LeaderElection11
2023-04-10 17:22:31,396 [5409a7e1-30d0-4745-ac51-a822fb81fdf2@group-CE8A5B0B0470-LeaderElection11] INFO  server.RaftServer$Division (RaftServerImpl.java:setRole(321)) - 5409a7e1-30d0-4745-ac51-a822fb81fdf2@group-CE8A5B0B0470: changes role from CANDIDATE to LEADER at term 1 for changeToLeader
2023-04-10 17:22:31,396 [a57f48d7-536d-4afe-bf9f-8dd3ac661106@group-CE8A5B0B0470-FollowerState] INFO  server.RaftServerConfigKeys (ConfUtils.java:logFallback(53)) - raft.server.rpc.first-election.timeout.min = 5s (fallback to raft.server.rpc.timeout.min)
2023-04-10 17:22:31,396 [a57f48d7-536d-4afe-bf9f-8dd3ac661106@group-CE8A5B0B0470-FollowerState] INFO  server.RaftServerConfigKeys (ConfUtils.java:logFallback(53)) - raft.server.rpc.first-election.timeout.max = 5200ms (fallback to raft.server.rpc.timeout.max)
2023-04-10 17:22:31,396 [5409a7e1-30d0-4745-ac51-a822fb81fdf2@group-CE8A5B0B0470-LeaderElection11] INFO  ratis.XceiverServerRatis (XceiverServerRatis.java:handleLeaderChangedNotification(904)) - Leader change notification received for group: group-CE8A5B0B0470 with new leaderId: 5409a7e1-30d0-4745-ac51-a822fb81fdf2
2023-04-10 17:22:31,403 [5409a7e1-30d0-4745-ac51-a822fb81fdf2@group-CE8A5B0B0470-LeaderElection11] INFO  server.RaftServer$Division (ServerState.java:setLeader(313)) - 5409a7e1-30d0-4745-ac51-a822fb81fdf2@group-CE8A5B0B0470: change Leader from null to 5409a7e1-30d0-4745-ac51-a822fb81fdf2 at term 1 for becomeLeader, leader elected after 5147ms
2023-04-10 17:22:31,404 [5409a7e1-30d0-4745-ac51-a822fb81fdf2@group-CE8A5B0B0470-LeaderElection11] INFO  server.RaftServerConfigKeys (ConfUtils.java:logGet(46)) - raft.server.staging.catchup.gap = 1000 (default)
2023-04-10 17:22:31,404 [5409a7e1-30d0-4745-ac51-a822fb81fdf2@group-CE8A5B0B0470-LeaderElection11] INFO  server.RaftServerConfigKeys (ConfUtils.java:logGet(46)) - raft.server.write.element-limit = 1024 (custom)
2023-04-10 17:22:31,404 [5409a7e1-30d0-4745-ac51-a822fb81fdf2@group-CE8A5B0B0470-LeaderElection11] INFO  server.RaftServerConfigKeys (ConfUtils.java:logGet(46)) - raft.server.write.byte-limit = 1024 M (=1073741824) (custom)
2023-04-10 17:22:31,402 [grpc-default-executor-3] INFO  server.RaftServer$Division (RaftServerImpl.java:requestVote(1218)) - c97d6447-1a4d-4694-905e-ecb7e619760c@group-CE8A5B0B0470: receive requestVote(PRE_VOTE, 5409a7e1-30d0-4745-ac51-a822fb81fdf2, group-CE8A5B0B0470, 0, (t:0, i:0))
2023-04-10 17:22:31,404 [grpc-default-executor-3] INFO  impl.VoteContext (VoteContext.java:log(49)) - c97d6447-1a4d-4694-905e-ecb7e619760c@group-CE8A5B0B0470-FOLLOWER: accept PRE_VOTE from 5409a7e1-30d0-4745-ac51-a822fb81fdf2: our priority 0 <= candidate's priority 1
2023-04-10 17:22:31,404 [grpc-default-executor-3] INFO  server.RaftServer$Division (RaftServerImpl.java:requestVote(1251)) - c97d6447-1a4d-4694-905e-ecb7e619760c@group-CE8A5B0B0470 replies to PRE_VOTE vote request: 5409a7e1-30d0-4745-ac51-a822fb81fdf2<-c97d6447-1a4d-4694-905e-ecb7e619760c#0:OK-t0. Peer's state: c97d6447-1a4d-4694-905e-ecb7e619760c@group-CE8A5B0B0470:t0, leader=null, voted=, raftlog=Memoized:c97d6447-1a4d-4694-905e-ecb7e619760c@group-CE8A5B0B0470-SegmentedRaftLog:OPENED:c-1, conf=-1: peers:[5409a7e1-30d0-4745-ac51-a822fb81fdf2|rpc:10.1.0.59:44977|dataStream:10.1.0.59:46461|priority:1|startupRole:FOLLOWER, a57f48d7-536d-4afe-bf9f-8dd3ac661106|rpc:10.1.0.59:46547|dataStream:10.1.0.59:36673|priority:0|startupRole:FOLLOWER, c97d6447-1a4d-4694-905e-ecb7e619760c|rpc:10.1.0.59:37075|dataStream:10.1.0.59:44001|priority:0|startupRole:FOLLOWER]|listeners:[], old=null
2023-04-10 17:22:31,405 [grpc-default-executor-1] INFO  server.RaftServer$Division (RaftServerImpl.java:requestVote(1218)) - c97d6447-1a4d-4694-905e-ecb7e619760c@group-CE8A5B0B0470: receive requestVote(ELECTION, 5409a7e1-30d0-4745-ac51-a822fb81fdf2, group-CE8A5B0B0470, 1, (t:0, i:0))
2023-04-10 17:22:31,404 [5409a7e1-30d0-4745-ac51-a822fb81fdf2@group-CE8A5B0B0470-LeaderElection11] INFO  server.RaftServerConfigKeys (ConfUtils.java:logGet(46)) - raft.server.watch.timeout = 10000ms (default)
2023-04-10 17:22:31,405 [5409a7e1-30d0-4745-ac51-a822fb81fdf2@group-CE8A5B0B0470-LeaderElection11] INFO  server.RaftServerConfigKeys (ConfUtils.java:logGet(46)) - raft.server.watch.timeout.denomination = 1s (default)
2023-04-10 17:22:31,405 [5409a7e1-30d0-4745-ac51-a822fb81fdf2@group-CE8A5B0B0470-LeaderElection11] INFO  server.RaftServerConfigKeys (ConfUtils.java:logGet(46)) - raft.server.watch.element-limit = 65536 (default)
2023-04-10 17:22:31,405 [5409a7e1-30d0-4745-ac51-a822fb81fdf2@group-CE8A5B0B0470-LeaderElection11] INFO  server.RaftServerConfigKeys (ConfUtils.java:logGet(46)) - raft.server.write.element-limit = 1024 (custom)
2023-04-10 17:22:31,405 [5409a7e1-30d0-4745-ac51-a822fb81fdf2@group-CE8A5B0B0470-LeaderElection11] INFO  server.RaftServerConfigKeys (ConfUtils.java:logGet(46)) - raft.server.write.follower.gap.ratio.max = -1.0 (default)
2023-04-10 17:22:31,405 [5409a7e1-30d0-4745-ac51-a822fb81fdf2@group-CE8A5B0B0470-LeaderElection11] INFO  server.RaftServerConfigKeys (ConfUtils.java:logGet(46)) - raft.server.log.appender.snapshot.chunk.size.max = 16MB (=16777216) (default)
2023-04-10 17:22:31,405 [5409a7e1-30d0-4745-ac51-a822fb81fdf2@group-CE8A5B0B0470-LeaderElection11] INFO  server.RaftServerConfigKeys (ConfUtils.java:logGet(46)) - raft.server.log.appender.buffer.byte-limit = 33554432 (custom)
2023-04-10 17:22:31,405 [5409a7e1-30d0-4745-ac51-a822fb81fdf2@group-CE8A5B0B0470-LeaderElection11] INFO  server.RaftServerConfigKeys (ConfUtils.java:logGet(46)) - raft.server.log.appender.buffer.element-limit = 1 (custom)
2023-04-10 17:22:31,406 [5409a7e1-30d0-4745-ac51-a822fb81fdf2@group-CE8A5B0B0470-LeaderElection11] INFO  grpc.GrpcConfigKeys (ConfUtils.java:logGet(46)) - raft.grpc.server.leader.outstanding.appends.max = 128 (default)
2023-04-10 17:22:31,406 [5409a7e1-30d0-4745-ac51-a822fb81fdf2@group-CE8A5B0B0470-LeaderElection11] INFO  server.RaftServerConfigKeys (ConfUtils.java:logGet(46)) - raft.server.rpc.request.timeout = 3000ms (default)
2023-04-10 17:22:31,406 [5409a7e1-30d0-4745-ac51-a822fb81fdf2@group-CE8A5B0B0470-LeaderElection11] INFO  server.RaftServerConfigKeys (ConfUtils.java:logGet(46)) - raft.server.log.appender.install.snapshot.enabled = false (custom)
2023-04-10 17:22:31,406 [5409a7e1-30d0-4745-ac51-a822fb81fdf2@group-CE8A5B0B0470-LeaderElection11] INFO  grpc.GrpcConfigKeys (ConfUtils.java:logGet(46)) - raft.grpc.server.heartbeat.channel = true (default)
2023-04-10 17:22:31,406 [5409a7e1-30d0-4745-ac51-a822fb81fdf2@group-CE8A5B0B0470-LeaderElection11] INFO  server.RaftServerConfigKeys (ConfUtils.java:logGet(46)) - raft.server.log.appender.wait-time.min = 10ms (default)
2023-04-10 17:22:31,408 [5409a7e1-30d0-4745-ac51-a822fb81fdf2@group-CE8A5B0B0470-LeaderElection11] INFO  server.RaftServerConfigKeys (ConfUtils.java:logGet(46)) - raft.server.log.appender.snapshot.chunk.size.max = 16MB (=16777216) (default)
2023-04-10 17:22:31,408 [5409a7e1-30d0-4745-ac51-a822fb81fdf2@group-CE8A5B0B0470-LeaderElection11] INFO  server.RaftServerConfigKeys (ConfUtils.java:logGet(46)) - raft.server.log.appender.buffer.byte-limit = 33554432 (custom)
2023-04-10 17:22:31,408 [5409a7e1-30d0-4745-ac51-a822fb81fdf2@group-CE8A5B0B0470-LeaderElection11] INFO  server.RaftServerConfigKeys (ConfUtils.java:logGet(46)) - raft.server.log.appender.buffer.element-limit = 1 (custom)
2023-04-10 17:22:31,408 [EventQueue-PipelineReportForPipelineReportHandler] INFO  pipeline.PipelineManagerImpl (PipelineManagerImpl.java:openPipeline(367)) - Pipeline Pipeline[ Id: e0df58e8-daa2-4b2a-bf47-ce8a5b0b0470, Nodes: c97d6447-1a4d-4694-905e-ecb7e619760c(fv-az201-37/10.1.0.59)a57f48d7-536d-4afe-bf9f-8dd3ac661106(fv-az201-37/10.1.0.59)5409a7e1-30d0-4745-ac51-a822fb81fdf2(fv-az201-37/10.1.0.59), ReplicationConfig: RATIS/THREE, State:ALLOCATED, leaderId:5409a7e1-30d0-4745-ac51-a822fb81fdf2, CreationTimestamp2023-04-10T17:22:23.455Z[Etc/UTC]] moved to OPEN state
2023-04-10 17:22:31,409 [5409a7e1-30d0-4745-ac51-a822fb81fdf2@group-CE8A5B0B0470-LeaderElection11] INFO  grpc.GrpcConfigKeys (ConfUtils.java:logGet(46)) - raft.grpc.server.leader.outstanding.appends.max = 128 (default)
2023-04-10 17:22:31,411 [5409a7e1-30d0-4745-ac51-a822fb81fdf2@group-CE8A5B0B0470-LeaderElection11] INFO  server.RaftServerConfigKeys (ConfUtils.java:logGet(46)) - raft.server.rpc.request.timeout = 3000ms (default)
2023-04-10 17:22:31,411 [5409a7e1-30d0-4745-ac51-a822fb81fdf2@group-CE8A5B0B0470-LeaderElection11] INFO  server.RaftServerConfigKeys (ConfUtils.java:logGet(46)) - raft.server.log.appender.install.snapshot.enabled = false (custom)
2023-04-10 17:22:31,411 [5409a7e1-30d0-4745-ac51-a822fb81fdf2@group-CE8A5B0B0470-LeaderElection11] INFO  grpc.GrpcConfigKeys (ConfUtils.java:logGet(46)) - raft.grpc.server.heartbeat.channel = true (default)
2023-04-10 17:22:31,411 [5409a7e1-30d0-4745-ac51-a822fb81fdf2@group-CE8A5B0B0470-LeaderElection11] INFO  server.RaftServerConfigKeys (ConfUtils.java:logGet(46)) - raft.server.log.appender.wait-time.min = 10ms (default)
2023-04-10 17:22:31,411 [5409a7e1-30d0-4745-ac51-a822fb81fdf2@group-CE8A5B0B0470-LeaderElection11] INFO  impl.RoleInfo (RoleInfo.java:updateAndGet(139)) - 5409a7e1-30d0-4745-ac51-a822fb81fdf2: start 5409a7e1-30d0-4745-ac51-a822fb81fdf2@group-CE8A5B0B0470-LeaderStateImpl
2023-04-10 17:22:31,411 [5409a7e1-30d0-4745-ac51-a822fb81fdf2@group-CE8A5B0B0470-LeaderElection11] INFO  segmented.SegmentedRaftLogWorker (SegmentedRaftLogWorker.java:startLogSegment(452)) - 5409a7e1-30d0-4745-ac51-a822fb81fdf2@group-CE8A5B0B0470-SegmentedRaftLogWorker: Starting segment from index:0
2023-04-10 17:22:31,413 [5409a7e1-30d0-4745-ac51-a822fb81fdf2@group-CE8A5B0B0470-SegmentedRaftLogWorker] INFO  segmented.SegmentedRaftLogWorker (SegmentedRaftLogWorker.java:execute(656)) - 5409a7e1-30d0-4745-ac51-a822fb81fdf2@group-CE8A5B0B0470-SegmentedRaftLogWorker: created new log segment /home/runner/work/ozone/ozone/hadoop-ozone/integration-test/target/test-dir/MiniOzoneClusterImpl-bd692c78-fb3a-4866-9e85-e2f4bd0dbf58/datanode-3/data/ratis/e0df58e8-daa2-4b2a-bf47-ce8a5b0b0470/current/log_inprogress_0
2023-04-10 17:22:31,416 [c97d6447-1a4d-4694-905e-ecb7e619760c@group-CCE1D1D12927-FollowerState] INFO  impl.FollowerState (FollowerState.java:run(143)) - c97d6447-1a4d-4694-905e-ecb7e619760c@group-CCE1D1D12927-FollowerState: change to CANDIDATE, lastRpcElapsedTime:5112616109ns, electionTimeout:5108ms
2023-04-10 17:22:31,416 [c97d6447-1a4d-4694-905e-ecb7e619760c@group-CCE1D1D12927-FollowerState] INFO  impl.RoleInfo (RoleInfo.java:shutdownFollowerState(110)) - c97d6447-1a4d-4694-905e-ecb7e619760c: shutdown c97d6447-1a4d-4694-905e-ecb7e619760c@group-CCE1D1D12927-FollowerState
2023-04-10 17:22:31,416 [c97d6447-1a4d-4694-905e-ecb7e619760c@group-CCE1D1D12927-FollowerState] INFO  server.RaftServer$Division (RaftServerImpl.java:setRole(321)) - c97d6447-1a4d-4694-905e-ecb7e619760c@group-CCE1D1D12927: changes role from  FOLLOWER to CANDIDATE at term 0 for changeToCandidate
2023-04-10 17:22:31,420 [Listener at 127.0.0.1/35635] INFO  rpc.RpcClient (RpcClient.java:createBucket(698)) - Creating Bucket: testcontainerstatemachinefailures/testcontainerstatemachinefailures, with server-side default bucket layout, runner as owner, Versioning false, Storage Type set to DISK and Encryption set to false, Replication Type set to server-side default replication type, Namespace Quota set to -1, Space Quota set to -1 
2023-04-10 17:22:31,431 [c97d6447-1a4d-4694-905e-ecb7e619760c@group-CCE1D1D12927-FollowerState] INFO  server.RaftServerConfigKeys (ConfUtils.java:logGet(46)) - raft.server.leaderelection.pre-vote = true (default)
2023-04-10 17:22:31,431 [c97d6447-1a4d-4694-905e-ecb7e619760c@group-CCE1D1D12927-FollowerState] INFO  impl.RoleInfo (RoleInfo.java:updateAndGet(139)) - c97d6447-1a4d-4694-905e-ecb7e619760c: start c97d6447-1a4d-4694-905e-ecb7e619760c@group-CCE1D1D12927-LeaderElection12
2023-04-10 17:22:31,440 [grpc-default-executor-1] INFO  impl.VoteContext (VoteContext.java:log(49)) - c97d6447-1a4d-4694-905e-ecb7e619760c@group-CE8A5B0B0470-FOLLOWER: accept ELECTION from 5409a7e1-30d0-4745-ac51-a822fb81fdf2: our priority 0 <= candidate's priority 1
2023-04-10 17:22:31,440 [grpc-default-executor-1] INFO  server.RaftServer$Division (RaftServerImpl.java:setRole(321)) - c97d6447-1a4d-4694-905e-ecb7e619760c@group-CE8A5B0B0470: changes role from  FOLLOWER to FOLLOWER at term 1 for candidate:5409a7e1-30d0-4745-ac51-a822fb81fdf2
2023-04-10 17:22:31,440 [grpc-default-executor-1] INFO  impl.RoleInfo (RoleInfo.java:shutdownFollowerState(110)) - c97d6447-1a4d-4694-905e-ecb7e619760c: shutdown c97d6447-1a4d-4694-905e-ecb7e619760c@group-CE8A5B0B0470-FollowerState
2023-04-10 17:22:31,441 [grpc-default-executor-1] INFO  impl.RoleInfo (RoleInfo.java:updateAndGet(139)) - c97d6447-1a4d-4694-905e-ecb7e619760c: start c97d6447-1a4d-4694-905e-ecb7e619760c@group-CE8A5B0B0470-FollowerState
2023-04-10 17:22:31,443 [5409a7e1-30d0-4745-ac51-a822fb81fdf2@group-CE8A5B0B0470-LeaderElection11] INFO  server.RaftServer$Division (ServerState.java:setRaftConf(430)) - 5409a7e1-30d0-4745-ac51-a822fb81fdf2@group-CE8A5B0B0470: set configuration 0: peers:[5409a7e1-30d0-4745-ac51-a822fb81fdf2|rpc:10.1.0.59:44977|dataStream:10.1.0.59:46461|priority:1|startupRole:FOLLOWER, a57f48d7-536d-4afe-bf9f-8dd3ac661106|rpc:10.1.0.59:46547|dataStream:10.1.0.59:36673|priority:0|startupRole:FOLLOWER, c97d6447-1a4d-4694-905e-ecb7e619760c|rpc:10.1.0.59:37075|dataStream:10.1.0.59:44001|priority:0|startupRole:FOLLOWER]|listeners:[], old=null
2023-04-10 17:22:31,456 [grpc-default-executor-1] INFO  server.RaftServer$Division (RaftServerImpl.java:requestVote(1251)) - c97d6447-1a4d-4694-905e-ecb7e619760c@group-CE8A5B0B0470 replies to ELECTION vote request: 5409a7e1-30d0-4745-ac51-a822fb81fdf2<-c97d6447-1a4d-4694-905e-ecb7e619760c#0:OK-t1. Peer's state: c97d6447-1a4d-4694-905e-ecb7e619760c@group-CE8A5B0B0470:t1, leader=null, voted=5409a7e1-30d0-4745-ac51-a822fb81fdf2, raftlog=Memoized:c97d6447-1a4d-4694-905e-ecb7e619760c@group-CE8A5B0B0470-SegmentedRaftLog:OPENED:c-1, conf=-1: peers:[5409a7e1-30d0-4745-ac51-a822fb81fdf2|rpc:10.1.0.59:44977|dataStream:10.1.0.59:46461|priority:1|startupRole:FOLLOWER, a57f48d7-536d-4afe-bf9f-8dd3ac661106|rpc:10.1.0.59:46547|dataStream:10.1.0.59:36673|priority:0|startupRole:FOLLOWER, c97d6447-1a4d-4694-905e-ecb7e619760c|rpc:10.1.0.59:37075|dataStream:10.1.0.59:44001|priority:0|startupRole:FOLLOWER]|listeners:[], old=null
2023-04-10 17:22:31,457 [c97d6447-1a4d-4694-905e-ecb7e619760c@group-CE8A5B0B0470-FollowerState] INFO  impl.FollowerState (FollowerState.java:shouldRun(117)) - c97d6447-1a4d-4694-905e-ecb7e619760c@group-CE8A5B0B0470-FollowerState: Stopping now (isRunning? false, role = FOLLOWER)
2023-04-10 17:22:31,457 [c97d6447-1a4d-4694-905e-ecb7e619760c@group-CE8A5B0B0470-FollowerState] INFO  server.RaftServerConfigKeys (ConfUtils.java:logFallback(53)) - raft.server.rpc.first-election.timeout.min = 5s (fallback to raft.server.rpc.timeout.min)
2023-04-10 17:22:31,457 [c97d6447-1a4d-4694-905e-ecb7e619760c@group-CE8A5B0B0470-FollowerState] INFO  server.RaftServerConfigKeys (ConfUtils.java:logFallback(53)) - raft.server.rpc.first-election.timeout.max = 5200ms (fallback to raft.server.rpc.timeout.max)
2023-04-10 17:22:31,465 [5409a7e1-30d0-4745-ac51-a822fb81fdf2@group-CE8A5B0B0470-StateMachineUpdater] INFO  ratis.ContainerStateMachine (ContainerStateMachine.java:takeSnapshot(330)) - group-CE8A5B0B0470: Taking a snapshot at:(t:1, i:0) file /home/runner/work/ozone/ozone/hadoop-ozone/integration-test/target/test-dir/MiniOzoneClusterImpl-bd692c78-fb3a-4866-9e85-e2f4bd0dbf58/datanode-3/data/ratis/e0df58e8-daa2-4b2a-bf47-ce8a5b0b0470/sm/snapshot.1_0
2023-04-10 17:22:31,469 [5409a7e1-30d0-4745-ac51-a822fb81fdf2@group-CE8A5B0B0470-StateMachineUpdater] INFO  ratis.ContainerStateMachine (ContainerStateMachine.java:takeSnapshot(341)) - group-CE8A5B0B0470: Finished taking a snapshot at:(t:1, i:0) file:/home/runner/work/ozone/ozone/hadoop-ozone/integration-test/target/test-dir/MiniOzoneClusterImpl-bd692c78-fb3a-4866-9e85-e2f4bd0dbf58/datanode-3/data/ratis/e0df58e8-daa2-4b2a-bf47-ce8a5b0b0470/sm/snapshot.1_0 took: 3 ms
2023-04-10 17:22:31,469 [5409a7e1-30d0-4745-ac51-a822fb81fdf2@group-CE8A5B0B0470-StateMachineUpdater] INFO  impl.StateMachineUpdater (StateMachineUpdater.java:takeSnapshot(287)) - 5409a7e1-30d0-4745-ac51-a822fb81fdf2@group-CE8A5B0B0470-StateMachineUpdater: Took a snapshot at index 0
2023-04-10 17:22:31,469 [5409a7e1-30d0-4745-ac51-a822fb81fdf2@group-CE8A5B0B0470-StateMachineUpdater] INFO  impl.StateMachineUpdater (StateMachineUpdater.java:lambda$new$0(92)) - 5409a7e1-30d0-4745-ac51-a822fb81fdf2@group-CE8A5B0B0470-StateMachineUpdater: snapshotIndex: updateIncreasingly -1 -> 0
2023-04-10 17:22:31,473 [OM StateMachine ApplyTransaction Thread - 0] INFO  bucket.OMBucketCreateRequest (OMBucketCreateRequest.java:validateAndUpdateCache(269)) - created bucket: testcontainerstatemachinefailures of layout FILE_SYSTEM_OPTIMIZED in volume: testcontainerstatemachinefailures
2023-04-10 17:22:31,481 [c97d6447-1a4d-4694-905e-ecb7e619760c@group-CCE1D1D12927-LeaderElection12] INFO  impl.LeaderElection (LeaderElection.java:askForVotes(312)) - c97d6447-1a4d-4694-905e-ecb7e619760c@group-CCE1D1D12927-LeaderElection12 PRE_VOTE round 0: submit vote requests at term 0 for -1: peers:[c97d6447-1a4d-4694-905e-ecb7e619760c|rpc:10.1.0.59:37075|dataStream:10.1.0.59:44001|priority:1|startupRole:FOLLOWER]|listeners:[], old=null
2023-04-10 17:22:31,481 [a57f48d7-536d-4afe-bf9f-8dd3ac661106-server-thread1] INFO  ratis.XceiverServerRatis (XceiverServerRatis.java:handleLeaderChangedNotification(904)) - Leader change notification received for group: group-CE8A5B0B0470 with new leaderId: 5409a7e1-30d0-4745-ac51-a822fb81fdf2
2023-04-10 17:22:31,481 [a57f48d7-536d-4afe-bf9f-8dd3ac661106-server-thread1] INFO  server.RaftServer$Division (ServerState.java:setLeader(313)) - a57f48d7-536d-4afe-bf9f-8dd3ac661106@group-CE8A5B0B0470: change Leader from null to 5409a7e1-30d0-4745-ac51-a822fb81fdf2 at term 1 for appendEntries, leader elected after 5103ms
2023-04-10 17:22:31,481 [c97d6447-1a4d-4694-905e-ecb7e619760c@group-CCE1D1D12927-LeaderElection12] INFO  impl.LeaderElection (LeaderElection.java:askForVotes(314)) - c97d6447-1a4d-4694-905e-ecb7e619760c@group-CCE1D1D12927-LeaderElection12 PRE_VOTE round 0: result PASSED (term=0)
2023-04-10 17:22:31,487 [a57f48d7-536d-4afe-bf9f-8dd3ac661106-server-thread2] INFO  server.RaftServer$Division (ServerState.java:setRaftConf(430)) - a57f48d7-536d-4afe-bf9f-8dd3ac661106@group-CE8A5B0B0470: set configuration 0: peers:[5409a7e1-30d0-4745-ac51-a822fb81fdf2|rpc:10.1.0.59:44977|dataStream:10.1.0.59:46461|priority:1|startupRole:FOLLOWER, a57f48d7-536d-4afe-bf9f-8dd3ac661106|rpc:10.1.0.59:46547|dataStream:10.1.0.59:36673|priority:0|startupRole:FOLLOWER, c97d6447-1a4d-4694-905e-ecb7e619760c|rpc:10.1.0.59:37075|dataStream:10.1.0.59:44001|priority:0|startupRole:FOLLOWER]|listeners:[], old=null
2023-04-10 17:22:31,487 [a57f48d7-536d-4afe-bf9f-8dd3ac661106-server-thread2] INFO  segmented.SegmentedRaftLogWorker (SegmentedRaftLogWorker.java:startLogSegment(452)) - a57f48d7-536d-4afe-bf9f-8dd3ac661106@group-CE8A5B0B0470-SegmentedRaftLogWorker: Starting segment from index:0
2023-04-10 17:22:31,488 [c97d6447-1a4d-4694-905e-ecb7e619760c@group-CCE1D1D12927-LeaderElection12] INFO  impl.LeaderElection (LeaderElection.java:askForVotes(312)) - c97d6447-1a4d-4694-905e-ecb7e619760c@group-CCE1D1D12927-LeaderElection12 ELECTION round 0: submit vote requests at term 1 for -1: peers:[c97d6447-1a4d-4694-905e-ecb7e619760c|rpc:10.1.0.59:37075|dataStream:10.1.0.59:44001|priority:1|startupRole:FOLLOWER]|listeners:[], old=null
2023-04-10 17:22:31,488 [c97d6447-1a4d-4694-905e-ecb7e619760c@group-CCE1D1D12927-LeaderElection12] INFO  impl.LeaderElection (LeaderElection.java:askForVotes(314)) - c97d6447-1a4d-4694-905e-ecb7e619760c@group-CCE1D1D12927-LeaderElection12 ELECTION round 0: result PASSED (term=1)
2023-04-10 17:22:31,488 [c97d6447-1a4d-4694-905e-ecb7e619760c@group-CCE1D1D12927-LeaderElection12] INFO  impl.RoleInfo (RoleInfo.java:shutdownLeaderElection(130)) - c97d6447-1a4d-4694-905e-ecb7e619760c: shutdown c97d6447-1a4d-4694-905e-ecb7e619760c@group-CCE1D1D12927-LeaderElection12
2023-04-10 17:22:31,489 [c97d6447-1a4d-4694-905e-ecb7e619760c@group-CCE1D1D12927-LeaderElection12] INFO  server.RaftServer$Division (RaftServerImpl.java:setRole(321)) - c97d6447-1a4d-4694-905e-ecb7e619760c@group-CCE1D1D12927: changes role from CANDIDATE to LEADER at term 1 for changeToLeader
2023-04-10 17:22:31,489 [c97d6447-1a4d-4694-905e-ecb7e619760c@group-CCE1D1D12927-LeaderElection12] INFO  ratis.XceiverServerRatis (XceiverServerRatis.java:handleLeaderChangedNotification(904)) - Leader change notification received for group: group-CCE1D1D12927 with new leaderId: c97d6447-1a4d-4694-905e-ecb7e619760c
2023-04-10 17:22:31,489 [c97d6447-1a4d-4694-905e-ecb7e619760c@group-CCE1D1D12927-LeaderElection12] INFO  server.RaftServer$Division (ServerState.java:setLeader(313)) - c97d6447-1a4d-4694-905e-ecb7e619760c@group-CCE1D1D12927: change Leader from null to c97d6447-1a4d-4694-905e-ecb7e619760c at term 1 for becomeLeader, leader elected after 5234ms
2023-04-10 17:22:31,489 [c97d6447-1a4d-4694-905e-ecb7e619760c@group-CCE1D1D12927-LeaderElection12] INFO  server.RaftServerConfigKeys (ConfUtils.java:logGet(46)) - raft.server.staging.catchup.gap = 1000 (default)
2023-04-10 17:22:31,489 [c97d6447-1a4d-4694-905e-ecb7e619760c@group-CCE1D1D12927-LeaderElection12] INFO  server.RaftServerConfigKeys (ConfUtils.java:logGet(46)) - raft.server.write.element-limit = 1024 (custom)
2023-04-10 17:22:31,489 [c97d6447-1a4d-4694-905e-ecb7e619760c@group-CCE1D1D12927-LeaderElection12] INFO  server.RaftServerConfigKeys (ConfUtils.java:logGet(46)) - raft.server.write.byte-limit = 1024 M (=1073741824) (custom)
2023-04-10 17:22:31,489 [c97d6447-1a4d-4694-905e-ecb7e619760c@group-CCE1D1D12927-LeaderElection12] INFO  server.RaftServerConfigKeys (ConfUtils.java:logGet(46)) - raft.server.watch.timeout = 10000ms (default)
2023-04-10 17:22:31,489 [c97d6447-1a4d-4694-905e-ecb7e619760c@group-CCE1D1D12927-LeaderElection12] INFO  server.RaftServerConfigKeys (ConfUtils.java:logGet(46)) - raft.server.watch.timeout.denomination = 1s (default)
2023-04-10 17:22:31,489 [c97d6447-1a4d-4694-905e-ecb7e619760c@group-CCE1D1D12927-LeaderElection12] INFO  server.RaftServerConfigKeys (ConfUtils.java:logGet(46)) - raft.server.watch.element-limit = 65536 (default)
2023-04-10 17:22:31,489 [c97d6447-1a4d-4694-905e-ecb7e619760c@group-CCE1D1D12927-LeaderElection12] INFO  server.RaftServerConfigKeys (ConfUtils.java:logGet(46)) - raft.server.write.element-limit = 1024 (custom)
2023-04-10 17:22:31,489 [c97d6447-1a4d-4694-905e-ecb7e619760c@group-CCE1D1D12927-LeaderElection12] INFO  server.RaftServerConfigKeys (ConfUtils.java:logGet(46)) - raft.server.write.follower.gap.ratio.max = -1.0 (default)
2023-04-10 17:22:31,490 [c97d6447-1a4d-4694-905e-ecb7e619760c@group-CCE1D1D12927-LeaderElection12] INFO  impl.RoleInfo (RoleInfo.java:updateAndGet(139)) - c97d6447-1a4d-4694-905e-ecb7e619760c: start c97d6447-1a4d-4694-905e-ecb7e619760c@group-CCE1D1D12927-LeaderStateImpl
2023-04-10 17:22:31,490 [c97d6447-1a4d-4694-905e-ecb7e619760c@group-CCE1D1D12927-LeaderElection12] INFO  segmented.SegmentedRaftLogWorker (SegmentedRaftLogWorker.java:startLogSegment(452)) - c97d6447-1a4d-4694-905e-ecb7e619760c@group-CCE1D1D12927-SegmentedRaftLogWorker: Starting segment from index:0
2023-04-10 17:22:31,492 [c97d6447-1a4d-4694-905e-ecb7e619760c@group-CCE1D1D12927-SegmentedRaftLogWorker] INFO  segmented.SegmentedRaftLogWorker (SegmentedRaftLogWorker.java:execute(656)) - c97d6447-1a4d-4694-905e-ecb7e619760c@group-CCE1D1D12927-SegmentedRaftLogWorker: created new log segment /home/runner/work/ozone/ozone/hadoop-ozone/integration-test/target/test-dir/MiniOzoneClusterImpl-bd692c78-fb3a-4866-9e85-e2f4bd0dbf58/datanode-4/data/ratis/06f5d2d4-bd0d-4e22-8110-cce1d1d12927/current/log_inprogress_0
2023-04-10 17:22:31,493 [a57f48d7-536d-4afe-bf9f-8dd3ac661106@group-CE8A5B0B0470-SegmentedRaftLogWorker] INFO  segmented.SegmentedRaftLogWorker (SegmentedRaftLogWorker.java:execute(656)) - a57f48d7-536d-4afe-bf9f-8dd3ac661106@group-CE8A5B0B0470-SegmentedRaftLogWorker: created new log segment /home/runner/work/ozone/ozone/hadoop-ozone/integration-test/target/test-dir/MiniOzoneClusterImpl-bd692c78-fb3a-4866-9e85-e2f4bd0dbf58/datanode-5/data/ratis/e0df58e8-daa2-4b2a-bf47-ce8a5b0b0470/current/log_inprogress_0
2023-04-10 17:22:31,503 [c97d6447-1a4d-4694-905e-ecb7e619760c@group-CCE1D1D12927-LeaderElection12] INFO  server.RaftServer$Division (ServerState.java:setRaftConf(430)) - c97d6447-1a4d-4694-905e-ecb7e619760c@group-CCE1D1D12927: set configuration 0: peers:[c97d6447-1a4d-4694-905e-ecb7e619760c|rpc:10.1.0.59:37075|dataStream:10.1.0.59:44001|priority:1|startupRole:FOLLOWER]|listeners:[], old=null
2023-04-10 17:22:31,505 [c97d6447-1a4d-4694-905e-ecb7e619760c-server-thread1] INFO  ratis.XceiverServerRatis (XceiverServerRatis.java:handleLeaderChangedNotification(904)) - Leader change notification received for group: group-CE8A5B0B0470 with new leaderId: 5409a7e1-30d0-4745-ac51-a822fb81fdf2
2023-04-10 17:22:31,505 [c97d6447-1a4d-4694-905e-ecb7e619760c-server-thread1] INFO  server.RaftServer$Division (ServerState.java:setLeader(313)) - c97d6447-1a4d-4694-905e-ecb7e619760c@group-CE8A5B0B0470: change Leader from null to 5409a7e1-30d0-4745-ac51-a822fb81fdf2 at term 1 for appendEntries, leader elected after 5186ms
2023-04-10 17:22:31,511 [c97d6447-1a4d-4694-905e-ecb7e619760c@group-CCE1D1D12927-StateMachineUpdater] INFO  ratis.ContainerStateMachine (ContainerStateMachine.java:takeSnapshot(330)) - group-CCE1D1D12927: Taking a snapshot at:(t:1, i:0) file /home/runner/work/ozone/ozone/hadoop-ozone/integration-test/target/test-dir/MiniOzoneClusterImpl-bd692c78-fb3a-4866-9e85-e2f4bd0dbf58/datanode-4/data/ratis/06f5d2d4-bd0d-4e22-8110-cce1d1d12927/sm/snapshot.1_0
2023-04-10 17:22:31,512 [c97d6447-1a4d-4694-905e-ecb7e619760c@group-CCE1D1D12927-StateMachineUpdater] INFO  ratis.ContainerStateMachine (ContainerStateMachine.java:takeSnapshot(341)) - group-CCE1D1D12927: Finished taking a snapshot at:(t:1, i:0) file:/home/runner/work/ozone/ozone/hadoop-ozone/integration-test/target/test-dir/MiniOzoneClusterImpl-bd692c78-fb3a-4866-9e85-e2f4bd0dbf58/datanode-4/data/ratis/06f5d2d4-bd0d-4e22-8110-cce1d1d12927/sm/snapshot.1_0 took: 1 ms
2023-04-10 17:22:31,512 [c97d6447-1a4d-4694-905e-ecb7e619760c@group-CCE1D1D12927-StateMachineUpdater] INFO  impl.StateMachineUpdater (StateMachineUpdater.java:takeSnapshot(287)) - c97d6447-1a4d-4694-905e-ecb7e619760c@group-CCE1D1D12927-StateMachineUpdater: Took a snapshot at index 0
2023-04-10 17:22:31,512 [c97d6447-1a4d-4694-905e-ecb7e619760c@group-CCE1D1D12927-StateMachineUpdater] INFO  impl.StateMachineUpdater (StateMachineUpdater.java:lambda$new$0(92)) - c97d6447-1a4d-4694-905e-ecb7e619760c@group-CCE1D1D12927-StateMachineUpdater: snapshotIndex: updateIncreasingly -1 -> 0
2023-04-10 17:22:31,527 [c97d6447-1a4d-4694-905e-ecb7e619760c-server-thread2] INFO  server.RaftServer$Division (ServerState.java:setRaftConf(430)) - c97d6447-1a4d-4694-905e-ecb7e619760c@group-CE8A5B0B0470: set configuration 0: peers:[5409a7e1-30d0-4745-ac51-a822fb81fdf2|rpc:10.1.0.59:44977|dataStream:10.1.0.59:46461|priority:1|startupRole:FOLLOWER, a57f48d7-536d-4afe-bf9f-8dd3ac661106|rpc:10.1.0.59:46547|dataStream:10.1.0.59:36673|priority:0|startupRole:FOLLOWER, c97d6447-1a4d-4694-905e-ecb7e619760c|rpc:10.1.0.59:37075|dataStream:10.1.0.59:44001|priority:0|startupRole:FOLLOWER]|listeners:[], old=null
2023-04-10 17:22:31,527 [c97d6447-1a4d-4694-905e-ecb7e619760c-server-thread2] INFO  segmented.SegmentedRaftLogWorker (SegmentedRaftLogWorker.java:startLogSegment(452)) - c97d6447-1a4d-4694-905e-ecb7e619760c@group-CE8A5B0B0470-SegmentedRaftLogWorker: Starting segment from index:0
2023-04-10 17:22:31,528 [a57f48d7-536d-4afe-bf9f-8dd3ac661106@group-CE8A5B0B0470-StateMachineUpdater] INFO  ratis.ContainerStateMachine (ContainerStateMachine.java:takeSnapshot(330)) - group-CE8A5B0B0470: Taking a snapshot at:(t:1, i:0) file /home/runner/work/ozone/ozone/hadoop-ozone/integration-test/target/test-dir/MiniOzoneClusterImpl-bd692c78-fb3a-4866-9e85-e2f4bd0dbf58/datanode-5/data/ratis/e0df58e8-daa2-4b2a-bf47-ce8a5b0b0470/sm/snapshot.1_0
2023-04-10 17:22:31,532 [c97d6447-1a4d-4694-905e-ecb7e619760c@group-CE8A5B0B0470-SegmentedRaftLogWorker] INFO  segmented.SegmentedRaftLogWorker (SegmentedRaftLogWorker.java:execute(656)) - c97d6447-1a4d-4694-905e-ecb7e619760c@group-CE8A5B0B0470-SegmentedRaftLogWorker: created new log segment /home/runner/work/ozone/ozone/hadoop-ozone/integration-test/target/test-dir/MiniOzoneClusterImpl-bd692c78-fb3a-4866-9e85-e2f4bd0dbf58/datanode-4/data/ratis/e0df58e8-daa2-4b2a-bf47-ce8a5b0b0470/current/log_inprogress_0
2023-04-10 17:22:31,533 [a57f48d7-536d-4afe-bf9f-8dd3ac661106@group-CE8A5B0B0470-StateMachineUpdater] INFO  ratis.ContainerStateMachine (ContainerStateMachine.java:takeSnapshot(341)) - group-CE8A5B0B0470: Finished taking a snapshot at:(t:1, i:0) file:/home/runner/work/ozone/ozone/hadoop-ozone/integration-test/target/test-dir/MiniOzoneClusterImpl-bd692c78-fb3a-4866-9e85-e2f4bd0dbf58/datanode-5/data/ratis/e0df58e8-daa2-4b2a-bf47-ce8a5b0b0470/sm/snapshot.1_0 took: 4 ms
2023-04-10 17:22:31,533 [a57f48d7-536d-4afe-bf9f-8dd3ac661106@group-CE8A5B0B0470-StateMachineUpdater] INFO  impl.StateMachineUpdater (StateMachineUpdater.java:takeSnapshot(287)) - a57f48d7-536d-4afe-bf9f-8dd3ac661106@group-CE8A5B0B0470-StateMachineUpdater: Took a snapshot at index 0
2023-04-10 17:22:31,533 [a57f48d7-536d-4afe-bf9f-8dd3ac661106@group-CE8A5B0B0470-StateMachineUpdater] INFO  impl.StateMachineUpdater (StateMachineUpdater.java:lambda$new$0(92)) - a57f48d7-536d-4afe-bf9f-8dd3ac661106@group-CE8A5B0B0470-StateMachineUpdater: snapshotIndex: updateIncreasingly -1 -> 0
2023-04-10 17:22:31,534 [c97d6447-1a4d-4694-905e-ecb7e619760c@group-CE8A5B0B0470-StateMachineUpdater] INFO  ratis.ContainerStateMachine (ContainerStateMachine.java:takeSnapshot(330)) - group-CE8A5B0B0470: Taking a snapshot at:(t:1, i:0) file /home/runner/work/ozone/ozone/hadoop-ozone/integration-test/target/test-dir/MiniOzoneClusterImpl-bd692c78-fb3a-4866-9e85-e2f4bd0dbf58/datanode-4/data/ratis/e0df58e8-daa2-4b2a-bf47-ce8a5b0b0470/sm/snapshot.1_0
2023-04-10 17:22:31,535 [c97d6447-1a4d-4694-905e-ecb7e619760c@group-CE8A5B0B0470-StateMachineUpdater] INFO  ratis.ContainerStateMachine (ContainerStateMachine.java:takeSnapshot(341)) - group-CE8A5B0B0470: Finished taking a snapshot at:(t:1, i:0) file:/home/runner/work/ozone/ozone/hadoop-ozone/integration-test/target/test-dir/MiniOzoneClusterImpl-bd692c78-fb3a-4866-9e85-e2f4bd0dbf58/datanode-4/data/ratis/e0df58e8-daa2-4b2a-bf47-ce8a5b0b0470/sm/snapshot.1_0 took: 1 ms
2023-04-10 17:22:31,535 [c97d6447-1a4d-4694-905e-ecb7e619760c@group-CE8A5B0B0470-StateMachineUpdater] INFO  impl.StateMachineUpdater (StateMachineUpdater.java:takeSnapshot(287)) - c97d6447-1a4d-4694-905e-ecb7e619760c@group-CE8A5B0B0470-StateMachineUpdater: Took a snapshot at index 0
2023-04-10 17:22:31,535 [c97d6447-1a4d-4694-905e-ecb7e619760c@group-CE8A5B0B0470-StateMachineUpdater] INFO  impl.StateMachineUpdater (StateMachineUpdater.java:lambda$new$0(92)) - c97d6447-1a4d-4694-905e-ecb7e619760c@group-CE8A5B0B0470-StateMachineUpdater: snapshotIndex: updateIncreasingly -1 -> 0
2023-04-10 17:22:31,586 [a57f48d7-536d-4afe-bf9f-8dd3ac661106@group-0FA13A8FDF5E-FollowerState] INFO  impl.FollowerState (FollowerState.java:run(143)) - a57f48d7-536d-4afe-bf9f-8dd3ac661106@group-0FA13A8FDF5E-FollowerState: change to CANDIDATE, lastRpcElapsedTime:5120653046ns, electionTimeout:5119ms
2023-04-10 17:22:31,586 [a57f48d7-536d-4afe-bf9f-8dd3ac661106@group-0FA13A8FDF5E-FollowerState] INFO  impl.RoleInfo (RoleInfo.java:shutdownFollowerState(110)) - a57f48d7-536d-4afe-bf9f-8dd3ac661106: shutdown a57f48d7-536d-4afe-bf9f-8dd3ac661106@group-0FA13A8FDF5E-FollowerState
2023-04-10 17:22:31,586 [a57f48d7-536d-4afe-bf9f-8dd3ac661106@group-0FA13A8FDF5E-FollowerState] INFO  server.RaftServer$Division (RaftServerImpl.java:setRole(321)) - a57f48d7-536d-4afe-bf9f-8dd3ac661106@group-0FA13A8FDF5E: changes role from  FOLLOWER to CANDIDATE at term 0 for changeToCandidate
2023-04-10 17:22:31,586 [a57f48d7-536d-4afe-bf9f-8dd3ac661106@group-0FA13A8FDF5E-FollowerState] INFO  server.RaftServerConfigKeys (ConfUtils.java:logGet(46)) - raft.server.leaderelection.pre-vote = true (default)
2023-04-10 17:22:31,586 [a57f48d7-536d-4afe-bf9f-8dd3ac661106@group-0FA13A8FDF5E-FollowerState] INFO  impl.RoleInfo (RoleInfo.java:updateAndGet(139)) - a57f48d7-536d-4afe-bf9f-8dd3ac661106: start a57f48d7-536d-4afe-bf9f-8dd3ac661106@group-0FA13A8FDF5E-LeaderElection13
2023-04-10 17:22:31,595 [a57f48d7-536d-4afe-bf9f-8dd3ac661106@group-0FA13A8FDF5E-LeaderElection13] INFO  impl.LeaderElection (LeaderElection.java:askForVotes(312)) - a57f48d7-536d-4afe-bf9f-8dd3ac661106@group-0FA13A8FDF5E-LeaderElection13 PRE_VOTE round 0: submit vote requests at term 0 for -1: peers:[a57f48d7-536d-4afe-bf9f-8dd3ac661106|rpc:10.1.0.59:46547|dataStream:10.1.0.59:36673|priority:1|startupRole:FOLLOWER]|listeners:[], old=null
2023-04-10 17:22:31,595 [a57f48d7-536d-4afe-bf9f-8dd3ac661106@group-0FA13A8FDF5E-LeaderElection13] INFO  impl.LeaderElection (LeaderElection.java:askForVotes(314)) - a57f48d7-536d-4afe-bf9f-8dd3ac661106@group-0FA13A8FDF5E-LeaderElection13 PRE_VOTE round 0: result PASSED (term=0)
2023-04-10 17:22:31,597 [a57f48d7-536d-4afe-bf9f-8dd3ac661106@group-0FA13A8FDF5E-LeaderElection13] INFO  impl.LeaderElection (LeaderElection.java:askForVotes(312)) - a57f48d7-536d-4afe-bf9f-8dd3ac661106@group-0FA13A8FDF5E-LeaderElection13 ELECTION round 0: submit vote requests at term 1 for -1: peers:[a57f48d7-536d-4afe-bf9f-8dd3ac661106|rpc:10.1.0.59:46547|dataStream:10.1.0.59:36673|priority:1|startupRole:FOLLOWER]|listeners:[], old=null
2023-04-10 17:22:31,598 [a57f48d7-536d-4afe-bf9f-8dd3ac661106@group-0FA13A8FDF5E-LeaderElection13] INFO  impl.LeaderElection (LeaderElection.java:askForVotes(314)) - a57f48d7-536d-4afe-bf9f-8dd3ac661106@group-0FA13A8FDF5E-LeaderElection13 ELECTION round 0: result PASSED (term=1)
2023-04-10 17:22:31,598 [a57f48d7-536d-4afe-bf9f-8dd3ac661106@group-0FA13A8FDF5E-LeaderElection13] INFO  impl.RoleInfo (RoleInfo.java:shutdownLeaderElection(130)) - a57f48d7-536d-4afe-bf9f-8dd3ac661106: shutdown a57f48d7-536d-4afe-bf9f-8dd3ac661106@group-0FA13A8FDF5E-LeaderElection13
2023-04-10 17:22:31,598 [a57f48d7-536d-4afe-bf9f-8dd3ac661106@group-0FA13A8FDF5E-LeaderElection13] INFO  server.RaftServer$Division (RaftServerImpl.java:setRole(321)) - a57f48d7-536d-4afe-bf9f-8dd3ac661106@group-0FA13A8FDF5E: changes role from CANDIDATE to LEADER at term 1 for changeToLeader
2023-04-10 17:22:31,598 [a57f48d7-536d-4afe-bf9f-8dd3ac661106@group-0FA13A8FDF5E-LeaderElection13] INFO  ratis.XceiverServerRatis (XceiverServerRatis.java:handleLeaderChangedNotification(904)) - Leader change notification received for group: group-0FA13A8FDF5E with new leaderId: a57f48d7-536d-4afe-bf9f-8dd3ac661106
2023-04-10 17:22:31,598 [a57f48d7-536d-4afe-bf9f-8dd3ac661106@group-0FA13A8FDF5E-LeaderElection13] INFO  server.RaftServer$Division (ServerState.java:setLeader(313)) - a57f48d7-536d-4afe-bf9f-8dd3ac661106@group-0FA13A8FDF5E: change Leader from null to a57f48d7-536d-4afe-bf9f-8dd3ac661106 at term 1 for becomeLeader, leader elected after 5147ms
2023-04-10 17:22:31,598 [a57f48d7-536d-4afe-bf9f-8dd3ac661106@group-0FA13A8FDF5E-LeaderElection13] INFO  server.RaftServerConfigKeys (ConfUtils.java:logGet(46)) - raft.server.staging.catchup.gap = 1000 (default)
2023-04-10 17:22:31,598 [a57f48d7-536d-4afe-bf9f-8dd3ac661106@group-0FA13A8FDF5E-LeaderElection13] INFO  server.RaftServerConfigKeys (ConfUtils.java:logGet(46)) - raft.server.write.element-limit = 1024 (custom)
2023-04-10 17:22:31,598 [a57f48d7-536d-4afe-bf9f-8dd3ac661106@group-0FA13A8FDF5E-LeaderElection13] INFO  server.RaftServerConfigKeys (ConfUtils.java:logGet(46)) - raft.server.write.byte-limit = 1024 M (=1073741824) (custom)
2023-04-10 17:22:31,598 [a57f48d7-536d-4afe-bf9f-8dd3ac661106@group-0FA13A8FDF5E-LeaderElection13] INFO  server.RaftServerConfigKeys (ConfUtils.java:logGet(46)) - raft.server.watch.timeout = 10000ms (default)
2023-04-10 17:22:31,599 [a57f48d7-536d-4afe-bf9f-8dd3ac661106@group-0FA13A8FDF5E-LeaderElection13] INFO  server.RaftServerConfigKeys (ConfUtils.java:logGet(46)) - raft.server.watch.timeout.denomination = 1s (default)
2023-04-10 17:22:31,599 [a57f48d7-536d-4afe-bf9f-8dd3ac661106@group-0FA13A8FDF5E-LeaderElection13] INFO  server.RaftServerConfigKeys (ConfUtils.java:logGet(46)) - raft.server.watch.element-limit = 65536 (default)
2023-04-10 17:22:31,599 [a57f48d7-536d-4afe-bf9f-8dd3ac661106@group-0FA13A8FDF5E-LeaderElection13] INFO  server.RaftServerConfigKeys (ConfUtils.java:logGet(46)) - raft.server.write.element-limit = 1024 (custom)
2023-04-10 17:22:31,599 [a57f48d7-536d-4afe-bf9f-8dd3ac661106@group-0FA13A8FDF5E-LeaderElection13] INFO  server.RaftServerConfigKeys (ConfUtils.java:logGet(46)) - raft.server.write.follower.gap.ratio.max = -1.0 (default)
2023-04-10 17:22:31,600 [a57f48d7-536d-4afe-bf9f-8dd3ac661106@group-0FA13A8FDF5E-LeaderElection13] INFO  impl.RoleInfo (RoleInfo.java:updateAndGet(139)) - a57f48d7-536d-4afe-bf9f-8dd3ac661106: start a57f48d7-536d-4afe-bf9f-8dd3ac661106@group-0FA13A8FDF5E-LeaderStateImpl
2023-04-10 17:22:31,600 [a57f48d7-536d-4afe-bf9f-8dd3ac661106@group-0FA13A8FDF5E-LeaderElection13] INFO  segmented.SegmentedRaftLogWorker (SegmentedRaftLogWorker.java:startLogSegment(452)) - a57f48d7-536d-4afe-bf9f-8dd3ac661106@group-0FA13A8FDF5E-SegmentedRaftLogWorker: Starting segment from index:0
2023-04-10 17:22:31,601 [a57f48d7-536d-4afe-bf9f-8dd3ac661106@group-0FA13A8FDF5E-SegmentedRaftLogWorker] INFO  segmented.SegmentedRaftLogWorker (SegmentedRaftLogWorker.java:execute(656)) - a57f48d7-536d-4afe-bf9f-8dd3ac661106@group-0FA13A8FDF5E-SegmentedRaftLogWorker: created new log segment /home/runner/work/ozone/ozone/hadoop-ozone/integration-test/target/test-dir/MiniOzoneClusterImpl-bd692c78-fb3a-4866-9e85-e2f4bd0dbf58/datanode-5/data/ratis/f35a81f3-d6c1-4e4a-91a8-0fa13a8fdf5e/current/log_inprogress_0
2023-04-10 17:22:31,611 [a57f48d7-536d-4afe-bf9f-8dd3ac661106@group-0FA13A8FDF5E-LeaderElection13] INFO  server.RaftServer$Division (ServerState.java:setRaftConf(430)) - a57f48d7-536d-4afe-bf9f-8dd3ac661106@group-0FA13A8FDF5E: set configuration 0: peers:[a57f48d7-536d-4afe-bf9f-8dd3ac661106|rpc:10.1.0.59:46547|dataStream:10.1.0.59:36673|priority:1|startupRole:FOLLOWER]|listeners:[], old=null
2023-04-10 17:22:31,616 [a57f48d7-536d-4afe-bf9f-8dd3ac661106@group-0FA13A8FDF5E-StateMachineUpdater] INFO  ratis.ContainerStateMachine (ContainerStateMachine.java:takeSnapshot(330)) - group-0FA13A8FDF5E: Taking a snapshot at:(t:1, i:0) file /home/runner/work/ozone/ozone/hadoop-ozone/integration-test/target/test-dir/MiniOzoneClusterImpl-bd692c78-fb3a-4866-9e85-e2f4bd0dbf58/datanode-5/data/ratis/f35a81f3-d6c1-4e4a-91a8-0fa13a8fdf5e/sm/snapshot.1_0
2023-04-10 17:22:31,619 [a57f48d7-536d-4afe-bf9f-8dd3ac661106@group-0FA13A8FDF5E-StateMachineUpdater] INFO  ratis.ContainerStateMachine (ContainerStateMachine.java:takeSnapshot(341)) - group-0FA13A8FDF5E: Finished taking a snapshot at:(t:1, i:0) file:/home/runner/work/ozone/ozone/hadoop-ozone/integration-test/target/test-dir/MiniOzoneClusterImpl-bd692c78-fb3a-4866-9e85-e2f4bd0dbf58/datanode-5/data/ratis/f35a81f3-d6c1-4e4a-91a8-0fa13a8fdf5e/sm/snapshot.1_0 took: 2 ms
2023-04-10 17:22:31,619 [a57f48d7-536d-4afe-bf9f-8dd3ac661106@group-0FA13A8FDF5E-StateMachineUpdater] INFO  impl.StateMachineUpdater (StateMachineUpdater.java:takeSnapshot(287)) - a57f48d7-536d-4afe-bf9f-8dd3ac661106@group-0FA13A8FDF5E-StateMachineUpdater: Took a snapshot at index 0
2023-04-10 17:22:31,619 [a57f48d7-536d-4afe-bf9f-8dd3ac661106@group-0FA13A8FDF5E-StateMachineUpdater] INFO  impl.StateMachineUpdater (StateMachineUpdater.java:lambda$new$0(92)) - a57f48d7-536d-4afe-bf9f-8dd3ac661106@group-0FA13A8FDF5E-StateMachineUpdater: snapshotIndex: updateIncreasingly -1 -> 0
2023-04-10 17:22:31,621 [IPC Server handler 15 on default port 34819] INFO  ha.SequenceIdGenerator (SequenceIdGenerator.java:getNextId(128)) - Allocate a batch for containerId, change lastId from 0 to 1000.
2023-04-10 17:22:31,632 [IPC Server handler 15 on default port 34819] WARN  ha.SequenceIdGenerator (SequenceIdGenerator.java:allocateBatch(237)) - Failed to allocate a batch for localId, expected lastId is 0, actual lastId is 111677748019200000.
2023-04-10 17:22:31,632 [IPC Server handler 15 on default port 34819] INFO  ha.SequenceIdGenerator (SequenceIdGenerator.java:getNextId(128)) - Allocate a batch for localId, change lastId from 111677748019200000 to 111677748019201000.
2023-04-10 17:22:31,736 [Listener at 127.0.0.1/35635] INFO  impl.MetricsSystemImpl (MetricsSystemImpl.java:init(158)) - XceiverClientMetrics metrics system started (again)
2023-04-10 17:22:31,737 [Listener at 127.0.0.1/35635] INFO  lib.Interns (Interns.java:removeEldestEntry(50)) - Metrics intern cache overflow at 2011 for MetricsSystem={MetricsSystem=MetricsInfoImpl{name=MetricsSystem, description=MetricsSystem}, MetricsSystem record=MetricsInfoImpl{name=MetricsSystem, description=MetricsSystem record}}
2023-04-10 17:22:31,966 [813669ff-bde2-4a80-a354-dd4c167663c0@group-E2F6596D48A6-FollowerState] INFO  impl.FollowerState (FollowerState.java:run(143)) - 813669ff-bde2-4a80-a354-dd4c167663c0@group-E2F6596D48A6-FollowerState: change to CANDIDATE, lastRpcElapsedTime:5055191329ns, electionTimeout:5033ms
2023-04-10 17:22:31,966 [813669ff-bde2-4a80-a354-dd4c167663c0@group-E2F6596D48A6-FollowerState] INFO  impl.RoleInfo (RoleInfo.java:shutdownFollowerState(110)) - 813669ff-bde2-4a80-a354-dd4c167663c0: shutdown 813669ff-bde2-4a80-a354-dd4c167663c0@group-E2F6596D48A6-FollowerState
2023-04-10 17:22:31,966 [813669ff-bde2-4a80-a354-dd4c167663c0@group-E2F6596D48A6-FollowerState] INFO  server.RaftServer$Division (RaftServerImpl.java:setRole(321)) - 813669ff-bde2-4a80-a354-dd4c167663c0@group-E2F6596D48A6: changes role from  FOLLOWER to CANDIDATE at term 0 for changeToCandidate
2023-04-10 17:22:31,967 [813669ff-bde2-4a80-a354-dd4c167663c0@group-E2F6596D48A6-FollowerState] INFO  server.RaftServerConfigKeys (ConfUtils.java:logGet(46)) - raft.server.leaderelection.pre-vote = true (default)
2023-04-10 17:22:31,967 [813669ff-bde2-4a80-a354-dd4c167663c0@group-E2F6596D48A6-FollowerState] INFO  impl.RoleInfo (RoleInfo.java:updateAndGet(139)) - 813669ff-bde2-4a80-a354-dd4c167663c0: start 813669ff-bde2-4a80-a354-dd4c167663c0@group-E2F6596D48A6-LeaderElection14
2023-04-10 17:22:31,971 [813669ff-bde2-4a80-a354-dd4c167663c0@group-E2F6596D48A6-LeaderElection14] INFO  impl.LeaderElection (LeaderElection.java:askForVotes(312)) - 813669ff-bde2-4a80-a354-dd4c167663c0@group-E2F6596D48A6-LeaderElection14 PRE_VOTE round 0: submit vote requests at term 0 for -1: peers:[bfeb2be3-129f-4e57-9a47-316523ddd986|rpc:10.1.0.59:38183|dataStream:10.1.0.59:32789|priority:0|startupRole:FOLLOWER, 813669ff-bde2-4a80-a354-dd4c167663c0|rpc:10.1.0.59:46007|dataStream:10.1.0.59:43049|priority:1|startupRole:FOLLOWER, 1df5c771-96ae-4f7f-bce1-d7659a86bf4c|rpc:10.1.0.59:46485|dataStream:10.1.0.59:35669|priority:0|startupRole:FOLLOWER]|listeners:[], old=null
2023-04-10 17:22:31,979 [813669ff-bde2-4a80-a354-dd4c167663c0@group-E2F6596D48A6-LeaderElection14-1] INFO  server.GrpcServerProtocolClient (GrpcServerProtocolClient.java:<init>(63)) - Build channel for bfeb2be3-129f-4e57-9a47-316523ddd986
2023-04-10 17:22:31,982 [813669ff-bde2-4a80-a354-dd4c167663c0@group-E2F6596D48A6-LeaderElection14] INFO  server.RaftServerConfigKeys (ConfUtils.java:logFallback(53)) - raft.server.rpc.first-election.timeout.min = 5s (fallback to raft.server.rpc.timeout.min)
2023-04-10 17:22:31,982 [813669ff-bde2-4a80-a354-dd4c167663c0@group-E2F6596D48A6-LeaderElection14] INFO  server.RaftServerConfigKeys (ConfUtils.java:logFallback(53)) - raft.server.rpc.first-election.timeout.max = 5200ms (fallback to raft.server.rpc.timeout.max)
2023-04-10 17:22:31,982 [813669ff-bde2-4a80-a354-dd4c167663c0@group-E2F6596D48A6-LeaderElection14-2] INFO  server.GrpcServerProtocolClient (GrpcServerProtocolClient.java:<init>(63)) - Build channel for 1df5c771-96ae-4f7f-bce1-d7659a86bf4c
2023-04-10 17:22:31,986 [1df5c771-96ae-4f7f-bce1-d7659a86bf4c@group-E2F6596D48A6-FollowerState] INFO  impl.FollowerState (FollowerState.java:run(143)) - 1df5c771-96ae-4f7f-bce1-d7659a86bf4c@group-E2F6596D48A6-FollowerState: change to CANDIDATE, lastRpcElapsedTime:5018064696ns, electionTimeout:5009ms
2023-04-10 17:22:31,986 [1df5c771-96ae-4f7f-bce1-d7659a86bf4c@group-E2F6596D48A6-FollowerState] INFO  impl.RoleInfo (RoleInfo.java:shutdownFollowerState(110)) - 1df5c771-96ae-4f7f-bce1-d7659a86bf4c: shutdown 1df5c771-96ae-4f7f-bce1-d7659a86bf4c@group-E2F6596D48A6-FollowerState
2023-04-10 17:22:31,986 [1df5c771-96ae-4f7f-bce1-d7659a86bf4c@group-E2F6596D48A6-FollowerState] INFO  server.RaftServer$Division (RaftServerImpl.java:setRole(321)) - 1df5c771-96ae-4f7f-bce1-d7659a86bf4c@group-E2F6596D48A6: changes role from  FOLLOWER to CANDIDATE at term 0 for changeToCandidate
2023-04-10 17:22:31,986 [1df5c771-96ae-4f7f-bce1-d7659a86bf4c@group-E2F6596D48A6-FollowerState] INFO  server.RaftServerConfigKeys (ConfUtils.java:logGet(46)) - raft.server.leaderelection.pre-vote = true (default)
2023-04-10 17:22:31,986 [1df5c771-96ae-4f7f-bce1-d7659a86bf4c@group-E2F6596D48A6-FollowerState] INFO  impl.RoleInfo (RoleInfo.java:updateAndGet(139)) - 1df5c771-96ae-4f7f-bce1-d7659a86bf4c: start 1df5c771-96ae-4f7f-bce1-d7659a86bf4c@group-E2F6596D48A6-LeaderElection15
2023-04-10 17:22:31,989 [grpc-default-executor-1] INFO  server.RaftServer$Division (RaftServerImpl.java:requestVote(1218)) - bfeb2be3-129f-4e57-9a47-316523ddd986@group-E2F6596D48A6: receive requestVote(PRE_VOTE, 813669ff-bde2-4a80-a354-dd4c167663c0, group-E2F6596D48A6, 0, (t:0, i:0))
2023-04-10 17:22:31,990 [grpc-default-executor-1] INFO  impl.VoteContext (VoteContext.java:log(49)) - bfeb2be3-129f-4e57-9a47-316523ddd986@group-E2F6596D48A6-FOLLOWER: accept PRE_VOTE from 813669ff-bde2-4a80-a354-dd4c167663c0: our priority 0 <= candidate's priority 1
2023-04-10 17:22:31,990 [grpc-default-executor-1] INFO  server.RaftServer$Division (RaftServerImpl.java:requestVote(1251)) - bfeb2be3-129f-4e57-9a47-316523ddd986@group-E2F6596D48A6 replies to PRE_VOTE vote request: 813669ff-bde2-4a80-a354-dd4c167663c0<-bfeb2be3-129f-4e57-9a47-316523ddd986#0:OK-t0. Peer's state: bfeb2be3-129f-4e57-9a47-316523ddd986@group-E2F6596D48A6:t0, leader=null, voted=, raftlog=Memoized:bfeb2be3-129f-4e57-9a47-316523ddd986@group-E2F6596D48A6-SegmentedRaftLog:OPENED:c-1, conf=-1: peers:[bfeb2be3-129f-4e57-9a47-316523ddd986|rpc:10.1.0.59:38183|dataStream:10.1.0.59:32789|priority:0|startupRole:FOLLOWER, 813669ff-bde2-4a80-a354-dd4c167663c0|rpc:10.1.0.59:46007|dataStream:10.1.0.59:43049|priority:1|startupRole:FOLLOWER, 1df5c771-96ae-4f7f-bce1-d7659a86bf4c|rpc:10.1.0.59:46485|dataStream:10.1.0.59:35669|priority:0|startupRole:FOLLOWER]|listeners:[], old=null
2023-04-10 17:22:31,996 [1df5c771-96ae-4f7f-bce1-d7659a86bf4c@group-E2F6596D48A6-LeaderElection15] INFO  impl.LeaderElection (LeaderElection.java:askForVotes(312)) - 1df5c771-96ae-4f7f-bce1-d7659a86bf4c@group-E2F6596D48A6-LeaderElection15 PRE_VOTE round 0: submit vote requests at term 0 for -1: peers:[bfeb2be3-129f-4e57-9a47-316523ddd986|rpc:10.1.0.59:38183|dataStream:10.1.0.59:32789|priority:0|startupRole:FOLLOWER, 813669ff-bde2-4a80-a354-dd4c167663c0|rpc:10.1.0.59:46007|dataStream:10.1.0.59:43049|priority:1|startupRole:FOLLOWER, 1df5c771-96ae-4f7f-bce1-d7659a86bf4c|rpc:10.1.0.59:46485|dataStream:10.1.0.59:35669|priority:0|startupRole:FOLLOWER]|listeners:[], old=null
2023-04-10 17:22:31,997 [grpc-default-executor-4] INFO  server.RaftServer$Division (RaftServerImpl.java:requestVote(1218)) - 1df5c771-96ae-4f7f-bce1-d7659a86bf4c@group-E2F6596D48A6: receive requestVote(PRE_VOTE, 813669ff-bde2-4a80-a354-dd4c167663c0, group-E2F6596D48A6, 0, (t:0, i:0))
2023-04-10 17:22:31,997 [grpc-default-executor-4] INFO  impl.VoteContext (VoteContext.java:log(49)) - 1df5c771-96ae-4f7f-bce1-d7659a86bf4c@group-E2F6596D48A6-CANDIDATE: accept PRE_VOTE from 813669ff-bde2-4a80-a354-dd4c167663c0: our priority 0 <= candidate's priority 1
2023-04-10 17:22:31,997 [grpc-default-executor-4] INFO  server.RaftServer$Division (RaftServerImpl.java:requestVote(1251)) - 1df5c771-96ae-4f7f-bce1-d7659a86bf4c@group-E2F6596D48A6 replies to PRE_VOTE vote request: 813669ff-bde2-4a80-a354-dd4c167663c0<-1df5c771-96ae-4f7f-bce1-d7659a86bf4c#0:OK-t0. Peer's state: 1df5c771-96ae-4f7f-bce1-d7659a86bf4c@group-E2F6596D48A6:t0, leader=null, voted=, raftlog=Memoized:1df5c771-96ae-4f7f-bce1-d7659a86bf4c@group-E2F6596D48A6-SegmentedRaftLog:OPENED:c-1, conf=-1: peers:[bfeb2be3-129f-4e57-9a47-316523ddd986|rpc:10.1.0.59:38183|dataStream:10.1.0.59:32789|priority:0|startupRole:FOLLOWER, 813669ff-bde2-4a80-a354-dd4c167663c0|rpc:10.1.0.59:46007|dataStream:10.1.0.59:43049|priority:1|startupRole:FOLLOWER, 1df5c771-96ae-4f7f-bce1-d7659a86bf4c|rpc:10.1.0.59:46485|dataStream:10.1.0.59:35669|priority:0|startupRole:FOLLOWER]|listeners:[], old=null
2023-04-10 17:22:32,005 [1df5c771-96ae-4f7f-bce1-d7659a86bf4c@group-E2F6596D48A6-LeaderElection15-1] INFO  server.GrpcServerProtocolClient (GrpcServerProtocolClient.java:<init>(63)) - Build channel for bfeb2be3-129f-4e57-9a47-316523ddd986
2023-04-10 17:22:32,006 [1df5c771-96ae-4f7f-bce1-d7659a86bf4c@group-E2F6596D48A6-LeaderElection15] INFO  server.RaftServerConfigKeys (ConfUtils.java:logFallback(53)) - raft.server.rpc.first-election.timeout.min = 5s (fallback to raft.server.rpc.timeout.min)
2023-04-10 17:22:32,007 [1df5c771-96ae-4f7f-bce1-d7659a86bf4c@group-E2F6596D48A6-LeaderElection15] INFO  server.RaftServerConfigKeys (ConfUtils.java:logFallback(53)) - raft.server.rpc.first-election.timeout.max = 5200ms (fallback to raft.server.rpc.timeout.max)
2023-04-10 17:22:32,015 [1df5c771-96ae-4f7f-bce1-d7659a86bf4c@group-E2F6596D48A6-LeaderElection15-2] INFO  server.GrpcServerProtocolClient (GrpcServerProtocolClient.java:<init>(63)) - Build channel for 813669ff-bde2-4a80-a354-dd4c167663c0
2023-04-10 17:22:32,019 [813669ff-bde2-4a80-a354-dd4c167663c0@group-E2F6596D48A6-LeaderElection14] INFO  impl.LeaderElection (LeaderElection.java:logAndReturn(90)) - 813669ff-bde2-4a80-a354-dd4c167663c0@group-E2F6596D48A6-LeaderElection14: PRE_VOTE PASSED received 1 response(s) and 0 exception(s):
2023-04-10 17:22:32,019 [813669ff-bde2-4a80-a354-dd4c167663c0@group-E2F6596D48A6-LeaderElection14] INFO  impl.LeaderElection (LeaderElection.java:logAndReturn(94)) -   Response 0: 813669ff-bde2-4a80-a354-dd4c167663c0<-1df5c771-96ae-4f7f-bce1-d7659a86bf4c#0:OK-t0
2023-04-10 17:22:32,019 [813669ff-bde2-4a80-a354-dd4c167663c0@group-E2F6596D48A6-LeaderElection14] INFO  impl.LeaderElection (LeaderElection.java:askForVotes(314)) - 813669ff-bde2-4a80-a354-dd4c167663c0@group-E2F6596D48A6-LeaderElection14 PRE_VOTE round 0: result PASSED
2023-04-10 17:22:32,024 [813669ff-bde2-4a80-a354-dd4c167663c0@group-E2F6596D48A6-LeaderElection14] INFO  impl.LeaderElection (LeaderElection.java:askForVotes(312)) - 813669ff-bde2-4a80-a354-dd4c167663c0@group-E2F6596D48A6-LeaderElection14 ELECTION round 0: submit vote requests at term 1 for -1: peers:[bfeb2be3-129f-4e57-9a47-316523ddd986|rpc:10.1.0.59:38183|dataStream:10.1.0.59:32789|priority:0|startupRole:FOLLOWER, 813669ff-bde2-4a80-a354-dd4c167663c0|rpc:10.1.0.59:46007|dataStream:10.1.0.59:43049|priority:1|startupRole:FOLLOWER, 1df5c771-96ae-4f7f-bce1-d7659a86bf4c|rpc:10.1.0.59:46485|dataStream:10.1.0.59:35669|priority:0|startupRole:FOLLOWER]|listeners:[], old=null
2023-04-10 17:22:32,030 [grpc-default-executor-4] INFO  server.RaftServer$Division (RaftServerImpl.java:requestVote(1218)) - bfeb2be3-129f-4e57-9a47-316523ddd986@group-E2F6596D48A6: receive requestVote(PRE_VOTE, 1df5c771-96ae-4f7f-bce1-d7659a86bf4c, group-E2F6596D48A6, 0, (t:0, i:0))
2023-04-10 17:22:32,035 [grpc-default-executor-2] INFO  server.RaftServer$Division (RaftServerImpl.java:requestVote(1218)) - bfeb2be3-129f-4e57-9a47-316523ddd986@group-E2F6596D48A6: receive requestVote(ELECTION, 813669ff-bde2-4a80-a354-dd4c167663c0, group-E2F6596D48A6, 1, (t:0, i:0))
2023-04-10 17:22:32,037 [813669ff-bde2-4a80-a354-dd4c167663c0@group-9F2F294DDD23-FollowerState] INFO  impl.FollowerState (FollowerState.java:run(143)) - 813669ff-bde2-4a80-a354-dd4c167663c0@group-9F2F294DDD23-FollowerState: change to CANDIDATE, lastRpcElapsedTime:5155528738ns, electionTimeout:5155ms
2023-04-10 17:22:32,037 [813669ff-bde2-4a80-a354-dd4c167663c0@group-9F2F294DDD23-FollowerState] INFO  impl.RoleInfo (RoleInfo.java:shutdownFollowerState(110)) - 813669ff-bde2-4a80-a354-dd4c167663c0: shutdown 813669ff-bde2-4a80-a354-dd4c167663c0@group-9F2F294DDD23-FollowerState
2023-04-10 17:22:32,037 [813669ff-bde2-4a80-a354-dd4c167663c0@group-9F2F294DDD23-FollowerState] INFO  server.RaftServer$Division (RaftServerImpl.java:setRole(321)) - 813669ff-bde2-4a80-a354-dd4c167663c0@group-9F2F294DDD23: changes role from  FOLLOWER to CANDIDATE at term 0 for changeToCandidate
2023-04-10 17:22:32,037 [813669ff-bde2-4a80-a354-dd4c167663c0@group-E2F6596D48A6-LeaderElection14] INFO  server.RaftServerConfigKeys (ConfUtils.java:logFallback(53)) - raft.server.rpc.first-election.timeout.min = 5s (fallback to raft.server.rpc.timeout.min)
2023-04-10 17:22:32,037 [813669ff-bde2-4a80-a354-dd4c167663c0@group-E2F6596D48A6-LeaderElection14] INFO  server.RaftServerConfigKeys (ConfUtils.java:logFallback(53)) - raft.server.rpc.first-election.timeout.max = 5200ms (fallback to raft.server.rpc.timeout.max)
2023-04-10 17:22:32,048 [813669ff-bde2-4a80-a354-dd4c167663c0@group-9F2F294DDD23-FollowerState] INFO  server.RaftServerConfigKeys (ConfUtils.java:logGet(46)) - raft.server.leaderelection.pre-vote = true (default)
2023-04-10 17:22:32,048 [813669ff-bde2-4a80-a354-dd4c167663c0@group-9F2F294DDD23-FollowerState] INFO  impl.RoleInfo (RoleInfo.java:updateAndGet(139)) - 813669ff-bde2-4a80-a354-dd4c167663c0: start 813669ff-bde2-4a80-a354-dd4c167663c0@group-9F2F294DDD23-LeaderElection16
2023-04-10 17:22:32,050 [grpc-default-executor-1] INFO  server.RaftServer$Division (RaftServerImpl.java:requestVote(1218)) - 813669ff-bde2-4a80-a354-dd4c167663c0@group-E2F6596D48A6: receive requestVote(PRE_VOTE, 1df5c771-96ae-4f7f-bce1-d7659a86bf4c, group-E2F6596D48A6, 0, (t:0, i:0))
2023-04-10 17:22:32,050 [grpc-default-executor-1] INFO  impl.VoteContext (VoteContext.java:log(49)) - 813669ff-bde2-4a80-a354-dd4c167663c0@group-E2F6596D48A6-CANDIDATE: reject PRE_VOTE from 1df5c771-96ae-4f7f-bce1-d7659a86bf4c: our priority 1 > candidate's priority 0
2023-04-10 17:22:32,050 [grpc-default-executor-1] INFO  server.RaftServer$Division (RaftServerImpl.java:requestVote(1251)) - 813669ff-bde2-4a80-a354-dd4c167663c0@group-E2F6596D48A6 replies to PRE_VOTE vote request: 1df5c771-96ae-4f7f-bce1-d7659a86bf4c<-813669ff-bde2-4a80-a354-dd4c167663c0#0:FAIL-t1. Peer's state: 813669ff-bde2-4a80-a354-dd4c167663c0@group-E2F6596D48A6:t1, leader=null, voted=813669ff-bde2-4a80-a354-dd4c167663c0, raftlog=Memoized:813669ff-bde2-4a80-a354-dd4c167663c0@group-E2F6596D48A6-SegmentedRaftLog:OPENED:c-1, conf=-1: peers:[bfeb2be3-129f-4e57-9a47-316523ddd986|rpc:10.1.0.59:38183|dataStream:10.1.0.59:32789|priority:0|startupRole:FOLLOWER, 813669ff-bde2-4a80-a354-dd4c167663c0|rpc:10.1.0.59:46007|dataStream:10.1.0.59:43049|priority:1|startupRole:FOLLOWER, 1df5c771-96ae-4f7f-bce1-d7659a86bf4c|rpc:10.1.0.59:46485|dataStream:10.1.0.59:35669|priority:0|startupRole:FOLLOWER]|listeners:[], old=null
2023-04-10 17:22:32,051 [grpc-default-executor-4] INFO  impl.VoteContext (VoteContext.java:log(49)) - bfeb2be3-129f-4e57-9a47-316523ddd986@group-E2F6596D48A6-FOLLOWER: accept PRE_VOTE from 1df5c771-96ae-4f7f-bce1-d7659a86bf4c: our priority 0 <= candidate's priority 0
2023-04-10 17:22:32,051 [grpc-default-executor-4] INFO  server.RaftServer$Division (RaftServerImpl.java:requestVote(1251)) - bfeb2be3-129f-4e57-9a47-316523ddd986@group-E2F6596D48A6 replies to PRE_VOTE vote request: 1df5c771-96ae-4f7f-bce1-d7659a86bf4c<-bfeb2be3-129f-4e57-9a47-316523ddd986#0:OK-t0. Peer's state: bfeb2be3-129f-4e57-9a47-316523ddd986@group-E2F6596D48A6:t0, leader=null, voted=, raftlog=Memoized:bfeb2be3-129f-4e57-9a47-316523ddd986@group-E2F6596D48A6-SegmentedRaftLog:OPENED:c-1, conf=-1: peers:[bfeb2be3-129f-4e57-9a47-316523ddd986|rpc:10.1.0.59:38183|dataStream:10.1.0.59:32789|priority:0|startupRole:FOLLOWER, 813669ff-bde2-4a80-a354-dd4c167663c0|rpc:10.1.0.59:46007|dataStream:10.1.0.59:43049|priority:1|startupRole:FOLLOWER, 1df5c771-96ae-4f7f-bce1-d7659a86bf4c|rpc:10.1.0.59:46485|dataStream:10.1.0.59:35669|priority:0|startupRole:FOLLOWER]|listeners:[], old=null
2023-04-10 17:22:32,053 [grpc-default-executor-2] INFO  impl.VoteContext (VoteContext.java:log(49)) - bfeb2be3-129f-4e57-9a47-316523ddd986@group-E2F6596D48A6-FOLLOWER: accept ELECTION from 813669ff-bde2-4a80-a354-dd4c167663c0: our priority 0 <= candidate's priority 1
2023-04-10 17:22:32,053 [grpc-default-executor-2] INFO  server.RaftServer$Division (RaftServerImpl.java:setRole(321)) - bfeb2be3-129f-4e57-9a47-316523ddd986@group-E2F6596D48A6: changes role from  FOLLOWER to FOLLOWER at term 1 for candidate:813669ff-bde2-4a80-a354-dd4c167663c0
2023-04-10 17:22:32,053 [grpc-default-executor-2] INFO  impl.RoleInfo (RoleInfo.java:shutdownFollowerState(110)) - bfeb2be3-129f-4e57-9a47-316523ddd986: shutdown bfeb2be3-129f-4e57-9a47-316523ddd986@group-E2F6596D48A6-FollowerState
2023-04-10 17:22:32,053 [grpc-default-executor-2] INFO  impl.RoleInfo (RoleInfo.java:updateAndGet(139)) - bfeb2be3-129f-4e57-9a47-316523ddd986: start bfeb2be3-129f-4e57-9a47-316523ddd986@group-E2F6596D48A6-FollowerState
2023-04-10 17:22:32,053 [bfeb2be3-129f-4e57-9a47-316523ddd986@group-E2F6596D48A6-FollowerState] INFO  impl.FollowerState (FollowerState.java:run(152)) - bfeb2be3-129f-4e57-9a47-316523ddd986@group-E2F6596D48A6-FollowerState was interrupted
2023-04-10 17:22:32,053 [bfeb2be3-129f-4e57-9a47-316523ddd986@group-E2F6596D48A6-FollowerState] INFO  server.RaftServerConfigKeys (ConfUtils.java:logFallback(53)) - raft.server.rpc.first-election.timeout.min = 5s (fallback to raft.server.rpc.timeout.min)
2023-04-10 17:22:32,054 [bfeb2be3-129f-4e57-9a47-316523ddd986@group-E2F6596D48A6-FollowerState] INFO  server.RaftServerConfigKeys (ConfUtils.java:logFallback(53)) - raft.server.rpc.first-election.timeout.max = 5200ms (fallback to raft.server.rpc.timeout.max)
2023-04-10 17:22:32,054 [grpc-default-executor-2] INFO  server.RaftServer$Division (RaftServerImpl.java:requestVote(1251)) - bfeb2be3-129f-4e57-9a47-316523ddd986@group-E2F6596D48A6 replies to ELECTION vote request: 813669ff-bde2-4a80-a354-dd4c167663c0<-bfeb2be3-129f-4e57-9a47-316523ddd986#0:OK-t1. Peer's state: bfeb2be3-129f-4e57-9a47-316523ddd986@group-E2F6596D48A6:t1, leader=null, voted=813669ff-bde2-4a80-a354-dd4c167663c0, raftlog=Memoized:bfeb2be3-129f-4e57-9a47-316523ddd986@group-E2F6596D48A6-SegmentedRaftLog:OPENED:c-1, conf=-1: peers:[bfeb2be3-129f-4e57-9a47-316523ddd986|rpc:10.1.0.59:38183|dataStream:10.1.0.59:32789|priority:0|startupRole:FOLLOWER, 813669ff-bde2-4a80-a354-dd4c167663c0|rpc:10.1.0.59:46007|dataStream:10.1.0.59:43049|priority:1|startupRole:FOLLOWER, 1df5c771-96ae-4f7f-bce1-d7659a86bf4c|rpc:10.1.0.59:46485|dataStream:10.1.0.59:35669|priority:0|startupRole:FOLLOWER]|listeners:[], old=null
2023-04-10 17:22:32,058 [1df5c771-96ae-4f7f-bce1-d7659a86bf4c@group-E2F6596D48A6-LeaderElection15] INFO  impl.LeaderElection (LeaderElection.java:logAndReturn(90)) - 1df5c771-96ae-4f7f-bce1-d7659a86bf4c@group-E2F6596D48A6-LeaderElection15: PRE_VOTE DISCOVERED_A_NEW_TERM (term=1) received 1 response(s) and 0 exception(s):
2023-04-10 17:22:32,058 [1df5c771-96ae-4f7f-bce1-d7659a86bf4c@group-E2F6596D48A6-LeaderElection15] INFO  impl.LeaderElection (LeaderElection.java:logAndReturn(94)) -   Response 0: 1df5c771-96ae-4f7f-bce1-d7659a86bf4c<-813669ff-bde2-4a80-a354-dd4c167663c0#0:FAIL-t1
2023-04-10 17:22:32,058 [1df5c771-96ae-4f7f-bce1-d7659a86bf4c@group-E2F6596D48A6-LeaderElection15] INFO  impl.LeaderElection (LeaderElection.java:askForVotes(314)) - 1df5c771-96ae-4f7f-bce1-d7659a86bf4c@group-E2F6596D48A6-LeaderElection15 PRE_VOTE round 0: result DISCOVERED_A_NEW_TERM (term=1)
2023-04-10 17:22:32,058 [1df5c771-96ae-4f7f-bce1-d7659a86bf4c@group-E2F6596D48A6-LeaderElection15] INFO  server.RaftServer$Division (RaftServerImpl.java:setRole(321)) - 1df5c771-96ae-4f7f-bce1-d7659a86bf4c@group-E2F6596D48A6: changes role from CANDIDATE to FOLLOWER at term 1 for DISCOVERED_A_NEW_TERM (term=1)
2023-04-10 17:22:32,058 [1df5c771-96ae-4f7f-bce1-d7659a86bf4c@group-E2F6596D48A6-LeaderElection15] INFO  impl.RoleInfo (RoleInfo.java:shutdownLeaderElection(130)) - 1df5c771-96ae-4f7f-bce1-d7659a86bf4c: shutdown 1df5c771-96ae-4f7f-bce1-d7659a86bf4c@group-E2F6596D48A6-LeaderElection15
2023-04-10 17:22:32,058 [1df5c771-96ae-4f7f-bce1-d7659a86bf4c@group-E2F6596D48A6-LeaderElection15] INFO  impl.RoleInfo (RoleInfo.java:updateAndGet(139)) - 1df5c771-96ae-4f7f-bce1-d7659a86bf4c: start 1df5c771-96ae-4f7f-bce1-d7659a86bf4c@group-E2F6596D48A6-FollowerState
2023-04-10 17:22:32,058 [813669ff-bde2-4a80-a354-dd4c167663c0@group-E2F6596D48A6-LeaderElection14] INFO  impl.LeaderElection (LeaderElection.java:logAndReturn(90)) - 813669ff-bde2-4a80-a354-dd4c167663c0@group-E2F6596D48A6-LeaderElection14: ELECTION PASSED received 1 response(s) and 0 exception(s):
2023-04-10 17:22:32,058 [813669ff-bde2-4a80-a354-dd4c167663c0@group-E2F6596D48A6-LeaderElection14] INFO  impl.LeaderElection (LeaderElection.java:logAndReturn(94)) -   Response 0: 813669ff-bde2-4a80-a354-dd4c167663c0<-bfeb2be3-129f-4e57-9a47-316523ddd986#0:OK-t1
2023-04-10 17:22:32,058 [813669ff-bde2-4a80-a354-dd4c167663c0@group-9F2F294DDD23-LeaderElection16] INFO  impl.LeaderElection (LeaderElection.java:askForVotes(312)) - 813669ff-bde2-4a80-a354-dd4c167663c0@group-9F2F294DDD23-LeaderElection16 PRE_VOTE round 0: submit vote requests at term 0 for -1: peers:[813669ff-bde2-4a80-a354-dd4c167663c0|rpc:10.1.0.59:46007|dataStream:10.1.0.59:43049|priority:1|startupRole:FOLLOWER]|listeners:[], old=null
2023-04-10 17:22:32,059 [813669ff-bde2-4a80-a354-dd4c167663c0@group-9F2F294DDD23-LeaderElection16] INFO  impl.LeaderElection (LeaderElection.java:askForVotes(314)) - 813669ff-bde2-4a80-a354-dd4c167663c0@group-9F2F294DDD23-LeaderElection16 PRE_VOTE round 0: result PASSED (term=0)
2023-04-10 17:22:32,060 [813669ff-bde2-4a80-a354-dd4c167663c0@group-9F2F294DDD23-LeaderElection16] INFO  impl.LeaderElection (LeaderElection.java:askForVotes(312)) - 813669ff-bde2-4a80-a354-dd4c167663c0@group-9F2F294DDD23-LeaderElection16 ELECTION round 0: submit vote requests at term 1 for -1: peers:[813669ff-bde2-4a80-a354-dd4c167663c0|rpc:10.1.0.59:46007|dataStream:10.1.0.59:43049|priority:1|startupRole:FOLLOWER]|listeners:[], old=null
2023-04-10 17:22:32,060 [813669ff-bde2-4a80-a354-dd4c167663c0@group-9F2F294DDD23-LeaderElection16] INFO  impl.LeaderElection (LeaderElection.java:askForVotes(314)) - 813669ff-bde2-4a80-a354-dd4c167663c0@group-9F2F294DDD23-LeaderElection16 ELECTION round 0: result PASSED (term=1)
2023-04-10 17:22:32,060 [813669ff-bde2-4a80-a354-dd4c167663c0@group-9F2F294DDD23-LeaderElection16] INFO  impl.RoleInfo (RoleInfo.java:shutdownLeaderElection(130)) - 813669ff-bde2-4a80-a354-dd4c167663c0: shutdown 813669ff-bde2-4a80-a354-dd4c167663c0@group-9F2F294DDD23-LeaderElection16
2023-04-10 17:22:32,060 [813669ff-bde2-4a80-a354-dd4c167663c0@group-9F2F294DDD23-LeaderElection16] INFO  server.RaftServer$Division (RaftServerImpl.java:setRole(321)) - 813669ff-bde2-4a80-a354-dd4c167663c0@group-9F2F294DDD23: changes role from CANDIDATE to LEADER at term 1 for changeToLeader
2023-04-10 17:22:32,060 [813669ff-bde2-4a80-a354-dd4c167663c0@group-9F2F294DDD23-LeaderElection16] INFO  ratis.XceiverServerRatis (XceiverServerRatis.java:handleLeaderChangedNotification(904)) - Leader change notification received for group: group-9F2F294DDD23 with new leaderId: 813669ff-bde2-4a80-a354-dd4c167663c0
2023-04-10 17:22:32,064 [813669ff-bde2-4a80-a354-dd4c167663c0@group-9F2F294DDD23-LeaderElection16] INFO  server.RaftServer$Division (ServerState.java:setLeader(313)) - 813669ff-bde2-4a80-a354-dd4c167663c0@group-9F2F294DDD23: change Leader from null to 813669ff-bde2-4a80-a354-dd4c167663c0 at term 1 for becomeLeader, leader elected after 5193ms
2023-04-10 17:22:32,065 [813669ff-bde2-4a80-a354-dd4c167663c0@group-E2F6596D48A6-LeaderElection14] INFO  impl.LeaderElection (LeaderElection.java:askForVotes(314)) - 813669ff-bde2-4a80-a354-dd4c167663c0@group-E2F6596D48A6-LeaderElection14 ELECTION round 0: result PASSED
2023-04-10 17:22:32,065 [813669ff-bde2-4a80-a354-dd4c167663c0@group-E2F6596D48A6-LeaderElection14] INFO  impl.RoleInfo (RoleInfo.java:shutdownLeaderElection(130)) - 813669ff-bde2-4a80-a354-dd4c167663c0: shutdown 813669ff-bde2-4a80-a354-dd4c167663c0@group-E2F6596D48A6-LeaderElection14
2023-04-10 17:22:32,065 [813669ff-bde2-4a80-a354-dd4c167663c0@group-E2F6596D48A6-LeaderElection14] INFO  server.RaftServer$Division (RaftServerImpl.java:setRole(321)) - 813669ff-bde2-4a80-a354-dd4c167663c0@group-E2F6596D48A6: changes role from CANDIDATE to LEADER at term 1 for changeToLeader
2023-04-10 17:22:32,065 [813669ff-bde2-4a80-a354-dd4c167663c0@group-E2F6596D48A6-LeaderElection14] INFO  ratis.XceiverServerRatis (XceiverServerRatis.java:handleLeaderChangedNotification(904)) - Leader change notification received for group: group-E2F6596D48A6 with new leaderId: 813669ff-bde2-4a80-a354-dd4c167663c0
2023-04-10 17:22:32,065 [813669ff-bde2-4a80-a354-dd4c167663c0@group-E2F6596D48A6-LeaderElection14] INFO  server.RaftServer$Division (ServerState.java:setLeader(313)) - 813669ff-bde2-4a80-a354-dd4c167663c0@group-E2F6596D48A6: change Leader from null to 813669ff-bde2-4a80-a354-dd4c167663c0 at term 1 for becomeLeader, leader elected after 5175ms
2023-04-10 17:22:32,065 [813669ff-bde2-4a80-a354-dd4c167663c0@group-E2F6596D48A6-LeaderElection14] INFO  server.RaftServerConfigKeys (ConfUtils.java:logGet(46)) - raft.server.staging.catchup.gap = 1000 (default)
2023-04-10 17:22:32,065 [813669ff-bde2-4a80-a354-dd4c167663c0@group-E2F6596D48A6-LeaderElection14] INFO  server.RaftServerConfigKeys (ConfUtils.java:logGet(46)) - raft.server.write.element-limit = 1024 (custom)
2023-04-10 17:22:32,065 [813669ff-bde2-4a80-a354-dd4c167663c0@group-E2F6596D48A6-LeaderElection14] INFO  server.RaftServerConfigKeys (ConfUtils.java:logGet(46)) - raft.server.write.byte-limit = 1024 M (=1073741824) (custom)
2023-04-10 17:22:32,066 [813669ff-bde2-4a80-a354-dd4c167663c0@group-E2F6596D48A6-LeaderElection14] INFO  server.RaftServerConfigKeys (ConfUtils.java:logGet(46)) - raft.server.watch.timeout = 10000ms (default)
2023-04-10 17:22:32,066 [813669ff-bde2-4a80-a354-dd4c167663c0@group-E2F6596D48A6-LeaderElection14] INFO  server.RaftServerConfigKeys (ConfUtils.java:logGet(46)) - raft.server.watch.timeout.denomination = 1s (default)
2023-04-10 17:22:32,066 [813669ff-bde2-4a80-a354-dd4c167663c0@group-E2F6596D48A6-LeaderElection14] INFO  server.RaftServerConfigKeys (ConfUtils.java:logGet(46)) - raft.server.watch.element-limit = 65536 (default)
2023-04-10 17:22:32,066 [813669ff-bde2-4a80-a354-dd4c167663c0@group-E2F6596D48A6-LeaderElection14] INFO  server.RaftServerConfigKeys (ConfUtils.java:logGet(46)) - raft.server.write.element-limit = 1024 (custom)
2023-04-10 17:22:32,066 [813669ff-bde2-4a80-a354-dd4c167663c0@group-E2F6596D48A6-LeaderElection14] INFO  server.RaftServerConfigKeys (ConfUtils.java:logGet(46)) - raft.server.write.follower.gap.ratio.max = -1.0 (default)
2023-04-10 17:22:32,066 [813669ff-bde2-4a80-a354-dd4c167663c0@group-9F2F294DDD23-LeaderElection16] INFO  server.RaftServerConfigKeys (ConfUtils.java:logGet(46)) - raft.server.staging.catchup.gap = 1000 (default)
2023-04-10 17:22:32,066 [813669ff-bde2-4a80-a354-dd4c167663c0@group-E2F6596D48A6-LeaderElection14] INFO  server.RaftServerConfigKeys (ConfUtils.java:logGet(46)) - raft.server.log.appender.snapshot.chunk.size.max = 16MB (=16777216) (default)
2023-04-10 17:22:32,066 [813669ff-bde2-4a80-a354-dd4c167663c0@group-E2F6596D48A6-LeaderElection14] INFO  server.RaftServerConfigKeys (ConfUtils.java:logGet(46)) - raft.server.log.appender.buffer.byte-limit = 33554432 (custom)
2023-04-10 17:22:32,066 [813669ff-bde2-4a80-a354-dd4c167663c0@group-E2F6596D48A6-LeaderElection14] INFO  server.RaftServerConfigKeys (ConfUtils.java:logGet(46)) - raft.server.log.appender.buffer.element-limit = 1 (custom)
2023-04-10 17:22:32,067 [813669ff-bde2-4a80-a354-dd4c167663c0@group-E2F6596D48A6-LeaderElection14] INFO  grpc.GrpcConfigKeys (ConfUtils.java:logGet(46)) - raft.grpc.server.leader.outstanding.appends.max = 128 (default)
2023-04-10 17:22:32,067 [813669ff-bde2-4a80-a354-dd4c167663c0@group-E2F6596D48A6-LeaderElection14] INFO  server.RaftServerConfigKeys (ConfUtils.java:logGet(46)) - raft.server.rpc.request.timeout = 3000ms (default)
2023-04-10 17:22:32,064 [grpc-default-executor-1] INFO  server.RaftServer$Division (RaftServerImpl.java:requestVote(1218)) - 1df5c771-96ae-4f7f-bce1-d7659a86bf4c@group-E2F6596D48A6: receive requestVote(ELECTION, 813669ff-bde2-4a80-a354-dd4c167663c0, group-E2F6596D48A6, 1, (t:0, i:0))
2023-04-10 17:22:32,068 [grpc-default-executor-1] INFO  impl.VoteContext (VoteContext.java:log(49)) - 1df5c771-96ae-4f7f-bce1-d7659a86bf4c@group-E2F6596D48A6-FOLLOWER: accept ELECTION from 813669ff-bde2-4a80-a354-dd4c167663c0: our priority 0 <= candidate's priority 1
2023-04-10 17:22:32,068 [grpc-default-executor-1] INFO  server.RaftServer$Division (RaftServerImpl.java:setRole(321)) - 1df5c771-96ae-4f7f-bce1-d7659a86bf4c@group-E2F6596D48A6: changes role from  FOLLOWER to FOLLOWER at term 1 for candidate:813669ff-bde2-4a80-a354-dd4c167663c0
2023-04-10 17:22:32,068 [grpc-default-executor-1] INFO  impl.RoleInfo (RoleInfo.java:shutdownFollowerState(110)) - 1df5c771-96ae-4f7f-bce1-d7659a86bf4c: shutdown 1df5c771-96ae-4f7f-bce1-d7659a86bf4c@group-E2F6596D48A6-FollowerState
2023-04-10 17:22:32,068 [grpc-default-executor-1] INFO  impl.RoleInfo (RoleInfo.java:updateAndGet(139)) - 1df5c771-96ae-4f7f-bce1-d7659a86bf4c: start 1df5c771-96ae-4f7f-bce1-d7659a86bf4c@group-E2F6596D48A6-FollowerState
2023-04-10 17:22:32,066 [813669ff-bde2-4a80-a354-dd4c167663c0@group-9F2F294DDD23-LeaderElection16] INFO  server.RaftServerConfigKeys (ConfUtils.java:logGet(46)) - raft.server.write.element-limit = 1024 (custom)
2023-04-10 17:22:32,068 [813669ff-bde2-4a80-a354-dd4c167663c0@group-9F2F294DDD23-LeaderElection16] INFO  server.RaftServerConfigKeys (ConfUtils.java:logGet(46)) - raft.server.write.byte-limit = 1024 M (=1073741824) (custom)
2023-04-10 17:22:32,069 [813669ff-bde2-4a80-a354-dd4c167663c0@group-9F2F294DDD23-LeaderElection16] INFO  server.RaftServerConfigKeys (ConfUtils.java:logGet(46)) - raft.server.watch.timeout = 10000ms (default)
2023-04-10 17:22:32,069 [813669ff-bde2-4a80-a354-dd4c167663c0@group-9F2F294DDD23-LeaderElection16] INFO  server.RaftServerConfigKeys (ConfUtils.java:logGet(46)) - raft.server.watch.timeout.denomination = 1s (default)
2023-04-10 17:22:32,069 [813669ff-bde2-4a80-a354-dd4c167663c0@group-9F2F294DDD23-LeaderElection16] INFO  server.RaftServerConfigKeys (ConfUtils.java:logGet(46)) - raft.server.watch.element-limit = 65536 (default)
2023-04-10 17:22:32,069 [813669ff-bde2-4a80-a354-dd4c167663c0@group-9F2F294DDD23-LeaderElection16] INFO  server.RaftServerConfigKeys (ConfUtils.java:logGet(46)) - raft.server.write.element-limit = 1024 (custom)
2023-04-10 17:22:32,069 [813669ff-bde2-4a80-a354-dd4c167663c0@group-9F2F294DDD23-LeaderElection16] INFO  server.RaftServerConfigKeys (ConfUtils.java:logGet(46)) - raft.server.write.follower.gap.ratio.max = -1.0 (default)
2023-04-10 17:22:32,069 [813669ff-bde2-4a80-a354-dd4c167663c0@group-9F2F294DDD23-LeaderElection16] INFO  impl.RoleInfo (RoleInfo.java:updateAndGet(139)) - 813669ff-bde2-4a80-a354-dd4c167663c0: start 813669ff-bde2-4a80-a354-dd4c167663c0@group-9F2F294DDD23-LeaderStateImpl
2023-04-10 17:22:32,069 [813669ff-bde2-4a80-a354-dd4c167663c0@group-E2F6596D48A6-LeaderElection14] INFO  server.RaftServerConfigKeys (ConfUtils.java:logGet(46)) - raft.server.log.appender.install.snapshot.enabled = false (custom)
2023-04-10 17:22:32,069 [813669ff-bde2-4a80-a354-dd4c167663c0@group-E2F6596D48A6-LeaderElection14] INFO  grpc.GrpcConfigKeys (ConfUtils.java:logGet(46)) - raft.grpc.server.heartbeat.channel = true (default)
2023-04-10 17:22:32,069 [813669ff-bde2-4a80-a354-dd4c167663c0@group-E2F6596D48A6-LeaderElection14] INFO  server.RaftServerConfigKeys (ConfUtils.java:logGet(46)) - raft.server.log.appender.wait-time.min = 10ms (default)
2023-04-10 17:22:32,070 [EventQueue-PipelineReportForPipelineReportHandler] INFO  pipeline.PipelineManagerImpl (PipelineManagerImpl.java:openPipeline(367)) - Pipeline Pipeline[ Id: aad66a3b-7a6c-41d9-ad99-e2f6596d48a6, Nodes: 813669ff-bde2-4a80-a354-dd4c167663c0(fv-az201-37/10.1.0.59)1df5c771-96ae-4f7f-bce1-d7659a86bf4c(fv-az201-37/10.1.0.59)bfeb2be3-129f-4e57-9a47-316523ddd986(fv-az201-37/10.1.0.59), ReplicationConfig: RATIS/THREE, State:ALLOCATED, leaderId:813669ff-bde2-4a80-a354-dd4c167663c0, CreationTimestamp2023-04-10T17:22:24.768Z[Etc/UTC]] moved to OPEN state
2023-04-10 17:22:32,072 [813669ff-bde2-4a80-a354-dd4c167663c0@group-B2579D47936B-FollowerState] INFO  impl.FollowerState (FollowerState.java:run(143)) - 813669ff-bde2-4a80-a354-dd4c167663c0@group-B2579D47936B-FollowerState: change to CANDIDATE, lastRpcElapsedTime:5012696904ns, electionTimeout:5009ms
2023-04-10 17:22:32,075 [813669ff-bde2-4a80-a354-dd4c167663c0@group-B2579D47936B-FollowerState] INFO  impl.RoleInfo (RoleInfo.java:shutdownFollowerState(110)) - 813669ff-bde2-4a80-a354-dd4c167663c0: shutdown 813669ff-bde2-4a80-a354-dd4c167663c0@group-B2579D47936B-FollowerState
2023-04-10 17:22:32,076 [813669ff-bde2-4a80-a354-dd4c167663c0@group-B2579D47936B-FollowerState] INFO  server.RaftServer$Division (RaftServerImpl.java:setRole(321)) - 813669ff-bde2-4a80-a354-dd4c167663c0@group-B2579D47936B: changes role from  FOLLOWER to CANDIDATE at term 0 for changeToCandidate
2023-04-10 17:22:32,076 [813669ff-bde2-4a80-a354-dd4c167663c0@group-B2579D47936B-FollowerState] INFO  server.RaftServerConfigKeys (ConfUtils.java:logGet(46)) - raft.server.leaderelection.pre-vote = true (default)
2023-04-10 17:22:32,076 [813669ff-bde2-4a80-a354-dd4c167663c0@group-B2579D47936B-FollowerState] INFO  impl.RoleInfo (RoleInfo.java:updateAndGet(139)) - 813669ff-bde2-4a80-a354-dd4c167663c0: start 813669ff-bde2-4a80-a354-dd4c167663c0@group-B2579D47936B-LeaderElection17
2023-04-10 17:22:32,076 [813669ff-bde2-4a80-a354-dd4c167663c0@group-E2F6596D48A6-LeaderElection14] INFO  server.RaftServerConfigKeys (ConfUtils.java:logGet(46)) - raft.server.log.appender.snapshot.chunk.size.max = 16MB (=16777216) (default)
2023-04-10 17:22:32,076 [813669ff-bde2-4a80-a354-dd4c167663c0@group-E2F6596D48A6-LeaderElection14] INFO  server.RaftServerConfigKeys (ConfUtils.java:logGet(46)) - raft.server.log.appender.buffer.byte-limit = 33554432 (custom)
2023-04-10 17:22:32,076 [813669ff-bde2-4a80-a354-dd4c167663c0@group-E2F6596D48A6-LeaderElection14] INFO  server.RaftServerConfigKeys (ConfUtils.java:logGet(46)) - raft.server.log.appender.buffer.element-limit = 1 (custom)
2023-04-10 17:22:32,076 [813669ff-bde2-4a80-a354-dd4c167663c0@group-E2F6596D48A6-LeaderElection14] INFO  grpc.GrpcConfigKeys (ConfUtils.java:logGet(46)) - raft.grpc.server.leader.outstanding.appends.max = 128 (default)
2023-04-10 17:22:32,076 [813669ff-bde2-4a80-a354-dd4c167663c0@group-E2F6596D48A6-LeaderElection14] INFO  server.RaftServerConfigKeys (ConfUtils.java:logGet(46)) - raft.server.rpc.request.timeout = 3000ms (default)
2023-04-10 17:22:32,076 [813669ff-bde2-4a80-a354-dd4c167663c0@group-E2F6596D48A6-LeaderElection14] INFO  server.RaftServerConfigKeys (ConfUtils.java:logGet(46)) - raft.server.log.appender.install.snapshot.enabled = false (custom)
2023-04-10 17:22:32,076 [813669ff-bde2-4a80-a354-dd4c167663c0@group-9F2F294DDD23-LeaderElection16] INFO  segmented.SegmentedRaftLogWorker (SegmentedRaftLogWorker.java:startLogSegment(452)) - 813669ff-bde2-4a80-a354-dd4c167663c0@group-9F2F294DDD23-SegmentedRaftLogWorker: Starting segment from index:0
2023-04-10 17:22:32,076 [813669ff-bde2-4a80-a354-dd4c167663c0@group-E2F6596D48A6-LeaderElection14] INFO  grpc.GrpcConfigKeys (ConfUtils.java:logGet(46)) - raft.grpc.server.heartbeat.channel = true (default)
2023-04-10 17:22:32,077 [813669ff-bde2-4a80-a354-dd4c167663c0@group-E2F6596D48A6-LeaderElection14] INFO  server.RaftServerConfigKeys (ConfUtils.java:logGet(46)) - raft.server.log.appender.wait-time.min = 10ms (default)
2023-04-10 17:22:32,078 [813669ff-bde2-4a80-a354-dd4c167663c0@group-9F2F294DDD23-SegmentedRaftLogWorker] INFO  segmented.SegmentedRaftLogWorker (SegmentedRaftLogWorker.java:execute(656)) - 813669ff-bde2-4a80-a354-dd4c167663c0@group-9F2F294DDD23-SegmentedRaftLogWorker: created new log segment /home/runner/work/ozone/ozone/hadoop-ozone/integration-test/target/test-dir/MiniOzoneClusterImpl-bd692c78-fb3a-4866-9e85-e2f4bd0dbf58/datanode-6/data/ratis/c29428e8-61f4-48d7-9a34-9f2f294ddd23/current/log_inprogress_0
2023-04-10 17:22:32,078 [grpc-default-executor-1] INFO  server.RaftServer$Division (RaftServerImpl.java:requestVote(1251)) - 1df5c771-96ae-4f7f-bce1-d7659a86bf4c@group-E2F6596D48A6 replies to ELECTION vote request: 813669ff-bde2-4a80-a354-dd4c167663c0<-1df5c771-96ae-4f7f-bce1-d7659a86bf4c#0:OK-t1. Peer's state: 1df5c771-96ae-4f7f-bce1-d7659a86bf4c@group-E2F6596D48A6:t1, leader=null, voted=813669ff-bde2-4a80-a354-dd4c167663c0, raftlog=Memoized:1df5c771-96ae-4f7f-bce1-d7659a86bf4c@group-E2F6596D48A6-SegmentedRaftLog:OPENED:c-1, conf=-1: peers:[bfeb2be3-129f-4e57-9a47-316523ddd986|rpc:10.1.0.59:38183|dataStream:10.1.0.59:32789|priority:0|startupRole:FOLLOWER, 813669ff-bde2-4a80-a354-dd4c167663c0|rpc:10.1.0.59:46007|dataStream:10.1.0.59:43049|priority:1|startupRole:FOLLOWER, 1df5c771-96ae-4f7f-bce1-d7659a86bf4c|rpc:10.1.0.59:46485|dataStream:10.1.0.59:35669|priority:0|startupRole:FOLLOWER]|listeners:[], old=null
2023-04-10 17:22:32,080 [813669ff-bde2-4a80-a354-dd4c167663c0@group-E2F6596D48A6-LeaderElection14] INFO  impl.RoleInfo (RoleInfo.java:updateAndGet(139)) - 813669ff-bde2-4a80-a354-dd4c167663c0: start 813669ff-bde2-4a80-a354-dd4c167663c0@group-E2F6596D48A6-LeaderStateImpl
2023-04-10 17:22:32,081 [813669ff-bde2-4a80-a354-dd4c167663c0@group-E2F6596D48A6-LeaderElection14] INFO  segmented.SegmentedRaftLogWorker (SegmentedRaftLogWorker.java:startLogSegment(452)) - 813669ff-bde2-4a80-a354-dd4c167663c0@group-E2F6596D48A6-SegmentedRaftLogWorker: Starting segment from index:0
2023-04-10 17:22:32,082 [1df5c771-96ae-4f7f-bce1-d7659a86bf4c@group-E2F6596D48A6-FollowerState] INFO  impl.FollowerState (FollowerState.java:shouldRun(117)) - 1df5c771-96ae-4f7f-bce1-d7659a86bf4c@group-E2F6596D48A6-FollowerState: Stopping now (isRunning? false, role = FOLLOWER)
2023-04-10 17:22:32,082 [1df5c771-96ae-4f7f-bce1-d7659a86bf4c@group-E2F6596D48A6-FollowerState] INFO  server.RaftServerConfigKeys (ConfUtils.java:logFallback(53)) - raft.server.rpc.first-election.timeout.min = 5s (fallback to raft.server.rpc.timeout.min)
2023-04-10 17:22:32,082 [1df5c771-96ae-4f7f-bce1-d7659a86bf4c@group-E2F6596D48A6-FollowerState] INFO  server.RaftServerConfigKeys (ConfUtils.java:logFallback(53)) - raft.server.rpc.first-election.timeout.max = 5200ms (fallback to raft.server.rpc.timeout.max)
2023-04-10 17:22:32,083 [813669ff-bde2-4a80-a354-dd4c167663c0@group-E2F6596D48A6-SegmentedRaftLogWorker] INFO  segmented.SegmentedRaftLogWorker (SegmentedRaftLogWorker.java:execute(656)) - 813669ff-bde2-4a80-a354-dd4c167663c0@group-E2F6596D48A6-SegmentedRaftLogWorker: created new log segment /home/runner/work/ozone/ozone/hadoop-ozone/integration-test/target/test-dir/MiniOzoneClusterImpl-bd692c78-fb3a-4866-9e85-e2f4bd0dbf58/datanode-6/data/ratis/aad66a3b-7a6c-41d9-ad99-e2f6596d48a6/current/log_inprogress_0
2023-04-10 17:22:32,106 [813669ff-bde2-4a80-a354-dd4c167663c0@group-B2579D47936B-LeaderElection17] INFO  impl.LeaderElection (LeaderElection.java:askForVotes(312)) - 813669ff-bde2-4a80-a354-dd4c167663c0@group-B2579D47936B-LeaderElection17 PRE_VOTE round 0: submit vote requests at term 0 for -1: peers:[bfeb2be3-129f-4e57-9a47-316523ddd986|rpc:10.1.0.59:38183|dataStream:10.1.0.59:32789|priority:1|startupRole:FOLLOWER, 813669ff-bde2-4a80-a354-dd4c167663c0|rpc:10.1.0.59:46007|dataStream:10.1.0.59:43049|priority:0|startupRole:FOLLOWER, 1df5c771-96ae-4f7f-bce1-d7659a86bf4c|rpc:10.1.0.59:46485|dataStream:10.1.0.59:35669|priority:0|startupRole:FOLLOWER]|listeners:[], old=null
2023-04-10 17:22:32,106 [813669ff-bde2-4a80-a354-dd4c167663c0@group-9F2F294DDD23-LeaderElection16] INFO  server.RaftServer$Division (ServerState.java:setRaftConf(430)) - 813669ff-bde2-4a80-a354-dd4c167663c0@group-9F2F294DDD23: set configuration 0: peers:[813669ff-bde2-4a80-a354-dd4c167663c0|rpc:10.1.0.59:46007|dataStream:10.1.0.59:43049|priority:1|startupRole:FOLLOWER]|listeners:[], old=null
2023-04-10 17:22:32,106 [813669ff-bde2-4a80-a354-dd4c167663c0@group-E2F6596D48A6-LeaderElection14] INFO  server.RaftServer$Division (ServerState.java:setRaftConf(430)) - 813669ff-bde2-4a80-a354-dd4c167663c0@group-E2F6596D48A6: set configuration 0: peers:[bfeb2be3-129f-4e57-9a47-316523ddd986|rpc:10.1.0.59:38183|dataStream:10.1.0.59:32789|priority:0|startupRole:FOLLOWER, 813669ff-bde2-4a80-a354-dd4c167663c0|rpc:10.1.0.59:46007|dataStream:10.1.0.59:43049|priority:1|startupRole:FOLLOWER, 1df5c771-96ae-4f7f-bce1-d7659a86bf4c|rpc:10.1.0.59:46485|dataStream:10.1.0.59:35669|priority:0|startupRole:FOLLOWER]|listeners:[], old=null
2023-04-10 17:22:32,107 [813669ff-bde2-4a80-a354-dd4c167663c0@group-E2F6596D48A6-StateMachineUpdater] INFO  ratis.ContainerStateMachine (ContainerStateMachine.java:takeSnapshot(330)) - group-E2F6596D48A6: Taking a snapshot at:(t:1, i:0) file /home/runner/work/ozone/ozone/hadoop-ozone/integration-test/target/test-dir/MiniOzoneClusterImpl-bd692c78-fb3a-4866-9e85-e2f4bd0dbf58/datanode-6/data/ratis/aad66a3b-7a6c-41d9-ad99-e2f6596d48a6/sm/snapshot.1_0
2023-04-10 17:22:32,108 [813669ff-bde2-4a80-a354-dd4c167663c0@group-E2F6596D48A6-StateMachineUpdater] INFO  ratis.ContainerStateMachine (ContainerStateMachine.java:takeSnapshot(341)) - group-E2F6596D48A6: Finished taking a snapshot at:(t:1, i:0) file:/home/runner/work/ozone/ozone/hadoop-ozone/integration-test/target/test-dir/MiniOzoneClusterImpl-bd692c78-fb3a-4866-9e85-e2f4bd0dbf58/datanode-6/data/ratis/aad66a3b-7a6c-41d9-ad99-e2f6596d48a6/sm/snapshot.1_0 took: 1 ms
2023-04-10 17:22:32,108 [813669ff-bde2-4a80-a354-dd4c167663c0@group-E2F6596D48A6-StateMachineUpdater] INFO  impl.StateMachineUpdater (StateMachineUpdater.java:takeSnapshot(287)) - 813669ff-bde2-4a80-a354-dd4c167663c0@group-E2F6596D48A6-StateMachineUpdater: Took a snapshot at index 0
2023-04-10 17:22:32,108 [813669ff-bde2-4a80-a354-dd4c167663c0@group-E2F6596D48A6-StateMachineUpdater] INFO  impl.StateMachineUpdater (StateMachineUpdater.java:lambda$new$0(92)) - 813669ff-bde2-4a80-a354-dd4c167663c0@group-E2F6596D48A6-StateMachineUpdater: snapshotIndex: updateIncreasingly -1 -> 0
2023-04-10 17:22:32,108 [813669ff-bde2-4a80-a354-dd4c167663c0@group-B2579D47936B-LeaderElection17] INFO  server.RaftServerConfigKeys (ConfUtils.java:logFallback(53)) - raft.server.rpc.first-election.timeout.min = 5s (fallback to raft.server.rpc.timeout.min)
2023-04-10 17:22:32,108 [813669ff-bde2-4a80-a354-dd4c167663c0@group-B2579D47936B-LeaderElection17] INFO  server.RaftServerConfigKeys (ConfUtils.java:logFallback(53)) - raft.server.rpc.first-election.timeout.max = 5200ms (fallback to raft.server.rpc.timeout.max)
2023-04-10 17:22:32,115 [grpc-default-executor-0] INFO  server.RaftServer$Division (RaftServerImpl.java:requestVote(1218)) - bfeb2be3-129f-4e57-9a47-316523ddd986@group-B2579D47936B: receive requestVote(PRE_VOTE, 813669ff-bde2-4a80-a354-dd4c167663c0, group-B2579D47936B, 0, (t:0, i:0))
2023-04-10 17:22:32,115 [grpc-default-executor-0] INFO  impl.VoteContext (VoteContext.java:log(49)) - bfeb2be3-129f-4e57-9a47-316523ddd986@group-B2579D47936B-FOLLOWER: reject PRE_VOTE from 813669ff-bde2-4a80-a354-dd4c167663c0: our priority 1 > candidate's priority 0
2023-04-10 17:22:32,115 [grpc-default-executor-0] INFO  server.RaftServer$Division (RaftServerImpl.java:requestVote(1251)) - bfeb2be3-129f-4e57-9a47-316523ddd986@group-B2579D47936B replies to PRE_VOTE vote request: 813669ff-bde2-4a80-a354-dd4c167663c0<-bfeb2be3-129f-4e57-9a47-316523ddd986#0:FAIL-t0. Peer's state: bfeb2be3-129f-4e57-9a47-316523ddd986@group-B2579D47936B:t0, leader=null, voted=, raftlog=Memoized:bfeb2be3-129f-4e57-9a47-316523ddd986@group-B2579D47936B-SegmentedRaftLog:OPENED:c-1, conf=-1: peers:[bfeb2be3-129f-4e57-9a47-316523ddd986|rpc:10.1.0.59:38183|dataStream:10.1.0.59:32789|priority:1|startupRole:FOLLOWER, 813669ff-bde2-4a80-a354-dd4c167663c0|rpc:10.1.0.59:46007|dataStream:10.1.0.59:43049|priority:0|startupRole:FOLLOWER, 1df5c771-96ae-4f7f-bce1-d7659a86bf4c|rpc:10.1.0.59:46485|dataStream:10.1.0.59:35669|priority:0|startupRole:FOLLOWER]|listeners:[], old=null
2023-04-10 17:22:32,119 [813669ff-bde2-4a80-a354-dd4c167663c0@group-B2579D47936B-LeaderElection17] INFO  impl.LeaderElection (LeaderElection.java:logAndReturn(90)) - 813669ff-bde2-4a80-a354-dd4c167663c0@group-B2579D47936B-LeaderElection17: PRE_VOTE REJECTED received 1 response(s) and 0 exception(s):
2023-04-10 17:22:32,119 [813669ff-bde2-4a80-a354-dd4c167663c0@group-B2579D47936B-LeaderElection17] INFO  impl.LeaderElection (LeaderElection.java:logAndReturn(94)) -   Response 0: 813669ff-bde2-4a80-a354-dd4c167663c0<-bfeb2be3-129f-4e57-9a47-316523ddd986#0:FAIL-t0
2023-04-10 17:22:32,119 [813669ff-bde2-4a80-a354-dd4c167663c0@group-B2579D47936B-LeaderElection17] INFO  impl.LeaderElection (LeaderElection.java:askForVotes(314)) - 813669ff-bde2-4a80-a354-dd4c167663c0@group-B2579D47936B-LeaderElection17 PRE_VOTE round 0: result REJECTED
2023-04-10 17:22:32,119 [813669ff-bde2-4a80-a354-dd4c167663c0@group-B2579D47936B-LeaderElection17] INFO  server.RaftServer$Division (RaftServerImpl.java:setRole(321)) - 813669ff-bde2-4a80-a354-dd4c167663c0@group-B2579D47936B: changes role from CANDIDATE to FOLLOWER at term 0 for REJECTED
2023-04-10 17:22:32,119 [813669ff-bde2-4a80-a354-dd4c167663c0@group-B2579D47936B-LeaderElection17] INFO  impl.RoleInfo (RoleInfo.java:shutdownLeaderElection(130)) - 813669ff-bde2-4a80-a354-dd4c167663c0: shutdown 813669ff-bde2-4a80-a354-dd4c167663c0@group-B2579D47936B-LeaderElection17
2023-04-10 17:22:32,119 [813669ff-bde2-4a80-a354-dd4c167663c0@group-B2579D47936B-LeaderElection17] INFO  impl.RoleInfo (RoleInfo.java:updateAndGet(139)) - 813669ff-bde2-4a80-a354-dd4c167663c0: start 813669ff-bde2-4a80-a354-dd4c167663c0@group-B2579D47936B-FollowerState
2023-04-10 17:22:32,121 [grpc-default-executor-5] INFO  server.RaftServer$Division (RaftServerImpl.java:requestVote(1218)) - 1df5c771-96ae-4f7f-bce1-d7659a86bf4c@group-B2579D47936B: receive requestVote(PRE_VOTE, 813669ff-bde2-4a80-a354-dd4c167663c0, group-B2579D47936B, 0, (t:0, i:0))
2023-04-10 17:22:32,121 [grpc-default-executor-5] INFO  impl.VoteContext (VoteContext.java:log(49)) - 1df5c771-96ae-4f7f-bce1-d7659a86bf4c@group-B2579D47936B-FOLLOWER: accept PRE_VOTE from 813669ff-bde2-4a80-a354-dd4c167663c0: our priority 0 <= candidate's priority 0
2023-04-10 17:22:32,121 [grpc-default-executor-5] INFO  server.RaftServer$Division (RaftServerImpl.java:requestVote(1251)) - 1df5c771-96ae-4f7f-bce1-d7659a86bf4c@group-B2579D47936B replies to PRE_VOTE vote request: 813669ff-bde2-4a80-a354-dd4c167663c0<-1df5c771-96ae-4f7f-bce1-d7659a86bf4c#0:OK-t0. Peer's state: 1df5c771-96ae-4f7f-bce1-d7659a86bf4c@group-B2579D47936B:t0, leader=null, voted=, raftlog=Memoized:1df5c771-96ae-4f7f-bce1-d7659a86bf4c@group-B2579D47936B-SegmentedRaftLog:OPENED:c-1, conf=-1: peers:[bfeb2be3-129f-4e57-9a47-316523ddd986|rpc:10.1.0.59:38183|dataStream:10.1.0.59:32789|priority:1|startupRole:FOLLOWER, 813669ff-bde2-4a80-a354-dd4c167663c0|rpc:10.1.0.59:46007|dataStream:10.1.0.59:43049|priority:0|startupRole:FOLLOWER, 1df5c771-96ae-4f7f-bce1-d7659a86bf4c|rpc:10.1.0.59:46485|dataStream:10.1.0.59:35669|priority:0|startupRole:FOLLOWER]|listeners:[], old=null
2023-04-10 17:22:32,128 [813669ff-bde2-4a80-a354-dd4c167663c0@group-9F2F294DDD23-StateMachineUpdater] INFO  ratis.ContainerStateMachine (ContainerStateMachine.java:takeSnapshot(330)) - group-9F2F294DDD23: Taking a snapshot at:(t:1, i:0) file /home/runner/work/ozone/ozone/hadoop-ozone/integration-test/target/test-dir/MiniOzoneClusterImpl-bd692c78-fb3a-4866-9e85-e2f4bd0dbf58/datanode-6/data/ratis/c29428e8-61f4-48d7-9a34-9f2f294ddd23/sm/snapshot.1_0
2023-04-10 17:22:32,128 [813669ff-bde2-4a80-a354-dd4c167663c0@group-B2579D47936B-FollowerState] INFO  server.RaftServerConfigKeys (ConfUtils.java:logFallback(53)) - raft.server.rpc.first-election.timeout.min = 5s (fallback to raft.server.rpc.timeout.min)
2023-04-10 17:22:32,128 [813669ff-bde2-4a80-a354-dd4c167663c0@group-B2579D47936B-FollowerState] INFO  server.RaftServerConfigKeys (ConfUtils.java:logFallback(53)) - raft.server.rpc.first-election.timeout.max = 5200ms (fallback to raft.server.rpc.timeout.max)
2023-04-10 17:22:32,128 [bfeb2be3-129f-4e57-9a47-316523ddd986-server-thread1] INFO  ratis.XceiverServerRatis (XceiverServerRatis.java:handleLeaderChangedNotification(904)) - Leader change notification received for group: group-E2F6596D48A6 with new leaderId: 813669ff-bde2-4a80-a354-dd4c167663c0
2023-04-10 17:22:32,128 [813669ff-bde2-4a80-a354-dd4c167663c0@group-9F2F294DDD23-StateMachineUpdater] INFO  ratis.ContainerStateMachine (ContainerStateMachine.java:takeSnapshot(341)) - group-9F2F294DDD23: Finished taking a snapshot at:(t:1, i:0) file:/home/runner/work/ozone/ozone/hadoop-ozone/integration-test/target/test-dir/MiniOzoneClusterImpl-bd692c78-fb3a-4866-9e85-e2f4bd0dbf58/datanode-6/data/ratis/c29428e8-61f4-48d7-9a34-9f2f294ddd23/sm/snapshot.1_0 took: 1 ms
2023-04-10 17:22:32,131 [bfeb2be3-129f-4e57-9a47-316523ddd986-server-thread1] INFO  server.RaftServer$Division (ServerState.java:setLeader(313)) - bfeb2be3-129f-4e57-9a47-316523ddd986@group-E2F6596D48A6: change Leader from null to 813669ff-bde2-4a80-a354-dd4c167663c0 at term 1 for appendEntries, leader elected after 5130ms
2023-04-10 17:22:32,132 [813669ff-bde2-4a80-a354-dd4c167663c0@group-9F2F294DDD23-StateMachineUpdater] INFO  impl.StateMachineUpdater (StateMachineUpdater.java:takeSnapshot(287)) - 813669ff-bde2-4a80-a354-dd4c167663c0@group-9F2F294DDD23-StateMachineUpdater: Took a snapshot at index 0
2023-04-10 17:22:32,132 [813669ff-bde2-4a80-a354-dd4c167663c0@group-9F2F294DDD23-StateMachineUpdater] INFO  impl.StateMachineUpdater (StateMachineUpdater.java:lambda$new$0(92)) - 813669ff-bde2-4a80-a354-dd4c167663c0@group-9F2F294DDD23-StateMachineUpdater: snapshotIndex: updateIncreasingly -1 -> 0
2023-04-10 17:22:32,132 [bfeb2be3-129f-4e57-9a47-316523ddd986-server-thread1] INFO  server.RaftServer$Division (ServerState.java:setRaftConf(430)) - bfeb2be3-129f-4e57-9a47-316523ddd986@group-E2F6596D48A6: set configuration 0: peers:[bfeb2be3-129f-4e57-9a47-316523ddd986|rpc:10.1.0.59:38183|dataStream:10.1.0.59:32789|priority:0|startupRole:FOLLOWER, 813669ff-bde2-4a80-a354-dd4c167663c0|rpc:10.1.0.59:46007|dataStream:10.1.0.59:43049|priority:1|startupRole:FOLLOWER, 1df5c771-96ae-4f7f-bce1-d7659a86bf4c|rpc:10.1.0.59:46485|dataStream:10.1.0.59:35669|priority:0|startupRole:FOLLOWER]|listeners:[], old=null
2023-04-10 17:22:32,132 [bfeb2be3-129f-4e57-9a47-316523ddd986-server-thread1] INFO  segmented.SegmentedRaftLogWorker (SegmentedRaftLogWorker.java:startLogSegment(452)) - bfeb2be3-129f-4e57-9a47-316523ddd986@group-E2F6596D48A6-SegmentedRaftLogWorker: Starting segment from index:0
2023-04-10 17:22:32,132 [1df5c771-96ae-4f7f-bce1-d7659a86bf4c-server-thread2] INFO  ratis.XceiverServerRatis (XceiverServerRatis.java:handleLeaderChangedNotification(904)) - Leader change notification received for group: group-E2F6596D48A6 with new leaderId: 813669ff-bde2-4a80-a354-dd4c167663c0
2023-04-10 17:22:32,132 [1df5c771-96ae-4f7f-bce1-d7659a86bf4c-server-thread2] INFO  server.RaftServer$Division (ServerState.java:setLeader(313)) - 1df5c771-96ae-4f7f-bce1-d7659a86bf4c@group-E2F6596D48A6: change Leader from null to 813669ff-bde2-4a80-a354-dd4c167663c0 at term 1 for appendEntries, leader elected after 5184ms
2023-04-10 17:22:32,132 [1df5c771-96ae-4f7f-bce1-d7659a86bf4c-server-thread2] INFO  server.RaftServer$Division (ServerState.java:setRaftConf(430)) - 1df5c771-96ae-4f7f-bce1-d7659a86bf4c@group-E2F6596D48A6: set configuration 0: peers:[bfeb2be3-129f-4e57-9a47-316523ddd986|rpc:10.1.0.59:38183|dataStream:10.1.0.59:32789|priority:0|startupRole:FOLLOWER, 813669ff-bde2-4a80-a354-dd4c167663c0|rpc:10.1.0.59:46007|dataStream:10.1.0.59:43049|priority:1|startupRole:FOLLOWER, 1df5c771-96ae-4f7f-bce1-d7659a86bf4c|rpc:10.1.0.59:46485|dataStream:10.1.0.59:35669|priority:0|startupRole:FOLLOWER]|listeners:[], old=null
2023-04-10 17:22:32,133 [1df5c771-96ae-4f7f-bce1-d7659a86bf4c-server-thread2] INFO  segmented.SegmentedRaftLogWorker (SegmentedRaftLogWorker.java:startLogSegment(452)) - 1df5c771-96ae-4f7f-bce1-d7659a86bf4c@group-E2F6596D48A6-SegmentedRaftLogWorker: Starting segment from index:0
2023-04-10 17:22:32,155 [bfeb2be3-129f-4e57-9a47-316523ddd986@group-E2F6596D48A6-SegmentedRaftLogWorker] INFO  segmented.SegmentedRaftLogWorker (SegmentedRaftLogWorker.java:execute(656)) - bfeb2be3-129f-4e57-9a47-316523ddd986@group-E2F6596D48A6-SegmentedRaftLogWorker: created new log segment /home/runner/work/ozone/ozone/hadoop-ozone/integration-test/target/test-dir/MiniOzoneClusterImpl-bd692c78-fb3a-4866-9e85-e2f4bd0dbf58/datanode-8/data/ratis/aad66a3b-7a6c-41d9-ad99-e2f6596d48a6/current/log_inprogress_0
2023-04-10 17:22:32,156 [1df5c771-96ae-4f7f-bce1-d7659a86bf4c@group-E2F6596D48A6-SegmentedRaftLogWorker] INFO  segmented.SegmentedRaftLogWorker (SegmentedRaftLogWorker.java:execute(656)) - 1df5c771-96ae-4f7f-bce1-d7659a86bf4c@group-E2F6596D48A6-SegmentedRaftLogWorker: created new log segment /home/runner/work/ozone/ozone/hadoop-ozone/integration-test/target/test-dir/MiniOzoneClusterImpl-bd692c78-fb3a-4866-9e85-e2f4bd0dbf58/datanode-7/data/ratis/aad66a3b-7a6c-41d9-ad99-e2f6596d48a6/current/log_inprogress_0
2023-04-10 17:22:32,158 [1df5c771-96ae-4f7f-bce1-d7659a86bf4c@group-E2F6596D48A6-StateMachineUpdater] INFO  ratis.ContainerStateMachine (ContainerStateMachine.java:takeSnapshot(330)) - group-E2F6596D48A6: Taking a snapshot at:(t:1, i:0) file /home/runner/work/ozone/ozone/hadoop-ozone/integration-test/target/test-dir/MiniOzoneClusterImpl-bd692c78-fb3a-4866-9e85-e2f4bd0dbf58/datanode-7/data/ratis/aad66a3b-7a6c-41d9-ad99-e2f6596d48a6/sm/snapshot.1_0
2023-04-10 17:22:32,158 [1df5c771-96ae-4f7f-bce1-d7659a86bf4c@group-E2F6596D48A6-StateMachineUpdater] INFO  ratis.ContainerStateMachine (ContainerStateMachine.java:takeSnapshot(341)) - group-E2F6596D48A6: Finished taking a snapshot at:(t:1, i:0) file:/home/runner/work/ozone/ozone/hadoop-ozone/integration-test/target/test-dir/MiniOzoneClusterImpl-bd692c78-fb3a-4866-9e85-e2f4bd0dbf58/datanode-7/data/ratis/aad66a3b-7a6c-41d9-ad99-e2f6596d48a6/sm/snapshot.1_0 took: 1 ms
2023-04-10 17:22:32,158 [1df5c771-96ae-4f7f-bce1-d7659a86bf4c@group-E2F6596D48A6-StateMachineUpdater] INFO  impl.StateMachineUpdater (StateMachineUpdater.java:takeSnapshot(287)) - 1df5c771-96ae-4f7f-bce1-d7659a86bf4c@group-E2F6596D48A6-StateMachineUpdater: Took a snapshot at index 0
2023-04-10 17:22:32,158 [1df5c771-96ae-4f7f-bce1-d7659a86bf4c@group-E2F6596D48A6-StateMachineUpdater] INFO  impl.StateMachineUpdater (StateMachineUpdater.java:lambda$new$0(92)) - 1df5c771-96ae-4f7f-bce1-d7659a86bf4c@group-E2F6596D48A6-StateMachineUpdater: snapshotIndex: updateIncreasingly -1 -> 0
2023-04-10 17:22:32,196 [5409a7e1-30d0-4745-ac51-a822fb81fdf2@group-AB45EF1D04E8-StateMachineUpdater] INFO  ratis.ContainerStateMachine (ContainerStateMachine.java:takeSnapshot(330)) - group-AB45EF1D04E8: Taking a snapshot at:(t:1, i:3) file /home/runner/work/ozone/ozone/hadoop-ozone/integration-test/target/test-dir/MiniOzoneClusterImpl-bd692c78-fb3a-4866-9e85-e2f4bd0dbf58/datanode-3/data/ratis/55f4da44-67ed-45b6-9748-ab45ef1d04e8/sm/snapshot.1_3
2023-04-10 17:22:32,200 [5409a7e1-30d0-4745-ac51-a822fb81fdf2@group-AB45EF1D04E8-StateMachineUpdater] INFO  ratis.ContainerStateMachine (ContainerStateMachine.java:takeSnapshot(341)) - group-AB45EF1D04E8: Finished taking a snapshot at:(t:1, i:3) file:/home/runner/work/ozone/ozone/hadoop-ozone/integration-test/target/test-dir/MiniOzoneClusterImpl-bd692c78-fb3a-4866-9e85-e2f4bd0dbf58/datanode-3/data/ratis/55f4da44-67ed-45b6-9748-ab45ef1d04e8/sm/snapshot.1_3 took: 3 ms
2023-04-10 17:22:32,200 [5409a7e1-30d0-4745-ac51-a822fb81fdf2@group-AB45EF1D04E8-StateMachineUpdater] INFO  impl.StateMachineUpdater (StateMachineUpdater.java:takeSnapshot(287)) - 5409a7e1-30d0-4745-ac51-a822fb81fdf2@group-AB45EF1D04E8-StateMachineUpdater: Took a snapshot at index 3
2023-04-10 17:22:32,200 [5409a7e1-30d0-4745-ac51-a822fb81fdf2@group-AB45EF1D04E8-StateMachineUpdater] INFO  impl.StateMachineUpdater (StateMachineUpdater.java:lambda$new$0(92)) - 5409a7e1-30d0-4745-ac51-a822fb81fdf2@group-AB45EF1D04E8-StateMachineUpdater: snapshotIndex: updateIncreasingly 0 -> 3
2023-04-10 17:22:32,212 [5409a7e1-30d0-4745-ac51-a822fb81fdf2@group-AB45EF1D04E8-StateMachineUpdater] INFO  ratis.ContainerStateMachine (ContainerStateMachine.java:takeSnapshot(330)) - group-AB45EF1D04E8: Taking a snapshot at:(t:1, i:5) file /home/runner/work/ozone/ozone/hadoop-ozone/integration-test/target/test-dir/MiniOzoneClusterImpl-bd692c78-fb3a-4866-9e85-e2f4bd0dbf58/datanode-3/data/ratis/55f4da44-67ed-45b6-9748-ab45ef1d04e8/sm/snapshot.1_5
2023-04-10 17:22:32,213 [5409a7e1-30d0-4745-ac51-a822fb81fdf2@group-AB45EF1D04E8-StateMachineUpdater] INFO  ratis.ContainerStateMachine (ContainerStateMachine.java:takeSnapshot(341)) - group-AB45EF1D04E8: Finished taking a snapshot at:(t:1, i:5) file:/home/runner/work/ozone/ozone/hadoop-ozone/integration-test/target/test-dir/MiniOzoneClusterImpl-bd692c78-fb3a-4866-9e85-e2f4bd0dbf58/datanode-3/data/ratis/55f4da44-67ed-45b6-9748-ab45ef1d04e8/sm/snapshot.1_5 took: 1 ms
2023-04-10 17:22:32,213 [5409a7e1-30d0-4745-ac51-a822fb81fdf2@group-AB45EF1D04E8-StateMachineUpdater] INFO  impl.StateMachineUpdater (StateMachineUpdater.java:takeSnapshot(287)) - 5409a7e1-30d0-4745-ac51-a822fb81fdf2@group-AB45EF1D04E8-StateMachineUpdater: Took a snapshot at index 5
2023-04-10 17:22:32,213 [5409a7e1-30d0-4745-ac51-a822fb81fdf2@group-AB45EF1D04E8-StateMachineUpdater] INFO  impl.StateMachineUpdater (StateMachineUpdater.java:lambda$new$0(92)) - 5409a7e1-30d0-4745-ac51-a822fb81fdf2@group-AB45EF1D04E8-StateMachineUpdater: snapshotIndex: updateIncreasingly 3 -> 5
2023-04-10 17:22:32,234 [Listener at 127.0.0.1/35635] INFO  ratis.ContainerStateMachine (ContainerStateMachine.java:takeSnapshot(330)) - group-AB45EF1D04E8: Taking a snapshot at:(t:1, i:7) file /home/runner/work/ozone/ozone/hadoop-ozone/integration-test/target/test-dir/MiniOzoneClusterImpl-bd692c78-fb3a-4866-9e85-e2f4bd0dbf58/datanode-3/data/ratis/55f4da44-67ed-45b6-9748-ab45ef1d04e8/sm/snapshot.1_7
2023-04-10 17:22:32,235 [Listener at 127.0.0.1/35635] INFO  ratis.ContainerStateMachine (ContainerStateMachine.java:takeSnapshot(341)) - group-AB45EF1D04E8: Finished taking a snapshot at:(t:1, i:7) file:/home/runner/work/ozone/ozone/hadoop-ozone/integration-test/target/test-dir/MiniOzoneClusterImpl-bd692c78-fb3a-4866-9e85-e2f4bd0dbf58/datanode-3/data/ratis/55f4da44-67ed-45b6-9748-ab45ef1d04e8/sm/snapshot.1_7 took: 1 ms
2023-04-10 17:22:32,248 [1df5c771-96ae-4f7f-bce1-d7659a86bf4c@group-B2579D47936B-FollowerState] INFO  server.RaftServerConfigKeys (ConfUtils.java:logFallback(53)) - raft.server.rpc.first-election.timeout.min = 5s (fallback to raft.server.rpc.timeout.min)
2023-04-10 17:22:32,249 [1df5c771-96ae-4f7f-bce1-d7659a86bf4c@group-B2579D47936B-FollowerState] INFO  server.RaftServerConfigKeys (ConfUtils.java:logFallback(53)) - raft.server.rpc.first-election.timeout.max = 5200ms (fallback to raft.server.rpc.timeout.max)
2023-04-10 17:22:32,265 [bfeb2be3-129f-4e57-9a47-316523ddd986@group-B2579D47936B-FollowerState] INFO  impl.FollowerState (FollowerState.java:run(143)) - bfeb2be3-129f-4e57-9a47-316523ddd986@group-B2579D47936B-FollowerState: change to CANDIDATE, lastRpcElapsedTime:5121982966ns, electionTimeout:5117ms
2023-04-10 17:22:32,265 [bfeb2be3-129f-4e57-9a47-316523ddd986@group-B2579D47936B-FollowerState] INFO  impl.RoleInfo (RoleInfo.java:shutdownFollowerState(110)) - bfeb2be3-129f-4e57-9a47-316523ddd986: shutdown bfeb2be3-129f-4e57-9a47-316523ddd986@group-B2579D47936B-FollowerState
2023-04-10 17:22:32,265 [bfeb2be3-129f-4e57-9a47-316523ddd986@group-B2579D47936B-FollowerState] INFO  server.RaftServer$Division (RaftServerImpl.java:setRole(321)) - bfeb2be3-129f-4e57-9a47-316523ddd986@group-B2579D47936B: changes role from  FOLLOWER to CANDIDATE at term 0 for changeToCandidate
2023-04-10 17:22:32,265 [bfeb2be3-129f-4e57-9a47-316523ddd986@group-B2579D47936B-FollowerState] INFO  server.RaftServerConfigKeys (ConfUtils.java:logGet(46)) - raft.server.leaderelection.pre-vote = true (default)
2023-04-10 17:22:32,265 [bfeb2be3-129f-4e57-9a47-316523ddd986@group-B2579D47936B-FollowerState] INFO  impl.RoleInfo (RoleInfo.java:updateAndGet(139)) - bfeb2be3-129f-4e57-9a47-316523ddd986: start bfeb2be3-129f-4e57-9a47-316523ddd986@group-B2579D47936B-LeaderElection18
2023-04-10 17:22:32,266 [bfeb2be3-129f-4e57-9a47-316523ddd986@group-B2579D47936B-LeaderElection18] INFO  impl.LeaderElection (LeaderElection.java:askForVotes(312)) - bfeb2be3-129f-4e57-9a47-316523ddd986@group-B2579D47936B-LeaderElection18 PRE_VOTE round 0: submit vote requests at term 0 for -1: peers:[bfeb2be3-129f-4e57-9a47-316523ddd986|rpc:10.1.0.59:38183|dataStream:10.1.0.59:32789|priority:1|startupRole:FOLLOWER, 813669ff-bde2-4a80-a354-dd4c167663c0|rpc:10.1.0.59:46007|dataStream:10.1.0.59:43049|priority:0|startupRole:FOLLOWER, 1df5c771-96ae-4f7f-bce1-d7659a86bf4c|rpc:10.1.0.59:46485|dataStream:10.1.0.59:35669|priority:0|startupRole:FOLLOWER]|listeners:[], old=null
2023-04-10 17:22:32,266 [bfeb2be3-129f-4e57-9a47-316523ddd986@group-B2579D47936B-LeaderElection18-1] INFO  server.GrpcServerProtocolClient (GrpcServerProtocolClient.java:<init>(63)) - Build channel for 813669ff-bde2-4a80-a354-dd4c167663c0
2023-04-10 17:22:32,279 [bfeb2be3-129f-4e57-9a47-316523ddd986@group-B2579D47936B-LeaderElection18] INFO  server.RaftServerConfigKeys (ConfUtils.java:logFallback(53)) - raft.server.rpc.first-election.timeout.min = 5s (fallback to raft.server.rpc.timeout.min)
2023-04-10 17:22:32,279 [bfeb2be3-129f-4e57-9a47-316523ddd986@group-B2579D47936B-LeaderElection18] INFO  server.RaftServerConfigKeys (ConfUtils.java:logFallback(53)) - raft.server.rpc.first-election.timeout.max = 5200ms (fallback to raft.server.rpc.timeout.max)
2023-04-10 17:22:32,283 [bfeb2be3-129f-4e57-9a47-316523ddd986@group-B2579D47936B-LeaderElection18-2] INFO  server.GrpcServerProtocolClient (GrpcServerProtocolClient.java:<init>(63)) - Build channel for 1df5c771-96ae-4f7f-bce1-d7659a86bf4c
2023-04-10 17:22:32,290 [grpc-default-executor-2] INFO  server.RaftServer$Division (RaftServerImpl.java:requestVote(1218)) - 813669ff-bde2-4a80-a354-dd4c167663c0@group-B2579D47936B: receive requestVote(PRE_VOTE, bfeb2be3-129f-4e57-9a47-316523ddd986, group-B2579D47936B, 0, (t:0, i:0))
2023-04-10 17:22:32,290 [grpc-default-executor-2] INFO  impl.VoteContext (VoteContext.java:log(49)) - 813669ff-bde2-4a80-a354-dd4c167663c0@group-B2579D47936B-FOLLOWER: accept PRE_VOTE from bfeb2be3-129f-4e57-9a47-316523ddd986: our priority 0 <= candidate's priority 1
2023-04-10 17:22:32,290 [grpc-default-executor-2] INFO  server.RaftServer$Division (RaftServerImpl.java:requestVote(1251)) - 813669ff-bde2-4a80-a354-dd4c167663c0@group-B2579D47936B replies to PRE_VOTE vote request: bfeb2be3-129f-4e57-9a47-316523ddd986<-813669ff-bde2-4a80-a354-dd4c167663c0#0:OK-t0. Peer's state: 813669ff-bde2-4a80-a354-dd4c167663c0@group-B2579D47936B:t0, leader=null, voted=, raftlog=Memoized:813669ff-bde2-4a80-a354-dd4c167663c0@group-B2579D47936B-SegmentedRaftLog:OPENED:c-1, conf=-1: peers:[bfeb2be3-129f-4e57-9a47-316523ddd986|rpc:10.1.0.59:38183|dataStream:10.1.0.59:32789|priority:1|startupRole:FOLLOWER, 813669ff-bde2-4a80-a354-dd4c167663c0|rpc:10.1.0.59:46007|dataStream:10.1.0.59:43049|priority:0|startupRole:FOLLOWER, 1df5c771-96ae-4f7f-bce1-d7659a86bf4c|rpc:10.1.0.59:46485|dataStream:10.1.0.59:35669|priority:0|startupRole:FOLLOWER]|listeners:[], old=null
2023-04-10 17:22:32,292 [bfeb2be3-129f-4e57-9a47-316523ddd986@group-B2579D47936B-LeaderElection18] INFO  impl.LeaderElection (LeaderElection.java:logAndReturn(90)) - bfeb2be3-129f-4e57-9a47-316523ddd986@group-B2579D47936B-LeaderElection18: PRE_VOTE PASSED received 1 response(s) and 0 exception(s):
2023-04-10 17:22:32,292 [bfeb2be3-129f-4e57-9a47-316523ddd986@group-B2579D47936B-LeaderElection18] INFO  impl.LeaderElection (LeaderElection.java:logAndReturn(94)) -   Response 0: bfeb2be3-129f-4e57-9a47-316523ddd986<-813669ff-bde2-4a80-a354-dd4c167663c0#0:OK-t0
2023-04-10 17:22:32,292 [bfeb2be3-129f-4e57-9a47-316523ddd986@group-B2579D47936B-LeaderElection18] INFO  impl.LeaderElection (LeaderElection.java:askForVotes(314)) - bfeb2be3-129f-4e57-9a47-316523ddd986@group-B2579D47936B-LeaderElection18 PRE_VOTE round 0: result PASSED
2023-04-10 17:22:32,294 [bfeb2be3-129f-4e57-9a47-316523ddd986@group-B2579D47936B-LeaderElection18] INFO  impl.LeaderElection (LeaderElection.java:askForVotes(312)) - bfeb2be3-129f-4e57-9a47-316523ddd986@group-B2579D47936B-LeaderElection18 ELECTION round 0: submit vote requests at term 1 for -1: peers:[bfeb2be3-129f-4e57-9a47-316523ddd986|rpc:10.1.0.59:38183|dataStream:10.1.0.59:32789|priority:1|startupRole:FOLLOWER, 813669ff-bde2-4a80-a354-dd4c167663c0|rpc:10.1.0.59:46007|dataStream:10.1.0.59:43049|priority:0|startupRole:FOLLOWER, 1df5c771-96ae-4f7f-bce1-d7659a86bf4c|rpc:10.1.0.59:46485|dataStream:10.1.0.59:35669|priority:0|startupRole:FOLLOWER]|listeners:[], old=null
2023-04-10 17:22:32,299 [bfeb2be3-129f-4e57-9a47-316523ddd986@group-B2579D47936B-LeaderElection18] INFO  server.RaftServerConfigKeys (ConfUtils.java:logFallback(53)) - raft.server.rpc.first-election.timeout.min = 5s (fallback to raft.server.rpc.timeout.min)
2023-04-10 17:22:32,300 [grpc-default-executor-0] INFO  server.RaftServer$Division (RaftServerImpl.java:requestVote(1218)) - 813669ff-bde2-4a80-a354-dd4c167663c0@group-B2579D47936B: receive requestVote(ELECTION, bfeb2be3-129f-4e57-9a47-316523ddd986, group-B2579D47936B, 1, (t:0, i:0))
2023-04-10 17:22:32,300 [grpc-default-executor-0] INFO  impl.VoteContext (VoteContext.java:log(49)) - 813669ff-bde2-4a80-a354-dd4c167663c0@group-B2579D47936B-FOLLOWER: accept ELECTION from bfeb2be3-129f-4e57-9a47-316523ddd986: our priority 0 <= candidate's priority 1
2023-04-10 17:22:32,300 [grpc-default-executor-0] INFO  server.RaftServer$Division (RaftServerImpl.java:setRole(321)) - 813669ff-bde2-4a80-a354-dd4c167663c0@group-B2579D47936B: changes role from  FOLLOWER to FOLLOWER at term 1 for candidate:bfeb2be3-129f-4e57-9a47-316523ddd986
2023-04-10 17:22:32,300 [grpc-default-executor-0] INFO  impl.RoleInfo (RoleInfo.java:shutdownFollowerState(110)) - 813669ff-bde2-4a80-a354-dd4c167663c0: shutdown 813669ff-bde2-4a80-a354-dd4c167663c0@group-B2579D47936B-FollowerState
2023-04-10 17:22:32,300 [grpc-default-executor-0] INFO  impl.RoleInfo (RoleInfo.java:updateAndGet(139)) - 813669ff-bde2-4a80-a354-dd4c167663c0: start 813669ff-bde2-4a80-a354-dd4c167663c0@group-B2579D47936B-FollowerState
2023-04-10 17:22:32,300 [bfeb2be3-129f-4e57-9a47-316523ddd986@group-B2579D47936B-LeaderElection18] INFO  server.RaftServerConfigKeys (ConfUtils.java:logFallback(53)) - raft.server.rpc.first-election.timeout.max = 5200ms (fallback to raft.server.rpc.timeout.max)
2023-04-10 17:22:32,304 [813669ff-bde2-4a80-a354-dd4c167663c0@group-B2579D47936B-FollowerState] INFO  impl.FollowerState (FollowerState.java:run(152)) - 813669ff-bde2-4a80-a354-dd4c167663c0@group-B2579D47936B-FollowerState was interrupted
2023-04-10 17:22:32,307 [grpc-default-executor-0] INFO  server.RaftServer$Division (RaftServerImpl.java:requestVote(1251)) - 813669ff-bde2-4a80-a354-dd4c167663c0@group-B2579D47936B replies to ELECTION vote request: bfeb2be3-129f-4e57-9a47-316523ddd986<-813669ff-bde2-4a80-a354-dd4c167663c0#0:OK-t1. Peer's state: 813669ff-bde2-4a80-a354-dd4c167663c0@group-B2579D47936B:t1, leader=null, voted=bfeb2be3-129f-4e57-9a47-316523ddd986, raftlog=Memoized:813669ff-bde2-4a80-a354-dd4c167663c0@group-B2579D47936B-SegmentedRaftLog:OPENED:c-1, conf=-1: peers:[bfeb2be3-129f-4e57-9a47-316523ddd986|rpc:10.1.0.59:38183|dataStream:10.1.0.59:32789|priority:1|startupRole:FOLLOWER, 813669ff-bde2-4a80-a354-dd4c167663c0|rpc:10.1.0.59:46007|dataStream:10.1.0.59:43049|priority:0|startupRole:FOLLOWER, 1df5c771-96ae-4f7f-bce1-d7659a86bf4c|rpc:10.1.0.59:46485|dataStream:10.1.0.59:35669|priority:0|startupRole:FOLLOWER]|listeners:[], old=null
2023-04-10 17:22:32,309 [grpc-default-executor-0] INFO  server.RaftServer$Division (RaftServerImpl.java:requestVote(1218)) - 1df5c771-96ae-4f7f-bce1-d7659a86bf4c@group-B2579D47936B: receive requestVote(ELECTION, bfeb2be3-129f-4e57-9a47-316523ddd986, group-B2579D47936B, 1, (t:0, i:0))
2023-04-10 17:22:32,310 [grpc-default-executor-0] INFO  impl.VoteContext (VoteContext.java:log(49)) - 1df5c771-96ae-4f7f-bce1-d7659a86bf4c@group-B2579D47936B-FOLLOWER: accept ELECTION from bfeb2be3-129f-4e57-9a47-316523ddd986: our priority 0 <= candidate's priority 1
2023-04-10 17:22:32,310 [grpc-default-executor-0] INFO  server.RaftServer$Division (RaftServerImpl.java:setRole(321)) - 1df5c771-96ae-4f7f-bce1-d7659a86bf4c@group-B2579D47936B: changes role from  FOLLOWER to FOLLOWER at term 1 for candidate:bfeb2be3-129f-4e57-9a47-316523ddd986
2023-04-10 17:22:32,310 [grpc-default-executor-0] INFO  impl.RoleInfo (RoleInfo.java:shutdownFollowerState(110)) - 1df5c771-96ae-4f7f-bce1-d7659a86bf4c: shutdown 1df5c771-96ae-4f7f-bce1-d7659a86bf4c@group-B2579D47936B-FollowerState
2023-04-10 17:22:32,310 [grpc-default-executor-3] INFO  server.RaftServer$Division (RaftServerImpl.java:requestVote(1218)) - 1df5c771-96ae-4f7f-bce1-d7659a86bf4c@group-B2579D47936B: receive requestVote(PRE_VOTE, bfeb2be3-129f-4e57-9a47-316523ddd986, group-B2579D47936B, 0, (t:0, i:0))
2023-04-10 17:22:32,314 [813669ff-bde2-4a80-a354-dd4c167663c0@group-B2579D47936B-FollowerState] INFO  server.RaftServerConfigKeys (ConfUtils.java:logFallback(53)) - raft.server.rpc.first-election.timeout.min = 5s (fallback to raft.server.rpc.timeout.min)
2023-04-10 17:22:32,314 [813669ff-bde2-4a80-a354-dd4c167663c0@group-B2579D47936B-FollowerState] INFO  server.RaftServerConfigKeys (ConfUtils.java:logFallback(53)) - raft.server.rpc.first-election.timeout.max = 5200ms (fallback to raft.server.rpc.timeout.max)
2023-04-10 17:22:32,318 [1df5c771-96ae-4f7f-bce1-d7659a86bf4c@group-B2579D47936B-FollowerState] INFO  impl.FollowerState (FollowerState.java:run(152)) - 1df5c771-96ae-4f7f-bce1-d7659a86bf4c@group-B2579D47936B-FollowerState was interrupted
2023-04-10 17:22:32,318 [bfeb2be3-129f-4e57-9a47-316523ddd986@group-B2579D47936B-LeaderElection18] INFO  impl.LeaderElection (LeaderElection.java:logAndReturn(90)) - bfeb2be3-129f-4e57-9a47-316523ddd986@group-B2579D47936B-LeaderElection18: ELECTION PASSED received 1 response(s) and 0 exception(s):
2023-04-10 17:22:32,318 [bfeb2be3-129f-4e57-9a47-316523ddd986@group-B2579D47936B-LeaderElection18] INFO  impl.LeaderElection (LeaderElection.java:logAndReturn(94)) -   Response 0: bfeb2be3-129f-4e57-9a47-316523ddd986<-813669ff-bde2-4a80-a354-dd4c167663c0#0:OK-t1
2023-04-10 17:22:32,318 [bfeb2be3-129f-4e57-9a47-316523ddd986@group-B2579D47936B-LeaderElection18] INFO  impl.LeaderElection (LeaderElection.java:askForVotes(314)) - bfeb2be3-129f-4e57-9a47-316523ddd986@group-B2579D47936B-LeaderElection18 ELECTION round 0: result PASSED
2023-04-10 17:22:32,319 [bfeb2be3-129f-4e57-9a47-316523ddd986@group-B2579D47936B-LeaderElection18] INFO  impl.RoleInfo (RoleInfo.java:shutdownLeaderElection(130)) - bfeb2be3-129f-4e57-9a47-316523ddd986: shutdown bfeb2be3-129f-4e57-9a47-316523ddd986@group-B2579D47936B-LeaderElection18
2023-04-10 17:22:32,319 [bfeb2be3-129f-4e57-9a47-316523ddd986@group-B2579D47936B-LeaderElection18] INFO  server.RaftServer$Division (RaftServerImpl.java:setRole(321)) - bfeb2be3-129f-4e57-9a47-316523ddd986@group-B2579D47936B: changes role from CANDIDATE to LEADER at term 1 for changeToLeader
2023-04-10 17:22:32,319 [bfeb2be3-129f-4e57-9a47-316523ddd986@group-B2579D47936B-LeaderElection18] INFO  ratis.XceiverServerRatis (XceiverServerRatis.java:handleLeaderChangedNotification(904)) - Leader change notification received for group: group-B2579D47936B with new leaderId: bfeb2be3-129f-4e57-9a47-316523ddd986
2023-04-10 17:22:32,319 [bfeb2be3-129f-4e57-9a47-316523ddd986@group-B2579D47936B-LeaderElection18] INFO  server.RaftServer$Division (ServerState.java:setLeader(313)) - bfeb2be3-129f-4e57-9a47-316523ddd986@group-B2579D47936B: change Leader from null to bfeb2be3-129f-4e57-9a47-316523ddd986 at term 1 for becomeLeader, leader elected after 5195ms
2023-04-10 17:22:32,319 [bfeb2be3-129f-4e57-9a47-316523ddd986@group-B2579D47936B-LeaderElection18] INFO  server.RaftServerConfigKeys (ConfUtils.java:logGet(46)) - raft.server.staging.catchup.gap = 1000 (default)
2023-04-10 17:22:32,319 [bfeb2be3-129f-4e57-9a47-316523ddd986@group-B2579D47936B-LeaderElection18] INFO  server.RaftServerConfigKeys (ConfUtils.java:logGet(46)) - raft.server.write.element-limit = 1024 (custom)
2023-04-10 17:22:32,319 [bfeb2be3-129f-4e57-9a47-316523ddd986@group-B2579D47936B-LeaderElection18] INFO  server.RaftServerConfigKeys (ConfUtils.java:logGet(46)) - raft.server.write.byte-limit = 1024 M (=1073741824) (custom)
2023-04-10 17:22:32,319 [bfeb2be3-129f-4e57-9a47-316523ddd986@group-B2579D47936B-LeaderElection18] INFO  server.RaftServerConfigKeys (ConfUtils.java:logGet(46)) - raft.server.watch.timeout = 10000ms (default)
2023-04-10 17:22:32,319 [bfeb2be3-129f-4e57-9a47-316523ddd986@group-B2579D47936B-LeaderElection18] INFO  server.RaftServerConfigKeys (ConfUtils.java:logGet(46)) - raft.server.watch.timeout.denomination = 1s (default)
2023-04-10 17:22:32,319 [bfeb2be3-129f-4e57-9a47-316523ddd986@group-B2579D47936B-LeaderElection18] INFO  server.RaftServerConfigKeys (ConfUtils.java:logGet(46)) - raft.server.watch.element-limit = 65536 (default)
2023-04-10 17:22:32,319 [bfeb2be3-129f-4e57-9a47-316523ddd986@group-B2579D47936B-LeaderElection18] INFO  server.RaftServerConfigKeys (ConfUtils.java:logGet(46)) - raft.server.write.element-limit = 1024 (custom)
2023-04-10 17:22:32,320 [bfeb2be3-129f-4e57-9a47-316523ddd986@group-B2579D47936B-LeaderElection18] INFO  server.RaftServerConfigKeys (ConfUtils.java:logGet(46)) - raft.server.write.follower.gap.ratio.max = -1.0 (default)
2023-04-10 17:22:32,320 [bfeb2be3-129f-4e57-9a47-316523ddd986@group-B2579D47936B-LeaderElection18] INFO  server.RaftServerConfigKeys (ConfUtils.java:logGet(46)) - raft.server.log.appender.snapshot.chunk.size.max = 16MB (=16777216) (default)
2023-04-10 17:22:32,320 [bfeb2be3-129f-4e57-9a47-316523ddd986@group-B2579D47936B-LeaderElection18] INFO  server.RaftServerConfigKeys (ConfUtils.java:logGet(46)) - raft.server.log.appender.buffer.byte-limit = 33554432 (custom)
2023-04-10 17:22:32,320 [bfeb2be3-129f-4e57-9a47-316523ddd986@group-B2579D47936B-LeaderElection18] INFO  server.RaftServerConfigKeys (ConfUtils.java:logGet(46)) - raft.server.log.appender.buffer.element-limit = 1 (custom)
2023-04-10 17:22:32,320 [bfeb2be3-129f-4e57-9a47-316523ddd986@group-B2579D47936B-LeaderElection18] INFO  grpc.GrpcConfigKeys (ConfUtils.java:logGet(46)) - raft.grpc.server.leader.outstanding.appends.max = 128 (default)
2023-04-10 17:22:32,320 [bfeb2be3-129f-4e57-9a47-316523ddd986@group-B2579D47936B-LeaderElection18] INFO  server.RaftServerConfigKeys (ConfUtils.java:logGet(46)) - raft.server.rpc.request.timeout = 3000ms (default)
2023-04-10 17:22:32,320 [bfeb2be3-129f-4e57-9a47-316523ddd986@group-B2579D47936B-LeaderElection18] INFO  server.RaftServerConfigKeys (ConfUtils.java:logGet(46)) - raft.server.log.appender.install.snapshot.enabled = false (custom)
2023-04-10 17:22:32,320 [bfeb2be3-129f-4e57-9a47-316523ddd986@group-B2579D47936B-LeaderElection18] INFO  grpc.GrpcConfigKeys (ConfUtils.java:logGet(46)) - raft.grpc.server.heartbeat.channel = true (default)
2023-04-10 17:22:32,320 [bfeb2be3-129f-4e57-9a47-316523ddd986@group-B2579D47936B-LeaderElection18] INFO  server.RaftServerConfigKeys (ConfUtils.java:logGet(46)) - raft.server.log.appender.wait-time.min = 10ms (default)
2023-04-10 17:22:32,323 [EventQueue-PipelineReportForPipelineReportHandler] INFO  pipeline.PipelineManagerImpl (PipelineManagerImpl.java:openPipeline(367)) - Pipeline Pipeline[ Id: a4894ffa-25dd-4ba2-bcfc-b2579d47936b, Nodes: 1df5c771-96ae-4f7f-bce1-d7659a86bf4c(fv-az201-37/10.1.0.59)813669ff-bde2-4a80-a354-dd4c167663c0(fv-az201-37/10.1.0.59)bfeb2be3-129f-4e57-9a47-316523ddd986(fv-az201-37/10.1.0.59), ReplicationConfig: RATIS/THREE, State:ALLOCATED, leaderId:bfeb2be3-129f-4e57-9a47-316523ddd986, CreationTimestamp2023-04-10T17:22:24.771Z[Etc/UTC]] moved to OPEN state
2023-04-10 17:22:32,318 [grpc-default-executor-0] INFO  impl.RoleInfo (RoleInfo.java:updateAndGet(139)) - 1df5c771-96ae-4f7f-bce1-d7659a86bf4c: start 1df5c771-96ae-4f7f-bce1-d7659a86bf4c@group-B2579D47936B-FollowerState
2023-04-10 17:22:32,324 [bfeb2be3-129f-4e57-9a47-316523ddd986@group-B2579D47936B-LeaderElection18] INFO  server.RaftServerConfigKeys (ConfUtils.java:logGet(46)) - raft.server.log.appender.snapshot.chunk.size.max = 16MB (=16777216) (default)
2023-04-10 17:22:32,324 [bfeb2be3-129f-4e57-9a47-316523ddd986@group-B2579D47936B-LeaderElection18] INFO  server.RaftServerConfigKeys (ConfUtils.java:logGet(46)) - raft.server.log.appender.buffer.byte-limit = 33554432 (custom)
2023-04-10 17:22:32,324 [bfeb2be3-129f-4e57-9a47-316523ddd986@group-B2579D47936B-LeaderElection18] INFO  server.RaftServerConfigKeys (ConfUtils.java:logGet(46)) - raft.server.log.appender.buffer.element-limit = 1 (custom)
2023-04-10 17:22:32,327 [bfeb2be3-129f-4e57-9a47-316523ddd986@group-B2579D47936B-LeaderElection18] INFO  grpc.GrpcConfigKeys (ConfUtils.java:logGet(46)) - raft.grpc.server.leader.outstanding.appends.max = 128 (default)
2023-04-10 17:22:32,327 [bfeb2be3-129f-4e57-9a47-316523ddd986@group-B2579D47936B-LeaderElection18] INFO  server.RaftServerConfigKeys (ConfUtils.java:logGet(46)) - raft.server.rpc.request.timeout = 3000ms (default)
2023-04-10 17:22:32,330 [bfeb2be3-129f-4e57-9a47-316523ddd986@group-B2579D47936B-LeaderElection18] INFO  server.RaftServerConfigKeys (ConfUtils.java:logGet(46)) - raft.server.log.appender.install.snapshot.enabled = false (custom)
2023-04-10 17:22:32,330 [bfeb2be3-129f-4e57-9a47-316523ddd986@group-B2579D47936B-LeaderElection18] INFO  grpc.GrpcConfigKeys (ConfUtils.java:logGet(46)) - raft.grpc.server.heartbeat.channel = true (default)
2023-04-10 17:22:32,330 [bfeb2be3-129f-4e57-9a47-316523ddd986@group-B2579D47936B-LeaderElection18] INFO  server.RaftServerConfigKeys (ConfUtils.java:logGet(46)) - raft.server.log.appender.wait-time.min = 10ms (default)
2023-04-10 17:22:32,331 [bfeb2be3-129f-4e57-9a47-316523ddd986@group-B2579D47936B-LeaderElection18] INFO  impl.RoleInfo (RoleInfo.java:updateAndGet(139)) - bfeb2be3-129f-4e57-9a47-316523ddd986: start bfeb2be3-129f-4e57-9a47-316523ddd986@group-B2579D47936B-LeaderStateImpl
2023-04-10 17:22:32,331 [bfeb2be3-129f-4e57-9a47-316523ddd986@group-B2579D47936B-LeaderElection18] INFO  segmented.SegmentedRaftLogWorker (SegmentedRaftLogWorker.java:startLogSegment(452)) - bfeb2be3-129f-4e57-9a47-316523ddd986@group-B2579D47936B-SegmentedRaftLogWorker: Starting segment from index:0
2023-04-10 17:22:32,330 [grpc-default-executor-0] INFO  server.RaftServer$Division (RaftServerImpl.java:requestVote(1251)) - 1df5c771-96ae-4f7f-bce1-d7659a86bf4c@group-B2579D47936B replies to ELECTION vote request: bfeb2be3-129f-4e57-9a47-316523ddd986<-1df5c771-96ae-4f7f-bce1-d7659a86bf4c#0:OK-t1. Peer's state: 1df5c771-96ae-4f7f-bce1-d7659a86bf4c@group-B2579D47936B:t1, leader=null, voted=bfeb2be3-129f-4e57-9a47-316523ddd986, raftlog=Memoized:1df5c771-96ae-4f7f-bce1-d7659a86bf4c@group-B2579D47936B-SegmentedRaftLog:OPENED:c-1, conf=-1: peers:[bfeb2be3-129f-4e57-9a47-316523ddd986|rpc:10.1.0.59:38183|dataStream:10.1.0.59:32789|priority:1|startupRole:FOLLOWER, 813669ff-bde2-4a80-a354-dd4c167663c0|rpc:10.1.0.59:46007|dataStream:10.1.0.59:43049|priority:0|startupRole:FOLLOWER, 1df5c771-96ae-4f7f-bce1-d7659a86bf4c|rpc:10.1.0.59:46485|dataStream:10.1.0.59:35669|priority:0|startupRole:FOLLOWER]|listeners:[], old=null
2023-04-10 17:22:32,331 [grpc-default-executor-3] INFO  impl.VoteContext (VoteContext.java:log(49)) - 1df5c771-96ae-4f7f-bce1-d7659a86bf4c@group-B2579D47936B-FOLLOWER: accept PRE_VOTE from bfeb2be3-129f-4e57-9a47-316523ddd986: our priority 0 <= candidate's priority 1
2023-04-10 17:22:32,331 [grpc-default-executor-3] INFO  server.RaftServer$Division (RaftServerImpl.java:requestVote(1251)) - 1df5c771-96ae-4f7f-bce1-d7659a86bf4c@group-B2579D47936B replies to PRE_VOTE vote request: bfeb2be3-129f-4e57-9a47-316523ddd986<-1df5c771-96ae-4f7f-bce1-d7659a86bf4c#0:OK-t1. Peer's state: 1df5c771-96ae-4f7f-bce1-d7659a86bf4c@group-B2579D47936B:t1, leader=null, voted=bfeb2be3-129f-4e57-9a47-316523ddd986, raftlog=Memoized:1df5c771-96ae-4f7f-bce1-d7659a86bf4c@group-B2579D47936B-SegmentedRaftLog:OPENED:c-1, conf=-1: peers:[bfeb2be3-129f-4e57-9a47-316523ddd986|rpc:10.1.0.59:38183|dataStream:10.1.0.59:32789|priority:1|startupRole:FOLLOWER, 813669ff-bde2-4a80-a354-dd4c167663c0|rpc:10.1.0.59:46007|dataStream:10.1.0.59:43049|priority:0|startupRole:FOLLOWER, 1df5c771-96ae-4f7f-bce1-d7659a86bf4c|rpc:10.1.0.59:46485|dataStream:10.1.0.59:35669|priority:0|startupRole:FOLLOWER]|listeners:[], old=null
2023-04-10 17:22:32,330 [1df5c771-96ae-4f7f-bce1-d7659a86bf4c@group-B2579D47936B-FollowerState] INFO  server.RaftServerConfigKeys (ConfUtils.java:logFallback(53)) - raft.server.rpc.first-election.timeout.min = 5s (fallback to raft.server.rpc.timeout.min)
2023-04-10 17:22:32,332 [1df5c771-96ae-4f7f-bce1-d7659a86bf4c@group-B2579D47936B-FollowerState] INFO  server.RaftServerConfigKeys (ConfUtils.java:logFallback(53)) - raft.server.rpc.first-election.timeout.max = 5200ms (fallback to raft.server.rpc.timeout.max)
2023-04-10 17:22:32,332 [bfeb2be3-129f-4e57-9a47-316523ddd986@group-B2579D47936B-SegmentedRaftLogWorker] INFO  segmented.SegmentedRaftLogWorker (SegmentedRaftLogWorker.java:execute(656)) - bfeb2be3-129f-4e57-9a47-316523ddd986@group-B2579D47936B-SegmentedRaftLogWorker: created new log segment /home/runner/work/ozone/ozone/hadoop-ozone/integration-test/target/test-dir/MiniOzoneClusterImpl-bd692c78-fb3a-4866-9e85-e2f4bd0dbf58/datanode-8/data/ratis/a4894ffa-25dd-4ba2-bcfc-b2579d47936b/current/log_inprogress_0
2023-04-10 17:22:32,347 [bfeb2be3-129f-4e57-9a47-316523ddd986@group-B2579D47936B-LeaderElection18] INFO  server.RaftServer$Division (ServerState.java:setRaftConf(430)) - bfeb2be3-129f-4e57-9a47-316523ddd986@group-B2579D47936B: set configuration 0: peers:[bfeb2be3-129f-4e57-9a47-316523ddd986|rpc:10.1.0.59:38183|dataStream:10.1.0.59:32789|priority:1|startupRole:FOLLOWER, 813669ff-bde2-4a80-a354-dd4c167663c0|rpc:10.1.0.59:46007|dataStream:10.1.0.59:43049|priority:0|startupRole:FOLLOWER, 1df5c771-96ae-4f7f-bce1-d7659a86bf4c|rpc:10.1.0.59:46485|dataStream:10.1.0.59:35669|priority:0|startupRole:FOLLOWER]|listeners:[], old=null
2023-04-10 17:22:32,356 [bfeb2be3-129f-4e57-9a47-316523ddd986@group-B2579D47936B-StateMachineUpdater] INFO  ratis.ContainerStateMachine (ContainerStateMachine.java:takeSnapshot(330)) - group-B2579D47936B: Taking a snapshot at:(t:1, i:0) file /home/runner/work/ozone/ozone/hadoop-ozone/integration-test/target/test-dir/MiniOzoneClusterImpl-bd692c78-fb3a-4866-9e85-e2f4bd0dbf58/datanode-8/data/ratis/a4894ffa-25dd-4ba2-bcfc-b2579d47936b/sm/snapshot.1_0
2023-04-10 17:22:32,356 [813669ff-bde2-4a80-a354-dd4c167663c0-server-thread1] INFO  ratis.XceiverServerRatis (XceiverServerRatis.java:handleLeaderChangedNotification(904)) - Leader change notification received for group: group-B2579D47936B with new leaderId: bfeb2be3-129f-4e57-9a47-316523ddd986
2023-04-10 17:22:32,356 [813669ff-bde2-4a80-a354-dd4c167663c0-server-thread1] INFO  server.RaftServer$Division (ServerState.java:setLeader(313)) - 813669ff-bde2-4a80-a354-dd4c167663c0@group-B2579D47936B: change Leader from null to bfeb2be3-129f-4e57-9a47-316523ddd986 at term 1 for appendEntries, leader elected after 5315ms
2023-04-10 17:22:32,357 [bfeb2be3-129f-4e57-9a47-316523ddd986@group-B2579D47936B-StateMachineUpdater] INFO  ratis.ContainerStateMachine (ContainerStateMachine.java:takeSnapshot(341)) - group-B2579D47936B: Finished taking a snapshot at:(t:1, i:0) file:/home/runner/work/ozone/ozone/hadoop-ozone/integration-test/target/test-dir/MiniOzoneClusterImpl-bd692c78-fb3a-4866-9e85-e2f4bd0dbf58/datanode-8/data/ratis/a4894ffa-25dd-4ba2-bcfc-b2579d47936b/sm/snapshot.1_0 took: 1 ms
2023-04-10 17:22:32,357 [bfeb2be3-129f-4e57-9a47-316523ddd986@group-B2579D47936B-StateMachineUpdater] INFO  impl.StateMachineUpdater (StateMachineUpdater.java:takeSnapshot(287)) - bfeb2be3-129f-4e57-9a47-316523ddd986@group-B2579D47936B-StateMachineUpdater: Took a snapshot at index 0
2023-04-10 17:22:32,357 [bfeb2be3-129f-4e57-9a47-316523ddd986@group-B2579D47936B-StateMachineUpdater] INFO  impl.StateMachineUpdater (StateMachineUpdater.java:lambda$new$0(92)) - bfeb2be3-129f-4e57-9a47-316523ddd986@group-B2579D47936B-StateMachineUpdater: snapshotIndex: updateIncreasingly -1 -> 0
2023-04-10 17:22:32,371 [813669ff-bde2-4a80-a354-dd4c167663c0-server-thread3] INFO  server.RaftServer$Division (ServerState.java:setRaftConf(430)) - 813669ff-bde2-4a80-a354-dd4c167663c0@group-B2579D47936B: set configuration 0: peers:[bfeb2be3-129f-4e57-9a47-316523ddd986|rpc:10.1.0.59:38183|dataStream:10.1.0.59:32789|priority:1|startupRole:FOLLOWER, 813669ff-bde2-4a80-a354-dd4c167663c0|rpc:10.1.0.59:46007|dataStream:10.1.0.59:43049|priority:0|startupRole:FOLLOWER, 1df5c771-96ae-4f7f-bce1-d7659a86bf4c|rpc:10.1.0.59:46485|dataStream:10.1.0.59:35669|priority:0|startupRole:FOLLOWER]|listeners:[], old=null
2023-04-10 17:22:32,371 [813669ff-bde2-4a80-a354-dd4c167663c0-server-thread3] INFO  segmented.SegmentedRaftLogWorker (SegmentedRaftLogWorker.java:startLogSegment(452)) - 813669ff-bde2-4a80-a354-dd4c167663c0@group-B2579D47936B-SegmentedRaftLogWorker: Starting segment from index:0
2023-04-10 17:22:32,373 [813669ff-bde2-4a80-a354-dd4c167663c0@group-B2579D47936B-SegmentedRaftLogWorker] INFO  segmented.SegmentedRaftLogWorker (SegmentedRaftLogWorker.java:execute(656)) - 813669ff-bde2-4a80-a354-dd4c167663c0@group-B2579D47936B-SegmentedRaftLogWorker: created new log segment /home/runner/work/ozone/ozone/hadoop-ozone/integration-test/target/test-dir/MiniOzoneClusterImpl-bd692c78-fb3a-4866-9e85-e2f4bd0dbf58/datanode-6/data/ratis/a4894ffa-25dd-4ba2-bcfc-b2579d47936b/current/log_inprogress_0
2023-04-10 17:22:32,374 [813669ff-bde2-4a80-a354-dd4c167663c0@group-B2579D47936B-StateMachineUpdater] INFO  ratis.ContainerStateMachine (ContainerStateMachine.java:takeSnapshot(330)) - group-B2579D47936B: Taking a snapshot at:(t:1, i:0) file /home/runner/work/ozone/ozone/hadoop-ozone/integration-test/target/test-dir/MiniOzoneClusterImpl-bd692c78-fb3a-4866-9e85-e2f4bd0dbf58/datanode-6/data/ratis/a4894ffa-25dd-4ba2-bcfc-b2579d47936b/sm/snapshot.1_0
2023-04-10 17:22:32,374 [813669ff-bde2-4a80-a354-dd4c167663c0@group-B2579D47936B-StateMachineUpdater] INFO  ratis.ContainerStateMachine (ContainerStateMachine.java:takeSnapshot(341)) - group-B2579D47936B: Finished taking a snapshot at:(t:1, i:0) file:/home/runner/work/ozone/ozone/hadoop-ozone/integration-test/target/test-dir/MiniOzoneClusterImpl-bd692c78-fb3a-4866-9e85-e2f4bd0dbf58/datanode-6/data/ratis/a4894ffa-25dd-4ba2-bcfc-b2579d47936b/sm/snapshot.1_0 took: 1 ms
2023-04-10 17:22:32,374 [813669ff-bde2-4a80-a354-dd4c167663c0@group-B2579D47936B-StateMachineUpdater] INFO  impl.StateMachineUpdater (StateMachineUpdater.java:takeSnapshot(287)) - 813669ff-bde2-4a80-a354-dd4c167663c0@group-B2579D47936B-StateMachineUpdater: Took a snapshot at index 0
2023-04-10 17:22:32,374 [813669ff-bde2-4a80-a354-dd4c167663c0@group-B2579D47936B-StateMachineUpdater] INFO  impl.StateMachineUpdater (StateMachineUpdater.java:lambda$new$0(92)) - 813669ff-bde2-4a80-a354-dd4c167663c0@group-B2579D47936B-StateMachineUpdater: snapshotIndex: updateIncreasingly -1 -> 0
2023-04-10 17:22:32,379 [1df5c771-96ae-4f7f-bce1-d7659a86bf4c-server-thread1] INFO  ratis.XceiverServerRatis (XceiverServerRatis.java:handleLeaderChangedNotification(904)) - Leader change notification received for group: group-B2579D47936B with new leaderId: bfeb2be3-129f-4e57-9a47-316523ddd986
2023-04-10 17:22:32,379 [1df5c771-96ae-4f7f-bce1-d7659a86bf4c-server-thread1] INFO  server.RaftServer$Division (ServerState.java:setLeader(313)) - 1df5c771-96ae-4f7f-bce1-d7659a86bf4c@group-B2579D47936B: change Leader from null to bfeb2be3-129f-4e57-9a47-316523ddd986 at term 1 for appendEntries, leader elected after 5297ms
2023-04-10 17:22:32,379 [1df5c771-96ae-4f7f-bce1-d7659a86bf4c-server-thread2] INFO  server.RaftServer$Division (ServerState.java:setRaftConf(430)) - 1df5c771-96ae-4f7f-bce1-d7659a86bf4c@group-B2579D47936B: set configuration 0: peers:[bfeb2be3-129f-4e57-9a47-316523ddd986|rpc:10.1.0.59:38183|dataStream:10.1.0.59:32789|priority:1|startupRole:FOLLOWER, 813669ff-bde2-4a80-a354-dd4c167663c0|rpc:10.1.0.59:46007|dataStream:10.1.0.59:43049|priority:0|startupRole:FOLLOWER, 1df5c771-96ae-4f7f-bce1-d7659a86bf4c|rpc:10.1.0.59:46485|dataStream:10.1.0.59:35669|priority:0|startupRole:FOLLOWER]|listeners:[], old=null
2023-04-10 17:22:32,380 [1df5c771-96ae-4f7f-bce1-d7659a86bf4c-server-thread2] INFO  segmented.SegmentedRaftLogWorker (SegmentedRaftLogWorker.java:startLogSegment(452)) - 1df5c771-96ae-4f7f-bce1-d7659a86bf4c@group-B2579D47936B-SegmentedRaftLogWorker: Starting segment from index:0
2023-04-10 17:22:32,386 [1df5c771-96ae-4f7f-bce1-d7659a86bf4c@group-B2579D47936B-SegmentedRaftLogWorker] INFO  segmented.SegmentedRaftLogWorker (SegmentedRaftLogWorker.java:execute(656)) - 1df5c771-96ae-4f7f-bce1-d7659a86bf4c@group-B2579D47936B-SegmentedRaftLogWorker: created new log segment /home/runner/work/ozone/ozone/hadoop-ozone/integration-test/target/test-dir/MiniOzoneClusterImpl-bd692c78-fb3a-4866-9e85-e2f4bd0dbf58/datanode-7/data/ratis/a4894ffa-25dd-4ba2-bcfc-b2579d47936b/current/log_inprogress_0
2023-04-10 17:22:32,387 [1df5c771-96ae-4f7f-bce1-d7659a86bf4c@group-B2579D47936B-StateMachineUpdater] INFO  ratis.ContainerStateMachine (ContainerStateMachine.java:takeSnapshot(330)) - group-B2579D47936B: Taking a snapshot at:(t:1, i:0) file /home/runner/work/ozone/ozone/hadoop-ozone/integration-test/target/test-dir/MiniOzoneClusterImpl-bd692c78-fb3a-4866-9e85-e2f4bd0dbf58/datanode-7/data/ratis/a4894ffa-25dd-4ba2-bcfc-b2579d47936b/sm/snapshot.1_0
2023-04-10 17:22:32,388 [1df5c771-96ae-4f7f-bce1-d7659a86bf4c@group-B2579D47936B-StateMachineUpdater] INFO  ratis.ContainerStateMachine (ContainerStateMachine.java:takeSnapshot(341)) - group-B2579D47936B: Finished taking a snapshot at:(t:1, i:0) file:/home/runner/work/ozone/ozone/hadoop-ozone/integration-test/target/test-dir/MiniOzoneClusterImpl-bd692c78-fb3a-4866-9e85-e2f4bd0dbf58/datanode-7/data/ratis/a4894ffa-25dd-4ba2-bcfc-b2579d47936b/sm/snapshot.1_0 took: 0 ms
2023-04-10 17:22:32,388 [1df5c771-96ae-4f7f-bce1-d7659a86bf4c@group-B2579D47936B-StateMachineUpdater] INFO  impl.StateMachineUpdater (StateMachineUpdater.java:takeSnapshot(287)) - 1df5c771-96ae-4f7f-bce1-d7659a86bf4c@group-B2579D47936B-StateMachineUpdater: Took a snapshot at index 0
2023-04-10 17:22:32,388 [1df5c771-96ae-4f7f-bce1-d7659a86bf4c@group-B2579D47936B-StateMachineUpdater] INFO  impl.StateMachineUpdater (StateMachineUpdater.java:lambda$new$0(92)) - 1df5c771-96ae-4f7f-bce1-d7659a86bf4c@group-B2579D47936B-StateMachineUpdater: snapshotIndex: updateIncreasingly -1 -> 0
2023-04-10 17:22:32,398 [1df5c771-96ae-4f7f-bce1-d7659a86bf4c@group-291B74A055E4-FollowerState] INFO  impl.FollowerState (FollowerState.java:run(143)) - 1df5c771-96ae-4f7f-bce1-d7659a86bf4c@group-291B74A055E4-FollowerState: change to CANDIDATE, lastRpcElapsedTime:5084792931ns, electionTimeout:5082ms
2023-04-10 17:22:32,398 [1df5c771-96ae-4f7f-bce1-d7659a86bf4c@group-291B74A055E4-FollowerState] INFO  impl.RoleInfo (RoleInfo.java:shutdownFollowerState(110)) - 1df5c771-96ae-4f7f-bce1-d7659a86bf4c: shutdown 1df5c771-96ae-4f7f-bce1-d7659a86bf4c@group-291B74A055E4-FollowerState
2023-04-10 17:22:32,398 [1df5c771-96ae-4f7f-bce1-d7659a86bf4c@group-291B74A055E4-FollowerState] INFO  server.RaftServer$Division (RaftServerImpl.java:setRole(321)) - 1df5c771-96ae-4f7f-bce1-d7659a86bf4c@group-291B74A055E4: changes role from  FOLLOWER to CANDIDATE at term 0 for changeToCandidate
2023-04-10 17:22:32,398 [1df5c771-96ae-4f7f-bce1-d7659a86bf4c@group-291B74A055E4-FollowerState] INFO  server.RaftServerConfigKeys (ConfUtils.java:logGet(46)) - raft.server.leaderelection.pre-vote = true (default)
2023-04-10 17:22:32,398 [1df5c771-96ae-4f7f-bce1-d7659a86bf4c@group-291B74A055E4-FollowerState] INFO  impl.RoleInfo (RoleInfo.java:updateAndGet(139)) - 1df5c771-96ae-4f7f-bce1-d7659a86bf4c: start 1df5c771-96ae-4f7f-bce1-d7659a86bf4c@group-291B74A055E4-LeaderElection19
2023-04-10 17:22:32,404 [1df5c771-96ae-4f7f-bce1-d7659a86bf4c@group-291B74A055E4-LeaderElection19] INFO  impl.LeaderElection (LeaderElection.java:askForVotes(312)) - 1df5c771-96ae-4f7f-bce1-d7659a86bf4c@group-291B74A055E4-LeaderElection19 PRE_VOTE round 0: submit vote requests at term 0 for -1: peers:[1df5c771-96ae-4f7f-bce1-d7659a86bf4c|rpc:10.1.0.59:46485|dataStream:10.1.0.59:35669|priority:1|startupRole:FOLLOWER]|listeners:[], old=null
2023-04-10 17:22:32,404 [1df5c771-96ae-4f7f-bce1-d7659a86bf4c@group-291B74A055E4-LeaderElection19] INFO  impl.LeaderElection (LeaderElection.java:askForVotes(314)) - 1df5c771-96ae-4f7f-bce1-d7659a86bf4c@group-291B74A055E4-LeaderElection19 PRE_VOTE round 0: result PASSED (term=0)
2023-04-10 17:22:32,406 [1df5c771-96ae-4f7f-bce1-d7659a86bf4c@group-291B74A055E4-LeaderElection19] INFO  impl.LeaderElection (LeaderElection.java:askForVotes(312)) - 1df5c771-96ae-4f7f-bce1-d7659a86bf4c@group-291B74A055E4-LeaderElection19 ELECTION round 0: submit vote requests at term 1 for -1: peers:[1df5c771-96ae-4f7f-bce1-d7659a86bf4c|rpc:10.1.0.59:46485|dataStream:10.1.0.59:35669|priority:1|startupRole:FOLLOWER]|listeners:[], old=null
2023-04-10 17:22:32,406 [1df5c771-96ae-4f7f-bce1-d7659a86bf4c@group-291B74A055E4-LeaderElection19] INFO  impl.LeaderElection (LeaderElection.java:askForVotes(314)) - 1df5c771-96ae-4f7f-bce1-d7659a86bf4c@group-291B74A055E4-LeaderElection19 ELECTION round 0: result PASSED (term=1)
2023-04-10 17:22:32,406 [1df5c771-96ae-4f7f-bce1-d7659a86bf4c@group-291B74A055E4-LeaderElection19] INFO  impl.RoleInfo (RoleInfo.java:shutdownLeaderElection(130)) - 1df5c771-96ae-4f7f-bce1-d7659a86bf4c: shutdown 1df5c771-96ae-4f7f-bce1-d7659a86bf4c@group-291B74A055E4-LeaderElection19
2023-04-10 17:22:32,406 [1df5c771-96ae-4f7f-bce1-d7659a86bf4c@group-291B74A055E4-LeaderElection19] INFO  server.RaftServer$Division (RaftServerImpl.java:setRole(321)) - 1df5c771-96ae-4f7f-bce1-d7659a86bf4c@group-291B74A055E4: changes role from CANDIDATE to LEADER at term 1 for changeToLeader
2023-04-10 17:22:32,406 [1df5c771-96ae-4f7f-bce1-d7659a86bf4c@group-291B74A055E4-LeaderElection19] INFO  ratis.XceiverServerRatis (XceiverServerRatis.java:handleLeaderChangedNotification(904)) - Leader change notification received for group: group-291B74A055E4 with new leaderId: 1df5c771-96ae-4f7f-bce1-d7659a86bf4c
2023-04-10 17:22:32,414 [1df5c771-96ae-4f7f-bce1-d7659a86bf4c@group-291B74A055E4-LeaderElection19] INFO  server.RaftServer$Division (ServerState.java:setLeader(313)) - 1df5c771-96ae-4f7f-bce1-d7659a86bf4c@group-291B74A055E4: change Leader from null to 1df5c771-96ae-4f7f-bce1-d7659a86bf4c at term 1 for becomeLeader, leader elected after 5107ms
2023-04-10 17:22:32,414 [1df5c771-96ae-4f7f-bce1-d7659a86bf4c@group-291B74A055E4-LeaderElection19] INFO  server.RaftServerConfigKeys (ConfUtils.java:logGet(46)) - raft.server.staging.catchup.gap = 1000 (default)
2023-04-10 17:22:32,415 [1df5c771-96ae-4f7f-bce1-d7659a86bf4c@group-291B74A055E4-LeaderElection19] INFO  server.RaftServerConfigKeys (ConfUtils.java:logGet(46)) - raft.server.write.element-limit = 1024 (custom)
2023-04-10 17:22:32,415 [1df5c771-96ae-4f7f-bce1-d7659a86bf4c@group-291B74A055E4-LeaderElection19] INFO  server.RaftServerConfigKeys (ConfUtils.java:logGet(46)) - raft.server.write.byte-limit = 1024 M (=1073741824) (custom)
2023-04-10 17:22:32,416 [1df5c771-96ae-4f7f-bce1-d7659a86bf4c@group-291B74A055E4-LeaderElection19] INFO  server.RaftServerConfigKeys (ConfUtils.java:logGet(46)) - raft.server.watch.timeout = 10000ms (default)
2023-04-10 17:22:32,416 [1df5c771-96ae-4f7f-bce1-d7659a86bf4c@group-291B74A055E4-LeaderElection19] INFO  server.RaftServerConfigKeys (ConfUtils.java:logGet(46)) - raft.server.watch.timeout.denomination = 1s (default)
2023-04-10 17:22:32,416 [1df5c771-96ae-4f7f-bce1-d7659a86bf4c@group-291B74A055E4-LeaderElection19] INFO  server.RaftServerConfigKeys (ConfUtils.java:logGet(46)) - raft.server.watch.element-limit = 65536 (default)
2023-04-10 17:22:32,416 [1df5c771-96ae-4f7f-bce1-d7659a86bf4c@group-291B74A055E4-LeaderElection19] INFO  server.RaftServerConfigKeys (ConfUtils.java:logGet(46)) - raft.server.write.element-limit = 1024 (custom)
2023-04-10 17:22:32,416 [1df5c771-96ae-4f7f-bce1-d7659a86bf4c@group-291B74A055E4-LeaderElection19] INFO  server.RaftServerConfigKeys (ConfUtils.java:logGet(46)) - raft.server.write.follower.gap.ratio.max = -1.0 (default)
2023-04-10 17:22:32,416 [1df5c771-96ae-4f7f-bce1-d7659a86bf4c@group-291B74A055E4-LeaderElection19] INFO  impl.RoleInfo (RoleInfo.java:updateAndGet(139)) - 1df5c771-96ae-4f7f-bce1-d7659a86bf4c: start 1df5c771-96ae-4f7f-bce1-d7659a86bf4c@group-291B74A055E4-LeaderStateImpl
2023-04-10 17:22:32,418 [1df5c771-96ae-4f7f-bce1-d7659a86bf4c@group-291B74A055E4-LeaderElection19] INFO  segmented.SegmentedRaftLogWorker (SegmentedRaftLogWorker.java:startLogSegment(452)) - 1df5c771-96ae-4f7f-bce1-d7659a86bf4c@group-291B74A055E4-SegmentedRaftLogWorker: Starting segment from index:0
2023-04-10 17:22:32,419 [1df5c771-96ae-4f7f-bce1-d7659a86bf4c@group-291B74A055E4-SegmentedRaftLogWorker] INFO  segmented.SegmentedRaftLogWorker (SegmentedRaftLogWorker.java:execute(656)) - 1df5c771-96ae-4f7f-bce1-d7659a86bf4c@group-291B74A055E4-SegmentedRaftLogWorker: created new log segment /home/runner/work/ozone/ozone/hadoop-ozone/integration-test/target/test-dir/MiniOzoneClusterImpl-bd692c78-fb3a-4866-9e85-e2f4bd0dbf58/datanode-7/data/ratis/ba4377cb-9ad2-475a-962d-291b74a055e4/current/log_inprogress_0
2023-04-10 17:22:32,423 [1df5c771-96ae-4f7f-bce1-d7659a86bf4c@group-291B74A055E4-LeaderElection19] INFO  server.RaftServer$Division (ServerState.java:setRaftConf(430)) - 1df5c771-96ae-4f7f-bce1-d7659a86bf4c@group-291B74A055E4: set configuration 0: peers:[1df5c771-96ae-4f7f-bce1-d7659a86bf4c|rpc:10.1.0.59:46485|dataStream:10.1.0.59:35669|priority:1|startupRole:FOLLOWER]|listeners:[], old=null
2023-04-10 17:22:32,424 [1df5c771-96ae-4f7f-bce1-d7659a86bf4c@group-291B74A055E4-StateMachineUpdater] INFO  ratis.ContainerStateMachine (ContainerStateMachine.java:takeSnapshot(330)) - group-291B74A055E4: Taking a snapshot at:(t:1, i:0) file /home/runner/work/ozone/ozone/hadoop-ozone/integration-test/target/test-dir/MiniOzoneClusterImpl-bd692c78-fb3a-4866-9e85-e2f4bd0dbf58/datanode-7/data/ratis/ba4377cb-9ad2-475a-962d-291b74a055e4/sm/snapshot.1_0
2023-04-10 17:22:32,425 [1df5c771-96ae-4f7f-bce1-d7659a86bf4c@group-291B74A055E4-StateMachineUpdater] INFO  ratis.ContainerStateMachine (ContainerStateMachine.java:takeSnapshot(341)) - group-291B74A055E4: Finished taking a snapshot at:(t:1, i:0) file:/home/runner/work/ozone/ozone/hadoop-ozone/integration-test/target/test-dir/MiniOzoneClusterImpl-bd692c78-fb3a-4866-9e85-e2f4bd0dbf58/datanode-7/data/ratis/ba4377cb-9ad2-475a-962d-291b74a055e4/sm/snapshot.1_0 took: 0 ms
2023-04-10 17:22:32,425 [1df5c771-96ae-4f7f-bce1-d7659a86bf4c@group-291B74A055E4-StateMachineUpdater] INFO  impl.StateMachineUpdater (StateMachineUpdater.java:takeSnapshot(287)) - 1df5c771-96ae-4f7f-bce1-d7659a86bf4c@group-291B74A055E4-StateMachineUpdater: Took a snapshot at index 0
2023-04-10 17:22:32,425 [1df5c771-96ae-4f7f-bce1-d7659a86bf4c@group-291B74A055E4-StateMachineUpdater] INFO  impl.StateMachineUpdater (StateMachineUpdater.java:lambda$new$0(92)) - 1df5c771-96ae-4f7f-bce1-d7659a86bf4c@group-291B74A055E4-StateMachineUpdater: snapshotIndex: updateIncreasingly -1 -> 0
2023-04-10 17:22:32,527 [FixedThreadPoolWithAffinityExecutor-0-0] WARN  container.IncrementalContainerReportHandler (AbstractContainerReportHandler.java:updateContainerState(259)) - Container #1 is in OPEN state, but the datanode 5409a7e1-30d0-4745-ac51-a822fb81fdf2(fv-az201-37/10.1.0.59) reports an CLOSING replica.
2023-04-10 17:22:32,529 [ContainerOp-55f4da44-67ed-45b6-9748-ab45ef1d04e8-4] INFO  keyvalue.KeyValueContainer (KeyValueContainer.java:flushAndSyncDB(446)) - Container 1 is synced with bcsId 6.
2023-04-10 17:22:32,529 [ContainerOp-55f4da44-67ed-45b6-9748-ab45ef1d04e8-4] INFO  keyvalue.KeyValueContainer (KeyValueContainer.java:flushAndSyncDB(446)) - Container 1 is synced with bcsId 6.
2023-04-10 17:22:32,531 [ContainerOp-55f4da44-67ed-45b6-9748-ab45ef1d04e8-4] INFO  keyvalue.KeyValueContainer (KeyValueContainer.java:close(361)) - Container 1 is closed with bcsId 6.
2023-04-10 17:22:32,546 [Listener at 127.0.0.1/35635] INFO  ratis.ContainerStateMachine (ContainerStateMachine.java:takeSnapshot(330)) - group-AB45EF1D04E8: Taking a snapshot at:(t:1, i:7) file /home/runner/work/ozone/ozone/hadoop-ozone/integration-test/target/test-dir/MiniOzoneClusterImpl-bd692c78-fb3a-4866-9e85-e2f4bd0dbf58/datanode-3/data/ratis/55f4da44-67ed-45b6-9748-ab45ef1d04e8/sm/snapshot.1_7
2023-04-10 17:22:32,547 [5409a7e1-30d0-4745-ac51-a822fb81fdf2@group-AB45EF1D04E8-StateMachineUpdater] INFO  ratis.ContainerStateMachine (ContainerStateMachine.java:takeSnapshot(330)) - group-AB45EF1D04E8: Taking a snapshot at:(t:1, i:7) file /home/runner/work/ozone/ozone/hadoop-ozone/integration-test/target/test-dir/MiniOzoneClusterImpl-bd692c78-fb3a-4866-9e85-e2f4bd0dbf58/datanode-3/data/ratis/55f4da44-67ed-45b6-9748-ab45ef1d04e8/sm/snapshot.1_7
2023-04-10 17:22:32,548 [FixedThreadPoolWithAffinityExecutor-0-0] WARN  container.IncrementalContainerReportHandler (AbstractContainerReportHandler.java:updateContainerState(259)) - Container #1 is in OPEN state, but the datanode 5409a7e1-30d0-4745-ac51-a822fb81fdf2(fv-az201-37/10.1.0.59) reports an CLOSED replica.
2023-04-10 17:22:32,548 [Listener at 127.0.0.1/35635] INFO  ratis.ContainerStateMachine (ContainerStateMachine.java:takeSnapshot(341)) - group-AB45EF1D04E8: Finished taking a snapshot at:(t:1, i:7) file:/home/runner/work/ozone/ozone/hadoop-ozone/integration-test/target/test-dir/MiniOzoneClusterImpl-bd692c78-fb3a-4866-9e85-e2f4bd0dbf58/datanode-3/data/ratis/55f4da44-67ed-45b6-9748-ab45ef1d04e8/sm/snapshot.1_7 took: 3 ms
2023-04-10 17:22:32,550 [5409a7e1-30d0-4745-ac51-a822fb81fdf2@group-AB45EF1D04E8-StateMachineUpdater] INFO  ratis.ContainerStateMachine (ContainerStateMachine.java:takeSnapshot(341)) - group-AB45EF1D04E8: Finished taking a snapshot at:(t:1, i:7) file:/home/runner/work/ozone/ozone/hadoop-ozone/integration-test/target/test-dir/MiniOzoneClusterImpl-bd692c78-fb3a-4866-9e85-e2f4bd0dbf58/datanode-3/data/ratis/55f4da44-67ed-45b6-9748-ab45ef1d04e8/sm/snapshot.1_7 took: 2 ms
2023-04-10 17:22:32,550 [5409a7e1-30d0-4745-ac51-a822fb81fdf2@group-AB45EF1D04E8-StateMachineUpdater] INFO  impl.StateMachineUpdater (StateMachineUpdater.java:takeSnapshot(287)) - 5409a7e1-30d0-4745-ac51-a822fb81fdf2@group-AB45EF1D04E8-StateMachineUpdater: Took a snapshot at index 7
2023-04-10 17:22:32,550 [5409a7e1-30d0-4745-ac51-a822fb81fdf2@group-AB45EF1D04E8-StateMachineUpdater] INFO  impl.StateMachineUpdater (StateMachineUpdater.java:lambda$new$0(92)) - 5409a7e1-30d0-4745-ac51-a822fb81fdf2@group-AB45EF1D04E8-StateMachineUpdater: snapshotIndex: updateIncreasingly 5 -> 7
]]></system-out>
    <rerunFailure type="java.lang.AssertionError">
      <stackTrace><![CDATA[java.lang.AssertionError
	at org.junit.Assert.fail(Assert.java:87)
	at org.junit.Assert.assertTrue(Assert.java:42)
	at org.junit.Assert.assertFalse(Assert.java:65)
	at org.junit.Assert.assertFalse(Assert.java:75)
	at org.apache.hadoop.ozone.client.rpc.TestContainerStateMachineFailures.testApplyTransactionIdempotencyWithClosedContainer(TestContainerStateMachineFailures.java:545)
	at sun.reflect.NativeMethodAccessorImpl.invoke0(Native Method)
	at sun.reflect.NativeMethodAccessorImpl.invoke(NativeMethodAccessorImpl.java:62)
	at sun.reflect.DelegatingMethodAccessorImpl.invoke(DelegatingMethodAccessorImpl.java:43)
	at java.lang.reflect.Method.invoke(Method.java:498)
	at org.junit.platform.commons.util.ReflectionUtils.invokeMethod(ReflectionUtils.java:725)
	at org.junit.jupiter.engine.execution.MethodInvocation.proceed(MethodInvocation.java:60)
	at org.junit.jupiter.engine.execution.InvocationInterceptorChain$ValidatingInvocation.proceed(InvocationInterceptorChain.java:131)
	at org.junit.jupiter.engine.extension.TimeoutExtension.intercept(TimeoutExtension.java:149)
	at org.junit.jupiter.engine.extension.TimeoutExtension.interceptTestableMethod(TimeoutExtension.java:140)
	at org.junit.jupiter.engine.extension.TimeoutExtension.interceptTestMethod(TimeoutExtension.java:84)
	at org.junit.jupiter.engine.execution.ExecutableInvoker$ReflectiveInterceptorCall.lambda$ofVoidMethod$0(ExecutableInvoker.java:115)
	at org.junit.jupiter.engine.execution.ExecutableInvoker.lambda$invoke$0(ExecutableInvoker.java:105)
	at org.junit.jupiter.engine.execution.InvocationInterceptorChain$InterceptedInvocation.proceed(InvocationInterceptorChain.java:106)
	at org.junit.jupiter.engine.execution.InvocationInterceptorChain.proceed(InvocationInterceptorChain.java:64)
	at org.junit.jupiter.engine.execution.InvocationInterceptorChain.chainAndInvoke(InvocationInterceptorChain.java:45)
	at org.junit.jupiter.engine.execution.InvocationInterceptorChain.invoke(InvocationInterceptorChain.java:37)
	at org.junit.jupiter.engine.execution.ExecutableInvoker.invoke(ExecutableInvoker.java:104)
	at org.junit.jupiter.engine.execution.ExecutableInvoker.invoke(ExecutableInvoker.java:98)
	at org.junit.jupiter.engine.descriptor.TestMethodTestDescriptor.lambda$invokeTestMethod$7(TestMethodTestDescriptor.java:214)
	at org.junit.platform.engine.support.hierarchical.ThrowableCollector.execute(ThrowableCollector.java:73)
	at org.junit.jupiter.engine.descriptor.TestMethodTestDescriptor.invokeTestMethod(TestMethodTestDescriptor.java:210)
	at org.junit.jupiter.engine.descriptor.TestMethodTestDescriptor.execute(TestMethodTestDescriptor.java:135)
	at org.junit.jupiter.engine.descriptor.TestMethodTestDescriptor.execute(TestMethodTestDescriptor.java:66)
	at org.junit.platform.engine.support.hierarchical.NodeTestTask.lambda$executeRecursively$6(NodeTestTask.java:151)
	at org.junit.platform.engine.support.hierarchical.ThrowableCollector.execute(ThrowableCollector.java:73)
	at org.junit.platform.engine.support.hierarchical.NodeTestTask.lambda$executeRecursively$8(NodeTestTask.java:141)
	at org.junit.platform.engine.support.hierarchical.Node.around(Node.java:137)
	at org.junit.platform.engine.support.hierarchical.NodeTestTask.lambda$executeRecursively$9(NodeTestTask.java:139)
	at org.junit.platform.engine.support.hierarchical.ThrowableCollector.execute(ThrowableCollector.java:73)
	at org.junit.platform.engine.support.hierarchical.NodeTestTask.executeRecursively(NodeTestTask.java:138)
	at org.junit.platform.engine.support.hierarchical.NodeTestTask.execute(NodeTestTask.java:95)
	at java.util.ArrayList.forEach(ArrayList.java:1259)
	at org.junit.platform.engine.support.hierarchical.SameThreadHierarchicalTestExecutorService.invokeAll(SameThreadHierarchicalTestExecutorService.java:41)
	at org.junit.platform.engine.support.hierarchical.NodeTestTask.lambda$executeRecursively$6(NodeTestTask.java:155)
	at org.junit.platform.engine.support.hierarchical.ThrowableCollector.execute(ThrowableCollector.java:73)
	at org.junit.platform.engine.support.hierarchical.NodeTestTask.lambda$executeRecursively$8(NodeTestTask.java:141)
	at org.junit.platform.engine.support.hierarchical.Node.around(Node.java:137)
	at org.junit.platform.engine.support.hierarchical.NodeTestTask.lambda$executeRecursively$9(NodeTestTask.java:139)
	at org.junit.platform.engine.support.hierarchical.ThrowableCollector.execute(ThrowableCollector.java:73)
	at org.junit.platform.engine.support.hierarchical.NodeTestTask.executeRecursively(NodeTestTask.java:138)
	at org.junit.platform.engine.support.hierarchical.NodeTestTask.execute(NodeTestTask.java:95)
	at java.util.ArrayList.forEach(ArrayList.java:1259)
	at org.junit.platform.engine.support.hierarchical.SameThreadHierarchicalTestExecutorService.invokeAll(SameThreadHierarchicalTestExecutorService.java:41)
	at org.junit.platform.engine.support.hierarchical.NodeTestTask.lambda$executeRecursively$6(NodeTestTask.java:155)
	at org.junit.platform.engine.support.hierarchical.ThrowableCollector.execute(ThrowableCollector.java:73)
	at org.junit.platform.engine.support.hierarchical.NodeTestTask.lambda$executeRecursively$8(NodeTestTask.java:141)
	at org.junit.platform.engine.support.hierarchical.Node.around(Node.java:137)
	at org.junit.platform.engine.support.hierarchical.NodeTestTask.lambda$executeRecursively$9(NodeTestTask.java:139)
	at org.junit.platform.engine.support.hierarchical.ThrowableCollector.execute(ThrowableCollector.java:73)
	at org.junit.platform.engine.support.hierarchical.NodeTestTask.executeRecursively(NodeTestTask.java:138)
	at org.junit.platform.engine.support.hierarchical.NodeTestTask.execute(NodeTestTask.java:95)
	at org.junit.platform.engine.support.hierarchical.SameThreadHierarchicalTestExecutorService.submit(SameThreadHierarchicalTestExecutorService.java:35)
	at org.junit.platform.engine.support.hierarchical.HierarchicalTestExecutor.execute(HierarchicalTestExecutor.java:57)
	at org.junit.platform.engine.support.hierarchical.HierarchicalTestEngine.execute(HierarchicalTestEngine.java:54)
	at org.junit.platform.launcher.core.EngineExecutionOrchestrator.execute(EngineExecutionOrchestrator.java:107)
	at org.junit.platform.launcher.core.EngineExecutionOrchestrator.execute(EngineExecutionOrchestrator.java:88)
	at org.junit.platform.launcher.core.EngineExecutionOrchestrator.lambda$execute$0(EngineExecutionOrchestrator.java:54)
	at org.junit.platform.launcher.core.EngineExecutionOrchestrator.withInterceptedStreams(EngineExecutionOrchestrator.java:67)
	at org.junit.platform.launcher.core.EngineExecutionOrchestrator.execute(EngineExecutionOrchestrator.java:52)
	at org.junit.platform.launcher.core.DefaultLauncher.execute(DefaultLauncher.java:114)
	at org.junit.platform.launcher.core.DefaultLauncher.execute(DefaultLauncher.java:86)
	at org.junit.platform.launcher.core.DefaultLauncherSession$DelegatingLauncher.execute(DefaultLauncherSession.java:86)
	at org.junit.platform.launcher.core.SessionPerRequestLauncher.execute(SessionPerRequestLauncher.java:53)
	at org.apache.maven.surefire.junitplatform.JUnitPlatformProvider.invokeAllTests(JUnitPlatformProvider.java:165)
	at org.apache.maven.surefire.junitplatform.JUnitPlatformProvider.invoke(JUnitPlatformProvider.java:124)
	at org.apache.maven.surefire.booter.ForkedBooter.runSuitesInProcess(ForkedBooter.java:428)
	at org.apache.maven.surefire.booter.ForkedBooter.execute(ForkedBooter.java:162)
	at org.apache.maven.surefire.booter.ForkedBooter.run(ForkedBooter.java:562)
	at org.apache.maven.surefire.booter.ForkedBooter.main(ForkedBooter.java:548)
]]></stackTrace>
      <system-out><![CDATA[